LUA_PATH=/home/mdcallag/git/mytools/bench/sysbench.lua/lua/?.lua /home/mdcallag/git/mytools/bench/sysbench.lua/lua/sysbench --db-driver=pgsql --range-size=100 --table-size=10000000 --tables=8 --threads=40 --events=0 --warmup-time=5 --time=630 --pgsql_conn_id=true /home/mdcallag/git/mytools/bench/sysbench.lua/lua/oltp_range_covered.lua run --pgsql-user=root --pgsql-password=pw --pgsql-host=127.0.0.1 --pgsql-db=ib --rand-type=uniform --random-points=100 --skip-trx --on-id=false --covered=false
48 CPUs
sysbench 1.1.0-9072687 (using bundled LuaJIT 2.1.0-beta3)

Running the test with following options:
Number of threads: 40
Warmup time: 5s
Initializing random number generator from current time


Initializing worker threads...

explain: for range-notcovered :: explain SELECT k, c FROM sbtest%d WHERE k BETWEEN 3327603 AND 3327703
explain: for range-notcovered :: explain SELECT k, c FROM sbtest%d WHERE k BETWEEN 7471480 AND 7471580
explain: for range-notcovered :: explain SELECT k, c FROM sbtest%d WHERE k BETWEEN 1861807 AND 1861907
explain: for range-notcovered :: explain SELECT k, c FROM sbtest%d WHERE k BETWEEN 666505 AND 666605
explain: for range-notcovered :: explain SELECT k, c FROM sbtest%d WHERE k BETWEEN 2294768 AND 2294868
explain: for range-notcovered :: explain SELECT k, c FROM sbtest%d WHERE k BETWEEN 4707696 AND 4707796
for range-notcovered
table 1 : explain SELECT k, c FROM sbtest1 WHERE k BETWEEN 1861807 AND 1861907
	Bitmap Heap Scan on sbtest1  (cost=5.59..452.36 rows=113 width=125)
	  Recheck Cond: ((k >= 1861807) AND (k <= 1861907))
	  ->  Bitmap Index Scan on k_1  (cost=0.00..5.56 rows=113 width=0)
	        Index Cond: ((k >= 1861807) AND (k <= 1861907))

table 2 : explain SELECT k, c FROM sbtest2 WHERE k BETWEEN 1861807 AND 1861907
	Bitmap Heap Scan on sbtest2  (cost=5.46..401.19 rows=100 width=125)
	  Recheck Cond: ((k >= 1861807) AND (k <= 1861907))
	  ->  Bitmap Index Scan on k_2  (cost=0.00..5.43 rows=100 width=0)
	        Index Cond: ((k >= 1861807) AND (k <= 1861907))

table 3 : explain SELECT k, c FROM sbtest3 WHERE k BETWEEN 1861807 AND 1861907
	Bitmap Heap Scan on sbtest3  (cost=5.43..389.37 rows=97 width=125)
	  Recheck Cond: ((k >= 1861807) AND (k <= 1861907))
	  ->  Bitmap Index Scan on k_3  (cost=0.00..5.40 rows=97 width=0)
	        Index Cond: ((k >= 1861807) AND (k <= 1861907))

table 4 : explain SELECT k, c FROM sbtest4 WHERE k BETWEEN 1861807 AND 1861907
	Bitmap Heap Scan on sbtest4  (cost=5.49..413.00 rows=103 width=125)
	  Recheck Cond: ((k >= 1861807) AND (k <= 1861907))
	  ->  Bitmap Index Scan on k_4  (cost=0.00..5.46 rows=103 width=0)
	        Index Cond: ((k >= 1861807) AND (k <= 1861907))

table 5 : explain SELECT k, c FROM sbtest5 WHERE k BETWEEN 1861807 AND 1861907
	Bitmap Heap Scan on sbtest5  (cost=5.41..381.49 rows=95 width=125)
	  Recheck Cond: ((k >= 1861807) AND (k <= 1861907))
	  ->  Bitmap Index Scan on k_5  (cost=0.00..5.38 rows=95 width=0)
	        Index Cond: ((k >= 1861807) AND (k <= 1861907))

table 6 : explain SELECT k, c FROM sbtest6 WHERE k BETWEEN 1861807 AND 1861907
	Bitmap Heap Scan on sbtest6  (cost=5.44..393.31 rows=98 width=125)
	  Recheck Cond: ((k >= 1861807) AND (k <= 1861907))
	  ->  Bitmap Index Scan on k_6  (cost=0.00..5.42 rows=98 width=0)
	        Index Cond: ((k >= 1861807) AND (k <= 1861907))

table 7 : explain SELECT k, c FROM sbtest7 WHERE k BETWEEN 1861807 AND 1861907
	Bitmap Heap Scan on sbtest7  (cost=5.53..428.75 rows=107 width=125)
	  Recheck Cond: ((k >= 1861807) AND (k <= 1861907))
	  ->  Bitmap Index Scan on k_7  (cost=0.00..5.50 rows=107 width=0)
	        Index Cond: ((k >= 1861807) AND (k <= 1861907))

table 8 : explain SELECT k, c FROM sbtest8 WHERE k BETWEEN 1861807 AND 1861907
	Bitmap Heap Scan on sbtest8  (cost=5.42..385.43 rows=96 width=125)
	  Recheck Cond: ((k >= 1861807) AND (k <= 1861907))
	  ->  Bitmap Index Scan on k_8  (cost=0.00..5.39 rows=96 width=0)
	        Index Cond: ((k >= 1861807) AND (k <= 1861907))

for range-notcovered
table 1 : explain SELECT k, c FROM sbtest1 WHERE k BETWEEN 3327603 AND 3327703
	Bitmap Heap Scan on sbtest1  (cost=5.51..420.88 rows=105 width=125)
	  Recheck Cond: ((k >= 3327603) AND (k <= 3327703))
	  ->  Bitmap Index Scan on k_1  (cost=0.00..5.48 rows=105 width=0)
	        Index Cond: ((k >= 3327603) AND (k <= 3327703))

table 2 : explain SELECT k, c FROM sbtest2 WHERE k BETWEEN 3327603 AND 3327703
	Bitmap Heap Scan on sbtest2  (cost=5.55..436.62 rows=109 width=125)
	  Recheck Cond: ((k >= 3327603) AND (k <= 3327703))
	  ->  Bitmap Index Scan on k_2  (cost=0.00..5.52 rows=109 width=0)
	        Index Cond: ((k >= 3327603) AND (k <= 3327703))

table 3 : explain SELECT k, c FROM sbtest3 WHERE k BETWEEN 3327603 AND 3327703
	Bitmap Heap Scan on sbtest3  (cost=5.48..409.07 rows=102 width=125)
	  Recheck Cond: ((k >= 3327603) AND (k <= 3327703))
	  ->  Bitmap Index Scan on k_3  (cost=0.00..5.45 rows=102 width=0)
	        Index Cond: ((k >= 3327603) AND (k <= 3327703))

table 4 : explain SELECT k, c FROM sbtest4 WHERE k BETWEEN 3327603 AND 3327703
	Bitmap Heap Scan on sbtest4  (cost=5.61..460.22 rows=115 width=125)
	  Recheck Cond: ((k >= 3327603) AND (k <= 3327703))
	  ->  Bitmap Index Scan on k_4  (cost=0.00..5.58 rows=115 width=0)
	        Index Cond: ((k >= 3327603) AND (k <= 3327703))

table 5 : explain SELECT k, c FROM sbtest5 WHERE k BETWEEN 3327603 AND 3327703
	Bitmap Heap Scan on sbtest5  (cost=5.42..385.43 rows=96 width=125)
	  Recheck Cond: ((k >= 3327603) AND (k <= 3327703))
	  ->  Bitmap Index Scan on k_5  (cost=0.00..5.39 rows=96 width=0)
	        Index Cond: ((k >= 3327603) AND (k <= 3327703))

table 6 : explain SELECT k, c FROM sbtest6 WHERE k BETWEEN 3327603 AND 3327703
	Bitmap Heap Scan on sbtest6  (cost=5.49..413.00 rows=103 width=125)
	  Recheck Cond: ((k >= 3327603) AND (k <= 3327703))
	  ->  Bitmap Index Scan on k_6  (cost=0.00..5.46 rows=103 width=0)
	        Index Cond: ((k >= 3327603) AND (k <= 3327703))

table 7 : explain SELECT k, c FROM sbtest7 WHERE k BETWEEN 3327603 AND 3327703
	Bitmap Heap Scan on sbtest7  (cost=5.48..409.07 rows=102 width=125)
	  Recheck Cond: ((k >= 3327603) AND (k <= 3327703))
	  ->  Bitmap Index Scan on k_7  (cost=0.00..5.45 rows=102 width=0)
	        Index Cond: ((k >= 3327603) AND (k <= 3327703))

table 8 : explain SELECT k, c FROM sbtest8 WHERE k BETWEEN 3327603 AND 3327703
	Bitmap Heap Scan on sbtest8  (cost=5.50..416.94 rows=104 width=125)
	  Recheck Cond: ((k >= 3327603) AND (k <= 3327703))
	  ->  Bitmap Index Scan on k_8  (cost=0.00..5.47 rows=104 width=0)
	        Index Cond: ((k >= 3327603) AND (k <= 3327703))

explain: for range-notcovered :: explain SELECT k, c FROM sbtest%d WHERE k BETWEEN 3327603 AND 3327703
for range-notcovered
table 1 : explain SELECT k, c FROM sbtest1 WHERE k BETWEEN 7471480 AND 7471580
	Bitmap Heap Scan on sbtest1  (cost=5.37..365.72 rows=91 width=125)
	  Recheck Cond: ((k >= 7471480) AND (k <= 7471580))
	  ->  Bitmap Index Scan on k_1  (cost=0.00..5.34 rows=91 width=0)
	        Index Cond: ((k >= 7471480) AND (k <= 7471580))

table 2 : explain SELECT k, c FROM sbtest2 WHERE k BETWEEN 7471480 AND 7471580
	Bitmap Heap Scan on sbtest2  (cost=5.46..401.19 rows=100 width=125)
	  Recheck Cond: ((k >= 7471480) AND (k <= 7471580))
	  ->  Bitmap Index Scan on k_2  (cost=0.00..5.43 rows=100 width=0)
	        Index Cond: ((k >= 7471480) AND (k <= 7471580))

table 3 : explain SELECT k, c FROM sbtest3 WHERE k BETWEEN 7471480 AND 7471580
	Bitmap Heap Scan on sbtest3  (cost=5.52..424.81 rows=106 width=125)
	  Recheck Cond: ((k >= 7471480) AND (k <= 7471580))
	  ->  Bitmap Index Scan on k_3  (cost=0.00..5.50 rows=106 width=0)
	        Index Cond: ((k >= 7471480) AND (k <= 7471580))

table 4 : explain SELECT k, c FROM sbtest4 WHERE k BETWEEN 7471480 AND 7471580
	Bitmap Heap Scan on sbtest4  (cost=5.39..373.61 rows=93 width=125)
	  Recheck Cond: ((k >= 7471480) AND (k <= 7471580))
	  ->  Bitmap Index Scan on k_4  (cost=0.00..5.36 rows=93 width=0)
	        Index Cond: ((k >= 7471480) AND (k <= 7471580))

table 5 : explain SELECT k, c FROM sbtest5 WHERE k BETWEEN 7471480 AND 7471580
	Bitmap Heap Scan on sbtest5  (cost=5.50..416.94 rows=104 width=125)
	  Recheck Cond: ((k >= 7471480) AND (k <= 7471580))
	  ->  Bitmap Index Scan on k_5  (cost=0.00..5.47 rows=104 width=0)
	        Index Cond: ((k >= 7471480) AND (k <= 7471580))

table 6 : explain SELECT k, c FROM sbtest6 WHERE k BETWEEN 7471480 AND 7471580
	Bitmap Heap Scan on sbtest6  (cost=5.49..413.00 rows=103 width=125)
	  Recheck Cond: ((k >= 7471480) AND (k <= 7471580))
	  ->  Bitmap Index Scan on k_6  (cost=0.00..5.46 rows=103 width=0)
	        Index Cond: ((k >= 7471480) AND (k <= 7471580))

table 7 : explain SELECT k, c FROM sbtest7 WHERE k BETWEEN 7471480 AND 7471580
	Bitmap Heap Scan on sbtest7  (cost=5.53..428.75 rows=107 width=125)
	  Recheck Cond: ((k >= 7471480) AND (k <= 7471580))
	  ->  Bitmap Index Scan on k_7  (cost=0.00..5.50 rows=107 width=0)
	        Index Cond: ((k >= 7471480) AND (k <= 7471580))

table 8 : explain SELECT k, c FROM sbtest8 WHERE k BETWEEN 7471480 AND 7471580
	Bitmap Heap Scan on sbtest8  (cost=5.56..440.56 rows=110 width=125)
	  Recheck Cond: ((k >= 7471480) AND (k <= 7471580))
	  ->  Bitmap Index Scan on k_8  (cost=0.00..5.53 rows=110 width=0)
	        Index Cond: ((k >= 7471480) AND (k <= 7471580))

explain: for range-notcovered :: explain SELECT k, c FROM sbtest%d WHERE k BETWEEN 7471480 AND 7471580
explain: for range-notcovered :: explain SELECT k, c FROM sbtest%d WHERE k BETWEEN 1861807 AND 1861907
for range-notcovered
table 1 : explain SELECT k, c FROM sbtest1 WHERE k BETWEEN 3327603 AND 3327703
	Bitmap Heap Scan on sbtest1  (cost=5.51..420.88 rows=105 width=125)
	  Recheck Cond: ((k >= 3327603) AND (k <= 3327703))
	  ->  Bitmap Index Scan on k_1  (cost=0.00..5.48 rows=105 width=0)
	        Index Cond: ((k >= 3327603) AND (k <= 3327703))

table 2 : explain SELECT k, c FROM sbtest2 WHERE k BETWEEN 3327603 AND 3327703
	Bitmap Heap Scan on sbtest2  (cost=5.55..436.62 rows=109 width=125)
	  Recheck Cond: ((k >= 3327603) AND (k <= 3327703))
	  ->  Bitmap Index Scan on k_2  (cost=0.00..5.52 rows=109 width=0)
	        Index Cond: ((k >= 3327603) AND (k <= 3327703))

table 3 : explain SELECT k, c FROM sbtest3 WHERE k BETWEEN 3327603 AND 3327703
	Bitmap Heap Scan on sbtest3  (cost=5.48..409.07 rows=102 width=125)
	  Recheck Cond: ((k >= 3327603) AND (k <= 3327703))
	  ->  Bitmap Index Scan on k_3  (cost=0.00..5.45 rows=102 width=0)
	        Index Cond: ((k >= 3327603) AND (k <= 3327703))

table 4 : explain SELECT k, c FROM sbtest4 WHERE k BETWEEN 3327603 AND 3327703
	Bitmap Heap Scan on sbtest4  (cost=5.61..460.22 rows=115 width=125)
	  Recheck Cond: ((k >= 3327603) AND (k <= 3327703))
	  ->  Bitmap Index Scan on k_4  (cost=0.00..5.58 rows=115 width=0)
	        Index Cond: ((k >= 3327603) AND (k <= 3327703))

table 5 : explain SELECT k, c FROM sbtest5 WHERE k BETWEEN 3327603 AND 3327703
	Bitmap Heap Scan on sbtest5  (cost=5.42..385.43 rows=96 width=125)
	  Recheck Cond: ((k >= 3327603) AND (k <= 3327703))
	  ->  Bitmap Index Scan on k_5  (cost=0.00..5.39 rows=96 width=0)
	        Index Cond: ((k >= 3327603) AND (k <= 3327703))

table 6 : explain SELECT k, c FROM sbtest6 WHERE k BETWEEN 3327603 AND 3327703
	Bitmap Heap Scan on sbtest6  (cost=5.49..413.00 rows=103 width=125)
	  Recheck Cond: ((k >= 3327603) AND (k <= 3327703))
	  ->  Bitmap Index Scan on k_6  (cost=0.00..5.46 rows=103 width=0)
	        Index Cond: ((k >= 3327603) AND (k <= 3327703))

table 7 : explain SELECT k, c FROM sbtest7 WHERE k BETWEEN 3327603 AND 3327703
	Bitmap Heap Scan on sbtest7  (cost=5.48..409.07 rows=102 width=125)
	  Recheck Cond: ((k >= 3327603) AND (k <= 3327703))
	  ->  Bitmap Index Scan on k_7  (cost=0.00..5.45 rows=102 width=0)
	        Index Cond: ((k >= 3327603) AND (k <= 3327703))

table 8 : explain SELECT k, c FROM sbtest8 WHERE k BETWEEN 3327603 AND 3327703
	Bitmap Heap Scan on sbtest8  (cost=5.50..416.94 rows=104 width=125)
	  Recheck Cond: ((k >= 3327603) AND (k <= 3327703))
	  ->  Bitmap Index Scan on k_8  (cost=0.00..5.47 rows=104 width=0)
	        Index Cond: ((k >= 3327603) AND (k <= 3327703))

explain: for range-notcovered :: explain SELECT k, c FROM sbtest%d WHERE k BETWEEN 3327603 AND 3327703
explain: for range-notcovered :: explain SELECT k, c FROM sbtest%d WHERE k BETWEEN 2261001 AND 2261101
for range-notcovered
table 1 : explain SELECT k, c FROM sbtest1 WHERE k BETWEEN 1861807 AND 1861907
	Bitmap Heap Scan on sbtest1  (cost=5.59..452.36 rows=113 width=125)
	  Recheck Cond: ((k >= 1861807) AND (k <= 1861907))
	  ->  Bitmap Index Scan on k_1  (cost=0.00..5.56 rows=113 width=0)
	        Index Cond: ((k >= 1861807) AND (k <= 1861907))

table 2 : explain SELECT k, c FROM sbtest2 WHERE k BETWEEN 1861807 AND 1861907
	Bitmap Heap Scan on sbtest2  (cost=5.46..401.19 rows=100 width=125)
	  Recheck Cond: ((k >= 1861807) AND (k <= 1861907))
	  ->  Bitmap Index Scan on k_2  (cost=0.00..5.43 rows=100 width=0)
	        Index Cond: ((k >= 1861807) AND (k <= 1861907))

table 3 : explain SELECT k, c FROM sbtest3 WHERE k BETWEEN 1861807 AND 1861907
	Bitmap Heap Scan on sbtest3  (cost=5.43..389.37 rows=97 width=125)
	  Recheck Cond: ((k >= 1861807) AND (k <= 1861907))
	  ->  Bitmap Index Scan on k_3  (cost=0.00..5.40 rows=97 width=0)
	        Index Cond: ((k >= 1861807) AND (k <= 1861907))

table 4 : explain SELECT k, c FROM sbtest4 WHERE k BETWEEN 1861807 AND 1861907
	Bitmap Heap Scan on sbtest4  (cost=5.49..413.00 rows=103 width=125)
	  Recheck Cond: ((k >= 1861807) AND (k <= 1861907))
	  ->  Bitmap Index Scan on k_4  (cost=0.00..5.46 rows=103 width=0)
	        Index Cond: ((k >= 1861807) AND (k <= 1861907))

table 5 : explain SELECT k, c FROM sbtest5 WHERE k BETWEEN 1861807 AND 1861907
	Bitmap Heap Scan on sbtest5  (cost=5.41..381.49 rows=95 width=125)
	  Recheck Cond: ((k >= 1861807) AND (k <= 1861907))
	  ->  Bitmap Index Scan on k_5  (cost=0.00..5.38 rows=95 width=0)
	        Index Cond: ((k >= 1861807) AND (k <= 1861907))

table 6 : explain SELECT k, c FROM sbtest6 WHERE k BETWEEN 1861807 AND 1861907
	Bitmap Heap Scan on sbtest6  (cost=5.44..393.31 rows=98 width=125)
	  Recheck Cond: ((k >= 1861807) AND (k <= 1861907))
	  ->  Bitmap Index Scan on k_6  (cost=0.00..5.42 rows=98 width=0)
	        Index Cond: ((k >= 1861807) AND (k <= 1861907))

table 7 : explain SELECT k, c FROM sbtest7 WHERE k BETWEEN 1861807 AND 1861907
	Bitmap Heap Scan on sbtest7  (cost=5.53..428.75 rows=107 width=125)
	  Recheck Cond: ((k >= 1861807) AND (k <= 1861907))
	  ->  Bitmap Index Scan on k_7  (cost=0.00..5.50 rows=107 width=0)
	        Index Cond: ((k >= 1861807) AND (k <= 1861907))

table 8 : explain SELECT k, c FROM sbtest8 WHERE k BETWEEN 1861807 AND 1861907
	Bitmap Heap Scan on sbtest8  (cost=5.42..385.43 rows=96 width=125)
	  Recheck Cond: ((k >= 1861807) AND (k <= 1861907))
	  ->  Bitmap Index Scan on k_8  (cost=0.00..5.39 rows=96 width=0)
	        Index Cond: ((k >= 1861807) AND (k <= 1861907))

explain: for range-notcovered :: explain SELECT k, c FROM sbtest%d WHERE k BETWEEN 1861807 AND 1861907
for range-notcovered
table 1 : explain SELECT k, c FROM sbtest1 WHERE k BETWEEN 7471480 AND 7471580
	Bitmap Heap Scan on sbtest1  (cost=5.37..365.72 rows=91 width=125)
	  Recheck Cond: ((k >= 7471480) AND (k <= 7471580))
	  ->  Bitmap Index Scan on k_1  (cost=0.00..5.34 rows=91 width=0)
	        Index Cond: ((k >= 7471480) AND (k <= 7471580))

table 2 : explain SELECT k, c FROM sbtest2 WHERE k BETWEEN 7471480 AND 7471580
	Bitmap Heap Scan on sbtest2  (cost=5.46..401.19 rows=100 width=125)
	  Recheck Cond: ((k >= 7471480) AND (k <= 7471580))
	  ->  Bitmap Index Scan on k_2  (cost=0.00..5.43 rows=100 width=0)
	        Index Cond: ((k >= 7471480) AND (k <= 7471580))

table 3 : explain SELECT k, c FROM sbtest3 WHERE k BETWEEN 7471480 AND 7471580
	Bitmap Heap Scan on sbtest3  (cost=5.52..424.81 rows=106 width=125)
	  Recheck Cond: ((k >= 7471480) AND (k <= 7471580))
	  ->  Bitmap Index Scan on k_3  (cost=0.00..5.50 rows=106 width=0)
	        Index Cond: ((k >= 7471480) AND (k <= 7471580))

table 4 : explain SELECT k, c FROM sbtest4 WHERE k BETWEEN 7471480 AND 7471580
	Bitmap Heap Scan on sbtest4  (cost=5.39..373.61 rows=93 width=125)
	  Recheck Cond: ((k >= 7471480) AND (k <= 7471580))
	  ->  Bitmap Index Scan on k_4  (cost=0.00..5.36 rows=93 width=0)
	        Index Cond: ((k >= 7471480) AND (k <= 7471580))

table 5 : explain SELECT k, c FROM sbtest5 WHERE k BETWEEN 7471480 AND 7471580
	Bitmap Heap Scan on sbtest5  (cost=5.50..416.94 rows=104 width=125)
	  Recheck Cond: ((k >= 7471480) AND (k <= 7471580))
	  ->  Bitmap Index Scan on k_5  (cost=0.00..5.47 rows=104 width=0)
	        Index Cond: ((k >= 7471480) AND (k <= 7471580))

table 6 : explain SELECT k, c FROM sbtest6 WHERE k BETWEEN 7471480 AND 7471580
	Bitmap Heap Scan on sbtest6  (cost=5.49..413.00 rows=103 width=125)
	  Recheck Cond: ((k >= 7471480) AND (k <= 7471580))
	  ->  Bitmap Index Scan on k_6  (cost=0.00..5.46 rows=103 width=0)
	        Index Cond: ((k >= 7471480) AND (k <= 7471580))

table 7 : explain SELECT k, c FROM sbtest7 WHERE k BETWEEN 7471480 AND 7471580
	Bitmap Heap Scan on sbtest7  (cost=5.53..428.75 rows=107 width=125)
	  Recheck Cond: ((k >= 7471480) AND (k <= 7471580))
	  ->  Bitmap Index Scan on k_7  (cost=0.00..5.50 rows=107 width=0)
	        Index Cond: ((k >= 7471480) AND (k <= 7471580))

table 8 : explain SELECT k, c FROM sbtest8 WHERE k BETWEEN 7471480 AND 7471580
	Bitmap Heap Scan on sbtest8  (cost=5.56..440.56 rows=110 width=125)
	  Recheck Cond: ((k >= 7471480) AND (k <= 7471580))
	  ->  Bitmap Index Scan on k_8  (cost=0.00..5.53 rows=110 width=0)
	        Index Cond: ((k >= 7471480) AND (k <= 7471580))

explain: for range-notcovered :: explain SELECT k, c FROM sbtest%d WHERE k BETWEEN 7471480 AND 7471580
for range-notcovered
table 1 : explain SELECT k, c FROM sbtest1 WHERE k BETWEEN 4707696 AND 4707796
	Bitmap Heap Scan on sbtest1  (cost=5.52..424.81 rows=106 width=125)
	  Recheck Cond: ((k >= 4707696) AND (k <= 4707796))
	  ->  Bitmap Index Scan on k_1  (cost=0.00..5.50 rows=106 width=0)
	        Index Cond: ((k >= 4707696) AND (k <= 4707796))

table 2 : explain SELECT k, c FROM sbtest2 WHERE k BETWEEN 4707696 AND 4707796
	Bitmap Heap Scan on sbtest2  (cost=5.45..397.25 rows=99 width=125)
	  Recheck Cond: ((k >= 4707696) AND (k <= 4707796))
	  ->  Bitmap Index Scan on k_2  (cost=0.00..5.42 rows=99 width=0)
	        Index Cond: ((k >= 4707696) AND (k <= 4707796))

table 3 : explain SELECT k, c FROM sbtest3 WHERE k BETWEEN 4707696 AND 4707796
	Bitmap Heap Scan on sbtest3  (cost=5.35..357.84 rows=89 width=125)
	  Recheck Cond: ((k >= 4707696) AND (k <= 4707796))
	  ->  Bitmap Index Scan on k_3  (cost=0.00..5.32 rows=89 width=0)
	        Index Cond: ((k >= 4707696) AND (k <= 4707796))

table 4 : explain SELECT k, c FROM sbtest4 WHERE k BETWEEN 4707696 AND 4707796
	Bitmap Heap Scan on sbtest4  (cost=5.43..389.37 rows=97 width=125)
	  Recheck Cond: ((k >= 4707696) AND (k <= 4707796))
	  ->  Bitmap Index Scan on k_4  (cost=0.00..5.40 rows=97 width=0)
	        Index Cond: ((k >= 4707696) AND (k <= 4707796))

table 5 : explain SELECT k, c FROM sbtest5 WHERE k BETWEEN 4707696 AND 4707796
	Bitmap Heap Scan on sbtest5  (cost=5.51..420.88 rows=105 width=125)
	  Recheck Cond: ((k >= 4707696) AND (k <= 4707796))
	  ->  Bitmap Index Scan on k_5  (cost=0.00..5.48 rows=105 width=0)
	        Index Cond: ((k >= 4707696) AND (k <= 4707796))

table 6 : explain SELECT k, c FROM sbtest6 WHERE k BETWEEN 4707696 AND 4707796
	Bitmap Heap Scan on sbtest6  (cost=5.48..409.07 rows=102 width=125)
	  Recheck Cond: ((k >= 4707696) AND (k <= 4707796))
	  ->  Bitmap Index Scan on k_6  (cost=0.00..5.45 rows=102 width=0)
	        Index Cond: ((k >= 4707696) AND (k <= 4707796))

table 7 : explain SELECT k, c FROM sbtest7 WHERE k BETWEEN 4707696 AND 4707796
	Bitmap Heap Scan on sbtest7  (cost=5.43..389.37 rows=97 width=125)
	  Recheck Cond: ((k >= 4707696) AND (k <= 4707796))
	  ->  Bitmap Index Scan on k_7  (cost=0.00..5.40 rows=97 width=0)
	        Index Cond: ((k >= 4707696) AND (k <= 4707796))

table 8 : explain SELECT k, c FROM sbtest8 WHERE k BETWEEN 4707696 AND 4707796
	Bitmap Heap Scan on sbtest8  (cost=5.51..420.88 rows=105 width=125)
	  Recheck Cond: ((k >= 4707696) AND (k <= 4707796))
	  ->  Bitmap Index Scan on k_8  (cost=0.00..5.48 rows=105 width=0)
	        Index Cond: ((k >= 4707696) AND (k <= 4707796))

explain: for range-notcovered :: explain SELECT k, c FROM sbtest%d WHERE k BETWEEN 4707696 AND 4707796
for range-notcovered
table 1 : explain SELECT k, c FROM sbtest1 WHERE k BETWEEN 2294768 AND 2294868
	Bitmap Heap Scan on sbtest1  (cost=5.45..397.25 rows=99 width=125)
	  Recheck Cond: ((k >= 2294768) AND (k <= 2294868))
	  ->  Bitmap Index Scan on k_1  (cost=0.00..5.42 rows=99 width=0)
	        Index Cond: ((k >= 2294768) AND (k <= 2294868))

table 2 : explain SELECT k, c FROM sbtest2 WHERE k BETWEEN 2294768 AND 2294868
	Bitmap Heap Scan on sbtest2  (cost=5.51..420.88 rows=105 width=125)
	  Recheck Cond: ((k >= 2294768) AND (k <= 2294868))
	  ->  Bitmap Index Scan on k_2  (cost=0.00..5.48 rows=105 width=0)
	        Index Cond: ((k >= 2294768) AND (k <= 2294868))

table 3 : explain SELECT k, c FROM sbtest3 WHERE k BETWEEN 2294768 AND 2294868
	Bitmap Heap Scan on sbtest3  (cost=5.46..401.19 rows=100 width=125)
	  Recheck Cond: ((k >= 2294768) AND (k <= 2294868))
	  ->  Bitmap Index Scan on k_3  (cost=0.00..5.43 rows=100 width=0)
	        Index Cond: ((k >= 2294768) AND (k <= 2294868))

table 4 : explain SELECT k, c FROM sbtest4 WHERE k BETWEEN 2294768 AND 2294868
	Bitmap Heap Scan on sbtest4  (cost=5.51..420.88 rows=105 width=125)
	  Recheck Cond: ((k >= 2294768) AND (k <= 2294868))
	  ->  Bitmap Index Scan on k_4  (cost=0.00..5.48 rows=105 width=0)
	        Index Cond: ((k >= 2294768) AND (k <= 2294868))

table 5 : explain SELECT k, c FROM sbtest5 WHERE k BETWEEN 2294768 AND 2294868
	Bitmap Heap Scan on sbtest5  (cost=5.54..432.69 rows=108 width=125)
	  Recheck Cond: ((k >= 2294768) AND (k <= 2294868))
	  ->  Bitmap Index Scan on k_5  (cost=0.00..5.51 rows=108 width=0)
	        Index Cond: ((k >= 2294768) AND (k <= 2294868))

table 6 : explain SELECT k, c FROM sbtest6 WHERE k BETWEEN 2294768 AND 2294868
	Bitmap Heap Scan on sbtest6  (cost=5.43..389.37 rows=97 width=125)
	  Recheck Cond: ((k >= 2294768) AND (k <= 2294868))
	  ->  Bitmap Index Scan on k_6  (cost=0.00..5.40 rows=97 width=0)
	        Index Cond: ((k >= 2294768) AND (k <= 2294868))

table 7 : explain SELECT k, c FROM sbtest7 WHERE k BETWEEN 2294768 AND 2294868
	Bitmap Heap Scan on sbtest7  (cost=5.39..373.61 rows=93 width=125)
	  Recheck Cond: ((k >= 2294768) AND (k <= 2294868))
	  ->  Bitmap Index Scan on k_7  (cost=0.00..5.36 rows=93 width=0)
	        Index Cond: ((k >= 2294768) AND (k <= 2294868))

table 8 : explain SELECT k, c FROM sbtest8 WHERE k BETWEEN 2294768 AND 2294868
	Bitmap Heap Scan on sbtest8  (cost=5.43..389.37 rows=97 width=125)
	  Recheck Cond: ((k >= 2294768) AND (k <= 2294868))
	  ->  Bitmap Index Scan on k_8  (cost=0.00..5.40 rows=97 width=0)
	        Index Cond: ((k >= 2294768) AND (k <= 2294868))

for range-notcovered
table 1 : explain SELECT k, c FROM sbtest1 WHERE k BETWEEN 3327603 AND 3327703
	Bitmap Heap Scan on sbtest1  (cost=5.51..420.88 rows=105 width=125)
	  Recheck Cond: ((k >= 3327603) AND (k <= 3327703))
	  ->  Bitmap Index Scan on k_1  (cost=0.00..5.48 rows=105 width=0)
	        Index Cond: ((k >= 3327603) AND (k <= 3327703))

table 2 : explain SELECT k, c FROM sbtest2 WHERE k BETWEEN 3327603 AND 3327703
	Bitmap Heap Scan on sbtest2  (cost=5.55..436.62 rows=109 width=125)
	  Recheck Cond: ((k >= 3327603) AND (k <= 3327703))
	  ->  Bitmap Index Scan on k_2  (cost=0.00..5.52 rows=109 width=0)
	        Index Cond: ((k >= 3327603) AND (k <= 3327703))

table 3 : explain SELECT k, c FROM sbtest3 WHERE k BETWEEN 3327603 AND 3327703
	Bitmap Heap Scan on sbtest3  (cost=5.48..409.07 rows=102 width=125)
	  Recheck Cond: ((k >= 3327603) AND (k <= 3327703))
	  ->  Bitmap Index Scan on k_3  (cost=0.00..5.45 rows=102 width=0)
	        Index Cond: ((k >= 3327603) AND (k <= 3327703))

table 4 : explain SELECT k, c FROM sbtest4 WHERE k BETWEEN 3327603 AND 3327703
	Bitmap Heap Scan on sbtest4  (cost=5.61..460.22 rows=115 width=125)
	  Recheck Cond: ((k >= 3327603) AND (k <= 3327703))
	  ->  Bitmap Index Scan on k_4  (cost=0.00..5.58 rows=115 width=0)
	        Index Cond: ((k >= 3327603) AND (k <= 3327703))

table 5 : explain SELECT k, c FROM sbtest5 WHERE k BETWEEN 3327603 AND 3327703
	Bitmap Heap Scan on sbtest5  (cost=5.42..385.43 rows=96 width=125)
	  Recheck Cond: ((k >= 3327603) AND (k <= 3327703))
	  ->  Bitmap Index Scan on k_5  (cost=0.00..5.39 rows=96 width=0)
	        Index Cond: ((k >= 3327603) AND (k <= 3327703))

table 6 : explain SELECT k, c FROM sbtest6 WHERE k BETWEEN 3327603 AND 3327703
	Bitmap Heap Scan on sbtest6  (cost=5.49..413.00 rows=103 width=125)
	  Recheck Cond: ((k >= 3327603) AND (k <= 3327703))
	  ->  Bitmap Index Scan on k_6  (cost=0.00..5.46 rows=103 width=0)
	        Index Cond: ((k >= 3327603) AND (k <= 3327703))

table 7 : explain SELECT k, c FROM sbtest7 WHERE k BETWEEN 3327603 AND 3327703
	Bitmap Heap Scan on sbtest7  (cost=5.48..409.07 rows=102 width=125)
	  Recheck Cond: ((k >= 3327603) AND (k <= 3327703))
	  ->  Bitmap Index Scan on k_7  (cost=0.00..5.45 rows=102 width=0)
	        Index Cond: ((k >= 3327603) AND (k <= 3327703))

table 8 : explain SELECT k, c FROM sbtest8 WHERE k BETWEEN 3327603 AND 3327703
	Bitmap Heap Scan on sbtest8  (cost=5.50..416.94 rows=104 width=125)
	  Recheck Cond: ((k >= 3327603) AND (k <= 3327703))
	  ->  Bitmap Index Scan on k_8  (cost=0.00..5.47 rows=104 width=0)
	        Index Cond: ((k >= 3327603) AND (k <= 3327703))

explain: for range-notcovered :: explain SELECT k, c FROM sbtest%d WHERE k BETWEEN 2294768 AND 2294868
explain: for range-notcovered :: explain SELECT k, c FROM sbtest%d WHERE k BETWEEN 3327603 AND 3327703
for range-notcovered
table 1 : explain SELECT k, c FROM sbtest1 WHERE k BETWEEN 666505 AND 666605
	Bitmap Heap Scan on sbtest1  (cost=5.45..397.25 rows=99 width=125)
	  Recheck Cond: ((k >= 666505) AND (k <= 666605))
	  ->  Bitmap Index Scan on k_1  (cost=0.00..5.42 rows=99 width=0)
	        Index Cond: ((k >= 666505) AND (k <= 666605))

table 2 : explain SELECT k, c FROM sbtest2 WHERE k BETWEEN 666505 AND 666605
	Bitmap Heap Scan on sbtest2  (cost=5.45..397.25 rows=99 width=125)
	  Recheck Cond: ((k >= 666505) AND (k <= 666605))
	  ->  Bitmap Index Scan on k_2  (cost=0.00..5.42 rows=99 width=0)
	        Index Cond: ((k >= 666505) AND (k <= 666605))

table 3 : explain SELECT k, c FROM sbtest3 WHERE k BETWEEN 666505 AND 666605
	Bitmap Heap Scan on sbtest3  (cost=5.53..428.75 rows=107 width=125)
	  Recheck Cond: ((k >= 666505) AND (k <= 666605))
	  ->  Bitmap Index Scan on k_3  (cost=0.00..5.50 rows=107 width=0)
	        Index Cond: ((k >= 666505) AND (k <= 666605))

table 4 : explain SELECT k, c FROM sbtest4 WHERE k BETWEEN 666505 AND 666605
	Bitmap Heap Scan on sbtest4  (cost=5.49..413.00 rows=103 width=125)
	  Recheck Cond: ((k >= 666505) AND (k <= 666605))
	  ->  Bitmap Index Scan on k_4  (cost=0.00..5.46 rows=103 width=0)
	        Index Cond: ((k >= 666505) AND (k <= 666605))

table 5 : explain SELECT k, c FROM sbtest5 WHERE k BETWEEN 666505 AND 666605
	Bitmap Heap Scan on sbtest5  (cost=5.55..436.62 rows=109 width=125)
	  Recheck Cond: ((k >= 666505) AND (k <= 666605))
	  ->  Bitmap Index Scan on k_5  (cost=0.00..5.52 rows=109 width=0)
	        Index Cond: ((k >= 666505) AND (k <= 666605))

table 6 : explain SELECT k, c FROM sbtest6 WHERE k BETWEEN 666505 AND 666605
	Bitmap Heap Scan on sbtest6  (cost=5.57..444.49 rows=111 width=125)
	  Recheck Cond: ((k >= 666505) AND (k <= 666605))
	  ->  Bitmap Index Scan on k_6  (cost=0.00..5.54 rows=111 width=0)
	        Index Cond: ((k >= 666505) AND (k <= 666605))

table 7 : explain SELECT k, c FROM sbtest7 WHERE k BETWEEN 666505 AND 666605
	Bitmap Heap Scan on sbtest7  (cost=5.43..389.37 rows=97 width=125)
	  Recheck Cond: ((k >= 666505) AND (k <= 666605))
	  ->  Bitmap Index Scan on k_7  (cost=0.00..5.40 rows=97 width=0)
	        Index Cond: ((k >= 666505) AND (k <= 666605))

table 8 : explain SELECT k, c FROM sbtest8 WHERE k BETWEEN 666505 AND 666605
	Bitmap Heap Scan on sbtest8  (cost=5.52..424.81 rows=106 width=125)
	  Recheck Cond: ((k >= 666505) AND (k <= 666605))
	  ->  Bitmap Index Scan on k_8  (cost=0.00..5.50 rows=106 width=0)
	        Index Cond: ((k >= 666505) AND (k <= 666605))

explain: for range-notcovered :: explain SELECT k, c FROM sbtest%d WHERE k BETWEEN 666505 AND 666605
for range-notcovered
table 1 : explain SELECT k, c FROM sbtest1 WHERE k BETWEEN 7471480 AND 7471580
	Bitmap Heap Scan on sbtest1  (cost=5.37..365.72 rows=91 width=125)
	  Recheck Cond: ((k >= 7471480) AND (k <= 7471580))
	  ->  Bitmap Index Scan on k_1  (cost=0.00..5.34 rows=91 width=0)
	        Index Cond: ((k >= 7471480) AND (k <= 7471580))

table 2 : explain SELECT k, c FROM sbtest2 WHERE k BETWEEN 7471480 AND 7471580
	Bitmap Heap Scan on sbtest2  (cost=5.46..401.19 rows=100 width=125)
	  Recheck Cond: ((k >= 7471480) AND (k <= 7471580))
	  ->  Bitmap Index Scan on k_2  (cost=0.00..5.43 rows=100 width=0)
	        Index Cond: ((k >= 7471480) AND (k <= 7471580))

table 3 : explain SELECT k, c FROM sbtest3 WHERE k BETWEEN 7471480 AND 7471580
	Bitmap Heap Scan on sbtest3  (cost=5.52..424.81 rows=106 width=125)
	  Recheck Cond: ((k >= 7471480) AND (k <= 7471580))
	  ->  Bitmap Index Scan on k_3  (cost=0.00..5.50 rows=106 width=0)
	        Index Cond: ((k >= 7471480) AND (k <= 7471580))

table 4 : explain SELECT k, c FROM sbtest4 WHERE k BETWEEN 7471480 AND 7471580
	Bitmap Heap Scan on sbtest4  (cost=5.39..373.61 rows=93 width=125)
	  Recheck Cond: ((k >= 7471480) AND (k <= 7471580))
	  ->  Bitmap Index Scan on k_4  (cost=0.00..5.36 rows=93 width=0)
	        Index Cond: ((k >= 7471480) AND (k <= 7471580))

table 5 : explain SELECT k, c FROM sbtest5 WHERE k BETWEEN 7471480 AND 7471580
	Bitmap Heap Scan on sbtest5  (cost=5.50..416.94 rows=104 width=125)
	  Recheck Cond: ((k >= 7471480) AND (k <= 7471580))
	  ->  Bitmap Index Scan on k_5  (cost=0.00..5.47 rows=104 width=0)
	        Index Cond: ((k >= 7471480) AND (k <= 7471580))

table 6 : explain SELECT k, c FROM sbtest6 WHERE k BETWEEN 7471480 AND 7471580
	Bitmap Heap Scan on sbtest6  (cost=5.49..413.00 rows=103 width=125)
	  Recheck Cond: ((k >= 7471480) AND (k <= 7471580))
	  ->  Bitmap Index Scan on k_6  (cost=0.00..5.46 rows=103 width=0)
	        Index Cond: ((k >= 7471480) AND (k <= 7471580))

table 7 : explain SELECT k, c FROM sbtest7 WHERE k BETWEEN 7471480 AND 7471580
	Bitmap Heap Scan on sbtest7  (cost=5.53..428.75 rows=107 width=125)
	  Recheck Cond: ((k >= 7471480) AND (k <= 7471580))
	  ->  Bitmap Index Scan on k_7  (cost=0.00..5.50 rows=107 width=0)
	        Index Cond: ((k >= 7471480) AND (k <= 7471580))

table 8 : explain SELECT k, c FROM sbtest8 WHERE k BETWEEN 7471480 AND 7471580
	Bitmap Heap Scan on sbtest8  (cost=5.56..440.56 rows=110 width=125)
	  Recheck Cond: ((k >= 7471480) AND (k <= 7471580))
	  ->  Bitmap Index Scan on k_8  (cost=0.00..5.53 rows=110 width=0)
	        Index Cond: ((k >= 7471480) AND (k <= 7471580))

explain: for range-notcovered :: explain SELECT k, c FROM sbtest%d WHERE k BETWEEN 7471480 AND 7471580
for range-notcovered
table 1 : explain SELECT k, c FROM sbtest1 WHERE k BETWEEN 4707696 AND 4707796
	Bitmap Heap Scan on sbtest1  (cost=5.52..424.81 rows=106 width=125)
	  Recheck Cond: ((k >= 4707696) AND (k <= 4707796))
	  ->  Bitmap Index Scan on k_1  (cost=0.00..5.50 rows=106 width=0)
	        Index Cond: ((k >= 4707696) AND (k <= 4707796))

table 2 : explain SELECT k, c FROM sbtest2 WHERE k BETWEEN 4707696 AND 4707796
	Bitmap Heap Scan on sbtest2  (cost=5.45..397.25 rows=99 width=125)
	  Recheck Cond: ((k >= 4707696) AND (k <= 4707796))
	  ->  Bitmap Index Scan on k_2  (cost=0.00..5.42 rows=99 width=0)
	        Index Cond: ((k >= 4707696) AND (k <= 4707796))

table 3 : explain SELECT k, c FROM sbtest3 WHERE k BETWEEN 4707696 AND 4707796
	Bitmap Heap Scan on sbtest3  (cost=5.35..357.84 rows=89 width=125)
	  Recheck Cond: ((k >= 4707696) AND (k <= 4707796))
	  ->  Bitmap Index Scan on k_3  (cost=0.00..5.32 rows=89 width=0)
	        Index Cond: ((k >= 4707696) AND (k <= 4707796))

table 4 : explain SELECT k, c FROM sbtest4 WHERE k BETWEEN 4707696 AND 4707796
	Bitmap Heap Scan on sbtest4  (cost=5.43..389.37 rows=97 width=125)
	  Recheck Cond: ((k >= 4707696) AND (k <= 4707796))
	  ->  Bitmap Index Scan on k_4  (cost=0.00..5.40 rows=97 width=0)
	        Index Cond: ((k >= 4707696) AND (k <= 4707796))

table 5 : explain SELECT k, c FROM sbtest5 WHERE k BETWEEN 4707696 AND 4707796
	Bitmap Heap Scan on sbtest5  (cost=5.51..420.88 rows=105 width=125)
	  Recheck Cond: ((k >= 4707696) AND (k <= 4707796))
	  ->  Bitmap Index Scan on k_5  (cost=0.00..5.48 rows=105 width=0)
	        Index Cond: ((k >= 4707696) AND (k <= 4707796))

table 6 : explain SELECT k, c FROM sbtest6 WHERE k BETWEEN 4707696 AND 4707796
	Bitmap Heap Scan on sbtest6  (cost=5.48..409.07 rows=102 width=125)
	  Recheck Cond: ((k >= 4707696) AND (k <= 4707796))
	  ->  Bitmap Index Scan on k_6  (cost=0.00..5.45 rows=102 width=0)
	        Index Cond: ((k >= 4707696) AND (k <= 4707796))

table 7 : explain SELECT k, c FROM sbtest7 WHERE k BETWEEN 4707696 AND 4707796
	Bitmap Heap Scan on sbtest7  (cost=5.43..389.37 rows=97 width=125)
	  Recheck Cond: ((k >= 4707696) AND (k <= 4707796))
	  ->  Bitmap Index Scan on k_7  (cost=0.00..5.40 rows=97 width=0)
	        Index Cond: ((k >= 4707696) AND (k <= 4707796))

table 8 : explain SELECT k, c FROM sbtest8 WHERE k BETWEEN 4707696 AND 4707796
	Bitmap Heap Scan on sbtest8  (cost=5.51..420.88 rows=105 width=125)
	  Recheck Cond: ((k >= 4707696) AND (k <= 4707796))
	  ->  Bitmap Index Scan on k_8  (cost=0.00..5.48 rows=105 width=0)
	        Index Cond: ((k >= 4707696) AND (k <= 4707796))

explain: for range-notcovered :: explain SELECT k, c FROM sbtest%d WHERE k BETWEEN 4707696 AND 4707796
for range-notcovered
table 1 : explain SELECT k, c FROM sbtest1 WHERE k BETWEEN 1861807 AND 1861907
	Bitmap Heap Scan on sbtest1  (cost=5.59..452.36 rows=113 width=125)
	  Recheck Cond: ((k >= 1861807) AND (k <= 1861907))
	  ->  Bitmap Index Scan on k_1  (cost=0.00..5.56 rows=113 width=0)
	        Index Cond: ((k >= 1861807) AND (k <= 1861907))

table 2 : explain SELECT k, c FROM sbtest2 WHERE k BETWEEN 1861807 AND 1861907
	Bitmap Heap Scan on sbtest2  (cost=5.46..401.19 rows=100 width=125)
	  Recheck Cond: ((k >= 1861807) AND (k <= 1861907))
	  ->  Bitmap Index Scan on k_2  (cost=0.00..5.43 rows=100 width=0)
	        Index Cond: ((k >= 1861807) AND (k <= 1861907))

table 3 : explain SELECT k, c FROM sbtest3 WHERE k BETWEEN 1861807 AND 1861907
	Bitmap Heap Scan on sbtest3  (cost=5.43..389.37 rows=97 width=125)
	  Recheck Cond: ((k >= 1861807) AND (k <= 1861907))
	  ->  Bitmap Index Scan on k_3  (cost=0.00..5.40 rows=97 width=0)
	        Index Cond: ((k >= 1861807) AND (k <= 1861907))

table 4 : explain SELECT k, c FROM sbtest4 WHERE k BETWEEN 1861807 AND 1861907
	Bitmap Heap Scan on sbtest4  (cost=5.49..413.00 rows=103 width=125)
	  Recheck Cond: ((k >= 1861807) AND (k <= 1861907))
	  ->  Bitmap Index Scan on k_4  (cost=0.00..5.46 rows=103 width=0)
	        Index Cond: ((k >= 1861807) AND (k <= 1861907))

table 5 : explain SELECT k, c FROM sbtest5 WHERE k BETWEEN 1861807 AND 1861907
	Bitmap Heap Scan on sbtest5  (cost=5.41..381.49 rows=95 width=125)
	  Recheck Cond: ((k >= 1861807) AND (k <= 1861907))
	  ->  Bitmap Index Scan on k_5  (cost=0.00..5.38 rows=95 width=0)
	        Index Cond: ((k >= 1861807) AND (k <= 1861907))

table 6 : explain SELECT k, c FROM sbtest6 WHERE k BETWEEN 1861807 AND 1861907
	Bitmap Heap Scan on sbtest6  (cost=5.44..393.31 rows=98 width=125)
	  Recheck Cond: ((k >= 1861807) AND (k <= 1861907))
	  ->  Bitmap Index Scan on k_6  (cost=0.00..5.42 rows=98 width=0)
	        Index Cond: ((k >= 1861807) AND (k <= 1861907))

table 7 : explain SELECT k, c FROM sbtest7 WHERE k BETWEEN 1861807 AND 1861907
	Bitmap Heap Scan on sbtest7  (cost=5.53..428.75 rows=107 width=125)
	  Recheck Cond: ((k >= 1861807) AND (k <= 1861907))
	  ->  Bitmap Index Scan on k_7  (cost=0.00..5.50 rows=107 width=0)
	        Index Cond: ((k >= 1861807) AND (k <= 1861907))

table 8 : explain SELECT k, c FROM sbtest8 WHERE k BETWEEN 1861807 AND 1861907
	Bitmap Heap Scan on sbtest8  (cost=5.42..385.43 rows=96 width=125)
	  Recheck Cond: ((k >= 1861807) AND (k <= 1861907))
	  ->  Bitmap Index Scan on k_8  (cost=0.00..5.39 rows=96 width=0)
	        Index Cond: ((k >= 1861807) AND (k <= 1861907))

for range-notcovered
table 1 : explain SELECT k, c FROM sbtest1 WHERE k BETWEEN 2294768 AND 2294868
	Bitmap Heap Scan on sbtest1  (cost=5.45..397.25 rows=99 width=125)
	  Recheck Cond: ((k >= 2294768) AND (k <= 2294868))
	  ->  Bitmap Index Scan on k_1  (cost=0.00..5.42 rows=99 width=0)
	        Index Cond: ((k >= 2294768) AND (k <= 2294868))

table 2 : explain SELECT k, c FROM sbtest2 WHERE k BETWEEN 2294768 AND 2294868
	Bitmap Heap Scan on sbtest2  (cost=5.51..420.88 rows=105 width=125)
	  Recheck Cond: ((k >= 2294768) AND (k <= 2294868))
	  ->  Bitmap Index Scan on k_2  (cost=0.00..5.48 rows=105 width=0)
	        Index Cond: ((k >= 2294768) AND (k <= 2294868))

table 3 : explain SELECT k, c FROM sbtest3 WHERE k BETWEEN 2294768 AND 2294868
	Bitmap Heap Scan on sbtest3  (cost=5.46..401.19 rows=100 width=125)
	  Recheck Cond: ((k >= 2294768) AND (k <= 2294868))
	  ->  Bitmap Index Scan on k_3  (cost=0.00..5.43 rows=100 width=0)
	        Index Cond: ((k >= 2294768) AND (k <= 2294868))

table 4 : explain SELECT k, c FROM sbtest4 WHERE k BETWEEN 2294768 AND 2294868
	Bitmap Heap Scan on sbtest4  (cost=5.51..420.88 rows=105 width=125)
	  Recheck Cond: ((k >= 2294768) AND (k <= 2294868))
	  ->  Bitmap Index Scan on k_4  (cost=0.00..5.48 rows=105 width=0)
	        Index Cond: ((k >= 2294768) AND (k <= 2294868))

table 5 : explain SELECT k, c FROM sbtest5 WHERE k BETWEEN 2294768 AND 2294868
	Bitmap Heap Scan on sbtest5  (cost=5.54..432.69 rows=108 width=125)
	  Recheck Cond: ((k >= 2294768) AND (k <= 2294868))
	  ->  Bitmap Index Scan on k_5  (cost=0.00..5.51 rows=108 width=0)
	        Index Cond: ((k >= 2294768) AND (k <= 2294868))

table 6 : explain SELECT k, c FROM sbtest6 WHERE k BETWEEN 2294768 AND 2294868
	Bitmap Heap Scan on sbtest6  (cost=5.43..389.37 rows=97 width=125)
	  Recheck Cond: ((k >= 2294768) AND (k <= 2294868))
	  ->  Bitmap Index Scan on k_6  (cost=0.00..5.40 rows=97 width=0)
	        Index Cond: ((k >= 2294768) AND (k <= 2294868))

table 7 : explain SELECT k, c FROM sbtest7 WHERE k BETWEEN 2294768 AND 2294868
	Bitmap Heap Scan on sbtest7  (cost=5.39..373.61 rows=93 width=125)
	  Recheck Cond: ((k >= 2294768) AND (k <= 2294868))
	  ->  Bitmap Index Scan on k_7  (cost=0.00..5.36 rows=93 width=0)
	        Index Cond: ((k >= 2294768) AND (k <= 2294868))

table 8 : explain SELECT k, c FROM sbtest8 WHERE k BETWEEN 2294768 AND 2294868
	Bitmap Heap Scan on sbtest8  (cost=5.43..389.37 rows=97 width=125)
	  Recheck Cond: ((k >= 2294768) AND (k <= 2294868))
	  ->  Bitmap Index Scan on k_8  (cost=0.00..5.40 rows=97 width=0)
	        Index Cond: ((k >= 2294768) AND (k <= 2294868))

explain: for range-notcovered :: explain SELECT k, c FROM sbtest%d WHERE k BETWEEN 1861807 AND 1861907
explain: for range-notcovered :: explain SELECT k, c FROM sbtest%d WHERE k BETWEEN 2294768 AND 2294868
for range-notcovered
table 1 : explain SELECT k, c FROM sbtest1 WHERE k BETWEEN 666505 AND 666605
	Bitmap Heap Scan on sbtest1  (cost=5.45..397.25 rows=99 width=125)
	  Recheck Cond: ((k >= 666505) AND (k <= 666605))
	  ->  Bitmap Index Scan on k_1  (cost=0.00..5.42 rows=99 width=0)
	        Index Cond: ((k >= 666505) AND (k <= 666605))

table 2 : explain SELECT k, c FROM sbtest2 WHERE k BETWEEN 666505 AND 666605
	Bitmap Heap Scan on sbtest2  (cost=5.45..397.25 rows=99 width=125)
	  Recheck Cond: ((k >= 666505) AND (k <= 666605))
	  ->  Bitmap Index Scan on k_2  (cost=0.00..5.42 rows=99 width=0)
	        Index Cond: ((k >= 666505) AND (k <= 666605))

table 3 : explain SELECT k, c FROM sbtest3 WHERE k BETWEEN 666505 AND 666605
	Bitmap Heap Scan on sbtest3  (cost=5.53..428.75 rows=107 width=125)
	  Recheck Cond: ((k >= 666505) AND (k <= 666605))
	  ->  Bitmap Index Scan on k_3  (cost=0.00..5.50 rows=107 width=0)
	        Index Cond: ((k >= 666505) AND (k <= 666605))

table 4 : explain SELECT k, c FROM sbtest4 WHERE k BETWEEN 666505 AND 666605
	Bitmap Heap Scan on sbtest4  (cost=5.49..413.00 rows=103 width=125)
	  Recheck Cond: ((k >= 666505) AND (k <= 666605))
	  ->  Bitmap Index Scan on k_4  (cost=0.00..5.46 rows=103 width=0)
	        Index Cond: ((k >= 666505) AND (k <= 666605))

table 5 : explain SELECT k, c FROM sbtest5 WHERE k BETWEEN 666505 AND 666605
	Bitmap Heap Scan on sbtest5  (cost=5.55..436.62 rows=109 width=125)
	  Recheck Cond: ((k >= 666505) AND (k <= 666605))
	  ->  Bitmap Index Scan on k_5  (cost=0.00..5.52 rows=109 width=0)
	        Index Cond: ((k >= 666505) AND (k <= 666605))

table 6 : explain SELECT k, c FROM sbtest6 WHERE k BETWEEN 666505 AND 666605
	Bitmap Heap Scan on sbtest6  (cost=5.57..444.49 rows=111 width=125)
	  Recheck Cond: ((k >= 666505) AND (k <= 666605))
	  ->  Bitmap Index Scan on k_6  (cost=0.00..5.54 rows=111 width=0)
	        Index Cond: ((k >= 666505) AND (k <= 666605))

table 7 : explain SELECT k, c FROM sbtest7 WHERE k BETWEEN 666505 AND 666605
	Bitmap Heap Scan on sbtest7  (cost=5.43..389.37 rows=97 width=125)
	  Recheck Cond: ((k >= 666505) AND (k <= 666605))
	  ->  Bitmap Index Scan on k_7  (cost=0.00..5.40 rows=97 width=0)
	        Index Cond: ((k >= 666505) AND (k <= 666605))

table 8 : explain SELECT k, c FROM sbtest8 WHERE k BETWEEN 666505 AND 666605
	Bitmap Heap Scan on sbtest8  (cost=5.52..424.81 rows=106 width=125)
	  Recheck Cond: ((k >= 666505) AND (k <= 666605))
	  ->  Bitmap Index Scan on k_8  (cost=0.00..5.50 rows=106 width=0)
	        Index Cond: ((k >= 666505) AND (k <= 666605))

explain: for range-notcovered :: explain SELECT k, c FROM sbtest%d WHERE k BETWEEN 666505 AND 666605
explain: for range-notcovered :: explain SELECT k, c FROM sbtest%d WHERE k BETWEEN 7001489 AND 7001589
for range-notcovered
table 1 : explain SELECT k, c FROM sbtest1 WHERE k BETWEEN 4707696 AND 4707796
	Bitmap Heap Scan on sbtest1  (cost=5.52..424.81 rows=106 width=125)
	  Recheck Cond: ((k >= 4707696) AND (k <= 4707796))
	  ->  Bitmap Index Scan on k_1  (cost=0.00..5.50 rows=106 width=0)
	        Index Cond: ((k >= 4707696) AND (k <= 4707796))

table 2 : explain SELECT k, c FROM sbtest2 WHERE k BETWEEN 4707696 AND 4707796
	Bitmap Heap Scan on sbtest2  (cost=5.45..397.25 rows=99 width=125)
	  Recheck Cond: ((k >= 4707696) AND (k <= 4707796))
	  ->  Bitmap Index Scan on k_2  (cost=0.00..5.42 rows=99 width=0)
	        Index Cond: ((k >= 4707696) AND (k <= 4707796))

table 3 : explain SELECT k, c FROM sbtest3 WHERE k BETWEEN 4707696 AND 4707796
	Bitmap Heap Scan on sbtest3  (cost=5.35..357.84 rows=89 width=125)
	  Recheck Cond: ((k >= 4707696) AND (k <= 4707796))
	  ->  Bitmap Index Scan on k_3  (cost=0.00..5.32 rows=89 width=0)
	        Index Cond: ((k >= 4707696) AND (k <= 4707796))

table 4 : explain SELECT k, c FROM sbtest4 WHERE k BETWEEN 4707696 AND 4707796
	Bitmap Heap Scan on sbtest4  (cost=5.43..389.37 rows=97 width=125)
	  Recheck Cond: ((k >= 4707696) AND (k <= 4707796))
	  ->  Bitmap Index Scan on k_4  (cost=0.00..5.40 rows=97 width=0)
	        Index Cond: ((k >= 4707696) AND (k <= 4707796))

table 5 : explain SELECT k, c FROM sbtest5 WHERE k BETWEEN 4707696 AND 4707796
	Bitmap Heap Scan on sbtest5  (cost=5.51..420.88 rows=105 width=125)
	  Recheck Cond: ((k >= 4707696) AND (k <= 4707796))
	  ->  Bitmap Index Scan on k_5  (cost=0.00..5.48 rows=105 width=0)
	        Index Cond: ((k >= 4707696) AND (k <= 4707796))

table 6 : explain SELECT k, c FROM sbtest6 WHERE k BETWEEN 4707696 AND 4707796
	Bitmap Heap Scan on sbtest6  (cost=5.48..409.07 rows=102 width=125)
	  Recheck Cond: ((k >= 4707696) AND (k <= 4707796))
	  ->  Bitmap Index Scan on k_6  (cost=0.00..5.45 rows=102 width=0)
	        Index Cond: ((k >= 4707696) AND (k <= 4707796))

table 7 : explain SELECT k, c FROM sbtest7 WHERE k BETWEEN 4707696 AND 4707796
	Bitmap Heap Scan on sbtest7  (cost=5.43..389.37 rows=97 width=125)
	  Recheck Cond: ((k >= 4707696) AND (k <= 4707796))
	  ->  Bitmap Index Scan on k_7  (cost=0.00..5.40 rows=97 width=0)
	        Index Cond: ((k >= 4707696) AND (k <= 4707796))

table 8 : explain SELECT k, c FROM sbtest8 WHERE k BETWEEN 4707696 AND 4707796
	Bitmap Heap Scan on sbtest8  (cost=5.51..420.88 rows=105 width=125)
	  Recheck Cond: ((k >= 4707696) AND (k <= 4707796))
	  ->  Bitmap Index Scan on k_8  (cost=0.00..5.48 rows=105 width=0)
	        Index Cond: ((k >= 4707696) AND (k <= 4707796))

explain: for range-notcovered :: explain SELECT k, c FROM sbtest%d WHERE k BETWEEN 4707696 AND 4707796
for range-notcovered
table 1 : explain SELECT k, c FROM sbtest1 WHERE k BETWEEN 2294768 AND 2294868
	Bitmap Heap Scan on sbtest1  (cost=5.45..397.25 rows=99 width=125)
	  Recheck Cond: ((k >= 2294768) AND (k <= 2294868))
	  ->  Bitmap Index Scan on k_1  (cost=0.00..5.42 rows=99 width=0)
	        Index Cond: ((k >= 2294768) AND (k <= 2294868))

table 2 : explain SELECT k, c FROM sbtest2 WHERE k BETWEEN 2294768 AND 2294868
	Bitmap Heap Scan on sbtest2  (cost=5.51..420.88 rows=105 width=125)
	  Recheck Cond: ((k >= 2294768) AND (k <= 2294868))
	  ->  Bitmap Index Scan on k_2  (cost=0.00..5.48 rows=105 width=0)
	        Index Cond: ((k >= 2294768) AND (k <= 2294868))

table 3 : explain SELECT k, c FROM sbtest3 WHERE k BETWEEN 2294768 AND 2294868
	Bitmap Heap Scan on sbtest3  (cost=5.46..401.19 rows=100 width=125)
	  Recheck Cond: ((k >= 2294768) AND (k <= 2294868))
	  ->  Bitmap Index Scan on k_3  (cost=0.00..5.43 rows=100 width=0)
	        Index Cond: ((k >= 2294768) AND (k <= 2294868))

table 4 : explain SELECT k, c FROM sbtest4 WHERE k BETWEEN 2294768 AND 2294868
	Bitmap Heap Scan on sbtest4  (cost=5.51..420.88 rows=105 width=125)
	  Recheck Cond: ((k >= 2294768) AND (k <= 2294868))
	  ->  Bitmap Index Scan on k_4  (cost=0.00..5.48 rows=105 width=0)
	        Index Cond: ((k >= 2294768) AND (k <= 2294868))

table 5 : explain SELECT k, c FROM sbtest5 WHERE k BETWEEN 2294768 AND 2294868
	Bitmap Heap Scan on sbtest5  (cost=5.54..432.69 rows=108 width=125)
	  Recheck Cond: ((k >= 2294768) AND (k <= 2294868))
	  ->  Bitmap Index Scan on k_5  (cost=0.00..5.51 rows=108 width=0)
	        Index Cond: ((k >= 2294768) AND (k <= 2294868))

table 6 : explain SELECT k, c FROM sbtest6 WHERE k BETWEEN 2294768 AND 2294868
	Bitmap Heap Scan on sbtest6  (cost=5.43..389.37 rows=97 width=125)
	  Recheck Cond: ((k >= 2294768) AND (k <= 2294868))
	  ->  Bitmap Index Scan on k_6  (cost=0.00..5.40 rows=97 width=0)
	        Index Cond: ((k >= 2294768) AND (k <= 2294868))

table 7 : explain SELECT k, c FROM sbtest7 WHERE k BETWEEN 2294768 AND 2294868
	Bitmap Heap Scan on sbtest7  (cost=5.39..373.61 rows=93 width=125)
	  Recheck Cond: ((k >= 2294768) AND (k <= 2294868))
	  ->  Bitmap Index Scan on k_7  (cost=0.00..5.36 rows=93 width=0)
	        Index Cond: ((k >= 2294768) AND (k <= 2294868))

table 8 : explain SELECT k, c FROM sbtest8 WHERE k BETWEEN 2294768 AND 2294868
	Bitmap Heap Scan on sbtest8  (cost=5.43..389.37 rows=97 width=125)
	  Recheck Cond: ((k >= 2294768) AND (k <= 2294868))
	  ->  Bitmap Index Scan on k_8  (cost=0.00..5.40 rows=97 width=0)
	        Index Cond: ((k >= 2294768) AND (k <= 2294868))

explain: for range-notcovered :: explain SELECT k, c FROM sbtest%d WHERE k BETWEEN 2294768 AND 2294868
explain: for range-notcovered :: explain SELECT k, c FROM sbtest%d WHERE k BETWEEN 6569738 AND 6569838
for range-notcovered
table 1 : explain SELECT k, c FROM sbtest1 WHERE k BETWEEN 666505 AND 666605
	Bitmap Heap Scan on sbtest1  (cost=5.45..397.25 rows=99 width=125)
	  Recheck Cond: ((k >= 666505) AND (k <= 666605))
	  ->  Bitmap Index Scan on k_1  (cost=0.00..5.42 rows=99 width=0)
	        Index Cond: ((k >= 666505) AND (k <= 666605))

table 2 : explain SELECT k, c FROM sbtest2 WHERE k BETWEEN 666505 AND 666605
	Bitmap Heap Scan on sbtest2  (cost=5.45..397.25 rows=99 width=125)
	  Recheck Cond: ((k >= 666505) AND (k <= 666605))
	  ->  Bitmap Index Scan on k_2  (cost=0.00..5.42 rows=99 width=0)
	        Index Cond: ((k >= 666505) AND (k <= 666605))

table 3 : explain SELECT k, c FROM sbtest3 WHERE k BETWEEN 666505 AND 666605
	Bitmap Heap Scan on sbtest3  (cost=5.53..428.75 rows=107 width=125)
	  Recheck Cond: ((k >= 666505) AND (k <= 666605))
	  ->  Bitmap Index Scan on k_3  (cost=0.00..5.50 rows=107 width=0)
	        Index Cond: ((k >= 666505) AND (k <= 666605))

table 4 : explain SELECT k, c FROM sbtest4 WHERE k BETWEEN 666505 AND 666605
	Bitmap Heap Scan on sbtest4  (cost=5.49..413.00 rows=103 width=125)
	  Recheck Cond: ((k >= 666505) AND (k <= 666605))
	  ->  Bitmap Index Scan on k_4  (cost=0.00..5.46 rows=103 width=0)
	        Index Cond: ((k >= 666505) AND (k <= 666605))

table 5 : explain SELECT k, c FROM sbtest5 WHERE k BETWEEN 666505 AND 666605
	Bitmap Heap Scan on sbtest5  (cost=5.55..436.62 rows=109 width=125)
	  Recheck Cond: ((k >= 666505) AND (k <= 666605))
	  ->  Bitmap Index Scan on k_5  (cost=0.00..5.52 rows=109 width=0)
	        Index Cond: ((k >= 666505) AND (k <= 666605))

table 6 : explain SELECT k, c FROM sbtest6 WHERE k BETWEEN 666505 AND 666605
	Bitmap Heap Scan on sbtest6  (cost=5.57..444.49 rows=111 width=125)
	  Recheck Cond: ((k >= 666505) AND (k <= 666605))
	  ->  Bitmap Index Scan on k_6  (cost=0.00..5.54 rows=111 width=0)
	        Index Cond: ((k >= 666505) AND (k <= 666605))

table 7 : explain SELECT k, c FROM sbtest7 WHERE k BETWEEN 666505 AND 666605
	Bitmap Heap Scan on sbtest7  (cost=5.43..389.37 rows=97 width=125)
	  Recheck Cond: ((k >= 666505) AND (k <= 666605))
	  ->  Bitmap Index Scan on k_7  (cost=0.00..5.40 rows=97 width=0)
	        Index Cond: ((k >= 666505) AND (k <= 666605))

table 8 : explain SELECT k, c FROM sbtest8 WHERE k BETWEEN 666505 AND 666605
	Bitmap Heap Scan on sbtest8  (cost=5.52..424.81 rows=106 width=125)
	  Recheck Cond: ((k >= 666505) AND (k <= 666605))
	  ->  Bitmap Index Scan on k_8  (cost=0.00..5.50 rows=106 width=0)
	        Index Cond: ((k >= 666505) AND (k <= 666605))

explain: for range-notcovered :: explain SELECT k, c FROM sbtest%d WHERE k BETWEEN 666505 AND 666605
explain: for range-notcovered :: explain SELECT k, c FROM sbtest%d WHERE k BETWEEN 7541878 AND 7541978
explain: for range-notcovered :: explain SELECT k, c FROM sbtest%d WHERE k BETWEEN 5059745 AND 5059845
explain: for range-notcovered :: explain SELECT k, c FROM sbtest%d WHERE k BETWEEN 6136721 AND 6136821
explain: for range-notcovered :: explain SELECT k, c FROM sbtest%d WHERE k BETWEEN 5278573 AND 5278673
explain: for range-notcovered :: explain SELECT k, c FROM sbtest%d WHERE k BETWEEN 5746554 AND 5746654
for range-notcovered
table 1 : explain SELECT k, c FROM sbtest1 WHERE k BETWEEN 3327603 AND 3327703
	Bitmap Heap Scan on sbtest1  (cost=5.51..420.88 rows=105 width=125)
	  Recheck Cond: ((k >= 3327603) AND (k <= 3327703))
	  ->  Bitmap Index Scan on k_1  (cost=0.00..5.48 rows=105 width=0)
	        Index Cond: ((k >= 3327603) AND (k <= 3327703))

table 2 : explain SELECT k, c FROM sbtest2 WHERE k BETWEEN 3327603 AND 3327703
	Bitmap Heap Scan on sbtest2  (cost=5.55..436.62 rows=109 width=125)
	  Recheck Cond: ((k >= 3327603) AND (k <= 3327703))
	  ->  Bitmap Index Scan on k_2  (cost=0.00..5.52 rows=109 width=0)
	        Index Cond: ((k >= 3327603) AND (k <= 3327703))

table 3 : explain SELECT k, c FROM sbtest3 WHERE k BETWEEN 3327603 AND 3327703
	Bitmap Heap Scan on sbtest3  (cost=5.48..409.07 rows=102 width=125)
	  Recheck Cond: ((k >= 3327603) AND (k <= 3327703))
	  ->  Bitmap Index Scan on k_3  (cost=0.00..5.45 rows=102 width=0)
	        Index Cond: ((k >= 3327603) AND (k <= 3327703))

table 4 : explain SELECT k, c FROM sbtest4 WHERE k BETWEEN 3327603 AND 3327703
	Bitmap Heap Scan on sbtest4  (cost=5.61..460.22 rows=115 width=125)
	  Recheck Cond: ((k >= 3327603) AND (k <= 3327703))
	  ->  Bitmap Index Scan on k_4  (cost=0.00..5.58 rows=115 width=0)
	        Index Cond: ((k >= 3327603) AND (k <= 3327703))

table 5 : explain SELECT k, c FROM sbtest5 WHERE k BETWEEN 3327603 AND 3327703
	Bitmap Heap Scan on sbtest5  (cost=5.42..385.43 rows=96 width=125)
	  Recheck Cond: ((k >= 3327603) AND (k <= 3327703))
	  ->  Bitmap Index Scan on k_5  (cost=0.00..5.39 rows=96 width=0)
	        Index Cond: ((k >= 3327603) AND (k <= 3327703))

table 6 : explain SELECT k, c FROM sbtest6 WHERE k BETWEEN 3327603 AND 3327703
	Bitmap Heap Scan on sbtest6  (cost=5.49..413.00 rows=103 width=125)
	  Recheck Cond: ((k >= 3327603) AND (k <= 3327703))
	  ->  Bitmap Index Scan on k_6  (cost=0.00..5.46 rows=103 width=0)
	        Index Cond: ((k >= 3327603) AND (k <= 3327703))

table 7 : explain SELECT k, c FROM sbtest7 WHERE k BETWEEN 3327603 AND 3327703
	Bitmap Heap Scan on sbtest7  (cost=5.48..409.07 rows=102 width=125)
	  Recheck Cond: ((k >= 3327603) AND (k <= 3327703))
	  ->  Bitmap Index Scan on k_7  (cost=0.00..5.45 rows=102 width=0)
	        Index Cond: ((k >= 3327603) AND (k <= 3327703))

table 8 : explain SELECT k, c FROM sbtest8 WHERE k BETWEEN 3327603 AND 3327703
	Bitmap Heap Scan on sbtest8  (cost=5.50..416.94 rows=104 width=125)
	  Recheck Cond: ((k >= 3327603) AND (k <= 3327703))
	  ->  Bitmap Index Scan on k_8  (cost=0.00..5.47 rows=104 width=0)
	        Index Cond: ((k >= 3327603) AND (k <= 3327703))

explain: for range-notcovered :: explain SELECT k, c FROM sbtest%d WHERE k BETWEEN 3327603 AND 3327703
for range-notcovered
table 1 : explain SELECT k, c FROM sbtest1 WHERE k BETWEEN 7471480 AND 7471580
	Bitmap Heap Scan on sbtest1  (cost=5.37..365.72 rows=91 width=125)
	  Recheck Cond: ((k >= 7471480) AND (k <= 7471580))
	  ->  Bitmap Index Scan on k_1  (cost=0.00..5.34 rows=91 width=0)
	        Index Cond: ((k >= 7471480) AND (k <= 7471580))

table 2 : explain SELECT k, c FROM sbtest2 WHERE k BETWEEN 7471480 AND 7471580
	Bitmap Heap Scan on sbtest2  (cost=5.46..401.19 rows=100 width=125)
	  Recheck Cond: ((k >= 7471480) AND (k <= 7471580))
	  ->  Bitmap Index Scan on k_2  (cost=0.00..5.43 rows=100 width=0)
	        Index Cond: ((k >= 7471480) AND (k <= 7471580))

table 3 : explain SELECT k, c FROM sbtest3 WHERE k BETWEEN 7471480 AND 7471580
	Bitmap Heap Scan on sbtest3  (cost=5.52..424.81 rows=106 width=125)
	  Recheck Cond: ((k >= 7471480) AND (k <= 7471580))
	  ->  Bitmap Index Scan on k_3  (cost=0.00..5.50 rows=106 width=0)
	        Index Cond: ((k >= 7471480) AND (k <= 7471580))

table 4 : explain SELECT k, c FROM sbtest4 WHERE k BETWEEN 7471480 AND 7471580
	Bitmap Heap Scan on sbtest4  (cost=5.39..373.61 rows=93 width=125)
	  Recheck Cond: ((k >= 7471480) AND (k <= 7471580))
	  ->  Bitmap Index Scan on k_4  (cost=0.00..5.36 rows=93 width=0)
	        Index Cond: ((k >= 7471480) AND (k <= 7471580))

table 5 : explain SELECT k, c FROM sbtest5 WHERE k BETWEEN 7471480 AND 7471580
	Bitmap Heap Scan on sbtest5  (cost=5.50..416.94 rows=104 width=125)
	  Recheck Cond: ((k >= 7471480) AND (k <= 7471580))
	  ->  Bitmap Index Scan on k_5  (cost=0.00..5.47 rows=104 width=0)
	        Index Cond: ((k >= 7471480) AND (k <= 7471580))

table 6 : explain SELECT k, c FROM sbtest6 WHERE k BETWEEN 7471480 AND 7471580
	Bitmap Heap Scan on sbtest6  (cost=5.49..413.00 rows=103 width=125)
	  Recheck Cond: ((k >= 7471480) AND (k <= 7471580))
	  ->  Bitmap Index Scan on k_6  (cost=0.00..5.46 rows=103 width=0)
	        Index Cond: ((k >= 7471480) AND (k <= 7471580))

table 7 : explain SELECT k, c FROM sbtest7 WHERE k BETWEEN 7471480 AND 7471580
	Bitmap Heap Scan on sbtest7  (cost=5.53..428.75 rows=107 width=125)
	  Recheck Cond: ((k >= 7471480) AND (k <= 7471580))
	  ->  Bitmap Index Scan on k_7  (cost=0.00..5.50 rows=107 width=0)
	        Index Cond: ((k >= 7471480) AND (k <= 7471580))

table 8 : explain SELECT k, c FROM sbtest8 WHERE k BETWEEN 7471480 AND 7471580
	Bitmap Heap Scan on sbtest8  (cost=5.56..440.56 rows=110 width=125)
	  Recheck Cond: ((k >= 7471480) AND (k <= 7471580))
	  ->  Bitmap Index Scan on k_8  (cost=0.00..5.53 rows=110 width=0)
	        Index Cond: ((k >= 7471480) AND (k <= 7471580))

for range-notcovered
table 1 : explain SELECT k, c FROM sbtest1 WHERE k BETWEEN 4707696 AND 4707796
	Bitmap Heap Scan on sbtest1  (cost=5.52..424.81 rows=106 width=125)
	  Recheck Cond: ((k >= 4707696) AND (k <= 4707796))
	  ->  Bitmap Index Scan on k_1  (cost=0.00..5.50 rows=106 width=0)
	        Index Cond: ((k >= 4707696) AND (k <= 4707796))

table 2 : explain SELECT k, c FROM sbtest2 WHERE k BETWEEN 4707696 AND 4707796
	Bitmap Heap Scan on sbtest2  (cost=5.45..397.25 rows=99 width=125)
	  Recheck Cond: ((k >= 4707696) AND (k <= 4707796))
	  ->  Bitmap Index Scan on k_2  (cost=0.00..5.42 rows=99 width=0)
	        Index Cond: ((k >= 4707696) AND (k <= 4707796))

table 3 : explain SELECT k, c FROM sbtest3 WHERE k BETWEEN 4707696 AND 4707796
	Bitmap Heap Scan on sbtest3  (cost=5.35..357.84 rows=89 width=125)
	  Recheck Cond: ((k >= 4707696) AND (k <= 4707796))
	  ->  Bitmap Index Scan on k_3  (cost=0.00..5.32 rows=89 width=0)
	        Index Cond: ((k >= 4707696) AND (k <= 4707796))

table 4 : explain SELECT k, c FROM sbtest4 WHERE k BETWEEN 4707696 AND 4707796
	Bitmap Heap Scan on sbtest4  (cost=5.43..389.37 rows=97 width=125)
	  Recheck Cond: ((k >= 4707696) AND (k <= 4707796))
	  ->  Bitmap Index Scan on k_4  (cost=0.00..5.40 rows=97 width=0)
	        Index Cond: ((k >= 4707696) AND (k <= 4707796))

table 5 : explain SELECT k, c FROM sbtest5 WHERE k BETWEEN 4707696 AND 4707796
	Bitmap Heap Scan on sbtest5  (cost=5.51..420.88 rows=105 width=125)
	  Recheck Cond: ((k >= 4707696) AND (k <= 4707796))
	  ->  Bitmap Index Scan on k_5  (cost=0.00..5.48 rows=105 width=0)
	        Index Cond: ((k >= 4707696) AND (k <= 4707796))

table 6 : explain SELECT k, c FROM sbtest6 WHERE k BETWEEN 4707696 AND 4707796
	Bitmap Heap Scan on sbtest6  (cost=5.48..409.07 rows=102 width=125)
	  Recheck Cond: ((k >= 4707696) AND (k <= 4707796))
	  ->  Bitmap Index Scan on k_6  (cost=0.00..5.45 rows=102 width=0)
	        Index Cond: ((k >= 4707696) AND (k <= 4707796))

table 7 : explain SELECT k, c FROM sbtest7 WHERE k BETWEEN 4707696 AND 4707796
	Bitmap Heap Scan on sbtest7  (cost=5.43..389.37 rows=97 width=125)
	  Recheck Cond: ((k >= 4707696) AND (k <= 4707796))
	  ->  Bitmap Index Scan on k_7  (cost=0.00..5.40 rows=97 width=0)
	        Index Cond: ((k >= 4707696) AND (k <= 4707796))

table 8 : explain SELECT k, c FROM sbtest8 WHERE k BETWEEN 4707696 AND 4707796
	Bitmap Heap Scan on sbtest8  (cost=5.51..420.88 rows=105 width=125)
	  Recheck Cond: ((k >= 4707696) AND (k <= 4707796))
	  ->  Bitmap Index Scan on k_8  (cost=0.00..5.48 rows=105 width=0)
	        Index Cond: ((k >= 4707696) AND (k <= 4707796))

explain: for range-notcovered :: explain SELECT k, c FROM sbtest%d WHERE k BETWEEN 4707696 AND 4707796
explain: for range-notcovered :: explain SELECT k, c FROM sbtest%d WHERE k BETWEEN 7471480 AND 7471580
for range-notcovered
table 1 : explain SELECT k, c FROM sbtest1 WHERE k BETWEEN 3327603 AND 3327703
	Bitmap Heap Scan on sbtest1  (cost=5.51..420.88 rows=105 width=125)
	  Recheck Cond: ((k >= 3327603) AND (k <= 3327703))
	  ->  Bitmap Index Scan on k_1  (cost=0.00..5.48 rows=105 width=0)
	        Index Cond: ((k >= 3327603) AND (k <= 3327703))

table 2 : explain SELECT k, c FROM sbtest2 WHERE k BETWEEN 3327603 AND 3327703
	Bitmap Heap Scan on sbtest2  (cost=5.55..436.62 rows=109 width=125)
	  Recheck Cond: ((k >= 3327603) AND (k <= 3327703))
	  ->  Bitmap Index Scan on k_2  (cost=0.00..5.52 rows=109 width=0)
	        Index Cond: ((k >= 3327603) AND (k <= 3327703))

table 3 : explain SELECT k, c FROM sbtest3 WHERE k BETWEEN 3327603 AND 3327703
	Bitmap Heap Scan on sbtest3  (cost=5.48..409.07 rows=102 width=125)
	  Recheck Cond: ((k >= 3327603) AND (k <= 3327703))
	  ->  Bitmap Index Scan on k_3  (cost=0.00..5.45 rows=102 width=0)
	        Index Cond: ((k >= 3327603) AND (k <= 3327703))

table 4 : explain SELECT k, c FROM sbtest4 WHERE k BETWEEN 3327603 AND 3327703
	Bitmap Heap Scan on sbtest4  (cost=5.61..460.22 rows=115 width=125)
	  Recheck Cond: ((k >= 3327603) AND (k <= 3327703))
	  ->  Bitmap Index Scan on k_4  (cost=0.00..5.58 rows=115 width=0)
	        Index Cond: ((k >= 3327603) AND (k <= 3327703))

table 5 : explain SELECT k, c FROM sbtest5 WHERE k BETWEEN 3327603 AND 3327703
	Bitmap Heap Scan on sbtest5  (cost=5.42..385.43 rows=96 width=125)
	  Recheck Cond: ((k >= 3327603) AND (k <= 3327703))
	  ->  Bitmap Index Scan on k_5  (cost=0.00..5.39 rows=96 width=0)
	        Index Cond: ((k >= 3327603) AND (k <= 3327703))

table 6 : explain SELECT k, c FROM sbtest6 WHERE k BETWEEN 3327603 AND 3327703
	Bitmap Heap Scan on sbtest6  (cost=5.49..413.00 rows=103 width=125)
	  Recheck Cond: ((k >= 3327603) AND (k <= 3327703))
	  ->  Bitmap Index Scan on k_6  (cost=0.00..5.46 rows=103 width=0)
	        Index Cond: ((k >= 3327603) AND (k <= 3327703))

table 7 : explain SELECT k, c FROM sbtest7 WHERE k BETWEEN 3327603 AND 3327703
	Bitmap Heap Scan on sbtest7  (cost=5.48..409.07 rows=102 width=125)
	  Recheck Cond: ((k >= 3327603) AND (k <= 3327703))
	  ->  Bitmap Index Scan on k_7  (cost=0.00..5.45 rows=102 width=0)
	        Index Cond: ((k >= 3327603) AND (k <= 3327703))

table 8 : explain SELECT k, c FROM sbtest8 WHERE k BETWEEN 3327603 AND 3327703
	Bitmap Heap Scan on sbtest8  (cost=5.50..416.94 rows=104 width=125)
	  Recheck Cond: ((k >= 3327603) AND (k <= 3327703))
	  ->  Bitmap Index Scan on k_8  (cost=0.00..5.47 rows=104 width=0)
	        Index Cond: ((k >= 3327603) AND (k <= 3327703))

explain: for range-notcovered :: explain SELECT k, c FROM sbtest%d WHERE k BETWEEN 3327603 AND 3327703
for range-notcovered
table 1 : explain SELECT k, c FROM sbtest1 WHERE k BETWEEN 2294768 AND 2294868
	Bitmap Heap Scan on sbtest1  (cost=5.45..397.25 rows=99 width=125)
	  Recheck Cond: ((k >= 2294768) AND (k <= 2294868))
	  ->  Bitmap Index Scan on k_1  (cost=0.00..5.42 rows=99 width=0)
	        Index Cond: ((k >= 2294768) AND (k <= 2294868))

table 2 : explain SELECT k, c FROM sbtest2 WHERE k BETWEEN 2294768 AND 2294868
	Bitmap Heap Scan on sbtest2  (cost=5.51..420.88 rows=105 width=125)
	  Recheck Cond: ((k >= 2294768) AND (k <= 2294868))
	  ->  Bitmap Index Scan on k_2  (cost=0.00..5.48 rows=105 width=0)
	        Index Cond: ((k >= 2294768) AND (k <= 2294868))

table 3 : explain SELECT k, c FROM sbtest3 WHERE k BETWEEN 2294768 AND 2294868
	Bitmap Heap Scan on sbtest3  (cost=5.46..401.19 rows=100 width=125)
	  Recheck Cond: ((k >= 2294768) AND (k <= 2294868))
	  ->  Bitmap Index Scan on k_3  (cost=0.00..5.43 rows=100 width=0)
	        Index Cond: ((k >= 2294768) AND (k <= 2294868))

table 4 : explain SELECT k, c FROM sbtest4 WHERE k BETWEEN 2294768 AND 2294868
	Bitmap Heap Scan on sbtest4  (cost=5.51..420.88 rows=105 width=125)
	  Recheck Cond: ((k >= 2294768) AND (k <= 2294868))
	  ->  Bitmap Index Scan on k_4  (cost=0.00..5.48 rows=105 width=0)
	        Index Cond: ((k >= 2294768) AND (k <= 2294868))

table 5 : explain SELECT k, c FROM sbtest5 WHERE k BETWEEN 2294768 AND 2294868
	Bitmap Heap Scan on sbtest5  (cost=5.54..432.69 rows=108 width=125)
	  Recheck Cond: ((k >= 2294768) AND (k <= 2294868))
	  ->  Bitmap Index Scan on k_5  (cost=0.00..5.51 rows=108 width=0)
	        Index Cond: ((k >= 2294768) AND (k <= 2294868))

table 6 : explain SELECT k, c FROM sbtest6 WHERE k BETWEEN 2294768 AND 2294868
	Bitmap Heap Scan on sbtest6  (cost=5.43..389.37 rows=97 width=125)
	  Recheck Cond: ((k >= 2294768) AND (k <= 2294868))
	  ->  Bitmap Index Scan on k_6  (cost=0.00..5.40 rows=97 width=0)
	        Index Cond: ((k >= 2294768) AND (k <= 2294868))

table 7 : explain SELECT k, c FROM sbtest7 WHERE k BETWEEN 2294768 AND 2294868
	Bitmap Heap Scan on sbtest7  (cost=5.39..373.61 rows=93 width=125)
	  Recheck Cond: ((k >= 2294768) AND (k <= 2294868))
	  ->  Bitmap Index Scan on k_7  (cost=0.00..5.36 rows=93 width=0)
	        Index Cond: ((k >= 2294768) AND (k <= 2294868))

table 8 : explain SELECT k, c FROM sbtest8 WHERE k BETWEEN 2294768 AND 2294868
	Bitmap Heap Scan on sbtest8  (cost=5.43..389.37 rows=97 width=125)
	  Recheck Cond: ((k >= 2294768) AND (k <= 2294868))
	  ->  Bitmap Index Scan on k_8  (cost=0.00..5.40 rows=97 width=0)
	        Index Cond: ((k >= 2294768) AND (k <= 2294868))

explain: for range-notcovered :: explain SELECT k, c FROM sbtest%d WHERE k BETWEEN 2294768 AND 2294868
for range-notcovered
table 1 : explain SELECT k, c FROM sbtest1 WHERE k BETWEEN 4707696 AND 4707796
	Bitmap Heap Scan on sbtest1  (cost=5.52..424.81 rows=106 width=125)
	  Recheck Cond: ((k >= 4707696) AND (k <= 4707796))
	  ->  Bitmap Index Scan on k_1  (cost=0.00..5.50 rows=106 width=0)
	        Index Cond: ((k >= 4707696) AND (k <= 4707796))

table 2 : explain SELECT k, c FROM sbtest2 WHERE k BETWEEN 4707696 AND 4707796
	Bitmap Heap Scan on sbtest2  (cost=5.45..397.25 rows=99 width=125)
	  Recheck Cond: ((k >= 4707696) AND (k <= 4707796))
	  ->  Bitmap Index Scan on k_2  (cost=0.00..5.42 rows=99 width=0)
	        Index Cond: ((k >= 4707696) AND (k <= 4707796))

table 3 : explain SELECT k, c FROM sbtest3 WHERE k BETWEEN 4707696 AND 4707796
	Bitmap Heap Scan on sbtest3  (cost=5.35..357.84 rows=89 width=125)
	  Recheck Cond: ((k >= 4707696) AND (k <= 4707796))
	  ->  Bitmap Index Scan on k_3  (cost=0.00..5.32 rows=89 width=0)
	        Index Cond: ((k >= 4707696) AND (k <= 4707796))

table 4 : explain SELECT k, c FROM sbtest4 WHERE k BETWEEN 4707696 AND 4707796
	Bitmap Heap Scan on sbtest4  (cost=5.43..389.37 rows=97 width=125)
	  Recheck Cond: ((k >= 4707696) AND (k <= 4707796))
	  ->  Bitmap Index Scan on k_4  (cost=0.00..5.40 rows=97 width=0)
	        Index Cond: ((k >= 4707696) AND (k <= 4707796))

table 5 : explain SELECT k, c FROM sbtest5 WHERE k BETWEEN 4707696 AND 4707796
	Bitmap Heap Scan on sbtest5  (cost=5.51..420.88 rows=105 width=125)
	  Recheck Cond: ((k >= 4707696) AND (k <= 4707796))
	  ->  Bitmap Index Scan on k_5  (cost=0.00..5.48 rows=105 width=0)
	        Index Cond: ((k >= 4707696) AND (k <= 4707796))

table 6 : explain SELECT k, c FROM sbtest6 WHERE k BETWEEN 4707696 AND 4707796
	Bitmap Heap Scan on sbtest6  (cost=5.48..409.07 rows=102 width=125)
	  Recheck Cond: ((k >= 4707696) AND (k <= 4707796))
	  ->  Bitmap Index Scan on k_6  (cost=0.00..5.45 rows=102 width=0)
	        Index Cond: ((k >= 4707696) AND (k <= 4707796))

table 7 : explain SELECT k, c FROM sbtest7 WHERE k BETWEEN 4707696 AND 4707796
	Bitmap Heap Scan on sbtest7  (cost=5.43..389.37 rows=97 width=125)
	  Recheck Cond: ((k >= 4707696) AND (k <= 4707796))
	  ->  Bitmap Index Scan on k_7  (cost=0.00..5.40 rows=97 width=0)
	        Index Cond: ((k >= 4707696) AND (k <= 4707796))

table 8 : explain SELECT k, c FROM sbtest8 WHERE k BETWEEN 4707696 AND 4707796
	Bitmap Heap Scan on sbtest8  (cost=5.51..420.88 rows=105 width=125)
	  Recheck Cond: ((k >= 4707696) AND (k <= 4707796))
	  ->  Bitmap Index Scan on k_8  (cost=0.00..5.48 rows=105 width=0)
	        Index Cond: ((k >= 4707696) AND (k <= 4707796))

explain: for range-notcovered :: explain SELECT k, c FROM sbtest%d WHERE k BETWEEN 4707696 AND 4707796
for range-notcovered
table 1 : explain SELECT k, c FROM sbtest1 WHERE k BETWEEN 666505 AND 666605
	Bitmap Heap Scan on sbtest1  (cost=5.45..397.25 rows=99 width=125)
	  Recheck Cond: ((k >= 666505) AND (k <= 666605))
	  ->  Bitmap Index Scan on k_1  (cost=0.00..5.42 rows=99 width=0)
	        Index Cond: ((k >= 666505) AND (k <= 666605))

table 2 : explain SELECT k, c FROM sbtest2 WHERE k BETWEEN 666505 AND 666605
	Bitmap Heap Scan on sbtest2  (cost=5.45..397.25 rows=99 width=125)
	  Recheck Cond: ((k >= 666505) AND (k <= 666605))
	  ->  Bitmap Index Scan on k_2  (cost=0.00..5.42 rows=99 width=0)
	        Index Cond: ((k >= 666505) AND (k <= 666605))

table 3 : explain SELECT k, c FROM sbtest3 WHERE k BETWEEN 666505 AND 666605
	Bitmap Heap Scan on sbtest3  (cost=5.53..428.75 rows=107 width=125)
	  Recheck Cond: ((k >= 666505) AND (k <= 666605))
	  ->  Bitmap Index Scan on k_3  (cost=0.00..5.50 rows=107 width=0)
	        Index Cond: ((k >= 666505) AND (k <= 666605))

table 4 : explain SELECT k, c FROM sbtest4 WHERE k BETWEEN 666505 AND 666605
	Bitmap Heap Scan on sbtest4  (cost=5.49..413.00 rows=103 width=125)
	  Recheck Cond: ((k >= 666505) AND (k <= 666605))
	  ->  Bitmap Index Scan on k_4  (cost=0.00..5.46 rows=103 width=0)
	        Index Cond: ((k >= 666505) AND (k <= 666605))

table 5 : explain SELECT k, c FROM sbtest5 WHERE k BETWEEN 666505 AND 666605
	Bitmap Heap Scan on sbtest5  (cost=5.55..436.62 rows=109 width=125)
	  Recheck Cond: ((k >= 666505) AND (k <= 666605))
	  ->  Bitmap Index Scan on k_5  (cost=0.00..5.52 rows=109 width=0)
	        Index Cond: ((k >= 666505) AND (k <= 666605))

table 6 : explain SELECT k, c FROM sbtest6 WHERE k BETWEEN 666505 AND 666605
	Bitmap Heap Scan on sbtest6  (cost=5.57..444.49 rows=111 width=125)
	  Recheck Cond: ((k >= 666505) AND (k <= 666605))
	  ->  Bitmap Index Scan on k_6  (cost=0.00..5.54 rows=111 width=0)
	        Index Cond: ((k >= 666505) AND (k <= 666605))

table 7 : explain SELECT k, c FROM sbtest7 WHERE k BETWEEN 666505 AND 666605
	Bitmap Heap Scan on sbtest7  (cost=5.43..389.37 rows=97 width=125)
	  Recheck Cond: ((k >= 666505) AND (k <= 666605))
	  ->  Bitmap Index Scan on k_7  (cost=0.00..5.40 rows=97 width=0)
	        Index Cond: ((k >= 666505) AND (k <= 666605))

table 8 : explain SELECT k, c FROM sbtest8 WHERE k BETWEEN 666505 AND 666605
	Bitmap Heap Scan on sbtest8  (cost=5.52..424.81 rows=106 width=125)
	  Recheck Cond: ((k >= 666505) AND (k <= 666605))
	  ->  Bitmap Index Scan on k_8  (cost=0.00..5.50 rows=106 width=0)
	        Index Cond: ((k >= 666505) AND (k <= 666605))

explain: for range-notcovered :: explain SELECT k, c FROM sbtest%d WHERE k BETWEEN 666505 AND 666605
for range-notcovered
table 1 : explain SELECT k, c FROM sbtest1 WHERE k BETWEEN 2261001 AND 2261101
	Bitmap Heap Scan on sbtest1  (cost=5.45..397.25 rows=99 width=125)
	  Recheck Cond: ((k >= 2261001) AND (k <= 2261101))
	  ->  Bitmap Index Scan on k_1  (cost=0.00..5.42 rows=99 width=0)
	        Index Cond: ((k >= 2261001) AND (k <= 2261101))

table 2 : explain SELECT k, c FROM sbtest2 WHERE k BETWEEN 2261001 AND 2261101
	Bitmap Heap Scan on sbtest2  (cost=5.51..420.88 rows=105 width=125)
	  Recheck Cond: ((k >= 2261001) AND (k <= 2261101))
	  ->  Bitmap Index Scan on k_2  (cost=0.00..5.48 rows=105 width=0)
	        Index Cond: ((k >= 2261001) AND (k <= 2261101))

table 3 : explain SELECT k, c FROM sbtest3 WHERE k BETWEEN 2261001 AND 2261101
	Bitmap Heap Scan on sbtest3  (cost=5.46..401.19 rows=100 width=125)
	  Recheck Cond: ((k >= 2261001) AND (k <= 2261101))
	  ->  Bitmap Index Scan on k_3  (cost=0.00..5.43 rows=100 width=0)
	        Index Cond: ((k >= 2261001) AND (k <= 2261101))

table 4 : explain SELECT k, c FROM sbtest4 WHERE k BETWEEN 2261001 AND 2261101
	Bitmap Heap Scan on sbtest4  (cost=5.53..428.75 rows=107 width=125)
	  Recheck Cond: ((k >= 2261001) AND (k <= 2261101))
	  ->  Bitmap Index Scan on k_4  (cost=0.00..5.50 rows=107 width=0)
	        Index Cond: ((k >= 2261001) AND (k <= 2261101))

table 5 : explain SELECT k, c FROM sbtest5 WHERE k BETWEEN 2261001 AND 2261101
	Bitmap Heap Scan on sbtest5  (cost=5.54..432.69 rows=108 width=125)
	  Recheck Cond: ((k >= 2261001) AND (k <= 2261101))
	  ->  Bitmap Index Scan on k_5  (cost=0.00..5.51 rows=108 width=0)
	        Index Cond: ((k >= 2261001) AND (k <= 2261101))

table 6 : explain SELECT k, c FROM sbtest6 WHERE k BETWEEN 2261001 AND 2261101
	Bitmap Heap Scan on sbtest6  (cost=5.43..389.37 rows=97 width=125)
	  Recheck Cond: ((k >= 2261001) AND (k <= 2261101))
	  ->  Bitmap Index Scan on k_6  (cost=0.00..5.40 rows=97 width=0)
	        Index Cond: ((k >= 2261001) AND (k <= 2261101))

table 7 : explain SELECT k, c FROM sbtest7 WHERE k BETWEEN 2261001 AND 2261101
	Bitmap Heap Scan on sbtest7  (cost=5.39..373.61 rows=93 width=125)
	  Recheck Cond: ((k >= 2261001) AND (k <= 2261101))
	  ->  Bitmap Index Scan on k_7  (cost=0.00..5.36 rows=93 width=0)
	        Index Cond: ((k >= 2261001) AND (k <= 2261101))

table 8 : explain SELECT k, c FROM sbtest8 WHERE k BETWEEN 2261001 AND 2261101
	Bitmap Heap Scan on sbtest8  (cost=5.43..389.37 rows=97 width=125)
	  Recheck Cond: ((k >= 2261001) AND (k <= 2261101))
	  ->  Bitmap Index Scan on k_8  (cost=0.00..5.40 rows=97 width=0)
	        Index Cond: ((k >= 2261001) AND (k <= 2261101))

explain: for range-notcovered :: explain SELECT k, c FROM sbtest%d WHERE k BETWEEN 2261001 AND 2261101
for range-notcovered
table 1 : explain SELECT k, c FROM sbtest1 WHERE k BETWEEN 2294768 AND 2294868
	Bitmap Heap Scan on sbtest1  (cost=5.45..397.25 rows=99 width=125)
	  Recheck Cond: ((k >= 2294768) AND (k <= 2294868))
	  ->  Bitmap Index Scan on k_1  (cost=0.00..5.42 rows=99 width=0)
	        Index Cond: ((k >= 2294768) AND (k <= 2294868))

table 2 : explain SELECT k, c FROM sbtest2 WHERE k BETWEEN 2294768 AND 2294868
	Bitmap Heap Scan on sbtest2  (cost=5.51..420.88 rows=105 width=125)
	  Recheck Cond: ((k >= 2294768) AND (k <= 2294868))
	  ->  Bitmap Index Scan on k_2  (cost=0.00..5.48 rows=105 width=0)
	        Index Cond: ((k >= 2294768) AND (k <= 2294868))

table 3 : explain SELECT k, c FROM sbtest3 WHERE k BETWEEN 2294768 AND 2294868
	Bitmap Heap Scan on sbtest3  (cost=5.46..401.19 rows=100 width=125)
	  Recheck Cond: ((k >= 2294768) AND (k <= 2294868))
	  ->  Bitmap Index Scan on k_3  (cost=0.00..5.43 rows=100 width=0)
	        Index Cond: ((k >= 2294768) AND (k <= 2294868))

table 4 : explain SELECT k, c FROM sbtest4 WHERE k BETWEEN 2294768 AND 2294868
	Bitmap Heap Scan on sbtest4  (cost=5.51..420.88 rows=105 width=125)
	  Recheck Cond: ((k >= 2294768) AND (k <= 2294868))
	  ->  Bitmap Index Scan on k_4  (cost=0.00..5.48 rows=105 width=0)
	        Index Cond: ((k >= 2294768) AND (k <= 2294868))

table 5 : explain SELECT k, c FROM sbtest5 WHERE k BETWEEN 2294768 AND 2294868
	Bitmap Heap Scan on sbtest5  (cost=5.54..432.69 rows=108 width=125)
	  Recheck Cond: ((k >= 2294768) AND (k <= 2294868))
	  ->  Bitmap Index Scan on k_5  (cost=0.00..5.51 rows=108 width=0)
	        Index Cond: ((k >= 2294768) AND (k <= 2294868))

table 6 : explain SELECT k, c FROM sbtest6 WHERE k BETWEEN 2294768 AND 2294868
	Bitmap Heap Scan on sbtest6  (cost=5.43..389.37 rows=97 width=125)
	  Recheck Cond: ((k >= 2294768) AND (k <= 2294868))
	  ->  Bitmap Index Scan on k_6  (cost=0.00..5.40 rows=97 width=0)
	        Index Cond: ((k >= 2294768) AND (k <= 2294868))

table 7 : explain SELECT k, c FROM sbtest7 WHERE k BETWEEN 2294768 AND 2294868
	Bitmap Heap Scan on sbtest7  (cost=5.39..373.61 rows=93 width=125)
	  Recheck Cond: ((k >= 2294768) AND (k <= 2294868))
	  ->  Bitmap Index Scan on k_7  (cost=0.00..5.36 rows=93 width=0)
	        Index Cond: ((k >= 2294768) AND (k <= 2294868))

table 8 : explain SELECT k, c FROM sbtest8 WHERE k BETWEEN 2294768 AND 2294868
	Bitmap Heap Scan on sbtest8  (cost=5.43..389.37 rows=97 width=125)
	  Recheck Cond: ((k >= 2294768) AND (k <= 2294868))
	  ->  Bitmap Index Scan on k_8  (cost=0.00..5.40 rows=97 width=0)
	        Index Cond: ((k >= 2294768) AND (k <= 2294868))

explain: for range-notcovered :: explain SELECT k, c FROM sbtest%d WHERE k BETWEEN 2294768 AND 2294868
explain: for range-notcovered :: explain SELECT k, c FROM sbtest%d WHERE k BETWEEN 2483849 AND 2483949
for range-notcovered
table 1 : explain SELECT k, c FROM sbtest1 WHERE k BETWEEN 4707696 AND 4707796
	Bitmap Heap Scan on sbtest1  (cost=5.52..424.81 rows=106 width=125)
	  Recheck Cond: ((k >= 4707696) AND (k <= 4707796))
	  ->  Bitmap Index Scan on k_1  (cost=0.00..5.50 rows=106 width=0)
	        Index Cond: ((k >= 4707696) AND (k <= 4707796))

table 2 : explain SELECT k, c FROM sbtest2 WHERE k BETWEEN 4707696 AND 4707796
	Bitmap Heap Scan on sbtest2  (cost=5.45..397.25 rows=99 width=125)
	  Recheck Cond: ((k >= 4707696) AND (k <= 4707796))
	  ->  Bitmap Index Scan on k_2  (cost=0.00..5.42 rows=99 width=0)
	        Index Cond: ((k >= 4707696) AND (k <= 4707796))

table 3 : explain SELECT k, c FROM sbtest3 WHERE k BETWEEN 4707696 AND 4707796
	Bitmap Heap Scan on sbtest3  (cost=5.35..357.84 rows=89 width=125)
	  Recheck Cond: ((k >= 4707696) AND (k <= 4707796))
	  ->  Bitmap Index Scan on k_3  (cost=0.00..5.32 rows=89 width=0)
	        Index Cond: ((k >= 4707696) AND (k <= 4707796))

table 4 : explain SELECT k, c FROM sbtest4 WHERE k BETWEEN 4707696 AND 4707796
	Bitmap Heap Scan on sbtest4  (cost=5.43..389.37 rows=97 width=125)
	  Recheck Cond: ((k >= 4707696) AND (k <= 4707796))
	  ->  Bitmap Index Scan on k_4  (cost=0.00..5.40 rows=97 width=0)
	        Index Cond: ((k >= 4707696) AND (k <= 4707796))

table 5 : explain SELECT k, c FROM sbtest5 WHERE k BETWEEN 4707696 AND 4707796
	Bitmap Heap Scan on sbtest5  (cost=5.51..420.88 rows=105 width=125)
	  Recheck Cond: ((k >= 4707696) AND (k <= 4707796))
	  ->  Bitmap Index Scan on k_5  (cost=0.00..5.48 rows=105 width=0)
	        Index Cond: ((k >= 4707696) AND (k <= 4707796))

table 6 : explain SELECT k, c FROM sbtest6 WHERE k BETWEEN 4707696 AND 4707796
	Bitmap Heap Scan on sbtest6  (cost=5.48..409.07 rows=102 width=125)
	  Recheck Cond: ((k >= 4707696) AND (k <= 4707796))
	  ->  Bitmap Index Scan on k_6  (cost=0.00..5.45 rows=102 width=0)
	        Index Cond: ((k >= 4707696) AND (k <= 4707796))

table 7 : explain SELECT k, c FROM sbtest7 WHERE k BETWEEN 4707696 AND 4707796
	Bitmap Heap Scan on sbtest7  (cost=5.43..389.37 rows=97 width=125)
	  Recheck Cond: ((k >= 4707696) AND (k <= 4707796))
	  ->  Bitmap Index Scan on k_7  (cost=0.00..5.40 rows=97 width=0)
	        Index Cond: ((k >= 4707696) AND (k <= 4707796))

table 8 : explain SELECT k, c FROM sbtest8 WHERE k BETWEEN 4707696 AND 4707796
	Bitmap Heap Scan on sbtest8  (cost=5.51..420.88 rows=105 width=125)
	  Recheck Cond: ((k >= 4707696) AND (k <= 4707796))
	  ->  Bitmap Index Scan on k_8  (cost=0.00..5.48 rows=105 width=0)
	        Index Cond: ((k >= 4707696) AND (k <= 4707796))

for range-notcovered
table 1 : explain SELECT k, c FROM sbtest1 WHERE k BETWEEN 666505 AND 666605
	Bitmap Heap Scan on sbtest1  (cost=5.45..397.25 rows=99 width=125)
	  Recheck Cond: ((k >= 666505) AND (k <= 666605))
	  ->  Bitmap Index Scan on k_1  (cost=0.00..5.42 rows=99 width=0)
	        Index Cond: ((k >= 666505) AND (k <= 666605))

table 2 : explain SELECT k, c FROM sbtest2 WHERE k BETWEEN 666505 AND 666605
	Bitmap Heap Scan on sbtest2  (cost=5.45..397.25 rows=99 width=125)
	  Recheck Cond: ((k >= 666505) AND (k <= 666605))
	  ->  Bitmap Index Scan on k_2  (cost=0.00..5.42 rows=99 width=0)
	        Index Cond: ((k >= 666505) AND (k <= 666605))

table 3 : explain SELECT k, c FROM sbtest3 WHERE k BETWEEN 666505 AND 666605
	Bitmap Heap Scan on sbtest3  (cost=5.53..428.75 rows=107 width=125)
	  Recheck Cond: ((k >= 666505) AND (k <= 666605))
	  ->  Bitmap Index Scan on k_3  (cost=0.00..5.50 rows=107 width=0)
	        Index Cond: ((k >= 666505) AND (k <= 666605))

table 4 : explain SELECT k, c FROM sbtest4 WHERE k BETWEEN 666505 AND 666605
	Bitmap Heap Scan on sbtest4  (cost=5.49..413.00 rows=103 width=125)
	  Recheck Cond: ((k >= 666505) AND (k <= 666605))
	  ->  Bitmap Index Scan on k_4  (cost=0.00..5.46 rows=103 width=0)
	        Index Cond: ((k >= 666505) AND (k <= 666605))

table 5 : explain SELECT k, c FROM sbtest5 WHERE k BETWEEN 666505 AND 666605
	Bitmap Heap Scan on sbtest5  (cost=5.55..436.62 rows=109 width=125)
	  Recheck Cond: ((k >= 666505) AND (k <= 666605))
	  ->  Bitmap Index Scan on k_5  (cost=0.00..5.52 rows=109 width=0)
	        Index Cond: ((k >= 666505) AND (k <= 666605))

table 6 : explain SELECT k, c FROM sbtest6 WHERE k BETWEEN 666505 AND 666605
	Bitmap Heap Scan on sbtest6  (cost=5.57..444.49 rows=111 width=125)
	  Recheck Cond: ((k >= 666505) AND (k <= 666605))
	  ->  Bitmap Index Scan on k_6  (cost=0.00..5.54 rows=111 width=0)
	        Index Cond: ((k >= 666505) AND (k <= 666605))

table 7 : explain SELECT k, c FROM sbtest7 WHERE k BETWEEN 666505 AND 666605
	Bitmap Heap Scan on sbtest7  (cost=5.43..389.37 rows=97 width=125)
	  Recheck Cond: ((k >= 666505) AND (k <= 666605))
	  ->  Bitmap Index Scan on k_7  (cost=0.00..5.40 rows=97 width=0)
	        Index Cond: ((k >= 666505) AND (k <= 666605))

table 8 : explain SELECT k, c FROM sbtest8 WHERE k BETWEEN 666505 AND 666605
	Bitmap Heap Scan on sbtest8  (cost=5.52..424.81 rows=106 width=125)
	  Recheck Cond: ((k >= 666505) AND (k <= 666605))
	  ->  Bitmap Index Scan on k_8  (cost=0.00..5.50 rows=106 width=0)
	        Index Cond: ((k >= 666505) AND (k <= 666605))

explain: for range-notcovered :: explain SELECT k, c FROM sbtest%d WHERE k BETWEEN 666505 AND 666605
for range-notcovered
table 1 : explain SELECT k, c FROM sbtest1 WHERE k BETWEEN 7001489 AND 7001589
	Bitmap Heap Scan on sbtest1  (cost=5.53..428.75 rows=107 width=125)
	  Recheck Cond: ((k >= 7001489) AND (k <= 7001589))
	  ->  Bitmap Index Scan on k_1  (cost=0.00..5.50 rows=107 width=0)
	        Index Cond: ((k >= 7001489) AND (k <= 7001589))

table 2 : explain SELECT k, c FROM sbtest2 WHERE k BETWEEN 7001489 AND 7001589
	Bitmap Heap Scan on sbtest2  (cost=5.45..397.25 rows=99 width=125)
	  Recheck Cond: ((k >= 7001489) AND (k <= 7001589))
	  ->  Bitmap Index Scan on k_2  (cost=0.00..5.42 rows=99 width=0)
	        Index Cond: ((k >= 7001489) AND (k <= 7001589))

table 3 : explain SELECT k, c FROM sbtest3 WHERE k BETWEEN 7001489 AND 7001589
	Bitmap Heap Scan on sbtest3  (cost=5.48..409.07 rows=102 width=125)
	  Recheck Cond: ((k >= 7001489) AND (k <= 7001589))
	  ->  Bitmap Index Scan on k_3  (cost=0.00..5.45 rows=102 width=0)
	        Index Cond: ((k >= 7001489) AND (k <= 7001589))

table 4 : explain SELECT k, c FROM sbtest4 WHERE k BETWEEN 7001489 AND 7001589
	Bitmap Heap Scan on sbtest4  (cost=5.43..389.37 rows=97 width=125)
	  Recheck Cond: ((k >= 7001489) AND (k <= 7001589))
	  ->  Bitmap Index Scan on k_4  (cost=0.00..5.40 rows=97 width=0)
	        Index Cond: ((k >= 7001489) AND (k <= 7001589))

table 5 : explain SELECT k, c FROM sbtest5 WHERE k BETWEEN 7001489 AND 7001589
	Bitmap Heap Scan on sbtest5  (cost=5.46..401.19 rows=100 width=125)
	  Recheck Cond: ((k >= 7001489) AND (k <= 7001589))
	  ->  Bitmap Index Scan on k_5  (cost=0.00..5.43 rows=100 width=0)
	        Index Cond: ((k >= 7001489) AND (k <= 7001589))

table 6 : explain SELECT k, c FROM sbtest6 WHERE k BETWEEN 7001489 AND 7001589
	Bitmap Heap Scan on sbtest6  (cost=5.41..381.49 rows=95 width=125)
	  Recheck Cond: ((k >= 7001489) AND (k <= 7001589))
	  ->  Bitmap Index Scan on k_6  (cost=0.00..5.38 rows=95 width=0)
	        Index Cond: ((k >= 7001489) AND (k <= 7001589))

table 7 : explain SELECT k, c FROM sbtest7 WHERE k BETWEEN 7001489 AND 7001589
	Bitmap Heap Scan on sbtest7  (cost=5.49..413.00 rows=103 width=125)
	  Recheck Cond: ((k >= 7001489) AND (k <= 7001589))
	  ->  Bitmap Index Scan on k_7  (cost=0.00..5.46 rows=103 width=0)
	        Index Cond: ((k >= 7001489) AND (k <= 7001589))

table 8 : explain SELECT k, c FROM sbtest8 WHERE k BETWEEN 7001489 AND 7001589
	Bitmap Heap Scan on sbtest8  (cost=5.46..401.19 rows=100 width=125)
	  Recheck Cond: ((k >= 7001489) AND (k <= 7001589))
	  ->  Bitmap Index Scan on k_8  (cost=0.00..5.43 rows=100 width=0)
	        Index Cond: ((k >= 7001489) AND (k <= 7001589))

explain: for range-notcovered :: explain SELECT k, c FROM sbtest%d WHERE k BETWEEN 7001489 AND 7001589
explain: for range-notcovered :: explain SELECT k, c FROM sbtest%d WHERE k BETWEEN 4707696 AND 4707796
for range-notcovered
table 1 : explain SELECT k, c FROM sbtest1 WHERE k BETWEEN 2294768 AND 2294868
	Bitmap Heap Scan on sbtest1  (cost=5.45..397.25 rows=99 width=125)
	  Recheck Cond: ((k >= 2294768) AND (k <= 2294868))
	  ->  Bitmap Index Scan on k_1  (cost=0.00..5.42 rows=99 width=0)
	        Index Cond: ((k >= 2294768) AND (k <= 2294868))

table 2 : explain SELECT k, c FROM sbtest2 WHERE k BETWEEN 2294768 AND 2294868
	Bitmap Heap Scan on sbtest2  (cost=5.51..420.88 rows=105 width=125)
	  Recheck Cond: ((k >= 2294768) AND (k <= 2294868))
	  ->  Bitmap Index Scan on k_2  (cost=0.00..5.48 rows=105 width=0)
	        Index Cond: ((k >= 2294768) AND (k <= 2294868))

table 3 : explain SELECT k, c FROM sbtest3 WHERE k BETWEEN 2294768 AND 2294868
	Bitmap Heap Scan on sbtest3  (cost=5.46..401.19 rows=100 width=125)
	  Recheck Cond: ((k >= 2294768) AND (k <= 2294868))
	  ->  Bitmap Index Scan on k_3  (cost=0.00..5.43 rows=100 width=0)
	        Index Cond: ((k >= 2294768) AND (k <= 2294868))

table 4 : explain SELECT k, c FROM sbtest4 WHERE k BETWEEN 2294768 AND 2294868
	Bitmap Heap Scan on sbtest4  (cost=5.51..420.88 rows=105 width=125)
	  Recheck Cond: ((k >= 2294768) AND (k <= 2294868))
	  ->  Bitmap Index Scan on k_4  (cost=0.00..5.48 rows=105 width=0)
	        Index Cond: ((k >= 2294768) AND (k <= 2294868))

table 5 : explain SELECT k, c FROM sbtest5 WHERE k BETWEEN 2294768 AND 2294868
	Bitmap Heap Scan on sbtest5  (cost=5.54..432.69 rows=108 width=125)
	  Recheck Cond: ((k >= 2294768) AND (k <= 2294868))
	  ->  Bitmap Index Scan on k_5  (cost=0.00..5.51 rows=108 width=0)
	        Index Cond: ((k >= 2294768) AND (k <= 2294868))

table 6 : explain SELECT k, c FROM sbtest6 WHERE k BETWEEN 2294768 AND 2294868
	Bitmap Heap Scan on sbtest6  (cost=5.43..389.37 rows=97 width=125)
	  Recheck Cond: ((k >= 2294768) AND (k <= 2294868))
	  ->  Bitmap Index Scan on k_6  (cost=0.00..5.40 rows=97 width=0)
	        Index Cond: ((k >= 2294768) AND (k <= 2294868))

table 7 : explain SELECT k, c FROM sbtest7 WHERE k BETWEEN 2294768 AND 2294868
	Bitmap Heap Scan on sbtest7  (cost=5.39..373.61 rows=93 width=125)
	  Recheck Cond: ((k >= 2294768) AND (k <= 2294868))
	  ->  Bitmap Index Scan on k_7  (cost=0.00..5.36 rows=93 width=0)
	        Index Cond: ((k >= 2294768) AND (k <= 2294868))

table 8 : explain SELECT k, c FROM sbtest8 WHERE k BETWEEN 2294768 AND 2294868
	Bitmap Heap Scan on sbtest8  (cost=5.43..389.37 rows=97 width=125)
	  Recheck Cond: ((k >= 2294768) AND (k <= 2294868))
	  ->  Bitmap Index Scan on k_8  (cost=0.00..5.40 rows=97 width=0)
	        Index Cond: ((k >= 2294768) AND (k <= 2294868))

explain: for range-notcovered :: explain SELECT k, c FROM sbtest%d WHERE k BETWEEN 2294768 AND 2294868
for range-notcovered
table 1 : explain SELECT k, c FROM sbtest1 WHERE k BETWEEN 2261001 AND 2261101
	Bitmap Heap Scan on sbtest1  (cost=5.45..397.25 rows=99 width=125)
	  Recheck Cond: ((k >= 2261001) AND (k <= 2261101))
	  ->  Bitmap Index Scan on k_1  (cost=0.00..5.42 rows=99 width=0)
	        Index Cond: ((k >= 2261001) AND (k <= 2261101))

table 2 : explain SELECT k, c FROM sbtest2 WHERE k BETWEEN 2261001 AND 2261101
	Bitmap Heap Scan on sbtest2  (cost=5.51..420.88 rows=105 width=125)
	  Recheck Cond: ((k >= 2261001) AND (k <= 2261101))
	  ->  Bitmap Index Scan on k_2  (cost=0.00..5.48 rows=105 width=0)
	        Index Cond: ((k >= 2261001) AND (k <= 2261101))

table 3 : explain SELECT k, c FROM sbtest3 WHERE k BETWEEN 2261001 AND 2261101
	Bitmap Heap Scan on sbtest3  (cost=5.46..401.19 rows=100 width=125)
	  Recheck Cond: ((k >= 2261001) AND (k <= 2261101))
	  ->  Bitmap Index Scan on k_3  (cost=0.00..5.43 rows=100 width=0)
	        Index Cond: ((k >= 2261001) AND (k <= 2261101))

table 4 : explain SELECT k, c FROM sbtest4 WHERE k BETWEEN 2261001 AND 2261101
	Bitmap Heap Scan on sbtest4  (cost=5.53..428.75 rows=107 width=125)
	  Recheck Cond: ((k >= 2261001) AND (k <= 2261101))
	  ->  Bitmap Index Scan on k_4  (cost=0.00..5.50 rows=107 width=0)
	        Index Cond: ((k >= 2261001) AND (k <= 2261101))

table 5 : explain SELECT k, c FROM sbtest5 WHERE k BETWEEN 2261001 AND 2261101
	Bitmap Heap Scan on sbtest5  (cost=5.54..432.69 rows=108 width=125)
	  Recheck Cond: ((k >= 2261001) AND (k <= 2261101))
	  ->  Bitmap Index Scan on k_5  (cost=0.00..5.51 rows=108 width=0)
	        Index Cond: ((k >= 2261001) AND (k <= 2261101))

table 6 : explain SELECT k, c FROM sbtest6 WHERE k BETWEEN 2261001 AND 2261101
	Bitmap Heap Scan on sbtest6  (cost=5.43..389.37 rows=97 width=125)
	  Recheck Cond: ((k >= 2261001) AND (k <= 2261101))
	  ->  Bitmap Index Scan on k_6  (cost=0.00..5.40 rows=97 width=0)
	        Index Cond: ((k >= 2261001) AND (k <= 2261101))

table 7 : explain SELECT k, c FROM sbtest7 WHERE k BETWEEN 2261001 AND 2261101
	Bitmap Heap Scan on sbtest7  (cost=5.39..373.61 rows=93 width=125)
	  Recheck Cond: ((k >= 2261001) AND (k <= 2261101))
	  ->  Bitmap Index Scan on k_7  (cost=0.00..5.36 rows=93 width=0)
	        Index Cond: ((k >= 2261001) AND (k <= 2261101))

table 8 : explain SELECT k, c FROM sbtest8 WHERE k BETWEEN 2261001 AND 2261101
	Bitmap Heap Scan on sbtest8  (cost=5.43..389.37 rows=97 width=125)
	  Recheck Cond: ((k >= 2261001) AND (k <= 2261101))
	  ->  Bitmap Index Scan on k_8  (cost=0.00..5.40 rows=97 width=0)
	        Index Cond: ((k >= 2261001) AND (k <= 2261101))

explain: for range-notcovered :: explain SELECT k, c FROM sbtest%d WHERE k BETWEEN 2261001 AND 2261101
for range-notcovered
table 1 : explain SELECT k, c FROM sbtest1 WHERE k BETWEEN 666505 AND 666605
	Bitmap Heap Scan on sbtest1  (cost=5.45..397.25 rows=99 width=125)
	  Recheck Cond: ((k >= 666505) AND (k <= 666605))
	  ->  Bitmap Index Scan on k_1  (cost=0.00..5.42 rows=99 width=0)
	        Index Cond: ((k >= 666505) AND (k <= 666605))

table 2 : explain SELECT k, c FROM sbtest2 WHERE k BETWEEN 666505 AND 666605
	Bitmap Heap Scan on sbtest2  (cost=5.45..397.25 rows=99 width=125)
	  Recheck Cond: ((k >= 666505) AND (k <= 666605))
	  ->  Bitmap Index Scan on k_2  (cost=0.00..5.42 rows=99 width=0)
	        Index Cond: ((k >= 666505) AND (k <= 666605))

table 3 : explain SELECT k, c FROM sbtest3 WHERE k BETWEEN 666505 AND 666605
	Bitmap Heap Scan on sbtest3  (cost=5.53..428.75 rows=107 width=125)
	  Recheck Cond: ((k >= 666505) AND (k <= 666605))
	  ->  Bitmap Index Scan on k_3  (cost=0.00..5.50 rows=107 width=0)
	        Index Cond: ((k >= 666505) AND (k <= 666605))

table 4 : explain SELECT k, c FROM sbtest4 WHERE k BETWEEN 666505 AND 666605
	Bitmap Heap Scan on sbtest4  (cost=5.49..413.00 rows=103 width=125)
	  Recheck Cond: ((k >= 666505) AND (k <= 666605))
	  ->  Bitmap Index Scan on k_4  (cost=0.00..5.46 rows=103 width=0)
	        Index Cond: ((k >= 666505) AND (k <= 666605))

table 5 : explain SELECT k, c FROM sbtest5 WHERE k BETWEEN 666505 AND 666605
	Bitmap Heap Scan on sbtest5  (cost=5.55..436.62 rows=109 width=125)
	  Recheck Cond: ((k >= 666505) AND (k <= 666605))
	  ->  Bitmap Index Scan on k_5  (cost=0.00..5.52 rows=109 width=0)
	        Index Cond: ((k >= 666505) AND (k <= 666605))

table 6 : explain SELECT k, c FROM sbtest6 WHERE k BETWEEN 666505 AND 666605
	Bitmap Heap Scan on sbtest6  (cost=5.57..444.49 rows=111 width=125)
	  Recheck Cond: ((k >= 666505) AND (k <= 666605))
	  ->  Bitmap Index Scan on k_6  (cost=0.00..5.54 rows=111 width=0)
	        Index Cond: ((k >= 666505) AND (k <= 666605))

table 7 : explain SELECT k, c FROM sbtest7 WHERE k BETWEEN 666505 AND 666605
	Bitmap Heap Scan on sbtest7  (cost=5.43..389.37 rows=97 width=125)
	  Recheck Cond: ((k >= 666505) AND (k <= 666605))
	  ->  Bitmap Index Scan on k_7  (cost=0.00..5.40 rows=97 width=0)
	        Index Cond: ((k >= 666505) AND (k <= 666605))

table 8 : explain SELECT k, c FROM sbtest8 WHERE k BETWEEN 666505 AND 666605
	Bitmap Heap Scan on sbtest8  (cost=5.52..424.81 rows=106 width=125)
	  Recheck Cond: ((k >= 666505) AND (k <= 666605))
	  ->  Bitmap Index Scan on k_8  (cost=0.00..5.50 rows=106 width=0)
	        Index Cond: ((k >= 666505) AND (k <= 666605))

explain: for range-notcovered :: explain SELECT k, c FROM sbtest%d WHERE k BETWEEN 666505 AND 666605
for range-notcovered
table 1 : explain SELECT k, c FROM sbtest1 WHERE k BETWEEN 7001489 AND 7001589
	Bitmap Heap Scan on sbtest1  (cost=5.53..428.75 rows=107 width=125)
	  Recheck Cond: ((k >= 7001489) AND (k <= 7001589))
	  ->  Bitmap Index Scan on k_1  (cost=0.00..5.50 rows=107 width=0)
	        Index Cond: ((k >= 7001489) AND (k <= 7001589))

table 2 : explain SELECT k, c FROM sbtest2 WHERE k BETWEEN 7001489 AND 7001589
	Bitmap Heap Scan on sbtest2  (cost=5.45..397.25 rows=99 width=125)
	  Recheck Cond: ((k >= 7001489) AND (k <= 7001589))
	  ->  Bitmap Index Scan on k_2  (cost=0.00..5.42 rows=99 width=0)
	        Index Cond: ((k >= 7001489) AND (k <= 7001589))

table 3 : explain SELECT k, c FROM sbtest3 WHERE k BETWEEN 7001489 AND 7001589
	Bitmap Heap Scan on sbtest3  (cost=5.48..409.07 rows=102 width=125)
	  Recheck Cond: ((k >= 7001489) AND (k <= 7001589))
	  ->  Bitmap Index Scan on k_3  (cost=0.00..5.45 rows=102 width=0)
	        Index Cond: ((k >= 7001489) AND (k <= 7001589))

table 4 : explain SELECT k, c FROM sbtest4 WHERE k BETWEEN 7001489 AND 7001589
	Bitmap Heap Scan on sbtest4  (cost=5.43..389.37 rows=97 width=125)
	  Recheck Cond: ((k >= 7001489) AND (k <= 7001589))
	  ->  Bitmap Index Scan on k_4  (cost=0.00..5.40 rows=97 width=0)
	        Index Cond: ((k >= 7001489) AND (k <= 7001589))

table 5 : explain SELECT k, c FROM sbtest5 WHERE k BETWEEN 7001489 AND 7001589
	Bitmap Heap Scan on sbtest5  (cost=5.46..401.19 rows=100 width=125)
	  Recheck Cond: ((k >= 7001489) AND (k <= 7001589))
	  ->  Bitmap Index Scan on k_5  (cost=0.00..5.43 rows=100 width=0)
	        Index Cond: ((k >= 7001489) AND (k <= 7001589))

table 6 : explain SELECT k, c FROM sbtest6 WHERE k BETWEEN 7001489 AND 7001589
	Bitmap Heap Scan on sbtest6  (cost=5.41..381.49 rows=95 width=125)
	  Recheck Cond: ((k >= 7001489) AND (k <= 7001589))
	  ->  Bitmap Index Scan on k_6  (cost=0.00..5.38 rows=95 width=0)
	        Index Cond: ((k >= 7001489) AND (k <= 7001589))

table 7 : explain SELECT k, c FROM sbtest7 WHERE k BETWEEN 7001489 AND 7001589
	Bitmap Heap Scan on sbtest7  (cost=5.49..413.00 rows=103 width=125)
	  Recheck Cond: ((k >= 7001489) AND (k <= 7001589))
	  ->  Bitmap Index Scan on k_7  (cost=0.00..5.46 rows=103 width=0)
	        Index Cond: ((k >= 7001489) AND (k <= 7001589))

table 8 : explain SELECT k, c FROM sbtest8 WHERE k BETWEEN 7001489 AND 7001589
	Bitmap Heap Scan on sbtest8  (cost=5.46..401.19 rows=100 width=125)
	  Recheck Cond: ((k >= 7001489) AND (k <= 7001589))
	  ->  Bitmap Index Scan on k_8  (cost=0.00..5.43 rows=100 width=0)
	        Index Cond: ((k >= 7001489) AND (k <= 7001589))

explain: for range-notcovered :: explain SELECT k, c FROM sbtest%d WHERE k BETWEEN 7001489 AND 7001589
for range-notcovered
table 1 : explain SELECT k, c FROM sbtest1 WHERE k BETWEEN 4707696 AND 4707796
	Bitmap Heap Scan on sbtest1  (cost=5.52..424.81 rows=106 width=125)
	  Recheck Cond: ((k >= 4707696) AND (k <= 4707796))
	  ->  Bitmap Index Scan on k_1  (cost=0.00..5.50 rows=106 width=0)
	        Index Cond: ((k >= 4707696) AND (k <= 4707796))

table 2 : explain SELECT k, c FROM sbtest2 WHERE k BETWEEN 4707696 AND 4707796
	Bitmap Heap Scan on sbtest2  (cost=5.45..397.25 rows=99 width=125)
	  Recheck Cond: ((k >= 4707696) AND (k <= 4707796))
	  ->  Bitmap Index Scan on k_2  (cost=0.00..5.42 rows=99 width=0)
	        Index Cond: ((k >= 4707696) AND (k <= 4707796))

table 3 : explain SELECT k, c FROM sbtest3 WHERE k BETWEEN 4707696 AND 4707796
	Bitmap Heap Scan on sbtest3  (cost=5.35..357.84 rows=89 width=125)
	  Recheck Cond: ((k >= 4707696) AND (k <= 4707796))
	  ->  Bitmap Index Scan on k_3  (cost=0.00..5.32 rows=89 width=0)
	        Index Cond: ((k >= 4707696) AND (k <= 4707796))

table 4 : explain SELECT k, c FROM sbtest4 WHERE k BETWEEN 4707696 AND 4707796
	Bitmap Heap Scan on sbtest4  (cost=5.43..389.37 rows=97 width=125)
	  Recheck Cond: ((k >= 4707696) AND (k <= 4707796))
	  ->  Bitmap Index Scan on k_4  (cost=0.00..5.40 rows=97 width=0)
	        Index Cond: ((k >= 4707696) AND (k <= 4707796))

table 5 : explain SELECT k, c FROM sbtest5 WHERE k BETWEEN 4707696 AND 4707796
	Bitmap Heap Scan on sbtest5  (cost=5.51..420.88 rows=105 width=125)
	  Recheck Cond: ((k >= 4707696) AND (k <= 4707796))
	  ->  Bitmap Index Scan on k_5  (cost=0.00..5.48 rows=105 width=0)
	        Index Cond: ((k >= 4707696) AND (k <= 4707796))

table 6 : explain SELECT k, c FROM sbtest6 WHERE k BETWEEN 4707696 AND 4707796
	Bitmap Heap Scan on sbtest6  (cost=5.48..409.07 rows=102 width=125)
	  Recheck Cond: ((k >= 4707696) AND (k <= 4707796))
	  ->  Bitmap Index Scan on k_6  (cost=0.00..5.45 rows=102 width=0)
	        Index Cond: ((k >= 4707696) AND (k <= 4707796))

table 7 : explain SELECT k, c FROM sbtest7 WHERE k BETWEEN 4707696 AND 4707796
	Bitmap Heap Scan on sbtest7  (cost=5.43..389.37 rows=97 width=125)
	  Recheck Cond: ((k >= 4707696) AND (k <= 4707796))
	  ->  Bitmap Index Scan on k_7  (cost=0.00..5.40 rows=97 width=0)
	        Index Cond: ((k >= 4707696) AND (k <= 4707796))

table 8 : explain SELECT k, c FROM sbtest8 WHERE k BETWEEN 4707696 AND 4707796
	Bitmap Heap Scan on sbtest8  (cost=5.51..420.88 rows=105 width=125)
	  Recheck Cond: ((k >= 4707696) AND (k <= 4707796))
	  ->  Bitmap Index Scan on k_8  (cost=0.00..5.48 rows=105 width=0)
	        Index Cond: ((k >= 4707696) AND (k <= 4707796))

for range-notcovered
table 1 : explain SELECT k, c FROM sbtest1 WHERE k BETWEEN 2294768 AND 2294868
	Bitmap Heap Scan on sbtest1  (cost=5.45..397.25 rows=99 width=125)
	  Recheck Cond: ((k >= 2294768) AND (k <= 2294868))
	  ->  Bitmap Index Scan on k_1  (cost=0.00..5.42 rows=99 width=0)
	        Index Cond: ((k >= 2294768) AND (k <= 2294868))

table 2 : explain SELECT k, c FROM sbtest2 WHERE k BETWEEN 2294768 AND 2294868
	Bitmap Heap Scan on sbtest2  (cost=5.51..420.88 rows=105 width=125)
	  Recheck Cond: ((k >= 2294768) AND (k <= 2294868))
	  ->  Bitmap Index Scan on k_2  (cost=0.00..5.48 rows=105 width=0)
	        Index Cond: ((k >= 2294768) AND (k <= 2294868))

table 3 : explain SELECT k, c FROM sbtest3 WHERE k BETWEEN 2294768 AND 2294868
	Bitmap Heap Scan on sbtest3  (cost=5.46..401.19 rows=100 width=125)
	  Recheck Cond: ((k >= 2294768) AND (k <= 2294868))
	  ->  Bitmap Index Scan on k_3  (cost=0.00..5.43 rows=100 width=0)
	        Index Cond: ((k >= 2294768) AND (k <= 2294868))

table 4 : explain SELECT k, c FROM sbtest4 WHERE k BETWEEN 2294768 AND 2294868
	Bitmap Heap Scan on sbtest4  (cost=5.51..420.88 rows=105 width=125)
	  Recheck Cond: ((k >= 2294768) AND (k <= 2294868))
	  ->  Bitmap Index Scan on k_4  (cost=0.00..5.48 rows=105 width=0)
	        Index Cond: ((k >= 2294768) AND (k <= 2294868))

table 5 : explain SELECT k, c FROM sbtest5 WHERE k BETWEEN 2294768 AND 2294868
	Bitmap Heap Scan on sbtest5  (cost=5.54..432.69 rows=108 width=125)
	  Recheck Cond: ((k >= 2294768) AND (k <= 2294868))
	  ->  Bitmap Index Scan on k_5  (cost=0.00..5.51 rows=108 width=0)
	        Index Cond: ((k >= 2294768) AND (k <= 2294868))

table 6 : explain SELECT k, c FROM sbtest6 WHERE k BETWEEN 2294768 AND 2294868
	Bitmap Heap Scan on sbtest6  (cost=5.43..389.37 rows=97 width=125)
	  Recheck Cond: ((k >= 2294768) AND (k <= 2294868))
	  ->  Bitmap Index Scan on k_6  (cost=0.00..5.40 rows=97 width=0)
	        Index Cond: ((k >= 2294768) AND (k <= 2294868))

table 7 : explain SELECT k, c FROM sbtest7 WHERE k BETWEEN 2294768 AND 2294868
	Bitmap Heap Scan on sbtest7  (cost=5.39..373.61 rows=93 width=125)
	  Recheck Cond: ((k >= 2294768) AND (k <= 2294868))
	  ->  Bitmap Index Scan on k_7  (cost=0.00..5.36 rows=93 width=0)
	        Index Cond: ((k >= 2294768) AND (k <= 2294868))

table 8 : explain SELECT k, c FROM sbtest8 WHERE k BETWEEN 2294768 AND 2294868
	Bitmap Heap Scan on sbtest8  (cost=5.43..389.37 rows=97 width=125)
	  Recheck Cond: ((k >= 2294768) AND (k <= 2294868))
	  ->  Bitmap Index Scan on k_8  (cost=0.00..5.40 rows=97 width=0)
	        Index Cond: ((k >= 2294768) AND (k <= 2294868))

explain: for range-notcovered :: explain SELECT k, c FROM sbtest%d WHERE k BETWEEN 4707696 AND 4707796
explain: for range-notcovered :: explain SELECT k, c FROM sbtest%d WHERE k BETWEEN 2294768 AND 2294868
for range-notcovered
table 1 : explain SELECT k, c FROM sbtest1 WHERE k BETWEEN 2261001 AND 2261101
	Bitmap Heap Scan on sbtest1  (cost=5.45..397.25 rows=99 width=125)
	  Recheck Cond: ((k >= 2261001) AND (k <= 2261101))
	  ->  Bitmap Index Scan on k_1  (cost=0.00..5.42 rows=99 width=0)
	        Index Cond: ((k >= 2261001) AND (k <= 2261101))

table 2 : explain SELECT k, c FROM sbtest2 WHERE k BETWEEN 2261001 AND 2261101
	Bitmap Heap Scan on sbtest2  (cost=5.51..420.88 rows=105 width=125)
	  Recheck Cond: ((k >= 2261001) AND (k <= 2261101))
	  ->  Bitmap Index Scan on k_2  (cost=0.00..5.48 rows=105 width=0)
	        Index Cond: ((k >= 2261001) AND (k <= 2261101))

table 3 : explain SELECT k, c FROM sbtest3 WHERE k BETWEEN 2261001 AND 2261101
	Bitmap Heap Scan on sbtest3  (cost=5.46..401.19 rows=100 width=125)
	  Recheck Cond: ((k >= 2261001) AND (k <= 2261101))
	  ->  Bitmap Index Scan on k_3  (cost=0.00..5.43 rows=100 width=0)
	        Index Cond: ((k >= 2261001) AND (k <= 2261101))

table 4 : explain SELECT k, c FROM sbtest4 WHERE k BETWEEN 2261001 AND 2261101
	Bitmap Heap Scan on sbtest4  (cost=5.53..428.75 rows=107 width=125)
	  Recheck Cond: ((k >= 2261001) AND (k <= 2261101))
	  ->  Bitmap Index Scan on k_4  (cost=0.00..5.50 rows=107 width=0)
	        Index Cond: ((k >= 2261001) AND (k <= 2261101))

table 5 : explain SELECT k, c FROM sbtest5 WHERE k BETWEEN 2261001 AND 2261101
	Bitmap Heap Scan on sbtest5  (cost=5.54..432.69 rows=108 width=125)
	  Recheck Cond: ((k >= 2261001) AND (k <= 2261101))
	  ->  Bitmap Index Scan on k_5  (cost=0.00..5.51 rows=108 width=0)
	        Index Cond: ((k >= 2261001) AND (k <= 2261101))

table 6 : explain SELECT k, c FROM sbtest6 WHERE k BETWEEN 2261001 AND 2261101
	Bitmap Heap Scan on sbtest6  (cost=5.43..389.37 rows=97 width=125)
	  Recheck Cond: ((k >= 2261001) AND (k <= 2261101))
	  ->  Bitmap Index Scan on k_6  (cost=0.00..5.40 rows=97 width=0)
	        Index Cond: ((k >= 2261001) AND (k <= 2261101))

table 7 : explain SELECT k, c FROM sbtest7 WHERE k BETWEEN 2261001 AND 2261101
	Bitmap Heap Scan on sbtest7  (cost=5.39..373.61 rows=93 width=125)
	  Recheck Cond: ((k >= 2261001) AND (k <= 2261101))
	  ->  Bitmap Index Scan on k_7  (cost=0.00..5.36 rows=93 width=0)
	        Index Cond: ((k >= 2261001) AND (k <= 2261101))

table 8 : explain SELECT k, c FROM sbtest8 WHERE k BETWEEN 2261001 AND 2261101
	Bitmap Heap Scan on sbtest8  (cost=5.43..389.37 rows=97 width=125)
	  Recheck Cond: ((k >= 2261001) AND (k <= 2261101))
	  ->  Bitmap Index Scan on k_8  (cost=0.00..5.40 rows=97 width=0)
	        Index Cond: ((k >= 2261001) AND (k <= 2261101))

explain: for range-notcovered :: explain SELECT k, c FROM sbtest%d WHERE k BETWEEN 2261001 AND 2261101
for range-notcovered
table 1 : explain SELECT k, c FROM sbtest1 WHERE k BETWEEN 666505 AND 666605
	Bitmap Heap Scan on sbtest1  (cost=5.45..397.25 rows=99 width=125)
	  Recheck Cond: ((k >= 666505) AND (k <= 666605))
	  ->  Bitmap Index Scan on k_1  (cost=0.00..5.42 rows=99 width=0)
	        Index Cond: ((k >= 666505) AND (k <= 666605))

table 2 : explain SELECT k, c FROM sbtest2 WHERE k BETWEEN 666505 AND 666605
	Bitmap Heap Scan on sbtest2  (cost=5.45..397.25 rows=99 width=125)
	  Recheck Cond: ((k >= 666505) AND (k <= 666605))
	  ->  Bitmap Index Scan on k_2  (cost=0.00..5.42 rows=99 width=0)
	        Index Cond: ((k >= 666505) AND (k <= 666605))

table 3 : explain SELECT k, c FROM sbtest3 WHERE k BETWEEN 666505 AND 666605
	Bitmap Heap Scan on sbtest3  (cost=5.53..428.75 rows=107 width=125)
	  Recheck Cond: ((k >= 666505) AND (k <= 666605))
	  ->  Bitmap Index Scan on k_3  (cost=0.00..5.50 rows=107 width=0)
	        Index Cond: ((k >= 666505) AND (k <= 666605))

table 4 : explain SELECT k, c FROM sbtest4 WHERE k BETWEEN 666505 AND 666605
	Bitmap Heap Scan on sbtest4  (cost=5.49..413.00 rows=103 width=125)
	  Recheck Cond: ((k >= 666505) AND (k <= 666605))
	  ->  Bitmap Index Scan on k_4  (cost=0.00..5.46 rows=103 width=0)
	        Index Cond: ((k >= 666505) AND (k <= 666605))

table 5 : explain SELECT k, c FROM sbtest5 WHERE k BETWEEN 666505 AND 666605
	Bitmap Heap Scan on sbtest5  (cost=5.55..436.62 rows=109 width=125)
	  Recheck Cond: ((k >= 666505) AND (k <= 666605))
	  ->  Bitmap Index Scan on k_5  (cost=0.00..5.52 rows=109 width=0)
	        Index Cond: ((k >= 666505) AND (k <= 666605))

table 6 : explain SELECT k, c FROM sbtest6 WHERE k BETWEEN 666505 AND 666605
	Bitmap Heap Scan on sbtest6  (cost=5.57..444.49 rows=111 width=125)
	  Recheck Cond: ((k >= 666505) AND (k <= 666605))
	  ->  Bitmap Index Scan on k_6  (cost=0.00..5.54 rows=111 width=0)
	        Index Cond: ((k >= 666505) AND (k <= 666605))

table 7 : explain SELECT k, c FROM sbtest7 WHERE k BETWEEN 666505 AND 666605
	Bitmap Heap Scan on sbtest7  (cost=5.43..389.37 rows=97 width=125)
	  Recheck Cond: ((k >= 666505) AND (k <= 666605))
	  ->  Bitmap Index Scan on k_7  (cost=0.00..5.40 rows=97 width=0)
	        Index Cond: ((k >= 666505) AND (k <= 666605))

table 8 : explain SELECT k, c FROM sbtest8 WHERE k BETWEEN 666505 AND 666605
	Bitmap Heap Scan on sbtest8  (cost=5.52..424.81 rows=106 width=125)
	  Recheck Cond: ((k >= 666505) AND (k <= 666605))
	  ->  Bitmap Index Scan on k_8  (cost=0.00..5.50 rows=106 width=0)
	        Index Cond: ((k >= 666505) AND (k <= 666605))

explain: for range-notcovered :: explain SELECT k, c FROM sbtest%d WHERE k BETWEEN 666505 AND 666605
for range-notcovered
table 1 : explain SELECT k, c FROM sbtest1 WHERE k BETWEEN 7471480 AND 7471580
	Bitmap Heap Scan on sbtest1  (cost=5.37..365.72 rows=91 width=125)
	  Recheck Cond: ((k >= 7471480) AND (k <= 7471580))
	  ->  Bitmap Index Scan on k_1  (cost=0.00..5.34 rows=91 width=0)
	        Index Cond: ((k >= 7471480) AND (k <= 7471580))

table 2 : explain SELECT k, c FROM sbtest2 WHERE k BETWEEN 7471480 AND 7471580
	Bitmap Heap Scan on sbtest2  (cost=5.46..401.19 rows=100 width=125)
	  Recheck Cond: ((k >= 7471480) AND (k <= 7471580))
	  ->  Bitmap Index Scan on k_2  (cost=0.00..5.43 rows=100 width=0)
	        Index Cond: ((k >= 7471480) AND (k <= 7471580))

table 3 : explain SELECT k, c FROM sbtest3 WHERE k BETWEEN 7471480 AND 7471580
	Bitmap Heap Scan on sbtest3  (cost=5.52..424.81 rows=106 width=125)
	  Recheck Cond: ((k >= 7471480) AND (k <= 7471580))
	  ->  Bitmap Index Scan on k_3  (cost=0.00..5.50 rows=106 width=0)
	        Index Cond: ((k >= 7471480) AND (k <= 7471580))

table 4 : explain SELECT k, c FROM sbtest4 WHERE k BETWEEN 7471480 AND 7471580
	Bitmap Heap Scan on sbtest4  (cost=5.39..373.61 rows=93 width=125)
	  Recheck Cond: ((k >= 7471480) AND (k <= 7471580))
	  ->  Bitmap Index Scan on k_4  (cost=0.00..5.36 rows=93 width=0)
	        Index Cond: ((k >= 7471480) AND (k <= 7471580))

table 5 : explain SELECT k, c FROM sbtest5 WHERE k BETWEEN 7471480 AND 7471580
	Bitmap Heap Scan on sbtest5  (cost=5.50..416.94 rows=104 width=125)
	  Recheck Cond: ((k >= 7471480) AND (k <= 7471580))
	  ->  Bitmap Index Scan on k_5  (cost=0.00..5.47 rows=104 width=0)
	        Index Cond: ((k >= 7471480) AND (k <= 7471580))

table 6 : explain SELECT k, c FROM sbtest6 WHERE k BETWEEN 7471480 AND 7471580
	Bitmap Heap Scan on sbtest6  (cost=5.49..413.00 rows=103 width=125)
	  Recheck Cond: ((k >= 7471480) AND (k <= 7471580))
	  ->  Bitmap Index Scan on k_6  (cost=0.00..5.46 rows=103 width=0)
	        Index Cond: ((k >= 7471480) AND (k <= 7471580))

table 7 : explain SELECT k, c FROM sbtest7 WHERE k BETWEEN 7471480 AND 7471580
	Bitmap Heap Scan on sbtest7  (cost=5.53..428.75 rows=107 width=125)
	  Recheck Cond: ((k >= 7471480) AND (k <= 7471580))
	  ->  Bitmap Index Scan on k_7  (cost=0.00..5.50 rows=107 width=0)
	        Index Cond: ((k >= 7471480) AND (k <= 7471580))

table 8 : explain SELECT k, c FROM sbtest8 WHERE k BETWEEN 7471480 AND 7471580
	Bitmap Heap Scan on sbtest8  (cost=5.56..440.56 rows=110 width=125)
	  Recheck Cond: ((k >= 7471480) AND (k <= 7471580))
	  ->  Bitmap Index Scan on k_8  (cost=0.00..5.53 rows=110 width=0)
	        Index Cond: ((k >= 7471480) AND (k <= 7471580))

for range-notcovered
table 1 : explain SELECT k, c FROM sbtest1 WHERE k BETWEEN 7001489 AND 7001589
	Bitmap Heap Scan on sbtest1  (cost=5.53..428.75 rows=107 width=125)
	  Recheck Cond: ((k >= 7001489) AND (k <= 7001589))
	  ->  Bitmap Index Scan on k_1  (cost=0.00..5.50 rows=107 width=0)
	        Index Cond: ((k >= 7001489) AND (k <= 7001589))

table 2 : explain SELECT k, c FROM sbtest2 WHERE k BETWEEN 7001489 AND 7001589
	Bitmap Heap Scan on sbtest2  (cost=5.45..397.25 rows=99 width=125)
	  Recheck Cond: ((k >= 7001489) AND (k <= 7001589))
	  ->  Bitmap Index Scan on k_2  (cost=0.00..5.42 rows=99 width=0)
	        Index Cond: ((k >= 7001489) AND (k <= 7001589))

table 3 : explain SELECT k, c FROM sbtest3 WHERE k BETWEEN 7001489 AND 7001589
	Bitmap Heap Scan on sbtest3  (cost=5.48..409.07 rows=102 width=125)
	  Recheck Cond: ((k >= 7001489) AND (k <= 7001589))
	  ->  Bitmap Index Scan on k_3  (cost=0.00..5.45 rows=102 width=0)
	        Index Cond: ((k >= 7001489) AND (k <= 7001589))

table 4 : explain SELECT k, c FROM sbtest4 WHERE k BETWEEN 7001489 AND 7001589
	Bitmap Heap Scan on sbtest4  (cost=5.43..389.37 rows=97 width=125)
	  Recheck Cond: ((k >= 7001489) AND (k <= 7001589))
	  ->  Bitmap Index Scan on k_4  (cost=0.00..5.40 rows=97 width=0)
	        Index Cond: ((k >= 7001489) AND (k <= 7001589))

table 5 : explain SELECT k, c FROM sbtest5 WHERE k BETWEEN 7001489 AND 7001589
	Bitmap Heap Scan on sbtest5  (cost=5.46..401.19 rows=100 width=125)
	  Recheck Cond: ((k >= 7001489) AND (k <= 7001589))
	  ->  Bitmap Index Scan on k_5  (cost=0.00..5.43 rows=100 width=0)
	        Index Cond: ((k >= 7001489) AND (k <= 7001589))

table 6 : explain SELECT k, c FROM sbtest6 WHERE k BETWEEN 7001489 AND 7001589
	Bitmap Heap Scan on sbtest6  (cost=5.41..381.49 rows=95 width=125)
	  Recheck Cond: ((k >= 7001489) AND (k <= 7001589))
	  ->  Bitmap Index Scan on k_6  (cost=0.00..5.38 rows=95 width=0)
	        Index Cond: ((k >= 7001489) AND (k <= 7001589))

table 7 : explain SELECT k, c FROM sbtest7 WHERE k BETWEEN 7001489 AND 7001589
	Bitmap Heap Scan on sbtest7  (cost=5.49..413.00 rows=103 width=125)
	  Recheck Cond: ((k >= 7001489) AND (k <= 7001589))
	  ->  Bitmap Index Scan on k_7  (cost=0.00..5.46 rows=103 width=0)
	        Index Cond: ((k >= 7001489) AND (k <= 7001589))

table 8 : explain SELECT k, c FROM sbtest8 WHERE k BETWEEN 7001489 AND 7001589
	Bitmap Heap Scan on sbtest8  (cost=5.46..401.19 rows=100 width=125)
	  Recheck Cond: ((k >= 7001489) AND (k <= 7001589))
	  ->  Bitmap Index Scan on k_8  (cost=0.00..5.43 rows=100 width=0)
	        Index Cond: ((k >= 7001489) AND (k <= 7001589))

explain: for range-notcovered :: explain SELECT k, c FROM sbtest%d WHERE k BETWEEN 7471480 AND 7471580
explain: for range-notcovered :: explain SELECT k, c FROM sbtest%d WHERE k BETWEEN 7001489 AND 7001589
for range-notcovered
table 1 : explain SELECT k, c FROM sbtest1 WHERE k BETWEEN 4707696 AND 4707796
	Bitmap Heap Scan on sbtest1  (cost=5.52..424.81 rows=106 width=125)
	  Recheck Cond: ((k >= 4707696) AND (k <= 4707796))
	  ->  Bitmap Index Scan on k_1  (cost=0.00..5.50 rows=106 width=0)
	        Index Cond: ((k >= 4707696) AND (k <= 4707796))

table 2 : explain SELECT k, c FROM sbtest2 WHERE k BETWEEN 4707696 AND 4707796
	Bitmap Heap Scan on sbtest2  (cost=5.45..397.25 rows=99 width=125)
	  Recheck Cond: ((k >= 4707696) AND (k <= 4707796))
	  ->  Bitmap Index Scan on k_2  (cost=0.00..5.42 rows=99 width=0)
	        Index Cond: ((k >= 4707696) AND (k <= 4707796))

table 3 : explain SELECT k, c FROM sbtest3 WHERE k BETWEEN 4707696 AND 4707796
	Bitmap Heap Scan on sbtest3  (cost=5.35..357.84 rows=89 width=125)
	  Recheck Cond: ((k >= 4707696) AND (k <= 4707796))
	  ->  Bitmap Index Scan on k_3  (cost=0.00..5.32 rows=89 width=0)
	        Index Cond: ((k >= 4707696) AND (k <= 4707796))

table 4 : explain SELECT k, c FROM sbtest4 WHERE k BETWEEN 4707696 AND 4707796
	Bitmap Heap Scan on sbtest4  (cost=5.43..389.37 rows=97 width=125)
	  Recheck Cond: ((k >= 4707696) AND (k <= 4707796))
	  ->  Bitmap Index Scan on k_4  (cost=0.00..5.40 rows=97 width=0)
	        Index Cond: ((k >= 4707696) AND (k <= 4707796))

table 5 : explain SELECT k, c FROM sbtest5 WHERE k BETWEEN 4707696 AND 4707796
	Bitmap Heap Scan on sbtest5  (cost=5.51..420.88 rows=105 width=125)
	  Recheck Cond: ((k >= 4707696) AND (k <= 4707796))
	  ->  Bitmap Index Scan on k_5  (cost=0.00..5.48 rows=105 width=0)
	        Index Cond: ((k >= 4707696) AND (k <= 4707796))

table 6 : explain SELECT k, c FROM sbtest6 WHERE k BETWEEN 4707696 AND 4707796
	Bitmap Heap Scan on sbtest6  (cost=5.48..409.07 rows=102 width=125)
	  Recheck Cond: ((k >= 4707696) AND (k <= 4707796))
	  ->  Bitmap Index Scan on k_6  (cost=0.00..5.45 rows=102 width=0)
	        Index Cond: ((k >= 4707696) AND (k <= 4707796))

table 7 : explain SELECT k, c FROM sbtest7 WHERE k BETWEEN 4707696 AND 4707796
	Bitmap Heap Scan on sbtest7  (cost=5.43..389.37 rows=97 width=125)
	  Recheck Cond: ((k >= 4707696) AND (k <= 4707796))
	  ->  Bitmap Index Scan on k_7  (cost=0.00..5.40 rows=97 width=0)
	        Index Cond: ((k >= 4707696) AND (k <= 4707796))

table 8 : explain SELECT k, c FROM sbtest8 WHERE k BETWEEN 4707696 AND 4707796
	Bitmap Heap Scan on sbtest8  (cost=5.51..420.88 rows=105 width=125)
	  Recheck Cond: ((k >= 4707696) AND (k <= 4707796))
	  ->  Bitmap Index Scan on k_8  (cost=0.00..5.48 rows=105 width=0)
	        Index Cond: ((k >= 4707696) AND (k <= 4707796))

for range-notcovered
table 1 : explain SELECT k, c FROM sbtest1 WHERE k BETWEEN 2294768 AND 2294868
	Bitmap Heap Scan on sbtest1  (cost=5.45..397.25 rows=99 width=125)
	  Recheck Cond: ((k >= 2294768) AND (k <= 2294868))
	  ->  Bitmap Index Scan on k_1  (cost=0.00..5.42 rows=99 width=0)
	        Index Cond: ((k >= 2294768) AND (k <= 2294868))

table 2 : explain SELECT k, c FROM sbtest2 WHERE k BETWEEN 2294768 AND 2294868
	Bitmap Heap Scan on sbtest2  (cost=5.51..420.88 rows=105 width=125)
	  Recheck Cond: ((k >= 2294768) AND (k <= 2294868))
	  ->  Bitmap Index Scan on k_2  (cost=0.00..5.48 rows=105 width=0)
	        Index Cond: ((k >= 2294768) AND (k <= 2294868))

table 3 : explain SELECT k, c FROM sbtest3 WHERE k BETWEEN 2294768 AND 2294868
	Bitmap Heap Scan on sbtest3  (cost=5.46..401.19 rows=100 width=125)
	  Recheck Cond: ((k >= 2294768) AND (k <= 2294868))
	  ->  Bitmap Index Scan on k_3  (cost=0.00..5.43 rows=100 width=0)
	        Index Cond: ((k >= 2294768) AND (k <= 2294868))

table 4 : explain SELECT k, c FROM sbtest4 WHERE k BETWEEN 2294768 AND 2294868
	Bitmap Heap Scan on sbtest4  (cost=5.51..420.88 rows=105 width=125)
	  Recheck Cond: ((k >= 2294768) AND (k <= 2294868))
	  ->  Bitmap Index Scan on k_4  (cost=0.00..5.48 rows=105 width=0)
	        Index Cond: ((k >= 2294768) AND (k <= 2294868))

table 5 : explain SELECT k, c FROM sbtest5 WHERE k BETWEEN 2294768 AND 2294868
	Bitmap Heap Scan on sbtest5  (cost=5.54..432.69 rows=108 width=125)
	  Recheck Cond: ((k >= 2294768) AND (k <= 2294868))
	  ->  Bitmap Index Scan on k_5  (cost=0.00..5.51 rows=108 width=0)
	        Index Cond: ((k >= 2294768) AND (k <= 2294868))

table 6 : explain SELECT k, c FROM sbtest6 WHERE k BETWEEN 2294768 AND 2294868
	Bitmap Heap Scan on sbtest6  (cost=5.43..389.37 rows=97 width=125)
	  Recheck Cond: ((k >= 2294768) AND (k <= 2294868))
	  ->  Bitmap Index Scan on k_6  (cost=0.00..5.40 rows=97 width=0)
	        Index Cond: ((k >= 2294768) AND (k <= 2294868))

table 7 : explain SELECT k, c FROM sbtest7 WHERE k BETWEEN 2294768 AND 2294868
	Bitmap Heap Scan on sbtest7  (cost=5.39..373.61 rows=93 width=125)
	  Recheck Cond: ((k >= 2294768) AND (k <= 2294868))
	  ->  Bitmap Index Scan on k_7  (cost=0.00..5.36 rows=93 width=0)
	        Index Cond: ((k >= 2294768) AND (k <= 2294868))

table 8 : explain SELECT k, c FROM sbtest8 WHERE k BETWEEN 2294768 AND 2294868
	Bitmap Heap Scan on sbtest8  (cost=5.43..389.37 rows=97 width=125)
	  Recheck Cond: ((k >= 2294768) AND (k <= 2294868))
	  ->  Bitmap Index Scan on k_8  (cost=0.00..5.40 rows=97 width=0)
	        Index Cond: ((k >= 2294768) AND (k <= 2294868))

for range-notcovered
table 1 : explain SELECT k, c FROM sbtest1 WHERE k BETWEEN 2261001 AND 2261101
	Bitmap Heap Scan on sbtest1  (cost=5.45..397.25 rows=99 width=125)
	  Recheck Cond: ((k >= 2261001) AND (k <= 2261101))
	  ->  Bitmap Index Scan on k_1  (cost=0.00..5.42 rows=99 width=0)
	        Index Cond: ((k >= 2261001) AND (k <= 2261101))

table 2 : explain SELECT k, c FROM sbtest2 WHERE k BETWEEN 2261001 AND 2261101
	Bitmap Heap Scan on sbtest2  (cost=5.51..420.88 rows=105 width=125)
	  Recheck Cond: ((k >= 2261001) AND (k <= 2261101))
	  ->  Bitmap Index Scan on k_2  (cost=0.00..5.48 rows=105 width=0)
	        Index Cond: ((k >= 2261001) AND (k <= 2261101))

table 3 : explain SELECT k, c FROM sbtest3 WHERE k BETWEEN 2261001 AND 2261101
	Bitmap Heap Scan on sbtest3  (cost=5.46..401.19 rows=100 width=125)
	  Recheck Cond: ((k >= 2261001) AND (k <= 2261101))
	  ->  Bitmap Index Scan on k_3  (cost=0.00..5.43 rows=100 width=0)
	        Index Cond: ((k >= 2261001) AND (k <= 2261101))

table 4 : explain SELECT k, c FROM sbtest4 WHERE k BETWEEN 2261001 AND 2261101
	Bitmap Heap Scan on sbtest4  (cost=5.53..428.75 rows=107 width=125)
	  Recheck Cond: ((k >= 2261001) AND (k <= 2261101))
	  ->  Bitmap Index Scan on k_4  (cost=0.00..5.50 rows=107 width=0)
	        Index Cond: ((k >= 2261001) AND (k <= 2261101))

table 5 : explain SELECT k, c FROM sbtest5 WHERE k BETWEEN 2261001 AND 2261101
	Bitmap Heap Scan on sbtest5  (cost=5.54..432.69 rows=108 width=125)
	  Recheck Cond: ((k >= 2261001) AND (k <= 2261101))
	  ->  Bitmap Index Scan on k_5  (cost=0.00..5.51 rows=108 width=0)
	        Index Cond: ((k >= 2261001) AND (k <= 2261101))

table 6 : explain SELECT k, c FROM sbtest6 WHERE k BETWEEN 2261001 AND 2261101
	Bitmap Heap Scan on sbtest6  (cost=5.43..389.37 rows=97 width=125)
	  Recheck Cond: ((k >= 2261001) AND (k <= 2261101))
	  ->  Bitmap Index Scan on k_6  (cost=0.00..5.40 rows=97 width=0)
	        Index Cond: ((k >= 2261001) AND (k <= 2261101))

table 7 : explain SELECT k, c FROM sbtest7 WHERE k BETWEEN 2261001 AND 2261101
	Bitmap Heap Scan on sbtest7  (cost=5.39..373.61 rows=93 width=125)
	  Recheck Cond: ((k >= 2261001) AND (k <= 2261101))
	  ->  Bitmap Index Scan on k_7  (cost=0.00..5.36 rows=93 width=0)
	        Index Cond: ((k >= 2261001) AND (k <= 2261101))

table 8 : explain SELECT k, c FROM sbtest8 WHERE k BETWEEN 2261001 AND 2261101
	Bitmap Heap Scan on sbtest8  (cost=5.43..389.37 rows=97 width=125)
	  Recheck Cond: ((k >= 2261001) AND (k <= 2261101))
	  ->  Bitmap Index Scan on k_8  (cost=0.00..5.40 rows=97 width=0)
	        Index Cond: ((k >= 2261001) AND (k <= 2261101))

explain: for range-notcovered :: explain SELECT k, c FROM sbtest%d WHERE k BETWEEN 2261001 AND 2261101
for range-notcovered
table 1 : explain SELECT k, c FROM sbtest1 WHERE k BETWEEN 3327603 AND 3327703
	Bitmap Heap Scan on sbtest1  (cost=5.51..420.88 rows=105 width=125)
	  Recheck Cond: ((k >= 3327603) AND (k <= 3327703))
	  ->  Bitmap Index Scan on k_1  (cost=0.00..5.48 rows=105 width=0)
	        Index Cond: ((k >= 3327603) AND (k <= 3327703))

table 2 : explain SELECT k, c FROM sbtest2 WHERE k BETWEEN 3327603 AND 3327703
	Bitmap Heap Scan on sbtest2  (cost=5.55..436.62 rows=109 width=125)
	  Recheck Cond: ((k >= 3327603) AND (k <= 3327703))
	  ->  Bitmap Index Scan on k_2  (cost=0.00..5.52 rows=109 width=0)
	        Index Cond: ((k >= 3327603) AND (k <= 3327703))

table 3 : explain SELECT k, c FROM sbtest3 WHERE k BETWEEN 3327603 AND 3327703
	Bitmap Heap Scan on sbtest3  (cost=5.48..409.07 rows=102 width=125)
	  Recheck Cond: ((k >= 3327603) AND (k <= 3327703))
	  ->  Bitmap Index Scan on k_3  (cost=0.00..5.45 rows=102 width=0)
	        Index Cond: ((k >= 3327603) AND (k <= 3327703))

table 4 : explain SELECT k, c FROM sbtest4 WHERE k BETWEEN 3327603 AND 3327703
	Bitmap Heap Scan on sbtest4  (cost=5.61..460.22 rows=115 width=125)
	  Recheck Cond: ((k >= 3327603) AND (k <= 3327703))
	  ->  Bitmap Index Scan on k_4  (cost=0.00..5.58 rows=115 width=0)
	        Index Cond: ((k >= 3327603) AND (k <= 3327703))

table 5 : explain SELECT k, c FROM sbtest5 WHERE k BETWEEN 3327603 AND 3327703
	Bitmap Heap Scan on sbtest5  (cost=5.42..385.43 rows=96 width=125)
	  Recheck Cond: ((k >= 3327603) AND (k <= 3327703))
	  ->  Bitmap Index Scan on k_5  (cost=0.00..5.39 rows=96 width=0)
	        Index Cond: ((k >= 3327603) AND (k <= 3327703))

table 6 : explain SELECT k, c FROM sbtest6 WHERE k BETWEEN 3327603 AND 3327703
	Bitmap Heap Scan on sbtest6  (cost=5.49..413.00 rows=103 width=125)
	  Recheck Cond: ((k >= 3327603) AND (k <= 3327703))
	  ->  Bitmap Index Scan on k_6  (cost=0.00..5.46 rows=103 width=0)
	        Index Cond: ((k >= 3327603) AND (k <= 3327703))

table 7 : explain SELECT k, c FROM sbtest7 WHERE k BETWEEN 3327603 AND 3327703
	Bitmap Heap Scan on sbtest7  (cost=5.48..409.07 rows=102 width=125)
	  Recheck Cond: ((k >= 3327603) AND (k <= 3327703))
	  ->  Bitmap Index Scan on k_7  (cost=0.00..5.45 rows=102 width=0)
	        Index Cond: ((k >= 3327603) AND (k <= 3327703))

table 8 : explain SELECT k, c FROM sbtest8 WHERE k BETWEEN 3327603 AND 3327703
	Bitmap Heap Scan on sbtest8  (cost=5.50..416.94 rows=104 width=125)
	  Recheck Cond: ((k >= 3327603) AND (k <= 3327703))
	  ->  Bitmap Index Scan on k_8  (cost=0.00..5.47 rows=104 width=0)
	        Index Cond: ((k >= 3327603) AND (k <= 3327703))

for range-notcovered
table 1 : explain SELECT k, c FROM sbtest1 WHERE k BETWEEN 666505 AND 666605
	Bitmap Heap Scan on sbtest1  (cost=5.45..397.25 rows=99 width=125)
	  Recheck Cond: ((k >= 666505) AND (k <= 666605))
	  ->  Bitmap Index Scan on k_1  (cost=0.00..5.42 rows=99 width=0)
	        Index Cond: ((k >= 666505) AND (k <= 666605))

table 2 : explain SELECT k, c FROM sbtest2 WHERE k BETWEEN 666505 AND 666605
	Bitmap Heap Scan on sbtest2  (cost=5.45..397.25 rows=99 width=125)
	  Recheck Cond: ((k >= 666505) AND (k <= 666605))
	  ->  Bitmap Index Scan on k_2  (cost=0.00..5.42 rows=99 width=0)
	        Index Cond: ((k >= 666505) AND (k <= 666605))

table 3 : explain SELECT k, c FROM sbtest3 WHERE k BETWEEN 666505 AND 666605
	Bitmap Heap Scan on sbtest3  (cost=5.53..428.75 rows=107 width=125)
	  Recheck Cond: ((k >= 666505) AND (k <= 666605))
	  ->  Bitmap Index Scan on k_3  (cost=0.00..5.50 rows=107 width=0)
	        Index Cond: ((k >= 666505) AND (k <= 666605))

table 4 : explain SELECT k, c FROM sbtest4 WHERE k BETWEEN 666505 AND 666605
	Bitmap Heap Scan on sbtest4  (cost=5.49..413.00 rows=103 width=125)
	  Recheck Cond: ((k >= 666505) AND (k <= 666605))
	  ->  Bitmap Index Scan on k_4  (cost=0.00..5.46 rows=103 width=0)
	        Index Cond: ((k >= 666505) AND (k <= 666605))

table 5 : explain SELECT k, c FROM sbtest5 WHERE k BETWEEN 666505 AND 666605
	Bitmap Heap Scan on sbtest5  (cost=5.55..436.62 rows=109 width=125)
	  Recheck Cond: ((k >= 666505) AND (k <= 666605))
	  ->  Bitmap Index Scan on k_5  (cost=0.00..5.52 rows=109 width=0)
	        Index Cond: ((k >= 666505) AND (k <= 666605))

table 6 : explain SELECT k, c FROM sbtest6 WHERE k BETWEEN 666505 AND 666605
	Bitmap Heap Scan on sbtest6  (cost=5.57..444.49 rows=111 width=125)
	  Recheck Cond: ((k >= 666505) AND (k <= 666605))
	  ->  Bitmap Index Scan on k_6  (cost=0.00..5.54 rows=111 width=0)
	        Index Cond: ((k >= 666505) AND (k <= 666605))

table 7 : explain SELECT k, c FROM sbtest7 WHERE k BETWEEN 666505 AND 666605
	Bitmap Heap Scan on sbtest7  (cost=5.43..389.37 rows=97 width=125)
	  Recheck Cond: ((k >= 666505) AND (k <= 666605))
	  ->  Bitmap Index Scan on k_7  (cost=0.00..5.40 rows=97 width=0)
	        Index Cond: ((k >= 666505) AND (k <= 666605))

table 8 : explain SELECT k, c FROM sbtest8 WHERE k BETWEEN 666505 AND 666605
	Bitmap Heap Scan on sbtest8  (cost=5.52..424.81 rows=106 width=125)
	  Recheck Cond: ((k >= 666505) AND (k <= 666605))
	  ->  Bitmap Index Scan on k_8  (cost=0.00..5.50 rows=106 width=0)
	        Index Cond: ((k >= 666505) AND (k <= 666605))

explain: for range-notcovered :: explain SELECT k, c FROM sbtest%d WHERE k BETWEEN 3327603 AND 3327703
for range-notcovered
table 1 : explain SELECT k, c FROM sbtest1 WHERE k BETWEEN 7001489 AND 7001589
	Bitmap Heap Scan on sbtest1  (cost=5.53..428.75 rows=107 width=125)
	  Recheck Cond: ((k >= 7001489) AND (k <= 7001589))
	  ->  Bitmap Index Scan on k_1  (cost=0.00..5.50 rows=107 width=0)
	        Index Cond: ((k >= 7001489) AND (k <= 7001589))

table 2 : explain SELECT k, c FROM sbtest2 WHERE k BETWEEN 7001489 AND 7001589
	Bitmap Heap Scan on sbtest2  (cost=5.45..397.25 rows=99 width=125)
	  Recheck Cond: ((k >= 7001489) AND (k <= 7001589))
	  ->  Bitmap Index Scan on k_2  (cost=0.00..5.42 rows=99 width=0)
	        Index Cond: ((k >= 7001489) AND (k <= 7001589))

table 3 : explain SELECT k, c FROM sbtest3 WHERE k BETWEEN 7001489 AND 7001589
	Bitmap Heap Scan on sbtest3  (cost=5.48..409.07 rows=102 width=125)
	  Recheck Cond: ((k >= 7001489) AND (k <= 7001589))
	  ->  Bitmap Index Scan on k_3  (cost=0.00..5.45 rows=102 width=0)
	        Index Cond: ((k >= 7001489) AND (k <= 7001589))

table 4 : explain SELECT k, c FROM sbtest4 WHERE k BETWEEN 7001489 AND 7001589
	Bitmap Heap Scan on sbtest4  (cost=5.43..389.37 rows=97 width=125)
	  Recheck Cond: ((k >= 7001489) AND (k <= 7001589))
	  ->  Bitmap Index Scan on k_4  (cost=0.00..5.40 rows=97 width=0)
	        Index Cond: ((k >= 7001489) AND (k <= 7001589))

table 5 : explain SELECT k, c FROM sbtest5 WHERE k BETWEEN 7001489 AND 7001589
	Bitmap Heap Scan on sbtest5  (cost=5.46..401.19 rows=100 width=125)
	  Recheck Cond: ((k >= 7001489) AND (k <= 7001589))
	  ->  Bitmap Index Scan on k_5  (cost=0.00..5.43 rows=100 width=0)
	        Index Cond: ((k >= 7001489) AND (k <= 7001589))

table 6 : explain SELECT k, c FROM sbtest6 WHERE k BETWEEN 7001489 AND 7001589
	Bitmap Heap Scan on sbtest6  (cost=5.41..381.49 rows=95 width=125)
	  Recheck Cond: ((k >= 7001489) AND (k <= 7001589))
	  ->  Bitmap Index Scan on k_6  (cost=0.00..5.38 rows=95 width=0)
	        Index Cond: ((k >= 7001489) AND (k <= 7001589))

table 7 : explain SELECT k, c FROM sbtest7 WHERE k BETWEEN 7001489 AND 7001589
	Bitmap Heap Scan on sbtest7  (cost=5.49..413.00 rows=103 width=125)
	  Recheck Cond: ((k >= 7001489) AND (k <= 7001589))
	  ->  Bitmap Index Scan on k_7  (cost=0.00..5.46 rows=103 width=0)
	        Index Cond: ((k >= 7001489) AND (k <= 7001589))

table 8 : explain SELECT k, c FROM sbtest8 WHERE k BETWEEN 7001489 AND 7001589
	Bitmap Heap Scan on sbtest8  (cost=5.46..401.19 rows=100 width=125)
	  Recheck Cond: ((k >= 7001489) AND (k <= 7001589))
	  ->  Bitmap Index Scan on k_8  (cost=0.00..5.43 rows=100 width=0)
	        Index Cond: ((k >= 7001489) AND (k <= 7001589))

explain: for range-notcovered :: explain SELECT k, c FROM sbtest%d WHERE k BETWEEN 7001489 AND 7001589
for range-notcovered
table 1 : explain SELECT k, c FROM sbtest1 WHERE k BETWEEN 1861807 AND 1861907
	Bitmap Heap Scan on sbtest1  (cost=5.59..452.36 rows=113 width=125)
	  Recheck Cond: ((k >= 1861807) AND (k <= 1861907))
	  ->  Bitmap Index Scan on k_1  (cost=0.00..5.56 rows=113 width=0)
	        Index Cond: ((k >= 1861807) AND (k <= 1861907))

table 2 : explain SELECT k, c FROM sbtest2 WHERE k BETWEEN 1861807 AND 1861907
	Bitmap Heap Scan on sbtest2  (cost=5.46..401.19 rows=100 width=125)
	  Recheck Cond: ((k >= 1861807) AND (k <= 1861907))
	  ->  Bitmap Index Scan on k_2  (cost=0.00..5.43 rows=100 width=0)
	        Index Cond: ((k >= 1861807) AND (k <= 1861907))

table 3 : explain SELECT k, c FROM sbtest3 WHERE k BETWEEN 1861807 AND 1861907
	Bitmap Heap Scan on sbtest3  (cost=5.43..389.37 rows=97 width=125)
	  Recheck Cond: ((k >= 1861807) AND (k <= 1861907))
	  ->  Bitmap Index Scan on k_3  (cost=0.00..5.40 rows=97 width=0)
	        Index Cond: ((k >= 1861807) AND (k <= 1861907))

table 4 : explain SELECT k, c FROM sbtest4 WHERE k BETWEEN 1861807 AND 1861907
	Bitmap Heap Scan on sbtest4  (cost=5.49..413.00 rows=103 width=125)
	  Recheck Cond: ((k >= 1861807) AND (k <= 1861907))
	  ->  Bitmap Index Scan on k_4  (cost=0.00..5.46 rows=103 width=0)
	        Index Cond: ((k >= 1861807) AND (k <= 1861907))

table 5 : explain SELECT k, c FROM sbtest5 WHERE k BETWEEN 1861807 AND 1861907
	Bitmap Heap Scan on sbtest5  (cost=5.41..381.49 rows=95 width=125)
	  Recheck Cond: ((k >= 1861807) AND (k <= 1861907))
	  ->  Bitmap Index Scan on k_5  (cost=0.00..5.38 rows=95 width=0)
	        Index Cond: ((k >= 1861807) AND (k <= 1861907))

table 6 : explain SELECT k, c FROM sbtest6 WHERE k BETWEEN 1861807 AND 1861907
	Bitmap Heap Scan on sbtest6  (cost=5.44..393.31 rows=98 width=125)
	  Recheck Cond: ((k >= 1861807) AND (k <= 1861907))
	  ->  Bitmap Index Scan on k_6  (cost=0.00..5.42 rows=98 width=0)
	        Index Cond: ((k >= 1861807) AND (k <= 1861907))

table 7 : explain SELECT k, c FROM sbtest7 WHERE k BETWEEN 1861807 AND 1861907
	Bitmap Heap Scan on sbtest7  (cost=5.53..428.75 rows=107 width=125)
	  Recheck Cond: ((k >= 1861807) AND (k <= 1861907))
	  ->  Bitmap Index Scan on k_7  (cost=0.00..5.50 rows=107 width=0)
	        Index Cond: ((k >= 1861807) AND (k <= 1861907))

table 8 : explain SELECT k, c FROM sbtest8 WHERE k BETWEEN 1861807 AND 1861907
	Bitmap Heap Scan on sbtest8  (cost=5.42..385.43 rows=96 width=125)
	  Recheck Cond: ((k >= 1861807) AND (k <= 1861907))
	  ->  Bitmap Index Scan on k_8  (cost=0.00..5.39 rows=96 width=0)
	        Index Cond: ((k >= 1861807) AND (k <= 1861907))

explain: for range-notcovered :: explain SELECT k, c FROM sbtest%d WHERE k BETWEEN 1861807 AND 1861907
for range-notcovered
table 1 : explain SELECT k, c FROM sbtest1 WHERE k BETWEEN 2483849 AND 2483949
	Bitmap Heap Scan on sbtest1  (cost=5.50..416.94 rows=104 width=125)
	  Recheck Cond: ((k >= 2483849) AND (k <= 2483949))
	  ->  Bitmap Index Scan on k_1  (cost=0.00..5.47 rows=104 width=0)
	        Index Cond: ((k >= 2483849) AND (k <= 2483949))

table 2 : explain SELECT k, c FROM sbtest2 WHERE k BETWEEN 2483849 AND 2483949
	Bitmap Heap Scan on sbtest2  (cost=5.46..401.19 rows=100 width=125)
	  Recheck Cond: ((k >= 2483849) AND (k <= 2483949))
	  ->  Bitmap Index Scan on k_2  (cost=0.00..5.43 rows=100 width=0)
	        Index Cond: ((k >= 2483849) AND (k <= 2483949))

table 3 : explain SELECT k, c FROM sbtest3 WHERE k BETWEEN 2483849 AND 2483949
	Bitmap Heap Scan on sbtest3  (cost=5.49..413.00 rows=103 width=125)
	  Recheck Cond: ((k >= 2483849) AND (k <= 2483949))
	  ->  Bitmap Index Scan on k_3  (cost=0.00..5.46 rows=103 width=0)
	        Index Cond: ((k >= 2483849) AND (k <= 2483949))

table 4 : explain SELECT k, c FROM sbtest4 WHERE k BETWEEN 2483849 AND 2483949
	Bitmap Heap Scan on sbtest4  (cost=5.55..436.62 rows=109 width=125)
	  Recheck Cond: ((k >= 2483849) AND (k <= 2483949))
	  ->  Bitmap Index Scan on k_4  (cost=0.00..5.52 rows=109 width=0)
	        Index Cond: ((k >= 2483849) AND (k <= 2483949))

table 5 : explain SELECT k, c FROM sbtest5 WHERE k BETWEEN 2483849 AND 2483949
	Bitmap Heap Scan on sbtest5  (cost=5.67..479.88 rows=120 width=125)
	  Recheck Cond: ((k >= 2483849) AND (k <= 2483949))
	  ->  Bitmap Index Scan on k_5  (cost=0.00..5.63 rows=120 width=0)
	        Index Cond: ((k >= 2483849) AND (k <= 2483949))

table 6 : explain SELECT k, c FROM sbtest6 WHERE k BETWEEN 2483849 AND 2483949
	Bitmap Heap Scan on sbtest6  (cost=5.46..401.19 rows=100 width=125)
	  Recheck Cond: ((k >= 2483849) AND (k <= 2483949))
	  ->  Bitmap Index Scan on k_6  (cost=0.00..5.43 rows=100 width=0)
	        Index Cond: ((k >= 2483849) AND (k <= 2483949))

table 7 : explain SELECT k, c FROM sbtest7 WHERE k BETWEEN 2483849 AND 2483949
	Bitmap Heap Scan on sbtest7  (cost=5.53..428.75 rows=107 width=125)
	  Recheck Cond: ((k >= 2483849) AND (k <= 2483949))
	  ->  Bitmap Index Scan on k_7  (cost=0.00..5.50 rows=107 width=0)
	        Index Cond: ((k >= 2483849) AND (k <= 2483949))

table 8 : explain SELECT k, c FROM sbtest8 WHERE k BETWEEN 2483849 AND 2483949
	Bitmap Heap Scan on sbtest8  (cost=5.48..409.07 rows=102 width=125)
	  Recheck Cond: ((k >= 2483849) AND (k <= 2483949))
	  ->  Bitmap Index Scan on k_8  (cost=0.00..5.45 rows=102 width=0)
	        Index Cond: ((k >= 2483849) AND (k <= 2483949))

for range-notcovered
table 1 : explain SELECT k, c FROM sbtest1 WHERE k BETWEEN 2261001 AND 2261101
	Bitmap Heap Scan on sbtest1  (cost=5.45..397.25 rows=99 width=125)
	  Recheck Cond: ((k >= 2261001) AND (k <= 2261101))
	  ->  Bitmap Index Scan on k_1  (cost=0.00..5.42 rows=99 width=0)
	        Index Cond: ((k >= 2261001) AND (k <= 2261101))

table 2 : explain SELECT k, c FROM sbtest2 WHERE k BETWEEN 2261001 AND 2261101
	Bitmap Heap Scan on sbtest2  (cost=5.51..420.88 rows=105 width=125)
	  Recheck Cond: ((k >= 2261001) AND (k <= 2261101))
	  ->  Bitmap Index Scan on k_2  (cost=0.00..5.48 rows=105 width=0)
	        Index Cond: ((k >= 2261001) AND (k <= 2261101))

table 3 : explain SELECT k, c FROM sbtest3 WHERE k BETWEEN 2261001 AND 2261101
	Bitmap Heap Scan on sbtest3  (cost=5.46..401.19 rows=100 width=125)
	  Recheck Cond: ((k >= 2261001) AND (k <= 2261101))
	  ->  Bitmap Index Scan on k_3  (cost=0.00..5.43 rows=100 width=0)
	        Index Cond: ((k >= 2261001) AND (k <= 2261101))

table 4 : explain SELECT k, c FROM sbtest4 WHERE k BETWEEN 2261001 AND 2261101
	Bitmap Heap Scan on sbtest4  (cost=5.53..428.75 rows=107 width=125)
	  Recheck Cond: ((k >= 2261001) AND (k <= 2261101))
	  ->  Bitmap Index Scan on k_4  (cost=0.00..5.50 rows=107 width=0)
	        Index Cond: ((k >= 2261001) AND (k <= 2261101))

table 5 : explain SELECT k, c FROM sbtest5 WHERE k BETWEEN 2261001 AND 2261101
	Bitmap Heap Scan on sbtest5  (cost=5.54..432.69 rows=108 width=125)
	  Recheck Cond: ((k >= 2261001) AND (k <= 2261101))
	  ->  Bitmap Index Scan on k_5  (cost=0.00..5.51 rows=108 width=0)
	        Index Cond: ((k >= 2261001) AND (k <= 2261101))

table 6 : explain SELECT k, c FROM sbtest6 WHERE k BETWEEN 2261001 AND 2261101
	Bitmap Heap Scan on sbtest6  (cost=5.43..389.37 rows=97 width=125)
	  Recheck Cond: ((k >= 2261001) AND (k <= 2261101))
	  ->  Bitmap Index Scan on k_6  (cost=0.00..5.40 rows=97 width=0)
	        Index Cond: ((k >= 2261001) AND (k <= 2261101))

table 7 : explain SELECT k, c FROM sbtest7 WHERE k BETWEEN 2261001 AND 2261101
	Bitmap Heap Scan on sbtest7  (cost=5.39..373.61 rows=93 width=125)
	  Recheck Cond: ((k >= 2261001) AND (k <= 2261101))
	  ->  Bitmap Index Scan on k_7  (cost=0.00..5.36 rows=93 width=0)
	        Index Cond: ((k >= 2261001) AND (k <= 2261101))

table 8 : explain SELECT k, c FROM sbtest8 WHERE k BETWEEN 2261001 AND 2261101
	Bitmap Heap Scan on sbtest8  (cost=5.43..389.37 rows=97 width=125)
	  Recheck Cond: ((k >= 2261001) AND (k <= 2261101))
	  ->  Bitmap Index Scan on k_8  (cost=0.00..5.40 rows=97 width=0)
	        Index Cond: ((k >= 2261001) AND (k <= 2261101))

explain: for range-notcovered :: explain SELECT k, c FROM sbtest%d WHERE k BETWEEN 2483849 AND 2483949
explain: for range-notcovered :: explain SELECT k, c FROM sbtest%d WHERE k BETWEEN 2261001 AND 2261101explain: for range-notcovered :: explain SELECT k, c FROM sbtest%d WHERE k BETWEEN 8231483 AND 8231583

for range-notcovered
table 1 : explain SELECT k, c FROM sbtest1 WHERE k BETWEEN 3327603 AND 3327703
	Bitmap Heap Scan on sbtest1  (cost=5.51..420.88 rows=105 width=125)
	  Recheck Cond: ((k >= 3327603) AND (k <= 3327703))
	  ->  Bitmap Index Scan on k_1  (cost=0.00..5.48 rows=105 width=0)
	        Index Cond: ((k >= 3327603) AND (k <= 3327703))

table 2 : explain SELECT k, c FROM sbtest2 WHERE k BETWEEN 3327603 AND 3327703
	Bitmap Heap Scan on sbtest2  (cost=5.55..436.62 rows=109 width=125)
	  Recheck Cond: ((k >= 3327603) AND (k <= 3327703))
	  ->  Bitmap Index Scan on k_2  (cost=0.00..5.52 rows=109 width=0)
	        Index Cond: ((k >= 3327603) AND (k <= 3327703))

table 3 : explain SELECT k, c FROM sbtest3 WHERE k BETWEEN 3327603 AND 3327703
	Bitmap Heap Scan on sbtest3  (cost=5.48..409.07 rows=102 width=125)
	  Recheck Cond: ((k >= 3327603) AND (k <= 3327703))
	  ->  Bitmap Index Scan on k_3  (cost=0.00..5.45 rows=102 width=0)
	        Index Cond: ((k >= 3327603) AND (k <= 3327703))

table 4 : explain SELECT k, c FROM sbtest4 WHERE k BETWEEN 3327603 AND 3327703
	Bitmap Heap Scan on sbtest4  (cost=5.61..460.22 rows=115 width=125)
	  Recheck Cond: ((k >= 3327603) AND (k <= 3327703))
	  ->  Bitmap Index Scan on k_4  (cost=0.00..5.58 rows=115 width=0)
	        Index Cond: ((k >= 3327603) AND (k <= 3327703))

table 5 : explain SELECT k, c FROM sbtest5 WHERE k BETWEEN 3327603 AND 3327703
	Bitmap Heap Scan on sbtest5  (cost=5.42..385.43 rows=96 width=125)
	  Recheck Cond: ((k >= 3327603) AND (k <= 3327703))
	  ->  Bitmap Index Scan on k_5  (cost=0.00..5.39 rows=96 width=0)
	        Index Cond: ((k >= 3327603) AND (k <= 3327703))

table 6 : explain SELECT k, c FROM sbtest6 WHERE k BETWEEN 3327603 AND 3327703
	Bitmap Heap Scan on sbtest6  (cost=5.49..413.00 rows=103 width=125)
	  Recheck Cond: ((k >= 3327603) AND (k <= 3327703))
	  ->  Bitmap Index Scan on k_6  (cost=0.00..5.46 rows=103 width=0)
	        Index Cond: ((k >= 3327603) AND (k <= 3327703))

table 7 : explain SELECT k, c FROM sbtest7 WHERE k BETWEEN 3327603 AND 3327703
	Bitmap Heap Scan on sbtest7  (cost=5.48..409.07 rows=102 width=125)
	  Recheck Cond: ((k >= 3327603) AND (k <= 3327703))
	  ->  Bitmap Index Scan on k_7  (cost=0.00..5.45 rows=102 width=0)
	        Index Cond: ((k >= 3327603) AND (k <= 3327703))

table 8 : explain SELECT k, c FROM sbtest8 WHERE k BETWEEN 3327603 AND 3327703
	Bitmap Heap Scan on sbtest8  (cost=5.50..416.94 rows=104 width=125)
	  Recheck Cond: ((k >= 3327603) AND (k <= 3327703))
	  ->  Bitmap Index Scan on k_8  (cost=0.00..5.47 rows=104 width=0)
	        Index Cond: ((k >= 3327603) AND (k <= 3327703))

explain: for range-notcovered :: explain SELECT k, c FROM sbtest%d WHERE k BETWEEN 3327603 AND 3327703
for range-notcovered
table 1 : explain SELECT k, c FROM sbtest1 WHERE k BETWEEN 7001489 AND 7001589
	Bitmap Heap Scan on sbtest1  (cost=5.53..428.75 rows=107 width=125)
	  Recheck Cond: ((k >= 7001489) AND (k <= 7001589))
	  ->  Bitmap Index Scan on k_1  (cost=0.00..5.50 rows=107 width=0)
	        Index Cond: ((k >= 7001489) AND (k <= 7001589))

table 2 : explain SELECT k, c FROM sbtest2 WHERE k BETWEEN 7001489 AND 7001589
	Bitmap Heap Scan on sbtest2  (cost=5.45..397.25 rows=99 width=125)
	  Recheck Cond: ((k >= 7001489) AND (k <= 7001589))
	  ->  Bitmap Index Scan on k_2  (cost=0.00..5.42 rows=99 width=0)
	        Index Cond: ((k >= 7001489) AND (k <= 7001589))

table 3 : explain SELECT k, c FROM sbtest3 WHERE k BETWEEN 7001489 AND 7001589
	Bitmap Heap Scan on sbtest3  (cost=5.48..409.07 rows=102 width=125)
	  Recheck Cond: ((k >= 7001489) AND (k <= 7001589))
	  ->  Bitmap Index Scan on k_3  (cost=0.00..5.45 rows=102 width=0)
	        Index Cond: ((k >= 7001489) AND (k <= 7001589))

table 4 : explain SELECT k, c FROM sbtest4 WHERE k BETWEEN 7001489 AND 7001589
	Bitmap Heap Scan on sbtest4  (cost=5.43..389.37 rows=97 width=125)
	  Recheck Cond: ((k >= 7001489) AND (k <= 7001589))
	  ->  Bitmap Index Scan on k_4  (cost=0.00..5.40 rows=97 width=0)
	        Index Cond: ((k >= 7001489) AND (k <= 7001589))

table 5 : explain SELECT k, c FROM sbtest5 WHERE k BETWEEN 7001489 AND 7001589
	Bitmap Heap Scan on sbtest5  (cost=5.46..401.19 rows=100 width=125)
	  Recheck Cond: ((k >= 7001489) AND (k <= 7001589))
	  ->  Bitmap Index Scan on k_5  (cost=0.00..5.43 rows=100 width=0)
	        Index Cond: ((k >= 7001489) AND (k <= 7001589))

table 6 : explain SELECT k, c FROM sbtest6 WHERE k BETWEEN 7001489 AND 7001589
	Bitmap Heap Scan on sbtest6  (cost=5.41..381.49 rows=95 width=125)
	  Recheck Cond: ((k >= 7001489) AND (k <= 7001589))
	  ->  Bitmap Index Scan on k_6  (cost=0.00..5.38 rows=95 width=0)
	        Index Cond: ((k >= 7001489) AND (k <= 7001589))

table 7 : explain SELECT k, c FROM sbtest7 WHERE k BETWEEN 7001489 AND 7001589
	Bitmap Heap Scan on sbtest7  (cost=5.49..413.00 rows=103 width=125)
	  Recheck Cond: ((k >= 7001489) AND (k <= 7001589))
	  ->  Bitmap Index Scan on k_7  (cost=0.00..5.46 rows=103 width=0)
	        Index Cond: ((k >= 7001489) AND (k <= 7001589))

table 8 : explain SELECT k, c FROM sbtest8 WHERE k BETWEEN 7001489 AND 7001589
	Bitmap Heap Scan on sbtest8  (cost=5.46..401.19 rows=100 width=125)
	  Recheck Cond: ((k >= 7001489) AND (k <= 7001589))
	  ->  Bitmap Index Scan on k_8  (cost=0.00..5.43 rows=100 width=0)
	        Index Cond: ((k >= 7001489) AND (k <= 7001589))

explain: for range-notcovered :: explain SELECT k, c FROM sbtest%d WHERE k BETWEEN 7001489 AND 7001589
for range-notcovered
table 1 : explain SELECT k, c FROM sbtest1 WHERE k BETWEEN 1861807 AND 1861907
	Bitmap Heap Scan on sbtest1  (cost=5.59..452.36 rows=113 width=125)
	  Recheck Cond: ((k >= 1861807) AND (k <= 1861907))
	  ->  Bitmap Index Scan on k_1  (cost=0.00..5.56 rows=113 width=0)
	        Index Cond: ((k >= 1861807) AND (k <= 1861907))

table 2 : explain SELECT k, c FROM sbtest2 WHERE k BETWEEN 1861807 AND 1861907
	Bitmap Heap Scan on sbtest2  (cost=5.46..401.19 rows=100 width=125)
	  Recheck Cond: ((k >= 1861807) AND (k <= 1861907))
	  ->  Bitmap Index Scan on k_2  (cost=0.00..5.43 rows=100 width=0)
	        Index Cond: ((k >= 1861807) AND (k <= 1861907))

table 3 : explain SELECT k, c FROM sbtest3 WHERE k BETWEEN 1861807 AND 1861907
	Bitmap Heap Scan on sbtest3  (cost=5.43..389.37 rows=97 width=125)
	  Recheck Cond: ((k >= 1861807) AND (k <= 1861907))
	  ->  Bitmap Index Scan on k_3  (cost=0.00..5.40 rows=97 width=0)
	        Index Cond: ((k >= 1861807) AND (k <= 1861907))

table 4 : explain SELECT k, c FROM sbtest4 WHERE k BETWEEN 1861807 AND 1861907
	Bitmap Heap Scan on sbtest4  (cost=5.49..413.00 rows=103 width=125)
	  Recheck Cond: ((k >= 1861807) AND (k <= 1861907))
	  ->  Bitmap Index Scan on k_4  (cost=0.00..5.46 rows=103 width=0)
	        Index Cond: ((k >= 1861807) AND (k <= 1861907))

table 5 : explain SELECT k, c FROM sbtest5 WHERE k BETWEEN 1861807 AND 1861907
	Bitmap Heap Scan on sbtest5  (cost=5.41..381.49 rows=95 width=125)
	  Recheck Cond: ((k >= 1861807) AND (k <= 1861907))
	  ->  Bitmap Index Scan on k_5  (cost=0.00..5.38 rows=95 width=0)
	        Index Cond: ((k >= 1861807) AND (k <= 1861907))

table 6 : explain SELECT k, c FROM sbtest6 WHERE k BETWEEN 1861807 AND 1861907
	Bitmap Heap Scan on sbtest6  (cost=5.44..393.31 rows=98 width=125)
	  Recheck Cond: ((k >= 1861807) AND (k <= 1861907))
	  ->  Bitmap Index Scan on k_6  (cost=0.00..5.42 rows=98 width=0)
	        Index Cond: ((k >= 1861807) AND (k <= 1861907))

table 7 : explain SELECT k, c FROM sbtest7 WHERE k BETWEEN 1861807 AND 1861907
	Bitmap Heap Scan on sbtest7  (cost=5.53..428.75 rows=107 width=125)
	  Recheck Cond: ((k >= 1861807) AND (k <= 1861907))
	  ->  Bitmap Index Scan on k_7  (cost=0.00..5.50 rows=107 width=0)
	        Index Cond: ((k >= 1861807) AND (k <= 1861907))

table 8 : explain SELECT k, c FROM sbtest8 WHERE k BETWEEN 1861807 AND 1861907
	Bitmap Heap Scan on sbtest8  (cost=5.42..385.43 rows=96 width=125)
	  Recheck Cond: ((k >= 1861807) AND (k <= 1861907))
	  ->  Bitmap Index Scan on k_8  (cost=0.00..5.39 rows=96 width=0)
	        Index Cond: ((k >= 1861807) AND (k <= 1861907))

explain: for range-notcovered :: explain SELECT k, c FROM sbtest%d WHERE k BETWEEN 1861807 AND 1861907
for range-notcovered
table 1 : explain SELECT k, c FROM sbtest1 WHERE k BETWEEN 7471480 AND 7471580
	Bitmap Heap Scan on sbtest1  (cost=5.37..365.72 rows=91 width=125)
	  Recheck Cond: ((k >= 7471480) AND (k <= 7471580))
	  ->  Bitmap Index Scan on k_1  (cost=0.00..5.34 rows=91 width=0)
	        Index Cond: ((k >= 7471480) AND (k <= 7471580))

table 2 : explain SELECT k, c FROM sbtest2 WHERE k BETWEEN 7471480 AND 7471580
	Bitmap Heap Scan on sbtest2  (cost=5.46..401.19 rows=100 width=125)
	  Recheck Cond: ((k >= 7471480) AND (k <= 7471580))
	  ->  Bitmap Index Scan on k_2  (cost=0.00..5.43 rows=100 width=0)
	        Index Cond: ((k >= 7471480) AND (k <= 7471580))

table 3 : explain SELECT k, c FROM sbtest3 WHERE k BETWEEN 7471480 AND 7471580
	Bitmap Heap Scan on sbtest3  (cost=5.52..424.81 rows=106 width=125)
	  Recheck Cond: ((k >= 7471480) AND (k <= 7471580))
	  ->  Bitmap Index Scan on k_3  (cost=0.00..5.50 rows=106 width=0)
	        Index Cond: ((k >= 7471480) AND (k <= 7471580))

table 4 : explain SELECT k, c FROM sbtest4 WHERE k BETWEEN 7471480 AND 7471580
	Bitmap Heap Scan on sbtest4  (cost=5.39..373.61 rows=93 width=125)
	  Recheck Cond: ((k >= 7471480) AND (k <= 7471580))
	  ->  Bitmap Index Scan on k_4  (cost=0.00..5.36 rows=93 width=0)
	        Index Cond: ((k >= 7471480) AND (k <= 7471580))

table 5 : explain SELECT k, c FROM sbtest5 WHERE k BETWEEN 7471480 AND 7471580
	Bitmap Heap Scan on sbtest5  (cost=5.50..416.94 rows=104 width=125)
	  Recheck Cond: ((k >= 7471480) AND (k <= 7471580))
	  ->  Bitmap Index Scan on k_5  (cost=0.00..5.47 rows=104 width=0)
	        Index Cond: ((k >= 7471480) AND (k <= 7471580))

table 6 : explain SELECT k, c FROM sbtest6 WHERE k BETWEEN 7471480 AND 7471580
	Bitmap Heap Scan on sbtest6  (cost=5.49..413.00 rows=103 width=125)
	  Recheck Cond: ((k >= 7471480) AND (k <= 7471580))
	  ->  Bitmap Index Scan on k_6  (cost=0.00..5.46 rows=103 width=0)
	        Index Cond: ((k >= 7471480) AND (k <= 7471580))

table 7 : explain SELECT k, c FROM sbtest7 WHERE k BETWEEN 7471480 AND 7471580
	Bitmap Heap Scan on sbtest7  (cost=5.53..428.75 rows=107 width=125)
	  Recheck Cond: ((k >= 7471480) AND (k <= 7471580))
	  ->  Bitmap Index Scan on k_7  (cost=0.00..5.50 rows=107 width=0)
	        Index Cond: ((k >= 7471480) AND (k <= 7471580))

table 8 : explain SELECT k, c FROM sbtest8 WHERE k BETWEEN 7471480 AND 7471580
	Bitmap Heap Scan on sbtest8  (cost=5.56..440.56 rows=110 width=125)
	  Recheck Cond: ((k >= 7471480) AND (k <= 7471580))
	  ->  Bitmap Index Scan on k_8  (cost=0.00..5.53 rows=110 width=0)
	        Index Cond: ((k >= 7471480) AND (k <= 7471580))

for range-notcovered
table 1 : explain SELECT k, c FROM sbtest1 WHERE k BETWEEN 2483849 AND 2483949
	Bitmap Heap Scan on sbtest1  (cost=5.50..416.94 rows=104 width=125)
	  Recheck Cond: ((k >= 2483849) AND (k <= 2483949))
	  ->  Bitmap Index Scan on k_1  (cost=0.00..5.47 rows=104 width=0)
	        Index Cond: ((k >= 2483849) AND (k <= 2483949))

table 2 : explain SELECT k, c FROM sbtest2 WHERE k BETWEEN 2483849 AND 2483949
	Bitmap Heap Scan on sbtest2  (cost=5.46..401.19 rows=100 width=125)
	  Recheck Cond: ((k >= 2483849) AND (k <= 2483949))
	  ->  Bitmap Index Scan on k_2  (cost=0.00..5.43 rows=100 width=0)
	        Index Cond: ((k >= 2483849) AND (k <= 2483949))

table 3 : explain SELECT k, c FROM sbtest3 WHERE k BETWEEN 2483849 AND 2483949
	Bitmap Heap Scan on sbtest3  (cost=5.49..413.00 rows=103 width=125)
	  Recheck Cond: ((k >= 2483849) AND (k <= 2483949))
	  ->  Bitmap Index Scan on k_3  (cost=0.00..5.46 rows=103 width=0)
	        Index Cond: ((k >= 2483849) AND (k <= 2483949))

table 4 : explain SELECT k, c FROM sbtest4 WHERE k BETWEEN 2483849 AND 2483949
	Bitmap Heap Scan on sbtest4  (cost=5.55..436.62 rows=109 width=125)
	  Recheck Cond: ((k >= 2483849) AND (k <= 2483949))
	  ->  Bitmap Index Scan on k_4  (cost=0.00..5.52 rows=109 width=0)
	        Index Cond: ((k >= 2483849) AND (k <= 2483949))

table 5 : explain SELECT k, c FROM sbtest5 WHERE k BETWEEN 2483849 AND 2483949
	Bitmap Heap Scan on sbtest5  (cost=5.67..479.88 rows=120 width=125)
	  Recheck Cond: ((k >= 2483849) AND (k <= 2483949))
	  ->  Bitmap Index Scan on k_5  (cost=0.00..5.63 rows=120 width=0)
	        Index Cond: ((k >= 2483849) AND (k <= 2483949))

table 6 : explain SELECT k, c FROM sbtest6 WHERE k BETWEEN 2483849 AND 2483949
	Bitmap Heap Scan on sbtest6  (cost=5.46..401.19 rows=100 width=125)
	  Recheck Cond: ((k >= 2483849) AND (k <= 2483949))
	  ->  Bitmap Index Scan on k_6  (cost=0.00..5.43 rows=100 width=0)
	        Index Cond: ((k >= 2483849) AND (k <= 2483949))

table 7 : explain SELECT k, c FROM sbtest7 WHERE k BETWEEN 2483849 AND 2483949
	Bitmap Heap Scan on sbtest7  (cost=5.53..428.75 rows=107 width=125)
	  Recheck Cond: ((k >= 2483849) AND (k <= 2483949))
	  ->  Bitmap Index Scan on k_7  (cost=0.00..5.50 rows=107 width=0)
	        Index Cond: ((k >= 2483849) AND (k <= 2483949))

table 8 : explain SELECT k, c FROM sbtest8 WHERE k BETWEEN 2483849 AND 2483949
	Bitmap Heap Scan on sbtest8  (cost=5.48..409.07 rows=102 width=125)
	  Recheck Cond: ((k >= 2483849) AND (k <= 2483949))
	  ->  Bitmap Index Scan on k_8  (cost=0.00..5.45 rows=102 width=0)
	        Index Cond: ((k >= 2483849) AND (k <= 2483949))

for range-notcovered
table 1 : explain SELECT k, c FROM sbtest1 WHERE k BETWEEN 2261001 AND 2261101
	Bitmap Heap Scan on sbtest1  (cost=5.45..397.25 rows=99 width=125)
	  Recheck Cond: ((k >= 2261001) AND (k <= 2261101))
	  ->  Bitmap Index Scan on k_1  (cost=0.00..5.42 rows=99 width=0)
	        Index Cond: ((k >= 2261001) AND (k <= 2261101))

table 2 : explain SELECT k, c FROM sbtest2 WHERE k BETWEEN 2261001 AND 2261101
	Bitmap Heap Scan on sbtest2  (cost=5.51..420.88 rows=105 width=125)
	  Recheck Cond: ((k >= 2261001) AND (k <= 2261101))
	  ->  Bitmap Index Scan on k_2  (cost=0.00..5.48 rows=105 width=0)
	        Index Cond: ((k >= 2261001) AND (k <= 2261101))

table 3 : explain SELECT k, c FROM sbtest3 WHERE k BETWEEN 2261001 AND 2261101
	Bitmap Heap Scan on sbtest3  (cost=5.46..401.19 rows=100 width=125)
	  Recheck Cond: ((k >= 2261001) AND (k <= 2261101))
	  ->  Bitmap Index Scan on k_3  (cost=0.00..5.43 rows=100 width=0)
	        Index Cond: ((k >= 2261001) AND (k <= 2261101))

table 4 : explain SELECT k, c FROM sbtest4 WHERE k BETWEEN 2261001 AND 2261101
	Bitmap Heap Scan on sbtest4  (cost=5.53..428.75 rows=107 width=125)
	  Recheck Cond: ((k >= 2261001) AND (k <= 2261101))
	  ->  Bitmap Index Scan on k_4  (cost=0.00..5.50 rows=107 width=0)
	        Index Cond: ((k >= 2261001) AND (k <= 2261101))

table 5 : explain SELECT k, c FROM sbtest5 WHERE k BETWEEN 2261001 AND 2261101
	Bitmap Heap Scan on sbtest5  (cost=5.54..432.69 rows=108 width=125)
	  Recheck Cond: ((k >= 2261001) AND (k <= 2261101))
	  ->  Bitmap Index Scan on k_5  (cost=0.00..5.51 rows=108 width=0)
	        Index Cond: ((k >= 2261001) AND (k <= 2261101))

table 6 : explain SELECT k, c FROM sbtest6 WHERE k BETWEEN 2261001 AND 2261101
	Bitmap Heap Scan on sbtest6  (cost=5.43..389.37 rows=97 width=125)
	  Recheck Cond: ((k >= 2261001) AND (k <= 2261101))
	  ->  Bitmap Index Scan on k_6  (cost=0.00..5.40 rows=97 width=0)
	        Index Cond: ((k >= 2261001) AND (k <= 2261101))

table 7 : explain SELECT k, c FROM sbtest7 WHERE k BETWEEN 2261001 AND 2261101
	Bitmap Heap Scan on sbtest7  (cost=5.39..373.61 rows=93 width=125)
	  Recheck Cond: ((k >= 2261001) AND (k <= 2261101))
	  ->  Bitmap Index Scan on k_7  (cost=0.00..5.36 rows=93 width=0)
	        Index Cond: ((k >= 2261001) AND (k <= 2261101))

table 8 : explain SELECT k, c FROM sbtest8 WHERE k BETWEEN 2261001 AND 2261101
	Bitmap Heap Scan on sbtest8  (cost=5.43..389.37 rows=97 width=125)
	  Recheck Cond: ((k >= 2261001) AND (k <= 2261101))
	  ->  Bitmap Index Scan on k_8  (cost=0.00..5.40 rows=97 width=0)
	        Index Cond: ((k >= 2261001) AND (k <= 2261101))

explain: for range-notcovered :: explain SELECT k, c FROM sbtest%d WHERE k BETWEEN 2483849 AND 2483949
explain: for range-notcovered :: explain SELECT k, c FROM sbtest%d WHERE k BETWEEN 2261001 AND 2261101
for range-notcovered
table 1 : explain SELECT k, c FROM sbtest1 WHERE k BETWEEN 3327603 AND 3327703
	Bitmap Heap Scan on sbtest1  (cost=5.51..420.88 rows=105 width=125)
	  Recheck Cond: ((k >= 3327603) AND (k <= 3327703))
	  ->  Bitmap Index Scan on k_1  (cost=0.00..5.48 rows=105 width=0)
	        Index Cond: ((k >= 3327603) AND (k <= 3327703))

table 2 : explain SELECT k, c FROM sbtest2 WHERE k BETWEEN 3327603 AND 3327703
	Bitmap Heap Scan on sbtest2  (cost=5.55..436.62 rows=109 width=125)
	  Recheck Cond: ((k >= 3327603) AND (k <= 3327703))
	  ->  Bitmap Index Scan on k_2  (cost=0.00..5.52 rows=109 width=0)
	        Index Cond: ((k >= 3327603) AND (k <= 3327703))

table 3 : explain SELECT k, c FROM sbtest3 WHERE k BETWEEN 3327603 AND 3327703
	Bitmap Heap Scan on sbtest3  (cost=5.48..409.07 rows=102 width=125)
	  Recheck Cond: ((k >= 3327603) AND (k <= 3327703))
	  ->  Bitmap Index Scan on k_3  (cost=0.00..5.45 rows=102 width=0)
	        Index Cond: ((k >= 3327603) AND (k <= 3327703))

table 4 : explain SELECT k, c FROM sbtest4 WHERE k BETWEEN 3327603 AND 3327703
	Bitmap Heap Scan on sbtest4  (cost=5.61..460.22 rows=115 width=125)
	  Recheck Cond: ((k >= 3327603) AND (k <= 3327703))
	  ->  Bitmap Index Scan on k_4  (cost=0.00..5.58 rows=115 width=0)
	        Index Cond: ((k >= 3327603) AND (k <= 3327703))

table 5 : explain SELECT k, c FROM sbtest5 WHERE k BETWEEN 3327603 AND 3327703
	Bitmap Heap Scan on sbtest5  (cost=5.42..385.43 rows=96 width=125)
	  Recheck Cond: ((k >= 3327603) AND (k <= 3327703))
	  ->  Bitmap Index Scan on k_5  (cost=0.00..5.39 rows=96 width=0)
	        Index Cond: ((k >= 3327603) AND (k <= 3327703))

table 6 : explain SELECT k, c FROM sbtest6 WHERE k BETWEEN 3327603 AND 3327703
	Bitmap Heap Scan on sbtest6  (cost=5.49..413.00 rows=103 width=125)
	  Recheck Cond: ((k >= 3327603) AND (k <= 3327703))
	  ->  Bitmap Index Scan on k_6  (cost=0.00..5.46 rows=103 width=0)
	        Index Cond: ((k >= 3327603) AND (k <= 3327703))

table 7 : explain SELECT k, c FROM sbtest7 WHERE k BETWEEN 3327603 AND 3327703
	Bitmap Heap Scan on sbtest7  (cost=5.48..409.07 rows=102 width=125)
	  Recheck Cond: ((k >= 3327603) AND (k <= 3327703))
	  ->  Bitmap Index Scan on k_7  (cost=0.00..5.45 rows=102 width=0)
	        Index Cond: ((k >= 3327603) AND (k <= 3327703))

table 8 : explain SELECT k, c FROM sbtest8 WHERE k BETWEEN 3327603 AND 3327703
	Bitmap Heap Scan on sbtest8  (cost=5.50..416.94 rows=104 width=125)
	  Recheck Cond: ((k >= 3327603) AND (k <= 3327703))
	  ->  Bitmap Index Scan on k_8  (cost=0.00..5.47 rows=104 width=0)
	        Index Cond: ((k >= 3327603) AND (k <= 3327703))

for range-notcovered
table 1 : explain SELECT k, c FROM sbtest1 WHERE k BETWEEN 7001489 AND 7001589
	Bitmap Heap Scan on sbtest1  (cost=5.53..428.75 rows=107 width=125)
	  Recheck Cond: ((k >= 7001489) AND (k <= 7001589))
	  ->  Bitmap Index Scan on k_1  (cost=0.00..5.50 rows=107 width=0)
	        Index Cond: ((k >= 7001489) AND (k <= 7001589))

table 2 : explain SELECT k, c FROM sbtest2 WHERE k BETWEEN 7001489 AND 7001589
	Bitmap Heap Scan on sbtest2  (cost=5.45..397.25 rows=99 width=125)
	  Recheck Cond: ((k >= 7001489) AND (k <= 7001589))
	  ->  Bitmap Index Scan on k_2  (cost=0.00..5.42 rows=99 width=0)
	        Index Cond: ((k >= 7001489) AND (k <= 7001589))

table 3 : explain SELECT k, c FROM sbtest3 WHERE k BETWEEN 7001489 AND 7001589
	Bitmap Heap Scan on sbtest3  (cost=5.48..409.07 rows=102 width=125)
	  Recheck Cond: ((k >= 7001489) AND (k <= 7001589))
	  ->  Bitmap Index Scan on k_3  (cost=0.00..5.45 rows=102 width=0)
	        Index Cond: ((k >= 7001489) AND (k <= 7001589))

table 4 : explain SELECT k, c FROM sbtest4 WHERE k BETWEEN 7001489 AND 7001589
	Bitmap Heap Scan on sbtest4  (cost=5.43..389.37 rows=97 width=125)
	  Recheck Cond: ((k >= 7001489) AND (k <= 7001589))
	  ->  Bitmap Index Scan on k_4  (cost=0.00..5.40 rows=97 width=0)
	        Index Cond: ((k >= 7001489) AND (k <= 7001589))

table 5 : explain SELECT k, c FROM sbtest5 WHERE k BETWEEN 7001489 AND 7001589
	Bitmap Heap Scan on sbtest5  (cost=5.46..401.19 rows=100 width=125)
	  Recheck Cond: ((k >= 7001489) AND (k <= 7001589))
	  ->  Bitmap Index Scan on k_5  (cost=0.00..5.43 rows=100 width=0)
	        Index Cond: ((k >= 7001489) AND (k <= 7001589))

table 6 : explain SELECT k, c FROM sbtest6 WHERE k BETWEEN 7001489 AND 7001589
	Bitmap Heap Scan on sbtest6  (cost=5.41..381.49 rows=95 width=125)
	  Recheck Cond: ((k >= 7001489) AND (k <= 7001589))
	  ->  Bitmap Index Scan on k_6  (cost=0.00..5.38 rows=95 width=0)
	        Index Cond: ((k >= 7001489) AND (k <= 7001589))

table 7 : explain SELECT k, c FROM sbtest7 WHERE k BETWEEN 7001489 AND 7001589
	Bitmap Heap Scan on sbtest7  (cost=5.49..413.00 rows=103 width=125)
	  Recheck Cond: ((k >= 7001489) AND (k <= 7001589))
	  ->  Bitmap Index Scan on k_7  (cost=0.00..5.46 rows=103 width=0)
	        Index Cond: ((k >= 7001489) AND (k <= 7001589))

table 8 : explain SELECT k, c FROM sbtest8 WHERE k BETWEEN 7001489 AND 7001589
	Bitmap Heap Scan on sbtest8  (cost=5.46..401.19 rows=100 width=125)
	  Recheck Cond: ((k >= 7001489) AND (k <= 7001589))
	  ->  Bitmap Index Scan on k_8  (cost=0.00..5.43 rows=100 width=0)
	        Index Cond: ((k >= 7001489) AND (k <= 7001589))

explain: for range-notcovered :: explain SELECT k, c FROM sbtest%d WHERE k BETWEEN 5266144 AND 5266244
explain: for range-notcovered :: explain SELECT k, c FROM sbtest%d WHERE k BETWEEN 7001489 AND 7001589
for range-notcovered
table 1 : explain SELECT k, c FROM sbtest1 WHERE k BETWEEN 6136721 AND 6136821
	Bitmap Heap Scan on sbtest1  (cost=5.62..464.15 rows=116 width=125)
	  Recheck Cond: ((k >= 6136721) AND (k <= 6136821))
	  ->  Bitmap Index Scan on k_1  (cost=0.00..5.59 rows=116 width=0)
	        Index Cond: ((k >= 6136721) AND (k <= 6136821))

table 2 : explain SELECT k, c FROM sbtest2 WHERE k BETWEEN 6136721 AND 6136821
	Bitmap Heap Scan on sbtest2  (cost=5.52..424.81 rows=106 width=125)
	  Recheck Cond: ((k >= 6136721) AND (k <= 6136821))
	  ->  Bitmap Index Scan on k_2  (cost=0.00..5.50 rows=106 width=0)
	        Index Cond: ((k >= 6136721) AND (k <= 6136821))

table 3 : explain SELECT k, c FROM sbtest3 WHERE k BETWEEN 6136721 AND 6136821
	Bitmap Heap Scan on sbtest3  (cost=5.55..436.62 rows=109 width=125)
	  Recheck Cond: ((k >= 6136721) AND (k <= 6136821))
	  ->  Bitmap Index Scan on k_3  (cost=0.00..5.52 rows=109 width=0)
	        Index Cond: ((k >= 6136721) AND (k <= 6136821))

table 4 : explain SELECT k, c FROM sbtest4 WHERE k BETWEEN 6136721 AND 6136821
	Bitmap Heap Scan on sbtest4  (cost=5.45..397.25 rows=99 width=125)
	  Recheck Cond: ((k >= 6136721) AND (k <= 6136821))
	  ->  Bitmap Index Scan on k_4  (cost=0.00..5.42 rows=99 width=0)
	        Index Cond: ((k >= 6136721) AND (k <= 6136821))

table 5 : explain SELECT k, c FROM sbtest5 WHERE k BETWEEN 6136721 AND 6136821
	Bitmap Heap Scan on sbtest5  (cost=5.53..428.75 rows=107 width=125)
	  Recheck Cond: ((k >= 6136721) AND (k <= 6136821))
	  ->  Bitmap Index Scan on k_5  (cost=0.00..5.50 rows=107 width=0)
	        Index Cond: ((k >= 6136721) AND (k <= 6136821))

table 6 : explain SELECT k, c FROM sbtest6 WHERE k BETWEEN 6136721 AND 6136821
	Bitmap Heap Scan on sbtest6  (cost=5.49..413.00 rows=103 width=125)
	  Recheck Cond: ((k >= 6136721) AND (k <= 6136821))
	  ->  Bitmap Index Scan on k_6  (cost=0.00..5.46 rows=103 width=0)
	        Index Cond: ((k >= 6136721) AND (k <= 6136821))

table 7 : explain SELECT k, c FROM sbtest7 WHERE k BETWEEN 6136721 AND 6136821
	Bitmap Heap Scan on sbtest7  (cost=5.48..409.07 rows=102 width=125)
	  Recheck Cond: ((k >= 6136721) AND (k <= 6136821))
	  ->  Bitmap Index Scan on k_7  (cost=0.00..5.45 rows=102 width=0)
	        Index Cond: ((k >= 6136721) AND (k <= 6136821))

table 8 : explain SELECT k, c FROM sbtest8 WHERE k BETWEEN 6136721 AND 6136821
	Bitmap Heap Scan on sbtest8  (cost=5.46..401.19 rows=100 width=125)
	  Recheck Cond: ((k >= 6136721) AND (k <= 6136821))
	  ->  Bitmap Index Scan on k_8  (cost=0.00..5.43 rows=100 width=0)
	        Index Cond: ((k >= 6136721) AND (k <= 6136821))

for range-notcovered
table 1 : explain SELECT k, c FROM sbtest1 WHERE k BETWEEN 1861807 AND 1861907
	Bitmap Heap Scan on sbtest1  (cost=5.59..452.36 rows=113 width=125)
	  Recheck Cond: ((k >= 1861807) AND (k <= 1861907))
	  ->  Bitmap Index Scan on k_1  (cost=0.00..5.56 rows=113 width=0)
	        Index Cond: ((k >= 1861807) AND (k <= 1861907))

table 2 : explain SELECT k, c FROM sbtest2 WHERE k BETWEEN 1861807 AND 1861907
	Bitmap Heap Scan on sbtest2  (cost=5.46..401.19 rows=100 width=125)
	  Recheck Cond: ((k >= 1861807) AND (k <= 1861907))
	  ->  Bitmap Index Scan on k_2  (cost=0.00..5.43 rows=100 width=0)
	        Index Cond: ((k >= 1861807) AND (k <= 1861907))

table 3 : explain SELECT k, c FROM sbtest3 WHERE k BETWEEN 1861807 AND 1861907
	Bitmap Heap Scan on sbtest3  (cost=5.43..389.37 rows=97 width=125)
	  Recheck Cond: ((k >= 1861807) AND (k <= 1861907))
	  ->  Bitmap Index Scan on k_3  (cost=0.00..5.40 rows=97 width=0)
	        Index Cond: ((k >= 1861807) AND (k <= 1861907))

table 4 : explain SELECT k, c FROM sbtest4 WHERE k BETWEEN 1861807 AND 1861907
	Bitmap Heap Scan on sbtest4  (cost=5.49..413.00 rows=103 width=125)
	  Recheck Cond: ((k >= 1861807) AND (k <= 1861907))
	  ->  Bitmap Index Scan on k_4  (cost=0.00..5.46 rows=103 width=0)
	        Index Cond: ((k >= 1861807) AND (k <= 1861907))

table 5 : explain SELECT k, c FROM sbtest5 WHERE k BETWEEN 1861807 AND 1861907
	Bitmap Heap Scan on sbtest5  (cost=5.41..381.49 rows=95 width=125)
	  Recheck Cond: ((k >= 1861807) AND (k <= 1861907))
	  ->  Bitmap Index Scan on k_5  (cost=0.00..5.38 rows=95 width=0)
	        Index Cond: ((k >= 1861807) AND (k <= 1861907))

table 6 : explain SELECT k, c FROM sbtest6 WHERE k BETWEEN 1861807 AND 1861907
	Bitmap Heap Scan on sbtest6  (cost=5.44..393.31 rows=98 width=125)
	  Recheck Cond: ((k >= 1861807) AND (k <= 1861907))
	  ->  Bitmap Index Scan on k_6  (cost=0.00..5.42 rows=98 width=0)
	        Index Cond: ((k >= 1861807) AND (k <= 1861907))

table 7 : explain SELECT k, c FROM sbtest7 WHERE k BETWEEN 1861807 AND 1861907
	Bitmap Heap Scan on sbtest7  (cost=5.53..428.75 rows=107 width=125)
	  Recheck Cond: ((k >= 1861807) AND (k <= 1861907))
	  ->  Bitmap Index Scan on k_7  (cost=0.00..5.50 rows=107 width=0)
	        Index Cond: ((k >= 1861807) AND (k <= 1861907))

table 8 : explain SELECT k, c FROM sbtest8 WHERE k BETWEEN 1861807 AND 1861907
	Bitmap Heap Scan on sbtest8  (cost=5.42..385.43 rows=96 width=125)
	  Recheck Cond: ((k >= 1861807) AND (k <= 1861907))
	  ->  Bitmap Index Scan on k_8  (cost=0.00..5.39 rows=96 width=0)
	        Index Cond: ((k >= 1861807) AND (k <= 1861907))

for range-notcovered
table 1 : explain SELECT k, c FROM sbtest1 WHERE k BETWEEN 2483849 AND 2483949
	Bitmap Heap Scan on sbtest1  (cost=5.50..416.94 rows=104 width=125)
	  Recheck Cond: ((k >= 2483849) AND (k <= 2483949))
	  ->  Bitmap Index Scan on k_1  (cost=0.00..5.47 rows=104 width=0)
	        Index Cond: ((k >= 2483849) AND (k <= 2483949))

table 2 : explain SELECT k, c FROM sbtest2 WHERE k BETWEEN 2483849 AND 2483949
	Bitmap Heap Scan on sbtest2  (cost=5.46..401.19 rows=100 width=125)
	  Recheck Cond: ((k >= 2483849) AND (k <= 2483949))
	  ->  Bitmap Index Scan on k_2  (cost=0.00..5.43 rows=100 width=0)
	        Index Cond: ((k >= 2483849) AND (k <= 2483949))

table 3 : explain SELECT k, c FROM sbtest3 WHERE k BETWEEN 2483849 AND 2483949
	Bitmap Heap Scan on sbtest3  (cost=5.49..413.00 rows=103 width=125)
	  Recheck Cond: ((k >= 2483849) AND (k <= 2483949))
	  ->  Bitmap Index Scan on k_3  (cost=0.00..5.46 rows=103 width=0)
	        Index Cond: ((k >= 2483849) AND (k <= 2483949))

table 4 : explain SELECT k, c FROM sbtest4 WHERE k BETWEEN 2483849 AND 2483949
	Bitmap Heap Scan on sbtest4  (cost=5.55..436.62 rows=109 width=125)
	  Recheck Cond: ((k >= 2483849) AND (k <= 2483949))
	  ->  Bitmap Index Scan on k_4  (cost=0.00..5.52 rows=109 width=0)
	        Index Cond: ((k >= 2483849) AND (k <= 2483949))

table 5 : explain SELECT k, c FROM sbtest5 WHERE k BETWEEN 2483849 AND 2483949
	Bitmap Heap Scan on sbtest5  (cost=5.67..479.88 rows=120 width=125)
	  Recheck Cond: ((k >= 2483849) AND (k <= 2483949))
	  ->  Bitmap Index Scan on k_5  (cost=0.00..5.63 rows=120 width=0)
	        Index Cond: ((k >= 2483849) AND (k <= 2483949))

table 6 : explain SELECT k, c FROM sbtest6 WHERE k BETWEEN 2483849 AND 2483949
	Bitmap Heap Scan on sbtest6  (cost=5.46..401.19 rows=100 width=125)
	  Recheck Cond: ((k >= 2483849) AND (k <= 2483949))
	  ->  Bitmap Index Scan on k_6  (cost=0.00..5.43 rows=100 width=0)
	        Index Cond: ((k >= 2483849) AND (k <= 2483949))

table 7 : explain SELECT k, c FROM sbtest7 WHERE k BETWEEN 2483849 AND 2483949
	Bitmap Heap Scan on sbtest7  (cost=5.53..428.75 rows=107 width=125)
	  Recheck Cond: ((k >= 2483849) AND (k <= 2483949))
	  ->  Bitmap Index Scan on k_7  (cost=0.00..5.50 rows=107 width=0)
	        Index Cond: ((k >= 2483849) AND (k <= 2483949))

table 8 : explain SELECT k, c FROM sbtest8 WHERE k BETWEEN 2483849 AND 2483949
	Bitmap Heap Scan on sbtest8  (cost=5.48..409.07 rows=102 width=125)
	  Recheck Cond: ((k >= 2483849) AND (k <= 2483949))
	  ->  Bitmap Index Scan on k_8  (cost=0.00..5.45 rows=102 width=0)
	        Index Cond: ((k >= 2483849) AND (k <= 2483949))

explain: for range-notcovered :: explain SELECT k, c FROM sbtest%d WHERE k BETWEEN 1861807 AND 1861907
explain: for range-notcovered :: explain SELECT k, c FROM sbtest%d WHERE k BETWEEN 6136721 AND 6136821
explain: for range-notcovered :: explain SELECT k, c FROM sbtest%d WHERE k BETWEEN 2483849 AND 2483949
for range-notcovered
table 1 : explain SELECT k, c FROM sbtest1 WHERE k BETWEEN 7001489 AND 7001589
	Bitmap Heap Scan on sbtest1  (cost=5.53..428.75 rows=107 width=125)
	  Recheck Cond: ((k >= 7001489) AND (k <= 7001589))
	  ->  Bitmap Index Scan on k_1  (cost=0.00..5.50 rows=107 width=0)
	        Index Cond: ((k >= 7001489) AND (k <= 7001589))

table 2 : explain SELECT k, c FROM sbtest2 WHERE k BETWEEN 7001489 AND 7001589
	Bitmap Heap Scan on sbtest2  (cost=5.45..397.25 rows=99 width=125)
	  Recheck Cond: ((k >= 7001489) AND (k <= 7001589))
	  ->  Bitmap Index Scan on k_2  (cost=0.00..5.42 rows=99 width=0)
	        Index Cond: ((k >= 7001489) AND (k <= 7001589))

table 3 : explain SELECT k, c FROM sbtest3 WHERE k BETWEEN 7001489 AND 7001589
	Bitmap Heap Scan on sbtest3  (cost=5.48..409.07 rows=102 width=125)
	  Recheck Cond: ((k >= 7001489) AND (k <= 7001589))
	  ->  Bitmap Index Scan on k_3  (cost=0.00..5.45 rows=102 width=0)
	        Index Cond: ((k >= 7001489) AND (k <= 7001589))

table 4 : explain SELECT k, c FROM sbtest4 WHERE k BETWEEN 7001489 AND 7001589
	Bitmap Heap Scan on sbtest4  (cost=5.43..389.37 rows=97 width=125)
	  Recheck Cond: ((k >= 7001489) AND (k <= 7001589))
	  ->  Bitmap Index Scan on k_4  (cost=0.00..5.40 rows=97 width=0)
	        Index Cond: ((k >= 7001489) AND (k <= 7001589))

table 5 : explain SELECT k, c FROM sbtest5 WHERE k BETWEEN 7001489 AND 7001589
	Bitmap Heap Scan on sbtest5  (cost=5.46..401.19 rows=100 width=125)
	  Recheck Cond: ((k >= 7001489) AND (k <= 7001589))
	  ->  Bitmap Index Scan on k_5  (cost=0.00..5.43 rows=100 width=0)
	        Index Cond: ((k >= 7001489) AND (k <= 7001589))

table 6 : explain SELECT k, c FROM sbtest6 WHERE k BETWEEN 7001489 AND 7001589
	Bitmap Heap Scan on sbtest6  (cost=5.41..381.49 rows=95 width=125)
	  Recheck Cond: ((k >= 7001489) AND (k <= 7001589))
	  ->  Bitmap Index Scan on k_6  (cost=0.00..5.38 rows=95 width=0)
	        Index Cond: ((k >= 7001489) AND (k <= 7001589))

table 7 : explain SELECT k, c FROM sbtest7 WHERE k BETWEEN 7001489 AND 7001589
	Bitmap Heap Scan on sbtest7  (cost=5.49..413.00 rows=103 width=125)
	  Recheck Cond: ((k >= 7001489) AND (k <= 7001589))
	  ->  Bitmap Index Scan on k_7  (cost=0.00..5.46 rows=103 width=0)
	        Index Cond: ((k >= 7001489) AND (k <= 7001589))

table 8 : explain SELECT k, c FROM sbtest8 WHERE k BETWEEN 7001489 AND 7001589
	Bitmap Heap Scan on sbtest8  (cost=5.46..401.19 rows=100 width=125)
	  Recheck Cond: ((k >= 7001489) AND (k <= 7001589))
	  ->  Bitmap Index Scan on k_8  (cost=0.00..5.43 rows=100 width=0)
	        Index Cond: ((k >= 7001489) AND (k <= 7001589))

explain: for range-notcovered :: explain SELECT k, c FROM sbtest%d WHERE k BETWEEN 7001489 AND 7001589
for range-notcovered
table 1 : explain SELECT k, c FROM sbtest1 WHERE k BETWEEN 2261001 AND 2261101
	Bitmap Heap Scan on sbtest1  (cost=5.45..397.25 rows=99 width=125)
	  Recheck Cond: ((k >= 2261001) AND (k <= 2261101))
	  ->  Bitmap Index Scan on k_1  (cost=0.00..5.42 rows=99 width=0)
	        Index Cond: ((k >= 2261001) AND (k <= 2261101))

table 2 : explain SELECT k, c FROM sbtest2 WHERE k BETWEEN 2261001 AND 2261101
	Bitmap Heap Scan on sbtest2  (cost=5.51..420.88 rows=105 width=125)
	  Recheck Cond: ((k >= 2261001) AND (k <= 2261101))
	  ->  Bitmap Index Scan on k_2  (cost=0.00..5.48 rows=105 width=0)
	        Index Cond: ((k >= 2261001) AND (k <= 2261101))

table 3 : explain SELECT k, c FROM sbtest3 WHERE k BETWEEN 2261001 AND 2261101
	Bitmap Heap Scan on sbtest3  (cost=5.46..401.19 rows=100 width=125)
	  Recheck Cond: ((k >= 2261001) AND (k <= 2261101))
	  ->  Bitmap Index Scan on k_3  (cost=0.00..5.43 rows=100 width=0)
	        Index Cond: ((k >= 2261001) AND (k <= 2261101))

table 4 : explain SELECT k, c FROM sbtest4 WHERE k BETWEEN 2261001 AND 2261101
	Bitmap Heap Scan on sbtest4  (cost=5.53..428.75 rows=107 width=125)
	  Recheck Cond: ((k >= 2261001) AND (k <= 2261101))
	  ->  Bitmap Index Scan on k_4  (cost=0.00..5.50 rows=107 width=0)
	        Index Cond: ((k >= 2261001) AND (k <= 2261101))

table 5 : explain SELECT k, c FROM sbtest5 WHERE k BETWEEN 2261001 AND 2261101
	Bitmap Heap Scan on sbtest5  (cost=5.54..432.69 rows=108 width=125)
	  Recheck Cond: ((k >= 2261001) AND (k <= 2261101))
	  ->  Bitmap Index Scan on k_5  (cost=0.00..5.51 rows=108 width=0)
	        Index Cond: ((k >= 2261001) AND (k <= 2261101))

table 6 : explain SELECT k, c FROM sbtest6 WHERE k BETWEEN 2261001 AND 2261101
	Bitmap Heap Scan on sbtest6  (cost=5.43..389.37 rows=97 width=125)
	  Recheck Cond: ((k >= 2261001) AND (k <= 2261101))
	  ->  Bitmap Index Scan on k_6  (cost=0.00..5.40 rows=97 width=0)
	        Index Cond: ((k >= 2261001) AND (k <= 2261101))

table 7 : explain SELECT k, c FROM sbtest7 WHERE k BETWEEN 2261001 AND 2261101
	Bitmap Heap Scan on sbtest7  (cost=5.39..373.61 rows=93 width=125)
	  Recheck Cond: ((k >= 2261001) AND (k <= 2261101))
	  ->  Bitmap Index Scan on k_7  (cost=0.00..5.36 rows=93 width=0)
	        Index Cond: ((k >= 2261001) AND (k <= 2261101))

table 8 : explain SELECT k, c FROM sbtest8 WHERE k BETWEEN 2261001 AND 2261101
	Bitmap Heap Scan on sbtest8  (cost=5.43..389.37 rows=97 width=125)
	  Recheck Cond: ((k >= 2261001) AND (k <= 2261101))
	  ->  Bitmap Index Scan on k_8  (cost=0.00..5.40 rows=97 width=0)
	        Index Cond: ((k >= 2261001) AND (k <= 2261101))

for range-notcovered
table 1 : explain SELECT k, c FROM sbtest1 WHERE k BETWEEN 1861807 AND 1861907
	Bitmap Heap Scan on sbtest1  (cost=5.59..452.36 rows=113 width=125)
	  Recheck Cond: ((k >= 1861807) AND (k <= 1861907))
	  ->  Bitmap Index Scan on k_1  (cost=0.00..5.56 rows=113 width=0)
	        Index Cond: ((k >= 1861807) AND (k <= 1861907))

table 2 : explain SELECT k, c FROM sbtest2 WHERE k BETWEEN 1861807 AND 1861907
	Bitmap Heap Scan on sbtest2  (cost=5.46..401.19 rows=100 width=125)
	  Recheck Cond: ((k >= 1861807) AND (k <= 1861907))
	  ->  Bitmap Index Scan on k_2  (cost=0.00..5.43 rows=100 width=0)
	        Index Cond: ((k >= 1861807) AND (k <= 1861907))

table 3 : explain SELECT k, c FROM sbtest3 WHERE k BETWEEN 1861807 AND 1861907
	Bitmap Heap Scan on sbtest3  (cost=5.43..389.37 rows=97 width=125)
	  Recheck Cond: ((k >= 1861807) AND (k <= 1861907))
	  ->  Bitmap Index Scan on k_3  (cost=0.00..5.40 rows=97 width=0)
	        Index Cond: ((k >= 1861807) AND (k <= 1861907))

table 4 : explain SELECT k, c FROM sbtest4 WHERE k BETWEEN 1861807 AND 1861907
	Bitmap Heap Scan on sbtest4  (cost=5.49..413.00 rows=103 width=125)
	  Recheck Cond: ((k >= 1861807) AND (k <= 1861907))
	  ->  Bitmap Index Scan on k_4  (cost=0.00..5.46 rows=103 width=0)
	        Index Cond: ((k >= 1861807) AND (k <= 1861907))

table 5 : explain SELECT k, c FROM sbtest5 WHERE k BETWEEN 1861807 AND 1861907
	Bitmap Heap Scan on sbtest5  (cost=5.41..381.49 rows=95 width=125)
	  Recheck Cond: ((k >= 1861807) AND (k <= 1861907))
	  ->  Bitmap Index Scan on k_5  (cost=0.00..5.38 rows=95 width=0)
	        Index Cond: ((k >= 1861807) AND (k <= 1861907))

table 6 : explain SELECT k, c FROM sbtest6 WHERE k BETWEEN 1861807 AND 1861907
	Bitmap Heap Scan on sbtest6  (cost=5.44..393.31 rows=98 width=125)
	  Recheck Cond: ((k >= 1861807) AND (k <= 1861907))
	  ->  Bitmap Index Scan on k_6  (cost=0.00..5.42 rows=98 width=0)
	        Index Cond: ((k >= 1861807) AND (k <= 1861907))

table 7 : explain SELECT k, c FROM sbtest7 WHERE k BETWEEN 1861807 AND 1861907
	Bitmap Heap Scan on sbtest7  (cost=5.53..428.75 rows=107 width=125)
	  Recheck Cond: ((k >= 1861807) AND (k <= 1861907))
	  ->  Bitmap Index Scan on k_7  (cost=0.00..5.50 rows=107 width=0)
	        Index Cond: ((k >= 1861807) AND (k <= 1861907))

table 8 : explain SELECT k, c FROM sbtest8 WHERE k BETWEEN 1861807 AND 1861907
	Bitmap Heap Scan on sbtest8  (cost=5.42..385.43 rows=96 width=125)
	  Recheck Cond: ((k >= 1861807) AND (k <= 1861907))
	  ->  Bitmap Index Scan on k_8  (cost=0.00..5.39 rows=96 width=0)
	        Index Cond: ((k >= 1861807) AND (k <= 1861907))

explain: for range-notcovered :: explain SELECT k, c FROM sbtest%d WHERE k BETWEEN 2261001 AND 2261101
explain: for range-notcovered :: explain SELECT k, c FROM sbtest%d WHERE k BETWEEN 1861807 AND 1861907
for range-notcovered
table 1 : explain SELECT k, c FROM sbtest1 WHERE k BETWEEN 2483849 AND 2483949
	Bitmap Heap Scan on sbtest1  (cost=5.50..416.94 rows=104 width=125)
	  Recheck Cond: ((k >= 2483849) AND (k <= 2483949))
	  ->  Bitmap Index Scan on k_1  (cost=0.00..5.47 rows=104 width=0)
	        Index Cond: ((k >= 2483849) AND (k <= 2483949))

table 2 : explain SELECT k, c FROM sbtest2 WHERE k BETWEEN 2483849 AND 2483949
	Bitmap Heap Scan on sbtest2  (cost=5.46..401.19 rows=100 width=125)
	  Recheck Cond: ((k >= 2483849) AND (k <= 2483949))
	  ->  Bitmap Index Scan on k_2  (cost=0.00..5.43 rows=100 width=0)
	        Index Cond: ((k >= 2483849) AND (k <= 2483949))

table 3 : explain SELECT k, c FROM sbtest3 WHERE k BETWEEN 2483849 AND 2483949
	Bitmap Heap Scan on sbtest3  (cost=5.49..413.00 rows=103 width=125)
	  Recheck Cond: ((k >= 2483849) AND (k <= 2483949))
	  ->  Bitmap Index Scan on k_3  (cost=0.00..5.46 rows=103 width=0)
	        Index Cond: ((k >= 2483849) AND (k <= 2483949))

table 4 : explain SELECT k, c FROM sbtest4 WHERE k BETWEEN 2483849 AND 2483949
	Bitmap Heap Scan on sbtest4  (cost=5.55..436.62 rows=109 width=125)
	  Recheck Cond: ((k >= 2483849) AND (k <= 2483949))
	  ->  Bitmap Index Scan on k_4  (cost=0.00..5.52 rows=109 width=0)
	        Index Cond: ((k >= 2483849) AND (k <= 2483949))

table 5 : explain SELECT k, c FROM sbtest5 WHERE k BETWEEN 2483849 AND 2483949
	Bitmap Heap Scan on sbtest5  (cost=5.67..479.88 rows=120 width=125)
	  Recheck Cond: ((k >= 2483849) AND (k <= 2483949))
	  ->  Bitmap Index Scan on k_5  (cost=0.00..5.63 rows=120 width=0)
	        Index Cond: ((k >= 2483849) AND (k <= 2483949))

table 6 : explain SELECT k, c FROM sbtest6 WHERE k BETWEEN 2483849 AND 2483949
	Bitmap Heap Scan on sbtest6  (cost=5.46..401.19 rows=100 width=125)
	  Recheck Cond: ((k >= 2483849) AND (k <= 2483949))
	  ->  Bitmap Index Scan on k_6  (cost=0.00..5.43 rows=100 width=0)
	        Index Cond: ((k >= 2483849) AND (k <= 2483949))

table 7 : explain SELECT k, c FROM sbtest7 WHERE k BETWEEN 2483849 AND 2483949
	Bitmap Heap Scan on sbtest7  (cost=5.53..428.75 rows=107 width=125)
	  Recheck Cond: ((k >= 2483849) AND (k <= 2483949))
	  ->  Bitmap Index Scan on k_7  (cost=0.00..5.50 rows=107 width=0)
	        Index Cond: ((k >= 2483849) AND (k <= 2483949))

table 8 : explain SELECT k, c FROM sbtest8 WHERE k BETWEEN 2483849 AND 2483949
	Bitmap Heap Scan on sbtest8  (cost=5.48..409.07 rows=102 width=125)
	  Recheck Cond: ((k >= 2483849) AND (k <= 2483949))
	  ->  Bitmap Index Scan on k_8  (cost=0.00..5.45 rows=102 width=0)
	        Index Cond: ((k >= 2483849) AND (k <= 2483949))

explain: for range-notcovered :: explain SELECT k, c FROM sbtest%d WHERE k BETWEEN 2483849 AND 2483949
for range-notcovered
table 1 : explain SELECT k, c FROM sbtest1 WHERE k BETWEEN 7001489 AND 7001589
	Bitmap Heap Scan on sbtest1  (cost=5.53..428.75 rows=107 width=125)
	  Recheck Cond: ((k >= 7001489) AND (k <= 7001589))
	  ->  Bitmap Index Scan on k_1  (cost=0.00..5.50 rows=107 width=0)
	        Index Cond: ((k >= 7001489) AND (k <= 7001589))

table 2 : explain SELECT k, c FROM sbtest2 WHERE k BETWEEN 7001489 AND 7001589
	Bitmap Heap Scan on sbtest2  (cost=5.45..397.25 rows=99 width=125)
	  Recheck Cond: ((k >= 7001489) AND (k <= 7001589))
	  ->  Bitmap Index Scan on k_2  (cost=0.00..5.42 rows=99 width=0)
	        Index Cond: ((k >= 7001489) AND (k <= 7001589))

table 3 : explain SELECT k, c FROM sbtest3 WHERE k BETWEEN 7001489 AND 7001589
	Bitmap Heap Scan on sbtest3  (cost=5.48..409.07 rows=102 width=125)
	  Recheck Cond: ((k >= 7001489) AND (k <= 7001589))
	  ->  Bitmap Index Scan on k_3  (cost=0.00..5.45 rows=102 width=0)
	        Index Cond: ((k >= 7001489) AND (k <= 7001589))

table 4 : explain SELECT k, c FROM sbtest4 WHERE k BETWEEN 7001489 AND 7001589
	Bitmap Heap Scan on sbtest4  (cost=5.43..389.37 rows=97 width=125)
	  Recheck Cond: ((k >= 7001489) AND (k <= 7001589))
	  ->  Bitmap Index Scan on k_4  (cost=0.00..5.40 rows=97 width=0)
	        Index Cond: ((k >= 7001489) AND (k <= 7001589))

table 5 : explain SELECT k, c FROM sbtest5 WHERE k BETWEEN 7001489 AND 7001589
	Bitmap Heap Scan on sbtest5  (cost=5.46..401.19 rows=100 width=125)
	  Recheck Cond: ((k >= 7001489) AND (k <= 7001589))
	  ->  Bitmap Index Scan on k_5  (cost=0.00..5.43 rows=100 width=0)
	        Index Cond: ((k >= 7001489) AND (k <= 7001589))

table 6 : explain SELECT k, c FROM sbtest6 WHERE k BETWEEN 7001489 AND 7001589
	Bitmap Heap Scan on sbtest6  (cost=5.41..381.49 rows=95 width=125)
	  Recheck Cond: ((k >= 7001489) AND (k <= 7001589))
	  ->  Bitmap Index Scan on k_6  (cost=0.00..5.38 rows=95 width=0)
	        Index Cond: ((k >= 7001489) AND (k <= 7001589))

table 7 : explain SELECT k, c FROM sbtest7 WHERE k BETWEEN 7001489 AND 7001589
	Bitmap Heap Scan on sbtest7  (cost=5.49..413.00 rows=103 width=125)
	  Recheck Cond: ((k >= 7001489) AND (k <= 7001589))
	  ->  Bitmap Index Scan on k_7  (cost=0.00..5.46 rows=103 width=0)
	        Index Cond: ((k >= 7001489) AND (k <= 7001589))

table 8 : explain SELECT k, c FROM sbtest8 WHERE k BETWEEN 7001489 AND 7001589
	Bitmap Heap Scan on sbtest8  (cost=5.46..401.19 rows=100 width=125)
	  Recheck Cond: ((k >= 7001489) AND (k <= 7001589))
	  ->  Bitmap Index Scan on k_8  (cost=0.00..5.43 rows=100 width=0)
	        Index Cond: ((k >= 7001489) AND (k <= 7001589))

for range-notcovered
table 1 : explain SELECT k, c FROM sbtest1 WHERE k BETWEEN 5746554 AND 5746654
	Bitmap Heap Scan on sbtest1  (cost=5.47..405.13 rows=101 width=125)
	  Recheck Cond: ((k >= 5746554) AND (k <= 5746654))
	  ->  Bitmap Index Scan on k_1  (cost=0.00..5.44 rows=101 width=0)
	        Index Cond: ((k >= 5746554) AND (k <= 5746654))

table 2 : explain SELECT k, c FROM sbtest2 WHERE k BETWEEN 5746554 AND 5746654
	Bitmap Heap Scan on sbtest2  (cost=5.52..424.81 rows=106 width=125)
	  Recheck Cond: ((k >= 5746554) AND (k <= 5746654))
	  ->  Bitmap Index Scan on k_2  (cost=0.00..5.50 rows=106 width=0)
	        Index Cond: ((k >= 5746554) AND (k <= 5746654))

table 3 : explain SELECT k, c FROM sbtest3 WHERE k BETWEEN 5746554 AND 5746654
	Bitmap Heap Scan on sbtest3  (cost=5.46..401.19 rows=100 width=125)
	  Recheck Cond: ((k >= 5746554) AND (k <= 5746654))
	  ->  Bitmap Index Scan on k_3  (cost=0.00..5.43 rows=100 width=0)
	        Index Cond: ((k >= 5746554) AND (k <= 5746654))

table 4 : explain SELECT k, c FROM sbtest4 WHERE k BETWEEN 5746554 AND 5746654
	Bitmap Heap Scan on sbtest4  (cost=5.39..373.61 rows=93 width=125)
	  Recheck Cond: ((k >= 5746554) AND (k <= 5746654))
	  ->  Bitmap Index Scan on k_4  (cost=0.00..5.36 rows=93 width=0)
	        Index Cond: ((k >= 5746554) AND (k <= 5746654))

table 5 : explain SELECT k, c FROM sbtest5 WHERE k BETWEEN 5746554 AND 5746654
	Bitmap Heap Scan on sbtest5  (cost=5.46..401.19 rows=100 width=125)
	  Recheck Cond: ((k >= 5746554) AND (k <= 5746654))
	  ->  Bitmap Index Scan on k_5  (cost=0.00..5.43 rows=100 width=0)
	        Index Cond: ((k >= 5746554) AND (k <= 5746654))

table 6 : explain SELECT k, c FROM sbtest6 WHERE k BETWEEN 5746554 AND 5746654
	Bitmap Heap Scan on sbtest6  (cost=5.53..428.75 rows=107 width=125)
	  Recheck Cond: ((k >= 5746554) AND (k <= 5746654))
	  ->  Bitmap Index Scan on k_6  (cost=0.00..5.50 rows=107 width=0)
	        Index Cond: ((k >= 5746554) AND (k <= 5746654))

table 7 : explain SELECT k, c FROM sbtest7 WHERE k BETWEEN 5746554 AND 5746654
	Bitmap Heap Scan on sbtest7  (cost=5.51..420.88 rows=105 width=125)
	  Recheck Cond: ((k >= 5746554) AND (k <= 5746654))
	  ->  Bitmap Index Scan on k_7  (cost=0.00..5.48 rows=105 width=0)
	        Index Cond: ((k >= 5746554) AND (k <= 5746654))

table 8 : explain SELECT k, c FROM sbtest8 WHERE k BETWEEN 5746554 AND 5746654
	Bitmap Heap Scan on sbtest8  (cost=5.38..369.67 rows=92 width=125)
	  Recheck Cond: ((k >= 5746554) AND (k <= 5746654))
	  ->  Bitmap Index Scan on k_8  (cost=0.00..5.35 rows=92 width=0)
	        Index Cond: ((k >= 5746554) AND (k <= 5746654))

explain: for range-notcovered :: explain SELECT k, c FROM sbtest%d WHERE k BETWEEN 5746554 AND 5746654
for range-notcovered
table 1 : explain SELECT k, c FROM sbtest1 WHERE k BETWEEN 1861807 AND 1861907
	Bitmap Heap Scan on sbtest1  (cost=5.59..452.36 rows=113 width=125)
	  Recheck Cond: ((k >= 1861807) AND (k <= 1861907))
	  ->  Bitmap Index Scan on k_1  (cost=0.00..5.56 rows=113 width=0)
	        Index Cond: ((k >= 1861807) AND (k <= 1861907))

table 2 : explain SELECT k, c FROM sbtest2 WHERE k BETWEEN 1861807 AND 1861907
	Bitmap Heap Scan on sbtest2  (cost=5.46..401.19 rows=100 width=125)
	  Recheck Cond: ((k >= 1861807) AND (k <= 1861907))
	  ->  Bitmap Index Scan on k_2  (cost=0.00..5.43 rows=100 width=0)
	        Index Cond: ((k >= 1861807) AND (k <= 1861907))

table 3 : explain SELECT k, c FROM sbtest3 WHERE k BETWEEN 1861807 AND 1861907
	Bitmap Heap Scan on sbtest3  (cost=5.43..389.37 rows=97 width=125)
	  Recheck Cond: ((k >= 1861807) AND (k <= 1861907))
	  ->  Bitmap Index Scan on k_3  (cost=0.00..5.40 rows=97 width=0)
	        Index Cond: ((k >= 1861807) AND (k <= 1861907))

table 4 : explain SELECT k, c FROM sbtest4 WHERE k BETWEEN 1861807 AND 1861907
	Bitmap Heap Scan on sbtest4  (cost=5.49..413.00 rows=103 width=125)
	  Recheck Cond: ((k >= 1861807) AND (k <= 1861907))
	  ->  Bitmap Index Scan on k_4  (cost=0.00..5.46 rows=103 width=0)
	        Index Cond: ((k >= 1861807) AND (k <= 1861907))

table 5 : explain SELECT k, c FROM sbtest5 WHERE k BETWEEN 1861807 AND 1861907
	Bitmap Heap Scan on sbtest5  (cost=5.41..381.49 rows=95 width=125)
	  Recheck Cond: ((k >= 1861807) AND (k <= 1861907))
	  ->  Bitmap Index Scan on k_5  (cost=0.00..5.38 rows=95 width=0)
	        Index Cond: ((k >= 1861807) AND (k <= 1861907))

table 6 : explain SELECT k, c FROM sbtest6 WHERE k BETWEEN 1861807 AND 1861907
	Bitmap Heap Scan on sbtest6  (cost=5.44..393.31 rows=98 width=125)
	  Recheck Cond: ((k >= 1861807) AND (k <= 1861907))
	  ->  Bitmap Index Scan on k_6  (cost=0.00..5.42 rows=98 width=0)
	        Index Cond: ((k >= 1861807) AND (k <= 1861907))

table 7 : explain SELECT k, c FROM sbtest7 WHERE k BETWEEN 1861807 AND 1861907
	Bitmap Heap Scan on sbtest7  (cost=5.53..428.75 rows=107 width=125)
	  Recheck Cond: ((k >= 1861807) AND (k <= 1861907))
	  ->  Bitmap Index Scan on k_7  (cost=0.00..5.50 rows=107 width=0)
	        Index Cond: ((k >= 1861807) AND (k <= 1861907))

table 8 : explain SELECT k, c FROM sbtest8 WHERE k BETWEEN 1861807 AND 1861907
	Bitmap Heap Scan on sbtest8  (cost=5.42..385.43 rows=96 width=125)
	  Recheck Cond: ((k >= 1861807) AND (k <= 1861907))
	  ->  Bitmap Index Scan on k_8  (cost=0.00..5.39 rows=96 width=0)
	        Index Cond: ((k >= 1861807) AND (k <= 1861907))

for range-notcovered
table 1 : explain SELECT k, c FROM sbtest1 WHERE k BETWEEN 2483849 AND 2483949
	Bitmap Heap Scan on sbtest1  (cost=5.50..416.94 rows=104 width=125)
	  Recheck Cond: ((k >= 2483849) AND (k <= 2483949))
	  ->  Bitmap Index Scan on k_1  (cost=0.00..5.47 rows=104 width=0)
	        Index Cond: ((k >= 2483849) AND (k <= 2483949))

table 2 : explain SELECT k, c FROM sbtest2 WHERE k BETWEEN 2483849 AND 2483949
	Bitmap Heap Scan on sbtest2  (cost=5.46..401.19 rows=100 width=125)
	  Recheck Cond: ((k >= 2483849) AND (k <= 2483949))
	  ->  Bitmap Index Scan on k_2  (cost=0.00..5.43 rows=100 width=0)
	        Index Cond: ((k >= 2483849) AND (k <= 2483949))

table 3 : explain SELECT k, c FROM sbtest3 WHERE k BETWEEN 2483849 AND 2483949
	Bitmap Heap Scan on sbtest3  (cost=5.49..413.00 rows=103 width=125)
	  Recheck Cond: ((k >= 2483849) AND (k <= 2483949))
	  ->  Bitmap Index Scan on k_3  (cost=0.00..5.46 rows=103 width=0)
	        Index Cond: ((k >= 2483849) AND (k <= 2483949))

table 4 : explain SELECT k, c FROM sbtest4 WHERE k BETWEEN 2483849 AND 2483949
	Bitmap Heap Scan on sbtest4  (cost=5.55..436.62 rows=109 width=125)
	  Recheck Cond: ((k >= 2483849) AND (k <= 2483949))
	  ->  Bitmap Index Scan on k_4  (cost=0.00..5.52 rows=109 width=0)
	        Index Cond: ((k >= 2483849) AND (k <= 2483949))

table 5 : explain SELECT k, c FROM sbtest5 WHERE k BETWEEN 2483849 AND 2483949
	Bitmap Heap Scan on sbtest5  (cost=5.67..479.88 rows=120 width=125)
	  Recheck Cond: ((k >= 2483849) AND (k <= 2483949))
	  ->  Bitmap Index Scan on k_5  (cost=0.00..5.63 rows=120 width=0)
	        Index Cond: ((k >= 2483849) AND (k <= 2483949))

table 6 : explain SELECT k, c FROM sbtest6 WHERE k BETWEEN 2483849 AND 2483949
	Bitmap Heap Scan on sbtest6  (cost=5.46..401.19 rows=100 width=125)
	  Recheck Cond: ((k >= 2483849) AND (k <= 2483949))
	  ->  Bitmap Index Scan on k_6  (cost=0.00..5.43 rows=100 width=0)
	        Index Cond: ((k >= 2483849) AND (k <= 2483949))

table 7 : explain SELECT k, c FROM sbtest7 WHERE k BETWEEN 2483849 AND 2483949
	Bitmap Heap Scan on sbtest7  (cost=5.53..428.75 rows=107 width=125)
	  Recheck Cond: ((k >= 2483849) AND (k <= 2483949))
	  ->  Bitmap Index Scan on k_7  (cost=0.00..5.50 rows=107 width=0)
	        Index Cond: ((k >= 2483849) AND (k <= 2483949))

table 8 : explain SELECT k, c FROM sbtest8 WHERE k BETWEEN 2483849 AND 2483949
	Bitmap Heap Scan on sbtest8  (cost=5.48..409.07 rows=102 width=125)
	  Recheck Cond: ((k >= 2483849) AND (k <= 2483949))
	  ->  Bitmap Index Scan on k_8  (cost=0.00..5.45 rows=102 width=0)
	        Index Cond: ((k >= 2483849) AND (k <= 2483949))

explain: for range-notcovered :: explain SELECT k, c FROM sbtest%d WHERE k BETWEEN 2483849 AND 2483949
for range-notcovered
table 1 : explain SELECT k, c FROM sbtest1 WHERE k BETWEEN 8231483 AND 8231583
	Bitmap Heap Scan on sbtest1  (cost=5.51..420.88 rows=105 width=125)
	  Recheck Cond: ((k >= 8231483) AND (k <= 8231583))
	  ->  Bitmap Index Scan on k_1  (cost=0.00..5.48 rows=105 width=0)
	        Index Cond: ((k >= 8231483) AND (k <= 8231583))

table 2 : explain SELECT k, c FROM sbtest2 WHERE k BETWEEN 8231483 AND 8231583
	Bitmap Heap Scan on sbtest2  (cost=5.47..405.13 rows=101 width=125)
	  Recheck Cond: ((k >= 8231483) AND (k <= 8231583))
	  ->  Bitmap Index Scan on k_2  (cost=0.00..5.44 rows=101 width=0)
	        Index Cond: ((k >= 8231483) AND (k <= 8231583))

table 3 : explain SELECT k, c FROM sbtest3 WHERE k BETWEEN 8231483 AND 8231583
	Bitmap Heap Scan on sbtest3  (cost=5.53..428.75 rows=107 width=125)
	  Recheck Cond: ((k >= 8231483) AND (k <= 8231583))
	  ->  Bitmap Index Scan on k_3  (cost=0.00..5.50 rows=107 width=0)
	        Index Cond: ((k >= 8231483) AND (k <= 8231583))

table 4 : explain SELECT k, c FROM sbtest4 WHERE k BETWEEN 8231483 AND 8231583
	Bitmap Heap Scan on sbtest4  (cost=5.38..369.67 rows=92 width=125)
	  Recheck Cond: ((k >= 8231483) AND (k <= 8231583))
	  ->  Bitmap Index Scan on k_4  (cost=0.00..5.35 rows=92 width=0)
	        Index Cond: ((k >= 8231483) AND (k <= 8231583))

table 5 : explain SELECT k, c FROM sbtest5 WHERE k BETWEEN 8231483 AND 8231583
	Bitmap Heap Scan on sbtest5  (cost=5.43..389.37 rows=97 width=125)
	  Recheck Cond: ((k >= 8231483) AND (k <= 8231583))
	  ->  Bitmap Index Scan on k_5  (cost=0.00..5.40 rows=97 width=0)
	        Index Cond: ((k >= 8231483) AND (k <= 8231583))

table 6 : explain SELECT k, c FROM sbtest6 WHERE k BETWEEN 8231483 AND 8231583
	Bitmap Heap Scan on sbtest6  (cost=5.50..416.94 rows=104 width=125)
	  Recheck Cond: ((k >= 8231483) AND (k <= 8231583))
	  ->  Bitmap Index Scan on k_6  (cost=0.00..5.47 rows=104 width=0)
	        Index Cond: ((k >= 8231483) AND (k <= 8231583))

table 7 : explain SELECT k, c FROM sbtest7 WHERE k BETWEEN 8231483 AND 8231583
	Bitmap Heap Scan on sbtest7  (cost=5.47..405.13 rows=101 width=125)
	  Recheck Cond: ((k >= 8231483) AND (k <= 8231583))
	  ->  Bitmap Index Scan on k_7  (cost=0.00..5.44 rows=101 width=0)
	        Index Cond: ((k >= 8231483) AND (k <= 8231583))

table 8 : explain SELECT k, c FROM sbtest8 WHERE k BETWEEN 8231483 AND 8231583
	Bitmap Heap Scan on sbtest8  (cost=5.47..405.13 rows=101 width=125)
	  Recheck Cond: ((k >= 8231483) AND (k <= 8231583))
	  ->  Bitmap Index Scan on k_8  (cost=0.00..5.44 rows=101 width=0)
	        Index Cond: ((k >= 8231483) AND (k <= 8231583))

explain: for range-notcovered :: explain SELECT k, c FROM sbtest%d WHERE k BETWEEN 8231483 AND 8231583
for range-notcovered
table 1 : explain SELECT k, c FROM sbtest1 WHERE k BETWEEN 5746554 AND 5746654
	Bitmap Heap Scan on sbtest1  (cost=5.47..405.13 rows=101 width=125)
	  Recheck Cond: ((k >= 5746554) AND (k <= 5746654))
	  ->  Bitmap Index Scan on k_1  (cost=0.00..5.44 rows=101 width=0)
	        Index Cond: ((k >= 5746554) AND (k <= 5746654))

table 2 : explain SELECT k, c FROM sbtest2 WHERE k BETWEEN 5746554 AND 5746654
	Bitmap Heap Scan on sbtest2  (cost=5.52..424.81 rows=106 width=125)
	  Recheck Cond: ((k >= 5746554) AND (k <= 5746654))
	  ->  Bitmap Index Scan on k_2  (cost=0.00..5.50 rows=106 width=0)
	        Index Cond: ((k >= 5746554) AND (k <= 5746654))

table 3 : explain SELECT k, c FROM sbtest3 WHERE k BETWEEN 5746554 AND 5746654
	Bitmap Heap Scan on sbtest3  (cost=5.46..401.19 rows=100 width=125)
	  Recheck Cond: ((k >= 5746554) AND (k <= 5746654))
	  ->  Bitmap Index Scan on k_3  (cost=0.00..5.43 rows=100 width=0)
	        Index Cond: ((k >= 5746554) AND (k <= 5746654))

table 4 : explain SELECT k, c FROM sbtest4 WHERE k BETWEEN 5746554 AND 5746654
	Bitmap Heap Scan on sbtest4  (cost=5.39..373.61 rows=93 width=125)
	  Recheck Cond: ((k >= 5746554) AND (k <= 5746654))
	  ->  Bitmap Index Scan on k_4  (cost=0.00..5.36 rows=93 width=0)
	        Index Cond: ((k >= 5746554) AND (k <= 5746654))

table 5 : explain SELECT k, c FROM sbtest5 WHERE k BETWEEN 5746554 AND 5746654
	Bitmap Heap Scan on sbtest5  (cost=5.46..401.19 rows=100 width=125)
	  Recheck Cond: ((k >= 5746554) AND (k <= 5746654))
	  ->  Bitmap Index Scan on k_5  (cost=0.00..5.43 rows=100 width=0)
	        Index Cond: ((k >= 5746554) AND (k <= 5746654))

table 6 : explain SELECT k, c FROM sbtest6 WHERE k BETWEEN 5746554 AND 5746654
	Bitmap Heap Scan on sbtest6  (cost=5.53..428.75 rows=107 width=125)
	  Recheck Cond: ((k >= 5746554) AND (k <= 5746654))
	  ->  Bitmap Index Scan on k_6  (cost=0.00..5.50 rows=107 width=0)
	        Index Cond: ((k >= 5746554) AND (k <= 5746654))

table 7 : explain SELECT k, c FROM sbtest7 WHERE k BETWEEN 5746554 AND 5746654
	Bitmap Heap Scan on sbtest7  (cost=5.51..420.88 rows=105 width=125)
	  Recheck Cond: ((k >= 5746554) AND (k <= 5746654))
	  ->  Bitmap Index Scan on k_7  (cost=0.00..5.48 rows=105 width=0)
	        Index Cond: ((k >= 5746554) AND (k <= 5746654))

table 8 : explain SELECT k, c FROM sbtest8 WHERE k BETWEEN 5746554 AND 5746654
	Bitmap Heap Scan on sbtest8  (cost=5.38..369.67 rows=92 width=125)
	  Recheck Cond: ((k >= 5746554) AND (k <= 5746654))
	  ->  Bitmap Index Scan on k_8  (cost=0.00..5.35 rows=92 width=0)
	        Index Cond: ((k >= 5746554) AND (k <= 5746654))

for range-notcovered
table 1 : explain SELECT k, c FROM sbtest1 WHERE k BETWEEN 2261001 AND 2261101
	Bitmap Heap Scan on sbtest1  (cost=5.45..397.25 rows=99 width=125)
	  Recheck Cond: ((k >= 2261001) AND (k <= 2261101))
	  ->  Bitmap Index Scan on k_1  (cost=0.00..5.42 rows=99 width=0)
	        Index Cond: ((k >= 2261001) AND (k <= 2261101))

table 2 : explain SELECT k, c FROM sbtest2 WHERE k BETWEEN 2261001 AND 2261101
	Bitmap Heap Scan on sbtest2  (cost=5.51..420.88 rows=105 width=125)
	  Recheck Cond: ((k >= 2261001) AND (k <= 2261101))
	  ->  Bitmap Index Scan on k_2  (cost=0.00..5.48 rows=105 width=0)
	        Index Cond: ((k >= 2261001) AND (k <= 2261101))

table 3 : explain SELECT k, c FROM sbtest3 WHERE k BETWEEN 2261001 AND 2261101
	Bitmap Heap Scan on sbtest3  (cost=5.46..401.19 rows=100 width=125)
	  Recheck Cond: ((k >= 2261001) AND (k <= 2261101))
	  ->  Bitmap Index Scan on k_3  (cost=0.00..5.43 rows=100 width=0)
	        Index Cond: ((k >= 2261001) AND (k <= 2261101))

table 4 : explain SELECT k, c FROM sbtest4 WHERE k BETWEEN 2261001 AND 2261101
	Bitmap Heap Scan on sbtest4  (cost=5.53..428.75 rows=107 width=125)
	  Recheck Cond: ((k >= 2261001) AND (k <= 2261101))
	  ->  Bitmap Index Scan on k_4  (cost=0.00..5.50 rows=107 width=0)
	        Index Cond: ((k >= 2261001) AND (k <= 2261101))

table 5 : explain SELECT k, c FROM sbtest5 WHERE k BETWEEN 2261001 AND 2261101
	Bitmap Heap Scan on sbtest5  (cost=5.54..432.69 rows=108 width=125)
	  Recheck Cond: ((k >= 2261001) AND (k <= 2261101))
	  ->  Bitmap Index Scan on k_5  (cost=0.00..5.51 rows=108 width=0)
	        Index Cond: ((k >= 2261001) AND (k <= 2261101))

table 6 : explain SELECT k, c FROM sbtest6 WHERE k BETWEEN 2261001 AND 2261101
	Bitmap Heap Scan on sbtest6  (cost=5.43..389.37 rows=97 width=125)
	  Recheck Cond: ((k >= 2261001) AND (k <= 2261101))
	  ->  Bitmap Index Scan on k_6  (cost=0.00..5.40 rows=97 width=0)
	        Index Cond: ((k >= 2261001) AND (k <= 2261101))

table 7 : explain SELECT k, c FROM sbtest7 WHERE k BETWEEN 2261001 AND 2261101
	Bitmap Heap Scan on sbtest7  (cost=5.39..373.61 rows=93 width=125)
	  Recheck Cond: ((k >= 2261001) AND (k <= 2261101))
	  ->  Bitmap Index Scan on k_7  (cost=0.00..5.36 rows=93 width=0)
	        Index Cond: ((k >= 2261001) AND (k <= 2261101))

table 8 : explain SELECT k, c FROM sbtest8 WHERE k BETWEEN 2261001 AND 2261101
	Bitmap Heap Scan on sbtest8  (cost=5.43..389.37 rows=97 width=125)
	  Recheck Cond: ((k >= 2261001) AND (k <= 2261101))
	  ->  Bitmap Index Scan on k_8  (cost=0.00..5.40 rows=97 width=0)
	        Index Cond: ((k >= 2261001) AND (k <= 2261101))

explain: for range-notcovered :: explain SELECT k, c FROM sbtest%d WHERE k BETWEEN 5746554 AND 5746654
for range-notcovered
table 1 : explain SELECT k, c FROM sbtest1 WHERE k BETWEEN 7541878 AND 7541978
	Bitmap Heap Scan on sbtest1  (cost=5.44..393.31 rows=98 width=125)
	  Recheck Cond: ((k >= 7541878) AND (k <= 7541978))
	  ->  Bitmap Index Scan on k_1  (cost=0.00..5.42 rows=98 width=0)
	        Index Cond: ((k >= 7541878) AND (k <= 7541978))

table 2 : explain SELECT k, c FROM sbtest2 WHERE k BETWEEN 7541878 AND 7541978
	Bitmap Heap Scan on sbtest2  (cost=5.46..401.19 rows=100 width=125)
	  Recheck Cond: ((k >= 7541878) AND (k <= 7541978))
	  ->  Bitmap Index Scan on k_2  (cost=0.00..5.43 rows=100 width=0)
	        Index Cond: ((k >= 7541878) AND (k <= 7541978))

table 3 : explain SELECT k, c FROM sbtest3 WHERE k BETWEEN 7541878 AND 7541978
	Bitmap Heap Scan on sbtest3  (cost=5.44..393.31 rows=98 width=125)
	  Recheck Cond: ((k >= 7541878) AND (k <= 7541978))
	  ->  Bitmap Index Scan on k_3  (cost=0.00..5.42 rows=98 width=0)
	        Index Cond: ((k >= 7541878) AND (k <= 7541978))

table 4 : explain SELECT k, c FROM sbtest4 WHERE k BETWEEN 7541878 AND 7541978
	Bitmap Heap Scan on sbtest4  (cost=5.49..413.00 rows=103 width=125)
	  Recheck Cond: ((k >= 7541878) AND (k <= 7541978))
	  ->  Bitmap Index Scan on k_4  (cost=0.00..5.46 rows=103 width=0)
	        Index Cond: ((k >= 7541878) AND (k <= 7541978))

table 5 : explain SELECT k, c FROM sbtest5 WHERE k BETWEEN 7541878 AND 7541978
	Bitmap Heap Scan on sbtest5  (cost=5.53..428.75 rows=107 width=125)
	  Recheck Cond: ((k >= 7541878) AND (k <= 7541978))
	  ->  Bitmap Index Scan on k_5  (cost=0.00..5.50 rows=107 width=0)
	        Index Cond: ((k >= 7541878) AND (k <= 7541978))

table 6 : explain SELECT k, c FROM sbtest6 WHERE k BETWEEN 7541878 AND 7541978
	Bitmap Heap Scan on sbtest6  (cost=5.53..428.75 rows=107 width=125)
	  Recheck Cond: ((k >= 7541878) AND (k <= 7541978))
	  ->  Bitmap Index Scan on k_6  (cost=0.00..5.50 rows=107 width=0)
	        Index Cond: ((k >= 7541878) AND (k <= 7541978))

table 7 : explain SELECT k, c FROM sbtest7 WHERE k BETWEEN 7541878 AND 7541978
	Bitmap Heap Scan on sbtest7  (cost=5.43..389.37 rows=97 width=125)
	  Recheck Cond: ((k >= 7541878) AND (k <= 7541978))
	  ->  Bitmap Index Scan on k_7  (cost=0.00..5.40 rows=97 width=0)
	        Index Cond: ((k >= 7541878) AND (k <= 7541978))

table 8 : explain SELECT k, c FROM sbtest8 WHERE k BETWEEN 7541878 AND 7541978
	Bitmap Heap Scan on sbtest8  (cost=5.45..397.25 rows=99 width=125)
	  Recheck Cond: ((k >= 7541878) AND (k <= 7541978))
	  ->  Bitmap Index Scan on k_8  (cost=0.00..5.42 rows=99 width=0)
	        Index Cond: ((k >= 7541878) AND (k <= 7541978))

explain: for range-notcovered :: explain SELECT k, c FROM sbtest%d WHERE k BETWEEN 7471480 AND 7471580
explain: for range-notcovered :: explain SELECT k, c FROM sbtest%d WHERE k BETWEEN 7541878 AND 7541978
for range-notcovered
table 1 : explain SELECT k, c FROM sbtest1 WHERE k BETWEEN 2483849 AND 2483949
	Bitmap Heap Scan on sbtest1  (cost=5.50..416.94 rows=104 width=125)
	  Recheck Cond: ((k >= 2483849) AND (k <= 2483949))
	  ->  Bitmap Index Scan on k_1  (cost=0.00..5.47 rows=104 width=0)
	        Index Cond: ((k >= 2483849) AND (k <= 2483949))

table 2 : explain SELECT k, c FROM sbtest2 WHERE k BETWEEN 2483849 AND 2483949
	Bitmap Heap Scan on sbtest2  (cost=5.46..401.19 rows=100 width=125)
	  Recheck Cond: ((k >= 2483849) AND (k <= 2483949))
	  ->  Bitmap Index Scan on k_2  (cost=0.00..5.43 rows=100 width=0)
	        Index Cond: ((k >= 2483849) AND (k <= 2483949))

table 3 : explain SELECT k, c FROM sbtest3 WHERE k BETWEEN 2483849 AND 2483949
	Bitmap Heap Scan on sbtest3  (cost=5.49..413.00 rows=103 width=125)
	  Recheck Cond: ((k >= 2483849) AND (k <= 2483949))
	  ->  Bitmap Index Scan on k_3  (cost=0.00..5.46 rows=103 width=0)
	        Index Cond: ((k >= 2483849) AND (k <= 2483949))

table 4 : explain SELECT k, c FROM sbtest4 WHERE k BETWEEN 2483849 AND 2483949
	Bitmap Heap Scan on sbtest4  (cost=5.55..436.62 rows=109 width=125)
	  Recheck Cond: ((k >= 2483849) AND (k <= 2483949))
	  ->  Bitmap Index Scan on k_4  (cost=0.00..5.52 rows=109 width=0)
	        Index Cond: ((k >= 2483849) AND (k <= 2483949))

table 5 : explain SELECT k, c FROM sbtest5 WHERE k BETWEEN 2483849 AND 2483949
	Bitmap Heap Scan on sbtest5  (cost=5.67..479.88 rows=120 width=125)
	  Recheck Cond: ((k >= 2483849) AND (k <= 2483949))
	  ->  Bitmap Index Scan on k_5  (cost=0.00..5.63 rows=120 width=0)
	        Index Cond: ((k >= 2483849) AND (k <= 2483949))

table 6 : explain SELECT k, c FROM sbtest6 WHERE k BETWEEN 2483849 AND 2483949
	Bitmap Heap Scan on sbtest6  (cost=5.46..401.19 rows=100 width=125)
	  Recheck Cond: ((k >= 2483849) AND (k <= 2483949))
	  ->  Bitmap Index Scan on k_6  (cost=0.00..5.43 rows=100 width=0)
	        Index Cond: ((k >= 2483849) AND (k <= 2483949))

table 7 : explain SELECT k, c FROM sbtest7 WHERE k BETWEEN 2483849 AND 2483949
	Bitmap Heap Scan on sbtest7  (cost=5.53..428.75 rows=107 width=125)
	  Recheck Cond: ((k >= 2483849) AND (k <= 2483949))
	  ->  Bitmap Index Scan on k_7  (cost=0.00..5.50 rows=107 width=0)
	        Index Cond: ((k >= 2483849) AND (k <= 2483949))

table 8 : explain SELECT k, c FROM sbtest8 WHERE k BETWEEN 2483849 AND 2483949
	Bitmap Heap Scan on sbtest8  (cost=5.48..409.07 rows=102 width=125)
	  Recheck Cond: ((k >= 2483849) AND (k <= 2483949))
	  ->  Bitmap Index Scan on k_8  (cost=0.00..5.45 rows=102 width=0)
	        Index Cond: ((k >= 2483849) AND (k <= 2483949))

for range-notcovered
table 1 : explain SELECT k, c FROM sbtest1 WHERE k BETWEEN 6136721 AND 6136821
	Bitmap Heap Scan on sbtest1  (cost=5.62..464.15 rows=116 width=125)
	  Recheck Cond: ((k >= 6136721) AND (k <= 6136821))
	  ->  Bitmap Index Scan on k_1  (cost=0.00..5.59 rows=116 width=0)
	        Index Cond: ((k >= 6136721) AND (k <= 6136821))

table 2 : explain SELECT k, c FROM sbtest2 WHERE k BETWEEN 6136721 AND 6136821
	Bitmap Heap Scan on sbtest2  (cost=5.52..424.81 rows=106 width=125)
	  Recheck Cond: ((k >= 6136721) AND (k <= 6136821))
	  ->  Bitmap Index Scan on k_2  (cost=0.00..5.50 rows=106 width=0)
	        Index Cond: ((k >= 6136721) AND (k <= 6136821))

table 3 : explain SELECT k, c FROM sbtest3 WHERE k BETWEEN 6136721 AND 6136821
	Bitmap Heap Scan on sbtest3  (cost=5.55..436.62 rows=109 width=125)
	  Recheck Cond: ((k >= 6136721) AND (k <= 6136821))
	  ->  Bitmap Index Scan on k_3  (cost=0.00..5.52 rows=109 width=0)
	        Index Cond: ((k >= 6136721) AND (k <= 6136821))

table 4 : explain SELECT k, c FROM sbtest4 WHERE k BETWEEN 6136721 AND 6136821
	Bitmap Heap Scan on sbtest4  (cost=5.45..397.25 rows=99 width=125)
	  Recheck Cond: ((k >= 6136721) AND (k <= 6136821))
	  ->  Bitmap Index Scan on k_4  (cost=0.00..5.42 rows=99 width=0)
	        Index Cond: ((k >= 6136721) AND (k <= 6136821))

table 5 : explain SELECT k, c FROM sbtest5 WHERE k BETWEEN 6136721 AND 6136821
	Bitmap Heap Scan on sbtest5  (cost=5.53..428.75 rows=107 width=125)
	  Recheck Cond: ((k >= 6136721) AND (k <= 6136821))
	  ->  Bitmap Index Scan on k_5  (cost=0.00..5.50 rows=107 width=0)
	        Index Cond: ((k >= 6136721) AND (k <= 6136821))

table 6 : explain SELECT k, c FROM sbtest6 WHERE k BETWEEN 6136721 AND 6136821
	Bitmap Heap Scan on sbtest6  (cost=5.49..413.00 rows=103 width=125)
	  Recheck Cond: ((k >= 6136721) AND (k <= 6136821))
	  ->  Bitmap Index Scan on k_6  (cost=0.00..5.46 rows=103 width=0)
	        Index Cond: ((k >= 6136721) AND (k <= 6136821))

table 7 : explain SELECT k, c FROM sbtest7 WHERE k BETWEEN 6136721 AND 6136821
	Bitmap Heap Scan on sbtest7  (cost=5.48..409.07 rows=102 width=125)
	  Recheck Cond: ((k >= 6136721) AND (k <= 6136821))
	  ->  Bitmap Index Scan on k_7  (cost=0.00..5.45 rows=102 width=0)
	        Index Cond: ((k >= 6136721) AND (k <= 6136821))

table 8 : explain SELECT k, c FROM sbtest8 WHERE k BETWEEN 6136721 AND 6136821
	Bitmap Heap Scan on sbtest8  (cost=5.46..401.19 rows=100 width=125)
	  Recheck Cond: ((k >= 6136721) AND (k <= 6136821))
	  ->  Bitmap Index Scan on k_8  (cost=0.00..5.43 rows=100 width=0)
	        Index Cond: ((k >= 6136721) AND (k <= 6136821))

explain: for range-notcovered :: explain SELECT k, c FROM sbtest%d WHERE k BETWEEN 2483849 AND 2483949
explain: for range-notcovered :: explain SELECT k, c FROM sbtest%d WHERE k BETWEEN 6136721 AND 6136821
for range-notcovered
table 1 : explain SELECT k, c FROM sbtest1 WHERE k BETWEEN 8231483 AND 8231583
	Bitmap Heap Scan on sbtest1  (cost=5.51..420.88 rows=105 width=125)
	  Recheck Cond: ((k >= 8231483) AND (k <= 8231583))
	  ->  Bitmap Index Scan on k_1  (cost=0.00..5.48 rows=105 width=0)
	        Index Cond: ((k >= 8231483) AND (k <= 8231583))

table 2 : explain SELECT k, c FROM sbtest2 WHERE k BETWEEN 8231483 AND 8231583
	Bitmap Heap Scan on sbtest2  (cost=5.47..405.13 rows=101 width=125)
	  Recheck Cond: ((k >= 8231483) AND (k <= 8231583))
	  ->  Bitmap Index Scan on k_2  (cost=0.00..5.44 rows=101 width=0)
	        Index Cond: ((k >= 8231483) AND (k <= 8231583))

table 3 : explain SELECT k, c FROM sbtest3 WHERE k BETWEEN 8231483 AND 8231583
	Bitmap Heap Scan on sbtest3  (cost=5.53..428.75 rows=107 width=125)
	  Recheck Cond: ((k >= 8231483) AND (k <= 8231583))
	  ->  Bitmap Index Scan on k_3  (cost=0.00..5.50 rows=107 width=0)
	        Index Cond: ((k >= 8231483) AND (k <= 8231583))

table 4 : explain SELECT k, c FROM sbtest4 WHERE k BETWEEN 8231483 AND 8231583
	Bitmap Heap Scan on sbtest4  (cost=5.38..369.67 rows=92 width=125)
	  Recheck Cond: ((k >= 8231483) AND (k <= 8231583))
	  ->  Bitmap Index Scan on k_4  (cost=0.00..5.35 rows=92 width=0)
	        Index Cond: ((k >= 8231483) AND (k <= 8231583))

table 5 : explain SELECT k, c FROM sbtest5 WHERE k BETWEEN 8231483 AND 8231583
	Bitmap Heap Scan on sbtest5  (cost=5.43..389.37 rows=97 width=125)
	  Recheck Cond: ((k >= 8231483) AND (k <= 8231583))
	  ->  Bitmap Index Scan on k_5  (cost=0.00..5.40 rows=97 width=0)
	        Index Cond: ((k >= 8231483) AND (k <= 8231583))

table 6 : explain SELECT k, c FROM sbtest6 WHERE k BETWEEN 8231483 AND 8231583
	Bitmap Heap Scan on sbtest6  (cost=5.50..416.94 rows=104 width=125)
	  Recheck Cond: ((k >= 8231483) AND (k <= 8231583))
	  ->  Bitmap Index Scan on k_6  (cost=0.00..5.47 rows=104 width=0)
	        Index Cond: ((k >= 8231483) AND (k <= 8231583))

table 7 : explain SELECT k, c FROM sbtest7 WHERE k BETWEEN 8231483 AND 8231583
	Bitmap Heap Scan on sbtest7  (cost=5.47..405.13 rows=101 width=125)
	  Recheck Cond: ((k >= 8231483) AND (k <= 8231583))
	  ->  Bitmap Index Scan on k_7  (cost=0.00..5.44 rows=101 width=0)
	        Index Cond: ((k >= 8231483) AND (k <= 8231583))

table 8 : explain SELECT k, c FROM sbtest8 WHERE k BETWEEN 8231483 AND 8231583
	Bitmap Heap Scan on sbtest8  (cost=5.47..405.13 rows=101 width=125)
	  Recheck Cond: ((k >= 8231483) AND (k <= 8231583))
	  ->  Bitmap Index Scan on k_8  (cost=0.00..5.44 rows=101 width=0)
	        Index Cond: ((k >= 8231483) AND (k <= 8231583))

for range-notcovered
table 1 : explain SELECT k, c FROM sbtest1 WHERE k BETWEEN 5266144 AND 5266244
	Bitmap Heap Scan on sbtest1  (cost=5.36..361.78 rows=90 width=125)
	  Recheck Cond: ((k >= 5266144) AND (k <= 5266244))
	  ->  Bitmap Index Scan on k_1  (cost=0.00..5.33 rows=90 width=0)
	        Index Cond: ((k >= 5266144) AND (k <= 5266244))

table 2 : explain SELECT k, c FROM sbtest2 WHERE k BETWEEN 5266144 AND 5266244
	Bitmap Heap Scan on sbtest2  (cost=5.51..420.88 rows=105 width=125)
	  Recheck Cond: ((k >= 5266144) AND (k <= 5266244))
	  ->  Bitmap Index Scan on k_2  (cost=0.00..5.48 rows=105 width=0)
	        Index Cond: ((k >= 5266144) AND (k <= 5266244))

table 3 : explain SELECT k, c FROM sbtest3 WHERE k BETWEEN 5266144 AND 5266244
	Bitmap Heap Scan on sbtest3  (cost=5.47..405.13 rows=101 width=125)
	  Recheck Cond: ((k >= 5266144) AND (k <= 5266244))
	  ->  Bitmap Index Scan on k_3  (cost=0.00..5.44 rows=101 width=0)
	        Index Cond: ((k >= 5266144) AND (k <= 5266244))

table 4 : explain SELECT k, c FROM sbtest4 WHERE k BETWEEN 5266144 AND 5266244
	Bitmap Heap Scan on sbtest4  (cost=5.48..409.07 rows=102 width=125)
	  Recheck Cond: ((k >= 5266144) AND (k <= 5266244))
	  ->  Bitmap Index Scan on k_4  (cost=0.00..5.45 rows=102 width=0)
	        Index Cond: ((k >= 5266144) AND (k <= 5266244))

table 5 : explain SELECT k, c FROM sbtest5 WHERE k BETWEEN 5266144 AND 5266244
	Bitmap Heap Scan on sbtest5  (cost=5.46..401.19 rows=100 width=125)
	  Recheck Cond: ((k >= 5266144) AND (k <= 5266244))
	  ->  Bitmap Index Scan on k_5  (cost=0.00..5.43 rows=100 width=0)
	        Index Cond: ((k >= 5266144) AND (k <= 5266244))

table 6 : explain SELECT k, c FROM sbtest6 WHERE k BETWEEN 5266144 AND 5266244
	Bitmap Heap Scan on sbtest6  (cost=5.47..405.13 rows=101 width=125)
	  Recheck Cond: ((k >= 5266144) AND (k <= 5266244))
	  ->  Bitmap Index Scan on k_6  (cost=0.00..5.44 rows=101 width=0)
	        Index Cond: ((k >= 5266144) AND (k <= 5266244))

table 7 : explain SELECT k, c FROM sbtest7 WHERE k BETWEEN 5266144 AND 5266244
	Bitmap Heap Scan on sbtest7  (cost=5.47..405.13 rows=101 width=125)
	  Recheck Cond: ((k >= 5266144) AND (k <= 5266244))
	  ->  Bitmap Index Scan on k_7  (cost=0.00..5.44 rows=101 width=0)
	        Index Cond: ((k >= 5266144) AND (k <= 5266244))

table 8 : explain SELECT k, c FROM sbtest8 WHERE k BETWEEN 5266144 AND 5266244
	Bitmap Heap Scan on sbtest8  (cost=5.49..413.00 rows=103 width=125)
	  Recheck Cond: ((k >= 5266144) AND (k <= 5266244))
	  ->  Bitmap Index Scan on k_8  (cost=0.00..5.46 rows=103 width=0)
	        Index Cond: ((k >= 5266144) AND (k <= 5266244))

explain: for range-notcovered :: explain SELECT k, c FROM sbtest%d WHERE k BETWEEN 8231483 AND 8231583
explain: for range-notcovered :: explain SELECT k, c FROM sbtest%d WHERE k BETWEEN 5266144 AND 5266244
for range-notcovered
table 1 : explain SELECT k, c FROM sbtest1 WHERE k BETWEEN 5746554 AND 5746654
	Bitmap Heap Scan on sbtest1  (cost=5.47..405.13 rows=101 width=125)
	  Recheck Cond: ((k >= 5746554) AND (k <= 5746654))
	  ->  Bitmap Index Scan on k_1  (cost=0.00..5.44 rows=101 width=0)
	        Index Cond: ((k >= 5746554) AND (k <= 5746654))

table 2 : explain SELECT k, c FROM sbtest2 WHERE k BETWEEN 5746554 AND 5746654
	Bitmap Heap Scan on sbtest2  (cost=5.52..424.81 rows=106 width=125)
	  Recheck Cond: ((k >= 5746554) AND (k <= 5746654))
	  ->  Bitmap Index Scan on k_2  (cost=0.00..5.50 rows=106 width=0)
	        Index Cond: ((k >= 5746554) AND (k <= 5746654))

table 3 : explain SELECT k, c FROM sbtest3 WHERE k BETWEEN 5746554 AND 5746654
	Bitmap Heap Scan on sbtest3  (cost=5.46..401.19 rows=100 width=125)
	  Recheck Cond: ((k >= 5746554) AND (k <= 5746654))
	  ->  Bitmap Index Scan on k_3  (cost=0.00..5.43 rows=100 width=0)
	        Index Cond: ((k >= 5746554) AND (k <= 5746654))

table 4 : explain SELECT k, c FROM sbtest4 WHERE k BETWEEN 5746554 AND 5746654
	Bitmap Heap Scan on sbtest4  (cost=5.39..373.61 rows=93 width=125)
	  Recheck Cond: ((k >= 5746554) AND (k <= 5746654))
	  ->  Bitmap Index Scan on k_4  (cost=0.00..5.36 rows=93 width=0)
	        Index Cond: ((k >= 5746554) AND (k <= 5746654))

table 5 : explain SELECT k, c FROM sbtest5 WHERE k BETWEEN 5746554 AND 5746654
	Bitmap Heap Scan on sbtest5  (cost=5.46..401.19 rows=100 width=125)
	  Recheck Cond: ((k >= 5746554) AND (k <= 5746654))
	  ->  Bitmap Index Scan on k_5  (cost=0.00..5.43 rows=100 width=0)
	        Index Cond: ((k >= 5746554) AND (k <= 5746654))

table 6 : explain SELECT k, c FROM sbtest6 WHERE k BETWEEN 5746554 AND 5746654
	Bitmap Heap Scan on sbtest6  (cost=5.53..428.75 rows=107 width=125)
	  Recheck Cond: ((k >= 5746554) AND (k <= 5746654))
	  ->  Bitmap Index Scan on k_6  (cost=0.00..5.50 rows=107 width=0)
	        Index Cond: ((k >= 5746554) AND (k <= 5746654))

table 7 : explain SELECT k, c FROM sbtest7 WHERE k BETWEEN 5746554 AND 5746654
	Bitmap Heap Scan on sbtest7  (cost=5.51..420.88 rows=105 width=125)
	  Recheck Cond: ((k >= 5746554) AND (k <= 5746654))
	  ->  Bitmap Index Scan on k_7  (cost=0.00..5.48 rows=105 width=0)
	        Index Cond: ((k >= 5746554) AND (k <= 5746654))

table 8 : explain SELECT k, c FROM sbtest8 WHERE k BETWEEN 5746554 AND 5746654
	Bitmap Heap Scan on sbtest8  (cost=5.38..369.67 rows=92 width=125)
	  Recheck Cond: ((k >= 5746554) AND (k <= 5746654))
	  ->  Bitmap Index Scan on k_8  (cost=0.00..5.35 rows=92 width=0)
	        Index Cond: ((k >= 5746554) AND (k <= 5746654))

explain: for range-notcovered :: explain SELECT k, c FROM sbtest%d WHERE k BETWEEN 5746554 AND 5746654
for range-notcovered
table 1 : explain SELECT k, c FROM sbtest1 WHERE k BETWEEN 7541878 AND 7541978
	Bitmap Heap Scan on sbtest1  (cost=5.44..393.31 rows=98 width=125)
	  Recheck Cond: ((k >= 7541878) AND (k <= 7541978))
	  ->  Bitmap Index Scan on k_1  (cost=0.00..5.42 rows=98 width=0)
	        Index Cond: ((k >= 7541878) AND (k <= 7541978))

table 2 : explain SELECT k, c FROM sbtest2 WHERE k BETWEEN 7541878 AND 7541978
	Bitmap Heap Scan on sbtest2  (cost=5.46..401.19 rows=100 width=125)
	  Recheck Cond: ((k >= 7541878) AND (k <= 7541978))
	  ->  Bitmap Index Scan on k_2  (cost=0.00..5.43 rows=100 width=0)
	        Index Cond: ((k >= 7541878) AND (k <= 7541978))

table 3 : explain SELECT k, c FROM sbtest3 WHERE k BETWEEN 7541878 AND 7541978
	Bitmap Heap Scan on sbtest3  (cost=5.44..393.31 rows=98 width=125)
	  Recheck Cond: ((k >= 7541878) AND (k <= 7541978))
	  ->  Bitmap Index Scan on k_3  (cost=0.00..5.42 rows=98 width=0)
	        Index Cond: ((k >= 7541878) AND (k <= 7541978))

table 4 : explain SELECT k, c FROM sbtest4 WHERE k BETWEEN 7541878 AND 7541978
	Bitmap Heap Scan on sbtest4  (cost=5.49..413.00 rows=103 width=125)
	  Recheck Cond: ((k >= 7541878) AND (k <= 7541978))
	  ->  Bitmap Index Scan on k_4  (cost=0.00..5.46 rows=103 width=0)
	        Index Cond: ((k >= 7541878) AND (k <= 7541978))

table 5 : explain SELECT k, c FROM sbtest5 WHERE k BETWEEN 7541878 AND 7541978
	Bitmap Heap Scan on sbtest5  (cost=5.53..428.75 rows=107 width=125)
	  Recheck Cond: ((k >= 7541878) AND (k <= 7541978))
	  ->  Bitmap Index Scan on k_5  (cost=0.00..5.50 rows=107 width=0)
	        Index Cond: ((k >= 7541878) AND (k <= 7541978))

table 6 : explain SELECT k, c FROM sbtest6 WHERE k BETWEEN 7541878 AND 7541978
	Bitmap Heap Scan on sbtest6  (cost=5.53..428.75 rows=107 width=125)
	  Recheck Cond: ((k >= 7541878) AND (k <= 7541978))
	  ->  Bitmap Index Scan on k_6  (cost=0.00..5.50 rows=107 width=0)
	        Index Cond: ((k >= 7541878) AND (k <= 7541978))

table 7 : explain SELECT k, c FROM sbtest7 WHERE k BETWEEN 7541878 AND 7541978
	Bitmap Heap Scan on sbtest7  (cost=5.43..389.37 rows=97 width=125)
	  Recheck Cond: ((k >= 7541878) AND (k <= 7541978))
	  ->  Bitmap Index Scan on k_7  (cost=0.00..5.40 rows=97 width=0)
	        Index Cond: ((k >= 7541878) AND (k <= 7541978))

table 8 : explain SELECT k, c FROM sbtest8 WHERE k BETWEEN 7541878 AND 7541978
	Bitmap Heap Scan on sbtest8  (cost=5.45..397.25 rows=99 width=125)
	  Recheck Cond: ((k >= 7541878) AND (k <= 7541978))
	  ->  Bitmap Index Scan on k_8  (cost=0.00..5.42 rows=99 width=0)
	        Index Cond: ((k >= 7541878) AND (k <= 7541978))

explain: for range-notcovered :: explain SELECT k, c FROM sbtest%d WHERE k BETWEEN 7541878 AND 7541978
for range-notcovered
table 1 : explain SELECT k, c FROM sbtest1 WHERE k BETWEEN 6136721 AND 6136821
	Bitmap Heap Scan on sbtest1  (cost=5.62..464.15 rows=116 width=125)
	  Recheck Cond: ((k >= 6136721) AND (k <= 6136821))
	  ->  Bitmap Index Scan on k_1  (cost=0.00..5.59 rows=116 width=0)
	        Index Cond: ((k >= 6136721) AND (k <= 6136821))

table 2 : explain SELECT k, c FROM sbtest2 WHERE k BETWEEN 6136721 AND 6136821
	Bitmap Heap Scan on sbtest2  (cost=5.52..424.81 rows=106 width=125)
	  Recheck Cond: ((k >= 6136721) AND (k <= 6136821))
	  ->  Bitmap Index Scan on k_2  (cost=0.00..5.50 rows=106 width=0)
	        Index Cond: ((k >= 6136721) AND (k <= 6136821))

table 3 : explain SELECT k, c FROM sbtest3 WHERE k BETWEEN 6136721 AND 6136821
	Bitmap Heap Scan on sbtest3  (cost=5.55..436.62 rows=109 width=125)
	  Recheck Cond: ((k >= 6136721) AND (k <= 6136821))
	  ->  Bitmap Index Scan on k_3  (cost=0.00..5.52 rows=109 width=0)
	        Index Cond: ((k >= 6136721) AND (k <= 6136821))

table 4 : explain SELECT k, c FROM sbtest4 WHERE k BETWEEN 6136721 AND 6136821
	Bitmap Heap Scan on sbtest4  (cost=5.45..397.25 rows=99 width=125)
	  Recheck Cond: ((k >= 6136721) AND (k <= 6136821))
	  ->  Bitmap Index Scan on k_4  (cost=0.00..5.42 rows=99 width=0)
	        Index Cond: ((k >= 6136721) AND (k <= 6136821))

table 5 : explain SELECT k, c FROM sbtest5 WHERE k BETWEEN 6136721 AND 6136821
	Bitmap Heap Scan on sbtest5  (cost=5.53..428.75 rows=107 width=125)
	  Recheck Cond: ((k >= 6136721) AND (k <= 6136821))
	  ->  Bitmap Index Scan on k_5  (cost=0.00..5.50 rows=107 width=0)
	        Index Cond: ((k >= 6136721) AND (k <= 6136821))

table 6 : explain SELECT k, c FROM sbtest6 WHERE k BETWEEN 6136721 AND 6136821
	Bitmap Heap Scan on sbtest6  (cost=5.49..413.00 rows=103 width=125)
	  Recheck Cond: ((k >= 6136721) AND (k <= 6136821))
	  ->  Bitmap Index Scan on k_6  (cost=0.00..5.46 rows=103 width=0)
	        Index Cond: ((k >= 6136721) AND (k <= 6136821))

table 7 : explain SELECT k, c FROM sbtest7 WHERE k BETWEEN 6136721 AND 6136821
	Bitmap Heap Scan on sbtest7  (cost=5.48..409.07 rows=102 width=125)
	  Recheck Cond: ((k >= 6136721) AND (k <= 6136821))
	  ->  Bitmap Index Scan on k_7  (cost=0.00..5.45 rows=102 width=0)
	        Index Cond: ((k >= 6136721) AND (k <= 6136821))

table 8 : explain SELECT k, c FROM sbtest8 WHERE k BETWEEN 6136721 AND 6136821
	Bitmap Heap Scan on sbtest8  (cost=5.46..401.19 rows=100 width=125)
	  Recheck Cond: ((k >= 6136721) AND (k <= 6136821))
	  ->  Bitmap Index Scan on k_8  (cost=0.00..5.43 rows=100 width=0)
	        Index Cond: ((k >= 6136721) AND (k <= 6136821))

explain: for range-notcovered :: explain SELECT k, c FROM sbtest%d WHERE k BETWEEN 6136721 AND 6136821
for range-notcovered
table 1 : explain SELECT k, c FROM sbtest1 WHERE k BETWEEN 6569738 AND 6569838
	Bitmap Heap Scan on sbtest1  (cost=5.48..409.07 rows=102 width=125)
	  Recheck Cond: ((k >= 6569738) AND (k <= 6569838))
	  ->  Bitmap Index Scan on k_1  (cost=0.00..5.45 rows=102 width=0)
	        Index Cond: ((k >= 6569738) AND (k <= 6569838))

table 2 : explain SELECT k, c FROM sbtest2 WHERE k BETWEEN 6569738 AND 6569838
	Bitmap Heap Scan on sbtest2  (cost=5.41..381.49 rows=95 width=125)
	  Recheck Cond: ((k >= 6569738) AND (k <= 6569838))
	  ->  Bitmap Index Scan on k_2  (cost=0.00..5.38 rows=95 width=0)
	        Index Cond: ((k >= 6569738) AND (k <= 6569838))

table 3 : explain SELECT k, c FROM sbtest3 WHERE k BETWEEN 6569738 AND 6569838
	Bitmap Heap Scan on sbtest3  (cost=5.51..420.88 rows=105 width=125)
	  Recheck Cond: ((k >= 6569738) AND (k <= 6569838))
	  ->  Bitmap Index Scan on k_3  (cost=0.00..5.48 rows=105 width=0)
	        Index Cond: ((k >= 6569738) AND (k <= 6569838))

table 4 : explain SELECT k, c FROM sbtest4 WHERE k BETWEEN 6569738 AND 6569838
	Bitmap Heap Scan on sbtest4  (cost=5.39..373.61 rows=93 width=125)
	  Recheck Cond: ((k >= 6569738) AND (k <= 6569838))
	  ->  Bitmap Index Scan on k_4  (cost=0.00..5.36 rows=93 width=0)
	        Index Cond: ((k >= 6569738) AND (k <= 6569838))

table 5 : explain SELECT k, c FROM sbtest5 WHERE k BETWEEN 6569738 AND 6569838
	Bitmap Heap Scan on sbtest5  (cost=5.48..409.07 rows=102 width=125)
	  Recheck Cond: ((k >= 6569738) AND (k <= 6569838))
	  ->  Bitmap Index Scan on k_5  (cost=0.00..5.45 rows=102 width=0)
	        Index Cond: ((k >= 6569738) AND (k <= 6569838))

table 6 : explain SELECT k, c FROM sbtest6 WHERE k BETWEEN 6569738 AND 6569838
	Bitmap Heap Scan on sbtest6  (cost=5.37..365.72 rows=91 width=125)
	  Recheck Cond: ((k >= 6569738) AND (k <= 6569838))
	  ->  Bitmap Index Scan on k_6  (cost=0.00..5.34 rows=91 width=0)
	        Index Cond: ((k >= 6569738) AND (k <= 6569838))

table 7 : explain SELECT k, c FROM sbtest7 WHERE k BETWEEN 6569738 AND 6569838
	Bitmap Heap Scan on sbtest7  (cost=5.46..401.19 rows=100 width=125)
	  Recheck Cond: ((k >= 6569738) AND (k <= 6569838))
	  ->  Bitmap Index Scan on k_7  (cost=0.00..5.43 rows=100 width=0)
	        Index Cond: ((k >= 6569738) AND (k <= 6569838))

table 8 : explain SELECT k, c FROM sbtest8 WHERE k BETWEEN 6569738 AND 6569838
	Bitmap Heap Scan on sbtest8  (cost=5.46..401.19 rows=100 width=125)
	  Recheck Cond: ((k >= 6569738) AND (k <= 6569838))
	  ->  Bitmap Index Scan on k_8  (cost=0.00..5.43 rows=100 width=0)
	        Index Cond: ((k >= 6569738) AND (k <= 6569838))

explain: for range-notcovered :: explain SELECT k, c FROM sbtest%d WHERE k BETWEEN 6569738 AND 6569838
explain: for range-notcovered :: explain SELECT k, c FROM sbtest%d WHERE k BETWEEN 2474191 AND 2474291
for range-notcovered
table 1 : explain SELECT k, c FROM sbtest1 WHERE k BETWEEN 8231483 AND 8231583
	Bitmap Heap Scan on sbtest1  (cost=5.51..420.88 rows=105 width=125)
	  Recheck Cond: ((k >= 8231483) AND (k <= 8231583))
	  ->  Bitmap Index Scan on k_1  (cost=0.00..5.48 rows=105 width=0)
	        Index Cond: ((k >= 8231483) AND (k <= 8231583))

table 2 : explain SELECT k, c FROM sbtest2 WHERE k BETWEEN 8231483 AND 8231583
	Bitmap Heap Scan on sbtest2  (cost=5.47..405.13 rows=101 width=125)
	  Recheck Cond: ((k >= 8231483) AND (k <= 8231583))
	  ->  Bitmap Index Scan on k_2  (cost=0.00..5.44 rows=101 width=0)
	        Index Cond: ((k >= 8231483) AND (k <= 8231583))

table 3 : explain SELECT k, c FROM sbtest3 WHERE k BETWEEN 8231483 AND 8231583
	Bitmap Heap Scan on sbtest3  (cost=5.53..428.75 rows=107 width=125)
	  Recheck Cond: ((k >= 8231483) AND (k <= 8231583))
	  ->  Bitmap Index Scan on k_3  (cost=0.00..5.50 rows=107 width=0)
	        Index Cond: ((k >= 8231483) AND (k <= 8231583))

table 4 : explain SELECT k, c FROM sbtest4 WHERE k BETWEEN 8231483 AND 8231583
	Bitmap Heap Scan on sbtest4  (cost=5.38..369.67 rows=92 width=125)
	  Recheck Cond: ((k >= 8231483) AND (k <= 8231583))
	  ->  Bitmap Index Scan on k_4  (cost=0.00..5.35 rows=92 width=0)
	        Index Cond: ((k >= 8231483) AND (k <= 8231583))

table 5 : explain SELECT k, c FROM sbtest5 WHERE k BETWEEN 8231483 AND 8231583
	Bitmap Heap Scan on sbtest5  (cost=5.43..389.37 rows=97 width=125)
	  Recheck Cond: ((k >= 8231483) AND (k <= 8231583))
	  ->  Bitmap Index Scan on k_5  (cost=0.00..5.40 rows=97 width=0)
	        Index Cond: ((k >= 8231483) AND (k <= 8231583))

table 6 : explain SELECT k, c FROM sbtest6 WHERE k BETWEEN 8231483 AND 8231583
	Bitmap Heap Scan on sbtest6  (cost=5.50..416.94 rows=104 width=125)
	  Recheck Cond: ((k >= 8231483) AND (k <= 8231583))
	  ->  Bitmap Index Scan on k_6  (cost=0.00..5.47 rows=104 width=0)
	        Index Cond: ((k >= 8231483) AND (k <= 8231583))

table 7 : explain SELECT k, c FROM sbtest7 WHERE k BETWEEN 8231483 AND 8231583
	Bitmap Heap Scan on sbtest7  (cost=5.47..405.13 rows=101 width=125)
	  Recheck Cond: ((k >= 8231483) AND (k <= 8231583))
	  ->  Bitmap Index Scan on k_7  (cost=0.00..5.44 rows=101 width=0)
	        Index Cond: ((k >= 8231483) AND (k <= 8231583))

table 8 : explain SELECT k, c FROM sbtest8 WHERE k BETWEEN 8231483 AND 8231583
	Bitmap Heap Scan on sbtest8  (cost=5.47..405.13 rows=101 width=125)
	  Recheck Cond: ((k >= 8231483) AND (k <= 8231583))
	  ->  Bitmap Index Scan on k_8  (cost=0.00..5.44 rows=101 width=0)
	        Index Cond: ((k >= 8231483) AND (k <= 8231583))

for range-notcovered
table 1 : explain SELECT k, c FROM sbtest1 WHERE k BETWEEN 5266144 AND 5266244
	Bitmap Heap Scan on sbtest1  (cost=5.36..361.78 rows=90 width=125)
	  Recheck Cond: ((k >= 5266144) AND (k <= 5266244))
	  ->  Bitmap Index Scan on k_1  (cost=0.00..5.33 rows=90 width=0)
	        Index Cond: ((k >= 5266144) AND (k <= 5266244))

table 2 : explain SELECT k, c FROM sbtest2 WHERE k BETWEEN 5266144 AND 5266244
	Bitmap Heap Scan on sbtest2  (cost=5.51..420.88 rows=105 width=125)
	  Recheck Cond: ((k >= 5266144) AND (k <= 5266244))
	  ->  Bitmap Index Scan on k_2  (cost=0.00..5.48 rows=105 width=0)
	        Index Cond: ((k >= 5266144) AND (k <= 5266244))

table 3 : explain SELECT k, c FROM sbtest3 WHERE k BETWEEN 5266144 AND 5266244
	Bitmap Heap Scan on sbtest3  (cost=5.47..405.13 rows=101 width=125)
	  Recheck Cond: ((k >= 5266144) AND (k <= 5266244))
	  ->  Bitmap Index Scan on k_3  (cost=0.00..5.44 rows=101 width=0)
	        Index Cond: ((k >= 5266144) AND (k <= 5266244))

table 4 : explain SELECT k, c FROM sbtest4 WHERE k BETWEEN 5266144 AND 5266244
	Bitmap Heap Scan on sbtest4  (cost=5.48..409.07 rows=102 width=125)
	  Recheck Cond: ((k >= 5266144) AND (k <= 5266244))
	  ->  Bitmap Index Scan on k_4  (cost=0.00..5.45 rows=102 width=0)
	        Index Cond: ((k >= 5266144) AND (k <= 5266244))

table 5 : explain SELECT k, c FROM sbtest5 WHERE k BETWEEN 5266144 AND 5266244
	Bitmap Heap Scan on sbtest5  (cost=5.46..401.19 rows=100 width=125)
	  Recheck Cond: ((k >= 5266144) AND (k <= 5266244))
	  ->  Bitmap Index Scan on k_5  (cost=0.00..5.43 rows=100 width=0)
	        Index Cond: ((k >= 5266144) AND (k <= 5266244))

table 6 : explain SELECT k, c FROM sbtest6 WHERE k BETWEEN 5266144 AND 5266244
	Bitmap Heap Scan on sbtest6  (cost=5.47..405.13 rows=101 width=125)
	  Recheck Cond: ((k >= 5266144) AND (k <= 5266244))
	  ->  Bitmap Index Scan on k_6  (cost=0.00..5.44 rows=101 width=0)
	        Index Cond: ((k >= 5266144) AND (k <= 5266244))

table 7 : explain SELECT k, c FROM sbtest7 WHERE k BETWEEN 5266144 AND 5266244
	Bitmap Heap Scan on sbtest7  (cost=5.47..405.13 rows=101 width=125)
	  Recheck Cond: ((k >= 5266144) AND (k <= 5266244))
	  ->  Bitmap Index Scan on k_7  (cost=0.00..5.44 rows=101 width=0)
	        Index Cond: ((k >= 5266144) AND (k <= 5266244))

table 8 : explain SELECT k, c FROM sbtest8 WHERE k BETWEEN 5266144 AND 5266244
	Bitmap Heap Scan on sbtest8  (cost=5.49..413.00 rows=103 width=125)
	  Recheck Cond: ((k >= 5266144) AND (k <= 5266244))
	  ->  Bitmap Index Scan on k_8  (cost=0.00..5.46 rows=103 width=0)
	        Index Cond: ((k >= 5266144) AND (k <= 5266244))

for range-notcovered
table 1 : explain SELECT k, c FROM sbtest1 WHERE k BETWEEN 7471480 AND 7471580
	Bitmap Heap Scan on sbtest1  (cost=5.37..365.72 rows=91 width=125)
	  Recheck Cond: ((k >= 7471480) AND (k <= 7471580))
	  ->  Bitmap Index Scan on k_1  (cost=0.00..5.34 rows=91 width=0)
	        Index Cond: ((k >= 7471480) AND (k <= 7471580))

table 2 : explain SELECT k, c FROM sbtest2 WHERE k BETWEEN 7471480 AND 7471580
	Bitmap Heap Scan on sbtest2  (cost=5.46..401.19 rows=100 width=125)
	  Recheck Cond: ((k >= 7471480) AND (k <= 7471580))
	  ->  Bitmap Index Scan on k_2  (cost=0.00..5.43 rows=100 width=0)
	        Index Cond: ((k >= 7471480) AND (k <= 7471580))

table 3 : explain SELECT k, c FROM sbtest3 WHERE k BETWEEN 7471480 AND 7471580
	Bitmap Heap Scan on sbtest3  (cost=5.52..424.81 rows=106 width=125)
	  Recheck Cond: ((k >= 7471480) AND (k <= 7471580))
	  ->  Bitmap Index Scan on k_3  (cost=0.00..5.50 rows=106 width=0)
	        Index Cond: ((k >= 7471480) AND (k <= 7471580))

table 4 : explain SELECT k, c FROM sbtest4 WHERE k BETWEEN 7471480 AND 7471580
	Bitmap Heap Scan on sbtest4  (cost=5.39..373.61 rows=93 width=125)
	  Recheck Cond: ((k >= 7471480) AND (k <= 7471580))
	  ->  Bitmap Index Scan on k_4  (cost=0.00..5.36 rows=93 width=0)
	        Index Cond: ((k >= 7471480) AND (k <= 7471580))

table 5 : explain SELECT k, c FROM sbtest5 WHERE k BETWEEN 7471480 AND 7471580
	Bitmap Heap Scan on sbtest5  (cost=5.50..416.94 rows=104 width=125)
	  Recheck Cond: ((k >= 7471480) AND (k <= 7471580))
	  ->  Bitmap Index Scan on k_5  (cost=0.00..5.47 rows=104 width=0)
	        Index Cond: ((k >= 7471480) AND (k <= 7471580))

table 6 : explain SELECT k, c FROM sbtest6 WHERE k BETWEEN 7471480 AND 7471580
	Bitmap Heap Scan on sbtest6  (cost=5.49..413.00 rows=103 width=125)
	  Recheck Cond: ((k >= 7471480) AND (k <= 7471580))
	  ->  Bitmap Index Scan on k_6  (cost=0.00..5.46 rows=103 width=0)
	        Index Cond: ((k >= 7471480) AND (k <= 7471580))

table 7 : explain SELECT k, c FROM sbtest7 WHERE k BETWEEN 7471480 AND 7471580
	Bitmap Heap Scan on sbtest7  (cost=5.53..428.75 rows=107 width=125)
	  Recheck Cond: ((k >= 7471480) AND (k <= 7471580))
	  ->  Bitmap Index Scan on k_7  (cost=0.00..5.50 rows=107 width=0)
	        Index Cond: ((k >= 7471480) AND (k <= 7471580))

table 8 : explain SELECT k, c FROM sbtest8 WHERE k BETWEEN 7471480 AND 7471580
	Bitmap Heap Scan on sbtest8  (cost=5.56..440.56 rows=110 width=125)
	  Recheck Cond: ((k >= 7471480) AND (k <= 7471580))
	  ->  Bitmap Index Scan on k_8  (cost=0.00..5.53 rows=110 width=0)
	        Index Cond: ((k >= 7471480) AND (k <= 7471580))

explain: for range-notcovered :: explain SELECT k, c FROM sbtest%d WHERE k BETWEEN 8231483 AND 8231583
explain: for range-notcovered :: explain SELECT k, c FROM sbtest%d WHERE k BETWEEN 5266144 AND 5266244
explain: for range-notcovered :: explain SELECT k, c FROM sbtest%d WHERE k BETWEEN 7471480 AND 7471580
for range-notcovered
table 1 : explain SELECT k, c FROM sbtest1 WHERE k BETWEEN 5746554 AND 5746654
	Bitmap Heap Scan on sbtest1  (cost=5.47..405.13 rows=101 width=125)
	  Recheck Cond: ((k >= 5746554) AND (k <= 5746654))
	  ->  Bitmap Index Scan on k_1  (cost=0.00..5.44 rows=101 width=0)
	        Index Cond: ((k >= 5746554) AND (k <= 5746654))

table 2 : explain SELECT k, c FROM sbtest2 WHERE k BETWEEN 5746554 AND 5746654
	Bitmap Heap Scan on sbtest2  (cost=5.52..424.81 rows=106 width=125)
	  Recheck Cond: ((k >= 5746554) AND (k <= 5746654))
	  ->  Bitmap Index Scan on k_2  (cost=0.00..5.50 rows=106 width=0)
	        Index Cond: ((k >= 5746554) AND (k <= 5746654))

table 3 : explain SELECT k, c FROM sbtest3 WHERE k BETWEEN 5746554 AND 5746654
	Bitmap Heap Scan on sbtest3  (cost=5.46..401.19 rows=100 width=125)
	  Recheck Cond: ((k >= 5746554) AND (k <= 5746654))
	  ->  Bitmap Index Scan on k_3  (cost=0.00..5.43 rows=100 width=0)
	        Index Cond: ((k >= 5746554) AND (k <= 5746654))

table 4 : explain SELECT k, c FROM sbtest4 WHERE k BETWEEN 5746554 AND 5746654
	Bitmap Heap Scan on sbtest4  (cost=5.39..373.61 rows=93 width=125)
	  Recheck Cond: ((k >= 5746554) AND (k <= 5746654))
	  ->  Bitmap Index Scan on k_4  (cost=0.00..5.36 rows=93 width=0)
	        Index Cond: ((k >= 5746554) AND (k <= 5746654))

table 5 : explain SELECT k, c FROM sbtest5 WHERE k BETWEEN 5746554 AND 5746654
	Bitmap Heap Scan on sbtest5  (cost=5.46..401.19 rows=100 width=125)
	  Recheck Cond: ((k >= 5746554) AND (k <= 5746654))
	  ->  Bitmap Index Scan on k_5  (cost=0.00..5.43 rows=100 width=0)
	        Index Cond: ((k >= 5746554) AND (k <= 5746654))

table 6 : explain SELECT k, c FROM sbtest6 WHERE k BETWEEN 5746554 AND 5746654
	Bitmap Heap Scan on sbtest6  (cost=5.53..428.75 rows=107 width=125)
	  Recheck Cond: ((k >= 5746554) AND (k <= 5746654))
	  ->  Bitmap Index Scan on k_6  (cost=0.00..5.50 rows=107 width=0)
	        Index Cond: ((k >= 5746554) AND (k <= 5746654))

table 7 : explain SELECT k, c FROM sbtest7 WHERE k BETWEEN 5746554 AND 5746654
	Bitmap Heap Scan on sbtest7  (cost=5.51..420.88 rows=105 width=125)
	  Recheck Cond: ((k >= 5746554) AND (k <= 5746654))
	  ->  Bitmap Index Scan on k_7  (cost=0.00..5.48 rows=105 width=0)
	        Index Cond: ((k >= 5746554) AND (k <= 5746654))

table 8 : explain SELECT k, c FROM sbtest8 WHERE k BETWEEN 5746554 AND 5746654
	Bitmap Heap Scan on sbtest8  (cost=5.38..369.67 rows=92 width=125)
	  Recheck Cond: ((k >= 5746554) AND (k <= 5746654))
	  ->  Bitmap Index Scan on k_8  (cost=0.00..5.35 rows=92 width=0)
	        Index Cond: ((k >= 5746554) AND (k <= 5746654))

explain: for range-notcovered :: explain SELECT k, c FROM sbtest%d WHERE k BETWEEN 5746554 AND 5746654
for range-notcovered
table 1 : explain SELECT k, c FROM sbtest1 WHERE k BETWEEN 2483849 AND 2483949
	Bitmap Heap Scan on sbtest1  (cost=5.50..416.94 rows=104 width=125)
	  Recheck Cond: ((k >= 2483849) AND (k <= 2483949))
	  ->  Bitmap Index Scan on k_1  (cost=0.00..5.47 rows=104 width=0)
	        Index Cond: ((k >= 2483849) AND (k <= 2483949))

table 2 : explain SELECT k, c FROM sbtest2 WHERE k BETWEEN 2483849 AND 2483949
	Bitmap Heap Scan on sbtest2  (cost=5.46..401.19 rows=100 width=125)
	  Recheck Cond: ((k >= 2483849) AND (k <= 2483949))
	  ->  Bitmap Index Scan on k_2  (cost=0.00..5.43 rows=100 width=0)
	        Index Cond: ((k >= 2483849) AND (k <= 2483949))

table 3 : explain SELECT k, c FROM sbtest3 WHERE k BETWEEN 2483849 AND 2483949
	Bitmap Heap Scan on sbtest3  (cost=5.49..413.00 rows=103 width=125)
	  Recheck Cond: ((k >= 2483849) AND (k <= 2483949))
	  ->  Bitmap Index Scan on k_3  (cost=0.00..5.46 rows=103 width=0)
	        Index Cond: ((k >= 2483849) AND (k <= 2483949))

table 4 : explain SELECT k, c FROM sbtest4 WHERE k BETWEEN 2483849 AND 2483949
	Bitmap Heap Scan on sbtest4  (cost=5.55..436.62 rows=109 width=125)
	  Recheck Cond: ((k >= 2483849) AND (k <= 2483949))
	  ->  Bitmap Index Scan on k_4  (cost=0.00..5.52 rows=109 width=0)
	        Index Cond: ((k >= 2483849) AND (k <= 2483949))

table 5 : explain SELECT k, c FROM sbtest5 WHERE k BETWEEN 2483849 AND 2483949
	Bitmap Heap Scan on sbtest5  (cost=5.67..479.88 rows=120 width=125)
	  Recheck Cond: ((k >= 2483849) AND (k <= 2483949))
	  ->  Bitmap Index Scan on k_5  (cost=0.00..5.63 rows=120 width=0)
	        Index Cond: ((k >= 2483849) AND (k <= 2483949))

table 6 : explain SELECT k, c FROM sbtest6 WHERE k BETWEEN 2483849 AND 2483949
	Bitmap Heap Scan on sbtest6  (cost=5.46..401.19 rows=100 width=125)
	  Recheck Cond: ((k >= 2483849) AND (k <= 2483949))
	  ->  Bitmap Index Scan on k_6  (cost=0.00..5.43 rows=100 width=0)
	        Index Cond: ((k >= 2483849) AND (k <= 2483949))

table 7 : explain SELECT k, c FROM sbtest7 WHERE k BETWEEN 2483849 AND 2483949
	Bitmap Heap Scan on sbtest7  (cost=5.53..428.75 rows=107 width=125)
	  Recheck Cond: ((k >= 2483849) AND (k <= 2483949))
	  ->  Bitmap Index Scan on k_7  (cost=0.00..5.50 rows=107 width=0)
	        Index Cond: ((k >= 2483849) AND (k <= 2483949))

table 8 : explain SELECT k, c FROM sbtest8 WHERE k BETWEEN 2483849 AND 2483949
	Bitmap Heap Scan on sbtest8  (cost=5.48..409.07 rows=102 width=125)
	  Recheck Cond: ((k >= 2483849) AND (k <= 2483949))
	  ->  Bitmap Index Scan on k_8  (cost=0.00..5.45 rows=102 width=0)
	        Index Cond: ((k >= 2483849) AND (k <= 2483949))

for range-notcovered
table 1 : explain SELECT k, c FROM sbtest1 WHERE k BETWEEN 7541878 AND 7541978
	Bitmap Heap Scan on sbtest1  (cost=5.44..393.31 rows=98 width=125)
	  Recheck Cond: ((k >= 7541878) AND (k <= 7541978))
	  ->  Bitmap Index Scan on k_1  (cost=0.00..5.42 rows=98 width=0)
	        Index Cond: ((k >= 7541878) AND (k <= 7541978))

table 2 : explain SELECT k, c FROM sbtest2 WHERE k BETWEEN 7541878 AND 7541978
	Bitmap Heap Scan on sbtest2  (cost=5.46..401.19 rows=100 width=125)
	  Recheck Cond: ((k >= 7541878) AND (k <= 7541978))
	  ->  Bitmap Index Scan on k_2  (cost=0.00..5.43 rows=100 width=0)
	        Index Cond: ((k >= 7541878) AND (k <= 7541978))

table 3 : explain SELECT k, c FROM sbtest3 WHERE k BETWEEN 7541878 AND 7541978
	Bitmap Heap Scan on sbtest3  (cost=5.44..393.31 rows=98 width=125)
	  Recheck Cond: ((k >= 7541878) AND (k <= 7541978))
	  ->  Bitmap Index Scan on k_3  (cost=0.00..5.42 rows=98 width=0)
	        Index Cond: ((k >= 7541878) AND (k <= 7541978))

table 4 : explain SELECT k, c FROM sbtest4 WHERE k BETWEEN 7541878 AND 7541978
	Bitmap Heap Scan on sbtest4  (cost=5.49..413.00 rows=103 width=125)
	  Recheck Cond: ((k >= 7541878) AND (k <= 7541978))
	  ->  Bitmap Index Scan on k_4  (cost=0.00..5.46 rows=103 width=0)
	        Index Cond: ((k >= 7541878) AND (k <= 7541978))

table 5 : explain SELECT k, c FROM sbtest5 WHERE k BETWEEN 7541878 AND 7541978
	Bitmap Heap Scan on sbtest5  (cost=5.53..428.75 rows=107 width=125)
	  Recheck Cond: ((k >= 7541878) AND (k <= 7541978))
	  ->  Bitmap Index Scan on k_5  (cost=0.00..5.50 rows=107 width=0)
	        Index Cond: ((k >= 7541878) AND (k <= 7541978))

table 6 : explain SELECT k, c FROM sbtest6 WHERE k BETWEEN 7541878 AND 7541978
	Bitmap Heap Scan on sbtest6  (cost=5.53..428.75 rows=107 width=125)
	  Recheck Cond: ((k >= 7541878) AND (k <= 7541978))
	  ->  Bitmap Index Scan on k_6  (cost=0.00..5.50 rows=107 width=0)
	        Index Cond: ((k >= 7541878) AND (k <= 7541978))

table 7 : explain SELECT k, c FROM sbtest7 WHERE k BETWEEN 7541878 AND 7541978
	Bitmap Heap Scan on sbtest7  (cost=5.43..389.37 rows=97 width=125)
	  Recheck Cond: ((k >= 7541878) AND (k <= 7541978))
	  ->  Bitmap Index Scan on k_7  (cost=0.00..5.40 rows=97 width=0)
	        Index Cond: ((k >= 7541878) AND (k <= 7541978))

table 8 : explain SELECT k, c FROM sbtest8 WHERE k BETWEEN 7541878 AND 7541978
	Bitmap Heap Scan on sbtest8  (cost=5.45..397.25 rows=99 width=125)
	  Recheck Cond: ((k >= 7541878) AND (k <= 7541978))
	  ->  Bitmap Index Scan on k_8  (cost=0.00..5.42 rows=99 width=0)
	        Index Cond: ((k >= 7541878) AND (k <= 7541978))

explain: for range-notcovered :: explain SELECT k, c FROM sbtest%d WHERE k BETWEEN 2483849 AND 2483949
explain: for range-notcovered :: explain SELECT k, c FROM sbtest%d WHERE k BETWEEN 7541878 AND 7541978
for range-notcovered
table 1 : explain SELECT k, c FROM sbtest1 WHERE k BETWEEN 6136721 AND 6136821
	Bitmap Heap Scan on sbtest1  (cost=5.62..464.15 rows=116 width=125)
	  Recheck Cond: ((k >= 6136721) AND (k <= 6136821))
	  ->  Bitmap Index Scan on k_1  (cost=0.00..5.59 rows=116 width=0)
	        Index Cond: ((k >= 6136721) AND (k <= 6136821))

table 2 : explain SELECT k, c FROM sbtest2 WHERE k BETWEEN 6136721 AND 6136821
	Bitmap Heap Scan on sbtest2  (cost=5.52..424.81 rows=106 width=125)
	  Recheck Cond: ((k >= 6136721) AND (k <= 6136821))
	  ->  Bitmap Index Scan on k_2  (cost=0.00..5.50 rows=106 width=0)
	        Index Cond: ((k >= 6136721) AND (k <= 6136821))

table 3 : explain SELECT k, c FROM sbtest3 WHERE k BETWEEN 6136721 AND 6136821
	Bitmap Heap Scan on sbtest3  (cost=5.55..436.62 rows=109 width=125)
	  Recheck Cond: ((k >= 6136721) AND (k <= 6136821))
	  ->  Bitmap Index Scan on k_3  (cost=0.00..5.52 rows=109 width=0)
	        Index Cond: ((k >= 6136721) AND (k <= 6136821))

table 4 : explain SELECT k, c FROM sbtest4 WHERE k BETWEEN 6136721 AND 6136821
	Bitmap Heap Scan on sbtest4  (cost=5.45..397.25 rows=99 width=125)
	  Recheck Cond: ((k >= 6136721) AND (k <= 6136821))
	  ->  Bitmap Index Scan on k_4  (cost=0.00..5.42 rows=99 width=0)
	        Index Cond: ((k >= 6136721) AND (k <= 6136821))

table 5 : explain SELECT k, c FROM sbtest5 WHERE k BETWEEN 6136721 AND 6136821
	Bitmap Heap Scan on sbtest5  (cost=5.53..428.75 rows=107 width=125)
	  Recheck Cond: ((k >= 6136721) AND (k <= 6136821))
	  ->  Bitmap Index Scan on k_5  (cost=0.00..5.50 rows=107 width=0)
	        Index Cond: ((k >= 6136721) AND (k <= 6136821))

table 6 : explain SELECT k, c FROM sbtest6 WHERE k BETWEEN 6136721 AND 6136821
	Bitmap Heap Scan on sbtest6  (cost=5.49..413.00 rows=103 width=125)
	  Recheck Cond: ((k >= 6136721) AND (k <= 6136821))
	  ->  Bitmap Index Scan on k_6  (cost=0.00..5.46 rows=103 width=0)
	        Index Cond: ((k >= 6136721) AND (k <= 6136821))

table 7 : explain SELECT k, c FROM sbtest7 WHERE k BETWEEN 6136721 AND 6136821
	Bitmap Heap Scan on sbtest7  (cost=5.48..409.07 rows=102 width=125)
	  Recheck Cond: ((k >= 6136721) AND (k <= 6136821))
	  ->  Bitmap Index Scan on k_7  (cost=0.00..5.45 rows=102 width=0)
	        Index Cond: ((k >= 6136721) AND (k <= 6136821))

table 8 : explain SELECT k, c FROM sbtest8 WHERE k BETWEEN 6136721 AND 6136821
	Bitmap Heap Scan on sbtest8  (cost=5.46..401.19 rows=100 width=125)
	  Recheck Cond: ((k >= 6136721) AND (k <= 6136821))
	  ->  Bitmap Index Scan on k_8  (cost=0.00..5.43 rows=100 width=0)
	        Index Cond: ((k >= 6136721) AND (k <= 6136821))

explain: for range-notcovered :: explain SELECT k, c FROM sbtest%d WHERE k BETWEEN 6136721 AND 6136821
for range-notcovered
table 1 : explain SELECT k, c FROM sbtest1 WHERE k BETWEEN 6569738 AND 6569838
	Bitmap Heap Scan on sbtest1  (cost=5.48..409.07 rows=102 width=125)
	  Recheck Cond: ((k >= 6569738) AND (k <= 6569838))
	  ->  Bitmap Index Scan on k_1  (cost=0.00..5.45 rows=102 width=0)
	        Index Cond: ((k >= 6569738) AND (k <= 6569838))

table 2 : explain SELECT k, c FROM sbtest2 WHERE k BETWEEN 6569738 AND 6569838
	Bitmap Heap Scan on sbtest2  (cost=5.41..381.49 rows=95 width=125)
	  Recheck Cond: ((k >= 6569738) AND (k <= 6569838))
	  ->  Bitmap Index Scan on k_2  (cost=0.00..5.38 rows=95 width=0)
	        Index Cond: ((k >= 6569738) AND (k <= 6569838))

table 3 : explain SELECT k, c FROM sbtest3 WHERE k BETWEEN 6569738 AND 6569838
	Bitmap Heap Scan on sbtest3  (cost=5.51..420.88 rows=105 width=125)
	  Recheck Cond: ((k >= 6569738) AND (k <= 6569838))
	  ->  Bitmap Index Scan on k_3  (cost=0.00..5.48 rows=105 width=0)
	        Index Cond: ((k >= 6569738) AND (k <= 6569838))

table 4 : explain SELECT k, c FROM sbtest4 WHERE k BETWEEN 6569738 AND 6569838
	Bitmap Heap Scan on sbtest4  (cost=5.39..373.61 rows=93 width=125)
	  Recheck Cond: ((k >= 6569738) AND (k <= 6569838))
	  ->  Bitmap Index Scan on k_4  (cost=0.00..5.36 rows=93 width=0)
	        Index Cond: ((k >= 6569738) AND (k <= 6569838))

table 5 : explain SELECT k, c FROM sbtest5 WHERE k BETWEEN 6569738 AND 6569838
	Bitmap Heap Scan on sbtest5  (cost=5.48..409.07 rows=102 width=125)
	  Recheck Cond: ((k >= 6569738) AND (k <= 6569838))
	  ->  Bitmap Index Scan on k_5  (cost=0.00..5.45 rows=102 width=0)
	        Index Cond: ((k >= 6569738) AND (k <= 6569838))

table 6 : explain SELECT k, c FROM sbtest6 WHERE k BETWEEN 6569738 AND 6569838
	Bitmap Heap Scan on sbtest6  (cost=5.37..365.72 rows=91 width=125)
	  Recheck Cond: ((k >= 6569738) AND (k <= 6569838))
	  ->  Bitmap Index Scan on k_6  (cost=0.00..5.34 rows=91 width=0)
	        Index Cond: ((k >= 6569738) AND (k <= 6569838))

table 7 : explain SELECT k, c FROM sbtest7 WHERE k BETWEEN 6569738 AND 6569838
	Bitmap Heap Scan on sbtest7  (cost=5.46..401.19 rows=100 width=125)
	  Recheck Cond: ((k >= 6569738) AND (k <= 6569838))
	  ->  Bitmap Index Scan on k_7  (cost=0.00..5.43 rows=100 width=0)
	        Index Cond: ((k >= 6569738) AND (k <= 6569838))

table 8 : explain SELECT k, c FROM sbtest8 WHERE k BETWEEN 6569738 AND 6569838
	Bitmap Heap Scan on sbtest8  (cost=5.46..401.19 rows=100 width=125)
	  Recheck Cond: ((k >= 6569738) AND (k <= 6569838))
	  ->  Bitmap Index Scan on k_8  (cost=0.00..5.43 rows=100 width=0)
	        Index Cond: ((k >= 6569738) AND (k <= 6569838))

explain: for range-notcovered :: explain SELECT k, c FROM sbtest%d WHERE k BETWEEN 6569738 AND 6569838
for range-notcovered
table 1 : explain SELECT k, c FROM sbtest1 WHERE k BETWEEN 5266144 AND 5266244
	Bitmap Heap Scan on sbtest1  (cost=5.36..361.78 rows=90 width=125)
	  Recheck Cond: ((k >= 5266144) AND (k <= 5266244))
	  ->  Bitmap Index Scan on k_1  (cost=0.00..5.33 rows=90 width=0)
	        Index Cond: ((k >= 5266144) AND (k <= 5266244))

table 2 : explain SELECT k, c FROM sbtest2 WHERE k BETWEEN 5266144 AND 5266244
	Bitmap Heap Scan on sbtest2  (cost=5.51..420.88 rows=105 width=125)
	  Recheck Cond: ((k >= 5266144) AND (k <= 5266244))
	  ->  Bitmap Index Scan on k_2  (cost=0.00..5.48 rows=105 width=0)
	        Index Cond: ((k >= 5266144) AND (k <= 5266244))

table 3 : explain SELECT k, c FROM sbtest3 WHERE k BETWEEN 5266144 AND 5266244
	Bitmap Heap Scan on sbtest3  (cost=5.47..405.13 rows=101 width=125)
	  Recheck Cond: ((k >= 5266144) AND (k <= 5266244))
	  ->  Bitmap Index Scan on k_3  (cost=0.00..5.44 rows=101 width=0)
	        Index Cond: ((k >= 5266144) AND (k <= 5266244))

table 4 : explain SELECT k, c FROM sbtest4 WHERE k BETWEEN 5266144 AND 5266244
	Bitmap Heap Scan on sbtest4  (cost=5.48..409.07 rows=102 width=125)
	  Recheck Cond: ((k >= 5266144) AND (k <= 5266244))
	  ->  Bitmap Index Scan on k_4  (cost=0.00..5.45 rows=102 width=0)
	        Index Cond: ((k >= 5266144) AND (k <= 5266244))

table 5 : explain SELECT k, c FROM sbtest5 WHERE k BETWEEN 5266144 AND 5266244
	Bitmap Heap Scan on sbtest5  (cost=5.46..401.19 rows=100 width=125)
	  Recheck Cond: ((k >= 5266144) AND (k <= 5266244))
	  ->  Bitmap Index Scan on k_5  (cost=0.00..5.43 rows=100 width=0)
	        Index Cond: ((k >= 5266144) AND (k <= 5266244))

table 6 : explain SELECT k, c FROM sbtest6 WHERE k BETWEEN 5266144 AND 5266244
	Bitmap Heap Scan on sbtest6  (cost=5.47..405.13 rows=101 width=125)
	  Recheck Cond: ((k >= 5266144) AND (k <= 5266244))
	  ->  Bitmap Index Scan on k_6  (cost=0.00..5.44 rows=101 width=0)
	        Index Cond: ((k >= 5266144) AND (k <= 5266244))

table 7 : explain SELECT k, c FROM sbtest7 WHERE k BETWEEN 5266144 AND 5266244
	Bitmap Heap Scan on sbtest7  (cost=5.47..405.13 rows=101 width=125)
	  Recheck Cond: ((k >= 5266144) AND (k <= 5266244))
	  ->  Bitmap Index Scan on k_7  (cost=0.00..5.44 rows=101 width=0)
	        Index Cond: ((k >= 5266144) AND (k <= 5266244))

table 8 : explain SELECT k, c FROM sbtest8 WHERE k BETWEEN 5266144 AND 5266244
	Bitmap Heap Scan on sbtest8  (cost=5.49..413.00 rows=103 width=125)
	  Recheck Cond: ((k >= 5266144) AND (k <= 5266244))
	  ->  Bitmap Index Scan on k_8  (cost=0.00..5.46 rows=103 width=0)
	        Index Cond: ((k >= 5266144) AND (k <= 5266244))

for range-notcovered
table 1 : explain SELECT k, c FROM sbtest1 WHERE k BETWEEN 8231483 AND 8231583
	Bitmap Heap Scan on sbtest1  (cost=5.51..420.88 rows=105 width=125)
	  Recheck Cond: ((k >= 8231483) AND (k <= 8231583))
	  ->  Bitmap Index Scan on k_1  (cost=0.00..5.48 rows=105 width=0)
	        Index Cond: ((k >= 8231483) AND (k <= 8231583))

table 2 : explain SELECT k, c FROM sbtest2 WHERE k BETWEEN 8231483 AND 8231583
	Bitmap Heap Scan on sbtest2  (cost=5.47..405.13 rows=101 width=125)
	  Recheck Cond: ((k >= 8231483) AND (k <= 8231583))
	  ->  Bitmap Index Scan on k_2  (cost=0.00..5.44 rows=101 width=0)
	        Index Cond: ((k >= 8231483) AND (k <= 8231583))

table 3 : explain SELECT k, c FROM sbtest3 WHERE k BETWEEN 8231483 AND 8231583
	Bitmap Heap Scan on sbtest3  (cost=5.53..428.75 rows=107 width=125)
	  Recheck Cond: ((k >= 8231483) AND (k <= 8231583))
	  ->  Bitmap Index Scan on k_3  (cost=0.00..5.50 rows=107 width=0)
	        Index Cond: ((k >= 8231483) AND (k <= 8231583))

table 4 : explain SELECT k, c FROM sbtest4 WHERE k BETWEEN 8231483 AND 8231583
	Bitmap Heap Scan on sbtest4  (cost=5.38..369.67 rows=92 width=125)
	  Recheck Cond: ((k >= 8231483) AND (k <= 8231583))
	  ->  Bitmap Index Scan on k_4  (cost=0.00..5.35 rows=92 width=0)
	        Index Cond: ((k >= 8231483) AND (k <= 8231583))

table 5 : explain SELECT k, c FROM sbtest5 WHERE k BETWEEN 8231483 AND 8231583
	Bitmap Heap Scan on sbtest5  (cost=5.43..389.37 rows=97 width=125)
	  Recheck Cond: ((k >= 8231483) AND (k <= 8231583))
	  ->  Bitmap Index Scan on k_5  (cost=0.00..5.40 rows=97 width=0)
	        Index Cond: ((k >= 8231483) AND (k <= 8231583))

table 6 : explain SELECT k, c FROM sbtest6 WHERE k BETWEEN 8231483 AND 8231583
	Bitmap Heap Scan on sbtest6  (cost=5.50..416.94 rows=104 width=125)
	  Recheck Cond: ((k >= 8231483) AND (k <= 8231583))
	  ->  Bitmap Index Scan on k_6  (cost=0.00..5.47 rows=104 width=0)
	        Index Cond: ((k >= 8231483) AND (k <= 8231583))

table 7 : explain SELECT k, c FROM sbtest7 WHERE k BETWEEN 8231483 AND 8231583
	Bitmap Heap Scan on sbtest7  (cost=5.47..405.13 rows=101 width=125)
	  Recheck Cond: ((k >= 8231483) AND (k <= 8231583))
	  ->  Bitmap Index Scan on k_7  (cost=0.00..5.44 rows=101 width=0)
	        Index Cond: ((k >= 8231483) AND (k <= 8231583))

table 8 : explain SELECT k, c FROM sbtest8 WHERE k BETWEEN 8231483 AND 8231583
	Bitmap Heap Scan on sbtest8  (cost=5.47..405.13 rows=101 width=125)
	  Recheck Cond: ((k >= 8231483) AND (k <= 8231583))
	  ->  Bitmap Index Scan on k_8  (cost=0.00..5.44 rows=101 width=0)
	        Index Cond: ((k >= 8231483) AND (k <= 8231583))

for range-notcovered
table 1 : explain SELECT k, c FROM sbtest1 WHERE k BETWEEN 5278573 AND 5278673
	Bitmap Heap Scan on sbtest1  (cost=5.36..361.78 rows=90 width=125)
	  Recheck Cond: ((k >= 5278573) AND (k <= 5278673))
	  ->  Bitmap Index Scan on k_1  (cost=0.00..5.33 rows=90 width=0)
	        Index Cond: ((k >= 5278573) AND (k <= 5278673))

table 2 : explain SELECT k, c FROM sbtest2 WHERE k BETWEEN 5278573 AND 5278673
	Bitmap Heap Scan on sbtest2  (cost=5.51..420.88 rows=105 width=125)
	  Recheck Cond: ((k >= 5278573) AND (k <= 5278673))
	  ->  Bitmap Index Scan on k_2  (cost=0.00..5.48 rows=105 width=0)
	        Index Cond: ((k >= 5278573) AND (k <= 5278673))

table 3 : explain SELECT k, c FROM sbtest3 WHERE k BETWEEN 5278573 AND 5278673
	Bitmap Heap Scan on sbtest3  (cost=5.47..405.13 rows=101 width=125)
	  Recheck Cond: ((k >= 5278573) AND (k <= 5278673))
	  ->  Bitmap Index Scan on k_3  (cost=0.00..5.44 rows=101 width=0)
	        Index Cond: ((k >= 5278573) AND (k <= 5278673))

table 4 : explain SELECT k, c FROM sbtest4 WHERE k BETWEEN 5278573 AND 5278673
	Bitmap Heap Scan on sbtest4  (cost=5.48..409.07 rows=102 width=125)
	  Recheck Cond: ((k >= 5278573) AND (k <= 5278673))
	  ->  Bitmap Index Scan on k_4  (cost=0.00..5.45 rows=102 width=0)
	        Index Cond: ((k >= 5278573) AND (k <= 5278673))

table 5 : explain SELECT k, c FROM sbtest5 WHERE k BETWEEN 5278573 AND 5278673
	Bitmap Heap Scan on sbtest5  (cost=5.45..397.25 rows=99 width=125)
	  Recheck Cond: ((k >= 5278573) AND (k <= 5278673))
	  ->  Bitmap Index Scan on k_5  (cost=0.00..5.42 rows=99 width=0)
	        Index Cond: ((k >= 5278573) AND (k <= 5278673))

table 6 : explain SELECT k, c FROM sbtest6 WHERE k BETWEEN 5278573 AND 5278673
	Bitmap Heap Scan on sbtest6  (cost=5.47..405.13 rows=101 width=125)
	  Recheck Cond: ((k >= 5278573) AND (k <= 5278673))
	  ->  Bitmap Index Scan on k_6  (cost=0.00..5.44 rows=101 width=0)
	        Index Cond: ((k >= 5278573) AND (k <= 5278673))

table 7 : explain SELECT k, c FROM sbtest7 WHERE k BETWEEN 5278573 AND 5278673
	Bitmap Heap Scan on sbtest7  (cost=5.43..389.37 rows=97 width=125)
	  Recheck Cond: ((k >= 5278573) AND (k <= 5278673))
	  ->  Bitmap Index Scan on k_7  (cost=0.00..5.40 rows=97 width=0)
	        Index Cond: ((k >= 5278573) AND (k <= 5278673))

table 8 : explain SELECT k, c FROM sbtest8 WHERE k BETWEEN 5278573 AND 5278673
	Bitmap Heap Scan on sbtest8  (cost=5.49..413.00 rows=103 width=125)
	  Recheck Cond: ((k >= 5278573) AND (k <= 5278673))
	  ->  Bitmap Index Scan on k_8  (cost=0.00..5.46 rows=103 width=0)
	        Index Cond: ((k >= 5278573) AND (k <= 5278673))

explain: for range-notcovered :: explain SELECT k, c FROM sbtest%d WHERE k BETWEEN 5266144 AND 5266244
for range-notcovered
table 1 : explain SELECT k, c FROM sbtest1 WHERE k BETWEEN 5746554 AND 5746654
	Bitmap Heap Scan on sbtest1  (cost=5.47..405.13 rows=101 width=125)
	  Recheck Cond: ((k >= 5746554) AND (k <= 5746654))
	  ->  Bitmap Index Scan on k_1  (cost=0.00..5.44 rows=101 width=0)
	        Index Cond: ((k >= 5746554) AND (k <= 5746654))

table 2 : explain SELECT k, c FROM sbtest2 WHERE k BETWEEN 5746554 AND 5746654
	Bitmap Heap Scan on sbtest2  (cost=5.52..424.81 rows=106 width=125)
	  Recheck Cond: ((k >= 5746554) AND (k <= 5746654))
	  ->  Bitmap Index Scan on k_2  (cost=0.00..5.50 rows=106 width=0)
	        Index Cond: ((k >= 5746554) AND (k <= 5746654))

table 3 : explain SELECT k, c FROM sbtest3 WHERE k BETWEEN 5746554 AND 5746654
	Bitmap Heap Scan on sbtest3  (cost=5.46..401.19 rows=100 width=125)
	  Recheck Cond: ((k >= 5746554) AND (k <= 5746654))
	  ->  Bitmap Index Scan on k_3  (cost=0.00..5.43 rows=100 width=0)
	        Index Cond: ((k >= 5746554) AND (k <= 5746654))

table 4 : explain SELECT k, c FROM sbtest4 WHERE k BETWEEN 5746554 AND 5746654
	Bitmap Heap Scan on sbtest4  (cost=5.39..373.61 rows=93 width=125)
	  Recheck Cond: ((k >= 5746554) AND (k <= 5746654))
	  ->  Bitmap Index Scan on k_4  (cost=0.00..5.36 rows=93 width=0)
	        Index Cond: ((k >= 5746554) AND (k <= 5746654))

table 5 : explain SELECT k, c FROM sbtest5 WHERE k BETWEEN 5746554 AND 5746654
	Bitmap Heap Scan on sbtest5  (cost=5.46..401.19 rows=100 width=125)
	  Recheck Cond: ((k >= 5746554) AND (k <= 5746654))
	  ->  Bitmap Index Scan on k_5  (cost=0.00..5.43 rows=100 width=0)
	        Index Cond: ((k >= 5746554) AND (k <= 5746654))

table 6 : explain SELECT k, c FROM sbtest6 WHERE k BETWEEN 5746554 AND 5746654
	Bitmap Heap Scan on sbtest6  (cost=5.53..428.75 rows=107 width=125)
	  Recheck Cond: ((k >= 5746554) AND (k <= 5746654))
	  ->  Bitmap Index Scan on k_6  (cost=0.00..5.50 rows=107 width=0)
	        Index Cond: ((k >= 5746554) AND (k <= 5746654))

table 7 : explain SELECT k, c FROM sbtest7 WHERE k BETWEEN 5746554 AND 5746654
	Bitmap Heap Scan on sbtest7  (cost=5.51..420.88 rows=105 width=125)
	  Recheck Cond: ((k >= 5746554) AND (k <= 5746654))
	  ->  Bitmap Index Scan on k_7  (cost=0.00..5.48 rows=105 width=0)
	        Index Cond: ((k >= 5746554) AND (k <= 5746654))

table 8 : explain SELECT k, c FROM sbtest8 WHERE k BETWEEN 5746554 AND 5746654
	Bitmap Heap Scan on sbtest8  (cost=5.38..369.67 rows=92 width=125)
	  Recheck Cond: ((k >= 5746554) AND (k <= 5746654))
	  ->  Bitmap Index Scan on k_8  (cost=0.00..5.35 rows=92 width=0)
	        Index Cond: ((k >= 5746554) AND (k <= 5746654))

for range-notcovered
table 1 : explain SELECT k, c FROM sbtest1 WHERE k BETWEEN 5059745 AND 5059845
	Bitmap Heap Scan on sbtest1  (cost=5.40..377.55 rows=94 width=125)
	  Recheck Cond: ((k >= 5059745) AND (k <= 5059845))
	  ->  Bitmap Index Scan on k_1  (cost=0.00..5.38 rows=94 width=0)
	        Index Cond: ((k >= 5059745) AND (k <= 5059845))

table 2 : explain SELECT k, c FROM sbtest2 WHERE k BETWEEN 5059745 AND 5059845
	Bitmap Heap Scan on sbtest2  (cost=5.37..365.72 rows=91 width=125)
	  Recheck Cond: ((k >= 5059745) AND (k <= 5059845))
	  ->  Bitmap Index Scan on k_2  (cost=0.00..5.34 rows=91 width=0)
	        Index Cond: ((k >= 5059745) AND (k <= 5059845))

table 3 : explain SELECT k, c FROM sbtest3 WHERE k BETWEEN 5059745 AND 5059845
	Bitmap Heap Scan on sbtest3  (cost=5.56..440.56 rows=110 width=125)
	  Recheck Cond: ((k >= 5059745) AND (k <= 5059845))
	  ->  Bitmap Index Scan on k_3  (cost=0.00..5.53 rows=110 width=0)
	        Index Cond: ((k >= 5059745) AND (k <= 5059845))

table 4 : explain SELECT k, c FROM sbtest4 WHERE k BETWEEN 5059745 AND 5059845
	Bitmap Heap Scan on sbtest4  (cost=5.51..420.88 rows=105 width=125)
	  Recheck Cond: ((k >= 5059745) AND (k <= 5059845))
	  ->  Bitmap Index Scan on k_4  (cost=0.00..5.48 rows=105 width=0)
	        Index Cond: ((k >= 5059745) AND (k <= 5059845))

table 5 : explain SELECT k, c FROM sbtest5 WHERE k BETWEEN 5059745 AND 5059845
	Bitmap Heap Scan on sbtest5  (cost=5.57..444.49 rows=111 width=125)
	  Recheck Cond: ((k >= 5059745) AND (k <= 5059845))
	  ->  Bitmap Index Scan on k_5  (cost=0.00..5.54 rows=111 width=0)
	        Index Cond: ((k >= 5059745) AND (k <= 5059845))

table 6 : explain SELECT k, c FROM sbtest6 WHERE k BETWEEN 5059745 AND 5059845
	Bitmap Heap Scan on sbtest6  (cost=5.48..409.07 rows=102 width=125)
	  Recheck Cond: ((k >= 5059745) AND (k <= 5059845))
	  ->  Bitmap Index Scan on k_6  (cost=0.00..5.45 rows=102 width=0)
	        Index Cond: ((k >= 5059745) AND (k <= 5059845))

table 7 : explain SELECT k, c FROM sbtest7 WHERE k BETWEEN 5059745 AND 5059845
	Bitmap Heap Scan on sbtest7  (cost=5.52..424.81 rows=106 width=125)
	  Recheck Cond: ((k >= 5059745) AND (k <= 5059845))
	  ->  Bitmap Index Scan on k_7  (cost=0.00..5.50 rows=106 width=0)
	        Index Cond: ((k >= 5059745) AND (k <= 5059845))

table 8 : explain SELECT k, c FROM sbtest8 WHERE k BETWEEN 5059745 AND 5059845
	Bitmap Heap Scan on sbtest8  (cost=5.57..444.49 rows=111 width=125)
	  Recheck Cond: ((k >= 5059745) AND (k <= 5059845))
	  ->  Bitmap Index Scan on k_8  (cost=0.00..5.54 rows=111 width=0)
	        Index Cond: ((k >= 5059745) AND (k <= 5059845))

explain: for range-notcovered :: explain SELECT k, c FROM sbtest%d WHERE k BETWEEN 8231483 AND 8231583
explain: for range-notcovered :: explain SELECT k, c FROM sbtest%d WHERE k BETWEEN 5278573 AND 5278673
explain: for range-notcovered :: explain SELECT k, c FROM sbtest%d WHERE k BETWEEN 5746554 AND 5746654
explain: for range-notcovered :: explain SELECT k, c FROM sbtest%d WHERE k BETWEEN 5059745 AND 5059845
for range-notcovered
table 1 : explain SELECT k, c FROM sbtest1 WHERE k BETWEEN 2483849 AND 2483949
	Bitmap Heap Scan on sbtest1  (cost=5.50..416.94 rows=104 width=125)
	  Recheck Cond: ((k >= 2483849) AND (k <= 2483949))
	  ->  Bitmap Index Scan on k_1  (cost=0.00..5.47 rows=104 width=0)
	        Index Cond: ((k >= 2483849) AND (k <= 2483949))

table 2 : explain SELECT k, c FROM sbtest2 WHERE k BETWEEN 2483849 AND 2483949
	Bitmap Heap Scan on sbtest2  (cost=5.46..401.19 rows=100 width=125)
	  Recheck Cond: ((k >= 2483849) AND (k <= 2483949))
	  ->  Bitmap Index Scan on k_2  (cost=0.00..5.43 rows=100 width=0)
	        Index Cond: ((k >= 2483849) AND (k <= 2483949))

table 3 : explain SELECT k, c FROM sbtest3 WHERE k BETWEEN 2483849 AND 2483949
	Bitmap Heap Scan on sbtest3  (cost=5.49..413.00 rows=103 width=125)
	  Recheck Cond: ((k >= 2483849) AND (k <= 2483949))
	  ->  Bitmap Index Scan on k_3  (cost=0.00..5.46 rows=103 width=0)
	        Index Cond: ((k >= 2483849) AND (k <= 2483949))

table 4 : explain SELECT k, c FROM sbtest4 WHERE k BETWEEN 2483849 AND 2483949
	Bitmap Heap Scan on sbtest4  (cost=5.55..436.62 rows=109 width=125)
	  Recheck Cond: ((k >= 2483849) AND (k <= 2483949))
	  ->  Bitmap Index Scan on k_4  (cost=0.00..5.52 rows=109 width=0)
	        Index Cond: ((k >= 2483849) AND (k <= 2483949))

table 5 : explain SELECT k, c FROM sbtest5 WHERE k BETWEEN 2483849 AND 2483949
	Bitmap Heap Scan on sbtest5  (cost=5.67..479.88 rows=120 width=125)
	  Recheck Cond: ((k >= 2483849) AND (k <= 2483949))
	  ->  Bitmap Index Scan on k_5  (cost=0.00..5.63 rows=120 width=0)
	        Index Cond: ((k >= 2483849) AND (k <= 2483949))

table 6 : explain SELECT k, c FROM sbtest6 WHERE k BETWEEN 2483849 AND 2483949
	Bitmap Heap Scan on sbtest6  (cost=5.46..401.19 rows=100 width=125)
	  Recheck Cond: ((k >= 2483849) AND (k <= 2483949))
	  ->  Bitmap Index Scan on k_6  (cost=0.00..5.43 rows=100 width=0)
	        Index Cond: ((k >= 2483849) AND (k <= 2483949))

table 7 : explain SELECT k, c FROM sbtest7 WHERE k BETWEEN 2483849 AND 2483949
	Bitmap Heap Scan on sbtest7  (cost=5.53..428.75 rows=107 width=125)
	  Recheck Cond: ((k >= 2483849) AND (k <= 2483949))
	  ->  Bitmap Index Scan on k_7  (cost=0.00..5.50 rows=107 width=0)
	        Index Cond: ((k >= 2483849) AND (k <= 2483949))

table 8 : explain SELECT k, c FROM sbtest8 WHERE k BETWEEN 2483849 AND 2483949
	Bitmap Heap Scan on sbtest8  (cost=5.48..409.07 rows=102 width=125)
	  Recheck Cond: ((k >= 2483849) AND (k <= 2483949))
	  ->  Bitmap Index Scan on k_8  (cost=0.00..5.45 rows=102 width=0)
	        Index Cond: ((k >= 2483849) AND (k <= 2483949))

for range-notcovered
table 1 : explain SELECT k, c FROM sbtest1 WHERE k BETWEEN 7541878 AND 7541978
	Bitmap Heap Scan on sbtest1  (cost=5.44..393.31 rows=98 width=125)
	  Recheck Cond: ((k >= 7541878) AND (k <= 7541978))
	  ->  Bitmap Index Scan on k_1  (cost=0.00..5.42 rows=98 width=0)
	        Index Cond: ((k >= 7541878) AND (k <= 7541978))

table 2 : explain SELECT k, c FROM sbtest2 WHERE k BETWEEN 7541878 AND 7541978
	Bitmap Heap Scan on sbtest2  (cost=5.46..401.19 rows=100 width=125)
	  Recheck Cond: ((k >= 7541878) AND (k <= 7541978))
	  ->  Bitmap Index Scan on k_2  (cost=0.00..5.43 rows=100 width=0)
	        Index Cond: ((k >= 7541878) AND (k <= 7541978))

table 3 : explain SELECT k, c FROM sbtest3 WHERE k BETWEEN 7541878 AND 7541978
	Bitmap Heap Scan on sbtest3  (cost=5.44..393.31 rows=98 width=125)
	  Recheck Cond: ((k >= 7541878) AND (k <= 7541978))
	  ->  Bitmap Index Scan on k_3  (cost=0.00..5.42 rows=98 width=0)
	        Index Cond: ((k >= 7541878) AND (k <= 7541978))

table 4 : explain SELECT k, c FROM sbtest4 WHERE k BETWEEN 7541878 AND 7541978
	Bitmap Heap Scan on sbtest4  (cost=5.49..413.00 rows=103 width=125)
	  Recheck Cond: ((k >= 7541878) AND (k <= 7541978))
	  ->  Bitmap Index Scan on k_4  (cost=0.00..5.46 rows=103 width=0)
	        Index Cond: ((k >= 7541878) AND (k <= 7541978))

table 5 : explain SELECT k, c FROM sbtest5 WHERE k BETWEEN 7541878 AND 7541978
	Bitmap Heap Scan on sbtest5  (cost=5.53..428.75 rows=107 width=125)
	  Recheck Cond: ((k >= 7541878) AND (k <= 7541978))
	  ->  Bitmap Index Scan on k_5  (cost=0.00..5.50 rows=107 width=0)
	        Index Cond: ((k >= 7541878) AND (k <= 7541978))

table 6 : explain SELECT k, c FROM sbtest6 WHERE k BETWEEN 7541878 AND 7541978
	Bitmap Heap Scan on sbtest6  (cost=5.53..428.75 rows=107 width=125)
	  Recheck Cond: ((k >= 7541878) AND (k <= 7541978))
	  ->  Bitmap Index Scan on k_6  (cost=0.00..5.50 rows=107 width=0)
	        Index Cond: ((k >= 7541878) AND (k <= 7541978))

table 7 : explain SELECT k, c FROM sbtest7 WHERE k BETWEEN 7541878 AND 7541978
	Bitmap Heap Scan on sbtest7  (cost=5.43..389.37 rows=97 width=125)
	  Recheck Cond: ((k >= 7541878) AND (k <= 7541978))
	  ->  Bitmap Index Scan on k_7  (cost=0.00..5.40 rows=97 width=0)
	        Index Cond: ((k >= 7541878) AND (k <= 7541978))

table 8 : explain SELECT k, c FROM sbtest8 WHERE k BETWEEN 7541878 AND 7541978
	Bitmap Heap Scan on sbtest8  (cost=5.45..397.25 rows=99 width=125)
	  Recheck Cond: ((k >= 7541878) AND (k <= 7541978))
	  ->  Bitmap Index Scan on k_8  (cost=0.00..5.42 rows=99 width=0)
	        Index Cond: ((k >= 7541878) AND (k <= 7541978))

explain: for range-notcovered :: explain SELECT k, c FROM sbtest%d WHERE k BETWEEN 7541878 AND 7541978
for range-notcovered
table 1 : explain SELECT k, c FROM sbtest1 WHERE k BETWEEN 6136721 AND 6136821
	Bitmap Heap Scan on sbtest1  (cost=5.62..464.15 rows=116 width=125)
	  Recheck Cond: ((k >= 6136721) AND (k <= 6136821))
	  ->  Bitmap Index Scan on k_1  (cost=0.00..5.59 rows=116 width=0)
	        Index Cond: ((k >= 6136721) AND (k <= 6136821))

table 2 : explain SELECT k, c FROM sbtest2 WHERE k BETWEEN 6136721 AND 6136821
	Bitmap Heap Scan on sbtest2  (cost=5.52..424.81 rows=106 width=125)
	  Recheck Cond: ((k >= 6136721) AND (k <= 6136821))
	  ->  Bitmap Index Scan on k_2  (cost=0.00..5.50 rows=106 width=0)
	        Index Cond: ((k >= 6136721) AND (k <= 6136821))

table 3 : explain SELECT k, c FROM sbtest3 WHERE k BETWEEN 6136721 AND 6136821
	Bitmap Heap Scan on sbtest3  (cost=5.55..436.62 rows=109 width=125)
	  Recheck Cond: ((k >= 6136721) AND (k <= 6136821))
	  ->  Bitmap Index Scan on k_3  (cost=0.00..5.52 rows=109 width=0)
	        Index Cond: ((k >= 6136721) AND (k <= 6136821))

table 4 : explain SELECT k, c FROM sbtest4 WHERE k BETWEEN 6136721 AND 6136821
	Bitmap Heap Scan on sbtest4  (cost=5.45..397.25 rows=99 width=125)
	  Recheck Cond: ((k >= 6136721) AND (k <= 6136821))
	  ->  Bitmap Index Scan on k_4  (cost=0.00..5.42 rows=99 width=0)
	        Index Cond: ((k >= 6136721) AND (k <= 6136821))

table 5 : explain SELECT k, c FROM sbtest5 WHERE k BETWEEN 6136721 AND 6136821
	Bitmap Heap Scan on sbtest5  (cost=5.53..428.75 rows=107 width=125)
	  Recheck Cond: ((k >= 6136721) AND (k <= 6136821))
	  ->  Bitmap Index Scan on k_5  (cost=0.00..5.50 rows=107 width=0)
	        Index Cond: ((k >= 6136721) AND (k <= 6136821))

table 6 : explain SELECT k, c FROM sbtest6 WHERE k BETWEEN 6136721 AND 6136821
	Bitmap Heap Scan on sbtest6  (cost=5.49..413.00 rows=103 width=125)
	  Recheck Cond: ((k >= 6136721) AND (k <= 6136821))
	  ->  Bitmap Index Scan on k_6  (cost=0.00..5.46 rows=103 width=0)
	        Index Cond: ((k >= 6136721) AND (k <= 6136821))

table 7 : explain SELECT k, c FROM sbtest7 WHERE k BETWEEN 6136721 AND 6136821
	Bitmap Heap Scan on sbtest7  (cost=5.48..409.07 rows=102 width=125)
	  Recheck Cond: ((k >= 6136721) AND (k <= 6136821))
	  ->  Bitmap Index Scan on k_7  (cost=0.00..5.45 rows=102 width=0)
	        Index Cond: ((k >= 6136721) AND (k <= 6136821))

table 8 : explain SELECT k, c FROM sbtest8 WHERE k BETWEEN 6136721 AND 6136821
	Bitmap Heap Scan on sbtest8  (cost=5.46..401.19 rows=100 width=125)
	  Recheck Cond: ((k >= 6136721) AND (k <= 6136821))
	  ->  Bitmap Index Scan on k_8  (cost=0.00..5.43 rows=100 width=0)
	        Index Cond: ((k >= 6136721) AND (k <= 6136821))

explain: for range-notcovered :: explain SELECT k, c FROM sbtest%d WHERE k BETWEEN 6136721 AND 6136821
for range-notcovered
table 1 : explain SELECT k, c FROM sbtest1 WHERE k BETWEEN 6569738 AND 6569838
	Bitmap Heap Scan on sbtest1  (cost=5.48..409.07 rows=102 width=125)
	  Recheck Cond: ((k >= 6569738) AND (k <= 6569838))
	  ->  Bitmap Index Scan on k_1  (cost=0.00..5.45 rows=102 width=0)
	        Index Cond: ((k >= 6569738) AND (k <= 6569838))

table 2 : explain SELECT k, c FROM sbtest2 WHERE k BETWEEN 6569738 AND 6569838
	Bitmap Heap Scan on sbtest2  (cost=5.41..381.49 rows=95 width=125)
	  Recheck Cond: ((k >= 6569738) AND (k <= 6569838))
	  ->  Bitmap Index Scan on k_2  (cost=0.00..5.38 rows=95 width=0)
	        Index Cond: ((k >= 6569738) AND (k <= 6569838))

table 3 : explain SELECT k, c FROM sbtest3 WHERE k BETWEEN 6569738 AND 6569838
	Bitmap Heap Scan on sbtest3  (cost=5.51..420.88 rows=105 width=125)
	  Recheck Cond: ((k >= 6569738) AND (k <= 6569838))
	  ->  Bitmap Index Scan on k_3  (cost=0.00..5.48 rows=105 width=0)
	        Index Cond: ((k >= 6569738) AND (k <= 6569838))

table 4 : explain SELECT k, c FROM sbtest4 WHERE k BETWEEN 6569738 AND 6569838
	Bitmap Heap Scan on sbtest4  (cost=5.39..373.61 rows=93 width=125)
	  Recheck Cond: ((k >= 6569738) AND (k <= 6569838))
	  ->  Bitmap Index Scan on k_4  (cost=0.00..5.36 rows=93 width=0)
	        Index Cond: ((k >= 6569738) AND (k <= 6569838))

table 5 : explain SELECT k, c FROM sbtest5 WHERE k BETWEEN 6569738 AND 6569838
	Bitmap Heap Scan on sbtest5  (cost=5.48..409.07 rows=102 width=125)
	  Recheck Cond: ((k >= 6569738) AND (k <= 6569838))
	  ->  Bitmap Index Scan on k_5  (cost=0.00..5.45 rows=102 width=0)
	        Index Cond: ((k >= 6569738) AND (k <= 6569838))

table 6 : explain SELECT k, c FROM sbtest6 WHERE k BETWEEN 6569738 AND 6569838
	Bitmap Heap Scan on sbtest6  (cost=5.37..365.72 rows=91 width=125)
	  Recheck Cond: ((k >= 6569738) AND (k <= 6569838))
	  ->  Bitmap Index Scan on k_6  (cost=0.00..5.34 rows=91 width=0)
	        Index Cond: ((k >= 6569738) AND (k <= 6569838))

table 7 : explain SELECT k, c FROM sbtest7 WHERE k BETWEEN 6569738 AND 6569838
	Bitmap Heap Scan on sbtest7  (cost=5.46..401.19 rows=100 width=125)
	  Recheck Cond: ((k >= 6569738) AND (k <= 6569838))
	  ->  Bitmap Index Scan on k_7  (cost=0.00..5.43 rows=100 width=0)
	        Index Cond: ((k >= 6569738) AND (k <= 6569838))

table 8 : explain SELECT k, c FROM sbtest8 WHERE k BETWEEN 6569738 AND 6569838
	Bitmap Heap Scan on sbtest8  (cost=5.46..401.19 rows=100 width=125)
	  Recheck Cond: ((k >= 6569738) AND (k <= 6569838))
	  ->  Bitmap Index Scan on k_8  (cost=0.00..5.43 rows=100 width=0)
	        Index Cond: ((k >= 6569738) AND (k <= 6569838))

explain: for range-notcovered :: explain SELECT k, c FROM sbtest%d WHERE k BETWEEN 6569738 AND 6569838
for range-notcovered
table 1 : explain SELECT k, c FROM sbtest1 WHERE k BETWEEN 8231483 AND 8231583
	Bitmap Heap Scan on sbtest1  (cost=5.51..420.88 rows=105 width=125)
	  Recheck Cond: ((k >= 8231483) AND (k <= 8231583))
	  ->  Bitmap Index Scan on k_1  (cost=0.00..5.48 rows=105 width=0)
	        Index Cond: ((k >= 8231483) AND (k <= 8231583))

table 2 : explain SELECT k, c FROM sbtest2 WHERE k BETWEEN 8231483 AND 8231583
	Bitmap Heap Scan on sbtest2  (cost=5.47..405.13 rows=101 width=125)
	  Recheck Cond: ((k >= 8231483) AND (k <= 8231583))
	  ->  Bitmap Index Scan on k_2  (cost=0.00..5.44 rows=101 width=0)
	        Index Cond: ((k >= 8231483) AND (k <= 8231583))

table 3 : explain SELECT k, c FROM sbtest3 WHERE k BETWEEN 8231483 AND 8231583
	Bitmap Heap Scan on sbtest3  (cost=5.53..428.75 rows=107 width=125)
	  Recheck Cond: ((k >= 8231483) AND (k <= 8231583))
	  ->  Bitmap Index Scan on k_3  (cost=0.00..5.50 rows=107 width=0)
	        Index Cond: ((k >= 8231483) AND (k <= 8231583))

table 4 : explain SELECT k, c FROM sbtest4 WHERE k BETWEEN 8231483 AND 8231583
	Bitmap Heap Scan on sbtest4  (cost=5.38..369.67 rows=92 width=125)
	  Recheck Cond: ((k >= 8231483) AND (k <= 8231583))
	  ->  Bitmap Index Scan on k_4  (cost=0.00..5.35 rows=92 width=0)
	        Index Cond: ((k >= 8231483) AND (k <= 8231583))

table 5 : explain SELECT k, c FROM sbtest5 WHERE k BETWEEN 8231483 AND 8231583
	Bitmap Heap Scan on sbtest5  (cost=5.43..389.37 rows=97 width=125)
	  Recheck Cond: ((k >= 8231483) AND (k <= 8231583))
	  ->  Bitmap Index Scan on k_5  (cost=0.00..5.40 rows=97 width=0)
	        Index Cond: ((k >= 8231483) AND (k <= 8231583))

table 6 : explain SELECT k, c FROM sbtest6 WHERE k BETWEEN 8231483 AND 8231583
	Bitmap Heap Scan on sbtest6  (cost=5.50..416.94 rows=104 width=125)
	  Recheck Cond: ((k >= 8231483) AND (k <= 8231583))
	  ->  Bitmap Index Scan on k_6  (cost=0.00..5.47 rows=104 width=0)
	        Index Cond: ((k >= 8231483) AND (k <= 8231583))

table 7 : explain SELECT k, c FROM sbtest7 WHERE k BETWEEN 8231483 AND 8231583
	Bitmap Heap Scan on sbtest7  (cost=5.47..405.13 rows=101 width=125)
	  Recheck Cond: ((k >= 8231483) AND (k <= 8231583))
	  ->  Bitmap Index Scan on k_7  (cost=0.00..5.44 rows=101 width=0)
	        Index Cond: ((k >= 8231483) AND (k <= 8231583))

table 8 : explain SELECT k, c FROM sbtest8 WHERE k BETWEEN 8231483 AND 8231583
	Bitmap Heap Scan on sbtest8  (cost=5.47..405.13 rows=101 width=125)
	  Recheck Cond: ((k >= 8231483) AND (k <= 8231583))
	  ->  Bitmap Index Scan on k_8  (cost=0.00..5.44 rows=101 width=0)
	        Index Cond: ((k >= 8231483) AND (k <= 8231583))

for range-notcovered
table 1 : explain SELECT k, c FROM sbtest1 WHERE k BETWEEN 5266144 AND 5266244
	Bitmap Heap Scan on sbtest1  (cost=5.36..361.78 rows=90 width=125)
	  Recheck Cond: ((k >= 5266144) AND (k <= 5266244))
	  ->  Bitmap Index Scan on k_1  (cost=0.00..5.33 rows=90 width=0)
	        Index Cond: ((k >= 5266144) AND (k <= 5266244))

table 2 : explain SELECT k, c FROM sbtest2 WHERE k BETWEEN 5266144 AND 5266244
	Bitmap Heap Scan on sbtest2  (cost=5.51..420.88 rows=105 width=125)
	  Recheck Cond: ((k >= 5266144) AND (k <= 5266244))
	  ->  Bitmap Index Scan on k_2  (cost=0.00..5.48 rows=105 width=0)
	        Index Cond: ((k >= 5266144) AND (k <= 5266244))

table 3 : explain SELECT k, c FROM sbtest3 WHERE k BETWEEN 5266144 AND 5266244
	Bitmap Heap Scan on sbtest3  (cost=5.47..405.13 rows=101 width=125)
	  Recheck Cond: ((k >= 5266144) AND (k <= 5266244))
	  ->  Bitmap Index Scan on k_3  (cost=0.00..5.44 rows=101 width=0)
	        Index Cond: ((k >= 5266144) AND (k <= 5266244))

table 4 : explain SELECT k, c FROM sbtest4 WHERE k BETWEEN 5266144 AND 5266244
	Bitmap Heap Scan on sbtest4  (cost=5.48..409.07 rows=102 width=125)
	  Recheck Cond: ((k >= 5266144) AND (k <= 5266244))
	  ->  Bitmap Index Scan on k_4  (cost=0.00..5.45 rows=102 width=0)
	        Index Cond: ((k >= 5266144) AND (k <= 5266244))

table 5 : explain SELECT k, c FROM sbtest5 WHERE k BETWEEN 5266144 AND 5266244
	Bitmap Heap Scan on sbtest5  (cost=5.46..401.19 rows=100 width=125)
	  Recheck Cond: ((k >= 5266144) AND (k <= 5266244))
	  ->  Bitmap Index Scan on k_5  (cost=0.00..5.43 rows=100 width=0)
	        Index Cond: ((k >= 5266144) AND (k <= 5266244))

table 6 : explain SELECT k, c FROM sbtest6 WHERE k BETWEEN 5266144 AND 5266244
	Bitmap Heap Scan on sbtest6  (cost=5.47..405.13 rows=101 width=125)
	  Recheck Cond: ((k >= 5266144) AND (k <= 5266244))
	  ->  Bitmap Index Scan on k_6  (cost=0.00..5.44 rows=101 width=0)
	        Index Cond: ((k >= 5266144) AND (k <= 5266244))

table 7 : explain SELECT k, c FROM sbtest7 WHERE k BETWEEN 5266144 AND 5266244
	Bitmap Heap Scan on sbtest7  (cost=5.47..405.13 rows=101 width=125)
	  Recheck Cond: ((k >= 5266144) AND (k <= 5266244))
	  ->  Bitmap Index Scan on k_7  (cost=0.00..5.44 rows=101 width=0)
	        Index Cond: ((k >= 5266144) AND (k <= 5266244))

table 8 : explain SELECT k, c FROM sbtest8 WHERE k BETWEEN 5266144 AND 5266244
	Bitmap Heap Scan on sbtest8  (cost=5.49..413.00 rows=103 width=125)
	  Recheck Cond: ((k >= 5266144) AND (k <= 5266244))
	  ->  Bitmap Index Scan on k_8  (cost=0.00..5.46 rows=103 width=0)
	        Index Cond: ((k >= 5266144) AND (k <= 5266244))

for range-notcovered
table 1 : explain SELECT k, c FROM sbtest1 WHERE k BETWEEN 5746554 AND 5746654
	Bitmap Heap Scan on sbtest1  (cost=5.47..405.13 rows=101 width=125)
	  Recheck Cond: ((k >= 5746554) AND (k <= 5746654))
	  ->  Bitmap Index Scan on k_1  (cost=0.00..5.44 rows=101 width=0)
	        Index Cond: ((k >= 5746554) AND (k <= 5746654))

table 2 : explain SELECT k, c FROM sbtest2 WHERE k BETWEEN 5746554 AND 5746654
	Bitmap Heap Scan on sbtest2  (cost=5.52..424.81 rows=106 width=125)
	  Recheck Cond: ((k >= 5746554) AND (k <= 5746654))
	  ->  Bitmap Index Scan on k_2  (cost=0.00..5.50 rows=106 width=0)
	        Index Cond: ((k >= 5746554) AND (k <= 5746654))

table 3 : explain SELECT k, c FROM sbtest3 WHERE k BETWEEN 5746554 AND 5746654
	Bitmap Heap Scan on sbtest3  (cost=5.46..401.19 rows=100 width=125)
	  Recheck Cond: ((k >= 5746554) AND (k <= 5746654))
	  ->  Bitmap Index Scan on k_3  (cost=0.00..5.43 rows=100 width=0)
	        Index Cond: ((k >= 5746554) AND (k <= 5746654))

table 4 : explain SELECT k, c FROM sbtest4 WHERE k BETWEEN 5746554 AND 5746654
	Bitmap Heap Scan on sbtest4  (cost=5.39..373.61 rows=93 width=125)
	  Recheck Cond: ((k >= 5746554) AND (k <= 5746654))
	  ->  Bitmap Index Scan on k_4  (cost=0.00..5.36 rows=93 width=0)
	        Index Cond: ((k >= 5746554) AND (k <= 5746654))

table 5 : explain SELECT k, c FROM sbtest5 WHERE k BETWEEN 5746554 AND 5746654
	Bitmap Heap Scan on sbtest5  (cost=5.46..401.19 rows=100 width=125)
	  Recheck Cond: ((k >= 5746554) AND (k <= 5746654))
	  ->  Bitmap Index Scan on k_5  (cost=0.00..5.43 rows=100 width=0)
	        Index Cond: ((k >= 5746554) AND (k <= 5746654))

table 6 : explain SELECT k, c FROM sbtest6 WHERE k BETWEEN 5746554 AND 5746654
	Bitmap Heap Scan on sbtest6  (cost=5.53..428.75 rows=107 width=125)
	  Recheck Cond: ((k >= 5746554) AND (k <= 5746654))
	  ->  Bitmap Index Scan on k_6  (cost=0.00..5.50 rows=107 width=0)
	        Index Cond: ((k >= 5746554) AND (k <= 5746654))

table 7 : explain SELECT k, c FROM sbtest7 WHERE k BETWEEN 5746554 AND 5746654
	Bitmap Heap Scan on sbtest7  (cost=5.51..420.88 rows=105 width=125)
	  Recheck Cond: ((k >= 5746554) AND (k <= 5746654))
	  ->  Bitmap Index Scan on k_7  (cost=0.00..5.48 rows=105 width=0)
	        Index Cond: ((k >= 5746554) AND (k <= 5746654))

table 8 : explain SELECT k, c FROM sbtest8 WHERE k BETWEEN 5746554 AND 5746654
	Bitmap Heap Scan on sbtest8  (cost=5.38..369.67 rows=92 width=125)
	  Recheck Cond: ((k >= 5746554) AND (k <= 5746654))
	  ->  Bitmap Index Scan on k_8  (cost=0.00..5.35 rows=92 width=0)
	        Index Cond: ((k >= 5746554) AND (k <= 5746654))

for range-notcovered
table 1 : explain SELECT k, c FROM sbtest1 WHERE k BETWEEN 7471480 AND 7471580
	Bitmap Heap Scan on sbtest1  (cost=5.37..365.72 rows=91 width=125)
	  Recheck Cond: ((k >= 7471480) AND (k <= 7471580))
	  ->  Bitmap Index Scan on k_1  (cost=0.00..5.34 rows=91 width=0)
	        Index Cond: ((k >= 7471480) AND (k <= 7471580))

table 2 : explain SELECT k, c FROM sbtest2 WHERE k BETWEEN 7471480 AND 7471580
	Bitmap Heap Scan on sbtest2  (cost=5.46..401.19 rows=100 width=125)
	  Recheck Cond: ((k >= 7471480) AND (k <= 7471580))
	  ->  Bitmap Index Scan on k_2  (cost=0.00..5.43 rows=100 width=0)
	        Index Cond: ((k >= 7471480) AND (k <= 7471580))

table 3 : explain SELECT k, c FROM sbtest3 WHERE k BETWEEN 7471480 AND 7471580
	Bitmap Heap Scan on sbtest3  (cost=5.52..424.81 rows=106 width=125)
	  Recheck Cond: ((k >= 7471480) AND (k <= 7471580))
	  ->  Bitmap Index Scan on k_3  (cost=0.00..5.50 rows=106 width=0)
	        Index Cond: ((k >= 7471480) AND (k <= 7471580))

table 4 : explain SELECT k, c FROM sbtest4 WHERE k BETWEEN 7471480 AND 7471580
	Bitmap Heap Scan on sbtest4  (cost=5.39..373.61 rows=93 width=125)
	  Recheck Cond: ((k >= 7471480) AND (k <= 7471580))
	  ->  Bitmap Index Scan on k_4  (cost=0.00..5.36 rows=93 width=0)
	        Index Cond: ((k >= 7471480) AND (k <= 7471580))

table 5 : explain SELECT k, c FROM sbtest5 WHERE k BETWEEN 7471480 AND 7471580
	Bitmap Heap Scan on sbtest5  (cost=5.50..416.94 rows=104 width=125)
	  Recheck Cond: ((k >= 7471480) AND (k <= 7471580))
	  ->  Bitmap Index Scan on k_5  (cost=0.00..5.47 rows=104 width=0)
	        Index Cond: ((k >= 7471480) AND (k <= 7471580))

table 6 : explain SELECT k, c FROM sbtest6 WHERE k BETWEEN 7471480 AND 7471580
	Bitmap Heap Scan on sbtest6  (cost=5.49..413.00 rows=103 width=125)
	  Recheck Cond: ((k >= 7471480) AND (k <= 7471580))
	  ->  Bitmap Index Scan on k_6  (cost=0.00..5.46 rows=103 width=0)
	        Index Cond: ((k >= 7471480) AND (k <= 7471580))

table 7 : explain SELECT k, c FROM sbtest7 WHERE k BETWEEN 7471480 AND 7471580
	Bitmap Heap Scan on sbtest7  (cost=5.53..428.75 rows=107 width=125)
	  Recheck Cond: ((k >= 7471480) AND (k <= 7471580))
	  ->  Bitmap Index Scan on k_7  (cost=0.00..5.50 rows=107 width=0)
	        Index Cond: ((k >= 7471480) AND (k <= 7471580))

table 8 : explain SELECT k, c FROM sbtest8 WHERE k BETWEEN 7471480 AND 7471580
	Bitmap Heap Scan on sbtest8  (cost=5.56..440.56 rows=110 width=125)
	  Recheck Cond: ((k >= 7471480) AND (k <= 7471580))
	  ->  Bitmap Index Scan on k_8  (cost=0.00..5.53 rows=110 width=0)
	        Index Cond: ((k >= 7471480) AND (k <= 7471580))

explain: for range-notcovered :: explain SELECT k, c FROM sbtest%d WHERE k BETWEEN 8231483 AND 8231583
for range-notcovered
table 1 : explain SELECT k, c FROM sbtest1 WHERE k BETWEEN 5278573 AND 5278673
	Bitmap Heap Scan on sbtest1  (cost=5.36..361.78 rows=90 width=125)
	  Recheck Cond: ((k >= 5278573) AND (k <= 5278673))
	  ->  Bitmap Index Scan on k_1  (cost=0.00..5.33 rows=90 width=0)
	        Index Cond: ((k >= 5278573) AND (k <= 5278673))

table 2 : explain SELECT k, c FROM sbtest2 WHERE k BETWEEN 5278573 AND 5278673
	Bitmap Heap Scan on sbtest2  (cost=5.51..420.88 rows=105 width=125)
	  Recheck Cond: ((k >= 5278573) AND (k <= 5278673))
	  ->  Bitmap Index Scan on k_2  (cost=0.00..5.48 rows=105 width=0)
	        Index Cond: ((k >= 5278573) AND (k <= 5278673))

table 3 : explain SELECT k, c FROM sbtest3 WHERE k BETWEEN 5278573 AND 5278673
	Bitmap Heap Scan on sbtest3  (cost=5.47..405.13 rows=101 width=125)
	  Recheck Cond: ((k >= 5278573) AND (k <= 5278673))
	  ->  Bitmap Index Scan on k_3  (cost=0.00..5.44 rows=101 width=0)
	        Index Cond: ((k >= 5278573) AND (k <= 5278673))

table 4 : explain SELECT k, c FROM sbtest4 WHERE k BETWEEN 5278573 AND 5278673
	Bitmap Heap Scan on sbtest4  (cost=5.48..409.07 rows=102 width=125)
	  Recheck Cond: ((k >= 5278573) AND (k <= 5278673))
	  ->  Bitmap Index Scan on k_4  (cost=0.00..5.45 rows=102 width=0)
	        Index Cond: ((k >= 5278573) AND (k <= 5278673))

table 5 : explain SELECT k, c FROM sbtest5 WHERE k BETWEEN 5278573 AND 5278673
	Bitmap Heap Scan on sbtest5  (cost=5.45..397.25 rows=99 width=125)
	  Recheck Cond: ((k >= 5278573) AND (k <= 5278673))
	  ->  Bitmap Index Scan on k_5  (cost=0.00..5.42 rows=99 width=0)
	        Index Cond: ((k >= 5278573) AND (k <= 5278673))

table 6 : explain SELECT k, c FROM sbtest6 WHERE k BETWEEN 5278573 AND 5278673
	Bitmap Heap Scan on sbtest6  (cost=5.47..405.13 rows=101 width=125)
	  Recheck Cond: ((k >= 5278573) AND (k <= 5278673))
	  ->  Bitmap Index Scan on k_6  (cost=0.00..5.44 rows=101 width=0)
	        Index Cond: ((k >= 5278573) AND (k <= 5278673))

table 7 : explain SELECT k, c FROM sbtest7 WHERE k BETWEEN 5278573 AND 5278673
	Bitmap Heap Scan on sbtest7  (cost=5.43..389.37 rows=97 width=125)
	  Recheck Cond: ((k >= 5278573) AND (k <= 5278673))
	  ->  Bitmap Index Scan on k_7  (cost=0.00..5.40 rows=97 width=0)
	        Index Cond: ((k >= 5278573) AND (k <= 5278673))

table 8 : explain SELECT k, c FROM sbtest8 WHERE k BETWEEN 5278573 AND 5278673
	Bitmap Heap Scan on sbtest8  (cost=5.49..413.00 rows=103 width=125)
	  Recheck Cond: ((k >= 5278573) AND (k <= 5278673))
	  ->  Bitmap Index Scan on k_8  (cost=0.00..5.46 rows=103 width=0)
	        Index Cond: ((k >= 5278573) AND (k <= 5278673))

explain: for range-notcovered :: explain SELECT k, c FROM sbtest%d WHERE k BETWEEN 5266144 AND 5266244
for range-notcovered
table 1 : explain SELECT k, c FROM sbtest1 WHERE k BETWEEN 5059745 AND 5059845
	Bitmap Heap Scan on sbtest1  (cost=5.40..377.55 rows=94 width=125)
	  Recheck Cond: ((k >= 5059745) AND (k <= 5059845))
	  ->  Bitmap Index Scan on k_1  (cost=0.00..5.38 rows=94 width=0)
	        Index Cond: ((k >= 5059745) AND (k <= 5059845))

table 2 : explain SELECT k, c FROM sbtest2 WHERE k BETWEEN 5059745 AND 5059845
	Bitmap Heap Scan on sbtest2  (cost=5.37..365.72 rows=91 width=125)
	  Recheck Cond: ((k >= 5059745) AND (k <= 5059845))
	  ->  Bitmap Index Scan on k_2  (cost=0.00..5.34 rows=91 width=0)
	        Index Cond: ((k >= 5059745) AND (k <= 5059845))

table 3 : explain SELECT k, c FROM sbtest3 WHERE k BETWEEN 5059745 AND 5059845
	Bitmap Heap Scan on sbtest3  (cost=5.56..440.56 rows=110 width=125)
	  Recheck Cond: ((k >= 5059745) AND (k <= 5059845))
	  ->  Bitmap Index Scan on k_3  (cost=0.00..5.53 rows=110 width=0)
	        Index Cond: ((k >= 5059745) AND (k <= 5059845))

table 4 : explain SELECT k, c FROM sbtest4 WHERE k BETWEEN 5059745 AND 5059845
	Bitmap Heap Scan on sbtest4  (cost=5.51..420.88 rows=105 width=125)
	  Recheck Cond: ((k >= 5059745) AND (k <= 5059845))
	  ->  Bitmap Index Scan on k_4  (cost=0.00..5.48 rows=105 width=0)
	        Index Cond: ((k >= 5059745) AND (k <= 5059845))

table 5 : explain SELECT k, c FROM sbtest5 WHERE k BETWEEN 5059745 AND 5059845
	Bitmap Heap Scan on sbtest5  (cost=5.57..444.49 rows=111 width=125)
	  Recheck Cond: ((k >= 5059745) AND (k <= 5059845))
	  ->  Bitmap Index Scan on k_5  (cost=0.00..5.54 rows=111 width=0)
	        Index Cond: ((k >= 5059745) AND (k <= 5059845))

table 6 : explain SELECT k, c FROM sbtest6 WHERE k BETWEEN 5059745 AND 5059845
	Bitmap Heap Scan on sbtest6  (cost=5.48..409.07 rows=102 width=125)
	  Recheck Cond: ((k >= 5059745) AND (k <= 5059845))
	  ->  Bitmap Index Scan on k_6  (cost=0.00..5.45 rows=102 width=0)
	        Index Cond: ((k >= 5059745) AND (k <= 5059845))

table 7 : explain SELECT k, c FROM sbtest7 WHERE k BETWEEN 5059745 AND 5059845
	Bitmap Heap Scan on sbtest7  (cost=5.52..424.81 rows=106 width=125)
	  Recheck Cond: ((k >= 5059745) AND (k <= 5059845))
	  ->  Bitmap Index Scan on k_7  (cost=0.00..5.50 rows=106 width=0)
	        Index Cond: ((k >= 5059745) AND (k <= 5059845))

table 8 : explain SELECT k, c FROM sbtest8 WHERE k BETWEEN 5059745 AND 5059845
	Bitmap Heap Scan on sbtest8  (cost=5.57..444.49 rows=111 width=125)
	  Recheck Cond: ((k >= 5059745) AND (k <= 5059845))
	  ->  Bitmap Index Scan on k_8  (cost=0.00..5.54 rows=111 width=0)
	        Index Cond: ((k >= 5059745) AND (k <= 5059845))
explain: for range-notcovered :: explain SELECT k, c FROM sbtest%d WHERE k BETWEEN 5746554 AND 5746654

explain: for range-notcovered :: explain SELECT k, c FROM sbtest%d WHERE k BETWEEN 5278573 AND 5278673
for range-notcovered
table 1 : explain SELECT k, c FROM sbtest1 WHERE k BETWEEN 7541878 AND 7541978
	Bitmap Heap Scan on sbtest1  (cost=5.44..393.31 rows=98 width=125)
	  Recheck Cond: ((k >= 7541878) AND (k <= 7541978))
	  ->  Bitmap Index Scan on k_1  (cost=0.00..5.42 rows=98 width=0)
	        Index Cond: ((k >= 7541878) AND (k <= 7541978))

table 2 : explain SELECT k, c FROM sbtest2 WHERE k BETWEEN 7541878 AND 7541978
	Bitmap Heap Scan on sbtest2  (cost=5.46..401.19 rows=100 width=125)
	  Recheck Cond: ((k >= 7541878) AND (k <= 7541978))
	  ->  Bitmap Index Scan on k_2  (cost=0.00..5.43 rows=100 width=0)
	        Index Cond: ((k >= 7541878) AND (k <= 7541978))

table 3 : explain SELECT k, c FROM sbtest3 WHERE k BETWEEN 7541878 AND 7541978
	Bitmap Heap Scan on sbtest3  (cost=5.44..393.31 rows=98 width=125)
	  Recheck Cond: ((k >= 7541878) AND (k <= 7541978))
	  ->  Bitmap Index Scan on k_3  (cost=0.00..5.42 rows=98 width=0)
	        Index Cond: ((k >= 7541878) AND (k <= 7541978))

table 4 : explain SELECT k, c FROM sbtest4 WHERE k BETWEEN 7541878 AND 7541978
	Bitmap Heap Scan on sbtest4  (cost=5.49..413.00 rows=103 width=125)
	  Recheck Cond: ((k >= 7541878) AND (k <= 7541978))
	  ->  Bitmap Index Scan on k_4  (cost=0.00..5.46 rows=103 width=0)
	        Index Cond: ((k >= 7541878) AND (k <= 7541978))

table 5 : explain SELECT k, c FROM sbtest5 WHERE k BETWEEN 7541878 AND 7541978
	Bitmap Heap Scan on sbtest5  (cost=5.53..428.75 rows=107 width=125)
	  Recheck Cond: ((k >= 7541878) AND (k <= 7541978))
	  ->  Bitmap Index Scan on k_5  (cost=0.00..5.50 rows=107 width=0)
	        Index Cond: ((k >= 7541878) AND (k <= 7541978))

table 6 : explain SELECT k, c FROM sbtest6 WHERE k BETWEEN 7541878 AND 7541978
	Bitmap Heap Scan on sbtest6  (cost=5.53..428.75 rows=107 width=125)
	  Recheck Cond: ((k >= 7541878) AND (k <= 7541978))
	  ->  Bitmap Index Scan on k_6  (cost=0.00..5.50 rows=107 width=0)
	        Index Cond: ((k >= 7541878) AND (k <= 7541978))

table 7 : explain SELECT k, c FROM sbtest7 WHERE k BETWEEN 7541878 AND 7541978
	Bitmap Heap Scan on sbtest7  (cost=5.43..389.37 rows=97 width=125)
	  Recheck Cond: ((k >= 7541878) AND (k <= 7541978))
	  ->  Bitmap Index Scan on k_7  (cost=0.00..5.40 rows=97 width=0)
	        Index Cond: ((k >= 7541878) AND (k <= 7541978))

table 8 : explain SELECT k, c FROM sbtest8 WHERE k BETWEEN 7541878 AND 7541978
	Bitmap Heap Scan on sbtest8  (cost=5.45..397.25 rows=99 width=125)
	  Recheck Cond: ((k >= 7541878) AND (k <= 7541978))
	  ->  Bitmap Index Scan on k_8  (cost=0.00..5.42 rows=99 width=0)
	        Index Cond: ((k >= 7541878) AND (k <= 7541978))

explain: for range-notcovered :: explain SELECT k, c FROM sbtest%d WHERE k BETWEEN 5059745 AND 5059845
explain: for range-notcovered :: explain SELECT k, c FROM sbtest%d WHERE k BETWEEN 7541878 AND 7541978
for range-notcovered
table 1 : explain SELECT k, c FROM sbtest1 WHERE k BETWEEN 6136721 AND 6136821
	Bitmap Heap Scan on sbtest1  (cost=5.62..464.15 rows=116 width=125)
	  Recheck Cond: ((k >= 6136721) AND (k <= 6136821))
	  ->  Bitmap Index Scan on k_1  (cost=0.00..5.59 rows=116 width=0)
	        Index Cond: ((k >= 6136721) AND (k <= 6136821))

table 2 : explain SELECT k, c FROM sbtest2 WHERE k BETWEEN 6136721 AND 6136821
	Bitmap Heap Scan on sbtest2  (cost=5.52..424.81 rows=106 width=125)
	  Recheck Cond: ((k >= 6136721) AND (k <= 6136821))
	  ->  Bitmap Index Scan on k_2  (cost=0.00..5.50 rows=106 width=0)
	        Index Cond: ((k >= 6136721) AND (k <= 6136821))

table 3 : explain SELECT k, c FROM sbtest3 WHERE k BETWEEN 6136721 AND 6136821
	Bitmap Heap Scan on sbtest3  (cost=5.55..436.62 rows=109 width=125)
	  Recheck Cond: ((k >= 6136721) AND (k <= 6136821))
	  ->  Bitmap Index Scan on k_3  (cost=0.00..5.52 rows=109 width=0)
	        Index Cond: ((k >= 6136721) AND (k <= 6136821))

table 4 : explain SELECT k, c FROM sbtest4 WHERE k BETWEEN 6136721 AND 6136821
	Bitmap Heap Scan on sbtest4  (cost=5.45..397.25 rows=99 width=125)
	  Recheck Cond: ((k >= 6136721) AND (k <= 6136821))
	  ->  Bitmap Index Scan on k_4  (cost=0.00..5.42 rows=99 width=0)
	        Index Cond: ((k >= 6136721) AND (k <= 6136821))

table 5 : explain SELECT k, c FROM sbtest5 WHERE k BETWEEN 6136721 AND 6136821
	Bitmap Heap Scan on sbtest5  (cost=5.53..428.75 rows=107 width=125)
	  Recheck Cond: ((k >= 6136721) AND (k <= 6136821))
	  ->  Bitmap Index Scan on k_5  (cost=0.00..5.50 rows=107 width=0)
	        Index Cond: ((k >= 6136721) AND (k <= 6136821))

table 6 : explain SELECT k, c FROM sbtest6 WHERE k BETWEEN 6136721 AND 6136821
	Bitmap Heap Scan on sbtest6  (cost=5.49..413.00 rows=103 width=125)
	  Recheck Cond: ((k >= 6136721) AND (k <= 6136821))
	  ->  Bitmap Index Scan on k_6  (cost=0.00..5.46 rows=103 width=0)
	        Index Cond: ((k >= 6136721) AND (k <= 6136821))

table 7 : explain SELECT k, c FROM sbtest7 WHERE k BETWEEN 6136721 AND 6136821
	Bitmap Heap Scan on sbtest7  (cost=5.48..409.07 rows=102 width=125)
	  Recheck Cond: ((k >= 6136721) AND (k <= 6136821))
	  ->  Bitmap Index Scan on k_7  (cost=0.00..5.45 rows=102 width=0)
	        Index Cond: ((k >= 6136721) AND (k <= 6136821))

table 8 : explain SELECT k, c FROM sbtest8 WHERE k BETWEEN 6136721 AND 6136821
	Bitmap Heap Scan on sbtest8  (cost=5.46..401.19 rows=100 width=125)
	  Recheck Cond: ((k >= 6136721) AND (k <= 6136821))
	  ->  Bitmap Index Scan on k_8  (cost=0.00..5.43 rows=100 width=0)
	        Index Cond: ((k >= 6136721) AND (k <= 6136821))

explain: for range-notcovered :: explain SELECT k, c FROM sbtest%d WHERE k BETWEEN 6136721 AND 6136821
explain: for range-notcovered :: explain SELECT k, c FROM sbtest%d WHERE k BETWEEN 7011235 AND 7011335
for range-notcovered
table 1 : explain SELECT k, c FROM sbtest1 WHERE k BETWEEN 8231483 AND 8231583
	Bitmap Heap Scan on sbtest1  (cost=5.51..420.88 rows=105 width=125)
	  Recheck Cond: ((k >= 8231483) AND (k <= 8231583))
	  ->  Bitmap Index Scan on k_1  (cost=0.00..5.48 rows=105 width=0)
	        Index Cond: ((k >= 8231483) AND (k <= 8231583))

table 2 : explain SELECT k, c FROM sbtest2 WHERE k BETWEEN 8231483 AND 8231583
	Bitmap Heap Scan on sbtest2  (cost=5.47..405.13 rows=101 width=125)
	  Recheck Cond: ((k >= 8231483) AND (k <= 8231583))
	  ->  Bitmap Index Scan on k_2  (cost=0.00..5.44 rows=101 width=0)
	        Index Cond: ((k >= 8231483) AND (k <= 8231583))

table 3 : explain SELECT k, c FROM sbtest3 WHERE k BETWEEN 8231483 AND 8231583
	Bitmap Heap Scan on sbtest3  (cost=5.53..428.75 rows=107 width=125)
	  Recheck Cond: ((k >= 8231483) AND (k <= 8231583))
	  ->  Bitmap Index Scan on k_3  (cost=0.00..5.50 rows=107 width=0)
	        Index Cond: ((k >= 8231483) AND (k <= 8231583))

table 4 : explain SELECT k, c FROM sbtest4 WHERE k BETWEEN 8231483 AND 8231583
	Bitmap Heap Scan on sbtest4  (cost=5.38..369.67 rows=92 width=125)
	  Recheck Cond: ((k >= 8231483) AND (k <= 8231583))
	  ->  Bitmap Index Scan on k_4  (cost=0.00..5.35 rows=92 width=0)
	        Index Cond: ((k >= 8231483) AND (k <= 8231583))

table 5 : explain SELECT k, c FROM sbtest5 WHERE k BETWEEN 8231483 AND 8231583
	Bitmap Heap Scan on sbtest5  (cost=5.43..389.37 rows=97 width=125)
	  Recheck Cond: ((k >= 8231483) AND (k <= 8231583))
	  ->  Bitmap Index Scan on k_5  (cost=0.00..5.40 rows=97 width=0)
	        Index Cond: ((k >= 8231483) AND (k <= 8231583))

table 6 : explain SELECT k, c FROM sbtest6 WHERE k BETWEEN 8231483 AND 8231583
	Bitmap Heap Scan on sbtest6  (cost=5.50..416.94 rows=104 width=125)
	  Recheck Cond: ((k >= 8231483) AND (k <= 8231583))
	  ->  Bitmap Index Scan on k_6  (cost=0.00..5.47 rows=104 width=0)
	        Index Cond: ((k >= 8231483) AND (k <= 8231583))

table 7 : explain SELECT k, c FROM sbtest7 WHERE k BETWEEN 8231483 AND 8231583
	Bitmap Heap Scan on sbtest7  (cost=5.47..405.13 rows=101 width=125)
	  Recheck Cond: ((k >= 8231483) AND (k <= 8231583))
	  ->  Bitmap Index Scan on k_7  (cost=0.00..5.44 rows=101 width=0)
	        Index Cond: ((k >= 8231483) AND (k <= 8231583))

table 8 : explain SELECT k, c FROM sbtest8 WHERE k BETWEEN 8231483 AND 8231583
	Bitmap Heap Scan on sbtest8  (cost=5.47..405.13 rows=101 width=125)
	  Recheck Cond: ((k >= 8231483) AND (k <= 8231583))
	  ->  Bitmap Index Scan on k_8  (cost=0.00..5.44 rows=101 width=0)
	        Index Cond: ((k >= 8231483) AND (k <= 8231583))

for range-notcovered
table 1 : explain SELECT k, c FROM sbtest1 WHERE k BETWEEN 5266144 AND 5266244
	Bitmap Heap Scan on sbtest1  (cost=5.36..361.78 rows=90 width=125)
	  Recheck Cond: ((k >= 5266144) AND (k <= 5266244))
	  ->  Bitmap Index Scan on k_1  (cost=0.00..5.33 rows=90 width=0)
	        Index Cond: ((k >= 5266144) AND (k <= 5266244))

table 2 : explain SELECT k, c FROM sbtest2 WHERE k BETWEEN 5266144 AND 5266244
	Bitmap Heap Scan on sbtest2  (cost=5.51..420.88 rows=105 width=125)
	  Recheck Cond: ((k >= 5266144) AND (k <= 5266244))
	  ->  Bitmap Index Scan on k_2  (cost=0.00..5.48 rows=105 width=0)
	        Index Cond: ((k >= 5266144) AND (k <= 5266244))

table 3 : explain SELECT k, c FROM sbtest3 WHERE k BETWEEN 5266144 AND 5266244
	Bitmap Heap Scan on sbtest3  (cost=5.47..405.13 rows=101 width=125)
	  Recheck Cond: ((k >= 5266144) AND (k <= 5266244))
	  ->  Bitmap Index Scan on k_3  (cost=0.00..5.44 rows=101 width=0)
	        Index Cond: ((k >= 5266144) AND (k <= 5266244))

table 4 : explain SELECT k, c FROM sbtest4 WHERE k BETWEEN 5266144 AND 5266244
	Bitmap Heap Scan on sbtest4  (cost=5.48..409.07 rows=102 width=125)
	  Recheck Cond: ((k >= 5266144) AND (k <= 5266244))
	  ->  Bitmap Index Scan on k_4  (cost=0.00..5.45 rows=102 width=0)
	        Index Cond: ((k >= 5266144) AND (k <= 5266244))

table 5 : explain SELECT k, c FROM sbtest5 WHERE k BETWEEN 5266144 AND 5266244
	Bitmap Heap Scan on sbtest5  (cost=5.46..401.19 rows=100 width=125)
	  Recheck Cond: ((k >= 5266144) AND (k <= 5266244))
	  ->  Bitmap Index Scan on k_5  (cost=0.00..5.43 rows=100 width=0)
	        Index Cond: ((k >= 5266144) AND (k <= 5266244))

table 6 : explain SELECT k, c FROM sbtest6 WHERE k BETWEEN 5266144 AND 5266244
	Bitmap Heap Scan on sbtest6  (cost=5.47..405.13 rows=101 width=125)
	  Recheck Cond: ((k >= 5266144) AND (k <= 5266244))
	  ->  Bitmap Index Scan on k_6  (cost=0.00..5.44 rows=101 width=0)
	        Index Cond: ((k >= 5266144) AND (k <= 5266244))

table 7 : explain SELECT k, c FROM sbtest7 WHERE k BETWEEN 5266144 AND 5266244
	Bitmap Heap Scan on sbtest7  (cost=5.47..405.13 rows=101 width=125)
	  Recheck Cond: ((k >= 5266144) AND (k <= 5266244))
	  ->  Bitmap Index Scan on k_7  (cost=0.00..5.44 rows=101 width=0)
	        Index Cond: ((k >= 5266144) AND (k <= 5266244))

table 8 : explain SELECT k, c FROM sbtest8 WHERE k BETWEEN 5266144 AND 5266244
	Bitmap Heap Scan on sbtest8  (cost=5.49..413.00 rows=103 width=125)
	  Recheck Cond: ((k >= 5266144) AND (k <= 5266244))
	  ->  Bitmap Index Scan on k_8  (cost=0.00..5.46 rows=103 width=0)
	        Index Cond: ((k >= 5266144) AND (k <= 5266244))

for range-notcovered
table 1 : explain SELECT k, c FROM sbtest1 WHERE k BETWEEN 5746554 AND 5746654
	Bitmap Heap Scan on sbtest1  (cost=5.47..405.13 rows=101 width=125)
	  Recheck Cond: ((k >= 5746554) AND (k <= 5746654))
	  ->  Bitmap Index Scan on k_1  (cost=0.00..5.44 rows=101 width=0)
	        Index Cond: ((k >= 5746554) AND (k <= 5746654))

table 2 : explain SELECT k, c FROM sbtest2 WHERE k BETWEEN 5746554 AND 5746654
	Bitmap Heap Scan on sbtest2  (cost=5.52..424.81 rows=106 width=125)
	  Recheck Cond: ((k >= 5746554) AND (k <= 5746654))
	  ->  Bitmap Index Scan on k_2  (cost=0.00..5.50 rows=106 width=0)
	        Index Cond: ((k >= 5746554) AND (k <= 5746654))

table 3 : explain SELECT k, c FROM sbtest3 WHERE k BETWEEN 5746554 AND 5746654
	Bitmap Heap Scan on sbtest3  (cost=5.46..401.19 rows=100 width=125)
	  Recheck Cond: ((k >= 5746554) AND (k <= 5746654))
	  ->  Bitmap Index Scan on k_3  (cost=0.00..5.43 rows=100 width=0)
	        Index Cond: ((k >= 5746554) AND (k <= 5746654))

table 4 : explain SELECT k, c FROM sbtest4 WHERE k BETWEEN 5746554 AND 5746654
	Bitmap Heap Scan on sbtest4  (cost=5.39..373.61 rows=93 width=125)
	  Recheck Cond: ((k >= 5746554) AND (k <= 5746654))
	  ->  Bitmap Index Scan on k_4  (cost=0.00..5.36 rows=93 width=0)
	        Index Cond: ((k >= 5746554) AND (k <= 5746654))

table 5 : explain SELECT k, c FROM sbtest5 WHERE k BETWEEN 5746554 AND 5746654
	Bitmap Heap Scan on sbtest5  (cost=5.46..401.19 rows=100 width=125)
	  Recheck Cond: ((k >= 5746554) AND (k <= 5746654))
	  ->  Bitmap Index Scan on k_5  (cost=0.00..5.43 rows=100 width=0)
	        Index Cond: ((k >= 5746554) AND (k <= 5746654))

table 6 : explain SELECT k, c FROM sbtest6 WHERE k BETWEEN 5746554 AND 5746654
	Bitmap Heap Scan on sbtest6  (cost=5.53..428.75 rows=107 width=125)
	  Recheck Cond: ((k >= 5746554) AND (k <= 5746654))
	  ->  Bitmap Index Scan on k_6  (cost=0.00..5.50 rows=107 width=0)
	        Index Cond: ((k >= 5746554) AND (k <= 5746654))

table 7 : explain SELECT k, c FROM sbtest7 WHERE k BETWEEN 5746554 AND 5746654
	Bitmap Heap Scan on sbtest7  (cost=5.51..420.88 rows=105 width=125)
	  Recheck Cond: ((k >= 5746554) AND (k <= 5746654))
	  ->  Bitmap Index Scan on k_7  (cost=0.00..5.48 rows=105 width=0)
	        Index Cond: ((k >= 5746554) AND (k <= 5746654))

table 8 : explain SELECT k, c FROM sbtest8 WHERE k BETWEEN 5746554 AND 5746654
	Bitmap Heap Scan on sbtest8  (cost=5.38..369.67 rows=92 width=125)
	  Recheck Cond: ((k >= 5746554) AND (k <= 5746654))
	  ->  Bitmap Index Scan on k_8  (cost=0.00..5.35 rows=92 width=0)
	        Index Cond: ((k >= 5746554) AND (k <= 5746654))

explain: for range-notcovered :: explain SELECT k, c FROM sbtest%d WHERE k BETWEEN 5266144 AND 5266244
for range-notcovered
table 1 : explain SELECT k, c FROM sbtest1 WHERE k BETWEEN 5278573 AND 5278673
	Bitmap Heap Scan on sbtest1  (cost=5.36..361.78 rows=90 width=125)
	  Recheck Cond: ((k >= 5278573) AND (k <= 5278673))
	  ->  Bitmap Index Scan on k_1  (cost=0.00..5.33 rows=90 width=0)
	        Index Cond: ((k >= 5278573) AND (k <= 5278673))

table 2 : explain SELECT k, c FROM sbtest2 WHERE k BETWEEN 5278573 AND 5278673
	Bitmap Heap Scan on sbtest2  (cost=5.51..420.88 rows=105 width=125)
	  Recheck Cond: ((k >= 5278573) AND (k <= 5278673))
	  ->  Bitmap Index Scan on k_2  (cost=0.00..5.48 rows=105 width=0)
	        Index Cond: ((k >= 5278573) AND (k <= 5278673))

table 3 : explain SELECT k, c FROM sbtest3 WHERE k BETWEEN 5278573 AND 5278673
	Bitmap Heap Scan on sbtest3  (cost=5.47..405.13 rows=101 width=125)
	  Recheck Cond: ((k >= 5278573) AND (k <= 5278673))
	  ->  Bitmap Index Scan on k_3  (cost=0.00..5.44 rows=101 width=0)
	        Index Cond: ((k >= 5278573) AND (k <= 5278673))

table 4 : explain SELECT k, c FROM sbtest4 WHERE k BETWEEN 5278573 AND 5278673
	Bitmap Heap Scan on sbtest4  (cost=5.48..409.07 rows=102 width=125)
	  Recheck Cond: ((k >= 5278573) AND (k <= 5278673))
	  ->  Bitmap Index Scan on k_4  (cost=0.00..5.45 rows=102 width=0)
	        Index Cond: ((k >= 5278573) AND (k <= 5278673))

table 5 : explain SELECT k, c FROM sbtest5 WHERE k BETWEEN 5278573 AND 5278673
	Bitmap Heap Scan on sbtest5  (cost=5.45..397.25 rows=99 width=125)
	  Recheck Cond: ((k >= 5278573) AND (k <= 5278673))
	  ->  Bitmap Index Scan on k_5  (cost=0.00..5.42 rows=99 width=0)
	        Index Cond: ((k >= 5278573) AND (k <= 5278673))

table 6 : explain SELECT k, c FROM sbtest6 WHERE k BETWEEN 5278573 AND 5278673
	Bitmap Heap Scan on sbtest6  (cost=5.47..405.13 rows=101 width=125)
	  Recheck Cond: ((k >= 5278573) AND (k <= 5278673))
	  ->  Bitmap Index Scan on k_6  (cost=0.00..5.44 rows=101 width=0)
	        Index Cond: ((k >= 5278573) AND (k <= 5278673))

table 7 : explain SELECT k, c FROM sbtest7 WHERE k BETWEEN 5278573 AND 5278673
	Bitmap Heap Scan on sbtest7  (cost=5.43..389.37 rows=97 width=125)
	  Recheck Cond: ((k >= 5278573) AND (k <= 5278673))
	  ->  Bitmap Index Scan on k_7  (cost=0.00..5.40 rows=97 width=0)
	        Index Cond: ((k >= 5278573) AND (k <= 5278673))

table 8 : explain SELECT k, c FROM sbtest8 WHERE k BETWEEN 5278573 AND 5278673
	Bitmap Heap Scan on sbtest8  (cost=5.49..413.00 rows=103 width=125)
	  Recheck Cond: ((k >= 5278573) AND (k <= 5278673))
	  ->  Bitmap Index Scan on k_8  (cost=0.00..5.46 rows=103 width=0)
	        Index Cond: ((k >= 5278573) AND (k <= 5278673))

explain: for range-notcovered :: explain SELECT k, c FROM sbtest%d WHERE k BETWEEN 5746554 AND 5746654
explain: for range-notcovered :: explain SELECT k, c FROM sbtest%d WHERE k BETWEEN 8231483 AND 8231583
for range-notcovered
table 1 : explain SELECT k, c FROM sbtest1 WHERE k BETWEEN 6569738 AND 6569838
	Bitmap Heap Scan on sbtest1  (cost=5.48..409.07 rows=102 width=125)
	  Recheck Cond: ((k >= 6569738) AND (k <= 6569838))
	  ->  Bitmap Index Scan on k_1  (cost=0.00..5.45 rows=102 width=0)
	        Index Cond: ((k >= 6569738) AND (k <= 6569838))

table 2 : explain SELECT k, c FROM sbtest2 WHERE k BETWEEN 6569738 AND 6569838
	Bitmap Heap Scan on sbtest2  (cost=5.41..381.49 rows=95 width=125)
	  Recheck Cond: ((k >= 6569738) AND (k <= 6569838))
	  ->  Bitmap Index Scan on k_2  (cost=0.00..5.38 rows=95 width=0)
	        Index Cond: ((k >= 6569738) AND (k <= 6569838))

table 3 : explain SELECT k, c FROM sbtest3 WHERE k BETWEEN 6569738 AND 6569838
	Bitmap Heap Scan on sbtest3  (cost=5.51..420.88 rows=105 width=125)
	  Recheck Cond: ((k >= 6569738) AND (k <= 6569838))
	  ->  Bitmap Index Scan on k_3  (cost=0.00..5.48 rows=105 width=0)
	        Index Cond: ((k >= 6569738) AND (k <= 6569838))

table 4 : explain SELECT k, c FROM sbtest4 WHERE k BETWEEN 6569738 AND 6569838
	Bitmap Heap Scan on sbtest4  (cost=5.39..373.61 rows=93 width=125)
	  Recheck Cond: ((k >= 6569738) AND (k <= 6569838))
	  ->  Bitmap Index Scan on k_4  (cost=0.00..5.36 rows=93 width=0)
	        Index Cond: ((k >= 6569738) AND (k <= 6569838))

table 5 : explain SELECT k, c FROM sbtest5 WHERE k BETWEEN 6569738 AND 6569838
	Bitmap Heap Scan on sbtest5  (cost=5.48..409.07 rows=102 width=125)
	  Recheck Cond: ((k >= 6569738) AND (k <= 6569838))
	  ->  Bitmap Index Scan on k_5  (cost=0.00..5.45 rows=102 width=0)
	        Index Cond: ((k >= 6569738) AND (k <= 6569838))

table 6 : explain SELECT k, c FROM sbtest6 WHERE k BETWEEN 6569738 AND 6569838
	Bitmap Heap Scan on sbtest6  (cost=5.37..365.72 rows=91 width=125)
	  Recheck Cond: ((k >= 6569738) AND (k <= 6569838))
	  ->  Bitmap Index Scan on k_6  (cost=0.00..5.34 rows=91 width=0)
	        Index Cond: ((k >= 6569738) AND (k <= 6569838))

table 7 : explain SELECT k, c FROM sbtest7 WHERE k BETWEEN 6569738 AND 6569838
	Bitmap Heap Scan on sbtest7  (cost=5.46..401.19 rows=100 width=125)
	  Recheck Cond: ((k >= 6569738) AND (k <= 6569838))
	  ->  Bitmap Index Scan on k_7  (cost=0.00..5.43 rows=100 width=0)
	        Index Cond: ((k >= 6569738) AND (k <= 6569838))

table 8 : explain SELECT k, c FROM sbtest8 WHERE k BETWEEN 6569738 AND 6569838
	Bitmap Heap Scan on sbtest8  (cost=5.46..401.19 rows=100 width=125)
	  Recheck Cond: ((k >= 6569738) AND (k <= 6569838))
	  ->  Bitmap Index Scan on k_8  (cost=0.00..5.43 rows=100 width=0)
	        Index Cond: ((k >= 6569738) AND (k <= 6569838))

for range-notcovered
table 1 : explain SELECT k, c FROM sbtest1 WHERE k BETWEEN 5059745 AND 5059845
	Bitmap Heap Scan on sbtest1  (cost=5.40..377.55 rows=94 width=125)
	  Recheck Cond: ((k >= 5059745) AND (k <= 5059845))
	  ->  Bitmap Index Scan on k_1  (cost=0.00..5.38 rows=94 width=0)
	        Index Cond: ((k >= 5059745) AND (k <= 5059845))

table 2 : explain SELECT k, c FROM sbtest2 WHERE k BETWEEN 5059745 AND 5059845
	Bitmap Heap Scan on sbtest2  (cost=5.37..365.72 rows=91 width=125)
	  Recheck Cond: ((k >= 5059745) AND (k <= 5059845))
	  ->  Bitmap Index Scan on k_2  (cost=0.00..5.34 rows=91 width=0)
	        Index Cond: ((k >= 5059745) AND (k <= 5059845))

table 3 : explain SELECT k, c FROM sbtest3 WHERE k BETWEEN 5059745 AND 5059845
	Bitmap Heap Scan on sbtest3  (cost=5.56..440.56 rows=110 width=125)
	  Recheck Cond: ((k >= 5059745) AND (k <= 5059845))
	  ->  Bitmap Index Scan on k_3  (cost=0.00..5.53 rows=110 width=0)
	        Index Cond: ((k >= 5059745) AND (k <= 5059845))

table 4 : explain SELECT k, c FROM sbtest4 WHERE k BETWEEN 5059745 AND 5059845
	Bitmap Heap Scan on sbtest4  (cost=5.51..420.88 rows=105 width=125)
	  Recheck Cond: ((k >= 5059745) AND (k <= 5059845))
	  ->  Bitmap Index Scan on k_4  (cost=0.00..5.48 rows=105 width=0)
	        Index Cond: ((k >= 5059745) AND (k <= 5059845))

table 5 : explain SELECT k, c FROM sbtest5 WHERE k BETWEEN 5059745 AND 5059845
	Bitmap Heap Scan on sbtest5  (cost=5.57..444.49 rows=111 width=125)
	  Recheck Cond: ((k >= 5059745) AND (k <= 5059845))
	  ->  Bitmap Index Scan on k_5  (cost=0.00..5.54 rows=111 width=0)
	        Index Cond: ((k >= 5059745) AND (k <= 5059845))

table 6 : explain SELECT k, c FROM sbtest6 WHERE k BETWEEN 5059745 AND 5059845
	Bitmap Heap Scan on sbtest6  (cost=5.48..409.07 rows=102 width=125)
	  Recheck Cond: ((k >= 5059745) AND (k <= 5059845))
	  ->  Bitmap Index Scan on k_6  (cost=0.00..5.45 rows=102 width=0)
	        Index Cond: ((k >= 5059745) AND (k <= 5059845))

table 7 : explain SELECT k, c FROM sbtest7 WHERE k BETWEEN 5059745 AND 5059845
	Bitmap Heap Scan on sbtest7  (cost=5.52..424.81 rows=106 width=125)
	  Recheck Cond: ((k >= 5059745) AND (k <= 5059845))
	  ->  Bitmap Index Scan on k_7  (cost=0.00..5.50 rows=106 width=0)
	        Index Cond: ((k >= 5059745) AND (k <= 5059845))

table 8 : explain SELECT k, c FROM sbtest8 WHERE k BETWEEN 5059745 AND 5059845
	Bitmap Heap Scan on sbtest8  (cost=5.57..444.49 rows=111 width=125)
	  Recheck Cond: ((k >= 5059745) AND (k <= 5059845))
	  ->  Bitmap Index Scan on k_8  (cost=0.00..5.54 rows=111 width=0)
	        Index Cond: ((k >= 5059745) AND (k <= 5059845))

for range-notcovered
table 1 : explain SELECT k, c FROM sbtest1 WHERE k BETWEEN 7541878 AND 7541978
	Bitmap Heap Scan on sbtest1  (cost=5.44..393.31 rows=98 width=125)
	  Recheck Cond: ((k >= 7541878) AND (k <= 7541978))
	  ->  Bitmap Index Scan on k_1  (cost=0.00..5.42 rows=98 width=0)
	        Index Cond: ((k >= 7541878) AND (k <= 7541978))

table 2 : explain SELECT k, c FROM sbtest2 WHERE k BETWEEN 7541878 AND 7541978
	Bitmap Heap Scan on sbtest2  (cost=5.46..401.19 rows=100 width=125)
	  Recheck Cond: ((k >= 7541878) AND (k <= 7541978))
	  ->  Bitmap Index Scan on k_2  (cost=0.00..5.43 rows=100 width=0)
	        Index Cond: ((k >= 7541878) AND (k <= 7541978))

table 3 : explain SELECT k, c FROM sbtest3 WHERE k BETWEEN 7541878 AND 7541978
	Bitmap Heap Scan on sbtest3  (cost=5.44..393.31 rows=98 width=125)
	  Recheck Cond: ((k >= 7541878) AND (k <= 7541978))
	  ->  Bitmap Index Scan on k_3  (cost=0.00..5.42 rows=98 width=0)
	        Index Cond: ((k >= 7541878) AND (k <= 7541978))

table 4 : explain SELECT k, c FROM sbtest4 WHERE k BETWEEN 7541878 AND 7541978
	Bitmap Heap Scan on sbtest4  (cost=5.49..413.00 rows=103 width=125)
	  Recheck Cond: ((k >= 7541878) AND (k <= 7541978))
	  ->  Bitmap Index Scan on k_4  (cost=0.00..5.46 rows=103 width=0)
	        Index Cond: ((k >= 7541878) AND (k <= 7541978))

table 5 : explain SELECT k, c FROM sbtest5 WHERE k BETWEEN 7541878 AND 7541978
	Bitmap Heap Scan on sbtest5  (cost=5.53..428.75 rows=107 width=125)
	  Recheck Cond: ((k >= 7541878) AND (k <= 7541978))
	  ->  Bitmap Index Scan on k_5  (cost=0.00..5.50 rows=107 width=0)
	        Index Cond: ((k >= 7541878) AND (k <= 7541978))

table 6 : explain SELECT k, c FROM sbtest6 WHERE k BETWEEN 7541878 AND 7541978
	Bitmap Heap Scan on sbtest6  (cost=5.53..428.75 rows=107 width=125)
	  Recheck Cond: ((k >= 7541878) AND (k <= 7541978))
	  ->  Bitmap Index Scan on k_6  (cost=0.00..5.50 rows=107 width=0)
	        Index Cond: ((k >= 7541878) AND (k <= 7541978))

table 7 : explain SELECT k, c FROM sbtest7 WHERE k BETWEEN 7541878 AND 7541978
	Bitmap Heap Scan on sbtest7  (cost=5.43..389.37 rows=97 width=125)
	  Recheck Cond: ((k >= 7541878) AND (k <= 7541978))
	  ->  Bitmap Index Scan on k_7  (cost=0.00..5.40 rows=97 width=0)
	        Index Cond: ((k >= 7541878) AND (k <= 7541978))

table 8 : explain SELECT k, c FROM sbtest8 WHERE k BETWEEN 7541878 AND 7541978
	Bitmap Heap Scan on sbtest8  (cost=5.45..397.25 rows=99 width=125)
	  Recheck Cond: ((k >= 7541878) AND (k <= 7541978))
	  ->  Bitmap Index Scan on k_8  (cost=0.00..5.42 rows=99 width=0)
	        Index Cond: ((k >= 7541878) AND (k <= 7541978))

explain: for range-notcovered :: explain SELECT k, c FROM sbtest%d WHERE k BETWEEN 5278573 AND 5278673
explain: for range-notcovered :: explain SELECT k, c FROM sbtest%d WHERE k BETWEEN 5059745 AND 5059845
explain: for range-notcovered :: explain SELECT k, c FROM sbtest%d WHERE k BETWEEN 7541878 AND 7541978
for range-notcovered
table 1 : explain SELECT k, c FROM sbtest1 WHERE k BETWEEN 6136721 AND 6136821
	Bitmap Heap Scan on sbtest1  (cost=5.62..464.15 rows=116 width=125)
	  Recheck Cond: ((k >= 6136721) AND (k <= 6136821))
	  ->  Bitmap Index Scan on k_1  (cost=0.00..5.59 rows=116 width=0)
	        Index Cond: ((k >= 6136721) AND (k <= 6136821))

table 2 : explain SELECT k, c FROM sbtest2 WHERE k BETWEEN 6136721 AND 6136821
	Bitmap Heap Scan on sbtest2  (cost=5.52..424.81 rows=106 width=125)
	  Recheck Cond: ((k >= 6136721) AND (k <= 6136821))
	  ->  Bitmap Index Scan on k_2  (cost=0.00..5.50 rows=106 width=0)
	        Index Cond: ((k >= 6136721) AND (k <= 6136821))

table 3 : explain SELECT k, c FROM sbtest3 WHERE k BETWEEN 6136721 AND 6136821
	Bitmap Heap Scan on sbtest3  (cost=5.55..436.62 rows=109 width=125)
	  Recheck Cond: ((k >= 6136721) AND (k <= 6136821))
	  ->  Bitmap Index Scan on k_3  (cost=0.00..5.52 rows=109 width=0)
	        Index Cond: ((k >= 6136721) AND (k <= 6136821))

table 4 : explain SELECT k, c FROM sbtest4 WHERE k BETWEEN 6136721 AND 6136821
	Bitmap Heap Scan on sbtest4  (cost=5.45..397.25 rows=99 width=125)
	  Recheck Cond: ((k >= 6136721) AND (k <= 6136821))
	  ->  Bitmap Index Scan on k_4  (cost=0.00..5.42 rows=99 width=0)
	        Index Cond: ((k >= 6136721) AND (k <= 6136821))

table 5 : explain SELECT k, c FROM sbtest5 WHERE k BETWEEN 6136721 AND 6136821
	Bitmap Heap Scan on sbtest5  (cost=5.53..428.75 rows=107 width=125)
	  Recheck Cond: ((k >= 6136721) AND (k <= 6136821))
	  ->  Bitmap Index Scan on k_5  (cost=0.00..5.50 rows=107 width=0)
	        Index Cond: ((k >= 6136721) AND (k <= 6136821))

table 6 : explain SELECT k, c FROM sbtest6 WHERE k BETWEEN 6136721 AND 6136821
	Bitmap Heap Scan on sbtest6  (cost=5.49..413.00 rows=103 width=125)
	  Recheck Cond: ((k >= 6136721) AND (k <= 6136821))
	  ->  Bitmap Index Scan on k_6  (cost=0.00..5.46 rows=103 width=0)
	        Index Cond: ((k >= 6136721) AND (k <= 6136821))

table 7 : explain SELECT k, c FROM sbtest7 WHERE k BETWEEN 6136721 AND 6136821
	Bitmap Heap Scan on sbtest7  (cost=5.48..409.07 rows=102 width=125)
	  Recheck Cond: ((k >= 6136721) AND (k <= 6136821))
	  ->  Bitmap Index Scan on k_7  (cost=0.00..5.45 rows=102 width=0)
	        Index Cond: ((k >= 6136721) AND (k <= 6136821))

table 8 : explain SELECT k, c FROM sbtest8 WHERE k BETWEEN 6136721 AND 6136821
	Bitmap Heap Scan on sbtest8  (cost=5.46..401.19 rows=100 width=125)
	  Recheck Cond: ((k >= 6136721) AND (k <= 6136821))
	  ->  Bitmap Index Scan on k_8  (cost=0.00..5.43 rows=100 width=0)
	        Index Cond: ((k >= 6136721) AND (k <= 6136821))

explain: for range-notcovered :: explain SELECT k, c FROM sbtest%d WHERE k BETWEEN 6136721 AND 6136821
for range-notcovered
table 1 : explain SELECT k, c FROM sbtest1 WHERE k BETWEEN 5266144 AND 5266244
	Bitmap Heap Scan on sbtest1  (cost=5.36..361.78 rows=90 width=125)
	  Recheck Cond: ((k >= 5266144) AND (k <= 5266244))
	  ->  Bitmap Index Scan on k_1  (cost=0.00..5.33 rows=90 width=0)
	        Index Cond: ((k >= 5266144) AND (k <= 5266244))

table 2 : explain SELECT k, c FROM sbtest2 WHERE k BETWEEN 5266144 AND 5266244
	Bitmap Heap Scan on sbtest2  (cost=5.51..420.88 rows=105 width=125)
	  Recheck Cond: ((k >= 5266144) AND (k <= 5266244))
	  ->  Bitmap Index Scan on k_2  (cost=0.00..5.48 rows=105 width=0)
	        Index Cond: ((k >= 5266144) AND (k <= 5266244))

table 3 : explain SELECT k, c FROM sbtest3 WHERE k BETWEEN 5266144 AND 5266244
	Bitmap Heap Scan on sbtest3  (cost=5.47..405.13 rows=101 width=125)
	  Recheck Cond: ((k >= 5266144) AND (k <= 5266244))
	  ->  Bitmap Index Scan on k_3  (cost=0.00..5.44 rows=101 width=0)
	        Index Cond: ((k >= 5266144) AND (k <= 5266244))

table 4 : explain SELECT k, c FROM sbtest4 WHERE k BETWEEN 5266144 AND 5266244
	Bitmap Heap Scan on sbtest4  (cost=5.48..409.07 rows=102 width=125)
	  Recheck Cond: ((k >= 5266144) AND (k <= 5266244))
	  ->  Bitmap Index Scan on k_4  (cost=0.00..5.45 rows=102 width=0)
	        Index Cond: ((k >= 5266144) AND (k <= 5266244))

table 5 : explain SELECT k, c FROM sbtest5 WHERE k BETWEEN 5266144 AND 5266244
	Bitmap Heap Scan on sbtest5  (cost=5.46..401.19 rows=100 width=125)
	  Recheck Cond: ((k >= 5266144) AND (k <= 5266244))
	  ->  Bitmap Index Scan on k_5  (cost=0.00..5.43 rows=100 width=0)
	        Index Cond: ((k >= 5266144) AND (k <= 5266244))

table 6 : explain SELECT k, c FROM sbtest6 WHERE k BETWEEN 5266144 AND 5266244
	Bitmap Heap Scan on sbtest6  (cost=5.47..405.13 rows=101 width=125)
	  Recheck Cond: ((k >= 5266144) AND (k <= 5266244))
	  ->  Bitmap Index Scan on k_6  (cost=0.00..5.44 rows=101 width=0)
	        Index Cond: ((k >= 5266144) AND (k <= 5266244))

table 7 : explain SELECT k, c FROM sbtest7 WHERE k BETWEEN 5266144 AND 5266244
	Bitmap Heap Scan on sbtest7  (cost=5.47..405.13 rows=101 width=125)
	  Recheck Cond: ((k >= 5266144) AND (k <= 5266244))
	  ->  Bitmap Index Scan on k_7  (cost=0.00..5.44 rows=101 width=0)
	        Index Cond: ((k >= 5266144) AND (k <= 5266244))

table 8 : explain SELECT k, c FROM sbtest8 WHERE k BETWEEN 5266144 AND 5266244
	Bitmap Heap Scan on sbtest8  (cost=5.49..413.00 rows=103 width=125)
	  Recheck Cond: ((k >= 5266144) AND (k <= 5266244))
	  ->  Bitmap Index Scan on k_8  (cost=0.00..5.46 rows=103 width=0)
	        Index Cond: ((k >= 5266144) AND (k <= 5266244))

explain: for range-notcovered :: explain SELECT k, c FROM sbtest%d WHERE k BETWEEN 6569738 AND 6569838
for range-notcovered
table 1 : explain SELECT k, c FROM sbtest1 WHERE k BETWEEN 8231483 AND 8231583
	Bitmap Heap Scan on sbtest1  (cost=5.51..420.88 rows=105 width=125)
	  Recheck Cond: ((k >= 8231483) AND (k <= 8231583))
	  ->  Bitmap Index Scan on k_1  (cost=0.00..5.48 rows=105 width=0)
	        Index Cond: ((k >= 8231483) AND (k <= 8231583))

table 2 : explain SELECT k, c FROM sbtest2 WHERE k BETWEEN 8231483 AND 8231583
	Bitmap Heap Scan on sbtest2  (cost=5.47..405.13 rows=101 width=125)
	  Recheck Cond: ((k >= 8231483) AND (k <= 8231583))
	  ->  Bitmap Index Scan on k_2  (cost=0.00..5.44 rows=101 width=0)
	        Index Cond: ((k >= 8231483) AND (k <= 8231583))

table 3 : explain SELECT k, c FROM sbtest3 WHERE k BETWEEN 8231483 AND 8231583
	Bitmap Heap Scan on sbtest3  (cost=5.53..428.75 rows=107 width=125)
	  Recheck Cond: ((k >= 8231483) AND (k <= 8231583))
	  ->  Bitmap Index Scan on k_3  (cost=0.00..5.50 rows=107 width=0)
	        Index Cond: ((k >= 8231483) AND (k <= 8231583))

table 4 : explain SELECT k, c FROM sbtest4 WHERE k BETWEEN 8231483 AND 8231583
	Bitmap Heap Scan on sbtest4  (cost=5.38..369.67 rows=92 width=125)
	  Recheck Cond: ((k >= 8231483) AND (k <= 8231583))
	  ->  Bitmap Index Scan on k_4  (cost=0.00..5.35 rows=92 width=0)
	        Index Cond: ((k >= 8231483) AND (k <= 8231583))

table 5 : explain SELECT k, c FROM sbtest5 WHERE k BETWEEN 8231483 AND 8231583
	Bitmap Heap Scan on sbtest5  (cost=5.43..389.37 rows=97 width=125)
	  Recheck Cond: ((k >= 8231483) AND (k <= 8231583))
	  ->  Bitmap Index Scan on k_5  (cost=0.00..5.40 rows=97 width=0)
	        Index Cond: ((k >= 8231483) AND (k <= 8231583))

table 6 : explain SELECT k, c FROM sbtest6 WHERE k BETWEEN 8231483 AND 8231583
	Bitmap Heap Scan on sbtest6  (cost=5.50..416.94 rows=104 width=125)
	  Recheck Cond: ((k >= 8231483) AND (k <= 8231583))
	  ->  Bitmap Index Scan on k_6  (cost=0.00..5.47 rows=104 width=0)
	        Index Cond: ((k >= 8231483) AND (k <= 8231583))

table 7 : explain SELECT k, c FROM sbtest7 WHERE k BETWEEN 8231483 AND 8231583
	Bitmap Heap Scan on sbtest7  (cost=5.47..405.13 rows=101 width=125)
	  Recheck Cond: ((k >= 8231483) AND (k <= 8231583))
	  ->  Bitmap Index Scan on k_7  (cost=0.00..5.44 rows=101 width=0)
	        Index Cond: ((k >= 8231483) AND (k <= 8231583))

table 8 : explain SELECT k, c FROM sbtest8 WHERE k BETWEEN 8231483 AND 8231583
	Bitmap Heap Scan on sbtest8  (cost=5.47..405.13 rows=101 width=125)
	  Recheck Cond: ((k >= 8231483) AND (k <= 8231583))
	  ->  Bitmap Index Scan on k_8  (cost=0.00..5.44 rows=101 width=0)
	        Index Cond: ((k >= 8231483) AND (k <= 8231583))

for range-notcovered
table 1 : explain SELECT k, c FROM sbtest1 WHERE k BETWEEN 5746554 AND 5746654
	Bitmap Heap Scan on sbtest1  (cost=5.47..405.13 rows=101 width=125)
	  Recheck Cond: ((k >= 5746554) AND (k <= 5746654))
	  ->  Bitmap Index Scan on k_1  (cost=0.00..5.44 rows=101 width=0)
	        Index Cond: ((k >= 5746554) AND (k <= 5746654))

table 2 : explain SELECT k, c FROM sbtest2 WHERE k BETWEEN 5746554 AND 5746654
	Bitmap Heap Scan on sbtest2  (cost=5.52..424.81 rows=106 width=125)
	  Recheck Cond: ((k >= 5746554) AND (k <= 5746654))
	  ->  Bitmap Index Scan on k_2  (cost=0.00..5.50 rows=106 width=0)
	        Index Cond: ((k >= 5746554) AND (k <= 5746654))

table 3 : explain SELECT k, c FROM sbtest3 WHERE k BETWEEN 5746554 AND 5746654
	Bitmap Heap Scan on sbtest3  (cost=5.46..401.19 rows=100 width=125)
	  Recheck Cond: ((k >= 5746554) AND (k <= 5746654))
	  ->  Bitmap Index Scan on k_3  (cost=0.00..5.43 rows=100 width=0)
	        Index Cond: ((k >= 5746554) AND (k <= 5746654))

table 4 : explain SELECT k, c FROM sbtest4 WHERE k BETWEEN 5746554 AND 5746654
	Bitmap Heap Scan on sbtest4  (cost=5.39..373.61 rows=93 width=125)
	  Recheck Cond: ((k >= 5746554) AND (k <= 5746654))
	  ->  Bitmap Index Scan on k_4  (cost=0.00..5.36 rows=93 width=0)
	        Index Cond: ((k >= 5746554) AND (k <= 5746654))

table 5 : explain SELECT k, c FROM sbtest5 WHERE k BETWEEN 5746554 AND 5746654
	Bitmap Heap Scan on sbtest5  (cost=5.46..401.19 rows=100 width=125)
	  Recheck Cond: ((k >= 5746554) AND (k <= 5746654))
	  ->  Bitmap Index Scan on k_5  (cost=0.00..5.43 rows=100 width=0)
	        Index Cond: ((k >= 5746554) AND (k <= 5746654))

table 6 : explain SELECT k, c FROM sbtest6 WHERE k BETWEEN 5746554 AND 5746654
	Bitmap Heap Scan on sbtest6  (cost=5.53..428.75 rows=107 width=125)
	  Recheck Cond: ((k >= 5746554) AND (k <= 5746654))
	  ->  Bitmap Index Scan on k_6  (cost=0.00..5.50 rows=107 width=0)
	        Index Cond: ((k >= 5746554) AND (k <= 5746654))

table 7 : explain SELECT k, c FROM sbtest7 WHERE k BETWEEN 5746554 AND 5746654
	Bitmap Heap Scan on sbtest7  (cost=5.51..420.88 rows=105 width=125)
	  Recheck Cond: ((k >= 5746554) AND (k <= 5746654))
	  ->  Bitmap Index Scan on k_7  (cost=0.00..5.48 rows=105 width=0)
	        Index Cond: ((k >= 5746554) AND (k <= 5746654))

table 8 : explain SELECT k, c FROM sbtest8 WHERE k BETWEEN 5746554 AND 5746654
	Bitmap Heap Scan on sbtest8  (cost=5.38..369.67 rows=92 width=125)
	  Recheck Cond: ((k >= 5746554) AND (k <= 5746654))
	  ->  Bitmap Index Scan on k_8  (cost=0.00..5.35 rows=92 width=0)
	        Index Cond: ((k >= 5746554) AND (k <= 5746654))

explain: for range-notcovered :: explain SELECT k, c FROM sbtest%d WHERE k BETWEEN 5266144 AND 5266244
explain: for range-notcovered :: explain SELECT k, c FROM sbtest%d WHERE k BETWEEN 8231483 AND 8231583
for range-notcovered
table 1 : explain SELECT k, c FROM sbtest1 WHERE k BETWEEN 7541878 AND 7541978
	Bitmap Heap Scan on sbtest1  (cost=5.44..393.31 rows=98 width=125)
	  Recheck Cond: ((k >= 7541878) AND (k <= 7541978))
	  ->  Bitmap Index Scan on k_1  (cost=0.00..5.42 rows=98 width=0)
	        Index Cond: ((k >= 7541878) AND (k <= 7541978))

table 2 : explain SELECT k, c FROM sbtest2 WHERE k BETWEEN 7541878 AND 7541978
	Bitmap Heap Scan on sbtest2  (cost=5.46..401.19 rows=100 width=125)
	  Recheck Cond: ((k >= 7541878) AND (k <= 7541978))
	  ->  Bitmap Index Scan on k_2  (cost=0.00..5.43 rows=100 width=0)
	        Index Cond: ((k >= 7541878) AND (k <= 7541978))

table 3 : explain SELECT k, c FROM sbtest3 WHERE k BETWEEN 7541878 AND 7541978
	Bitmap Heap Scan on sbtest3  (cost=5.44..393.31 rows=98 width=125)
	  Recheck Cond: ((k >= 7541878) AND (k <= 7541978))
	  ->  Bitmap Index Scan on k_3  (cost=0.00..5.42 rows=98 width=0)
	        Index Cond: ((k >= 7541878) AND (k <= 7541978))

table 4 : explain SELECT k, c FROM sbtest4 WHERE k BETWEEN 7541878 AND 7541978
	Bitmap Heap Scan on sbtest4  (cost=5.49..413.00 rows=103 width=125)
	  Recheck Cond: ((k >= 7541878) AND (k <= 7541978))
	  ->  Bitmap Index Scan on k_4  (cost=0.00..5.46 rows=103 width=0)
	        Index Cond: ((k >= 7541878) AND (k <= 7541978))

table 5 : explain SELECT k, c FROM sbtest5 WHERE k BETWEEN 7541878 AND 7541978
	Bitmap Heap Scan on sbtest5  (cost=5.53..428.75 rows=107 width=125)
	  Recheck Cond: ((k >= 7541878) AND (k <= 7541978))
	  ->  Bitmap Index Scan on k_5  (cost=0.00..5.50 rows=107 width=0)
	        Index Cond: ((k >= 7541878) AND (k <= 7541978))

table 6 : explain SELECT k, c FROM sbtest6 WHERE k BETWEEN 7541878 AND 7541978
	Bitmap Heap Scan on sbtest6  (cost=5.53..428.75 rows=107 width=125)
	  Recheck Cond: ((k >= 7541878) AND (k <= 7541978))
	  ->  Bitmap Index Scan on k_6  (cost=0.00..5.50 rows=107 width=0)
	        Index Cond: ((k >= 7541878) AND (k <= 7541978))

table 7 : explain SELECT k, c FROM sbtest7 WHERE k BETWEEN 7541878 AND 7541978
	Bitmap Heap Scan on sbtest7  (cost=5.43..389.37 rows=97 width=125)
	  Recheck Cond: ((k >= 7541878) AND (k <= 7541978))
	  ->  Bitmap Index Scan on k_7  (cost=0.00..5.40 rows=97 width=0)
	        Index Cond: ((k >= 7541878) AND (k <= 7541978))

table 8 : explain SELECT k, c FROM sbtest8 WHERE k BETWEEN 7541878 AND 7541978
	Bitmap Heap Scan on sbtest8  (cost=5.45..397.25 rows=99 width=125)
	  Recheck Cond: ((k >= 7541878) AND (k <= 7541978))
	  ->  Bitmap Index Scan on k_8  (cost=0.00..5.42 rows=99 width=0)
	        Index Cond: ((k >= 7541878) AND (k <= 7541978))

explain: for range-notcovered :: explain SELECT k, c FROM sbtest%d WHERE k BETWEEN 7541878 AND 7541978
for range-notcovered
table 1 : explain SELECT k, c FROM sbtest1 WHERE k BETWEEN 5059745 AND 5059845
	Bitmap Heap Scan on sbtest1  (cost=5.40..377.55 rows=94 width=125)
	  Recheck Cond: ((k >= 5059745) AND (k <= 5059845))
	  ->  Bitmap Index Scan on k_1  (cost=0.00..5.38 rows=94 width=0)
	        Index Cond: ((k >= 5059745) AND (k <= 5059845))

table 2 : explain SELECT k, c FROM sbtest2 WHERE k BETWEEN 5059745 AND 5059845
	Bitmap Heap Scan on sbtest2  (cost=5.37..365.72 rows=91 width=125)
	  Recheck Cond: ((k >= 5059745) AND (k <= 5059845))
	  ->  Bitmap Index Scan on k_2  (cost=0.00..5.34 rows=91 width=0)
	        Index Cond: ((k >= 5059745) AND (k <= 5059845))

table 3 : explain SELECT k, c FROM sbtest3 WHERE k BETWEEN 5059745 AND 5059845
	Bitmap Heap Scan on sbtest3  (cost=5.56..440.56 rows=110 width=125)
	  Recheck Cond: ((k >= 5059745) AND (k <= 5059845))
	  ->  Bitmap Index Scan on k_3  (cost=0.00..5.53 rows=110 width=0)
	        Index Cond: ((k >= 5059745) AND (k <= 5059845))

table 4 : explain SELECT k, c FROM sbtest4 WHERE k BETWEEN 5059745 AND 5059845
	Bitmap Heap Scan on sbtest4  (cost=5.51..420.88 rows=105 width=125)
	  Recheck Cond: ((k >= 5059745) AND (k <= 5059845))
	  ->  Bitmap Index Scan on k_4  (cost=0.00..5.48 rows=105 width=0)
	        Index Cond: ((k >= 5059745) AND (k <= 5059845))

table 5 : explain SELECT k, c FROM sbtest5 WHERE k BETWEEN 5059745 AND 5059845
	Bitmap Heap Scan on sbtest5  (cost=5.57..444.49 rows=111 width=125)
	  Recheck Cond: ((k >= 5059745) AND (k <= 5059845))
	  ->  Bitmap Index Scan on k_5  (cost=0.00..5.54 rows=111 width=0)
	        Index Cond: ((k >= 5059745) AND (k <= 5059845))

table 6 : explain SELECT k, c FROM sbtest6 WHERE k BETWEEN 5059745 AND 5059845
	Bitmap Heap Scan on sbtest6  (cost=5.48..409.07 rows=102 width=125)
	  Recheck Cond: ((k >= 5059745) AND (k <= 5059845))
	  ->  Bitmap Index Scan on k_6  (cost=0.00..5.45 rows=102 width=0)
	        Index Cond: ((k >= 5059745) AND (k <= 5059845))

table 7 : explain SELECT k, c FROM sbtest7 WHERE k BETWEEN 5059745 AND 5059845
	Bitmap Heap Scan on sbtest7  (cost=5.52..424.81 rows=106 width=125)
	  Recheck Cond: ((k >= 5059745) AND (k <= 5059845))
	  ->  Bitmap Index Scan on k_7  (cost=0.00..5.50 rows=106 width=0)
	        Index Cond: ((k >= 5059745) AND (k <= 5059845))

table 8 : explain SELECT k, c FROM sbtest8 WHERE k BETWEEN 5059745 AND 5059845
	Bitmap Heap Scan on sbtest8  (cost=5.57..444.49 rows=111 width=125)
	  Recheck Cond: ((k >= 5059745) AND (k <= 5059845))
	  ->  Bitmap Index Scan on k_8  (cost=0.00..5.54 rows=111 width=0)
	        Index Cond: ((k >= 5059745) AND (k <= 5059845))

for range-notcovered
table 1 : explain SELECT k, c FROM sbtest1 WHERE k BETWEEN 5278573 AND 5278673
	Bitmap Heap Scan on sbtest1  (cost=5.36..361.78 rows=90 width=125)
	  Recheck Cond: ((k >= 5278573) AND (k <= 5278673))
	  ->  Bitmap Index Scan on k_1  (cost=0.00..5.33 rows=90 width=0)
	        Index Cond: ((k >= 5278573) AND (k <= 5278673))

table 2 : explain SELECT k, c FROM sbtest2 WHERE k BETWEEN 5278573 AND 5278673
	Bitmap Heap Scan on sbtest2  (cost=5.51..420.88 rows=105 width=125)
	  Recheck Cond: ((k >= 5278573) AND (k <= 5278673))
	  ->  Bitmap Index Scan on k_2  (cost=0.00..5.48 rows=105 width=0)
	        Index Cond: ((k >= 5278573) AND (k <= 5278673))

table 3 : explain SELECT k, c FROM sbtest3 WHERE k BETWEEN 5278573 AND 5278673
	Bitmap Heap Scan on sbtest3  (cost=5.47..405.13 rows=101 width=125)
	  Recheck Cond: ((k >= 5278573) AND (k <= 5278673))
	  ->  Bitmap Index Scan on k_3  (cost=0.00..5.44 rows=101 width=0)
	        Index Cond: ((k >= 5278573) AND (k <= 5278673))

table 4 : explain SELECT k, c FROM sbtest4 WHERE k BETWEEN 5278573 AND 5278673
	Bitmap Heap Scan on sbtest4  (cost=5.48..409.07 rows=102 width=125)
	  Recheck Cond: ((k >= 5278573) AND (k <= 5278673))
	  ->  Bitmap Index Scan on k_4  (cost=0.00..5.45 rows=102 width=0)
	        Index Cond: ((k >= 5278573) AND (k <= 5278673))

table 5 : explain SELECT k, c FROM sbtest5 WHERE k BETWEEN 5278573 AND 5278673
	Bitmap Heap Scan on sbtest5  (cost=5.45..397.25 rows=99 width=125)
	  Recheck Cond: ((k >= 5278573) AND (k <= 5278673))
	  ->  Bitmap Index Scan on k_5  (cost=0.00..5.42 rows=99 width=0)
	        Index Cond: ((k >= 5278573) AND (k <= 5278673))

table 6 : explain SELECT k, c FROM sbtest6 WHERE k BETWEEN 5278573 AND 5278673
	Bitmap Heap Scan on sbtest6  (cost=5.47..405.13 rows=101 width=125)
	  Recheck Cond: ((k >= 5278573) AND (k <= 5278673))
	  ->  Bitmap Index Scan on k_6  (cost=0.00..5.44 rows=101 width=0)
	        Index Cond: ((k >= 5278573) AND (k <= 5278673))

table 7 : explain SELECT k, c FROM sbtest7 WHERE k BETWEEN 5278573 AND 5278673
	Bitmap Heap Scan on sbtest7  (cost=5.43..389.37 rows=97 width=125)
	  Recheck Cond: ((k >= 5278573) AND (k <= 5278673))
	  ->  Bitmap Index Scan on k_7  (cost=0.00..5.40 rows=97 width=0)
	        Index Cond: ((k >= 5278573) AND (k <= 5278673))

table 8 : explain SELECT k, c FROM sbtest8 WHERE k BETWEEN 5278573 AND 5278673
	Bitmap Heap Scan on sbtest8  (cost=5.49..413.00 rows=103 width=125)
	  Recheck Cond: ((k >= 5278573) AND (k <= 5278673))
	  ->  Bitmap Index Scan on k_8  (cost=0.00..5.46 rows=103 width=0)
	        Index Cond: ((k >= 5278573) AND (k <= 5278673))

for range-notcovered
table 1 : explain SELECT k, c FROM sbtest1 WHERE k BETWEEN 6136721 AND 6136821
	Bitmap Heap Scan on sbtest1  (cost=5.62..464.15 rows=116 width=125)
	  Recheck Cond: ((k >= 6136721) AND (k <= 6136821))
	  ->  Bitmap Index Scan on k_1  (cost=0.00..5.59 rows=116 width=0)
	        Index Cond: ((k >= 6136721) AND (k <= 6136821))

table 2 : explain SELECT k, c FROM sbtest2 WHERE k BETWEEN 6136721 AND 6136821
	Bitmap Heap Scan on sbtest2  (cost=5.52..424.81 rows=106 width=125)
	  Recheck Cond: ((k >= 6136721) AND (k <= 6136821))
	  ->  Bitmap Index Scan on k_2  (cost=0.00..5.50 rows=106 width=0)
	        Index Cond: ((k >= 6136721) AND (k <= 6136821))

table 3 : explain SELECT k, c FROM sbtest3 WHERE k BETWEEN 6136721 AND 6136821
	Bitmap Heap Scan on sbtest3  (cost=5.55..436.62 rows=109 width=125)
	  Recheck Cond: ((k >= 6136721) AND (k <= 6136821))
	  ->  Bitmap Index Scan on k_3  (cost=0.00..5.52 rows=109 width=0)
	        Index Cond: ((k >= 6136721) AND (k <= 6136821))

table 4 : explain SELECT k, c FROM sbtest4 WHERE k BETWEEN 6136721 AND 6136821
	Bitmap Heap Scan on sbtest4  (cost=5.45..397.25 rows=99 width=125)
	  Recheck Cond: ((k >= 6136721) AND (k <= 6136821))
	  ->  Bitmap Index Scan on k_4  (cost=0.00..5.42 rows=99 width=0)
	        Index Cond: ((k >= 6136721) AND (k <= 6136821))

table 5 : explain SELECT k, c FROM sbtest5 WHERE k BETWEEN 6136721 AND 6136821
	Bitmap Heap Scan on sbtest5  (cost=5.53..428.75 rows=107 width=125)
	  Recheck Cond: ((k >= 6136721) AND (k <= 6136821))
	  ->  Bitmap Index Scan on k_5  (cost=0.00..5.50 rows=107 width=0)
	        Index Cond: ((k >= 6136721) AND (k <= 6136821))

table 6 : explain SELECT k, c FROM sbtest6 WHERE k BETWEEN 6136721 AND 6136821
	Bitmap Heap Scan on sbtest6  (cost=5.49..413.00 rows=103 width=125)
	  Recheck Cond: ((k >= 6136721) AND (k <= 6136821))
	  ->  Bitmap Index Scan on k_6  (cost=0.00..5.46 rows=103 width=0)
	        Index Cond: ((k >= 6136721) AND (k <= 6136821))

table 7 : explain SELECT k, c FROM sbtest7 WHERE k BETWEEN 6136721 AND 6136821
	Bitmap Heap Scan on sbtest7  (cost=5.48..409.07 rows=102 width=125)
	  Recheck Cond: ((k >= 6136721) AND (k <= 6136821))
	  ->  Bitmap Index Scan on k_7  (cost=0.00..5.45 rows=102 width=0)
	        Index Cond: ((k >= 6136721) AND (k <= 6136821))

table 8 : explain SELECT k, c FROM sbtest8 WHERE k BETWEEN 6136721 AND 6136821
	Bitmap Heap Scan on sbtest8  (cost=5.46..401.19 rows=100 width=125)
	  Recheck Cond: ((k >= 6136721) AND (k <= 6136821))
	  ->  Bitmap Index Scan on k_8  (cost=0.00..5.43 rows=100 width=0)
	        Index Cond: ((k >= 6136721) AND (k <= 6136821))

explain: for range-notcovered :: explain SELECT k, c FROM sbtest%d WHERE k BETWEEN 5278573 AND 5278673
for range-notcovered
table 1 : explain SELECT k, c FROM sbtest1 WHERE k BETWEEN 8231483 AND 8231583
	Bitmap Heap Scan on sbtest1  (cost=5.51..420.88 rows=105 width=125)
	  Recheck Cond: ((k >= 8231483) AND (k <= 8231583))
	  ->  Bitmap Index Scan on k_1  (cost=0.00..5.48 rows=105 width=0)
	        Index Cond: ((k >= 8231483) AND (k <= 8231583))

table 2 : explain SELECT k, c FROM sbtest2 WHERE k BETWEEN 8231483 AND 8231583
	Bitmap Heap Scan on sbtest2  (cost=5.47..405.13 rows=101 width=125)
	  Recheck Cond: ((k >= 8231483) AND (k <= 8231583))
	  ->  Bitmap Index Scan on k_2  (cost=0.00..5.44 rows=101 width=0)
	        Index Cond: ((k >= 8231483) AND (k <= 8231583))

table 3 : explain SELECT k, c FROM sbtest3 WHERE k BETWEEN 8231483 AND 8231583
	Bitmap Heap Scan on sbtest3  (cost=5.53..428.75 rows=107 width=125)
	  Recheck Cond: ((k >= 8231483) AND (k <= 8231583))
	  ->  Bitmap Index Scan on k_3  (cost=0.00..5.50 rows=107 width=0)
	        Index Cond: ((k >= 8231483) AND (k <= 8231583))

table 4 : explain SELECT k, c FROM sbtest4 WHERE k BETWEEN 8231483 AND 8231583
	Bitmap Heap Scan on sbtest4  (cost=5.38..369.67 rows=92 width=125)
	  Recheck Cond: ((k >= 8231483) AND (k <= 8231583))
	  ->  Bitmap Index Scan on k_4  (cost=0.00..5.35 rows=92 width=0)
	        Index Cond: ((k >= 8231483) AND (k <= 8231583))

table 5 : explain SELECT k, c FROM sbtest5 WHERE k BETWEEN 8231483 AND 8231583
	Bitmap Heap Scan on sbtest5  (cost=5.43..389.37 rows=97 width=125)
	  Recheck Cond: ((k >= 8231483) AND (k <= 8231583))
	  ->  Bitmap Index Scan on k_5  (cost=0.00..5.40 rows=97 width=0)
	        Index Cond: ((k >= 8231483) AND (k <= 8231583))

table 6 : explain SELECT k, c FROM sbtest6 WHERE k BETWEEN 8231483 AND 8231583
	Bitmap Heap Scan on sbtest6  (cost=5.50..416.94 rows=104 width=125)
	  Recheck Cond: ((k >= 8231483) AND (k <= 8231583))
	  ->  Bitmap Index Scan on k_6  (cost=0.00..5.47 rows=104 width=0)
	        Index Cond: ((k >= 8231483) AND (k <= 8231583))

table 7 : explain SELECT k, c FROM sbtest7 WHERE k BETWEEN 8231483 AND 8231583
	Bitmap Heap Scan on sbtest7  (cost=5.47..405.13 rows=101 width=125)
	  Recheck Cond: ((k >= 8231483) AND (k <= 8231583))
	  ->  Bitmap Index Scan on k_7  (cost=0.00..5.44 rows=101 width=0)
	        Index Cond: ((k >= 8231483) AND (k <= 8231583))

table 8 : explain SELECT k, c FROM sbtest8 WHERE k BETWEEN 8231483 AND 8231583
	Bitmap Heap Scan on sbtest8  (cost=5.47..405.13 rows=101 width=125)
	  Recheck Cond: ((k >= 8231483) AND (k <= 8231583))
	  ->  Bitmap Index Scan on k_8  (cost=0.00..5.44 rows=101 width=0)
	        Index Cond: ((k >= 8231483) AND (k <= 8231583))

for range-notcovered
table 1 : explain SELECT k, c FROM sbtest1 WHERE k BETWEEN 5266144 AND 5266244
	Bitmap Heap Scan on sbtest1  (cost=5.36..361.78 rows=90 width=125)
	  Recheck Cond: ((k >= 5266144) AND (k <= 5266244))
	  ->  Bitmap Index Scan on k_1  (cost=0.00..5.33 rows=90 width=0)
	        Index Cond: ((k >= 5266144) AND (k <= 5266244))

table 2 : explain SELECT k, c FROM sbtest2 WHERE k BETWEEN 5266144 AND 5266244
	Bitmap Heap Scan on sbtest2  (cost=5.51..420.88 rows=105 width=125)
	  Recheck Cond: ((k >= 5266144) AND (k <= 5266244))
	  ->  Bitmap Index Scan on k_2  (cost=0.00..5.48 rows=105 width=0)
	        Index Cond: ((k >= 5266144) AND (k <= 5266244))

table 3 : explain SELECT k, c FROM sbtest3 WHERE k BETWEEN 5266144 AND 5266244
	Bitmap Heap Scan on sbtest3  (cost=5.47..405.13 rows=101 width=125)
	  Recheck Cond: ((k >= 5266144) AND (k <= 5266244))
	  ->  Bitmap Index Scan on k_3  (cost=0.00..5.44 rows=101 width=0)
	        Index Cond: ((k >= 5266144) AND (k <= 5266244))

table 4 : explain SELECT k, c FROM sbtest4 WHERE k BETWEEN 5266144 AND 5266244
	Bitmap Heap Scan on sbtest4  (cost=5.48..409.07 rows=102 width=125)
	  Recheck Cond: ((k >= 5266144) AND (k <= 5266244))
	  ->  Bitmap Index Scan on k_4  (cost=0.00..5.45 rows=102 width=0)
	        Index Cond: ((k >= 5266144) AND (k <= 5266244))

table 5 : explain SELECT k, c FROM sbtest5 WHERE k BETWEEN 5266144 AND 5266244
	Bitmap Heap Scan on sbtest5  (cost=5.46..401.19 rows=100 width=125)
	  Recheck Cond: ((k >= 5266144) AND (k <= 5266244))
	  ->  Bitmap Index Scan on k_5  (cost=0.00..5.43 rows=100 width=0)
	        Index Cond: ((k >= 5266144) AND (k <= 5266244))

table 6 : explain SELECT k, c FROM sbtest6 WHERE k BETWEEN 5266144 AND 5266244
	Bitmap Heap Scan on sbtest6  (cost=5.47..405.13 rows=101 width=125)
	  Recheck Cond: ((k >= 5266144) AND (k <= 5266244))
	  ->  Bitmap Index Scan on k_6  (cost=0.00..5.44 rows=101 width=0)
	        Index Cond: ((k >= 5266144) AND (k <= 5266244))

table 7 : explain SELECT k, c FROM sbtest7 WHERE k BETWEEN 5266144 AND 5266244
	Bitmap Heap Scan on sbtest7  (cost=5.47..405.13 rows=101 width=125)
	  Recheck Cond: ((k >= 5266144) AND (k <= 5266244))
	  ->  Bitmap Index Scan on k_7  (cost=0.00..5.44 rows=101 width=0)
	        Index Cond: ((k >= 5266144) AND (k <= 5266244))

table 8 : explain SELECT k, c FROM sbtest8 WHERE k BETWEEN 5266144 AND 5266244
	Bitmap Heap Scan on sbtest8  (cost=5.49..413.00 rows=103 width=125)
	  Recheck Cond: ((k >= 5266144) AND (k <= 5266244))
	  ->  Bitmap Index Scan on k_8  (cost=0.00..5.46 rows=103 width=0)
	        Index Cond: ((k >= 5266144) AND (k <= 5266244))

explain: for range-notcovered :: explain SELECT k, c FROM sbtest%d WHERE k BETWEEN 5266144 AND 5266244
for range-notcovered
table 1 : explain SELECT k, c FROM sbtest1 WHERE k BETWEEN 7541878 AND 7541978
	Bitmap Heap Scan on sbtest1  (cost=5.44..393.31 rows=98 width=125)
	  Recheck Cond: ((k >= 7541878) AND (k <= 7541978))
	  ->  Bitmap Index Scan on k_1  (cost=0.00..5.42 rows=98 width=0)
	        Index Cond: ((k >= 7541878) AND (k <= 7541978))

table 2 : explain SELECT k, c FROM sbtest2 WHERE k BETWEEN 7541878 AND 7541978
	Bitmap Heap Scan on sbtest2  (cost=5.46..401.19 rows=100 width=125)
	  Recheck Cond: ((k >= 7541878) AND (k <= 7541978))
	  ->  Bitmap Index Scan on k_2  (cost=0.00..5.43 rows=100 width=0)
	        Index Cond: ((k >= 7541878) AND (k <= 7541978))

table 3 : explain SELECT k, c FROM sbtest3 WHERE k BETWEEN 7541878 AND 7541978
	Bitmap Heap Scan on sbtest3  (cost=5.44..393.31 rows=98 width=125)
	  Recheck Cond: ((k >= 7541878) AND (k <= 7541978))
	  ->  Bitmap Index Scan on k_3  (cost=0.00..5.42 rows=98 width=0)
	        Index Cond: ((k >= 7541878) AND (k <= 7541978))

table 4 : explain SELECT k, c FROM sbtest4 WHERE k BETWEEN 7541878 AND 7541978
	Bitmap Heap Scan on sbtest4  (cost=5.49..413.00 rows=103 width=125)
	  Recheck Cond: ((k >= 7541878) AND (k <= 7541978))
	  ->  Bitmap Index Scan on k_4  (cost=0.00..5.46 rows=103 width=0)
	        Index Cond: ((k >= 7541878) AND (k <= 7541978))

table 5 : explain SELECT k, c FROM sbtest5 WHERE k BETWEEN 7541878 AND 7541978
	Bitmap Heap Scan on sbtest5  (cost=5.53..428.75 rows=107 width=125)
	  Recheck Cond: ((k >= 7541878) AND (k <= 7541978))
	  ->  Bitmap Index Scan on k_5  (cost=0.00..5.50 rows=107 width=0)
	        Index Cond: ((k >= 7541878) AND (k <= 7541978))

table 6 : explain SELECT k, c FROM sbtest6 WHERE k BETWEEN 7541878 AND 7541978
	Bitmap Heap Scan on sbtest6  (cost=5.53..428.75 rows=107 width=125)
	  Recheck Cond: ((k >= 7541878) AND (k <= 7541978))
	  ->  Bitmap Index Scan on k_6  (cost=0.00..5.50 rows=107 width=0)
	        Index Cond: ((k >= 7541878) AND (k <= 7541978))

table 7 : explain SELECT k, c FROM sbtest7 WHERE k BETWEEN 7541878 AND 7541978
	Bitmap Heap Scan on sbtest7  (cost=5.43..389.37 rows=97 width=125)
	  Recheck Cond: ((k >= 7541878) AND (k <= 7541978))
	  ->  Bitmap Index Scan on k_7  (cost=0.00..5.40 rows=97 width=0)
	        Index Cond: ((k >= 7541878) AND (k <= 7541978))

table 8 : explain SELECT k, c FROM sbtest8 WHERE k BETWEEN 7541878 AND 7541978
	Bitmap Heap Scan on sbtest8  (cost=5.45..397.25 rows=99 width=125)
	  Recheck Cond: ((k >= 7541878) AND (k <= 7541978))
	  ->  Bitmap Index Scan on k_8  (cost=0.00..5.42 rows=99 width=0)
	        Index Cond: ((k >= 7541878) AND (k <= 7541978))

for range-notcovered
table 1 : explain SELECT k, c FROM sbtest1 WHERE k BETWEEN 2474191 AND 2474291
	Bitmap Heap Scan on sbtest1  (cost=5.50..416.94 rows=104 width=125)
	  Recheck Cond: ((k >= 2474191) AND (k <= 2474291))
	  ->  Bitmap Index Scan on k_1  (cost=0.00..5.47 rows=104 width=0)
	        Index Cond: ((k >= 2474191) AND (k <= 2474291))

table 2 : explain SELECT k, c FROM sbtest2 WHERE k BETWEEN 2474191 AND 2474291
	Bitmap Heap Scan on sbtest2  (cost=5.46..401.19 rows=100 width=125)
	  Recheck Cond: ((k >= 2474191) AND (k <= 2474291))
	  ->  Bitmap Index Scan on k_2  (cost=0.00..5.43 rows=100 width=0)
	        Index Cond: ((k >= 2474191) AND (k <= 2474291))

table 3 : explain SELECT k, c FROM sbtest3 WHERE k BETWEEN 2474191 AND 2474291
	Bitmap Heap Scan on sbtest3  (cost=5.49..413.00 rows=103 width=125)
	  Recheck Cond: ((k >= 2474191) AND (k <= 2474291))
	  ->  Bitmap Index Scan on k_3  (cost=0.00..5.46 rows=103 width=0)
	        Index Cond: ((k >= 2474191) AND (k <= 2474291))

table 4 : explain SELECT k, c FROM sbtest4 WHERE k BETWEEN 2474191 AND 2474291
	Bitmap Heap Scan on sbtest4  (cost=5.55..436.62 rows=109 width=125)
	  Recheck Cond: ((k >= 2474191) AND (k <= 2474291))
	  ->  Bitmap Index Scan on k_4  (cost=0.00..5.52 rows=109 width=0)
	        Index Cond: ((k >= 2474191) AND (k <= 2474291))

table 5 : explain SELECT k, c FROM sbtest5 WHERE k BETWEEN 2474191 AND 2474291
	Bitmap Heap Scan on sbtest5  (cost=5.67..479.88 rows=120 width=125)
	  Recheck Cond: ((k >= 2474191) AND (k <= 2474291))
	  ->  Bitmap Index Scan on k_5  (cost=0.00..5.63 rows=120 width=0)
	        Index Cond: ((k >= 2474191) AND (k <= 2474291))

table 6 : explain SELECT k, c FROM sbtest6 WHERE k BETWEEN 2474191 AND 2474291
	Bitmap Heap Scan on sbtest6  (cost=5.46..401.19 rows=100 width=125)
	  Recheck Cond: ((k >= 2474191) AND (k <= 2474291))
	  ->  Bitmap Index Scan on k_6  (cost=0.00..5.43 rows=100 width=0)
	        Index Cond: ((k >= 2474191) AND (k <= 2474291))

table 7 : explain SELECT k, c FROM sbtest7 WHERE k BETWEEN 2474191 AND 2474291
	Bitmap Heap Scan on sbtest7  (cost=5.53..428.75 rows=107 width=125)
	  Recheck Cond: ((k >= 2474191) AND (k <= 2474291))
	  ->  Bitmap Index Scan on k_7  (cost=0.00..5.50 rows=107 width=0)
	        Index Cond: ((k >= 2474191) AND (k <= 2474291))

table 8 : explain SELECT k, c FROM sbtest8 WHERE k BETWEEN 2474191 AND 2474291
	Bitmap Heap Scan on sbtest8  (cost=5.48..409.07 rows=102 width=125)
	  Recheck Cond: ((k >= 2474191) AND (k <= 2474291))
	  ->  Bitmap Index Scan on k_8  (cost=0.00..5.45 rows=102 width=0)
	        Index Cond: ((k >= 2474191) AND (k <= 2474291))

explain: for range-notcovered :: explain SELECT k, c FROM sbtest%d WHERE k BETWEEN 2474191 AND 2474291
for range-notcovered
table 1 : explain SELECT k, c FROM sbtest1 WHERE k BETWEEN 5278573 AND 5278673
	Bitmap Heap Scan on sbtest1  (cost=5.36..361.78 rows=90 width=125)
	  Recheck Cond: ((k >= 5278573) AND (k <= 5278673))
	  ->  Bitmap Index Scan on k_1  (cost=0.00..5.33 rows=90 width=0)
	        Index Cond: ((k >= 5278573) AND (k <= 5278673))

table 2 : explain SELECT k, c FROM sbtest2 WHERE k BETWEEN 5278573 AND 5278673
	Bitmap Heap Scan on sbtest2  (cost=5.51..420.88 rows=105 width=125)
	  Recheck Cond: ((k >= 5278573) AND (k <= 5278673))
	  ->  Bitmap Index Scan on k_2  (cost=0.00..5.48 rows=105 width=0)
	        Index Cond: ((k >= 5278573) AND (k <= 5278673))

table 3 : explain SELECT k, c FROM sbtest3 WHERE k BETWEEN 5278573 AND 5278673
	Bitmap Heap Scan on sbtest3  (cost=5.47..405.13 rows=101 width=125)
	  Recheck Cond: ((k >= 5278573) AND (k <= 5278673))
	  ->  Bitmap Index Scan on k_3  (cost=0.00..5.44 rows=101 width=0)
	        Index Cond: ((k >= 5278573) AND (k <= 5278673))

table 4 : explain SELECT k, c FROM sbtest4 WHERE k BETWEEN 5278573 AND 5278673
	Bitmap Heap Scan on sbtest4  (cost=5.48..409.07 rows=102 width=125)
	  Recheck Cond: ((k >= 5278573) AND (k <= 5278673))
	  ->  Bitmap Index Scan on k_4  (cost=0.00..5.45 rows=102 width=0)
	        Index Cond: ((k >= 5278573) AND (k <= 5278673))

table 5 : explain SELECT k, c FROM sbtest5 WHERE k BETWEEN 5278573 AND 5278673
	Bitmap Heap Scan on sbtest5  (cost=5.45..397.25 rows=99 width=125)
	  Recheck Cond: ((k >= 5278573) AND (k <= 5278673))
	  ->  Bitmap Index Scan on k_5  (cost=0.00..5.42 rows=99 width=0)
	        Index Cond: ((k >= 5278573) AND (k <= 5278673))

table 6 : explain SELECT k, c FROM sbtest6 WHERE k BETWEEN 5278573 AND 5278673
	Bitmap Heap Scan on sbtest6  (cost=5.47..405.13 rows=101 width=125)
	  Recheck Cond: ((k >= 5278573) AND (k <= 5278673))
	  ->  Bitmap Index Scan on k_6  (cost=0.00..5.44 rows=101 width=0)
	        Index Cond: ((k >= 5278573) AND (k <= 5278673))

table 7 : explain SELECT k, c FROM sbtest7 WHERE k BETWEEN 5278573 AND 5278673
	Bitmap Heap Scan on sbtest7  (cost=5.43..389.37 rows=97 width=125)
	  Recheck Cond: ((k >= 5278573) AND (k <= 5278673))
	  ->  Bitmap Index Scan on k_7  (cost=0.00..5.40 rows=97 width=0)
	        Index Cond: ((k >= 5278573) AND (k <= 5278673))

table 8 : explain SELECT k, c FROM sbtest8 WHERE k BETWEEN 5278573 AND 5278673
	Bitmap Heap Scan on sbtest8  (cost=5.49..413.00 rows=103 width=125)
	  Recheck Cond: ((k >= 5278573) AND (k <= 5278673))
	  ->  Bitmap Index Scan on k_8  (cost=0.00..5.46 rows=103 width=0)
	        Index Cond: ((k >= 5278573) AND (k <= 5278673))

explain: for range-notcovered :: explain SELECT k, c FROM sbtest%d WHERE k BETWEEN 5278573 AND 5278673
explain: for range-notcovered :: explain SELECT k, c FROM sbtest%d WHERE k BETWEEN 7065614 AND 7065714
for range-notcovered
table 1 : explain SELECT k, c FROM sbtest1 WHERE k BETWEEN 5266144 AND 5266244
	Bitmap Heap Scan on sbtest1  (cost=5.36..361.78 rows=90 width=125)
	  Recheck Cond: ((k >= 5266144) AND (k <= 5266244))
	  ->  Bitmap Index Scan on k_1  (cost=0.00..5.33 rows=90 width=0)
	        Index Cond: ((k >= 5266144) AND (k <= 5266244))

table 2 : explain SELECT k, c FROM sbtest2 WHERE k BETWEEN 5266144 AND 5266244
	Bitmap Heap Scan on sbtest2  (cost=5.51..420.88 rows=105 width=125)
	  Recheck Cond: ((k >= 5266144) AND (k <= 5266244))
	  ->  Bitmap Index Scan on k_2  (cost=0.00..5.48 rows=105 width=0)
	        Index Cond: ((k >= 5266144) AND (k <= 5266244))

table 3 : explain SELECT k, c FROM sbtest3 WHERE k BETWEEN 5266144 AND 5266244
	Bitmap Heap Scan on sbtest3  (cost=5.47..405.13 rows=101 width=125)
	  Recheck Cond: ((k >= 5266144) AND (k <= 5266244))
	  ->  Bitmap Index Scan on k_3  (cost=0.00..5.44 rows=101 width=0)
	        Index Cond: ((k >= 5266144) AND (k <= 5266244))

table 4 : explain SELECT k, c FROM sbtest4 WHERE k BETWEEN 5266144 AND 5266244
	Bitmap Heap Scan on sbtest4  (cost=5.48..409.07 rows=102 width=125)
	  Recheck Cond: ((k >= 5266144) AND (k <= 5266244))
	  ->  Bitmap Index Scan on k_4  (cost=0.00..5.45 rows=102 width=0)
	        Index Cond: ((k >= 5266144) AND (k <= 5266244))

table 5 : explain SELECT k, c FROM sbtest5 WHERE k BETWEEN 5266144 AND 5266244
	Bitmap Heap Scan on sbtest5  (cost=5.46..401.19 rows=100 width=125)
	  Recheck Cond: ((k >= 5266144) AND (k <= 5266244))
	  ->  Bitmap Index Scan on k_5  (cost=0.00..5.43 rows=100 width=0)
	        Index Cond: ((k >= 5266144) AND (k <= 5266244))

table 6 : explain SELECT k, c FROM sbtest6 WHERE k BETWEEN 5266144 AND 5266244
	Bitmap Heap Scan on sbtest6  (cost=5.47..405.13 rows=101 width=125)
	  Recheck Cond: ((k >= 5266144) AND (k <= 5266244))
	  ->  Bitmap Index Scan on k_6  (cost=0.00..5.44 rows=101 width=0)
	        Index Cond: ((k >= 5266144) AND (k <= 5266244))

table 7 : explain SELECT k, c FROM sbtest7 WHERE k BETWEEN 5266144 AND 5266244
	Bitmap Heap Scan on sbtest7  (cost=5.47..405.13 rows=101 width=125)
	  Recheck Cond: ((k >= 5266144) AND (k <= 5266244))
	  ->  Bitmap Index Scan on k_7  (cost=0.00..5.44 rows=101 width=0)
	        Index Cond: ((k >= 5266144) AND (k <= 5266244))

table 8 : explain SELECT k, c FROM sbtest8 WHERE k BETWEEN 5266144 AND 5266244
	Bitmap Heap Scan on sbtest8  (cost=5.49..413.00 rows=103 width=125)
	  Recheck Cond: ((k >= 5266144) AND (k <= 5266244))
	  ->  Bitmap Index Scan on k_8  (cost=0.00..5.46 rows=103 width=0)
	        Index Cond: ((k >= 5266144) AND (k <= 5266244))

explain: for range-notcovered :: explain SELECT k, c FROM sbtest%d WHERE k BETWEEN 6366034 AND 6366134
for range-notcovered
table 1 : explain SELECT k, c FROM sbtest1 WHERE k BETWEEN 2474191 AND 2474291
	Bitmap Heap Scan on sbtest1  (cost=5.50..416.94 rows=104 width=125)
	  Recheck Cond: ((k >= 2474191) AND (k <= 2474291))
	  ->  Bitmap Index Scan on k_1  (cost=0.00..5.47 rows=104 width=0)
	        Index Cond: ((k >= 2474191) AND (k <= 2474291))

table 2 : explain SELECT k, c FROM sbtest2 WHERE k BETWEEN 2474191 AND 2474291
	Bitmap Heap Scan on sbtest2  (cost=5.46..401.19 rows=100 width=125)
	  Recheck Cond: ((k >= 2474191) AND (k <= 2474291))
	  ->  Bitmap Index Scan on k_2  (cost=0.00..5.43 rows=100 width=0)
	        Index Cond: ((k >= 2474191) AND (k <= 2474291))

table 3 : explain SELECT k, c FROM sbtest3 WHERE k BETWEEN 2474191 AND 2474291
	Bitmap Heap Scan on sbtest3  (cost=5.49..413.00 rows=103 width=125)
	  Recheck Cond: ((k >= 2474191) AND (k <= 2474291))
	  ->  Bitmap Index Scan on k_3  (cost=0.00..5.46 rows=103 width=0)
	        Index Cond: ((k >= 2474191) AND (k <= 2474291))

table 4 : explain SELECT k, c FROM sbtest4 WHERE k BETWEEN 2474191 AND 2474291
	Bitmap Heap Scan on sbtest4  (cost=5.55..436.62 rows=109 width=125)
	  Recheck Cond: ((k >= 2474191) AND (k <= 2474291))
	  ->  Bitmap Index Scan on k_4  (cost=0.00..5.52 rows=109 width=0)
	        Index Cond: ((k >= 2474191) AND (k <= 2474291))

table 5 : explain SELECT k, c FROM sbtest5 WHERE k BETWEEN 2474191 AND 2474291
	Bitmap Heap Scan on sbtest5  (cost=5.67..479.88 rows=120 width=125)
	  Recheck Cond: ((k >= 2474191) AND (k <= 2474291))
	  ->  Bitmap Index Scan on k_5  (cost=0.00..5.63 rows=120 width=0)
	        Index Cond: ((k >= 2474191) AND (k <= 2474291))

table 6 : explain SELECT k, c FROM sbtest6 WHERE k BETWEEN 2474191 AND 2474291
	Bitmap Heap Scan on sbtest6  (cost=5.46..401.19 rows=100 width=125)
	  Recheck Cond: ((k >= 2474191) AND (k <= 2474291))
	  ->  Bitmap Index Scan on k_6  (cost=0.00..5.43 rows=100 width=0)
	        Index Cond: ((k >= 2474191) AND (k <= 2474291))

table 7 : explain SELECT k, c FROM sbtest7 WHERE k BETWEEN 2474191 AND 2474291
	Bitmap Heap Scan on sbtest7  (cost=5.53..428.75 rows=107 width=125)
	  Recheck Cond: ((k >= 2474191) AND (k <= 2474291))
	  ->  Bitmap Index Scan on k_7  (cost=0.00..5.50 rows=107 width=0)
	        Index Cond: ((k >= 2474191) AND (k <= 2474291))

table 8 : explain SELECT k, c FROM sbtest8 WHERE k BETWEEN 2474191 AND 2474291
	Bitmap Heap Scan on sbtest8  (cost=5.48..409.07 rows=102 width=125)
	  Recheck Cond: ((k >= 2474191) AND (k <= 2474291))
	  ->  Bitmap Index Scan on k_8  (cost=0.00..5.45 rows=102 width=0)
	        Index Cond: ((k >= 2474191) AND (k <= 2474291))

explain: for range-notcovered :: explain SELECT k, c FROM sbtest%d WHERE k BETWEEN 2474191 AND 2474291
for range-notcovered
table 1 : explain SELECT k, c FROM sbtest1 WHERE k BETWEEN 5278573 AND 5278673
	Bitmap Heap Scan on sbtest1  (cost=5.36..361.78 rows=90 width=125)
	  Recheck Cond: ((k >= 5278573) AND (k <= 5278673))
	  ->  Bitmap Index Scan on k_1  (cost=0.00..5.33 rows=90 width=0)
	        Index Cond: ((k >= 5278573) AND (k <= 5278673))

table 2 : explain SELECT k, c FROM sbtest2 WHERE k BETWEEN 5278573 AND 5278673
	Bitmap Heap Scan on sbtest2  (cost=5.51..420.88 rows=105 width=125)
	  Recheck Cond: ((k >= 5278573) AND (k <= 5278673))
	  ->  Bitmap Index Scan on k_2  (cost=0.00..5.48 rows=105 width=0)
	        Index Cond: ((k >= 5278573) AND (k <= 5278673))

table 3 : explain SELECT k, c FROM sbtest3 WHERE k BETWEEN 5278573 AND 5278673
	Bitmap Heap Scan on sbtest3  (cost=5.47..405.13 rows=101 width=125)
	  Recheck Cond: ((k >= 5278573) AND (k <= 5278673))
	  ->  Bitmap Index Scan on k_3  (cost=0.00..5.44 rows=101 width=0)
	        Index Cond: ((k >= 5278573) AND (k <= 5278673))

table 4 : explain SELECT k, c FROM sbtest4 WHERE k BETWEEN 5278573 AND 5278673
	Bitmap Heap Scan on sbtest4  (cost=5.48..409.07 rows=102 width=125)
	  Recheck Cond: ((k >= 5278573) AND (k <= 5278673))
	  ->  Bitmap Index Scan on k_4  (cost=0.00..5.45 rows=102 width=0)
	        Index Cond: ((k >= 5278573) AND (k <= 5278673))

table 5 : explain SELECT k, c FROM sbtest5 WHERE k BETWEEN 5278573 AND 5278673
	Bitmap Heap Scan on sbtest5  (cost=5.45..397.25 rows=99 width=125)
	  Recheck Cond: ((k >= 5278573) AND (k <= 5278673))
	  ->  Bitmap Index Scan on k_5  (cost=0.00..5.42 rows=99 width=0)
	        Index Cond: ((k >= 5278573) AND (k <= 5278673))

table 6 : explain SELECT k, c FROM sbtest6 WHERE k BETWEEN 5278573 AND 5278673
	Bitmap Heap Scan on sbtest6  (cost=5.47..405.13 rows=101 width=125)
	  Recheck Cond: ((k >= 5278573) AND (k <= 5278673))
	  ->  Bitmap Index Scan on k_6  (cost=0.00..5.44 rows=101 width=0)
	        Index Cond: ((k >= 5278573) AND (k <= 5278673))

table 7 : explain SELECT k, c FROM sbtest7 WHERE k BETWEEN 5278573 AND 5278673
	Bitmap Heap Scan on sbtest7  (cost=5.43..389.37 rows=97 width=125)
	  Recheck Cond: ((k >= 5278573) AND (k <= 5278673))
	  ->  Bitmap Index Scan on k_7  (cost=0.00..5.40 rows=97 width=0)
	        Index Cond: ((k >= 5278573) AND (k <= 5278673))

table 8 : explain SELECT k, c FROM sbtest8 WHERE k BETWEEN 5278573 AND 5278673
	Bitmap Heap Scan on sbtest8  (cost=5.49..413.00 rows=103 width=125)
	  Recheck Cond: ((k >= 5278573) AND (k <= 5278673))
	  ->  Bitmap Index Scan on k_8  (cost=0.00..5.46 rows=103 width=0)
	        Index Cond: ((k >= 5278573) AND (k <= 5278673))

explain: for range-notcovered :: explain SELECT k, c FROM sbtest%d WHERE k BETWEEN 5278573 AND 5278673
for range-notcovered
table 1 : explain SELECT k, c FROM sbtest1 WHERE k BETWEEN 7011235 AND 7011335
	Bitmap Heap Scan on sbtest1  (cost=5.53..428.75 rows=107 width=125)
	  Recheck Cond: ((k >= 7011235) AND (k <= 7011335))
	  ->  Bitmap Index Scan on k_1  (cost=0.00..5.50 rows=107 width=0)
	        Index Cond: ((k >= 7011235) AND (k <= 7011335))

table 2 : explain SELECT k, c FROM sbtest2 WHERE k BETWEEN 7011235 AND 7011335
	Bitmap Heap Scan on sbtest2  (cost=5.45..397.25 rows=99 width=125)
	  Recheck Cond: ((k >= 7011235) AND (k <= 7011335))
	  ->  Bitmap Index Scan on k_2  (cost=0.00..5.42 rows=99 width=0)
	        Index Cond: ((k >= 7011235) AND (k <= 7011335))

table 3 : explain SELECT k, c FROM sbtest3 WHERE k BETWEEN 7011235 AND 7011335
	Bitmap Heap Scan on sbtest3  (cost=5.48..409.07 rows=102 width=125)
	  Recheck Cond: ((k >= 7011235) AND (k <= 7011335))
	  ->  Bitmap Index Scan on k_3  (cost=0.00..5.45 rows=102 width=0)
	        Index Cond: ((k >= 7011235) AND (k <= 7011335))

table 4 : explain SELECT k, c FROM sbtest4 WHERE k BETWEEN 7011235 AND 7011335
	Bitmap Heap Scan on sbtest4  (cost=5.43..389.37 rows=97 width=125)
	  Recheck Cond: ((k >= 7011235) AND (k <= 7011335))
	  ->  Bitmap Index Scan on k_4  (cost=0.00..5.40 rows=97 width=0)
	        Index Cond: ((k >= 7011235) AND (k <= 7011335))

table 5 : explain SELECT k, c FROM sbtest5 WHERE k BETWEEN 7011235 AND 7011335
	Bitmap Heap Scan on sbtest5  (cost=5.46..401.19 rows=100 width=125)
	  Recheck Cond: ((k >= 7011235) AND (k <= 7011335))
	  ->  Bitmap Index Scan on k_5  (cost=0.00..5.43 rows=100 width=0)
	        Index Cond: ((k >= 7011235) AND (k <= 7011335))

table 6 : explain SELECT k, c FROM sbtest6 WHERE k BETWEEN 7011235 AND 7011335
	Bitmap Heap Scan on sbtest6  (cost=5.41..381.49 rows=95 width=125)
	  Recheck Cond: ((k >= 7011235) AND (k <= 7011335))
	  ->  Bitmap Index Scan on k_6  (cost=0.00..5.38 rows=95 width=0)
	        Index Cond: ((k >= 7011235) AND (k <= 7011335))

table 7 : explain SELECT k, c FROM sbtest7 WHERE k BETWEEN 7011235 AND 7011335
	Bitmap Heap Scan on sbtest7  (cost=5.49..413.00 rows=103 width=125)
	  Recheck Cond: ((k >= 7011235) AND (k <= 7011335))
	  ->  Bitmap Index Scan on k_7  (cost=0.00..5.46 rows=103 width=0)
	        Index Cond: ((k >= 7011235) AND (k <= 7011335))

table 8 : explain SELECT k, c FROM sbtest8 WHERE k BETWEEN 7011235 AND 7011335
	Bitmap Heap Scan on sbtest8  (cost=5.46..401.19 rows=100 width=125)
	  Recheck Cond: ((k >= 7011235) AND (k <= 7011335))
	  ->  Bitmap Index Scan on k_8  (cost=0.00..5.43 rows=100 width=0)
	        Index Cond: ((k >= 7011235) AND (k <= 7011335))

explain: for range-notcovered :: explain SELECT k, c FROM sbtest%d WHERE k BETWEEN 7011235 AND 7011335
explain: for range-notcovered :: explain SELECT k, c FROM sbtest%d WHERE k BETWEEN 1282474 AND 1282574
for range-notcovered
table 1 : explain SELECT k, c FROM sbtest1 WHERE k BETWEEN 2474191 AND 2474291
	Bitmap Heap Scan on sbtest1  (cost=5.50..416.94 rows=104 width=125)
	  Recheck Cond: ((k >= 2474191) AND (k <= 2474291))
	  ->  Bitmap Index Scan on k_1  (cost=0.00..5.47 rows=104 width=0)
	        Index Cond: ((k >= 2474191) AND (k <= 2474291))

table 2 : explain SELECT k, c FROM sbtest2 WHERE k BETWEEN 2474191 AND 2474291
	Bitmap Heap Scan on sbtest2  (cost=5.46..401.19 rows=100 width=125)
	  Recheck Cond: ((k >= 2474191) AND (k <= 2474291))
	  ->  Bitmap Index Scan on k_2  (cost=0.00..5.43 rows=100 width=0)
	        Index Cond: ((k >= 2474191) AND (k <= 2474291))

table 3 : explain SELECT k, c FROM sbtest3 WHERE k BETWEEN 2474191 AND 2474291
	Bitmap Heap Scan on sbtest3  (cost=5.49..413.00 rows=103 width=125)
	  Recheck Cond: ((k >= 2474191) AND (k <= 2474291))
	  ->  Bitmap Index Scan on k_3  (cost=0.00..5.46 rows=103 width=0)
	        Index Cond: ((k >= 2474191) AND (k <= 2474291))

table 4 : explain SELECT k, c FROM sbtest4 WHERE k BETWEEN 2474191 AND 2474291
	Bitmap Heap Scan on sbtest4  (cost=5.55..436.62 rows=109 width=125)
	  Recheck Cond: ((k >= 2474191) AND (k <= 2474291))
	  ->  Bitmap Index Scan on k_4  (cost=0.00..5.52 rows=109 width=0)
	        Index Cond: ((k >= 2474191) AND (k <= 2474291))

table 5 : explain SELECT k, c FROM sbtest5 WHERE k BETWEEN 2474191 AND 2474291
	Bitmap Heap Scan on sbtest5  (cost=5.67..479.88 rows=120 width=125)
	  Recheck Cond: ((k >= 2474191) AND (k <= 2474291))
	  ->  Bitmap Index Scan on k_5  (cost=0.00..5.63 rows=120 width=0)
	        Index Cond: ((k >= 2474191) AND (k <= 2474291))

table 6 : explain SELECT k, c FROM sbtest6 WHERE k BETWEEN 2474191 AND 2474291
	Bitmap Heap Scan on sbtest6  (cost=5.46..401.19 rows=100 width=125)
	  Recheck Cond: ((k >= 2474191) AND (k <= 2474291))
	  ->  Bitmap Index Scan on k_6  (cost=0.00..5.43 rows=100 width=0)
	        Index Cond: ((k >= 2474191) AND (k <= 2474291))

table 7 : explain SELECT k, c FROM sbtest7 WHERE k BETWEEN 2474191 AND 2474291
	Bitmap Heap Scan on sbtest7  (cost=5.53..428.75 rows=107 width=125)
	  Recheck Cond: ((k >= 2474191) AND (k <= 2474291))
	  ->  Bitmap Index Scan on k_7  (cost=0.00..5.50 rows=107 width=0)
	        Index Cond: ((k >= 2474191) AND (k <= 2474291))

table 8 : explain SELECT k, c FROM sbtest8 WHERE k BETWEEN 2474191 AND 2474291
	Bitmap Heap Scan on sbtest8  (cost=5.48..409.07 rows=102 width=125)
	  Recheck Cond: ((k >= 2474191) AND (k <= 2474291))
	  ->  Bitmap Index Scan on k_8  (cost=0.00..5.45 rows=102 width=0)
	        Index Cond: ((k >= 2474191) AND (k <= 2474291))

explain: for range-notcovered :: explain SELECT k, c FROM sbtest%d WHERE k BETWEEN 2474191 AND 2474291
for range-notcovered
table 1 : explain SELECT k, c FROM sbtest1 WHERE k BETWEEN 5278573 AND 5278673
	Bitmap Heap Scan on sbtest1  (cost=5.36..361.78 rows=90 width=125)
	  Recheck Cond: ((k >= 5278573) AND (k <= 5278673))
	  ->  Bitmap Index Scan on k_1  (cost=0.00..5.33 rows=90 width=0)
	        Index Cond: ((k >= 5278573) AND (k <= 5278673))

table 2 : explain SELECT k, c FROM sbtest2 WHERE k BETWEEN 5278573 AND 5278673
	Bitmap Heap Scan on sbtest2  (cost=5.51..420.88 rows=105 width=125)
	  Recheck Cond: ((k >= 5278573) AND (k <= 5278673))
	  ->  Bitmap Index Scan on k_2  (cost=0.00..5.48 rows=105 width=0)
	        Index Cond: ((k >= 5278573) AND (k <= 5278673))

table 3 : explain SELECT k, c FROM sbtest3 WHERE k BETWEEN 5278573 AND 5278673
	Bitmap Heap Scan on sbtest3  (cost=5.47..405.13 rows=101 width=125)
	  Recheck Cond: ((k >= 5278573) AND (k <= 5278673))
	  ->  Bitmap Index Scan on k_3  (cost=0.00..5.44 rows=101 width=0)
	        Index Cond: ((k >= 5278573) AND (k <= 5278673))

table 4 : explain SELECT k, c FROM sbtest4 WHERE k BETWEEN 5278573 AND 5278673
	Bitmap Heap Scan on sbtest4  (cost=5.48..409.07 rows=102 width=125)
	  Recheck Cond: ((k >= 5278573) AND (k <= 5278673))
	  ->  Bitmap Index Scan on k_4  (cost=0.00..5.45 rows=102 width=0)
	        Index Cond: ((k >= 5278573) AND (k <= 5278673))

table 5 : explain SELECT k, c FROM sbtest5 WHERE k BETWEEN 5278573 AND 5278673
	Bitmap Heap Scan on sbtest5  (cost=5.45..397.25 rows=99 width=125)
	  Recheck Cond: ((k >= 5278573) AND (k <= 5278673))
	  ->  Bitmap Index Scan on k_5  (cost=0.00..5.42 rows=99 width=0)
	        Index Cond: ((k >= 5278573) AND (k <= 5278673))

table 6 : explain SELECT k, c FROM sbtest6 WHERE k BETWEEN 5278573 AND 5278673
	Bitmap Heap Scan on sbtest6  (cost=5.47..405.13 rows=101 width=125)
	  Recheck Cond: ((k >= 5278573) AND (k <= 5278673))
	  ->  Bitmap Index Scan on k_6  (cost=0.00..5.44 rows=101 width=0)
	        Index Cond: ((k >= 5278573) AND (k <= 5278673))

table 7 : explain SELECT k, c FROM sbtest7 WHERE k BETWEEN 5278573 AND 5278673
	Bitmap Heap Scan on sbtest7  (cost=5.43..389.37 rows=97 width=125)
	  Recheck Cond: ((k >= 5278573) AND (k <= 5278673))
	  ->  Bitmap Index Scan on k_7  (cost=0.00..5.40 rows=97 width=0)
	        Index Cond: ((k >= 5278573) AND (k <= 5278673))

table 8 : explain SELECT k, c FROM sbtest8 WHERE k BETWEEN 5278573 AND 5278673
	Bitmap Heap Scan on sbtest8  (cost=5.49..413.00 rows=103 width=125)
	  Recheck Cond: ((k >= 5278573) AND (k <= 5278673))
	  ->  Bitmap Index Scan on k_8  (cost=0.00..5.46 rows=103 width=0)
	        Index Cond: ((k >= 5278573) AND (k <= 5278673))

explain: for range-notcovered :: explain SELECT k, c FROM sbtest%d WHERE k BETWEEN 3092567 AND 3092667
explain: for range-notcovered :: explain SELECT k, c FROM sbtest%d WHERE k BETWEEN 5278573 AND 5278673
for range-notcovered
table 1 : explain SELECT k, c FROM sbtest1 WHERE k BETWEEN 7011235 AND 7011335
	Bitmap Heap Scan on sbtest1  (cost=5.53..428.75 rows=107 width=125)
	  Recheck Cond: ((k >= 7011235) AND (k <= 7011335))
	  ->  Bitmap Index Scan on k_1  (cost=0.00..5.50 rows=107 width=0)
	        Index Cond: ((k >= 7011235) AND (k <= 7011335))

table 2 : explain SELECT k, c FROM sbtest2 WHERE k BETWEEN 7011235 AND 7011335
	Bitmap Heap Scan on sbtest2  (cost=5.45..397.25 rows=99 width=125)
	  Recheck Cond: ((k >= 7011235) AND (k <= 7011335))
	  ->  Bitmap Index Scan on k_2  (cost=0.00..5.42 rows=99 width=0)
	        Index Cond: ((k >= 7011235) AND (k <= 7011335))

table 3 : explain SELECT k, c FROM sbtest3 WHERE k BETWEEN 7011235 AND 7011335
	Bitmap Heap Scan on sbtest3  (cost=5.48..409.07 rows=102 width=125)
	  Recheck Cond: ((k >= 7011235) AND (k <= 7011335))
	  ->  Bitmap Index Scan on k_3  (cost=0.00..5.45 rows=102 width=0)
	        Index Cond: ((k >= 7011235) AND (k <= 7011335))

table 4 : explain SELECT k, c FROM sbtest4 WHERE k BETWEEN 7011235 AND 7011335
	Bitmap Heap Scan on sbtest4  (cost=5.43..389.37 rows=97 width=125)
	  Recheck Cond: ((k >= 7011235) AND (k <= 7011335))
	  ->  Bitmap Index Scan on k_4  (cost=0.00..5.40 rows=97 width=0)
	        Index Cond: ((k >= 7011235) AND (k <= 7011335))

table 5 : explain SELECT k, c FROM sbtest5 WHERE k BETWEEN 7011235 AND 7011335
	Bitmap Heap Scan on sbtest5  (cost=5.46..401.19 rows=100 width=125)
	  Recheck Cond: ((k >= 7011235) AND (k <= 7011335))
	  ->  Bitmap Index Scan on k_5  (cost=0.00..5.43 rows=100 width=0)
	        Index Cond: ((k >= 7011235) AND (k <= 7011335))

table 6 : explain SELECT k, c FROM sbtest6 WHERE k BETWEEN 7011235 AND 7011335
	Bitmap Heap Scan on sbtest6  (cost=5.41..381.49 rows=95 width=125)
	  Recheck Cond: ((k >= 7011235) AND (k <= 7011335))
	  ->  Bitmap Index Scan on k_6  (cost=0.00..5.38 rows=95 width=0)
	        Index Cond: ((k >= 7011235) AND (k <= 7011335))

table 7 : explain SELECT k, c FROM sbtest7 WHERE k BETWEEN 7011235 AND 7011335
	Bitmap Heap Scan on sbtest7  (cost=5.49..413.00 rows=103 width=125)
	  Recheck Cond: ((k >= 7011235) AND (k <= 7011335))
	  ->  Bitmap Index Scan on k_7  (cost=0.00..5.46 rows=103 width=0)
	        Index Cond: ((k >= 7011235) AND (k <= 7011335))

table 8 : explain SELECT k, c FROM sbtest8 WHERE k BETWEEN 7011235 AND 7011335
	Bitmap Heap Scan on sbtest8  (cost=5.46..401.19 rows=100 width=125)
	  Recheck Cond: ((k >= 7011235) AND (k <= 7011335))
	  ->  Bitmap Index Scan on k_8  (cost=0.00..5.43 rows=100 width=0)
	        Index Cond: ((k >= 7011235) AND (k <= 7011335))

explain: for range-notcovered :: explain SELECT k, c FROM sbtest%d WHERE k BETWEEN 7011235 AND 7011335
explain: for range-notcovered :: explain SELECT k, c FROM sbtest%d WHERE k BETWEEN 4493875 AND 4493975
for range-notcovered
table 1 : explain SELECT k, c FROM sbtest1 WHERE k BETWEEN 5278573 AND 5278673
	Bitmap Heap Scan on sbtest1  (cost=5.36..361.78 rows=90 width=125)
	  Recheck Cond: ((k >= 5278573) AND (k <= 5278673))
	  ->  Bitmap Index Scan on k_1  (cost=0.00..5.33 rows=90 width=0)
	        Index Cond: ((k >= 5278573) AND (k <= 5278673))

table 2 : explain SELECT k, c FROM sbtest2 WHERE k BETWEEN 5278573 AND 5278673
	Bitmap Heap Scan on sbtest2  (cost=5.51..420.88 rows=105 width=125)
	  Recheck Cond: ((k >= 5278573) AND (k <= 5278673))
	  ->  Bitmap Index Scan on k_2  (cost=0.00..5.48 rows=105 width=0)
	        Index Cond: ((k >= 5278573) AND (k <= 5278673))

table 3 : explain SELECT k, c FROM sbtest3 WHERE k BETWEEN 5278573 AND 5278673
	Bitmap Heap Scan on sbtest3  (cost=5.47..405.13 rows=101 width=125)
	  Recheck Cond: ((k >= 5278573) AND (k <= 5278673))
	  ->  Bitmap Index Scan on k_3  (cost=0.00..5.44 rows=101 width=0)
	        Index Cond: ((k >= 5278573) AND (k <= 5278673))

table 4 : explain SELECT k, c FROM sbtest4 WHERE k BETWEEN 5278573 AND 5278673
	Bitmap Heap Scan on sbtest4  (cost=5.48..409.07 rows=102 width=125)
	  Recheck Cond: ((k >= 5278573) AND (k <= 5278673))
	  ->  Bitmap Index Scan on k_4  (cost=0.00..5.45 rows=102 width=0)
	        Index Cond: ((k >= 5278573) AND (k <= 5278673))

table 5 : explain SELECT k, c FROM sbtest5 WHERE k BETWEEN 5278573 AND 5278673
	Bitmap Heap Scan on sbtest5  (cost=5.45..397.25 rows=99 width=125)
	  Recheck Cond: ((k >= 5278573) AND (k <= 5278673))
	  ->  Bitmap Index Scan on k_5  (cost=0.00..5.42 rows=99 width=0)
	        Index Cond: ((k >= 5278573) AND (k <= 5278673))

table 6 : explain SELECT k, c FROM sbtest6 WHERE k BETWEEN 5278573 AND 5278673
	Bitmap Heap Scan on sbtest6  (cost=5.47..405.13 rows=101 width=125)
	  Recheck Cond: ((k >= 5278573) AND (k <= 5278673))
	  ->  Bitmap Index Scan on k_6  (cost=0.00..5.44 rows=101 width=0)
	        Index Cond: ((k >= 5278573) AND (k <= 5278673))

table 7 : explain SELECT k, c FROM sbtest7 WHERE k BETWEEN 5278573 AND 5278673
	Bitmap Heap Scan on sbtest7  (cost=5.43..389.37 rows=97 width=125)
	  Recheck Cond: ((k >= 5278573) AND (k <= 5278673))
	  ->  Bitmap Index Scan on k_7  (cost=0.00..5.40 rows=97 width=0)
	        Index Cond: ((k >= 5278573) AND (k <= 5278673))

table 8 : explain SELECT k, c FROM sbtest8 WHERE k BETWEEN 5278573 AND 5278673
	Bitmap Heap Scan on sbtest8  (cost=5.49..413.00 rows=103 width=125)
	  Recheck Cond: ((k >= 5278573) AND (k <= 5278673))
	  ->  Bitmap Index Scan on k_8  (cost=0.00..5.46 rows=103 width=0)
	        Index Cond: ((k >= 5278573) AND (k <= 5278673))

for range-notcovered
table 1 : explain SELECT k, c FROM sbtest1 WHERE k BETWEEN 2474191 AND 2474291
	Bitmap Heap Scan on sbtest1  (cost=5.50..416.94 rows=104 width=125)
	  Recheck Cond: ((k >= 2474191) AND (k <= 2474291))
	  ->  Bitmap Index Scan on k_1  (cost=0.00..5.47 rows=104 width=0)
	        Index Cond: ((k >= 2474191) AND (k <= 2474291))

table 2 : explain SELECT k, c FROM sbtest2 WHERE k BETWEEN 2474191 AND 2474291
	Bitmap Heap Scan on sbtest2  (cost=5.46..401.19 rows=100 width=125)
	  Recheck Cond: ((k >= 2474191) AND (k <= 2474291))
	  ->  Bitmap Index Scan on k_2  (cost=0.00..5.43 rows=100 width=0)
	        Index Cond: ((k >= 2474191) AND (k <= 2474291))

table 3 : explain SELECT k, c FROM sbtest3 WHERE k BETWEEN 2474191 AND 2474291
	Bitmap Heap Scan on sbtest3  (cost=5.49..413.00 rows=103 width=125)
	  Recheck Cond: ((k >= 2474191) AND (k <= 2474291))
	  ->  Bitmap Index Scan on k_3  (cost=0.00..5.46 rows=103 width=0)
	        Index Cond: ((k >= 2474191) AND (k <= 2474291))

table 4 : explain SELECT k, c FROM sbtest4 WHERE k BETWEEN 2474191 AND 2474291
	Bitmap Heap Scan on sbtest4  (cost=5.55..436.62 rows=109 width=125)
	  Recheck Cond: ((k >= 2474191) AND (k <= 2474291))
	  ->  Bitmap Index Scan on k_4  (cost=0.00..5.52 rows=109 width=0)
	        Index Cond: ((k >= 2474191) AND (k <= 2474291))

table 5 : explain SELECT k, c FROM sbtest5 WHERE k BETWEEN 2474191 AND 2474291
	Bitmap Heap Scan on sbtest5  (cost=5.67..479.88 rows=120 width=125)
	  Recheck Cond: ((k >= 2474191) AND (k <= 2474291))
	  ->  Bitmap Index Scan on k_5  (cost=0.00..5.63 rows=120 width=0)
	        Index Cond: ((k >= 2474191) AND (k <= 2474291))

table 6 : explain SELECT k, c FROM sbtest6 WHERE k BETWEEN 2474191 AND 2474291
	Bitmap Heap Scan on sbtest6  (cost=5.46..401.19 rows=100 width=125)
	  Recheck Cond: ((k >= 2474191) AND (k <= 2474291))
	  ->  Bitmap Index Scan on k_6  (cost=0.00..5.43 rows=100 width=0)
	        Index Cond: ((k >= 2474191) AND (k <= 2474291))

table 7 : explain SELECT k, c FROM sbtest7 WHERE k BETWEEN 2474191 AND 2474291
	Bitmap Heap Scan on sbtest7  (cost=5.53..428.75 rows=107 width=125)
	  Recheck Cond: ((k >= 2474191) AND (k <= 2474291))
	  ->  Bitmap Index Scan on k_7  (cost=0.00..5.50 rows=107 width=0)
	        Index Cond: ((k >= 2474191) AND (k <= 2474291))

table 8 : explain SELECT k, c FROM sbtest8 WHERE k BETWEEN 2474191 AND 2474291
	Bitmap Heap Scan on sbtest8  (cost=5.48..409.07 rows=102 width=125)
	  Recheck Cond: ((k >= 2474191) AND (k <= 2474291))
	  ->  Bitmap Index Scan on k_8  (cost=0.00..5.45 rows=102 width=0)
	        Index Cond: ((k >= 2474191) AND (k <= 2474291))

explain: for range-notcovered :: explain SELECT k, c FROM sbtest%d WHERE k BETWEEN 2474191 AND 2474291
for range-notcovered
table 1 : explain SELECT k, c FROM sbtest1 WHERE k BETWEEN 7011235 AND 7011335
	Bitmap Heap Scan on sbtest1  (cost=5.53..428.75 rows=107 width=125)
	  Recheck Cond: ((k >= 7011235) AND (k <= 7011335))
	  ->  Bitmap Index Scan on k_1  (cost=0.00..5.50 rows=107 width=0)
	        Index Cond: ((k >= 7011235) AND (k <= 7011335))

table 2 : explain SELECT k, c FROM sbtest2 WHERE k BETWEEN 7011235 AND 7011335
	Bitmap Heap Scan on sbtest2  (cost=5.45..397.25 rows=99 width=125)
	  Recheck Cond: ((k >= 7011235) AND (k <= 7011335))
	  ->  Bitmap Index Scan on k_2  (cost=0.00..5.42 rows=99 width=0)
	        Index Cond: ((k >= 7011235) AND (k <= 7011335))

table 3 : explain SELECT k, c FROM sbtest3 WHERE k BETWEEN 7011235 AND 7011335
	Bitmap Heap Scan on sbtest3  (cost=5.48..409.07 rows=102 width=125)
	  Recheck Cond: ((k >= 7011235) AND (k <= 7011335))
	  ->  Bitmap Index Scan on k_3  (cost=0.00..5.45 rows=102 width=0)
	        Index Cond: ((k >= 7011235) AND (k <= 7011335))

table 4 : explain SELECT k, c FROM sbtest4 WHERE k BETWEEN 7011235 AND 7011335
	Bitmap Heap Scan on sbtest4  (cost=5.43..389.37 rows=97 width=125)
	  Recheck Cond: ((k >= 7011235) AND (k <= 7011335))
	  ->  Bitmap Index Scan on k_4  (cost=0.00..5.40 rows=97 width=0)
	        Index Cond: ((k >= 7011235) AND (k <= 7011335))

table 5 : explain SELECT k, c FROM sbtest5 WHERE k BETWEEN 7011235 AND 7011335
	Bitmap Heap Scan on sbtest5  (cost=5.46..401.19 rows=100 width=125)
	  Recheck Cond: ((k >= 7011235) AND (k <= 7011335))
	  ->  Bitmap Index Scan on k_5  (cost=0.00..5.43 rows=100 width=0)
	        Index Cond: ((k >= 7011235) AND (k <= 7011335))

table 6 : explain SELECT k, c FROM sbtest6 WHERE k BETWEEN 7011235 AND 7011335
	Bitmap Heap Scan on sbtest6  (cost=5.41..381.49 rows=95 width=125)
	  Recheck Cond: ((k >= 7011235) AND (k <= 7011335))
	  ->  Bitmap Index Scan on k_6  (cost=0.00..5.38 rows=95 width=0)
	        Index Cond: ((k >= 7011235) AND (k <= 7011335))

table 7 : explain SELECT k, c FROM sbtest7 WHERE k BETWEEN 7011235 AND 7011335
	Bitmap Heap Scan on sbtest7  (cost=5.49..413.00 rows=103 width=125)
	  Recheck Cond: ((k >= 7011235) AND (k <= 7011335))
	  ->  Bitmap Index Scan on k_7  (cost=0.00..5.46 rows=103 width=0)
	        Index Cond: ((k >= 7011235) AND (k <= 7011335))

table 8 : explain SELECT k, c FROM sbtest8 WHERE k BETWEEN 7011235 AND 7011335
	Bitmap Heap Scan on sbtest8  (cost=5.46..401.19 rows=100 width=125)
	  Recheck Cond: ((k >= 7011235) AND (k <= 7011335))
	  ->  Bitmap Index Scan on k_8  (cost=0.00..5.43 rows=100 width=0)
	        Index Cond: ((k >= 7011235) AND (k <= 7011335))

explain: for range-notcovered :: explain SELECT k, c FROM sbtest%d WHERE k BETWEEN 7011235 AND 7011335
for range-notcovered
table 1 : explain SELECT k, c FROM sbtest1 WHERE k BETWEEN 6569738 AND 6569838
	Bitmap Heap Scan on sbtest1  (cost=5.48..409.07 rows=102 width=125)
	  Recheck Cond: ((k >= 6569738) AND (k <= 6569838))
	  ->  Bitmap Index Scan on k_1  (cost=0.00..5.45 rows=102 width=0)
	        Index Cond: ((k >= 6569738) AND (k <= 6569838))

table 2 : explain SELECT k, c FROM sbtest2 WHERE k BETWEEN 6569738 AND 6569838
	Bitmap Heap Scan on sbtest2  (cost=5.41..381.49 rows=95 width=125)
	  Recheck Cond: ((k >= 6569738) AND (k <= 6569838))
	  ->  Bitmap Index Scan on k_2  (cost=0.00..5.38 rows=95 width=0)
	        Index Cond: ((k >= 6569738) AND (k <= 6569838))

table 3 : explain SELECT k, c FROM sbtest3 WHERE k BETWEEN 6569738 AND 6569838
	Bitmap Heap Scan on sbtest3  (cost=5.51..420.88 rows=105 width=125)
	  Recheck Cond: ((k >= 6569738) AND (k <= 6569838))
	  ->  Bitmap Index Scan on k_3  (cost=0.00..5.48 rows=105 width=0)
	        Index Cond: ((k >= 6569738) AND (k <= 6569838))

table 4 : explain SELECT k, c FROM sbtest4 WHERE k BETWEEN 6569738 AND 6569838
	Bitmap Heap Scan on sbtest4  (cost=5.39..373.61 rows=93 width=125)
	  Recheck Cond: ((k >= 6569738) AND (k <= 6569838))
	  ->  Bitmap Index Scan on k_4  (cost=0.00..5.36 rows=93 width=0)
	        Index Cond: ((k >= 6569738) AND (k <= 6569838))

table 5 : explain SELECT k, c FROM sbtest5 WHERE k BETWEEN 6569738 AND 6569838
	Bitmap Heap Scan on sbtest5  (cost=5.48..409.07 rows=102 width=125)
	  Recheck Cond: ((k >= 6569738) AND (k <= 6569838))
	  ->  Bitmap Index Scan on k_5  (cost=0.00..5.45 rows=102 width=0)
	        Index Cond: ((k >= 6569738) AND (k <= 6569838))

table 6 : explain SELECT k, c FROM sbtest6 WHERE k BETWEEN 6569738 AND 6569838
	Bitmap Heap Scan on sbtest6  (cost=5.37..365.72 rows=91 width=125)
	  Recheck Cond: ((k >= 6569738) AND (k <= 6569838))
	  ->  Bitmap Index Scan on k_6  (cost=0.00..5.34 rows=91 width=0)
	        Index Cond: ((k >= 6569738) AND (k <= 6569838))

table 7 : explain SELECT k, c FROM sbtest7 WHERE k BETWEEN 6569738 AND 6569838
	Bitmap Heap Scan on sbtest7  (cost=5.46..401.19 rows=100 width=125)
	  Recheck Cond: ((k >= 6569738) AND (k <= 6569838))
	  ->  Bitmap Index Scan on k_7  (cost=0.00..5.43 rows=100 width=0)
	        Index Cond: ((k >= 6569738) AND (k <= 6569838))

table 8 : explain SELECT k, c FROM sbtest8 WHERE k BETWEEN 6569738 AND 6569838
	Bitmap Heap Scan on sbtest8  (cost=5.46..401.19 rows=100 width=125)
	  Recheck Cond: ((k >= 6569738) AND (k <= 6569838))
	  ->  Bitmap Index Scan on k_8  (cost=0.00..5.43 rows=100 width=0)
	        Index Cond: ((k >= 6569738) AND (k <= 6569838))

explain: for range-notcovered :: explain SELECT k, c FROM sbtest%d WHERE k BETWEEN 6569738 AND 6569838
explain: for range-notcovered :: explain SELECT k, c FROM sbtest%d WHERE k BETWEEN 1059049 AND 1059149
for range-notcovered
table 1 : explain SELECT k, c FROM sbtest1 WHERE k BETWEEN 7065614 AND 7065714
	Bitmap Heap Scan on sbtest1  (cost=5.53..428.75 rows=107 width=125)
	  Recheck Cond: ((k >= 7065614) AND (k <= 7065714))
	  ->  Bitmap Index Scan on k_1  (cost=0.00..5.50 rows=107 width=0)
	        Index Cond: ((k >= 7065614) AND (k <= 7065714))

table 2 : explain SELECT k, c FROM sbtest2 WHERE k BETWEEN 7065614 AND 7065714
	Bitmap Heap Scan on sbtest2  (cost=5.43..389.37 rows=97 width=125)
	  Recheck Cond: ((k >= 7065614) AND (k <= 7065714))
	  ->  Bitmap Index Scan on k_2  (cost=0.00..5.40 rows=97 width=0)
	        Index Cond: ((k >= 7065614) AND (k <= 7065714))

table 3 : explain SELECT k, c FROM sbtest3 WHERE k BETWEEN 7065614 AND 7065714
	Bitmap Heap Scan on sbtest3  (cost=5.48..409.07 rows=102 width=125)
	  Recheck Cond: ((k >= 7065614) AND (k <= 7065714))
	  ->  Bitmap Index Scan on k_3  (cost=0.00..5.45 rows=102 width=0)
	        Index Cond: ((k >= 7065614) AND (k <= 7065714))

table 4 : explain SELECT k, c FROM sbtest4 WHERE k BETWEEN 7065614 AND 7065714
	Bitmap Heap Scan on sbtest4  (cost=5.43..389.37 rows=97 width=125)
	  Recheck Cond: ((k >= 7065614) AND (k <= 7065714))
	  ->  Bitmap Index Scan on k_4  (cost=0.00..5.40 rows=97 width=0)
	        Index Cond: ((k >= 7065614) AND (k <= 7065714))

table 5 : explain SELECT k, c FROM sbtest5 WHERE k BETWEEN 7065614 AND 7065714
	Bitmap Heap Scan on sbtest5  (cost=5.46..401.19 rows=100 width=125)
	  Recheck Cond: ((k >= 7065614) AND (k <= 7065714))
	  ->  Bitmap Index Scan on k_5  (cost=0.00..5.43 rows=100 width=0)
	        Index Cond: ((k >= 7065614) AND (k <= 7065714))

table 6 : explain SELECT k, c FROM sbtest6 WHERE k BETWEEN 7065614 AND 7065714
	Bitmap Heap Scan on sbtest6  (cost=5.41..381.49 rows=95 width=125)
	  Recheck Cond: ((k >= 7065614) AND (k <= 7065714))
	  ->  Bitmap Index Scan on k_6  (cost=0.00..5.38 rows=95 width=0)
	        Index Cond: ((k >= 7065614) AND (k <= 7065714))

table 7 : explain SELECT k, c FROM sbtest7 WHERE k BETWEEN 7065614 AND 7065714
	Bitmap Heap Scan on sbtest7  (cost=5.48..409.07 rows=102 width=125)
	  Recheck Cond: ((k >= 7065614) AND (k <= 7065714))
	  ->  Bitmap Index Scan on k_7  (cost=0.00..5.45 rows=102 width=0)
	        Index Cond: ((k >= 7065614) AND (k <= 7065714))

table 8 : explain SELECT k, c FROM sbtest8 WHERE k BETWEEN 7065614 AND 7065714
	Bitmap Heap Scan on sbtest8  (cost=5.52..424.81 rows=106 width=125)
	  Recheck Cond: ((k >= 7065614) AND (k <= 7065714))
	  ->  Bitmap Index Scan on k_8  (cost=0.00..5.50 rows=106 width=0)
	        Index Cond: ((k >= 7065614) AND (k <= 7065714))

for range-notcovered
table 1 : explain SELECT k, c FROM sbtest1 WHERE k BETWEEN 2474191 AND 2474291
	Bitmap Heap Scan on sbtest1  (cost=5.50..416.94 rows=104 width=125)
	  Recheck Cond: ((k >= 2474191) AND (k <= 2474291))
	  ->  Bitmap Index Scan on k_1  (cost=0.00..5.47 rows=104 width=0)
	        Index Cond: ((k >= 2474191) AND (k <= 2474291))

table 2 : explain SELECT k, c FROM sbtest2 WHERE k BETWEEN 2474191 AND 2474291
	Bitmap Heap Scan on sbtest2  (cost=5.46..401.19 rows=100 width=125)
	  Recheck Cond: ((k >= 2474191) AND (k <= 2474291))
	  ->  Bitmap Index Scan on k_2  (cost=0.00..5.43 rows=100 width=0)
	        Index Cond: ((k >= 2474191) AND (k <= 2474291))

table 3 : explain SELECT k, c FROM sbtest3 WHERE k BETWEEN 2474191 AND 2474291
	Bitmap Heap Scan on sbtest3  (cost=5.49..413.00 rows=103 width=125)
	  Recheck Cond: ((k >= 2474191) AND (k <= 2474291))
	  ->  Bitmap Index Scan on k_3  (cost=0.00..5.46 rows=103 width=0)
	        Index Cond: ((k >= 2474191) AND (k <= 2474291))

table 4 : explain SELECT k, c FROM sbtest4 WHERE k BETWEEN 2474191 AND 2474291
	Bitmap Heap Scan on sbtest4  (cost=5.55..436.62 rows=109 width=125)
	  Recheck Cond: ((k >= 2474191) AND (k <= 2474291))
	  ->  Bitmap Index Scan on k_4  (cost=0.00..5.52 rows=109 width=0)
	        Index Cond: ((k >= 2474191) AND (k <= 2474291))

table 5 : explain SELECT k, c FROM sbtest5 WHERE k BETWEEN 2474191 AND 2474291
	Bitmap Heap Scan on sbtest5  (cost=5.67..479.88 rows=120 width=125)
	  Recheck Cond: ((k >= 2474191) AND (k <= 2474291))
	  ->  Bitmap Index Scan on k_5  (cost=0.00..5.63 rows=120 width=0)
	        Index Cond: ((k >= 2474191) AND (k <= 2474291))

table 6 : explain SELECT k, c FROM sbtest6 WHERE k BETWEEN 2474191 AND 2474291
	Bitmap Heap Scan on sbtest6  (cost=5.46..401.19 rows=100 width=125)
	  Recheck Cond: ((k >= 2474191) AND (k <= 2474291))
	  ->  Bitmap Index Scan on k_6  (cost=0.00..5.43 rows=100 width=0)
	        Index Cond: ((k >= 2474191) AND (k <= 2474291))

table 7 : explain SELECT k, c FROM sbtest7 WHERE k BETWEEN 2474191 AND 2474291
	Bitmap Heap Scan on sbtest7  (cost=5.53..428.75 rows=107 width=125)
	  Recheck Cond: ((k >= 2474191) AND (k <= 2474291))
	  ->  Bitmap Index Scan on k_7  (cost=0.00..5.50 rows=107 width=0)
	        Index Cond: ((k >= 2474191) AND (k <= 2474291))

table 8 : explain SELECT k, c FROM sbtest8 WHERE k BETWEEN 2474191 AND 2474291
	Bitmap Heap Scan on sbtest8  (cost=5.48..409.07 rows=102 width=125)
	  Recheck Cond: ((k >= 2474191) AND (k <= 2474291))
	  ->  Bitmap Index Scan on k_8  (cost=0.00..5.45 rows=102 width=0)
	        Index Cond: ((k >= 2474191) AND (k <= 2474291))

explain: for range-notcovered :: explain SELECT k, c FROM sbtest%d WHERE k BETWEEN 7065614 AND 7065714
explain: for range-notcovered :: explain SELECT k, c FROM sbtest%d WHERE k BETWEEN 2474191 AND 2474291
for range-notcovered
table 1 : explain SELECT k, c FROM sbtest1 WHERE k BETWEEN 7011235 AND 7011335
	Bitmap Heap Scan on sbtest1  (cost=5.53..428.75 rows=107 width=125)
	  Recheck Cond: ((k >= 7011235) AND (k <= 7011335))
	  ->  Bitmap Index Scan on k_1  (cost=0.00..5.50 rows=107 width=0)
	        Index Cond: ((k >= 7011235) AND (k <= 7011335))

table 2 : explain SELECT k, c FROM sbtest2 WHERE k BETWEEN 7011235 AND 7011335
	Bitmap Heap Scan on sbtest2  (cost=5.45..397.25 rows=99 width=125)
	  Recheck Cond: ((k >= 7011235) AND (k <= 7011335))
	  ->  Bitmap Index Scan on k_2  (cost=0.00..5.42 rows=99 width=0)
	        Index Cond: ((k >= 7011235) AND (k <= 7011335))

table 3 : explain SELECT k, c FROM sbtest3 WHERE k BETWEEN 7011235 AND 7011335
	Bitmap Heap Scan on sbtest3  (cost=5.48..409.07 rows=102 width=125)
	  Recheck Cond: ((k >= 7011235) AND (k <= 7011335))
	  ->  Bitmap Index Scan on k_3  (cost=0.00..5.45 rows=102 width=0)
	        Index Cond: ((k >= 7011235) AND (k <= 7011335))

table 4 : explain SELECT k, c FROM sbtest4 WHERE k BETWEEN 7011235 AND 7011335
	Bitmap Heap Scan on sbtest4  (cost=5.43..389.37 rows=97 width=125)
	  Recheck Cond: ((k >= 7011235) AND (k <= 7011335))
	  ->  Bitmap Index Scan on k_4  (cost=0.00..5.40 rows=97 width=0)
	        Index Cond: ((k >= 7011235) AND (k <= 7011335))

table 5 : explain SELECT k, c FROM sbtest5 WHERE k BETWEEN 7011235 AND 7011335
	Bitmap Heap Scan on sbtest5  (cost=5.46..401.19 rows=100 width=125)
	  Recheck Cond: ((k >= 7011235) AND (k <= 7011335))
	  ->  Bitmap Index Scan on k_5  (cost=0.00..5.43 rows=100 width=0)
	        Index Cond: ((k >= 7011235) AND (k <= 7011335))

table 6 : explain SELECT k, c FROM sbtest6 WHERE k BETWEEN 7011235 AND 7011335
	Bitmap Heap Scan on sbtest6  (cost=5.41..381.49 rows=95 width=125)
	  Recheck Cond: ((k >= 7011235) AND (k <= 7011335))
	  ->  Bitmap Index Scan on k_6  (cost=0.00..5.38 rows=95 width=0)
	        Index Cond: ((k >= 7011235) AND (k <= 7011335))

table 7 : explain SELECT k, c FROM sbtest7 WHERE k BETWEEN 7011235 AND 7011335
	Bitmap Heap Scan on sbtest7  (cost=5.49..413.00 rows=103 width=125)
	  Recheck Cond: ((k >= 7011235) AND (k <= 7011335))
	  ->  Bitmap Index Scan on k_7  (cost=0.00..5.46 rows=103 width=0)
	        Index Cond: ((k >= 7011235) AND (k <= 7011335))

table 8 : explain SELECT k, c FROM sbtest8 WHERE k BETWEEN 7011235 AND 7011335
	Bitmap Heap Scan on sbtest8  (cost=5.46..401.19 rows=100 width=125)
	  Recheck Cond: ((k >= 7011235) AND (k <= 7011335))
	  ->  Bitmap Index Scan on k_8  (cost=0.00..5.43 rows=100 width=0)
	        Index Cond: ((k >= 7011235) AND (k <= 7011335))

explain: for range-notcovered :: explain SELECT k, c FROM sbtest%d WHERE k BETWEEN 7011235 AND 7011335
for range-notcovered
table 1 : explain SELECT k, c FROM sbtest1 WHERE k BETWEEN 6569738 AND 6569838
	Bitmap Heap Scan on sbtest1  (cost=5.48..409.07 rows=102 width=125)
	  Recheck Cond: ((k >= 6569738) AND (k <= 6569838))
	  ->  Bitmap Index Scan on k_1  (cost=0.00..5.45 rows=102 width=0)
	        Index Cond: ((k >= 6569738) AND (k <= 6569838))

table 2 : explain SELECT k, c FROM sbtest2 WHERE k BETWEEN 6569738 AND 6569838
	Bitmap Heap Scan on sbtest2  (cost=5.41..381.49 rows=95 width=125)
	  Recheck Cond: ((k >= 6569738) AND (k <= 6569838))
	  ->  Bitmap Index Scan on k_2  (cost=0.00..5.38 rows=95 width=0)
	        Index Cond: ((k >= 6569738) AND (k <= 6569838))

table 3 : explain SELECT k, c FROM sbtest3 WHERE k BETWEEN 6569738 AND 6569838
	Bitmap Heap Scan on sbtest3  (cost=5.51..420.88 rows=105 width=125)
	  Recheck Cond: ((k >= 6569738) AND (k <= 6569838))
	  ->  Bitmap Index Scan on k_3  (cost=0.00..5.48 rows=105 width=0)
	        Index Cond: ((k >= 6569738) AND (k <= 6569838))

table 4 : explain SELECT k, c FROM sbtest4 WHERE k BETWEEN 6569738 AND 6569838
	Bitmap Heap Scan on sbtest4  (cost=5.39..373.61 rows=93 width=125)
	  Recheck Cond: ((k >= 6569738) AND (k <= 6569838))
	  ->  Bitmap Index Scan on k_4  (cost=0.00..5.36 rows=93 width=0)
	        Index Cond: ((k >= 6569738) AND (k <= 6569838))

table 5 : explain SELECT k, c FROM sbtest5 WHERE k BETWEEN 6569738 AND 6569838
	Bitmap Heap Scan on sbtest5  (cost=5.48..409.07 rows=102 width=125)
	  Recheck Cond: ((k >= 6569738) AND (k <= 6569838))
	  ->  Bitmap Index Scan on k_5  (cost=0.00..5.45 rows=102 width=0)
	        Index Cond: ((k >= 6569738) AND (k <= 6569838))

table 6 : explain SELECT k, c FROM sbtest6 WHERE k BETWEEN 6569738 AND 6569838
	Bitmap Heap Scan on sbtest6  (cost=5.37..365.72 rows=91 width=125)
	  Recheck Cond: ((k >= 6569738) AND (k <= 6569838))
	  ->  Bitmap Index Scan on k_6  (cost=0.00..5.34 rows=91 width=0)
	        Index Cond: ((k >= 6569738) AND (k <= 6569838))

table 7 : explain SELECT k, c FROM sbtest7 WHERE k BETWEEN 6569738 AND 6569838
	Bitmap Heap Scan on sbtest7  (cost=5.46..401.19 rows=100 width=125)
	  Recheck Cond: ((k >= 6569738) AND (k <= 6569838))
	  ->  Bitmap Index Scan on k_7  (cost=0.00..5.43 rows=100 width=0)
	        Index Cond: ((k >= 6569738) AND (k <= 6569838))

table 8 : explain SELECT k, c FROM sbtest8 WHERE k BETWEEN 6569738 AND 6569838
	Bitmap Heap Scan on sbtest8  (cost=5.46..401.19 rows=100 width=125)
	  Recheck Cond: ((k >= 6569738) AND (k <= 6569838))
	  ->  Bitmap Index Scan on k_8  (cost=0.00..5.43 rows=100 width=0)
	        Index Cond: ((k >= 6569738) AND (k <= 6569838))

for range-notcovered
table 1 : explain SELECT k, c FROM sbtest1 WHERE k BETWEEN 6366034 AND 6366134
	Bitmap Heap Scan on sbtest1  (cost=5.54..432.69 rows=108 width=125)
	  Recheck Cond: ((k >= 6366034) AND (k <= 6366134))
	  ->  Bitmap Index Scan on k_1  (cost=0.00..5.51 rows=108 width=0)
	        Index Cond: ((k >= 6366034) AND (k <= 6366134))

table 2 : explain SELECT k, c FROM sbtest2 WHERE k BETWEEN 6366034 AND 6366134
	Bitmap Heap Scan on sbtest2  (cost=5.49..413.00 rows=103 width=125)
	  Recheck Cond: ((k >= 6366034) AND (k <= 6366134))
	  ->  Bitmap Index Scan on k_2  (cost=0.00..5.46 rows=103 width=0)
	        Index Cond: ((k >= 6366034) AND (k <= 6366134))

table 3 : explain SELECT k, c FROM sbtest3 WHERE k BETWEEN 6366034 AND 6366134
	Bitmap Heap Scan on sbtest3  (cost=5.39..373.61 rows=93 width=125)
	  Recheck Cond: ((k >= 6366034) AND (k <= 6366134))
	  ->  Bitmap Index Scan on k_3  (cost=0.00..5.36 rows=93 width=0)
	        Index Cond: ((k >= 6366034) AND (k <= 6366134))

table 4 : explain SELECT k, c FROM sbtest4 WHERE k BETWEEN 6366034 AND 6366134
	Bitmap Heap Scan on sbtest4  (cost=5.51..420.88 rows=105 width=125)
	  Recheck Cond: ((k >= 6366034) AND (k <= 6366134))
	  ->  Bitmap Index Scan on k_4  (cost=0.00..5.48 rows=105 width=0)
	        Index Cond: ((k >= 6366034) AND (k <= 6366134))

table 5 : explain SELECT k, c FROM sbtest5 WHERE k BETWEEN 6366034 AND 6366134
	Bitmap Heap Scan on sbtest5  (cost=5.47..405.13 rows=101 width=125)
	  Recheck Cond: ((k >= 6366034) AND (k <= 6366134))
	  ->  Bitmap Index Scan on k_5  (cost=0.00..5.44 rows=101 width=0)
	        Index Cond: ((k >= 6366034) AND (k <= 6366134))

table 6 : explain SELECT k, c FROM sbtest6 WHERE k BETWEEN 6366034 AND 6366134
	Bitmap Heap Scan on sbtest6  (cost=5.52..424.81 rows=106 width=125)
	  Recheck Cond: ((k >= 6366034) AND (k <= 6366134))
	  ->  Bitmap Index Scan on k_6  (cost=0.00..5.50 rows=106 width=0)
	        Index Cond: ((k >= 6366034) AND (k <= 6366134))

table 7 : explain SELECT k, c FROM sbtest7 WHERE k BETWEEN 6366034 AND 6366134
	Bitmap Heap Scan on sbtest7  (cost=5.48..409.07 rows=102 width=125)
	  Recheck Cond: ((k >= 6366034) AND (k <= 6366134))
	  ->  Bitmap Index Scan on k_7  (cost=0.00..5.45 rows=102 width=0)
	        Index Cond: ((k >= 6366034) AND (k <= 6366134))

table 8 : explain SELECT k, c FROM sbtest8 WHERE k BETWEEN 6366034 AND 6366134
	Bitmap Heap Scan on sbtest8  (cost=5.48..409.07 rows=102 width=125)
	  Recheck Cond: ((k >= 6366034) AND (k <= 6366134))
	  ->  Bitmap Index Scan on k_8  (cost=0.00..5.45 rows=102 width=0)
	        Index Cond: ((k >= 6366034) AND (k <= 6366134))

explain: for range-notcovered :: explain SELECT k, c FROM sbtest%d WHERE k BETWEEN 6569738 AND 6569838
explain: for range-notcovered :: explain SELECT k, c FROM sbtest%d WHERE k BETWEEN 6366034 AND 6366134
explain: for range-notcovered :: explain SELECT k, c FROM sbtest%d WHERE k BETWEEN 7020113 AND 7020213
for range-notcovered
table 1 : explain SELECT k, c FROM sbtest1 WHERE k BETWEEN 2474191 AND 2474291
	Bitmap Heap Scan on sbtest1  (cost=5.50..416.94 rows=104 width=125)
	  Recheck Cond: ((k >= 2474191) AND (k <= 2474291))
	  ->  Bitmap Index Scan on k_1  (cost=0.00..5.47 rows=104 width=0)
	        Index Cond: ((k >= 2474191) AND (k <= 2474291))

table 2 : explain SELECT k, c FROM sbtest2 WHERE k BETWEEN 2474191 AND 2474291
	Bitmap Heap Scan on sbtest2  (cost=5.46..401.19 rows=100 width=125)
	  Recheck Cond: ((k >= 2474191) AND (k <= 2474291))
	  ->  Bitmap Index Scan on k_2  (cost=0.00..5.43 rows=100 width=0)
	        Index Cond: ((k >= 2474191) AND (k <= 2474291))

table 3 : explain SELECT k, c FROM sbtest3 WHERE k BETWEEN 2474191 AND 2474291
	Bitmap Heap Scan on sbtest3  (cost=5.49..413.00 rows=103 width=125)
	  Recheck Cond: ((k >= 2474191) AND (k <= 2474291))
	  ->  Bitmap Index Scan on k_3  (cost=0.00..5.46 rows=103 width=0)
	        Index Cond: ((k >= 2474191) AND (k <= 2474291))

table 4 : explain SELECT k, c FROM sbtest4 WHERE k BETWEEN 2474191 AND 2474291
	Bitmap Heap Scan on sbtest4  (cost=5.55..436.62 rows=109 width=125)
	  Recheck Cond: ((k >= 2474191) AND (k <= 2474291))
	  ->  Bitmap Index Scan on k_4  (cost=0.00..5.52 rows=109 width=0)
	        Index Cond: ((k >= 2474191) AND (k <= 2474291))

table 5 : explain SELECT k, c FROM sbtest5 WHERE k BETWEEN 2474191 AND 2474291
	Bitmap Heap Scan on sbtest5  (cost=5.67..479.88 rows=120 width=125)
	  Recheck Cond: ((k >= 2474191) AND (k <= 2474291))
	  ->  Bitmap Index Scan on k_5  (cost=0.00..5.63 rows=120 width=0)
	        Index Cond: ((k >= 2474191) AND (k <= 2474291))

table 6 : explain SELECT k, c FROM sbtest6 WHERE k BETWEEN 2474191 AND 2474291
	Bitmap Heap Scan on sbtest6  (cost=5.46..401.19 rows=100 width=125)
	  Recheck Cond: ((k >= 2474191) AND (k <= 2474291))
	  ->  Bitmap Index Scan on k_6  (cost=0.00..5.43 rows=100 width=0)
	        Index Cond: ((k >= 2474191) AND (k <= 2474291))

table 7 : explain SELECT k, c FROM sbtest7 WHERE k BETWEEN 2474191 AND 2474291
	Bitmap Heap Scan on sbtest7  (cost=5.53..428.75 rows=107 width=125)
	  Recheck Cond: ((k >= 2474191) AND (k <= 2474291))
	  ->  Bitmap Index Scan on k_7  (cost=0.00..5.50 rows=107 width=0)
	        Index Cond: ((k >= 2474191) AND (k <= 2474291))

table 8 : explain SELECT k, c FROM sbtest8 WHERE k BETWEEN 2474191 AND 2474291
	Bitmap Heap Scan on sbtest8  (cost=5.48..409.07 rows=102 width=125)
	  Recheck Cond: ((k >= 2474191) AND (k <= 2474291))
	  ->  Bitmap Index Scan on k_8  (cost=0.00..5.45 rows=102 width=0)
	        Index Cond: ((k >= 2474191) AND (k <= 2474291))

for range-notcovered
table 1 : explain SELECT k, c FROM sbtest1 WHERE k BETWEEN 7065614 AND 7065714
	Bitmap Heap Scan on sbtest1  (cost=5.53..428.75 rows=107 width=125)
	  Recheck Cond: ((k >= 7065614) AND (k <= 7065714))
	  ->  Bitmap Index Scan on k_1  (cost=0.00..5.50 rows=107 width=0)
	        Index Cond: ((k >= 7065614) AND (k <= 7065714))

table 2 : explain SELECT k, c FROM sbtest2 WHERE k BETWEEN 7065614 AND 7065714
	Bitmap Heap Scan on sbtest2  (cost=5.43..389.37 rows=97 width=125)
	  Recheck Cond: ((k >= 7065614) AND (k <= 7065714))
	  ->  Bitmap Index Scan on k_2  (cost=0.00..5.40 rows=97 width=0)
	        Index Cond: ((k >= 7065614) AND (k <= 7065714))

table 3 : explain SELECT k, c FROM sbtest3 WHERE k BETWEEN 7065614 AND 7065714
	Bitmap Heap Scan on sbtest3  (cost=5.48..409.07 rows=102 width=125)
	  Recheck Cond: ((k >= 7065614) AND (k <= 7065714))
	  ->  Bitmap Index Scan on k_3  (cost=0.00..5.45 rows=102 width=0)
	        Index Cond: ((k >= 7065614) AND (k <= 7065714))

table 4 : explain SELECT k, c FROM sbtest4 WHERE k BETWEEN 7065614 AND 7065714
	Bitmap Heap Scan on sbtest4  (cost=5.43..389.37 rows=97 width=125)
	  Recheck Cond: ((k >= 7065614) AND (k <= 7065714))
	  ->  Bitmap Index Scan on k_4  (cost=0.00..5.40 rows=97 width=0)
	        Index Cond: ((k >= 7065614) AND (k <= 7065714))

table 5 : explain SELECT k, c FROM sbtest5 WHERE k BETWEEN 7065614 AND 7065714
	Bitmap Heap Scan on sbtest5  (cost=5.46..401.19 rows=100 width=125)
	  Recheck Cond: ((k >= 7065614) AND (k <= 7065714))
	  ->  Bitmap Index Scan on k_5  (cost=0.00..5.43 rows=100 width=0)
	        Index Cond: ((k >= 7065614) AND (k <= 7065714))

table 6 : explain SELECT k, c FROM sbtest6 WHERE k BETWEEN 7065614 AND 7065714
	Bitmap Heap Scan on sbtest6  (cost=5.41..381.49 rows=95 width=125)
	  Recheck Cond: ((k >= 7065614) AND (k <= 7065714))
	  ->  Bitmap Index Scan on k_6  (cost=0.00..5.38 rows=95 width=0)
	        Index Cond: ((k >= 7065614) AND (k <= 7065714))

table 7 : explain SELECT k, c FROM sbtest7 WHERE k BETWEEN 7065614 AND 7065714
	Bitmap Heap Scan on sbtest7  (cost=5.48..409.07 rows=102 width=125)
	  Recheck Cond: ((k >= 7065614) AND (k <= 7065714))
	  ->  Bitmap Index Scan on k_7  (cost=0.00..5.45 rows=102 width=0)
	        Index Cond: ((k >= 7065614) AND (k <= 7065714))

table 8 : explain SELECT k, c FROM sbtest8 WHERE k BETWEEN 7065614 AND 7065714
	Bitmap Heap Scan on sbtest8  (cost=5.52..424.81 rows=106 width=125)
	  Recheck Cond: ((k >= 7065614) AND (k <= 7065714))
	  ->  Bitmap Index Scan on k_8  (cost=0.00..5.50 rows=106 width=0)
	        Index Cond: ((k >= 7065614) AND (k <= 7065714))

explain: for range-notcovered :: explain SELECT k, c FROM sbtest%d WHERE k BETWEEN 2474191 AND 2474291
explain: for range-notcovered :: explain SELECT k, c FROM sbtest%d WHERE k BETWEEN 7065614 AND 7065714
for range-notcovered
table 1 : explain SELECT k, c FROM sbtest1 WHERE k BETWEEN 7011235 AND 7011335
	Bitmap Heap Scan on sbtest1  (cost=5.53..428.75 rows=107 width=125)
	  Recheck Cond: ((k >= 7011235) AND (k <= 7011335))
	  ->  Bitmap Index Scan on k_1  (cost=0.00..5.50 rows=107 width=0)
	        Index Cond: ((k >= 7011235) AND (k <= 7011335))

table 2 : explain SELECT k, c FROM sbtest2 WHERE k BETWEEN 7011235 AND 7011335
	Bitmap Heap Scan on sbtest2  (cost=5.45..397.25 rows=99 width=125)
	  Recheck Cond: ((k >= 7011235) AND (k <= 7011335))
	  ->  Bitmap Index Scan on k_2  (cost=0.00..5.42 rows=99 width=0)
	        Index Cond: ((k >= 7011235) AND (k <= 7011335))

table 3 : explain SELECT k, c FROM sbtest3 WHERE k BETWEEN 7011235 AND 7011335
	Bitmap Heap Scan on sbtest3  (cost=5.48..409.07 rows=102 width=125)
	  Recheck Cond: ((k >= 7011235) AND (k <= 7011335))
	  ->  Bitmap Index Scan on k_3  (cost=0.00..5.45 rows=102 width=0)
	        Index Cond: ((k >= 7011235) AND (k <= 7011335))

table 4 : explain SELECT k, c FROM sbtest4 WHERE k BETWEEN 7011235 AND 7011335
	Bitmap Heap Scan on sbtest4  (cost=5.43..389.37 rows=97 width=125)
	  Recheck Cond: ((k >= 7011235) AND (k <= 7011335))
	  ->  Bitmap Index Scan on k_4  (cost=0.00..5.40 rows=97 width=0)
	        Index Cond: ((k >= 7011235) AND (k <= 7011335))

table 5 : explain SELECT k, c FROM sbtest5 WHERE k BETWEEN 7011235 AND 7011335
	Bitmap Heap Scan on sbtest5  (cost=5.46..401.19 rows=100 width=125)
	  Recheck Cond: ((k >= 7011235) AND (k <= 7011335))
	  ->  Bitmap Index Scan on k_5  (cost=0.00..5.43 rows=100 width=0)
	        Index Cond: ((k >= 7011235) AND (k <= 7011335))

table 6 : explain SELECT k, c FROM sbtest6 WHERE k BETWEEN 7011235 AND 7011335
	Bitmap Heap Scan on sbtest6  (cost=5.41..381.49 rows=95 width=125)
	  Recheck Cond: ((k >= 7011235) AND (k <= 7011335))
	  ->  Bitmap Index Scan on k_6  (cost=0.00..5.38 rows=95 width=0)
	        Index Cond: ((k >= 7011235) AND (k <= 7011335))

table 7 : explain SELECT k, c FROM sbtest7 WHERE k BETWEEN 7011235 AND 7011335
	Bitmap Heap Scan on sbtest7  (cost=5.49..413.00 rows=103 width=125)
	  Recheck Cond: ((k >= 7011235) AND (k <= 7011335))
	  ->  Bitmap Index Scan on k_7  (cost=0.00..5.46 rows=103 width=0)
	        Index Cond: ((k >= 7011235) AND (k <= 7011335))

table 8 : explain SELECT k, c FROM sbtest8 WHERE k BETWEEN 7011235 AND 7011335
	Bitmap Heap Scan on sbtest8  (cost=5.46..401.19 rows=100 width=125)
	  Recheck Cond: ((k >= 7011235) AND (k <= 7011335))
	  ->  Bitmap Index Scan on k_8  (cost=0.00..5.43 rows=100 width=0)
	        Index Cond: ((k >= 7011235) AND (k <= 7011335))

explain: for range-notcovered :: explain SELECT k, c FROM sbtest%d WHERE k BETWEEN 7011235 AND 7011335
for range-notcovered
table 1 : explain SELECT k, c FROM sbtest1 WHERE k BETWEEN 6569738 AND 6569838
	Bitmap Heap Scan on sbtest1  (cost=5.48..409.07 rows=102 width=125)
	  Recheck Cond: ((k >= 6569738) AND (k <= 6569838))
	  ->  Bitmap Index Scan on k_1  (cost=0.00..5.45 rows=102 width=0)
	        Index Cond: ((k >= 6569738) AND (k <= 6569838))

table 2 : explain SELECT k, c FROM sbtest2 WHERE k BETWEEN 6569738 AND 6569838
	Bitmap Heap Scan on sbtest2  (cost=5.41..381.49 rows=95 width=125)
	  Recheck Cond: ((k >= 6569738) AND (k <= 6569838))
	  ->  Bitmap Index Scan on k_2  (cost=0.00..5.38 rows=95 width=0)
	        Index Cond: ((k >= 6569738) AND (k <= 6569838))

table 3 : explain SELECT k, c FROM sbtest3 WHERE k BETWEEN 6569738 AND 6569838
	Bitmap Heap Scan on sbtest3  (cost=5.51..420.88 rows=105 width=125)
	  Recheck Cond: ((k >= 6569738) AND (k <= 6569838))
	  ->  Bitmap Index Scan on k_3  (cost=0.00..5.48 rows=105 width=0)
	        Index Cond: ((k >= 6569738) AND (k <= 6569838))

table 4 : explain SELECT k, c FROM sbtest4 WHERE k BETWEEN 6569738 AND 6569838
	Bitmap Heap Scan on sbtest4  (cost=5.39..373.61 rows=93 width=125)
	  Recheck Cond: ((k >= 6569738) AND (k <= 6569838))
	  ->  Bitmap Index Scan on k_4  (cost=0.00..5.36 rows=93 width=0)
	        Index Cond: ((k >= 6569738) AND (k <= 6569838))

table 5 : explain SELECT k, c FROM sbtest5 WHERE k BETWEEN 6569738 AND 6569838
	Bitmap Heap Scan on sbtest5  (cost=5.48..409.07 rows=102 width=125)
	  Recheck Cond: ((k >= 6569738) AND (k <= 6569838))
	  ->  Bitmap Index Scan on k_5  (cost=0.00..5.45 rows=102 width=0)
	        Index Cond: ((k >= 6569738) AND (k <= 6569838))

table 6 : explain SELECT k, c FROM sbtest6 WHERE k BETWEEN 6569738 AND 6569838
	Bitmap Heap Scan on sbtest6  (cost=5.37..365.72 rows=91 width=125)
	  Recheck Cond: ((k >= 6569738) AND (k <= 6569838))
	  ->  Bitmap Index Scan on k_6  (cost=0.00..5.34 rows=91 width=0)
	        Index Cond: ((k >= 6569738) AND (k <= 6569838))

table 7 : explain SELECT k, c FROM sbtest7 WHERE k BETWEEN 6569738 AND 6569838
	Bitmap Heap Scan on sbtest7  (cost=5.46..401.19 rows=100 width=125)
	  Recheck Cond: ((k >= 6569738) AND (k <= 6569838))
	  ->  Bitmap Index Scan on k_7  (cost=0.00..5.43 rows=100 width=0)
	        Index Cond: ((k >= 6569738) AND (k <= 6569838))

table 8 : explain SELECT k, c FROM sbtest8 WHERE k BETWEEN 6569738 AND 6569838
	Bitmap Heap Scan on sbtest8  (cost=5.46..401.19 rows=100 width=125)
	  Recheck Cond: ((k >= 6569738) AND (k <= 6569838))
	  ->  Bitmap Index Scan on k_8  (cost=0.00..5.43 rows=100 width=0)
	        Index Cond: ((k >= 6569738) AND (k <= 6569838))

explain: for range-notcovered :: explain SELECT k, c FROM sbtest%d WHERE k BETWEEN 6569738 AND 6569838
for range-notcovered
table 1 : explain SELECT k, c FROM sbtest1 WHERE k BETWEEN 3092567 AND 3092667
	Bitmap Heap Scan on sbtest1  (cost=5.52..424.81 rows=106 width=125)
	  Recheck Cond: ((k >= 3092567) AND (k <= 3092667))
	  ->  Bitmap Index Scan on k_1  (cost=0.00..5.50 rows=106 width=0)
	        Index Cond: ((k >= 3092567) AND (k <= 3092667))

table 2 : explain SELECT k, c FROM sbtest2 WHERE k BETWEEN 3092567 AND 3092667
	Bitmap Heap Scan on sbtest2  (cost=5.42..385.43 rows=96 width=125)
	  Recheck Cond: ((k >= 3092567) AND (k <= 3092667))
	  ->  Bitmap Index Scan on k_2  (cost=0.00..5.39 rows=96 width=0)
	        Index Cond: ((k >= 3092567) AND (k <= 3092667))

table 3 : explain SELECT k, c FROM sbtest3 WHERE k BETWEEN 3092567 AND 3092667
	Bitmap Heap Scan on sbtest3  (cost=5.35..357.84 rows=89 width=125)
	  Recheck Cond: ((k >= 3092567) AND (k <= 3092667))
	  ->  Bitmap Index Scan on k_3  (cost=0.00..5.32 rows=89 width=0)
	        Index Cond: ((k >= 3092567) AND (k <= 3092667))

table 4 : explain SELECT k, c FROM sbtest4 WHERE k BETWEEN 3092567 AND 3092667
	Bitmap Heap Scan on sbtest4  (cost=5.51..420.88 rows=105 width=125)
	  Recheck Cond: ((k >= 3092567) AND (k <= 3092667))
	  ->  Bitmap Index Scan on k_4  (cost=0.00..5.48 rows=105 width=0)
	        Index Cond: ((k >= 3092567) AND (k <= 3092667))

table 5 : explain SELECT k, c FROM sbtest5 WHERE k BETWEEN 3092567 AND 3092667
	Bitmap Heap Scan on sbtest5  (cost=5.49..413.00 rows=103 width=125)
	  Recheck Cond: ((k >= 3092567) AND (k <= 3092667))
	  ->  Bitmap Index Scan on k_5  (cost=0.00..5.46 rows=103 width=0)
	        Index Cond: ((k >= 3092567) AND (k <= 3092667))

table 6 : explain SELECT k, c FROM sbtest6 WHERE k BETWEEN 3092567 AND 3092667
	Bitmap Heap Scan on sbtest6  (cost=5.50..416.94 rows=104 width=125)
	  Recheck Cond: ((k >= 3092567) AND (k <= 3092667))
	  ->  Bitmap Index Scan on k_6  (cost=0.00..5.47 rows=104 width=0)
	        Index Cond: ((k >= 3092567) AND (k <= 3092667))

table 7 : explain SELECT k, c FROM sbtest7 WHERE k BETWEEN 3092567 AND 3092667
	Bitmap Heap Scan on sbtest7  (cost=5.50..416.94 rows=104 width=125)
	  Recheck Cond: ((k >= 3092567) AND (k <= 3092667))
	  ->  Bitmap Index Scan on k_7  (cost=0.00..5.47 rows=104 width=0)
	        Index Cond: ((k >= 3092567) AND (k <= 3092667))

table 8 : explain SELECT k, c FROM sbtest8 WHERE k BETWEEN 3092567 AND 3092667
	Bitmap Heap Scan on sbtest8  (cost=5.43..389.37 rows=97 width=125)
	  Recheck Cond: ((k >= 3092567) AND (k <= 3092667))
	  ->  Bitmap Index Scan on k_8  (cost=0.00..5.40 rows=97 width=0)
	        Index Cond: ((k >= 3092567) AND (k <= 3092667))

for range-notcovered
table 1 : explain SELECT k, c FROM sbtest1 WHERE k BETWEEN 6366034 AND 6366134
	Bitmap Heap Scan on sbtest1  (cost=5.54..432.69 rows=108 width=125)
	  Recheck Cond: ((k >= 6366034) AND (k <= 6366134))
	  ->  Bitmap Index Scan on k_1  (cost=0.00..5.51 rows=108 width=0)
	        Index Cond: ((k >= 6366034) AND (k <= 6366134))

table 2 : explain SELECT k, c FROM sbtest2 WHERE k BETWEEN 6366034 AND 6366134
	Bitmap Heap Scan on sbtest2  (cost=5.49..413.00 rows=103 width=125)
	  Recheck Cond: ((k >= 6366034) AND (k <= 6366134))
	  ->  Bitmap Index Scan on k_2  (cost=0.00..5.46 rows=103 width=0)
	        Index Cond: ((k >= 6366034) AND (k <= 6366134))

table 3 : explain SELECT k, c FROM sbtest3 WHERE k BETWEEN 6366034 AND 6366134
	Bitmap Heap Scan on sbtest3  (cost=5.39..373.61 rows=93 width=125)
	  Recheck Cond: ((k >= 6366034) AND (k <= 6366134))
	  ->  Bitmap Index Scan on k_3  (cost=0.00..5.36 rows=93 width=0)
	        Index Cond: ((k >= 6366034) AND (k <= 6366134))

table 4 : explain SELECT k, c FROM sbtest4 WHERE k BETWEEN 6366034 AND 6366134
	Bitmap Heap Scan on sbtest4  (cost=5.51..420.88 rows=105 width=125)
	  Recheck Cond: ((k >= 6366034) AND (k <= 6366134))
	  ->  Bitmap Index Scan on k_4  (cost=0.00..5.48 rows=105 width=0)
	        Index Cond: ((k >= 6366034) AND (k <= 6366134))

table 5 : explain SELECT k, c FROM sbtest5 WHERE k BETWEEN 6366034 AND 6366134
	Bitmap Heap Scan on sbtest5  (cost=5.47..405.13 rows=101 width=125)
	  Recheck Cond: ((k >= 6366034) AND (k <= 6366134))
	  ->  Bitmap Index Scan on k_5  (cost=0.00..5.44 rows=101 width=0)
	        Index Cond: ((k >= 6366034) AND (k <= 6366134))

table 6 : explain SELECT k, c FROM sbtest6 WHERE k BETWEEN 6366034 AND 6366134
	Bitmap Heap Scan on sbtest6  (cost=5.52..424.81 rows=106 width=125)
	  Recheck Cond: ((k >= 6366034) AND (k <= 6366134))
	  ->  Bitmap Index Scan on k_6  (cost=0.00..5.50 rows=106 width=0)
	        Index Cond: ((k >= 6366034) AND (k <= 6366134))

table 7 : explain SELECT k, c FROM sbtest7 WHERE k BETWEEN 6366034 AND 6366134
	Bitmap Heap Scan on sbtest7  (cost=5.48..409.07 rows=102 width=125)
	  Recheck Cond: ((k >= 6366034) AND (k <= 6366134))
	  ->  Bitmap Index Scan on k_7  (cost=0.00..5.45 rows=102 width=0)
	        Index Cond: ((k >= 6366034) AND (k <= 6366134))

table 8 : explain SELECT k, c FROM sbtest8 WHERE k BETWEEN 6366034 AND 6366134
	Bitmap Heap Scan on sbtest8  (cost=5.48..409.07 rows=102 width=125)
	  Recheck Cond: ((k >= 6366034) AND (k <= 6366134))
	  ->  Bitmap Index Scan on k_8  (cost=0.00..5.45 rows=102 width=0)
	        Index Cond: ((k >= 6366034) AND (k <= 6366134))

explain: for range-notcovered :: explain SELECT k, c FROM sbtest%d WHERE k BETWEEN 3092567 AND 3092667
explain: for range-notcovered :: explain SELECT k, c FROM sbtest%d WHERE k BETWEEN 6366034 AND 6366134
for range-notcovered
table 1 : explain SELECT k, c FROM sbtest1 WHERE k BETWEEN 2474191 AND 2474291
	Bitmap Heap Scan on sbtest1  (cost=5.50..416.94 rows=104 width=125)
	  Recheck Cond: ((k >= 2474191) AND (k <= 2474291))
	  ->  Bitmap Index Scan on k_1  (cost=0.00..5.47 rows=104 width=0)
	        Index Cond: ((k >= 2474191) AND (k <= 2474291))

table 2 : explain SELECT k, c FROM sbtest2 WHERE k BETWEEN 2474191 AND 2474291
	Bitmap Heap Scan on sbtest2  (cost=5.46..401.19 rows=100 width=125)
	  Recheck Cond: ((k >= 2474191) AND (k <= 2474291))
	  ->  Bitmap Index Scan on k_2  (cost=0.00..5.43 rows=100 width=0)
	        Index Cond: ((k >= 2474191) AND (k <= 2474291))

table 3 : explain SELECT k, c FROM sbtest3 WHERE k BETWEEN 2474191 AND 2474291
	Bitmap Heap Scan on sbtest3  (cost=5.49..413.00 rows=103 width=125)
	  Recheck Cond: ((k >= 2474191) AND (k <= 2474291))
	  ->  Bitmap Index Scan on k_3  (cost=0.00..5.46 rows=103 width=0)
	        Index Cond: ((k >= 2474191) AND (k <= 2474291))

table 4 : explain SELECT k, c FROM sbtest4 WHERE k BETWEEN 2474191 AND 2474291
	Bitmap Heap Scan on sbtest4  (cost=5.55..436.62 rows=109 width=125)
	  Recheck Cond: ((k >= 2474191) AND (k <= 2474291))
	  ->  Bitmap Index Scan on k_4  (cost=0.00..5.52 rows=109 width=0)
	        Index Cond: ((k >= 2474191) AND (k <= 2474291))

table 5 : explain SELECT k, c FROM sbtest5 WHERE k BETWEEN 2474191 AND 2474291
	Bitmap Heap Scan on sbtest5  (cost=5.67..479.88 rows=120 width=125)
	  Recheck Cond: ((k >= 2474191) AND (k <= 2474291))
	  ->  Bitmap Index Scan on k_5  (cost=0.00..5.63 rows=120 width=0)
	        Index Cond: ((k >= 2474191) AND (k <= 2474291))

table 6 : explain SELECT k, c FROM sbtest6 WHERE k BETWEEN 2474191 AND 2474291
	Bitmap Heap Scan on sbtest6  (cost=5.46..401.19 rows=100 width=125)
	  Recheck Cond: ((k >= 2474191) AND (k <= 2474291))
	  ->  Bitmap Index Scan on k_6  (cost=0.00..5.43 rows=100 width=0)
	        Index Cond: ((k >= 2474191) AND (k <= 2474291))

table 7 : explain SELECT k, c FROM sbtest7 WHERE k BETWEEN 2474191 AND 2474291
	Bitmap Heap Scan on sbtest7  (cost=5.53..428.75 rows=107 width=125)
	  Recheck Cond: ((k >= 2474191) AND (k <= 2474291))
	  ->  Bitmap Index Scan on k_7  (cost=0.00..5.50 rows=107 width=0)
	        Index Cond: ((k >= 2474191) AND (k <= 2474291))

table 8 : explain SELECT k, c FROM sbtest8 WHERE k BETWEEN 2474191 AND 2474291
	Bitmap Heap Scan on sbtest8  (cost=5.48..409.07 rows=102 width=125)
	  Recheck Cond: ((k >= 2474191) AND (k <= 2474291))
	  ->  Bitmap Index Scan on k_8  (cost=0.00..5.45 rows=102 width=0)
	        Index Cond: ((k >= 2474191) AND (k <= 2474291))

explain: for range-notcovered :: explain SELECT k, c FROM sbtest%d WHERE k BETWEEN 6414720 AND 6414820
explain: for range-notcovered :: explain SELECT k, c FROM sbtest%d WHERE k BETWEEN 2474191 AND 2474291
for range-notcovered
table 1 : explain SELECT k, c FROM sbtest1 WHERE k BETWEEN 7065614 AND 7065714
	Bitmap Heap Scan on sbtest1  (cost=5.53..428.75 rows=107 width=125)
	  Recheck Cond: ((k >= 7065614) AND (k <= 7065714))
	  ->  Bitmap Index Scan on k_1  (cost=0.00..5.50 rows=107 width=0)
	        Index Cond: ((k >= 7065614) AND (k <= 7065714))

table 2 : explain SELECT k, c FROM sbtest2 WHERE k BETWEEN 7065614 AND 7065714
	Bitmap Heap Scan on sbtest2  (cost=5.43..389.37 rows=97 width=125)
	  Recheck Cond: ((k >= 7065614) AND (k <= 7065714))
	  ->  Bitmap Index Scan on k_2  (cost=0.00..5.40 rows=97 width=0)
	        Index Cond: ((k >= 7065614) AND (k <= 7065714))

table 3 : explain SELECT k, c FROM sbtest3 WHERE k BETWEEN 7065614 AND 7065714
	Bitmap Heap Scan on sbtest3  (cost=5.48..409.07 rows=102 width=125)
	  Recheck Cond: ((k >= 7065614) AND (k <= 7065714))
	  ->  Bitmap Index Scan on k_3  (cost=0.00..5.45 rows=102 width=0)
	        Index Cond: ((k >= 7065614) AND (k <= 7065714))

table 4 : explain SELECT k, c FROM sbtest4 WHERE k BETWEEN 7065614 AND 7065714
	Bitmap Heap Scan on sbtest4  (cost=5.43..389.37 rows=97 width=125)
	  Recheck Cond: ((k >= 7065614) AND (k <= 7065714))
	  ->  Bitmap Index Scan on k_4  (cost=0.00..5.40 rows=97 width=0)
	        Index Cond: ((k >= 7065614) AND (k <= 7065714))

table 5 : explain SELECT k, c FROM sbtest5 WHERE k BETWEEN 7065614 AND 7065714
	Bitmap Heap Scan on sbtest5  (cost=5.46..401.19 rows=100 width=125)
	  Recheck Cond: ((k >= 7065614) AND (k <= 7065714))
	  ->  Bitmap Index Scan on k_5  (cost=0.00..5.43 rows=100 width=0)
	        Index Cond: ((k >= 7065614) AND (k <= 7065714))

table 6 : explain SELECT k, c FROM sbtest6 WHERE k BETWEEN 7065614 AND 7065714
	Bitmap Heap Scan on sbtest6  (cost=5.41..381.49 rows=95 width=125)
	  Recheck Cond: ((k >= 7065614) AND (k <= 7065714))
	  ->  Bitmap Index Scan on k_6  (cost=0.00..5.38 rows=95 width=0)
	        Index Cond: ((k >= 7065614) AND (k <= 7065714))

table 7 : explain SELECT k, c FROM sbtest7 WHERE k BETWEEN 7065614 AND 7065714
	Bitmap Heap Scan on sbtest7  (cost=5.48..409.07 rows=102 width=125)
	  Recheck Cond: ((k >= 7065614) AND (k <= 7065714))
	  ->  Bitmap Index Scan on k_7  (cost=0.00..5.45 rows=102 width=0)
	        Index Cond: ((k >= 7065614) AND (k <= 7065714))

table 8 : explain SELECT k, c FROM sbtest8 WHERE k BETWEEN 7065614 AND 7065714
	Bitmap Heap Scan on sbtest8  (cost=5.52..424.81 rows=106 width=125)
	  Recheck Cond: ((k >= 7065614) AND (k <= 7065714))
	  ->  Bitmap Index Scan on k_8  (cost=0.00..5.50 rows=106 width=0)
	        Index Cond: ((k >= 7065614) AND (k <= 7065714))

for range-notcovered
table 1 : explain SELECT k, c FROM sbtest1 WHERE k BETWEEN 7011235 AND 7011335
	Bitmap Heap Scan on sbtest1  (cost=5.53..428.75 rows=107 width=125)
	  Recheck Cond: ((k >= 7011235) AND (k <= 7011335))
	  ->  Bitmap Index Scan on k_1  (cost=0.00..5.50 rows=107 width=0)
	        Index Cond: ((k >= 7011235) AND (k <= 7011335))

table 2 : explain SELECT k, c FROM sbtest2 WHERE k BETWEEN 7011235 AND 7011335
	Bitmap Heap Scan on sbtest2  (cost=5.45..397.25 rows=99 width=125)
	  Recheck Cond: ((k >= 7011235) AND (k <= 7011335))
	  ->  Bitmap Index Scan on k_2  (cost=0.00..5.42 rows=99 width=0)
	        Index Cond: ((k >= 7011235) AND (k <= 7011335))

table 3 : explain SELECT k, c FROM sbtest3 WHERE k BETWEEN 7011235 AND 7011335
	Bitmap Heap Scan on sbtest3  (cost=5.48..409.07 rows=102 width=125)
	  Recheck Cond: ((k >= 7011235) AND (k <= 7011335))
	  ->  Bitmap Index Scan on k_3  (cost=0.00..5.45 rows=102 width=0)
	        Index Cond: ((k >= 7011235) AND (k <= 7011335))

table 4 : explain SELECT k, c FROM sbtest4 WHERE k BETWEEN 7011235 AND 7011335
	Bitmap Heap Scan on sbtest4  (cost=5.43..389.37 rows=97 width=125)
	  Recheck Cond: ((k >= 7011235) AND (k <= 7011335))
	  ->  Bitmap Index Scan on k_4  (cost=0.00..5.40 rows=97 width=0)
	        Index Cond: ((k >= 7011235) AND (k <= 7011335))

table 5 : explain SELECT k, c FROM sbtest5 WHERE k BETWEEN 7011235 AND 7011335
	Bitmap Heap Scan on sbtest5  (cost=5.46..401.19 rows=100 width=125)
	  Recheck Cond: ((k >= 7011235) AND (k <= 7011335))
	  ->  Bitmap Index Scan on k_5  (cost=0.00..5.43 rows=100 width=0)
	        Index Cond: ((k >= 7011235) AND (k <= 7011335))

table 6 : explain SELECT k, c FROM sbtest6 WHERE k BETWEEN 7011235 AND 7011335
	Bitmap Heap Scan on sbtest6  (cost=5.41..381.49 rows=95 width=125)
	  Recheck Cond: ((k >= 7011235) AND (k <= 7011335))
	  ->  Bitmap Index Scan on k_6  (cost=0.00..5.38 rows=95 width=0)
	        Index Cond: ((k >= 7011235) AND (k <= 7011335))

table 7 : explain SELECT k, c FROM sbtest7 WHERE k BETWEEN 7011235 AND 7011335
	Bitmap Heap Scan on sbtest7  (cost=5.49..413.00 rows=103 width=125)
	  Recheck Cond: ((k >= 7011235) AND (k <= 7011335))
	  ->  Bitmap Index Scan on k_7  (cost=0.00..5.46 rows=103 width=0)
	        Index Cond: ((k >= 7011235) AND (k <= 7011335))

table 8 : explain SELECT k, c FROM sbtest8 WHERE k BETWEEN 7011235 AND 7011335
	Bitmap Heap Scan on sbtest8  (cost=5.46..401.19 rows=100 width=125)
	  Recheck Cond: ((k >= 7011235) AND (k <= 7011335))
	  ->  Bitmap Index Scan on k_8  (cost=0.00..5.43 rows=100 width=0)
	        Index Cond: ((k >= 7011235) AND (k <= 7011335))

explain: for range-notcovered :: explain SELECT k, c FROM sbtest%d WHERE k BETWEEN 7065614 AND 7065714
explain: for range-notcovered :: explain SELECT k, c FROM sbtest%d WHERE k BETWEEN 7011235 AND 7011335
for range-notcovered
table 1 : explain SELECT k, c FROM sbtest1 WHERE k BETWEEN 6569738 AND 6569838
	Bitmap Heap Scan on sbtest1  (cost=5.48..409.07 rows=102 width=125)
	  Recheck Cond: ((k >= 6569738) AND (k <= 6569838))
	  ->  Bitmap Index Scan on k_1  (cost=0.00..5.45 rows=102 width=0)
	        Index Cond: ((k >= 6569738) AND (k <= 6569838))

table 2 : explain SELECT k, c FROM sbtest2 WHERE k BETWEEN 6569738 AND 6569838
	Bitmap Heap Scan on sbtest2  (cost=5.41..381.49 rows=95 width=125)
	  Recheck Cond: ((k >= 6569738) AND (k <= 6569838))
	  ->  Bitmap Index Scan on k_2  (cost=0.00..5.38 rows=95 width=0)
	        Index Cond: ((k >= 6569738) AND (k <= 6569838))

table 3 : explain SELECT k, c FROM sbtest3 WHERE k BETWEEN 6569738 AND 6569838
	Bitmap Heap Scan on sbtest3  (cost=5.51..420.88 rows=105 width=125)
	  Recheck Cond: ((k >= 6569738) AND (k <= 6569838))
	  ->  Bitmap Index Scan on k_3  (cost=0.00..5.48 rows=105 width=0)
	        Index Cond: ((k >= 6569738) AND (k <= 6569838))

table 4 : explain SELECT k, c FROM sbtest4 WHERE k BETWEEN 6569738 AND 6569838
	Bitmap Heap Scan on sbtest4  (cost=5.39..373.61 rows=93 width=125)
	  Recheck Cond: ((k >= 6569738) AND (k <= 6569838))
	  ->  Bitmap Index Scan on k_4  (cost=0.00..5.36 rows=93 width=0)
	        Index Cond: ((k >= 6569738) AND (k <= 6569838))

table 5 : explain SELECT k, c FROM sbtest5 WHERE k BETWEEN 6569738 AND 6569838
	Bitmap Heap Scan on sbtest5  (cost=5.48..409.07 rows=102 width=125)
	  Recheck Cond: ((k >= 6569738) AND (k <= 6569838))
	  ->  Bitmap Index Scan on k_5  (cost=0.00..5.45 rows=102 width=0)
	        Index Cond: ((k >= 6569738) AND (k <= 6569838))

table 6 : explain SELECT k, c FROM sbtest6 WHERE k BETWEEN 6569738 AND 6569838
	Bitmap Heap Scan on sbtest6  (cost=5.37..365.72 rows=91 width=125)
	  Recheck Cond: ((k >= 6569738) AND (k <= 6569838))
	  ->  Bitmap Index Scan on k_6  (cost=0.00..5.34 rows=91 width=0)
	        Index Cond: ((k >= 6569738) AND (k <= 6569838))

table 7 : explain SELECT k, c FROM sbtest7 WHERE k BETWEEN 6569738 AND 6569838
	Bitmap Heap Scan on sbtest7  (cost=5.46..401.19 rows=100 width=125)
	  Recheck Cond: ((k >= 6569738) AND (k <= 6569838))
	  ->  Bitmap Index Scan on k_7  (cost=0.00..5.43 rows=100 width=0)
	        Index Cond: ((k >= 6569738) AND (k <= 6569838))

table 8 : explain SELECT k, c FROM sbtest8 WHERE k BETWEEN 6569738 AND 6569838
	Bitmap Heap Scan on sbtest8  (cost=5.46..401.19 rows=100 width=125)
	  Recheck Cond: ((k >= 6569738) AND (k <= 6569838))
	  ->  Bitmap Index Scan on k_8  (cost=0.00..5.43 rows=100 width=0)
	        Index Cond: ((k >= 6569738) AND (k <= 6569838))

explain: for range-notcovered :: explain SELECT k, c FROM sbtest%d WHERE k BETWEEN 5059745 AND 5059845
for range-notcovered
table 1 : explain SELECT k, c FROM sbtest1 WHERE k BETWEEN 3092567 AND 3092667
	Bitmap Heap Scan on sbtest1  (cost=5.52..424.81 rows=106 width=125)
	  Recheck Cond: ((k >= 3092567) AND (k <= 3092667))
	  ->  Bitmap Index Scan on k_1  (cost=0.00..5.50 rows=106 width=0)
	        Index Cond: ((k >= 3092567) AND (k <= 3092667))

table 2 : explain SELECT k, c FROM sbtest2 WHERE k BETWEEN 3092567 AND 3092667
	Bitmap Heap Scan on sbtest2  (cost=5.42..385.43 rows=96 width=125)
	  Recheck Cond: ((k >= 3092567) AND (k <= 3092667))
	  ->  Bitmap Index Scan on k_2  (cost=0.00..5.39 rows=96 width=0)
	        Index Cond: ((k >= 3092567) AND (k <= 3092667))

table 3 : explain SELECT k, c FROM sbtest3 WHERE k BETWEEN 3092567 AND 3092667
	Bitmap Heap Scan on sbtest3  (cost=5.35..357.84 rows=89 width=125)
	  Recheck Cond: ((k >= 3092567) AND (k <= 3092667))
	  ->  Bitmap Index Scan on k_3  (cost=0.00..5.32 rows=89 width=0)
	        Index Cond: ((k >= 3092567) AND (k <= 3092667))

table 4 : explain SELECT k, c FROM sbtest4 WHERE k BETWEEN 3092567 AND 3092667
	Bitmap Heap Scan on sbtest4  (cost=5.51..420.88 rows=105 width=125)
	  Recheck Cond: ((k >= 3092567) AND (k <= 3092667))
	  ->  Bitmap Index Scan on k_4  (cost=0.00..5.48 rows=105 width=0)
	        Index Cond: ((k >= 3092567) AND (k <= 3092667))

table 5 : explain SELECT k, c FROM sbtest5 WHERE k BETWEEN 3092567 AND 3092667
	Bitmap Heap Scan on sbtest5  (cost=5.49..413.00 rows=103 width=125)
	  Recheck Cond: ((k >= 3092567) AND (k <= 3092667))
	  ->  Bitmap Index Scan on k_5  (cost=0.00..5.46 rows=103 width=0)
	        Index Cond: ((k >= 3092567) AND (k <= 3092667))

table 6 : explain SELECT k, c FROM sbtest6 WHERE k BETWEEN 3092567 AND 3092667
	Bitmap Heap Scan on sbtest6  (cost=5.50..416.94 rows=104 width=125)
	  Recheck Cond: ((k >= 3092567) AND (k <= 3092667))
	  ->  Bitmap Index Scan on k_6  (cost=0.00..5.47 rows=104 width=0)
	        Index Cond: ((k >= 3092567) AND (k <= 3092667))

table 7 : explain SELECT k, c FROM sbtest7 WHERE k BETWEEN 3092567 AND 3092667
	Bitmap Heap Scan on sbtest7  (cost=5.50..416.94 rows=104 width=125)
	  Recheck Cond: ((k >= 3092567) AND (k <= 3092667))
	  ->  Bitmap Index Scan on k_7  (cost=0.00..5.47 rows=104 width=0)
	        Index Cond: ((k >= 3092567) AND (k <= 3092667))

table 8 : explain SELECT k, c FROM sbtest8 WHERE k BETWEEN 3092567 AND 3092667
	Bitmap Heap Scan on sbtest8  (cost=5.43..389.37 rows=97 width=125)
	  Recheck Cond: ((k >= 3092567) AND (k <= 3092667))
	  ->  Bitmap Index Scan on k_8  (cost=0.00..5.40 rows=97 width=0)
	        Index Cond: ((k >= 3092567) AND (k <= 3092667))

for range-notcovered
table 1 : explain SELECT k, c FROM sbtest1 WHERE k BETWEEN 6366034 AND 6366134
	Bitmap Heap Scan on sbtest1  (cost=5.54..432.69 rows=108 width=125)
	  Recheck Cond: ((k >= 6366034) AND (k <= 6366134))
	  ->  Bitmap Index Scan on k_1  (cost=0.00..5.51 rows=108 width=0)
	        Index Cond: ((k >= 6366034) AND (k <= 6366134))

table 2 : explain SELECT k, c FROM sbtest2 WHERE k BETWEEN 6366034 AND 6366134
	Bitmap Heap Scan on sbtest2  (cost=5.49..413.00 rows=103 width=125)
	  Recheck Cond: ((k >= 6366034) AND (k <= 6366134))
	  ->  Bitmap Index Scan on k_2  (cost=0.00..5.46 rows=103 width=0)
	        Index Cond: ((k >= 6366034) AND (k <= 6366134))

table 3 : explain SELECT k, c FROM sbtest3 WHERE k BETWEEN 6366034 AND 6366134
	Bitmap Heap Scan on sbtest3  (cost=5.39..373.61 rows=93 width=125)
	  Recheck Cond: ((k >= 6366034) AND (k <= 6366134))
	  ->  Bitmap Index Scan on k_3  (cost=0.00..5.36 rows=93 width=0)
	        Index Cond: ((k >= 6366034) AND (k <= 6366134))

table 4 : explain SELECT k, c FROM sbtest4 WHERE k BETWEEN 6366034 AND 6366134
	Bitmap Heap Scan on sbtest4  (cost=5.51..420.88 rows=105 width=125)
	  Recheck Cond: ((k >= 6366034) AND (k <= 6366134))
	  ->  Bitmap Index Scan on k_4  (cost=0.00..5.48 rows=105 width=0)
	        Index Cond: ((k >= 6366034) AND (k <= 6366134))

table 5 : explain SELECT k, c FROM sbtest5 WHERE k BETWEEN 6366034 AND 6366134
	Bitmap Heap Scan on sbtest5  (cost=5.47..405.13 rows=101 width=125)
	  Recheck Cond: ((k >= 6366034) AND (k <= 6366134))
	  ->  Bitmap Index Scan on k_5  (cost=0.00..5.44 rows=101 width=0)
	        Index Cond: ((k >= 6366034) AND (k <= 6366134))

table 6 : explain SELECT k, c FROM sbtest6 WHERE k BETWEEN 6366034 AND 6366134
	Bitmap Heap Scan on sbtest6  (cost=5.52..424.81 rows=106 width=125)
	  Recheck Cond: ((k >= 6366034) AND (k <= 6366134))
	  ->  Bitmap Index Scan on k_6  (cost=0.00..5.50 rows=106 width=0)
	        Index Cond: ((k >= 6366034) AND (k <= 6366134))

table 7 : explain SELECT k, c FROM sbtest7 WHERE k BETWEEN 6366034 AND 6366134
	Bitmap Heap Scan on sbtest7  (cost=5.48..409.07 rows=102 width=125)
	  Recheck Cond: ((k >= 6366034) AND (k <= 6366134))
	  ->  Bitmap Index Scan on k_7  (cost=0.00..5.45 rows=102 width=0)
	        Index Cond: ((k >= 6366034) AND (k <= 6366134))

table 8 : explain SELECT k, c FROM sbtest8 WHERE k BETWEEN 6366034 AND 6366134
	Bitmap Heap Scan on sbtest8  (cost=5.48..409.07 rows=102 width=125)
	  Recheck Cond: ((k >= 6366034) AND (k <= 6366134))
	  ->  Bitmap Index Scan on k_8  (cost=0.00..5.45 rows=102 width=0)
	        Index Cond: ((k >= 6366034) AND (k <= 6366134))

explain: for range-notcovered :: explain SELECT k, c FROM sbtest%d WHERE k BETWEEN 3092567 AND 3092667
explain: for range-notcovered :: explain SELECT k, c FROM sbtest%d WHERE k BETWEEN 6366034 AND 6366134
for range-notcovered
table 1 : explain SELECT k, c FROM sbtest1 WHERE k BETWEEN 2474191 AND 2474291
	Bitmap Heap Scan on sbtest1  (cost=5.50..416.94 rows=104 width=125)
	  Recheck Cond: ((k >= 2474191) AND (k <= 2474291))
	  ->  Bitmap Index Scan on k_1  (cost=0.00..5.47 rows=104 width=0)
	        Index Cond: ((k >= 2474191) AND (k <= 2474291))

table 2 : explain SELECT k, c FROM sbtest2 WHERE k BETWEEN 2474191 AND 2474291
	Bitmap Heap Scan on sbtest2  (cost=5.46..401.19 rows=100 width=125)
	  Recheck Cond: ((k >= 2474191) AND (k <= 2474291))
	  ->  Bitmap Index Scan on k_2  (cost=0.00..5.43 rows=100 width=0)
	        Index Cond: ((k >= 2474191) AND (k <= 2474291))

table 3 : explain SELECT k, c FROM sbtest3 WHERE k BETWEEN 2474191 AND 2474291
	Bitmap Heap Scan on sbtest3  (cost=5.49..413.00 rows=103 width=125)
	  Recheck Cond: ((k >= 2474191) AND (k <= 2474291))
	  ->  Bitmap Index Scan on k_3  (cost=0.00..5.46 rows=103 width=0)
	        Index Cond: ((k >= 2474191) AND (k <= 2474291))

table 4 : explain SELECT k, c FROM sbtest4 WHERE k BETWEEN 2474191 AND 2474291
	Bitmap Heap Scan on sbtest4  (cost=5.55..436.62 rows=109 width=125)
	  Recheck Cond: ((k >= 2474191) AND (k <= 2474291))
	  ->  Bitmap Index Scan on k_4  (cost=0.00..5.52 rows=109 width=0)
	        Index Cond: ((k >= 2474191) AND (k <= 2474291))

table 5 : explain SELECT k, c FROM sbtest5 WHERE k BETWEEN 2474191 AND 2474291
	Bitmap Heap Scan on sbtest5  (cost=5.67..479.88 rows=120 width=125)
	  Recheck Cond: ((k >= 2474191) AND (k <= 2474291))
	  ->  Bitmap Index Scan on k_5  (cost=0.00..5.63 rows=120 width=0)
	        Index Cond: ((k >= 2474191) AND (k <= 2474291))

table 6 : explain SELECT k, c FROM sbtest6 WHERE k BETWEEN 2474191 AND 2474291
	Bitmap Heap Scan on sbtest6  (cost=5.46..401.19 rows=100 width=125)
	  Recheck Cond: ((k >= 2474191) AND (k <= 2474291))
	  ->  Bitmap Index Scan on k_6  (cost=0.00..5.43 rows=100 width=0)
	        Index Cond: ((k >= 2474191) AND (k <= 2474291))

table 7 : explain SELECT k, c FROM sbtest7 WHERE k BETWEEN 2474191 AND 2474291
	Bitmap Heap Scan on sbtest7  (cost=5.53..428.75 rows=107 width=125)
	  Recheck Cond: ((k >= 2474191) AND (k <= 2474291))
	  ->  Bitmap Index Scan on k_7  (cost=0.00..5.50 rows=107 width=0)
	        Index Cond: ((k >= 2474191) AND (k <= 2474291))

table 8 : explain SELECT k, c FROM sbtest8 WHERE k BETWEEN 2474191 AND 2474291
	Bitmap Heap Scan on sbtest8  (cost=5.48..409.07 rows=102 width=125)
	  Recheck Cond: ((k >= 2474191) AND (k <= 2474291))
	  ->  Bitmap Index Scan on k_8  (cost=0.00..5.45 rows=102 width=0)
	        Index Cond: ((k >= 2474191) AND (k <= 2474291))

for range-notcovered
table 1 : explain SELECT k, c FROM sbtest1 WHERE k BETWEEN 3092567 AND 3092667
	Bitmap Heap Scan on sbtest1  (cost=5.52..424.81 rows=106 width=125)
	  Recheck Cond: ((k >= 3092567) AND (k <= 3092667))
	  ->  Bitmap Index Scan on k_1  (cost=0.00..5.50 rows=106 width=0)
	        Index Cond: ((k >= 3092567) AND (k <= 3092667))

table 2 : explain SELECT k, c FROM sbtest2 WHERE k BETWEEN 3092567 AND 3092667
	Bitmap Heap Scan on sbtest2  (cost=5.42..385.43 rows=96 width=125)
	  Recheck Cond: ((k >= 3092567) AND (k <= 3092667))
	  ->  Bitmap Index Scan on k_2  (cost=0.00..5.39 rows=96 width=0)
	        Index Cond: ((k >= 3092567) AND (k <= 3092667))

table 3 : explain SELECT k, c FROM sbtest3 WHERE k BETWEEN 3092567 AND 3092667
	Bitmap Heap Scan on sbtest3  (cost=5.35..357.84 rows=89 width=125)
	  Recheck Cond: ((k >= 3092567) AND (k <= 3092667))
	  ->  Bitmap Index Scan on k_3  (cost=0.00..5.32 rows=89 width=0)
	        Index Cond: ((k >= 3092567) AND (k <= 3092667))

table 4 : explain SELECT k, c FROM sbtest4 WHERE k BETWEEN 3092567 AND 3092667
	Bitmap Heap Scan on sbtest4  (cost=5.51..420.88 rows=105 width=125)
	  Recheck Cond: ((k >= 3092567) AND (k <= 3092667))
	  ->  Bitmap Index Scan on k_4  (cost=0.00..5.48 rows=105 width=0)
	        Index Cond: ((k >= 3092567) AND (k <= 3092667))

table 5 : explain SELECT k, c FROM sbtest5 WHERE k BETWEEN 3092567 AND 3092667
	Bitmap Heap Scan on sbtest5  (cost=5.49..413.00 rows=103 width=125)
	  Recheck Cond: ((k >= 3092567) AND (k <= 3092667))
	  ->  Bitmap Index Scan on k_5  (cost=0.00..5.46 rows=103 width=0)
	        Index Cond: ((k >= 3092567) AND (k <= 3092667))

table 6 : explain SELECT k, c FROM sbtest6 WHERE k BETWEEN 3092567 AND 3092667
	Bitmap Heap Scan on sbtest6  (cost=5.50..416.94 rows=104 width=125)
	  Recheck Cond: ((k >= 3092567) AND (k <= 3092667))
	  ->  Bitmap Index Scan on k_6  (cost=0.00..5.47 rows=104 width=0)
	        Index Cond: ((k >= 3092567) AND (k <= 3092667))

table 7 : explain SELECT k, c FROM sbtest7 WHERE k BETWEEN 3092567 AND 3092667
	Bitmap Heap Scan on sbtest7  (cost=5.50..416.94 rows=104 width=125)
	  Recheck Cond: ((k >= 3092567) AND (k <= 3092667))
	  ->  Bitmap Index Scan on k_7  (cost=0.00..5.47 rows=104 width=0)
	        Index Cond: ((k >= 3092567) AND (k <= 3092667))

table 8 : explain SELECT k, c FROM sbtest8 WHERE k BETWEEN 3092567 AND 3092667
	Bitmap Heap Scan on sbtest8  (cost=5.43..389.37 rows=97 width=125)
	  Recheck Cond: ((k >= 3092567) AND (k <= 3092667))
	  ->  Bitmap Index Scan on k_8  (cost=0.00..5.40 rows=97 width=0)
	        Index Cond: ((k >= 3092567) AND (k <= 3092667))

for range-notcovered
table 1 : explain SELECT k, c FROM sbtest1 WHERE k BETWEEN 1059049 AND 1059149
	Bitmap Heap Scan on sbtest1  (cost=5.56..440.56 rows=110 width=125)
	  Recheck Cond: ((k >= 1059049) AND (k <= 1059149))
	  ->  Bitmap Index Scan on k_1  (cost=0.00..5.53 rows=110 width=0)
	        Index Cond: ((k >= 1059049) AND (k <= 1059149))

table 2 : explain SELECT k, c FROM sbtest2 WHERE k BETWEEN 1059049 AND 1059149
	Bitmap Heap Scan on sbtest2  (cost=5.51..420.88 rows=105 width=125)
	  Recheck Cond: ((k >= 1059049) AND (k <= 1059149))
	  ->  Bitmap Index Scan on k_2  (cost=0.00..5.48 rows=105 width=0)
	        Index Cond: ((k >= 1059049) AND (k <= 1059149))

table 3 : explain SELECT k, c FROM sbtest3 WHERE k BETWEEN 1059049 AND 1059149
	Bitmap Heap Scan on sbtest3  (cost=5.49..413.00 rows=103 width=125)
	  Recheck Cond: ((k >= 1059049) AND (k <= 1059149))
	  ->  Bitmap Index Scan on k_3  (cost=0.00..5.46 rows=103 width=0)
	        Index Cond: ((k >= 1059049) AND (k <= 1059149))

table 4 : explain SELECT k, c FROM sbtest4 WHERE k BETWEEN 1059049 AND 1059149
	Bitmap Heap Scan on sbtest4  (cost=5.52..424.81 rows=106 width=125)
	  Recheck Cond: ((k >= 1059049) AND (k <= 1059149))
	  ->  Bitmap Index Scan on k_4  (cost=0.00..5.50 rows=106 width=0)
	        Index Cond: ((k >= 1059049) AND (k <= 1059149))

table 5 : explain SELECT k, c FROM sbtest5 WHERE k BETWEEN 1059049 AND 1059149
	Bitmap Heap Scan on sbtest5  (cost=5.48..409.07 rows=102 width=125)
	  Recheck Cond: ((k >= 1059049) AND (k <= 1059149))
	  ->  Bitmap Index Scan on k_5  (cost=0.00..5.45 rows=102 width=0)
	        Index Cond: ((k >= 1059049) AND (k <= 1059149))

table 6 : explain SELECT k, c FROM sbtest6 WHERE k BETWEEN 1059049 AND 1059149
	Bitmap Heap Scan on sbtest6  (cost=5.47..405.13 rows=101 width=125)
	  Recheck Cond: ((k >= 1059049) AND (k <= 1059149))
	  ->  Bitmap Index Scan on k_6  (cost=0.00..5.44 rows=101 width=0)
	        Index Cond: ((k >= 1059049) AND (k <= 1059149))

table 7 : explain SELECT k, c FROM sbtest7 WHERE k BETWEEN 1059049 AND 1059149
	Bitmap Heap Scan on sbtest7  (cost=5.44..393.31 rows=98 width=125)
	  Recheck Cond: ((k >= 1059049) AND (k <= 1059149))
	  ->  Bitmap Index Scan on k_7  (cost=0.00..5.42 rows=98 width=0)
	        Index Cond: ((k >= 1059049) AND (k <= 1059149))

table 8 : explain SELECT k, c FROM sbtest8 WHERE k BETWEEN 1059049 AND 1059149
	Bitmap Heap Scan on sbtest8  (cost=5.42..385.43 rows=96 width=125)
	  Recheck Cond: ((k >= 1059049) AND (k <= 1059149))
	  ->  Bitmap Index Scan on k_8  (cost=0.00..5.39 rows=96 width=0)
	        Index Cond: ((k >= 1059049) AND (k <= 1059149))

for range-notcovered
table 1 : explain SELECT k, c FROM sbtest1 WHERE k BETWEEN 6366034 AND 6366134
	Bitmap Heap Scan on sbtest1  (cost=5.54..432.69 rows=108 width=125)
	  Recheck Cond: ((k >= 6366034) AND (k <= 6366134))
	  ->  Bitmap Index Scan on k_1  (cost=0.00..5.51 rows=108 width=0)
	        Index Cond: ((k >= 6366034) AND (k <= 6366134))

table 2 : explain SELECT k, c FROM sbtest2 WHERE k BETWEEN 6366034 AND 6366134
	Bitmap Heap Scan on sbtest2  (cost=5.49..413.00 rows=103 width=125)
	  Recheck Cond: ((k >= 6366034) AND (k <= 6366134))
	  ->  Bitmap Index Scan on k_2  (cost=0.00..5.46 rows=103 width=0)
	        Index Cond: ((k >= 6366034) AND (k <= 6366134))

table 3 : explain SELECT k, c FROM sbtest3 WHERE k BETWEEN 6366034 AND 6366134
	Bitmap Heap Scan on sbtest3  (cost=5.39..373.61 rows=93 width=125)
	  Recheck Cond: ((k >= 6366034) AND (k <= 6366134))
	  ->  Bitmap Index Scan on k_3  (cost=0.00..5.36 rows=93 width=0)
	        Index Cond: ((k >= 6366034) AND (k <= 6366134))

table 4 : explain SELECT k, c FROM sbtest4 WHERE k BETWEEN 6366034 AND 6366134
	Bitmap Heap Scan on sbtest4  (cost=5.51..420.88 rows=105 width=125)
	  Recheck Cond: ((k >= 6366034) AND (k <= 6366134))
	  ->  Bitmap Index Scan on k_4  (cost=0.00..5.48 rows=105 width=0)
	        Index Cond: ((k >= 6366034) AND (k <= 6366134))

table 5 : explain SELECT k, c FROM sbtest5 WHERE k BETWEEN 6366034 AND 6366134
	Bitmap Heap Scan on sbtest5  (cost=5.47..405.13 rows=101 width=125)
	  Recheck Cond: ((k >= 6366034) AND (k <= 6366134))
	  ->  Bitmap Index Scan on k_5  (cost=0.00..5.44 rows=101 width=0)
	        Index Cond: ((k >= 6366034) AND (k <= 6366134))

table 6 : explain SELECT k, c FROM sbtest6 WHERE k BETWEEN 6366034 AND 6366134
	Bitmap Heap Scan on sbtest6  (cost=5.52..424.81 rows=106 width=125)
	  Recheck Cond: ((k >= 6366034) AND (k <= 6366134))
	  ->  Bitmap Index Scan on k_6  (cost=0.00..5.50 rows=106 width=0)
	        Index Cond: ((k >= 6366034) AND (k <= 6366134))

table 7 : explain SELECT k, c FROM sbtest7 WHERE k BETWEEN 6366034 AND 6366134
	Bitmap Heap Scan on sbtest7  (cost=5.48..409.07 rows=102 width=125)
	  Recheck Cond: ((k >= 6366034) AND (k <= 6366134))
	  ->  Bitmap Index Scan on k_7  (cost=0.00..5.45 rows=102 width=0)
	        Index Cond: ((k >= 6366034) AND (k <= 6366134))

table 8 : explain SELECT k, c FROM sbtest8 WHERE k BETWEEN 6366034 AND 6366134
	Bitmap Heap Scan on sbtest8  (cost=5.48..409.07 rows=102 width=125)
	  Recheck Cond: ((k >= 6366034) AND (k <= 6366134))
	  ->  Bitmap Index Scan on k_8  (cost=0.00..5.45 rows=102 width=0)
	        Index Cond: ((k >= 6366034) AND (k <= 6366134))

explain: for range-notcovered :: explain SELECT k, c FROM sbtest%d WHERE k BETWEEN 3092567 AND 3092667
explain: for range-notcovered :: explain SELECT k, c FROM sbtest%d WHERE k BETWEEN 1059049 AND 1059149
explain: for range-notcovered :: explain SELECT k, c FROM sbtest%d WHERE k BETWEEN 6366034 AND 6366134
for range-notcovered
table 1 : explain SELECT k, c FROM sbtest1 WHERE k BETWEEN 7011235 AND 7011335
	Bitmap Heap Scan on sbtest1  (cost=5.53..428.75 rows=107 width=125)
	  Recheck Cond: ((k >= 7011235) AND (k <= 7011335))
	  ->  Bitmap Index Scan on k_1  (cost=0.00..5.50 rows=107 width=0)
	        Index Cond: ((k >= 7011235) AND (k <= 7011335))

table 2 : explain SELECT k, c FROM sbtest2 WHERE k BETWEEN 7011235 AND 7011335
	Bitmap Heap Scan on sbtest2  (cost=5.45..397.25 rows=99 width=125)
	  Recheck Cond: ((k >= 7011235) AND (k <= 7011335))
	  ->  Bitmap Index Scan on k_2  (cost=0.00..5.42 rows=99 width=0)
	        Index Cond: ((k >= 7011235) AND (k <= 7011335))

table 3 : explain SELECT k, c FROM sbtest3 WHERE k BETWEEN 7011235 AND 7011335
	Bitmap Heap Scan on sbtest3  (cost=5.48..409.07 rows=102 width=125)
	  Recheck Cond: ((k >= 7011235) AND (k <= 7011335))
	  ->  Bitmap Index Scan on k_3  (cost=0.00..5.45 rows=102 width=0)
	        Index Cond: ((k >= 7011235) AND (k <= 7011335))

table 4 : explain SELECT k, c FROM sbtest4 WHERE k BETWEEN 7011235 AND 7011335
	Bitmap Heap Scan on sbtest4  (cost=5.43..389.37 rows=97 width=125)
	  Recheck Cond: ((k >= 7011235) AND (k <= 7011335))
	  ->  Bitmap Index Scan on k_4  (cost=0.00..5.40 rows=97 width=0)
	        Index Cond: ((k >= 7011235) AND (k <= 7011335))

table 5 : explain SELECT k, c FROM sbtest5 WHERE k BETWEEN 7011235 AND 7011335
	Bitmap Heap Scan on sbtest5  (cost=5.46..401.19 rows=100 width=125)
	  Recheck Cond: ((k >= 7011235) AND (k <= 7011335))
	  ->  Bitmap Index Scan on k_5  (cost=0.00..5.43 rows=100 width=0)
	        Index Cond: ((k >= 7011235) AND (k <= 7011335))

table 6 : explain SELECT k, c FROM sbtest6 WHERE k BETWEEN 7011235 AND 7011335
	Bitmap Heap Scan on sbtest6  (cost=5.41..381.49 rows=95 width=125)
	  Recheck Cond: ((k >= 7011235) AND (k <= 7011335))
	  ->  Bitmap Index Scan on k_6  (cost=0.00..5.38 rows=95 width=0)
	        Index Cond: ((k >= 7011235) AND (k <= 7011335))

table 7 : explain SELECT k, c FROM sbtest7 WHERE k BETWEEN 7011235 AND 7011335
	Bitmap Heap Scan on sbtest7  (cost=5.49..413.00 rows=103 width=125)
	  Recheck Cond: ((k >= 7011235) AND (k <= 7011335))
	  ->  Bitmap Index Scan on k_7  (cost=0.00..5.46 rows=103 width=0)
	        Index Cond: ((k >= 7011235) AND (k <= 7011335))

table 8 : explain SELECT k, c FROM sbtest8 WHERE k BETWEEN 7011235 AND 7011335
	Bitmap Heap Scan on sbtest8  (cost=5.46..401.19 rows=100 width=125)
	  Recheck Cond: ((k >= 7011235) AND (k <= 7011335))
	  ->  Bitmap Index Scan on k_8  (cost=0.00..5.43 rows=100 width=0)
	        Index Cond: ((k >= 7011235) AND (k <= 7011335))

for range-notcovered
table 1 : explain SELECT k, c FROM sbtest1 WHERE k BETWEEN 7065614 AND 7065714
	Bitmap Heap Scan on sbtest1  (cost=5.53..428.75 rows=107 width=125)
	  Recheck Cond: ((k >= 7065614) AND (k <= 7065714))
	  ->  Bitmap Index Scan on k_1  (cost=0.00..5.50 rows=107 width=0)
	        Index Cond: ((k >= 7065614) AND (k <= 7065714))

table 2 : explain SELECT k, c FROM sbtest2 WHERE k BETWEEN 7065614 AND 7065714
	Bitmap Heap Scan on sbtest2  (cost=5.43..389.37 rows=97 width=125)
	  Recheck Cond: ((k >= 7065614) AND (k <= 7065714))
	  ->  Bitmap Index Scan on k_2  (cost=0.00..5.40 rows=97 width=0)
	        Index Cond: ((k >= 7065614) AND (k <= 7065714))

table 3 : explain SELECT k, c FROM sbtest3 WHERE k BETWEEN 7065614 AND 7065714
	Bitmap Heap Scan on sbtest3  (cost=5.48..409.07 rows=102 width=125)
	  Recheck Cond: ((k >= 7065614) AND (k <= 7065714))
	  ->  Bitmap Index Scan on k_3  (cost=0.00..5.45 rows=102 width=0)
	        Index Cond: ((k >= 7065614) AND (k <= 7065714))

table 4 : explain SELECT k, c FROM sbtest4 WHERE k BETWEEN 7065614 AND 7065714
	Bitmap Heap Scan on sbtest4  (cost=5.43..389.37 rows=97 width=125)
	  Recheck Cond: ((k >= 7065614) AND (k <= 7065714))
	  ->  Bitmap Index Scan on k_4  (cost=0.00..5.40 rows=97 width=0)
	        Index Cond: ((k >= 7065614) AND (k <= 7065714))

table 5 : explain SELECT k, c FROM sbtest5 WHERE k BETWEEN 7065614 AND 7065714
	Bitmap Heap Scan on sbtest5  (cost=5.46..401.19 rows=100 width=125)
	  Recheck Cond: ((k >= 7065614) AND (k <= 7065714))
	  ->  Bitmap Index Scan on k_5  (cost=0.00..5.43 rows=100 width=0)
	        Index Cond: ((k >= 7065614) AND (k <= 7065714))

table 6 : explain SELECT k, c FROM sbtest6 WHERE k BETWEEN 7065614 AND 7065714
	Bitmap Heap Scan on sbtest6  (cost=5.41..381.49 rows=95 width=125)
	  Recheck Cond: ((k >= 7065614) AND (k <= 7065714))
	  ->  Bitmap Index Scan on k_6  (cost=0.00..5.38 rows=95 width=0)
	        Index Cond: ((k >= 7065614) AND (k <= 7065714))

table 7 : explain SELECT k, c FROM sbtest7 WHERE k BETWEEN 7065614 AND 7065714
	Bitmap Heap Scan on sbtest7  (cost=5.48..409.07 rows=102 width=125)
	  Recheck Cond: ((k >= 7065614) AND (k <= 7065714))
	  ->  Bitmap Index Scan on k_7  (cost=0.00..5.45 rows=102 width=0)
	        Index Cond: ((k >= 7065614) AND (k <= 7065714))

table 8 : explain SELECT k, c FROM sbtest8 WHERE k BETWEEN 7065614 AND 7065714
	Bitmap Heap Scan on sbtest8  (cost=5.52..424.81 rows=106 width=125)
	  Recheck Cond: ((k >= 7065614) AND (k <= 7065714))
	  ->  Bitmap Index Scan on k_8  (cost=0.00..5.50 rows=106 width=0)
	        Index Cond: ((k >= 7065614) AND (k <= 7065714))

explain: for range-notcovered :: explain SELECT k, c FROM sbtest%d WHERE k BETWEEN 7011235 AND 7011335
explain: for range-notcovered :: explain SELECT k, c FROM sbtest%d WHERE k BETWEEN 7065614 AND 7065714
for range-notcovered
table 1 : explain SELECT k, c FROM sbtest1 WHERE k BETWEEN 6366034 AND 6366134
	Bitmap Heap Scan on sbtest1  (cost=5.54..432.69 rows=108 width=125)
	  Recheck Cond: ((k >= 6366034) AND (k <= 6366134))
	  ->  Bitmap Index Scan on k_1  (cost=0.00..5.51 rows=108 width=0)
	        Index Cond: ((k >= 6366034) AND (k <= 6366134))

table 2 : explain SELECT k, c FROM sbtest2 WHERE k BETWEEN 6366034 AND 6366134
	Bitmap Heap Scan on sbtest2  (cost=5.49..413.00 rows=103 width=125)
	  Recheck Cond: ((k >= 6366034) AND (k <= 6366134))
	  ->  Bitmap Index Scan on k_2  (cost=0.00..5.46 rows=103 width=0)
	        Index Cond: ((k >= 6366034) AND (k <= 6366134))

table 3 : explain SELECT k, c FROM sbtest3 WHERE k BETWEEN 6366034 AND 6366134
	Bitmap Heap Scan on sbtest3  (cost=5.39..373.61 rows=93 width=125)
	  Recheck Cond: ((k >= 6366034) AND (k <= 6366134))
	  ->  Bitmap Index Scan on k_3  (cost=0.00..5.36 rows=93 width=0)
	        Index Cond: ((k >= 6366034) AND (k <= 6366134))

table 4 : explain SELECT k, c FROM sbtest4 WHERE k BETWEEN 6366034 AND 6366134
	Bitmap Heap Scan on sbtest4  (cost=5.51..420.88 rows=105 width=125)
	  Recheck Cond: ((k >= 6366034) AND (k <= 6366134))
	  ->  Bitmap Index Scan on k_4  (cost=0.00..5.48 rows=105 width=0)
	        Index Cond: ((k >= 6366034) AND (k <= 6366134))

table 5 : explain SELECT k, c FROM sbtest5 WHERE k BETWEEN 6366034 AND 6366134
	Bitmap Heap Scan on sbtest5  (cost=5.47..405.13 rows=101 width=125)
	  Recheck Cond: ((k >= 6366034) AND (k <= 6366134))
	  ->  Bitmap Index Scan on k_5  (cost=0.00..5.44 rows=101 width=0)
	        Index Cond: ((k >= 6366034) AND (k <= 6366134))

table 6 : explain SELECT k, c FROM sbtest6 WHERE k BETWEEN 6366034 AND 6366134
	Bitmap Heap Scan on sbtest6  (cost=5.52..424.81 rows=106 width=125)
	  Recheck Cond: ((k >= 6366034) AND (k <= 6366134))
	  ->  Bitmap Index Scan on k_6  (cost=0.00..5.50 rows=106 width=0)
	        Index Cond: ((k >= 6366034) AND (k <= 6366134))

table 7 : explain SELECT k, c FROM sbtest7 WHERE k BETWEEN 6366034 AND 6366134
	Bitmap Heap Scan on sbtest7  (cost=5.48..409.07 rows=102 width=125)
	  Recheck Cond: ((k >= 6366034) AND (k <= 6366134))
	  ->  Bitmap Index Scan on k_7  (cost=0.00..5.45 rows=102 width=0)
	        Index Cond: ((k >= 6366034) AND (k <= 6366134))

table 8 : explain SELECT k, c FROM sbtest8 WHERE k BETWEEN 6366034 AND 6366134
	Bitmap Heap Scan on sbtest8  (cost=5.48..409.07 rows=102 width=125)
	  Recheck Cond: ((k >= 6366034) AND (k <= 6366134))
	  ->  Bitmap Index Scan on k_8  (cost=0.00..5.45 rows=102 width=0)
	        Index Cond: ((k >= 6366034) AND (k <= 6366134))

for range-notcovered
table 1 : explain SELECT k, c FROM sbtest1 WHERE k BETWEEN 3092567 AND 3092667
	Bitmap Heap Scan on sbtest1  (cost=5.52..424.81 rows=106 width=125)
	  Recheck Cond: ((k >= 3092567) AND (k <= 3092667))
	  ->  Bitmap Index Scan on k_1  (cost=0.00..5.50 rows=106 width=0)
	        Index Cond: ((k >= 3092567) AND (k <= 3092667))

table 2 : explain SELECT k, c FROM sbtest2 WHERE k BETWEEN 3092567 AND 3092667
	Bitmap Heap Scan on sbtest2  (cost=5.42..385.43 rows=96 width=125)
	  Recheck Cond: ((k >= 3092567) AND (k <= 3092667))
	  ->  Bitmap Index Scan on k_2  (cost=0.00..5.39 rows=96 width=0)
	        Index Cond: ((k >= 3092567) AND (k <= 3092667))

table 3 : explain SELECT k, c FROM sbtest3 WHERE k BETWEEN 3092567 AND 3092667
	Bitmap Heap Scan on sbtest3  (cost=5.35..357.84 rows=89 width=125)
	  Recheck Cond: ((k >= 3092567) AND (k <= 3092667))
	  ->  Bitmap Index Scan on k_3  (cost=0.00..5.32 rows=89 width=0)
	        Index Cond: ((k >= 3092567) AND (k <= 3092667))

table 4 : explain SELECT k, c FROM sbtest4 WHERE k BETWEEN 3092567 AND 3092667
	Bitmap Heap Scan on sbtest4  (cost=5.51..420.88 rows=105 width=125)
	  Recheck Cond: ((k >= 3092567) AND (k <= 3092667))
	  ->  Bitmap Index Scan on k_4  (cost=0.00..5.48 rows=105 width=0)
	        Index Cond: ((k >= 3092567) AND (k <= 3092667))

table 5 : explain SELECT k, c FROM sbtest5 WHERE k BETWEEN 3092567 AND 3092667
	Bitmap Heap Scan on sbtest5  (cost=5.49..413.00 rows=103 width=125)
	  Recheck Cond: ((k >= 3092567) AND (k <= 3092667))
	  ->  Bitmap Index Scan on k_5  (cost=0.00..5.46 rows=103 width=0)
	        Index Cond: ((k >= 3092567) AND (k <= 3092667))

table 6 : explain SELECT k, c FROM sbtest6 WHERE k BETWEEN 3092567 AND 3092667
	Bitmap Heap Scan on sbtest6  (cost=5.50..416.94 rows=104 width=125)
	  Recheck Cond: ((k >= 3092567) AND (k <= 3092667))
	  ->  Bitmap Index Scan on k_6  (cost=0.00..5.47 rows=104 width=0)
	        Index Cond: ((k >= 3092567) AND (k <= 3092667))

table 7 : explain SELECT k, c FROM sbtest7 WHERE k BETWEEN 3092567 AND 3092667
	Bitmap Heap Scan on sbtest7  (cost=5.50..416.94 rows=104 width=125)
	  Recheck Cond: ((k >= 3092567) AND (k <= 3092667))
	  ->  Bitmap Index Scan on k_7  (cost=0.00..5.47 rows=104 width=0)
	        Index Cond: ((k >= 3092567) AND (k <= 3092667))

table 8 : explain SELECT k, c FROM sbtest8 WHERE k BETWEEN 3092567 AND 3092667
	Bitmap Heap Scan on sbtest8  (cost=5.43..389.37 rows=97 width=125)
	  Recheck Cond: ((k >= 3092567) AND (k <= 3092667))
	  ->  Bitmap Index Scan on k_8  (cost=0.00..5.40 rows=97 width=0)
	        Index Cond: ((k >= 3092567) AND (k <= 3092667))

explain: for range-notcovered :: explain SELECT k, c FROM sbtest%d WHERE k BETWEEN 6366034 AND 6366134
for range-notcovered
table 1 : explain SELECT k, c FROM sbtest1 WHERE k BETWEEN 1059049 AND 1059149
	Bitmap Heap Scan on sbtest1  (cost=5.56..440.56 rows=110 width=125)
	  Recheck Cond: ((k >= 1059049) AND (k <= 1059149))
	  ->  Bitmap Index Scan on k_1  (cost=0.00..5.53 rows=110 width=0)
	        Index Cond: ((k >= 1059049) AND (k <= 1059149))

table 2 : explain SELECT k, c FROM sbtest2 WHERE k BETWEEN 1059049 AND 1059149
	Bitmap Heap Scan on sbtest2  (cost=5.51..420.88 rows=105 width=125)
	  Recheck Cond: ((k >= 1059049) AND (k <= 1059149))
	  ->  Bitmap Index Scan on k_2  (cost=0.00..5.48 rows=105 width=0)
	        Index Cond: ((k >= 1059049) AND (k <= 1059149))

table 3 : explain SELECT k, c FROM sbtest3 WHERE k BETWEEN 1059049 AND 1059149
	Bitmap Heap Scan on sbtest3  (cost=5.49..413.00 rows=103 width=125)
	  Recheck Cond: ((k >= 1059049) AND (k <= 1059149))
	  ->  Bitmap Index Scan on k_3  (cost=0.00..5.46 rows=103 width=0)
	        Index Cond: ((k >= 1059049) AND (k <= 1059149))

table 4 : explain SELECT k, c FROM sbtest4 WHERE k BETWEEN 1059049 AND 1059149
	Bitmap Heap Scan on sbtest4  (cost=5.52..424.81 rows=106 width=125)
	  Recheck Cond: ((k >= 1059049) AND (k <= 1059149))
	  ->  Bitmap Index Scan on k_4  (cost=0.00..5.50 rows=106 width=0)
	        Index Cond: ((k >= 1059049) AND (k <= 1059149))

table 5 : explain SELECT k, c FROM sbtest5 WHERE k BETWEEN 1059049 AND 1059149
	Bitmap Heap Scan on sbtest5  (cost=5.48..409.07 rows=102 width=125)
	  Recheck Cond: ((k >= 1059049) AND (k <= 1059149))
	  ->  Bitmap Index Scan on k_5  (cost=0.00..5.45 rows=102 width=0)
	        Index Cond: ((k >= 1059049) AND (k <= 1059149))

table 6 : explain SELECT k, c FROM sbtest6 WHERE k BETWEEN 1059049 AND 1059149
	Bitmap Heap Scan on sbtest6  (cost=5.47..405.13 rows=101 width=125)
	  Recheck Cond: ((k >= 1059049) AND (k <= 1059149))
	  ->  Bitmap Index Scan on k_6  (cost=0.00..5.44 rows=101 width=0)
	        Index Cond: ((k >= 1059049) AND (k <= 1059149))

table 7 : explain SELECT k, c FROM sbtest7 WHERE k BETWEEN 1059049 AND 1059149
	Bitmap Heap Scan on sbtest7  (cost=5.44..393.31 rows=98 width=125)
	  Recheck Cond: ((k >= 1059049) AND (k <= 1059149))
	  ->  Bitmap Index Scan on k_7  (cost=0.00..5.42 rows=98 width=0)
	        Index Cond: ((k >= 1059049) AND (k <= 1059149))

table 8 : explain SELECT k, c FROM sbtest8 WHERE k BETWEEN 1059049 AND 1059149
	Bitmap Heap Scan on sbtest8  (cost=5.42..385.43 rows=96 width=125)
	  Recheck Cond: ((k >= 1059049) AND (k <= 1059149))
	  ->  Bitmap Index Scan on k_8  (cost=0.00..5.39 rows=96 width=0)
	        Index Cond: ((k >= 1059049) AND (k <= 1059149))

explain: for range-notcovered :: explain SELECT k, c FROM sbtest%d WHERE k BETWEEN 3092567 AND 3092667
for range-notcovered
table 1 : explain SELECT k, c FROM sbtest1 WHERE k BETWEEN 7020113 AND 7020213
	Bitmap Heap Scan on sbtest1  (cost=5.53..428.75 rows=107 width=125)
	  Recheck Cond: ((k >= 7020113) AND (k <= 7020213))
	  ->  Bitmap Index Scan on k_1  (cost=0.00..5.50 rows=107 width=0)
	        Index Cond: ((k >= 7020113) AND (k <= 7020213))

table 2 : explain SELECT k, c FROM sbtest2 WHERE k BETWEEN 7020113 AND 7020213
	Bitmap Heap Scan on sbtest2  (cost=5.45..397.25 rows=99 width=125)
	  Recheck Cond: ((k >= 7020113) AND (k <= 7020213))
	  ->  Bitmap Index Scan on k_2  (cost=0.00..5.42 rows=99 width=0)
	        Index Cond: ((k >= 7020113) AND (k <= 7020213))

table 3 : explain SELECT k, c FROM sbtest3 WHERE k BETWEEN 7020113 AND 7020213
	Bitmap Heap Scan on sbtest3  (cost=5.48..409.07 rows=102 width=125)
	  Recheck Cond: ((k >= 7020113) AND (k <= 7020213))
	  ->  Bitmap Index Scan on k_3  (cost=0.00..5.45 rows=102 width=0)
	        Index Cond: ((k >= 7020113) AND (k <= 7020213))

table 4 : explain SELECT k, c FROM sbtest4 WHERE k BETWEEN 7020113 AND 7020213
	Bitmap Heap Scan on sbtest4  (cost=5.43..389.37 rows=97 width=125)
	  Recheck Cond: ((k >= 7020113) AND (k <= 7020213))
	  ->  Bitmap Index Scan on k_4  (cost=0.00..5.40 rows=97 width=0)
	        Index Cond: ((k >= 7020113) AND (k <= 7020213))

table 5 : explain SELECT k, c FROM sbtest5 WHERE k BETWEEN 7020113 AND 7020213
	Bitmap Heap Scan on sbtest5  (cost=5.46..401.19 rows=100 width=125)
	  Recheck Cond: ((k >= 7020113) AND (k <= 7020213))
	  ->  Bitmap Index Scan on k_5  (cost=0.00..5.43 rows=100 width=0)
	        Index Cond: ((k >= 7020113) AND (k <= 7020213))

table 6 : explain SELECT k, c FROM sbtest6 WHERE k BETWEEN 7020113 AND 7020213
	Bitmap Heap Scan on sbtest6  (cost=5.41..381.49 rows=95 width=125)
	  Recheck Cond: ((k >= 7020113) AND (k <= 7020213))
	  ->  Bitmap Index Scan on k_6  (cost=0.00..5.38 rows=95 width=0)
	        Index Cond: ((k >= 7020113) AND (k <= 7020213))

table 7 : explain SELECT k, c FROM sbtest7 WHERE k BETWEEN 7020113 AND 7020213
	Bitmap Heap Scan on sbtest7  (cost=5.48..409.07 rows=102 width=125)
	  Recheck Cond: ((k >= 7020113) AND (k <= 7020213))
	  ->  Bitmap Index Scan on k_7  (cost=0.00..5.45 rows=102 width=0)
	        Index Cond: ((k >= 7020113) AND (k <= 7020213))

table 8 : explain SELECT k, c FROM sbtest8 WHERE k BETWEEN 7020113 AND 7020213
	Bitmap Heap Scan on sbtest8  (cost=5.46..401.19 rows=100 width=125)
	  Recheck Cond: ((k >= 7020113) AND (k <= 7020213))
	  ->  Bitmap Index Scan on k_8  (cost=0.00..5.43 rows=100 width=0)
	        Index Cond: ((k >= 7020113) AND (k <= 7020213))

explain: for range-notcovered :: explain SELECT k, c FROM sbtest%d WHERE k BETWEEN 1059049 AND 1059149
explain: for range-notcovered :: explain SELECT k, c FROM sbtest%d WHERE k BETWEEN 7020113 AND 7020213
explain: for range-notcovered :: explain SELECT k, c FROM sbtest%d WHERE k BETWEEN 3441852 AND 3441952
explain: for range-notcovered :: explain SELECT k, c FROM sbtest%d WHERE k BETWEEN 6753583 AND 6753683
for range-notcovered
table 1 : explain SELECT k, c FROM sbtest1 WHERE k BETWEEN 1282474 AND 1282574
	Bitmap Heap Scan on sbtest1  (cost=5.60..456.29 rows=114 width=125)
	  Recheck Cond: ((k >= 1282474) AND (k <= 1282574))
	  ->  Bitmap Index Scan on k_1  (cost=0.00..5.58 rows=114 width=0)
	        Index Cond: ((k >= 1282474) AND (k <= 1282574))

table 2 : explain SELECT k, c FROM sbtest2 WHERE k BETWEEN 1282474 AND 1282574
	Bitmap Heap Scan on sbtest2  (cost=5.45..397.25 rows=99 width=125)
	  Recheck Cond: ((k >= 1282474) AND (k <= 1282574))
	  ->  Bitmap Index Scan on k_2  (cost=0.00..5.42 rows=99 width=0)
	        Index Cond: ((k >= 1282474) AND (k <= 1282574))

table 3 : explain SELECT k, c FROM sbtest3 WHERE k BETWEEN 1282474 AND 1282574
	Bitmap Heap Scan on sbtest3  (cost=5.51..420.88 rows=105 width=125)
	  Recheck Cond: ((k >= 1282474) AND (k <= 1282574))
	  ->  Bitmap Index Scan on k_3  (cost=0.00..5.48 rows=105 width=0)
	        Index Cond: ((k >= 1282474) AND (k <= 1282574))

table 4 : explain SELECT k, c FROM sbtest4 WHERE k BETWEEN 1282474 AND 1282574
	Bitmap Heap Scan on sbtest4  (cost=5.40..377.55 rows=94 width=125)
	  Recheck Cond: ((k >= 1282474) AND (k <= 1282574))
	  ->  Bitmap Index Scan on k_4  (cost=0.00..5.38 rows=94 width=0)
	        Index Cond: ((k >= 1282474) AND (k <= 1282574))

table 5 : explain SELECT k, c FROM sbtest5 WHERE k BETWEEN 1282474 AND 1282574
	Bitmap Heap Scan on sbtest5  (cost=5.50..416.94 rows=104 width=125)
	  Recheck Cond: ((k >= 1282474) AND (k <= 1282574))
	  ->  Bitmap Index Scan on k_5  (cost=0.00..5.47 rows=104 width=0)
	        Index Cond: ((k >= 1282474) AND (k <= 1282574))

table 6 : explain SELECT k, c FROM sbtest6 WHERE k BETWEEN 1282474 AND 1282574
	Bitmap Heap Scan on sbtest6  (cost=5.47..405.13 rows=101 width=125)
	  Recheck Cond: ((k >= 1282474) AND (k <= 1282574))
	  ->  Bitmap Index Scan on k_6  (cost=0.00..5.44 rows=101 width=0)
	        Index Cond: ((k >= 1282474) AND (k <= 1282574))

table 7 : explain SELECT k, c FROM sbtest7 WHERE k BETWEEN 1282474 AND 1282574
	Bitmap Heap Scan on sbtest7  (cost=5.53..428.75 rows=107 width=125)
	  Recheck Cond: ((k >= 1282474) AND (k <= 1282574))
	  ->  Bitmap Index Scan on k_7  (cost=0.00..5.50 rows=107 width=0)
	        Index Cond: ((k >= 1282474) AND (k <= 1282574))

table 8 : explain SELECT k, c FROM sbtest8 WHERE k BETWEEN 1282474 AND 1282574
	Bitmap Heap Scan on sbtest8  (cost=5.60..456.29 rows=114 width=125)
	  Recheck Cond: ((k >= 1282474) AND (k <= 1282574))
	  ->  Bitmap Index Scan on k_8  (cost=0.00..5.58 rows=114 width=0)
	        Index Cond: ((k >= 1282474) AND (k <= 1282574))

explain: for range-notcovered :: explain SELECT k, c FROM sbtest%d WHERE k BETWEEN 2291214 AND 2291314
for range-notcovered
table 1 : explain SELECT k, c FROM sbtest1 WHERE k BETWEEN 6366034 AND 6366134
	Bitmap Heap Scan on sbtest1  (cost=5.54..432.69 rows=108 width=125)
	  Recheck Cond: ((k >= 6366034) AND (k <= 6366134))
	  ->  Bitmap Index Scan on k_1  (cost=0.00..5.51 rows=108 width=0)
	        Index Cond: ((k >= 6366034) AND (k <= 6366134))

table 2 : explain SELECT k, c FROM sbtest2 WHERE k BETWEEN 6366034 AND 6366134
	Bitmap Heap Scan on sbtest2  (cost=5.49..413.00 rows=103 width=125)
	  Recheck Cond: ((k >= 6366034) AND (k <= 6366134))
	  ->  Bitmap Index Scan on k_2  (cost=0.00..5.46 rows=103 width=0)
	        Index Cond: ((k >= 6366034) AND (k <= 6366134))

table 3 : explain SELECT k, c FROM sbtest3 WHERE k BETWEEN 6366034 AND 6366134
	Bitmap Heap Scan on sbtest3  (cost=5.39..373.61 rows=93 width=125)
	  Recheck Cond: ((k >= 6366034) AND (k <= 6366134))
	  ->  Bitmap Index Scan on k_3  (cost=0.00..5.36 rows=93 width=0)
	        Index Cond: ((k >= 6366034) AND (k <= 6366134))

table 4 : explain SELECT k, c FROM sbtest4 WHERE k BETWEEN 6366034 AND 6366134
	Bitmap Heap Scan on sbtest4  (cost=5.51..420.88 rows=105 width=125)
	  Recheck Cond: ((k >= 6366034) AND (k <= 6366134))
	  ->  Bitmap Index Scan on k_4  (cost=0.00..5.48 rows=105 width=0)
	        Index Cond: ((k >= 6366034) AND (k <= 6366134))

table 5 : explain SELECT k, c FROM sbtest5 WHERE k BETWEEN 6366034 AND 6366134
	Bitmap Heap Scan on sbtest5  (cost=5.47..405.13 rows=101 width=125)
	  Recheck Cond: ((k >= 6366034) AND (k <= 6366134))
	  ->  Bitmap Index Scan on k_5  (cost=0.00..5.44 rows=101 width=0)
	        Index Cond: ((k >= 6366034) AND (k <= 6366134))

table 6 : explain SELECT k, c FROM sbtest6 WHERE k BETWEEN 6366034 AND 6366134
	Bitmap Heap Scan on sbtest6  (cost=5.52..424.81 rows=106 width=125)
	  Recheck Cond: ((k >= 6366034) AND (k <= 6366134))
	  ->  Bitmap Index Scan on k_6  (cost=0.00..5.50 rows=106 width=0)
	        Index Cond: ((k >= 6366034) AND (k <= 6366134))

table 7 : explain SELECT k, c FROM sbtest7 WHERE k BETWEEN 6366034 AND 6366134
	Bitmap Heap Scan on sbtest7  (cost=5.48..409.07 rows=102 width=125)
	  Recheck Cond: ((k >= 6366034) AND (k <= 6366134))
	  ->  Bitmap Index Scan on k_7  (cost=0.00..5.45 rows=102 width=0)
	        Index Cond: ((k >= 6366034) AND (k <= 6366134))

table 8 : explain SELECT k, c FROM sbtest8 WHERE k BETWEEN 6366034 AND 6366134
	Bitmap Heap Scan on sbtest8  (cost=5.48..409.07 rows=102 width=125)
	  Recheck Cond: ((k >= 6366034) AND (k <= 6366134))
	  ->  Bitmap Index Scan on k_8  (cost=0.00..5.45 rows=102 width=0)
	        Index Cond: ((k >= 6366034) AND (k <= 6366134))

for range-notcovered
table 1 : explain SELECT k, c FROM sbtest1 WHERE k BETWEEN 3092567 AND 3092667
	Bitmap Heap Scan on sbtest1  (cost=5.52..424.81 rows=106 width=125)
	  Recheck Cond: ((k >= 3092567) AND (k <= 3092667))
	  ->  Bitmap Index Scan on k_1  (cost=0.00..5.50 rows=106 width=0)
	        Index Cond: ((k >= 3092567) AND (k <= 3092667))

table 2 : explain SELECT k, c FROM sbtest2 WHERE k BETWEEN 3092567 AND 3092667
	Bitmap Heap Scan on sbtest2  (cost=5.42..385.43 rows=96 width=125)
	  Recheck Cond: ((k >= 3092567) AND (k <= 3092667))
	  ->  Bitmap Index Scan on k_2  (cost=0.00..5.39 rows=96 width=0)
	        Index Cond: ((k >= 3092567) AND (k <= 3092667))

table 3 : explain SELECT k, c FROM sbtest3 WHERE k BETWEEN 3092567 AND 3092667
	Bitmap Heap Scan on sbtest3  (cost=5.35..357.84 rows=89 width=125)
	  Recheck Cond: ((k >= 3092567) AND (k <= 3092667))
	  ->  Bitmap Index Scan on k_3  (cost=0.00..5.32 rows=89 width=0)
	        Index Cond: ((k >= 3092567) AND (k <= 3092667))

table 4 : explain SELECT k, c FROM sbtest4 WHERE k BETWEEN 3092567 AND 3092667
	Bitmap Heap Scan on sbtest4  (cost=5.51..420.88 rows=105 width=125)
	  Recheck Cond: ((k >= 3092567) AND (k <= 3092667))
	  ->  Bitmap Index Scan on k_4  (cost=0.00..5.48 rows=105 width=0)
	        Index Cond: ((k >= 3092567) AND (k <= 3092667))

table 5 : explain SELECT k, c FROM sbtest5 WHERE k BETWEEN 3092567 AND 3092667
	Bitmap Heap Scan on sbtest5  (cost=5.49..413.00 rows=103 width=125)
	  Recheck Cond: ((k >= 3092567) AND (k <= 3092667))
	  ->  Bitmap Index Scan on k_5  (cost=0.00..5.46 rows=103 width=0)
	        Index Cond: ((k >= 3092567) AND (k <= 3092667))

table 6 : explain SELECT k, c FROM sbtest6 WHERE k BETWEEN 3092567 AND 3092667
	Bitmap Heap Scan on sbtest6  (cost=5.50..416.94 rows=104 width=125)
	  Recheck Cond: ((k >= 3092567) AND (k <= 3092667))
	  ->  Bitmap Index Scan on k_6  (cost=0.00..5.47 rows=104 width=0)
	        Index Cond: ((k >= 3092567) AND (k <= 3092667))

table 7 : explain SELECT k, c FROM sbtest7 WHERE k BETWEEN 3092567 AND 3092667
	Bitmap Heap Scan on sbtest7  (cost=5.50..416.94 rows=104 width=125)
	  Recheck Cond: ((k >= 3092567) AND (k <= 3092667))
	  ->  Bitmap Index Scan on k_7  (cost=0.00..5.47 rows=104 width=0)
	        Index Cond: ((k >= 3092567) AND (k <= 3092667))

table 8 : explain SELECT k, c FROM sbtest8 WHERE k BETWEEN 3092567 AND 3092667
	Bitmap Heap Scan on sbtest8  (cost=5.43..389.37 rows=97 width=125)
	  Recheck Cond: ((k >= 3092567) AND (k <= 3092667))
	  ->  Bitmap Index Scan on k_8  (cost=0.00..5.40 rows=97 width=0)
	        Index Cond: ((k >= 3092567) AND (k <= 3092667))

for range-notcovered
table 1 : explain SELECT k, c FROM sbtest1 WHERE k BETWEEN 4493875 AND 4493975
	Bitmap Heap Scan on sbtest1  (cost=5.58..448.42 rows=112 width=125)
	  Recheck Cond: ((k >= 4493875) AND (k <= 4493975))
	  ->  Bitmap Index Scan on k_1  (cost=0.00..5.55 rows=112 width=0)
	        Index Cond: ((k >= 4493875) AND (k <= 4493975))

table 2 : explain SELECT k, c FROM sbtest2 WHERE k BETWEEN 4493875 AND 4493975
	Bitmap Heap Scan on sbtest2  (cost=5.57..444.49 rows=111 width=125)
	  Recheck Cond: ((k >= 4493875) AND (k <= 4493975))
	  ->  Bitmap Index Scan on k_2  (cost=0.00..5.54 rows=111 width=0)
	        Index Cond: ((k >= 4493875) AND (k <= 4493975))

table 3 : explain SELECT k, c FROM sbtest3 WHERE k BETWEEN 4493875 AND 4493975
	Bitmap Heap Scan on sbtest3  (cost=5.46..401.19 rows=100 width=125)
	  Recheck Cond: ((k >= 4493875) AND (k <= 4493975))
	  ->  Bitmap Index Scan on k_3  (cost=0.00..5.43 rows=100 width=0)
	        Index Cond: ((k >= 4493875) AND (k <= 4493975))

table 4 : explain SELECT k, c FROM sbtest4 WHERE k BETWEEN 4493875 AND 4493975
	Bitmap Heap Scan on sbtest4  (cost=5.57..444.49 rows=111 width=125)
	  Recheck Cond: ((k >= 4493875) AND (k <= 4493975))
	  ->  Bitmap Index Scan on k_4  (cost=0.00..5.54 rows=111 width=0)
	        Index Cond: ((k >= 4493875) AND (k <= 4493975))

table 5 : explain SELECT k, c FROM sbtest5 WHERE k BETWEEN 4493875 AND 4493975
	Bitmap Heap Scan on sbtest5  (cost=5.52..424.81 rows=106 width=125)
	  Recheck Cond: ((k >= 4493875) AND (k <= 4493975))
	  ->  Bitmap Index Scan on k_5  (cost=0.00..5.50 rows=106 width=0)
	        Index Cond: ((k >= 4493875) AND (k <= 4493975))

table 6 : explain SELECT k, c FROM sbtest6 WHERE k BETWEEN 4493875 AND 4493975
	Bitmap Heap Scan on sbtest6  (cost=5.46..401.19 rows=100 width=125)
	  Recheck Cond: ((k >= 4493875) AND (k <= 4493975))
	  ->  Bitmap Index Scan on k_6  (cost=0.00..5.43 rows=100 width=0)
	        Index Cond: ((k >= 4493875) AND (k <= 4493975))

table 7 : explain SELECT k, c FROM sbtest7 WHERE k BETWEEN 4493875 AND 4493975
	Bitmap Heap Scan on sbtest7  (cost=5.47..405.13 rows=101 width=125)
	  Recheck Cond: ((k >= 4493875) AND (k <= 4493975))
	  ->  Bitmap Index Scan on k_7  (cost=0.00..5.44 rows=101 width=0)
	        Index Cond: ((k >= 4493875) AND (k <= 4493975))

table 8 : explain SELECT k, c FROM sbtest8 WHERE k BETWEEN 4493875 AND 4493975
	Bitmap Heap Scan on sbtest8  (cost=5.48..409.07 rows=102 width=125)
	  Recheck Cond: ((k >= 4493875) AND (k <= 4493975))
	  ->  Bitmap Index Scan on k_8  (cost=0.00..5.45 rows=102 width=0)
	        Index Cond: ((k >= 4493875) AND (k <= 4493975))

explain: for range-notcovered :: explain SELECT k, c FROM sbtest%d WHERE k BETWEEN 6366034 AND 6366134
explain: for range-notcovered :: explain SELECT k, c FROM sbtest%d WHERE k BETWEEN 6720301 AND 6720401
explain: for range-notcovered :: explain SELECT k, c FROM sbtest%d WHERE k BETWEEN 3092567 AND 3092667explain: for range-notcovered :: explain SELECT k, c FROM sbtest%d WHERE k BETWEEN 4493875 AND 4493975for range-notcovered
table 1 : explain SELECT k, c FROM sbtest1 WHERE k BETWEEN 6414720 AND 6414820
	Bitmap Heap Scan on sbtest1  (cost=5.45..397.25 rows=99 width=125)
	  Recheck Cond: ((k >= 6414720) AND (k <= 6414820))
	  ->  Bitmap Index Scan on k_1  (cost=0.00..5.42 rows=99 width=0)
	        Index Cond: ((k >= 6414720) AND (k <= 6414820))

table 2 : explain SELECT k, c FROM sbtest2 WHERE k BETWEEN 6414720 AND 6414820
	Bitmap Heap Scan on sbtest2  (cost=5.49..413.00 rows=103 width=125)
	  Recheck Cond: ((k >= 6414720) AND (k <= 6414820))
	  ->  Bitmap Index Scan on k_2  (cost=0.00..5.46 rows=103 width=0)
	        Index Cond: ((k >= 6414720) AND (k <= 6414820))

table 3 : explain SELECT k, c FROM sbtest3 WHERE k BETWEEN 6414720 AND 6414820
	Bitmap Heap Scan on sbtest3  (cost=5.55..436.62 rows=109 width=125)
	  Recheck Cond: ((k >= 6414720) AND (k <= 6414820))
	  ->  Bitmap Index Scan on k_3  (cost=0.00..5.52 rows=109 width=0)
	        Index Cond: ((k >= 6414720) AND (k <= 6414820))

table 4 : explain SELECT k, c FROM sbtest4 WHERE k BETWEEN 6414720 AND 6414820
	Bitmap Heap Scan on sbtest4  (cost=5.51..420.88 rows=105 width=125)
	  Recheck Cond: ((k >= 6414720) AND (k <= 6414820))
	  ->  Bitmap Index Scan on k_4  (cost=0.00..5.48 rows=105 width=0)
	        Index Cond: ((k >= 6414720) AND (k <= 6414820))

table 5 : explain SELECT k, c FROM sbtest5 WHERE k BETWEEN 6414720 AND 6414820
	Bitmap Heap Scan on sbtest5  (cost=5.53..428.75 rows=107 width=125)
	  Recheck Cond: ((k >= 6414720) AND (k <= 6414820))
	  ->  Bitmap Index Scan on k_5  (cost=0.00..5.50 rows=107 width=0)
	        Index Cond: ((k >= 6414720) AND (k <= 6414820))

table 6 : explain SELECT k, c FROM sbtest6 WHERE k BETWEEN 6414720 AND 6414820
	Bitmap Heap Scan on sbtest6  (cost=5.44..393.31 rows=98 width=125)
	  Recheck Cond: ((k >= 6414720) AND (k <= 6414820))
	  ->  Bitmap Index Scan on k_6  (cost=0.00..5.42 rows=98 width=0)
	        Index Cond: ((k >= 6414720) AND (k <= 6414820))

table 7 : explain SELECT k, c FROM sbtest7 WHERE k BETWEEN 6414720 AND 6414820
	Bitmap Heap Scan on sbtest7  (cost=5.50..416.94 rows=104 width=125)
	  Recheck Cond: ((k >= 6414720) AND (k <= 6414820))
	  ->  Bitmap Index Scan on k_7  (cost=0.00..5.47 rows=104 width=0)
	        Index Cond: ((k >= 6414720) AND (k <= 6414820))

table 8 : explain SELECT k, c FROM sbtest8 WHERE k BETWEEN 6414720 AND 6414820
	Bitmap Heap Scan on sbtest8  (cost=5.46..401.19 rows=100 width=125)
	  Recheck Cond: ((k >= 6414720) AND (k <= 6414820))
	  ->  Bitmap Index Scan on k_8  (cost=0.00..5.43 rows=100 width=0)
	        Index Cond: ((k >= 6414720) AND (k <= 6414820))

explain: for range-notcovered :: explain SELECT k, c FROM sbtest%d WHERE k BETWEEN 1282474 AND 1282574
for range-notcovered
table 1 : explain SELECT k, c FROM sbtest1 WHERE k BETWEEN 1059049 AND 1059149
	Bitmap Heap Scan on sbtest1  (cost=5.56..440.56 rows=110 width=125)
	  Recheck Cond: ((k >= 1059049) AND (k <= 1059149))
	  ->  Bitmap Index Scan on k_1  (cost=0.00..5.53 rows=110 width=0)
	        Index Cond: ((k >= 1059049) AND (k <= 1059149))

table 2 : explain SELECT k, c FROM sbtest2 WHERE k BETWEEN 1059049 AND 1059149
	Bitmap Heap Scan on sbtest2  (cost=5.51..420.88 rows=105 width=125)
	  Recheck Cond: ((k >= 1059049) AND (k <= 1059149))
	  ->  Bitmap Index Scan on k_2  (cost=0.00..5.48 rows=105 width=0)
	        Index Cond: ((k >= 1059049) AND (k <= 1059149))

table 3 : explain SELECT k, c FROM sbtest3 WHERE k BETWEEN 1059049 AND 1059149
	Bitmap Heap Scan on sbtest3  (cost=5.49..413.00 rows=103 width=125)
	  Recheck Cond: ((k >= 1059049) AND (k <= 1059149))
	  ->  Bitmap Index Scan on k_3  (cost=0.00..5.46 rows=103 width=0)
	        Index Cond: ((k >= 1059049) AND (k <= 1059149))

table 4 : explain SELECT k, c FROM sbtest4 WHERE k BETWEEN 1059049 AND 1059149
	Bitmap Heap Scan on sbtest4  (cost=5.52..424.81 rows=106 width=125)
	  Recheck Cond: ((k >= 1059049) AND (k <= 1059149))
	  ->  Bitmap Index Scan on k_4  (cost=0.00..5.50 rows=106 width=0)
	        Index Cond: ((k >= 1059049) AND (k <= 1059149))

table 5 : explain SELECT k, c FROM sbtest5 WHERE k BETWEEN 1059049 AND 1059149
	Bitmap Heap Scan on sbtest5  (cost=5.48..409.07 rows=102 width=125)
	  Recheck Cond: ((k >= 1059049) AND (k <= 1059149))
	  ->  Bitmap Index Scan on k_5  (cost=0.00..5.45 rows=102 width=0)
	        Index Cond: ((k >= 1059049) AND (k <= 1059149))

table 6 : explain SELECT k, c FROM sbtest6 WHERE k BETWEEN 1059049 AND 1059149
	Bitmap Heap Scan on sbtest6  (cost=5.47..405.13 rows=101 width=125)
	  Recheck Cond: ((k >= 1059049) AND (k <= 1059149))
	  ->  Bitmap Index Scan on k_6  (cost=0.00..5.44 rows=101 width=0)
	        Index Cond: ((k >= 1059049) AND (k <= 1059149))

table 7 : explain SELECT k, c FROM sbtest7 WHERE k BETWEEN 1059049 AND 1059149
	Bitmap Heap Scan on sbtest7  (cost=5.44..393.31 rows=98 width=125)
	  Recheck Cond: ((k >= 1059049) AND (k <= 1059149))
	  ->  Bitmap Index Scan on k_7  (cost=0.00..5.42 rows=98 width=0)
	        Index Cond: ((k >= 1059049) AND (k <= 1059149))

table 8 : explain SELECT k, c FROM sbtest8 WHERE k BETWEEN 1059049 AND 1059149
	Bitmap Heap Scan on sbtest8  (cost=5.42..385.43 rows=96 width=125)
	  Recheck Cond: ((k >= 1059049) AND (k <= 1059149))
	  ->  Bitmap Index Scan on k_8  (cost=0.00..5.39 rows=96 width=0)
	        Index Cond: ((k >= 1059049) AND (k <= 1059149))


for range-notcovered
table 1 : explain SELECT k, c FROM sbtest1 WHERE k BETWEEN 7020113 AND 7020213
	Bitmap Heap Scan on sbtest1  (cost=5.53..428.75 rows=107 width=125)
	  Recheck Cond: ((k >= 7020113) AND (k <= 7020213))
	  ->  Bitmap Index Scan on k_1  (cost=0.00..5.50 rows=107 width=0)
	        Index Cond: ((k >= 7020113) AND (k <= 7020213))

table 2 : explain SELECT k, c FROM sbtest2 WHERE k BETWEEN 7020113 AND 7020213
	Bitmap Heap Scan on sbtest2  (cost=5.45..397.25 rows=99 width=125)
	  Recheck Cond: ((k >= 7020113) AND (k <= 7020213))
	  ->  Bitmap Index Scan on k_2  (cost=0.00..5.42 rows=99 width=0)
	        Index Cond: ((k >= 7020113) AND (k <= 7020213))

table 3 : explain SELECT k, c FROM sbtest3 WHERE k BETWEEN 7020113 AND 7020213
	Bitmap Heap Scan on sbtest3  (cost=5.48..409.07 rows=102 width=125)
	  Recheck Cond: ((k >= 7020113) AND (k <= 7020213))
	  ->  Bitmap Index Scan on k_3  (cost=0.00..5.45 rows=102 width=0)
	        Index Cond: ((k >= 7020113) AND (k <= 7020213))

table 4 : explain SELECT k, c FROM sbtest4 WHERE k BETWEEN 7020113 AND 7020213
	Bitmap Heap Scan on sbtest4  (cost=5.43..389.37 rows=97 width=125)
	  Recheck Cond: ((k >= 7020113) AND (k <= 7020213))
	  ->  Bitmap Index Scan on k_4  (cost=0.00..5.40 rows=97 width=0)
	        Index Cond: ((k >= 7020113) AND (k <= 7020213))

table 5 : explain SELECT k, c FROM sbtest5 WHERE k BETWEEN 7020113 AND 7020213
	Bitmap Heap Scan on sbtest5  (cost=5.46..401.19 rows=100 width=125)
	  Recheck Cond: ((k >= 7020113) AND (k <= 7020213))
	  ->  Bitmap Index Scan on k_5  (cost=0.00..5.43 rows=100 width=0)
	        Index Cond: ((k >= 7020113) AND (k <= 7020213))

table 6 : explain SELECT k, c FROM sbtest6 WHERE k BETWEEN 7020113 AND 7020213
	Bitmap Heap Scan on sbtest6  (cost=5.41..381.49 rows=95 width=125)
	  Recheck Cond: ((k >= 7020113) AND (k <= 7020213))
	  ->  Bitmap Index Scan on k_6  (cost=0.00..5.38 rows=95 width=0)
	        Index Cond: ((k >= 7020113) AND (k <= 7020213))

table 7 : explain SELECT k, c FROM sbtest7 WHERE k BETWEEN 7020113 AND 7020213
	Bitmap Heap Scan on sbtest7  (cost=5.48..409.07 rows=102 width=125)
	  Recheck Cond: ((k >= 7020113) AND (k <= 7020213))
	  ->  Bitmap Index Scan on k_7  (cost=0.00..5.45 rows=102 width=0)
	        Index Cond: ((k >= 7020113) AND (k <= 7020213))

table 8 : explain SELECT k, c FROM sbtest8 WHERE k BETWEEN 7020113 AND 7020213
	Bitmap Heap Scan on sbtest8  (cost=5.46..401.19 rows=100 width=125)
	  Recheck Cond: ((k >= 7020113) AND (k <= 7020213))
	  ->  Bitmap Index Scan on k_8  (cost=0.00..5.43 rows=100 width=0)
	        Index Cond: ((k >= 7020113) AND (k <= 7020213))


explain: for range-notcovered :: explain SELECT k, c FROM sbtest%d WHERE k BETWEEN 6414720 AND 6414820
explain: for range-notcovered :: explain SELECT k, c FROM sbtest%d WHERE k BETWEEN 1059049 AND 1059149
explain: for range-notcovered :: explain SELECT k, c FROM sbtest%d WHERE k BETWEEN 7020113 AND 7020213
for range-notcovered
table 1 : explain SELECT k, c FROM sbtest1 WHERE k BETWEEN 7011235 AND 7011335
	Bitmap Heap Scan on sbtest1  (cost=5.53..428.75 rows=107 width=125)
	  Recheck Cond: ((k >= 7011235) AND (k <= 7011335))
	  ->  Bitmap Index Scan on k_1  (cost=0.00..5.50 rows=107 width=0)
	        Index Cond: ((k >= 7011235) AND (k <= 7011335))

table 2 : explain SELECT k, c FROM sbtest2 WHERE k BETWEEN 7011235 AND 7011335
	Bitmap Heap Scan on sbtest2  (cost=5.45..397.25 rows=99 width=125)
	  Recheck Cond: ((k >= 7011235) AND (k <= 7011335))
	  ->  Bitmap Index Scan on k_2  (cost=0.00..5.42 rows=99 width=0)
	        Index Cond: ((k >= 7011235) AND (k <= 7011335))

table 3 : explain SELECT k, c FROM sbtest3 WHERE k BETWEEN 7011235 AND 7011335
	Bitmap Heap Scan on sbtest3  (cost=5.48..409.07 rows=102 width=125)
	  Recheck Cond: ((k >= 7011235) AND (k <= 7011335))
	  ->  Bitmap Index Scan on k_3  (cost=0.00..5.45 rows=102 width=0)
	        Index Cond: ((k >= 7011235) AND (k <= 7011335))

table 4 : explain SELECT k, c FROM sbtest4 WHERE k BETWEEN 7011235 AND 7011335
	Bitmap Heap Scan on sbtest4  (cost=5.43..389.37 rows=97 width=125)
	  Recheck Cond: ((k >= 7011235) AND (k <= 7011335))
	  ->  Bitmap Index Scan on k_4  (cost=0.00..5.40 rows=97 width=0)
	        Index Cond: ((k >= 7011235) AND (k <= 7011335))

table 5 : explain SELECT k, c FROM sbtest5 WHERE k BETWEEN 7011235 AND 7011335
	Bitmap Heap Scan on sbtest5  (cost=5.46..401.19 rows=100 width=125)
	  Recheck Cond: ((k >= 7011235) AND (k <= 7011335))
	  ->  Bitmap Index Scan on k_5  (cost=0.00..5.43 rows=100 width=0)
	        Index Cond: ((k >= 7011235) AND (k <= 7011335))

table 6 : explain SELECT k, c FROM sbtest6 WHERE k BETWEEN 7011235 AND 7011335
	Bitmap Heap Scan on sbtest6  (cost=5.41..381.49 rows=95 width=125)
	  Recheck Cond: ((k >= 7011235) AND (k <= 7011335))
	  ->  Bitmap Index Scan on k_6  (cost=0.00..5.38 rows=95 width=0)
	        Index Cond: ((k >= 7011235) AND (k <= 7011335))

table 7 : explain SELECT k, c FROM sbtest7 WHERE k BETWEEN 7011235 AND 7011335
	Bitmap Heap Scan on sbtest7  (cost=5.49..413.00 rows=103 width=125)
	  Recheck Cond: ((k >= 7011235) AND (k <= 7011335))
	  ->  Bitmap Index Scan on k_7  (cost=0.00..5.46 rows=103 width=0)
	        Index Cond: ((k >= 7011235) AND (k <= 7011335))

table 8 : explain SELECT k, c FROM sbtest8 WHERE k BETWEEN 7011235 AND 7011335
	Bitmap Heap Scan on sbtest8  (cost=5.46..401.19 rows=100 width=125)
	  Recheck Cond: ((k >= 7011235) AND (k <= 7011335))
	  ->  Bitmap Index Scan on k_8  (cost=0.00..5.43 rows=100 width=0)
	        Index Cond: ((k >= 7011235) AND (k <= 7011335))

for range-notcovered
table 1 : explain SELECT k, c FROM sbtest1 WHERE k BETWEEN 7065614 AND 7065714
	Bitmap Heap Scan on sbtest1  (cost=5.53..428.75 rows=107 width=125)
	  Recheck Cond: ((k >= 7065614) AND (k <= 7065714))
	  ->  Bitmap Index Scan on k_1  (cost=0.00..5.50 rows=107 width=0)
	        Index Cond: ((k >= 7065614) AND (k <= 7065714))

table 2 : explain SELECT k, c FROM sbtest2 WHERE k BETWEEN 7065614 AND 7065714
	Bitmap Heap Scan on sbtest2  (cost=5.43..389.37 rows=97 width=125)
	  Recheck Cond: ((k >= 7065614) AND (k <= 7065714))
	  ->  Bitmap Index Scan on k_2  (cost=0.00..5.40 rows=97 width=0)
	        Index Cond: ((k >= 7065614) AND (k <= 7065714))

table 3 : explain SELECT k, c FROM sbtest3 WHERE k BETWEEN 7065614 AND 7065714
	Bitmap Heap Scan on sbtest3  (cost=5.48..409.07 rows=102 width=125)
	  Recheck Cond: ((k >= 7065614) AND (k <= 7065714))
	  ->  Bitmap Index Scan on k_3  (cost=0.00..5.45 rows=102 width=0)
	        Index Cond: ((k >= 7065614) AND (k <= 7065714))

table 4 : explain SELECT k, c FROM sbtest4 WHERE k BETWEEN 7065614 AND 7065714
	Bitmap Heap Scan on sbtest4  (cost=5.43..389.37 rows=97 width=125)
	  Recheck Cond: ((k >= 7065614) AND (k <= 7065714))
	  ->  Bitmap Index Scan on k_4  (cost=0.00..5.40 rows=97 width=0)
	        Index Cond: ((k >= 7065614) AND (k <= 7065714))

table 5 : explain SELECT k, c FROM sbtest5 WHERE k BETWEEN 7065614 AND 7065714
	Bitmap Heap Scan on sbtest5  (cost=5.46..401.19 rows=100 width=125)
	  Recheck Cond: ((k >= 7065614) AND (k <= 7065714))
	  ->  Bitmap Index Scan on k_5  (cost=0.00..5.43 rows=100 width=0)
	        Index Cond: ((k >= 7065614) AND (k <= 7065714))

table 6 : explain SELECT k, c FROM sbtest6 WHERE k BETWEEN 7065614 AND 7065714
	Bitmap Heap Scan on sbtest6  (cost=5.41..381.49 rows=95 width=125)
	  Recheck Cond: ((k >= 7065614) AND (k <= 7065714))
	  ->  Bitmap Index Scan on k_6  (cost=0.00..5.38 rows=95 width=0)
	        Index Cond: ((k >= 7065614) AND (k <= 7065714))

table 7 : explain SELECT k, c FROM sbtest7 WHERE k BETWEEN 7065614 AND 7065714
	Bitmap Heap Scan on sbtest7  (cost=5.48..409.07 rows=102 width=125)
	  Recheck Cond: ((k >= 7065614) AND (k <= 7065714))
	  ->  Bitmap Index Scan on k_7  (cost=0.00..5.45 rows=102 width=0)
	        Index Cond: ((k >= 7065614) AND (k <= 7065714))

table 8 : explain SELECT k, c FROM sbtest8 WHERE k BETWEEN 7065614 AND 7065714
	Bitmap Heap Scan on sbtest8  (cost=5.52..424.81 rows=106 width=125)
	  Recheck Cond: ((k >= 7065614) AND (k <= 7065714))
	  ->  Bitmap Index Scan on k_8  (cost=0.00..5.50 rows=106 width=0)
	        Index Cond: ((k >= 7065614) AND (k <= 7065714))

for range-notcovered
table 1 : explain SELECT k, c FROM sbtest1 WHERE k BETWEEN 6366034 AND 6366134
	Bitmap Heap Scan on sbtest1  (cost=5.54..432.69 rows=108 width=125)
	  Recheck Cond: ((k >= 6366034) AND (k <= 6366134))
	  ->  Bitmap Index Scan on k_1  (cost=0.00..5.51 rows=108 width=0)
	        Index Cond: ((k >= 6366034) AND (k <= 6366134))

table 2 : explain SELECT k, c FROM sbtest2 WHERE k BETWEEN 6366034 AND 6366134
	Bitmap Heap Scan on sbtest2  (cost=5.49..413.00 rows=103 width=125)
	  Recheck Cond: ((k >= 6366034) AND (k <= 6366134))
	  ->  Bitmap Index Scan on k_2  (cost=0.00..5.46 rows=103 width=0)
	        Index Cond: ((k >= 6366034) AND (k <= 6366134))

table 3 : explain SELECT k, c FROM sbtest3 WHERE k BETWEEN 6366034 AND 6366134
	Bitmap Heap Scan on sbtest3  (cost=5.39..373.61 rows=93 width=125)
	  Recheck Cond: ((k >= 6366034) AND (k <= 6366134))
	  ->  Bitmap Index Scan on k_3  (cost=0.00..5.36 rows=93 width=0)
	        Index Cond: ((k >= 6366034) AND (k <= 6366134))

table 4 : explain SELECT k, c FROM sbtest4 WHERE k BETWEEN 6366034 AND 6366134
	Bitmap Heap Scan on sbtest4  (cost=5.51..420.88 rows=105 width=125)
	  Recheck Cond: ((k >= 6366034) AND (k <= 6366134))
	  ->  Bitmap Index Scan on k_4  (cost=0.00..5.48 rows=105 width=0)
	        Index Cond: ((k >= 6366034) AND (k <= 6366134))

table 5 : explain SELECT k, c FROM sbtest5 WHERE k BETWEEN 6366034 AND 6366134
	Bitmap Heap Scan on sbtest5  (cost=5.47..405.13 rows=101 width=125)
	  Recheck Cond: ((k >= 6366034) AND (k <= 6366134))
	  ->  Bitmap Index Scan on k_5  (cost=0.00..5.44 rows=101 width=0)
	        Index Cond: ((k >= 6366034) AND (k <= 6366134))

table 6 : explain SELECT k, c FROM sbtest6 WHERE k BETWEEN 6366034 AND 6366134
	Bitmap Heap Scan on sbtest6  (cost=5.52..424.81 rows=106 width=125)
	  Recheck Cond: ((k >= 6366034) AND (k <= 6366134))
	  ->  Bitmap Index Scan on k_6  (cost=0.00..5.50 rows=106 width=0)
	        Index Cond: ((k >= 6366034) AND (k <= 6366134))

table 7 : explain SELECT k, c FROM sbtest7 WHERE k BETWEEN 6366034 AND 6366134
	Bitmap Heap Scan on sbtest7  (cost=5.48..409.07 rows=102 width=125)
	  Recheck Cond: ((k >= 6366034) AND (k <= 6366134))
	  ->  Bitmap Index Scan on k_7  (cost=0.00..5.45 rows=102 width=0)
	        Index Cond: ((k >= 6366034) AND (k <= 6366134))

table 8 : explain SELECT k, c FROM sbtest8 WHERE k BETWEEN 6366034 AND 6366134
	Bitmap Heap Scan on sbtest8  (cost=5.48..409.07 rows=102 width=125)
	  Recheck Cond: ((k >= 6366034) AND (k <= 6366134))
	  ->  Bitmap Index Scan on k_8  (cost=0.00..5.45 rows=102 width=0)
	        Index Cond: ((k >= 6366034) AND (k <= 6366134))

explain: for range-notcovered :: explain SELECT k, c FROM sbtest%d WHERE k BETWEEN 6366034 AND 6366134
explain: for range-notcovered :: explain SELECT k, c FROM sbtest%d WHERE k BETWEEN 7065614 AND 7065714
for range-notcovered
table 1 : explain SELECT k, c FROM sbtest1 WHERE k BETWEEN 1282474 AND 1282574
	Bitmap Heap Scan on sbtest1  (cost=5.60..456.29 rows=114 width=125)
	  Recheck Cond: ((k >= 1282474) AND (k <= 1282574))
	  ->  Bitmap Index Scan on k_1  (cost=0.00..5.58 rows=114 width=0)
	        Index Cond: ((k >= 1282474) AND (k <= 1282574))

table 2 : explain SELECT k, c FROM sbtest2 WHERE k BETWEEN 1282474 AND 1282574
	Bitmap Heap Scan on sbtest2  (cost=5.45..397.25 rows=99 width=125)
	  Recheck Cond: ((k >= 1282474) AND (k <= 1282574))
	  ->  Bitmap Index Scan on k_2  (cost=0.00..5.42 rows=99 width=0)
	        Index Cond: ((k >= 1282474) AND (k <= 1282574))

table 3 : explain SELECT k, c FROM sbtest3 WHERE k BETWEEN 1282474 AND 1282574
	Bitmap Heap Scan on sbtest3  (cost=5.51..420.88 rows=105 width=125)
	  Recheck Cond: ((k >= 1282474) AND (k <= 1282574))
	  ->  Bitmap Index Scan on k_3  (cost=0.00..5.48 rows=105 width=0)
	        Index Cond: ((k >= 1282474) AND (k <= 1282574))

table 4 : explain SELECT k, c FROM sbtest4 WHERE k BETWEEN 1282474 AND 1282574
	Bitmap Heap Scan on sbtest4  (cost=5.40..377.55 rows=94 width=125)
	  Recheck Cond: ((k >= 1282474) AND (k <= 1282574))
	  ->  Bitmap Index Scan on k_4  (cost=0.00..5.38 rows=94 width=0)
	        Index Cond: ((k >= 1282474) AND (k <= 1282574))

table 5 : explain SELECT k, c FROM sbtest5 WHERE k BETWEEN 1282474 AND 1282574
	Bitmap Heap Scan on sbtest5  (cost=5.50..416.94 rows=104 width=125)
	  Recheck Cond: ((k >= 1282474) AND (k <= 1282574))
	  ->  Bitmap Index Scan on k_5  (cost=0.00..5.47 rows=104 width=0)
	        Index Cond: ((k >= 1282474) AND (k <= 1282574))

table 6 : explain SELECT k, c FROM sbtest6 WHERE k BETWEEN 1282474 AND 1282574
	Bitmap Heap Scan on sbtest6  (cost=5.47..405.13 rows=101 width=125)
	  Recheck Cond: ((k >= 1282474) AND (k <= 1282574))
	  ->  Bitmap Index Scan on k_6  (cost=0.00..5.44 rows=101 width=0)
	        Index Cond: ((k >= 1282474) AND (k <= 1282574))

table 7 : explain SELECT k, c FROM sbtest7 WHERE k BETWEEN 1282474 AND 1282574
	Bitmap Heap Scan on sbtest7  (cost=5.53..428.75 rows=107 width=125)
	  Recheck Cond: ((k >= 1282474) AND (k <= 1282574))
	  ->  Bitmap Index Scan on k_7  (cost=0.00..5.50 rows=107 width=0)
	        Index Cond: ((k >= 1282474) AND (k <= 1282574))

table 8 : explain SELECT k, c FROM sbtest8 WHERE k BETWEEN 1282474 AND 1282574
	Bitmap Heap Scan on sbtest8  (cost=5.60..456.29 rows=114 width=125)
	  Recheck Cond: ((k >= 1282474) AND (k <= 1282574))
	  ->  Bitmap Index Scan on k_8  (cost=0.00..5.58 rows=114 width=0)
	        Index Cond: ((k >= 1282474) AND (k <= 1282574))

for range-notcovered
table 1 : explain SELECT k, c FROM sbtest1 WHERE k BETWEEN 6414720 AND 6414820
	Bitmap Heap Scan on sbtest1  (cost=5.45..397.25 rows=99 width=125)
	  Recheck Cond: ((k >= 6414720) AND (k <= 6414820))
	  ->  Bitmap Index Scan on k_1  (cost=0.00..5.42 rows=99 width=0)
	        Index Cond: ((k >= 6414720) AND (k <= 6414820))

table 2 : explain SELECT k, c FROM sbtest2 WHERE k BETWEEN 6414720 AND 6414820
	Bitmap Heap Scan on sbtest2  (cost=5.49..413.00 rows=103 width=125)
	  Recheck Cond: ((k >= 6414720) AND (k <= 6414820))
	  ->  Bitmap Index Scan on k_2  (cost=0.00..5.46 rows=103 width=0)
	        Index Cond: ((k >= 6414720) AND (k <= 6414820))

table 3 : explain SELECT k, c FROM sbtest3 WHERE k BETWEEN 6414720 AND 6414820
	Bitmap Heap Scan on sbtest3  (cost=5.55..436.62 rows=109 width=125)
	  Recheck Cond: ((k >= 6414720) AND (k <= 6414820))
	  ->  Bitmap Index Scan on k_3  (cost=0.00..5.52 rows=109 width=0)
	        Index Cond: ((k >= 6414720) AND (k <= 6414820))

table 4 : explain SELECT k, c FROM sbtest4 WHERE k BETWEEN 6414720 AND 6414820
	Bitmap Heap Scan on sbtest4  (cost=5.51..420.88 rows=105 width=125)
	  Recheck Cond: ((k >= 6414720) AND (k <= 6414820))
	  ->  Bitmap Index Scan on k_4  (cost=0.00..5.48 rows=105 width=0)
	        Index Cond: ((k >= 6414720) AND (k <= 6414820))

table 5 : explain SELECT k, c FROM sbtest5 WHERE k BETWEEN 6414720 AND 6414820
	Bitmap Heap Scan on sbtest5  (cost=5.53..428.75 rows=107 width=125)
	  Recheck Cond: ((k >= 6414720) AND (k <= 6414820))
	  ->  Bitmap Index Scan on k_5  (cost=0.00..5.50 rows=107 width=0)
	        Index Cond: ((k >= 6414720) AND (k <= 6414820))

table 6 : explain SELECT k, c FROM sbtest6 WHERE k BETWEEN 6414720 AND 6414820
	Bitmap Heap Scan on sbtest6  (cost=5.44..393.31 rows=98 width=125)
	  Recheck Cond: ((k >= 6414720) AND (k <= 6414820))
	  ->  Bitmap Index Scan on k_6  (cost=0.00..5.42 rows=98 width=0)
	        Index Cond: ((k >= 6414720) AND (k <= 6414820))

table 7 : explain SELECT k, c FROM sbtest7 WHERE k BETWEEN 6414720 AND 6414820
	Bitmap Heap Scan on sbtest7  (cost=5.50..416.94 rows=104 width=125)
	  Recheck Cond: ((k >= 6414720) AND (k <= 6414820))
	  ->  Bitmap Index Scan on k_7  (cost=0.00..5.47 rows=104 width=0)
	        Index Cond: ((k >= 6414720) AND (k <= 6414820))

table 8 : explain SELECT k, c FROM sbtest8 WHERE k BETWEEN 6414720 AND 6414820
	Bitmap Heap Scan on sbtest8  (cost=5.46..401.19 rows=100 width=125)
	  Recheck Cond: ((k >= 6414720) AND (k <= 6414820))
	  ->  Bitmap Index Scan on k_8  (cost=0.00..5.43 rows=100 width=0)
	        Index Cond: ((k >= 6414720) AND (k <= 6414820))

explain: for range-notcovered :: explain SELECT k, c FROM sbtest%d WHERE k BETWEEN 1282474 AND 1282574
for range-notcovered
table 1 : explain SELECT k, c FROM sbtest1 WHERE k BETWEEN 1059049 AND 1059149
	Bitmap Heap Scan on sbtest1  (cost=5.56..440.56 rows=110 width=125)
	  Recheck Cond: ((k >= 1059049) AND (k <= 1059149))
	  ->  Bitmap Index Scan on k_1  (cost=0.00..5.53 rows=110 width=0)
	        Index Cond: ((k >= 1059049) AND (k <= 1059149))

table 2 : explain SELECT k, c FROM sbtest2 WHERE k BETWEEN 1059049 AND 1059149
	Bitmap Heap Scan on sbtest2  (cost=5.51..420.88 rows=105 width=125)
	  Recheck Cond: ((k >= 1059049) AND (k <= 1059149))
	  ->  Bitmap Index Scan on k_2  (cost=0.00..5.48 rows=105 width=0)
	        Index Cond: ((k >= 1059049) AND (k <= 1059149))

table 3 : explain SELECT k, c FROM sbtest3 WHERE k BETWEEN 1059049 AND 1059149
	Bitmap Heap Scan on sbtest3  (cost=5.49..413.00 rows=103 width=125)
	  Recheck Cond: ((k >= 1059049) AND (k <= 1059149))
	  ->  Bitmap Index Scan on k_3  (cost=0.00..5.46 rows=103 width=0)
	        Index Cond: ((k >= 1059049) AND (k <= 1059149))

table 4 : explain SELECT k, c FROM sbtest4 WHERE k BETWEEN 1059049 AND 1059149
	Bitmap Heap Scan on sbtest4  (cost=5.52..424.81 rows=106 width=125)
	  Recheck Cond: ((k >= 1059049) AND (k <= 1059149))
	  ->  Bitmap Index Scan on k_4  (cost=0.00..5.50 rows=106 width=0)
	        Index Cond: ((k >= 1059049) AND (k <= 1059149))

table 5 : explain SELECT k, c FROM sbtest5 WHERE k BETWEEN 1059049 AND 1059149
	Bitmap Heap Scan on sbtest5  (cost=5.48..409.07 rows=102 width=125)
	  Recheck Cond: ((k >= 1059049) AND (k <= 1059149))
	  ->  Bitmap Index Scan on k_5  (cost=0.00..5.45 rows=102 width=0)
	        Index Cond: ((k >= 1059049) AND (k <= 1059149))

table 6 : explain SELECT k, c FROM sbtest6 WHERE k BETWEEN 1059049 AND 1059149
	Bitmap Heap Scan on sbtest6  (cost=5.47..405.13 rows=101 width=125)
	  Recheck Cond: ((k >= 1059049) AND (k <= 1059149))
	  ->  Bitmap Index Scan on k_6  (cost=0.00..5.44 rows=101 width=0)
	        Index Cond: ((k >= 1059049) AND (k <= 1059149))

table 7 : explain SELECT k, c FROM sbtest7 WHERE k BETWEEN 1059049 AND 1059149
	Bitmap Heap Scan on sbtest7  (cost=5.44..393.31 rows=98 width=125)
	  Recheck Cond: ((k >= 1059049) AND (k <= 1059149))
	  ->  Bitmap Index Scan on k_7  (cost=0.00..5.42 rows=98 width=0)
	        Index Cond: ((k >= 1059049) AND (k <= 1059149))

table 8 : explain SELECT k, c FROM sbtest8 WHERE k BETWEEN 1059049 AND 1059149
	Bitmap Heap Scan on sbtest8  (cost=5.42..385.43 rows=96 width=125)
	  Recheck Cond: ((k >= 1059049) AND (k <= 1059149))
	  ->  Bitmap Index Scan on k_8  (cost=0.00..5.39 rows=96 width=0)
	        Index Cond: ((k >= 1059049) AND (k <= 1059149))

for range-notcovered
table 1 : explain SELECT k, c FROM sbtest1 WHERE k BETWEEN 7020113 AND 7020213
	Bitmap Heap Scan on sbtest1  (cost=5.53..428.75 rows=107 width=125)
	  Recheck Cond: ((k >= 7020113) AND (k <= 7020213))
	  ->  Bitmap Index Scan on k_1  (cost=0.00..5.50 rows=107 width=0)
	        Index Cond: ((k >= 7020113) AND (k <= 7020213))

table 2 : explain SELECT k, c FROM sbtest2 WHERE k BETWEEN 7020113 AND 7020213
	Bitmap Heap Scan on sbtest2  (cost=5.45..397.25 rows=99 width=125)
	  Recheck Cond: ((k >= 7020113) AND (k <= 7020213))
	  ->  Bitmap Index Scan on k_2  (cost=0.00..5.42 rows=99 width=0)
	        Index Cond: ((k >= 7020113) AND (k <= 7020213))

table 3 : explain SELECT k, c FROM sbtest3 WHERE k BETWEEN 7020113 AND 7020213
	Bitmap Heap Scan on sbtest3  (cost=5.48..409.07 rows=102 width=125)
	  Recheck Cond: ((k >= 7020113) AND (k <= 7020213))
	  ->  Bitmap Index Scan on k_3  (cost=0.00..5.45 rows=102 width=0)
	        Index Cond: ((k >= 7020113) AND (k <= 7020213))

table 4 : explain SELECT k, c FROM sbtest4 WHERE k BETWEEN 7020113 AND 7020213
	Bitmap Heap Scan on sbtest4  (cost=5.43..389.37 rows=97 width=125)
	  Recheck Cond: ((k >= 7020113) AND (k <= 7020213))
	  ->  Bitmap Index Scan on k_4  (cost=0.00..5.40 rows=97 width=0)
	        Index Cond: ((k >= 7020113) AND (k <= 7020213))

table 5 : explain SELECT k, c FROM sbtest5 WHERE k BETWEEN 7020113 AND 7020213
	Bitmap Heap Scan on sbtest5  (cost=5.46..401.19 rows=100 width=125)
	  Recheck Cond: ((k >= 7020113) AND (k <= 7020213))
	  ->  Bitmap Index Scan on k_5  (cost=0.00..5.43 rows=100 width=0)
	        Index Cond: ((k >= 7020113) AND (k <= 7020213))

table 6 : explain SELECT k, c FROM sbtest6 WHERE k BETWEEN 7020113 AND 7020213
	Bitmap Heap Scan on sbtest6  (cost=5.41..381.49 rows=95 width=125)
	  Recheck Cond: ((k >= 7020113) AND (k <= 7020213))
	  ->  Bitmap Index Scan on k_6  (cost=0.00..5.38 rows=95 width=0)
	        Index Cond: ((k >= 7020113) AND (k <= 7020213))

table 7 : explain SELECT k, c FROM sbtest7 WHERE k BETWEEN 7020113 AND 7020213
	Bitmap Heap Scan on sbtest7  (cost=5.48..409.07 rows=102 width=125)
	  Recheck Cond: ((k >= 7020113) AND (k <= 7020213))
	  ->  Bitmap Index Scan on k_7  (cost=0.00..5.45 rows=102 width=0)
	        Index Cond: ((k >= 7020113) AND (k <= 7020213))

table 8 : explain SELECT k, c FROM sbtest8 WHERE k BETWEEN 7020113 AND 7020213
	Bitmap Heap Scan on sbtest8  (cost=5.46..401.19 rows=100 width=125)
	  Recheck Cond: ((k >= 7020113) AND (k <= 7020213))
	  ->  Bitmap Index Scan on k_8  (cost=0.00..5.43 rows=100 width=0)
	        Index Cond: ((k >= 7020113) AND (k <= 7020213))

explain: for range-notcovered :: explain SELECT k, c FROM sbtest%d WHERE k BETWEEN 6414720 AND 6414820
explain: for range-notcovered :: explain SELECT k, c FROM sbtest%d WHERE k BETWEEN 1059049 AND 1059149
explain: for range-notcovered :: explain SELECT k, c FROM sbtest%d WHERE k BETWEEN 7020113 AND 7020213
for range-notcovered
table 1 : explain SELECT k, c FROM sbtest1 WHERE k BETWEEN 6366034 AND 6366134
	Bitmap Heap Scan on sbtest1  (cost=5.54..432.69 rows=108 width=125)
	  Recheck Cond: ((k >= 6366034) AND (k <= 6366134))
	  ->  Bitmap Index Scan on k_1  (cost=0.00..5.51 rows=108 width=0)
	        Index Cond: ((k >= 6366034) AND (k <= 6366134))

table 2 : explain SELECT k, c FROM sbtest2 WHERE k BETWEEN 6366034 AND 6366134
	Bitmap Heap Scan on sbtest2  (cost=5.49..413.00 rows=103 width=125)
	  Recheck Cond: ((k >= 6366034) AND (k <= 6366134))
	  ->  Bitmap Index Scan on k_2  (cost=0.00..5.46 rows=103 width=0)
	        Index Cond: ((k >= 6366034) AND (k <= 6366134))

table 3 : explain SELECT k, c FROM sbtest3 WHERE k BETWEEN 6366034 AND 6366134
	Bitmap Heap Scan on sbtest3  (cost=5.39..373.61 rows=93 width=125)
	  Recheck Cond: ((k >= 6366034) AND (k <= 6366134))
	  ->  Bitmap Index Scan on k_3  (cost=0.00..5.36 rows=93 width=0)
	        Index Cond: ((k >= 6366034) AND (k <= 6366134))

table 4 : explain SELECT k, c FROM sbtest4 WHERE k BETWEEN 6366034 AND 6366134
	Bitmap Heap Scan on sbtest4  (cost=5.51..420.88 rows=105 width=125)
	  Recheck Cond: ((k >= 6366034) AND (k <= 6366134))
	  ->  Bitmap Index Scan on k_4  (cost=0.00..5.48 rows=105 width=0)
	        Index Cond: ((k >= 6366034) AND (k <= 6366134))

table 5 : explain SELECT k, c FROM sbtest5 WHERE k BETWEEN 6366034 AND 6366134
	Bitmap Heap Scan on sbtest5  (cost=5.47..405.13 rows=101 width=125)
	  Recheck Cond: ((k >= 6366034) AND (k <= 6366134))
	  ->  Bitmap Index Scan on k_5  (cost=0.00..5.44 rows=101 width=0)
	        Index Cond: ((k >= 6366034) AND (k <= 6366134))

table 6 : explain SELECT k, c FROM sbtest6 WHERE k BETWEEN 6366034 AND 6366134
	Bitmap Heap Scan on sbtest6  (cost=5.52..424.81 rows=106 width=125)
	  Recheck Cond: ((k >= 6366034) AND (k <= 6366134))
	  ->  Bitmap Index Scan on k_6  (cost=0.00..5.50 rows=106 width=0)
	        Index Cond: ((k >= 6366034) AND (k <= 6366134))

table 7 : explain SELECT k, c FROM sbtest7 WHERE k BETWEEN 6366034 AND 6366134
	Bitmap Heap Scan on sbtest7  (cost=5.48..409.07 rows=102 width=125)
	  Recheck Cond: ((k >= 6366034) AND (k <= 6366134))
	  ->  Bitmap Index Scan on k_7  (cost=0.00..5.45 rows=102 width=0)
	        Index Cond: ((k >= 6366034) AND (k <= 6366134))

table 8 : explain SELECT k, c FROM sbtest8 WHERE k BETWEEN 6366034 AND 6366134
	Bitmap Heap Scan on sbtest8  (cost=5.48..409.07 rows=102 width=125)
	  Recheck Cond: ((k >= 6366034) AND (k <= 6366134))
	  ->  Bitmap Index Scan on k_8  (cost=0.00..5.45 rows=102 width=0)
	        Index Cond: ((k >= 6366034) AND (k <= 6366134))

for range-notcovered
table 1 : explain SELECT k, c FROM sbtest1 WHERE k BETWEEN 3092567 AND 3092667
	Bitmap Heap Scan on sbtest1  (cost=5.52..424.81 rows=106 width=125)
	  Recheck Cond: ((k >= 3092567) AND (k <= 3092667))
	  ->  Bitmap Index Scan on k_1  (cost=0.00..5.50 rows=106 width=0)
	        Index Cond: ((k >= 3092567) AND (k <= 3092667))

table 2 : explain SELECT k, c FROM sbtest2 WHERE k BETWEEN 3092567 AND 3092667
	Bitmap Heap Scan on sbtest2  (cost=5.42..385.43 rows=96 width=125)
	  Recheck Cond: ((k >= 3092567) AND (k <= 3092667))
	  ->  Bitmap Index Scan on k_2  (cost=0.00..5.39 rows=96 width=0)
	        Index Cond: ((k >= 3092567) AND (k <= 3092667))

table 3 : explain SELECT k, c FROM sbtest3 WHERE k BETWEEN 3092567 AND 3092667
	Bitmap Heap Scan on sbtest3  (cost=5.35..357.84 rows=89 width=125)
	  Recheck Cond: ((k >= 3092567) AND (k <= 3092667))
	  ->  Bitmap Index Scan on k_3  (cost=0.00..5.32 rows=89 width=0)
	        Index Cond: ((k >= 3092567) AND (k <= 3092667))

table 4 : explain SELECT k, c FROM sbtest4 WHERE k BETWEEN 3092567 AND 3092667
	Bitmap Heap Scan on sbtest4  (cost=5.51..420.88 rows=105 width=125)
	  Recheck Cond: ((k >= 3092567) AND (k <= 3092667))
	  ->  Bitmap Index Scan on k_4  (cost=0.00..5.48 rows=105 width=0)
	        Index Cond: ((k >= 3092567) AND (k <= 3092667))

table 5 : explain SELECT k, c FROM sbtest5 WHERE k BETWEEN 3092567 AND 3092667
	Bitmap Heap Scan on sbtest5  (cost=5.49..413.00 rows=103 width=125)
	  Recheck Cond: ((k >= 3092567) AND (k <= 3092667))
	  ->  Bitmap Index Scan on k_5  (cost=0.00..5.46 rows=103 width=0)
	        Index Cond: ((k >= 3092567) AND (k <= 3092667))

table 6 : explain SELECT k, c FROM sbtest6 WHERE k BETWEEN 3092567 AND 3092667
	Bitmap Heap Scan on sbtest6  (cost=5.50..416.94 rows=104 width=125)
	  Recheck Cond: ((k >= 3092567) AND (k <= 3092667))
	  ->  Bitmap Index Scan on k_6  (cost=0.00..5.47 rows=104 width=0)
	        Index Cond: ((k >= 3092567) AND (k <= 3092667))

table 7 : explain SELECT k, c FROM sbtest7 WHERE k BETWEEN 3092567 AND 3092667
	Bitmap Heap Scan on sbtest7  (cost=5.50..416.94 rows=104 width=125)
	  Recheck Cond: ((k >= 3092567) AND (k <= 3092667))
	  ->  Bitmap Index Scan on k_7  (cost=0.00..5.47 rows=104 width=0)
	        Index Cond: ((k >= 3092567) AND (k <= 3092667))

table 8 : explain SELECT k, c FROM sbtest8 WHERE k BETWEEN 3092567 AND 3092667
	Bitmap Heap Scan on sbtest8  (cost=5.43..389.37 rows=97 width=125)
	  Recheck Cond: ((k >= 3092567) AND (k <= 3092667))
	  ->  Bitmap Index Scan on k_8  (cost=0.00..5.40 rows=97 width=0)
	        Index Cond: ((k >= 3092567) AND (k <= 3092667))

for range-notcovered
table 1 : explain SELECT k, c FROM sbtest1 WHERE k BETWEEN 7065614 AND 7065714
	Bitmap Heap Scan on sbtest1  (cost=5.53..428.75 rows=107 width=125)
	  Recheck Cond: ((k >= 7065614) AND (k <= 7065714))
	  ->  Bitmap Index Scan on k_1  (cost=0.00..5.50 rows=107 width=0)
	        Index Cond: ((k >= 7065614) AND (k <= 7065714))

table 2 : explain SELECT k, c FROM sbtest2 WHERE k BETWEEN 7065614 AND 7065714
	Bitmap Heap Scan on sbtest2  (cost=5.43..389.37 rows=97 width=125)
	  Recheck Cond: ((k >= 7065614) AND (k <= 7065714))
	  ->  Bitmap Index Scan on k_2  (cost=0.00..5.40 rows=97 width=0)
	        Index Cond: ((k >= 7065614) AND (k <= 7065714))

table 3 : explain SELECT k, c FROM sbtest3 WHERE k BETWEEN 7065614 AND 7065714
	Bitmap Heap Scan on sbtest3  (cost=5.48..409.07 rows=102 width=125)
	  Recheck Cond: ((k >= 7065614) AND (k <= 7065714))
	  ->  Bitmap Index Scan on k_3  (cost=0.00..5.45 rows=102 width=0)
	        Index Cond: ((k >= 7065614) AND (k <= 7065714))

table 4 : explain SELECT k, c FROM sbtest4 WHERE k BETWEEN 7065614 AND 7065714
	Bitmap Heap Scan on sbtest4  (cost=5.43..389.37 rows=97 width=125)
	  Recheck Cond: ((k >= 7065614) AND (k <= 7065714))
	  ->  Bitmap Index Scan on k_4  (cost=0.00..5.40 rows=97 width=0)
	        Index Cond: ((k >= 7065614) AND (k <= 7065714))

table 5 : explain SELECT k, c FROM sbtest5 WHERE k BETWEEN 7065614 AND 7065714
	Bitmap Heap Scan on sbtest5  (cost=5.46..401.19 rows=100 width=125)
	  Recheck Cond: ((k >= 7065614) AND (k <= 7065714))
	  ->  Bitmap Index Scan on k_5  (cost=0.00..5.43 rows=100 width=0)
	        Index Cond: ((k >= 7065614) AND (k <= 7065714))

table 6 : explain SELECT k, c FROM sbtest6 WHERE k BETWEEN 7065614 AND 7065714
	Bitmap Heap Scan on sbtest6  (cost=5.41..381.49 rows=95 width=125)
	  Recheck Cond: ((k >= 7065614) AND (k <= 7065714))
	  ->  Bitmap Index Scan on k_6  (cost=0.00..5.38 rows=95 width=0)
	        Index Cond: ((k >= 7065614) AND (k <= 7065714))

table 7 : explain SELECT k, c FROM sbtest7 WHERE k BETWEEN 7065614 AND 7065714
	Bitmap Heap Scan on sbtest7  (cost=5.48..409.07 rows=102 width=125)
	  Recheck Cond: ((k >= 7065614) AND (k <= 7065714))
	  ->  Bitmap Index Scan on k_7  (cost=0.00..5.45 rows=102 width=0)
	        Index Cond: ((k >= 7065614) AND (k <= 7065714))

table 8 : explain SELECT k, c FROM sbtest8 WHERE k BETWEEN 7065614 AND 7065714
	Bitmap Heap Scan on sbtest8  (cost=5.52..424.81 rows=106 width=125)
	  Recheck Cond: ((k >= 7065614) AND (k <= 7065714))
	  ->  Bitmap Index Scan on k_8  (cost=0.00..5.50 rows=106 width=0)
	        Index Cond: ((k >= 7065614) AND (k <= 7065714))

for range-notcovered
table 1 : explain SELECT k, c FROM sbtest1 WHERE k BETWEEN 1282474 AND 1282574
	Bitmap Heap Scan on sbtest1  (cost=5.60..456.29 rows=114 width=125)
	  Recheck Cond: ((k >= 1282474) AND (k <= 1282574))
	  ->  Bitmap Index Scan on k_1  (cost=0.00..5.58 rows=114 width=0)
	        Index Cond: ((k >= 1282474) AND (k <= 1282574))

table 2 : explain SELECT k, c FROM sbtest2 WHERE k BETWEEN 1282474 AND 1282574
	Bitmap Heap Scan on sbtest2  (cost=5.45..397.25 rows=99 width=125)
	  Recheck Cond: ((k >= 1282474) AND (k <= 1282574))
	  ->  Bitmap Index Scan on k_2  (cost=0.00..5.42 rows=99 width=0)
	        Index Cond: ((k >= 1282474) AND (k <= 1282574))

table 3 : explain SELECT k, c FROM sbtest3 WHERE k BETWEEN 1282474 AND 1282574
	Bitmap Heap Scan on sbtest3  (cost=5.51..420.88 rows=105 width=125)
	  Recheck Cond: ((k >= 1282474) AND (k <= 1282574))
	  ->  Bitmap Index Scan on k_3  (cost=0.00..5.48 rows=105 width=0)
	        Index Cond: ((k >= 1282474) AND (k <= 1282574))

table 4 : explain SELECT k, c FROM sbtest4 WHERE k BETWEEN 1282474 AND 1282574
	Bitmap Heap Scan on sbtest4  (cost=5.40..377.55 rows=94 width=125)
	  Recheck Cond: ((k >= 1282474) AND (k <= 1282574))
	  ->  Bitmap Index Scan on k_4  (cost=0.00..5.38 rows=94 width=0)
	        Index Cond: ((k >= 1282474) AND (k <= 1282574))

table 5 : explain SELECT k, c FROM sbtest5 WHERE k BETWEEN 1282474 AND 1282574
	Bitmap Heap Scan on sbtest5  (cost=5.50..416.94 rows=104 width=125)
	  Recheck Cond: ((k >= 1282474) AND (k <= 1282574))
	  ->  Bitmap Index Scan on k_5  (cost=0.00..5.47 rows=104 width=0)
	        Index Cond: ((k >= 1282474) AND (k <= 1282574))

table 6 : explain SELECT k, c FROM sbtest6 WHERE k BETWEEN 1282474 AND 1282574
	Bitmap Heap Scan on sbtest6  (cost=5.47..405.13 rows=101 width=125)
	  Recheck Cond: ((k >= 1282474) AND (k <= 1282574))
	  ->  Bitmap Index Scan on k_6  (cost=0.00..5.44 rows=101 width=0)
	        Index Cond: ((k >= 1282474) AND (k <= 1282574))

table 7 : explain SELECT k, c FROM sbtest7 WHERE k BETWEEN 1282474 AND 1282574
	Bitmap Heap Scan on sbtest7  (cost=5.53..428.75 rows=107 width=125)
	  Recheck Cond: ((k >= 1282474) AND (k <= 1282574))
	  ->  Bitmap Index Scan on k_7  (cost=0.00..5.50 rows=107 width=0)
	        Index Cond: ((k >= 1282474) AND (k <= 1282574))

table 8 : explain SELECT k, c FROM sbtest8 WHERE k BETWEEN 1282474 AND 1282574
	Bitmap Heap Scan on sbtest8  (cost=5.60..456.29 rows=114 width=125)
	  Recheck Cond: ((k >= 1282474) AND (k <= 1282574))
	  ->  Bitmap Index Scan on k_8  (cost=0.00..5.58 rows=114 width=0)
	        Index Cond: ((k >= 1282474) AND (k <= 1282574))

for range-notcovered
table 1 : explain SELECT k, c FROM sbtest1 WHERE k BETWEEN 1059049 AND 1059149
	Bitmap Heap Scan on sbtest1  (cost=5.56..440.56 rows=110 width=125)
	  Recheck Cond: ((k >= 1059049) AND (k <= 1059149))
	  ->  Bitmap Index Scan on k_1  (cost=0.00..5.53 rows=110 width=0)
	        Index Cond: ((k >= 1059049) AND (k <= 1059149))

table 2 : explain SELECT k, c FROM sbtest2 WHERE k BETWEEN 1059049 AND 1059149
	Bitmap Heap Scan on sbtest2  (cost=5.51..420.88 rows=105 width=125)
	  Recheck Cond: ((k >= 1059049) AND (k <= 1059149))
	  ->  Bitmap Index Scan on k_2  (cost=0.00..5.48 rows=105 width=0)
	        Index Cond: ((k >= 1059049) AND (k <= 1059149))

table 3 : explain SELECT k, c FROM sbtest3 WHERE k BETWEEN 1059049 AND 1059149
	Bitmap Heap Scan on sbtest3  (cost=5.49..413.00 rows=103 width=125)
	  Recheck Cond: ((k >= 1059049) AND (k <= 1059149))
	  ->  Bitmap Index Scan on k_3  (cost=0.00..5.46 rows=103 width=0)
	        Index Cond: ((k >= 1059049) AND (k <= 1059149))

table 4 : explain SELECT k, c FROM sbtest4 WHERE k BETWEEN 1059049 AND 1059149
	Bitmap Heap Scan on sbtest4  (cost=5.52..424.81 rows=106 width=125)
	  Recheck Cond: ((k >= 1059049) AND (k <= 1059149))
	  ->  Bitmap Index Scan on k_4  (cost=0.00..5.50 rows=106 width=0)
	        Index Cond: ((k >= 1059049) AND (k <= 1059149))

table 5 : explain SELECT k, c FROM sbtest5 WHERE k BETWEEN 1059049 AND 1059149
	Bitmap Heap Scan on sbtest5  (cost=5.48..409.07 rows=102 width=125)
	  Recheck Cond: ((k >= 1059049) AND (k <= 1059149))
	  ->  Bitmap Index Scan on k_5  (cost=0.00..5.45 rows=102 width=0)
	        Index Cond: ((k >= 1059049) AND (k <= 1059149))

table 6 : explain SELECT k, c FROM sbtest6 WHERE k BETWEEN 1059049 AND 1059149
	Bitmap Heap Scan on sbtest6  (cost=5.47..405.13 rows=101 width=125)
	  Recheck Cond: ((k >= 1059049) AND (k <= 1059149))
	  ->  Bitmap Index Scan on k_6  (cost=0.00..5.44 rows=101 width=0)
	        Index Cond: ((k >= 1059049) AND (k <= 1059149))

table 7 : explain SELECT k, c FROM sbtest7 WHERE k BETWEEN 1059049 AND 1059149
	Bitmap Heap Scan on sbtest7  (cost=5.44..393.31 rows=98 width=125)
	  Recheck Cond: ((k >= 1059049) AND (k <= 1059149))
	  ->  Bitmap Index Scan on k_7  (cost=0.00..5.42 rows=98 width=0)
	        Index Cond: ((k >= 1059049) AND (k <= 1059149))

table 8 : explain SELECT k, c FROM sbtest8 WHERE k BETWEEN 1059049 AND 1059149
	Bitmap Heap Scan on sbtest8  (cost=5.42..385.43 rows=96 width=125)
	  Recheck Cond: ((k >= 1059049) AND (k <= 1059149))
	  ->  Bitmap Index Scan on k_8  (cost=0.00..5.39 rows=96 width=0)
	        Index Cond: ((k >= 1059049) AND (k <= 1059149))
for range-notcovered
table 1 : explain SELECT k, c FROM sbtest1 WHERE k BETWEEN 6414720 AND 6414820
	Bitmap Heap Scan on sbtest1  (cost=5.45..397.25 rows=99 width=125)
	  Recheck Cond: ((k >= 6414720) AND (k <= 6414820))
	  ->  Bitmap Index Scan on k_1  (cost=0.00..5.42 rows=99 width=0)
	        Index Cond: ((k >= 6414720) AND (k <= 6414820))

table 2 : explain SELECT k, c FROM sbtest2 WHERE k BETWEEN 6414720 AND 6414820
	Bitmap Heap Scan on sbtest2  (cost=5.49..413.00 rows=103 width=125)
	  Recheck Cond: ((k >= 6414720) AND (k <= 6414820))
	  ->  Bitmap Index Scan on k_2  (cost=0.00..5.46 rows=103 width=0)
	        Index Cond: ((k >= 6414720) AND (k <= 6414820))

table 3 : explain SELECT k, c FROM sbtest3 WHERE k BETWEEN 6414720 AND 6414820
	Bitmap Heap Scan on sbtest3  (cost=5.55..436.62 rows=109 width=125)
	  Recheck Cond: ((k >= 6414720) AND (k <= 6414820))
	  ->  Bitmap Index Scan on k_3  (cost=0.00..5.52 rows=109 width=0)
	        Index Cond: ((k >= 6414720) AND (k <= 6414820))

table 4 : explain SELECT k, c FROM sbtest4 WHERE k BETWEEN 6414720 AND 6414820
	Bitmap Heap Scan on sbtest4  (cost=5.51..420.88 rows=105 width=125)
	  Recheck Cond: ((k >= 6414720) AND (k <= 6414820))
	  ->  Bitmap Index Scan on k_4  (cost=0.00..5.48 rows=105 width=0)
	        Index Cond: ((k >= 6414720) AND (k <= 6414820))

table 5 : explain SELECT k, c FROM sbtest5 WHERE k BETWEEN 6414720 AND 6414820
	Bitmap Heap Scan on sbtest5  (cost=5.53..428.75 rows=107 width=125)
	  Recheck Cond: ((k >= 6414720) AND (k <= 6414820))
	  ->  Bitmap Index Scan on k_5  (cost=0.00..5.50 rows=107 width=0)
	        Index Cond: ((k >= 6414720) AND (k <= 6414820))

table 6 : explain SELECT k, c FROM sbtest6 WHERE k BETWEEN 6414720 AND 6414820
	Bitmap Heap Scan on sbtest6  (cost=5.44..393.31 rows=98 width=125)
	  Recheck Cond: ((k >= 6414720) AND (k <= 6414820))
	  ->  Bitmap Index Scan on k_6  (cost=0.00..5.42 rows=98 width=0)
	        Index Cond: ((k >= 6414720) AND (k <= 6414820))

table 7 : explain SELECT k, c FROM sbtest7 WHERE k BETWEEN 6414720 AND 6414820
	Bitmap Heap Scan on sbtest7  (cost=5.50..416.94 rows=104 width=125)
	  Recheck Cond: ((k >= 6414720) AND (k <= 6414820))
	  ->  Bitmap Index Scan on k_7  (cost=0.00..5.47 rows=104 width=0)
	        Index Cond: ((k >= 6414720) AND (k <= 6414820))

table 8 : explain SELECT k, c FROM sbtest8 WHERE k BETWEEN 6414720 AND 6414820
	Bitmap Heap Scan on sbtest8  (cost=5.46..401.19 rows=100 width=125)
	  Recheck Cond: ((k >= 6414720) AND (k <= 6414820))
	  ->  Bitmap Index Scan on k_8  (cost=0.00..5.43 rows=100 width=0)
	        Index Cond: ((k >= 6414720) AND (k <= 6414820))

explain: for range-notcovered :: explain SELECT k, c FROM sbtest%d WHERE k BETWEEN 1282474 AND 1282574
explain: for range-notcovered :: explain SELECT k, c FROM sbtest%d WHERE k BETWEEN 3092567 AND 3092667
for range-notcovered
table 1 : explain SELECT k, c FROM sbtest1 WHERE k BETWEEN 4493875 AND 4493975
	Bitmap Heap Scan on sbtest1  (cost=5.58..448.42 rows=112 width=125)
	  Recheck Cond: ((k >= 4493875) AND (k <= 4493975))
	  ->  Bitmap Index Scan on k_1  (cost=0.00..5.55 rows=112 width=0)
	        Index Cond: ((k >= 4493875) AND (k <= 4493975))

table 2 : explain SELECT k, c FROM sbtest2 WHERE k BETWEEN 4493875 AND 4493975
	Bitmap Heap Scan on sbtest2  (cost=5.57..444.49 rows=111 width=125)
	  Recheck Cond: ((k >= 4493875) AND (k <= 4493975))
	  ->  Bitmap Index Scan on k_2  (cost=0.00..5.54 rows=111 width=0)
	        Index Cond: ((k >= 4493875) AND (k <= 4493975))

table 3 : explain SELECT k, c FROM sbtest3 WHERE k BETWEEN 4493875 AND 4493975
	Bitmap Heap Scan on sbtest3  (cost=5.46..401.19 rows=100 width=125)
	  Recheck Cond: ((k >= 4493875) AND (k <= 4493975))
	  ->  Bitmap Index Scan on k_3  (cost=0.00..5.43 rows=100 width=0)
	        Index Cond: ((k >= 4493875) AND (k <= 4493975))

table 4 : explain SELECT k, c FROM sbtest4 WHERE k BETWEEN 4493875 AND 4493975
	Bitmap Heap Scan on sbtest4  (cost=5.57..444.49 rows=111 width=125)
	  Recheck Cond: ((k >= 4493875) AND (k <= 4493975))
	  ->  Bitmap Index Scan on k_4  (cost=0.00..5.54 rows=111 width=0)
	        Index Cond: ((k >= 4493875) AND (k <= 4493975))

table 5 : explain SELECT k, c FROM sbtest5 WHERE k BETWEEN 4493875 AND 4493975
	Bitmap Heap Scan on sbtest5  (cost=5.52..424.81 rows=106 width=125)
	  Recheck Cond: ((k >= 4493875) AND (k <= 4493975))
	  ->  Bitmap Index Scan on k_5  (cost=0.00..5.50 rows=106 width=0)
	        Index Cond: ((k >= 4493875) AND (k <= 4493975))

table 6 : explain SELECT k, c FROM sbtest6 WHERE k BETWEEN 4493875 AND 4493975
	Bitmap Heap Scan on sbtest6  (cost=5.46..401.19 rows=100 width=125)
	  Recheck Cond: ((k >= 4493875) AND (k <= 4493975))
	  ->  Bitmap Index Scan on k_6  (cost=0.00..5.43 rows=100 width=0)
	        Index Cond: ((k >= 4493875) AND (k <= 4493975))

table 7 : explain SELECT k, c FROM sbtest7 WHERE k BETWEEN 4493875 AND 4493975
	Bitmap Heap Scan on sbtest7  (cost=5.47..405.13 rows=101 width=125)
	  Recheck Cond: ((k >= 4493875) AND (k <= 4493975))
	  ->  Bitmap Index Scan on k_7  (cost=0.00..5.44 rows=101 width=0)
	        Index Cond: ((k >= 4493875) AND (k <= 4493975))

table 8 : explain SELECT k, c FROM sbtest8 WHERE k BETWEEN 4493875 AND 4493975
	Bitmap Heap Scan on sbtest8  (cost=5.48..409.07 rows=102 width=125)
	  Recheck Cond: ((k >= 4493875) AND (k <= 4493975))
	  ->  Bitmap Index Scan on k_8  (cost=0.00..5.45 rows=102 width=0)
	        Index Cond: ((k >= 4493875) AND (k <= 4493975))

explain: for range-notcovered :: explain SELECT k, c FROM sbtest%d WHERE k BETWEEN 6414720 AND 6414820

for range-notcovered
table 1 : explain SELECT k, c FROM sbtest1 WHERE k BETWEEN 7020113 AND 7020213
	Bitmap Heap Scan on sbtest1  (cost=5.53..428.75 rows=107 width=125)
	  Recheck Cond: ((k >= 7020113) AND (k <= 7020213))
	  ->  Bitmap Index Scan on k_1  (cost=0.00..5.50 rows=107 width=0)
	        Index Cond: ((k >= 7020113) AND (k <= 7020213))

table 2 : explain SELECT k, c FROM sbtest2 WHERE k BETWEEN 7020113 AND 7020213
	Bitmap Heap Scan on sbtest2  (cost=5.45..397.25 rows=99 width=125)
	  Recheck Cond: ((k >= 7020113) AND (k <= 7020213))
	  ->  Bitmap Index Scan on k_2  (cost=0.00..5.42 rows=99 width=0)
	        Index Cond: ((k >= 7020113) AND (k <= 7020213))

table 3 : explain SELECT k, c FROM sbtest3 WHERE k BETWEEN 7020113 AND 7020213
	Bitmap Heap Scan on sbtest3  (cost=5.48..409.07 rows=102 width=125)
	  Recheck Cond: ((k >= 7020113) AND (k <= 7020213))
	  ->  Bitmap Index Scan on k_3  (cost=0.00..5.45 rows=102 width=0)
	        Index Cond: ((k >= 7020113) AND (k <= 7020213))

table 4 : explain SELECT k, c FROM sbtest4 WHERE k BETWEEN 7020113 AND 7020213
	Bitmap Heap Scan on sbtest4  (cost=5.43..389.37 rows=97 width=125)
	  Recheck Cond: ((k >= 7020113) AND (k <= 7020213))
	  ->  Bitmap Index Scan on k_4  (cost=0.00..5.40 rows=97 width=0)
	        Index Cond: ((k >= 7020113) AND (k <= 7020213))

table 5 : explain SELECT k, c FROM sbtest5 WHERE k BETWEEN 7020113 AND 7020213
	Bitmap Heap Scan on sbtest5  (cost=5.46..401.19 rows=100 width=125)
	  Recheck Cond: ((k >= 7020113) AND (k <= 7020213))
	  ->  Bitmap Index Scan on k_5  (cost=0.00..5.43 rows=100 width=0)
	        Index Cond: ((k >= 7020113) AND (k <= 7020213))

table 6 : explain SELECT k, c FROM sbtest6 WHERE k BETWEEN 7020113 AND 7020213
	Bitmap Heap Scan on sbtest6  (cost=5.41..381.49 rows=95 width=125)
	  Recheck Cond: ((k >= 7020113) AND (k <= 7020213))
	  ->  Bitmap Index Scan on k_6  (cost=0.00..5.38 rows=95 width=0)
	        Index Cond: ((k >= 7020113) AND (k <= 7020213))

table 7 : explain SELECT k, c FROM sbtest7 WHERE k BETWEEN 7020113 AND 7020213
	Bitmap Heap Scan on sbtest7  (cost=5.48..409.07 rows=102 width=125)
	  Recheck Cond: ((k >= 7020113) AND (k <= 7020213))
	  ->  Bitmap Index Scan on k_7  (cost=0.00..5.45 rows=102 width=0)
	        Index Cond: ((k >= 7020113) AND (k <= 7020213))

table 8 : explain SELECT k, c FROM sbtest8 WHERE k BETWEEN 7020113 AND 7020213
	Bitmap Heap Scan on sbtest8  (cost=5.46..401.19 rows=100 width=125)
	  Recheck Cond: ((k >= 7020113) AND (k <= 7020213))
	  ->  Bitmap Index Scan on k_8  (cost=0.00..5.43 rows=100 width=0)
	        Index Cond: ((k >= 7020113) AND (k <= 7020213))

explain: for range-notcovered :: explain SELECT k, c FROM sbtest%d WHERE k BETWEEN 7065614 AND 7065714
explain: for range-notcovered :: explain SELECT k, c FROM sbtest%d WHERE k BETWEEN 7020113 AND 7020213
explain: for range-notcovered :: explain SELECT k, c FROM sbtest%d WHERE k BETWEEN 4493875 AND 4493975
for range-notcovered
table 1 : explain SELECT k, c FROM sbtest1 WHERE k BETWEEN 5059745 AND 5059845
	Bitmap Heap Scan on sbtest1  (cost=5.40..377.55 rows=94 width=125)
	  Recheck Cond: ((k >= 5059745) AND (k <= 5059845))
	  ->  Bitmap Index Scan on k_1  (cost=0.00..5.38 rows=94 width=0)
	        Index Cond: ((k >= 5059745) AND (k <= 5059845))

table 2 : explain SELECT k, c FROM sbtest2 WHERE k BETWEEN 5059745 AND 5059845
	Bitmap Heap Scan on sbtest2  (cost=5.37..365.72 rows=91 width=125)
	  Recheck Cond: ((k >= 5059745) AND (k <= 5059845))
	  ->  Bitmap Index Scan on k_2  (cost=0.00..5.34 rows=91 width=0)
	        Index Cond: ((k >= 5059745) AND (k <= 5059845))

table 3 : explain SELECT k, c FROM sbtest3 WHERE k BETWEEN 5059745 AND 5059845
	Bitmap Heap Scan on sbtest3  (cost=5.56..440.56 rows=110 width=125)
	  Recheck Cond: ((k >= 5059745) AND (k <= 5059845))
	  ->  Bitmap Index Scan on k_3  (cost=0.00..5.53 rows=110 width=0)
	        Index Cond: ((k >= 5059745) AND (k <= 5059845))

table 4 : explain SELECT k, c FROM sbtest4 WHERE k BETWEEN 5059745 AND 5059845
	Bitmap Heap Scan on sbtest4  (cost=5.51..420.88 rows=105 width=125)
	  Recheck Cond: ((k >= 5059745) AND (k <= 5059845))
	  ->  Bitmap Index Scan on k_4  (cost=0.00..5.48 rows=105 width=0)
	        Index Cond: ((k >= 5059745) AND (k <= 5059845))

table 5 : explain SELECT k, c FROM sbtest5 WHERE k BETWEEN 5059745 AND 5059845
	Bitmap Heap Scan on sbtest5  (cost=5.57..444.49 rows=111 width=125)
	  Recheck Cond: ((k >= 5059745) AND (k <= 5059845))
	  ->  Bitmap Index Scan on k_5  (cost=0.00..5.54 rows=111 width=0)
	        Index Cond: ((k >= 5059745) AND (k <= 5059845))

table 6 : explain SELECT k, c FROM sbtest6 WHERE k BETWEEN 5059745 AND 5059845
	Bitmap Heap Scan on sbtest6  (cost=5.48..409.07 rows=102 width=125)
	  Recheck Cond: ((k >= 5059745) AND (k <= 5059845))
	  ->  Bitmap Index Scan on k_6  (cost=0.00..5.45 rows=102 width=0)
	        Index Cond: ((k >= 5059745) AND (k <= 5059845))

table 7 : explain SELECT k, c FROM sbtest7 WHERE k BETWEEN 5059745 AND 5059845
	Bitmap Heap Scan on sbtest7  (cost=5.52..424.81 rows=106 width=125)
	  Recheck Cond: ((k >= 5059745) AND (k <= 5059845))
	  ->  Bitmap Index Scan on k_7  (cost=0.00..5.50 rows=106 width=0)
	        Index Cond: ((k >= 5059745) AND (k <= 5059845))

table 8 : explain SELECT k, c FROM sbtest8 WHERE k BETWEEN 5059745 AND 5059845
	Bitmap Heap Scan on sbtest8  (cost=5.57..444.49 rows=111 width=125)
	  Recheck Cond: ((k >= 5059745) AND (k <= 5059845))
	  ->  Bitmap Index Scan on k_8  (cost=0.00..5.54 rows=111 width=0)
	        Index Cond: ((k >= 5059745) AND (k <= 5059845))

explain: for range-notcovered :: explain SELECT k, c FROM sbtest%d WHERE k BETWEEN 5059745 AND 5059845
for range-notcovered
table 1 : explain SELECT k, c FROM sbtest1 WHERE k BETWEEN 6414720 AND 6414820
	Bitmap Heap Scan on sbtest1  (cost=5.45..397.25 rows=99 width=125)
	  Recheck Cond: ((k >= 6414720) AND (k <= 6414820))
	  ->  Bitmap Index Scan on k_1  (cost=0.00..5.42 rows=99 width=0)
	        Index Cond: ((k >= 6414720) AND (k <= 6414820))

table 2 : explain SELECT k, c FROM sbtest2 WHERE k BETWEEN 6414720 AND 6414820
	Bitmap Heap Scan on sbtest2  (cost=5.49..413.00 rows=103 width=125)
	  Recheck Cond: ((k >= 6414720) AND (k <= 6414820))
	  ->  Bitmap Index Scan on k_2  (cost=0.00..5.46 rows=103 width=0)
	        Index Cond: ((k >= 6414720) AND (k <= 6414820))

table 3 : explain SELECT k, c FROM sbtest3 WHERE k BETWEEN 6414720 AND 6414820
	Bitmap Heap Scan on sbtest3  (cost=5.55..436.62 rows=109 width=125)
	  Recheck Cond: ((k >= 6414720) AND (k <= 6414820))
	  ->  Bitmap Index Scan on k_3  (cost=0.00..5.52 rows=109 width=0)
	        Index Cond: ((k >= 6414720) AND (k <= 6414820))

table 4 : explain SELECT k, c FROM sbtest4 WHERE k BETWEEN 6414720 AND 6414820
	Bitmap Heap Scan on sbtest4  (cost=5.51..420.88 rows=105 width=125)
	  Recheck Cond: ((k >= 6414720) AND (k <= 6414820))
	  ->  Bitmap Index Scan on k_4  (cost=0.00..5.48 rows=105 width=0)
	        Index Cond: ((k >= 6414720) AND (k <= 6414820))

table 5 : explain SELECT k, c FROM sbtest5 WHERE k BETWEEN 6414720 AND 6414820
	Bitmap Heap Scan on sbtest5  (cost=5.53..428.75 rows=107 width=125)
	  Recheck Cond: ((k >= 6414720) AND (k <= 6414820))
	  ->  Bitmap Index Scan on k_5  (cost=0.00..5.50 rows=107 width=0)
	        Index Cond: ((k >= 6414720) AND (k <= 6414820))

table 6 : explain SELECT k, c FROM sbtest6 WHERE k BETWEEN 6414720 AND 6414820
	Bitmap Heap Scan on sbtest6  (cost=5.44..393.31 rows=98 width=125)
	  Recheck Cond: ((k >= 6414720) AND (k <= 6414820))
	  ->  Bitmap Index Scan on k_6  (cost=0.00..5.42 rows=98 width=0)
	        Index Cond: ((k >= 6414720) AND (k <= 6414820))

table 7 : explain SELECT k, c FROM sbtest7 WHERE k BETWEEN 6414720 AND 6414820
	Bitmap Heap Scan on sbtest7  (cost=5.50..416.94 rows=104 width=125)
	  Recheck Cond: ((k >= 6414720) AND (k <= 6414820))
	  ->  Bitmap Index Scan on k_7  (cost=0.00..5.47 rows=104 width=0)
	        Index Cond: ((k >= 6414720) AND (k <= 6414820))

table 8 : explain SELECT k, c FROM sbtest8 WHERE k BETWEEN 6414720 AND 6414820
	Bitmap Heap Scan on sbtest8  (cost=5.46..401.19 rows=100 width=125)
	  Recheck Cond: ((k >= 6414720) AND (k <= 6414820))
	  ->  Bitmap Index Scan on k_8  (cost=0.00..5.43 rows=100 width=0)
	        Index Cond: ((k >= 6414720) AND (k <= 6414820))

for range-notcovered
table 1 : explain SELECT k, c FROM sbtest1 WHERE k BETWEEN 7020113 AND 7020213
	Bitmap Heap Scan on sbtest1  (cost=5.53..428.75 rows=107 width=125)
	  Recheck Cond: ((k >= 7020113) AND (k <= 7020213))
	  ->  Bitmap Index Scan on k_1  (cost=0.00..5.50 rows=107 width=0)
	        Index Cond: ((k >= 7020113) AND (k <= 7020213))

table 2 : explain SELECT k, c FROM sbtest2 WHERE k BETWEEN 7020113 AND 7020213
	Bitmap Heap Scan on sbtest2  (cost=5.45..397.25 rows=99 width=125)
	  Recheck Cond: ((k >= 7020113) AND (k <= 7020213))
	  ->  Bitmap Index Scan on k_2  (cost=0.00..5.42 rows=99 width=0)
	        Index Cond: ((k >= 7020113) AND (k <= 7020213))

table 3 : explain SELECT k, c FROM sbtest3 WHERE k BETWEEN 7020113 AND 7020213
	Bitmap Heap Scan on sbtest3  (cost=5.48..409.07 rows=102 width=125)
	  Recheck Cond: ((k >= 7020113) AND (k <= 7020213))
	  ->  Bitmap Index Scan on k_3  (cost=0.00..5.45 rows=102 width=0)
	        Index Cond: ((k >= 7020113) AND (k <= 7020213))

table 4 : explain SELECT k, c FROM sbtest4 WHERE k BETWEEN 7020113 AND 7020213
	Bitmap Heap Scan on sbtest4  (cost=5.43..389.37 rows=97 width=125)
	  Recheck Cond: ((k >= 7020113) AND (k <= 7020213))
	  ->  Bitmap Index Scan on k_4  (cost=0.00..5.40 rows=97 width=0)
	        Index Cond: ((k >= 7020113) AND (k <= 7020213))

table 5 : explain SELECT k, c FROM sbtest5 WHERE k BETWEEN 7020113 AND 7020213
	Bitmap Heap Scan on sbtest5  (cost=5.46..401.19 rows=100 width=125)
	  Recheck Cond: ((k >= 7020113) AND (k <= 7020213))
	  ->  Bitmap Index Scan on k_5  (cost=0.00..5.43 rows=100 width=0)
	        Index Cond: ((k >= 7020113) AND (k <= 7020213))

table 6 : explain SELECT k, c FROM sbtest6 WHERE k BETWEEN 7020113 AND 7020213
	Bitmap Heap Scan on sbtest6  (cost=5.41..381.49 rows=95 width=125)
	  Recheck Cond: ((k >= 7020113) AND (k <= 7020213))
	  ->  Bitmap Index Scan on k_6  (cost=0.00..5.38 rows=95 width=0)
	        Index Cond: ((k >= 7020113) AND (k <= 7020213))

table 7 : explain SELECT k, c FROM sbtest7 WHERE k BETWEEN 7020113 AND 7020213
	Bitmap Heap Scan on sbtest7  (cost=5.48..409.07 rows=102 width=125)
	  Recheck Cond: ((k >= 7020113) AND (k <= 7020213))
	  ->  Bitmap Index Scan on k_7  (cost=0.00..5.45 rows=102 width=0)
	        Index Cond: ((k >= 7020113) AND (k <= 7020213))

table 8 : explain SELECT k, c FROM sbtest8 WHERE k BETWEEN 7020113 AND 7020213
	Bitmap Heap Scan on sbtest8  (cost=5.46..401.19 rows=100 width=125)
	  Recheck Cond: ((k >= 7020113) AND (k <= 7020213))
	  ->  Bitmap Index Scan on k_8  (cost=0.00..5.43 rows=100 width=0)
	        Index Cond: ((k >= 7020113) AND (k <= 7020213))
for range-notcovered
table 1 : explain SELECT k, c FROM sbtest1 WHERE k BETWEEN 1282474 AND 1282574
	Bitmap Heap Scan on sbtest1  (cost=5.60..456.29 rows=114 width=125)
	  Recheck Cond: ((k >= 1282474) AND (k <= 1282574))
	  ->  Bitmap Index Scan on k_1  (cost=0.00..5.58 rows=114 width=0)
	        Index Cond: ((k >= 1282474) AND (k <= 1282574))

table 2 : explain SELECT k, c FROM sbtest2 WHERE k BETWEEN 1282474 AND 1282574
	Bitmap Heap Scan on sbtest2  (cost=5.45..397.25 rows=99 width=125)
	  Recheck Cond: ((k >= 1282474) AND (k <= 1282574))
	  ->  Bitmap Index Scan on k_2  (cost=0.00..5.42 rows=99 width=0)
	        Index Cond: ((k >= 1282474) AND (k <= 1282574))

table 3 : explain SELECT k, c FROM sbtest3 WHERE k BETWEEN 1282474 AND 1282574
	Bitmap Heap Scan on sbtest3  (cost=5.51..420.88 rows=105 width=125)
	  Recheck Cond: ((k >= 1282474) AND (k <= 1282574))
	  ->  Bitmap Index Scan on k_3  (cost=0.00..5.48 rows=105 width=0)
	        Index Cond: ((k >= 1282474) AND (k <= 1282574))

table 4 : explain SELECT k, c FROM sbtest4 WHERE k BETWEEN 1282474 AND 1282574
	Bitmap Heap Scan on sbtest4  (cost=5.40..377.55 rows=94 width=125)
	  Recheck Cond: ((k >= 1282474) AND (k <= 1282574))
	  ->  Bitmap Index Scan on k_4  (cost=0.00..5.38 rows=94 width=0)
	        Index Cond: ((k >= 1282474) AND (k <= 1282574))

table 5 : explain SELECT k, c FROM sbtest5 WHERE k BETWEEN 1282474 AND 1282574
	Bitmap Heap Scan on sbtest5  (cost=5.50..416.94 rows=104 width=125)
	  Recheck Cond: ((k >= 1282474) AND (k <= 1282574))
	  ->  Bitmap Index Scan on k_5  (cost=0.00..5.47 rows=104 width=0)
	        Index Cond: ((k >= 1282474) AND (k <= 1282574))

table 6 : explain SELECT k, c FROM sbtest6 WHERE k BETWEEN 1282474 AND 1282574
	Bitmap Heap Scan on sbtest6  (cost=5.47..405.13 rows=101 width=125)
	  Recheck Cond: ((k >= 1282474) AND (k <= 1282574))
	  ->  Bitmap Index Scan on k_6  (cost=0.00..5.44 rows=101 width=0)
	        Index Cond: ((k >= 1282474) AND (k <= 1282574))

table 7 : explain SELECT k, c FROM sbtest7 WHERE k BETWEEN 1282474 AND 1282574
	Bitmap Heap Scan on sbtest7  (cost=5.53..428.75 rows=107 width=125)
	  Recheck Cond: ((k >= 1282474) AND (k <= 1282574))
	  ->  Bitmap Index Scan on k_7  (cost=0.00..5.50 rows=107 width=0)
	        Index Cond: ((k >= 1282474) AND (k <= 1282574))

table 8 : explain SELECT k, c FROM sbtest8 WHERE k BETWEEN 1282474 AND 1282574
	Bitmap Heap Scan on sbtest8  (cost=5.60..456.29 rows=114 width=125)
	  Recheck Cond: ((k >= 1282474) AND (k <= 1282574))
	  ->  Bitmap Index Scan on k_8  (cost=0.00..5.58 rows=114 width=0)
	        Index Cond: ((k >= 1282474) AND (k <= 1282574))


for range-notcovered
table 1 : explain SELECT k, c FROM sbtest1 WHERE k BETWEEN 7065614 AND 7065714
	Bitmap Heap Scan on sbtest1  (cost=5.53..428.75 rows=107 width=125)
	  Recheck Cond: ((k >= 7065614) AND (k <= 7065714))
	  ->  Bitmap Index Scan on k_1  (cost=0.00..5.50 rows=107 width=0)
	        Index Cond: ((k >= 7065614) AND (k <= 7065714))

table 2 : explain SELECT k, c FROM sbtest2 WHERE k BETWEEN 7065614 AND 7065714
	Bitmap Heap Scan on sbtest2  (cost=5.43..389.37 rows=97 width=125)
	  Recheck Cond: ((k >= 7065614) AND (k <= 7065714))
	  ->  Bitmap Index Scan on k_2  (cost=0.00..5.40 rows=97 width=0)
	        Index Cond: ((k >= 7065614) AND (k <= 7065714))

table 3 : explain SELECT k, c FROM sbtest3 WHERE k BETWEEN 7065614 AND 7065714
	Bitmap Heap Scan on sbtest3  (cost=5.48..409.07 rows=102 width=125)
	  Recheck Cond: ((k >= 7065614) AND (k <= 7065714))
	  ->  Bitmap Index Scan on k_3  (cost=0.00..5.45 rows=102 width=0)
	        Index Cond: ((k >= 7065614) AND (k <= 7065714))

table 4 : explain SELECT k, c FROM sbtest4 WHERE k BETWEEN 7065614 AND 7065714
	Bitmap Heap Scan on sbtest4  (cost=5.43..389.37 rows=97 width=125)
	  Recheck Cond: ((k >= 7065614) AND (k <= 7065714))
	  ->  Bitmap Index Scan on k_4  (cost=0.00..5.40 rows=97 width=0)
	        Index Cond: ((k >= 7065614) AND (k <= 7065714))

table 5 : explain SELECT k, c FROM sbtest5 WHERE k BETWEEN 7065614 AND 7065714
	Bitmap Heap Scan on sbtest5  (cost=5.46..401.19 rows=100 width=125)
	  Recheck Cond: ((k >= 7065614) AND (k <= 7065714))
	  ->  Bitmap Index Scan on k_5  (cost=0.00..5.43 rows=100 width=0)
	        Index Cond: ((k >= 7065614) AND (k <= 7065714))

table 6 : explain SELECT k, c FROM sbtest6 WHERE k BETWEEN 7065614 AND 7065714
	Bitmap Heap Scan on sbtest6  (cost=5.41..381.49 rows=95 width=125)
	  Recheck Cond: ((k >= 7065614) AND (k <= 7065714))
	  ->  Bitmap Index Scan on k_6  (cost=0.00..5.38 rows=95 width=0)
	        Index Cond: ((k >= 7065614) AND (k <= 7065714))

table 7 : explain SELECT k, c FROM sbtest7 WHERE k BETWEEN 7065614 AND 7065714
	Bitmap Heap Scan on sbtest7  (cost=5.48..409.07 rows=102 width=125)
	  Recheck Cond: ((k >= 7065614) AND (k <= 7065714))
	  ->  Bitmap Index Scan on k_7  (cost=0.00..5.45 rows=102 width=0)
	        Index Cond: ((k >= 7065614) AND (k <= 7065714))

table 8 : explain SELECT k, c FROM sbtest8 WHERE k BETWEEN 7065614 AND 7065714
	Bitmap Heap Scan on sbtest8  (cost=5.52..424.81 rows=106 width=125)
	  Recheck Cond: ((k >= 7065614) AND (k <= 7065714))
	  ->  Bitmap Index Scan on k_8  (cost=0.00..5.50 rows=106 width=0)
	        Index Cond: ((k >= 7065614) AND (k <= 7065714))

explain: for range-notcovered :: explain SELECT k, c FROM sbtest%d WHERE k BETWEEN 6414720 AND 6414820
for range-notcovered
table 1 : explain SELECT k, c FROM sbtest1 WHERE k BETWEEN 3441852 AND 3441952
	Bitmap Heap Scan on sbtest1  (cost=5.46..401.19 rows=100 width=125)
	  Recheck Cond: ((k >= 3441852) AND (k <= 3441952))
	  ->  Bitmap Index Scan on k_1  (cost=0.00..5.43 rows=100 width=0)
	        Index Cond: ((k >= 3441852) AND (k <= 3441952))

table 2 : explain SELECT k, c FROM sbtest2 WHERE k BETWEEN 3441852 AND 3441952
	Bitmap Heap Scan on sbtest2  (cost=5.45..397.25 rows=99 width=125)
	  Recheck Cond: ((k >= 3441852) AND (k <= 3441952))
	  ->  Bitmap Index Scan on k_2  (cost=0.00..5.42 rows=99 width=0)
	        Index Cond: ((k >= 3441852) AND (k <= 3441952))

table 3 : explain SELECT k, c FROM sbtest3 WHERE k BETWEEN 3441852 AND 3441952
	Bitmap Heap Scan on sbtest3  (cost=5.61..460.22 rows=115 width=125)
	  Recheck Cond: ((k >= 3441852) AND (k <= 3441952))
	  ->  Bitmap Index Scan on k_3  (cost=0.00..5.58 rows=115 width=0)
	        Index Cond: ((k >= 3441852) AND (k <= 3441952))

table 4 : explain SELECT k, c FROM sbtest4 WHERE k BETWEEN 3441852 AND 3441952
	Bitmap Heap Scan on sbtest4  (cost=5.56..440.56 rows=110 width=125)
	  Recheck Cond: ((k >= 3441852) AND (k <= 3441952))
	  ->  Bitmap Index Scan on k_4  (cost=0.00..5.53 rows=110 width=0)
	        Index Cond: ((k >= 3441852) AND (k <= 3441952))

table 5 : explain SELECT k, c FROM sbtest5 WHERE k BETWEEN 3441852 AND 3441952
	Bitmap Heap Scan on sbtest5  (cost=5.59..452.36 rows=113 width=125)
	  Recheck Cond: ((k >= 3441852) AND (k <= 3441952))
	  ->  Bitmap Index Scan on k_5  (cost=0.00..5.56 rows=113 width=0)
	        Index Cond: ((k >= 3441852) AND (k <= 3441952))

table 6 : explain SELECT k, c FROM sbtest6 WHERE k BETWEEN 3441852 AND 3441952
	Bitmap Heap Scan on sbtest6  (cost=5.49..413.00 rows=103 width=125)
	  Recheck Cond: ((k >= 3441852) AND (k <= 3441952))
	  ->  Bitmap Index Scan on k_6  (cost=0.00..5.46 rows=103 width=0)
	        Index Cond: ((k >= 3441852) AND (k <= 3441952))

table 7 : explain SELECT k, c FROM sbtest7 WHERE k BETWEEN 3441852 AND 3441952
	Bitmap Heap Scan on sbtest7  (cost=5.51..420.88 rows=105 width=125)
	  Recheck Cond: ((k >= 3441852) AND (k <= 3441952))
	  ->  Bitmap Index Scan on k_7  (cost=0.00..5.48 rows=105 width=0)
	        Index Cond: ((k >= 3441852) AND (k <= 3441952))

table 8 : explain SELECT k, c FROM sbtest8 WHERE k BETWEEN 3441852 AND 3441952
	Bitmap Heap Scan on sbtest8  (cost=5.48..409.07 rows=102 width=125)
	  Recheck Cond: ((k >= 3441852) AND (k <= 3441952))
	  ->  Bitmap Index Scan on k_8  (cost=0.00..5.45 rows=102 width=0)
	        Index Cond: ((k >= 3441852) AND (k <= 3441952))

explain: for range-notcovered :: explain SELECT k, c FROM sbtest%d WHERE k BETWEEN 7020113 AND 7020213
explain: for range-notcovered :: explain SELECT k, c FROM sbtest%d WHERE k BETWEEN 1282474 AND 1282574
explain: for range-notcovered :: explain SELECT k, c FROM sbtest%d WHERE k BETWEEN 7065614 AND 7065714
for range-notcovered
table 1 : explain SELECT k, c FROM sbtest1 WHERE k BETWEEN 2291214 AND 2291314
	Bitmap Heap Scan on sbtest1  (cost=5.45..397.25 rows=99 width=125)
	  Recheck Cond: ((k >= 2291214) AND (k <= 2291314))
	  ->  Bitmap Index Scan on k_1  (cost=0.00..5.42 rows=99 width=0)
	        Index Cond: ((k >= 2291214) AND (k <= 2291314))

table 2 : explain SELECT k, c FROM sbtest2 WHERE k BETWEEN 2291214 AND 2291314
	Bitmap Heap Scan on sbtest2  (cost=5.51..420.88 rows=105 width=125)
	  Recheck Cond: ((k >= 2291214) AND (k <= 2291314))
	  ->  Bitmap Index Scan on k_2  (cost=0.00..5.48 rows=105 width=0)
	        Index Cond: ((k >= 2291214) AND (k <= 2291314))

table 3 : explain SELECT k, c FROM sbtest3 WHERE k BETWEEN 2291214 AND 2291314
	Bitmap Heap Scan on sbtest3  (cost=5.46..401.19 rows=100 width=125)
	  Recheck Cond: ((k >= 2291214) AND (k <= 2291314))
	  ->  Bitmap Index Scan on k_3  (cost=0.00..5.43 rows=100 width=0)
	        Index Cond: ((k >= 2291214) AND (k <= 2291314))

table 4 : explain SELECT k, c FROM sbtest4 WHERE k BETWEEN 2291214 AND 2291314
	Bitmap Heap Scan on sbtest4  (cost=5.51..420.88 rows=105 width=125)
	  Recheck Cond: ((k >= 2291214) AND (k <= 2291314))
	  ->  Bitmap Index Scan on k_4  (cost=0.00..5.48 rows=105 width=0)
	        Index Cond: ((k >= 2291214) AND (k <= 2291314))

table 5 : explain SELECT k, c FROM sbtest5 WHERE k BETWEEN 2291214 AND 2291314
	Bitmap Heap Scan on sbtest5  (cost=5.54..432.69 rows=108 width=125)
	  Recheck Cond: ((k >= 2291214) AND (k <= 2291314))
	  ->  Bitmap Index Scan on k_5  (cost=0.00..5.51 rows=108 width=0)
	        Index Cond: ((k >= 2291214) AND (k <= 2291314))

table 6 : explain SELECT k, c FROM sbtest6 WHERE k BETWEEN 2291214 AND 2291314
	Bitmap Heap Scan on sbtest6  (cost=5.43..389.37 rows=97 width=125)
	  Recheck Cond: ((k >= 2291214) AND (k <= 2291314))
	  ->  Bitmap Index Scan on k_6  (cost=0.00..5.40 rows=97 width=0)
	        Index Cond: ((k >= 2291214) AND (k <= 2291314))

table 7 : explain SELECT k, c FROM sbtest7 WHERE k BETWEEN 2291214 AND 2291314
	Bitmap Heap Scan on sbtest7  (cost=5.39..373.61 rows=93 width=125)
	  Recheck Cond: ((k >= 2291214) AND (k <= 2291314))
	  ->  Bitmap Index Scan on k_7  (cost=0.00..5.36 rows=93 width=0)
	        Index Cond: ((k >= 2291214) AND (k <= 2291314))

table 8 : explain SELECT k, c FROM sbtest8 WHERE k BETWEEN 2291214 AND 2291314
	Bitmap Heap Scan on sbtest8  (cost=5.43..389.37 rows=97 width=125)
	  Recheck Cond: ((k >= 2291214) AND (k <= 2291314))
	  ->  Bitmap Index Scan on k_8  (cost=0.00..5.40 rows=97 width=0)
	        Index Cond: ((k >= 2291214) AND (k <= 2291314))

explain: for range-notcovered :: explain SELECT k, c FROM sbtest%d WHERE k BETWEEN 3441852 AND 3441952
for range-notcovered
table 1 : explain SELECT k, c FROM sbtest1 WHERE k BETWEEN 6753583 AND 6753683
	Bitmap Heap Scan on sbtest1  (cost=5.52..424.81 rows=106 width=125)
	  Recheck Cond: ((k >= 6753583) AND (k <= 6753683))
	  ->  Bitmap Index Scan on k_1  (cost=0.00..5.50 rows=106 width=0)
	        Index Cond: ((k >= 6753583) AND (k <= 6753683))

table 2 : explain SELECT k, c FROM sbtest2 WHERE k BETWEEN 6753583 AND 6753683
	Bitmap Heap Scan on sbtest2  (cost=5.55..436.62 rows=109 width=125)
	  Recheck Cond: ((k >= 6753583) AND (k <= 6753683))
	  ->  Bitmap Index Scan on k_2  (cost=0.00..5.52 rows=109 width=0)
	        Index Cond: ((k >= 6753583) AND (k <= 6753683))

table 3 : explain SELECT k, c FROM sbtest3 WHERE k BETWEEN 6753583 AND 6753683
	Bitmap Heap Scan on sbtest3  (cost=5.46..401.19 rows=100 width=125)
	  Recheck Cond: ((k >= 6753583) AND (k <= 6753683))
	  ->  Bitmap Index Scan on k_3  (cost=0.00..5.43 rows=100 width=0)
	        Index Cond: ((k >= 6753583) AND (k <= 6753683))

table 4 : explain SELECT k, c FROM sbtest4 WHERE k BETWEEN 6753583 AND 6753683
	Bitmap Heap Scan on sbtest4  (cost=5.53..428.75 rows=107 width=125)
	  Recheck Cond: ((k >= 6753583) AND (k <= 6753683))
	  ->  Bitmap Index Scan on k_4  (cost=0.00..5.50 rows=107 width=0)
	        Index Cond: ((k >= 6753583) AND (k <= 6753683))

table 5 : explain SELECT k, c FROM sbtest5 WHERE k BETWEEN 6753583 AND 6753683
	Bitmap Heap Scan on sbtest5  (cost=5.51..420.88 rows=105 width=125)
	  Recheck Cond: ((k >= 6753583) AND (k <= 6753683))
	  ->  Bitmap Index Scan on k_5  (cost=0.00..5.48 rows=105 width=0)
	        Index Cond: ((k >= 6753583) AND (k <= 6753683))

table 6 : explain SELECT k, c FROM sbtest6 WHERE k BETWEEN 6753583 AND 6753683
	Bitmap Heap Scan on sbtest6  (cost=5.42..385.43 rows=96 width=125)
	  Recheck Cond: ((k >= 6753583) AND (k <= 6753683))
	  ->  Bitmap Index Scan on k_6  (cost=0.00..5.39 rows=96 width=0)
	        Index Cond: ((k >= 6753583) AND (k <= 6753683))

table 7 : explain SELECT k, c FROM sbtest7 WHERE k BETWEEN 6753583 AND 6753683
	Bitmap Heap Scan on sbtest7  (cost=5.44..393.31 rows=98 width=125)
	  Recheck Cond: ((k >= 6753583) AND (k <= 6753683))
	  ->  Bitmap Index Scan on k_7  (cost=0.00..5.42 rows=98 width=0)
	        Index Cond: ((k >= 6753583) AND (k <= 6753683))

table 8 : explain SELECT k, c FROM sbtest8 WHERE k BETWEEN 6753583 AND 6753683
	Bitmap Heap Scan on sbtest8  (cost=5.45..397.25 rows=99 width=125)
	  Recheck Cond: ((k >= 6753583) AND (k <= 6753683))
	  ->  Bitmap Index Scan on k_8  (cost=0.00..5.42 rows=99 width=0)
	        Index Cond: ((k >= 6753583) AND (k <= 6753683))

explain: for range-notcovered :: explain SELECT k, c FROM sbtest%d WHERE k BETWEEN 2291214 AND 2291314
explain: for range-notcovered :: explain SELECT k, c FROM sbtest%d WHERE k BETWEEN 6753583 AND 6753683
for range-notcovered
table 1 : explain SELECT k, c FROM sbtest1 WHERE k BETWEEN 5059745 AND 5059845
	Bitmap Heap Scan on sbtest1  (cost=5.40..377.55 rows=94 width=125)
	  Recheck Cond: ((k >= 5059745) AND (k <= 5059845))
	  ->  Bitmap Index Scan on k_1  (cost=0.00..5.38 rows=94 width=0)
	        Index Cond: ((k >= 5059745) AND (k <= 5059845))

table 2 : explain SELECT k, c FROM sbtest2 WHERE k BETWEEN 5059745 AND 5059845
	Bitmap Heap Scan on sbtest2  (cost=5.37..365.72 rows=91 width=125)
	  Recheck Cond: ((k >= 5059745) AND (k <= 5059845))
	  ->  Bitmap Index Scan on k_2  (cost=0.00..5.34 rows=91 width=0)
	        Index Cond: ((k >= 5059745) AND (k <= 5059845))

table 3 : explain SELECT k, c FROM sbtest3 WHERE k BETWEEN 5059745 AND 5059845
	Bitmap Heap Scan on sbtest3  (cost=5.56..440.56 rows=110 width=125)
	  Recheck Cond: ((k >= 5059745) AND (k <= 5059845))
	  ->  Bitmap Index Scan on k_3  (cost=0.00..5.53 rows=110 width=0)
	        Index Cond: ((k >= 5059745) AND (k <= 5059845))

table 4 : explain SELECT k, c FROM sbtest4 WHERE k BETWEEN 5059745 AND 5059845
	Bitmap Heap Scan on sbtest4  (cost=5.51..420.88 rows=105 width=125)
	  Recheck Cond: ((k >= 5059745) AND (k <= 5059845))
	  ->  Bitmap Index Scan on k_4  (cost=0.00..5.48 rows=105 width=0)
	        Index Cond: ((k >= 5059745) AND (k <= 5059845))

table 5 : explain SELECT k, c FROM sbtest5 WHERE k BETWEEN 5059745 AND 5059845
	Bitmap Heap Scan on sbtest5  (cost=5.57..444.49 rows=111 width=125)
	  Recheck Cond: ((k >= 5059745) AND (k <= 5059845))
	  ->  Bitmap Index Scan on k_5  (cost=0.00..5.54 rows=111 width=0)
	        Index Cond: ((k >= 5059745) AND (k <= 5059845))

table 6 : explain SELECT k, c FROM sbtest6 WHERE k BETWEEN 5059745 AND 5059845
	Bitmap Heap Scan on sbtest6  (cost=5.48..409.07 rows=102 width=125)
	  Recheck Cond: ((k >= 5059745) AND (k <= 5059845))
	  ->  Bitmap Index Scan on k_6  (cost=0.00..5.45 rows=102 width=0)
	        Index Cond: ((k >= 5059745) AND (k <= 5059845))

table 7 : explain SELECT k, c FROM sbtest7 WHERE k BETWEEN 5059745 AND 5059845
	Bitmap Heap Scan on sbtest7  (cost=5.52..424.81 rows=106 width=125)
	  Recheck Cond: ((k >= 5059745) AND (k <= 5059845))
	  ->  Bitmap Index Scan on k_7  (cost=0.00..5.50 rows=106 width=0)
	        Index Cond: ((k >= 5059745) AND (k <= 5059845))

table 8 : explain SELECT k, c FROM sbtest8 WHERE k BETWEEN 5059745 AND 5059845
	Bitmap Heap Scan on sbtest8  (cost=5.57..444.49 rows=111 width=125)
	  Recheck Cond: ((k >= 5059745) AND (k <= 5059845))
	  ->  Bitmap Index Scan on k_8  (cost=0.00..5.54 rows=111 width=0)
	        Index Cond: ((k >= 5059745) AND (k <= 5059845))

explain: for range-notcovered :: explain SELECT k, c FROM sbtest%d WHERE k BETWEEN 8050544 AND 8050644
for range-notcovered
table 1 : explain SELECT k, c FROM sbtest1 WHERE k BETWEEN 6720301 AND 6720401
	Bitmap Heap Scan on sbtest1  (cost=5.52..424.81 rows=106 width=125)
	  Recheck Cond: ((k >= 6720301) AND (k <= 6720401))
	  ->  Bitmap Index Scan on k_1  (cost=0.00..5.50 rows=106 width=0)
	        Index Cond: ((k >= 6720301) AND (k <= 6720401))

table 2 : explain SELECT k, c FROM sbtest2 WHERE k BETWEEN 6720301 AND 6720401
	Bitmap Heap Scan on sbtest2  (cost=5.38..369.67 rows=92 width=125)
	  Recheck Cond: ((k >= 6720301) AND (k <= 6720401))
	  ->  Bitmap Index Scan on k_2  (cost=0.00..5.35 rows=92 width=0)
	        Index Cond: ((k >= 6720301) AND (k <= 6720401))

table 3 : explain SELECT k, c FROM sbtest3 WHERE k BETWEEN 6720301 AND 6720401
	Bitmap Heap Scan on sbtest3  (cost=5.46..401.19 rows=100 width=125)
	  Recheck Cond: ((k >= 6720301) AND (k <= 6720401))
	  ->  Bitmap Index Scan on k_3  (cost=0.00..5.43 rows=100 width=0)
	        Index Cond: ((k >= 6720301) AND (k <= 6720401))

table 4 : explain SELECT k, c FROM sbtest4 WHERE k BETWEEN 6720301 AND 6720401
	Bitmap Heap Scan on sbtest4  (cost=5.53..428.75 rows=107 width=125)
	  Recheck Cond: ((k >= 6720301) AND (k <= 6720401))
	  ->  Bitmap Index Scan on k_4  (cost=0.00..5.50 rows=107 width=0)
	        Index Cond: ((k >= 6720301) AND (k <= 6720401))

table 5 : explain SELECT k, c FROM sbtest5 WHERE k BETWEEN 6720301 AND 6720401
	Bitmap Heap Scan on sbtest5  (cost=5.51..420.88 rows=105 width=125)
	  Recheck Cond: ((k >= 6720301) AND (k <= 6720401))
	  ->  Bitmap Index Scan on k_5  (cost=0.00..5.48 rows=105 width=0)
	        Index Cond: ((k >= 6720301) AND (k <= 6720401))

table 6 : explain SELECT k, c FROM sbtest6 WHERE k BETWEEN 6720301 AND 6720401
	Bitmap Heap Scan on sbtest6  (cost=5.42..385.43 rows=96 width=125)
	  Recheck Cond: ((k >= 6720301) AND (k <= 6720401))
	  ->  Bitmap Index Scan on k_6  (cost=0.00..5.39 rows=96 width=0)
	        Index Cond: ((k >= 6720301) AND (k <= 6720401))

table 7 : explain SELECT k, c FROM sbtest7 WHERE k BETWEEN 6720301 AND 6720401
	Bitmap Heap Scan on sbtest7  (cost=5.44..393.31 rows=98 width=125)
	  Recheck Cond: ((k >= 6720301) AND (k <= 6720401))
	  ->  Bitmap Index Scan on k_7  (cost=0.00..5.42 rows=98 width=0)
	        Index Cond: ((k >= 6720301) AND (k <= 6720401))

table 8 : explain SELECT k, c FROM sbtest8 WHERE k BETWEEN 6720301 AND 6720401
	Bitmap Heap Scan on sbtest8  (cost=5.44..393.31 rows=98 width=125)
	  Recheck Cond: ((k >= 6720301) AND (k <= 6720401))
	  ->  Bitmap Index Scan on k_8  (cost=0.00..5.42 rows=98 width=0)
	        Index Cond: ((k >= 6720301) AND (k <= 6720401))

explain: for range-notcovered :: explain SELECT k, c FROM sbtest%d WHERE k BETWEEN 5059745 AND 5059845
for range-notcovered
table 1 : explain SELECT k, c FROM sbtest1 WHERE k BETWEEN 3092567 AND 3092667
	Bitmap Heap Scan on sbtest1  (cost=5.52..424.81 rows=106 width=125)
	  Recheck Cond: ((k >= 3092567) AND (k <= 3092667))
	  ->  Bitmap Index Scan on k_1  (cost=0.00..5.50 rows=106 width=0)
	        Index Cond: ((k >= 3092567) AND (k <= 3092667))

table 2 : explain SELECT k, c FROM sbtest2 WHERE k BETWEEN 3092567 AND 3092667
	Bitmap Heap Scan on sbtest2  (cost=5.42..385.43 rows=96 width=125)
	  Recheck Cond: ((k >= 3092567) AND (k <= 3092667))
	  ->  Bitmap Index Scan on k_2  (cost=0.00..5.39 rows=96 width=0)
	        Index Cond: ((k >= 3092567) AND (k <= 3092667))

table 3 : explain SELECT k, c FROM sbtest3 WHERE k BETWEEN 3092567 AND 3092667
	Bitmap Heap Scan on sbtest3  (cost=5.35..357.84 rows=89 width=125)
	  Recheck Cond: ((k >= 3092567) AND (k <= 3092667))
	  ->  Bitmap Index Scan on k_3  (cost=0.00..5.32 rows=89 width=0)
	        Index Cond: ((k >= 3092567) AND (k <= 3092667))

table 4 : explain SELECT k, c FROM sbtest4 WHERE k BETWEEN 3092567 AND 3092667
	Bitmap Heap Scan on sbtest4  (cost=5.51..420.88 rows=105 width=125)
	  Recheck Cond: ((k >= 3092567) AND (k <= 3092667))
	  ->  Bitmap Index Scan on k_4  (cost=0.00..5.48 rows=105 width=0)
	        Index Cond: ((k >= 3092567) AND (k <= 3092667))

table 5 : explain SELECT k, c FROM sbtest5 WHERE k BETWEEN 3092567 AND 3092667
	Bitmap Heap Scan on sbtest5  (cost=5.49..413.00 rows=103 width=125)
	  Recheck Cond: ((k >= 3092567) AND (k <= 3092667))
	  ->  Bitmap Index Scan on k_5  (cost=0.00..5.46 rows=103 width=0)
	        Index Cond: ((k >= 3092567) AND (k <= 3092667))

table 6 : explain SELECT k, c FROM sbtest6 WHERE k BETWEEN 3092567 AND 3092667
	Bitmap Heap Scan on sbtest6  (cost=5.50..416.94 rows=104 width=125)
	  Recheck Cond: ((k >= 3092567) AND (k <= 3092667))
	  ->  Bitmap Index Scan on k_6  (cost=0.00..5.47 rows=104 width=0)
	        Index Cond: ((k >= 3092567) AND (k <= 3092667))

table 7 : explain SELECT k, c FROM sbtest7 WHERE k BETWEEN 3092567 AND 3092667
	Bitmap Heap Scan on sbtest7  (cost=5.50..416.94 rows=104 width=125)
	  Recheck Cond: ((k >= 3092567) AND (k <= 3092667))
	  ->  Bitmap Index Scan on k_7  (cost=0.00..5.47 rows=104 width=0)
	        Index Cond: ((k >= 3092567) AND (k <= 3092667))

table 8 : explain SELECT k, c FROM sbtest8 WHERE k BETWEEN 3092567 AND 3092667
	Bitmap Heap Scan on sbtest8  (cost=5.43..389.37 rows=97 width=125)
	  Recheck Cond: ((k >= 3092567) AND (k <= 3092667))
	  ->  Bitmap Index Scan on k_8  (cost=0.00..5.40 rows=97 width=0)
	        Index Cond: ((k >= 3092567) AND (k <= 3092667))

explain: for range-notcovered :: explain SELECT k, c FROM sbtest%d WHERE k BETWEEN 6720301 AND 6720401
explain: for range-notcovered :: explain SELECT k, c FROM sbtest%d WHERE k BETWEEN 3092567 AND 3092667
for range-notcovered
table 1 : explain SELECT k, c FROM sbtest1 WHERE k BETWEEN 6414720 AND 6414820
	Bitmap Heap Scan on sbtest1  (cost=5.45..397.25 rows=99 width=125)
	  Recheck Cond: ((k >= 6414720) AND (k <= 6414820))
	  ->  Bitmap Index Scan on k_1  (cost=0.00..5.42 rows=99 width=0)
	        Index Cond: ((k >= 6414720) AND (k <= 6414820))

table 2 : explain SELECT k, c FROM sbtest2 WHERE k BETWEEN 6414720 AND 6414820
	Bitmap Heap Scan on sbtest2  (cost=5.49..413.00 rows=103 width=125)
	  Recheck Cond: ((k >= 6414720) AND (k <= 6414820))
	  ->  Bitmap Index Scan on k_2  (cost=0.00..5.46 rows=103 width=0)
	        Index Cond: ((k >= 6414720) AND (k <= 6414820))

table 3 : explain SELECT k, c FROM sbtest3 WHERE k BETWEEN 6414720 AND 6414820
	Bitmap Heap Scan on sbtest3  (cost=5.55..436.62 rows=109 width=125)
	  Recheck Cond: ((k >= 6414720) AND (k <= 6414820))
	  ->  Bitmap Index Scan on k_3  (cost=0.00..5.52 rows=109 width=0)
	        Index Cond: ((k >= 6414720) AND (k <= 6414820))

table 4 : explain SELECT k, c FROM sbtest4 WHERE k BETWEEN 6414720 AND 6414820
	Bitmap Heap Scan on sbtest4  (cost=5.51..420.88 rows=105 width=125)
	  Recheck Cond: ((k >= 6414720) AND (k <= 6414820))
	  ->  Bitmap Index Scan on k_4  (cost=0.00..5.48 rows=105 width=0)
	        Index Cond: ((k >= 6414720) AND (k <= 6414820))

table 5 : explain SELECT k, c FROM sbtest5 WHERE k BETWEEN 6414720 AND 6414820
	Bitmap Heap Scan on sbtest5  (cost=5.53..428.75 rows=107 width=125)
	  Recheck Cond: ((k >= 6414720) AND (k <= 6414820))
	  ->  Bitmap Index Scan on k_5  (cost=0.00..5.50 rows=107 width=0)
	        Index Cond: ((k >= 6414720) AND (k <= 6414820))

table 6 : explain SELECT k, c FROM sbtest6 WHERE k BETWEEN 6414720 AND 6414820
	Bitmap Heap Scan on sbtest6  (cost=5.44..393.31 rows=98 width=125)
	  Recheck Cond: ((k >= 6414720) AND (k <= 6414820))
	  ->  Bitmap Index Scan on k_6  (cost=0.00..5.42 rows=98 width=0)
	        Index Cond: ((k >= 6414720) AND (k <= 6414820))

table 7 : explain SELECT k, c FROM sbtest7 WHERE k BETWEEN 6414720 AND 6414820
	Bitmap Heap Scan on sbtest7  (cost=5.50..416.94 rows=104 width=125)
	  Recheck Cond: ((k >= 6414720) AND (k <= 6414820))
	  ->  Bitmap Index Scan on k_7  (cost=0.00..5.47 rows=104 width=0)
	        Index Cond: ((k >= 6414720) AND (k <= 6414820))

table 8 : explain SELECT k, c FROM sbtest8 WHERE k BETWEEN 6414720 AND 6414820
	Bitmap Heap Scan on sbtest8  (cost=5.46..401.19 rows=100 width=125)
	  Recheck Cond: ((k >= 6414720) AND (k <= 6414820))
	  ->  Bitmap Index Scan on k_8  (cost=0.00..5.43 rows=100 width=0)
	        Index Cond: ((k >= 6414720) AND (k <= 6414820))

for range-notcovered
table 1 : explain SELECT k, c FROM sbtest1 WHERE k BETWEEN 1282474 AND 1282574
	Bitmap Heap Scan on sbtest1  (cost=5.60..456.29 rows=114 width=125)
	  Recheck Cond: ((k >= 1282474) AND (k <= 1282574))
	  ->  Bitmap Index Scan on k_1  (cost=0.00..5.58 rows=114 width=0)
	        Index Cond: ((k >= 1282474) AND (k <= 1282574))

table 2 : explain SELECT k, c FROM sbtest2 WHERE k BETWEEN 1282474 AND 1282574
	Bitmap Heap Scan on sbtest2  (cost=5.45..397.25 rows=99 width=125)
	  Recheck Cond: ((k >= 1282474) AND (k <= 1282574))
	  ->  Bitmap Index Scan on k_2  (cost=0.00..5.42 rows=99 width=0)
	        Index Cond: ((k >= 1282474) AND (k <= 1282574))

table 3 : explain SELECT k, c FROM sbtest3 WHERE k BETWEEN 1282474 AND 1282574
	Bitmap Heap Scan on sbtest3  (cost=5.51..420.88 rows=105 width=125)
	  Recheck Cond: ((k >= 1282474) AND (k <= 1282574))
	  ->  Bitmap Index Scan on k_3  (cost=0.00..5.48 rows=105 width=0)
	        Index Cond: ((k >= 1282474) AND (k <= 1282574))

table 4 : explain SELECT k, c FROM sbtest4 WHERE k BETWEEN 1282474 AND 1282574
	Bitmap Heap Scan on sbtest4  (cost=5.40..377.55 rows=94 width=125)
	  Recheck Cond: ((k >= 1282474) AND (k <= 1282574))
	  ->  Bitmap Index Scan on k_4  (cost=0.00..5.38 rows=94 width=0)
	        Index Cond: ((k >= 1282474) AND (k <= 1282574))

table 5 : explain SELECT k, c FROM sbtest5 WHERE k BETWEEN 1282474 AND 1282574
	Bitmap Heap Scan on sbtest5  (cost=5.50..416.94 rows=104 width=125)
	  Recheck Cond: ((k >= 1282474) AND (k <= 1282574))
	  ->  Bitmap Index Scan on k_5  (cost=0.00..5.47 rows=104 width=0)
	        Index Cond: ((k >= 1282474) AND (k <= 1282574))

table 6 : explain SELECT k, c FROM sbtest6 WHERE k BETWEEN 1282474 AND 1282574
	Bitmap Heap Scan on sbtest6  (cost=5.47..405.13 rows=101 width=125)
	  Recheck Cond: ((k >= 1282474) AND (k <= 1282574))
	  ->  Bitmap Index Scan on k_6  (cost=0.00..5.44 rows=101 width=0)
	        Index Cond: ((k >= 1282474) AND (k <= 1282574))

table 7 : explain SELECT k, c FROM sbtest7 WHERE k BETWEEN 1282474 AND 1282574
	Bitmap Heap Scan on sbtest7  (cost=5.53..428.75 rows=107 width=125)
	  Recheck Cond: ((k >= 1282474) AND (k <= 1282574))
	  ->  Bitmap Index Scan on k_7  (cost=0.00..5.50 rows=107 width=0)
	        Index Cond: ((k >= 1282474) AND (k <= 1282574))

table 8 : explain SELECT k, c FROM sbtest8 WHERE k BETWEEN 1282474 AND 1282574
	Bitmap Heap Scan on sbtest8  (cost=5.60..456.29 rows=114 width=125)
	  Recheck Cond: ((k >= 1282474) AND (k <= 1282574))
	  ->  Bitmap Index Scan on k_8  (cost=0.00..5.58 rows=114 width=0)
	        Index Cond: ((k >= 1282474) AND (k <= 1282574))
for range-notcovered
table 1 : explain SELECT k, c FROM sbtest1 WHERE k BETWEEN 7020113 AND 7020213
	Bitmap Heap Scan on sbtest1  (cost=5.53..428.75 rows=107 width=125)
	  Recheck Cond: ((k >= 7020113) AND (k <= 7020213))
	  ->  Bitmap Index Scan on k_1  (cost=0.00..5.50 rows=107 width=0)
	        Index Cond: ((k >= 7020113) AND (k <= 7020213))

table 2 : explain SELECT k, c FROM sbtest2 WHERE k BETWEEN 7020113 AND 7020213
	Bitmap Heap Scan on sbtest2  (cost=5.45..397.25 rows=99 width=125)
	  Recheck Cond: ((k >= 7020113) AND (k <= 7020213))
	  ->  Bitmap Index Scan on k_2  (cost=0.00..5.42 rows=99 width=0)
	        Index Cond: ((k >= 7020113) AND (k <= 7020213))

table 3 : explain SELECT k, c FROM sbtest3 WHERE k BETWEEN 7020113 AND 7020213
	Bitmap Heap Scan on sbtest3  (cost=5.48..409.07 rows=102 width=125)
	  Recheck Cond: ((k >= 7020113) AND (k <= 7020213))
	  ->  Bitmap Index Scan on k_3  (cost=0.00..5.45 rows=102 width=0)
	        Index Cond: ((k >= 7020113) AND (k <= 7020213))

table 4 : explain SELECT k, c FROM sbtest4 WHERE k BETWEEN 7020113 AND 7020213
	Bitmap Heap Scan on sbtest4  (cost=5.43..389.37 rows=97 width=125)
	  Recheck Cond: ((k >= 7020113) AND (k <= 7020213))
	  ->  Bitmap Index Scan on k_4  (cost=0.00..5.40 rows=97 width=0)
	        Index Cond: ((k >= 7020113) AND (k <= 7020213))

table 5 : explain SELECT k, c FROM sbtest5 WHERE k BETWEEN 7020113 AND 7020213
	Bitmap Heap Scan on sbtest5  (cost=5.46..401.19 rows=100 width=125)
	  Recheck Cond: ((k >= 7020113) AND (k <= 7020213))
	  ->  Bitmap Index Scan on k_5  (cost=0.00..5.43 rows=100 width=0)
	        Index Cond: ((k >= 7020113) AND (k <= 7020213))

table 6 : explain SELECT k, c FROM sbtest6 WHERE k BETWEEN 7020113 AND 7020213
	Bitmap Heap Scan on sbtest6  (cost=5.41..381.49 rows=95 width=125)
	  Recheck Cond: ((k >= 7020113) AND (k <= 7020213))
	  ->  Bitmap Index Scan on k_6  (cost=0.00..5.38 rows=95 width=0)
	        Index Cond: ((k >= 7020113) AND (k <= 7020213))

table 7 : explain SELECT k, c FROM sbtest7 WHERE k BETWEEN 7020113 AND 7020213
	Bitmap Heap Scan on sbtest7  (cost=5.48..409.07 rows=102 width=125)
	  Recheck Cond: ((k >= 7020113) AND (k <= 7020213))
	  ->  Bitmap Index Scan on k_7  (cost=0.00..5.45 rows=102 width=0)
	        Index Cond: ((k >= 7020113) AND (k <= 7020213))

table 8 : explain SELECT k, c FROM sbtest8 WHERE k BETWEEN 7020113 AND 7020213
	Bitmap Heap Scan on sbtest8  (cost=5.46..401.19 rows=100 width=125)
	  Recheck Cond: ((k >= 7020113) AND (k <= 7020213))
	  ->  Bitmap Index Scan on k_8  (cost=0.00..5.43 rows=100 width=0)
	        Index Cond: ((k >= 7020113) AND (k <= 7020213))

explain: for range-notcovered :: explain SELECT k, c FROM sbtest%d WHERE k BETWEEN 6414720 AND 6414820
for range-notcovered
table 1 : explain SELECT k, c FROM sbtest1 WHERE k BETWEEN 7065614 AND 7065714
	Bitmap Heap Scan on sbtest1  (cost=5.53..428.75 rows=107 width=125)
	  Recheck Cond: ((k >= 7065614) AND (k <= 7065714))
	  ->  Bitmap Index Scan on k_1  (cost=0.00..5.50 rows=107 width=0)
	        Index Cond: ((k >= 7065614) AND (k <= 7065714))

table 2 : explain SELECT k, c FROM sbtest2 WHERE k BETWEEN 7065614 AND 7065714
	Bitmap Heap Scan on sbtest2  (cost=5.43..389.37 rows=97 width=125)
	  Recheck Cond: ((k >= 7065614) AND (k <= 7065714))
	  ->  Bitmap Index Scan on k_2  (cost=0.00..5.40 rows=97 width=0)
	        Index Cond: ((k >= 7065614) AND (k <= 7065714))

table 3 : explain SELECT k, c FROM sbtest3 WHERE k BETWEEN 7065614 AND 7065714
	Bitmap Heap Scan on sbtest3  (cost=5.48..409.07 rows=102 width=125)
	  Recheck Cond: ((k >= 7065614) AND (k <= 7065714))
	  ->  Bitmap Index Scan on k_3  (cost=0.00..5.45 rows=102 width=0)
	        Index Cond: ((k >= 7065614) AND (k <= 7065714))

table 4 : explain SELECT k, c FROM sbtest4 WHERE k BETWEEN 7065614 AND 7065714
	Bitmap Heap Scan on sbtest4  (cost=5.43..389.37 rows=97 width=125)
	  Recheck Cond: ((k >= 7065614) AND (k <= 7065714))
	  ->  Bitmap Index Scan on k_4  (cost=0.00..5.40 rows=97 width=0)
	        Index Cond: ((k >= 7065614) AND (k <= 7065714))

table 5 : explain SELECT k, c FROM sbtest5 WHERE k BETWEEN 7065614 AND 7065714
	Bitmap Heap Scan on sbtest5  (cost=5.46..401.19 rows=100 width=125)
	  Recheck Cond: ((k >= 7065614) AND (k <= 7065714))
	  ->  Bitmap Index Scan on k_5  (cost=0.00..5.43 rows=100 width=0)
	        Index Cond: ((k >= 7065614) AND (k <= 7065714))

table 6 : explain SELECT k, c FROM sbtest6 WHERE k BETWEEN 7065614 AND 7065714
	Bitmap Heap Scan on sbtest6  (cost=5.41..381.49 rows=95 width=125)
	  Recheck Cond: ((k >= 7065614) AND (k <= 7065714))
	  ->  Bitmap Index Scan on k_6  (cost=0.00..5.38 rows=95 width=0)
	        Index Cond: ((k >= 7065614) AND (k <= 7065714))

table 7 : explain SELECT k, c FROM sbtest7 WHERE k BETWEEN 7065614 AND 7065714
	Bitmap Heap Scan on sbtest7  (cost=5.48..409.07 rows=102 width=125)
	  Recheck Cond: ((k >= 7065614) AND (k <= 7065714))
	  ->  Bitmap Index Scan on k_7  (cost=0.00..5.45 rows=102 width=0)
	        Index Cond: ((k >= 7065614) AND (k <= 7065714))

table 8 : explain SELECT k, c FROM sbtest8 WHERE k BETWEEN 7065614 AND 7065714
	Bitmap Heap Scan on sbtest8  (cost=5.52..424.81 rows=106 width=125)
	  Recheck Cond: ((k >= 7065614) AND (k <= 7065714))
	  ->  Bitmap Index Scan on k_8  (cost=0.00..5.50 rows=106 width=0)
	        Index Cond: ((k >= 7065614) AND (k <= 7065714))

for range-notcovered
table 1 : explain SELECT k, c FROM sbtest1 WHERE k BETWEEN 4493875 AND 4493975
	Bitmap Heap Scan on sbtest1  (cost=5.58..448.42 rows=112 width=125)
	  Recheck Cond: ((k >= 4493875) AND (k <= 4493975))
	  ->  Bitmap Index Scan on k_1  (cost=0.00..5.55 rows=112 width=0)
	        Index Cond: ((k >= 4493875) AND (k <= 4493975))

table 2 : explain SELECT k, c FROM sbtest2 WHERE k BETWEEN 4493875 AND 4493975
	Bitmap Heap Scan on sbtest2  (cost=5.57..444.49 rows=111 width=125)
	  Recheck Cond: ((k >= 4493875) AND (k <= 4493975))
	  ->  Bitmap Index Scan on k_2  (cost=0.00..5.54 rows=111 width=0)
	        Index Cond: ((k >= 4493875) AND (k <= 4493975))

table 3 : explain SELECT k, c FROM sbtest3 WHERE k BETWEEN 4493875 AND 4493975
	Bitmap Heap Scan on sbtest3  (cost=5.46..401.19 rows=100 width=125)
	  Recheck Cond: ((k >= 4493875) AND (k <= 4493975))
	  ->  Bitmap Index Scan on k_3  (cost=0.00..5.43 rows=100 width=0)
	        Index Cond: ((k >= 4493875) AND (k <= 4493975))

table 4 : explain SELECT k, c FROM sbtest4 WHERE k BETWEEN 4493875 AND 4493975
	Bitmap Heap Scan on sbtest4  (cost=5.57..444.49 rows=111 width=125)
	  Recheck Cond: ((k >= 4493875) AND (k <= 4493975))
	  ->  Bitmap Index Scan on k_4  (cost=0.00..5.54 rows=111 width=0)
	        Index Cond: ((k >= 4493875) AND (k <= 4493975))

table 5 : explain SELECT k, c FROM sbtest5 WHERE k BETWEEN 4493875 AND 4493975
	Bitmap Heap Scan on sbtest5  (cost=5.52..424.81 rows=106 width=125)
	  Recheck Cond: ((k >= 4493875) AND (k <= 4493975))
	  ->  Bitmap Index Scan on k_5  (cost=0.00..5.50 rows=106 width=0)
	        Index Cond: ((k >= 4493875) AND (k <= 4493975))

table 6 : explain SELECT k, c FROM sbtest6 WHERE k BETWEEN 4493875 AND 4493975
	Bitmap Heap Scan on sbtest6  (cost=5.46..401.19 rows=100 width=125)
	  Recheck Cond: ((k >= 4493875) AND (k <= 4493975))
	  ->  Bitmap Index Scan on k_6  (cost=0.00..5.43 rows=100 width=0)
	        Index Cond: ((k >= 4493875) AND (k <= 4493975))

table 7 : explain SELECT k, c FROM sbtest7 WHERE k BETWEEN 4493875 AND 4493975
	Bitmap Heap Scan on sbtest7  (cost=5.47..405.13 rows=101 width=125)
	  Recheck Cond: ((k >= 4493875) AND (k <= 4493975))
	  ->  Bitmap Index Scan on k_7  (cost=0.00..5.44 rows=101 width=0)
	        Index Cond: ((k >= 4493875) AND (k <= 4493975))

table 8 : explain SELECT k, c FROM sbtest8 WHERE k BETWEEN 4493875 AND 4493975
	Bitmap Heap Scan on sbtest8  (cost=5.48..409.07 rows=102 width=125)
	  Recheck Cond: ((k >= 4493875) AND (k <= 4493975))
	  ->  Bitmap Index Scan on k_8  (cost=0.00..5.45 rows=102 width=0)
	        Index Cond: ((k >= 4493875) AND (k <= 4493975))


explain: for range-notcovered :: explain SELECT k, c FROM sbtest%d WHERE k BETWEEN 7020113 AND 7020213
explain: for range-notcovered :: explain SELECT k, c FROM sbtest%d WHERE k BETWEEN 1282474 AND 1282574
for range-notcovered
table 1 : explain SELECT k, c FROM sbtest1 WHERE k BETWEEN 3441852 AND 3441952
	Bitmap Heap Scan on sbtest1  (cost=5.46..401.19 rows=100 width=125)
	  Recheck Cond: ((k >= 3441852) AND (k <= 3441952))
	  ->  Bitmap Index Scan on k_1  (cost=0.00..5.43 rows=100 width=0)
	        Index Cond: ((k >= 3441852) AND (k <= 3441952))

table 2 : explain SELECT k, c FROM sbtest2 WHERE k BETWEEN 3441852 AND 3441952
	Bitmap Heap Scan on sbtest2  (cost=5.45..397.25 rows=99 width=125)
	  Recheck Cond: ((k >= 3441852) AND (k <= 3441952))
	  ->  Bitmap Index Scan on k_2  (cost=0.00..5.42 rows=99 width=0)
	        Index Cond: ((k >= 3441852) AND (k <= 3441952))

table 3 : explain SELECT k, c FROM sbtest3 WHERE k BETWEEN 3441852 AND 3441952
	Bitmap Heap Scan on sbtest3  (cost=5.61..460.22 rows=115 width=125)
	  Recheck Cond: ((k >= 3441852) AND (k <= 3441952))
	  ->  Bitmap Index Scan on k_3  (cost=0.00..5.58 rows=115 width=0)
	        Index Cond: ((k >= 3441852) AND (k <= 3441952))

table 4 : explain SELECT k, c FROM sbtest4 WHERE k BETWEEN 3441852 AND 3441952
	Bitmap Heap Scan on sbtest4  (cost=5.56..440.56 rows=110 width=125)
	  Recheck Cond: ((k >= 3441852) AND (k <= 3441952))
	  ->  Bitmap Index Scan on k_4  (cost=0.00..5.53 rows=110 width=0)
	        Index Cond: ((k >= 3441852) AND (k <= 3441952))

table 5 : explain SELECT k, c FROM sbtest5 WHERE k BETWEEN 3441852 AND 3441952
	Bitmap Heap Scan on sbtest5  (cost=5.59..452.36 rows=113 width=125)
	  Recheck Cond: ((k >= 3441852) AND (k <= 3441952))
	  ->  Bitmap Index Scan on k_5  (cost=0.00..5.56 rows=113 width=0)
	        Index Cond: ((k >= 3441852) AND (k <= 3441952))

table 6 : explain SELECT k, c FROM sbtest6 WHERE k BETWEEN 3441852 AND 3441952
	Bitmap Heap Scan on sbtest6  (cost=5.49..413.00 rows=103 width=125)
	  Recheck Cond: ((k >= 3441852) AND (k <= 3441952))
	  ->  Bitmap Index Scan on k_6  (cost=0.00..5.46 rows=103 width=0)
	        Index Cond: ((k >= 3441852) AND (k <= 3441952))

table 7 : explain SELECT k, c FROM sbtest7 WHERE k BETWEEN 3441852 AND 3441952
	Bitmap Heap Scan on sbtest7  (cost=5.51..420.88 rows=105 width=125)
	  Recheck Cond: ((k >= 3441852) AND (k <= 3441952))
	  ->  Bitmap Index Scan on k_7  (cost=0.00..5.48 rows=105 width=0)
	        Index Cond: ((k >= 3441852) AND (k <= 3441952))

table 8 : explain SELECT k, c FROM sbtest8 WHERE k BETWEEN 3441852 AND 3441952
	Bitmap Heap Scan on sbtest8  (cost=5.48..409.07 rows=102 width=125)
	  Recheck Cond: ((k >= 3441852) AND (k <= 3441952))
	  ->  Bitmap Index Scan on k_8  (cost=0.00..5.45 rows=102 width=0)
	        Index Cond: ((k >= 3441852) AND (k <= 3441952))

for range-notcovered
table 1 : explain SELECT k, c FROM sbtest1 WHERE k BETWEEN 2291214 AND 2291314
	Bitmap Heap Scan on sbtest1  (cost=5.45..397.25 rows=99 width=125)
	  Recheck Cond: ((k >= 2291214) AND (k <= 2291314))
	  ->  Bitmap Index Scan on k_1  (cost=0.00..5.42 rows=99 width=0)
	        Index Cond: ((k >= 2291214) AND (k <= 2291314))

table 2 : explain SELECT k, c FROM sbtest2 WHERE k BETWEEN 2291214 AND 2291314
	Bitmap Heap Scan on sbtest2  (cost=5.51..420.88 rows=105 width=125)
	  Recheck Cond: ((k >= 2291214) AND (k <= 2291314))
	  ->  Bitmap Index Scan on k_2  (cost=0.00..5.48 rows=105 width=0)
	        Index Cond: ((k >= 2291214) AND (k <= 2291314))

table 3 : explain SELECT k, c FROM sbtest3 WHERE k BETWEEN 2291214 AND 2291314
	Bitmap Heap Scan on sbtest3  (cost=5.46..401.19 rows=100 width=125)
	  Recheck Cond: ((k >= 2291214) AND (k <= 2291314))
	  ->  Bitmap Index Scan on k_3  (cost=0.00..5.43 rows=100 width=0)
	        Index Cond: ((k >= 2291214) AND (k <= 2291314))

table 4 : explain SELECT k, c FROM sbtest4 WHERE k BETWEEN 2291214 AND 2291314
	Bitmap Heap Scan on sbtest4  (cost=5.51..420.88 rows=105 width=125)
	  Recheck Cond: ((k >= 2291214) AND (k <= 2291314))
	  ->  Bitmap Index Scan on k_4  (cost=0.00..5.48 rows=105 width=0)
	        Index Cond: ((k >= 2291214) AND (k <= 2291314))

table 5 : explain SELECT k, c FROM sbtest5 WHERE k BETWEEN 2291214 AND 2291314
	Bitmap Heap Scan on sbtest5  (cost=5.54..432.69 rows=108 width=125)
	  Recheck Cond: ((k >= 2291214) AND (k <= 2291314))
	  ->  Bitmap Index Scan on k_5  (cost=0.00..5.51 rows=108 width=0)
	        Index Cond: ((k >= 2291214) AND (k <= 2291314))

table 6 : explain SELECT k, c FROM sbtest6 WHERE k BETWEEN 2291214 AND 2291314
	Bitmap Heap Scan on sbtest6  (cost=5.43..389.37 rows=97 width=125)
	  Recheck Cond: ((k >= 2291214) AND (k <= 2291314))
	  ->  Bitmap Index Scan on k_6  (cost=0.00..5.40 rows=97 width=0)
	        Index Cond: ((k >= 2291214) AND (k <= 2291314))

table 7 : explain SELECT k, c FROM sbtest7 WHERE k BETWEEN 2291214 AND 2291314
	Bitmap Heap Scan on sbtest7  (cost=5.39..373.61 rows=93 width=125)
	  Recheck Cond: ((k >= 2291214) AND (k <= 2291314))
	  ->  Bitmap Index Scan on k_7  (cost=0.00..5.36 rows=93 width=0)
	        Index Cond: ((k >= 2291214) AND (k <= 2291314))

table 8 : explain SELECT k, c FROM sbtest8 WHERE k BETWEEN 2291214 AND 2291314
	Bitmap Heap Scan on sbtest8  (cost=5.43..389.37 rows=97 width=125)
	  Recheck Cond: ((k >= 2291214) AND (k <= 2291314))
	  ->  Bitmap Index Scan on k_8  (cost=0.00..5.40 rows=97 width=0)
	        Index Cond: ((k >= 2291214) AND (k <= 2291314))

explain: for range-notcovered :: explain SELECT k, c FROM sbtest%d WHERE k BETWEEN 3441852 AND 3441952
for range-notcovered
table 1 : explain SELECT k, c FROM sbtest1 WHERE k BETWEEN 6753583 AND 6753683
	Bitmap Heap Scan on sbtest1  (cost=5.52..424.81 rows=106 width=125)
	  Recheck Cond: ((k >= 6753583) AND (k <= 6753683))
	  ->  Bitmap Index Scan on k_1  (cost=0.00..5.50 rows=106 width=0)
	        Index Cond: ((k >= 6753583) AND (k <= 6753683))

table 2 : explain SELECT k, c FROM sbtest2 WHERE k BETWEEN 6753583 AND 6753683
	Bitmap Heap Scan on sbtest2  (cost=5.55..436.62 rows=109 width=125)
	  Recheck Cond: ((k >= 6753583) AND (k <= 6753683))
	  ->  Bitmap Index Scan on k_2  (cost=0.00..5.52 rows=109 width=0)
	        Index Cond: ((k >= 6753583) AND (k <= 6753683))

table 3 : explain SELECT k, c FROM sbtest3 WHERE k BETWEEN 6753583 AND 6753683
	Bitmap Heap Scan on sbtest3  (cost=5.46..401.19 rows=100 width=125)
	  Recheck Cond: ((k >= 6753583) AND (k <= 6753683))
	  ->  Bitmap Index Scan on k_3  (cost=0.00..5.43 rows=100 width=0)
	        Index Cond: ((k >= 6753583) AND (k <= 6753683))

table 4 : explain SELECT k, c FROM sbtest4 WHERE k BETWEEN 6753583 AND 6753683
	Bitmap Heap Scan on sbtest4  (cost=5.53..428.75 rows=107 width=125)
	  Recheck Cond: ((k >= 6753583) AND (k <= 6753683))
	  ->  Bitmap Index Scan on k_4  (cost=0.00..5.50 rows=107 width=0)
	        Index Cond: ((k >= 6753583) AND (k <= 6753683))

table 5 : explain SELECT k, c FROM sbtest5 WHERE k BETWEEN 6753583 AND 6753683
	Bitmap Heap Scan on sbtest5  (cost=5.51..420.88 rows=105 width=125)
	  Recheck Cond: ((k >= 6753583) AND (k <= 6753683))
	  ->  Bitmap Index Scan on k_5  (cost=0.00..5.48 rows=105 width=0)
	        Index Cond: ((k >= 6753583) AND (k <= 6753683))

table 6 : explain SELECT k, c FROM sbtest6 WHERE k BETWEEN 6753583 AND 6753683
	Bitmap Heap Scan on sbtest6  (cost=5.42..385.43 rows=96 width=125)
	  Recheck Cond: ((k >= 6753583) AND (k <= 6753683))
	  ->  Bitmap Index Scan on k_6  (cost=0.00..5.39 rows=96 width=0)
	        Index Cond: ((k >= 6753583) AND (k <= 6753683))

table 7 : explain SELECT k, c FROM sbtest7 WHERE k BETWEEN 6753583 AND 6753683
	Bitmap Heap Scan on sbtest7  (cost=5.44..393.31 rows=98 width=125)
	  Recheck Cond: ((k >= 6753583) AND (k <= 6753683))
	  ->  Bitmap Index Scan on k_7  (cost=0.00..5.42 rows=98 width=0)
	        Index Cond: ((k >= 6753583) AND (k <= 6753683))

table 8 : explain SELECT k, c FROM sbtest8 WHERE k BETWEEN 6753583 AND 6753683
	Bitmap Heap Scan on sbtest8  (cost=5.45..397.25 rows=99 width=125)
	  Recheck Cond: ((k >= 6753583) AND (k <= 6753683))
	  ->  Bitmap Index Scan on k_8  (cost=0.00..5.42 rows=99 width=0)
	        Index Cond: ((k >= 6753583) AND (k <= 6753683))

explain: for range-notcovered :: explain SELECT k, c FROM sbtest%d WHERE k BETWEEN 4493875 AND 4493975
explain: for range-notcovered :: explain SELECT k, c FROM sbtest%d WHERE k BETWEEN 2291214 AND 2291314
explain: for range-notcovered :: explain SELECT k, c FROM sbtest%d WHERE k BETWEEN 6753583 AND 6753683
for range-notcovered
table 1 : explain SELECT k, c FROM sbtest1 WHERE k BETWEEN 5059745 AND 5059845
	Bitmap Heap Scan on sbtest1  (cost=5.40..377.55 rows=94 width=125)
	  Recheck Cond: ((k >= 5059745) AND (k <= 5059845))
	  ->  Bitmap Index Scan on k_1  (cost=0.00..5.38 rows=94 width=0)
	        Index Cond: ((k >= 5059745) AND (k <= 5059845))

table 2 : explain SELECT k, c FROM sbtest2 WHERE k BETWEEN 5059745 AND 5059845
	Bitmap Heap Scan on sbtest2  (cost=5.37..365.72 rows=91 width=125)
	  Recheck Cond: ((k >= 5059745) AND (k <= 5059845))
	  ->  Bitmap Index Scan on k_2  (cost=0.00..5.34 rows=91 width=0)
	        Index Cond: ((k >= 5059745) AND (k <= 5059845))

table 3 : explain SELECT k, c FROM sbtest3 WHERE k BETWEEN 5059745 AND 5059845
	Bitmap Heap Scan on sbtest3  (cost=5.56..440.56 rows=110 width=125)
	  Recheck Cond: ((k >= 5059745) AND (k <= 5059845))
	  ->  Bitmap Index Scan on k_3  (cost=0.00..5.53 rows=110 width=0)
	        Index Cond: ((k >= 5059745) AND (k <= 5059845))

table 4 : explain SELECT k, c FROM sbtest4 WHERE k BETWEEN 5059745 AND 5059845
	Bitmap Heap Scan on sbtest4  (cost=5.51..420.88 rows=105 width=125)
	  Recheck Cond: ((k >= 5059745) AND (k <= 5059845))
	  ->  Bitmap Index Scan on k_4  (cost=0.00..5.48 rows=105 width=0)
	        Index Cond: ((k >= 5059745) AND (k <= 5059845))

table 5 : explain SELECT k, c FROM sbtest5 WHERE k BETWEEN 5059745 AND 5059845
	Bitmap Heap Scan on sbtest5  (cost=5.57..444.49 rows=111 width=125)
	  Recheck Cond: ((k >= 5059745) AND (k <= 5059845))
	  ->  Bitmap Index Scan on k_5  (cost=0.00..5.54 rows=111 width=0)
	        Index Cond: ((k >= 5059745) AND (k <= 5059845))

table 6 : explain SELECT k, c FROM sbtest6 WHERE k BETWEEN 5059745 AND 5059845
	Bitmap Heap Scan on sbtest6  (cost=5.48..409.07 rows=102 width=125)
	  Recheck Cond: ((k >= 5059745) AND (k <= 5059845))
	  ->  Bitmap Index Scan on k_6  (cost=0.00..5.45 rows=102 width=0)
	        Index Cond: ((k >= 5059745) AND (k <= 5059845))

table 7 : explain SELECT k, c FROM sbtest7 WHERE k BETWEEN 5059745 AND 5059845
	Bitmap Heap Scan on sbtest7  (cost=5.52..424.81 rows=106 width=125)
	  Recheck Cond: ((k >= 5059745) AND (k <= 5059845))
	  ->  Bitmap Index Scan on k_7  (cost=0.00..5.50 rows=106 width=0)
	        Index Cond: ((k >= 5059745) AND (k <= 5059845))

table 8 : explain SELECT k, c FROM sbtest8 WHERE k BETWEEN 5059745 AND 5059845
	Bitmap Heap Scan on sbtest8  (cost=5.57..444.49 rows=111 width=125)
	  Recheck Cond: ((k >= 5059745) AND (k <= 5059845))
	  ->  Bitmap Index Scan on k_8  (cost=0.00..5.54 rows=111 width=0)
	        Index Cond: ((k >= 5059745) AND (k <= 5059845))

explain: for range-notcovered :: explain SELECT k, c FROM sbtest%d WHERE k BETWEEN 1059049 AND 1059149
explain: for range-notcovered :: explain SELECT k, c FROM sbtest%d WHERE k BETWEEN 5059745 AND 5059845
for range-notcovered
table 1 : explain SELECT k, c FROM sbtest1 WHERE k BETWEEN 6720301 AND 6720401
	Bitmap Heap Scan on sbtest1  (cost=5.52..424.81 rows=106 width=125)
	  Recheck Cond: ((k >= 6720301) AND (k <= 6720401))
	  ->  Bitmap Index Scan on k_1  (cost=0.00..5.50 rows=106 width=0)
	        Index Cond: ((k >= 6720301) AND (k <= 6720401))

table 2 : explain SELECT k, c FROM sbtest2 WHERE k BETWEEN 6720301 AND 6720401
	Bitmap Heap Scan on sbtest2  (cost=5.38..369.67 rows=92 width=125)
	  Recheck Cond: ((k >= 6720301) AND (k <= 6720401))
	  ->  Bitmap Index Scan on k_2  (cost=0.00..5.35 rows=92 width=0)
	        Index Cond: ((k >= 6720301) AND (k <= 6720401))

table 3 : explain SELECT k, c FROM sbtest3 WHERE k BETWEEN 6720301 AND 6720401
	Bitmap Heap Scan on sbtest3  (cost=5.46..401.19 rows=100 width=125)
	  Recheck Cond: ((k >= 6720301) AND (k <= 6720401))
	  ->  Bitmap Index Scan on k_3  (cost=0.00..5.43 rows=100 width=0)
	        Index Cond: ((k >= 6720301) AND (k <= 6720401))

table 4 : explain SELECT k, c FROM sbtest4 WHERE k BETWEEN 6720301 AND 6720401
	Bitmap Heap Scan on sbtest4  (cost=5.53..428.75 rows=107 width=125)
	  Recheck Cond: ((k >= 6720301) AND (k <= 6720401))
	  ->  Bitmap Index Scan on k_4  (cost=0.00..5.50 rows=107 width=0)
	        Index Cond: ((k >= 6720301) AND (k <= 6720401))

table 5 : explain SELECT k, c FROM sbtest5 WHERE k BETWEEN 6720301 AND 6720401
	Bitmap Heap Scan on sbtest5  (cost=5.51..420.88 rows=105 width=125)
	  Recheck Cond: ((k >= 6720301) AND (k <= 6720401))
	  ->  Bitmap Index Scan on k_5  (cost=0.00..5.48 rows=105 width=0)
	        Index Cond: ((k >= 6720301) AND (k <= 6720401))

table 6 : explain SELECT k, c FROM sbtest6 WHERE k BETWEEN 6720301 AND 6720401
	Bitmap Heap Scan on sbtest6  (cost=5.42..385.43 rows=96 width=125)
	  Recheck Cond: ((k >= 6720301) AND (k <= 6720401))
	  ->  Bitmap Index Scan on k_6  (cost=0.00..5.39 rows=96 width=0)
	        Index Cond: ((k >= 6720301) AND (k <= 6720401))

table 7 : explain SELECT k, c FROM sbtest7 WHERE k BETWEEN 6720301 AND 6720401
	Bitmap Heap Scan on sbtest7  (cost=5.44..393.31 rows=98 width=125)
	  Recheck Cond: ((k >= 6720301) AND (k <= 6720401))
	  ->  Bitmap Index Scan on k_7  (cost=0.00..5.42 rows=98 width=0)
	        Index Cond: ((k >= 6720301) AND (k <= 6720401))

table 8 : explain SELECT k, c FROM sbtest8 WHERE k BETWEEN 6720301 AND 6720401
	Bitmap Heap Scan on sbtest8  (cost=5.44..393.31 rows=98 width=125)
	  Recheck Cond: ((k >= 6720301) AND (k <= 6720401))
	  ->  Bitmap Index Scan on k_8  (cost=0.00..5.42 rows=98 width=0)
	        Index Cond: ((k >= 6720301) AND (k <= 6720401))

explain: for range-notcovered :: explain SELECT k, c FROM sbtest%d WHERE k BETWEEN 6720301 AND 6720401
for range-notcovered
table 1 : explain SELECT k, c FROM sbtest1 WHERE k BETWEEN 7020113 AND 7020213
	Bitmap Heap Scan on sbtest1  (cost=5.53..428.75 rows=107 width=125)
	  Recheck Cond: ((k >= 7020113) AND (k <= 7020213))
	  ->  Bitmap Index Scan on k_1  (cost=0.00..5.50 rows=107 width=0)
	        Index Cond: ((k >= 7020113) AND (k <= 7020213))

table 2 : explain SELECT k, c FROM sbtest2 WHERE k BETWEEN 7020113 AND 7020213
	Bitmap Heap Scan on sbtest2  (cost=5.45..397.25 rows=99 width=125)
	  Recheck Cond: ((k >= 7020113) AND (k <= 7020213))
	  ->  Bitmap Index Scan on k_2  (cost=0.00..5.42 rows=99 width=0)
	        Index Cond: ((k >= 7020113) AND (k <= 7020213))

table 3 : explain SELECT k, c FROM sbtest3 WHERE k BETWEEN 7020113 AND 7020213
	Bitmap Heap Scan on sbtest3  (cost=5.48..409.07 rows=102 width=125)
	  Recheck Cond: ((k >= 7020113) AND (k <= 7020213))
	  ->  Bitmap Index Scan on k_3  (cost=0.00..5.45 rows=102 width=0)
	        Index Cond: ((k >= 7020113) AND (k <= 7020213))

table 4 : explain SELECT k, c FROM sbtest4 WHERE k BETWEEN 7020113 AND 7020213
	Bitmap Heap Scan on sbtest4  (cost=5.43..389.37 rows=97 width=125)
	  Recheck Cond: ((k >= 7020113) AND (k <= 7020213))
	  ->  Bitmap Index Scan on k_4  (cost=0.00..5.40 rows=97 width=0)
	        Index Cond: ((k >= 7020113) AND (k <= 7020213))

table 5 : explain SELECT k, c FROM sbtest5 WHERE k BETWEEN 7020113 AND 7020213
	Bitmap Heap Scan on sbtest5  (cost=5.46..401.19 rows=100 width=125)
	  Recheck Cond: ((k >= 7020113) AND (k <= 7020213))
	  ->  Bitmap Index Scan on k_5  (cost=0.00..5.43 rows=100 width=0)
	        Index Cond: ((k >= 7020113) AND (k <= 7020213))

table 6 : explain SELECT k, c FROM sbtest6 WHERE k BETWEEN 7020113 AND 7020213
	Bitmap Heap Scan on sbtest6  (cost=5.41..381.49 rows=95 width=125)
	  Recheck Cond: ((k >= 7020113) AND (k <= 7020213))
	  ->  Bitmap Index Scan on k_6  (cost=0.00..5.38 rows=95 width=0)
	        Index Cond: ((k >= 7020113) AND (k <= 7020213))

table 7 : explain SELECT k, c FROM sbtest7 WHERE k BETWEEN 7020113 AND 7020213
	Bitmap Heap Scan on sbtest7  (cost=5.48..409.07 rows=102 width=125)
	  Recheck Cond: ((k >= 7020113) AND (k <= 7020213))
	  ->  Bitmap Index Scan on k_7  (cost=0.00..5.45 rows=102 width=0)
	        Index Cond: ((k >= 7020113) AND (k <= 7020213))

table 8 : explain SELECT k, c FROM sbtest8 WHERE k BETWEEN 7020113 AND 7020213
	Bitmap Heap Scan on sbtest8  (cost=5.46..401.19 rows=100 width=125)
	  Recheck Cond: ((k >= 7020113) AND (k <= 7020213))
	  ->  Bitmap Index Scan on k_8  (cost=0.00..5.43 rows=100 width=0)
	        Index Cond: ((k >= 7020113) AND (k <= 7020213))
for range-notcovered
table 1 : explain SELECT k, c FROM sbtest1 WHERE k BETWEEN 6414720 AND 6414820
	Bitmap Heap Scan on sbtest1  (cost=5.45..397.25 rows=99 width=125)
	  Recheck Cond: ((k >= 6414720) AND (k <= 6414820))
	  ->  Bitmap Index Scan on k_1  (cost=0.00..5.42 rows=99 width=0)
	        Index Cond: ((k >= 6414720) AND (k <= 6414820))

table 2 : explain SELECT k, c FROM sbtest2 WHERE k BETWEEN 6414720 AND 6414820
	Bitmap Heap Scan on sbtest2  (cost=5.49..413.00 rows=103 width=125)
	  Recheck Cond: ((k >= 6414720) AND (k <= 6414820))
	  ->  Bitmap Index Scan on k_2  (cost=0.00..5.46 rows=103 width=0)
	        Index Cond: ((k >= 6414720) AND (k <= 6414820))

table 3 : explain SELECT k, c FROM sbtest3 WHERE k BETWEEN 6414720 AND 6414820
	Bitmap Heap Scan on sbtest3  (cost=5.55..436.62 rows=109 width=125)
	  Recheck Cond: ((k >= 6414720) AND (k <= 6414820))
	  ->  Bitmap Index Scan on k_3  (cost=0.00..5.52 rows=109 width=0)
	        Index Cond: ((k >= 6414720) AND (k <= 6414820))

table 4 : explain SELECT k, c FROM sbtest4 WHERE k BETWEEN 6414720 AND 6414820
	Bitmap Heap Scan on sbtest4  (cost=5.51..420.88 rows=105 width=125)
	  Recheck Cond: ((k >= 6414720) AND (k <= 6414820))
	  ->  Bitmap Index Scan on k_4  (cost=0.00..5.48 rows=105 width=0)
	        Index Cond: ((k >= 6414720) AND (k <= 6414820))

table 5 : explain SELECT k, c FROM sbtest5 WHERE k BETWEEN 6414720 AND 6414820
	Bitmap Heap Scan on sbtest5  (cost=5.53..428.75 rows=107 width=125)
	  Recheck Cond: ((k >= 6414720) AND (k <= 6414820))
	  ->  Bitmap Index Scan on k_5  (cost=0.00..5.50 rows=107 width=0)
	        Index Cond: ((k >= 6414720) AND (k <= 6414820))

table 6 : explain SELECT k, c FROM sbtest6 WHERE k BETWEEN 6414720 AND 6414820
	Bitmap Heap Scan on sbtest6  (cost=5.44..393.31 rows=98 width=125)
	  Recheck Cond: ((k >= 6414720) AND (k <= 6414820))
	  ->  Bitmap Index Scan on k_6  (cost=0.00..5.42 rows=98 width=0)
	        Index Cond: ((k >= 6414720) AND (k <= 6414820))

table 7 : explain SELECT k, c FROM sbtest7 WHERE k BETWEEN 6414720 AND 6414820
	Bitmap Heap Scan on sbtest7  (cost=5.50..416.94 rows=104 width=125)
	  Recheck Cond: ((k >= 6414720) AND (k <= 6414820))
	  ->  Bitmap Index Scan on k_7  (cost=0.00..5.47 rows=104 width=0)
	        Index Cond: ((k >= 6414720) AND (k <= 6414820))

table 8 : explain SELECT k, c FROM sbtest8 WHERE k BETWEEN 6414720 AND 6414820
	Bitmap Heap Scan on sbtest8  (cost=5.46..401.19 rows=100 width=125)
	  Recheck Cond: ((k >= 6414720) AND (k <= 6414820))
	  ->  Bitmap Index Scan on k_8  (cost=0.00..5.43 rows=100 width=0)
	        Index Cond: ((k >= 6414720) AND (k <= 6414820))


for range-notcovered
table 1 : explain SELECT k, c FROM sbtest1 WHERE k BETWEEN 1282474 AND 1282574
	Bitmap Heap Scan on sbtest1  (cost=5.60..456.29 rows=114 width=125)
	  Recheck Cond: ((k >= 1282474) AND (k <= 1282574))
	  ->  Bitmap Index Scan on k_1  (cost=0.00..5.58 rows=114 width=0)
	        Index Cond: ((k >= 1282474) AND (k <= 1282574))

table 2 : explain SELECT k, c FROM sbtest2 WHERE k BETWEEN 1282474 AND 1282574
	Bitmap Heap Scan on sbtest2  (cost=5.45..397.25 rows=99 width=125)
	  Recheck Cond: ((k >= 1282474) AND (k <= 1282574))
	  ->  Bitmap Index Scan on k_2  (cost=0.00..5.42 rows=99 width=0)
	        Index Cond: ((k >= 1282474) AND (k <= 1282574))

table 3 : explain SELECT k, c FROM sbtest3 WHERE k BETWEEN 1282474 AND 1282574
	Bitmap Heap Scan on sbtest3  (cost=5.51..420.88 rows=105 width=125)
	  Recheck Cond: ((k >= 1282474) AND (k <= 1282574))
	  ->  Bitmap Index Scan on k_3  (cost=0.00..5.48 rows=105 width=0)
	        Index Cond: ((k >= 1282474) AND (k <= 1282574))

table 4 : explain SELECT k, c FROM sbtest4 WHERE k BETWEEN 1282474 AND 1282574
	Bitmap Heap Scan on sbtest4  (cost=5.40..377.55 rows=94 width=125)
	  Recheck Cond: ((k >= 1282474) AND (k <= 1282574))
	  ->  Bitmap Index Scan on k_4  (cost=0.00..5.38 rows=94 width=0)
	        Index Cond: ((k >= 1282474) AND (k <= 1282574))

table 5 : explain SELECT k, c FROM sbtest5 WHERE k BETWEEN 1282474 AND 1282574
	Bitmap Heap Scan on sbtest5  (cost=5.50..416.94 rows=104 width=125)
	  Recheck Cond: ((k >= 1282474) AND (k <= 1282574))
	  ->  Bitmap Index Scan on k_5  (cost=0.00..5.47 rows=104 width=0)
	        Index Cond: ((k >= 1282474) AND (k <= 1282574))

table 6 : explain SELECT k, c FROM sbtest6 WHERE k BETWEEN 1282474 AND 1282574
	Bitmap Heap Scan on sbtest6  (cost=5.47..405.13 rows=101 width=125)
	  Recheck Cond: ((k >= 1282474) AND (k <= 1282574))
	  ->  Bitmap Index Scan on k_6  (cost=0.00..5.44 rows=101 width=0)
	        Index Cond: ((k >= 1282474) AND (k <= 1282574))

table 7 : explain SELECT k, c FROM sbtest7 WHERE k BETWEEN 1282474 AND 1282574
	Bitmap Heap Scan on sbtest7  (cost=5.53..428.75 rows=107 width=125)
	  Recheck Cond: ((k >= 1282474) AND (k <= 1282574))
	  ->  Bitmap Index Scan on k_7  (cost=0.00..5.50 rows=107 width=0)
	        Index Cond: ((k >= 1282474) AND (k <= 1282574))

table 8 : explain SELECT k, c FROM sbtest8 WHERE k BETWEEN 1282474 AND 1282574
	Bitmap Heap Scan on sbtest8  (cost=5.60..456.29 rows=114 width=125)
	  Recheck Cond: ((k >= 1282474) AND (k <= 1282574))
	  ->  Bitmap Index Scan on k_8  (cost=0.00..5.58 rows=114 width=0)
	        Index Cond: ((k >= 1282474) AND (k <= 1282574))

explain: for range-notcovered :: explain SELECT k, c FROM sbtest%d WHERE k BETWEEN 7020113 AND 7020213
explain: for range-notcovered :: explain SELECT k, c FROM sbtest%d WHERE k BETWEEN 6414720 AND 6414820
explain: for range-notcovered :: explain SELECT k, c FROM sbtest%d WHERE k BETWEEN 1282474 AND 1282574
for range-notcovered
table 1 : explain SELECT k, c FROM sbtest1 WHERE k BETWEEN 3441852 AND 3441952
	Bitmap Heap Scan on sbtest1  (cost=5.46..401.19 rows=100 width=125)
	  Recheck Cond: ((k >= 3441852) AND (k <= 3441952))
	  ->  Bitmap Index Scan on k_1  (cost=0.00..5.43 rows=100 width=0)
	        Index Cond: ((k >= 3441852) AND (k <= 3441952))

table 2 : explain SELECT k, c FROM sbtest2 WHERE k BETWEEN 3441852 AND 3441952
	Bitmap Heap Scan on sbtest2  (cost=5.45..397.25 rows=99 width=125)
	  Recheck Cond: ((k >= 3441852) AND (k <= 3441952))
	  ->  Bitmap Index Scan on k_2  (cost=0.00..5.42 rows=99 width=0)
	        Index Cond: ((k >= 3441852) AND (k <= 3441952))

table 3 : explain SELECT k, c FROM sbtest3 WHERE k BETWEEN 3441852 AND 3441952
	Bitmap Heap Scan on sbtest3  (cost=5.61..460.22 rows=115 width=125)
	  Recheck Cond: ((k >= 3441852) AND (k <= 3441952))
	  ->  Bitmap Index Scan on k_3  (cost=0.00..5.58 rows=115 width=0)
	        Index Cond: ((k >= 3441852) AND (k <= 3441952))

table 4 : explain SELECT k, c FROM sbtest4 WHERE k BETWEEN 3441852 AND 3441952
	Bitmap Heap Scan on sbtest4  (cost=5.56..440.56 rows=110 width=125)
	  Recheck Cond: ((k >= 3441852) AND (k <= 3441952))
	  ->  Bitmap Index Scan on k_4  (cost=0.00..5.53 rows=110 width=0)
	        Index Cond: ((k >= 3441852) AND (k <= 3441952))

table 5 : explain SELECT k, c FROM sbtest5 WHERE k BETWEEN 3441852 AND 3441952
	Bitmap Heap Scan on sbtest5  (cost=5.59..452.36 rows=113 width=125)
	  Recheck Cond: ((k >= 3441852) AND (k <= 3441952))
	  ->  Bitmap Index Scan on k_5  (cost=0.00..5.56 rows=113 width=0)
	        Index Cond: ((k >= 3441852) AND (k <= 3441952))

table 6 : explain SELECT k, c FROM sbtest6 WHERE k BETWEEN 3441852 AND 3441952
	Bitmap Heap Scan on sbtest6  (cost=5.49..413.00 rows=103 width=125)
	  Recheck Cond: ((k >= 3441852) AND (k <= 3441952))
	  ->  Bitmap Index Scan on k_6  (cost=0.00..5.46 rows=103 width=0)
	        Index Cond: ((k >= 3441852) AND (k <= 3441952))

table 7 : explain SELECT k, c FROM sbtest7 WHERE k BETWEEN 3441852 AND 3441952
	Bitmap Heap Scan on sbtest7  (cost=5.51..420.88 rows=105 width=125)
	  Recheck Cond: ((k >= 3441852) AND (k <= 3441952))
	  ->  Bitmap Index Scan on k_7  (cost=0.00..5.48 rows=105 width=0)
	        Index Cond: ((k >= 3441852) AND (k <= 3441952))

table 8 : explain SELECT k, c FROM sbtest8 WHERE k BETWEEN 3441852 AND 3441952
	Bitmap Heap Scan on sbtest8  (cost=5.48..409.07 rows=102 width=125)
	  Recheck Cond: ((k >= 3441852) AND (k <= 3441952))
	  ->  Bitmap Index Scan on k_8  (cost=0.00..5.45 rows=102 width=0)
	        Index Cond: ((k >= 3441852) AND (k <= 3441952))

for range-notcovered
table 1 : explain SELECT k, c FROM sbtest1 WHERE k BETWEEN 6753583 AND 6753683
	Bitmap Heap Scan on sbtest1  (cost=5.52..424.81 rows=106 width=125)
	  Recheck Cond: ((k >= 6753583) AND (k <= 6753683))
	  ->  Bitmap Index Scan on k_1  (cost=0.00..5.50 rows=106 width=0)
	        Index Cond: ((k >= 6753583) AND (k <= 6753683))

table 2 : explain SELECT k, c FROM sbtest2 WHERE k BETWEEN 6753583 AND 6753683
	Bitmap Heap Scan on sbtest2  (cost=5.55..436.62 rows=109 width=125)
	  Recheck Cond: ((k >= 6753583) AND (k <= 6753683))
	  ->  Bitmap Index Scan on k_2  (cost=0.00..5.52 rows=109 width=0)
	        Index Cond: ((k >= 6753583) AND (k <= 6753683))

table 3 : explain SELECT k, c FROM sbtest3 WHERE k BETWEEN 6753583 AND 6753683
	Bitmap Heap Scan on sbtest3  (cost=5.46..401.19 rows=100 width=125)
	  Recheck Cond: ((k >= 6753583) AND (k <= 6753683))
	  ->  Bitmap Index Scan on k_3  (cost=0.00..5.43 rows=100 width=0)
	        Index Cond: ((k >= 6753583) AND (k <= 6753683))

table 4 : explain SELECT k, c FROM sbtest4 WHERE k BETWEEN 6753583 AND 6753683
	Bitmap Heap Scan on sbtest4  (cost=5.53..428.75 rows=107 width=125)
	  Recheck Cond: ((k >= 6753583) AND (k <= 6753683))
	  ->  Bitmap Index Scan on k_4  (cost=0.00..5.50 rows=107 width=0)
	        Index Cond: ((k >= 6753583) AND (k <= 6753683))

table 5 : explain SELECT k, c FROM sbtest5 WHERE k BETWEEN 6753583 AND 6753683
	Bitmap Heap Scan on sbtest5  (cost=5.51..420.88 rows=105 width=125)
	  Recheck Cond: ((k >= 6753583) AND (k <= 6753683))
	  ->  Bitmap Index Scan on k_5  (cost=0.00..5.48 rows=105 width=0)
	        Index Cond: ((k >= 6753583) AND (k <= 6753683))

table 6 : explain SELECT k, c FROM sbtest6 WHERE k BETWEEN 6753583 AND 6753683
	Bitmap Heap Scan on sbtest6  (cost=5.42..385.43 rows=96 width=125)
	  Recheck Cond: ((k >= 6753583) AND (k <= 6753683))
	  ->  Bitmap Index Scan on k_6  (cost=0.00..5.39 rows=96 width=0)
	        Index Cond: ((k >= 6753583) AND (k <= 6753683))

table 7 : explain SELECT k, c FROM sbtest7 WHERE k BETWEEN 6753583 AND 6753683
	Bitmap Heap Scan on sbtest7  (cost=5.44..393.31 rows=98 width=125)
	  Recheck Cond: ((k >= 6753583) AND (k <= 6753683))
	  ->  Bitmap Index Scan on k_7  (cost=0.00..5.42 rows=98 width=0)
	        Index Cond: ((k >= 6753583) AND (k <= 6753683))

table 8 : explain SELECT k, c FROM sbtest8 WHERE k BETWEEN 6753583 AND 6753683
	Bitmap Heap Scan on sbtest8  (cost=5.45..397.25 rows=99 width=125)
	  Recheck Cond: ((k >= 6753583) AND (k <= 6753683))
	  ->  Bitmap Index Scan on k_8  (cost=0.00..5.42 rows=99 width=0)
	        Index Cond: ((k >= 6753583) AND (k <= 6753683))

for range-notcovered
table 1 : explain SELECT k, c FROM sbtest1 WHERE k BETWEEN 1059049 AND 1059149
	Bitmap Heap Scan on sbtest1  (cost=5.56..440.56 rows=110 width=125)
	  Recheck Cond: ((k >= 1059049) AND (k <= 1059149))
	  ->  Bitmap Index Scan on k_1  (cost=0.00..5.53 rows=110 width=0)
	        Index Cond: ((k >= 1059049) AND (k <= 1059149))

table 2 : explain SELECT k, c FROM sbtest2 WHERE k BETWEEN 1059049 AND 1059149
	Bitmap Heap Scan on sbtest2  (cost=5.51..420.88 rows=105 width=125)
	  Recheck Cond: ((k >= 1059049) AND (k <= 1059149))
	  ->  Bitmap Index Scan on k_2  (cost=0.00..5.48 rows=105 width=0)
	        Index Cond: ((k >= 1059049) AND (k <= 1059149))

table 3 : explain SELECT k, c FROM sbtest3 WHERE k BETWEEN 1059049 AND 1059149
	Bitmap Heap Scan on sbtest3  (cost=5.49..413.00 rows=103 width=125)
	  Recheck Cond: ((k >= 1059049) AND (k <= 1059149))
	  ->  Bitmap Index Scan on k_3  (cost=0.00..5.46 rows=103 width=0)
	        Index Cond: ((k >= 1059049) AND (k <= 1059149))

table 4 : explain SELECT k, c FROM sbtest4 WHERE k BETWEEN 1059049 AND 1059149
	Bitmap Heap Scan on sbtest4  (cost=5.52..424.81 rows=106 width=125)
	  Recheck Cond: ((k >= 1059049) AND (k <= 1059149))
	  ->  Bitmap Index Scan on k_4  (cost=0.00..5.50 rows=106 width=0)
	        Index Cond: ((k >= 1059049) AND (k <= 1059149))

table 5 : explain SELECT k, c FROM sbtest5 WHERE k BETWEEN 1059049 AND 1059149
	Bitmap Heap Scan on sbtest5  (cost=5.48..409.07 rows=102 width=125)
	  Recheck Cond: ((k >= 1059049) AND (k <= 1059149))
	  ->  Bitmap Index Scan on k_5  (cost=0.00..5.45 rows=102 width=0)
	        Index Cond: ((k >= 1059049) AND (k <= 1059149))

table 6 : explain SELECT k, c FROM sbtest6 WHERE k BETWEEN 1059049 AND 1059149
	Bitmap Heap Scan on sbtest6  (cost=5.47..405.13 rows=101 width=125)
	  Recheck Cond: ((k >= 1059049) AND (k <= 1059149))
	  ->  Bitmap Index Scan on k_6  (cost=0.00..5.44 rows=101 width=0)
	        Index Cond: ((k >= 1059049) AND (k <= 1059149))

table 7 : explain SELECT k, c FROM sbtest7 WHERE k BETWEEN 1059049 AND 1059149
	Bitmap Heap Scan on sbtest7  (cost=5.44..393.31 rows=98 width=125)
	  Recheck Cond: ((k >= 1059049) AND (k <= 1059149))
	  ->  Bitmap Index Scan on k_7  (cost=0.00..5.42 rows=98 width=0)
	        Index Cond: ((k >= 1059049) AND (k <= 1059149))

table 8 : explain SELECT k, c FROM sbtest8 WHERE k BETWEEN 1059049 AND 1059149
	Bitmap Heap Scan on sbtest8  (cost=5.42..385.43 rows=96 width=125)
	  Recheck Cond: ((k >= 1059049) AND (k <= 1059149))
	  ->  Bitmap Index Scan on k_8  (cost=0.00..5.39 rows=96 width=0)
	        Index Cond: ((k >= 1059049) AND (k <= 1059149))

explain: for range-notcovered :: explain SELECT k, c FROM sbtest%d WHERE k BETWEEN 3441852 AND 3441952
for range-notcovered
table 1 : explain SELECT k, c FROM sbtest1 WHERE k BETWEEN 5059745 AND 5059845
	Bitmap Heap Scan on sbtest1  (cost=5.40..377.55 rows=94 width=125)
	  Recheck Cond: ((k >= 5059745) AND (k <= 5059845))
	  ->  Bitmap Index Scan on k_1  (cost=0.00..5.38 rows=94 width=0)
	        Index Cond: ((k >= 5059745) AND (k <= 5059845))

table 2 : explain SELECT k, c FROM sbtest2 WHERE k BETWEEN 5059745 AND 5059845
	Bitmap Heap Scan on sbtest2  (cost=5.37..365.72 rows=91 width=125)
	  Recheck Cond: ((k >= 5059745) AND (k <= 5059845))
	  ->  Bitmap Index Scan on k_2  (cost=0.00..5.34 rows=91 width=0)
	        Index Cond: ((k >= 5059745) AND (k <= 5059845))

table 3 : explain SELECT k, c FROM sbtest3 WHERE k BETWEEN 5059745 AND 5059845
	Bitmap Heap Scan on sbtest3  (cost=5.56..440.56 rows=110 width=125)
	  Recheck Cond: ((k >= 5059745) AND (k <= 5059845))
	  ->  Bitmap Index Scan on k_3  (cost=0.00..5.53 rows=110 width=0)
	        Index Cond: ((k >= 5059745) AND (k <= 5059845))

table 4 : explain SELECT k, c FROM sbtest4 WHERE k BETWEEN 5059745 AND 5059845
	Bitmap Heap Scan on sbtest4  (cost=5.51..420.88 rows=105 width=125)
	  Recheck Cond: ((k >= 5059745) AND (k <= 5059845))
	  ->  Bitmap Index Scan on k_4  (cost=0.00..5.48 rows=105 width=0)
	        Index Cond: ((k >= 5059745) AND (k <= 5059845))

table 5 : explain SELECT k, c FROM sbtest5 WHERE k BETWEEN 5059745 AND 5059845
	Bitmap Heap Scan on sbtest5  (cost=5.57..444.49 rows=111 width=125)
	  Recheck Cond: ((k >= 5059745) AND (k <= 5059845))
	  ->  Bitmap Index Scan on k_5  (cost=0.00..5.54 rows=111 width=0)
	        Index Cond: ((k >= 5059745) AND (k <= 5059845))

table 6 : explain SELECT k, c FROM sbtest6 WHERE k BETWEEN 5059745 AND 5059845
	Bitmap Heap Scan on sbtest6  (cost=5.48..409.07 rows=102 width=125)
	  Recheck Cond: ((k >= 5059745) AND (k <= 5059845))
	  ->  Bitmap Index Scan on k_6  (cost=0.00..5.45 rows=102 width=0)
	        Index Cond: ((k >= 5059745) AND (k <= 5059845))

table 7 : explain SELECT k, c FROM sbtest7 WHERE k BETWEEN 5059745 AND 5059845
	Bitmap Heap Scan on sbtest7  (cost=5.52..424.81 rows=106 width=125)
	  Recheck Cond: ((k >= 5059745) AND (k <= 5059845))
	  ->  Bitmap Index Scan on k_7  (cost=0.00..5.50 rows=106 width=0)
	        Index Cond: ((k >= 5059745) AND (k <= 5059845))

table 8 : explain SELECT k, c FROM sbtest8 WHERE k BETWEEN 5059745 AND 5059845
	Bitmap Heap Scan on sbtest8  (cost=5.57..444.49 rows=111 width=125)
	  Recheck Cond: ((k >= 5059745) AND (k <= 5059845))
	  ->  Bitmap Index Scan on k_8  (cost=0.00..5.54 rows=111 width=0)
	        Index Cond: ((k >= 5059745) AND (k <= 5059845))

explain: for range-notcovered :: explain SELECT k, c FROM sbtest%d WHERE k BETWEEN 6753583 AND 6753683
for range-notcovered
table 1 : explain SELECT k, c FROM sbtest1 WHERE k BETWEEN 6720301 AND 6720401
	Bitmap Heap Scan on sbtest1  (cost=5.52..424.81 rows=106 width=125)
	  Recheck Cond: ((k >= 6720301) AND (k <= 6720401))
	  ->  Bitmap Index Scan on k_1  (cost=0.00..5.50 rows=106 width=0)
	        Index Cond: ((k >= 6720301) AND (k <= 6720401))

table 2 : explain SELECT k, c FROM sbtest2 WHERE k BETWEEN 6720301 AND 6720401
	Bitmap Heap Scan on sbtest2  (cost=5.38..369.67 rows=92 width=125)
	  Recheck Cond: ((k >= 6720301) AND (k <= 6720401))
	  ->  Bitmap Index Scan on k_2  (cost=0.00..5.35 rows=92 width=0)
	        Index Cond: ((k >= 6720301) AND (k <= 6720401))

table 3 : explain SELECT k, c FROM sbtest3 WHERE k BETWEEN 6720301 AND 6720401
	Bitmap Heap Scan on sbtest3  (cost=5.46..401.19 rows=100 width=125)
	  Recheck Cond: ((k >= 6720301) AND (k <= 6720401))
	  ->  Bitmap Index Scan on k_3  (cost=0.00..5.43 rows=100 width=0)
	        Index Cond: ((k >= 6720301) AND (k <= 6720401))

table 4 : explain SELECT k, c FROM sbtest4 WHERE k BETWEEN 6720301 AND 6720401
	Bitmap Heap Scan on sbtest4  (cost=5.53..428.75 rows=107 width=125)
	  Recheck Cond: ((k >= 6720301) AND (k <= 6720401))
	  ->  Bitmap Index Scan on k_4  (cost=0.00..5.50 rows=107 width=0)
	        Index Cond: ((k >= 6720301) AND (k <= 6720401))

table 5 : explain SELECT k, c FROM sbtest5 WHERE k BETWEEN 6720301 AND 6720401
	Bitmap Heap Scan on sbtest5  (cost=5.51..420.88 rows=105 width=125)
	  Recheck Cond: ((k >= 6720301) AND (k <= 6720401))
	  ->  Bitmap Index Scan on k_5  (cost=0.00..5.48 rows=105 width=0)
	        Index Cond: ((k >= 6720301) AND (k <= 6720401))

table 6 : explain SELECT k, c FROM sbtest6 WHERE k BETWEEN 6720301 AND 6720401
	Bitmap Heap Scan on sbtest6  (cost=5.42..385.43 rows=96 width=125)
	  Recheck Cond: ((k >= 6720301) AND (k <= 6720401))
	  ->  Bitmap Index Scan on k_6  (cost=0.00..5.39 rows=96 width=0)
	        Index Cond: ((k >= 6720301) AND (k <= 6720401))

table 7 : explain SELECT k, c FROM sbtest7 WHERE k BETWEEN 6720301 AND 6720401
	Bitmap Heap Scan on sbtest7  (cost=5.44..393.31 rows=98 width=125)
	  Recheck Cond: ((k >= 6720301) AND (k <= 6720401))
	  ->  Bitmap Index Scan on k_7  (cost=0.00..5.42 rows=98 width=0)
	        Index Cond: ((k >= 6720301) AND (k <= 6720401))

table 8 : explain SELECT k, c FROM sbtest8 WHERE k BETWEEN 6720301 AND 6720401
	Bitmap Heap Scan on sbtest8  (cost=5.44..393.31 rows=98 width=125)
	  Recheck Cond: ((k >= 6720301) AND (k <= 6720401))
	  ->  Bitmap Index Scan on k_8  (cost=0.00..5.42 rows=98 width=0)
	        Index Cond: ((k >= 6720301) AND (k <= 6720401))

explain: for range-notcovered :: explain SELECT k, c FROM sbtest%d WHERE k BETWEEN 1059049 AND 1059149
explain: for range-notcovered :: explain SELECT k, c FROM sbtest%d WHERE k BETWEEN 6720301 AND 6720401
for range-notcovered
table 1 : explain SELECT k, c FROM sbtest1 WHERE k BETWEEN 1282474 AND 1282574
	Bitmap Heap Scan on sbtest1  (cost=5.60..456.29 rows=114 width=125)
	  Recheck Cond: ((k >= 1282474) AND (k <= 1282574))
	  ->  Bitmap Index Scan on k_1  (cost=0.00..5.58 rows=114 width=0)
	        Index Cond: ((k >= 1282474) AND (k <= 1282574))

table 2 : explain SELECT k, c FROM sbtest2 WHERE k BETWEEN 1282474 AND 1282574
	Bitmap Heap Scan on sbtest2  (cost=5.45..397.25 rows=99 width=125)
	  Recheck Cond: ((k >= 1282474) AND (k <= 1282574))
	  ->  Bitmap Index Scan on k_2  (cost=0.00..5.42 rows=99 width=0)
	        Index Cond: ((k >= 1282474) AND (k <= 1282574))

table 3 : explain SELECT k, c FROM sbtest3 WHERE k BETWEEN 1282474 AND 1282574
	Bitmap Heap Scan on sbtest3  (cost=5.51..420.88 rows=105 width=125)
	  Recheck Cond: ((k >= 1282474) AND (k <= 1282574))
	  ->  Bitmap Index Scan on k_3  (cost=0.00..5.48 rows=105 width=0)
	        Index Cond: ((k >= 1282474) AND (k <= 1282574))

table 4 : explain SELECT k, c FROM sbtest4 WHERE k BETWEEN 1282474 AND 1282574
	Bitmap Heap Scan on sbtest4  (cost=5.40..377.55 rows=94 width=125)
	  Recheck Cond: ((k >= 1282474) AND (k <= 1282574))
	  ->  Bitmap Index Scan on k_4  (cost=0.00..5.38 rows=94 width=0)
	        Index Cond: ((k >= 1282474) AND (k <= 1282574))

table 5 : explain SELECT k, c FROM sbtest5 WHERE k BETWEEN 1282474 AND 1282574
	Bitmap Heap Scan on sbtest5  (cost=5.50..416.94 rows=104 width=125)
	  Recheck Cond: ((k >= 1282474) AND (k <= 1282574))
	  ->  Bitmap Index Scan on k_5  (cost=0.00..5.47 rows=104 width=0)
	        Index Cond: ((k >= 1282474) AND (k <= 1282574))

table 6 : explain SELECT k, c FROM sbtest6 WHERE k BETWEEN 1282474 AND 1282574
	Bitmap Heap Scan on sbtest6  (cost=5.47..405.13 rows=101 width=125)
	  Recheck Cond: ((k >= 1282474) AND (k <= 1282574))
	  ->  Bitmap Index Scan on k_6  (cost=0.00..5.44 rows=101 width=0)
	        Index Cond: ((k >= 1282474) AND (k <= 1282574))

table 7 : explain SELECT k, c FROM sbtest7 WHERE k BETWEEN 1282474 AND 1282574
	Bitmap Heap Scan on sbtest7  (cost=5.53..428.75 rows=107 width=125)
	  Recheck Cond: ((k >= 1282474) AND (k <= 1282574))
	  ->  Bitmap Index Scan on k_7  (cost=0.00..5.50 rows=107 width=0)
	        Index Cond: ((k >= 1282474) AND (k <= 1282574))

table 8 : explain SELECT k, c FROM sbtest8 WHERE k BETWEEN 1282474 AND 1282574
	Bitmap Heap Scan on sbtest8  (cost=5.60..456.29 rows=114 width=125)
	  Recheck Cond: ((k >= 1282474) AND (k <= 1282574))
	  ->  Bitmap Index Scan on k_8  (cost=0.00..5.58 rows=114 width=0)
	        Index Cond: ((k >= 1282474) AND (k <= 1282574))
for range-notcovered
table 1 : explain SELECT k, c FROM sbtest1 WHERE k BETWEEN 6414720 AND 6414820
	Bitmap Heap Scan on sbtest1  (cost=5.45..397.25 rows=99 width=125)
	  Recheck Cond: ((k >= 6414720) AND (k <= 6414820))
	  ->  Bitmap Index Scan on k_1  (cost=0.00..5.42 rows=99 width=0)
	        Index Cond: ((k >= 6414720) AND (k <= 6414820))

table 2 : explain SELECT k, c FROM sbtest2 WHERE k BETWEEN 6414720 AND 6414820
	Bitmap Heap Scan on sbtest2  (cost=5.49..413.00 rows=103 width=125)
	  Recheck Cond: ((k >= 6414720) AND (k <= 6414820))
	  ->  Bitmap Index Scan on k_2  (cost=0.00..5.46 rows=103 width=0)
	        Index Cond: ((k >= 6414720) AND (k <= 6414820))

table 3 : explain SELECT k, c FROM sbtest3 WHERE k BETWEEN 6414720 AND 6414820
	Bitmap Heap Scan on sbtest3  (cost=5.55..436.62 rows=109 width=125)
	  Recheck Cond: ((k >= 6414720) AND (k <= 6414820))
	  ->  Bitmap Index Scan on k_3  (cost=0.00..5.52 rows=109 width=0)
	        Index Cond: ((k >= 6414720) AND (k <= 6414820))

table 4 : explain SELECT k, c FROM sbtest4 WHERE k BETWEEN 6414720 AND 6414820
	Bitmap Heap Scan on sbtest4  (cost=5.51..420.88 rows=105 width=125)
	  Recheck Cond: ((k >= 6414720) AND (k <= 6414820))
	  ->  Bitmap Index Scan on k_4  (cost=0.00..5.48 rows=105 width=0)
	        Index Cond: ((k >= 6414720) AND (k <= 6414820))

table 5 : explain SELECT k, c FROM sbtest5 WHERE k BETWEEN 6414720 AND 6414820
	Bitmap Heap Scan on sbtest5  (cost=5.53..428.75 rows=107 width=125)
	  Recheck Cond: ((k >= 6414720) AND (k <= 6414820))
	  ->  Bitmap Index Scan on k_5  (cost=0.00..5.50 rows=107 width=0)
	        Index Cond: ((k >= 6414720) AND (k <= 6414820))

table 6 : explain SELECT k, c FROM sbtest6 WHERE k BETWEEN 6414720 AND 6414820
	Bitmap Heap Scan on sbtest6  (cost=5.44..393.31 rows=98 width=125)
	  Recheck Cond: ((k >= 6414720) AND (k <= 6414820))
	  ->  Bitmap Index Scan on k_6  (cost=0.00..5.42 rows=98 width=0)
	        Index Cond: ((k >= 6414720) AND (k <= 6414820))

table 7 : explain SELECT k, c FROM sbtest7 WHERE k BETWEEN 6414720 AND 6414820
	Bitmap Heap Scan on sbtest7  (cost=5.50..416.94 rows=104 width=125)
	  Recheck Cond: ((k >= 6414720) AND (k <= 6414820))
	  ->  Bitmap Index Scan on k_7  (cost=0.00..5.47 rows=104 width=0)
	        Index Cond: ((k >= 6414720) AND (k <= 6414820))

table 8 : explain SELECT k, c FROM sbtest8 WHERE k BETWEEN 6414720 AND 6414820
	Bitmap Heap Scan on sbtest8  (cost=5.46..401.19 rows=100 width=125)
	  Recheck Cond: ((k >= 6414720) AND (k <= 6414820))
	  ->  Bitmap Index Scan on k_8  (cost=0.00..5.43 rows=100 width=0)
	        Index Cond: ((k >= 6414720) AND (k <= 6414820))


for range-notcovered
table 1 : explain SELECT k, c FROM sbtest1 WHERE k BETWEEN 7020113 AND 7020213
	Bitmap Heap Scan on sbtest1  (cost=5.53..428.75 rows=107 width=125)
	  Recheck Cond: ((k >= 7020113) AND (k <= 7020213))
	  ->  Bitmap Index Scan on k_1  (cost=0.00..5.50 rows=107 width=0)
	        Index Cond: ((k >= 7020113) AND (k <= 7020213))

table 2 : explain SELECT k, c FROM sbtest2 WHERE k BETWEEN 7020113 AND 7020213
	Bitmap Heap Scan on sbtest2  (cost=5.45..397.25 rows=99 width=125)
	  Recheck Cond: ((k >= 7020113) AND (k <= 7020213))
	  ->  Bitmap Index Scan on k_2  (cost=0.00..5.42 rows=99 width=0)
	        Index Cond: ((k >= 7020113) AND (k <= 7020213))

table 3 : explain SELECT k, c FROM sbtest3 WHERE k BETWEEN 7020113 AND 7020213
	Bitmap Heap Scan on sbtest3  (cost=5.48..409.07 rows=102 width=125)
	  Recheck Cond: ((k >= 7020113) AND (k <= 7020213))
	  ->  Bitmap Index Scan on k_3  (cost=0.00..5.45 rows=102 width=0)
	        Index Cond: ((k >= 7020113) AND (k <= 7020213))

table 4 : explain SELECT k, c FROM sbtest4 WHERE k BETWEEN 7020113 AND 7020213
	Bitmap Heap Scan on sbtest4  (cost=5.43..389.37 rows=97 width=125)
	  Recheck Cond: ((k >= 7020113) AND (k <= 7020213))
	  ->  Bitmap Index Scan on k_4  (cost=0.00..5.40 rows=97 width=0)
	        Index Cond: ((k >= 7020113) AND (k <= 7020213))

table 5 : explain SELECT k, c FROM sbtest5 WHERE k BETWEEN 7020113 AND 7020213
	Bitmap Heap Scan on sbtest5  (cost=5.46..401.19 rows=100 width=125)
	  Recheck Cond: ((k >= 7020113) AND (k <= 7020213))
	  ->  Bitmap Index Scan on k_5  (cost=0.00..5.43 rows=100 width=0)
	        Index Cond: ((k >= 7020113) AND (k <= 7020213))

table 6 : explain SELECT k, c FROM sbtest6 WHERE k BETWEEN 7020113 AND 7020213
	Bitmap Heap Scan on sbtest6  (cost=5.41..381.49 rows=95 width=125)
	  Recheck Cond: ((k >= 7020113) AND (k <= 7020213))
	  ->  Bitmap Index Scan on k_6  (cost=0.00..5.38 rows=95 width=0)
	        Index Cond: ((k >= 7020113) AND (k <= 7020213))

table 7 : explain SELECT k, c FROM sbtest7 WHERE k BETWEEN 7020113 AND 7020213
	Bitmap Heap Scan on sbtest7  (cost=5.48..409.07 rows=102 width=125)
	  Recheck Cond: ((k >= 7020113) AND (k <= 7020213))
	  ->  Bitmap Index Scan on k_7  (cost=0.00..5.45 rows=102 width=0)
	        Index Cond: ((k >= 7020113) AND (k <= 7020213))

table 8 : explain SELECT k, c FROM sbtest8 WHERE k BETWEEN 7020113 AND 7020213
	Bitmap Heap Scan on sbtest8  (cost=5.46..401.19 rows=100 width=125)
	  Recheck Cond: ((k >= 7020113) AND (k <= 7020213))
	  ->  Bitmap Index Scan on k_8  (cost=0.00..5.43 rows=100 width=0)
	        Index Cond: ((k >= 7020113) AND (k <= 7020213))

for range-notcovered
table 1 : explain SELECT k, c FROM sbtest1 WHERE k BETWEEN 3092567 AND 3092667
	Bitmap Heap Scan on sbtest1  (cost=5.52..424.81 rows=106 width=125)
	  Recheck Cond: ((k >= 3092567) AND (k <= 3092667))
	  ->  Bitmap Index Scan on k_1  (cost=0.00..5.50 rows=106 width=0)
	        Index Cond: ((k >= 3092567) AND (k <= 3092667))

table 2 : explain SELECT k, c FROM sbtest2 WHERE k BETWEEN 3092567 AND 3092667
	Bitmap Heap Scan on sbtest2  (cost=5.42..385.43 rows=96 width=125)
	  Recheck Cond: ((k >= 3092567) AND (k <= 3092667))
	  ->  Bitmap Index Scan on k_2  (cost=0.00..5.39 rows=96 width=0)
	        Index Cond: ((k >= 3092567) AND (k <= 3092667))

table 3 : explain SELECT k, c FROM sbtest3 WHERE k BETWEEN 3092567 AND 3092667
	Bitmap Heap Scan on sbtest3  (cost=5.35..357.84 rows=89 width=125)
	  Recheck Cond: ((k >= 3092567) AND (k <= 3092667))
	  ->  Bitmap Index Scan on k_3  (cost=0.00..5.32 rows=89 width=0)
	        Index Cond: ((k >= 3092567) AND (k <= 3092667))

table 4 : explain SELECT k, c FROM sbtest4 WHERE k BETWEEN 3092567 AND 3092667
	Bitmap Heap Scan on sbtest4  (cost=5.51..420.88 rows=105 width=125)
	  Recheck Cond: ((k >= 3092567) AND (k <= 3092667))
	  ->  Bitmap Index Scan on k_4  (cost=0.00..5.48 rows=105 width=0)
	        Index Cond: ((k >= 3092567) AND (k <= 3092667))

table 5 : explain SELECT k, c FROM sbtest5 WHERE k BETWEEN 3092567 AND 3092667
	Bitmap Heap Scan on sbtest5  (cost=5.49..413.00 rows=103 width=125)
	  Recheck Cond: ((k >= 3092567) AND (k <= 3092667))
	  ->  Bitmap Index Scan on k_5  (cost=0.00..5.46 rows=103 width=0)
	        Index Cond: ((k >= 3092567) AND (k <= 3092667))

table 6 : explain SELECT k, c FROM sbtest6 WHERE k BETWEEN 3092567 AND 3092667
	Bitmap Heap Scan on sbtest6  (cost=5.50..416.94 rows=104 width=125)
	  Recheck Cond: ((k >= 3092567) AND (k <= 3092667))
	  ->  Bitmap Index Scan on k_6  (cost=0.00..5.47 rows=104 width=0)
	        Index Cond: ((k >= 3092567) AND (k <= 3092667))

table 7 : explain SELECT k, c FROM sbtest7 WHERE k BETWEEN 3092567 AND 3092667
	Bitmap Heap Scan on sbtest7  (cost=5.50..416.94 rows=104 width=125)
	  Recheck Cond: ((k >= 3092567) AND (k <= 3092667))
	  ->  Bitmap Index Scan on k_7  (cost=0.00..5.47 rows=104 width=0)
	        Index Cond: ((k >= 3092567) AND (k <= 3092667))

table 8 : explain SELECT k, c FROM sbtest8 WHERE k BETWEEN 3092567 AND 3092667
	Bitmap Heap Scan on sbtest8  (cost=5.43..389.37 rows=97 width=125)
	  Recheck Cond: ((k >= 3092567) AND (k <= 3092667))
	  ->  Bitmap Index Scan on k_8  (cost=0.00..5.40 rows=97 width=0)
	        Index Cond: ((k >= 3092567) AND (k <= 3092667))

explain: for range-notcovered :: explain SELECT k, c FROM sbtest%d WHERE k BETWEEN 6414720 AND 6414820
explain: for range-notcovered :: explain SELECT k, c FROM sbtest%d WHERE k BETWEEN 1282474 AND 1282574
for range-notcovered
table 1 : explain SELECT k, c FROM sbtest1 WHERE k BETWEEN 3441852 AND 3441952
	Bitmap Heap Scan on sbtest1  (cost=5.46..401.19 rows=100 width=125)
	  Recheck Cond: ((k >= 3441852) AND (k <= 3441952))
	  ->  Bitmap Index Scan on k_1  (cost=0.00..5.43 rows=100 width=0)
	        Index Cond: ((k >= 3441852) AND (k <= 3441952))

table 2 : explain SELECT k, c FROM sbtest2 WHERE k BETWEEN 3441852 AND 3441952
	Bitmap Heap Scan on sbtest2  (cost=5.45..397.25 rows=99 width=125)
	  Recheck Cond: ((k >= 3441852) AND (k <= 3441952))
	  ->  Bitmap Index Scan on k_2  (cost=0.00..5.42 rows=99 width=0)
	        Index Cond: ((k >= 3441852) AND (k <= 3441952))

table 3 : explain SELECT k, c FROM sbtest3 WHERE k BETWEEN 3441852 AND 3441952
	Bitmap Heap Scan on sbtest3  (cost=5.61..460.22 rows=115 width=125)
	  Recheck Cond: ((k >= 3441852) AND (k <= 3441952))
	  ->  Bitmap Index Scan on k_3  (cost=0.00..5.58 rows=115 width=0)
	        Index Cond: ((k >= 3441852) AND (k <= 3441952))

table 4 : explain SELECT k, c FROM sbtest4 WHERE k BETWEEN 3441852 AND 3441952
	Bitmap Heap Scan on sbtest4  (cost=5.56..440.56 rows=110 width=125)
	  Recheck Cond: ((k >= 3441852) AND (k <= 3441952))
	  ->  Bitmap Index Scan on k_4  (cost=0.00..5.53 rows=110 width=0)
	        Index Cond: ((k >= 3441852) AND (k <= 3441952))

table 5 : explain SELECT k, c FROM sbtest5 WHERE k BETWEEN 3441852 AND 3441952
	Bitmap Heap Scan on sbtest5  (cost=5.59..452.36 rows=113 width=125)
	  Recheck Cond: ((k >= 3441852) AND (k <= 3441952))
	  ->  Bitmap Index Scan on k_5  (cost=0.00..5.56 rows=113 width=0)
	        Index Cond: ((k >= 3441852) AND (k <= 3441952))

table 6 : explain SELECT k, c FROM sbtest6 WHERE k BETWEEN 3441852 AND 3441952
	Bitmap Heap Scan on sbtest6  (cost=5.49..413.00 rows=103 width=125)
	  Recheck Cond: ((k >= 3441852) AND (k <= 3441952))
	  ->  Bitmap Index Scan on k_6  (cost=0.00..5.46 rows=103 width=0)
	        Index Cond: ((k >= 3441852) AND (k <= 3441952))

table 7 : explain SELECT k, c FROM sbtest7 WHERE k BETWEEN 3441852 AND 3441952
	Bitmap Heap Scan on sbtest7  (cost=5.51..420.88 rows=105 width=125)
	  Recheck Cond: ((k >= 3441852) AND (k <= 3441952))
	  ->  Bitmap Index Scan on k_7  (cost=0.00..5.48 rows=105 width=0)
	        Index Cond: ((k >= 3441852) AND (k <= 3441952))

table 8 : explain SELECT k, c FROM sbtest8 WHERE k BETWEEN 3441852 AND 3441952
	Bitmap Heap Scan on sbtest8  (cost=5.48..409.07 rows=102 width=125)
	  Recheck Cond: ((k >= 3441852) AND (k <= 3441952))
	  ->  Bitmap Index Scan on k_8  (cost=0.00..5.45 rows=102 width=0)
	        Index Cond: ((k >= 3441852) AND (k <= 3441952))

for range-notcovered
table 1 : explain SELECT k, c FROM sbtest1 WHERE k BETWEEN 6753583 AND 6753683
	Bitmap Heap Scan on sbtest1  (cost=5.52..424.81 rows=106 width=125)
	  Recheck Cond: ((k >= 6753583) AND (k <= 6753683))
	  ->  Bitmap Index Scan on k_1  (cost=0.00..5.50 rows=106 width=0)
	        Index Cond: ((k >= 6753583) AND (k <= 6753683))

table 2 : explain SELECT k, c FROM sbtest2 WHERE k BETWEEN 6753583 AND 6753683
	Bitmap Heap Scan on sbtest2  (cost=5.55..436.62 rows=109 width=125)
	  Recheck Cond: ((k >= 6753583) AND (k <= 6753683))
	  ->  Bitmap Index Scan on k_2  (cost=0.00..5.52 rows=109 width=0)
	        Index Cond: ((k >= 6753583) AND (k <= 6753683))

table 3 : explain SELECT k, c FROM sbtest3 WHERE k BETWEEN 6753583 AND 6753683
	Bitmap Heap Scan on sbtest3  (cost=5.46..401.19 rows=100 width=125)
	  Recheck Cond: ((k >= 6753583) AND (k <= 6753683))
	  ->  Bitmap Index Scan on k_3  (cost=0.00..5.43 rows=100 width=0)
	        Index Cond: ((k >= 6753583) AND (k <= 6753683))

table 4 : explain SELECT k, c FROM sbtest4 WHERE k BETWEEN 6753583 AND 6753683
	Bitmap Heap Scan on sbtest4  (cost=5.53..428.75 rows=107 width=125)
	  Recheck Cond: ((k >= 6753583) AND (k <= 6753683))
	  ->  Bitmap Index Scan on k_4  (cost=0.00..5.50 rows=107 width=0)
	        Index Cond: ((k >= 6753583) AND (k <= 6753683))

table 5 : explain SELECT k, c FROM sbtest5 WHERE k BETWEEN 6753583 AND 6753683
	Bitmap Heap Scan on sbtest5  (cost=5.51..420.88 rows=105 width=125)
	  Recheck Cond: ((k >= 6753583) AND (k <= 6753683))
	  ->  Bitmap Index Scan on k_5  (cost=0.00..5.48 rows=105 width=0)
	        Index Cond: ((k >= 6753583) AND (k <= 6753683))

table 6 : explain SELECT k, c FROM sbtest6 WHERE k BETWEEN 6753583 AND 6753683
	Bitmap Heap Scan on sbtest6  (cost=5.42..385.43 rows=96 width=125)
	  Recheck Cond: ((k >= 6753583) AND (k <= 6753683))
	  ->  Bitmap Index Scan on k_6  (cost=0.00..5.39 rows=96 width=0)
	        Index Cond: ((k >= 6753583) AND (k <= 6753683))

table 7 : explain SELECT k, c FROM sbtest7 WHERE k BETWEEN 6753583 AND 6753683
	Bitmap Heap Scan on sbtest7  (cost=5.44..393.31 rows=98 width=125)
	  Recheck Cond: ((k >= 6753583) AND (k <= 6753683))
	  ->  Bitmap Index Scan on k_7  (cost=0.00..5.42 rows=98 width=0)
	        Index Cond: ((k >= 6753583) AND (k <= 6753683))

table 8 : explain SELECT k, c FROM sbtest8 WHERE k BETWEEN 6753583 AND 6753683
	Bitmap Heap Scan on sbtest8  (cost=5.45..397.25 rows=99 width=125)
	  Recheck Cond: ((k >= 6753583) AND (k <= 6753683))
	  ->  Bitmap Index Scan on k_8  (cost=0.00..5.42 rows=99 width=0)
	        Index Cond: ((k >= 6753583) AND (k <= 6753683))

explain: for range-notcovered :: explain SELECT k, c FROM sbtest%d WHERE k BETWEEN 3441852 AND 3441952
for range-notcovered
table 1 : explain SELECT k, c FROM sbtest1 WHERE k BETWEEN 4493875 AND 4493975
	Bitmap Heap Scan on sbtest1  (cost=5.58..448.42 rows=112 width=125)
	  Recheck Cond: ((k >= 4493875) AND (k <= 4493975))
	  ->  Bitmap Index Scan on k_1  (cost=0.00..5.55 rows=112 width=0)
	        Index Cond: ((k >= 4493875) AND (k <= 4493975))

table 2 : explain SELECT k, c FROM sbtest2 WHERE k BETWEEN 4493875 AND 4493975
	Bitmap Heap Scan on sbtest2  (cost=5.57..444.49 rows=111 width=125)
	  Recheck Cond: ((k >= 4493875) AND (k <= 4493975))
	  ->  Bitmap Index Scan on k_2  (cost=0.00..5.54 rows=111 width=0)
	        Index Cond: ((k >= 4493875) AND (k <= 4493975))

table 3 : explain SELECT k, c FROM sbtest3 WHERE k BETWEEN 4493875 AND 4493975
	Bitmap Heap Scan on sbtest3  (cost=5.46..401.19 rows=100 width=125)
	  Recheck Cond: ((k >= 4493875) AND (k <= 4493975))
	  ->  Bitmap Index Scan on k_3  (cost=0.00..5.43 rows=100 width=0)
	        Index Cond: ((k >= 4493875) AND (k <= 4493975))

table 4 : explain SELECT k, c FROM sbtest4 WHERE k BETWEEN 4493875 AND 4493975
	Bitmap Heap Scan on sbtest4  (cost=5.57..444.49 rows=111 width=125)
	  Recheck Cond: ((k >= 4493875) AND (k <= 4493975))
	  ->  Bitmap Index Scan on k_4  (cost=0.00..5.54 rows=111 width=0)
	        Index Cond: ((k >= 4493875) AND (k <= 4493975))

table 5 : explain SELECT k, c FROM sbtest5 WHERE k BETWEEN 4493875 AND 4493975
	Bitmap Heap Scan on sbtest5  (cost=5.52..424.81 rows=106 width=125)
	  Recheck Cond: ((k >= 4493875) AND (k <= 4493975))
	  ->  Bitmap Index Scan on k_5  (cost=0.00..5.50 rows=106 width=0)
	        Index Cond: ((k >= 4493875) AND (k <= 4493975))

table 6 : explain SELECT k, c FROM sbtest6 WHERE k BETWEEN 4493875 AND 4493975
	Bitmap Heap Scan on sbtest6  (cost=5.46..401.19 rows=100 width=125)
	  Recheck Cond: ((k >= 4493875) AND (k <= 4493975))
	  ->  Bitmap Index Scan on k_6  (cost=0.00..5.43 rows=100 width=0)
	        Index Cond: ((k >= 4493875) AND (k <= 4493975))

table 7 : explain SELECT k, c FROM sbtest7 WHERE k BETWEEN 4493875 AND 4493975
	Bitmap Heap Scan on sbtest7  (cost=5.47..405.13 rows=101 width=125)
	  Recheck Cond: ((k >= 4493875) AND (k <= 4493975))
	  ->  Bitmap Index Scan on k_7  (cost=0.00..5.44 rows=101 width=0)
	        Index Cond: ((k >= 4493875) AND (k <= 4493975))

table 8 : explain SELECT k, c FROM sbtest8 WHERE k BETWEEN 4493875 AND 4493975
	Bitmap Heap Scan on sbtest8  (cost=5.48..409.07 rows=102 width=125)
	  Recheck Cond: ((k >= 4493875) AND (k <= 4493975))
	  ->  Bitmap Index Scan on k_8  (cost=0.00..5.45 rows=102 width=0)
	        Index Cond: ((k >= 4493875) AND (k <= 4493975))

explain: for range-notcovered :: explain SELECT k, c FROM sbtest%d WHERE k BETWEEN 6753583 AND 6753683
for range-notcovered
table 1 : explain SELECT k, c FROM sbtest1 WHERE k BETWEEN 1059049 AND 1059149
	Bitmap Heap Scan on sbtest1  (cost=5.56..440.56 rows=110 width=125)
	  Recheck Cond: ((k >= 1059049) AND (k <= 1059149))
	  ->  Bitmap Index Scan on k_1  (cost=0.00..5.53 rows=110 width=0)
	        Index Cond: ((k >= 1059049) AND (k <= 1059149))

table 2 : explain SELECT k, c FROM sbtest2 WHERE k BETWEEN 1059049 AND 1059149
	Bitmap Heap Scan on sbtest2  (cost=5.51..420.88 rows=105 width=125)
	  Recheck Cond: ((k >= 1059049) AND (k <= 1059149))
	  ->  Bitmap Index Scan on k_2  (cost=0.00..5.48 rows=105 width=0)
	        Index Cond: ((k >= 1059049) AND (k <= 1059149))

table 3 : explain SELECT k, c FROM sbtest3 WHERE k BETWEEN 1059049 AND 1059149
	Bitmap Heap Scan on sbtest3  (cost=5.49..413.00 rows=103 width=125)
	  Recheck Cond: ((k >= 1059049) AND (k <= 1059149))
	  ->  Bitmap Index Scan on k_3  (cost=0.00..5.46 rows=103 width=0)
	        Index Cond: ((k >= 1059049) AND (k <= 1059149))

table 4 : explain SELECT k, c FROM sbtest4 WHERE k BETWEEN 1059049 AND 1059149
	Bitmap Heap Scan on sbtest4  (cost=5.52..424.81 rows=106 width=125)
	  Recheck Cond: ((k >= 1059049) AND (k <= 1059149))
	  ->  Bitmap Index Scan on k_4  (cost=0.00..5.50 rows=106 width=0)
	        Index Cond: ((k >= 1059049) AND (k <= 1059149))

table 5 : explain SELECT k, c FROM sbtest5 WHERE k BETWEEN 1059049 AND 1059149
	Bitmap Heap Scan on sbtest5  (cost=5.48..409.07 rows=102 width=125)
	  Recheck Cond: ((k >= 1059049) AND (k <= 1059149))
	  ->  Bitmap Index Scan on k_5  (cost=0.00..5.45 rows=102 width=0)
	        Index Cond: ((k >= 1059049) AND (k <= 1059149))

table 6 : explain SELECT k, c FROM sbtest6 WHERE k BETWEEN 1059049 AND 1059149
	Bitmap Heap Scan on sbtest6  (cost=5.47..405.13 rows=101 width=125)
	  Recheck Cond: ((k >= 1059049) AND (k <= 1059149))
	  ->  Bitmap Index Scan on k_6  (cost=0.00..5.44 rows=101 width=0)
	        Index Cond: ((k >= 1059049) AND (k <= 1059149))

table 7 : explain SELECT k, c FROM sbtest7 WHERE k BETWEEN 1059049 AND 1059149
	Bitmap Heap Scan on sbtest7  (cost=5.44..393.31 rows=98 width=125)
	  Recheck Cond: ((k >= 1059049) AND (k <= 1059149))
	  ->  Bitmap Index Scan on k_7  (cost=0.00..5.42 rows=98 width=0)
	        Index Cond: ((k >= 1059049) AND (k <= 1059149))

table 8 : explain SELECT k, c FROM sbtest8 WHERE k BETWEEN 1059049 AND 1059149
	Bitmap Heap Scan on sbtest8  (cost=5.42..385.43 rows=96 width=125)
	  Recheck Cond: ((k >= 1059049) AND (k <= 1059149))
	  ->  Bitmap Index Scan on k_8  (cost=0.00..5.39 rows=96 width=0)
	        Index Cond: ((k >= 1059049) AND (k <= 1059149))

explain: for range-notcovered :: explain SELECT k, c FROM sbtest%d WHERE k BETWEEN 4493875 AND 4493975
for range-notcovered
table 1 : explain SELECT k, c FROM sbtest1 WHERE k BETWEEN 6720301 AND 6720401
	Bitmap Heap Scan on sbtest1  (cost=5.52..424.81 rows=106 width=125)
	  Recheck Cond: ((k >= 6720301) AND (k <= 6720401))
	  ->  Bitmap Index Scan on k_1  (cost=0.00..5.50 rows=106 width=0)
	        Index Cond: ((k >= 6720301) AND (k <= 6720401))

table 2 : explain SELECT k, c FROM sbtest2 WHERE k BETWEEN 6720301 AND 6720401
	Bitmap Heap Scan on sbtest2  (cost=5.38..369.67 rows=92 width=125)
	  Recheck Cond: ((k >= 6720301) AND (k <= 6720401))
	  ->  Bitmap Index Scan on k_2  (cost=0.00..5.35 rows=92 width=0)
	        Index Cond: ((k >= 6720301) AND (k <= 6720401))

table 3 : explain SELECT k, c FROM sbtest3 WHERE k BETWEEN 6720301 AND 6720401
	Bitmap Heap Scan on sbtest3  (cost=5.46..401.19 rows=100 width=125)
	  Recheck Cond: ((k >= 6720301) AND (k <= 6720401))
	  ->  Bitmap Index Scan on k_3  (cost=0.00..5.43 rows=100 width=0)
	        Index Cond: ((k >= 6720301) AND (k <= 6720401))

table 4 : explain SELECT k, c FROM sbtest4 WHERE k BETWEEN 6720301 AND 6720401
	Bitmap Heap Scan on sbtest4  (cost=5.53..428.75 rows=107 width=125)
	  Recheck Cond: ((k >= 6720301) AND (k <= 6720401))
	  ->  Bitmap Index Scan on k_4  (cost=0.00..5.50 rows=107 width=0)
	        Index Cond: ((k >= 6720301) AND (k <= 6720401))

table 5 : explain SELECT k, c FROM sbtest5 WHERE k BETWEEN 6720301 AND 6720401
	Bitmap Heap Scan on sbtest5  (cost=5.51..420.88 rows=105 width=125)
	  Recheck Cond: ((k >= 6720301) AND (k <= 6720401))
	  ->  Bitmap Index Scan on k_5  (cost=0.00..5.48 rows=105 width=0)
	        Index Cond: ((k >= 6720301) AND (k <= 6720401))

table 6 : explain SELECT k, c FROM sbtest6 WHERE k BETWEEN 6720301 AND 6720401
	Bitmap Heap Scan on sbtest6  (cost=5.42..385.43 rows=96 width=125)
	  Recheck Cond: ((k >= 6720301) AND (k <= 6720401))
	  ->  Bitmap Index Scan on k_6  (cost=0.00..5.39 rows=96 width=0)
	        Index Cond: ((k >= 6720301) AND (k <= 6720401))

table 7 : explain SELECT k, c FROM sbtest7 WHERE k BETWEEN 6720301 AND 6720401
	Bitmap Heap Scan on sbtest7  (cost=5.44..393.31 rows=98 width=125)
	  Recheck Cond: ((k >= 6720301) AND (k <= 6720401))
	  ->  Bitmap Index Scan on k_7  (cost=0.00..5.42 rows=98 width=0)
	        Index Cond: ((k >= 6720301) AND (k <= 6720401))

table 8 : explain SELECT k, c FROM sbtest8 WHERE k BETWEEN 6720301 AND 6720401
	Bitmap Heap Scan on sbtest8  (cost=5.44..393.31 rows=98 width=125)
	  Recheck Cond: ((k >= 6720301) AND (k <= 6720401))
	  ->  Bitmap Index Scan on k_8  (cost=0.00..5.42 rows=98 width=0)
	        Index Cond: ((k >= 6720301) AND (k <= 6720401))

explain: for range-notcovered :: explain SELECT k, c FROM sbtest%d WHERE k BETWEEN 1059049 AND 1059149
explain: for range-notcovered :: explain SELECT k, c FROM sbtest%d WHERE k BETWEEN 6720301 AND 6720401
for range-notcovered
table 1 : explain SELECT k, c FROM sbtest1 WHERE k BETWEEN 6414720 AND 6414820
	Bitmap Heap Scan on sbtest1  (cost=5.45..397.25 rows=99 width=125)
	  Recheck Cond: ((k >= 6414720) AND (k <= 6414820))
	  ->  Bitmap Index Scan on k_1  (cost=0.00..5.42 rows=99 width=0)
	        Index Cond: ((k >= 6414720) AND (k <= 6414820))

table 2 : explain SELECT k, c FROM sbtest2 WHERE k BETWEEN 6414720 AND 6414820
	Bitmap Heap Scan on sbtest2  (cost=5.49..413.00 rows=103 width=125)
	  Recheck Cond: ((k >= 6414720) AND (k <= 6414820))
	  ->  Bitmap Index Scan on k_2  (cost=0.00..5.46 rows=103 width=0)
	        Index Cond: ((k >= 6414720) AND (k <= 6414820))

table 3 : explain SELECT k, c FROM sbtest3 WHERE k BETWEEN 6414720 AND 6414820
	Bitmap Heap Scan on sbtest3  (cost=5.55..436.62 rows=109 width=125)
	  Recheck Cond: ((k >= 6414720) AND (k <= 6414820))
	  ->  Bitmap Index Scan on k_3  (cost=0.00..5.52 rows=109 width=0)
	        Index Cond: ((k >= 6414720) AND (k <= 6414820))

table 4 : explain SELECT k, c FROM sbtest4 WHERE k BETWEEN 6414720 AND 6414820
	Bitmap Heap Scan on sbtest4  (cost=5.51..420.88 rows=105 width=125)
	  Recheck Cond: ((k >= 6414720) AND (k <= 6414820))
	  ->  Bitmap Index Scan on k_4  (cost=0.00..5.48 rows=105 width=0)
	        Index Cond: ((k >= 6414720) AND (k <= 6414820))

table 5 : explain SELECT k, c FROM sbtest5 WHERE k BETWEEN 6414720 AND 6414820
	Bitmap Heap Scan on sbtest5  (cost=5.53..428.75 rows=107 width=125)
	  Recheck Cond: ((k >= 6414720) AND (k <= 6414820))
	  ->  Bitmap Index Scan on k_5  (cost=0.00..5.50 rows=107 width=0)
	        Index Cond: ((k >= 6414720) AND (k <= 6414820))

table 6 : explain SELECT k, c FROM sbtest6 WHERE k BETWEEN 6414720 AND 6414820
	Bitmap Heap Scan on sbtest6  (cost=5.44..393.31 rows=98 width=125)
	  Recheck Cond: ((k >= 6414720) AND (k <= 6414820))
	  ->  Bitmap Index Scan on k_6  (cost=0.00..5.42 rows=98 width=0)
	        Index Cond: ((k >= 6414720) AND (k <= 6414820))

table 7 : explain SELECT k, c FROM sbtest7 WHERE k BETWEEN 6414720 AND 6414820
	Bitmap Heap Scan on sbtest7  (cost=5.50..416.94 rows=104 width=125)
	  Recheck Cond: ((k >= 6414720) AND (k <= 6414820))
	  ->  Bitmap Index Scan on k_7  (cost=0.00..5.47 rows=104 width=0)
	        Index Cond: ((k >= 6414720) AND (k <= 6414820))

table 8 : explain SELECT k, c FROM sbtest8 WHERE k BETWEEN 6414720 AND 6414820
	Bitmap Heap Scan on sbtest8  (cost=5.46..401.19 rows=100 width=125)
	  Recheck Cond: ((k >= 6414720) AND (k <= 6414820))
	  ->  Bitmap Index Scan on k_8  (cost=0.00..5.43 rows=100 width=0)
	        Index Cond: ((k >= 6414720) AND (k <= 6414820))

for range-notcovered
table 1 : explain SELECT k, c FROM sbtest1 WHERE k BETWEEN 1282474 AND 1282574
	Bitmap Heap Scan on sbtest1  (cost=5.60..456.29 rows=114 width=125)
	  Recheck Cond: ((k >= 1282474) AND (k <= 1282574))
	  ->  Bitmap Index Scan on k_1  (cost=0.00..5.58 rows=114 width=0)
	        Index Cond: ((k >= 1282474) AND (k <= 1282574))

table 2 : explain SELECT k, c FROM sbtest2 WHERE k BETWEEN 1282474 AND 1282574
	Bitmap Heap Scan on sbtest2  (cost=5.45..397.25 rows=99 width=125)
	  Recheck Cond: ((k >= 1282474) AND (k <= 1282574))
	  ->  Bitmap Index Scan on k_2  (cost=0.00..5.42 rows=99 width=0)
	        Index Cond: ((k >= 1282474) AND (k <= 1282574))

table 3 : explain SELECT k, c FROM sbtest3 WHERE k BETWEEN 1282474 AND 1282574
	Bitmap Heap Scan on sbtest3  (cost=5.51..420.88 rows=105 width=125)
	  Recheck Cond: ((k >= 1282474) AND (k <= 1282574))
	  ->  Bitmap Index Scan on k_3  (cost=0.00..5.48 rows=105 width=0)
	        Index Cond: ((k >= 1282474) AND (k <= 1282574))

table 4 : explain SELECT k, c FROM sbtest4 WHERE k BETWEEN 1282474 AND 1282574
	Bitmap Heap Scan on sbtest4  (cost=5.40..377.55 rows=94 width=125)
	  Recheck Cond: ((k >= 1282474) AND (k <= 1282574))
	  ->  Bitmap Index Scan on k_4  (cost=0.00..5.38 rows=94 width=0)
	        Index Cond: ((k >= 1282474) AND (k <= 1282574))

table 5 : explain SELECT k, c FROM sbtest5 WHERE k BETWEEN 1282474 AND 1282574
	Bitmap Heap Scan on sbtest5  (cost=5.50..416.94 rows=104 width=125)
	  Recheck Cond: ((k >= 1282474) AND (k <= 1282574))
	  ->  Bitmap Index Scan on k_5  (cost=0.00..5.47 rows=104 width=0)
	        Index Cond: ((k >= 1282474) AND (k <= 1282574))

table 6 : explain SELECT k, c FROM sbtest6 WHERE k BETWEEN 1282474 AND 1282574
	Bitmap Heap Scan on sbtest6  (cost=5.47..405.13 rows=101 width=125)
	  Recheck Cond: ((k >= 1282474) AND (k <= 1282574))
	  ->  Bitmap Index Scan on k_6  (cost=0.00..5.44 rows=101 width=0)
	        Index Cond: ((k >= 1282474) AND (k <= 1282574))

table 7 : explain SELECT k, c FROM sbtest7 WHERE k BETWEEN 1282474 AND 1282574
	Bitmap Heap Scan on sbtest7  (cost=5.53..428.75 rows=107 width=125)
	  Recheck Cond: ((k >= 1282474) AND (k <= 1282574))
	  ->  Bitmap Index Scan on k_7  (cost=0.00..5.50 rows=107 width=0)
	        Index Cond: ((k >= 1282474) AND (k <= 1282574))

table 8 : explain SELECT k, c FROM sbtest8 WHERE k BETWEEN 1282474 AND 1282574
	Bitmap Heap Scan on sbtest8  (cost=5.60..456.29 rows=114 width=125)
	  Recheck Cond: ((k >= 1282474) AND (k <= 1282574))
	  ->  Bitmap Index Scan on k_8  (cost=0.00..5.58 rows=114 width=0)
	        Index Cond: ((k >= 1282474) AND (k <= 1282574))

for range-notcovered
table 1 : explain SELECT k, c FROM sbtest1 WHERE k BETWEEN 8050544 AND 8050644
	Bitmap Heap Scan on sbtest1  (cost=5.49..413.00 rows=103 width=125)
	  Recheck Cond: ((k >= 8050544) AND (k <= 8050644))
	  ->  Bitmap Index Scan on k_1  (cost=0.00..5.46 rows=103 width=0)
	        Index Cond: ((k >= 8050544) AND (k <= 8050644))

table 2 : explain SELECT k, c FROM sbtest2 WHERE k BETWEEN 8050544 AND 8050644
	Bitmap Heap Scan on sbtest2  (cost=5.56..440.56 rows=110 width=125)
	  Recheck Cond: ((k >= 8050544) AND (k <= 8050644))
	  ->  Bitmap Index Scan on k_2  (cost=0.00..5.53 rows=110 width=0)
	        Index Cond: ((k >= 8050544) AND (k <= 8050644))

table 3 : explain SELECT k, c FROM sbtest3 WHERE k BETWEEN 8050544 AND 8050644
	Bitmap Heap Scan on sbtest3  (cost=5.51..420.88 rows=105 width=125)
	  Recheck Cond: ((k >= 8050544) AND (k <= 8050644))
	  ->  Bitmap Index Scan on k_3  (cost=0.00..5.48 rows=105 width=0)
	        Index Cond: ((k >= 8050544) AND (k <= 8050644))

table 4 : explain SELECT k, c FROM sbtest4 WHERE k BETWEEN 8050544 AND 8050644
	Bitmap Heap Scan on sbtest4  (cost=5.39..373.61 rows=93 width=125)
	  Recheck Cond: ((k >= 8050544) AND (k <= 8050644))
	  ->  Bitmap Index Scan on k_4  (cost=0.00..5.36 rows=93 width=0)
	        Index Cond: ((k >= 8050544) AND (k <= 8050644))

table 5 : explain SELECT k, c FROM sbtest5 WHERE k BETWEEN 8050544 AND 8050644
	Bitmap Heap Scan on sbtest5  (cost=5.49..413.00 rows=103 width=125)
	  Recheck Cond: ((k >= 8050544) AND (k <= 8050644))
	  ->  Bitmap Index Scan on k_5  (cost=0.00..5.46 rows=103 width=0)
	        Index Cond: ((k >= 8050544) AND (k <= 8050644))

table 6 : explain SELECT k, c FROM sbtest6 WHERE k BETWEEN 8050544 AND 8050644
	Bitmap Heap Scan on sbtest6  (cost=5.45..397.25 rows=99 width=125)
	  Recheck Cond: ((k >= 8050544) AND (k <= 8050644))
	  ->  Bitmap Index Scan on k_6  (cost=0.00..5.42 rows=99 width=0)
	        Index Cond: ((k >= 8050544) AND (k <= 8050644))

table 7 : explain SELECT k, c FROM sbtest7 WHERE k BETWEEN 8050544 AND 8050644
	Bitmap Heap Scan on sbtest7  (cost=5.40..377.55 rows=94 width=125)
	  Recheck Cond: ((k >= 8050544) AND (k <= 8050644))
	  ->  Bitmap Index Scan on k_7  (cost=0.00..5.38 rows=94 width=0)
	        Index Cond: ((k >= 8050544) AND (k <= 8050644))

table 8 : explain SELECT k, c FROM sbtest8 WHERE k BETWEEN 8050544 AND 8050644
	Bitmap Heap Scan on sbtest8  (cost=5.45..397.25 rows=99 width=125)
	  Recheck Cond: ((k >= 8050544) AND (k <= 8050644))
	  ->  Bitmap Index Scan on k_8  (cost=0.00..5.42 rows=99 width=0)
	        Index Cond: ((k >= 8050544) AND (k <= 8050644))

explain: for range-notcovered :: explain SELECT k, c FROM sbtest%d WHERE k BETWEEN 2505796 AND 2505896
explain: for range-notcovered :: explain SELECT k, c FROM sbtest%d WHERE k BETWEEN 8050544 AND 8050644
for range-notcovered
table 1 : explain SELECT k, c FROM sbtest1 WHERE k BETWEEN 3441852 AND 3441952
	Bitmap Heap Scan on sbtest1  (cost=5.46..401.19 rows=100 width=125)
	  Recheck Cond: ((k >= 3441852) AND (k <= 3441952))
	  ->  Bitmap Index Scan on k_1  (cost=0.00..5.43 rows=100 width=0)
	        Index Cond: ((k >= 3441852) AND (k <= 3441952))

table 2 : explain SELECT k, c FROM sbtest2 WHERE k BETWEEN 3441852 AND 3441952
	Bitmap Heap Scan on sbtest2  (cost=5.45..397.25 rows=99 width=125)
	  Recheck Cond: ((k >= 3441852) AND (k <= 3441952))
	  ->  Bitmap Index Scan on k_2  (cost=0.00..5.42 rows=99 width=0)
	        Index Cond: ((k >= 3441852) AND (k <= 3441952))

table 3 : explain SELECT k, c FROM sbtest3 WHERE k BETWEEN 3441852 AND 3441952
	Bitmap Heap Scan on sbtest3  (cost=5.61..460.22 rows=115 width=125)
	  Recheck Cond: ((k >= 3441852) AND (k <= 3441952))
	  ->  Bitmap Index Scan on k_3  (cost=0.00..5.58 rows=115 width=0)
	        Index Cond: ((k >= 3441852) AND (k <= 3441952))

table 4 : explain SELECT k, c FROM sbtest4 WHERE k BETWEEN 3441852 AND 3441952
	Bitmap Heap Scan on sbtest4  (cost=5.56..440.56 rows=110 width=125)
	  Recheck Cond: ((k >= 3441852) AND (k <= 3441952))
	  ->  Bitmap Index Scan on k_4  (cost=0.00..5.53 rows=110 width=0)
	        Index Cond: ((k >= 3441852) AND (k <= 3441952))

table 5 : explain SELECT k, c FROM sbtest5 WHERE k BETWEEN 3441852 AND 3441952
	Bitmap Heap Scan on sbtest5  (cost=5.59..452.36 rows=113 width=125)
	  Recheck Cond: ((k >= 3441852) AND (k <= 3441952))
	  ->  Bitmap Index Scan on k_5  (cost=0.00..5.56 rows=113 width=0)
	        Index Cond: ((k >= 3441852) AND (k <= 3441952))

table 6 : explain SELECT k, c FROM sbtest6 WHERE k BETWEEN 3441852 AND 3441952
	Bitmap Heap Scan on sbtest6  (cost=5.49..413.00 rows=103 width=125)
	  Recheck Cond: ((k >= 3441852) AND (k <= 3441952))
	  ->  Bitmap Index Scan on k_6  (cost=0.00..5.46 rows=103 width=0)
	        Index Cond: ((k >= 3441852) AND (k <= 3441952))

table 7 : explain SELECT k, c FROM sbtest7 WHERE k BETWEEN 3441852 AND 3441952
	Bitmap Heap Scan on sbtest7  (cost=5.51..420.88 rows=105 width=125)
	  Recheck Cond: ((k >= 3441852) AND (k <= 3441952))
	  ->  Bitmap Index Scan on k_7  (cost=0.00..5.48 rows=105 width=0)
	        Index Cond: ((k >= 3441852) AND (k <= 3441952))

table 8 : explain SELECT k, c FROM sbtest8 WHERE k BETWEEN 3441852 AND 3441952
	Bitmap Heap Scan on sbtest8  (cost=5.48..409.07 rows=102 width=125)
	  Recheck Cond: ((k >= 3441852) AND (k <= 3441952))
	  ->  Bitmap Index Scan on k_8  (cost=0.00..5.45 rows=102 width=0)
	        Index Cond: ((k >= 3441852) AND (k <= 3441952))

for range-notcovered
table 1 : explain SELECT k, c FROM sbtest1 WHERE k BETWEEN 6753583 AND 6753683
	Bitmap Heap Scan on sbtest1  (cost=5.52..424.81 rows=106 width=125)
	  Recheck Cond: ((k >= 6753583) AND (k <= 6753683))
	  ->  Bitmap Index Scan on k_1  (cost=0.00..5.50 rows=106 width=0)
	        Index Cond: ((k >= 6753583) AND (k <= 6753683))

table 2 : explain SELECT k, c FROM sbtest2 WHERE k BETWEEN 6753583 AND 6753683
	Bitmap Heap Scan on sbtest2  (cost=5.55..436.62 rows=109 width=125)
	  Recheck Cond: ((k >= 6753583) AND (k <= 6753683))
	  ->  Bitmap Index Scan on k_2  (cost=0.00..5.52 rows=109 width=0)
	        Index Cond: ((k >= 6753583) AND (k <= 6753683))

table 3 : explain SELECT k, c FROM sbtest3 WHERE k BETWEEN 6753583 AND 6753683
	Bitmap Heap Scan on sbtest3  (cost=5.46..401.19 rows=100 width=125)
	  Recheck Cond: ((k >= 6753583) AND (k <= 6753683))
	  ->  Bitmap Index Scan on k_3  (cost=0.00..5.43 rows=100 width=0)
	        Index Cond: ((k >= 6753583) AND (k <= 6753683))

table 4 : explain SELECT k, c FROM sbtest4 WHERE k BETWEEN 6753583 AND 6753683
	Bitmap Heap Scan on sbtest4  (cost=5.53..428.75 rows=107 width=125)
	  Recheck Cond: ((k >= 6753583) AND (k <= 6753683))
	  ->  Bitmap Index Scan on k_4  (cost=0.00..5.50 rows=107 width=0)
	        Index Cond: ((k >= 6753583) AND (k <= 6753683))

table 5 : explain SELECT k, c FROM sbtest5 WHERE k BETWEEN 6753583 AND 6753683
	Bitmap Heap Scan on sbtest5  (cost=5.51..420.88 rows=105 width=125)
	  Recheck Cond: ((k >= 6753583) AND (k <= 6753683))
	  ->  Bitmap Index Scan on k_5  (cost=0.00..5.48 rows=105 width=0)
	        Index Cond: ((k >= 6753583) AND (k <= 6753683))

table 6 : explain SELECT k, c FROM sbtest6 WHERE k BETWEEN 6753583 AND 6753683
	Bitmap Heap Scan on sbtest6  (cost=5.42..385.43 rows=96 width=125)
	  Recheck Cond: ((k >= 6753583) AND (k <= 6753683))
	  ->  Bitmap Index Scan on k_6  (cost=0.00..5.39 rows=96 width=0)
	        Index Cond: ((k >= 6753583) AND (k <= 6753683))

table 7 : explain SELECT k, c FROM sbtest7 WHERE k BETWEEN 6753583 AND 6753683
	Bitmap Heap Scan on sbtest7  (cost=5.44..393.31 rows=98 width=125)
	  Recheck Cond: ((k >= 6753583) AND (k <= 6753683))
	  ->  Bitmap Index Scan on k_7  (cost=0.00..5.42 rows=98 width=0)
	        Index Cond: ((k >= 6753583) AND (k <= 6753683))

table 8 : explain SELECT k, c FROM sbtest8 WHERE k BETWEEN 6753583 AND 6753683
	Bitmap Heap Scan on sbtest8  (cost=5.45..397.25 rows=99 width=125)
	  Recheck Cond: ((k >= 6753583) AND (k <= 6753683))
	  ->  Bitmap Index Scan on k_8  (cost=0.00..5.42 rows=99 width=0)
	        Index Cond: ((k >= 6753583) AND (k <= 6753683))

for range-notcovered
table 1 : explain SELECT k, c FROM sbtest1 WHERE k BETWEEN 4493875 AND 4493975
	Bitmap Heap Scan on sbtest1  (cost=5.58..448.42 rows=112 width=125)
	  Recheck Cond: ((k >= 4493875) AND (k <= 4493975))
	  ->  Bitmap Index Scan on k_1  (cost=0.00..5.55 rows=112 width=0)
	        Index Cond: ((k >= 4493875) AND (k <= 4493975))

table 2 : explain SELECT k, c FROM sbtest2 WHERE k BETWEEN 4493875 AND 4493975
	Bitmap Heap Scan on sbtest2  (cost=5.57..444.49 rows=111 width=125)
	  Recheck Cond: ((k >= 4493875) AND (k <= 4493975))
	  ->  Bitmap Index Scan on k_2  (cost=0.00..5.54 rows=111 width=0)
	        Index Cond: ((k >= 4493875) AND (k <= 4493975))

table 3 : explain SELECT k, c FROM sbtest3 WHERE k BETWEEN 4493875 AND 4493975
	Bitmap Heap Scan on sbtest3  (cost=5.46..401.19 rows=100 width=125)
	  Recheck Cond: ((k >= 4493875) AND (k <= 4493975))
	  ->  Bitmap Index Scan on k_3  (cost=0.00..5.43 rows=100 width=0)
	        Index Cond: ((k >= 4493875) AND (k <= 4493975))

table 4 : explain SELECT k, c FROM sbtest4 WHERE k BETWEEN 4493875 AND 4493975
	Bitmap Heap Scan on sbtest4  (cost=5.57..444.49 rows=111 width=125)
	  Recheck Cond: ((k >= 4493875) AND (k <= 4493975))
	  ->  Bitmap Index Scan on k_4  (cost=0.00..5.54 rows=111 width=0)
	        Index Cond: ((k >= 4493875) AND (k <= 4493975))

table 5 : explain SELECT k, c FROM sbtest5 WHERE k BETWEEN 4493875 AND 4493975
	Bitmap Heap Scan on sbtest5  (cost=5.52..424.81 rows=106 width=125)
	  Recheck Cond: ((k >= 4493875) AND (k <= 4493975))
	  ->  Bitmap Index Scan on k_5  (cost=0.00..5.50 rows=106 width=0)
	        Index Cond: ((k >= 4493875) AND (k <= 4493975))

table 6 : explain SELECT k, c FROM sbtest6 WHERE k BETWEEN 4493875 AND 4493975
	Bitmap Heap Scan on sbtest6  (cost=5.46..401.19 rows=100 width=125)
	  Recheck Cond: ((k >= 4493875) AND (k <= 4493975))
	  ->  Bitmap Index Scan on k_6  (cost=0.00..5.43 rows=100 width=0)
	        Index Cond: ((k >= 4493875) AND (k <= 4493975))

table 7 : explain SELECT k, c FROM sbtest7 WHERE k BETWEEN 4493875 AND 4493975
	Bitmap Heap Scan on sbtest7  (cost=5.47..405.13 rows=101 width=125)
	  Recheck Cond: ((k >= 4493875) AND (k <= 4493975))
	  ->  Bitmap Index Scan on k_7  (cost=0.00..5.44 rows=101 width=0)
	        Index Cond: ((k >= 4493875) AND (k <= 4493975))

table 8 : explain SELECT k, c FROM sbtest8 WHERE k BETWEEN 4493875 AND 4493975
	Bitmap Heap Scan on sbtest8  (cost=5.48..409.07 rows=102 width=125)
	  Recheck Cond: ((k >= 4493875) AND (k <= 4493975))
	  ->  Bitmap Index Scan on k_8  (cost=0.00..5.45 rows=102 width=0)
	        Index Cond: ((k >= 4493875) AND (k <= 4493975))

explain: for range-notcovered :: explain SELECT k, c FROM sbtest%d WHERE k BETWEEN 6753583 AND 6753683
explain: for range-notcovered :: explain SELECT k, c FROM sbtest%d WHERE k BETWEEN 3441852 AND 3441952
for range-notcovered
table 1 : explain SELECT k, c FROM sbtest1 WHERE k BETWEEN 1059049 AND 1059149
	Bitmap Heap Scan on sbtest1  (cost=5.56..440.56 rows=110 width=125)
	  Recheck Cond: ((k >= 1059049) AND (k <= 1059149))
	  ->  Bitmap Index Scan on k_1  (cost=0.00..5.53 rows=110 width=0)
	        Index Cond: ((k >= 1059049) AND (k <= 1059149))

table 2 : explain SELECT k, c FROM sbtest2 WHERE k BETWEEN 1059049 AND 1059149
	Bitmap Heap Scan on sbtest2  (cost=5.51..420.88 rows=105 width=125)
	  Recheck Cond: ((k >= 1059049) AND (k <= 1059149))
	  ->  Bitmap Index Scan on k_2  (cost=0.00..5.48 rows=105 width=0)
	        Index Cond: ((k >= 1059049) AND (k <= 1059149))

table 3 : explain SELECT k, c FROM sbtest3 WHERE k BETWEEN 1059049 AND 1059149
	Bitmap Heap Scan on sbtest3  (cost=5.49..413.00 rows=103 width=125)
	  Recheck Cond: ((k >= 1059049) AND (k <= 1059149))
	  ->  Bitmap Index Scan on k_3  (cost=0.00..5.46 rows=103 width=0)
	        Index Cond: ((k >= 1059049) AND (k <= 1059149))

table 4 : explain SELECT k, c FROM sbtest4 WHERE k BETWEEN 1059049 AND 1059149
	Bitmap Heap Scan on sbtest4  (cost=5.52..424.81 rows=106 width=125)
	  Recheck Cond: ((k >= 1059049) AND (k <= 1059149))
	  ->  Bitmap Index Scan on k_4  (cost=0.00..5.50 rows=106 width=0)
	        Index Cond: ((k >= 1059049) AND (k <= 1059149))

table 5 : explain SELECT k, c FROM sbtest5 WHERE k BETWEEN 1059049 AND 1059149
	Bitmap Heap Scan on sbtest5  (cost=5.48..409.07 rows=102 width=125)
	  Recheck Cond: ((k >= 1059049) AND (k <= 1059149))
	  ->  Bitmap Index Scan on k_5  (cost=0.00..5.45 rows=102 width=0)
	        Index Cond: ((k >= 1059049) AND (k <= 1059149))

table 6 : explain SELECT k, c FROM sbtest6 WHERE k BETWEEN 1059049 AND 1059149
	Bitmap Heap Scan on sbtest6  (cost=5.47..405.13 rows=101 width=125)
	  Recheck Cond: ((k >= 1059049) AND (k <= 1059149))
	  ->  Bitmap Index Scan on k_6  (cost=0.00..5.44 rows=101 width=0)
	        Index Cond: ((k >= 1059049) AND (k <= 1059149))

table 7 : explain SELECT k, c FROM sbtest7 WHERE k BETWEEN 1059049 AND 1059149
	Bitmap Heap Scan on sbtest7  (cost=5.44..393.31 rows=98 width=125)
	  Recheck Cond: ((k >= 1059049) AND (k <= 1059149))
	  ->  Bitmap Index Scan on k_7  (cost=0.00..5.42 rows=98 width=0)
	        Index Cond: ((k >= 1059049) AND (k <= 1059149))

table 8 : explain SELECT k, c FROM sbtest8 WHERE k BETWEEN 1059049 AND 1059149
	Bitmap Heap Scan on sbtest8  (cost=5.42..385.43 rows=96 width=125)
	  Recheck Cond: ((k >= 1059049) AND (k <= 1059149))
	  ->  Bitmap Index Scan on k_8  (cost=0.00..5.39 rows=96 width=0)
	        Index Cond: ((k >= 1059049) AND (k <= 1059149))

explain: for range-notcovered :: explain SELECT k, c FROM sbtest%d WHERE k BETWEEN 4493875 AND 4493975
for range-notcovered
table 1 : explain SELECT k, c FROM sbtest1 WHERE k BETWEEN 6720301 AND 6720401
	Bitmap Heap Scan on sbtest1  (cost=5.52..424.81 rows=106 width=125)
	  Recheck Cond: ((k >= 6720301) AND (k <= 6720401))
	  ->  Bitmap Index Scan on k_1  (cost=0.00..5.50 rows=106 width=0)
	        Index Cond: ((k >= 6720301) AND (k <= 6720401))

table 2 : explain SELECT k, c FROM sbtest2 WHERE k BETWEEN 6720301 AND 6720401
	Bitmap Heap Scan on sbtest2  (cost=5.38..369.67 rows=92 width=125)
	  Recheck Cond: ((k >= 6720301) AND (k <= 6720401))
	  ->  Bitmap Index Scan on k_2  (cost=0.00..5.35 rows=92 width=0)
	        Index Cond: ((k >= 6720301) AND (k <= 6720401))

table 3 : explain SELECT k, c FROM sbtest3 WHERE k BETWEEN 6720301 AND 6720401
	Bitmap Heap Scan on sbtest3  (cost=5.46..401.19 rows=100 width=125)
	  Recheck Cond: ((k >= 6720301) AND (k <= 6720401))
	  ->  Bitmap Index Scan on k_3  (cost=0.00..5.43 rows=100 width=0)
	        Index Cond: ((k >= 6720301) AND (k <= 6720401))

table 4 : explain SELECT k, c FROM sbtest4 WHERE k BETWEEN 6720301 AND 6720401
	Bitmap Heap Scan on sbtest4  (cost=5.53..428.75 rows=107 width=125)
	  Recheck Cond: ((k >= 6720301) AND (k <= 6720401))
	  ->  Bitmap Index Scan on k_4  (cost=0.00..5.50 rows=107 width=0)
	        Index Cond: ((k >= 6720301) AND (k <= 6720401))

table 5 : explain SELECT k, c FROM sbtest5 WHERE k BETWEEN 6720301 AND 6720401
	Bitmap Heap Scan on sbtest5  (cost=5.51..420.88 rows=105 width=125)
	  Recheck Cond: ((k >= 6720301) AND (k <= 6720401))
	  ->  Bitmap Index Scan on k_5  (cost=0.00..5.48 rows=105 width=0)
	        Index Cond: ((k >= 6720301) AND (k <= 6720401))

table 6 : explain SELECT k, c FROM sbtest6 WHERE k BETWEEN 6720301 AND 6720401
	Bitmap Heap Scan on sbtest6  (cost=5.42..385.43 rows=96 width=125)
	  Recheck Cond: ((k >= 6720301) AND (k <= 6720401))
	  ->  Bitmap Index Scan on k_6  (cost=0.00..5.39 rows=96 width=0)
	        Index Cond: ((k >= 6720301) AND (k <= 6720401))

table 7 : explain SELECT k, c FROM sbtest7 WHERE k BETWEEN 6720301 AND 6720401
	Bitmap Heap Scan on sbtest7  (cost=5.44..393.31 rows=98 width=125)
	  Recheck Cond: ((k >= 6720301) AND (k <= 6720401))
	  ->  Bitmap Index Scan on k_7  (cost=0.00..5.42 rows=98 width=0)
	        Index Cond: ((k >= 6720301) AND (k <= 6720401))

table 8 : explain SELECT k, c FROM sbtest8 WHERE k BETWEEN 6720301 AND 6720401
	Bitmap Heap Scan on sbtest8  (cost=5.44..393.31 rows=98 width=125)
	  Recheck Cond: ((k >= 6720301) AND (k <= 6720401))
	  ->  Bitmap Index Scan on k_8  (cost=0.00..5.42 rows=98 width=0)
	        Index Cond: ((k >= 6720301) AND (k <= 6720401))

explain: for range-notcovered :: explain SELECT k, c FROM sbtest%d WHERE k BETWEEN 6720301 AND 6720401
explain: for range-notcovered :: explain SELECT k, c FROM sbtest%d WHERE k BETWEEN 3311644 AND 3311744
explain: for range-notcovered :: explain SELECT k, c FROM sbtest%d WHERE k BETWEEN 6011784 AND 6011884
for range-notcovered
table 1 : explain SELECT k, c FROM sbtest1 WHERE k BETWEEN 8050544 AND 8050644
	Bitmap Heap Scan on sbtest1  (cost=5.49..413.00 rows=103 width=125)
	  Recheck Cond: ((k >= 8050544) AND (k <= 8050644))
	  ->  Bitmap Index Scan on k_1  (cost=0.00..5.46 rows=103 width=0)
	        Index Cond: ((k >= 8050544) AND (k <= 8050644))

table 2 : explain SELECT k, c FROM sbtest2 WHERE k BETWEEN 8050544 AND 8050644
	Bitmap Heap Scan on sbtest2  (cost=5.56..440.56 rows=110 width=125)
	  Recheck Cond: ((k >= 8050544) AND (k <= 8050644))
	  ->  Bitmap Index Scan on k_2  (cost=0.00..5.53 rows=110 width=0)
	        Index Cond: ((k >= 8050544) AND (k <= 8050644))

table 3 : explain SELECT k, c FROM sbtest3 WHERE k BETWEEN 8050544 AND 8050644
	Bitmap Heap Scan on sbtest3  (cost=5.51..420.88 rows=105 width=125)
	  Recheck Cond: ((k >= 8050544) AND (k <= 8050644))
	  ->  Bitmap Index Scan on k_3  (cost=0.00..5.48 rows=105 width=0)
	        Index Cond: ((k >= 8050544) AND (k <= 8050644))

table 4 : explain SELECT k, c FROM sbtest4 WHERE k BETWEEN 8050544 AND 8050644
	Bitmap Heap Scan on sbtest4  (cost=5.39..373.61 rows=93 width=125)
	  Recheck Cond: ((k >= 8050544) AND (k <= 8050644))
	  ->  Bitmap Index Scan on k_4  (cost=0.00..5.36 rows=93 width=0)
	        Index Cond: ((k >= 8050544) AND (k <= 8050644))

table 5 : explain SELECT k, c FROM sbtest5 WHERE k BETWEEN 8050544 AND 8050644
	Bitmap Heap Scan on sbtest5  (cost=5.49..413.00 rows=103 width=125)
	  Recheck Cond: ((k >= 8050544) AND (k <= 8050644))
	  ->  Bitmap Index Scan on k_5  (cost=0.00..5.46 rows=103 width=0)
	        Index Cond: ((k >= 8050544) AND (k <= 8050644))

table 6 : explain SELECT k, c FROM sbtest6 WHERE k BETWEEN 8050544 AND 8050644
	Bitmap Heap Scan on sbtest6  (cost=5.45..397.25 rows=99 width=125)
	  Recheck Cond: ((k >= 8050544) AND (k <= 8050644))
	  ->  Bitmap Index Scan on k_6  (cost=0.00..5.42 rows=99 width=0)
	        Index Cond: ((k >= 8050544) AND (k <= 8050644))

table 7 : explain SELECT k, c FROM sbtest7 WHERE k BETWEEN 8050544 AND 8050644
	Bitmap Heap Scan on sbtest7  (cost=5.40..377.55 rows=94 width=125)
	  Recheck Cond: ((k >= 8050544) AND (k <= 8050644))
	  ->  Bitmap Index Scan on k_7  (cost=0.00..5.38 rows=94 width=0)
	        Index Cond: ((k >= 8050544) AND (k <= 8050644))

table 8 : explain SELECT k, c FROM sbtest8 WHERE k BETWEEN 8050544 AND 8050644
	Bitmap Heap Scan on sbtest8  (cost=5.45..397.25 rows=99 width=125)
	  Recheck Cond: ((k >= 8050544) AND (k <= 8050644))
	  ->  Bitmap Index Scan on k_8  (cost=0.00..5.42 rows=99 width=0)
	        Index Cond: ((k >= 8050544) AND (k <= 8050644))

explain: for range-notcovered :: explain SELECT k, c FROM sbtest%d WHERE k BETWEEN 8050544 AND 8050644
for range-notcovered
table 1 : explain SELECT k, c FROM sbtest1 WHERE k BETWEEN 6753583 AND 6753683
	Bitmap Heap Scan on sbtest1  (cost=5.52..424.81 rows=106 width=125)
	  Recheck Cond: ((k >= 6753583) AND (k <= 6753683))
	  ->  Bitmap Index Scan on k_1  (cost=0.00..5.50 rows=106 width=0)
	        Index Cond: ((k >= 6753583) AND (k <= 6753683))

table 2 : explain SELECT k, c FROM sbtest2 WHERE k BETWEEN 6753583 AND 6753683
	Bitmap Heap Scan on sbtest2  (cost=5.55..436.62 rows=109 width=125)
	  Recheck Cond: ((k >= 6753583) AND (k <= 6753683))
	  ->  Bitmap Index Scan on k_2  (cost=0.00..5.52 rows=109 width=0)
	        Index Cond: ((k >= 6753583) AND (k <= 6753683))

table 3 : explain SELECT k, c FROM sbtest3 WHERE k BETWEEN 6753583 AND 6753683
	Bitmap Heap Scan on sbtest3  (cost=5.46..401.19 rows=100 width=125)
	  Recheck Cond: ((k >= 6753583) AND (k <= 6753683))
	  ->  Bitmap Index Scan on k_3  (cost=0.00..5.43 rows=100 width=0)
	        Index Cond: ((k >= 6753583) AND (k <= 6753683))

table 4 : explain SELECT k, c FROM sbtest4 WHERE k BETWEEN 6753583 AND 6753683
	Bitmap Heap Scan on sbtest4  (cost=5.53..428.75 rows=107 width=125)
	  Recheck Cond: ((k >= 6753583) AND (k <= 6753683))
	  ->  Bitmap Index Scan on k_4  (cost=0.00..5.50 rows=107 width=0)
	        Index Cond: ((k >= 6753583) AND (k <= 6753683))

table 5 : explain SELECT k, c FROM sbtest5 WHERE k BETWEEN 6753583 AND 6753683
	Bitmap Heap Scan on sbtest5  (cost=5.51..420.88 rows=105 width=125)
	  Recheck Cond: ((k >= 6753583) AND (k <= 6753683))
	  ->  Bitmap Index Scan on k_5  (cost=0.00..5.48 rows=105 width=0)
	        Index Cond: ((k >= 6753583) AND (k <= 6753683))

table 6 : explain SELECT k, c FROM sbtest6 WHERE k BETWEEN 6753583 AND 6753683
	Bitmap Heap Scan on sbtest6  (cost=5.42..385.43 rows=96 width=125)
	  Recheck Cond: ((k >= 6753583) AND (k <= 6753683))
	  ->  Bitmap Index Scan on k_6  (cost=0.00..5.39 rows=96 width=0)
	        Index Cond: ((k >= 6753583) AND (k <= 6753683))

table 7 : explain SELECT k, c FROM sbtest7 WHERE k BETWEEN 6753583 AND 6753683
	Bitmap Heap Scan on sbtest7  (cost=5.44..393.31 rows=98 width=125)
	  Recheck Cond: ((k >= 6753583) AND (k <= 6753683))
	  ->  Bitmap Index Scan on k_7  (cost=0.00..5.42 rows=98 width=0)
	        Index Cond: ((k >= 6753583) AND (k <= 6753683))

table 8 : explain SELECT k, c FROM sbtest8 WHERE k BETWEEN 6753583 AND 6753683
	Bitmap Heap Scan on sbtest8  (cost=5.45..397.25 rows=99 width=125)
	  Recheck Cond: ((k >= 6753583) AND (k <= 6753683))
	  ->  Bitmap Index Scan on k_8  (cost=0.00..5.42 rows=99 width=0)
	        Index Cond: ((k >= 6753583) AND (k <= 6753683))

for range-notcovered
table 1 : explain SELECT k, c FROM sbtest1 WHERE k BETWEEN 3441852 AND 3441952
	Bitmap Heap Scan on sbtest1  (cost=5.46..401.19 rows=100 width=125)
	  Recheck Cond: ((k >= 3441852) AND (k <= 3441952))
	  ->  Bitmap Index Scan on k_1  (cost=0.00..5.43 rows=100 width=0)
	        Index Cond: ((k >= 3441852) AND (k <= 3441952))

table 2 : explain SELECT k, c FROM sbtest2 WHERE k BETWEEN 3441852 AND 3441952
	Bitmap Heap Scan on sbtest2  (cost=5.45..397.25 rows=99 width=125)
	  Recheck Cond: ((k >= 3441852) AND (k <= 3441952))
	  ->  Bitmap Index Scan on k_2  (cost=0.00..5.42 rows=99 width=0)
	        Index Cond: ((k >= 3441852) AND (k <= 3441952))

table 3 : explain SELECT k, c FROM sbtest3 WHERE k BETWEEN 3441852 AND 3441952
	Bitmap Heap Scan on sbtest3  (cost=5.61..460.22 rows=115 width=125)
	  Recheck Cond: ((k >= 3441852) AND (k <= 3441952))
	  ->  Bitmap Index Scan on k_3  (cost=0.00..5.58 rows=115 width=0)
	        Index Cond: ((k >= 3441852) AND (k <= 3441952))

table 4 : explain SELECT k, c FROM sbtest4 WHERE k BETWEEN 3441852 AND 3441952
	Bitmap Heap Scan on sbtest4  (cost=5.56..440.56 rows=110 width=125)
	  Recheck Cond: ((k >= 3441852) AND (k <= 3441952))
	  ->  Bitmap Index Scan on k_4  (cost=0.00..5.53 rows=110 width=0)
	        Index Cond: ((k >= 3441852) AND (k <= 3441952))

table 5 : explain SELECT k, c FROM sbtest5 WHERE k BETWEEN 3441852 AND 3441952
	Bitmap Heap Scan on sbtest5  (cost=5.59..452.36 rows=113 width=125)
	  Recheck Cond: ((k >= 3441852) AND (k <= 3441952))
	  ->  Bitmap Index Scan on k_5  (cost=0.00..5.56 rows=113 width=0)
	        Index Cond: ((k >= 3441852) AND (k <= 3441952))

table 6 : explain SELECT k, c FROM sbtest6 WHERE k BETWEEN 3441852 AND 3441952
	Bitmap Heap Scan on sbtest6  (cost=5.49..413.00 rows=103 width=125)
	  Recheck Cond: ((k >= 3441852) AND (k <= 3441952))
	  ->  Bitmap Index Scan on k_6  (cost=0.00..5.46 rows=103 width=0)
	        Index Cond: ((k >= 3441852) AND (k <= 3441952))

table 7 : explain SELECT k, c FROM sbtest7 WHERE k BETWEEN 3441852 AND 3441952
	Bitmap Heap Scan on sbtest7  (cost=5.51..420.88 rows=105 width=125)
	  Recheck Cond: ((k >= 3441852) AND (k <= 3441952))
	  ->  Bitmap Index Scan on k_7  (cost=0.00..5.48 rows=105 width=0)
	        Index Cond: ((k >= 3441852) AND (k <= 3441952))

table 8 : explain SELECT k, c FROM sbtest8 WHERE k BETWEEN 3441852 AND 3441952
	Bitmap Heap Scan on sbtest8  (cost=5.48..409.07 rows=102 width=125)
	  Recheck Cond: ((k >= 3441852) AND (k <= 3441952))
	  ->  Bitmap Index Scan on k_8  (cost=0.00..5.45 rows=102 width=0)
	        Index Cond: ((k >= 3441852) AND (k <= 3441952))

for range-notcovered
table 1 : explain SELECT k, c FROM sbtest1 WHERE k BETWEEN 4493875 AND 4493975
	Bitmap Heap Scan on sbtest1  (cost=5.58..448.42 rows=112 width=125)
	  Recheck Cond: ((k >= 4493875) AND (k <= 4493975))
	  ->  Bitmap Index Scan on k_1  (cost=0.00..5.55 rows=112 width=0)
	        Index Cond: ((k >= 4493875) AND (k <= 4493975))

table 2 : explain SELECT k, c FROM sbtest2 WHERE k BETWEEN 4493875 AND 4493975
	Bitmap Heap Scan on sbtest2  (cost=5.57..444.49 rows=111 width=125)
	  Recheck Cond: ((k >= 4493875) AND (k <= 4493975))
	  ->  Bitmap Index Scan on k_2  (cost=0.00..5.54 rows=111 width=0)
	        Index Cond: ((k >= 4493875) AND (k <= 4493975))

table 3 : explain SELECT k, c FROM sbtest3 WHERE k BETWEEN 4493875 AND 4493975
	Bitmap Heap Scan on sbtest3  (cost=5.46..401.19 rows=100 width=125)
	  Recheck Cond: ((k >= 4493875) AND (k <= 4493975))
	  ->  Bitmap Index Scan on k_3  (cost=0.00..5.43 rows=100 width=0)
	        Index Cond: ((k >= 4493875) AND (k <= 4493975))

table 4 : explain SELECT k, c FROM sbtest4 WHERE k BETWEEN 4493875 AND 4493975
	Bitmap Heap Scan on sbtest4  (cost=5.57..444.49 rows=111 width=125)
	  Recheck Cond: ((k >= 4493875) AND (k <= 4493975))
	  ->  Bitmap Index Scan on k_4  (cost=0.00..5.54 rows=111 width=0)
	        Index Cond: ((k >= 4493875) AND (k <= 4493975))

table 5 : explain SELECT k, c FROM sbtest5 WHERE k BETWEEN 4493875 AND 4493975
	Bitmap Heap Scan on sbtest5  (cost=5.52..424.81 rows=106 width=125)
	  Recheck Cond: ((k >= 4493875) AND (k <= 4493975))
	  ->  Bitmap Index Scan on k_5  (cost=0.00..5.50 rows=106 width=0)
	        Index Cond: ((k >= 4493875) AND (k <= 4493975))

table 6 : explain SELECT k, c FROM sbtest6 WHERE k BETWEEN 4493875 AND 4493975
	Bitmap Heap Scan on sbtest6  (cost=5.46..401.19 rows=100 width=125)
	  Recheck Cond: ((k >= 4493875) AND (k <= 4493975))
	  ->  Bitmap Index Scan on k_6  (cost=0.00..5.43 rows=100 width=0)
	        Index Cond: ((k >= 4493875) AND (k <= 4493975))

table 7 : explain SELECT k, c FROM sbtest7 WHERE k BETWEEN 4493875 AND 4493975
	Bitmap Heap Scan on sbtest7  (cost=5.47..405.13 rows=101 width=125)
	  Recheck Cond: ((k >= 4493875) AND (k <= 4493975))
	  ->  Bitmap Index Scan on k_7  (cost=0.00..5.44 rows=101 width=0)
	        Index Cond: ((k >= 4493875) AND (k <= 4493975))

table 8 : explain SELECT k, c FROM sbtest8 WHERE k BETWEEN 4493875 AND 4493975
	Bitmap Heap Scan on sbtest8  (cost=5.48..409.07 rows=102 width=125)
	  Recheck Cond: ((k >= 4493875) AND (k <= 4493975))
	  ->  Bitmap Index Scan on k_8  (cost=0.00..5.45 rows=102 width=0)
	        Index Cond: ((k >= 4493875) AND (k <= 4493975))

explain: for range-notcovered :: explain SELECT k, c FROM sbtest%d WHERE k BETWEEN 6753583 AND 6753683
explain: for range-notcovered :: explain SELECT k, c FROM sbtest%d WHERE k BETWEEN 3441852 AND 3441952
explain: for range-notcovered :: explain SELECT k, c FROM sbtest%d WHERE k BETWEEN 4493875 AND 4493975
for range-notcovered
table 1 : explain SELECT k, c FROM sbtest1 WHERE k BETWEEN 6720301 AND 6720401
	Bitmap Heap Scan on sbtest1  (cost=5.52..424.81 rows=106 width=125)
	  Recheck Cond: ((k >= 6720301) AND (k <= 6720401))
	  ->  Bitmap Index Scan on k_1  (cost=0.00..5.50 rows=106 width=0)
	        Index Cond: ((k >= 6720301) AND (k <= 6720401))

table 2 : explain SELECT k, c FROM sbtest2 WHERE k BETWEEN 6720301 AND 6720401
	Bitmap Heap Scan on sbtest2  (cost=5.38..369.67 rows=92 width=125)
	  Recheck Cond: ((k >= 6720301) AND (k <= 6720401))
	  ->  Bitmap Index Scan on k_2  (cost=0.00..5.35 rows=92 width=0)
	        Index Cond: ((k >= 6720301) AND (k <= 6720401))

table 3 : explain SELECT k, c FROM sbtest3 WHERE k BETWEEN 6720301 AND 6720401
	Bitmap Heap Scan on sbtest3  (cost=5.46..401.19 rows=100 width=125)
	  Recheck Cond: ((k >= 6720301) AND (k <= 6720401))
	  ->  Bitmap Index Scan on k_3  (cost=0.00..5.43 rows=100 width=0)
	        Index Cond: ((k >= 6720301) AND (k <= 6720401))

table 4 : explain SELECT k, c FROM sbtest4 WHERE k BETWEEN 6720301 AND 6720401
	Bitmap Heap Scan on sbtest4  (cost=5.53..428.75 rows=107 width=125)
	  Recheck Cond: ((k >= 6720301) AND (k <= 6720401))
	  ->  Bitmap Index Scan on k_4  (cost=0.00..5.50 rows=107 width=0)
	        Index Cond: ((k >= 6720301) AND (k <= 6720401))

table 5 : explain SELECT k, c FROM sbtest5 WHERE k BETWEEN 6720301 AND 6720401
	Bitmap Heap Scan on sbtest5  (cost=5.51..420.88 rows=105 width=125)
	  Recheck Cond: ((k >= 6720301) AND (k <= 6720401))
	  ->  Bitmap Index Scan on k_5  (cost=0.00..5.48 rows=105 width=0)
	        Index Cond: ((k >= 6720301) AND (k <= 6720401))

table 6 : explain SELECT k, c FROM sbtest6 WHERE k BETWEEN 6720301 AND 6720401
	Bitmap Heap Scan on sbtest6  (cost=5.42..385.43 rows=96 width=125)
	  Recheck Cond: ((k >= 6720301) AND (k <= 6720401))
	  ->  Bitmap Index Scan on k_6  (cost=0.00..5.39 rows=96 width=0)
	        Index Cond: ((k >= 6720301) AND (k <= 6720401))

table 7 : explain SELECT k, c FROM sbtest7 WHERE k BETWEEN 6720301 AND 6720401
	Bitmap Heap Scan on sbtest7  (cost=5.44..393.31 rows=98 width=125)
	  Recheck Cond: ((k >= 6720301) AND (k <= 6720401))
	  ->  Bitmap Index Scan on k_7  (cost=0.00..5.42 rows=98 width=0)
	        Index Cond: ((k >= 6720301) AND (k <= 6720401))

table 8 : explain SELECT k, c FROM sbtest8 WHERE k BETWEEN 6720301 AND 6720401
	Bitmap Heap Scan on sbtest8  (cost=5.44..393.31 rows=98 width=125)
	  Recheck Cond: ((k >= 6720301) AND (k <= 6720401))
	  ->  Bitmap Index Scan on k_8  (cost=0.00..5.42 rows=98 width=0)
	        Index Cond: ((k >= 6720301) AND (k <= 6720401))

explain: for range-notcovered :: explain SELECT k, c FROM sbtest%d WHERE k BETWEEN 6720301 AND 6720401
explain: for range-notcovered :: explain SELECT k, c FROM sbtest%d WHERE k BETWEEN 6006491 AND 6006591
for range-notcovered
table 1 : explain SELECT k, c FROM sbtest1 WHERE k BETWEEN 8050544 AND 8050644
	Bitmap Heap Scan on sbtest1  (cost=5.49..413.00 rows=103 width=125)
	  Recheck Cond: ((k >= 8050544) AND (k <= 8050644))
	  ->  Bitmap Index Scan on k_1  (cost=0.00..5.46 rows=103 width=0)
	        Index Cond: ((k >= 8050544) AND (k <= 8050644))

table 2 : explain SELECT k, c FROM sbtest2 WHERE k BETWEEN 8050544 AND 8050644
	Bitmap Heap Scan on sbtest2  (cost=5.56..440.56 rows=110 width=125)
	  Recheck Cond: ((k >= 8050544) AND (k <= 8050644))
	  ->  Bitmap Index Scan on k_2  (cost=0.00..5.53 rows=110 width=0)
	        Index Cond: ((k >= 8050544) AND (k <= 8050644))

table 3 : explain SELECT k, c FROM sbtest3 WHERE k BETWEEN 8050544 AND 8050644
	Bitmap Heap Scan on sbtest3  (cost=5.51..420.88 rows=105 width=125)
	  Recheck Cond: ((k >= 8050544) AND (k <= 8050644))
	  ->  Bitmap Index Scan on k_3  (cost=0.00..5.48 rows=105 width=0)
	        Index Cond: ((k >= 8050544) AND (k <= 8050644))

table 4 : explain SELECT k, c FROM sbtest4 WHERE k BETWEEN 8050544 AND 8050644
	Bitmap Heap Scan on sbtest4  (cost=5.39..373.61 rows=93 width=125)
	  Recheck Cond: ((k >= 8050544) AND (k <= 8050644))
	  ->  Bitmap Index Scan on k_4  (cost=0.00..5.36 rows=93 width=0)
	        Index Cond: ((k >= 8050544) AND (k <= 8050644))

table 5 : explain SELECT k, c FROM sbtest5 WHERE k BETWEEN 8050544 AND 8050644
	Bitmap Heap Scan on sbtest5  (cost=5.49..413.00 rows=103 width=125)
	  Recheck Cond: ((k >= 8050544) AND (k <= 8050644))
	  ->  Bitmap Index Scan on k_5  (cost=0.00..5.46 rows=103 width=0)
	        Index Cond: ((k >= 8050544) AND (k <= 8050644))

table 6 : explain SELECT k, c FROM sbtest6 WHERE k BETWEEN 8050544 AND 8050644
	Bitmap Heap Scan on sbtest6  (cost=5.45..397.25 rows=99 width=125)
	  Recheck Cond: ((k >= 8050544) AND (k <= 8050644))
	  ->  Bitmap Index Scan on k_6  (cost=0.00..5.42 rows=99 width=0)
	        Index Cond: ((k >= 8050544) AND (k <= 8050644))

table 7 : explain SELECT k, c FROM sbtest7 WHERE k BETWEEN 8050544 AND 8050644
	Bitmap Heap Scan on sbtest7  (cost=5.40..377.55 rows=94 width=125)
	  Recheck Cond: ((k >= 8050544) AND (k <= 8050644))
	  ->  Bitmap Index Scan on k_7  (cost=0.00..5.38 rows=94 width=0)
	        Index Cond: ((k >= 8050544) AND (k <= 8050644))

table 8 : explain SELECT k, c FROM sbtest8 WHERE k BETWEEN 8050544 AND 8050644
	Bitmap Heap Scan on sbtest8  (cost=5.45..397.25 rows=99 width=125)
	  Recheck Cond: ((k >= 8050544) AND (k <= 8050644))
	  ->  Bitmap Index Scan on k_8  (cost=0.00..5.42 rows=99 width=0)
	        Index Cond: ((k >= 8050544) AND (k <= 8050644))

for range-notcovered
table 1 : explain SELECT k, c FROM sbtest1 WHERE k BETWEEN 6753583 AND 6753683
	Bitmap Heap Scan on sbtest1  (cost=5.52..424.81 rows=106 width=125)
	  Recheck Cond: ((k >= 6753583) AND (k <= 6753683))
	  ->  Bitmap Index Scan on k_1  (cost=0.00..5.50 rows=106 width=0)
	        Index Cond: ((k >= 6753583) AND (k <= 6753683))

table 2 : explain SELECT k, c FROM sbtest2 WHERE k BETWEEN 6753583 AND 6753683
	Bitmap Heap Scan on sbtest2  (cost=5.55..436.62 rows=109 width=125)
	  Recheck Cond: ((k >= 6753583) AND (k <= 6753683))
	  ->  Bitmap Index Scan on k_2  (cost=0.00..5.52 rows=109 width=0)
	        Index Cond: ((k >= 6753583) AND (k <= 6753683))

table 3 : explain SELECT k, c FROM sbtest3 WHERE k BETWEEN 6753583 AND 6753683
	Bitmap Heap Scan on sbtest3  (cost=5.46..401.19 rows=100 width=125)
	  Recheck Cond: ((k >= 6753583) AND (k <= 6753683))
	  ->  Bitmap Index Scan on k_3  (cost=0.00..5.43 rows=100 width=0)
	        Index Cond: ((k >= 6753583) AND (k <= 6753683))

table 4 : explain SELECT k, c FROM sbtest4 WHERE k BETWEEN 6753583 AND 6753683
	Bitmap Heap Scan on sbtest4  (cost=5.53..428.75 rows=107 width=125)
	  Recheck Cond: ((k >= 6753583) AND (k <= 6753683))
	  ->  Bitmap Index Scan on k_4  (cost=0.00..5.50 rows=107 width=0)
	        Index Cond: ((k >= 6753583) AND (k <= 6753683))

table 5 : explain SELECT k, c FROM sbtest5 WHERE k BETWEEN 6753583 AND 6753683
	Bitmap Heap Scan on sbtest5  (cost=5.51..420.88 rows=105 width=125)
	  Recheck Cond: ((k >= 6753583) AND (k <= 6753683))
	  ->  Bitmap Index Scan on k_5  (cost=0.00..5.48 rows=105 width=0)
	        Index Cond: ((k >= 6753583) AND (k <= 6753683))

table 6 : explain SELECT k, c FROM sbtest6 WHERE k BETWEEN 6753583 AND 6753683
	Bitmap Heap Scan on sbtest6  (cost=5.42..385.43 rows=96 width=125)
	  Recheck Cond: ((k >= 6753583) AND (k <= 6753683))
	  ->  Bitmap Index Scan on k_6  (cost=0.00..5.39 rows=96 width=0)
	        Index Cond: ((k >= 6753583) AND (k <= 6753683))

table 7 : explain SELECT k, c FROM sbtest7 WHERE k BETWEEN 6753583 AND 6753683
	Bitmap Heap Scan on sbtest7  (cost=5.44..393.31 rows=98 width=125)
	  Recheck Cond: ((k >= 6753583) AND (k <= 6753683))
	  ->  Bitmap Index Scan on k_7  (cost=0.00..5.42 rows=98 width=0)
	        Index Cond: ((k >= 6753583) AND (k <= 6753683))

table 8 : explain SELECT k, c FROM sbtest8 WHERE k BETWEEN 6753583 AND 6753683
	Bitmap Heap Scan on sbtest8  (cost=5.45..397.25 rows=99 width=125)
	  Recheck Cond: ((k >= 6753583) AND (k <= 6753683))
	  ->  Bitmap Index Scan on k_8  (cost=0.00..5.42 rows=99 width=0)
	        Index Cond: ((k >= 6753583) AND (k <= 6753683))

for range-notcovered
table 1 : explain SELECT k, c FROM sbtest1 WHERE k BETWEEN 3441852 AND 3441952
	Bitmap Heap Scan on sbtest1  (cost=5.46..401.19 rows=100 width=125)
	  Recheck Cond: ((k >= 3441852) AND (k <= 3441952))
	  ->  Bitmap Index Scan on k_1  (cost=0.00..5.43 rows=100 width=0)
	        Index Cond: ((k >= 3441852) AND (k <= 3441952))

table 2 : explain SELECT k, c FROM sbtest2 WHERE k BETWEEN 3441852 AND 3441952
	Bitmap Heap Scan on sbtest2  (cost=5.45..397.25 rows=99 width=125)
	  Recheck Cond: ((k >= 3441852) AND (k <= 3441952))
	  ->  Bitmap Index Scan on k_2  (cost=0.00..5.42 rows=99 width=0)
	        Index Cond: ((k >= 3441852) AND (k <= 3441952))

table 3 : explain SELECT k, c FROM sbtest3 WHERE k BETWEEN 3441852 AND 3441952
	Bitmap Heap Scan on sbtest3  (cost=5.61..460.22 rows=115 width=125)
	  Recheck Cond: ((k >= 3441852) AND (k <= 3441952))
	  ->  Bitmap Index Scan on k_3  (cost=0.00..5.58 rows=115 width=0)
	        Index Cond: ((k >= 3441852) AND (k <= 3441952))

table 4 : explain SELECT k, c FROM sbtest4 WHERE k BETWEEN 3441852 AND 3441952
	Bitmap Heap Scan on sbtest4  (cost=5.56..440.56 rows=110 width=125)
	  Recheck Cond: ((k >= 3441852) AND (k <= 3441952))
	  ->  Bitmap Index Scan on k_4  (cost=0.00..5.53 rows=110 width=0)
	        Index Cond: ((k >= 3441852) AND (k <= 3441952))

table 5 : explain SELECT k, c FROM sbtest5 WHERE k BETWEEN 3441852 AND 3441952
	Bitmap Heap Scan on sbtest5  (cost=5.59..452.36 rows=113 width=125)
	  Recheck Cond: ((k >= 3441852) AND (k <= 3441952))
	  ->  Bitmap Index Scan on k_5  (cost=0.00..5.56 rows=113 width=0)
	        Index Cond: ((k >= 3441852) AND (k <= 3441952))

table 6 : explain SELECT k, c FROM sbtest6 WHERE k BETWEEN 3441852 AND 3441952
	Bitmap Heap Scan on sbtest6  (cost=5.49..413.00 rows=103 width=125)
	  Recheck Cond: ((k >= 3441852) AND (k <= 3441952))
	  ->  Bitmap Index Scan on k_6  (cost=0.00..5.46 rows=103 width=0)
	        Index Cond: ((k >= 3441852) AND (k <= 3441952))

table 7 : explain SELECT k, c FROM sbtest7 WHERE k BETWEEN 3441852 AND 3441952
	Bitmap Heap Scan on sbtest7  (cost=5.51..420.88 rows=105 width=125)
	  Recheck Cond: ((k >= 3441852) AND (k <= 3441952))
	  ->  Bitmap Index Scan on k_7  (cost=0.00..5.48 rows=105 width=0)
	        Index Cond: ((k >= 3441852) AND (k <= 3441952))

table 8 : explain SELECT k, c FROM sbtest8 WHERE k BETWEEN 3441852 AND 3441952
	Bitmap Heap Scan on sbtest8  (cost=5.48..409.07 rows=102 width=125)
	  Recheck Cond: ((k >= 3441852) AND (k <= 3441952))
	  ->  Bitmap Index Scan on k_8  (cost=0.00..5.45 rows=102 width=0)
	        Index Cond: ((k >= 3441852) AND (k <= 3441952))

explain: for range-notcovered :: explain SELECT k, c FROM sbtest%d WHERE k BETWEEN 8050544 AND 8050644
for range-notcovered
table 1 : explain SELECT k, c FROM sbtest1 WHERE k BETWEEN 4493875 AND 4493975
	Bitmap Heap Scan on sbtest1  (cost=5.58..448.42 rows=112 width=125)
	  Recheck Cond: ((k >= 4493875) AND (k <= 4493975))
	  ->  Bitmap Index Scan on k_1  (cost=0.00..5.55 rows=112 width=0)
	        Index Cond: ((k >= 4493875) AND (k <= 4493975))

table 2 : explain SELECT k, c FROM sbtest2 WHERE k BETWEEN 4493875 AND 4493975
	Bitmap Heap Scan on sbtest2  (cost=5.57..444.49 rows=111 width=125)
	  Recheck Cond: ((k >= 4493875) AND (k <= 4493975))
	  ->  Bitmap Index Scan on k_2  (cost=0.00..5.54 rows=111 width=0)
	        Index Cond: ((k >= 4493875) AND (k <= 4493975))

table 3 : explain SELECT k, c FROM sbtest3 WHERE k BETWEEN 4493875 AND 4493975
	Bitmap Heap Scan on sbtest3  (cost=5.46..401.19 rows=100 width=125)
	  Recheck Cond: ((k >= 4493875) AND (k <= 4493975))
	  ->  Bitmap Index Scan on k_3  (cost=0.00..5.43 rows=100 width=0)
	        Index Cond: ((k >= 4493875) AND (k <= 4493975))

table 4 : explain SELECT k, c FROM sbtest4 WHERE k BETWEEN 4493875 AND 4493975
	Bitmap Heap Scan on sbtest4  (cost=5.57..444.49 rows=111 width=125)
	  Recheck Cond: ((k >= 4493875) AND (k <= 4493975))
	  ->  Bitmap Index Scan on k_4  (cost=0.00..5.54 rows=111 width=0)
	        Index Cond: ((k >= 4493875) AND (k <= 4493975))

table 5 : explain SELECT k, c FROM sbtest5 WHERE k BETWEEN 4493875 AND 4493975
	Bitmap Heap Scan on sbtest5  (cost=5.52..424.81 rows=106 width=125)
	  Recheck Cond: ((k >= 4493875) AND (k <= 4493975))
	  ->  Bitmap Index Scan on k_5  (cost=0.00..5.50 rows=106 width=0)
	        Index Cond: ((k >= 4493875) AND (k <= 4493975))

table 6 : explain SELECT k, c FROM sbtest6 WHERE k BETWEEN 4493875 AND 4493975
	Bitmap Heap Scan on sbtest6  (cost=5.46..401.19 rows=100 width=125)
	  Recheck Cond: ((k >= 4493875) AND (k <= 4493975))
	  ->  Bitmap Index Scan on k_6  (cost=0.00..5.43 rows=100 width=0)
	        Index Cond: ((k >= 4493875) AND (k <= 4493975))

table 7 : explain SELECT k, c FROM sbtest7 WHERE k BETWEEN 4493875 AND 4493975
	Bitmap Heap Scan on sbtest7  (cost=5.47..405.13 rows=101 width=125)
	  Recheck Cond: ((k >= 4493875) AND (k <= 4493975))
	  ->  Bitmap Index Scan on k_7  (cost=0.00..5.44 rows=101 width=0)
	        Index Cond: ((k >= 4493875) AND (k <= 4493975))

table 8 : explain SELECT k, c FROM sbtest8 WHERE k BETWEEN 4493875 AND 4493975
	Bitmap Heap Scan on sbtest8  (cost=5.48..409.07 rows=102 width=125)
	  Recheck Cond: ((k >= 4493875) AND (k <= 4493975))
	  ->  Bitmap Index Scan on k_8  (cost=0.00..5.45 rows=102 width=0)
	        Index Cond: ((k >= 4493875) AND (k <= 4493975))

explain: for range-notcovered :: explain SELECT k, c FROM sbtest%d WHERE k BETWEEN 6753583 AND 6753683
explain: for range-notcovered :: explain SELECT k, c FROM sbtest%d WHERE k BETWEEN 3441852 AND 3441952
explain: for range-notcovered :: explain SELECT k, c FROM sbtest%d WHERE k BETWEEN 4493875 AND 4493975
for range-notcovered
table 1 : explain SELECT k, c FROM sbtest1 WHERE k BETWEEN 6720301 AND 6720401
	Bitmap Heap Scan on sbtest1  (cost=5.52..424.81 rows=106 width=125)
	  Recheck Cond: ((k >= 6720301) AND (k <= 6720401))
	  ->  Bitmap Index Scan on k_1  (cost=0.00..5.50 rows=106 width=0)
	        Index Cond: ((k >= 6720301) AND (k <= 6720401))

table 2 : explain SELECT k, c FROM sbtest2 WHERE k BETWEEN 6720301 AND 6720401
	Bitmap Heap Scan on sbtest2  (cost=5.38..369.67 rows=92 width=125)
	  Recheck Cond: ((k >= 6720301) AND (k <= 6720401))
	  ->  Bitmap Index Scan on k_2  (cost=0.00..5.35 rows=92 width=0)
	        Index Cond: ((k >= 6720301) AND (k <= 6720401))

table 3 : explain SELECT k, c FROM sbtest3 WHERE k BETWEEN 6720301 AND 6720401
	Bitmap Heap Scan on sbtest3  (cost=5.46..401.19 rows=100 width=125)
	  Recheck Cond: ((k >= 6720301) AND (k <= 6720401))
	  ->  Bitmap Index Scan on k_3  (cost=0.00..5.43 rows=100 width=0)
	        Index Cond: ((k >= 6720301) AND (k <= 6720401))

table 4 : explain SELECT k, c FROM sbtest4 WHERE k BETWEEN 6720301 AND 6720401
	Bitmap Heap Scan on sbtest4  (cost=5.53..428.75 rows=107 width=125)
	  Recheck Cond: ((k >= 6720301) AND (k <= 6720401))
	  ->  Bitmap Index Scan on k_4  (cost=0.00..5.50 rows=107 width=0)
	        Index Cond: ((k >= 6720301) AND (k <= 6720401))

table 5 : explain SELECT k, c FROM sbtest5 WHERE k BETWEEN 6720301 AND 6720401
	Bitmap Heap Scan on sbtest5  (cost=5.51..420.88 rows=105 width=125)
	  Recheck Cond: ((k >= 6720301) AND (k <= 6720401))
	  ->  Bitmap Index Scan on k_5  (cost=0.00..5.48 rows=105 width=0)
	        Index Cond: ((k >= 6720301) AND (k <= 6720401))

table 6 : explain SELECT k, c FROM sbtest6 WHERE k BETWEEN 6720301 AND 6720401
	Bitmap Heap Scan on sbtest6  (cost=5.42..385.43 rows=96 width=125)
	  Recheck Cond: ((k >= 6720301) AND (k <= 6720401))
	  ->  Bitmap Index Scan on k_6  (cost=0.00..5.39 rows=96 width=0)
	        Index Cond: ((k >= 6720301) AND (k <= 6720401))

table 7 : explain SELECT k, c FROM sbtest7 WHERE k BETWEEN 6720301 AND 6720401
	Bitmap Heap Scan on sbtest7  (cost=5.44..393.31 rows=98 width=125)
	  Recheck Cond: ((k >= 6720301) AND (k <= 6720401))
	  ->  Bitmap Index Scan on k_7  (cost=0.00..5.42 rows=98 width=0)
	        Index Cond: ((k >= 6720301) AND (k <= 6720401))

table 8 : explain SELECT k, c FROM sbtest8 WHERE k BETWEEN 6720301 AND 6720401
	Bitmap Heap Scan on sbtest8  (cost=5.44..393.31 rows=98 width=125)
	  Recheck Cond: ((k >= 6720301) AND (k <= 6720401))
	  ->  Bitmap Index Scan on k_8  (cost=0.00..5.42 rows=98 width=0)
	        Index Cond: ((k >= 6720301) AND (k <= 6720401))

explain: for range-notcovered :: explain SELECT k, c FROM sbtest%d WHERE k BETWEEN 4099561 AND 4099661
explain: for range-notcovered :: explain SELECT k, c FROM sbtest%d WHERE k BETWEEN 6720301 AND 6720401
explain: for range-notcovered :: explain SELECT k, c FROM sbtest%d WHERE k BETWEEN 7751859 AND 7751959
for range-notcovered
table 1 : explain SELECT k, c FROM sbtest1 WHERE k BETWEEN 6753583 AND 6753683
	Bitmap Heap Scan on sbtest1  (cost=5.52..424.81 rows=106 width=125)
	  Recheck Cond: ((k >= 6753583) AND (k <= 6753683))
	  ->  Bitmap Index Scan on k_1  (cost=0.00..5.50 rows=106 width=0)
	        Index Cond: ((k >= 6753583) AND (k <= 6753683))

table 2 : explain SELECT k, c FROM sbtest2 WHERE k BETWEEN 6753583 AND 6753683
	Bitmap Heap Scan on sbtest2  (cost=5.55..436.62 rows=109 width=125)
	  Recheck Cond: ((k >= 6753583) AND (k <= 6753683))
	  ->  Bitmap Index Scan on k_2  (cost=0.00..5.52 rows=109 width=0)
	        Index Cond: ((k >= 6753583) AND (k <= 6753683))

table 3 : explain SELECT k, c FROM sbtest3 WHERE k BETWEEN 6753583 AND 6753683
	Bitmap Heap Scan on sbtest3  (cost=5.46..401.19 rows=100 width=125)
	  Recheck Cond: ((k >= 6753583) AND (k <= 6753683))
	  ->  Bitmap Index Scan on k_3  (cost=0.00..5.43 rows=100 width=0)
	        Index Cond: ((k >= 6753583) AND (k <= 6753683))

table 4 : explain SELECT k, c FROM sbtest4 WHERE k BETWEEN 6753583 AND 6753683
	Bitmap Heap Scan on sbtest4  (cost=5.53..428.75 rows=107 width=125)
	  Recheck Cond: ((k >= 6753583) AND (k <= 6753683))
	  ->  Bitmap Index Scan on k_4  (cost=0.00..5.50 rows=107 width=0)
	        Index Cond: ((k >= 6753583) AND (k <= 6753683))

table 5 : explain SELECT k, c FROM sbtest5 WHERE k BETWEEN 6753583 AND 6753683
	Bitmap Heap Scan on sbtest5  (cost=5.51..420.88 rows=105 width=125)
	  Recheck Cond: ((k >= 6753583) AND (k <= 6753683))
	  ->  Bitmap Index Scan on k_5  (cost=0.00..5.48 rows=105 width=0)
	        Index Cond: ((k >= 6753583) AND (k <= 6753683))

table 6 : explain SELECT k, c FROM sbtest6 WHERE k BETWEEN 6753583 AND 6753683
	Bitmap Heap Scan on sbtest6  (cost=5.42..385.43 rows=96 width=125)
	  Recheck Cond: ((k >= 6753583) AND (k <= 6753683))
	  ->  Bitmap Index Scan on k_6  (cost=0.00..5.39 rows=96 width=0)
	        Index Cond: ((k >= 6753583) AND (k <= 6753683))

table 7 : explain SELECT k, c FROM sbtest7 WHERE k BETWEEN 6753583 AND 6753683
	Bitmap Heap Scan on sbtest7  (cost=5.44..393.31 rows=98 width=125)
	  Recheck Cond: ((k >= 6753583) AND (k <= 6753683))
	  ->  Bitmap Index Scan on k_7  (cost=0.00..5.42 rows=98 width=0)
	        Index Cond: ((k >= 6753583) AND (k <= 6753683))

table 8 : explain SELECT k, c FROM sbtest8 WHERE k BETWEEN 6753583 AND 6753683
	Bitmap Heap Scan on sbtest8  (cost=5.45..397.25 rows=99 width=125)
	  Recheck Cond: ((k >= 6753583) AND (k <= 6753683))
	  ->  Bitmap Index Scan on k_8  (cost=0.00..5.42 rows=99 width=0)
	        Index Cond: ((k >= 6753583) AND (k <= 6753683))

for range-notcovered
table 1 : explain SELECT k, c FROM sbtest1 WHERE k BETWEEN 3441852 AND 3441952
	Bitmap Heap Scan on sbtest1  (cost=5.46..401.19 rows=100 width=125)
	  Recheck Cond: ((k >= 3441852) AND (k <= 3441952))
	  ->  Bitmap Index Scan on k_1  (cost=0.00..5.43 rows=100 width=0)
	        Index Cond: ((k >= 3441852) AND (k <= 3441952))

table 2 : explain SELECT k, c FROM sbtest2 WHERE k BETWEEN 3441852 AND 3441952
	Bitmap Heap Scan on sbtest2  (cost=5.45..397.25 rows=99 width=125)
	  Recheck Cond: ((k >= 3441852) AND (k <= 3441952))
	  ->  Bitmap Index Scan on k_2  (cost=0.00..5.42 rows=99 width=0)
	        Index Cond: ((k >= 3441852) AND (k <= 3441952))

table 3 : explain SELECT k, c FROM sbtest3 WHERE k BETWEEN 3441852 AND 3441952
	Bitmap Heap Scan on sbtest3  (cost=5.61..460.22 rows=115 width=125)
	  Recheck Cond: ((k >= 3441852) AND (k <= 3441952))
	  ->  Bitmap Index Scan on k_3  (cost=0.00..5.58 rows=115 width=0)
	        Index Cond: ((k >= 3441852) AND (k <= 3441952))

table 4 : explain SELECT k, c FROM sbtest4 WHERE k BETWEEN 3441852 AND 3441952
	Bitmap Heap Scan on sbtest4  (cost=5.56..440.56 rows=110 width=125)
	  Recheck Cond: ((k >= 3441852) AND (k <= 3441952))
	  ->  Bitmap Index Scan on k_4  (cost=0.00..5.53 rows=110 width=0)
	        Index Cond: ((k >= 3441852) AND (k <= 3441952))

table 5 : explain SELECT k, c FROM sbtest5 WHERE k BETWEEN 3441852 AND 3441952
	Bitmap Heap Scan on sbtest5  (cost=5.59..452.36 rows=113 width=125)
	  Recheck Cond: ((k >= 3441852) AND (k <= 3441952))
	  ->  Bitmap Index Scan on k_5  (cost=0.00..5.56 rows=113 width=0)
	        Index Cond: ((k >= 3441852) AND (k <= 3441952))

table 6 : explain SELECT k, c FROM sbtest6 WHERE k BETWEEN 3441852 AND 3441952
	Bitmap Heap Scan on sbtest6  (cost=5.49..413.00 rows=103 width=125)
	  Recheck Cond: ((k >= 3441852) AND (k <= 3441952))
	  ->  Bitmap Index Scan on k_6  (cost=0.00..5.46 rows=103 width=0)
	        Index Cond: ((k >= 3441852) AND (k <= 3441952))

table 7 : explain SELECT k, c FROM sbtest7 WHERE k BETWEEN 3441852 AND 3441952
	Bitmap Heap Scan on sbtest7  (cost=5.51..420.88 rows=105 width=125)
	  Recheck Cond: ((k >= 3441852) AND (k <= 3441952))
	  ->  Bitmap Index Scan on k_7  (cost=0.00..5.48 rows=105 width=0)
	        Index Cond: ((k >= 3441852) AND (k <= 3441952))

table 8 : explain SELECT k, c FROM sbtest8 WHERE k BETWEEN 3441852 AND 3441952
	Bitmap Heap Scan on sbtest8  (cost=5.48..409.07 rows=102 width=125)
	  Recheck Cond: ((k >= 3441852) AND (k <= 3441952))
	  ->  Bitmap Index Scan on k_8  (cost=0.00..5.45 rows=102 width=0)
	        Index Cond: ((k >= 3441852) AND (k <= 3441952))

for range-notcovered
table 1 : explain SELECT k, c FROM sbtest1 WHERE k BETWEEN 4493875 AND 4493975
	Bitmap Heap Scan on sbtest1  (cost=5.58..448.42 rows=112 width=125)
	  Recheck Cond: ((k >= 4493875) AND (k <= 4493975))
	  ->  Bitmap Index Scan on k_1  (cost=0.00..5.55 rows=112 width=0)
	        Index Cond: ((k >= 4493875) AND (k <= 4493975))

table 2 : explain SELECT k, c FROM sbtest2 WHERE k BETWEEN 4493875 AND 4493975
	Bitmap Heap Scan on sbtest2  (cost=5.57..444.49 rows=111 width=125)
	  Recheck Cond: ((k >= 4493875) AND (k <= 4493975))
	  ->  Bitmap Index Scan on k_2  (cost=0.00..5.54 rows=111 width=0)
	        Index Cond: ((k >= 4493875) AND (k <= 4493975))

table 3 : explain SELECT k, c FROM sbtest3 WHERE k BETWEEN 4493875 AND 4493975
	Bitmap Heap Scan on sbtest3  (cost=5.46..401.19 rows=100 width=125)
	  Recheck Cond: ((k >= 4493875) AND (k <= 4493975))
	  ->  Bitmap Index Scan on k_3  (cost=0.00..5.43 rows=100 width=0)
	        Index Cond: ((k >= 4493875) AND (k <= 4493975))

table 4 : explain SELECT k, c FROM sbtest4 WHERE k BETWEEN 4493875 AND 4493975
	Bitmap Heap Scan on sbtest4  (cost=5.57..444.49 rows=111 width=125)
	  Recheck Cond: ((k >= 4493875) AND (k <= 4493975))
	  ->  Bitmap Index Scan on k_4  (cost=0.00..5.54 rows=111 width=0)
	        Index Cond: ((k >= 4493875) AND (k <= 4493975))

table 5 : explain SELECT k, c FROM sbtest5 WHERE k BETWEEN 4493875 AND 4493975
	Bitmap Heap Scan on sbtest5  (cost=5.52..424.81 rows=106 width=125)
	  Recheck Cond: ((k >= 4493875) AND (k <= 4493975))
	  ->  Bitmap Index Scan on k_5  (cost=0.00..5.50 rows=106 width=0)
	        Index Cond: ((k >= 4493875) AND (k <= 4493975))

table 6 : explain SELECT k, c FROM sbtest6 WHERE k BETWEEN 4493875 AND 4493975
	Bitmap Heap Scan on sbtest6  (cost=5.46..401.19 rows=100 width=125)
	  Recheck Cond: ((k >= 4493875) AND (k <= 4493975))
	  ->  Bitmap Index Scan on k_6  (cost=0.00..5.43 rows=100 width=0)
	        Index Cond: ((k >= 4493875) AND (k <= 4493975))

table 7 : explain SELECT k, c FROM sbtest7 WHERE k BETWEEN 4493875 AND 4493975
	Bitmap Heap Scan on sbtest7  (cost=5.47..405.13 rows=101 width=125)
	  Recheck Cond: ((k >= 4493875) AND (k <= 4493975))
	  ->  Bitmap Index Scan on k_7  (cost=0.00..5.44 rows=101 width=0)
	        Index Cond: ((k >= 4493875) AND (k <= 4493975))

table 8 : explain SELECT k, c FROM sbtest8 WHERE k BETWEEN 4493875 AND 4493975
	Bitmap Heap Scan on sbtest8  (cost=5.48..409.07 rows=102 width=125)
	  Recheck Cond: ((k >= 4493875) AND (k <= 4493975))
	  ->  Bitmap Index Scan on k_8  (cost=0.00..5.45 rows=102 width=0)
	        Index Cond: ((k >= 4493875) AND (k <= 4493975))

for range-notcovered
table 1 : explain SELECT k, c FROM sbtest1 WHERE k BETWEEN 8050544 AND 8050644
	Bitmap Heap Scan on sbtest1  (cost=5.49..413.00 rows=103 width=125)
	  Recheck Cond: ((k >= 8050544) AND (k <= 8050644))
	  ->  Bitmap Index Scan on k_1  (cost=0.00..5.46 rows=103 width=0)
	        Index Cond: ((k >= 8050544) AND (k <= 8050644))

table 2 : explain SELECT k, c FROM sbtest2 WHERE k BETWEEN 8050544 AND 8050644
	Bitmap Heap Scan on sbtest2  (cost=5.56..440.56 rows=110 width=125)
	  Recheck Cond: ((k >= 8050544) AND (k <= 8050644))
	  ->  Bitmap Index Scan on k_2  (cost=0.00..5.53 rows=110 width=0)
	        Index Cond: ((k >= 8050544) AND (k <= 8050644))

table 3 : explain SELECT k, c FROM sbtest3 WHERE k BETWEEN 8050544 AND 8050644
	Bitmap Heap Scan on sbtest3  (cost=5.51..420.88 rows=105 width=125)
	  Recheck Cond: ((k >= 8050544) AND (k <= 8050644))
	  ->  Bitmap Index Scan on k_3  (cost=0.00..5.48 rows=105 width=0)
	        Index Cond: ((k >= 8050544) AND (k <= 8050644))

table 4 : explain SELECT k, c FROM sbtest4 WHERE k BETWEEN 8050544 AND 8050644
	Bitmap Heap Scan on sbtest4  (cost=5.39..373.61 rows=93 width=125)
	  Recheck Cond: ((k >= 8050544) AND (k <= 8050644))
	  ->  Bitmap Index Scan on k_4  (cost=0.00..5.36 rows=93 width=0)
	        Index Cond: ((k >= 8050544) AND (k <= 8050644))

table 5 : explain SELECT k, c FROM sbtest5 WHERE k BETWEEN 8050544 AND 8050644
	Bitmap Heap Scan on sbtest5  (cost=5.49..413.00 rows=103 width=125)
	  Recheck Cond: ((k >= 8050544) AND (k <= 8050644))
	  ->  Bitmap Index Scan on k_5  (cost=0.00..5.46 rows=103 width=0)
	        Index Cond: ((k >= 8050544) AND (k <= 8050644))

table 6 : explain SELECT k, c FROM sbtest6 WHERE k BETWEEN 8050544 AND 8050644
	Bitmap Heap Scan on sbtest6  (cost=5.45..397.25 rows=99 width=125)
	  Recheck Cond: ((k >= 8050544) AND (k <= 8050644))
	  ->  Bitmap Index Scan on k_6  (cost=0.00..5.42 rows=99 width=0)
	        Index Cond: ((k >= 8050544) AND (k <= 8050644))

table 7 : explain SELECT k, c FROM sbtest7 WHERE k BETWEEN 8050544 AND 8050644
	Bitmap Heap Scan on sbtest7  (cost=5.40..377.55 rows=94 width=125)
	  Recheck Cond: ((k >= 8050544) AND (k <= 8050644))
	  ->  Bitmap Index Scan on k_7  (cost=0.00..5.38 rows=94 width=0)
	        Index Cond: ((k >= 8050544) AND (k <= 8050644))

table 8 : explain SELECT k, c FROM sbtest8 WHERE k BETWEEN 8050544 AND 8050644
	Bitmap Heap Scan on sbtest8  (cost=5.45..397.25 rows=99 width=125)
	  Recheck Cond: ((k >= 8050544) AND (k <= 8050644))
	  ->  Bitmap Index Scan on k_8  (cost=0.00..5.42 rows=99 width=0)
	        Index Cond: ((k >= 8050544) AND (k <= 8050644))

for range-notcovered
table 1 : explain SELECT k, c FROM sbtest1 WHERE k BETWEEN 6720301 AND 6720401
	Bitmap Heap Scan on sbtest1  (cost=5.52..424.81 rows=106 width=125)
	  Recheck Cond: ((k >= 6720301) AND (k <= 6720401))
	  ->  Bitmap Index Scan on k_1  (cost=0.00..5.50 rows=106 width=0)
	        Index Cond: ((k >= 6720301) AND (k <= 6720401))

table 2 : explain SELECT k, c FROM sbtest2 WHERE k BETWEEN 6720301 AND 6720401
	Bitmap Heap Scan on sbtest2  (cost=5.38..369.67 rows=92 width=125)
	  Recheck Cond: ((k >= 6720301) AND (k <= 6720401))
	  ->  Bitmap Index Scan on k_2  (cost=0.00..5.35 rows=92 width=0)
	        Index Cond: ((k >= 6720301) AND (k <= 6720401))

table 3 : explain SELECT k, c FROM sbtest3 WHERE k BETWEEN 6720301 AND 6720401
	Bitmap Heap Scan on sbtest3  (cost=5.46..401.19 rows=100 width=125)
	  Recheck Cond: ((k >= 6720301) AND (k <= 6720401))
	  ->  Bitmap Index Scan on k_3  (cost=0.00..5.43 rows=100 width=0)
	        Index Cond: ((k >= 6720301) AND (k <= 6720401))

table 4 : explain SELECT k, c FROM sbtest4 WHERE k BETWEEN 6720301 AND 6720401
	Bitmap Heap Scan on sbtest4  (cost=5.53..428.75 rows=107 width=125)
	  Recheck Cond: ((k >= 6720301) AND (k <= 6720401))
	  ->  Bitmap Index Scan on k_4  (cost=0.00..5.50 rows=107 width=0)
	        Index Cond: ((k >= 6720301) AND (k <= 6720401))

table 5 : explain SELECT k, c FROM sbtest5 WHERE k BETWEEN 6720301 AND 6720401
	Bitmap Heap Scan on sbtest5  (cost=5.51..420.88 rows=105 width=125)
	  Recheck Cond: ((k >= 6720301) AND (k <= 6720401))
	  ->  Bitmap Index Scan on k_5  (cost=0.00..5.48 rows=105 width=0)
	        Index Cond: ((k >= 6720301) AND (k <= 6720401))

table 6 : explain SELECT k, c FROM sbtest6 WHERE k BETWEEN 6720301 AND 6720401
	Bitmap Heap Scan on sbtest6  (cost=5.42..385.43 rows=96 width=125)
	  Recheck Cond: ((k >= 6720301) AND (k <= 6720401))
	  ->  Bitmap Index Scan on k_6  (cost=0.00..5.39 rows=96 width=0)
	        Index Cond: ((k >= 6720301) AND (k <= 6720401))

table 7 : explain SELECT k, c FROM sbtest7 WHERE k BETWEEN 6720301 AND 6720401
	Bitmap Heap Scan on sbtest7  (cost=5.44..393.31 rows=98 width=125)
	  Recheck Cond: ((k >= 6720301) AND (k <= 6720401))
	  ->  Bitmap Index Scan on k_7  (cost=0.00..5.42 rows=98 width=0)
	        Index Cond: ((k >= 6720301) AND (k <= 6720401))

table 8 : explain SELECT k, c FROM sbtest8 WHERE k BETWEEN 6720301 AND 6720401
	Bitmap Heap Scan on sbtest8  (cost=5.44..393.31 rows=98 width=125)
	  Recheck Cond: ((k >= 6720301) AND (k <= 6720401))
	  ->  Bitmap Index Scan on k_8  (cost=0.00..5.42 rows=98 width=0)
	        Index Cond: ((k >= 6720301) AND (k <= 6720401))

explain: for range-notcovered :: explain SELECT k, c FROM sbtest%d WHERE k BETWEEN 8050544 AND 8050644
for range-notcovered
table 1 : explain SELECT k, c FROM sbtest1 WHERE k BETWEEN 2505796 AND 2505896
	Bitmap Heap Scan on sbtest1  (cost=5.50..416.94 rows=104 width=125)
	  Recheck Cond: ((k >= 2505796) AND (k <= 2505896))
	  ->  Bitmap Index Scan on k_1  (cost=0.00..5.47 rows=104 width=0)
	        Index Cond: ((k >= 2505796) AND (k <= 2505896))

table 2 : explain SELECT k, c FROM sbtest2 WHERE k BETWEEN 2505796 AND 2505896
	Bitmap Heap Scan on sbtest2  (cost=5.46..401.19 rows=100 width=125)
	  Recheck Cond: ((k >= 2505796) AND (k <= 2505896))
	  ->  Bitmap Index Scan on k_2  (cost=0.00..5.43 rows=100 width=0)
	        Index Cond: ((k >= 2505796) AND (k <= 2505896))

table 3 : explain SELECT k, c FROM sbtest3 WHERE k BETWEEN 2505796 AND 2505896
	Bitmap Heap Scan on sbtest3  (cost=5.49..413.00 rows=103 width=125)
	  Recheck Cond: ((k >= 2505796) AND (k <= 2505896))
	  ->  Bitmap Index Scan on k_3  (cost=0.00..5.46 rows=103 width=0)
	        Index Cond: ((k >= 2505796) AND (k <= 2505896))

table 4 : explain SELECT k, c FROM sbtest4 WHERE k BETWEEN 2505796 AND 2505896
	Bitmap Heap Scan on sbtest4  (cost=5.55..436.62 rows=109 width=125)
	  Recheck Cond: ((k >= 2505796) AND (k <= 2505896))
	  ->  Bitmap Index Scan on k_4  (cost=0.00..5.52 rows=109 width=0)
	        Index Cond: ((k >= 2505796) AND (k <= 2505896))

table 5 : explain SELECT k, c FROM sbtest5 WHERE k BETWEEN 2505796 AND 2505896
	Bitmap Heap Scan on sbtest5  (cost=5.57..444.49 rows=111 width=125)
	  Recheck Cond: ((k >= 2505796) AND (k <= 2505896))
	  ->  Bitmap Index Scan on k_5  (cost=0.00..5.54 rows=111 width=0)
	        Index Cond: ((k >= 2505796) AND (k <= 2505896))

table 6 : explain SELECT k, c FROM sbtest6 WHERE k BETWEEN 2505796 AND 2505896
	Bitmap Heap Scan on sbtest6  (cost=5.42..385.43 rows=96 width=125)
	  Recheck Cond: ((k >= 2505796) AND (k <= 2505896))
	  ->  Bitmap Index Scan on k_6  (cost=0.00..5.39 rows=96 width=0)
	        Index Cond: ((k >= 2505796) AND (k <= 2505896))

table 7 : explain SELECT k, c FROM sbtest7 WHERE k BETWEEN 2505796 AND 2505896
	Bitmap Heap Scan on sbtest7  (cost=5.53..428.75 rows=107 width=125)
	  Recheck Cond: ((k >= 2505796) AND (k <= 2505896))
	  ->  Bitmap Index Scan on k_7  (cost=0.00..5.50 rows=107 width=0)
	        Index Cond: ((k >= 2505796) AND (k <= 2505896))

table 8 : explain SELECT k, c FROM sbtest8 WHERE k BETWEEN 2505796 AND 2505896
	Bitmap Heap Scan on sbtest8  (cost=5.45..397.25 rows=99 width=125)
	  Recheck Cond: ((k >= 2505796) AND (k <= 2505896))
	  ->  Bitmap Index Scan on k_8  (cost=0.00..5.42 rows=99 width=0)
	        Index Cond: ((k >= 2505796) AND (k <= 2505896))

explain: for range-notcovered :: explain SELECT k, c FROM sbtest%d WHERE k BETWEEN 2505796 AND 2505896
for range-notcovered
table 1 : explain SELECT k, c FROM sbtest1 WHERE k BETWEEN 8050544 AND 8050644
	Bitmap Heap Scan on sbtest1  (cost=5.49..413.00 rows=103 width=125)
	  Recheck Cond: ((k >= 8050544) AND (k <= 8050644))
	  ->  Bitmap Index Scan on k_1  (cost=0.00..5.46 rows=103 width=0)
	        Index Cond: ((k >= 8050544) AND (k <= 8050644))

table 2 : explain SELECT k, c FROM sbtest2 WHERE k BETWEEN 8050544 AND 8050644
	Bitmap Heap Scan on sbtest2  (cost=5.56..440.56 rows=110 width=125)
	  Recheck Cond: ((k >= 8050544) AND (k <= 8050644))
	  ->  Bitmap Index Scan on k_2  (cost=0.00..5.53 rows=110 width=0)
	        Index Cond: ((k >= 8050544) AND (k <= 8050644))

table 3 : explain SELECT k, c FROM sbtest3 WHERE k BETWEEN 8050544 AND 8050644
	Bitmap Heap Scan on sbtest3  (cost=5.51..420.88 rows=105 width=125)
	  Recheck Cond: ((k >= 8050544) AND (k <= 8050644))
	  ->  Bitmap Index Scan on k_3  (cost=0.00..5.48 rows=105 width=0)
	        Index Cond: ((k >= 8050544) AND (k <= 8050644))

table 4 : explain SELECT k, c FROM sbtest4 WHERE k BETWEEN 8050544 AND 8050644
	Bitmap Heap Scan on sbtest4  (cost=5.39..373.61 rows=93 width=125)
	  Recheck Cond: ((k >= 8050544) AND (k <= 8050644))
	  ->  Bitmap Index Scan on k_4  (cost=0.00..5.36 rows=93 width=0)
	        Index Cond: ((k >= 8050544) AND (k <= 8050644))

table 5 : explain SELECT k, c FROM sbtest5 WHERE k BETWEEN 8050544 AND 8050644
	Bitmap Heap Scan on sbtest5  (cost=5.49..413.00 rows=103 width=125)
	  Recheck Cond: ((k >= 8050544) AND (k <= 8050644))
	  ->  Bitmap Index Scan on k_5  (cost=0.00..5.46 rows=103 width=0)
	        Index Cond: ((k >= 8050544) AND (k <= 8050644))

table 6 : explain SELECT k, c FROM sbtest6 WHERE k BETWEEN 8050544 AND 8050644
	Bitmap Heap Scan on sbtest6  (cost=5.45..397.25 rows=99 width=125)
	  Recheck Cond: ((k >= 8050544) AND (k <= 8050644))
	  ->  Bitmap Index Scan on k_6  (cost=0.00..5.42 rows=99 width=0)
	        Index Cond: ((k >= 8050544) AND (k <= 8050644))

table 7 : explain SELECT k, c FROM sbtest7 WHERE k BETWEEN 8050544 AND 8050644
	Bitmap Heap Scan on sbtest7  (cost=5.40..377.55 rows=94 width=125)
	  Recheck Cond: ((k >= 8050544) AND (k <= 8050644))
	  ->  Bitmap Index Scan on k_7  (cost=0.00..5.38 rows=94 width=0)
	        Index Cond: ((k >= 8050544) AND (k <= 8050644))

table 8 : explain SELECT k, c FROM sbtest8 WHERE k BETWEEN 8050544 AND 8050644
	Bitmap Heap Scan on sbtest8  (cost=5.45..397.25 rows=99 width=125)
	  Recheck Cond: ((k >= 8050544) AND (k <= 8050644))
	  ->  Bitmap Index Scan on k_8  (cost=0.00..5.42 rows=99 width=0)
	        Index Cond: ((k >= 8050544) AND (k <= 8050644))

explain: for range-notcovered :: explain SELECT k, c FROM sbtest%d WHERE k BETWEEN 8050544 AND 8050644
for range-notcovered
table 1 : explain SELECT k, c FROM sbtest1 WHERE k BETWEEN 3311644 AND 3311744
	Bitmap Heap Scan on sbtest1  (cost=5.51..420.88 rows=105 width=125)
	  Recheck Cond: ((k >= 3311644) AND (k <= 3311744))
	  ->  Bitmap Index Scan on k_1  (cost=0.00..5.48 rows=105 width=0)
	        Index Cond: ((k >= 3311644) AND (k <= 3311744))

table 2 : explain SELECT k, c FROM sbtest2 WHERE k BETWEEN 3311644 AND 3311744
	Bitmap Heap Scan on sbtest2  (cost=5.55..436.62 rows=109 width=125)
	  Recheck Cond: ((k >= 3311644) AND (k <= 3311744))
	  ->  Bitmap Index Scan on k_2  (cost=0.00..5.52 rows=109 width=0)
	        Index Cond: ((k >= 3311644) AND (k <= 3311744))

table 3 : explain SELECT k, c FROM sbtest3 WHERE k BETWEEN 3311644 AND 3311744
	Bitmap Heap Scan on sbtest3  (cost=5.50..416.94 rows=104 width=125)
	  Recheck Cond: ((k >= 3311644) AND (k <= 3311744))
	  ->  Bitmap Index Scan on k_3  (cost=0.00..5.47 rows=104 width=0)
	        Index Cond: ((k >= 3311644) AND (k <= 3311744))

table 4 : explain SELECT k, c FROM sbtest4 WHERE k BETWEEN 3311644 AND 3311744
	Bitmap Heap Scan on sbtest4  (cost=5.61..460.22 rows=115 width=125)
	  Recheck Cond: ((k >= 3311644) AND (k <= 3311744))
	  ->  Bitmap Index Scan on k_4  (cost=0.00..5.58 rows=115 width=0)
	        Index Cond: ((k >= 3311644) AND (k <= 3311744))

table 5 : explain SELECT k, c FROM sbtest5 WHERE k BETWEEN 3311644 AND 3311744
	Bitmap Heap Scan on sbtest5  (cost=5.42..385.43 rows=96 width=125)
	  Recheck Cond: ((k >= 3311644) AND (k <= 3311744))
	  ->  Bitmap Index Scan on k_5  (cost=0.00..5.39 rows=96 width=0)
	        Index Cond: ((k >= 3311644) AND (k <= 3311744))

table 6 : explain SELECT k, c FROM sbtest6 WHERE k BETWEEN 3311644 AND 3311744
	Bitmap Heap Scan on sbtest6  (cost=5.49..413.00 rows=103 width=125)
	  Recheck Cond: ((k >= 3311644) AND (k <= 3311744))
	  ->  Bitmap Index Scan on k_6  (cost=0.00..5.46 rows=103 width=0)
	        Index Cond: ((k >= 3311644) AND (k <= 3311744))

table 7 : explain SELECT k, c FROM sbtest7 WHERE k BETWEEN 3311644 AND 3311744
	Bitmap Heap Scan on sbtest7  (cost=5.48..409.07 rows=102 width=125)
	  Recheck Cond: ((k >= 3311644) AND (k <= 3311744))
	  ->  Bitmap Index Scan on k_7  (cost=0.00..5.45 rows=102 width=0)
	        Index Cond: ((k >= 3311644) AND (k <= 3311744))

table 8 : explain SELECT k, c FROM sbtest8 WHERE k BETWEEN 3311644 AND 3311744
	Bitmap Heap Scan on sbtest8  (cost=5.50..416.94 rows=104 width=125)
	  Recheck Cond: ((k >= 3311644) AND (k <= 3311744))
	  ->  Bitmap Index Scan on k_8  (cost=0.00..5.47 rows=104 width=0)
	        Index Cond: ((k >= 3311644) AND (k <= 3311744))

for range-notcovered
table 1 : explain SELECT k, c FROM sbtest1 WHERE k BETWEEN 6011784 AND 6011884
	Bitmap Heap Scan on sbtest1  (cost=5.39..373.61 rows=93 width=125)
	  Recheck Cond: ((k >= 6011784) AND (k <= 6011884))
	  ->  Bitmap Index Scan on k_1  (cost=0.00..5.36 rows=93 width=0)
	        Index Cond: ((k >= 6011784) AND (k <= 6011884))

table 2 : explain SELECT k, c FROM sbtest2 WHERE k BETWEEN 6011784 AND 6011884
	Bitmap Heap Scan on sbtest2  (cost=5.38..369.67 rows=92 width=125)
	  Recheck Cond: ((k >= 6011784) AND (k <= 6011884))
	  ->  Bitmap Index Scan on k_2  (cost=0.00..5.35 rows=92 width=0)
	        Index Cond: ((k >= 6011784) AND (k <= 6011884))

table 3 : explain SELECT k, c FROM sbtest3 WHERE k BETWEEN 6011784 AND 6011884
	Bitmap Heap Scan on sbtest3  (cost=5.44..393.31 rows=98 width=125)
	  Recheck Cond: ((k >= 6011784) AND (k <= 6011884))
	  ->  Bitmap Index Scan on k_3  (cost=0.00..5.42 rows=98 width=0)
	        Index Cond: ((k >= 6011784) AND (k <= 6011884))

table 4 : explain SELECT k, c FROM sbtest4 WHERE k BETWEEN 6011784 AND 6011884
	Bitmap Heap Scan on sbtest4  (cost=5.48..409.07 rows=102 width=125)
	  Recheck Cond: ((k >= 6011784) AND (k <= 6011884))
	  ->  Bitmap Index Scan on k_4  (cost=0.00..5.45 rows=102 width=0)
	        Index Cond: ((k >= 6011784) AND (k <= 6011884))

table 5 : explain SELECT k, c FROM sbtest5 WHERE k BETWEEN 6011784 AND 6011884
	Bitmap Heap Scan on sbtest5  (cost=5.48..409.07 rows=102 width=125)
	  Recheck Cond: ((k >= 6011784) AND (k <= 6011884))
	  ->  Bitmap Index Scan on k_5  (cost=0.00..5.45 rows=102 width=0)
	        Index Cond: ((k >= 6011784) AND (k <= 6011884))

table 6 : explain SELECT k, c FROM sbtest6 WHERE k BETWEEN 6011784 AND 6011884
	Bitmap Heap Scan on sbtest6  (cost=5.44..393.31 rows=98 width=125)
	  Recheck Cond: ((k >= 6011784) AND (k <= 6011884))
	  ->  Bitmap Index Scan on k_6  (cost=0.00..5.42 rows=98 width=0)
	        Index Cond: ((k >= 6011784) AND (k <= 6011884))

table 7 : explain SELECT k, c FROM sbtest7 WHERE k BETWEEN 6011784 AND 6011884
	Bitmap Heap Scan on sbtest7  (cost=5.40..377.55 rows=94 width=125)
	  Recheck Cond: ((k >= 6011784) AND (k <= 6011884))
	  ->  Bitmap Index Scan on k_7  (cost=0.00..5.38 rows=94 width=0)
	        Index Cond: ((k >= 6011784) AND (k <= 6011884))

table 8 : explain SELECT k, c FROM sbtest8 WHERE k BETWEEN 6011784 AND 6011884
	Bitmap Heap Scan on sbtest8  (cost=5.37..365.72 rows=91 width=125)
	  Recheck Cond: ((k >= 6011784) AND (k <= 6011884))
	  ->  Bitmap Index Scan on k_8  (cost=0.00..5.34 rows=91 width=0)
	        Index Cond: ((k >= 6011784) AND (k <= 6011884))

explain: for range-notcovered :: explain SELECT k, c FROM sbtest%d WHERE k BETWEEN 3311644 AND 3311744
explain: for range-notcovered :: explain SELECT k, c FROM sbtest%d WHERE k BETWEEN 5204075 AND 5204175
explain: for range-notcovered :: explain SELECT k, c FROM sbtest%d WHERE k BETWEEN 6011784 AND 6011884
for range-notcovered
table 1 : explain SELECT k, c FROM sbtest1 WHERE k BETWEEN 2505796 AND 2505896
	Bitmap Heap Scan on sbtest1  (cost=5.50..416.94 rows=104 width=125)
	  Recheck Cond: ((k >= 2505796) AND (k <= 2505896))
	  ->  Bitmap Index Scan on k_1  (cost=0.00..5.47 rows=104 width=0)
	        Index Cond: ((k >= 2505796) AND (k <= 2505896))

table 2 : explain SELECT k, c FROM sbtest2 WHERE k BETWEEN 2505796 AND 2505896
	Bitmap Heap Scan on sbtest2  (cost=5.46..401.19 rows=100 width=125)
	  Recheck Cond: ((k >= 2505796) AND (k <= 2505896))
	  ->  Bitmap Index Scan on k_2  (cost=0.00..5.43 rows=100 width=0)
	        Index Cond: ((k >= 2505796) AND (k <= 2505896))

table 3 : explain SELECT k, c FROM sbtest3 WHERE k BETWEEN 2505796 AND 2505896
	Bitmap Heap Scan on sbtest3  (cost=5.49..413.00 rows=103 width=125)
	  Recheck Cond: ((k >= 2505796) AND (k <= 2505896))
	  ->  Bitmap Index Scan on k_3  (cost=0.00..5.46 rows=103 width=0)
	        Index Cond: ((k >= 2505796) AND (k <= 2505896))

table 4 : explain SELECT k, c FROM sbtest4 WHERE k BETWEEN 2505796 AND 2505896
	Bitmap Heap Scan on sbtest4  (cost=5.55..436.62 rows=109 width=125)
	  Recheck Cond: ((k >= 2505796) AND (k <= 2505896))
	  ->  Bitmap Index Scan on k_4  (cost=0.00..5.52 rows=109 width=0)
	        Index Cond: ((k >= 2505796) AND (k <= 2505896))

table 5 : explain SELECT k, c FROM sbtest5 WHERE k BETWEEN 2505796 AND 2505896
	Bitmap Heap Scan on sbtest5  (cost=5.57..444.49 rows=111 width=125)
	  Recheck Cond: ((k >= 2505796) AND (k <= 2505896))
	  ->  Bitmap Index Scan on k_5  (cost=0.00..5.54 rows=111 width=0)
	        Index Cond: ((k >= 2505796) AND (k <= 2505896))

table 6 : explain SELECT k, c FROM sbtest6 WHERE k BETWEEN 2505796 AND 2505896
	Bitmap Heap Scan on sbtest6  (cost=5.42..385.43 rows=96 width=125)
	  Recheck Cond: ((k >= 2505796) AND (k <= 2505896))
	  ->  Bitmap Index Scan on k_6  (cost=0.00..5.39 rows=96 width=0)
	        Index Cond: ((k >= 2505796) AND (k <= 2505896))

table 7 : explain SELECT k, c FROM sbtest7 WHERE k BETWEEN 2505796 AND 2505896
	Bitmap Heap Scan on sbtest7  (cost=5.53..428.75 rows=107 width=125)
	  Recheck Cond: ((k >= 2505796) AND (k <= 2505896))
	  ->  Bitmap Index Scan on k_7  (cost=0.00..5.50 rows=107 width=0)
	        Index Cond: ((k >= 2505796) AND (k <= 2505896))

table 8 : explain SELECT k, c FROM sbtest8 WHERE k BETWEEN 2505796 AND 2505896
	Bitmap Heap Scan on sbtest8  (cost=5.45..397.25 rows=99 width=125)
	  Recheck Cond: ((k >= 2505796) AND (k <= 2505896))
	  ->  Bitmap Index Scan on k_8  (cost=0.00..5.42 rows=99 width=0)
	        Index Cond: ((k >= 2505796) AND (k <= 2505896))

explain: for range-notcovered :: explain SELECT k, c FROM sbtest%d WHERE k BETWEEN 2505796 AND 2505896
for range-notcovered
table 1 : explain SELECT k, c FROM sbtest1 WHERE k BETWEEN 8050544 AND 8050644
	Bitmap Heap Scan on sbtest1  (cost=5.49..413.00 rows=103 width=125)
	  Recheck Cond: ((k >= 8050544) AND (k <= 8050644))
	  ->  Bitmap Index Scan on k_1  (cost=0.00..5.46 rows=103 width=0)
	        Index Cond: ((k >= 8050544) AND (k <= 8050644))

table 2 : explain SELECT k, c FROM sbtest2 WHERE k BETWEEN 8050544 AND 8050644
	Bitmap Heap Scan on sbtest2  (cost=5.56..440.56 rows=110 width=125)
	  Recheck Cond: ((k >= 8050544) AND (k <= 8050644))
	  ->  Bitmap Index Scan on k_2  (cost=0.00..5.53 rows=110 width=0)
	        Index Cond: ((k >= 8050544) AND (k <= 8050644))

table 3 : explain SELECT k, c FROM sbtest3 WHERE k BETWEEN 8050544 AND 8050644
	Bitmap Heap Scan on sbtest3  (cost=5.51..420.88 rows=105 width=125)
	  Recheck Cond: ((k >= 8050544) AND (k <= 8050644))
	  ->  Bitmap Index Scan on k_3  (cost=0.00..5.48 rows=105 width=0)
	        Index Cond: ((k >= 8050544) AND (k <= 8050644))

table 4 : explain SELECT k, c FROM sbtest4 WHERE k BETWEEN 8050544 AND 8050644
	Bitmap Heap Scan on sbtest4  (cost=5.39..373.61 rows=93 width=125)
	  Recheck Cond: ((k >= 8050544) AND (k <= 8050644))
	  ->  Bitmap Index Scan on k_4  (cost=0.00..5.36 rows=93 width=0)
	        Index Cond: ((k >= 8050544) AND (k <= 8050644))

table 5 : explain SELECT k, c FROM sbtest5 WHERE k BETWEEN 8050544 AND 8050644
	Bitmap Heap Scan on sbtest5  (cost=5.49..413.00 rows=103 width=125)
	  Recheck Cond: ((k >= 8050544) AND (k <= 8050644))
	  ->  Bitmap Index Scan on k_5  (cost=0.00..5.46 rows=103 width=0)
	        Index Cond: ((k >= 8050544) AND (k <= 8050644))

table 6 : explain SELECT k, c FROM sbtest6 WHERE k BETWEEN 8050544 AND 8050644
	Bitmap Heap Scan on sbtest6  (cost=5.45..397.25 rows=99 width=125)
	  Recheck Cond: ((k >= 8050544) AND (k <= 8050644))
	  ->  Bitmap Index Scan on k_6  (cost=0.00..5.42 rows=99 width=0)
	        Index Cond: ((k >= 8050544) AND (k <= 8050644))

table 7 : explain SELECT k, c FROM sbtest7 WHERE k BETWEEN 8050544 AND 8050644
	Bitmap Heap Scan on sbtest7  (cost=5.40..377.55 rows=94 width=125)
	  Recheck Cond: ((k >= 8050544) AND (k <= 8050644))
	  ->  Bitmap Index Scan on k_7  (cost=0.00..5.38 rows=94 width=0)
	        Index Cond: ((k >= 8050544) AND (k <= 8050644))

table 8 : explain SELECT k, c FROM sbtest8 WHERE k BETWEEN 8050544 AND 8050644
	Bitmap Heap Scan on sbtest8  (cost=5.45..397.25 rows=99 width=125)
	  Recheck Cond: ((k >= 8050544) AND (k <= 8050644))
	  ->  Bitmap Index Scan on k_8  (cost=0.00..5.42 rows=99 width=0)
	        Index Cond: ((k >= 8050544) AND (k <= 8050644))

explain: for range-notcovered :: explain SELECT k, c FROM sbtest%d WHERE k BETWEEN 4240972 AND 4241072
explain: for range-notcovered :: explain SELECT k, c FROM sbtest%d WHERE k BETWEEN 8050544 AND 8050644
for range-notcovered
table 1 : explain SELECT k, c FROM sbtest1 WHERE k BETWEEN 6006491 AND 6006591
	Bitmap Heap Scan on sbtest1  (cost=5.39..373.61 rows=93 width=125)
	  Recheck Cond: ((k >= 6006491) AND (k <= 6006591))
	  ->  Bitmap Index Scan on k_1  (cost=0.00..5.36 rows=93 width=0)
	        Index Cond: ((k >= 6006491) AND (k <= 6006591))

table 2 : explain SELECT k, c FROM sbtest2 WHERE k BETWEEN 6006491 AND 6006591
	Bitmap Heap Scan on sbtest2  (cost=5.38..369.67 rows=92 width=125)
	  Recheck Cond: ((k >= 6006491) AND (k <= 6006591))
	  ->  Bitmap Index Scan on k_2  (cost=0.00..5.35 rows=92 width=0)
	        Index Cond: ((k >= 6006491) AND (k <= 6006591))

table 3 : explain SELECT k, c FROM sbtest3 WHERE k BETWEEN 6006491 AND 6006591
	Bitmap Heap Scan on sbtest3  (cost=5.44..393.31 rows=98 width=125)
	  Recheck Cond: ((k >= 6006491) AND (k <= 6006591))
	  ->  Bitmap Index Scan on k_3  (cost=0.00..5.42 rows=98 width=0)
	        Index Cond: ((k >= 6006491) AND (k <= 6006591))

table 4 : explain SELECT k, c FROM sbtest4 WHERE k BETWEEN 6006491 AND 6006591
	Bitmap Heap Scan on sbtest4  (cost=5.48..409.07 rows=102 width=125)
	  Recheck Cond: ((k >= 6006491) AND (k <= 6006591))
	  ->  Bitmap Index Scan on k_4  (cost=0.00..5.45 rows=102 width=0)
	        Index Cond: ((k >= 6006491) AND (k <= 6006591))

table 5 : explain SELECT k, c FROM sbtest5 WHERE k BETWEEN 6006491 AND 6006591
	Bitmap Heap Scan on sbtest5  (cost=5.48..409.07 rows=102 width=125)
	  Recheck Cond: ((k >= 6006491) AND (k <= 6006591))
	  ->  Bitmap Index Scan on k_5  (cost=0.00..5.45 rows=102 width=0)
	        Index Cond: ((k >= 6006491) AND (k <= 6006591))

table 6 : explain SELECT k, c FROM sbtest6 WHERE k BETWEEN 6006491 AND 6006591
	Bitmap Heap Scan on sbtest6  (cost=5.44..393.31 rows=98 width=125)
	  Recheck Cond: ((k >= 6006491) AND (k <= 6006591))
	  ->  Bitmap Index Scan on k_6  (cost=0.00..5.42 rows=98 width=0)
	        Index Cond: ((k >= 6006491) AND (k <= 6006591))

table 7 : explain SELECT k, c FROM sbtest7 WHERE k BETWEEN 6006491 AND 6006591
	Bitmap Heap Scan on sbtest7  (cost=5.40..377.55 rows=94 width=125)
	  Recheck Cond: ((k >= 6006491) AND (k <= 6006591))
	  ->  Bitmap Index Scan on k_7  (cost=0.00..5.38 rows=94 width=0)
	        Index Cond: ((k >= 6006491) AND (k <= 6006591))

table 8 : explain SELECT k, c FROM sbtest8 WHERE k BETWEEN 6006491 AND 6006591
	Bitmap Heap Scan on sbtest8  (cost=5.37..365.72 rows=91 width=125)
	  Recheck Cond: ((k >= 6006491) AND (k <= 6006591))
	  ->  Bitmap Index Scan on k_8  (cost=0.00..5.34 rows=91 width=0)
	        Index Cond: ((k >= 6006491) AND (k <= 6006591))

for range-notcovered
table 1 : explain SELECT k, c FROM sbtest1 WHERE k BETWEEN 3311644 AND 3311744
	Bitmap Heap Scan on sbtest1  (cost=5.51..420.88 rows=105 width=125)
	  Recheck Cond: ((k >= 3311644) AND (k <= 3311744))
	  ->  Bitmap Index Scan on k_1  (cost=0.00..5.48 rows=105 width=0)
	        Index Cond: ((k >= 3311644) AND (k <= 3311744))

table 2 : explain SELECT k, c FROM sbtest2 WHERE k BETWEEN 3311644 AND 3311744
	Bitmap Heap Scan on sbtest2  (cost=5.55..436.62 rows=109 width=125)
	  Recheck Cond: ((k >= 3311644) AND (k <= 3311744))
	  ->  Bitmap Index Scan on k_2  (cost=0.00..5.52 rows=109 width=0)
	        Index Cond: ((k >= 3311644) AND (k <= 3311744))

table 3 : explain SELECT k, c FROM sbtest3 WHERE k BETWEEN 3311644 AND 3311744
	Bitmap Heap Scan on sbtest3  (cost=5.50..416.94 rows=104 width=125)
	  Recheck Cond: ((k >= 3311644) AND (k <= 3311744))
	  ->  Bitmap Index Scan on k_3  (cost=0.00..5.47 rows=104 width=0)
	        Index Cond: ((k >= 3311644) AND (k <= 3311744))

table 4 : explain SELECT k, c FROM sbtest4 WHERE k BETWEEN 3311644 AND 3311744
	Bitmap Heap Scan on sbtest4  (cost=5.61..460.22 rows=115 width=125)
	  Recheck Cond: ((k >= 3311644) AND (k <= 3311744))
	  ->  Bitmap Index Scan on k_4  (cost=0.00..5.58 rows=115 width=0)
	        Index Cond: ((k >= 3311644) AND (k <= 3311744))

table 5 : explain SELECT k, c FROM sbtest5 WHERE k BETWEEN 3311644 AND 3311744
	Bitmap Heap Scan on sbtest5  (cost=5.42..385.43 rows=96 width=125)
	  Recheck Cond: ((k >= 3311644) AND (k <= 3311744))
	  ->  Bitmap Index Scan on k_5  (cost=0.00..5.39 rows=96 width=0)
	        Index Cond: ((k >= 3311644) AND (k <= 3311744))

table 6 : explain SELECT k, c FROM sbtest6 WHERE k BETWEEN 3311644 AND 3311744
	Bitmap Heap Scan on sbtest6  (cost=5.49..413.00 rows=103 width=125)
	  Recheck Cond: ((k >= 3311644) AND (k <= 3311744))
	  ->  Bitmap Index Scan on k_6  (cost=0.00..5.46 rows=103 width=0)
	        Index Cond: ((k >= 3311644) AND (k <= 3311744))

table 7 : explain SELECT k, c FROM sbtest7 WHERE k BETWEEN 3311644 AND 3311744
	Bitmap Heap Scan on sbtest7  (cost=5.48..409.07 rows=102 width=125)
	  Recheck Cond: ((k >= 3311644) AND (k <= 3311744))
	  ->  Bitmap Index Scan on k_7  (cost=0.00..5.45 rows=102 width=0)
	        Index Cond: ((k >= 3311644) AND (k <= 3311744))

table 8 : explain SELECT k, c FROM sbtest8 WHERE k BETWEEN 3311644 AND 3311744
	Bitmap Heap Scan on sbtest8  (cost=5.50..416.94 rows=104 width=125)
	  Recheck Cond: ((k >= 3311644) AND (k <= 3311744))
	  ->  Bitmap Index Scan on k_8  (cost=0.00..5.47 rows=104 width=0)
	        Index Cond: ((k >= 3311644) AND (k <= 3311744))
for range-notcovered
table 1 : explain SELECT k, c FROM sbtest1 WHERE k BETWEEN 6011784 AND 6011884
	Bitmap Heap Scan on sbtest1  (cost=5.39..373.61 rows=93 width=125)
	  Recheck Cond: ((k >= 6011784) AND (k <= 6011884))
	  ->  Bitmap Index Scan on k_1  (cost=0.00..5.36 rows=93 width=0)
	        Index Cond: ((k >= 6011784) AND (k <= 6011884))

table 2 : explain SELECT k, c FROM sbtest2 WHERE k BETWEEN 6011784 AND 6011884
	Bitmap Heap Scan on sbtest2  (cost=5.38..369.67 rows=92 width=125)
	  Recheck Cond: ((k >= 6011784) AND (k <= 6011884))
	  ->  Bitmap Index Scan on k_2  (cost=0.00..5.35 rows=92 width=0)
	        Index Cond: ((k >= 6011784) AND (k <= 6011884))

table 3 : explain SELECT k, c FROM sbtest3 WHERE k BETWEEN 6011784 AND 6011884
	Bitmap Heap Scan on sbtest3  (cost=5.44..393.31 rows=98 width=125)
	  Recheck Cond: ((k >= 6011784) AND (k <= 6011884))
	  ->  Bitmap Index Scan on k_3  (cost=0.00..5.42 rows=98 width=0)
	        Index Cond: ((k >= 6011784) AND (k <= 6011884))

table 4 : explain SELECT k, c FROM sbtest4 WHERE k BETWEEN 6011784 AND 6011884
	Bitmap Heap Scan on sbtest4  (cost=5.48..409.07 rows=102 width=125)
	  Recheck Cond: ((k >= 6011784) AND (k <= 6011884))
	  ->  Bitmap Index Scan on k_4  (cost=0.00..5.45 rows=102 width=0)
	        Index Cond: ((k >= 6011784) AND (k <= 6011884))

table 5 : explain SELECT k, c FROM sbtest5 WHERE k BETWEEN 6011784 AND 6011884
	Bitmap Heap Scan on sbtest5  (cost=5.48..409.07 rows=102 width=125)
	  Recheck Cond: ((k >= 6011784) AND (k <= 6011884))
	  ->  Bitmap Index Scan on k_5  (cost=0.00..5.45 rows=102 width=0)
	        Index Cond: ((k >= 6011784) AND (k <= 6011884))

table 6 : explain SELECT k, c FROM sbtest6 WHERE k BETWEEN 6011784 AND 6011884
	Bitmap Heap Scan on sbtest6  (cost=5.44..393.31 rows=98 width=125)
	  Recheck Cond: ((k >= 6011784) AND (k <= 6011884))
	  ->  Bitmap Index Scan on k_6  (cost=0.00..5.42 rows=98 width=0)
	        Index Cond: ((k >= 6011784) AND (k <= 6011884))

table 7 : explain SELECT k, c FROM sbtest7 WHERE k BETWEEN 6011784 AND 6011884
	Bitmap Heap Scan on sbtest7  (cost=5.40..377.55 rows=94 width=125)
	  Recheck Cond: ((k >= 6011784) AND (k <= 6011884))
	  ->  Bitmap Index Scan on k_7  (cost=0.00..5.38 rows=94 width=0)
	        Index Cond: ((k >= 6011784) AND (k <= 6011884))

table 8 : explain SELECT k, c FROM sbtest8 WHERE k BETWEEN 6011784 AND 6011884
	Bitmap Heap Scan on sbtest8  (cost=5.37..365.72 rows=91 width=125)
	  Recheck Cond: ((k >= 6011784) AND (k <= 6011884))
	  ->  Bitmap Index Scan on k_8  (cost=0.00..5.34 rows=91 width=0)
	        Index Cond: ((k >= 6011784) AND (k <= 6011884))


explain: for range-notcovered :: explain SELECT k, c FROM sbtest%d WHERE k BETWEEN 6006491 AND 6006591
explain: for range-notcovered :: explain SELECT k, c FROM sbtest%d WHERE k BETWEEN 6011784 AND 6011884
explain: for range-notcovered :: explain SELECT k, c FROM sbtest%d WHERE k BETWEEN 3311644 AND 3311744
for range-notcovered
table 1 : explain SELECT k, c FROM sbtest1 WHERE k BETWEEN 2505796 AND 2505896
	Bitmap Heap Scan on sbtest1  (cost=5.50..416.94 rows=104 width=125)
	  Recheck Cond: ((k >= 2505796) AND (k <= 2505896))
	  ->  Bitmap Index Scan on k_1  (cost=0.00..5.47 rows=104 width=0)
	        Index Cond: ((k >= 2505796) AND (k <= 2505896))

table 2 : explain SELECT k, c FROM sbtest2 WHERE k BETWEEN 2505796 AND 2505896
	Bitmap Heap Scan on sbtest2  (cost=5.46..401.19 rows=100 width=125)
	  Recheck Cond: ((k >= 2505796) AND (k <= 2505896))
	  ->  Bitmap Index Scan on k_2  (cost=0.00..5.43 rows=100 width=0)
	        Index Cond: ((k >= 2505796) AND (k <= 2505896))

table 3 : explain SELECT k, c FROM sbtest3 WHERE k BETWEEN 2505796 AND 2505896
	Bitmap Heap Scan on sbtest3  (cost=5.49..413.00 rows=103 width=125)
	  Recheck Cond: ((k >= 2505796) AND (k <= 2505896))
	  ->  Bitmap Index Scan on k_3  (cost=0.00..5.46 rows=103 width=0)
	        Index Cond: ((k >= 2505796) AND (k <= 2505896))

table 4 : explain SELECT k, c FROM sbtest4 WHERE k BETWEEN 2505796 AND 2505896
	Bitmap Heap Scan on sbtest4  (cost=5.55..436.62 rows=109 width=125)
	  Recheck Cond: ((k >= 2505796) AND (k <= 2505896))
	  ->  Bitmap Index Scan on k_4  (cost=0.00..5.52 rows=109 width=0)
	        Index Cond: ((k >= 2505796) AND (k <= 2505896))

table 5 : explain SELECT k, c FROM sbtest5 WHERE k BETWEEN 2505796 AND 2505896
	Bitmap Heap Scan on sbtest5  (cost=5.57..444.49 rows=111 width=125)
	  Recheck Cond: ((k >= 2505796) AND (k <= 2505896))
	  ->  Bitmap Index Scan on k_5  (cost=0.00..5.54 rows=111 width=0)
	        Index Cond: ((k >= 2505796) AND (k <= 2505896))

table 6 : explain SELECT k, c FROM sbtest6 WHERE k BETWEEN 2505796 AND 2505896
	Bitmap Heap Scan on sbtest6  (cost=5.42..385.43 rows=96 width=125)
	  Recheck Cond: ((k >= 2505796) AND (k <= 2505896))
	  ->  Bitmap Index Scan on k_6  (cost=0.00..5.39 rows=96 width=0)
	        Index Cond: ((k >= 2505796) AND (k <= 2505896))

table 7 : explain SELECT k, c FROM sbtest7 WHERE k BETWEEN 2505796 AND 2505896
	Bitmap Heap Scan on sbtest7  (cost=5.53..428.75 rows=107 width=125)
	  Recheck Cond: ((k >= 2505796) AND (k <= 2505896))
	  ->  Bitmap Index Scan on k_7  (cost=0.00..5.50 rows=107 width=0)
	        Index Cond: ((k >= 2505796) AND (k <= 2505896))

table 8 : explain SELECT k, c FROM sbtest8 WHERE k BETWEEN 2505796 AND 2505896
	Bitmap Heap Scan on sbtest8  (cost=5.45..397.25 rows=99 width=125)
	  Recheck Cond: ((k >= 2505796) AND (k <= 2505896))
	  ->  Bitmap Index Scan on k_8  (cost=0.00..5.42 rows=99 width=0)
	        Index Cond: ((k >= 2505796) AND (k <= 2505896))

for range-notcovered
table 1 : explain SELECT k, c FROM sbtest1 WHERE k BETWEEN 8050544 AND 8050644
	Bitmap Heap Scan on sbtest1  (cost=5.49..413.00 rows=103 width=125)
	  Recheck Cond: ((k >= 8050544) AND (k <= 8050644))
	  ->  Bitmap Index Scan on k_1  (cost=0.00..5.46 rows=103 width=0)
	        Index Cond: ((k >= 8050544) AND (k <= 8050644))

table 2 : explain SELECT k, c FROM sbtest2 WHERE k BETWEEN 8050544 AND 8050644
	Bitmap Heap Scan on sbtest2  (cost=5.56..440.56 rows=110 width=125)
	  Recheck Cond: ((k >= 8050544) AND (k <= 8050644))
	  ->  Bitmap Index Scan on k_2  (cost=0.00..5.53 rows=110 width=0)
	        Index Cond: ((k >= 8050544) AND (k <= 8050644))

table 3 : explain SELECT k, c FROM sbtest3 WHERE k BETWEEN 8050544 AND 8050644
	Bitmap Heap Scan on sbtest3  (cost=5.51..420.88 rows=105 width=125)
	  Recheck Cond: ((k >= 8050544) AND (k <= 8050644))
	  ->  Bitmap Index Scan on k_3  (cost=0.00..5.48 rows=105 width=0)
	        Index Cond: ((k >= 8050544) AND (k <= 8050644))

table 4 : explain SELECT k, c FROM sbtest4 WHERE k BETWEEN 8050544 AND 8050644
	Bitmap Heap Scan on sbtest4  (cost=5.39..373.61 rows=93 width=125)
	  Recheck Cond: ((k >= 8050544) AND (k <= 8050644))
	  ->  Bitmap Index Scan on k_4  (cost=0.00..5.36 rows=93 width=0)
	        Index Cond: ((k >= 8050544) AND (k <= 8050644))

table 5 : explain SELECT k, c FROM sbtest5 WHERE k BETWEEN 8050544 AND 8050644
	Bitmap Heap Scan on sbtest5  (cost=5.49..413.00 rows=103 width=125)
	  Recheck Cond: ((k >= 8050544) AND (k <= 8050644))
	  ->  Bitmap Index Scan on k_5  (cost=0.00..5.46 rows=103 width=0)
	        Index Cond: ((k >= 8050544) AND (k <= 8050644))

table 6 : explain SELECT k, c FROM sbtest6 WHERE k BETWEEN 8050544 AND 8050644
	Bitmap Heap Scan on sbtest6  (cost=5.45..397.25 rows=99 width=125)
	  Recheck Cond: ((k >= 8050544) AND (k <= 8050644))
	  ->  Bitmap Index Scan on k_6  (cost=0.00..5.42 rows=99 width=0)
	        Index Cond: ((k >= 8050544) AND (k <= 8050644))

table 7 : explain SELECT k, c FROM sbtest7 WHERE k BETWEEN 8050544 AND 8050644
	Bitmap Heap Scan on sbtest7  (cost=5.40..377.55 rows=94 width=125)
	  Recheck Cond: ((k >= 8050544) AND (k <= 8050644))
	  ->  Bitmap Index Scan on k_7  (cost=0.00..5.38 rows=94 width=0)
	        Index Cond: ((k >= 8050544) AND (k <= 8050644))

table 8 : explain SELECT k, c FROM sbtest8 WHERE k BETWEEN 8050544 AND 8050644
	Bitmap Heap Scan on sbtest8  (cost=5.45..397.25 rows=99 width=125)
	  Recheck Cond: ((k >= 8050544) AND (k <= 8050644))
	  ->  Bitmap Index Scan on k_8  (cost=0.00..5.42 rows=99 width=0)
	        Index Cond: ((k >= 8050544) AND (k <= 8050644))

explain: for range-notcovered :: explain SELECT k, c FROM sbtest%d WHERE k BETWEEN 2505796 AND 2505896
explain: for range-notcovered :: explain SELECT k, c FROM sbtest%d WHERE k BETWEEN 8050544 AND 8050644
for range-notcovered
table 1 : explain SELECT k, c FROM sbtest1 WHERE k BETWEEN 4099561 AND 4099661
	Bitmap Heap Scan on sbtest1  (cost=5.45..397.25 rows=99 width=125)
	  Recheck Cond: ((k >= 4099561) AND (k <= 4099661))
	  ->  Bitmap Index Scan on k_1  (cost=0.00..5.42 rows=99 width=0)
	        Index Cond: ((k >= 4099561) AND (k <= 4099661))

table 2 : explain SELECT k, c FROM sbtest2 WHERE k BETWEEN 4099561 AND 4099661
	Bitmap Heap Scan on sbtest2  (cost=5.47..405.13 rows=101 width=125)
	  Recheck Cond: ((k >= 4099561) AND (k <= 4099661))
	  ->  Bitmap Index Scan on k_2  (cost=0.00..5.44 rows=101 width=0)
	        Index Cond: ((k >= 4099561) AND (k <= 4099661))

table 3 : explain SELECT k, c FROM sbtest3 WHERE k BETWEEN 4099561 AND 4099661
	Bitmap Heap Scan on sbtest3  (cost=5.53..428.75 rows=107 width=125)
	  Recheck Cond: ((k >= 4099561) AND (k <= 4099661))
	  ->  Bitmap Index Scan on k_3  (cost=0.00..5.50 rows=107 width=0)
	        Index Cond: ((k >= 4099561) AND (k <= 4099661))

table 4 : explain SELECT k, c FROM sbtest4 WHERE k BETWEEN 4099561 AND 4099661
	Bitmap Heap Scan on sbtest4  (cost=5.43..389.37 rows=97 width=125)
	  Recheck Cond: ((k >= 4099561) AND (k <= 4099661))
	  ->  Bitmap Index Scan on k_4  (cost=0.00..5.40 rows=97 width=0)
	        Index Cond: ((k >= 4099561) AND (k <= 4099661))

table 5 : explain SELECT k, c FROM sbtest5 WHERE k BETWEEN 4099561 AND 4099661
	Bitmap Heap Scan on sbtest5  (cost=5.48..409.07 rows=102 width=125)
	  Recheck Cond: ((k >= 4099561) AND (k <= 4099661))
	  ->  Bitmap Index Scan on k_5  (cost=0.00..5.45 rows=102 width=0)
	        Index Cond: ((k >= 4099561) AND (k <= 4099661))

table 6 : explain SELECT k, c FROM sbtest6 WHERE k BETWEEN 4099561 AND 4099661
	Bitmap Heap Scan on sbtest6  (cost=5.50..416.94 rows=104 width=125)
	  Recheck Cond: ((k >= 4099561) AND (k <= 4099661))
	  ->  Bitmap Index Scan on k_6  (cost=0.00..5.47 rows=104 width=0)
	        Index Cond: ((k >= 4099561) AND (k <= 4099661))

table 7 : explain SELECT k, c FROM sbtest7 WHERE k BETWEEN 4099561 AND 4099661
	Bitmap Heap Scan on sbtest7  (cost=5.51..420.88 rows=105 width=125)
	  Recheck Cond: ((k >= 4099561) AND (k <= 4099661))
	  ->  Bitmap Index Scan on k_7  (cost=0.00..5.48 rows=105 width=0)
	        Index Cond: ((k >= 4099561) AND (k <= 4099661))

table 8 : explain SELECT k, c FROM sbtest8 WHERE k BETWEEN 4099561 AND 4099661
	Bitmap Heap Scan on sbtest8  (cost=5.40..377.55 rows=94 width=125)
	  Recheck Cond: ((k >= 4099561) AND (k <= 4099661))
	  ->  Bitmap Index Scan on k_8  (cost=0.00..5.38 rows=94 width=0)
	        Index Cond: ((k >= 4099561) AND (k <= 4099661))

explain: for range-notcovered :: explain SELECT k, c FROM sbtest%d WHERE k BETWEEN 4099561 AND 4099661
for range-notcovered
table 1 : explain SELECT k, c FROM sbtest1 WHERE k BETWEEN 7751859 AND 7751959
	Bitmap Heap Scan on sbtest1  (cost=5.56..440.56 rows=110 width=125)
	  Recheck Cond: ((k >= 7751859) AND (k <= 7751959))
	  ->  Bitmap Index Scan on k_1  (cost=0.00..5.53 rows=110 width=0)
	        Index Cond: ((k >= 7751859) AND (k <= 7751959))

table 2 : explain SELECT k, c FROM sbtest2 WHERE k BETWEEN 7751859 AND 7751959
	Bitmap Heap Scan on sbtest2  (cost=5.51..420.88 rows=105 width=125)
	  Recheck Cond: ((k >= 7751859) AND (k <= 7751959))
	  ->  Bitmap Index Scan on k_2  (cost=0.00..5.48 rows=105 width=0)
	        Index Cond: ((k >= 7751859) AND (k <= 7751959))

table 3 : explain SELECT k, c FROM sbtest3 WHERE k BETWEEN 7751859 AND 7751959
	Bitmap Heap Scan on sbtest3  (cost=5.54..432.69 rows=108 width=125)
	  Recheck Cond: ((k >= 7751859) AND (k <= 7751959))
	  ->  Bitmap Index Scan on k_3  (cost=0.00..5.51 rows=108 width=0)
	        Index Cond: ((k >= 7751859) AND (k <= 7751959))

table 4 : explain SELECT k, c FROM sbtest4 WHERE k BETWEEN 7751859 AND 7751959
	Bitmap Heap Scan on sbtest4  (cost=5.45..397.25 rows=99 width=125)
	  Recheck Cond: ((k >= 7751859) AND (k <= 7751959))
	  ->  Bitmap Index Scan on k_4  (cost=0.00..5.42 rows=99 width=0)
	        Index Cond: ((k >= 7751859) AND (k <= 7751959))

table 5 : explain SELECT k, c FROM sbtest5 WHERE k BETWEEN 7751859 AND 7751959
	Bitmap Heap Scan on sbtest5  (cost=5.48..409.07 rows=102 width=125)
	  Recheck Cond: ((k >= 7751859) AND (k <= 7751959))
	  ->  Bitmap Index Scan on k_5  (cost=0.00..5.45 rows=102 width=0)
	        Index Cond: ((k >= 7751859) AND (k <= 7751959))

table 6 : explain SELECT k, c FROM sbtest6 WHERE k BETWEEN 7751859 AND 7751959
	Bitmap Heap Scan on sbtest6  (cost=5.51..420.88 rows=105 width=125)
	  Recheck Cond: ((k >= 7751859) AND (k <= 7751959))
	  ->  Bitmap Index Scan on k_6  (cost=0.00..5.48 rows=105 width=0)
	        Index Cond: ((k >= 7751859) AND (k <= 7751959))

table 7 : explain SELECT k, c FROM sbtest7 WHERE k BETWEEN 7751859 AND 7751959
	Bitmap Heap Scan on sbtest7  (cost=5.54..432.69 rows=108 width=125)
	  Recheck Cond: ((k >= 7751859) AND (k <= 7751959))
	  ->  Bitmap Index Scan on k_7  (cost=0.00..5.51 rows=108 width=0)
	        Index Cond: ((k >= 7751859) AND (k <= 7751959))

table 8 : explain SELECT k, c FROM sbtest8 WHERE k BETWEEN 7751859 AND 7751959
	Bitmap Heap Scan on sbtest8  (cost=5.49..413.00 rows=103 width=125)
	  Recheck Cond: ((k >= 7751859) AND (k <= 7751959))
	  ->  Bitmap Index Scan on k_8  (cost=0.00..5.46 rows=103 width=0)
	        Index Cond: ((k >= 7751859) AND (k <= 7751959))

explain: for range-notcovered :: explain SELECT k, c FROM sbtest%d WHERE k BETWEEN 7751859 AND 7751959
for range-notcovered
table 1 : explain SELECT k, c FROM sbtest1 WHERE k BETWEEN 6006491 AND 6006591
	Bitmap Heap Scan on sbtest1  (cost=5.39..373.61 rows=93 width=125)
	  Recheck Cond: ((k >= 6006491) AND (k <= 6006591))
	  ->  Bitmap Index Scan on k_1  (cost=0.00..5.36 rows=93 width=0)
	        Index Cond: ((k >= 6006491) AND (k <= 6006591))

table 2 : explain SELECT k, c FROM sbtest2 WHERE k BETWEEN 6006491 AND 6006591
	Bitmap Heap Scan on sbtest2  (cost=5.38..369.67 rows=92 width=125)
	  Recheck Cond: ((k >= 6006491) AND (k <= 6006591))
	  ->  Bitmap Index Scan on k_2  (cost=0.00..5.35 rows=92 width=0)
	        Index Cond: ((k >= 6006491) AND (k <= 6006591))

table 3 : explain SELECT k, c FROM sbtest3 WHERE k BETWEEN 6006491 AND 6006591
	Bitmap Heap Scan on sbtest3  (cost=5.44..393.31 rows=98 width=125)
	  Recheck Cond: ((k >= 6006491) AND (k <= 6006591))
	  ->  Bitmap Index Scan on k_3  (cost=0.00..5.42 rows=98 width=0)
	        Index Cond: ((k >= 6006491) AND (k <= 6006591))

table 4 : explain SELECT k, c FROM sbtest4 WHERE k BETWEEN 6006491 AND 6006591
	Bitmap Heap Scan on sbtest4  (cost=5.48..409.07 rows=102 width=125)
	  Recheck Cond: ((k >= 6006491) AND (k <= 6006591))
	  ->  Bitmap Index Scan on k_4  (cost=0.00..5.45 rows=102 width=0)
	        Index Cond: ((k >= 6006491) AND (k <= 6006591))

table 5 : explain SELECT k, c FROM sbtest5 WHERE k BETWEEN 6006491 AND 6006591
	Bitmap Heap Scan on sbtest5  (cost=5.48..409.07 rows=102 width=125)
	  Recheck Cond: ((k >= 6006491) AND (k <= 6006591))
	  ->  Bitmap Index Scan on k_5  (cost=0.00..5.45 rows=102 width=0)
	        Index Cond: ((k >= 6006491) AND (k <= 6006591))

table 6 : explain SELECT k, c FROM sbtest6 WHERE k BETWEEN 6006491 AND 6006591
	Bitmap Heap Scan on sbtest6  (cost=5.44..393.31 rows=98 width=125)
	  Recheck Cond: ((k >= 6006491) AND (k <= 6006591))
	  ->  Bitmap Index Scan on k_6  (cost=0.00..5.42 rows=98 width=0)
	        Index Cond: ((k >= 6006491) AND (k <= 6006591))

table 7 : explain SELECT k, c FROM sbtest7 WHERE k BETWEEN 6006491 AND 6006591
	Bitmap Heap Scan on sbtest7  (cost=5.40..377.55 rows=94 width=125)
	  Recheck Cond: ((k >= 6006491) AND (k <= 6006591))
	  ->  Bitmap Index Scan on k_7  (cost=0.00..5.38 rows=94 width=0)
	        Index Cond: ((k >= 6006491) AND (k <= 6006591))

table 8 : explain SELECT k, c FROM sbtest8 WHERE k BETWEEN 6006491 AND 6006591
	Bitmap Heap Scan on sbtest8  (cost=5.37..365.72 rows=91 width=125)
	  Recheck Cond: ((k >= 6006491) AND (k <= 6006591))
	  ->  Bitmap Index Scan on k_8  (cost=0.00..5.34 rows=91 width=0)
	        Index Cond: ((k >= 6006491) AND (k <= 6006591))

for range-notcovered
table 1 : explain SELECT k, c FROM sbtest1 WHERE k BETWEEN 6011784 AND 6011884
	Bitmap Heap Scan on sbtest1  (cost=5.39..373.61 rows=93 width=125)
	  Recheck Cond: ((k >= 6011784) AND (k <= 6011884))
	  ->  Bitmap Index Scan on k_1  (cost=0.00..5.36 rows=93 width=0)
	        Index Cond: ((k >= 6011784) AND (k <= 6011884))

table 2 : explain SELECT k, c FROM sbtest2 WHERE k BETWEEN 6011784 AND 6011884
	Bitmap Heap Scan on sbtest2  (cost=5.38..369.67 rows=92 width=125)
	  Recheck Cond: ((k >= 6011784) AND (k <= 6011884))
	  ->  Bitmap Index Scan on k_2  (cost=0.00..5.35 rows=92 width=0)
	        Index Cond: ((k >= 6011784) AND (k <= 6011884))

table 3 : explain SELECT k, c FROM sbtest3 WHERE k BETWEEN 6011784 AND 6011884
	Bitmap Heap Scan on sbtest3  (cost=5.44..393.31 rows=98 width=125)
	  Recheck Cond: ((k >= 6011784) AND (k <= 6011884))
	  ->  Bitmap Index Scan on k_3  (cost=0.00..5.42 rows=98 width=0)
	        Index Cond: ((k >= 6011784) AND (k <= 6011884))

table 4 : explain SELECT k, c FROM sbtest4 WHERE k BETWEEN 6011784 AND 6011884
	Bitmap Heap Scan on sbtest4  (cost=5.48..409.07 rows=102 width=125)
	  Recheck Cond: ((k >= 6011784) AND (k <= 6011884))
	  ->  Bitmap Index Scan on k_4  (cost=0.00..5.45 rows=102 width=0)
	        Index Cond: ((k >= 6011784) AND (k <= 6011884))

table 5 : explain SELECT k, c FROM sbtest5 WHERE k BETWEEN 6011784 AND 6011884
	Bitmap Heap Scan on sbtest5  (cost=5.48..409.07 rows=102 width=125)
	  Recheck Cond: ((k >= 6011784) AND (k <= 6011884))
	  ->  Bitmap Index Scan on k_5  (cost=0.00..5.45 rows=102 width=0)
	        Index Cond: ((k >= 6011784) AND (k <= 6011884))

table 6 : explain SELECT k, c FROM sbtest6 WHERE k BETWEEN 6011784 AND 6011884
	Bitmap Heap Scan on sbtest6  (cost=5.44..393.31 rows=98 width=125)
	  Recheck Cond: ((k >= 6011784) AND (k <= 6011884))
	  ->  Bitmap Index Scan on k_6  (cost=0.00..5.42 rows=98 width=0)
	        Index Cond: ((k >= 6011784) AND (k <= 6011884))

table 7 : explain SELECT k, c FROM sbtest7 WHERE k BETWEEN 6011784 AND 6011884
	Bitmap Heap Scan on sbtest7  (cost=5.40..377.55 rows=94 width=125)
	  Recheck Cond: ((k >= 6011784) AND (k <= 6011884))
	  ->  Bitmap Index Scan on k_7  (cost=0.00..5.38 rows=94 width=0)
	        Index Cond: ((k >= 6011784) AND (k <= 6011884))

table 8 : explain SELECT k, c FROM sbtest8 WHERE k BETWEEN 6011784 AND 6011884
	Bitmap Heap Scan on sbtest8  (cost=5.37..365.72 rows=91 width=125)
	  Recheck Cond: ((k >= 6011784) AND (k <= 6011884))
	  ->  Bitmap Index Scan on k_8  (cost=0.00..5.34 rows=91 width=0)
	        Index Cond: ((k >= 6011784) AND (k <= 6011884))

for range-notcovered
table 1 : explain SELECT k, c FROM sbtest1 WHERE k BETWEEN 3311644 AND 3311744
	Bitmap Heap Scan on sbtest1  (cost=5.51..420.88 rows=105 width=125)
	  Recheck Cond: ((k >= 3311644) AND (k <= 3311744))
	  ->  Bitmap Index Scan on k_1  (cost=0.00..5.48 rows=105 width=0)
	        Index Cond: ((k >= 3311644) AND (k <= 3311744))

table 2 : explain SELECT k, c FROM sbtest2 WHERE k BETWEEN 3311644 AND 3311744
	Bitmap Heap Scan on sbtest2  (cost=5.55..436.62 rows=109 width=125)
	  Recheck Cond: ((k >= 3311644) AND (k <= 3311744))
	  ->  Bitmap Index Scan on k_2  (cost=0.00..5.52 rows=109 width=0)
	        Index Cond: ((k >= 3311644) AND (k <= 3311744))

table 3 : explain SELECT k, c FROM sbtest3 WHERE k BETWEEN 3311644 AND 3311744
	Bitmap Heap Scan on sbtest3  (cost=5.50..416.94 rows=104 width=125)
	  Recheck Cond: ((k >= 3311644) AND (k <= 3311744))
	  ->  Bitmap Index Scan on k_3  (cost=0.00..5.47 rows=104 width=0)
	        Index Cond: ((k >= 3311644) AND (k <= 3311744))

table 4 : explain SELECT k, c FROM sbtest4 WHERE k BETWEEN 3311644 AND 3311744
	Bitmap Heap Scan on sbtest4  (cost=5.61..460.22 rows=115 width=125)
	  Recheck Cond: ((k >= 3311644) AND (k <= 3311744))
	  ->  Bitmap Index Scan on k_4  (cost=0.00..5.58 rows=115 width=0)
	        Index Cond: ((k >= 3311644) AND (k <= 3311744))

table 5 : explain SELECT k, c FROM sbtest5 WHERE k BETWEEN 3311644 AND 3311744
	Bitmap Heap Scan on sbtest5  (cost=5.42..385.43 rows=96 width=125)
	  Recheck Cond: ((k >= 3311644) AND (k <= 3311744))
	  ->  Bitmap Index Scan on k_5  (cost=0.00..5.39 rows=96 width=0)
	        Index Cond: ((k >= 3311644) AND (k <= 3311744))

table 6 : explain SELECT k, c FROM sbtest6 WHERE k BETWEEN 3311644 AND 3311744
	Bitmap Heap Scan on sbtest6  (cost=5.49..413.00 rows=103 width=125)
	  Recheck Cond: ((k >= 3311644) AND (k <= 3311744))
	  ->  Bitmap Index Scan on k_6  (cost=0.00..5.46 rows=103 width=0)
	        Index Cond: ((k >= 3311644) AND (k <= 3311744))

table 7 : explain SELECT k, c FROM sbtest7 WHERE k BETWEEN 3311644 AND 3311744
	Bitmap Heap Scan on sbtest7  (cost=5.48..409.07 rows=102 width=125)
	  Recheck Cond: ((k >= 3311644) AND (k <= 3311744))
	  ->  Bitmap Index Scan on k_7  (cost=0.00..5.45 rows=102 width=0)
	        Index Cond: ((k >= 3311644) AND (k <= 3311744))

table 8 : explain SELECT k, c FROM sbtest8 WHERE k BETWEEN 3311644 AND 3311744
	Bitmap Heap Scan on sbtest8  (cost=5.50..416.94 rows=104 width=125)
	  Recheck Cond: ((k >= 3311644) AND (k <= 3311744))
	  ->  Bitmap Index Scan on k_8  (cost=0.00..5.47 rows=104 width=0)
	        Index Cond: ((k >= 3311644) AND (k <= 3311744))

explain: for range-notcovered :: explain SELECT k, c FROM sbtest%d WHERE k BETWEEN 6006491 AND 6006591
explain: for range-notcovered :: explain SELECT k, c FROM sbtest%d WHERE k BETWEEN 6011784 AND 6011884
explain: for range-notcovered :: explain SELECT k, c FROM sbtest%d WHERE k BETWEEN 3311644 AND 3311744
for range-notcovered
table 1 : explain SELECT k, c FROM sbtest1 WHERE k BETWEEN 8050544 AND 8050644
	Bitmap Heap Scan on sbtest1  (cost=5.49..413.00 rows=103 width=125)
	  Recheck Cond: ((k >= 8050544) AND (k <= 8050644))
	  ->  Bitmap Index Scan on k_1  (cost=0.00..5.46 rows=103 width=0)
	        Index Cond: ((k >= 8050544) AND (k <= 8050644))

table 2 : explain SELECT k, c FROM sbtest2 WHERE k BETWEEN 8050544 AND 8050644
	Bitmap Heap Scan on sbtest2  (cost=5.56..440.56 rows=110 width=125)
	  Recheck Cond: ((k >= 8050544) AND (k <= 8050644))
	  ->  Bitmap Index Scan on k_2  (cost=0.00..5.53 rows=110 width=0)
	        Index Cond: ((k >= 8050544) AND (k <= 8050644))

table 3 : explain SELECT k, c FROM sbtest3 WHERE k BETWEEN 8050544 AND 8050644
	Bitmap Heap Scan on sbtest3  (cost=5.51..420.88 rows=105 width=125)
	  Recheck Cond: ((k >= 8050544) AND (k <= 8050644))
	  ->  Bitmap Index Scan on k_3  (cost=0.00..5.48 rows=105 width=0)
	        Index Cond: ((k >= 8050544) AND (k <= 8050644))

table 4 : explain SELECT k, c FROM sbtest4 WHERE k BETWEEN 8050544 AND 8050644
	Bitmap Heap Scan on sbtest4  (cost=5.39..373.61 rows=93 width=125)
	  Recheck Cond: ((k >= 8050544) AND (k <= 8050644))
	  ->  Bitmap Index Scan on k_4  (cost=0.00..5.36 rows=93 width=0)
	        Index Cond: ((k >= 8050544) AND (k <= 8050644))

table 5 : explain SELECT k, c FROM sbtest5 WHERE k BETWEEN 8050544 AND 8050644
	Bitmap Heap Scan on sbtest5  (cost=5.49..413.00 rows=103 width=125)
	  Recheck Cond: ((k >= 8050544) AND (k <= 8050644))
	  ->  Bitmap Index Scan on k_5  (cost=0.00..5.46 rows=103 width=0)
	        Index Cond: ((k >= 8050544) AND (k <= 8050644))

table 6 : explain SELECT k, c FROM sbtest6 WHERE k BETWEEN 8050544 AND 8050644
	Bitmap Heap Scan on sbtest6  (cost=5.45..397.25 rows=99 width=125)
	  Recheck Cond: ((k >= 8050544) AND (k <= 8050644))
	  ->  Bitmap Index Scan on k_6  (cost=0.00..5.42 rows=99 width=0)
	        Index Cond: ((k >= 8050544) AND (k <= 8050644))

table 7 : explain SELECT k, c FROM sbtest7 WHERE k BETWEEN 8050544 AND 8050644
	Bitmap Heap Scan on sbtest7  (cost=5.40..377.55 rows=94 width=125)
	  Recheck Cond: ((k >= 8050544) AND (k <= 8050644))
	  ->  Bitmap Index Scan on k_7  (cost=0.00..5.38 rows=94 width=0)
	        Index Cond: ((k >= 8050544) AND (k <= 8050644))

table 8 : explain SELECT k, c FROM sbtest8 WHERE k BETWEEN 8050544 AND 8050644
	Bitmap Heap Scan on sbtest8  (cost=5.45..397.25 rows=99 width=125)
	  Recheck Cond: ((k >= 8050544) AND (k <= 8050644))
	  ->  Bitmap Index Scan on k_8  (cost=0.00..5.42 rows=99 width=0)
	        Index Cond: ((k >= 8050544) AND (k <= 8050644))

for range-notcovered
table 1 : explain SELECT k, c FROM sbtest1 WHERE k BETWEEN 2505796 AND 2505896
	Bitmap Heap Scan on sbtest1  (cost=5.50..416.94 rows=104 width=125)
	  Recheck Cond: ((k >= 2505796) AND (k <= 2505896))
	  ->  Bitmap Index Scan on k_1  (cost=0.00..5.47 rows=104 width=0)
	        Index Cond: ((k >= 2505796) AND (k <= 2505896))

table 2 : explain SELECT k, c FROM sbtest2 WHERE k BETWEEN 2505796 AND 2505896
	Bitmap Heap Scan on sbtest2  (cost=5.46..401.19 rows=100 width=125)
	  Recheck Cond: ((k >= 2505796) AND (k <= 2505896))
	  ->  Bitmap Index Scan on k_2  (cost=0.00..5.43 rows=100 width=0)
	        Index Cond: ((k >= 2505796) AND (k <= 2505896))

table 3 : explain SELECT k, c FROM sbtest3 WHERE k BETWEEN 2505796 AND 2505896
	Bitmap Heap Scan on sbtest3  (cost=5.49..413.00 rows=103 width=125)
	  Recheck Cond: ((k >= 2505796) AND (k <= 2505896))
	  ->  Bitmap Index Scan on k_3  (cost=0.00..5.46 rows=103 width=0)
	        Index Cond: ((k >= 2505796) AND (k <= 2505896))

table 4 : explain SELECT k, c FROM sbtest4 WHERE k BETWEEN 2505796 AND 2505896
	Bitmap Heap Scan on sbtest4  (cost=5.55..436.62 rows=109 width=125)
	  Recheck Cond: ((k >= 2505796) AND (k <= 2505896))
	  ->  Bitmap Index Scan on k_4  (cost=0.00..5.52 rows=109 width=0)
	        Index Cond: ((k >= 2505796) AND (k <= 2505896))

table 5 : explain SELECT k, c FROM sbtest5 WHERE k BETWEEN 2505796 AND 2505896
	Bitmap Heap Scan on sbtest5  (cost=5.57..444.49 rows=111 width=125)
	  Recheck Cond: ((k >= 2505796) AND (k <= 2505896))
	  ->  Bitmap Index Scan on k_5  (cost=0.00..5.54 rows=111 width=0)
	        Index Cond: ((k >= 2505796) AND (k <= 2505896))

table 6 : explain SELECT k, c FROM sbtest6 WHERE k BETWEEN 2505796 AND 2505896
	Bitmap Heap Scan on sbtest6  (cost=5.42..385.43 rows=96 width=125)
	  Recheck Cond: ((k >= 2505796) AND (k <= 2505896))
	  ->  Bitmap Index Scan on k_6  (cost=0.00..5.39 rows=96 width=0)
	        Index Cond: ((k >= 2505796) AND (k <= 2505896))

table 7 : explain SELECT k, c FROM sbtest7 WHERE k BETWEEN 2505796 AND 2505896
	Bitmap Heap Scan on sbtest7  (cost=5.53..428.75 rows=107 width=125)
	  Recheck Cond: ((k >= 2505796) AND (k <= 2505896))
	  ->  Bitmap Index Scan on k_7  (cost=0.00..5.50 rows=107 width=0)
	        Index Cond: ((k >= 2505796) AND (k <= 2505896))

table 8 : explain SELECT k, c FROM sbtest8 WHERE k BETWEEN 2505796 AND 2505896
	Bitmap Heap Scan on sbtest8  (cost=5.45..397.25 rows=99 width=125)
	  Recheck Cond: ((k >= 2505796) AND (k <= 2505896))
	  ->  Bitmap Index Scan on k_8  (cost=0.00..5.42 rows=99 width=0)
	        Index Cond: ((k >= 2505796) AND (k <= 2505896))

explain: for range-notcovered :: explain SELECT k, c FROM sbtest%d WHERE k BETWEEN 2505796 AND 2505896
for range-notcovered
table 1 : explain SELECT k, c FROM sbtest1 WHERE k BETWEEN 4099561 AND 4099661
	Bitmap Heap Scan on sbtest1  (cost=5.45..397.25 rows=99 width=125)
	  Recheck Cond: ((k >= 4099561) AND (k <= 4099661))
	  ->  Bitmap Index Scan on k_1  (cost=0.00..5.42 rows=99 width=0)
	        Index Cond: ((k >= 4099561) AND (k <= 4099661))

table 2 : explain SELECT k, c FROM sbtest2 WHERE k BETWEEN 4099561 AND 4099661
	Bitmap Heap Scan on sbtest2  (cost=5.47..405.13 rows=101 width=125)
	  Recheck Cond: ((k >= 4099561) AND (k <= 4099661))
	  ->  Bitmap Index Scan on k_2  (cost=0.00..5.44 rows=101 width=0)
	        Index Cond: ((k >= 4099561) AND (k <= 4099661))

table 3 : explain SELECT k, c FROM sbtest3 WHERE k BETWEEN 4099561 AND 4099661
	Bitmap Heap Scan on sbtest3  (cost=5.53..428.75 rows=107 width=125)
	  Recheck Cond: ((k >= 4099561) AND (k <= 4099661))
	  ->  Bitmap Index Scan on k_3  (cost=0.00..5.50 rows=107 width=0)
	        Index Cond: ((k >= 4099561) AND (k <= 4099661))

table 4 : explain SELECT k, c FROM sbtest4 WHERE k BETWEEN 4099561 AND 4099661
	Bitmap Heap Scan on sbtest4  (cost=5.43..389.37 rows=97 width=125)
	  Recheck Cond: ((k >= 4099561) AND (k <= 4099661))
	  ->  Bitmap Index Scan on k_4  (cost=0.00..5.40 rows=97 width=0)
	        Index Cond: ((k >= 4099561) AND (k <= 4099661))

table 5 : explain SELECT k, c FROM sbtest5 WHERE k BETWEEN 4099561 AND 4099661
	Bitmap Heap Scan on sbtest5  (cost=5.48..409.07 rows=102 width=125)
	  Recheck Cond: ((k >= 4099561) AND (k <= 4099661))
	  ->  Bitmap Index Scan on k_5  (cost=0.00..5.45 rows=102 width=0)
	        Index Cond: ((k >= 4099561) AND (k <= 4099661))

table 6 : explain SELECT k, c FROM sbtest6 WHERE k BETWEEN 4099561 AND 4099661
	Bitmap Heap Scan on sbtest6  (cost=5.50..416.94 rows=104 width=125)
	  Recheck Cond: ((k >= 4099561) AND (k <= 4099661))
	  ->  Bitmap Index Scan on k_6  (cost=0.00..5.47 rows=104 width=0)
	        Index Cond: ((k >= 4099561) AND (k <= 4099661))

table 7 : explain SELECT k, c FROM sbtest7 WHERE k BETWEEN 4099561 AND 4099661
	Bitmap Heap Scan on sbtest7  (cost=5.51..420.88 rows=105 width=125)
	  Recheck Cond: ((k >= 4099561) AND (k <= 4099661))
	  ->  Bitmap Index Scan on k_7  (cost=0.00..5.48 rows=105 width=0)
	        Index Cond: ((k >= 4099561) AND (k <= 4099661))

table 8 : explain SELECT k, c FROM sbtest8 WHERE k BETWEEN 4099561 AND 4099661
	Bitmap Heap Scan on sbtest8  (cost=5.40..377.55 rows=94 width=125)
	  Recheck Cond: ((k >= 4099561) AND (k <= 4099661))
	  ->  Bitmap Index Scan on k_8  (cost=0.00..5.38 rows=94 width=0)
	        Index Cond: ((k >= 4099561) AND (k <= 4099661))

explain: for range-notcovered :: explain SELECT k, c FROM sbtest%d WHERE k BETWEEN 4099561 AND 4099661
for range-notcovered
table 1 : explain SELECT k, c FROM sbtest1 WHERE k BETWEEN 7751859 AND 7751959
	Bitmap Heap Scan on sbtest1  (cost=5.56..440.56 rows=110 width=125)
	  Recheck Cond: ((k >= 7751859) AND (k <= 7751959))
	  ->  Bitmap Index Scan on k_1  (cost=0.00..5.53 rows=110 width=0)
	        Index Cond: ((k >= 7751859) AND (k <= 7751959))

table 2 : explain SELECT k, c FROM sbtest2 WHERE k BETWEEN 7751859 AND 7751959
	Bitmap Heap Scan on sbtest2  (cost=5.51..420.88 rows=105 width=125)
	  Recheck Cond: ((k >= 7751859) AND (k <= 7751959))
	  ->  Bitmap Index Scan on k_2  (cost=0.00..5.48 rows=105 width=0)
	        Index Cond: ((k >= 7751859) AND (k <= 7751959))

table 3 : explain SELECT k, c FROM sbtest3 WHERE k BETWEEN 7751859 AND 7751959
	Bitmap Heap Scan on sbtest3  (cost=5.54..432.69 rows=108 width=125)
	  Recheck Cond: ((k >= 7751859) AND (k <= 7751959))
	  ->  Bitmap Index Scan on k_3  (cost=0.00..5.51 rows=108 width=0)
	        Index Cond: ((k >= 7751859) AND (k <= 7751959))

table 4 : explain SELECT k, c FROM sbtest4 WHERE k BETWEEN 7751859 AND 7751959
	Bitmap Heap Scan on sbtest4  (cost=5.45..397.25 rows=99 width=125)
	  Recheck Cond: ((k >= 7751859) AND (k <= 7751959))
	  ->  Bitmap Index Scan on k_4  (cost=0.00..5.42 rows=99 width=0)
	        Index Cond: ((k >= 7751859) AND (k <= 7751959))

table 5 : explain SELECT k, c FROM sbtest5 WHERE k BETWEEN 7751859 AND 7751959
	Bitmap Heap Scan on sbtest5  (cost=5.48..409.07 rows=102 width=125)
	  Recheck Cond: ((k >= 7751859) AND (k <= 7751959))
	  ->  Bitmap Index Scan on k_5  (cost=0.00..5.45 rows=102 width=0)
	        Index Cond: ((k >= 7751859) AND (k <= 7751959))

table 6 : explain SELECT k, c FROM sbtest6 WHERE k BETWEEN 7751859 AND 7751959
	Bitmap Heap Scan on sbtest6  (cost=5.51..420.88 rows=105 width=125)
	  Recheck Cond: ((k >= 7751859) AND (k <= 7751959))
	  ->  Bitmap Index Scan on k_6  (cost=0.00..5.48 rows=105 width=0)
	        Index Cond: ((k >= 7751859) AND (k <= 7751959))

table 7 : explain SELECT k, c FROM sbtest7 WHERE k BETWEEN 7751859 AND 7751959
	Bitmap Heap Scan on sbtest7  (cost=5.54..432.69 rows=108 width=125)
	  Recheck Cond: ((k >= 7751859) AND (k <= 7751959))
	  ->  Bitmap Index Scan on k_7  (cost=0.00..5.51 rows=108 width=0)
	        Index Cond: ((k >= 7751859) AND (k <= 7751959))

table 8 : explain SELECT k, c FROM sbtest8 WHERE k BETWEEN 7751859 AND 7751959
	Bitmap Heap Scan on sbtest8  (cost=5.49..413.00 rows=103 width=125)
	  Recheck Cond: ((k >= 7751859) AND (k <= 7751959))
	  ->  Bitmap Index Scan on k_8  (cost=0.00..5.46 rows=103 width=0)
	        Index Cond: ((k >= 7751859) AND (k <= 7751959))

explain: for range-notcovered :: explain SELECT k, c FROM sbtest%d WHERE k BETWEEN 7751859 AND 7751959
for range-notcovered
table 1 : explain SELECT k, c FROM sbtest1 WHERE k BETWEEN 6006491 AND 6006591
	Bitmap Heap Scan on sbtest1  (cost=5.39..373.61 rows=93 width=125)
	  Recheck Cond: ((k >= 6006491) AND (k <= 6006591))
	  ->  Bitmap Index Scan on k_1  (cost=0.00..5.36 rows=93 width=0)
	        Index Cond: ((k >= 6006491) AND (k <= 6006591))

table 2 : explain SELECT k, c FROM sbtest2 WHERE k BETWEEN 6006491 AND 6006591
	Bitmap Heap Scan on sbtest2  (cost=5.38..369.67 rows=92 width=125)
	  Recheck Cond: ((k >= 6006491) AND (k <= 6006591))
	  ->  Bitmap Index Scan on k_2  (cost=0.00..5.35 rows=92 width=0)
	        Index Cond: ((k >= 6006491) AND (k <= 6006591))

table 3 : explain SELECT k, c FROM sbtest3 WHERE k BETWEEN 6006491 AND 6006591
	Bitmap Heap Scan on sbtest3  (cost=5.44..393.31 rows=98 width=125)
	  Recheck Cond: ((k >= 6006491) AND (k <= 6006591))
	  ->  Bitmap Index Scan on k_3  (cost=0.00..5.42 rows=98 width=0)
	        Index Cond: ((k >= 6006491) AND (k <= 6006591))

table 4 : explain SELECT k, c FROM sbtest4 WHERE k BETWEEN 6006491 AND 6006591
	Bitmap Heap Scan on sbtest4  (cost=5.48..409.07 rows=102 width=125)
	  Recheck Cond: ((k >= 6006491) AND (k <= 6006591))
	  ->  Bitmap Index Scan on k_4  (cost=0.00..5.45 rows=102 width=0)
	        Index Cond: ((k >= 6006491) AND (k <= 6006591))

table 5 : explain SELECT k, c FROM sbtest5 WHERE k BETWEEN 6006491 AND 6006591
	Bitmap Heap Scan on sbtest5  (cost=5.48..409.07 rows=102 width=125)
	  Recheck Cond: ((k >= 6006491) AND (k <= 6006591))
	  ->  Bitmap Index Scan on k_5  (cost=0.00..5.45 rows=102 width=0)
	        Index Cond: ((k >= 6006491) AND (k <= 6006591))

table 6 : explain SELECT k, c FROM sbtest6 WHERE k BETWEEN 6006491 AND 6006591
	Bitmap Heap Scan on sbtest6  (cost=5.44..393.31 rows=98 width=125)
	  Recheck Cond: ((k >= 6006491) AND (k <= 6006591))
	  ->  Bitmap Index Scan on k_6  (cost=0.00..5.42 rows=98 width=0)
	        Index Cond: ((k >= 6006491) AND (k <= 6006591))

table 7 : explain SELECT k, c FROM sbtest7 WHERE k BETWEEN 6006491 AND 6006591
	Bitmap Heap Scan on sbtest7  (cost=5.40..377.55 rows=94 width=125)
	  Recheck Cond: ((k >= 6006491) AND (k <= 6006591))
	  ->  Bitmap Index Scan on k_7  (cost=0.00..5.38 rows=94 width=0)
	        Index Cond: ((k >= 6006491) AND (k <= 6006591))

table 8 : explain SELECT k, c FROM sbtest8 WHERE k BETWEEN 6006491 AND 6006591
	Bitmap Heap Scan on sbtest8  (cost=5.37..365.72 rows=91 width=125)
	  Recheck Cond: ((k >= 6006491) AND (k <= 6006591))
	  ->  Bitmap Index Scan on k_8  (cost=0.00..5.34 rows=91 width=0)
	        Index Cond: ((k >= 6006491) AND (k <= 6006591))

for range-notcovered
table 1 : explain SELECT k, c FROM sbtest1 WHERE k BETWEEN 6011784 AND 6011884
	Bitmap Heap Scan on sbtest1  (cost=5.39..373.61 rows=93 width=125)
	  Recheck Cond: ((k >= 6011784) AND (k <= 6011884))
	  ->  Bitmap Index Scan on k_1  (cost=0.00..5.36 rows=93 width=0)
	        Index Cond: ((k >= 6011784) AND (k <= 6011884))

table 2 : explain SELECT k, c FROM sbtest2 WHERE k BETWEEN 6011784 AND 6011884
	Bitmap Heap Scan on sbtest2  (cost=5.38..369.67 rows=92 width=125)
	  Recheck Cond: ((k >= 6011784) AND (k <= 6011884))
	  ->  Bitmap Index Scan on k_2  (cost=0.00..5.35 rows=92 width=0)
	        Index Cond: ((k >= 6011784) AND (k <= 6011884))

table 3 : explain SELECT k, c FROM sbtest3 WHERE k BETWEEN 6011784 AND 6011884
	Bitmap Heap Scan on sbtest3  (cost=5.44..393.31 rows=98 width=125)
	  Recheck Cond: ((k >= 6011784) AND (k <= 6011884))
	  ->  Bitmap Index Scan on k_3  (cost=0.00..5.42 rows=98 width=0)
	        Index Cond: ((k >= 6011784) AND (k <= 6011884))

table 4 : explain SELECT k, c FROM sbtest4 WHERE k BETWEEN 6011784 AND 6011884
	Bitmap Heap Scan on sbtest4  (cost=5.48..409.07 rows=102 width=125)
	  Recheck Cond: ((k >= 6011784) AND (k <= 6011884))
	  ->  Bitmap Index Scan on k_4  (cost=0.00..5.45 rows=102 width=0)
	        Index Cond: ((k >= 6011784) AND (k <= 6011884))

table 5 : explain SELECT k, c FROM sbtest5 WHERE k BETWEEN 6011784 AND 6011884
	Bitmap Heap Scan on sbtest5  (cost=5.48..409.07 rows=102 width=125)
	  Recheck Cond: ((k >= 6011784) AND (k <= 6011884))
	  ->  Bitmap Index Scan on k_5  (cost=0.00..5.45 rows=102 width=0)
	        Index Cond: ((k >= 6011784) AND (k <= 6011884))

table 6 : explain SELECT k, c FROM sbtest6 WHERE k BETWEEN 6011784 AND 6011884
	Bitmap Heap Scan on sbtest6  (cost=5.44..393.31 rows=98 width=125)
	  Recheck Cond: ((k >= 6011784) AND (k <= 6011884))
	  ->  Bitmap Index Scan on k_6  (cost=0.00..5.42 rows=98 width=0)
	        Index Cond: ((k >= 6011784) AND (k <= 6011884))

table 7 : explain SELECT k, c FROM sbtest7 WHERE k BETWEEN 6011784 AND 6011884
	Bitmap Heap Scan on sbtest7  (cost=5.40..377.55 rows=94 width=125)
	  Recheck Cond: ((k >= 6011784) AND (k <= 6011884))
	  ->  Bitmap Index Scan on k_7  (cost=0.00..5.38 rows=94 width=0)
	        Index Cond: ((k >= 6011784) AND (k <= 6011884))

table 8 : explain SELECT k, c FROM sbtest8 WHERE k BETWEEN 6011784 AND 6011884
	Bitmap Heap Scan on sbtest8  (cost=5.37..365.72 rows=91 width=125)
	  Recheck Cond: ((k >= 6011784) AND (k <= 6011884))
	  ->  Bitmap Index Scan on k_8  (cost=0.00..5.34 rows=91 width=0)
	        Index Cond: ((k >= 6011784) AND (k <= 6011884))

explain: for range-notcovered :: explain SELECT k, c FROM sbtest%d WHERE k BETWEEN 6006491 AND 6006591
for range-notcovered
table 1 : explain SELECT k, c FROM sbtest1 WHERE k BETWEEN 3311644 AND 3311744
	Bitmap Heap Scan on sbtest1  (cost=5.51..420.88 rows=105 width=125)
	  Recheck Cond: ((k >= 3311644) AND (k <= 3311744))
	  ->  Bitmap Index Scan on k_1  (cost=0.00..5.48 rows=105 width=0)
	        Index Cond: ((k >= 3311644) AND (k <= 3311744))

table 2 : explain SELECT k, c FROM sbtest2 WHERE k BETWEEN 3311644 AND 3311744
	Bitmap Heap Scan on sbtest2  (cost=5.55..436.62 rows=109 width=125)
	  Recheck Cond: ((k >= 3311644) AND (k <= 3311744))
	  ->  Bitmap Index Scan on k_2  (cost=0.00..5.52 rows=109 width=0)
	        Index Cond: ((k >= 3311644) AND (k <= 3311744))

table 3 : explain SELECT k, c FROM sbtest3 WHERE k BETWEEN 3311644 AND 3311744
	Bitmap Heap Scan on sbtest3  (cost=5.50..416.94 rows=104 width=125)
	  Recheck Cond: ((k >= 3311644) AND (k <= 3311744))
	  ->  Bitmap Index Scan on k_3  (cost=0.00..5.47 rows=104 width=0)
	        Index Cond: ((k >= 3311644) AND (k <= 3311744))

table 4 : explain SELECT k, c FROM sbtest4 WHERE k BETWEEN 3311644 AND 3311744
	Bitmap Heap Scan on sbtest4  (cost=5.61..460.22 rows=115 width=125)
	  Recheck Cond: ((k >= 3311644) AND (k <= 3311744))
	  ->  Bitmap Index Scan on k_4  (cost=0.00..5.58 rows=115 width=0)
	        Index Cond: ((k >= 3311644) AND (k <= 3311744))

table 5 : explain SELECT k, c FROM sbtest5 WHERE k BETWEEN 3311644 AND 3311744
	Bitmap Heap Scan on sbtest5  (cost=5.42..385.43 rows=96 width=125)
	  Recheck Cond: ((k >= 3311644) AND (k <= 3311744))
	  ->  Bitmap Index Scan on k_5  (cost=0.00..5.39 rows=96 width=0)
	        Index Cond: ((k >= 3311644) AND (k <= 3311744))

table 6 : explain SELECT k, c FROM sbtest6 WHERE k BETWEEN 3311644 AND 3311744
	Bitmap Heap Scan on sbtest6  (cost=5.49..413.00 rows=103 width=125)
	  Recheck Cond: ((k >= 3311644) AND (k <= 3311744))
	  ->  Bitmap Index Scan on k_6  (cost=0.00..5.46 rows=103 width=0)
	        Index Cond: ((k >= 3311644) AND (k <= 3311744))

table 7 : explain SELECT k, c FROM sbtest7 WHERE k BETWEEN 3311644 AND 3311744
	Bitmap Heap Scan on sbtest7  (cost=5.48..409.07 rows=102 width=125)
	  Recheck Cond: ((k >= 3311644) AND (k <= 3311744))
	  ->  Bitmap Index Scan on k_7  (cost=0.00..5.45 rows=102 width=0)
	        Index Cond: ((k >= 3311644) AND (k <= 3311744))

table 8 : explain SELECT k, c FROM sbtest8 WHERE k BETWEEN 3311644 AND 3311744
	Bitmap Heap Scan on sbtest8  (cost=5.50..416.94 rows=104 width=125)
	  Recheck Cond: ((k >= 3311644) AND (k <= 3311744))
	  ->  Bitmap Index Scan on k_8  (cost=0.00..5.47 rows=104 width=0)
	        Index Cond: ((k >= 3311644) AND (k <= 3311744))

explain: for range-notcovered :: explain SELECT k, c FROM sbtest%d WHERE k BETWEEN 6011784 AND 6011884
explain: for range-notcovered :: explain SELECT k, c FROM sbtest%d WHERE k BETWEEN 3311644 AND 3311744
for range-notcovered
table 1 : explain SELECT k, c FROM sbtest1 WHERE k BETWEEN 2505796 AND 2505896
	Bitmap Heap Scan on sbtest1  (cost=5.50..416.94 rows=104 width=125)
	  Recheck Cond: ((k >= 2505796) AND (k <= 2505896))
	  ->  Bitmap Index Scan on k_1  (cost=0.00..5.47 rows=104 width=0)
	        Index Cond: ((k >= 2505796) AND (k <= 2505896))

table 2 : explain SELECT k, c FROM sbtest2 WHERE k BETWEEN 2505796 AND 2505896
	Bitmap Heap Scan on sbtest2  (cost=5.46..401.19 rows=100 width=125)
	  Recheck Cond: ((k >= 2505796) AND (k <= 2505896))
	  ->  Bitmap Index Scan on k_2  (cost=0.00..5.43 rows=100 width=0)
	        Index Cond: ((k >= 2505796) AND (k <= 2505896))

table 3 : explain SELECT k, c FROM sbtest3 WHERE k BETWEEN 2505796 AND 2505896
	Bitmap Heap Scan on sbtest3  (cost=5.49..413.00 rows=103 width=125)
	  Recheck Cond: ((k >= 2505796) AND (k <= 2505896))
	  ->  Bitmap Index Scan on k_3  (cost=0.00..5.46 rows=103 width=0)
	        Index Cond: ((k >= 2505796) AND (k <= 2505896))

table 4 : explain SELECT k, c FROM sbtest4 WHERE k BETWEEN 2505796 AND 2505896
	Bitmap Heap Scan on sbtest4  (cost=5.55..436.62 rows=109 width=125)
	  Recheck Cond: ((k >= 2505796) AND (k <= 2505896))
	  ->  Bitmap Index Scan on k_4  (cost=0.00..5.52 rows=109 width=0)
	        Index Cond: ((k >= 2505796) AND (k <= 2505896))

table 5 : explain SELECT k, c FROM sbtest5 WHERE k BETWEEN 2505796 AND 2505896
	Bitmap Heap Scan on sbtest5  (cost=5.57..444.49 rows=111 width=125)
	  Recheck Cond: ((k >= 2505796) AND (k <= 2505896))
	  ->  Bitmap Index Scan on k_5  (cost=0.00..5.54 rows=111 width=0)
	        Index Cond: ((k >= 2505796) AND (k <= 2505896))

table 6 : explain SELECT k, c FROM sbtest6 WHERE k BETWEEN 2505796 AND 2505896
	Bitmap Heap Scan on sbtest6  (cost=5.42..385.43 rows=96 width=125)
	  Recheck Cond: ((k >= 2505796) AND (k <= 2505896))
	  ->  Bitmap Index Scan on k_6  (cost=0.00..5.39 rows=96 width=0)
	        Index Cond: ((k >= 2505796) AND (k <= 2505896))

table 7 : explain SELECT k, c FROM sbtest7 WHERE k BETWEEN 2505796 AND 2505896
	Bitmap Heap Scan on sbtest7  (cost=5.53..428.75 rows=107 width=125)
	  Recheck Cond: ((k >= 2505796) AND (k <= 2505896))
	  ->  Bitmap Index Scan on k_7  (cost=0.00..5.50 rows=107 width=0)
	        Index Cond: ((k >= 2505796) AND (k <= 2505896))

table 8 : explain SELECT k, c FROM sbtest8 WHERE k BETWEEN 2505796 AND 2505896
	Bitmap Heap Scan on sbtest8  (cost=5.45..397.25 rows=99 width=125)
	  Recheck Cond: ((k >= 2505796) AND (k <= 2505896))
	  ->  Bitmap Index Scan on k_8  (cost=0.00..5.42 rows=99 width=0)
	        Index Cond: ((k >= 2505796) AND (k <= 2505896))

explain: for range-notcovered :: explain SELECT k, c FROM sbtest%d WHERE k BETWEEN 2505796 AND 2505896
for range-notcovered
table 1 : explain SELECT k, c FROM sbtest1 WHERE k BETWEEN 4099561 AND 4099661
	Bitmap Heap Scan on sbtest1  (cost=5.45..397.25 rows=99 width=125)
	  Recheck Cond: ((k >= 4099561) AND (k <= 4099661))
	  ->  Bitmap Index Scan on k_1  (cost=0.00..5.42 rows=99 width=0)
	        Index Cond: ((k >= 4099561) AND (k <= 4099661))

table 2 : explain SELECT k, c FROM sbtest2 WHERE k BETWEEN 4099561 AND 4099661
	Bitmap Heap Scan on sbtest2  (cost=5.47..405.13 rows=101 width=125)
	  Recheck Cond: ((k >= 4099561) AND (k <= 4099661))
	  ->  Bitmap Index Scan on k_2  (cost=0.00..5.44 rows=101 width=0)
	        Index Cond: ((k >= 4099561) AND (k <= 4099661))

table 3 : explain SELECT k, c FROM sbtest3 WHERE k BETWEEN 4099561 AND 4099661
	Bitmap Heap Scan on sbtest3  (cost=5.53..428.75 rows=107 width=125)
	  Recheck Cond: ((k >= 4099561) AND (k <= 4099661))
	  ->  Bitmap Index Scan on k_3  (cost=0.00..5.50 rows=107 width=0)
	        Index Cond: ((k >= 4099561) AND (k <= 4099661))

table 4 : explain SELECT k, c FROM sbtest4 WHERE k BETWEEN 4099561 AND 4099661
	Bitmap Heap Scan on sbtest4  (cost=5.43..389.37 rows=97 width=125)
	  Recheck Cond: ((k >= 4099561) AND (k <= 4099661))
	  ->  Bitmap Index Scan on k_4  (cost=0.00..5.40 rows=97 width=0)
	        Index Cond: ((k >= 4099561) AND (k <= 4099661))

table 5 : explain SELECT k, c FROM sbtest5 WHERE k BETWEEN 4099561 AND 4099661
	Bitmap Heap Scan on sbtest5  (cost=5.48..409.07 rows=102 width=125)
	  Recheck Cond: ((k >= 4099561) AND (k <= 4099661))
	  ->  Bitmap Index Scan on k_5  (cost=0.00..5.45 rows=102 width=0)
	        Index Cond: ((k >= 4099561) AND (k <= 4099661))

table 6 : explain SELECT k, c FROM sbtest6 WHERE k BETWEEN 4099561 AND 4099661
	Bitmap Heap Scan on sbtest6  (cost=5.50..416.94 rows=104 width=125)
	  Recheck Cond: ((k >= 4099561) AND (k <= 4099661))
	  ->  Bitmap Index Scan on k_6  (cost=0.00..5.47 rows=104 width=0)
	        Index Cond: ((k >= 4099561) AND (k <= 4099661))

table 7 : explain SELECT k, c FROM sbtest7 WHERE k BETWEEN 4099561 AND 4099661
	Bitmap Heap Scan on sbtest7  (cost=5.51..420.88 rows=105 width=125)
	  Recheck Cond: ((k >= 4099561) AND (k <= 4099661))
	  ->  Bitmap Index Scan on k_7  (cost=0.00..5.48 rows=105 width=0)
	        Index Cond: ((k >= 4099561) AND (k <= 4099661))

table 8 : explain SELECT k, c FROM sbtest8 WHERE k BETWEEN 4099561 AND 4099661
	Bitmap Heap Scan on sbtest8  (cost=5.40..377.55 rows=94 width=125)
	  Recheck Cond: ((k >= 4099561) AND (k <= 4099661))
	  ->  Bitmap Index Scan on k_8  (cost=0.00..5.38 rows=94 width=0)
	        Index Cond: ((k >= 4099561) AND (k <= 4099661))

explain: for range-notcovered :: explain SELECT k, c FROM sbtest%d WHERE k BETWEEN 4099561 AND 4099661
for range-notcovered
table 1 : explain SELECT k, c FROM sbtest1 WHERE k BETWEEN 7751859 AND 7751959
	Bitmap Heap Scan on sbtest1  (cost=5.56..440.56 rows=110 width=125)
	  Recheck Cond: ((k >= 7751859) AND (k <= 7751959))
	  ->  Bitmap Index Scan on k_1  (cost=0.00..5.53 rows=110 width=0)
	        Index Cond: ((k >= 7751859) AND (k <= 7751959))

table 2 : explain SELECT k, c FROM sbtest2 WHERE k BETWEEN 7751859 AND 7751959
	Bitmap Heap Scan on sbtest2  (cost=5.51..420.88 rows=105 width=125)
	  Recheck Cond: ((k >= 7751859) AND (k <= 7751959))
	  ->  Bitmap Index Scan on k_2  (cost=0.00..5.48 rows=105 width=0)
	        Index Cond: ((k >= 7751859) AND (k <= 7751959))

table 3 : explain SELECT k, c FROM sbtest3 WHERE k BETWEEN 7751859 AND 7751959
	Bitmap Heap Scan on sbtest3  (cost=5.54..432.69 rows=108 width=125)
	  Recheck Cond: ((k >= 7751859) AND (k <= 7751959))
	  ->  Bitmap Index Scan on k_3  (cost=0.00..5.51 rows=108 width=0)
	        Index Cond: ((k >= 7751859) AND (k <= 7751959))

table 4 : explain SELECT k, c FROM sbtest4 WHERE k BETWEEN 7751859 AND 7751959
	Bitmap Heap Scan on sbtest4  (cost=5.45..397.25 rows=99 width=125)
	  Recheck Cond: ((k >= 7751859) AND (k <= 7751959))
	  ->  Bitmap Index Scan on k_4  (cost=0.00..5.42 rows=99 width=0)
	        Index Cond: ((k >= 7751859) AND (k <= 7751959))

table 5 : explain SELECT k, c FROM sbtest5 WHERE k BETWEEN 7751859 AND 7751959
	Bitmap Heap Scan on sbtest5  (cost=5.48..409.07 rows=102 width=125)
	  Recheck Cond: ((k >= 7751859) AND (k <= 7751959))
	  ->  Bitmap Index Scan on k_5  (cost=0.00..5.45 rows=102 width=0)
	        Index Cond: ((k >= 7751859) AND (k <= 7751959))

table 6 : explain SELECT k, c FROM sbtest6 WHERE k BETWEEN 7751859 AND 7751959
	Bitmap Heap Scan on sbtest6  (cost=5.51..420.88 rows=105 width=125)
	  Recheck Cond: ((k >= 7751859) AND (k <= 7751959))
	  ->  Bitmap Index Scan on k_6  (cost=0.00..5.48 rows=105 width=0)
	        Index Cond: ((k >= 7751859) AND (k <= 7751959))

table 7 : explain SELECT k, c FROM sbtest7 WHERE k BETWEEN 7751859 AND 7751959
	Bitmap Heap Scan on sbtest7  (cost=5.54..432.69 rows=108 width=125)
	  Recheck Cond: ((k >= 7751859) AND (k <= 7751959))
	  ->  Bitmap Index Scan on k_7  (cost=0.00..5.51 rows=108 width=0)
	        Index Cond: ((k >= 7751859) AND (k <= 7751959))

table 8 : explain SELECT k, c FROM sbtest8 WHERE k BETWEEN 7751859 AND 7751959
	Bitmap Heap Scan on sbtest8  (cost=5.49..413.00 rows=103 width=125)
	  Recheck Cond: ((k >= 7751859) AND (k <= 7751959))
	  ->  Bitmap Index Scan on k_8  (cost=0.00..5.46 rows=103 width=0)
	        Index Cond: ((k >= 7751859) AND (k <= 7751959))

for range-notcovered
table 1 : explain SELECT k, c FROM sbtest1 WHERE k BETWEEN 5204075 AND 5204175
	Bitmap Heap Scan on sbtest1  (cost=5.53..428.75 rows=107 width=125)
	  Recheck Cond: ((k >= 5204075) AND (k <= 5204175))
	  ->  Bitmap Index Scan on k_1  (cost=0.00..5.50 rows=107 width=0)
	        Index Cond: ((k >= 5204075) AND (k <= 5204175))

table 2 : explain SELECT k, c FROM sbtest2 WHERE k BETWEEN 5204075 AND 5204175
	Bitmap Heap Scan on sbtest2  (cost=5.55..436.62 rows=109 width=125)
	  Recheck Cond: ((k >= 5204075) AND (k <= 5204175))
	  ->  Bitmap Index Scan on k_2  (cost=0.00..5.52 rows=109 width=0)
	        Index Cond: ((k >= 5204075) AND (k <= 5204175))

table 3 : explain SELECT k, c FROM sbtest3 WHERE k BETWEEN 5204075 AND 5204175
	Bitmap Heap Scan on sbtest3  (cost=5.47..405.13 rows=101 width=125)
	  Recheck Cond: ((k >= 5204075) AND (k <= 5204175))
	  ->  Bitmap Index Scan on k_3  (cost=0.00..5.44 rows=101 width=0)
	        Index Cond: ((k >= 5204075) AND (k <= 5204175))

table 4 : explain SELECT k, c FROM sbtest4 WHERE k BETWEEN 5204075 AND 5204175
	Bitmap Heap Scan on sbtest4  (cost=5.45..397.25 rows=99 width=125)
	  Recheck Cond: ((k >= 5204075) AND (k <= 5204175))
	  ->  Bitmap Index Scan on k_4  (cost=0.00..5.42 rows=99 width=0)
	        Index Cond: ((k >= 5204075) AND (k <= 5204175))

table 5 : explain SELECT k, c FROM sbtest5 WHERE k BETWEEN 5204075 AND 5204175
	Bitmap Heap Scan on sbtest5  (cost=5.46..401.19 rows=100 width=125)
	  Recheck Cond: ((k >= 5204075) AND (k <= 5204175))
	  ->  Bitmap Index Scan on k_5  (cost=0.00..5.43 rows=100 width=0)
	        Index Cond: ((k >= 5204075) AND (k <= 5204175))

table 6 : explain SELECT k, c FROM sbtest6 WHERE k BETWEEN 5204075 AND 5204175
	Bitmap Heap Scan on sbtest6  (cost=5.47..405.13 rows=101 width=125)
	  Recheck Cond: ((k >= 5204075) AND (k <= 5204175))
	  ->  Bitmap Index Scan on k_6  (cost=0.00..5.44 rows=101 width=0)
	        Index Cond: ((k >= 5204075) AND (k <= 5204175))

table 7 : explain SELECT k, c FROM sbtest7 WHERE k BETWEEN 5204075 AND 5204175
	Bitmap Heap Scan on sbtest7  (cost=5.47..405.13 rows=101 width=125)
	  Recheck Cond: ((k >= 5204075) AND (k <= 5204175))
	  ->  Bitmap Index Scan on k_7  (cost=0.00..5.44 rows=101 width=0)
	        Index Cond: ((k >= 5204075) AND (k <= 5204175))

table 8 : explain SELECT k, c FROM sbtest8 WHERE k BETWEEN 5204075 AND 5204175
	Bitmap Heap Scan on sbtest8  (cost=5.49..413.00 rows=103 width=125)
	  Recheck Cond: ((k >= 5204075) AND (k <= 5204175))
	  ->  Bitmap Index Scan on k_8  (cost=0.00..5.46 rows=103 width=0)
	        Index Cond: ((k >= 5204075) AND (k <= 5204175))

explain: for range-notcovered :: explain SELECT k, c FROM sbtest%d WHERE k BETWEEN 7751859 AND 7751959
explain: for range-notcovered :: explain SELECT k, c FROM sbtest%d WHERE k BETWEEN 5204075 AND 5204175
for range-notcovered
table 1 : explain SELECT k, c FROM sbtest1 WHERE k BETWEEN 6011784 AND 6011884
	Bitmap Heap Scan on sbtest1  (cost=5.39..373.61 rows=93 width=125)
	  Recheck Cond: ((k >= 6011784) AND (k <= 6011884))
	  ->  Bitmap Index Scan on k_1  (cost=0.00..5.36 rows=93 width=0)
	        Index Cond: ((k >= 6011784) AND (k <= 6011884))

table 2 : explain SELECT k, c FROM sbtest2 WHERE k BETWEEN 6011784 AND 6011884
	Bitmap Heap Scan on sbtest2  (cost=5.38..369.67 rows=92 width=125)
	  Recheck Cond: ((k >= 6011784) AND (k <= 6011884))
	  ->  Bitmap Index Scan on k_2  (cost=0.00..5.35 rows=92 width=0)
	        Index Cond: ((k >= 6011784) AND (k <= 6011884))

table 3 : explain SELECT k, c FROM sbtest3 WHERE k BETWEEN 6011784 AND 6011884
	Bitmap Heap Scan on sbtest3  (cost=5.44..393.31 rows=98 width=125)
	  Recheck Cond: ((k >= 6011784) AND (k <= 6011884))
	  ->  Bitmap Index Scan on k_3  (cost=0.00..5.42 rows=98 width=0)
	        Index Cond: ((k >= 6011784) AND (k <= 6011884))

table 4 : explain SELECT k, c FROM sbtest4 WHERE k BETWEEN 6011784 AND 6011884
	Bitmap Heap Scan on sbtest4  (cost=5.48..409.07 rows=102 width=125)
	  Recheck Cond: ((k >= 6011784) AND (k <= 6011884))
	  ->  Bitmap Index Scan on k_4  (cost=0.00..5.45 rows=102 width=0)
	        Index Cond: ((k >= 6011784) AND (k <= 6011884))

table 5 : explain SELECT k, c FROM sbtest5 WHERE k BETWEEN 6011784 AND 6011884
	Bitmap Heap Scan on sbtest5  (cost=5.48..409.07 rows=102 width=125)
	  Recheck Cond: ((k >= 6011784) AND (k <= 6011884))
	  ->  Bitmap Index Scan on k_5  (cost=0.00..5.45 rows=102 width=0)
	        Index Cond: ((k >= 6011784) AND (k <= 6011884))

table 6 : explain SELECT k, c FROM sbtest6 WHERE k BETWEEN 6011784 AND 6011884
	Bitmap Heap Scan on sbtest6  (cost=5.44..393.31 rows=98 width=125)
	  Recheck Cond: ((k >= 6011784) AND (k <= 6011884))
	  ->  Bitmap Index Scan on k_6  (cost=0.00..5.42 rows=98 width=0)
	        Index Cond: ((k >= 6011784) AND (k <= 6011884))

table 7 : explain SELECT k, c FROM sbtest7 WHERE k BETWEEN 6011784 AND 6011884
	Bitmap Heap Scan on sbtest7  (cost=5.40..377.55 rows=94 width=125)
	  Recheck Cond: ((k >= 6011784) AND (k <= 6011884))
	  ->  Bitmap Index Scan on k_7  (cost=0.00..5.38 rows=94 width=0)
	        Index Cond: ((k >= 6011784) AND (k <= 6011884))

table 8 : explain SELECT k, c FROM sbtest8 WHERE k BETWEEN 6011784 AND 6011884
	Bitmap Heap Scan on sbtest8  (cost=5.37..365.72 rows=91 width=125)
	  Recheck Cond: ((k >= 6011784) AND (k <= 6011884))
	  ->  Bitmap Index Scan on k_8  (cost=0.00..5.34 rows=91 width=0)
	        Index Cond: ((k >= 6011784) AND (k <= 6011884))

for range-notcovered
table 1 : explain SELECT k, c FROM sbtest1 WHERE k BETWEEN 6006491 AND 6006591
	Bitmap Heap Scan on sbtest1  (cost=5.39..373.61 rows=93 width=125)
	  Recheck Cond: ((k >= 6006491) AND (k <= 6006591))
	  ->  Bitmap Index Scan on k_1  (cost=0.00..5.36 rows=93 width=0)
	        Index Cond: ((k >= 6006491) AND (k <= 6006591))

table 2 : explain SELECT k, c FROM sbtest2 WHERE k BETWEEN 6006491 AND 6006591
	Bitmap Heap Scan on sbtest2  (cost=5.38..369.67 rows=92 width=125)
	  Recheck Cond: ((k >= 6006491) AND (k <= 6006591))
	  ->  Bitmap Index Scan on k_2  (cost=0.00..5.35 rows=92 width=0)
	        Index Cond: ((k >= 6006491) AND (k <= 6006591))

table 3 : explain SELECT k, c FROM sbtest3 WHERE k BETWEEN 6006491 AND 6006591
	Bitmap Heap Scan on sbtest3  (cost=5.44..393.31 rows=98 width=125)
	  Recheck Cond: ((k >= 6006491) AND (k <= 6006591))
	  ->  Bitmap Index Scan on k_3  (cost=0.00..5.42 rows=98 width=0)
	        Index Cond: ((k >= 6006491) AND (k <= 6006591))

table 4 : explain SELECT k, c FROM sbtest4 WHERE k BETWEEN 6006491 AND 6006591
	Bitmap Heap Scan on sbtest4  (cost=5.48..409.07 rows=102 width=125)
	  Recheck Cond: ((k >= 6006491) AND (k <= 6006591))
	  ->  Bitmap Index Scan on k_4  (cost=0.00..5.45 rows=102 width=0)
	        Index Cond: ((k >= 6006491) AND (k <= 6006591))

table 5 : explain SELECT k, c FROM sbtest5 WHERE k BETWEEN 6006491 AND 6006591
	Bitmap Heap Scan on sbtest5  (cost=5.48..409.07 rows=102 width=125)
	  Recheck Cond: ((k >= 6006491) AND (k <= 6006591))
	  ->  Bitmap Index Scan on k_5  (cost=0.00..5.45 rows=102 width=0)
	        Index Cond: ((k >= 6006491) AND (k <= 6006591))

table 6 : explain SELECT k, c FROM sbtest6 WHERE k BETWEEN 6006491 AND 6006591
	Bitmap Heap Scan on sbtest6  (cost=5.44..393.31 rows=98 width=125)
	  Recheck Cond: ((k >= 6006491) AND (k <= 6006591))
	  ->  Bitmap Index Scan on k_6  (cost=0.00..5.42 rows=98 width=0)
	        Index Cond: ((k >= 6006491) AND (k <= 6006591))

table 7 : explain SELECT k, c FROM sbtest7 WHERE k BETWEEN 6006491 AND 6006591
	Bitmap Heap Scan on sbtest7  (cost=5.40..377.55 rows=94 width=125)
	  Recheck Cond: ((k >= 6006491) AND (k <= 6006591))
	  ->  Bitmap Index Scan on k_7  (cost=0.00..5.38 rows=94 width=0)
	        Index Cond: ((k >= 6006491) AND (k <= 6006591))

table 8 : explain SELECT k, c FROM sbtest8 WHERE k BETWEEN 6006491 AND 6006591
	Bitmap Heap Scan on sbtest8  (cost=5.37..365.72 rows=91 width=125)
	  Recheck Cond: ((k >= 6006491) AND (k <= 6006591))
	  ->  Bitmap Index Scan on k_8  (cost=0.00..5.34 rows=91 width=0)
	        Index Cond: ((k >= 6006491) AND (k <= 6006591))

for range-notcovered
table 1 : explain SELECT k, c FROM sbtest1 WHERE k BETWEEN 3311644 AND 3311744
	Bitmap Heap Scan on sbtest1  (cost=5.51..420.88 rows=105 width=125)
	  Recheck Cond: ((k >= 3311644) AND (k <= 3311744))
	  ->  Bitmap Index Scan on k_1  (cost=0.00..5.48 rows=105 width=0)
	        Index Cond: ((k >= 3311644) AND (k <= 3311744))

table 2 : explain SELECT k, c FROM sbtest2 WHERE k BETWEEN 3311644 AND 3311744
	Bitmap Heap Scan on sbtest2  (cost=5.55..436.62 rows=109 width=125)
	  Recheck Cond: ((k >= 3311644) AND (k <= 3311744))
	  ->  Bitmap Index Scan on k_2  (cost=0.00..5.52 rows=109 width=0)
	        Index Cond: ((k >= 3311644) AND (k <= 3311744))

table 3 : explain SELECT k, c FROM sbtest3 WHERE k BETWEEN 3311644 AND 3311744
	Bitmap Heap Scan on sbtest3  (cost=5.50..416.94 rows=104 width=125)
	  Recheck Cond: ((k >= 3311644) AND (k <= 3311744))
	  ->  Bitmap Index Scan on k_3  (cost=0.00..5.47 rows=104 width=0)
	        Index Cond: ((k >= 3311644) AND (k <= 3311744))

table 4 : explain SELECT k, c FROM sbtest4 WHERE k BETWEEN 3311644 AND 3311744
	Bitmap Heap Scan on sbtest4  (cost=5.61..460.22 rows=115 width=125)
	  Recheck Cond: ((k >= 3311644) AND (k <= 3311744))
	  ->  Bitmap Index Scan on k_4  (cost=0.00..5.58 rows=115 width=0)
	        Index Cond: ((k >= 3311644) AND (k <= 3311744))

table 5 : explain SELECT k, c FROM sbtest5 WHERE k BETWEEN 3311644 AND 3311744
	Bitmap Heap Scan on sbtest5  (cost=5.42..385.43 rows=96 width=125)
	  Recheck Cond: ((k >= 3311644) AND (k <= 3311744))
	  ->  Bitmap Index Scan on k_5  (cost=0.00..5.39 rows=96 width=0)
	        Index Cond: ((k >= 3311644) AND (k <= 3311744))

table 6 : explain SELECT k, c FROM sbtest6 WHERE k BETWEEN 3311644 AND 3311744
	Bitmap Heap Scan on sbtest6  (cost=5.49..413.00 rows=103 width=125)
	  Recheck Cond: ((k >= 3311644) AND (k <= 3311744))
	  ->  Bitmap Index Scan on k_6  (cost=0.00..5.46 rows=103 width=0)
	        Index Cond: ((k >= 3311644) AND (k <= 3311744))

table 7 : explain SELECT k, c FROM sbtest7 WHERE k BETWEEN 3311644 AND 3311744
	Bitmap Heap Scan on sbtest7  (cost=5.48..409.07 rows=102 width=125)
	  Recheck Cond: ((k >= 3311644) AND (k <= 3311744))
	  ->  Bitmap Index Scan on k_7  (cost=0.00..5.45 rows=102 width=0)
	        Index Cond: ((k >= 3311644) AND (k <= 3311744))

table 8 : explain SELECT k, c FROM sbtest8 WHERE k BETWEEN 3311644 AND 3311744
	Bitmap Heap Scan on sbtest8  (cost=5.50..416.94 rows=104 width=125)
	  Recheck Cond: ((k >= 3311644) AND (k <= 3311744))
	  ->  Bitmap Index Scan on k_8  (cost=0.00..5.47 rows=104 width=0)
	        Index Cond: ((k >= 3311644) AND (k <= 3311744))

explain: for range-notcovered :: explain SELECT k, c FROM sbtest%d WHERE k BETWEEN 6011784 AND 6011884
explain: for range-notcovered :: explain SELECT k, c FROM sbtest%d WHERE k BETWEEN 6006491 AND 6006591
explain: for range-notcovered :: explain SELECT k, c FROM sbtest%d WHERE k BETWEEN 3311644 AND 3311744
for range-notcovered
table 1 : explain SELECT k, c FROM sbtest1 WHERE k BETWEEN 2505796 AND 2505896
	Bitmap Heap Scan on sbtest1  (cost=5.50..416.94 rows=104 width=125)
	  Recheck Cond: ((k >= 2505796) AND (k <= 2505896))
	  ->  Bitmap Index Scan on k_1  (cost=0.00..5.47 rows=104 width=0)
	        Index Cond: ((k >= 2505796) AND (k <= 2505896))

table 2 : explain SELECT k, c FROM sbtest2 WHERE k BETWEEN 2505796 AND 2505896
	Bitmap Heap Scan on sbtest2  (cost=5.46..401.19 rows=100 width=125)
	  Recheck Cond: ((k >= 2505796) AND (k <= 2505896))
	  ->  Bitmap Index Scan on k_2  (cost=0.00..5.43 rows=100 width=0)
	        Index Cond: ((k >= 2505796) AND (k <= 2505896))

table 3 : explain SELECT k, c FROM sbtest3 WHERE k BETWEEN 2505796 AND 2505896
	Bitmap Heap Scan on sbtest3  (cost=5.49..413.00 rows=103 width=125)
	  Recheck Cond: ((k >= 2505796) AND (k <= 2505896))
	  ->  Bitmap Index Scan on k_3  (cost=0.00..5.46 rows=103 width=0)
	        Index Cond: ((k >= 2505796) AND (k <= 2505896))

table 4 : explain SELECT k, c FROM sbtest4 WHERE k BETWEEN 2505796 AND 2505896
	Bitmap Heap Scan on sbtest4  (cost=5.55..436.62 rows=109 width=125)
	  Recheck Cond: ((k >= 2505796) AND (k <= 2505896))
	  ->  Bitmap Index Scan on k_4  (cost=0.00..5.52 rows=109 width=0)
	        Index Cond: ((k >= 2505796) AND (k <= 2505896))

table 5 : explain SELECT k, c FROM sbtest5 WHERE k BETWEEN 2505796 AND 2505896
	Bitmap Heap Scan on sbtest5  (cost=5.57..444.49 rows=111 width=125)
	  Recheck Cond: ((k >= 2505796) AND (k <= 2505896))
	  ->  Bitmap Index Scan on k_5  (cost=0.00..5.54 rows=111 width=0)
	        Index Cond: ((k >= 2505796) AND (k <= 2505896))

table 6 : explain SELECT k, c FROM sbtest6 WHERE k BETWEEN 2505796 AND 2505896
	Bitmap Heap Scan on sbtest6  (cost=5.42..385.43 rows=96 width=125)
	  Recheck Cond: ((k >= 2505796) AND (k <= 2505896))
	  ->  Bitmap Index Scan on k_6  (cost=0.00..5.39 rows=96 width=0)
	        Index Cond: ((k >= 2505796) AND (k <= 2505896))

table 7 : explain SELECT k, c FROM sbtest7 WHERE k BETWEEN 2505796 AND 2505896
	Bitmap Heap Scan on sbtest7  (cost=5.53..428.75 rows=107 width=125)
	  Recheck Cond: ((k >= 2505796) AND (k <= 2505896))
	  ->  Bitmap Index Scan on k_7  (cost=0.00..5.50 rows=107 width=0)
	        Index Cond: ((k >= 2505796) AND (k <= 2505896))

table 8 : explain SELECT k, c FROM sbtest8 WHERE k BETWEEN 2505796 AND 2505896
	Bitmap Heap Scan on sbtest8  (cost=5.45..397.25 rows=99 width=125)
	  Recheck Cond: ((k >= 2505796) AND (k <= 2505896))
	  ->  Bitmap Index Scan on k_8  (cost=0.00..5.42 rows=99 width=0)
	        Index Cond: ((k >= 2505796) AND (k <= 2505896))

for range-notcovered
table 1 : explain SELECT k, c FROM sbtest1 WHERE k BETWEEN 4240972 AND 4241072
	Bitmap Heap Scan on sbtest1  (cost=5.53..428.75 rows=107 width=125)
	  Recheck Cond: ((k >= 4240972) AND (k <= 4241072))
	  ->  Bitmap Index Scan on k_1  (cost=0.00..5.50 rows=107 width=0)
	        Index Cond: ((k >= 4240972) AND (k <= 4241072))

table 2 : explain SELECT k, c FROM sbtest2 WHERE k BETWEEN 4240972 AND 4241072
	Bitmap Heap Scan on sbtest2  (cost=5.45..397.25 rows=99 width=125)
	  Recheck Cond: ((k >= 4240972) AND (k <= 4241072))
	  ->  Bitmap Index Scan on k_2  (cost=0.00..5.42 rows=99 width=0)
	        Index Cond: ((k >= 4240972) AND (k <= 4241072))

table 3 : explain SELECT k, c FROM sbtest3 WHERE k BETWEEN 4240972 AND 4241072
	Bitmap Heap Scan on sbtest3  (cost=5.51..420.88 rows=105 width=125)
	  Recheck Cond: ((k >= 4240972) AND (k <= 4241072))
	  ->  Bitmap Index Scan on k_3  (cost=0.00..5.48 rows=105 width=0)
	        Index Cond: ((k >= 4240972) AND (k <= 4241072))

table 4 : explain SELECT k, c FROM sbtest4 WHERE k BETWEEN 4240972 AND 4241072
	Bitmap Heap Scan on sbtest4  (cost=5.41..381.49 rows=95 width=125)
	  Recheck Cond: ((k >= 4240972) AND (k <= 4241072))
	  ->  Bitmap Index Scan on k_4  (cost=0.00..5.38 rows=95 width=0)
	        Index Cond: ((k >= 4240972) AND (k <= 4241072))

table 5 : explain SELECT k, c FROM sbtest5 WHERE k BETWEEN 4240972 AND 4241072
	Bitmap Heap Scan on sbtest5  (cost=5.50..416.94 rows=104 width=125)
	  Recheck Cond: ((k >= 4240972) AND (k <= 4241072))
	  ->  Bitmap Index Scan on k_5  (cost=0.00..5.47 rows=104 width=0)
	        Index Cond: ((k >= 4240972) AND (k <= 4241072))

table 6 : explain SELECT k, c FROM sbtest6 WHERE k BETWEEN 4240972 AND 4241072
	Bitmap Heap Scan on sbtest6  (cost=5.43..389.37 rows=97 width=125)
	  Recheck Cond: ((k >= 4240972) AND (k <= 4241072))
	  ->  Bitmap Index Scan on k_6  (cost=0.00..5.40 rows=97 width=0)
	        Index Cond: ((k >= 4240972) AND (k <= 4241072))

table 7 : explain SELECT k, c FROM sbtest7 WHERE k BETWEEN 4240972 AND 4241072
	Bitmap Heap Scan on sbtest7  (cost=5.68..483.81 rows=121 width=125)
	  Recheck Cond: ((k >= 4240972) AND (k <= 4241072))
	  ->  Bitmap Index Scan on k_7  (cost=0.00..5.64 rows=121 width=0)
	        Index Cond: ((k >= 4240972) AND (k <= 4241072))

table 8 : explain SELECT k, c FROM sbtest8 WHERE k BETWEEN 4240972 AND 4241072
	Bitmap Heap Scan on sbtest8  (cost=5.52..424.81 rows=106 width=125)
	  Recheck Cond: ((k >= 4240972) AND (k <= 4241072))
	  ->  Bitmap Index Scan on k_8  (cost=0.00..5.50 rows=106 width=0)
	        Index Cond: ((k >= 4240972) AND (k <= 4241072))

explain: for range-notcovered :: explain SELECT k, c FROM sbtest%d WHERE k BETWEEN 2505796 AND 2505896
explain: for range-notcovered :: explain SELECT k, c FROM sbtest%d WHERE k BETWEEN 4240972 AND 4241072
for range-notcovered
table 1 : explain SELECT k, c FROM sbtest1 WHERE k BETWEEN 4099561 AND 4099661
	Bitmap Heap Scan on sbtest1  (cost=5.45..397.25 rows=99 width=125)
	  Recheck Cond: ((k >= 4099561) AND (k <= 4099661))
	  ->  Bitmap Index Scan on k_1  (cost=0.00..5.42 rows=99 width=0)
	        Index Cond: ((k >= 4099561) AND (k <= 4099661))

table 2 : explain SELECT k, c FROM sbtest2 WHERE k BETWEEN 4099561 AND 4099661
	Bitmap Heap Scan on sbtest2  (cost=5.47..405.13 rows=101 width=125)
	  Recheck Cond: ((k >= 4099561) AND (k <= 4099661))
	  ->  Bitmap Index Scan on k_2  (cost=0.00..5.44 rows=101 width=0)
	        Index Cond: ((k >= 4099561) AND (k <= 4099661))

table 3 : explain SELECT k, c FROM sbtest3 WHERE k BETWEEN 4099561 AND 4099661
	Bitmap Heap Scan on sbtest3  (cost=5.53..428.75 rows=107 width=125)
	  Recheck Cond: ((k >= 4099561) AND (k <= 4099661))
	  ->  Bitmap Index Scan on k_3  (cost=0.00..5.50 rows=107 width=0)
	        Index Cond: ((k >= 4099561) AND (k <= 4099661))

table 4 : explain SELECT k, c FROM sbtest4 WHERE k BETWEEN 4099561 AND 4099661
	Bitmap Heap Scan on sbtest4  (cost=5.43..389.37 rows=97 width=125)
	  Recheck Cond: ((k >= 4099561) AND (k <= 4099661))
	  ->  Bitmap Index Scan on k_4  (cost=0.00..5.40 rows=97 width=0)
	        Index Cond: ((k >= 4099561) AND (k <= 4099661))

table 5 : explain SELECT k, c FROM sbtest5 WHERE k BETWEEN 4099561 AND 4099661
	Bitmap Heap Scan on sbtest5  (cost=5.48..409.07 rows=102 width=125)
	  Recheck Cond: ((k >= 4099561) AND (k <= 4099661))
	  ->  Bitmap Index Scan on k_5  (cost=0.00..5.45 rows=102 width=0)
	        Index Cond: ((k >= 4099561) AND (k <= 4099661))

table 6 : explain SELECT k, c FROM sbtest6 WHERE k BETWEEN 4099561 AND 4099661
	Bitmap Heap Scan on sbtest6  (cost=5.50..416.94 rows=104 width=125)
	  Recheck Cond: ((k >= 4099561) AND (k <= 4099661))
	  ->  Bitmap Index Scan on k_6  (cost=0.00..5.47 rows=104 width=0)
	        Index Cond: ((k >= 4099561) AND (k <= 4099661))

table 7 : explain SELECT k, c FROM sbtest7 WHERE k BETWEEN 4099561 AND 4099661
	Bitmap Heap Scan on sbtest7  (cost=5.51..420.88 rows=105 width=125)
	  Recheck Cond: ((k >= 4099561) AND (k <= 4099661))
	  ->  Bitmap Index Scan on k_7  (cost=0.00..5.48 rows=105 width=0)
	        Index Cond: ((k >= 4099561) AND (k <= 4099661))

table 8 : explain SELECT k, c FROM sbtest8 WHERE k BETWEEN 4099561 AND 4099661
	Bitmap Heap Scan on sbtest8  (cost=5.40..377.55 rows=94 width=125)
	  Recheck Cond: ((k >= 4099561) AND (k <= 4099661))
	  ->  Bitmap Index Scan on k_8  (cost=0.00..5.38 rows=94 width=0)
	        Index Cond: ((k >= 4099561) AND (k <= 4099661))

for range-notcovered
table 1 : explain SELECT k, c FROM sbtest1 WHERE k BETWEEN 7751859 AND 7751959
	Bitmap Heap Scan on sbtest1  (cost=5.56..440.56 rows=110 width=125)
	  Recheck Cond: ((k >= 7751859) AND (k <= 7751959))
	  ->  Bitmap Index Scan on k_1  (cost=0.00..5.53 rows=110 width=0)
	        Index Cond: ((k >= 7751859) AND (k <= 7751959))

table 2 : explain SELECT k, c FROM sbtest2 WHERE k BETWEEN 7751859 AND 7751959
	Bitmap Heap Scan on sbtest2  (cost=5.51..420.88 rows=105 width=125)
	  Recheck Cond: ((k >= 7751859) AND (k <= 7751959))
	  ->  Bitmap Index Scan on k_2  (cost=0.00..5.48 rows=105 width=0)
	        Index Cond: ((k >= 7751859) AND (k <= 7751959))

table 3 : explain SELECT k, c FROM sbtest3 WHERE k BETWEEN 7751859 AND 7751959
	Bitmap Heap Scan on sbtest3  (cost=5.54..432.69 rows=108 width=125)
	  Recheck Cond: ((k >= 7751859) AND (k <= 7751959))
	  ->  Bitmap Index Scan on k_3  (cost=0.00..5.51 rows=108 width=0)
	        Index Cond: ((k >= 7751859) AND (k <= 7751959))

table 4 : explain SELECT k, c FROM sbtest4 WHERE k BETWEEN 7751859 AND 7751959
	Bitmap Heap Scan on sbtest4  (cost=5.45..397.25 rows=99 width=125)
	  Recheck Cond: ((k >= 7751859) AND (k <= 7751959))
	  ->  Bitmap Index Scan on k_4  (cost=0.00..5.42 rows=99 width=0)
	        Index Cond: ((k >= 7751859) AND (k <= 7751959))

table 5 : explain SELECT k, c FROM sbtest5 WHERE k BETWEEN 7751859 AND 7751959
	Bitmap Heap Scan on sbtest5  (cost=5.48..409.07 rows=102 width=125)
	  Recheck Cond: ((k >= 7751859) AND (k <= 7751959))
	  ->  Bitmap Index Scan on k_5  (cost=0.00..5.45 rows=102 width=0)
	        Index Cond: ((k >= 7751859) AND (k <= 7751959))

table 6 : explain SELECT k, c FROM sbtest6 WHERE k BETWEEN 7751859 AND 7751959
	Bitmap Heap Scan on sbtest6  (cost=5.51..420.88 rows=105 width=125)
	  Recheck Cond: ((k >= 7751859) AND (k <= 7751959))
	  ->  Bitmap Index Scan on k_6  (cost=0.00..5.48 rows=105 width=0)
	        Index Cond: ((k >= 7751859) AND (k <= 7751959))

table 7 : explain SELECT k, c FROM sbtest7 WHERE k BETWEEN 7751859 AND 7751959
	Bitmap Heap Scan on sbtest7  (cost=5.54..432.69 rows=108 width=125)
	  Recheck Cond: ((k >= 7751859) AND (k <= 7751959))
	  ->  Bitmap Index Scan on k_7  (cost=0.00..5.51 rows=108 width=0)
	        Index Cond: ((k >= 7751859) AND (k <= 7751959))

table 8 : explain SELECT k, c FROM sbtest8 WHERE k BETWEEN 7751859 AND 7751959
	Bitmap Heap Scan on sbtest8  (cost=5.49..413.00 rows=103 width=125)
	  Recheck Cond: ((k >= 7751859) AND (k <= 7751959))
	  ->  Bitmap Index Scan on k_8  (cost=0.00..5.46 rows=103 width=0)
	        Index Cond: ((k >= 7751859) AND (k <= 7751959))

explain: for range-notcovered :: explain SELECT k, c FROM sbtest%d WHERE k BETWEEN 4099561 AND 4099661
for range-notcovered
table 1 : explain SELECT k, c FROM sbtest1 WHERE k BETWEEN 5204075 AND 5204175
	Bitmap Heap Scan on sbtest1  (cost=5.53..428.75 rows=107 width=125)
	  Recheck Cond: ((k >= 5204075) AND (k <= 5204175))
	  ->  Bitmap Index Scan on k_1  (cost=0.00..5.50 rows=107 width=0)
	        Index Cond: ((k >= 5204075) AND (k <= 5204175))

table 2 : explain SELECT k, c FROM sbtest2 WHERE k BETWEEN 5204075 AND 5204175
	Bitmap Heap Scan on sbtest2  (cost=5.55..436.62 rows=109 width=125)
	  Recheck Cond: ((k >= 5204075) AND (k <= 5204175))
	  ->  Bitmap Index Scan on k_2  (cost=0.00..5.52 rows=109 width=0)
	        Index Cond: ((k >= 5204075) AND (k <= 5204175))

table 3 : explain SELECT k, c FROM sbtest3 WHERE k BETWEEN 5204075 AND 5204175
	Bitmap Heap Scan on sbtest3  (cost=5.47..405.13 rows=101 width=125)
	  Recheck Cond: ((k >= 5204075) AND (k <= 5204175))
	  ->  Bitmap Index Scan on k_3  (cost=0.00..5.44 rows=101 width=0)
	        Index Cond: ((k >= 5204075) AND (k <= 5204175))

table 4 : explain SELECT k, c FROM sbtest4 WHERE k BETWEEN 5204075 AND 5204175
	Bitmap Heap Scan on sbtest4  (cost=5.45..397.25 rows=99 width=125)
	  Recheck Cond: ((k >= 5204075) AND (k <= 5204175))
	  ->  Bitmap Index Scan on k_4  (cost=0.00..5.42 rows=99 width=0)
	        Index Cond: ((k >= 5204075) AND (k <= 5204175))

table 5 : explain SELECT k, c FROM sbtest5 WHERE k BETWEEN 5204075 AND 5204175
	Bitmap Heap Scan on sbtest5  (cost=5.46..401.19 rows=100 width=125)
	  Recheck Cond: ((k >= 5204075) AND (k <= 5204175))
	  ->  Bitmap Index Scan on k_5  (cost=0.00..5.43 rows=100 width=0)
	        Index Cond: ((k >= 5204075) AND (k <= 5204175))

table 6 : explain SELECT k, c FROM sbtest6 WHERE k BETWEEN 5204075 AND 5204175
	Bitmap Heap Scan on sbtest6  (cost=5.47..405.13 rows=101 width=125)
	  Recheck Cond: ((k >= 5204075) AND (k <= 5204175))
	  ->  Bitmap Index Scan on k_6  (cost=0.00..5.44 rows=101 width=0)
	        Index Cond: ((k >= 5204075) AND (k <= 5204175))

table 7 : explain SELECT k, c FROM sbtest7 WHERE k BETWEEN 5204075 AND 5204175
	Bitmap Heap Scan on sbtest7  (cost=5.47..405.13 rows=101 width=125)
	  Recheck Cond: ((k >= 5204075) AND (k <= 5204175))
	  ->  Bitmap Index Scan on k_7  (cost=0.00..5.44 rows=101 width=0)
	        Index Cond: ((k >= 5204075) AND (k <= 5204175))

table 8 : explain SELECT k, c FROM sbtest8 WHERE k BETWEEN 5204075 AND 5204175
	Bitmap Heap Scan on sbtest8  (cost=5.49..413.00 rows=103 width=125)
	  Recheck Cond: ((k >= 5204075) AND (k <= 5204175))
	  ->  Bitmap Index Scan on k_8  (cost=0.00..5.46 rows=103 width=0)
	        Index Cond: ((k >= 5204075) AND (k <= 5204175))

explain: for range-notcovered :: explain SELECT k, c FROM sbtest%d WHERE k BETWEEN 7751859 AND 7751959
explain: for range-notcovered :: explain SELECT k, c FROM sbtest%d WHERE k BETWEEN 5204075 AND 5204175
for range-notcovered
table 1 : explain SELECT k, c FROM sbtest1 WHERE k BETWEEN 6006491 AND 6006591
	Bitmap Heap Scan on sbtest1  (cost=5.39..373.61 rows=93 width=125)
	  Recheck Cond: ((k >= 6006491) AND (k <= 6006591))
	  ->  Bitmap Index Scan on k_1  (cost=0.00..5.36 rows=93 width=0)
	        Index Cond: ((k >= 6006491) AND (k <= 6006591))

table 2 : explain SELECT k, c FROM sbtest2 WHERE k BETWEEN 6006491 AND 6006591
	Bitmap Heap Scan on sbtest2  (cost=5.38..369.67 rows=92 width=125)
	  Recheck Cond: ((k >= 6006491) AND (k <= 6006591))
	  ->  Bitmap Index Scan on k_2  (cost=0.00..5.35 rows=92 width=0)
	        Index Cond: ((k >= 6006491) AND (k <= 6006591))

table 3 : explain SELECT k, c FROM sbtest3 WHERE k BETWEEN 6006491 AND 6006591
	Bitmap Heap Scan on sbtest3  (cost=5.44..393.31 rows=98 width=125)
	  Recheck Cond: ((k >= 6006491) AND (k <= 6006591))
	  ->  Bitmap Index Scan on k_3  (cost=0.00..5.42 rows=98 width=0)
	        Index Cond: ((k >= 6006491) AND (k <= 6006591))

table 4 : explain SELECT k, c FROM sbtest4 WHERE k BETWEEN 6006491 AND 6006591
	Bitmap Heap Scan on sbtest4  (cost=5.48..409.07 rows=102 width=125)
	  Recheck Cond: ((k >= 6006491) AND (k <= 6006591))
	  ->  Bitmap Index Scan on k_4  (cost=0.00..5.45 rows=102 width=0)
	        Index Cond: ((k >= 6006491) AND (k <= 6006591))

table 5 : explain SELECT k, c FROM sbtest5 WHERE k BETWEEN 6006491 AND 6006591
	Bitmap Heap Scan on sbtest5  (cost=5.48..409.07 rows=102 width=125)
	  Recheck Cond: ((k >= 6006491) AND (k <= 6006591))
	  ->  Bitmap Index Scan on k_5  (cost=0.00..5.45 rows=102 width=0)
	        Index Cond: ((k >= 6006491) AND (k <= 6006591))

table 6 : explain SELECT k, c FROM sbtest6 WHERE k BETWEEN 6006491 AND 6006591
	Bitmap Heap Scan on sbtest6  (cost=5.44..393.31 rows=98 width=125)
	  Recheck Cond: ((k >= 6006491) AND (k <= 6006591))
	  ->  Bitmap Index Scan on k_6  (cost=0.00..5.42 rows=98 width=0)
	        Index Cond: ((k >= 6006491) AND (k <= 6006591))

table 7 : explain SELECT k, c FROM sbtest7 WHERE k BETWEEN 6006491 AND 6006591
	Bitmap Heap Scan on sbtest7  (cost=5.40..377.55 rows=94 width=125)
	  Recheck Cond: ((k >= 6006491) AND (k <= 6006591))
	  ->  Bitmap Index Scan on k_7  (cost=0.00..5.38 rows=94 width=0)
	        Index Cond: ((k >= 6006491) AND (k <= 6006591))

table 8 : explain SELECT k, c FROM sbtest8 WHERE k BETWEEN 6006491 AND 6006591
	Bitmap Heap Scan on sbtest8  (cost=5.37..365.72 rows=91 width=125)
	  Recheck Cond: ((k >= 6006491) AND (k <= 6006591))
	  ->  Bitmap Index Scan on k_8  (cost=0.00..5.34 rows=91 width=0)
	        Index Cond: ((k >= 6006491) AND (k <= 6006591))

for range-notcovered
table 1 : explain SELECT k, c FROM sbtest1 WHERE k BETWEEN 6011784 AND 6011884
	Bitmap Heap Scan on sbtest1  (cost=5.39..373.61 rows=93 width=125)
	  Recheck Cond: ((k >= 6011784) AND (k <= 6011884))
	  ->  Bitmap Index Scan on k_1  (cost=0.00..5.36 rows=93 width=0)
	        Index Cond: ((k >= 6011784) AND (k <= 6011884))

table 2 : explain SELECT k, c FROM sbtest2 WHERE k BETWEEN 6011784 AND 6011884
	Bitmap Heap Scan on sbtest2  (cost=5.38..369.67 rows=92 width=125)
	  Recheck Cond: ((k >= 6011784) AND (k <= 6011884))
	  ->  Bitmap Index Scan on k_2  (cost=0.00..5.35 rows=92 width=0)
	        Index Cond: ((k >= 6011784) AND (k <= 6011884))

table 3 : explain SELECT k, c FROM sbtest3 WHERE k BETWEEN 6011784 AND 6011884
	Bitmap Heap Scan on sbtest3  (cost=5.44..393.31 rows=98 width=125)
	  Recheck Cond: ((k >= 6011784) AND (k <= 6011884))
	  ->  Bitmap Index Scan on k_3  (cost=0.00..5.42 rows=98 width=0)
	        Index Cond: ((k >= 6011784) AND (k <= 6011884))

table 4 : explain SELECT k, c FROM sbtest4 WHERE k BETWEEN 6011784 AND 6011884
	Bitmap Heap Scan on sbtest4  (cost=5.48..409.07 rows=102 width=125)
	  Recheck Cond: ((k >= 6011784) AND (k <= 6011884))
	  ->  Bitmap Index Scan on k_4  (cost=0.00..5.45 rows=102 width=0)
	        Index Cond: ((k >= 6011784) AND (k <= 6011884))

table 5 : explain SELECT k, c FROM sbtest5 WHERE k BETWEEN 6011784 AND 6011884
	Bitmap Heap Scan on sbtest5  (cost=5.48..409.07 rows=102 width=125)
	  Recheck Cond: ((k >= 6011784) AND (k <= 6011884))
	  ->  Bitmap Index Scan on k_5  (cost=0.00..5.45 rows=102 width=0)
	        Index Cond: ((k >= 6011784) AND (k <= 6011884))

table 6 : explain SELECT k, c FROM sbtest6 WHERE k BETWEEN 6011784 AND 6011884
	Bitmap Heap Scan on sbtest6  (cost=5.44..393.31 rows=98 width=125)
	  Recheck Cond: ((k >= 6011784) AND (k <= 6011884))
	  ->  Bitmap Index Scan on k_6  (cost=0.00..5.42 rows=98 width=0)
	        Index Cond: ((k >= 6011784) AND (k <= 6011884))

table 7 : explain SELECT k, c FROM sbtest7 WHERE k BETWEEN 6011784 AND 6011884
	Bitmap Heap Scan on sbtest7  (cost=5.40..377.55 rows=94 width=125)
	  Recheck Cond: ((k >= 6011784) AND (k <= 6011884))
	  ->  Bitmap Index Scan on k_7  (cost=0.00..5.38 rows=94 width=0)
	        Index Cond: ((k >= 6011784) AND (k <= 6011884))

table 8 : explain SELECT k, c FROM sbtest8 WHERE k BETWEEN 6011784 AND 6011884
	Bitmap Heap Scan on sbtest8  (cost=5.37..365.72 rows=91 width=125)
	  Recheck Cond: ((k >= 6011784) AND (k <= 6011884))
	  ->  Bitmap Index Scan on k_8  (cost=0.00..5.34 rows=91 width=0)
	        Index Cond: ((k >= 6011784) AND (k <= 6011884))

for range-notcovered
table 1 : explain SELECT k, c FROM sbtest1 WHERE k BETWEEN 3311644 AND 3311744
	Bitmap Heap Scan on sbtest1  (cost=5.51..420.88 rows=105 width=125)
	  Recheck Cond: ((k >= 3311644) AND (k <= 3311744))
	  ->  Bitmap Index Scan on k_1  (cost=0.00..5.48 rows=105 width=0)
	        Index Cond: ((k >= 3311644) AND (k <= 3311744))

table 2 : explain SELECT k, c FROM sbtest2 WHERE k BETWEEN 3311644 AND 3311744
	Bitmap Heap Scan on sbtest2  (cost=5.55..436.62 rows=109 width=125)
	  Recheck Cond: ((k >= 3311644) AND (k <= 3311744))
	  ->  Bitmap Index Scan on k_2  (cost=0.00..5.52 rows=109 width=0)
	        Index Cond: ((k >= 3311644) AND (k <= 3311744))

table 3 : explain SELECT k, c FROM sbtest3 WHERE k BETWEEN 3311644 AND 3311744
	Bitmap Heap Scan on sbtest3  (cost=5.50..416.94 rows=104 width=125)
	  Recheck Cond: ((k >= 3311644) AND (k <= 3311744))
	  ->  Bitmap Index Scan on k_3  (cost=0.00..5.47 rows=104 width=0)
	        Index Cond: ((k >= 3311644) AND (k <= 3311744))

table 4 : explain SELECT k, c FROM sbtest4 WHERE k BETWEEN 3311644 AND 3311744
	Bitmap Heap Scan on sbtest4  (cost=5.61..460.22 rows=115 width=125)
	  Recheck Cond: ((k >= 3311644) AND (k <= 3311744))
	  ->  Bitmap Index Scan on k_4  (cost=0.00..5.58 rows=115 width=0)
	        Index Cond: ((k >= 3311644) AND (k <= 3311744))

table 5 : explain SELECT k, c FROM sbtest5 WHERE k BETWEEN 3311644 AND 3311744
	Bitmap Heap Scan on sbtest5  (cost=5.42..385.43 rows=96 width=125)
	  Recheck Cond: ((k >= 3311644) AND (k <= 3311744))
	  ->  Bitmap Index Scan on k_5  (cost=0.00..5.39 rows=96 width=0)
	        Index Cond: ((k >= 3311644) AND (k <= 3311744))

table 6 : explain SELECT k, c FROM sbtest6 WHERE k BETWEEN 3311644 AND 3311744
	Bitmap Heap Scan on sbtest6  (cost=5.49..413.00 rows=103 width=125)
	  Recheck Cond: ((k >= 3311644) AND (k <= 3311744))
	  ->  Bitmap Index Scan on k_6  (cost=0.00..5.46 rows=103 width=0)
	        Index Cond: ((k >= 3311644) AND (k <= 3311744))

table 7 : explain SELECT k, c FROM sbtest7 WHERE k BETWEEN 3311644 AND 3311744
	Bitmap Heap Scan on sbtest7  (cost=5.48..409.07 rows=102 width=125)
	  Recheck Cond: ((k >= 3311644) AND (k <= 3311744))
	  ->  Bitmap Index Scan on k_7  (cost=0.00..5.45 rows=102 width=0)
	        Index Cond: ((k >= 3311644) AND (k <= 3311744))

table 8 : explain SELECT k, c FROM sbtest8 WHERE k BETWEEN 3311644 AND 3311744
	Bitmap Heap Scan on sbtest8  (cost=5.50..416.94 rows=104 width=125)
	  Recheck Cond: ((k >= 3311644) AND (k <= 3311744))
	  ->  Bitmap Index Scan on k_8  (cost=0.00..5.47 rows=104 width=0)
	        Index Cond: ((k >= 3311644) AND (k <= 3311744))

explain: for range-notcovered :: explain SELECT k, c FROM sbtest%d WHERE k BETWEEN 6006491 AND 6006591
explain: for range-notcovered :: explain SELECT k, c FROM sbtest%d WHERE k BETWEEN 6011784 AND 6011884
explain: for range-notcovered :: explain SELECT k, c FROM sbtest%d WHERE k BETWEEN 3311644 AND 3311744
for range-notcovered
table 1 : explain SELECT k, c FROM sbtest1 WHERE k BETWEEN 2505796 AND 2505896
	Bitmap Heap Scan on sbtest1  (cost=5.50..416.94 rows=104 width=125)
	  Recheck Cond: ((k >= 2505796) AND (k <= 2505896))
	  ->  Bitmap Index Scan on k_1  (cost=0.00..5.47 rows=104 width=0)
	        Index Cond: ((k >= 2505796) AND (k <= 2505896))

table 2 : explain SELECT k, c FROM sbtest2 WHERE k BETWEEN 2505796 AND 2505896
	Bitmap Heap Scan on sbtest2  (cost=5.46..401.19 rows=100 width=125)
	  Recheck Cond: ((k >= 2505796) AND (k <= 2505896))
	  ->  Bitmap Index Scan on k_2  (cost=0.00..5.43 rows=100 width=0)
	        Index Cond: ((k >= 2505796) AND (k <= 2505896))

table 3 : explain SELECT k, c FROM sbtest3 WHERE k BETWEEN 2505796 AND 2505896
	Bitmap Heap Scan on sbtest3  (cost=5.49..413.00 rows=103 width=125)
	  Recheck Cond: ((k >= 2505796) AND (k <= 2505896))
	  ->  Bitmap Index Scan on k_3  (cost=0.00..5.46 rows=103 width=0)
	        Index Cond: ((k >= 2505796) AND (k <= 2505896))

table 4 : explain SELECT k, c FROM sbtest4 WHERE k BETWEEN 2505796 AND 2505896
	Bitmap Heap Scan on sbtest4  (cost=5.55..436.62 rows=109 width=125)
	  Recheck Cond: ((k >= 2505796) AND (k <= 2505896))
	  ->  Bitmap Index Scan on k_4  (cost=0.00..5.52 rows=109 width=0)
	        Index Cond: ((k >= 2505796) AND (k <= 2505896))

table 5 : explain SELECT k, c FROM sbtest5 WHERE k BETWEEN 2505796 AND 2505896
	Bitmap Heap Scan on sbtest5  (cost=5.57..444.49 rows=111 width=125)
	  Recheck Cond: ((k >= 2505796) AND (k <= 2505896))
	  ->  Bitmap Index Scan on k_5  (cost=0.00..5.54 rows=111 width=0)
	        Index Cond: ((k >= 2505796) AND (k <= 2505896))

table 6 : explain SELECT k, c FROM sbtest6 WHERE k BETWEEN 2505796 AND 2505896
	Bitmap Heap Scan on sbtest6  (cost=5.42..385.43 rows=96 width=125)
	  Recheck Cond: ((k >= 2505796) AND (k <= 2505896))
	  ->  Bitmap Index Scan on k_6  (cost=0.00..5.39 rows=96 width=0)
	        Index Cond: ((k >= 2505796) AND (k <= 2505896))

table 7 : explain SELECT k, c FROM sbtest7 WHERE k BETWEEN 2505796 AND 2505896
	Bitmap Heap Scan on sbtest7  (cost=5.53..428.75 rows=107 width=125)
	  Recheck Cond: ((k >= 2505796) AND (k <= 2505896))
	  ->  Bitmap Index Scan on k_7  (cost=0.00..5.50 rows=107 width=0)
	        Index Cond: ((k >= 2505796) AND (k <= 2505896))

table 8 : explain SELECT k, c FROM sbtest8 WHERE k BETWEEN 2505796 AND 2505896
	Bitmap Heap Scan on sbtest8  (cost=5.45..397.25 rows=99 width=125)
	  Recheck Cond: ((k >= 2505796) AND (k <= 2505896))
	  ->  Bitmap Index Scan on k_8  (cost=0.00..5.42 rows=99 width=0)
	        Index Cond: ((k >= 2505796) AND (k <= 2505896))

for range-notcovered
table 1 : explain SELECT k, c FROM sbtest1 WHERE k BETWEEN 4240972 AND 4241072
	Bitmap Heap Scan on sbtest1  (cost=5.53..428.75 rows=107 width=125)
	  Recheck Cond: ((k >= 4240972) AND (k <= 4241072))
	  ->  Bitmap Index Scan on k_1  (cost=0.00..5.50 rows=107 width=0)
	        Index Cond: ((k >= 4240972) AND (k <= 4241072))

table 2 : explain SELECT k, c FROM sbtest2 WHERE k BETWEEN 4240972 AND 4241072
	Bitmap Heap Scan on sbtest2  (cost=5.45..397.25 rows=99 width=125)
	  Recheck Cond: ((k >= 4240972) AND (k <= 4241072))
	  ->  Bitmap Index Scan on k_2  (cost=0.00..5.42 rows=99 width=0)
	        Index Cond: ((k >= 4240972) AND (k <= 4241072))

table 3 : explain SELECT k, c FROM sbtest3 WHERE k BETWEEN 4240972 AND 4241072
	Bitmap Heap Scan on sbtest3  (cost=5.51..420.88 rows=105 width=125)
	  Recheck Cond: ((k >= 4240972) AND (k <= 4241072))
	  ->  Bitmap Index Scan on k_3  (cost=0.00..5.48 rows=105 width=0)
	        Index Cond: ((k >= 4240972) AND (k <= 4241072))

table 4 : explain SELECT k, c FROM sbtest4 WHERE k BETWEEN 4240972 AND 4241072
	Bitmap Heap Scan on sbtest4  (cost=5.41..381.49 rows=95 width=125)
	  Recheck Cond: ((k >= 4240972) AND (k <= 4241072))
	  ->  Bitmap Index Scan on k_4  (cost=0.00..5.38 rows=95 width=0)
	        Index Cond: ((k >= 4240972) AND (k <= 4241072))

table 5 : explain SELECT k, c FROM sbtest5 WHERE k BETWEEN 4240972 AND 4241072
	Bitmap Heap Scan on sbtest5  (cost=5.50..416.94 rows=104 width=125)
	  Recheck Cond: ((k >= 4240972) AND (k <= 4241072))
	  ->  Bitmap Index Scan on k_5  (cost=0.00..5.47 rows=104 width=0)
	        Index Cond: ((k >= 4240972) AND (k <= 4241072))

table 6 : explain SELECT k, c FROM sbtest6 WHERE k BETWEEN 4240972 AND 4241072
	Bitmap Heap Scan on sbtest6  (cost=5.43..389.37 rows=97 width=125)
	  Recheck Cond: ((k >= 4240972) AND (k <= 4241072))
	  ->  Bitmap Index Scan on k_6  (cost=0.00..5.40 rows=97 width=0)
	        Index Cond: ((k >= 4240972) AND (k <= 4241072))

table 7 : explain SELECT k, c FROM sbtest7 WHERE k BETWEEN 4240972 AND 4241072
	Bitmap Heap Scan on sbtest7  (cost=5.68..483.81 rows=121 width=125)
	  Recheck Cond: ((k >= 4240972) AND (k <= 4241072))
	  ->  Bitmap Index Scan on k_7  (cost=0.00..5.64 rows=121 width=0)
	        Index Cond: ((k >= 4240972) AND (k <= 4241072))

table 8 : explain SELECT k, c FROM sbtest8 WHERE k BETWEEN 4240972 AND 4241072
	Bitmap Heap Scan on sbtest8  (cost=5.52..424.81 rows=106 width=125)
	  Recheck Cond: ((k >= 4240972) AND (k <= 4241072))
	  ->  Bitmap Index Scan on k_8  (cost=0.00..5.50 rows=106 width=0)
	        Index Cond: ((k >= 4240972) AND (k <= 4241072))

explain: for range-notcovered :: explain SELECT k, c FROM sbtest%d WHERE k BETWEEN 2505796 AND 2505896
explain: for range-notcovered :: explain SELECT k, c FROM sbtest%d WHERE k BETWEEN 4240972 AND 4241072
for range-notcovered
table 1 : explain SELECT k, c FROM sbtest1 WHERE k BETWEEN 4099561 AND 4099661
	Bitmap Heap Scan on sbtest1  (cost=5.45..397.25 rows=99 width=125)
	  Recheck Cond: ((k >= 4099561) AND (k <= 4099661))
	  ->  Bitmap Index Scan on k_1  (cost=0.00..5.42 rows=99 width=0)
	        Index Cond: ((k >= 4099561) AND (k <= 4099661))

table 2 : explain SELECT k, c FROM sbtest2 WHERE k BETWEEN 4099561 AND 4099661
	Bitmap Heap Scan on sbtest2  (cost=5.47..405.13 rows=101 width=125)
	  Recheck Cond: ((k >= 4099561) AND (k <= 4099661))
	  ->  Bitmap Index Scan on k_2  (cost=0.00..5.44 rows=101 width=0)
	        Index Cond: ((k >= 4099561) AND (k <= 4099661))

table 3 : explain SELECT k, c FROM sbtest3 WHERE k BETWEEN 4099561 AND 4099661
	Bitmap Heap Scan on sbtest3  (cost=5.53..428.75 rows=107 width=125)
	  Recheck Cond: ((k >= 4099561) AND (k <= 4099661))
	  ->  Bitmap Index Scan on k_3  (cost=0.00..5.50 rows=107 width=0)
	        Index Cond: ((k >= 4099561) AND (k <= 4099661))

table 4 : explain SELECT k, c FROM sbtest4 WHERE k BETWEEN 4099561 AND 4099661
	Bitmap Heap Scan on sbtest4  (cost=5.43..389.37 rows=97 width=125)
	  Recheck Cond: ((k >= 4099561) AND (k <= 4099661))
	  ->  Bitmap Index Scan on k_4  (cost=0.00..5.40 rows=97 width=0)
	        Index Cond: ((k >= 4099561) AND (k <= 4099661))

table 5 : explain SELECT k, c FROM sbtest5 WHERE k BETWEEN 4099561 AND 4099661
	Bitmap Heap Scan on sbtest5  (cost=5.48..409.07 rows=102 width=125)
	  Recheck Cond: ((k >= 4099561) AND (k <= 4099661))
	  ->  Bitmap Index Scan on k_5  (cost=0.00..5.45 rows=102 width=0)
	        Index Cond: ((k >= 4099561) AND (k <= 4099661))

table 6 : explain SELECT k, c FROM sbtest6 WHERE k BETWEEN 4099561 AND 4099661
	Bitmap Heap Scan on sbtest6  (cost=5.50..416.94 rows=104 width=125)
	  Recheck Cond: ((k >= 4099561) AND (k <= 4099661))
	  ->  Bitmap Index Scan on k_6  (cost=0.00..5.47 rows=104 width=0)
	        Index Cond: ((k >= 4099561) AND (k <= 4099661))

table 7 : explain SELECT k, c FROM sbtest7 WHERE k BETWEEN 4099561 AND 4099661
	Bitmap Heap Scan on sbtest7  (cost=5.51..420.88 rows=105 width=125)
	  Recheck Cond: ((k >= 4099561) AND (k <= 4099661))
	  ->  Bitmap Index Scan on k_7  (cost=0.00..5.48 rows=105 width=0)
	        Index Cond: ((k >= 4099561) AND (k <= 4099661))

table 8 : explain SELECT k, c FROM sbtest8 WHERE k BETWEEN 4099561 AND 4099661
	Bitmap Heap Scan on sbtest8  (cost=5.40..377.55 rows=94 width=125)
	  Recheck Cond: ((k >= 4099561) AND (k <= 4099661))
	  ->  Bitmap Index Scan on k_8  (cost=0.00..5.38 rows=94 width=0)
	        Index Cond: ((k >= 4099561) AND (k <= 4099661))

for range-notcovered
table 1 : explain SELECT k, c FROM sbtest1 WHERE k BETWEEN 7751859 AND 7751959
	Bitmap Heap Scan on sbtest1  (cost=5.56..440.56 rows=110 width=125)
	  Recheck Cond: ((k >= 7751859) AND (k <= 7751959))
	  ->  Bitmap Index Scan on k_1  (cost=0.00..5.53 rows=110 width=0)
	        Index Cond: ((k >= 7751859) AND (k <= 7751959))

table 2 : explain SELECT k, c FROM sbtest2 WHERE k BETWEEN 7751859 AND 7751959
	Bitmap Heap Scan on sbtest2  (cost=5.51..420.88 rows=105 width=125)
	  Recheck Cond: ((k >= 7751859) AND (k <= 7751959))
	  ->  Bitmap Index Scan on k_2  (cost=0.00..5.48 rows=105 width=0)
	        Index Cond: ((k >= 7751859) AND (k <= 7751959))

table 3 : explain SELECT k, c FROM sbtest3 WHERE k BETWEEN 7751859 AND 7751959
	Bitmap Heap Scan on sbtest3  (cost=5.54..432.69 rows=108 width=125)
	  Recheck Cond: ((k >= 7751859) AND (k <= 7751959))
	  ->  Bitmap Index Scan on k_3  (cost=0.00..5.51 rows=108 width=0)
	        Index Cond: ((k >= 7751859) AND (k <= 7751959))

table 4 : explain SELECT k, c FROM sbtest4 WHERE k BETWEEN 7751859 AND 7751959
	Bitmap Heap Scan on sbtest4  (cost=5.45..397.25 rows=99 width=125)
	  Recheck Cond: ((k >= 7751859) AND (k <= 7751959))
	  ->  Bitmap Index Scan on k_4  (cost=0.00..5.42 rows=99 width=0)
	        Index Cond: ((k >= 7751859) AND (k <= 7751959))

table 5 : explain SELECT k, c FROM sbtest5 WHERE k BETWEEN 7751859 AND 7751959
	Bitmap Heap Scan on sbtest5  (cost=5.48..409.07 rows=102 width=125)
	  Recheck Cond: ((k >= 7751859) AND (k <= 7751959))
	  ->  Bitmap Index Scan on k_5  (cost=0.00..5.45 rows=102 width=0)
	        Index Cond: ((k >= 7751859) AND (k <= 7751959))

table 6 : explain SELECT k, c FROM sbtest6 WHERE k BETWEEN 7751859 AND 7751959
	Bitmap Heap Scan on sbtest6  (cost=5.51..420.88 rows=105 width=125)
	  Recheck Cond: ((k >= 7751859) AND (k <= 7751959))
	  ->  Bitmap Index Scan on k_6  (cost=0.00..5.48 rows=105 width=0)
	        Index Cond: ((k >= 7751859) AND (k <= 7751959))

table 7 : explain SELECT k, c FROM sbtest7 WHERE k BETWEEN 7751859 AND 7751959
	Bitmap Heap Scan on sbtest7  (cost=5.54..432.69 rows=108 width=125)
	  Recheck Cond: ((k >= 7751859) AND (k <= 7751959))
	  ->  Bitmap Index Scan on k_7  (cost=0.00..5.51 rows=108 width=0)
	        Index Cond: ((k >= 7751859) AND (k <= 7751959))

table 8 : explain SELECT k, c FROM sbtest8 WHERE k BETWEEN 7751859 AND 7751959
	Bitmap Heap Scan on sbtest8  (cost=5.49..413.00 rows=103 width=125)
	  Recheck Cond: ((k >= 7751859) AND (k <= 7751959))
	  ->  Bitmap Index Scan on k_8  (cost=0.00..5.46 rows=103 width=0)
	        Index Cond: ((k >= 7751859) AND (k <= 7751959))

explain: for range-notcovered :: explain SELECT k, c FROM sbtest%d WHERE k BETWEEN 4099561 AND 4099661
explain: for range-notcovered :: explain SELECT k, c FROM sbtest%d WHERE k BETWEEN 7751859 AND 7751959
for range-notcovered
table 1 : explain SELECT k, c FROM sbtest1 WHERE k BETWEEN 5204075 AND 5204175
	Bitmap Heap Scan on sbtest1  (cost=5.53..428.75 rows=107 width=125)
	  Recheck Cond: ((k >= 5204075) AND (k <= 5204175))
	  ->  Bitmap Index Scan on k_1  (cost=0.00..5.50 rows=107 width=0)
	        Index Cond: ((k >= 5204075) AND (k <= 5204175))

table 2 : explain SELECT k, c FROM sbtest2 WHERE k BETWEEN 5204075 AND 5204175
	Bitmap Heap Scan on sbtest2  (cost=5.55..436.62 rows=109 width=125)
	  Recheck Cond: ((k >= 5204075) AND (k <= 5204175))
	  ->  Bitmap Index Scan on k_2  (cost=0.00..5.52 rows=109 width=0)
	        Index Cond: ((k >= 5204075) AND (k <= 5204175))

table 3 : explain SELECT k, c FROM sbtest3 WHERE k BETWEEN 5204075 AND 5204175
	Bitmap Heap Scan on sbtest3  (cost=5.47..405.13 rows=101 width=125)
	  Recheck Cond: ((k >= 5204075) AND (k <= 5204175))
	  ->  Bitmap Index Scan on k_3  (cost=0.00..5.44 rows=101 width=0)
	        Index Cond: ((k >= 5204075) AND (k <= 5204175))

table 4 : explain SELECT k, c FROM sbtest4 WHERE k BETWEEN 5204075 AND 5204175
	Bitmap Heap Scan on sbtest4  (cost=5.45..397.25 rows=99 width=125)
	  Recheck Cond: ((k >= 5204075) AND (k <= 5204175))
	  ->  Bitmap Index Scan on k_4  (cost=0.00..5.42 rows=99 width=0)
	        Index Cond: ((k >= 5204075) AND (k <= 5204175))

table 5 : explain SELECT k, c FROM sbtest5 WHERE k BETWEEN 5204075 AND 5204175
	Bitmap Heap Scan on sbtest5  (cost=5.46..401.19 rows=100 width=125)
	  Recheck Cond: ((k >= 5204075) AND (k <= 5204175))
	  ->  Bitmap Index Scan on k_5  (cost=0.00..5.43 rows=100 width=0)
	        Index Cond: ((k >= 5204075) AND (k <= 5204175))

table 6 : explain SELECT k, c FROM sbtest6 WHERE k BETWEEN 5204075 AND 5204175
	Bitmap Heap Scan on sbtest6  (cost=5.47..405.13 rows=101 width=125)
	  Recheck Cond: ((k >= 5204075) AND (k <= 5204175))
	  ->  Bitmap Index Scan on k_6  (cost=0.00..5.44 rows=101 width=0)
	        Index Cond: ((k >= 5204075) AND (k <= 5204175))

table 7 : explain SELECT k, c FROM sbtest7 WHERE k BETWEEN 5204075 AND 5204175
	Bitmap Heap Scan on sbtest7  (cost=5.47..405.13 rows=101 width=125)
	  Recheck Cond: ((k >= 5204075) AND (k <= 5204175))
	  ->  Bitmap Index Scan on k_7  (cost=0.00..5.44 rows=101 width=0)
	        Index Cond: ((k >= 5204075) AND (k <= 5204175))

table 8 : explain SELECT k, c FROM sbtest8 WHERE k BETWEEN 5204075 AND 5204175
	Bitmap Heap Scan on sbtest8  (cost=5.49..413.00 rows=103 width=125)
	  Recheck Cond: ((k >= 5204075) AND (k <= 5204175))
	  ->  Bitmap Index Scan on k_8  (cost=0.00..5.46 rows=103 width=0)
	        Index Cond: ((k >= 5204075) AND (k <= 5204175))

for range-notcovered
table 1 : explain SELECT k, c FROM sbtest1 WHERE k BETWEEN 6006491 AND 6006591
	Bitmap Heap Scan on sbtest1  (cost=5.39..373.61 rows=93 width=125)
	  Recheck Cond: ((k >= 6006491) AND (k <= 6006591))
	  ->  Bitmap Index Scan on k_1  (cost=0.00..5.36 rows=93 width=0)
	        Index Cond: ((k >= 6006491) AND (k <= 6006591))

table 2 : explain SELECT k, c FROM sbtest2 WHERE k BETWEEN 6006491 AND 6006591
	Bitmap Heap Scan on sbtest2  (cost=5.38..369.67 rows=92 width=125)
	  Recheck Cond: ((k >= 6006491) AND (k <= 6006591))
	  ->  Bitmap Index Scan on k_2  (cost=0.00..5.35 rows=92 width=0)
	        Index Cond: ((k >= 6006491) AND (k <= 6006591))

table 3 : explain SELECT k, c FROM sbtest3 WHERE k BETWEEN 6006491 AND 6006591
	Bitmap Heap Scan on sbtest3  (cost=5.44..393.31 rows=98 width=125)
	  Recheck Cond: ((k >= 6006491) AND (k <= 6006591))
	  ->  Bitmap Index Scan on k_3  (cost=0.00..5.42 rows=98 width=0)
	        Index Cond: ((k >= 6006491) AND (k <= 6006591))

table 4 : explain SELECT k, c FROM sbtest4 WHERE k BETWEEN 6006491 AND 6006591
	Bitmap Heap Scan on sbtest4  (cost=5.48..409.07 rows=102 width=125)
	  Recheck Cond: ((k >= 6006491) AND (k <= 6006591))
	  ->  Bitmap Index Scan on k_4  (cost=0.00..5.45 rows=102 width=0)
	        Index Cond: ((k >= 6006491) AND (k <= 6006591))

table 5 : explain SELECT k, c FROM sbtest5 WHERE k BETWEEN 6006491 AND 6006591
	Bitmap Heap Scan on sbtest5  (cost=5.48..409.07 rows=102 width=125)
	  Recheck Cond: ((k >= 6006491) AND (k <= 6006591))
	  ->  Bitmap Index Scan on k_5  (cost=0.00..5.45 rows=102 width=0)
	        Index Cond: ((k >= 6006491) AND (k <= 6006591))

table 6 : explain SELECT k, c FROM sbtest6 WHERE k BETWEEN 6006491 AND 6006591
	Bitmap Heap Scan on sbtest6  (cost=5.44..393.31 rows=98 width=125)
	  Recheck Cond: ((k >= 6006491) AND (k <= 6006591))
	  ->  Bitmap Index Scan on k_6  (cost=0.00..5.42 rows=98 width=0)
	        Index Cond: ((k >= 6006491) AND (k <= 6006591))

table 7 : explain SELECT k, c FROM sbtest7 WHERE k BETWEEN 6006491 AND 6006591
	Bitmap Heap Scan on sbtest7  (cost=5.40..377.55 rows=94 width=125)
	  Recheck Cond: ((k >= 6006491) AND (k <= 6006591))
	  ->  Bitmap Index Scan on k_7  (cost=0.00..5.38 rows=94 width=0)
	        Index Cond: ((k >= 6006491) AND (k <= 6006591))

table 8 : explain SELECT k, c FROM sbtest8 WHERE k BETWEEN 6006491 AND 6006591
	Bitmap Heap Scan on sbtest8  (cost=5.37..365.72 rows=91 width=125)
	  Recheck Cond: ((k >= 6006491) AND (k <= 6006591))
	  ->  Bitmap Index Scan on k_8  (cost=0.00..5.34 rows=91 width=0)
	        Index Cond: ((k >= 6006491) AND (k <= 6006591))

explain: for range-notcovered :: explain SELECT k, c FROM sbtest%d WHERE k BETWEEN 5204075 AND 5204175
for range-notcovered
table 1 : explain SELECT k, c FROM sbtest1 WHERE k BETWEEN 6011784 AND 6011884
	Bitmap Heap Scan on sbtest1  (cost=5.39..373.61 rows=93 width=125)
	  Recheck Cond: ((k >= 6011784) AND (k <= 6011884))
	  ->  Bitmap Index Scan on k_1  (cost=0.00..5.36 rows=93 width=0)
	        Index Cond: ((k >= 6011784) AND (k <= 6011884))

table 2 : explain SELECT k, c FROM sbtest2 WHERE k BETWEEN 6011784 AND 6011884
	Bitmap Heap Scan on sbtest2  (cost=5.38..369.67 rows=92 width=125)
	  Recheck Cond: ((k >= 6011784) AND (k <= 6011884))
	  ->  Bitmap Index Scan on k_2  (cost=0.00..5.35 rows=92 width=0)
	        Index Cond: ((k >= 6011784) AND (k <= 6011884))

table 3 : explain SELECT k, c FROM sbtest3 WHERE k BETWEEN 6011784 AND 6011884
	Bitmap Heap Scan on sbtest3  (cost=5.44..393.31 rows=98 width=125)
	  Recheck Cond: ((k >= 6011784) AND (k <= 6011884))
	  ->  Bitmap Index Scan on k_3  (cost=0.00..5.42 rows=98 width=0)
	        Index Cond: ((k >= 6011784) AND (k <= 6011884))

table 4 : explain SELECT k, c FROM sbtest4 WHERE k BETWEEN 6011784 AND 6011884
	Bitmap Heap Scan on sbtest4  (cost=5.48..409.07 rows=102 width=125)
	  Recheck Cond: ((k >= 6011784) AND (k <= 6011884))
	  ->  Bitmap Index Scan on k_4  (cost=0.00..5.45 rows=102 width=0)
	        Index Cond: ((k >= 6011784) AND (k <= 6011884))

table 5 : explain SELECT k, c FROM sbtest5 WHERE k BETWEEN 6011784 AND 6011884
	Bitmap Heap Scan on sbtest5  (cost=5.48..409.07 rows=102 width=125)
	  Recheck Cond: ((k >= 6011784) AND (k <= 6011884))
	  ->  Bitmap Index Scan on k_5  (cost=0.00..5.45 rows=102 width=0)
	        Index Cond: ((k >= 6011784) AND (k <= 6011884))

table 6 : explain SELECT k, c FROM sbtest6 WHERE k BETWEEN 6011784 AND 6011884
	Bitmap Heap Scan on sbtest6  (cost=5.44..393.31 rows=98 width=125)
	  Recheck Cond: ((k >= 6011784) AND (k <= 6011884))
	  ->  Bitmap Index Scan on k_6  (cost=0.00..5.42 rows=98 width=0)
	        Index Cond: ((k >= 6011784) AND (k <= 6011884))

table 7 : explain SELECT k, c FROM sbtest7 WHERE k BETWEEN 6011784 AND 6011884
	Bitmap Heap Scan on sbtest7  (cost=5.40..377.55 rows=94 width=125)
	  Recheck Cond: ((k >= 6011784) AND (k <= 6011884))
	  ->  Bitmap Index Scan on k_7  (cost=0.00..5.38 rows=94 width=0)
	        Index Cond: ((k >= 6011784) AND (k <= 6011884))

table 8 : explain SELECT k, c FROM sbtest8 WHERE k BETWEEN 6011784 AND 6011884
	Bitmap Heap Scan on sbtest8  (cost=5.37..365.72 rows=91 width=125)
	  Recheck Cond: ((k >= 6011784) AND (k <= 6011884))
	  ->  Bitmap Index Scan on k_8  (cost=0.00..5.34 rows=91 width=0)
	        Index Cond: ((k >= 6011784) AND (k <= 6011884))

explain: for range-notcovered :: explain SELECT k, c FROM sbtest%d WHERE k BETWEEN 6006491 AND 6006591
explain: for range-notcovered :: explain SELECT k, c FROM sbtest%d WHERE k BETWEEN 6011784 AND 6011884
for range-notcovered
table 1 : explain SELECT k, c FROM sbtest1 WHERE k BETWEEN 3311644 AND 3311744
	Bitmap Heap Scan on sbtest1  (cost=5.51..420.88 rows=105 width=125)
	  Recheck Cond: ((k >= 3311644) AND (k <= 3311744))
	  ->  Bitmap Index Scan on k_1  (cost=0.00..5.48 rows=105 width=0)
	        Index Cond: ((k >= 3311644) AND (k <= 3311744))

table 2 : explain SELECT k, c FROM sbtest2 WHERE k BETWEEN 3311644 AND 3311744
	Bitmap Heap Scan on sbtest2  (cost=5.55..436.62 rows=109 width=125)
	  Recheck Cond: ((k >= 3311644) AND (k <= 3311744))
	  ->  Bitmap Index Scan on k_2  (cost=0.00..5.52 rows=109 width=0)
	        Index Cond: ((k >= 3311644) AND (k <= 3311744))

table 3 : explain SELECT k, c FROM sbtest3 WHERE k BETWEEN 3311644 AND 3311744
	Bitmap Heap Scan on sbtest3  (cost=5.50..416.94 rows=104 width=125)
	  Recheck Cond: ((k >= 3311644) AND (k <= 3311744))
	  ->  Bitmap Index Scan on k_3  (cost=0.00..5.47 rows=104 width=0)
	        Index Cond: ((k >= 3311644) AND (k <= 3311744))

table 4 : explain SELECT k, c FROM sbtest4 WHERE k BETWEEN 3311644 AND 3311744
	Bitmap Heap Scan on sbtest4  (cost=5.61..460.22 rows=115 width=125)
	  Recheck Cond: ((k >= 3311644) AND (k <= 3311744))
	  ->  Bitmap Index Scan on k_4  (cost=0.00..5.58 rows=115 width=0)
	        Index Cond: ((k >= 3311644) AND (k <= 3311744))

table 5 : explain SELECT k, c FROM sbtest5 WHERE k BETWEEN 3311644 AND 3311744
	Bitmap Heap Scan on sbtest5  (cost=5.42..385.43 rows=96 width=125)
	  Recheck Cond: ((k >= 3311644) AND (k <= 3311744))
	  ->  Bitmap Index Scan on k_5  (cost=0.00..5.39 rows=96 width=0)
	        Index Cond: ((k >= 3311644) AND (k <= 3311744))

table 6 : explain SELECT k, c FROM sbtest6 WHERE k BETWEEN 3311644 AND 3311744
	Bitmap Heap Scan on sbtest6  (cost=5.49..413.00 rows=103 width=125)
	  Recheck Cond: ((k >= 3311644) AND (k <= 3311744))
	  ->  Bitmap Index Scan on k_6  (cost=0.00..5.46 rows=103 width=0)
	        Index Cond: ((k >= 3311644) AND (k <= 3311744))

table 7 : explain SELECT k, c FROM sbtest7 WHERE k BETWEEN 3311644 AND 3311744
	Bitmap Heap Scan on sbtest7  (cost=5.48..409.07 rows=102 width=125)
	  Recheck Cond: ((k >= 3311644) AND (k <= 3311744))
	  ->  Bitmap Index Scan on k_7  (cost=0.00..5.45 rows=102 width=0)
	        Index Cond: ((k >= 3311644) AND (k <= 3311744))

table 8 : explain SELECT k, c FROM sbtest8 WHERE k BETWEEN 3311644 AND 3311744
	Bitmap Heap Scan on sbtest8  (cost=5.50..416.94 rows=104 width=125)
	  Recheck Cond: ((k >= 3311644) AND (k <= 3311744))
	  ->  Bitmap Index Scan on k_8  (cost=0.00..5.47 rows=104 width=0)
	        Index Cond: ((k >= 3311644) AND (k <= 3311744))

explain: for range-notcovered :: explain SELECT k, c FROM sbtest%d WHERE k BETWEEN 3311644 AND 3311744
for range-notcovered
table 1 : explain SELECT k, c FROM sbtest1 WHERE k BETWEEN 2505796 AND 2505896
	Bitmap Heap Scan on sbtest1  (cost=5.50..416.94 rows=104 width=125)
	  Recheck Cond: ((k >= 2505796) AND (k <= 2505896))
	  ->  Bitmap Index Scan on k_1  (cost=0.00..5.47 rows=104 width=0)
	        Index Cond: ((k >= 2505796) AND (k <= 2505896))

table 2 : explain SELECT k, c FROM sbtest2 WHERE k BETWEEN 2505796 AND 2505896
	Bitmap Heap Scan on sbtest2  (cost=5.46..401.19 rows=100 width=125)
	  Recheck Cond: ((k >= 2505796) AND (k <= 2505896))
	  ->  Bitmap Index Scan on k_2  (cost=0.00..5.43 rows=100 width=0)
	        Index Cond: ((k >= 2505796) AND (k <= 2505896))

table 3 : explain SELECT k, c FROM sbtest3 WHERE k BETWEEN 2505796 AND 2505896
	Bitmap Heap Scan on sbtest3  (cost=5.49..413.00 rows=103 width=125)
	  Recheck Cond: ((k >= 2505796) AND (k <= 2505896))
	  ->  Bitmap Index Scan on k_3  (cost=0.00..5.46 rows=103 width=0)
	        Index Cond: ((k >= 2505796) AND (k <= 2505896))

table 4 : explain SELECT k, c FROM sbtest4 WHERE k BETWEEN 2505796 AND 2505896
	Bitmap Heap Scan on sbtest4  (cost=5.55..436.62 rows=109 width=125)
	  Recheck Cond: ((k >= 2505796) AND (k <= 2505896))
	  ->  Bitmap Index Scan on k_4  (cost=0.00..5.52 rows=109 width=0)
	        Index Cond: ((k >= 2505796) AND (k <= 2505896))

table 5 : explain SELECT k, c FROM sbtest5 WHERE k BETWEEN 2505796 AND 2505896
	Bitmap Heap Scan on sbtest5  (cost=5.57..444.49 rows=111 width=125)
	  Recheck Cond: ((k >= 2505796) AND (k <= 2505896))
	  ->  Bitmap Index Scan on k_5  (cost=0.00..5.54 rows=111 width=0)
	        Index Cond: ((k >= 2505796) AND (k <= 2505896))

table 6 : explain SELECT k, c FROM sbtest6 WHERE k BETWEEN 2505796 AND 2505896
	Bitmap Heap Scan on sbtest6  (cost=5.42..385.43 rows=96 width=125)
	  Recheck Cond: ((k >= 2505796) AND (k <= 2505896))
	  ->  Bitmap Index Scan on k_6  (cost=0.00..5.39 rows=96 width=0)
	        Index Cond: ((k >= 2505796) AND (k <= 2505896))

table 7 : explain SELECT k, c FROM sbtest7 WHERE k BETWEEN 2505796 AND 2505896
	Bitmap Heap Scan on sbtest7  (cost=5.53..428.75 rows=107 width=125)
	  Recheck Cond: ((k >= 2505796) AND (k <= 2505896))
	  ->  Bitmap Index Scan on k_7  (cost=0.00..5.50 rows=107 width=0)
	        Index Cond: ((k >= 2505796) AND (k <= 2505896))

table 8 : explain SELECT k, c FROM sbtest8 WHERE k BETWEEN 2505796 AND 2505896
	Bitmap Heap Scan on sbtest8  (cost=5.45..397.25 rows=99 width=125)
	  Recheck Cond: ((k >= 2505796) AND (k <= 2505896))
	  ->  Bitmap Index Scan on k_8  (cost=0.00..5.42 rows=99 width=0)
	        Index Cond: ((k >= 2505796) AND (k <= 2505896))

for range-notcovered
table 1 : explain SELECT k, c FROM sbtest1 WHERE k BETWEEN 4240972 AND 4241072
	Bitmap Heap Scan on sbtest1  (cost=5.53..428.75 rows=107 width=125)
	  Recheck Cond: ((k >= 4240972) AND (k <= 4241072))
	  ->  Bitmap Index Scan on k_1  (cost=0.00..5.50 rows=107 width=0)
	        Index Cond: ((k >= 4240972) AND (k <= 4241072))

table 2 : explain SELECT k, c FROM sbtest2 WHERE k BETWEEN 4240972 AND 4241072
	Bitmap Heap Scan on sbtest2  (cost=5.45..397.25 rows=99 width=125)
	  Recheck Cond: ((k >= 4240972) AND (k <= 4241072))
	  ->  Bitmap Index Scan on k_2  (cost=0.00..5.42 rows=99 width=0)
	        Index Cond: ((k >= 4240972) AND (k <= 4241072))

table 3 : explain SELECT k, c FROM sbtest3 WHERE k BETWEEN 4240972 AND 4241072
	Bitmap Heap Scan on sbtest3  (cost=5.51..420.88 rows=105 width=125)
	  Recheck Cond: ((k >= 4240972) AND (k <= 4241072))
	  ->  Bitmap Index Scan on k_3  (cost=0.00..5.48 rows=105 width=0)
	        Index Cond: ((k >= 4240972) AND (k <= 4241072))

table 4 : explain SELECT k, c FROM sbtest4 WHERE k BETWEEN 4240972 AND 4241072
	Bitmap Heap Scan on sbtest4  (cost=5.41..381.49 rows=95 width=125)
	  Recheck Cond: ((k >= 4240972) AND (k <= 4241072))
	  ->  Bitmap Index Scan on k_4  (cost=0.00..5.38 rows=95 width=0)
	        Index Cond: ((k >= 4240972) AND (k <= 4241072))

table 5 : explain SELECT k, c FROM sbtest5 WHERE k BETWEEN 4240972 AND 4241072
	Bitmap Heap Scan on sbtest5  (cost=5.50..416.94 rows=104 width=125)
	  Recheck Cond: ((k >= 4240972) AND (k <= 4241072))
	  ->  Bitmap Index Scan on k_5  (cost=0.00..5.47 rows=104 width=0)
	        Index Cond: ((k >= 4240972) AND (k <= 4241072))

table 6 : explain SELECT k, c FROM sbtest6 WHERE k BETWEEN 4240972 AND 4241072
	Bitmap Heap Scan on sbtest6  (cost=5.43..389.37 rows=97 width=125)
	  Recheck Cond: ((k >= 4240972) AND (k <= 4241072))
	  ->  Bitmap Index Scan on k_6  (cost=0.00..5.40 rows=97 width=0)
	        Index Cond: ((k >= 4240972) AND (k <= 4241072))

table 7 : explain SELECT k, c FROM sbtest7 WHERE k BETWEEN 4240972 AND 4241072
	Bitmap Heap Scan on sbtest7  (cost=5.68..483.81 rows=121 width=125)
	  Recheck Cond: ((k >= 4240972) AND (k <= 4241072))
	  ->  Bitmap Index Scan on k_7  (cost=0.00..5.64 rows=121 width=0)
	        Index Cond: ((k >= 4240972) AND (k <= 4241072))

table 8 : explain SELECT k, c FROM sbtest8 WHERE k BETWEEN 4240972 AND 4241072
	Bitmap Heap Scan on sbtest8  (cost=5.52..424.81 rows=106 width=125)
	  Recheck Cond: ((k >= 4240972) AND (k <= 4241072))
	  ->  Bitmap Index Scan on k_8  (cost=0.00..5.50 rows=106 width=0)
	        Index Cond: ((k >= 4240972) AND (k <= 4241072))

explain: for range-notcovered :: explain SELECT k, c FROM sbtest%d WHERE k BETWEEN 4240972 AND 4241072
for range-notcovered
table 1 : explain SELECT k, c FROM sbtest1 WHERE k BETWEEN 7751859 AND 7751959
	Bitmap Heap Scan on sbtest1  (cost=5.56..440.56 rows=110 width=125)
	  Recheck Cond: ((k >= 7751859) AND (k <= 7751959))
	  ->  Bitmap Index Scan on k_1  (cost=0.00..5.53 rows=110 width=0)
	        Index Cond: ((k >= 7751859) AND (k <= 7751959))

table 2 : explain SELECT k, c FROM sbtest2 WHERE k BETWEEN 7751859 AND 7751959
	Bitmap Heap Scan on sbtest2  (cost=5.51..420.88 rows=105 width=125)
	  Recheck Cond: ((k >= 7751859) AND (k <= 7751959))
	  ->  Bitmap Index Scan on k_2  (cost=0.00..5.48 rows=105 width=0)
	        Index Cond: ((k >= 7751859) AND (k <= 7751959))

table 3 : explain SELECT k, c FROM sbtest3 WHERE k BETWEEN 7751859 AND 7751959
	Bitmap Heap Scan on sbtest3  (cost=5.54..432.69 rows=108 width=125)
	  Recheck Cond: ((k >= 7751859) AND (k <= 7751959))
	  ->  Bitmap Index Scan on k_3  (cost=0.00..5.51 rows=108 width=0)
	        Index Cond: ((k >= 7751859) AND (k <= 7751959))

table 4 : explain SELECT k, c FROM sbtest4 WHERE k BETWEEN 7751859 AND 7751959
	Bitmap Heap Scan on sbtest4  (cost=5.45..397.25 rows=99 width=125)
	  Recheck Cond: ((k >= 7751859) AND (k <= 7751959))
	  ->  Bitmap Index Scan on k_4  (cost=0.00..5.42 rows=99 width=0)
	        Index Cond: ((k >= 7751859) AND (k <= 7751959))

table 5 : explain SELECT k, c FROM sbtest5 WHERE k BETWEEN 7751859 AND 7751959
	Bitmap Heap Scan on sbtest5  (cost=5.48..409.07 rows=102 width=125)
	  Recheck Cond: ((k >= 7751859) AND (k <= 7751959))
	  ->  Bitmap Index Scan on k_5  (cost=0.00..5.45 rows=102 width=0)
	        Index Cond: ((k >= 7751859) AND (k <= 7751959))

table 6 : explain SELECT k, c FROM sbtest6 WHERE k BETWEEN 7751859 AND 7751959
	Bitmap Heap Scan on sbtest6  (cost=5.51..420.88 rows=105 width=125)
	  Recheck Cond: ((k >= 7751859) AND (k <= 7751959))
	  ->  Bitmap Index Scan on k_6  (cost=0.00..5.48 rows=105 width=0)
	        Index Cond: ((k >= 7751859) AND (k <= 7751959))

table 7 : explain SELECT k, c FROM sbtest7 WHERE k BETWEEN 7751859 AND 7751959
	Bitmap Heap Scan on sbtest7  (cost=5.54..432.69 rows=108 width=125)
	  Recheck Cond: ((k >= 7751859) AND (k <= 7751959))
	  ->  Bitmap Index Scan on k_7  (cost=0.00..5.51 rows=108 width=0)
	        Index Cond: ((k >= 7751859) AND (k <= 7751959))

table 8 : explain SELECT k, c FROM sbtest8 WHERE k BETWEEN 7751859 AND 7751959
	Bitmap Heap Scan on sbtest8  (cost=5.49..413.00 rows=103 width=125)
	  Recheck Cond: ((k >= 7751859) AND (k <= 7751959))
	  ->  Bitmap Index Scan on k_8  (cost=0.00..5.46 rows=103 width=0)
	        Index Cond: ((k >= 7751859) AND (k <= 7751959))

for range-notcovered
table 1 : explain SELECT k, c FROM sbtest1 WHERE k BETWEEN 4099561 AND 4099661
	Bitmap Heap Scan on sbtest1  (cost=5.45..397.25 rows=99 width=125)
	  Recheck Cond: ((k >= 4099561) AND (k <= 4099661))
	  ->  Bitmap Index Scan on k_1  (cost=0.00..5.42 rows=99 width=0)
	        Index Cond: ((k >= 4099561) AND (k <= 4099661))

table 2 : explain SELECT k, c FROM sbtest2 WHERE k BETWEEN 4099561 AND 4099661
	Bitmap Heap Scan on sbtest2  (cost=5.47..405.13 rows=101 width=125)
	  Recheck Cond: ((k >= 4099561) AND (k <= 4099661))
	  ->  Bitmap Index Scan on k_2  (cost=0.00..5.44 rows=101 width=0)
	        Index Cond: ((k >= 4099561) AND (k <= 4099661))

table 3 : explain SELECT k, c FROM sbtest3 WHERE k BETWEEN 4099561 AND 4099661
	Bitmap Heap Scan on sbtest3  (cost=5.53..428.75 rows=107 width=125)
	  Recheck Cond: ((k >= 4099561) AND (k <= 4099661))
	  ->  Bitmap Index Scan on k_3  (cost=0.00..5.50 rows=107 width=0)
	        Index Cond: ((k >= 4099561) AND (k <= 4099661))

table 4 : explain SELECT k, c FROM sbtest4 WHERE k BETWEEN 4099561 AND 4099661
	Bitmap Heap Scan on sbtest4  (cost=5.43..389.37 rows=97 width=125)
	  Recheck Cond: ((k >= 4099561) AND (k <= 4099661))
	  ->  Bitmap Index Scan on k_4  (cost=0.00..5.40 rows=97 width=0)
	        Index Cond: ((k >= 4099561) AND (k <= 4099661))

table 5 : explain SELECT k, c FROM sbtest5 WHERE k BETWEEN 4099561 AND 4099661
	Bitmap Heap Scan on sbtest5  (cost=5.48..409.07 rows=102 width=125)
	  Recheck Cond: ((k >= 4099561) AND (k <= 4099661))
	  ->  Bitmap Index Scan on k_5  (cost=0.00..5.45 rows=102 width=0)
	        Index Cond: ((k >= 4099561) AND (k <= 4099661))

table 6 : explain SELECT k, c FROM sbtest6 WHERE k BETWEEN 4099561 AND 4099661
	Bitmap Heap Scan on sbtest6  (cost=5.50..416.94 rows=104 width=125)
	  Recheck Cond: ((k >= 4099561) AND (k <= 4099661))
	  ->  Bitmap Index Scan on k_6  (cost=0.00..5.47 rows=104 width=0)
	        Index Cond: ((k >= 4099561) AND (k <= 4099661))

table 7 : explain SELECT k, c FROM sbtest7 WHERE k BETWEEN 4099561 AND 4099661
	Bitmap Heap Scan on sbtest7  (cost=5.51..420.88 rows=105 width=125)
	  Recheck Cond: ((k >= 4099561) AND (k <= 4099661))
	  ->  Bitmap Index Scan on k_7  (cost=0.00..5.48 rows=105 width=0)
	        Index Cond: ((k >= 4099561) AND (k <= 4099661))

table 8 : explain SELECT k, c FROM sbtest8 WHERE k BETWEEN 4099561 AND 4099661
	Bitmap Heap Scan on sbtest8  (cost=5.40..377.55 rows=94 width=125)
	  Recheck Cond: ((k >= 4099561) AND (k <= 4099661))
	  ->  Bitmap Index Scan on k_8  (cost=0.00..5.38 rows=94 width=0)
	        Index Cond: ((k >= 4099561) AND (k <= 4099661))

explain: for range-notcovered :: explain SELECT k, c FROM sbtest%d WHERE k BETWEEN 7751859 AND 7751959
explain: for range-notcovered :: explain SELECT k, c FROM sbtest%d WHERE k BETWEEN 4099561 AND 4099661
for range-notcovered
table 1 : explain SELECT k, c FROM sbtest1 WHERE k BETWEEN 6006491 AND 6006591
	Bitmap Heap Scan on sbtest1  (cost=5.39..373.61 rows=93 width=125)
	  Recheck Cond: ((k >= 6006491) AND (k <= 6006591))
	  ->  Bitmap Index Scan on k_1  (cost=0.00..5.36 rows=93 width=0)
	        Index Cond: ((k >= 6006491) AND (k <= 6006591))

table 2 : explain SELECT k, c FROM sbtest2 WHERE k BETWEEN 6006491 AND 6006591
	Bitmap Heap Scan on sbtest2  (cost=5.38..369.67 rows=92 width=125)
	  Recheck Cond: ((k >= 6006491) AND (k <= 6006591))
	  ->  Bitmap Index Scan on k_2  (cost=0.00..5.35 rows=92 width=0)
	        Index Cond: ((k >= 6006491) AND (k <= 6006591))

table 3 : explain SELECT k, c FROM sbtest3 WHERE k BETWEEN 6006491 AND 6006591
	Bitmap Heap Scan on sbtest3  (cost=5.44..393.31 rows=98 width=125)
	  Recheck Cond: ((k >= 6006491) AND (k <= 6006591))
	  ->  Bitmap Index Scan on k_3  (cost=0.00..5.42 rows=98 width=0)
	        Index Cond: ((k >= 6006491) AND (k <= 6006591))

table 4 : explain SELECT k, c FROM sbtest4 WHERE k BETWEEN 6006491 AND 6006591
	Bitmap Heap Scan on sbtest4  (cost=5.48..409.07 rows=102 width=125)
	  Recheck Cond: ((k >= 6006491) AND (k <= 6006591))
	  ->  Bitmap Index Scan on k_4  (cost=0.00..5.45 rows=102 width=0)
	        Index Cond: ((k >= 6006491) AND (k <= 6006591))

table 5 : explain SELECT k, c FROM sbtest5 WHERE k BETWEEN 6006491 AND 6006591
	Bitmap Heap Scan on sbtest5  (cost=5.48..409.07 rows=102 width=125)
	  Recheck Cond: ((k >= 6006491) AND (k <= 6006591))
	  ->  Bitmap Index Scan on k_5  (cost=0.00..5.45 rows=102 width=0)
	        Index Cond: ((k >= 6006491) AND (k <= 6006591))

table 6 : explain SELECT k, c FROM sbtest6 WHERE k BETWEEN 6006491 AND 6006591
	Bitmap Heap Scan on sbtest6  (cost=5.44..393.31 rows=98 width=125)
	  Recheck Cond: ((k >= 6006491) AND (k <= 6006591))
	  ->  Bitmap Index Scan on k_6  (cost=0.00..5.42 rows=98 width=0)
	        Index Cond: ((k >= 6006491) AND (k <= 6006591))

table 7 : explain SELECT k, c FROM sbtest7 WHERE k BETWEEN 6006491 AND 6006591
	Bitmap Heap Scan on sbtest7  (cost=5.40..377.55 rows=94 width=125)
	  Recheck Cond: ((k >= 6006491) AND (k <= 6006591))
	  ->  Bitmap Index Scan on k_7  (cost=0.00..5.38 rows=94 width=0)
	        Index Cond: ((k >= 6006491) AND (k <= 6006591))

table 8 : explain SELECT k, c FROM sbtest8 WHERE k BETWEEN 6006491 AND 6006591
	Bitmap Heap Scan on sbtest8  (cost=5.37..365.72 rows=91 width=125)
	  Recheck Cond: ((k >= 6006491) AND (k <= 6006591))
	  ->  Bitmap Index Scan on k_8  (cost=0.00..5.34 rows=91 width=0)
	        Index Cond: ((k >= 6006491) AND (k <= 6006591))

for range-notcovered
table 1 : explain SELECT k, c FROM sbtest1 WHERE k BETWEEN 5204075 AND 5204175
	Bitmap Heap Scan on sbtest1  (cost=5.53..428.75 rows=107 width=125)
	  Recheck Cond: ((k >= 5204075) AND (k <= 5204175))
	  ->  Bitmap Index Scan on k_1  (cost=0.00..5.50 rows=107 width=0)
	        Index Cond: ((k >= 5204075) AND (k <= 5204175))

table 2 : explain SELECT k, c FROM sbtest2 WHERE k BETWEEN 5204075 AND 5204175
	Bitmap Heap Scan on sbtest2  (cost=5.55..436.62 rows=109 width=125)
	  Recheck Cond: ((k >= 5204075) AND (k <= 5204175))
	  ->  Bitmap Index Scan on k_2  (cost=0.00..5.52 rows=109 width=0)
	        Index Cond: ((k >= 5204075) AND (k <= 5204175))

table 3 : explain SELECT k, c FROM sbtest3 WHERE k BETWEEN 5204075 AND 5204175
	Bitmap Heap Scan on sbtest3  (cost=5.47..405.13 rows=101 width=125)
	  Recheck Cond: ((k >= 5204075) AND (k <= 5204175))
	  ->  Bitmap Index Scan on k_3  (cost=0.00..5.44 rows=101 width=0)
	        Index Cond: ((k >= 5204075) AND (k <= 5204175))

table 4 : explain SELECT k, c FROM sbtest4 WHERE k BETWEEN 5204075 AND 5204175
	Bitmap Heap Scan on sbtest4  (cost=5.45..397.25 rows=99 width=125)
	  Recheck Cond: ((k >= 5204075) AND (k <= 5204175))
	  ->  Bitmap Index Scan on k_4  (cost=0.00..5.42 rows=99 width=0)
	        Index Cond: ((k >= 5204075) AND (k <= 5204175))

table 5 : explain SELECT k, c FROM sbtest5 WHERE k BETWEEN 5204075 AND 5204175
	Bitmap Heap Scan on sbtest5  (cost=5.46..401.19 rows=100 width=125)
	  Recheck Cond: ((k >= 5204075) AND (k <= 5204175))
	  ->  Bitmap Index Scan on k_5  (cost=0.00..5.43 rows=100 width=0)
	        Index Cond: ((k >= 5204075) AND (k <= 5204175))

table 6 : explain SELECT k, c FROM sbtest6 WHERE k BETWEEN 5204075 AND 5204175
	Bitmap Heap Scan on sbtest6  (cost=5.47..405.13 rows=101 width=125)
	  Recheck Cond: ((k >= 5204075) AND (k <= 5204175))
	  ->  Bitmap Index Scan on k_6  (cost=0.00..5.44 rows=101 width=0)
	        Index Cond: ((k >= 5204075) AND (k <= 5204175))

table 7 : explain SELECT k, c FROM sbtest7 WHERE k BETWEEN 5204075 AND 5204175
	Bitmap Heap Scan on sbtest7  (cost=5.47..405.13 rows=101 width=125)
	  Recheck Cond: ((k >= 5204075) AND (k <= 5204175))
	  ->  Bitmap Index Scan on k_7  (cost=0.00..5.44 rows=101 width=0)
	        Index Cond: ((k >= 5204075) AND (k <= 5204175))

table 8 : explain SELECT k, c FROM sbtest8 WHERE k BETWEEN 5204075 AND 5204175
	Bitmap Heap Scan on sbtest8  (cost=5.49..413.00 rows=103 width=125)
	  Recheck Cond: ((k >= 5204075) AND (k <= 5204175))
	  ->  Bitmap Index Scan on k_8  (cost=0.00..5.46 rows=103 width=0)
	        Index Cond: ((k >= 5204075) AND (k <= 5204175))

explain: for range-notcovered :: explain SELECT k, c FROM sbtest%d WHERE k BETWEEN 6006491 AND 6006591
for range-notcovered
table 1 : explain SELECT k, c FROM sbtest1 WHERE k BETWEEN 6011784 AND 6011884
	Bitmap Heap Scan on sbtest1  (cost=5.39..373.61 rows=93 width=125)
	  Recheck Cond: ((k >= 6011784) AND (k <= 6011884))
	  ->  Bitmap Index Scan on k_1  (cost=0.00..5.36 rows=93 width=0)
	        Index Cond: ((k >= 6011784) AND (k <= 6011884))

table 2 : explain SELECT k, c FROM sbtest2 WHERE k BETWEEN 6011784 AND 6011884
	Bitmap Heap Scan on sbtest2  (cost=5.38..369.67 rows=92 width=125)
	  Recheck Cond: ((k >= 6011784) AND (k <= 6011884))
	  ->  Bitmap Index Scan on k_2  (cost=0.00..5.35 rows=92 width=0)
	        Index Cond: ((k >= 6011784) AND (k <= 6011884))

table 3 : explain SELECT k, c FROM sbtest3 WHERE k BETWEEN 6011784 AND 6011884
	Bitmap Heap Scan on sbtest3  (cost=5.44..393.31 rows=98 width=125)
	  Recheck Cond: ((k >= 6011784) AND (k <= 6011884))
	  ->  Bitmap Index Scan on k_3  (cost=0.00..5.42 rows=98 width=0)
	        Index Cond: ((k >= 6011784) AND (k <= 6011884))

table 4 : explain SELECT k, c FROM sbtest4 WHERE k BETWEEN 6011784 AND 6011884
	Bitmap Heap Scan on sbtest4  (cost=5.48..409.07 rows=102 width=125)
	  Recheck Cond: ((k >= 6011784) AND (k <= 6011884))
	  ->  Bitmap Index Scan on k_4  (cost=0.00..5.45 rows=102 width=0)
	        Index Cond: ((k >= 6011784) AND (k <= 6011884))

table 5 : explain SELECT k, c FROM sbtest5 WHERE k BETWEEN 6011784 AND 6011884
	Bitmap Heap Scan on sbtest5  (cost=5.48..409.07 rows=102 width=125)
	  Recheck Cond: ((k >= 6011784) AND (k <= 6011884))
	  ->  Bitmap Index Scan on k_5  (cost=0.00..5.45 rows=102 width=0)
	        Index Cond: ((k >= 6011784) AND (k <= 6011884))

table 6 : explain SELECT k, c FROM sbtest6 WHERE k BETWEEN 6011784 AND 6011884
	Bitmap Heap Scan on sbtest6  (cost=5.44..393.31 rows=98 width=125)
	  Recheck Cond: ((k >= 6011784) AND (k <= 6011884))
	  ->  Bitmap Index Scan on k_6  (cost=0.00..5.42 rows=98 width=0)
	        Index Cond: ((k >= 6011784) AND (k <= 6011884))

table 7 : explain SELECT k, c FROM sbtest7 WHERE k BETWEEN 6011784 AND 6011884
	Bitmap Heap Scan on sbtest7  (cost=5.40..377.55 rows=94 width=125)
	  Recheck Cond: ((k >= 6011784) AND (k <= 6011884))
	  ->  Bitmap Index Scan on k_7  (cost=0.00..5.38 rows=94 width=0)
	        Index Cond: ((k >= 6011784) AND (k <= 6011884))

table 8 : explain SELECT k, c FROM sbtest8 WHERE k BETWEEN 6011784 AND 6011884
	Bitmap Heap Scan on sbtest8  (cost=5.37..365.72 rows=91 width=125)
	  Recheck Cond: ((k >= 6011784) AND (k <= 6011884))
	  ->  Bitmap Index Scan on k_8  (cost=0.00..5.34 rows=91 width=0)
	        Index Cond: ((k >= 6011784) AND (k <= 6011884))

explain: for range-notcovered :: explain SELECT k, c FROM sbtest%d WHERE k BETWEEN 5204075 AND 5204175
for range-notcovered
table 1 : explain SELECT k, c FROM sbtest1 WHERE k BETWEEN 4240972 AND 4241072
	Bitmap Heap Scan on sbtest1  (cost=5.53..428.75 rows=107 width=125)
	  Recheck Cond: ((k >= 4240972) AND (k <= 4241072))
	  ->  Bitmap Index Scan on k_1  (cost=0.00..5.50 rows=107 width=0)
	        Index Cond: ((k >= 4240972) AND (k <= 4241072))

table 2 : explain SELECT k, c FROM sbtest2 WHERE k BETWEEN 4240972 AND 4241072
	Bitmap Heap Scan on sbtest2  (cost=5.45..397.25 rows=99 width=125)
	  Recheck Cond: ((k >= 4240972) AND (k <= 4241072))
	  ->  Bitmap Index Scan on k_2  (cost=0.00..5.42 rows=99 width=0)
	        Index Cond: ((k >= 4240972) AND (k <= 4241072))

table 3 : explain SELECT k, c FROM sbtest3 WHERE k BETWEEN 4240972 AND 4241072
	Bitmap Heap Scan on sbtest3  (cost=5.51..420.88 rows=105 width=125)
	  Recheck Cond: ((k >= 4240972) AND (k <= 4241072))
	  ->  Bitmap Index Scan on k_3  (cost=0.00..5.48 rows=105 width=0)
	        Index Cond: ((k >= 4240972) AND (k <= 4241072))

table 4 : explain SELECT k, c FROM sbtest4 WHERE k BETWEEN 4240972 AND 4241072
	Bitmap Heap Scan on sbtest4  (cost=5.41..381.49 rows=95 width=125)
	  Recheck Cond: ((k >= 4240972) AND (k <= 4241072))
	  ->  Bitmap Index Scan on k_4  (cost=0.00..5.38 rows=95 width=0)
	        Index Cond: ((k >= 4240972) AND (k <= 4241072))

table 5 : explain SELECT k, c FROM sbtest5 WHERE k BETWEEN 4240972 AND 4241072
	Bitmap Heap Scan on sbtest5  (cost=5.50..416.94 rows=104 width=125)
	  Recheck Cond: ((k >= 4240972) AND (k <= 4241072))
	  ->  Bitmap Index Scan on k_5  (cost=0.00..5.47 rows=104 width=0)
	        Index Cond: ((k >= 4240972) AND (k <= 4241072))

table 6 : explain SELECT k, c FROM sbtest6 WHERE k BETWEEN 4240972 AND 4241072
	Bitmap Heap Scan on sbtest6  (cost=5.43..389.37 rows=97 width=125)
	  Recheck Cond: ((k >= 4240972) AND (k <= 4241072))
	  ->  Bitmap Index Scan on k_6  (cost=0.00..5.40 rows=97 width=0)
	        Index Cond: ((k >= 4240972) AND (k <= 4241072))

table 7 : explain SELECT k, c FROM sbtest7 WHERE k BETWEEN 4240972 AND 4241072
	Bitmap Heap Scan on sbtest7  (cost=5.68..483.81 rows=121 width=125)
	  Recheck Cond: ((k >= 4240972) AND (k <= 4241072))
	  ->  Bitmap Index Scan on k_7  (cost=0.00..5.64 rows=121 width=0)
	        Index Cond: ((k >= 4240972) AND (k <= 4241072))

table 8 : explain SELECT k, c FROM sbtest8 WHERE k BETWEEN 4240972 AND 4241072
	Bitmap Heap Scan on sbtest8  (cost=5.52..424.81 rows=106 width=125)
	  Recheck Cond: ((k >= 4240972) AND (k <= 4241072))
	  ->  Bitmap Index Scan on k_8  (cost=0.00..5.50 rows=106 width=0)
	        Index Cond: ((k >= 4240972) AND (k <= 4241072))

explain: for range-notcovered :: explain SELECT k, c FROM sbtest%d WHERE k BETWEEN 4240972 AND 4241072
for range-notcovered
table 1 : explain SELECT k, c FROM sbtest1 WHERE k BETWEEN 2291214 AND 2291314
	Bitmap Heap Scan on sbtest1  (cost=5.45..397.25 rows=99 width=125)
	  Recheck Cond: ((k >= 2291214) AND (k <= 2291314))
	  ->  Bitmap Index Scan on k_1  (cost=0.00..5.42 rows=99 width=0)
	        Index Cond: ((k >= 2291214) AND (k <= 2291314))

table 2 : explain SELECT k, c FROM sbtest2 WHERE k BETWEEN 2291214 AND 2291314
	Bitmap Heap Scan on sbtest2  (cost=5.51..420.88 rows=105 width=125)
	  Recheck Cond: ((k >= 2291214) AND (k <= 2291314))
	  ->  Bitmap Index Scan on k_2  (cost=0.00..5.48 rows=105 width=0)
	        Index Cond: ((k >= 2291214) AND (k <= 2291314))

table 3 : explain SELECT k, c FROM sbtest3 WHERE k BETWEEN 2291214 AND 2291314
	Bitmap Heap Scan on sbtest3  (cost=5.46..401.19 rows=100 width=125)
	  Recheck Cond: ((k >= 2291214) AND (k <= 2291314))
	  ->  Bitmap Index Scan on k_3  (cost=0.00..5.43 rows=100 width=0)
	        Index Cond: ((k >= 2291214) AND (k <= 2291314))

table 4 : explain SELECT k, c FROM sbtest4 WHERE k BETWEEN 2291214 AND 2291314
	Bitmap Heap Scan on sbtest4  (cost=5.51..420.88 rows=105 width=125)
	  Recheck Cond: ((k >= 2291214) AND (k <= 2291314))
	  ->  Bitmap Index Scan on k_4  (cost=0.00..5.48 rows=105 width=0)
	        Index Cond: ((k >= 2291214) AND (k <= 2291314))

table 5 : explain SELECT k, c FROM sbtest5 WHERE k BETWEEN 2291214 AND 2291314
	Bitmap Heap Scan on sbtest5  (cost=5.54..432.69 rows=108 width=125)
	  Recheck Cond: ((k >= 2291214) AND (k <= 2291314))
	  ->  Bitmap Index Scan on k_5  (cost=0.00..5.51 rows=108 width=0)
	        Index Cond: ((k >= 2291214) AND (k <= 2291314))

table 6 : explain SELECT k, c FROM sbtest6 WHERE k BETWEEN 2291214 AND 2291314
	Bitmap Heap Scan on sbtest6  (cost=5.43..389.37 rows=97 width=125)
	  Recheck Cond: ((k >= 2291214) AND (k <= 2291314))
	  ->  Bitmap Index Scan on k_6  (cost=0.00..5.40 rows=97 width=0)
	        Index Cond: ((k >= 2291214) AND (k <= 2291314))

table 7 : explain SELECT k, c FROM sbtest7 WHERE k BETWEEN 2291214 AND 2291314
	Bitmap Heap Scan on sbtest7  (cost=5.39..373.61 rows=93 width=125)
	  Recheck Cond: ((k >= 2291214) AND (k <= 2291314))
	  ->  Bitmap Index Scan on k_7  (cost=0.00..5.36 rows=93 width=0)
	        Index Cond: ((k >= 2291214) AND (k <= 2291314))

table 8 : explain SELECT k, c FROM sbtest8 WHERE k BETWEEN 2291214 AND 2291314
	Bitmap Heap Scan on sbtest8  (cost=5.43..389.37 rows=97 width=125)
	  Recheck Cond: ((k >= 2291214) AND (k <= 2291314))
	  ->  Bitmap Index Scan on k_8  (cost=0.00..5.40 rows=97 width=0)
	        Index Cond: ((k >= 2291214) AND (k <= 2291314))

for range-notcovered
table 1 : explain SELECT k, c FROM sbtest1 WHERE k BETWEEN 4099561 AND 4099661
	Bitmap Heap Scan on sbtest1  (cost=5.45..397.25 rows=99 width=125)
	  Recheck Cond: ((k >= 4099561) AND (k <= 4099661))
	  ->  Bitmap Index Scan on k_1  (cost=0.00..5.42 rows=99 width=0)
	        Index Cond: ((k >= 4099561) AND (k <= 4099661))

table 2 : explain SELECT k, c FROM sbtest2 WHERE k BETWEEN 4099561 AND 4099661
	Bitmap Heap Scan on sbtest2  (cost=5.47..405.13 rows=101 width=125)
	  Recheck Cond: ((k >= 4099561) AND (k <= 4099661))
	  ->  Bitmap Index Scan on k_2  (cost=0.00..5.44 rows=101 width=0)
	        Index Cond: ((k >= 4099561) AND (k <= 4099661))

table 3 : explain SELECT k, c FROM sbtest3 WHERE k BETWEEN 4099561 AND 4099661
	Bitmap Heap Scan on sbtest3  (cost=5.53..428.75 rows=107 width=125)
	  Recheck Cond: ((k >= 4099561) AND (k <= 4099661))
	  ->  Bitmap Index Scan on k_3  (cost=0.00..5.50 rows=107 width=0)
	        Index Cond: ((k >= 4099561) AND (k <= 4099661))

table 4 : explain SELECT k, c FROM sbtest4 WHERE k BETWEEN 4099561 AND 4099661
	Bitmap Heap Scan on sbtest4  (cost=5.43..389.37 rows=97 width=125)
	  Recheck Cond: ((k >= 4099561) AND (k <= 4099661))
	  ->  Bitmap Index Scan on k_4  (cost=0.00..5.40 rows=97 width=0)
	        Index Cond: ((k >= 4099561) AND (k <= 4099661))

table 5 : explain SELECT k, c FROM sbtest5 WHERE k BETWEEN 4099561 AND 4099661
	Bitmap Heap Scan on sbtest5  (cost=5.48..409.07 rows=102 width=125)
	  Recheck Cond: ((k >= 4099561) AND (k <= 4099661))
	  ->  Bitmap Index Scan on k_5  (cost=0.00..5.45 rows=102 width=0)
	        Index Cond: ((k >= 4099561) AND (k <= 4099661))

table 6 : explain SELECT k, c FROM sbtest6 WHERE k BETWEEN 4099561 AND 4099661
	Bitmap Heap Scan on sbtest6  (cost=5.50..416.94 rows=104 width=125)
	  Recheck Cond: ((k >= 4099561) AND (k <= 4099661))
	  ->  Bitmap Index Scan on k_6  (cost=0.00..5.47 rows=104 width=0)
	        Index Cond: ((k >= 4099561) AND (k <= 4099661))

table 7 : explain SELECT k, c FROM sbtest7 WHERE k BETWEEN 4099561 AND 4099661
	Bitmap Heap Scan on sbtest7  (cost=5.51..420.88 rows=105 width=125)
	  Recheck Cond: ((k >= 4099561) AND (k <= 4099661))
	  ->  Bitmap Index Scan on k_7  (cost=0.00..5.48 rows=105 width=0)
	        Index Cond: ((k >= 4099561) AND (k <= 4099661))

table 8 : explain SELECT k, c FROM sbtest8 WHERE k BETWEEN 4099561 AND 4099661
	Bitmap Heap Scan on sbtest8  (cost=5.40..377.55 rows=94 width=125)
	  Recheck Cond: ((k >= 4099561) AND (k <= 4099661))
	  ->  Bitmap Index Scan on k_8  (cost=0.00..5.38 rows=94 width=0)
	        Index Cond: ((k >= 4099561) AND (k <= 4099661))

for range-notcovered
table 1 : explain SELECT k, c FROM sbtest1 WHERE k BETWEEN 6006491 AND 6006591
	Bitmap Heap Scan on sbtest1  (cost=5.39..373.61 rows=93 width=125)
	  Recheck Cond: ((k >= 6006491) AND (k <= 6006591))
	  ->  Bitmap Index Scan on k_1  (cost=0.00..5.36 rows=93 width=0)
	        Index Cond: ((k >= 6006491) AND (k <= 6006591))

table 2 : explain SELECT k, c FROM sbtest2 WHERE k BETWEEN 6006491 AND 6006591
	Bitmap Heap Scan on sbtest2  (cost=5.38..369.67 rows=92 width=125)
	  Recheck Cond: ((k >= 6006491) AND (k <= 6006591))
	  ->  Bitmap Index Scan on k_2  (cost=0.00..5.35 rows=92 width=0)
	        Index Cond: ((k >= 6006491) AND (k <= 6006591))

table 3 : explain SELECT k, c FROM sbtest3 WHERE k BETWEEN 6006491 AND 6006591
	Bitmap Heap Scan on sbtest3  (cost=5.44..393.31 rows=98 width=125)
	  Recheck Cond: ((k >= 6006491) AND (k <= 6006591))
	  ->  Bitmap Index Scan on k_3  (cost=0.00..5.42 rows=98 width=0)
	        Index Cond: ((k >= 6006491) AND (k <= 6006591))

table 4 : explain SELECT k, c FROM sbtest4 WHERE k BETWEEN 6006491 AND 6006591
	Bitmap Heap Scan on sbtest4  (cost=5.48..409.07 rows=102 width=125)
	  Recheck Cond: ((k >= 6006491) AND (k <= 6006591))
	  ->  Bitmap Index Scan on k_4  (cost=0.00..5.45 rows=102 width=0)
	        Index Cond: ((k >= 6006491) AND (k <= 6006591))

table 5 : explain SELECT k, c FROM sbtest5 WHERE k BETWEEN 6006491 AND 6006591
	Bitmap Heap Scan on sbtest5  (cost=5.48..409.07 rows=102 width=125)
	  Recheck Cond: ((k >= 6006491) AND (k <= 6006591))
	  ->  Bitmap Index Scan on k_5  (cost=0.00..5.45 rows=102 width=0)
	        Index Cond: ((k >= 6006491) AND (k <= 6006591))

table 6 : explain SELECT k, c FROM sbtest6 WHERE k BETWEEN 6006491 AND 6006591
	Bitmap Heap Scan on sbtest6  (cost=5.44..393.31 rows=98 width=125)
	  Recheck Cond: ((k >= 6006491) AND (k <= 6006591))
	  ->  Bitmap Index Scan on k_6  (cost=0.00..5.42 rows=98 width=0)
	        Index Cond: ((k >= 6006491) AND (k <= 6006591))

table 7 : explain SELECT k, c FROM sbtest7 WHERE k BETWEEN 6006491 AND 6006591
	Bitmap Heap Scan on sbtest7  (cost=5.40..377.55 rows=94 width=125)
	  Recheck Cond: ((k >= 6006491) AND (k <= 6006591))
	  ->  Bitmap Index Scan on k_7  (cost=0.00..5.38 rows=94 width=0)
	        Index Cond: ((k >= 6006491) AND (k <= 6006591))

table 8 : explain SELECT k, c FROM sbtest8 WHERE k BETWEEN 6006491 AND 6006591
	Bitmap Heap Scan on sbtest8  (cost=5.37..365.72 rows=91 width=125)
	  Recheck Cond: ((k >= 6006491) AND (k <= 6006591))
	  ->  Bitmap Index Scan on k_8  (cost=0.00..5.34 rows=91 width=0)
	        Index Cond: ((k >= 6006491) AND (k <= 6006591))

explain: for range-notcovered :: explain SELECT k, c FROM sbtest%d WHERE k BETWEEN 2291214 AND 2291314
explain: for range-notcovered :: explain SELECT k, c FROM sbtest%d WHERE k BETWEEN 4099561 AND 4099661
for range-notcovered
table 1 : explain SELECT k, c FROM sbtest1 WHERE k BETWEEN 5204075 AND 5204175
	Bitmap Heap Scan on sbtest1  (cost=5.53..428.75 rows=107 width=125)
	  Recheck Cond: ((k >= 5204075) AND (k <= 5204175))
	  ->  Bitmap Index Scan on k_1  (cost=0.00..5.50 rows=107 width=0)
	        Index Cond: ((k >= 5204075) AND (k <= 5204175))

table 2 : explain SELECT k, c FROM sbtest2 WHERE k BETWEEN 5204075 AND 5204175
	Bitmap Heap Scan on sbtest2  (cost=5.55..436.62 rows=109 width=125)
	  Recheck Cond: ((k >= 5204075) AND (k <= 5204175))
	  ->  Bitmap Index Scan on k_2  (cost=0.00..5.52 rows=109 width=0)
	        Index Cond: ((k >= 5204075) AND (k <= 5204175))

table 3 : explain SELECT k, c FROM sbtest3 WHERE k BETWEEN 5204075 AND 5204175
	Bitmap Heap Scan on sbtest3  (cost=5.47..405.13 rows=101 width=125)
	  Recheck Cond: ((k >= 5204075) AND (k <= 5204175))
	  ->  Bitmap Index Scan on k_3  (cost=0.00..5.44 rows=101 width=0)
	        Index Cond: ((k >= 5204075) AND (k <= 5204175))

table 4 : explain SELECT k, c FROM sbtest4 WHERE k BETWEEN 5204075 AND 5204175
	Bitmap Heap Scan on sbtest4  (cost=5.45..397.25 rows=99 width=125)
	  Recheck Cond: ((k >= 5204075) AND (k <= 5204175))
	  ->  Bitmap Index Scan on k_4  (cost=0.00..5.42 rows=99 width=0)
	        Index Cond: ((k >= 5204075) AND (k <= 5204175))

table 5 : explain SELECT k, c FROM sbtest5 WHERE k BETWEEN 5204075 AND 5204175
	Bitmap Heap Scan on sbtest5  (cost=5.46..401.19 rows=100 width=125)
	  Recheck Cond: ((k >= 5204075) AND (k <= 5204175))
	  ->  Bitmap Index Scan on k_5  (cost=0.00..5.43 rows=100 width=0)
	        Index Cond: ((k >= 5204075) AND (k <= 5204175))

table 6 : explain SELECT k, c FROM sbtest6 WHERE k BETWEEN 5204075 AND 5204175
	Bitmap Heap Scan on sbtest6  (cost=5.47..405.13 rows=101 width=125)
	  Recheck Cond: ((k >= 5204075) AND (k <= 5204175))
	  ->  Bitmap Index Scan on k_6  (cost=0.00..5.44 rows=101 width=0)
	        Index Cond: ((k >= 5204075) AND (k <= 5204175))

table 7 : explain SELECT k, c FROM sbtest7 WHERE k BETWEEN 5204075 AND 5204175
	Bitmap Heap Scan on sbtest7  (cost=5.47..405.13 rows=101 width=125)
	  Recheck Cond: ((k >= 5204075) AND (k <= 5204175))
	  ->  Bitmap Index Scan on k_7  (cost=0.00..5.44 rows=101 width=0)
	        Index Cond: ((k >= 5204075) AND (k <= 5204175))

table 8 : explain SELECT k, c FROM sbtest8 WHERE k BETWEEN 5204075 AND 5204175
	Bitmap Heap Scan on sbtest8  (cost=5.49..413.00 rows=103 width=125)
	  Recheck Cond: ((k >= 5204075) AND (k <= 5204175))
	  ->  Bitmap Index Scan on k_8  (cost=0.00..5.46 rows=103 width=0)
	        Index Cond: ((k >= 5204075) AND (k <= 5204175))

explain: for range-notcovered :: explain SELECT k, c FROM sbtest%d WHERE k BETWEEN 5204075 AND 5204175
for range-notcovered
table 1 : explain SELECT k, c FROM sbtest1 WHERE k BETWEEN 7751859 AND 7751959
	Bitmap Heap Scan on sbtest1  (cost=5.56..440.56 rows=110 width=125)
	  Recheck Cond: ((k >= 7751859) AND (k <= 7751959))
	  ->  Bitmap Index Scan on k_1  (cost=0.00..5.53 rows=110 width=0)
	        Index Cond: ((k >= 7751859) AND (k <= 7751959))

table 2 : explain SELECT k, c FROM sbtest2 WHERE k BETWEEN 7751859 AND 7751959
	Bitmap Heap Scan on sbtest2  (cost=5.51..420.88 rows=105 width=125)
	  Recheck Cond: ((k >= 7751859) AND (k <= 7751959))
	  ->  Bitmap Index Scan on k_2  (cost=0.00..5.48 rows=105 width=0)
	        Index Cond: ((k >= 7751859) AND (k <= 7751959))

table 3 : explain SELECT k, c FROM sbtest3 WHERE k BETWEEN 7751859 AND 7751959
	Bitmap Heap Scan on sbtest3  (cost=5.54..432.69 rows=108 width=125)
	  Recheck Cond: ((k >= 7751859) AND (k <= 7751959))
	  ->  Bitmap Index Scan on k_3  (cost=0.00..5.51 rows=108 width=0)
	        Index Cond: ((k >= 7751859) AND (k <= 7751959))

table 4 : explain SELECT k, c FROM sbtest4 WHERE k BETWEEN 7751859 AND 7751959
	Bitmap Heap Scan on sbtest4  (cost=5.45..397.25 rows=99 width=125)
	  Recheck Cond: ((k >= 7751859) AND (k <= 7751959))
	  ->  Bitmap Index Scan on k_4  (cost=0.00..5.42 rows=99 width=0)
	        Index Cond: ((k >= 7751859) AND (k <= 7751959))

table 5 : explain SELECT k, c FROM sbtest5 WHERE k BETWEEN 7751859 AND 7751959
	Bitmap Heap Scan on sbtest5  (cost=5.48..409.07 rows=102 width=125)
	  Recheck Cond: ((k >= 7751859) AND (k <= 7751959))
	  ->  Bitmap Index Scan on k_5  (cost=0.00..5.45 rows=102 width=0)
	        Index Cond: ((k >= 7751859) AND (k <= 7751959))

table 6 : explain SELECT k, c FROM sbtest6 WHERE k BETWEEN 7751859 AND 7751959
	Bitmap Heap Scan on sbtest6  (cost=5.51..420.88 rows=105 width=125)
	  Recheck Cond: ((k >= 7751859) AND (k <= 7751959))
	  ->  Bitmap Index Scan on k_6  (cost=0.00..5.48 rows=105 width=0)
	        Index Cond: ((k >= 7751859) AND (k <= 7751959))

table 7 : explain SELECT k, c FROM sbtest7 WHERE k BETWEEN 7751859 AND 7751959
	Bitmap Heap Scan on sbtest7  (cost=5.54..432.69 rows=108 width=125)
	  Recheck Cond: ((k >= 7751859) AND (k <= 7751959))
	  ->  Bitmap Index Scan on k_7  (cost=0.00..5.51 rows=108 width=0)
	        Index Cond: ((k >= 7751859) AND (k <= 7751959))

table 8 : explain SELECT k, c FROM sbtest8 WHERE k BETWEEN 7751859 AND 7751959
	Bitmap Heap Scan on sbtest8  (cost=5.49..413.00 rows=103 width=125)
	  Recheck Cond: ((k >= 7751859) AND (k <= 7751959))
	  ->  Bitmap Index Scan on k_8  (cost=0.00..5.46 rows=103 width=0)
	        Index Cond: ((k >= 7751859) AND (k <= 7751959))

explain: for range-notcovered :: explain SELECT k, c FROM sbtest%d WHERE k BETWEEN 7751859 AND 7751959
for range-notcovered
table 1 : explain SELECT k, c FROM sbtest1 WHERE k BETWEEN 4240972 AND 4241072
	Bitmap Heap Scan on sbtest1  (cost=5.53..428.75 rows=107 width=125)
	  Recheck Cond: ((k >= 4240972) AND (k <= 4241072))
	  ->  Bitmap Index Scan on k_1  (cost=0.00..5.50 rows=107 width=0)
	        Index Cond: ((k >= 4240972) AND (k <= 4241072))

table 2 : explain SELECT k, c FROM sbtest2 WHERE k BETWEEN 4240972 AND 4241072
	Bitmap Heap Scan on sbtest2  (cost=5.45..397.25 rows=99 width=125)
	  Recheck Cond: ((k >= 4240972) AND (k <= 4241072))
	  ->  Bitmap Index Scan on k_2  (cost=0.00..5.42 rows=99 width=0)
	        Index Cond: ((k >= 4240972) AND (k <= 4241072))

table 3 : explain SELECT k, c FROM sbtest3 WHERE k BETWEEN 4240972 AND 4241072
	Bitmap Heap Scan on sbtest3  (cost=5.51..420.88 rows=105 width=125)
	  Recheck Cond: ((k >= 4240972) AND (k <= 4241072))
	  ->  Bitmap Index Scan on k_3  (cost=0.00..5.48 rows=105 width=0)
	        Index Cond: ((k >= 4240972) AND (k <= 4241072))

table 4 : explain SELECT k, c FROM sbtest4 WHERE k BETWEEN 4240972 AND 4241072
	Bitmap Heap Scan on sbtest4  (cost=5.41..381.49 rows=95 width=125)
	  Recheck Cond: ((k >= 4240972) AND (k <= 4241072))
	  ->  Bitmap Index Scan on k_4  (cost=0.00..5.38 rows=95 width=0)
	        Index Cond: ((k >= 4240972) AND (k <= 4241072))

table 5 : explain SELECT k, c FROM sbtest5 WHERE k BETWEEN 4240972 AND 4241072
	Bitmap Heap Scan on sbtest5  (cost=5.50..416.94 rows=104 width=125)
	  Recheck Cond: ((k >= 4240972) AND (k <= 4241072))
	  ->  Bitmap Index Scan on k_5  (cost=0.00..5.47 rows=104 width=0)
	        Index Cond: ((k >= 4240972) AND (k <= 4241072))

table 6 : explain SELECT k, c FROM sbtest6 WHERE k BETWEEN 4240972 AND 4241072
	Bitmap Heap Scan on sbtest6  (cost=5.43..389.37 rows=97 width=125)
	  Recheck Cond: ((k >= 4240972) AND (k <= 4241072))
	  ->  Bitmap Index Scan on k_6  (cost=0.00..5.40 rows=97 width=0)
	        Index Cond: ((k >= 4240972) AND (k <= 4241072))

table 7 : explain SELECT k, c FROM sbtest7 WHERE k BETWEEN 4240972 AND 4241072
	Bitmap Heap Scan on sbtest7  (cost=5.68..483.81 rows=121 width=125)
	  Recheck Cond: ((k >= 4240972) AND (k <= 4241072))
	  ->  Bitmap Index Scan on k_7  (cost=0.00..5.64 rows=121 width=0)
	        Index Cond: ((k >= 4240972) AND (k <= 4241072))

table 8 : explain SELECT k, c FROM sbtest8 WHERE k BETWEEN 4240972 AND 4241072
	Bitmap Heap Scan on sbtest8  (cost=5.52..424.81 rows=106 width=125)
	  Recheck Cond: ((k >= 4240972) AND (k <= 4241072))
	  ->  Bitmap Index Scan on k_8  (cost=0.00..5.50 rows=106 width=0)
	        Index Cond: ((k >= 4240972) AND (k <= 4241072))

explain: for range-notcovered :: explain SELECT k, c FROM sbtest%d WHERE k BETWEEN 4240972 AND 4241072
for range-notcovered
table 1 : explain SELECT k, c FROM sbtest1 WHERE k BETWEEN 4099561 AND 4099661
	Bitmap Heap Scan on sbtest1  (cost=5.45..397.25 rows=99 width=125)
	  Recheck Cond: ((k >= 4099561) AND (k <= 4099661))
	  ->  Bitmap Index Scan on k_1  (cost=0.00..5.42 rows=99 width=0)
	        Index Cond: ((k >= 4099561) AND (k <= 4099661))

table 2 : explain SELECT k, c FROM sbtest2 WHERE k BETWEEN 4099561 AND 4099661
	Bitmap Heap Scan on sbtest2  (cost=5.47..405.13 rows=101 width=125)
	  Recheck Cond: ((k >= 4099561) AND (k <= 4099661))
	  ->  Bitmap Index Scan on k_2  (cost=0.00..5.44 rows=101 width=0)
	        Index Cond: ((k >= 4099561) AND (k <= 4099661))

table 3 : explain SELECT k, c FROM sbtest3 WHERE k BETWEEN 4099561 AND 4099661
	Bitmap Heap Scan on sbtest3  (cost=5.53..428.75 rows=107 width=125)
	  Recheck Cond: ((k >= 4099561) AND (k <= 4099661))
	  ->  Bitmap Index Scan on k_3  (cost=0.00..5.50 rows=107 width=0)
	        Index Cond: ((k >= 4099561) AND (k <= 4099661))

table 4 : explain SELECT k, c FROM sbtest4 WHERE k BETWEEN 4099561 AND 4099661
	Bitmap Heap Scan on sbtest4  (cost=5.43..389.37 rows=97 width=125)
	  Recheck Cond: ((k >= 4099561) AND (k <= 4099661))
	  ->  Bitmap Index Scan on k_4  (cost=0.00..5.40 rows=97 width=0)
	        Index Cond: ((k >= 4099561) AND (k <= 4099661))

table 5 : explain SELECT k, c FROM sbtest5 WHERE k BETWEEN 4099561 AND 4099661
	Bitmap Heap Scan on sbtest5  (cost=5.48..409.07 rows=102 width=125)
	  Recheck Cond: ((k >= 4099561) AND (k <= 4099661))
	  ->  Bitmap Index Scan on k_5  (cost=0.00..5.45 rows=102 width=0)
	        Index Cond: ((k >= 4099561) AND (k <= 4099661))

table 6 : explain SELECT k, c FROM sbtest6 WHERE k BETWEEN 4099561 AND 4099661
	Bitmap Heap Scan on sbtest6  (cost=5.50..416.94 rows=104 width=125)
	  Recheck Cond: ((k >= 4099561) AND (k <= 4099661))
	  ->  Bitmap Index Scan on k_6  (cost=0.00..5.47 rows=104 width=0)
	        Index Cond: ((k >= 4099561) AND (k <= 4099661))

table 7 : explain SELECT k, c FROM sbtest7 WHERE k BETWEEN 4099561 AND 4099661
	Bitmap Heap Scan on sbtest7  (cost=5.51..420.88 rows=105 width=125)
	  Recheck Cond: ((k >= 4099561) AND (k <= 4099661))
	  ->  Bitmap Index Scan on k_7  (cost=0.00..5.48 rows=105 width=0)
	        Index Cond: ((k >= 4099561) AND (k <= 4099661))

table 8 : explain SELECT k, c FROM sbtest8 WHERE k BETWEEN 4099561 AND 4099661
	Bitmap Heap Scan on sbtest8  (cost=5.40..377.55 rows=94 width=125)
	  Recheck Cond: ((k >= 4099561) AND (k <= 4099661))
	  ->  Bitmap Index Scan on k_8  (cost=0.00..5.38 rows=94 width=0)
	        Index Cond: ((k >= 4099561) AND (k <= 4099661))

for range-notcovered
table 1 : explain SELECT k, c FROM sbtest1 WHERE k BETWEEN 5204075 AND 5204175
	Bitmap Heap Scan on sbtest1  (cost=5.53..428.75 rows=107 width=125)
	  Recheck Cond: ((k >= 5204075) AND (k <= 5204175))
	  ->  Bitmap Index Scan on k_1  (cost=0.00..5.50 rows=107 width=0)
	        Index Cond: ((k >= 5204075) AND (k <= 5204175))

table 2 : explain SELECT k, c FROM sbtest2 WHERE k BETWEEN 5204075 AND 5204175
	Bitmap Heap Scan on sbtest2  (cost=5.55..436.62 rows=109 width=125)
	  Recheck Cond: ((k >= 5204075) AND (k <= 5204175))
	  ->  Bitmap Index Scan on k_2  (cost=0.00..5.52 rows=109 width=0)
	        Index Cond: ((k >= 5204075) AND (k <= 5204175))

table 3 : explain SELECT k, c FROM sbtest3 WHERE k BETWEEN 5204075 AND 5204175
	Bitmap Heap Scan on sbtest3  (cost=5.47..405.13 rows=101 width=125)
	  Recheck Cond: ((k >= 5204075) AND (k <= 5204175))
	  ->  Bitmap Index Scan on k_3  (cost=0.00..5.44 rows=101 width=0)
	        Index Cond: ((k >= 5204075) AND (k <= 5204175))

table 4 : explain SELECT k, c FROM sbtest4 WHERE k BETWEEN 5204075 AND 5204175
	Bitmap Heap Scan on sbtest4  (cost=5.45..397.25 rows=99 width=125)
	  Recheck Cond: ((k >= 5204075) AND (k <= 5204175))
	  ->  Bitmap Index Scan on k_4  (cost=0.00..5.42 rows=99 width=0)
	        Index Cond: ((k >= 5204075) AND (k <= 5204175))

table 5 : explain SELECT k, c FROM sbtest5 WHERE k BETWEEN 5204075 AND 5204175
	Bitmap Heap Scan on sbtest5  (cost=5.46..401.19 rows=100 width=125)
	  Recheck Cond: ((k >= 5204075) AND (k <= 5204175))
	  ->  Bitmap Index Scan on k_5  (cost=0.00..5.43 rows=100 width=0)
	        Index Cond: ((k >= 5204075) AND (k <= 5204175))

table 6 : explain SELECT k, c FROM sbtest6 WHERE k BETWEEN 5204075 AND 5204175
	Bitmap Heap Scan on sbtest6  (cost=5.47..405.13 rows=101 width=125)
	  Recheck Cond: ((k >= 5204075) AND (k <= 5204175))
	  ->  Bitmap Index Scan on k_6  (cost=0.00..5.44 rows=101 width=0)
	        Index Cond: ((k >= 5204075) AND (k <= 5204175))

table 7 : explain SELECT k, c FROM sbtest7 WHERE k BETWEEN 5204075 AND 5204175
	Bitmap Heap Scan on sbtest7  (cost=5.47..405.13 rows=101 width=125)
	  Recheck Cond: ((k >= 5204075) AND (k <= 5204175))
	  ->  Bitmap Index Scan on k_7  (cost=0.00..5.44 rows=101 width=0)
	        Index Cond: ((k >= 5204075) AND (k <= 5204175))

table 8 : explain SELECT k, c FROM sbtest8 WHERE k BETWEEN 5204075 AND 5204175
	Bitmap Heap Scan on sbtest8  (cost=5.49..413.00 rows=103 width=125)
	  Recheck Cond: ((k >= 5204075) AND (k <= 5204175))
	  ->  Bitmap Index Scan on k_8  (cost=0.00..5.46 rows=103 width=0)
	        Index Cond: ((k >= 5204075) AND (k <= 5204175))

explain: for range-notcovered :: explain SELECT k, c FROM sbtest%d WHERE k BETWEEN 5204075 AND 5204175
for range-notcovered
table 1 : explain SELECT k, c FROM sbtest1 WHERE k BETWEEN 7751859 AND 7751959
	Bitmap Heap Scan on sbtest1  (cost=5.56..440.56 rows=110 width=125)
	  Recheck Cond: ((k >= 7751859) AND (k <= 7751959))
	  ->  Bitmap Index Scan on k_1  (cost=0.00..5.53 rows=110 width=0)
	        Index Cond: ((k >= 7751859) AND (k <= 7751959))

table 2 : explain SELECT k, c FROM sbtest2 WHERE k BETWEEN 7751859 AND 7751959
	Bitmap Heap Scan on sbtest2  (cost=5.51..420.88 rows=105 width=125)
	  Recheck Cond: ((k >= 7751859) AND (k <= 7751959))
	  ->  Bitmap Index Scan on k_2  (cost=0.00..5.48 rows=105 width=0)
	        Index Cond: ((k >= 7751859) AND (k <= 7751959))

table 3 : explain SELECT k, c FROM sbtest3 WHERE k BETWEEN 7751859 AND 7751959
	Bitmap Heap Scan on sbtest3  (cost=5.54..432.69 rows=108 width=125)
	  Recheck Cond: ((k >= 7751859) AND (k <= 7751959))
	  ->  Bitmap Index Scan on k_3  (cost=0.00..5.51 rows=108 width=0)
	        Index Cond: ((k >= 7751859) AND (k <= 7751959))

table 4 : explain SELECT k, c FROM sbtest4 WHERE k BETWEEN 7751859 AND 7751959
	Bitmap Heap Scan on sbtest4  (cost=5.45..397.25 rows=99 width=125)
	  Recheck Cond: ((k >= 7751859) AND (k <= 7751959))
	  ->  Bitmap Index Scan on k_4  (cost=0.00..5.42 rows=99 width=0)
	        Index Cond: ((k >= 7751859) AND (k <= 7751959))

table 5 : explain SELECT k, c FROM sbtest5 WHERE k BETWEEN 7751859 AND 7751959
	Bitmap Heap Scan on sbtest5  (cost=5.48..409.07 rows=102 width=125)
	  Recheck Cond: ((k >= 7751859) AND (k <= 7751959))
	  ->  Bitmap Index Scan on k_5  (cost=0.00..5.45 rows=102 width=0)
	        Index Cond: ((k >= 7751859) AND (k <= 7751959))

table 6 : explain SELECT k, c FROM sbtest6 WHERE k BETWEEN 7751859 AND 7751959
	Bitmap Heap Scan on sbtest6  (cost=5.51..420.88 rows=105 width=125)
	  Recheck Cond: ((k >= 7751859) AND (k <= 7751959))
	  ->  Bitmap Index Scan on k_6  (cost=0.00..5.48 rows=105 width=0)
	        Index Cond: ((k >= 7751859) AND (k <= 7751959))

table 7 : explain SELECT k, c FROM sbtest7 WHERE k BETWEEN 7751859 AND 7751959
	Bitmap Heap Scan on sbtest7  (cost=5.54..432.69 rows=108 width=125)
	  Recheck Cond: ((k >= 7751859) AND (k <= 7751959))
	  ->  Bitmap Index Scan on k_7  (cost=0.00..5.51 rows=108 width=0)
	        Index Cond: ((k >= 7751859) AND (k <= 7751959))

table 8 : explain SELECT k, c FROM sbtest8 WHERE k BETWEEN 7751859 AND 7751959
	Bitmap Heap Scan on sbtest8  (cost=5.49..413.00 rows=103 width=125)
	  Recheck Cond: ((k >= 7751859) AND (k <= 7751959))
	  ->  Bitmap Index Scan on k_8  (cost=0.00..5.46 rows=103 width=0)
	        Index Cond: ((k >= 7751859) AND (k <= 7751959))

for range-notcovered
table 1 : explain SELECT k, c FROM sbtest1 WHERE k BETWEEN 2291214 AND 2291314
	Bitmap Heap Scan on sbtest1  (cost=5.45..397.25 rows=99 width=125)
	  Recheck Cond: ((k >= 2291214) AND (k <= 2291314))
	  ->  Bitmap Index Scan on k_1  (cost=0.00..5.42 rows=99 width=0)
	        Index Cond: ((k >= 2291214) AND (k <= 2291314))

table 2 : explain SELECT k, c FROM sbtest2 WHERE k BETWEEN 2291214 AND 2291314
	Bitmap Heap Scan on sbtest2  (cost=5.51..420.88 rows=105 width=125)
	  Recheck Cond: ((k >= 2291214) AND (k <= 2291314))
	  ->  Bitmap Index Scan on k_2  (cost=0.00..5.48 rows=105 width=0)
	        Index Cond: ((k >= 2291214) AND (k <= 2291314))

table 3 : explain SELECT k, c FROM sbtest3 WHERE k BETWEEN 2291214 AND 2291314
	Bitmap Heap Scan on sbtest3  (cost=5.46..401.19 rows=100 width=125)
	  Recheck Cond: ((k >= 2291214) AND (k <= 2291314))
	  ->  Bitmap Index Scan on k_3  (cost=0.00..5.43 rows=100 width=0)
	        Index Cond: ((k >= 2291214) AND (k <= 2291314))

table 4 : explain SELECT k, c FROM sbtest4 WHERE k BETWEEN 2291214 AND 2291314
	Bitmap Heap Scan on sbtest4  (cost=5.51..420.88 rows=105 width=125)
	  Recheck Cond: ((k >= 2291214) AND (k <= 2291314))
	  ->  Bitmap Index Scan on k_4  (cost=0.00..5.48 rows=105 width=0)
	        Index Cond: ((k >= 2291214) AND (k <= 2291314))

table 5 : explain SELECT k, c FROM sbtest5 WHERE k BETWEEN 2291214 AND 2291314
	Bitmap Heap Scan on sbtest5  (cost=5.54..432.69 rows=108 width=125)
	  Recheck Cond: ((k >= 2291214) AND (k <= 2291314))
	  ->  Bitmap Index Scan on k_5  (cost=0.00..5.51 rows=108 width=0)
	        Index Cond: ((k >= 2291214) AND (k <= 2291314))

table 6 : explain SELECT k, c FROM sbtest6 WHERE k BETWEEN 2291214 AND 2291314
	Bitmap Heap Scan on sbtest6  (cost=5.43..389.37 rows=97 width=125)
	  Recheck Cond: ((k >= 2291214) AND (k <= 2291314))
	  ->  Bitmap Index Scan on k_6  (cost=0.00..5.40 rows=97 width=0)
	        Index Cond: ((k >= 2291214) AND (k <= 2291314))

table 7 : explain SELECT k, c FROM sbtest7 WHERE k BETWEEN 2291214 AND 2291314
	Bitmap Heap Scan on sbtest7  (cost=5.39..373.61 rows=93 width=125)
	  Recheck Cond: ((k >= 2291214) AND (k <= 2291314))
	  ->  Bitmap Index Scan on k_7  (cost=0.00..5.36 rows=93 width=0)
	        Index Cond: ((k >= 2291214) AND (k <= 2291314))

table 8 : explain SELECT k, c FROM sbtest8 WHERE k BETWEEN 2291214 AND 2291314
	Bitmap Heap Scan on sbtest8  (cost=5.43..389.37 rows=97 width=125)
	  Recheck Cond: ((k >= 2291214) AND (k <= 2291314))
	  ->  Bitmap Index Scan on k_8  (cost=0.00..5.40 rows=97 width=0)
	        Index Cond: ((k >= 2291214) AND (k <= 2291314))

for range-notcovered
table 1 : explain SELECT k, c FROM sbtest1 WHERE k BETWEEN 4240972 AND 4241072
	Bitmap Heap Scan on sbtest1  (cost=5.53..428.75 rows=107 width=125)
	  Recheck Cond: ((k >= 4240972) AND (k <= 4241072))
	  ->  Bitmap Index Scan on k_1  (cost=0.00..5.50 rows=107 width=0)
	        Index Cond: ((k >= 4240972) AND (k <= 4241072))

table 2 : explain SELECT k, c FROM sbtest2 WHERE k BETWEEN 4240972 AND 4241072
	Bitmap Heap Scan on sbtest2  (cost=5.45..397.25 rows=99 width=125)
	  Recheck Cond: ((k >= 4240972) AND (k <= 4241072))
	  ->  Bitmap Index Scan on k_2  (cost=0.00..5.42 rows=99 width=0)
	        Index Cond: ((k >= 4240972) AND (k <= 4241072))

table 3 : explain SELECT k, c FROM sbtest3 WHERE k BETWEEN 4240972 AND 4241072
	Bitmap Heap Scan on sbtest3  (cost=5.51..420.88 rows=105 width=125)
	  Recheck Cond: ((k >= 4240972) AND (k <= 4241072))
	  ->  Bitmap Index Scan on k_3  (cost=0.00..5.48 rows=105 width=0)
	        Index Cond: ((k >= 4240972) AND (k <= 4241072))

table 4 : explain SELECT k, c FROM sbtest4 WHERE k BETWEEN 4240972 AND 4241072
	Bitmap Heap Scan on sbtest4  (cost=5.41..381.49 rows=95 width=125)
	  Recheck Cond: ((k >= 4240972) AND (k <= 4241072))
	  ->  Bitmap Index Scan on k_4  (cost=0.00..5.38 rows=95 width=0)
	        Index Cond: ((k >= 4240972) AND (k <= 4241072))

table 5 : explain SELECT k, c FROM sbtest5 WHERE k BETWEEN 4240972 AND 4241072
	Bitmap Heap Scan on sbtest5  (cost=5.50..416.94 rows=104 width=125)
	  Recheck Cond: ((k >= 4240972) AND (k <= 4241072))
	  ->  Bitmap Index Scan on k_5  (cost=0.00..5.47 rows=104 width=0)
	        Index Cond: ((k >= 4240972) AND (k <= 4241072))

table 6 : explain SELECT k, c FROM sbtest6 WHERE k BETWEEN 4240972 AND 4241072
	Bitmap Heap Scan on sbtest6  (cost=5.43..389.37 rows=97 width=125)
	  Recheck Cond: ((k >= 4240972) AND (k <= 4241072))
	  ->  Bitmap Index Scan on k_6  (cost=0.00..5.40 rows=97 width=0)
	        Index Cond: ((k >= 4240972) AND (k <= 4241072))

table 7 : explain SELECT k, c FROM sbtest7 WHERE k BETWEEN 4240972 AND 4241072
	Bitmap Heap Scan on sbtest7  (cost=5.68..483.81 rows=121 width=125)
	  Recheck Cond: ((k >= 4240972) AND (k <= 4241072))
	  ->  Bitmap Index Scan on k_7  (cost=0.00..5.64 rows=121 width=0)
	        Index Cond: ((k >= 4240972) AND (k <= 4241072))

table 8 : explain SELECT k, c FROM sbtest8 WHERE k BETWEEN 4240972 AND 4241072
	Bitmap Heap Scan on sbtest8  (cost=5.52..424.81 rows=106 width=125)
	  Recheck Cond: ((k >= 4240972) AND (k <= 4241072))
	  ->  Bitmap Index Scan on k_8  (cost=0.00..5.50 rows=106 width=0)
	        Index Cond: ((k >= 4240972) AND (k <= 4241072))

for range-notcovered
table 1 : explain SELECT k, c FROM sbtest1 WHERE k BETWEEN 3311644 AND 3311744
	Bitmap Heap Scan on sbtest1  (cost=5.51..420.88 rows=105 width=125)
	  Recheck Cond: ((k >= 3311644) AND (k <= 3311744))
	  ->  Bitmap Index Scan on k_1  (cost=0.00..5.48 rows=105 width=0)
	        Index Cond: ((k >= 3311644) AND (k <= 3311744))

table 2 : explain SELECT k, c FROM sbtest2 WHERE k BETWEEN 3311644 AND 3311744
	Bitmap Heap Scan on sbtest2  (cost=5.55..436.62 rows=109 width=125)
	  Recheck Cond: ((k >= 3311644) AND (k <= 3311744))
	  ->  Bitmap Index Scan on k_2  (cost=0.00..5.52 rows=109 width=0)
	        Index Cond: ((k >= 3311644) AND (k <= 3311744))

table 3 : explain SELECT k, c FROM sbtest3 WHERE k BETWEEN 3311644 AND 3311744
	Bitmap Heap Scan on sbtest3  (cost=5.50..416.94 rows=104 width=125)
	  Recheck Cond: ((k >= 3311644) AND (k <= 3311744))
	  ->  Bitmap Index Scan on k_3  (cost=0.00..5.47 rows=104 width=0)
	        Index Cond: ((k >= 3311644) AND (k <= 3311744))

table 4 : explain SELECT k, c FROM sbtest4 WHERE k BETWEEN 3311644 AND 3311744
	Bitmap Heap Scan on sbtest4  (cost=5.61..460.22 rows=115 width=125)
	  Recheck Cond: ((k >= 3311644) AND (k <= 3311744))
	  ->  Bitmap Index Scan on k_4  (cost=0.00..5.58 rows=115 width=0)
	        Index Cond: ((k >= 3311644) AND (k <= 3311744))

table 5 : explain SELECT k, c FROM sbtest5 WHERE k BETWEEN 3311644 AND 3311744
	Bitmap Heap Scan on sbtest5  (cost=5.42..385.43 rows=96 width=125)
	  Recheck Cond: ((k >= 3311644) AND (k <= 3311744))
	  ->  Bitmap Index Scan on k_5  (cost=0.00..5.39 rows=96 width=0)
	        Index Cond: ((k >= 3311644) AND (k <= 3311744))

table 6 : explain SELECT k, c FROM sbtest6 WHERE k BETWEEN 3311644 AND 3311744
	Bitmap Heap Scan on sbtest6  (cost=5.49..413.00 rows=103 width=125)
	  Recheck Cond: ((k >= 3311644) AND (k <= 3311744))
	  ->  Bitmap Index Scan on k_6  (cost=0.00..5.46 rows=103 width=0)
	        Index Cond: ((k >= 3311644) AND (k <= 3311744))

table 7 : explain SELECT k, c FROM sbtest7 WHERE k BETWEEN 3311644 AND 3311744
	Bitmap Heap Scan on sbtest7  (cost=5.48..409.07 rows=102 width=125)
	  Recheck Cond: ((k >= 3311644) AND (k <= 3311744))
	  ->  Bitmap Index Scan on k_7  (cost=0.00..5.45 rows=102 width=0)
	        Index Cond: ((k >= 3311644) AND (k <= 3311744))

table 8 : explain SELECT k, c FROM sbtest8 WHERE k BETWEEN 3311644 AND 3311744
	Bitmap Heap Scan on sbtest8  (cost=5.50..416.94 rows=104 width=125)
	  Recheck Cond: ((k >= 3311644) AND (k <= 3311744))
	  ->  Bitmap Index Scan on k_8  (cost=0.00..5.47 rows=104 width=0)
	        Index Cond: ((k >= 3311644) AND (k <= 3311744))

explain: for range-notcovered :: explain SELECT k, c FROM sbtest%d WHERE k BETWEEN 2291214 AND 2291314
explain: for range-notcovered :: explain SELECT k, c FROM sbtest%d WHERE k BETWEEN 4240972 AND 4241072
for range-notcovered
table 1 : explain SELECT k, c FROM sbtest1 WHERE k BETWEEN 5204075 AND 5204175
	Bitmap Heap Scan on sbtest1  (cost=5.53..428.75 rows=107 width=125)
	  Recheck Cond: ((k >= 5204075) AND (k <= 5204175))
	  ->  Bitmap Index Scan on k_1  (cost=0.00..5.50 rows=107 width=0)
	        Index Cond: ((k >= 5204075) AND (k <= 5204175))

table 2 : explain SELECT k, c FROM sbtest2 WHERE k BETWEEN 5204075 AND 5204175
	Bitmap Heap Scan on sbtest2  (cost=5.55..436.62 rows=109 width=125)
	  Recheck Cond: ((k >= 5204075) AND (k <= 5204175))
	  ->  Bitmap Index Scan on k_2  (cost=0.00..5.52 rows=109 width=0)
	        Index Cond: ((k >= 5204075) AND (k <= 5204175))

table 3 : explain SELECT k, c FROM sbtest3 WHERE k BETWEEN 5204075 AND 5204175
	Bitmap Heap Scan on sbtest3  (cost=5.47..405.13 rows=101 width=125)
	  Recheck Cond: ((k >= 5204075) AND (k <= 5204175))
	  ->  Bitmap Index Scan on k_3  (cost=0.00..5.44 rows=101 width=0)
	        Index Cond: ((k >= 5204075) AND (k <= 5204175))

table 4 : explain SELECT k, c FROM sbtest4 WHERE k BETWEEN 5204075 AND 5204175
	Bitmap Heap Scan on sbtest4  (cost=5.45..397.25 rows=99 width=125)
	  Recheck Cond: ((k >= 5204075) AND (k <= 5204175))
	  ->  Bitmap Index Scan on k_4  (cost=0.00..5.42 rows=99 width=0)
	        Index Cond: ((k >= 5204075) AND (k <= 5204175))

table 5 : explain SELECT k, c FROM sbtest5 WHERE k BETWEEN 5204075 AND 5204175
	Bitmap Heap Scan on sbtest5  (cost=5.46..401.19 rows=100 width=125)
	  Recheck Cond: ((k >= 5204075) AND (k <= 5204175))
	  ->  Bitmap Index Scan on k_5  (cost=0.00..5.43 rows=100 width=0)
	        Index Cond: ((k >= 5204075) AND (k <= 5204175))

table 6 : explain SELECT k, c FROM sbtest6 WHERE k BETWEEN 5204075 AND 5204175
	Bitmap Heap Scan on sbtest6  (cost=5.47..405.13 rows=101 width=125)
	  Recheck Cond: ((k >= 5204075) AND (k <= 5204175))
	  ->  Bitmap Index Scan on k_6  (cost=0.00..5.44 rows=101 width=0)
	        Index Cond: ((k >= 5204075) AND (k <= 5204175))

table 7 : explain SELECT k, c FROM sbtest7 WHERE k BETWEEN 5204075 AND 5204175
	Bitmap Heap Scan on sbtest7  (cost=5.47..405.13 rows=101 width=125)
	  Recheck Cond: ((k >= 5204075) AND (k <= 5204175))
	  ->  Bitmap Index Scan on k_7  (cost=0.00..5.44 rows=101 width=0)
	        Index Cond: ((k >= 5204075) AND (k <= 5204175))

table 8 : explain SELECT k, c FROM sbtest8 WHERE k BETWEEN 5204075 AND 5204175
	Bitmap Heap Scan on sbtest8  (cost=5.49..413.00 rows=103 width=125)
	  Recheck Cond: ((k >= 5204075) AND (k <= 5204175))
	  ->  Bitmap Index Scan on k_8  (cost=0.00..5.46 rows=103 width=0)
	        Index Cond: ((k >= 5204075) AND (k <= 5204175))

explain: for range-notcovered :: explain SELECT k, c FROM sbtest%d WHERE k BETWEEN 5204075 AND 5204175
for range-notcovered
table 1 : explain SELECT k, c FROM sbtest1 WHERE k BETWEEN 4240972 AND 4241072
	Bitmap Heap Scan on sbtest1  (cost=5.53..428.75 rows=107 width=125)
	  Recheck Cond: ((k >= 4240972) AND (k <= 4241072))
	  ->  Bitmap Index Scan on k_1  (cost=0.00..5.50 rows=107 width=0)
	        Index Cond: ((k >= 4240972) AND (k <= 4241072))

table 2 : explain SELECT k, c FROM sbtest2 WHERE k BETWEEN 4240972 AND 4241072
	Bitmap Heap Scan on sbtest2  (cost=5.45..397.25 rows=99 width=125)
	  Recheck Cond: ((k >= 4240972) AND (k <= 4241072))
	  ->  Bitmap Index Scan on k_2  (cost=0.00..5.42 rows=99 width=0)
	        Index Cond: ((k >= 4240972) AND (k <= 4241072))

table 3 : explain SELECT k, c FROM sbtest3 WHERE k BETWEEN 4240972 AND 4241072
	Bitmap Heap Scan on sbtest3  (cost=5.51..420.88 rows=105 width=125)
	  Recheck Cond: ((k >= 4240972) AND (k <= 4241072))
	  ->  Bitmap Index Scan on k_3  (cost=0.00..5.48 rows=105 width=0)
	        Index Cond: ((k >= 4240972) AND (k <= 4241072))

table 4 : explain SELECT k, c FROM sbtest4 WHERE k BETWEEN 4240972 AND 4241072
	Bitmap Heap Scan on sbtest4  (cost=5.41..381.49 rows=95 width=125)
	  Recheck Cond: ((k >= 4240972) AND (k <= 4241072))
	  ->  Bitmap Index Scan on k_4  (cost=0.00..5.38 rows=95 width=0)
	        Index Cond: ((k >= 4240972) AND (k <= 4241072))

table 5 : explain SELECT k, c FROM sbtest5 WHERE k BETWEEN 4240972 AND 4241072
	Bitmap Heap Scan on sbtest5  (cost=5.50..416.94 rows=104 width=125)
	  Recheck Cond: ((k >= 4240972) AND (k <= 4241072))
	  ->  Bitmap Index Scan on k_5  (cost=0.00..5.47 rows=104 width=0)
	        Index Cond: ((k >= 4240972) AND (k <= 4241072))

table 6 : explain SELECT k, c FROM sbtest6 WHERE k BETWEEN 4240972 AND 4241072
	Bitmap Heap Scan on sbtest6  (cost=5.43..389.37 rows=97 width=125)
	  Recheck Cond: ((k >= 4240972) AND (k <= 4241072))
	  ->  Bitmap Index Scan on k_6  (cost=0.00..5.40 rows=97 width=0)
	        Index Cond: ((k >= 4240972) AND (k <= 4241072))

table 7 : explain SELECT k, c FROM sbtest7 WHERE k BETWEEN 4240972 AND 4241072
	Bitmap Heap Scan on sbtest7  (cost=5.68..483.81 rows=121 width=125)
	  Recheck Cond: ((k >= 4240972) AND (k <= 4241072))
	  ->  Bitmap Index Scan on k_7  (cost=0.00..5.64 rows=121 width=0)
	        Index Cond: ((k >= 4240972) AND (k <= 4241072))

table 8 : explain SELECT k, c FROM sbtest8 WHERE k BETWEEN 4240972 AND 4241072
	Bitmap Heap Scan on sbtest8  (cost=5.52..424.81 rows=106 width=125)
	  Recheck Cond: ((k >= 4240972) AND (k <= 4241072))
	  ->  Bitmap Index Scan on k_8  (cost=0.00..5.50 rows=106 width=0)
	        Index Cond: ((k >= 4240972) AND (k <= 4241072))

explain: for range-notcovered :: explain SELECT k, c FROM sbtest%d WHERE k BETWEEN 4240972 AND 4241072
for range-notcovered
table 1 : explain SELECT k, c FROM sbtest1 WHERE k BETWEEN 2291214 AND 2291314
	Bitmap Heap Scan on sbtest1  (cost=5.45..397.25 rows=99 width=125)
	  Recheck Cond: ((k >= 2291214) AND (k <= 2291314))
	  ->  Bitmap Index Scan on k_1  (cost=0.00..5.42 rows=99 width=0)
	        Index Cond: ((k >= 2291214) AND (k <= 2291314))

table 2 : explain SELECT k, c FROM sbtest2 WHERE k BETWEEN 2291214 AND 2291314
	Bitmap Heap Scan on sbtest2  (cost=5.51..420.88 rows=105 width=125)
	  Recheck Cond: ((k >= 2291214) AND (k <= 2291314))
	  ->  Bitmap Index Scan on k_2  (cost=0.00..5.48 rows=105 width=0)
	        Index Cond: ((k >= 2291214) AND (k <= 2291314))

table 3 : explain SELECT k, c FROM sbtest3 WHERE k BETWEEN 2291214 AND 2291314
	Bitmap Heap Scan on sbtest3  (cost=5.46..401.19 rows=100 width=125)
	  Recheck Cond: ((k >= 2291214) AND (k <= 2291314))
	  ->  Bitmap Index Scan on k_3  (cost=0.00..5.43 rows=100 width=0)
	        Index Cond: ((k >= 2291214) AND (k <= 2291314))

table 4 : explain SELECT k, c FROM sbtest4 WHERE k BETWEEN 2291214 AND 2291314
	Bitmap Heap Scan on sbtest4  (cost=5.51..420.88 rows=105 width=125)
	  Recheck Cond: ((k >= 2291214) AND (k <= 2291314))
	  ->  Bitmap Index Scan on k_4  (cost=0.00..5.48 rows=105 width=0)
	        Index Cond: ((k >= 2291214) AND (k <= 2291314))

table 5 : explain SELECT k, c FROM sbtest5 WHERE k BETWEEN 2291214 AND 2291314
	Bitmap Heap Scan on sbtest5  (cost=5.54..432.69 rows=108 width=125)
	  Recheck Cond: ((k >= 2291214) AND (k <= 2291314))
	  ->  Bitmap Index Scan on k_5  (cost=0.00..5.51 rows=108 width=0)
	        Index Cond: ((k >= 2291214) AND (k <= 2291314))

table 6 : explain SELECT k, c FROM sbtest6 WHERE k BETWEEN 2291214 AND 2291314
	Bitmap Heap Scan on sbtest6  (cost=5.43..389.37 rows=97 width=125)
	  Recheck Cond: ((k >= 2291214) AND (k <= 2291314))
	  ->  Bitmap Index Scan on k_6  (cost=0.00..5.40 rows=97 width=0)
	        Index Cond: ((k >= 2291214) AND (k <= 2291314))

table 7 : explain SELECT k, c FROM sbtest7 WHERE k BETWEEN 2291214 AND 2291314
	Bitmap Heap Scan on sbtest7  (cost=5.39..373.61 rows=93 width=125)
	  Recheck Cond: ((k >= 2291214) AND (k <= 2291314))
	  ->  Bitmap Index Scan on k_7  (cost=0.00..5.36 rows=93 width=0)
	        Index Cond: ((k >= 2291214) AND (k <= 2291314))

table 8 : explain SELECT k, c FROM sbtest8 WHERE k BETWEEN 2291214 AND 2291314
	Bitmap Heap Scan on sbtest8  (cost=5.43..389.37 rows=97 width=125)
	  Recheck Cond: ((k >= 2291214) AND (k <= 2291314))
	  ->  Bitmap Index Scan on k_8  (cost=0.00..5.40 rows=97 width=0)
	        Index Cond: ((k >= 2291214) AND (k <= 2291314))

explain: for range-notcovered :: explain SELECT k, c FROM sbtest%d WHERE k BETWEEN 2291214 AND 2291314
for range-notcovered
table 1 : explain SELECT k, c FROM sbtest1 WHERE k BETWEEN 5204075 AND 5204175
	Bitmap Heap Scan on sbtest1  (cost=5.53..428.75 rows=107 width=125)
	  Recheck Cond: ((k >= 5204075) AND (k <= 5204175))
	  ->  Bitmap Index Scan on k_1  (cost=0.00..5.50 rows=107 width=0)
	        Index Cond: ((k >= 5204075) AND (k <= 5204175))

table 2 : explain SELECT k, c FROM sbtest2 WHERE k BETWEEN 5204075 AND 5204175
	Bitmap Heap Scan on sbtest2  (cost=5.55..436.62 rows=109 width=125)
	  Recheck Cond: ((k >= 5204075) AND (k <= 5204175))
	  ->  Bitmap Index Scan on k_2  (cost=0.00..5.52 rows=109 width=0)
	        Index Cond: ((k >= 5204075) AND (k <= 5204175))

table 3 : explain SELECT k, c FROM sbtest3 WHERE k BETWEEN 5204075 AND 5204175
	Bitmap Heap Scan on sbtest3  (cost=5.47..405.13 rows=101 width=125)
	  Recheck Cond: ((k >= 5204075) AND (k <= 5204175))
	  ->  Bitmap Index Scan on k_3  (cost=0.00..5.44 rows=101 width=0)
	        Index Cond: ((k >= 5204075) AND (k <= 5204175))

table 4 : explain SELECT k, c FROM sbtest4 WHERE k BETWEEN 5204075 AND 5204175
	Bitmap Heap Scan on sbtest4  (cost=5.45..397.25 rows=99 width=125)
	  Recheck Cond: ((k >= 5204075) AND (k <= 5204175))
	  ->  Bitmap Index Scan on k_4  (cost=0.00..5.42 rows=99 width=0)
	        Index Cond: ((k >= 5204075) AND (k <= 5204175))

table 5 : explain SELECT k, c FROM sbtest5 WHERE k BETWEEN 5204075 AND 5204175
	Bitmap Heap Scan on sbtest5  (cost=5.46..401.19 rows=100 width=125)
	  Recheck Cond: ((k >= 5204075) AND (k <= 5204175))
	  ->  Bitmap Index Scan on k_5  (cost=0.00..5.43 rows=100 width=0)
	        Index Cond: ((k >= 5204075) AND (k <= 5204175))

table 6 : explain SELECT k, c FROM sbtest6 WHERE k BETWEEN 5204075 AND 5204175
	Bitmap Heap Scan on sbtest6  (cost=5.47..405.13 rows=101 width=125)
	  Recheck Cond: ((k >= 5204075) AND (k <= 5204175))
	  ->  Bitmap Index Scan on k_6  (cost=0.00..5.44 rows=101 width=0)
	        Index Cond: ((k >= 5204075) AND (k <= 5204175))

table 7 : explain SELECT k, c FROM sbtest7 WHERE k BETWEEN 5204075 AND 5204175
	Bitmap Heap Scan on sbtest7  (cost=5.47..405.13 rows=101 width=125)
	  Recheck Cond: ((k >= 5204075) AND (k <= 5204175))
	  ->  Bitmap Index Scan on k_7  (cost=0.00..5.44 rows=101 width=0)
	        Index Cond: ((k >= 5204075) AND (k <= 5204175))

table 8 : explain SELECT k, c FROM sbtest8 WHERE k BETWEEN 5204075 AND 5204175
	Bitmap Heap Scan on sbtest8  (cost=5.49..413.00 rows=103 width=125)
	  Recheck Cond: ((k >= 5204075) AND (k <= 5204175))
	  ->  Bitmap Index Scan on k_8  (cost=0.00..5.46 rows=103 width=0)
	        Index Cond: ((k >= 5204075) AND (k <= 5204175))

for range-notcovered
table 1 : explain SELECT k, c FROM sbtest1 WHERE k BETWEEN 4240972 AND 4241072
	Bitmap Heap Scan on sbtest1  (cost=5.53..428.75 rows=107 width=125)
	  Recheck Cond: ((k >= 4240972) AND (k <= 4241072))
	  ->  Bitmap Index Scan on k_1  (cost=0.00..5.50 rows=107 width=0)
	        Index Cond: ((k >= 4240972) AND (k <= 4241072))

table 2 : explain SELECT k, c FROM sbtest2 WHERE k BETWEEN 4240972 AND 4241072
	Bitmap Heap Scan on sbtest2  (cost=5.45..397.25 rows=99 width=125)
	  Recheck Cond: ((k >= 4240972) AND (k <= 4241072))
	  ->  Bitmap Index Scan on k_2  (cost=0.00..5.42 rows=99 width=0)
	        Index Cond: ((k >= 4240972) AND (k <= 4241072))

table 3 : explain SELECT k, c FROM sbtest3 WHERE k BETWEEN 4240972 AND 4241072
	Bitmap Heap Scan on sbtest3  (cost=5.51..420.88 rows=105 width=125)
	  Recheck Cond: ((k >= 4240972) AND (k <= 4241072))
	  ->  Bitmap Index Scan on k_3  (cost=0.00..5.48 rows=105 width=0)
	        Index Cond: ((k >= 4240972) AND (k <= 4241072))

table 4 : explain SELECT k, c FROM sbtest4 WHERE k BETWEEN 4240972 AND 4241072
	Bitmap Heap Scan on sbtest4  (cost=5.41..381.49 rows=95 width=125)
	  Recheck Cond: ((k >= 4240972) AND (k <= 4241072))
	  ->  Bitmap Index Scan on k_4  (cost=0.00..5.38 rows=95 width=0)
	        Index Cond: ((k >= 4240972) AND (k <= 4241072))

table 5 : explain SELECT k, c FROM sbtest5 WHERE k BETWEEN 4240972 AND 4241072
	Bitmap Heap Scan on sbtest5  (cost=5.50..416.94 rows=104 width=125)
	  Recheck Cond: ((k >= 4240972) AND (k <= 4241072))
	  ->  Bitmap Index Scan on k_5  (cost=0.00..5.47 rows=104 width=0)
	        Index Cond: ((k >= 4240972) AND (k <= 4241072))

table 6 : explain SELECT k, c FROM sbtest6 WHERE k BETWEEN 4240972 AND 4241072
	Bitmap Heap Scan on sbtest6  (cost=5.43..389.37 rows=97 width=125)
	  Recheck Cond: ((k >= 4240972) AND (k <= 4241072))
	  ->  Bitmap Index Scan on k_6  (cost=0.00..5.40 rows=97 width=0)
	        Index Cond: ((k >= 4240972) AND (k <= 4241072))

table 7 : explain SELECT k, c FROM sbtest7 WHERE k BETWEEN 4240972 AND 4241072
	Bitmap Heap Scan on sbtest7  (cost=5.68..483.81 rows=121 width=125)
	  Recheck Cond: ((k >= 4240972) AND (k <= 4241072))
	  ->  Bitmap Index Scan on k_7  (cost=0.00..5.64 rows=121 width=0)
	        Index Cond: ((k >= 4240972) AND (k <= 4241072))

table 8 : explain SELECT k, c FROM sbtest8 WHERE k BETWEEN 4240972 AND 4241072
	Bitmap Heap Scan on sbtest8  (cost=5.52..424.81 rows=106 width=125)
	  Recheck Cond: ((k >= 4240972) AND (k <= 4241072))
	  ->  Bitmap Index Scan on k_8  (cost=0.00..5.50 rows=106 width=0)
	        Index Cond: ((k >= 4240972) AND (k <= 4241072))

for range-notcovered
table 1 : explain SELECT k, c FROM sbtest1 WHERE k BETWEEN 2291214 AND 2291314
	Bitmap Heap Scan on sbtest1  (cost=5.45..397.25 rows=99 width=125)
	  Recheck Cond: ((k >= 2291214) AND (k <= 2291314))
	  ->  Bitmap Index Scan on k_1  (cost=0.00..5.42 rows=99 width=0)
	        Index Cond: ((k >= 2291214) AND (k <= 2291314))

table 2 : explain SELECT k, c FROM sbtest2 WHERE k BETWEEN 2291214 AND 2291314
	Bitmap Heap Scan on sbtest2  (cost=5.51..420.88 rows=105 width=125)
	  Recheck Cond: ((k >= 2291214) AND (k <= 2291314))
	  ->  Bitmap Index Scan on k_2  (cost=0.00..5.48 rows=105 width=0)
	        Index Cond: ((k >= 2291214) AND (k <= 2291314))

table 3 : explain SELECT k, c FROM sbtest3 WHERE k BETWEEN 2291214 AND 2291314
	Bitmap Heap Scan on sbtest3  (cost=5.46..401.19 rows=100 width=125)
	  Recheck Cond: ((k >= 2291214) AND (k <= 2291314))
	  ->  Bitmap Index Scan on k_3  (cost=0.00..5.43 rows=100 width=0)
	        Index Cond: ((k >= 2291214) AND (k <= 2291314))

table 4 : explain SELECT k, c FROM sbtest4 WHERE k BETWEEN 2291214 AND 2291314
	Bitmap Heap Scan on sbtest4  (cost=5.51..420.88 rows=105 width=125)
	  Recheck Cond: ((k >= 2291214) AND (k <= 2291314))
	  ->  Bitmap Index Scan on k_4  (cost=0.00..5.48 rows=105 width=0)
	        Index Cond: ((k >= 2291214) AND (k <= 2291314))

table 5 : explain SELECT k, c FROM sbtest5 WHERE k BETWEEN 2291214 AND 2291314
	Bitmap Heap Scan on sbtest5  (cost=5.54..432.69 rows=108 width=125)
	  Recheck Cond: ((k >= 2291214) AND (k <= 2291314))
	  ->  Bitmap Index Scan on k_5  (cost=0.00..5.51 rows=108 width=0)
	        Index Cond: ((k >= 2291214) AND (k <= 2291314))

table 6 : explain SELECT k, c FROM sbtest6 WHERE k BETWEEN 2291214 AND 2291314
	Bitmap Heap Scan on sbtest6  (cost=5.43..389.37 rows=97 width=125)
	  Recheck Cond: ((k >= 2291214) AND (k <= 2291314))
	  ->  Bitmap Index Scan on k_6  (cost=0.00..5.40 rows=97 width=0)
	        Index Cond: ((k >= 2291214) AND (k <= 2291314))

table 7 : explain SELECT k, c FROM sbtest7 WHERE k BETWEEN 2291214 AND 2291314
	Bitmap Heap Scan on sbtest7  (cost=5.39..373.61 rows=93 width=125)
	  Recheck Cond: ((k >= 2291214) AND (k <= 2291314))
	  ->  Bitmap Index Scan on k_7  (cost=0.00..5.36 rows=93 width=0)
	        Index Cond: ((k >= 2291214) AND (k <= 2291314))

table 8 : explain SELECT k, c FROM sbtest8 WHERE k BETWEEN 2291214 AND 2291314
	Bitmap Heap Scan on sbtest8  (cost=5.43..389.37 rows=97 width=125)
	  Recheck Cond: ((k >= 2291214) AND (k <= 2291314))
	  ->  Bitmap Index Scan on k_8  (cost=0.00..5.40 rows=97 width=0)
	        Index Cond: ((k >= 2291214) AND (k <= 2291314))

explain: for range-notcovered :: explain SELECT k, c FROM sbtest%d WHERE k BETWEEN 2291214 AND 2291314
for range-notcovered
table 1 : explain SELECT k, c FROM sbtest1 WHERE k BETWEEN 2291214 AND 2291314
	Bitmap Heap Scan on sbtest1  (cost=5.45..397.25 rows=99 width=125)
	  Recheck Cond: ((k >= 2291214) AND (k <= 2291314))
	  ->  Bitmap Index Scan on k_1  (cost=0.00..5.42 rows=99 width=0)
	        Index Cond: ((k >= 2291214) AND (k <= 2291314))

table 2 : explain SELECT k, c FROM sbtest2 WHERE k BETWEEN 2291214 AND 2291314
	Bitmap Heap Scan on sbtest2  (cost=5.51..420.88 rows=105 width=125)
	  Recheck Cond: ((k >= 2291214) AND (k <= 2291314))
	  ->  Bitmap Index Scan on k_2  (cost=0.00..5.48 rows=105 width=0)
	        Index Cond: ((k >= 2291214) AND (k <= 2291314))

table 3 : explain SELECT k, c FROM sbtest3 WHERE k BETWEEN 2291214 AND 2291314
	Bitmap Heap Scan on sbtest3  (cost=5.46..401.19 rows=100 width=125)
	  Recheck Cond: ((k >= 2291214) AND (k <= 2291314))
	  ->  Bitmap Index Scan on k_3  (cost=0.00..5.43 rows=100 width=0)
	        Index Cond: ((k >= 2291214) AND (k <= 2291314))

table 4 : explain SELECT k, c FROM sbtest4 WHERE k BETWEEN 2291214 AND 2291314
	Bitmap Heap Scan on sbtest4  (cost=5.51..420.88 rows=105 width=125)
	  Recheck Cond: ((k >= 2291214) AND (k <= 2291314))
	  ->  Bitmap Index Scan on k_4  (cost=0.00..5.48 rows=105 width=0)
	        Index Cond: ((k >= 2291214) AND (k <= 2291314))

table 5 : explain SELECT k, c FROM sbtest5 WHERE k BETWEEN 2291214 AND 2291314
	Bitmap Heap Scan on sbtest5  (cost=5.54..432.69 rows=108 width=125)
	  Recheck Cond: ((k >= 2291214) AND (k <= 2291314))
	  ->  Bitmap Index Scan on k_5  (cost=0.00..5.51 rows=108 width=0)
	        Index Cond: ((k >= 2291214) AND (k <= 2291314))

table 6 : explain SELECT k, c FROM sbtest6 WHERE k BETWEEN 2291214 AND 2291314
	Bitmap Heap Scan on sbtest6  (cost=5.43..389.37 rows=97 width=125)
	  Recheck Cond: ((k >= 2291214) AND (k <= 2291314))
	  ->  Bitmap Index Scan on k_6  (cost=0.00..5.40 rows=97 width=0)
	        Index Cond: ((k >= 2291214) AND (k <= 2291314))

table 7 : explain SELECT k, c FROM sbtest7 WHERE k BETWEEN 2291214 AND 2291314
	Bitmap Heap Scan on sbtest7  (cost=5.39..373.61 rows=93 width=125)
	  Recheck Cond: ((k >= 2291214) AND (k <= 2291314))
	  ->  Bitmap Index Scan on k_7  (cost=0.00..5.36 rows=93 width=0)
	        Index Cond: ((k >= 2291214) AND (k <= 2291314))

table 8 : explain SELECT k, c FROM sbtest8 WHERE k BETWEEN 2291214 AND 2291314
	Bitmap Heap Scan on sbtest8  (cost=5.43..389.37 rows=97 width=125)
	  Recheck Cond: ((k >= 2291214) AND (k <= 2291314))
	  ->  Bitmap Index Scan on k_8  (cost=0.00..5.40 rows=97 width=0)
	        Index Cond: ((k >= 2291214) AND (k <= 2291314))

explain: for range-notcovered :: explain SELECT k, c FROM sbtest%d WHERE k BETWEEN 2291214 AND 2291314
for range-notcovered
table 1 : explain SELECT k, c FROM sbtest1 WHERE k BETWEEN 2291214 AND 2291314
	Bitmap Heap Scan on sbtest1  (cost=5.45..397.25 rows=99 width=125)
	  Recheck Cond: ((k >= 2291214) AND (k <= 2291314))
	  ->  Bitmap Index Scan on k_1  (cost=0.00..5.42 rows=99 width=0)
	        Index Cond: ((k >= 2291214) AND (k <= 2291314))

table 2 : explain SELECT k, c FROM sbtest2 WHERE k BETWEEN 2291214 AND 2291314
	Bitmap Heap Scan on sbtest2  (cost=5.51..420.88 rows=105 width=125)
	  Recheck Cond: ((k >= 2291214) AND (k <= 2291314))
	  ->  Bitmap Index Scan on k_2  (cost=0.00..5.48 rows=105 width=0)
	        Index Cond: ((k >= 2291214) AND (k <= 2291314))

table 3 : explain SELECT k, c FROM sbtest3 WHERE k BETWEEN 2291214 AND 2291314
	Bitmap Heap Scan on sbtest3  (cost=5.46..401.19 rows=100 width=125)
	  Recheck Cond: ((k >= 2291214) AND (k <= 2291314))
	  ->  Bitmap Index Scan on k_3  (cost=0.00..5.43 rows=100 width=0)
	        Index Cond: ((k >= 2291214) AND (k <= 2291314))

table 4 : explain SELECT k, c FROM sbtest4 WHERE k BETWEEN 2291214 AND 2291314
	Bitmap Heap Scan on sbtest4  (cost=5.51..420.88 rows=105 width=125)
	  Recheck Cond: ((k >= 2291214) AND (k <= 2291314))
	  ->  Bitmap Index Scan on k_4  (cost=0.00..5.48 rows=105 width=0)
	        Index Cond: ((k >= 2291214) AND (k <= 2291314))

table 5 : explain SELECT k, c FROM sbtest5 WHERE k BETWEEN 2291214 AND 2291314
	Bitmap Heap Scan on sbtest5  (cost=5.54..432.69 rows=108 width=125)
	  Recheck Cond: ((k >= 2291214) AND (k <= 2291314))
	  ->  Bitmap Index Scan on k_5  (cost=0.00..5.51 rows=108 width=0)
	        Index Cond: ((k >= 2291214) AND (k <= 2291314))

table 6 : explain SELECT k, c FROM sbtest6 WHERE k BETWEEN 2291214 AND 2291314
	Bitmap Heap Scan on sbtest6  (cost=5.43..389.37 rows=97 width=125)
	  Recheck Cond: ((k >= 2291214) AND (k <= 2291314))
	  ->  Bitmap Index Scan on k_6  (cost=0.00..5.40 rows=97 width=0)
	        Index Cond: ((k >= 2291214) AND (k <= 2291314))

table 7 : explain SELECT k, c FROM sbtest7 WHERE k BETWEEN 2291214 AND 2291314
	Bitmap Heap Scan on sbtest7  (cost=5.39..373.61 rows=93 width=125)
	  Recheck Cond: ((k >= 2291214) AND (k <= 2291314))
	  ->  Bitmap Index Scan on k_7  (cost=0.00..5.36 rows=93 width=0)
	        Index Cond: ((k >= 2291214) AND (k <= 2291314))

table 8 : explain SELECT k, c FROM sbtest8 WHERE k BETWEEN 2291214 AND 2291314
	Bitmap Heap Scan on sbtest8  (cost=5.43..389.37 rows=97 width=125)
	  Recheck Cond: ((k >= 2291214) AND (k <= 2291314))
	  ->  Bitmap Index Scan on k_8  (cost=0.00..5.40 rows=97 width=0)
	        Index Cond: ((k >= 2291214) AND (k <= 2291314))

Threads started!

Warming up for 5 seconds...

SQL statistics:
    queries performed:
        read:                            103121108
        write:                           0
        other:                           0
        total:                           103121108
    transactions:                        103121108 (163682.70 per sec.)
    queries:                             103121108 (163682.70 per sec.)
    ignored errors:                      0      (0.00 per sec.)
    reconnects:                          0      (0.00 per sec.)

Throughput:
    events/s (eps):                      163682.6957
    time elapsed:                        630.0063s
    total number of events:              103121108

Latency (ms):
         min:                                    0.07
         avg:                                    0.24
         max:                                   11.28
         95th percentile:                        0.28
         sum:                             25159624.33

Threads fairness:
    events (avg/stddev):           2578025.4750/9318.68
    execution time (avg/stddev):   628.9906/0.04

