LUA_PATH=/home/mdcallag/git/mytools/bench/sysbench.lua/lua/?.lua /home/mdcallag/git/mytools/bench/sysbench.lua/lua/sysbench --db-driver=pgsql --range-size=100 --table-size=10000000 --tables=8 --threads=40 --events=0 --warmup-time=5 --time=930 --pgsql_conn_id=true /home/mdcallag/git/mytools/bench/sysbench.lua/lua/oltp_inlist_update.lua run --pgsql-user=root --pgsql-password=pw --pgsql-host=127.0.0.1 --pgsql-db=ib --rand-type=uniform
48 CPUs
sysbench 1.1.0-9072687 (using bundled LuaJIT 2.1.0-beta3)

Running the test with following options:
Number of threads: 40
Warmup time: 5s
Initializing random number generator from current time


Initializing worker threads...

explain: for update-inlist :: explain UPDATE sbtest%d set c=7 WHERE id IN ( 6465062, 531281, 8441576, 2489970, 5351808, 193432, 4372298, 8117059, 2609150, 3628006)
explain: for update-inlist :: explain UPDATE sbtest%d set c=7 WHERE id IN ( 5939496, 62749, 3337247, 2921302, 2082194, 5735563, 7865442, 1090838, 9516554, 5255889)
explain: for update-inlist :: explain UPDATE sbtest%d set c=7 WHERE id IN ( 4908293, 5315810, 9967850, 3797434, 6267959, 1195851, 2432564, 5543952, 2038701, 7770779)
for update-inlist
table 1 : explain UPDATE sbtest1 set c=7 WHERE id IN ( 6465062, 531281, 8441576, 2489970, 5351808, 193432, 4372298, 8117059, 2609150, 3628006)
	Update on sbtest1  (cost=0.43..48.53 rows=0 width=0)
	  ->  Index Scan using sbtest1_pkey on sbtest1  (cost=0.43..48.53 rows=10 width=490)
	        Index Cond: (id = ANY ('{6465062,531281,8441576,2489970,5351808,193432,4372298,8117059,2609150,3628006}'::integer[]))

table 2 : explain UPDATE sbtest2 set c=7 WHERE id IN ( 6465062, 531281, 8441576, 2489970, 5351808, 193432, 4372298, 8117059, 2609150, 3628006)
	Update on sbtest2  (cost=0.43..48.53 rows=0 width=0)
	  ->  Index Scan using sbtest2_pkey on sbtest2  (cost=0.43..48.53 rows=10 width=490)
	        Index Cond: (id = ANY ('{6465062,531281,8441576,2489970,5351808,193432,4372298,8117059,2609150,3628006}'::integer[]))

table 3 : explain UPDATE sbtest3 set c=7 WHERE id IN ( 6465062, 531281, 8441576, 2489970, 5351808, 193432, 4372298, 8117059, 2609150, 3628006)
	Update on sbtest3  (cost=0.43..48.53 rows=0 width=0)
	  ->  Index Scan using sbtest3_pkey on sbtest3  (cost=0.43..48.53 rows=10 width=490)
	        Index Cond: (id = ANY ('{6465062,531281,8441576,2489970,5351808,193432,4372298,8117059,2609150,3628006}'::integer[]))

table 4 : explain UPDATE sbtest4 set c=7 WHERE id IN ( 6465062, 531281, 8441576, 2489970, 5351808, 193432, 4372298, 8117059, 2609150, 3628006)
	Update on sbtest4  (cost=0.43..48.53 rows=0 width=0)
	  ->  Index Scan using sbtest4_pkey on sbtest4  (cost=0.43..48.53 rows=10 width=490)
	        Index Cond: (id = ANY ('{6465062,531281,8441576,2489970,5351808,193432,4372298,8117059,2609150,3628006}'::integer[]))

table 5 : explain UPDATE sbtest5 set c=7 WHERE id IN ( 6465062, 531281, 8441576, 2489970, 5351808, 193432, 4372298, 8117059, 2609150, 3628006)
	Update on sbtest5  (cost=0.43..48.53 rows=0 width=0)
	  ->  Index Scan using sbtest5_pkey on sbtest5  (cost=0.43..48.53 rows=10 width=490)
	        Index Cond: (id = ANY ('{6465062,531281,8441576,2489970,5351808,193432,4372298,8117059,2609150,3628006}'::integer[]))

table 6 : explain UPDATE sbtest6 set c=7 WHERE id IN ( 6465062, 531281, 8441576, 2489970, 5351808, 193432, 4372298, 8117059, 2609150, 3628006)
	Update on sbtest6  (cost=0.43..48.53 rows=0 width=0)
	  ->  Index Scan using sbtest6_pkey on sbtest6  (cost=0.43..48.53 rows=10 width=490)
	        Index Cond: (id = ANY ('{6465062,531281,8441576,2489970,5351808,193432,4372298,8117059,2609150,3628006}'::integer[]))

table 7 : explain UPDATE sbtest7 set c=7 WHERE id IN ( 6465062, 531281, 8441576, 2489970, 5351808, 193432, 4372298, 8117059, 2609150, 3628006)
	Update on sbtest7  (cost=0.43..48.53 rows=0 width=0)
	  ->  Index Scan using sbtest7_pkey on sbtest7  (cost=0.43..48.53 rows=10 width=490)
	        Index Cond: (id = ANY ('{6465062,531281,8441576,2489970,5351808,193432,4372298,8117059,2609150,3628006}'::integer[]))

table 8 : explain UPDATE sbtest8 set c=7 WHERE id IN ( 6465062, 531281, 8441576, 2489970, 5351808, 193432, 4372298, 8117059, 2609150, 3628006)
	Update on sbtest8  (cost=0.43..48.53 rows=0 width=0)
	  ->  Index Scan using sbtest8_pkey on sbtest8  (cost=0.43..48.53 rows=10 width=490)
	        Index Cond: (id = ANY ('{6465062,531281,8441576,2489970,5351808,193432,4372298,8117059,2609150,3628006}'::integer[]))

for update-inlist
table 1 : explain UPDATE sbtest1 set c=7 WHERE id IN ( 5939496, 62749, 3337247, 2921302, 2082194, 5735563, 7865442, 1090838, 9516554, 5255889)
	Update on sbtest1  (cost=0.43..48.53 rows=0 width=0)
	  ->  Index Scan using sbtest1_pkey on sbtest1  (cost=0.43..48.53 rows=10 width=490)
	        Index Cond: (id = ANY ('{5939496,62749,3337247,2921302,2082194,5735563,7865442,1090838,9516554,5255889}'::integer[]))

table 2 : explain UPDATE sbtest2 set c=7 WHERE id IN ( 5939496, 62749, 3337247, 2921302, 2082194, 5735563, 7865442, 1090838, 9516554, 5255889)
	Update on sbtest2  (cost=0.43..48.53 rows=0 width=0)
	  ->  Index Scan using sbtest2_pkey on sbtest2  (cost=0.43..48.53 rows=10 width=490)
	        Index Cond: (id = ANY ('{5939496,62749,3337247,2921302,2082194,5735563,7865442,1090838,9516554,5255889}'::integer[]))

table 3 : explain UPDATE sbtest3 set c=7 WHERE id IN ( 5939496, 62749, 3337247, 2921302, 2082194, 5735563, 7865442, 1090838, 9516554, 5255889)
	Update on sbtest3  (cost=0.43..48.53 rows=0 width=0)
	  ->  Index Scan using sbtest3_pkey on sbtest3  (cost=0.43..48.53 rows=10 width=490)
	        Index Cond: (id = ANY ('{5939496,62749,3337247,2921302,2082194,5735563,7865442,1090838,9516554,5255889}'::integer[]))

table 4 : explain UPDATE sbtest4 set c=7 WHERE id IN ( 5939496, 62749, 3337247, 2921302, 2082194, 5735563, 7865442, 1090838, 9516554, 5255889)
	Update on sbtest4  (cost=0.43..48.53 rows=0 width=0)
	  ->  Index Scan using sbtest4_pkey on sbtest4  (cost=0.43..48.53 rows=10 width=490)
	        Index Cond: (id = ANY ('{5939496,62749,3337247,2921302,2082194,5735563,7865442,1090838,9516554,5255889}'::integer[]))

table 5 : explain UPDATE sbtest5 set c=7 WHERE id IN ( 5939496, 62749, 3337247, 2921302, 2082194, 5735563, 7865442, 1090838, 9516554, 5255889)
	Update on sbtest5  (cost=0.43..48.53 rows=0 width=0)
	  ->  Index Scan using sbtest5_pkey on sbtest5  (cost=0.43..48.53 rows=10 width=490)
	        Index Cond: (id = ANY ('{5939496,62749,3337247,2921302,2082194,5735563,7865442,1090838,9516554,5255889}'::integer[]))

table 6 : explain UPDATE sbtest6 set c=7 WHERE id IN ( 5939496, 62749, 3337247, 2921302, 2082194, 5735563, 7865442, 1090838, 9516554, 5255889)
	Update on sbtest6  (cost=0.43..48.53 rows=0 width=0)
	  ->  Index Scan using sbtest6_pkey on sbtest6  (cost=0.43..48.53 rows=10 width=490)
	        Index Cond: (id = ANY ('{5939496,62749,3337247,2921302,2082194,5735563,7865442,1090838,9516554,5255889}'::integer[]))

table 7 : explain UPDATE sbtest7 set c=7 WHERE id IN ( 5939496, 62749, 3337247, 2921302, 2082194, 5735563, 7865442, 1090838, 9516554, 5255889)
	Update on sbtest7  (cost=0.43..48.53 rows=0 width=0)
	  ->  Index Scan using sbtest7_pkey on sbtest7  (cost=0.43..48.53 rows=10 width=490)
	        Index Cond: (id = ANY ('{5939496,62749,3337247,2921302,2082194,5735563,7865442,1090838,9516554,5255889}'::integer[]))

table 8 : explain UPDATE sbtest8 set c=7 WHERE id IN ( 5939496, 62749, 3337247, 2921302, 2082194, 5735563, 7865442, 1090838, 9516554, 5255889)
	Update on sbtest8  (cost=0.43..48.53 rows=0 width=0)
	  ->  Index Scan using sbtest8_pkey on sbtest8  (cost=0.43..48.53 rows=10 width=490)
	        Index Cond: (id = ANY ('{5939496,62749,3337247,2921302,2082194,5735563,7865442,1090838,9516554,5255889}'::integer[]))

for update-inlist
table 1 : explain UPDATE sbtest1 set c=7 WHERE id IN ( 4908293, 5315810, 9967850, 3797434, 6267959, 1195851, 2432564, 5543952, 2038701, 7770779)
	Update on sbtest1  (cost=0.43..48.53 rows=0 width=0)
	  ->  Index Scan using sbtest1_pkey on sbtest1  (cost=0.43..48.53 rows=10 width=490)
	        Index Cond: (id = ANY ('{4908293,5315810,9967850,3797434,6267959,1195851,2432564,5543952,2038701,7770779}'::integer[]))

table 2 : explain UPDATE sbtest2 set c=7 WHERE id IN ( 4908293, 5315810, 9967850, 3797434, 6267959, 1195851, 2432564, 5543952, 2038701, 7770779)
	Update on sbtest2  (cost=0.43..48.53 rows=0 width=0)
	  ->  Index Scan using sbtest2_pkey on sbtest2  (cost=0.43..48.53 rows=10 width=490)
	        Index Cond: (id = ANY ('{4908293,5315810,9967850,3797434,6267959,1195851,2432564,5543952,2038701,7770779}'::integer[]))

table 3 : explain UPDATE sbtest3 set c=7 WHERE id IN ( 4908293, 5315810, 9967850, 3797434, 6267959, 1195851, 2432564, 5543952, 2038701, 7770779)
	Update on sbtest3  (cost=0.43..48.53 rows=0 width=0)
	  ->  Index Scan using sbtest3_pkey on sbtest3  (cost=0.43..48.53 rows=10 width=490)
	        Index Cond: (id = ANY ('{4908293,5315810,9967850,3797434,6267959,1195851,2432564,5543952,2038701,7770779}'::integer[]))

table 4 : explain UPDATE sbtest4 set c=7 WHERE id IN ( 4908293, 5315810, 9967850, 3797434, 6267959, 1195851, 2432564, 5543952, 2038701, 7770779)
	Update on sbtest4  (cost=0.43..48.53 rows=0 width=0)
	  ->  Index Scan using sbtest4_pkey on sbtest4  (cost=0.43..48.53 rows=10 width=490)
	        Index Cond: (id = ANY ('{4908293,5315810,9967850,3797434,6267959,1195851,2432564,5543952,2038701,7770779}'::integer[]))

table 5 : explain UPDATE sbtest5 set c=7 WHERE id IN ( 4908293, 5315810, 9967850, 3797434, 6267959, 1195851, 2432564, 5543952, 2038701, 7770779)
	Update on sbtest5  (cost=0.43..48.53 rows=0 width=0)
	  ->  Index Scan using sbtest5_pkey on sbtest5  (cost=0.43..48.53 rows=10 width=490)
	        Index Cond: (id = ANY ('{4908293,5315810,9967850,3797434,6267959,1195851,2432564,5543952,2038701,7770779}'::integer[]))

table 6 : explain UPDATE sbtest6 set c=7 WHERE id IN ( 4908293, 5315810, 9967850, 3797434, 6267959, 1195851, 2432564, 5543952, 2038701, 7770779)
	Update on sbtest6  (cost=0.43..48.53 rows=0 width=0)
	  ->  Index Scan using sbtest6_pkey on sbtest6  (cost=0.43..48.53 rows=10 width=490)
	        Index Cond: (id = ANY ('{4908293,5315810,9967850,3797434,6267959,1195851,2432564,5543952,2038701,7770779}'::integer[]))

table 7 : explain UPDATE sbtest7 set c=7 WHERE id IN ( 4908293, 5315810, 9967850, 3797434, 6267959, 1195851, 2432564, 5543952, 2038701, 7770779)
	Update on sbtest7  (cost=0.43..48.53 rows=0 width=0)
	  ->  Index Scan using sbtest7_pkey on sbtest7  (cost=0.43..48.53 rows=10 width=490)
	        Index Cond: (id = ANY ('{4908293,5315810,9967850,3797434,6267959,1195851,2432564,5543952,2038701,7770779}'::integer[]))

table 8 : explain UPDATE sbtest8 set c=7 WHERE id IN ( 4908293, 5315810, 9967850, 3797434, 6267959, 1195851, 2432564, 5543952, 2038701, 7770779)
	Update on sbtest8  (cost=0.43..48.53 rows=0 width=0)
	  ->  Index Scan using sbtest8_pkey on sbtest8  (cost=0.43..48.53 rows=10 width=490)
	        Index Cond: (id = ANY ('{4908293,5315810,9967850,3797434,6267959,1195851,2432564,5543952,2038701,7770779}'::integer[]))

explain: for update-inlist :: explain UPDATE sbtest%d set c=7 WHERE id IN ( 9716128, 9106537, 8652650, 9947363, 2913016, 9358093, 2945824, 8355817, 415790, 5123982)
explain: for update-inlist :: explain UPDATE sbtest%d set c=7 WHERE id IN ( 254015, 703060, 4847739, 2936664, 8941106, 7581683, 1426299, 3242473, 9394736, 3139064)
for update-inlist
table 1 : explain UPDATE sbtest1 set c=7 WHERE id IN ( 9716128, 9106537, 8652650, 9947363, 2913016, 9358093, 2945824, 8355817, 415790, 5123982)
	Update on sbtest1  (cost=0.43..48.53 rows=0 width=0)
	  ->  Index Scan using sbtest1_pkey on sbtest1  (cost=0.43..48.53 rows=10 width=490)
	        Index Cond: (id = ANY ('{9716128,9106537,8652650,9947363,2913016,9358093,2945824,8355817,415790,5123982}'::integer[]))

table 2 : explain UPDATE sbtest2 set c=7 WHERE id IN ( 9716128, 9106537, 8652650, 9947363, 2913016, 9358093, 2945824, 8355817, 415790, 5123982)
	Update on sbtest2  (cost=0.43..48.53 rows=0 width=0)
	  ->  Index Scan using sbtest2_pkey on sbtest2  (cost=0.43..48.53 rows=10 width=490)
	        Index Cond: (id = ANY ('{9716128,9106537,8652650,9947363,2913016,9358093,2945824,8355817,415790,5123982}'::integer[]))

table 3 : explain UPDATE sbtest3 set c=7 WHERE id IN ( 9716128, 9106537, 8652650, 9947363, 2913016, 9358093, 2945824, 8355817, 415790, 5123982)
	Update on sbtest3  (cost=0.43..48.53 rows=0 width=0)
	  ->  Index Scan using sbtest3_pkey on sbtest3  (cost=0.43..48.53 rows=10 width=490)
	        Index Cond: (id = ANY ('{9716128,9106537,8652650,9947363,2913016,9358093,2945824,8355817,415790,5123982}'::integer[]))

table 4 : explain UPDATE sbtest4 set c=7 WHERE id IN ( 9716128, 9106537, 8652650, 9947363, 2913016, 9358093, 2945824, 8355817, 415790, 5123982)
	Update on sbtest4  (cost=0.43..48.53 rows=0 width=0)
	  ->  Index Scan using sbtest4_pkey on sbtest4  (cost=0.43..48.53 rows=10 width=490)
	        Index Cond: (id = ANY ('{9716128,9106537,8652650,9947363,2913016,9358093,2945824,8355817,415790,5123982}'::integer[]))

table 5 : explain UPDATE sbtest5 set c=7 WHERE id IN ( 9716128, 9106537, 8652650, 9947363, 2913016, 9358093, 2945824, 8355817, 415790, 5123982)
	Update on sbtest5  (cost=0.43..48.53 rows=0 width=0)
	  ->  Index Scan using sbtest5_pkey on sbtest5  (cost=0.43..48.53 rows=10 width=490)
	        Index Cond: (id = ANY ('{9716128,9106537,8652650,9947363,2913016,9358093,2945824,8355817,415790,5123982}'::integer[]))

table 6 : explain UPDATE sbtest6 set c=7 WHERE id IN ( 9716128, 9106537, 8652650, 9947363, 2913016, 9358093, 2945824, 8355817, 415790, 5123982)
	Update on sbtest6  (cost=0.43..48.53 rows=0 width=0)
	  ->  Index Scan using sbtest6_pkey on sbtest6  (cost=0.43..48.53 rows=10 width=490)
	        Index Cond: (id = ANY ('{9716128,9106537,8652650,9947363,2913016,9358093,2945824,8355817,415790,5123982}'::integer[]))

table 7 : explain UPDATE sbtest7 set c=7 WHERE id IN ( 9716128, 9106537, 8652650, 9947363, 2913016, 9358093, 2945824, 8355817, 415790, 5123982)
	Update on sbtest7  (cost=0.43..48.53 rows=0 width=0)
	  ->  Index Scan using sbtest7_pkey on sbtest7  (cost=0.43..48.53 rows=10 width=490)
	        Index Cond: (id = ANY ('{9716128,9106537,8652650,9947363,2913016,9358093,2945824,8355817,415790,5123982}'::integer[]))

table 8 : explain UPDATE sbtest8 set c=7 WHERE id IN ( 9716128, 9106537, 8652650, 9947363, 2913016, 9358093, 2945824, 8355817, 415790, 5123982)
	Update on sbtest8  (cost=0.43..48.53 rows=0 width=0)
	  ->  Index Scan using sbtest8_pkey on sbtest8  (cost=0.43..48.53 rows=10 width=490)
	        Index Cond: (id = ANY ('{9716128,9106537,8652650,9947363,2913016,9358093,2945824,8355817,415790,5123982}'::integer[]))

for update-inlist
table 1 : explain UPDATE sbtest1 set c=7 WHERE id IN ( 254015, 703060, 4847739, 2936664, 8941106, 7581683, 1426299, 3242473, 9394736, 3139064)
	Update on sbtest1  (cost=0.43..48.53 rows=0 width=0)
	  ->  Index Scan using sbtest1_pkey on sbtest1  (cost=0.43..48.53 rows=10 width=490)
	        Index Cond: (id = ANY ('{254015,703060,4847739,2936664,8941106,7581683,1426299,3242473,9394736,3139064}'::integer[]))

table 2 : explain UPDATE sbtest2 set c=7 WHERE id IN ( 254015, 703060, 4847739, 2936664, 8941106, 7581683, 1426299, 3242473, 9394736, 3139064)
	Update on sbtest2  (cost=0.43..48.53 rows=0 width=0)
	  ->  Index Scan using sbtest2_pkey on sbtest2  (cost=0.43..48.53 rows=10 width=490)
	        Index Cond: (id = ANY ('{254015,703060,4847739,2936664,8941106,7581683,1426299,3242473,9394736,3139064}'::integer[]))

table 3 : explain UPDATE sbtest3 set c=7 WHERE id IN ( 254015, 703060, 4847739, 2936664, 8941106, 7581683, 1426299, 3242473, 9394736, 3139064)
	Update on sbtest3  (cost=0.43..48.53 rows=0 width=0)
	  ->  Index Scan using sbtest3_pkey on sbtest3  (cost=0.43..48.53 rows=10 width=490)
	        Index Cond: (id = ANY ('{254015,703060,4847739,2936664,8941106,7581683,1426299,3242473,9394736,3139064}'::integer[]))

table 4 : explain UPDATE sbtest4 set c=7 WHERE id IN ( 254015, 703060, 4847739, 2936664, 8941106, 7581683, 1426299, 3242473, 9394736, 3139064)
	Update on sbtest4  (cost=0.43..48.53 rows=0 width=0)
	  ->  Index Scan using sbtest4_pkey on sbtest4  (cost=0.43..48.53 rows=10 width=490)
	        Index Cond: (id = ANY ('{254015,703060,4847739,2936664,8941106,7581683,1426299,3242473,9394736,3139064}'::integer[]))

table 5 : explain UPDATE sbtest5 set c=7 WHERE id IN ( 254015, 703060, 4847739, 2936664, 8941106, 7581683, 1426299, 3242473, 9394736, 3139064)
	Update on sbtest5  (cost=0.43..48.53 rows=0 width=0)
	  ->  Index Scan using sbtest5_pkey on sbtest5  (cost=0.43..48.53 rows=10 width=490)
	        Index Cond: (id = ANY ('{254015,703060,4847739,2936664,8941106,7581683,1426299,3242473,9394736,3139064}'::integer[]))

table 6 : explain UPDATE sbtest6 set c=7 WHERE id IN ( 254015, 703060, 4847739, 2936664, 8941106, 7581683, 1426299, 3242473, 9394736, 3139064)
	Update on sbtest6  (cost=0.43..48.53 rows=0 width=0)
	  ->  Index Scan using sbtest6_pkey on sbtest6  (cost=0.43..48.53 rows=10 width=490)
	        Index Cond: (id = ANY ('{254015,703060,4847739,2936664,8941106,7581683,1426299,3242473,9394736,3139064}'::integer[]))

table 7 : explain UPDATE sbtest7 set c=7 WHERE id IN ( 254015, 703060, 4847739, 2936664, 8941106, 7581683, 1426299, 3242473, 9394736, 3139064)
	Update on sbtest7  (cost=0.43..48.53 rows=0 width=0)
	  ->  Index Scan using sbtest7_pkey on sbtest7  (cost=0.43..48.53 rows=10 width=490)
	        Index Cond: (id = ANY ('{254015,703060,4847739,2936664,8941106,7581683,1426299,3242473,9394736,3139064}'::integer[]))

table 8 : explain UPDATE sbtest8 set c=7 WHERE id IN ( 254015, 703060, 4847739, 2936664, 8941106, 7581683, 1426299, 3242473, 9394736, 3139064)
	Update on sbtest8  (cost=0.43..48.53 rows=0 width=0)
	  ->  Index Scan using sbtest8_pkey on sbtest8  (cost=0.43..48.53 rows=10 width=490)
	        Index Cond: (id = ANY ('{254015,703060,4847739,2936664,8941106,7581683,1426299,3242473,9394736,3139064}'::integer[]))

explain: for update-inlist :: explain UPDATE sbtest%d set c=7 WHERE id IN ( 8015551, 7459675, 5904672, 9725898, 6603732, 1931251, 3085919, 5465298, 9391281, 8478526)
explain: for update-inlist :: explain UPDATE sbtest%d set c=7 WHERE id IN ( 8418168, 982042, 5461362, 7881362, 1830657, 2288295, 1440399, 5035423, 3659888, 1733173)
explain: for update-inlist :: explain UPDATE sbtest%d set c=7 WHERE id IN ( 2574947, 6034284, 2686584, 9529798, 7967274, 7887371, 6619752, 6799439, 2818825, 3345474)
for update-inlist
table 1 : explain UPDATE sbtest1 set c=7 WHERE id IN ( 8015551, 7459675, 5904672, 9725898, 6603732, 1931251, 3085919, 5465298, 9391281, 8478526)
	Update on sbtest1  (cost=0.43..48.53 rows=0 width=0)
	  ->  Index Scan using sbtest1_pkey on sbtest1  (cost=0.43..48.53 rows=10 width=490)
	        Index Cond: (id = ANY ('{8015551,7459675,5904672,9725898,6603732,1931251,3085919,5465298,9391281,8478526}'::integer[]))

table 2 : explain UPDATE sbtest2 set c=7 WHERE id IN ( 8015551, 7459675, 5904672, 9725898, 6603732, 1931251, 3085919, 5465298, 9391281, 8478526)
	Update on sbtest2  (cost=0.43..48.53 rows=0 width=0)
	  ->  Index Scan using sbtest2_pkey on sbtest2  (cost=0.43..48.53 rows=10 width=490)
	        Index Cond: (id = ANY ('{8015551,7459675,5904672,9725898,6603732,1931251,3085919,5465298,9391281,8478526}'::integer[]))

table 3 : explain UPDATE sbtest3 set c=7 WHERE id IN ( 8015551, 7459675, 5904672, 9725898, 6603732, 1931251, 3085919, 5465298, 9391281, 8478526)
	Update on sbtest3  (cost=0.43..48.53 rows=0 width=0)
	  ->  Index Scan using sbtest3_pkey on sbtest3  (cost=0.43..48.53 rows=10 width=490)
	        Index Cond: (id = ANY ('{8015551,7459675,5904672,9725898,6603732,1931251,3085919,5465298,9391281,8478526}'::integer[]))

table 4 : explain UPDATE sbtest4 set c=7 WHERE id IN ( 8015551, 7459675, 5904672, 9725898, 6603732, 1931251, 3085919, 5465298, 9391281, 8478526)
	Update on sbtest4  (cost=0.43..48.53 rows=0 width=0)
	  ->  Index Scan using sbtest4_pkey on sbtest4  (cost=0.43..48.53 rows=10 width=490)
	        Index Cond: (id = ANY ('{8015551,7459675,5904672,9725898,6603732,1931251,3085919,5465298,9391281,8478526}'::integer[]))

table 5 : explain UPDATE sbtest5 set c=7 WHERE id IN ( 8015551, 7459675, 5904672, 9725898, 6603732, 1931251, 3085919, 5465298, 9391281, 8478526)
	Update on sbtest5  (cost=0.43..48.53 rows=0 width=0)
	  ->  Index Scan using sbtest5_pkey on sbtest5  (cost=0.43..48.53 rows=10 width=490)
	        Index Cond: (id = ANY ('{8015551,7459675,5904672,9725898,6603732,1931251,3085919,5465298,9391281,8478526}'::integer[]))

table 6 : explain UPDATE sbtest6 set c=7 WHERE id IN ( 8015551, 7459675, 5904672, 9725898, 6603732, 1931251, 3085919, 5465298, 9391281, 8478526)
	Update on sbtest6  (cost=0.43..48.53 rows=0 width=0)
	  ->  Index Scan using sbtest6_pkey on sbtest6  (cost=0.43..48.53 rows=10 width=490)
	        Index Cond: (id = ANY ('{8015551,7459675,5904672,9725898,6603732,1931251,3085919,5465298,9391281,8478526}'::integer[]))

table 7 : explain UPDATE sbtest7 set c=7 WHERE id IN ( 8015551, 7459675, 5904672, 9725898, 6603732, 1931251, 3085919, 5465298, 9391281, 8478526)
	Update on sbtest7  (cost=0.43..48.53 rows=0 width=0)
	  ->  Index Scan using sbtest7_pkey on sbtest7  (cost=0.43..48.53 rows=10 width=490)
	        Index Cond: (id = ANY ('{8015551,7459675,5904672,9725898,6603732,1931251,3085919,5465298,9391281,8478526}'::integer[]))

table 8 : explain UPDATE sbtest8 set c=7 WHERE id IN ( 8015551, 7459675, 5904672, 9725898, 6603732, 1931251, 3085919, 5465298, 9391281, 8478526)
	Update on sbtest8  (cost=0.43..48.53 rows=0 width=0)
	  ->  Index Scan using sbtest8_pkey on sbtest8  (cost=0.43..48.53 rows=10 width=490)
	        Index Cond: (id = ANY ('{8015551,7459675,5904672,9725898,6603732,1931251,3085919,5465298,9391281,8478526}'::integer[]))

for update-inlist
table 1 : explain UPDATE sbtest1 set c=7 WHERE id IN ( 8418168, 982042, 5461362, 7881362, 1830657, 2288295, 1440399, 5035423, 3659888, 1733173)
	Update on sbtest1  (cost=0.43..48.53 rows=0 width=0)
	  ->  Index Scan using sbtest1_pkey on sbtest1  (cost=0.43..48.53 rows=10 width=490)
	        Index Cond: (id = ANY ('{8418168,982042,5461362,7881362,1830657,2288295,1440399,5035423,3659888,1733173}'::integer[]))

table 2 : explain UPDATE sbtest2 set c=7 WHERE id IN ( 8418168, 982042, 5461362, 7881362, 1830657, 2288295, 1440399, 5035423, 3659888, 1733173)
	Update on sbtest2  (cost=0.43..48.53 rows=0 width=0)
	  ->  Index Scan using sbtest2_pkey on sbtest2  (cost=0.43..48.53 rows=10 width=490)
	        Index Cond: (id = ANY ('{8418168,982042,5461362,7881362,1830657,2288295,1440399,5035423,3659888,1733173}'::integer[]))

table 3 : explain UPDATE sbtest3 set c=7 WHERE id IN ( 8418168, 982042, 5461362, 7881362, 1830657, 2288295, 1440399, 5035423, 3659888, 1733173)
	Update on sbtest3  (cost=0.43..48.53 rows=0 width=0)
	  ->  Index Scan using sbtest3_pkey on sbtest3  (cost=0.43..48.53 rows=10 width=490)
	        Index Cond: (id = ANY ('{8418168,982042,5461362,7881362,1830657,2288295,1440399,5035423,3659888,1733173}'::integer[]))

table 4 : explain UPDATE sbtest4 set c=7 WHERE id IN ( 8418168, 982042, 5461362, 7881362, 1830657, 2288295, 1440399, 5035423, 3659888, 1733173)
	Update on sbtest4  (cost=0.43..48.53 rows=0 width=0)
	  ->  Index Scan using sbtest4_pkey on sbtest4  (cost=0.43..48.53 rows=10 width=490)
	        Index Cond: (id = ANY ('{8418168,982042,5461362,7881362,1830657,2288295,1440399,5035423,3659888,1733173}'::integer[]))

table 5 : explain UPDATE sbtest5 set c=7 WHERE id IN ( 8418168, 982042, 5461362, 7881362, 1830657, 2288295, 1440399, 5035423, 3659888, 1733173)
	Update on sbtest5  (cost=0.43..48.53 rows=0 width=0)
	  ->  Index Scan using sbtest5_pkey on sbtest5  (cost=0.43..48.53 rows=10 width=490)
	        Index Cond: (id = ANY ('{8418168,982042,5461362,7881362,1830657,2288295,1440399,5035423,3659888,1733173}'::integer[]))

table 6 : explain UPDATE sbtest6 set c=7 WHERE id IN ( 8418168, 982042, 5461362, 7881362, 1830657, 2288295, 1440399, 5035423, 3659888, 1733173)
	Update on sbtest6  (cost=0.43..48.53 rows=0 width=0)
	  ->  Index Scan using sbtest6_pkey on sbtest6  (cost=0.43..48.53 rows=10 width=490)
	        Index Cond: (id = ANY ('{8418168,982042,5461362,7881362,1830657,2288295,1440399,5035423,3659888,1733173}'::integer[]))

table 7 : explain UPDATE sbtest7 set c=7 WHERE id IN ( 8418168, 982042, 5461362, 7881362, 1830657, 2288295, 1440399, 5035423, 3659888, 1733173)
	Update on sbtest7  (cost=0.43..48.53 rows=0 width=0)
	  ->  Index Scan using sbtest7_pkey on sbtest7  (cost=0.43..48.53 rows=10 width=490)
	        Index Cond: (id = ANY ('{8418168,982042,5461362,7881362,1830657,2288295,1440399,5035423,3659888,1733173}'::integer[]))

table 8 : explain UPDATE sbtest8 set c=7 WHERE id IN ( 8418168, 982042, 5461362, 7881362, 1830657, 2288295, 1440399, 5035423, 3659888, 1733173)
	Update on sbtest8  (cost=0.43..48.53 rows=0 width=0)
	  ->  Index Scan using sbtest8_pkey on sbtest8  (cost=0.43..48.53 rows=10 width=490)
	        Index Cond: (id = ANY ('{8418168,982042,5461362,7881362,1830657,2288295,1440399,5035423,3659888,1733173}'::integer[]))

for update-inlist
table 1 : explain UPDATE sbtest1 set c=7 WHERE id IN ( 2574947, 6034284, 2686584, 9529798, 7967274, 7887371, 6619752, 6799439, 2818825, 3345474)
	Update on sbtest1  (cost=0.43..48.53 rows=0 width=0)
	  ->  Index Scan using sbtest1_pkey on sbtest1  (cost=0.43..48.53 rows=10 width=490)
	        Index Cond: (id = ANY ('{2574947,6034284,2686584,9529798,7967274,7887371,6619752,6799439,2818825,3345474}'::integer[]))

table 2 : explain UPDATE sbtest2 set c=7 WHERE id IN ( 2574947, 6034284, 2686584, 9529798, 7967274, 7887371, 6619752, 6799439, 2818825, 3345474)
	Update on sbtest2  (cost=0.43..48.53 rows=0 width=0)
	  ->  Index Scan using sbtest2_pkey on sbtest2  (cost=0.43..48.53 rows=10 width=490)
	        Index Cond: (id = ANY ('{2574947,6034284,2686584,9529798,7967274,7887371,6619752,6799439,2818825,3345474}'::integer[]))

table 3 : explain UPDATE sbtest3 set c=7 WHERE id IN ( 2574947, 6034284, 2686584, 9529798, 7967274, 7887371, 6619752, 6799439, 2818825, 3345474)
	Update on sbtest3  (cost=0.43..48.53 rows=0 width=0)
	  ->  Index Scan using sbtest3_pkey on sbtest3  (cost=0.43..48.53 rows=10 width=490)
	        Index Cond: (id = ANY ('{2574947,6034284,2686584,9529798,7967274,7887371,6619752,6799439,2818825,3345474}'::integer[]))

table 4 : explain UPDATE sbtest4 set c=7 WHERE id IN ( 2574947, 6034284, 2686584, 9529798, 7967274, 7887371, 6619752, 6799439, 2818825, 3345474)
	Update on sbtest4  (cost=0.43..48.53 rows=0 width=0)
	  ->  Index Scan using sbtest4_pkey on sbtest4  (cost=0.43..48.53 rows=10 width=490)
	        Index Cond: (id = ANY ('{2574947,6034284,2686584,9529798,7967274,7887371,6619752,6799439,2818825,3345474}'::integer[]))

table 5 : explain UPDATE sbtest5 set c=7 WHERE id IN ( 2574947, 6034284, 2686584, 9529798, 7967274, 7887371, 6619752, 6799439, 2818825, 3345474)
	Update on sbtest5  (cost=0.43..48.53 rows=0 width=0)
	  ->  Index Scan using sbtest5_pkey on sbtest5  (cost=0.43..48.53 rows=10 width=490)
	        Index Cond: (id = ANY ('{2574947,6034284,2686584,9529798,7967274,7887371,6619752,6799439,2818825,3345474}'::integer[]))

table 6 : explain UPDATE sbtest6 set c=7 WHERE id IN ( 2574947, 6034284, 2686584, 9529798, 7967274, 7887371, 6619752, 6799439, 2818825, 3345474)
	Update on sbtest6  (cost=0.43..48.53 rows=0 width=0)
	  ->  Index Scan using sbtest6_pkey on sbtest6  (cost=0.43..48.53 rows=10 width=490)
	        Index Cond: (id = ANY ('{2574947,6034284,2686584,9529798,7967274,7887371,6619752,6799439,2818825,3345474}'::integer[]))

table 7 : explain UPDATE sbtest7 set c=7 WHERE id IN ( 2574947, 6034284, 2686584, 9529798, 7967274, 7887371, 6619752, 6799439, 2818825, 3345474)
	Update on sbtest7  (cost=0.43..48.53 rows=0 width=0)
	  ->  Index Scan using sbtest7_pkey on sbtest7  (cost=0.43..48.53 rows=10 width=490)
	        Index Cond: (id = ANY ('{2574947,6034284,2686584,9529798,7967274,7887371,6619752,6799439,2818825,3345474}'::integer[]))

table 8 : explain UPDATE sbtest8 set c=7 WHERE id IN ( 2574947, 6034284, 2686584, 9529798, 7967274, 7887371, 6619752, 6799439, 2818825, 3345474)
	Update on sbtest8  (cost=0.43..48.53 rows=0 width=0)
	  ->  Index Scan using sbtest8_pkey on sbtest8  (cost=0.43..48.53 rows=10 width=490)
	        Index Cond: (id = ANY ('{2574947,6034284,2686584,9529798,7967274,7887371,6619752,6799439,2818825,3345474}'::integer[]))

explain: for update-inlist :: explain UPDATE sbtest%d set c=7 WHERE id IN ( 6518208, 8790819, 2428016, 8751390, 9887452, 3311935, 4967894, 1259310, 6615971, 4958023)
explain: for update-inlist :: explain UPDATE sbtest%d set c=7 WHERE id IN ( 9510015, 8152247, 2023497, 6740473, 5254023, 4235888, 2269112, 2611798, 8253429, 8639567)
explain: for update-inlist :: explain UPDATE sbtest%d set c=7 WHERE id IN ( 654933, 2595853, 7706004, 7984130, 8425776, 6059273, 3485522, 5900957, 570303, 4462243)
explain: for update-inlist :: explain UPDATE sbtest%d set c=7 WHERE id IN ( 4342044, 2889327, 6262243, 5270086, 1310383, 56959, 4387871, 2066166, 2209882, 644798)
explain: for update-inlist :: explain UPDATE sbtest%d set c=7 WHERE id IN ( 6990824, 1190667, 3310889, 2989803, 5047254, 6420620, 7966880, 1506248, 4264106, 5257277)
for update-inlist
table 1 : explain UPDATE sbtest1 set c=7 WHERE id IN ( 6518208, 8790819, 2428016, 8751390, 9887452, 3311935, 4967894, 1259310, 6615971, 4958023)
	Update on sbtest1  (cost=0.43..48.53 rows=0 width=0)
	  ->  Index Scan using sbtest1_pkey on sbtest1  (cost=0.43..48.53 rows=10 width=490)
	        Index Cond: (id = ANY ('{6518208,8790819,2428016,8751390,9887452,3311935,4967894,1259310,6615971,4958023}'::integer[]))

table 2 : explain UPDATE sbtest2 set c=7 WHERE id IN ( 6518208, 8790819, 2428016, 8751390, 9887452, 3311935, 4967894, 1259310, 6615971, 4958023)
	Update on sbtest2  (cost=0.43..48.53 rows=0 width=0)
	  ->  Index Scan using sbtest2_pkey on sbtest2  (cost=0.43..48.53 rows=10 width=490)
	        Index Cond: (id = ANY ('{6518208,8790819,2428016,8751390,9887452,3311935,4967894,1259310,6615971,4958023}'::integer[]))

table 3 : explain UPDATE sbtest3 set c=7 WHERE id IN ( 6518208, 8790819, 2428016, 8751390, 9887452, 3311935, 4967894, 1259310, 6615971, 4958023)
	Update on sbtest3  (cost=0.43..48.53 rows=0 width=0)
	  ->  Index Scan using sbtest3_pkey on sbtest3  (cost=0.43..48.53 rows=10 width=490)
	        Index Cond: (id = ANY ('{6518208,8790819,2428016,8751390,9887452,3311935,4967894,1259310,6615971,4958023}'::integer[]))

table 4 : explain UPDATE sbtest4 set c=7 WHERE id IN ( 6518208, 8790819, 2428016, 8751390, 9887452, 3311935, 4967894, 1259310, 6615971, 4958023)
	Update on sbtest4  (cost=0.43..48.53 rows=0 width=0)
	  ->  Index Scan using sbtest4_pkey on sbtest4  (cost=0.43..48.53 rows=10 width=490)
	        Index Cond: (id = ANY ('{6518208,8790819,2428016,8751390,9887452,3311935,4967894,1259310,6615971,4958023}'::integer[]))

table 5 : explain UPDATE sbtest5 set c=7 WHERE id IN ( 6518208, 8790819, 2428016, 8751390, 9887452, 3311935, 4967894, 1259310, 6615971, 4958023)
	Update on sbtest5  (cost=0.43..48.53 rows=0 width=0)
	  ->  Index Scan using sbtest5_pkey on sbtest5  (cost=0.43..48.53 rows=10 width=490)
	        Index Cond: (id = ANY ('{6518208,8790819,2428016,8751390,9887452,3311935,4967894,1259310,6615971,4958023}'::integer[]))

table 6 : explain UPDATE sbtest6 set c=7 WHERE id IN ( 6518208, 8790819, 2428016, 8751390, 9887452, 3311935, 4967894, 1259310, 6615971, 4958023)
	Update on sbtest6  (cost=0.43..48.53 rows=0 width=0)
	  ->  Index Scan using sbtest6_pkey on sbtest6  (cost=0.43..48.53 rows=10 width=490)
	        Index Cond: (id = ANY ('{6518208,8790819,2428016,8751390,9887452,3311935,4967894,1259310,6615971,4958023}'::integer[]))

table 7 : explain UPDATE sbtest7 set c=7 WHERE id IN ( 6518208, 8790819, 2428016, 8751390, 9887452, 3311935, 4967894, 1259310, 6615971, 4958023)
	Update on sbtest7  (cost=0.43..48.53 rows=0 width=0)
	  ->  Index Scan using sbtest7_pkey on sbtest7  (cost=0.43..48.53 rows=10 width=490)
	        Index Cond: (id = ANY ('{6518208,8790819,2428016,8751390,9887452,3311935,4967894,1259310,6615971,4958023}'::integer[]))

table 8 : explain UPDATE sbtest8 set c=7 WHERE id IN ( 6518208, 8790819, 2428016, 8751390, 9887452, 3311935, 4967894, 1259310, 6615971, 4958023)
	Update on sbtest8  (cost=0.43..48.53 rows=0 width=0)
	  ->  Index Scan using sbtest8_pkey on sbtest8  (cost=0.43..48.53 rows=10 width=490)
	        Index Cond: (id = ANY ('{6518208,8790819,2428016,8751390,9887452,3311935,4967894,1259310,6615971,4958023}'::integer[]))

for update-inlist
table 1 : explain UPDATE sbtest1 set c=7 WHERE id IN ( 9510015, 8152247, 2023497, 6740473, 5254023, 4235888, 2269112, 2611798, 8253429, 8639567)
	Update on sbtest1  (cost=0.43..48.53 rows=0 width=0)
	  ->  Index Scan using sbtest1_pkey on sbtest1  (cost=0.43..48.53 rows=10 width=490)
	        Index Cond: (id = ANY ('{9510015,8152247,2023497,6740473,5254023,4235888,2269112,2611798,8253429,8639567}'::integer[]))

table 2 : explain UPDATE sbtest2 set c=7 WHERE id IN ( 9510015, 8152247, 2023497, 6740473, 5254023, 4235888, 2269112, 2611798, 8253429, 8639567)
	Update on sbtest2  (cost=0.43..48.53 rows=0 width=0)
	  ->  Index Scan using sbtest2_pkey on sbtest2  (cost=0.43..48.53 rows=10 width=490)
	        Index Cond: (id = ANY ('{9510015,8152247,2023497,6740473,5254023,4235888,2269112,2611798,8253429,8639567}'::integer[]))

table 3 : explain UPDATE sbtest3 set c=7 WHERE id IN ( 9510015, 8152247, 2023497, 6740473, 5254023, 4235888, 2269112, 2611798, 8253429, 8639567)
	Update on sbtest3  (cost=0.43..48.53 rows=0 width=0)
	  ->  Index Scan using sbtest3_pkey on sbtest3  (cost=0.43..48.53 rows=10 width=490)
	        Index Cond: (id = ANY ('{9510015,8152247,2023497,6740473,5254023,4235888,2269112,2611798,8253429,8639567}'::integer[]))

table 4 : explain UPDATE sbtest4 set c=7 WHERE id IN ( 9510015, 8152247, 2023497, 6740473, 5254023, 4235888, 2269112, 2611798, 8253429, 8639567)
	Update on sbtest4  (cost=0.43..48.53 rows=0 width=0)
	  ->  Index Scan using sbtest4_pkey on sbtest4  (cost=0.43..48.53 rows=10 width=490)
	        Index Cond: (id = ANY ('{9510015,8152247,2023497,6740473,5254023,4235888,2269112,2611798,8253429,8639567}'::integer[]))

table 5 : explain UPDATE sbtest5 set c=7 WHERE id IN ( 9510015, 8152247, 2023497, 6740473, 5254023, 4235888, 2269112, 2611798, 8253429, 8639567)
	Update on sbtest5  (cost=0.43..48.53 rows=0 width=0)
	  ->  Index Scan using sbtest5_pkey on sbtest5  (cost=0.43..48.53 rows=10 width=490)
	        Index Cond: (id = ANY ('{9510015,8152247,2023497,6740473,5254023,4235888,2269112,2611798,8253429,8639567}'::integer[]))

table 6 : explain UPDATE sbtest6 set c=7 WHERE id IN ( 9510015, 8152247, 2023497, 6740473, 5254023, 4235888, 2269112, 2611798, 8253429, 8639567)
	Update on sbtest6  (cost=0.43..48.53 rows=0 width=0)
	  ->  Index Scan using sbtest6_pkey on sbtest6  (cost=0.43..48.53 rows=10 width=490)
	        Index Cond: (id = ANY ('{9510015,8152247,2023497,6740473,5254023,4235888,2269112,2611798,8253429,8639567}'::integer[]))

table 7 : explain UPDATE sbtest7 set c=7 WHERE id IN ( 9510015, 8152247, 2023497, 6740473, 5254023, 4235888, 2269112, 2611798, 8253429, 8639567)
	Update on sbtest7  (cost=0.43..48.53 rows=0 width=0)
	  ->  Index Scan using sbtest7_pkey on sbtest7  (cost=0.43..48.53 rows=10 width=490)
	        Index Cond: (id = ANY ('{9510015,8152247,2023497,6740473,5254023,4235888,2269112,2611798,8253429,8639567}'::integer[]))

table 8 : explain UPDATE sbtest8 set c=7 WHERE id IN ( 9510015, 8152247, 2023497, 6740473, 5254023, 4235888, 2269112, 2611798, 8253429, 8639567)
	Update on sbtest8  (cost=0.43..48.53 rows=0 width=0)
	  ->  Index Scan using sbtest8_pkey on sbtest8  (cost=0.43..48.53 rows=10 width=490)
	        Index Cond: (id = ANY ('{9510015,8152247,2023497,6740473,5254023,4235888,2269112,2611798,8253429,8639567}'::integer[]))

explain: for update-inlist :: explain UPDATE sbtest%d set c=7 WHERE id IN ( 6019288, 3901479, 4217308, 2687493, 9948167, 2448184, 4396823, 3871347, 6598086, 530202)
explain: for update-inlist :: explain UPDATE sbtest%d set c=7 WHERE id IN ( 7889215, 2962411, 8236444, 2791055, 5366983, 4899516, 6780393, 8187664, 9842813, 6145292)
for update-inlist
table 1 : explain UPDATE sbtest1 set c=7 WHERE id IN ( 654933, 2595853, 7706004, 7984130, 8425776, 6059273, 3485522, 5900957, 570303, 4462243)
	Update on sbtest1  (cost=0.43..48.53 rows=0 width=0)
	  ->  Index Scan using sbtest1_pkey on sbtest1  (cost=0.43..48.53 rows=10 width=490)
	        Index Cond: (id = ANY ('{654933,2595853,7706004,7984130,8425776,6059273,3485522,5900957,570303,4462243}'::integer[]))

table 2 : explain UPDATE sbtest2 set c=7 WHERE id IN ( 654933, 2595853, 7706004, 7984130, 8425776, 6059273, 3485522, 5900957, 570303, 4462243)
	Update on sbtest2  (cost=0.43..48.53 rows=0 width=0)
	  ->  Index Scan using sbtest2_pkey on sbtest2  (cost=0.43..48.53 rows=10 width=490)
	        Index Cond: (id = ANY ('{654933,2595853,7706004,7984130,8425776,6059273,3485522,5900957,570303,4462243}'::integer[]))

table 3 : explain UPDATE sbtest3 set c=7 WHERE id IN ( 654933, 2595853, 7706004, 7984130, 8425776, 6059273, 3485522, 5900957, 570303, 4462243)
	Update on sbtest3  (cost=0.43..48.53 rows=0 width=0)
	  ->  Index Scan using sbtest3_pkey on sbtest3  (cost=0.43..48.53 rows=10 width=490)
	        Index Cond: (id = ANY ('{654933,2595853,7706004,7984130,8425776,6059273,3485522,5900957,570303,4462243}'::integer[]))

table 4 : explain UPDATE sbtest4 set c=7 WHERE id IN ( 654933, 2595853, 7706004, 7984130, 8425776, 6059273, 3485522, 5900957, 570303, 4462243)
	Update on sbtest4  (cost=0.43..48.53 rows=0 width=0)
	  ->  Index Scan using sbtest4_pkey on sbtest4  (cost=0.43..48.53 rows=10 width=490)
	        Index Cond: (id = ANY ('{654933,2595853,7706004,7984130,8425776,6059273,3485522,5900957,570303,4462243}'::integer[]))

table 5 : explain UPDATE sbtest5 set c=7 WHERE id IN ( 654933, 2595853, 7706004, 7984130, 8425776, 6059273, 3485522, 5900957, 570303, 4462243)
	Update on sbtest5  (cost=0.43..48.53 rows=0 width=0)
	  ->  Index Scan using sbtest5_pkey on sbtest5  (cost=0.43..48.53 rows=10 width=490)
	        Index Cond: (id = ANY ('{654933,2595853,7706004,7984130,8425776,6059273,3485522,5900957,570303,4462243}'::integer[]))

table 6 : explain UPDATE sbtest6 set c=7 WHERE id IN ( 654933, 2595853, 7706004, 7984130, 8425776, 6059273, 3485522, 5900957, 570303, 4462243)
	Update on sbtest6  (cost=0.43..48.53 rows=0 width=0)
	  ->  Index Scan using sbtest6_pkey on sbtest6  (cost=0.43..48.53 rows=10 width=490)
	        Index Cond: (id = ANY ('{654933,2595853,7706004,7984130,8425776,6059273,3485522,5900957,570303,4462243}'::integer[]))

table 7 : explain UPDATE sbtest7 set c=7 WHERE id IN ( 654933, 2595853, 7706004, 7984130, 8425776, 6059273, 3485522, 5900957, 570303, 4462243)
	Update on sbtest7  (cost=0.43..48.53 rows=0 width=0)
	  ->  Index Scan using sbtest7_pkey on sbtest7  (cost=0.43..48.53 rows=10 width=490)
	        Index Cond: (id = ANY ('{654933,2595853,7706004,7984130,8425776,6059273,3485522,5900957,570303,4462243}'::integer[]))

table 8 : explain UPDATE sbtest8 set c=7 WHERE id IN ( 654933, 2595853, 7706004, 7984130, 8425776, 6059273, 3485522, 5900957, 570303, 4462243)
	Update on sbtest8  (cost=0.43..48.53 rows=0 width=0)
	  ->  Index Scan using sbtest8_pkey on sbtest8  (cost=0.43..48.53 rows=10 width=490)
	        Index Cond: (id = ANY ('{654933,2595853,7706004,7984130,8425776,6059273,3485522,5900957,570303,4462243}'::integer[]))

for update-inlist
table 1 : explain UPDATE sbtest1 set c=7 WHERE id IN ( 4342044, 2889327, 6262243, 5270086, 1310383, 56959, 4387871, 2066166, 2209882, 644798)
	Update on sbtest1  (cost=0.43..48.53 rows=0 width=0)
	  ->  Index Scan using sbtest1_pkey on sbtest1  (cost=0.43..48.53 rows=10 width=490)
	        Index Cond: (id = ANY ('{4342044,2889327,6262243,5270086,1310383,56959,4387871,2066166,2209882,644798}'::integer[]))

table 2 : explain UPDATE sbtest2 set c=7 WHERE id IN ( 4342044, 2889327, 6262243, 5270086, 1310383, 56959, 4387871, 2066166, 2209882, 644798)
	Update on sbtest2  (cost=0.43..48.53 rows=0 width=0)
	  ->  Index Scan using sbtest2_pkey on sbtest2  (cost=0.43..48.53 rows=10 width=490)
	        Index Cond: (id = ANY ('{4342044,2889327,6262243,5270086,1310383,56959,4387871,2066166,2209882,644798}'::integer[]))

table 3 : explain UPDATE sbtest3 set c=7 WHERE id IN ( 4342044, 2889327, 6262243, 5270086, 1310383, 56959, 4387871, 2066166, 2209882, 644798)
	Update on sbtest3  (cost=0.43..48.53 rows=0 width=0)
	  ->  Index Scan using sbtest3_pkey on sbtest3  (cost=0.43..48.53 rows=10 width=490)
	        Index Cond: (id = ANY ('{4342044,2889327,6262243,5270086,1310383,56959,4387871,2066166,2209882,644798}'::integer[]))

table 4 : explain UPDATE sbtest4 set c=7 WHERE id IN ( 4342044, 2889327, 6262243, 5270086, 1310383, 56959, 4387871, 2066166, 2209882, 644798)
	Update on sbtest4  (cost=0.43..48.53 rows=0 width=0)
	  ->  Index Scan using sbtest4_pkey on sbtest4  (cost=0.43..48.53 rows=10 width=490)
	        Index Cond: (id = ANY ('{4342044,2889327,6262243,5270086,1310383,56959,4387871,2066166,2209882,644798}'::integer[]))

table 5 : explain UPDATE sbtest5 set c=7 WHERE id IN ( 4342044, 2889327, 6262243, 5270086, 1310383, 56959, 4387871, 2066166, 2209882, 644798)
	Update on sbtest5  (cost=0.43..48.53 rows=0 width=0)
	  ->  Index Scan using sbtest5_pkey on sbtest5  (cost=0.43..48.53 rows=10 width=490)
	        Index Cond: (id = ANY ('{4342044,2889327,6262243,5270086,1310383,56959,4387871,2066166,2209882,644798}'::integer[]))

table 6 : explain UPDATE sbtest6 set c=7 WHERE id IN ( 4342044, 2889327, 6262243, 5270086, 1310383, 56959, 4387871, 2066166, 2209882, 644798)
	Update on sbtest6  (cost=0.43..48.53 rows=0 width=0)
	  ->  Index Scan using sbtest6_pkey on sbtest6  (cost=0.43..48.53 rows=10 width=490)
	        Index Cond: (id = ANY ('{4342044,2889327,6262243,5270086,1310383,56959,4387871,2066166,2209882,644798}'::integer[]))

table 7 : explain UPDATE sbtest7 set c=7 WHERE id IN ( 4342044, 2889327, 6262243, 5270086, 1310383, 56959, 4387871, 2066166, 2209882, 644798)
	Update on sbtest7  (cost=0.43..48.53 rows=0 width=0)
	  ->  Index Scan using sbtest7_pkey on sbtest7  (cost=0.43..48.53 rows=10 width=490)
	        Index Cond: (id = ANY ('{4342044,2889327,6262243,5270086,1310383,56959,4387871,2066166,2209882,644798}'::integer[]))

table 8 : explain UPDATE sbtest8 set c=7 WHERE id IN ( 4342044, 2889327, 6262243, 5270086, 1310383, 56959, 4387871, 2066166, 2209882, 644798)
	Update on sbtest8  (cost=0.43..48.53 rows=0 width=0)
	  ->  Index Scan using sbtest8_pkey on sbtest8  (cost=0.43..48.53 rows=10 width=490)
	        Index Cond: (id = ANY ('{4342044,2889327,6262243,5270086,1310383,56959,4387871,2066166,2209882,644798}'::integer[]))

explain: for update-inlist :: explain UPDATE sbtest%d set c=7 WHERE id IN ( 1933123, 3629350, 5219630, 5688410, 3936366, 6036998, 1896879, 9585645, 3751801, 6290496)
for update-inlist
table 1 : explain UPDATE sbtest1 set c=7 WHERE id IN ( 6019288, 3901479, 4217308, 2687493, 9948167, 2448184, 4396823, 3871347, 6598086, 530202)
	Update on sbtest1  (cost=0.43..48.53 rows=0 width=0)
	  ->  Index Scan using sbtest1_pkey on sbtest1  (cost=0.43..48.53 rows=10 width=490)
	        Index Cond: (id = ANY ('{6019288,3901479,4217308,2687493,9948167,2448184,4396823,3871347,6598086,530202}'::integer[]))

table 2 : explain UPDATE sbtest2 set c=7 WHERE id IN ( 6019288, 3901479, 4217308, 2687493, 9948167, 2448184, 4396823, 3871347, 6598086, 530202)
	Update on sbtest2  (cost=0.43..48.53 rows=0 width=0)
	  ->  Index Scan using sbtest2_pkey on sbtest2  (cost=0.43..48.53 rows=10 width=490)
	        Index Cond: (id = ANY ('{6019288,3901479,4217308,2687493,9948167,2448184,4396823,3871347,6598086,530202}'::integer[]))

table 3 : explain UPDATE sbtest3 set c=7 WHERE id IN ( 6019288, 3901479, 4217308, 2687493, 9948167, 2448184, 4396823, 3871347, 6598086, 530202)
	Update on sbtest3  (cost=0.43..48.53 rows=0 width=0)
	  ->  Index Scan using sbtest3_pkey on sbtest3  (cost=0.43..48.53 rows=10 width=490)
	        Index Cond: (id = ANY ('{6019288,3901479,4217308,2687493,9948167,2448184,4396823,3871347,6598086,530202}'::integer[]))

table 4 : explain UPDATE sbtest4 set c=7 WHERE id IN ( 6019288, 3901479, 4217308, 2687493, 9948167, 2448184, 4396823, 3871347, 6598086, 530202)
	Update on sbtest4  (cost=0.43..48.53 rows=0 width=0)
	  ->  Index Scan using sbtest4_pkey on sbtest4  (cost=0.43..48.53 rows=10 width=490)
	        Index Cond: (id = ANY ('{6019288,3901479,4217308,2687493,9948167,2448184,4396823,3871347,6598086,530202}'::integer[]))

table 5 : explain UPDATE sbtest5 set c=7 WHERE id IN ( 6019288, 3901479, 4217308, 2687493, 9948167, 2448184, 4396823, 3871347, 6598086, 530202)
	Update on sbtest5  (cost=0.43..48.53 rows=0 width=0)
	  ->  Index Scan using sbtest5_pkey on sbtest5  (cost=0.43..48.53 rows=10 width=490)
	        Index Cond: (id = ANY ('{6019288,3901479,4217308,2687493,9948167,2448184,4396823,3871347,6598086,530202}'::integer[]))

table 6 : explain UPDATE sbtest6 set c=7 WHERE id IN ( 6019288, 3901479, 4217308, 2687493, 9948167, 2448184, 4396823, 3871347, 6598086, 530202)
	Update on sbtest6  (cost=0.43..48.53 rows=0 width=0)
	  ->  Index Scan using sbtest6_pkey on sbtest6  (cost=0.43..48.53 rows=10 width=490)
	        Index Cond: (id = ANY ('{6019288,3901479,4217308,2687493,9948167,2448184,4396823,3871347,6598086,530202}'::integer[]))

table 7 : explain UPDATE sbtest7 set c=7 WHERE id IN ( 6019288, 3901479, 4217308, 2687493, 9948167, 2448184, 4396823, 3871347, 6598086, 530202)
	Update on sbtest7  (cost=0.43..48.53 rows=0 width=0)
	  ->  Index Scan using sbtest7_pkey on sbtest7  (cost=0.43..48.53 rows=10 width=490)
	        Index Cond: (id = ANY ('{6019288,3901479,4217308,2687493,9948167,2448184,4396823,3871347,6598086,530202}'::integer[]))

table 8 : explain UPDATE sbtest8 set c=7 WHERE id IN ( 6019288, 3901479, 4217308, 2687493, 9948167, 2448184, 4396823, 3871347, 6598086, 530202)
	Update on sbtest8  (cost=0.43..48.53 rows=0 width=0)
	  ->  Index Scan using sbtest8_pkey on sbtest8  (cost=0.43..48.53 rows=10 width=490)
	        Index Cond: (id = ANY ('{6019288,3901479,4217308,2687493,9948167,2448184,4396823,3871347,6598086,530202}'::integer[]))

for update-inlist
table 1 : explain UPDATE sbtest1 set c=7 WHERE id IN ( 6990824, 1190667, 3310889, 2989803, 5047254, 6420620, 7966880, 1506248, 4264106, 5257277)
	Update on sbtest1  (cost=0.43..48.53 rows=0 width=0)
	  ->  Index Scan using sbtest1_pkey on sbtest1  (cost=0.43..48.53 rows=10 width=490)
	        Index Cond: (id = ANY ('{6990824,1190667,3310889,2989803,5047254,6420620,7966880,1506248,4264106,5257277}'::integer[]))

table 2 : explain UPDATE sbtest2 set c=7 WHERE id IN ( 6990824, 1190667, 3310889, 2989803, 5047254, 6420620, 7966880, 1506248, 4264106, 5257277)
	Update on sbtest2  (cost=0.43..48.53 rows=0 width=0)
	  ->  Index Scan using sbtest2_pkey on sbtest2  (cost=0.43..48.53 rows=10 width=490)
	        Index Cond: (id = ANY ('{6990824,1190667,3310889,2989803,5047254,6420620,7966880,1506248,4264106,5257277}'::integer[]))

table 3 : explain UPDATE sbtest3 set c=7 WHERE id IN ( 6990824, 1190667, 3310889, 2989803, 5047254, 6420620, 7966880, 1506248, 4264106, 5257277)
	Update on sbtest3  (cost=0.43..48.53 rows=0 width=0)
	  ->  Index Scan using sbtest3_pkey on sbtest3  (cost=0.43..48.53 rows=10 width=490)
	        Index Cond: (id = ANY ('{6990824,1190667,3310889,2989803,5047254,6420620,7966880,1506248,4264106,5257277}'::integer[]))

table 4 : explain UPDATE sbtest4 set c=7 WHERE id IN ( 6990824, 1190667, 3310889, 2989803, 5047254, 6420620, 7966880, 1506248, 4264106, 5257277)
	Update on sbtest4  (cost=0.43..48.53 rows=0 width=0)
	  ->  Index Scan using sbtest4_pkey on sbtest4  (cost=0.43..48.53 rows=10 width=490)
	        Index Cond: (id = ANY ('{6990824,1190667,3310889,2989803,5047254,6420620,7966880,1506248,4264106,5257277}'::integer[]))

table 5 : explain UPDATE sbtest5 set c=7 WHERE id IN ( 6990824, 1190667, 3310889, 2989803, 5047254, 6420620, 7966880, 1506248, 4264106, 5257277)
	Update on sbtest5  (cost=0.43..48.53 rows=0 width=0)
	  ->  Index Scan using sbtest5_pkey on sbtest5  (cost=0.43..48.53 rows=10 width=490)
	        Index Cond: (id = ANY ('{6990824,1190667,3310889,2989803,5047254,6420620,7966880,1506248,4264106,5257277}'::integer[]))

table 6 : explain UPDATE sbtest6 set c=7 WHERE id IN ( 6990824, 1190667, 3310889, 2989803, 5047254, 6420620, 7966880, 1506248, 4264106, 5257277)
	Update on sbtest6  (cost=0.43..48.53 rows=0 width=0)
	  ->  Index Scan using sbtest6_pkey on sbtest6  (cost=0.43..48.53 rows=10 width=490)
	        Index Cond: (id = ANY ('{6990824,1190667,3310889,2989803,5047254,6420620,7966880,1506248,4264106,5257277}'::integer[]))

table 7 : explain UPDATE sbtest7 set c=7 WHERE id IN ( 6990824, 1190667, 3310889, 2989803, 5047254, 6420620, 7966880, 1506248, 4264106, 5257277)
	Update on sbtest7  (cost=0.43..48.53 rows=0 width=0)
	  ->  Index Scan using sbtest7_pkey on sbtest7  (cost=0.43..48.53 rows=10 width=490)
	        Index Cond: (id = ANY ('{6990824,1190667,3310889,2989803,5047254,6420620,7966880,1506248,4264106,5257277}'::integer[]))

table 8 : explain UPDATE sbtest8 set c=7 WHERE id IN ( 6990824, 1190667, 3310889, 2989803, 5047254, 6420620, 7966880, 1506248, 4264106, 5257277)
	Update on sbtest8  (cost=0.43..48.53 rows=0 width=0)
	  ->  Index Scan using sbtest8_pkey on sbtest8  (cost=0.43..48.53 rows=10 width=490)
	        Index Cond: (id = ANY ('{6990824,1190667,3310889,2989803,5047254,6420620,7966880,1506248,4264106,5257277}'::integer[]))

for update-inlist
table 1 : explain UPDATE sbtest1 set c=7 WHERE id IN ( 7889215, 2962411, 8236444, 2791055, 5366983, 4899516, 6780393, 8187664, 9842813, 6145292)
	Update on sbtest1  (cost=0.43..48.53 rows=0 width=0)
	  ->  Index Scan using sbtest1_pkey on sbtest1  (cost=0.43..48.53 rows=10 width=490)
	        Index Cond: (id = ANY ('{7889215,2962411,8236444,2791055,5366983,4899516,6780393,8187664,9842813,6145292}'::integer[]))

table 2 : explain UPDATE sbtest2 set c=7 WHERE id IN ( 7889215, 2962411, 8236444, 2791055, 5366983, 4899516, 6780393, 8187664, 9842813, 6145292)
	Update on sbtest2  (cost=0.43..48.53 rows=0 width=0)
	  ->  Index Scan using sbtest2_pkey on sbtest2  (cost=0.43..48.53 rows=10 width=490)
	        Index Cond: (id = ANY ('{7889215,2962411,8236444,2791055,5366983,4899516,6780393,8187664,9842813,6145292}'::integer[]))

table 3 : explain UPDATE sbtest3 set c=7 WHERE id IN ( 7889215, 2962411, 8236444, 2791055, 5366983, 4899516, 6780393, 8187664, 9842813, 6145292)
	Update on sbtest3  (cost=0.43..48.53 rows=0 width=0)
	  ->  Index Scan using sbtest3_pkey on sbtest3  (cost=0.43..48.53 rows=10 width=490)
	        Index Cond: (id = ANY ('{7889215,2962411,8236444,2791055,5366983,4899516,6780393,8187664,9842813,6145292}'::integer[]))

table 4 : explain UPDATE sbtest4 set c=7 WHERE id IN ( 7889215, 2962411, 8236444, 2791055, 5366983, 4899516, 6780393, 8187664, 9842813, 6145292)
	Update on sbtest4  (cost=0.43..48.53 rows=0 width=0)
	  ->  Index Scan using sbtest4_pkey on sbtest4  (cost=0.43..48.53 rows=10 width=490)
	        Index Cond: (id = ANY ('{7889215,2962411,8236444,2791055,5366983,4899516,6780393,8187664,9842813,6145292}'::integer[]))

table 5 : explain UPDATE sbtest5 set c=7 WHERE id IN ( 7889215, 2962411, 8236444, 2791055, 5366983, 4899516, 6780393, 8187664, 9842813, 6145292)
	Update on sbtest5  (cost=0.43..48.53 rows=0 width=0)
	  ->  Index Scan using sbtest5_pkey on sbtest5  (cost=0.43..48.53 rows=10 width=490)
	        Index Cond: (id = ANY ('{7889215,2962411,8236444,2791055,5366983,4899516,6780393,8187664,9842813,6145292}'::integer[]))

table 6 : explain UPDATE sbtest6 set c=7 WHERE id IN ( 7889215, 2962411, 8236444, 2791055, 5366983, 4899516, 6780393, 8187664, 9842813, 6145292)
	Update on sbtest6  (cost=0.43..48.53 rows=0 width=0)
	  ->  Index Scan using sbtest6_pkey on sbtest6  (cost=0.43..48.53 rows=10 width=490)
	        Index Cond: (id = ANY ('{7889215,2962411,8236444,2791055,5366983,4899516,6780393,8187664,9842813,6145292}'::integer[]))

table 7 : explain UPDATE sbtest7 set c=7 WHERE id IN ( 7889215, 2962411, 8236444, 2791055, 5366983, 4899516, 6780393, 8187664, 9842813, 6145292)
	Update on sbtest7  (cost=0.43..48.53 rows=0 width=0)
	  ->  Index Scan using sbtest7_pkey on sbtest7  (cost=0.43..48.53 rows=10 width=490)
	        Index Cond: (id = ANY ('{7889215,2962411,8236444,2791055,5366983,4899516,6780393,8187664,9842813,6145292}'::integer[]))

table 8 : explain UPDATE sbtest8 set c=7 WHERE id IN ( 7889215, 2962411, 8236444, 2791055, 5366983, 4899516, 6780393, 8187664, 9842813, 6145292)
	Update on sbtest8  (cost=0.43..48.53 rows=0 width=0)
	  ->  Index Scan using sbtest8_pkey on sbtest8  (cost=0.43..48.53 rows=10 width=490)
	        Index Cond: (id = ANY ('{7889215,2962411,8236444,2791055,5366983,4899516,6780393,8187664,9842813,6145292}'::integer[]))

explain: for update-inlist :: explain UPDATE sbtest%d set c=7 WHERE id IN ( 9042880, 6485851, 9626977, 1568243, 4547685, 2945720, 2290024, 6467148, 3241546, 3106709)
for update-inlist
table 1 : explain UPDATE sbtest1 set c=7 WHERE id IN ( 1933123, 3629350, 5219630, 5688410, 3936366, 6036998, 1896879, 9585645, 3751801, 6290496)
	Update on sbtest1  (cost=0.43..48.53 rows=0 width=0)
	  ->  Index Scan using sbtest1_pkey on sbtest1  (cost=0.43..48.53 rows=10 width=490)
	        Index Cond: (id = ANY ('{1933123,3629350,5219630,5688410,3936366,6036998,1896879,9585645,3751801,6290496}'::integer[]))

table 2 : explain UPDATE sbtest2 set c=7 WHERE id IN ( 1933123, 3629350, 5219630, 5688410, 3936366, 6036998, 1896879, 9585645, 3751801, 6290496)
	Update on sbtest2  (cost=0.43..48.53 rows=0 width=0)
	  ->  Index Scan using sbtest2_pkey on sbtest2  (cost=0.43..48.53 rows=10 width=490)
	        Index Cond: (id = ANY ('{1933123,3629350,5219630,5688410,3936366,6036998,1896879,9585645,3751801,6290496}'::integer[]))

table 3 : explain UPDATE sbtest3 set c=7 WHERE id IN ( 1933123, 3629350, 5219630, 5688410, 3936366, 6036998, 1896879, 9585645, 3751801, 6290496)
	Update on sbtest3  (cost=0.43..48.53 rows=0 width=0)
	  ->  Index Scan using sbtest3_pkey on sbtest3  (cost=0.43..48.53 rows=10 width=490)
	        Index Cond: (id = ANY ('{1933123,3629350,5219630,5688410,3936366,6036998,1896879,9585645,3751801,6290496}'::integer[]))

table 4 : explain UPDATE sbtest4 set c=7 WHERE id IN ( 1933123, 3629350, 5219630, 5688410, 3936366, 6036998, 1896879, 9585645, 3751801, 6290496)
	Update on sbtest4  (cost=0.43..48.53 rows=0 width=0)
	  ->  Index Scan using sbtest4_pkey on sbtest4  (cost=0.43..48.53 rows=10 width=490)
	        Index Cond: (id = ANY ('{1933123,3629350,5219630,5688410,3936366,6036998,1896879,9585645,3751801,6290496}'::integer[]))

table 5 : explain UPDATE sbtest5 set c=7 WHERE id IN ( 1933123, 3629350, 5219630, 5688410, 3936366, 6036998, 1896879, 9585645, 3751801, 6290496)
	Update on sbtest5  (cost=0.43..48.53 rows=0 width=0)
	  ->  Index Scan using sbtest5_pkey on sbtest5  (cost=0.43..48.53 rows=10 width=490)
	        Index Cond: (id = ANY ('{1933123,3629350,5219630,5688410,3936366,6036998,1896879,9585645,3751801,6290496}'::integer[]))

table 6 : explain UPDATE sbtest6 set c=7 WHERE id IN ( 1933123, 3629350, 5219630, 5688410, 3936366, 6036998, 1896879, 9585645, 3751801, 6290496)
	Update on sbtest6  (cost=0.43..48.53 rows=0 width=0)
	  ->  Index Scan using sbtest6_pkey on sbtest6  (cost=0.43..48.53 rows=10 width=490)
	        Index Cond: (id = ANY ('{1933123,3629350,5219630,5688410,3936366,6036998,1896879,9585645,3751801,6290496}'::integer[]))

table 7 : explain UPDATE sbtest7 set c=7 WHERE id IN ( 1933123, 3629350, 5219630, 5688410, 3936366, 6036998, 1896879, 9585645, 3751801, 6290496)
	Update on sbtest7  (cost=0.43..48.53 rows=0 width=0)
	  ->  Index Scan using sbtest7_pkey on sbtest7  (cost=0.43..48.53 rows=10 width=490)
	        Index Cond: (id = ANY ('{1933123,3629350,5219630,5688410,3936366,6036998,1896879,9585645,3751801,6290496}'::integer[]))

table 8 : explain UPDATE sbtest8 set c=7 WHERE id IN ( 1933123, 3629350, 5219630, 5688410, 3936366, 6036998, 1896879, 9585645, 3751801, 6290496)
	Update on sbtest8  (cost=0.43..48.53 rows=0 width=0)
	  ->  Index Scan using sbtest8_pkey on sbtest8  (cost=0.43..48.53 rows=10 width=490)
	        Index Cond: (id = ANY ('{1933123,3629350,5219630,5688410,3936366,6036998,1896879,9585645,3751801,6290496}'::integer[]))

explain: for update-inlist :: explain UPDATE sbtest%d set c=7 WHERE id IN ( 9508204, 6088127, 2681638, 2785447, 3717170, 4088344, 6600387, 3011065, 7442180, 6576171)
explain: for update-inlist :: explain UPDATE sbtest%d set c=7 WHERE id IN ( 1922070, 6516047, 723235, 8612029, 1994027, 9727802, 6649131, 91857, 5044906, 7613794)
explain: for update-inlist :: explain UPDATE sbtest%d set c=7 WHERE id IN ( 3460488, 7126168, 2159765, 2122667, 4824309, 4086097, 5099324, 6231002, 6134328, 7205241)
explain: for update-inlist :: explain UPDATE sbtest%d set c=7 WHERE id IN ( 5190529, 312738, 5682694, 2809032, 8927138, 1584613, 4131344, 2760436, 5543120, 6147871)
explain: for update-inlist :: explain UPDATE sbtest%d set c=7 WHERE id IN ( 4822479, 9781231, 7371794, 5228529, 8725909, 612510, 5455866, 2895833, 5128403, 1442737)
for update-inlist
table 1 : explain UPDATE sbtest1 set c=7 WHERE id IN ( 9508204, 6088127, 2681638, 2785447, 3717170, 4088344, 6600387, 3011065, 7442180, 6576171)
	Update on sbtest1  (cost=0.43..48.53 rows=0 width=0)
	  ->  Index Scan using sbtest1_pkey on sbtest1  (cost=0.43..48.53 rows=10 width=490)
	        Index Cond: (id = ANY ('{9508204,6088127,2681638,2785447,3717170,4088344,6600387,3011065,7442180,6576171}'::integer[]))

table 2 : explain UPDATE sbtest2 set c=7 WHERE id IN ( 9508204, 6088127, 2681638, 2785447, 3717170, 4088344, 6600387, 3011065, 7442180, 6576171)
	Update on sbtest2  (cost=0.43..48.53 rows=0 width=0)
	  ->  Index Scan using sbtest2_pkey on sbtest2  (cost=0.43..48.53 rows=10 width=490)
	        Index Cond: (id = ANY ('{9508204,6088127,2681638,2785447,3717170,4088344,6600387,3011065,7442180,6576171}'::integer[]))

table 3 : explain UPDATE sbtest3 set c=7 WHERE id IN ( 9508204, 6088127, 2681638, 2785447, 3717170, 4088344, 6600387, 3011065, 7442180, 6576171)
	Update on sbtest3  (cost=0.43..48.53 rows=0 width=0)
	  ->  Index Scan using sbtest3_pkey on sbtest3  (cost=0.43..48.53 rows=10 width=490)
	        Index Cond: (id = ANY ('{9508204,6088127,2681638,2785447,3717170,4088344,6600387,3011065,7442180,6576171}'::integer[]))

table 4 : explain UPDATE sbtest4 set c=7 WHERE id IN ( 9508204, 6088127, 2681638, 2785447, 3717170, 4088344, 6600387, 3011065, 7442180, 6576171)
	Update on sbtest4  (cost=0.43..48.53 rows=0 width=0)
	  ->  Index Scan using sbtest4_pkey on sbtest4  (cost=0.43..48.53 rows=10 width=490)
	        Index Cond: (id = ANY ('{9508204,6088127,2681638,2785447,3717170,4088344,6600387,3011065,7442180,6576171}'::integer[]))

table 5 : explain UPDATE sbtest5 set c=7 WHERE id IN ( 9508204, 6088127, 2681638, 2785447, 3717170, 4088344, 6600387, 3011065, 7442180, 6576171)
	Update on sbtest5  (cost=0.43..48.53 rows=0 width=0)
	  ->  Index Scan using sbtest5_pkey on sbtest5  (cost=0.43..48.53 rows=10 width=490)
	        Index Cond: (id = ANY ('{9508204,6088127,2681638,2785447,3717170,4088344,6600387,3011065,7442180,6576171}'::integer[]))

table 6 : explain UPDATE sbtest6 set c=7 WHERE id IN ( 9508204, 6088127, 2681638, 2785447, 3717170, 4088344, 6600387, 3011065, 7442180, 6576171)
	Update on sbtest6  (cost=0.43..48.53 rows=0 width=0)
	  ->  Index Scan using sbtest6_pkey on sbtest6  (cost=0.43..48.53 rows=10 width=490)
	        Index Cond: (id = ANY ('{9508204,6088127,2681638,2785447,3717170,4088344,6600387,3011065,7442180,6576171}'::integer[]))

table 7 : explain UPDATE sbtest7 set c=7 WHERE id IN ( 9508204, 6088127, 2681638, 2785447, 3717170, 4088344, 6600387, 3011065, 7442180, 6576171)
	Update on sbtest7  (cost=0.43..48.53 rows=0 width=0)
	  ->  Index Scan using sbtest7_pkey on sbtest7  (cost=0.43..48.53 rows=10 width=490)
	        Index Cond: (id = ANY ('{9508204,6088127,2681638,2785447,3717170,4088344,6600387,3011065,7442180,6576171}'::integer[]))

table 8 : explain UPDATE sbtest8 set c=7 WHERE id IN ( 9508204, 6088127, 2681638, 2785447, 3717170, 4088344, 6600387, 3011065, 7442180, 6576171)
	Update on sbtest8  (cost=0.43..48.53 rows=0 width=0)
	  ->  Index Scan using sbtest8_pkey on sbtest8  (cost=0.43..48.53 rows=10 width=490)
	        Index Cond: (id = ANY ('{9508204,6088127,2681638,2785447,3717170,4088344,6600387,3011065,7442180,6576171}'::integer[]))

explain: for update-inlist :: explain UPDATE sbtest%d set c=7 WHERE id IN ( 244831, 4214959, 7986978, 3016243, 9368192, 6316043, 3305278, 8706982, 5532399, 8581626)
for update-inlist
table 1 : explain UPDATE sbtest1 set c=7 WHERE id IN ( 9042880, 6485851, 9626977, 1568243, 4547685, 2945720, 2290024, 6467148, 3241546, 3106709)
	Update on sbtest1  (cost=0.43..48.53 rows=0 width=0)
	  ->  Index Scan using sbtest1_pkey on sbtest1  (cost=0.43..48.53 rows=10 width=490)
	        Index Cond: (id = ANY ('{9042880,6485851,9626977,1568243,4547685,2945720,2290024,6467148,3241546,3106709}'::integer[]))

table 2 : explain UPDATE sbtest2 set c=7 WHERE id IN ( 9042880, 6485851, 9626977, 1568243, 4547685, 2945720, 2290024, 6467148, 3241546, 3106709)
	Update on sbtest2  (cost=0.43..48.53 rows=0 width=0)
	  ->  Index Scan using sbtest2_pkey on sbtest2  (cost=0.43..48.53 rows=10 width=490)
	        Index Cond: (id = ANY ('{9042880,6485851,9626977,1568243,4547685,2945720,2290024,6467148,3241546,3106709}'::integer[]))

table 3 : explain UPDATE sbtest3 set c=7 WHERE id IN ( 9042880, 6485851, 9626977, 1568243, 4547685, 2945720, 2290024, 6467148, 3241546, 3106709)
	Update on sbtest3  (cost=0.43..48.53 rows=0 width=0)
	  ->  Index Scan using sbtest3_pkey on sbtest3  (cost=0.43..48.53 rows=10 width=490)
	        Index Cond: (id = ANY ('{9042880,6485851,9626977,1568243,4547685,2945720,2290024,6467148,3241546,3106709}'::integer[]))

table 4 : explain UPDATE sbtest4 set c=7 WHERE id IN ( 9042880, 6485851, 9626977, 1568243, 4547685, 2945720, 2290024, 6467148, 3241546, 3106709)
	Update on sbtest4  (cost=0.43..48.53 rows=0 width=0)
	  ->  Index Scan using sbtest4_pkey on sbtest4  (cost=0.43..48.53 rows=10 width=490)
	        Index Cond: (id = ANY ('{9042880,6485851,9626977,1568243,4547685,2945720,2290024,6467148,3241546,3106709}'::integer[]))

table 5 : explain UPDATE sbtest5 set c=7 WHERE id IN ( 9042880, 6485851, 9626977, 1568243, 4547685, 2945720, 2290024, 6467148, 3241546, 3106709)
	Update on sbtest5  (cost=0.43..48.53 rows=0 width=0)
	  ->  Index Scan using sbtest5_pkey on sbtest5  (cost=0.43..48.53 rows=10 width=490)
	        Index Cond: (id = ANY ('{9042880,6485851,9626977,1568243,4547685,2945720,2290024,6467148,3241546,3106709}'::integer[]))

table 6 : explain UPDATE sbtest6 set c=7 WHERE id IN ( 9042880, 6485851, 9626977, 1568243, 4547685, 2945720, 2290024, 6467148, 3241546, 3106709)
	Update on sbtest6  (cost=0.43..48.53 rows=0 width=0)
	  ->  Index Scan using sbtest6_pkey on sbtest6  (cost=0.43..48.53 rows=10 width=490)
	        Index Cond: (id = ANY ('{9042880,6485851,9626977,1568243,4547685,2945720,2290024,6467148,3241546,3106709}'::integer[]))

table 7 : explain UPDATE sbtest7 set c=7 WHERE id IN ( 9042880, 6485851, 9626977, 1568243, 4547685, 2945720, 2290024, 6467148, 3241546, 3106709)
	Update on sbtest7  (cost=0.43..48.53 rows=0 width=0)
	  ->  Index Scan using sbtest7_pkey on sbtest7  (cost=0.43..48.53 rows=10 width=490)
	        Index Cond: (id = ANY ('{9042880,6485851,9626977,1568243,4547685,2945720,2290024,6467148,3241546,3106709}'::integer[]))

table 8 : explain UPDATE sbtest8 set c=7 WHERE id IN ( 9042880, 6485851, 9626977, 1568243, 4547685, 2945720, 2290024, 6467148, 3241546, 3106709)
	Update on sbtest8  (cost=0.43..48.53 rows=0 width=0)
	  ->  Index Scan using sbtest8_pkey on sbtest8  (cost=0.43..48.53 rows=10 width=490)
	        Index Cond: (id = ANY ('{9042880,6485851,9626977,1568243,4547685,2945720,2290024,6467148,3241546,3106709}'::integer[]))

for update-inlist
table 1 : explain UPDATE sbtest1 set c=7 WHERE id IN ( 5190529, 312738, 5682694, 2809032, 8927138, 1584613, 4131344, 2760436, 5543120, 6147871)
	Update on sbtest1  (cost=0.43..48.53 rows=0 width=0)
	  ->  Index Scan using sbtest1_pkey on sbtest1  (cost=0.43..48.53 rows=10 width=490)
	        Index Cond: (id = ANY ('{5190529,312738,5682694,2809032,8927138,1584613,4131344,2760436,5543120,6147871}'::integer[]))

table 2 : explain UPDATE sbtest2 set c=7 WHERE id IN ( 5190529, 312738, 5682694, 2809032, 8927138, 1584613, 4131344, 2760436, 5543120, 6147871)
	Update on sbtest2  (cost=0.43..48.53 rows=0 width=0)
	  ->  Index Scan using sbtest2_pkey on sbtest2  (cost=0.43..48.53 rows=10 width=490)
	        Index Cond: (id = ANY ('{5190529,312738,5682694,2809032,8927138,1584613,4131344,2760436,5543120,6147871}'::integer[]))

table 3 : explain UPDATE sbtest3 set c=7 WHERE id IN ( 5190529, 312738, 5682694, 2809032, 8927138, 1584613, 4131344, 2760436, 5543120, 6147871)
	Update on sbtest3  (cost=0.43..48.53 rows=0 width=0)
	  ->  Index Scan using sbtest3_pkey on sbtest3  (cost=0.43..48.53 rows=10 width=490)
	        Index Cond: (id = ANY ('{5190529,312738,5682694,2809032,8927138,1584613,4131344,2760436,5543120,6147871}'::integer[]))

table 4 : explain UPDATE sbtest4 set c=7 WHERE id IN ( 5190529, 312738, 5682694, 2809032, 8927138, 1584613, 4131344, 2760436, 5543120, 6147871)
	Update on sbtest4  (cost=0.43..48.53 rows=0 width=0)
	  ->  Index Scan using sbtest4_pkey on sbtest4  (cost=0.43..48.53 rows=10 width=490)
	        Index Cond: (id = ANY ('{5190529,312738,5682694,2809032,8927138,1584613,4131344,2760436,5543120,6147871}'::integer[]))

table 5 : explain UPDATE sbtest5 set c=7 WHERE id IN ( 5190529, 312738, 5682694, 2809032, 8927138, 1584613, 4131344, 2760436, 5543120, 6147871)
	Update on sbtest5  (cost=0.43..48.53 rows=0 width=0)
	  ->  Index Scan using sbtest5_pkey on sbtest5  (cost=0.43..48.53 rows=10 width=490)
	        Index Cond: (id = ANY ('{5190529,312738,5682694,2809032,8927138,1584613,4131344,2760436,5543120,6147871}'::integer[]))

table 6 : explain UPDATE sbtest6 set c=7 WHERE id IN ( 5190529, 312738, 5682694, 2809032, 8927138, 1584613, 4131344, 2760436, 5543120, 6147871)
	Update on sbtest6  (cost=0.43..48.53 rows=0 width=0)
	  ->  Index Scan using sbtest6_pkey on sbtest6  (cost=0.43..48.53 rows=10 width=490)
	        Index Cond: (id = ANY ('{5190529,312738,5682694,2809032,8927138,1584613,4131344,2760436,5543120,6147871}'::integer[]))

table 7 : explain UPDATE sbtest7 set c=7 WHERE id IN ( 5190529, 312738, 5682694, 2809032, 8927138, 1584613, 4131344, 2760436, 5543120, 6147871)
	Update on sbtest7  (cost=0.43..48.53 rows=0 width=0)
	  ->  Index Scan using sbtest7_pkey on sbtest7  (cost=0.43..48.53 rows=10 width=490)
	        Index Cond: (id = ANY ('{5190529,312738,5682694,2809032,8927138,1584613,4131344,2760436,5543120,6147871}'::integer[]))

table 8 : explain UPDATE sbtest8 set c=7 WHERE id IN ( 5190529, 312738, 5682694, 2809032, 8927138, 1584613, 4131344, 2760436, 5543120, 6147871)
	Update on sbtest8  (cost=0.43..48.53 rows=0 width=0)
	  ->  Index Scan using sbtest8_pkey on sbtest8  (cost=0.43..48.53 rows=10 width=490)
	        Index Cond: (id = ANY ('{5190529,312738,5682694,2809032,8927138,1584613,4131344,2760436,5543120,6147871}'::integer[]))

for update-inlist
table 1 : explain UPDATE sbtest1 set c=7 WHERE id IN ( 1922070, 6516047, 723235, 8612029, 1994027, 9727802, 6649131, 91857, 5044906, 7613794)
	Update on sbtest1  (cost=0.43..48.53 rows=0 width=0)
	  ->  Index Scan using sbtest1_pkey on sbtest1  (cost=0.43..48.53 rows=10 width=490)
	        Index Cond: (id = ANY ('{1922070,6516047,723235,8612029,1994027,9727802,6649131,91857,5044906,7613794}'::integer[]))

table 2 : explain UPDATE sbtest2 set c=7 WHERE id IN ( 1922070, 6516047, 723235, 8612029, 1994027, 9727802, 6649131, 91857, 5044906, 7613794)
	Update on sbtest2  (cost=0.43..48.53 rows=0 width=0)
	  ->  Index Scan using sbtest2_pkey on sbtest2  (cost=0.43..48.53 rows=10 width=490)
	        Index Cond: (id = ANY ('{1922070,6516047,723235,8612029,1994027,9727802,6649131,91857,5044906,7613794}'::integer[]))

table 3 : explain UPDATE sbtest3 set c=7 WHERE id IN ( 1922070, 6516047, 723235, 8612029, 1994027, 9727802, 6649131, 91857, 5044906, 7613794)
	Update on sbtest3  (cost=0.43..48.53 rows=0 width=0)
	  ->  Index Scan using sbtest3_pkey on sbtest3  (cost=0.43..48.53 rows=10 width=490)
	        Index Cond: (id = ANY ('{1922070,6516047,723235,8612029,1994027,9727802,6649131,91857,5044906,7613794}'::integer[]))

table 4 : explain UPDATE sbtest4 set c=7 WHERE id IN ( 1922070, 6516047, 723235, 8612029, 1994027, 9727802, 6649131, 91857, 5044906, 7613794)
	Update on sbtest4  (cost=0.43..48.53 rows=0 width=0)
	  ->  Index Scan using sbtest4_pkey on sbtest4  (cost=0.43..48.53 rows=10 width=490)
	        Index Cond: (id = ANY ('{1922070,6516047,723235,8612029,1994027,9727802,6649131,91857,5044906,7613794}'::integer[]))

table 5 : explain UPDATE sbtest5 set c=7 WHERE id IN ( 1922070, 6516047, 723235, 8612029, 1994027, 9727802, 6649131, 91857, 5044906, 7613794)
	Update on sbtest5  (cost=0.43..48.53 rows=0 width=0)
	  ->  Index Scan using sbtest5_pkey on sbtest5  (cost=0.43..48.53 rows=10 width=490)
	        Index Cond: (id = ANY ('{1922070,6516047,723235,8612029,1994027,9727802,6649131,91857,5044906,7613794}'::integer[]))

table 6 : explain UPDATE sbtest6 set c=7 WHERE id IN ( 1922070, 6516047, 723235, 8612029, 1994027, 9727802, 6649131, 91857, 5044906, 7613794)
	Update on sbtest6  (cost=0.43..48.53 rows=0 width=0)
	  ->  Index Scan using sbtest6_pkey on sbtest6  (cost=0.43..48.53 rows=10 width=490)
	        Index Cond: (id = ANY ('{1922070,6516047,723235,8612029,1994027,9727802,6649131,91857,5044906,7613794}'::integer[]))

table 7 : explain UPDATE sbtest7 set c=7 WHERE id IN ( 1922070, 6516047, 723235, 8612029, 1994027, 9727802, 6649131, 91857, 5044906, 7613794)
	Update on sbtest7  (cost=0.43..48.53 rows=0 width=0)
	  ->  Index Scan using sbtest7_pkey on sbtest7  (cost=0.43..48.53 rows=10 width=490)
	        Index Cond: (id = ANY ('{1922070,6516047,723235,8612029,1994027,9727802,6649131,91857,5044906,7613794}'::integer[]))

table 8 : explain UPDATE sbtest8 set c=7 WHERE id IN ( 1922070, 6516047, 723235, 8612029, 1994027, 9727802, 6649131, 91857, 5044906, 7613794)
	Update on sbtest8  (cost=0.43..48.53 rows=0 width=0)
	  ->  Index Scan using sbtest8_pkey on sbtest8  (cost=0.43..48.53 rows=10 width=490)
	        Index Cond: (id = ANY ('{1922070,6516047,723235,8612029,1994027,9727802,6649131,91857,5044906,7613794}'::integer[]))

explain: for update-inlist :: explain UPDATE sbtest%d set c=7 WHERE id IN ( 1755029, 543659, 1929439, 6350536, 408149, 3571733, 995021, 1023979, 9875786, 2884668)
explain: for update-inlist :: explain UPDATE sbtest%d set c=7 WHERE id IN ( 5867484, 4256623, 7856742, 7090377, 3234363, 5050391, 1271499, 5364673, 3120761, 9008958)
for update-inlist
table 1 : explain UPDATE sbtest1 set c=7 WHERE id IN ( 3460488, 7126168, 2159765, 2122667, 4824309, 4086097, 5099324, 6231002, 6134328, 7205241)
	Update on sbtest1  (cost=0.43..48.53 rows=0 width=0)
	  ->  Index Scan using sbtest1_pkey on sbtest1  (cost=0.43..48.53 rows=10 width=490)
	        Index Cond: (id = ANY ('{3460488,7126168,2159765,2122667,4824309,4086097,5099324,6231002,6134328,7205241}'::integer[]))

table 2 : explain UPDATE sbtest2 set c=7 WHERE id IN ( 3460488, 7126168, 2159765, 2122667, 4824309, 4086097, 5099324, 6231002, 6134328, 7205241)
	Update on sbtest2  (cost=0.43..48.53 rows=0 width=0)
	  ->  Index Scan using sbtest2_pkey on sbtest2  (cost=0.43..48.53 rows=10 width=490)
	        Index Cond: (id = ANY ('{3460488,7126168,2159765,2122667,4824309,4086097,5099324,6231002,6134328,7205241}'::integer[]))

table 3 : explain UPDATE sbtest3 set c=7 WHERE id IN ( 3460488, 7126168, 2159765, 2122667, 4824309, 4086097, 5099324, 6231002, 6134328, 7205241)
	Update on sbtest3  (cost=0.43..48.53 rows=0 width=0)
	  ->  Index Scan using sbtest3_pkey on sbtest3  (cost=0.43..48.53 rows=10 width=490)
	        Index Cond: (id = ANY ('{3460488,7126168,2159765,2122667,4824309,4086097,5099324,6231002,6134328,7205241}'::integer[]))

table 4 : explain UPDATE sbtest4 set c=7 WHERE id IN ( 3460488, 7126168, 2159765, 2122667, 4824309, 4086097, 5099324, 6231002, 6134328, 7205241)
	Update on sbtest4  (cost=0.43..48.53 rows=0 width=0)
	  ->  Index Scan using sbtest4_pkey on sbtest4  (cost=0.43..48.53 rows=10 width=490)
	        Index Cond: (id = ANY ('{3460488,7126168,2159765,2122667,4824309,4086097,5099324,6231002,6134328,7205241}'::integer[]))

table 5 : explain UPDATE sbtest5 set c=7 WHERE id IN ( 3460488, 7126168, 2159765, 2122667, 4824309, 4086097, 5099324, 6231002, 6134328, 7205241)
	Update on sbtest5  (cost=0.43..48.53 rows=0 width=0)
	  ->  Index Scan using sbtest5_pkey on sbtest5  (cost=0.43..48.53 rows=10 width=490)
	        Index Cond: (id = ANY ('{3460488,7126168,2159765,2122667,4824309,4086097,5099324,6231002,6134328,7205241}'::integer[]))

table 6 : explain UPDATE sbtest6 set c=7 WHERE id IN ( 3460488, 7126168, 2159765, 2122667, 4824309, 4086097, 5099324, 6231002, 6134328, 7205241)
	Update on sbtest6  (cost=0.43..48.53 rows=0 width=0)
	  ->  Index Scan using sbtest6_pkey on sbtest6  (cost=0.43..48.53 rows=10 width=490)
	        Index Cond: (id = ANY ('{3460488,7126168,2159765,2122667,4824309,4086097,5099324,6231002,6134328,7205241}'::integer[]))

table 7 : explain UPDATE sbtest7 set c=7 WHERE id IN ( 3460488, 7126168, 2159765, 2122667, 4824309, 4086097, 5099324, 6231002, 6134328, 7205241)
	Update on sbtest7  (cost=0.43..48.53 rows=0 width=0)
	  ->  Index Scan using sbtest7_pkey on sbtest7  (cost=0.43..48.53 rows=10 width=490)
	        Index Cond: (id = ANY ('{3460488,7126168,2159765,2122667,4824309,4086097,5099324,6231002,6134328,7205241}'::integer[]))

table 8 : explain UPDATE sbtest8 set c=7 WHERE id IN ( 3460488, 7126168, 2159765, 2122667, 4824309, 4086097, 5099324, 6231002, 6134328, 7205241)
	Update on sbtest8  (cost=0.43..48.53 rows=0 width=0)
	  ->  Index Scan using sbtest8_pkey on sbtest8  (cost=0.43..48.53 rows=10 width=490)
	        Index Cond: (id = ANY ('{3460488,7126168,2159765,2122667,4824309,4086097,5099324,6231002,6134328,7205241}'::integer[]))

explain: for update-inlist :: explain UPDATE sbtest%d set c=7 WHERE id IN ( 8259929, 6178368, 5319646, 5550444, 795561, 2325215, 1794050, 3731108, 5311888, 8904161)
explain: for update-inlist :: explain UPDATE sbtest%d set c=7 WHERE id IN ( 410966, 3291814, 5557561, 8811672, 413122, 1323560, 7407528, 6121663, 7466077, 474116)
explain: for update-inlist :: explain UPDATE sbtest%d set c=7 WHERE id IN ( 9835356, 4411956, 990367, 2936814, 461699, 8359868, 1006183, 2263700, 6079992, 9960735)
for update-inlist
table 1 : explain UPDATE sbtest1 set c=7 WHERE id IN ( 244831, 4214959, 7986978, 3016243, 9368192, 6316043, 3305278, 8706982, 5532399, 8581626)
	Update on sbtest1  (cost=0.43..48.53 rows=0 width=0)
	  ->  Index Scan using sbtest1_pkey on sbtest1  (cost=0.43..48.53 rows=10 width=490)
	        Index Cond: (id = ANY ('{244831,4214959,7986978,3016243,9368192,6316043,3305278,8706982,5532399,8581626}'::integer[]))

table 2 : explain UPDATE sbtest2 set c=7 WHERE id IN ( 244831, 4214959, 7986978, 3016243, 9368192, 6316043, 3305278, 8706982, 5532399, 8581626)
	Update on sbtest2  (cost=0.43..48.53 rows=0 width=0)
	  ->  Index Scan using sbtest2_pkey on sbtest2  (cost=0.43..48.53 rows=10 width=490)
	        Index Cond: (id = ANY ('{244831,4214959,7986978,3016243,9368192,6316043,3305278,8706982,5532399,8581626}'::integer[]))

table 3 : explain UPDATE sbtest3 set c=7 WHERE id IN ( 244831, 4214959, 7986978, 3016243, 9368192, 6316043, 3305278, 8706982, 5532399, 8581626)
	Update on sbtest3  (cost=0.43..48.53 rows=0 width=0)
	  ->  Index Scan using sbtest3_pkey on sbtest3  (cost=0.43..48.53 rows=10 width=490)
	        Index Cond: (id = ANY ('{244831,4214959,7986978,3016243,9368192,6316043,3305278,8706982,5532399,8581626}'::integer[]))

table 4 : explain UPDATE sbtest4 set c=7 WHERE id IN ( 244831, 4214959, 7986978, 3016243, 9368192, 6316043, 3305278, 8706982, 5532399, 8581626)
	Update on sbtest4  (cost=0.43..48.53 rows=0 width=0)
	  ->  Index Scan using sbtest4_pkey on sbtest4  (cost=0.43..48.53 rows=10 width=490)
	        Index Cond: (id = ANY ('{244831,4214959,7986978,3016243,9368192,6316043,3305278,8706982,5532399,8581626}'::integer[]))

table 5 : explain UPDATE sbtest5 set c=7 WHERE id IN ( 244831, 4214959, 7986978, 3016243, 9368192, 6316043, 3305278, 8706982, 5532399, 8581626)
	Update on sbtest5  (cost=0.43..48.53 rows=0 width=0)
	  ->  Index Scan using sbtest5_pkey on sbtest5  (cost=0.43..48.53 rows=10 width=490)
	        Index Cond: (id = ANY ('{244831,4214959,7986978,3016243,9368192,6316043,3305278,8706982,5532399,8581626}'::integer[]))

table 6 : explain UPDATE sbtest6 set c=7 WHERE id IN ( 244831, 4214959, 7986978, 3016243, 9368192, 6316043, 3305278, 8706982, 5532399, 8581626)
	Update on sbtest6  (cost=0.43..48.53 rows=0 width=0)
	  ->  Index Scan using sbtest6_pkey on sbtest6  (cost=0.43..48.53 rows=10 width=490)
	        Index Cond: (id = ANY ('{244831,4214959,7986978,3016243,9368192,6316043,3305278,8706982,5532399,8581626}'::integer[]))

table 7 : explain UPDATE sbtest7 set c=7 WHERE id IN ( 244831, 4214959, 7986978, 3016243, 9368192, 6316043, 3305278, 8706982, 5532399, 8581626)
	Update on sbtest7  (cost=0.43..48.53 rows=0 width=0)
	  ->  Index Scan using sbtest7_pkey on sbtest7  (cost=0.43..48.53 rows=10 width=490)
	        Index Cond: (id = ANY ('{244831,4214959,7986978,3016243,9368192,6316043,3305278,8706982,5532399,8581626}'::integer[]))

table 8 : explain UPDATE sbtest8 set c=7 WHERE id IN ( 244831, 4214959, 7986978, 3016243, 9368192, 6316043, 3305278, 8706982, 5532399, 8581626)
	Update on sbtest8  (cost=0.43..48.53 rows=0 width=0)
	  ->  Index Scan using sbtest8_pkey on sbtest8  (cost=0.43..48.53 rows=10 width=490)
	        Index Cond: (id = ANY ('{244831,4214959,7986978,3016243,9368192,6316043,3305278,8706982,5532399,8581626}'::integer[]))

explain: for update-inlist :: explain UPDATE sbtest%d set c=7 WHERE id IN ( 3565847, 911862, 6410815, 4476260, 3547229, 9229208, 392840, 5365871, 8035064, 2761439)
for update-inlist
table 1 : explain UPDATE sbtest1 set c=7 WHERE id IN ( 4822479, 9781231, 7371794, 5228529, 8725909, 612510, 5455866, 2895833, 5128403, 1442737)
	Update on sbtest1  (cost=0.43..48.53 rows=0 width=0)
	  ->  Index Scan using sbtest1_pkey on sbtest1  (cost=0.43..48.53 rows=10 width=490)
	        Index Cond: (id = ANY ('{4822479,9781231,7371794,5228529,8725909,612510,5455866,2895833,5128403,1442737}'::integer[]))

table 2 : explain UPDATE sbtest2 set c=7 WHERE id IN ( 4822479, 9781231, 7371794, 5228529, 8725909, 612510, 5455866, 2895833, 5128403, 1442737)
	Update on sbtest2  (cost=0.43..48.53 rows=0 width=0)
	  ->  Index Scan using sbtest2_pkey on sbtest2  (cost=0.43..48.53 rows=10 width=490)
	        Index Cond: (id = ANY ('{4822479,9781231,7371794,5228529,8725909,612510,5455866,2895833,5128403,1442737}'::integer[]))

table 3 : explain UPDATE sbtest3 set c=7 WHERE id IN ( 4822479, 9781231, 7371794, 5228529, 8725909, 612510, 5455866, 2895833, 5128403, 1442737)
	Update on sbtest3  (cost=0.43..48.53 rows=0 width=0)
	  ->  Index Scan using sbtest3_pkey on sbtest3  (cost=0.43..48.53 rows=10 width=490)
	        Index Cond: (id = ANY ('{4822479,9781231,7371794,5228529,8725909,612510,5455866,2895833,5128403,1442737}'::integer[]))

table 4 : explain UPDATE sbtest4 set c=7 WHERE id IN ( 4822479, 9781231, 7371794, 5228529, 8725909, 612510, 5455866, 2895833, 5128403, 1442737)
	Update on sbtest4  (cost=0.43..48.53 rows=0 width=0)
	  ->  Index Scan using sbtest4_pkey on sbtest4  (cost=0.43..48.53 rows=10 width=490)
	        Index Cond: (id = ANY ('{4822479,9781231,7371794,5228529,8725909,612510,5455866,2895833,5128403,1442737}'::integer[]))

table 5 : explain UPDATE sbtest5 set c=7 WHERE id IN ( 4822479, 9781231, 7371794, 5228529, 8725909, 612510, 5455866, 2895833, 5128403, 1442737)
	Update on sbtest5  (cost=0.43..48.53 rows=0 width=0)
	  ->  Index Scan using sbtest5_pkey on sbtest5  (cost=0.43..48.53 rows=10 width=490)
	        Index Cond: (id = ANY ('{4822479,9781231,7371794,5228529,8725909,612510,5455866,2895833,5128403,1442737}'::integer[]))

table 6 : explain UPDATE sbtest6 set c=7 WHERE id IN ( 4822479, 9781231, 7371794, 5228529, 8725909, 612510, 5455866, 2895833, 5128403, 1442737)
	Update on sbtest6  (cost=0.43..48.53 rows=0 width=0)
	  ->  Index Scan using sbtest6_pkey on sbtest6  (cost=0.43..48.53 rows=10 width=490)
	        Index Cond: (id = ANY ('{4822479,9781231,7371794,5228529,8725909,612510,5455866,2895833,5128403,1442737}'::integer[]))

table 7 : explain UPDATE sbtest7 set c=7 WHERE id IN ( 4822479, 9781231, 7371794, 5228529, 8725909, 612510, 5455866, 2895833, 5128403, 1442737)
	Update on sbtest7  (cost=0.43..48.53 rows=0 width=0)
	  ->  Index Scan using sbtest7_pkey on sbtest7  (cost=0.43..48.53 rows=10 width=490)
	        Index Cond: (id = ANY ('{4822479,9781231,7371794,5228529,8725909,612510,5455866,2895833,5128403,1442737}'::integer[]))

table 8 : explain UPDATE sbtest8 set c=7 WHERE id IN ( 4822479, 9781231, 7371794, 5228529, 8725909, 612510, 5455866, 2895833, 5128403, 1442737)
	Update on sbtest8  (cost=0.43..48.53 rows=0 width=0)
	  ->  Index Scan using sbtest8_pkey on sbtest8  (cost=0.43..48.53 rows=10 width=490)
	        Index Cond: (id = ANY ('{4822479,9781231,7371794,5228529,8725909,612510,5455866,2895833,5128403,1442737}'::integer[]))

explain: for update-inlist :: explain UPDATE sbtest%d set c=7 WHERE id IN ( 9016231, 1229253, 7576968, 5997825, 9532596, 9598362, 7876841, 1652851, 7557506, 5952519)
explain: for update-inlist :: explain UPDATE sbtest%d set c=7 WHERE id IN ( 8851062, 1211471, 580119, 1382375, 1428544, 6851819, 2793063, 5919166, 5267967, 4848339)
for update-inlist
table 1 : explain UPDATE sbtest1 set c=7 WHERE id IN ( 5867484, 4256623, 7856742, 7090377, 3234363, 5050391, 1271499, 5364673, 3120761, 9008958)
	Update on sbtest1  (cost=0.43..48.53 rows=0 width=0)
	  ->  Index Scan using sbtest1_pkey on sbtest1  (cost=0.43..48.53 rows=10 width=490)
	        Index Cond: (id = ANY ('{5867484,4256623,7856742,7090377,3234363,5050391,1271499,5364673,3120761,9008958}'::integer[]))

table 2 : explain UPDATE sbtest2 set c=7 WHERE id IN ( 5867484, 4256623, 7856742, 7090377, 3234363, 5050391, 1271499, 5364673, 3120761, 9008958)
	Update on sbtest2  (cost=0.43..48.53 rows=0 width=0)
	  ->  Index Scan using sbtest2_pkey on sbtest2  (cost=0.43..48.53 rows=10 width=490)
	        Index Cond: (id = ANY ('{5867484,4256623,7856742,7090377,3234363,5050391,1271499,5364673,3120761,9008958}'::integer[]))

table 3 : explain UPDATE sbtest3 set c=7 WHERE id IN ( 5867484, 4256623, 7856742, 7090377, 3234363, 5050391, 1271499, 5364673, 3120761, 9008958)
	Update on sbtest3  (cost=0.43..48.53 rows=0 width=0)
	  ->  Index Scan using sbtest3_pkey on sbtest3  (cost=0.43..48.53 rows=10 width=490)
	        Index Cond: (id = ANY ('{5867484,4256623,7856742,7090377,3234363,5050391,1271499,5364673,3120761,9008958}'::integer[]))

table 4 : explain UPDATE sbtest4 set c=7 WHERE id IN ( 5867484, 4256623, 7856742, 7090377, 3234363, 5050391, 1271499, 5364673, 3120761, 9008958)
	Update on sbtest4  (cost=0.43..48.53 rows=0 width=0)
	  ->  Index Scan using sbtest4_pkey on sbtest4  (cost=0.43..48.53 rows=10 width=490)
	        Index Cond: (id = ANY ('{5867484,4256623,7856742,7090377,3234363,5050391,1271499,5364673,3120761,9008958}'::integer[]))

table 5 : explain UPDATE sbtest5 set c=7 WHERE id IN ( 5867484, 4256623, 7856742, 7090377, 3234363, 5050391, 1271499, 5364673, 3120761, 9008958)
	Update on sbtest5  (cost=0.43..48.53 rows=0 width=0)
	  ->  Index Scan using sbtest5_pkey on sbtest5  (cost=0.43..48.53 rows=10 width=490)
	        Index Cond: (id = ANY ('{5867484,4256623,7856742,7090377,3234363,5050391,1271499,5364673,3120761,9008958}'::integer[]))

table 6 : explain UPDATE sbtest6 set c=7 WHERE id IN ( 5867484, 4256623, 7856742, 7090377, 3234363, 5050391, 1271499, 5364673, 3120761, 9008958)
	Update on sbtest6  (cost=0.43..48.53 rows=0 width=0)
	  ->  Index Scan using sbtest6_pkey on sbtest6  (cost=0.43..48.53 rows=10 width=490)
	        Index Cond: (id = ANY ('{5867484,4256623,7856742,7090377,3234363,5050391,1271499,5364673,3120761,9008958}'::integer[]))

table 7 : explain UPDATE sbtest7 set c=7 WHERE id IN ( 5867484, 4256623, 7856742, 7090377, 3234363, 5050391, 1271499, 5364673, 3120761, 9008958)
	Update on sbtest7  (cost=0.43..48.53 rows=0 width=0)
	  ->  Index Scan using sbtest7_pkey on sbtest7  (cost=0.43..48.53 rows=10 width=490)
	        Index Cond: (id = ANY ('{5867484,4256623,7856742,7090377,3234363,5050391,1271499,5364673,3120761,9008958}'::integer[]))

table 8 : explain UPDATE sbtest8 set c=7 WHERE id IN ( 5867484, 4256623, 7856742, 7090377, 3234363, 5050391, 1271499, 5364673, 3120761, 9008958)
	Update on sbtest8  (cost=0.43..48.53 rows=0 width=0)
	  ->  Index Scan using sbtest8_pkey on sbtest8  (cost=0.43..48.53 rows=10 width=490)
	        Index Cond: (id = ANY ('{5867484,4256623,7856742,7090377,3234363,5050391,1271499,5364673,3120761,9008958}'::integer[]))

for update-inlist
table 1 : explain UPDATE sbtest1 set c=7 WHERE id IN ( 410966, 3291814, 5557561, 8811672, 413122, 1323560, 7407528, 6121663, 7466077, 474116)
	Update on sbtest1  (cost=0.43..48.53 rows=0 width=0)
	  ->  Index Scan using sbtest1_pkey on sbtest1  (cost=0.43..48.53 rows=10 width=490)
	        Index Cond: (id = ANY ('{410966,3291814,5557561,8811672,413122,1323560,7407528,6121663,7466077,474116}'::integer[]))

table 2 : explain UPDATE sbtest2 set c=7 WHERE id IN ( 410966, 3291814, 5557561, 8811672, 413122, 1323560, 7407528, 6121663, 7466077, 474116)
	Update on sbtest2  (cost=0.43..48.53 rows=0 width=0)
	  ->  Index Scan using sbtest2_pkey on sbtest2  (cost=0.43..48.53 rows=10 width=490)
	        Index Cond: (id = ANY ('{410966,3291814,5557561,8811672,413122,1323560,7407528,6121663,7466077,474116}'::integer[]))

table 3 : explain UPDATE sbtest3 set c=7 WHERE id IN ( 410966, 3291814, 5557561, 8811672, 413122, 1323560, 7407528, 6121663, 7466077, 474116)
	Update on sbtest3  (cost=0.43..48.53 rows=0 width=0)
	  ->  Index Scan using sbtest3_pkey on sbtest3  (cost=0.43..48.53 rows=10 width=490)
	        Index Cond: (id = ANY ('{410966,3291814,5557561,8811672,413122,1323560,7407528,6121663,7466077,474116}'::integer[]))

table 4 : explain UPDATE sbtest4 set c=7 WHERE id IN ( 410966, 3291814, 5557561, 8811672, 413122, 1323560, 7407528, 6121663, 7466077, 474116)
	Update on sbtest4  (cost=0.43..48.53 rows=0 width=0)
	  ->  Index Scan using sbtest4_pkey on sbtest4  (cost=0.43..48.53 rows=10 width=490)
	        Index Cond: (id = ANY ('{410966,3291814,5557561,8811672,413122,1323560,7407528,6121663,7466077,474116}'::integer[]))

table 5 : explain UPDATE sbtest5 set c=7 WHERE id IN ( 410966, 3291814, 5557561, 8811672, 413122, 1323560, 7407528, 6121663, 7466077, 474116)
	Update on sbtest5  (cost=0.43..48.53 rows=0 width=0)
	  ->  Index Scan using sbtest5_pkey on sbtest5  (cost=0.43..48.53 rows=10 width=490)
	        Index Cond: (id = ANY ('{410966,3291814,5557561,8811672,413122,1323560,7407528,6121663,7466077,474116}'::integer[]))

table 6 : explain UPDATE sbtest6 set c=7 WHERE id IN ( 410966, 3291814, 5557561, 8811672, 413122, 1323560, 7407528, 6121663, 7466077, 474116)
	Update on sbtest6  (cost=0.43..48.53 rows=0 width=0)
	  ->  Index Scan using sbtest6_pkey on sbtest6  (cost=0.43..48.53 rows=10 width=490)
	        Index Cond: (id = ANY ('{410966,3291814,5557561,8811672,413122,1323560,7407528,6121663,7466077,474116}'::integer[]))

table 7 : explain UPDATE sbtest7 set c=7 WHERE id IN ( 410966, 3291814, 5557561, 8811672, 413122, 1323560, 7407528, 6121663, 7466077, 474116)
	Update on sbtest7  (cost=0.43..48.53 rows=0 width=0)
	  ->  Index Scan using sbtest7_pkey on sbtest7  (cost=0.43..48.53 rows=10 width=490)
	        Index Cond: (id = ANY ('{410966,3291814,5557561,8811672,413122,1323560,7407528,6121663,7466077,474116}'::integer[]))

table 8 : explain UPDATE sbtest8 set c=7 WHERE id IN ( 410966, 3291814, 5557561, 8811672, 413122, 1323560, 7407528, 6121663, 7466077, 474116)
	Update on sbtest8  (cost=0.43..48.53 rows=0 width=0)
	  ->  Index Scan using sbtest8_pkey on sbtest8  (cost=0.43..48.53 rows=10 width=490)
	        Index Cond: (id = ANY ('{410966,3291814,5557561,8811672,413122,1323560,7407528,6121663,7466077,474116}'::integer[]))

for update-inlist
table 1 : explain UPDATE sbtest1 set c=7 WHERE id IN ( 9835356, 4411956, 990367, 2936814, 461699, 8359868, 1006183, 2263700, 6079992, 9960735)
	Update on sbtest1  (cost=0.43..48.53 rows=0 width=0)
	  ->  Index Scan using sbtest1_pkey on sbtest1  (cost=0.43..48.53 rows=10 width=490)
	        Index Cond: (id = ANY ('{9835356,4411956,990367,2936814,461699,8359868,1006183,2263700,6079992,9960735}'::integer[]))

table 2 : explain UPDATE sbtest2 set c=7 WHERE id IN ( 9835356, 4411956, 990367, 2936814, 461699, 8359868, 1006183, 2263700, 6079992, 9960735)
	Update on sbtest2  (cost=0.43..48.53 rows=0 width=0)
	  ->  Index Scan using sbtest2_pkey on sbtest2  (cost=0.43..48.53 rows=10 width=490)
	        Index Cond: (id = ANY ('{9835356,4411956,990367,2936814,461699,8359868,1006183,2263700,6079992,9960735}'::integer[]))

table 3 : explain UPDATE sbtest3 set c=7 WHERE id IN ( 9835356, 4411956, 990367, 2936814, 461699, 8359868, 1006183, 2263700, 6079992, 9960735)
	Update on sbtest3  (cost=0.43..48.53 rows=0 width=0)
	  ->  Index Scan using sbtest3_pkey on sbtest3  (cost=0.43..48.53 rows=10 width=490)
	        Index Cond: (id = ANY ('{9835356,4411956,990367,2936814,461699,8359868,1006183,2263700,6079992,9960735}'::integer[]))

table 4 : explain UPDATE sbtest4 set c=7 WHERE id IN ( 9835356, 4411956, 990367, 2936814, 461699, 8359868, 1006183, 2263700, 6079992, 9960735)
	Update on sbtest4  (cost=0.43..48.53 rows=0 width=0)
	  ->  Index Scan using sbtest4_pkey on sbtest4  (cost=0.43..48.53 rows=10 width=490)
	        Index Cond: (id = ANY ('{9835356,4411956,990367,2936814,461699,8359868,1006183,2263700,6079992,9960735}'::integer[]))

table 5 : explain UPDATE sbtest5 set c=7 WHERE id IN ( 9835356, 4411956, 990367, 2936814, 461699, 8359868, 1006183, 2263700, 6079992, 9960735)
	Update on sbtest5  (cost=0.43..48.53 rows=0 width=0)
	  ->  Index Scan using sbtest5_pkey on sbtest5  (cost=0.43..48.53 rows=10 width=490)
	        Index Cond: (id = ANY ('{9835356,4411956,990367,2936814,461699,8359868,1006183,2263700,6079992,9960735}'::integer[]))

table 6 : explain UPDATE sbtest6 set c=7 WHERE id IN ( 9835356, 4411956, 990367, 2936814, 461699, 8359868, 1006183, 2263700, 6079992, 9960735)
	Update on sbtest6  (cost=0.43..48.53 rows=0 width=0)
	  ->  Index Scan using sbtest6_pkey on sbtest6  (cost=0.43..48.53 rows=10 width=490)
	        Index Cond: (id = ANY ('{9835356,4411956,990367,2936814,461699,8359868,1006183,2263700,6079992,9960735}'::integer[]))

table 7 : explain UPDATE sbtest7 set c=7 WHERE id IN ( 9835356, 4411956, 990367, 2936814, 461699, 8359868, 1006183, 2263700, 6079992, 9960735)
	Update on sbtest7  (cost=0.43..48.53 rows=0 width=0)
	  ->  Index Scan using sbtest7_pkey on sbtest7  (cost=0.43..48.53 rows=10 width=490)
	        Index Cond: (id = ANY ('{9835356,4411956,990367,2936814,461699,8359868,1006183,2263700,6079992,9960735}'::integer[]))

table 8 : explain UPDATE sbtest8 set c=7 WHERE id IN ( 9835356, 4411956, 990367, 2936814, 461699, 8359868, 1006183, 2263700, 6079992, 9960735)
	Update on sbtest8  (cost=0.43..48.53 rows=0 width=0)
	  ->  Index Scan using sbtest8_pkey on sbtest8  (cost=0.43..48.53 rows=10 width=490)
	        Index Cond: (id = ANY ('{9835356,4411956,990367,2936814,461699,8359868,1006183,2263700,6079992,9960735}'::integer[]))

explain: for update-inlist :: explain UPDATE sbtest%d set c=7 WHERE id IN ( 5730843, 7306701, 7612119, 8670867, 6074117, 7201232, 5588159, 9655043, 1147600, 8081447)
explain: for update-inlist :: explain UPDATE sbtest%d set c=7 WHERE id IN ( 2606767, 6677984, 323206, 7337245, 6294523, 3584462, 7857058, 3318294, 7361676, 4266082)
for update-inlist
table 1 : explain UPDATE sbtest1 set c=7 WHERE id IN ( 1755029, 543659, 1929439, 6350536, 408149, 3571733, 995021, 1023979, 9875786, 2884668)
	Update on sbtest1  (cost=0.43..48.53 rows=0 width=0)
	  ->  Index Scan using sbtest1_pkey on sbtest1  (cost=0.43..48.53 rows=10 width=490)
	        Index Cond: (id = ANY ('{1755029,543659,1929439,6350536,408149,3571733,995021,1023979,9875786,2884668}'::integer[]))

table 2 : explain UPDATE sbtest2 set c=7 WHERE id IN ( 1755029, 543659, 1929439, 6350536, 408149, 3571733, 995021, 1023979, 9875786, 2884668)
	Update on sbtest2  (cost=0.43..48.53 rows=0 width=0)
	  ->  Index Scan using sbtest2_pkey on sbtest2  (cost=0.43..48.53 rows=10 width=490)
	        Index Cond: (id = ANY ('{1755029,543659,1929439,6350536,408149,3571733,995021,1023979,9875786,2884668}'::integer[]))

table 3 : explain UPDATE sbtest3 set c=7 WHERE id IN ( 1755029, 543659, 1929439, 6350536, 408149, 3571733, 995021, 1023979, 9875786, 2884668)
	Update on sbtest3  (cost=0.43..48.53 rows=0 width=0)
	  ->  Index Scan using sbtest3_pkey on sbtest3  (cost=0.43..48.53 rows=10 width=490)
	        Index Cond: (id = ANY ('{1755029,543659,1929439,6350536,408149,3571733,995021,1023979,9875786,2884668}'::integer[]))

table 4 : explain UPDATE sbtest4 set c=7 WHERE id IN ( 1755029, 543659, 1929439, 6350536, 408149, 3571733, 995021, 1023979, 9875786, 2884668)
	Update on sbtest4  (cost=0.43..48.53 rows=0 width=0)
	  ->  Index Scan using sbtest4_pkey on sbtest4  (cost=0.43..48.53 rows=10 width=490)
	        Index Cond: (id = ANY ('{1755029,543659,1929439,6350536,408149,3571733,995021,1023979,9875786,2884668}'::integer[]))

table 5 : explain UPDATE sbtest5 set c=7 WHERE id IN ( 1755029, 543659, 1929439, 6350536, 408149, 3571733, 995021, 1023979, 9875786, 2884668)
	Update on sbtest5  (cost=0.43..48.53 rows=0 width=0)
	  ->  Index Scan using sbtest5_pkey on sbtest5  (cost=0.43..48.53 rows=10 width=490)
	        Index Cond: (id = ANY ('{1755029,543659,1929439,6350536,408149,3571733,995021,1023979,9875786,2884668}'::integer[]))

table 6 : explain UPDATE sbtest6 set c=7 WHERE id IN ( 1755029, 543659, 1929439, 6350536, 408149, 3571733, 995021, 1023979, 9875786, 2884668)
	Update on sbtest6  (cost=0.43..48.53 rows=0 width=0)
	  ->  Index Scan using sbtest6_pkey on sbtest6  (cost=0.43..48.53 rows=10 width=490)
	        Index Cond: (id = ANY ('{1755029,543659,1929439,6350536,408149,3571733,995021,1023979,9875786,2884668}'::integer[]))

table 7 : explain UPDATE sbtest7 set c=7 WHERE id IN ( 1755029, 543659, 1929439, 6350536, 408149, 3571733, 995021, 1023979, 9875786, 2884668)
	Update on sbtest7  (cost=0.43..48.53 rows=0 width=0)
	  ->  Index Scan using sbtest7_pkey on sbtest7  (cost=0.43..48.53 rows=10 width=490)
	        Index Cond: (id = ANY ('{1755029,543659,1929439,6350536,408149,3571733,995021,1023979,9875786,2884668}'::integer[]))

table 8 : explain UPDATE sbtest8 set c=7 WHERE id IN ( 1755029, 543659, 1929439, 6350536, 408149, 3571733, 995021, 1023979, 9875786, 2884668)
	Update on sbtest8  (cost=0.43..48.53 rows=0 width=0)
	  ->  Index Scan using sbtest8_pkey on sbtest8  (cost=0.43..48.53 rows=10 width=490)
	        Index Cond: (id = ANY ('{1755029,543659,1929439,6350536,408149,3571733,995021,1023979,9875786,2884668}'::integer[]))

for update-inlist
table 1 : explain UPDATE sbtest1 set c=7 WHERE id IN ( 3565847, 911862, 6410815, 4476260, 3547229, 9229208, 392840, 5365871, 8035064, 2761439)
	Update on sbtest1  (cost=0.43..48.53 rows=0 width=0)
	  ->  Index Scan using sbtest1_pkey on sbtest1  (cost=0.43..48.53 rows=10 width=490)
	        Index Cond: (id = ANY ('{3565847,911862,6410815,4476260,3547229,9229208,392840,5365871,8035064,2761439}'::integer[]))

table 2 : explain UPDATE sbtest2 set c=7 WHERE id IN ( 3565847, 911862, 6410815, 4476260, 3547229, 9229208, 392840, 5365871, 8035064, 2761439)
	Update on sbtest2  (cost=0.43..48.53 rows=0 width=0)
	  ->  Index Scan using sbtest2_pkey on sbtest2  (cost=0.43..48.53 rows=10 width=490)
	        Index Cond: (id = ANY ('{3565847,911862,6410815,4476260,3547229,9229208,392840,5365871,8035064,2761439}'::integer[]))

table 3 : explain UPDATE sbtest3 set c=7 WHERE id IN ( 3565847, 911862, 6410815, 4476260, 3547229, 9229208, 392840, 5365871, 8035064, 2761439)
	Update on sbtest3  (cost=0.43..48.53 rows=0 width=0)
	  ->  Index Scan using sbtest3_pkey on sbtest3  (cost=0.43..48.53 rows=10 width=490)
	        Index Cond: (id = ANY ('{3565847,911862,6410815,4476260,3547229,9229208,392840,5365871,8035064,2761439}'::integer[]))

table 4 : explain UPDATE sbtest4 set c=7 WHERE id IN ( 3565847, 911862, 6410815, 4476260, 3547229, 9229208, 392840, 5365871, 8035064, 2761439)
	Update on sbtest4  (cost=0.43..48.53 rows=0 width=0)
	  ->  Index Scan using sbtest4_pkey on sbtest4  (cost=0.43..48.53 rows=10 width=490)
	        Index Cond: (id = ANY ('{3565847,911862,6410815,4476260,3547229,9229208,392840,5365871,8035064,2761439}'::integer[]))

table 5 : explain UPDATE sbtest5 set c=7 WHERE id IN ( 3565847, 911862, 6410815, 4476260, 3547229, 9229208, 392840, 5365871, 8035064, 2761439)
	Update on sbtest5  (cost=0.43..48.53 rows=0 width=0)
	  ->  Index Scan using sbtest5_pkey on sbtest5  (cost=0.43..48.53 rows=10 width=490)
	        Index Cond: (id = ANY ('{3565847,911862,6410815,4476260,3547229,9229208,392840,5365871,8035064,2761439}'::integer[]))

table 6 : explain UPDATE sbtest6 set c=7 WHERE id IN ( 3565847, 911862, 6410815, 4476260, 3547229, 9229208, 392840, 5365871, 8035064, 2761439)
	Update on sbtest6  (cost=0.43..48.53 rows=0 width=0)
	  ->  Index Scan using sbtest6_pkey on sbtest6  (cost=0.43..48.53 rows=10 width=490)
	        Index Cond: (id = ANY ('{3565847,911862,6410815,4476260,3547229,9229208,392840,5365871,8035064,2761439}'::integer[]))

table 7 : explain UPDATE sbtest7 set c=7 WHERE id IN ( 3565847, 911862, 6410815, 4476260, 3547229, 9229208, 392840, 5365871, 8035064, 2761439)
	Update on sbtest7  (cost=0.43..48.53 rows=0 width=0)
	  ->  Index Scan using sbtest7_pkey on sbtest7  (cost=0.43..48.53 rows=10 width=490)
	        Index Cond: (id = ANY ('{3565847,911862,6410815,4476260,3547229,9229208,392840,5365871,8035064,2761439}'::integer[]))

table 8 : explain UPDATE sbtest8 set c=7 WHERE id IN ( 3565847, 911862, 6410815, 4476260, 3547229, 9229208, 392840, 5365871, 8035064, 2761439)
	Update on sbtest8  (cost=0.43..48.53 rows=0 width=0)
	  ->  Index Scan using sbtest8_pkey on sbtest8  (cost=0.43..48.53 rows=10 width=490)
	        Index Cond: (id = ANY ('{3565847,911862,6410815,4476260,3547229,9229208,392840,5365871,8035064,2761439}'::integer[]))

for update-inlist
table 1 : explain UPDATE sbtest1 set c=7 WHERE id IN ( 8259929, 6178368, 5319646, 5550444, 795561, 2325215, 1794050, 3731108, 5311888, 8904161)
	Update on sbtest1  (cost=0.43..48.53 rows=0 width=0)
	  ->  Index Scan using sbtest1_pkey on sbtest1  (cost=0.43..48.53 rows=10 width=490)
	        Index Cond: (id = ANY ('{8259929,6178368,5319646,5550444,795561,2325215,1794050,3731108,5311888,8904161}'::integer[]))

table 2 : explain UPDATE sbtest2 set c=7 WHERE id IN ( 8259929, 6178368, 5319646, 5550444, 795561, 2325215, 1794050, 3731108, 5311888, 8904161)
	Update on sbtest2  (cost=0.43..48.53 rows=0 width=0)
	  ->  Index Scan using sbtest2_pkey on sbtest2  (cost=0.43..48.53 rows=10 width=490)
	        Index Cond: (id = ANY ('{8259929,6178368,5319646,5550444,795561,2325215,1794050,3731108,5311888,8904161}'::integer[]))

table 3 : explain UPDATE sbtest3 set c=7 WHERE id IN ( 8259929, 6178368, 5319646, 5550444, 795561, 2325215, 1794050, 3731108, 5311888, 8904161)
	Update on sbtest3  (cost=0.43..48.53 rows=0 width=0)
	  ->  Index Scan using sbtest3_pkey on sbtest3  (cost=0.43..48.53 rows=10 width=490)
	        Index Cond: (id = ANY ('{8259929,6178368,5319646,5550444,795561,2325215,1794050,3731108,5311888,8904161}'::integer[]))

table 4 : explain UPDATE sbtest4 set c=7 WHERE id IN ( 8259929, 6178368, 5319646, 5550444, 795561, 2325215, 1794050, 3731108, 5311888, 8904161)
	Update on sbtest4  (cost=0.43..48.53 rows=0 width=0)
	  ->  Index Scan using sbtest4_pkey on sbtest4  (cost=0.43..48.53 rows=10 width=490)
	        Index Cond: (id = ANY ('{8259929,6178368,5319646,5550444,795561,2325215,1794050,3731108,5311888,8904161}'::integer[]))

table 5 : explain UPDATE sbtest5 set c=7 WHERE id IN ( 8259929, 6178368, 5319646, 5550444, 795561, 2325215, 1794050, 3731108, 5311888, 8904161)
	Update on sbtest5  (cost=0.43..48.53 rows=0 width=0)
	  ->  Index Scan using sbtest5_pkey on sbtest5  (cost=0.43..48.53 rows=10 width=490)
	        Index Cond: (id = ANY ('{8259929,6178368,5319646,5550444,795561,2325215,1794050,3731108,5311888,8904161}'::integer[]))

table 6 : explain UPDATE sbtest6 set c=7 WHERE id IN ( 8259929, 6178368, 5319646, 5550444, 795561, 2325215, 1794050, 3731108, 5311888, 8904161)
	Update on sbtest6  (cost=0.43..48.53 rows=0 width=0)
	  ->  Index Scan using sbtest6_pkey on sbtest6  (cost=0.43..48.53 rows=10 width=490)
	        Index Cond: (id = ANY ('{8259929,6178368,5319646,5550444,795561,2325215,1794050,3731108,5311888,8904161}'::integer[]))

table 7 : explain UPDATE sbtest7 set c=7 WHERE id IN ( 8259929, 6178368, 5319646, 5550444, 795561, 2325215, 1794050, 3731108, 5311888, 8904161)
	Update on sbtest7  (cost=0.43..48.53 rows=0 width=0)
	  ->  Index Scan using sbtest7_pkey on sbtest7  (cost=0.43..48.53 rows=10 width=490)
	        Index Cond: (id = ANY ('{8259929,6178368,5319646,5550444,795561,2325215,1794050,3731108,5311888,8904161}'::integer[]))

table 8 : explain UPDATE sbtest8 set c=7 WHERE id IN ( 8259929, 6178368, 5319646, 5550444, 795561, 2325215, 1794050, 3731108, 5311888, 8904161)
	Update on sbtest8  (cost=0.43..48.53 rows=0 width=0)
	  ->  Index Scan using sbtest8_pkey on sbtest8  (cost=0.43..48.53 rows=10 width=490)
	        Index Cond: (id = ANY ('{8259929,6178368,5319646,5550444,795561,2325215,1794050,3731108,5311888,8904161}'::integer[]))

explain: for update-inlist :: explain UPDATE sbtest%d set c=7 WHERE id IN ( 3349929, 4084503, 1615283, 783679, 9224686, 6335069, 5256500, 2623661, 2199040, 962653)
explain: for update-inlist :: explain UPDATE sbtest%d set c=7 WHERE id IN ( 559766, 3960740, 4970797, 2758097, 6238208, 7682328, 9320637, 5173572, 107943, 7671955)
for update-inlist
table 1 : explain UPDATE sbtest1 set c=7 WHERE id IN ( 9016231, 1229253, 7576968, 5997825, 9532596, 9598362, 7876841, 1652851, 7557506, 5952519)
	Update on sbtest1  (cost=0.43..48.53 rows=0 width=0)
	  ->  Index Scan using sbtest1_pkey on sbtest1  (cost=0.43..48.53 rows=10 width=490)
	        Index Cond: (id = ANY ('{9016231,1229253,7576968,5997825,9532596,9598362,7876841,1652851,7557506,5952519}'::integer[]))

table 2 : explain UPDATE sbtest2 set c=7 WHERE id IN ( 9016231, 1229253, 7576968, 5997825, 9532596, 9598362, 7876841, 1652851, 7557506, 5952519)
	Update on sbtest2  (cost=0.43..48.53 rows=0 width=0)
	  ->  Index Scan using sbtest2_pkey on sbtest2  (cost=0.43..48.53 rows=10 width=490)
	        Index Cond: (id = ANY ('{9016231,1229253,7576968,5997825,9532596,9598362,7876841,1652851,7557506,5952519}'::integer[]))

table 3 : explain UPDATE sbtest3 set c=7 WHERE id IN ( 9016231, 1229253, 7576968, 5997825, 9532596, 9598362, 7876841, 1652851, 7557506, 5952519)
	Update on sbtest3  (cost=0.43..48.53 rows=0 width=0)
	  ->  Index Scan using sbtest3_pkey on sbtest3  (cost=0.43..48.53 rows=10 width=490)
	        Index Cond: (id = ANY ('{9016231,1229253,7576968,5997825,9532596,9598362,7876841,1652851,7557506,5952519}'::integer[]))

table 4 : explain UPDATE sbtest4 set c=7 WHERE id IN ( 9016231, 1229253, 7576968, 5997825, 9532596, 9598362, 7876841, 1652851, 7557506, 5952519)
	Update on sbtest4  (cost=0.43..48.53 rows=0 width=0)
	  ->  Index Scan using sbtest4_pkey on sbtest4  (cost=0.43..48.53 rows=10 width=490)
	        Index Cond: (id = ANY ('{9016231,1229253,7576968,5997825,9532596,9598362,7876841,1652851,7557506,5952519}'::integer[]))

table 5 : explain UPDATE sbtest5 set c=7 WHERE id IN ( 9016231, 1229253, 7576968, 5997825, 9532596, 9598362, 7876841, 1652851, 7557506, 5952519)
	Update on sbtest5  (cost=0.43..48.53 rows=0 width=0)
	  ->  Index Scan using sbtest5_pkey on sbtest5  (cost=0.43..48.53 rows=10 width=490)
	        Index Cond: (id = ANY ('{9016231,1229253,7576968,5997825,9532596,9598362,7876841,1652851,7557506,5952519}'::integer[]))

table 6 : explain UPDATE sbtest6 set c=7 WHERE id IN ( 9016231, 1229253, 7576968, 5997825, 9532596, 9598362, 7876841, 1652851, 7557506, 5952519)
	Update on sbtest6  (cost=0.43..48.53 rows=0 width=0)
	  ->  Index Scan using sbtest6_pkey on sbtest6  (cost=0.43..48.53 rows=10 width=490)
	        Index Cond: (id = ANY ('{9016231,1229253,7576968,5997825,9532596,9598362,7876841,1652851,7557506,5952519}'::integer[]))

table 7 : explain UPDATE sbtest7 set c=7 WHERE id IN ( 9016231, 1229253, 7576968, 5997825, 9532596, 9598362, 7876841, 1652851, 7557506, 5952519)
	Update on sbtest7  (cost=0.43..48.53 rows=0 width=0)
	  ->  Index Scan using sbtest7_pkey on sbtest7  (cost=0.43..48.53 rows=10 width=490)
	        Index Cond: (id = ANY ('{9016231,1229253,7576968,5997825,9532596,9598362,7876841,1652851,7557506,5952519}'::integer[]))

table 8 : explain UPDATE sbtest8 set c=7 WHERE id IN ( 9016231, 1229253, 7576968, 5997825, 9532596, 9598362, 7876841, 1652851, 7557506, 5952519)
	Update on sbtest8  (cost=0.43..48.53 rows=0 width=0)
	  ->  Index Scan using sbtest8_pkey on sbtest8  (cost=0.43..48.53 rows=10 width=490)
	        Index Cond: (id = ANY ('{9016231,1229253,7576968,5997825,9532596,9598362,7876841,1652851,7557506,5952519}'::integer[]))

for update-inlist
table 1 : explain UPDATE sbtest1 set c=7 WHERE id IN ( 5730843, 7306701, 7612119, 8670867, 6074117, 7201232, 5588159, 9655043, 1147600, 8081447)
	Update on sbtest1  (cost=0.43..48.53 rows=0 width=0)
	  ->  Index Scan using sbtest1_pkey on sbtest1  (cost=0.43..48.53 rows=10 width=490)
	        Index Cond: (id = ANY ('{5730843,7306701,7612119,8670867,6074117,7201232,5588159,9655043,1147600,8081447}'::integer[]))

table 2 : explain UPDATE sbtest2 set c=7 WHERE id IN ( 5730843, 7306701, 7612119, 8670867, 6074117, 7201232, 5588159, 9655043, 1147600, 8081447)
	Update on sbtest2  (cost=0.43..48.53 rows=0 width=0)
	  ->  Index Scan using sbtest2_pkey on sbtest2  (cost=0.43..48.53 rows=10 width=490)
	        Index Cond: (id = ANY ('{5730843,7306701,7612119,8670867,6074117,7201232,5588159,9655043,1147600,8081447}'::integer[]))

table 3 : explain UPDATE sbtest3 set c=7 WHERE id IN ( 5730843, 7306701, 7612119, 8670867, 6074117, 7201232, 5588159, 9655043, 1147600, 8081447)
	Update on sbtest3  (cost=0.43..48.53 rows=0 width=0)
	  ->  Index Scan using sbtest3_pkey on sbtest3  (cost=0.43..48.53 rows=10 width=490)
	        Index Cond: (id = ANY ('{5730843,7306701,7612119,8670867,6074117,7201232,5588159,9655043,1147600,8081447}'::integer[]))

table 4 : explain UPDATE sbtest4 set c=7 WHERE id IN ( 5730843, 7306701, 7612119, 8670867, 6074117, 7201232, 5588159, 9655043, 1147600, 8081447)
	Update on sbtest4  (cost=0.43..48.53 rows=0 width=0)
	  ->  Index Scan using sbtest4_pkey on sbtest4  (cost=0.43..48.53 rows=10 width=490)
	        Index Cond: (id = ANY ('{5730843,7306701,7612119,8670867,6074117,7201232,5588159,9655043,1147600,8081447}'::integer[]))

table 5 : explain UPDATE sbtest5 set c=7 WHERE id IN ( 5730843, 7306701, 7612119, 8670867, 6074117, 7201232, 5588159, 9655043, 1147600, 8081447)
	Update on sbtest5  (cost=0.43..48.53 rows=0 width=0)
	  ->  Index Scan using sbtest5_pkey on sbtest5  (cost=0.43..48.53 rows=10 width=490)
	        Index Cond: (id = ANY ('{5730843,7306701,7612119,8670867,6074117,7201232,5588159,9655043,1147600,8081447}'::integer[]))

table 6 : explain UPDATE sbtest6 set c=7 WHERE id IN ( 5730843, 7306701, 7612119, 8670867, 6074117, 7201232, 5588159, 9655043, 1147600, 8081447)
	Update on sbtest6  (cost=0.43..48.53 rows=0 width=0)
	  ->  Index Scan using sbtest6_pkey on sbtest6  (cost=0.43..48.53 rows=10 width=490)
	        Index Cond: (id = ANY ('{5730843,7306701,7612119,8670867,6074117,7201232,5588159,9655043,1147600,8081447}'::integer[]))

table 7 : explain UPDATE sbtest7 set c=7 WHERE id IN ( 5730843, 7306701, 7612119, 8670867, 6074117, 7201232, 5588159, 9655043, 1147600, 8081447)
	Update on sbtest7  (cost=0.43..48.53 rows=0 width=0)
	  ->  Index Scan using sbtest7_pkey on sbtest7  (cost=0.43..48.53 rows=10 width=490)
	        Index Cond: (id = ANY ('{5730843,7306701,7612119,8670867,6074117,7201232,5588159,9655043,1147600,8081447}'::integer[]))

table 8 : explain UPDATE sbtest8 set c=7 WHERE id IN ( 5730843, 7306701, 7612119, 8670867, 6074117, 7201232, 5588159, 9655043, 1147600, 8081447)
	Update on sbtest8  (cost=0.43..48.53 rows=0 width=0)
	  ->  Index Scan using sbtest8_pkey on sbtest8  (cost=0.43..48.53 rows=10 width=490)
	        Index Cond: (id = ANY ('{5730843,7306701,7612119,8670867,6074117,7201232,5588159,9655043,1147600,8081447}'::integer[]))

for update-inlist
table 1 : explain UPDATE sbtest1 set c=7 WHERE id IN ( 8851062, 1211471, 580119, 1382375, 1428544, 6851819, 2793063, 5919166, 5267967, 4848339)
	Update on sbtest1  (cost=0.43..48.53 rows=0 width=0)
	  ->  Index Scan using sbtest1_pkey on sbtest1  (cost=0.43..48.53 rows=10 width=490)
	        Index Cond: (id = ANY ('{8851062,1211471,580119,1382375,1428544,6851819,2793063,5919166,5267967,4848339}'::integer[]))

table 2 : explain UPDATE sbtest2 set c=7 WHERE id IN ( 8851062, 1211471, 580119, 1382375, 1428544, 6851819, 2793063, 5919166, 5267967, 4848339)
	Update on sbtest2  (cost=0.43..48.53 rows=0 width=0)
	  ->  Index Scan using sbtest2_pkey on sbtest2  (cost=0.43..48.53 rows=10 width=490)
	        Index Cond: (id = ANY ('{8851062,1211471,580119,1382375,1428544,6851819,2793063,5919166,5267967,4848339}'::integer[]))

table 3 : explain UPDATE sbtest3 set c=7 WHERE id IN ( 8851062, 1211471, 580119, 1382375, 1428544, 6851819, 2793063, 5919166, 5267967, 4848339)
	Update on sbtest3  (cost=0.43..48.53 rows=0 width=0)
	  ->  Index Scan using sbtest3_pkey on sbtest3  (cost=0.43..48.53 rows=10 width=490)
	        Index Cond: (id = ANY ('{8851062,1211471,580119,1382375,1428544,6851819,2793063,5919166,5267967,4848339}'::integer[]))

table 4 : explain UPDATE sbtest4 set c=7 WHERE id IN ( 8851062, 1211471, 580119, 1382375, 1428544, 6851819, 2793063, 5919166, 5267967, 4848339)
	Update on sbtest4  (cost=0.43..48.53 rows=0 width=0)
	  ->  Index Scan using sbtest4_pkey on sbtest4  (cost=0.43..48.53 rows=10 width=490)
	        Index Cond: (id = ANY ('{8851062,1211471,580119,1382375,1428544,6851819,2793063,5919166,5267967,4848339}'::integer[]))

table 5 : explain UPDATE sbtest5 set c=7 WHERE id IN ( 8851062, 1211471, 580119, 1382375, 1428544, 6851819, 2793063, 5919166, 5267967, 4848339)
	Update on sbtest5  (cost=0.43..48.53 rows=0 width=0)
	  ->  Index Scan using sbtest5_pkey on sbtest5  (cost=0.43..48.53 rows=10 width=490)
	        Index Cond: (id = ANY ('{8851062,1211471,580119,1382375,1428544,6851819,2793063,5919166,5267967,4848339}'::integer[]))

table 6 : explain UPDATE sbtest6 set c=7 WHERE id IN ( 8851062, 1211471, 580119, 1382375, 1428544, 6851819, 2793063, 5919166, 5267967, 4848339)
	Update on sbtest6  (cost=0.43..48.53 rows=0 width=0)
	  ->  Index Scan using sbtest6_pkey on sbtest6  (cost=0.43..48.53 rows=10 width=490)
	        Index Cond: (id = ANY ('{8851062,1211471,580119,1382375,1428544,6851819,2793063,5919166,5267967,4848339}'::integer[]))

table 7 : explain UPDATE sbtest7 set c=7 WHERE id IN ( 8851062, 1211471, 580119, 1382375, 1428544, 6851819, 2793063, 5919166, 5267967, 4848339)
	Update on sbtest7  (cost=0.43..48.53 rows=0 width=0)
	  ->  Index Scan using sbtest7_pkey on sbtest7  (cost=0.43..48.53 rows=10 width=490)
	        Index Cond: (id = ANY ('{8851062,1211471,580119,1382375,1428544,6851819,2793063,5919166,5267967,4848339}'::integer[]))

table 8 : explain UPDATE sbtest8 set c=7 WHERE id IN ( 8851062, 1211471, 580119, 1382375, 1428544, 6851819, 2793063, 5919166, 5267967, 4848339)
	Update on sbtest8  (cost=0.43..48.53 rows=0 width=0)
	  ->  Index Scan using sbtest8_pkey on sbtest8  (cost=0.43..48.53 rows=10 width=490)
	        Index Cond: (id = ANY ('{8851062,1211471,580119,1382375,1428544,6851819,2793063,5919166,5267967,4848339}'::integer[]))

explain: for update-inlist :: explain UPDATE sbtest%d set c=7 WHERE id IN ( 1117889, 339959, 7746477, 340528, 4936952, 6973869, 3812438, 1612295, 413960, 6500529)
for update-inlist
table 1 : explain UPDATE sbtest1 set c=7 WHERE id IN ( 2606767, 6677984, 323206, 7337245, 6294523, 3584462, 7857058, 3318294, 7361676, 4266082)
	Update on sbtest1  (cost=0.43..48.53 rows=0 width=0)
	  ->  Index Scan using sbtest1_pkey on sbtest1  (cost=0.43..48.53 rows=10 width=490)
	        Index Cond: (id = ANY ('{2606767,6677984,323206,7337245,6294523,3584462,7857058,3318294,7361676,4266082}'::integer[]))

table 2 : explain UPDATE sbtest2 set c=7 WHERE id IN ( 2606767, 6677984, 323206, 7337245, 6294523, 3584462, 7857058, 3318294, 7361676, 4266082)
	Update on sbtest2  (cost=0.43..48.53 rows=0 width=0)
	  ->  Index Scan using sbtest2_pkey on sbtest2  (cost=0.43..48.53 rows=10 width=490)
	        Index Cond: (id = ANY ('{2606767,6677984,323206,7337245,6294523,3584462,7857058,3318294,7361676,4266082}'::integer[]))

table 3 : explain UPDATE sbtest3 set c=7 WHERE id IN ( 2606767, 6677984, 323206, 7337245, 6294523, 3584462, 7857058, 3318294, 7361676, 4266082)
	Update on sbtest3  (cost=0.43..48.53 rows=0 width=0)
	  ->  Index Scan using sbtest3_pkey on sbtest3  (cost=0.43..48.53 rows=10 width=490)
	        Index Cond: (id = ANY ('{2606767,6677984,323206,7337245,6294523,3584462,7857058,3318294,7361676,4266082}'::integer[]))

table 4 : explain UPDATE sbtest4 set c=7 WHERE id IN ( 2606767, 6677984, 323206, 7337245, 6294523, 3584462, 7857058, 3318294, 7361676, 4266082)
	Update on sbtest4  (cost=0.43..48.53 rows=0 width=0)
	  ->  Index Scan using sbtest4_pkey on sbtest4  (cost=0.43..48.53 rows=10 width=490)
	        Index Cond: (id = ANY ('{2606767,6677984,323206,7337245,6294523,3584462,7857058,3318294,7361676,4266082}'::integer[]))

table 5 : explain UPDATE sbtest5 set c=7 WHERE id IN ( 2606767, 6677984, 323206, 7337245, 6294523, 3584462, 7857058, 3318294, 7361676, 4266082)
	Update on sbtest5  (cost=0.43..48.53 rows=0 width=0)
	  ->  Index Scan using sbtest5_pkey on sbtest5  (cost=0.43..48.53 rows=10 width=490)
	        Index Cond: (id = ANY ('{2606767,6677984,323206,7337245,6294523,3584462,7857058,3318294,7361676,4266082}'::integer[]))

table 6 : explain UPDATE sbtest6 set c=7 WHERE id IN ( 2606767, 6677984, 323206, 7337245, 6294523, 3584462, 7857058, 3318294, 7361676, 4266082)
	Update on sbtest6  (cost=0.43..48.53 rows=0 width=0)
	  ->  Index Scan using sbtest6_pkey on sbtest6  (cost=0.43..48.53 rows=10 width=490)
	        Index Cond: (id = ANY ('{2606767,6677984,323206,7337245,6294523,3584462,7857058,3318294,7361676,4266082}'::integer[]))

table 7 : explain UPDATE sbtest7 set c=7 WHERE id IN ( 2606767, 6677984, 323206, 7337245, 6294523, 3584462, 7857058, 3318294, 7361676, 4266082)
	Update on sbtest7  (cost=0.43..48.53 rows=0 width=0)
	  ->  Index Scan using sbtest7_pkey on sbtest7  (cost=0.43..48.53 rows=10 width=490)
	        Index Cond: (id = ANY ('{2606767,6677984,323206,7337245,6294523,3584462,7857058,3318294,7361676,4266082}'::integer[]))

table 8 : explain UPDATE sbtest8 set c=7 WHERE id IN ( 2606767, 6677984, 323206, 7337245, 6294523, 3584462, 7857058, 3318294, 7361676, 4266082)
	Update on sbtest8  (cost=0.43..48.53 rows=0 width=0)
	  ->  Index Scan using sbtest8_pkey on sbtest8  (cost=0.43..48.53 rows=10 width=490)
	        Index Cond: (id = ANY ('{2606767,6677984,323206,7337245,6294523,3584462,7857058,3318294,7361676,4266082}'::integer[]))

explain: for update-inlist :: explain UPDATE sbtest%d set c=7 WHERE id IN ( 9246699, 2429111, 908351, 8884772, 9311885, 3963959, 1205608, 1778043, 2334200, 7799260)
for update-inlist
table 1 : explain UPDATE sbtest1 set c=7 WHERE id IN ( 3349929, 4084503, 1615283, 783679, 9224686, 6335069, 5256500, 2623661, 2199040, 962653)
	Update on sbtest1  (cost=0.43..48.53 rows=0 width=0)
	  ->  Index Scan using sbtest1_pkey on sbtest1  (cost=0.43..48.53 rows=10 width=490)
	        Index Cond: (id = ANY ('{3349929,4084503,1615283,783679,9224686,6335069,5256500,2623661,2199040,962653}'::integer[]))

table 2 : explain UPDATE sbtest2 set c=7 WHERE id IN ( 3349929, 4084503, 1615283, 783679, 9224686, 6335069, 5256500, 2623661, 2199040, 962653)
	Update on sbtest2  (cost=0.43..48.53 rows=0 width=0)
	  ->  Index Scan using sbtest2_pkey on sbtest2  (cost=0.43..48.53 rows=10 width=490)
	        Index Cond: (id = ANY ('{3349929,4084503,1615283,783679,9224686,6335069,5256500,2623661,2199040,962653}'::integer[]))

table 3 : explain UPDATE sbtest3 set c=7 WHERE id IN ( 3349929, 4084503, 1615283, 783679, 9224686, 6335069, 5256500, 2623661, 2199040, 962653)
	Update on sbtest3  (cost=0.43..48.53 rows=0 width=0)
	  ->  Index Scan using sbtest3_pkey on sbtest3  (cost=0.43..48.53 rows=10 width=490)
	        Index Cond: (id = ANY ('{3349929,4084503,1615283,783679,9224686,6335069,5256500,2623661,2199040,962653}'::integer[]))

table 4 : explain UPDATE sbtest4 set c=7 WHERE id IN ( 3349929, 4084503, 1615283, 783679, 9224686, 6335069, 5256500, 2623661, 2199040, 962653)
	Update on sbtest4  (cost=0.43..48.53 rows=0 width=0)
	  ->  Index Scan using sbtest4_pkey on sbtest4  (cost=0.43..48.53 rows=10 width=490)
	        Index Cond: (id = ANY ('{3349929,4084503,1615283,783679,9224686,6335069,5256500,2623661,2199040,962653}'::integer[]))

table 5 : explain UPDATE sbtest5 set c=7 WHERE id IN ( 3349929, 4084503, 1615283, 783679, 9224686, 6335069, 5256500, 2623661, 2199040, 962653)
	Update on sbtest5  (cost=0.43..48.53 rows=0 width=0)
	  ->  Index Scan using sbtest5_pkey on sbtest5  (cost=0.43..48.53 rows=10 width=490)
	        Index Cond: (id = ANY ('{3349929,4084503,1615283,783679,9224686,6335069,5256500,2623661,2199040,962653}'::integer[]))

table 6 : explain UPDATE sbtest6 set c=7 WHERE id IN ( 3349929, 4084503, 1615283, 783679, 9224686, 6335069, 5256500, 2623661, 2199040, 962653)
	Update on sbtest6  (cost=0.43..48.53 rows=0 width=0)
	  ->  Index Scan using sbtest6_pkey on sbtest6  (cost=0.43..48.53 rows=10 width=490)
	        Index Cond: (id = ANY ('{3349929,4084503,1615283,783679,9224686,6335069,5256500,2623661,2199040,962653}'::integer[]))

table 7 : explain UPDATE sbtest7 set c=7 WHERE id IN ( 3349929, 4084503, 1615283, 783679, 9224686, 6335069, 5256500, 2623661, 2199040, 962653)
	Update on sbtest7  (cost=0.43..48.53 rows=0 width=0)
	  ->  Index Scan using sbtest7_pkey on sbtest7  (cost=0.43..48.53 rows=10 width=490)
	        Index Cond: (id = ANY ('{3349929,4084503,1615283,783679,9224686,6335069,5256500,2623661,2199040,962653}'::integer[]))

table 8 : explain UPDATE sbtest8 set c=7 WHERE id IN ( 3349929, 4084503, 1615283, 783679, 9224686, 6335069, 5256500, 2623661, 2199040, 962653)
	Update on sbtest8  (cost=0.43..48.53 rows=0 width=0)
	  ->  Index Scan using sbtest8_pkey on sbtest8  (cost=0.43..48.53 rows=10 width=490)
	        Index Cond: (id = ANY ('{3349929,4084503,1615283,783679,9224686,6335069,5256500,2623661,2199040,962653}'::integer[]))

for update-inlist
table 1 : explain UPDATE sbtest1 set c=7 WHERE id IN ( 559766, 3960740, 4970797, 2758097, 6238208, 7682328, 9320637, 5173572, 107943, 7671955)
	Update on sbtest1  (cost=0.43..48.53 rows=0 width=0)
	  ->  Index Scan using sbtest1_pkey on sbtest1  (cost=0.43..48.53 rows=10 width=490)
	        Index Cond: (id = ANY ('{559766,3960740,4970797,2758097,6238208,7682328,9320637,5173572,107943,7671955}'::integer[]))

table 2 : explain UPDATE sbtest2 set c=7 WHERE id IN ( 559766, 3960740, 4970797, 2758097, 6238208, 7682328, 9320637, 5173572, 107943, 7671955)
	Update on sbtest2  (cost=0.43..48.53 rows=0 width=0)
	  ->  Index Scan using sbtest2_pkey on sbtest2  (cost=0.43..48.53 rows=10 width=490)
	        Index Cond: (id = ANY ('{559766,3960740,4970797,2758097,6238208,7682328,9320637,5173572,107943,7671955}'::integer[]))

table 3 : explain UPDATE sbtest3 set c=7 WHERE id IN ( 559766, 3960740, 4970797, 2758097, 6238208, 7682328, 9320637, 5173572, 107943, 7671955)
	Update on sbtest3  (cost=0.43..48.53 rows=0 width=0)
	  ->  Index Scan using sbtest3_pkey on sbtest3  (cost=0.43..48.53 rows=10 width=490)
	        Index Cond: (id = ANY ('{559766,3960740,4970797,2758097,6238208,7682328,9320637,5173572,107943,7671955}'::integer[]))

table 4 : explain UPDATE sbtest4 set c=7 WHERE id IN ( 559766, 3960740, 4970797, 2758097, 6238208, 7682328, 9320637, 5173572, 107943, 7671955)
	Update on sbtest4  (cost=0.43..48.53 rows=0 width=0)
	  ->  Index Scan using sbtest4_pkey on sbtest4  (cost=0.43..48.53 rows=10 width=490)
	        Index Cond: (id = ANY ('{559766,3960740,4970797,2758097,6238208,7682328,9320637,5173572,107943,7671955}'::integer[]))

table 5 : explain UPDATE sbtest5 set c=7 WHERE id IN ( 559766, 3960740, 4970797, 2758097, 6238208, 7682328, 9320637, 5173572, 107943, 7671955)
	Update on sbtest5  (cost=0.43..48.53 rows=0 width=0)
	  ->  Index Scan using sbtest5_pkey on sbtest5  (cost=0.43..48.53 rows=10 width=490)
	        Index Cond: (id = ANY ('{559766,3960740,4970797,2758097,6238208,7682328,9320637,5173572,107943,7671955}'::integer[]))

table 6 : explain UPDATE sbtest6 set c=7 WHERE id IN ( 559766, 3960740, 4970797, 2758097, 6238208, 7682328, 9320637, 5173572, 107943, 7671955)
	Update on sbtest6  (cost=0.43..48.53 rows=0 width=0)
	  ->  Index Scan using sbtest6_pkey on sbtest6  (cost=0.43..48.53 rows=10 width=490)
	        Index Cond: (id = ANY ('{559766,3960740,4970797,2758097,6238208,7682328,9320637,5173572,107943,7671955}'::integer[]))

table 7 : explain UPDATE sbtest7 set c=7 WHERE id IN ( 559766, 3960740, 4970797, 2758097, 6238208, 7682328, 9320637, 5173572, 107943, 7671955)
	Update on sbtest7  (cost=0.43..48.53 rows=0 width=0)
	  ->  Index Scan using sbtest7_pkey on sbtest7  (cost=0.43..48.53 rows=10 width=490)
	        Index Cond: (id = ANY ('{559766,3960740,4970797,2758097,6238208,7682328,9320637,5173572,107943,7671955}'::integer[]))

table 8 : explain UPDATE sbtest8 set c=7 WHERE id IN ( 559766, 3960740, 4970797, 2758097, 6238208, 7682328, 9320637, 5173572, 107943, 7671955)
	Update on sbtest8  (cost=0.43..48.53 rows=0 width=0)
	  ->  Index Scan using sbtest8_pkey on sbtest8  (cost=0.43..48.53 rows=10 width=490)
	        Index Cond: (id = ANY ('{559766,3960740,4970797,2758097,6238208,7682328,9320637,5173572,107943,7671955}'::integer[]))

for update-inlist
table 1 : explain UPDATE sbtest1 set c=7 WHERE id IN ( 1117889, 339959, 7746477, 340528, 4936952, 6973869, 3812438, 1612295, 413960, 6500529)
	Update on sbtest1  (cost=0.43..48.53 rows=0 width=0)
	  ->  Index Scan using sbtest1_pkey on sbtest1  (cost=0.43..48.53 rows=10 width=490)
	        Index Cond: (id = ANY ('{1117889,339959,7746477,340528,4936952,6973869,3812438,1612295,413960,6500529}'::integer[]))

table 2 : explain UPDATE sbtest2 set c=7 WHERE id IN ( 1117889, 339959, 7746477, 340528, 4936952, 6973869, 3812438, 1612295, 413960, 6500529)
	Update on sbtest2  (cost=0.43..48.53 rows=0 width=0)
	  ->  Index Scan using sbtest2_pkey on sbtest2  (cost=0.43..48.53 rows=10 width=490)
	        Index Cond: (id = ANY ('{1117889,339959,7746477,340528,4936952,6973869,3812438,1612295,413960,6500529}'::integer[]))

table 3 : explain UPDATE sbtest3 set c=7 WHERE id IN ( 1117889, 339959, 7746477, 340528, 4936952, 6973869, 3812438, 1612295, 413960, 6500529)
	Update on sbtest3  (cost=0.43..48.53 rows=0 width=0)
	  ->  Index Scan using sbtest3_pkey on sbtest3  (cost=0.43..48.53 rows=10 width=490)
	        Index Cond: (id = ANY ('{1117889,339959,7746477,340528,4936952,6973869,3812438,1612295,413960,6500529}'::integer[]))

table 4 : explain UPDATE sbtest4 set c=7 WHERE id IN ( 1117889, 339959, 7746477, 340528, 4936952, 6973869, 3812438, 1612295, 413960, 6500529)
	Update on sbtest4  (cost=0.43..48.53 rows=0 width=0)
	  ->  Index Scan using sbtest4_pkey on sbtest4  (cost=0.43..48.53 rows=10 width=490)
	        Index Cond: (id = ANY ('{1117889,339959,7746477,340528,4936952,6973869,3812438,1612295,413960,6500529}'::integer[]))

table 5 : explain UPDATE sbtest5 set c=7 WHERE id IN ( 1117889, 339959, 7746477, 340528, 4936952, 6973869, 3812438, 1612295, 413960, 6500529)
	Update on sbtest5  (cost=0.43..48.53 rows=0 width=0)
	  ->  Index Scan using sbtest5_pkey on sbtest5  (cost=0.43..48.53 rows=10 width=490)
	        Index Cond: (id = ANY ('{1117889,339959,7746477,340528,4936952,6973869,3812438,1612295,413960,6500529}'::integer[]))

table 6 : explain UPDATE sbtest6 set c=7 WHERE id IN ( 1117889, 339959, 7746477, 340528, 4936952, 6973869, 3812438, 1612295, 413960, 6500529)
	Update on sbtest6  (cost=0.43..48.53 rows=0 width=0)
	  ->  Index Scan using sbtest6_pkey on sbtest6  (cost=0.43..48.53 rows=10 width=490)
	        Index Cond: (id = ANY ('{1117889,339959,7746477,340528,4936952,6973869,3812438,1612295,413960,6500529}'::integer[]))

table 7 : explain UPDATE sbtest7 set c=7 WHERE id IN ( 1117889, 339959, 7746477, 340528, 4936952, 6973869, 3812438, 1612295, 413960, 6500529)
	Update on sbtest7  (cost=0.43..48.53 rows=0 width=0)
	  ->  Index Scan using sbtest7_pkey on sbtest7  (cost=0.43..48.53 rows=10 width=490)
	        Index Cond: (id = ANY ('{1117889,339959,7746477,340528,4936952,6973869,3812438,1612295,413960,6500529}'::integer[]))

table 8 : explain UPDATE sbtest8 set c=7 WHERE id IN ( 1117889, 339959, 7746477, 340528, 4936952, 6973869, 3812438, 1612295, 413960, 6500529)
	Update on sbtest8  (cost=0.43..48.53 rows=0 width=0)
	  ->  Index Scan using sbtest8_pkey on sbtest8  (cost=0.43..48.53 rows=10 width=490)
	        Index Cond: (id = ANY ('{1117889,339959,7746477,340528,4936952,6973869,3812438,1612295,413960,6500529}'::integer[]))

for update-inlist
table 1 : explain UPDATE sbtest1 set c=7 WHERE id IN ( 9246699, 2429111, 908351, 8884772, 9311885, 3963959, 1205608, 1778043, 2334200, 7799260)
	Update on sbtest1  (cost=0.43..48.53 rows=0 width=0)
	  ->  Index Scan using sbtest1_pkey on sbtest1  (cost=0.43..48.53 rows=10 width=490)
	        Index Cond: (id = ANY ('{9246699,2429111,908351,8884772,9311885,3963959,1205608,1778043,2334200,7799260}'::integer[]))

table 2 : explain UPDATE sbtest2 set c=7 WHERE id IN ( 9246699, 2429111, 908351, 8884772, 9311885, 3963959, 1205608, 1778043, 2334200, 7799260)
	Update on sbtest2  (cost=0.43..48.53 rows=0 width=0)
	  ->  Index Scan using sbtest2_pkey on sbtest2  (cost=0.43..48.53 rows=10 width=490)
	        Index Cond: (id = ANY ('{9246699,2429111,908351,8884772,9311885,3963959,1205608,1778043,2334200,7799260}'::integer[]))

table 3 : explain UPDATE sbtest3 set c=7 WHERE id IN ( 9246699, 2429111, 908351, 8884772, 9311885, 3963959, 1205608, 1778043, 2334200, 7799260)
	Update on sbtest3  (cost=0.43..48.53 rows=0 width=0)
	  ->  Index Scan using sbtest3_pkey on sbtest3  (cost=0.43..48.53 rows=10 width=490)
	        Index Cond: (id = ANY ('{9246699,2429111,908351,8884772,9311885,3963959,1205608,1778043,2334200,7799260}'::integer[]))

table 4 : explain UPDATE sbtest4 set c=7 WHERE id IN ( 9246699, 2429111, 908351, 8884772, 9311885, 3963959, 1205608, 1778043, 2334200, 7799260)
	Update on sbtest4  (cost=0.43..48.53 rows=0 width=0)
	  ->  Index Scan using sbtest4_pkey on sbtest4  (cost=0.43..48.53 rows=10 width=490)
	        Index Cond: (id = ANY ('{9246699,2429111,908351,8884772,9311885,3963959,1205608,1778043,2334200,7799260}'::integer[]))

table 5 : explain UPDATE sbtest5 set c=7 WHERE id IN ( 9246699, 2429111, 908351, 8884772, 9311885, 3963959, 1205608, 1778043, 2334200, 7799260)
	Update on sbtest5  (cost=0.43..48.53 rows=0 width=0)
	  ->  Index Scan using sbtest5_pkey on sbtest5  (cost=0.43..48.53 rows=10 width=490)
	        Index Cond: (id = ANY ('{9246699,2429111,908351,8884772,9311885,3963959,1205608,1778043,2334200,7799260}'::integer[]))

table 6 : explain UPDATE sbtest6 set c=7 WHERE id IN ( 9246699, 2429111, 908351, 8884772, 9311885, 3963959, 1205608, 1778043, 2334200, 7799260)
	Update on sbtest6  (cost=0.43..48.53 rows=0 width=0)
	  ->  Index Scan using sbtest6_pkey on sbtest6  (cost=0.43..48.53 rows=10 width=490)
	        Index Cond: (id = ANY ('{9246699,2429111,908351,8884772,9311885,3963959,1205608,1778043,2334200,7799260}'::integer[]))

table 7 : explain UPDATE sbtest7 set c=7 WHERE id IN ( 9246699, 2429111, 908351, 8884772, 9311885, 3963959, 1205608, 1778043, 2334200, 7799260)
	Update on sbtest7  (cost=0.43..48.53 rows=0 width=0)
	  ->  Index Scan using sbtest7_pkey on sbtest7  (cost=0.43..48.53 rows=10 width=490)
	        Index Cond: (id = ANY ('{9246699,2429111,908351,8884772,9311885,3963959,1205608,1778043,2334200,7799260}'::integer[]))

table 8 : explain UPDATE sbtest8 set c=7 WHERE id IN ( 9246699, 2429111, 908351, 8884772, 9311885, 3963959, 1205608, 1778043, 2334200, 7799260)
	Update on sbtest8  (cost=0.43..48.53 rows=0 width=0)
	  ->  Index Scan using sbtest8_pkey on sbtest8  (cost=0.43..48.53 rows=10 width=490)
	        Index Cond: (id = ANY ('{9246699,2429111,908351,8884772,9311885,3963959,1205608,1778043,2334200,7799260}'::integer[]))

explain: for update-inlist :: explain UPDATE sbtest%d set c=7 WHERE id IN ( 6384166, 2331044, 1368369, 7666007, 78360, 8964983, 9923217, 146567, 6877714, 2143733)
explain: for update-inlist :: explain UPDATE sbtest%d set c=7 WHERE id IN ( 6186512, 6345848, 5065655, 2540102, 5502130, 726698, 7285476, 3274667, 116710, 2677555)
for update-inlist
table 1 : explain UPDATE sbtest1 set c=7 WHERE id IN ( 6384166, 2331044, 1368369, 7666007, 78360, 8964983, 9923217, 146567, 6877714, 2143733)
	Update on sbtest1  (cost=0.43..48.53 rows=0 width=0)
	  ->  Index Scan using sbtest1_pkey on sbtest1  (cost=0.43..48.53 rows=10 width=490)
	        Index Cond: (id = ANY ('{6384166,2331044,1368369,7666007,78360,8964983,9923217,146567,6877714,2143733}'::integer[]))

table 2 : explain UPDATE sbtest2 set c=7 WHERE id IN ( 6384166, 2331044, 1368369, 7666007, 78360, 8964983, 9923217, 146567, 6877714, 2143733)
	Update on sbtest2  (cost=0.43..48.53 rows=0 width=0)
	  ->  Index Scan using sbtest2_pkey on sbtest2  (cost=0.43..48.53 rows=10 width=490)
	        Index Cond: (id = ANY ('{6384166,2331044,1368369,7666007,78360,8964983,9923217,146567,6877714,2143733}'::integer[]))

table 3 : explain UPDATE sbtest3 set c=7 WHERE id IN ( 6384166, 2331044, 1368369, 7666007, 78360, 8964983, 9923217, 146567, 6877714, 2143733)
	Update on sbtest3  (cost=0.43..48.53 rows=0 width=0)
	  ->  Index Scan using sbtest3_pkey on sbtest3  (cost=0.43..48.53 rows=10 width=490)
	        Index Cond: (id = ANY ('{6384166,2331044,1368369,7666007,78360,8964983,9923217,146567,6877714,2143733}'::integer[]))

table 4 : explain UPDATE sbtest4 set c=7 WHERE id IN ( 6384166, 2331044, 1368369, 7666007, 78360, 8964983, 9923217, 146567, 6877714, 2143733)
	Update on sbtest4  (cost=0.43..48.53 rows=0 width=0)
	  ->  Index Scan using sbtest4_pkey on sbtest4  (cost=0.43..48.53 rows=10 width=490)
	        Index Cond: (id = ANY ('{6384166,2331044,1368369,7666007,78360,8964983,9923217,146567,6877714,2143733}'::integer[]))

table 5 : explain UPDATE sbtest5 set c=7 WHERE id IN ( 6384166, 2331044, 1368369, 7666007, 78360, 8964983, 9923217, 146567, 6877714, 2143733)
	Update on sbtest5  (cost=0.43..48.53 rows=0 width=0)
	  ->  Index Scan using sbtest5_pkey on sbtest5  (cost=0.43..48.53 rows=10 width=490)
	        Index Cond: (id = ANY ('{6384166,2331044,1368369,7666007,78360,8964983,9923217,146567,6877714,2143733}'::integer[]))

table 6 : explain UPDATE sbtest6 set c=7 WHERE id IN ( 6384166, 2331044, 1368369, 7666007, 78360, 8964983, 9923217, 146567, 6877714, 2143733)
	Update on sbtest6  (cost=0.43..48.53 rows=0 width=0)
	  ->  Index Scan using sbtest6_pkey on sbtest6  (cost=0.43..48.53 rows=10 width=490)
	        Index Cond: (id = ANY ('{6384166,2331044,1368369,7666007,78360,8964983,9923217,146567,6877714,2143733}'::integer[]))

table 7 : explain UPDATE sbtest7 set c=7 WHERE id IN ( 6384166, 2331044, 1368369, 7666007, 78360, 8964983, 9923217, 146567, 6877714, 2143733)
	Update on sbtest7  (cost=0.43..48.53 rows=0 width=0)
	  ->  Index Scan using sbtest7_pkey on sbtest7  (cost=0.43..48.53 rows=10 width=490)
	        Index Cond: (id = ANY ('{6384166,2331044,1368369,7666007,78360,8964983,9923217,146567,6877714,2143733}'::integer[]))

table 8 : explain UPDATE sbtest8 set c=7 WHERE id IN ( 6384166, 2331044, 1368369, 7666007, 78360, 8964983, 9923217, 146567, 6877714, 2143733)
	Update on sbtest8  (cost=0.43..48.53 rows=0 width=0)
	  ->  Index Scan using sbtest8_pkey on sbtest8  (cost=0.43..48.53 rows=10 width=490)
	        Index Cond: (id = ANY ('{6384166,2331044,1368369,7666007,78360,8964983,9923217,146567,6877714,2143733}'::integer[]))

for update-inlist
table 1 : explain UPDATE sbtest1 set c=7 WHERE id IN ( 6186512, 6345848, 5065655, 2540102, 5502130, 726698, 7285476, 3274667, 116710, 2677555)
	Update on sbtest1  (cost=0.43..48.53 rows=0 width=0)
	  ->  Index Scan using sbtest1_pkey on sbtest1  (cost=0.43..48.53 rows=10 width=490)
	        Index Cond: (id = ANY ('{6186512,6345848,5065655,2540102,5502130,726698,7285476,3274667,116710,2677555}'::integer[]))

table 2 : explain UPDATE sbtest2 set c=7 WHERE id IN ( 6186512, 6345848, 5065655, 2540102, 5502130, 726698, 7285476, 3274667, 116710, 2677555)
	Update on sbtest2  (cost=0.43..48.53 rows=0 width=0)
	  ->  Index Scan using sbtest2_pkey on sbtest2  (cost=0.43..48.53 rows=10 width=490)
	        Index Cond: (id = ANY ('{6186512,6345848,5065655,2540102,5502130,726698,7285476,3274667,116710,2677555}'::integer[]))

table 3 : explain UPDATE sbtest3 set c=7 WHERE id IN ( 6186512, 6345848, 5065655, 2540102, 5502130, 726698, 7285476, 3274667, 116710, 2677555)
	Update on sbtest3  (cost=0.43..48.53 rows=0 width=0)
	  ->  Index Scan using sbtest3_pkey on sbtest3  (cost=0.43..48.53 rows=10 width=490)
	        Index Cond: (id = ANY ('{6186512,6345848,5065655,2540102,5502130,726698,7285476,3274667,116710,2677555}'::integer[]))

table 4 : explain UPDATE sbtest4 set c=7 WHERE id IN ( 6186512, 6345848, 5065655, 2540102, 5502130, 726698, 7285476, 3274667, 116710, 2677555)
	Update on sbtest4  (cost=0.43..48.53 rows=0 width=0)
	  ->  Index Scan using sbtest4_pkey on sbtest4  (cost=0.43..48.53 rows=10 width=490)
	        Index Cond: (id = ANY ('{6186512,6345848,5065655,2540102,5502130,726698,7285476,3274667,116710,2677555}'::integer[]))

table 5 : explain UPDATE sbtest5 set c=7 WHERE id IN ( 6186512, 6345848, 5065655, 2540102, 5502130, 726698, 7285476, 3274667, 116710, 2677555)
	Update on sbtest5  (cost=0.43..48.53 rows=0 width=0)
	  ->  Index Scan using sbtest5_pkey on sbtest5  (cost=0.43..48.53 rows=10 width=490)
	        Index Cond: (id = ANY ('{6186512,6345848,5065655,2540102,5502130,726698,7285476,3274667,116710,2677555}'::integer[]))

table 6 : explain UPDATE sbtest6 set c=7 WHERE id IN ( 6186512, 6345848, 5065655, 2540102, 5502130, 726698, 7285476, 3274667, 116710, 2677555)
	Update on sbtest6  (cost=0.43..48.53 rows=0 width=0)
	  ->  Index Scan using sbtest6_pkey on sbtest6  (cost=0.43..48.53 rows=10 width=490)
	        Index Cond: (id = ANY ('{6186512,6345848,5065655,2540102,5502130,726698,7285476,3274667,116710,2677555}'::integer[]))

table 7 : explain UPDATE sbtest7 set c=7 WHERE id IN ( 6186512, 6345848, 5065655, 2540102, 5502130, 726698, 7285476, 3274667, 116710, 2677555)
	Update on sbtest7  (cost=0.43..48.53 rows=0 width=0)
	  ->  Index Scan using sbtest7_pkey on sbtest7  (cost=0.43..48.53 rows=10 width=490)
	        Index Cond: (id = ANY ('{6186512,6345848,5065655,2540102,5502130,726698,7285476,3274667,116710,2677555}'::integer[]))

table 8 : explain UPDATE sbtest8 set c=7 WHERE id IN ( 6186512, 6345848, 5065655, 2540102, 5502130, 726698, 7285476, 3274667, 116710, 2677555)
	Update on sbtest8  (cost=0.43..48.53 rows=0 width=0)
	  ->  Index Scan using sbtest8_pkey on sbtest8  (cost=0.43..48.53 rows=10 width=490)
	        Index Cond: (id = ANY ('{6186512,6345848,5065655,2540102,5502130,726698,7285476,3274667,116710,2677555}'::integer[]))

explain: for update-inlist :: explain UPDATE sbtest%d set c=7 WHERE id IN ( 1980426, 5807304, 2534350, 1981459, 1062829, 745495, 1233319, 8438811, 6764332, 7542395)
for update-inlist
table 1 : explain UPDATE sbtest1 set c=7 WHERE id IN ( 1980426, 5807304, 2534350, 1981459, 1062829, 745495, 1233319, 8438811, 6764332, 7542395)
	Update on sbtest1  (cost=0.43..48.53 rows=0 width=0)
	  ->  Index Scan using sbtest1_pkey on sbtest1  (cost=0.43..48.53 rows=10 width=490)
	        Index Cond: (id = ANY ('{1980426,5807304,2534350,1981459,1062829,745495,1233319,8438811,6764332,7542395}'::integer[]))

table 2 : explain UPDATE sbtest2 set c=7 WHERE id IN ( 1980426, 5807304, 2534350, 1981459, 1062829, 745495, 1233319, 8438811, 6764332, 7542395)
	Update on sbtest2  (cost=0.43..48.53 rows=0 width=0)
	  ->  Index Scan using sbtest2_pkey on sbtest2  (cost=0.43..48.53 rows=10 width=490)
	        Index Cond: (id = ANY ('{1980426,5807304,2534350,1981459,1062829,745495,1233319,8438811,6764332,7542395}'::integer[]))

table 3 : explain UPDATE sbtest3 set c=7 WHERE id IN ( 1980426, 5807304, 2534350, 1981459, 1062829, 745495, 1233319, 8438811, 6764332, 7542395)
	Update on sbtest3  (cost=0.43..48.53 rows=0 width=0)
	  ->  Index Scan using sbtest3_pkey on sbtest3  (cost=0.43..48.53 rows=10 width=490)
	        Index Cond: (id = ANY ('{1980426,5807304,2534350,1981459,1062829,745495,1233319,8438811,6764332,7542395}'::integer[]))

table 4 : explain UPDATE sbtest4 set c=7 WHERE id IN ( 1980426, 5807304, 2534350, 1981459, 1062829, 745495, 1233319, 8438811, 6764332, 7542395)
	Update on sbtest4  (cost=0.43..48.53 rows=0 width=0)
	  ->  Index Scan using sbtest4_pkey on sbtest4  (cost=0.43..48.53 rows=10 width=490)
	        Index Cond: (id = ANY ('{1980426,5807304,2534350,1981459,1062829,745495,1233319,8438811,6764332,7542395}'::integer[]))

table 5 : explain UPDATE sbtest5 set c=7 WHERE id IN ( 1980426, 5807304, 2534350, 1981459, 1062829, 745495, 1233319, 8438811, 6764332, 7542395)
	Update on sbtest5  (cost=0.43..48.53 rows=0 width=0)
	  ->  Index Scan using sbtest5_pkey on sbtest5  (cost=0.43..48.53 rows=10 width=490)
	        Index Cond: (id = ANY ('{1980426,5807304,2534350,1981459,1062829,745495,1233319,8438811,6764332,7542395}'::integer[]))

table 6 : explain UPDATE sbtest6 set c=7 WHERE id IN ( 1980426, 5807304, 2534350, 1981459, 1062829, 745495, 1233319, 8438811, 6764332, 7542395)
	Update on sbtest6  (cost=0.43..48.53 rows=0 width=0)
	  ->  Index Scan using sbtest6_pkey on sbtest6  (cost=0.43..48.53 rows=10 width=490)
	        Index Cond: (id = ANY ('{1980426,5807304,2534350,1981459,1062829,745495,1233319,8438811,6764332,7542395}'::integer[]))

table 7 : explain UPDATE sbtest7 set c=7 WHERE id IN ( 1980426, 5807304, 2534350, 1981459, 1062829, 745495, 1233319, 8438811, 6764332, 7542395)
	Update on sbtest7  (cost=0.43..48.53 rows=0 width=0)
	  ->  Index Scan using sbtest7_pkey on sbtest7  (cost=0.43..48.53 rows=10 width=490)
	        Index Cond: (id = ANY ('{1980426,5807304,2534350,1981459,1062829,745495,1233319,8438811,6764332,7542395}'::integer[]))

table 8 : explain UPDATE sbtest8 set c=7 WHERE id IN ( 1980426, 5807304, 2534350, 1981459, 1062829, 745495, 1233319, 8438811, 6764332, 7542395)
	Update on sbtest8  (cost=0.43..48.53 rows=0 width=0)
	  ->  Index Scan using sbtest8_pkey on sbtest8  (cost=0.43..48.53 rows=10 width=490)
	        Index Cond: (id = ANY ('{1980426,5807304,2534350,1981459,1062829,745495,1233319,8438811,6764332,7542395}'::integer[]))

Threads started!

Warming up for 5 seconds...

SQL statistics:
    queries performed:
        read:                            0
        write:                           107477165
        other:                           0
        total:                           107477165
    transactions:                        107477165 (115565.83 per sec.)
    queries:                             107477165 (115565.83 per sec.)
    ignored errors:                      0      (0.00 per sec.)
    reconnects:                          0      (0.00 per sec.)

Throughput:
    events/s (eps):                      115565.8275
    time elapsed:                        930.0083s
    total number of events:              107477165

Latency (ms):
         min:                                    0.11
         avg:                                    0.35
         max:                                  361.72
         95th percentile:                        0.52
         sum:                             37127518.05

Threads fairness:
    events (avg/stddev):           2686929.1250/14728.60
    execution time (avg/stddev):   928.1880/0.03

