LUA_PATH=/home/mdcallag/git/mytools/bench/sysbench.lua/lua/?.lua /home/mdcallag/git/mytools/bench/sysbench.lua/lua/sysbench --db-driver=pgsql --range-size=1000 --table-size=10000000 --tables=8 --threads=40 --events=0 --warmup-time=5 --time=630 --pgsql_conn_id=true /home/mdcallag/git/mytools/bench/sysbench.lua/lua/oltp_read_only_count.lua run --pgsql-user=root --pgsql-password=pw --pgsql-host=127.0.0.1 --pgsql-db=ib --rand-type=uniform --skip-trx
48 CPUs
sysbench 1.1.0-9072687 (using bundled LuaJIT 2.1.0-beta3)

Running the test with following options:
Number of threads: 40
Warmup time: 5s
Initializing random number generator from current time


Initializing worker threads...

for: count_ranges
table 1 : explain SELECT count(c) FROM sbtest1 WHERE id BETWEEN 8942208 AND 8943207
	Aggregate  (cost=3968.03..3968.04 rows=1 width=8)
	  ->  Bitmap Heap Scan on sbtest1  (cost=30.94..3965.47 rows=1025 width=121)
	        Recheck Cond: ((id >= 8942208) AND (id <= 8943207))
	        ->  Bitmap Index Scan on sbtest1_pkey  (cost=0.00..30.68 rows=1025 width=0)
	              Index Cond: ((id >= 8942208) AND (id <= 8943207))

table 2 : explain SELECT count(c) FROM sbtest2 WHERE id BETWEEN 4186059 AND 4187058
	Aggregate  (cost=3633.41..3633.42 rows=1 width=8)
	  ->  Bitmap Heap Scan on sbtest2  (cost=30.03..3631.07 rows=936 width=121)
	        Recheck Cond: ((id >= 4186059) AND (id <= 4187058))
	        ->  Bitmap Index Scan on sbtest2_pkey  (cost=0.00..29.79 rows=936 width=0)
	              Index Cond: ((id >= 4186059) AND (id <= 4187058))

table 3 : explain SELECT count(c) FROM sbtest3 WHERE id BETWEEN 8165329 AND 8166328
	Aggregate  (cost=3822.91..3822.92 rows=1 width=8)
	  ->  Bitmap Heap Scan on sbtest3  (cost=30.54..3820.45 rows=986 width=121)
	        Recheck Cond: ((id >= 8165329) AND (id <= 8166328))
	        ->  Bitmap Index Scan on sbtest3_pkey  (cost=0.00..30.29 rows=986 width=0)
	              Index Cond: ((id >= 8165329) AND (id <= 8166328))

table 4 : explain SELECT count(c) FROM sbtest4 WHERE id BETWEEN 5537009 AND 5538008
	Aggregate  (cost=3947.41..3947.42 rows=1 width=8)
	  ->  Bitmap Heap Scan on sbtest4  (cost=30.88..3944.87 rows=1019 width=121)
	        Recheck Cond: ((id >= 5537009) AND (id <= 5538008))
	        ->  Bitmap Index Scan on sbtest4_pkey  (cost=0.00..30.62 rows=1019 width=0)
	              Index Cond: ((id >= 5537009) AND (id <= 5538008))

table 5 : explain SELECT count(c) FROM sbtest5 WHERE id BETWEEN 7152114 AND 7153113
	Aggregate  (cost=3528.24..3528.25 rows=1 width=8)
	  ->  Bitmap Heap Scan on sbtest5  (cost=29.73..3525.97 rows=907 width=121)
	        Recheck Cond: ((id >= 7152114) AND (id <= 7153113))
	        ->  Bitmap Index Scan on sbtest5_pkey  (cost=0.00..29.50 rows=907 width=0)
	              Index Cond: ((id >= 7152114) AND (id <= 7153113))

table 6 : explain SELECT count(c) FROM sbtest6 WHERE id BETWEEN 6005087 AND 6006086
	Aggregate  (cost=3820.99..3821.00 rows=1 width=8)
	  ->  Bitmap Heap Scan on sbtest6  (cost=30.53..3818.53 rows=985 width=121)
	        Recheck Cond: ((id >= 6005087) AND (id <= 6006086))
	        ->  Bitmap Index Scan on sbtest6_pkey  (cost=0.00..30.29 rows=985 width=0)
	              Index Cond: ((id >= 6005087) AND (id <= 6006086))

table 7 : explain SELECT count(c) FROM sbtest7 WHERE id BETWEEN 4144553 AND 4145552
	Aggregate  (cost=3725.39..3725.40 rows=1 width=8)
	  ->  Bitmap Heap Scan on sbtest7  (cost=30.26..3722.99 rows=959 width=121)
	        Recheck Cond: ((id >= 4144553) AND (id <= 4145552))
	        ->  Bitmap Index Scan on sbtest7_pkey  (cost=0.00..30.02 rows=959 width=0)
	              Index Cond: ((id >= 4144553) AND (id <= 4145552))

table 8 : explain SELECT count(c) FROM sbtest8 WHERE id BETWEEN 2047892 AND 2048891
	Aggregate  (cost=3817.57..3817.58 rows=1 width=8)
	  ->  Bitmap Heap Scan on sbtest8  (cost=30.52..3815.11 rows=984 width=121)
	        Recheck Cond: ((id >= 2047892) AND (id <= 2048891))
	        ->  Bitmap Index Scan on sbtest8_pkey  (cost=0.00..30.27 rows=984 width=0)
	              Index Cond: ((id >= 2047892) AND (id <= 2048891))

for: count_ranges
table 1 : explain SELECT count(c) FROM sbtest1 WHERE id BETWEEN 831616 AND 832615
	Aggregate  (cost=4013.24..4013.25 rows=1 width=8)
	  ->  Bitmap Heap Scan on sbtest1  (cost=31.06..4010.65 rows=1037 width=121)
	        Recheck Cond: ((id >= 831616) AND (id <= 832615))
	        ->  Bitmap Index Scan on sbtest1_pkey  (cost=0.00..30.80 rows=1037 width=0)
	              Index Cond: ((id >= 831616) AND (id <= 832615))

table 2 : explain SELECT count(c) FROM sbtest2 WHERE id BETWEEN 1074670 AND 1075669
	Aggregate  (cost=3519.67..3519.68 rows=1 width=8)
	  ->  Bitmap Heap Scan on sbtest2  (cost=25.73..3517.40 rows=907 width=121)
	        Recheck Cond: ((id >= 1074670) AND (id <= 1075669))
	        ->  Bitmap Index Scan on sbtest2_pkey  (cost=0.00..25.50 rows=907 width=0)
	              Index Cond: ((id >= 1074670) AND (id <= 1075669))

table 3 : explain SELECT count(c) FROM sbtest3 WHERE id BETWEEN 9781020 AND 9782019
	Aggregate  (cost=3580.73..3580.74 rows=1 width=8)
	  ->  Bitmap Heap Scan on sbtest3  (cost=25.90..3578.42 rows=923 width=121)
	        Recheck Cond: ((id >= 9781020) AND (id <= 9782019))
	        ->  Bitmap Index Scan on sbtest3_pkey  (cost=0.00..25.66 rows=923 width=0)
	              Index Cond: ((id >= 9781020) AND (id <= 9782019))

table 4 : explain SELECT count(c) FROM sbtest4 WHERE id BETWEEN 740201 AND 741200
	Aggregate  (cost=4192.36..4192.37 rows=1 width=8)
	  ->  Bitmap Heap Scan on sbtest4  (cost=31.55..4189.65 rows=1084 width=121)
	        Recheck Cond: ((id >= 740201) AND (id <= 741200))
	        ->  Bitmap Index Scan on sbtest4_pkey  (cost=0.00..31.27 rows=1084 width=0)
	              Index Cond: ((id >= 740201) AND (id <= 741200))

table 5 : explain SELECT count(c) FROM sbtest5 WHERE id BETWEEN 240627 AND 241626
	Aggregate  (cost=3725.34..3725.35 rows=1 width=8)
	  ->  Bitmap Heap Scan on sbtest5  (cost=30.26..3722.94 rows=959 width=121)
	        Recheck Cond: ((id >= 240627) AND (id <= 241626))
	        ->  Bitmap Index Scan on sbtest5_pkey  (cost=0.00..30.02 rows=959 width=0)
	              Index Cond: ((id >= 240627) AND (id <= 241626))

table 6 : explain SELECT count(c) FROM sbtest6 WHERE id BETWEEN 4054814 AND 4055813
	Aggregate  (cost=3768.06..3768.07 rows=1 width=8)
	  ->  Bitmap Heap Scan on sbtest6  (cost=30.39..3765.64 rows=971 width=121)
	        Recheck Cond: ((id >= 4054814) AND (id <= 4055813))
	        ->  Bitmap Index Scan on sbtest6_pkey  (cost=0.00..30.14 rows=971 width=0)
	              Index Cond: ((id >= 4054814) AND (id <= 4055813))

table 7 : explain SELECT count(c) FROM sbtest7 WHERE id BETWEEN 9777256 AND 9778255
	Aggregate  (cost=3835.17..3835.18 rows=1 width=8)
	  ->  Bitmap Heap Scan on sbtest7  (cost=30.56..3832.70 rows=988 width=121)
	        Recheck Cond: ((id >= 9777256) AND (id <= 9778255))
	        ->  Bitmap Index Scan on sbtest7_pkey  (cost=0.00..30.32 rows=988 width=0)
	              Index Cond: ((id >= 9777256) AND (id <= 9778255))

table 8 : explain SELECT count(c) FROM sbtest8 WHERE id BETWEEN 2299857 AND 2300856
	Aggregate  (cost=3825.13..3825.14 rows=1 width=8)
	  ->  Bitmap Heap Scan on sbtest8  (cost=30.54..3822.67 rows=986 width=121)
	        Recheck Cond: ((id >= 2299857) AND (id <= 2300856))
	        ->  Bitmap Index Scan on sbtest8_pkey  (cost=0.00..30.29 rows=986 width=0)
	              Index Cond: ((id >= 2299857) AND (id <= 2300856))

for: count_ranges
table 1 : explain SELECT count(c) FROM sbtest1 WHERE id BETWEEN 4445812 AND 4446811
	Aggregate  (cost=3786.99..3787.00 rows=1 width=8)
	  ->  Bitmap Heap Scan on sbtest1  (cost=30.45..3784.54 rows=977 width=121)
	        Recheck Cond: ((id >= 4445812) AND (id <= 4446811))
	        ->  Bitmap Index Scan on sbtest1_pkey  (cost=0.00..30.20 rows=977 width=0)
	              Index Cond: ((id >= 4445812) AND (id <= 4446811))

table 2 : explain SELECT count(c) FROM sbtest2 WHERE id BETWEEN 886628 AND 887627
	Aggregate  (cost=3678.79..3678.80 rows=1 width=8)
	  ->  Bitmap Heap Scan on sbtest2  (cost=30.15..3676.42 rows=948 width=121)
	        Recheck Cond: ((id >= 886628) AND (id <= 887627))
	        ->  Bitmap Index Scan on sbtest2_pkey  (cost=0.00..29.91 rows=948 width=0)
	              Index Cond: ((id >= 886628) AND (id <= 887627))

table 3 : explain SELECT count(c) FROM sbtest3 WHERE id BETWEEN 1804809 AND 1805808
	Aggregate  (cost=3800.25..3800.26 rows=1 width=8)
	  ->  Bitmap Heap Scan on sbtest3  (cost=30.48..3797.80 rows=980 width=121)
	        Recheck Cond: ((id >= 1804809) AND (id <= 1805808))
	        ->  Bitmap Index Scan on sbtest3_pkey  (cost=0.00..30.23 rows=980 width=0)
	              Index Cond: ((id >= 1804809) AND (id <= 1805808))

table 4 : explain SELECT count(c) FROM sbtest4 WHERE id BETWEEN 2057225 AND 2058224
	Aggregate  (cost=3819.08..3819.09 rows=1 width=8)
	  ->  Bitmap Heap Scan on sbtest4  (cost=30.53..3816.62 rows=985 width=121)
	        Recheck Cond: ((id >= 2057225) AND (id <= 2058224))
	        ->  Bitmap Index Scan on sbtest4_pkey  (cost=0.00..30.29 rows=985 width=0)
	              Index Cond: ((id >= 2057225) AND (id <= 2058224))

table 5 : explain SELECT count(c) FROM sbtest5 WHERE id BETWEEN 5760589 AND 5761588
	Aggregate  (cost=3539.62..3539.63 rows=1 width=8)
	  ->  Bitmap Heap Scan on sbtest5  (cost=29.76..3537.35 rows=910 width=121)
	        Recheck Cond: ((id >= 5760589) AND (id <= 5761588))
	        ->  Bitmap Index Scan on sbtest5_pkey  (cost=0.00..29.54 rows=910 width=0)
	              Index Cond: ((id >= 5760589) AND (id <= 5761588))

table 6 : explain SELECT count(c) FROM sbtest6 WHERE id BETWEEN 6322019 AND 6323018
	Aggregate  (cost=3521.79..3521.80 rows=1 width=8)
	  ->  Bitmap Heap Scan on sbtest6  (cost=25.73..3519.52 rows=907 width=121)
	        Recheck Cond: ((id >= 6322019) AND (id <= 6323018))
	        ->  Bitmap Index Scan on sbtest6_pkey  (cost=0.00..25.50 rows=907 width=0)
	              Index Cond: ((id >= 6322019) AND (id <= 6323018))

table 7 : explain SELECT count(c) FROM sbtest7 WHERE id BETWEEN 788445 AND 789444
	Aggregate  (cost=3993.97..3993.98 rows=1 width=8)
	  ->  Bitmap Heap Scan on sbtest7  (cost=30.99..3991.39 rows=1030 width=121)
	        Recheck Cond: ((id >= 788445) AND (id <= 789444))
	        ->  Bitmap Index Scan on sbtest7_pkey  (cost=0.00..30.73 rows=1030 width=0)
	              Index Cond: ((id >= 788445) AND (id <= 789444))

table 8 : explain SELECT count(c) FROM sbtest8 WHERE id BETWEEN 6182139 AND 6183138
	Aggregate  (cost=3544.85..3544.86 rows=1 width=8)
	  ->  Bitmap Heap Scan on sbtest8  (cost=25.79..3542.57 rows=913 width=121)
	        Recheck Cond: ((id >= 6182139) AND (id <= 6183138))
	        ->  Bitmap Index Scan on sbtest8_pkey  (cost=0.00..25.57 rows=913 width=0)
	              Index Cond: ((id >= 6182139) AND (id <= 6183138))

for: count_ranges
table 1 : explain SELECT count(c) FROM sbtest1 WHERE id BETWEEN 8788550 AND 8789549
	Aggregate  (cost=3888.86..3888.87 rows=1 width=8)
	  ->  Bitmap Heap Scan on sbtest1  (cost=30.73..3886.35 rows=1004 width=121)
	        Recheck Cond: ((id >= 8788550) AND (id <= 8789549))
	        ->  Bitmap Index Scan on sbtest1_pkey  (cost=0.00..30.47 rows=1004 width=0)
	              Index Cond: ((id >= 8788550) AND (id <= 8789549))

table 2 : explain SELECT count(c) FROM sbtest2 WHERE id BETWEEN 539200 AND 540199
	Aggregate  (cost=4014.77..4014.78 rows=1 width=8)
	  ->  Bitmap Heap Scan on sbtest2  (cost=31.06..4012.18 rows=1037 width=121)
	        Recheck Cond: ((id >= 539200) AND (id <= 540199))
	        ->  Bitmap Index Scan on sbtest2_pkey  (cost=0.00..30.80 rows=1037 width=0)
	              Index Cond: ((id >= 539200) AND (id <= 540199))

table 3 : explain SELECT count(c) FROM sbtest3 WHERE id BETWEEN 477998 AND 478997
	Aggregate  (cost=4169.84..4169.85 rows=1 width=8)
	  ->  Bitmap Heap Scan on sbtest3  (cost=31.48..4167.14 rows=1078 width=121)
	        Recheck Cond: ((id >= 477998) AND (id <= 478997))
	        ->  Bitmap Index Scan on sbtest3_pkey  (cost=0.00..31.21 rows=1078 width=0)
	              Index Cond: ((id >= 477998) AND (id <= 478997))

table 4 : explain SELECT count(c) FROM sbtest4 WHERE id BETWEEN 8884065 AND 8885064
	Aggregate  (cost=3815.30..3815.31 rows=1 width=8)
	  ->  Bitmap Heap Scan on sbtest4  (cost=30.52..3812.84 rows=984 width=121)
	        Recheck Cond: ((id >= 8884065) AND (id <= 8885064))
	        ->  Bitmap Index Scan on sbtest4_pkey  (cost=0.00..30.27 rows=984 width=0)
	              Index Cond: ((id >= 8884065) AND (id <= 8885064))

table 5 : explain SELECT count(c) FROM sbtest5 WHERE id BETWEEN 7162902 AND 7163901
	Aggregate  (cost=3528.24..3528.25 rows=1 width=8)
	  ->  Bitmap Heap Scan on sbtest5  (cost=29.73..3525.97 rows=907 width=121)
	        Recheck Cond: ((id >= 7162902) AND (id <= 7163901))
	        ->  Bitmap Index Scan on sbtest5_pkey  (cost=0.00..29.50 rows=907 width=0)
	              Index Cond: ((id >= 7162902) AND (id <= 7163901))

table 6 : explain SELECT count(c) FROM sbtest6 WHERE id BETWEEN 9445877 AND 9446876
	Aggregate  (cost=3681.06..3681.07 rows=1 width=8)
	  ->  Bitmap Heap Scan on sbtest6  (cost=30.15..3678.69 rows=948 width=121)
	        Recheck Cond: ((id >= 9445877) AND (id <= 9446876))
	        ->  Bitmap Index Scan on sbtest6_pkey  (cost=0.00..29.91 rows=948 width=0)
	              Index Cond: ((id >= 9445877) AND (id <= 9446876))

table 7 : explain SELECT count(c) FROM sbtest7 WHERE id BETWEEN 3178774 AND 3179773
	Aggregate  (cost=4092.17..4092.18 rows=1 width=8)
	  ->  Bitmap Heap Scan on sbtest7  (cost=31.26..4089.53 rows=1056 width=121)
	        Recheck Cond: ((id >= 3178774) AND (id <= 3179773))
	        ->  Bitmap Index Scan on sbtest7_pkey  (cost=0.00..31.00 rows=1056 width=0)
	              Index Cond: ((id >= 3178774) AND (id <= 3179773))

table 8 : explain SELECT count(c) FROM sbtest8 WHERE id BETWEEN 2475188 AND 2476187
	Aggregate  (cost=3662.47..3662.48 rows=1 width=8)
	  ->  Bitmap Heap Scan on sbtest8  (cost=30.10..3660.11 rows=943 width=121)
	        Recheck Cond: ((id >= 2475188) AND (id <= 2476187))
	        ->  Bitmap Index Scan on sbtest8_pkey  (cost=0.00..29.86 rows=943 width=0)
	              Index Cond: ((id >= 2475188) AND (id <= 2476187))

for: count_ranges
table 1 : explain SELECT count(c) FROM sbtest1 WHERE id BETWEEN 9897319 AND 9898318
	Aggregate  (cost=3703.91..3703.92 rows=1 width=8)
	  ->  Bitmap Heap Scan on sbtest1  (cost=30.22..3701.52 rows=955 width=121)
	        Recheck Cond: ((id >= 9897319) AND (id <= 9898318))
	        ->  Bitmap Index Scan on sbtest1_pkey  (cost=0.00..29.98 rows=955 width=0)
	              Index Cond: ((id >= 9897319) AND (id <= 9898318))

table 2 : explain SELECT count(c) FROM sbtest2 WHERE id BETWEEN 6386040 AND 6387039
	Aggregate  (cost=3818.59..3818.60 rows=1 width=8)
	  ->  Bitmap Heap Scan on sbtest2  (cost=30.53..3816.13 rows=985 width=121)
	        Recheck Cond: ((id >= 6386040) AND (id <= 6387039))
	        ->  Bitmap Index Scan on sbtest2_pkey  (cost=0.00..30.29 rows=985 width=0)
	              Index Cond: ((id >= 6386040) AND (id <= 6387039))

table 3 : explain SELECT count(c) FROM sbtest3 WHERE id BETWEEN 3629736 AND 3630735
	Aggregate  (cost=3932.38..3932.39 rows=1 width=8)
	  ->  Bitmap Heap Scan on sbtest3  (cost=30.84..3929.85 rows=1015 width=121)
	        Recheck Cond: ((id >= 3629736) AND (id <= 3630735))
	        ->  Bitmap Index Scan on sbtest3_pkey  (cost=0.00..30.58 rows=1015 width=0)
	              Index Cond: ((id >= 3629736) AND (id <= 3630735))

table 4 : explain SELECT count(c) FROM sbtest4 WHERE id BETWEEN 1063749 AND 1064748
	Aggregate  (cost=3909.68..3909.69 rows=1 width=8)
	  ->  Bitmap Heap Scan on sbtest4  (cost=30.78..3907.16 rows=1009 width=121)
	        Recheck Cond: ((id >= 1063749) AND (id <= 1064748))
	        ->  Bitmap Index Scan on sbtest4_pkey  (cost=0.00..30.52 rows=1009 width=0)
	              Index Cond: ((id >= 1063749) AND (id <= 1064748))

table 5 : explain SELECT count(c) FROM sbtest5 WHERE id BETWEEN 3742202 AND 3743201
	Aggregate  (cost=3755.63..3755.64 rows=1 width=8)
	  ->  Bitmap Heap Scan on sbtest5  (cost=30.35..3753.21 rows=967 width=121)
	        Recheck Cond: ((id >= 3742202) AND (id <= 3743201))
	        ->  Bitmap Index Scan on sbtest5_pkey  (cost=0.00..30.11 rows=967 width=0)
	              Index Cond: ((id >= 3742202) AND (id <= 3743201))

table 6 : explain SELECT count(c) FROM sbtest6 WHERE id BETWEEN 4176168 AND 4177167
	Aggregate  (cost=3911.66..3911.67 rows=1 width=8)
	  ->  Bitmap Heap Scan on sbtest6  (cost=30.78..3909.14 rows=1009 width=121)
	        Recheck Cond: ((id >= 4176168) AND (id <= 4177167))
	        ->  Bitmap Index Scan on sbtest6_pkey  (cost=0.00..30.52 rows=1009 width=0)
	              Index Cond: ((id >= 4176168) AND (id <= 4177167))

table 7 : explain SELECT count(c) FROM sbtest7 WHERE id BETWEEN 4388568 AND 4389567
	Aggregate  (cost=4069.51..4069.52 rows=1 width=8)
	  ->  Bitmap Heap Scan on sbtest7  (cost=31.20..4066.89 rows=1050 width=121)
	        Recheck Cond: ((id >= 4388568) AND (id <= 4389567))
	        ->  Bitmap Index Scan on sbtest7_pkey  (cost=0.00..30.93 rows=1050 width=0)
	              Index Cond: ((id >= 4388568) AND (id <= 4389567))

table 8 : explain SELECT count(c) FROM sbtest8 WHERE id BETWEEN 4590144 AND 4591143
	Aggregate  (cost=3707.89..3707.90 rows=1 width=8)
	  ->  Bitmap Heap Scan on sbtest8  (cost=30.22..3705.50 rows=955 width=121)
	        Recheck Cond: ((id >= 4590144) AND (id <= 4591143))
	        ->  Bitmap Index Scan on sbtest8_pkey  (cost=0.00..29.98 rows=955 width=0)
	              Index Cond: ((id >= 4590144) AND (id <= 4591143))

for: count_ranges
table 1 : explain SELECT count(c) FROM sbtest1 WHERE id BETWEEN 932354 AND 933353
	Aggregate  (cost=4235.29..4235.30 rows=1 width=8)
	  ->  Bitmap Heap Scan on sbtest1  (cost=31.67..4232.55 rows=1096 width=121)
	        Recheck Cond: ((id >= 932354) AND (id <= 933353))
	        ->  Bitmap Index Scan on sbtest1_pkey  (cost=0.00..31.39 rows=1096 width=0)
	              Index Cond: ((id >= 932354) AND (id <= 933353))

table 2 : explain SELECT count(c) FROM sbtest2 WHERE id BETWEEN 4260759 AND 4261758
	Aggregate  (cost=4300.89..4300.90 rows=1 width=8)
	  ->  Bitmap Heap Scan on sbtest2  (cost=31.84..4298.10 rows=1113 width=121)
	        Recheck Cond: ((id >= 4260759) AND (id <= 4261758))
	        ->  Bitmap Index Scan on sbtest2_pkey  (cost=0.00..31.57 rows=1113 width=0)
	              Index Cond: ((id >= 4260759) AND (id <= 4261758))

table 3 : explain SELECT count(c) FROM sbtest3 WHERE id BETWEEN 5663762 AND 5664761
	Aggregate  (cost=3868.22..3868.23 rows=1 width=8)
	  ->  Bitmap Heap Scan on sbtest3  (cost=30.66..3865.73 rows=998 width=121)
	        Recheck Cond: ((id >= 5663762) AND (id <= 5664761))
	        ->  Bitmap Index Scan on sbtest3_pkey  (cost=0.00..30.41 rows=998 width=0)
	              Index Cond: ((id >= 5663762) AND (id <= 5664761))

table 4 : explain SELECT count(c) FROM sbtest4 WHERE id BETWEEN 4411662 AND 4412661
	Aggregate  (cost=3777.53..3777.54 rows=1 width=8)
	  ->  Bitmap Heap Scan on sbtest4  (cost=30.42..3775.09 rows=974 width=121)
	        Recheck Cond: ((id >= 4411662) AND (id <= 4412661))
	        ->  Bitmap Index Scan on sbtest4_pkey  (cost=0.00..30.18 rows=974 width=0)
	              Index Cond: ((id >= 4411662) AND (id <= 4412661))

table 5 : explain SELECT count(c) FROM sbtest5 WHERE id BETWEEN 8302670 AND 8303669
	Aggregate  (cost=4073.23..4073.24 rows=1 width=8)
	  ->  Bitmap Heap Scan on sbtest5  (cost=31.21..4070.60 rows=1051 width=121)
	        Recheck Cond: ((id >= 8302670) AND (id <= 8303669))
	        ->  Bitmap Index Scan on sbtest5_pkey  (cost=0.00..30.94 rows=1051 width=0)
	              Index Cond: ((id >= 8302670) AND (id <= 8303669))

table 6 : explain SELECT count(c) FROM sbtest6 WHERE id BETWEEN 3336963 AND 3337962
	Aggregate  (cost=3896.56..3896.57 rows=1 width=8)
	  ->  Bitmap Heap Scan on sbtest6  (cost=30.74..3894.04 rows=1005 width=121)
	        Recheck Cond: ((id >= 3336963) AND (id <= 3337962))
	        ->  Bitmap Index Scan on sbtest6_pkey  (cost=0.00..30.48 rows=1005 width=0)
	              Index Cond: ((id >= 3336963) AND (id <= 3337962))

table 7 : explain SELECT count(c) FROM sbtest7 WHERE id BETWEEN 1427263 AND 1428262
	Aggregate  (cost=3429.40..3429.41 rows=1 width=8)
	  ->  Bitmap Heap Scan on sbtest7  (cost=25.48..3427.20 rows=882 width=121)
	        Recheck Cond: ((id >= 1427263) AND (id <= 1428262))
	        ->  Bitmap Index Scan on sbtest7_pkey  (cost=0.00..25.25 rows=882 width=0)
	              Index Cond: ((id >= 1427263) AND (id <= 1428262))

table 8 : explain SELECT count(c) FROM sbtest8 WHERE id BETWEEN 2056666 AND 2057665
	Aggregate  (cost=3817.57..3817.58 rows=1 width=8)
	  ->  Bitmap Heap Scan on sbtest8  (cost=30.52..3815.11 rows=984 width=121)
	        Recheck Cond: ((id >= 2056666) AND (id <= 2057665))
	        ->  Bitmap Index Scan on sbtest8_pkey  (cost=0.00..30.27 rows=984 width=0)
	              Index Cond: ((id >= 2056666) AND (id <= 2057665))

for: count_ranges
table 1 : explain SELECT count(c) FROM sbtest1 WHERE id BETWEEN 4233484 AND 4234483
	Aggregate  (cost=3915.26..3915.27 rows=1 width=8)
	  ->  Bitmap Heap Scan on sbtest1  (cost=30.80..3912.73 rows=1011 width=121)
	        Recheck Cond: ((id >= 4233484) AND (id <= 4234483))
	        ->  Bitmap Index Scan on sbtest1_pkey  (cost=0.00..30.54 rows=1011 width=0)
	              Index Cond: ((id >= 4233484) AND (id <= 4234483))

table 2 : explain SELECT count(c) FROM sbtest2 WHERE id BETWEEN 4132386 AND 4133385
	Aggregate  (cost=3633.41..3633.42 rows=1 width=8)
	  ->  Bitmap Heap Scan on sbtest2  (cost=30.03..3631.07 rows=936 width=121)
	        Recheck Cond: ((id >= 4132386) AND (id <= 4133385))
	        ->  Bitmap Index Scan on sbtest2_pkey  (cost=0.00..29.79 rows=936 width=0)
	              Index Cond: ((id >= 4132386) AND (id <= 4133385))

table 3 : explain SELECT count(c) FROM sbtest3 WHERE id BETWEEN 4853120 AND 4854119
	Aggregate  (cost=3962.56..3962.57 rows=1 width=8)
	  ->  Bitmap Heap Scan on sbtest3  (cost=30.92..3960.01 rows=1023 width=121)
	        Recheck Cond: ((id >= 4853120) AND (id <= 4854119))
	        ->  Bitmap Index Scan on sbtest3_pkey  (cost=0.00..30.66 rows=1023 width=0)
	              Index Cond: ((id >= 4853120) AND (id <= 4854119))

table 4 : explain SELECT count(c) FROM sbtest4 WHERE id BETWEEN 4452604 AND 4453603
	Aggregate  (cost=3849.29..3849.30 rows=1 width=8)
	  ->  Bitmap Heap Scan on sbtest4  (cost=30.61..3846.81 rows=993 width=121)
	        Recheck Cond: ((id >= 4452604) AND (id <= 4453603))
	        ->  Bitmap Index Scan on sbtest4_pkey  (cost=0.00..30.36 rows=993 width=0)
	              Index Cond: ((id >= 4452604) AND (id <= 4453603))

table 5 : explain SELECT count(c) FROM sbtest5 WHERE id BETWEEN 2188943 AND 2189942
	Aggregate  (cost=4393.98..4393.99 rows=1 width=8)
	  ->  Bitmap Heap Scan on sbtest5  (cost=36.07..4391.14 rows=1135 width=121)
	        Recheck Cond: ((id >= 2188943) AND (id <= 2189942))
	        ->  Bitmap Index Scan on sbtest5_pkey  (cost=0.00..35.79 rows=1135 width=0)
	              Index Cond: ((id >= 2188943) AND (id <= 2189942))

table 6 : explain SELECT count(c) FROM sbtest6 WHERE id BETWEEN 4143105 AND 4144104
	Aggregate  (cost=3911.66..3911.67 rows=1 width=8)
	  ->  Bitmap Heap Scan on sbtest6  (cost=30.78..3909.14 rows=1009 width=121)
	        Recheck Cond: ((id >= 4143105) AND (id <= 4144104))
	        ->  Bitmap Index Scan on sbtest6_pkey  (cost=0.00..30.52 rows=1009 width=0)
	              Index Cond: ((id >= 4143105) AND (id <= 4144104))

table 7 : explain SELECT count(c) FROM sbtest7 WHERE id BETWEEN 6660142 AND 6661141
	Aggregate  (cost=3774.61..3774.62 rows=1 width=8)
	  ->  Bitmap Heap Scan on sbtest7  (cost=30.40..3772.18 rows=972 width=121)
	        Recheck Cond: ((id >= 6660142) AND (id <= 6661141))
	        ->  Bitmap Index Scan on sbtest7_pkey  (cost=0.00..30.15 rows=972 width=0)
	              Index Cond: ((id >= 6660142) AND (id <= 6661141))

table 8 : explain SELECT count(c) FROM sbtest8 WHERE id BETWEEN 4513322 AND 4514321
	Aggregate  (cost=3707.89..3707.90 rows=1 width=8)
	  ->  Bitmap Heap Scan on sbtest8  (cost=30.22..3705.50 rows=955 width=121)
	        Recheck Cond: ((id >= 4513322) AND (id <= 4514321))
	        ->  Bitmap Index Scan on sbtest8_pkey  (cost=0.00..29.98 rows=955 width=0)
	              Index Cond: ((id >= 4513322) AND (id <= 4514321))

for: count_ranges
table 1 : explain SELECT count(c) FROM sbtest1 WHERE id BETWEEN 7374303 AND 7375302
	Aggregate  (cost=4122.44..4122.45 rows=1 width=8)
	  ->  Bitmap Heap Scan on sbtest1  (cost=31.36..4119.78 rows=1066 width=121)
	        Recheck Cond: ((id >= 7374303) AND (id <= 7375302))
	        ->  Bitmap Index Scan on sbtest1_pkey  (cost=0.00..31.09 rows=1066 width=0)
	              Index Cond: ((id >= 7374303) AND (id <= 7375302))

table 2 : explain SELECT count(c) FROM sbtest2 WHERE id BETWEEN 87399 AND 88398
	Aggregate  (cost=4011.00..4011.01 rows=1 width=8)
	  ->  Bitmap Heap Scan on sbtest2  (cost=31.05..4008.41 rows=1036 width=121)
	        Recheck Cond: ((id >= 87399) AND (id <= 88398))
	        ->  Bitmap Index Scan on sbtest2_pkey  (cost=0.00..30.79 rows=1036 width=0)
	              Index Cond: ((id >= 87399) AND (id <= 88398))

table 3 : explain SELECT count(c) FROM sbtest3 WHERE id BETWEEN 8138255 AND 8139254
	Aggregate  (cost=3822.91..3822.92 rows=1 width=8)
	  ->  Bitmap Heap Scan on sbtest3  (cost=30.54..3820.45 rows=986 width=121)
	        Recheck Cond: ((id >= 8138255) AND (id <= 8139254))
	        ->  Bitmap Index Scan on sbtest3_pkey  (cost=0.00..30.29 rows=986 width=0)
	              Index Cond: ((id >= 8138255) AND (id <= 8139254))

table 4 : explain SELECT count(c) FROM sbtest4 WHERE id BETWEEN 3211971 AND 3212970
	Aggregate  (cost=3909.68..3909.69 rows=1 width=8)
	  ->  Bitmap Heap Scan on sbtest4  (cost=30.78..3907.16 rows=1009 width=121)
	        Recheck Cond: ((id >= 3211971) AND (id <= 3212970))
	        ->  Bitmap Index Scan on sbtest4_pkey  (cost=0.00..30.52 rows=1009 width=0)
	              Index Cond: ((id >= 3211971) AND (id <= 3212970))

table 5 : explain SELECT count(c) FROM sbtest5 WHERE id BETWEEN 2738770 AND 2739769
	Aggregate  (cost=3906.98..3906.99 rows=1 width=8)
	  ->  Bitmap Heap Scan on sbtest5  (cost=30.76..3904.46 rows=1007 width=121)
	        Recheck Cond: ((id >= 2738770) AND (id <= 2739769))
	        ->  Bitmap Index Scan on sbtest5_pkey  (cost=0.00..30.50 rows=1007 width=0)
	              Index Cond: ((id >= 2738770) AND (id <= 2739769))

table 6 : explain SELECT count(c) FROM sbtest6 WHERE id BETWEEN 7683841 AND 7684840
	Aggregate  (cost=4013.59..4013.60 rows=1 width=8)
	  ->  Bitmap Heap Scan on sbtest6  (cost=31.05..4011.00 rows=1036 width=121)
	        Recheck Cond: ((id >= 7683841) AND (id <= 7684840))
	        ->  Bitmap Index Scan on sbtest6_pkey  (cost=0.00..30.79 rows=1036 width=0)
	              Index Cond: ((id >= 7683841) AND (id <= 7684840))

table 7 : explain SELECT count(c) FROM sbtest7 WHERE id BETWEEN 2376602 AND 2377601
	Aggregate  (cost=3759.47..3759.48 rows=1 width=8)
	  ->  Bitmap Heap Scan on sbtest7  (cost=30.36..3757.05 rows=968 width=121)
	        Recheck Cond: ((id >= 2376602) AND (id <= 2377601))
	        ->  Bitmap Index Scan on sbtest7_pkey  (cost=0.00..30.11 rows=968 width=0)
	              Index Cond: ((id >= 2376602) AND (id <= 2377601))

table 8 : explain SELECT count(c) FROM sbtest8 WHERE id BETWEEN 4746673 AND 4747672
	Aggregate  (cost=3870.48..3870.49 rows=1 width=8)
	  ->  Bitmap Heap Scan on sbtest8  (cost=30.66..3867.99 rows=998 width=121)
	        Recheck Cond: ((id >= 4746673) AND (id <= 4747672))
	        ->  Bitmap Index Scan on sbtest8_pkey  (cost=0.00..30.41 rows=998 width=0)
	              Index Cond: ((id >= 4746673) AND (id <= 4747672))

for: count_ranges
table 1 : explain SELECT count(c) FROM sbtest1 WHERE id BETWEEN 3112718 AND 3113717
	Aggregate  (cost=4118.68..4118.69 rows=1 width=8)
	  ->  Bitmap Heap Scan on sbtest1  (cost=31.35..4116.01 rows=1065 width=121)
	        Recheck Cond: ((id >= 3112718) AND (id <= 3113717))
	        ->  Bitmap Index Scan on sbtest1_pkey  (cost=0.00..31.08 rows=1065 width=0)
	              Index Cond: ((id >= 3112718) AND (id <= 3113717))

table 2 : explain SELECT count(c) FROM sbtest2 WHERE id BETWEEN 6971879 AND 6972878
	Aggregate  (cost=3724.15..3724.16 rows=1 width=8)
	  ->  Bitmap Heap Scan on sbtest2  (cost=30.27..3721.75 rows=960 width=121)
	        Recheck Cond: ((id >= 6971879) AND (id <= 6972878))
	        ->  Bitmap Index Scan on sbtest2_pkey  (cost=0.00..30.04 rows=960 width=0)
	              Index Cond: ((id >= 6971879) AND (id <= 6972878))

table 3 : explain SELECT count(c) FROM sbtest3 WHERE id BETWEEN 8615908 AND 8616907
	Aggregate  (cost=3622.35..3622.36 rows=1 width=8)
	  ->  Bitmap Heap Scan on sbtest3  (cost=26.01..3620.02 rows=934 width=121)
	        Recheck Cond: ((id >= 8615908) AND (id <= 8616907))
	        ->  Bitmap Index Scan on sbtest3_pkey  (cost=0.00..25.77 rows=934 width=0)
	              Index Cond: ((id >= 8615908) AND (id <= 8616907))

table 4 : explain SELECT count(c) FROM sbtest4 WHERE id BETWEEN 9804425 AND 9805424
	Aggregate  (cost=3554.18..3554.19 rows=1 width=8)
	  ->  Bitmap Heap Scan on sbtest4  (cost=25.82..3551.89 rows=916 width=121)
	        Recheck Cond: ((id >= 9804425) AND (id <= 9805424))
	        ->  Bitmap Index Scan on sbtest4_pkey  (cost=0.00..25.59 rows=916 width=0)
	              Index Cond: ((id >= 9804425) AND (id <= 9805424))

table 5 : explain SELECT count(c) FROM sbtest5 WHERE id BETWEEN 2728705 AND 2729704
	Aggregate  (cost=3906.98..3906.99 rows=1 width=8)
	  ->  Bitmap Heap Scan on sbtest5  (cost=30.76..3904.46 rows=1007 width=121)
	        Recheck Cond: ((id >= 2728705) AND (id <= 2729704))
	        ->  Bitmap Index Scan on sbtest5_pkey  (cost=0.00..30.50 rows=1007 width=0)
	              Index Cond: ((id >= 2728705) AND (id <= 2729704))

table 6 : explain SELECT count(c) FROM sbtest6 WHERE id BETWEEN 3051657 AND 3052656
	Aggregate  (cost=3873.89..3873.90 rows=1 width=8)
	  ->  Bitmap Heap Scan on sbtest6  (cost=30.67..3871.39 rows=999 width=121)
	        Recheck Cond: ((id >= 3051657) AND (id <= 3052656))
	        ->  Bitmap Index Scan on sbtest6_pkey  (cost=0.00..30.43 rows=999 width=0)
	              Index Cond: ((id >= 3051657) AND (id <= 3052656))

table 7 : explain SELECT count(c) FROM sbtest7 WHERE id BETWEEN 1128835 AND 1129834
	Aggregate  (cost=3429.40..3429.41 rows=1 width=8)
	  ->  Bitmap Heap Scan on sbtest7  (cost=25.48..3427.20 rows=882 width=121)
	        Recheck Cond: ((id >= 1128835) AND (id <= 1129834))
	        ->  Bitmap Index Scan on sbtest7_pkey  (cost=0.00..25.25 rows=882 width=0)
	              Index Cond: ((id >= 1128835) AND (id <= 1129834))

table 8 : explain SELECT count(c) FROM sbtest8 WHERE id BETWEEN 6875967 AND 6876966
	Aggregate  (cost=3476.62..3476.63 rows=1 width=8)
	  ->  Bitmap Heap Scan on sbtest8  (cost=25.61..3474.38 rows=895 width=121)
	        Recheck Cond: ((id >= 6875967) AND (id <= 6876966))
	        ->  Bitmap Index Scan on sbtest8_pkey  (cost=0.00..25.39 rows=895 width=0)
	              Index Cond: ((id >= 6875967) AND (id <= 6876966))

for: count_ranges
table 1 : explain SELECT count(c) FROM sbtest1 WHERE id BETWEEN 1193421 AND 1194420
	Aggregate  (cost=3749.23..3749.24 rows=1 width=8)
	  ->  Bitmap Heap Scan on sbtest1  (cost=30.35..3746.81 rows=967 width=121)
	        Recheck Cond: ((id >= 1193421) AND (id <= 1194420))
	        ->  Bitmap Index Scan on sbtest1_pkey  (cost=0.00..30.11 rows=967 width=0)
	              Index Cond: ((id >= 1193421) AND (id <= 1194420))

table 2 : explain SELECT count(c) FROM sbtest2 WHERE id BETWEEN 5831818 AND 5832817
	Aggregate  (cost=3814.81..3814.82 rows=1 width=8)
	  ->  Bitmap Heap Scan on sbtest2  (cost=30.52..3812.35 rows=984 width=121)
	        Recheck Cond: ((id >= 5831818) AND (id <= 5832817))
	        ->  Bitmap Index Scan on sbtest2_pkey  (cost=0.00..30.27 rows=984 width=0)
	              Index Cond: ((id >= 5831818) AND (id <= 5832817))

table 3 : explain SELECT count(c) FROM sbtest3 WHERE id BETWEEN 8010567 AND 8011566
	Aggregate  (cost=4056.82..4056.83 rows=1 width=8)
	  ->  Bitmap Heap Scan on sbtest3  (cost=31.18..4054.20 rows=1048 width=121)
	        Recheck Cond: ((id >= 8010567) AND (id <= 8011566))
	        ->  Bitmap Index Scan on sbtest3_pkey  (cost=0.00..30.91 rows=1048 width=0)
	              Index Cond: ((id >= 8010567) AND (id <= 8011566))

table 4 : explain SELECT count(c) FROM sbtest4 WHERE id BETWEEN 8962523 AND 8963522
	Aggregate  (cost=4184.83..4184.84 rows=1 width=8)
	  ->  Bitmap Heap Scan on sbtest4  (cost=31.53..4182.12 rows=1082 width=121)
	        Recheck Cond: ((id >= 8962523) AND (id <= 8963522))
	        ->  Bitmap Index Scan on sbtest4_pkey  (cost=0.00..31.25 rows=1082 width=0)
	              Index Cond: ((id >= 8962523) AND (id <= 8963522))

table 5 : explain SELECT count(c) FROM sbtest5 WHERE id BETWEEN 1756714 AND 1757713
	Aggregate  (cost=3766.99..3767.00 rows=1 width=8)
	  ->  Bitmap Heap Scan on sbtest5  (cost=30.38..3764.56 rows=970 width=121)
	        Recheck Cond: ((id >= 1756714) AND (id <= 1757713))
	        ->  Bitmap Index Scan on sbtest5_pkey  (cost=0.00..30.14 rows=970 width=0)
	              Index Cond: ((id >= 1756714) AND (id <= 1757713))

table 6 : explain SELECT count(c) FROM sbtest6 WHERE id BETWEEN 1420179 AND 1421178
	Aggregate  (cost=4164.42..4164.43 rows=1 width=8)
	  ->  Bitmap Heap Scan on sbtest6  (cost=31.46..4161.73 rows=1076 width=121)
	        Recheck Cond: ((id >= 1420179) AND (id <= 1421178))
	        ->  Bitmap Index Scan on sbtest6_pkey  (cost=0.00..31.19 rows=1076 width=0)
	              Index Cond: ((id >= 1420179) AND (id <= 1421178))

table 7 : explain SELECT count(c) FROM sbtest7 WHERE id BETWEEN 5103584 AND 5104583
	Aggregate  (cost=3956.18..3956.19 rows=1 width=8)
	  ->  Bitmap Heap Scan on sbtest7  (cost=30.89..3953.63 rows=1020 width=121)
	        Recheck Cond: ((id >= 5103584) AND (id <= 5104583))
	        ->  Bitmap Index Scan on sbtest7_pkey  (cost=0.00..30.64 rows=1020 width=0)
	              Index Cond: ((id >= 5103584) AND (id <= 5104583))

table 8 : explain SELECT count(c) FROM sbtest8 WHERE id BETWEEN 3872776 AND 3873775
	Aggregate  (cost=3851.59..3851.60 rows=1 width=8)
	  ->  Bitmap Heap Scan on sbtest8  (cost=30.61..3849.10 rows=993 width=121)
	        Recheck Cond: ((id >= 3872776) AND (id <= 3873775))
	        ->  Bitmap Index Scan on sbtest8_pkey  (cost=0.00..30.36 rows=993 width=0)
	              Index Cond: ((id >= 3872776) AND (id <= 3873775))

for: count_ranges
table 1 : explain SELECT count(c) FROM sbtest1 WHERE id BETWEEN 3567655 AND 3568654
	Aggregate  (cost=3696.35..3696.36 rows=1 width=8)
	  ->  Bitmap Heap Scan on sbtest1  (cost=30.20..3693.97 rows=953 width=121)
	        Recheck Cond: ((id >= 3567655) AND (id <= 3568654))
	        ->  Bitmap Index Scan on sbtest1_pkey  (cost=0.00..29.96 rows=953 width=0)
	              Index Cond: ((id >= 3567655) AND (id <= 3568654))

table 2 : explain SELECT count(c) FROM sbtest2 WHERE id BETWEEN 1489419 AND 1490418
	Aggregate  (cost=3587.80..3587.81 rows=1 width=8)
	  ->  Bitmap Heap Scan on sbtest2  (cost=25.92..3585.49 rows=925 width=121)
	        Recheck Cond: ((id >= 1489419) AND (id <= 1490418))
	        ->  Bitmap Index Scan on sbtest2_pkey  (cost=0.00..25.68 rows=925 width=0)
	              Index Cond: ((id >= 1489419) AND (id <= 1490418))

table 3 : explain SELECT count(c) FROM sbtest3 WHERE id BETWEEN 7169423 AND 7170422
	Aggregate  (cost=3747.36..3747.37 rows=1 width=8)
	  ->  Bitmap Heap Scan on sbtest3  (cost=30.34..3744.94 rows=966 width=121)
	        Recheck Cond: ((id >= 7169423) AND (id <= 7170422))
	        ->  Bitmap Index Scan on sbtest3_pkey  (cost=0.00..30.09 rows=966 width=0)
	              Index Cond: ((id >= 7169423) AND (id <= 7170422))

table 4 : explain SELECT count(c) FROM sbtest4 WHERE id BETWEEN 5812357 AND 5813356
	Aggregate  (cost=4030.38..4030.39 rows=1 width=8)
	  ->  Bitmap Heap Scan on sbtest4  (cost=31.11..4027.77 rows=1041 width=121)
	        Recheck Cond: ((id >= 5812357) AND (id <= 5813356))
	        ->  Bitmap Index Scan on sbtest4_pkey  (cost=0.00..30.84 rows=1041 width=0)
	              Index Cond: ((id >= 5812357) AND (id <= 5813356))

table 5 : explain SELECT count(c) FROM sbtest5 WHERE id BETWEEN 4502959 AND 4503958
	Aggregate  (cost=3925.88..3925.89 rows=1 width=8)
	  ->  Bitmap Heap Scan on sbtest5  (cost=30.81..3923.35 rows=1012 width=121)
	        Recheck Cond: ((id >= 4502959) AND (id <= 4503958))
	        ->  Bitmap Index Scan on sbtest5_pkey  (cost=0.00..30.55 rows=1012 width=0)
	              Index Cond: ((id >= 4502959) AND (id <= 4503958))

table 6 : explain SELECT count(c) FROM sbtest6 WHERE id BETWEEN 697971 AND 698970
	Aggregate  (cost=3646.99..3647.00 rows=1 width=8)
	  ->  Bitmap Heap Scan on sbtest6  (cost=30.06..3644.65 rows=939 width=121)
	        Recheck Cond: ((id >= 697971) AND (id <= 698970))
	        ->  Bitmap Index Scan on sbtest6_pkey  (cost=0.00..29.82 rows=939 width=0)
	              Index Cond: ((id >= 697971) AND (id <= 698970))

table 7 : explain SELECT count(c) FROM sbtest7 WHERE id BETWEEN 2749621 AND 2750620
	Aggregate  (cost=3679.94..3679.95 rows=1 width=8)
	  ->  Bitmap Heap Scan on sbtest7  (cost=30.14..3677.57 rows=947 width=121)
	        Recheck Cond: ((id >= 2749621) AND (id <= 2750620))
	        ->  Bitmap Index Scan on sbtest7_pkey  (cost=0.00..29.90 rows=947 width=0)
	              Index Cond: ((id >= 2749621) AND (id <= 2750620))

table 8 : explain SELECT count(c) FROM sbtest8 WHERE id BETWEEN 2226440 AND 2227439
	Aggregate  (cost=3760.85..3760.86 rows=1 width=8)
	  ->  Bitmap Heap Scan on sbtest8  (cost=30.37..3758.43 rows=969 width=121)
	        Recheck Cond: ((id >= 2226440) AND (id <= 2227439))
	        ->  Bitmap Index Scan on sbtest8_pkey  (cost=0.00..30.12 rows=969 width=0)
	              Index Cond: ((id >= 2226440) AND (id <= 2227439))

for: count_ranges
table 1 : explain SELECT count(c) FROM sbtest1 WHERE id BETWEEN 6698474 AND 6699473
	Aggregate  (cost=3734.12..3734.13 rows=1 width=8)
	  ->  Bitmap Heap Scan on sbtest1  (cost=30.31..3731.72 rows=963 width=121)
	        Recheck Cond: ((id >= 6698474) AND (id <= 6699473))
	        ->  Bitmap Index Scan on sbtest1_pkey  (cost=0.00..30.07 rows=963 width=0)
	              Index Cond: ((id >= 6698474) AND (id <= 6699473))

table 2 : explain SELECT count(c) FROM sbtest2 WHERE id BETWEEN 3294308 AND 3295307
	Aggregate  (cost=3867.67..3867.68 rows=1 width=8)
	  ->  Bitmap Heap Scan on sbtest2  (cost=30.66..3865.17 rows=998 width=121)
	        Recheck Cond: ((id >= 3294308) AND (id <= 3295307))
	        ->  Bitmap Index Scan on sbtest2_pkey  (cost=0.00..30.41 rows=998 width=0)
	              Index Cond: ((id >= 3294308) AND (id <= 3295307))

table 3 : explain SELECT count(c) FROM sbtest3 WHERE id BETWEEN 9258349 AND 9259348
	Aggregate  (cost=3516.37..3516.38 rows=1 width=8)
	  ->  Bitmap Heap Scan on sbtest3  (cost=25.72..3514.10 rows=906 width=121)
	        Recheck Cond: ((id >= 9258349) AND (id <= 9259348))
	        ->  Bitmap Index Scan on sbtest3_pkey  (cost=0.00..25.50 rows=906 width=0)
	              Index Cond: ((id >= 9258349) AND (id <= 9259348))

table 4 : explain SELECT count(c) FROM sbtest4 WHERE id BETWEEN 2651458 AND 2652457
	Aggregate  (cost=3580.68..3580.69 rows=1 width=8)
	  ->  Bitmap Heap Scan on sbtest4  (cost=25.90..3578.37 rows=923 width=121)
	        Recheck Cond: ((id >= 2651458) AND (id <= 2652457))
	        ->  Bitmap Index Scan on sbtest4_pkey  (cost=0.00..25.66 rows=923 width=0)
	              Index Cond: ((id >= 2651458) AND (id <= 2652457))

table 5 : explain SELECT count(c) FROM sbtest5 WHERE id BETWEEN 8210204 AND 8211203
	Aggregate  (cost=3611.67..3611.68 rows=1 width=8)
	  ->  Bitmap Heap Scan on sbtest5  (cost=29.96..3609.35 rows=929 width=121)
	        Recheck Cond: ((id >= 8210204) AND (id <= 8211203))
	        ->  Bitmap Index Scan on sbtest5_pkey  (cost=0.00..29.72 rows=929 width=0)
	              Index Cond: ((id >= 8210204) AND (id <= 8211203))

table 6 : explain SELECT count(c) FROM sbtest6 WHERE id BETWEEN 3682956 AND 3683955
	Aggregate  (cost=3889.00..3889.01 rows=1 width=8)
	  ->  Bitmap Heap Scan on sbtest6  (cost=30.72..3886.49 rows=1003 width=121)
	        Recheck Cond: ((id >= 3682956) AND (id <= 3683955))
	        ->  Bitmap Index Scan on sbtest6_pkey  (cost=0.00..30.46 rows=1003 width=0)
	              Index Cond: ((id >= 3682956) AND (id <= 3683955))

table 7 : explain SELECT count(c) FROM sbtest7 WHERE id BETWEEN 3049197 AND 3050196
	Aggregate  (cost=3729.18..3729.19 rows=1 width=8)
	  ->  Bitmap Heap Scan on sbtest7  (cost=30.27..3726.78 rows=960 width=121)
	        Recheck Cond: ((id >= 3049197) AND (id <= 3050196))
	        ->  Bitmap Index Scan on sbtest7_pkey  (cost=0.00..30.04 rows=960 width=0)
	              Index Cond: ((id >= 3049197) AND (id <= 3050196))

table 8 : explain SELECT count(c) FROM sbtest8 WHERE id BETWEEN 4027961 AND 4028960
	Aggregate  (cost=3749.50..3749.51 rows=1 width=8)
	  ->  Bitmap Heap Scan on sbtest8  (cost=30.34..3747.09 rows=966 width=121)
	        Recheck Cond: ((id >= 4027961) AND (id <= 4028960))
	        ->  Bitmap Index Scan on sbtest8_pkey  (cost=0.00..30.09 rows=966 width=0)
	              Index Cond: ((id >= 4027961) AND (id <= 4028960))

for: count_ranges
table 1 : explain SELECT count(c) FROM sbtest1 WHERE id BETWEEN 151910 AND 152909
	Aggregate  (cost=3851.14..3851.15 rows=1 width=8)
	  ->  Bitmap Heap Scan on sbtest1  (cost=30.62..3848.65 rows=994 width=121)
	        Recheck Cond: ((id >= 151910) AND (id <= 152909))
	        ->  Bitmap Index Scan on sbtest1_pkey  (cost=0.00..30.37 rows=994 width=0)
	              Index Cond: ((id >= 151910) AND (id <= 152909))

table 2 : explain SELECT count(c) FROM sbtest2 WHERE id BETWEEN 4595887 AND 4596886
	Aggregate  (cost=4203.08..4203.09 rows=1 width=8)
	  ->  Bitmap Heap Scan on sbtest2  (cost=31.58..4200.37 rows=1087 width=121)
	        Recheck Cond: ((id >= 4595887) AND (id <= 4596886))
	        ->  Bitmap Index Scan on sbtest2_pkey  (cost=0.00..31.30 rows=1087 width=0)
	              Index Cond: ((id >= 4595887) AND (id <= 4596886))

table 3 : explain SELECT count(c) FROM sbtest3 WHERE id BETWEEN 2530115 AND 2531114
	Aggregate  (cost=3868.22..3868.23 rows=1 width=8)
	  ->  Bitmap Heap Scan on sbtest3  (cost=30.66..3865.73 rows=998 width=121)
	        Recheck Cond: ((id >= 2530115) AND (id <= 2531114))
	        ->  Bitmap Index Scan on sbtest3_pkey  (cost=0.00..30.41 rows=998 width=0)
	              Index Cond: ((id >= 2530115) AND (id <= 2531114))

table 4 : explain SELECT count(c) FROM sbtest4 WHERE id BETWEEN 9661734 AND 9662733
	Aggregate  (cost=3905.91..3905.92 rows=1 width=8)
	  ->  Bitmap Heap Scan on sbtest4  (cost=30.77..3903.39 rows=1008 width=121)
	        Recheck Cond: ((id >= 9661734) AND (id <= 9662733))
	        ->  Bitmap Index Scan on sbtest4_pkey  (cost=0.00..30.51 rows=1008 width=0)
	              Index Cond: ((id >= 9661734) AND (id <= 9662733))

table 5 : explain SELECT count(c) FROM sbtest5 WHERE id BETWEEN 3422817 AND 3423816
	Aggregate  (cost=3816.19..3816.20 rows=1 width=8)
	  ->  Bitmap Heap Scan on sbtest5  (cost=30.51..3813.74 rows=983 width=121)
	        Recheck Cond: ((id >= 3422817) AND (id <= 3423816))
	        ->  Bitmap Index Scan on sbtest5_pkey  (cost=0.00..30.26 rows=983 width=0)
	              Index Cond: ((id >= 3422817) AND (id <= 3423816))

table 6 : explain SELECT count(c) FROM sbtest6 WHERE id BETWEEN 6762460 AND 6763459
	Aggregate  (cost=3843.67..3843.68 rows=1 width=8)
	  ->  Bitmap Heap Scan on sbtest6  (cost=30.59..3841.19 rows=991 width=121)
	        Recheck Cond: ((id >= 6762460) AND (id <= 6763459))
	        ->  Bitmap Index Scan on sbtest6_pkey  (cost=0.00..30.34 rows=991 width=0)
	              Index Cond: ((id >= 6762460) AND (id <= 6763459))

table 7 : explain SELECT count(c) FROM sbtest7 WHERE id BETWEEN 5116850 AND 5117849
	Aggregate  (cost=3956.18..3956.19 rows=1 width=8)
	  ->  Bitmap Heap Scan on sbtest7  (cost=30.89..3953.63 rows=1020 width=121)
	        Recheck Cond: ((id >= 5116850) AND (id <= 5117849))
	        ->  Bitmap Index Scan on sbtest7_pkey  (cost=0.00..30.64 rows=1020 width=0)
	              Index Cond: ((id >= 5116850) AND (id <= 5117849))

table 8 : explain SELECT count(c) FROM sbtest8 WHERE id BETWEEN 2642909 AND 2643908
	Aggregate  (cost=3923.37..3923.38 rows=1 width=8)
	  ->  Bitmap Heap Scan on sbtest8  (cost=30.81..3920.84 rows=1012 width=121)
	        Recheck Cond: ((id >= 2642909) AND (id <= 2643908))
	        ->  Bitmap Index Scan on sbtest8_pkey  (cost=0.00..30.55 rows=1012 width=0)
	              Index Cond: ((id >= 2642909) AND (id <= 2643908))

for: count_ranges
table 1 : explain SELECT count(c) FROM sbtest1 WHERE id BETWEEN 7630925 AND 7631924
	Aggregate  (cost=3836.05..3836.06 rows=1 width=8)
	  ->  Bitmap Heap Scan on sbtest1  (cost=30.58..3833.57 rows=990 width=121)
	        Recheck Cond: ((id >= 7630925) AND (id <= 7631924))
	        ->  Bitmap Index Scan on sbtest1_pkey  (cost=0.00..30.33 rows=990 width=0)
	              Index Cond: ((id >= 7630925) AND (id <= 7631924))

table 2 : explain SELECT count(c) FROM sbtest2 WHERE id BETWEEN 8916831 AND 8917830
	Aggregate  (cost=3995.92..3995.93 rows=1 width=8)
	  ->  Bitmap Heap Scan on sbtest2  (cost=31.01..3993.34 rows=1032 width=121)
	        Recheck Cond: ((id >= 8916831) AND (id <= 8917830))
	        ->  Bitmap Index Scan on sbtest2_pkey  (cost=0.00..30.75 rows=1032 width=0)
	              Index Cond: ((id >= 8916831) AND (id <= 8917830))

table 3 : explain SELECT count(c) FROM sbtest3 WHERE id BETWEEN 7653012 AND 7654011
	Aggregate  (cost=4324.11..4324.12 rows=1 width=8)
	  ->  Bitmap Heap Scan on sbtest3  (cost=31.90..4321.31 rows=1119 width=121)
	        Recheck Cond: ((id >= 7653012) AND (id <= 7654011))
	        ->  Bitmap Index Scan on sbtest3_pkey  (cost=0.00..31.62 rows=1119 width=0)
	              Index Cond: ((id >= 7653012) AND (id <= 7654011))

table 4 : explain SELECT count(c) FROM sbtest4 WHERE id BETWEEN 4185088 AND 4186087
	Aggregate  (cost=4124.58..4124.59 rows=1 width=8)
	  ->  Bitmap Heap Scan on sbtest4  (cost=31.36..4121.91 rows=1066 width=121)
	        Recheck Cond: ((id >= 4185088) AND (id <= 4186087))
	        ->  Bitmap Index Scan on sbtest4_pkey  (cost=0.00..31.09 rows=1066 width=0)
	              Index Cond: ((id >= 4185088) AND (id <= 4186087))

table 5 : explain SELECT count(c) FROM sbtest5 WHERE id BETWEEN 8182158 AND 8183157
	Aggregate  (cost=3956.12..3956.13 rows=1 width=8)
	  ->  Bitmap Heap Scan on sbtest5  (cost=30.89..3953.57 rows=1020 width=121)
	        Recheck Cond: ((id >= 8182158) AND (id <= 8183157))
	        ->  Bitmap Index Scan on sbtest5_pkey  (cost=0.00..30.64 rows=1020 width=0)
	              Index Cond: ((id >= 8182158) AND (id <= 8183157))

table 6 : explain SELECT count(c) FROM sbtest6 WHERE id BETWEEN 7976194 AND 7977193
	Aggregate  (cost=4051.31..4051.32 rows=1 width=8)
	  ->  Bitmap Heap Scan on sbtest6  (cost=31.16..4048.70 rows=1046 width=121)
	        Recheck Cond: ((id >= 7976194) AND (id <= 7977193))
	        ->  Bitmap Index Scan on sbtest6_pkey  (cost=0.00..30.89 rows=1046 width=0)
	              Index Cond: ((id >= 7976194) AND (id <= 7977193))

table 7 : explain SELECT count(c) FROM sbtest7 WHERE id BETWEEN 6475424 AND 6476423
	Aggregate  (cost=3732.97..3732.98 rows=1 width=8)
	  ->  Bitmap Heap Scan on sbtest7  (cost=30.29..3730.56 rows=961 width=121)
	        Recheck Cond: ((id >= 6475424) AND (id <= 6476423))
	        ->  Bitmap Index Scan on sbtest7_pkey  (cost=0.00..30.04 rows=961 width=0)
	              Index Cond: ((id >= 6475424) AND (id <= 6476423))

table 8 : explain SELECT count(c) FROM sbtest8 WHERE id BETWEEN 1798499 AND 1799498
	Aggregate  (cost=4063.03..4063.04 rows=1 width=8)
	  ->  Bitmap Heap Scan on sbtest8  (cost=31.19..4060.40 rows=1049 width=121)
	        Recheck Cond: ((id >= 1798499) AND (id <= 1799498))
	        ->  Bitmap Index Scan on sbtest8_pkey  (cost=0.00..30.93 rows=1049 width=0)
	              Index Cond: ((id >= 1798499) AND (id <= 1799498))

for: count_ranges
table 1 : explain SELECT count(c) FROM sbtest1 WHERE id BETWEEN 9970552 AND 9971551
	Aggregate  (cost=3703.91..3703.92 rows=1 width=8)
	  ->  Bitmap Heap Scan on sbtest1  (cost=30.22..3701.52 rows=955 width=121)
	        Recheck Cond: ((id >= 9970552) AND (id <= 9971551))
	        ->  Bitmap Index Scan on sbtest1_pkey  (cost=0.00..29.98 rows=955 width=0)
	              Index Cond: ((id >= 9970552) AND (id <= 9971551))

table 2 : explain SELECT count(c) FROM sbtest2 WHERE id BETWEEN 8316715 AND 8317714
	Aggregate  (cost=4233.19..4233.20 rows=1 width=8)
	  ->  Bitmap Heap Scan on sbtest2  (cost=31.66..4230.45 rows=1095 width=121)
	        Recheck Cond: ((id >= 8316715) AND (id <= 8317714))
	        ->  Bitmap Index Scan on sbtest2_pkey  (cost=0.00..31.39 rows=1095 width=0)
	              Index Cond: ((id >= 8316715) AND (id <= 8317714))

table 3 : explain SELECT count(c) FROM sbtest3 WHERE id BETWEEN 9798265 AND 9799264
	Aggregate  (cost=3580.73..3580.74 rows=1 width=8)
	  ->  Bitmap Heap Scan on sbtest3  (cost=25.90..3578.42 rows=923 width=121)
	        Recheck Cond: ((id >= 9798265) AND (id <= 9799264))
	        ->  Bitmap Index Scan on sbtest3_pkey  (cost=0.00..25.66 rows=923 width=0)
	              Index Cond: ((id >= 9798265) AND (id <= 9799264))

table 4 : explain SELECT count(c) FROM sbtest4 WHERE id BETWEEN 6708955 AND 6709954
	Aggregate  (cost=3675.47..3675.48 rows=1 width=8)
	  ->  Bitmap Heap Scan on sbtest4  (cost=30.14..3673.10 rows=947 width=121)
	        Recheck Cond: ((id >= 6708955) AND (id <= 6709954))
	        ->  Bitmap Index Scan on sbtest4_pkey  (cost=0.00..29.90 rows=947 width=0)
	              Index Cond: ((id >= 6708955) AND (id <= 6709954))

table 5 : explain SELECT count(c) FROM sbtest5 WHERE id BETWEEN 8792423 AND 8793422
	Aggregate  (cost=4182.68..4182.69 rows=1 width=8)
	  ->  Bitmap Heap Scan on sbtest5  (cost=31.50..4179.98 rows=1080 width=121)
	        Recheck Cond: ((id >= 8792423) AND (id <= 8793422))
	        ->  Bitmap Index Scan on sbtest5_pkey  (cost=0.00..31.23 rows=1080 width=0)
	              Index Cond: ((id >= 8792423) AND (id <= 8793422))

table 6 : explain SELECT count(c) FROM sbtest6 WHERE id BETWEEN 5125303 AND 5126302
	Aggregate  (cost=3544.74..3544.75 rows=1 width=8)
	  ->  Bitmap Heap Scan on sbtest6  (cost=29.78..3542.46 rows=912 width=121)
	        Recheck Cond: ((id >= 5125303) AND (id <= 5126302))
	        ->  Bitmap Index Scan on sbtest6_pkey  (cost=0.00..29.55 rows=912 width=0)
	              Index Cond: ((id >= 5125303) AND (id <= 5126302))

table 7 : explain SELECT count(c) FROM sbtest7 WHERE id BETWEEN 4177496 AND 4178495
	Aggregate  (cost=3725.39..3725.40 rows=1 width=8)
	  ->  Bitmap Heap Scan on sbtest7  (cost=30.26..3722.99 rows=959 width=121)
	        Recheck Cond: ((id >= 4177496) AND (id <= 4178495))
	        ->  Bitmap Index Scan on sbtest7_pkey  (cost=0.00..30.02 rows=959 width=0)
	              Index Cond: ((id >= 4177496) AND (id <= 4178495))

table 8 : explain SELECT count(c) FROM sbtest8 WHERE id BETWEEN 1735594 AND 1736593
	Aggregate  (cost=4063.03..4063.04 rows=1 width=8)
	  ->  Bitmap Heap Scan on sbtest8  (cost=31.19..4060.40 rows=1049 width=121)
	        Recheck Cond: ((id >= 1735594) AND (id <= 1736593))
	        ->  Bitmap Index Scan on sbtest8_pkey  (cost=0.00..30.93 rows=1049 width=0)
	              Index Cond: ((id >= 1735594) AND (id <= 1736593))

for: count_ranges
table 1 : explain SELECT count(c) FROM sbtest1 WHERE id BETWEEN 2363652 AND 2364651
	Aggregate  (cost=3824.73..3824.74 rows=1 width=8)
	  ->  Bitmap Heap Scan on sbtest1  (cost=30.55..3822.26 rows=987 width=121)
	        Recheck Cond: ((id >= 2363652) AND (id <= 2364651))
	        ->  Bitmap Index Scan on sbtest1_pkey  (cost=0.00..30.30 rows=987 width=0)
	              Index Cond: ((id >= 2363652) AND (id <= 2364651))

table 2 : explain SELECT count(c) FROM sbtest2 WHERE id BETWEEN 2110075 AND 2111074
	Aggregate  (cost=4120.26..4120.27 rows=1 width=8)
	  ->  Bitmap Heap Scan on sbtest2  (cost=31.35..4117.60 rows=1065 width=121)
	        Recheck Cond: ((id >= 2110075) AND (id <= 2111074))
	        ->  Bitmap Index Scan on sbtest2_pkey  (cost=0.00..31.08 rows=1065 width=0)
	              Index Cond: ((id >= 2110075) AND (id <= 2111074))

table 3 : explain SELECT count(c) FROM sbtest3 WHERE id BETWEEN 3248982 AND 3249981
	Aggregate  (cost=4015.36..4015.37 rows=1 width=8)
	  ->  Bitmap Heap Scan on sbtest3  (cost=31.06..4012.77 rows=1037 width=121)
	        Recheck Cond: ((id >= 3248982) AND (id <= 3249981))
	        ->  Bitmap Index Scan on sbtest3_pkey  (cost=0.00..30.80 rows=1037 width=0)
	              Index Cond: ((id >= 3248982) AND (id <= 3249981))

table 4 : explain SELECT count(c) FROM sbtest4 WHERE id BETWEEN 1424342 AND 1425341
	Aggregate  (cost=3554.18..3554.19 rows=1 width=8)
	  ->  Bitmap Heap Scan on sbtest4  (cost=25.82..3551.89 rows=916 width=121)
	        Recheck Cond: ((id >= 1424342) AND (id <= 1425341))
	        ->  Bitmap Index Scan on sbtest4_pkey  (cost=0.00..25.59 rows=916 width=0)
	              Index Cond: ((id >= 1424342) AND (id <= 1425341))

table 5 : explain SELECT count(c) FROM sbtest5 WHERE id BETWEEN 3896775 AND 3897774
	Aggregate  (cost=3990.13..3990.14 rows=1 width=8)
	  ->  Bitmap Heap Scan on sbtest5  (cost=30.98..3987.56 rows=1029 width=121)
	        Recheck Cond: ((id >= 3896775) AND (id <= 3897774))
	        ->  Bitmap Index Scan on sbtest5_pkey  (cost=0.00..30.72 rows=1029 width=0)
	              Index Cond: ((id >= 3896775) AND (id <= 3897774))

table 6 : explain SELECT count(c) FROM sbtest6 WHERE id BETWEEN 6593081 AND 6594080
	Aggregate  (cost=3866.34..3866.35 rows=1 width=8)
	  ->  Bitmap Heap Scan on sbtest6  (cost=30.65..3863.84 rows=997 width=121)
	        Recheck Cond: ((id >= 6593081) AND (id <= 6594080))
	        ->  Bitmap Index Scan on sbtest6_pkey  (cost=0.00..30.40 rows=997 width=0)
	              Index Cond: ((id >= 6593081) AND (id <= 6594080))

table 7 : explain SELECT count(c) FROM sbtest7 WHERE id BETWEEN 929757 AND 930756
	Aggregate  (cost=4046.85..4046.86 rows=1 width=8)
	  ->  Bitmap Heap Scan on sbtest7  (cost=31.14..4044.24 rows=1044 width=121)
	        Recheck Cond: ((id >= 929757) AND (id <= 930756))
	        ->  Bitmap Index Scan on sbtest7_pkey  (cost=0.00..30.87 rows=1044 width=0)
	              Index Cond: ((id >= 929757) AND (id <= 930756))

table 8 : explain SELECT count(c) FROM sbtest8 WHERE id BETWEEN 4124482 AND 4125481
	Aggregate  (cost=3688.97..3688.98 rows=1 width=8)
	  ->  Bitmap Heap Scan on sbtest8  (cost=30.17..3686.59 rows=950 width=121)
	        Recheck Cond: ((id >= 4124482) AND (id <= 4125481))
	        ->  Bitmap Index Scan on sbtest8_pkey  (cost=0.00..29.93 rows=950 width=0)
	              Index Cond: ((id >= 4124482) AND (id <= 4125481))

for: count_ranges
table 1 : explain SELECT count(c) FROM sbtest1 WHERE id BETWEEN 3076285 AND 3077284
	Aggregate  (cost=3786.99..3787.00 rows=1 width=8)
	  ->  Bitmap Heap Scan on sbtest1  (cost=30.45..3784.54 rows=977 width=121)
	        Recheck Cond: ((id >= 3076285) AND (id <= 3077284))
	        ->  Bitmap Index Scan on sbtest1_pkey  (cost=0.00..30.20 rows=977 width=0)
	              Index Cond: ((id >= 3076285) AND (id <= 3077284))

table 2 : explain SELECT count(c) FROM sbtest2 WHERE id BETWEEN 7997137 AND 7998136
	Aggregate  (cost=3610.50..3610.51 rows=1 width=8)
	  ->  Bitmap Heap Scan on sbtest2  (cost=25.98..3608.17 rows=931 width=121)
	        Recheck Cond: ((id >= 7997137) AND (id <= 7998136))
	        ->  Bitmap Index Scan on sbtest2_pkey  (cost=0.00..25.75 rows=931 width=0)
	              Index Cond: ((id >= 7997137) AND (id <= 7998136))

table 3 : explain SELECT count(c) FROM sbtest3 WHERE id BETWEEN 2587071 AND 2588070
	Aggregate  (cost=3868.22..3868.23 rows=1 width=8)
	  ->  Bitmap Heap Scan on sbtest3  (cost=30.66..3865.73 rows=998 width=121)
	        Recheck Cond: ((id >= 2587071) AND (id <= 2588070))
	        ->  Bitmap Index Scan on sbtest3_pkey  (cost=0.00..30.41 rows=998 width=0)
	              Index Cond: ((id >= 2587071) AND (id <= 2588070))

table 4 : explain SELECT count(c) FROM sbtest4 WHERE id BETWEEN 3376625 AND 3377624
	Aggregate  (cost=3497.38..3497.39 rows=1 width=8)
	  ->  Bitmap Heap Scan on sbtest4  (cost=25.67..3495.13 rows=901 width=121)
	        Recheck Cond: ((id >= 3376625) AND (id <= 3377624))
	        ->  Bitmap Index Scan on sbtest4_pkey  (cost=0.00..25.44 rows=901 width=0)
	              Index Cond: ((id >= 3376625) AND (id <= 3377624))

table 5 : explain SELECT count(c) FROM sbtest5 WHERE id BETWEEN 6124624 AND 6125623
	Aggregate  (cost=4133.62..4133.63 rows=1 width=8)
	  ->  Bitmap Heap Scan on sbtest5  (cost=31.37..4130.96 rows=1067 width=121)
	        Recheck Cond: ((id >= 6124624) AND (id <= 6125623))
	        ->  Bitmap Index Scan on sbtest5_pkey  (cost=0.00..31.11 rows=1067 width=0)
	              Index Cond: ((id >= 6124624) AND (id <= 6125623))

table 6 : explain SELECT count(c) FROM sbtest6 WHERE id BETWEEN 1104986 AND 1105985
	Aggregate  (cost=3889.00..3889.01 rows=1 width=8)
	  ->  Bitmap Heap Scan on sbtest6  (cost=30.72..3886.49 rows=1003 width=121)
	        Recheck Cond: ((id >= 1104986) AND (id <= 1105985))
	        ->  Bitmap Index Scan on sbtest6_pkey  (cost=0.00..30.46 rows=1003 width=0)
	              Index Cond: ((id >= 1104986) AND (id <= 1105985))

table 7 : explain SELECT count(c) FROM sbtest7 WHERE id BETWEEN 6274814 AND 6275813
	Aggregate  (cost=4088.39..4088.40 rows=1 width=8)
	  ->  Bitmap Heap Scan on sbtest7  (cost=31.25..4085.75 rows=1055 width=121)
	        Recheck Cond: ((id >= 6274814) AND (id <= 6275813))
	        ->  Bitmap Index Scan on sbtest7_pkey  (cost=0.00..30.98 rows=1055 width=0)
	              Index Cond: ((id >= 6274814) AND (id <= 6275813))

table 8 : explain SELECT count(c) FROM sbtest8 WHERE id BETWEEN 3629113 AND 3630112
	Aggregate  (cost=3896.93..3896.94 rows=1 width=8)
	  ->  Bitmap Heap Scan on sbtest8  (cost=30.74..3894.42 rows=1005 width=121)
	        Recheck Cond: ((id >= 3629113) AND (id <= 3630112))
	        ->  Bitmap Index Scan on sbtest8_pkey  (cost=0.00..30.48 rows=1005 width=0)
	              Index Cond: ((id >= 3629113) AND (id <= 3630112))

for: count_ranges
table 1 : explain SELECT count(c) FROM sbtest1 WHERE id BETWEEN 3036159 AND 3037158
	Aggregate  (cost=3786.99..3787.00 rows=1 width=8)
	  ->  Bitmap Heap Scan on sbtest1  (cost=30.45..3784.54 rows=977 width=121)
	        Recheck Cond: ((id >= 3036159) AND (id <= 3037158))
	        ->  Bitmap Index Scan on sbtest1_pkey  (cost=0.00..30.20 rows=977 width=0)
	              Index Cond: ((id >= 3036159) AND (id <= 3037158))

table 2 : explain SELECT count(c) FROM sbtest2 WHERE id BETWEEN 3129203 AND 3130202
	Aggregate  (cost=3610.50..3610.51 rows=1 width=8)
	  ->  Bitmap Heap Scan on sbtest2  (cost=25.98..3608.17 rows=931 width=121)
	        Recheck Cond: ((id >= 3129203) AND (id <= 3130202))
	        ->  Bitmap Index Scan on sbtest2_pkey  (cost=0.00..25.75 rows=931 width=0)
	              Index Cond: ((id >= 3129203) AND (id <= 3130202))

table 3 : explain SELECT count(c) FROM sbtest3 WHERE id BETWEEN 4292357 AND 4293356
	Aggregate  (cost=3493.64..3493.65 rows=1 width=8)
	  ->  Bitmap Heap Scan on sbtest3  (cost=25.66..3491.39 rows=900 width=121)
	        Recheck Cond: ((id >= 4292357) AND (id <= 4293356))
	        ->  Bitmap Index Scan on sbtest3_pkey  (cost=0.00..25.43 rows=900 width=0)
	              Index Cond: ((id >= 4292357) AND (id <= 4293356))

table 4 : explain SELECT count(c) FROM sbtest4 WHERE id BETWEEN 1053972 AND 1054971
	Aggregate  (cost=3909.68..3909.69 rows=1 width=8)
	  ->  Bitmap Heap Scan on sbtest4  (cost=30.78..3907.16 rows=1009 width=121)
	        Recheck Cond: ((id >= 1053972) AND (id <= 1054971))
	        ->  Bitmap Index Scan on sbtest4_pkey  (cost=0.00..30.52 rows=1009 width=0)
	              Index Cond: ((id >= 1053972) AND (id <= 1054971))

table 5 : explain SELECT count(c) FROM sbtest5 WHERE id BETWEEN 5635713 AND 5636712
	Aggregate  (cost=3929.66..3929.67 rows=1 width=8)
	  ->  Bitmap Heap Scan on sbtest5  (cost=30.82..3927.13 rows=1013 width=121)
	        Recheck Cond: ((id >= 5635713) AND (id <= 5636712))
	        ->  Bitmap Index Scan on sbtest5_pkey  (cost=0.00..30.57 rows=1013 width=0)
	              Index Cond: ((id >= 5635713) AND (id <= 5636712))

table 6 : explain SELECT count(c) FROM sbtest6 WHERE id BETWEEN 9923000 AND 9923999
	Aggregate  (cost=3779.41..3779.42 rows=1 width=8)
	  ->  Bitmap Heap Scan on sbtest6  (cost=30.42..3776.97 rows=974 width=121)
	        Recheck Cond: ((id >= 9923000) AND (id <= 9923999))
	        ->  Bitmap Index Scan on sbtest6_pkey  (cost=0.00..30.18 rows=974 width=0)
	              Index Cond: ((id >= 9923000) AND (id <= 9923999))

table 7 : explain SELECT count(c) FROM sbtest7 WHERE id BETWEEN 18404 AND 19403
	Aggregate  (cost=4529.57..4529.58 rows=1 width=8)
	  ->  Bitmap Heap Scan on sbtest7  (cost=36.45..4526.64 rows=1172 width=121)
	        Recheck Cond: ((id >= 18404) AND (id <= 19403))
	        ->  Bitmap Index Scan on sbtest7_pkey  (cost=0.00..36.16 rows=1172 width=0)
	              Index Cond: ((id >= 18404) AND (id <= 19403))

table 8 : explain SELECT count(c) FROM sbtest8 WHERE id BETWEEN 5537298 AND 5538297
	Aggregate  (cost=4176.14..4176.15 rows=1 width=8)
	  ->  Bitmap Heap Scan on sbtest8  (cost=31.49..4173.44 rows=1079 width=121)
	        Recheck Cond: ((id >= 5537298) AND (id <= 5538297))
	        ->  Bitmap Index Scan on sbtest8_pkey  (cost=0.00..31.22 rows=1079 width=0)
	              Index Cond: ((id >= 5537298) AND (id <= 5538297))

for: count_ranges
table 1 : explain SELECT count(c) FROM sbtest1 WHERE id BETWEEN 3401448 AND 3402447
	Aggregate  (cost=3990.64..3990.65 rows=1 width=8)
	  ->  Bitmap Heap Scan on sbtest1  (cost=31.00..3988.06 rows=1031 width=121)
	        Recheck Cond: ((id >= 3401448) AND (id <= 3402447))
	        ->  Bitmap Index Scan on sbtest1_pkey  (cost=0.00..30.75 rows=1031 width=0)
	              Index Cond: ((id >= 3401448) AND (id <= 3402447))

table 2 : explain SELECT count(c) FROM sbtest2 WHERE id BETWEEN 1300315 AND 1301314
	Aggregate  (cost=3988.38..3988.39 rows=1 width=8)
	  ->  Bitmap Heap Scan on sbtest2  (cost=30.99..3985.81 rows=1030 width=121)
	        Recheck Cond: ((id >= 1300315) AND (id <= 1301314))
	        ->  Bitmap Index Scan on sbtest2_pkey  (cost=0.00..30.73 rows=1030 width=0)
	              Index Cond: ((id >= 1300315) AND (id <= 1301314))

table 3 : explain SELECT count(c) FROM sbtest3 WHERE id BETWEEN 8037748 AND 8038747
	Aggregate  (cost=4056.82..4056.83 rows=1 width=8)
	  ->  Bitmap Heap Scan on sbtest3  (cost=31.18..4054.20 rows=1048 width=121)
	        Recheck Cond: ((id >= 8037748) AND (id <= 8038747))
	        ->  Bitmap Index Scan on sbtest3_pkey  (cost=0.00..30.91 rows=1048 width=0)
	              Index Cond: ((id >= 8037748) AND (id <= 8038747))

table 4 : explain SELECT count(c) FROM sbtest4 WHERE id BETWEEN 4445022 AND 4446021
	Aggregate  (cost=3849.29..3849.30 rows=1 width=8)
	  ->  Bitmap Heap Scan on sbtest4  (cost=30.61..3846.81 rows=993 width=121)
	        Recheck Cond: ((id >= 4445022) AND (id <= 4446021))
	        ->  Bitmap Index Scan on sbtest4_pkey  (cost=0.00..30.36 rows=993 width=0)
	              Index Cond: ((id >= 4445022) AND (id <= 4446021))

table 5 : explain SELECT count(c) FROM sbtest5 WHERE id BETWEEN 6628053 AND 6629052
	Aggregate  (cost=4039.24..4039.25 rows=1 width=8)
	  ->  Bitmap Heap Scan on sbtest5  (cost=31.12..4036.64 rows=1042 width=121)
	        Recheck Cond: ((id >= 6628053) AND (id <= 6629052))
	        ->  Bitmap Index Scan on sbtest5_pkey  (cost=0.00..30.86 rows=1042 width=0)
	              Index Cond: ((id >= 6628053) AND (id <= 6629052))

table 6 : explain SELECT count(c) FROM sbtest6 WHERE id BETWEEN 1837380 AND 1838379
	Aggregate  (cost=4058.86..4058.87 rows=1 width=8)
	  ->  Bitmap Heap Scan on sbtest6  (cost=31.18..4056.24 rows=1048 width=121)
	        Recheck Cond: ((id >= 1837380) AND (id <= 1838379))
	        ->  Bitmap Index Scan on sbtest6_pkey  (cost=0.00..30.91 rows=1048 width=0)
	              Index Cond: ((id >= 1837380) AND (id <= 1838379))

table 7 : explain SELECT count(c) FROM sbtest7 WHERE id BETWEEN 7158585 AND 7159584
	Aggregate  (cost=3668.57..3668.58 rows=1 width=8)
	  ->  Bitmap Heap Scan on sbtest7  (cost=30.11..3666.21 rows=944 width=121)
	        Recheck Cond: ((id >= 7158585) AND (id <= 7159584))
	        ->  Bitmap Index Scan on sbtest7_pkey  (cost=0.00..29.87 rows=944 width=0)
	              Index Cond: ((id >= 7158585) AND (id <= 7159584))

table 8 : explain SELECT count(c) FROM sbtest8 WHERE id BETWEEN 6323180 AND 6324179
	Aggregate  (cost=3715.46..3715.47 rows=1 width=8)
	  ->  Bitmap Heap Scan on sbtest8  (cost=30.24..3713.06 rows=957 width=121)
	        Recheck Cond: ((id >= 6323180) AND (id <= 6324179))
	        ->  Bitmap Index Scan on sbtest8_pkey  (cost=0.00..30.00 rows=957 width=0)
	              Index Cond: ((id >= 6323180) AND (id <= 6324179))

for: count_ranges
table 1 : explain SELECT count(c) FROM sbtest1 WHERE id BETWEEN 2271845 AND 2272844
	Aggregate  (cost=3802.08..3802.09 rows=1 width=8)
	  ->  Bitmap Heap Scan on sbtest1  (cost=30.49..3799.63 rows=981 width=121)
	        Recheck Cond: ((id >= 2271845) AND (id <= 2272844))
	        ->  Bitmap Index Scan on sbtest1_pkey  (cost=0.00..30.25 rows=981 width=0)
	              Index Cond: ((id >= 2271845) AND (id <= 2272844))

table 2 : explain SELECT count(c) FROM sbtest2 WHERE id BETWEEN 1853317 AND 1854316
	Aggregate  (cost=3950.67..3950.68 rows=1 width=8)
	  ->  Bitmap Heap Scan on sbtest2  (cost=30.89..3948.12 rows=1020 width=121)
	        Recheck Cond: ((id >= 1853317) AND (id <= 1854316))
	        ->  Bitmap Index Scan on sbtest2_pkey  (cost=0.00..30.64 rows=1020 width=0)
	              Index Cond: ((id >= 1853317) AND (id <= 1854316))

table 3 : explain SELECT count(c) FROM sbtest3 WHERE id BETWEEN 9677239 AND 9678238
	Aggregate  (cost=3679.31..3679.32 rows=1 width=8)
	  ->  Bitmap Heap Scan on sbtest3  (cost=30.15..3676.94 rows=948 width=121)
	        Recheck Cond: ((id >= 9677239) AND (id <= 9678238))
	        ->  Bitmap Index Scan on sbtest3_pkey  (cost=0.00..29.91 rows=948 width=0)
	              Index Cond: ((id >= 9677239) AND (id <= 9678238))

table 4 : explain SELECT count(c) FROM sbtest4 WHERE id BETWEEN 1713265 AND 1714264
	Aggregate  (cost=3592.03..3592.04 rows=1 width=8)
	  ->  Bitmap Heap Scan on sbtest4  (cost=25.93..3589.71 rows=926 width=121)
	        Recheck Cond: ((id >= 1713265) AND (id <= 1714264))
	        ->  Bitmap Index Scan on sbtest4_pkey  (cost=0.00..25.69 rows=926 width=0)
	              Index Cond: ((id >= 1713265) AND (id <= 1714264))

table 5 : explain SELECT count(c) FROM sbtest5 WHERE id BETWEEN 7858248 AND 7859247
	Aggregate  (cost=3691.25..3691.26 rows=1 width=8)
	  ->  Bitmap Heap Scan on sbtest5  (cost=30.17..3688.88 rows=950 width=121)
	        Recheck Cond: ((id >= 7858248) AND (id <= 7859247))
	        ->  Bitmap Index Scan on sbtest5_pkey  (cost=0.00..29.93 rows=950 width=0)
	              Index Cond: ((id >= 7858248) AND (id <= 7859247))

table 6 : explain SELECT count(c) FROM sbtest6 WHERE id BETWEEN 5112385 AND 5113384
	Aggregate  (cost=3544.74..3544.75 rows=1 width=8)
	  ->  Bitmap Heap Scan on sbtest6  (cost=29.78..3542.46 rows=912 width=121)
	        Recheck Cond: ((id >= 5112385) AND (id <= 5113384))
	        ->  Bitmap Index Scan on sbtest6_pkey  (cost=0.00..29.55 rows=912 width=0)
	              Index Cond: ((id >= 5112385) AND (id <= 5113384))

table 7 : explain SELECT count(c) FROM sbtest7 WHERE id BETWEEN 1866180 AND 1867179
	Aggregate  (cost=4129.91..4129.92 rows=1 width=8)
	  ->  Bitmap Heap Scan on sbtest7  (cost=31.36..4127.25 rows=1066 width=121)
	        Recheck Cond: ((id >= 1866180) AND (id <= 1867179))
	        ->  Bitmap Index Scan on sbtest7_pkey  (cost=0.00..31.09 rows=1066 width=0)
	              Index Cond: ((id >= 1866180) AND (id <= 1867179))

table 8 : explain SELECT count(c) FROM sbtest8 WHERE id BETWEEN 8436998 AND 8437997
	Aggregate  (cost=3643.54..3643.55 rows=1 width=8)
	  ->  Bitmap Heap Scan on sbtest8  (cost=30.05..3641.20 rows=938 width=121)
	        Recheck Cond: ((id >= 8436998) AND (id <= 8437997))
	        ->  Bitmap Index Scan on sbtest8_pkey  (cost=0.00..29.82 rows=938 width=0)
	              Index Cond: ((id >= 8436998) AND (id <= 8437997))

for: count_ranges
table 1 : explain SELECT count(c) FROM sbtest1 WHERE id BETWEEN 3017975 AND 3018974
	Aggregate  (cost=3786.99..3787.00 rows=1 width=8)
	  ->  Bitmap Heap Scan on sbtest1  (cost=30.45..3784.54 rows=977 width=121)
	        Recheck Cond: ((id >= 3017975) AND (id <= 3018974))
	        ->  Bitmap Index Scan on sbtest1_pkey  (cost=0.00..30.20 rows=977 width=0)
	              Index Cond: ((id >= 3017975) AND (id <= 3018974))

table 2 : explain SELECT count(c) FROM sbtest2 WHERE id BETWEEN 4830849 AND 4831848
	Aggregate  (cost=3795.93..3795.94 rows=1 width=8)
	  ->  Bitmap Heap Scan on sbtest2  (cost=30.47..3793.49 rows=979 width=121)
	        Recheck Cond: ((id >= 4830849) AND (id <= 4831848))
	        ->  Bitmap Index Scan on sbtest2_pkey  (cost=0.00..30.22 rows=979 width=0)
	              Index Cond: ((id >= 4830849) AND (id <= 4831848))

table 3 : explain SELECT count(c) FROM sbtest3 WHERE id BETWEEN 5712019 AND 5713018
	Aggregate  (cost=3875.77..3875.78 rows=1 width=8)
	  ->  Bitmap Heap Scan on sbtest3  (cost=30.68..3873.27 rows=1000 width=121)
	        Recheck Cond: ((id >= 5712019) AND (id <= 5713018))
	        ->  Bitmap Index Scan on sbtest3_pkey  (cost=0.00..30.43 rows=1000 width=0)
	              Index Cond: ((id >= 5712019) AND (id <= 5713018))

table 4 : explain SELECT count(c) FROM sbtest4 WHERE id BETWEEN 9354049 AND 9355048
	Aggregate  (cost=4354.14..4354.15 rows=1 width=8)
	  ->  Bitmap Heap Scan on sbtest4  (cost=32.00..4351.32 rows=1128 width=121)
	        Recheck Cond: ((id >= 9354049) AND (id <= 9355048))
	        ->  Bitmap Index Scan on sbtest4_pkey  (cost=0.00..31.71 rows=1128 width=0)
	              Index Cond: ((id >= 9354049) AND (id <= 9355048))

table 5 : explain SELECT count(c) FROM sbtest5 WHERE id BETWEEN 4664039 AND 4665038
	Aggregate  (cost=3763.20..3763.21 rows=1 width=8)
	  ->  Bitmap Heap Scan on sbtest5  (cost=30.37..3760.78 rows=969 width=121)
	        Recheck Cond: ((id >= 4664039) AND (id <= 4665038))
	        ->  Bitmap Index Scan on sbtest5_pkey  (cost=0.00..30.12 rows=969 width=0)
	              Index Cond: ((id >= 4664039) AND (id <= 4665038))

table 6 : explain SELECT count(c) FROM sbtest6 WHERE id BETWEEN 6600893 AND 6601892
	Aggregate  (cost=3612.92..3612.93 rows=1 width=8)
	  ->  Bitmap Heap Scan on sbtest6  (cost=29.97..3610.59 rows=930 width=121)
	        Recheck Cond: ((id >= 6600893) AND (id <= 6601892))
	        ->  Bitmap Index Scan on sbtest6_pkey  (cost=0.00..29.73 rows=930 width=0)
	              Index Cond: ((id >= 6600893) AND (id <= 6601892))

table 7 : explain SELECT count(c) FROM sbtest7 WHERE id BETWEEN 7615712 AND 7616711
	Aggregate  (cost=3698.88..3698.89 rows=1 width=8)
	  ->  Bitmap Heap Scan on sbtest7  (cost=30.19..3696.50 rows=952 width=121)
	        Recheck Cond: ((id >= 7615712) AND (id <= 7616711))
	        ->  Bitmap Index Scan on sbtest7_pkey  (cost=0.00..29.95 rows=952 width=0)
	              Index Cond: ((id >= 7615712) AND (id <= 7616711))

table 8 : explain SELECT count(c) FROM sbtest8 WHERE id BETWEEN 2796638 AND 2797637
	Aggregate  (cost=4025.30..4025.31 rows=1 width=8)
	  ->  Bitmap Heap Scan on sbtest8  (cost=31.08..4022.70 rows=1039 width=121)
	        Recheck Cond: ((id >= 2796638) AND (id <= 2797637))
	        ->  Bitmap Index Scan on sbtest8_pkey  (cost=0.00..30.82 rows=1039 width=0)
	              Index Cond: ((id >= 2796638) AND (id <= 2797637))

for: count_ranges
table 1 : explain SELECT count(c) FROM sbtest1 WHERE id BETWEEN 2423992 AND 2424991
	Aggregate  (cost=3870.00..3870.01 rows=1 width=8)
	  ->  Bitmap Heap Scan on sbtest1  (cost=30.67..3867.50 rows=999 width=121)
	        Recheck Cond: ((id >= 2423992) AND (id <= 2424991))
	        ->  Bitmap Index Scan on sbtest1_pkey  (cost=0.00..30.43 rows=999 width=0)
	              Index Cond: ((id >= 2423992) AND (id <= 2424991))

table 2 : explain SELECT count(c) FROM sbtest2 WHERE id BETWEEN 2889931 AND 2890930
	Aggregate  (cost=3591.58..3591.59 rows=1 width=8)
	  ->  Bitmap Heap Scan on sbtest2  (cost=25.93..3589.27 rows=926 width=121)
	        Recheck Cond: ((id >= 2889931) AND (id <= 2890930))
	        ->  Bitmap Index Scan on sbtest2_pkey  (cost=0.00..25.69 rows=926 width=0)
	              Index Cond: ((id >= 2889931) AND (id <= 2890930))

table 3 : explain SELECT count(c) FROM sbtest3 WHERE id BETWEEN 7919813 AND 7920812
	Aggregate  (cost=4230.06..4230.07 rows=1 width=8)
	  ->  Bitmap Heap Scan on sbtest3  (cost=31.65..4227.33 rows=1094 width=121)
	        Recheck Cond: ((id >= 7919813) AND (id <= 7920812))
	        ->  Bitmap Index Scan on sbtest3_pkey  (cost=0.00..31.37 rows=1094 width=0)
	              Index Cond: ((id >= 7919813) AND (id <= 7920812))

table 4 : explain SELECT count(c) FROM sbtest4 WHERE id BETWEEN 1791887 AND 1792886
	Aggregate  (cost=3592.03..3592.04 rows=1 width=8)
	  ->  Bitmap Heap Scan on sbtest4  (cost=25.93..3589.71 rows=926 width=121)
	        Recheck Cond: ((id >= 1791887) AND (id <= 1792886))
	        ->  Bitmap Index Scan on sbtest4_pkey  (cost=0.00..25.69 rows=926 width=0)
	              Index Cond: ((id >= 1791887) AND (id <= 1792886))

table 5 : explain SELECT count(c) FROM sbtest5 WHERE id BETWEEN 1761510 AND 1762509
	Aggregate  (cost=3766.99..3767.00 rows=1 width=8)
	  ->  Bitmap Heap Scan on sbtest5  (cost=30.38..3764.56 rows=970 width=121)
	        Recheck Cond: ((id >= 1761510) AND (id <= 1762509))
	        ->  Bitmap Index Scan on sbtest5_pkey  (cost=0.00..30.14 rows=970 width=0)
	              Index Cond: ((id >= 1761510) AND (id <= 1762509))

table 6 : explain SELECT count(c) FROM sbtest6 WHERE id BETWEEN 1042351 AND 1043350
	Aggregate  (cost=3820.99..3821.00 rows=1 width=8)
	  ->  Bitmap Heap Scan on sbtest6  (cost=30.53..3818.53 rows=985 width=121)
	        Recheck Cond: ((id >= 1042351) AND (id <= 1043350))
	        ->  Bitmap Index Scan on sbtest6_pkey  (cost=0.00..30.29 rows=985 width=0)
	              Index Cond: ((id >= 1042351) AND (id <= 1043350))

table 7 : explain SELECT count(c) FROM sbtest7 WHERE id BETWEEN 6198863 AND 6199862
	Aggregate  (cost=3899.47..3899.48 rows=1 width=8)
	  ->  Bitmap Heap Scan on sbtest7  (cost=30.74..3896.96 rows=1005 width=121)
	        Recheck Cond: ((id >= 6198863) AND (id <= 6199862))
	        ->  Bitmap Index Scan on sbtest7_pkey  (cost=0.00..30.48 rows=1005 width=0)
	              Index Cond: ((id >= 6198863) AND (id <= 6199862))

table 8 : explain SELECT count(c) FROM sbtest8 WHERE id BETWEEN 8768411 AND 8769410
	Aggregate  (cost=3590.52..3590.53 rows=1 width=8)
	  ->  Bitmap Heap Scan on sbtest8  (cost=29.91..3588.21 rows=924 width=121)
	        Recheck Cond: ((id >= 8768411) AND (id <= 8769410))
	        ->  Bitmap Index Scan on sbtest8_pkey  (cost=0.00..29.68 rows=924 width=0)
	              Index Cond: ((id >= 8768411) AND (id <= 8769410))

for: count_ranges
table 1 : explain SELECT count(c) FROM sbtest1 WHERE id BETWEEN 9095125 AND 9096124
	Aggregate  (cost=3979.34..3979.35 rows=1 width=8)
	  ->  Bitmap Heap Scan on sbtest1  (cost=30.97..3976.77 rows=1028 width=121)
	        Recheck Cond: ((id >= 9095125) AND (id <= 9096124))
	        ->  Bitmap Index Scan on sbtest1_pkey  (cost=0.00..30.71 rows=1028 width=0)
	              Index Cond: ((id >= 9095125) AND (id <= 9096124))

table 2 : explain SELECT count(c) FROM sbtest2 WHERE id BETWEEN 8171698 AND 8172697
	Aggregate  (cost=3822.37..3822.38 rows=1 width=8)
	  ->  Bitmap Heap Scan on sbtest2  (cost=30.54..3819.90 rows=986 width=121)
	        Recheck Cond: ((id >= 8171698) AND (id <= 8172697))
	        ->  Bitmap Index Scan on sbtest2_pkey  (cost=0.00..30.29 rows=986 width=0)
	              Index Cond: ((id >= 8171698) AND (id <= 8172697))

table 3 : explain SELECT count(c) FROM sbtest3 WHERE id BETWEEN 3282677 AND 3283676
	Aggregate  (cost=3860.67..3860.68 rows=1 width=8)
	  ->  Bitmap Heap Scan on sbtest3  (cost=30.64..3858.18 rows=996 width=121)
	        Recheck Cond: ((id >= 3282677) AND (id <= 3283676))
	        ->  Bitmap Index Scan on sbtest3_pkey  (cost=0.00..30.39 rows=996 width=0)
	              Index Cond: ((id >= 3282677) AND (id <= 3283676))

table 4 : explain SELECT count(c) FROM sbtest4 WHERE id BETWEEN 5927517 AND 5928516
	Aggregate  (cost=3977.59..3977.60 rows=1 width=8)
	  ->  Bitmap Heap Scan on sbtest4  (cost=30.96..3975.02 rows=1027 width=121)
	        Recheck Cond: ((id >= 5927517) AND (id <= 5928516))
	        ->  Bitmap Index Scan on sbtest4_pkey  (cost=0.00..30.70 rows=1027 width=0)
	              Index Cond: ((id >= 5927517) AND (id <= 5928516))

table 5 : explain SELECT count(c) FROM sbtest5 WHERE id BETWEEN 739643 AND 740642
	Aggregate  (cost=3524.45..3524.46 rows=1 width=8)
	  ->  Bitmap Heap Scan on sbtest5  (cost=29.72..3522.18 rows=906 width=121)
	        Recheck Cond: ((id >= 739643) AND (id <= 740642))
	        ->  Bitmap Index Scan on sbtest5_pkey  (cost=0.00..29.50 rows=906 width=0)
	              Index Cond: ((id >= 739643) AND (id <= 740642))

table 6 : explain SELECT count(c) FROM sbtest6 WHERE id BETWEEN 7867994 AND 7868993
	Aggregate  (cost=3673.49..3673.50 rows=1 width=8)
	  ->  Bitmap Heap Scan on sbtest6  (cost=30.13..3671.12 rows=946 width=121)
	        Recheck Cond: ((id >= 7867994) AND (id <= 7868993))
	        ->  Bitmap Index Scan on sbtest6_pkey  (cost=0.00..29.89 rows=946 width=0)
	              Index Cond: ((id >= 7867994) AND (id <= 7868993))

table 7 : explain SELECT count(c) FROM sbtest7 WHERE id BETWEEN 7177286 AND 7178285
	Aggregate  (cost=3899.47..3899.48 rows=1 width=8)
	  ->  Bitmap Heap Scan on sbtest7  (cost=30.74..3896.96 rows=1005 width=121)
	        Recheck Cond: ((id >= 7177286) AND (id <= 7178285))
	        ->  Bitmap Index Scan on sbtest7_pkey  (cost=0.00..30.48 rows=1005 width=0)
	              Index Cond: ((id >= 7177286) AND (id <= 7178285))

table 8 : explain SELECT count(c) FROM sbtest8 WHERE id BETWEEN 6405442 AND 6406441
	Aggregate  (cost=3787.32..3787.33 rows=1 width=8)
	  ->  Bitmap Heap Scan on sbtest8  (cost=30.44..3784.88 rows=976 width=121)
	        Recheck Cond: ((id >= 6405442) AND (id <= 6406441))
	        ->  Bitmap Index Scan on sbtest8_pkey  (cost=0.00..30.19 rows=976 width=0)
	              Index Cond: ((id >= 6405442) AND (id <= 6406441))

for: count_ranges
table 1 : explain SELECT count(c) FROM sbtest1 WHERE id BETWEEN 1585635 AND 1586634
	Aggregate  (cost=3843.59..3843.60 rows=1 width=8)
	  ->  Bitmap Heap Scan on sbtest1  (cost=30.60..3841.11 rows=992 width=121)
	        Recheck Cond: ((id >= 1585635) AND (id <= 1586634))
	        ->  Bitmap Index Scan on sbtest1_pkey  (cost=0.00..30.36 rows=992 width=0)
	              Index Cond: ((id >= 1585635) AND (id <= 1586634))

table 2 : explain SELECT count(c) FROM sbtest2 WHERE id BETWEEN 869301 AND 870300
	Aggregate  (cost=3678.79..3678.80 rows=1 width=8)
	  ->  Bitmap Heap Scan on sbtest2  (cost=30.15..3676.42 rows=948 width=121)
	        Recheck Cond: ((id >= 869301) AND (id <= 870300))
	        ->  Bitmap Index Scan on sbtest2_pkey  (cost=0.00..29.91 rows=948 width=0)
	              Index Cond: ((id >= 869301) AND (id <= 870300))

table 3 : explain SELECT count(c) FROM sbtest3 WHERE id BETWEEN 1061891 AND 1062890
	Aggregate  (cost=3838.02..3838.03 rows=1 width=8)
	  ->  Bitmap Heap Scan on sbtest3  (cost=30.58..3835.54 rows=990 width=121)
	        Recheck Cond: ((id >= 1061891) AND (id <= 1062890))
	        ->  Bitmap Index Scan on sbtest3_pkey  (cost=0.00..30.33 rows=990 width=0)
	              Index Cond: ((id >= 1061891) AND (id <= 1062890))

table 4 : explain SELECT count(c) FROM sbtest4 WHERE id BETWEEN 526055 AND 527054
	Aggregate  (cost=3607.17..3607.18 rows=1 width=8)
	  ->  Bitmap Heap Scan on sbtest4  (cost=25.97..3604.84 rows=930 width=121)
	        Recheck Cond: ((id >= 526055) AND (id <= 527054))
	        ->  Bitmap Index Scan on sbtest4_pkey  (cost=0.00..25.73 rows=930 width=0)
	              Index Cond: ((id >= 526055) AND (id <= 527054))

table 5 : explain SELECT count(c) FROM sbtest5 WHERE id BETWEEN 2555871 AND 2556870
	Aggregate  (cost=3672.31..3672.32 rows=1 width=8)
	  ->  Bitmap Heap Scan on sbtest5  (cost=30.12..3669.95 rows=945 width=121)
	        Recheck Cond: ((id >= 2555871) AND (id <= 2556870))
	        ->  Bitmap Index Scan on sbtest5_pkey  (cost=0.00..29.89 rows=945 width=0)
	              Index Cond: ((id >= 2555871) AND (id <= 2556870))

table 6 : explain SELECT count(c) FROM sbtest6 WHERE id BETWEEN 2406147 AND 2407146
	Aggregate  (cost=3427.01..3427.02 rows=1 width=8)
	  ->  Bitmap Heap Scan on sbtest6  (cost=25.48..3424.80 rows=882 width=121)
	        Recheck Cond: ((id >= 2406147) AND (id <= 2407146))
	        ->  Bitmap Index Scan on sbtest6_pkey  (cost=0.00..25.25 rows=882 width=0)
	              Index Cond: ((id >= 2406147) AND (id <= 2407146))

table 7 : explain SELECT count(c) FROM sbtest7 WHERE id BETWEEN 813556 AND 814555
	Aggregate  (cost=3611.72..3611.73 rows=1 width=8)
	  ->  Bitmap Heap Scan on sbtest7  (cost=29.96..3609.40 rows=929 width=121)
	        Recheck Cond: ((id >= 813556) AND (id <= 814555))
	        ->  Bitmap Index Scan on sbtest7_pkey  (cost=0.00..29.72 rows=929 width=0)
	              Index Cond: ((id >= 813556) AND (id <= 814555))

table 8 : explain SELECT count(c) FROM sbtest8 WHERE id BETWEEN 1043745 AND 1044744
	Aggregate  (cost=3685.18..3685.19 rows=1 width=8)
	  ->  Bitmap Heap Scan on sbtest8  (cost=30.16..3682.81 rows=949 width=121)
	        Recheck Cond: ((id >= 1043745) AND (id <= 1044744))
	        ->  Bitmap Index Scan on sbtest8_pkey  (cost=0.00..29.93 rows=949 width=0)
	              Index Cond: ((id >= 1043745) AND (id <= 1044744))

for: count_ranges
table 1 : explain SELECT count(c) FROM sbtest1 WHERE id BETWEEN 1018393 AND 1019392
	Aggregate  (cost=4148.78..4148.79 rows=1 width=8)
	  ->  Bitmap Heap Scan on sbtest1  (cost=31.43..4146.10 rows=1073 width=121)
	        Recheck Cond: ((id >= 1018393) AND (id <= 1019392))
	        ->  Bitmap Index Scan on sbtest1_pkey  (cost=0.00..31.16 rows=1073 width=0)
	              Index Cond: ((id >= 1018393) AND (id <= 1019392))

table 2 : explain SELECT count(c) FROM sbtest2 WHERE id BETWEEN 5618069 AND 5619068
	Aggregate  (cost=3837.47..3837.48 rows=1 width=8)
	  ->  Bitmap Heap Scan on sbtest2  (cost=30.58..3834.99 rows=990 width=121)
	        Recheck Cond: ((id >= 5618069) AND (id <= 5619068))
	        ->  Bitmap Index Scan on sbtest2_pkey  (cost=0.00..30.33 rows=990 width=0)
	              Index Cond: ((id >= 5618069) AND (id <= 5619068))

table 3 : explain SELECT count(c) FROM sbtest3 WHERE id BETWEEN 5060393 AND 5061392
	Aggregate  (cost=3739.80..3739.81 rows=1 width=8)
	  ->  Bitmap Heap Scan on sbtest3  (cost=30.32..3737.39 rows=964 width=121)
	        Recheck Cond: ((id >= 5060393) AND (id <= 5061392))
	        ->  Bitmap Index Scan on sbtest3_pkey  (cost=0.00..30.07 rows=964 width=0)
	              Index Cond: ((id >= 5060393) AND (id <= 5061392))

table 4 : explain SELECT count(c) FROM sbtest4 WHERE id BETWEEN 2355252 AND 2356251
	Aggregate  (cost=3739.74..3739.75 rows=1 width=8)
	  ->  Bitmap Heap Scan on sbtest4  (cost=30.32..3737.33 rows=964 width=121)
	        Recheck Cond: ((id >= 2355252) AND (id <= 2356251))
	        ->  Bitmap Index Scan on sbtest4_pkey  (cost=0.00..30.07 rows=964 width=0)
	              Index Cond: ((id >= 2355252) AND (id <= 2356251))

table 5 : explain SELECT count(c) FROM sbtest5 WHERE id BETWEEN 7252772 AND 7253771
	Aggregate  (cost=3429.36..3429.37 rows=1 width=8)
	  ->  Bitmap Heap Scan on sbtest5  (cost=25.48..3427.15 rows=882 width=121)
	        Recheck Cond: ((id >= 7252772) AND (id <= 7253771))
	        ->  Bitmap Index Scan on sbtest5_pkey  (cost=0.00..25.25 rows=882 width=0)
	              Index Cond: ((id >= 7252772) AND (id <= 7253771))

table 6 : explain SELECT count(c) FROM sbtest6 WHERE id BETWEEN 2757192 AND 2758191
	Aggregate  (cost=3987.17..3987.18 rows=1 width=8)
	  ->  Bitmap Heap Scan on sbtest6  (cost=30.98..3984.60 rows=1029 width=121)
	        Recheck Cond: ((id >= 2757192) AND (id <= 2758191))
	        ->  Bitmap Index Scan on sbtest6_pkey  (cost=0.00..30.72 rows=1029 width=0)
	              Index Cond: ((id >= 2757192) AND (id <= 2758191))

table 7 : explain SELECT count(c) FROM sbtest7 WHERE id BETWEEN 6385018 AND 6386017
	Aggregate  (cost=3566.22..3566.23 rows=1 width=8)
	  ->  Bitmap Heap Scan on sbtest7  (cost=29.83..3563.93 rows=917 width=121)
	        Recheck Cond: ((id >= 6385018) AND (id <= 6386017))
	        ->  Bitmap Index Scan on sbtest7_pkey  (cost=0.00..29.61 rows=917 width=0)
	              Index Cond: ((id >= 6385018) AND (id <= 6386017))

table 8 : explain SELECT count(c) FROM sbtest8 WHERE id BETWEEN 3701613 AND 3702612
	Aggregate  (cost=4198.75..4198.76 rows=1 width=8)
	  ->  Bitmap Heap Scan on sbtest8  (cost=31.56..4196.03 rows=1085 width=121)
	        Recheck Cond: ((id >= 3701613) AND (id <= 3702612))
	        ->  Bitmap Index Scan on sbtest8_pkey  (cost=0.00..31.29 rows=1085 width=0)
	              Index Cond: ((id >= 3701613) AND (id <= 3702612))

for: count_ranges
table 1 : explain SELECT count(c) FROM sbtest1 WHERE id BETWEEN 2103486 AND 2104485
	Aggregate  (cost=4058.44..4058.45 rows=1 width=8)
	  ->  Bitmap Heap Scan on sbtest1  (cost=31.19..4055.82 rows=1049 width=121)
	        Recheck Cond: ((id >= 2103486) AND (id <= 2104485))
	        ->  Bitmap Index Scan on sbtest1_pkey  (cost=0.00..30.93 rows=1049 width=0)
	              Index Cond: ((id >= 2103486) AND (id <= 2104485))

table 2 : explain SELECT count(c) FROM sbtest2 WHERE id BETWEEN 7535881 AND 7536880
	Aggregate  (cost=3671.23..3671.24 rows=1 width=8)
	  ->  Bitmap Heap Scan on sbtest2  (cost=30.13..3668.87 rows=946 width=121)
	        Recheck Cond: ((id >= 7535881) AND (id <= 7536880))
	        ->  Bitmap Index Scan on sbtest2_pkey  (cost=0.00..29.89 rows=946 width=0)
	              Index Cond: ((id >= 7535881) AND (id <= 7536880))

table 3 : explain SELECT count(c) FROM sbtest3 WHERE id BETWEEN 1545097 AND 1546096
	Aggregate  (cost=3939.93..3939.94 rows=1 width=8)
	  ->  Bitmap Heap Scan on sbtest3  (cost=30.86..3937.39 rows=1017 width=121)
	        Recheck Cond: ((id >= 1545097) AND (id <= 1546096))
	        ->  Bitmap Index Scan on sbtest3_pkey  (cost=0.00..30.61 rows=1017 width=0)
	              Index Cond: ((id >= 1545097) AND (id <= 1546096))

table 4 : explain SELECT count(c) FROM sbtest4 WHERE id BETWEEN 4517960 AND 4518959
	Aggregate  (cost=3849.29..3849.30 rows=1 width=8)
	  ->  Bitmap Heap Scan on sbtest4  (cost=30.61..3846.81 rows=993 width=121)
	        Recheck Cond: ((id >= 4517960) AND (id <= 4518959))
	        ->  Bitmap Index Scan on sbtest4_pkey  (cost=0.00..30.36 rows=993 width=0)
	              Index Cond: ((id >= 4517960) AND (id <= 4518959))

table 5 : explain SELECT count(c) FROM sbtest5 WHERE id BETWEEN 4674786 AND 4675785
	Aggregate  (cost=3763.20..3763.21 rows=1 width=8)
	  ->  Bitmap Heap Scan on sbtest5  (cost=30.37..3760.78 rows=969 width=121)
	        Recheck Cond: ((id >= 4674786) AND (id <= 4675785))
	        ->  Bitmap Index Scan on sbtest5_pkey  (cost=0.00..30.12 rows=969 width=0)
	              Index Cond: ((id >= 4674786) AND (id <= 4675785))

table 6 : explain SELECT count(c) FROM sbtest6 WHERE id BETWEEN 975457 AND 976456
	Aggregate  (cost=4194.56..4194.57 rows=1 width=8)
	  ->  Bitmap Heap Scan on sbtest6  (cost=31.55..4191.85 rows=1084 width=121)
	        Recheck Cond: ((id >= 975457) AND (id <= 976456))
	        ->  Bitmap Index Scan on sbtest6_pkey  (cost=0.00..31.27 rows=1084 width=0)
	              Index Cond: ((id >= 975457) AND (id <= 976456))

table 7 : explain SELECT count(c) FROM sbtest7 WHERE id BETWEEN 3661805 AND 3662804
	Aggregate  (cost=4069.51..4069.52 rows=1 width=8)
	  ->  Bitmap Heap Scan on sbtest7  (cost=31.20..4066.89 rows=1050 width=121)
	        Recheck Cond: ((id >= 3661805) AND (id <= 3662804))
	        ->  Bitmap Index Scan on sbtest7_pkey  (cost=0.00..30.93 rows=1050 width=0)
	              Index Cond: ((id >= 3661805) AND (id <= 3662804))

table 8 : explain SELECT count(c) FROM sbtest8 WHERE id BETWEEN 9791322 AND 9792321
	Aggregate  (cost=4096.97..4096.98 rows=1 width=8)
	  ->  Bitmap Heap Scan on sbtest8  (cost=31.28..4094.33 rows=1058 width=121)
	        Recheck Cond: ((id >= 9791322) AND (id <= 9792321))
	        ->  Bitmap Index Scan on sbtest8_pkey  (cost=0.00..31.01 rows=1058 width=0)
	              Index Cond: ((id >= 9791322) AND (id <= 9792321))

for: count_ranges
table 1 : explain SELECT count(c) FROM sbtest1 WHERE id BETWEEN 3855707 AND 3856706
	Aggregate  (cost=3881.32..3881.33 rows=1 width=8)
	  ->  Bitmap Heap Scan on sbtest1  (cost=30.71..3878.81 rows=1002 width=121)
	        Recheck Cond: ((id >= 3855707) AND (id <= 3856706))
	        ->  Bitmap Index Scan on sbtest1_pkey  (cost=0.00..30.45 rows=1002 width=0)
	              Index Cond: ((id >= 3855707) AND (id <= 3856706))

table 2 : explain SELECT count(c) FROM sbtest2 WHERE id BETWEEN 1701855 AND 1702854
	Aggregate  (cost=4172.97..4172.98 rows=1 width=8)
	  ->  Bitmap Heap Scan on sbtest2  (cost=31.49..4170.28 rows=1079 width=121)
	        Recheck Cond: ((id >= 1701855) AND (id <= 1702854))
	        ->  Bitmap Index Scan on sbtest2_pkey  (cost=0.00..31.22 rows=1079 width=0)
	              Index Cond: ((id >= 1701855) AND (id <= 1702854))

table 3 : explain SELECT count(c) FROM sbtest3 WHERE id BETWEEN 5969674 AND 5970673
	Aggregate  (cost=3860.67..3860.68 rows=1 width=8)
	  ->  Bitmap Heap Scan on sbtest3  (cost=30.64..3858.18 rows=996 width=121)
	        Recheck Cond: ((id >= 5969674) AND (id <= 5970673))
	        ->  Bitmap Index Scan on sbtest3_pkey  (cost=0.00..30.39 rows=996 width=0)
	              Index Cond: ((id >= 5969674) AND (id <= 5970673))

table 4 : explain SELECT count(c) FROM sbtest4 WHERE id BETWEEN 5217872 AND 5218871
	Aggregate  (cost=3898.36..3898.37 rows=1 width=8)
	  ->  Bitmap Heap Scan on sbtest4  (cost=30.75..3895.85 rows=1006 width=121)
	        Recheck Cond: ((id >= 5217872) AND (id <= 5218871))
	        ->  Bitmap Index Scan on sbtest4_pkey  (cost=0.00..30.50 rows=1006 width=0)
	              Index Cond: ((id >= 5217872) AND (id <= 5218871))

table 5 : explain SELECT count(c) FROM sbtest5 WHERE id BETWEEN 5036416 AND 5037415
	Aggregate  (cost=3440.75..3440.76 rows=1 width=8)
	  ->  Bitmap Heap Scan on sbtest5  (cost=25.51..3438.53 rows=885 width=121)
	        Recheck Cond: ((id >= 5036416) AND (id <= 5037415))
	        ->  Bitmap Index Scan on sbtest5_pkey  (cost=0.00..25.29 rows=885 width=0)
	              Index Cond: ((id >= 5036416) AND (id <= 5037415))

table 6 : explain SELECT count(c) FROM sbtest6 WHERE id BETWEEN 589430 AND 590429
	Aggregate  (cost=3945.65..3945.66 rows=1 width=8)
	  ->  Bitmap Heap Scan on sbtest6  (cost=30.87..3943.10 rows=1018 width=121)
	        Recheck Cond: ((id >= 589430) AND (id <= 590429))
	        ->  Bitmap Index Scan on sbtest6_pkey  (cost=0.00..30.61 rows=1018 width=0)
	              Index Cond: ((id >= 589430) AND (id <= 590429))

table 7 : explain SELECT count(c) FROM sbtest7 WHERE id BETWEEN 6505069 AND 6506068
	Aggregate  (cost=3732.97..3732.98 rows=1 width=8)
	  ->  Bitmap Heap Scan on sbtest7  (cost=30.29..3730.56 rows=961 width=121)
	        Recheck Cond: ((id >= 6505069) AND (id <= 6506068))
	        ->  Bitmap Index Scan on sbtest7_pkey  (cost=0.00..30.04 rows=961 width=0)
	              Index Cond: ((id >= 6505069) AND (id <= 6506068))

table 8 : explain SELECT count(c) FROM sbtest8 WHERE id BETWEEN 1985673 AND 1986672
	Aggregate  (cost=3893.15..3893.16 rows=1 width=8)
	  ->  Bitmap Heap Scan on sbtest8  (cost=30.73..3890.64 rows=1004 width=121)
	        Recheck Cond: ((id >= 1985673) AND (id <= 1986672))
	        ->  Bitmap Index Scan on sbtest8_pkey  (cost=0.00..30.47 rows=1004 width=0)
	              Index Cond: ((id >= 1985673) AND (id <= 1986672))

for: count_ranges
table 1 : explain SELECT count(c) FROM sbtest1 WHERE id BETWEEN 6886676 AND 6887675
	Aggregate  (cost=3847.37..3847.38 rows=1 width=8)
	  ->  Bitmap Heap Scan on sbtest1  (cost=30.61..3844.88 rows=993 width=121)
	        Recheck Cond: ((id >= 6886676) AND (id <= 6887675))
	        ->  Bitmap Index Scan on sbtest1_pkey  (cost=0.00..30.36 rows=993 width=0)
	              Index Cond: ((id >= 6886676) AND (id <= 6887675))

table 2 : explain SELECT count(c) FROM sbtest2 WHERE id BETWEEN 929358 AND 930357
	Aggregate  (cost=3746.82..3746.83 rows=1 width=8)
	  ->  Bitmap Heap Scan on sbtest2  (cost=30.34..3744.41 rows=966 width=121)
	        Recheck Cond: ((id >= 929358) AND (id <= 930357))
	        ->  Bitmap Index Scan on sbtest2_pkey  (cost=0.00..30.09 rows=966 width=0)
	              Index Cond: ((id >= 929358) AND (id <= 930357))

table 3 : explain SELECT count(c) FROM sbtest3 WHERE id BETWEEN 7957516 AND 7958515
	Aggregate  (cost=4230.06..4230.07 rows=1 width=8)
	  ->  Bitmap Heap Scan on sbtest3  (cost=31.65..4227.33 rows=1094 width=121)
	        Recheck Cond: ((id >= 7957516) AND (id <= 7958515))
	        ->  Bitmap Index Scan on sbtest3_pkey  (cost=0.00..31.37 rows=1094 width=0)
	              Index Cond: ((id >= 7957516) AND (id <= 7958515))

table 4 : explain SELECT count(c) FROM sbtest4 WHERE id BETWEEN 7997987 AND 7998986
	Aggregate  (cost=4120.81..4120.82 rows=1 width=8)
	  ->  Bitmap Heap Scan on sbtest4  (cost=31.35..4118.15 rows=1065 width=121)
	        Recheck Cond: ((id >= 7997987) AND (id <= 7998986))
	        ->  Bitmap Index Scan on sbtest4_pkey  (cost=0.00..31.08 rows=1065 width=0)
	              Index Cond: ((id >= 7997987) AND (id <= 7998986))

table 5 : explain SELECT count(c) FROM sbtest5 WHERE id BETWEEN 1490422 AND 1491421
	Aggregate  (cost=4220.39..4220.40 rows=1 width=8)
	  ->  Bitmap Heap Scan on sbtest5  (cost=31.61..4217.67 rows=1090 width=121)
	        Recheck Cond: ((id >= 1490422) AND (id <= 1491421))
	        ->  Bitmap Index Scan on sbtest5_pkey  (cost=0.00..31.33 rows=1090 width=0)
	              Index Cond: ((id >= 1490422) AND (id <= 1491421))

table 6 : explain SELECT count(c) FROM sbtest6 WHERE id BETWEEN 4125585 AND 4126584
	Aggregate  (cost=3911.66..3911.67 rows=1 width=8)
	  ->  Bitmap Heap Scan on sbtest6  (cost=30.78..3909.14 rows=1009 width=121)
	        Recheck Cond: ((id >= 4125585) AND (id <= 4126584))
	        ->  Bitmap Index Scan on sbtest6_pkey  (cost=0.00..30.52 rows=1009 width=0)
	              Index Cond: ((id >= 4125585) AND (id <= 4126584))

table 7 : explain SELECT count(c) FROM sbtest7 WHERE id BETWEEN 7387298 AND 7388297
	Aggregate  (cost=3918.38..3918.39 rows=1 width=8)
	  ->  Bitmap Heap Scan on sbtest7  (cost=30.79..3915.85 rows=1010 width=121)
	        Recheck Cond: ((id >= 7387298) AND (id <= 7388297))
	        ->  Bitmap Index Scan on sbtest7_pkey  (cost=0.00..30.54 rows=1010 width=0)
	              Index Cond: ((id >= 7387298) AND (id <= 7388297))

table 8 : explain SELECT count(c) FROM sbtest8 WHERE id BETWEEN 5939794 AND 5940793
	Aggregate  (cost=4044.16..4044.17 rows=1 width=8)
	  ->  Bitmap Heap Scan on sbtest8  (cost=31.14..4041.55 rows=1044 width=121)
	        Recheck Cond: ((id >= 5939794) AND (id <= 5940793))
	        ->  Bitmap Index Scan on sbtest8_pkey  (cost=0.00..30.87 rows=1044 width=0)
	              Index Cond: ((id >= 5939794) AND (id <= 5940793))

for: count_ranges
table 1 : explain SELECT count(c) FROM sbtest1 WHERE id BETWEEN 6845181 AND 6846180
	Aggregate  (cost=3847.37..3847.38 rows=1 width=8)
	  ->  Bitmap Heap Scan on sbtest1  (cost=30.61..3844.88 rows=993 width=121)
	        Recheck Cond: ((id >= 6845181) AND (id <= 6846180))
	        ->  Bitmap Index Scan on sbtest1_pkey  (cost=0.00..30.36 rows=993 width=0)
	              Index Cond: ((id >= 6845181) AND (id <= 6846180))

table 2 : explain SELECT count(c) FROM sbtest2 WHERE id BETWEEN 107888 AND 108887
	Aggregate  (cost=4293.37..4293.38 rows=1 width=8)
	  ->  Bitmap Heap Scan on sbtest2  (cost=31.82..4290.59 rows=1111 width=121)
	        Recheck Cond: ((id >= 107888) AND (id <= 108887))
	        ->  Bitmap Index Scan on sbtest2_pkey  (cost=0.00..31.54 rows=1111 width=0)
	              Index Cond: ((id >= 107888) AND (id <= 108887))

table 3 : explain SELECT count(c) FROM sbtest3 WHERE id BETWEEN 1885848 AND 1886847
	Aggregate  (cost=3856.90..3856.91 rows=1 width=8)
	  ->  Bitmap Heap Scan on sbtest3  (cost=30.63..3854.41 rows=995 width=121)
	        Recheck Cond: ((id >= 1885848) AND (id <= 1886847))
	        ->  Bitmap Index Scan on sbtest3_pkey  (cost=0.00..30.39 rows=995 width=0)
	              Index Cond: ((id >= 1885848) AND (id <= 1886847))

table 4 : explain SELECT count(c) FROM sbtest4 WHERE id BETWEEN 6810944 AND 6811943
	Aggregate  (cost=3720.84..3720.85 rows=1 width=8)
	  ->  Bitmap Heap Scan on sbtest4  (cost=30.26..3718.44 rows=959 width=121)
	        Recheck Cond: ((id >= 6810944) AND (id <= 6811943))
	        ->  Bitmap Index Scan on sbtest4_pkey  (cost=0.00..30.02 rows=959 width=0)
	              Index Cond: ((id >= 6810944) AND (id <= 6811943))

table 5 : explain SELECT count(c) FROM sbtest5 WHERE id BETWEEN 5315595 AND 5316594
	Aggregate  (cost=4284.49..4284.50 rows=1 width=8)
	  ->  Bitmap Heap Scan on sbtest5  (cost=31.78..4281.72 rows=1107 width=121)
	        Recheck Cond: ((id >= 5315595) AND (id <= 5316594))
	        ->  Bitmap Index Scan on sbtest5_pkey  (cost=0.00..31.50 rows=1107 width=0)
	              Index Cond: ((id >= 5315595) AND (id <= 5316594))

table 6 : explain SELECT count(c) FROM sbtest6 WHERE id BETWEEN 9498515 AND 9499514
	Aggregate  (cost=3681.06..3681.07 rows=1 width=8)
	  ->  Bitmap Heap Scan on sbtest6  (cost=30.15..3678.69 rows=948 width=121)
	        Recheck Cond: ((id >= 9498515) AND (id <= 9499514))
	        ->  Bitmap Index Scan on sbtest6_pkey  (cost=0.00..29.91 rows=948 width=0)
	              Index Cond: ((id >= 9498515) AND (id <= 9499514))

table 7 : explain SELECT count(c) FROM sbtest7 WHERE id BETWEEN 396801 AND 397800
	Aggregate  (cost=3706.45..3706.46 rows=1 width=8)
	  ->  Bitmap Heap Scan on sbtest7  (cost=30.21..3704.07 rows=954 width=121)
	        Recheck Cond: ((id >= 396801) AND (id <= 397800))
	        ->  Bitmap Index Scan on sbtest7_pkey  (cost=0.00..29.97 rows=954 width=0)
	              Index Cond: ((id >= 396801) AND (id <= 397800))

table 8 : explain SELECT count(c) FROM sbtest8 WHERE id BETWEEN 5174866 AND 5175865
	Aggregate  (cost=3787.32..3787.33 rows=1 width=8)
	  ->  Bitmap Heap Scan on sbtest8  (cost=30.44..3784.88 rows=976 width=121)
	        Recheck Cond: ((id >= 5174866) AND (id <= 5175865))
	        ->  Bitmap Index Scan on sbtest8_pkey  (cost=0.00..30.19 rows=976 width=0)
	              Index Cond: ((id >= 5174866) AND (id <= 5175865))

for: count_ranges
table 1 : explain SELECT count(c) FROM sbtest1 WHERE id BETWEEN 5816553 AND 5817552
	Aggregate  (cost=3847.37..3847.38 rows=1 width=8)
	  ->  Bitmap Heap Scan on sbtest1  (cost=30.61..3844.88 rows=993 width=121)
	        Recheck Cond: ((id >= 5816553) AND (id <= 5817552))
	        ->  Bitmap Index Scan on sbtest1_pkey  (cost=0.00..30.36 rows=993 width=0)
	              Index Cond: ((id >= 5816553) AND (id <= 5817552))

table 2 : explain SELECT count(c) FROM sbtest2 WHERE id BETWEEN 399741 AND 400740
	Aggregate  (cost=3633.41..3633.42 rows=1 width=8)
	  ->  Bitmap Heap Scan on sbtest2  (cost=30.03..3631.07 rows=936 width=121)
	        Recheck Cond: ((id >= 399741) AND (id <= 400740))
	        ->  Bitmap Index Scan on sbtest2_pkey  (cost=0.00..29.79 rows=936 width=0)
	              Index Cond: ((id >= 399741) AND (id <= 400740))

table 3 : explain SELECT count(c) FROM sbtest3 WHERE id BETWEEN 3088714 AND 3089713
	Aggregate  (cost=3702.00..3702.01 rows=1 width=8)
	  ->  Bitmap Heap Scan on sbtest3  (cost=30.21..3699.61 rows=954 width=121)
	        Recheck Cond: ((id >= 3088714) AND (id <= 3089713))
	        ->  Bitmap Index Scan on sbtest3_pkey  (cost=0.00..29.97 rows=954 width=0)
	              Index Cond: ((id >= 3088714) AND (id <= 3089713))

table 4 : explain SELECT count(c) FROM sbtest4 WHERE id BETWEEN 6336662 AND 6337661
	Aggregate  (cost=3966.27..3966.28 rows=1 width=8)
	  ->  Bitmap Heap Scan on sbtest4  (cost=30.93..3963.71 rows=1024 width=121)
	        Recheck Cond: ((id >= 6336662) AND (id <= 6337661))
	        ->  Bitmap Index Scan on sbtest4_pkey  (cost=0.00..30.68 rows=1024 width=0)
	              Index Cond: ((id >= 6336662) AND (id <= 6337661))

table 5 : explain SELECT count(c) FROM sbtest5 WHERE id BETWEEN 8471971 AND 8472970
	Aggregate  (cost=3925.88..3925.89 rows=1 width=8)
	  ->  Bitmap Heap Scan on sbtest5  (cost=30.81..3923.35 rows=1012 width=121)
	        Recheck Cond: ((id >= 8471971) AND (id <= 8472970))
	        ->  Bitmap Index Scan on sbtest5_pkey  (cost=0.00..30.55 rows=1012 width=0)
	              Index Cond: ((id >= 8471971) AND (id <= 8472970))

table 6 : explain SELECT count(c) FROM sbtest6 WHERE id BETWEEN 8180161 AND 8181160
	Aggregate  (cost=4104.11..4104.12 rows=1 width=8)
	  ->  Bitmap Heap Scan on sbtest6  (cost=31.30..4101.46 rows=1060 width=121)
	        Recheck Cond: ((id >= 8180161) AND (id <= 8181160))
	        ->  Bitmap Index Scan on sbtest6_pkey  (cost=0.00..31.04 rows=1060 width=0)
	              Index Cond: ((id >= 8180161) AND (id <= 8181160))

table 7 : explain SELECT count(c) FROM sbtest7 WHERE id BETWEEN 6787835 AND 6788834
	Aggregate  (cost=3804.89..3804.90 rows=1 width=8)
	  ->  Bitmap Heap Scan on sbtest7  (cost=30.48..3802.44 rows=980 width=121)
	        Recheck Cond: ((id >= 6787835) AND (id <= 6788834))
	        ->  Bitmap Index Scan on sbtest7_pkey  (cost=0.00..30.23 rows=980 width=0)
	              Index Cond: ((id >= 6787835) AND (id <= 6788834))

table 8 : explain SELECT count(c) FROM sbtest8 WHERE id BETWEEN 9518352 AND 9519351
	Aggregate  (cost=4006.43..4006.44 rows=1 width=8)
	  ->  Bitmap Heap Scan on sbtest8  (cost=31.03..4003.84 rows=1034 width=121)
	        Recheck Cond: ((id >= 9518352) AND (id <= 9519351))
	        ->  Bitmap Index Scan on sbtest8_pkey  (cost=0.00..30.77 rows=1034 width=0)
	              Index Cond: ((id >= 9518352) AND (id <= 9519351))

for: count_ranges
table 1 : explain SELECT count(c) FROM sbtest1 WHERE id BETWEEN 8981895 AND 8982894
	Aggregate  (cost=3968.03..3968.04 rows=1 width=8)
	  ->  Bitmap Heap Scan on sbtest1  (cost=30.94..3965.47 rows=1025 width=121)
	        Recheck Cond: ((id >= 8981895) AND (id <= 8982894))
	        ->  Bitmap Index Scan on sbtest1_pkey  (cost=0.00..30.68 rows=1025 width=0)
	              Index Cond: ((id >= 8981895) AND (id <= 8982894))

table 2 : explain SELECT count(c) FROM sbtest2 WHERE id BETWEEN 1976535 AND 1977534
	Aggregate  (cost=4037.38..4037.39 rows=1 width=8)
	  ->  Bitmap Heap Scan on sbtest2  (cost=31.13..4034.78 rows=1043 width=121)
	        Recheck Cond: ((id >= 1976535) AND (id <= 1977534))
	        ->  Bitmap Index Scan on sbtest2_pkey  (cost=0.00..30.86 rows=1043 width=0)
	              Index Cond: ((id >= 1976535) AND (id <= 1977534))

table 3 : explain SELECT count(c) FROM sbtest3 WHERE id BETWEEN 607772 AND 608771
	Aggregate  (cost=3932.38..3932.39 rows=1 width=8)
	  ->  Bitmap Heap Scan on sbtest3  (cost=30.84..3929.85 rows=1015 width=121)
	        Recheck Cond: ((id >= 607772) AND (id <= 608771))
	        ->  Bitmap Index Scan on sbtest3_pkey  (cost=0.00..30.58 rows=1015 width=0)
	              Index Cond: ((id >= 607772) AND (id <= 608771))

table 4 : explain SELECT count(c) FROM sbtest4 WHERE id BETWEEN 6370913 AND 6371912
	Aggregate  (cost=3966.27..3966.28 rows=1 width=8)
	  ->  Bitmap Heap Scan on sbtest4  (cost=30.93..3963.71 rows=1024 width=121)
	        Recheck Cond: ((id >= 6370913) AND (id <= 6371912))
	        ->  Bitmap Index Scan on sbtest4_pkey  (cost=0.00..30.68 rows=1024 width=0)
	              Index Cond: ((id >= 6370913) AND (id <= 6371912))

table 5 : explain SELECT count(c) FROM sbtest5 WHERE id BETWEEN 9918937 AND 9919936
	Aggregate  (cost=3702.61..3702.62 rows=1 width=8)
	  ->  Bitmap Heap Scan on sbtest5  (cost=30.20..3700.23 rows=953 width=121)
	        Recheck Cond: ((id >= 9918937) AND (id <= 9919936))
	        ->  Bitmap Index Scan on sbtest5_pkey  (cost=0.00..29.96 rows=953 width=0)
	              Index Cond: ((id >= 9918937) AND (id <= 9919936))

table 6 : explain SELECT count(c) FROM sbtest6 WHERE id BETWEEN 9061194 AND 9062193
	Aggregate  (cost=4243.53..4243.54 rows=1 width=8)
	  ->  Bitmap Heap Scan on sbtest6  (cost=31.68..4240.79 rows=1097 width=121)
	        Recheck Cond: ((id >= 9061194) AND (id <= 9062193))
	        ->  Bitmap Index Scan on sbtest6_pkey  (cost=0.00..31.40 rows=1097 width=0)
	              Index Cond: ((id >= 9061194) AND (id <= 9062193))

table 7 : explain SELECT count(c) FROM sbtest7 WHERE id BETWEEN 3962556 AND 3963555
	Aggregate  (cost=4058.18..4058.19 rows=1 width=8)
	  ->  Bitmap Heap Scan on sbtest7  (cost=31.17..4055.57 rows=1047 width=121)
	        Recheck Cond: ((id >= 3962556) AND (id <= 3963555))
	        ->  Bitmap Index Scan on sbtest7_pkey  (cost=0.00..30.90 rows=1047 width=0)
	              Index Cond: ((id >= 3962556) AND (id <= 3963555))

table 8 : explain SELECT count(c) FROM sbtest8 WHERE id BETWEEN 1920658 AND 1921657
	Aggregate  (cost=3893.15..3893.16 rows=1 width=8)
	  ->  Bitmap Heap Scan on sbtest8  (cost=30.73..3890.64 rows=1004 width=121)
	        Recheck Cond: ((id >= 1920658) AND (id <= 1921657))
	        ->  Bitmap Index Scan on sbtest8_pkey  (cost=0.00..30.47 rows=1004 width=0)
	              Index Cond: ((id >= 1920658) AND (id <= 1921657))

for: count_ranges
table 1 : explain SELECT count(c) FROM sbtest1 WHERE id BETWEEN 3992719 AND 3993718
	Aggregate  (cost=3783.21..3783.22 rows=1 width=8)
	  ->  Bitmap Heap Scan on sbtest1  (cost=30.44..3780.77 rows=976 width=121)
	        Recheck Cond: ((id >= 3992719) AND (id <= 3993718))
	        ->  Bitmap Index Scan on sbtest1_pkey  (cost=0.00..30.19 rows=976 width=0)
	              Index Cond: ((id >= 3992719) AND (id <= 3993718))

table 2 : explain SELECT count(c) FROM sbtest2 WHERE id BETWEEN 3594496 AND 3595495
	Aggregate  (cost=4124.03..4124.04 rows=1 width=8)
	  ->  Bitmap Heap Scan on sbtest2  (cost=31.36..4121.36 rows=1066 width=121)
	        Recheck Cond: ((id >= 3594496) AND (id <= 3595495))
	        ->  Bitmap Index Scan on sbtest2_pkey  (cost=0.00..31.09 rows=1066 width=0)
	              Index Cond: ((id >= 3594496) AND (id <= 3595495))

table 3 : explain SELECT count(c) FROM sbtest3 WHERE id BETWEEN 9405773 AND 9406772
	Aggregate  (cost=3951.25..3951.26 rows=1 width=8)
	  ->  Bitmap Heap Scan on sbtest3  (cost=30.89..3948.70 rows=1020 width=121)
	        Recheck Cond: ((id >= 9405773) AND (id <= 9406772))
	        ->  Bitmap Index Scan on sbtest3_pkey  (cost=0.00..30.64 rows=1020 width=0)
	              Index Cond: ((id >= 9405773) AND (id <= 9406772))

table 4 : explain SELECT count(c) FROM sbtest4 WHERE id BETWEEN 1585691 AND 1586690
	Aggregate  (cost=3830.41..3830.42 rows=1 width=8)
	  ->  Bitmap Heap Scan on sbtest4  (cost=30.56..3827.94 rows=988 width=121)
	        Recheck Cond: ((id >= 1585691) AND (id <= 1586690))
	        ->  Bitmap Index Scan on sbtest4_pkey  (cost=0.00..30.32 rows=988 width=0)
	              Index Cond: ((id >= 1585691) AND (id <= 1586690))

table 5 : explain SELECT count(c) FROM sbtest5 WHERE id BETWEEN 2565624 AND 2566623
	Aggregate  (cost=3672.31..3672.32 rows=1 width=8)
	  ->  Bitmap Heap Scan on sbtest5  (cost=30.12..3669.95 rows=945 width=121)
	        Recheck Cond: ((id >= 2565624) AND (id <= 2566623))
	        ->  Bitmap Index Scan on sbtest5_pkey  (cost=0.00..29.89 rows=945 width=0)
	              Index Cond: ((id >= 2565624) AND (id <= 2566623))

table 6 : explain SELECT count(c) FROM sbtest6 WHERE id BETWEEN 254704 AND 255703
	Aggregate  (cost=3635.64..3635.65 rows=1 width=8)
	  ->  Bitmap Heap Scan on sbtest6  (cost=30.03..3633.30 rows=936 width=121)
	        Recheck Cond: ((id >= 254704) AND (id <= 255703))
	        ->  Bitmap Index Scan on sbtest6_pkey  (cost=0.00..29.79 rows=936 width=0)
	              Index Cond: ((id >= 254704) AND (id <= 255703))

table 7 : explain SELECT count(c) FROM sbtest7 WHERE id BETWEEN 6301736 AND 6302735
	Aggregate  (cost=4088.39..4088.40 rows=1 width=8)
	  ->  Bitmap Heap Scan on sbtest7  (cost=31.25..4085.75 rows=1055 width=121)
	        Recheck Cond: ((id >= 6301736) AND (id <= 6302735))
	        ->  Bitmap Index Scan on sbtest7_pkey  (cost=0.00..30.98 rows=1055 width=0)
	              Index Cond: ((id >= 6301736) AND (id <= 6302735))

table 8 : explain SELECT count(c) FROM sbtest8 WHERE id BETWEEN 269434 AND 270433
	Aggregate  (cost=3866.70..3866.71 rows=1 width=8)
	  ->  Bitmap Heap Scan on sbtest8  (cost=30.65..3864.21 rows=997 width=121)
	        Recheck Cond: ((id >= 269434) AND (id <= 270433))
	        ->  Bitmap Index Scan on sbtest8_pkey  (cost=0.00..30.40 rows=997 width=0)
	              Index Cond: ((id >= 269434) AND (id <= 270433))

for: count_ranges
table 1 : explain SELECT count(c) FROM sbtest1 WHERE id BETWEEN 4119858 AND 4120857
	Aggregate  (cost=4017.01..4017.02 rows=1 width=8)
	  ->  Bitmap Heap Scan on sbtest1  (cost=31.07..4014.42 rows=1038 width=121)
	        Recheck Cond: ((id >= 4119858) AND (id <= 4120857))
	        ->  Bitmap Index Scan on sbtest1_pkey  (cost=0.00..30.82 rows=1038 width=0)
	              Index Cond: ((id >= 4119858) AND (id <= 4120857))

table 2 : explain SELECT count(c) FROM sbtest2 WHERE id BETWEEN 1099586 AND 1100585
	Aggregate  (cost=3519.67..3519.68 rows=1 width=8)
	  ->  Bitmap Heap Scan on sbtest2  (cost=25.73..3517.40 rows=907 width=121)
	        Recheck Cond: ((id >= 1099586) AND (id <= 1100585))
	        ->  Bitmap Index Scan on sbtest2_pkey  (cost=0.00..25.50 rows=907 width=0)
	              Index Cond: ((id >= 1099586) AND (id <= 1100585))

table 3 : explain SELECT count(c) FROM sbtest3 WHERE id BETWEEN 7548842 AND 7549841
	Aggregate  (cost=3792.70..3792.71 rows=1 width=8)
	  ->  Bitmap Heap Scan on sbtest3  (cost=30.46..3790.25 rows=978 width=121)
	        Recheck Cond: ((id >= 7548842) AND (id <= 7549841))
	        ->  Bitmap Index Scan on sbtest3_pkey  (cost=0.00..30.21 rows=978 width=0)
	              Index Cond: ((id >= 7548842) AND (id <= 7549841))

table 4 : explain SELECT count(c) FROM sbtest4 WHERE id BETWEEN 7218372 AND 7219371
	Aggregate  (cost=4335.32..4335.33 rows=1 width=8)
	  ->  Bitmap Heap Scan on sbtest4  (cost=31.94..4332.51 rows=1122 width=121)
	        Recheck Cond: ((id >= 7218372) AND (id <= 7219371))
	        ->  Bitmap Index Scan on sbtest4_pkey  (cost=0.00..31.65 rows=1122 width=0)
	              Index Cond: ((id >= 7218372) AND (id <= 7219371))

table 5 : explain SELECT count(c) FROM sbtest5 WHERE id BETWEEN 1884921 AND 1885920
	Aggregate  (cost=4390.21..4390.22 rows=1 width=8)
	  ->  Bitmap Heap Scan on sbtest5  (cost=36.06..4387.38 rows=1134 width=121)
	        Recheck Cond: ((id >= 1884921) AND (id <= 1885920))
	        ->  Bitmap Index Scan on sbtest5_pkey  (cost=0.00..35.78 rows=1134 width=0)
	              Index Cond: ((id >= 1884921) AND (id <= 1885920))

table 6 : explain SELECT count(c) FROM sbtest6 WHERE id BETWEEN 1755524 AND 1756523
	Aggregate  (cost=4145.58..4145.59 rows=1 width=8)
	  ->  Bitmap Heap Scan on sbtest6  (cost=31.41..4142.90 rows=1071 width=121)
	        Recheck Cond: ((id >= 1755524) AND (id <= 1756523))
	        ->  Bitmap Index Scan on sbtest6_pkey  (cost=0.00..31.14 rows=1071 width=0)
	              Index Cond: ((id >= 1755524) AND (id <= 1756523))

table 7 : explain SELECT count(c) FROM sbtest7 WHERE id BETWEEN 3105399 AND 3106398
	Aggregate  (cost=3729.18..3729.19 rows=1 width=8)
	  ->  Bitmap Heap Scan on sbtest7  (cost=30.27..3726.78 rows=960 width=121)
	        Recheck Cond: ((id >= 3105399) AND (id <= 3106398))
	        ->  Bitmap Index Scan on sbtest7_pkey  (cost=0.00..30.04 rows=960 width=0)
	              Index Cond: ((id >= 3105399) AND (id <= 3106398))

table 8 : explain SELECT count(c) FROM sbtest8 WHERE id BETWEEN 5968526 AND 5969525
	Aggregate  (cost=4044.16..4044.17 rows=1 width=8)
	  ->  Bitmap Heap Scan on sbtest8  (cost=31.14..4041.55 rows=1044 width=121)
	        Recheck Cond: ((id >= 5968526) AND (id <= 5969525))
	        ->  Bitmap Index Scan on sbtest8_pkey  (cost=0.00..30.87 rows=1044 width=0)
	              Index Cond: ((id >= 5968526) AND (id <= 5969525))

for: count_ranges
table 1 : explain SELECT count(c) FROM sbtest1 WHERE id BETWEEN 5290101 AND 5291100
	Aggregate  (cost=4265.37..4265.38 rows=1 width=8)
	  ->  Bitmap Heap Scan on sbtest1  (cost=31.75..4262.61 rows=1104 width=121)
	        Recheck Cond: ((id >= 5290101) AND (id <= 5291100))
	        ->  Bitmap Index Scan on sbtest1_pkey  (cost=0.00..31.47 rows=1104 width=0)
	              Index Cond: ((id >= 5290101) AND (id <= 5291100))

table 2 : explain SELECT count(c) FROM sbtest2 WHERE id BETWEEN 2112736 AND 2113735
	Aggregate  (cost=4120.26..4120.27 rows=1 width=8)
	  ->  Bitmap Heap Scan on sbtest2  (cost=31.35..4117.60 rows=1065 width=121)
	        Recheck Cond: ((id >= 2112736) AND (id <= 2113735))
	        ->  Bitmap Index Scan on sbtest2_pkey  (cost=0.00..31.08 rows=1065 width=0)
	              Index Cond: ((id >= 2112736) AND (id <= 2113735))

table 3 : explain SELECT count(c) FROM sbtest3 WHERE id BETWEEN 2722794 AND 2723793
	Aggregate  (cost=4241.35..4241.36 rows=1 width=8)
	  ->  Bitmap Heap Scan on sbtest3  (cost=31.68..4238.61 rows=1097 width=121)
	        Recheck Cond: ((id >= 2722794) AND (id <= 2723793))
	        ->  Bitmap Index Scan on sbtest3_pkey  (cost=0.00..31.40 rows=1097 width=0)
	              Index Cond: ((id >= 2722794) AND (id <= 2723793))

table 4 : explain SELECT count(c) FROM sbtest4 WHERE id BETWEEN 4800331 AND 4801330
	Aggregate  (cost=4154.71..4154.72 rows=1 width=8)
	  ->  Bitmap Heap Scan on sbtest4  (cost=31.44..4152.02 rows=1074 width=121)
	        Recheck Cond: ((id >= 4800331) AND (id <= 4801330))
	        ->  Bitmap Index Scan on sbtest4_pkey  (cost=0.00..31.18 rows=1074 width=0)
	              Index Cond: ((id >= 4800331) AND (id <= 4801330))

table 5 : explain SELECT count(c) FROM sbtest5 WHERE id BETWEEN 71301 AND 72300
	Aggregate  (cost=3664.73..3664.74 rows=1 width=8)
	  ->  Bitmap Heap Scan on sbtest5  (cost=30.10..3662.37 rows=943 width=121)
	        Recheck Cond: ((id >= 71301) AND (id <= 72300))
	        ->  Bitmap Index Scan on sbtest5_pkey  (cost=0.00..29.86 rows=943 width=0)
	              Index Cond: ((id >= 71301) AND (id <= 72300))

table 6 : explain SELECT count(c) FROM sbtest6 WHERE id BETWEEN 4801086 AND 4802085
	Aggregate  (cost=3783.19..3783.20 rows=1 width=8)
	  ->  Bitmap Heap Scan on sbtest6  (cost=30.43..3780.75 rows=975 width=121)
	        Recheck Cond: ((id >= 4801086) AND (id <= 4802085))
	        ->  Bitmap Index Scan on sbtest6_pkey  (cost=0.00..30.18 rows=975 width=0)
	              Index Cond: ((id >= 4801086) AND (id <= 4802085))

table 7 : explain SELECT count(c) FROM sbtest7 WHERE id BETWEEN 6663794 AND 6664793
	Aggregate  (cost=3774.61..3774.62 rows=1 width=8)
	  ->  Bitmap Heap Scan on sbtest7  (cost=30.40..3772.18 rows=972 width=121)
	        Recheck Cond: ((id >= 6663794) AND (id <= 6664793))
	        ->  Bitmap Index Scan on sbtest7_pkey  (cost=0.00..30.15 rows=972 width=0)
	              Index Cond: ((id >= 6663794) AND (id <= 6664793))

table 8 : explain SELECT count(c) FROM sbtest8 WHERE id BETWEEN 6405619 AND 6406618
	Aggregate  (cost=3787.32..3787.33 rows=1 width=8)
	  ->  Bitmap Heap Scan on sbtest8  (cost=30.44..3784.88 rows=976 width=121)
	        Recheck Cond: ((id >= 6405619) AND (id <= 6406618))
	        ->  Bitmap Index Scan on sbtest8_pkey  (cost=0.00..30.19 rows=976 width=0)
	              Index Cond: ((id >= 6405619) AND (id <= 6406618))

for: count_ranges
table 1 : explain SELECT count(c) FROM sbtest1 WHERE id BETWEEN 7386158 AND 7387157
	Aggregate  (cost=4122.44..4122.45 rows=1 width=8)
	  ->  Bitmap Heap Scan on sbtest1  (cost=31.36..4119.78 rows=1066 width=121)
	        Recheck Cond: ((id >= 7386158) AND (id <= 7387157))
	        ->  Bitmap Index Scan on sbtest1_pkey  (cost=0.00..31.09 rows=1066 width=0)
	              Index Cond: ((id >= 7386158) AND (id <= 7387157))

table 2 : explain SELECT count(c) FROM sbtest2 WHERE id BETWEEN 3543062 AND 3544061
	Aggregate  (cost=3856.34..3856.35 rows=1 width=8)
	  ->  Bitmap Heap Scan on sbtest2  (cost=30.63..3853.86 rows=995 width=121)
	        Recheck Cond: ((id >= 3543062) AND (id <= 3544061))
	        ->  Bitmap Index Scan on sbtest2_pkey  (cost=0.00..30.39 rows=995 width=0)
	              Index Cond: ((id >= 3543062) AND (id <= 3544061))

table 3 : explain SELECT count(c) FROM sbtest3 WHERE id BETWEEN 7568514 AND 7569513
	Aggregate  (cost=3792.70..3792.71 rows=1 width=8)
	  ->  Bitmap Heap Scan on sbtest3  (cost=30.46..3790.25 rows=978 width=121)
	        Recheck Cond: ((id >= 7568514) AND (id <= 7569513))
	        ->  Bitmap Index Scan on sbtest3_pkey  (cost=0.00..30.21 rows=978 width=0)
	              Index Cond: ((id >= 7568514) AND (id <= 7569513))

table 4 : explain SELECT count(c) FROM sbtest4 WHERE id BETWEEN 1161550 AND 1162549
	Aggregate  (cost=3996.44..3996.45 rows=1 width=8)
	  ->  Bitmap Heap Scan on sbtest4  (cost=31.01..3993.86 rows=1032 width=121)
	        Recheck Cond: ((id >= 1161550) AND (id <= 1162549))
	        ->  Bitmap Index Scan on sbtest4_pkey  (cost=0.00..30.75 rows=1032 width=0)
	              Index Cond: ((id >= 1161550) AND (id <= 1162549))

table 5 : explain SELECT count(c) FROM sbtest5 WHERE id BETWEEN 923544 AND 924543
	Aggregate  (cost=3797.27..3797.28 rows=1 width=8)
	  ->  Bitmap Heap Scan on sbtest5  (cost=30.46..3794.83 rows=978 width=121)
	        Recheck Cond: ((id >= 923544) AND (id <= 924543))
	        ->  Bitmap Index Scan on sbtest5_pkey  (cost=0.00..30.21 rows=978 width=0)
	              Index Cond: ((id >= 923544) AND (id <= 924543))

table 6 : explain SELECT count(c) FROM sbtest6 WHERE id BETWEEN 4901469 AND 4902468
	Aggregate  (cost=3658.35..3658.36 rows=1 width=8)
	  ->  Bitmap Heap Scan on sbtest6  (cost=30.09..3655.99 rows=942 width=121)
	        Recheck Cond: ((id >= 4901469) AND (id <= 4902468))
	        ->  Bitmap Index Scan on sbtest6_pkey  (cost=0.00..29.86 rows=942 width=0)
	              Index Cond: ((id >= 4901469) AND (id <= 4902468))

table 7 : explain SELECT count(c) FROM sbtest7 WHERE id BETWEEN 8763985 AND 8764984
	Aggregate  (cost=4035.52..4035.53 rows=1 width=8)
	  ->  Bitmap Heap Scan on sbtest7  (cost=31.11..4032.92 rows=1041 width=121)
	        Recheck Cond: ((id >= 8763985) AND (id <= 8764984))
	        ->  Bitmap Index Scan on sbtest7_pkey  (cost=0.00..30.84 rows=1041 width=0)
	              Index Cond: ((id >= 8763985) AND (id <= 8764984))

table 8 : explain SELECT count(c) FROM sbtest8 WHERE id BETWEEN 1169818 AND 1170817
	Aggregate  (cost=4055.48..4055.49 rows=1 width=8)
	  ->  Bitmap Heap Scan on sbtest8  (cost=31.17..4052.86 rows=1047 width=121)
	        Recheck Cond: ((id >= 1169818) AND (id <= 1170817))
	        ->  Bitmap Index Scan on sbtest8_pkey  (cost=0.00..30.90 rows=1047 width=0)
	              Index Cond: ((id >= 1169818) AND (id <= 1170817))

for: count_ranges
table 1 : explain SELECT count(c) FROM sbtest1 WHERE id BETWEEN 6631214 AND 6632213
	Aggregate  (cost=3783.21..3783.22 rows=1 width=8)
	  ->  Bitmap Heap Scan on sbtest1  (cost=30.44..3780.77 rows=976 width=121)
	        Recheck Cond: ((id >= 6631214) AND (id <= 6632213))
	        ->  Bitmap Index Scan on sbtest1_pkey  (cost=0.00..30.19 rows=976 width=0)
	              Index Cond: ((id >= 6631214) AND (id <= 6632213))

table 2 : explain SELECT count(c) FROM sbtest2 WHERE id BETWEEN 7463664 AND 7464663
	Aggregate  (cost=4022.31..4022.32 rows=1 width=8)
	  ->  Bitmap Heap Scan on sbtest2  (cost=31.08..4019.71 rows=1039 width=121)
	        Recheck Cond: ((id >= 7463664) AND (id <= 7464663))
	        ->  Bitmap Index Scan on sbtest2_pkey  (cost=0.00..30.82 rows=1039 width=0)
	              Index Cond: ((id >= 7463664) AND (id <= 7464663))

table 3 : explain SELECT count(c) FROM sbtest3 WHERE id BETWEEN 8142624 AND 8143623
	Aggregate  (cost=3822.91..3822.92 rows=1 width=8)
	  ->  Bitmap Heap Scan on sbtest3  (cost=30.54..3820.45 rows=986 width=121)
	        Recheck Cond: ((id >= 8142624) AND (id <= 8143623))
	        ->  Bitmap Index Scan on sbtest3_pkey  (cost=0.00..30.29 rows=986 width=0)
	              Index Cond: ((id >= 8142624) AND (id <= 8143623))

table 4 : explain SELECT count(c) FROM sbtest4 WHERE id BETWEEN 9592241 AND 9593240
	Aggregate  (cost=3769.97..3769.98 rows=1 width=8)
	  ->  Bitmap Heap Scan on sbtest4  (cost=30.40..3767.54 rows=972 width=121)
	        Recheck Cond: ((id >= 9592241) AND (id <= 9593240))
	        ->  Bitmap Index Scan on sbtest4_pkey  (cost=0.00..30.15 rows=972 width=0)
	              Index Cond: ((id >= 9592241) AND (id <= 9593240))

table 5 : explain SELECT count(c) FROM sbtest5 WHERE id BETWEEN 6610103 AND 6611102
	Aggregate  (cost=4039.24..4039.25 rows=1 width=8)
	  ->  Bitmap Heap Scan on sbtest5  (cost=31.12..4036.64 rows=1042 width=121)
	        Recheck Cond: ((id >= 6610103) AND (id <= 6611102))
	        ->  Bitmap Index Scan on sbtest5_pkey  (cost=0.00..30.86 rows=1042 width=0)
	              Index Cond: ((id >= 6610103) AND (id <= 6611102))

table 6 : explain SELECT count(c) FROM sbtest6 WHERE id BETWEEN 5126231 AND 5127230
	Aggregate  (cost=3544.74..3544.75 rows=1 width=8)
	  ->  Bitmap Heap Scan on sbtest6  (cost=29.78..3542.46 rows=912 width=121)
	        Recheck Cond: ((id >= 5126231) AND (id <= 5127230))
	        ->  Bitmap Index Scan on sbtest6_pkey  (cost=0.00..29.55 rows=912 width=0)
	              Index Cond: ((id >= 5126231) AND (id <= 5127230))

table 7 : explain SELECT count(c) FROM sbtest7 WHERE id BETWEEN 3002192 AND 3003191
	Aggregate  (cost=4258.16..4258.17 rows=1 width=8)
	  ->  Bitmap Heap Scan on sbtest7  (cost=31.71..4255.41 rows=1100 width=121)
	        Recheck Cond: ((id >= 3002192) AND (id <= 3003191))
	        ->  Bitmap Index Scan on sbtest7_pkey  (cost=0.00..31.43 rows=1100 width=0)
	              Index Cond: ((id >= 3002192) AND (id <= 3003191))

table 8 : explain SELECT count(c) FROM sbtest8 WHERE id BETWEEN 2877523 AND 2878522
	Aggregate  (cost=4025.30..4025.31 rows=1 width=8)
	  ->  Bitmap Heap Scan on sbtest8  (cost=31.08..4022.70 rows=1039 width=121)
	        Recheck Cond: ((id >= 2877523) AND (id <= 2878522))
	        ->  Bitmap Index Scan on sbtest8_pkey  (cost=0.00..30.82 rows=1039 width=0)
	              Index Cond: ((id >= 2877523) AND (id <= 2878522))

for: count_ranges
table 1 : explain SELECT count(c) FROM sbtest1 WHERE id BETWEEN 8581765 AND 8582764
	Aggregate  (cost=3616.99..3617.00 rows=1 width=8)
	  ->  Bitmap Heap Scan on sbtest1  (cost=29.99..3614.66 rows=932 width=121)
	        Recheck Cond: ((id >= 8581765) AND (id <= 8582764))
	        ->  Bitmap Index Scan on sbtest1_pkey  (cost=0.00..29.75 rows=932 width=0)
	              Index Cond: ((id >= 8581765) AND (id <= 8582764))

table 2 : explain SELECT count(c) FROM sbtest2 WHERE id BETWEEN 3809986 AND 3810985
	Aggregate  (cost=3618.28..3618.29 rows=1 width=8)
	  ->  Bitmap Heap Scan on sbtest2  (cost=29.99..3615.95 rows=932 width=121)
	        Recheck Cond: ((id >= 3809986) AND (id <= 3810985))
	        ->  Bitmap Index Scan on sbtest2_pkey  (cost=0.00..29.75 rows=932 width=0)
	              Index Cond: ((id >= 3809986) AND (id <= 3810985))

table 3 : explain SELECT count(c) FROM sbtest3 WHERE id BETWEEN 2168211 AND 2169210
	Aggregate  (cost=3444.39..3444.40 rows=1 width=8)
	  ->  Bitmap Heap Scan on sbtest3  (cost=25.53..3442.17 rows=887 width=121)
	        Recheck Cond: ((id >= 2168211) AND (id <= 2169210))
	        ->  Bitmap Index Scan on sbtest3_pkey  (cost=0.00..25.30 rows=887 width=0)
	              Index Cond: ((id >= 2168211) AND (id <= 2169210))

table 4 : explain SELECT count(c) FROM sbtest4 WHERE id BETWEEN 5113962 AND 5114961
	Aggregate  (cost=4290.19..4290.20 rows=1 width=8)
	  ->  Bitmap Heap Scan on sbtest4  (cost=31.81..4287.41 rows=1110 width=121)
	        Recheck Cond: ((id >= 5113962) AND (id <= 5114961))
	        ->  Bitmap Index Scan on sbtest4_pkey  (cost=0.00..31.54 rows=1110 width=0)
	              Index Cond: ((id >= 5113962) AND (id <= 5114961))

table 5 : explain SELECT count(c) FROM sbtest5 WHERE id BETWEEN 3359655 AND 3360654
	Aggregate  (cost=3827.55..3827.56 rows=1 width=8)
	  ->  Bitmap Heap Scan on sbtest5  (cost=30.54..3825.08 rows=986 width=121)
	        Recheck Cond: ((id >= 3359655) AND (id <= 3360654))
	        ->  Bitmap Index Scan on sbtest5_pkey  (cost=0.00..30.29 rows=986 width=0)
	              Index Cond: ((id >= 3359655) AND (id <= 3360654))

table 6 : explain SELECT count(c) FROM sbtest6 WHERE id BETWEEN 5460044 AND 5461043
	Aggregate  (cost=4024.91..4024.92 rows=1 width=8)
	  ->  Bitmap Heap Scan on sbtest6  (cost=31.08..4022.31 rows=1039 width=121)
	        Recheck Cond: ((id >= 5460044) AND (id <= 5461043))
	        ->  Bitmap Index Scan on sbtest6_pkey  (cost=0.00..30.82 rows=1039 width=0)
	              Index Cond: ((id >= 5460044) AND (id <= 5461043))

table 7 : explain SELECT count(c) FROM sbtest7 WHERE id BETWEEN 2134900 AND 2135899
	Aggregate  (cost=3619.30..3619.31 rows=1 width=8)
	  ->  Bitmap Heap Scan on sbtest7  (cost=29.98..3616.97 rows=931 width=121)
	        Recheck Cond: ((id >= 2134900) AND (id <= 2135899))
	        ->  Bitmap Index Scan on sbtest7_pkey  (cost=0.00..29.75 rows=931 width=0)
	              Index Cond: ((id >= 2134900) AND (id <= 2135899))

table 8 : explain SELECT count(c) FROM sbtest8 WHERE id BETWEEN 3846632 AND 3847631
	Aggregate  (cost=3851.59..3851.60 rows=1 width=8)
	  ->  Bitmap Heap Scan on sbtest8  (cost=30.61..3849.10 rows=993 width=121)
	        Recheck Cond: ((id >= 3846632) AND (id <= 3847631))
	        ->  Bitmap Index Scan on sbtest8_pkey  (cost=0.00..30.36 rows=993 width=0)
	              Index Cond: ((id >= 3846632) AND (id <= 3847631))

for: count_ranges
table 1 : explain SELECT count(c) FROM sbtest1 WHERE id BETWEEN 7551866 AND 7552865
	Aggregate  (cost=3162.12..3162.13 rows=1 width=8)
	  ->  Bitmap Heap Scan on sbtest1  (cost=24.77..3160.08 rows=813 width=121)
	        Recheck Cond: ((id >= 7551866) AND (id <= 7552865))
	        ->  Bitmap Index Scan on sbtest1_pkey  (cost=0.00..24.57 rows=813 width=0)
	              Index Cond: ((id >= 7551866) AND (id <= 7552865))

table 2 : explain SELECT count(c) FROM sbtest2 WHERE id BETWEEN 7610969 AND 7611968
	Aggregate  (cost=3671.23..3671.24 rows=1 width=8)
	  ->  Bitmap Heap Scan on sbtest2  (cost=30.13..3668.87 rows=946 width=121)
	        Recheck Cond: ((id >= 7610969) AND (id <= 7611968))
	        ->  Bitmap Index Scan on sbtest2_pkey  (cost=0.00..29.89 rows=946 width=0)
	              Index Cond: ((id >= 7610969) AND (id <= 7611968))

table 3 : explain SELECT count(c) FROM sbtest3 WHERE id BETWEEN 7626679 AND 7627678
	Aggregate  (cost=4324.11..4324.12 rows=1 width=8)
	  ->  Bitmap Heap Scan on sbtest3  (cost=31.90..4321.31 rows=1119 width=121)
	        Recheck Cond: ((id >= 7626679) AND (id <= 7627678))
	        ->  Bitmap Index Scan on sbtest3_pkey  (cost=0.00..31.62 rows=1119 width=0)
	              Index Cond: ((id >= 7626679) AND (id <= 7627678))

table 4 : explain SELECT count(c) FROM sbtest4 WHERE id BETWEEN 8587766 AND 8588765
	Aggregate  (cost=3932.32..3932.33 rows=1 width=8)
	  ->  Bitmap Heap Scan on sbtest4  (cost=30.84..3929.79 rows=1015 width=121)
	        Recheck Cond: ((id >= 8587766) AND (id <= 8588765))
	        ->  Bitmap Index Scan on sbtest4_pkey  (cost=0.00..30.58 rows=1015 width=0)
	              Index Cond: ((id >= 8587766) AND (id <= 8588765))

table 5 : explain SELECT count(c) FROM sbtest5 WHERE id BETWEEN 4900764 AND 4901763
	Aggregate  (cost=3706.40..3706.41 rows=1 width=8)
	  ->  Bitmap Heap Scan on sbtest5  (cost=30.21..3704.02 rows=954 width=121)
	        Recheck Cond: ((id >= 4900764) AND (id <= 4901763))
	        ->  Bitmap Index Scan on sbtest5_pkey  (cost=0.00..29.97 rows=954 width=0)
	              Index Cond: ((id >= 4900764) AND (id <= 4901763))

table 6 : explain SELECT count(c) FROM sbtest6 WHERE id BETWEEN 7997344 AND 7998343
	Aggregate  (cost=4051.31..4051.32 rows=1 width=8)
	  ->  Bitmap Heap Scan on sbtest6  (cost=31.16..4048.70 rows=1046 width=121)
	        Recheck Cond: ((id >= 7997344) AND (id <= 7998343))
	        ->  Bitmap Index Scan on sbtest6_pkey  (cost=0.00..30.89 rows=1046 width=0)
	              Index Cond: ((id >= 7997344) AND (id <= 7998343))

table 7 : explain SELECT count(c) FROM sbtest7 WHERE id BETWEEN 2368789 AND 2369788
	Aggregate  (cost=3759.47..3759.48 rows=1 width=8)
	  ->  Bitmap Heap Scan on sbtest7  (cost=30.36..3757.05 rows=968 width=121)
	        Recheck Cond: ((id >= 2368789) AND (id <= 2369788))
	        ->  Bitmap Index Scan on sbtest7_pkey  (cost=0.00..30.11 rows=968 width=0)
	              Index Cond: ((id >= 2368789) AND (id <= 2369788))

table 8 : explain SELECT count(c) FROM sbtest8 WHERE id BETWEEN 3114796 AND 3115795
	Aggregate  (cost=3919.59..3919.60 rows=1 width=8)
	  ->  Bitmap Heap Scan on sbtest8  (cost=30.80..3917.06 rows=1011 width=121)
	        Recheck Cond: ((id >= 3114796) AND (id <= 3115795))
	        ->  Bitmap Index Scan on sbtest8_pkey  (cost=0.00..30.54 rows=1011 width=0)
	              Index Cond: ((id >= 3114796) AND (id <= 3115795))

for: count_ranges
table 1 : explain SELECT count(c) FROM sbtest1 WHERE id BETWEEN 3948970 AND 3949969
	Aggregate  (cost=3862.46..3862.47 rows=1 width=8)
	  ->  Bitmap Heap Scan on sbtest1  (cost=30.65..3859.96 rows=997 width=121)
	        Recheck Cond: ((id >= 3948970) AND (id <= 3949969))
	        ->  Bitmap Index Scan on sbtest1_pkey  (cost=0.00..30.40 rows=997 width=0)
	              Index Cond: ((id >= 3948970) AND (id <= 3949969))

table 2 : explain SELECT count(c) FROM sbtest2 WHERE id BETWEEN 4854633 AND 4855632
	Aggregate  (cost=3795.93..3795.94 rows=1 width=8)
	  ->  Bitmap Heap Scan on sbtest2  (cost=30.47..3793.49 rows=979 width=121)
	        Recheck Cond: ((id >= 4854633) AND (id <= 4855632))
	        ->  Bitmap Index Scan on sbtest2_pkey  (cost=0.00..30.22 rows=979 width=0)
	              Index Cond: ((id >= 4854633) AND (id <= 4855632))

table 3 : explain SELECT count(c) FROM sbtest3 WHERE id BETWEEN 3770469 AND 3771468
	Aggregate  (cost=3890.87..3890.88 rows=1 width=8)
	  ->  Bitmap Heap Scan on sbtest3  (cost=30.73..3888.36 rows=1004 width=121)
	        Recheck Cond: ((id >= 3770469) AND (id <= 3771468))
	        ->  Bitmap Index Scan on sbtest3_pkey  (cost=0.00..30.47 rows=1004 width=0)
	              Index Cond: ((id >= 3770469) AND (id <= 3771468))

table 4 : explain SELECT count(c) FROM sbtest4 WHERE id BETWEEN 3619774 AND 3620773
	Aggregate  (cost=3992.67..3992.68 rows=1 width=8)
	  ->  Bitmap Heap Scan on sbtest4  (cost=31.00..3990.10 rows=1031 width=121)
	        Recheck Cond: ((id >= 3619774) AND (id <= 3620773))
	        ->  Bitmap Index Scan on sbtest4_pkey  (cost=0.00..30.75 rows=1031 width=0)
	              Index Cond: ((id >= 3619774) AND (id <= 3620773))

table 5 : explain SELECT count(c) FROM sbtest5 WHERE id BETWEEN 311728 AND 312727
	Aggregate  (cost=3463.52..3463.53 rows=1 width=8)
	  ->  Bitmap Heap Scan on sbtest5  (cost=25.57..3461.30 rows=891 width=121)
	        Recheck Cond: ((id >= 311728) AND (id <= 312727))
	        ->  Bitmap Index Scan on sbtest5_pkey  (cost=0.00..25.34 rows=891 width=0)
	              Index Cond: ((id >= 311728) AND (id <= 312727))

table 6 : explain SELECT count(c) FROM sbtest6 WHERE id BETWEEN 9210611 AND 9211610
	Aggregate  (cost=3620.49..3620.50 rows=1 width=8)
	  ->  Bitmap Heap Scan on sbtest6  (cost=29.99..3618.16 rows=932 width=121)
	        Recheck Cond: ((id >= 9210611) AND (id <= 9211610))
	        ->  Bitmap Index Scan on sbtest6_pkey  (cost=0.00..29.75 rows=932 width=0)
	              Index Cond: ((id >= 9210611) AND (id <= 9211610))

table 7 : explain SELECT count(c) FROM sbtest7 WHERE id BETWEEN 1732222 AND 1733221
	Aggregate  (cost=3649.62..3649.63 rows=1 width=8)
	  ->  Bitmap Heap Scan on sbtest7  (cost=30.06..3647.28 rows=939 width=121)
	        Recheck Cond: ((id >= 1732222) AND (id <= 1733221))
	        ->  Bitmap Index Scan on sbtest7_pkey  (cost=0.00..29.82 rows=939 width=0)
	              Index Cond: ((id >= 1732222) AND (id <= 1733221))

table 8 : explain SELECT count(c) FROM sbtest8 WHERE id BETWEEN 5802441 AND 5803440
	Aggregate  (cost=4161.06..4161.07 rows=1 width=8)
	  ->  Bitmap Heap Scan on sbtest8  (cost=31.45..4158.37 rows=1075 width=121)
	        Recheck Cond: ((id >= 5802441) AND (id <= 5803440))
	        ->  Bitmap Index Scan on sbtest8_pkey  (cost=0.00..31.18 rows=1075 width=0)
	              Index Cond: ((id >= 5802441) AND (id <= 5803440))

for: count_ranges
table 1 : explain SELECT count(c) FROM sbtest1 WHERE id BETWEEN 6232257 AND 6233256
	Aggregate  (cost=3696.35..3696.36 rows=1 width=8)
	  ->  Bitmap Heap Scan on sbtest1  (cost=30.20..3693.97 rows=953 width=121)
	        Recheck Cond: ((id >= 6232257) AND (id <= 6233256))
	        ->  Bitmap Index Scan on sbtest1_pkey  (cost=0.00..29.96 rows=953 width=0)
	              Index Cond: ((id >= 6232257) AND (id <= 6233256))

table 2 : explain SELECT count(c) FROM sbtest2 WHERE id BETWEEN 4776185 AND 4777184
	Aggregate  (cost=3686.35..3686.36 rows=1 width=8)
	  ->  Bitmap Heap Scan on sbtest2  (cost=30.17..3683.98 rows=950 width=121)
	        Recheck Cond: ((id >= 4776185) AND (id <= 4777184))
	        ->  Bitmap Index Scan on sbtest2_pkey  (cost=0.00..29.93 rows=950 width=0)
	              Index Cond: ((id >= 4776185) AND (id <= 4777184))

table 3 : explain SELECT count(c) FROM sbtest3 WHERE id BETWEEN 5790064 AND 5791063
	Aggregate  (cost=3717.12..3717.13 rows=1 width=8)
	  ->  Bitmap Heap Scan on sbtest3  (cost=30.25..3714.72 rows=958 width=121)
	        Recheck Cond: ((id >= 5790064) AND (id <= 5791063))
	        ->  Bitmap Index Scan on sbtest3_pkey  (cost=0.00..30.01 rows=958 width=0)
	              Index Cond: ((id >= 5790064) AND (id <= 5791063))

table 4 : explain SELECT count(c) FROM sbtest4 WHERE id BETWEEN 3436316 AND 3437315
	Aggregate  (cost=3837.96..3837.97 rows=1 width=8)
	  ->  Bitmap Heap Scan on sbtest4  (cost=30.58..3835.49 rows=990 width=121)
	        Recheck Cond: ((id >= 3436316) AND (id <= 3437315))
	        ->  Bitmap Index Scan on sbtest4_pkey  (cost=0.00..30.33 rows=990 width=0)
	              Index Cond: ((id >= 3436316) AND (id <= 3437315))

table 5 : explain SELECT count(c) FROM sbtest5 WHERE id BETWEEN 4016856 AND 4017855
	Aggregate  (cost=3801.06..3801.07 rows=1 width=8)
	  ->  Bitmap Heap Scan on sbtest5  (cost=30.47..3798.61 rows=979 width=121)
	        Recheck Cond: ((id >= 4016856) AND (id <= 4017855))
	        ->  Bitmap Index Scan on sbtest5_pkey  (cost=0.00..30.22 rows=979 width=0)
	              Index Cond: ((id >= 4016856) AND (id <= 4017855))

table 6 : explain SELECT count(c) FROM sbtest6 WHERE id BETWEEN 344510 AND 345509
	Aggregate  (cost=4401.83..4401.84 rows=1 width=8)
	  ->  Bitmap Heap Scan on sbtest6  (cost=36.10..4398.99 rows=1138 width=121)
	        Recheck Cond: ((id >= 344510) AND (id <= 345509))
	        ->  Bitmap Index Scan on sbtest6_pkey  (cost=0.00..35.82 rows=1138 width=0)
	              Index Cond: ((id >= 344510) AND (id <= 345509))

table 7 : explain SELECT count(c) FROM sbtest7 WHERE id BETWEEN 8411799 AND 8412798
	Aggregate  (cost=3653.41..3653.42 rows=1 width=8)
	  ->  Bitmap Heap Scan on sbtest7  (cost=30.07..3651.06 rows=940 width=121)
	        Recheck Cond: ((id >= 8411799) AND (id <= 8412798))
	        ->  Bitmap Index Scan on sbtest7_pkey  (cost=0.00..29.83 rows=940 width=0)
	              Index Cond: ((id >= 8411799) AND (id <= 8412798))

table 8 : explain SELECT count(c) FROM sbtest8 WHERE id BETWEEN 6673199 AND 6674198
	Aggregate  (cost=4093.20..4093.21 rows=1 width=8)
	  ->  Bitmap Heap Scan on sbtest8  (cost=31.27..4090.56 rows=1057 width=121)
	        Recheck Cond: ((id >= 6673199) AND (id <= 6674198))
	        ->  Bitmap Index Scan on sbtest8_pkey  (cost=0.00..31.00 rows=1057 width=0)
	              Index Cond: ((id >= 6673199) AND (id <= 6674198))

Threads started!

Warming up for 5 seconds...

SQL statistics:
    queries performed:
        read:                            18956687
        write:                           0
        other:                           0
        total:                           18956687
    transactions:                        18956687 (30089.71 per sec.)
    queries:                             18956687 (30089.71 per sec.)
    ignored errors:                      0      (0.00 per sec.)
    reconnects:                          0      (0.00 per sec.)

Throughput:
    events/s (eps):                      30089.7066
    time elapsed:                        630.0058s
    total number of events:              18956687

Latency (ms):
         min:                                    0.10
         avg:                                    1.33
         max:                                    9.51
         95th percentile:                        1.44
         sum:                             25189690.14

Threads fairness:
    events (avg/stddev):           473916.8500/473.57
    execution time (avg/stddev):   629.7423/0.01

