LUA_PATH=/home/mdcallag/git/mytools/bench/sysbench.lua/lua/?.lua /home/mdcallag/git/mytools/bench/sysbench.lua/lua/sysbench --db-driver=pgsql --range-size=1000 --table-size=10000000 --tables=8 --threads=40 --events=0 --warmup-time=5 --time=630 --pgsql_conn_id=true /home/mdcallag/git/mytools/bench/sysbench.lua/lua/oltp_read_only.lua run --pgsql-user=root --pgsql-password=pw --pgsql-host=127.0.0.1 --pgsql-db=ib --rand-type=uniform --simple-ranges=0 --sum-ranges=1 --order-ranges=0 --distinct-ranges=0
48 CPUs
sysbench 1.1.0-9072687 (using bundled LuaJIT 2.1.0-beta3)

Running the test with following options:
Number of threads: 40
Warmup time: 5s
Initializing random number generator from current time


Initializing worker threads...

explain: for point_selects :: explain SELECT c FROM sbtest%u WHERE id=%u
explain: for point_selects :: explain SELECT c FROM sbtest%u WHERE id=%u
explain: for point_selects :: explain SELECT c FROM sbtest%u WHERE id=%u
explain: for point_selects :: explain SELECT c FROM sbtest%u WHERE id=%u
for point_selects
table 1 : explain SELECT c FROM sbtest1 WHERE id=7925512
	Index Scan using sbtest1_pkey on sbtest1  (cost=0.43..8.45 rows=1 width=121)
	  Index Cond: (id = 7925512)

table 2 : explain SELECT c FROM sbtest2 WHERE id=9390249
	Index Scan using sbtest2_pkey on sbtest2  (cost=0.43..8.45 rows=1 width=121)
	  Index Cond: (id = 9390249)

table 3 : explain SELECT c FROM sbtest3 WHERE id=3060318
	Index Scan using sbtest3_pkey on sbtest3  (cost=0.43..8.45 rows=1 width=121)
	  Index Cond: (id = 3060318)

table 4 : explain SELECT c FROM sbtest4 WHERE id=2066547
	Index Scan using sbtest4_pkey on sbtest4  (cost=0.43..8.45 rows=1 width=121)
	  Index Cond: (id = 2066547)

table 5 : explain SELECT c FROM sbtest5 WHERE id=5854869
	Index Scan using sbtest5_pkey on sbtest5  (cost=0.43..8.45 rows=1 width=121)
	  Index Cond: (id = 5854869)

table 6 : explain SELECT c FROM sbtest6 WHERE id=5506969
	Index Scan using sbtest6_pkey on sbtest6  (cost=0.43..8.45 rows=1 width=121)
	  Index Cond: (id = 5506969)

table 7 : explain SELECT c FROM sbtest7 WHERE id=5404071
	Index Scan using sbtest7_pkey on sbtest7  (cost=0.43..8.45 rows=1 width=121)
	  Index Cond: (id = 5404071)

table 8 : explain SELECT c FROM sbtest8 WHERE id=8478329
	Index Scan using sbtest8_pkey on sbtest8  (cost=0.43..8.45 rows=1 width=121)
	  Index Cond: (id = 8478329)

explain: for point_selects :: explain SELECT c FROM sbtest%u WHERE id=%u
for point_selects
table 1 : explain SELECT c FROM sbtest1 WHERE id=4553394
	Index Scan using sbtest1_pkey on sbtest1  (cost=0.43..8.45 rows=1 width=121)
	  Index Cond: (id = 4553394)

table 2 : explain SELECT c FROM sbtest2 WHERE id=5935280
	Index Scan using sbtest2_pkey on sbtest2  (cost=0.43..8.45 rows=1 width=121)
	  Index Cond: (id = 5935280)

table 3 : explain SELECT c FROM sbtest3 WHERE id=2264186
	Index Scan using sbtest3_pkey on sbtest3  (cost=0.43..8.45 rows=1 width=121)
	  Index Cond: (id = 2264186)

table 4 : explain SELECT c FROM sbtest4 WHERE id=2456738
	Index Scan using sbtest4_pkey on sbtest4  (cost=0.43..8.45 rows=1 width=121)
	  Index Cond: (id = 2456738)

table 5 : explain SELECT c FROM sbtest5 WHERE id=455049
	Index Scan using sbtest5_pkey on sbtest5  (cost=0.43..8.45 rows=1 width=121)
	  Index Cond: (id = 455049)

table 6 : explain SELECT c FROM sbtest6 WHERE id=5535600
	Index Scan using sbtest6_pkey on sbtest6  (cost=0.43..8.45 rows=1 width=121)
	  Index Cond: (id = 5535600)

table 7 : explain SELECT c FROM sbtest7 WHERE id=9854358
	Index Scan using sbtest7_pkey on sbtest7  (cost=0.43..8.45 rows=1 width=121)
	  Index Cond: (id = 9854358)

table 8 : explain SELECT c FROM sbtest8 WHERE id=2835698
	Index Scan using sbtest8_pkey on sbtest8  (cost=0.43..8.45 rows=1 width=121)
	  Index Cond: (id = 2835698)

explain: for point_selects :: explain SELECT c FROM sbtest%u WHERE id=%u
for: simple_ranges
table 1 : explain SELECT c FROM sbtest1 WHERE id BETWEEN 5202979 AND 5203978
	Bitmap Heap Scan on sbtest1  (cost=30.50..3803.40 rows=982 width=121)
	  Recheck Cond: ((id >= 5202979) AND (id <= 5203978))
	  ->  Bitmap Index Scan on sbtest1_pkey  (cost=0.00..30.25 rows=982 width=0)
	        Index Cond: ((id >= 5202979) AND (id <= 5203978))

table 2 : explain SELECT c FROM sbtest2 WHERE id BETWEEN 7601980 AND 7602979
	Bitmap Heap Scan on sbtest2  (cost=30.13..3668.87 rows=946 width=121)
	  Recheck Cond: ((id >= 7601980) AND (id <= 7602979))
	  ->  Bitmap Index Scan on sbtest2_pkey  (cost=0.00..29.89 rows=946 width=0)
	        Index Cond: ((id >= 7601980) AND (id <= 7602979))

table 3 : explain SELECT c FROM sbtest3 WHERE id BETWEEN 888144 AND 889143
	Bitmap Heap Scan on sbtest3  (cost=25.98..3608.68 rows=931 width=121)
	  Recheck Cond: ((id >= 888144) AND (id <= 889143))
	  ->  Bitmap Index Scan on sbtest3_pkey  (cost=0.00..25.75 rows=931 width=0)
	        Index Cond: ((id >= 888144) AND (id <= 889143))

table 4 : explain SELECT c FROM sbtest4 WHERE id BETWEEN 9026311 AND 9027310
	Bitmap Heap Scan on sbtest4  (cost=30.83..3926.01 rows=1014 width=121)
	  Recheck Cond: ((id >= 9026311) AND (id <= 9027310))
	  ->  Bitmap Index Scan on sbtest4_pkey  (cost=0.00..30.57 rows=1014 width=0)
	        Index Cond: ((id >= 9026311) AND (id <= 9027310))

table 5 : explain SELECT c FROM sbtest5 WHERE id BETWEEN 3669053 AND 3670052
	Bitmap Heap Scan on sbtest5  (cost=31.14..4044.18 rows=1044 width=121)
	  Recheck Cond: ((id >= 3669053) AND (id <= 3670052))
	  ->  Bitmap Index Scan on sbtest5_pkey  (cost=0.00..30.87 rows=1044 width=0)
	        Index Cond: ((id >= 3669053) AND (id <= 3670052))

table 6 : explain SELECT c FROM sbtest6 WHERE id BETWEEN 7117660 AND 7118659
	Bitmap Heap Scan on sbtest6  (cost=30.89..3950.65 rows=1020 width=121)
	  Recheck Cond: ((id >= 7117660) AND (id <= 7118659))
	  ->  Bitmap Index Scan on sbtest6_pkey  (cost=0.00..30.64 rows=1020 width=0)
	        Index Cond: ((id >= 7117660) AND (id <= 7118659))

table 7 : explain SELECT c FROM sbtest7 WHERE id BETWEEN 5560528 AND 5561527
	Bitmap Heap Scan on sbtest7  (cost=31.05..4014.05 rows=1036 width=121)
	  Recheck Cond: ((id >= 5560528) AND (id <= 5561527))
	  ->  Bitmap Index Scan on sbtest7_pkey  (cost=0.00..30.79 rows=1036 width=0)
	        Index Cond: ((id >= 5560528) AND (id <= 5561527))

table 8 : explain SELECT c FROM sbtest8 WHERE id BETWEEN 6356395 AND 6357394
	Bitmap Heap Scan on sbtest8  (cost=30.24..3713.06 rows=957 width=121)
	  Recheck Cond: ((id >= 6356395) AND (id <= 6357394))
	  ->  Bitmap Index Scan on sbtest8_pkey  (cost=0.00..30.00 rows=957 width=0)
	        Index Cond: ((id >= 6356395) AND (id <= 6357394))

for: simple_ranges
table 1 : explain SELECT c FROM sbtest1 WHERE id BETWEEN 4974454 AND 4975453
	Bitmap Heap Scan on sbtest1  (cost=31.02..3995.59 rows=1033 width=121)
	  Recheck Cond: ((id >= 4974454) AND (id <= 4975453))
	  ->  Bitmap Index Scan on sbtest1_pkey  (cost=0.00..30.76 rows=1033 width=0)
	        Index Cond: ((id >= 4974454) AND (id <= 4975453))

table 2 : explain SELECT c FROM sbtest2 WHERE id BETWEEN 5867903 AND 5868902
	Bitmap Heap Scan on sbtest2  (cost=30.52..3812.35 rows=984 width=121)
	  Recheck Cond: ((id >= 5867903) AND (id <= 5868902))
	  ->  Bitmap Index Scan on sbtest2_pkey  (cost=0.00..30.27 rows=984 width=0)
	        Index Cond: ((id >= 5867903) AND (id <= 5868902))

table 3 : explain SELECT c FROM sbtest3 WHERE id BETWEEN 1714138 AND 1715137
	Bitmap Heap Scan on sbtest3  (cost=31.42..4144.56 rows=1072 width=121)
	  Recheck Cond: ((id >= 1714138) AND (id <= 1715137))
	  ->  Bitmap Index Scan on sbtest3_pkey  (cost=0.00..31.15 rows=1072 width=0)
	        Index Cond: ((id >= 1714138) AND (id <= 1715137))

table 4 : explain SELECT c FROM sbtest4 WHERE id BETWEEN 8859236 AND 8860235
	Bitmap Heap Scan on sbtest4  (cost=30.52..3812.84 rows=984 width=121)
	  Recheck Cond: ((id >= 8859236) AND (id <= 8860235))
	  ->  Bitmap Index Scan on sbtest4_pkey  (cost=0.00..30.27 rows=984 width=0)
	        Index Cond: ((id >= 8859236) AND (id <= 8860235))

table 5 : explain SELECT c FROM sbtest5 WHERE id BETWEEN 9392599 AND 9393598
	Bitmap Heap Scan on sbtest5  (cost=31.86..4311.85 rows=1115 width=121)
	  Recheck Cond: ((id >= 9392599) AND (id <= 9393598))
	  ->  Bitmap Index Scan on sbtest5_pkey  (cost=0.00..31.58 rows=1115 width=0)
	        Index Cond: ((id >= 9392599) AND (id <= 9393598))

table 6 : explain SELECT c FROM sbtest6 WHERE id BETWEEN 2678627 AND 2679626
	Bitmap Heap Scan on sbtest6  (cost=31.09..4026.08 rows=1040 width=121)
	  Recheck Cond: ((id >= 2678627) AND (id <= 2679626))
	  ->  Bitmap Index Scan on sbtest6_pkey  (cost=0.00..30.83 rows=1040 width=0)
	        Index Cond: ((id >= 2678627) AND (id <= 2679626))

table 7 : explain SELECT c FROM sbtest7 WHERE id BETWEEN 8510398 AND 8511397
	Bitmap Heap Scan on sbtest7  (cost=30.40..3772.18 rows=972 width=121)
	  Recheck Cond: ((id >= 8510398) AND (id <= 8511397))
	  ->  Bitmap Index Scan on sbtest7_pkey  (cost=0.00..30.15 rows=972 width=0)
	        Index Cond: ((id >= 8510398) AND (id <= 8511397))

table 8 : explain SELECT c FROM sbtest8 WHERE id BETWEEN 4743709 AND 4744708
	Bitmap Heap Scan on sbtest8  (cost=30.66..3867.99 rows=998 width=121)
	  Recheck Cond: ((id >= 4743709) AND (id <= 4744708))
	  ->  Bitmap Index Scan on sbtest8_pkey  (cost=0.00..30.41 rows=998 width=0)
	        Index Cond: ((id >= 4743709) AND (id <= 4744708))

for point_selects
table 1 : explain SELECT c FROM sbtest1 WHERE id=6860757
	Index Scan using sbtest1_pkey on sbtest1  (cost=0.43..8.45 rows=1 width=121)
	  Index Cond: (id = 6860757)

table 2 : explain SELECT c FROM sbtest2 WHERE id=6877484
	Index Scan using sbtest2_pkey on sbtest2  (cost=0.43..8.45 rows=1 width=121)
	  Index Cond: (id = 6877484)

table 3 : explain SELECT c FROM sbtest3 WHERE id=4639576
	Index Scan using sbtest3_pkey on sbtest3  (cost=0.43..8.45 rows=1 width=121)
	  Index Cond: (id = 4639576)

table 4 : explain SELECT c FROM sbtest4 WHERE id=6671837
	Index Scan using sbtest4_pkey on sbtest4  (cost=0.43..8.45 rows=1 width=121)
	  Index Cond: (id = 6671837)

table 5 : explain SELECT c FROM sbtest5 WHERE id=3529823
	Index Scan using sbtest5_pkey on sbtest5  (cost=0.43..8.45 rows=1 width=121)
	  Index Cond: (id = 3529823)

table 6 : explain SELECT c FROM sbtest6 WHERE id=4089376
	Index Scan using sbtest6_pkey on sbtest6  (cost=0.43..8.45 rows=1 width=121)
	  Index Cond: (id = 4089376)

table 7 : explain SELECT c FROM sbtest7 WHERE id=6404624
	Index Scan using sbtest7_pkey on sbtest7  (cost=0.43..8.45 rows=1 width=121)
	  Index Cond: (id = 6404624)

table 8 : explain SELECT c FROM sbtest8 WHERE id=9554282
	Index Scan using sbtest8_pkey on sbtest8  (cost=0.43..8.45 rows=1 width=121)
	  Index Cond: (id = 9554282)

for point_selects
table 1 : explain SELECT c FROM sbtest1 WHERE id=5871768
	Index Scan using sbtest1_pkey on sbtest1  (cost=0.43..8.45 rows=1 width=121)
	  Index Cond: (id = 5871768)

table 2 : explain SELECT c FROM sbtest2 WHERE id=2924992
	Index Scan using sbtest2_pkey on sbtest2  (cost=0.43..8.45 rows=1 width=121)
	  Index Cond: (id = 2924992)

table 3 : explain SELECT c FROM sbtest3 WHERE id=5792161
	Index Scan using sbtest3_pkey on sbtest3  (cost=0.43..8.45 rows=1 width=121)
	  Index Cond: (id = 5792161)

table 4 : explain SELECT c FROM sbtest4 WHERE id=1527885
	Index Scan using sbtest4_pkey on sbtest4  (cost=0.43..8.45 rows=1 width=121)
	  Index Cond: (id = 1527885)

table 5 : explain SELECT c FROM sbtest5 WHERE id=6274950
	Index Scan using sbtest5_pkey on sbtest5  (cost=0.43..8.45 rows=1 width=121)
	  Index Cond: (id = 6274950)

table 6 : explain SELECT c FROM sbtest6 WHERE id=3124376
	Index Scan using sbtest6_pkey on sbtest6  (cost=0.43..8.45 rows=1 width=121)
	  Index Cond: (id = 3124376)

table 7 : explain SELECT c FROM sbtest7 WHERE id=327077
	Index Scan using sbtest7_pkey on sbtest7  (cost=0.43..8.45 rows=1 width=121)
	  Index Cond: (id = 327077)

table 8 : explain SELECT c FROM sbtest8 WHERE id=7492317
	Index Scan using sbtest8_pkey on sbtest8  (cost=0.43..8.45 rows=1 width=121)
	  Index Cond: (id = 7492317)

explain: for point_selects :: explain SELECT c FROM sbtest%u WHERE id=%u
for point_selects
table 1 : explain SELECT c FROM sbtest1 WHERE id=9696077
	Index Scan using sbtest1_pkey on sbtest1  (cost=0.43..8.45 rows=1 width=121)
	  Index Cond: (id = 9696077)

table 2 : explain SELECT c FROM sbtest2 WHERE id=4074323
	Index Scan using sbtest2_pkey on sbtest2  (cost=0.43..8.45 rows=1 width=121)
	  Index Cond: (id = 4074323)

table 3 : explain SELECT c FROM sbtest3 WHERE id=814700
	Index Scan using sbtest3_pkey on sbtest3  (cost=0.43..8.45 rows=1 width=121)
	  Index Cond: (id = 814700)

table 4 : explain SELECT c FROM sbtest4 WHERE id=5384962
	Index Scan using sbtest4_pkey on sbtest4  (cost=0.43..8.45 rows=1 width=121)
	  Index Cond: (id = 5384962)

table 5 : explain SELECT c FROM sbtest5 WHERE id=7580470
	Index Scan using sbtest5_pkey on sbtest5  (cost=0.43..8.45 rows=1 width=121)
	  Index Cond: (id = 7580470)

table 6 : explain SELECT c FROM sbtest6 WHERE id=3746547
	Index Scan using sbtest6_pkey on sbtest6  (cost=0.43..8.45 rows=1 width=121)
	  Index Cond: (id = 3746547)

table 7 : explain SELECT c FROM sbtest7 WHERE id=9431442
	Index Scan using sbtest7_pkey on sbtest7  (cost=0.43..8.45 rows=1 width=121)
	  Index Cond: (id = 9431442)

table 8 : explain SELECT c FROM sbtest8 WHERE id=7845934
	Index Scan using sbtest8_pkey on sbtest8  (cost=0.43..8.45 rows=1 width=121)
	  Index Cond: (id = 7845934)

for: simple_ranges
table 1 : explain SELECT c FROM sbtest1 WHERE id BETWEEN 5734203 AND 5735202
	Bitmap Heap Scan on sbtest1  (cost=30.58..3833.57 rows=990 width=121)
	  Recheck Cond: ((id >= 5734203) AND (id <= 5735202))
	  ->  Bitmap Index Scan on sbtest1_pkey  (cost=0.00..30.33 rows=990 width=0)
	        Index Cond: ((id >= 5734203) AND (id <= 5735202))

table 2 : explain SELECT c FROM sbtest2 WHERE id BETWEEN 7064441 AND 7065440
	Bitmap Heap Scan on sbtest2  (cost=30.53..3816.13 rows=985 width=121)
	  Recheck Cond: ((id >= 7064441) AND (id <= 7065440))
	  ->  Bitmap Index Scan on sbtest2_pkey  (cost=0.00..30.29 rows=985 width=0)
	        Index Cond: ((id >= 7064441) AND (id <= 7065440))

table 3 : explain SELECT c FROM sbtest3 WHERE id BETWEEN 7396381 AND 7397380
	Bitmap Heap Scan on sbtest3  (cost=30.77..3903.45 rows=1008 width=121)
	  Recheck Cond: ((id >= 7396381) AND (id <= 7397380))
	  ->  Bitmap Index Scan on sbtest3_pkey  (cost=0.00..30.51 rows=1008 width=0)
	        Index Cond: ((id >= 7396381) AND (id <= 7397380))

table 4 : explain SELECT c FROM sbtest4 WHERE id BETWEEN 9061737 AND 9062736
	Bitmap Heap Scan on sbtest4  (cost=30.83..3926.01 rows=1014 width=121)
	  Recheck Cond: ((id >= 9061737) AND (id <= 9062736))
	  ->  Bitmap Index Scan on sbtest4_pkey  (cost=0.00..30.57 rows=1014 width=0)
	        Index Cond: ((id >= 9061737) AND (id <= 9062736))

table 5 : explain SELECT c FROM sbtest5 WHERE id BETWEEN 4618548 AND 4619547
	Bitmap Heap Scan on sbtest5  (cost=30.37..3760.78 rows=969 width=121)
	  Recheck Cond: ((id >= 4618548) AND (id <= 4619547))
	  ->  Bitmap Index Scan on sbtest5_pkey  (cost=0.00..30.12 rows=969 width=0)
	        Index Cond: ((id >= 4618548) AND (id <= 4619547))

table 6 : explain SELECT c FROM sbtest6 WHERE id BETWEEN 7597302 AND 7598301
	Bitmap Heap Scan on sbtest6  (cost=30.08..3652.21 rows=941 width=121)
	  Recheck Cond: ((id >= 7597302) AND (id <= 7598301))
	  ->  Bitmap Index Scan on sbtest6_pkey  (cost=0.00..29.84 rows=941 width=0)
	        Index Cond: ((id >= 7597302) AND (id <= 7598301))

table 7 : explain SELECT c FROM sbtest7 WHERE id BETWEEN 7640948 AND 7641947
	Bitmap Heap Scan on sbtest7  (cost=30.19..3696.50 rows=952 width=121)
	  Recheck Cond: ((id >= 7640948) AND (id <= 7641947))
	  ->  Bitmap Index Scan on sbtest7_pkey  (cost=0.00..29.95 rows=952 width=0)
	        Index Cond: ((id >= 7640948) AND (id <= 7641947))

table 8 : explain SELECT c FROM sbtest8 WHERE id BETWEEN 7801919 AND 7802918
	Bitmap Heap Scan on sbtest8  (cost=30.27..3724.41 rows=960 width=121)
	  Recheck Cond: ((id >= 7801919) AND (id <= 7802918))
	  ->  Bitmap Index Scan on sbtest8_pkey  (cost=0.00..30.04 rows=960 width=0)
	        Index Cond: ((id >= 7801919) AND (id <= 7802918))

explain: for point_selects :: explain SELECT c FROM sbtest%u WHERE id=%u
for: simple_ranges
table 1 : explain SELECT c FROM sbtest1 WHERE id BETWEEN 1204762 AND 1205761
	Bitmap Heap Scan on sbtest1  (cost=30.35..3746.81 rows=967 width=121)
	  Recheck Cond: ((id >= 1204762) AND (id <= 1205761))
	  ->  Bitmap Index Scan on sbtest1_pkey  (cost=0.00..30.11 rows=967 width=0)
	        Index Cond: ((id >= 1204762) AND (id <= 1205761))

table 2 : explain SELECT c FROM sbtest2 WHERE id BETWEEN 8459393 AND 8460392
	Bitmap Heap Scan on sbtest2  (cost=31.00..3989.57 rows=1031 width=121)
	  Recheck Cond: ((id >= 8459393) AND (id <= 8460392))
	  ->  Bitmap Index Scan on sbtest2_pkey  (cost=0.00..30.75 rows=1031 width=0)
	        Index Cond: ((id >= 8459393) AND (id <= 8460392))

table 3 : explain SELECT c FROM sbtest3 WHERE id BETWEEN 5299078 AND 5300077
	Bitmap Heap Scan on sbtest3  (cost=31.64..4223.57 rows=1093 width=121)
	  Recheck Cond: ((id >= 5299078) AND (id <= 5300077))
	  ->  Bitmap Index Scan on sbtest3_pkey  (cost=0.00..31.36 rows=1093 width=0)
	        Index Cond: ((id >= 5299078) AND (id <= 5300077))

table 4 : explain SELECT c FROM sbtest4 WHERE id BETWEEN 8245909 AND 8246908
	Bitmap Heap Scan on sbtest4  (cost=30.53..3816.62 rows=985 width=121)
	  Recheck Cond: ((id >= 8245909) AND (id <= 8246908))
	  ->  Bitmap Index Scan on sbtest4_pkey  (cost=0.00..30.29 rows=985 width=0)
	        Index Cond: ((id >= 8245909) AND (id <= 8246908))

table 5 : explain SELECT c FROM sbtest5 WHERE id BETWEEN 4047390 AND 4048389
	Bitmap Heap Scan on sbtest5  (cost=30.47..3798.61 rows=979 width=121)
	  Recheck Cond: ((id >= 4047390) AND (id <= 4048389))
	  ->  Bitmap Index Scan on sbtest5_pkey  (cost=0.00..30.22 rows=979 width=0)
	        Index Cond: ((id >= 4047390) AND (id <= 4048389))

table 6 : explain SELECT c FROM sbtest6 WHERE id BETWEEN 762583 AND 763582
	Bitmap Heap Scan on sbtest6  (cost=31.18..4056.24 rows=1048 width=121)
	  Recheck Cond: ((id >= 762583) AND (id <= 763582))
	  ->  Bitmap Index Scan on sbtest6_pkey  (cost=0.00..30.91 rows=1048 width=0)
	        Index Cond: ((id >= 762583) AND (id <= 763582))

table 7 : explain SELECT c FROM sbtest7 WHERE id BETWEEN 4955801 AND 4956800
	Bitmap Heap Scan on sbtest7  (cost=30.36..3757.05 rows=968 width=121)
	  Recheck Cond: ((id >= 4955801) AND (id <= 4956800))
	  ->  Bitmap Index Scan on sbtest7_pkey  (cost=0.00..30.11 rows=968 width=0)
	        Index Cond: ((id >= 4955801) AND (id <= 4956800))

table 8 : explain SELECT c FROM sbtest8 WHERE id BETWEEN 2898111 AND 2899110
	Bitmap Heap Scan on sbtest8  (cost=31.62..4218.62 rows=1091 width=121)
	  Recheck Cond: ((id >= 2898111) AND (id <= 2899110))
	  ->  Bitmap Index Scan on sbtest8_pkey  (cost=0.00..31.34 rows=1091 width=0)
	        Index Cond: ((id >= 2898111) AND (id <= 2899110))

for point_selects
table 1 : explain SELECT c FROM sbtest1 WHERE id=7156418
	Index Scan using sbtest1_pkey on sbtest1  (cost=0.43..8.45 rows=1 width=121)
	  Index Cond: (id = 7156418)

table 2 : explain SELECT c FROM sbtest2 WHERE id=5827706
	Index Scan using sbtest2_pkey on sbtest2  (cost=0.43..8.45 rows=1 width=121)
	  Index Cond: (id = 5827706)

table 3 : explain SELECT c FROM sbtest3 WHERE id=5186239
	Index Scan using sbtest3_pkey on sbtest3  (cost=0.43..8.45 rows=1 width=121)
	  Index Cond: (id = 5186239)

table 4 : explain SELECT c FROM sbtest4 WHERE id=4909493
	Index Scan using sbtest4_pkey on sbtest4  (cost=0.43..8.45 rows=1 width=121)
	  Index Cond: (id = 4909493)

table 5 : explain SELECT c FROM sbtest5 WHERE id=8845655
	Index Scan using sbtest5_pkey on sbtest5  (cost=0.43..8.45 rows=1 width=121)
	  Index Cond: (id = 8845655)

table 6 : explain SELECT c FROM sbtest6 WHERE id=906012
	Index Scan using sbtest6_pkey on sbtest6  (cost=0.43..8.45 rows=1 width=121)
	  Index Cond: (id = 906012)

table 7 : explain SELECT c FROM sbtest7 WHERE id=1162252
	Index Scan using sbtest7_pkey on sbtest7  (cost=0.43..8.45 rows=1 width=121)
	  Index Cond: (id = 1162252)

table 8 : explain SELECT c FROM sbtest8 WHERE id=5383407
	Index Scan using sbtest8_pkey on sbtest8  (cost=0.43..8.45 rows=1 width=121)
	  Index Cond: (id = 5383407)

explain: for point_selects :: explain SELECT c FROM sbtest%u WHERE id=%u
for: simple_ranges
table 1 : explain SELECT c FROM sbtest1 WHERE id BETWEEN 8993288 AND 8994287
	Bitmap Heap Scan on sbtest1  (cost=30.94..3965.47 rows=1025 width=121)
	  Recheck Cond: ((id >= 8993288) AND (id <= 8994287))
	  ->  Bitmap Index Scan on sbtest1_pkey  (cost=0.00..30.68 rows=1025 width=0)
	        Index Cond: ((id >= 8993288) AND (id <= 8994287))

table 2 : explain SELECT c FROM sbtest2 WHERE id BETWEEN 5140472 AND 5141471
	Bitmap Heap Scan on sbtest2  (cost=30.81..3917.97 rows=1012 width=121)
	  Recheck Cond: ((id >= 5140472) AND (id <= 5141471))
	  ->  Bitmap Index Scan on sbtest2_pkey  (cost=0.00..30.55 rows=1012 width=0)
	        Index Cond: ((id >= 5140472) AND (id <= 5141471))

table 3 : explain SELECT c FROM sbtest3 WHERE id BETWEEN 9348026 AND 9349025
	Bitmap Heap Scan on sbtest3  (cost=30.12..3665.60 rows=945 width=121)
	  Recheck Cond: ((id >= 9348026) AND (id <= 9349025))
	  ->  Bitmap Index Scan on sbtest3_pkey  (cost=0.00..29.89 rows=945 width=0)
	        Index Cond: ((id >= 9348026) AND (id <= 9349025))

table 4 : explain SELECT c FROM sbtest4 WHERE id BETWEEN 6943207 AND 6944206
	Bitmap Heap Scan on sbtest4  (cost=30.98..3982.56 rows=1029 width=121)
	  Recheck Cond: ((id >= 6943207) AND (id <= 6944206))
	  ->  Bitmap Index Scan on sbtest4_pkey  (cost=0.00..30.72 rows=1029 width=0)
	        Index Cond: ((id >= 6943207) AND (id <= 6944206))

table 5 : explain SELECT c FROM sbtest5 WHERE id BETWEEN 2514696 AND 2515695
	Bitmap Heap Scan on sbtest5  (cost=30.12..3669.95 rows=945 width=121)
	  Recheck Cond: ((id >= 2514696) AND (id <= 2515695))
	  ->  Bitmap Index Scan on sbtest5_pkey  (cost=0.00..29.89 rows=945 width=0)
	        Index Cond: ((id >= 2514696) AND (id <= 2515695))

table 6 : explain SELECT c FROM sbtest6 WHERE id BETWEEN 3184524 AND 3185523
	Bitmap Heap Scan on sbtest6  (cost=29.98..3614.38 rows=931 width=121)
	  Recheck Cond: ((id >= 3184524) AND (id <= 3185523))
	  ->  Bitmap Index Scan on sbtest6_pkey  (cost=0.00..29.75 rows=931 width=0)
	        Index Cond: ((id >= 3184524) AND (id <= 3185523))

table 7 : explain SELECT c FROM sbtest7 WHERE id BETWEEN 4560337 AND 4561336
	Bitmap Heap Scan on sbtest7  (cost=31.78..4281.78 rows=1107 width=121)
	  Recheck Cond: ((id >= 4560337) AND (id <= 4561336))
	  ->  Bitmap Index Scan on sbtest7_pkey  (cost=0.00..31.50 rows=1107 width=0)
	        Index Cond: ((id >= 4560337) AND (id <= 4561336))

table 8 : explain SELECT c FROM sbtest8 WHERE id BETWEEN 6514124 AND 6515123
	Bitmap Heap Scan on sbtest8  (cost=30.40..3769.77 rows=972 width=121)
	  Recheck Cond: ((id >= 6514124) AND (id <= 6515123))
	  ->  Bitmap Index Scan on sbtest8_pkey  (cost=0.00..30.15 rows=972 width=0)
	        Index Cond: ((id >= 6514124) AND (id <= 6515123))

for point_selects
table 1 : explain SELECT c FROM sbtest1 WHERE id=5231230
	Index Scan using sbtest1_pkey on sbtest1  (cost=0.43..8.45 rows=1 width=121)
	  Index Cond: (id = 5231230)

table 2 : explain SELECT c FROM sbtest2 WHERE id=9916495
	Index Scan using sbtest2_pkey on sbtest2  (cost=0.43..8.45 rows=1 width=121)
	  Index Cond: (id = 9916495)

table 3 : explain SELECT c FROM sbtest3 WHERE id=1334522
	Index Scan using sbtest3_pkey on sbtest3  (cost=0.43..8.45 rows=1 width=121)
	  Index Cond: (id = 1334522)

table 4 : explain SELECT c FROM sbtest4 WHERE id=1827562
	Index Scan using sbtest4_pkey on sbtest4  (cost=0.43..8.45 rows=1 width=121)
	  Index Cond: (id = 1827562)

table 5 : explain SELECT c FROM sbtest5 WHERE id=8275387
	Index Scan using sbtest5_pkey on sbtest5  (cost=0.43..8.45 rows=1 width=121)
	  Index Cond: (id = 8275387)

table 6 : explain SELECT c FROM sbtest6 WHERE id=2857764
	Index Scan using sbtest6_pkey on sbtest6  (cost=0.43..8.45 rows=1 width=121)
	  Index Cond: (id = 2857764)

table 7 : explain SELECT c FROM sbtest7 WHERE id=186206
	Index Scan using sbtest7_pkey on sbtest7  (cost=0.43..8.45 rows=1 width=121)
	  Index Cond: (id = 186206)

table 8 : explain SELECT c FROM sbtest8 WHERE id=9892897
	Index Scan using sbtest8_pkey on sbtest8  (cost=0.43..8.45 rows=1 width=121)
	  Index Cond: (id = 9892897)

for: simple_ranges
table 1 : explain SELECT c FROM sbtest1 WHERE id BETWEEN 375427 AND 376426
	Bitmap Heap Scan on sbtest1  (cost=31.06..4010.65 rows=1037 width=121)
	  Recheck Cond: ((id >= 375427) AND (id <= 376426))
	  ->  Bitmap Index Scan on sbtest1_pkey  (cost=0.00..30.80 rows=1037 width=0)
	        Index Cond: ((id >= 375427) AND (id <= 376426))

table 2 : explain SELECT c FROM sbtest2 WHERE id BETWEEN 6679988 AND 6680987
	Bitmap Heap Scan on sbtest2  (cost=30.40..3767.06 rows=972 width=121)
	  Recheck Cond: ((id >= 6679988) AND (id <= 6680987))
	  ->  Bitmap Index Scan on sbtest2_pkey  (cost=0.00..30.15 rows=972 width=0)
	        Index Cond: ((id >= 6679988) AND (id <= 6680987))

table 3 : explain SELECT c FROM sbtest3 WHERE id BETWEEN 6581290 AND 6582289
	Bitmap Heap Scan on sbtest3  (cost=30.65..3861.96 rows=997 width=121)
	  Recheck Cond: ((id >= 6581290) AND (id <= 6582289))
	  ->  Bitmap Index Scan on sbtest3_pkey  (cost=0.00..30.40 rows=997 width=0)
	        Index Cond: ((id >= 6581290) AND (id <= 6582289))

table 4 : explain SELECT c FROM sbtest4 WHERE id BETWEEN 8457495 AND 8458494
	Bitmap Heap Scan on sbtest4  (cost=30.21..3699.55 rows=954 width=121)
	  Recheck Cond: ((id >= 8457495) AND (id <= 8458494))
	  ->  Bitmap Index Scan on sbtest4_pkey  (cost=0.00..29.97 rows=954 width=0)
	        Index Cond: ((id >= 8457495) AND (id <= 8458494))

table 5 : explain SELECT c FROM sbtest5 WHERE id BETWEEN 4757098 AND 4758097
	Bitmap Heap Scan on sbtest5  (cost=31.76..4274.18 rows=1105 width=121)
	  Recheck Cond: ((id >= 4757098) AND (id <= 4758097))
	  ->  Bitmap Index Scan on sbtest5_pkey  (cost=0.00..31.48 rows=1105 width=0)
	        Index Cond: ((id >= 4757098) AND (id <= 4758097))

table 6 : explain SELECT c FROM sbtest6 WHERE id BETWEEN 7856441 AND 7857440
	Bitmap Heap Scan on sbtest6  (cost=30.13..3671.12 rows=946 width=121)
	  Recheck Cond: ((id >= 7856441) AND (id <= 7857440))
	  ->  Bitmap Index Scan on sbtest6_pkey  (cost=0.00..29.89 rows=946 width=0)
	        Index Cond: ((id >= 7856441) AND (id <= 7857440))

table 7 : explain SELECT c FROM sbtest7 WHERE id BETWEEN 8170411 AND 8171410
	Bitmap Heap Scan on sbtest7  (cost=30.27..3726.78 rows=960 width=121)
	  Recheck Cond: ((id >= 8170411) AND (id <= 8171410))
	  ->  Bitmap Index Scan on sbtest7_pkey  (cost=0.00..30.04 rows=960 width=0)
	        Index Cond: ((id >= 8170411) AND (id <= 8171410))

table 8 : explain SELECT c FROM sbtest8 WHERE id BETWEEN 6864798 AND 6865797
	Bitmap Heap Scan on sbtest8  (cost=25.61..3474.38 rows=895 width=121)
	  Recheck Cond: ((id >= 6864798) AND (id <= 6865797))
	  ->  Bitmap Index Scan on sbtest8_pkey  (cost=0.00..25.39 rows=895 width=0)
	        Index Cond: ((id >= 6864798) AND (id <= 6865797))

for: simple_ranges
table 1 : explain SELECT c FROM sbtest1 WHERE id BETWEEN 1101620 AND 1102619
	Bitmap Heap Scan on sbtest1  (cost=31.18..4052.06 rows=1048 width=121)
	  Recheck Cond: ((id >= 1101620) AND (id <= 1102619))
	  ->  Bitmap Index Scan on sbtest1_pkey  (cost=0.00..30.91 rows=1048 width=0)
	        Index Cond: ((id >= 1101620) AND (id <= 1102619))

table 2 : explain SELECT c FROM sbtest2 WHERE id BETWEEN 4734952 AND 4735951
	Bitmap Heap Scan on sbtest2  (cost=30.17..3683.98 rows=950 width=121)
	  Recheck Cond: ((id >= 4734952) AND (id <= 4735951))
	  ->  Bitmap Index Scan on sbtest2_pkey  (cost=0.00..29.93 rows=950 width=0)
	        Index Cond: ((id >= 4734952) AND (id <= 4735951))

table 3 : explain SELECT c FROM sbtest3 WHERE id BETWEEN 3499947 AND 3500946
	Bitmap Heap Scan on sbtest3  (cost=31.03..4001.46 rows=1034 width=121)
	  Recheck Cond: ((id >= 3499947) AND (id <= 3500946))
	  ->  Bitmap Index Scan on sbtest3_pkey  (cost=0.00..30.77 rows=1034 width=0)
	        Index Cond: ((id >= 3499947) AND (id <= 3500946))

table 4 : explain SELECT c FROM sbtest4 WHERE id BETWEEN 487886 AND 488885
	Bitmap Heap Scan on sbtest4  (cost=25.97..3604.84 rows=930 width=121)
	  Recheck Cond: ((id >= 487886) AND (id <= 488885))
	  ->  Bitmap Index Scan on sbtest4_pkey  (cost=0.00..25.73 rows=930 width=0)
	        Index Cond: ((id >= 487886) AND (id <= 488885))

table 5 : explain SELECT c FROM sbtest5 WHERE id BETWEEN 3031058 AND 3032057
	Bitmap Heap Scan on sbtest5  (cost=30.04..3639.65 rows=937 width=121)
	  Recheck Cond: ((id >= 3031058) AND (id <= 3032057))
	  ->  Bitmap Index Scan on sbtest5_pkey  (cost=0.00..29.80 rows=937 width=0)
	        Index Cond: ((id >= 3031058) AND (id <= 3032057))

table 6 : explain SELECT c FROM sbtest6 WHERE id BETWEEN 2327695 AND 2328694
	Bitmap Heap Scan on sbtest6  (cost=30.76..3901.59 rows=1007 width=121)
	  Recheck Cond: ((id >= 2327695) AND (id <= 2328694))
	  ->  Bitmap Index Scan on sbtest6_pkey  (cost=0.00..30.50 rows=1007 width=0)
	        Index Cond: ((id >= 2327695) AND (id <= 2328694))

table 7 : explain SELECT c FROM sbtest7 WHERE id BETWEEN 7620219 AND 7621218
	Bitmap Heap Scan on sbtest7  (cost=30.19..3696.50 rows=952 width=121)
	  Recheck Cond: ((id >= 7620219) AND (id <= 7621218))
	  ->  Bitmap Index Scan on sbtest7_pkey  (cost=0.00..29.95 rows=952 width=0)
	        Index Cond: ((id >= 7620219) AND (id <= 7621218))

table 8 : explain SELECT c FROM sbtest8 WHERE id BETWEEN 3122438 AND 3123437
	Bitmap Heap Scan on sbtest8  (cost=30.80..3917.06 rows=1011 width=121)
	  Recheck Cond: ((id >= 3122438) AND (id <= 3123437))
	  ->  Bitmap Index Scan on sbtest8_pkey  (cost=0.00..30.54 rows=1011 width=0)
	        Index Cond: ((id >= 3122438) AND (id <= 3123437))

explain: for point_selects :: explain SELECT c FROM sbtest%u WHERE id=%u
for point_selects
table 1 : explain SELECT c FROM sbtest1 WHERE id=106345
	Index Scan using sbtest1_pkey on sbtest1  (cost=0.43..8.45 rows=1 width=121)
	  Index Cond: (id = 106345)

table 2 : explain SELECT c FROM sbtest2 WHERE id=9725680
	Index Scan using sbtest2_pkey on sbtest2  (cost=0.43..8.45 rows=1 width=121)
	  Index Cond: (id = 9725680)

table 3 : explain SELECT c FROM sbtest3 WHERE id=6389595
	Index Scan using sbtest3_pkey on sbtest3  (cost=0.43..8.45 rows=1 width=121)
	  Index Cond: (id = 6389595)

table 4 : explain SELECT c FROM sbtest4 WHERE id=305536
	Index Scan using sbtest4_pkey on sbtest4  (cost=0.43..8.45 rows=1 width=121)
	  Index Cond: (id = 305536)

table 5 : explain SELECT c FROM sbtest5 WHERE id=2818016
	Index Scan using sbtest5_pkey on sbtest5  (cost=0.43..8.45 rows=1 width=121)
	  Index Cond: (id = 2818016)

table 6 : explain SELECT c FROM sbtest6 WHERE id=5021153
	Index Scan using sbtest6_pkey on sbtest6  (cost=0.43..8.45 rows=1 width=121)
	  Index Cond: (id = 5021153)

table 7 : explain SELECT c FROM sbtest7 WHERE id=3147595
	Index Scan using sbtest7_pkey on sbtest7  (cost=0.43..8.45 rows=1 width=121)
	  Index Cond: (id = 3147595)

table 8 : explain SELECT c FROM sbtest8 WHERE id=5843346
	Index Scan using sbtest8_pkey on sbtest8  (cost=0.43..8.45 rows=1 width=121)
	  Index Cond: (id = 5843346)

explain: for point_selects :: explain SELECT c FROM sbtest%u WHERE id=%u
for: sum_ranges
table 1 : explain SELECT SUM(k) FROM sbtest1 WHERE id BETWEEN 1514953 AND 1515952
	Aggregate  (cost=3828.50..3828.51 rows=1 width=8)
	  ->  Bitmap Heap Scan on sbtest1  (cost=30.56..3826.03 rows=988 width=4)
	        Recheck Cond: ((id >= 1514953) AND (id <= 1515952))
	        ->  Bitmap Index Scan on sbtest1_pkey  (cost=0.00..30.32 rows=988 width=0)
	              Index Cond: ((id >= 1514953) AND (id <= 1515952))

table 2 : explain SELECT SUM(k) FROM sbtest2 WHERE id BETWEEN 3179299 AND 3180298
	Aggregate  (cost=3610.50..3610.51 rows=1 width=8)
	  ->  Bitmap Heap Scan on sbtest2  (cost=25.98..3608.17 rows=931 width=4)
	        Recheck Cond: ((id >= 3179299) AND (id <= 3180298))
	        ->  Bitmap Index Scan on sbtest2_pkey  (cost=0.00..25.75 rows=931 width=0)
	              Index Cond: ((id >= 3179299) AND (id <= 3180298))

table 3 : explain SELECT SUM(k) FROM sbtest3 WHERE id BETWEEN 6269345 AND 6270344
	Aggregate  (cost=4037.98..4037.99 rows=1 width=8)
	  ->  Bitmap Heap Scan on sbtest3  (cost=31.13..4035.37 rows=1043 width=4)
	        Recheck Cond: ((id >= 6269345) AND (id <= 6270344))
	        ->  Bitmap Index Scan on sbtest3_pkey  (cost=0.00..30.86 rows=1043 width=0)
	              Index Cond: ((id >= 6269345) AND (id <= 6270344))

table 4 : explain SELECT SUM(k) FROM sbtest4 WHERE id BETWEEN 7425853 AND 7426852
	Aggregate  (cost=3951.19..3951.20 rows=1 width=8)
	  ->  Bitmap Heap Scan on sbtest4  (cost=30.89..3948.64 rows=1020 width=4)
	        Recheck Cond: ((id >= 7425853) AND (id <= 7426852))
	        ->  Bitmap Index Scan on sbtest4_pkey  (cost=0.00..30.64 rows=1020 width=0)
	              Index Cond: ((id >= 7425853) AND (id <= 7426852))

table 5 : explain SELECT SUM(k) FROM sbtest5 WHERE id BETWEEN 6958252 AND 6959251
	Aggregate  (cost=3702.61..3702.62 rows=1 width=8)
	  ->  Bitmap Heap Scan on sbtest5  (cost=30.20..3700.23 rows=953 width=4)
	        Recheck Cond: ((id >= 6958252) AND (id <= 6959251))
	        ->  Bitmap Index Scan on sbtest5_pkey  (cost=0.00..29.96 rows=953 width=0)
	              Index Cond: ((id >= 6958252) AND (id <= 6959251))

table 6 : explain SELECT SUM(k) FROM sbtest6 WHERE id BETWEEN 5324723 AND 5325722
	Aggregate  (cost=3990.95..3990.96 rows=1 width=8)
	  ->  Bitmap Heap Scan on sbtest6  (cost=30.99..3988.37 rows=1030 width=4)
	        Recheck Cond: ((id >= 5324723) AND (id <= 5325722))
	        ->  Bitmap Index Scan on sbtest6_pkey  (cost=0.00..30.73 rows=1030 width=0)
	              Index Cond: ((id >= 5324723) AND (id <= 5325722))

table 7 : explain SELECT SUM(k) FROM sbtest7 WHERE id BETWEEN 2127510 AND 2128509
	Aggregate  (cost=3702.67..3702.68 rows=1 width=8)
	  ->  Bitmap Heap Scan on sbtest7  (cost=30.20..3700.28 rows=953 width=4)
	        Recheck Cond: ((id >= 2127510) AND (id <= 2128509))
	        ->  Bitmap Index Scan on sbtest7_pkey  (cost=0.00..29.96 rows=953 width=0)
	              Index Cond: ((id >= 2127510) AND (id <= 2128509))

table 8 : explain SELECT SUM(k) FROM sbtest8 WHERE id BETWEEN 429601 AND 430600
	Aggregate  (cost=4168.60..4168.61 rows=1 width=8)
	  ->  Bitmap Heap Scan on sbtest8  (cost=31.47..4165.91 rows=1077 width=4)
	        Recheck Cond: ((id >= 429601) AND (id <= 430600))
	        ->  Bitmap Index Scan on sbtest8_pkey  (cost=0.00..31.20 rows=1077 width=0)
	              Index Cond: ((id >= 429601) AND (id <= 430600))

for: simple_ranges
table 1 : explain SELECT c FROM sbtest1 WHERE id BETWEEN 1225501 AND 1226500
	Bitmap Heap Scan on sbtest1  (cost=30.35..3746.81 rows=967 width=121)
	  Recheck Cond: ((id >= 1225501) AND (id <= 1226500))
	  ->  Bitmap Index Scan on sbtest1_pkey  (cost=0.00..30.11 rows=967 width=0)
	        Index Cond: ((id >= 1225501) AND (id <= 1226500))

table 2 : explain SELECT c FROM sbtest2 WHERE id BETWEEN 538323 AND 539322
	Bitmap Heap Scan on sbtest2  (cost=31.06..4012.18 rows=1037 width=121)
	  Recheck Cond: ((id >= 538323) AND (id <= 539322))
	  ->  Bitmap Index Scan on sbtest2_pkey  (cost=0.00..30.80 rows=1037 width=0)
	        Index Cond: ((id >= 538323) AND (id <= 539322))

table 3 : explain SELECT c FROM sbtest3 WHERE id BETWEEN 9684624 AND 9685623
	Bitmap Heap Scan on sbtest3  (cost=30.15..3676.94 rows=948 width=121)
	  Recheck Cond: ((id >= 9684624) AND (id <= 9685623))
	  ->  Bitmap Index Scan on sbtest3_pkey  (cost=0.00..29.91 rows=948 width=0)
	        Index Cond: ((id >= 9684624) AND (id <= 9685623))

table 4 : explain SELECT c FROM sbtest4 WHERE id BETWEEN 5842160 AND 5843159
	Bitmap Heap Scan on sbtest4  (cost=30.96..3975.02 rows=1027 width=121)
	  Recheck Cond: ((id >= 5842160) AND (id <= 5843159))
	  ->  Bitmap Index Scan on sbtest4_pkey  (cost=0.00..30.70 rows=1027 width=0)
	        Index Cond: ((id >= 5842160) AND (id <= 5843159))

table 5 : explain SELECT c FROM sbtest5 WHERE id BETWEEN 9263712 AND 9264711
	Bitmap Heap Scan on sbtest5  (cost=30.07..3651.01 rows=940 width=121)
	  Recheck Cond: ((id >= 9263712) AND (id <= 9264711))
	  ->  Bitmap Index Scan on sbtest5_pkey  (cost=0.00..29.83 rows=940 width=0)
	        Index Cond: ((id >= 9263712) AND (id <= 9264711))

table 6 : explain SELECT c FROM sbtest6 WHERE id BETWEEN 2882055 AND 2883054
	Bitmap Heap Scan on sbtest6  (cost=30.33..3742.96 rows=965 width=121)
	  Recheck Cond: ((id >= 2882055) AND (id <= 2883054))
	  ->  Bitmap Index Scan on sbtest6_pkey  (cost=0.00..30.08 rows=965 width=0)
	        Index Cond: ((id >= 2882055) AND (id <= 2883054))

table 7 : explain SELECT c FROM sbtest7 WHERE id BETWEEN 5375575 AND 5376574
	Bitmap Heap Scan on sbtest7  (cost=30.34..3749.48 rows=966 width=121)
	  Recheck Cond: ((id >= 5375575) AND (id <= 5376574))
	  ->  Bitmap Index Scan on sbtest7_pkey  (cost=0.00..30.09 rows=966 width=0)
	        Index Cond: ((id >= 5375575) AND (id <= 5376574))

table 8 : explain SELECT c FROM sbtest8 WHERE id BETWEEN 2036181 AND 2037180
	Bitmap Heap Scan on sbtest8  (cost=30.52..3815.11 rows=984 width=121)
	  Recheck Cond: ((id >= 2036181) AND (id <= 2037180))
	  ->  Bitmap Index Scan on sbtest8_pkey  (cost=0.00..30.27 rows=984 width=0)
	        Index Cond: ((id >= 2036181) AND (id <= 2037180))

explain: for point_selects :: explain SELECT c FROM sbtest%u WHERE id=%u
explain: for point_selects :: explain SELECT c FROM sbtest%u WHERE id=%u
explain: for point_selects :: explain SELECT c FROM sbtest%u WHERE id=%u
for: sum_ranges
table 1 : explain SELECT SUM(k) FROM sbtest1 WHERE id BETWEEN 7240963 AND 7241962
	Aggregate  (cost=3635.89..3635.90 rows=1 width=8)
	  ->  Bitmap Heap Scan on sbtest1  (cost=30.04..3633.54 rows=937 width=4)
	        Recheck Cond: ((id >= 7240963) AND (id <= 7241962))
	        ->  Bitmap Index Scan on sbtest1_pkey  (cost=0.00..29.80 rows=937 width=0)
	              Index Cond: ((id >= 7240963) AND (id <= 7241962))

table 2 : explain SELECT SUM(k) FROM sbtest2 WHERE id BETWEEN 3718544 AND 3719543
	Aggregate  (cost=3924.27..3924.28 rows=1 width=8)
	  ->  Bitmap Heap Scan on sbtest2  (cost=30.82..3921.74 rows=1013 width=4)
	        Recheck Cond: ((id >= 3718544) AND (id <= 3719543))
	        ->  Bitmap Index Scan on sbtest2_pkey  (cost=0.00..30.57 rows=1013 width=0)
	              Index Cond: ((id >= 3718544) AND (id <= 3719543))

table 3 : explain SELECT SUM(k) FROM sbtest3 WHERE id BETWEEN 6808893 AND 6809892
	Aggregate  (cost=3781.36..3781.37 rows=1 width=8)
	  ->  Bitmap Heap Scan on sbtest3  (cost=30.43..3778.93 rows=975 width=4)
	        Recheck Cond: ((id >= 6808893) AND (id <= 6809892))
	        ->  Bitmap Index Scan on sbtest3_pkey  (cost=0.00..30.18 rows=975 width=0)
	              Index Cond: ((id >= 6808893) AND (id <= 6809892))

table 4 : explain SELECT SUM(k) FROM sbtest4 WHERE id BETWEEN 429570 AND 430569
	Aggregate  (cost=3951.19..3951.20 rows=1 width=8)
	  ->  Bitmap Heap Scan on sbtest4  (cost=30.89..3948.64 rows=1020 width=4)
	        Recheck Cond: ((id >= 429570) AND (id <= 430569))
	        ->  Bitmap Index Scan on sbtest4_pkey  (cost=0.00..30.64 rows=1020 width=0)
	              Index Cond: ((id >= 429570) AND (id <= 430569))

table 5 : explain SELECT SUM(k) FROM sbtest5 WHERE id BETWEEN 7164138 AND 7165137
	Aggregate  (cost=3528.24..3528.25 rows=1 width=8)
	  ->  Bitmap Heap Scan on sbtest5  (cost=29.73..3525.97 rows=907 width=4)
	        Recheck Cond: ((id >= 7164138) AND (id <= 7165137))
	        ->  Bitmap Index Scan on sbtest5_pkey  (cost=0.00..29.50 rows=907 width=0)
	              Index Cond: ((id >= 7164138) AND (id <= 7165137))

table 6 : explain SELECT SUM(k) FROM sbtest6 WHERE id BETWEEN 3435548 AND 3436547
	Aggregate  (cost=4356.45..4356.46 rows=1 width=8)
	  ->  Bitmap Heap Scan on sbtest6  (cost=31.99..4353.63 rows=1127 width=4)
	        Recheck Cond: ((id >= 3435548) AND (id <= 3436547))
	        ->  Bitmap Index Scan on sbtest6_pkey  (cost=0.00..31.70 rows=1127 width=0)
	              Index Cond: ((id >= 3435548) AND (id <= 3436547))

table 7 : explain SELECT SUM(k) FROM sbtest7 WHERE id BETWEEN 5997303 AND 5998302
	Aggregate  (cost=3982.63..3982.64 rows=1 width=8)
	  ->  Bitmap Heap Scan on sbtest7  (cost=30.96..3980.06 rows=1027 width=4)
	        Recheck Cond: ((id >= 5997303) AND (id <= 5998302))
	        ->  Bitmap Index Scan on sbtest7_pkey  (cost=0.00..30.70 rows=1027 width=0)
	              Index Cond: ((id >= 5997303) AND (id <= 5998302))

table 8 : explain SELECT SUM(k) FROM sbtest8 WHERE id BETWEEN 2826983 AND 2827982
	Aggregate  (cost=4025.30..4025.31 rows=1 width=8)
	  ->  Bitmap Heap Scan on sbtest8  (cost=31.08..4022.70 rows=1039 width=4)
	        Recheck Cond: ((id >= 2826983) AND (id <= 2827982))
	        ->  Bitmap Index Scan on sbtest8_pkey  (cost=0.00..30.82 rows=1039 width=0)
	              Index Cond: ((id >= 2826983) AND (id <= 2827982))

for point_selects
table 1 : explain SELECT c FROM sbtest1 WHERE id=4880637
	Index Scan using sbtest1_pkey on sbtest1  (cost=0.43..8.45 rows=1 width=121)
	  Index Cond: (id = 4880637)

table 2 : explain SELECT c FROM sbtest2 WHERE id=2510133
	Index Scan using sbtest2_pkey on sbtest2  (cost=0.43..8.45 rows=1 width=121)
	  Index Cond: (id = 2510133)

table 3 : explain SELECT c FROM sbtest3 WHERE id=9069438
	Index Scan using sbtest3_pkey on sbtest3  (cost=0.43..8.45 rows=1 width=121)
	  Index Cond: (id = 9069438)

table 4 : explain SELECT c FROM sbtest4 WHERE id=9030484
	Index Scan using sbtest4_pkey on sbtest4  (cost=0.43..8.45 rows=1 width=121)
	  Index Cond: (id = 9030484)

table 5 : explain SELECT c FROM sbtest5 WHERE id=7234833
	Index Scan using sbtest5_pkey on sbtest5  (cost=0.43..8.45 rows=1 width=121)
	  Index Cond: (id = 7234833)

table 6 : explain SELECT c FROM sbtest6 WHERE id=8836839
	Index Scan using sbtest6_pkey on sbtest6  (cost=0.43..8.45 rows=1 width=121)
	  Index Cond: (id = 8836839)

table 7 : explain SELECT c FROM sbtest7 WHERE id=2682296
	Index Scan using sbtest7_pkey on sbtest7  (cost=0.43..8.45 rows=1 width=121)
	  Index Cond: (id = 2682296)

table 8 : explain SELECT c FROM sbtest8 WHERE id=9332453
	Index Scan using sbtest8_pkey on sbtest8  (cost=0.43..8.45 rows=1 width=121)
	  Index Cond: (id = 9332453)

for point_selects
table 1 : explain SELECT c FROM sbtest1 WHERE id=9682893
	Index Scan using sbtest1_pkey on sbtest1  (cost=0.43..8.45 rows=1 width=121)
	  Index Cond: (id = 9682893)

table 2 : explain SELECT c FROM sbtest2 WHERE id=9609963
	Index Scan using sbtest2_pkey on sbtest2  (cost=0.43..8.45 rows=1 width=121)
	  Index Cond: (id = 9609963)

table 3 : explain SELECT c FROM sbtest3 WHERE id=2487082
	Index Scan using sbtest3_pkey on sbtest3  (cost=0.43..8.45 rows=1 width=121)
	  Index Cond: (id = 2487082)

table 4 : explain SELECT c FROM sbtest4 WHERE id=3818357
	Index Scan using sbtest4_pkey on sbtest4  (cost=0.43..8.45 rows=1 width=121)
	  Index Cond: (id = 3818357)

table 5 : explain SELECT c FROM sbtest5 WHERE id=6965628
	Index Scan using sbtest5_pkey on sbtest5  (cost=0.43..8.45 rows=1 width=121)
	  Index Cond: (id = 6965628)

table 6 : explain SELECT c FROM sbtest6 WHERE id=5704749
	Index Scan using sbtest6_pkey on sbtest6  (cost=0.43..8.45 rows=1 width=121)
	  Index Cond: (id = 5704749)

table 7 : explain SELECT c FROM sbtest7 WHERE id=5233337
	Index Scan using sbtest7_pkey on sbtest7  (cost=0.43..8.45 rows=1 width=121)
	  Index Cond: (id = 5233337)

table 8 : explain SELECT c FROM sbtest8 WHERE id=7389053
	Index Scan using sbtest8_pkey on sbtest8  (cost=0.43..8.45 rows=1 width=121)
	  Index Cond: (id = 7389053)

explain: for point_selects :: explain SELECT c FROM sbtest%u WHERE id=%u
for point_selects
table 1 : explain SELECT c FROM sbtest1 WHERE id=1122856
	Index Scan using sbtest1_pkey on sbtest1  (cost=0.43..8.45 rows=1 width=121)
	  Index Cond: (id = 1122856)

table 2 : explain SELECT c FROM sbtest2 WHERE id=3782956
	Index Scan using sbtest2_pkey on sbtest2  (cost=0.43..8.45 rows=1 width=121)
	  Index Cond: (id = 3782956)

table 3 : explain SELECT c FROM sbtest3 WHERE id=8568749
	Index Scan using sbtest3_pkey on sbtest3  (cost=0.43..8.45 rows=1 width=121)
	  Index Cond: (id = 8568749)

table 4 : explain SELECT c FROM sbtest4 WHERE id=7072011
	Index Scan using sbtest4_pkey on sbtest4  (cost=0.43..8.45 rows=1 width=121)
	  Index Cond: (id = 7072011)

table 5 : explain SELECT c FROM sbtest5 WHERE id=7250413
	Index Scan using sbtest5_pkey on sbtest5  (cost=0.43..8.45 rows=1 width=121)
	  Index Cond: (id = 7250413)

table 6 : explain SELECT c FROM sbtest6 WHERE id=1783317
	Index Scan using sbtest6_pkey on sbtest6  (cost=0.43..8.45 rows=1 width=121)
	  Index Cond: (id = 1783317)

table 7 : explain SELECT c FROM sbtest7 WHERE id=4141447
	Index Scan using sbtest7_pkey on sbtest7  (cost=0.43..8.45 rows=1 width=121)
	  Index Cond: (id = 4141447)

table 8 : explain SELECT c FROM sbtest8 WHERE id=7151892
	Index Scan using sbtest8_pkey on sbtest8  (cost=0.43..8.45 rows=1 width=121)
	  Index Cond: (id = 7151892)

for point_selects
table 1 : explain SELECT c FROM sbtest1 WHERE id=2130265
	Index Scan using sbtest1_pkey on sbtest1  (cost=0.43..8.45 rows=1 width=121)
	  Index Cond: (id = 2130265)

table 2 : explain SELECT c FROM sbtest2 WHERE id=4569817
	Index Scan using sbtest2_pkey on sbtest2  (cost=0.43..8.45 rows=1 width=121)
	  Index Cond: (id = 4569817)

table 3 : explain SELECT c FROM sbtest3 WHERE id=9970324
	Index Scan using sbtest3_pkey on sbtest3  (cost=0.43..8.45 rows=1 width=121)
	  Index Cond: (id = 9970324)

table 4 : explain SELECT c FROM sbtest4 WHERE id=8068919
	Index Scan using sbtest4_pkey on sbtest4  (cost=0.43..8.45 rows=1 width=121)
	  Index Cond: (id = 8068919)

table 5 : explain SELECT c FROM sbtest5 WHERE id=5609997
	Index Scan using sbtest5_pkey on sbtest5  (cost=0.43..8.45 rows=1 width=121)
	  Index Cond: (id = 5609997)

table 6 : explain SELECT c FROM sbtest6 WHERE id=1662852
	Index Scan using sbtest6_pkey on sbtest6  (cost=0.43..8.45 rows=1 width=121)
	  Index Cond: (id = 1662852)

table 7 : explain SELECT c FROM sbtest7 WHERE id=9930980
	Index Scan using sbtest7_pkey on sbtest7  (cost=0.43..8.45 rows=1 width=121)
	  Index Cond: (id = 9930980)

table 8 : explain SELECT c FROM sbtest8 WHERE id=5327403
	Index Scan using sbtest8_pkey on sbtest8  (cost=0.43..8.45 rows=1 width=121)
	  Index Cond: (id = 5327403)

for point_selects
table 1 : explain SELECT c FROM sbtest1 WHERE id=6580693
	Index Scan using sbtest1_pkey on sbtest1  (cost=0.43..8.45 rows=1 width=121)
	  Index Cond: (id = 6580693)

table 2 : explain SELECT c FROM sbtest2 WHERE id=7014158
	Index Scan using sbtest2_pkey on sbtest2  (cost=0.43..8.45 rows=1 width=121)
	  Index Cond: (id = 7014158)

table 3 : explain SELECT c FROM sbtest3 WHERE id=1920816
	Index Scan using sbtest3_pkey on sbtest3  (cost=0.43..8.45 rows=1 width=121)
	  Index Cond: (id = 1920816)

table 4 : explain SELECT c FROM sbtest4 WHERE id=1197150
	Index Scan using sbtest4_pkey on sbtest4  (cost=0.43..8.45 rows=1 width=121)
	  Index Cond: (id = 1197150)

table 5 : explain SELECT c FROM sbtest5 WHERE id=5436708
	Index Scan using sbtest5_pkey on sbtest5  (cost=0.43..8.45 rows=1 width=121)
	  Index Cond: (id = 5436708)

table 6 : explain SELECT c FROM sbtest6 WHERE id=3968897
	Index Scan using sbtest6_pkey on sbtest6  (cost=0.43..8.45 rows=1 width=121)
	  Index Cond: (id = 3968897)

table 7 : explain SELECT c FROM sbtest7 WHERE id=6903599
	Index Scan using sbtest7_pkey on sbtest7  (cost=0.43..8.45 rows=1 width=121)
	  Index Cond: (id = 6903599)

table 8 : explain SELECT c FROM sbtest8 WHERE id=7792825
	Index Scan using sbtest8_pkey on sbtest8  (cost=0.43..8.45 rows=1 width=121)
	  Index Cond: (id = 7792825)

explain: for point_selects :: explain SELECT c FROM sbtest%u WHERE id=%u
for: simple_ranges
table 1 : explain SELECT c FROM sbtest1 WHERE id BETWEEN 6615002 AND 6616001
	Bitmap Heap Scan on sbtest1  (cost=30.44..3780.77 rows=976 width=121)
	  Recheck Cond: ((id >= 6615002) AND (id <= 6616001))
	  ->  Bitmap Index Scan on sbtest1_pkey  (cost=0.00..30.19 rows=976 width=0)
	        Index Cond: ((id >= 6615002) AND (id <= 6616001))

table 2 : explain SELECT c FROM sbtest2 WHERE id BETWEEN 4670857 AND 4671856
	Bitmap Heap Scan on sbtest2  (cost=31.58..4200.37 rows=1087 width=121)
	  Recheck Cond: ((id >= 4670857) AND (id <= 4671856))
	  ->  Bitmap Index Scan on sbtest2_pkey  (cost=0.00..31.30 rows=1087 width=0)
	        Index Cond: ((id >= 4670857) AND (id <= 4671856))

table 3 : explain SELECT c FROM sbtest3 WHERE id BETWEEN 649795 AND 650794
	Bitmap Heap Scan on sbtest3  (cost=30.84..3929.85 rows=1015 width=121)
	  Recheck Cond: ((id >= 649795) AND (id <= 650794))
	  ->  Bitmap Index Scan on sbtest3_pkey  (cost=0.00..30.58 rows=1015 width=0)
	        Index Cond: ((id >= 649795) AND (id <= 650794))

table 4 : explain SELECT c FROM sbtest4 WHERE id BETWEEN 9395565 AND 9396564
	Bitmap Heap Scan on sbtest4  (cost=30.27..3722.22 rows=960 width=121)
	  Recheck Cond: ((id >= 9395565) AND (id <= 9396564))
	  ->  Bitmap Index Scan on sbtest4_pkey  (cost=0.00..30.04 rows=960 width=0)
	        Index Cond: ((id >= 9395565) AND (id <= 9396564))

table 5 : explain SELECT c FROM sbtest5 WHERE id BETWEEN 3312096 AND 3313095
	Bitmap Heap Scan on sbtest5  (cost=30.54..3825.08 rows=986 width=121)
	  Recheck Cond: ((id >= 3312096) AND (id <= 3313095))
	  ->  Bitmap Index Scan on sbtest5_pkey  (cost=0.00..30.29 rows=986 width=0)
	        Index Cond: ((id >= 3312096) AND (id <= 3313095))

table 6 : explain SELECT c FROM sbtest6 WHERE id BETWEEN 9546727 AND 9547726
	Bitmap Heap Scan on sbtest6  (cost=30.77..3905.37 rows=1008 width=121)
	  Recheck Cond: ((id >= 9546727) AND (id <= 9547726))
	  ->  Bitmap Index Scan on sbtest6_pkey  (cost=0.00..30.51 rows=1008 width=0)
	        Index Cond: ((id >= 9546727) AND (id <= 9547726))

table 7 : explain SELECT c FROM sbtest7 WHERE id BETWEEN 1364926 AND 1365925
	Bitmap Heap Scan on sbtest7  (cost=29.75..3533.60 rows=909 width=121)
	  Recheck Cond: ((id >= 1364926) AND (id <= 1365925))
	  ->  Bitmap Index Scan on sbtest7_pkey  (cost=0.00..29.52 rows=909 width=0)
	        Index Cond: ((id >= 1364926) AND (id <= 1365925))

table 8 : explain SELECT c FROM sbtest8 WHERE id BETWEEN 9583214 AND 9584213
	Bitmap Heap Scan on sbtest8  (cost=31.03..4003.84 rows=1034 width=121)
	  Recheck Cond: ((id >= 9583214) AND (id <= 9584213))
	  ->  Bitmap Index Scan on sbtest8_pkey  (cost=0.00..30.77 rows=1034 width=0)
	        Index Cond: ((id >= 9583214) AND (id <= 9584213))

explain: for point_selects :: explain SELECT c FROM sbtest%u WHERE id=%u
for: simple_ranges
table 1 : explain SELECT c FROM sbtest1 WHERE id BETWEEN 3383795 AND 3384794
	Bitmap Heap Scan on sbtest1  (cost=31.00..3988.06 rows=1031 width=121)
	  Recheck Cond: ((id >= 3383795) AND (id <= 3384794))
	  ->  Bitmap Index Scan on sbtest1_pkey  (cost=0.00..30.75 rows=1031 width=0)
	        Index Cond: ((id >= 3383795) AND (id <= 3384794))

table 2 : explain SELECT c FROM sbtest2 WHERE id BETWEEN 740432 AND 741431
	Bitmap Heap Scan on sbtest2  (cost=30.22..3702.87 rows=955 width=121)
	  Recheck Cond: ((id >= 740432) AND (id <= 741431))
	  ->  Bitmap Index Scan on sbtest2_pkey  (cost=0.00..29.98 rows=955 width=0)
	        Index Cond: ((id >= 740432) AND (id <= 741431))

table 3 : explain SELECT c FROM sbtest3 WHERE id BETWEEN 805370 AND 806369
	Bitmap Heap Scan on sbtest3  (cost=31.09..4024.07 rows=1040 width=121)
	  Recheck Cond: ((id >= 805370) AND (id <= 806369))
	  ->  Bitmap Index Scan on sbtest3_pkey  (cost=0.00..30.83 rows=1040 width=0)
	        Index Cond: ((id >= 805370) AND (id <= 806369))

table 4 : explain SELECT c FROM sbtest4 WHERE id BETWEEN 1945530 AND 1946529
	Bitmap Heap Scan on sbtest4  (cost=30.86..3937.33 rows=1017 width=121)
	  Recheck Cond: ((id >= 1945530) AND (id <= 1946529))
	  ->  Bitmap Index Scan on sbtest4_pkey  (cost=0.00..30.61 rows=1017 width=0)
	        Index Cond: ((id >= 1945530) AND (id <= 1946529))

table 5 : explain SELECT c FROM sbtest5 WHERE id BETWEEN 1031862 AND 1032861
	Bitmap Heap Scan on sbtest5  (cost=31.46..4164.89 rows=1076 width=121)
	  Recheck Cond: ((id >= 1031862) AND (id <= 1032861))
	  ->  Bitmap Index Scan on sbtest5_pkey  (cost=0.00..31.19 rows=1076 width=0)
	        Index Cond: ((id >= 1031862) AND (id <= 1032861))

table 6 : explain SELECT c FROM sbtest6 WHERE id BETWEEN 5681345 AND 5682344
	Bitmap Heap Scan on sbtest6  (cost=29.76..3534.88 rows=910 width=121)
	  Recheck Cond: ((id >= 5681345) AND (id <= 5682344))
	  ->  Bitmap Index Scan on sbtest6_pkey  (cost=0.00..29.54 rows=910 width=0)
	        Index Cond: ((id >= 5681345) AND (id <= 5682344))

table 7 : explain SELECT c FROM sbtest7 WHERE id BETWEEN 7571828 AND 7572827
	Bitmap Heap Scan on sbtest7  (cost=30.66..3870.50 rows=998 width=121)
	  Recheck Cond: ((id >= 7571828) AND (id <= 7572827))
	  ->  Bitmap Index Scan on sbtest7_pkey  (cost=0.00..30.41 rows=998 width=0)
	        Index Cond: ((id >= 7571828) AND (id <= 7572827))

table 8 : explain SELECT c FROM sbtest8 WHERE id BETWEEN 7514233 AND 7515232
	Bitmap Heap Scan on sbtest8  (cost=30.53..3818.89 rows=985 width=121)
	  Recheck Cond: ((id >= 7514233) AND (id <= 7515232))
	  ->  Bitmap Index Scan on sbtest8_pkey  (cost=0.00..30.29 rows=985 width=0)
	        Index Cond: ((id >= 7514233) AND (id <= 7515232))

for: simple_ranges
table 1 : explain SELECT c FROM sbtest1 WHERE id BETWEEN 7718885 AND 7719884
	Bitmap Heap Scan on sbtest1  (cost=30.58..3833.57 rows=990 width=121)
	  Recheck Cond: ((id >= 7718885) AND (id <= 7719884))
	  ->  Bitmap Index Scan on sbtest1_pkey  (cost=0.00..30.33 rows=990 width=0)
	        Index Cond: ((id >= 7718885) AND (id <= 7719884))

table 2 : explain SELECT c FROM sbtest2 WHERE id BETWEEN 9933943 AND 9934942
	Bitmap Heap Scan on sbtest2  (cost=30.29..3725.53 rows=961 width=121)
	  Recheck Cond: ((id >= 9933943) AND (id <= 9934942))
	  ->  Bitmap Index Scan on sbtest2_pkey  (cost=0.00..30.04 rows=961 width=0)
	        Index Cond: ((id >= 9933943) AND (id <= 9934942))

table 3 : explain SELECT c FROM sbtest3 WHERE id BETWEEN 6039681 AND 6040680
	Bitmap Heap Scan on sbtest3  (cost=30.83..3926.08 rows=1014 width=121)
	  Recheck Cond: ((id >= 6039681) AND (id <= 6040680))
	  ->  Bitmap Index Scan on sbtest3_pkey  (cost=0.00..30.57 rows=1014 width=0)
	        Index Cond: ((id >= 6039681) AND (id <= 6040680))

table 4 : explain SELECT c FROM sbtest4 WHERE id BETWEEN 6667939 AND 6668938
	Bitmap Heap Scan on sbtest4  (cost=25.52..3438.33 rows=886 width=121)
	  Recheck Cond: ((id >= 6667939) AND (id <= 6668938))
	  ->  Bitmap Index Scan on sbtest4_pkey  (cost=0.00..25.29 rows=886 width=0)
	        Index Cond: ((id >= 6667939) AND (id <= 6668938))

table 5 : explain SELECT c FROM sbtest5 WHERE id BETWEEN 4826336 AND 4827335
	Bitmap Heap Scan on sbtest5  (cost=30.22..3707.80 rows=955 width=121)
	  Recheck Cond: ((id >= 4826336) AND (id <= 4827335))
	  ->  Bitmap Index Scan on sbtest5_pkey  (cost=0.00..29.98 rows=955 width=0)
	        Index Cond: ((id >= 4826336) AND (id <= 4827335))

table 6 : explain SELECT c FROM sbtest6 WHERE id BETWEEN 469651 AND 470650
	Bitmap Heap Scan on sbtest6  (cost=30.59..3841.19 rows=991 width=121)
	  Recheck Cond: ((id >= 469651) AND (id <= 470650))
	  ->  Bitmap Index Scan on sbtest6_pkey  (cost=0.00..30.34 rows=991 width=0)
	        Index Cond: ((id >= 469651) AND (id <= 470650))

table 7 : explain SELECT c FROM sbtest7 WHERE id BETWEEN 4550539 AND 4551538
	Bitmap Heap Scan on sbtest7  (cost=31.78..4281.78 rows=1107 width=121)
	  Recheck Cond: ((id >= 4550539) AND (id <= 4551538))
	  ->  Bitmap Index Scan on sbtest7_pkey  (cost=0.00..31.50 rows=1107 width=0)
	        Index Cond: ((id >= 4550539) AND (id <= 4551538))

table 8 : explain SELECT c FROM sbtest8 WHERE id BETWEEN 1945013 AND 1946012
	Bitmap Heap Scan on sbtest8  (cost=30.73..3890.64 rows=1004 width=121)
	  Recheck Cond: ((id >= 1945013) AND (id <= 1946012))
	  ->  Bitmap Index Scan on sbtest8_pkey  (cost=0.00..30.47 rows=1004 width=0)
	        Index Cond: ((id >= 1945013) AND (id <= 1946012))

explain: for point_selects :: explain SELECT c FROM sbtest%u WHERE id=%u
for: simple_ranges
table 1 : explain SELECT c FROM sbtest1 WHERE id BETWEEN 5757315 AND 5758314
	Bitmap Heap Scan on sbtest1  (cost=30.58..3833.57 rows=990 width=121)
	  Recheck Cond: ((id >= 5757315) AND (id <= 5758314))
	  ->  Bitmap Index Scan on sbtest1_pkey  (cost=0.00..30.33 rows=990 width=0)
	        Index Cond: ((id >= 5757315) AND (id <= 5758314))

table 2 : explain SELECT c FROM sbtest2 WHERE id BETWEEN 2711192 AND 2712191
	Bitmap Heap Scan on sbtest2  (cost=30.89..3948.12 rows=1020 width=121)
	  Recheck Cond: ((id >= 2711192) AND (id <= 2712191))
	  ->  Bitmap Index Scan on sbtest2_pkey  (cost=0.00..30.64 rows=1020 width=0)
	        Index Cond: ((id >= 2711192) AND (id <= 2712191))

table 3 : explain SELECT c FROM sbtest3 WHERE id BETWEEN 1093231 AND 1094230
	Bitmap Heap Scan on sbtest3  (cost=30.80..3914.76 rows=1011 width=121)
	  Recheck Cond: ((id >= 1093231) AND (id <= 1094230))
	  ->  Bitmap Index Scan on sbtest3_pkey  (cost=0.00..30.54 rows=1011 width=0)
	        Index Cond: ((id >= 1093231) AND (id <= 1094230))

table 4 : explain SELECT c FROM sbtest4 WHERE id BETWEEN 1382735 AND 1383734
	Bitmap Heap Scan on sbtest4  (cost=30.41..3771.32 rows=973 width=121)
	  Recheck Cond: ((id >= 1382735) AND (id <= 1383734))
	  ->  Bitmap Index Scan on sbtest4_pkey  (cost=0.00..30.16 rows=973 width=0)
	        Index Cond: ((id >= 1382735) AND (id <= 1383734))

table 5 : explain SELECT c FROM sbtest5 WHERE id BETWEEN 1972726 AND 1973725
	Bitmap Heap Scan on sbtest5  (cost=31.06..4017.76 rows=1037 width=121)
	  Recheck Cond: ((id >= 1972726) AND (id <= 1973725))
	  ->  Bitmap Index Scan on sbtest5_pkey  (cost=0.00..30.80 rows=1037 width=0)
	        Index Cond: ((id >= 1972726) AND (id <= 1973725))

table 6 : explain SELECT c FROM sbtest6 WHERE id BETWEEN 6191030 AND 6192029
	Bitmap Heap Scan on sbtest6  (cost=30.63..3856.29 rows=995 width=121)
	  Recheck Cond: ((id >= 6191030) AND (id <= 6192029))
	  ->  Bitmap Index Scan on sbtest6_pkey  (cost=0.00..30.39 rows=995 width=0)
	        Index Cond: ((id >= 6191030) AND (id <= 6192029))

table 7 : explain SELECT c FROM sbtest7 WHERE id BETWEEN 2547669 AND 2548668
	Bitmap Heap Scan on sbtest7  (cost=35.90..4330.98 rows=1119 width=121)
	  Recheck Cond: ((id >= 2547669) AND (id <= 2548668))
	  ->  Bitmap Index Scan on sbtest7_pkey  (cost=0.00..35.62 rows=1119 width=0)
	        Index Cond: ((id >= 2547669) AND (id <= 2548668))

table 8 : explain SELECT c FROM sbtest8 WHERE id BETWEEN 346882 AND 347881
	Bitmap Heap Scan on sbtest8  (cost=30.70..3879.31 rows=1001 width=121)
	  Recheck Cond: ((id >= 346882) AND (id <= 347881))
	  ->  Bitmap Index Scan on sbtest8_pkey  (cost=0.00..30.44 rows=1001 width=0)
	        Index Cond: ((id >= 346882) AND (id <= 347881))

for point_selects
table 1 : explain SELECT c FROM sbtest1 WHERE id=4031723
	Index Scan using sbtest1_pkey on sbtest1  (cost=0.43..8.45 rows=1 width=121)
	  Index Cond: (id = 4031723)

table 2 : explain SELECT c FROM sbtest2 WHERE id=3672668
	Index Scan using sbtest2_pkey on sbtest2  (cost=0.43..8.45 rows=1 width=121)
	  Index Cond: (id = 3672668)

table 3 : explain SELECT c FROM sbtest3 WHERE id=1835353
	Index Scan using sbtest3_pkey on sbtest3  (cost=0.43..8.45 rows=1 width=121)
	  Index Cond: (id = 1835353)

table 4 : explain SELECT c FROM sbtest4 WHERE id=6411413
	Index Scan using sbtest4_pkey on sbtest4  (cost=0.43..8.45 rows=1 width=121)
	  Index Cond: (id = 6411413)

table 5 : explain SELECT c FROM sbtest5 WHERE id=6688688
	Index Scan using sbtest5_pkey on sbtest5  (cost=0.43..8.45 rows=1 width=121)
	  Index Cond: (id = 6688688)

table 6 : explain SELECT c FROM sbtest6 WHERE id=655644
	Index Scan using sbtest6_pkey on sbtest6  (cost=0.43..8.45 rows=1 width=121)
	  Index Cond: (id = 655644)

table 7 : explain SELECT c FROM sbtest7 WHERE id=9413702
	Index Scan using sbtest7_pkey on sbtest7  (cost=0.43..8.45 rows=1 width=121)
	  Index Cond: (id = 9413702)

table 8 : explain SELECT c FROM sbtest8 WHERE id=2562105
	Index Scan using sbtest8_pkey on sbtest8  (cost=0.43..8.45 rows=1 width=121)
	  Index Cond: (id = 2562105)
for: sum_ranges
table 1 : explain SELECT SUM(k) FROM sbtest1 WHERE id BETWEEN 6910300 AND 6911299
	Aggregate  (cost=3956.72..3956.73 rows=1 width=8)
	  ->  Bitmap Heap Scan on sbtest1  (cost=30.91..3954.17 rows=1022 width=4)
	        Recheck Cond: ((id >= 6910300) AND (id <= 6911299))
	        ->  Bitmap Index Scan on sbtest1_pkey  (cost=0.00..30.65 rows=1022 width=0)
	              Index Cond: ((id >= 6910300) AND (id <= 6911299))

table 2 : explain SELECT SUM(k) FROM sbtest2 WHERE id BETWEEN 840122 AND 841121
	Aggregate  (cost=3678.79..3678.80 rows=1 width=8)
	  ->  Bitmap Heap Scan on sbtest2  (cost=30.15..3676.42 rows=948 width=4)
	        Recheck Cond: ((id >= 840122) AND (id <= 841121))
	        ->  Bitmap Index Scan on sbtest2_pkey  (cost=0.00..29.91 rows=948 width=0)
	              Index Cond: ((id >= 840122) AND (id <= 841121))

table 3 : explain SELECT SUM(k) FROM sbtest3 WHERE id BETWEEN 3025835 AND 3026834
	Aggregate  (cost=3702.00..3702.01 rows=1 width=8)
	  ->  Bitmap Heap Scan on sbtest3  (cost=30.21..3699.61 rows=954 width=4)
	        Recheck Cond: ((id >= 3025835) AND (id <= 3026834))
	        ->  Bitmap Index Scan on sbtest3_pkey  (cost=0.00..29.97 rows=954 width=0)
	              Index Cond: ((id >= 3025835) AND (id <= 3026834))

table 4 : explain SELECT SUM(k) FROM sbtest4 WHERE id BETWEEN 7467470 AND 7468469
	Aggregate  (cost=3951.19..3951.20 rows=1 width=8)
	  ->  Bitmap Heap Scan on sbtest4  (cost=30.89..3948.64 rows=1020 width=4)
	        Recheck Cond: ((id >= 7467470) AND (id <= 7468469))
	        ->  Bitmap Index Scan on sbtest4_pkey  (cost=0.00..30.64 rows=1020 width=0)
	              Index Cond: ((id >= 7467470) AND (id <= 7468469))

table 5 : explain SELECT SUM(k) FROM sbtest5 WHERE id BETWEEN 8710950 AND 8711949
	Aggregate  (cost=3789.70..3789.71 rows=1 width=8)
	  ->  Bitmap Heap Scan on sbtest5  (cost=30.44..3787.26 rows=976 width=4)
	        Recheck Cond: ((id >= 8710950) AND (id <= 8711949))
	        ->  Bitmap Index Scan on sbtest5_pkey  (cost=0.00..30.19 rows=976 width=0)
	              Index Cond: ((id >= 8710950) AND (id <= 8711949))

table 6 : explain SELECT SUM(k) FROM sbtest6 WHERE id BETWEEN 8014640 AND 8015639
	Aggregate  (cost=4051.31..4051.32 rows=1 width=8)
	  ->  Bitmap Heap Scan on sbtest6  (cost=31.16..4048.70 rows=1046 width=4)
	        Recheck Cond: ((id >= 8014640) AND (id <= 8015639))
	        ->  Bitmap Index Scan on sbtest6_pkey  (cost=0.00..30.89 rows=1046 width=0)
	              Index Cond: ((id >= 8014640) AND (id <= 8015639))

table 7 : explain SELECT SUM(k) FROM sbtest7 WHERE id BETWEEN 3591640 AND 3592639
	Aggregate  (cost=4084.61..4084.62 rows=1 width=8)
	  ->  Bitmap Heap Scan on sbtest7  (cost=31.24..4081.98 rows=1054 width=4)
	        Recheck Cond: ((id >= 3591640) AND (id <= 3592639))
	        ->  Bitmap Index Scan on sbtest7_pkey  (cost=0.00..30.97 rows=1054 width=0)
	              Index Cond: ((id >= 3591640) AND (id <= 3592639))

table 8 : explain SELECT SUM(k) FROM sbtest8 WHERE id BETWEEN 1105248 AND 1106247
	Aggregate  (cost=3685.18..3685.19 rows=1 width=8)
	  ->  Bitmap Heap Scan on sbtest8  (cost=30.16..3682.81 rows=949 width=4)
	        Recheck Cond: ((id >= 1105248) AND (id <= 1106247))
	        ->  Bitmap Index Scan on sbtest8_pkey  (cost=0.00..29.93 rows=949 width=0)
	              Index Cond: ((id >= 1105248) AND (id <= 1106247))


for: sum_ranges
table 1 : explain SELECT SUM(k) FROM sbtest1 WHERE id BETWEEN 3952229 AND 3953228
	Aggregate  (cost=3862.46..3862.47 rows=1 width=8)
	  ->  Bitmap Heap Scan on sbtest1  (cost=30.65..3859.96 rows=997 width=4)
	        Recheck Cond: ((id >= 3952229) AND (id <= 3953228))
	        ->  Bitmap Index Scan on sbtest1_pkey  (cost=0.00..30.40 rows=997 width=0)
	              Index Cond: ((id >= 3952229) AND (id <= 3953228))

table 2 : explain SELECT SUM(k) FROM sbtest2 WHERE id BETWEEN 77182 AND 78181
	Aggregate  (cost=4011.00..4011.01 rows=1 width=8)
	  ->  Bitmap Heap Scan on sbtest2  (cost=31.05..4008.41 rows=1036 width=4)
	        Recheck Cond: ((id >= 77182) AND (id <= 78181))
	        ->  Bitmap Index Scan on sbtest2_pkey  (cost=0.00..30.79 rows=1036 width=0)
	              Index Cond: ((id >= 77182) AND (id <= 78181))

table 3 : explain SELECT SUM(k) FROM sbtest3 WHERE id BETWEEN 2725100 AND 2726099
	Aggregate  (cost=4241.35..4241.36 rows=1 width=8)
	  ->  Bitmap Heap Scan on sbtest3  (cost=31.68..4238.61 rows=1097 width=4)
	        Recheck Cond: ((id >= 2725100) AND (id <= 2726099))
	        ->  Bitmap Index Scan on sbtest3_pkey  (cost=0.00..31.40 rows=1097 width=0)
	              Index Cond: ((id >= 2725100) AND (id <= 2726099))

table 4 : explain SELECT SUM(k) FROM sbtest4 WHERE id BETWEEN 3787617 AND 3788616
	Aggregate  (cost=3803.97..3803.98 rows=1 width=8)
	  ->  Bitmap Heap Scan on sbtest4  (cost=30.49..3801.52 rows=981 width=4)
	        Recheck Cond: ((id >= 3787617) AND (id <= 3788616))
	        ->  Bitmap Index Scan on sbtest4_pkey  (cost=0.00..30.25 rows=981 width=0)
	              Index Cond: ((id >= 3787617) AND (id <= 3788616))

table 5 : explain SELECT SUM(k) FROM sbtest5 WHERE id BETWEEN 3500219 AND 3501218
	Aggregate  (cost=3816.19..3816.20 rows=1 width=8)
	  ->  Bitmap Heap Scan on sbtest5  (cost=30.51..3813.74 rows=983 width=4)
	        Recheck Cond: ((id >= 3500219) AND (id <= 3501218))
	        ->  Bitmap Index Scan on sbtest5_pkey  (cost=0.00..30.26 rows=983 width=0)
	              Index Cond: ((id >= 3500219) AND (id <= 3501218))

table 6 : explain SELECT SUM(k) FROM sbtest6 WHERE id BETWEEN 6383610 AND 6384609
	Aggregate  (cost=3521.79..3521.80 rows=1 width=8)
	  ->  Bitmap Heap Scan on sbtest6  (cost=25.73..3519.52 rows=907 width=4)
	        Recheck Cond: ((id >= 6383610) AND (id <= 6384609))
	        ->  Bitmap Index Scan on sbtest6_pkey  (cost=0.00..25.50 rows=907 width=0)
	              Index Cond: ((id >= 6383610) AND (id <= 6384609))

table 7 : explain SELECT SUM(k) FROM sbtest7 WHERE id BETWEEN 7137993 AND 7138992
	Aggregate  (cost=3668.57..3668.58 rows=1 width=8)
	  ->  Bitmap Heap Scan on sbtest7  (cost=30.11..3666.21 rows=944 width=4)
	        Recheck Cond: ((id >= 7137993) AND (id <= 7138992))
	        ->  Bitmap Index Scan on sbtest7_pkey  (cost=0.00..29.87 rows=944 width=0)
	              Index Cond: ((id >= 7137993) AND (id <= 7138992))

table 8 : explain SELECT SUM(k) FROM sbtest8 WHERE id BETWEEN 1399053 AND 1400052
	Aggregate  (cost=3998.88..3998.89 rows=1 width=8)
	  ->  Bitmap Heap Scan on sbtest8  (cost=31.01..3996.30 rows=1032 width=4)
	        Recheck Cond: ((id >= 1399053) AND (id <= 1400052))
	        ->  Bitmap Index Scan on sbtest8_pkey  (cost=0.00..30.75 rows=1032 width=0)
	              Index Cond: ((id >= 1399053) AND (id <= 1400052))

for: sum_ranges
table 1 : explain SELECT SUM(k) FROM sbtest1 WHERE id BETWEEN 19295 AND 20294
	Aggregate  (cost=3768.11..3768.12 rows=1 width=8)
	  ->  Bitmap Heap Scan on sbtest1  (cost=30.40..3765.68 rows=972 width=4)
	        Recheck Cond: ((id >= 19295) AND (id <= 20294))
	        ->  Bitmap Index Scan on sbtest1_pkey  (cost=0.00..30.15 rows=972 width=0)
	              Index Cond: ((id >= 19295) AND (id <= 20294))

table 2 : explain SELECT SUM(k) FROM sbtest2 WHERE id BETWEEN 7391517 AND 7392516
	Aggregate  (cost=4105.20..4105.21 rows=1 width=8)
	  ->  Bitmap Heap Scan on sbtest2  (cost=31.31..4102.55 rows=1061 width=4)
	        Recheck Cond: ((id >= 7391517) AND (id <= 7392516))
	        ->  Bitmap Index Scan on sbtest2_pkey  (cost=0.00..31.04 rows=1061 width=0)
	              Index Cond: ((id >= 7391517) AND (id <= 7392516))

table 3 : explain SELECT SUM(k) FROM sbtest3 WHERE id BETWEEN 5266056 AND 5267055
	Aggregate  (cost=3830.47..3830.48 rows=1 width=8)
	  ->  Bitmap Heap Scan on sbtest3  (cost=30.56..3828.00 rows=988 width=4)
	        Recheck Cond: ((id >= 5266056) AND (id <= 5267055))
	        ->  Bitmap Index Scan on sbtest3_pkey  (cost=0.00..30.32 rows=988 width=0)
	              Index Cond: ((id >= 5266056) AND (id <= 5267055))

table 4 : explain SELECT SUM(k) FROM sbtest4 WHERE id BETWEEN 8573586 AND 8574585
	Aggregate  (cost=3932.32..3932.33 rows=1 width=8)
	  ->  Bitmap Heap Scan on sbtest4  (cost=30.84..3929.79 rows=1015 width=4)
	        Recheck Cond: ((id >= 8573586) AND (id <= 8574585))
	        ->  Bitmap Index Scan on sbtest4_pkey  (cost=0.00..30.58 rows=1015 width=0)
	              Index Cond: ((id >= 8573586) AND (id <= 8574585))

table 5 : explain SELECT SUM(k) FROM sbtest5 WHERE id BETWEEN 5612176 AND 5613175
	Aggregate  (cost=3929.66..3929.67 rows=1 width=8)
	  ->  Bitmap Heap Scan on sbtest5  (cost=30.82..3927.13 rows=1013 width=4)
	        Recheck Cond: ((id >= 5612176) AND (id <= 5613175))
	        ->  Bitmap Index Scan on sbtest5_pkey  (cost=0.00..30.57 rows=1013 width=0)
	              Index Cond: ((id >= 5612176) AND (id <= 5613175))

table 6 : explain SELECT SUM(k) FROM sbtest6 WHERE id BETWEEN 5202873 AND 5203872
	Aggregate  (cost=3688.63..3688.64 rows=1 width=8)
	  ->  Bitmap Heap Scan on sbtest6  (cost=30.17..3686.25 rows=950 width=4)
	        Recheck Cond: ((id >= 5202873) AND (id <= 5203872))
	        ->  Bitmap Index Scan on sbtest6_pkey  (cost=0.00..29.93 rows=950 width=0)
	              Index Cond: ((id >= 5202873) AND (id <= 5203872))

table 7 : explain SELECT SUM(k) FROM sbtest7 WHERE id BETWEEN 9961354 AND 9962353
	Aggregate  (cost=3687.51..3687.52 rows=1 width=8)
	  ->  Bitmap Heap Scan on sbtest7  (cost=30.16..3685.14 rows=949 width=4)
	        Recheck Cond: ((id >= 9961354) AND (id <= 9962353))
	        ->  Bitmap Index Scan on sbtest7_pkey  (cost=0.00..29.93 rows=949 width=0)
	              Index Cond: ((id >= 9961354) AND (id <= 9962353))

table 8 : explain SELECT SUM(k) FROM sbtest8 WHERE id BETWEEN 7642273 AND 7643272
	Aggregate  (cost=3741.94..3741.95 rows=1 width=8)
	  ->  Bitmap Heap Scan on sbtest8  (cost=30.32..3739.53 rows=964 width=4)
	        Recheck Cond: ((id >= 7642273) AND (id <= 7643272))
	        ->  Bitmap Index Scan on sbtest8_pkey  (cost=0.00..30.07 rows=964 width=0)
	              Index Cond: ((id >= 7642273) AND (id <= 7643272))

for: simple_ranges
table 1 : explain SELECT c FROM sbtest1 WHERE id BETWEEN 8950661 AND 8951660
	Bitmap Heap Scan on sbtest1  (cost=30.94..3965.47 rows=1025 width=121)
	  Recheck Cond: ((id >= 8950661) AND (id <= 8951660))
	  ->  Bitmap Index Scan on sbtest1_pkey  (cost=0.00..30.68 rows=1025 width=0)
	        Index Cond: ((id >= 8950661) AND (id <= 8951660))

table 2 : explain SELECT c FROM sbtest2 WHERE id BETWEEN 8208156 AND 8209155
	Bitmap Heap Scan on sbtest2  (cost=30.54..3819.90 rows=986 width=121)
	  Recheck Cond: ((id >= 8208156) AND (id <= 8209155))
	  ->  Bitmap Index Scan on sbtest2_pkey  (cost=0.00..30.29 rows=986 width=0)
	        Index Cond: ((id >= 8208156) AND (id <= 8209155))

table 3 : explain SELECT c FROM sbtest3 WHERE id BETWEEN 2679984 AND 2680983
	Bitmap Heap Scan on sbtest3  (cost=30.35..3748.72 rows=967 width=121)
	  Recheck Cond: ((id >= 2679984) AND (id <= 2680983))
	  ->  Bitmap Index Scan on sbtest3_pkey  (cost=0.00..30.11 rows=967 width=0)
	        Index Cond: ((id >= 2679984) AND (id <= 2680983))

table 4 : explain SELECT c FROM sbtest4 WHERE id BETWEEN 7647009 AND 7648008
	Bitmap Heap Scan on sbtest4  (cost=30.20..3695.78 rows=953 width=121)
	  Recheck Cond: ((id >= 7647009) AND (id <= 7648008))
	  ->  Bitmap Index Scan on sbtest4_pkey  (cost=0.00..29.96 rows=953 width=0)
	        Index Cond: ((id >= 7647009) AND (id <= 7648008))

table 5 : explain SELECT c FROM sbtest5 WHERE id BETWEEN 6421912 AND 6422911
	Bitmap Heap Scan on sbtest5  (cost=30.96..3980.01 rows=1027 width=121)
	  Recheck Cond: ((id >= 6421912) AND (id <= 6422911))
	  ->  Bitmap Index Scan on sbtest5_pkey  (cost=0.00..30.70 rows=1027 width=0)
	        Index Cond: ((id >= 6421912) AND (id <= 6422911))

table 6 : explain SELECT c FROM sbtest6 WHERE id BETWEEN 5850504 AND 5851503
	Bitmap Heap Scan on sbtest6  (cost=30.58..3837.41 rows=990 width=121)
	  Recheck Cond: ((id >= 5850504) AND (id <= 5851503))
	  ->  Bitmap Index Scan on sbtest6_pkey  (cost=0.00..30.33 rows=990 width=0)
	        Index Cond: ((id >= 5850504) AND (id <= 5851503))

table 7 : explain SELECT c FROM sbtest7 WHERE id BETWEEN 5649147 AND 5650146
	Bitmap Heap Scan on sbtest7  (cost=35.89..4327.21 rows=1118 width=121)
	  Recheck Cond: ((id >= 5649147) AND (id <= 5650146))
	  ->  Bitmap Index Scan on sbtest7_pkey  (cost=0.00..35.62 rows=1118 width=0)
	        Index Cond: ((id >= 5649147) AND (id <= 5650146))

table 8 : explain SELECT c FROM sbtest8 WHERE id BETWEEN 4654983 AND 4655982
	Bitmap Heap Scan on sbtest8  (cost=30.16..3682.81 rows=949 width=121)
	  Recheck Cond: ((id >= 4654983) AND (id <= 4655982))
	  ->  Bitmap Index Scan on sbtest8_pkey  (cost=0.00..29.93 rows=949 width=0)
	        Index Cond: ((id >= 4654983) AND (id <= 4655982))

for: simple_ranges
table 1 : explain SELECT c FROM sbtest1 WHERE id BETWEEN 4030991 AND 4031990
	Bitmap Heap Scan on sbtest1  (cost=30.44..3780.77 rows=976 width=121)
	  Recheck Cond: ((id >= 4030991) AND (id <= 4031990))
	  ->  Bitmap Index Scan on sbtest1_pkey  (cost=0.00..30.19 rows=976 width=0)
	        Index Cond: ((id >= 4030991) AND (id <= 4031990))

table 2 : explain SELECT c FROM sbtest2 WHERE id BETWEEN 2728510 AND 2729509
	Bitmap Heap Scan on sbtest2  (cost=30.89..3948.12 rows=1020 width=121)
	  Recheck Cond: ((id >= 2728510) AND (id <= 2729509))
	  ->  Bitmap Index Scan on sbtest2_pkey  (cost=0.00..30.64 rows=1020 width=0)
	        Index Cond: ((id >= 2728510) AND (id <= 2729509))

table 3 : explain SELECT c FROM sbtest3 WHERE id BETWEEN 2451477 AND 2452476
	Bitmap Heap Scan on sbtest3  (cost=30.81..3918.53 rows=1012 width=121)
	  Recheck Cond: ((id >= 2451477) AND (id <= 2452476))
	  ->  Bitmap Index Scan on sbtest3_pkey  (cost=0.00..30.55 rows=1012 width=0)
	        Index Cond: ((id >= 2451477) AND (id <= 2452476))

table 4 : explain SELECT c FROM sbtest4 WHERE id BETWEEN 3722017 AND 3723016
	Bitmap Heap Scan on sbtest4  (cost=31.04..4005.17 rows=1035 width=121)
	  Recheck Cond: ((id >= 3722017) AND (id <= 3723016))
	  ->  Bitmap Index Scan on sbtest4_pkey  (cost=0.00..30.79 rows=1035 width=0)
	        Index Cond: ((id >= 3722017) AND (id <= 3723016))

table 5 : explain SELECT c FROM sbtest5 WHERE id BETWEEN 4868447 AND 4869446
	Bitmap Heap Scan on sbtest5  (cost=30.22..3707.80 rows=955 width=121)
	  Recheck Cond: ((id >= 4868447) AND (id <= 4869446))
	  ->  Bitmap Index Scan on sbtest5_pkey  (cost=0.00..29.98 rows=955 width=0)
	        Index Cond: ((id >= 4868447) AND (id <= 4869446))

table 6 : explain SELECT c FROM sbtest6 WHERE id BETWEEN 8497743 AND 8498742
	Bitmap Heap Scan on sbtest6  (cost=31.60..4210.68 rows=1089 width=121)
	  Recheck Cond: ((id >= 8497743) AND (id <= 8498742))
	  ->  Bitmap Index Scan on sbtest6_pkey  (cost=0.00..31.32 rows=1089 width=0)
	        Index Cond: ((id >= 8497743) AND (id <= 8498742))

table 7 : explain SELECT c FROM sbtest7 WHERE id BETWEEN 531507 AND 532506
	Bitmap Heap Scan on sbtest7  (cost=30.85..3938.52 rows=1016 width=121)
	  Recheck Cond: ((id >= 531507) AND (id <= 532506))
	  ->  Bitmap Index Scan on sbtest7_pkey  (cost=0.00..30.59 rows=1016 width=0)
	        Index Cond: ((id >= 531507) AND (id <= 532506))

table 8 : explain SELECT c FROM sbtest8 WHERE id BETWEEN 7470249 AND 7471248
	Bitmap Heap Scan on sbtest8  (cost=30.75..3898.19 rows=1006 width=121)
	  Recheck Cond: ((id >= 7470249) AND (id <= 7471248))
	  ->  Bitmap Index Scan on sbtest8_pkey  (cost=0.00..30.50 rows=1006 width=0)
	        Index Cond: ((id >= 7470249) AND (id <= 7471248))

for point_selects
table 1 : explain SELECT c FROM sbtest1 WHERE id=3295205
	Index Scan using sbtest1_pkey on sbtest1  (cost=0.43..8.45 rows=1 width=121)
	  Index Cond: (id = 3295205)

table 2 : explain SELECT c FROM sbtest2 WHERE id=5267239
	Index Scan using sbtest2_pkey on sbtest2  (cost=0.43..8.45 rows=1 width=121)
	  Index Cond: (id = 5267239)

table 3 : explain SELECT c FROM sbtest3 WHERE id=8878062
	Index Scan using sbtest3_pkey on sbtest3  (cost=0.43..8.45 rows=1 width=121)
	  Index Cond: (id = 8878062)

table 4 : explain SELECT c FROM sbtest4 WHERE id=7783775
	Index Scan using sbtest4_pkey on sbtest4  (cost=0.43..8.45 rows=1 width=121)
	  Index Cond: (id = 7783775)

table 5 : explain SELECT c FROM sbtest5 WHERE id=8859663
	Index Scan using sbtest5_pkey on sbtest5  (cost=0.43..8.45 rows=1 width=121)
	  Index Cond: (id = 8859663)

table 6 : explain SELECT c FROM sbtest6 WHERE id=392840
	Index Scan using sbtest6_pkey on sbtest6  (cost=0.43..8.45 rows=1 width=121)
	  Index Cond: (id = 392840)

table 7 : explain SELECT c FROM sbtest7 WHERE id=2887100
	Index Scan using sbtest7_pkey on sbtest7  (cost=0.43..8.45 rows=1 width=121)
	  Index Cond: (id = 2887100)

table 8 : explain SELECT c FROM sbtest8 WHERE id=9141717
	Index Scan using sbtest8_pkey on sbtest8  (cost=0.43..8.45 rows=1 width=121)
	  Index Cond: (id = 9141717)

for: sum_ranges
table 1 : explain SELECT SUM(k) FROM sbtest1 WHERE id BETWEEN 8861957 AND 8862956
	Aggregate  (cost=3734.12..3734.13 rows=1 width=8)
	  ->  Bitmap Heap Scan on sbtest1  (cost=30.31..3731.72 rows=963 width=4)
	        Recheck Cond: ((id >= 8861957) AND (id <= 8862956))
	        ->  Bitmap Index Scan on sbtest1_pkey  (cost=0.00..30.07 rows=963 width=0)
	              Index Cond: ((id >= 8861957) AND (id <= 8862956))

table 2 : explain SELECT SUM(k) FROM sbtest2 WHERE id BETWEEN 4896031 AND 4897030
	Aggregate  (cost=3845.02..3845.03 rows=1 width=8)
	  ->  Bitmap Heap Scan on sbtest2  (cost=30.60..3842.54 rows=992 width=4)
	        Recheck Cond: ((id >= 4896031) AND (id <= 4897030))
	        ->  Bitmap Index Scan on sbtest2_pkey  (cost=0.00..30.36 rows=992 width=0)
	              Index Cond: ((id >= 4896031) AND (id <= 4897030))

table 3 : explain SELECT SUM(k) FROM sbtest3 WHERE id BETWEEN 8480796 AND 8481795
	Aggregate  (cost=3758.69..3758.70 rows=1 width=8)
	  ->  Bitmap Heap Scan on sbtest3  (cost=30.37..3756.27 rows=969 width=4)
	        Recheck Cond: ((id >= 8480796) AND (id <= 8481795))
	        ->  Bitmap Index Scan on sbtest3_pkey  (cost=0.00..30.12 rows=969 width=0)
	              Index Cond: ((id >= 8480796) AND (id <= 8481795))

table 4 : explain SELECT SUM(k) FROM sbtest4 WHERE id BETWEEN 8545974 AND 8546973
	Aggregate  (cost=3932.32..3932.33 rows=1 width=8)
	  ->  Bitmap Heap Scan on sbtest4  (cost=30.84..3929.79 rows=1015 width=4)
	        Recheck Cond: ((id >= 8545974) AND (id <= 8546973))
	        ->  Bitmap Index Scan on sbtest4_pkey  (cost=0.00..30.58 rows=1015 width=0)
	              Index Cond: ((id >= 8545974) AND (id <= 8546973))

table 5 : explain SELECT SUM(k) FROM sbtest5 WHERE id BETWEEN 1564986 AND 1565985
	Aggregate  (cost=3804.84..3804.85 rows=1 width=8)
	  ->  Bitmap Heap Scan on sbtest5  (cost=30.48..3802.39 rows=980 width=4)
	        Recheck Cond: ((id >= 1564986) AND (id <= 1565985))
	        ->  Bitmap Index Scan on sbtest5_pkey  (cost=0.00..30.23 rows=980 width=0)
	              Index Cond: ((id >= 1564986) AND (id <= 1565985))

table 6 : explain SELECT SUM(k) FROM sbtest6 WHERE id BETWEEN 6187680 AND 6188679
	Aggregate  (cost=3858.78..3858.79 rows=1 width=8)
	  ->  Bitmap Heap Scan on sbtest6  (cost=30.63..3856.29 rows=995 width=4)
	        Recheck Cond: ((id >= 6187680) AND (id <= 6188679))
	        ->  Bitmap Index Scan on sbtest6_pkey  (cost=0.00..30.39 rows=995 width=0)
	              Index Cond: ((id >= 6187680) AND (id <= 6188679))

table 7 : explain SELECT SUM(k) FROM sbtest7 WHERE id BETWEEN 2930268 AND 2931267
	Aggregate  (cost=4258.16..4258.17 rows=1 width=8)
	  ->  Bitmap Heap Scan on sbtest7  (cost=31.71..4255.41 rows=1100 width=4)
	        Recheck Cond: ((id >= 2930268) AND (id <= 2931267))
	        ->  Bitmap Index Scan on sbtest7_pkey  (cost=0.00..31.43 rows=1100 width=0)
	              Index Cond: ((id >= 2930268) AND (id <= 2931267))

table 8 : explain SELECT SUM(k) FROM sbtest8 WHERE id BETWEEN 5906792 AND 5907791
	Aggregate  (cost=4044.16..4044.17 rows=1 width=8)
	  ->  Bitmap Heap Scan on sbtest8  (cost=31.14..4041.55 rows=1044 width=4)
	        Recheck Cond: ((id >= 5906792) AND (id <= 5907791))
	        ->  Bitmap Index Scan on sbtest8_pkey  (cost=0.00..30.87 rows=1044 width=0)
	              Index Cond: ((id >= 5906792) AND (id <= 5907791))

for: simple_ranges
table 1 : explain SELECT c FROM sbtest1 WHERE id BETWEEN 6167690 AND 6168689
	Bitmap Heap Scan on sbtest1  (cost=30.96..3973.00 rows=1027 width=121)
	  Recheck Cond: ((id >= 6167690) AND (id <= 6168689))
	  ->  Bitmap Index Scan on sbtest1_pkey  (cost=0.00..30.70 rows=1027 width=0)
	        Index Cond: ((id >= 6167690) AND (id <= 6168689))

table 2 : explain SELECT c FROM sbtest2 WHERE id BETWEEN 7683056 AND 7684055
	Bitmap Heap Scan on sbtest2  (cost=30.14..3672.64 rows=947 width=121)
	  Recheck Cond: ((id >= 7683056) AND (id <= 7684055))
	  ->  Bitmap Index Scan on sbtest2_pkey  (cost=0.00..29.90 rows=947 width=0)
	        Index Cond: ((id >= 7683056) AND (id <= 7684055))

table 3 : explain SELECT c FROM sbtest3 WHERE id BETWEEN 9421544 AND 9422543
	Bitmap Heap Scan on sbtest3  (cost=30.89..3948.70 rows=1020 width=121)
	  Recheck Cond: ((id >= 9421544) AND (id <= 9422543))
	  ->  Bitmap Index Scan on sbtest3_pkey  (cost=0.00..30.64 rows=1020 width=0)
	        Index Cond: ((id >= 9421544) AND (id <= 9422543))

table 4 : explain SELECT c FROM sbtest4 WHERE id BETWEEN 9384352 AND 9385351
	Bitmap Heap Scan on sbtest4  (cost=32.00..4351.32 rows=1128 width=121)
	  Recheck Cond: ((id >= 9384352) AND (id <= 9385351))
	  ->  Bitmap Index Scan on sbtest4_pkey  (cost=0.00..31.71 rows=1128 width=0)
	        Index Cond: ((id >= 9384352) AND (id <= 9385351))

table 5 : explain SELECT c FROM sbtest5 WHERE id BETWEEN 7863059 AND 7864058
	Bitmap Heap Scan on sbtest5  (cost=30.17..3688.88 rows=950 width=121)
	  Recheck Cond: ((id >= 7863059) AND (id <= 7864058))
	  ->  Bitmap Index Scan on sbtest5_pkey  (cost=0.00..29.93 rows=950 width=0)
	        Index Cond: ((id >= 7863059) AND (id <= 7864058))

table 6 : explain SELECT c FROM sbtest6 WHERE id BETWEEN 5237461 AND 5238460
	Bitmap Heap Scan on sbtest6  (cost=30.17..3686.25 rows=950 width=121)
	  Recheck Cond: ((id >= 5237461) AND (id <= 5238460))
	  ->  Bitmap Index Scan on sbtest6_pkey  (cost=0.00..29.93 rows=950 width=0)
	        Index Cond: ((id >= 5237461) AND (id <= 5238460))

table 7 : explain SELECT c FROM sbtest7 WHERE id BETWEEN 4524528 AND 4525527
	Bitmap Heap Scan on sbtest7  (cost=31.78..4281.78 rows=1107 width=121)
	  Recheck Cond: ((id >= 4524528) AND (id <= 4525527))
	  ->  Bitmap Index Scan on sbtest7_pkey  (cost=0.00..31.50 rows=1107 width=0)
	        Index Cond: ((id >= 4524528) AND (id <= 4525527))

table 8 : explain SELECT c FROM sbtest8 WHERE id BETWEEN 5305580 AND 5306579
	Bitmap Heap Scan on sbtest8  (cost=31.25..4083.02 rows=1055 width=121)
	  Recheck Cond: ((id >= 5305580) AND (id <= 5306579))
	  ->  Bitmap Index Scan on sbtest8_pkey  (cost=0.00..30.98 rows=1055 width=0)
	        Index Cond: ((id >= 5305580) AND (id <= 5306579))

for: sum_ranges
table 1 : explain SELECT SUM(k) FROM sbtest1 WHERE id BETWEEN 6506803 AND 6507802
	Aggregate  (cost=3609.42..3609.43 rows=1 width=8)
	  ->  Bitmap Heap Scan on sbtest1  (cost=29.97..3607.10 rows=930 width=4)
	        Recheck Cond: ((id >= 6506803) AND (id <= 6507802))
	        ->  Bitmap Index Scan on sbtest1_pkey  (cost=0.00..29.73 rows=930 width=0)
	              Index Cond: ((id >= 6506803) AND (id <= 6507802))

table 2 : explain SELECT SUM(k) FROM sbtest2 WHERE id BETWEEN 881619 AND 882618
	Aggregate  (cost=3678.79..3678.80 rows=1 width=8)
	  ->  Bitmap Heap Scan on sbtest2  (cost=30.15..3676.42 rows=948 width=4)
	        Recheck Cond: ((id >= 881619) AND (id <= 882618))
	        ->  Bitmap Index Scan on sbtest2_pkey  (cost=0.00..29.91 rows=948 width=0)
	              Index Cond: ((id >= 881619) AND (id <= 882618))

table 3 : explain SELECT SUM(k) FROM sbtest3 WHERE id BETWEEN 831722 AND 832721
	Aggregate  (cost=4026.67..4026.68 rows=1 width=8)
	  ->  Bitmap Heap Scan on sbtest3  (cost=31.09..4024.07 rows=1040 width=4)
	        Recheck Cond: ((id >= 831722) AND (id <= 832721))
	        ->  Bitmap Index Scan on sbtest3_pkey  (cost=0.00..30.83 rows=1040 width=0)
	              Index Cond: ((id >= 831722) AND (id <= 832721))

table 4 : explain SELECT SUM(k) FROM sbtest4 WHERE id BETWEEN 6627276 AND 6628275
	Aggregate  (cost=3440.55..3440.56 rows=1 width=8)
	  ->  Bitmap Heap Scan on sbtest4  (cost=25.52..3438.33 rows=886 width=4)
	        Recheck Cond: ((id >= 6627276) AND (id <= 6628275))
	        ->  Bitmap Index Scan on sbtest4_pkey  (cost=0.00..25.29 rows=886 width=0)
	              Index Cond: ((id >= 6627276) AND (id <= 6628275))

table 5 : explain SELECT SUM(k) FROM sbtest5 WHERE id BETWEEN 5663173 AND 5664172
	Aggregate  (cost=3929.66..3929.67 rows=1 width=8)
	  ->  Bitmap Heap Scan on sbtest5  (cost=30.82..3927.13 rows=1013 width=4)
	        Recheck Cond: ((id >= 5663173) AND (id <= 5664172))
	        ->  Bitmap Index Scan on sbtest5_pkey  (cost=0.00..30.57 rows=1013 width=0)
	              Index Cond: ((id >= 5663173) AND (id <= 5664172))

table 6 : explain SELECT SUM(k) FROM sbtest6 WHERE id BETWEEN 8668714 AND 8669713
	Aggregate  (cost=4138.04..4138.05 rows=1 width=8)
	  ->  Bitmap Heap Scan on sbtest6  (cost=31.39..4135.37 rows=1069 width=4)
	        Recheck Cond: ((id >= 8668714) AND (id <= 8669713))
	        ->  Bitmap Index Scan on sbtest6_pkey  (cost=0.00..31.12 rows=1069 width=0)
	              Index Cond: ((id >= 8668714) AND (id <= 8669713))

table 7 : explain SELECT SUM(k) FROM sbtest7 WHERE id BETWEEN 7969657 AND 7970656
	Aggregate  (cost=3683.73..3683.74 rows=1 width=8)
	  ->  Bitmap Heap Scan on sbtest7  (cost=30.15..3681.36 rows=948 width=4)
	        Recheck Cond: ((id >= 7969657) AND (id <= 7970656))
	        ->  Bitmap Index Scan on sbtest7_pkey  (cost=0.00..29.91 rows=948 width=0)
	              Index Cond: ((id >= 7969657) AND (id <= 7970656))

table 8 : explain SELECT SUM(k) FROM sbtest8 WHERE id BETWEEN 1690986 AND 1691985
	Aggregate  (cost=3915.81..3915.82 rows=1 width=8)
	  ->  Bitmap Heap Scan on sbtest8  (cost=30.79..3913.29 rows=1010 width=4)
	        Recheck Cond: ((id >= 1690986) AND (id <= 1691985))
	        ->  Bitmap Index Scan on sbtest8_pkey  (cost=0.00..30.54 rows=1010 width=0)
	              Index Cond: ((id >= 1690986) AND (id <= 1691985))

for: order_ranges
table 1 : explain SELECT c FROM sbtest1 WHERE id BETWEEN 6256349 AND 6257348 ORDER BY c
	Sort  (cost=3741.13..3743.51 rows=953 width=121)
	  Sort Key: c
	  ->  Bitmap Heap Scan on sbtest1  (cost=30.20..3693.97 rows=953 width=121)
	        Recheck Cond: ((id >= 6256349) AND (id <= 6257348))
	        ->  Bitmap Index Scan on sbtest1_pkey  (cost=0.00..29.96 rows=953 width=0)
	              Index Cond: ((id >= 6256349) AND (id <= 6257348))

table 2 : explain SELECT c FROM sbtest2 WHERE id BETWEEN 6059714 AND 6060713 ORDER BY c
	Sort  (cost=4071.77..4074.37 rows=1039 width=121)
	  Sort Key: c
	  ->  Bitmap Heap Scan on sbtest2  (cost=31.08..4019.71 rows=1039 width=121)
	        Recheck Cond: ((id >= 6059714) AND (id <= 6060713))
	        ->  Bitmap Index Scan on sbtest2_pkey  (cost=0.00..30.82 rows=1039 width=0)
	              Index Cond: ((id >= 6059714) AND (id <= 6060713))

table 3 : explain SELECT c FROM sbtest3 WHERE id BETWEEN 285103 AND 286102 ORDER BY c
	Sort  (cost=3873.31..3875.78 rows=987 width=121)
	  Sort Key: c
	  ->  Bitmap Heap Scan on sbtest3  (cost=30.55..3824.22 rows=987 width=121)
	        Recheck Cond: ((id >= 285103) AND (id <= 286102))
	        ->  Bitmap Index Scan on sbtest3_pkey  (cost=0.00..30.30 rows=987 width=0)
	              Index Cond: ((id >= 285103) AND (id <= 286102))

table 4 : explain SELECT c FROM sbtest4 WHERE id BETWEEN 8462658 AND 8463657 ORDER BY c
	Sort  (cost=3746.77..3749.15 rows=954 width=121)
	  Sort Key: c
	  ->  Bitmap Heap Scan on sbtest4  (cost=30.21..3699.55 rows=954 width=121)
	        Recheck Cond: ((id >= 8462658) AND (id <= 8463657))
	        ->  Bitmap Index Scan on sbtest4_pkey  (cost=0.00..29.97 rows=954 width=0)
	              Index Cond: ((id >= 8462658) AND (id <= 8463657))

table 5 : explain SELECT c FROM sbtest5 WHERE id BETWEEN 6343924 AND 6344923 ORDER BY c
	Sort  (cost=4253.53..4256.24 rows=1085 width=121)
	  Sort Key: c
	  ->  Bitmap Heap Scan on sbtest5  (cost=31.56..4198.82 rows=1085 width=121)
	        Recheck Cond: ((id >= 6343924) AND (id <= 6344923))
	        ->  Bitmap Index Scan on sbtest5_pkey  (cost=0.00..31.29 rows=1085 width=0)
	              Index Cond: ((id >= 6343924) AND (id <= 6344923))

table 6 : explain SELECT c FROM sbtest6 WHERE id BETWEEN 1949798 AND 1950797 ORDER BY c
	Sort  (cost=3702.53..3704.88 rows=942 width=121)
	  Sort Key: c
	  ->  Bitmap Heap Scan on sbtest6  (cost=30.09..3655.99 rows=942 width=121)
	        Recheck Cond: ((id >= 1949798) AND (id <= 1950797))
	        ->  Bitmap Index Scan on sbtest6_pkey  (cost=0.00..29.86 rows=942 width=0)
	              Index Cond: ((id >= 1949798) AND (id <= 1950797))

table 7 : explain SELECT c FROM sbtest7 WHERE id BETWEEN 5030499 AND 5031498 ORDER BY c
	Sort  (cost=3916.38..3918.87 rows=997 width=121)
	  Sort Key: c
	  ->  Bitmap Heap Scan on sbtest7  (cost=30.65..3866.72 rows=997 width=121)
	        Recheck Cond: ((id >= 5030499) AND (id <= 5031498))
	        ->  Bitmap Index Scan on sbtest7_pkey  (cost=0.00..30.40 rows=997 width=0)
	              Index Cond: ((id >= 5030499) AND (id <= 5031498))

table 8 : explain SELECT c FROM sbtest8 WHERE id BETWEEN 6559176 AND 6560175 ORDER BY c
	Sort  (cost=3818.00..3820.43 rows=972 width=121)
	  Sort Key: c
	  ->  Bitmap Heap Scan on sbtest8  (cost=30.40..3769.77 rows=972 width=121)
	        Recheck Cond: ((id >= 6559176) AND (id <= 6560175))
	        ->  Bitmap Index Scan on sbtest8_pkey  (cost=0.00..30.15 rows=972 width=0)
	              Index Cond: ((id >= 6559176) AND (id <= 6560175))

for: sum_ranges
table 1 : explain SELECT SUM(k) FROM sbtest1 WHERE id BETWEEN 7848368 AND 7849367
	Aggregate  (cost=3968.03..3968.04 rows=1 width=8)
	  ->  Bitmap Heap Scan on sbtest1  (cost=30.94..3965.47 rows=1025 width=4)
	        Recheck Cond: ((id >= 7848368) AND (id <= 7849367))
	        ->  Bitmap Index Scan on sbtest1_pkey  (cost=0.00..30.68 rows=1025 width=0)
	              Index Cond: ((id >= 7848368) AND (id <= 7849367))

table 2 : explain SELECT SUM(k) FROM sbtest2 WHERE id BETWEEN 2740651 AND 2741650
	Aggregate  (cost=3950.67..3950.68 rows=1 width=8)
	  ->  Bitmap Heap Scan on sbtest2  (cost=30.89..3948.12 rows=1020 width=4)
	        Recheck Cond: ((id >= 2740651) AND (id <= 2741650))
	        ->  Bitmap Index Scan on sbtest2_pkey  (cost=0.00..30.64 rows=1020 width=0)
	              Index Cond: ((id >= 2740651) AND (id <= 2741650))

table 3 : explain SELECT SUM(k) FROM sbtest3 WHERE id BETWEEN 411794 AND 412793
	Aggregate  (cost=4169.84..4169.85 rows=1 width=8)
	  ->  Bitmap Heap Scan on sbtest3  (cost=31.48..4167.14 rows=1078 width=4)
	        Recheck Cond: ((id >= 411794) AND (id <= 412793))
	        ->  Bitmap Index Scan on sbtest3_pkey  (cost=0.00..31.21 rows=1078 width=0)
	              Index Cond: ((id >= 411794) AND (id <= 412793))

table 4 : explain SELECT SUM(k) FROM sbtest4 WHERE id BETWEEN 1586364 AND 1587363
	Aggregate  (cost=3830.41..3830.42 rows=1 width=8)
	  ->  Bitmap Heap Scan on sbtest4  (cost=30.56..3827.94 rows=988 width=4)
	        Recheck Cond: ((id >= 1586364) AND (id <= 1587363))
	        ->  Bitmap Index Scan on sbtest4_pkey  (cost=0.00..30.32 rows=988 width=0)
	              Index Cond: ((id >= 1586364) AND (id <= 1587363))

table 5 : explain SELECT SUM(k) FROM sbtest5 WHERE id BETWEEN 5929050 AND 5930049
	Aggregate  (cost=3600.30..3600.31 rows=1 width=8)
	  ->  Bitmap Heap Scan on sbtest5  (cost=29.93..3597.98 rows=926 width=4)
	        Recheck Cond: ((id >= 5929050) AND (id <= 5930049))
	        ->  Bitmap Index Scan on sbtest5_pkey  (cost=0.00..29.69 rows=926 width=0)
	              Index Cond: ((id >= 5929050) AND (id <= 5930049))

table 6 : explain SELECT SUM(k) FROM sbtest6 WHERE id BETWEEN 8056246 AND 8057245
	Aggregate  (cost=3820.99..3821.00 rows=1 width=8)
	  ->  Bitmap Heap Scan on sbtest6  (cost=30.53..3818.53 rows=985 width=4)
	        Recheck Cond: ((id >= 8056246) AND (id <= 8057245))
	        ->  Bitmap Index Scan on sbtest6_pkey  (cost=0.00..30.29 rows=985 width=0)
	              Index Cond: ((id >= 8056246) AND (id <= 8057245))

table 7 : explain SELECT SUM(k) FROM sbtest7 WHERE id BETWEEN 3028472 AND 3029471
	Aggregate  (cost=3729.18..3729.19 rows=1 width=8)
	  ->  Bitmap Heap Scan on sbtest7  (cost=30.27..3726.78 rows=960 width=4)
	        Recheck Cond: ((id >= 3028472) AND (id <= 3029471))
	        ->  Bitmap Index Scan on sbtest7_pkey  (cost=0.00..30.04 rows=960 width=0)
	              Index Cond: ((id >= 3028472) AND (id <= 3029471))

table 8 : explain SELECT SUM(k) FROM sbtest8 WHERE id BETWEEN 2190000 AND 2190999
	Aggregate  (cost=4206.28..4206.29 rows=1 width=8)
	  ->  Bitmap Heap Scan on sbtest8  (cost=31.58..4203.57 rows=1087 width=4)
	        Recheck Cond: ((id >= 2190000) AND (id <= 2190999))
	        ->  Bitmap Index Scan on sbtest8_pkey  (cost=0.00..31.30 rows=1087 width=0)
	              Index Cond: ((id >= 2190000) AND (id <= 2190999))

for: distinct_ranges
table 1 : explain SELECT DISTINCT c FROM sbtest1 WHERE id BETWEEN 5927977 AND 5928976 ORDER BY c
	Unique  (cost=3901.97..3906.94 rows=995 width=121)
	  ->  Sort  (cost=3901.97..3904.46 rows=995 width=121)
	        Sort Key: c
	        ->  Bitmap Heap Scan on sbtest1  (cost=30.63..3852.42 rows=995 width=121)
	              Recheck Cond: ((id >= 5927977) AND (id <= 5928976))
	              ->  Bitmap Index Scan on sbtest1_pkey  (cost=0.00..30.39 rows=995 width=0)
	                    Index Cond: ((id >= 5927977) AND (id <= 5928976))

table 2 : explain SELECT DISTINCT c FROM sbtest2 WHERE id BETWEEN 4876993 AND 4877992 ORDER BY c
	Unique  (cost=3842.12..3847.01 rows=979 width=121)
	  ->  Sort  (cost=3842.12..3844.57 rows=979 width=121)
	        Sort Key: c
	        ->  Bitmap Heap Scan on sbtest2  (cost=30.47..3793.49 rows=979 width=121)
	              Recheck Cond: ((id >= 4876993) AND (id <= 4877992))
	              ->  Bitmap Index Scan on sbtest2_pkey  (cost=0.00..30.22 rows=979 width=0)
	                    Index Cond: ((id >= 4876993) AND (id <= 4877992))

table 3 : explain SELECT DISTINCT c FROM sbtest3 WHERE id BETWEEN 3529649 AND 3530648 ORDER BY c
	Unique  (cost=4053.24..4058.41 rows=1034 width=121)
	  ->  Sort  (cost=4053.24..4055.82 rows=1034 width=121)
	        Sort Key: c
	        ->  Bitmap Heap Scan on sbtest3  (cost=31.03..4001.46 rows=1034 width=121)
	              Recheck Cond: ((id >= 3529649) AND (id <= 3530648))
	              ->  Bitmap Index Scan on sbtest3_pkey  (cost=0.00..30.77 rows=1034 width=0)
	                    Index Cond: ((id >= 3529649) AND (id <= 3530648))

table 4 : explain SELECT DISTINCT c FROM sbtest4 WHERE id BETWEEN 8088442 AND 8089441 ORDER BY c
	Unique  (cost=3773.61..3778.41 rows=961 width=121)
	  ->  Sort  (cost=3773.61..3776.01 rows=961 width=121)
	        Sort Key: c
	        ->  Bitmap Heap Scan on sbtest4  (cost=30.29..3726.00 rows=961 width=121)
	              Recheck Cond: ((id >= 8088442) AND (id <= 8089441))
	              ->  Bitmap Index Scan on sbtest4_pkey  (cost=0.00..30.04 rows=961 width=0)
	                    Index Cond: ((id >= 8088442) AND (id <= 8089441))

table 5 : explain SELECT DISTINCT c FROM sbtest5 WHERE id BETWEEN 1036844 AND 1037843 ORDER BY c
	Unique  (cost=3766.60..3771.39 rows=958 width=121)
	  ->  Sort  (cost=3766.60..3768.99 rows=958 width=121)
	        Sort Key: c
	        ->  Bitmap Heap Scan on sbtest5  (cost=30.25..3719.16 rows=958 width=121)
	              Recheck Cond: ((id >= 1036844) AND (id <= 1037843))
	              ->  Bitmap Index Scan on sbtest5_pkey  (cost=0.00..30.01 rows=958 width=0)
	                    Index Cond: ((id >= 1036844) AND (id <= 1037843))

table 6 : explain SELECT DISTINCT c FROM sbtest6 WHERE id BETWEEN 4569669 AND 4570668 ORDER BY c
	Unique  (cost=3925.00..3930.00 rows=1000 width=121)
	  ->  Sort  (cost=3925.00..3927.50 rows=1000 width=121)
	        Sort Key: c
	        ->  Bitmap Heap Scan on sbtest6  (cost=30.68..3875.17 rows=1000 width=121)
	              Recheck Cond: ((id >= 4569669) AND (id <= 4570668))
	              ->  Bitmap Index Scan on sbtest6_pkey  (cost=0.00..30.43 rows=1000 width=0)
	                    Index Cond: ((id >= 4569669) AND (id <= 4570668))

table 7 : explain SELECT DISTINCT c FROM sbtest7 WHERE id BETWEEN 6590412 AND 6591411 ORDER BY c
	Unique  (cost=4422.05..4427.69 rows=1128 width=121)
	  ->  Sort  (cost=4422.05..4424.87 rows=1128 width=121)
	        Sort Key: c
	        ->  Bitmap Heap Scan on sbtest7  (cost=36.00..4364.86 rows=1128 width=121)
	              Recheck Cond: ((id >= 6590412) AND (id <= 6591411))
	              ->  Bitmap Index Scan on sbtest7_pkey  (cost=0.00..35.72 rows=1128 width=0)
	                    Index Cond: ((id >= 6590412) AND (id <= 6591411))

table 8 : explain SELECT DISTINCT c FROM sbtest8 WHERE id BETWEEN 9710524 AND 9711523 ORDER BY c
	Unique  (cost=4147.47..4152.76 rows=1058 width=121)
	  ->  Sort  (cost=4147.47..4150.12 rows=1058 width=121)
	        Sort Key: c
	        ->  Bitmap Heap Scan on sbtest8  (cost=31.28..4094.33 rows=1058 width=121)
	              Recheck Cond: ((id >= 9710524) AND (id <= 9711523))
	              ->  Bitmap Index Scan on sbtest8_pkey  (cost=0.00..31.01 rows=1058 width=0)
	                    Index Cond: ((id >= 9710524) AND (id <= 9711523))

for: sum_ranges
table 1 : explain SELECT SUM(k) FROM sbtest1 WHERE id BETWEEN 9181809 AND 9182808
	Aggregate  (cost=3870.00..3870.01 rows=1 width=8)
	  ->  Bitmap Heap Scan on sbtest1  (cost=30.67..3867.50 rows=999 width=4)
	        Recheck Cond: ((id >= 9181809) AND (id <= 9182808))
	        ->  Bitmap Index Scan on sbtest1_pkey  (cost=0.00..30.43 rows=999 width=0)
	              Index Cond: ((id >= 9181809) AND (id <= 9182808))

table 2 : explain SELECT SUM(k) FROM sbtest2 WHERE id BETWEEN 8368304 AND 8369303
	Aggregate  (cost=3652.32..3652.33 rows=1 width=8)
	  ->  Bitmap Heap Scan on sbtest2  (cost=30.08..3649.97 rows=941 width=4)
	        Recheck Cond: ((id >= 8368304) AND (id <= 8369303))
	        ->  Bitmap Index Scan on sbtest2_pkey  (cost=0.00..29.84 rows=941 width=0)
	              Index Cond: ((id >= 8368304) AND (id <= 8369303))

table 3 : explain SELECT SUM(k) FROM sbtest3 WHERE id BETWEEN 314841 AND 315840
	Aggregate  (cost=3853.12..3853.13 rows=1 width=8)
	  ->  Bitmap Heap Scan on sbtest3  (cost=30.62..3850.64 rows=994 width=4)
	        Recheck Cond: ((id >= 314841) AND (id <= 315840))
	        ->  Bitmap Index Scan on sbtest3_pkey  (cost=0.00..30.37 rows=994 width=0)
	              Index Cond: ((id >= 314841) AND (id <= 315840))

table 4 : explain SELECT SUM(k) FROM sbtest4 WHERE id BETWEEN 8147859 AND 8148858
	Aggregate  (cost=3728.40..3728.41 rows=1 width=8)
	  ->  Bitmap Heap Scan on sbtest4  (cost=30.29..3726.00 rows=961 width=4)
	        Recheck Cond: ((id >= 8147859) AND (id <= 8148858))
	        ->  Bitmap Index Scan on sbtest4_pkey  (cost=0.00..30.04 rows=961 width=0)
	              Index Cond: ((id >= 8147859) AND (id <= 8148858))

table 5 : explain SELECT SUM(k) FROM sbtest5 WHERE id BETWEEN 1016943 AND 1017942
	Aggregate  (cost=4167.58..4167.59 rows=1 width=8)
	  ->  Bitmap Heap Scan on sbtest5  (cost=31.46..4164.89 rows=1076 width=4)
	        Recheck Cond: ((id >= 1016943) AND (id <= 1017942))
	        ->  Bitmap Index Scan on sbtest5_pkey  (cost=0.00..31.19 rows=1076 width=0)
	              Index Cond: ((id >= 1016943) AND (id <= 1017942))

table 6 : explain SELECT SUM(k) FROM sbtest6 WHERE id BETWEEN 1717344 AND 1718343
	Aggregate  (cost=4145.58..4145.59 rows=1 width=8)
	  ->  Bitmap Heap Scan on sbtest6  (cost=31.41..4142.90 rows=1071 width=4)
	        Recheck Cond: ((id >= 1717344) AND (id <= 1718343))
	        ->  Bitmap Index Scan on sbtest6_pkey  (cost=0.00..31.14 rows=1071 width=0)
	              Index Cond: ((id >= 1717344) AND (id <= 1718343))

table 7 : explain SELECT SUM(k) FROM sbtest7 WHERE id BETWEEN 9173165 AND 9174164
	Aggregate  (cost=3888.12..3888.13 rows=1 width=8)
	  ->  Bitmap Heap Scan on sbtest7  (cost=30.71..3885.62 rows=1002 width=4)
	        Recheck Cond: ((id >= 9173165) AND (id <= 9174164))
	        ->  Bitmap Index Scan on sbtest7_pkey  (cost=0.00..30.45 rows=1002 width=0)
	              Index Cond: ((id >= 9173165) AND (id <= 9174164))

table 8 : explain SELECT SUM(k) FROM sbtest8 WHERE id BETWEEN 3815829 AND 3816828
	Aggregate  (cost=3851.59..3851.60 rows=1 width=8)
	  ->  Bitmap Heap Scan on sbtest8  (cost=30.61..3849.10 rows=993 width=4)
	        Recheck Cond: ((id >= 3815829) AND (id <= 3816828))
	        ->  Bitmap Index Scan on sbtest8_pkey  (cost=0.00..30.36 rows=993 width=0)
	              Index Cond: ((id >= 3815829) AND (id <= 3816828))

for: order_ranges
table 1 : explain SELECT c FROM sbtest1 WHERE id BETWEEN 3315819 AND 3316818 ORDER BY c
	Sort  (cost=4524.48..4527.37 rows=1158 width=121)
	  Sort Key: c
	  ->  Bitmap Heap Scan on sbtest1  (cost=36.30..4465.55 rows=1158 width=121)
	        Recheck Cond: ((id >= 3315819) AND (id <= 3316818))
	        ->  Bitmap Index Scan on sbtest1_pkey  (cost=0.00..36.02 rows=1158 width=0)
	              Index Cond: ((id >= 3315819) AND (id <= 3316818))

table 2 : explain SELECT c FROM sbtest2 WHERE id BETWEEN 923213 AND 924212 ORDER BY c
	Sort  (cost=3792.30..3794.72 rows=966 width=121)
	  Sort Key: c
	  ->  Bitmap Heap Scan on sbtest2  (cost=30.34..3744.41 rows=966 width=121)
	        Recheck Cond: ((id >= 923213) AND (id <= 924212))
	        ->  Bitmap Index Scan on sbtest2_pkey  (cost=0.00..30.09 rows=966 width=0)
	              Index Cond: ((id >= 923213) AND (id <= 924212))

table 3 : explain SELECT c FROM sbtest3 WHERE id BETWEEN 7915156 AND 7916155 ORDER BY c
	Sort  (cost=4282.55..4285.28 rows=1094 width=121)
	  Sort Key: c
	  ->  Bitmap Heap Scan on sbtest3  (cost=31.65..4227.33 rows=1094 width=121)
	        Recheck Cond: ((id >= 7915156) AND (id <= 7916155))
	        ->  Bitmap Index Scan on sbtest3_pkey  (cost=0.00..31.37 rows=1094 width=0)
	              Index Cond: ((id >= 7915156) AND (id <= 7916155))

table 4 : explain SELECT c FROM sbtest4 WHERE id BETWEEN 4594649 AND 4595648 ORDER BY c
	Sort  (cost=3857.93..3860.39 rows=983 width=121)
	  Sort Key: c
	  ->  Bitmap Heap Scan on sbtest4  (cost=30.51..3809.07 rows=983 width=121)
	        Recheck Cond: ((id >= 4594649) AND (id <= 4595648))
	        ->  Bitmap Index Scan on sbtest4_pkey  (cost=0.00..30.26 rows=983 width=0)
	              Index Cond: ((id >= 4594649) AND (id <= 4595648))

table 5 : explain SELECT c FROM sbtest5 WHERE id BETWEEN 6647366 AND 6648365 ORDER BY c
	Sort  (cost=4088.87..4091.47 rows=1042 width=121)
	  Sort Key: c
	  ->  Bitmap Heap Scan on sbtest5  (cost=31.12..4036.64 rows=1042 width=121)
	        Recheck Cond: ((id >= 6647366) AND (id <= 6648365))
	        ->  Bitmap Index Scan on sbtest5_pkey  (cost=0.00..30.86 rows=1042 width=0)
	              Index Cond: ((id >= 6647366) AND (id <= 6648365))

table 6 : explain SELECT c FROM sbtest6 WHERE id BETWEEN 1084918 AND 1085917 ORDER BY c
	Sort  (cost=3867.50..3869.96 rows=985 width=121)
	  Sort Key: c
	  ->  Bitmap Heap Scan on sbtest6  (cost=30.53..3818.53 rows=985 width=121)
	        Recheck Cond: ((id >= 1084918) AND (id <= 1085917))
	        ->  Bitmap Index Scan on sbtest6_pkey  (cost=0.00..30.29 rows=985 width=0)
	              Index Cond: ((id >= 1084918) AND (id <= 1085917))

table 7 : explain SELECT c FROM sbtest7 WHERE id BETWEEN 9039660 AND 9040659 ORDER BY c
	Sort  (cost=4023.77..4026.33 rows=1025 width=121)
	  Sort Key: c
	  ->  Bitmap Heap Scan on sbtest7  (cost=30.94..3972.51 rows=1025 width=121)
	        Recheck Cond: ((id >= 9039660) AND (id <= 9040659))
	        ->  Bitmap Index Scan on sbtest7_pkey  (cost=0.00..30.68 rows=1025 width=0)
	              Index Cond: ((id >= 9039660) AND (id <= 9040659))

table 8 : explain SELECT c FROM sbtest8 WHERE id BETWEEN 8752281 AND 8753280 ORDER BY c
	Sort  (cost=3633.73..3636.04 rows=924 width=121)
	  Sort Key: c
	  ->  Bitmap Heap Scan on sbtest8  (cost=29.91..3588.21 rows=924 width=121)
	        Recheck Cond: ((id >= 8752281) AND (id <= 8753280))
	        ->  Bitmap Index Scan on sbtest8_pkey  (cost=0.00..29.68 rows=924 width=0)
	              Index Cond: ((id >= 8752281) AND (id <= 8753280))

for point_selects
table 1 : explain SELECT c FROM sbtest1 WHERE id=8851544
	Index Scan using sbtest1_pkey on sbtest1  (cost=0.43..8.45 rows=1 width=121)
	  Index Cond: (id = 8851544)

table 2 : explain SELECT c FROM sbtest2 WHERE id=6884987
	Index Scan using sbtest2_pkey on sbtest2  (cost=0.43..8.45 rows=1 width=121)
	  Index Cond: (id = 6884987)

table 3 : explain SELECT c FROM sbtest3 WHERE id=2722876
	Index Scan using sbtest3_pkey on sbtest3  (cost=0.43..8.45 rows=1 width=121)
	  Index Cond: (id = 2722876)

table 4 : explain SELECT c FROM sbtest4 WHERE id=4469790
	Index Scan using sbtest4_pkey on sbtest4  (cost=0.43..8.45 rows=1 width=121)
	  Index Cond: (id = 4469790)

table 5 : explain SELECT c FROM sbtest5 WHERE id=5323529
	Index Scan using sbtest5_pkey on sbtest5  (cost=0.43..8.45 rows=1 width=121)
	  Index Cond: (id = 5323529)

table 6 : explain SELECT c FROM sbtest6 WHERE id=6047861
	Index Scan using sbtest6_pkey on sbtest6  (cost=0.43..8.45 rows=1 width=121)
	  Index Cond: (id = 6047861)

table 7 : explain SELECT c FROM sbtest7 WHERE id=6991544
	Index Scan using sbtest7_pkey on sbtest7  (cost=0.43..8.45 rows=1 width=121)
	  Index Cond: (id = 6991544)

table 8 : explain SELECT c FROM sbtest8 WHERE id=8536006
	Index Scan using sbtest8_pkey on sbtest8  (cost=0.43..8.45 rows=1 width=121)
	  Index Cond: (id = 8536006)

for: sum_ranges
table 1 : explain SELECT SUM(k) FROM sbtest1 WHERE id BETWEEN 606997 AND 607996
	Aggregate  (cost=3688.80..3688.81 rows=1 width=8)
	  ->  Bitmap Heap Scan on sbtest1  (cost=30.18..3686.42 rows=951 width=4)
	        Recheck Cond: ((id >= 606997) AND (id <= 607996))
	        ->  Bitmap Index Scan on sbtest1_pkey  (cost=0.00..29.94 rows=951 width=0)
	              Index Cond: ((id >= 606997) AND (id <= 607996))

table 2 : explain SELECT SUM(k) FROM sbtest2 WHERE id BETWEEN 8817542 AND 8818541
	Aggregate  (cost=3697.69..3697.70 rows=1 width=8)
	  ->  Bitmap Heap Scan on sbtest2  (cost=30.20..3695.31 rows=953 width=4)
	        Recheck Cond: ((id >= 8817542) AND (id <= 8818541))
	        ->  Bitmap Index Scan on sbtest2_pkey  (cost=0.00..29.96 rows=953 width=0)
	              Index Cond: ((id >= 8817542) AND (id <= 8818541))

table 3 : explain SELECT SUM(k) FROM sbtest3 WHERE id BETWEEN 2257323 AND 2258322
	Aggregate  (cost=3875.77..3875.78 rows=1 width=8)
	  ->  Bitmap Heap Scan on sbtest3  (cost=30.68..3873.27 rows=1000 width=4)
	        Recheck Cond: ((id >= 2257323) AND (id <= 2258322))
	        ->  Bitmap Index Scan on sbtest3_pkey  (cost=0.00..30.43 rows=1000 width=0)
	              Index Cond: ((id >= 2257323) AND (id <= 2258322))

table 4 : explain SELECT SUM(k) FROM sbtest4 WHERE id BETWEEN 9917268 AND 9918267
	Aggregate  (cost=4199.89..4199.90 rows=1 width=8)
	  ->  Bitmap Heap Scan on sbtest4  (cost=31.57..4197.17 rows=1086 width=4)
	        Recheck Cond: ((id >= 9917268) AND (id <= 9918267))
	        ->  Bitmap Index Scan on sbtest4_pkey  (cost=0.00..31.29 rows=1086 width=0)
	              Index Cond: ((id >= 9917268) AND (id <= 9918267))

table 5 : explain SELECT SUM(k) FROM sbtest5 WHERE id BETWEEN 9554014 AND 9555013
	Aggregate  (cost=3785.92..3785.93 rows=1 width=8)
	  ->  Bitmap Heap Scan on sbtest5  (cost=30.43..3783.48 rows=975 width=4)
	        Recheck Cond: ((id >= 9554014) AND (id <= 9555013))
	        ->  Bitmap Index Scan on sbtest5_pkey  (cost=0.00..30.18 rows=975 width=0)
	              Index Cond: ((id >= 9554014) AND (id <= 9555013))

table 6 : explain SELECT SUM(k) FROM sbtest6 WHERE id BETWEEN 1312436 AND 1313435
	Aggregate  (cost=3392.87..3392.88 rows=1 width=8)
	  ->  Bitmap Heap Scan on sbtest6  (cost=25.38..3390.68 rows=873 width=4)
	        Recheck Cond: ((id >= 1312436) AND (id <= 1313435))
	        ->  Bitmap Index Scan on sbtest6_pkey  (cost=0.00..25.16 rows=873 width=0)
	              Index Cond: ((id >= 1312436) AND (id <= 1313435))

table 7 : explain SELECT SUM(k) FROM sbtest7 WHERE id BETWEEN 3736065 AND 3737064
	Aggregate  (cost=3967.52..3967.53 rows=1 width=8)
	  ->  Bitmap Heap Scan on sbtest7  (cost=30.92..3964.96 rows=1023 width=4)
	        Recheck Cond: ((id >= 3736065) AND (id <= 3737064))
	        ->  Bitmap Index Scan on sbtest7_pkey  (cost=0.00..30.66 rows=1023 width=0)
	              Index Cond: ((id >= 3736065) AND (id <= 3737064))

table 8 : explain SELECT SUM(k) FROM sbtest8 WHERE id BETWEEN 5217427 AND 5218426
	Aggregate  (cost=4085.66..4085.67 rows=1 width=8)
	  ->  Bitmap Heap Scan on sbtest8  (cost=31.25..4083.02 rows=1055 width=4)
	        Recheck Cond: ((id >= 5217427) AND (id <= 5218426))
	        ->  Bitmap Index Scan on sbtest8_pkey  (cost=0.00..30.98 rows=1055 width=0)
	              Index Cond: ((id >= 5217427) AND (id <= 5218426))

for: order_ranges
table 1 : explain SELECT c FROM sbtest1 WHERE id BETWEEN 2352924 AND 2353923 ORDER BY c
	Sort  (cost=3871.35..3873.82 rows=987 width=121)
	  Sort Key: c
	  ->  Bitmap Heap Scan on sbtest1  (cost=30.55..3822.26 rows=987 width=121)
	        Recheck Cond: ((id >= 2352924) AND (id <= 2353923))
	        ->  Bitmap Index Scan on sbtest1_pkey  (cost=0.00..30.30 rows=987 width=0)
	              Index Cond: ((id >= 2352924) AND (id <= 2353923))

table 2 : explain SELECT c FROM sbtest2 WHERE id BETWEEN 5195621 AND 5196620 ORDER BY c
	Sort  (cost=3922.54..3925.04 rows=1000 width=121)
	  Sort Key: c
	  ->  Bitmap Heap Scan on sbtest2  (cost=30.68..3872.72 rows=1000 width=121)
	        Recheck Cond: ((id >= 5195621) AND (id <= 5196620))
	        ->  Bitmap Index Scan on sbtest2_pkey  (cost=0.00..30.43 rows=1000 width=0)
	              Index Cond: ((id >= 5195621) AND (id <= 5196620))

table 3 : explain SELECT c FROM sbtest3 WHERE id BETWEEN 1632889 AND 1633888 ORDER BY c
	Sort  (cost=3746.82..3749.21 rows=954 width=121)
	  Sort Key: c
	  ->  Bitmap Heap Scan on sbtest3  (cost=30.21..3699.61 rows=954 width=121)
	        Recheck Cond: ((id >= 1632889) AND (id <= 1633888))
	        ->  Bitmap Index Scan on sbtest3_pkey  (cost=0.00..29.97 rows=954 width=0)
	              Index Cond: ((id >= 1632889) AND (id <= 1633888))

table 4 : explain SELECT c FROM sbtest4 WHERE id BETWEEN 2547170 AND 2548169 ORDER BY c
	Sort  (cost=3712.08..3714.45 rows=946 width=121)
	  Sort Key: c
	  ->  Bitmap Heap Scan on sbtest4  (cost=26.13..3665.33 rows=946 width=121)
	        Recheck Cond: ((id >= 2547170) AND (id <= 2548169))
	        ->  Bitmap Index Scan on sbtest4_pkey  (cost=0.00..25.89 rows=946 width=0)
	              Index Cond: ((id >= 2547170) AND (id <= 2548169))

table 5 : explain SELECT c FROM sbtest5 WHERE id BETWEEN 342422 AND 343421 ORDER BY c
	Sort  (cost=3504.95..3507.18 rows=891 width=121)
	  Sort Key: c
	  ->  Bitmap Heap Scan on sbtest5  (cost=25.57..3461.30 rows=891 width=121)
	        Recheck Cond: ((id >= 342422) AND (id <= 343421))
	        ->  Bitmap Index Scan on sbtest5_pkey  (cost=0.00..25.34 rows=891 width=0)
	              Index Cond: ((id >= 342422) AND (id <= 343421))

table 6 : explain SELECT c FROM sbtest6 WHERE id BETWEEN 2529945 AND 2530944 ORDER BY c
	Sort  (cost=4452.94..4455.78 rows=1137 width=121)
	  Sort Key: c
	  ->  Bitmap Heap Scan on sbtest6  (cost=36.09..4395.23 rows=1137 width=121)
	        Recheck Cond: ((id >= 2529945) AND (id <= 2530944))
	        ->  Bitmap Index Scan on sbtest6_pkey  (cost=0.00..35.81 rows=1137 width=0)
	              Index Cond: ((id >= 2529945) AND (id <= 2530944))

table 7 : explain SELECT c FROM sbtest7 WHERE id BETWEEN 1563065 AND 1564064 ORDER BY c
	Sort  (cost=4188.51..4191.18 rows=1068 width=121)
	  Sort Key: c
	  ->  Bitmap Heap Scan on sbtest7  (cost=31.38..4134.79 rows=1068 width=121)
	        Recheck Cond: ((id >= 1563065) AND (id <= 1564064))
	        ->  Bitmap Index Scan on sbtest7_pkey  (cost=0.00..31.11 rows=1068 width=0)
	              Index Cond: ((id >= 1563065) AND (id <= 1564064))

table 8 : explain SELECT c FROM sbtest8 WHERE id BETWEEN 7307259 AND 7308258 ORDER BY c
	Sort  (cost=4181.90..4184.57 rows=1067 width=121)
	  Sort Key: c
	  ->  Bitmap Heap Scan on sbtest8  (cost=31.37..4128.24 rows=1067 width=121)
	        Recheck Cond: ((id >= 7307259) AND (id <= 7308258))
	        ->  Bitmap Index Scan on sbtest8_pkey  (cost=0.00..31.11 rows=1067 width=0)
	              Index Cond: ((id >= 7307259) AND (id <= 7308258))

for point_selects
table 1 : explain SELECT c FROM sbtest1 WHERE id=2797142
	Index Scan using sbtest1_pkey on sbtest1  (cost=0.43..8.45 rows=1 width=121)
	  Index Cond: (id = 2797142)

table 2 : explain SELECT c FROM sbtest2 WHERE id=7142064
	Index Scan using sbtest2_pkey on sbtest2  (cost=0.43..8.45 rows=1 width=121)
	  Index Cond: (id = 7142064)

table 3 : explain SELECT c FROM sbtest3 WHERE id=7075969
	Index Scan using sbtest3_pkey on sbtest3  (cost=0.43..8.45 rows=1 width=121)
	  Index Cond: (id = 7075969)

table 4 : explain SELECT c FROM sbtest4 WHERE id=878818
	Index Scan using sbtest4_pkey on sbtest4  (cost=0.43..8.45 rows=1 width=121)
	  Index Cond: (id = 878818)

table 5 : explain SELECT c FROM sbtest5 WHERE id=7685282
	Index Scan using sbtest5_pkey on sbtest5  (cost=0.43..8.45 rows=1 width=121)
	  Index Cond: (id = 7685282)

table 6 : explain SELECT c FROM sbtest6 WHERE id=9065019
	Index Scan using sbtest6_pkey on sbtest6  (cost=0.43..8.45 rows=1 width=121)
	  Index Cond: (id = 9065019)

table 7 : explain SELECT c FROM sbtest7 WHERE id=3559289
	Index Scan using sbtest7_pkey on sbtest7  (cost=0.43..8.45 rows=1 width=121)
	  Index Cond: (id = 3559289)

table 8 : explain SELECT c FROM sbtest8 WHERE id=3091075
	Index Scan using sbtest8_pkey on sbtest8  (cost=0.43..8.45 rows=1 width=121)
	  Index Cond: (id = 3091075)

for: sum_ranges
table 1 : explain SELECT SUM(k) FROM sbtest1 WHERE id BETWEEN 9528949 AND 9529948
	Aggregate  (cost=3911.48..3911.49 rows=1 width=8)
	  ->  Bitmap Heap Scan on sbtest1  (cost=30.79..3908.96 rows=1010 width=4)
	        Recheck Cond: ((id >= 9528949) AND (id <= 9529948))
	        ->  Bitmap Index Scan on sbtest1_pkey  (cost=0.00..30.54 rows=1010 width=0)
	              Index Cond: ((id >= 9528949) AND (id <= 9529948))

table 2 : explain SELECT SUM(k) FROM sbtest2 WHERE id BETWEEN 5867732 AND 5868731
	Aggregate  (cost=3814.81..3814.82 rows=1 width=8)
	  ->  Bitmap Heap Scan on sbtest2  (cost=30.52..3812.35 rows=984 width=4)
	        Recheck Cond: ((id >= 5867732) AND (id <= 5868731))
	        ->  Bitmap Index Scan on sbtest2_pkey  (cost=0.00..30.27 rows=984 width=0)
	              Index Cond: ((id >= 5867732) AND (id <= 5868731))

table 3 : explain SELECT SUM(k) FROM sbtest3 WHERE id BETWEEN 7109693 AND 7110692
	Aggregate  (cost=3747.36..3747.37 rows=1 width=8)
	  ->  Bitmap Heap Scan on sbtest3  (cost=30.34..3744.94 rows=966 width=4)
	        Recheck Cond: ((id >= 7109693) AND (id <= 7110692))
	        ->  Bitmap Index Scan on sbtest3_pkey  (cost=0.00..30.09 rows=966 width=0)
	              Index Cond: ((id >= 7109693) AND (id <= 7110692))

table 4 : explain SELECT SUM(k) FROM sbtest4 WHERE id BETWEEN 9918013 AND 9919012
	Aggregate  (cost=4199.89..4199.90 rows=1 width=8)
	  ->  Bitmap Heap Scan on sbtest4  (cost=31.57..4197.17 rows=1086 width=4)
	        Recheck Cond: ((id >= 9918013) AND (id <= 9919012))
	        ->  Bitmap Index Scan on sbtest4_pkey  (cost=0.00..31.29 rows=1086 width=0)
	              Index Cond: ((id >= 9918013) AND (id <= 9919012))

table 5 : explain SELECT SUM(k) FROM sbtest5 WHERE id BETWEEN 6495758 AND 6496757
	Aggregate  (cost=4035.46..4035.47 rows=1 width=8)
	  ->  Bitmap Heap Scan on sbtest5  (cost=31.11..4032.86 rows=1041 width=4)
	        Recheck Cond: ((id >= 6495758) AND (id <= 6496757))
	        ->  Bitmap Index Scan on sbtest5_pkey  (cost=0.00..30.84 rows=1041 width=0)
	              Index Cond: ((id >= 6495758) AND (id <= 6496757))

table 6 : explain SELECT SUM(k) FROM sbtest6 WHERE id BETWEEN 9790799 AND 9791798
	Aggregate  (cost=3919.22..3919.23 rows=1 width=8)
	  ->  Bitmap Heap Scan on sbtest6  (cost=30.80..3916.69 rows=1011 width=4)
	        Recheck Cond: ((id >= 9790799) AND (id <= 9791798))
	        ->  Bitmap Index Scan on sbtest6_pkey  (cost=0.00..30.54 rows=1011 width=0)
	              Index Cond: ((id >= 9790799) AND (id <= 9791798))

table 7 : explain SELECT SUM(k) FROM sbtest7 WHERE id BETWEEN 5561996 AND 5562995
	Aggregate  (cost=4016.64..4016.65 rows=1 width=8)
	  ->  Bitmap Heap Scan on sbtest7  (cost=31.05..4014.05 rows=1036 width=4)
	        Recheck Cond: ((id >= 5561996) AND (id <= 5562995))
	        ->  Bitmap Index Scan on sbtest7_pkey  (cost=0.00..30.79 rows=1036 width=0)
	              Index Cond: ((id >= 5561996) AND (id <= 5562995))

table 8 : explain SELECT SUM(k) FROM sbtest8 WHERE id BETWEEN 3015597 AND 3016596
	Aggregate  (cost=3847.81..3847.82 rows=1 width=8)
	  ->  Bitmap Heap Scan on sbtest8  (cost=30.60..3845.33 rows=992 width=4)
	        Recheck Cond: ((id >= 3015597) AND (id <= 3016596))
	        ->  Bitmap Index Scan on sbtest8_pkey  (cost=0.00..30.36 rows=992 width=0)
	              Index Cond: ((id >= 3015597) AND (id <= 3016596))

for: order_ranges
table 1 : explain SELECT c FROM sbtest1 WHERE id BETWEEN 2429386 AND 2430385 ORDER BY c
	Sort  (cost=3917.27..3919.77 rows=999 width=121)
	  Sort Key: c
	  ->  Bitmap Heap Scan on sbtest1  (cost=30.67..3867.50 rows=999 width=121)
	        Recheck Cond: ((id >= 2429386) AND (id <= 2430385))
	        ->  Bitmap Index Scan on sbtest1_pkey  (cost=0.00..30.43 rows=999 width=0)
	              Index Cond: ((id >= 2429386) AND (id <= 2430385))

table 2 : explain SELECT c FROM sbtest2 WHERE id BETWEEN 2659805 AND 2660804 ORDER BY c
	Sort  (cost=4178.79..4181.46 rows=1067 width=121)
	  Sort Key: c
	  ->  Bitmap Heap Scan on sbtest2  (cost=31.37..4125.13 rows=1067 width=121)
	        Recheck Cond: ((id >= 2659805) AND (id <= 2660804))
	        ->  Bitmap Index Scan on sbtest2_pkey  (cost=0.00..31.11 rows=1067 width=0)
	              Index Cond: ((id >= 2659805) AND (id <= 2660804))

table 3 : explain SELECT c FROM sbtest3 WHERE id BETWEEN 9015448 AND 9016447 ORDER BY c
	Sort  (cost=3658.42..3660.75 rows=932 width=121)
	  Sort Key: c
	  ->  Bitmap Heap Scan on sbtest3  (cost=25.99..3612.46 rows=932 width=121)
	        Recheck Cond: ((id >= 9015448) AND (id <= 9016447))
	        ->  Bitmap Index Scan on sbtest3_pkey  (cost=0.00..25.75 rows=932 width=0)
	              Index Cond: ((id >= 9015448) AND (id <= 9016447))

table 4 : explain SELECT c FROM sbtest4 WHERE id BETWEEN 7690148 AND 7691147 ORDER BY c
	Sort  (cost=3995.78..3998.33 rows=1019 width=121)
	  Sort Key: c
	  ->  Bitmap Heap Scan on sbtest4  (cost=30.88..3944.87 rows=1019 width=121)
	        Recheck Cond: ((id >= 7690148) AND (id <= 7691147))
	        ->  Bitmap Index Scan on sbtest4_pkey  (cost=0.00..30.62 rows=1019 width=0)
	              Index Cond: ((id >= 7690148) AND (id <= 7691147))

table 5 : explain SELECT c FROM sbtest5 WHERE id BETWEEN 3638970 AND 3639969 ORDER BY c
	Sort  (cost=4096.53..4099.14 rows=1044 width=121)
	  Sort Key: c
	  ->  Bitmap Heap Scan on sbtest5  (cost=31.14..4044.18 rows=1044 width=121)
	        Recheck Cond: ((id >= 3638970) AND (id <= 3639969))
	        ->  Bitmap Index Scan on sbtest5_pkey  (cost=0.00..30.87 rows=1044 width=0)
	              Index Cond: ((id >= 3638970) AND (id <= 3639969))

table 6 : explain SELECT c FROM sbtest6 WHERE id BETWEEN 6197274 AND 6198273 ORDER BY c
	Sort  (cost=3905.84..3908.32 rows=995 width=121)
	  Sort Key: c
	  ->  Bitmap Heap Scan on sbtest6  (cost=30.63..3856.29 rows=995 width=121)
	        Recheck Cond: ((id >= 6197274) AND (id <= 6198273))
	        ->  Bitmap Index Scan on sbtest6_pkey  (cost=0.00..30.39 rows=995 width=0)
	              Index Cond: ((id >= 6197274) AND (id <= 6198273))

table 7 : explain SELECT c FROM sbtest7 WHERE id BETWEEN 8281527 AND 8282526 ORDER BY c
	Sort  (cost=3954.74..3957.26 rows=1007 width=121)
	  Sort Key: c
	  ->  Bitmap Heap Scan on sbtest7  (cost=30.76..3904.51 rows=1007 width=121)
	        Recheck Cond: ((id >= 8281527) AND (id <= 8282526))
	        ->  Bitmap Index Scan on sbtest7_pkey  (cost=0.00..30.50 rows=1007 width=0)
	              Index Cond: ((id >= 8281527) AND (id <= 8282526))

table 8 : explain SELECT c FROM sbtest8 WHERE id BETWEEN 6027298 AND 6028297 ORDER BY c
	Sort  (cost=4204.85..4207.54 rows=1073 width=121)
	  Sort Key: c
	  ->  Bitmap Heap Scan on sbtest8  (cost=31.43..4150.84 rows=1073 width=121)
	        Recheck Cond: ((id >= 6027298) AND (id <= 6028297))
	        ->  Bitmap Index Scan on sbtest8_pkey  (cost=0.00..31.16 rows=1073 width=0)
	              Index Cond: ((id >= 6027298) AND (id <= 6028297))

for: order_ranges
table 1 : explain SELECT c FROM sbtest1 WHERE id BETWEEN 9319794 AND 9320793 ORDER BY c
	Sort  (cost=3760.28..3762.68 rows=958 width=121)
	  Sort Key: c
	  ->  Bitmap Heap Scan on sbtest1  (cost=30.25..3712.84 rows=958 width=121)
	        Recheck Cond: ((id >= 9319794) AND (id <= 9320793))
	        ->  Bitmap Index Scan on sbtest1_pkey  (cost=0.00..30.01 rows=958 width=0)
	              Index Cond: ((id >= 9319794) AND (id <= 9320793))

table 2 : explain SELECT c FROM sbtest2 WHERE id BETWEEN 4239569 AND 4240568 ORDER BY c
	Sort  (cost=4354.42..4357.21 rows=1113 width=121)
	  Sort Key: c
	  ->  Bitmap Heap Scan on sbtest2  (cost=31.84..4298.10 rows=1113 width=121)
	        Recheck Cond: ((id >= 4239569) AND (id <= 4240568))
	        ->  Bitmap Index Scan on sbtest2_pkey  (cost=0.00..31.57 rows=1113 width=0)
	              Index Cond: ((id >= 4239569) AND (id <= 4240568))

table 3 : explain SELECT c FROM sbtest3 WHERE id BETWEEN 2867750 AND 2868749 ORDER BY c
	Sort  (cost=3750.66..3753.05 rows=955 width=121)
	  Sort Key: c
	  ->  Bitmap Heap Scan on sbtest3  (cost=30.22..3703.39 rows=955 width=121)
	        Recheck Cond: ((id >= 2867750) AND (id <= 2868749))
	        ->  Bitmap Index Scan on sbtest3_pkey  (cost=0.00..29.98 rows=955 width=0)
	              Index Cond: ((id >= 2867750) AND (id <= 2868749))

table 4 : explain SELECT c FROM sbtest4 WHERE id BETWEEN 5766224 AND 5767223 ORDER BY c
	Sort  (cost=4079.95..4082.55 rows=1041 width=121)
	  Sort Key: c
	  ->  Bitmap Heap Scan on sbtest4  (cost=31.11..4027.77 rows=1041 width=121)
	        Recheck Cond: ((id >= 5766224) AND (id <= 5767223))
	        ->  Bitmap Index Scan on sbtest4_pkey  (cost=0.00..30.84 rows=1041 width=0)
	              Index Cond: ((id >= 5766224) AND (id <= 5767223))

table 5 : explain SELECT c FROM sbtest5 WHERE id BETWEEN 4564209 AND 4565208 ORDER BY c
	Sort  (cost=3973.86..3976.39 rows=1012 width=121)
	  Sort Key: c
	  ->  Bitmap Heap Scan on sbtest5  (cost=30.81..3923.35 rows=1012 width=121)
	        Recheck Cond: ((id >= 4564209) AND (id <= 4565208))
	        ->  Bitmap Index Scan on sbtest5_pkey  (cost=0.00..30.55 rows=1012 width=0)
	              Index Cond: ((id >= 4564209) AND (id <= 4565208))

table 6 : explain SELECT c FROM sbtest6 WHERE id BETWEEN 1194490 AND 1195489 ORDER BY c
	Sort  (cost=4070.54..4073.14 rows=1038 width=121)
	  Sort Key: c
	  ->  Bitmap Heap Scan on sbtest6  (cost=31.07..4018.54 rows=1038 width=121)
	        Recheck Cond: ((id >= 1194490) AND (id <= 1195489))
	        ->  Bitmap Index Scan on sbtest6_pkey  (cost=0.00..30.82 rows=1038 width=0)
	              Index Cond: ((id >= 1194490) AND (id <= 1195489))

table 7 : explain SELECT c FROM sbtest7 WHERE id BETWEEN 1705589 AND 1706588 ORDER BY c
	Sort  (cost=3870.33..3872.79 rows=985 width=121)
	  Sort Key: c
	  ->  Bitmap Heap Scan on sbtest7  (cost=30.53..3821.35 rows=985 width=121)
	        Recheck Cond: ((id >= 1705589) AND (id <= 1706588))
	        ->  Bitmap Index Scan on sbtest7_pkey  (cost=0.00..30.29 rows=985 width=0)
	              Index Cond: ((id >= 1705589) AND (id <= 1706588))

table 8 : explain SELECT c FROM sbtest8 WHERE id BETWEEN 650246 AND 651245 ORDER BY c
	Sort  (cost=3487.49..3489.71 rows=887 width=121)
	  Sort Key: c
	  ->  Bitmap Heap Scan on sbtest8  (cost=25.53..3444.06 rows=887 width=121)
	        Recheck Cond: ((id >= 650246) AND (id <= 651245))
	        ->  Bitmap Index Scan on sbtest8_pkey  (cost=0.00..25.30 rows=887 width=0)
	              Index Cond: ((id >= 650246) AND (id <= 651245))

for: sum_ranges
table 1 : explain SELECT SUM(k) FROM sbtest1 WHERE id BETWEEN 63685 AND 64684
	Aggregate  (cost=3768.11..3768.12 rows=1 width=8)
	  ->  Bitmap Heap Scan on sbtest1  (cost=30.40..3765.68 rows=972 width=4)
	        Recheck Cond: ((id >= 63685) AND (id <= 64684))
	        ->  Bitmap Index Scan on sbtest1_pkey  (cost=0.00..30.15 rows=972 width=0)
	              Index Cond: ((id >= 63685) AND (id <= 64684))

table 2 : explain SELECT SUM(k) FROM sbtest2 WHERE id BETWEEN 4594679 AND 4595678
	Aggregate  (cost=4203.08..4203.09 rows=1 width=8)
	  ->  Bitmap Heap Scan on sbtest2  (cost=31.58..4200.37 rows=1087 width=4)
	        Recheck Cond: ((id >= 4594679) AND (id <= 4595678))
	        ->  Bitmap Index Scan on sbtest2_pkey  (cost=0.00..31.30 rows=1087 width=0)
	              Index Cond: ((id >= 4594679) AND (id <= 4595678))

table 3 : explain SELECT SUM(k) FROM sbtest3 WHERE id BETWEEN 5939180 AND 5940179
	Aggregate  (cost=3860.67..3860.68 rows=1 width=8)
	  ->  Bitmap Heap Scan on sbtest3  (cost=30.64..3858.18 rows=996 width=4)
	        Recheck Cond: ((id >= 5939180) AND (id <= 5940179))
	        ->  Bitmap Index Scan on sbtest3_pkey  (cost=0.00..30.39 rows=996 width=0)
	              Index Cond: ((id >= 5939180) AND (id <= 5940179))

table 4 : explain SELECT SUM(k) FROM sbtest4 WHERE id BETWEEN 5938962 AND 5939961
	Aggregate  (cost=3939.87..3939.88 rows=1 width=8)
	  ->  Bitmap Heap Scan on sbtest4  (cost=30.86..3937.33 rows=1017 width=4)
	        Recheck Cond: ((id >= 5938962) AND (id <= 5939961))
	        ->  Bitmap Index Scan on sbtest4_pkey  (cost=0.00..30.61 rows=1017 width=0)
	              Index Cond: ((id >= 5938962) AND (id <= 5939961))

table 5 : explain SELECT SUM(k) FROM sbtest5 WHERE id BETWEEN 6060112 AND 6061111
	Aggregate  (cost=4201.54..4201.55 rows=1 width=8)
	  ->  Bitmap Heap Scan on sbtest5  (cost=31.56..4198.82 rows=1085 width=4)
	        Recheck Cond: ((id >= 6060112) AND (id <= 6061111))
	        ->  Bitmap Index Scan on sbtest5_pkey  (cost=0.00..31.29 rows=1085 width=0)
	              Index Cond: ((id >= 6060112) AND (id <= 6061111))

table 6 : explain SELECT SUM(k) FROM sbtest6 WHERE id BETWEEN 3275003 AND 3276002
	Aggregate  (cost=4024.91..4024.92 rows=1 width=8)
	  ->  Bitmap Heap Scan on sbtest6  (cost=31.08..4022.31 rows=1039 width=4)
	        Recheck Cond: ((id >= 3275003) AND (id <= 3276002))
	        ->  Bitmap Index Scan on sbtest6_pkey  (cost=0.00..30.82 rows=1039 width=0)
	              Index Cond: ((id >= 3275003) AND (id <= 3276002))

table 7 : explain SELECT SUM(k) FROM sbtest7 WHERE id BETWEEN 5941932 AND 5942931
	Aggregate  (cost=4133.69..4133.70 rows=1 width=8)
	  ->  Bitmap Heap Scan on sbtest7  (cost=31.37..4131.02 rows=1067 width=4)
	        Recheck Cond: ((id >= 5941932) AND (id <= 5942931))
	        ->  Bitmap Index Scan on sbtest7_pkey  (cost=0.00..31.11 rows=1067 width=0)
	              Index Cond: ((id >= 5941932) AND (id <= 5942931))

table 8 : explain SELECT SUM(k) FROM sbtest8 WHERE id BETWEEN 4582924 AND 4583923
	Aggregate  (cost=3707.89..3707.90 rows=1 width=8)
	  ->  Bitmap Heap Scan on sbtest8  (cost=30.22..3705.50 rows=955 width=4)
	        Recheck Cond: ((id >= 4582924) AND (id <= 4583923))
	        ->  Bitmap Index Scan on sbtest8_pkey  (cost=0.00..29.98 rows=955 width=0)
	              Index Cond: ((id >= 4582924) AND (id <= 4583923))

for: sum_ranges
table 1 : explain SELECT SUM(k) FROM sbtest1 WHERE id BETWEEN 8403262 AND 8404261
	Aggregate  (cost=3726.57..3726.58 rows=1 width=8)
	  ->  Bitmap Heap Scan on sbtest1  (cost=30.29..3724.17 rows=961 width=4)
	        Recheck Cond: ((id >= 8403262) AND (id <= 8404261))
	        ->  Bitmap Index Scan on sbtest1_pkey  (cost=0.00..30.04 rows=961 width=0)
	              Index Cond: ((id >= 8403262) AND (id <= 8404261))

table 2 : explain SELECT SUM(k) FROM sbtest2 WHERE id BETWEEN 164462 AND 165461
	Aggregate  (cost=4293.37..4293.38 rows=1 width=8)
	  ->  Bitmap Heap Scan on sbtest2  (cost=31.82..4290.59 rows=1111 width=4)
	        Recheck Cond: ((id >= 164462) AND (id <= 165461))
	        ->  Bitmap Index Scan on sbtest2_pkey  (cost=0.00..31.54 rows=1111 width=0)
	              Index Cond: ((id >= 164462) AND (id <= 165461))

table 3 : explain SELECT SUM(k) FROM sbtest3 WHERE id BETWEEN 3430580 AND 3431579
	Aggregate  (cost=4060.59..4060.60 rows=1 width=8)
	  ->  Bitmap Heap Scan on sbtest3  (cost=31.19..4057.97 rows=1049 width=4)
	        Recheck Cond: ((id >= 3430580) AND (id <= 3431579))
	        ->  Bitmap Index Scan on sbtest3_pkey  (cost=0.00..30.93 rows=1049 width=0)
	              Index Cond: ((id >= 3430580) AND (id <= 3431579))

table 4 : explain SELECT SUM(k) FROM sbtest4 WHERE id BETWEEN 789496 AND 790495
	Aggregate  (cost=3622.30..3622.31 rows=1 width=8)
	  ->  Bitmap Heap Scan on sbtest4  (cost=26.01..3619.96 rows=934 width=4)
	        Recheck Cond: ((id >= 789496) AND (id <= 790495))
	        ->  Bitmap Index Scan on sbtest4_pkey  (cost=0.00..25.77 rows=934 width=0)
	              Index Cond: ((id >= 789496) AND (id <= 790495))

table 5 : explain SELECT SUM(k) FROM sbtest5 WHERE id BETWEEN 6118838 AND 6119837
	Aggregate  (cost=4133.62..4133.63 rows=1 width=8)
	  ->  Bitmap Heap Scan on sbtest5  (cost=31.37..4130.96 rows=1067 width=4)
	        Recheck Cond: ((id >= 6118838) AND (id <= 6119837))
	        ->  Bitmap Index Scan on sbtest5_pkey  (cost=0.00..31.11 rows=1067 width=0)
	              Index Cond: ((id >= 6118838) AND (id <= 6119837))

table 6 : explain SELECT SUM(k) FROM sbtest6 WHERE id BETWEEN 88192 AND 89191
	Aggregate  (cost=3889.00..3889.01 rows=1 width=8)
	  ->  Bitmap Heap Scan on sbtest6  (cost=30.72..3886.49 rows=1003 width=4)
	        Recheck Cond: ((id >= 88192) AND (id <= 89191))
	        ->  Bitmap Index Scan on sbtest6_pkey  (cost=0.00..30.46 rows=1003 width=0)
	              Index Cond: ((id >= 88192) AND (id <= 89191))

table 7 : explain SELECT SUM(k) FROM sbtest7 WHERE id BETWEEN 8130042 AND 8131041
	Aggregate  (cost=3729.18..3729.19 rows=1 width=8)
	  ->  Bitmap Heap Scan on sbtest7  (cost=30.27..3726.78 rows=960 width=4)
	        Recheck Cond: ((id >= 8130042) AND (id <= 8131041))
	        ->  Bitmap Index Scan on sbtest7_pkey  (cost=0.00..30.04 rows=960 width=0)
	              Index Cond: ((id >= 8130042) AND (id <= 8131041))

table 8 : explain SELECT SUM(k) FROM sbtest8 WHERE id BETWEEN 314931 AND 315930
	Aggregate  (cost=3881.82..3881.83 rows=1 width=8)
	  ->  Bitmap Heap Scan on sbtest8  (cost=30.70..3879.31 rows=1001 width=4)
	        Recheck Cond: ((id >= 314931) AND (id <= 315930))
	        ->  Bitmap Index Scan on sbtest8_pkey  (cost=0.00..30.44 rows=1001 width=0)
	              Index Cond: ((id >= 314931) AND (id <= 315930))

for: sum_ranges
table 1 : explain SELECT SUM(k) FROM sbtest1 WHERE id BETWEEN 8546175 AND 8547174
	Aggregate  (cost=3616.99..3617.00 rows=1 width=8)
	  ->  Bitmap Heap Scan on sbtest1  (cost=29.99..3614.66 rows=932 width=4)
	        Recheck Cond: ((id >= 8546175) AND (id <= 8547174))
	        ->  Bitmap Index Scan on sbtest1_pkey  (cost=0.00..29.75 rows=932 width=0)
	              Index Cond: ((id >= 8546175) AND (id <= 8547174))

table 2 : explain SELECT SUM(k) FROM sbtest2 WHERE id BETWEEN 6654198 AND 6655197
	Aggregate  (cost=3769.49..3769.50 rows=1 width=8)
	  ->  Bitmap Heap Scan on sbtest2  (cost=30.40..3767.06 rows=972 width=4)
	        Recheck Cond: ((id >= 6654198) AND (id <= 6655197))
	        ->  Bitmap Index Scan on sbtest2_pkey  (cost=0.00..30.15 rows=972 width=0)
	              Index Cond: ((id >= 6654198) AND (id <= 6655197))

table 3 : explain SELECT SUM(k) FROM sbtest3 WHERE id BETWEEN 8096418 AND 8097417
	Aggregate  (cost=3822.91..3822.92 rows=1 width=8)
	  ->  Bitmap Heap Scan on sbtest3  (cost=30.54..3820.45 rows=986 width=4)
	        Recheck Cond: ((id >= 8096418) AND (id <= 8097417))
	        ->  Bitmap Index Scan on sbtest3_pkey  (cost=0.00..30.29 rows=986 width=0)
	              Index Cond: ((id >= 8096418) AND (id <= 8097417))

table 4 : explain SELECT SUM(k) FROM sbtest4 WHERE id BETWEEN 1674930 AND 1675929
	Aggregate  (cost=3879.49..3879.50 rows=1 width=8)
	  ->  Bitmap Heap Scan on sbtest4  (cost=30.70..3876.99 rows=1001 width=4)
	        Recheck Cond: ((id >= 1674930) AND (id <= 1675929))
	        ->  Bitmap Index Scan on sbtest4_pkey  (cost=0.00..30.44 rows=1001 width=0)
	              Index Cond: ((id >= 1674930) AND (id <= 1675929))

table 5 : explain SELECT SUM(k) FROM sbtest5 WHERE id BETWEEN 415515 AND 416514
	Aggregate  (cost=3573.76..3573.77 rows=1 width=8)
	  ->  Bitmap Heap Scan on sbtest5  (cost=29.85..3571.46 rows=919 width=4)
	        Recheck Cond: ((id >= 415515) AND (id <= 416514))
	        ->  Bitmap Index Scan on sbtest5_pkey  (cost=0.00..29.62 rows=919 width=0)
	              Index Cond: ((id >= 415515) AND (id <= 416514))

table 6 : explain SELECT SUM(k) FROM sbtest6 WHERE id BETWEEN 8999343 AND 9000342
	Aggregate  (cost=4243.53..4243.54 rows=1 width=8)
	  ->  Bitmap Heap Scan on sbtest6  (cost=31.68..4240.79 rows=1097 width=4)
	        Recheck Cond: ((id >= 8999343) AND (id <= 9000342))
	        ->  Bitmap Index Scan on sbtest6_pkey  (cost=0.00..31.40 rows=1097 width=0)
	              Index Cond: ((id >= 8999343) AND (id <= 9000342))

table 7 : explain SELECT SUM(k) FROM sbtest7 WHERE id BETWEEN 5749497 AND 5750496
	Aggregate  (cost=3922.16..3922.17 rows=1 width=8)
	  ->  Bitmap Heap Scan on sbtest7  (cost=30.80..3919.63 rows=1011 width=4)
	        Recheck Cond: ((id >= 5749497) AND (id <= 5750496))
	        ->  Bitmap Index Scan on sbtest7_pkey  (cost=0.00..30.54 rows=1011 width=0)
	              Index Cond: ((id >= 5749497) AND (id <= 5750496))

table 8 : explain SELECT SUM(k) FROM sbtest8 WHERE id BETWEEN 3310730 AND 3311729
	Aggregate  (cost=3643.54..3643.55 rows=1 width=8)
	  ->  Bitmap Heap Scan on sbtest8  (cost=30.05..3641.20 rows=938 width=4)
	        Recheck Cond: ((id >= 3310730) AND (id <= 3311729))
	        ->  Bitmap Index Scan on sbtest8_pkey  (cost=0.00..29.82 rows=938 width=0)
	              Index Cond: ((id >= 3310730) AND (id <= 3311729))

explain: for point_selects :: explain SELECT c FROM sbtest%u WHERE id=%u
for: order_ranges
table 1 : explain SELECT c FROM sbtest1 WHERE id BETWEEN 5248476 AND 5249475 ORDER BY c
	Sort  (cost=3852.21..3854.66 rows=982 width=121)
	  Sort Key: c
	  ->  Bitmap Heap Scan on sbtest1  (cost=30.50..3803.40 rows=982 width=121)
	        Recheck Cond: ((id >= 5248476) AND (id <= 5249475))
	        ->  Bitmap Index Scan on sbtest1_pkey  (cost=0.00..30.25 rows=982 width=0)
	              Index Cond: ((id >= 5248476) AND (id <= 5249475))

table 2 : explain SELECT c FROM sbtest2 WHERE id BETWEEN 3624443 AND 3625442 ORDER BY c
	Sort  (cost=4174.97..4177.64 rows=1066 width=121)
	  Sort Key: c
	  ->  Bitmap Heap Scan on sbtest2  (cost=31.36..4121.36 rows=1066 width=121)
	        Recheck Cond: ((id >= 3624443) AND (id <= 3625442))
	        ->  Bitmap Index Scan on sbtest2_pkey  (cost=0.00..31.09 rows=1066 width=0)
	              Index Cond: ((id >= 3624443) AND (id <= 3625442))

table 3 : explain SELECT c FROM sbtest3 WHERE id BETWEEN 7070749 AND 7071748 ORDER BY c
	Sort  (cost=4018.80..4021.36 rows=1025 width=121)
	  Sort Key: c
	  ->  Bitmap Heap Scan on sbtest3  (cost=30.94..3967.54 rows=1025 width=121)
	        Recheck Cond: ((id >= 7070749) AND (id <= 7071748))
	        ->  Bitmap Index Scan on sbtest3_pkey  (cost=0.00..30.68 rows=1025 width=0)
	              Index Cond: ((id >= 7070749) AND (id <= 7071748))

table 4 : explain SELECT c FROM sbtest4 WHERE id BETWEEN 5863320 AND 5864319 ORDER BY c
	Sort  (cost=4026.39..4028.96 rows=1027 width=121)
	  Sort Key: c
	  ->  Bitmap Heap Scan on sbtest4  (cost=30.96..3975.02 rows=1027 width=121)
	        Recheck Cond: ((id >= 5863320) AND (id <= 5864319))
	        ->  Bitmap Index Scan on sbtest4_pkey  (cost=0.00..30.70 rows=1027 width=0)
	              Index Cond: ((id >= 5863320) AND (id <= 5864319))

table 5 : explain SELECT c FROM sbtest5 WHERE id BETWEEN 435240 AND 436239 ORDER BY c
	Sort  (cost=3732.02..3734.39 rows=949 width=121)
	  Sort Key: c
	  ->  Bitmap Heap Scan on sbtest5  (cost=30.16..3685.09 rows=949 width=121)
	        Recheck Cond: ((id >= 435240) AND (id <= 436239))
	        ->  Bitmap Index Scan on sbtest5_pkey  (cost=0.00..29.93 rows=949 width=0)
	              Index Cond: ((id >= 435240) AND (id <= 436239))

table 6 : explain SELECT c FROM sbtest6 WHERE id BETWEEN 2039020 AND 2040019 ORDER BY c
	Sort  (cost=4005.45..4008.00 rows=1021 width=121)
	  Sort Key: c
	  ->  Bitmap Heap Scan on sbtest6  (cost=30.90..3954.42 rows=1021 width=121)
	        Recheck Cond: ((id >= 2039020) AND (id <= 2040019))
	        ->  Bitmap Index Scan on sbtest6_pkey  (cost=0.00..30.64 rows=1021 width=0)
	              Index Cond: ((id >= 2039020) AND (id <= 2040019))

table 7 : explain SELECT c FROM sbtest7 WHERE id BETWEEN 8974036 AND 8975035 ORDER BY c
	Sort  (cost=3904.87..3907.35 rows=994 width=121)
	  Sort Key: c
	  ->  Bitmap Heap Scan on sbtest7  (cost=30.62..3855.38 rows=994 width=121)
	        Recheck Cond: ((id >= 8974036) AND (id <= 8975035))
	        ->  Bitmap Index Scan on sbtest7_pkey  (cost=0.00..30.37 rows=994 width=0)
	              Index Cond: ((id >= 8974036) AND (id <= 8975035))

table 8 : explain SELECT c FROM sbtest8 WHERE id BETWEEN 3570146 AND 3571145 ORDER BY c
	Sort  (cost=3829.51..3831.95 rows=975 width=121)
	  Sort Key: c
	  ->  Bitmap Heap Scan on sbtest8  (cost=30.43..3781.10 rows=975 width=121)
	        Recheck Cond: ((id >= 3570146) AND (id <= 3571145))
	        ->  Bitmap Index Scan on sbtest8_pkey  (cost=0.00..30.18 rows=975 width=0)
	              Index Cond: ((id >= 3570146) AND (id <= 3571145))

for: distinct_ranges
table 1 : explain SELECT DISTINCT c FROM sbtest1 WHERE id BETWEEN 1657953 AND 1658952 ORDER BY c
	Unique  (cost=3890.49..3895.45 rows=992 width=121)
	  ->  Sort  (cost=3890.49..3892.97 rows=992 width=121)
	        Sort Key: c
	        ->  Bitmap Heap Scan on sbtest1  (cost=30.60..3841.11 rows=992 width=121)
	              Recheck Cond: ((id >= 1657953) AND (id <= 1658952))
	              ->  Bitmap Index Scan on sbtest1_pkey  (cost=0.00..30.36 rows=992 width=0)
	                    Index Cond: ((id >= 1657953) AND (id <= 1658952))

table 2 : explain SELECT DISTINCT c FROM sbtest2 WHERE id BETWEEN 4868321 AND 4869320 ORDER BY c
	Unique  (cost=3842.12..3847.01 rows=979 width=121)
	  ->  Sort  (cost=3842.12..3844.57 rows=979 width=121)
	        Sort Key: c
	        ->  Bitmap Heap Scan on sbtest2  (cost=30.47..3793.49 rows=979 width=121)
	              Recheck Cond: ((id >= 4868321) AND (id <= 4869320))
	              ->  Bitmap Index Scan on sbtest2_pkey  (cost=0.00..30.22 rows=979 width=0)
	                    Index Cond: ((id >= 4868321) AND (id <= 4869320))

table 3 : explain SELECT DISTINCT c FROM sbtest3 WHERE id BETWEEN 790921 AND 791920 ORDER BY c
	Unique  (cost=4076.19..4081.39 rows=1040 width=121)
	  ->  Sort  (cost=4076.19..4078.79 rows=1040 width=121)
	        Sort Key: c
	        ->  Bitmap Heap Scan on sbtest3  (cost=31.09..4024.07 rows=1040 width=121)
	              Recheck Cond: ((id >= 790921) AND (id <= 791920))
	              ->  Bitmap Index Scan on sbtest3_pkey  (cost=0.00..30.83 rows=1040 width=0)
	                    Index Cond: ((id >= 790921) AND (id <= 791920))

table 4 : explain SELECT DISTINCT c FROM sbtest4 WHERE id BETWEEN 8850157 AND 8851156 ORDER BY c
	Unique  (cost=3861.76..3866.68 rows=984 width=121)
	  ->  Sort  (cost=3861.76..3864.22 rows=984 width=121)
	        Sort Key: c
	        ->  Bitmap Heap Scan on sbtest4  (cost=30.52..3812.84 rows=984 width=121)
	              Recheck Cond: ((id >= 8850157) AND (id <= 8851156))
	              ->  Bitmap Index Scan on sbtest4_pkey  (cost=0.00..30.27 rows=984 width=0)
	                    Index Cond: ((id >= 8850157) AND (id <= 8851156))

table 5 : explain SELECT DISTINCT c FROM sbtest5 WHERE id BETWEEN 2562481 AND 2563480 ORDER BY c
	Unique  (cost=3716.65..3721.37 rows=945 width=121)
	  ->  Sort  (cost=3716.65..3719.01 rows=945 width=121)
	        Sort Key: c
	        ->  Bitmap Heap Scan on sbtest5  (cost=30.12..3669.95 rows=945 width=121)
	              Recheck Cond: ((id >= 2562481) AND (id <= 2563480))
	              ->  Bitmap Index Scan on sbtest5_pkey  (cost=0.00..29.89 rows=945 width=0)
	                    Index Cond: ((id >= 2562481) AND (id <= 2563480))

table 6 : explain SELECT DISTINCT c FROM sbtest6 WHERE id BETWEEN 4146652 AND 4147651 ORDER BY c
	Unique  (cost=3959.48..3964.53 rows=1009 width=121)
	  ->  Sort  (cost=3959.48..3962.01 rows=1009 width=121)
	        Sort Key: c
	        ->  Bitmap Heap Scan on sbtest6  (cost=30.78..3909.14 rows=1009 width=121)
	              Recheck Cond: ((id >= 4146652) AND (id <= 4147651))
	              ->  Bitmap Index Scan on sbtest6_pkey  (cost=0.00..30.52 rows=1009 width=0)
	                    Index Cond: ((id >= 4146652) AND (id <= 4147651))

table 7 : explain SELECT DISTINCT c FROM sbtest7 WHERE id BETWEEN 9087067 AND 9088066 ORDER BY c
	Unique  (cost=4023.77..4028.89 rows=1025 width=121)
	  ->  Sort  (cost=4023.77..4026.33 rows=1025 width=121)
	        Sort Key: c
	        ->  Bitmap Heap Scan on sbtest7  (cost=30.94..3972.51 rows=1025 width=121)
	              Recheck Cond: ((id >= 9087067) AND (id <= 9088066))
	              ->  Bitmap Index Scan on sbtest7_pkey  (cost=0.00..30.68 rows=1025 width=0)
	                    Index Cond: ((id >= 9087067) AND (id <= 9088066))

table 8 : explain SELECT DISTINCT c FROM sbtest8 WHERE id BETWEEN 6963971 AND 6964970 ORDER BY c
	Unique  (cost=4120.69..4125.94 rows=1051 width=121)
	  ->  Sort  (cost=4120.69..4123.32 rows=1051 width=121)
	        Sort Key: c
	        ->  Bitmap Heap Scan on sbtest8  (cost=31.21..4067.94 rows=1051 width=121)
	              Recheck Cond: ((id >= 6963971) AND (id <= 6964970))
	              ->  Bitmap Index Scan on sbtest8_pkey  (cost=0.00..30.94 rows=1051 width=0)
	                    Index Cond: ((id >= 6963971) AND (id <= 6964970))

for: simple_ranges
table 1 : explain SELECT c FROM sbtest1 WHERE id BETWEEN 7518044 AND 7519043
	Bitmap Heap Scan on sbtest1  (cost=24.77..3160.08 rows=813 width=121)
	  Recheck Cond: ((id >= 7518044) AND (id <= 7519043))
	  ->  Bitmap Index Scan on sbtest1_pkey  (cost=0.00..24.57 rows=813 width=0)
	        Index Cond: ((id >= 7518044) AND (id <= 7519043))

table 2 : explain SELECT c FROM sbtest2 WHERE id BETWEEN 239552 AND 240551
	Bitmap Heap Scan on sbtest2  (cost=30.68..3872.72 rows=1000 width=121)
	  Recheck Cond: ((id >= 239552) AND (id <= 240551))
	  ->  Bitmap Index Scan on sbtest2_pkey  (cost=0.00..30.43 rows=1000 width=0)
	        Index Cond: ((id >= 239552) AND (id <= 240551))

table 3 : explain SELECT c FROM sbtest3 WHERE id BETWEEN 4264618 AND 4265617
	Bitmap Heap Scan on sbtest3  (cost=25.66..3491.39 rows=900 width=121)
	  Recheck Cond: ((id >= 4264618) AND (id <= 4265617))
	  ->  Bitmap Index Scan on sbtest3_pkey  (cost=0.00..25.43 rows=900 width=0)
	        Index Cond: ((id >= 4264618) AND (id <= 4265617))

table 4 : explain SELECT c FROM sbtest4 WHERE id BETWEEN 6087139 AND 6088138
	Bitmap Heap Scan on sbtest4  (cost=31.41..4140.73 rows=1071 width=121)
	  Recheck Cond: ((id >= 6087139) AND (id <= 6088138))
	  ->  Bitmap Index Scan on sbtest4_pkey  (cost=0.00..31.14 rows=1071 width=0)
	        Index Cond: ((id >= 6087139) AND (id <= 6088138))

table 5 : explain SELECT c FROM sbtest5 WHERE id BETWEEN 1964619 AND 1965618
	Bitmap Heap Scan on sbtest5  (cost=31.06..4017.76 rows=1037 width=121)
	  Recheck Cond: ((id >= 1964619) AND (id <= 1965618))
	  ->  Bitmap Index Scan on sbtest5_pkey  (cost=0.00..30.80 rows=1037 width=0)
	        Index Cond: ((id >= 1964619) AND (id <= 1965618))

table 6 : explain SELECT c FROM sbtest6 WHERE id BETWEEN 7687970 AND 7688969
	Bitmap Heap Scan on sbtest6  (cost=31.05..4011.00 rows=1036 width=121)
	  Recheck Cond: ((id >= 7687970) AND (id <= 7688969))
	  ->  Bitmap Index Scan on sbtest6_pkey  (cost=0.00..30.79 rows=1036 width=0)
	        Index Cond: ((id >= 7687970) AND (id <= 7688969))

table 7 : explain SELECT c FROM sbtest7 WHERE id BETWEEN 7337940 AND 7338939
	Bitmap Heap Scan on sbtest7  (cost=30.34..3749.48 rows=966 width=121)
	  Recheck Cond: ((id >= 7337940) AND (id <= 7338939))
	  ->  Bitmap Index Scan on sbtest7_pkey  (cost=0.00..30.09 rows=966 width=0)
	        Index Cond: ((id >= 7337940) AND (id <= 7338939))

table 8 : explain SELECT c FROM sbtest8 WHERE id BETWEEN 5804622 AND 5805621
	Bitmap Heap Scan on sbtest8  (cost=31.45..4158.37 rows=1075 width=121)
	  Recheck Cond: ((id >= 5804622) AND (id <= 5805621))
	  ->  Bitmap Index Scan on sbtest8_pkey  (cost=0.00..31.18 rows=1075 width=0)
	        Index Cond: ((id >= 5804622) AND (id <= 5805621))

for: distinct_ranges
table 1 : explain SELECT DISTINCT c FROM sbtest1 WHERE id BETWEEN 6229341 AND 6230340 ORDER BY c
	Unique  (cost=3741.13..3745.89 rows=953 width=121)
	  ->  Sort  (cost=3741.13..3743.51 rows=953 width=121)
	        Sort Key: c
	        ->  Bitmap Heap Scan on sbtest1  (cost=30.20..3693.97 rows=953 width=121)
	              Recheck Cond: ((id >= 6229341) AND (id <= 6230340))
	              ->  Bitmap Index Scan on sbtest1_pkey  (cost=0.00..29.96 rows=953 width=0)
	                    Index Cond: ((id >= 6229341) AND (id <= 6230340))

table 2 : explain SELECT DISTINCT c FROM sbtest2 WHERE id BETWEEN 9757809 AND 9758808 ORDER BY c
	Unique  (cost=4407.91..4413.55 rows=1128 width=121)
	  ->  Sort  (cost=4407.91..4410.73 rows=1128 width=121)
	        Sort Key: c
	        ->  Bitmap Heap Scan on sbtest2  (cost=32.00..4350.72 rows=1128 width=121)
	              Recheck Cond: ((id >= 9757809) AND (id <= 9758808))
	              ->  Bitmap Index Scan on sbtest2_pkey  (cost=0.00..31.71 rows=1128 width=0)
	                    Index Cond: ((id >= 9757809) AND (id <= 9758808))

table 3 : explain SELECT DISTINCT c FROM sbtest3 WHERE id BETWEEN 1606542 AND 1607541 ORDER BY c
	Unique  (cost=3746.82..3751.59 rows=954 width=121)
	  ->  Sort  (cost=3746.82..3749.21 rows=954 width=121)
	        Sort Key: c
	        ->  Bitmap Heap Scan on sbtest3  (cost=30.21..3699.61 rows=954 width=121)
	              Recheck Cond: ((id >= 1606542) AND (id <= 1607541))
	              ->  Bitmap Index Scan on sbtest3_pkey  (cost=0.00..29.97 rows=954 width=0)
	                    Index Cond: ((id >= 1606542) AND (id <= 1607541))

table 4 : explain SELECT DISTINCT c FROM sbtest4 WHERE id BETWEEN 3823526 AND 3824525 ORDER BY c
	Unique  (cost=3850.27..3855.17 rows=981 width=121)
	  ->  Sort  (cost=3850.27..3852.72 rows=981 width=121)
	        Sort Key: c
	        ->  Bitmap Heap Scan on sbtest4  (cost=30.49..3801.52 rows=981 width=121)
	              Recheck Cond: ((id >= 3823526) AND (id <= 3824525))
	              ->  Bitmap Index Scan on sbtest4_pkey  (cost=0.00..30.25 rows=981 width=0)
	                    Index Cond: ((id >= 3823526) AND (id <= 3824525))

table 5 : explain SELECT DISTINCT c FROM sbtest5 WHERE id BETWEEN 3042810 AND 3043809 ORDER BY c
	Unique  (cost=3685.90..3690.59 rows=937 width=121)
	  ->  Sort  (cost=3685.90..3688.24 rows=937 width=121)
	        Sort Key: c
	        ->  Bitmap Heap Scan on sbtest5  (cost=30.04..3639.65 rows=937 width=121)
	              Recheck Cond: ((id >= 3042810) AND (id <= 3043809))
	              ->  Bitmap Index Scan on sbtest5_pkey  (cost=0.00..29.80 rows=937 width=0)
	                    Index Cond: ((id >= 3042810) AND (id <= 3043809))

table 6 : explain SELECT DISTINCT c FROM sbtest6 WHERE id BETWEEN 2053559 AND 2054558 ORDER BY c
	Unique  (cost=4005.45..4010.56 rows=1021 width=121)
	  ->  Sort  (cost=4005.45..4008.00 rows=1021 width=121)
	        Sort Key: c
	        ->  Bitmap Heap Scan on sbtest6  (cost=30.90..3954.42 rows=1021 width=121)
	              Recheck Cond: ((id >= 2053559) AND (id <= 2054558))
	              ->  Bitmap Index Scan on sbtest6_pkey  (cost=0.00..30.64 rows=1021 width=0)
	                    Index Cond: ((id >= 2053559) AND (id <= 2054558))

table 7 : explain SELECT DISTINCT c FROM sbtest7 WHERE id BETWEEN 1408004 AND 1409003 ORDER BY c
	Unique  (cost=3578.27..3582.82 rows=909 width=121)
	  ->  Sort  (cost=3578.27..3580.54 rows=909 width=121)
	        Sort Key: c
	        ->  Bitmap Heap Scan on sbtest7  (cost=29.75..3533.60 rows=909 width=121)
	              Recheck Cond: ((id >= 1408004) AND (id <= 1409003))
	              ->  Bitmap Index Scan on sbtest7_pkey  (cost=0.00..29.52 rows=909 width=0)
	                    Index Cond: ((id >= 1408004) AND (id <= 1409003))

table 8 : explain SELECT DISTINCT c FROM sbtest8 WHERE id BETWEEN 5296369 AND 5297368 ORDER BY c
	Unique  (cost=4136.00..4141.27 rows=1055 width=121)
	  ->  Sort  (cost=4136.00..4138.63 rows=1055 width=121)
	        Sort Key: c
	        ->  Bitmap Heap Scan on sbtest8  (cost=31.25..4083.02 rows=1055 width=121)
	              Recheck Cond: ((id >= 5296369) AND (id <= 5297368))
	              ->  Bitmap Index Scan on sbtest8_pkey  (cost=0.00..30.98 rows=1055 width=0)
	                    Index Cond: ((id >= 5296369) AND (id <= 5297368))

for: distinct_ranges
table 1 : explain SELECT DISTINCT c FROM sbtest1 WHERE id BETWEEN 2132452 AND 2133451 ORDER BY c
	Unique  (cost=4108.45..4113.70 rows=1049 width=121)
	  ->  Sort  (cost=4108.45..4111.07 rows=1049 width=121)
	        Sort Key: c
	        ->  Bitmap Heap Scan on sbtest1  (cost=31.19..4055.82 rows=1049 width=121)
	              Recheck Cond: ((id >= 2132452) AND (id <= 2133451))
	              ->  Bitmap Index Scan on sbtest1_pkey  (cost=0.00..30.93 rows=1049 width=0)
	                    Index Cond: ((id >= 2132452) AND (id <= 2133451))

table 2 : explain SELECT DISTINCT c FROM sbtest2 WHERE id BETWEEN 7836719 AND 7837718 ORDER BY c
	Unique  (cost=3807.63..3812.48 rows=970 width=121)
	  ->  Sort  (cost=3807.63..3810.06 rows=970 width=121)
	        Sort Key: c
	        ->  Bitmap Heap Scan on sbtest2  (cost=30.38..3759.51 rows=970 width=121)
	              Recheck Cond: ((id >= 7836719) AND (id <= 7837718))
	              ->  Bitmap Index Scan on sbtest2_pkey  (cost=0.00..30.14 rows=970 width=0)
	                    Index Cond: ((id >= 7836719) AND (id <= 7837718))

table 3 : explain SELECT DISTINCT c FROM sbtest3 WHERE id BETWEEN 4744431 AND 4745430 ORDER BY c
	Unique  (cost=3846.49..3851.39 rows=980 width=121)
	  ->  Sort  (cost=3846.49..3848.94 rows=980 width=121)
	        Sort Key: c
	        ->  Bitmap Heap Scan on sbtest3  (cost=30.48..3797.80 rows=980 width=121)
	              Recheck Cond: ((id >= 4744431) AND (id <= 4745430))
	              ->  Bitmap Index Scan on sbtest3_pkey  (cost=0.00..30.23 rows=980 width=0)
	                    Index Cond: ((id >= 4744431) AND (id <= 4745430))

table 4 : explain SELECT DISTINCT c FROM sbtest4 WHERE id BETWEEN 6839133 AND 6840132 ORDER BY c
	Unique  (cost=3903.90..3908.87 rows=995 width=121)
	  ->  Sort  (cost=3903.90..3906.38 rows=995 width=121)
	        Sort Key: c
	        ->  Bitmap Heap Scan on sbtest4  (cost=30.63..3854.35 rows=995 width=121)
	              Recheck Cond: ((id >= 6839133) AND (id <= 6840132))
	              ->  Bitmap Index Scan on sbtest4_pkey  (cost=0.00..30.39 rows=995 width=0)
	                    Index Cond: ((id >= 6839133) AND (id <= 6840132))

table 5 : explain SELECT DISTINCT c FROM sbtest5 WHERE id BETWEEN 9746517 AND 9747516 ORDER BY c
	Unique  (cost=3612.84..3617.43 rows=918 width=121)
	  ->  Sort  (cost=3612.84..3615.14 rows=918 width=121)
	        Sort Key: c
	        ->  Bitmap Heap Scan on sbtest5  (cost=29.84..3567.67 rows=918 width=121)
	              Recheck Cond: ((id >= 9746517) AND (id <= 9747516))
	              ->  Bitmap Index Scan on sbtest5_pkey  (cost=0.00..29.61 rows=918 width=0)
	                    Index Cond: ((id >= 9746517) AND (id <= 9747516))

table 6 : explain SELECT DISTINCT c FROM sbtest6 WHERE id BETWEEN 6741762 AND 6742761 ORDER BY c
	Unique  (cost=3890.50..3895.46 rows=991 width=121)
	  ->  Sort  (cost=3890.50..3892.98 rows=991 width=121)
	        Sort Key: c
	        ->  Bitmap Heap Scan on sbtest6  (cost=30.59..3841.19 rows=991 width=121)
	              Recheck Cond: ((id >= 6741762) AND (id <= 6742761))
	              ->  Bitmap Index Scan on sbtest6_pkey  (cost=0.00..30.34 rows=991 width=0)
	                    Index Cond: ((id >= 6741762) AND (id <= 6742761))

table 7 : explain SELECT DISTINCT c FROM sbtest7 WHERE id BETWEEN 2036042 AND 2037041 ORDER BY c
	Unique  (cost=3747.44..3752.21 rows=953 width=121)
	  ->  Sort  (cost=3747.44..3749.82 rows=953 width=121)
	        Sort Key: c
	        ->  Bitmap Heap Scan on sbtest7  (cost=30.20..3700.28 rows=953 width=121)
	              Recheck Cond: ((id >= 2036042) AND (id <= 2037041))
	              ->  Bitmap Index Scan on sbtest7_pkey  (cost=0.00..29.96 rows=953 width=0)
	                    Index Cond: ((id >= 2036042) AND (id <= 2037041))

table 8 : explain SELECT DISTINCT c FROM sbtest8 WHERE id BETWEEN 404897 AND 405896 ORDER BY c
	Unique  (cost=3929.20..3934.20 rows=1001 width=121)
	  ->  Sort  (cost=3929.20..3931.70 rows=1001 width=121)
	        Sort Key: c
	        ->  Bitmap Heap Scan on sbtest8  (cost=30.70..3879.31 rows=1001 width=121)
	              Recheck Cond: ((id >= 404897) AND (id <= 405896))
	              ->  Bitmap Index Scan on sbtest8_pkey  (cost=0.00..30.44 rows=1001 width=0)
	                    Index Cond: ((id >= 404897) AND (id <= 405896))

for: sum_ranges
table 1 : explain SELECT SUM(k) FROM sbtest1 WHERE id BETWEEN 8582037 AND 8583036
	Aggregate  (cost=3616.99..3617.00 rows=1 width=8)
	  ->  Bitmap Heap Scan on sbtest1  (cost=29.99..3614.66 rows=932 width=4)
	        Recheck Cond: ((id >= 8582037) AND (id <= 8583036))
	        ->  Bitmap Index Scan on sbtest1_pkey  (cost=0.00..29.75 rows=932 width=0)
	              Index Cond: ((id >= 8582037) AND (id <= 8583036))

table 2 : explain SELECT SUM(k) FROM sbtest2 WHERE id BETWEEN 7372459 AND 7373458
	Aggregate  (cost=4105.20..4105.21 rows=1 width=8)
	  ->  Bitmap Heap Scan on sbtest2  (cost=31.31..4102.55 rows=1061 width=4)
	        Recheck Cond: ((id >= 7372459) AND (id <= 7373458))
	        ->  Bitmap Index Scan on sbtest2_pkey  (cost=0.00..31.04 rows=1061 width=0)
	              Index Cond: ((id >= 7372459) AND (id <= 7373458))

table 3 : explain SELECT SUM(k) FROM sbtest3 WHERE id BETWEEN 7758646 AND 7759645
	Aggregate  (cost=4030.44..4030.45 rows=1 width=8)
	  ->  Bitmap Heap Scan on sbtest3  (cost=31.11..4027.84 rows=1041 width=4)
	        Recheck Cond: ((id >= 7758646) AND (id <= 7759645))
	        ->  Bitmap Index Scan on sbtest3_pkey  (cost=0.00..30.84 rows=1041 width=0)
	              Index Cond: ((id >= 7758646) AND (id <= 7759645))

table 4 : explain SELECT SUM(k) FROM sbtest4 WHERE id BETWEEN 2321821 AND 2322820
	Aggregate  (cost=3656.34..3656.35 rows=1 width=8)
	  ->  Bitmap Heap Scan on sbtest4  (cost=26.10..3653.99 rows=943 width=4)
	        Recheck Cond: ((id >= 2321821) AND (id <= 2322820))
	        ->  Bitmap Index Scan on sbtest4_pkey  (cost=0.00..25.86 rows=943 width=0)
	              Index Cond: ((id >= 2321821) AND (id <= 2322820))

table 5 : explain SELECT SUM(k) FROM sbtest5 WHERE id BETWEEN 4997999 AND 4998998
	Aggregate  (cost=3440.75..3440.76 rows=1 width=8)
	  ->  Bitmap Heap Scan on sbtest5  (cost=25.51..3438.53 rows=885 width=4)
	        Recheck Cond: ((id >= 4997999) AND (id <= 4998998))
	        ->  Bitmap Index Scan on sbtest5_pkey  (cost=0.00..25.29 rows=885 width=0)
	              Index Cond: ((id >= 4997999) AND (id <= 4998998))

table 6 : explain SELECT SUM(k) FROM sbtest6 WHERE id BETWEEN 93284 AND 94283
	Aggregate  (cost=3889.00..3889.01 rows=1 width=8)
	  ->  Bitmap Heap Scan on sbtest6  (cost=30.72..3886.49 rows=1003 width=4)
	        Recheck Cond: ((id >= 93284) AND (id <= 94283))
	        ->  Bitmap Index Scan on sbtest6_pkey  (cost=0.00..30.46 rows=1003 width=0)
	              Index Cond: ((id >= 93284) AND (id <= 94283))

table 7 : explain SELECT SUM(k) FROM sbtest7 WHERE id BETWEEN 1177483 AND 1178482
	Aggregate  (cost=3429.40..3429.41 rows=1 width=8)
	  ->  Bitmap Heap Scan on sbtest7  (cost=25.48..3427.20 rows=882 width=4)
	        Recheck Cond: ((id >= 1177483) AND (id <= 1178482))
	        ->  Bitmap Index Scan on sbtest7_pkey  (cost=0.00..25.25 rows=882 width=0)
	              Index Cond: ((id >= 1177483) AND (id <= 1178482))

table 8 : explain SELECT SUM(k) FROM sbtest8 WHERE id BETWEEN 3072787 AND 3073786
	Aggregate  (cost=3847.81..3847.82 rows=1 width=8)
	  ->  Bitmap Heap Scan on sbtest8  (cost=30.60..3845.33 rows=992 width=4)
	        Recheck Cond: ((id >= 3072787) AND (id <= 3073786))
	        ->  Bitmap Index Scan on sbtest8_pkey  (cost=0.00..30.36 rows=992 width=0)
	              Index Cond: ((id >= 3072787) AND (id <= 3073786))

for: simple_ranges
table 1 : explain SELECT c FROM sbtest1 WHERE id BETWEEN 9543933 AND 9544932
	Bitmap Heap Scan on sbtest1  (cost=30.79..3908.96 rows=1010 width=121)
	  Recheck Cond: ((id >= 9543933) AND (id <= 9544932))
	  ->  Bitmap Index Scan on sbtest1_pkey  (cost=0.00..30.54 rows=1010 width=0)
	        Index Cond: ((id >= 9543933) AND (id <= 9544932))

table 2 : explain SELECT c FROM sbtest2 WHERE id BETWEEN 6939458 AND 6940457
	Bitmap Heap Scan on sbtest2  (cost=30.27..3721.75 rows=960 width=121)
	  Recheck Cond: ((id >= 6939458) AND (id <= 6940457))
	  ->  Bitmap Index Scan on sbtest2_pkey  (cost=0.00..30.04 rows=960 width=0)
	        Index Cond: ((id >= 6939458) AND (id <= 6940457))

table 3 : explain SELECT c FROM sbtest3 WHERE id BETWEEN 6557237 AND 6558236
	Bitmap Heap Scan on sbtest3  (cost=30.65..3861.96 rows=997 width=121)
	  Recheck Cond: ((id >= 6557237) AND (id <= 6558236))
	  ->  Bitmap Index Scan on sbtest3_pkey  (cost=0.00..30.40 rows=997 width=0)
	        Index Cond: ((id >= 6557237) AND (id <= 6558236))

table 4 : explain SELECT c FROM sbtest4 WHERE id BETWEEN 1802612 AND 1803611
	Bitmap Heap Scan on sbtest4  (cost=25.93..3589.71 rows=926 width=121)
	  Recheck Cond: ((id >= 1802612) AND (id <= 1803611))
	  ->  Bitmap Index Scan on sbtest4_pkey  (cost=0.00..25.69 rows=926 width=0)
	        Index Cond: ((id >= 1802612) AND (id <= 1803611))

table 5 : explain SELECT c FROM sbtest5 WHERE id BETWEEN 6332122 AND 6333121
	Bitmap Heap Scan on sbtest5  (cost=31.56..4198.82 rows=1085 width=121)
	  Recheck Cond: ((id >= 6332122) AND (id <= 6333121))
	  ->  Bitmap Index Scan on sbtest5_pkey  (cost=0.00..31.29 rows=1085 width=0)
	        Index Cond: ((id >= 6332122) AND (id <= 6333121))

table 6 : explain SELECT c FROM sbtest6 WHERE id BETWEEN 7742605 AND 7743604
	Bitmap Heap Scan on sbtest6  (cost=25.49..3428.59 rows=883 width=121)
	  Recheck Cond: ((id >= 7742605) AND (id <= 7743604))
	  ->  Bitmap Index Scan on sbtest6_pkey  (cost=0.00..25.26 rows=883 width=0)
	        Index Cond: ((id >= 7742605) AND (id <= 7743604))

table 7 : explain SELECT c FROM sbtest7 WHERE id BETWEEN 7446546 AND 7447545
	Bitmap Heap Scan on sbtest7  (cost=30.79..3915.85 rows=1010 width=121)
	  Recheck Cond: ((id >= 7446546) AND (id <= 7447545))
	  ->  Bitmap Index Scan on sbtest7_pkey  (cost=0.00..30.54 rows=1010 width=0)
	        Index Cond: ((id >= 7446546) AND (id <= 7447545))

table 8 : explain SELECT c FROM sbtest8 WHERE id BETWEEN 5352895 AND 5353894
	Bitmap Heap Scan on sbtest8  (cost=30.72..3886.87 rows=1003 width=121)
	  Recheck Cond: ((id >= 5352895) AND (id <= 5353894))
	  ->  Bitmap Index Scan on sbtest8_pkey  (cost=0.00..30.46 rows=1003 width=0)
	        Index Cond: ((id >= 5352895) AND (id <= 5353894))

for: distinct_ranges
table 1 : explain SELECT DISTINCT c FROM sbtest1 WHERE id BETWEEN 1875338 AND 1876337 ORDER BY c
	Unique  (cost=4005.25..4010.36 rows=1022 width=121)
	  ->  Sort  (cost=4005.25..4007.81 rows=1022 width=121)
	        Sort Key: c
	        ->  Bitmap Heap Scan on sbtest1  (cost=30.91..3954.17 rows=1022 width=121)
	              Recheck Cond: ((id >= 1875338) AND (id <= 1876337))
	              ->  Bitmap Index Scan on sbtest1_pkey  (cost=0.00..30.65 rows=1022 width=0)
	                    Index Cond: ((id >= 1875338) AND (id <= 1876337))

table 2 : explain SELECT DISTINCT c FROM sbtest2 WHERE id BETWEEN 4260458 AND 4261457 ORDER BY c
	Unique  (cost=4354.42..4359.99 rows=1113 width=121)
	  ->  Sort  (cost=4354.42..4357.21 rows=1113 width=121)
	        Sort Key: c
	        ->  Bitmap Heap Scan on sbtest2  (cost=31.84..4298.10 rows=1113 width=121)
	              Recheck Cond: ((id >= 4260458) AND (id <= 4261457))
	              ->  Bitmap Index Scan on sbtest2_pkey  (cost=0.00..31.57 rows=1113 width=0)
	                    Index Cond: ((id >= 4260458) AND (id <= 4261457))

table 3 : explain SELECT DISTINCT c FROM sbtest3 WHERE id BETWEEN 8942135 AND 8943134 ORDER BY c
	Unique  (cost=3976.70..3981.77 rows=1014 width=121)
	  ->  Sort  (cost=3976.70..3979.24 rows=1014 width=121)
	        Sort Key: c
	        ->  Bitmap Heap Scan on sbtest3  (cost=30.83..3926.08 rows=1014 width=121)
	              Recheck Cond: ((id >= 8942135) AND (id <= 8943134))
	              ->  Bitmap Index Scan on sbtest3_pkey  (cost=0.00..30.57 rows=1014 width=0)
	                    Index Cond: ((id >= 8942135) AND (id <= 8943134))

table 4 : explain SELECT DISTINCT c FROM sbtest4 WHERE id BETWEEN 3759747 AND 3760746 ORDER BY c
	Unique  (cost=3850.27..3855.17 rows=981 width=121)
	  ->  Sort  (cost=3850.27..3852.72 rows=981 width=121)
	        Sort Key: c
	        ->  Bitmap Heap Scan on sbtest4  (cost=30.49..3801.52 rows=981 width=121)
	              Recheck Cond: ((id >= 3759747) AND (id <= 3760746))
	              ->  Bitmap Index Scan on sbtest4_pkey  (cost=0.00..30.25 rows=981 width=0)
	                    Index Cond: ((id >= 3759747) AND (id <= 3760746))

table 5 : explain SELECT DISTINCT c FROM sbtest5 WHERE id BETWEEN 8678121 AND 8679120 ORDER BY c
	Unique  (cost=3947.02..3952.04 rows=1005 width=121)
	  ->  Sort  (cost=3947.02..3949.53 rows=1005 width=121)
	        Sort Key: c
	        ->  Bitmap Heap Scan on sbtest5  (cost=30.74..3896.90 rows=1005 width=121)
	              Recheck Cond: ((id >= 8678121) AND (id <= 8679120))
	              ->  Bitmap Index Scan on sbtest5_pkey  (cost=0.00..30.48 rows=1005 width=0)
	                    Index Cond: ((id >= 8678121) AND (id <= 8679120))

table 6 : explain SELECT DISTINCT c FROM sbtest6 WHERE id BETWEEN 1238660 AND 1239659 ORDER BY c
	Unique  (cost=4070.54..4075.73 rows=1038 width=121)
	  ->  Sort  (cost=4070.54..4073.14 rows=1038 width=121)
	        Sort Key: c
	        ->  Bitmap Heap Scan on sbtest6  (cost=31.07..4018.54 rows=1038 width=121)
	              Recheck Cond: ((id >= 1238660) AND (id <= 1239659))
	              ->  Bitmap Index Scan on sbtest6_pkey  (cost=0.00..30.82 rows=1038 width=0)
	                    Index Cond: ((id >= 1238660) AND (id <= 1239659))

table 7 : explain SELECT DISTINCT c FROM sbtest7 WHERE id BETWEEN 1086325 AND 1087324 ORDER BY c
	Unique  (cost=3854.97..3859.88 rows=981 width=121)
	  ->  Sort  (cost=3854.97..3857.43 rows=981 width=121)
	        Sort Key: c
	        ->  Bitmap Heap Scan on sbtest7  (cost=30.49..3806.23 rows=981 width=121)
	              Recheck Cond: ((id >= 1086325) AND (id <= 1087324))
	              ->  Bitmap Index Scan on sbtest7_pkey  (cost=0.00..30.25 rows=981 width=0)
	                    Index Cond: ((id >= 1086325) AND (id <= 1087324))

table 8 : explain SELECT DISTINCT c FROM sbtest8 WHERE id BETWEEN 1054144 AND 1055143 ORDER BY c
	Unique  (cost=3729.74..3734.48 rows=949 width=121)
	  ->  Sort  (cost=3729.74..3732.11 rows=949 width=121)
	        Sort Key: c
	        ->  Bitmap Heap Scan on sbtest8  (cost=30.16..3682.81 rows=949 width=121)
	              Recheck Cond: ((id >= 1054144) AND (id <= 1055143))
	              ->  Bitmap Index Scan on sbtest8_pkey  (cost=0.00..29.93 rows=949 width=0)
	                    Index Cond: ((id >= 1054144) AND (id <= 1055143))

for point_selects
table 1 : explain SELECT c FROM sbtest1 WHERE id=20723
	Index Scan using sbtest1_pkey on sbtest1  (cost=0.43..8.45 rows=1 width=121)
	  Index Cond: (id = 20723)

table 2 : explain SELECT c FROM sbtest2 WHERE id=8392870
	Index Scan using sbtest2_pkey on sbtest2  (cost=0.43..8.45 rows=1 width=121)
	  Index Cond: (id = 8392870)

table 3 : explain SELECT c FROM sbtest3 WHERE id=2776502
	Index Scan using sbtest3_pkey on sbtest3  (cost=0.43..8.45 rows=1 width=121)
	  Index Cond: (id = 2776502)

table 4 : explain SELECT c FROM sbtest4 WHERE id=1945816
	Index Scan using sbtest4_pkey on sbtest4  (cost=0.43..8.45 rows=1 width=121)
	  Index Cond: (id = 1945816)

table 5 : explain SELECT c FROM sbtest5 WHERE id=4437326
	Index Scan using sbtest5_pkey on sbtest5  (cost=0.43..8.45 rows=1 width=121)
	  Index Cond: (id = 4437326)

table 6 : explain SELECT c FROM sbtest6 WHERE id=7226733
	Index Scan using sbtest6_pkey on sbtest6  (cost=0.43..8.45 rows=1 width=121)
	  Index Cond: (id = 7226733)

table 7 : explain SELECT c FROM sbtest7 WHERE id=4325064
	Index Scan using sbtest7_pkey on sbtest7  (cost=0.43..8.45 rows=1 width=121)
	  Index Cond: (id = 4325064)

table 8 : explain SELECT c FROM sbtest8 WHERE id=8235041
	Index Scan using sbtest8_pkey on sbtest8  (cost=0.43..8.45 rows=1 width=121)
	  Index Cond: (id = 8235041)

for: order_ranges
table 1 : explain SELECT c FROM sbtest1 WHERE id BETWEEN 6215519 AND 6216518 ORDER BY c
	Sort  (cost=3741.13..3743.51 rows=953 width=121)
	  Sort Key: c
	  ->  Bitmap Heap Scan on sbtest1  (cost=30.20..3693.97 rows=953 width=121)
	        Recheck Cond: ((id >= 6215519) AND (id <= 6216518))
	        ->  Bitmap Index Scan on sbtest1_pkey  (cost=0.00..29.96 rows=953 width=0)
	              Index Cond: ((id >= 6215519) AND (id <= 6216518))

table 2 : explain SELECT c FROM sbtest2 WHERE id BETWEEN 1823792 AND 1824791 ORDER BY c
	Sort  (cost=3999.09..4001.64 rows=1020 width=121)
	  Sort Key: c
	  ->  Bitmap Heap Scan on sbtest2  (cost=30.89..3948.12 rows=1020 width=121)
	        Recheck Cond: ((id >= 1823792) AND (id <= 1824791))
	        ->  Bitmap Index Scan on sbtest2_pkey  (cost=0.00..30.64 rows=1020 width=0)
	              Index Cond: ((id >= 1823792) AND (id <= 1824791))

table 3 : explain SELECT c FROM sbtest3 WHERE id BETWEEN 397163 AND 398162 ORDER BY c
	Sort  (cost=4221.44..4224.14 rows=1078 width=121)
	  Sort Key: c
	  ->  Bitmap Heap Scan on sbtest3  (cost=31.48..4167.14 rows=1078 width=121)
	        Recheck Cond: ((id >= 397163) AND (id <= 398162))
	        ->  Bitmap Index Scan on sbtest3_pkey  (cost=0.00..31.21 rows=1078 width=0)
	              Index Cond: ((id >= 397163) AND (id <= 398162))

table 4 : explain SELECT c FROM sbtest4 WHERE id BETWEEN 7924633 AND 7925632 ORDER BY c
	Sort  (cost=4167.88..4170.54 rows=1064 width=121)
	  Sort Key: c
	  ->  Bitmap Heap Scan on sbtest4  (cost=31.34..4114.39 rows=1064 width=121)
	        Recheck Cond: ((id >= 7924633) AND (id <= 7925632))
	        ->  Bitmap Index Scan on sbtest4_pkey  (cost=0.00..31.07 rows=1064 width=0)
	              Index Cond: ((id >= 7924633) AND (id <= 7925632))

table 5 : explain SELECT c FROM sbtest5 WHERE id BETWEEN 1039912 AND 1040911 ORDER BY c
	Sort  (cost=3766.60..3768.99 rows=958 width=121)
	  Sort Key: c
	  ->  Bitmap Heap Scan on sbtest5  (cost=30.25..3719.16 rows=958 width=121)
	        Recheck Cond: ((id >= 1039912) AND (id <= 1040911))
	        ->  Bitmap Index Scan on sbtest5_pkey  (cost=0.00..30.01 rows=958 width=0)
	              Index Cond: ((id >= 1039912) AND (id <= 1040911))

table 6 : explain SELECT c FROM sbtest6 WHERE id BETWEEN 2548760 AND 2549759 ORDER BY c
	Sort  (cost=4452.94..4455.78 rows=1137 width=121)
	  Sort Key: c
	  ->  Bitmap Heap Scan on sbtest6  (cost=36.09..4395.23 rows=1137 width=121)
	        Recheck Cond: ((id >= 2548760) AND (id <= 2549759))
	        ->  Bitmap Index Scan on sbtest6_pkey  (cost=0.00..35.81 rows=1137 width=0)
	              Index Cond: ((id >= 2548760) AND (id <= 2549759))

table 7 : explain SELECT c FROM sbtest7 WHERE id BETWEEN 734252 AND 735251 ORDER BY c
	Sort  (cost=4042.94..4045.51 rows=1030 width=121)
	  Sort Key: c
	  ->  Bitmap Heap Scan on sbtest7  (cost=30.99..3991.39 rows=1030 width=121)
	        Recheck Cond: ((id >= 734252) AND (id <= 735251))
	        ->  Bitmap Index Scan on sbtest7_pkey  (cost=0.00..30.73 rows=1030 width=0)
	              Index Cond: ((id >= 734252) AND (id <= 735251))

table 8 : explain SELECT c FROM sbtest8 WHERE id BETWEEN 2777926 AND 2778925 ORDER BY c
	Sort  (cost=3917.70..3920.20 rows=998 width=121)
	  Sort Key: c
	  ->  Bitmap Heap Scan on sbtest8  (cost=30.66..3867.99 rows=998 width=121)
	        Recheck Cond: ((id >= 2777926) AND (id <= 2778925))
	        ->  Bitmap Index Scan on sbtest8_pkey  (cost=0.00..30.41 rows=998 width=0)
	              Index Cond: ((id >= 2777926) AND (id <= 2778925))

for: simple_ranges
table 1 : explain SELECT c FROM sbtest1 WHERE id BETWEEN 5162602 AND 5163601
	Bitmap Heap Scan on sbtest1  (cost=30.43..3777.00 rows=975 width=121)
	  Recheck Cond: ((id >= 5162602) AND (id <= 5163601))
	  ->  Bitmap Index Scan on sbtest1_pkey  (cost=0.00..30.18 rows=975 width=0)
	        Index Cond: ((id >= 5162602) AND (id <= 5163601))

table 2 : explain SELECT c FROM sbtest2 WHERE id BETWEEN 103601 AND 104600
	Bitmap Heap Scan on sbtest2  (cost=31.82..4290.59 rows=1111 width=121)
	  Recheck Cond: ((id >= 103601) AND (id <= 104600))
	  ->  Bitmap Index Scan on sbtest2_pkey  (cost=0.00..31.54 rows=1111 width=0)
	        Index Cond: ((id >= 103601) AND (id <= 104600))

table 3 : explain SELECT c FROM sbtest3 WHERE id BETWEEN 2087873 AND 2088872
	Bitmap Heap Scan on sbtest3  (cost=26.04..3631.36 rows=937 width=121)
	  Recheck Cond: ((id >= 2087873) AND (id <= 2088872))
	  ->  Bitmap Index Scan on sbtest3_pkey  (cost=0.00..25.80 rows=937 width=0)
	        Index Cond: ((id >= 2087873) AND (id <= 2088872))

table 4 : explain SELECT c FROM sbtest4 WHERE id BETWEEN 6079831 AND 6080830
	Bitmap Heap Scan on sbtest4  (cost=31.41..4140.73 rows=1071 width=121)
	  Recheck Cond: ((id >= 6079831) AND (id <= 6080830))
	  ->  Bitmap Index Scan on sbtest4_pkey  (cost=0.00..31.14 rows=1071 width=0)
	        Index Cond: ((id >= 6079831) AND (id <= 6080830))

table 5 : explain SELECT c FROM sbtest5 WHERE id BETWEEN 16358 AND 17357
	Bitmap Heap Scan on sbtest5  (cost=30.10..3662.37 rows=943 width=121)
	  Recheck Cond: ((id >= 16358) AND (id <= 17357))
	  ->  Bitmap Index Scan on sbtest5_pkey  (cost=0.00..29.86 rows=943 width=0)
	        Index Cond: ((id >= 16358) AND (id <= 17357))

table 6 : explain SELECT c FROM sbtest6 WHERE id BETWEEN 4907660 AND 4908659
	Bitmap Heap Scan on sbtest6  (cost=30.09..3655.99 rows=942 width=121)
	  Recheck Cond: ((id >= 4907660) AND (id <= 4908659))
	  ->  Bitmap Index Scan on sbtest6_pkey  (cost=0.00..29.86 rows=942 width=0)
	        Index Cond: ((id >= 4907660) AND (id <= 4908659))

table 7 : explain SELECT c FROM sbtest7 WHERE id BETWEEN 5595873 AND 5596872
	Bitmap Heap Scan on sbtest7  (cost=35.89..4327.21 rows=1118 width=121)
	  Recheck Cond: ((id >= 5595873) AND (id <= 5596872))
	  ->  Bitmap Index Scan on sbtest7_pkey  (cost=0.00..35.62 rows=1118 width=0)
	        Index Cond: ((id >= 5595873) AND (id <= 5596872))

table 8 : explain SELECT c FROM sbtest8 WHERE id BETWEEN 228882 AND 229881
	Bitmap Heap Scan on sbtest8  (cost=30.65..3864.21 rows=997 width=121)
	  Recheck Cond: ((id >= 228882) AND (id <= 229881))
	  ->  Bitmap Index Scan on sbtest8_pkey  (cost=0.00..30.40 rows=997 width=0)
	        Index Cond: ((id >= 228882) AND (id <= 229881))

explain: for point_selects :: explain SELECT c FROM sbtest%u WHERE id=%u
for: distinct_ranges
table 1 : explain SELECT DISTINCT c FROM sbtest1 WHERE id BETWEEN 9068760 AND 9069759 ORDER BY c
	Unique  (cost=4028.19..4033.33 rows=1028 width=121)
	  ->  Sort  (cost=4028.19..4030.76 rows=1028 width=121)
	        Sort Key: c
	        ->  Bitmap Heap Scan on sbtest1  (cost=30.97..3976.77 rows=1028 width=121)
	              Recheck Cond: ((id >= 9068760) AND (id <= 9069759))
	              ->  Bitmap Index Scan on sbtest1_pkey  (cost=0.00..30.71 rows=1028 width=0)
	                    Index Cond: ((id >= 9068760) AND (id <= 9069759))

table 2 : explain SELECT DISTINCT c FROM sbtest2 WHERE id BETWEEN 6989450 AND 6990449 ORDER BY c
	Unique  (cost=3769.30..3774.10 rows=960 width=121)
	  ->  Sort  (cost=3769.30..3771.70 rows=960 width=121)
	        Sort Key: c
	        ->  Bitmap Heap Scan on sbtest2  (cost=30.27..3721.75 rows=960 width=121)
	              Recheck Cond: ((id >= 6989450) AND (id <= 6990449))
	              ->  Bitmap Index Scan on sbtest2_pkey  (cost=0.00..30.04 rows=960 width=0)
	                    Index Cond: ((id >= 6989450) AND (id <= 6990449))

table 3 : explain SELECT DISTINCT c FROM sbtest3 WHERE id BETWEEN 6402315 AND 6403314 ORDER BY c
	Unique  (cost=4053.24..4058.41 rows=1034 width=121)
	  ->  Sort  (cost=4053.24..4055.82 rows=1034 width=121)
	        Sort Key: c
	        ->  Bitmap Heap Scan on sbtest3  (cost=31.03..4001.46 rows=1034 width=121)
	              Recheck Cond: ((id >= 6402315) AND (id <= 6403314))
	              ->  Bitmap Index Scan on sbtest3_pkey  (cost=0.00..30.77 rows=1034 width=0)
	                    Index Cond: ((id >= 6402315) AND (id <= 6403314))

table 4 : explain SELECT DISTINCT c FROM sbtest4 WHERE id BETWEEN 1000891 AND 1001890 ORDER BY c
	Unique  (cost=3957.50..3962.55 rows=1009 width=121)
	  ->  Sort  (cost=3957.50..3960.03 rows=1009 width=121)
	        Sort Key: c
	        ->  Bitmap Heap Scan on sbtest4  (cost=30.78..3907.16 rows=1009 width=121)
	              Recheck Cond: ((id >= 1000891) AND (id <= 1001890))
	              ->  Bitmap Index Scan on sbtest4_pkey  (cost=0.00..30.52 rows=1009 width=0)
	                    Index Cond: ((id >= 1000891) AND (id <= 1001890))

table 5 : explain SELECT DISTINCT c FROM sbtest5 WHERE id BETWEEN 1304926 AND 1305925 ORDER BY c
	Unique  (cost=4058.21..4063.38 rows=1034 width=121)
	  ->  Sort  (cost=4058.21..4060.79 rows=1034 width=121)
	        Sort Key: c
	        ->  Bitmap Heap Scan on sbtest5  (cost=31.03..4006.44 rows=1034 width=121)
	              Recheck Cond: ((id >= 1304926) AND (id <= 1305925))
	              ->  Bitmap Index Scan on sbtest5_pkey  (cost=0.00..30.77 rows=1034 width=0)
	                    Index Cond: ((id >= 1304926) AND (id <= 1305925))

table 6 : explain SELECT DISTINCT c FROM sbtest6 WHERE id BETWEEN 7390160 AND 7391159 ORDER BY c
	Unique  (cost=3737.07..3741.83 rows=951 width=121)
	  ->  Sort  (cost=3737.07..3739.45 rows=951 width=121)
	        Sort Key: c
	        ->  Bitmap Heap Scan on sbtest6  (cost=30.18..3690.03 rows=951 width=121)
	              Recheck Cond: ((id >= 7390160) AND (id <= 7391159))
	              ->  Bitmap Index Scan on sbtest6_pkey  (cost=0.00..29.94 rows=951 width=0)
	                    Index Cond: ((id >= 7390160) AND (id <= 7391159))

table 7 : explain SELECT DISTINCT c FROM sbtest7 WHERE id BETWEEN 9464563 AND 9465562 ORDER BY c
	Unique  (cost=3966.25..3971.30 rows=1010 width=121)
	  ->  Sort  (cost=3966.25..3968.78 rows=1010 width=121)
	        Sort Key: c
	        ->  Bitmap Heap Scan on sbtest7  (cost=30.79..3915.85 rows=1010 width=121)
	              Recheck Cond: ((id >= 9464563) AND (id <= 9465562))
	              ->  Bitmap Index Scan on sbtest7_pkey  (cost=0.00..30.54 rows=1010 width=0)
	                    Index Cond: ((id >= 9464563) AND (id <= 9465562))

table 8 : explain SELECT DISTINCT c FROM sbtest8 WHERE id BETWEEN 2706617 AND 2707616 ORDER BY c
	Unique  (cost=3917.70..3922.69 rows=998 width=121)
	  ->  Sort  (cost=3917.70..3920.20 rows=998 width=121)
	        Sort Key: c
	        ->  Bitmap Heap Scan on sbtest8  (cost=30.66..3867.99 rows=998 width=121)
	              Recheck Cond: ((id >= 2706617) AND (id <= 2707616))
	              ->  Bitmap Index Scan on sbtest8_pkey  (cost=0.00..30.41 rows=998 width=0)
	                    Index Cond: ((id >= 2706617) AND (id <= 2707616))

explain: for point_selects :: explain SELECT c FROM sbtest%u WHERE id=%u
for: order_ranges
table 1 : explain SELECT c FROM sbtest1 WHERE id BETWEEN 988411 AND 989410 ORDER BY c
	Sort  (cost=4265.00..4267.72 rows=1090 width=121)
	  Sort Key: c
	  ->  Bitmap Heap Scan on sbtest1  (cost=31.61..4210.01 rows=1090 width=121)
	        Recheck Cond: ((id >= 988411) AND (id <= 989410))
	        ->  Bitmap Index Scan on sbtest1_pkey  (cost=0.00..31.33 rows=1090 width=0)
	              Index Cond: ((id >= 988411) AND (id <= 989410))

table 2 : explain SELECT c FROM sbtest2 WHERE id BETWEEN 1286372 AND 1287371 ORDER BY c
	Sort  (cost=4037.35..4039.92 rows=1030 width=121)
	  Sort Key: c
	  ->  Bitmap Heap Scan on sbtest2  (cost=30.99..3985.81 rows=1030 width=121)
	        Recheck Cond: ((id >= 1286372) AND (id <= 1287371))
	        ->  Bitmap Index Scan on sbtest2_pkey  (cost=0.00..30.73 rows=1030 width=0)
	              Index Cond: ((id >= 1286372) AND (id <= 1287371))

table 3 : explain SELECT c FROM sbtest3 WHERE id BETWEEN 2709513 AND 2710512 ORDER BY c
	Sort  (cost=4294.00..4296.75 rows=1097 width=121)
	  Sort Key: c
	  ->  Bitmap Heap Scan on sbtest3  (cost=31.68..4238.61 rows=1097 width=121)
	        Recheck Cond: ((id >= 2709513) AND (id <= 2710512))
	        ->  Bitmap Index Scan on sbtest3_pkey  (cost=0.00..31.40 rows=1097 width=0)
	              Index Cond: ((id >= 2709513) AND (id <= 2710512))

table 4 : explain SELECT c FROM sbtest4 WHERE id BETWEEN 5964748 AND 5965747 ORDER BY c
	Sort  (cost=3988.13..3990.67 rows=1017 width=121)
	  Sort Key: c
	  ->  Bitmap Heap Scan on sbtest4  (cost=30.86..3937.33 rows=1017 width=121)
	        Recheck Cond: ((id >= 5964748) AND (id <= 5965747))
	        ->  Bitmap Index Scan on sbtest4_pkey  (cost=0.00..30.61 rows=1017 width=0)
	              Index Cond: ((id >= 5964748) AND (id <= 5965747))

table 5 : explain SELECT c FROM sbtest5 WHERE id BETWEEN 8153381 AND 8154380 ORDER BY c
	Sort  (cost=4004.54..4007.09 rows=1020 width=121)
	  Sort Key: c
	  ->  Bitmap Heap Scan on sbtest5  (cost=30.89..3953.57 rows=1020 width=121)
	        Recheck Cond: ((id >= 8153381) AND (id <= 8154380))
	        ->  Bitmap Index Scan on sbtest5_pkey  (cost=0.00..30.64 rows=1020 width=0)
	              Index Cond: ((id >= 8153381) AND (id <= 8154380))

table 6 : explain SELECT c FROM sbtest6 WHERE id BETWEEN 6716419 AND 6717418 ORDER BY c
	Sort  (cost=3890.50..3892.98 rows=991 width=121)
	  Sort Key: c
	  ->  Bitmap Heap Scan on sbtest6  (cost=30.59..3841.19 rows=991 width=121)
	        Recheck Cond: ((id >= 6716419) AND (id <= 6717418))
	        ->  Bitmap Index Scan on sbtest6_pkey  (cost=0.00..30.34 rows=991 width=0)
	              Index Cond: ((id >= 6716419) AND (id <= 6717418))

table 7 : explain SELECT c FROM sbtest7 WHERE id BETWEEN 2747749 AND 2748748 ORDER BY c
	Sort  (cost=3724.39..3726.75 rows=947 width=121)
	  Sort Key: c
	  ->  Bitmap Heap Scan on sbtest7  (cost=30.14..3677.57 rows=947 width=121)
	        Recheck Cond: ((id >= 2747749) AND (id <= 2748748))
	        ->  Bitmap Index Scan on sbtest7_pkey  (cost=0.00..29.90 rows=947 width=0)
	              Index Cond: ((id >= 2747749) AND (id <= 2748748))

table 8 : explain SELECT c FROM sbtest8 WHERE id BETWEEN 5189224 AND 5190223 ORDER BY c
	Sort  (cost=3833.35..3835.79 rows=976 width=121)
	  Sort Key: c
	  ->  Bitmap Heap Scan on sbtest8  (cost=30.44..3784.88 rows=976 width=121)
	        Recheck Cond: ((id >= 5189224) AND (id <= 5190223))
	        ->  Bitmap Index Scan on sbtest8_pkey  (cost=0.00..30.19 rows=976 width=0)
	              Index Cond: ((id >= 5189224) AND (id <= 5190223))

for point_selects
table 1 : explain SELECT c FROM sbtest1 WHERE id=239382
	Index Scan using sbtest1_pkey on sbtest1  (cost=0.43..8.45 rows=1 width=121)
	  Index Cond: (id = 239382)

table 2 : explain SELECT c FROM sbtest2 WHERE id=178463
	Index Scan using sbtest2_pkey on sbtest2  (cost=0.43..8.45 rows=1 width=121)
	  Index Cond: (id = 178463)

table 3 : explain SELECT c FROM sbtest3 WHERE id=1844188
	Index Scan using sbtest3_pkey on sbtest3  (cost=0.43..8.45 rows=1 width=121)
	  Index Cond: (id = 1844188)

table 4 : explain SELECT c FROM sbtest4 WHERE id=518582
	Index Scan using sbtest4_pkey on sbtest4  (cost=0.43..8.45 rows=1 width=121)
	  Index Cond: (id = 518582)

table 5 : explain SELECT c FROM sbtest5 WHERE id=8278376
	Index Scan using sbtest5_pkey on sbtest5  (cost=0.43..8.45 rows=1 width=121)
	  Index Cond: (id = 8278376)

table 6 : explain SELECT c FROM sbtest6 WHERE id=9621126
	Index Scan using sbtest6_pkey on sbtest6  (cost=0.43..8.45 rows=1 width=121)
	  Index Cond: (id = 9621126)

table 7 : explain SELECT c FROM sbtest7 WHERE id=1690599
	Index Scan using sbtest7_pkey on sbtest7  (cost=0.43..8.45 rows=1 width=121)
	  Index Cond: (id = 1690599)

table 8 : explain SELECT c FROM sbtest8 WHERE id=2050950
	Index Scan using sbtest8_pkey on sbtest8  (cost=0.43..8.45 rows=1 width=121)
	  Index Cond: (id = 2050950)

for: distinct_ranges
table 1 : explain SELECT DISTINCT c FROM sbtest1 WHERE id BETWEEN 1033147 AND 1034146 ORDER BY c
	Unique  (cost=4200.11..4205.48 rows=1073 width=121)
	  ->  Sort  (cost=4200.11..4202.79 rows=1073 width=121)
	        Sort Key: c
	        ->  Bitmap Heap Scan on sbtest1  (cost=31.43..4146.10 rows=1073 width=121)
	              Recheck Cond: ((id >= 1033147) AND (id <= 1034146))
	              ->  Bitmap Index Scan on sbtest1_pkey  (cost=0.00..31.16 rows=1073 width=0)
	                    Index Cond: ((id >= 1033147) AND (id <= 1034146))

table 2 : explain SELECT DISTINCT c FROM sbtest2 WHERE id BETWEEN 9151631 AND 9152630 ORDER BY c
	Unique  (cost=4117.65..4122.90 rows=1051 width=121)
	  ->  Sort  (cost=4117.65..4120.28 rows=1051 width=121)
	        Sort Key: c
	        ->  Bitmap Heap Scan on sbtest2  (cost=31.21..4064.90 rows=1051 width=121)
	              Recheck Cond: ((id >= 9151631) AND (id <= 9152630))
	              ->  Bitmap Index Scan on sbtest2_pkey  (cost=0.00..30.94 rows=1051 width=0)
	                    Index Cond: ((id >= 9151631) AND (id <= 9152630))

table 3 : explain SELECT DISTINCT c FROM sbtest3 WHERE id BETWEEN 8078182 AND 8079181 ORDER BY c
	Unique  (cost=3869.48..3874.41 rows=986 width=121)
	  ->  Sort  (cost=3869.48..3871.95 rows=986 width=121)
	        Sort Key: c
	        ->  Bitmap Heap Scan on sbtest3  (cost=30.54..3820.45 rows=986 width=121)
	              Recheck Cond: ((id >= 8078182) AND (id <= 8079181))
	              ->  Bitmap Index Scan on sbtest3_pkey  (cost=0.00..30.29 rows=986 width=0)
	                    Index Cond: ((id >= 8078182) AND (id <= 8079181))

table 4 : explain SELECT DISTINCT c FROM sbtest4 WHERE id BETWEEN 3156545 AND 3157544 ORDER BY c
	Unique  (cost=3957.50..3962.55 rows=1009 width=121)
	  ->  Sort  (cost=3957.50..3960.03 rows=1009 width=121)
	        Sort Key: c
	        ->  Bitmap Heap Scan on sbtest4  (cost=30.78..3907.16 rows=1009 width=121)
	              Recheck Cond: ((id >= 3156545) AND (id <= 3157544))
	              ->  Bitmap Index Scan on sbtest4_pkey  (cost=0.00..30.52 rows=1009 width=0)
	                    Index Cond: ((id >= 3156545) AND (id <= 3157544))

table 5 : explain SELECT DISTINCT c FROM sbtest5 WHERE id BETWEEN 7914921 AND 7915920 ORDER BY c
	Unique  (cost=4085.03..4090.24 rows=1041 width=121)
	  ->  Sort  (cost=4085.03..4087.64 rows=1041 width=121)
	        Sort Key: c
	        ->  Bitmap Heap Scan on sbtest5  (cost=31.11..4032.86 rows=1041 width=121)
	              Recheck Cond: ((id >= 7914921) AND (id <= 7915920))
	              ->  Bitmap Index Scan on sbtest5_pkey  (cost=0.00..30.84 rows=1041 width=0)
	                    Index Cond: ((id >= 7914921) AND (id <= 7915920))

table 6 : explain SELECT DISTINCT c FROM sbtest6 WHERE id BETWEEN 3343344 AND 3344343 ORDER BY c
	Unique  (cost=3944.16..3949.18 rows=1005 width=121)
	  ->  Sort  (cost=3944.16..3946.67 rows=1005 width=121)
	        Sort Key: c
	        ->  Bitmap Heap Scan on sbtest6  (cost=30.74..3894.04 rows=1005 width=121)
	              Recheck Cond: ((id >= 3343344) AND (id <= 3344343))
	              ->  Bitmap Index Scan on sbtest6_pkey  (cost=0.00..30.48 rows=1005 width=0)
	                    Index Cond: ((id >= 3343344) AND (id <= 3344343))

table 7 : explain SELECT DISTINCT c FROM sbtest7 WHERE id BETWEEN 9027220 AND 9028219 ORDER BY c
	Unique  (cost=4023.77..4028.89 rows=1025 width=121)
	  ->  Sort  (cost=4023.77..4026.33 rows=1025 width=121)
	        Sort Key: c
	        ->  Bitmap Heap Scan on sbtest7  (cost=30.94..3972.51 rows=1025 width=121)
	              Recheck Cond: ((id >= 9027220) AND (id <= 9028219))
	              ->  Bitmap Index Scan on sbtest7_pkey  (cost=0.00..30.68 rows=1025 width=0)
	                    Index Cond: ((id >= 9027220) AND (id <= 9028219))

table 8 : explain SELECT DISTINCT c FROM sbtest8 WHERE id BETWEEN 2803526 AND 2804525 ORDER BY c
	Unique  (cost=4074.76..4079.95 rows=1039 width=121)
	  ->  Sort  (cost=4074.76..4077.36 rows=1039 width=121)
	        Sort Key: c
	        ->  Bitmap Heap Scan on sbtest8  (cost=31.08..4022.70 rows=1039 width=121)
	              Recheck Cond: ((id >= 2803526) AND (id <= 2804525))
	              ->  Bitmap Index Scan on sbtest8_pkey  (cost=0.00..30.82 rows=1039 width=0)
	                    Index Cond: ((id >= 2803526) AND (id <= 2804525))

for: order_ranges
table 1 : explain SELECT c FROM sbtest1 WHERE id BETWEEN 8941769 AND 8942768 ORDER BY c
	Sort  (cost=4016.72..4019.29 rows=1025 width=121)
	  Sort Key: c
	  ->  Bitmap Heap Scan on sbtest1  (cost=30.94..3965.47 rows=1025 width=121)
	        Recheck Cond: ((id >= 8941769) AND (id <= 8942768))
	        ->  Bitmap Index Scan on sbtest1_pkey  (cost=0.00..30.68 rows=1025 width=0)
	              Index Cond: ((id >= 8941769) AND (id <= 8942768))

table 2 : explain SELECT c FROM sbtest2 WHERE id BETWEEN 4762452 AND 4763451 ORDER BY c
	Sort  (cost=3730.96..3733.34 rows=950 width=121)
	  Sort Key: c
	  ->  Bitmap Heap Scan on sbtest2  (cost=30.17..3683.98 rows=950 width=121)
	        Recheck Cond: ((id >= 4762452) AND (id <= 4763451))
	        ->  Bitmap Index Scan on sbtest2_pkey  (cost=0.00..29.93 rows=950 width=0)
	              Index Cond: ((id >= 4762452) AND (id <= 4763451))

table 3 : explain SELECT c FROM sbtest3 WHERE id BETWEEN 8527271 AND 8528270 ORDER BY c
	Sort  (cost=3804.33..3806.76 rows=969 width=121)
	  Sort Key: c
	  ->  Bitmap Heap Scan on sbtest3  (cost=30.37..3756.27 rows=969 width=121)
	        Recheck Cond: ((id >= 8527271) AND (id <= 8528270))
	        ->  Bitmap Index Scan on sbtest3_pkey  (cost=0.00..30.12 rows=969 width=0)
	              Index Cond: ((id >= 8527271) AND (id <= 8528270))

table 4 : explain SELECT c FROM sbtest4 WHERE id BETWEEN 2446301 AND 2447300 ORDER BY c
	Sort  (cost=4351.19..4353.97 rows=1112 width=121)
	  Sort Key: c
	  ->  Bitmap Heap Scan on sbtest4  (cost=31.83..4294.93 rows=1112 width=121)
	        Recheck Cond: ((id >= 2446301) AND (id <= 2447300))
	        ->  Bitmap Index Scan on sbtest4_pkey  (cost=0.00..31.55 rows=1112 width=0)
	              Index Cond: ((id >= 2446301) AND (id <= 2447300))

table 5 : explain SELECT c FROM sbtest5 WHERE id BETWEEN 4249598 AND 4250597 ORDER BY c
	Sort  (cost=3674.37..3676.70 rows=934 width=121)
	  Sort Key: c
	  ->  Bitmap Heap Scan on sbtest5  (cost=30.01..3628.29 rows=934 width=121)
	        Recheck Cond: ((id >= 4249598) AND (id <= 4250597))
	        ->  Bitmap Index Scan on sbtest5_pkey  (cost=0.00..29.77 rows=934 width=0)
	              Index Cond: ((id >= 4249598) AND (id <= 4250597))

table 6 : explain SELECT c FROM sbtest6 WHERE id BETWEEN 5636430 AND 5637429 ORDER BY c
	Sort  (cost=3579.61..3581.88 rows=910 width=121)
	  Sort Key: c
	  ->  Bitmap Heap Scan on sbtest6  (cost=29.76..3534.88 rows=910 width=121)
	        Recheck Cond: ((id >= 5636430) AND (id <= 5637429))
	        ->  Bitmap Index Scan on sbtest6_pkey  (cost=0.00..29.54 rows=910 width=0)
	              Index Cond: ((id >= 5636430) AND (id <= 5637429))

table 7 : explain SELECT c FROM sbtest7 WHERE id BETWEEN 4066228 AND 4067227 ORDER BY c
	Sort  (cost=3816.58..3819.01 rows=971 width=121)
	  Sort Key: c
	  ->  Bitmap Heap Scan on sbtest7  (cost=30.39..3768.40 rows=971 width=121)
	        Recheck Cond: ((id >= 4066228) AND (id <= 4067227))
	        ->  Bitmap Index Scan on sbtest7_pkey  (cost=0.00..30.14 rows=971 width=0)
	              Index Cond: ((id >= 4066228) AND (id <= 4067227))

table 8 : explain SELECT c FROM sbtest8 WHERE id BETWEEN 4884371 AND 4885370 ORDER BY c
	Sort  (cost=3982.85..3985.38 rows=1015 width=121)
	  Sort Key: c
	  ->  Bitmap Heap Scan on sbtest8  (cost=30.84..3932.16 rows=1015 width=121)
	        Recheck Cond: ((id >= 4884371) AND (id <= 4885370))
	        ->  Bitmap Index Scan on sbtest8_pkey  (cost=0.00..30.58 rows=1015 width=0)
	              Index Cond: ((id >= 4884371) AND (id <= 4885370))

for: order_ranges
table 1 : explain SELECT c FROM sbtest1 WHERE id BETWEEN 5577041 AND 5578040 ORDER BY c
	Sort  (cost=3913.45..3915.94 rows=998 width=121)
	  Sort Key: c
	  ->  Bitmap Heap Scan on sbtest1  (cost=30.66..3863.73 rows=998 width=121)
	        Recheck Cond: ((id >= 5577041) AND (id <= 5578040))
	        ->  Bitmap Index Scan on sbtest1_pkey  (cost=0.00..30.41 rows=998 width=0)
	              Index Cond: ((id >= 5577041) AND (id <= 5578040))

table 2 : explain SELECT c FROM sbtest2 WHERE id BETWEEN 6986169 AND 6987168 ORDER BY c
	Sort  (cost=3769.30..3771.70 rows=960 width=121)
	  Sort Key: c
	  ->  Bitmap Heap Scan on sbtest2  (cost=30.27..3721.75 rows=960 width=121)
	        Recheck Cond: ((id >= 6986169) AND (id <= 6987168))
	        ->  Bitmap Index Scan on sbtest2_pkey  (cost=0.00..30.04 rows=960 width=0)
	              Index Cond: ((id >= 6986169) AND (id <= 6987168))

table 3 : explain SELECT c FROM sbtest3 WHERE id BETWEEN 639314 AND 640313 ORDER BY c
	Sort  (cost=3980.53..3983.07 rows=1015 width=121)
	  Sort Key: c
	  ->  Bitmap Heap Scan on sbtest3  (cost=30.84..3929.85 rows=1015 width=121)
	        Recheck Cond: ((id >= 639314) AND (id <= 640313))
	        ->  Bitmap Index Scan on sbtest3_pkey  (cost=0.00..30.58 rows=1015 width=0)
	              Index Cond: ((id >= 639314) AND (id <= 640313))

table 4 : explain SELECT c FROM sbtest4 WHERE id BETWEEN 3618171 AND 3619170 ORDER BY c
	Sort  (cost=4041.70..4044.27 rows=1031 width=121)
	  Sort Key: c
	  ->  Bitmap Heap Scan on sbtest4  (cost=31.00..3990.10 rows=1031 width=121)
	        Recheck Cond: ((id >= 3618171) AND (id <= 3619170))
	        ->  Bitmap Index Scan on sbtest4_pkey  (cost=0.00..30.75 rows=1031 width=0)
	              Index Cond: ((id >= 3618171) AND (id <= 3619170))

table 5 : explain SELECT c FROM sbtest5 WHERE id BETWEEN 6320584 AND 6321583 ORDER BY c
	Sort  (cost=4253.53..4256.24 rows=1085 width=121)
	  Sort Key: c
	  ->  Bitmap Heap Scan on sbtest5  (cost=31.56..4198.82 rows=1085 width=121)
	        Recheck Cond: ((id >= 6320584) AND (id <= 6321583))
	        ->  Bitmap Index Scan on sbtest5_pkey  (cost=0.00..31.29 rows=1085 width=0)
	              Index Cond: ((id >= 6320584) AND (id <= 6321583))

table 6 : explain SELECT c FROM sbtest6 WHERE id BETWEEN 6599412 AND 6600411 ORDER BY c
	Sort  (cost=3852.16..3854.62 rows=981 width=121)
	  Sort Key: c
	  ->  Bitmap Heap Scan on sbtest6  (cost=30.49..3803.42 rows=981 width=121)
	        Recheck Cond: ((id >= 6599412) AND (id <= 6600411))
	        ->  Bitmap Index Scan on sbtest6_pkey  (cost=0.00..30.25 rows=981 width=0)
	              Index Cond: ((id >= 6599412) AND (id <= 6600411))

table 7 : explain SELECT c FROM sbtest7 WHERE id BETWEEN 6758253 AND 6759252 ORDER BY c
	Sort  (cost=3851.13..3853.58 rows=980 width=121)
	  Sort Key: c
	  ->  Bitmap Heap Scan on sbtest7  (cost=30.48..3802.44 rows=980 width=121)
	        Recheck Cond: ((id >= 6758253) AND (id <= 6759252))
	        ->  Bitmap Index Scan on sbtest7_pkey  (cost=0.00..30.23 rows=980 width=0)
	              Index Cond: ((id >= 6758253) AND (id <= 6759252))

table 8 : explain SELECT c FROM sbtest8 WHERE id BETWEEN 1316670 AND 1317669 ORDER BY c
	Sort  (cost=4047.96..4050.54 rows=1032 width=121)
	  Sort Key: c
	  ->  Bitmap Heap Scan on sbtest8  (cost=31.01..3996.30 rows=1032 width=121)
	        Recheck Cond: ((id >= 1316670) AND (id <= 1317669))
	        ->  Bitmap Index Scan on sbtest8_pkey  (cost=0.00..30.75 rows=1032 width=0)
	              Index Cond: ((id >= 1316670) AND (id <= 1317669))

for: order_ranges
table 1 : explain SELECT c FROM sbtest1 WHERE id BETWEEN 4785582 AND 4786581 ORDER BY c
	Sort  (cost=3783.27..3785.68 rows=964 width=121)
	  Sort Key: c
	  ->  Bitmap Heap Scan on sbtest1  (cost=30.32..3735.49 rows=964 width=121)
	        Recheck Cond: ((id >= 4785582) AND (id <= 4786581))
	        ->  Bitmap Index Scan on sbtest1_pkey  (cost=0.00..30.07 rows=964 width=0)
	              Index Cond: ((id >= 4785582) AND (id <= 4786581))

table 2 : explain SELECT c FROM sbtest2 WHERE id BETWEEN 343016 AND 344015 ORDER BY c
	Sort  (cost=3535.08..3537.33 rows=900 width=121)
	  Sort Key: c
	  ->  Bitmap Heap Scan on sbtest2  (cost=25.66..3490.92 rows=900 width=121)
	        Recheck Cond: ((id >= 343016) AND (id <= 344015))
	        ->  Bitmap Index Scan on sbtest2_pkey  (cost=0.00..25.43 rows=900 width=0)
	              Index Cond: ((id >= 343016) AND (id <= 344015))

table 3 : explain SELECT c FROM sbtest3 WHERE id BETWEEN 4155664 AND 4156663 ORDER BY c
	Sort  (cost=3992.01..3994.56 rows=1018 width=121)
	  Sort Key: c
	  ->  Bitmap Heap Scan on sbtest3  (cost=30.87..3941.16 rows=1018 width=121)
	        Recheck Cond: ((id >= 4155664) AND (id <= 4156663))
	        ->  Bitmap Index Scan on sbtest3_pkey  (cost=0.00..30.61 rows=1018 width=0)
	              Index Cond: ((id >= 4155664) AND (id <= 4156663))

table 4 : explain SELECT c FROM sbtest4 WHERE id BETWEEN 7400727 AND 7401726 ORDER BY c
	Sort  (cost=3999.61..4002.16 rows=1020 width=121)
	  Sort Key: c
	  ->  Bitmap Heap Scan on sbtest4  (cost=30.89..3948.64 rows=1020 width=121)
	        Recheck Cond: ((id >= 7400727) AND (id <= 7401726))
	        ->  Bitmap Index Scan on sbtest4_pkey  (cost=0.00..30.64 rows=1020 width=0)
	              Index Cond: ((id >= 7400727) AND (id <= 7401726))

table 5 : explain SELECT c FROM sbtest5 WHERE id BETWEEN 1109850 AND 1110849 ORDER BY c
	Sort  (cost=3766.60..3768.99 rows=958 width=121)
	  Sort Key: c
	  ->  Bitmap Heap Scan on sbtest5  (cost=30.25..3719.16 rows=958 width=121)
	        Recheck Cond: ((id >= 1109850) AND (id <= 1110849))
	        ->  Bitmap Index Scan on sbtest5_pkey  (cost=0.00..30.01 rows=958 width=0)
	              Index Cond: ((id >= 1109850) AND (id <= 1110849))

table 6 : explain SELECT c FROM sbtest6 WHERE id BETWEEN 2486809 AND 2487808 ORDER BY c
	Sort  (cost=3467.95..3470.16 rows=882 width=121)
	  Sort Key: c
	  ->  Bitmap Heap Scan on sbtest6  (cost=25.48..3424.80 rows=882 width=121)
	        Recheck Cond: ((id >= 2486809) AND (id <= 2487808))
	        ->  Bitmap Index Scan on sbtest6_pkey  (cost=0.00..25.25 rows=882 width=0)
	              Index Cond: ((id >= 2486809) AND (id <= 2487808))

table 7 : explain SELECT c FROM sbtest7 WHERE id BETWEEN 3781569 AND 3782568 ORDER BY c
	Sort  (cost=4016.10..4018.66 rows=1023 width=121)
	  Sort Key: c
	  ->  Bitmap Heap Scan on sbtest7  (cost=30.92..3964.96 rows=1023 width=121)
	        Recheck Cond: ((id >= 3781569) AND (id <= 3782568))
	        ->  Bitmap Index Scan on sbtest7_pkey  (cost=0.00..30.66 rows=1023 width=0)
	              Index Cond: ((id >= 3781569) AND (id <= 3782568))

table 8 : explain SELECT c FROM sbtest8 WHERE id BETWEEN 8281255 AND 8282254 ORDER BY c
	Sort  (cost=4070.93..4073.53 rows=1038 width=121)
	  Sort Key: c
	  ->  Bitmap Heap Scan on sbtest8  (cost=31.07..4018.93 rows=1038 width=121)
	        Recheck Cond: ((id >= 8281255) AND (id <= 8282254))
	        ->  Bitmap Index Scan on sbtest8_pkey  (cost=0.00..30.82 rows=1038 width=0)
	              Index Cond: ((id >= 8281255) AND (id <= 8282254))

for: order_ranges
table 1 : explain SELECT c FROM sbtest1 WHERE id BETWEEN 6948575 AND 6949574 ORDER BY c
	Sort  (cost=4005.25..4007.81 rows=1022 width=121)
	  Sort Key: c
	  ->  Bitmap Heap Scan on sbtest1  (cost=30.91..3954.17 rows=1022 width=121)
	        Recheck Cond: ((id >= 6948575) AND (id <= 6949574))
	        ->  Bitmap Index Scan on sbtest1_pkey  (cost=0.00..30.65 rows=1022 width=0)
	              Index Cond: ((id >= 6948575) AND (id <= 6949574))

table 2 : explain SELECT c FROM sbtest2 WHERE id BETWEEN 6698903 AND 6699902 ORDER BY c
	Sort  (cost=3519.71..3521.95 rows=896 width=121)
	  Sort Key: c
	  ->  Bitmap Heap Scan on sbtest2  (cost=25.62..3475.78 rows=896 width=121)
	        Recheck Cond: ((id >= 6698903) AND (id <= 6699902))
	        ->  Bitmap Index Scan on sbtest2_pkey  (cost=0.00..25.39 rows=896 width=0)
	              Index Cond: ((id >= 6698903) AND (id <= 6699902))

table 3 : explain SELECT c FROM sbtest3 WHERE id BETWEEN 3789989 AND 3790988 ORDER BY c
	Sort  (cost=3938.42..3940.93 rows=1004 width=121)
	  Sort Key: c
	  ->  Bitmap Heap Scan on sbtest3  (cost=30.73..3888.36 rows=1004 width=121)
	        Recheck Cond: ((id >= 3789989) AND (id <= 3790988))
	        ->  Bitmap Index Scan on sbtest3_pkey  (cost=0.00..30.47 rows=1004 width=0)
	              Index Cond: ((id >= 3789989) AND (id <= 3790988))

table 4 : explain SELECT c FROM sbtest4 WHERE id BETWEEN 4008413 AND 4009412 ORDER BY c
	Sort  (cost=3773.61..3776.01 rows=961 width=121)
	  Sort Key: c
	  ->  Bitmap Heap Scan on sbtest4  (cost=30.29..3726.00 rows=961 width=121)
	        Recheck Cond: ((id >= 4008413) AND (id <= 4009412))
	        ->  Bitmap Index Scan on sbtest4_pkey  (cost=0.00..30.04 rows=961 width=0)
	              Index Cond: ((id >= 4008413) AND (id <= 4009412))

table 5 : explain SELECT c FROM sbtest5 WHERE id BETWEEN 8935630 AND 8936629 ORDER BY c
	Sort  (cost=4291.79..4294.53 rows=1095 width=121)
	  Sort Key: c
	  ->  Bitmap Heap Scan on sbtest5  (cost=31.66..4236.51 rows=1095 width=121)
	        Recheck Cond: ((id >= 8935630) AND (id <= 8936629))
	        ->  Bitmap Index Scan on sbtest5_pkey  (cost=0.00..31.39 rows=1095 width=0)
	              Index Cond: ((id >= 8935630) AND (id <= 8936629))

table 6 : explain SELECT c FROM sbtest6 WHERE id BETWEEN 9734083 AND 9735082 ORDER BY c
	Sort  (cost=3967.15..3969.67 rows=1011 width=121)
	  Sort Key: c
	  ->  Bitmap Heap Scan on sbtest6  (cost=30.80..3916.69 rows=1011 width=121)
	        Recheck Cond: ((id >= 9734083) AND (id <= 9735082))
	        ->  Bitmap Index Scan on sbtest6_pkey  (cost=0.00..30.54 rows=1011 width=0)
	              Index Cond: ((id >= 9734083) AND (id <= 9735082))

table 7 : explain SELECT c FROM sbtest7 WHERE id BETWEEN 5816055 AND 5817054 ORDER BY c
	Sort  (cost=3993.10..3995.64 rows=1017 width=121)
	  Sort Key: c
	  ->  Bitmap Heap Scan on sbtest7  (cost=30.86..3942.30 rows=1017 width=121)
	        Recheck Cond: ((id >= 5816055) AND (id <= 5817054))
	        ->  Bitmap Index Scan on sbtest7_pkey  (cost=0.00..30.61 rows=1017 width=0)
	              Index Cond: ((id >= 5816055) AND (id <= 5817054))

table 8 : explain SELECT c FROM sbtest8 WHERE id BETWEEN 2051964 AND 2052963 ORDER BY c
	Sort  (cost=3864.03..3866.49 rows=984 width=121)
	  Sort Key: c
	  ->  Bitmap Heap Scan on sbtest8  (cost=30.52..3815.11 rows=984 width=121)
	        Recheck Cond: ((id >= 2051964) AND (id <= 2052963))
	        ->  Bitmap Index Scan on sbtest8_pkey  (cost=0.00..30.27 rows=984 width=0)
	              Index Cond: ((id >= 2051964) AND (id <= 2052963))

for: order_ranges
table 1 : explain SELECT c FROM sbtest1 WHERE id BETWEEN 3432988 AND 3433987 ORDER BY c
	Sort  (cost=4039.66..4042.24 rows=1031 width=121)
	  Sort Key: c
	  ->  Bitmap Heap Scan on sbtest1  (cost=31.00..3988.06 rows=1031 width=121)
	        Recheck Cond: ((id >= 3432988) AND (id <= 3433987))
	        ->  Bitmap Index Scan on sbtest1_pkey  (cost=0.00..30.75 rows=1031 width=0)
	              Index Cond: ((id >= 3432988) AND (id <= 3433987))

table 2 : explain SELECT c FROM sbtest2 WHERE id BETWEEN 5360278 AND 5361277 ORDER BY c
	Sort  (cost=3734.80..3737.18 rows=951 width=121)
	  Sort Key: c
	  ->  Bitmap Heap Scan on sbtest2  (cost=30.18..3687.76 rows=951 width=121)
	        Recheck Cond: ((id >= 5360278) AND (id <= 5361277))
	        ->  Bitmap Index Scan on sbtest2_pkey  (cost=0.00..29.94 rows=951 width=0)
	              Index Cond: ((id >= 5360278) AND (id <= 5361277))

table 3 : explain SELECT c FROM sbtest3 WHERE id BETWEEN 8601305 AND 8602304 ORDER BY c
	Sort  (cost=3666.10..3668.43 rows=934 width=121)
	  Sort Key: c
	  ->  Bitmap Heap Scan on sbtest3  (cost=26.01..3620.02 rows=934 width=121)
	        Recheck Cond: ((id >= 8601305) AND (id <= 8602304))
	        ->  Bitmap Index Scan on sbtest3_pkey  (cost=0.00..25.77 rows=934 width=0)
	              Index Cond: ((id >= 8601305) AND (id <= 8602304))

table 4 : explain SELECT c FROM sbtest4 WHERE id BETWEEN 651315 AND 652314 ORDER BY c
	Sort  (cost=4183.17..4185.84 rows=1068 width=121)
	  Sort Key: c
	  ->  Bitmap Heap Scan on sbtest4  (cost=31.38..4129.44 rows=1068 width=121)
	        Recheck Cond: ((id >= 651315) AND (id <= 652314))
	        ->  Bitmap Index Scan on sbtest4_pkey  (cost=0.00..31.11 rows=1068 width=0)
	              Index Cond: ((id >= 651315) AND (id <= 652314))

table 5 : explain SELECT c FROM sbtest5 WHERE id BETWEEN 1296006 AND 1297005 ORDER BY c
	Sort  (cost=4058.21..4060.79 rows=1034 width=121)
	  Sort Key: c
	  ->  Bitmap Heap Scan on sbtest5  (cost=31.03..4006.44 rows=1034 width=121)
	        Recheck Cond: ((id >= 1296006) AND (id <= 1297005))
	        ->  Bitmap Index Scan on sbtest5_pkey  (cost=0.00..30.77 rows=1034 width=0)
	              Index Cond: ((id >= 1296006) AND (id <= 1297005))

table 6 : explain SELECT c FROM sbtest6 WHERE id BETWEEN 271378 AND 272377 ORDER BY c
	Sort  (cost=3679.49..3681.83 rows=936 width=121)
	  Sort Key: c
	  ->  Bitmap Heap Scan on sbtest6  (cost=30.03..3633.30 rows=936 width=121)
	        Recheck Cond: ((id >= 271378) AND (id <= 272377))
	        ->  Bitmap Index Scan on sbtest6_pkey  (cost=0.00..29.79 rows=936 width=0)
	              Index Cond: ((id >= 271378) AND (id <= 272377))

table 7 : explain SELECT c FROM sbtest7 WHERE id BETWEEN 2363356 AND 2364355 ORDER BY c
	Sort  (cost=3805.06..3807.48 rows=968 width=121)
	  Sort Key: c
	  ->  Bitmap Heap Scan on sbtest7  (cost=30.36..3757.05 rows=968 width=121)
	        Recheck Cond: ((id >= 2363356) AND (id <= 2364355))
	        ->  Bitmap Index Scan on sbtest7_pkey  (cost=0.00..30.11 rows=968 width=0)
	              Index Cond: ((id >= 2363356) AND (id <= 2364355))

table 8 : explain SELECT c FROM sbtest8 WHERE id BETWEEN 1353240 AND 1354239 ORDER BY c
	Sort  (cost=4047.96..4050.54 rows=1032 width=121)
	  Sort Key: c
	  ->  Bitmap Heap Scan on sbtest8  (cost=31.01..3996.30 rows=1032 width=121)
	        Recheck Cond: ((id >= 1353240) AND (id <= 1354239))
	        ->  Bitmap Index Scan on sbtest8_pkey  (cost=0.00..30.75 rows=1032 width=0)
	              Index Cond: ((id >= 1353240) AND (id <= 1354239))

for: order_ranges
table 1 : explain SELECT c FROM sbtest1 WHERE id BETWEEN 547813 AND 548812 ORDER BY c
	Sort  (cost=3733.46..3735.84 rows=951 width=121)
	  Sort Key: c
	  ->  Bitmap Heap Scan on sbtest1  (cost=30.18..3686.42 rows=951 width=121)
	        Recheck Cond: ((id >= 547813) AND (id <= 548812))
	        ->  Bitmap Index Scan on sbtest1_pkey  (cost=0.00..29.94 rows=951 width=0)
	              Index Cond: ((id >= 547813) AND (id <= 548812))

table 2 : explain SELECT c FROM sbtest2 WHERE id BETWEEN 3661790 AND 3662789 ORDER BY c
	Sort  (cost=4174.97..4177.64 rows=1066 width=121)
	  Sort Key: c
	  ->  Bitmap Heap Scan on sbtest2  (cost=31.36..4121.36 rows=1066 width=121)
	        Recheck Cond: ((id >= 3661790) AND (id <= 3662789))
	        ->  Bitmap Index Scan on sbtest2_pkey  (cost=0.00..31.09 rows=1066 width=0)
	              Index Cond: ((id >= 3661790) AND (id <= 3662789))

table 3 : explain SELECT c FROM sbtest3 WHERE id BETWEEN 5442871 AND 5443870 ORDER BY c
	Sort  (cost=3424.09..3426.27 rows=871 width=121)
	  Sort Key: c
	  ->  Bitmap Heap Scan on sbtest3  (cost=25.36..3381.56 rows=871 width=121)
	        Recheck Cond: ((id >= 5442871) AND (id <= 5443870))
	        ->  Bitmap Index Scan on sbtest3_pkey  (cost=0.00..25.14 rows=871 width=0)
	              Index Cond: ((id >= 5442871) AND (id <= 5443870))

table 4 : explain SELECT c FROM sbtest4 WHERE id BETWEEN 7761463 AND 7762462 ORDER BY c
	Sort  (cost=3995.78..3998.33 rows=1019 width=121)
	  Sort Key: c
	  ->  Bitmap Heap Scan on sbtest4  (cost=30.88..3944.87 rows=1019 width=121)
	        Recheck Cond: ((id >= 7761463) AND (id <= 7762462))
	        ->  Bitmap Index Scan on sbtest4_pkey  (cost=0.00..30.62 rows=1019 width=0)
	              Index Cond: ((id >= 7761463) AND (id <= 7762462))

table 5 : explain SELECT c FROM sbtest5 WHERE id BETWEEN 2888646 AND 2889645 ORDER BY c
	Sort  (cost=4238.22..4240.92 rows=1081 width=121)
	  Sort Key: c
	  ->  Bitmap Heap Scan on sbtest5  (cost=31.52..4183.74 rows=1081 width=121)
	        Recheck Cond: ((id >= 2888646) AND (id <= 2889645))
	        ->  Bitmap Index Scan on sbtest5_pkey  (cost=0.00..31.25 rows=1081 width=0)
	              Index Cond: ((id >= 2888646) AND (id <= 2889645))

table 6 : explain SELECT c FROM sbtest6 WHERE id BETWEEN 4725783 AND 4726782 ORDER BY c
	Sort  (cost=3978.64..3981.17 rows=1014 width=121)
	  Sort Key: c
	  ->  Bitmap Heap Scan on sbtest6  (cost=30.83..3928.01 rows=1014 width=121)
	        Recheck Cond: ((id >= 4725783) AND (id <= 4726782))
	        ->  Bitmap Index Scan on sbtest6_pkey  (cost=0.00..30.57 rows=1014 width=0)
	              Index Cond: ((id >= 4725783) AND (id <= 4726782))

table 7 : explain SELECT c FROM sbtest7 WHERE id BETWEEN 5047431 AND 5048430 ORDER BY c
	Sort  (cost=3916.38..3918.87 rows=997 width=121)
	  Sort Key: c
	  ->  Bitmap Heap Scan on sbtest7  (cost=30.65..3866.72 rows=997 width=121)
	        Recheck Cond: ((id >= 5047431) AND (id <= 5048430))
	        ->  Bitmap Index Scan on sbtest7_pkey  (cost=0.00..30.40 rows=997 width=0)
	              Index Cond: ((id >= 5047431) AND (id <= 5048430))

table 8 : explain SELECT c FROM sbtest8 WHERE id BETWEEN 7956954 AND 7957953 ORDER BY c
	Sort  (cost=3775.80..3778.20 rows=961 width=121)
	  Sort Key: c
	  ->  Bitmap Heap Scan on sbtest8  (cost=30.29..3728.19 rows=961 width=121)
	        Recheck Cond: ((id >= 7956954) AND (id <= 7957953))
	        ->  Bitmap Index Scan on sbtest8_pkey  (cost=0.00..30.04 rows=961 width=0)
	              Index Cond: ((id >= 7956954) AND (id <= 7957953))

explain: for point_selects :: explain SELECT c FROM sbtest%u WHERE id=%u
explain: for point_selects :: explain SELECT c FROM sbtest%u WHERE id=%u
explain: for point_selects :: explain SELECT c FROM sbtest%u WHERE id=%u
for: order_ranges
table 1 : explain SELECT c FROM sbtest1 WHERE id BETWEEN 3677913 AND 3678912 ORDER BY c
	Sort  (cost=3775.61..3778.01 rows=962 width=121)
	  Sort Key: c
	  ->  Bitmap Heap Scan on sbtest1  (cost=30.30..3727.94 rows=962 width=121)
	        Recheck Cond: ((id >= 3677913) AND (id <= 3678912))
	        ->  Bitmap Index Scan on sbtest1_pkey  (cost=0.00..30.05 rows=962 width=0)
	              Index Cond: ((id >= 3677913) AND (id <= 3678912))

table 2 : explain SELECT c FROM sbtest2 WHERE id BETWEEN 6532904 AND 6533903 ORDER BY c
	Sort  (cost=3738.63..3741.01 rows=952 width=121)
	  Sort Key: c
	  ->  Bitmap Heap Scan on sbtest2  (cost=30.19..3691.53 rows=952 width=121)
	        Recheck Cond: ((id >= 6532904) AND (id <= 6533903))
	        ->  Bitmap Index Scan on sbtest2_pkey  (cost=0.00..29.95 rows=952 width=0)
	              Index Cond: ((id >= 6532904) AND (id <= 6533903))

table 3 : explain SELECT c FROM sbtest3 WHERE id BETWEEN 2366325 AND 2367324 ORDER BY c
	Sort  (cost=4076.19..4078.79 rows=1040 width=121)
	  Sort Key: c
	  ->  Bitmap Heap Scan on sbtest3  (cost=31.09..4024.07 rows=1040 width=121)
	        Recheck Cond: ((id >= 2366325) AND (id <= 2367324))
	        ->  Bitmap Index Scan on sbtest3_pkey  (cost=0.00..30.83 rows=1040 width=0)
	              Index Cond: ((id >= 2366325) AND (id <= 2367324))

table 4 : explain SELECT c FROM sbtest4 WHERE id BETWEEN 4194916 AND 4195915 ORDER BY c
	Sort  (cost=4175.52..4178.19 rows=1066 width=121)
	  Sort Key: c
	  ->  Bitmap Heap Scan on sbtest4  (cost=31.36..4121.91 rows=1066 width=121)
	        Recheck Cond: ((id >= 4194916) AND (id <= 4195915))
	        ->  Bitmap Index Scan on sbtest4_pkey  (cost=0.00..31.09 rows=1066 width=0)
	              Index Cond: ((id >= 4194916) AND (id <= 4195915))

table 5 : explain SELECT c FROM sbtest5 WHERE id BETWEEN 8565009 AND 8566008 ORDER BY c
	Sort  (cost=3793.48..3795.90 rows=965 width=121)
	  Sort Key: c
	  ->  Bitmap Heap Scan on sbtest5  (cost=30.33..3745.65 rows=965 width=121)
	        Recheck Cond: ((id >= 8565009) AND (id <= 8566008))
	        ->  Bitmap Index Scan on sbtest5_pkey  (cost=0.00..30.08 rows=965 width=0)
	              Index Cond: ((id >= 8565009) AND (id <= 8566008))

table 6 : explain SELECT c FROM sbtest6 WHERE id BETWEEN 4458348 AND 4459347 ORDER BY c
	Sort  (cost=4257.97..4260.68 rows=1087 width=121)
	  Sort Key: c
	  ->  Bitmap Heap Scan on sbtest6  (cost=31.58..4203.15 rows=1087 width=121)
	        Recheck Cond: ((id >= 4458348) AND (id <= 4459347))
	        ->  Bitmap Index Scan on sbtest6_pkey  (cost=0.00..31.30 rows=1087 width=0)
	              Index Cond: ((id >= 4458348) AND (id <= 4459347))

table 7 : explain SELECT c FROM sbtest7 WHERE id BETWEEN 9296014 AND 9297013 ORDER BY c
	Sort  (cost=3866.49..3868.95 rows=984 width=121)
	  Sort Key: c
	  ->  Bitmap Heap Scan on sbtest7  (cost=30.52..3817.57 rows=984 width=121)
	        Recheck Cond: ((id >= 9296014) AND (id <= 9297013))
	        ->  Bitmap Index Scan on sbtest7_pkey  (cost=0.00..30.27 rows=984 width=0)
	              Index Cond: ((id >= 9296014) AND (id <= 9297013))

table 8 : explain SELECT c FROM sbtest8 WHERE id BETWEEN 2141154 AND 2142153 ORDER BY c
	Sort  (cost=4258.38..4261.10 rows=1087 width=121)
	  Sort Key: c
	  ->  Bitmap Heap Scan on sbtest8  (cost=31.58..4203.57 rows=1087 width=121)
	        Recheck Cond: ((id >= 2141154) AND (id <= 2142153))
	        ->  Bitmap Index Scan on sbtest8_pkey  (cost=0.00..31.30 rows=1087 width=0)
	              Index Cond: ((id >= 2141154) AND (id <= 2142153))

explain: for point_selects :: explain SELECT c FROM sbtest%u WHERE id=%u
for: distinct_ranges
table 1 : explain SELECT DISTINCT c FROM sbtest1 WHERE id BETWEEN 6413887 AND 6414886 ORDER BY c
	Unique  (cost=3794.76..3799.60 rows=967 width=121)
	  ->  Sort  (cost=3794.76..3797.18 rows=967 width=121)
	        Sort Key: c
	        ->  Bitmap Heap Scan on sbtest1  (cost=30.35..3746.81 rows=967 width=121)
	              Recheck Cond: ((id >= 6413887) AND (id <= 6414886))
	              ->  Bitmap Index Scan on sbtest1_pkey  (cost=0.00..30.11 rows=967 width=0)
	                    Index Cond: ((id >= 6413887) AND (id <= 6414886))

table 2 : explain SELECT DISTINCT c FROM sbtest2 WHERE id BETWEEN 9263094 AND 9264093 ORDER BY c
	Unique  (cost=4129.12..4134.39 rows=1054 width=121)
	  ->  Sort  (cost=4129.12..4131.75 rows=1054 width=121)
	        Sort Key: c
	        ->  Bitmap Heap Scan on sbtest2  (cost=31.24..4076.20 rows=1054 width=121)
	              Recheck Cond: ((id >= 9263094) AND (id <= 9264093))
	              ->  Bitmap Index Scan on sbtest2_pkey  (cost=0.00..30.97 rows=1054 width=0)
	                    Index Cond: ((id >= 9263094) AND (id <= 9264093))

table 3 : explain SELECT DISTINCT c FROM sbtest3 WHERE id BETWEEN 1936274 AND 1937273 ORDER BY c
	Unique  (cost=3903.96..3908.93 rows=995 width=121)
	  ->  Sort  (cost=3903.96..3906.44 rows=995 width=121)
	        Sort Key: c
	        ->  Bitmap Heap Scan on sbtest3  (cost=30.63..3854.41 rows=995 width=121)
	              Recheck Cond: ((id >= 1936274) AND (id <= 1937273))
	              ->  Bitmap Index Scan on sbtest3_pkey  (cost=0.00..30.39 rows=995 width=0)
	                    Index Cond: ((id >= 1936274) AND (id <= 1937273))

table 4 : explain SELECT DISTINCT c FROM sbtest4 WHERE id BETWEEN 4671864 AND 4672863 ORDER BY c
	Unique  (cost=3865.59..3870.52 rows=985 width=121)
	  ->  Sort  (cost=3865.59..3868.05 rows=985 width=121)
	        Sort Key: c
	        ->  Bitmap Heap Scan on sbtest4  (cost=30.53..3816.62 rows=985 width=121)
	              Recheck Cond: ((id >= 4671864) AND (id <= 4672863))
	              ->  Bitmap Index Scan on sbtest4_pkey  (cost=0.00..30.29 rows=985 width=0)
	                    Index Cond: ((id >= 4671864) AND (id <= 4672863))

table 5 : explain SELECT DISTINCT c FROM sbtest5 WHERE id BETWEEN 4099579 AND 4100578 ORDER BY c
	Unique  (cost=4215.25..4220.63 rows=1075 width=121)
	  ->  Sort  (cost=4215.25..4217.94 rows=1075 width=121)
	        Sort Key: c
	        ->  Bitmap Heap Scan on sbtest5  (cost=31.45..4161.12 rows=1075 width=121)
	              Recheck Cond: ((id >= 4099579) AND (id <= 4100578))
	              ->  Bitmap Index Scan on sbtest5_pkey  (cost=0.00..31.18 rows=1075 width=0)
	                    Index Cond: ((id >= 4099579) AND (id <= 4100578))

table 6 : explain SELECT DISTINCT c FROM sbtest6 WHERE id BETWEEN 6345144 AND 6346143 ORDER BY c
	Unique  (cost=3564.08..3568.62 rows=907 width=121)
	  ->  Sort  (cost=3564.08..3566.35 rows=907 width=121)
	        Sort Key: c
	        ->  Bitmap Heap Scan on sbtest6  (cost=25.73..3519.52 rows=907 width=121)
	              Recheck Cond: ((id >= 6345144) AND (id <= 6346143))
	              ->  Bitmap Index Scan on sbtest6_pkey  (cost=0.00..25.50 rows=907 width=0)
	                    Index Cond: ((id >= 6345144) AND (id <= 6346143))

table 7 : explain SELECT DISTINCT c FROM sbtest7 WHERE id BETWEEN 7158442 AND 7159441 ORDER BY c
	Unique  (cost=3712.86..3717.58 rows=944 width=121)
	  ->  Sort  (cost=3712.86..3715.22 rows=944 width=121)
	        Sort Key: c
	        ->  Bitmap Heap Scan on sbtest7  (cost=30.11..3666.21 rows=944 width=121)
	              Recheck Cond: ((id >= 7158442) AND (id <= 7159441))
	              ->  Bitmap Index Scan on sbtest7_pkey  (cost=0.00..29.87 rows=944 width=0)
	                    Index Cond: ((id >= 7158442) AND (id <= 7159441))

table 8 : explain SELECT DISTINCT c FROM sbtest8 WHERE id BETWEEN 7350396 AND 7351395 ORDER BY c
	Unique  (cost=4231.62..4237.02 rows=1080 width=121)
	  ->  Sort  (cost=4231.62..4234.32 rows=1080 width=121)
	        Sort Key: c
	        ->  Bitmap Heap Scan on sbtest8  (cost=31.50..4177.21 rows=1080 width=121)
	              Recheck Cond: ((id >= 7350396) AND (id <= 7351395))
	              ->  Bitmap Index Scan on sbtest8_pkey  (cost=0.00..31.23 rows=1080 width=0)
	                    Index Cond: ((id >= 7350396) AND (id <= 7351395))

for: sum_ranges
table 1 : explain SELECT SUM(k) FROM sbtest1 WHERE id BETWEEN 444068 AND 445067
	Aggregate  (cost=3707.69..3707.70 rows=1 width=8)
	  ->  Bitmap Heap Scan on sbtest1  (cost=30.23..3705.30 rows=956 width=4)
	        Recheck Cond: ((id >= 444068) AND (id <= 445067))
	        ->  Bitmap Index Scan on sbtest1_pkey  (cost=0.00..30.00 rows=956 width=0)
	              Index Cond: ((id >= 444068) AND (id <= 445067))

table 2 : explain SELECT SUM(k) FROM sbtest2 WHERE id BETWEEN 6239970 AND 6240969
	Aggregate  (cost=3848.79..3848.80 rows=1 width=8)
	  ->  Bitmap Heap Scan on sbtest2  (cost=30.61..3846.31 rows=993 width=4)
	        Recheck Cond: ((id >= 6239970) AND (id <= 6240969))
	        ->  Bitmap Index Scan on sbtest2_pkey  (cost=0.00..30.36 rows=993 width=0)
	              Index Cond: ((id >= 6239970) AND (id <= 6240969))

table 3 : explain SELECT SUM(k) FROM sbtest3 WHERE id BETWEEN 3269719 AND 3270718
	Aggregate  (cost=4015.36..4015.37 rows=1 width=8)
	  ->  Bitmap Heap Scan on sbtest3  (cost=31.06..4012.77 rows=1037 width=4)
	        Recheck Cond: ((id >= 3269719) AND (id <= 3270718))
	        ->  Bitmap Index Scan on sbtest3_pkey  (cost=0.00..30.80 rows=1037 width=0)
	              Index Cond: ((id >= 3269719) AND (id <= 3270718))

table 4 : explain SELECT SUM(k) FROM sbtest4 WHERE id BETWEEN 6249491 AND 6250490
	Aggregate  (cost=3913.46..3913.47 rows=1 width=8)
	  ->  Bitmap Heap Scan on sbtest4  (cost=30.79..3910.93 rows=1010 width=4)
	        Recheck Cond: ((id >= 6249491) AND (id <= 6250490))
	        ->  Bitmap Index Scan on sbtest4_pkey  (cost=0.00..30.54 rows=1010 width=0)
	              Index Cond: ((id >= 6249491) AND (id <= 6250490))

table 5 : explain SELECT SUM(k) FROM sbtest5 WHERE id BETWEEN 5991773 AND 5992772
	Aggregate  (cost=3600.30..3600.31 rows=1 width=8)
	  ->  Bitmap Heap Scan on sbtest5  (cost=29.93..3597.98 rows=926 width=4)
	        Recheck Cond: ((id >= 5991773) AND (id <= 5992772))
	        ->  Bitmap Index Scan on sbtest5_pkey  (cost=0.00..29.69 rows=926 width=0)
	              Index Cond: ((id >= 5991773) AND (id <= 5992772))

table 6 : explain SELECT SUM(k) FROM sbtest6 WHERE id BETWEEN 789539 AND 790538
	Aggregate  (cost=4058.86..4058.87 rows=1 width=8)
	  ->  Bitmap Heap Scan on sbtest6  (cost=31.18..4056.24 rows=1048 width=4)
	        Recheck Cond: ((id >= 789539) AND (id <= 790538))
	        ->  Bitmap Index Scan on sbtest6_pkey  (cost=0.00..30.91 rows=1048 width=0)
	              Index Cond: ((id >= 789539) AND (id <= 790538))

table 7 : explain SELECT SUM(k) FROM sbtest7 WHERE id BETWEEN 5733068 AND 5734067
	Aggregate  (cost=3922.16..3922.17 rows=1 width=8)
	  ->  Bitmap Heap Scan on sbtest7  (cost=30.80..3919.63 rows=1011 width=4)
	        Recheck Cond: ((id >= 5733068) AND (id <= 5734067))
	        ->  Bitmap Index Scan on sbtest7_pkey  (cost=0.00..30.54 rows=1011 width=0)
	              Index Cond: ((id >= 5733068) AND (id <= 5734067))

table 8 : explain SELECT SUM(k) FROM sbtest8 WHERE id BETWEEN 5202619 AND 5203618
	Aggregate  (cost=3787.32..3787.33 rows=1 width=8)
	  ->  Bitmap Heap Scan on sbtest8  (cost=30.44..3784.88 rows=976 width=4)
	        Recheck Cond: ((id >= 5202619) AND (id <= 5203618))
	        ->  Bitmap Index Scan on sbtest8_pkey  (cost=0.00..30.19 rows=976 width=0)
	              Index Cond: ((id >= 5202619) AND (id <= 5203618))

for: distinct_ranges
table 1 : explain SELECT DISTINCT c FROM sbtest1 WHERE id BETWEEN 721472 AND 722471 ORDER BY c
	Unique  (cost=4242.10..4247.52 rows=1084 width=121)
	  ->  Sort  (cost=4242.10..4244.81 rows=1084 width=121)
	        Sort Key: c
	        ->  Bitmap Heap Scan on sbtest1  (cost=31.55..4187.45 rows=1084 width=121)
	              Recheck Cond: ((id >= 721472) AND (id <= 722471))
	              ->  Bitmap Index Scan on sbtest1_pkey  (cost=0.00..31.27 rows=1084 width=0)
	                    Index Cond: ((id >= 721472) AND (id <= 722471))

table 2 : explain SELECT DISTINCT c FROM sbtest2 WHERE id BETWEEN 2467895 AND 2468894 ORDER BY c
	Unique  (cost=4025.87..4031.01 rows=1027 width=121)
	  ->  Sort  (cost=4025.87..4028.44 rows=1027 width=121)
	        Sort Key: c
	        ->  Bitmap Heap Scan on sbtest2  (cost=30.96..3974.50 rows=1027 width=121)
	              Recheck Cond: ((id >= 2467895) AND (id <= 2468894))
	              ->  Bitmap Index Scan on sbtest2_pkey  (cost=0.00..30.70 rows=1027 width=0)
	                    Index Cond: ((id >= 2467895) AND (id <= 2468894))

table 3 : explain SELECT DISTINCT c FROM sbtest3 WHERE id BETWEEN 1843215 AND 1844214 ORDER BY c
	Unique  (cost=3846.49..3851.39 rows=980 width=121)
	  ->  Sort  (cost=3846.49..3848.94 rows=980 width=121)
	        Sort Key: c
	        ->  Bitmap Heap Scan on sbtest3  (cost=30.48..3797.80 rows=980 width=121)
	              Recheck Cond: ((id >= 1843215) AND (id <= 1844214))
	              ->  Bitmap Index Scan on sbtest3_pkey  (cost=0.00..30.23 rows=980 width=0)
	                    Index Cond: ((id >= 1843215) AND (id <= 1844214))

table 4 : explain SELECT DISTINCT c FROM sbtest4 WHERE id BETWEEN 1743968 AND 1744967 ORDER BY c
	Unique  (cost=3635.34..3639.97 rows=926 width=121)
	  ->  Sort  (cost=3635.34..3637.66 rows=926 width=121)
	        Sort Key: c
	        ->  Bitmap Heap Scan on sbtest4  (cost=25.93..3589.71 rows=926 width=121)
	              Recheck Cond: ((id >= 1743968) AND (id <= 1744967))
	              ->  Bitmap Index Scan on sbtest4_pkey  (cost=0.00..25.69 rows=926 width=0)
	                    Index Cond: ((id >= 1743968) AND (id <= 1744967))

table 5 : explain SELECT DISTINCT c FROM sbtest5 WHERE id BETWEEN 5775419 AND 5776418 ORDER BY c
	Unique  (cost=3582.07..3586.62 rows=910 width=121)
	  ->  Sort  (cost=3582.07..3584.35 rows=910 width=121)
	        Sort Key: c
	        ->  Bitmap Heap Scan on sbtest5  (cost=29.76..3537.35 rows=910 width=121)
	              Recheck Cond: ((id >= 5775419) AND (id <= 5776418))
	              ->  Bitmap Index Scan on sbtest5_pkey  (cost=0.00..29.54 rows=910 width=0)
	                    Index Cond: ((id >= 5775419) AND (id <= 5776418))

table 6 : explain SELECT DISTINCT c FROM sbtest6 WHERE id BETWEEN 5259694 AND 5260693 ORDER BY c
	Unique  (cost=3733.24..3737.99 rows=950 width=121)
	  ->  Sort  (cost=3733.24..3735.61 rows=950 width=121)
	        Sort Key: c
	        ->  Bitmap Heap Scan on sbtest6  (cost=30.17..3686.25 rows=950 width=121)
	              Recheck Cond: ((id >= 5259694) AND (id <= 5260693))
	              ->  Bitmap Index Scan on sbtest6_pkey  (cost=0.00..29.93 rows=950 width=0)
	                    Index Cond: ((id >= 5259694) AND (id <= 5260693))

table 7 : explain SELECT DISTINCT c FROM sbtest7 WHERE id BETWEEN 2461319 AND 2462318 ORDER BY c
	Unique  (cost=4062.10..4067.28 rows=1035 width=121)
	  ->  Sort  (cost=4062.10..4064.69 rows=1035 width=121)
	        Sort Key: c
	        ->  Bitmap Heap Scan on sbtest7  (cost=31.04..4010.27 rows=1035 width=121)
	              Recheck Cond: ((id >= 2461319) AND (id <= 2462318))
	              ->  Bitmap Index Scan on sbtest7_pkey  (cost=0.00..30.79 rows=1035 width=0)
	                    Index Cond: ((id >= 2461319) AND (id <= 2462318))

table 8 : explain SELECT DISTINCT c FROM sbtest8 WHERE id BETWEEN 8896403 AND 8897402 ORDER BY c
	Unique  (cost=4143.65..4148.93 rows=1057 width=121)
	  ->  Sort  (cost=4143.65..4146.29 rows=1057 width=121)
	        Sort Key: c
	        ->  Bitmap Heap Scan on sbtest8  (cost=31.27..4090.56 rows=1057 width=121)
	              Recheck Cond: ((id >= 8896403) AND (id <= 8897402))
	              ->  Bitmap Index Scan on sbtest8_pkey  (cost=0.00..31.00 rows=1057 width=0)
	                    Index Cond: ((id >= 8896403) AND (id <= 8897402))

for: distinct_ranges
table 1 : explain SELECT DISTINCT c FROM sbtest1 WHERE id BETWEEN 3858163 AND 3859162 ORDER BY c
	Unique  (cost=3928.75..3933.76 rows=1002 width=121)
	  ->  Sort  (cost=3928.75..3931.26 rows=1002 width=121)
	        Sort Key: c
	        ->  Bitmap Heap Scan on sbtest1  (cost=30.71..3878.81 rows=1002 width=121)
	              Recheck Cond: ((id >= 3858163) AND (id <= 3859162))
	              ->  Bitmap Index Scan on sbtest1_pkey  (cost=0.00..30.45 rows=1002 width=0)
	                    Index Cond: ((id >= 3858163) AND (id <= 3859162))

table 2 : explain SELECT DISTINCT c FROM sbtest2 WHERE id BETWEEN 3673181 AND 3674180 ORDER BY c
	Unique  (cost=4174.97..4180.30 rows=1066 width=121)
	  ->  Sort  (cost=4174.97..4177.64 rows=1066 width=121)
	        Sort Key: c
	        ->  Bitmap Heap Scan on sbtest2  (cost=31.36..4121.36 rows=1066 width=121)
	              Recheck Cond: ((id >= 3673181) AND (id <= 3674180))
	              ->  Bitmap Index Scan on sbtest2_pkey  (cost=0.00..31.09 rows=1066 width=0)
	                    Index Cond: ((id >= 3673181) AND (id <= 3674180))

table 3 : explain SELECT DISTINCT c FROM sbtest3 WHERE id BETWEEN 3110722 AND 3111721 ORDER BY c
	Unique  (cost=4324.55..4330.07 rows=1105 width=121)
	  ->  Sort  (cost=4324.55..4327.31 rows=1105 width=121)
	        Sort Key: c
	        ->  Bitmap Heap Scan on sbtest3  (cost=31.76..4268.69 rows=1105 width=121)
	              Recheck Cond: ((id >= 3110722) AND (id <= 3111721))
	              ->  Bitmap Index Scan on sbtest3_pkey  (cost=0.00..31.48 rows=1105 width=0)
	                    Index Cond: ((id >= 3110722) AND (id <= 3111721))

table 4 : explain SELECT DISTINCT c FROM sbtest4 WHERE id BETWEEN 1819078 AND 1820077 ORDER BY c
	Unique  (cost=3804.28..3809.12 rows=969 width=121)
	  ->  Sort  (cost=3804.28..3806.70 rows=969 width=121)
	        Sort Key: c
	        ->  Bitmap Heap Scan on sbtest4  (cost=30.37..3756.21 rows=969 width=121)
	              Recheck Cond: ((id >= 1819078) AND (id <= 1820077))
	              ->  Bitmap Index Scan on sbtest4_pkey  (cost=0.00..30.12 rows=969 width=0)
	                    Index Cond: ((id >= 1819078) AND (id <= 1820077))

table 5 : explain SELECT DISTINCT c FROM sbtest5 WHERE id BETWEEN 3992891 AND 3993890 ORDER BY c
	Unique  (cost=3847.24..3852.14 rows=979 width=121)
	  ->  Sort  (cost=3847.24..3849.69 rows=979 width=121)
	        Sort Key: c
	        ->  Bitmap Heap Scan on sbtest5  (cost=30.47..3798.61 rows=979 width=121)
	              Recheck Cond: ((id >= 3992891) AND (id <= 3993890))
	              ->  Bitmap Index Scan on sbtest5_pkey  (cost=0.00..30.22 rows=979 width=0)
	                    Index Cond: ((id >= 3992891) AND (id <= 3993890))

table 6 : explain SELECT DISTINCT c FROM sbtest6 WHERE id BETWEEN 4036553 AND 4037552 ORDER BY c
	Unique  (cost=3813.81..3818.67 rows=971 width=121)
	  ->  Sort  (cost=3813.81..3816.24 rows=971 width=121)
	        Sort Key: c
	        ->  Bitmap Heap Scan on sbtest6  (cost=30.39..3765.64 rows=971 width=121)
	              Recheck Cond: ((id >= 4036553) AND (id <= 4037552))
	              ->  Bitmap Index Scan on sbtest6_pkey  (cost=0.00..30.14 rows=971 width=0)
	                    Index Cond: ((id >= 4036553) AND (id <= 4037552))

table 7 : explain SELECT DISTINCT c FROM sbtest7 WHERE id BETWEEN 3954034 AND 3955033 ORDER BY c
	Unique  (cost=4108.08..4113.32 rows=1047 width=121)
	  ->  Sort  (cost=4108.08..4110.70 rows=1047 width=121)
	        Sort Key: c
	        ->  Bitmap Heap Scan on sbtest7  (cost=31.17..4055.57 rows=1047 width=121)
	              Recheck Cond: ((id >= 3954034) AND (id <= 3955033))
	              ->  Bitmap Index Scan on sbtest7_pkey  (cost=0.00..30.90 rows=1047 width=0)
	                    Index Cond: ((id >= 3954034) AND (id <= 3955033))

table 8 : explain SELECT DISTINCT c FROM sbtest8 WHERE id BETWEEN 1065035 AND 1066034 ORDER BY c
	Unique  (cost=3729.74..3734.48 rows=949 width=121)
	  ->  Sort  (cost=3729.74..3732.11 rows=949 width=121)
	        Sort Key: c
	        ->  Bitmap Heap Scan on sbtest8  (cost=30.16..3682.81 rows=949 width=121)
	              Recheck Cond: ((id >= 1065035) AND (id <= 1066034))
	              ->  Bitmap Index Scan on sbtest8_pkey  (cost=0.00..29.93 rows=949 width=0)
	                    Index Cond: ((id >= 1065035) AND (id <= 1066034))

for: sum_ranges
table 1 : explain SELECT SUM(k) FROM sbtest1 WHERE id BETWEEN 15961 AND 16960
	Aggregate  (cost=3768.11..3768.12 rows=1 width=8)
	  ->  Bitmap Heap Scan on sbtest1  (cost=30.40..3765.68 rows=972 width=4)
	        Recheck Cond: ((id >= 15961) AND (id <= 16960))
	        ->  Bitmap Index Scan on sbtest1_pkey  (cost=0.00..30.15 rows=972 width=0)
	              Index Cond: ((id >= 15961) AND (id <= 16960))

table 2 : explain SELECT SUM(k) FROM sbtest2 WHERE id BETWEEN 1649653 AND 1650652
	Aggregate  (cost=4172.97..4172.98 rows=1 width=8)
	  ->  Bitmap Heap Scan on sbtest2  (cost=31.49..4170.28 rows=1079 width=4)
	        Recheck Cond: ((id >= 1649653) AND (id <= 1650652))
	        ->  Bitmap Index Scan on sbtest2_pkey  (cost=0.00..31.22 rows=1079 width=0)
	              Index Cond: ((id >= 1649653) AND (id <= 1650652))

table 3 : explain SELECT SUM(k) FROM sbtest3 WHERE id BETWEEN 9973618 AND 9974617
	Aggregate  (cost=3800.25..3800.26 rows=1 width=8)
	  ->  Bitmap Heap Scan on sbtest3  (cost=30.48..3797.80 rows=980 width=4)
	        Recheck Cond: ((id >= 9973618) AND (id <= 9974617))
	        ->  Bitmap Index Scan on sbtest3_pkey  (cost=0.00..30.23 rows=980 width=0)
	              Index Cond: ((id >= 9973618) AND (id <= 9974617))

table 4 : explain SELECT SUM(k) FROM sbtest4 WHERE id BETWEEN 3327773 AND 3328772
	Aggregate  (cost=3497.38..3497.39 rows=1 width=8)
	  ->  Bitmap Heap Scan on sbtest4  (cost=25.67..3495.13 rows=901 width=4)
	        Recheck Cond: ((id >= 3327773) AND (id <= 3328772))
	        ->  Bitmap Index Scan on sbtest4_pkey  (cost=0.00..25.44 rows=901 width=0)
	              Index Cond: ((id >= 3327773) AND (id <= 3328772))

table 5 : explain SELECT SUM(k) FROM sbtest5 WHERE id BETWEEN 6357039 AND 6358038
	Aggregate  (cost=4201.54..4201.55 rows=1 width=8)
	  ->  Bitmap Heap Scan on sbtest5  (cost=31.56..4198.82 rows=1085 width=4)
	        Recheck Cond: ((id >= 6357039) AND (id <= 6358038))
	        ->  Bitmap Index Scan on sbtest5_pkey  (cost=0.00..31.29 rows=1085 width=0)
	              Index Cond: ((id >= 6357039) AND (id <= 6358038))

table 6 : explain SELECT SUM(k) FROM sbtest6 WHERE id BETWEEN 1998720 AND 1999719
	Aggregate  (cost=3956.97..3956.98 rows=1 width=8)
	  ->  Bitmap Heap Scan on sbtest6  (cost=30.90..3954.42 rows=1021 width=4)
	        Recheck Cond: ((id >= 1998720) AND (id <= 1999719))
	        ->  Bitmap Index Scan on sbtest6_pkey  (cost=0.00..30.64 rows=1021 width=0)
	              Index Cond: ((id >= 1998720) AND (id <= 1999719))

table 7 : explain SELECT SUM(k) FROM sbtest7 WHERE id BETWEEN 9424320 AND 9425319
	Aggregate  (cost=3918.38..3918.39 rows=1 width=8)
	  ->  Bitmap Heap Scan on sbtest7  (cost=30.79..3915.85 rows=1010 width=4)
	        Recheck Cond: ((id >= 9424320) AND (id <= 9425319))
	        ->  Bitmap Index Scan on sbtest7_pkey  (cost=0.00..30.54 rows=1010 width=0)
	              Index Cond: ((id >= 9424320) AND (id <= 9425319))

table 8 : explain SELECT SUM(k) FROM sbtest8 WHERE id BETWEEN 6688860 AND 6689859
	Aggregate  (cost=4093.20..4093.21 rows=1 width=8)
	  ->  Bitmap Heap Scan on sbtest8  (cost=31.27..4090.56 rows=1057 width=4)
	        Recheck Cond: ((id >= 6688860) AND (id <= 6689859))
	        ->  Bitmap Index Scan on sbtest8_pkey  (cost=0.00..31.00 rows=1057 width=0)
	              Index Cond: ((id >= 6688860) AND (id <= 6689859))

for point_selects
table 1 : explain SELECT c FROM sbtest1 WHERE id=3793033
	Index Scan using sbtest1_pkey on sbtest1  (cost=0.43..8.45 rows=1 width=121)
	  Index Cond: (id = 3793033)

table 2 : explain SELECT c FROM sbtest2 WHERE id=9833641
	Index Scan using sbtest2_pkey on sbtest2  (cost=0.43..8.45 rows=1 width=121)
	  Index Cond: (id = 9833641)

table 3 : explain SELECT c FROM sbtest3 WHERE id=6306672
	Index Scan using sbtest3_pkey on sbtest3  (cost=0.43..8.45 rows=1 width=121)
	  Index Cond: (id = 6306672)

table 4 : explain SELECT c FROM sbtest4 WHERE id=1453027
	Index Scan using sbtest4_pkey on sbtest4  (cost=0.43..8.45 rows=1 width=121)
	  Index Cond: (id = 1453027)

table 5 : explain SELECT c FROM sbtest5 WHERE id=6005393
	Index Scan using sbtest5_pkey on sbtest5  (cost=0.43..8.45 rows=1 width=121)
	  Index Cond: (id = 6005393)

table 6 : explain SELECT c FROM sbtest6 WHERE id=2362175
	Index Scan using sbtest6_pkey on sbtest6  (cost=0.43..8.45 rows=1 width=121)
	  Index Cond: (id = 2362175)

table 7 : explain SELECT c FROM sbtest7 WHERE id=6565864
	Index Scan using sbtest7_pkey on sbtest7  (cost=0.43..8.45 rows=1 width=121)
	  Index Cond: (id = 6565864)

table 8 : explain SELECT c FROM sbtest8 WHERE id=2824711
	Index Scan using sbtest8_pkey on sbtest8  (cost=0.43..8.45 rows=1 width=121)
	  Index Cond: (id = 2824711)

for point_selects
table 1 : explain SELECT c FROM sbtest1 WHERE id=1202592
	Index Scan using sbtest1_pkey on sbtest1  (cost=0.43..8.45 rows=1 width=121)
	  Index Cond: (id = 1202592)

table 2 : explain SELECT c FROM sbtest2 WHERE id=7533565
	Index Scan using sbtest2_pkey on sbtest2  (cost=0.43..8.45 rows=1 width=121)
	  Index Cond: (id = 7533565)

table 3 : explain SELECT c FROM sbtest3 WHERE id=489239
	Index Scan using sbtest3_pkey on sbtest3  (cost=0.43..8.45 rows=1 width=121)
	  Index Cond: (id = 489239)

table 4 : explain SELECT c FROM sbtest4 WHERE id=6107987
	Index Scan using sbtest4_pkey on sbtest4  (cost=0.43..8.45 rows=1 width=121)
	  Index Cond: (id = 6107987)

table 5 : explain SELECT c FROM sbtest5 WHERE id=1055002
	Index Scan using sbtest5_pkey on sbtest5  (cost=0.43..8.45 rows=1 width=121)
	  Index Cond: (id = 1055002)

table 6 : explain SELECT c FROM sbtest6 WHERE id=272765
	Index Scan using sbtest6_pkey on sbtest6  (cost=0.43..8.45 rows=1 width=121)
	  Index Cond: (id = 272765)

table 7 : explain SELECT c FROM sbtest7 WHERE id=2126953
	Index Scan using sbtest7_pkey on sbtest7  (cost=0.43..8.45 rows=1 width=121)
	  Index Cond: (id = 2126953)

table 8 : explain SELECT c FROM sbtest8 WHERE id=4858074
	Index Scan using sbtest8_pkey on sbtest8  (cost=0.43..8.45 rows=1 width=121)
	  Index Cond: (id = 4858074)

for: distinct_ranges
table 1 : explain SELECT DISTINCT c FROM sbtest1 WHERE id BETWEEN 7396929 AND 7397928 ORDER BY c
	Unique  (cost=3917.27..3922.27 rows=999 width=121)
	  ->  Sort  (cost=3917.27..3919.77 rows=999 width=121)
	        Sort Key: c
	        ->  Bitmap Heap Scan on sbtest1  (cost=30.67..3867.50 rows=999 width=121)
	              Recheck Cond: ((id >= 7396929) AND (id <= 7397928))
	              ->  Bitmap Index Scan on sbtest1_pkey  (cost=0.00..30.43 rows=999 width=0)
	                    Index Cond: ((id >= 7396929) AND (id <= 7397928))

table 2 : explain SELECT DISTINCT c FROM sbtest2 WHERE id BETWEEN 3853926 AND 3854925 ORDER BY c
	Unique  (cost=3661.92..3666.58 rows=932 width=121)
	  ->  Sort  (cost=3661.92..3664.25 rows=932 width=121)
	        Sort Key: c
	        ->  Bitmap Heap Scan on sbtest2  (cost=29.99..3615.95 rows=932 width=121)
	              Recheck Cond: ((id >= 3853926) AND (id <= 3854925))
	              ->  Bitmap Index Scan on sbtest2_pkey  (cost=0.00..29.75 rows=932 width=0)
	                    Index Cond: ((id >= 3853926) AND (id <= 3854925))

table 3 : explain SELECT DISTINCT c FROM sbtest3 WHERE id BETWEEN 6544575 AND 6545574 ORDER BY c
	Unique  (cost=3911.61..3916.60 rows=997 width=121)
	  ->  Sort  (cost=3911.61..3914.11 rows=997 width=121)
	        Sort Key: c
	        ->  Bitmap Heap Scan on sbtest3  (cost=30.65..3861.96 rows=997 width=121)
	              Recheck Cond: ((id >= 6544575) AND (id <= 6545574))
	              ->  Bitmap Index Scan on sbtest3_pkey  (cost=0.00..30.40 rows=997 width=0)
	                    Index Cond: ((id >= 6544575) AND (id <= 6545574))

table 4 : explain SELECT DISTINCT c FROM sbtest4 WHERE id BETWEEN 8636026 AND 8637025 ORDER BY c
	Unique  (cost=3804.28..3809.12 rows=969 width=121)
	  ->  Sort  (cost=3804.28..3806.70 rows=969 width=121)
	        Sort Key: c
	        ->  Bitmap Heap Scan on sbtest4  (cost=30.37..3756.21 rows=969 width=121)
	              Recheck Cond: ((id >= 8636026) AND (id <= 8637025))
	              ->  Bitmap Index Scan on sbtest4_pkey  (cost=0.00..30.12 rows=969 width=0)
	                    Index Cond: ((id >= 8636026) AND (id <= 8637025))

table 5 : explain SELECT DISTINCT c FROM sbtest5 WHERE id BETWEEN 9417092 AND 9418091 ORDER BY c
	Unique  (cost=4368.28..4373.86 rows=1115 width=121)
	  ->  Sort  (cost=4368.28..4371.07 rows=1115 width=121)
	        Sort Key: c
	        ->  Bitmap Heap Scan on sbtest5  (cost=31.86..4311.85 rows=1115 width=121)
	              Recheck Cond: ((id >= 9417092) AND (id <= 9418091))
	              ->  Bitmap Index Scan on sbtest5_pkey  (cost=0.00..31.58 rows=1115 width=0)
	                    Index Cond: ((id >= 9417092) AND (id <= 9418091))

table 6 : explain SELECT DISTINCT c FROM sbtest6 WHERE id BETWEEN 2792847 AND 2793846 ORDER BY c
	Unique  (cost=4108.81..4114.05 rows=1048 width=121)
	  ->  Sort  (cost=4108.81..4111.43 rows=1048 width=121)
	        Sort Key: c
	        ->  Bitmap Heap Scan on sbtest6  (cost=31.18..4056.24 rows=1048 width=121)
	              Recheck Cond: ((id >= 2792847) AND (id <= 2793846))
	              ->  Bitmap Index Scan on sbtest6_pkey  (cost=0.00..30.91 rows=1048 width=0)
	                    Index Cond: ((id >= 2792847) AND (id <= 2793846))

table 7 : explain SELECT DISTINCT c FROM sbtest7 WHERE id BETWEEN 586934 AND 587933 ORDER BY c
	Unique  (cost=3989.26..3994.34 rows=1016 width=121)
	  ->  Sort  (cost=3989.26..3991.80 rows=1016 width=121)
	        Sort Key: c
	        ->  Bitmap Heap Scan on sbtest7  (cost=30.85..3938.52 rows=1016 width=121)
	              Recheck Cond: ((id >= 586934) AND (id <= 587933))
	              ->  Bitmap Index Scan on sbtest7_pkey  (cost=0.00..30.59 rows=1016 width=0)
	                    Index Cond: ((id >= 586934) AND (id <= 587933))

table 8 : explain SELECT DISTINCT c FROM sbtest8 WHERE id BETWEEN 7148621 AND 7149620 ORDER BY c
	Unique  (cost=3537.49..3541.99 rows=900 width=121)
	  ->  Sort  (cost=3537.49..3539.74 rows=900 width=121)
	        Sort Key: c
	        ->  Bitmap Heap Scan on sbtest8  (cost=25.66..3493.33 rows=900 width=121)
	              Recheck Cond: ((id >= 7148621) AND (id <= 7149620))
	              ->  Bitmap Index Scan on sbtest8_pkey  (cost=0.00..25.43 rows=900 width=0)
	                    Index Cond: ((id >= 7148621) AND (id <= 7149620))

for: distinct_ranges
table 1 : explain SELECT DISTINCT c FROM sbtest1 WHERE id BETWEEN 9107949 AND 9108948 ORDER BY c
	Unique  (cost=3917.27..3922.27 rows=999 width=121)
	  ->  Sort  (cost=3917.27..3919.77 rows=999 width=121)
	        Sort Key: c
	        ->  Bitmap Heap Scan on sbtest1  (cost=30.67..3867.50 rows=999 width=121)
	              Recheck Cond: ((id >= 9107949) AND (id <= 9108948))
	              ->  Bitmap Index Scan on sbtest1_pkey  (cost=0.00..30.43 rows=999 width=0)
	                    Index Cond: ((id >= 9107949) AND (id <= 9108948))

table 2 : explain SELECT DISTINCT c FROM sbtest2 WHERE id BETWEEN 1367273 AND 1368272 ORDER BY c
	Unique  (cost=3976.13..3981.20 rows=1014 width=121)
	  ->  Sort  (cost=3976.13..3978.67 rows=1014 width=121)
	        Sort Key: c
	        ->  Bitmap Heap Scan on sbtest2  (cost=30.83..3925.50 rows=1014 width=121)
	              Recheck Cond: ((id >= 1367273) AND (id <= 1368272))
	              ->  Bitmap Index Scan on sbtest2_pkey  (cost=0.00..30.57 rows=1014 width=0)
	                    Index Cond: ((id >= 1367273) AND (id <= 1368272))

table 3 : explain SELECT DISTINCT c FROM sbtest3 WHERE id BETWEEN 2588159 AND 2589158 ORDER BY c
	Unique  (cost=3915.44..3920.43 rows=998 width=121)
	  ->  Sort  (cost=3915.44..3917.94 rows=998 width=121)
	        Sort Key: c
	        ->  Bitmap Heap Scan on sbtest3  (cost=30.66..3865.73 rows=998 width=121)
	              Recheck Cond: ((id >= 2588159) AND (id <= 2589158))
	              ->  Bitmap Index Scan on sbtest3_pkey  (cost=0.00..30.41 rows=998 width=0)
	                    Index Cond: ((id >= 2588159) AND (id <= 2589158))

table 4 : explain SELECT DISTINCT c FROM sbtest4 WHERE id BETWEEN 738558 AND 739557 ORDER BY c
	Unique  (cost=4244.29..4249.71 rows=1084 width=121)
	  ->  Sort  (cost=4244.29..4247.00 rows=1084 width=121)
	        Sort Key: c
	        ->  Bitmap Heap Scan on sbtest4  (cost=31.55..4189.65 rows=1084 width=121)
	              Recheck Cond: ((id >= 738558) AND (id <= 739557))
	              ->  Bitmap Index Scan on sbtest4_pkey  (cost=0.00..31.27 rows=1084 width=0)
	                    Index Cond: ((id >= 738558) AND (id <= 739557))

table 5 : explain SELECT DISTINCT c FROM sbtest5 WHERE id BETWEEN 1396149 AND 1397148 ORDER BY c
	Unique  (cost=3816.53..3821.38 rows=971 width=121)
	  ->  Sort  (cost=3816.53..3818.95 rows=971 width=121)
	        Sort Key: c
	        ->  Bitmap Heap Scan on sbtest5  (cost=30.39..3768.35 rows=971 width=121)
	              Recheck Cond: ((id >= 1396149) AND (id <= 1397148))
	              ->  Bitmap Index Scan on sbtest5_pkey  (cost=0.00..30.14 rows=971 width=0)
	                    Index Cond: ((id >= 1396149) AND (id <= 1397148))

table 6 : explain SELECT DISTINCT c FROM sbtest6 WHERE id BETWEEN 7667443 AND 7668442 ORDER BY c
	Unique  (cost=4062.88..4068.06 rows=1036 width=121)
	  ->  Sort  (cost=4062.88..4065.47 rows=1036 width=121)
	        Sort Key: c
	        ->  Bitmap Heap Scan on sbtest6  (cost=31.05..4011.00 rows=1036 width=121)
	              Recheck Cond: ((id >= 7667443) AND (id <= 7668442))
	              ->  Bitmap Index Scan on sbtest6_pkey  (cost=0.00..30.79 rows=1036 width=0)
	                    Index Cond: ((id >= 7667443) AND (id <= 7668442))

table 7 : explain SELECT DISTINCT c FROM sbtest7 WHERE id BETWEEN 683491 AND 684490 ORDER BY c
	Unique  (cost=4138.73..4144.00 rows=1055 width=121)
	  ->  Sort  (cost=4138.73..4141.37 rows=1055 width=121)
	        Sort Key: c
	        ->  Bitmap Heap Scan on sbtest7  (cost=31.25..4085.75 rows=1055 width=121)
	              Recheck Cond: ((id >= 683491) AND (id <= 684490))
	              ->  Bitmap Index Scan on sbtest7_pkey  (cost=0.00..30.98 rows=1055 width=0)
	                    Index Cond: ((id >= 683491) AND (id <= 684490))

table 8 : explain SELECT DISTINCT c FROM sbtest8 WHERE id BETWEEN 7070609 AND 7071608 ORDER BY c
	Unique  (cost=3737.42..3742.17 rows=951 width=121)
	  ->  Sort  (cost=3737.42..3739.79 rows=951 width=121)
	        Sort Key: c
	        ->  Bitmap Heap Scan on sbtest8  (cost=30.18..3690.37 rows=951 width=121)
	              Recheck Cond: ((id >= 7070609) AND (id <= 7071608))
	              ->  Bitmap Index Scan on sbtest8_pkey  (cost=0.00..29.94 rows=951 width=0)
	                    Index Cond: ((id >= 7070609) AND (id <= 7071608))

for point_selects
table 1 : explain SELECT c FROM sbtest1 WHERE id=8243459
	Index Scan using sbtest1_pkey on sbtest1  (cost=0.43..8.45 rows=1 width=121)
	  Index Cond: (id = 8243459)

table 2 : explain SELECT c FROM sbtest2 WHERE id=3469617
	Index Scan using sbtest2_pkey on sbtest2  (cost=0.43..8.45 rows=1 width=121)
	  Index Cond: (id = 3469617)

table 3 : explain SELECT c FROM sbtest3 WHERE id=8327074
	Index Scan using sbtest3_pkey on sbtest3  (cost=0.43..8.45 rows=1 width=121)
	  Index Cond: (id = 8327074)

table 4 : explain SELECT c FROM sbtest4 WHERE id=7868875
	Index Scan using sbtest4_pkey on sbtest4  (cost=0.43..8.45 rows=1 width=121)
	  Index Cond: (id = 7868875)

table 5 : explain SELECT c FROM sbtest5 WHERE id=6894947
	Index Scan using sbtest5_pkey on sbtest5  (cost=0.43..8.45 rows=1 width=121)
	  Index Cond: (id = 6894947)

table 6 : explain SELECT c FROM sbtest6 WHERE id=1237901
	Index Scan using sbtest6_pkey on sbtest6  (cost=0.43..8.45 rows=1 width=121)
	  Index Cond: (id = 1237901)

table 7 : explain SELECT c FROM sbtest7 WHERE id=3117561
	Index Scan using sbtest7_pkey on sbtest7  (cost=0.43..8.45 rows=1 width=121)
	  Index Cond: (id = 3117561)

table 8 : explain SELECT c FROM sbtest8 WHERE id=794724
	Index Scan using sbtest8_pkey on sbtest8  (cost=0.43..8.45 rows=1 width=121)
	  Index Cond: (id = 794724)

explain: for point_selects :: explain SELECT c FROM sbtest%u WHERE id=%u
for point_selects
table 1 : explain SELECT c FROM sbtest1 WHERE id=5232983
	Index Scan using sbtest1_pkey on sbtest1  (cost=0.43..8.45 rows=1 width=121)
	  Index Cond: (id = 5232983)

table 2 : explain SELECT c FROM sbtest2 WHERE id=9164984
	Index Scan using sbtest2_pkey on sbtest2  (cost=0.43..8.45 rows=1 width=121)
	  Index Cond: (id = 9164984)

table 3 : explain SELECT c FROM sbtest3 WHERE id=1728583
	Index Scan using sbtest3_pkey on sbtest3  (cost=0.43..8.45 rows=1 width=121)
	  Index Cond: (id = 1728583)

table 4 : explain SELECT c FROM sbtest4 WHERE id=687359
	Index Scan using sbtest4_pkey on sbtest4  (cost=0.43..8.45 rows=1 width=121)
	  Index Cond: (id = 687359)

table 5 : explain SELECT c FROM sbtest5 WHERE id=1067143
	Index Scan using sbtest5_pkey on sbtest5  (cost=0.43..8.45 rows=1 width=121)
	  Index Cond: (id = 1067143)

table 6 : explain SELECT c FROM sbtest6 WHERE id=8080986
	Index Scan using sbtest6_pkey on sbtest6  (cost=0.43..8.45 rows=1 width=121)
	  Index Cond: (id = 8080986)

table 7 : explain SELECT c FROM sbtest7 WHERE id=9815918
	Index Scan using sbtest7_pkey on sbtest7  (cost=0.43..8.45 rows=1 width=121)
	  Index Cond: (id = 9815918)

table 8 : explain SELECT c FROM sbtest8 WHERE id=1917
	Index Scan using sbtest8_pkey on sbtest8  (cost=0.43..8.45 rows=1 width=121)
	  Index Cond: (id = 1917)

for: distinct_ranges
table 1 : explain SELECT DISTINCT c FROM sbtest1 WHERE id BETWEEN 5627879 AND 5628878 ORDER BY c
	Unique  (cost=3913.45..3918.44 rows=998 width=121)
	  ->  Sort  (cost=3913.45..3915.94 rows=998 width=121)
	        Sort Key: c
	        ->  Bitmap Heap Scan on sbtest1  (cost=30.66..3863.73 rows=998 width=121)
	              Recheck Cond: ((id >= 5627879) AND (id <= 5628878))
	              ->  Bitmap Index Scan on sbtest1_pkey  (cost=0.00..30.41 rows=998 width=0)
	                    Index Cond: ((id >= 5627879) AND (id <= 5628878))

table 2 : explain SELECT DISTINCT c FROM sbtest2 WHERE id BETWEEN 7977045 AND 7978044 ORDER BY c
	Unique  (cost=3654.08..3658.74 rows=931 width=121)
	  ->  Sort  (cost=3654.08..3656.41 rows=931 width=121)
	        Sort Key: c
	        ->  Bitmap Heap Scan on sbtest2  (cost=25.98..3608.17 rows=931 width=121)
	              Recheck Cond: ((id >= 7977045) AND (id <= 7978044))
	              ->  Bitmap Index Scan on sbtest2_pkey  (cost=0.00..25.75 rows=931 width=0)
	                    Index Cond: ((id >= 7977045) AND (id <= 7978044))

table 3 : explain SELECT DISTINCT c FROM sbtest3 WHERE id BETWEEN 9498900 AND 9499899 ORDER BY c
	Unique  (cost=4179.41..4184.75 rows=1067 width=121)
	  ->  Sort  (cost=4179.41..4182.08 rows=1067 width=121)
	        Sort Key: c
	        ->  Bitmap Heap Scan on sbtest3  (cost=31.37..4125.74 rows=1067 width=121)
	              Recheck Cond: ((id >= 9498900) AND (id <= 9499899))
	              ->  Bitmap Index Scan on sbtest3_pkey  (cost=0.00..31.11 rows=1067 width=0)
	                    Index Cond: ((id >= 9498900) AND (id <= 9499899))

table 4 : explain SELECT DISTINCT c FROM sbtest4 WHERE id BETWEEN 1026196 AND 1027195 ORDER BY c
	Unique  (cost=3957.50..3962.55 rows=1009 width=121)
	  ->  Sort  (cost=3957.50..3960.03 rows=1009 width=121)
	        Sort Key: c
	        ->  Bitmap Heap Scan on sbtest4  (cost=30.78..3907.16 rows=1009 width=121)
	              Recheck Cond: ((id >= 1026196) AND (id <= 1027195))
	              ->  Bitmap Index Scan on sbtest4_pkey  (cost=0.00..30.52 rows=1009 width=0)
	                    Index Cond: ((id >= 1026196) AND (id <= 1027195))

table 5 : explain SELECT DISTINCT c FROM sbtest5 WHERE id BETWEEN 1135730 AND 1136729 ORDER BY c
	Unique  (cost=3766.60..3771.39 rows=958 width=121)
	  ->  Sort  (cost=3766.60..3768.99 rows=958 width=121)
	        Sort Key: c
	        ->  Bitmap Heap Scan on sbtest5  (cost=30.25..3719.16 rows=958 width=121)
	              Recheck Cond: ((id >= 1135730) AND (id <= 1136729))
	              ->  Bitmap Index Scan on sbtest5_pkey  (cost=0.00..30.01 rows=958 width=0)
	                    Index Cond: ((id >= 1135730) AND (id <= 1136729))

table 6 : explain SELECT DISTINCT c FROM sbtest6 WHERE id BETWEEN 6226235 AND 6227234 ORDER BY c
	Unique  (cost=3905.84..3910.81 rows=995 width=121)
	  ->  Sort  (cost=3905.84..3908.32 rows=995 width=121)
	        Sort Key: c
	        ->  Bitmap Heap Scan on sbtest6  (cost=30.63..3856.29 rows=995 width=121)
	              Recheck Cond: ((id >= 6226235) AND (id <= 6227234))
	              ->  Bitmap Index Scan on sbtest6_pkey  (cost=0.00..30.39 rows=995 width=0)
	                    Index Cond: ((id >= 6226235) AND (id <= 6227234))

table 7 : explain SELECT DISTINCT c FROM sbtest7 WHERE id BETWEEN 2675023 AND 2676022 ORDER BY c
	Unique  (cost=4046.77..4051.92 rows=1031 width=121)
	  ->  Sort  (cost=4046.77..4049.35 rows=1031 width=121)
	        Sort Key: c
	        ->  Bitmap Heap Scan on sbtest7  (cost=31.00..3995.17 rows=1031 width=121)
	              Recheck Cond: ((id >= 2675023) AND (id <= 2676022))
	              ->  Bitmap Index Scan on sbtest7_pkey  (cost=0.00..30.75 rows=1031 width=0)
	                    Index Cond: ((id >= 2675023) AND (id <= 2676022))

table 8 : explain SELECT DISTINCT c FROM sbtest8 WHERE id BETWEEN 3229381 AND 3230380 ORDER BY c
	Unique  (cost=3959.86..3964.90 rows=1009 width=121)
	  ->  Sort  (cost=3959.86..3962.38 rows=1009 width=121)
	        Sort Key: c
	        ->  Bitmap Heap Scan on sbtest8  (cost=30.78..3909.52 rows=1009 width=121)
	              Recheck Cond: ((id >= 3229381) AND (id <= 3230380))
	              ->  Bitmap Index Scan on sbtest8_pkey  (cost=0.00..30.52 rows=1009 width=0)
	                    Index Cond: ((id >= 3229381) AND (id <= 3230380))

for: simple_ranges
table 1 : explain SELECT c FROM sbtest1 WHERE id BETWEEN 3257073 AND 3258072
	Bitmap Heap Scan on sbtest1  (cost=30.82..3920.26 rows=1013 width=121)
	  Recheck Cond: ((id >= 3257073) AND (id <= 3258072))
	  ->  Bitmap Index Scan on sbtest1_pkey  (cost=0.00..30.57 rows=1013 width=0)
	        Index Cond: ((id >= 3257073) AND (id <= 3258072))

table 2 : explain SELECT c FROM sbtest2 WHERE id BETWEEN 6097628 AND 6098627
	Bitmap Heap Scan on sbtest2  (cost=30.70..3876.49 rows=1001 width=121)
	  Recheck Cond: ((id >= 6097628) AND (id <= 6098627))
	  ->  Bitmap Index Scan on sbtest2_pkey  (cost=0.00..30.44 rows=1001 width=0)
	        Index Cond: ((id >= 6097628) AND (id <= 6098627))

table 3 : explain SELECT c FROM sbtest3 WHERE id BETWEEN 149004 AND 150003
	Bitmap Heap Scan on sbtest3  (cost=32.14..4403.98 rows=1142 width=121)
	  Recheck Cond: ((id >= 149004) AND (id <= 150003))
	  ->  Bitmap Index Scan on sbtest3_pkey  (cost=0.00..31.86 rows=1142 width=0)
	        Index Cond: ((id >= 149004) AND (id <= 150003))

table 4 : explain SELECT c FROM sbtest4 WHERE id BETWEEN 2367232 AND 2368231
	Bitmap Heap Scan on sbtest4  (cost=30.32..3737.33 rows=964 width=121)
	  Recheck Cond: ((id >= 2367232) AND (id <= 2368231))
	  ->  Bitmap Index Scan on sbtest4_pkey  (cost=0.00..30.07 rows=964 width=0)
	        Index Cond: ((id >= 2367232) AND (id <= 2368231))

table 5 : explain SELECT c FROM sbtest5 WHERE id BETWEEN 7694583 AND 7695582
	Bitmap Heap Scan on sbtest5  (cost=30.73..3893.12 rows=1004 width=121)
	  Recheck Cond: ((id >= 7694583) AND (id <= 7695582))
	  ->  Bitmap Index Scan on sbtest5_pkey  (cost=0.00..30.47 rows=1004 width=0)
	        Index Cond: ((id >= 7694583) AND (id <= 7695582))

table 6 : explain SELECT c FROM sbtest6 WHERE id BETWEEN 5091197 AND 5092196
	Bitmap Heap Scan on sbtest6  (cost=29.78..3542.46 rows=912 width=121)
	  Recheck Cond: ((id >= 5091197) AND (id <= 5092196))
	  ->  Bitmap Index Scan on sbtest6_pkey  (cost=0.00..29.55 rows=912 width=0)
	        Index Cond: ((id >= 5091197) AND (id <= 5092196))

table 7 : explain SELECT c FROM sbtest7 WHERE id BETWEEN 9749239 AND 9750238
	Bitmap Heap Scan on sbtest7  (cost=30.56..3832.70 rows=988 width=121)
	  Recheck Cond: ((id >= 9749239) AND (id <= 9750238))
	  ->  Bitmap Index Scan on sbtest7_pkey  (cost=0.00..30.32 rows=988 width=0)
	        Index Cond: ((id >= 9749239) AND (id <= 9750238))

table 8 : explain SELECT c FROM sbtest8 WHERE id BETWEEN 4380600 AND 4381599
	Bitmap Heap Scan on sbtest8  (cost=30.19..3694.16 rows=952 width=121)
	  Recheck Cond: ((id >= 4380600) AND (id <= 4381599))
	  ->  Bitmap Index Scan on sbtest8_pkey  (cost=0.00..29.95 rows=952 width=0)
	        Index Cond: ((id >= 4380600) AND (id <= 4381599))

for: simple_ranges
table 1 : explain SELECT c FROM sbtest1 WHERE id BETWEEN 7342152 AND 7343151
	Bitmap Heap Scan on sbtest1  (cost=31.36..4119.78 rows=1066 width=121)
	  Recheck Cond: ((id >= 7342152) AND (id <= 7343151))
	  ->  Bitmap Index Scan on sbtest1_pkey  (cost=0.00..31.09 rows=1066 width=0)
	        Index Cond: ((id >= 7342152) AND (id <= 7343151))

table 2 : explain SELECT c FROM sbtest2 WHERE id BETWEEN 6974136 AND 6975135
	Bitmap Heap Scan on sbtest2  (cost=30.27..3721.75 rows=960 width=121)
	  Recheck Cond: ((id >= 6974136) AND (id <= 6975135))
	  ->  Bitmap Index Scan on sbtest2_pkey  (cost=0.00..30.04 rows=960 width=0)
	        Index Cond: ((id >= 6974136) AND (id <= 6975135))

table 3 : explain SELECT c FROM sbtest3 WHERE id BETWEEN 8571130 AND 8572129
	Bitmap Heap Scan on sbtest3  (cost=26.01..3620.02 rows=934 width=121)
	  Recheck Cond: ((id >= 8571130) AND (id <= 8572129))
	  ->  Bitmap Index Scan on sbtest3_pkey  (cost=0.00..25.77 rows=934 width=0)
	        Index Cond: ((id >= 8571130) AND (id <= 8572129))

table 4 : explain SELECT c FROM sbtest4 WHERE id BETWEEN 1788697 AND 1789696
	Bitmap Heap Scan on sbtest4  (cost=25.93..3589.71 rows=926 width=121)
	  Recheck Cond: ((id >= 1788697) AND (id <= 1789696))
	  ->  Bitmap Index Scan on sbtest4_pkey  (cost=0.00..25.69 rows=926 width=0)
	        Index Cond: ((id >= 1788697) AND (id <= 1789696))

table 5 : explain SELECT c FROM sbtest5 WHERE id BETWEEN 9411401 AND 9412400
	Bitmap Heap Scan on sbtest5  (cost=31.86..4311.85 rows=1115 width=121)
	  Recheck Cond: ((id >= 9411401) AND (id <= 9412400))
	  ->  Bitmap Index Scan on sbtest5_pkey  (cost=0.00..31.58 rows=1115 width=0)
	        Index Cond: ((id >= 9411401) AND (id <= 9412400))

table 6 : explain SELECT c FROM sbtest6 WHERE id BETWEEN 1959292 AND 1960291
	Bitmap Heap Scan on sbtest6  (cost=30.09..3655.99 rows=942 width=121)
	  Recheck Cond: ((id >= 1959292) AND (id <= 1960291))
	  ->  Bitmap Index Scan on sbtest6_pkey  (cost=0.00..29.86 rows=942 width=0)
	        Index Cond: ((id >= 1959292) AND (id <= 1960291))

table 7 : explain SELECT c FROM sbtest7 WHERE id BETWEEN 2141221 AND 2142220
	Bitmap Heap Scan on sbtest7  (cost=29.98..3616.97 rows=931 width=121)
	  Recheck Cond: ((id >= 2141221) AND (id <= 2142220))
	  ->  Bitmap Index Scan on sbtest7_pkey  (cost=0.00..29.75 rows=931 width=0)
	        Index Cond: ((id >= 2141221) AND (id <= 2142220))

table 8 : explain SELECT c FROM sbtest8 WHERE id BETWEEN 7910877 AND 7911876
	Bitmap Heap Scan on sbtest8  (cost=30.29..3728.19 rows=961 width=121)
	  Recheck Cond: ((id >= 7910877) AND (id <= 7911876))
	  ->  Bitmap Index Scan on sbtest8_pkey  (cost=0.00..30.04 rows=961 width=0)
	        Index Cond: ((id >= 7910877) AND (id <= 7911876))

for: distinct_ranges
table 1 : explain SELECT DISTINCT c FROM sbtest1 WHERE id BETWEEN 2891858 AND 2892857 ORDER BY c
	Unique  (cost=4009.08..4014.19 rows=1023 width=121)
	  ->  Sort  (cost=4009.08..4011.63 rows=1023 width=121)
	        Sort Key: c
	        ->  Bitmap Heap Scan on sbtest1  (cost=30.92..3957.93 rows=1023 width=121)
	              Recheck Cond: ((id >= 2891858) AND (id <= 2892857))
	              ->  Bitmap Index Scan on sbtest1_pkey  (cost=0.00..30.66 rows=1023 width=0)
	                    Index Cond: ((id >= 2891858) AND (id <= 2892857))

table 2 : explain SELECT DISTINCT c FROM sbtest2 WHERE id BETWEEN 5593337 AND 5594336 ORDER BY c
	Unique  (cost=3884.25..3889.20 rows=990 width=121)
	  ->  Sort  (cost=3884.25..3886.73 rows=990 width=121)
	        Sort Key: c
	        ->  Bitmap Heap Scan on sbtest2  (cost=30.58..3834.99 rows=990 width=121)
	              Recheck Cond: ((id >= 5593337) AND (id <= 5594336))
	              ->  Bitmap Index Scan on sbtest2_pkey  (cost=0.00..30.33 rows=990 width=0)
	                    Index Cond: ((id >= 5593337) AND (id <= 5594336))

table 3 : explain SELECT DISTINCT c FROM sbtest3 WHERE id BETWEEN 6410677 AND 6411676 ORDER BY c
	Unique  (cost=4053.24..4058.41 rows=1034 width=121)
	  ->  Sort  (cost=4053.24..4055.82 rows=1034 width=121)
	        Sort Key: c
	        ->  Bitmap Heap Scan on sbtest3  (cost=31.03..4001.46 rows=1034 width=121)
	              Recheck Cond: ((id >= 6410677) AND (id <= 6411676))
	              ->  Bitmap Index Scan on sbtest3_pkey  (cost=0.00..30.77 rows=1034 width=0)
	                    Index Cond: ((id >= 6410677) AND (id <= 6411676))

table 4 : explain SELECT DISTINCT c FROM sbtest4 WHERE id BETWEEN 5010161 AND 5011160 ORDER BY c
	Unique  (cost=4037.87..4043.02 rows=1030 width=121)
	  ->  Sort  (cost=4037.87..4040.45 rows=1030 width=121)
	        Sort Key: c
	        ->  Bitmap Heap Scan on sbtest4  (cost=30.99..3986.33 rows=1030 width=121)
	              Recheck Cond: ((id >= 5010161) AND (id <= 5011160))
	              ->  Bitmap Index Scan on sbtest4_pkey  (cost=0.00..30.73 rows=1030 width=0)
	                    Index Cond: ((id >= 5010161) AND (id <= 5011160))

table 5 : explain SELECT DISTINCT c FROM sbtest5 WHERE id BETWEEN 79704 AND 80703 ORDER BY c
	Unique  (cost=3708.96..3713.68 rows=943 width=121)
	  ->  Sort  (cost=3708.96..3711.32 rows=943 width=121)
	        Sort Key: c
	        ->  Bitmap Heap Scan on sbtest5  (cost=30.10..3662.37 rows=943 width=121)
	              Recheck Cond: ((id >= 79704) AND (id <= 80703))
	              ->  Bitmap Index Scan on sbtest5_pkey  (cost=0.00..29.86 rows=943 width=0)
	                    Index Cond: ((id >= 79704) AND (id <= 80703))

table 6 : explain SELECT DISTINCT c FROM sbtest6 WHERE id BETWEEN 1918621 AND 1919620 ORDER BY c
	Unique  (cost=3702.53..3707.24 rows=942 width=121)
	  ->  Sort  (cost=3702.53..3704.88 rows=942 width=121)
	        Sort Key: c
	        ->  Bitmap Heap Scan on sbtest6  (cost=30.09..3655.99 rows=942 width=121)
	              Recheck Cond: ((id >= 1918621) AND (id <= 1919620))
	              ->  Bitmap Index Scan on sbtest6_pkey  (cost=0.00..29.86 rows=942 width=0)
	                    Index Cond: ((id >= 1918621) AND (id <= 1919620))

table 7 : explain SELECT DISTINCT c FROM sbtest7 WHERE id BETWEEN 1363909 AND 1364908 ORDER BY c
	Unique  (cost=3578.27..3582.82 rows=909 width=121)
	  ->  Sort  (cost=3578.27..3580.54 rows=909 width=121)
	        Sort Key: c
	        ->  Bitmap Heap Scan on sbtest7  (cost=29.75..3533.60 rows=909 width=121)
	              Recheck Cond: ((id >= 1363909) AND (id <= 1364908))
	              ->  Bitmap Index Scan on sbtest7_pkey  (cost=0.00..29.52 rows=909 width=0)
	                    Index Cond: ((id >= 1363909) AND (id <= 1364908))

table 8 : explain SELECT DISTINCT c FROM sbtest8 WHERE id BETWEEN 5217805 AND 5218804 ORDER BY c
	Unique  (cost=4136.00..4141.27 rows=1055 width=121)
	  ->  Sort  (cost=4136.00..4138.63 rows=1055 width=121)
	        Sort Key: c
	        ->  Bitmap Heap Scan on sbtest8  (cost=31.25..4083.02 rows=1055 width=121)
	              Recheck Cond: ((id >= 5217805) AND (id <= 5218804))
	              ->  Bitmap Index Scan on sbtest8_pkey  (cost=0.00..30.98 rows=1055 width=0)
	                    Index Cond: ((id >= 5217805) AND (id <= 5218804))

for: order_ranges
table 1 : explain SELECT c FROM sbtest1 WHERE id BETWEEN 3323428 AND 3324427 ORDER BY c
	Sort  (cost=4524.48..4527.37 rows=1158 width=121)
	  Sort Key: c
	  ->  Bitmap Heap Scan on sbtest1  (cost=36.30..4465.55 rows=1158 width=121)
	        Recheck Cond: ((id >= 3323428) AND (id <= 3324427))
	        ->  Bitmap Index Scan on sbtest1_pkey  (cost=0.00..36.02 rows=1158 width=0)
	              Index Cond: ((id >= 3323428) AND (id <= 3324427))

table 2 : explain SELECT c FROM sbtest2 WHERE id BETWEEN 6229187 AND 6230186 ORDER BY c
	Sort  (cost=3895.74..3898.22 rows=993 width=121)
	  Sort Key: c
	  ->  Bitmap Heap Scan on sbtest2  (cost=30.61..3846.31 rows=993 width=121)
	        Recheck Cond: ((id >= 6229187) AND (id <= 6230186))
	        ->  Bitmap Index Scan on sbtest2_pkey  (cost=0.00..30.36 rows=993 width=0)
	              Index Cond: ((id >= 6229187) AND (id <= 6230186))

table 3 : explain SELECT c FROM sbtest3 WHERE id BETWEEN 7582897 AND 7583896 ORDER BY c
	Sort  (cost=3838.83..3841.27 rows=978 width=121)
	  Sort Key: c
	  ->  Bitmap Heap Scan on sbtest3  (cost=30.46..3790.25 rows=978 width=121)
	        Recheck Cond: ((id >= 7582897) AND (id <= 7583896))
	        ->  Bitmap Index Scan on sbtest3_pkey  (cost=0.00..30.21 rows=978 width=0)
	              Index Cond: ((id >= 7582897) AND (id <= 7583896))

table 4 : explain SELECT c FROM sbtest4 WHERE id BETWEEN 3416488 AND 3417487 ORDER BY c
	Sort  (cost=3539.35..3541.60 rows=901 width=121)
	  Sort Key: c
	  ->  Bitmap Heap Scan on sbtest4  (cost=25.67..3495.13 rows=901 width=121)
	        Recheck Cond: ((id >= 3416488) AND (id <= 3417487))
	        ->  Bitmap Index Scan on sbtest4_pkey  (cost=0.00..25.44 rows=901 width=0)
	              Index Cond: ((id >= 3416488) AND (id <= 3417487))

table 5 : explain SELECT c FROM sbtest5 WHERE id BETWEEN 6179920 AND 6180919 ORDER BY c
	Sort  (cost=4184.62..4187.29 rows=1067 width=121)
	  Sort Key: c
	  ->  Bitmap Heap Scan on sbtest5  (cost=31.37..4130.96 rows=1067 width=121)
	        Recheck Cond: ((id >= 6179920) AND (id <= 6180919))
	        ->  Bitmap Index Scan on sbtest5_pkey  (cost=0.00..31.11 rows=1067 width=0)
	              Index Cond: ((id >= 6179920) AND (id <= 6180919))

table 6 : explain SELECT c FROM sbtest6 WHERE id BETWEEN 9997593 AND 9998592 ORDER BY c
	Sort  (cost=3825.32..3827.75 rows=974 width=121)
	  Sort Key: c
	  ->  Bitmap Heap Scan on sbtest6  (cost=30.42..3776.97 rows=974 width=121)
	        Recheck Cond: ((id >= 9997593) AND (id <= 9998592))
	        ->  Bitmap Index Scan on sbtest6_pkey  (cost=0.00..30.18 rows=974 width=0)
	              Index Cond: ((id >= 9997593) AND (id <= 9998592))

table 7 : explain SELECT c FROM sbtest7 WHERE id BETWEEN 6317284 AND 6318283 ORDER BY c
	Sort  (cost=4138.73..4141.37 rows=1055 width=121)
	  Sort Key: c
	  ->  Bitmap Heap Scan on sbtest7  (cost=31.25..4085.75 rows=1055 width=121)
	        Recheck Cond: ((id >= 6317284) AND (id <= 6318283))
	        ->  Bitmap Index Scan on sbtest7_pkey  (cost=0.00..30.98 rows=1055 width=0)
	              Index Cond: ((id >= 6317284) AND (id <= 6318283))

table 8 : explain SELECT c FROM sbtest8 WHERE id BETWEEN 6753827 AND 6754826 ORDER BY c
	Sort  (cost=4143.65..4146.29 rows=1057 width=121)
	  Sort Key: c
	  ->  Bitmap Heap Scan on sbtest8  (cost=31.27..4090.56 rows=1057 width=121)
	        Recheck Cond: ((id >= 6753827) AND (id <= 6754826))
	        ->  Bitmap Index Scan on sbtest8_pkey  (cost=0.00..31.00 rows=1057 width=0)
	              Index Cond: ((id >= 6753827) AND (id <= 6754826))

for: simple_ranges
table 1 : explain SELECT c FROM sbtest1 WHERE id BETWEEN 6018748 AND 6019747
	Bitmap Heap Scan on sbtest1  (cost=30.83..3924.03 rows=1014 width=121)
	  Recheck Cond: ((id >= 6018748) AND (id <= 6019747))
	  ->  Bitmap Index Scan on sbtest1_pkey  (cost=0.00..30.57 rows=1014 width=0)
	        Index Cond: ((id >= 6018748) AND (id <= 6019747))

table 2 : explain SELECT c FROM sbtest2 WHERE id BETWEEN 653390 AND 654389
	Bitmap Heap Scan on sbtest2  (cost=30.93..3963.20 rows=1024 width=121)
	  Recheck Cond: ((id >= 653390) AND (id <= 654389))
	  ->  Bitmap Index Scan on sbtest2_pkey  (cost=0.00..30.68 rows=1024 width=0)
	        Index Cond: ((id >= 653390) AND (id <= 654389))

table 3 : explain SELECT c FROM sbtest3 WHERE id BETWEEN 1132405 AND 1133404
	Bitmap Heap Scan on sbtest3  (cost=30.80..3914.76 rows=1011 width=121)
	  Recheck Cond: ((id >= 1132405) AND (id <= 1133404))
	  ->  Bitmap Index Scan on sbtest3_pkey  (cost=0.00..30.54 rows=1011 width=0)
	        Index Cond: ((id >= 1132405) AND (id <= 1133404))

table 4 : explain SELECT c FROM sbtest4 WHERE id BETWEEN 6672404 AND 6673403
	Bitmap Heap Scan on sbtest4  (cost=25.52..3438.33 rows=886 width=121)
	  Recheck Cond: ((id >= 6672404) AND (id <= 6673403))
	  ->  Bitmap Index Scan on sbtest4_pkey  (cost=0.00..25.29 rows=886 width=0)
	        Index Cond: ((id >= 6672404) AND (id <= 6673403))

table 5 : explain SELECT c FROM sbtest5 WHERE id BETWEEN 9006749 AND 9007748
	Bitmap Heap Scan on sbtest5  (cost=30.35..3753.21 rows=967 width=121)
	  Recheck Cond: ((id >= 9006749) AND (id <= 9007748))
	  ->  Bitmap Index Scan on sbtest5_pkey  (cost=0.00..30.11 rows=967 width=0)
	        Index Cond: ((id >= 9006749) AND (id <= 9007748))

table 6 : explain SELECT c FROM sbtest6 WHERE id BETWEEN 4569279 AND 4570278
	Bitmap Heap Scan on sbtest6  (cost=30.68..3875.17 rows=1000 width=121)
	  Recheck Cond: ((id >= 4569279) AND (id <= 4570278))
	  ->  Bitmap Index Scan on sbtest6_pkey  (cost=0.00..30.43 rows=1000 width=0)
	        Index Cond: ((id >= 4569279) AND (id <= 4570278))

table 7 : explain SELECT c FROM sbtest7 WHERE id BETWEEN 5356279 AND 5357278
	Bitmap Heap Scan on sbtest7  (cost=30.34..3749.48 rows=966 width=121)
	  Recheck Cond: ((id >= 5356279) AND (id <= 5357278))
	  ->  Bitmap Index Scan on sbtest7_pkey  (cost=0.00..30.09 rows=966 width=0)
	        Index Cond: ((id >= 5356279) AND (id <= 5357278))

table 8 : explain SELECT c FROM sbtest8 WHERE id BETWEEN 42707 AND 43706
	Bitmap Heap Scan on sbtest8  (cost=30.46..3792.44 rows=978 width=121)
	  Recheck Cond: ((id >= 42707) AND (id <= 43706))
	  ->  Bitmap Index Scan on sbtest8_pkey  (cost=0.00..30.21 rows=978 width=0)
	        Index Cond: ((id >= 42707) AND (id <= 43706))

for: distinct_ranges
table 1 : explain SELECT DISTINCT c FROM sbtest1 WHERE id BETWEEN 7532199 AND 7533198 ORDER BY c
	Unique  (cost=3199.38..3203.45 rows=813 width=121)
	  ->  Sort  (cost=3199.38..3201.41 rows=813 width=121)
	        Sort Key: c
	        ->  Bitmap Heap Scan on sbtest1  (cost=24.77..3160.08 rows=813 width=121)
	              Recheck Cond: ((id >= 7532199) AND (id <= 7533198))
	              ->  Bitmap Index Scan on sbtest1_pkey  (cost=0.00..24.57 rows=813 width=0)
	                    Index Cond: ((id >= 7532199) AND (id <= 7533198))

table 2 : explain SELECT DISTINCT c FROM sbtest2 WHERE id BETWEEN 9238485 AND 9239484 ORDER BY c
	Unique  (cost=4129.12..4134.39 rows=1054 width=121)
	  ->  Sort  (cost=4129.12..4131.75 rows=1054 width=121)
	        Sort Key: c
	        ->  Bitmap Heap Scan on sbtest2  (cost=31.24..4076.20 rows=1054 width=121)
	              Recheck Cond: ((id >= 9238485) AND (id <= 9239484))
	              ->  Bitmap Index Scan on sbtest2_pkey  (cost=0.00..30.97 rows=1054 width=0)
	                    Index Cond: ((id >= 9238485) AND (id <= 9239484))

table 3 : explain SELECT DISTINCT c FROM sbtest3 WHERE id BETWEEN 6215166 AND 6216165 ORDER BY c
	Unique  (cost=4087.66..4092.87 rows=1043 width=121)
	  ->  Sort  (cost=4087.66..4090.27 rows=1043 width=121)
	        Sort Key: c
	        ->  Bitmap Heap Scan on sbtest3  (cost=31.13..4035.37 rows=1043 width=121)
	              Recheck Cond: ((id >= 6215166) AND (id <= 6216165))
	              ->  Bitmap Index Scan on sbtest3_pkey  (cost=0.00..30.86 rows=1043 width=0)
	                    Index Cond: ((id >= 6215166) AND (id <= 6216165))

table 4 : explain SELECT DISTINCT c FROM sbtest4 WHERE id BETWEEN 2017059 AND 2018058 ORDER BY c
	Unique  (cost=3865.59..3870.52 rows=985 width=121)
	  ->  Sort  (cost=3865.59..3868.05 rows=985 width=121)
	        Sort Key: c
	        ->  Bitmap Heap Scan on sbtest4  (cost=30.53..3816.62 rows=985 width=121)
	              Recheck Cond: ((id >= 2017059) AND (id <= 2018058))
	              ->  Bitmap Index Scan on sbtest4_pkey  (cost=0.00..30.29 rows=985 width=0)
	                    Index Cond: ((id >= 2017059) AND (id <= 2018058))

table 5 : explain SELECT DISTINCT c FROM sbtest5 WHERE id BETWEEN 6137135 AND 6138134 ORDER BY c
	Unique  (cost=4184.62..4189.96 rows=1067 width=121)
	  ->  Sort  (cost=4184.62..4187.29 rows=1067 width=121)
	        Sort Key: c
	        ->  Bitmap Heap Scan on sbtest5  (cost=31.37..4130.96 rows=1067 width=121)
	              Recheck Cond: ((id >= 6137135) AND (id <= 6138134))
	              ->  Bitmap Index Scan on sbtest5_pkey  (cost=0.00..31.11 rows=1067 width=0)
	                    Index Cond: ((id >= 6137135) AND (id <= 6138134))

table 6 : explain SELECT DISTINCT c FROM sbtest6 WHERE id BETWEEN 7648895 AND 7649894 ORDER BY c
	Unique  (cost=4062.88..4068.06 rows=1036 width=121)
	  ->  Sort  (cost=4062.88..4065.47 rows=1036 width=121)
	        Sort Key: c
	        ->  Bitmap Heap Scan on sbtest6  (cost=31.05..4011.00 rows=1036 width=121)
	              Recheck Cond: ((id >= 7648895) AND (id <= 7649894))
	              ->  Bitmap Index Scan on sbtest6_pkey  (cost=0.00..30.79 rows=1036 width=0)
	                    Index Cond: ((id >= 7648895) AND (id <= 7649894))

table 7 : explain SELECT DISTINCT c FROM sbtest7 WHERE id BETWEEN 2741783 AND 2742782 ORDER BY c
	Unique  (cost=3724.39..3729.12 rows=947 width=121)
	  ->  Sort  (cost=3724.39..3726.75 rows=947 width=121)
	        Sort Key: c
	        ->  Bitmap Heap Scan on sbtest7  (cost=30.14..3677.57 rows=947 width=121)
	              Recheck Cond: ((id >= 2741783) AND (id <= 2742782))
	              ->  Bitmap Index Scan on sbtest7_pkey  (cost=0.00..29.90 rows=947 width=0)
	                    Index Cond: ((id >= 2741783) AND (id <= 2742782))

table 8 : explain SELECT DISTINCT c FROM sbtest8 WHERE id BETWEEN 550950 AND 551949 ORDER BY c
	Unique  (cost=3933.03..3938.04 rows=1002 width=121)
	  ->  Sort  (cost=3933.03..3935.54 rows=1002 width=121)
	        Sort Key: c
	        ->  Bitmap Heap Scan on sbtest8  (cost=30.71..3883.09 rows=1002 width=121)
	              Recheck Cond: ((id >= 550950) AND (id <= 551949))
	              ->  Bitmap Index Scan on sbtest8_pkey  (cost=0.00..30.45 rows=1002 width=0)
	                    Index Cond: ((id >= 550950) AND (id <= 551949))

for point_selects
table 1 : explain SELECT c FROM sbtest1 WHERE id=7955004
	Index Scan using sbtest1_pkey on sbtest1  (cost=0.43..8.45 rows=1 width=121)
	  Index Cond: (id = 7955004)

table 2 : explain SELECT c FROM sbtest2 WHERE id=9511
	Index Scan using sbtest2_pkey on sbtest2  (cost=0.43..8.45 rows=1 width=121)
	  Index Cond: (id = 9511)

table 3 : explain SELECT c FROM sbtest3 WHERE id=8640078
	Index Scan using sbtest3_pkey on sbtest3  (cost=0.43..8.45 rows=1 width=121)
	  Index Cond: (id = 8640078)

table 4 : explain SELECT c FROM sbtest4 WHERE id=6556426
	Index Scan using sbtest4_pkey on sbtest4  (cost=0.43..8.45 rows=1 width=121)
	  Index Cond: (id = 6556426)

table 5 : explain SELECT c FROM sbtest5 WHERE id=7921231
	Index Scan using sbtest5_pkey on sbtest5  (cost=0.43..8.45 rows=1 width=121)
	  Index Cond: (id = 7921231)

table 6 : explain SELECT c FROM sbtest6 WHERE id=4154277
	Index Scan using sbtest6_pkey on sbtest6  (cost=0.43..8.45 rows=1 width=121)
	  Index Cond: (id = 4154277)

table 7 : explain SELECT c FROM sbtest7 WHERE id=3121698
	Index Scan using sbtest7_pkey on sbtest7  (cost=0.43..8.45 rows=1 width=121)
	  Index Cond: (id = 3121698)

table 8 : explain SELECT c FROM sbtest8 WHERE id=3979426
	Index Scan using sbtest8_pkey on sbtest8  (cost=0.43..8.45 rows=1 width=121)
	  Index Cond: (id = 3979426)

for: simple_ranges
table 1 : explain SELECT c FROM sbtest1 WHERE id BETWEEN 2194349 AND 2195348
	Bitmap Heap Scan on sbtest1  (cost=30.49..3799.63 rows=981 width=121)
	  Recheck Cond: ((id >= 2194349) AND (id <= 2195348))
	  ->  Bitmap Index Scan on sbtest1_pkey  (cost=0.00..30.25 rows=981 width=0)
	        Index Cond: ((id >= 2194349) AND (id <= 2195348))

table 2 : explain SELECT c FROM sbtest2 WHERE id BETWEEN 5279221 AND 5280220
	Bitmap Heap Scan on sbtest2  (cost=30.18..3687.76 rows=951 width=121)
	  Recheck Cond: ((id >= 5279221) AND (id <= 5280220))
	  ->  Bitmap Index Scan on sbtest2_pkey  (cost=0.00..29.94 rows=951 width=0)
	        Index Cond: ((id >= 5279221) AND (id <= 5280220))

table 3 : explain SELECT c FROM sbtest3 WHERE id BETWEEN 3833694 AND 3834693
	Bitmap Heap Scan on sbtest3  (cost=30.73..3888.36 rows=1004 width=121)
	  Recheck Cond: ((id >= 3833694) AND (id <= 3834693))
	  ->  Bitmap Index Scan on sbtest3_pkey  (cost=0.00..30.47 rows=1004 width=0)
	        Index Cond: ((id >= 3833694) AND (id <= 3834693))

table 4 : explain SELECT c FROM sbtest4 WHERE id BETWEEN 1891153 AND 1892152
	Bitmap Heap Scan on sbtest4  (cost=30.37..3756.21 rows=969 width=121)
	  Recheck Cond: ((id >= 1891153) AND (id <= 1892152))
	  ->  Bitmap Index Scan on sbtest4_pkey  (cost=0.00..30.12 rows=969 width=0)
	        Index Cond: ((id >= 1891153) AND (id <= 1892152))

table 5 : explain SELECT c FROM sbtest5 WHERE id BETWEEN 5112720 AND 5113719
	Bitmap Heap Scan on sbtest5  (cost=31.69..4247.81 rows=1098 width=121)
	  Recheck Cond: ((id >= 5112720) AND (id <= 5113719))
	  ->  Bitmap Index Scan on sbtest5_pkey  (cost=0.00..31.41 rows=1098 width=0)
	        Index Cond: ((id >= 5112720) AND (id <= 5113719))

table 6 : explain SELECT c FROM sbtest6 WHERE id BETWEEN 2823944 AND 2824943
	Bitmap Heap Scan on sbtest6  (cost=31.18..4056.24 rows=1048 width=121)
	  Recheck Cond: ((id >= 2823944) AND (id <= 2824943))
	  ->  Bitmap Index Scan on sbtest6_pkey  (cost=0.00..30.91 rows=1048 width=0)
	        Index Cond: ((id >= 2823944) AND (id <= 2824943))

table 7 : explain SELECT c FROM sbtest7 WHERE id BETWEEN 4209669 AND 4210668
	Bitmap Heap Scan on sbtest7  (cost=29.87..3575.30 rows=920 width=121)
	  Recheck Cond: ((id >= 4209669) AND (id <= 4210668))
	  ->  Bitmap Index Scan on sbtest7_pkey  (cost=0.00..29.64 rows=920 width=0)
	        Index Cond: ((id >= 4209669) AND (id <= 4210668))

table 8 : explain SELECT c FROM sbtest8 WHERE id BETWEEN 7638004 AND 7639003
	Bitmap Heap Scan on sbtest8  (cost=30.32..3739.53 rows=964 width=121)
	  Recheck Cond: ((id >= 7638004) AND (id <= 7639003))
	  ->  Bitmap Index Scan on sbtest8_pkey  (cost=0.00..30.07 rows=964 width=0)
	        Index Cond: ((id >= 7638004) AND (id <= 7639003))

explain: for point_selects :: explain SELECT c FROM sbtest%u WHERE id=%u
for: order_ranges
table 1 : explain SELECT c FROM sbtest1 WHERE id BETWEEN 9279407 AND 9280406 ORDER BY c
	Sort  (cost=3921.10..3923.60 rows=1000 width=121)
	  Sort Key: c
	  ->  Bitmap Heap Scan on sbtest1  (cost=30.68..3871.27 rows=1000 width=121)
	        Recheck Cond: ((id >= 9279407) AND (id <= 9280406))
	        ->  Bitmap Index Scan on sbtest1_pkey  (cost=0.00..30.43 rows=1000 width=0)
	              Index Cond: ((id >= 9279407) AND (id <= 9280406))

table 2 : explain SELECT c FROM sbtest2 WHERE id BETWEEN 7963243 AND 7964242 ORDER BY c
	Sort  (cost=3654.08..3656.41 rows=931 width=121)
	  Sort Key: c
	  ->  Bitmap Heap Scan on sbtest2  (cost=25.98..3608.17 rows=931 width=121)
	        Recheck Cond: ((id >= 7963243) AND (id <= 7964242))
	        ->  Bitmap Index Scan on sbtest2_pkey  (cost=0.00..25.75 rows=931 width=0)
	              Index Cond: ((id >= 7963243) AND (id <= 7964242))

table 3 : explain SELECT c FROM sbtest3 WHERE id BETWEEN 2148969 AND 2149968 ORDER BY c
	Sort  (cost=3485.60..3487.82 rows=887 width=121)
	  Sort Key: c
	  ->  Bitmap Heap Scan on sbtest3  (cost=25.53..3442.17 rows=887 width=121)
	        Recheck Cond: ((id >= 2148969) AND (id <= 2149968))
	        ->  Bitmap Index Scan on sbtest3_pkey  (cost=0.00..25.30 rows=887 width=0)
	              Index Cond: ((id >= 2148969) AND (id <= 2149968))

table 4 : explain SELECT c FROM sbtest4 WHERE id BETWEEN 9594971 AND 9595970 ORDER BY c
	Sort  (cost=3815.78..3818.21 rows=972 width=121)
	  Sort Key: c
	  ->  Bitmap Heap Scan on sbtest4  (cost=30.40..3767.54 rows=972 width=121)
	        Recheck Cond: ((id >= 9594971) AND (id <= 9595970))
	        ->  Bitmap Index Scan on sbtest4_pkey  (cost=0.00..30.15 rows=972 width=0)
	              Index Cond: ((id >= 9594971) AND (id <= 9595970))

table 5 : explain SELECT c FROM sbtest5 WHERE id BETWEEN 5843527 AND 5844526 ORDER BY c
	Sort  (cost=3904.81..3907.30 rows=994 width=121)
	  Sort Key: c
	  ->  Bitmap Heap Scan on sbtest5  (cost=30.62..3855.33 rows=994 width=121)
	        Recheck Cond: ((id >= 5843527) AND (id <= 5844526))
	        ->  Bitmap Index Scan on sbtest5_pkey  (cost=0.00..30.37 rows=994 width=0)
	              Index Cond: ((id >= 5843527) AND (id <= 5844526))

table 6 : explain SELECT c FROM sbtest6 WHERE id BETWEEN 5616613 AND 5617612 ORDER BY c
	Sort  (cost=3579.61..3581.88 rows=910 width=121)
	  Sort Key: c
	  ->  Bitmap Heap Scan on sbtest6  (cost=29.76..3534.88 rows=910 width=121)
	        Recheck Cond: ((id >= 5616613) AND (id <= 5617612))
	        ->  Bitmap Index Scan on sbtest6_pkey  (cost=0.00..29.54 rows=910 width=0)
	              Index Cond: ((id >= 5616613) AND (id <= 5617612))

table 7 : explain SELECT c FROM sbtest7 WHERE id BETWEEN 8895677 AND 8896676 ORDER BY c
	Sort  (cost=4000.76..4003.31 rows=1019 width=121)
	  Sort Key: c
	  ->  Bitmap Heap Scan on sbtest7  (cost=30.88..3949.85 rows=1019 width=121)
	        Recheck Cond: ((id >= 8895677) AND (id <= 8896676))
	        ->  Bitmap Index Scan on sbtest7_pkey  (cost=0.00..30.62 rows=1019 width=0)
	              Index Cond: ((id >= 8895677) AND (id <= 8896676))

table 8 : explain SELECT c FROM sbtest8 WHERE id BETWEEN 1273294 AND 1274293 ORDER BY c
	Sort  (cost=3829.51..3831.95 rows=975 width=121)
	  Sort Key: c
	  ->  Bitmap Heap Scan on sbtest8  (cost=30.43..3781.10 rows=975 width=121)
	        Recheck Cond: ((id >= 1273294) AND (id <= 1274293))
	        ->  Bitmap Index Scan on sbtest8_pkey  (cost=0.00..30.18 rows=975 width=0)
	              Index Cond: ((id >= 1273294) AND (id <= 1274293))

for: distinct_ranges
table 1 : explain SELECT DISTINCT c FROM sbtest1 WHERE id BETWEEN 4323288 AND 4324287 ORDER BY c
	Unique  (cost=3947.88..3952.92 rows=1007 width=121)
	  ->  Sort  (cost=3947.88..3950.40 rows=1007 width=121)
	        Sort Key: c
	        ->  Bitmap Heap Scan on sbtest1  (cost=30.76..3897.65 rows=1007 width=121)
	              Recheck Cond: ((id >= 4323288) AND (id <= 4324287))
	              ->  Bitmap Index Scan on sbtest1_pkey  (cost=0.00..30.50 rows=1007 width=0)
	                    Index Cond: ((id >= 4323288) AND (id <= 4324287))

table 2 : explain SELECT DISTINCT c FROM sbtest2 WHERE id BETWEEN 9564324 AND 9565323 ORDER BY c
	Unique  (cost=4293.36..4298.85 rows=1097 width=121)
	  ->  Sort  (cost=4293.36..4296.10 rows=1097 width=121)
	        Sort Key: c
	        ->  Bitmap Heap Scan on sbtest2  (cost=31.68..4237.97 rows=1097 width=121)
	              Recheck Cond: ((id >= 9564324) AND (id <= 9565323))
	              ->  Bitmap Index Scan on sbtest2_pkey  (cost=0.00..31.40 rows=1097 width=0)
	                    Index Cond: ((id >= 9564324) AND (id <= 9565323))

table 3 : explain SELECT DISTINCT c FROM sbtest3 WHERE id BETWEEN 1070200 AND 1071199 ORDER BY c
	Unique  (cost=3884.80..3889.75 rows=990 width=121)
	  ->  Sort  (cost=3884.80..3887.28 rows=990 width=121)
	        Sort Key: c
	        ->  Bitmap Heap Scan on sbtest3  (cost=30.58..3835.54 rows=990 width=121)
	              Recheck Cond: ((id >= 1070200) AND (id <= 1071199))
	              ->  Bitmap Index Scan on sbtest3_pkey  (cost=0.00..30.33 rows=990 width=0)
	                    Index Cond: ((id >= 1070200) AND (id <= 1071199))

table 4 : explain SELECT DISTINCT c FROM sbtest4 WHERE id BETWEEN 9264685 AND 9265684 ORDER BY c
	Unique  (cost=3662.21..3666.87 rows=933 width=121)
	  ->  Sort  (cost=3662.21..3664.54 rows=933 width=121)
	        Sort Key: c
	        ->  Bitmap Heap Scan on sbtest4  (cost=26.00..3616.18 rows=933 width=121)
	              Recheck Cond: ((id >= 9264685) AND (id <= 9265684))
	              ->  Bitmap Index Scan on sbtest4_pkey  (cost=0.00..25.76 rows=933 width=0)
	                    Index Cond: ((id >= 9264685) AND (id <= 9265684))

table 5 : explain SELECT DISTINCT c FROM sbtest5 WHERE id BETWEEN 5014847 AND 5015846 ORDER BY c
	Unique  (cost=3481.85..3486.28 rows=885 width=121)
	  ->  Sort  (cost=3481.85..3484.07 rows=885 width=121)
	        Sort Key: c
	        ->  Bitmap Heap Scan on sbtest5  (cost=25.51..3438.53 rows=885 width=121)
	              Recheck Cond: ((id >= 5014847) AND (id <= 5015846))
	              ->  Bitmap Index Scan on sbtest5_pkey  (cost=0.00..25.29 rows=885 width=0)
	                    Index Cond: ((id >= 5014847) AND (id <= 5015846))

table 6 : explain SELECT DISTINCT c FROM sbtest6 WHERE id BETWEEN 6166867 AND 6167866 ORDER BY c
	Unique  (cost=4074.37..4079.56 rows=1039 width=121)
	  ->  Sort  (cost=4074.37..4076.97 rows=1039 width=121)
	        Sort Key: c
	        ->  Bitmap Heap Scan on sbtest6  (cost=31.08..4022.31 rows=1039 width=121)
	              Recheck Cond: ((id >= 6166867) AND (id <= 6167866))
	              ->  Bitmap Index Scan on sbtest6_pkey  (cost=0.00..30.82 rows=1039 width=0)
	                    Index Cond: ((id >= 6166867) AND (id <= 6167866))

table 7 : explain SELECT DISTINCT c FROM sbtest7 WHERE id BETWEEN 4536544 AND 4537543 ORDER BY c
	Unique  (cost=4337.76..4343.29 rows=1107 width=121)
	  ->  Sort  (cost=4337.76..4340.52 rows=1107 width=121)
	        Sort Key: c
	        ->  Bitmap Heap Scan on sbtest7  (cost=31.78..4281.78 rows=1107 width=121)
	              Recheck Cond: ((id >= 4536544) AND (id <= 4537543))
	              ->  Bitmap Index Scan on sbtest7_pkey  (cost=0.00..31.50 rows=1107 width=0)
	                    Index Cond: ((id >= 4536544) AND (id <= 4537543))

table 8 : explain SELECT DISTINCT c FROM sbtest8 WHERE id BETWEEN 636660 AND 637659 ORDER BY c
	Unique  (cost=3487.49..3491.93 rows=887 width=121)
	  ->  Sort  (cost=3487.49..3489.71 rows=887 width=121)
	        Sort Key: c
	        ->  Bitmap Heap Scan on sbtest8  (cost=25.53..3444.06 rows=887 width=121)
	              Recheck Cond: ((id >= 636660) AND (id <= 637659))
	              ->  Bitmap Index Scan on sbtest8_pkey  (cost=0.00..25.30 rows=887 width=0)
	                    Index Cond: ((id >= 636660) AND (id <= 637659))

for: sum_ranges
table 1 : explain SELECT SUM(k) FROM sbtest1 WHERE id BETWEEN 8639003 AND 8640002
	Aggregate  (cost=4081.03..4081.04 rows=1 width=8)
	  ->  Bitmap Heap Scan on sbtest1  (cost=31.25..4078.40 rows=1055 width=4)
	        Recheck Cond: ((id >= 8639003) AND (id <= 8640002))
	        ->  Bitmap Index Scan on sbtest1_pkey  (cost=0.00..30.98 rows=1055 width=0)
	              Index Cond: ((id >= 8639003) AND (id <= 8640002))

table 2 : explain SELECT SUM(k) FROM sbtest2 WHERE id BETWEEN 3974872 AND 3975871
	Aggregate  (cost=3958.21..3958.22 rows=1 width=8)
	  ->  Bitmap Heap Scan on sbtest2  (cost=30.91..3955.66 rows=1022 width=4)
	        Recheck Cond: ((id >= 3974872) AND (id <= 3975871))
	        ->  Bitmap Index Scan on sbtest2_pkey  (cost=0.00..30.65 rows=1022 width=0)
	              Index Cond: ((id >= 3974872) AND (id <= 3975871))

table 3 : explain SELECT SUM(k) FROM sbtest3 WHERE id BETWEEN 8680083 AND 8681082
	Aggregate  (cost=4030.44..4030.45 rows=1 width=8)
	  ->  Bitmap Heap Scan on sbtest3  (cost=31.11..4027.84 rows=1041 width=4)
	        Recheck Cond: ((id >= 8680083) AND (id <= 8681082))
	        ->  Bitmap Index Scan on sbtest3_pkey  (cost=0.00..30.84 rows=1041 width=0)
	              Index Cond: ((id >= 8680083) AND (id <= 8681082))

table 4 : explain SELECT SUM(k) FROM sbtest4 WHERE id BETWEEN 9693846 AND 9694845
	Aggregate  (cost=3905.91..3905.92 rows=1 width=8)
	  ->  Bitmap Heap Scan on sbtest4  (cost=30.77..3903.39 rows=1008 width=4)
	        Recheck Cond: ((id >= 9693846) AND (id <= 9694845))
	        ->  Bitmap Index Scan on sbtest4_pkey  (cost=0.00..30.51 rows=1008 width=0)
	              Index Cond: ((id >= 9693846) AND (id <= 9694845))

table 5 : explain SELECT SUM(k) FROM sbtest5 WHERE id BETWEEN 6772272 AND 6773271
	Aggregate  (cost=4216.62..4216.63 rows=1 width=8)
	  ->  Bitmap Heap Scan on sbtest5  (cost=31.60..4213.90 rows=1089 width=4)
	        Recheck Cond: ((id >= 6772272) AND (id <= 6773271))
	        ->  Bitmap Index Scan on sbtest5_pkey  (cost=0.00..31.32 rows=1089 width=0)
	              Index Cond: ((id >= 6772272) AND (id <= 6773271))

table 6 : explain SELECT SUM(k) FROM sbtest6 WHERE id BETWEEN 9605478 AND 9606477
	Aggregate  (cost=3832.33..3832.34 rows=1 width=8)
	  ->  Bitmap Heap Scan on sbtest6  (cost=30.56..3829.86 rows=988 width=4)
	        Recheck Cond: ((id >= 9605478) AND (id <= 9606477))
	        ->  Bitmap Index Scan on sbtest6_pkey  (cost=0.00..30.32 rows=988 width=0)
	              Index Cond: ((id >= 9605478) AND (id <= 9606477))

table 7 : explain SELECT SUM(k) FROM sbtest7 WHERE id BETWEEN 8502583 AND 8503582
	Aggregate  (cost=3774.61..3774.62 rows=1 width=8)
	  ->  Bitmap Heap Scan on sbtest7  (cost=30.40..3772.18 rows=972 width=4)
	        Recheck Cond: ((id >= 8502583) AND (id <= 8503582))
	        ->  Bitmap Index Scan on sbtest7_pkey  (cost=0.00..30.15 rows=972 width=0)
	              Index Cond: ((id >= 8502583) AND (id <= 8503582))

table 8 : explain SELECT SUM(k) FROM sbtest8 WHERE id BETWEEN 342680 AND 343679
	Aggregate  (cost=3881.82..3881.83 rows=1 width=8)
	  ->  Bitmap Heap Scan on sbtest8  (cost=30.70..3879.31 rows=1001 width=4)
	        Recheck Cond: ((id >= 342680) AND (id <= 343679))
	        ->  Bitmap Index Scan on sbtest8_pkey  (cost=0.00..30.44 rows=1001 width=0)
	              Index Cond: ((id >= 342680) AND (id <= 343679))

for: sum_ranges
table 1 : explain SELECT SUM(k) FROM sbtest1 WHERE id BETWEEN 6853085 AND 6854084
	Aggregate  (cost=3847.37..3847.38 rows=1 width=8)
	  ->  Bitmap Heap Scan on sbtest1  (cost=30.61..3844.88 rows=993 width=4)
	        Recheck Cond: ((id >= 6853085) AND (id <= 6854084))
	        ->  Bitmap Index Scan on sbtest1_pkey  (cost=0.00..30.36 rows=993 width=0)
	              Index Cond: ((id >= 6853085) AND (id <= 6854084))

table 2 : explain SELECT SUM(k) FROM sbtest2 WHERE id BETWEEN 8213576 AND 8214575
	Aggregate  (cost=3822.37..3822.38 rows=1 width=8)
	  ->  Bitmap Heap Scan on sbtest2  (cost=30.54..3819.90 rows=986 width=4)
	        Recheck Cond: ((id >= 8213576) AND (id <= 8214575))
	        ->  Bitmap Index Scan on sbtest2_pkey  (cost=0.00..30.29 rows=986 width=0)
	              Index Cond: ((id >= 8213576) AND (id <= 8214575))

table 3 : explain SELECT SUM(k) FROM sbtest3 WHERE id BETWEEN 2457731 AND 2458730
	Aggregate  (cost=3921.06..3921.07 rows=1 width=8)
	  ->  Bitmap Heap Scan on sbtest3  (cost=30.81..3918.53 rows=1012 width=4)
	        Recheck Cond: ((id >= 2457731) AND (id <= 2458730))
	        ->  Bitmap Index Scan on sbtest3_pkey  (cost=0.00..30.55 rows=1012 width=0)
	              Index Cond: ((id >= 2457731) AND (id <= 2458730))

table 4 : explain SELECT SUM(k) FROM sbtest4 WHERE id BETWEEN 8020200 AND 8021199
	Aggregate  (cost=4120.81..4120.82 rows=1 width=8)
	  ->  Bitmap Heap Scan on sbtest4  (cost=31.35..4118.15 rows=1065 width=4)
	        Recheck Cond: ((id >= 8020200) AND (id <= 8021199))
	        ->  Bitmap Index Scan on sbtest4_pkey  (cost=0.00..31.08 rows=1065 width=0)
	              Index Cond: ((id >= 8020200) AND (id <= 8021199))

table 5 : explain SELECT SUM(k) FROM sbtest5 WHERE id BETWEEN 4233612 AND 4234611
	Aggregate  (cost=3630.62..3630.63 rows=1 width=8)
	  ->  Bitmap Heap Scan on sbtest5  (cost=30.01..3628.29 rows=934 width=4)
	        Recheck Cond: ((id >= 4233612) AND (id <= 4234611))
	        ->  Bitmap Index Scan on sbtest5_pkey  (cost=0.00..29.77 rows=934 width=0)
	              Index Cond: ((id >= 4233612) AND (id <= 4234611))

table 6 : explain SELECT SUM(k) FROM sbtest6 WHERE id BETWEEN 133262 AND 134261
	Aggregate  (cost=3601.56..3601.57 rows=1 width=8)
	  ->  Bitmap Heap Scan on sbtest6  (cost=29.94..3599.24 rows=927 width=4)
	        Recheck Cond: ((id >= 133262) AND (id <= 134261))
	        ->  Bitmap Index Scan on sbtest6_pkey  (cost=0.00..29.70 rows=927 width=0)
	              Index Cond: ((id >= 133262) AND (id <= 134261))

table 7 : explain SELECT SUM(k) FROM sbtest7 WHERE id BETWEEN 398911 AND 399910
	Aggregate  (cost=3706.45..3706.46 rows=1 width=8)
	  ->  Bitmap Heap Scan on sbtest7  (cost=30.21..3704.07 rows=954 width=4)
	        Recheck Cond: ((id >= 398911) AND (id <= 399910))
	        ->  Bitmap Index Scan on sbtest7_pkey  (cost=0.00..29.97 rows=954 width=0)
	              Index Cond: ((id >= 398911) AND (id <= 399910))

table 8 : explain SELECT SUM(k) FROM sbtest8 WHERE id BETWEEN 4129576 AND 4130575
	Aggregate  (cost=3688.97..3688.98 rows=1 width=8)
	  ->  Bitmap Heap Scan on sbtest8  (cost=30.17..3686.59 rows=950 width=4)
	        Recheck Cond: ((id >= 4129576) AND (id <= 4130575))
	        ->  Bitmap Index Scan on sbtest8_pkey  (cost=0.00..29.93 rows=950 width=0)
	              Index Cond: ((id >= 4129576) AND (id <= 4130575))

for point_selects
table 1 : explain SELECT c FROM sbtest1 WHERE id=7763473
	Index Scan using sbtest1_pkey on sbtest1  (cost=0.43..8.45 rows=1 width=121)
	  Index Cond: (id = 7763473)

table 2 : explain SELECT c FROM sbtest2 WHERE id=3549388
	Index Scan using sbtest2_pkey on sbtest2  (cost=0.43..8.45 rows=1 width=121)
	  Index Cond: (id = 3549388)

table 3 : explain SELECT c FROM sbtest3 WHERE id=8795404
	Index Scan using sbtest3_pkey on sbtest3  (cost=0.43..8.45 rows=1 width=121)
	  Index Cond: (id = 8795404)

table 4 : explain SELECT c FROM sbtest4 WHERE id=4031767
	Index Scan using sbtest4_pkey on sbtest4  (cost=0.43..8.45 rows=1 width=121)
	  Index Cond: (id = 4031767)

table 5 : explain SELECT c FROM sbtest5 WHERE id=8556502
	Index Scan using sbtest5_pkey on sbtest5  (cost=0.43..8.45 rows=1 width=121)
	  Index Cond: (id = 8556502)

table 6 : explain SELECT c FROM sbtest6 WHERE id=9967915
	Index Scan using sbtest6_pkey on sbtest6  (cost=0.43..8.45 rows=1 width=121)
	  Index Cond: (id = 9967915)

table 7 : explain SELECT c FROM sbtest7 WHERE id=5133383
	Index Scan using sbtest7_pkey on sbtest7  (cost=0.43..8.45 rows=1 width=121)
	  Index Cond: (id = 5133383)

table 8 : explain SELECT c FROM sbtest8 WHERE id=1974544
	Index Scan using sbtest8_pkey on sbtest8  (cost=0.43..8.45 rows=1 width=121)
	  Index Cond: (id = 1974544)

for: simple_ranges
table 1 : explain SELECT c FROM sbtest1 WHERE id BETWEEN 6770605 AND 6771604
	Bitmap Heap Scan on sbtest1  (cost=30.31..3731.72 rows=963 width=121)
	  Recheck Cond: ((id >= 6770605) AND (id <= 6771604))
	  ->  Bitmap Index Scan on sbtest1_pkey  (cost=0.00..30.07 rows=963 width=0)
	        Index Cond: ((id >= 6770605) AND (id <= 6771604))

table 2 : explain SELECT c FROM sbtest2 WHERE id BETWEEN 5551160 AND 5552159
	Bitmap Heap Scan on sbtest2  (cost=30.31..3733.08 rows=963 width=121)
	  Recheck Cond: ((id >= 5551160) AND (id <= 5552159))
	  ->  Bitmap Index Scan on sbtest2_pkey  (cost=0.00..30.07 rows=963 width=0)
	        Index Cond: ((id >= 5551160) AND (id <= 5552159))

table 3 : explain SELECT c FROM sbtest3 WHERE id BETWEEN 8003148 AND 8004147
	Bitmap Heap Scan on sbtest3  (cost=31.18..4054.20 rows=1048 width=121)
	  Recheck Cond: ((id >= 8003148) AND (id <= 8004147))
	  ->  Bitmap Index Scan on sbtest3_pkey  (cost=0.00..30.91 rows=1048 width=0)
	        Index Cond: ((id >= 8003148) AND (id <= 8004147))

table 4 : explain SELECT c FROM sbtest4 WHERE id BETWEEN 8434129 AND 8435128
	Bitmap Heap Scan on sbtest4  (cost=30.21..3699.55 rows=954 width=121)
	  Recheck Cond: ((id >= 8434129) AND (id <= 8435128))
	  ->  Bitmap Index Scan on sbtest4_pkey  (cost=0.00..29.97 rows=954 width=0)
	        Index Cond: ((id >= 8434129) AND (id <= 8435128))

table 5 : explain SELECT c FROM sbtest5 WHERE id BETWEEN 8233623 AND 8234622
	Bitmap Heap Scan on sbtest5  (cost=29.96..3609.35 rows=929 width=121)
	  Recheck Cond: ((id >= 8233623) AND (id <= 8234622))
	  ->  Bitmap Index Scan on sbtest5_pkey  (cost=0.00..29.72 rows=929 width=0)
	        Index Cond: ((id >= 8233623) AND (id <= 8234622))

table 6 : explain SELECT c FROM sbtest6 WHERE id BETWEEN 3173577 AND 3174576
	Bitmap Heap Scan on sbtest6  (cost=29.98..3614.38 rows=931 width=121)
	  Recheck Cond: ((id >= 3173577) AND (id <= 3174576))
	  ->  Bitmap Index Scan on sbtest6_pkey  (cost=0.00..29.75 rows=931 width=0)
	        Index Cond: ((id >= 3173577) AND (id <= 3174576))

table 7 : explain SELECT c FROM sbtest7 WHERE id BETWEEN 6485235 AND 6486234
	Bitmap Heap Scan on sbtest7  (cost=30.29..3730.56 rows=961 width=121)
	  Recheck Cond: ((id >= 6485235) AND (id <= 6486234))
	  ->  Bitmap Index Scan on sbtest7_pkey  (cost=0.00..30.04 rows=961 width=0)
	        Index Cond: ((id >= 6485235) AND (id <= 6486234))

table 8 : explain SELECT c FROM sbtest8 WHERE id BETWEEN 5690365 AND 5691364
	Bitmap Heap Scan on sbtest8  (cost=30.23..3709.28 rows=956 width=121)
	  Recheck Cond: ((id >= 5690365) AND (id <= 5691364))
	  ->  Bitmap Index Scan on sbtest8_pkey  (cost=0.00..30.00 rows=956 width=0)
	        Index Cond: ((id >= 5690365) AND (id <= 5691364))

for: simple_ranges
table 1 : explain SELECT c FROM sbtest1 WHERE id BETWEEN 7333253 AND 7334252
	Bitmap Heap Scan on sbtest1  (cost=31.36..4119.78 rows=1066 width=121)
	  Recheck Cond: ((id >= 7333253) AND (id <= 7334252))
	  ->  Bitmap Index Scan on sbtest1_pkey  (cost=0.00..31.09 rows=1066 width=0)
	        Index Cond: ((id >= 7333253) AND (id <= 7334252))

table 2 : explain SELECT c FROM sbtest2 WHERE id BETWEEN 780058 AND 781057
	Bitmap Heap Scan on sbtest2  (cost=30.22..3702.87 rows=955 width=121)
	  Recheck Cond: ((id >= 780058) AND (id <= 781057))
	  ->  Bitmap Index Scan on sbtest2_pkey  (cost=0.00..29.98 rows=955 width=0)
	        Index Cond: ((id >= 780058) AND (id <= 781057))

table 3 : explain SELECT c FROM sbtest3 WHERE id BETWEEN 3562867 AND 3563866
	Bitmap Heap Scan on sbtest3  (cost=31.03..4001.46 rows=1034 width=121)
	  Recheck Cond: ((id >= 3562867) AND (id <= 3563866))
	  ->  Bitmap Index Scan on sbtest3_pkey  (cost=0.00..30.77 rows=1034 width=0)
	        Index Cond: ((id >= 3562867) AND (id <= 3563866))

table 4 : explain SELECT c FROM sbtest4 WHERE id BETWEEN 1401997 AND 1402996
	Bitmap Heap Scan on sbtest4  (cost=25.82..3551.89 rows=916 width=121)
	  Recheck Cond: ((id >= 1401997) AND (id <= 1402996))
	  ->  Bitmap Index Scan on sbtest4_pkey  (cost=0.00..25.59 rows=916 width=0)
	        Index Cond: ((id >= 1401997) AND (id <= 1402996))

table 5 : explain SELECT c FROM sbtest5 WHERE id BETWEEN 97436 AND 98435
	Bitmap Heap Scan on sbtest5  (cost=30.10..3662.37 rows=943 width=121)
	  Recheck Cond: ((id >= 97436) AND (id <= 98435))
	  ->  Bitmap Index Scan on sbtest5_pkey  (cost=0.00..29.86 rows=943 width=0)
	        Index Cond: ((id >= 97436) AND (id <= 98435))

table 6 : explain SELECT c FROM sbtest6 WHERE id BETWEEN 5655052 AND 5656051
	Bitmap Heap Scan on sbtest6  (cost=29.76..3534.88 rows=910 width=121)
	  Recheck Cond: ((id >= 5655052) AND (id <= 5656051))
	  ->  Bitmap Index Scan on sbtest6_pkey  (cost=0.00..29.54 rows=910 width=0)
	        Index Cond: ((id >= 5655052) AND (id <= 5656051))

table 7 : explain SELECT c FROM sbtest7 WHERE id BETWEEN 3330431 AND 3331430
	Bitmap Heap Scan on sbtest7  (cost=31.08..4025.37 rows=1039 width=121)
	  Recheck Cond: ((id >= 3330431) AND (id <= 3331430))
	  ->  Bitmap Index Scan on sbtest7_pkey  (cost=0.00..30.82 rows=1039 width=0)
	        Index Cond: ((id >= 3330431) AND (id <= 3331430))

table 8 : explain SELECT c FROM sbtest8 WHERE id BETWEEN 5396948 AND 5397947
	Bitmap Heap Scan on sbtest8  (cost=30.72..3886.87 rows=1003 width=121)
	  Recheck Cond: ((id >= 5396948) AND (id <= 5397947))
	  ->  Bitmap Index Scan on sbtest8_pkey  (cost=0.00..30.46 rows=1003 width=0)
	        Index Cond: ((id >= 5396948) AND (id <= 5397947))

for: sum_ranges
table 1 : explain SELECT SUM(k) FROM sbtest1 WHERE id BETWEEN 7472060 AND 7473059
	Aggregate  (cost=3870.00..3870.01 rows=1 width=8)
	  ->  Bitmap Heap Scan on sbtest1  (cost=30.67..3867.50 rows=999 width=4)
	        Recheck Cond: ((id >= 7472060) AND (id <= 7473059))
	        ->  Bitmap Index Scan on sbtest1_pkey  (cost=0.00..30.43 rows=999 width=0)
	              Index Cond: ((id >= 7472060) AND (id <= 7473059))

table 2 : explain SELECT SUM(k) FROM sbtest2 WHERE id BETWEEN 8711731 AND 8712730
	Aggregate  (cost=4169.21..4169.22 rows=1 width=8)
	  ->  Bitmap Heap Scan on sbtest2  (cost=31.48..4166.51 rows=1078 width=4)
	        Recheck Cond: ((id >= 8711731) AND (id <= 8712730))
	        ->  Bitmap Index Scan on sbtest2_pkey  (cost=0.00..31.21 rows=1078 width=0)
	              Index Cond: ((id >= 8711731) AND (id <= 8712730))

table 3 : explain SELECT SUM(k) FROM sbtest3 WHERE id BETWEEN 2184643 AND 2185642
	Aggregate  (cost=3444.39..3444.40 rows=1 width=8)
	  ->  Bitmap Heap Scan on sbtest3  (cost=25.53..3442.17 rows=887 width=4)
	        Recheck Cond: ((id >= 2184643) AND (id <= 2185642))
	        ->  Bitmap Index Scan on sbtest3_pkey  (cost=0.00..25.30 rows=887 width=0)
	              Index Cond: ((id >= 2184643) AND (id <= 2185642))

table 4 : explain SELECT SUM(k) FROM sbtest4 WHERE id BETWEEN 7100014 AND 7101013
	Aggregate  (cost=3811.53..3811.54 rows=1 width=8)
	  ->  Bitmap Heap Scan on sbtest4  (cost=30.51..3809.07 rows=983 width=4)
	        Recheck Cond: ((id >= 7100014) AND (id <= 7101013))
	        ->  Bitmap Index Scan on sbtest4_pkey  (cost=0.00..30.26 rows=983 width=0)
	              Index Cond: ((id >= 7100014) AND (id <= 7101013))

table 5 : explain SELECT SUM(k) FROM sbtest5 WHERE id BETWEEN 4141012 AND 4142011
	Aggregate  (cost=4163.81..4163.82 rows=1 width=8)
	  ->  Bitmap Heap Scan on sbtest5  (cost=31.45..4161.12 rows=1075 width=4)
	        Recheck Cond: ((id >= 4141012) AND (id <= 4142011))
	        ->  Bitmap Index Scan on sbtest5_pkey  (cost=0.00..31.18 rows=1075 width=0)
	              Index Cond: ((id >= 4141012) AND (id <= 4142011))

table 6 : explain SELECT SUM(k) FROM sbtest6 WHERE id BETWEEN 5622693 AND 5623692
	Aggregate  (cost=3537.16..3537.17 rows=1 width=8)
	  ->  Bitmap Heap Scan on sbtest6  (cost=29.76..3534.88 rows=910 width=4)
	        Recheck Cond: ((id >= 5622693) AND (id <= 5623692))
	        ->  Bitmap Index Scan on sbtest6_pkey  (cost=0.00..29.54 rows=910 width=0)
	              Index Cond: ((id >= 5622693) AND (id <= 5623692))

table 7 : explain SELECT SUM(k) FROM sbtest7 WHERE id BETWEEN 6691916 AND 6692915
	Aggregate  (cost=3774.61..3774.62 rows=1 width=8)
	  ->  Bitmap Heap Scan on sbtest7  (cost=30.40..3772.18 rows=972 width=4)
	        Recheck Cond: ((id >= 6691916) AND (id <= 6692915))
	        ->  Bitmap Index Scan on sbtest7_pkey  (cost=0.00..30.15 rows=972 width=0)
	              Index Cond: ((id >= 6691916) AND (id <= 6692915))

table 8 : explain SELECT SUM(k) FROM sbtest8 WHERE id BETWEEN 6363363 AND 6364362
	Aggregate  (cost=3715.46..3715.47 rows=1 width=8)
	  ->  Bitmap Heap Scan on sbtest8  (cost=30.24..3713.06 rows=957 width=4)
	        Recheck Cond: ((id >= 6363363) AND (id <= 6364362))
	        ->  Bitmap Index Scan on sbtest8_pkey  (cost=0.00..30.00 rows=957 width=0)
	              Index Cond: ((id >= 6363363) AND (id <= 6364362))

for: sum_ranges
table 1 : explain SELECT SUM(k) FROM sbtest1 WHERE id BETWEEN 9115405 AND 9116404
	Aggregate  (cost=3870.00..3870.01 rows=1 width=8)
	  ->  Bitmap Heap Scan on sbtest1  (cost=30.67..3867.50 rows=999 width=4)
	        Recheck Cond: ((id >= 9115405) AND (id <= 9116404))
	        ->  Bitmap Index Scan on sbtest1_pkey  (cost=0.00..30.43 rows=999 width=0)
	              Index Cond: ((id >= 9115405) AND (id <= 9116404))

table 2 : explain SELECT SUM(k) FROM sbtest2 WHERE id BETWEEN 3770090 AND 3771089
	Aggregate  (cost=3924.27..3924.28 rows=1 width=8)
	  ->  Bitmap Heap Scan on sbtest2  (cost=30.82..3921.74 rows=1013 width=4)
	        Recheck Cond: ((id >= 3770090) AND (id <= 3771089))
	        ->  Bitmap Index Scan on sbtest2_pkey  (cost=0.00..30.57 rows=1013 width=0)
	              Index Cond: ((id >= 3770090) AND (id <= 3771089))

table 3 : explain SELECT SUM(k) FROM sbtest3 WHERE id BETWEEN 7780618 AND 7781617
	Aggregate  (cost=3883.32..3883.33 rows=1 width=8)
	  ->  Bitmap Heap Scan on sbtest3  (cost=30.71..3880.82 rows=1002 width=4)
	        Recheck Cond: ((id >= 7780618) AND (id <= 7781617))
	        ->  Bitmap Index Scan on sbtest3_pkey  (cost=0.00..30.45 rows=1002 width=0)
	              Index Cond: ((id >= 7780618) AND (id <= 7781617))

table 4 : explain SELECT SUM(k) FROM sbtest4 WHERE id BETWEEN 687785 AND 688784
	Aggregate  (cost=4192.36..4192.37 rows=1 width=8)
	  ->  Bitmap Heap Scan on sbtest4  (cost=31.55..4189.65 rows=1084 width=4)
	        Recheck Cond: ((id >= 687785) AND (id <= 688784))
	        ->  Bitmap Index Scan on sbtest4_pkey  (cost=0.00..31.27 rows=1084 width=0)
	              Index Cond: ((id >= 687785) AND (id <= 688784))

table 5 : explain SELECT SUM(k) FROM sbtest5 WHERE id BETWEEN 1298997 AND 1299996
	Aggregate  (cost=4009.02..4009.03 rows=1 width=8)
	  ->  Bitmap Heap Scan on sbtest5  (cost=31.03..4006.44 rows=1034 width=4)
	        Recheck Cond: ((id >= 1298997) AND (id <= 1299996))
	        ->  Bitmap Index Scan on sbtest5_pkey  (cost=0.00..30.77 rows=1034 width=0)
	              Index Cond: ((id >= 1298997) AND (id <= 1299996))

table 6 : explain SELECT SUM(k) FROM sbtest6 WHERE id BETWEEN 6670358 AND 6671357
	Aggregate  (cost=3612.92..3612.93 rows=1 width=8)
	  ->  Bitmap Heap Scan on sbtest6  (cost=29.97..3610.59 rows=930 width=4)
	        Recheck Cond: ((id >= 6670358) AND (id <= 6671357))
	        ->  Bitmap Index Scan on sbtest6_pkey  (cost=0.00..29.73 rows=930 width=0)
	              Index Cond: ((id >= 6670358) AND (id <= 6671357))

table 7 : explain SELECT SUM(k) FROM sbtest7 WHERE id BETWEEN 5110526 AND 5111525
	Aggregate  (cost=3956.18..3956.19 rows=1 width=8)
	  ->  Bitmap Heap Scan on sbtest7  (cost=30.89..3953.63 rows=1020 width=4)
	        Recheck Cond: ((id >= 5110526) AND (id <= 5111525))
	        ->  Bitmap Index Scan on sbtest7_pkey  (cost=0.00..30.64 rows=1020 width=0)
	              Index Cond: ((id >= 5110526) AND (id <= 5111525))

table 8 : explain SELECT SUM(k) FROM sbtest8 WHERE id BETWEEN 892384 AND 893383
	Aggregate  (cost=3825.13..3825.14 rows=1 width=8)
	  ->  Bitmap Heap Scan on sbtest8  (cost=30.54..3822.67 rows=986 width=4)
	        Recheck Cond: ((id >= 892384) AND (id <= 893383))
	        ->  Bitmap Index Scan on sbtest8_pkey  (cost=0.00..30.29 rows=986 width=0)
	              Index Cond: ((id >= 892384) AND (id <= 893383))

for: sum_ranges
table 1 : explain SELECT SUM(k) FROM sbtest1 WHERE id BETWEEN 1972963 AND 1973962
	Aggregate  (cost=3922.80..3922.81 rows=1 width=8)
	  ->  Bitmap Heap Scan on sbtest1  (cost=30.82..3920.26 rows=1013 width=4)
	        Recheck Cond: ((id >= 1972963) AND (id <= 1973962))
	        ->  Bitmap Index Scan on sbtest1_pkey  (cost=0.00..30.57 rows=1013 width=0)
	              Index Cond: ((id >= 1972963) AND (id <= 1973962))

table 2 : explain SELECT SUM(k) FROM sbtest2 WHERE id BETWEEN 3296847 AND 3297846
	Aggregate  (cost=3867.67..3867.68 rows=1 width=8)
	  ->  Bitmap Heap Scan on sbtest2  (cost=30.66..3865.17 rows=998 width=4)
	        Recheck Cond: ((id >= 3296847) AND (id <= 3297846))
	        ->  Bitmap Index Scan on sbtest2_pkey  (cost=0.00..30.41 rows=998 width=0)
	              Index Cond: ((id >= 3296847) AND (id <= 3297846))

table 3 : explain SELECT SUM(k) FROM sbtest3 WHERE id BETWEEN 9883596 AND 9884595
	Aggregate  (cost=3970.11..3970.12 rows=1 width=8)
	  ->  Bitmap Heap Scan on sbtest3  (cost=30.94..3967.54 rows=1025 width=4)
	        Recheck Cond: ((id >= 9883596) AND (id <= 9884595))
	        ->  Bitmap Index Scan on sbtest3_pkey  (cost=0.00..30.68 rows=1025 width=0)
	              Index Cond: ((id >= 9883596) AND (id <= 9884595))

table 4 : explain SELECT SUM(k) FROM sbtest4 WHERE id BETWEEN 2613406 AND 2614405
	Aggregate  (cost=3667.69..3667.70 rows=1 width=8)
	  ->  Bitmap Heap Scan on sbtest4  (cost=26.13..3665.33 rows=946 width=4)
	        Recheck Cond: ((id >= 2613406) AND (id <= 2614405))
	        ->  Bitmap Index Scan on sbtest4_pkey  (cost=0.00..25.89 rows=946 width=0)
	              Index Cond: ((id >= 2613406) AND (id <= 2614405))

table 5 : explain SELECT SUM(k) FROM sbtest5 WHERE id BETWEEN 7602452 AND 7603451
	Aggregate  (cost=3664.73..3664.74 rows=1 width=8)
	  ->  Bitmap Heap Scan on sbtest5  (cost=30.10..3662.37 rows=943 width=4)
	        Recheck Cond: ((id >= 7602452) AND (id <= 7603451))
	        ->  Bitmap Index Scan on sbtest5_pkey  (cost=0.00..29.86 rows=943 width=0)
	              Index Cond: ((id >= 7602452) AND (id <= 7603451))

table 6 : explain SELECT SUM(k) FROM sbtest6 WHERE id BETWEEN 4377825 AND 4378824
	Aggregate  (cost=3741.59..3741.60 rows=1 width=8)
	  ->  Bitmap Heap Scan on sbtest6  (cost=30.32..3739.18 rows=964 width=4)
	        Recheck Cond: ((id >= 4377825) AND (id <= 4378824))
	        ->  Bitmap Index Scan on sbtest6_pkey  (cost=0.00..30.07 rows=964 width=0)
	              Index Cond: ((id >= 4377825) AND (id <= 4378824))

table 7 : explain SELECT SUM(k) FROM sbtest7 WHERE id BETWEEN 5113257 AND 5114256
	Aggregate  (cost=3956.18..3956.19 rows=1 width=8)
	  ->  Bitmap Heap Scan on sbtest7  (cost=30.89..3953.63 rows=1020 width=4)
	        Recheck Cond: ((id >= 5113257) AND (id <= 5114256))
	        ->  Bitmap Index Scan on sbtest7_pkey  (cost=0.00..30.64 rows=1020 width=0)
	              Index Cond: ((id >= 5113257) AND (id <= 5114256))

table 8 : explain SELECT SUM(k) FROM sbtest8 WHERE id BETWEEN 5939107 AND 5940106
	Aggregate  (cost=4044.16..4044.17 rows=1 width=8)
	  ->  Bitmap Heap Scan on sbtest8  (cost=31.14..4041.55 rows=1044 width=4)
	        Recheck Cond: ((id >= 5939107) AND (id <= 5940106))
	        ->  Bitmap Index Scan on sbtest8_pkey  (cost=0.00..30.87 rows=1044 width=0)
	              Index Cond: ((id >= 5939107) AND (id <= 5940106))

for: order_ranges
table 1 : explain SELECT c FROM sbtest1 WHERE id BETWEEN 7891068 AND 7892067 ORDER BY c
	Sort  (cost=4016.72..4019.29 rows=1025 width=121)
	  Sort Key: c
	  ->  Bitmap Heap Scan on sbtest1  (cost=30.94..3965.47 rows=1025 width=121)
	        Recheck Cond: ((id >= 7891068) AND (id <= 7892067))
	        ->  Bitmap Index Scan on sbtest1_pkey  (cost=0.00..30.68 rows=1025 width=0)
	              Index Cond: ((id >= 7891068) AND (id <= 7892067))

table 2 : explain SELECT c FROM sbtest2 WHERE id BETWEEN 6592451 AND 6593450 ORDER BY c
	Sort  (cost=3815.30..3817.73 rows=972 width=121)
	  Sort Key: c
	  ->  Bitmap Heap Scan on sbtest2  (cost=30.40..3767.06 rows=972 width=121)
	        Recheck Cond: ((id >= 6592451) AND (id <= 6593450))
	        ->  Bitmap Index Scan on sbtest2_pkey  (cost=0.00..30.15 rows=972 width=0)
	              Index Cond: ((id >= 6592451) AND (id <= 6593450))

table 3 : explain SELECT c FROM sbtest3 WHERE id BETWEEN 961838 AND 962837 ORDER BY c
	Sort  (cost=3654.59..3656.91 rows=931 width=121)
	  Sort Key: c
	  ->  Bitmap Heap Scan on sbtest3  (cost=25.98..3608.68 rows=931 width=121)
	        Recheck Cond: ((id >= 961838) AND (id <= 962837))
	        ->  Bitmap Index Scan on sbtest3_pkey  (cost=0.00..25.75 rows=931 width=0)
	              Index Cond: ((id >= 961838) AND (id <= 962837))

table 4 : explain SELECT c FROM sbtest4 WHERE id BETWEEN 8550863 AND 8551862 ORDER BY c
	Sort  (cost=3980.47..3983.01 rows=1015 width=121)
	  Sort Key: c
	  ->  Bitmap Heap Scan on sbtest4  (cost=30.84..3929.79 rows=1015 width=121)
	        Recheck Cond: ((id >= 8550863) AND (id <= 8551862))
	        ->  Bitmap Index Scan on sbtest4_pkey  (cost=0.00..30.58 rows=1015 width=0)
	              Index Cond: ((id >= 8550863) AND (id <= 8551862))

table 5 : explain SELECT c FROM sbtest5 WHERE id BETWEEN 4326468 AND 4327467 ORDER BY c
	Sort  (cost=4123.35..4125.97 rows=1051 width=121)
	  Sort Key: c
	  ->  Bitmap Heap Scan on sbtest5  (cost=31.21..4070.60 rows=1051 width=121)
	        Recheck Cond: ((id >= 4326468) AND (id <= 4327467))
	        ->  Bitmap Index Scan on sbtest5_pkey  (cost=0.00..30.94 rows=1051 width=0)
	              Index Cond: ((id >= 4326468) AND (id <= 4327467))

table 6 : explain SELECT c FROM sbtest6 WHERE id BETWEEN 7420313 AND 7421312 ORDER BY c
	Sort  (cost=3717.88..3720.25 rows=946 width=121)
	  Sort Key: c
	  ->  Bitmap Heap Scan on sbtest6  (cost=30.13..3671.12 rows=946 width=121)
	        Recheck Cond: ((id >= 7420313) AND (id <= 7421312))
	        ->  Bitmap Index Scan on sbtest6_pkey  (cost=0.00..29.89 rows=946 width=0)
	              Index Cond: ((id >= 7420313) AND (id <= 7421312))

table 7 : explain SELECT c FROM sbtest7 WHERE id BETWEEN 2807771 AND 2808770 ORDER BY c
	Sort  (cost=3724.39..3726.75 rows=947 width=121)
	  Sort Key: c
	  ->  Bitmap Heap Scan on sbtest7  (cost=30.14..3677.57 rows=947 width=121)
	        Recheck Cond: ((id >= 2807771) AND (id <= 2808770))
	        ->  Bitmap Index Scan on sbtest7_pkey  (cost=0.00..29.90 rows=947 width=0)
	              Index Cond: ((id >= 2807771) AND (id <= 2808770))

table 8 : explain SELECT c FROM sbtest8 WHERE id BETWEEN 1620747 AND 1621746 ORDER BY c
	Sort  (cost=3963.69..3966.21 rows=1010 width=121)
	  Sort Key: c
	  ->  Bitmap Heap Scan on sbtest8  (cost=30.79..3913.29 rows=1010 width=121)
	        Recheck Cond: ((id >= 1620747) AND (id <= 1621746))
	        ->  Bitmap Index Scan on sbtest8_pkey  (cost=0.00..30.54 rows=1010 width=0)
	              Index Cond: ((id >= 1620747) AND (id <= 1621746))

for: simple_ranges
table 1 : explain SELECT c FROM sbtest1 WHERE id BETWEEN 1008128 AND 1009127
	Bitmap Heap Scan on sbtest1  (cost=31.43..4146.10 rows=1073 width=121)
	  Recheck Cond: ((id >= 1008128) AND (id <= 1009127))
	  ->  Bitmap Index Scan on sbtest1_pkey  (cost=0.00..31.16 rows=1073 width=0)
	        Index Cond: ((id >= 1008128) AND (id <= 1009127))

table 2 : explain SELECT c FROM sbtest2 WHERE id BETWEEN 2247569 AND 2248568
	Bitmap Heap Scan on sbtest2  (cost=30.45..3785.94 rows=977 width=121)
	  Recheck Cond: ((id >= 2247569) AND (id <= 2248568))
	  ->  Bitmap Index Scan on sbtest2_pkey  (cost=0.00..30.20 rows=977 width=0)
	        Index Cond: ((id >= 2247569) AND (id <= 2248568))

table 3 : explain SELECT c FROM sbtest3 WHERE id BETWEEN 8191180 AND 8192179
	Bitmap Heap Scan on sbtest3  (cost=30.98..3982.62 rows=1029 width=121)
	  Recheck Cond: ((id >= 8191180) AND (id <= 8192179))
	  ->  Bitmap Index Scan on sbtest3_pkey  (cost=0.00..30.72 rows=1029 width=0)
	        Index Cond: ((id >= 8191180) AND (id <= 8192179))

table 4 : explain SELECT c FROM sbtest4 WHERE id BETWEEN 7195418 AND 7196417
	Bitmap Heap Scan on sbtest4  (cost=31.33..4110.62 rows=1063 width=121)
	  Recheck Cond: ((id >= 7195418) AND (id <= 7196417))
	  ->  Bitmap Index Scan on sbtest4_pkey  (cost=0.00..31.07 rows=1063 width=0)
	        Index Cond: ((id >= 7195418) AND (id <= 7196417))

table 5 : explain SELECT c FROM sbtest5 WHERE id BETWEEN 1268229 AND 1269228
	Bitmap Heap Scan on sbtest5  (cost=31.03..4006.44 rows=1034 width=121)
	  Recheck Cond: ((id >= 1268229) AND (id <= 1269228))
	  ->  Bitmap Index Scan on sbtest5_pkey  (cost=0.00..30.77 rows=1034 width=0)
	        Index Cond: ((id >= 1268229) AND (id <= 1269228))

table 6 : explain SELECT c FROM sbtest6 WHERE id BETWEEN 9094713 AND 9095712
	Bitmap Heap Scan on sbtest6  (cost=30.56..3829.86 rows=988 width=121)
	  Recheck Cond: ((id >= 9094713) AND (id <= 9095712))
	  ->  Bitmap Index Scan on sbtest6_pkey  (cost=0.00..30.32 rows=988 width=0)
	        Index Cond: ((id >= 9094713) AND (id <= 9095712))

table 7 : explain SELECT c FROM sbtest7 WHERE id BETWEEN 7459996 AND 7460995
	Bitmap Heap Scan on sbtest7  (cost=30.79..3915.85 rows=1010 width=121)
	  Recheck Cond: ((id >= 7459996) AND (id <= 7460995))
	  ->  Bitmap Index Scan on sbtest7_pkey  (cost=0.00..30.54 rows=1010 width=0)
	        Index Cond: ((id >= 7459996) AND (id <= 7460995))

table 8 : explain SELECT c FROM sbtest8 WHERE id BETWEEN 4416157 AND 4417156
	Bitmap Heap Scan on sbtest8  (cost=30.24..3713.06 rows=957 width=121)
	  Recheck Cond: ((id >= 4416157) AND (id <= 4417156))
	  ->  Bitmap Index Scan on sbtest8_pkey  (cost=0.00..30.00 rows=957 width=0)
	        Index Cond: ((id >= 4416157) AND (id <= 4417156))

for: order_ranges
table 1 : explain SELECT c FROM sbtest1 WHERE id BETWEEN 684107 AND 685106 ORDER BY c
	Sort  (cost=4207.75..4210.43 rows=1075 width=121)
	  Sort Key: c
	  ->  Bitmap Heap Scan on sbtest1  (cost=31.45..4153.62 rows=1075 width=121)
	        Recheck Cond: ((id >= 684107) AND (id <= 685106))
	        ->  Bitmap Index Scan on sbtest1_pkey  (cost=0.00..31.18 rows=1075 width=0)
	              Index Cond: ((id >= 684107) AND (id <= 685106))

table 2 : explain SELECT c FROM sbtest2 WHERE id BETWEEN 1855412 AND 1856411 ORDER BY c
	Sort  (cost=3999.09..4001.64 rows=1020 width=121)
	  Sort Key: c
	  ->  Bitmap Heap Scan on sbtest2  (cost=30.89..3948.12 rows=1020 width=121)
	        Recheck Cond: ((id >= 1855412) AND (id <= 1856411))
	        ->  Bitmap Index Scan on sbtest2_pkey  (cost=0.00..30.64 rows=1020 width=0)
	              Index Cond: ((id >= 1855412) AND (id <= 1856411))

table 3 : explain SELECT c FROM sbtest3 WHERE id BETWEEN 3825303 AND 3826302 ORDER BY c
	Sort  (cost=3938.42..3940.93 rows=1004 width=121)
	  Sort Key: c
	  ->  Bitmap Heap Scan on sbtest3  (cost=30.73..3888.36 rows=1004 width=121)
	        Recheck Cond: ((id >= 3825303) AND (id <= 3826302))
	        ->  Bitmap Index Scan on sbtest3_pkey  (cost=0.00..30.47 rows=1004 width=0)
	              Index Cond: ((id >= 3825303) AND (id <= 3826302))

table 4 : explain SELECT c FROM sbtest4 WHERE id BETWEEN 5319159 AND 5320158 ORDER BY c
	Sort  (cost=3957.50..3960.03 rows=1009 width=121)
	  Sort Key: c
	  ->  Bitmap Heap Scan on sbtest4  (cost=30.78..3907.16 rows=1009 width=121)
	        Recheck Cond: ((id >= 5319159) AND (id <= 5320158))
	        ->  Bitmap Index Scan on sbtest4_pkey  (cost=0.00..30.52 rows=1009 width=0)
	              Index Cond: ((id >= 5319159) AND (id <= 5320158))

table 5 : explain SELECT c FROM sbtest5 WHERE id BETWEEN 1756493 AND 1757492 ORDER BY c
	Sort  (cost=3812.69..3815.11 rows=970 width=121)
	  Sort Key: c
	  ->  Bitmap Heap Scan on sbtest5  (cost=30.38..3764.56 rows=970 width=121)
	        Recheck Cond: ((id >= 1756493) AND (id <= 1757492))
	        ->  Bitmap Index Scan on sbtest5_pkey  (cost=0.00..30.14 rows=970 width=0)
	              Index Cond: ((id >= 1756493) AND (id <= 1757492))

table 6 : explain SELECT c FROM sbtest6 WHERE id BETWEEN 4433713 AND 4434712 ORDER BY c
	Sort  (cost=4257.97..4260.68 rows=1087 width=121)
	  Sort Key: c
	  ->  Bitmap Heap Scan on sbtest6  (cost=31.58..4203.15 rows=1087 width=121)
	        Recheck Cond: ((id >= 4433713) AND (id <= 4434712))
	        ->  Bitmap Index Scan on sbtest6_pkey  (cost=0.00..31.30 rows=1087 width=0)
	              Index Cond: ((id >= 4433713) AND (id <= 4434712))

table 7 : explain SELECT c FROM sbtest7 WHERE id BETWEEN 7813692 AND 7814691 ORDER BY c
	Sort  (cost=4088.93..4091.53 rows=1042 width=121)
	  Sort Key: c
	  ->  Bitmap Heap Scan on sbtest7  (cost=31.12..4036.70 rows=1042 width=121)
	        Recheck Cond: ((id >= 7813692) AND (id <= 7814691))
	        ->  Bitmap Index Scan on sbtest7_pkey  (cost=0.00..30.86 rows=1042 width=0)
	              Index Cond: ((id >= 7813692) AND (id <= 7814691))

table 8 : explain SELECT c FROM sbtest8 WHERE id BETWEEN 3199593 AND 3200592 ORDER BY c
	Sort  (cost=3959.86..3962.38 rows=1009 width=121)
	  Sort Key: c
	  ->  Bitmap Heap Scan on sbtest8  (cost=30.78..3909.52 rows=1009 width=121)
	        Recheck Cond: ((id >= 3199593) AND (id <= 3200592))
	        ->  Bitmap Index Scan on sbtest8_pkey  (cost=0.00..30.52 rows=1009 width=0)
	              Index Cond: ((id >= 3199593) AND (id <= 3200592))

for point_selects
table 1 : explain SELECT c FROM sbtest1 WHERE id=4873847
	Index Scan using sbtest1_pkey on sbtest1  (cost=0.43..8.45 rows=1 width=121)
	  Index Cond: (id = 4873847)

table 2 : explain SELECT c FROM sbtest2 WHERE id=6593642
	Index Scan using sbtest2_pkey on sbtest2  (cost=0.43..8.45 rows=1 width=121)
	  Index Cond: (id = 6593642)

table 3 : explain SELECT c FROM sbtest3 WHERE id=848899
	Index Scan using sbtest3_pkey on sbtest3  (cost=0.43..8.45 rows=1 width=121)
	  Index Cond: (id = 848899)

table 4 : explain SELECT c FROM sbtest4 WHERE id=2418862
	Index Scan using sbtest4_pkey on sbtest4  (cost=0.43..8.45 rows=1 width=121)
	  Index Cond: (id = 2418862)

table 5 : explain SELECT c FROM sbtest5 WHERE id=3140282
	Index Scan using sbtest5_pkey on sbtest5  (cost=0.43..8.45 rows=1 width=121)
	  Index Cond: (id = 3140282)

table 6 : explain SELECT c FROM sbtest6 WHERE id=7987314
	Index Scan using sbtest6_pkey on sbtest6  (cost=0.43..8.45 rows=1 width=121)
	  Index Cond: (id = 7987314)

table 7 : explain SELECT c FROM sbtest7 WHERE id=2531096
	Index Scan using sbtest7_pkey on sbtest7  (cost=0.43..8.45 rows=1 width=121)
	  Index Cond: (id = 2531096)

table 8 : explain SELECT c FROM sbtest8 WHERE id=626773
	Index Scan using sbtest8_pkey on sbtest8  (cost=0.43..8.45 rows=1 width=121)
	  Index Cond: (id = 626773)

explain: for point_selects :: explain SELECT c FROM sbtest%u WHERE id=%u
for: sum_ranges
table 1 : explain SELECT SUM(k) FROM sbtest1 WHERE id BETWEEN 3001634 AND 3002633
	Aggregate  (cost=3786.99..3787.00 rows=1 width=8)
	  ->  Bitmap Heap Scan on sbtest1  (cost=30.45..3784.54 rows=977 width=4)
	        Recheck Cond: ((id >= 3001634) AND (id <= 3002633))
	        ->  Bitmap Index Scan on sbtest1_pkey  (cost=0.00..30.20 rows=977 width=0)
	              Index Cond: ((id >= 3001634) AND (id <= 3002633))

table 2 : explain SELECT SUM(k) FROM sbtest2 WHERE id BETWEEN 4422156 AND 4423155
	Aggregate  (cost=3777.05..3777.06 rows=1 width=8)
	  ->  Bitmap Heap Scan on sbtest2  (cost=30.42..3774.61 rows=974 width=4)
	        Recheck Cond: ((id >= 4422156) AND (id <= 4423155))
	        ->  Bitmap Index Scan on sbtest2_pkey  (cost=0.00..30.18 rows=974 width=0)
	              Index Cond: ((id >= 4422156) AND (id <= 4423155))

table 3 : explain SELECT SUM(k) FROM sbtest3 WHERE id BETWEEN 1969811 AND 1970810
	Aggregate  (cost=3856.90..3856.91 rows=1 width=8)
	  ->  Bitmap Heap Scan on sbtest3  (cost=30.63..3854.41 rows=995 width=4)
	        Recheck Cond: ((id >= 1969811) AND (id <= 1970810))
	        ->  Bitmap Index Scan on sbtest3_pkey  (cost=0.00..30.39 rows=995 width=0)
	              Index Cond: ((id >= 1969811) AND (id <= 1970810))

table 4 : explain SELECT SUM(k) FROM sbtest4 WHERE id BETWEEN 3885715 AND 3886714
	Aggregate  (cost=3360.94..3360.95 rows=1 width=8)
	  ->  Bitmap Heap Scan on sbtest4  (cost=25.30..3358.77 rows=865 width=4)
	        Recheck Cond: ((id >= 3885715) AND (id <= 3886714))
	        ->  Bitmap Index Scan on sbtest4_pkey  (cost=0.00..25.08 rows=865 width=0)
	              Index Cond: ((id >= 3885715) AND (id <= 3886714))

table 5 : explain SELECT SUM(k) FROM sbtest5 WHERE id BETWEEN 3837530 AND 3838529
	Aggregate  (cost=4156.27..4156.28 rows=1 width=8)
	  ->  Bitmap Heap Scan on sbtest5  (cost=31.43..4153.58 rows=1073 width=4)
	        Recheck Cond: ((id >= 3837530) AND (id <= 3838529))
	        ->  Bitmap Index Scan on sbtest5_pkey  (cost=0.00..31.16 rows=1073 width=0)
	              Index Cond: ((id >= 3837530) AND (id <= 3838529))

table 6 : explain SELECT SUM(k) FROM sbtest6 WHERE id BETWEEN 3931784 AND 3932783
	Aggregate  (cost=3885.23..3885.24 rows=1 width=8)
	  ->  Bitmap Heap Scan on sbtest6  (cost=30.71..3882.72 rows=1002 width=4)
	        Recheck Cond: ((id >= 3931784) AND (id <= 3932783))
	        ->  Bitmap Index Scan on sbtest6_pkey  (cost=0.00..30.45 rows=1002 width=0)
	              Index Cond: ((id >= 3931784) AND (id <= 3932783))

table 7 : explain SELECT SUM(k) FROM sbtest7 WHERE id BETWEEN 5534104 AND 5535103
	Aggregate  (cost=4016.64..4016.65 rows=1 width=8)
	  ->  Bitmap Heap Scan on sbtest7  (cost=31.05..4014.05 rows=1036 width=4)
	        Recheck Cond: ((id >= 5534104) AND (id <= 5535103))
	        ->  Bitmap Index Scan on sbtest7_pkey  (cost=0.00..30.79 rows=1036 width=0)
	              Index Cond: ((id >= 5534104) AND (id <= 5535103))

table 8 : explain SELECT SUM(k) FROM sbtest8 WHERE id BETWEEN 8848051 AND 8849050
	Aggregate  (cost=4093.20..4093.21 rows=1 width=8)
	  ->  Bitmap Heap Scan on sbtest8  (cost=31.27..4090.56 rows=1057 width=4)
	        Recheck Cond: ((id >= 8848051) AND (id <= 8849050))
	        ->  Bitmap Index Scan on sbtest8_pkey  (cost=0.00..31.00 rows=1057 width=0)
	              Index Cond: ((id >= 8848051) AND (id <= 8849050))

for: order_ranges
table 1 : explain SELECT c FROM sbtest1 WHERE id BETWEEN 205235 AND 206234 ORDER BY c
	Sort  (cost=3660.62..3662.95 rows=932 width=121)
	  Sort Key: c
	  ->  Bitmap Heap Scan on sbtest1  (cost=29.99..3614.66 rows=932 width=121)
	        Recheck Cond: ((id >= 205235) AND (id <= 206234))
	        ->  Bitmap Index Scan on sbtest1_pkey  (cost=0.00..29.75 rows=932 width=0)
	              Index Cond: ((id >= 205235) AND (id <= 206234))

table 2 : explain SELECT c FROM sbtest2 WHERE id BETWEEN 3001735 AND 3002734 ORDER BY c
	Sort  (cost=3853.61..3856.07 rows=982 width=121)
	  Sort Key: c
	  ->  Bitmap Heap Scan on sbtest2  (cost=30.50..3804.81 rows=982 width=121)
	        Recheck Cond: ((id >= 3001735) AND (id <= 3002734))
	        ->  Bitmap Index Scan on sbtest2_pkey  (cost=0.00..30.25 rows=982 width=0)
	              Index Cond: ((id >= 3001735) AND (id <= 3002734))

table 3 : explain SELECT c FROM sbtest3 WHERE id BETWEEN 5441603 AND 5442602 ORDER BY c
	Sort  (cost=3424.09..3426.27 rows=871 width=121)
	  Sort Key: c
	  ->  Bitmap Heap Scan on sbtest3  (cost=25.36..3381.56 rows=871 width=121)
	        Recheck Cond: ((id >= 5441603) AND (id <= 5442602))
	        ->  Bitmap Index Scan on sbtest3_pkey  (cost=0.00..25.14 rows=871 width=0)
	              Index Cond: ((id >= 5441603) AND (id <= 5442602))

table 4 : explain SELECT c FROM sbtest4 WHERE id BETWEEN 8106077 AND 8107076 ORDER BY c
	Sort  (cost=3773.61..3776.01 rows=961 width=121)
	  Sort Key: c
	  ->  Bitmap Heap Scan on sbtest4  (cost=30.29..3726.00 rows=961 width=121)
	        Recheck Cond: ((id >= 8106077) AND (id <= 8107076))
	        ->  Bitmap Index Scan on sbtest4_pkey  (cost=0.00..30.04 rows=961 width=0)
	              Index Cond: ((id >= 8106077) AND (id <= 8107076))

table 5 : explain SELECT c FROM sbtest5 WHERE id BETWEEN 1432404 AND 1433403 ORDER BY c
	Sort  (cost=4272.66..4275.38 rows=1090 width=121)
	  Sort Key: c
	  ->  Bitmap Heap Scan on sbtest5  (cost=31.61..4217.67 rows=1090 width=121)
	        Recheck Cond: ((id >= 1432404) AND (id <= 1433403))
	        ->  Bitmap Index Scan on sbtest5_pkey  (cost=0.00..31.33 rows=1090 width=0)
	              Index Cond: ((id >= 1432404) AND (id <= 1433403))

table 6 : explain SELECT c FROM sbtest6 WHERE id BETWEEN 6491132 AND 6492131 ORDER BY c
	Sort  (cost=3675.65..3677.99 rows=935 width=121)
	  Sort Key: c
	  ->  Bitmap Heap Scan on sbtest6  (cost=30.02..3629.51 rows=935 width=121)
	        Recheck Cond: ((id >= 6491132) AND (id <= 6492131))
	        ->  Bitmap Index Scan on sbtest6_pkey  (cost=0.00..29.79 rows=935 width=0)
	              Index Cond: ((id >= 6491132) AND (id <= 6492131))

table 7 : explain SELECT c FROM sbtest7 WHERE id BETWEEN 8140123 AND 8141122 ORDER BY c
	Sort  (cost=3774.33..3776.73 rows=960 width=121)
	  Sort Key: c
	  ->  Bitmap Heap Scan on sbtest7  (cost=30.27..3726.78 rows=960 width=121)
	        Recheck Cond: ((id >= 8140123) AND (id <= 8141122))
	        ->  Bitmap Index Scan on sbtest7_pkey  (cost=0.00..30.04 rows=960 width=0)
	              Index Cond: ((id >= 8140123) AND (id <= 8141122))

table 8 : explain SELECT c FROM sbtest8 WHERE id BETWEEN 6975041 AND 6976040 ORDER BY c
	Sort  (cost=4120.69..4123.32 rows=1051 width=121)
	  Sort Key: c
	  ->  Bitmap Heap Scan on sbtest8  (cost=31.21..4067.94 rows=1051 width=121)
	        Recheck Cond: ((id >= 6975041) AND (id <= 6976040))
	        ->  Bitmap Index Scan on sbtest8_pkey  (cost=0.00..30.94 rows=1051 width=0)
	              Index Cond: ((id >= 6975041) AND (id <= 6976040))

for: order_ranges
table 1 : explain SELECT c FROM sbtest1 WHERE id BETWEEN 6841675 AND 6842674 ORDER BY c
	Sort  (cost=3894.31..3896.80 rows=993 width=121)
	  Sort Key: c
	  ->  Bitmap Heap Scan on sbtest1  (cost=30.61..3844.88 rows=993 width=121)
	        Recheck Cond: ((id >= 6841675) AND (id <= 6842674))
	        ->  Bitmap Index Scan on sbtest1_pkey  (cost=0.00..30.36 rows=993 width=0)
	              Index Cond: ((id >= 6841675) AND (id <= 6842674))

table 2 : explain SELECT c FROM sbtest2 WHERE id BETWEEN 6324075 AND 6325074 ORDER BY c
	Sort  (cost=4155.87..4158.52 rows=1061 width=121)
	  Sort Key: c
	  ->  Bitmap Heap Scan on sbtest2  (cost=31.31..4102.55 rows=1061 width=121)
	        Recheck Cond: ((id >= 6324075) AND (id <= 6325074))
	        ->  Bitmap Index Scan on sbtest2_pkey  (cost=0.00..31.04 rows=1061 width=0)
	              Index Cond: ((id >= 6324075) AND (id <= 6325074))

table 3 : explain SELECT c FROM sbtest3 WHERE id BETWEEN 1369385 AND 1370384 ORDER BY c
	Sort  (cost=3819.67..3822.10 rows=973 width=121)
	  Sort Key: c
	  ->  Bitmap Heap Scan on sbtest3  (cost=30.41..3771.37 rows=973 width=121)
	        Recheck Cond: ((id >= 1369385) AND (id <= 1370384))
	        ->  Bitmap Index Scan on sbtest3_pkey  (cost=0.00..30.16 rows=973 width=0)
	              Index Cond: ((id >= 1369385) AND (id <= 1370384))

table 4 : explain SELECT c FROM sbtest4 WHERE id BETWEEN 973755 AND 974754 ORDER BY c
	Sort  (cost=3769.77..3772.17 rows=960 width=121)
	  Sort Key: c
	  ->  Bitmap Heap Scan on sbtest4  (cost=30.27..3722.22 rows=960 width=121)
	        Recheck Cond: ((id >= 973755) AND (id <= 974754))
	        ->  Bitmap Index Scan on sbtest4_pkey  (cost=0.00..30.04 rows=960 width=0)
	              Index Cond: ((id >= 973755) AND (id <= 974754))

table 5 : explain SELECT c FROM sbtest5 WHERE id BETWEEN 702073 AND 703072 ORDER BY c
	Sort  (cost=3950.85..3953.37 rows=1006 width=121)
	  Sort Key: c
	  ->  Bitmap Heap Scan on sbtest5  (cost=30.75..3900.68 rows=1006 width=121)
	        Recheck Cond: ((id >= 702073) AND (id <= 703072))
	        ->  Bitmap Index Scan on sbtest5_pkey  (cost=0.00..30.50 rows=1006 width=0)
	              Index Cond: ((id >= 702073) AND (id <= 703072))

table 6 : explain SELECT c FROM sbtest6 WHERE id BETWEEN 1346872 AND 1347871 ORDER BY c
	Sort  (cost=3433.33..3435.51 rows=873 width=121)
	  Sort Key: c
	  ->  Bitmap Heap Scan on sbtest6  (cost=25.38..3390.68 rows=873 width=121)
	        Recheck Cond: ((id >= 1346872) AND (id <= 1347871))
	        ->  Bitmap Index Scan on sbtest6_pkey  (cost=0.00..25.16 rows=873 width=0)
	              Index Cond: ((id >= 1346872) AND (id <= 1347871))

table 7 : explain SELECT c FROM sbtest7 WHERE id BETWEEN 7049808 AND 7050807 ORDER BY c
	Sort  (cost=3824.26..3826.69 rows=973 width=121)
	  Sort Key: c
	  ->  Bitmap Heap Scan on sbtest7  (cost=30.41..3775.97 rows=973 width=121)
	        Recheck Cond: ((id >= 7049808) AND (id <= 7050807))
	        ->  Bitmap Index Scan on sbtest7_pkey  (cost=0.00..30.16 rows=973 width=0)
	              Index Cond: ((id >= 7049808) AND (id <= 7050807))

table 8 : explain SELECT c FROM sbtest8 WHERE id BETWEEN 349796 AND 350795 ORDER BY c
	Sort  (cost=3929.20..3931.70 rows=1001 width=121)
	  Sort Key: c
	  ->  Bitmap Heap Scan on sbtest8  (cost=30.70..3879.31 rows=1001 width=121)
	        Recheck Cond: ((id >= 349796) AND (id <= 350795))
	        ->  Bitmap Index Scan on sbtest8_pkey  (cost=0.00..30.44 rows=1001 width=0)
	              Index Cond: ((id >= 349796) AND (id <= 350795))

for: order_ranges
table 1 : explain SELECT c FROM sbtest1 WHERE id BETWEEN 9655936 AND 9656935 ORDER BY c
	Sort  (cost=4272.63..4275.36 rows=1092 width=121)
	  Sort Key: c
	  ->  Bitmap Heap Scan on sbtest1  (cost=31.63..4217.52 rows=1092 width=121)
	        Recheck Cond: ((id >= 9655936) AND (id <= 9656935))
	        ->  Bitmap Index Scan on sbtest1_pkey  (cost=0.00..31.36 rows=1092 width=0)
	              Index Cond: ((id >= 9655936) AND (id <= 9656935))

table 2 : explain SELECT c FROM sbtest2 WHERE id BETWEEN 9799388 AND 9800387 ORDER BY c
	Sort  (cost=3776.97..3779.38 rows=962 width=121)
	  Sort Key: c
	  ->  Bitmap Heap Scan on sbtest2  (cost=30.30..3729.30 rows=962 width=121)
	        Recheck Cond: ((id >= 9799388) AND (id <= 9800387))
	        ->  Bitmap Index Scan on sbtest2_pkey  (cost=0.00..30.05 rows=962 width=0)
	              Index Cond: ((id >= 9799388) AND (id <= 9800387))

table 3 : explain SELECT c FROM sbtest3 WHERE id BETWEEN 3759350 AND 3760349 ORDER BY c
	Sort  (cost=4240.54..4243.25 rows=1083 width=121)
	  Sort Key: c
	  ->  Bitmap Heap Scan on sbtest3  (cost=31.54..4185.95 rows=1083 width=121)
	        Recheck Cond: ((id >= 3759350) AND (id <= 3760349))
	        ->  Bitmap Index Scan on sbtest3_pkey  (cost=0.00..31.26 rows=1083 width=0)
	              Index Cond: ((id >= 3759350) AND (id <= 3760349))

table 4 : explain SELECT c FROM sbtest4 WHERE id BETWEEN 2155076 AND 2156075 ORDER BY c
	Sort  (cost=3865.59..3868.05 rows=985 width=121)
	  Sort Key: c
	  ->  Bitmap Heap Scan on sbtest4  (cost=30.53..3816.62 rows=985 width=121)
	        Recheck Cond: ((id >= 2155076) AND (id <= 2156075))
	        ->  Bitmap Index Scan on sbtest4_pkey  (cost=0.00..30.29 rows=985 width=0)
	              Index Cond: ((id >= 2155076) AND (id <= 2156075))

table 5 : explain SELECT c FROM sbtest5 WHERE id BETWEEN 35834 AND 36833 ORDER BY c
	Sort  (cost=3708.96..3711.32 rows=943 width=121)
	  Sort Key: c
	  ->  Bitmap Heap Scan on sbtest5  (cost=30.10..3662.37 rows=943 width=121)
	        Recheck Cond: ((id >= 35834) AND (id <= 36833))
	        ->  Bitmap Index Scan on sbtest5_pkey  (cost=0.00..29.86 rows=943 width=0)
	              Index Cond: ((id >= 35834) AND (id <= 36833))

table 6 : explain SELECT c FROM sbtest6 WHERE id BETWEEN 5538912 AND 5539911 ORDER BY c
	Sort  (cost=4372.58..4375.37 rows=1117 width=121)
	  Sort Key: c
	  ->  Bitmap Heap Scan on sbtest6  (cost=31.88..4316.03 rows=1117 width=121)
	        Recheck Cond: ((id >= 5538912) AND (id <= 5539911))
	        ->  Bitmap Index Scan on sbtest6_pkey  (cost=0.00..31.61 rows=1117 width=0)
	              Index Cond: ((id >= 5538912) AND (id <= 5539911))

table 7 : explain SELECT c FROM sbtest7 WHERE id BETWEEN 3252771 AND 3253770 ORDER BY c
	Sort  (cost=4452.62..4455.46 rows=1136 width=121)
	  Sort Key: c
	  ->  Bitmap Heap Scan on sbtest7  (cost=36.08..4394.97 rows=1136 width=121)
	        Recheck Cond: ((id >= 3252771) AND (id <= 3253770))
	        ->  Bitmap Index Scan on sbtest7_pkey  (cost=0.00..35.80 rows=1136 width=0)
	              Index Cond: ((id >= 3252771) AND (id <= 3253770))

table 8 : explain SELECT c FROM sbtest8 WHERE id BETWEEN 4726942 AND 4727941 ORDER BY c
	Sort  (cost=3917.70..3920.20 rows=998 width=121)
	  Sort Key: c
	  ->  Bitmap Heap Scan on sbtest8  (cost=30.66..3867.99 rows=998 width=121)
	        Recheck Cond: ((id >= 4726942) AND (id <= 4727941))
	        ->  Bitmap Index Scan on sbtest8_pkey  (cost=0.00..30.41 rows=998 width=0)
	              Index Cond: ((id >= 4726942) AND (id <= 4727941))

for: distinct_ranges
table 1 : explain SELECT DISTINCT c FROM sbtest1 WHERE id BETWEEN 9811064 AND 9812063 ORDER BY c
	Unique  (cost=3836.89..3841.78 rows=978 width=121)
	  ->  Sort  (cost=3836.89..3839.34 rows=978 width=121)
	        Sort Key: c
	        ->  Bitmap Heap Scan on sbtest1  (cost=30.46..3788.32 rows=978 width=121)
	              Recheck Cond: ((id >= 9811064) AND (id <= 9812063))
	              ->  Bitmap Index Scan on sbtest1_pkey  (cost=0.00..30.21 rows=978 width=0)
	                    Index Cond: ((id >= 9811064) AND (id <= 9812063))

table 2 : explain SELECT DISTINCT c FROM sbtest2 WHERE id BETWEEN 189874 AND 190873 ORDER BY c
	Unique  (cost=3922.54..3927.54 rows=1000 width=121)
	  ->  Sort  (cost=3922.54..3925.04 rows=1000 width=121)
	        Sort Key: c
	        ->  Bitmap Heap Scan on sbtest2  (cost=30.68..3872.72 rows=1000 width=121)
	              Recheck Cond: ((id >= 189874) AND (id <= 190873))
	              ->  Bitmap Index Scan on sbtest2_pkey  (cost=0.00..30.43 rows=1000 width=0)
	                    Index Cond: ((id >= 189874) AND (id <= 190873))

table 3 : explain SELECT DISTINCT c FROM sbtest3 WHERE id BETWEEN 1231491 AND 1232490 ORDER BY c
	Unique  (cost=4045.58..4050.74 rows=1032 width=121)
	  ->  Sort  (cost=4045.58..4048.16 rows=1032 width=121)
	        Sort Key: c
	        ->  Bitmap Heap Scan on sbtest3  (cost=31.01..3993.93 rows=1032 width=121)
	              Recheck Cond: ((id >= 1231491) AND (id <= 1232490))
	              ->  Bitmap Index Scan on sbtest3_pkey  (cost=0.00..30.75 rows=1032 width=0)
	                    Index Cond: ((id >= 1231491) AND (id <= 1232490))

table 4 : explain SELECT DISTINCT c FROM sbtest4 WHERE id BETWEEN 4006503 AND 4007502 ORDER BY c
	Unique  (cost=3773.61..3778.41 rows=961 width=121)
	  ->  Sort  (cost=3773.61..3776.01 rows=961 width=121)
	        Sort Key: c
	        ->  Bitmap Heap Scan on sbtest4  (cost=30.29..3726.00 rows=961 width=121)
	              Recheck Cond: ((id >= 4006503) AND (id <= 4007502))
	              ->  Bitmap Index Scan on sbtest4_pkey  (cost=0.00..30.04 rows=961 width=0)
	                    Index Cond: ((id >= 4006503) AND (id <= 4007502))

table 5 : explain SELECT DISTINCT c FROM sbtest5 WHERE id BETWEEN 6813325 AND 6814324 ORDER BY c
	Unique  (cost=4268.83..4274.28 rows=1089 width=121)
	  ->  Sort  (cost=4268.83..4271.55 rows=1089 width=121)
	        Sort Key: c
	        ->  Bitmap Heap Scan on sbtest5  (cost=31.60..4213.90 rows=1089 width=121)
	              Recheck Cond: ((id >= 6813325) AND (id <= 6814324))
	              ->  Bitmap Index Scan on sbtest5_pkey  (cost=0.00..31.32 rows=1089 width=0)
	                    Index Cond: ((id >= 6813325) AND (id <= 6814324))

table 6 : explain SELECT DISTINCT c FROM sbtest6 WHERE id BETWEEN 8561310 AND 8562309 ORDER BY c
	Unique  (cost=4089.68..4094.89 rows=1043 width=121)
	  ->  Sort  (cost=4089.68..4092.29 rows=1043 width=121)
	        Sort Key: c
	        ->  Bitmap Heap Scan on sbtest6  (cost=31.13..4037.39 rows=1043 width=121)
	              Recheck Cond: ((id >= 8561310) AND (id <= 8562309))
	              ->  Bitmap Index Scan on sbtest6_pkey  (cost=0.00..30.86 rows=1043 width=0)
	                    Index Cond: ((id >= 8561310) AND (id <= 8562309))

table 7 : explain SELECT DISTINCT c FROM sbtest7 WHERE id BETWEEN 5359938 AND 5360937 ORDER BY c
	Unique  (cost=3797.38..3802.21 rows=966 width=121)
	  ->  Sort  (cost=3797.38..3799.79 rows=966 width=121)
	        Sort Key: c
	        ->  Bitmap Heap Scan on sbtest7  (cost=30.34..3749.48 rows=966 width=121)
	              Recheck Cond: ((id >= 5359938) AND (id <= 5360937))
	              ->  Bitmap Index Scan on sbtest7_pkey  (cost=0.00..30.09 rows=966 width=0)
	                    Index Cond: ((id >= 5359938) AND (id <= 5360937))

table 8 : explain SELECT DISTINCT c FROM sbtest8 WHERE id BETWEEN 4902505 AND 4903504 ORDER BY c
	Unique  (cost=3982.85..3987.92 rows=1015 width=121)
	  ->  Sort  (cost=3982.85..3985.38 rows=1015 width=121)
	        Sort Key: c
	        ->  Bitmap Heap Scan on sbtest8  (cost=30.84..3932.16 rows=1015 width=121)
	              Recheck Cond: ((id >= 4902505) AND (id <= 4903504))
	              ->  Bitmap Index Scan on sbtest8_pkey  (cost=0.00..30.58 rows=1015 width=0)
	                    Index Cond: ((id >= 4902505) AND (id <= 4903504))

for: distinct_ranges
table 1 : explain SELECT DISTINCT c FROM sbtest1 WHERE id BETWEEN 4076102 AND 4077101 ORDER BY c
	Unique  (cost=3829.23..3834.11 rows=976 width=121)
	  ->  Sort  (cost=3829.23..3831.67 rows=976 width=121)
	        Sort Key: c
	        ->  Bitmap Heap Scan on sbtest1  (cost=30.44..3780.77 rows=976 width=121)
	              Recheck Cond: ((id >= 4076102) AND (id <= 4077101))
	              ->  Bitmap Index Scan on sbtest1_pkey  (cost=0.00..30.19 rows=976 width=0)
	                    Index Cond: ((id >= 4076102) AND (id <= 4077101))

table 2 : explain SELECT DISTINCT c FROM sbtest2 WHERE id BETWEEN 3269355 AND 3270354 ORDER BY c
	Unique  (cost=4140.58..4145.87 rows=1057 width=121)
	  ->  Sort  (cost=4140.58..4143.22 rows=1057 width=121)
	        Sort Key: c
	        ->  Bitmap Heap Scan on sbtest2  (cost=31.27..4087.49 rows=1057 width=121)
	              Recheck Cond: ((id >= 3269355) AND (id <= 3270354))
	              ->  Bitmap Index Scan on sbtest2_pkey  (cost=0.00..31.00 rows=1057 width=0)
	                    Index Cond: ((id >= 3269355) AND (id <= 3270354))

table 3 : explain SELECT DISTINCT c FROM sbtest3 WHERE id BETWEEN 8306541 AND 8307540 ORDER BY c
	Unique  (cost=4164.12..4169.44 rows=1063 width=121)
	  ->  Sort  (cost=4164.12..4166.78 rows=1063 width=121)
	        Sort Key: c
	        ->  Bitmap Heap Scan on sbtest3  (cost=31.33..4110.69 rows=1063 width=121)
	              Recheck Cond: ((id >= 8306541) AND (id <= 8307540))
	              ->  Bitmap Index Scan on sbtest3_pkey  (cost=0.00..31.07 rows=1063 width=0)
	                    Index Cond: ((id >= 8306541) AND (id <= 8307540))

table 4 : explain SELECT DISTINCT c FROM sbtest4 WHERE id BETWEEN 8043136 AND 8044135 ORDER BY c
	Unique  (cost=4171.70..4177.03 rows=1065 width=121)
	  ->  Sort  (cost=4171.70..4174.36 rows=1065 width=121)
	        Sort Key: c
	        ->  Bitmap Heap Scan on sbtest4  (cost=31.35..4118.15 rows=1065 width=121)
	              Recheck Cond: ((id >= 8043136) AND (id <= 8044135))
	              ->  Bitmap Index Scan on sbtest4_pkey  (cost=0.00..31.08 rows=1065 width=0)
	                    Index Cond: ((id >= 8043136) AND (id <= 8044135))

table 5 : explain SELECT DISTINCT c FROM sbtest5 WHERE id BETWEEN 1534451 AND 1535450 ORDER BY c
	Unique  (cost=3851.08..3855.98 rows=980 width=121)
	  ->  Sort  (cost=3851.08..3853.53 rows=980 width=121)
	        Sort Key: c
	        ->  Bitmap Heap Scan on sbtest5  (cost=30.48..3802.39 rows=980 width=121)
	              Recheck Cond: ((id >= 1534451) AND (id <= 1535450))
	              ->  Bitmap Index Scan on sbtest5_pkey  (cost=0.00..30.23 rows=980 width=0)
	                    Index Cond: ((id >= 1534451) AND (id <= 1535450))

table 6 : explain SELECT DISTINCT c FROM sbtest6 WHERE id BETWEEN 7215943 AND 7216942 ORDER BY c
	Unique  (cost=4036.09..4041.23 rows=1029 width=121)
	  ->  Sort  (cost=4036.09..4038.66 rows=1029 width=121)
	        Sort Key: c
	        ->  Bitmap Heap Scan on sbtest6  (cost=30.98..3984.60 rows=1029 width=121)
	              Recheck Cond: ((id >= 7215943) AND (id <= 7216942))
	              ->  Bitmap Index Scan on sbtest6_pkey  (cost=0.00..30.72 rows=1029 width=0)
	                    Index Cond: ((id >= 7215943) AND (id <= 7216942))

table 7 : explain SELECT DISTINCT c FROM sbtest7 WHERE id BETWEEN 8399292 AND 8400291 ORDER BY c
	Unique  (cost=3697.48..3702.18 rows=940 width=121)
	  ->  Sort  (cost=3697.48..3699.83 rows=940 width=121)
	        Sort Key: c
	        ->  Bitmap Heap Scan on sbtest7  (cost=30.07..3651.06 rows=940 width=121)
	              Recheck Cond: ((id >= 8399292) AND (id <= 8400291))
	              ->  Bitmap Index Scan on sbtest7_pkey  (cost=0.00..29.83 rows=940 width=0)
	                    Index Cond: ((id >= 8399292) AND (id <= 8400291))

table 8 : explain SELECT DISTINCT c FROM sbtest8 WHERE id BETWEEN 9422817 AND 9423816 ORDER BY c
	Unique  (cost=3729.74..3734.48 rows=949 width=121)
	  ->  Sort  (cost=3729.74..3732.11 rows=949 width=121)
	        Sort Key: c
	        ->  Bitmap Heap Scan on sbtest8  (cost=30.16..3682.81 rows=949 width=121)
	              Recheck Cond: ((id >= 9422817) AND (id <= 9423816))
	              ->  Bitmap Index Scan on sbtest8_pkey  (cost=0.00..29.93 rows=949 width=0)
	                    Index Cond: ((id >= 9422817) AND (id <= 9423816))

for: sum_ranges
table 1 : explain SELECT SUM(k) FROM sbtest1 WHERE id BETWEEN 416498 AND 417497
	Aggregate  (cost=3707.69..3707.70 rows=1 width=8)
	  ->  Bitmap Heap Scan on sbtest1  (cost=30.23..3705.30 rows=956 width=4)
	        Recheck Cond: ((id >= 416498) AND (id <= 417497))
	        ->  Bitmap Index Scan on sbtest1_pkey  (cost=0.00..30.00 rows=956 width=0)
	              Index Cond: ((id >= 416498) AND (id <= 417497))

table 2 : explain SELECT SUM(k) FROM sbtest2 WHERE id BETWEEN 8838208 AND 8839207
	Aggregate  (cost=3995.92..3995.93 rows=1 width=8)
	  ->  Bitmap Heap Scan on sbtest2  (cost=31.01..3993.34 rows=1032 width=4)
	        Recheck Cond: ((id >= 8838208) AND (id <= 8839207))
	        ->  Bitmap Index Scan on sbtest2_pkey  (cost=0.00..30.75 rows=1032 width=0)
	              Index Cond: ((id >= 8838208) AND (id <= 8839207))

table 3 : explain SELECT SUM(k) FROM sbtest3 WHERE id BETWEEN 5995391 AND 5996390
	Aggregate  (cost=3928.61..3928.62 rows=1 width=8)
	  ->  Bitmap Heap Scan on sbtest3  (cost=30.83..3926.08 rows=1014 width=4)
	        Recheck Cond: ((id >= 5995391) AND (id <= 5996390))
	        ->  Bitmap Index Scan on sbtest3_pkey  (cost=0.00..30.57 rows=1014 width=0)
	              Index Cond: ((id >= 5995391) AND (id <= 5996390))

table 4 : explain SELECT SUM(k) FROM sbtest4 WHERE id BETWEEN 9166774 AND 9167773
	Aggregate  (cost=3815.30..3815.31 rows=1 width=8)
	  ->  Bitmap Heap Scan on sbtest4  (cost=30.52..3812.84 rows=984 width=4)
	        Recheck Cond: ((id >= 9166774) AND (id <= 9167773))
	        ->  Bitmap Index Scan on sbtest4_pkey  (cost=0.00..30.27 rows=984 width=0)
	              Index Cond: ((id >= 9166774) AND (id <= 9167773))

table 5 : explain SELECT SUM(k) FROM sbtest5 WHERE id BETWEEN 8340622 AND 8341621
	Aggregate  (cost=4073.23..4073.24 rows=1 width=8)
	  ->  Bitmap Heap Scan on sbtest5  (cost=31.21..4070.60 rows=1051 width=4)
	        Recheck Cond: ((id >= 8340622) AND (id <= 8341621))
	        ->  Bitmap Index Scan on sbtest5_pkey  (cost=0.00..30.94 rows=1051 width=0)
	              Index Cond: ((id >= 8340622) AND (id <= 8341621))

table 6 : explain SELECT SUM(k) FROM sbtest6 WHERE id BETWEEN 6516057 AND 6517056
	Aggregate  (cost=3866.34..3866.35 rows=1 width=8)
	  ->  Bitmap Heap Scan on sbtest6  (cost=30.65..3863.84 rows=997 width=4)
	        Recheck Cond: ((id >= 6516057) AND (id <= 6517056))
	        ->  Bitmap Index Scan on sbtest6_pkey  (cost=0.00..30.40 rows=997 width=0)
	              Index Cond: ((id >= 6516057) AND (id <= 6517056))

table 7 : explain SELECT SUM(k) FROM sbtest7 WHERE id BETWEEN 9190482 AND 9191481
	Aggregate  (cost=3888.12..3888.13 rows=1 width=8)
	  ->  Bitmap Heap Scan on sbtest7  (cost=30.71..3885.62 rows=1002 width=4)
	        Recheck Cond: ((id >= 9190482) AND (id <= 9191481))
	        ->  Bitmap Index Scan on sbtest7_pkey  (cost=0.00..30.45 rows=1002 width=0)
	              Index Cond: ((id >= 9190482) AND (id <= 9191481))

table 8 : explain SELECT SUM(k) FROM sbtest8 WHERE id BETWEEN 734508 AND 735507
	Aggregate  (cost=4202.52..4202.53 rows=1 width=8)
	  ->  Bitmap Heap Scan on sbtest8  (cost=31.57..4199.80 rows=1086 width=4)
	        Recheck Cond: ((id >= 734508) AND (id <= 735507))
	        ->  Bitmap Index Scan on sbtest8_pkey  (cost=0.00..31.29 rows=1086 width=0)
	              Index Cond: ((id >= 734508) AND (id <= 735507))

for: simple_ranges
table 1 : explain SELECT c FROM sbtest1 WHERE id BETWEEN 5140301 AND 5141300
	Bitmap Heap Scan on sbtest1  (cost=30.43..3777.00 rows=975 width=121)
	  Recheck Cond: ((id >= 5140301) AND (id <= 5141300))
	  ->  Bitmap Index Scan on sbtest1_pkey  (cost=0.00..30.18 rows=975 width=0)
	        Index Cond: ((id >= 5140301) AND (id <= 5141300))

table 2 : explain SELECT c FROM sbtest2 WHERE id BETWEEN 1845210 AND 1846209
	Bitmap Heap Scan on sbtest2  (cost=30.89..3948.12 rows=1020 width=121)
	  Recheck Cond: ((id >= 1845210) AND (id <= 1846209))
	  ->  Bitmap Index Scan on sbtest2_pkey  (cost=0.00..30.64 rows=1020 width=0)
	        Index Cond: ((id >= 1845210) AND (id <= 1846209))

table 3 : explain SELECT c FROM sbtest3 WHERE id BETWEEN 8358557 AND 8359556
	Bitmap Heap Scan on sbtest3  (cost=31.33..4110.69 rows=1063 width=121)
	  Recheck Cond: ((id >= 8358557) AND (id <= 8359556))
	  ->  Bitmap Index Scan on sbtest3_pkey  (cost=0.00..31.07 rows=1063 width=0)
	        Index Cond: ((id >= 8358557) AND (id <= 8359556))

table 4 : explain SELECT c FROM sbtest4 WHERE id BETWEEN 4894188 AND 4895187
	Bitmap Heap Scan on sbtest4  (cost=25.79..3540.54 rows=913 width=121)
	  Recheck Cond: ((id >= 4894188) AND (id <= 4895187))
	  ->  Bitmap Index Scan on sbtest4_pkey  (cost=0.00..25.57 rows=913 width=0)
	        Index Cond: ((id >= 4894188) AND (id <= 4895187))

table 5 : explain SELECT c FROM sbtest5 WHERE id BETWEEN 52470 AND 53469
	Bitmap Heap Scan on sbtest5  (cost=30.10..3662.37 rows=943 width=121)
	  Recheck Cond: ((id >= 52470) AND (id <= 53469))
	  ->  Bitmap Index Scan on sbtest5_pkey  (cost=0.00..29.86 rows=943 width=0)
	        Index Cond: ((id >= 52470) AND (id <= 53469))

table 6 : explain SELECT c FROM sbtest6 WHERE id BETWEEN 9643669 AND 9644668
	Bitmap Heap Scan on sbtest6  (cost=30.56..3829.86 rows=988 width=121)
	  Recheck Cond: ((id >= 9643669) AND (id <= 9644668))
	  ->  Bitmap Index Scan on sbtest6_pkey  (cost=0.00..30.32 rows=988 width=0)
	        Index Cond: ((id >= 9643669) AND (id <= 9644668))

table 7 : explain SELECT c FROM sbtest7 WHERE id BETWEEN 3482406 AND 3483405
	Bitmap Heap Scan on sbtest7  (cost=30.46..3794.88 rows=978 width=121)
	  Recheck Cond: ((id >= 3482406) AND (id <= 3483405))
	  ->  Bitmap Index Scan on sbtest7_pkey  (cost=0.00..30.21 rows=978 width=0)
	        Index Cond: ((id >= 3482406) AND (id <= 3483405))

table 8 : explain SELECT c FROM sbtest8 WHERE id BETWEEN 9277419 AND 9278418
	Bitmap Heap Scan on sbtest8  (cost=30.11..3663.90 rows=944 width=121)
	  Recheck Cond: ((id >= 9277419) AND (id <= 9278418))
	  ->  Bitmap Index Scan on sbtest8_pkey  (cost=0.00..29.87 rows=944 width=0)
	        Index Cond: ((id >= 9277419) AND (id <= 9278418))

for: distinct_ranges
table 1 : explain SELECT DISTINCT c FROM sbtest1 WHERE id BETWEEN 6503352 AND 6504351 ORDER BY c
	Unique  (cost=3652.95..3657.60 rows=930 width=121)
	  ->  Sort  (cost=3652.95..3655.28 rows=930 width=121)
	        Sort Key: c
	        ->  Bitmap Heap Scan on sbtest1  (cost=29.97..3607.10 rows=930 width=121)
	              Recheck Cond: ((id >= 6503352) AND (id <= 6504351))
	              ->  Bitmap Index Scan on sbtest1_pkey  (cost=0.00..29.73 rows=930 width=0)
	                    Index Cond: ((id >= 6503352) AND (id <= 6504351))

table 2 : explain SELECT DISTINCT c FROM sbtest2 WHERE id BETWEEN 7958440 AND 7959439 ORDER BY c
	Unique  (cost=3654.08..3658.74 rows=931 width=121)
	  ->  Sort  (cost=3654.08..3656.41 rows=931 width=121)
	        Sort Key: c
	        ->  Bitmap Heap Scan on sbtest2  (cost=25.98..3608.17 rows=931 width=121)
	              Recheck Cond: ((id >= 7958440) AND (id <= 7959439))
	              ->  Bitmap Index Scan on sbtest2_pkey  (cost=0.00..25.75 rows=931 width=0)
	                    Index Cond: ((id >= 7958440) AND (id <= 7959439))

table 3 : explain SELECT DISTINCT c FROM sbtest3 WHERE id BETWEEN 6140399 AND 6141398 ORDER BY c
	Unique  (cost=3727.65..3732.39 rows=949 width=121)
	  ->  Sort  (cost=3727.65..3730.02 rows=949 width=121)
	        Sort Key: c
	        ->  Bitmap Heap Scan on sbtest3  (cost=30.16..3680.72 rows=949 width=121)
	              Recheck Cond: ((id >= 6140399) AND (id <= 6141398))
	              ->  Bitmap Index Scan on sbtest3_pkey  (cost=0.00..29.93 rows=949 width=0)
	                    Index Cond: ((id >= 6140399) AND (id <= 6141398))

table 4 : explain SELECT DISTINCT c FROM sbtest4 WHERE id BETWEEN 5364846 AND 5365845 ORDER BY c
	Unique  (cost=3834.94..3839.82 rows=977 width=121)
	  ->  Sort  (cost=3834.94..3837.38 rows=977 width=121)
	        Sort Key: c
	        ->  Bitmap Heap Scan on sbtest4  (cost=30.45..3786.42 rows=977 width=121)
	              Recheck Cond: ((id >= 5364846) AND (id <= 5365845))
	              ->  Bitmap Index Scan on sbtest4_pkey  (cost=0.00..30.20 rows=977 width=0)
	                    Index Cond: ((id >= 5364846) AND (id <= 5365845))

table 5 : explain SELECT DISTINCT c FROM sbtest5 WHERE id BETWEEN 1712032 AND 1713031 ORDER BY c
	Unique  (cost=3770.44..3775.23 rows=959 width=121)
	  ->  Sort  (cost=3770.44..3772.84 rows=959 width=121)
	        Sort Key: c
	        ->  Bitmap Heap Scan on sbtest5  (cost=30.26..3722.94 rows=959 width=121)
	              Recheck Cond: ((id >= 1712032) AND (id <= 1713031))
	              ->  Bitmap Index Scan on sbtest5_pkey  (cost=0.00..30.02 rows=959 width=0)
	                    Index Cond: ((id >= 1712032) AND (id <= 1713031))

table 6 : explain SELECT DISTINCT c FROM sbtest6 WHERE id BETWEEN 9737763 AND 9738762 ORDER BY c
	Unique  (cost=3967.15..3972.20 rows=1011 width=121)
	  ->  Sort  (cost=3967.15..3969.67 rows=1011 width=121)
	        Sort Key: c
	        ->  Bitmap Heap Scan on sbtest6  (cost=30.80..3916.69 rows=1011 width=121)
	              Recheck Cond: ((id >= 9737763) AND (id <= 9738762))
	              ->  Bitmap Index Scan on sbtest6_pkey  (cost=0.00..30.54 rows=1011 width=0)
	                    Index Cond: ((id >= 9737763) AND (id <= 9738762))

table 7 : explain SELECT DISTINCT c FROM sbtest7 WHERE id BETWEEN 7489592 AND 7490591 ORDER BY c
	Unique  (cost=4023.77..4028.89 rows=1025 width=121)
	  ->  Sort  (cost=4023.77..4026.33 rows=1025 width=121)
	        Sort Key: c
	        ->  Bitmap Heap Scan on sbtest7  (cost=30.94..3972.51 rows=1025 width=121)
	              Recheck Cond: ((id >= 7489592) AND (id <= 7490591))
	              ->  Bitmap Index Scan on sbtest7_pkey  (cost=0.00..30.68 rows=1025 width=0)
	                    Index Cond: ((id >= 7489592) AND (id <= 7490591))

table 8 : explain SELECT DISTINCT c FROM sbtest8 WHERE id BETWEEN 2342197 AND 2343196 ORDER BY c
	Unique  (cost=3871.70..3876.63 rows=986 width=121)
	  ->  Sort  (cost=3871.70..3874.16 rows=986 width=121)
	        Sort Key: c
	        ->  Bitmap Heap Scan on sbtest8  (cost=30.54..3822.67 rows=986 width=121)
	              Recheck Cond: ((id >= 2342197) AND (id <= 2343196))
	              ->  Bitmap Index Scan on sbtest8_pkey  (cost=0.00..30.29 rows=986 width=0)
	                    Index Cond: ((id >= 2342197) AND (id <= 2343196))

for: distinct_ranges
table 1 : explain SELECT DISTINCT c FROM sbtest1 WHERE id BETWEEN 609065 AND 610064 ORDER BY c
	Unique  (cost=3733.46..3738.22 rows=951 width=121)
	  ->  Sort  (cost=3733.46..3735.84 rows=951 width=121)
	        Sort Key: c
	        ->  Bitmap Heap Scan on sbtest1  (cost=30.18..3686.42 rows=951 width=121)
	              Recheck Cond: ((id >= 609065) AND (id <= 610064))
	              ->  Bitmap Index Scan on sbtest1_pkey  (cost=0.00..29.94 rows=951 width=0)
	                    Index Cond: ((id >= 609065) AND (id <= 610064))

table 2 : explain SELECT DISTINCT c FROM sbtest2 WHERE id BETWEEN 3777927 AND 3778926 ORDER BY c
	Unique  (cost=3972.31..3977.37 rows=1013 width=121)
	  ->  Sort  (cost=3972.31..3974.84 rows=1013 width=121)
	        Sort Key: c
	        ->  Bitmap Heap Scan on sbtest2  (cost=30.82..3921.74 rows=1013 width=121)
	              Recheck Cond: ((id >= 3777927) AND (id <= 3778926))
	              ->  Bitmap Index Scan on sbtest2_pkey  (cost=0.00..30.57 rows=1013 width=0)
	                    Index Cond: ((id >= 3777927) AND (id <= 3778926))

table 3 : explain SELECT DISTINCT c FROM sbtest3 WHERE id BETWEEN 154835 AND 155834 ORDER BY c
	Unique  (cost=4461.97..4467.68 rows=1142 width=121)
	  ->  Sort  (cost=4461.97..4464.83 rows=1142 width=121)
	        Sort Key: c
	        ->  Bitmap Heap Scan on sbtest3  (cost=32.14..4403.98 rows=1142 width=121)
	              Recheck Cond: ((id >= 154835) AND (id <= 155834))
	              ->  Bitmap Index Scan on sbtest3_pkey  (cost=0.00..31.86 rows=1142 width=0)
	                    Index Cond: ((id >= 154835) AND (id <= 155834))

table 4 : explain SELECT DISTINCT c FROM sbtest4 WHERE id BETWEEN 9305325 AND 9306324 ORDER BY c
	Unique  (cost=4408.51..4414.15 rows=1128 width=121)
	  ->  Sort  (cost=4408.51..4411.33 rows=1128 width=121)
	        Sort Key: c
	        ->  Bitmap Heap Scan on sbtest4  (cost=32.00..4351.32 rows=1128 width=121)
	              Recheck Cond: ((id >= 9305325) AND (id <= 9306324))
	              ->  Bitmap Index Scan on sbtest4_pkey  (cost=0.00..31.71 rows=1128 width=0)
	                    Index Cond: ((id >= 9305325) AND (id <= 9306324))

table 5 : explain SELECT DISTINCT c FROM sbtest5 WHERE id BETWEEN 4224911 AND 4225910 ORDER BY c
	Unique  (cost=3674.37..3679.04 rows=934 width=121)
	  ->  Sort  (cost=3674.37..3676.70 rows=934 width=121)
	        Sort Key: c
	        ->  Bitmap Heap Scan on sbtest5  (cost=30.01..3628.29 rows=934 width=121)
	              Recheck Cond: ((id >= 4224911) AND (id <= 4225910))
	              ->  Bitmap Index Scan on sbtest5_pkey  (cost=0.00..29.77 rows=934 width=0)
	                    Index Cond: ((id >= 4224911) AND (id <= 4225910))

table 6 : explain SELECT DISTINCT c FROM sbtest6 WHERE id BETWEEN 3576769 AND 3577768 ORDER BY c
	Unique  (cost=3725.56..3730.30 rows=948 width=121)
	  ->  Sort  (cost=3725.56..3727.93 rows=948 width=121)
	        Sort Key: c
	        ->  Bitmap Heap Scan on sbtest6  (cost=30.15..3678.69 rows=948 width=121)
	              Recheck Cond: ((id >= 3576769) AND (id <= 3577768))
	              ->  Bitmap Index Scan on sbtest6_pkey  (cost=0.00..29.91 rows=948 width=0)
	                    Index Cond: ((id >= 3576769) AND (id <= 3577768))

table 7 : explain SELECT DISTINCT c FROM sbtest7 WHERE id BETWEEN 5700640 AND 5701639 ORDER BY c
	Unique  (cost=3970.09..3975.14 rows=1011 width=121)
	  ->  Sort  (cost=3970.09..3972.61 rows=1011 width=121)
	        Sort Key: c
	        ->  Bitmap Heap Scan on sbtest7  (cost=30.80..3919.63 rows=1011 width=121)
	              Recheck Cond: ((id >= 5700640) AND (id <= 5701639))
	              ->  Bitmap Index Scan on sbtest7_pkey  (cost=0.00..30.54 rows=1011 width=0)
	                    Index Cond: ((id >= 5700640) AND (id <= 5701639))

table 8 : explain SELECT DISTINCT c FROM sbtest8 WHERE id BETWEEN 6590976 AND 6591975 ORDER BY c
	Unique  (cost=3818.00..3822.86 rows=972 width=121)
	  ->  Sort  (cost=3818.00..3820.43 rows=972 width=121)
	        Sort Key: c
	        ->  Bitmap Heap Scan on sbtest8  (cost=30.40..3769.77 rows=972 width=121)
	              Recheck Cond: ((id >= 6590976) AND (id <= 6591975))
	              ->  Bitmap Index Scan on sbtest8_pkey  (cost=0.00..30.15 rows=972 width=0)
	                    Index Cond: ((id >= 6590976) AND (id <= 6591975))

for point_selects
table 1 : explain SELECT c FROM sbtest1 WHERE id=3828025
	Index Scan using sbtest1_pkey on sbtest1  (cost=0.43..8.45 rows=1 width=121)
	  Index Cond: (id = 3828025)

table 2 : explain SELECT c FROM sbtest2 WHERE id=5867666
	Index Scan using sbtest2_pkey on sbtest2  (cost=0.43..8.45 rows=1 width=121)
	  Index Cond: (id = 5867666)

table 3 : explain SELECT c FROM sbtest3 WHERE id=2752321
	Index Scan using sbtest3_pkey on sbtest3  (cost=0.43..8.45 rows=1 width=121)
	  Index Cond: (id = 2752321)

table 4 : explain SELECT c FROM sbtest4 WHERE id=9835597
	Index Scan using sbtest4_pkey on sbtest4  (cost=0.43..8.45 rows=1 width=121)
	  Index Cond: (id = 9835597)

table 5 : explain SELECT c FROM sbtest5 WHERE id=9093160
	Index Scan using sbtest5_pkey on sbtest5  (cost=0.43..8.45 rows=1 width=121)
	  Index Cond: (id = 9093160)

table 6 : explain SELECT c FROM sbtest6 WHERE id=3876329
	Index Scan using sbtest6_pkey on sbtest6  (cost=0.43..8.45 rows=1 width=121)
	  Index Cond: (id = 3876329)

table 7 : explain SELECT c FROM sbtest7 WHERE id=4895775
	Index Scan using sbtest7_pkey on sbtest7  (cost=0.43..8.45 rows=1 width=121)
	  Index Cond: (id = 4895775)

table 8 : explain SELECT c FROM sbtest8 WHERE id=4567883
	Index Scan using sbtest8_pkey on sbtest8  (cost=0.43..8.45 rows=1 width=121)
	  Index Cond: (id = 4567883)

for: distinct_ranges
table 1 : explain SELECT DISTINCT c FROM sbtest1 WHERE id BETWEEN 5161660 AND 5162659 ORDER BY c
	Unique  (cost=3825.40..3830.28 rows=975 width=121)
	  ->  Sort  (cost=3825.40..3827.84 rows=975 width=121)
	        Sort Key: c
	        ->  Bitmap Heap Scan on sbtest1  (cost=30.43..3777.00 rows=975 width=121)
	              Recheck Cond: ((id >= 5161660) AND (id <= 5162659))
	              ->  Bitmap Index Scan on sbtest1_pkey  (cost=0.00..30.18 rows=975 width=0)
	                    Index Cond: ((id >= 5161660) AND (id <= 5162659))

table 2 : explain SELECT DISTINCT c FROM sbtest2 WHERE id BETWEEN 4357342 AND 4358341 ORDER BY c
	Unique  (cost=3926.37..3931.38 rows=1001 width=121)
	  ->  Sort  (cost=3926.37..3928.88 rows=1001 width=121)
	        Sort Key: c
	        ->  Bitmap Heap Scan on sbtest2  (cost=30.70..3876.49 rows=1001 width=121)
	              Recheck Cond: ((id >= 4357342) AND (id <= 4358341))
	              ->  Bitmap Index Scan on sbtest2_pkey  (cost=0.00..30.44 rows=1001 width=0)
	                    Index Cond: ((id >= 4357342) AND (id <= 4358341))

table 3 : explain SELECT DISTINCT c FROM sbtest3 WHERE id BETWEEN 8893489 AND 8894488 ORDER BY c
	Unique  (cost=3976.70..3981.77 rows=1014 width=121)
	  ->  Sort  (cost=3976.70..3979.24 rows=1014 width=121)
	        Sort Key: c
	        ->  Bitmap Heap Scan on sbtest3  (cost=30.83..3926.08 rows=1014 width=121)
	              Recheck Cond: ((id >= 8893489) AND (id <= 8894488))
	              ->  Bitmap Index Scan on sbtest3_pkey  (cost=0.00..30.57 rows=1014 width=0)
	                    Index Cond: ((id >= 8893489) AND (id <= 8894488))

table 4 : explain SELECT DISTINCT c FROM sbtest4 WHERE id BETWEEN 4914817 AND 4915816 ORDER BY c
	Unique  (cost=3585.43..3590.00 rows=913 width=121)
	  ->  Sort  (cost=3585.43..3587.72 rows=913 width=121)
	        Sort Key: c
	        ->  Bitmap Heap Scan on sbtest4  (cost=25.79..3540.54 rows=913 width=121)
	              Recheck Cond: ((id >= 4914817) AND (id <= 4915816))
	              ->  Bitmap Index Scan on sbtest4_pkey  (cost=0.00..25.57 rows=913 width=0)
	                    Index Cond: ((id >= 4914817) AND (id <= 4915816))

table 5 : explain SELECT DISTINCT c FROM sbtest5 WHERE id BETWEEN 324347 AND 325346 ORDER BY c
	Unique  (cost=3504.95..3509.41 rows=891 width=121)
	  ->  Sort  (cost=3504.95..3507.18 rows=891 width=121)
	        Sort Key: c
	        ->  Bitmap Heap Scan on sbtest5  (cost=25.57..3461.30 rows=891 width=121)
	              Recheck Cond: ((id >= 324347) AND (id <= 325346))
	              ->  Bitmap Index Scan on sbtest5_pkey  (cost=0.00..25.34 rows=891 width=0)
	                    Index Cond: ((id >= 324347) AND (id <= 325346))

table 6 : explain SELECT DISTINCT c FROM sbtest6 WHERE id BETWEEN 3203766 AND 3204765 ORDER BY c
	Unique  (cost=4074.37..4079.56 rows=1039 width=121)
	  ->  Sort  (cost=4074.37..4076.97 rows=1039 width=121)
	        Sort Key: c
	        ->  Bitmap Heap Scan on sbtest6  (cost=31.08..4022.31 rows=1039 width=121)
	              Recheck Cond: ((id >= 3203766) AND (id <= 3204765))
	              ->  Bitmap Index Scan on sbtest6_pkey  (cost=0.00..30.82 rows=1039 width=0)
	                    Index Cond: ((id >= 3203766) AND (id <= 3204765))

table 7 : explain SELECT DISTINCT c FROM sbtest7 WHERE id BETWEEN 5066019 AND 5067018 ORDER BY c
	Unique  (cost=3916.38..3921.36 rows=997 width=121)
	  ->  Sort  (cost=3916.38..3918.87 rows=997 width=121)
	        Sort Key: c
	        ->  Bitmap Heap Scan on sbtest7  (cost=30.65..3866.72 rows=997 width=121)
	              Recheck Cond: ((id >= 5066019) AND (id <= 5067018))
	              ->  Bitmap Index Scan on sbtest7_pkey  (cost=0.00..30.40 rows=997 width=0)
	                    Index Cond: ((id >= 5066019) AND (id <= 5067018))

table 8 : explain SELECT DISTINCT c FROM sbtest8 WHERE id BETWEEN 789378 AND 790377 ORDER BY c
	Unique  (cost=4254.56..4259.99 rows=1086 width=121)
	  ->  Sort  (cost=4254.56..4257.28 rows=1086 width=121)
	        Sort Key: c
	        ->  Bitmap Heap Scan on sbtest8  (cost=31.57..4199.80 rows=1086 width=121)
	              Recheck Cond: ((id >= 789378) AND (id <= 790377))
	              ->  Bitmap Index Scan on sbtest8_pkey  (cost=0.00..31.29 rows=1086 width=0)
	                    Index Cond: ((id >= 789378) AND (id <= 790377))

for: distinct_ranges
table 1 : explain SELECT DISTINCT c FROM sbtest1 WHERE id BETWEEN 206559 AND 207558 ORDER BY c
	Unique  (cost=3660.62..3665.28 rows=932 width=121)
	  ->  Sort  (cost=3660.62..3662.95 rows=932 width=121)
	        Sort Key: c
	        ->  Bitmap Heap Scan on sbtest1  (cost=29.99..3614.66 rows=932 width=121)
	              Recheck Cond: ((id >= 206559) AND (id <= 207558))
	              ->  Bitmap Index Scan on sbtest1_pkey  (cost=0.00..29.75 rows=932 width=0)
	                    Index Cond: ((id >= 206559) AND (id <= 207558))

table 2 : explain SELECT DISTINCT c FROM sbtest2 WHERE id BETWEEN 6807038 AND 6808037 ORDER BY c
	Unique  (cost=3642.57..3647.21 rows=928 width=121)
	  ->  Sort  (cost=3642.57..3644.89 rows=928 width=121)
	        Sort Key: c
	        ->  Bitmap Heap Scan on sbtest2  (cost=25.95..3596.83 rows=928 width=121)
	              Recheck Cond: ((id >= 6807038) AND (id <= 6808037))
	              ->  Bitmap Index Scan on sbtest2_pkey  (cost=0.00..25.71 rows=928 width=0)
	                    Index Cond: ((id >= 6807038) AND (id <= 6808037))

table 3 : explain SELECT DISTINCT c FROM sbtest3 WHERE id BETWEEN 1217663 AND 1218662 ORDER BY c
	Unique  (cost=4045.58..4050.74 rows=1032 width=121)
	  ->  Sort  (cost=4045.58..4048.16 rows=1032 width=121)
	        Sort Key: c
	        ->  Bitmap Heap Scan on sbtest3  (cost=31.01..3993.93 rows=1032 width=121)
	              Recheck Cond: ((id >= 1217663) AND (id <= 1218662))
	              ->  Bitmap Index Scan on sbtest3_pkey  (cost=0.00..30.75 rows=1032 width=0)
	                    Index Cond: ((id >= 1217663) AND (id <= 1218662))

table 4 : explain SELECT DISTINCT c FROM sbtest4 WHERE id BETWEEN 2006562 AND 2007561 ORDER BY c
	Unique  (cost=3988.13..3993.21 rows=1017 width=121)
	  ->  Sort  (cost=3988.13..3990.67 rows=1017 width=121)
	        Sort Key: c
	        ->  Bitmap Heap Scan on sbtest4  (cost=30.86..3937.33 rows=1017 width=121)
	              Recheck Cond: ((id >= 2006562) AND (id <= 2007561))
	              ->  Bitmap Index Scan on sbtest4_pkey  (cost=0.00..30.61 rows=1017 width=0)
	                    Index Cond: ((id >= 2006562) AND (id <= 2007561))

table 5 : explain SELECT DISTINCT c FROM sbtest5 WHERE id BETWEEN 1180287 AND 1181286 ORDER BY c
	Unique  (cost=4410.51..4416.14 rows=1125 width=121)
	  ->  Sort  (cost=4410.51..4413.32 rows=1125 width=121)
	        Sort Key: c
	        ->  Bitmap Heap Scan on sbtest5  (cost=35.97..4353.50 rows=1125 width=121)
	              Recheck Cond: ((id >= 1180287) AND (id <= 1181286))
	              ->  Bitmap Index Scan on sbtest5_pkey  (cost=0.00..35.69 rows=1125 width=0)
	                    Index Cond: ((id >= 1180287) AND (id <= 1181286))

table 6 : explain SELECT DISTINCT c FROM sbtest6 WHERE id BETWEEN 8255922 AND 8256921 ORDER BY c
	Unique  (cost=4147.07..4152.36 rows=1058 width=121)
	  ->  Sort  (cost=4147.07..4149.72 rows=1058 width=121)
	        Sort Key: c
	        ->  Bitmap Heap Scan on sbtest6  (cost=31.28..4093.92 rows=1058 width=121)
	              Recheck Cond: ((id >= 8255922) AND (id <= 8256921))
	              ->  Bitmap Index Scan on sbtest6_pkey  (cost=0.00..31.01 rows=1058 width=0)
	                    Index Cond: ((id >= 8255922) AND (id <= 8256921))

table 7 : explain SELECT DISTINCT c FROM sbtest7 WHERE id BETWEEN 6199516 AND 6200515 ORDER BY c
	Unique  (cost=3947.07..3952.10 rows=1005 width=121)
	  ->  Sort  (cost=3947.07..3949.58 rows=1005 width=121)
	        Sort Key: c
	        ->  Bitmap Heap Scan on sbtest7  (cost=30.74..3896.96 rows=1005 width=121)
	              Recheck Cond: ((id >= 6199516) AND (id <= 6200515))
	              ->  Bitmap Index Scan on sbtest7_pkey  (cost=0.00..30.48 rows=1005 width=0)
	                    Index Cond: ((id >= 6199516) AND (id <= 6200515))

table 8 : explain SELECT DISTINCT c FROM sbtest8 WHERE id BETWEEN 5229921 AND 5230920 ORDER BY c
	Unique  (cost=4136.00..4141.27 rows=1055 width=121)
	  ->  Sort  (cost=4136.00..4138.63 rows=1055 width=121)
	        Sort Key: c
	        ->  Bitmap Heap Scan on sbtest8  (cost=31.25..4083.02 rows=1055 width=121)
	              Recheck Cond: ((id >= 5229921) AND (id <= 5230920))
	              ->  Bitmap Index Scan on sbtest8_pkey  (cost=0.00..30.98 rows=1055 width=0)
	                    Index Cond: ((id >= 5229921) AND (id <= 5230920))

for point_selects
table 1 : explain SELECT c FROM sbtest1 WHERE id=6986993
	Index Scan using sbtest1_pkey on sbtest1  (cost=0.43..8.45 rows=1 width=121)
	  Index Cond: (id = 6986993)

table 2 : explain SELECT c FROM sbtest2 WHERE id=1993758
	Index Scan using sbtest2_pkey on sbtest2  (cost=0.43..8.45 rows=1 width=121)
	  Index Cond: (id = 1993758)

table 3 : explain SELECT c FROM sbtest3 WHERE id=2170110
	Index Scan using sbtest3_pkey on sbtest3  (cost=0.43..8.45 rows=1 width=121)
	  Index Cond: (id = 2170110)

table 4 : explain SELECT c FROM sbtest4 WHERE id=396526
	Index Scan using sbtest4_pkey on sbtest4  (cost=0.43..8.45 rows=1 width=121)
	  Index Cond: (id = 396526)

table 5 : explain SELECT c FROM sbtest5 WHERE id=1999117
	Index Scan using sbtest5_pkey on sbtest5  (cost=0.43..8.45 rows=1 width=121)
	  Index Cond: (id = 1999117)

table 6 : explain SELECT c FROM sbtest6 WHERE id=578151
	Index Scan using sbtest6_pkey on sbtest6  (cost=0.43..8.45 rows=1 width=121)
	  Index Cond: (id = 578151)

table 7 : explain SELECT c FROM sbtest7 WHERE id=1278525
	Index Scan using sbtest7_pkey on sbtest7  (cost=0.43..8.45 rows=1 width=121)
	  Index Cond: (id = 1278525)

table 8 : explain SELECT c FROM sbtest8 WHERE id=1699484
	Index Scan using sbtest8_pkey on sbtest8  (cost=0.43..8.45 rows=1 width=121)
	  Index Cond: (id = 1699484)

explain: for point_selects :: explain SELECT c FROM sbtest%u WHERE id=%u
for: order_ranges
table 1 : explain SELECT c FROM sbtest1 WHERE id BETWEEN 4000994 AND 4001993 ORDER BY c
	Sort  (cost=3829.23..3831.67 rows=976 width=121)
	  Sort Key: c
	  ->  Bitmap Heap Scan on sbtest1  (cost=30.44..3780.77 rows=976 width=121)
	        Recheck Cond: ((id >= 4000994) AND (id <= 4001993))
	        ->  Bitmap Index Scan on sbtest1_pkey  (cost=0.00..30.19 rows=976 width=0)
	              Index Cond: ((id >= 4000994) AND (id <= 4001993))

table 2 : explain SELECT c FROM sbtest2 WHERE id BETWEEN 2243646 AND 2244645 ORDER BY c
	Sort  (cost=3834.46..3836.90 rows=977 width=121)
	  Sort Key: c
	  ->  Bitmap Heap Scan on sbtest2  (cost=30.45..3785.94 rows=977 width=121)
	        Recheck Cond: ((id >= 2243646) AND (id <= 2244645))
	        ->  Bitmap Index Scan on sbtest2_pkey  (cost=0.00..30.20 rows=977 width=0)
	              Index Cond: ((id >= 2243646) AND (id <= 2244645))

table 3 : explain SELECT c FROM sbtest3 WHERE id BETWEEN 6753217 AND 6754216 ORDER BY c
	Sort  (cost=4339.81..4342.59 rows=1109 width=121)
	  Sort Key: c
	  ->  Bitmap Heap Scan on sbtest3  (cost=31.80..4283.73 rows=1109 width=121)
	        Recheck Cond: ((id >= 6753217) AND (id <= 6754216))
	        ->  Bitmap Index Scan on sbtest3_pkey  (cost=0.00..31.52 rows=1109 width=0)
	              Index Cond: ((id >= 6753217) AND (id <= 6754216))

table 4 : explain SELECT c FROM sbtest4 WHERE id BETWEEN 999294 AND 1000293 ORDER BY c
	Sort  (cost=3957.50..3960.03 rows=1009 width=121)
	  Sort Key: c
	  ->  Bitmap Heap Scan on sbtest4  (cost=30.78..3907.16 rows=1009 width=121)
	        Recheck Cond: ((id >= 999294) AND (id <= 1000293))
	        ->  Bitmap Index Scan on sbtest4_pkey  (cost=0.00..30.52 rows=1009 width=0)
	              Index Cond: ((id >= 999294) AND (id <= 1000293))

table 5 : explain SELECT c FROM sbtest5 WHERE id BETWEEN 5451714 AND 5452713 ORDER BY c
	Sort  (cost=3512.65..3514.88 rows=893 width=121)
	  Sort Key: c
	  ->  Bitmap Heap Scan on sbtest5  (cost=25.59..3468.88 rows=893 width=121)
	        Recheck Cond: ((id >= 5451714) AND (id <= 5452713))
	        ->  Bitmap Index Scan on sbtest5_pkey  (cost=0.00..25.36 rows=893 width=0)
	              Index Cond: ((id >= 5451714) AND (id <= 5452713))

table 6 : explain SELECT c FROM sbtest6 WHERE id BETWEEN 7973022 AND 7974021 ORDER BY c
	Sort  (cost=4101.16..4103.77 rows=1046 width=121)
	  Sort Key: c
	  ->  Bitmap Heap Scan on sbtest6  (cost=31.16..4048.70 rows=1046 width=121)
	        Recheck Cond: ((id >= 7973022) AND (id <= 7974021))
	        ->  Bitmap Index Scan on sbtest6_pkey  (cost=0.00..30.89 rows=1046 width=0)
	              Index Cond: ((id >= 7973022) AND (id <= 7974021))

table 7 : explain SELECT c FROM sbtest7 WHERE id BETWEEN 7732264 AND 7733263 ORDER BY c
	Sort  (cost=3720.54..3722.91 rows=946 width=121)
	  Sort Key: c
	  ->  Bitmap Heap Scan on sbtest7  (cost=30.13..3673.78 rows=946 width=121)
	        Recheck Cond: ((id >= 7732264) AND (id <= 7733263))
	        ->  Bitmap Index Scan on sbtest7_pkey  (cost=0.00..29.89 rows=946 width=0)
	              Index Cond: ((id >= 7732264) AND (id <= 7733263))

table 8 : explain SELECT c FROM sbtest8 WHERE id BETWEEN 2714926 AND 2715925 ORDER BY c
	Sort  (cost=3917.70..3920.20 rows=998 width=121)
	  Sort Key: c
	  ->  Bitmap Heap Scan on sbtest8  (cost=30.66..3867.99 rows=998 width=121)
	        Recheck Cond: ((id >= 2714926) AND (id <= 2715925))
	        ->  Bitmap Index Scan on sbtest8_pkey  (cost=0.00..30.41 rows=998 width=0)
	              Index Cond: ((id >= 2714926) AND (id <= 2715925))

for: sum_ranges
table 1 : explain SELECT SUM(k) FROM sbtest1 WHERE id BETWEEN 7028174 AND 7029173
	Aggregate  (cost=4201.45..4201.46 rows=1 width=8)
	  ->  Bitmap Heap Scan on sbtest1  (cost=31.58..4198.73 rows=1087 width=4)
	        Recheck Cond: ((id >= 7028174) AND (id <= 7029173))
	        ->  Bitmap Index Scan on sbtest1_pkey  (cost=0.00..31.30 rows=1087 width=0)
	              Index Cond: ((id >= 7028174) AND (id <= 7029173))

table 2 : explain SELECT SUM(k) FROM sbtest2 WHERE id BETWEEN 6413424 AND 6414423
	Aggregate  (cost=3818.59..3818.60 rows=1 width=8)
	  ->  Bitmap Heap Scan on sbtest2  (cost=30.53..3816.13 rows=985 width=4)
	        Recheck Cond: ((id >= 6413424) AND (id <= 6414423))
	        ->  Bitmap Index Scan on sbtest2_pkey  (cost=0.00..30.29 rows=985 width=0)
	              Index Cond: ((id >= 6413424) AND (id <= 6414423))

table 3 : explain SELECT SUM(k) FROM sbtest3 WHERE id BETWEEN 3918984 AND 3919983
	Aggregate  (cost=3830.47..3830.48 rows=1 width=8)
	  ->  Bitmap Heap Scan on sbtest3  (cost=30.56..3828.00 rows=988 width=4)
	        Recheck Cond: ((id >= 3918984) AND (id <= 3919983))
	        ->  Bitmap Index Scan on sbtest3_pkey  (cost=0.00..30.32 rows=988 width=0)
	              Index Cond: ((id >= 3918984) AND (id <= 3919983))

table 4 : explain SELECT SUM(k) FROM sbtest4 WHERE id BETWEEN 6710243 AND 6711242
	Aggregate  (cost=3720.84..3720.85 rows=1 width=8)
	  ->  Bitmap Heap Scan on sbtest4  (cost=30.26..3718.44 rows=959 width=4)
	        Recheck Cond: ((id >= 6710243) AND (id <= 6711242))
	        ->  Bitmap Index Scan on sbtest4_pkey  (cost=0.00..30.02 rows=959 width=0)
	              Index Cond: ((id >= 6710243) AND (id <= 6711242))

table 5 : explain SELECT SUM(k) FROM sbtest5 WHERE id BETWEEN 9125625 AND 9126624
	Aggregate  (cost=3922.10..3922.11 rows=1 width=8)
	  ->  Bitmap Heap Scan on sbtest5  (cost=30.80..3919.57 rows=1011 width=4)
	        Recheck Cond: ((id >= 9125625) AND (id <= 9126624))
	        ->  Bitmap Index Scan on sbtest5_pkey  (cost=0.00..30.54 rows=1011 width=0)
	              Index Cond: ((id >= 9125625) AND (id <= 9126624))

table 6 : explain SELECT SUM(k) FROM sbtest6 WHERE id BETWEEN 5003975 AND 5004974
	Aggregate  (cost=4228.47..4228.48 rows=1 width=8)
	  ->  Bitmap Heap Scan on sbtest6  (cost=31.64..4225.73 rows=1093 width=4)
	        Recheck Cond: ((id >= 5003975) AND (id <= 5004974))
	        ->  Bitmap Index Scan on sbtest6_pkey  (cost=0.00..31.36 rows=1093 width=0)
	              Index Cond: ((id >= 5003975) AND (id <= 5004974))

table 7 : explain SELECT SUM(k) FROM sbtest7 WHERE id BETWEEN 4869020 AND 4870019
	Aggregate  (cost=4073.29..4073.30 rows=1 width=8)
	  ->  Bitmap Heap Scan on sbtest7  (cost=31.21..4070.66 rows=1051 width=4)
	        Recheck Cond: ((id >= 4869020) AND (id <= 4870019))
	        ->  Bitmap Index Scan on sbtest7_pkey  (cost=0.00..30.94 rows=1051 width=0)
	              Index Cond: ((id >= 4869020) AND (id <= 4870019))

table 8 : explain SELECT SUM(k) FROM sbtest8 WHERE id BETWEEN 2790608 AND 2791607
	Aggregate  (cost=3870.48..3870.49 rows=1 width=8)
	  ->  Bitmap Heap Scan on sbtest8  (cost=30.66..3867.99 rows=998 width=4)
	        Recheck Cond: ((id >= 2790608) AND (id <= 2791607))
	        ->  Bitmap Index Scan on sbtest8_pkey  (cost=0.00..30.41 rows=998 width=0)
	              Index Cond: ((id >= 2790608) AND (id <= 2791607))

for: order_ranges
table 1 : explain SELECT c FROM sbtest1 WHERE id BETWEEN 5938493 AND 5939492 ORDER BY c
	Sort  (cost=3901.97..3904.46 rows=995 width=121)
	  Sort Key: c
	  ->  Bitmap Heap Scan on sbtest1  (cost=30.63..3852.42 rows=995 width=121)
	        Recheck Cond: ((id >= 5938493) AND (id <= 5939492))
	        ->  Bitmap Index Scan on sbtest1_pkey  (cost=0.00..30.39 rows=995 width=0)
	              Index Cond: ((id >= 5938493) AND (id <= 5939492))

table 2 : explain SELECT c FROM sbtest2 WHERE id BETWEEN 2065293 AND 2066292 ORDER BY c
	Sort  (cost=4010.57..4013.13 rows=1023 width=121)
	  Sort Key: c
	  ->  Bitmap Heap Scan on sbtest2  (cost=30.92..3959.43 rows=1023 width=121)
	        Recheck Cond: ((id >= 2065293) AND (id <= 2066292))
	        ->  Bitmap Index Scan on sbtest2_pkey  (cost=0.00..30.66 rows=1023 width=0)
	              Index Cond: ((id >= 2065293) AND (id <= 2066292))

table 3 : explain SELECT c FROM sbtest3 WHERE id BETWEEN 3963509 AND 3964508 ORDER BY c
	Sort  (cost=3877.14..3879.61 rows=988 width=121)
	  Sort Key: c
	  ->  Bitmap Heap Scan on sbtest3  (cost=30.56..3828.00 rows=988 width=121)
	        Recheck Cond: ((id >= 3963509) AND (id <= 3964508))
	        ->  Bitmap Index Scan on sbtest3_pkey  (cost=0.00..30.32 rows=988 width=0)
	              Index Cond: ((id >= 3963509) AND (id <= 3964508))

table 4 : explain SELECT c FROM sbtest4 WHERE id BETWEEN 3778685 AND 3779684 ORDER BY c
	Sort  (cost=3850.27..3852.72 rows=981 width=121)
	  Sort Key: c
	  ->  Bitmap Heap Scan on sbtest4  (cost=30.49..3801.52 rows=981 width=121)
	        Recheck Cond: ((id >= 3778685) AND (id <= 3779684))
	        ->  Bitmap Index Scan on sbtest4_pkey  (cost=0.00..30.25 rows=981 width=0)
	              Index Cond: ((id >= 3778685) AND (id <= 3779684))

table 5 : explain SELECT c FROM sbtest5 WHERE id BETWEEN 9829530 AND 9830529 ORDER BY c
	Sort  (cost=3793.48..3795.90 rows=965 width=121)
	  Sort Key: c
	  ->  Bitmap Heap Scan on sbtest5  (cost=30.33..3745.65 rows=965 width=121)
	        Recheck Cond: ((id >= 9829530) AND (id <= 9830529))
	        ->  Bitmap Index Scan on sbtest5_pkey  (cost=0.00..30.08 rows=965 width=0)
	              Index Cond: ((id >= 9829530) AND (id <= 9830529))

table 6 : explain SELECT c FROM sbtest6 WHERE id BETWEEN 4518720 AND 4519719 ORDER BY c
	Sort  (cost=3925.00..3927.50 rows=1000 width=121)
	  Sort Key: c
	  ->  Bitmap Heap Scan on sbtest6  (cost=30.68..3875.17 rows=1000 width=121)
	        Recheck Cond: ((id >= 4518720) AND (id <= 4519719))
	        ->  Bitmap Index Scan on sbtest6_pkey  (cost=0.00..30.43 rows=1000 width=0)
	              Index Cond: ((id >= 4518720) AND (id <= 4519719))

table 7 : explain SELECT c FROM sbtest7 WHERE id BETWEEN 2634895 AND 2635894 ORDER BY c
	Sort  (cost=4046.77..4049.35 rows=1031 width=121)
	  Sort Key: c
	  ->  Bitmap Heap Scan on sbtest7  (cost=31.00..3995.17 rows=1031 width=121)
	        Recheck Cond: ((id >= 2634895) AND (id <= 2635894))
	        ->  Bitmap Index Scan on sbtest7_pkey  (cost=0.00..30.75 rows=1031 width=0)
	              Index Cond: ((id >= 2634895) AND (id <= 2635894))

table 8 : explain SELECT c FROM sbtest8 WHERE id BETWEEN 8378646 AND 8379645 ORDER BY c
	Sort  (cost=4005.83..4008.38 rows=1021 width=121)
	  Sort Key: c
	  ->  Bitmap Heap Scan on sbtest8  (cost=30.90..3954.80 rows=1021 width=121)
	        Recheck Cond: ((id >= 8378646) AND (id <= 8379645))
	        ->  Bitmap Index Scan on sbtest8_pkey  (cost=0.00..30.64 rows=1021 width=0)
	              Index Cond: ((id >= 8378646) AND (id <= 8379645))

for: simple_ranges
table 1 : explain SELECT c FROM sbtest1 WHERE id BETWEEN 727607 AND 728606
	Bitmap Heap Scan on sbtest1  (cost=31.55..4187.45 rows=1084 width=121)
	  Recheck Cond: ((id >= 727607) AND (id <= 728606))
	  ->  Bitmap Index Scan on sbtest1_pkey  (cost=0.00..31.27 rows=1084 width=0)
	        Index Cond: ((id >= 727607) AND (id <= 728606))

table 2 : explain SELECT c FROM sbtest2 WHERE id BETWEEN 6529290 AND 6530289
	Bitmap Heap Scan on sbtest2  (cost=30.19..3691.53 rows=952 width=121)
	  Recheck Cond: ((id >= 6529290) AND (id <= 6530289))
	  ->  Bitmap Index Scan on sbtest2_pkey  (cost=0.00..29.95 rows=952 width=0)
	        Index Cond: ((id >= 6529290) AND (id <= 6530289))

table 3 : explain SELECT c FROM sbtest3 WHERE id BETWEEN 1858236 AND 1859235
	Bitmap Heap Scan on sbtest3  (cost=30.48..3797.80 rows=980 width=121)
	  Recheck Cond: ((id >= 1858236) AND (id <= 1859235))
	  ->  Bitmap Index Scan on sbtest3_pkey  (cost=0.00..30.23 rows=980 width=0)
	        Index Cond: ((id >= 1858236) AND (id <= 1859235))

table 4 : explain SELECT c FROM sbtest4 WHERE id BETWEEN 138322 AND 139321
	Bitmap Heap Scan on sbtest4  (cost=31.48..4167.07 rows=1078 width=121)
	  Recheck Cond: ((id >= 138322) AND (id <= 139321))
	  ->  Bitmap Index Scan on sbtest4_pkey  (cost=0.00..31.21 rows=1078 width=0)
	        Index Cond: ((id >= 138322) AND (id <= 139321))

table 5 : explain SELECT c FROM sbtest5 WHERE id BETWEEN 5597644 AND 5598643
	Bitmap Heap Scan on sbtest5  (cost=30.82..3927.13 rows=1013 width=121)
	  Recheck Cond: ((id >= 5597644) AND (id <= 5598643))
	  ->  Bitmap Index Scan on sbtest5_pkey  (cost=0.00..30.57 rows=1013 width=0)
	        Index Cond: ((id >= 5597644) AND (id <= 5598643))

table 6 : explain SELECT c FROM sbtest6 WHERE id BETWEEN 9954597 AND 9955596
	Bitmap Heap Scan on sbtest6  (cost=30.42..3776.97 rows=974 width=121)
	  Recheck Cond: ((id >= 9954597) AND (id <= 9955596))
	  ->  Bitmap Index Scan on sbtest6_pkey  (cost=0.00..30.18 rows=974 width=0)
	        Index Cond: ((id >= 9954597) AND (id <= 9955596))

table 7 : explain SELECT c FROM sbtest7 WHERE id BETWEEN 6235708 AND 6236707
	Bitmap Heap Scan on sbtest7  (cost=30.74..3896.96 rows=1005 width=121)
	  Recheck Cond: ((id >= 6235708) AND (id <= 6236707))
	  ->  Bitmap Index Scan on sbtest7_pkey  (cost=0.00..30.48 rows=1005 width=0)
	        Index Cond: ((id >= 6235708) AND (id <= 6236707))

table 8 : explain SELECT c FROM sbtest8 WHERE id BETWEEN 5107545 AND 5108544
	Bitmap Heap Scan on sbtest8  (cost=30.75..3898.19 rows=1006 width=121)
	  Recheck Cond: ((id >= 5107545) AND (id <= 5108544))
	  ->  Bitmap Index Scan on sbtest8_pkey  (cost=0.00..30.50 rows=1006 width=0)
	        Index Cond: ((id >= 5107545) AND (id <= 5108544))

for: distinct_ranges
table 1 : explain SELECT DISTINCT c FROM sbtest1 WHERE id BETWEEN 2481382 AND 2482381 ORDER BY c
	Unique  (cost=3767.95..3772.75 rows=960 width=121)
	  ->  Sort  (cost=3767.95..3770.35 rows=960 width=121)
	        Sort Key: c
	        ->  Bitmap Heap Scan on sbtest1  (cost=30.27..3720.39 rows=960 width=121)
	              Recheck Cond: ((id >= 2481382) AND (id <= 2482381))
	              ->  Bitmap Index Scan on sbtest1_pkey  (cost=0.00..30.04 rows=960 width=0)
	                    Index Cond: ((id >= 2481382) AND (id <= 2482381))

table 2 : explain SELECT DISTINCT c FROM sbtest2 WHERE id BETWEEN 4541701 AND 4542700 ORDER BY c
	Unique  (cost=3884.25..3889.20 rows=990 width=121)
	  ->  Sort  (cost=3884.25..3886.73 rows=990 width=121)
	        Sort Key: c
	        ->  Bitmap Heap Scan on sbtest2  (cost=30.58..3834.99 rows=990 width=121)
	              Recheck Cond: ((id >= 4541701) AND (id <= 4542700))
	              ->  Bitmap Index Scan on sbtest2_pkey  (cost=0.00..30.33 rows=990 width=0)
	                    Index Cond: ((id >= 4541701) AND (id <= 4542700))

table 3 : explain SELECT DISTINCT c FROM sbtest3 WHERE id BETWEEN 7476596 AND 7477595 ORDER BY c
	Unique  (cost=4309.28..4314.78 rows=1101 width=121)
	  ->  Sort  (cost=4309.28..4312.03 rows=1101 width=121)
	        Sort Key: c
	        ->  Bitmap Heap Scan on sbtest3  (cost=31.72..4253.65 rows=1101 width=121)
	              Recheck Cond: ((id >= 7476596) AND (id <= 7477595))
	              ->  Bitmap Index Scan on sbtest3_pkey  (cost=0.00..31.44 rows=1101 width=0)
	                    Index Cond: ((id >= 7476596) AND (id <= 7477595))

table 4 : explain SELECT DISTINCT c FROM sbtest4 WHERE id BETWEEN 3186089 AND 3187088 ORDER BY c
	Unique  (cost=3957.50..3962.55 rows=1009 width=121)
	  ->  Sort  (cost=3957.50..3960.03 rows=1009 width=121)
	        Sort Key: c
	        ->  Bitmap Heap Scan on sbtest4  (cost=30.78..3907.16 rows=1009 width=121)
	              Recheck Cond: ((id >= 3186089) AND (id <= 3187088))
	              ->  Bitmap Index Scan on sbtest4_pkey  (cost=0.00..30.52 rows=1009 width=0)
	                    Index Cond: ((id >= 3186089) AND (id <= 3187088))

table 5 : explain SELECT DISTINCT c FROM sbtest5 WHERE id BETWEEN 2430063 AND 2431062 ORDER BY c
	Unique  (cost=3985.37..3990.44 rows=1015 width=121)
	  ->  Sort  (cost=3985.37..3987.91 rows=1015 width=121)
	        Sort Key: c
	        ->  Bitmap Heap Scan on sbtest5  (cost=30.84..3934.68 rows=1015 width=121)
	              Recheck Cond: ((id >= 2430063) AND (id <= 2431062))
	              ->  Bitmap Index Scan on sbtest5_pkey  (cost=0.00..30.58 rows=1015 width=0)
	                    Index Cond: ((id >= 2430063) AND (id <= 2431062))

table 6 : explain SELECT DISTINCT c FROM sbtest6 WHERE id BETWEEN 3466755 AND 3467754 ORDER BY c
	Unique  (cost=4410.76..4416.40 rows=1127 width=121)
	  ->  Sort  (cost=4410.76..4413.58 rows=1127 width=121)
	        Sort Key: c
	        ->  Bitmap Heap Scan on sbtest6  (cost=31.99..4353.63 rows=1127 width=121)
	              Recheck Cond: ((id >= 3466755) AND (id <= 3467754))
	              ->  Bitmap Index Scan on sbtest6_pkey  (cost=0.00..31.70 rows=1127 width=0)
	                    Index Cond: ((id >= 3466755) AND (id <= 3467754))

table 7 : explain SELECT DISTINCT c FROM sbtest7 WHERE id BETWEEN 1737230 AND 1738229 ORDER BY c
	Unique  (cost=3693.64..3698.33 rows=939 width=121)
	  ->  Sort  (cost=3693.64..3695.99 rows=939 width=121)
	        Sort Key: c
	        ->  Bitmap Heap Scan on sbtest7  (cost=30.06..3647.28 rows=939 width=121)
	              Recheck Cond: ((id >= 1737230) AND (id <= 1738229))
	              ->  Bitmap Index Scan on sbtest7_pkey  (cost=0.00..29.82 rows=939 width=0)
	                    Index Cond: ((id >= 1737230) AND (id <= 1738229))

table 8 : explain SELECT DISTINCT c FROM sbtest8 WHERE id BETWEEN 6135770 AND 6136769 ORDER BY c
	Unique  (cost=3587.46..3592.03 rows=913 width=121)
	  ->  Sort  (cost=3587.46..3589.74 rows=913 width=121)
	        Sort Key: c
	        ->  Bitmap Heap Scan on sbtest8  (cost=25.79..3542.57 rows=913 width=121)
	              Recheck Cond: ((id >= 6135770) AND (id <= 6136769))
	              ->  Bitmap Index Scan on sbtest8_pkey  (cost=0.00..25.57 rows=913 width=0)
	                    Index Cond: ((id >= 6135770) AND (id <= 6136769))

for: order_ranges
table 1 : explain SELECT c FROM sbtest1 WHERE id BETWEEN 1268647 AND 1269646 ORDER BY c
	Sort  (cost=3794.76..3797.18 rows=967 width=121)
	  Sort Key: c
	  ->  Bitmap Heap Scan on sbtest1  (cost=30.35..3746.81 rows=967 width=121)
	        Recheck Cond: ((id >= 1268647) AND (id <= 1269646))
	        ->  Bitmap Index Scan on sbtest1_pkey  (cost=0.00..30.11 rows=967 width=0)
	              Index Cond: ((id >= 1268647) AND (id <= 1269646))

table 2 : explain SELECT c FROM sbtest2 WHERE id BETWEEN 3432909 AND 3433908 ORDER BY c
	Sort  (cost=3638.74..3641.05 rows=927 width=121)
	  Sort Key: c
	  ->  Bitmap Heap Scan on sbtest2  (cost=25.94..3593.05 rows=927 width=121)
	        Recheck Cond: ((id >= 3432909) AND (id <= 3433908))
	        ->  Bitmap Index Scan on sbtest2_pkey  (cost=0.00..25.70 rows=927 width=0)
	              Index Cond: ((id >= 3432909) AND (id <= 3433908))

table 3 : explain SELECT c FROM sbtest3 WHERE id BETWEEN 2094632 AND 2095631 ORDER BY c
	Sort  (cost=3485.60..3487.82 rows=887 width=121)
	  Sort Key: c
	  ->  Bitmap Heap Scan on sbtest3  (cost=25.53..3442.17 rows=887 width=121)
	        Recheck Cond: ((id >= 2094632) AND (id <= 2095631))
	        ->  Bitmap Index Scan on sbtest3_pkey  (cost=0.00..25.30 rows=887 width=0)
	              Index Cond: ((id >= 2094632) AND (id <= 2095631))

table 4 : explain SELECT c FROM sbtest4 WHERE id BETWEEN 356759 AND 357758 ORDER BY c
	Sort  (cost=4125.83..4128.46 rows=1053 width=121)
	  Sort Key: c
	  ->  Bitmap Heap Scan on sbtest4  (cost=31.23..4072.97 rows=1053 width=121)
	        Recheck Cond: ((id >= 356759) AND (id <= 357758))
	        ->  Bitmap Index Scan on sbtest4_pkey  (cost=0.00..30.96 rows=1053 width=0)
	              Index Cond: ((id >= 356759) AND (id <= 357758))

table 5 : explain SELECT c FROM sbtest5 WHERE id BETWEEN 804550 AND 805549 ORDER BY c
	Sort  (cost=3566.68..3568.95 rows=906 width=121)
	  Sort Key: c
	  ->  Bitmap Heap Scan on sbtest5  (cost=29.72..3522.18 rows=906 width=121)
	        Recheck Cond: ((id >= 804550) AND (id <= 805549))
	        ->  Bitmap Index Scan on sbtest5_pkey  (cost=0.00..29.50 rows=906 width=0)
	              Index Cond: ((id >= 804550) AND (id <= 805549))

table 6 : explain SELECT c FROM sbtest6 WHERE id BETWEEN 289540 AND 290539 ORDER BY c
	Sort  (cost=3679.49..3681.83 rows=936 width=121)
	  Sort Key: c
	  ->  Bitmap Heap Scan on sbtest6  (cost=30.03..3633.30 rows=936 width=121)
	        Recheck Cond: ((id >= 289540) AND (id <= 290539))
	        ->  Bitmap Index Scan on sbtest6_pkey  (cost=0.00..29.79 rows=936 width=0)
	              Index Cond: ((id >= 289540) AND (id <= 290539))

table 7 : explain SELECT c FROM sbtest7 WHERE id BETWEEN 7931137 AND 7932136 ORDER BY c
	Sort  (cost=3728.23..3730.60 rows=948 width=121)
	  Sort Key: c
	  ->  Bitmap Heap Scan on sbtest7  (cost=30.15..3681.36 rows=948 width=121)
	        Recheck Cond: ((id >= 7931137) AND (id <= 7932136))
	        ->  Bitmap Index Scan on sbtest7_pkey  (cost=0.00..29.91 rows=948 width=0)
	              Index Cond: ((id >= 7931137) AND (id <= 7932136))

table 8 : explain SELECT c FROM sbtest8 WHERE id BETWEEN 8277498 AND 8278497 ORDER BY c
	Sort  (cost=4070.93..4073.53 rows=1038 width=121)
	  Sort Key: c
	  ->  Bitmap Heap Scan on sbtest8  (cost=31.07..4018.93 rows=1038 width=121)
	        Recheck Cond: ((id >= 8277498) AND (id <= 8278497))
	        ->  Bitmap Index Scan on sbtest8_pkey  (cost=0.00..30.82 rows=1038 width=0)
	              Index Cond: ((id >= 8277498) AND (id <= 8278497))

explain: for point_selects :: explain SELECT c FROM sbtest%u WHERE id=%u
for: sum_ranges
table 1 : explain SELECT SUM(k) FROM sbtest1 WHERE id BETWEEN 2096787 AND 2097786
	Aggregate  (cost=4058.44..4058.45 rows=1 width=8)
	  ->  Bitmap Heap Scan on sbtest1  (cost=31.19..4055.82 rows=1049 width=4)
	        Recheck Cond: ((id >= 2096787) AND (id <= 2097786))
	        ->  Bitmap Index Scan on sbtest1_pkey  (cost=0.00..30.93 rows=1049 width=0)
	              Index Cond: ((id >= 2096787) AND (id <= 2097786))

table 2 : explain SELECT SUM(k) FROM sbtest2 WHERE id BETWEEN 5461076 AND 5462075
	Aggregate  (cost=3531.03..3531.04 rows=1 width=8)
	  ->  Bitmap Heap Scan on sbtest2  (cost=25.76..3528.75 rows=910 width=4)
	        Recheck Cond: ((id >= 5461076) AND (id <= 5462075))
	        ->  Bitmap Index Scan on sbtest2_pkey  (cost=0.00..25.54 rows=910 width=0)
	              Index Cond: ((id >= 5461076) AND (id <= 5462075))

table 3 : explain SELECT SUM(k) FROM sbtest3 WHERE id BETWEEN 2598099 AND 2599098
	Aggregate  (cost=3868.22..3868.23 rows=1 width=8)
	  ->  Bitmap Heap Scan on sbtest3  (cost=30.66..3865.73 rows=998 width=4)
	        Recheck Cond: ((id >= 2598099) AND (id <= 2599098))
	        ->  Bitmap Index Scan on sbtest3_pkey  (cost=0.00..30.41 rows=998 width=0)
	              Index Cond: ((id >= 2598099) AND (id <= 2599098))

table 4 : explain SELECT SUM(k) FROM sbtest4 WHERE id BETWEEN 3701591 AND 3702590
	Aggregate  (cost=4007.76..4007.77 rows=1 width=8)
	  ->  Bitmap Heap Scan on sbtest4  (cost=31.04..4005.17 rows=1035 width=4)
	        Recheck Cond: ((id >= 3701591) AND (id <= 3702590))
	        ->  Bitmap Index Scan on sbtest4_pkey  (cost=0.00..30.79 rows=1035 width=0)
	              Index Cond: ((id >= 3701591) AND (id <= 3702590))

table 5 : explain SELECT SUM(k) FROM sbtest5 WHERE id BETWEEN 7604613 AND 7605612
	Aggregate  (cost=3664.73..3664.74 rows=1 width=8)
	  ->  Bitmap Heap Scan on sbtest5  (cost=30.10..3662.37 rows=943 width=4)
	        Recheck Cond: ((id >= 7604613) AND (id <= 7605612))
	        ->  Bitmap Index Scan on sbtest5_pkey  (cost=0.00..29.86 rows=943 width=0)
	              Index Cond: ((id >= 7604613) AND (id <= 7605612))

table 6 : explain SELECT SUM(k) FROM sbtest6 WHERE id BETWEEN 7518506 AND 7519505
	Aggregate  (cost=3673.49..3673.50 rows=1 width=8)
	  ->  Bitmap Heap Scan on sbtest6  (cost=30.13..3671.12 rows=946 width=4)
	        Recheck Cond: ((id >= 7518506) AND (id <= 7519505))
	        ->  Bitmap Index Scan on sbtest6_pkey  (cost=0.00..29.89 rows=946 width=0)
	              Index Cond: ((id >= 7518506) AND (id <= 7519505))

table 7 : explain SELECT SUM(k) FROM sbtest7 WHERE id BETWEEN 7201966 AND 7202965
	Aggregate  (cost=3899.47..3899.48 rows=1 width=8)
	  ->  Bitmap Heap Scan on sbtest7  (cost=30.74..3896.96 rows=1005 width=4)
	        Recheck Cond: ((id >= 7201966) AND (id <= 7202965))
	        ->  Bitmap Index Scan on sbtest7_pkey  (cost=0.00..30.48 rows=1005 width=0)
	              Index Cond: ((id >= 7201966) AND (id <= 7202965))

table 8 : explain SELECT SUM(k) FROM sbtest8 WHERE id BETWEEN 2714940 AND 2715939
	Aggregate  (cost=3870.48..3870.49 rows=1 width=8)
	  ->  Bitmap Heap Scan on sbtest8  (cost=30.66..3867.99 rows=998 width=4)
	        Recheck Cond: ((id >= 2714940) AND (id <= 2715939))
	        ->  Bitmap Index Scan on sbtest8_pkey  (cost=0.00..30.41 rows=998 width=0)
	              Index Cond: ((id >= 2714940) AND (id <= 2715939))

for: distinct_ranges
table 1 : explain SELECT DISTINCT c FROM sbtest1 WHERE id BETWEEN 8795111 AND 8796110 ORDER BY c
	Unique  (cost=3936.41..3941.43 rows=1004 width=121)
	  ->  Sort  (cost=3936.41..3938.92 rows=1004 width=121)
	        Sort Key: c
	        ->  Bitmap Heap Scan on sbtest1  (cost=30.73..3886.35 rows=1004 width=121)
	              Recheck Cond: ((id >= 8795111) AND (id <= 8796110))
	              ->  Bitmap Index Scan on sbtest1_pkey  (cost=0.00..30.47 rows=1004 width=0)
	                    Index Cond: ((id >= 8795111) AND (id <= 8796110))

table 2 : explain SELECT DISTINCT c FROM sbtest2 WHERE id BETWEEN 6961993 AND 6962992 ORDER BY c
	Unique  (cost=3769.30..3774.10 rows=960 width=121)
	  ->  Sort  (cost=3769.30..3771.70 rows=960 width=121)
	        Sort Key: c
	        ->  Bitmap Heap Scan on sbtest2  (cost=30.27..3721.75 rows=960 width=121)
	              Recheck Cond: ((id >= 6961993) AND (id <= 6962992))
	              ->  Bitmap Index Scan on sbtest2_pkey  (cost=0.00..30.04 rows=960 width=0)
	                    Index Cond: ((id >= 6961993) AND (id <= 6962992))

table 3 : explain SELECT DISTINCT c FROM sbtest3 WHERE id BETWEEN 4579306 AND 4580305 ORDER BY c
	Unique  (cost=3716.14..3720.87 rows=946 width=121)
	  ->  Sort  (cost=3716.14..3718.50 rows=946 width=121)
	        Sort Key: c
	        ->  Bitmap Heap Scan on sbtest3  (cost=30.13..3669.38 rows=946 width=121)
	              Recheck Cond: ((id >= 4579306) AND (id <= 4580305))
	              ->  Bitmap Index Scan on sbtest3_pkey  (cost=0.00..29.89 rows=946 width=0)
	                    Index Cond: ((id >= 4579306) AND (id <= 4580305))

table 4 : explain SELECT DISTINCT c FROM sbtest4 WHERE id BETWEEN 7317621 AND 7318620 ORDER BY c
	Unique  (cost=4137.30..4142.58 rows=1056 width=121)
	  ->  Sort  (cost=4137.30..4139.94 rows=1056 width=121)
	        Sort Key: c
	        ->  Bitmap Heap Scan on sbtest4  (cost=31.26..4084.27 rows=1056 width=121)
	              Recheck Cond: ((id >= 7317621) AND (id <= 7318620))
	              ->  Bitmap Index Scan on sbtest4_pkey  (cost=0.00..31.00 rows=1056 width=0)
	                    Index Cond: ((id >= 7317621) AND (id <= 7318620))

table 5 : explain SELECT DISTINCT c FROM sbtest5 WHERE id BETWEEN 4176148 AND 4177147 ORDER BY c
	Unique  (cost=4215.25..4220.63 rows=1075 width=121)
	  ->  Sort  (cost=4215.25..4217.94 rows=1075 width=121)
	        Sort Key: c
	        ->  Bitmap Heap Scan on sbtest5  (cost=31.45..4161.12 rows=1075 width=121)
	              Recheck Cond: ((id >= 4176148) AND (id <= 4177147))
	              ->  Bitmap Index Scan on sbtest5_pkey  (cost=0.00..31.18 rows=1075 width=0)
	                    Index Cond: ((id >= 4176148) AND (id <= 4177147))

table 6 : explain SELECT DISTINCT c FROM sbtest6 WHERE id BETWEEN 3957986 AND 3958985 ORDER BY c
	Unique  (cost=3932.66..3937.67 rows=1002 width=121)
	  ->  Sort  (cost=3932.66..3935.17 rows=1002 width=121)
	        Sort Key: c
	        ->  Bitmap Heap Scan on sbtest6  (cost=30.71..3882.72 rows=1002 width=121)
	              Recheck Cond: ((id >= 3957986) AND (id <= 3958985))
	              ->  Bitmap Index Scan on sbtest6_pkey  (cost=0.00..30.45 rows=1002 width=0)
	                    Index Cond: ((id >= 3957986) AND (id <= 3958985))

table 7 : explain SELECT DISTINCT c FROM sbtest7 WHERE id BETWEEN 1375556 AND 1376555 ORDER BY c
	Unique  (cost=3578.27..3582.82 rows=909 width=121)
	  ->  Sort  (cost=3578.27..3580.54 rows=909 width=121)
	        Sort Key: c
	        ->  Bitmap Heap Scan on sbtest7  (cost=29.75..3533.60 rows=909 width=121)
	              Recheck Cond: ((id >= 1375556) AND (id <= 1376555))
	              ->  Bitmap Index Scan on sbtest7_pkey  (cost=0.00..29.52 rows=909 width=0)
	                    Index Cond: ((id >= 1375556) AND (id <= 1376555))

table 8 : explain SELECT DISTINCT c FROM sbtest8 WHERE id BETWEEN 9378028 AND 9379027 ORDER BY c
	Unique  (cost=4204.85..4210.22 rows=1073 width=121)
	  ->  Sort  (cost=4204.85..4207.54 rows=1073 width=121)
	        Sort Key: c
	        ->  Bitmap Heap Scan on sbtest8  (cost=31.43..4150.84 rows=1073 width=121)
	              Recheck Cond: ((id >= 9378028) AND (id <= 9379027))
	              ->  Bitmap Index Scan on sbtest8_pkey  (cost=0.00..31.16 rows=1073 width=0)
	                    Index Cond: ((id >= 9378028) AND (id <= 9379027))

explain: for point_selects :: explain SELECT c FROM sbtest%u WHERE id=%u
for: distinct_ranges
table 1 : explain SELECT DISTINCT c FROM sbtest1 WHERE id BETWEEN 7870267 AND 7871266 ORDER BY c
	Unique  (cost=4016.72..4021.85 rows=1025 width=121)
	  ->  Sort  (cost=4016.72..4019.29 rows=1025 width=121)
	        Sort Key: c
	        ->  Bitmap Heap Scan on sbtest1  (cost=30.94..3965.47 rows=1025 width=121)
	              Recheck Cond: ((id >= 7870267) AND (id <= 7871266))
	              ->  Bitmap Index Scan on sbtest1_pkey  (cost=0.00..30.68 rows=1025 width=0)
	                    Index Cond: ((id >= 7870267) AND (id <= 7871266))

table 2 : explain SELECT DISTINCT c FROM sbtest2 WHERE id BETWEEN 6200765 AND 6201764 ORDER BY c
	Unique  (cost=3895.74..3900.71 rows=993 width=121)
	  ->  Sort  (cost=3895.74..3898.22 rows=993 width=121)
	        Sort Key: c
	        ->  Bitmap Heap Scan on sbtest2  (cost=30.61..3846.31 rows=993 width=121)
	              Recheck Cond: ((id >= 6200765) AND (id <= 6201764))
	              ->  Bitmap Index Scan on sbtest2_pkey  (cost=0.00..30.36 rows=993 width=0)
	                    Index Cond: ((id >= 6200765) AND (id <= 6201764))

table 3 : explain SELECT DISTINCT c FROM sbtest3 WHERE id BETWEEN 3580186 AND 3581185 ORDER BY c
	Unique  (cost=3980.53..3985.61 rows=1015 width=121)
	  ->  Sort  (cost=3980.53..3983.07 rows=1015 width=121)
	        Sort Key: c
	        ->  Bitmap Heap Scan on sbtest3  (cost=30.84..3929.85 rows=1015 width=121)
	              Recheck Cond: ((id >= 3580186) AND (id <= 3581185))
	              ->  Bitmap Index Scan on sbtest3_pkey  (cost=0.00..30.58 rows=1015 width=0)
	                    Index Cond: ((id >= 3580186) AND (id <= 3581185))

table 4 : explain SELECT DISTINCT c FROM sbtest4 WHERE id BETWEEN 2883440 AND 2884439 ORDER BY c
	Unique  (cost=4022.57..4027.70 rows=1026 width=121)
	  ->  Sort  (cost=4022.57..4025.13 rows=1026 width=121)
	        Sort Key: c
	        ->  Bitmap Heap Scan on sbtest4  (cost=30.95..3971.25 rows=1026 width=121)
	              Recheck Cond: ((id >= 2883440) AND (id <= 2884439))
	              ->  Bitmap Index Scan on sbtest4_pkey  (cost=0.00..30.69 rows=1026 width=0)
	                    Index Cond: ((id >= 2883440) AND (id <= 2884439))

table 5 : explain SELECT DISTINCT c FROM sbtest5 WHERE id BETWEEN 4879839 AND 4880838 ORDER BY c
	Unique  (cost=3751.23..3756.00 rows=954 width=121)
	  ->  Sort  (cost=3751.23..3753.62 rows=954 width=121)
	        Sort Key: c
	        ->  Bitmap Heap Scan on sbtest5  (cost=30.21..3704.02 rows=954 width=121)
	              Recheck Cond: ((id >= 4879839) AND (id <= 4880838))
	              ->  Bitmap Index Scan on sbtest5_pkey  (cost=0.00..29.97 rows=954 width=0)
	                    Index Cond: ((id >= 4879839) AND (id <= 4880838))

table 6 : explain SELECT DISTINCT c FROM sbtest6 WHERE id BETWEEN 9353385 AND 9354384 ORDER BY c
	Unique  (cost=3856.00..3860.91 rows=982 width=121)
	  ->  Sort  (cost=3856.00..3858.45 rows=982 width=121)
	        Sort Key: c
	        ->  Bitmap Heap Scan on sbtest6  (cost=30.50..3807.20 rows=982 width=121)
	              Recheck Cond: ((id >= 9353385) AND (id <= 9354384))
	              ->  Bitmap Index Scan on sbtest6_pkey  (cost=0.00..30.25 rows=982 width=0)
	                    Index Cond: ((id >= 9353385) AND (id <= 9354384))

table 7 : explain SELECT DISTINCT c FROM sbtest7 WHERE id BETWEEN 5939394 AND 5940393 ORDER BY c
	Unique  (cost=4184.69..4190.02 rows=1067 width=121)
	  ->  Sort  (cost=4184.69..4187.35 rows=1067 width=121)
	        Sort Key: c
	        ->  Bitmap Heap Scan on sbtest7  (cost=31.37..4131.02 rows=1067 width=121)
	              Recheck Cond: ((id >= 5939394) AND (id <= 5940393))
	              ->  Bitmap Index Scan on sbtest7_pkey  (cost=0.00..31.11 rows=1067 width=0)
	                    Index Cond: ((id >= 5939394) AND (id <= 5940393))

table 8 : explain SELECT DISTINCT c FROM sbtest8 WHERE id BETWEEN 3236067 AND 3237066 ORDER BY c
	Unique  (cost=3959.86..3964.90 rows=1009 width=121)
	  ->  Sort  (cost=3959.86..3962.38 rows=1009 width=121)
	        Sort Key: c
	        ->  Bitmap Heap Scan on sbtest8  (cost=30.78..3909.52 rows=1009 width=121)
	              Recheck Cond: ((id >= 3236067) AND (id <= 3237066))
	              ->  Bitmap Index Scan on sbtest8_pkey  (cost=0.00..30.52 rows=1009 width=0)
	                    Index Cond: ((id >= 3236067) AND (id <= 3237066))

for: sum_ranges
table 1 : explain SELECT SUM(k) FROM sbtest1 WHERE id BETWEEN 6846343 AND 6847342
	Aggregate  (cost=3847.37..3847.38 rows=1 width=8)
	  ->  Bitmap Heap Scan on sbtest1  (cost=30.61..3844.88 rows=993 width=4)
	        Recheck Cond: ((id >= 6846343) AND (id <= 6847342))
	        ->  Bitmap Index Scan on sbtest1_pkey  (cost=0.00..30.36 rows=993 width=0)
	              Index Cond: ((id >= 6846343) AND (id <= 6847342))

table 2 : explain SELECT SUM(k) FROM sbtest2 WHERE id BETWEEN 9885614 AND 9886613
	Aggregate  (cost=3731.71..3731.72 rows=1 width=8)
	  ->  Bitmap Heap Scan on sbtest2  (cost=30.30..3729.30 rows=962 width=4)
	        Recheck Cond: ((id >= 9885614) AND (id <= 9886613))
	        ->  Bitmap Index Scan on sbtest2_pkey  (cost=0.00..30.05 rows=962 width=0)
	              Index Cond: ((id >= 9885614) AND (id <= 9886613))

table 3 : explain SELECT SUM(k) FROM sbtest3 WHERE id BETWEEN 2721999 AND 2722998
	Aggregate  (cost=4241.35..4241.36 rows=1 width=8)
	  ->  Bitmap Heap Scan on sbtest3  (cost=31.68..4238.61 rows=1097 width=4)
	        Recheck Cond: ((id >= 2721999) AND (id <= 2722998))
	        ->  Bitmap Index Scan on sbtest3_pkey  (cost=0.00..31.40 rows=1097 width=0)
	              Index Cond: ((id >= 2721999) AND (id <= 2722998))

table 4 : explain SELECT SUM(k) FROM sbtest4 WHERE id BETWEEN 326212 AND 327211
	Aggregate  (cost=4075.60..4075.61 rows=1 width=8)
	  ->  Bitmap Heap Scan on sbtest4  (cost=31.23..4072.97 rows=1053 width=4)
	        Recheck Cond: ((id >= 326212) AND (id <= 327211))
	        ->  Bitmap Index Scan on sbtest4_pkey  (cost=0.00..30.96 rows=1053 width=0)
	              Index Cond: ((id >= 326212) AND (id <= 327211))

table 5 : explain SELECT SUM(k) FROM sbtest5 WHERE id BETWEEN 5080662 AND 5081661
	Aggregate  (cost=3440.75..3440.76 rows=1 width=8)
	  ->  Bitmap Heap Scan on sbtest5  (cost=25.51..3438.53 rows=885 width=4)
	        Recheck Cond: ((id >= 5080662) AND (id <= 5081661))
	        ->  Bitmap Index Scan on sbtest5_pkey  (cost=0.00..25.29 rows=885 width=0)
	              Index Cond: ((id >= 5080662) AND (id <= 5081661))

table 6 : explain SELECT SUM(k) FROM sbtest6 WHERE id BETWEEN 7548787 AND 7549786
	Aggregate  (cost=3654.56..3654.57 rows=1 width=8)
	  ->  Bitmap Heap Scan on sbtest6  (cost=30.08..3652.21 rows=941 width=4)
	        Recheck Cond: ((id >= 7548787) AND (id <= 7549786))
	        ->  Bitmap Index Scan on sbtest6_pkey  (cost=0.00..29.84 rows=941 width=0)
	              Index Cond: ((id >= 7548787) AND (id <= 7549786))

table 7 : explain SELECT SUM(k) FROM sbtest7 WHERE id BETWEEN 2626245 AND 2627244
	Aggregate  (cost=4333.77..4333.78 rows=1 width=8)
	  ->  Bitmap Heap Scan on sbtest7  (cost=35.90..4330.98 rows=1119 width=4)
	        Recheck Cond: ((id >= 2626245) AND (id <= 2627244))
	        ->  Bitmap Index Scan on sbtest7_pkey  (cost=0.00..35.62 rows=1119 width=0)
	              Index Cond: ((id >= 2626245) AND (id <= 2627244))

table 8 : explain SELECT SUM(k) FROM sbtest8 WHERE id BETWEEN 7506703 AND 7507702
	Aggregate  (cost=3821.35..3821.36 rows=1 width=8)
	  ->  Bitmap Heap Scan on sbtest8  (cost=30.53..3818.89 rows=985 width=4)
	        Recheck Cond: ((id >= 7506703) AND (id <= 7507702))
	        ->  Bitmap Index Scan on sbtest8_pkey  (cost=0.00..30.29 rows=985 width=0)
	              Index Cond: ((id >= 7506703) AND (id <= 7507702))

for: simple_ranges
table 1 : explain SELECT c FROM sbtest1 WHERE id BETWEEN 5457403 AND 5458402
	Bitmap Heap Scan on sbtest1  (cost=31.67..4232.55 rows=1096 width=121)
	  Recheck Cond: ((id >= 5457403) AND (id <= 5458402))
	  ->  Bitmap Index Scan on sbtest1_pkey  (cost=0.00..31.39 rows=1096 width=0)
	        Index Cond: ((id >= 5457403) AND (id <= 5458402))

table 2 : explain SELECT c FROM sbtest2 WHERE id BETWEEN 4792711 AND 4793710
	Bitmap Heap Scan on sbtest2  (cost=30.47..3793.49 rows=979 width=121)
	  Recheck Cond: ((id >= 4792711) AND (id <= 4793710))
	  ->  Bitmap Index Scan on sbtest2_pkey  (cost=0.00..30.22 rows=979 width=0)
	        Index Cond: ((id >= 4792711) AND (id <= 4793710))

table 3 : explain SELECT c FROM sbtest3 WHERE id BETWEEN 951384 AND 952383
	Bitmap Heap Scan on sbtest3  (cost=25.98..3608.68 rows=931 width=121)
	  Recheck Cond: ((id >= 951384) AND (id <= 952383))
	  ->  Bitmap Index Scan on sbtest3_pkey  (cost=0.00..25.75 rows=931 width=0)
	        Index Cond: ((id >= 951384) AND (id <= 952383))

table 4 : explain SELECT c FROM sbtest4 WHERE id BETWEEN 2405101 AND 2406100
	Bitmap Heap Scan on sbtest4  (cost=30.32..3737.33 rows=964 width=121)
	  Recheck Cond: ((id >= 2405101) AND (id <= 2406100))
	  ->  Bitmap Index Scan on sbtest4_pkey  (cost=0.00..30.07 rows=964 width=0)
	        Index Cond: ((id >= 2405101) AND (id <= 2406100))

table 5 : explain SELECT c FROM sbtest5 WHERE id BETWEEN 4384685 AND 4385684
	Bitmap Heap Scan on sbtest5  (cost=31.23..4078.15 rows=1053 width=121)
	  Recheck Cond: ((id >= 4384685) AND (id <= 4385684))
	  ->  Bitmap Index Scan on sbtest5_pkey  (cost=0.00..30.96 rows=1053 width=0)
	        Index Cond: ((id >= 4384685) AND (id <= 4385684))

table 6 : explain SELECT c FROM sbtest6 WHERE id BETWEEN 2019370 AND 2020369
	Bitmap Heap Scan on sbtest6  (cost=30.90..3954.42 rows=1021 width=121)
	  Recheck Cond: ((id >= 2019370) AND (id <= 2020369))
	  ->  Bitmap Index Scan on sbtest6_pkey  (cost=0.00..30.64 rows=1021 width=0)
	        Index Cond: ((id >= 2019370) AND (id <= 2020369))

table 7 : explain SELECT c FROM sbtest7 WHERE id BETWEEN 4200033 AND 4201032
	Bitmap Heap Scan on sbtest7  (cost=29.87..3575.30 rows=920 width=121)
	  Recheck Cond: ((id >= 4200033) AND (id <= 4201032))
	  ->  Bitmap Index Scan on sbtest7_pkey  (cost=0.00..29.64 rows=920 width=0)
	        Index Cond: ((id >= 4200033) AND (id <= 4201032))

table 8 : explain SELECT c FROM sbtest8 WHERE id BETWEEN 1671807 AND 1672806
	Bitmap Heap Scan on sbtest8  (cost=30.79..3913.29 rows=1010 width=121)
	  Recheck Cond: ((id >= 1671807) AND (id <= 1672806))
	  ->  Bitmap Index Scan on sbtest8_pkey  (cost=0.00..30.54 rows=1010 width=0)
	        Index Cond: ((id >= 1671807) AND (id <= 1672806))

for: order_ranges
table 1 : explain SELECT c FROM sbtest1 WHERE id BETWEEN 486188 AND 487187 ORDER BY c
	Sort  (cost=3752.62..3755.01 rows=956 width=121)
	  Sort Key: c
	  ->  Bitmap Heap Scan on sbtest1  (cost=30.23..3705.30 rows=956 width=121)
	        Recheck Cond: ((id >= 486188) AND (id <= 487187))
	        ->  Bitmap Index Scan on sbtest1_pkey  (cost=0.00..30.00 rows=956 width=0)
	              Index Cond: ((id >= 486188) AND (id <= 487187))

table 2 : explain SELECT c FROM sbtest2 WHERE id BETWEEN 4997877 AND 4998876 ORDER BY c
	Sort  (cost=4220.81..4223.51 rows=1078 width=121)
	  Sort Key: c
	  ->  Bitmap Heap Scan on sbtest2  (cost=31.48..4166.51 rows=1078 width=121)
	        Recheck Cond: ((id >= 4997877) AND (id <= 4998876))
	        ->  Bitmap Index Scan on sbtest2_pkey  (cost=0.00..31.21 rows=1078 width=0)
	              Index Cond: ((id >= 4997877) AND (id <= 4998876))

table 3 : explain SELECT c FROM sbtest3 WHERE id BETWEEN 4465599 AND 4466598 ORDER BY c
	Sort  (cost=3896.29..3898.78 rows=993 width=121)
	  Sort Key: c
	  ->  Bitmap Heap Scan on sbtest3  (cost=30.61..3846.87 rows=993 width=121)
	        Recheck Cond: ((id >= 4465599) AND (id <= 4466598))
	        ->  Bitmap Index Scan on sbtest3_pkey  (cost=0.00..30.36 rows=993 width=0)
	              Index Cond: ((id >= 4465599) AND (id <= 4466598))

table 4 : explain SELECT c FROM sbtest4 WHERE id BETWEEN 1674203 AND 1675202 ORDER BY c
	Sort  (cost=3926.87..3929.38 rows=1001 width=121)
	  Sort Key: c
	  ->  Bitmap Heap Scan on sbtest4  (cost=30.70..3876.99 rows=1001 width=121)
	        Recheck Cond: ((id >= 1674203) AND (id <= 1675202))
	        ->  Bitmap Index Scan on sbtest4_pkey  (cost=0.00..30.44 rows=1001 width=0)
	              Index Cond: ((id >= 1674203) AND (id <= 1675202))

table 5 : explain SELECT c FROM sbtest5 WHERE id BETWEEN 1299405 AND 1300404 ORDER BY c
	Sort  (cost=4058.21..4060.79 rows=1034 width=121)
	  Sort Key: c
	  ->  Bitmap Heap Scan on sbtest5  (cost=31.03..4006.44 rows=1034 width=121)
	        Recheck Cond: ((id >= 1299405) AND (id <= 1300404))
	        ->  Bitmap Index Scan on sbtest5_pkey  (cost=0.00..30.77 rows=1034 width=0)
	              Index Cond: ((id >= 1299405) AND (id <= 1300404))

table 6 : explain SELECT c FROM sbtest6 WHERE id BETWEEN 9359249 AND 9360248 ORDER BY c
	Sort  (cost=3856.00..3858.45 rows=982 width=121)
	  Sort Key: c
	  ->  Bitmap Heap Scan on sbtest6  (cost=30.50..3807.20 rows=982 width=121)
	        Recheck Cond: ((id >= 9359249) AND (id <= 9360248))
	        ->  Bitmap Index Scan on sbtest6_pkey  (cost=0.00..30.25 rows=982 width=0)
	              Index Cond: ((id >= 9359249) AND (id <= 9360248))

table 7 : explain SELECT c FROM sbtest7 WHERE id BETWEEN 9637531 AND 9638530 ORDER BY c
	Sort  (cost=4200.00..4202.68 rows=1071 width=121)
	  Sort Key: c
	  ->  Bitmap Heap Scan on sbtest7  (cost=31.41..4146.10 rows=1071 width=121)
	        Recheck Cond: ((id >= 9637531) AND (id <= 9638530))
	        ->  Bitmap Index Scan on sbtest7_pkey  (cost=0.00..31.14 rows=1071 width=0)
	              Index Cond: ((id >= 9637531) AND (id <= 9638530))

table 8 : explain SELECT c FROM sbtest8 WHERE id BETWEEN 9372169 AND 9373168 ORDER BY c
	Sort  (cost=4204.85..4207.54 rows=1073 width=121)
	  Sort Key: c
	  ->  Bitmap Heap Scan on sbtest8  (cost=31.43..4150.84 rows=1073 width=121)
	        Recheck Cond: ((id >= 9372169) AND (id <= 9373168))
	        ->  Bitmap Index Scan on sbtest8_pkey  (cost=0.00..31.16 rows=1073 width=0)
	              Index Cond: ((id >= 9372169) AND (id <= 9373168))

explain: for point_selects :: explain SELECT c FROM sbtest%u WHERE id=%u
for point_selects
table 1 : explain SELECT c FROM sbtest1 WHERE id=4629560
	Index Scan using sbtest1_pkey on sbtest1  (cost=0.43..8.45 rows=1 width=121)
	  Index Cond: (id = 4629560)

table 2 : explain SELECT c FROM sbtest2 WHERE id=738832
	Index Scan using sbtest2_pkey on sbtest2  (cost=0.43..8.45 rows=1 width=121)
	  Index Cond: (id = 738832)

table 3 : explain SELECT c FROM sbtest3 WHERE id=8718990
	Index Scan using sbtest3_pkey on sbtest3  (cost=0.43..8.45 rows=1 width=121)
	  Index Cond: (id = 8718990)

table 4 : explain SELECT c FROM sbtest4 WHERE id=2791622
	Index Scan using sbtest4_pkey on sbtest4  (cost=0.43..8.45 rows=1 width=121)
	  Index Cond: (id = 2791622)

table 5 : explain SELECT c FROM sbtest5 WHERE id=4107521
	Index Scan using sbtest5_pkey on sbtest5  (cost=0.43..8.45 rows=1 width=121)
	  Index Cond: (id = 4107521)

table 6 : explain SELECT c FROM sbtest6 WHERE id=9255442
	Index Scan using sbtest6_pkey on sbtest6  (cost=0.43..8.45 rows=1 width=121)
	  Index Cond: (id = 9255442)

table 7 : explain SELECT c FROM sbtest7 WHERE id=2276874
	Index Scan using sbtest7_pkey on sbtest7  (cost=0.43..8.45 rows=1 width=121)
	  Index Cond: (id = 2276874)

table 8 : explain SELECT c FROM sbtest8 WHERE id=786308
	Index Scan using sbtest8_pkey on sbtest8  (cost=0.43..8.45 rows=1 width=121)
	  Index Cond: (id = 786308)

for: distinct_ranges
table 1 : explain SELECT DISTINCT c FROM sbtest1 WHERE id BETWEEN 2481971 AND 2482970 ORDER BY c
	Unique  (cost=3767.95..3772.75 rows=960 width=121)
	  ->  Sort  (cost=3767.95..3770.35 rows=960 width=121)
	        Sort Key: c
	        ->  Bitmap Heap Scan on sbtest1  (cost=30.27..3720.39 rows=960 width=121)
	              Recheck Cond: ((id >= 2481971) AND (id <= 2482970))
	              ->  Bitmap Index Scan on sbtest1_pkey  (cost=0.00..30.04 rows=960 width=0)
	                    Index Cond: ((id >= 2481971) AND (id <= 2482970))

table 2 : explain SELECT DISTINCT c FROM sbtest2 WHERE id BETWEEN 5460763 AND 5461762 ORDER BY c
	Unique  (cost=3573.48..3578.03 rows=910 width=121)
	  ->  Sort  (cost=3573.48..3575.75 rows=910 width=121)
	        Sort Key: c
	        ->  Bitmap Heap Scan on sbtest2  (cost=25.76..3528.75 rows=910 width=121)
	              Recheck Cond: ((id >= 5460763) AND (id <= 5461762))
	              ->  Bitmap Index Scan on sbtest2_pkey  (cost=0.00..25.54 rows=910 width=0)
	                    Index Cond: ((id >= 5460763) AND (id <= 5461762))

table 3 : explain SELECT DISTINCT c FROM sbtest3 WHERE id BETWEEN 2862973 AND 2863972 ORDER BY c
	Unique  (cost=3750.66..3755.43 rows=955 width=121)
	  ->  Sort  (cost=3750.66..3753.05 rows=955 width=121)
	        Sort Key: c
	        ->  Bitmap Heap Scan on sbtest3  (cost=30.22..3703.39 rows=955 width=121)
	              Recheck Cond: ((id >= 2862973) AND (id <= 2863972))
	              ->  Bitmap Index Scan on sbtest3_pkey  (cost=0.00..29.98 rows=955 width=0)
	                    Index Cond: ((id >= 2862973) AND (id <= 2863972))

table 4 : explain SELECT DISTINCT c FROM sbtest4 WHERE id BETWEEN 6547420 AND 6548419 ORDER BY c
	Unique  (cost=4488.59..4494.34 rows=1149 width=121)
	  ->  Sort  (cost=4488.59..4491.46 rows=1149 width=121)
	        Sort Key: c
	        ->  Bitmap Heap Scan on sbtest4  (cost=32.21..4430.19 rows=1149 width=121)
	              Recheck Cond: ((id >= 6547420) AND (id <= 6548419))
	              ->  Bitmap Index Scan on sbtest4_pkey  (cost=0.00..31.93 rows=1149 width=0)
	                    Index Cond: ((id >= 6547420) AND (id <= 6548419))

table 5 : explain SELECT DISTINCT c FROM sbtest5 WHERE id BETWEEN 374052 AND 375051 ORDER BY c
	Unique  (cost=3504.95..3509.41 rows=891 width=121)
	  ->  Sort  (cost=3504.95..3507.18 rows=891 width=121)
	        Sort Key: c
	        ->  Bitmap Heap Scan on sbtest5  (cost=25.57..3461.30 rows=891 width=121)
	              Recheck Cond: ((id >= 374052) AND (id <= 375051))
	              ->  Bitmap Index Scan on sbtest5_pkey  (cost=0.00..25.34 rows=891 width=0)
	                    Index Cond: ((id >= 374052) AND (id <= 375051))

table 6 : explain SELECT DISTINCT c FROM sbtest6 WHERE id BETWEEN 4610218 AND 4611217 ORDER BY c
	Unique  (cost=3775.45..3780.25 rows=961 width=121)
	  ->  Sort  (cost=3775.45..3777.85 rows=961 width=121)
	        Sort Key: c
	        ->  Bitmap Heap Scan on sbtest6  (cost=30.29..3727.84 rows=961 width=121)
	              Recheck Cond: ((id >= 4610218) AND (id <= 4611217))
	              ->  Bitmap Index Scan on sbtest6_pkey  (cost=0.00..30.04 rows=961 width=0)
	                    Index Cond: ((id >= 4610218) AND (id <= 4611217))

table 7 : explain SELECT DISTINCT c FROM sbtest7 WHERE id BETWEEN 7466124 AND 7467123 ORDER BY c
	Unique  (cost=3966.25..3971.30 rows=1010 width=121)
	  ->  Sort  (cost=3966.25..3968.78 rows=1010 width=121)
	        Sort Key: c
	        ->  Bitmap Heap Scan on sbtest7  (cost=30.79..3915.85 rows=1010 width=121)
	              Recheck Cond: ((id >= 7466124) AND (id <= 7467123))
	              ->  Bitmap Index Scan on sbtest7_pkey  (cost=0.00..30.54 rows=1010 width=0)
	                    Index Cond: ((id >= 7466124) AND (id <= 7467123))

table 8 : explain SELECT DISTINCT c FROM sbtest8 WHERE id BETWEEN 2257865 AND 2258864 ORDER BY c
	Unique  (cost=3806.49..3811.34 rows=969 width=121)
	  ->  Sort  (cost=3806.49..3808.92 rows=969 width=121)
	        Sort Key: c
	        ->  Bitmap Heap Scan on sbtest8  (cost=30.37..3758.43 rows=969 width=121)
	              Recheck Cond: ((id >= 2257865) AND (id <= 2258864))
	              ->  Bitmap Index Scan on sbtest8_pkey  (cost=0.00..30.12 rows=969 width=0)
	                    Index Cond: ((id >= 2257865) AND (id <= 2258864))

for point_selects
table 1 : explain SELECT c FROM sbtest1 WHERE id=9735177
	Index Scan using sbtest1_pkey on sbtest1  (cost=0.43..8.45 rows=1 width=121)
	  Index Cond: (id = 9735177)

table 2 : explain SELECT c FROM sbtest2 WHERE id=1321463
	Index Scan using sbtest2_pkey on sbtest2  (cost=0.43..8.45 rows=1 width=121)
	  Index Cond: (id = 1321463)

table 3 : explain SELECT c FROM sbtest3 WHERE id=4815477
	Index Scan using sbtest3_pkey on sbtest3  (cost=0.43..8.45 rows=1 width=121)
	  Index Cond: (id = 4815477)

table 4 : explain SELECT c FROM sbtest4 WHERE id=7476269
	Index Scan using sbtest4_pkey on sbtest4  (cost=0.43..8.45 rows=1 width=121)
	  Index Cond: (id = 7476269)

table 5 : explain SELECT c FROM sbtest5 WHERE id=7927027
	Index Scan using sbtest5_pkey on sbtest5  (cost=0.43..8.45 rows=1 width=121)
	  Index Cond: (id = 7927027)

table 6 : explain SELECT c FROM sbtest6 WHERE id=3970972
	Index Scan using sbtest6_pkey on sbtest6  (cost=0.43..8.45 rows=1 width=121)
	  Index Cond: (id = 3970972)

table 7 : explain SELECT c FROM sbtest7 WHERE id=8694187
	Index Scan using sbtest7_pkey on sbtest7  (cost=0.43..8.45 rows=1 width=121)
	  Index Cond: (id = 8694187)

table 8 : explain SELECT c FROM sbtest8 WHERE id=6578209
	Index Scan using sbtest8_pkey on sbtest8  (cost=0.43..8.45 rows=1 width=121)
	  Index Cond: (id = 6578209)

for: order_ranges
table 1 : explain SELECT c FROM sbtest1 WHERE id BETWEEN 8877769 AND 8878768 ORDER BY c
	Sort  (cost=3779.44..3781.85 rows=963 width=121)
	  Sort Key: c
	  ->  Bitmap Heap Scan on sbtest1  (cost=30.31..3731.72 rows=963 width=121)
	        Recheck Cond: ((id >= 8877769) AND (id <= 8878768))
	        ->  Bitmap Index Scan on sbtest1_pkey  (cost=0.00..30.07 rows=963 width=0)
	              Index Cond: ((id >= 8877769) AND (id <= 8878768))

table 2 : explain SELECT c FROM sbtest2 WHERE id BETWEEN 2500127 AND 2501126 ORDER BY c
	Sort  (cost=4182.61..4185.28 rows=1068 width=121)
	  Sort Key: c
	  ->  Bitmap Heap Scan on sbtest2  (cost=31.38..4128.89 rows=1068 width=121)
	        Recheck Cond: ((id >= 2500127) AND (id <= 2501126))
	        ->  Bitmap Index Scan on sbtest2_pkey  (cost=0.00..31.11 rows=1068 width=0)
	              Index Cond: ((id >= 2500127) AND (id <= 2501126))

table 3 : explain SELECT c FROM sbtest3 WHERE id BETWEEN 1786372 AND 1787371 ORDER BY c
	Sort  (cost=3846.49..3848.94 rows=980 width=121)
	  Sort Key: c
	  ->  Bitmap Heap Scan on sbtest3  (cost=30.48..3797.80 rows=980 width=121)
	        Recheck Cond: ((id >= 1786372) AND (id <= 1787371))
	        ->  Bitmap Index Scan on sbtest3_pkey  (cost=0.00..30.23 rows=980 width=0)
	              Index Cond: ((id >= 1786372) AND (id <= 1787371))

table 4 : explain SELECT c FROM sbtest4 WHERE id BETWEEN 4319447 AND 4320446 ORDER BY c
	Sort  (cost=3773.61..3776.01 rows=961 width=121)
	  Sort Key: c
	  ->  Bitmap Heap Scan on sbtest4  (cost=30.29..3726.00 rows=961 width=121)
	        Recheck Cond: ((id >= 4319447) AND (id <= 4320446))
	        ->  Bitmap Index Scan on sbtest4_pkey  (cost=0.00..30.04 rows=961 width=0)
	              Index Cond: ((id >= 4319447) AND (id <= 4320446))

table 5 : explain SELECT c FROM sbtest5 WHERE id BETWEEN 2234862 AND 2235861 ORDER BY c
	Sort  (cost=3920.16..3922.66 rows=998 width=121)
	  Sort Key: c
	  ->  Bitmap Heap Scan on sbtest5  (cost=30.66..3870.45 rows=998 width=121)
	        Recheck Cond: ((id >= 2234862) AND (id <= 2235861))
	        ->  Bitmap Index Scan on sbtest5_pkey  (cost=0.00..30.41 rows=998 width=0)
	              Index Cond: ((id >= 2234862) AND (id <= 2235861))

table 6 : explain SELECT c FROM sbtest6 WHERE id BETWEEN 4970782 AND 4971781 ORDER BY c
	Sort  (cost=3702.53..3704.88 rows=942 width=121)
	  Sort Key: c
	  ->  Bitmap Heap Scan on sbtest6  (cost=30.09..3655.99 rows=942 width=121)
	        Recheck Cond: ((id >= 4970782) AND (id <= 4971781))
	        ->  Bitmap Index Scan on sbtest6_pkey  (cost=0.00..29.86 rows=942 width=0)
	              Index Cond: ((id >= 4970782) AND (id <= 4971781))

table 7 : explain SELECT c FROM sbtest7 WHERE id BETWEEN 2022141 AND 2023140 ORDER BY c
	Sort  (cost=4008.43..4010.99 rows=1021 width=121)
	  Sort Key: c
	  ->  Bitmap Heap Scan on sbtest7  (cost=30.90..3957.40 rows=1021 width=121)
	        Recheck Cond: ((id >= 2022141) AND (id <= 2023140))
	        ->  Bitmap Index Scan on sbtest7_pkey  (cost=0.00..30.64 rows=1021 width=0)
	              Index Cond: ((id >= 2022141) AND (id <= 2023140))

table 8 : explain SELECT c FROM sbtest8 WHERE id BETWEEN 7274067 AND 7275066 ORDER BY c
	Sort  (cost=4181.90..4184.57 rows=1067 width=121)
	  Sort Key: c
	  ->  Bitmap Heap Scan on sbtest8  (cost=31.37..4128.24 rows=1067 width=121)
	        Recheck Cond: ((id >= 7274067) AND (id <= 7275066))
	        ->  Bitmap Index Scan on sbtest8_pkey  (cost=0.00..31.11 rows=1067 width=0)
	              Index Cond: ((id >= 7274067) AND (id <= 7275066))

for: simple_ranges
table 1 : explain SELECT c FROM sbtest1 WHERE id BETWEEN 9369842 AND 9370841
	Bitmap Heap Scan on sbtest1  (cost=30.25..3712.84 rows=958 width=121)
	  Recheck Cond: ((id >= 9369842) AND (id <= 9370841))
	  ->  Bitmap Index Scan on sbtest1_pkey  (cost=0.00..30.01 rows=958 width=0)
	        Index Cond: ((id >= 9369842) AND (id <= 9370841))

table 2 : explain SELECT c FROM sbtest2 WHERE id BETWEEN 8522147 AND 8523146
	Bitmap Heap Scan on sbtest2  (cost=31.00..3989.57 rows=1031 width=121)
	  Recheck Cond: ((id >= 8522147) AND (id <= 8523146))
	  ->  Bitmap Index Scan on sbtest2_pkey  (cost=0.00..30.75 rows=1031 width=0)
	        Index Cond: ((id >= 8522147) AND (id <= 8523146))

table 3 : explain SELECT c FROM sbtest3 WHERE id BETWEEN 2236747 AND 2237746
	Bitmap Heap Scan on sbtest3  (cost=30.68..3873.27 rows=1000 width=121)
	  Recheck Cond: ((id >= 2236747) AND (id <= 2237746))
	  ->  Bitmap Index Scan on sbtest3_pkey  (cost=0.00..30.43 rows=1000 width=0)
	        Index Cond: ((id >= 2236747) AND (id <= 2237746))

table 4 : explain SELECT c FROM sbtest4 WHERE id BETWEEN 7808337 AND 7809336
	Bitmap Heap Scan on sbtest4  (cost=30.22..3703.33 rows=955 width=121)
	  Recheck Cond: ((id >= 7808337) AND (id <= 7809336))
	  ->  Bitmap Index Scan on sbtest4_pkey  (cost=0.00..29.98 rows=955 width=0)
	        Index Cond: ((id >= 7808337) AND (id <= 7809336))

table 5 : explain SELECT c FROM sbtest5 WHERE id BETWEEN 5996464 AND 5997463
	Bitmap Heap Scan on sbtest5  (cost=29.93..3597.98 rows=926 width=121)
	  Recheck Cond: ((id >= 5996464) AND (id <= 5997463))
	  ->  Bitmap Index Scan on sbtest5_pkey  (cost=0.00..29.69 rows=926 width=0)
	        Index Cond: ((id >= 5996464) AND (id <= 5997463))

table 6 : explain SELECT c FROM sbtest6 WHERE id BETWEEN 6157054 AND 6158053
	Bitmap Heap Scan on sbtest6  (cost=31.08..4022.31 rows=1039 width=121)
	  Recheck Cond: ((id >= 6157054) AND (id <= 6158053))
	  ->  Bitmap Index Scan on sbtest6_pkey  (cost=0.00..30.82 rows=1039 width=0)
	        Index Cond: ((id >= 6157054) AND (id <= 6158053))

table 7 : explain SELECT c FROM sbtest7 WHERE id BETWEEN 9278727 AND 9279726
	Bitmap Heap Scan on sbtest7  (cost=30.52..3817.57 rows=984 width=121)
	  Recheck Cond: ((id >= 9278727) AND (id <= 9279726))
	  ->  Bitmap Index Scan on sbtest7_pkey  (cost=0.00..30.27 rows=984 width=0)
	        Index Cond: ((id >= 9278727) AND (id <= 9279726))

table 8 : explain SELECT c FROM sbtest8 WHERE id BETWEEN 5630535 AND 5631534
	Bitmap Heap Scan on sbtest8  (cost=30.23..3709.28 rows=956 width=121)
	  Recheck Cond: ((id >= 5630535) AND (id <= 5631534))
	  ->  Bitmap Index Scan on sbtest8_pkey  (cost=0.00..30.00 rows=956 width=0)
	        Index Cond: ((id >= 5630535) AND (id <= 5631534))

for point_selects
table 1 : explain SELECT c FROM sbtest1 WHERE id=5636625
	Index Scan using sbtest1_pkey on sbtest1  (cost=0.43..8.45 rows=1 width=121)
	  Index Cond: (id = 5636625)

table 2 : explain SELECT c FROM sbtest2 WHERE id=5957597
	Index Scan using sbtest2_pkey on sbtest2  (cost=0.43..8.45 rows=1 width=121)
	  Index Cond: (id = 5957597)

table 3 : explain SELECT c FROM sbtest3 WHERE id=4274652
	Index Scan using sbtest3_pkey on sbtest3  (cost=0.43..8.45 rows=1 width=121)
	  Index Cond: (id = 4274652)

table 4 : explain SELECT c FROM sbtest4 WHERE id=7267944
	Index Scan using sbtest4_pkey on sbtest4  (cost=0.43..8.45 rows=1 width=121)
	  Index Cond: (id = 7267944)

table 5 : explain SELECT c FROM sbtest5 WHERE id=224458
	Index Scan using sbtest5_pkey on sbtest5  (cost=0.43..8.45 rows=1 width=121)
	  Index Cond: (id = 224458)

table 6 : explain SELECT c FROM sbtest6 WHERE id=5561530
	Index Scan using sbtest6_pkey on sbtest6  (cost=0.43..8.45 rows=1 width=121)
	  Index Cond: (id = 5561530)

table 7 : explain SELECT c FROM sbtest7 WHERE id=9527698
	Index Scan using sbtest7_pkey on sbtest7  (cost=0.43..8.45 rows=1 width=121)
	  Index Cond: (id = 9527698)

table 8 : explain SELECT c FROM sbtest8 WHERE id=9048522
	Index Scan using sbtest8_pkey on sbtest8  (cost=0.43..8.45 rows=1 width=121)
	  Index Cond: (id = 9048522)

for: simple_ranges
table 1 : explain SELECT c FROM sbtest1 WHERE id BETWEEN 6395945 AND 6396944
	Bitmap Heap Scan on sbtest1  (cost=30.35..3746.81 rows=967 width=121)
	  Recheck Cond: ((id >= 6395945) AND (id <= 6396944))
	  ->  Bitmap Index Scan on sbtest1_pkey  (cost=0.00..30.11 rows=967 width=0)
	        Index Cond: ((id >= 6395945) AND (id <= 6396944))

table 2 : explain SELECT c FROM sbtest2 WHERE id BETWEEN 3089321 AND 3090320
	Bitmap Heap Scan on sbtest2  (cost=25.98..3608.17 rows=931 width=121)
	  Recheck Cond: ((id >= 3089321) AND (id <= 3090320))
	  ->  Bitmap Index Scan on sbtest2_pkey  (cost=0.00..25.75 rows=931 width=0)
	        Index Cond: ((id >= 3089321) AND (id <= 3090320))

table 3 : explain SELECT c FROM sbtest3 WHERE id BETWEEN 4864623 AND 4865622
	Bitmap Heap Scan on sbtest3  (cost=30.92..3960.01 rows=1023 width=121)
	  Recheck Cond: ((id >= 4864623) AND (id <= 4865622))
	  ->  Bitmap Index Scan on sbtest3_pkey  (cost=0.00..30.66 rows=1023 width=0)
	        Index Cond: ((id >= 4864623) AND (id <= 4865622))

table 4 : explain SELECT c FROM sbtest4 WHERE id BETWEEN 9086789 AND 9087788
	Bitmap Heap Scan on sbtest4  (cost=30.83..3926.01 rows=1014 width=121)
	  Recheck Cond: ((id >= 9086789) AND (id <= 9087788))
	  ->  Bitmap Index Scan on sbtest4_pkey  (cost=0.00..30.57 rows=1014 width=0)
	        Index Cond: ((id >= 9086789) AND (id <= 9087788))

table 5 : explain SELECT c FROM sbtest5 WHERE id BETWEEN 9000611 AND 9001610
	Bitmap Heap Scan on sbtest5  (cost=30.35..3753.21 rows=967 width=121)
	  Recheck Cond: ((id >= 9000611) AND (id <= 9001610))
	  ->  Bitmap Index Scan on sbtest5_pkey  (cost=0.00..30.11 rows=967 width=0)
	        Index Cond: ((id >= 9000611) AND (id <= 9001610))

table 6 : explain SELECT c FROM sbtest6 WHERE id BETWEEN 5665522 AND 5666521
	Bitmap Heap Scan on sbtest6  (cost=29.76..3534.88 rows=910 width=121)
	  Recheck Cond: ((id >= 5665522) AND (id <= 5666521))
	  ->  Bitmap Index Scan on sbtest6_pkey  (cost=0.00..29.54 rows=910 width=0)
	        Index Cond: ((id >= 5665522) AND (id <= 5666521))

table 7 : explain SELECT c FROM sbtest7 WHERE id BETWEEN 7328477 AND 7329476
	Bitmap Heap Scan on sbtest7  (cost=30.34..3749.48 rows=966 width=121)
	  Recheck Cond: ((id >= 7328477) AND (id <= 7329476))
	  ->  Bitmap Index Scan on sbtest7_pkey  (cost=0.00..30.09 rows=966 width=0)
	        Index Cond: ((id >= 7328477) AND (id <= 7329476))

table 8 : explain SELECT c FROM sbtest8 WHERE id BETWEEN 1909774 AND 1910773
	Bitmap Heap Scan on sbtest8  (cost=30.73..3890.64 rows=1004 width=121)
	  Recheck Cond: ((id >= 1909774) AND (id <= 1910773))
	  ->  Bitmap Index Scan on sbtest8_pkey  (cost=0.00..30.47 rows=1004 width=0)
	        Index Cond: ((id >= 1909774) AND (id <= 1910773))

for: simple_ranges
table 1 : explain SELECT c FROM sbtest1 WHERE id BETWEEN 698932 AND 699931
	Bitmap Heap Scan on sbtest1  (cost=31.45..4153.62 rows=1075 width=121)
	  Recheck Cond: ((id >= 698932) AND (id <= 699931))
	  ->  Bitmap Index Scan on sbtest1_pkey  (cost=0.00..31.18 rows=1075 width=0)
	        Index Cond: ((id >= 698932) AND (id <= 699931))

table 2 : explain SELECT c FROM sbtest2 WHERE id BETWEEN 3735859 AND 3736858
	Bitmap Heap Scan on sbtest2  (cost=30.82..3921.74 rows=1013 width=121)
	  Recheck Cond: ((id >= 3735859) AND (id <= 3736858))
	  ->  Bitmap Index Scan on sbtest2_pkey  (cost=0.00..30.57 rows=1013 width=0)
	        Index Cond: ((id >= 3735859) AND (id <= 3736858))

table 3 : explain SELECT c FROM sbtest3 WHERE id BETWEEN 7935975 AND 7936974
	Bitmap Heap Scan on sbtest3  (cost=31.65..4227.33 rows=1094 width=121)
	  Recheck Cond: ((id >= 7935975) AND (id <= 7936974))
	  ->  Bitmap Index Scan on sbtest3_pkey  (cost=0.00..31.37 rows=1094 width=0)
	        Index Cond: ((id >= 7935975) AND (id <= 7936974))

table 4 : explain SELECT c FROM sbtest4 WHERE id BETWEEN 9699668 AND 9700667
	Bitmap Heap Scan on sbtest4  (cost=30.44..3782.64 rows=976 width=121)
	  Recheck Cond: ((id >= 9699668) AND (id <= 9700667))
	  ->  Bitmap Index Scan on sbtest4_pkey  (cost=0.00..30.19 rows=976 width=0)
	        Index Cond: ((id >= 9699668) AND (id <= 9700667))

table 5 : explain SELECT c FROM sbtest5 WHERE id BETWEEN 3045641 AND 3046640
	Bitmap Heap Scan on sbtest5  (cost=30.04..3639.65 rows=937 width=121)
	  Recheck Cond: ((id >= 3045641) AND (id <= 3046640))
	  ->  Bitmap Index Scan on sbtest5_pkey  (cost=0.00..29.80 rows=937 width=0)
	        Index Cond: ((id >= 3045641) AND (id <= 3046640))

table 6 : explain SELECT c FROM sbtest6 WHERE id BETWEEN 6023588 AND 6024587
	Bitmap Heap Scan on sbtest6  (cost=30.53..3818.53 rows=985 width=121)
	  Recheck Cond: ((id >= 6023588) AND (id <= 6024587))
	  ->  Bitmap Index Scan on sbtest6_pkey  (cost=0.00..30.29 rows=985 width=0)
	        Index Cond: ((id >= 6023588) AND (id <= 6024587))

table 7 : explain SELECT c FROM sbtest7 WHERE id BETWEEN 2560693 AND 2561692
	Bitmap Heap Scan on sbtest7  (cost=35.90..4330.98 rows=1119 width=121)
	  Recheck Cond: ((id >= 2560693) AND (id <= 2561692))
	  ->  Bitmap Index Scan on sbtest7_pkey  (cost=0.00..35.62 rows=1119 width=0)
	        Index Cond: ((id >= 2560693) AND (id <= 2561692))

table 8 : explain SELECT c FROM sbtest8 WHERE id BETWEEN 7503445 AND 7504444
	Bitmap Heap Scan on sbtest8  (cost=30.75..3898.19 rows=1006 width=121)
	  Recheck Cond: ((id >= 7503445) AND (id <= 7504444))
	  ->  Bitmap Index Scan on sbtest8_pkey  (cost=0.00..30.50 rows=1006 width=0)
	        Index Cond: ((id >= 7503445) AND (id <= 7504444))

for: sum_ranges
table 1 : explain SELECT SUM(k) FROM sbtest1 WHERE id BETWEEN 5220285 AND 5221284
	Aggregate  (cost=3805.86..3805.87 rows=1 width=8)
	  ->  Bitmap Heap Scan on sbtest1  (cost=30.50..3803.40 rows=982 width=4)
	        Recheck Cond: ((id >= 5220285) AND (id <= 5221284))
	        ->  Bitmap Index Scan on sbtest1_pkey  (cost=0.00..30.25 rows=982 width=0)
	              Index Cond: ((id >= 5220285) AND (id <= 5221284))

table 2 : explain SELECT SUM(k) FROM sbtest2 WHERE id BETWEEN 5377983 AND 5378982
	Aggregate  (cost=3690.13..3690.14 rows=1 width=8)
	  ->  Bitmap Heap Scan on sbtest2  (cost=30.18..3687.76 rows=951 width=4)
	        Recheck Cond: ((id >= 5377983) AND (id <= 5378982))
	        ->  Bitmap Index Scan on sbtest2_pkey  (cost=0.00..29.94 rows=951 width=0)
	              Index Cond: ((id >= 5377983) AND (id <= 5378982))

table 3 : explain SELECT SUM(k) FROM sbtest3 WHERE id BETWEEN 9858835 AND 9859834
	Aggregate  (cost=3970.11..3970.12 rows=1 width=8)
	  ->  Bitmap Heap Scan on sbtest3  (cost=30.94..3967.54 rows=1025 width=4)
	        Recheck Cond: ((id >= 9858835) AND (id <= 9859834))
	        ->  Bitmap Index Scan on sbtest3_pkey  (cost=0.00..30.68 rows=1025 width=0)
	              Index Cond: ((id >= 9858835) AND (id <= 9859834))

table 4 : explain SELECT SUM(k) FROM sbtest4 WHERE id BETWEEN 4236671 AND 4237670
	Aggregate  (cost=3728.40..3728.41 rows=1 width=8)
	  ->  Bitmap Heap Scan on sbtest4  (cost=30.29..3726.00 rows=961 width=4)
	        Recheck Cond: ((id >= 4236671) AND (id <= 4237670))
	        ->  Bitmap Index Scan on sbtest4_pkey  (cost=0.00..30.04 rows=961 width=0)
	              Index Cond: ((id >= 4236671) AND (id <= 4237670))

table 5 : explain SELECT SUM(k) FROM sbtest5 WHERE id BETWEEN 2287132 AND 2288131
	Aggregate  (cost=3872.94..3872.95 rows=1 width=8)
	  ->  Bitmap Heap Scan on sbtest5  (cost=30.66..3870.45 rows=998 width=4)
	        Recheck Cond: ((id >= 2287132) AND (id <= 2288131))
	        ->  Bitmap Index Scan on sbtest5_pkey  (cost=0.00..30.41 rows=998 width=0)
	              Index Cond: ((id >= 2287132) AND (id <= 2288131))

table 6 : explain SELECT SUM(k) FROM sbtest6 WHERE id BETWEEN 7273272 AND 7274271
	Aggregate  (cost=4062.63..4062.64 rows=1 width=8)
	  ->  Bitmap Heap Scan on sbtest6  (cost=31.19..4060.01 rows=1049 width=4)
	        Recheck Cond: ((id >= 7273272) AND (id <= 7274271))
	        ->  Bitmap Index Scan on sbtest6_pkey  (cost=0.00..30.93 rows=1049 width=0)
	              Index Cond: ((id >= 7273272) AND (id <= 7274271))

table 7 : explain SELECT SUM(k) FROM sbtest7 WHERE id BETWEEN 2647786 AND 2648785
	Aggregate  (cost=3997.75..3997.76 rows=1 width=8)
	  ->  Bitmap Heap Scan on sbtest7  (cost=31.00..3995.17 rows=1031 width=4)
	        Recheck Cond: ((id >= 2647786) AND (id <= 2648785))
	        ->  Bitmap Index Scan on sbtest7_pkey  (cost=0.00..30.75 rows=1031 width=0)
	              Index Cond: ((id >= 2647786) AND (id <= 2648785))

table 8 : explain SELECT SUM(k) FROM sbtest8 WHERE id BETWEEN 6380644 AND 6381643
	Aggregate  (cost=3715.46..3715.47 rows=1 width=8)
	  ->  Bitmap Heap Scan on sbtest8  (cost=30.24..3713.06 rows=957 width=4)
	        Recheck Cond: ((id >= 6380644) AND (id <= 6381643))
	        ->  Bitmap Index Scan on sbtest8_pkey  (cost=0.00..30.00 rows=957 width=0)
	              Index Cond: ((id >= 6380644) AND (id <= 6381643))

explain: for point_selects :: explain SELECT c FROM sbtest%u WHERE id=%u
explain: for point_selects :: explain SELECT c FROM sbtest%u WHERE id=%u
for: sum_ranges
table 1 : explain SELECT SUM(k) FROM sbtest1 WHERE id BETWEEN 2815163 AND 2816162
	Aggregate  (cost=3960.49..3960.50 rows=1 width=8)
	  ->  Bitmap Heap Scan on sbtest1  (cost=30.92..3957.93 rows=1023 width=4)
	        Recheck Cond: ((id >= 2815163) AND (id <= 2816162))
	        ->  Bitmap Index Scan on sbtest1_pkey  (cost=0.00..30.66 rows=1023 width=0)
	              Index Cond: ((id >= 2815163) AND (id <= 2816162))

table 2 : explain SELECT SUM(k) FROM sbtest2 WHERE id BETWEEN 1573343 AND 1574342
	Aggregate  (cost=3811.04..3811.05 rows=1 width=8)
	  ->  Bitmap Heap Scan on sbtest2  (cost=30.51..3808.58 rows=983 width=4)
	        Recheck Cond: ((id >= 1573343) AND (id <= 1574342))
	        ->  Bitmap Index Scan on sbtest2_pkey  (cost=0.00..30.26 rows=983 width=0)
	              Index Cond: ((id >= 1573343) AND (id <= 1574342))

table 3 : explain SELECT SUM(k) FROM sbtest3 WHERE id BETWEEN 4818509 AND 4819508
	Aggregate  (cost=3962.56..3962.57 rows=1 width=8)
	  ->  Bitmap Heap Scan on sbtest3  (cost=30.92..3960.01 rows=1023 width=4)
	        Recheck Cond: ((id >= 4818509) AND (id <= 4819508))
	        ->  Bitmap Index Scan on sbtest3_pkey  (cost=0.00..30.66 rows=1023 width=0)
	              Index Cond: ((id >= 4818509) AND (id <= 4819508))

table 4 : explain SELECT SUM(k) FROM sbtest4 WHERE id BETWEEN 3194737 AND 3195736
	Aggregate  (cost=3909.68..3909.69 rows=1 width=8)
	  ->  Bitmap Heap Scan on sbtest4  (cost=30.78..3907.16 rows=1009 width=4)
	        Recheck Cond: ((id >= 3194737) AND (id <= 3195736))
	        ->  Bitmap Index Scan on sbtest4_pkey  (cost=0.00..30.52 rows=1009 width=0)
	              Index Cond: ((id >= 3194737) AND (id <= 3195736))

table 5 : explain SELECT SUM(k) FROM sbtest5 WHERE id BETWEEN 540408 AND 541407
	Aggregate  (cost=3558.59..3558.60 rows=1 width=8)
	  ->  Bitmap Heap Scan on sbtest5  (cost=29.81..3556.30 rows=915 width=4)
	        Recheck Cond: ((id >= 540408) AND (id <= 541407))
	        ->  Bitmap Index Scan on sbtest5_pkey  (cost=0.00..29.58 rows=915 width=0)
	              Index Cond: ((id >= 540408) AND (id <= 541407))

table 6 : explain SELECT SUM(k) FROM sbtest6 WHERE id BETWEEN 9050759 AND 9051758
	Aggregate  (cost=4243.53..4243.54 rows=1 width=8)
	  ->  Bitmap Heap Scan on sbtest6  (cost=31.68..4240.79 rows=1097 width=4)
	        Recheck Cond: ((id >= 9050759) AND (id <= 9051758))
	        ->  Bitmap Index Scan on sbtest6_pkey  (cost=0.00..31.40 rows=1097 width=0)
	              Index Cond: ((id >= 9050759) AND (id <= 9051758))

table 7 : explain SELECT SUM(k) FROM sbtest7 WHERE id BETWEEN 9813779 AND 9814778
	Aggregate  (cost=4069.51..4069.52 rows=1 width=8)
	  ->  Bitmap Heap Scan on sbtest7  (cost=31.20..4066.89 rows=1050 width=4)
	        Recheck Cond: ((id >= 9813779) AND (id <= 9814778))
	        ->  Bitmap Index Scan on sbtest7_pkey  (cost=0.00..30.93 rows=1050 width=0)
	              Index Cond: ((id >= 9813779) AND (id <= 9814778))

table 8 : explain SELECT SUM(k) FROM sbtest8 WHERE id BETWEEN 5377292 AND 5378291
	Aggregate  (cost=3889.37..3889.38 rows=1 width=8)
	  ->  Bitmap Heap Scan on sbtest8  (cost=30.72..3886.87 rows=1003 width=4)
	        Recheck Cond: ((id >= 5377292) AND (id <= 5378291))
	        ->  Bitmap Index Scan on sbtest8_pkey  (cost=0.00..30.46 rows=1003 width=0)
	              Index Cond: ((id >= 5377292) AND (id <= 5378291))

for point_selects
table 1 : explain SELECT c FROM sbtest1 WHERE id=4216222
	Index Scan using sbtest1_pkey on sbtest1  (cost=0.43..8.45 rows=1 width=121)
	  Index Cond: (id = 4216222)

table 2 : explain SELECT c FROM sbtest2 WHERE id=4821756
	Index Scan using sbtest2_pkey on sbtest2  (cost=0.43..8.45 rows=1 width=121)
	  Index Cond: (id = 4821756)

table 3 : explain SELECT c FROM sbtest3 WHERE id=9106947
	Index Scan using sbtest3_pkey on sbtest3  (cost=0.43..8.45 rows=1 width=121)
	  Index Cond: (id = 9106947)

table 4 : explain SELECT c FROM sbtest4 WHERE id=9174542
	Index Scan using sbtest4_pkey on sbtest4  (cost=0.43..8.45 rows=1 width=121)
	  Index Cond: (id = 9174542)

table 5 : explain SELECT c FROM sbtest5 WHERE id=1974040
	Index Scan using sbtest5_pkey on sbtest5  (cost=0.43..8.45 rows=1 width=121)
	  Index Cond: (id = 1974040)

table 6 : explain SELECT c FROM sbtest6 WHERE id=9928001
	Index Scan using sbtest6_pkey on sbtest6  (cost=0.43..8.45 rows=1 width=121)
	  Index Cond: (id = 9928001)

table 7 : explain SELECT c FROM sbtest7 WHERE id=9785955
	Index Scan using sbtest7_pkey on sbtest7  (cost=0.43..8.45 rows=1 width=121)
	  Index Cond: (id = 9785955)

table 8 : explain SELECT c FROM sbtest8 WHERE id=8212168
	Index Scan using sbtest8_pkey on sbtest8  (cost=0.43..8.45 rows=1 width=121)
	  Index Cond: (id = 8212168)

for: sum_ranges
table 1 : explain SELECT SUM(k) FROM sbtest1 WHERE id BETWEEN 3336368 AND 3337367
	Aggregate  (cost=4468.45..4468.46 rows=1 width=8)
	  ->  Bitmap Heap Scan on sbtest1  (cost=36.30..4465.55 rows=1158 width=4)
	        Recheck Cond: ((id >= 3336368) AND (id <= 3337367))
	        ->  Bitmap Index Scan on sbtest1_pkey  (cost=0.00..36.02 rows=1158 width=0)
	              Index Cond: ((id >= 3336368) AND (id <= 3337367))

table 2 : explain SELECT SUM(k) FROM sbtest2 WHERE id BETWEEN 886095 AND 887094
	Aggregate  (cost=3678.79..3678.80 rows=1 width=8)
	  ->  Bitmap Heap Scan on sbtest2  (cost=30.15..3676.42 rows=948 width=4)
	        Recheck Cond: ((id >= 886095) AND (id <= 887094))
	        ->  Bitmap Index Scan on sbtest2_pkey  (cost=0.00..29.91 rows=948 width=0)
	              Index Cond: ((id >= 886095) AND (id <= 887094))

table 3 : explain SELECT SUM(k) FROM sbtest3 WHERE id BETWEEN 6556550 AND 6557549
	Aggregate  (cost=3864.45..3864.46 rows=1 width=8)
	  ->  Bitmap Heap Scan on sbtest3  (cost=30.65..3861.96 rows=997 width=4)
	        Recheck Cond: ((id >= 6556550) AND (id <= 6557549))
	        ->  Bitmap Index Scan on sbtest3_pkey  (cost=0.00..30.40 rows=997 width=0)
	              Index Cond: ((id >= 6556550) AND (id <= 6557549))

table 4 : explain SELECT SUM(k) FROM sbtest4 WHERE id BETWEEN 9060069 AND 9061068
	Aggregate  (cost=3928.55..3928.56 rows=1 width=8)
	  ->  Bitmap Heap Scan on sbtest4  (cost=30.83..3926.01 rows=1014 width=4)
	        Recheck Cond: ((id >= 9060069) AND (id <= 9061068))
	        ->  Bitmap Index Scan on sbtest4_pkey  (cost=0.00..30.57 rows=1014 width=0)
	              Index Cond: ((id >= 9060069) AND (id <= 9061068))

table 5 : explain SELECT SUM(k) FROM sbtest5 WHERE id BETWEEN 4873737 AND 4874736
	Aggregate  (cost=3706.40..3706.41 rows=1 width=8)
	  ->  Bitmap Heap Scan on sbtest5  (cost=30.21..3704.02 rows=954 width=4)
	        Recheck Cond: ((id >= 4873737) AND (id <= 4874736))
	        ->  Bitmap Index Scan on sbtest5_pkey  (cost=0.00..29.97 rows=954 width=0)
	              Index Cond: ((id >= 4873737) AND (id <= 4874736))

table 6 : explain SELECT SUM(k) FROM sbtest6 WHERE id BETWEEN 4125575 AND 4126574
	Aggregate  (cost=3911.66..3911.67 rows=1 width=8)
	  ->  Bitmap Heap Scan on sbtest6  (cost=30.78..3909.14 rows=1009 width=4)
	        Recheck Cond: ((id >= 4125575) AND (id <= 4126574))
	        ->  Bitmap Index Scan on sbtest6_pkey  (cost=0.00..30.52 rows=1009 width=0)
	              Index Cond: ((id >= 4125575) AND (id <= 4126574))

table 7 : explain SELECT SUM(k) FROM sbtest7 WHERE id BETWEEN 9162479 AND 9163478
	Aggregate  (cost=3888.12..3888.13 rows=1 width=8)
	  ->  Bitmap Heap Scan on sbtest7  (cost=30.71..3885.62 rows=1002 width=4)
	        Recheck Cond: ((id >= 9162479) AND (id <= 9163478))
	        ->  Bitmap Index Scan on sbtest7_pkey  (cost=0.00..30.45 rows=1002 width=0)
	              Index Cond: ((id >= 9162479) AND (id <= 9163478))

table 8 : explain SELECT SUM(k) FROM sbtest8 WHERE id BETWEEN 6445794 AND 6446793
	Aggregate  (cost=3787.32..3787.33 rows=1 width=8)
	  ->  Bitmap Heap Scan on sbtest8  (cost=30.44..3784.88 rows=976 width=4)
	        Recheck Cond: ((id >= 6445794) AND (id <= 6446793))
	        ->  Bitmap Index Scan on sbtest8_pkey  (cost=0.00..30.19 rows=976 width=0)
	              Index Cond: ((id >= 6445794) AND (id <= 6446793))

for: distinct_ranges
table 1 : explain SELECT DISTINCT c FROM sbtest1 WHERE id BETWEEN 2060364 AND 2061363 ORDER BY c
	Unique  (cost=3936.41..3941.43 rows=1004 width=121)
	  ->  Sort  (cost=3936.41..3938.92 rows=1004 width=121)
	        Sort Key: c
	        ->  Bitmap Heap Scan on sbtest1  (cost=30.73..3886.35 rows=1004 width=121)
	              Recheck Cond: ((id >= 2060364) AND (id <= 2061363))
	              ->  Bitmap Index Scan on sbtest1_pkey  (cost=0.00..30.47 rows=1004 width=0)
	                    Index Cond: ((id >= 2060364) AND (id <= 2061363))

table 2 : explain SELECT DISTINCT c FROM sbtest2 WHERE id BETWEEN 3120661 AND 3121660 ORDER BY c
	Unique  (cost=3654.08..3658.74 rows=931 width=121)
	  ->  Sort  (cost=3654.08..3656.41 rows=931 width=121)
	        Sort Key: c
	        ->  Bitmap Heap Scan on sbtest2  (cost=25.98..3608.17 rows=931 width=121)
	              Recheck Cond: ((id >= 3120661) AND (id <= 3121660))
	              ->  Bitmap Index Scan on sbtest2_pkey  (cost=0.00..25.75 rows=931 width=0)
	                    Index Cond: ((id >= 3120661) AND (id <= 3121660))

table 3 : explain SELECT DISTINCT c FROM sbtest3 WHERE id BETWEEN 8470831 AND 8471830 ORDER BY c
	Unique  (cost=3804.33..3809.18 rows=969 width=121)
	  ->  Sort  (cost=3804.33..3806.76 rows=969 width=121)
	        Sort Key: c
	        ->  Bitmap Heap Scan on sbtest3  (cost=30.37..3756.27 rows=969 width=121)
	              Recheck Cond: ((id >= 8470831) AND (id <= 8471830))
	              ->  Bitmap Index Scan on sbtest3_pkey  (cost=0.00..30.12 rows=969 width=0)
	                    Index Cond: ((id >= 8470831) AND (id <= 8471830))

table 4 : explain SELECT DISTINCT c FROM sbtest4 WHERE id BETWEEN 186894 AND 187893 ORDER BY c
	Unique  (cost=4221.37..4226.76 rows=1078 width=121)
	  ->  Sort  (cost=4221.37..4224.07 rows=1078 width=121)
	        Sort Key: c
	        ->  Bitmap Heap Scan on sbtest4  (cost=31.48..4167.07 rows=1078 width=121)
	              Recheck Cond: ((id >= 186894) AND (id <= 187893))
	              ->  Bitmap Index Scan on sbtest4_pkey  (cost=0.00..31.21 rows=1078 width=0)
	                    Index Cond: ((id >= 186894) AND (id <= 187893))

table 5 : explain SELECT DISTINCT c FROM sbtest5 WHERE id BETWEEN 5554672 AND 5555671 ORDER BY c
	Unique  (cost=3801.17..3806.00 rows=967 width=121)
	  ->  Sort  (cost=3801.17..3803.58 rows=967 width=121)
	        Sort Key: c
	        ->  Bitmap Heap Scan on sbtest5  (cost=30.35..3753.21 rows=967 width=121)
	              Recheck Cond: ((id >= 5554672) AND (id <= 5555671))
	              ->  Bitmap Index Scan on sbtest5_pkey  (cost=0.00..30.11 rows=967 width=0)
	                    Index Cond: ((id >= 5554672) AND (id <= 5555671))

table 6 : explain SELECT DISTINCT c FROM sbtest6 WHERE id BETWEEN 2347704 AND 2348703 ORDER BY c
	Unique  (cost=3951.82..3956.86 rows=1007 width=121)
	  ->  Sort  (cost=3951.82..3954.34 rows=1007 width=121)
	        Sort Key: c
	        ->  Bitmap Heap Scan on sbtest6  (cost=30.76..3901.59 rows=1007 width=121)
	              Recheck Cond: ((id >= 2347704) AND (id <= 2348703))
	              ->  Bitmap Index Scan on sbtest6_pkey  (cost=0.00..30.50 rows=1007 width=0)
	                    Index Cond: ((id >= 2347704) AND (id <= 2348703))

table 7 : explain SELECT DISTINCT c FROM sbtest7 WHERE id BETWEEN 895540 AND 896539 ORDER BY c
	Unique  (cost=3655.20..3659.84 rows=929 width=121)
	  ->  Sort  (cost=3655.20..3657.52 rows=929 width=121)
	        Sort Key: c
	        ->  Bitmap Heap Scan on sbtest7  (cost=29.96..3609.40 rows=929 width=121)
	              Recheck Cond: ((id >= 895540) AND (id <= 896539))
	              ->  Bitmap Index Scan on sbtest7_pkey  (cost=0.00..29.72 rows=929 width=0)
	                    Index Cond: ((id >= 895540) AND (id <= 896539))

table 8 : explain SELECT DISTINCT c FROM sbtest8 WHERE id BETWEEN 8290209 AND 8291208 ORDER BY c
	Unique  (cost=4070.93..4076.12 rows=1038 width=121)
	  ->  Sort  (cost=4070.93..4073.53 rows=1038 width=121)
	        Sort Key: c
	        ->  Bitmap Heap Scan on sbtest8  (cost=31.07..4018.93 rows=1038 width=121)
	              Recheck Cond: ((id >= 8290209) AND (id <= 8291208))
	              ->  Bitmap Index Scan on sbtest8_pkey  (cost=0.00..30.82 rows=1038 width=0)
	                    Index Cond: ((id >= 8290209) AND (id <= 8291208))

for: order_ranges
table 1 : explain SELECT c FROM sbtest1 WHERE id BETWEEN 9317331 AND 9318330 ORDER BY c
	Sort  (cost=3760.28..3762.68 rows=958 width=121)
	  Sort Key: c
	  ->  Bitmap Heap Scan on sbtest1  (cost=30.25..3712.84 rows=958 width=121)
	        Recheck Cond: ((id >= 9317331) AND (id <= 9318330))
	        ->  Bitmap Index Scan on sbtest1_pkey  (cost=0.00..30.01 rows=958 width=0)
	              Index Cond: ((id >= 9317331) AND (id <= 9318330))

table 2 : explain SELECT c FROM sbtest2 WHERE id BETWEEN 2991798 AND 2992797 ORDER BY c
	Sort  (cost=3853.61..3856.07 rows=982 width=121)
	  Sort Key: c
	  ->  Bitmap Heap Scan on sbtest2  (cost=30.50..3804.81 rows=982 width=121)
	        Recheck Cond: ((id >= 2991798) AND (id <= 2992797))
	        ->  Bitmap Index Scan on sbtest2_pkey  (cost=0.00..30.25 rows=982 width=0)
	              Index Cond: ((id >= 2991798) AND (id <= 2992797))

table 3 : explain SELECT c FROM sbtest3 WHERE id BETWEEN 7673874 AND 7674873 ORDER BY c
	Sort  (cost=4377.98..4380.77 rows=1119 width=121)
	  Sort Key: c
	  ->  Bitmap Heap Scan on sbtest3  (cost=31.90..4321.31 rows=1119 width=121)
	        Recheck Cond: ((id >= 7673874) AND (id <= 7674873))
	        ->  Bitmap Index Scan on sbtest3_pkey  (cost=0.00..31.62 rows=1119 width=0)
	              Index Cond: ((id >= 7673874) AND (id <= 7674873))

table 4 : explain SELECT c FROM sbtest4 WHERE id BETWEEN 4744792 AND 4745791 ORDER BY c
	Sort  (cost=3865.59..3868.05 rows=985 width=121)
	  Sort Key: c
	  ->  Bitmap Heap Scan on sbtest4  (cost=30.53..3816.62 rows=985 width=121)
	        Recheck Cond: ((id >= 4744792) AND (id <= 4745791))
	        ->  Bitmap Index Scan on sbtest4_pkey  (cost=0.00..30.29 rows=985 width=0)
	              Index Cond: ((id >= 4744792) AND (id <= 4745791))

table 5 : explain SELECT c FROM sbtest5 WHERE id BETWEEN 1272915 AND 1273914 ORDER BY c
	Sort  (cost=4058.21..4060.79 rows=1034 width=121)
	  Sort Key: c
	  ->  Bitmap Heap Scan on sbtest5  (cost=31.03..4006.44 rows=1034 width=121)
	        Recheck Cond: ((id >= 1272915) AND (id <= 1273914))
	        ->  Bitmap Index Scan on sbtest5_pkey  (cost=0.00..30.77 rows=1034 width=0)
	              Index Cond: ((id >= 1272915) AND (id <= 1273914))

table 6 : explain SELECT c FROM sbtest6 WHERE id BETWEEN 2264140 AND 2265139 ORDER BY c
	Sort  (cost=4059.06..4061.64 rows=1035 width=121)
	  Sort Key: c
	  ->  Bitmap Heap Scan on sbtest6  (cost=31.04..4007.23 rows=1035 width=121)
	        Recheck Cond: ((id >= 2264140) AND (id <= 2265139))
	        ->  Bitmap Index Scan on sbtest6_pkey  (cost=0.00..30.79 rows=1035 width=0)
	              Index Cond: ((id >= 2264140) AND (id <= 2265139))

table 7 : explain SELECT c FROM sbtest7 WHERE id BETWEEN 2065226 AND 2066225 ORDER BY c
	Sort  (cost=3747.44..3749.82 rows=953 width=121)
	  Sort Key: c
	  ->  Bitmap Heap Scan on sbtest7  (cost=30.20..3700.28 rows=953 width=121)
	        Recheck Cond: ((id >= 2065226) AND (id <= 2066225))
	        ->  Bitmap Index Scan on sbtest7_pkey  (cost=0.00..29.96 rows=953 width=0)
	              Index Cond: ((id >= 2065226) AND (id <= 2066225))

table 8 : explain SELECT c FROM sbtest8 WHERE id BETWEEN 2647283 AND 2648282 ORDER BY c
	Sort  (cost=3971.35..3973.88 rows=1012 width=121)
	  Sort Key: c
	  ->  Bitmap Heap Scan on sbtest8  (cost=30.81..3920.84 rows=1012 width=121)
	        Recheck Cond: ((id >= 2647283) AND (id <= 2648282))
	        ->  Bitmap Index Scan on sbtest8_pkey  (cost=0.00..30.55 rows=1012 width=0)
	              Index Cond: ((id >= 2647283) AND (id <= 2648282))

for: sum_ranges
table 1 : explain SELECT SUM(k) FROM sbtest1 WHERE id BETWEEN 3805758 AND 3806757
	Aggregate  (cost=3881.32..3881.33 rows=1 width=8)
	  ->  Bitmap Heap Scan on sbtest1  (cost=30.71..3878.81 rows=1002 width=4)
	        Recheck Cond: ((id >= 3805758) AND (id <= 3806757))
	        ->  Bitmap Index Scan on sbtest1_pkey  (cost=0.00..30.45 rows=1002 width=0)
	              Index Cond: ((id >= 3805758) AND (id <= 3806757))

table 2 : explain SELECT SUM(k) FROM sbtest2 WHERE id BETWEEN 8198534 AND 8199533
	Aggregate  (cost=3822.37..3822.38 rows=1 width=8)
	  ->  Bitmap Heap Scan on sbtest2  (cost=30.54..3819.90 rows=986 width=4)
	        Recheck Cond: ((id >= 8198534) AND (id <= 8199533))
	        ->  Bitmap Index Scan on sbtest2_pkey  (cost=0.00..30.29 rows=986 width=0)
	              Index Cond: ((id >= 8198534) AND (id <= 8199533))

table 3 : explain SELECT SUM(k) FROM sbtest3 WHERE id BETWEEN 3851068 AND 3852067
	Aggregate  (cost=3890.87..3890.88 rows=1 width=8)
	  ->  Bitmap Heap Scan on sbtest3  (cost=30.73..3888.36 rows=1004 width=4)
	        Recheck Cond: ((id >= 3851068) AND (id <= 3852067))
	        ->  Bitmap Index Scan on sbtest3_pkey  (cost=0.00..30.47 rows=1004 width=0)
	              Index Cond: ((id >= 3851068) AND (id <= 3852067))

table 4 : explain SELECT SUM(k) FROM sbtest4 WHERE id BETWEEN 4176139 AND 4177138
	Aggregate  (cost=4124.58..4124.59 rows=1 width=8)
	  ->  Bitmap Heap Scan on sbtest4  (cost=31.36..4121.91 rows=1066 width=4)
	        Recheck Cond: ((id >= 4176139) AND (id <= 4177138))
	        ->  Bitmap Index Scan on sbtest4_pkey  (cost=0.00..31.09 rows=1066 width=0)
	              Index Cond: ((id >= 4176139) AND (id <= 4177138))

table 5 : explain SELECT SUM(k) FROM sbtest5 WHERE id BETWEEN 4288501 AND 4289500
	Aggregate  (cost=4073.23..4073.24 rows=1 width=8)
	  ->  Bitmap Heap Scan on sbtest5  (cost=31.21..4070.60 rows=1051 width=4)
	        Recheck Cond: ((id >= 4288501) AND (id <= 4289500))
	        ->  Bitmap Index Scan on sbtest5_pkey  (cost=0.00..30.94 rows=1051 width=0)
	              Index Cond: ((id >= 4288501) AND (id <= 4289500))

table 6 : explain SELECT SUM(k) FROM sbtest6 WHERE id BETWEEN 4821606 AND 4822605
	Aggregate  (cost=3783.19..3783.20 rows=1 width=8)
	  ->  Bitmap Heap Scan on sbtest6  (cost=30.43..3780.75 rows=975 width=4)
	        Recheck Cond: ((id >= 4821606) AND (id <= 4822605))
	        ->  Bitmap Index Scan on sbtest6_pkey  (cost=0.00..30.18 rows=975 width=0)
	              Index Cond: ((id >= 4821606) AND (id <= 4822605))

table 7 : explain SELECT SUM(k) FROM sbtest7 WHERE id BETWEEN 6666267 AND 6667266
	Aggregate  (cost=3774.61..3774.62 rows=1 width=8)
	  ->  Bitmap Heap Scan on sbtest7  (cost=30.40..3772.18 rows=972 width=4)
	        Recheck Cond: ((id >= 6666267) AND (id <= 6667266))
	        ->  Bitmap Index Scan on sbtest7_pkey  (cost=0.00..30.15 rows=972 width=0)
	              Index Cond: ((id >= 6666267) AND (id <= 6667266))

table 8 : explain SELECT SUM(k) FROM sbtest8 WHERE id BETWEEN 6067373 AND 6068372
	Aggregate  (cost=4153.52..4153.53 rows=1 width=8)
	  ->  Bitmap Heap Scan on sbtest8  (cost=31.43..4150.84 rows=1073 width=4)
	        Recheck Cond: ((id >= 6067373) AND (id <= 6068372))
	        ->  Bitmap Index Scan on sbtest8_pkey  (cost=0.00..31.16 rows=1073 width=0)
	              Index Cond: ((id >= 6067373) AND (id <= 6068372))

explain: for point_selects :: explain SELECT c FROM sbtest%u WHERE id=%u
explain: for point_selects :: explain SELECT c FROM sbtest%u WHERE id=%u
for: order_ranges
table 1 : explain SELECT c FROM sbtest1 WHERE id BETWEEN 5468392 AND 5469391 ORDER BY c
	Sort  (cost=4287.89..4290.63 rows=1096 width=121)
	  Sort Key: c
	  ->  Bitmap Heap Scan on sbtest1  (cost=31.67..4232.55 rows=1096 width=121)
	        Recheck Cond: ((id >= 5468392) AND (id <= 5469391))
	        ->  Bitmap Index Scan on sbtest1_pkey  (cost=0.00..31.39 rows=1096 width=0)
	              Index Cond: ((id >= 5468392) AND (id <= 5469391))

table 2 : explain SELECT c FROM sbtest2 WHERE id BETWEEN 9703102 AND 9704101 ORDER BY c
	Sort  (cost=3930.20..3932.71 rows=1002 width=121)
	  Sort Key: c
	  ->  Bitmap Heap Scan on sbtest2  (cost=30.71..3880.26 rows=1002 width=121)
	        Recheck Cond: ((id >= 9703102) AND (id <= 9704101))
	        ->  Bitmap Index Scan on sbtest2_pkey  (cost=0.00..30.45 rows=1002 width=0)
	              Index Cond: ((id >= 9703102) AND (id <= 9704101))

table 3 : explain SELECT c FROM sbtest3 WHERE id BETWEEN 6819273 AND 6820272 ORDER BY c
	Sort  (cost=3827.33..3829.77 rows=975 width=121)
	  Sort Key: c
	  ->  Bitmap Heap Scan on sbtest3  (cost=30.43..3778.93 rows=975 width=121)
	        Recheck Cond: ((id >= 6819273) AND (id <= 6820272))
	        ->  Bitmap Index Scan on sbtest3_pkey  (cost=0.00..30.18 rows=975 width=0)
	              Index Cond: ((id >= 6819273) AND (id <= 6820272))

table 4 : explain SELECT c FROM sbtest4 WHERE id BETWEEN 5845221 AND 5846220 ORDER BY c
	Sort  (cost=4026.39..4028.96 rows=1027 width=121)
	  Sort Key: c
	  ->  Bitmap Heap Scan on sbtest4  (cost=30.96..3975.02 rows=1027 width=121)
	        Recheck Cond: ((id >= 5845221) AND (id <= 5846220))
	        ->  Bitmap Index Scan on sbtest4_pkey  (cost=0.00..30.70 rows=1027 width=0)
	              Index Cond: ((id >= 5845221) AND (id <= 5846220))

table 5 : explain SELECT c FROM sbtest5 WHERE id BETWEEN 4401727 AND 4402726 ORDER BY c
	Sort  (cost=4131.01..4133.64 rows=1053 width=121)
	  Sort Key: c
	  ->  Bitmap Heap Scan on sbtest5  (cost=31.23..4078.15 rows=1053 width=121)
	        Recheck Cond: ((id >= 4401727) AND (id <= 4402726))
	        ->  Bitmap Index Scan on sbtest5_pkey  (cost=0.00..30.96 rows=1053 width=0)
	              Index Cond: ((id >= 4401727) AND (id <= 4402726))

table 6 : explain SELECT c FROM sbtest6 WHERE id BETWEEN 1345087 AND 1346086 ORDER BY c
	Sort  (cost=3433.33..3435.51 rows=873 width=121)
	  Sort Key: c
	  ->  Bitmap Heap Scan on sbtest6  (cost=25.38..3390.68 rows=873 width=121)
	        Recheck Cond: ((id >= 1345087) AND (id <= 1346086))
	        ->  Bitmap Index Scan on sbtest6_pkey  (cost=0.00..25.16 rows=873 width=0)
	              Index Cond: ((id >= 1345087) AND (id <= 1346086))

table 7 : explain SELECT c FROM sbtest7 WHERE id BETWEEN 1201510 AND 1202509 ORDER BY c
	Sort  (cost=3470.35..3472.55 rows=882 width=121)
	  Sort Key: c
	  ->  Bitmap Heap Scan on sbtest7  (cost=25.48..3427.20 rows=882 width=121)
	        Recheck Cond: ((id >= 1201510) AND (id <= 1202509))
	        ->  Bitmap Index Scan on sbtest7_pkey  (cost=0.00..25.25 rows=882 width=0)
	              Index Cond: ((id >= 1201510) AND (id <= 1202509))

table 8 : explain SELECT c FROM sbtest8 WHERE id BETWEEN 6657693 AND 6658692 ORDER BY c
	Sort  (cost=4143.65..4146.29 rows=1057 width=121)
	  Sort Key: c
	  ->  Bitmap Heap Scan on sbtest8  (cost=31.27..4090.56 rows=1057 width=121)
	        Recheck Cond: ((id >= 6657693) AND (id <= 6658692))
	        ->  Bitmap Index Scan on sbtest8_pkey  (cost=0.00..31.00 rows=1057 width=0)
	              Index Cond: ((id >= 6657693) AND (id <= 6658692))

for point_selects
table 1 : explain SELECT c FROM sbtest1 WHERE id=7356605
	Index Scan using sbtest1_pkey on sbtest1  (cost=0.43..8.45 rows=1 width=121)
	  Index Cond: (id = 7356605)

table 2 : explain SELECT c FROM sbtest2 WHERE id=2717898
	Index Scan using sbtest2_pkey on sbtest2  (cost=0.43..8.45 rows=1 width=121)
	  Index Cond: (id = 2717898)

table 3 : explain SELECT c FROM sbtest3 WHERE id=2149435
	Index Scan using sbtest3_pkey on sbtest3  (cost=0.43..8.45 rows=1 width=121)
	  Index Cond: (id = 2149435)

table 4 : explain SELECT c FROM sbtest4 WHERE id=3998523
	Index Scan using sbtest4_pkey on sbtest4  (cost=0.43..8.45 rows=1 width=121)
	  Index Cond: (id = 3998523)

table 5 : explain SELECT c FROM sbtest5 WHERE id=9557002
	Index Scan using sbtest5_pkey on sbtest5  (cost=0.43..8.45 rows=1 width=121)
	  Index Cond: (id = 9557002)

table 6 : explain SELECT c FROM sbtest6 WHERE id=112035
	Index Scan using sbtest6_pkey on sbtest6  (cost=0.43..8.45 rows=1 width=121)
	  Index Cond: (id = 112035)

table 7 : explain SELECT c FROM sbtest7 WHERE id=8474089
	Index Scan using sbtest7_pkey on sbtest7  (cost=0.43..8.45 rows=1 width=121)
	  Index Cond: (id = 8474089)

table 8 : explain SELECT c FROM sbtest8 WHERE id=3763646
	Index Scan using sbtest8_pkey on sbtest8  (cost=0.43..8.45 rows=1 width=121)
	  Index Cond: (id = 3763646)

for: distinct_ranges
table 1 : explain SELECT DISTINCT c FROM sbtest1 WHERE id BETWEEN 6481766 AND 6482765 ORDER BY c
	Unique  (cost=3794.76..3799.60 rows=967 width=121)
	  ->  Sort  (cost=3794.76..3797.18 rows=967 width=121)
	        Sort Key: c
	        ->  Bitmap Heap Scan on sbtest1  (cost=30.35..3746.81 rows=967 width=121)
	              Recheck Cond: ((id >= 6481766) AND (id <= 6482765))
	              ->  Bitmap Index Scan on sbtest1_pkey  (cost=0.00..30.11 rows=967 width=0)
	                    Index Cond: ((id >= 6481766) AND (id <= 6482765))

table 2 : explain SELECT DISTINCT c FROM sbtest2 WHERE id BETWEEN 1658595 AND 1659594 ORDER BY c
	Unique  (cost=4224.63..4230.03 rows=1079 width=121)
	  ->  Sort  (cost=4224.63..4227.33 rows=1079 width=121)
	        Sort Key: c
	        ->  Bitmap Heap Scan on sbtest2  (cost=31.49..4170.28 rows=1079 width=121)
	              Recheck Cond: ((id >= 1658595) AND (id <= 1659594))
	              ->  Bitmap Index Scan on sbtest2_pkey  (cost=0.00..31.22 rows=1079 width=0)
	                    Index Cond: ((id >= 1658595) AND (id <= 1659594))

table 3 : explain SELECT DISTINCT c FROM sbtest3 WHERE id BETWEEN 1077951 AND 1078950 ORDER BY c
	Unique  (cost=3884.80..3889.75 rows=990 width=121)
	  ->  Sort  (cost=3884.80..3887.28 rows=990 width=121)
	        Sort Key: c
	        ->  Bitmap Heap Scan on sbtest3  (cost=30.58..3835.54 rows=990 width=121)
	              Recheck Cond: ((id >= 1077951) AND (id <= 1078950))
	              ->  Bitmap Index Scan on sbtest3_pkey  (cost=0.00..30.33 rows=990 width=0)
	                    Index Cond: ((id >= 1077951) AND (id <= 1078950))

table 4 : explain SELECT DISTINCT c FROM sbtest4 WHERE id BETWEEN 8328419 AND 8329418 ORDER BY c
	Unique  (cost=3585.43..3590.00 rows=913 width=121)
	  ->  Sort  (cost=3585.43..3587.72 rows=913 width=121)
	        Sort Key: c
	        ->  Bitmap Heap Scan on sbtest4  (cost=25.79..3540.54 rows=913 width=121)
	              Recheck Cond: ((id >= 8328419) AND (id <= 8329418))
	              ->  Bitmap Index Scan on sbtest4_pkey  (cost=0.00..25.57 rows=913 width=0)
	                    Index Cond: ((id >= 8328419) AND (id <= 8329418))

table 5 : explain SELECT DISTINCT c FROM sbtest5 WHERE id BETWEEN 3732390 AND 3733389 ORDER BY c
	Unique  (cost=3801.17..3806.00 rows=967 width=121)
	  ->  Sort  (cost=3801.17..3803.58 rows=967 width=121)
	        Sort Key: c
	        ->  Bitmap Heap Scan on sbtest5  (cost=30.35..3753.21 rows=967 width=121)
	              Recheck Cond: ((id >= 3732390) AND (id <= 3733389))
	              ->  Bitmap Index Scan on sbtest5_pkey  (cost=0.00..30.11 rows=967 width=0)
	                    Index Cond: ((id >= 3732390) AND (id <= 3733389))

table 6 : explain SELECT DISTINCT c FROM sbtest6 WHERE id BETWEEN 7511218 AND 7512217 ORDER BY c
	Unique  (cost=3717.88..3722.61 rows=946 width=121)
	  ->  Sort  (cost=3717.88..3720.25 rows=946 width=121)
	        Sort Key: c
	        ->  Bitmap Heap Scan on sbtest6  (cost=30.13..3671.12 rows=946 width=121)
	              Recheck Cond: ((id >= 7511218) AND (id <= 7512217))
	              ->  Bitmap Index Scan on sbtest6_pkey  (cost=0.00..29.89 rows=946 width=0)
	                    Index Cond: ((id >= 7511218) AND (id <= 7512217))

table 7 : explain SELECT DISTINCT c FROM sbtest7 WHERE id BETWEEN 4645463 AND 4646462 ORDER BY c
	Unique  (cost=4303.33..4308.82 rows=1098 width=121)
	  ->  Sort  (cost=4303.33..4306.08 rows=1098 width=121)
	        Sort Key: c
	        ->  Bitmap Heap Scan on sbtest7  (cost=31.69..4247.88 rows=1098 width=121)
	              Recheck Cond: ((id >= 4645463) AND (id <= 4646462))
	              ->  Bitmap Index Scan on sbtest7_pkey  (cost=0.00..31.41 rows=1098 width=0)
	                    Index Cond: ((id >= 4645463) AND (id <= 4646462))

table 8 : explain SELECT DISTINCT c FROM sbtest8 WHERE id BETWEEN 8463925 AND 8464924 ORDER BY c
	Unique  (cost=3687.50..3692.19 rows=938 width=121)
	  ->  Sort  (cost=3687.50..3689.85 rows=938 width=121)
	        Sort Key: c
	        ->  Bitmap Heap Scan on sbtest8  (cost=30.05..3641.20 rows=938 width=121)
	              Recheck Cond: ((id >= 8463925) AND (id <= 8464924))
	              ->  Bitmap Index Scan on sbtest8_pkey  (cost=0.00..29.82 rows=938 width=0)
	                    Index Cond: ((id >= 8463925) AND (id <= 8464924))

for point_selects
table 1 : explain SELECT c FROM sbtest1 WHERE id=5846464
	Index Scan using sbtest1_pkey on sbtest1  (cost=0.43..8.45 rows=1 width=121)
	  Index Cond: (id = 5846464)

table 2 : explain SELECT c FROM sbtest2 WHERE id=8247839
	Index Scan using sbtest2_pkey on sbtest2  (cost=0.43..8.45 rows=1 width=121)
	  Index Cond: (id = 8247839)

table 3 : explain SELECT c FROM sbtest3 WHERE id=1417033
	Index Scan using sbtest3_pkey on sbtest3  (cost=0.43..8.45 rows=1 width=121)
	  Index Cond: (id = 1417033)

table 4 : explain SELECT c FROM sbtest4 WHERE id=7596627
	Index Scan using sbtest4_pkey on sbtest4  (cost=0.43..8.45 rows=1 width=121)
	  Index Cond: (id = 7596627)

table 5 : explain SELECT c FROM sbtest5 WHERE id=8545466
	Index Scan using sbtest5_pkey on sbtest5  (cost=0.43..8.45 rows=1 width=121)
	  Index Cond: (id = 8545466)

table 6 : explain SELECT c FROM sbtest6 WHERE id=9867668
	Index Scan using sbtest6_pkey on sbtest6  (cost=0.43..8.45 rows=1 width=121)
	  Index Cond: (id = 9867668)

table 7 : explain SELECT c FROM sbtest7 WHERE id=4237153
	Index Scan using sbtest7_pkey on sbtest7  (cost=0.43..8.45 rows=1 width=121)
	  Index Cond: (id = 4237153)

table 8 : explain SELECT c FROM sbtest8 WHERE id=271815
	Index Scan using sbtest8_pkey on sbtest8  (cost=0.43..8.45 rows=1 width=121)
	  Index Cond: (id = 271815)

for: order_ranges
table 1 : explain SELECT c FROM sbtest1 WHERE id BETWEEN 9467870 AND 9468869 ORDER BY c
	Sort  (cost=3879.00..3881.48 rows=989 width=121)
	  Sort Key: c
	  ->  Bitmap Heap Scan on sbtest1  (cost=30.57..3829.80 rows=989 width=121)
	        Recheck Cond: ((id >= 9467870) AND (id <= 9468869))
	        ->  Bitmap Index Scan on sbtest1_pkey  (cost=0.00..30.32 rows=989 width=0)
	              Index Cond: ((id >= 9467870) AND (id <= 9468869))

table 2 : explain SELECT c FROM sbtest2 WHERE id BETWEEN 8475004 AND 8476003 ORDER BY c
	Sort  (cost=4041.17..4043.75 rows=1031 width=121)
	  Sort Key: c
	  ->  Bitmap Heap Scan on sbtest2  (cost=31.00..3989.57 rows=1031 width=121)
	        Recheck Cond: ((id >= 8475004) AND (id <= 8476003))
	        ->  Bitmap Index Scan on sbtest2_pkey  (cost=0.00..30.75 rows=1031 width=0)
	              Index Cond: ((id >= 8475004) AND (id <= 8476003))

table 3 : explain SELECT c FROM sbtest3 WHERE id BETWEEN 9023934 AND 9024933 ORDER BY c
	Sort  (cost=3658.42..3660.75 rows=932 width=121)
	  Sort Key: c
	  ->  Bitmap Heap Scan on sbtest3  (cost=25.99..3612.46 rows=932 width=121)
	        Recheck Cond: ((id >= 9023934) AND (id <= 9024933))
	        ->  Bitmap Index Scan on sbtest3_pkey  (cost=0.00..25.75 rows=932 width=0)
	              Index Cond: ((id >= 9023934) AND (id <= 9024933))

table 4 : explain SELECT c FROM sbtest4 WHERE id BETWEEN 7137404 AND 7138403 ORDER BY c
	Sort  (cost=4164.06..4166.72 rows=1063 width=121)
	  Sort Key: c
	  ->  Bitmap Heap Scan on sbtest4  (cost=31.33..4110.62 rows=1063 width=121)
	        Recheck Cond: ((id >= 7137404) AND (id <= 7138403))
	        ->  Bitmap Index Scan on sbtest4_pkey  (cost=0.00..31.07 rows=1063 width=0)
	              Index Cond: ((id >= 7137404) AND (id <= 7138403))

table 5 : explain SELECT c FROM sbtest5 WHERE id BETWEEN 2300875 AND 2301874 ORDER BY c
	Sort  (cost=3900.98..3903.46 rows=993 width=121)
	  Sort Key: c
	  ->  Bitmap Heap Scan on sbtest5  (cost=30.61..3851.55 rows=993 width=121)
	        Recheck Cond: ((id >= 2300875) AND (id <= 2301874))
	        ->  Bitmap Index Scan on sbtest5_pkey  (cost=0.00..30.36 rows=993 width=0)
	              Index Cond: ((id >= 2300875) AND (id <= 2301874))

table 6 : explain SELECT c FROM sbtest6 WHERE id BETWEEN 7892952 AND 7893951 ORDER BY c
	Sort  (cost=3717.88..3720.25 rows=946 width=121)
	  Sort Key: c
	  ->  Bitmap Heap Scan on sbtest6  (cost=30.13..3671.12 rows=946 width=121)
	        Recheck Cond: ((id >= 7892952) AND (id <= 7893951))
	        ->  Bitmap Index Scan on sbtest6_pkey  (cost=0.00..29.89 rows=946 width=0)
	              Index Cond: ((id >= 7892952) AND (id <= 7893951))

table 7 : explain SELECT c FROM sbtest7 WHERE id BETWEEN 2239447 AND 2240446 ORDER BY c
	Sort  (cost=3878.00..3880.47 rows=987 width=121)
	  Sort Key: c
	  ->  Bitmap Heap Scan on sbtest7  (cost=30.55..3828.92 rows=987 width=121)
	        Recheck Cond: ((id >= 2239447) AND (id <= 2240446))
	        ->  Bitmap Index Scan on sbtest7_pkey  (cost=0.00..30.30 rows=987 width=0)
	              Index Cond: ((id >= 2239447) AND (id <= 2240446))

table 8 : explain SELECT c FROM sbtest8 WHERE id BETWEEN 7561152 AND 7562151 ORDER BY c
	Sort  (cost=3867.86..3870.32 rows=985 width=121)
	  Sort Key: c
	  ->  Bitmap Heap Scan on sbtest8  (cost=30.53..3818.89 rows=985 width=121)
	        Recheck Cond: ((id >= 7561152) AND (id <= 7562151))
	        ->  Bitmap Index Scan on sbtest8_pkey  (cost=0.00..30.29 rows=985 width=0)
	              Index Cond: ((id >= 7561152) AND (id <= 7562151))

for: simple_ranges
table 1 : explain SELECT c FROM sbtest1 WHERE id BETWEEN 9276451 AND 9277450
	Bitmap Heap Scan on sbtest1  (cost=30.68..3871.27 rows=1000 width=121)
	  Recheck Cond: ((id >= 9276451) AND (id <= 9277450))
	  ->  Bitmap Index Scan on sbtest1_pkey  (cost=0.00..30.43 rows=1000 width=0)
	        Index Cond: ((id >= 9276451) AND (id <= 9277450))

table 2 : explain SELECT c FROM sbtest2 WHERE id BETWEEN 8393951 AND 8394950
	Bitmap Heap Scan on sbtest2  (cost=30.08..3649.97 rows=941 width=121)
	  Recheck Cond: ((id >= 8393951) AND (id <= 8394950))
	  ->  Bitmap Index Scan on sbtest2_pkey  (cost=0.00..29.84 rows=941 width=0)
	        Index Cond: ((id >= 8393951) AND (id <= 8394950))

table 3 : explain SELECT c FROM sbtest3 WHERE id BETWEEN 4766729 AND 4767728
	Bitmap Heap Scan on sbtest3  (cost=30.48..3797.80 rows=980 width=121)
	  Recheck Cond: ((id >= 4766729) AND (id <= 4767728))
	  ->  Bitmap Index Scan on sbtest3_pkey  (cost=0.00..30.23 rows=980 width=0)
	        Index Cond: ((id >= 4766729) AND (id <= 4767728))

table 4 : explain SELECT c FROM sbtest4 WHERE id BETWEEN 3617051 AND 3618050
	Bitmap Heap Scan on sbtest4  (cost=31.00..3990.10 rows=1031 width=121)
	  Recheck Cond: ((id >= 3617051) AND (id <= 3618050))
	  ->  Bitmap Index Scan on sbtest4_pkey  (cost=0.00..30.75 rows=1031 width=0)
	        Index Cond: ((id >= 3617051) AND (id <= 3618050))

table 5 : explain SELECT c FROM sbtest5 WHERE id BETWEEN 4305375 AND 4306374
	Bitmap Heap Scan on sbtest5  (cost=31.21..4070.60 rows=1051 width=121)
	  Recheck Cond: ((id >= 4305375) AND (id <= 4306374))
	  ->  Bitmap Index Scan on sbtest5_pkey  (cost=0.00..30.94 rows=1051 width=0)
	        Index Cond: ((id >= 4305375) AND (id <= 4306374))

table 6 : explain SELECT c FROM sbtest6 WHERE id BETWEEN 2519405 AND 2520404
	Bitmap Heap Scan on sbtest6  (cost=36.09..4395.23 rows=1137 width=121)
	  Recheck Cond: ((id >= 2519405) AND (id <= 2520404))
	  ->  Bitmap Index Scan on sbtest6_pkey  (cost=0.00..35.81 rows=1137 width=0)
	        Index Cond: ((id >= 2519405) AND (id <= 2520404))

table 7 : explain SELECT c FROM sbtest7 WHERE id BETWEEN 4791711 AND 4792710
	Bitmap Heap Scan on sbtest7  (cost=31.21..4070.66 rows=1051 width=121)
	  Recheck Cond: ((id >= 4791711) AND (id <= 4792710))
	  ->  Bitmap Index Scan on sbtest7_pkey  (cost=0.00..30.94 rows=1051 width=0)
	        Index Cond: ((id >= 4791711) AND (id <= 4792710))

table 8 : explain SELECT c FROM sbtest8 WHERE id BETWEEN 9505785 AND 9506784
	Bitmap Heap Scan on sbtest8  (cost=31.03..4003.84 rows=1034 width=121)
	  Recheck Cond: ((id >= 9505785) AND (id <= 9506784))
	  ->  Bitmap Index Scan on sbtest8_pkey  (cost=0.00..30.77 rows=1034 width=0)
	        Index Cond: ((id >= 9505785) AND (id <= 9506784))

for: order_ranges
table 1 : explain SELECT c FROM sbtest1 WHERE id BETWEEN 9261577 AND 9262576 ORDER BY c
	Sort  (cost=3921.10..3923.60 rows=1000 width=121)
	  Sort Key: c
	  ->  Bitmap Heap Scan on sbtest1  (cost=30.68..3871.27 rows=1000 width=121)
	        Recheck Cond: ((id >= 9261577) AND (id <= 9262576))
	        ->  Bitmap Index Scan on sbtest1_pkey  (cost=0.00..30.43 rows=1000 width=0)
	              Index Cond: ((id >= 9261577) AND (id <= 9262576))

table 2 : explain SELECT c FROM sbtest2 WHERE id BETWEEN 1278188 AND 1279187 ORDER BY c
	Sort  (cost=4037.35..4039.92 rows=1030 width=121)
	  Sort Key: c
	  ->  Bitmap Heap Scan on sbtest2  (cost=30.99..3985.81 rows=1030 width=121)
	        Recheck Cond: ((id >= 1278188) AND (id <= 1279187))
	        ->  Bitmap Index Scan on sbtest2_pkey  (cost=0.00..30.73 rows=1030 width=0)
	              Index Cond: ((id >= 1278188) AND (id <= 1279187))

table 3 : explain SELECT c FROM sbtest3 WHERE id BETWEEN 3275733 AND 3276732 ORDER BY c
	Sort  (cost=4064.71..4067.30 rows=1037 width=121)
	  Sort Key: c
	  ->  Bitmap Heap Scan on sbtest3  (cost=31.06..4012.77 rows=1037 width=121)
	        Recheck Cond: ((id >= 3275733) AND (id <= 3276732))
	        ->  Bitmap Index Scan on sbtest3_pkey  (cost=0.00..30.80 rows=1037 width=0)
	              Index Cond: ((id >= 3275733) AND (id <= 3276732))

table 4 : explain SELECT c FROM sbtest4 WHERE id BETWEEN 8392904 AND 8393903 ORDER BY c
	Sort  (cost=3585.43..3587.72 rows=913 width=121)
	  Sort Key: c
	  ->  Bitmap Heap Scan on sbtest4  (cost=25.79..3540.54 rows=913 width=121)
	        Recheck Cond: ((id >= 8392904) AND (id <= 8393903))
	        ->  Bitmap Index Scan on sbtest4_pkey  (cost=0.00..25.57 rows=913 width=0)
	              Index Cond: ((id >= 8392904) AND (id <= 8393903))

table 5 : explain SELECT c FROM sbtest5 WHERE id BETWEEN 6199794 AND 6200793 ORDER BY c
	Sort  (cost=3954.69..3957.20 rows=1007 width=121)
	  Sort Key: c
	  ->  Bitmap Heap Scan on sbtest5  (cost=30.76..3904.46 rows=1007 width=121)
	        Recheck Cond: ((id >= 6199794) AND (id <= 6200793))
	        ->  Bitmap Index Scan on sbtest5_pkey  (cost=0.00..30.50 rows=1007 width=0)
	              Index Cond: ((id >= 6199794) AND (id <= 6200793))

table 6 : explain SELECT c FROM sbtest6 WHERE id BETWEEN 6010633 AND 6011632 ORDER BY c
	Sort  (cost=3867.50..3869.96 rows=985 width=121)
	  Sort Key: c
	  ->  Bitmap Heap Scan on sbtest6  (cost=30.53..3818.53 rows=985 width=121)
	        Recheck Cond: ((id >= 6010633) AND (id <= 6011632))
	        ->  Bitmap Index Scan on sbtest6_pkey  (cost=0.00..30.29 rows=985 width=0)
	              Index Cond: ((id >= 6010633) AND (id <= 6011632))

table 7 : explain SELECT c FROM sbtest7 WHERE id BETWEEN 3105421 AND 3106420 ORDER BY c
	Sort  (cost=3774.33..3776.73 rows=960 width=121)
	  Sort Key: c
	  ->  Bitmap Heap Scan on sbtest7  (cost=30.27..3726.78 rows=960 width=121)
	        Recheck Cond: ((id >= 3105421) AND (id <= 3106420))
	        ->  Bitmap Index Scan on sbtest7_pkey  (cost=0.00..30.04 rows=960 width=0)
	              Index Cond: ((id >= 3105421) AND (id <= 3106420))

table 8 : explain SELECT c FROM sbtest8 WHERE id BETWEEN 2885025 AND 2886024 ORDER BY c
	Sort  (cost=4074.76..4077.36 rows=1039 width=121)
	  Sort Key: c
	  ->  Bitmap Heap Scan on sbtest8  (cost=31.08..4022.70 rows=1039 width=121)
	        Recheck Cond: ((id >= 2885025) AND (id <= 2886024))
	        ->  Bitmap Index Scan on sbtest8_pkey  (cost=0.00..30.82 rows=1039 width=0)
	              Index Cond: ((id >= 2885025) AND (id <= 2886024))

for: simple_ranges
table 1 : explain SELECT c FROM sbtest1 WHERE id BETWEEN 5263025 AND 5264024
	Bitmap Heap Scan on sbtest1  (cost=30.50..3803.40 rows=982 width=121)
	  Recheck Cond: ((id >= 5263025) AND (id <= 5264024))
	  ->  Bitmap Index Scan on sbtest1_pkey  (cost=0.00..30.25 rows=982 width=0)
	        Index Cond: ((id >= 5263025) AND (id <= 5264024))

table 2 : explain SELECT c FROM sbtest2 WHERE id BETWEEN 2367197 AND 2368196
	Bitmap Heap Scan on sbtest2  (cost=31.25..4079.96 rows=1055 width=121)
	  Recheck Cond: ((id >= 2367197) AND (id <= 2368196))
	  ->  Bitmap Index Scan on sbtest2_pkey  (cost=0.00..30.98 rows=1055 width=0)
	        Index Cond: ((id >= 2367197) AND (id <= 2368196))

table 3 : explain SELECT c FROM sbtest3 WHERE id BETWEEN 8945351 AND 8946350
	Bitmap Heap Scan on sbtest3  (cost=30.83..3926.08 rows=1014 width=121)
	  Recheck Cond: ((id >= 8945351) AND (id <= 8946350))
	  ->  Bitmap Index Scan on sbtest3_pkey  (cost=0.00..30.57 rows=1014 width=0)
	        Index Cond: ((id >= 8945351) AND (id <= 8946350))

table 4 : explain SELECT c FROM sbtest4 WHERE id BETWEEN 2130506 AND 2131505
	Bitmap Heap Scan on sbtest4  (cost=30.53..3816.62 rows=985 width=121)
	  Recheck Cond: ((id >= 2130506) AND (id <= 2131505))
	  ->  Bitmap Index Scan on sbtest4_pkey  (cost=0.00..30.29 rows=985 width=0)
	        Index Cond: ((id >= 2130506) AND (id <= 2131505))

table 5 : explain SELECT c FROM sbtest5 WHERE id BETWEEN 684597 AND 685596
	Bitmap Heap Scan on sbtest5  (cost=30.75..3900.68 rows=1006 width=121)
	  Recheck Cond: ((id >= 684597) AND (id <= 685596))
	  ->  Bitmap Index Scan on sbtest5_pkey  (cost=0.00..30.50 rows=1006 width=0)
	        Index Cond: ((id >= 684597) AND (id <= 685596))

table 6 : explain SELECT c FROM sbtest6 WHERE id BETWEEN 5958460 AND 5959459
	Bitmap Heap Scan on sbtest6  (cost=31.33..4112.76 rows=1063 width=121)
	  Recheck Cond: ((id >= 5958460) AND (id <= 5959459))
	  ->  Bitmap Index Scan on sbtest6_pkey  (cost=0.00..31.07 rows=1063 width=0)
	        Index Cond: ((id >= 5958460) AND (id <= 5959459))

table 7 : explain SELECT c FROM sbtest7 WHERE id BETWEEN 4066493 AND 4067492
	Bitmap Heap Scan on sbtest7  (cost=30.39..3768.40 rows=971 width=121)
	  Recheck Cond: ((id >= 4066493) AND (id <= 4067492))
	  ->  Bitmap Index Scan on sbtest7_pkey  (cost=0.00..30.14 rows=971 width=0)
	        Index Cond: ((id >= 4066493) AND (id <= 4067492))

table 8 : explain SELECT c FROM sbtest8 WHERE id BETWEEN 3114721 AND 3115720
	Bitmap Heap Scan on sbtest8  (cost=30.80..3917.06 rows=1011 width=121)
	  Recheck Cond: ((id >= 3114721) AND (id <= 3115720))
	  ->  Bitmap Index Scan on sbtest8_pkey  (cost=0.00..30.54 rows=1011 width=0)
	        Index Cond: ((id >= 3114721) AND (id <= 3115720))

for: distinct_ranges
table 1 : explain SELECT DISTINCT c FROM sbtest1 WHERE id BETWEEN 2458191 AND 2459190 ORDER BY c
	Unique  (cost=3917.27..3922.27 rows=999 width=121)
	  ->  Sort  (cost=3917.27..3919.77 rows=999 width=121)
	        Sort Key: c
	        ->  Bitmap Heap Scan on sbtest1  (cost=30.67..3867.50 rows=999 width=121)
	              Recheck Cond: ((id >= 2458191) AND (id <= 2459190))
	              ->  Bitmap Index Scan on sbtest1_pkey  (cost=0.00..30.43 rows=999 width=0)
	                    Index Cond: ((id >= 2458191) AND (id <= 2459190))

table 2 : explain SELECT DISTINCT c FROM sbtest2 WHERE id BETWEEN 919833 AND 920832 ORDER BY c
	Unique  (cost=3792.30..3797.13 rows=966 width=121)
	  ->  Sort  (cost=3792.30..3794.72 rows=966 width=121)
	        Sort Key: c
	        ->  Bitmap Heap Scan on sbtest2  (cost=30.34..3744.41 rows=966 width=121)
	              Recheck Cond: ((id >= 919833) AND (id <= 920832))
	              ->  Bitmap Index Scan on sbtest2_pkey  (cost=0.00..30.09 rows=966 width=0)
	                    Index Cond: ((id >= 919833) AND (id <= 920832))

table 3 : explain SELECT DISTINCT c FROM sbtest3 WHERE id BETWEEN 2323605 AND 2324604 ORDER BY c
	Unique  (cost=4076.19..4081.39 rows=1040 width=121)
	  ->  Sort  (cost=4076.19..4078.79 rows=1040 width=121)
	        Sort Key: c
	        ->  Bitmap Heap Scan on sbtest3  (cost=31.09..4024.07 rows=1040 width=121)
	              Recheck Cond: ((id >= 2323605) AND (id <= 2324604))
	              ->  Bitmap Index Scan on sbtest3_pkey  (cost=0.00..30.83 rows=1040 width=0)
	                    Index Cond: ((id >= 2323605) AND (id <= 2324604))

table 4 : explain SELECT DISTINCT c FROM sbtest4 WHERE id BETWEEN 2630867 AND 2631866 ORDER BY c
	Unique  (cost=3623.83..3628.44 rows=923 width=121)
	  ->  Sort  (cost=3623.83..3626.13 rows=923 width=121)
	        Sort Key: c
	        ->  Bitmap Heap Scan on sbtest4  (cost=25.90..3578.37 rows=923 width=121)
	              Recheck Cond: ((id >= 2630867) AND (id <= 2631866))
	              ->  Bitmap Index Scan on sbtest4_pkey  (cost=0.00..25.66 rows=923 width=0)
	                    Index Cond: ((id >= 2630867) AND (id <= 2631866))

table 5 : explain SELECT DISTINCT c FROM sbtest5 WHERE id BETWEEN 5558388 AND 5559387 ORDER BY c
	Unique  (cost=3801.17..3806.00 rows=967 width=121)
	  ->  Sort  (cost=3801.17..3803.58 rows=967 width=121)
	        Sort Key: c
	        ->  Bitmap Heap Scan on sbtest5  (cost=30.35..3753.21 rows=967 width=121)
	              Recheck Cond: ((id >= 5558388) AND (id <= 5559387))
	              ->  Bitmap Index Scan on sbtest5_pkey  (cost=0.00..30.11 rows=967 width=0)
	                    Index Cond: ((id >= 5558388) AND (id <= 5559387))

table 6 : explain SELECT DISTINCT c FROM sbtest6 WHERE id BETWEEN 1026943 AND 1027942 ORDER BY c
	Unique  (cost=3867.50..3872.43 rows=985 width=121)
	  ->  Sort  (cost=3867.50..3869.96 rows=985 width=121)
	        Sort Key: c
	        ->  Bitmap Heap Scan on sbtest6  (cost=30.53..3818.53 rows=985 width=121)
	              Recheck Cond: ((id >= 1026943) AND (id <= 1027942))
	              ->  Bitmap Index Scan on sbtest6_pkey  (cost=0.00..30.29 rows=985 width=0)
	                    Index Cond: ((id >= 1026943) AND (id <= 1027942))

table 7 : explain SELECT DISTINCT c FROM sbtest7 WHERE id BETWEEN 9298091 AND 9299090 ORDER BY c
	Unique  (cost=3866.49..3871.41 rows=984 width=121)
	  ->  Sort  (cost=3866.49..3868.95 rows=984 width=121)
	        Sort Key: c
	        ->  Bitmap Heap Scan on sbtest7  (cost=30.52..3817.57 rows=984 width=121)
	              Recheck Cond: ((id >= 9298091) AND (id <= 9299090))
	              ->  Bitmap Index Scan on sbtest7_pkey  (cost=0.00..30.27 rows=984 width=0)
	                    Index Cond: ((id >= 9298091) AND (id <= 9299090))

table 8 : explain SELECT DISTINCT c FROM sbtest8 WHERE id BETWEEN 9075280 AND 9076279 ORDER BY c
	Unique  (cost=4082.41..4087.62 rows=1041 width=121)
	  ->  Sort  (cost=4082.41..4085.02 rows=1041 width=121)
	        Sort Key: c
	        ->  Bitmap Heap Scan on sbtest8  (cost=31.11..4030.24 rows=1041 width=121)
	              Recheck Cond: ((id >= 9075280) AND (id <= 9076279))
	              ->  Bitmap Index Scan on sbtest8_pkey  (cost=0.00..30.84 rows=1041 width=0)
	                    Index Cond: ((id >= 9075280) AND (id <= 9076279))

for: distinct_ranges
table 1 : explain SELECT DISTINCT c FROM sbtest1 WHERE id BETWEEN 4562132 AND 4563131 ORDER BY c
	Unique  (cost=3695.13..3699.84 rows=941 width=121)
	  ->  Sort  (cost=3695.13..3697.48 rows=941 width=121)
	        Sort Key: c
	        ->  Bitmap Heap Scan on sbtest1  (cost=30.08..3648.65 rows=941 width=121)
	              Recheck Cond: ((id >= 4562132) AND (id <= 4563131))
	              ->  Bitmap Index Scan on sbtest1_pkey  (cost=0.00..29.84 rows=941 width=0)
	                    Index Cond: ((id >= 4562132) AND (id <= 4563131))

table 2 : explain SELECT DISTINCT c FROM sbtest2 WHERE id BETWEEN 5124064 AND 5125063 ORDER BY c
	Unique  (cost=3968.48..3973.54 rows=1012 width=121)
	  ->  Sort  (cost=3968.48..3971.01 rows=1012 width=121)
	        Sort Key: c
	        ->  Bitmap Heap Scan on sbtest2  (cost=30.81..3917.97 rows=1012 width=121)
	              Recheck Cond: ((id >= 5124064) AND (id <= 5125063))
	              ->  Bitmap Index Scan on sbtest2_pkey  (cost=0.00..30.55 rows=1012 width=0)
	                    Index Cond: ((id >= 5124064) AND (id <= 5125063))

table 3 : explain SELECT DISTINCT c FROM sbtest3 WHERE id BETWEEN 9455084 AND 9456083 ORDER BY c
	Unique  (cost=3999.67..4004.77 rows=1020 width=121)
	  ->  Sort  (cost=3999.67..4002.22 rows=1020 width=121)
	        Sort Key: c
	        ->  Bitmap Heap Scan on sbtest3  (cost=30.89..3948.70 rows=1020 width=121)
	              Recheck Cond: ((id >= 9455084) AND (id <= 9456083))
	              ->  Bitmap Index Scan on sbtest3_pkey  (cost=0.00..30.64 rows=1020 width=0)
	                    Index Cond: ((id >= 9455084) AND (id <= 9456083))

table 4 : explain SELECT DISTINCT c FROM sbtest4 WHERE id BETWEEN 5602593 AND 5603592 ORDER BY c
	Unique  (cost=3995.78..4000.87 rows=1019 width=121)
	  ->  Sort  (cost=3995.78..3998.33 rows=1019 width=121)
	        Sort Key: c
	        ->  Bitmap Heap Scan on sbtest4  (cost=30.88..3944.87 rows=1019 width=121)
	              Recheck Cond: ((id >= 5602593) AND (id <= 5603592))
	              ->  Bitmap Index Scan on sbtest4_pkey  (cost=0.00..30.62 rows=1019 width=0)
	                    Index Cond: ((id >= 5602593) AND (id <= 5603592))

table 5 : explain SELECT DISTINCT c FROM sbtest5 WHERE id BETWEEN 5452442 AND 5453441 ORDER BY c
	Unique  (cost=3512.65..3517.12 rows=893 width=121)
	  ->  Sort  (cost=3512.65..3514.88 rows=893 width=121)
	        Sort Key: c
	        ->  Bitmap Heap Scan on sbtest5  (cost=25.59..3468.88 rows=893 width=121)
	              Recheck Cond: ((id >= 5452442) AND (id <= 5453441))
	              ->  Bitmap Index Scan on sbtest5_pkey  (cost=0.00..25.36 rows=893 width=0)
	                    Index Cond: ((id >= 5452442) AND (id <= 5453441))

table 6 : explain SELECT DISTINCT c FROM sbtest6 WHERE id BETWEEN 3136698 AND 3137697 ORDER BY c
	Unique  (cost=3660.29..3664.94 rows=931 width=121)
	  ->  Sort  (cost=3660.29..3662.62 rows=931 width=121)
	        Sort Key: c
	        ->  Bitmap Heap Scan on sbtest6  (cost=29.98..3614.38 rows=931 width=121)
	              Recheck Cond: ((id >= 3136698) AND (id <= 3137697))
	              ->  Bitmap Index Scan on sbtest6_pkey  (cost=0.00..29.75 rows=931 width=0)
	                    Index Cond: ((id >= 3136698) AND (id <= 3137697))

table 7 : explain SELECT DISTINCT c FROM sbtest7 WHERE id BETWEEN 1716313 AND 1717312 ORDER BY c
	Unique  (cost=3870.33..3875.25 rows=985 width=121)
	  ->  Sort  (cost=3870.33..3872.79 rows=985 width=121)
	        Sort Key: c
	        ->  Bitmap Heap Scan on sbtest7  (cost=30.53..3821.35 rows=985 width=121)
	              Recheck Cond: ((id >= 1716313) AND (id <= 1717312))
	              ->  Bitmap Index Scan on sbtest7_pkey  (cost=0.00..30.29 rows=985 width=0)
	                    Index Cond: ((id >= 1716313) AND (id <= 1717312))

table 8 : explain SELECT DISTINCT c FROM sbtest8 WHERE id BETWEEN 2642057 AND 2643056 ORDER BY c
	Unique  (cost=3971.35..3976.41 rows=1012 width=121)
	  ->  Sort  (cost=3971.35..3973.88 rows=1012 width=121)
	        Sort Key: c
	        ->  Bitmap Heap Scan on sbtest8  (cost=30.81..3920.84 rows=1012 width=121)
	              Recheck Cond: ((id >= 2642057) AND (id <= 2643056))
	              ->  Bitmap Index Scan on sbtest8_pkey  (cost=0.00..30.55 rows=1012 width=0)
	                    Index Cond: ((id >= 2642057) AND (id <= 2643056))

for: sum_ranges
table 1 : explain SELECT SUM(k) FROM sbtest1 WHERE id BETWEEN 5193487 AND 5194486
	Aggregate  (cost=3805.86..3805.87 rows=1 width=8)
	  ->  Bitmap Heap Scan on sbtest1  (cost=30.50..3803.40 rows=982 width=4)
	        Recheck Cond: ((id >= 5193487) AND (id <= 5194486))
	        ->  Bitmap Index Scan on sbtest1_pkey  (cost=0.00..30.25 rows=982 width=0)
	              Index Cond: ((id >= 5193487) AND (id <= 5194486))

table 2 : explain SELECT SUM(k) FROM sbtest2 WHERE id BETWEEN 2112415 AND 2113414
	Aggregate  (cost=4120.26..4120.27 rows=1 width=8)
	  ->  Bitmap Heap Scan on sbtest2  (cost=31.35..4117.60 rows=1065 width=4)
	        Recheck Cond: ((id >= 2112415) AND (id <= 2113414))
	        ->  Bitmap Index Scan on sbtest2_pkey  (cost=0.00..31.08 rows=1065 width=0)
	              Index Cond: ((id >= 2112415) AND (id <= 2113414))

table 3 : explain SELECT SUM(k) FROM sbtest3 WHERE id BETWEEN 3494494 AND 3495493
	Aggregate  (cost=4004.05..4004.06 rows=1 width=8)
	  ->  Bitmap Heap Scan on sbtest3  (cost=31.03..4001.46 rows=1034 width=4)
	        Recheck Cond: ((id >= 3494494) AND (id <= 3495493))
	        ->  Bitmap Index Scan on sbtest3_pkey  (cost=0.00..30.77 rows=1034 width=0)
	              Index Cond: ((id >= 3494494) AND (id <= 3495493))

table 4 : explain SELECT SUM(k) FROM sbtest4 WHERE id BETWEEN 7335833 AND 7336832
	Aggregate  (cost=4086.91..4086.92 rows=1 width=8)
	  ->  Bitmap Heap Scan on sbtest4  (cost=31.26..4084.27 rows=1056 width=4)
	        Recheck Cond: ((id >= 7335833) AND (id <= 7336832))
	        ->  Bitmap Index Scan on sbtest4_pkey  (cost=0.00..31.00 rows=1056 width=0)
	              Index Cond: ((id >= 7335833) AND (id <= 7336832))

table 5 : explain SELECT SUM(k) FROM sbtest5 WHERE id BETWEEN 2985915 AND 2986914
	Aggregate  (cost=4171.36..4171.37 rows=1 width=8)
	  ->  Bitmap Heap Scan on sbtest5  (cost=31.47..4168.67 rows=1077 width=4)
	        Recheck Cond: ((id >= 2985915) AND (id <= 2986914))
	        ->  Bitmap Index Scan on sbtest5_pkey  (cost=0.00..31.20 rows=1077 width=0)
	              Index Cond: ((id >= 2985915) AND (id <= 2986914))

table 6 : explain SELECT SUM(k) FROM sbtest6 WHERE id BETWEEN 3961080 AND 3962079
	Aggregate  (cost=3885.23..3885.24 rows=1 width=8)
	  ->  Bitmap Heap Scan on sbtest6  (cost=30.71..3882.72 rows=1002 width=4)
	        Recheck Cond: ((id >= 3961080) AND (id <= 3962079))
	        ->  Bitmap Index Scan on sbtest6_pkey  (cost=0.00..30.45 rows=1002 width=0)
	              Index Cond: ((id >= 3961080) AND (id <= 3962079))

table 7 : explain SELECT SUM(k) FROM sbtest7 WHERE id BETWEEN 1241400 AND 1242399
	Aggregate  (cost=3944.84..3944.85 rows=1 width=8)
	  ->  Bitmap Heap Scan on sbtest7  (cost=30.86..3942.30 rows=1017 width=4)
	        Recheck Cond: ((id >= 1241400) AND (id <= 1242399))
	        ->  Bitmap Index Scan on sbtest7_pkey  (cost=0.00..30.61 rows=1017 width=0)
	              Index Cond: ((id >= 1241400) AND (id <= 1242399))

table 8 : explain SELECT SUM(k) FROM sbtest8 WHERE id BETWEEN 1021204 AND 1022203
	Aggregate  (cost=3685.18..3685.19 rows=1 width=8)
	  ->  Bitmap Heap Scan on sbtest8  (cost=30.16..3682.81 rows=949 width=4)
	        Recheck Cond: ((id >= 1021204) AND (id <= 1022203))
	        ->  Bitmap Index Scan on sbtest8_pkey  (cost=0.00..29.93 rows=949 width=0)
	              Index Cond: ((id >= 1021204) AND (id <= 1022203))

for point_selects
table 1 : explain SELECT c FROM sbtest1 WHERE id=5698578
	Index Scan using sbtest1_pkey on sbtest1  (cost=0.43..8.45 rows=1 width=121)
	  Index Cond: (id = 5698578)

table 2 : explain SELECT c FROM sbtest2 WHERE id=2489439
	Index Scan using sbtest2_pkey on sbtest2  (cost=0.43..8.45 rows=1 width=121)
	  Index Cond: (id = 2489439)

table 3 : explain SELECT c FROM sbtest3 WHERE id=1240459
	Index Scan using sbtest3_pkey on sbtest3  (cost=0.43..8.45 rows=1 width=121)
	  Index Cond: (id = 1240459)

table 4 : explain SELECT c FROM sbtest4 WHERE id=3125357
	Index Scan using sbtest4_pkey on sbtest4  (cost=0.43..8.45 rows=1 width=121)
	  Index Cond: (id = 3125357)

table 5 : explain SELECT c FROM sbtest5 WHERE id=8615353
	Index Scan using sbtest5_pkey on sbtest5  (cost=0.43..8.45 rows=1 width=121)
	  Index Cond: (id = 8615353)

table 6 : explain SELECT c FROM sbtest6 WHERE id=2273872
	Index Scan using sbtest6_pkey on sbtest6  (cost=0.43..8.45 rows=1 width=121)
	  Index Cond: (id = 2273872)

table 7 : explain SELECT c FROM sbtest7 WHERE id=583578
	Index Scan using sbtest7_pkey on sbtest7  (cost=0.43..8.45 rows=1 width=121)
	  Index Cond: (id = 583578)

table 8 : explain SELECT c FROM sbtest8 WHERE id=4045960
	Index Scan using sbtest8_pkey on sbtest8  (cost=0.43..8.45 rows=1 width=121)
	  Index Cond: (id = 4045960)

for point_selects
table 1 : explain SELECT c FROM sbtest1 WHERE id=374793
	Index Scan using sbtest1_pkey on sbtest1  (cost=0.43..8.45 rows=1 width=121)
	  Index Cond: (id = 374793)

table 2 : explain SELECT c FROM sbtest2 WHERE id=9632332
	Index Scan using sbtest2_pkey on sbtest2  (cost=0.43..8.45 rows=1 width=121)
	  Index Cond: (id = 9632332)

table 3 : explain SELECT c FROM sbtest3 WHERE id=2671988
	Index Scan using sbtest3_pkey on sbtest3  (cost=0.43..8.45 rows=1 width=121)
	  Index Cond: (id = 2671988)

table 4 : explain SELECT c FROM sbtest4 WHERE id=7515640
	Index Scan using sbtest4_pkey on sbtest4  (cost=0.43..8.45 rows=1 width=121)
	  Index Cond: (id = 7515640)

table 5 : explain SELECT c FROM sbtest5 WHERE id=9297809
	Index Scan using sbtest5_pkey on sbtest5  (cost=0.43..8.45 rows=1 width=121)
	  Index Cond: (id = 9297809)

table 6 : explain SELECT c FROM sbtest6 WHERE id=6048268
	Index Scan using sbtest6_pkey on sbtest6  (cost=0.43..8.45 rows=1 width=121)
	  Index Cond: (id = 6048268)

table 7 : explain SELECT c FROM sbtest7 WHERE id=1995414
	Index Scan using sbtest7_pkey on sbtest7  (cost=0.43..8.45 rows=1 width=121)
	  Index Cond: (id = 1995414)

table 8 : explain SELECT c FROM sbtest8 WHERE id=4869174
	Index Scan using sbtest8_pkey on sbtest8  (cost=0.43..8.45 rows=1 width=121)
	  Index Cond: (id = 4869174)

for: distinct_ranges
table 1 : explain SELECT DISTINCT c FROM sbtest1 WHERE id BETWEEN 7692225 AND 7693224 ORDER BY c
	Unique  (cost=3882.83..3887.78 rows=990 width=121)
	  ->  Sort  (cost=3882.83..3885.31 rows=990 width=121)
	        Sort Key: c
	        ->  Bitmap Heap Scan on sbtest1  (cost=30.58..3833.57 rows=990 width=121)
	              Recheck Cond: ((id >= 7692225) AND (id <= 7693224))
	              ->  Bitmap Index Scan on sbtest1_pkey  (cost=0.00..30.33 rows=990 width=0)
	                    Index Cond: ((id >= 7692225) AND (id <= 7693224))

table 2 : explain SELECT DISTINCT c FROM sbtest2 WHERE id BETWEEN 5437284 AND 5438283 ORDER BY c
	Unique  (cost=3573.48..3578.03 rows=910 width=121)
	  ->  Sort  (cost=3573.48..3575.75 rows=910 width=121)
	        Sort Key: c
	        ->  Bitmap Heap Scan on sbtest2  (cost=25.76..3528.75 rows=910 width=121)
	              Recheck Cond: ((id >= 5437284) AND (id <= 5438283))
	              ->  Bitmap Index Scan on sbtest2_pkey  (cost=0.00..25.54 rows=910 width=0)
	                    Index Cond: ((id >= 5437284) AND (id <= 5438283))

table 3 : explain SELECT DISTINCT c FROM sbtest3 WHERE id BETWEEN 1653243 AND 1654242 ORDER BY c
	Unique  (cost=3746.82..3751.59 rows=954 width=121)
	  ->  Sort  (cost=3746.82..3749.21 rows=954 width=121)
	        Sort Key: c
	        ->  Bitmap Heap Scan on sbtest3  (cost=30.21..3699.61 rows=954 width=121)
	              Recheck Cond: ((id >= 1653243) AND (id <= 1654242))
	              ->  Bitmap Index Scan on sbtest3_pkey  (cost=0.00..29.97 rows=954 width=0)
	                    Index Cond: ((id >= 1653243) AND (id <= 1654242))

table 4 : explain SELECT DISTINCT c FROM sbtest4 WHERE id BETWEEN 5395863 AND 5396862 ORDER BY c
	Unique  (cost=3834.94..3839.82 rows=977 width=121)
	  ->  Sort  (cost=3834.94..3837.38 rows=977 width=121)
	        Sort Key: c
	        ->  Bitmap Heap Scan on sbtest4  (cost=30.45..3786.42 rows=977 width=121)
	              Recheck Cond: ((id >= 5395863) AND (id <= 5396862))
	              ->  Bitmap Index Scan on sbtest4_pkey  (cost=0.00..30.20 rows=977 width=0)
	                    Index Cond: ((id >= 5395863) AND (id <= 5396862))

table 5 : explain SELECT DISTINCT c FROM sbtest5 WHERE id BETWEEN 532903 AND 533902 ORDER BY c
	Unique  (cost=3601.31..3605.88 rows=915 width=121)
	  ->  Sort  (cost=3601.31..3603.59 rows=915 width=121)
	        Sort Key: c
	        ->  Bitmap Heap Scan on sbtest5  (cost=29.81..3556.30 rows=915 width=121)
	              Recheck Cond: ((id >= 532903) AND (id <= 533902))
	              ->  Bitmap Index Scan on sbtest5_pkey  (cost=0.00..29.58 rows=915 width=0)
	                    Index Cond: ((id >= 532903) AND (id <= 533902))

table 6 : explain SELECT DISTINCT c FROM sbtest6 WHERE id BETWEEN 4320642 AND 4321641 ORDER BY c
	Unique  (cost=3786.96..3791.78 rows=964 width=121)
	  ->  Sort  (cost=3786.96..3789.37 rows=964 width=121)
	        Sort Key: c
	        ->  Bitmap Heap Scan on sbtest6  (cost=30.32..3739.18 rows=964 width=121)
	              Recheck Cond: ((id >= 4320642) AND (id <= 4321641))
	              ->  Bitmap Index Scan on sbtest6_pkey  (cost=0.00..30.07 rows=964 width=0)
	                    Index Cond: ((id >= 4320642) AND (id <= 4321641))

table 7 : explain SELECT DISTINCT c FROM sbtest7 WHERE id BETWEEN 5906418 AND 5907417 ORDER BY c
	Unique  (cost=4184.69..4190.02 rows=1067 width=121)
	  ->  Sort  (cost=4184.69..4187.35 rows=1067 width=121)
	        Sort Key: c
	        ->  Bitmap Heap Scan on sbtest7  (cost=31.37..4131.02 rows=1067 width=121)
	              Recheck Cond: ((id >= 5906418) AND (id <= 5907417))
	              ->  Bitmap Index Scan on sbtest7_pkey  (cost=0.00..31.11 rows=1067 width=0)
	                    Index Cond: ((id >= 5906418) AND (id <= 5907417))

table 8 : explain SELECT DISTINCT c FROM sbtest8 WHERE id BETWEEN 7512341 AND 7513340 ORDER BY c
	Unique  (cost=3867.86..3872.79 rows=985 width=121)
	  ->  Sort  (cost=3867.86..3870.32 rows=985 width=121)
	        Sort Key: c
	        ->  Bitmap Heap Scan on sbtest8  (cost=30.53..3818.89 rows=985 width=121)
	              Recheck Cond: ((id >= 7512341) AND (id <= 7513340))
	              ->  Bitmap Index Scan on sbtest8_pkey  (cost=0.00..30.29 rows=985 width=0)
	                    Index Cond: ((id >= 7512341) AND (id <= 7513340))

explain: for point_selects :: explain SELECT c FROM sbtest%u WHERE id=%u
for: simple_ranges
table 1 : explain SELECT c FROM sbtest1 WHERE id BETWEEN 3282682 AND 3283681
	Bitmap Heap Scan on sbtest1  (cost=30.82..3920.26 rows=1013 width=121)
	  Recheck Cond: ((id >= 3282682) AND (id <= 3283681))
	  ->  Bitmap Index Scan on sbtest1_pkey  (cost=0.00..30.57 rows=1013 width=0)
	        Index Cond: ((id >= 3282682) AND (id <= 3283681))

table 2 : explain SELECT c FROM sbtest2 WHERE id BETWEEN 5000186 AND 5001185
	Bitmap Heap Scan on sbtest2  (cost=31.48..4166.51 rows=1078 width=121)
	  Recheck Cond: ((id >= 5000186) AND (id <= 5001185))
	  ->  Bitmap Index Scan on sbtest2_pkey  (cost=0.00..31.21 rows=1078 width=0)
	        Index Cond: ((id >= 5000186) AND (id <= 5001185))

table 3 : explain SELECT c FROM sbtest3 WHERE id BETWEEN 7415723 AND 7416722
	Bitmap Heap Scan on sbtest3  (cost=31.72..4253.65 rows=1101 width=121)
	  Recheck Cond: ((id >= 7415723) AND (id <= 7416722))
	  ->  Bitmap Index Scan on sbtest3_pkey  (cost=0.00..31.44 rows=1101 width=0)
	        Index Cond: ((id >= 7415723) AND (id <= 7416722))

table 4 : explain SELECT c FROM sbtest4 WHERE id BETWEEN 2476890 AND 2477889
	Bitmap Heap Scan on sbtest4  (cost=31.83..4294.93 rows=1112 width=121)
	  Recheck Cond: ((id >= 2476890) AND (id <= 2477889))
	  ->  Bitmap Index Scan on sbtest4_pkey  (cost=0.00..31.55 rows=1112 width=0)
	        Index Cond: ((id >= 2476890) AND (id <= 2477889))

table 5 : explain SELECT c FROM sbtest5 WHERE id BETWEEN 9134441 AND 9135440
	Bitmap Heap Scan on sbtest5  (cost=30.80..3919.57 rows=1011 width=121)
	  Recheck Cond: ((id >= 9134441) AND (id <= 9135440))
	  ->  Bitmap Index Scan on sbtest5_pkey  (cost=0.00..30.54 rows=1011 width=0)
	        Index Cond: ((id >= 9134441) AND (id <= 9135440))

table 6 : explain SELECT c FROM sbtest6 WHERE id BETWEEN 5515478 AND 5516477
	Bitmap Heap Scan on sbtest6  (cost=31.88..4316.03 rows=1117 width=121)
	  Recheck Cond: ((id >= 5515478) AND (id <= 5516477))
	  ->  Bitmap Index Scan on sbtest6_pkey  (cost=0.00..31.61 rows=1117 width=0)
	        Index Cond: ((id >= 5515478) AND (id <= 5516477))

table 7 : explain SELECT c FROM sbtest7 WHERE id BETWEEN 5886854 AND 5887853
	Bitmap Heap Scan on sbtest7  (cost=31.37..4131.02 rows=1067 width=121)
	  Recheck Cond: ((id >= 5886854) AND (id <= 5887853))
	  ->  Bitmap Index Scan on sbtest7_pkey  (cost=0.00..31.11 rows=1067 width=0)
	        Index Cond: ((id >= 5886854) AND (id <= 5887853))

table 8 : explain SELECT c FROM sbtest8 WHERE id BETWEEN 4725654 AND 4726653
	Bitmap Heap Scan on sbtest8  (cost=30.66..3867.99 rows=998 width=121)
	  Recheck Cond: ((id >= 4725654) AND (id <= 4726653))
	  ->  Bitmap Index Scan on sbtest8_pkey  (cost=0.00..30.41 rows=998 width=0)
	        Index Cond: ((id >= 4725654) AND (id <= 4726653))

explain: for point_selects :: explain SELECT c FROM sbtest%u WHERE id=%u
for: sum_ranges
table 1 : explain SELECT SUM(k) FROM sbtest1 WHERE id BETWEEN 4657958 AND 4658957
	Aggregate  (cost=4126.20..4126.21 rows=1 width=8)
	  ->  Bitmap Heap Scan on sbtest1  (cost=31.37..4123.54 rows=1067 width=4)
	        Recheck Cond: ((id >= 4657958) AND (id <= 4658957))
	        ->  Bitmap Index Scan on sbtest1_pkey  (cost=0.00..31.11 rows=1067 width=0)
	              Index Cond: ((id >= 4657958) AND (id <= 4658957))

table 2 : explain SELECT SUM(k) FROM sbtest2 WHERE id BETWEEN 8722707 AND 8723706
	Aggregate  (cost=3697.69..3697.70 rows=1 width=8)
	  ->  Bitmap Heap Scan on sbtest2  (cost=30.20..3695.31 rows=953 width=4)
	        Recheck Cond: ((id >= 8722707) AND (id <= 8723706))
	        ->  Bitmap Index Scan on sbtest2_pkey  (cost=0.00..29.96 rows=953 width=0)
	              Index Cond: ((id >= 8722707) AND (id <= 8723706))

table 3 : explain SELECT SUM(k) FROM sbtest3 WHERE id BETWEEN 983950 AND 984949
	Aggregate  (cost=3611.00..3611.01 rows=1 width=8)
	  ->  Bitmap Heap Scan on sbtest3  (cost=25.98..3608.68 rows=931 width=4)
	        Recheck Cond: ((id >= 983950) AND (id <= 984949))
	        ->  Bitmap Index Scan on sbtest3_pkey  (cost=0.00..25.75 rows=931 width=0)
	              Index Cond: ((id >= 983950) AND (id <= 984949))

table 4 : explain SELECT SUM(k) FROM sbtest4 WHERE id BETWEEN 1623745 AND 1624744
	Aggregate  (cost=3879.49..3879.50 rows=1 width=8)
	  ->  Bitmap Heap Scan on sbtest4  (cost=30.70..3876.99 rows=1001 width=4)
	        Recheck Cond: ((id >= 1623745) AND (id <= 1624744))
	        ->  Bitmap Index Scan on sbtest4_pkey  (cost=0.00..30.44 rows=1001 width=0)
	              Index Cond: ((id >= 1623745) AND (id <= 1624744))

table 5 : explain SELECT SUM(k) FROM sbtest5 WHERE id BETWEEN 2852188 AND 2853187
	Aggregate  (cost=4186.45..4186.46 rows=1 width=8)
	  ->  Bitmap Heap Scan on sbtest5  (cost=31.52..4183.74 rows=1081 width=4)
	        Recheck Cond: ((id >= 2852188) AND (id <= 2853187))
	        ->  Bitmap Index Scan on sbtest5_pkey  (cost=0.00..31.25 rows=1081 width=0)
	              Index Cond: ((id >= 2852188) AND (id <= 2853187))

table 6 : explain SELECT SUM(k) FROM sbtest6 WHERE id BETWEEN 9352313 AND 9353312
	Aggregate  (cost=3809.65..3809.66 rows=1 width=8)
	  ->  Bitmap Heap Scan on sbtest6  (cost=30.50..3807.20 rows=982 width=4)
	        Recheck Cond: ((id >= 9352313) AND (id <= 9353312))
	        ->  Bitmap Index Scan on sbtest6_pkey  (cost=0.00..30.25 rows=982 width=0)
	              Index Cond: ((id >= 9352313) AND (id <= 9353312))

table 7 : explain SELECT SUM(k) FROM sbtest7 WHERE id BETWEEN 1104077 AND 1105076
	Aggregate  (cost=3429.40..3429.41 rows=1 width=8)
	  ->  Bitmap Heap Scan on sbtest7  (cost=25.48..3427.20 rows=882 width=4)
	        Recheck Cond: ((id >= 1104077) AND (id <= 1105076))
	        ->  Bitmap Index Scan on sbtest7_pkey  (cost=0.00..25.25 rows=882 width=0)
	              Index Cond: ((id >= 1104077) AND (id <= 1105076))

table 8 : explain SELECT SUM(k) FROM sbtest8 WHERE id BETWEEN 1824504 AND 1825503
	Aggregate  (cost=4142.22..4142.23 rows=1 width=8)
	  ->  Bitmap Heap Scan on sbtest8  (cost=31.40..4139.54 rows=1070 width=4)
	        Recheck Cond: ((id >= 1824504) AND (id <= 1825503))
	        ->  Bitmap Index Scan on sbtest8_pkey  (cost=0.00..31.14 rows=1070 width=0)
	              Index Cond: ((id >= 1824504) AND (id <= 1825503))

for: order_ranges
table 1 : explain SELECT c FROM sbtest1 WHERE id BETWEEN 9429327 AND 9430326 ORDER BY c
	Sort  (cost=3879.00..3881.48 rows=989 width=121)
	  Sort Key: c
	  ->  Bitmap Heap Scan on sbtest1  (cost=30.57..3829.80 rows=989 width=121)
	        Recheck Cond: ((id >= 9429327) AND (id <= 9430326))
	        ->  Bitmap Index Scan on sbtest1_pkey  (cost=0.00..30.32 rows=989 width=0)
	              Index Cond: ((id >= 9429327) AND (id <= 9430326))

table 2 : explain SELECT c FROM sbtest2 WHERE id BETWEEN 8755693 AND 8756692 ORDER BY c
	Sort  (cost=3742.47..3744.85 rows=953 width=121)
	  Sort Key: c
	  ->  Bitmap Heap Scan on sbtest2  (cost=30.20..3695.31 rows=953 width=121)
	        Recheck Cond: ((id >= 8755693) AND (id <= 8756692))
	        ->  Bitmap Index Scan on sbtest2_pkey  (cost=0.00..29.96 rows=953 width=0)
	              Index Cond: ((id >= 8755693) AND (id <= 8756692))

table 3 : explain SELECT c FROM sbtest3 WHERE id BETWEEN 7550296 AND 7551295 ORDER BY c
	Sort  (cost=3838.83..3841.27 rows=978 width=121)
	  Sort Key: c
	  ->  Bitmap Heap Scan on sbtest3  (cost=30.46..3790.25 rows=978 width=121)
	        Recheck Cond: ((id >= 7550296) AND (id <= 7551295))
	        ->  Bitmap Index Scan on sbtest3_pkey  (cost=0.00..30.21 rows=978 width=0)
	              Index Cond: ((id >= 7550296) AND (id <= 7551295))

table 4 : explain SELECT c FROM sbtest4 WHERE id BETWEEN 8442417 AND 8443416 ORDER BY c
	Sort  (cost=3746.77..3749.15 rows=954 width=121)
	  Sort Key: c
	  ->  Bitmap Heap Scan on sbtest4  (cost=30.21..3699.55 rows=954 width=121)
	        Recheck Cond: ((id >= 8442417) AND (id <= 8443416))
	        ->  Bitmap Index Scan on sbtest4_pkey  (cost=0.00..29.97 rows=954 width=0)
	              Index Cond: ((id >= 8442417) AND (id <= 8443416))

table 5 : explain SELECT c FROM sbtest5 WHERE id BETWEEN 1200985 AND 1201984 ORDER BY c
	Sort  (cost=4410.51..4413.32 rows=1125 width=121)
	  Sort Key: c
	  ->  Bitmap Heap Scan on sbtest5  (cost=35.97..4353.50 rows=1125 width=121)
	        Recheck Cond: ((id >= 1200985) AND (id <= 1201984))
	        ->  Bitmap Index Scan on sbtest5_pkey  (cost=0.00..35.69 rows=1125 width=0)
	              Index Cond: ((id >= 1200985) AND (id <= 1201984))

table 6 : explain SELECT c FROM sbtest6 WHERE id BETWEEN 864418 AND 865417 ORDER BY c
	Sort  (cost=3970.98..3973.51 rows=1012 width=121)
	  Sort Key: c
	  ->  Bitmap Heap Scan on sbtest6  (cost=30.81..3920.46 rows=1012 width=121)
	        Recheck Cond: ((id >= 864418) AND (id <= 865417))
	        ->  Bitmap Index Scan on sbtest6_pkey  (cost=0.00..30.55 rows=1012 width=0)
	              Index Cond: ((id >= 864418) AND (id <= 865417))

table 7 : explain SELECT c FROM sbtest7 WHERE id BETWEEN 4097355 AND 4098354 ORDER BY c
	Sort  (cost=3770.49..3772.89 rows=959 width=121)
	  Sort Key: c
	  ->  Bitmap Heap Scan on sbtest7  (cost=30.26..3722.99 rows=959 width=121)
	        Recheck Cond: ((id >= 4097355) AND (id <= 4098354))
	        ->  Bitmap Index Scan on sbtest7_pkey  (cost=0.00..30.02 rows=959 width=0)
	              Index Cond: ((id >= 4097355) AND (id <= 4098354))

table 8 : explain SELECT c FROM sbtest8 WHERE id BETWEEN 9791963 AND 9792962 ORDER BY c
	Sort  (cost=4147.47..4150.12 rows=1058 width=121)
	  Sort Key: c
	  ->  Bitmap Heap Scan on sbtest8  (cost=31.28..4094.33 rows=1058 width=121)
	        Recheck Cond: ((id >= 9791963) AND (id <= 9792962))
	        ->  Bitmap Index Scan on sbtest8_pkey  (cost=0.00..31.01 rows=1058 width=0)
	              Index Cond: ((id >= 9791963) AND (id <= 9792962))

for: simple_ranges
table 1 : explain SELECT c FROM sbtest1 WHERE id BETWEEN 9159341 AND 9160340
	Bitmap Heap Scan on sbtest1  (cost=30.67..3867.50 rows=999 width=121)
	  Recheck Cond: ((id >= 9159341) AND (id <= 9160340))
	  ->  Bitmap Index Scan on sbtest1_pkey  (cost=0.00..30.43 rows=999 width=0)
	        Index Cond: ((id >= 9159341) AND (id <= 9160340))

table 2 : explain SELECT c FROM sbtest2 WHERE id BETWEEN 2204124 AND 2205123
	Bitmap Heap Scan on sbtest2  (cost=30.45..3785.94 rows=977 width=121)
	  Recheck Cond: ((id >= 2204124) AND (id <= 2205123))
	  ->  Bitmap Index Scan on sbtest2_pkey  (cost=0.00..30.20 rows=977 width=0)
	        Index Cond: ((id >= 2204124) AND (id <= 2205123))

table 3 : explain SELECT c FROM sbtest3 WHERE id BETWEEN 9650546 AND 9651545
	Bitmap Heap Scan on sbtest3  (cost=30.15..3676.94 rows=948 width=121)
	  Recheck Cond: ((id >= 9650546) AND (id <= 9651545))
	  ->  Bitmap Index Scan on sbtest3_pkey  (cost=0.00..29.91 rows=948 width=0)
	        Index Cond: ((id >= 9650546) AND (id <= 9651545))

table 4 : explain SELECT c FROM sbtest4 WHERE id BETWEEN 5325382 AND 5326381
	Bitmap Heap Scan on sbtest4  (cost=30.78..3907.16 rows=1009 width=121)
	  Recheck Cond: ((id >= 5325382) AND (id <= 5326381))
	  ->  Bitmap Index Scan on sbtest4_pkey  (cost=0.00..30.52 rows=1009 width=0)
	        Index Cond: ((id >= 5325382) AND (id <= 5326381))

table 5 : explain SELECT c FROM sbtest5 WHERE id BETWEEN 9853994 AND 9854993
	Bitmap Heap Scan on sbtest5  (cost=30.33..3745.65 rows=965 width=121)
	  Recheck Cond: ((id >= 9853994) AND (id <= 9854993))
	  ->  Bitmap Index Scan on sbtest5_pkey  (cost=0.00..30.08 rows=965 width=0)
	        Index Cond: ((id >= 9853994) AND (id <= 9854993))

table 6 : explain SELECT c FROM sbtest6 WHERE id BETWEEN 8896227 AND 8897226
	Bitmap Heap Scan on sbtest6  (cost=31.39..4135.37 rows=1069 width=121)
	  Recheck Cond: ((id >= 8896227) AND (id <= 8897226))
	  ->  Bitmap Index Scan on sbtest6_pkey  (cost=0.00..31.12 rows=1069 width=0)
	        Index Cond: ((id >= 8896227) AND (id <= 8897226))

table 7 : explain SELECT c FROM sbtest7 WHERE id BETWEEN 9037877 AND 9038876
	Bitmap Heap Scan on sbtest7  (cost=30.94..3972.51 rows=1025 width=121)
	  Recheck Cond: ((id >= 9037877) AND (id <= 9038876))
	  ->  Bitmap Index Scan on sbtest7_pkey  (cost=0.00..30.68 rows=1025 width=0)
	        Index Cond: ((id >= 9037877) AND (id <= 9038876))

table 8 : explain SELECT c FROM sbtest8 WHERE id BETWEEN 307825 AND 308824
	Bitmap Heap Scan on sbtest8  (cost=30.65..3864.21 rows=997 width=121)
	  Recheck Cond: ((id >= 307825) AND (id <= 308824))
	  ->  Bitmap Index Scan on sbtest8_pkey  (cost=0.00..30.40 rows=997 width=0)
	        Index Cond: ((id >= 307825) AND (id <= 308824))

for: simple_ranges
table 1 : explain SELECT c FROM sbtest1 WHERE id BETWEEN 3565189 AND 3566188
	Bitmap Heap Scan on sbtest1  (cost=30.20..3693.97 rows=953 width=121)
	  Recheck Cond: ((id >= 3565189) AND (id <= 3566188))
	  ->  Bitmap Index Scan on sbtest1_pkey  (cost=0.00..29.96 rows=953 width=0)
	        Index Cond: ((id >= 3565189) AND (id <= 3566188))

table 2 : explain SELECT c FROM sbtest2 WHERE id BETWEEN 7292970 AND 7293969
	Bitmap Heap Scan on sbtest2  (cost=25.76..3528.75 rows=910 width=121)
	  Recheck Cond: ((id >= 7292970) AND (id <= 7293969))
	  ->  Bitmap Index Scan on sbtest2_pkey  (cost=0.00..25.54 rows=910 width=0)
	        Index Cond: ((id >= 7292970) AND (id <= 7293969))

table 3 : explain SELECT c FROM sbtest3 WHERE id BETWEEN 5731761 AND 5732760
	Bitmap Heap Scan on sbtest3  (cost=30.68..3873.27 rows=1000 width=121)
	  Recheck Cond: ((id >= 5731761) AND (id <= 5732760))
	  ->  Bitmap Index Scan on sbtest3_pkey  (cost=0.00..30.43 rows=1000 width=0)
	        Index Cond: ((id >= 5731761) AND (id <= 5732760))

table 4 : explain SELECT c FROM sbtest4 WHERE id BETWEEN 6980438 AND 6981437
	Bitmap Heap Scan on sbtest4  (cost=30.98..3982.56 rows=1029 width=121)
	  Recheck Cond: ((id >= 6980438) AND (id <= 6981437))
	  ->  Bitmap Index Scan on sbtest4_pkey  (cost=0.00..30.72 rows=1029 width=0)
	        Index Cond: ((id >= 6980438) AND (id <= 6981437))

table 5 : explain SELECT c FROM sbtest5 WHERE id BETWEEN 8434320 AND 8435319
	Bitmap Heap Scan on sbtest5  (cost=30.81..3923.35 rows=1012 width=121)
	  Recheck Cond: ((id >= 8434320) AND (id <= 8435319))
	  ->  Bitmap Index Scan on sbtest5_pkey  (cost=0.00..30.55 rows=1012 width=0)
	        Index Cond: ((id >= 8434320) AND (id <= 8435319))

table 6 : explain SELECT c FROM sbtest6 WHERE id BETWEEN 7460342 AND 7461341
	Bitmap Heap Scan on sbtest6  (cost=30.13..3671.12 rows=946 width=121)
	  Recheck Cond: ((id >= 7460342) AND (id <= 7461341))
	  ->  Bitmap Index Scan on sbtest6_pkey  (cost=0.00..29.89 rows=946 width=0)
	        Index Cond: ((id >= 7460342) AND (id <= 7461341))

table 7 : explain SELECT c FROM sbtest7 WHERE id BETWEEN 9942026 AND 9943025
	Bitmap Heap Scan on sbtest7  (cost=30.16..3685.14 rows=949 width=121)
	  Recheck Cond: ((id >= 9942026) AND (id <= 9943025))
	  ->  Bitmap Index Scan on sbtest7_pkey  (cost=0.00..29.93 rows=949 width=0)
	        Index Cond: ((id >= 9942026) AND (id <= 9943025))

table 8 : explain SELECT c FROM sbtest8 WHERE id BETWEEN 1350441 AND 1351440
	Bitmap Heap Scan on sbtest8  (cost=31.01..3996.30 rows=1032 width=121)
	  Recheck Cond: ((id >= 1350441) AND (id <= 1351440))
	  ->  Bitmap Index Scan on sbtest8_pkey  (cost=0.00..30.75 rows=1032 width=0)
	        Index Cond: ((id >= 1350441) AND (id <= 1351440))

for: sum_ranges
table 1 : explain SELECT SUM(k) FROM sbtest1 WHERE id BETWEEN 6234958 AND 6235957
	Aggregate  (cost=3696.35..3696.36 rows=1 width=8)
	  ->  Bitmap Heap Scan on sbtest1  (cost=30.20..3693.97 rows=953 width=4)
	        Recheck Cond: ((id >= 6234958) AND (id <= 6235957))
	        ->  Bitmap Index Scan on sbtest1_pkey  (cost=0.00..29.96 rows=953 width=0)
	              Index Cond: ((id >= 6234958) AND (id <= 6235957))

table 2 : explain SELECT SUM(k) FROM sbtest2 WHERE id BETWEEN 240334 AND 241333
	Aggregate  (cost=3875.22..3875.23 rows=1 width=8)
	  ->  Bitmap Heap Scan on sbtest2  (cost=30.68..3872.72 rows=1000 width=4)
	        Recheck Cond: ((id >= 240334) AND (id <= 241333))
	        ->  Bitmap Index Scan on sbtest2_pkey  (cost=0.00..30.43 rows=1000 width=0)
	              Index Cond: ((id >= 240334) AND (id <= 241333))

table 3 : explain SELECT SUM(k) FROM sbtest3 WHERE id BETWEEN 6035555 AND 6036554
	Aggregate  (cost=3928.61..3928.62 rows=1 width=8)
	  ->  Bitmap Heap Scan on sbtest3  (cost=30.83..3926.08 rows=1014 width=4)
	        Recheck Cond: ((id >= 6035555) AND (id <= 6036554))
	        ->  Bitmap Index Scan on sbtest3_pkey  (cost=0.00..30.57 rows=1014 width=0)
	              Index Cond: ((id >= 6035555) AND (id <= 6036554))

table 4 : explain SELECT SUM(k) FROM sbtest4 WHERE id BETWEEN 7836387 AND 7837386
	Aggregate  (cost=3705.72..3705.73 rows=1 width=8)
	  ->  Bitmap Heap Scan on sbtest4  (cost=30.22..3703.33 rows=955 width=4)
	        Recheck Cond: ((id >= 7836387) AND (id <= 7837386))
	        ->  Bitmap Index Scan on sbtest4_pkey  (cost=0.00..29.98 rows=955 width=0)
	              Index Cond: ((id >= 7836387) AND (id <= 7837386))

table 5 : explain SELECT SUM(k) FROM sbtest5 WHERE id BETWEEN 253078 AND 254077
	Aggregate  (cost=3725.34..3725.35 rows=1 width=8)
	  ->  Bitmap Heap Scan on sbtest5  (cost=30.26..3722.94 rows=959 width=4)
	        Recheck Cond: ((id >= 253078) AND (id <= 254077))
	        ->  Bitmap Index Scan on sbtest5_pkey  (cost=0.00..30.02 rows=959 width=0)
	              Index Cond: ((id >= 253078) AND (id <= 254077))

table 6 : explain SELECT SUM(k) FROM sbtest6 WHERE id BETWEEN 9641597 AND 9642596
	Aggregate  (cost=3832.33..3832.34 rows=1 width=8)
	  ->  Bitmap Heap Scan on sbtest6  (cost=30.56..3829.86 rows=988 width=4)
	        Recheck Cond: ((id >= 9641597) AND (id <= 9642596))
	        ->  Bitmap Index Scan on sbtest6_pkey  (cost=0.00..30.32 rows=988 width=0)
	              Index Cond: ((id >= 9641597) AND (id <= 9642596))

table 7 : explain SELECT SUM(k) FROM sbtest7 WHERE id BETWEEN 7343787 AND 7344786
	Aggregate  (cost=3751.90..3751.91 rows=1 width=8)
	  ->  Bitmap Heap Scan on sbtest7  (cost=30.34..3749.48 rows=966 width=4)
	        Recheck Cond: ((id >= 7343787) AND (id <= 7344786))
	        ->  Bitmap Index Scan on sbtest7_pkey  (cost=0.00..30.09 rows=966 width=0)
	              Index Cond: ((id >= 7343787) AND (id <= 7344786))

table 8 : explain SELECT SUM(k) FROM sbtest8 WHERE id BETWEEN 6728368 AND 6729367
	Aggregate  (cost=4093.20..4093.21 rows=1 width=8)
	  ->  Bitmap Heap Scan on sbtest8  (cost=31.27..4090.56 rows=1057 width=4)
	        Recheck Cond: ((id >= 6728368) AND (id <= 6729367))
	        ->  Bitmap Index Scan on sbtest8_pkey  (cost=0.00..31.00 rows=1057 width=0)
	              Index Cond: ((id >= 6728368) AND (id <= 6729367))

for: order_ranges
table 1 : explain SELECT c FROM sbtest1 WHERE id BETWEEN 3191659 AND 3192658 ORDER BY c
	Sort  (cost=3970.83..3973.37 rows=1013 width=121)
	  Sort Key: c
	  ->  Bitmap Heap Scan on sbtest1  (cost=30.82..3920.26 rows=1013 width=121)
	        Recheck Cond: ((id >= 3191659) AND (id <= 3192658))
	        ->  Bitmap Index Scan on sbtest1_pkey  (cost=0.00..30.57 rows=1013 width=0)
	              Index Cond: ((id >= 3191659) AND (id <= 3192658))

table 2 : explain SELECT c FROM sbtest2 WHERE id BETWEEN 9384553 AND 9385552 ORDER BY c
	Sort  (cost=3949.34..3951.86 rows=1007 width=121)
	  Sort Key: c
	  ->  Bitmap Heap Scan on sbtest2  (cost=30.76..3899.11 rows=1007 width=121)
	        Recheck Cond: ((id >= 9384553) AND (id <= 9385552))
	        ->  Bitmap Index Scan on sbtest2_pkey  (cost=0.00..30.50 rows=1007 width=0)
	              Index Cond: ((id >= 9384553) AND (id <= 9385552))

table 3 : explain SELECT c FROM sbtest3 WHERE id BETWEEN 491567 AND 492566 ORDER BY c
	Sort  (cost=4068.54..4071.13 rows=1038 width=121)
	  Sort Key: c
	  ->  Bitmap Heap Scan on sbtest3  (cost=31.07..4016.53 rows=1038 width=121)
	        Recheck Cond: ((id >= 491567) AND (id <= 492566))
	        ->  Bitmap Index Scan on sbtest3_pkey  (cost=0.00..30.82 rows=1038 width=0)
	              Index Cond: ((id >= 491567) AND (id <= 492566))

table 4 : explain SELECT c FROM sbtest4 WHERE id BETWEEN 7762873 AND 7763872 ORDER BY c
	Sort  (cost=3995.78..3998.33 rows=1019 width=121)
	  Sort Key: c
	  ->  Bitmap Heap Scan on sbtest4  (cost=30.88..3944.87 rows=1019 width=121)
	        Recheck Cond: ((id >= 7762873) AND (id <= 7763872))
	        ->  Bitmap Index Scan on sbtest4_pkey  (cost=0.00..30.62 rows=1019 width=0)
	              Index Cond: ((id >= 7762873) AND (id <= 7763872))

table 5 : explain SELECT c FROM sbtest5 WHERE id BETWEEN 8862516 AND 8863515 ORDER BY c
	Sort  (cost=4310.92..4313.67 rows=1100 width=121)
	  Sort Key: c
	  ->  Bitmap Heap Scan on sbtest5  (cost=31.71..4255.35 rows=1100 width=121)
	        Recheck Cond: ((id >= 8862516) AND (id <= 8863515))
	        ->  Bitmap Index Scan on sbtest5_pkey  (cost=0.00..31.43 rows=1100 width=0)
	              Index Cond: ((id >= 8862516) AND (id <= 8863515))

table 6 : explain SELECT c FROM sbtest6 WHERE id BETWEEN 211432 AND 212431 ORDER BY c
	Sort  (cost=3679.49..3681.83 rows=936 width=121)
	  Sort Key: c
	  ->  Bitmap Heap Scan on sbtest6  (cost=30.03..3633.30 rows=936 width=121)
	        Recheck Cond: ((id >= 211432) AND (id <= 212431))
	        ->  Bitmap Index Scan on sbtest6_pkey  (cost=0.00..29.79 rows=936 width=0)
	              Index Cond: ((id >= 211432) AND (id <= 212431))

table 7 : explain SELECT c FROM sbtest7 WHERE id BETWEEN 8544700 AND 8545699 ORDER BY c
	Sort  (cost=3820.42..3822.85 rows=972 width=121)
	  Sort Key: c
	  ->  Bitmap Heap Scan on sbtest7  (cost=30.40..3772.18 rows=972 width=121)
	        Recheck Cond: ((id >= 8544700) AND (id <= 8545699))
	        ->  Bitmap Index Scan on sbtest7_pkey  (cost=0.00..30.15 rows=972 width=0)
	              Index Cond: ((id >= 8544700) AND (id <= 8545699))

table 8 : explain SELECT c FROM sbtest8 WHERE id BETWEEN 192826 AND 193825 ORDER BY c
	Sort  (cost=3610.67..3612.97 rows=918 width=121)
	  Sort Key: c
	  ->  Bitmap Heap Scan on sbtest8  (cost=29.84..3565.50 rows=918 width=121)
	        Recheck Cond: ((id >= 192826) AND (id <= 193825))
	        ->  Bitmap Index Scan on sbtest8_pkey  (cost=0.00..29.61 rows=918 width=0)
	              Index Cond: ((id >= 192826) AND (id <= 193825))

for point_selects
table 1 : explain SELECT c FROM sbtest1 WHERE id=5303919
	Index Scan using sbtest1_pkey on sbtest1  (cost=0.43..8.45 rows=1 width=121)
	  Index Cond: (id = 5303919)

table 2 : explain SELECT c FROM sbtest2 WHERE id=7453868
	Index Scan using sbtest2_pkey on sbtest2  (cost=0.43..8.45 rows=1 width=121)
	  Index Cond: (id = 7453868)

table 3 : explain SELECT c FROM sbtest3 WHERE id=7557089
	Index Scan using sbtest3_pkey on sbtest3  (cost=0.43..8.45 rows=1 width=121)
	  Index Cond: (id = 7557089)

table 4 : explain SELECT c FROM sbtest4 WHERE id=8195555
	Index Scan using sbtest4_pkey on sbtest4  (cost=0.43..8.45 rows=1 width=121)
	  Index Cond: (id = 8195555)

table 5 : explain SELECT c FROM sbtest5 WHERE id=4876319
	Index Scan using sbtest5_pkey on sbtest5  (cost=0.43..8.45 rows=1 width=121)
	  Index Cond: (id = 4876319)

table 6 : explain SELECT c FROM sbtest6 WHERE id=2471232
	Index Scan using sbtest6_pkey on sbtest6  (cost=0.43..8.45 rows=1 width=121)
	  Index Cond: (id = 2471232)

table 7 : explain SELECT c FROM sbtest7 WHERE id=9190836
	Index Scan using sbtest7_pkey on sbtest7  (cost=0.43..8.45 rows=1 width=121)
	  Index Cond: (id = 9190836)

table 8 : explain SELECT c FROM sbtest8 WHERE id=1878583
	Index Scan using sbtest8_pkey on sbtest8  (cost=0.43..8.45 rows=1 width=121)
	  Index Cond: (id = 1878583)

for: distinct_ranges
table 1 : explain SELECT DISTINCT c FROM sbtest1 WHERE id BETWEEN 6833901 AND 6834900 ORDER BY c
	Unique  (cost=3894.31..3899.28 rows=993 width=121)
	  ->  Sort  (cost=3894.31..3896.80 rows=993 width=121)
	        Sort Key: c
	        ->  Bitmap Heap Scan on sbtest1  (cost=30.61..3844.88 rows=993 width=121)
	              Recheck Cond: ((id >= 6833901) AND (id <= 6834900))
	              ->  Bitmap Index Scan on sbtest1_pkey  (cost=0.00..30.36 rows=993 width=0)
	                    Index Cond: ((id >= 6833901) AND (id <= 6834900))

table 2 : explain SELECT DISTINCT c FROM sbtest2 WHERE id BETWEEN 9001584 AND 9002583 ORDER BY c
	Unique  (cost=4365.87..4371.45 rows=1116 width=121)
	  ->  Sort  (cost=4365.87..4368.66 rows=1116 width=121)
	        Sort Key: c
	        ->  Bitmap Heap Scan on sbtest2  (cost=31.87..4309.38 rows=1116 width=121)
	              Recheck Cond: ((id >= 9001584) AND (id <= 9002583))
	              ->  Bitmap Index Scan on sbtest2_pkey  (cost=0.00..31.59 rows=1116 width=0)
	                    Index Cond: ((id >= 9001584) AND (id <= 9002583))

table 3 : explain SELECT DISTINCT c FROM sbtest3 WHERE id BETWEEN 7619052 AND 7620051 ORDER BY c
	Unique  (cost=4377.98..4383.57 rows=1119 width=121)
	  ->  Sort  (cost=4377.98..4380.77 rows=1119 width=121)
	        Sort Key: c
	        ->  Bitmap Heap Scan on sbtest3  (cost=31.90..4321.31 rows=1119 width=121)
	              Recheck Cond: ((id >= 7619052) AND (id <= 7620051))
	              ->  Bitmap Index Scan on sbtest3_pkey  (cost=0.00..31.62 rows=1119 width=0)
	                    Index Cond: ((id >= 7619052) AND (id <= 7620051))

table 4 : explain SELECT DISTINCT c FROM sbtest4 WHERE id BETWEEN 2456145 AND 2457144 ORDER BY c
	Unique  (cost=4351.19..4356.75 rows=1112 width=121)
	  ->  Sort  (cost=4351.19..4353.97 rows=1112 width=121)
	        Sort Key: c
	        ->  Bitmap Heap Scan on sbtest4  (cost=31.83..4294.93 rows=1112 width=121)
	              Recheck Cond: ((id >= 2456145) AND (id <= 2457144))
	              ->  Bitmap Index Scan on sbtest4_pkey  (cost=0.00..31.55 rows=1112 width=0)
	                    Index Cond: ((id >= 2456145) AND (id <= 2457144))

table 5 : explain SELECT DISTINCT c FROM sbtest5 WHERE id BETWEEN 3158259 AND 3159258 ORDER BY c
	Unique  (cost=4100.36..4105.59 rows=1045 width=121)
	  ->  Sort  (cost=4100.36..4102.97 rows=1045 width=121)
	        Sort Key: c
	        ->  Bitmap Heap Scan on sbtest5  (cost=31.15..4047.96 rows=1045 width=121)
	              Recheck Cond: ((id >= 3158259) AND (id <= 3159258))
	              ->  Bitmap Index Scan on sbtest5_pkey  (cost=0.00..30.89 rows=1045 width=0)
	                    Index Cond: ((id >= 3158259) AND (id <= 3159258))

table 6 : explain SELECT DISTINCT c FROM sbtest6 WHERE id BETWEEN 842315 AND 843314 ORDER BY c
	Unique  (cost=3970.98..3976.04 rows=1012 width=121)
	  ->  Sort  (cost=3970.98..3973.51 rows=1012 width=121)
	        Sort Key: c
	        ->  Bitmap Heap Scan on sbtest6  (cost=30.81..3920.46 rows=1012 width=121)
	              Recheck Cond: ((id >= 842315) AND (id <= 843314))
	              ->  Bitmap Index Scan on sbtest6_pkey  (cost=0.00..30.55 rows=1012 width=0)
	                    Index Cond: ((id >= 842315) AND (id <= 843314))

table 7 : explain SELECT DISTINCT c FROM sbtest7 WHERE id BETWEEN 4973949 AND 4974948 ORDER BY c
	Unique  (cost=3916.38..3921.36 rows=997 width=121)
	  ->  Sort  (cost=3916.38..3918.87 rows=997 width=121)
	        Sort Key: c
	        ->  Bitmap Heap Scan on sbtest7  (cost=30.65..3866.72 rows=997 width=121)
	              Recheck Cond: ((id >= 4973949) AND (id <= 4974948))
	              ->  Bitmap Index Scan on sbtest7_pkey  (cost=0.00..30.40 rows=997 width=0)
	                    Index Cond: ((id >= 4973949) AND (id <= 4974948))

table 8 : explain SELECT DISTINCT c FROM sbtest8 WHERE id BETWEEN 2051288 AND 2052287 ORDER BY c
	Unique  (cost=3864.03..3868.95 rows=984 width=121)
	  ->  Sort  (cost=3864.03..3866.49 rows=984 width=121)
	        Sort Key: c
	        ->  Bitmap Heap Scan on sbtest8  (cost=30.52..3815.11 rows=984 width=121)
	              Recheck Cond: ((id >= 2051288) AND (id <= 2052287))
	              ->  Bitmap Index Scan on sbtest8_pkey  (cost=0.00..30.27 rows=984 width=0)
	                    Index Cond: ((id >= 2051288) AND (id <= 2052287))

for point_selects
table 1 : explain SELECT c FROM sbtest1 WHERE id=1960512
	Index Scan using sbtest1_pkey on sbtest1  (cost=0.43..8.45 rows=1 width=121)
	  Index Cond: (id = 1960512)

table 2 : explain SELECT c FROM sbtest2 WHERE id=3085378
	Index Scan using sbtest2_pkey on sbtest2  (cost=0.43..8.45 rows=1 width=121)
	  Index Cond: (id = 3085378)

table 3 : explain SELECT c FROM sbtest3 WHERE id=8058999
	Index Scan using sbtest3_pkey on sbtest3  (cost=0.43..8.45 rows=1 width=121)
	  Index Cond: (id = 8058999)

table 4 : explain SELECT c FROM sbtest4 WHERE id=4083216
	Index Scan using sbtest4_pkey on sbtest4  (cost=0.43..8.45 rows=1 width=121)
	  Index Cond: (id = 4083216)

table 5 : explain SELECT c FROM sbtest5 WHERE id=2927684
	Index Scan using sbtest5_pkey on sbtest5  (cost=0.43..8.45 rows=1 width=121)
	  Index Cond: (id = 2927684)

table 6 : explain SELECT c FROM sbtest6 WHERE id=5430537
	Index Scan using sbtest6_pkey on sbtest6  (cost=0.43..8.45 rows=1 width=121)
	  Index Cond: (id = 5430537)

table 7 : explain SELECT c FROM sbtest7 WHERE id=9561977
	Index Scan using sbtest7_pkey on sbtest7  (cost=0.43..8.45 rows=1 width=121)
	  Index Cond: (id = 9561977)

table 8 : explain SELECT c FROM sbtest8 WHERE id=7214542
	Index Scan using sbtest8_pkey on sbtest8  (cost=0.43..8.45 rows=1 width=121)
	  Index Cond: (id = 7214542)

for: sum_ranges
table 1 : explain SELECT SUM(k) FROM sbtest1 WHERE id BETWEEN 66760 AND 67759
	Aggregate  (cost=3768.11..3768.12 rows=1 width=8)
	  ->  Bitmap Heap Scan on sbtest1  (cost=30.40..3765.68 rows=972 width=4)
	        Recheck Cond: ((id >= 66760) AND (id <= 67759))
	        ->  Bitmap Index Scan on sbtest1_pkey  (cost=0.00..30.15 rows=972 width=0)
	              Index Cond: ((id >= 66760) AND (id <= 67759))

table 2 : explain SELECT SUM(k) FROM sbtest2 WHERE id BETWEEN 2920828 AND 2921827
	Aggregate  (cost=3591.58..3591.59 rows=1 width=8)
	  ->  Bitmap Heap Scan on sbtest2  (cost=25.93..3589.27 rows=926 width=4)
	        Recheck Cond: ((id >= 2920828) AND (id <= 2921827))
	        ->  Bitmap Index Scan on sbtest2_pkey  (cost=0.00..25.69 rows=926 width=0)
	              Index Cond: ((id >= 2920828) AND (id <= 2921827))

table 3 : explain SELECT SUM(k) FROM sbtest3 WHERE id BETWEEN 730250 AND 731249
	Aggregate  (cost=3561.80..3561.81 rows=1 width=8)
	  ->  Bitmap Heap Scan on sbtest3  (cost=25.84..3559.51 rows=918 width=4)
	        Recheck Cond: ((id >= 730250) AND (id <= 731249))
	        ->  Bitmap Index Scan on sbtest3_pkey  (cost=0.00..25.61 rows=918 width=0)
	              Index Cond: ((id >= 730250) AND (id <= 731249))

table 4 : explain SELECT SUM(k) FROM sbtest4 WHERE id BETWEEN 9505334 AND 9506333
	Aggregate  (cost=3769.97..3769.98 rows=1 width=8)
	  ->  Bitmap Heap Scan on sbtest4  (cost=30.40..3767.54 rows=972 width=4)
	        Recheck Cond: ((id >= 9505334) AND (id <= 9506333))
	        ->  Bitmap Index Scan on sbtest4_pkey  (cost=0.00..30.15 rows=972 width=0)
	              Index Cond: ((id >= 9505334) AND (id <= 9506333))

table 5 : explain SELECT SUM(k) FROM sbtest5 WHERE id BETWEEN 7123414 AND 7124413
	Aggregate  (cost=3528.24..3528.25 rows=1 width=8)
	  ->  Bitmap Heap Scan on sbtest5  (cost=29.73..3525.97 rows=907 width=4)
	        Recheck Cond: ((id >= 7123414) AND (id <= 7124413))
	        ->  Bitmap Index Scan on sbtest5_pkey  (cost=0.00..29.50 rows=907 width=0)
	              Index Cond: ((id >= 7123414) AND (id <= 7124413))

table 6 : explain SELECT SUM(k) FROM sbtest6 WHERE id BETWEEN 8358530 AND 8359529
	Aggregate  (cost=3730.24..3730.25 rows=1 width=8)
	  ->  Bitmap Heap Scan on sbtest6  (cost=30.29..3727.84 rows=961 width=4)
	        Recheck Cond: ((id >= 8358530) AND (id <= 8359529))
	        ->  Bitmap Index Scan on sbtest6_pkey  (cost=0.00..30.04 rows=961 width=0)
	              Index Cond: ((id >= 8358530) AND (id <= 8359529))

table 7 : explain SELECT SUM(k) FROM sbtest7 WHERE id BETWEEN 4804812 AND 4805811
	Aggregate  (cost=4073.29..4073.30 rows=1 width=8)
	  ->  Bitmap Heap Scan on sbtest7  (cost=31.21..4070.66 rows=1051 width=4)
	        Recheck Cond: ((id >= 4804812) AND (id <= 4805811))
	        ->  Bitmap Index Scan on sbtest7_pkey  (cost=0.00..30.94 rows=1051 width=0)
	              Index Cond: ((id >= 4804812) AND (id <= 4805811))

table 8 : explain SELECT SUM(k) FROM sbtest8 WHERE id BETWEEN 3029710 AND 3030709
	Aggregate  (cost=3847.81..3847.82 rows=1 width=8)
	  ->  Bitmap Heap Scan on sbtest8  (cost=30.60..3845.33 rows=992 width=4)
	        Recheck Cond: ((id >= 3029710) AND (id <= 3030709))
	        ->  Bitmap Index Scan on sbtest8_pkey  (cost=0.00..30.36 rows=992 width=0)
	              Index Cond: ((id >= 3029710) AND (id <= 3030709))

explain: for point_selects :: explain SELECT c FROM sbtest%u WHERE id=%u
for: sum_ranges
table 1 : explain SELECT SUM(k) FROM sbtest1 WHERE id BETWEEN 1922452 AND 1923451
	Aggregate  (cost=3922.80..3922.81 rows=1 width=8)
	  ->  Bitmap Heap Scan on sbtest1  (cost=30.82..3920.26 rows=1013 width=4)
	        Recheck Cond: ((id >= 1922452) AND (id <= 1923451))
	        ->  Bitmap Index Scan on sbtest1_pkey  (cost=0.00..30.57 rows=1013 width=0)
	              Index Cond: ((id >= 1922452) AND (id <= 1923451))

table 2 : explain SELECT SUM(k) FROM sbtest2 WHERE id BETWEEN 2515746 AND 2516745
	Aggregate  (cost=4131.56..4131.57 rows=1 width=8)
	  ->  Bitmap Heap Scan on sbtest2  (cost=31.38..4128.89 rows=1068 width=4)
	        Recheck Cond: ((id >= 2515746) AND (id <= 2516745))
	        ->  Bitmap Index Scan on sbtest2_pkey  (cost=0.00..31.11 rows=1068 width=0)
	              Index Cond: ((id >= 2515746) AND (id <= 2516745))

table 3 : explain SELECT SUM(k) FROM sbtest3 WHERE id BETWEEN 9893092 AND 9894091
	Aggregate  (cost=3970.11..3970.12 rows=1 width=8)
	  ->  Bitmap Heap Scan on sbtest3  (cost=30.94..3967.54 rows=1025 width=4)
	        Recheck Cond: ((id >= 9893092) AND (id <= 9894091))
	        ->  Bitmap Index Scan on sbtest3_pkey  (cost=0.00..30.68 rows=1025 width=0)
	              Index Cond: ((id >= 9893092) AND (id <= 9894091))

table 4 : explain SELECT SUM(k) FROM sbtest4 WHERE id BETWEEN 2255083 AND 2256082
	Aggregate  (cost=3656.34..3656.35 rows=1 width=8)
	  ->  Bitmap Heap Scan on sbtest4  (cost=26.10..3653.99 rows=943 width=4)
	        Recheck Cond: ((id >= 2255083) AND (id <= 2256082))
	        ->  Bitmap Index Scan on sbtest4_pkey  (cost=0.00..25.86 rows=943 width=0)
	              Index Cond: ((id >= 2255083) AND (id <= 2256082))

table 5 : explain SELECT SUM(k) FROM sbtest5 WHERE id BETWEEN 4179288 AND 4180287
	Aggregate  (cost=3630.62..3630.63 rows=1 width=8)
	  ->  Bitmap Heap Scan on sbtest5  (cost=30.01..3628.29 rows=934 width=4)
	        Recheck Cond: ((id >= 4179288) AND (id <= 4180287))
	        ->  Bitmap Index Scan on sbtest5_pkey  (cost=0.00..29.77 rows=934 width=0)
	              Index Cond: ((id >= 4179288) AND (id <= 4180287))

table 6 : explain SELECT SUM(k) FROM sbtest6 WHERE id BETWEEN 6807386 AND 6808385
	Aggregate  (cost=3843.67..3843.68 rows=1 width=8)
	  ->  Bitmap Heap Scan on sbtest6  (cost=30.59..3841.19 rows=991 width=4)
	        Recheck Cond: ((id >= 6807386) AND (id <= 6808385))
	        ->  Bitmap Index Scan on sbtest6_pkey  (cost=0.00..30.34 rows=991 width=0)
	              Index Cond: ((id >= 6807386) AND (id <= 6808385))

table 7 : explain SELECT SUM(k) FROM sbtest7 WHERE id BETWEEN 9186550 AND 9187549
	Aggregate  (cost=3888.12..3888.13 rows=1 width=8)
	  ->  Bitmap Heap Scan on sbtest7  (cost=30.71..3885.62 rows=1002 width=4)
	        Recheck Cond: ((id >= 9186550) AND (id <= 9187549))
	        ->  Bitmap Index Scan on sbtest7_pkey  (cost=0.00..30.45 rows=1002 width=0)
	              Index Cond: ((id >= 9186550) AND (id <= 9187549))

table 8 : explain SELECT SUM(k) FROM sbtest8 WHERE id BETWEEN 969429 AND 970428
	Aggregate  (cost=3806.23..3806.24 rows=1 width=8)
	  ->  Bitmap Heap Scan on sbtest8  (cost=30.49..3803.78 rows=981 width=4)
	        Recheck Cond: ((id >= 969429) AND (id <= 970428))
	        ->  Bitmap Index Scan on sbtest8_pkey  (cost=0.00..30.25 rows=981 width=0)
	              Index Cond: ((id >= 969429) AND (id <= 970428))

explain: for point_selects :: explain SELECT c FROM sbtest%u WHERE id=%u
for: distinct_ranges
table 1 : explain SELECT DISTINCT c FROM sbtest1 WHERE id BETWEEN 6589488 AND 6590487 ORDER BY c
	Unique  (cost=3652.95..3657.60 rows=930 width=121)
	  ->  Sort  (cost=3652.95..3655.28 rows=930 width=121)
	        Sort Key: c
	        ->  Bitmap Heap Scan on sbtest1  (cost=29.97..3607.10 rows=930 width=121)
	              Recheck Cond: ((id >= 6589488) AND (id <= 6590487))
	              ->  Bitmap Index Scan on sbtest1_pkey  (cost=0.00..29.73 rows=930 width=0)
	                    Index Cond: ((id >= 6589488) AND (id <= 6590487))

table 2 : explain SELECT DISTINCT c FROM sbtest2 WHERE id BETWEEN 4207692 AND 4208691 ORDER BY c
	Unique  (cost=4354.42..4359.99 rows=1113 width=121)
	  ->  Sort  (cost=4354.42..4357.21 rows=1113 width=121)
	        Sort Key: c
	        ->  Bitmap Heap Scan on sbtest2  (cost=31.84..4298.10 rows=1113 width=121)
	              Recheck Cond: ((id >= 4207692) AND (id <= 4208691))
	              ->  Bitmap Index Scan on sbtest2_pkey  (cost=0.00..31.57 rows=1113 width=0)
	                    Index Cond: ((id >= 4207692) AND (id <= 4208691))

table 3 : explain SELECT DISTINCT c FROM sbtest3 WHERE id BETWEEN 9097126 AND 9098125 ORDER BY c
	Unique  (cost=3984.36..3989.44 rows=1016 width=121)
	  ->  Sort  (cost=3984.36..3986.90 rows=1016 width=121)
	        Sort Key: c
	        ->  Bitmap Heap Scan on sbtest3  (cost=30.85..3933.62 rows=1016 width=121)
	              Recheck Cond: ((id >= 9097126) AND (id <= 9098125))
	              ->  Bitmap Index Scan on sbtest3_pkey  (cost=0.00..30.59 rows=1016 width=0)
	                    Index Cond: ((id >= 9097126) AND (id <= 9098125))

table 4 : explain SELECT DISTINCT c FROM sbtest4 WHERE id BETWEEN 9566229 AND 9567228 ORDER BY c
	Unique  (cost=3815.78..3820.64 rows=972 width=121)
	  ->  Sort  (cost=3815.78..3818.21 rows=972 width=121)
	        Sort Key: c
	        ->  Bitmap Heap Scan on sbtest4  (cost=30.40..3767.54 rows=972 width=121)
	              Recheck Cond: ((id >= 9566229) AND (id <= 9567228))
	              ->  Bitmap Index Scan on sbtest4_pkey  (cost=0.00..30.15 rows=972 width=0)
	                    Index Cond: ((id >= 9566229) AND (id <= 9567228))

table 5 : explain SELECT DISTINCT c FROM sbtest5 WHERE id BETWEEN 7972675 AND 7973674 ORDER BY c
	Unique  (cost=4085.03..4090.24 rows=1041 width=121)
	  ->  Sort  (cost=4085.03..4087.64 rows=1041 width=121)
	        Sort Key: c
	        ->  Bitmap Heap Scan on sbtest5  (cost=31.11..4032.86 rows=1041 width=121)
	              Recheck Cond: ((id >= 7972675) AND (id <= 7973674))
	              ->  Bitmap Index Scan on sbtest5_pkey  (cost=0.00..30.84 rows=1041 width=0)
	                    Index Cond: ((id >= 7972675) AND (id <= 7973674))

table 6 : explain SELECT DISTINCT c FROM sbtest6 WHERE id BETWEEN 2876826 AND 2877825 ORDER BY c
	Unique  (cost=4108.81..4114.05 rows=1048 width=121)
	  ->  Sort  (cost=4108.81..4111.43 rows=1048 width=121)
	        Sort Key: c
	        ->  Bitmap Heap Scan on sbtest6  (cost=31.18..4056.24 rows=1048 width=121)
	              Recheck Cond: ((id >= 2876826) AND (id <= 2877825))
	              ->  Bitmap Index Scan on sbtest6_pkey  (cost=0.00..30.91 rows=1048 width=0)
	                    Index Cond: ((id >= 2876826) AND (id <= 2877825))

table 7 : explain SELECT DISTINCT c FROM sbtest7 WHERE id BETWEEN 1221108 AND 1222107 ORDER BY c
	Unique  (cost=3993.10..3998.18 rows=1017 width=121)
	  ->  Sort  (cost=3993.10..3995.64 rows=1017 width=121)
	        Sort Key: c
	        ->  Bitmap Heap Scan on sbtest7  (cost=30.86..3942.30 rows=1017 width=121)
	              Recheck Cond: ((id >= 1221108) AND (id <= 1222107))
	              ->  Bitmap Index Scan on sbtest7_pkey  (cost=0.00..30.61 rows=1017 width=0)
	                    Index Cond: ((id >= 1221108) AND (id <= 1222107))

table 8 : explain SELECT DISTINCT c FROM sbtest8 WHERE id BETWEEN 8969725 AND 8970724 ORDER BY c
	Unique  (cost=3887.03..3891.98 rows=990 width=121)
	  ->  Sort  (cost=3887.03..3889.51 rows=990 width=121)
	        Sort Key: c
	        ->  Bitmap Heap Scan on sbtest8  (cost=30.58..3837.77 rows=990 width=121)
	              Recheck Cond: ((id >= 8969725) AND (id <= 8970724))
	              ->  Bitmap Index Scan on sbtest8_pkey  (cost=0.00..30.33 rows=990 width=0)
	                    Index Cond: ((id >= 8969725) AND (id <= 8970724))

for: order_ranges
table 1 : explain SELECT c FROM sbtest1 WHERE id BETWEEN 8266717 AND 8267716 ORDER BY c
	Sort  (cost=3921.10..3923.60 rows=1000 width=121)
	  Sort Key: c
	  ->  Bitmap Heap Scan on sbtest1  (cost=30.68..3871.27 rows=1000 width=121)
	        Recheck Cond: ((id >= 8266717) AND (id <= 8267716))
	        ->  Bitmap Index Scan on sbtest1_pkey  (cost=0.00..30.43 rows=1000 width=0)
	              Index Cond: ((id >= 8266717) AND (id <= 8267716))

table 2 : explain SELECT c FROM sbtest2 WHERE id BETWEEN 3697752 AND 3698751 ORDER BY c
	Sort  (cost=3972.31..3974.84 rows=1013 width=121)
	  Sort Key: c
	  ->  Bitmap Heap Scan on sbtest2  (cost=30.82..3921.74 rows=1013 width=121)
	        Recheck Cond: ((id >= 3697752) AND (id <= 3698751))
	        ->  Bitmap Index Scan on sbtest2_pkey  (cost=0.00..30.57 rows=1013 width=0)
	              Index Cond: ((id >= 3697752) AND (id <= 3698751))

table 3 : explain SELECT c FROM sbtest3 WHERE id BETWEEN 6776130 AND 6777129 ORDER BY c
	Sort  (cost=4339.81..4342.59 rows=1109 width=121)
	  Sort Key: c
	  ->  Bitmap Heap Scan on sbtest3  (cost=31.80..4283.73 rows=1109 width=121)
	        Recheck Cond: ((id >= 6776130) AND (id <= 6777129))
	        ->  Bitmap Index Scan on sbtest3_pkey  (cost=0.00..31.52 rows=1109 width=0)
	              Index Cond: ((id >= 6776130) AND (id <= 6777129))

table 4 : explain SELECT c FROM sbtest4 WHERE id BETWEEN 1362764 AND 1363763 ORDER BY c
	Sort  (cost=3819.61..3822.04 rows=973 width=121)
	  Sort Key: c
	  ->  Bitmap Heap Scan on sbtest4  (cost=30.41..3771.32 rows=973 width=121)
	        Recheck Cond: ((id >= 1362764) AND (id <= 1363763))
	        ->  Bitmap Index Scan on sbtest4_pkey  (cost=0.00..30.16 rows=973 width=0)
	              Index Cond: ((id >= 1362764) AND (id <= 1363763))

table 5 : explain SELECT c FROM sbtest5 WHERE id BETWEEN 774468 AND 775467 ORDER BY c
	Sort  (cost=3566.68..3568.95 rows=906 width=121)
	  Sort Key: c
	  ->  Bitmap Heap Scan on sbtest5  (cost=29.72..3522.18 rows=906 width=121)
	        Recheck Cond: ((id >= 774468) AND (id <= 775467))
	        ->  Bitmap Index Scan on sbtest5_pkey  (cost=0.00..29.50 rows=906 width=0)
	              Index Cond: ((id >= 774468) AND (id <= 775467))

table 6 : explain SELECT c FROM sbtest6 WHERE id BETWEEN 1796051 AND 1797050 ORDER BY c
	Sort  (cost=4108.81..4111.43 rows=1048 width=121)
	  Sort Key: c
	  ->  Bitmap Heap Scan on sbtest6  (cost=31.18..4056.24 rows=1048 width=121)
	        Recheck Cond: ((id >= 1796051) AND (id <= 1797050))
	        ->  Bitmap Index Scan on sbtest6_pkey  (cost=0.00..30.91 rows=1048 width=0)
	              Index Cond: ((id >= 1796051) AND (id <= 1797050))

table 7 : explain SELECT c FROM sbtest7 WHERE id BETWEEN 2426274 AND 2427273 ORDER BY c
	Sort  (cost=3805.06..3807.48 rows=968 width=121)
	  Sort Key: c
	  ->  Bitmap Heap Scan on sbtest7  (cost=30.36..3757.05 rows=968 width=121)
	        Recheck Cond: ((id >= 2426274) AND (id <= 2427273))
	        ->  Bitmap Index Scan on sbtest7_pkey  (cost=0.00..30.11 rows=968 width=0)
	              Index Cond: ((id >= 2426274) AND (id <= 2427273))

table 8 : explain SELECT c FROM sbtest8 WHERE id BETWEEN 4214877 AND 4215876 ORDER BY c
	Sort  (cost=4185.73..4188.40 rows=1068 width=121)
	  Sort Key: c
	  ->  Bitmap Heap Scan on sbtest8  (cost=31.38..4132.01 rows=1068 width=121)
	        Recheck Cond: ((id >= 4214877) AND (id <= 4215876))
	        ->  Bitmap Index Scan on sbtest8_pkey  (cost=0.00..31.11 rows=1068 width=0)
	              Index Cond: ((id >= 4214877) AND (id <= 4215876))

for: simple_ranges
table 1 : explain SELECT c FROM sbtest1 WHERE id BETWEEN 3559615 AND 3560614
	Bitmap Heap Scan on sbtest1  (cost=30.20..3693.97 rows=953 width=121)
	  Recheck Cond: ((id >= 3559615) AND (id <= 3560614))
	  ->  Bitmap Index Scan on sbtest1_pkey  (cost=0.00..29.96 rows=953 width=0)
	        Index Cond: ((id >= 3559615) AND (id <= 3560614))

table 2 : explain SELECT c FROM sbtest2 WHERE id BETWEEN 260468 AND 261467
	Bitmap Heap Scan on sbtest2  (cost=30.68..3872.72 rows=1000 width=121)
	  Recheck Cond: ((id >= 260468) AND (id <= 261467))
	  ->  Bitmap Index Scan on sbtest2_pkey  (cost=0.00..30.43 rows=1000 width=0)
	        Index Cond: ((id >= 260468) AND (id <= 261467))

table 3 : explain SELECT c FROM sbtest3 WHERE id BETWEEN 5469712 AND 5470711
	Bitmap Heap Scan on sbtest3  (cost=25.36..3381.56 rows=871 width=121)
	  Recheck Cond: ((id >= 5469712) AND (id <= 5470711))
	  ->  Bitmap Index Scan on sbtest3_pkey  (cost=0.00..25.14 rows=871 width=0)
	        Index Cond: ((id >= 5469712) AND (id <= 5470711))

table 4 : explain SELECT c FROM sbtest4 WHERE id BETWEEN 3486778 AND 3487777
	Bitmap Heap Scan on sbtest4  (cost=30.58..3835.49 rows=990 width=121)
	  Recheck Cond: ((id >= 3486778) AND (id <= 3487777))
	  ->  Bitmap Index Scan on sbtest4_pkey  (cost=0.00..30.33 rows=990 width=0)
	        Index Cond: ((id >= 3486778) AND (id <= 3487777))

table 5 : explain SELECT c FROM sbtest5 WHERE id BETWEEN 2261703 AND 2262702
	Bitmap Heap Scan on sbtest5  (cost=30.66..3870.45 rows=998 width=121)
	  Recheck Cond: ((id >= 2261703) AND (id <= 2262702))
	  ->  Bitmap Index Scan on sbtest5_pkey  (cost=0.00..30.41 rows=998 width=0)
	        Index Cond: ((id >= 2261703) AND (id <= 2262702))

table 6 : explain SELECT c FROM sbtest6 WHERE id BETWEEN 7911608 AND 7912607
	Bitmap Heap Scan on sbtest6  (cost=30.13..3671.12 rows=946 width=121)
	  Recheck Cond: ((id >= 7911608) AND (id <= 7912607))
	  ->  Bitmap Index Scan on sbtest6_pkey  (cost=0.00..29.89 rows=946 width=0)
	        Index Cond: ((id >= 7911608) AND (id <= 7912607))

table 7 : explain SELECT c FROM sbtest7 WHERE id BETWEEN 6520403 AND 6521402
	Bitmap Heap Scan on sbtest7  (cost=30.29..3730.56 rows=961 width=121)
	  Recheck Cond: ((id >= 6520403) AND (id <= 6521402))
	  ->  Bitmap Index Scan on sbtest7_pkey  (cost=0.00..30.04 rows=961 width=0)
	        Index Cond: ((id >= 6520403) AND (id <= 6521402))

table 8 : explain SELECT c FROM sbtest8 WHERE id BETWEEN 8573757 AND 8574756
	Bitmap Heap Scan on sbtest8  (cost=30.84..3932.16 rows=1015 width=121)
	  Recheck Cond: ((id >= 8573757) AND (id <= 8574756))
	  ->  Bitmap Index Scan on sbtest8_pkey  (cost=0.00..30.58 rows=1015 width=0)
	        Index Cond: ((id >= 8573757) AND (id <= 8574756))

for: simple_ranges
table 1 : explain SELECT c FROM sbtest1 WHERE id BETWEEN 3936695 AND 3937694
	Bitmap Heap Scan on sbtest1  (cost=30.65..3859.96 rows=997 width=121)
	  Recheck Cond: ((id >= 3936695) AND (id <= 3937694))
	  ->  Bitmap Index Scan on sbtest1_pkey  (cost=0.00..30.40 rows=997 width=0)
	        Index Cond: ((id >= 3936695) AND (id <= 3937694))

table 2 : explain SELECT c FROM sbtest2 WHERE id BETWEEN 3910568 AND 3911567
	Bitmap Heap Scan on sbtest2  (cost=30.91..3955.66 rows=1022 width=121)
	  Recheck Cond: ((id >= 3910568) AND (id <= 3911567))
	  ->  Bitmap Index Scan on sbtest2_pkey  (cost=0.00..30.65 rows=1022 width=0)
	        Index Cond: ((id >= 3910568) AND (id <= 3911567))

table 3 : explain SELECT c FROM sbtest3 WHERE id BETWEEN 8828226 AND 8829225
	Bitmap Heap Scan on sbtest3  (cost=26.06..3638.92 rows=939 width=121)
	  Recheck Cond: ((id >= 8828226) AND (id <= 8829225))
	  ->  Bitmap Index Scan on sbtest3_pkey  (cost=0.00..25.82 rows=939 width=0)
	        Index Cond: ((id >= 8828226) AND (id <= 8829225))

table 4 : explain SELECT c FROM sbtest4 WHERE id BETWEEN 973040 AND 974039
	Bitmap Heap Scan on sbtest4  (cost=30.27..3722.22 rows=960 width=121)
	  Recheck Cond: ((id >= 973040) AND (id <= 974039))
	  ->  Bitmap Index Scan on sbtest4_pkey  (cost=0.00..30.04 rows=960 width=0)
	        Index Cond: ((id >= 973040) AND (id <= 974039))

table 5 : explain SELECT c FROM sbtest5 WHERE id BETWEEN 278875 AND 279874
	Bitmap Heap Scan on sbtest5  (cost=30.26..3722.94 rows=959 width=121)
	  Recheck Cond: ((id >= 278875) AND (id <= 279874))
	  ->  Bitmap Index Scan on sbtest5_pkey  (cost=0.00..30.02 rows=959 width=0)
	        Index Cond: ((id >= 278875) AND (id <= 279874))

table 6 : explain SELECT c FROM sbtest6 WHERE id BETWEEN 601445 AND 602444
	Bitmap Heap Scan on sbtest6  (cost=30.06..3644.65 rows=939 width=121)
	  Recheck Cond: ((id >= 601445) AND (id <= 602444))
	  ->  Bitmap Index Scan on sbtest6_pkey  (cost=0.00..29.82 rows=939 width=0)
	        Index Cond: ((id >= 601445) AND (id <= 602444))

table 7 : explain SELECT c FROM sbtest7 WHERE id BETWEEN 4159149 AND 4160148
	Bitmap Heap Scan on sbtest7  (cost=30.26..3722.99 rows=959 width=121)
	  Recheck Cond: ((id >= 4159149) AND (id <= 4160148))
	  ->  Bitmap Index Scan on sbtest7_pkey  (cost=0.00..30.02 rows=959 width=0)
	        Index Cond: ((id >= 4159149) AND (id <= 4160148))

table 8 : explain SELECT c FROM sbtest8 WHERE id BETWEEN 5787194 AND 5788193
	Bitmap Heap Scan on sbtest8  (cost=31.47..4165.91 rows=1077 width=121)
	  Recheck Cond: ((id >= 5787194) AND (id <= 5788193))
	  ->  Bitmap Index Scan on sbtest8_pkey  (cost=0.00..31.20 rows=1077 width=0)
	        Index Cond: ((id >= 5787194) AND (id <= 5788193))

for: order_ranges
table 1 : explain SELECT c FROM sbtest1 WHERE id BETWEEN 2048039 AND 2049038 ORDER BY c
	Sort  (cost=3936.41..3938.92 rows=1004 width=121)
	  Sort Key: c
	  ->  Bitmap Heap Scan on sbtest1  (cost=30.73..3886.35 rows=1004 width=121)
	        Recheck Cond: ((id >= 2048039) AND (id <= 2049038))
	        ->  Bitmap Index Scan on sbtest1_pkey  (cost=0.00..30.47 rows=1004 width=0)
	              Index Cond: ((id >= 2048039) AND (id <= 2049038))

table 2 : explain SELECT c FROM sbtest2 WHERE id BETWEEN 8102671 AND 8103670 ORDER BY c
	Sort  (cost=3650.25..3652.57 rows=930 width=121)
	  Sort Key: c
	  ->  Bitmap Heap Scan on sbtest2  (cost=25.97..3604.39 rows=930 width=121)
	        Recheck Cond: ((id >= 8102671) AND (id <= 8103670))
	        ->  Bitmap Index Scan on sbtest2_pkey  (cost=0.00..25.73 rows=930 width=0)
	              Index Cond: ((id >= 8102671) AND (id <= 8103670))

table 3 : explain SELECT c FROM sbtest3 WHERE id BETWEEN 3274141 AND 3275140 ORDER BY c
	Sort  (cost=4064.71..4067.30 rows=1037 width=121)
	  Sort Key: c
	  ->  Bitmap Heap Scan on sbtest3  (cost=31.06..4012.77 rows=1037 width=121)
	        Recheck Cond: ((id >= 3274141) AND (id <= 3275140))
	        ->  Bitmap Index Scan on sbtest3_pkey  (cost=0.00..30.80 rows=1037 width=0)
	              Index Cond: ((id >= 3274141) AND (id <= 3275140))

table 4 : explain SELECT c FROM sbtest4 WHERE id BETWEEN 3480999 AND 3481998 ORDER BY c
	Sort  (cost=3884.74..3887.22 rows=990 width=121)
	  Sort Key: c
	  ->  Bitmap Heap Scan on sbtest4  (cost=30.58..3835.49 rows=990 width=121)
	        Recheck Cond: ((id >= 3480999) AND (id <= 3481998))
	        ->  Bitmap Index Scan on sbtest4_pkey  (cost=0.00..30.33 rows=990 width=0)
	              Index Cond: ((id >= 3480999) AND (id <= 3481998))

table 5 : explain SELECT c FROM sbtest5 WHERE id BETWEEN 8049167 AND 8050166 ORDER BY c
	Sort  (cost=4142.50..4145.14 rows=1056 width=121)
	  Sort Key: c
	  ->  Bitmap Heap Scan on sbtest5  (cost=31.26..4089.46 rows=1056 width=121)
	        Recheck Cond: ((id >= 8049167) AND (id <= 8050166))
	        ->  Bitmap Index Scan on sbtest5_pkey  (cost=0.00..31.00 rows=1056 width=0)
	              Index Cond: ((id >= 8049167) AND (id <= 8050166))

table 6 : explain SELECT c FROM sbtest6 WHERE id BETWEEN 4101144 AND 4102143 ORDER BY c
	Sort  (cost=3959.48..3962.01 rows=1009 width=121)
	  Sort Key: c
	  ->  Bitmap Heap Scan on sbtest6  (cost=30.78..3909.14 rows=1009 width=121)
	        Recheck Cond: ((id >= 4101144) AND (id <= 4102143))
	        ->  Bitmap Index Scan on sbtest6_pkey  (cost=0.00..30.52 rows=1009 width=0)
	              Index Cond: ((id >= 4101144) AND (id <= 4102143))

table 7 : explain SELECT c FROM sbtest7 WHERE id BETWEEN 3077423 AND 3078422 ORDER BY c
	Sort  (cost=3774.33..3776.73 rows=960 width=121)
	  Sort Key: c
	  ->  Bitmap Heap Scan on sbtest7  (cost=30.27..3726.78 rows=960 width=121)
	        Recheck Cond: ((id >= 3077423) AND (id <= 3078422))
	        ->  Bitmap Index Scan on sbtest7_pkey  (cost=0.00..30.04 rows=960 width=0)
	              Index Cond: ((id >= 3077423) AND (id <= 3078422))

table 8 : explain SELECT c FROM sbtest8 WHERE id BETWEEN 9834786 AND 9835785 ORDER BY c
	Sort  (cost=3844.85..3847.30 rows=979 width=121)
	  Sort Key: c
	  ->  Bitmap Heap Scan on sbtest8  (cost=30.47..3796.22 rows=979 width=121)
	        Recheck Cond: ((id >= 9834786) AND (id <= 9835785))
	        ->  Bitmap Index Scan on sbtest8_pkey  (cost=0.00..30.22 rows=979 width=0)
	              Index Cond: ((id >= 9834786) AND (id <= 9835785))

for: order_ranges
table 1 : explain SELECT c FROM sbtest1 WHERE id BETWEEN 5504172 AND 5505171 ORDER BY c
	Sort  (cost=3798.59..3801.01 rows=968 width=121)
	  Sort Key: c
	  ->  Bitmap Heap Scan on sbtest1  (cost=30.36..3750.59 rows=968 width=121)
	        Recheck Cond: ((id >= 5504172) AND (id <= 5505171))
	        ->  Bitmap Index Scan on sbtest1_pkey  (cost=0.00..30.11 rows=968 width=0)
	              Index Cond: ((id >= 5504172) AND (id <= 5505171))

table 2 : explain SELECT c FROM sbtest2 WHERE id BETWEEN 6235910 AND 6236909 ORDER BY c
	Sort  (cost=3895.74..3898.22 rows=993 width=121)
	  Sort Key: c
	  ->  Bitmap Heap Scan on sbtest2  (cost=30.61..3846.31 rows=993 width=121)
	        Recheck Cond: ((id >= 6235910) AND (id <= 6236909))
	        ->  Bitmap Index Scan on sbtest2_pkey  (cost=0.00..30.36 rows=993 width=0)
	              Index Cond: ((id >= 6235910) AND (id <= 6236909))

table 3 : explain SELECT c FROM sbtest3 WHERE id BETWEEN 1833414 AND 1834413 ORDER BY c
	Sort  (cost=3846.49..3848.94 rows=980 width=121)
	  Sort Key: c
	  ->  Bitmap Heap Scan on sbtest3  (cost=30.48..3797.80 rows=980 width=121)
	        Recheck Cond: ((id >= 1833414) AND (id <= 1834413))
	        ->  Bitmap Index Scan on sbtest3_pkey  (cost=0.00..30.23 rows=980 width=0)
	              Index Cond: ((id >= 1833414) AND (id <= 1834413))

table 4 : explain SELECT c FROM sbtest4 WHERE id BETWEEN 9985035 AND 9986034 ORDER BY c
	Sort  (cost=4251.93..4254.65 rows=1086 width=121)
	  Sort Key: c
	  ->  Bitmap Heap Scan on sbtest4  (cost=31.57..4197.17 rows=1086 width=121)
	        Recheck Cond: ((id >= 9985035) AND (id <= 9986034))
	        ->  Bitmap Index Scan on sbtest4_pkey  (cost=0.00..31.29 rows=1086 width=0)
	              Index Cond: ((id >= 9985035) AND (id <= 9986034))

table 5 : explain SELECT c FROM sbtest5 WHERE id BETWEEN 4815351 AND 4816350 ORDER BY c
	Sort  (cost=3755.07..3757.46 rows=955 width=121)
	  Sort Key: c
	  ->  Bitmap Heap Scan on sbtest5  (cost=30.22..3707.80 rows=955 width=121)
	        Recheck Cond: ((id >= 4815351) AND (id <= 4816350))
	        ->  Bitmap Index Scan on sbtest5_pkey  (cost=0.00..29.98 rows=955 width=0)
	              Index Cond: ((id >= 4815351) AND (id <= 4816350))

table 6 : explain SELECT c FROM sbtest6 WHERE id BETWEEN 9235734 AND 9236733 ORDER BY c
	Sort  (cost=3664.13..3666.46 rows=932 width=121)
	  Sort Key: c
	  ->  Bitmap Heap Scan on sbtest6  (cost=29.99..3618.16 rows=932 width=121)
	        Recheck Cond: ((id >= 9235734) AND (id <= 9236733))
	        ->  Bitmap Index Scan on sbtest6_pkey  (cost=0.00..29.75 rows=932 width=0)
	              Index Cond: ((id >= 9235734) AND (id <= 9236733))

table 7 : explain SELECT c FROM sbtest7 WHERE id BETWEEN 1997460 AND 1998459 ORDER BY c
	Sort  (cost=4008.43..4010.99 rows=1021 width=121)
	  Sort Key: c
	  ->  Bitmap Heap Scan on sbtest7  (cost=30.90..3957.40 rows=1021 width=121)
	        Recheck Cond: ((id >= 1997460) AND (id <= 1998459))
	        ->  Bitmap Index Scan on sbtest7_pkey  (cost=0.00..30.64 rows=1021 width=0)
	              Index Cond: ((id >= 1997460) AND (id <= 1998459))

table 8 : explain SELECT c FROM sbtest8 WHERE id BETWEEN 8321466 AND 8322465 ORDER BY c
	Sort  (cost=4005.83..4008.38 rows=1021 width=121)
	  Sort Key: c
	  ->  Bitmap Heap Scan on sbtest8  (cost=30.90..3954.80 rows=1021 width=121)
	        Recheck Cond: ((id >= 8321466) AND (id <= 8322465))
	        ->  Bitmap Index Scan on sbtest8_pkey  (cost=0.00..30.64 rows=1021 width=0)
	              Index Cond: ((id >= 8321466) AND (id <= 8322465))

for: distinct_ranges
table 1 : explain SELECT DISTINCT c FROM sbtest1 WHERE id BETWEEN 5368841 AND 5369840 ORDER BY c
	Unique  (cost=4318.41..4323.93 rows=1104 width=121)
	  ->  Sort  (cost=4318.41..4321.17 rows=1104 width=121)
	        Sort Key: c
	        ->  Bitmap Heap Scan on sbtest1  (cost=31.75..4262.61 rows=1104 width=121)
	              Recheck Cond: ((id >= 5368841) AND (id <= 5369840))
	              ->  Bitmap Index Scan on sbtest1_pkey  (cost=0.00..31.47 rows=1104 width=0)
	                    Index Cond: ((id >= 5368841) AND (id <= 5369840))

table 2 : explain SELECT DISTINCT c FROM sbtest2 WHERE id BETWEEN 4773143 AND 4774142 ORDER BY c
	Unique  (cost=3730.96..3735.71 rows=950 width=121)
	  ->  Sort  (cost=3730.96..3733.34 rows=950 width=121)
	        Sort Key: c
	        ->  Bitmap Heap Scan on sbtest2  (cost=30.17..3683.98 rows=950 width=121)
	              Recheck Cond: ((id >= 4773143) AND (id <= 4774142))
	              ->  Bitmap Index Scan on sbtest2_pkey  (cost=0.00..29.93 rows=950 width=0)
	                    Index Cond: ((id >= 4773143) AND (id <= 4774142))

table 3 : explain SELECT DISTINCT c FROM sbtest3 WHERE id BETWEEN 4099986 AND 4100985 ORDER BY c
	Unique  (cost=3992.01..3997.10 rows=1018 width=121)
	  ->  Sort  (cost=3992.01..3994.56 rows=1018 width=121)
	        Sort Key: c
	        ->  Bitmap Heap Scan on sbtest3  (cost=30.87..3941.16 rows=1018 width=121)
	              Recheck Cond: ((id >= 4099986) AND (id <= 4100985))
	              ->  Bitmap Index Scan on sbtest3_pkey  (cost=0.00..30.61 rows=1018 width=0)
	                    Index Cond: ((id >= 4099986) AND (id <= 4100985))

table 4 : explain SELECT DISTINCT c FROM sbtest4 WHERE id BETWEEN 7448921 AND 7449920 ORDER BY c
	Unique  (cost=3999.61..4004.71 rows=1020 width=121)
	  ->  Sort  (cost=3999.61..4002.16 rows=1020 width=121)
	        Sort Key: c
	        ->  Bitmap Heap Scan on sbtest4  (cost=30.89..3948.64 rows=1020 width=121)
	              Recheck Cond: ((id >= 7448921) AND (id <= 7449920))
	              ->  Bitmap Index Scan on sbtest4_pkey  (cost=0.00..30.64 rows=1020 width=0)
	                    Index Cond: ((id >= 7448921) AND (id <= 7449920))

table 5 : explain SELECT DISTINCT c FROM sbtest5 WHERE id BETWEEN 7538608 AND 7539607 ORDER BY c
	Unique  (cost=3824.21..3829.07 rows=973 width=121)
	  ->  Sort  (cost=3824.21..3826.64 rows=973 width=121)
	        Sort Key: c
	        ->  Bitmap Heap Scan on sbtest5  (cost=30.41..3775.91 rows=973 width=121)
	              Recheck Cond: ((id >= 7538608) AND (id <= 7539607))
	              ->  Bitmap Index Scan on sbtest5_pkey  (cost=0.00..30.16 rows=973 width=0)
	                    Index Cond: ((id >= 7538608) AND (id <= 7539607))

table 6 : explain SELECT DISTINCT c FROM sbtest6 WHERE id BETWEEN 7179450 AND 7180449 ORDER BY c
	Unique  (cost=3982.47..3987.54 rows=1015 width=121)
	  ->  Sort  (cost=3982.47..3985.01 rows=1015 width=121)
	        Sort Key: c
	        ->  Bitmap Heap Scan on sbtest6  (cost=30.84..3931.78 rows=1015 width=121)
	              Recheck Cond: ((id >= 7179450) AND (id <= 7180449))
	              ->  Bitmap Index Scan on sbtest6_pkey  (cost=0.00..30.58 rows=1015 width=0)
	                    Index Cond: ((id >= 7179450) AND (id <= 7180449))

table 7 : explain SELECT DISTINCT c FROM sbtest7 WHERE id BETWEEN 5827709 AND 5828708 ORDER BY c
	Unique  (cost=3993.10..3998.18 rows=1017 width=121)
	  ->  Sort  (cost=3993.10..3995.64 rows=1017 width=121)
	        Sort Key: c
	        ->  Bitmap Heap Scan on sbtest7  (cost=30.86..3942.30 rows=1017 width=121)
	              Recheck Cond: ((id >= 5827709) AND (id <= 5828708))
	              ->  Bitmap Index Scan on sbtest7_pkey  (cost=0.00..30.61 rows=1017 width=0)
	                    Index Cond: ((id >= 5827709) AND (id <= 5828708))

table 8 : explain SELECT DISTINCT c FROM sbtest8 WHERE id BETWEEN 1531390 AND 1532389 ORDER BY c
	Unique  (cost=4040.30..4045.45 rows=1030 width=121)
	  ->  Sort  (cost=4040.30..4042.87 rows=1030 width=121)
	        Sort Key: c
	        ->  Bitmap Heap Scan on sbtest8  (cost=30.99..3988.76 rows=1030 width=121)
	              Recheck Cond: ((id >= 1531390) AND (id <= 1532389))
	              ->  Bitmap Index Scan on sbtest8_pkey  (cost=0.00..30.73 rows=1030 width=0)
	                    Index Cond: ((id >= 1531390) AND (id <= 1532389))

for: sum_ranges
table 1 : explain SELECT SUM(k) FROM sbtest1 WHERE id BETWEEN 4519076 AND 4520075
	Aggregate  (cost=3651.01..3651.02 rows=1 width=8)
	  ->  Bitmap Heap Scan on sbtest1  (cost=30.08..3648.65 rows=941 width=4)
	        Recheck Cond: ((id >= 4519076) AND (id <= 4520075))
	        ->  Bitmap Index Scan on sbtest1_pkey  (cost=0.00..29.84 rows=941 width=0)
	              Index Cond: ((id >= 4519076) AND (id <= 4520075))

table 2 : explain SELECT SUM(k) FROM sbtest2 WHERE id BETWEEN 1603241 AND 1604240
	Aggregate  (cost=3811.04..3811.05 rows=1 width=8)
	  ->  Bitmap Heap Scan on sbtest2  (cost=30.51..3808.58 rows=983 width=4)
	        Recheck Cond: ((id >= 1603241) AND (id <= 1604240))
	        ->  Bitmap Index Scan on sbtest2_pkey  (cost=0.00..30.26 rows=983 width=0)
	              Index Cond: ((id >= 1603241) AND (id <= 1604240))

table 3 : explain SELECT SUM(k) FROM sbtest3 WHERE id BETWEEN 2694151 AND 2695150
	Aggregate  (cost=3751.13..3751.14 rows=1 width=8)
	  ->  Bitmap Heap Scan on sbtest3  (cost=30.35..3748.72 rows=967 width=4)
	        Recheck Cond: ((id >= 2694151) AND (id <= 2695150))
	        ->  Bitmap Index Scan on sbtest3_pkey  (cost=0.00..30.11 rows=967 width=0)
	              Index Cond: ((id >= 2694151) AND (id <= 2695150))

table 4 : explain SELECT SUM(k) FROM sbtest4 WHERE id BETWEEN 794786 AND 795785
	Aggregate  (cost=3622.30..3622.31 rows=1 width=8)
	  ->  Bitmap Heap Scan on sbtest4  (cost=26.01..3619.96 rows=934 width=4)
	        Recheck Cond: ((id >= 794786) AND (id <= 795785))
	        ->  Bitmap Index Scan on sbtest4_pkey  (cost=0.00..25.77 rows=934 width=0)
	              Index Cond: ((id >= 794786) AND (id <= 795785))

table 5 : explain SELECT SUM(k) FROM sbtest5 WHERE id BETWEEN 782348 AND 783347
	Aggregate  (cost=3524.45..3524.46 rows=1 width=8)
	  ->  Bitmap Heap Scan on sbtest5  (cost=29.72..3522.18 rows=906 width=4)
	        Recheck Cond: ((id >= 782348) AND (id <= 783347))
	        ->  Bitmap Index Scan on sbtest5_pkey  (cost=0.00..29.50 rows=906 width=0)
	              Index Cond: ((id >= 782348) AND (id <= 783347))

table 6 : explain SELECT SUM(k) FROM sbtest6 WHERE id BETWEEN 5969576 AND 5970575
	Aggregate  (cost=4115.42..4115.43 rows=1 width=8)
	  ->  Bitmap Heap Scan on sbtest6  (cost=31.33..4112.76 rows=1063 width=4)
	        Recheck Cond: ((id >= 5969576) AND (id <= 5970575))
	        ->  Bitmap Index Scan on sbtest6_pkey  (cost=0.00..31.07 rows=1063 width=0)
	              Index Cond: ((id >= 5969576) AND (id <= 5970575))

table 7 : explain SELECT SUM(k) FROM sbtest7 WHERE id BETWEEN 1897048 AND 1898047
	Aggregate  (cost=4129.91..4129.92 rows=1 width=8)
	  ->  Bitmap Heap Scan on sbtest7  (cost=31.36..4127.25 rows=1066 width=4)
	        Recheck Cond: ((id >= 1897048) AND (id <= 1898047))
	        ->  Bitmap Index Scan on sbtest7_pkey  (cost=0.00..31.09 rows=1066 width=0)
	              Index Cond: ((id >= 1897048) AND (id <= 1898047))

table 8 : explain SELECT SUM(k) FROM sbtest8 WHERE id BETWEEN 2979933 AND 2980932
	Aggregate  (cost=4221.35..4221.36 rows=1 width=8)
	  ->  Bitmap Heap Scan on sbtest8  (cost=31.62..4218.62 rows=1091 width=4)
	        Recheck Cond: ((id >= 2979933) AND (id <= 2980932))
	        ->  Bitmap Index Scan on sbtest8_pkey  (cost=0.00..31.34 rows=1091 width=0)
	              Index Cond: ((id >= 2979933) AND (id <= 2980932))

for point_selects
table 1 : explain SELECT c FROM sbtest1 WHERE id=3323519
	Index Scan using sbtest1_pkey on sbtest1  (cost=0.43..8.45 rows=1 width=121)
	  Index Cond: (id = 3323519)

table 2 : explain SELECT c FROM sbtest2 WHERE id=7929599
	Index Scan using sbtest2_pkey on sbtest2  (cost=0.43..8.45 rows=1 width=121)
	  Index Cond: (id = 7929599)

table 3 : explain SELECT c FROM sbtest3 WHERE id=8273153
	Index Scan using sbtest3_pkey on sbtest3  (cost=0.43..8.45 rows=1 width=121)
	  Index Cond: (id = 8273153)

table 4 : explain SELECT c FROM sbtest4 WHERE id=8015145
	Index Scan using sbtest4_pkey on sbtest4  (cost=0.43..8.45 rows=1 width=121)
	  Index Cond: (id = 8015145)

table 5 : explain SELECT c FROM sbtest5 WHERE id=6561405
	Index Scan using sbtest5_pkey on sbtest5  (cost=0.43..8.45 rows=1 width=121)
	  Index Cond: (id = 6561405)

table 6 : explain SELECT c FROM sbtest6 WHERE id=9940241
	Index Scan using sbtest6_pkey on sbtest6  (cost=0.43..8.45 rows=1 width=121)
	  Index Cond: (id = 9940241)

table 7 : explain SELECT c FROM sbtest7 WHERE id=4530490
	Index Scan using sbtest7_pkey on sbtest7  (cost=0.43..8.45 rows=1 width=121)
	  Index Cond: (id = 4530490)

table 8 : explain SELECT c FROM sbtest8 WHERE id=6006993
	Index Scan using sbtest8_pkey on sbtest8  (cost=0.43..8.45 rows=1 width=121)
	  Index Cond: (id = 6006993)

for point_selects
table 1 : explain SELECT c FROM sbtest1 WHERE id=6821354
	Index Scan using sbtest1_pkey on sbtest1  (cost=0.43..8.45 rows=1 width=121)
	  Index Cond: (id = 6821354)

table 2 : explain SELECT c FROM sbtest2 WHERE id=5822169
	Index Scan using sbtest2_pkey on sbtest2  (cost=0.43..8.45 rows=1 width=121)
	  Index Cond: (id = 5822169)

table 3 : explain SELECT c FROM sbtest3 WHERE id=702091
	Index Scan using sbtest3_pkey on sbtest3  (cost=0.43..8.45 rows=1 width=121)
	  Index Cond: (id = 702091)

table 4 : explain SELECT c FROM sbtest4 WHERE id=1171209
	Index Scan using sbtest4_pkey on sbtest4  (cost=0.43..8.45 rows=1 width=121)
	  Index Cond: (id = 1171209)

table 5 : explain SELECT c FROM sbtest5 WHERE id=194490
	Index Scan using sbtest5_pkey on sbtest5  (cost=0.43..8.45 rows=1 width=121)
	  Index Cond: (id = 194490)

table 6 : explain SELECT c FROM sbtest6 WHERE id=999208
	Index Scan using sbtest6_pkey on sbtest6  (cost=0.43..8.45 rows=1 width=121)
	  Index Cond: (id = 999208)

table 7 : explain SELECT c FROM sbtest7 WHERE id=4703155
	Index Scan using sbtest7_pkey on sbtest7  (cost=0.43..8.45 rows=1 width=121)
	  Index Cond: (id = 4703155)

table 8 : explain SELECT c FROM sbtest8 WHERE id=4718225
	Index Scan using sbtest8_pkey on sbtest8  (cost=0.43..8.45 rows=1 width=121)
	  Index Cond: (id = 4718225)

for: sum_ranges
table 1 : explain SELECT SUM(k) FROM sbtest1 WHERE id BETWEEN 3171235 AND 3172234
	Aggregate  (cost=4118.68..4118.69 rows=1 width=8)
	  ->  Bitmap Heap Scan on sbtest1  (cost=31.35..4116.01 rows=1065 width=4)
	        Recheck Cond: ((id >= 3171235) AND (id <= 3172234))
	        ->  Bitmap Index Scan on sbtest1_pkey  (cost=0.00..31.08 rows=1065 width=0)
	              Index Cond: ((id >= 3171235) AND (id <= 3172234))

table 2 : explain SELECT SUM(k) FROM sbtest2 WHERE id BETWEEN 6490628 AND 6491627
	Aggregate  (cost=3693.91..3693.92 rows=1 width=8)
	  ->  Bitmap Heap Scan on sbtest2  (cost=30.19..3691.53 rows=952 width=4)
	        Recheck Cond: ((id >= 6490628) AND (id <= 6491627))
	        ->  Bitmap Index Scan on sbtest2_pkey  (cost=0.00..29.95 rows=952 width=0)
	              Index Cond: ((id >= 6490628) AND (id <= 6491627))

table 3 : explain SELECT SUM(k) FROM sbtest3 WHERE id BETWEEN 9644628 AND 9645627
	Aggregate  (cost=3679.31..3679.32 rows=1 width=8)
	  ->  Bitmap Heap Scan on sbtest3  (cost=30.15..3676.94 rows=948 width=4)
	        Recheck Cond: ((id >= 9644628) AND (id <= 9645627))
	        ->  Bitmap Index Scan on sbtest3_pkey  (cost=0.00..29.91 rows=948 width=0)
	              Index Cond: ((id >= 9644628) AND (id <= 9645627))

table 4 : explain SELECT SUM(k) FROM sbtest4 WHERE id BETWEEN 8832438 AND 8833437
	Aggregate  (cost=3815.30..3815.31 rows=1 width=8)
	  ->  Bitmap Heap Scan on sbtest4  (cost=30.52..3812.84 rows=984 width=4)
	        Recheck Cond: ((id >= 8832438) AND (id <= 8833437))
	        ->  Bitmap Index Scan on sbtest4_pkey  (cost=0.00..30.27 rows=984 width=0)
	              Index Cond: ((id >= 8832438) AND (id <= 8833437))

table 5 : explain SELECT SUM(k) FROM sbtest5 WHERE id BETWEEN 1861165 AND 1862164
	Aggregate  (cost=4390.21..4390.22 rows=1 width=8)
	  ->  Bitmap Heap Scan on sbtest5  (cost=36.06..4387.38 rows=1134 width=4)
	        Recheck Cond: ((id >= 1861165) AND (id <= 1862164))
	        ->  Bitmap Index Scan on sbtest5_pkey  (cost=0.00..35.78 rows=1134 width=0)
	              Index Cond: ((id >= 1861165) AND (id <= 1862164))

table 6 : explain SELECT SUM(k) FROM sbtest6 WHERE id BETWEEN 5698062 AND 5699061
	Aggregate  (cost=3858.78..3858.79 rows=1 width=8)
	  ->  Bitmap Heap Scan on sbtest6  (cost=30.63..3856.29 rows=995 width=4)
	        Recheck Cond: ((id >= 5698062) AND (id <= 5699061))
	        ->  Bitmap Index Scan on sbtest6_pkey  (cost=0.00..30.39 rows=995 width=0)
	              Index Cond: ((id >= 5698062) AND (id <= 5699061))

table 7 : explain SELECT SUM(k) FROM sbtest7 WHERE id BETWEEN 1893621 AND 1894620
	Aggregate  (cost=4129.91..4129.92 rows=1 width=8)
	  ->  Bitmap Heap Scan on sbtest7  (cost=31.36..4127.25 rows=1066 width=4)
	        Recheck Cond: ((id >= 1893621) AND (id <= 1894620))
	        ->  Bitmap Index Scan on sbtest7_pkey  (cost=0.00..31.09 rows=1066 width=0)
	              Index Cond: ((id >= 1893621) AND (id <= 1894620))

table 8 : explain SELECT SUM(k) FROM sbtest8 WHERE id BETWEEN 5087202 AND 5088201
	Aggregate  (cost=3900.71..3900.72 rows=1 width=8)
	  ->  Bitmap Heap Scan on sbtest8  (cost=30.75..3898.19 rows=1006 width=4)
	        Recheck Cond: ((id >= 5087202) AND (id <= 5088201))
	        ->  Bitmap Index Scan on sbtest8_pkey  (cost=0.00..30.50 rows=1006 width=0)
	              Index Cond: ((id >= 5087202) AND (id <= 5088201))

for: distinct_ranges
table 1 : explain SELECT DISTINCT c FROM sbtest1 WHERE id BETWEEN 8817195 AND 8818194 ORDER BY c
	Unique  (cost=3779.44..3784.26 rows=963 width=121)
	  ->  Sort  (cost=3779.44..3781.85 rows=963 width=121)
	        Sort Key: c
	        ->  Bitmap Heap Scan on sbtest1  (cost=30.31..3731.72 rows=963 width=121)
	              Recheck Cond: ((id >= 8817195) AND (id <= 8818194))
	              ->  Bitmap Index Scan on sbtest1_pkey  (cost=0.00..30.07 rows=963 width=0)
	                    Index Cond: ((id >= 8817195) AND (id <= 8818194))

table 2 : explain SELECT DISTINCT c FROM sbtest2 WHERE id BETWEEN 1401335 AND 1402334 ORDER BY c
	Unique  (cost=3976.13..3981.20 rows=1014 width=121)
	  ->  Sort  (cost=3976.13..3978.67 rows=1014 width=121)
	        Sort Key: c
	        ->  Bitmap Heap Scan on sbtest2  (cost=30.83..3925.50 rows=1014 width=121)
	              Recheck Cond: ((id >= 1401335) AND (id <= 1402334))
	              ->  Bitmap Index Scan on sbtest2_pkey  (cost=0.00..30.57 rows=1014 width=0)
	                    Index Cond: ((id >= 1401335) AND (id <= 1402334))

table 3 : explain SELECT DISTINCT c FROM sbtest3 WHERE id BETWEEN 4233969 AND 4234968 ORDER BY c
	Unique  (cost=3877.14..3882.08 rows=988 width=121)
	  ->  Sort  (cost=3877.14..3879.61 rows=988 width=121)
	        Sort Key: c
	        ->  Bitmap Heap Scan on sbtest3  (cost=30.56..3828.00 rows=988 width=121)
	              Recheck Cond: ((id >= 4233969) AND (id <= 4234968))
	              ->  Bitmap Index Scan on sbtest3_pkey  (cost=0.00..30.32 rows=988 width=0)
	                    Index Cond: ((id >= 4233969) AND (id <= 4234968))

table 4 : explain SELECT DISTINCT c FROM sbtest4 WHERE id BETWEEN 9245547 AND 9246546 ORDER BY c
	Unique  (cost=3662.21..3666.87 rows=933 width=121)
	  ->  Sort  (cost=3662.21..3664.54 rows=933 width=121)
	        Sort Key: c
	        ->  Bitmap Heap Scan on sbtest4  (cost=26.00..3616.18 rows=933 width=121)
	              Recheck Cond: ((id >= 9245547) AND (id <= 9246546))
	              ->  Bitmap Index Scan on sbtest4_pkey  (cost=0.00..25.76 rows=933 width=0)
	                    Index Cond: ((id >= 9245547) AND (id <= 9246546))

table 5 : explain SELECT DISTINCT c FROM sbtest5 WHERE id BETWEEN 4169571 AND 4170570 ORDER BY c
	Unique  (cost=4215.25..4220.63 rows=1075 width=121)
	  ->  Sort  (cost=4215.25..4217.94 rows=1075 width=121)
	        Sort Key: c
	        ->  Bitmap Heap Scan on sbtest5  (cost=31.45..4161.12 rows=1075 width=121)
	              Recheck Cond: ((id >= 4169571) AND (id <= 4170570))
	              ->  Bitmap Index Scan on sbtest5_pkey  (cost=0.00..31.18 rows=1075 width=0)
	                    Index Cond: ((id >= 4169571) AND (id <= 4170570))

table 6 : explain SELECT DISTINCT c FROM sbtest6 WHERE id BETWEEN 7913927 AND 7914926 ORDER BY c
	Unique  (cost=3717.88..3722.61 rows=946 width=121)
	  ->  Sort  (cost=3717.88..3720.25 rows=946 width=121)
	        Sort Key: c
	        ->  Bitmap Heap Scan on sbtest6  (cost=30.13..3671.12 rows=946 width=121)
	              Recheck Cond: ((id >= 7913927) AND (id <= 7914926))
	              ->  Bitmap Index Scan on sbtest6_pkey  (cost=0.00..29.89 rows=946 width=0)
	                    Index Cond: ((id >= 7913927) AND (id <= 7914926))

table 7 : explain SELECT DISTINCT c FROM sbtest7 WHERE id BETWEEN 8491574 AND 8492573 ORDER BY c
	Unique  (cost=3697.48..3702.18 rows=940 width=121)
	  ->  Sort  (cost=3697.48..3699.83 rows=940 width=121)
	        Sort Key: c
	        ->  Bitmap Heap Scan on sbtest7  (cost=30.07..3651.06 rows=940 width=121)
	              Recheck Cond: ((id >= 8491574) AND (id <= 8492573))
	              ->  Bitmap Index Scan on sbtest7_pkey  (cost=0.00..29.83 rows=940 width=0)
	                    Index Cond: ((id >= 8491574) AND (id <= 8492573))

table 8 : explain SELECT DISTINCT c FROM sbtest8 WHERE id BETWEEN 2010873 AND 2011872 ORDER BY c
	Unique  (cost=3864.03..3868.95 rows=984 width=121)
	  ->  Sort  (cost=3864.03..3866.49 rows=984 width=121)
	        Sort Key: c
	        ->  Bitmap Heap Scan on sbtest8  (cost=30.52..3815.11 rows=984 width=121)
	              Recheck Cond: ((id >= 2010873) AND (id <= 2011872))
	              ->  Bitmap Index Scan on sbtest8_pkey  (cost=0.00..30.27 rows=984 width=0)
	                    Index Cond: ((id >= 2010873) AND (id <= 2011872))

for: distinct_ranges
table 1 : explain SELECT DISTINCT c FROM sbtest1 WHERE id BETWEEN 8585545 AND 8586544 ORDER BY c
	Unique  (cost=3660.62..3665.28 rows=932 width=121)
	  ->  Sort  (cost=3660.62..3662.95 rows=932 width=121)
	        Sort Key: c
	        ->  Bitmap Heap Scan on sbtest1  (cost=29.99..3614.66 rows=932 width=121)
	              Recheck Cond: ((id >= 8585545) AND (id <= 8586544))
	              ->  Bitmap Index Scan on sbtest1_pkey  (cost=0.00..29.75 rows=932 width=0)
	                    Index Cond: ((id >= 8585545) AND (id <= 8586544))

table 2 : explain SELECT DISTINCT c FROM sbtest2 WHERE id BETWEEN 6467300 AND 6468299 ORDER BY c
	Unique  (cost=3865.10..3870.03 rows=985 width=121)
	  ->  Sort  (cost=3865.10..3867.56 rows=985 width=121)
	        Sort Key: c
	        ->  Bitmap Heap Scan on sbtest2  (cost=30.53..3816.13 rows=985 width=121)
	              Recheck Cond: ((id >= 6467300) AND (id <= 6468299))
	              ->  Bitmap Index Scan on sbtest2_pkey  (cost=0.00..30.29 rows=985 width=0)
	                    Index Cond: ((id >= 6467300) AND (id <= 6468299))

table 3 : explain SELECT DISTINCT c FROM sbtest3 WHERE id BETWEEN 1669379 AND 1670378 ORDER BY c
	Unique  (cost=3746.82..3751.59 rows=954 width=121)
	  ->  Sort  (cost=3746.82..3749.21 rows=954 width=121)
	        Sort Key: c
	        ->  Bitmap Heap Scan on sbtest3  (cost=30.21..3699.61 rows=954 width=121)
	              Recheck Cond: ((id >= 1669379) AND (id <= 1670378))
	              ->  Bitmap Index Scan on sbtest3_pkey  (cost=0.00..29.97 rows=954 width=0)
	                    Index Cond: ((id >= 1669379) AND (id <= 1670378))

table 4 : explain SELECT DISTINCT c FROM sbtest4 WHERE id BETWEEN 9105595 AND 9106594 ORDER BY c
	Unique  (cost=3861.76..3866.68 rows=984 width=121)
	  ->  Sort  (cost=3861.76..3864.22 rows=984 width=121)
	        Sort Key: c
	        ->  Bitmap Heap Scan on sbtest4  (cost=30.52..3812.84 rows=984 width=121)
	              Recheck Cond: ((id >= 9105595) AND (id <= 9106594))
	              ->  Bitmap Index Scan on sbtest4_pkey  (cost=0.00..30.27 rows=984 width=0)
	                    Index Cond: ((id >= 9105595) AND (id <= 9106594))

table 5 : explain SELECT DISTINCT c FROM sbtest5 WHERE id BETWEEN 9301950 AND 9302949 ORDER BY c
	Unique  (cost=3662.83..3667.49 rows=931 width=121)
	  ->  Sort  (cost=3662.83..3665.16 rows=931 width=121)
	        Sort Key: c
	        ->  Bitmap Heap Scan on sbtest5  (cost=29.98..3616.92 rows=931 width=121)
	              Recheck Cond: ((id >= 9301950) AND (id <= 9302949))
	              ->  Bitmap Index Scan on sbtest5_pkey  (cost=0.00..29.75 rows=931 width=0)
	                    Index Cond: ((id >= 9301950) AND (id <= 9302949))

table 6 : explain SELECT DISTINCT c FROM sbtest6 WHERE id BETWEEN 5042357 AND 5043356 ORDER BY c
	Unique  (cost=4280.90..4286.36 rows=1093 width=121)
	  ->  Sort  (cost=4280.90..4283.63 rows=1093 width=121)
	        Sort Key: c
	        ->  Bitmap Heap Scan on sbtest6  (cost=31.64..4225.73 rows=1093 width=121)
	              Recheck Cond: ((id >= 5042357) AND (id <= 5043356))
	              ->  Bitmap Index Scan on sbtest6_pkey  (cost=0.00..31.36 rows=1093 width=0)
	                    Index Cond: ((id >= 5042357) AND (id <= 5043356))

table 7 : explain SELECT DISTINCT c FROM sbtest7 WHERE id BETWEEN 7047317 AND 7048316 ORDER BY c
	Unique  (cost=3824.26..3829.12 rows=973 width=121)
	  ->  Sort  (cost=3824.26..3826.69 rows=973 width=121)
	        Sort Key: c
	        ->  Bitmap Heap Scan on sbtest7  (cost=30.41..3775.97 rows=973 width=121)
	              Recheck Cond: ((id >= 7047317) AND (id <= 7048316))
	              ->  Bitmap Index Scan on sbtest7_pkey  (cost=0.00..30.16 rows=973 width=0)
	                    Index Cond: ((id >= 7047317) AND (id <= 7048316))

table 8 : explain SELECT DISTINCT c FROM sbtest8 WHERE id BETWEEN 5900573 AND 5901572 ORDER BY c
	Unique  (cost=4093.90..4099.12 rows=1044 width=121)
	  ->  Sort  (cost=4093.90..4096.51 rows=1044 width=121)
	        Sort Key: c
	        ->  Bitmap Heap Scan on sbtest8  (cost=31.14..4041.55 rows=1044 width=121)
	              Recheck Cond: ((id >= 5900573) AND (id <= 5901572))
	              ->  Bitmap Index Scan on sbtest8_pkey  (cost=0.00..30.87 rows=1044 width=0)
	                    Index Cond: ((id >= 5900573) AND (id <= 5901572))

for: simple_ranges
table 1 : explain SELECT c FROM sbtest1 WHERE id BETWEEN 2572177 AND 2573176
	Bitmap Heap Scan on sbtest1  (cost=30.27..3720.39 rows=960 width=121)
	  Recheck Cond: ((id >= 2572177) AND (id <= 2573176))
	  ->  Bitmap Index Scan on sbtest1_pkey  (cost=0.00..30.04 rows=960 width=0)
	        Index Cond: ((id >= 2572177) AND (id <= 2573176))

table 2 : explain SELECT c FROM sbtest2 WHERE id BETWEEN 378403 AND 379402
	Bitmap Heap Scan on sbtest2  (cost=25.66..3490.92 rows=900 width=121)
	  Recheck Cond: ((id >= 378403) AND (id <= 379402))
	  ->  Bitmap Index Scan on sbtest2_pkey  (cost=0.00..25.43 rows=900 width=0)
	        Index Cond: ((id >= 378403) AND (id <= 379402))

table 3 : explain SELECT c FROM sbtest3 WHERE id BETWEEN 8394313 AND 8395312
	Bitmap Heap Scan on sbtest3  (cost=30.84..3929.85 rows=1015 width=121)
	  Recheck Cond: ((id >= 8394313) AND (id <= 8395312))
	  ->  Bitmap Index Scan on sbtest3_pkey  (cost=0.00..30.58 rows=1015 width=0)
	        Index Cond: ((id >= 8394313) AND (id <= 8395312))

table 4 : explain SELECT c FROM sbtest4 WHERE id BETWEEN 4930043 AND 4931042
	Bitmap Heap Scan on sbtest4  (cost=25.79..3540.54 rows=913 width=121)
	  Recheck Cond: ((id >= 4930043) AND (id <= 4931042))
	  ->  Bitmap Index Scan on sbtest4_pkey  (cost=0.00..25.57 rows=913 width=0)
	        Index Cond: ((id >= 4930043) AND (id <= 4931042))

table 5 : explain SELECT c FROM sbtest5 WHERE id BETWEEN 9168977 AND 9169976
	Bitmap Heap Scan on sbtest5  (cost=30.80..3919.57 rows=1011 width=121)
	  Recheck Cond: ((id >= 9168977) AND (id <= 9169976))
	  ->  Bitmap Index Scan on sbtest5_pkey  (cost=0.00..30.54 rows=1011 width=0)
	        Index Cond: ((id >= 9168977) AND (id <= 9169976))

table 6 : explain SELECT c FROM sbtest6 WHERE id BETWEEN 3148428 AND 3149427
	Bitmap Heap Scan on sbtest6  (cost=29.98..3614.38 rows=931 width=121)
	  Recheck Cond: ((id >= 3148428) AND (id <= 3149427))
	  ->  Bitmap Index Scan on sbtest6_pkey  (cost=0.00..29.75 rows=931 width=0)
	        Index Cond: ((id >= 3148428) AND (id <= 3149427))

table 7 : explain SELECT c FROM sbtest7 WHERE id BETWEEN 5565768 AND 5566767
	Bitmap Heap Scan on sbtest7  (cost=31.05..4014.05 rows=1036 width=121)
	  Recheck Cond: ((id >= 5565768) AND (id <= 5566767))
	  ->  Bitmap Index Scan on sbtest7_pkey  (cost=0.00..30.79 rows=1036 width=0)
	        Index Cond: ((id >= 5565768) AND (id <= 5566767))

table 8 : explain SELECT c FROM sbtest8 WHERE id BETWEEN 8428485 AND 8429484
	Bitmap Heap Scan on sbtest8  (cost=30.05..3641.20 rows=938 width=121)
	  Recheck Cond: ((id >= 8428485) AND (id <= 8429484))
	  ->  Bitmap Index Scan on sbtest8_pkey  (cost=0.00..29.82 rows=938 width=0)
	        Index Cond: ((id >= 8428485) AND (id <= 8429484))

for: order_ranges
table 1 : explain SELECT c FROM sbtest1 WHERE id BETWEEN 2068169 AND 2069168 ORDER BY c
	Sort  (cost=3936.41..3938.92 rows=1004 width=121)
	  Sort Key: c
	  ->  Bitmap Heap Scan on sbtest1  (cost=30.73..3886.35 rows=1004 width=121)
	        Recheck Cond: ((id >= 2068169) AND (id <= 2069168))
	        ->  Bitmap Index Scan on sbtest1_pkey  (cost=0.00..30.47 rows=1004 width=0)
	              Index Cond: ((id >= 2068169) AND (id <= 2069168))

table 2 : explain SELECT c FROM sbtest2 WHERE id BETWEEN 7872339 AND 7873338 ORDER BY c
	Sort  (cost=3807.63..3810.06 rows=970 width=121)
	  Sort Key: c
	  ->  Bitmap Heap Scan on sbtest2  (cost=30.38..3759.51 rows=970 width=121)
	        Recheck Cond: ((id >= 7872339) AND (id <= 7873338))
	        ->  Bitmap Index Scan on sbtest2_pkey  (cost=0.00..30.14 rows=970 width=0)
	              Index Cond: ((id >= 7872339) AND (id <= 7873338))

table 3 : explain SELECT c FROM sbtest3 WHERE id BETWEEN 3314491 AND 3315490 ORDER BY c
	Sort  (cost=3907.79..3910.28 rows=996 width=121)
	  Sort Key: c
	  ->  Bitmap Heap Scan on sbtest3  (cost=30.64..3858.18 rows=996 width=121)
	        Recheck Cond: ((id >= 3314491) AND (id <= 3315490))
	        ->  Bitmap Index Scan on sbtest3_pkey  (cost=0.00..30.39 rows=996 width=0)
	              Index Cond: ((id >= 3314491) AND (id <= 3315490))

table 4 : explain SELECT c FROM sbtest4 WHERE id BETWEEN 3073148 AND 3074147 ORDER BY c
	Sort  (cost=3968.99..3971.52 rows=1012 width=121)
	  Sort Key: c
	  ->  Bitmap Heap Scan on sbtest4  (cost=30.81..3918.47 rows=1012 width=121)
	        Recheck Cond: ((id >= 3073148) AND (id <= 3074147))
	        ->  Bitmap Index Scan on sbtest4_pkey  (cost=0.00..30.55 rows=1012 width=0)
	              Index Cond: ((id >= 3073148) AND (id <= 3074147))

table 5 : explain SELECT c FROM sbtest5 WHERE id BETWEEN 5849798 AND 5850797 ORDER BY c
	Sort  (cost=3904.81..3907.30 rows=994 width=121)
	  Sort Key: c
	  ->  Bitmap Heap Scan on sbtest5  (cost=30.62..3855.33 rows=994 width=121)
	        Recheck Cond: ((id >= 5849798) AND (id <= 5850797))
	        ->  Bitmap Index Scan on sbtest5_pkey  (cost=0.00..30.37 rows=994 width=0)
	              Index Cond: ((id >= 5849798) AND (id <= 5850797))

table 6 : explain SELECT c FROM sbtest6 WHERE id BETWEEN 9510152 AND 9511151 ORDER BY c
	Sort  (cost=3955.65..3958.17 rows=1008 width=121)
	  Sort Key: c
	  ->  Bitmap Heap Scan on sbtest6  (cost=30.77..3905.37 rows=1008 width=121)
	        Recheck Cond: ((id >= 9510152) AND (id <= 9511151))
	        ->  Bitmap Index Scan on sbtest6_pkey  (cost=0.00..30.51 rows=1008 width=0)
	              Index Cond: ((id >= 9510152) AND (id <= 9511151))

table 7 : explain SELECT c FROM sbtest7 WHERE id BETWEEN 9582651 AND 9583650 ORDER BY c
	Sort  (cost=3993.10..3995.64 rows=1017 width=121)
	  Sort Key: c
	  ->  Bitmap Heap Scan on sbtest7  (cost=30.86..3942.30 rows=1017 width=121)
	        Recheck Cond: ((id >= 9582651) AND (id <= 9583650))
	        ->  Bitmap Index Scan on sbtest7_pkey  (cost=0.00..30.61 rows=1017 width=0)
	              Index Cond: ((id >= 9582651) AND (id <= 9583650))

table 8 : explain SELECT c FROM sbtest8 WHERE id BETWEEN 995074 AND 996073 ORDER BY c
	Sort  (cost=3852.52..3854.97 rows=981 width=121)
	  Sort Key: c
	  ->  Bitmap Heap Scan on sbtest8  (cost=30.49..3803.78 rows=981 width=121)
	        Recheck Cond: ((id >= 995074) AND (id <= 996073))
	        ->  Bitmap Index Scan on sbtest8_pkey  (cost=0.00..30.25 rows=981 width=0)
	              Index Cond: ((id >= 995074) AND (id <= 996073))

for: simple_ranges
table 1 : explain SELECT c FROM sbtest1 WHERE id BETWEEN 3426526 AND 3427525
	Bitmap Heap Scan on sbtest1  (cost=31.00..3988.06 rows=1031 width=121)
	  Recheck Cond: ((id >= 3426526) AND (id <= 3427525))
	  ->  Bitmap Index Scan on sbtest1_pkey  (cost=0.00..30.75 rows=1031 width=0)
	        Index Cond: ((id >= 3426526) AND (id <= 3427525))

table 2 : explain SELECT c FROM sbtest2 WHERE id BETWEEN 4456768 AND 4457767
	Bitmap Heap Scan on sbtest2  (cost=30.42..3774.61 rows=974 width=121)
	  Recheck Cond: ((id >= 4456768) AND (id <= 4457767))
	  ->  Bitmap Index Scan on sbtest2_pkey  (cost=0.00..30.18 rows=974 width=0)
	        Index Cond: ((id >= 4456768) AND (id <= 4457767))

table 3 : explain SELECT c FROM sbtest3 WHERE id BETWEEN 9043943 AND 9044942
	Bitmap Heap Scan on sbtest3  (cost=25.99..3612.46 rows=932 width=121)
	  Recheck Cond: ((id >= 9043943) AND (id <= 9044942))
	  ->  Bitmap Index Scan on sbtest3_pkey  (cost=0.00..25.75 rows=932 width=0)
	        Index Cond: ((id >= 9043943) AND (id <= 9044942))

table 4 : explain SELECT c FROM sbtest4 WHERE id BETWEEN 2874019 AND 2875018
	Bitmap Heap Scan on sbtest4  (cost=30.95..3971.25 rows=1026 width=121)
	  Recheck Cond: ((id >= 2874019) AND (id <= 2875018))
	  ->  Bitmap Index Scan on sbtest4_pkey  (cost=0.00..30.69 rows=1026 width=0)
	        Index Cond: ((id >= 2874019) AND (id <= 2875018))

table 5 : explain SELECT c FROM sbtest5 WHERE id BETWEEN 5030540 AND 5031539
	Bitmap Heap Scan on sbtest5  (cost=25.51..3438.53 rows=885 width=121)
	  Recheck Cond: ((id >= 5030540) AND (id <= 5031539))
	  ->  Bitmap Index Scan on sbtest5_pkey  (cost=0.00..25.29 rows=885 width=0)
	        Index Cond: ((id >= 5030540) AND (id <= 5031539))

table 6 : explain SELECT c FROM sbtest6 WHERE id BETWEEN 7269782 AND 7270781
	Bitmap Heap Scan on sbtest6  (cost=31.19..4060.01 rows=1049 width=121)
	  Recheck Cond: ((id >= 7269782) AND (id <= 7270781))
	  ->  Bitmap Index Scan on sbtest6_pkey  (cost=0.00..30.93 rows=1049 width=0)
	        Index Cond: ((id >= 7269782) AND (id <= 7270781))

table 7 : explain SELECT c FROM sbtest7 WHERE id BETWEEN 8227777 AND 8228776
	Bitmap Heap Scan on sbtest7  (cost=30.76..3904.51 rows=1007 width=121)
	  Recheck Cond: ((id >= 8227777) AND (id <= 8228776))
	  ->  Bitmap Index Scan on sbtest7_pkey  (cost=0.00..30.50 rows=1007 width=0)
	        Index Cond: ((id >= 8227777) AND (id <= 8228776))

table 8 : explain SELECT c FROM sbtest8 WHERE id BETWEEN 1709398 AND 1710397
	Bitmap Heap Scan on sbtest8  (cost=30.79..3913.29 rows=1010 width=121)
	  Recheck Cond: ((id >= 1709398) AND (id <= 1710397))
	  ->  Bitmap Index Scan on sbtest8_pkey  (cost=0.00..30.54 rows=1010 width=0)
	        Index Cond: ((id >= 1709398) AND (id <= 1710397))

for: order_ranges
table 1 : explain SELECT c FROM sbtest1 WHERE id BETWEEN 8867561 AND 8868560 ORDER BY c
	Sort  (cost=3779.44..3781.85 rows=963 width=121)
	  Sort Key: c
	  ->  Bitmap Heap Scan on sbtest1  (cost=30.31..3731.72 rows=963 width=121)
	        Recheck Cond: ((id >= 8867561) AND (id <= 8868560))
	        ->  Bitmap Index Scan on sbtest1_pkey  (cost=0.00..30.07 rows=963 width=0)
	              Index Cond: ((id >= 8867561) AND (id <= 8868560))

table 2 : explain SELECT c FROM sbtest2 WHERE id BETWEEN 922390 AND 923389 ORDER BY c
	Sort  (cost=3792.30..3794.72 rows=966 width=121)
	  Sort Key: c
	  ->  Bitmap Heap Scan on sbtest2  (cost=30.34..3744.41 rows=966 width=121)
	        Recheck Cond: ((id >= 922390) AND (id <= 923389))
	        ->  Bitmap Index Scan on sbtest2_pkey  (cost=0.00..30.09 rows=966 width=0)
	              Index Cond: ((id >= 922390) AND (id <= 923389))

table 3 : explain SELECT c FROM sbtest3 WHERE id BETWEEN 106561 AND 107560 ORDER BY c
	Sort  (cost=4461.97..4464.83 rows=1142 width=121)
	  Sort Key: c
	  ->  Bitmap Heap Scan on sbtest3  (cost=32.14..4403.98 rows=1142 width=121)
	        Recheck Cond: ((id >= 106561) AND (id <= 107560))
	        ->  Bitmap Index Scan on sbtest3_pkey  (cost=0.00..31.86 rows=1142 width=0)
	              Index Cond: ((id >= 106561) AND (id <= 107560))

table 4 : explain SELECT c FROM sbtest4 WHERE id BETWEEN 9585207 AND 9586206 ORDER BY c
	Sort  (cost=3815.78..3818.21 rows=972 width=121)
	  Sort Key: c
	  ->  Bitmap Heap Scan on sbtest4  (cost=30.40..3767.54 rows=972 width=121)
	        Recheck Cond: ((id >= 9585207) AND (id <= 9586206))
	        ->  Bitmap Index Scan on sbtest4_pkey  (cost=0.00..30.15 rows=972 width=0)
	              Index Cond: ((id >= 9585207) AND (id <= 9586206))

table 5 : explain SELECT c FROM sbtest5 WHERE id BETWEEN 9942545 AND 9943544 ORDER BY c
	Sort  (cost=3747.39..3749.77 rows=953 width=121)
	  Sort Key: c
	  ->  Bitmap Heap Scan on sbtest5  (cost=30.20..3700.23 rows=953 width=121)
	        Recheck Cond: ((id >= 9942545) AND (id <= 9943544))
	        ->  Bitmap Index Scan on sbtest5_pkey  (cost=0.00..29.96 rows=953 width=0)
	              Index Cond: ((id >= 9942545) AND (id <= 9943544))

table 6 : explain SELECT c FROM sbtest6 WHERE id BETWEEN 459538 AND 460537 ORDER BY c
	Sort  (cost=3890.50..3892.98 rows=991 width=121)
	  Sort Key: c
	  ->  Bitmap Heap Scan on sbtest6  (cost=30.59..3841.19 rows=991 width=121)
	        Recheck Cond: ((id >= 459538) AND (id <= 460537))
	        ->  Bitmap Index Scan on sbtest6_pkey  (cost=0.00..30.34 rows=991 width=0)
	              Index Cond: ((id >= 459538) AND (id <= 460537))

table 7 : explain SELECT c FROM sbtest7 WHERE id BETWEEN 8851839 AND 8852838 ORDER BY c
	Sort  (cost=4000.76..4003.31 rows=1019 width=121)
	  Sort Key: c
	  ->  Bitmap Heap Scan on sbtest7  (cost=30.88..3949.85 rows=1019 width=121)
	        Recheck Cond: ((id >= 8851839) AND (id <= 8852838))
	        ->  Bitmap Index Scan on sbtest7_pkey  (cost=0.00..30.62 rows=1019 width=0)
	              Index Cond: ((id >= 8851839) AND (id <= 8852838))

table 8 : explain SELECT c FROM sbtest8 WHERE id BETWEEN 7354040 AND 7355039 ORDER BY c
	Sort  (cost=4231.62..4234.32 rows=1080 width=121)
	  Sort Key: c
	  ->  Bitmap Heap Scan on sbtest8  (cost=31.50..4177.21 rows=1080 width=121)
	        Recheck Cond: ((id >= 7354040) AND (id <= 7355039))
	        ->  Bitmap Index Scan on sbtest8_pkey  (cost=0.00..31.23 rows=1080 width=0)
	              Index Cond: ((id >= 7354040) AND (id <= 7355039))

for: distinct_ranges
table 1 : explain SELECT DISTINCT c FROM sbtest1 WHERE id BETWEEN 7685492 AND 7686491 ORDER BY c
	Unique  (cost=3882.83..3887.78 rows=990 width=121)
	  ->  Sort  (cost=3882.83..3885.31 rows=990 width=121)
	        Sort Key: c
	        ->  Bitmap Heap Scan on sbtest1  (cost=30.58..3833.57 rows=990 width=121)
	              Recheck Cond: ((id >= 7685492) AND (id <= 7686491))
	              ->  Bitmap Index Scan on sbtest1_pkey  (cost=0.00..30.33 rows=990 width=0)
	                    Index Cond: ((id >= 7685492) AND (id <= 7686491))

table 2 : explain SELECT DISTINCT c FROM sbtest2 WHERE id BETWEEN 3722338 AND 3723337 ORDER BY c
	Unique  (cost=3972.31..3977.37 rows=1013 width=121)
	  ->  Sort  (cost=3972.31..3974.84 rows=1013 width=121)
	        Sort Key: c
	        ->  Bitmap Heap Scan on sbtest2  (cost=30.82..3921.74 rows=1013 width=121)
	              Recheck Cond: ((id >= 3722338) AND (id <= 3723337))
	              ->  Bitmap Index Scan on sbtest2_pkey  (cost=0.00..30.57 rows=1013 width=0)
	                    Index Cond: ((id >= 3722338) AND (id <= 3723337))

table 3 : explain SELECT DISTINCT c FROM sbtest3 WHERE id BETWEEN 5716583 AND 5717582 ORDER BY c
	Unique  (cost=3923.10..3928.10 rows=1000 width=121)
	  ->  Sort  (cost=3923.10..3925.60 rows=1000 width=121)
	        Sort Key: c
	        ->  Bitmap Heap Scan on sbtest3  (cost=30.68..3873.27 rows=1000 width=121)
	              Recheck Cond: ((id >= 5716583) AND (id <= 5717582))
	              ->  Bitmap Index Scan on sbtest3_pkey  (cost=0.00..30.43 rows=1000 width=0)
	                    Index Cond: ((id >= 5716583) AND (id <= 5717582))

table 4 : explain SELECT DISTINCT c FROM sbtest4 WHERE id BETWEEN 2370691 AND 2371690 ORDER BY c
	Unique  (cost=3785.11..3789.93 rows=964 width=121)
	  ->  Sort  (cost=3785.11..3787.52 rows=964 width=121)
	        Sort Key: c
	        ->  Bitmap Heap Scan on sbtest4  (cost=30.32..3737.33 rows=964 width=121)
	              Recheck Cond: ((id >= 2370691) AND (id <= 2371690))
	              ->  Bitmap Index Scan on sbtest4_pkey  (cost=0.00..30.07 rows=964 width=0)
	                    Index Cond: ((id >= 2370691) AND (id <= 2371690))

table 5 : explain SELECT DISTINCT c FROM sbtest5 WHERE id BETWEEN 4789472 AND 4790471 ORDER BY c
	Unique  (cost=3755.07..3759.85 rows=955 width=121)
	  ->  Sort  (cost=3755.07..3757.46 rows=955 width=121)
	        Sort Key: c
	        ->  Bitmap Heap Scan on sbtest5  (cost=30.22..3707.80 rows=955 width=121)
	              Recheck Cond: ((id >= 4789472) AND (id <= 4790471))
	              ->  Bitmap Index Scan on sbtest5_pkey  (cost=0.00..29.98 rows=955 width=0)
	                    Index Cond: ((id >= 4789472) AND (id <= 4790471))

table 6 : explain SELECT DISTINCT c FROM sbtest6 WHERE id BETWEEN 4468759 AND 4469758 ORDER BY c
	Unique  (cost=4257.97..4263.40 rows=1087 width=121)
	  ->  Sort  (cost=4257.97..4260.68 rows=1087 width=121)
	        Sort Key: c
	        ->  Bitmap Heap Scan on sbtest6  (cost=31.58..4203.15 rows=1087 width=121)
	              Recheck Cond: ((id >= 4468759) AND (id <= 4469758))
	              ->  Bitmap Index Scan on sbtest6_pkey  (cost=0.00..31.30 rows=1087 width=0)
	                    Index Cond: ((id >= 4468759) AND (id <= 4469758))

table 7 : explain SELECT DISTINCT c FROM sbtest7 WHERE id BETWEEN 9645248 AND 9646247 ORDER BY c
	Unique  (cost=4200.00..4205.36 rows=1071 width=121)
	  ->  Sort  (cost=4200.00..4202.68 rows=1071 width=121)
	        Sort Key: c
	        ->  Bitmap Heap Scan on sbtest7  (cost=31.41..4146.10 rows=1071 width=121)
	              Recheck Cond: ((id >= 9645248) AND (id <= 9646247))
	              ->  Bitmap Index Scan on sbtest7_pkey  (cost=0.00..31.14 rows=1071 width=0)
	                    Index Cond: ((id >= 9645248) AND (id <= 9646247))

table 8 : explain SELECT DISTINCT c FROM sbtest8 WHERE id BETWEEN 9414181 AND 9415180 ORDER BY c
	Unique  (cost=3729.74..3734.48 rows=949 width=121)
	  ->  Sort  (cost=3729.74..3732.11 rows=949 width=121)
	        Sort Key: c
	        ->  Bitmap Heap Scan on sbtest8  (cost=30.16..3682.81 rows=949 width=121)
	              Recheck Cond: ((id >= 9414181) AND (id <= 9415180))
	              ->  Bitmap Index Scan on sbtest8_pkey  (cost=0.00..29.93 rows=949 width=0)
	                    Index Cond: ((id >= 9414181) AND (id <= 9415180))

for: sum_ranges
table 1 : explain SELECT SUM(k) FROM sbtest1 WHERE id BETWEEN 9059383 AND 9060382
	Aggregate  (cost=3979.34..3979.35 rows=1 width=8)
	  ->  Bitmap Heap Scan on sbtest1  (cost=30.97..3976.77 rows=1028 width=4)
	        Recheck Cond: ((id >= 9059383) AND (id <= 9060382))
	        ->  Bitmap Index Scan on sbtest1_pkey  (cost=0.00..30.71 rows=1028 width=0)
	              Index Cond: ((id >= 9059383) AND (id <= 9060382))

table 2 : explain SELECT SUM(k) FROM sbtest2 WHERE id BETWEEN 7419108 AND 7420107
	Aggregate  (cost=4022.31..4022.32 rows=1 width=8)
	  ->  Bitmap Heap Scan on sbtest2  (cost=31.08..4019.71 rows=1039 width=4)
	        Recheck Cond: ((id >= 7419108) AND (id <= 7420107))
	        ->  Bitmap Index Scan on sbtest2_pkey  (cost=0.00..30.82 rows=1039 width=0)
	              Index Cond: ((id >= 7419108) AND (id <= 7420107))

table 3 : explain SELECT SUM(k) FROM sbtest3 WHERE id BETWEEN 7720276 AND 7721275
	Aggregate  (cost=4030.44..4030.45 rows=1 width=8)
	  ->  Bitmap Heap Scan on sbtest3  (cost=31.11..4027.84 rows=1041 width=4)
	        Recheck Cond: ((id >= 7720276) AND (id <= 7721275))
	        ->  Bitmap Index Scan on sbtest3_pkey  (cost=0.00..30.84 rows=1041 width=0)
	              Index Cond: ((id >= 7720276) AND (id <= 7721275))

table 4 : explain SELECT SUM(k) FROM sbtest4 WHERE id BETWEEN 6845962 AND 6846961
	Aggregate  (cost=3856.84..3856.85 rows=1 width=8)
	  ->  Bitmap Heap Scan on sbtest4  (cost=30.63..3854.35 rows=995 width=4)
	        Recheck Cond: ((id >= 6845962) AND (id <= 6846961))
	        ->  Bitmap Index Scan on sbtest4_pkey  (cost=0.00..30.39 rows=995 width=0)
	              Index Cond: ((id >= 6845962) AND (id <= 6846961))

table 5 : explain SELECT SUM(k) FROM sbtest5 WHERE id BETWEEN 7228317 AND 7229316
	Aggregate  (cost=3429.36..3429.37 rows=1 width=8)
	  ->  Bitmap Heap Scan on sbtest5  (cost=25.48..3427.15 rows=882 width=4)
	        Recheck Cond: ((id >= 7228317) AND (id <= 7229316))
	        ->  Bitmap Index Scan on sbtest5_pkey  (cost=0.00..25.25 rows=882 width=0)
	              Index Cond: ((id >= 7228317) AND (id <= 7229316))

table 6 : explain SELECT SUM(k) FROM sbtest6 WHERE id BETWEEN 8149340 AND 8150339
	Aggregate  (cost=4104.11..4104.12 rows=1 width=8)
	  ->  Bitmap Heap Scan on sbtest6  (cost=31.30..4101.46 rows=1060 width=4)
	        Recheck Cond: ((id >= 8149340) AND (id <= 8150339))
	        ->  Bitmap Index Scan on sbtest6_pkey  (cost=0.00..31.04 rows=1060 width=0)
	              Index Cond: ((id >= 8149340) AND (id <= 8150339))

table 7 : explain SELECT SUM(k) FROM sbtest7 WHERE id BETWEEN 6448841 AND 6449840
	Aggregate  (cost=3566.22..3566.23 rows=1 width=8)
	  ->  Bitmap Heap Scan on sbtest7  (cost=29.83..3563.93 rows=917 width=4)
	        Recheck Cond: ((id >= 6448841) AND (id <= 6449840))
	        ->  Bitmap Index Scan on sbtest7_pkey  (cost=0.00..29.61 rows=917 width=0)
	              Index Cond: ((id >= 6448841) AND (id <= 6449840))

table 8 : explain SELECT SUM(k) FROM sbtest8 WHERE id BETWEEN 2435568 AND 2436567
	Aggregate  (cost=3662.47..3662.48 rows=1 width=8)
	  ->  Bitmap Heap Scan on sbtest8  (cost=30.10..3660.11 rows=943 width=4)
	        Recheck Cond: ((id >= 2435568) AND (id <= 2436567))
	        ->  Bitmap Index Scan on sbtest8_pkey  (cost=0.00..29.86 rows=943 width=0)
	              Index Cond: ((id >= 2435568) AND (id <= 2436567))

for: distinct_ranges
table 1 : explain SELECT DISTINCT c FROM sbtest1 WHERE id BETWEEN 3002392 AND 3003391 ORDER BY c
	Unique  (cost=3833.06..3837.95 rows=977 width=121)
	  ->  Sort  (cost=3833.06..3835.50 rows=977 width=121)
	        Sort Key: c
	        ->  Bitmap Heap Scan on sbtest1  (cost=30.45..3784.54 rows=977 width=121)
	              Recheck Cond: ((id >= 3002392) AND (id <= 3003391))
	              ->  Bitmap Index Scan on sbtest1_pkey  (cost=0.00..30.20 rows=977 width=0)
	                    Index Cond: ((id >= 3002392) AND (id <= 3003391))

table 2 : explain SELECT DISTINCT c FROM sbtest2 WHERE id BETWEEN 988716 AND 989715 ORDER BY c
	Unique  (cost=3792.30..3797.13 rows=966 width=121)
	  ->  Sort  (cost=3792.30..3794.72 rows=966 width=121)
	        Sort Key: c
	        ->  Bitmap Heap Scan on sbtest2  (cost=30.34..3744.41 rows=966 width=121)
	              Recheck Cond: ((id >= 988716) AND (id <= 989715))
	              ->  Bitmap Index Scan on sbtest2_pkey  (cost=0.00..30.09 rows=966 width=0)
	                    Index Cond: ((id >= 988716) AND (id <= 989715))

table 3 : explain SELECT DISTINCT c FROM sbtest3 WHERE id BETWEEN 6171724 AND 6172723 ORDER BY c
	Unique  (cost=3727.65..3732.39 rows=949 width=121)
	  ->  Sort  (cost=3727.65..3730.02 rows=949 width=121)
	        Sort Key: c
	        ->  Bitmap Heap Scan on sbtest3  (cost=30.16..3680.72 rows=949 width=121)
	              Recheck Cond: ((id >= 6171724) AND (id <= 6172723))
	              ->  Bitmap Index Scan on sbtest3_pkey  (cost=0.00..29.93 rows=949 width=0)
	                    Index Cond: ((id >= 6171724) AND (id <= 6172723))

table 4 : explain SELECT DISTINCT c FROM sbtest4 WHERE id BETWEEN 3778050 AND 3779049 ORDER BY c
	Unique  (cost=3850.27..3855.17 rows=981 width=121)
	  ->  Sort  (cost=3850.27..3852.72 rows=981 width=121)
	        Sort Key: c
	        ->  Bitmap Heap Scan on sbtest4  (cost=30.49..3801.52 rows=981 width=121)
	              Recheck Cond: ((id >= 3778050) AND (id <= 3779049))
	              ->  Bitmap Index Scan on sbtest4_pkey  (cost=0.00..30.25 rows=981 width=0)
	                    Index Cond: ((id >= 3778050) AND (id <= 3779049))

table 5 : explain SELECT DISTINCT c FROM sbtest5 WHERE id BETWEEN 4227569 AND 4228568 ORDER BY c
	Unique  (cost=3674.37..3679.04 rows=934 width=121)
	  ->  Sort  (cost=3674.37..3676.70 rows=934 width=121)
	        Sort Key: c
	        ->  Bitmap Heap Scan on sbtest5  (cost=30.01..3628.29 rows=934 width=121)
	              Recheck Cond: ((id >= 4227569) AND (id <= 4228568))
	              ->  Bitmap Index Scan on sbtest5_pkey  (cost=0.00..29.77 rows=934 width=0)
	                    Index Cond: ((id >= 4227569) AND (id <= 4228568))

table 6 : explain SELECT DISTINCT c FROM sbtest6 WHERE id BETWEEN 5480090 AND 5481089 ORDER BY c
	Unique  (cost=4074.37..4079.56 rows=1039 width=121)
	  ->  Sort  (cost=4074.37..4076.97 rows=1039 width=121)
	        Sort Key: c
	        ->  Bitmap Heap Scan on sbtest6  (cost=31.08..4022.31 rows=1039 width=121)
	              Recheck Cond: ((id >= 5480090) AND (id <= 5481089))
	              ->  Bitmap Index Scan on sbtest6_pkey  (cost=0.00..30.82 rows=1039 width=0)
	                    Index Cond: ((id >= 5480090) AND (id <= 5481089))

table 7 : explain SELECT DISTINCT c FROM sbtest7 WHERE id BETWEEN 4101543 AND 4102542 ORDER BY c
	Unique  (cost=3770.49..3775.29 rows=959 width=121)
	  ->  Sort  (cost=3770.49..3772.89 rows=959 width=121)
	        Sort Key: c
	        ->  Bitmap Heap Scan on sbtest7  (cost=30.26..3722.99 rows=959 width=121)
	              Recheck Cond: ((id >= 4101543) AND (id <= 4102542))
	              ->  Bitmap Index Scan on sbtest7_pkey  (cost=0.00..30.02 rows=959 width=0)
	                    Index Cond: ((id >= 4101543) AND (id <= 4102542))

table 8 : explain SELECT DISTINCT c FROM sbtest8 WHERE id BETWEEN 5788020 AND 5789019 ORDER BY c
	Unique  (cost=4220.15..4225.53 rows=1077 width=121)
	  ->  Sort  (cost=4220.15..4222.84 rows=1077 width=121)
	        Sort Key: c
	        ->  Bitmap Heap Scan on sbtest8  (cost=31.47..4165.91 rows=1077 width=121)
	              Recheck Cond: ((id >= 5788020) AND (id <= 5789019))
	              ->  Bitmap Index Scan on sbtest8_pkey  (cost=0.00..31.20 rows=1077 width=0)
	                    Index Cond: ((id >= 5788020) AND (id <= 5789019))

for: sum_ranges
table 1 : explain SELECT SUM(k) FROM sbtest1 WHERE id BETWEEN 5240965 AND 5241964
	Aggregate  (cost=3805.86..3805.87 rows=1 width=8)
	  ->  Bitmap Heap Scan on sbtest1  (cost=30.50..3803.40 rows=982 width=4)
	        Recheck Cond: ((id >= 5240965) AND (id <= 5241964))
	        ->  Bitmap Index Scan on sbtest1_pkey  (cost=0.00..30.25 rows=982 width=0)
	              Index Cond: ((id >= 5240965) AND (id <= 5241964))

table 2 : explain SELECT SUM(k) FROM sbtest2 WHERE id BETWEEN 6121408 AND 6122407
	Aggregate  (cost=3878.99..3879.00 rows=1 width=8)
	  ->  Bitmap Heap Scan on sbtest2  (cost=30.70..3876.49 rows=1001 width=4)
	        Recheck Cond: ((id >= 6121408) AND (id <= 6122407))
	        ->  Bitmap Index Scan on sbtest2_pkey  (cost=0.00..30.44 rows=1001 width=0)
	              Index Cond: ((id >= 6121408) AND (id <= 6122407))

table 3 : explain SELECT SUM(k) FROM sbtest3 WHERE id BETWEEN 9700062 AND 9701061
	Aggregate  (cost=3580.73..3580.74 rows=1 width=8)
	  ->  Bitmap Heap Scan on sbtest3  (cost=25.90..3578.42 rows=923 width=4)
	        Recheck Cond: ((id >= 9700062) AND (id <= 9701061))
	        ->  Bitmap Index Scan on sbtest3_pkey  (cost=0.00..25.66 rows=923 width=0)
	              Index Cond: ((id >= 9700062) AND (id <= 9701061))

table 4 : explain SELECT SUM(k) FROM sbtest4 WHERE id BETWEEN 1906461 AND 1907460
	Aggregate  (cost=3758.64..3758.65 rows=1 width=8)
	  ->  Bitmap Heap Scan on sbtest4  (cost=30.37..3756.21 rows=969 width=4)
	        Recheck Cond: ((id >= 1906461) AND (id <= 1907460))
	        ->  Bitmap Index Scan on sbtest4_pkey  (cost=0.00..30.12 rows=969 width=0)
	              Index Cond: ((id >= 1906461) AND (id <= 1907460))

table 5 : explain SELECT SUM(k) FROM sbtest5 WHERE id BETWEEN 3734234 AND 3735233
	Aggregate  (cost=3755.63..3755.64 rows=1 width=8)
	  ->  Bitmap Heap Scan on sbtest5  (cost=30.35..3753.21 rows=967 width=4)
	        Recheck Cond: ((id >= 3734234) AND (id <= 3735233))
	        ->  Bitmap Index Scan on sbtest5_pkey  (cost=0.00..30.11 rows=967 width=0)
	              Index Cond: ((id >= 3734234) AND (id <= 3735233))

table 6 : explain SELECT SUM(k) FROM sbtest6 WHERE id BETWEEN 1064569 AND 1065568
	Aggregate  (cost=3820.99..3821.00 rows=1 width=8)
	  ->  Bitmap Heap Scan on sbtest6  (cost=30.53..3818.53 rows=985 width=4)
	        Recheck Cond: ((id >= 1064569) AND (id <= 1065568))
	        ->  Bitmap Index Scan on sbtest6_pkey  (cost=0.00..30.29 rows=985 width=0)
	              Index Cond: ((id >= 1064569) AND (id <= 1065568))

table 7 : explain SELECT SUM(k) FROM sbtest7 WHERE id BETWEEN 9501229 AND 9502228
	Aggregate  (cost=3918.38..3918.39 rows=1 width=8)
	  ->  Bitmap Heap Scan on sbtest7  (cost=30.79..3915.85 rows=1010 width=4)
	        Recheck Cond: ((id >= 9501229) AND (id <= 9502228))
	        ->  Bitmap Index Scan on sbtest7_pkey  (cost=0.00..30.54 rows=1010 width=0)
	              Index Cond: ((id >= 9501229) AND (id <= 9502228))

table 8 : explain SELECT SUM(k) FROM sbtest8 WHERE id BETWEEN 9040115 AND 9041114
	Aggregate  (cost=4032.84..4032.85 rows=1 width=8)
	  ->  Bitmap Heap Scan on sbtest8  (cost=31.11..4030.24 rows=1041 width=4)
	        Recheck Cond: ((id >= 9040115) AND (id <= 9041114))
	        ->  Bitmap Index Scan on sbtest8_pkey  (cost=0.00..30.84 rows=1041 width=0)
	              Index Cond: ((id >= 9040115) AND (id <= 9041114))

for: order_ranges
table 1 : explain SELECT c FROM sbtest1 WHERE id BETWEEN 172120 AND 173119 ORDER BY c
	Sort  (cost=3898.14..3900.63 rows=994 width=121)
	  Sort Key: c
	  ->  Bitmap Heap Scan on sbtest1  (cost=30.62..3848.65 rows=994 width=121)
	        Recheck Cond: ((id >= 172120) AND (id <= 173119))
	        ->  Bitmap Index Scan on sbtest1_pkey  (cost=0.00..30.37 rows=994 width=0)
	              Index Cond: ((id >= 172120) AND (id <= 173119))

table 2 : explain SELECT c FROM sbtest2 WHERE id BETWEEN 1229339 AND 1230338 ORDER BY c
	Sort  (cost=4037.35..4039.92 rows=1030 width=121)
	  Sort Key: c
	  ->  Bitmap Heap Scan on sbtest2  (cost=30.99..3985.81 rows=1030 width=121)
	        Recheck Cond: ((id >= 1229339) AND (id <= 1230338))
	        ->  Bitmap Index Scan on sbtest2_pkey  (cost=0.00..30.73 rows=1030 width=0)
	              Index Cond: ((id >= 1229339) AND (id <= 1230338))

table 3 : explain SELECT c FROM sbtest3 WHERE id BETWEEN 7325784 AND 7326783 ORDER BY c
	Sort  (cost=3953.74..3956.26 rows=1008 width=121)
	  Sort Key: c
	  ->  Bitmap Heap Scan on sbtest3  (cost=30.77..3903.45 rows=1008 width=121)
	        Recheck Cond: ((id >= 7325784) AND (id <= 7326783))
	        ->  Bitmap Index Scan on sbtest3_pkey  (cost=0.00..30.51 rows=1008 width=0)
	              Index Cond: ((id >= 7325784) AND (id <= 7326783))

table 4 : explain SELECT c FROM sbtest4 WHERE id BETWEEN 5266151 AND 5267150 ORDER BY c
	Sort  (cost=3957.50..3960.03 rows=1009 width=121)
	  Sort Key: c
	  ->  Bitmap Heap Scan on sbtest4  (cost=30.78..3907.16 rows=1009 width=121)
	        Recheck Cond: ((id >= 5266151) AND (id <= 5267150))
	        ->  Bitmap Index Scan on sbtest4_pkey  (cost=0.00..30.52 rows=1009 width=0)
	              Index Cond: ((id >= 5266151) AND (id <= 5267150))

table 5 : explain SELECT c FROM sbtest5 WHERE id BETWEEN 4321302 AND 4322301 ORDER BY c
	Sort  (cost=4123.35..4125.97 rows=1051 width=121)
	  Sort Key: c
	  ->  Bitmap Heap Scan on sbtest5  (cost=31.21..4070.60 rows=1051 width=121)
	        Recheck Cond: ((id >= 4321302) AND (id <= 4322301))
	        ->  Bitmap Index Scan on sbtest5_pkey  (cost=0.00..30.94 rows=1051 width=0)
	              Index Cond: ((id >= 4321302) AND (id <= 4322301))

table 6 : explain SELECT c FROM sbtest6 WHERE id BETWEEN 4835469 AND 4836468 ORDER BY c
	Sort  (cost=3829.16..3831.59 rows=975 width=121)
	  Sort Key: c
	  ->  Bitmap Heap Scan on sbtest6  (cost=30.43..3780.75 rows=975 width=121)
	        Recheck Cond: ((id >= 4835469) AND (id <= 4836468))
	        ->  Bitmap Index Scan on sbtest6_pkey  (cost=0.00..30.18 rows=975 width=0)
	              Index Cond: ((id >= 4835469) AND (id <= 4836468))

table 7 : explain SELECT c FROM sbtest7 WHERE id BETWEEN 4863889 AND 4864888 ORDER BY c
	Sort  (cost=4123.41..4126.04 rows=1051 width=121)
	  Sort Key: c
	  ->  Bitmap Heap Scan on sbtest7  (cost=31.21..4070.66 rows=1051 width=121)
	        Recheck Cond: ((id >= 4863889) AND (id <= 4864888))
	        ->  Bitmap Index Scan on sbtest7_pkey  (cost=0.00..30.94 rows=1051 width=0)
	              Index Cond: ((id >= 4863889) AND (id <= 4864888))

table 8 : explain SELECT c FROM sbtest8 WHERE id BETWEEN 1553977 AND 1554976 ORDER BY c
	Sort  (cost=4040.30..4042.87 rows=1030 width=121)
	  Sort Key: c
	  ->  Bitmap Heap Scan on sbtest8  (cost=30.99..3988.76 rows=1030 width=121)
	        Recheck Cond: ((id >= 1553977) AND (id <= 1554976))
	        ->  Bitmap Index Scan on sbtest8_pkey  (cost=0.00..30.73 rows=1030 width=0)
	              Index Cond: ((id >= 1553977) AND (id <= 1554976))

for: order_ranges
table 1 : explain SELECT c FROM sbtest1 WHERE id BETWEEN 437928 AND 438927 ORDER BY c
	Sort  (cost=3752.62..3755.01 rows=956 width=121)
	  Sort Key: c
	  ->  Bitmap Heap Scan on sbtest1  (cost=30.23..3705.30 rows=956 width=121)
	        Recheck Cond: ((id >= 437928) AND (id <= 438927))
	        ->  Bitmap Index Scan on sbtest1_pkey  (cost=0.00..30.00 rows=956 width=0)
	              Index Cond: ((id >= 437928) AND (id <= 438927))

table 2 : explain SELECT c FROM sbtest2 WHERE id BETWEEN 6875956 AND 6876955 ORDER BY c
	Sort  (cost=3642.57..3644.89 rows=928 width=121)
	  Sort Key: c
	  ->  Bitmap Heap Scan on sbtest2  (cost=25.95..3596.83 rows=928 width=121)
	        Recheck Cond: ((id >= 6875956) AND (id <= 6876955))
	        ->  Bitmap Index Scan on sbtest2_pkey  (cost=0.00..25.71 rows=928 width=0)
	              Index Cond: ((id >= 6875956) AND (id <= 6876955))

table 3 : explain SELECT c FROM sbtest3 WHERE id BETWEEN 6312091 AND 6313090 ORDER BY c
	Sort  (cost=3915.44..3917.94 rows=998 width=121)
	  Sort Key: c
	  ->  Bitmap Heap Scan on sbtest3  (cost=30.66..3865.73 rows=998 width=121)
	        Recheck Cond: ((id >= 6312091) AND (id <= 6313090))
	        ->  Bitmap Index Scan on sbtest3_pkey  (cost=0.00..30.41 rows=998 width=0)
	              Index Cond: ((id >= 6312091) AND (id <= 6313090))

table 4 : explain SELECT c FROM sbtest4 WHERE id BETWEEN 4205557 AND 4206556 ORDER BY c
	Sort  (cost=4175.52..4178.19 rows=1066 width=121)
	  Sort Key: c
	  ->  Bitmap Heap Scan on sbtest4  (cost=31.36..4121.91 rows=1066 width=121)
	        Recheck Cond: ((id >= 4205557) AND (id <= 4206556))
	        ->  Bitmap Index Scan on sbtest4_pkey  (cost=0.00..31.09 rows=1066 width=0)
	              Index Cond: ((id >= 4205557) AND (id <= 4206556))

table 5 : explain SELECT c FROM sbtest5 WHERE id BETWEEN 6637805 AND 6638804 ORDER BY c
	Sort  (cost=4088.87..4091.47 rows=1042 width=121)
	  Sort Key: c
	  ->  Bitmap Heap Scan on sbtest5  (cost=31.12..4036.64 rows=1042 width=121)
	        Recheck Cond: ((id >= 6637805) AND (id <= 6638804))
	        ->  Bitmap Index Scan on sbtest5_pkey  (cost=0.00..30.86 rows=1042 width=0)
	              Index Cond: ((id >= 6637805) AND (id <= 6638804))

table 6 : explain SELECT c FROM sbtest6 WHERE id BETWEEN 1759957 AND 1760956 ORDER BY c
	Sort  (cost=4196.80..4199.47 rows=1071 width=121)
	  Sort Key: c
	  ->  Bitmap Heap Scan on sbtest6  (cost=31.41..4142.90 rows=1071 width=121)
	        Recheck Cond: ((id >= 1759957) AND (id <= 1760956))
	        ->  Bitmap Index Scan on sbtest6_pkey  (cost=0.00..31.14 rows=1071 width=0)
	              Index Cond: ((id >= 1759957) AND (id <= 1760956))

table 7 : explain SELECT c FROM sbtest7 WHERE id BETWEEN 9747279 AND 9748278 ORDER BY c
	Sort  (cost=3881.84..3884.31 rows=988 width=121)
	  Sort Key: c
	  ->  Bitmap Heap Scan on sbtest7  (cost=30.56..3832.70 rows=988 width=121)
	        Recheck Cond: ((id >= 9747279) AND (id <= 9748278))
	        ->  Bitmap Index Scan on sbtest7_pkey  (cost=0.00..30.32 rows=988 width=0)
	              Index Cond: ((id >= 9747279) AND (id <= 9748278))

table 8 : explain SELECT c FROM sbtest8 WHERE id BETWEEN 8070603 AND 8071602 ORDER BY c
	Sort  (cost=3956.03..3958.55 rows=1008 width=121)
	  Sort Key: c
	  ->  Bitmap Heap Scan on sbtest8  (cost=30.77..3905.74 rows=1008 width=121)
	        Recheck Cond: ((id >= 8070603) AND (id <= 8071602))
	        ->  Bitmap Index Scan on sbtest8_pkey  (cost=0.00..30.51 rows=1008 width=0)
	              Index Cond: ((id >= 8070603) AND (id <= 8071602))

for: distinct_ranges
table 1 : explain SELECT DISTINCT c FROM sbtest1 WHERE id BETWEEN 1834321 AND 1835320 ORDER BY c
	Unique  (cost=4005.25..4010.36 rows=1022 width=121)
	  ->  Sort  (cost=4005.25..4007.81 rows=1022 width=121)
	        Sort Key: c
	        ->  Bitmap Heap Scan on sbtest1  (cost=30.91..3954.17 rows=1022 width=121)
	              Recheck Cond: ((id >= 1834321) AND (id <= 1835320))
	              ->  Bitmap Index Scan on sbtest1_pkey  (cost=0.00..30.65 rows=1022 width=0)
	                    Index Cond: ((id >= 1834321) AND (id <= 1835320))

table 2 : explain SELECT DISTINCT c FROM sbtest2 WHERE id BETWEEN 280133 AND 281132 ORDER BY c
	Unique  (cost=3922.54..3927.54 rows=1000 width=121)
	  ->  Sort  (cost=3922.54..3925.04 rows=1000 width=121)
	        Sort Key: c
	        ->  Bitmap Heap Scan on sbtest2  (cost=30.68..3872.72 rows=1000 width=121)
	              Recheck Cond: ((id >= 280133) AND (id <= 281132))
	              ->  Bitmap Index Scan on sbtest2_pkey  (cost=0.00..30.43 rows=1000 width=0)
	                    Index Cond: ((id >= 280133) AND (id <= 281132))

table 3 : explain SELECT DISTINCT c FROM sbtest3 WHERE id BETWEEN 7464637 AND 7465636 ORDER BY c
	Unique  (cost=4309.28..4314.78 rows=1101 width=121)
	  ->  Sort  (cost=4309.28..4312.03 rows=1101 width=121)
	        Sort Key: c
	        ->  Bitmap Heap Scan on sbtest3  (cost=31.72..4253.65 rows=1101 width=121)
	              Recheck Cond: ((id >= 7464637) AND (id <= 7465636))
	              ->  Bitmap Index Scan on sbtest3_pkey  (cost=0.00..31.44 rows=1101 width=0)
	                    Index Cond: ((id >= 7464637) AND (id <= 7465636))

table 4 : explain SELECT DISTINCT c FROM sbtest4 WHERE id BETWEEN 9645335 AND 9646334 ORDER BY c
	Unique  (cost=3953.67..3958.71 rows=1008 width=121)
	  ->  Sort  (cost=3953.67..3956.19 rows=1008 width=121)
	        Sort Key: c
	        ->  Bitmap Heap Scan on sbtest4  (cost=30.77..3903.39 rows=1008 width=121)
	              Recheck Cond: ((id >= 9645335) AND (id <= 9646334))
	              ->  Bitmap Index Scan on sbtest4_pkey  (cost=0.00..30.51 rows=1008 width=0)
	                    Index Cond: ((id >= 9645335) AND (id <= 9646334))

table 5 : explain SELECT DISTINCT c FROM sbtest5 WHERE id BETWEEN 8916256 AND 8917255 ORDER BY c
	Unique  (cost=4291.79..4297.26 rows=1095 width=121)
	  ->  Sort  (cost=4291.79..4294.53 rows=1095 width=121)
	        Sort Key: c
	        ->  Bitmap Heap Scan on sbtest5  (cost=31.66..4236.51 rows=1095 width=121)
	              Recheck Cond: ((id >= 8916256) AND (id <= 8917255))
	              ->  Bitmap Index Scan on sbtest5_pkey  (cost=0.00..31.39 rows=1095 width=0)
	                    Index Cond: ((id >= 8916256) AND (id <= 8917255))

table 6 : explain SELECT DISTINCT c FROM sbtest6 WHERE id BETWEEN 5264582 AND 5265581 ORDER BY c
	Unique  (cost=3733.24..3737.99 rows=950 width=121)
	  ->  Sort  (cost=3733.24..3735.61 rows=950 width=121)
	        Sort Key: c
	        ->  Bitmap Heap Scan on sbtest6  (cost=30.17..3686.25 rows=950 width=121)
	              Recheck Cond: ((id >= 5264582) AND (id <= 5265581))
	              ->  Bitmap Index Scan on sbtest6_pkey  (cost=0.00..29.93 rows=950 width=0)
	                    Index Cond: ((id >= 5264582) AND (id <= 5265581))

table 7 : explain SELECT DISTINCT c FROM sbtest7 WHERE id BETWEEN 966241 AND 967240 ORDER BY c
	Unique  (cost=4096.59..4101.81 rows=1044 width=121)
	  ->  Sort  (cost=4096.59..4099.20 rows=1044 width=121)
	        Sort Key: c
	        ->  Bitmap Heap Scan on sbtest7  (cost=31.14..4044.24 rows=1044 width=121)
	              Recheck Cond: ((id >= 966241) AND (id <= 967240))
	              ->  Bitmap Index Scan on sbtest7_pkey  (cost=0.00..30.87 rows=1044 width=0)
	                    Index Cond: ((id >= 966241) AND (id <= 967240))

table 8 : explain SELECT DISTINCT c FROM sbtest8 WHERE id BETWEEN 6285284 AND 6286283 ORDER BY c
	Unique  (cost=3687.50..3692.19 rows=938 width=121)
	  ->  Sort  (cost=3687.50..3689.85 rows=938 width=121)
	        Sort Key: c
	        ->  Bitmap Heap Scan on sbtest8  (cost=30.05..3641.20 rows=938 width=121)
	              Recheck Cond: ((id >= 6285284) AND (id <= 6286283))
	              ->  Bitmap Index Scan on sbtest8_pkey  (cost=0.00..29.82 rows=938 width=0)
	                    Index Cond: ((id >= 6285284) AND (id <= 6286283))

for: distinct_ranges
table 1 : explain SELECT DISTINCT c FROM sbtest1 WHERE id BETWEEN 8497803 AND 8498802 ORDER BY c
	Unique  (cost=3660.62..3665.28 rows=932 width=121)
	  ->  Sort  (cost=3660.62..3662.95 rows=932 width=121)
	        Sort Key: c
	        ->  Bitmap Heap Scan on sbtest1  (cost=29.99..3614.66 rows=932 width=121)
	              Recheck Cond: ((id >= 8497803) AND (id <= 8498802))
	              ->  Bitmap Index Scan on sbtest1_pkey  (cost=0.00..29.75 rows=932 width=0)
	                    Index Cond: ((id >= 8497803) AND (id <= 8498802))

table 2 : explain SELECT DISTINCT c FROM sbtest2 WHERE id BETWEEN 8071974 AND 8072973 ORDER BY c
	Unique  (cost=3650.25..3654.90 rows=930 width=121)
	  ->  Sort  (cost=3650.25..3652.57 rows=930 width=121)
	        Sort Key: c
	        ->  Bitmap Heap Scan on sbtest2  (cost=25.97..3604.39 rows=930 width=121)
	              Recheck Cond: ((id >= 8071974) AND (id <= 8072973))
	              ->  Bitmap Index Scan on sbtest2_pkey  (cost=0.00..25.73 rows=930 width=0)
	                    Index Cond: ((id >= 8071974) AND (id <= 8072973))

table 3 : explain SELECT DISTINCT c FROM sbtest3 WHERE id BETWEEN 1230184 AND 1231183 ORDER BY c
	Unique  (cost=4045.58..4050.74 rows=1032 width=121)
	  ->  Sort  (cost=4045.58..4048.16 rows=1032 width=121)
	        Sort Key: c
	        ->  Bitmap Heap Scan on sbtest3  (cost=31.01..3993.93 rows=1032 width=121)
	              Recheck Cond: ((id >= 1230184) AND (id <= 1231183))
	              ->  Bitmap Index Scan on sbtest3_pkey  (cost=0.00..30.75 rows=1032 width=0)
	                    Index Cond: ((id >= 1230184) AND (id <= 1231183))

table 4 : explain SELECT DISTINCT c FROM sbtest4 WHERE id BETWEEN 166594 AND 167593 ORDER BY c
	Unique  (cost=4221.37..4226.76 rows=1078 width=121)
	  ->  Sort  (cost=4221.37..4224.07 rows=1078 width=121)
	        Sort Key: c
	        ->  Bitmap Heap Scan on sbtest4  (cost=31.48..4167.07 rows=1078 width=121)
	              Recheck Cond: ((id >= 166594) AND (id <= 167593))
	              ->  Bitmap Index Scan on sbtest4_pkey  (cost=0.00..31.21 rows=1078 width=0)
	                    Index Cond: ((id >= 166594) AND (id <= 167593))

table 5 : explain SELECT DISTINCT c FROM sbtest5 WHERE id BETWEEN 5878101 AND 5879100 ORDER BY c
	Unique  (cost=3904.81..3909.78 rows=994 width=121)
	  ->  Sort  (cost=3904.81..3907.30 rows=994 width=121)
	        Sort Key: c
	        ->  Bitmap Heap Scan on sbtest5  (cost=30.62..3855.33 rows=994 width=121)
	              Recheck Cond: ((id >= 5878101) AND (id <= 5879100))
	              ->  Bitmap Index Scan on sbtest5_pkey  (cost=0.00..30.37 rows=994 width=0)
	                    Index Cond: ((id >= 5878101) AND (id <= 5879100))

table 6 : explain SELECT DISTINCT c FROM sbtest6 WHERE id BETWEEN 8292511 AND 8293510 ORDER BY c
	Unique  (cost=4147.07..4152.36 rows=1058 width=121)
	  ->  Sort  (cost=4147.07..4149.72 rows=1058 width=121)
	        Sort Key: c
	        ->  Bitmap Heap Scan on sbtest6  (cost=31.28..4093.92 rows=1058 width=121)
	              Recheck Cond: ((id >= 8292511) AND (id <= 8293510))
	              ->  Bitmap Index Scan on sbtest6_pkey  (cost=0.00..31.01 rows=1058 width=0)
	                    Index Cond: ((id >= 8292511) AND (id <= 8293510))

table 7 : explain SELECT DISTINCT c FROM sbtest7 WHERE id BETWEEN 1215910 AND 1216909 ORDER BY c
	Unique  (cost=3993.10..3998.18 rows=1017 width=121)
	  ->  Sort  (cost=3993.10..3995.64 rows=1017 width=121)
	        Sort Key: c
	        ->  Bitmap Heap Scan on sbtest7  (cost=30.86..3942.30 rows=1017 width=121)
	              Recheck Cond: ((id >= 1215910) AND (id <= 1216909))
	              ->  Bitmap Index Scan on sbtest7_pkey  (cost=0.00..30.61 rows=1017 width=0)
	                    Index Cond: ((id >= 1215910) AND (id <= 1216909))

table 8 : explain SELECT DISTINCT c FROM sbtest8 WHERE id BETWEEN 2445291 AND 2446290 ORDER BY c
	Unique  (cost=3706.70..3711.42 rows=943 width=121)
	  ->  Sort  (cost=3706.70..3709.06 rows=943 width=121)
	        Sort Key: c
	        ->  Bitmap Heap Scan on sbtest8  (cost=30.10..3660.11 rows=943 width=121)
	              Recheck Cond: ((id >= 2445291) AND (id <= 2446290))
	              ->  Bitmap Index Scan on sbtest8_pkey  (cost=0.00..29.86 rows=943 width=0)
	                    Index Cond: ((id >= 2445291) AND (id <= 2446290))

Threads started!

Warming up for 5 seconds...

SQL statistics:
    queries performed:
        read:                            158781356
        write:                           0
        other:                           28869362
        total:                           187650718
    transactions:                        14434701 (22911.97 per sec.)
    queries:                             187650718 (297854.93 per sec.)
    ignored errors:                      0      (0.00 per sec.)
    reconnects:                          0      (0.00 per sec.)

Throughput:
    events/s (eps):                      22911.9661
    time elapsed:                        630.0072s
    total number of events:              14434701

Latency (ms):
         min:                                    0.50
         avg:                                    1.74
         max:                                   17.95
         95th percentile:                        1.86
         sum:                             25187002.47

Threads fairness:
    events (avg/stddev):           360867.0500/875.07
    execution time (avg/stddev):   629.6751/0.01

