LUA_PATH=/home/mdcallag/git/mytools/bench/sysbench.lua/lua/?.lua /home/mdcallag/git/mytools/bench/sysbench.lua/lua/sysbench --db-driver=pgsql --range-size=100 --table-size=10000000 --tables=8 --threads=40 --events=0 --warmup-time=5 --time=630 --pgsql_conn_id=true /home/mdcallag/git/mytools/bench/sysbench.lua/lua/oltp_point_select.lua run --pgsql-user=root --pgsql-password=pw --pgsql-host=127.0.0.1 --pgsql-db=ib --rand-type=uniform --skip-trx
48 CPUs
sysbench 1.1.0-9072687 (using bundled LuaJIT 2.1.0-beta3)

Running the test with following options:
Number of threads: 40
Warmup time: 5s
Initializing random number generator from current time


Initializing worker threads...

explain: for point_selects :: explain SELECT c FROM sbtest%u WHERE id=%u
explain: for point_selects :: explain SELECT c FROM sbtest%u WHERE id=%u
explain: for point_selects :: explain SELECT c FROM sbtest%u WHERE id=%u
explain: for point_selects :: explain SELECT c FROM sbtest%u WHERE id=%u
explain: for point_selects :: explain SELECT c FROM sbtest%u WHERE id=%u
explain: for point_selects :: explain SELECT c FROM sbtest%u WHERE id=%u
explain: for point_selects :: explain SELECT c FROM sbtest%u WHERE id=%u
explain: for point_selects :: explain SELECT c FROM sbtest%u WHERE id=%uexplain: for point_selects :: explain SELECT c FROM sbtest%u WHERE id=%uexplain: for point_selects :: explain SELECT c FROM sbtest%u WHERE id=%u


explain: for point_selects :: explain SELECT c FROM sbtest%u WHERE id=%u
explain: for point_selects :: explain SELECT c FROM sbtest%u WHERE id=%u
explain: for point_selects :: explain SELECT c FROM sbtest%u WHERE id=%u
explain: for point_selects :: explain SELECT c FROM sbtest%u WHERE id=%u
explain: for point_selects :: explain SELECT c FROM sbtest%u WHERE id=%u
explain: for point_selects :: explain SELECT c FROM sbtest%u WHERE id=%u
explain: for point_selects :: explain SELECT c FROM sbtest%u WHERE id=%u
explain: for point_selects :: explain SELECT c FROM sbtest%u WHERE id=%u
explain: for point_selects :: explain SELECT c FROM sbtest%u WHERE id=%u
explain: for point_selects :: explain SELECT c FROM sbtest%u WHERE id=%u
explain: for point_selects :: explain SELECT c FROM sbtest%u WHERE id=%u
explain: for point_selects :: explain SELECT c FROM sbtest%u WHERE id=%u
explain: for point_selects :: explain SELECT c FROM sbtest%u WHERE id=%u
explain: for point_selects :: explain SELECT c FROM sbtest%u WHERE id=%u
explain: for point_selects :: explain SELECT c FROM sbtest%u WHERE id=%u
explain: for point_selects :: explain SELECT c FROM sbtest%u WHERE id=%u
explain: for point_selects :: explain SELECT c FROM sbtest%u WHERE id=%uexplain: for point_selects :: explain SELECT c FROM sbtest%u WHERE id=%u

explain: for point_selects :: explain SELECT c FROM sbtest%u WHERE id=%u
explain: for point_selects :: explain SELECT c FROM sbtest%u WHERE id=%u
explain: for point_selects :: explain SELECT c FROM sbtest%u WHERE id=%u
explain: for point_selects :: explain SELECT c FROM sbtest%u WHERE id=%u
for point_selects
table 1 : explain SELECT c FROM sbtest1 WHERE id=9634867
	Index Scan using sbtest1_pkey on sbtest1  (cost=0.43..8.45 rows=1 width=121)
	  Index Cond: (id = 9634867)

table 2 : explain SELECT c FROM sbtest2 WHERE id=9231051
	Index Scan using sbtest2_pkey on sbtest2  (cost=0.43..8.45 rows=1 width=121)
	  Index Cond: (id = 9231051)

table 3 : explain SELECT c FROM sbtest3 WHERE id=424371
	Index Scan using sbtest3_pkey on sbtest3  (cost=0.43..8.45 rows=1 width=121)
	  Index Cond: (id = 424371)

table 4 : explain SELECT c FROM sbtest4 WHERE id=415802
	Index Scan using sbtest4_pkey on sbtest4  (cost=0.43..8.45 rows=1 width=121)
	  Index Cond: (id = 415802)

table 5 : explain SELECT c FROM sbtest5 WHERE id=7412288
	Index Scan using sbtest5_pkey on sbtest5  (cost=0.43..8.45 rows=1 width=121)
	  Index Cond: (id = 7412288)

table 6 : explain SELECT c FROM sbtest6 WHERE id=5025206
	Index Scan using sbtest6_pkey on sbtest6  (cost=0.43..8.45 rows=1 width=121)
	  Index Cond: (id = 5025206)

table 7 : explain SELECT c FROM sbtest7 WHERE id=8799720
	Index Scan using sbtest7_pkey on sbtest7  (cost=0.43..8.45 rows=1 width=121)
	  Index Cond: (id = 8799720)

table 8 : explain SELECT c FROM sbtest8 WHERE id=7536212
	Index Scan using sbtest8_pkey on sbtest8  (cost=0.43..8.45 rows=1 width=121)
	  Index Cond: (id = 7536212)

explain: for point_selects :: explain SELECT c FROM sbtest%u WHERE id=%u
explain: for point_selects :: explain SELECT c FROM sbtest%u WHERE id=%u
for point_selects
table 1 : explain SELECT c FROM sbtest1 WHERE id=4021654
	Index Scan using sbtest1_pkey on sbtest1  (cost=0.43..8.45 rows=1 width=121)
	  Index Cond: (id = 4021654)

table 2 : explain SELECT c FROM sbtest2 WHERE id=5461685
	Index Scan using sbtest2_pkey on sbtest2  (cost=0.43..8.45 rows=1 width=121)
	  Index Cond: (id = 5461685)

table 3 : explain SELECT c FROM sbtest3 WHERE id=2304990
	Index Scan using sbtest3_pkey on sbtest3  (cost=0.43..8.45 rows=1 width=121)
	  Index Cond: (id = 2304990)

table 4 : explain SELECT c FROM sbtest4 WHERE id=2387982
	Index Scan using sbtest4_pkey on sbtest4  (cost=0.43..8.45 rows=1 width=121)
	  Index Cond: (id = 2387982)

table 5 : explain SELECT c FROM sbtest5 WHERE id=9249086
	Index Scan using sbtest5_pkey on sbtest5  (cost=0.43..8.45 rows=1 width=121)
	  Index Cond: (id = 9249086)

table 6 : explain SELECT c FROM sbtest6 WHERE id=3499382
	Index Scan using sbtest6_pkey on sbtest6  (cost=0.43..8.45 rows=1 width=121)
	  Index Cond: (id = 3499382)

table 7 : explain SELECT c FROM sbtest7 WHERE id=2713318
	Index Scan using sbtest7_pkey on sbtest7  (cost=0.43..8.45 rows=1 width=121)
	  Index Cond: (id = 2713318)

table 8 : explain SELECT c FROM sbtest8 WHERE id=9451321
	Index Scan using sbtest8_pkey on sbtest8  (cost=0.43..8.45 rows=1 width=121)
	  Index Cond: (id = 9451321)
for point_selects
table 1 : explain SELECT c FROM sbtest1 WHERE id=2019576
	Index Scan using sbtest1_pkey on sbtest1  (cost=0.43..8.45 rows=1 width=121)
	  Index Cond: (id = 2019576)

table 2 : explain SELECT c FROM sbtest2 WHERE id=1355419
	Index Scan using sbtest2_pkey on sbtest2  (cost=0.43..8.45 rows=1 width=121)
	  Index Cond: (id = 1355419)

table 3 : explain SELECT c FROM sbtest3 WHERE id=369256
	Index Scan using sbtest3_pkey on sbtest3  (cost=0.43..8.45 rows=1 width=121)
	  Index Cond: (id = 369256)

table 4 : explain SELECT c FROM sbtest4 WHERE id=8095680
	Index Scan using sbtest4_pkey on sbtest4  (cost=0.43..8.45 rows=1 width=121)
	  Index Cond: (id = 8095680)

table 5 : explain SELECT c FROM sbtest5 WHERE id=8089696
	Index Scan using sbtest5_pkey on sbtest5  (cost=0.43..8.45 rows=1 width=121)
	  Index Cond: (id = 8089696)

table 6 : explain SELECT c FROM sbtest6 WHERE id=9646277
	Index Scan using sbtest6_pkey on sbtest6  (cost=0.43..8.45 rows=1 width=121)
	  Index Cond: (id = 9646277)

table 7 : explain SELECT c FROM sbtest7 WHERE id=1667175
	Index Scan using sbtest7_pkey on sbtest7  (cost=0.43..8.45 rows=1 width=121)
	  Index Cond: (id = 1667175)

table 8 : explain SELECT c FROM sbtest8 WHERE id=1455758
	Index Scan using sbtest8_pkey on sbtest8  (cost=0.43..8.45 rows=1 width=121)
	  Index Cond: (id = 1455758)


explain: for point_selects :: explain SELECT c FROM sbtest%u WHERE id=%u
for point_selects
table 1 : explain SELECT c FROM sbtest1 WHERE id=6309991
	Index Scan using sbtest1_pkey on sbtest1  (cost=0.43..8.45 rows=1 width=121)
	  Index Cond: (id = 6309991)

table 2 : explain SELECT c FROM sbtest2 WHERE id=5378881
	Index Scan using sbtest2_pkey on sbtest2  (cost=0.43..8.45 rows=1 width=121)
	  Index Cond: (id = 5378881)

table 3 : explain SELECT c FROM sbtest3 WHERE id=8840942
	Index Scan using sbtest3_pkey on sbtest3  (cost=0.43..8.45 rows=1 width=121)
	  Index Cond: (id = 8840942)

table 4 : explain SELECT c FROM sbtest4 WHERE id=6485808
	Index Scan using sbtest4_pkey on sbtest4  (cost=0.43..8.45 rows=1 width=121)
	  Index Cond: (id = 6485808)

table 5 : explain SELECT c FROM sbtest5 WHERE id=1280101
	Index Scan using sbtest5_pkey on sbtest5  (cost=0.43..8.45 rows=1 width=121)
	  Index Cond: (id = 1280101)

table 6 : explain SELECT c FROM sbtest6 WHERE id=2669473
	Index Scan using sbtest6_pkey on sbtest6  (cost=0.43..8.45 rows=1 width=121)
	  Index Cond: (id = 2669473)

table 7 : explain SELECT c FROM sbtest7 WHERE id=5653743
	Index Scan using sbtest7_pkey on sbtest7  (cost=0.43..8.45 rows=1 width=121)
	  Index Cond: (id = 5653743)

table 8 : explain SELECT c FROM sbtest8 WHERE id=3927083
	Index Scan using sbtest8_pkey on sbtest8  (cost=0.43..8.45 rows=1 width=121)
	  Index Cond: (id = 3927083)

explain: for point_selects :: explain SELECT c FROM sbtest%u WHERE id=%u
explain: for point_selects :: explain SELECT c FROM sbtest%u WHERE id=%u
for point_selects
table 1 : explain SELECT c FROM sbtest1 WHERE id=9069652
	Index Scan using sbtest1_pkey on sbtest1  (cost=0.43..8.45 rows=1 width=121)
	  Index Cond: (id = 9069652)

table 2 : explain SELECT c FROM sbtest2 WHERE id=544171
	Index Scan using sbtest2_pkey on sbtest2  (cost=0.43..8.45 rows=1 width=121)
	  Index Cond: (id = 544171)

table 3 : explain SELECT c FROM sbtest3 WHERE id=2003568
	Index Scan using sbtest3_pkey on sbtest3  (cost=0.43..8.45 rows=1 width=121)
	  Index Cond: (id = 2003568)

table 4 : explain SELECT c FROM sbtest4 WHERE id=5322197
	Index Scan using sbtest4_pkey on sbtest4  (cost=0.43..8.45 rows=1 width=121)
	  Index Cond: (id = 5322197)

table 5 : explain SELECT c FROM sbtest5 WHERE id=1289017
	Index Scan using sbtest5_pkey on sbtest5  (cost=0.43..8.45 rows=1 width=121)
	  Index Cond: (id = 1289017)

table 6 : explain SELECT c FROM sbtest6 WHERE id=4673947
	Index Scan using sbtest6_pkey on sbtest6  (cost=0.43..8.45 rows=1 width=121)
	  Index Cond: (id = 4673947)

table 7 : explain SELECT c FROM sbtest7 WHERE id=3277977
	Index Scan using sbtest7_pkey on sbtest7  (cost=0.43..8.45 rows=1 width=121)
	  Index Cond: (id = 3277977)

table 8 : explain SELECT c FROM sbtest8 WHERE id=1562333
	Index Scan using sbtest8_pkey on sbtest8  (cost=0.43..8.45 rows=1 width=121)
	  Index Cond: (id = 1562333)

for point_selects
table 1 : explain SELECT c FROM sbtest1 WHERE id=6397138
	Index Scan using sbtest1_pkey on sbtest1  (cost=0.43..8.45 rows=1 width=121)
	  Index Cond: (id = 6397138)

table 2 : explain SELECT c FROM sbtest2 WHERE id=8984354
	Index Scan using sbtest2_pkey on sbtest2  (cost=0.43..8.45 rows=1 width=121)
	  Index Cond: (id = 8984354)

table 3 : explain SELECT c FROM sbtest3 WHERE id=5442558
	Index Scan using sbtest3_pkey on sbtest3  (cost=0.43..8.45 rows=1 width=121)
	  Index Cond: (id = 5442558)

table 4 : explain SELECT c FROM sbtest4 WHERE id=1812144
	Index Scan using sbtest4_pkey on sbtest4  (cost=0.43..8.45 rows=1 width=121)
	  Index Cond: (id = 1812144)

table 5 : explain SELECT c FROM sbtest5 WHERE id=7957669
	Index Scan using sbtest5_pkey on sbtest5  (cost=0.43..8.45 rows=1 width=121)
	  Index Cond: (id = 7957669)

table 6 : explain SELECT c FROM sbtest6 WHERE id=8083003
	Index Scan using sbtest6_pkey on sbtest6  (cost=0.43..8.45 rows=1 width=121)
	  Index Cond: (id = 8083003)

table 7 : explain SELECT c FROM sbtest7 WHERE id=433148
	Index Scan using sbtest7_pkey on sbtest7  (cost=0.43..8.45 rows=1 width=121)
	  Index Cond: (id = 433148)

table 8 : explain SELECT c FROM sbtest8 WHERE id=9492399
	Index Scan using sbtest8_pkey on sbtest8  (cost=0.43..8.45 rows=1 width=121)
	  Index Cond: (id = 9492399)

for point_selects
table 1 : explain SELECT c FROM sbtest1 WHERE id=8404779
	Index Scan using sbtest1_pkey on sbtest1  (cost=0.43..8.45 rows=1 width=121)
	  Index Cond: (id = 8404779)

table 2 : explain SELECT c FROM sbtest2 WHERE id=9209145
	Index Scan using sbtest2_pkey on sbtest2  (cost=0.43..8.45 rows=1 width=121)
	  Index Cond: (id = 9209145)

table 3 : explain SELECT c FROM sbtest3 WHERE id=5632708
	Index Scan using sbtest3_pkey on sbtest3  (cost=0.43..8.45 rows=1 width=121)
	  Index Cond: (id = 5632708)

table 4 : explain SELECT c FROM sbtest4 WHERE id=7705841
	Index Scan using sbtest4_pkey on sbtest4  (cost=0.43..8.45 rows=1 width=121)
	  Index Cond: (id = 7705841)

table 5 : explain SELECT c FROM sbtest5 WHERE id=6857785
	Index Scan using sbtest5_pkey on sbtest5  (cost=0.43..8.45 rows=1 width=121)
	  Index Cond: (id = 6857785)

table 6 : explain SELECT c FROM sbtest6 WHERE id=8699154
	Index Scan using sbtest6_pkey on sbtest6  (cost=0.43..8.45 rows=1 width=121)
	  Index Cond: (id = 8699154)

table 7 : explain SELECT c FROM sbtest7 WHERE id=8498767
	Index Scan using sbtest7_pkey on sbtest7  (cost=0.43..8.45 rows=1 width=121)
	  Index Cond: (id = 8498767)

table 8 : explain SELECT c FROM sbtest8 WHERE id=535440
	Index Scan using sbtest8_pkey on sbtest8  (cost=0.43..8.45 rows=1 width=121)
	  Index Cond: (id = 535440)

for point_selects
table 1 : explain SELECT c FROM sbtest1 WHERE id=6841816
	Index Scan using sbtest1_pkey on sbtest1  (cost=0.43..8.45 rows=1 width=121)
	  Index Cond: (id = 6841816)

table 2 : explain SELECT c FROM sbtest2 WHERE id=6930583
	Index Scan using sbtest2_pkey on sbtest2  (cost=0.43..8.45 rows=1 width=121)
	  Index Cond: (id = 6930583)

table 3 : explain SELECT c FROM sbtest3 WHERE id=1401454
	Index Scan using sbtest3_pkey on sbtest3  (cost=0.43..8.45 rows=1 width=121)
	  Index Cond: (id = 1401454)

table 4 : explain SELECT c FROM sbtest4 WHERE id=8510801
	Index Scan using sbtest4_pkey on sbtest4  (cost=0.43..8.45 rows=1 width=121)
	  Index Cond: (id = 8510801)

table 5 : explain SELECT c FROM sbtest5 WHERE id=8923025
	Index Scan using sbtest5_pkey on sbtest5  (cost=0.43..8.45 rows=1 width=121)
	  Index Cond: (id = 8923025)

table 6 : explain SELECT c FROM sbtest6 WHERE id=2912547
	Index Scan using sbtest6_pkey on sbtest6  (cost=0.43..8.45 rows=1 width=121)
	  Index Cond: (id = 2912547)

table 7 : explain SELECT c FROM sbtest7 WHERE id=2465060
	Index Scan using sbtest7_pkey on sbtest7  (cost=0.43..8.45 rows=1 width=121)
	  Index Cond: (id = 2465060)

table 8 : explain SELECT c FROM sbtest8 WHERE id=1185068
	Index Scan using sbtest8_pkey on sbtest8  (cost=0.43..8.45 rows=1 width=121)
	  Index Cond: (id = 1185068)

for point_selects
table 1 : explain SELECT c FROM sbtest1 WHERE id=3111639
	Index Scan using sbtest1_pkey on sbtest1  (cost=0.43..8.45 rows=1 width=121)
	  Index Cond: (id = 3111639)

table 2 : explain SELECT c FROM sbtest2 WHERE id=8115746
	Index Scan using sbtest2_pkey on sbtest2  (cost=0.43..8.45 rows=1 width=121)
	  Index Cond: (id = 8115746)

table 3 : explain SELECT c FROM sbtest3 WHERE id=5297228
	Index Scan using sbtest3_pkey on sbtest3  (cost=0.43..8.45 rows=1 width=121)
	  Index Cond: (id = 5297228)

table 4 : explain SELECT c FROM sbtest4 WHERE id=7630535
	Index Scan using sbtest4_pkey on sbtest4  (cost=0.43..8.45 rows=1 width=121)
	  Index Cond: (id = 7630535)

table 5 : explain SELECT c FROM sbtest5 WHERE id=1430997
	Index Scan using sbtest5_pkey on sbtest5  (cost=0.43..8.45 rows=1 width=121)
	  Index Cond: (id = 1430997)

table 6 : explain SELECT c FROM sbtest6 WHERE id=4496092
	Index Scan using sbtest6_pkey on sbtest6  (cost=0.43..8.45 rows=1 width=121)
	  Index Cond: (id = 4496092)

table 7 : explain SELECT c FROM sbtest7 WHERE id=2455318
	Index Scan using sbtest7_pkey on sbtest7  (cost=0.43..8.45 rows=1 width=121)
	  Index Cond: (id = 2455318)

table 8 : explain SELECT c FROM sbtest8 WHERE id=6775324
	Index Scan using sbtest8_pkey on sbtest8  (cost=0.43..8.45 rows=1 width=121)
	  Index Cond: (id = 6775324)

for point_selects
table 1 : explain SELECT c FROM sbtest1 WHERE id=3714627
	Index Scan using sbtest1_pkey on sbtest1  (cost=0.43..8.45 rows=1 width=121)
	  Index Cond: (id = 3714627)

table 2 : explain SELECT c FROM sbtest2 WHERE id=5920446
	Index Scan using sbtest2_pkey on sbtest2  (cost=0.43..8.45 rows=1 width=121)
	  Index Cond: (id = 5920446)

table 3 : explain SELECT c FROM sbtest3 WHERE id=179754
	Index Scan using sbtest3_pkey on sbtest3  (cost=0.43..8.45 rows=1 width=121)
	  Index Cond: (id = 179754)

table 4 : explain SELECT c FROM sbtest4 WHERE id=212016
	Index Scan using sbtest4_pkey on sbtest4  (cost=0.43..8.45 rows=1 width=121)
	  Index Cond: (id = 212016)

table 5 : explain SELECT c FROM sbtest5 WHERE id=4211021
	Index Scan using sbtest5_pkey on sbtest5  (cost=0.43..8.45 rows=1 width=121)
	  Index Cond: (id = 4211021)

table 6 : explain SELECT c FROM sbtest6 WHERE id=7807749
	Index Scan using sbtest6_pkey on sbtest6  (cost=0.43..8.45 rows=1 width=121)
	  Index Cond: (id = 7807749)

table 7 : explain SELECT c FROM sbtest7 WHERE id=3110361
	Index Scan using sbtest7_pkey on sbtest7  (cost=0.43..8.45 rows=1 width=121)
	  Index Cond: (id = 3110361)

table 8 : explain SELECT c FROM sbtest8 WHERE id=6948283
	Index Scan using sbtest8_pkey on sbtest8  (cost=0.43..8.45 rows=1 width=121)
	  Index Cond: (id = 6948283)

for point_selects
table 1 : explain SELECT c FROM sbtest1 WHERE id=3585380
	Index Scan using sbtest1_pkey on sbtest1  (cost=0.43..8.45 rows=1 width=121)
	  Index Cond: (id = 3585380)

table 2 : explain SELECT c FROM sbtest2 WHERE id=2356840
	Index Scan using sbtest2_pkey on sbtest2  (cost=0.43..8.45 rows=1 width=121)
	  Index Cond: (id = 2356840)

table 3 : explain SELECT c FROM sbtest3 WHERE id=462985
	Index Scan using sbtest3_pkey on sbtest3  (cost=0.43..8.45 rows=1 width=121)
	  Index Cond: (id = 462985)

table 4 : explain SELECT c FROM sbtest4 WHERE id=6883255
	Index Scan using sbtest4_pkey on sbtest4  (cost=0.43..8.45 rows=1 width=121)
	  Index Cond: (id = 6883255)

table 5 : explain SELECT c FROM sbtest5 WHERE id=556018
	Index Scan using sbtest5_pkey on sbtest5  (cost=0.43..8.45 rows=1 width=121)
	  Index Cond: (id = 556018)

table 6 : explain SELECT c FROM sbtest6 WHERE id=9019010
	Index Scan using sbtest6_pkey on sbtest6  (cost=0.43..8.45 rows=1 width=121)
	  Index Cond: (id = 9019010)

table 7 : explain SELECT c FROM sbtest7 WHERE id=4307113
	Index Scan using sbtest7_pkey on sbtest7  (cost=0.43..8.45 rows=1 width=121)
	  Index Cond: (id = 4307113)

table 8 : explain SELECT c FROM sbtest8 WHERE id=1052148
	Index Scan using sbtest8_pkey on sbtest8  (cost=0.43..8.45 rows=1 width=121)
	  Index Cond: (id = 1052148)

for point_selects
table 1 : explain SELECT c FROM sbtest1 WHERE id=5638803
	Index Scan using sbtest1_pkey on sbtest1  (cost=0.43..8.45 rows=1 width=121)
	  Index Cond: (id = 5638803)

table 2 : explain SELECT c FROM sbtest2 WHERE id=6431106
	Index Scan using sbtest2_pkey on sbtest2  (cost=0.43..8.45 rows=1 width=121)
	  Index Cond: (id = 6431106)

table 3 : explain SELECT c FROM sbtest3 WHERE id=5951070
	Index Scan using sbtest3_pkey on sbtest3  (cost=0.43..8.45 rows=1 width=121)
	  Index Cond: (id = 5951070)

table 4 : explain SELECT c FROM sbtest4 WHERE id=9033554
	Index Scan using sbtest4_pkey on sbtest4  (cost=0.43..8.45 rows=1 width=121)
	  Index Cond: (id = 9033554)

table 5 : explain SELECT c FROM sbtest5 WHERE id=8385340
	Index Scan using sbtest5_pkey on sbtest5  (cost=0.43..8.45 rows=1 width=121)
	  Index Cond: (id = 8385340)

table 6 : explain SELECT c FROM sbtest6 WHERE id=7767431
	Index Scan using sbtest6_pkey on sbtest6  (cost=0.43..8.45 rows=1 width=121)
	  Index Cond: (id = 7767431)

table 7 : explain SELECT c FROM sbtest7 WHERE id=6143079
	Index Scan using sbtest7_pkey on sbtest7  (cost=0.43..8.45 rows=1 width=121)
	  Index Cond: (id = 6143079)

table 8 : explain SELECT c FROM sbtest8 WHERE id=408371
	Index Scan using sbtest8_pkey on sbtest8  (cost=0.43..8.45 rows=1 width=121)
	  Index Cond: (id = 408371)

for point_selects
table 1 : explain SELECT c FROM sbtest1 WHERE id=4833783
	Index Scan using sbtest1_pkey on sbtest1  (cost=0.43..8.45 rows=1 width=121)
	  Index Cond: (id = 4833783)

table 2 : explain SELECT c FROM sbtest2 WHERE id=1360606
	Index Scan using sbtest2_pkey on sbtest2  (cost=0.43..8.45 rows=1 width=121)
	  Index Cond: (id = 1360606)

table 3 : explain SELECT c FROM sbtest3 WHERE id=8270786
	Index Scan using sbtest3_pkey on sbtest3  (cost=0.43..8.45 rows=1 width=121)
	  Index Cond: (id = 8270786)

table 4 : explain SELECT c FROM sbtest4 WHERE id=82946
	Index Scan using sbtest4_pkey on sbtest4  (cost=0.43..8.45 rows=1 width=121)
	  Index Cond: (id = 82946)

table 5 : explain SELECT c FROM sbtest5 WHERE id=9496353
	Index Scan using sbtest5_pkey on sbtest5  (cost=0.43..8.45 rows=1 width=121)
	  Index Cond: (id = 9496353)

table 6 : explain SELECT c FROM sbtest6 WHERE id=6270014
	Index Scan using sbtest6_pkey on sbtest6  (cost=0.43..8.45 rows=1 width=121)
	  Index Cond: (id = 6270014)

table 7 : explain SELECT c FROM sbtest7 WHERE id=7927253
	Index Scan using sbtest7_pkey on sbtest7  (cost=0.43..8.45 rows=1 width=121)
	  Index Cond: (id = 7927253)

table 8 : explain SELECT c FROM sbtest8 WHERE id=9186216
	Index Scan using sbtest8_pkey on sbtest8  (cost=0.43..8.45 rows=1 width=121)
	  Index Cond: (id = 9186216)

for point_selects
table 1 : explain SELECT c FROM sbtest1 WHERE id=1599226
	Index Scan using sbtest1_pkey on sbtest1  (cost=0.43..8.45 rows=1 width=121)
	  Index Cond: (id = 1599226)

table 2 : explain SELECT c FROM sbtest2 WHERE id=498177
	Index Scan using sbtest2_pkey on sbtest2  (cost=0.43..8.45 rows=1 width=121)
	  Index Cond: (id = 498177)

table 3 : explain SELECT c FROM sbtest3 WHERE id=7692287
	Index Scan using sbtest3_pkey on sbtest3  (cost=0.43..8.45 rows=1 width=121)
	  Index Cond: (id = 7692287)

table 4 : explain SELECT c FROM sbtest4 WHERE id=6094384
	Index Scan using sbtest4_pkey on sbtest4  (cost=0.43..8.45 rows=1 width=121)
	  Index Cond: (id = 6094384)

table 5 : explain SELECT c FROM sbtest5 WHERE id=2736402
	Index Scan using sbtest5_pkey on sbtest5  (cost=0.43..8.45 rows=1 width=121)
	  Index Cond: (id = 2736402)

table 6 : explain SELECT c FROM sbtest6 WHERE id=7560829
	Index Scan using sbtest6_pkey on sbtest6  (cost=0.43..8.45 rows=1 width=121)
	  Index Cond: (id = 7560829)

table 7 : explain SELECT c FROM sbtest7 WHERE id=5019458
	Index Scan using sbtest7_pkey on sbtest7  (cost=0.43..8.45 rows=1 width=121)
	  Index Cond: (id = 5019458)

table 8 : explain SELECT c FROM sbtest8 WHERE id=6407357
	Index Scan using sbtest8_pkey on sbtest8  (cost=0.43..8.45 rows=1 width=121)
	  Index Cond: (id = 6407357)

explain: for point_selects :: explain SELECT c FROM sbtest%u WHERE id=%u
for point_selects
table 1 : explain SELECT c FROM sbtest1 WHERE id=3371331
	Index Scan using sbtest1_pkey on sbtest1  (cost=0.43..8.45 rows=1 width=121)
	  Index Cond: (id = 3371331)

table 2 : explain SELECT c FROM sbtest2 WHERE id=6372030
	Index Scan using sbtest2_pkey on sbtest2  (cost=0.43..8.45 rows=1 width=121)
	  Index Cond: (id = 6372030)

table 3 : explain SELECT c FROM sbtest3 WHERE id=506257
	Index Scan using sbtest3_pkey on sbtest3  (cost=0.43..8.45 rows=1 width=121)
	  Index Cond: (id = 506257)

table 4 : explain SELECT c FROM sbtest4 WHERE id=9703147
	Index Scan using sbtest4_pkey on sbtest4  (cost=0.43..8.45 rows=1 width=121)
	  Index Cond: (id = 9703147)

table 5 : explain SELECT c FROM sbtest5 WHERE id=5443652
	Index Scan using sbtest5_pkey on sbtest5  (cost=0.43..8.45 rows=1 width=121)
	  Index Cond: (id = 5443652)

table 6 : explain SELECT c FROM sbtest6 WHERE id=8051963
	Index Scan using sbtest6_pkey on sbtest6  (cost=0.43..8.45 rows=1 width=121)
	  Index Cond: (id = 8051963)

table 7 : explain SELECT c FROM sbtest7 WHERE id=8375163
	Index Scan using sbtest7_pkey on sbtest7  (cost=0.43..8.45 rows=1 width=121)
	  Index Cond: (id = 8375163)

table 8 : explain SELECT c FROM sbtest8 WHERE id=2577053
	Index Scan using sbtest8_pkey on sbtest8  (cost=0.43..8.45 rows=1 width=121)
	  Index Cond: (id = 2577053)

for point_selects
table 1 : explain SELECT c FROM sbtest1 WHERE id=6379560
	Index Scan using sbtest1_pkey on sbtest1  (cost=0.43..8.45 rows=1 width=121)
	  Index Cond: (id = 6379560)

table 2 : explain SELECT c FROM sbtest2 WHERE id=5930958
	Index Scan using sbtest2_pkey on sbtest2  (cost=0.43..8.45 rows=1 width=121)
	  Index Cond: (id = 5930958)

table 3 : explain SELECT c FROM sbtest3 WHERE id=5616439
	Index Scan using sbtest3_pkey on sbtest3  (cost=0.43..8.45 rows=1 width=121)
	  Index Cond: (id = 5616439)

table 4 : explain SELECT c FROM sbtest4 WHERE id=882584
	Index Scan using sbtest4_pkey on sbtest4  (cost=0.43..8.45 rows=1 width=121)
	  Index Cond: (id = 882584)

table 5 : explain SELECT c FROM sbtest5 WHERE id=2747962
	Index Scan using sbtest5_pkey on sbtest5  (cost=0.43..8.45 rows=1 width=121)
	  Index Cond: (id = 2747962)

table 6 : explain SELECT c FROM sbtest6 WHERE id=1681787
	Index Scan using sbtest6_pkey on sbtest6  (cost=0.43..8.45 rows=1 width=121)
	  Index Cond: (id = 1681787)

table 7 : explain SELECT c FROM sbtest7 WHERE id=863691
	Index Scan using sbtest7_pkey on sbtest7  (cost=0.43..8.45 rows=1 width=121)
	  Index Cond: (id = 863691)

table 8 : explain SELECT c FROM sbtest8 WHERE id=595818
	Index Scan using sbtest8_pkey on sbtest8  (cost=0.43..8.45 rows=1 width=121)
	  Index Cond: (id = 595818)

for point_selects
table 1 : explain SELECT c FROM sbtest1 WHERE id=9806554
	Index Scan using sbtest1_pkey on sbtest1  (cost=0.43..8.45 rows=1 width=121)
	  Index Cond: (id = 9806554)

table 2 : explain SELECT c FROM sbtest2 WHERE id=7878979
	Index Scan using sbtest2_pkey on sbtest2  (cost=0.43..8.45 rows=1 width=121)
	  Index Cond: (id = 7878979)

table 3 : explain SELECT c FROM sbtest3 WHERE id=9642948
	Index Scan using sbtest3_pkey on sbtest3  (cost=0.43..8.45 rows=1 width=121)
	  Index Cond: (id = 9642948)

table 4 : explain SELECT c FROM sbtest4 WHERE id=177100
	Index Scan using sbtest4_pkey on sbtest4  (cost=0.43..8.45 rows=1 width=121)
	  Index Cond: (id = 177100)

table 5 : explain SELECT c FROM sbtest5 WHERE id=5771533
	Index Scan using sbtest5_pkey on sbtest5  (cost=0.43..8.45 rows=1 width=121)
	  Index Cond: (id = 5771533)

table 6 : explain SELECT c FROM sbtest6 WHERE id=7597938
	Index Scan using sbtest6_pkey on sbtest6  (cost=0.43..8.45 rows=1 width=121)
	  Index Cond: (id = 7597938)

table 7 : explain SELECT c FROM sbtest7 WHERE id=449079
	Index Scan using sbtest7_pkey on sbtest7  (cost=0.43..8.45 rows=1 width=121)
	  Index Cond: (id = 449079)

table 8 : explain SELECT c FROM sbtest8 WHERE id=605039
	Index Scan using sbtest8_pkey on sbtest8  (cost=0.43..8.45 rows=1 width=121)
	  Index Cond: (id = 605039)

for point_selects
table 1 : explain SELECT c FROM sbtest1 WHERE id=4240986
	Index Scan using sbtest1_pkey on sbtest1  (cost=0.43..8.45 rows=1 width=121)
	  Index Cond: (id = 4240986)

table 2 : explain SELECT c FROM sbtest2 WHERE id=9959633
	Index Scan using sbtest2_pkey on sbtest2  (cost=0.43..8.45 rows=1 width=121)
	  Index Cond: (id = 9959633)

table 3 : explain SELECT c FROM sbtest3 WHERE id=3605121
	Index Scan using sbtest3_pkey on sbtest3  (cost=0.43..8.45 rows=1 width=121)
	  Index Cond: (id = 3605121)

table 4 : explain SELECT c FROM sbtest4 WHERE id=4751424
	Index Scan using sbtest4_pkey on sbtest4  (cost=0.43..8.45 rows=1 width=121)
	  Index Cond: (id = 4751424)

table 5 : explain SELECT c FROM sbtest5 WHERE id=6523215
	Index Scan using sbtest5_pkey on sbtest5  (cost=0.43..8.45 rows=1 width=121)
	  Index Cond: (id = 6523215)

table 6 : explain SELECT c FROM sbtest6 WHERE id=4860336
	Index Scan using sbtest6_pkey on sbtest6  (cost=0.43..8.45 rows=1 width=121)
	  Index Cond: (id = 4860336)

table 7 : explain SELECT c FROM sbtest7 WHERE id=9402503
	Index Scan using sbtest7_pkey on sbtest7  (cost=0.43..8.45 rows=1 width=121)
	  Index Cond: (id = 9402503)

table 8 : explain SELECT c FROM sbtest8 WHERE id=7727833
	Index Scan using sbtest8_pkey on sbtest8  (cost=0.43..8.45 rows=1 width=121)
	  Index Cond: (id = 7727833)

explain: for point_selects :: explain SELECT c FROM sbtest%u WHERE id=%u
for point_selects
table 1 : explain SELECT c FROM sbtest1 WHERE id=5582874
	Index Scan using sbtest1_pkey on sbtest1  (cost=0.43..8.45 rows=1 width=121)
	  Index Cond: (id = 5582874)

table 2 : explain SELECT c FROM sbtest2 WHERE id=9515772
	Index Scan using sbtest2_pkey on sbtest2  (cost=0.43..8.45 rows=1 width=121)
	  Index Cond: (id = 9515772)

table 3 : explain SELECT c FROM sbtest3 WHERE id=4413032
	Index Scan using sbtest3_pkey on sbtest3  (cost=0.43..8.45 rows=1 width=121)
	  Index Cond: (id = 4413032)

table 4 : explain SELECT c FROM sbtest4 WHERE id=4185651
	Index Scan using sbtest4_pkey on sbtest4  (cost=0.43..8.45 rows=1 width=121)
	  Index Cond: (id = 4185651)

table 5 : explain SELECT c FROM sbtest5 WHERE id=4723838
	Index Scan using sbtest5_pkey on sbtest5  (cost=0.43..8.45 rows=1 width=121)
	  Index Cond: (id = 4723838)

table 6 : explain SELECT c FROM sbtest6 WHERE id=2135044
	Index Scan using sbtest6_pkey on sbtest6  (cost=0.43..8.45 rows=1 width=121)
	  Index Cond: (id = 2135044)

table 7 : explain SELECT c FROM sbtest7 WHERE id=1380184
	Index Scan using sbtest7_pkey on sbtest7  (cost=0.43..8.45 rows=1 width=121)
	  Index Cond: (id = 1380184)

table 8 : explain SELECT c FROM sbtest8 WHERE id=9974331
	Index Scan using sbtest8_pkey on sbtest8  (cost=0.43..8.45 rows=1 width=121)
	  Index Cond: (id = 9974331)

for point_selects
table 1 : explain SELECT c FROM sbtest1 WHERE id=8678737
	Index Scan using sbtest1_pkey on sbtest1  (cost=0.43..8.45 rows=1 width=121)
	  Index Cond: (id = 8678737)

table 2 : explain SELECT c FROM sbtest2 WHERE id=1056654
	Index Scan using sbtest2_pkey on sbtest2  (cost=0.43..8.45 rows=1 width=121)
	  Index Cond: (id = 1056654)

table 3 : explain SELECT c FROM sbtest3 WHERE id=2992761
	Index Scan using sbtest3_pkey on sbtest3  (cost=0.43..8.45 rows=1 width=121)
	  Index Cond: (id = 2992761)

table 4 : explain SELECT c FROM sbtest4 WHERE id=2847471
	Index Scan using sbtest4_pkey on sbtest4  (cost=0.43..8.45 rows=1 width=121)
	  Index Cond: (id = 2847471)

table 5 : explain SELECT c FROM sbtest5 WHERE id=7266582
	Index Scan using sbtest5_pkey on sbtest5  (cost=0.43..8.45 rows=1 width=121)
	  Index Cond: (id = 7266582)

table 6 : explain SELECT c FROM sbtest6 WHERE id=9376998
	Index Scan using sbtest6_pkey on sbtest6  (cost=0.43..8.45 rows=1 width=121)
	  Index Cond: (id = 9376998)

table 7 : explain SELECT c FROM sbtest7 WHERE id=654921
	Index Scan using sbtest7_pkey on sbtest7  (cost=0.43..8.45 rows=1 width=121)
	  Index Cond: (id = 654921)

table 8 : explain SELECT c FROM sbtest8 WHERE id=7625166
	Index Scan using sbtest8_pkey on sbtest8  (cost=0.43..8.45 rows=1 width=121)
	  Index Cond: (id = 7625166)

explain: for point_selects :: explain SELECT c FROM sbtest%u WHERE id=%ufor point_selects
table 1 : explain SELECT c FROM sbtest1 WHERE id=2265715
	Index Scan using sbtest1_pkey on sbtest1  (cost=0.43..8.45 rows=1 width=121)
	  Index Cond: (id = 2265715)

table 2 : explain SELECT c FROM sbtest2 WHERE id=2670867
	Index Scan using sbtest2_pkey on sbtest2  (cost=0.43..8.45 rows=1 width=121)
	  Index Cond: (id = 2670867)

table 3 : explain SELECT c FROM sbtest3 WHERE id=4892131
	Index Scan using sbtest3_pkey on sbtest3  (cost=0.43..8.45 rows=1 width=121)
	  Index Cond: (id = 4892131)

table 4 : explain SELECT c FROM sbtest4 WHERE id=7656580
	Index Scan using sbtest4_pkey on sbtest4  (cost=0.43..8.45 rows=1 width=121)
	  Index Cond: (id = 7656580)

table 5 : explain SELECT c FROM sbtest5 WHERE id=6685640
	Index Scan using sbtest5_pkey on sbtest5  (cost=0.43..8.45 rows=1 width=121)
	  Index Cond: (id = 6685640)

table 6 : explain SELECT c FROM sbtest6 WHERE id=8780753
	Index Scan using sbtest6_pkey on sbtest6  (cost=0.43..8.45 rows=1 width=121)
	  Index Cond: (id = 8780753)

table 7 : explain SELECT c FROM sbtest7 WHERE id=4529142
	Index Scan using sbtest7_pkey on sbtest7  (cost=0.43..8.45 rows=1 width=121)
	  Index Cond: (id = 4529142)

table 8 : explain SELECT c FROM sbtest8 WHERE id=913581
	Index Scan using sbtest8_pkey on sbtest8  (cost=0.43..8.45 rows=1 width=121)
	  Index Cond: (id = 913581)


for point_selects
table 1 : explain SELECT c FROM sbtest1 WHERE id=7165033
	Index Scan using sbtest1_pkey on sbtest1  (cost=0.43..8.45 rows=1 width=121)
	  Index Cond: (id = 7165033)

table 2 : explain SELECT c FROM sbtest2 WHERE id=4971986
	Index Scan using sbtest2_pkey on sbtest2  (cost=0.43..8.45 rows=1 width=121)
	  Index Cond: (id = 4971986)

table 3 : explain SELECT c FROM sbtest3 WHERE id=4640293
	Index Scan using sbtest3_pkey on sbtest3  (cost=0.43..8.45 rows=1 width=121)
	  Index Cond: (id = 4640293)

table 4 : explain SELECT c FROM sbtest4 WHERE id=1086928
	Index Scan using sbtest4_pkey on sbtest4  (cost=0.43..8.45 rows=1 width=121)
	  Index Cond: (id = 1086928)

table 5 : explain SELECT c FROM sbtest5 WHERE id=6262049
	Index Scan using sbtest5_pkey on sbtest5  (cost=0.43..8.45 rows=1 width=121)
	  Index Cond: (id = 6262049)

table 6 : explain SELECT c FROM sbtest6 WHERE id=9122811
	Index Scan using sbtest6_pkey on sbtest6  (cost=0.43..8.45 rows=1 width=121)
	  Index Cond: (id = 9122811)

table 7 : explain SELECT c FROM sbtest7 WHERE id=465213
	Index Scan using sbtest7_pkey on sbtest7  (cost=0.43..8.45 rows=1 width=121)
	  Index Cond: (id = 465213)

table 8 : explain SELECT c FROM sbtest8 WHERE id=8846477
	Index Scan using sbtest8_pkey on sbtest8  (cost=0.43..8.45 rows=1 width=121)
	  Index Cond: (id = 8846477)

for point_selects
table 1 : explain SELECT c FROM sbtest1 WHERE id=3562056
	Index Scan using sbtest1_pkey on sbtest1  (cost=0.43..8.45 rows=1 width=121)
	  Index Cond: (id = 3562056)

table 2 : explain SELECT c FROM sbtest2 WHERE id=129153
	Index Scan using sbtest2_pkey on sbtest2  (cost=0.43..8.45 rows=1 width=121)
	  Index Cond: (id = 129153)

table 3 : explain SELECT c FROM sbtest3 WHERE id=7238749
	Index Scan using sbtest3_pkey on sbtest3  (cost=0.43..8.45 rows=1 width=121)
	  Index Cond: (id = 7238749)

table 4 : explain SELECT c FROM sbtest4 WHERE id=2296047
	Index Scan using sbtest4_pkey on sbtest4  (cost=0.43..8.45 rows=1 width=121)
	  Index Cond: (id = 2296047)

table 5 : explain SELECT c FROM sbtest5 WHERE id=7671529
	Index Scan using sbtest5_pkey on sbtest5  (cost=0.43..8.45 rows=1 width=121)
	  Index Cond: (id = 7671529)

table 6 : explain SELECT c FROM sbtest6 WHERE id=7263829
	Index Scan using sbtest6_pkey on sbtest6  (cost=0.43..8.45 rows=1 width=121)
	  Index Cond: (id = 7263829)

table 7 : explain SELECT c FROM sbtest7 WHERE id=3174132
	Index Scan using sbtest7_pkey on sbtest7  (cost=0.43..8.45 rows=1 width=121)
	  Index Cond: (id = 3174132)

table 8 : explain SELECT c FROM sbtest8 WHERE id=1159912
	Index Scan using sbtest8_pkey on sbtest8  (cost=0.43..8.45 rows=1 width=121)
	  Index Cond: (id = 1159912)

for point_selects
table 1 : explain SELECT c FROM sbtest1 WHERE id=9884373
	Index Scan using sbtest1_pkey on sbtest1  (cost=0.43..8.45 rows=1 width=121)
	  Index Cond: (id = 9884373)

table 2 : explain SELECT c FROM sbtest2 WHERE id=483850
	Index Scan using sbtest2_pkey on sbtest2  (cost=0.43..8.45 rows=1 width=121)
	  Index Cond: (id = 483850)

table 3 : explain SELECT c FROM sbtest3 WHERE id=4915170
	Index Scan using sbtest3_pkey on sbtest3  (cost=0.43..8.45 rows=1 width=121)
	  Index Cond: (id = 4915170)

table 4 : explain SELECT c FROM sbtest4 WHERE id=957238
	Index Scan using sbtest4_pkey on sbtest4  (cost=0.43..8.45 rows=1 width=121)
	  Index Cond: (id = 957238)

table 5 : explain SELECT c FROM sbtest5 WHERE id=835222
	Index Scan using sbtest5_pkey on sbtest5  (cost=0.43..8.45 rows=1 width=121)
	  Index Cond: (id = 835222)

table 6 : explain SELECT c FROM sbtest6 WHERE id=1484675
	Index Scan using sbtest6_pkey on sbtest6  (cost=0.43..8.45 rows=1 width=121)
	  Index Cond: (id = 1484675)

table 7 : explain SELECT c FROM sbtest7 WHERE id=9563334
	Index Scan using sbtest7_pkey on sbtest7  (cost=0.43..8.45 rows=1 width=121)
	  Index Cond: (id = 9563334)

table 8 : explain SELECT c FROM sbtest8 WHERE id=5632448
	Index Scan using sbtest8_pkey on sbtest8  (cost=0.43..8.45 rows=1 width=121)
	  Index Cond: (id = 5632448)

for point_selects
table 1 : explain SELECT c FROM sbtest1 WHERE id=4847063
	Index Scan using sbtest1_pkey on sbtest1  (cost=0.43..8.45 rows=1 width=121)
	  Index Cond: (id = 4847063)

table 2 : explain SELECT c FROM sbtest2 WHERE id=3968967
	Index Scan using sbtest2_pkey on sbtest2  (cost=0.43..8.45 rows=1 width=121)
	  Index Cond: (id = 3968967)

table 3 : explain SELECT c FROM sbtest3 WHERE id=6827696
	Index Scan using sbtest3_pkey on sbtest3  (cost=0.43..8.45 rows=1 width=121)
	  Index Cond: (id = 6827696)

table 4 : explain SELECT c FROM sbtest4 WHERE id=8543318
	Index Scan using sbtest4_pkey on sbtest4  (cost=0.43..8.45 rows=1 width=121)
	  Index Cond: (id = 8543318)

table 5 : explain SELECT c FROM sbtest5 WHERE id=225030
	Index Scan using sbtest5_pkey on sbtest5  (cost=0.43..8.45 rows=1 width=121)
	  Index Cond: (id = 225030)

table 6 : explain SELECT c FROM sbtest6 WHERE id=5583134
	Index Scan using sbtest6_pkey on sbtest6  (cost=0.43..8.45 rows=1 width=121)
	  Index Cond: (id = 5583134)

table 7 : explain SELECT c FROM sbtest7 WHERE id=438239
	Index Scan using sbtest7_pkey on sbtest7  (cost=0.43..8.45 rows=1 width=121)
	  Index Cond: (id = 438239)

table 8 : explain SELECT c FROM sbtest8 WHERE id=39216
	Index Scan using sbtest8_pkey on sbtest8  (cost=0.43..8.45 rows=1 width=121)
	  Index Cond: (id = 39216)

for point_selects
table 1 : explain SELECT c FROM sbtest1 WHERE id=4689448
	Index Scan using sbtest1_pkey on sbtest1  (cost=0.43..8.45 rows=1 width=121)
	  Index Cond: (id = 4689448)

table 2 : explain SELECT c FROM sbtest2 WHERE id=8185900
	Index Scan using sbtest2_pkey on sbtest2  (cost=0.43..8.45 rows=1 width=121)
	  Index Cond: (id = 8185900)

table 3 : explain SELECT c FROM sbtest3 WHERE id=3611005
	Index Scan using sbtest3_pkey on sbtest3  (cost=0.43..8.45 rows=1 width=121)
	  Index Cond: (id = 3611005)

table 4 : explain SELECT c FROM sbtest4 WHERE id=7125979
	Index Scan using sbtest4_pkey on sbtest4  (cost=0.43..8.45 rows=1 width=121)
	  Index Cond: (id = 7125979)

table 5 : explain SELECT c FROM sbtest5 WHERE id=6149570
	Index Scan using sbtest5_pkey on sbtest5  (cost=0.43..8.45 rows=1 width=121)
	  Index Cond: (id = 6149570)

table 6 : explain SELECT c FROM sbtest6 WHERE id=5039486
	Index Scan using sbtest6_pkey on sbtest6  (cost=0.43..8.45 rows=1 width=121)
	  Index Cond: (id = 5039486)

table 7 : explain SELECT c FROM sbtest7 WHERE id=6347111
	Index Scan using sbtest7_pkey on sbtest7  (cost=0.43..8.45 rows=1 width=121)
	  Index Cond: (id = 6347111)

table 8 : explain SELECT c FROM sbtest8 WHERE id=9817525
	Index Scan using sbtest8_pkey on sbtest8  (cost=0.43..8.45 rows=1 width=121)
	  Index Cond: (id = 9817525)

for point_selects
table 1 : explain SELECT c FROM sbtest1 WHERE id=2107087
	Index Scan using sbtest1_pkey on sbtest1  (cost=0.43..8.45 rows=1 width=121)
	  Index Cond: (id = 2107087)

table 2 : explain SELECT c FROM sbtest2 WHERE id=4788332
	Index Scan using sbtest2_pkey on sbtest2  (cost=0.43..8.45 rows=1 width=121)
	  Index Cond: (id = 4788332)

table 3 : explain SELECT c FROM sbtest3 WHERE id=828315
	Index Scan using sbtest3_pkey on sbtest3  (cost=0.43..8.45 rows=1 width=121)
	  Index Cond: (id = 828315)

table 4 : explain SELECT c FROM sbtest4 WHERE id=9761799
	Index Scan using sbtest4_pkey on sbtest4  (cost=0.43..8.45 rows=1 width=121)
	  Index Cond: (id = 9761799)

table 5 : explain SELECT c FROM sbtest5 WHERE id=9167825
	Index Scan using sbtest5_pkey on sbtest5  (cost=0.43..8.45 rows=1 width=121)
	  Index Cond: (id = 9167825)

table 6 : explain SELECT c FROM sbtest6 WHERE id=1190007
	Index Scan using sbtest6_pkey on sbtest6  (cost=0.43..8.45 rows=1 width=121)
	  Index Cond: (id = 1190007)

table 7 : explain SELECT c FROM sbtest7 WHERE id=6531659
	Index Scan using sbtest7_pkey on sbtest7  (cost=0.43..8.45 rows=1 width=121)
	  Index Cond: (id = 6531659)

table 8 : explain SELECT c FROM sbtest8 WHERE id=6890528
	Index Scan using sbtest8_pkey on sbtest8  (cost=0.43..8.45 rows=1 width=121)
	  Index Cond: (id = 6890528)

for point_selects
table 1 : explain SELECT c FROM sbtest1 WHERE id=2024904
	Index Scan using sbtest1_pkey on sbtest1  (cost=0.43..8.45 rows=1 width=121)
	  Index Cond: (id = 2024904)

table 2 : explain SELECT c FROM sbtest2 WHERE id=8680215
	Index Scan using sbtest2_pkey on sbtest2  (cost=0.43..8.45 rows=1 width=121)
	  Index Cond: (id = 8680215)

table 3 : explain SELECT c FROM sbtest3 WHERE id=626779
	Index Scan using sbtest3_pkey on sbtest3  (cost=0.43..8.45 rows=1 width=121)
	  Index Cond: (id = 626779)

table 4 : explain SELECT c FROM sbtest4 WHERE id=4049749
	Index Scan using sbtest4_pkey on sbtest4  (cost=0.43..8.45 rows=1 width=121)
	  Index Cond: (id = 4049749)

table 5 : explain SELECT c FROM sbtest5 WHERE id=2429975
	Index Scan using sbtest5_pkey on sbtest5  (cost=0.43..8.45 rows=1 width=121)
	  Index Cond: (id = 2429975)

table 6 : explain SELECT c FROM sbtest6 WHERE id=7968122
	Index Scan using sbtest6_pkey on sbtest6  (cost=0.43..8.45 rows=1 width=121)
	  Index Cond: (id = 7968122)

table 7 : explain SELECT c FROM sbtest7 WHERE id=506194
	Index Scan using sbtest7_pkey on sbtest7  (cost=0.43..8.45 rows=1 width=121)
	  Index Cond: (id = 506194)

table 8 : explain SELECT c FROM sbtest8 WHERE id=8833014
	Index Scan using sbtest8_pkey on sbtest8  (cost=0.43..8.45 rows=1 width=121)
	  Index Cond: (id = 8833014)

for point_selects
table 1 : explain SELECT c FROM sbtest1 WHERE id=3450545
	Index Scan using sbtest1_pkey on sbtest1  (cost=0.43..8.45 rows=1 width=121)
	  Index Cond: (id = 3450545)

table 2 : explain SELECT c FROM sbtest2 WHERE id=5919044
	Index Scan using sbtest2_pkey on sbtest2  (cost=0.43..8.45 rows=1 width=121)
	  Index Cond: (id = 5919044)

table 3 : explain SELECT c FROM sbtest3 WHERE id=8481615
	Index Scan using sbtest3_pkey on sbtest3  (cost=0.43..8.45 rows=1 width=121)
	  Index Cond: (id = 8481615)

table 4 : explain SELECT c FROM sbtest4 WHERE id=4528193
	Index Scan using sbtest4_pkey on sbtest4  (cost=0.43..8.45 rows=1 width=121)
	  Index Cond: (id = 4528193)

table 5 : explain SELECT c FROM sbtest5 WHERE id=7112067
	Index Scan using sbtest5_pkey on sbtest5  (cost=0.43..8.45 rows=1 width=121)
	  Index Cond: (id = 7112067)

table 6 : explain SELECT c FROM sbtest6 WHERE id=3654116
	Index Scan using sbtest6_pkey on sbtest6  (cost=0.43..8.45 rows=1 width=121)
	  Index Cond: (id = 3654116)

table 7 : explain SELECT c FROM sbtest7 WHERE id=6627308
	Index Scan using sbtest7_pkey on sbtest7  (cost=0.43..8.45 rows=1 width=121)
	  Index Cond: (id = 6627308)

table 8 : explain SELECT c FROM sbtest8 WHERE id=3722036
	Index Scan using sbtest8_pkey on sbtest8  (cost=0.43..8.45 rows=1 width=121)
	  Index Cond: (id = 3722036)

for point_selects
table 1 : explain SELECT c FROM sbtest1 WHERE id=8253803
	Index Scan using sbtest1_pkey on sbtest1  (cost=0.43..8.45 rows=1 width=121)
	  Index Cond: (id = 8253803)

table 2 : explain SELECT c FROM sbtest2 WHERE id=719214
	Index Scan using sbtest2_pkey on sbtest2  (cost=0.43..8.45 rows=1 width=121)
	  Index Cond: (id = 719214)

table 3 : explain SELECT c FROM sbtest3 WHERE id=7361284
	Index Scan using sbtest3_pkey on sbtest3  (cost=0.43..8.45 rows=1 width=121)
	  Index Cond: (id = 7361284)

table 4 : explain SELECT c FROM sbtest4 WHERE id=4442862
	Index Scan using sbtest4_pkey on sbtest4  (cost=0.43..8.45 rows=1 width=121)
	  Index Cond: (id = 4442862)

table 5 : explain SELECT c FROM sbtest5 WHERE id=8663545
	Index Scan using sbtest5_pkey on sbtest5  (cost=0.43..8.45 rows=1 width=121)
	  Index Cond: (id = 8663545)

table 6 : explain SELECT c FROM sbtest6 WHERE id=9603760
	Index Scan using sbtest6_pkey on sbtest6  (cost=0.43..8.45 rows=1 width=121)
	  Index Cond: (id = 9603760)

table 7 : explain SELECT c FROM sbtest7 WHERE id=7137626
	Index Scan using sbtest7_pkey on sbtest7  (cost=0.43..8.45 rows=1 width=121)
	  Index Cond: (id = 7137626)

table 8 : explain SELECT c FROM sbtest8 WHERE id=1595848
	Index Scan using sbtest8_pkey on sbtest8  (cost=0.43..8.45 rows=1 width=121)
	  Index Cond: (id = 1595848)

for point_selects
table 1 : explain SELECT c FROM sbtest1 WHERE id=2884078
	Index Scan using sbtest1_pkey on sbtest1  (cost=0.43..8.45 rows=1 width=121)
	  Index Cond: (id = 2884078)

table 2 : explain SELECT c FROM sbtest2 WHERE id=6982176
	Index Scan using sbtest2_pkey on sbtest2  (cost=0.43..8.45 rows=1 width=121)
	  Index Cond: (id = 6982176)

table 3 : explain SELECT c FROM sbtest3 WHERE id=5663307
	Index Scan using sbtest3_pkey on sbtest3  (cost=0.43..8.45 rows=1 width=121)
	  Index Cond: (id = 5663307)

table 4 : explain SELECT c FROM sbtest4 WHERE id=1988494
	Index Scan using sbtest4_pkey on sbtest4  (cost=0.43..8.45 rows=1 width=121)
	  Index Cond: (id = 1988494)

table 5 : explain SELECT c FROM sbtest5 WHERE id=9923579
	Index Scan using sbtest5_pkey on sbtest5  (cost=0.43..8.45 rows=1 width=121)
	  Index Cond: (id = 9923579)

table 6 : explain SELECT c FROM sbtest6 WHERE id=4664883
	Index Scan using sbtest6_pkey on sbtest6  (cost=0.43..8.45 rows=1 width=121)
	  Index Cond: (id = 4664883)

table 7 : explain SELECT c FROM sbtest7 WHERE id=2441845
	Index Scan using sbtest7_pkey on sbtest7  (cost=0.43..8.45 rows=1 width=121)
	  Index Cond: (id = 2441845)

table 8 : explain SELECT c FROM sbtest8 WHERE id=8086050
	Index Scan using sbtest8_pkey on sbtest8  (cost=0.43..8.45 rows=1 width=121)
	  Index Cond: (id = 8086050)

for point_selects
table 1 : explain SELECT c FROM sbtest1 WHERE id=346553
	Index Scan using sbtest1_pkey on sbtest1  (cost=0.43..8.45 rows=1 width=121)
	  Index Cond: (id = 346553)

table 2 : explain SELECT c FROM sbtest2 WHERE id=8608214
	Index Scan using sbtest2_pkey on sbtest2  (cost=0.43..8.45 rows=1 width=121)
	  Index Cond: (id = 8608214)

table 3 : explain SELECT c FROM sbtest3 WHERE id=4851725
	Index Scan using sbtest3_pkey on sbtest3  (cost=0.43..8.45 rows=1 width=121)
	  Index Cond: (id = 4851725)

table 4 : explain SELECT c FROM sbtest4 WHERE id=3564835
	Index Scan using sbtest4_pkey on sbtest4  (cost=0.43..8.45 rows=1 width=121)
	  Index Cond: (id = 3564835)

table 5 : explain SELECT c FROM sbtest5 WHERE id=3116374
	Index Scan using sbtest5_pkey on sbtest5  (cost=0.43..8.45 rows=1 width=121)
	  Index Cond: (id = 3116374)

table 6 : explain SELECT c FROM sbtest6 WHERE id=6973174
	Index Scan using sbtest6_pkey on sbtest6  (cost=0.43..8.45 rows=1 width=121)
	  Index Cond: (id = 6973174)

table 7 : explain SELECT c FROM sbtest7 WHERE id=3045663
	Index Scan using sbtest7_pkey on sbtest7  (cost=0.43..8.45 rows=1 width=121)
	  Index Cond: (id = 3045663)

table 8 : explain SELECT c FROM sbtest8 WHERE id=7091137
	Index Scan using sbtest8_pkey on sbtest8  (cost=0.43..8.45 rows=1 width=121)
	  Index Cond: (id = 7091137)

for point_selects
table 1 : explain SELECT c FROM sbtest1 WHERE id=5378329
	Index Scan using sbtest1_pkey on sbtest1  (cost=0.43..8.45 rows=1 width=121)
	  Index Cond: (id = 5378329)

table 2 : explain SELECT c FROM sbtest2 WHERE id=1218597
	Index Scan using sbtest2_pkey on sbtest2  (cost=0.43..8.45 rows=1 width=121)
	  Index Cond: (id = 1218597)

table 3 : explain SELECT c FROM sbtest3 WHERE id=2729970
	Index Scan using sbtest3_pkey on sbtest3  (cost=0.43..8.45 rows=1 width=121)
	  Index Cond: (id = 2729970)

table 4 : explain SELECT c FROM sbtest4 WHERE id=1087640
	Index Scan using sbtest4_pkey on sbtest4  (cost=0.43..8.45 rows=1 width=121)
	  Index Cond: (id = 1087640)

table 5 : explain SELECT c FROM sbtest5 WHERE id=383249
	Index Scan using sbtest5_pkey on sbtest5  (cost=0.43..8.45 rows=1 width=121)
	  Index Cond: (id = 383249)

table 6 : explain SELECT c FROM sbtest6 WHERE id=7767865
	Index Scan using sbtest6_pkey on sbtest6  (cost=0.43..8.45 rows=1 width=121)
	  Index Cond: (id = 7767865)

table 7 : explain SELECT c FROM sbtest7 WHERE id=7387751
	Index Scan using sbtest7_pkey on sbtest7  (cost=0.43..8.45 rows=1 width=121)
	  Index Cond: (id = 7387751)

table 8 : explain SELECT c FROM sbtest8 WHERE id=8296886
	Index Scan using sbtest8_pkey on sbtest8  (cost=0.43..8.45 rows=1 width=121)
	  Index Cond: (id = 8296886)

for point_selects
table 1 : explain SELECT c FROM sbtest1 WHERE id=4938003
	Index Scan using sbtest1_pkey on sbtest1  (cost=0.43..8.45 rows=1 width=121)
	  Index Cond: (id = 4938003)

table 2 : explain SELECT c FROM sbtest2 WHERE id=8541034
	Index Scan using sbtest2_pkey on sbtest2  (cost=0.43..8.45 rows=1 width=121)
	  Index Cond: (id = 8541034)

table 3 : explain SELECT c FROM sbtest3 WHERE id=596341
	Index Scan using sbtest3_pkey on sbtest3  (cost=0.43..8.45 rows=1 width=121)
	  Index Cond: (id = 596341)

table 4 : explain SELECT c FROM sbtest4 WHERE id=9686346
	Index Scan using sbtest4_pkey on sbtest4  (cost=0.43..8.45 rows=1 width=121)
	  Index Cond: (id = 9686346)

table 5 : explain SELECT c FROM sbtest5 WHERE id=6417393
	Index Scan using sbtest5_pkey on sbtest5  (cost=0.43..8.45 rows=1 width=121)
	  Index Cond: (id = 6417393)

table 6 : explain SELECT c FROM sbtest6 WHERE id=5445427
	Index Scan using sbtest6_pkey on sbtest6  (cost=0.43..8.45 rows=1 width=121)
	  Index Cond: (id = 5445427)

table 7 : explain SELECT c FROM sbtest7 WHERE id=4586272
	Index Scan using sbtest7_pkey on sbtest7  (cost=0.43..8.45 rows=1 width=121)
	  Index Cond: (id = 4586272)

table 8 : explain SELECT c FROM sbtest8 WHERE id=7200684
	Index Scan using sbtest8_pkey on sbtest8  (cost=0.43..8.45 rows=1 width=121)
	  Index Cond: (id = 7200684)

for point_selects
table 1 : explain SELECT c FROM sbtest1 WHERE id=1514330
	Index Scan using sbtest1_pkey on sbtest1  (cost=0.43..8.45 rows=1 width=121)
	  Index Cond: (id = 1514330)

table 2 : explain SELECT c FROM sbtest2 WHERE id=1581859
	Index Scan using sbtest2_pkey on sbtest2  (cost=0.43..8.45 rows=1 width=121)
	  Index Cond: (id = 1581859)

table 3 : explain SELECT c FROM sbtest3 WHERE id=8124468
	Index Scan using sbtest3_pkey on sbtest3  (cost=0.43..8.45 rows=1 width=121)
	  Index Cond: (id = 8124468)

table 4 : explain SELECT c FROM sbtest4 WHERE id=9017281
	Index Scan using sbtest4_pkey on sbtest4  (cost=0.43..8.45 rows=1 width=121)
	  Index Cond: (id = 9017281)

table 5 : explain SELECT c FROM sbtest5 WHERE id=2012288
	Index Scan using sbtest5_pkey on sbtest5  (cost=0.43..8.45 rows=1 width=121)
	  Index Cond: (id = 2012288)

table 6 : explain SELECT c FROM sbtest6 WHERE id=3950850
	Index Scan using sbtest6_pkey on sbtest6  (cost=0.43..8.45 rows=1 width=121)
	  Index Cond: (id = 3950850)

table 7 : explain SELECT c FROM sbtest7 WHERE id=4640128
	Index Scan using sbtest7_pkey on sbtest7  (cost=0.43..8.45 rows=1 width=121)
	  Index Cond: (id = 4640128)

table 8 : explain SELECT c FROM sbtest8 WHERE id=6240290
	Index Scan using sbtest8_pkey on sbtest8  (cost=0.43..8.45 rows=1 width=121)
	  Index Cond: (id = 6240290)

for point_selects
table 1 : explain SELECT c FROM sbtest1 WHERE id=2153325
	Index Scan using sbtest1_pkey on sbtest1  (cost=0.43..8.45 rows=1 width=121)
	  Index Cond: (id = 2153325)

table 2 : explain SELECT c FROM sbtest2 WHERE id=9195727
	Index Scan using sbtest2_pkey on sbtest2  (cost=0.43..8.45 rows=1 width=121)
	  Index Cond: (id = 9195727)

table 3 : explain SELECT c FROM sbtest3 WHERE id=6473005
	Index Scan using sbtest3_pkey on sbtest3  (cost=0.43..8.45 rows=1 width=121)
	  Index Cond: (id = 6473005)

table 4 : explain SELECT c FROM sbtest4 WHERE id=9583850
	Index Scan using sbtest4_pkey on sbtest4  (cost=0.43..8.45 rows=1 width=121)
	  Index Cond: (id = 9583850)

table 5 : explain SELECT c FROM sbtest5 WHERE id=5659341
	Index Scan using sbtest5_pkey on sbtest5  (cost=0.43..8.45 rows=1 width=121)
	  Index Cond: (id = 5659341)

table 6 : explain SELECT c FROM sbtest6 WHERE id=3631328
	Index Scan using sbtest6_pkey on sbtest6  (cost=0.43..8.45 rows=1 width=121)
	  Index Cond: (id = 3631328)

table 7 : explain SELECT c FROM sbtest7 WHERE id=8813791
	Index Scan using sbtest7_pkey on sbtest7  (cost=0.43..8.45 rows=1 width=121)
	  Index Cond: (id = 8813791)

table 8 : explain SELECT c FROM sbtest8 WHERE id=7267088
	Index Scan using sbtest8_pkey on sbtest8  (cost=0.43..8.45 rows=1 width=121)
	  Index Cond: (id = 7267088)

for point_selects
table 1 : explain SELECT c FROM sbtest1 WHERE id=4699014
	Index Scan using sbtest1_pkey on sbtest1  (cost=0.43..8.45 rows=1 width=121)
	  Index Cond: (id = 4699014)

table 2 : explain SELECT c FROM sbtest2 WHERE id=896984
	Index Scan using sbtest2_pkey on sbtest2  (cost=0.43..8.45 rows=1 width=121)
	  Index Cond: (id = 896984)

table 3 : explain SELECT c FROM sbtest3 WHERE id=5491904
	Index Scan using sbtest3_pkey on sbtest3  (cost=0.43..8.45 rows=1 width=121)
	  Index Cond: (id = 5491904)

table 4 : explain SELECT c FROM sbtest4 WHERE id=8627153
	Index Scan using sbtest4_pkey on sbtest4  (cost=0.43..8.45 rows=1 width=121)
	  Index Cond: (id = 8627153)

table 5 : explain SELECT c FROM sbtest5 WHERE id=34974
	Index Scan using sbtest5_pkey on sbtest5  (cost=0.43..8.45 rows=1 width=121)
	  Index Cond: (id = 34974)

table 6 : explain SELECT c FROM sbtest6 WHERE id=4569234
	Index Scan using sbtest6_pkey on sbtest6  (cost=0.43..8.45 rows=1 width=121)
	  Index Cond: (id = 4569234)

table 7 : explain SELECT c FROM sbtest7 WHERE id=2407139
	Index Scan using sbtest7_pkey on sbtest7  (cost=0.43..8.45 rows=1 width=121)
	  Index Cond: (id = 2407139)

table 8 : explain SELECT c FROM sbtest8 WHERE id=3313302
	Index Scan using sbtest8_pkey on sbtest8  (cost=0.43..8.45 rows=1 width=121)
	  Index Cond: (id = 3313302)

for point_selects
table 1 : explain SELECT c FROM sbtest1 WHERE id=6146063
	Index Scan using sbtest1_pkey on sbtest1  (cost=0.43..8.45 rows=1 width=121)
	  Index Cond: (id = 6146063)

table 2 : explain SELECT c FROM sbtest2 WHERE id=737953
	Index Scan using sbtest2_pkey on sbtest2  (cost=0.43..8.45 rows=1 width=121)
	  Index Cond: (id = 737953)

table 3 : explain SELECT c FROM sbtest3 WHERE id=9268070
	Index Scan using sbtest3_pkey on sbtest3  (cost=0.43..8.45 rows=1 width=121)
	  Index Cond: (id = 9268070)

table 4 : explain SELECT c FROM sbtest4 WHERE id=3694352
	Index Scan using sbtest4_pkey on sbtest4  (cost=0.43..8.45 rows=1 width=121)
	  Index Cond: (id = 3694352)

table 5 : explain SELECT c FROM sbtest5 WHERE id=7709728
	Index Scan using sbtest5_pkey on sbtest5  (cost=0.43..8.45 rows=1 width=121)
	  Index Cond: (id = 7709728)

table 6 : explain SELECT c FROM sbtest6 WHERE id=7515184
	Index Scan using sbtest6_pkey on sbtest6  (cost=0.43..8.45 rows=1 width=121)
	  Index Cond: (id = 7515184)

table 7 : explain SELECT c FROM sbtest7 WHERE id=8523571
	Index Scan using sbtest7_pkey on sbtest7  (cost=0.43..8.45 rows=1 width=121)
	  Index Cond: (id = 8523571)

table 8 : explain SELECT c FROM sbtest8 WHERE id=5892733
	Index Scan using sbtest8_pkey on sbtest8  (cost=0.43..8.45 rows=1 width=121)
	  Index Cond: (id = 5892733)

for point_selects
table 1 : explain SELECT c FROM sbtest1 WHERE id=6173607
	Index Scan using sbtest1_pkey on sbtest1  (cost=0.43..8.45 rows=1 width=121)
	  Index Cond: (id = 6173607)

table 2 : explain SELECT c FROM sbtest2 WHERE id=7290434
	Index Scan using sbtest2_pkey on sbtest2  (cost=0.43..8.45 rows=1 width=121)
	  Index Cond: (id = 7290434)

table 3 : explain SELECT c FROM sbtest3 WHERE id=5047632
	Index Scan using sbtest3_pkey on sbtest3  (cost=0.43..8.45 rows=1 width=121)
	  Index Cond: (id = 5047632)

table 4 : explain SELECT c FROM sbtest4 WHERE id=607733
	Index Scan using sbtest4_pkey on sbtest4  (cost=0.43..8.45 rows=1 width=121)
	  Index Cond: (id = 607733)

table 5 : explain SELECT c FROM sbtest5 WHERE id=1927213
	Index Scan using sbtest5_pkey on sbtest5  (cost=0.43..8.45 rows=1 width=121)
	  Index Cond: (id = 1927213)

table 6 : explain SELECT c FROM sbtest6 WHERE id=7113626
	Index Scan using sbtest6_pkey on sbtest6  (cost=0.43..8.45 rows=1 width=121)
	  Index Cond: (id = 7113626)

table 7 : explain SELECT c FROM sbtest7 WHERE id=5957460
	Index Scan using sbtest7_pkey on sbtest7  (cost=0.43..8.45 rows=1 width=121)
	  Index Cond: (id = 5957460)

table 8 : explain SELECT c FROM sbtest8 WHERE id=5271871
	Index Scan using sbtest8_pkey on sbtest8  (cost=0.43..8.45 rows=1 width=121)
	  Index Cond: (id = 5271871)

for point_selects
table 1 : explain SELECT c FROM sbtest1 WHERE id=6969362
	Index Scan using sbtest1_pkey on sbtest1  (cost=0.43..8.45 rows=1 width=121)
	  Index Cond: (id = 6969362)

table 2 : explain SELECT c FROM sbtest2 WHERE id=2870695
	Index Scan using sbtest2_pkey on sbtest2  (cost=0.43..8.45 rows=1 width=121)
	  Index Cond: (id = 2870695)

table 3 : explain SELECT c FROM sbtest3 WHERE id=5313184
	Index Scan using sbtest3_pkey on sbtest3  (cost=0.43..8.45 rows=1 width=121)
	  Index Cond: (id = 5313184)

table 4 : explain SELECT c FROM sbtest4 WHERE id=8937809
	Index Scan using sbtest4_pkey on sbtest4  (cost=0.43..8.45 rows=1 width=121)
	  Index Cond: (id = 8937809)

table 5 : explain SELECT c FROM sbtest5 WHERE id=3533794
	Index Scan using sbtest5_pkey on sbtest5  (cost=0.43..8.45 rows=1 width=121)
	  Index Cond: (id = 3533794)

table 6 : explain SELECT c FROM sbtest6 WHERE id=1395868
	Index Scan using sbtest6_pkey on sbtest6  (cost=0.43..8.45 rows=1 width=121)
	  Index Cond: (id = 1395868)

table 7 : explain SELECT c FROM sbtest7 WHERE id=973978
	Index Scan using sbtest7_pkey on sbtest7  (cost=0.43..8.45 rows=1 width=121)
	  Index Cond: (id = 973978)

table 8 : explain SELECT c FROM sbtest8 WHERE id=1397735
	Index Scan using sbtest8_pkey on sbtest8  (cost=0.43..8.45 rows=1 width=121)
	  Index Cond: (id = 1397735)

Threads started!

Warming up for 5 seconds...

SQL statistics:
    queries performed:
        read:                            667357646
        write:                           0
        other:                           0
        total:                           667357646
    transactions:                        667357647 (1059278.33 per sec.)
    queries:                             667357646 (1059278.33 per sec.)
    ignored errors:                      0      (0.00 per sec.)
    reconnects:                          0      (0.00 per sec.)

Throughput:
    events/s (eps):                      1059278.3315
    time elapsed:                        630.0117s
    total number of events:              667357647

Latency (ms):
         min:                                    0.03
         avg:                                    0.04
         max:                                   16.08
         95th percentile:                        0.04
         sum:                             25026000.76

Threads fairness:
    events (avg/stddev):           16683920.6000/226468.40
    execution time (avg/stddev):   625.6500/0.06

