LUA_PATH=/home/mdcallag/git/mytools/bench/sysbench.lua/lua/?.lua /home/mdcallag/git/mytools/bench/sysbench.lua/lua/sysbench --db-driver=pgsql --range-size=100 --table-size=10000000 --tables=8 --threads=40 --events=0 --warmup-time=5 --time=630 --pgsql_conn_id=true /home/mdcallag/git/mytools/bench/sysbench.lua/lua/oltp_range_covered.lua run --pgsql-user=root --pgsql-password=pw --pgsql-host=127.0.0.1 --pgsql-db=ib --rand-type=uniform --random-points=100 --skip-trx --covered=false
48 CPUs
sysbench 1.1.0-9072687 (using bundled LuaJIT 2.1.0-beta3)

Running the test with following options:
Number of threads: 40
Warmup time: 5s
Initializing random number generator from current time


Initializing worker threads...

explain: for range-notcovered :: explain SELECT id, c FROM sbtest%d WHERE id BETWEEN 7721073 AND 7721173
explain: for range-notcovered :: explain SELECT id, c FROM sbtest%d WHERE id BETWEEN 6487871 AND 6487971
explain: for range-notcovered :: explain SELECT id, c FROM sbtest%d WHERE id BETWEEN 930160 AND 930260
explain: for range-notcovered :: explain SELECT id, c FROM sbtest%d WHERE id BETWEEN 4624581 AND 4624681
for range-notcovered
table 1 : explain SELECT id, c FROM sbtest1 WHERE id BETWEEN 6487871 AND 6487971
	Index Scan using sbtest1_pkey on sbtest1  (cost=0.43..373.49 rows=94 width=125)
	  Index Cond: ((id >= 6487871) AND (id <= 6487971))

table 2 : explain SELECT id, c FROM sbtest2 WHERE id BETWEEN 6487871 AND 6487971
	Index Scan using sbtest2_pkey on sbtest2  (cost=0.43..381.09 rows=96 width=125)
	  Index Cond: ((id >= 6487871) AND (id <= 6487971))

table 3 : explain SELECT id, c FROM sbtest3 WHERE id BETWEEN 6487871 AND 6487971
	Index Scan using sbtest3_pkey on sbtest3  (cost=0.43..414.23 rows=104 width=125)
	  Index Cond: ((id >= 6487871) AND (id <= 6487971))

table 4 : explain SELECT id, c FROM sbtest4 WHERE id BETWEEN 6487871 AND 6487971
	Index Scan using sbtest4_pkey on sbtest4  (cost=0.43..398.28 rows=100 width=125)
	  Index Cond: ((id >= 6487871) AND (id <= 6487971))

table 5 : explain SELECT id, c FROM sbtest5 WHERE id BETWEEN 6487871 AND 6487971
	Index Scan using sbtest5_pkey on sbtest5  (cost=0.43..415.75 rows=105 width=125)
	  Index Cond: ((id >= 6487871) AND (id <= 6487971))

table 6 : explain SELECT id, c FROM sbtest6 WHERE id BETWEEN 6487871 AND 6487971
	Index Scan using sbtest6_pkey on sbtest6  (cost=0.43..377.57 rows=95 width=125)
	  Index Cond: ((id >= 6487871) AND (id <= 6487971))

table 7 : explain SELECT id, c FROM sbtest7 WHERE id BETWEEN 6487871 AND 6487971
	Index Scan using sbtest7_pkey on sbtest7  (cost=0.43..384.77 rows=97 width=125)
	  Index Cond: ((id >= 6487871) AND (id <= 6487971))

table 8 : explain SELECT id, c FROM sbtest8 WHERE id BETWEEN 6487871 AND 6487971
	Index Scan using sbtest8_pkey on sbtest8  (cost=0.43..393.10 rows=99 width=125)
	  Index Cond: ((id >= 6487871) AND (id <= 6487971))

explain: for range-notcovered :: explain SELECT id, c FROM sbtest%d WHERE id BETWEEN 6487871 AND 6487971
for range-notcovered
table 1 : explain SELECT id, c FROM sbtest1 WHERE id BETWEEN 930160 AND 930260
	Index Scan using sbtest1_pkey on sbtest1  (cost=0.43..440.23 rows=111 width=125)
	  Index Cond: ((id >= 930160) AND (id <= 930260))

table 2 : explain SELECT id, c FROM sbtest2 WHERE id BETWEEN 930160 AND 930260
	Index Scan using sbtest2_pkey on sbtest2  (cost=0.43..388.93 rows=98 width=125)
	  Index Cond: ((id >= 930160) AND (id <= 930260))

table 3 : explain SELECT id, c FROM sbtest3 WHERE id BETWEEN 930160 AND 930260
	Index Scan using sbtest3_pkey on sbtest3  (cost=0.43..374.82 rows=94 width=125)
	  Index Cond: ((id >= 930160) AND (id <= 930260))

table 4 : explain SELECT id, c FROM sbtest4 WHERE id BETWEEN 930160 AND 930260
	Index Scan using sbtest4_pkey on sbtest4  (cost=0.43..386.47 rows=97 width=125)
	  Index Cond: ((id >= 930160) AND (id <= 930260))

table 5 : explain SELECT id, c FROM sbtest5 WHERE id BETWEEN 930160 AND 930260
	Index Scan using sbtest5_pkey on sbtest5  (cost=0.43..392.26 rows=99 width=125)
	  Index Cond: ((id >= 930160) AND (id <= 930260))

table 6 : explain SELECT id, c FROM sbtest6 WHERE id BETWEEN 930160 AND 930260
	Index Scan using sbtest6_pkey on sbtest6  (cost=0.43..432.53 rows=109 width=125)
	  Index Cond: ((id >= 930160) AND (id <= 930260))

table 7 : explain SELECT id, c FROM sbtest7 WHERE id BETWEEN 930160 AND 930260
	Index Scan using sbtest7_pkey on sbtest7  (cost=0.43..416.12 rows=105 width=125)
	  Index Cond: ((id >= 930160) AND (id <= 930260))

table 8 : explain SELECT id, c FROM sbtest8 WHERE id BETWEEN 930160 AND 930260
	Index Scan using sbtest8_pkey on sbtest8  (cost=0.43..393.10 rows=99 width=125)
	  Index Cond: ((id >= 930160) AND (id <= 930260))

explain: for range-notcovered :: explain SELECT id, c FROM sbtest%d WHERE id BETWEEN 930160 AND 930260
for range-notcovered
table 1 : explain SELECT id, c FROM sbtest1 WHERE id BETWEEN 930160 AND 930260
	Index Scan using sbtest1_pkey on sbtest1  (cost=0.43..440.23 rows=111 width=125)
	  Index Cond: ((id >= 930160) AND (id <= 930260))

table 2 : explain SELECT id, c FROM sbtest2 WHERE id BETWEEN 930160 AND 930260
	Index Scan using sbtest2_pkey on sbtest2  (cost=0.43..388.93 rows=98 width=125)
	  Index Cond: ((id >= 930160) AND (id <= 930260))

table 3 : explain SELECT id, c FROM sbtest3 WHERE id BETWEEN 930160 AND 930260
	Index Scan using sbtest3_pkey on sbtest3  (cost=0.43..374.82 rows=94 width=125)
	  Index Cond: ((id >= 930160) AND (id <= 930260))

table 4 : explain SELECT id, c FROM sbtest4 WHERE id BETWEEN 930160 AND 930260
	Index Scan using sbtest4_pkey on sbtest4  (cost=0.43..386.47 rows=97 width=125)
	  Index Cond: ((id >= 930160) AND (id <= 930260))

table 5 : explain SELECT id, c FROM sbtest5 WHERE id BETWEEN 930160 AND 930260
	Index Scan using sbtest5_pkey on sbtest5  (cost=0.43..392.26 rows=99 width=125)
	  Index Cond: ((id >= 930160) AND (id <= 930260))

table 6 : explain SELECT id, c FROM sbtest6 WHERE id BETWEEN 930160 AND 930260
	Index Scan using sbtest6_pkey on sbtest6  (cost=0.43..432.53 rows=109 width=125)
	  Index Cond: ((id >= 930160) AND (id <= 930260))

table 7 : explain SELECT id, c FROM sbtest7 WHERE id BETWEEN 930160 AND 930260
	Index Scan using sbtest7_pkey on sbtest7  (cost=0.43..416.12 rows=105 width=125)
	  Index Cond: ((id >= 930160) AND (id <= 930260))

table 8 : explain SELECT id, c FROM sbtest8 WHERE id BETWEEN 930160 AND 930260
	Index Scan using sbtest8_pkey on sbtest8  (cost=0.43..393.10 rows=99 width=125)
	  Index Cond: ((id >= 930160) AND (id <= 930260))

explain: for range-notcovered :: explain SELECT id, c FROM sbtest%d WHERE id BETWEEN 930160 AND 930260
for range-notcovered
table 1 : explain SELECT id, c FROM sbtest1 WHERE id BETWEEN 6487871 AND 6487971
	Index Scan using sbtest1_pkey on sbtest1  (cost=0.43..373.49 rows=94 width=125)
	  Index Cond: ((id >= 6487871) AND (id <= 6487971))

table 2 : explain SELECT id, c FROM sbtest2 WHERE id BETWEEN 6487871 AND 6487971
	Index Scan using sbtest2_pkey on sbtest2  (cost=0.43..381.09 rows=96 width=125)
	  Index Cond: ((id >= 6487871) AND (id <= 6487971))

table 3 : explain SELECT id, c FROM sbtest3 WHERE id BETWEEN 6487871 AND 6487971
	Index Scan using sbtest3_pkey on sbtest3  (cost=0.43..414.23 rows=104 width=125)
	  Index Cond: ((id >= 6487871) AND (id <= 6487971))

table 4 : explain SELECT id, c FROM sbtest4 WHERE id BETWEEN 6487871 AND 6487971
	Index Scan using sbtest4_pkey on sbtest4  (cost=0.43..398.28 rows=100 width=125)
	  Index Cond: ((id >= 6487871) AND (id <= 6487971))

table 5 : explain SELECT id, c FROM sbtest5 WHERE id BETWEEN 6487871 AND 6487971
	Index Scan using sbtest5_pkey on sbtest5  (cost=0.43..415.75 rows=105 width=125)
	  Index Cond: ((id >= 6487871) AND (id <= 6487971))

table 6 : explain SELECT id, c FROM sbtest6 WHERE id BETWEEN 6487871 AND 6487971
	Index Scan using sbtest6_pkey on sbtest6  (cost=0.43..377.57 rows=95 width=125)
	  Index Cond: ((id >= 6487871) AND (id <= 6487971))

table 7 : explain SELECT id, c FROM sbtest7 WHERE id BETWEEN 6487871 AND 6487971
	Index Scan using sbtest7_pkey on sbtest7  (cost=0.43..384.77 rows=97 width=125)
	  Index Cond: ((id >= 6487871) AND (id <= 6487971))

table 8 : explain SELECT id, c FROM sbtest8 WHERE id BETWEEN 6487871 AND 6487971
	Index Scan using sbtest8_pkey on sbtest8  (cost=0.43..393.10 rows=99 width=125)
	  Index Cond: ((id >= 6487871) AND (id <= 6487971))

for range-notcovered
table 1 : explain SELECT id, c FROM sbtest1 WHERE id BETWEEN 7721073 AND 7721173
	Index Scan using sbtest1_pkey on sbtest1  (cost=0.43..397.06 rows=100 width=125)
	  Index Cond: ((id >= 7721073) AND (id <= 7721173))

table 2 : explain SELECT id, c FROM sbtest2 WHERE id BETWEEN 7721073 AND 7721173
	Index Scan using sbtest2_pkey on sbtest2  (cost=0.43..381.09 rows=96 width=125)
	  Index Cond: ((id >= 7721073) AND (id <= 7721173))

table 3 : explain SELECT id, c FROM sbtest3 WHERE id BETWEEN 7721073 AND 7721173
	Index Scan using sbtest3_pkey on sbtest3  (cost=0.43..418.17 rows=105 width=125)
	  Index Cond: ((id >= 7721073) AND (id <= 7721173))

table 4 : explain SELECT id, c FROM sbtest4 WHERE id BETWEEN 7721073 AND 7721173
	Index Scan using sbtest4_pkey on sbtest4  (cost=0.43..410.09 rows=103 width=125)
	  Index Cond: ((id >= 7721073) AND (id <= 7721173))

table 5 : explain SELECT id, c FROM sbtest5 WHERE id BETWEEN 7721073 AND 7721173
	Index Scan using sbtest5_pkey on sbtest5  (cost=0.43..415.75 rows=105 width=125)
	  Index Cond: ((id >= 7721073) AND (id <= 7721173))

table 6 : explain SELECT id, c FROM sbtest6 WHERE id BETWEEN 7721073 AND 7721173
	Index Scan using sbtest6_pkey on sbtest6  (cost=0.43..416.83 rows=105 width=125)
	  Index Cond: ((id >= 7721073) AND (id <= 7721173))

table 7 : explain SELECT id, c FROM sbtest7 WHERE id BETWEEN 7721073 AND 7721173
	Index Scan using sbtest7_pkey on sbtest7  (cost=0.43..380.85 rows=96 width=125)
	  Index Cond: ((id >= 7721073) AND (id <= 7721173))

table 8 : explain SELECT id, c FROM sbtest8 WHERE id BETWEEN 7721073 AND 7721173
	Index Scan using sbtest8_pkey on sbtest8  (cost=0.43..444.12 rows=112 width=125)
	  Index Cond: ((id >= 7721073) AND (id <= 7721173))

explain: for range-notcovered :: explain SELECT id, c FROM sbtest%d WHERE id BETWEEN 6487871 AND 6487971
explain: for range-notcovered :: explain SELECT id, c FROM sbtest%d WHERE id BETWEEN 7721073 AND 7721173
for range-notcovered
table 1 : explain SELECT id, c FROM sbtest1 WHERE id BETWEEN 930160 AND 930260
	Index Scan using sbtest1_pkey on sbtest1  (cost=0.43..440.23 rows=111 width=125)
	  Index Cond: ((id >= 930160) AND (id <= 930260))

table 2 : explain SELECT id, c FROM sbtest2 WHERE id BETWEEN 930160 AND 930260
	Index Scan using sbtest2_pkey on sbtest2  (cost=0.43..388.93 rows=98 width=125)
	  Index Cond: ((id >= 930160) AND (id <= 930260))

table 3 : explain SELECT id, c FROM sbtest3 WHERE id BETWEEN 930160 AND 930260
	Index Scan using sbtest3_pkey on sbtest3  (cost=0.43..374.82 rows=94 width=125)
	  Index Cond: ((id >= 930160) AND (id <= 930260))

table 4 : explain SELECT id, c FROM sbtest4 WHERE id BETWEEN 930160 AND 930260
	Index Scan using sbtest4_pkey on sbtest4  (cost=0.43..386.47 rows=97 width=125)
	  Index Cond: ((id >= 930160) AND (id <= 930260))

table 5 : explain SELECT id, c FROM sbtest5 WHERE id BETWEEN 930160 AND 930260
	Index Scan using sbtest5_pkey on sbtest5  (cost=0.43..392.26 rows=99 width=125)
	  Index Cond: ((id >= 930160) AND (id <= 930260))

table 6 : explain SELECT id, c FROM sbtest6 WHERE id BETWEEN 930160 AND 930260
	Index Scan using sbtest6_pkey on sbtest6  (cost=0.43..432.53 rows=109 width=125)
	  Index Cond: ((id >= 930160) AND (id <= 930260))

table 7 : explain SELECT id, c FROM sbtest7 WHERE id BETWEEN 930160 AND 930260
	Index Scan using sbtest7_pkey on sbtest7  (cost=0.43..416.12 rows=105 width=125)
	  Index Cond: ((id >= 930160) AND (id <= 930260))

table 8 : explain SELECT id, c FROM sbtest8 WHERE id BETWEEN 930160 AND 930260
	Index Scan using sbtest8_pkey on sbtest8  (cost=0.43..393.10 rows=99 width=125)
	  Index Cond: ((id >= 930160) AND (id <= 930260))

explain: for range-notcovered :: explain SELECT id, c FROM sbtest%d WHERE id BETWEEN 930160 AND 930260
for range-notcovered
table 1 : explain SELECT id, c FROM sbtest1 WHERE id BETWEEN 6487871 AND 6487971
	Index Scan using sbtest1_pkey on sbtest1  (cost=0.43..373.49 rows=94 width=125)
	  Index Cond: ((id >= 6487871) AND (id <= 6487971))

table 2 : explain SELECT id, c FROM sbtest2 WHERE id BETWEEN 6487871 AND 6487971
	Index Scan using sbtest2_pkey on sbtest2  (cost=0.43..381.09 rows=96 width=125)
	  Index Cond: ((id >= 6487871) AND (id <= 6487971))

table 3 : explain SELECT id, c FROM sbtest3 WHERE id BETWEEN 6487871 AND 6487971
	Index Scan using sbtest3_pkey on sbtest3  (cost=0.43..414.23 rows=104 width=125)
	  Index Cond: ((id >= 6487871) AND (id <= 6487971))

table 4 : explain SELECT id, c FROM sbtest4 WHERE id BETWEEN 6487871 AND 6487971
	Index Scan using sbtest4_pkey on sbtest4  (cost=0.43..398.28 rows=100 width=125)
	  Index Cond: ((id >= 6487871) AND (id <= 6487971))

table 5 : explain SELECT id, c FROM sbtest5 WHERE id BETWEEN 6487871 AND 6487971
	Index Scan using sbtest5_pkey on sbtest5  (cost=0.43..415.75 rows=105 width=125)
	  Index Cond: ((id >= 6487871) AND (id <= 6487971))

table 6 : explain SELECT id, c FROM sbtest6 WHERE id BETWEEN 6487871 AND 6487971
	Index Scan using sbtest6_pkey on sbtest6  (cost=0.43..377.57 rows=95 width=125)
	  Index Cond: ((id >= 6487871) AND (id <= 6487971))

table 7 : explain SELECT id, c FROM sbtest7 WHERE id BETWEEN 6487871 AND 6487971
	Index Scan using sbtest7_pkey on sbtest7  (cost=0.43..384.77 rows=97 width=125)
	  Index Cond: ((id >= 6487871) AND (id <= 6487971))

table 8 : explain SELECT id, c FROM sbtest8 WHERE id BETWEEN 6487871 AND 6487971
	Index Scan using sbtest8_pkey on sbtest8  (cost=0.43..393.10 rows=99 width=125)
	  Index Cond: ((id >= 6487871) AND (id <= 6487971))

for range-notcovered
table 1 : explain SELECT id, c FROM sbtest1 WHERE id BETWEEN 7721073 AND 7721173
	Index Scan using sbtest1_pkey on sbtest1  (cost=0.43..397.06 rows=100 width=125)
	  Index Cond: ((id >= 7721073) AND (id <= 7721173))

table 2 : explain SELECT id, c FROM sbtest2 WHERE id BETWEEN 7721073 AND 7721173
	Index Scan using sbtest2_pkey on sbtest2  (cost=0.43..381.09 rows=96 width=125)
	  Index Cond: ((id >= 7721073) AND (id <= 7721173))

table 3 : explain SELECT id, c FROM sbtest3 WHERE id BETWEEN 7721073 AND 7721173
	Index Scan using sbtest3_pkey on sbtest3  (cost=0.43..418.17 rows=105 width=125)
	  Index Cond: ((id >= 7721073) AND (id <= 7721173))

table 4 : explain SELECT id, c FROM sbtest4 WHERE id BETWEEN 7721073 AND 7721173
	Index Scan using sbtest4_pkey on sbtest4  (cost=0.43..410.09 rows=103 width=125)
	  Index Cond: ((id >= 7721073) AND (id <= 7721173))

table 5 : explain SELECT id, c FROM sbtest5 WHERE id BETWEEN 7721073 AND 7721173
	Index Scan using sbtest5_pkey on sbtest5  (cost=0.43..415.75 rows=105 width=125)
	  Index Cond: ((id >= 7721073) AND (id <= 7721173))

table 6 : explain SELECT id, c FROM sbtest6 WHERE id BETWEEN 7721073 AND 7721173
	Index Scan using sbtest6_pkey on sbtest6  (cost=0.43..416.83 rows=105 width=125)
	  Index Cond: ((id >= 7721073) AND (id <= 7721173))

table 7 : explain SELECT id, c FROM sbtest7 WHERE id BETWEEN 7721073 AND 7721173
	Index Scan using sbtest7_pkey on sbtest7  (cost=0.43..380.85 rows=96 width=125)
	  Index Cond: ((id >= 7721073) AND (id <= 7721173))

table 8 : explain SELECT id, c FROM sbtest8 WHERE id BETWEEN 7721073 AND 7721173
	Index Scan using sbtest8_pkey on sbtest8  (cost=0.43..444.12 rows=112 width=125)
	  Index Cond: ((id >= 7721073) AND (id <= 7721173))

explain: for range-notcovered :: explain SELECT id, c FROM sbtest%d WHERE id BETWEEN 6487871 AND 6487971
explain: for range-notcovered :: explain SELECT id, c FROM sbtest%d WHERE id BETWEEN 7721073 AND 7721173
for range-notcovered
table 1 : explain SELECT id, c FROM sbtest1 WHERE id BETWEEN 4624581 AND 4624681
	Index Scan using sbtest1_pkey on sbtest1  (cost=0.43..428.45 rows=108 width=125)
	  Index Cond: ((id >= 4624581) AND (id <= 4624681))

table 2 : explain SELECT id, c FROM sbtest2 WHERE id BETWEEN 4624581 AND 4624681
	Index Scan using sbtest2_pkey on sbtest2  (cost=0.43..436.00 rows=110 width=125)
	  Index Cond: ((id >= 4624581) AND (id <= 4624681))

table 3 : explain SELECT id, c FROM sbtest3 WHERE id BETWEEN 4624581 AND 4624681
	Index Scan using sbtest3_pkey on sbtest3  (cost=0.43..382.72 rows=96 width=125)
	  Index Cond: ((id >= 4624581) AND (id <= 4624681))

table 4 : explain SELECT id, c FROM sbtest4 WHERE id BETWEEN 4624581 AND 4624681
	Index Scan using sbtest4_pkey on sbtest4  (cost=0.43..394.35 rows=99 width=125)
	  Index Cond: ((id >= 4624581) AND (id <= 4624681))

table 5 : explain SELECT id, c FROM sbtest5 WHERE id BETWEEN 4624581 AND 4624681
	Index Scan using sbtest5_pkey on sbtest5  (cost=0.43..388.34 rows=98 width=125)
	  Index Cond: ((id >= 4624581) AND (id <= 4624681))

table 6 : explain SELECT id, c FROM sbtest6 WHERE id BETWEEN 4624581 AND 4624681
	Index Scan using sbtest6_pkey on sbtest6  (cost=0.43..385.42 rows=97 width=125)
	  Index Cond: ((id >= 4624581) AND (id <= 4624681))

table 7 : explain SELECT id, c FROM sbtest7 WHERE id BETWEEN 4624581 AND 4624681
	Index Scan using sbtest7_pkey on sbtest7  (cost=0.43..439.63 rows=111 width=125)
	  Index Cond: ((id >= 4624581) AND (id <= 4624681))

table 8 : explain SELECT id, c FROM sbtest8 WHERE id BETWEEN 4624581 AND 4624681
	Index Scan using sbtest8_pkey on sbtest8  (cost=0.43..381.33 rows=96 width=125)
	  Index Cond: ((id >= 4624581) AND (id <= 4624681))

explain: for range-notcovered :: explain SELECT id, c FROM sbtest%d WHERE id BETWEEN 4624581 AND 4624681
for range-notcovered
table 1 : explain SELECT id, c FROM sbtest1 WHERE id BETWEEN 930160 AND 930260
	Index Scan using sbtest1_pkey on sbtest1  (cost=0.43..440.23 rows=111 width=125)
	  Index Cond: ((id >= 930160) AND (id <= 930260))

table 2 : explain SELECT id, c FROM sbtest2 WHERE id BETWEEN 930160 AND 930260
	Index Scan using sbtest2_pkey on sbtest2  (cost=0.43..388.93 rows=98 width=125)
	  Index Cond: ((id >= 930160) AND (id <= 930260))

table 3 : explain SELECT id, c FROM sbtest3 WHERE id BETWEEN 930160 AND 930260
	Index Scan using sbtest3_pkey on sbtest3  (cost=0.43..374.82 rows=94 width=125)
	  Index Cond: ((id >= 930160) AND (id <= 930260))

table 4 : explain SELECT id, c FROM sbtest4 WHERE id BETWEEN 930160 AND 930260
	Index Scan using sbtest4_pkey on sbtest4  (cost=0.43..386.47 rows=97 width=125)
	  Index Cond: ((id >= 930160) AND (id <= 930260))

table 5 : explain SELECT id, c FROM sbtest5 WHERE id BETWEEN 930160 AND 930260
	Index Scan using sbtest5_pkey on sbtest5  (cost=0.43..392.26 rows=99 width=125)
	  Index Cond: ((id >= 930160) AND (id <= 930260))

table 6 : explain SELECT id, c FROM sbtest6 WHERE id BETWEEN 930160 AND 930260
	Index Scan using sbtest6_pkey on sbtest6  (cost=0.43..432.53 rows=109 width=125)
	  Index Cond: ((id >= 930160) AND (id <= 930260))

table 7 : explain SELECT id, c FROM sbtest7 WHERE id BETWEEN 930160 AND 930260
	Index Scan using sbtest7_pkey on sbtest7  (cost=0.43..416.12 rows=105 width=125)
	  Index Cond: ((id >= 930160) AND (id <= 930260))

table 8 : explain SELECT id, c FROM sbtest8 WHERE id BETWEEN 930160 AND 930260
	Index Scan using sbtest8_pkey on sbtest8  (cost=0.43..393.10 rows=99 width=125)
	  Index Cond: ((id >= 930160) AND (id <= 930260))

explain: for range-notcovered :: explain SELECT id, c FROM sbtest%d WHERE id BETWEEN 930160 AND 930260
for range-notcovered
table 1 : explain SELECT id, c FROM sbtest1 WHERE id BETWEEN 6487871 AND 6487971
	Index Scan using sbtest1_pkey on sbtest1  (cost=0.43..373.49 rows=94 width=125)
	  Index Cond: ((id >= 6487871) AND (id <= 6487971))

table 2 : explain SELECT id, c FROM sbtest2 WHERE id BETWEEN 6487871 AND 6487971
	Index Scan using sbtest2_pkey on sbtest2  (cost=0.43..381.09 rows=96 width=125)
	  Index Cond: ((id >= 6487871) AND (id <= 6487971))

table 3 : explain SELECT id, c FROM sbtest3 WHERE id BETWEEN 6487871 AND 6487971
	Index Scan using sbtest3_pkey on sbtest3  (cost=0.43..414.23 rows=104 width=125)
	  Index Cond: ((id >= 6487871) AND (id <= 6487971))

table 4 : explain SELECT id, c FROM sbtest4 WHERE id BETWEEN 6487871 AND 6487971
	Index Scan using sbtest4_pkey on sbtest4  (cost=0.43..398.28 rows=100 width=125)
	  Index Cond: ((id >= 6487871) AND (id <= 6487971))

table 5 : explain SELECT id, c FROM sbtest5 WHERE id BETWEEN 6487871 AND 6487971
	Index Scan using sbtest5_pkey on sbtest5  (cost=0.43..415.75 rows=105 width=125)
	  Index Cond: ((id >= 6487871) AND (id <= 6487971))

table 6 : explain SELECT id, c FROM sbtest6 WHERE id BETWEEN 6487871 AND 6487971
	Index Scan using sbtest6_pkey on sbtest6  (cost=0.43..377.57 rows=95 width=125)
	  Index Cond: ((id >= 6487871) AND (id <= 6487971))

table 7 : explain SELECT id, c FROM sbtest7 WHERE id BETWEEN 6487871 AND 6487971
	Index Scan using sbtest7_pkey on sbtest7  (cost=0.43..384.77 rows=97 width=125)
	  Index Cond: ((id >= 6487871) AND (id <= 6487971))

table 8 : explain SELECT id, c FROM sbtest8 WHERE id BETWEEN 6487871 AND 6487971
	Index Scan using sbtest8_pkey on sbtest8  (cost=0.43..393.10 rows=99 width=125)
	  Index Cond: ((id >= 6487871) AND (id <= 6487971))

explain: for range-notcovered :: explain SELECT id, c FROM sbtest%d WHERE id BETWEEN 6487871 AND 6487971
for range-notcovered
table 1 : explain SELECT id, c FROM sbtest1 WHERE id BETWEEN 7721073 AND 7721173
	Index Scan using sbtest1_pkey on sbtest1  (cost=0.43..397.06 rows=100 width=125)
	  Index Cond: ((id >= 7721073) AND (id <= 7721173))

table 2 : explain SELECT id, c FROM sbtest2 WHERE id BETWEEN 7721073 AND 7721173
	Index Scan using sbtest2_pkey on sbtest2  (cost=0.43..381.09 rows=96 width=125)
	  Index Cond: ((id >= 7721073) AND (id <= 7721173))

table 3 : explain SELECT id, c FROM sbtest3 WHERE id BETWEEN 7721073 AND 7721173
	Index Scan using sbtest3_pkey on sbtest3  (cost=0.43..418.17 rows=105 width=125)
	  Index Cond: ((id >= 7721073) AND (id <= 7721173))

table 4 : explain SELECT id, c FROM sbtest4 WHERE id BETWEEN 7721073 AND 7721173
	Index Scan using sbtest4_pkey on sbtest4  (cost=0.43..410.09 rows=103 width=125)
	  Index Cond: ((id >= 7721073) AND (id <= 7721173))

table 5 : explain SELECT id, c FROM sbtest5 WHERE id BETWEEN 7721073 AND 7721173
	Index Scan using sbtest5_pkey on sbtest5  (cost=0.43..415.75 rows=105 width=125)
	  Index Cond: ((id >= 7721073) AND (id <= 7721173))

table 6 : explain SELECT id, c FROM sbtest6 WHERE id BETWEEN 7721073 AND 7721173
	Index Scan using sbtest6_pkey on sbtest6  (cost=0.43..416.83 rows=105 width=125)
	  Index Cond: ((id >= 7721073) AND (id <= 7721173))

table 7 : explain SELECT id, c FROM sbtest7 WHERE id BETWEEN 7721073 AND 7721173
	Index Scan using sbtest7_pkey on sbtest7  (cost=0.43..380.85 rows=96 width=125)
	  Index Cond: ((id >= 7721073) AND (id <= 7721173))

table 8 : explain SELECT id, c FROM sbtest8 WHERE id BETWEEN 7721073 AND 7721173
	Index Scan using sbtest8_pkey on sbtest8  (cost=0.43..444.12 rows=112 width=125)
	  Index Cond: ((id >= 7721073) AND (id <= 7721173))

for range-notcovered
table 1 : explain SELECT id, c FROM sbtest1 WHERE id BETWEEN 4624581 AND 4624681
	Index Scan using sbtest1_pkey on sbtest1  (cost=0.43..428.45 rows=108 width=125)
	  Index Cond: ((id >= 4624581) AND (id <= 4624681))

table 2 : explain SELECT id, c FROM sbtest2 WHERE id BETWEEN 4624581 AND 4624681
	Index Scan using sbtest2_pkey on sbtest2  (cost=0.43..436.00 rows=110 width=125)
	  Index Cond: ((id >= 4624581) AND (id <= 4624681))

table 3 : explain SELECT id, c FROM sbtest3 WHERE id BETWEEN 4624581 AND 4624681
	Index Scan using sbtest3_pkey on sbtest3  (cost=0.43..382.72 rows=96 width=125)
	  Index Cond: ((id >= 4624581) AND (id <= 4624681))

table 4 : explain SELECT id, c FROM sbtest4 WHERE id BETWEEN 4624581 AND 4624681
	Index Scan using sbtest4_pkey on sbtest4  (cost=0.43..394.35 rows=99 width=125)
	  Index Cond: ((id >= 4624581) AND (id <= 4624681))

table 5 : explain SELECT id, c FROM sbtest5 WHERE id BETWEEN 4624581 AND 4624681
	Index Scan using sbtest5_pkey on sbtest5  (cost=0.43..388.34 rows=98 width=125)
	  Index Cond: ((id >= 4624581) AND (id <= 4624681))

table 6 : explain SELECT id, c FROM sbtest6 WHERE id BETWEEN 4624581 AND 4624681
	Index Scan using sbtest6_pkey on sbtest6  (cost=0.43..385.42 rows=97 width=125)
	  Index Cond: ((id >= 4624581) AND (id <= 4624681))

table 7 : explain SELECT id, c FROM sbtest7 WHERE id BETWEEN 4624581 AND 4624681
	Index Scan using sbtest7_pkey on sbtest7  (cost=0.43..439.63 rows=111 width=125)
	  Index Cond: ((id >= 4624581) AND (id <= 4624681))

table 8 : explain SELECT id, c FROM sbtest8 WHERE id BETWEEN 4624581 AND 4624681
	Index Scan using sbtest8_pkey on sbtest8  (cost=0.43..381.33 rows=96 width=125)
	  Index Cond: ((id >= 4624581) AND (id <= 4624681))

explain: for range-notcovered :: explain SELECT id, c FROM sbtest%d WHERE id BETWEEN 7721073 AND 7721173
explain: for range-notcovered :: explain SELECT id, c FROM sbtest%d WHERE id BETWEEN 4624581 AND 4624681
for range-notcovered
table 1 : explain SELECT id, c FROM sbtest1 WHERE id BETWEEN 6487871 AND 6487971
	Index Scan using sbtest1_pkey on sbtest1  (cost=0.43..373.49 rows=94 width=125)
	  Index Cond: ((id >= 6487871) AND (id <= 6487971))

table 2 : explain SELECT id, c FROM sbtest2 WHERE id BETWEEN 6487871 AND 6487971
	Index Scan using sbtest2_pkey on sbtest2  (cost=0.43..381.09 rows=96 width=125)
	  Index Cond: ((id >= 6487871) AND (id <= 6487971))

table 3 : explain SELECT id, c FROM sbtest3 WHERE id BETWEEN 6487871 AND 6487971
	Index Scan using sbtest3_pkey on sbtest3  (cost=0.43..414.23 rows=104 width=125)
	  Index Cond: ((id >= 6487871) AND (id <= 6487971))

table 4 : explain SELECT id, c FROM sbtest4 WHERE id BETWEEN 6487871 AND 6487971
	Index Scan using sbtest4_pkey on sbtest4  (cost=0.43..398.28 rows=100 width=125)
	  Index Cond: ((id >= 6487871) AND (id <= 6487971))

table 5 : explain SELECT id, c FROM sbtest5 WHERE id BETWEEN 6487871 AND 6487971
	Index Scan using sbtest5_pkey on sbtest5  (cost=0.43..415.75 rows=105 width=125)
	  Index Cond: ((id >= 6487871) AND (id <= 6487971))

table 6 : explain SELECT id, c FROM sbtest6 WHERE id BETWEEN 6487871 AND 6487971
	Index Scan using sbtest6_pkey on sbtest6  (cost=0.43..377.57 rows=95 width=125)
	  Index Cond: ((id >= 6487871) AND (id <= 6487971))

table 7 : explain SELECT id, c FROM sbtest7 WHERE id BETWEEN 6487871 AND 6487971
	Index Scan using sbtest7_pkey on sbtest7  (cost=0.43..384.77 rows=97 width=125)
	  Index Cond: ((id >= 6487871) AND (id <= 6487971))

table 8 : explain SELECT id, c FROM sbtest8 WHERE id BETWEEN 6487871 AND 6487971
	Index Scan using sbtest8_pkey on sbtest8  (cost=0.43..393.10 rows=99 width=125)
	  Index Cond: ((id >= 6487871) AND (id <= 6487971))

explain: for range-notcovered :: explain SELECT id, c FROM sbtest%d WHERE id BETWEEN 6487871 AND 6487971
for range-notcovered
table 1 : explain SELECT id, c FROM sbtest1 WHERE id BETWEEN 7721073 AND 7721173
	Index Scan using sbtest1_pkey on sbtest1  (cost=0.43..397.06 rows=100 width=125)
	  Index Cond: ((id >= 7721073) AND (id <= 7721173))

table 2 : explain SELECT id, c FROM sbtest2 WHERE id BETWEEN 7721073 AND 7721173
	Index Scan using sbtest2_pkey on sbtest2  (cost=0.43..381.09 rows=96 width=125)
	  Index Cond: ((id >= 7721073) AND (id <= 7721173))

table 3 : explain SELECT id, c FROM sbtest3 WHERE id BETWEEN 7721073 AND 7721173
	Index Scan using sbtest3_pkey on sbtest3  (cost=0.43..418.17 rows=105 width=125)
	  Index Cond: ((id >= 7721073) AND (id <= 7721173))

table 4 : explain SELECT id, c FROM sbtest4 WHERE id BETWEEN 7721073 AND 7721173
	Index Scan using sbtest4_pkey on sbtest4  (cost=0.43..410.09 rows=103 width=125)
	  Index Cond: ((id >= 7721073) AND (id <= 7721173))

table 5 : explain SELECT id, c FROM sbtest5 WHERE id BETWEEN 7721073 AND 7721173
	Index Scan using sbtest5_pkey on sbtest5  (cost=0.43..415.75 rows=105 width=125)
	  Index Cond: ((id >= 7721073) AND (id <= 7721173))

table 6 : explain SELECT id, c FROM sbtest6 WHERE id BETWEEN 7721073 AND 7721173
	Index Scan using sbtest6_pkey on sbtest6  (cost=0.43..416.83 rows=105 width=125)
	  Index Cond: ((id >= 7721073) AND (id <= 7721173))

table 7 : explain SELECT id, c FROM sbtest7 WHERE id BETWEEN 7721073 AND 7721173
	Index Scan using sbtest7_pkey on sbtest7  (cost=0.43..380.85 rows=96 width=125)
	  Index Cond: ((id >= 7721073) AND (id <= 7721173))

table 8 : explain SELECT id, c FROM sbtest8 WHERE id BETWEEN 7721073 AND 7721173
	Index Scan using sbtest8_pkey on sbtest8  (cost=0.43..444.12 rows=112 width=125)
	  Index Cond: ((id >= 7721073) AND (id <= 7721173))

for range-notcovered
table 1 : explain SELECT id, c FROM sbtest1 WHERE id BETWEEN 4624581 AND 4624681
	Index Scan using sbtest1_pkey on sbtest1  (cost=0.43..428.45 rows=108 width=125)
	  Index Cond: ((id >= 4624581) AND (id <= 4624681))

table 2 : explain SELECT id, c FROM sbtest2 WHERE id BETWEEN 4624581 AND 4624681
	Index Scan using sbtest2_pkey on sbtest2  (cost=0.43..436.00 rows=110 width=125)
	  Index Cond: ((id >= 4624581) AND (id <= 4624681))

table 3 : explain SELECT id, c FROM sbtest3 WHERE id BETWEEN 4624581 AND 4624681
	Index Scan using sbtest3_pkey on sbtest3  (cost=0.43..382.72 rows=96 width=125)
	  Index Cond: ((id >= 4624581) AND (id <= 4624681))

table 4 : explain SELECT id, c FROM sbtest4 WHERE id BETWEEN 4624581 AND 4624681
	Index Scan using sbtest4_pkey on sbtest4  (cost=0.43..394.35 rows=99 width=125)
	  Index Cond: ((id >= 4624581) AND (id <= 4624681))

table 5 : explain SELECT id, c FROM sbtest5 WHERE id BETWEEN 4624581 AND 4624681
	Index Scan using sbtest5_pkey on sbtest5  (cost=0.43..388.34 rows=98 width=125)
	  Index Cond: ((id >= 4624581) AND (id <= 4624681))

table 6 : explain SELECT id, c FROM sbtest6 WHERE id BETWEEN 4624581 AND 4624681
	Index Scan using sbtest6_pkey on sbtest6  (cost=0.43..385.42 rows=97 width=125)
	  Index Cond: ((id >= 4624581) AND (id <= 4624681))

table 7 : explain SELECT id, c FROM sbtest7 WHERE id BETWEEN 4624581 AND 4624681
	Index Scan using sbtest7_pkey on sbtest7  (cost=0.43..439.63 rows=111 width=125)
	  Index Cond: ((id >= 4624581) AND (id <= 4624681))

table 8 : explain SELECT id, c FROM sbtest8 WHERE id BETWEEN 4624581 AND 4624681
	Index Scan using sbtest8_pkey on sbtest8  (cost=0.43..381.33 rows=96 width=125)
	  Index Cond: ((id >= 4624581) AND (id <= 4624681))

explain: for range-notcovered :: explain SELECT id, c FROM sbtest%d WHERE id BETWEEN 7721073 AND 7721173
explain: for range-notcovered :: explain SELECT id, c FROM sbtest%d WHERE id BETWEEN 4624581 AND 4624681
for range-notcovered
table 1 : explain SELECT id, c FROM sbtest1 WHERE id BETWEEN 6487871 AND 6487971
	Index Scan using sbtest1_pkey on sbtest1  (cost=0.43..373.49 rows=94 width=125)
	  Index Cond: ((id >= 6487871) AND (id <= 6487971))

table 2 : explain SELECT id, c FROM sbtest2 WHERE id BETWEEN 6487871 AND 6487971
	Index Scan using sbtest2_pkey on sbtest2  (cost=0.43..381.09 rows=96 width=125)
	  Index Cond: ((id >= 6487871) AND (id <= 6487971))

table 3 : explain SELECT id, c FROM sbtest3 WHERE id BETWEEN 6487871 AND 6487971
	Index Scan using sbtest3_pkey on sbtest3  (cost=0.43..414.23 rows=104 width=125)
	  Index Cond: ((id >= 6487871) AND (id <= 6487971))

table 4 : explain SELECT id, c FROM sbtest4 WHERE id BETWEEN 6487871 AND 6487971
	Index Scan using sbtest4_pkey on sbtest4  (cost=0.43..398.28 rows=100 width=125)
	  Index Cond: ((id >= 6487871) AND (id <= 6487971))

table 5 : explain SELECT id, c FROM sbtest5 WHERE id BETWEEN 6487871 AND 6487971
	Index Scan using sbtest5_pkey on sbtest5  (cost=0.43..415.75 rows=105 width=125)
	  Index Cond: ((id >= 6487871) AND (id <= 6487971))

table 6 : explain SELECT id, c FROM sbtest6 WHERE id BETWEEN 6487871 AND 6487971
	Index Scan using sbtest6_pkey on sbtest6  (cost=0.43..377.57 rows=95 width=125)
	  Index Cond: ((id >= 6487871) AND (id <= 6487971))

table 7 : explain SELECT id, c FROM sbtest7 WHERE id BETWEEN 6487871 AND 6487971
	Index Scan using sbtest7_pkey on sbtest7  (cost=0.43..384.77 rows=97 width=125)
	  Index Cond: ((id >= 6487871) AND (id <= 6487971))

table 8 : explain SELECT id, c FROM sbtest8 WHERE id BETWEEN 6487871 AND 6487971
	Index Scan using sbtest8_pkey on sbtest8  (cost=0.43..393.10 rows=99 width=125)
	  Index Cond: ((id >= 6487871) AND (id <= 6487971))

for range-notcovered
table 1 : explain SELECT id, c FROM sbtest1 WHERE id BETWEEN 4624581 AND 4624681
	Index Scan using sbtest1_pkey on sbtest1  (cost=0.43..428.45 rows=108 width=125)
	  Index Cond: ((id >= 4624581) AND (id <= 4624681))

table 2 : explain SELECT id, c FROM sbtest2 WHERE id BETWEEN 4624581 AND 4624681
	Index Scan using sbtest2_pkey on sbtest2  (cost=0.43..436.00 rows=110 width=125)
	  Index Cond: ((id >= 4624581) AND (id <= 4624681))

table 3 : explain SELECT id, c FROM sbtest3 WHERE id BETWEEN 4624581 AND 4624681
	Index Scan using sbtest3_pkey on sbtest3  (cost=0.43..382.72 rows=96 width=125)
	  Index Cond: ((id >= 4624581) AND (id <= 4624681))

table 4 : explain SELECT id, c FROM sbtest4 WHERE id BETWEEN 4624581 AND 4624681
	Index Scan using sbtest4_pkey on sbtest4  (cost=0.43..394.35 rows=99 width=125)
	  Index Cond: ((id >= 4624581) AND (id <= 4624681))

table 5 : explain SELECT id, c FROM sbtest5 WHERE id BETWEEN 4624581 AND 4624681
	Index Scan using sbtest5_pkey on sbtest5  (cost=0.43..388.34 rows=98 width=125)
	  Index Cond: ((id >= 4624581) AND (id <= 4624681))

table 6 : explain SELECT id, c FROM sbtest6 WHERE id BETWEEN 4624581 AND 4624681
	Index Scan using sbtest6_pkey on sbtest6  (cost=0.43..385.42 rows=97 width=125)
	  Index Cond: ((id >= 4624581) AND (id <= 4624681))

table 7 : explain SELECT id, c FROM sbtest7 WHERE id BETWEEN 4624581 AND 4624681
	Index Scan using sbtest7_pkey on sbtest7  (cost=0.43..439.63 rows=111 width=125)
	  Index Cond: ((id >= 4624581) AND (id <= 4624681))

table 8 : explain SELECT id, c FROM sbtest8 WHERE id BETWEEN 4624581 AND 4624681
	Index Scan using sbtest8_pkey on sbtest8  (cost=0.43..381.33 rows=96 width=125)
	  Index Cond: ((id >= 4624581) AND (id <= 4624681))

explain: for range-notcovered :: explain SELECT id, c FROM sbtest%d WHERE id BETWEEN 4624581 AND 4624681
explain: for range-notcovered :: explain SELECT id, c FROM sbtest%d WHERE id BETWEEN 6487871 AND 6487971
for range-notcovered
table 1 : explain SELECT id, c FROM sbtest1 WHERE id BETWEEN 7721073 AND 7721173
	Index Scan using sbtest1_pkey on sbtest1  (cost=0.43..397.06 rows=100 width=125)
	  Index Cond: ((id >= 7721073) AND (id <= 7721173))

table 2 : explain SELECT id, c FROM sbtest2 WHERE id BETWEEN 7721073 AND 7721173
	Index Scan using sbtest2_pkey on sbtest2  (cost=0.43..381.09 rows=96 width=125)
	  Index Cond: ((id >= 7721073) AND (id <= 7721173))

table 3 : explain SELECT id, c FROM sbtest3 WHERE id BETWEEN 7721073 AND 7721173
	Index Scan using sbtest3_pkey on sbtest3  (cost=0.43..418.17 rows=105 width=125)
	  Index Cond: ((id >= 7721073) AND (id <= 7721173))

table 4 : explain SELECT id, c FROM sbtest4 WHERE id BETWEEN 7721073 AND 7721173
	Index Scan using sbtest4_pkey on sbtest4  (cost=0.43..410.09 rows=103 width=125)
	  Index Cond: ((id >= 7721073) AND (id <= 7721173))

table 5 : explain SELECT id, c FROM sbtest5 WHERE id BETWEEN 7721073 AND 7721173
	Index Scan using sbtest5_pkey on sbtest5  (cost=0.43..415.75 rows=105 width=125)
	  Index Cond: ((id >= 7721073) AND (id <= 7721173))

table 6 : explain SELECT id, c FROM sbtest6 WHERE id BETWEEN 7721073 AND 7721173
	Index Scan using sbtest6_pkey on sbtest6  (cost=0.43..416.83 rows=105 width=125)
	  Index Cond: ((id >= 7721073) AND (id <= 7721173))

table 7 : explain SELECT id, c FROM sbtest7 WHERE id BETWEEN 7721073 AND 7721173
	Index Scan using sbtest7_pkey on sbtest7  (cost=0.43..380.85 rows=96 width=125)
	  Index Cond: ((id >= 7721073) AND (id <= 7721173))

table 8 : explain SELECT id, c FROM sbtest8 WHERE id BETWEEN 7721073 AND 7721173
	Index Scan using sbtest8_pkey on sbtest8  (cost=0.43..444.12 rows=112 width=125)
	  Index Cond: ((id >= 7721073) AND (id <= 7721173))

explain: for range-notcovered :: explain SELECT id, c FROM sbtest%d WHERE id BETWEEN 7721073 AND 7721173
for range-notcovered
table 1 : explain SELECT id, c FROM sbtest1 WHERE id BETWEEN 4624581 AND 4624681
	Index Scan using sbtest1_pkey on sbtest1  (cost=0.43..428.45 rows=108 width=125)
	  Index Cond: ((id >= 4624581) AND (id <= 4624681))

table 2 : explain SELECT id, c FROM sbtest2 WHERE id BETWEEN 4624581 AND 4624681
	Index Scan using sbtest2_pkey on sbtest2  (cost=0.43..436.00 rows=110 width=125)
	  Index Cond: ((id >= 4624581) AND (id <= 4624681))

table 3 : explain SELECT id, c FROM sbtest3 WHERE id BETWEEN 4624581 AND 4624681
	Index Scan using sbtest3_pkey on sbtest3  (cost=0.43..382.72 rows=96 width=125)
	  Index Cond: ((id >= 4624581) AND (id <= 4624681))

table 4 : explain SELECT id, c FROM sbtest4 WHERE id BETWEEN 4624581 AND 4624681
	Index Scan using sbtest4_pkey on sbtest4  (cost=0.43..394.35 rows=99 width=125)
	  Index Cond: ((id >= 4624581) AND (id <= 4624681))

table 5 : explain SELECT id, c FROM sbtest5 WHERE id BETWEEN 4624581 AND 4624681
	Index Scan using sbtest5_pkey on sbtest5  (cost=0.43..388.34 rows=98 width=125)
	  Index Cond: ((id >= 4624581) AND (id <= 4624681))

table 6 : explain SELECT id, c FROM sbtest6 WHERE id BETWEEN 4624581 AND 4624681
	Index Scan using sbtest6_pkey on sbtest6  (cost=0.43..385.42 rows=97 width=125)
	  Index Cond: ((id >= 4624581) AND (id <= 4624681))

table 7 : explain SELECT id, c FROM sbtest7 WHERE id BETWEEN 4624581 AND 4624681
	Index Scan using sbtest7_pkey on sbtest7  (cost=0.43..439.63 rows=111 width=125)
	  Index Cond: ((id >= 4624581) AND (id <= 4624681))

table 8 : explain SELECT id, c FROM sbtest8 WHERE id BETWEEN 4624581 AND 4624681
	Index Scan using sbtest8_pkey on sbtest8  (cost=0.43..381.33 rows=96 width=125)
	  Index Cond: ((id >= 4624581) AND (id <= 4624681))

explain: for range-notcovered :: explain SELECT id, c FROM sbtest%d WHERE id BETWEEN 4624581 AND 4624681
explain: for range-notcovered :: explain SELECT id, c FROM sbtest%d WHERE id BETWEEN 6958765 AND 6958865
for range-notcovered
table 1 : explain SELECT id, c FROM sbtest1 WHERE id BETWEEN 4624581 AND 4624681
	Index Scan using sbtest1_pkey on sbtest1  (cost=0.43..428.45 rows=108 width=125)
	  Index Cond: ((id >= 4624581) AND (id <= 4624681))

table 2 : explain SELECT id, c FROM sbtest2 WHERE id BETWEEN 4624581 AND 4624681
	Index Scan using sbtest2_pkey on sbtest2  (cost=0.43..436.00 rows=110 width=125)
	  Index Cond: ((id >= 4624581) AND (id <= 4624681))

table 3 : explain SELECT id, c FROM sbtest3 WHERE id BETWEEN 4624581 AND 4624681
	Index Scan using sbtest3_pkey on sbtest3  (cost=0.43..382.72 rows=96 width=125)
	  Index Cond: ((id >= 4624581) AND (id <= 4624681))

table 4 : explain SELECT id, c FROM sbtest4 WHERE id BETWEEN 4624581 AND 4624681
	Index Scan using sbtest4_pkey on sbtest4  (cost=0.43..394.35 rows=99 width=125)
	  Index Cond: ((id >= 4624581) AND (id <= 4624681))

table 5 : explain SELECT id, c FROM sbtest5 WHERE id BETWEEN 4624581 AND 4624681
	Index Scan using sbtest5_pkey on sbtest5  (cost=0.43..388.34 rows=98 width=125)
	  Index Cond: ((id >= 4624581) AND (id <= 4624681))

table 6 : explain SELECT id, c FROM sbtest6 WHERE id BETWEEN 4624581 AND 4624681
	Index Scan using sbtest6_pkey on sbtest6  (cost=0.43..385.42 rows=97 width=125)
	  Index Cond: ((id >= 4624581) AND (id <= 4624681))

table 7 : explain SELECT id, c FROM sbtest7 WHERE id BETWEEN 4624581 AND 4624681
	Index Scan using sbtest7_pkey on sbtest7  (cost=0.43..439.63 rows=111 width=125)
	  Index Cond: ((id >= 4624581) AND (id <= 4624681))

table 8 : explain SELECT id, c FROM sbtest8 WHERE id BETWEEN 4624581 AND 4624681
	Index Scan using sbtest8_pkey on sbtest8  (cost=0.43..381.33 rows=96 width=125)
	  Index Cond: ((id >= 4624581) AND (id <= 4624681))

for range-notcovered
table 1 : explain SELECT id, c FROM sbtest1 WHERE id BETWEEN 6487871 AND 6487971
	Index Scan using sbtest1_pkey on sbtest1  (cost=0.43..373.49 rows=94 width=125)
	  Index Cond: ((id >= 6487871) AND (id <= 6487971))

table 2 : explain SELECT id, c FROM sbtest2 WHERE id BETWEEN 6487871 AND 6487971
	Index Scan using sbtest2_pkey on sbtest2  (cost=0.43..381.09 rows=96 width=125)
	  Index Cond: ((id >= 6487871) AND (id <= 6487971))

table 3 : explain SELECT id, c FROM sbtest3 WHERE id BETWEEN 6487871 AND 6487971
	Index Scan using sbtest3_pkey on sbtest3  (cost=0.43..414.23 rows=104 width=125)
	  Index Cond: ((id >= 6487871) AND (id <= 6487971))

table 4 : explain SELECT id, c FROM sbtest4 WHERE id BETWEEN 6487871 AND 6487971
	Index Scan using sbtest4_pkey on sbtest4  (cost=0.43..398.28 rows=100 width=125)
	  Index Cond: ((id >= 6487871) AND (id <= 6487971))

table 5 : explain SELECT id, c FROM sbtest5 WHERE id BETWEEN 6487871 AND 6487971
	Index Scan using sbtest5_pkey on sbtest5  (cost=0.43..415.75 rows=105 width=125)
	  Index Cond: ((id >= 6487871) AND (id <= 6487971))

table 6 : explain SELECT id, c FROM sbtest6 WHERE id BETWEEN 6487871 AND 6487971
	Index Scan using sbtest6_pkey on sbtest6  (cost=0.43..377.57 rows=95 width=125)
	  Index Cond: ((id >= 6487871) AND (id <= 6487971))

table 7 : explain SELECT id, c FROM sbtest7 WHERE id BETWEEN 6487871 AND 6487971
	Index Scan using sbtest7_pkey on sbtest7  (cost=0.43..384.77 rows=97 width=125)
	  Index Cond: ((id >= 6487871) AND (id <= 6487971))

table 8 : explain SELECT id, c FROM sbtest8 WHERE id BETWEEN 6487871 AND 6487971
	Index Scan using sbtest8_pkey on sbtest8  (cost=0.43..393.10 rows=99 width=125)
	  Index Cond: ((id >= 6487871) AND (id <= 6487971))

explain: for range-notcovered :: explain SELECT id, c FROM sbtest%d WHERE id BETWEEN 4624581 AND 4624681
explain: for range-notcovered :: explain SELECT id, c FROM sbtest%d WHERE id BETWEEN 6487871 AND 6487971
for range-notcovered
table 1 : explain SELECT id, c FROM sbtest1 WHERE id BETWEEN 7721073 AND 7721173
	Index Scan using sbtest1_pkey on sbtest1  (cost=0.43..397.06 rows=100 width=125)
	  Index Cond: ((id >= 7721073) AND (id <= 7721173))

table 2 : explain SELECT id, c FROM sbtest2 WHERE id BETWEEN 7721073 AND 7721173
	Index Scan using sbtest2_pkey on sbtest2  (cost=0.43..381.09 rows=96 width=125)
	  Index Cond: ((id >= 7721073) AND (id <= 7721173))

table 3 : explain SELECT id, c FROM sbtest3 WHERE id BETWEEN 7721073 AND 7721173
	Index Scan using sbtest3_pkey on sbtest3  (cost=0.43..418.17 rows=105 width=125)
	  Index Cond: ((id >= 7721073) AND (id <= 7721173))

table 4 : explain SELECT id, c FROM sbtest4 WHERE id BETWEEN 7721073 AND 7721173
	Index Scan using sbtest4_pkey on sbtest4  (cost=0.43..410.09 rows=103 width=125)
	  Index Cond: ((id >= 7721073) AND (id <= 7721173))

table 5 : explain SELECT id, c FROM sbtest5 WHERE id BETWEEN 7721073 AND 7721173
	Index Scan using sbtest5_pkey on sbtest5  (cost=0.43..415.75 rows=105 width=125)
	  Index Cond: ((id >= 7721073) AND (id <= 7721173))

table 6 : explain SELECT id, c FROM sbtest6 WHERE id BETWEEN 7721073 AND 7721173
	Index Scan using sbtest6_pkey on sbtest6  (cost=0.43..416.83 rows=105 width=125)
	  Index Cond: ((id >= 7721073) AND (id <= 7721173))

table 7 : explain SELECT id, c FROM sbtest7 WHERE id BETWEEN 7721073 AND 7721173
	Index Scan using sbtest7_pkey on sbtest7  (cost=0.43..380.85 rows=96 width=125)
	  Index Cond: ((id >= 7721073) AND (id <= 7721173))

table 8 : explain SELECT id, c FROM sbtest8 WHERE id BETWEEN 7721073 AND 7721173
	Index Scan using sbtest8_pkey on sbtest8  (cost=0.43..444.12 rows=112 width=125)
	  Index Cond: ((id >= 7721073) AND (id <= 7721173))

explain: for range-notcovered :: explain SELECT id, c FROM sbtest%d WHERE id BETWEEN 7721073 AND 7721173
for range-notcovered
table 1 : explain SELECT id, c FROM sbtest1 WHERE id BETWEEN 930160 AND 930260
	Index Scan using sbtest1_pkey on sbtest1  (cost=0.43..440.23 rows=111 width=125)
	  Index Cond: ((id >= 930160) AND (id <= 930260))

table 2 : explain SELECT id, c FROM sbtest2 WHERE id BETWEEN 930160 AND 930260
	Index Scan using sbtest2_pkey on sbtest2  (cost=0.43..388.93 rows=98 width=125)
	  Index Cond: ((id >= 930160) AND (id <= 930260))

table 3 : explain SELECT id, c FROM sbtest3 WHERE id BETWEEN 930160 AND 930260
	Index Scan using sbtest3_pkey on sbtest3  (cost=0.43..374.82 rows=94 width=125)
	  Index Cond: ((id >= 930160) AND (id <= 930260))

table 4 : explain SELECT id, c FROM sbtest4 WHERE id BETWEEN 930160 AND 930260
	Index Scan using sbtest4_pkey on sbtest4  (cost=0.43..386.47 rows=97 width=125)
	  Index Cond: ((id >= 930160) AND (id <= 930260))

table 5 : explain SELECT id, c FROM sbtest5 WHERE id BETWEEN 930160 AND 930260
	Index Scan using sbtest5_pkey on sbtest5  (cost=0.43..392.26 rows=99 width=125)
	  Index Cond: ((id >= 930160) AND (id <= 930260))

table 6 : explain SELECT id, c FROM sbtest6 WHERE id BETWEEN 930160 AND 930260
	Index Scan using sbtest6_pkey on sbtest6  (cost=0.43..432.53 rows=109 width=125)
	  Index Cond: ((id >= 930160) AND (id <= 930260))

table 7 : explain SELECT id, c FROM sbtest7 WHERE id BETWEEN 930160 AND 930260
	Index Scan using sbtest7_pkey on sbtest7  (cost=0.43..416.12 rows=105 width=125)
	  Index Cond: ((id >= 930160) AND (id <= 930260))

table 8 : explain SELECT id, c FROM sbtest8 WHERE id BETWEEN 930160 AND 930260
	Index Scan using sbtest8_pkey on sbtest8  (cost=0.43..393.10 rows=99 width=125)
	  Index Cond: ((id >= 930160) AND (id <= 930260))

for range-notcovered
table 1 : explain SELECT id, c FROM sbtest1 WHERE id BETWEEN 4624581 AND 4624681
	Index Scan using sbtest1_pkey on sbtest1  (cost=0.43..428.45 rows=108 width=125)
	  Index Cond: ((id >= 4624581) AND (id <= 4624681))

table 2 : explain SELECT id, c FROM sbtest2 WHERE id BETWEEN 4624581 AND 4624681
	Index Scan using sbtest2_pkey on sbtest2  (cost=0.43..436.00 rows=110 width=125)
	  Index Cond: ((id >= 4624581) AND (id <= 4624681))

table 3 : explain SELECT id, c FROM sbtest3 WHERE id BETWEEN 4624581 AND 4624681
	Index Scan using sbtest3_pkey on sbtest3  (cost=0.43..382.72 rows=96 width=125)
	  Index Cond: ((id >= 4624581) AND (id <= 4624681))

table 4 : explain SELECT id, c FROM sbtest4 WHERE id BETWEEN 4624581 AND 4624681
	Index Scan using sbtest4_pkey on sbtest4  (cost=0.43..394.35 rows=99 width=125)
	  Index Cond: ((id >= 4624581) AND (id <= 4624681))

table 5 : explain SELECT id, c FROM sbtest5 WHERE id BETWEEN 4624581 AND 4624681
	Index Scan using sbtest5_pkey on sbtest5  (cost=0.43..388.34 rows=98 width=125)
	  Index Cond: ((id >= 4624581) AND (id <= 4624681))

table 6 : explain SELECT id, c FROM sbtest6 WHERE id BETWEEN 4624581 AND 4624681
	Index Scan using sbtest6_pkey on sbtest6  (cost=0.43..385.42 rows=97 width=125)
	  Index Cond: ((id >= 4624581) AND (id <= 4624681))

table 7 : explain SELECT id, c FROM sbtest7 WHERE id BETWEEN 4624581 AND 4624681
	Index Scan using sbtest7_pkey on sbtest7  (cost=0.43..439.63 rows=111 width=125)
	  Index Cond: ((id >= 4624581) AND (id <= 4624681))

table 8 : explain SELECT id, c FROM sbtest8 WHERE id BETWEEN 4624581 AND 4624681
	Index Scan using sbtest8_pkey on sbtest8  (cost=0.43..381.33 rows=96 width=125)
	  Index Cond: ((id >= 4624581) AND (id <= 4624681))

explain: for range-notcovered :: explain SELECT id, c FROM sbtest%d WHERE id BETWEEN 4624581 AND 4624681
explain: for range-notcovered :: explain SELECT id, c FROM sbtest%d WHERE id BETWEEN 930160 AND 930260
for range-notcovered
table 1 : explain SELECT id, c FROM sbtest1 WHERE id BETWEEN 7721073 AND 7721173
	Index Scan using sbtest1_pkey on sbtest1  (cost=0.43..397.06 rows=100 width=125)
	  Index Cond: ((id >= 7721073) AND (id <= 7721173))

table 2 : explain SELECT id, c FROM sbtest2 WHERE id BETWEEN 7721073 AND 7721173
	Index Scan using sbtest2_pkey on sbtest2  (cost=0.43..381.09 rows=96 width=125)
	  Index Cond: ((id >= 7721073) AND (id <= 7721173))

table 3 : explain SELECT id, c FROM sbtest3 WHERE id BETWEEN 7721073 AND 7721173
	Index Scan using sbtest3_pkey on sbtest3  (cost=0.43..418.17 rows=105 width=125)
	  Index Cond: ((id >= 7721073) AND (id <= 7721173))

table 4 : explain SELECT id, c FROM sbtest4 WHERE id BETWEEN 7721073 AND 7721173
	Index Scan using sbtest4_pkey on sbtest4  (cost=0.43..410.09 rows=103 width=125)
	  Index Cond: ((id >= 7721073) AND (id <= 7721173))

table 5 : explain SELECT id, c FROM sbtest5 WHERE id BETWEEN 7721073 AND 7721173
	Index Scan using sbtest5_pkey on sbtest5  (cost=0.43..415.75 rows=105 width=125)
	  Index Cond: ((id >= 7721073) AND (id <= 7721173))

table 6 : explain SELECT id, c FROM sbtest6 WHERE id BETWEEN 7721073 AND 7721173
	Index Scan using sbtest6_pkey on sbtest6  (cost=0.43..416.83 rows=105 width=125)
	  Index Cond: ((id >= 7721073) AND (id <= 7721173))

table 7 : explain SELECT id, c FROM sbtest7 WHERE id BETWEEN 7721073 AND 7721173
	Index Scan using sbtest7_pkey on sbtest7  (cost=0.43..380.85 rows=96 width=125)
	  Index Cond: ((id >= 7721073) AND (id <= 7721173))

table 8 : explain SELECT id, c FROM sbtest8 WHERE id BETWEEN 7721073 AND 7721173
	Index Scan using sbtest8_pkey on sbtest8  (cost=0.43..444.12 rows=112 width=125)
	  Index Cond: ((id >= 7721073) AND (id <= 7721173))

explain: for range-notcovered :: explain SELECT id, c FROM sbtest%d WHERE id BETWEEN 7721073 AND 7721173
for range-notcovered
table 1 : explain SELECT id, c FROM sbtest1 WHERE id BETWEEN 930160 AND 930260
	Index Scan using sbtest1_pkey on sbtest1  (cost=0.43..440.23 rows=111 width=125)
	  Index Cond: ((id >= 930160) AND (id <= 930260))

table 2 : explain SELECT id, c FROM sbtest2 WHERE id BETWEEN 930160 AND 930260
	Index Scan using sbtest2_pkey on sbtest2  (cost=0.43..388.93 rows=98 width=125)
	  Index Cond: ((id >= 930160) AND (id <= 930260))

table 3 : explain SELECT id, c FROM sbtest3 WHERE id BETWEEN 930160 AND 930260
	Index Scan using sbtest3_pkey on sbtest3  (cost=0.43..374.82 rows=94 width=125)
	  Index Cond: ((id >= 930160) AND (id <= 930260))

table 4 : explain SELECT id, c FROM sbtest4 WHERE id BETWEEN 930160 AND 930260
	Index Scan using sbtest4_pkey on sbtest4  (cost=0.43..386.47 rows=97 width=125)
	  Index Cond: ((id >= 930160) AND (id <= 930260))

table 5 : explain SELECT id, c FROM sbtest5 WHERE id BETWEEN 930160 AND 930260
	Index Scan using sbtest5_pkey on sbtest5  (cost=0.43..392.26 rows=99 width=125)
	  Index Cond: ((id >= 930160) AND (id <= 930260))

table 6 : explain SELECT id, c FROM sbtest6 WHERE id BETWEEN 930160 AND 930260
	Index Scan using sbtest6_pkey on sbtest6  (cost=0.43..432.53 rows=109 width=125)
	  Index Cond: ((id >= 930160) AND (id <= 930260))

table 7 : explain SELECT id, c FROM sbtest7 WHERE id BETWEEN 930160 AND 930260
	Index Scan using sbtest7_pkey on sbtest7  (cost=0.43..416.12 rows=105 width=125)
	  Index Cond: ((id >= 930160) AND (id <= 930260))

table 8 : explain SELECT id, c FROM sbtest8 WHERE id BETWEEN 930160 AND 930260
	Index Scan using sbtest8_pkey on sbtest8  (cost=0.43..393.10 rows=99 width=125)
	  Index Cond: ((id >= 930160) AND (id <= 930260))

explain: for range-notcovered :: explain SELECT id, c FROM sbtest%d WHERE id BETWEEN 930160 AND 930260
for range-notcovered
table 1 : explain SELECT id, c FROM sbtest1 WHERE id BETWEEN 4624581 AND 4624681
	Index Scan using sbtest1_pkey on sbtest1  (cost=0.43..428.45 rows=108 width=125)
	  Index Cond: ((id >= 4624581) AND (id <= 4624681))

table 2 : explain SELECT id, c FROM sbtest2 WHERE id BETWEEN 4624581 AND 4624681
	Index Scan using sbtest2_pkey on sbtest2  (cost=0.43..436.00 rows=110 width=125)
	  Index Cond: ((id >= 4624581) AND (id <= 4624681))

table 3 : explain SELECT id, c FROM sbtest3 WHERE id BETWEEN 4624581 AND 4624681
	Index Scan using sbtest3_pkey on sbtest3  (cost=0.43..382.72 rows=96 width=125)
	  Index Cond: ((id >= 4624581) AND (id <= 4624681))

table 4 : explain SELECT id, c FROM sbtest4 WHERE id BETWEEN 4624581 AND 4624681
	Index Scan using sbtest4_pkey on sbtest4  (cost=0.43..394.35 rows=99 width=125)
	  Index Cond: ((id >= 4624581) AND (id <= 4624681))

table 5 : explain SELECT id, c FROM sbtest5 WHERE id BETWEEN 4624581 AND 4624681
	Index Scan using sbtest5_pkey on sbtest5  (cost=0.43..388.34 rows=98 width=125)
	  Index Cond: ((id >= 4624581) AND (id <= 4624681))

table 6 : explain SELECT id, c FROM sbtest6 WHERE id BETWEEN 4624581 AND 4624681
	Index Scan using sbtest6_pkey on sbtest6  (cost=0.43..385.42 rows=97 width=125)
	  Index Cond: ((id >= 4624581) AND (id <= 4624681))

table 7 : explain SELECT id, c FROM sbtest7 WHERE id BETWEEN 4624581 AND 4624681
	Index Scan using sbtest7_pkey on sbtest7  (cost=0.43..439.63 rows=111 width=125)
	  Index Cond: ((id >= 4624581) AND (id <= 4624681))

table 8 : explain SELECT id, c FROM sbtest8 WHERE id BETWEEN 4624581 AND 4624681
	Index Scan using sbtest8_pkey on sbtest8  (cost=0.43..381.33 rows=96 width=125)
	  Index Cond: ((id >= 4624581) AND (id <= 4624681))

for range-notcovered
table 1 : explain SELECT id, c FROM sbtest1 WHERE id BETWEEN 6487871 AND 6487971
	Index Scan using sbtest1_pkey on sbtest1  (cost=0.43..373.49 rows=94 width=125)
	  Index Cond: ((id >= 6487871) AND (id <= 6487971))

table 2 : explain SELECT id, c FROM sbtest2 WHERE id BETWEEN 6487871 AND 6487971
	Index Scan using sbtest2_pkey on sbtest2  (cost=0.43..381.09 rows=96 width=125)
	  Index Cond: ((id >= 6487871) AND (id <= 6487971))

table 3 : explain SELECT id, c FROM sbtest3 WHERE id BETWEEN 6487871 AND 6487971
	Index Scan using sbtest3_pkey on sbtest3  (cost=0.43..414.23 rows=104 width=125)
	  Index Cond: ((id >= 6487871) AND (id <= 6487971))

table 4 : explain SELECT id, c FROM sbtest4 WHERE id BETWEEN 6487871 AND 6487971
	Index Scan using sbtest4_pkey on sbtest4  (cost=0.43..398.28 rows=100 width=125)
	  Index Cond: ((id >= 6487871) AND (id <= 6487971))

table 5 : explain SELECT id, c FROM sbtest5 WHERE id BETWEEN 6487871 AND 6487971
	Index Scan using sbtest5_pkey on sbtest5  (cost=0.43..415.75 rows=105 width=125)
	  Index Cond: ((id >= 6487871) AND (id <= 6487971))

table 6 : explain SELECT id, c FROM sbtest6 WHERE id BETWEEN 6487871 AND 6487971
	Index Scan using sbtest6_pkey on sbtest6  (cost=0.43..377.57 rows=95 width=125)
	  Index Cond: ((id >= 6487871) AND (id <= 6487971))

table 7 : explain SELECT id, c FROM sbtest7 WHERE id BETWEEN 6487871 AND 6487971
	Index Scan using sbtest7_pkey on sbtest7  (cost=0.43..384.77 rows=97 width=125)
	  Index Cond: ((id >= 6487871) AND (id <= 6487971))

table 8 : explain SELECT id, c FROM sbtest8 WHERE id BETWEEN 6487871 AND 6487971
	Index Scan using sbtest8_pkey on sbtest8  (cost=0.43..393.10 rows=99 width=125)
	  Index Cond: ((id >= 6487871) AND (id <= 6487971))

for range-notcovered
table 1 : explain SELECT id, c FROM sbtest1 WHERE id BETWEEN 930160 AND 930260
	Index Scan using sbtest1_pkey on sbtest1  (cost=0.43..440.23 rows=111 width=125)
	  Index Cond: ((id >= 930160) AND (id <= 930260))

table 2 : explain SELECT id, c FROM sbtest2 WHERE id BETWEEN 930160 AND 930260
	Index Scan using sbtest2_pkey on sbtest2  (cost=0.43..388.93 rows=98 width=125)
	  Index Cond: ((id >= 930160) AND (id <= 930260))

table 3 : explain SELECT id, c FROM sbtest3 WHERE id BETWEEN 930160 AND 930260
	Index Scan using sbtest3_pkey on sbtest3  (cost=0.43..374.82 rows=94 width=125)
	  Index Cond: ((id >= 930160) AND (id <= 930260))

table 4 : explain SELECT id, c FROM sbtest4 WHERE id BETWEEN 930160 AND 930260
	Index Scan using sbtest4_pkey on sbtest4  (cost=0.43..386.47 rows=97 width=125)
	  Index Cond: ((id >= 930160) AND (id <= 930260))

table 5 : explain SELECT id, c FROM sbtest5 WHERE id BETWEEN 930160 AND 930260
	Index Scan using sbtest5_pkey on sbtest5  (cost=0.43..392.26 rows=99 width=125)
	  Index Cond: ((id >= 930160) AND (id <= 930260))

table 6 : explain SELECT id, c FROM sbtest6 WHERE id BETWEEN 930160 AND 930260
	Index Scan using sbtest6_pkey on sbtest6  (cost=0.43..432.53 rows=109 width=125)
	  Index Cond: ((id >= 930160) AND (id <= 930260))

table 7 : explain SELECT id, c FROM sbtest7 WHERE id BETWEEN 930160 AND 930260
	Index Scan using sbtest7_pkey on sbtest7  (cost=0.43..416.12 rows=105 width=125)
	  Index Cond: ((id >= 930160) AND (id <= 930260))

table 8 : explain SELECT id, c FROM sbtest8 WHERE id BETWEEN 930160 AND 930260
	Index Scan using sbtest8_pkey on sbtest8  (cost=0.43..393.10 rows=99 width=125)
	  Index Cond: ((id >= 930160) AND (id <= 930260))

explain: for range-notcovered :: explain SELECT id, c FROM sbtest%d WHERE id BETWEEN 930160 AND 930260
explain: for range-notcovered :: explain SELECT id, c FROM sbtest%d WHERE id BETWEEN 6857437 AND 6857537
for range-notcovered
table 1 : explain SELECT id, c FROM sbtest1 WHERE id BETWEEN 7721073 AND 7721173
	Index Scan using sbtest1_pkey on sbtest1  (cost=0.43..397.06 rows=100 width=125)
	  Index Cond: ((id >= 7721073) AND (id <= 7721173))

table 2 : explain SELECT id, c FROM sbtest2 WHERE id BETWEEN 7721073 AND 7721173
	Index Scan using sbtest2_pkey on sbtest2  (cost=0.43..381.09 rows=96 width=125)
	  Index Cond: ((id >= 7721073) AND (id <= 7721173))

table 3 : explain SELECT id, c FROM sbtest3 WHERE id BETWEEN 7721073 AND 7721173
	Index Scan using sbtest3_pkey on sbtest3  (cost=0.43..418.17 rows=105 width=125)
	  Index Cond: ((id >= 7721073) AND (id <= 7721173))

table 4 : explain SELECT id, c FROM sbtest4 WHERE id BETWEEN 7721073 AND 7721173
	Index Scan using sbtest4_pkey on sbtest4  (cost=0.43..410.09 rows=103 width=125)
	  Index Cond: ((id >= 7721073) AND (id <= 7721173))

table 5 : explain SELECT id, c FROM sbtest5 WHERE id BETWEEN 7721073 AND 7721173
	Index Scan using sbtest5_pkey on sbtest5  (cost=0.43..415.75 rows=105 width=125)
	  Index Cond: ((id >= 7721073) AND (id <= 7721173))

table 6 : explain SELECT id, c FROM sbtest6 WHERE id BETWEEN 7721073 AND 7721173
	Index Scan using sbtest6_pkey on sbtest6  (cost=0.43..416.83 rows=105 width=125)
	  Index Cond: ((id >= 7721073) AND (id <= 7721173))

table 7 : explain SELECT id, c FROM sbtest7 WHERE id BETWEEN 7721073 AND 7721173
	Index Scan using sbtest7_pkey on sbtest7  (cost=0.43..380.85 rows=96 width=125)
	  Index Cond: ((id >= 7721073) AND (id <= 7721173))

table 8 : explain SELECT id, c FROM sbtest8 WHERE id BETWEEN 7721073 AND 7721173
	Index Scan using sbtest8_pkey on sbtest8  (cost=0.43..444.12 rows=112 width=125)
	  Index Cond: ((id >= 7721073) AND (id <= 7721173))

for range-notcovered
table 1 : explain SELECT id, c FROM sbtest1 WHERE id BETWEEN 6958765 AND 6958865
	Index Scan using sbtest1_pkey on sbtest1  (cost=0.43..408.83 rows=103 width=125)
	  Index Cond: ((id >= 6958765) AND (id <= 6958865))

table 2 : explain SELECT id, c FROM sbtest2 WHERE id BETWEEN 6958765 AND 6958865
	Index Scan using sbtest2_pkey on sbtest2  (cost=0.43..385.01 rows=97 width=125)
	  Index Cond: ((id >= 6958765) AND (id <= 6958865))

table 3 : explain SELECT id, c FROM sbtest3 WHERE id BETWEEN 6958765 AND 6958865
	Index Scan using sbtest3_pkey on sbtest3  (cost=0.43..390.59 rows=98 width=125)
	  Index Cond: ((id >= 6958765) AND (id <= 6958865))

table 4 : explain SELECT id, c FROM sbtest4 WHERE id BETWEEN 6958765 AND 6958865
	Index Scan using sbtest4_pkey on sbtest4  (cost=0.43..414.03 rows=104 width=125)
	  Index Cond: ((id >= 6958765) AND (id <= 6958865))

table 5 : explain SELECT id, c FROM sbtest5 WHERE id BETWEEN 6958765 AND 6958865
	Index Scan using sbtest5_pkey on sbtest5  (cost=0.43..380.51 rows=96 width=125)
	  Index Cond: ((id >= 6958765) AND (id <= 6958865))

table 6 : explain SELECT id, c FROM sbtest6 WHERE id BETWEEN 6958765 AND 6958865
	Index Scan using sbtest6_pkey on sbtest6  (cost=0.43..377.57 rows=95 width=125)
	  Index Cond: ((id >= 6958765) AND (id <= 6958865))

table 7 : explain SELECT id, c FROM sbtest7 WHERE id BETWEEN 6958765 AND 6958865
	Index Scan using sbtest7_pkey on sbtest7  (cost=0.43..380.85 rows=96 width=125)
	  Index Cond: ((id >= 6958765) AND (id <= 6958865))

table 8 : explain SELECT id, c FROM sbtest8 WHERE id BETWEEN 6958765 AND 6958865
	Index Scan using sbtest8_pkey on sbtest8  (cost=0.43..420.57 rows=106 width=125)
	  Index Cond: ((id >= 6958765) AND (id <= 6958865))

explain: for range-notcovered :: explain SELECT id, c FROM sbtest%d WHERE id BETWEEN 6958765 AND 6958865
for range-notcovered
table 1 : explain SELECT id, c FROM sbtest1 WHERE id BETWEEN 6958765 AND 6958865
	Index Scan using sbtest1_pkey on sbtest1  (cost=0.43..408.83 rows=103 width=125)
	  Index Cond: ((id >= 6958765) AND (id <= 6958865))

table 2 : explain SELECT id, c FROM sbtest2 WHERE id BETWEEN 6958765 AND 6958865
	Index Scan using sbtest2_pkey on sbtest2  (cost=0.43..385.01 rows=97 width=125)
	  Index Cond: ((id >= 6958765) AND (id <= 6958865))

table 3 : explain SELECT id, c FROM sbtest3 WHERE id BETWEEN 6958765 AND 6958865
	Index Scan using sbtest3_pkey on sbtest3  (cost=0.43..390.59 rows=98 width=125)
	  Index Cond: ((id >= 6958765) AND (id <= 6958865))

table 4 : explain SELECT id, c FROM sbtest4 WHERE id BETWEEN 6958765 AND 6958865
	Index Scan using sbtest4_pkey on sbtest4  (cost=0.43..414.03 rows=104 width=125)
	  Index Cond: ((id >= 6958765) AND (id <= 6958865))

table 5 : explain SELECT id, c FROM sbtest5 WHERE id BETWEEN 6958765 AND 6958865
	Index Scan using sbtest5_pkey on sbtest5  (cost=0.43..380.51 rows=96 width=125)
	  Index Cond: ((id >= 6958765) AND (id <= 6958865))

table 6 : explain SELECT id, c FROM sbtest6 WHERE id BETWEEN 6958765 AND 6958865
	Index Scan using sbtest6_pkey on sbtest6  (cost=0.43..377.57 rows=95 width=125)
	  Index Cond: ((id >= 6958765) AND (id <= 6958865))

table 7 : explain SELECT id, c FROM sbtest7 WHERE id BETWEEN 6958765 AND 6958865
	Index Scan using sbtest7_pkey on sbtest7  (cost=0.43..380.85 rows=96 width=125)
	  Index Cond: ((id >= 6958765) AND (id <= 6958865))

table 8 : explain SELECT id, c FROM sbtest8 WHERE id BETWEEN 6958765 AND 6958865
	Index Scan using sbtest8_pkey on sbtest8  (cost=0.43..420.57 rows=106 width=125)
	  Index Cond: ((id >= 6958765) AND (id <= 6958865))

for range-notcovered
table 1 : explain SELECT id, c FROM sbtest1 WHERE id BETWEEN 930160 AND 930260
	Index Scan using sbtest1_pkey on sbtest1  (cost=0.43..440.23 rows=111 width=125)
	  Index Cond: ((id >= 930160) AND (id <= 930260))

table 2 : explain SELECT id, c FROM sbtest2 WHERE id BETWEEN 930160 AND 930260
	Index Scan using sbtest2_pkey on sbtest2  (cost=0.43..388.93 rows=98 width=125)
	  Index Cond: ((id >= 930160) AND (id <= 930260))

table 3 : explain SELECT id, c FROM sbtest3 WHERE id BETWEEN 930160 AND 930260
	Index Scan using sbtest3_pkey on sbtest3  (cost=0.43..374.82 rows=94 width=125)
	  Index Cond: ((id >= 930160) AND (id <= 930260))

table 4 : explain SELECT id, c FROM sbtest4 WHERE id BETWEEN 930160 AND 930260
	Index Scan using sbtest4_pkey on sbtest4  (cost=0.43..386.47 rows=97 width=125)
	  Index Cond: ((id >= 930160) AND (id <= 930260))

table 5 : explain SELECT id, c FROM sbtest5 WHERE id BETWEEN 930160 AND 930260
	Index Scan using sbtest5_pkey on sbtest5  (cost=0.43..392.26 rows=99 width=125)
	  Index Cond: ((id >= 930160) AND (id <= 930260))

table 6 : explain SELECT id, c FROM sbtest6 WHERE id BETWEEN 930160 AND 930260
	Index Scan using sbtest6_pkey on sbtest6  (cost=0.43..432.53 rows=109 width=125)
	  Index Cond: ((id >= 930160) AND (id <= 930260))

table 7 : explain SELECT id, c FROM sbtest7 WHERE id BETWEEN 930160 AND 930260
	Index Scan using sbtest7_pkey on sbtest7  (cost=0.43..416.12 rows=105 width=125)
	  Index Cond: ((id >= 930160) AND (id <= 930260))

table 8 : explain SELECT id, c FROM sbtest8 WHERE id BETWEEN 930160 AND 930260
	Index Scan using sbtest8_pkey on sbtest8  (cost=0.43..393.10 rows=99 width=125)
	  Index Cond: ((id >= 930160) AND (id <= 930260))

explain: for range-notcovered :: explain SELECT id, c FROM sbtest%d WHERE id BETWEEN 6958765 AND 6958865
explain: for range-notcovered :: explain SELECT id, c FROM sbtest%d WHERE id BETWEEN 4616874 AND 4616974
explain: for range-notcovered :: explain SELECT id, c FROM sbtest%d WHERE id BETWEEN 3898292 AND 3898392
for range-notcovered
table 1 : explain SELECT id, c FROM sbtest1 WHERE id BETWEEN 6958765 AND 6958865
	Index Scan using sbtest1_pkey on sbtest1  (cost=0.43..408.83 rows=103 width=125)
	  Index Cond: ((id >= 6958765) AND (id <= 6958865))

table 2 : explain SELECT id, c FROM sbtest2 WHERE id BETWEEN 6958765 AND 6958865
	Index Scan using sbtest2_pkey on sbtest2  (cost=0.43..385.01 rows=97 width=125)
	  Index Cond: ((id >= 6958765) AND (id <= 6958865))

table 3 : explain SELECT id, c FROM sbtest3 WHERE id BETWEEN 6958765 AND 6958865
	Index Scan using sbtest3_pkey on sbtest3  (cost=0.43..390.59 rows=98 width=125)
	  Index Cond: ((id >= 6958765) AND (id <= 6958865))

table 4 : explain SELECT id, c FROM sbtest4 WHERE id BETWEEN 6958765 AND 6958865
	Index Scan using sbtest4_pkey on sbtest4  (cost=0.43..414.03 rows=104 width=125)
	  Index Cond: ((id >= 6958765) AND (id <= 6958865))

table 5 : explain SELECT id, c FROM sbtest5 WHERE id BETWEEN 6958765 AND 6958865
	Index Scan using sbtest5_pkey on sbtest5  (cost=0.43..380.51 rows=96 width=125)
	  Index Cond: ((id >= 6958765) AND (id <= 6958865))

table 6 : explain SELECT id, c FROM sbtest6 WHERE id BETWEEN 6958765 AND 6958865
	Index Scan using sbtest6_pkey on sbtest6  (cost=0.43..377.57 rows=95 width=125)
	  Index Cond: ((id >= 6958765) AND (id <= 6958865))

table 7 : explain SELECT id, c FROM sbtest7 WHERE id BETWEEN 6958765 AND 6958865
	Index Scan using sbtest7_pkey on sbtest7  (cost=0.43..380.85 rows=96 width=125)
	  Index Cond: ((id >= 6958765) AND (id <= 6958865))

table 8 : explain SELECT id, c FROM sbtest8 WHERE id BETWEEN 6958765 AND 6958865
	Index Scan using sbtest8_pkey on sbtest8  (cost=0.43..420.57 rows=106 width=125)
	  Index Cond: ((id >= 6958765) AND (id <= 6958865))

explain: for range-notcovered :: explain SELECT id, c FROM sbtest%d WHERE id BETWEEN 6958765 AND 6958865
for range-notcovered
table 1 : explain SELECT id, c FROM sbtest1 WHERE id BETWEEN 6958765 AND 6958865
	Index Scan using sbtest1_pkey on sbtest1  (cost=0.43..408.83 rows=103 width=125)
	  Index Cond: ((id >= 6958765) AND (id <= 6958865))

table 2 : explain SELECT id, c FROM sbtest2 WHERE id BETWEEN 6958765 AND 6958865
	Index Scan using sbtest2_pkey on sbtest2  (cost=0.43..385.01 rows=97 width=125)
	  Index Cond: ((id >= 6958765) AND (id <= 6958865))

table 3 : explain SELECT id, c FROM sbtest3 WHERE id BETWEEN 6958765 AND 6958865
	Index Scan using sbtest3_pkey on sbtest3  (cost=0.43..390.59 rows=98 width=125)
	  Index Cond: ((id >= 6958765) AND (id <= 6958865))

table 4 : explain SELECT id, c FROM sbtest4 WHERE id BETWEEN 6958765 AND 6958865
	Index Scan using sbtest4_pkey on sbtest4  (cost=0.43..414.03 rows=104 width=125)
	  Index Cond: ((id >= 6958765) AND (id <= 6958865))

table 5 : explain SELECT id, c FROM sbtest5 WHERE id BETWEEN 6958765 AND 6958865
	Index Scan using sbtest5_pkey on sbtest5  (cost=0.43..380.51 rows=96 width=125)
	  Index Cond: ((id >= 6958765) AND (id <= 6958865))

table 6 : explain SELECT id, c FROM sbtest6 WHERE id BETWEEN 6958765 AND 6958865
	Index Scan using sbtest6_pkey on sbtest6  (cost=0.43..377.57 rows=95 width=125)
	  Index Cond: ((id >= 6958765) AND (id <= 6958865))

table 7 : explain SELECT id, c FROM sbtest7 WHERE id BETWEEN 6958765 AND 6958865
	Index Scan using sbtest7_pkey on sbtest7  (cost=0.43..380.85 rows=96 width=125)
	  Index Cond: ((id >= 6958765) AND (id <= 6958865))

table 8 : explain SELECT id, c FROM sbtest8 WHERE id BETWEEN 6958765 AND 6958865
	Index Scan using sbtest8_pkey on sbtest8  (cost=0.43..420.57 rows=106 width=125)
	  Index Cond: ((id >= 6958765) AND (id <= 6958865))

explain: for range-notcovered :: explain SELECT id, c FROM sbtest%d WHERE id BETWEEN 6958765 AND 6958865
for range-notcovered
table 1 : explain SELECT id, c FROM sbtest1 WHERE id BETWEEN 6958765 AND 6958865
	Index Scan using sbtest1_pkey on sbtest1  (cost=0.43..408.83 rows=103 width=125)
	  Index Cond: ((id >= 6958765) AND (id <= 6958865))

table 2 : explain SELECT id, c FROM sbtest2 WHERE id BETWEEN 6958765 AND 6958865
	Index Scan using sbtest2_pkey on sbtest2  (cost=0.43..385.01 rows=97 width=125)
	  Index Cond: ((id >= 6958765) AND (id <= 6958865))

table 3 : explain SELECT id, c FROM sbtest3 WHERE id BETWEEN 6958765 AND 6958865
	Index Scan using sbtest3_pkey on sbtest3  (cost=0.43..390.59 rows=98 width=125)
	  Index Cond: ((id >= 6958765) AND (id <= 6958865))

table 4 : explain SELECT id, c FROM sbtest4 WHERE id BETWEEN 6958765 AND 6958865
	Index Scan using sbtest4_pkey on sbtest4  (cost=0.43..414.03 rows=104 width=125)
	  Index Cond: ((id >= 6958765) AND (id <= 6958865))

table 5 : explain SELECT id, c FROM sbtest5 WHERE id BETWEEN 6958765 AND 6958865
	Index Scan using sbtest5_pkey on sbtest5  (cost=0.43..380.51 rows=96 width=125)
	  Index Cond: ((id >= 6958765) AND (id <= 6958865))

table 6 : explain SELECT id, c FROM sbtest6 WHERE id BETWEEN 6958765 AND 6958865
	Index Scan using sbtest6_pkey on sbtest6  (cost=0.43..377.57 rows=95 width=125)
	  Index Cond: ((id >= 6958765) AND (id <= 6958865))

table 7 : explain SELECT id, c FROM sbtest7 WHERE id BETWEEN 6958765 AND 6958865
	Index Scan using sbtest7_pkey on sbtest7  (cost=0.43..380.85 rows=96 width=125)
	  Index Cond: ((id >= 6958765) AND (id <= 6958865))

table 8 : explain SELECT id, c FROM sbtest8 WHERE id BETWEEN 6958765 AND 6958865
	Index Scan using sbtest8_pkey on sbtest8  (cost=0.43..420.57 rows=106 width=125)
	  Index Cond: ((id >= 6958765) AND (id <= 6958865))

explain: for range-notcovered :: explain SELECT id, c FROM sbtest%d WHERE id BETWEEN 6958765 AND 6958865
explain: for range-notcovered :: explain SELECT id, c FROM sbtest%d WHERE id BETWEEN 3664995 AND 3665095
explain: for range-notcovered :: explain SELECT id, c FROM sbtest%d WHERE id BETWEEN 4013656 AND 4013756
for range-notcovered
table 1 : explain SELECT id, c FROM sbtest1 WHERE id BETWEEN 6958765 AND 6958865
	Index Scan using sbtest1_pkey on sbtest1  (cost=0.43..408.83 rows=103 width=125)
	  Index Cond: ((id >= 6958765) AND (id <= 6958865))

table 2 : explain SELECT id, c FROM sbtest2 WHERE id BETWEEN 6958765 AND 6958865
	Index Scan using sbtest2_pkey on sbtest2  (cost=0.43..385.01 rows=97 width=125)
	  Index Cond: ((id >= 6958765) AND (id <= 6958865))

table 3 : explain SELECT id, c FROM sbtest3 WHERE id BETWEEN 6958765 AND 6958865
	Index Scan using sbtest3_pkey on sbtest3  (cost=0.43..390.59 rows=98 width=125)
	  Index Cond: ((id >= 6958765) AND (id <= 6958865))

table 4 : explain SELECT id, c FROM sbtest4 WHERE id BETWEEN 6958765 AND 6958865
	Index Scan using sbtest4_pkey on sbtest4  (cost=0.43..414.03 rows=104 width=125)
	  Index Cond: ((id >= 6958765) AND (id <= 6958865))

table 5 : explain SELECT id, c FROM sbtest5 WHERE id BETWEEN 6958765 AND 6958865
	Index Scan using sbtest5_pkey on sbtest5  (cost=0.43..380.51 rows=96 width=125)
	  Index Cond: ((id >= 6958765) AND (id <= 6958865))

table 6 : explain SELECT id, c FROM sbtest6 WHERE id BETWEEN 6958765 AND 6958865
	Index Scan using sbtest6_pkey on sbtest6  (cost=0.43..377.57 rows=95 width=125)
	  Index Cond: ((id >= 6958765) AND (id <= 6958865))

table 7 : explain SELECT id, c FROM sbtest7 WHERE id BETWEEN 6958765 AND 6958865
	Index Scan using sbtest7_pkey on sbtest7  (cost=0.43..380.85 rows=96 width=125)
	  Index Cond: ((id >= 6958765) AND (id <= 6958865))

table 8 : explain SELECT id, c FROM sbtest8 WHERE id BETWEEN 6958765 AND 6958865
	Index Scan using sbtest8_pkey on sbtest8  (cost=0.43..420.57 rows=106 width=125)
	  Index Cond: ((id >= 6958765) AND (id <= 6958865))

explain: for range-notcovered :: explain SELECT id, c FROM sbtest%d WHERE id BETWEEN 5329734 AND 5329834
explain: for range-notcovered :: explain SELECT id, c FROM sbtest%d WHERE id BETWEEN 6958765 AND 6958865
for range-notcovered
table 1 : explain SELECT id, c FROM sbtest1 WHERE id BETWEEN 6958765 AND 6958865
	Index Scan using sbtest1_pkey on sbtest1  (cost=0.43..408.83 rows=103 width=125)
	  Index Cond: ((id >= 6958765) AND (id <= 6958865))

table 2 : explain SELECT id, c FROM sbtest2 WHERE id BETWEEN 6958765 AND 6958865
	Index Scan using sbtest2_pkey on sbtest2  (cost=0.43..385.01 rows=97 width=125)
	  Index Cond: ((id >= 6958765) AND (id <= 6958865))

table 3 : explain SELECT id, c FROM sbtest3 WHERE id BETWEEN 6958765 AND 6958865
	Index Scan using sbtest3_pkey on sbtest3  (cost=0.43..390.59 rows=98 width=125)
	  Index Cond: ((id >= 6958765) AND (id <= 6958865))

table 4 : explain SELECT id, c FROM sbtest4 WHERE id BETWEEN 6958765 AND 6958865
	Index Scan using sbtest4_pkey on sbtest4  (cost=0.43..414.03 rows=104 width=125)
	  Index Cond: ((id >= 6958765) AND (id <= 6958865))

table 5 : explain SELECT id, c FROM sbtest5 WHERE id BETWEEN 6958765 AND 6958865
	Index Scan using sbtest5_pkey on sbtest5  (cost=0.43..380.51 rows=96 width=125)
	  Index Cond: ((id >= 6958765) AND (id <= 6958865))

table 6 : explain SELECT id, c FROM sbtest6 WHERE id BETWEEN 6958765 AND 6958865
	Index Scan using sbtest6_pkey on sbtest6  (cost=0.43..377.57 rows=95 width=125)
	  Index Cond: ((id >= 6958765) AND (id <= 6958865))

table 7 : explain SELECT id, c FROM sbtest7 WHERE id BETWEEN 6958765 AND 6958865
	Index Scan using sbtest7_pkey on sbtest7  (cost=0.43..380.85 rows=96 width=125)
	  Index Cond: ((id >= 6958765) AND (id <= 6958865))

table 8 : explain SELECT id, c FROM sbtest8 WHERE id BETWEEN 6958765 AND 6958865
	Index Scan using sbtest8_pkey on sbtest8  (cost=0.43..420.57 rows=106 width=125)
	  Index Cond: ((id >= 6958765) AND (id <= 6958865))

explain: for range-notcovered :: explain SELECT id, c FROM sbtest%d WHERE id BETWEEN 6958765 AND 6958865
explain: for range-notcovered :: explain SELECT id, c FROM sbtest%d WHERE id BETWEEN 1046155 AND 1046255
for range-notcovered
table 1 : explain SELECT id, c FROM sbtest1 WHERE id BETWEEN 3664995 AND 3665095
	Index Scan using sbtest1_pkey on sbtest1  (cost=0.43..416.68 rows=105 width=125)
	  Index Cond: ((id >= 3664995) AND (id <= 3665095))

table 2 : explain SELECT id, c FROM sbtest2 WHERE id BETWEEN 3664995 AND 3665095
	Index Scan using sbtest2_pkey on sbtest2  (cost=0.43..428.15 rows=108 width=125)
	  Index Cond: ((id >= 3664995) AND (id <= 3665095))

table 3 : explain SELECT id, c FROM sbtest3 WHERE id BETWEEN 3664995 AND 3665095
	Index Scan using sbtest3_pkey on sbtest3  (cost=0.43..406.35 rows=102 width=125)
	  Index Cond: ((id >= 3664995) AND (id <= 3665095))

table 4 : explain SELECT id, c FROM sbtest4 WHERE id BETWEEN 3664995 AND 3665095
	Index Scan using sbtest4_pkey on sbtest4  (cost=0.43..417.97 rows=105 width=125)
	  Index Cond: ((id >= 3664995) AND (id <= 3665095))

table 5 : explain SELECT id, c FROM sbtest5 WHERE id BETWEEN 3664995 AND 3665095
	Index Scan using sbtest5_pkey on sbtest5  (cost=0.43..415.75 rows=105 width=125)
	  Index Cond: ((id >= 3664995) AND (id <= 3665095))

table 6 : explain SELECT id, c FROM sbtest6 WHERE id BETWEEN 3664995 AND 3665095
	Index Scan using sbtest6_pkey on sbtest6  (cost=0.43..401.13 rows=101 width=125)
	  Index Cond: ((id >= 3664995) AND (id <= 3665095))

table 7 : explain SELECT id, c FROM sbtest7 WHERE id BETWEEN 3664995 AND 3665095
	Index Scan using sbtest7_pkey on sbtest7  (cost=0.43..420.04 rows=106 width=125)
	  Index Cond: ((id >= 3664995) AND (id <= 3665095))

table 8 : explain SELECT id, c FROM sbtest8 WHERE id BETWEEN 3664995 AND 3665095
	Index Scan using sbtest8_pkey on sbtest8  (cost=0.43..404.88 rows=102 width=125)
	  Index Cond: ((id >= 3664995) AND (id <= 3665095))

explain: for range-notcovered :: explain SELECT id, c FROM sbtest%d WHERE id BETWEEN 3664995 AND 3665095
for range-notcovered
table 1 : explain SELECT id, c FROM sbtest1 WHERE id BETWEEN 6857437 AND 6857537
	Index Scan using sbtest1_pkey on sbtest1  (cost=0.43..397.06 rows=100 width=125)
	  Index Cond: ((id >= 6857437) AND (id <= 6857537))

table 2 : explain SELECT id, c FROM sbtest2 WHERE id BETWEEN 6857437 AND 6857537
	Index Scan using sbtest2_pkey on sbtest2  (cost=0.43..373.22 rows=94 width=125)
	  Index Cond: ((id >= 6857437) AND (id <= 6857537))

table 3 : explain SELECT id, c FROM sbtest3 WHERE id BETWEEN 6857437 AND 6857537
	Index Scan using sbtest3_pkey on sbtest3  (cost=0.43..394.53 rows=99 width=125)
	  Index Cond: ((id >= 6857437) AND (id <= 6857537))

table 4 : explain SELECT id, c FROM sbtest4 WHERE id BETWEEN 6857437 AND 6857537
	Index Scan using sbtest4_pkey on sbtest4  (cost=0.43..398.28 rows=100 width=125)
	  Index Cond: ((id >= 6857437) AND (id <= 6857537))

table 5 : explain SELECT id, c FROM sbtest5 WHERE id BETWEEN 6857437 AND 6857537
	Index Scan using sbtest5_pkey on sbtest5  (cost=0.43..435.33 rows=110 width=125)
	  Index Cond: ((id >= 6857437) AND (id <= 6857537))

table 6 : explain SELECT id, c FROM sbtest6 WHERE id BETWEEN 6857437 AND 6857537
	Index Scan using sbtest6_pkey on sbtest6  (cost=0.43..377.57 rows=95 width=125)
	  Index Cond: ((id >= 6857437) AND (id <= 6857537))

table 7 : explain SELECT id, c FROM sbtest7 WHERE id BETWEEN 6857437 AND 6857537
	Index Scan using sbtest7_pkey on sbtest7  (cost=0.43..392.60 rows=99 width=125)
	  Index Cond: ((id >= 6857437) AND (id <= 6857537))

table 8 : explain SELECT id, c FROM sbtest8 WHERE id BETWEEN 6857437 AND 6857537
	Index Scan using sbtest8_pkey on sbtest8  (cost=0.43..357.76 rows=90 width=125)
	  Index Cond: ((id >= 6857437) AND (id <= 6857537))

explain: for range-notcovered :: explain SELECT id, c FROM sbtest%d WHERE id BETWEEN 5836646 AND 5836746
explain: for range-notcovered :: explain SELECT id, c FROM sbtest%d WHERE id BETWEEN 6857437 AND 6857537
for range-notcovered
table 1 : explain SELECT id, c FROM sbtest1 WHERE id BETWEEN 3664995 AND 3665095
	Index Scan using sbtest1_pkey on sbtest1  (cost=0.43..416.68 rows=105 width=125)
	  Index Cond: ((id >= 3664995) AND (id <= 3665095))

table 2 : explain SELECT id, c FROM sbtest2 WHERE id BETWEEN 3664995 AND 3665095
	Index Scan using sbtest2_pkey on sbtest2  (cost=0.43..428.15 rows=108 width=125)
	  Index Cond: ((id >= 3664995) AND (id <= 3665095))

table 3 : explain SELECT id, c FROM sbtest3 WHERE id BETWEEN 3664995 AND 3665095
	Index Scan using sbtest3_pkey on sbtest3  (cost=0.43..406.35 rows=102 width=125)
	  Index Cond: ((id >= 3664995) AND (id <= 3665095))

table 4 : explain SELECT id, c FROM sbtest4 WHERE id BETWEEN 3664995 AND 3665095
	Index Scan using sbtest4_pkey on sbtest4  (cost=0.43..417.97 rows=105 width=125)
	  Index Cond: ((id >= 3664995) AND (id <= 3665095))

table 5 : explain SELECT id, c FROM sbtest5 WHERE id BETWEEN 3664995 AND 3665095
	Index Scan using sbtest5_pkey on sbtest5  (cost=0.43..415.75 rows=105 width=125)
	  Index Cond: ((id >= 3664995) AND (id <= 3665095))

table 6 : explain SELECT id, c FROM sbtest6 WHERE id BETWEEN 3664995 AND 3665095
	Index Scan using sbtest6_pkey on sbtest6  (cost=0.43..401.13 rows=101 width=125)
	  Index Cond: ((id >= 3664995) AND (id <= 3665095))

table 7 : explain SELECT id, c FROM sbtest7 WHERE id BETWEEN 3664995 AND 3665095
	Index Scan using sbtest7_pkey on sbtest7  (cost=0.43..420.04 rows=106 width=125)
	  Index Cond: ((id >= 3664995) AND (id <= 3665095))

table 8 : explain SELECT id, c FROM sbtest8 WHERE id BETWEEN 3664995 AND 3665095
	Index Scan using sbtest8_pkey on sbtest8  (cost=0.43..404.88 rows=102 width=125)
	  Index Cond: ((id >= 3664995) AND (id <= 3665095))

explain: for range-notcovered :: explain SELECT id, c FROM sbtest%d WHERE id BETWEEN 3664995 AND 3665095
for range-notcovered
table 1 : explain SELECT id, c FROM sbtest1 WHERE id BETWEEN 6857437 AND 6857537
	Index Scan using sbtest1_pkey on sbtest1  (cost=0.43..397.06 rows=100 width=125)
	  Index Cond: ((id >= 6857437) AND (id <= 6857537))

table 2 : explain SELECT id, c FROM sbtest2 WHERE id BETWEEN 6857437 AND 6857537
	Index Scan using sbtest2_pkey on sbtest2  (cost=0.43..373.22 rows=94 width=125)
	  Index Cond: ((id >= 6857437) AND (id <= 6857537))

table 3 : explain SELECT id, c FROM sbtest3 WHERE id BETWEEN 6857437 AND 6857537
	Index Scan using sbtest3_pkey on sbtest3  (cost=0.43..394.53 rows=99 width=125)
	  Index Cond: ((id >= 6857437) AND (id <= 6857537))

table 4 : explain SELECT id, c FROM sbtest4 WHERE id BETWEEN 6857437 AND 6857537
	Index Scan using sbtest4_pkey on sbtest4  (cost=0.43..398.28 rows=100 width=125)
	  Index Cond: ((id >= 6857437) AND (id <= 6857537))

table 5 : explain SELECT id, c FROM sbtest5 WHERE id BETWEEN 6857437 AND 6857537
	Index Scan using sbtest5_pkey on sbtest5  (cost=0.43..435.33 rows=110 width=125)
	  Index Cond: ((id >= 6857437) AND (id <= 6857537))

table 6 : explain SELECT id, c FROM sbtest6 WHERE id BETWEEN 6857437 AND 6857537
	Index Scan using sbtest6_pkey on sbtest6  (cost=0.43..377.57 rows=95 width=125)
	  Index Cond: ((id >= 6857437) AND (id <= 6857537))

table 7 : explain SELECT id, c FROM sbtest7 WHERE id BETWEEN 6857437 AND 6857537
	Index Scan using sbtest7_pkey on sbtest7  (cost=0.43..392.60 rows=99 width=125)
	  Index Cond: ((id >= 6857437) AND (id <= 6857537))

table 8 : explain SELECT id, c FROM sbtest8 WHERE id BETWEEN 6857437 AND 6857537
	Index Scan using sbtest8_pkey on sbtest8  (cost=0.43..357.76 rows=90 width=125)
	  Index Cond: ((id >= 6857437) AND (id <= 6857537))

explain: for range-notcovered :: explain SELECT id, c FROM sbtest%d WHERE id BETWEEN 6857437 AND 6857537
for range-notcovered
table 1 : explain SELECT id, c FROM sbtest1 WHERE id BETWEEN 4616874 AND 4616974
	Index Scan using sbtest1_pkey on sbtest1  (cost=0.43..428.45 rows=108 width=125)
	  Index Cond: ((id >= 4616874) AND (id <= 4616974))

table 2 : explain SELECT id, c FROM sbtest2 WHERE id BETWEEN 4616874 AND 4616974
	Index Scan using sbtest2_pkey on sbtest2  (cost=0.43..436.00 rows=110 width=125)
	  Index Cond: ((id >= 4616874) AND (id <= 4616974))

table 3 : explain SELECT id, c FROM sbtest3 WHERE id BETWEEN 4616874 AND 4616974
	Index Scan using sbtest3_pkey on sbtest3  (cost=0.43..382.72 rows=96 width=125)
	  Index Cond: ((id >= 4616874) AND (id <= 4616974))

table 4 : explain SELECT id, c FROM sbtest4 WHERE id BETWEEN 4616874 AND 4616974
	Index Scan using sbtest4_pkey on sbtest4  (cost=0.43..394.35 rows=99 width=125)
	  Index Cond: ((id >= 4616874) AND (id <= 4616974))

table 5 : explain SELECT id, c FROM sbtest5 WHERE id BETWEEN 4616874 AND 4616974
	Index Scan using sbtest5_pkey on sbtest5  (cost=0.43..388.34 rows=98 width=125)
	  Index Cond: ((id >= 4616874) AND (id <= 4616974))

table 6 : explain SELECT id, c FROM sbtest6 WHERE id BETWEEN 4616874 AND 4616974
	Index Scan using sbtest6_pkey on sbtest6  (cost=0.43..385.42 rows=97 width=125)
	  Index Cond: ((id >= 4616874) AND (id <= 4616974))

table 7 : explain SELECT id, c FROM sbtest7 WHERE id BETWEEN 4616874 AND 4616974
	Index Scan using sbtest7_pkey on sbtest7  (cost=0.43..439.63 rows=111 width=125)
	  Index Cond: ((id >= 4616874) AND (id <= 4616974))

table 8 : explain SELECT id, c FROM sbtest8 WHERE id BETWEEN 4616874 AND 4616974
	Index Scan using sbtest8_pkey on sbtest8  (cost=0.43..381.33 rows=96 width=125)
	  Index Cond: ((id >= 4616874) AND (id <= 4616974))

for range-notcovered
table 1 : explain SELECT id, c FROM sbtest1 WHERE id BETWEEN 3664995 AND 3665095
	Index Scan using sbtest1_pkey on sbtest1  (cost=0.43..416.68 rows=105 width=125)
	  Index Cond: ((id >= 3664995) AND (id <= 3665095))

table 2 : explain SELECT id, c FROM sbtest2 WHERE id BETWEEN 3664995 AND 3665095
	Index Scan using sbtest2_pkey on sbtest2  (cost=0.43..428.15 rows=108 width=125)
	  Index Cond: ((id >= 3664995) AND (id <= 3665095))

table 3 : explain SELECT id, c FROM sbtest3 WHERE id BETWEEN 3664995 AND 3665095
	Index Scan using sbtest3_pkey on sbtest3  (cost=0.43..406.35 rows=102 width=125)
	  Index Cond: ((id >= 3664995) AND (id <= 3665095))

table 4 : explain SELECT id, c FROM sbtest4 WHERE id BETWEEN 3664995 AND 3665095
	Index Scan using sbtest4_pkey on sbtest4  (cost=0.43..417.97 rows=105 width=125)
	  Index Cond: ((id >= 3664995) AND (id <= 3665095))

table 5 : explain SELECT id, c FROM sbtest5 WHERE id BETWEEN 3664995 AND 3665095
	Index Scan using sbtest5_pkey on sbtest5  (cost=0.43..415.75 rows=105 width=125)
	  Index Cond: ((id >= 3664995) AND (id <= 3665095))

table 6 : explain SELECT id, c FROM sbtest6 WHERE id BETWEEN 3664995 AND 3665095
	Index Scan using sbtest6_pkey on sbtest6  (cost=0.43..401.13 rows=101 width=125)
	  Index Cond: ((id >= 3664995) AND (id <= 3665095))

table 7 : explain SELECT id, c FROM sbtest7 WHERE id BETWEEN 3664995 AND 3665095
	Index Scan using sbtest7_pkey on sbtest7  (cost=0.43..420.04 rows=106 width=125)
	  Index Cond: ((id >= 3664995) AND (id <= 3665095))

table 8 : explain SELECT id, c FROM sbtest8 WHERE id BETWEEN 3664995 AND 3665095
	Index Scan using sbtest8_pkey on sbtest8  (cost=0.43..404.88 rows=102 width=125)
	  Index Cond: ((id >= 3664995) AND (id <= 3665095))

explain: for range-notcovered :: explain SELECT id, c FROM sbtest%d WHERE id BETWEEN 3664995 AND 3665095
for range-notcovered
table 1 : explain SELECT id, c FROM sbtest1 WHERE id BETWEEN 6857437 AND 6857537
	Index Scan using sbtest1_pkey on sbtest1  (cost=0.43..397.06 rows=100 width=125)
	  Index Cond: ((id >= 6857437) AND (id <= 6857537))

table 2 : explain SELECT id, c FROM sbtest2 WHERE id BETWEEN 6857437 AND 6857537
	Index Scan using sbtest2_pkey on sbtest2  (cost=0.43..373.22 rows=94 width=125)
	  Index Cond: ((id >= 6857437) AND (id <= 6857537))

table 3 : explain SELECT id, c FROM sbtest3 WHERE id BETWEEN 6857437 AND 6857537
	Index Scan using sbtest3_pkey on sbtest3  (cost=0.43..394.53 rows=99 width=125)
	  Index Cond: ((id >= 6857437) AND (id <= 6857537))

table 4 : explain SELECT id, c FROM sbtest4 WHERE id BETWEEN 6857437 AND 6857537
	Index Scan using sbtest4_pkey on sbtest4  (cost=0.43..398.28 rows=100 width=125)
	  Index Cond: ((id >= 6857437) AND (id <= 6857537))

table 5 : explain SELECT id, c FROM sbtest5 WHERE id BETWEEN 6857437 AND 6857537
	Index Scan using sbtest5_pkey on sbtest5  (cost=0.43..435.33 rows=110 width=125)
	  Index Cond: ((id >= 6857437) AND (id <= 6857537))

table 6 : explain SELECT id, c FROM sbtest6 WHERE id BETWEEN 6857437 AND 6857537
	Index Scan using sbtest6_pkey on sbtest6  (cost=0.43..377.57 rows=95 width=125)
	  Index Cond: ((id >= 6857437) AND (id <= 6857537))

table 7 : explain SELECT id, c FROM sbtest7 WHERE id BETWEEN 6857437 AND 6857537
	Index Scan using sbtest7_pkey on sbtest7  (cost=0.43..392.60 rows=99 width=125)
	  Index Cond: ((id >= 6857437) AND (id <= 6857537))

table 8 : explain SELECT id, c FROM sbtest8 WHERE id BETWEEN 6857437 AND 6857537
	Index Scan using sbtest8_pkey on sbtest8  (cost=0.43..357.76 rows=90 width=125)
	  Index Cond: ((id >= 6857437) AND (id <= 6857537))

for range-notcovered
table 1 : explain SELECT id, c FROM sbtest1 WHERE id BETWEEN 6958765 AND 6958865
	Index Scan using sbtest1_pkey on sbtest1  (cost=0.43..408.83 rows=103 width=125)
	  Index Cond: ((id >= 6958765) AND (id <= 6958865))

table 2 : explain SELECT id, c FROM sbtest2 WHERE id BETWEEN 6958765 AND 6958865
	Index Scan using sbtest2_pkey on sbtest2  (cost=0.43..385.01 rows=97 width=125)
	  Index Cond: ((id >= 6958765) AND (id <= 6958865))

table 3 : explain SELECT id, c FROM sbtest3 WHERE id BETWEEN 6958765 AND 6958865
	Index Scan using sbtest3_pkey on sbtest3  (cost=0.43..390.59 rows=98 width=125)
	  Index Cond: ((id >= 6958765) AND (id <= 6958865))

table 4 : explain SELECT id, c FROM sbtest4 WHERE id BETWEEN 6958765 AND 6958865
	Index Scan using sbtest4_pkey on sbtest4  (cost=0.43..414.03 rows=104 width=125)
	  Index Cond: ((id >= 6958765) AND (id <= 6958865))

table 5 : explain SELECT id, c FROM sbtest5 WHERE id BETWEEN 6958765 AND 6958865
	Index Scan using sbtest5_pkey on sbtest5  (cost=0.43..380.51 rows=96 width=125)
	  Index Cond: ((id >= 6958765) AND (id <= 6958865))

table 6 : explain SELECT id, c FROM sbtest6 WHERE id BETWEEN 6958765 AND 6958865
	Index Scan using sbtest6_pkey on sbtest6  (cost=0.43..377.57 rows=95 width=125)
	  Index Cond: ((id >= 6958765) AND (id <= 6958865))

table 7 : explain SELECT id, c FROM sbtest7 WHERE id BETWEEN 6958765 AND 6958865
	Index Scan using sbtest7_pkey on sbtest7  (cost=0.43..380.85 rows=96 width=125)
	  Index Cond: ((id >= 6958765) AND (id <= 6958865))

table 8 : explain SELECT id, c FROM sbtest8 WHERE id BETWEEN 6958765 AND 6958865
	Index Scan using sbtest8_pkey on sbtest8  (cost=0.43..420.57 rows=106 width=125)
	  Index Cond: ((id >= 6958765) AND (id <= 6958865))

explain: for range-notcovered :: explain SELECT id, c FROM sbtest%d WHERE id BETWEEN 6857437 AND 6857537
explain: for range-notcovered :: explain SELECT id, c FROM sbtest%d WHERE id BETWEEN 4616874 AND 4616974
for range-notcovered
table 1 : explain SELECT id, c FROM sbtest1 WHERE id BETWEEN 3664995 AND 3665095
	Index Scan using sbtest1_pkey on sbtest1  (cost=0.43..416.68 rows=105 width=125)
	  Index Cond: ((id >= 3664995) AND (id <= 3665095))

table 2 : explain SELECT id, c FROM sbtest2 WHERE id BETWEEN 3664995 AND 3665095
	Index Scan using sbtest2_pkey on sbtest2  (cost=0.43..428.15 rows=108 width=125)
	  Index Cond: ((id >= 3664995) AND (id <= 3665095))

table 3 : explain SELECT id, c FROM sbtest3 WHERE id BETWEEN 3664995 AND 3665095
	Index Scan using sbtest3_pkey on sbtest3  (cost=0.43..406.35 rows=102 width=125)
	  Index Cond: ((id >= 3664995) AND (id <= 3665095))

table 4 : explain SELECT id, c FROM sbtest4 WHERE id BETWEEN 3664995 AND 3665095
	Index Scan using sbtest4_pkey on sbtest4  (cost=0.43..417.97 rows=105 width=125)
	  Index Cond: ((id >= 3664995) AND (id <= 3665095))

table 5 : explain SELECT id, c FROM sbtest5 WHERE id BETWEEN 3664995 AND 3665095
	Index Scan using sbtest5_pkey on sbtest5  (cost=0.43..415.75 rows=105 width=125)
	  Index Cond: ((id >= 3664995) AND (id <= 3665095))

table 6 : explain SELECT id, c FROM sbtest6 WHERE id BETWEEN 3664995 AND 3665095
	Index Scan using sbtest6_pkey on sbtest6  (cost=0.43..401.13 rows=101 width=125)
	  Index Cond: ((id >= 3664995) AND (id <= 3665095))

table 7 : explain SELECT id, c FROM sbtest7 WHERE id BETWEEN 3664995 AND 3665095
	Index Scan using sbtest7_pkey on sbtest7  (cost=0.43..420.04 rows=106 width=125)
	  Index Cond: ((id >= 3664995) AND (id <= 3665095))

table 8 : explain SELECT id, c FROM sbtest8 WHERE id BETWEEN 3664995 AND 3665095
	Index Scan using sbtest8_pkey on sbtest8  (cost=0.43..404.88 rows=102 width=125)
	  Index Cond: ((id >= 3664995) AND (id <= 3665095))

explain: for range-notcovered :: explain SELECT id, c FROM sbtest%d WHERE id BETWEEN 3664995 AND 3665095
for range-notcovered
table 1 : explain SELECT id, c FROM sbtest1 WHERE id BETWEEN 4013656 AND 4013756
	Index Scan using sbtest1_pkey on sbtest1  (cost=0.43..393.13 rows=99 width=125)
	  Index Cond: ((id >= 4013656) AND (id <= 4013756))

table 2 : explain SELECT id, c FROM sbtest2 WHERE id BETWEEN 4013656 AND 4013756
	Index Scan using sbtest2_pkey on sbtest2  (cost=0.43..412.47 rows=104 width=125)
	  Index Cond: ((id >= 4013656) AND (id <= 4013756))

table 3 : explain SELECT id, c FROM sbtest3 WHERE id BETWEEN 4013656 AND 4013756
	Index Scan using sbtest3_pkey on sbtest3  (cost=0.43..433.92 rows=109 width=125)
	  Index Cond: ((id >= 4013656) AND (id <= 4013756))

table 4 : explain SELECT id, c FROM sbtest4 WHERE id BETWEEN 4013656 AND 4013756
	Index Scan using sbtest4_pkey on sbtest4  (cost=0.43..386.47 rows=97 width=125)
	  Index Cond: ((id >= 4013656) AND (id <= 4013756))

table 5 : explain SELECT id, c FROM sbtest5 WHERE id BETWEEN 4013656 AND 4013756
	Index Scan using sbtest5_pkey on sbtest5  (cost=0.43..392.26 rows=99 width=125)
	  Index Cond: ((id >= 4013656) AND (id <= 4013756))

table 6 : explain SELECT id, c FROM sbtest6 WHERE id BETWEEN 4013656 AND 4013756
	Index Scan using sbtest6_pkey on sbtest6  (cost=0.43..389.35 rows=98 width=125)
	  Index Cond: ((id >= 4013656) AND (id <= 4013756))

table 7 : explain SELECT id, c FROM sbtest7 WHERE id BETWEEN 4013656 AND 4013756
	Index Scan using sbtest7_pkey on sbtest7  (cost=0.43..388.68 rows=98 width=125)
	  Index Cond: ((id >= 4013656) AND (id <= 4013756))

table 8 : explain SELECT id, c FROM sbtest8 WHERE id BETWEEN 4013656 AND 4013756
	Index Scan using sbtest8_pkey on sbtest8  (cost=0.43..389.18 rows=98 width=125)
	  Index Cond: ((id >= 4013656) AND (id <= 4013756))

explain: for range-notcovered :: explain SELECT id, c FROM sbtest%d WHERE id BETWEEN 4013656 AND 4013756
for range-notcovered
table 1 : explain SELECT id, c FROM sbtest1 WHERE id BETWEEN 6857437 AND 6857537
	Index Scan using sbtest1_pkey on sbtest1  (cost=0.43..397.06 rows=100 width=125)
	  Index Cond: ((id >= 6857437) AND (id <= 6857537))

table 2 : explain SELECT id, c FROM sbtest2 WHERE id BETWEEN 6857437 AND 6857537
	Index Scan using sbtest2_pkey on sbtest2  (cost=0.43..373.22 rows=94 width=125)
	  Index Cond: ((id >= 6857437) AND (id <= 6857537))

table 3 : explain SELECT id, c FROM sbtest3 WHERE id BETWEEN 6857437 AND 6857537
	Index Scan using sbtest3_pkey on sbtest3  (cost=0.43..394.53 rows=99 width=125)
	  Index Cond: ((id >= 6857437) AND (id <= 6857537))

table 4 : explain SELECT id, c FROM sbtest4 WHERE id BETWEEN 6857437 AND 6857537
	Index Scan using sbtest4_pkey on sbtest4  (cost=0.43..398.28 rows=100 width=125)
	  Index Cond: ((id >= 6857437) AND (id <= 6857537))

table 5 : explain SELECT id, c FROM sbtest5 WHERE id BETWEEN 6857437 AND 6857537
	Index Scan using sbtest5_pkey on sbtest5  (cost=0.43..435.33 rows=110 width=125)
	  Index Cond: ((id >= 6857437) AND (id <= 6857537))

table 6 : explain SELECT id, c FROM sbtest6 WHERE id BETWEEN 6857437 AND 6857537
	Index Scan using sbtest6_pkey on sbtest6  (cost=0.43..377.57 rows=95 width=125)
	  Index Cond: ((id >= 6857437) AND (id <= 6857537))

table 7 : explain SELECT id, c FROM sbtest7 WHERE id BETWEEN 6857437 AND 6857537
	Index Scan using sbtest7_pkey on sbtest7  (cost=0.43..392.60 rows=99 width=125)
	  Index Cond: ((id >= 6857437) AND (id <= 6857537))

table 8 : explain SELECT id, c FROM sbtest8 WHERE id BETWEEN 6857437 AND 6857537
	Index Scan using sbtest8_pkey on sbtest8  (cost=0.43..357.76 rows=90 width=125)
	  Index Cond: ((id >= 6857437) AND (id <= 6857537))

explain: for range-notcovered :: explain SELECT id, c FROM sbtest%d WHERE id BETWEEN 6857437 AND 6857537
for range-notcovered
table 1 : explain SELECT id, c FROM sbtest1 WHERE id BETWEEN 3664995 AND 3665095
	Index Scan using sbtest1_pkey on sbtest1  (cost=0.43..416.68 rows=105 width=125)
	  Index Cond: ((id >= 3664995) AND (id <= 3665095))

table 2 : explain SELECT id, c FROM sbtest2 WHERE id BETWEEN 3664995 AND 3665095
	Index Scan using sbtest2_pkey on sbtest2  (cost=0.43..428.15 rows=108 width=125)
	  Index Cond: ((id >= 3664995) AND (id <= 3665095))

table 3 : explain SELECT id, c FROM sbtest3 WHERE id BETWEEN 3664995 AND 3665095
	Index Scan using sbtest3_pkey on sbtest3  (cost=0.43..406.35 rows=102 width=125)
	  Index Cond: ((id >= 3664995) AND (id <= 3665095))

table 4 : explain SELECT id, c FROM sbtest4 WHERE id BETWEEN 3664995 AND 3665095
	Index Scan using sbtest4_pkey on sbtest4  (cost=0.43..417.97 rows=105 width=125)
	  Index Cond: ((id >= 3664995) AND (id <= 3665095))

table 5 : explain SELECT id, c FROM sbtest5 WHERE id BETWEEN 3664995 AND 3665095
	Index Scan using sbtest5_pkey on sbtest5  (cost=0.43..415.75 rows=105 width=125)
	  Index Cond: ((id >= 3664995) AND (id <= 3665095))

table 6 : explain SELECT id, c FROM sbtest6 WHERE id BETWEEN 3664995 AND 3665095
	Index Scan using sbtest6_pkey on sbtest6  (cost=0.43..401.13 rows=101 width=125)
	  Index Cond: ((id >= 3664995) AND (id <= 3665095))

table 7 : explain SELECT id, c FROM sbtest7 WHERE id BETWEEN 3664995 AND 3665095
	Index Scan using sbtest7_pkey on sbtest7  (cost=0.43..420.04 rows=106 width=125)
	  Index Cond: ((id >= 3664995) AND (id <= 3665095))

table 8 : explain SELECT id, c FROM sbtest8 WHERE id BETWEEN 3664995 AND 3665095
	Index Scan using sbtest8_pkey on sbtest8  (cost=0.43..404.88 rows=102 width=125)
	  Index Cond: ((id >= 3664995) AND (id <= 3665095))

explain: for range-notcovered :: explain SELECT id, c FROM sbtest%d WHERE id BETWEEN 3929569 AND 3929669
explain: for range-notcovered :: explain SELECT id, c FROM sbtest%d WHERE id BETWEEN 3664995 AND 3665095
for range-notcovered
table 1 : explain SELECT id, c FROM sbtest1 WHERE id BETWEEN 6857437 AND 6857537
	Index Scan using sbtest1_pkey on sbtest1  (cost=0.43..397.06 rows=100 width=125)
	  Index Cond: ((id >= 6857437) AND (id <= 6857537))

table 2 : explain SELECT id, c FROM sbtest2 WHERE id BETWEEN 6857437 AND 6857537
	Index Scan using sbtest2_pkey on sbtest2  (cost=0.43..373.22 rows=94 width=125)
	  Index Cond: ((id >= 6857437) AND (id <= 6857537))

table 3 : explain SELECT id, c FROM sbtest3 WHERE id BETWEEN 6857437 AND 6857537
	Index Scan using sbtest3_pkey on sbtest3  (cost=0.43..394.53 rows=99 width=125)
	  Index Cond: ((id >= 6857437) AND (id <= 6857537))

table 4 : explain SELECT id, c FROM sbtest4 WHERE id BETWEEN 6857437 AND 6857537
	Index Scan using sbtest4_pkey on sbtest4  (cost=0.43..398.28 rows=100 width=125)
	  Index Cond: ((id >= 6857437) AND (id <= 6857537))

table 5 : explain SELECT id, c FROM sbtest5 WHERE id BETWEEN 6857437 AND 6857537
	Index Scan using sbtest5_pkey on sbtest5  (cost=0.43..435.33 rows=110 width=125)
	  Index Cond: ((id >= 6857437) AND (id <= 6857537))

table 6 : explain SELECT id, c FROM sbtest6 WHERE id BETWEEN 6857437 AND 6857537
	Index Scan using sbtest6_pkey on sbtest6  (cost=0.43..377.57 rows=95 width=125)
	  Index Cond: ((id >= 6857437) AND (id <= 6857537))

table 7 : explain SELECT id, c FROM sbtest7 WHERE id BETWEEN 6857437 AND 6857537
	Index Scan using sbtest7_pkey on sbtest7  (cost=0.43..392.60 rows=99 width=125)
	  Index Cond: ((id >= 6857437) AND (id <= 6857537))

table 8 : explain SELECT id, c FROM sbtest8 WHERE id BETWEEN 6857437 AND 6857537
	Index Scan using sbtest8_pkey on sbtest8  (cost=0.43..357.76 rows=90 width=125)
	  Index Cond: ((id >= 6857437) AND (id <= 6857537))

explain: for range-notcovered :: explain SELECT id, c FROM sbtest%d WHERE id BETWEEN 6857437 AND 6857537
for range-notcovered
table 1 : explain SELECT id, c FROM sbtest1 WHERE id BETWEEN 3664995 AND 3665095
	Index Scan using sbtest1_pkey on sbtest1  (cost=0.43..416.68 rows=105 width=125)
	  Index Cond: ((id >= 3664995) AND (id <= 3665095))

table 2 : explain SELECT id, c FROM sbtest2 WHERE id BETWEEN 3664995 AND 3665095
	Index Scan using sbtest2_pkey on sbtest2  (cost=0.43..428.15 rows=108 width=125)
	  Index Cond: ((id >= 3664995) AND (id <= 3665095))

table 3 : explain SELECT id, c FROM sbtest3 WHERE id BETWEEN 3664995 AND 3665095
	Index Scan using sbtest3_pkey on sbtest3  (cost=0.43..406.35 rows=102 width=125)
	  Index Cond: ((id >= 3664995) AND (id <= 3665095))

table 4 : explain SELECT id, c FROM sbtest4 WHERE id BETWEEN 3664995 AND 3665095
	Index Scan using sbtest4_pkey on sbtest4  (cost=0.43..417.97 rows=105 width=125)
	  Index Cond: ((id >= 3664995) AND (id <= 3665095))

table 5 : explain SELECT id, c FROM sbtest5 WHERE id BETWEEN 3664995 AND 3665095
	Index Scan using sbtest5_pkey on sbtest5  (cost=0.43..415.75 rows=105 width=125)
	  Index Cond: ((id >= 3664995) AND (id <= 3665095))

table 6 : explain SELECT id, c FROM sbtest6 WHERE id BETWEEN 3664995 AND 3665095
	Index Scan using sbtest6_pkey on sbtest6  (cost=0.43..401.13 rows=101 width=125)
	  Index Cond: ((id >= 3664995) AND (id <= 3665095))

table 7 : explain SELECT id, c FROM sbtest7 WHERE id BETWEEN 3664995 AND 3665095
	Index Scan using sbtest7_pkey on sbtest7  (cost=0.43..420.04 rows=106 width=125)
	  Index Cond: ((id >= 3664995) AND (id <= 3665095))

table 8 : explain SELECT id, c FROM sbtest8 WHERE id BETWEEN 3664995 AND 3665095
	Index Scan using sbtest8_pkey on sbtest8  (cost=0.43..404.88 rows=102 width=125)
	  Index Cond: ((id >= 3664995) AND (id <= 3665095))

explain: for range-notcovered :: explain SELECT id, c FROM sbtest%d WHERE id BETWEEN 3664995 AND 3665095
explain: for range-notcovered :: explain SELECT id, c FROM sbtest%d WHERE id BETWEEN 5998392 AND 5998492
for range-notcovered
table 1 : explain SELECT id, c FROM sbtest1 WHERE id BETWEEN 5329734 AND 5329834
	Index Scan using sbtest1_pkey on sbtest1  (cost=0.43..440.23 rows=111 width=125)
	  Index Cond: ((id >= 5329734) AND (id <= 5329834))

table 2 : explain SELECT id, c FROM sbtest2 WHERE id BETWEEN 5329734 AND 5329834
	Index Scan using sbtest2_pkey on sbtest2  (cost=0.43..381.09 rows=96 width=125)
	  Index Cond: ((id >= 5329734) AND (id <= 5329834))

table 3 : explain SELECT id, c FROM sbtest3 WHERE id BETWEEN 5329734 AND 5329834
	Index Scan using sbtest3_pkey on sbtest3  (cost=0.43..437.86 rows=110 width=125)
	  Index Cond: ((id >= 5329734) AND (id <= 5329834))

table 4 : explain SELECT id, c FROM sbtest4 WHERE id BETWEEN 5329734 AND 5329834
	Index Scan using sbtest4_pkey on sbtest4  (cost=0.43..406.16 rows=102 width=125)
	  Index Cond: ((id >= 5329734) AND (id <= 5329834))

table 5 : explain SELECT id, c FROM sbtest5 WHERE id BETWEEN 5329734 AND 5329834
	Index Scan using sbtest5_pkey on sbtest5  (cost=0.43..443.16 rows=112 width=125)
	  Index Cond: ((id >= 5329734) AND (id <= 5329834))

table 6 : explain SELECT id, c FROM sbtest6 WHERE id BETWEEN 5329734 AND 5329834
	Index Scan using sbtest6_pkey on sbtest6  (cost=0.43..412.90 rows=104 width=125)
	  Index Cond: ((id >= 5329734) AND (id <= 5329834))

table 7 : explain SELECT id, c FROM sbtest7 WHERE id BETWEEN 5329734 AND 5329834
	Index Scan using sbtest7_pkey on sbtest7  (cost=0.43..388.68 rows=98 width=125)
	  Index Cond: ((id >= 5329734) AND (id <= 5329834))

table 8 : explain SELECT id, c FROM sbtest8 WHERE id BETWEEN 5329734 AND 5329834
	Index Scan using sbtest8_pkey on sbtest8  (cost=0.43..400.95 rows=101 width=125)
	  Index Cond: ((id >= 5329734) AND (id <= 5329834))

explain: for range-notcovered :: explain SELECT id, c FROM sbtest%d WHERE id BETWEEN 5329734 AND 5329834
for range-notcovered
table 1 : explain SELECT id, c FROM sbtest1 WHERE id BETWEEN 4013656 AND 4013756
	Index Scan using sbtest1_pkey on sbtest1  (cost=0.43..393.13 rows=99 width=125)
	  Index Cond: ((id >= 4013656) AND (id <= 4013756))

table 2 : explain SELECT id, c FROM sbtest2 WHERE id BETWEEN 4013656 AND 4013756
	Index Scan using sbtest2_pkey on sbtest2  (cost=0.43..412.47 rows=104 width=125)
	  Index Cond: ((id >= 4013656) AND (id <= 4013756))

table 3 : explain SELECT id, c FROM sbtest3 WHERE id BETWEEN 4013656 AND 4013756
	Index Scan using sbtest3_pkey on sbtest3  (cost=0.43..433.92 rows=109 width=125)
	  Index Cond: ((id >= 4013656) AND (id <= 4013756))

table 4 : explain SELECT id, c FROM sbtest4 WHERE id BETWEEN 4013656 AND 4013756
	Index Scan using sbtest4_pkey on sbtest4  (cost=0.43..386.47 rows=97 width=125)
	  Index Cond: ((id >= 4013656) AND (id <= 4013756))

table 5 : explain SELECT id, c FROM sbtest5 WHERE id BETWEEN 4013656 AND 4013756
	Index Scan using sbtest5_pkey on sbtest5  (cost=0.43..392.26 rows=99 width=125)
	  Index Cond: ((id >= 4013656) AND (id <= 4013756))

table 6 : explain SELECT id, c FROM sbtest6 WHERE id BETWEEN 4013656 AND 4013756
	Index Scan using sbtest6_pkey on sbtest6  (cost=0.43..389.35 rows=98 width=125)
	  Index Cond: ((id >= 4013656) AND (id <= 4013756))

table 7 : explain SELECT id, c FROM sbtest7 WHERE id BETWEEN 4013656 AND 4013756
	Index Scan using sbtest7_pkey on sbtest7  (cost=0.43..388.68 rows=98 width=125)
	  Index Cond: ((id >= 4013656) AND (id <= 4013756))

table 8 : explain SELECT id, c FROM sbtest8 WHERE id BETWEEN 4013656 AND 4013756
	Index Scan using sbtest8_pkey on sbtest8  (cost=0.43..389.18 rows=98 width=125)
	  Index Cond: ((id >= 4013656) AND (id <= 4013756))

explain: for range-notcovered :: explain SELECT id, c FROM sbtest%d WHERE id BETWEEN 4013656 AND 4013756
for range-notcovered
table 1 : explain SELECT id, c FROM sbtest1 WHERE id BETWEEN 6857437 AND 6857537
	Index Scan using sbtest1_pkey on sbtest1  (cost=0.43..397.06 rows=100 width=125)
	  Index Cond: ((id >= 6857437) AND (id <= 6857537))

table 2 : explain SELECT id, c FROM sbtest2 WHERE id BETWEEN 6857437 AND 6857537
	Index Scan using sbtest2_pkey on sbtest2  (cost=0.43..373.22 rows=94 width=125)
	  Index Cond: ((id >= 6857437) AND (id <= 6857537))

table 3 : explain SELECT id, c FROM sbtest3 WHERE id BETWEEN 6857437 AND 6857537
	Index Scan using sbtest3_pkey on sbtest3  (cost=0.43..394.53 rows=99 width=125)
	  Index Cond: ((id >= 6857437) AND (id <= 6857537))

table 4 : explain SELECT id, c FROM sbtest4 WHERE id BETWEEN 6857437 AND 6857537
	Index Scan using sbtest4_pkey on sbtest4  (cost=0.43..398.28 rows=100 width=125)
	  Index Cond: ((id >= 6857437) AND (id <= 6857537))

table 5 : explain SELECT id, c FROM sbtest5 WHERE id BETWEEN 6857437 AND 6857537
	Index Scan using sbtest5_pkey on sbtest5  (cost=0.43..435.33 rows=110 width=125)
	  Index Cond: ((id >= 6857437) AND (id <= 6857537))

table 6 : explain SELECT id, c FROM sbtest6 WHERE id BETWEEN 6857437 AND 6857537
	Index Scan using sbtest6_pkey on sbtest6  (cost=0.43..377.57 rows=95 width=125)
	  Index Cond: ((id >= 6857437) AND (id <= 6857537))

table 7 : explain SELECT id, c FROM sbtest7 WHERE id BETWEEN 6857437 AND 6857537
	Index Scan using sbtest7_pkey on sbtest7  (cost=0.43..392.60 rows=99 width=125)
	  Index Cond: ((id >= 6857437) AND (id <= 6857537))

table 8 : explain SELECT id, c FROM sbtest8 WHERE id BETWEEN 6857437 AND 6857537
	Index Scan using sbtest8_pkey on sbtest8  (cost=0.43..357.76 rows=90 width=125)
	  Index Cond: ((id >= 6857437) AND (id <= 6857537))

explain: for range-notcovered :: explain SELECT id, c FROM sbtest%d WHERE id BETWEEN 6857437 AND 6857537
for range-notcovered
table 1 : explain SELECT id, c FROM sbtest1 WHERE id BETWEEN 3664995 AND 3665095
	Index Scan using sbtest1_pkey on sbtest1  (cost=0.43..416.68 rows=105 width=125)
	  Index Cond: ((id >= 3664995) AND (id <= 3665095))

table 2 : explain SELECT id, c FROM sbtest2 WHERE id BETWEEN 3664995 AND 3665095
	Index Scan using sbtest2_pkey on sbtest2  (cost=0.43..428.15 rows=108 width=125)
	  Index Cond: ((id >= 3664995) AND (id <= 3665095))

table 3 : explain SELECT id, c FROM sbtest3 WHERE id BETWEEN 3664995 AND 3665095
	Index Scan using sbtest3_pkey on sbtest3  (cost=0.43..406.35 rows=102 width=125)
	  Index Cond: ((id >= 3664995) AND (id <= 3665095))

table 4 : explain SELECT id, c FROM sbtest4 WHERE id BETWEEN 3664995 AND 3665095
	Index Scan using sbtest4_pkey on sbtest4  (cost=0.43..417.97 rows=105 width=125)
	  Index Cond: ((id >= 3664995) AND (id <= 3665095))

table 5 : explain SELECT id, c FROM sbtest5 WHERE id BETWEEN 3664995 AND 3665095
	Index Scan using sbtest5_pkey on sbtest5  (cost=0.43..415.75 rows=105 width=125)
	  Index Cond: ((id >= 3664995) AND (id <= 3665095))

table 6 : explain SELECT id, c FROM sbtest6 WHERE id BETWEEN 3664995 AND 3665095
	Index Scan using sbtest6_pkey on sbtest6  (cost=0.43..401.13 rows=101 width=125)
	  Index Cond: ((id >= 3664995) AND (id <= 3665095))

table 7 : explain SELECT id, c FROM sbtest7 WHERE id BETWEEN 3664995 AND 3665095
	Index Scan using sbtest7_pkey on sbtest7  (cost=0.43..420.04 rows=106 width=125)
	  Index Cond: ((id >= 3664995) AND (id <= 3665095))

table 8 : explain SELECT id, c FROM sbtest8 WHERE id BETWEEN 3664995 AND 3665095
	Index Scan using sbtest8_pkey on sbtest8  (cost=0.43..404.88 rows=102 width=125)
	  Index Cond: ((id >= 3664995) AND (id <= 3665095))

for range-notcovered
table 1 : explain SELECT id, c FROM sbtest1 WHERE id BETWEEN 4616874 AND 4616974
	Index Scan using sbtest1_pkey on sbtest1  (cost=0.43..428.45 rows=108 width=125)
	  Index Cond: ((id >= 4616874) AND (id <= 4616974))

table 2 : explain SELECT id, c FROM sbtest2 WHERE id BETWEEN 4616874 AND 4616974
	Index Scan using sbtest2_pkey on sbtest2  (cost=0.43..436.00 rows=110 width=125)
	  Index Cond: ((id >= 4616874) AND (id <= 4616974))

table 3 : explain SELECT id, c FROM sbtest3 WHERE id BETWEEN 4616874 AND 4616974
	Index Scan using sbtest3_pkey on sbtest3  (cost=0.43..382.72 rows=96 width=125)
	  Index Cond: ((id >= 4616874) AND (id <= 4616974))

table 4 : explain SELECT id, c FROM sbtest4 WHERE id BETWEEN 4616874 AND 4616974
	Index Scan using sbtest4_pkey on sbtest4  (cost=0.43..394.35 rows=99 width=125)
	  Index Cond: ((id >= 4616874) AND (id <= 4616974))

table 5 : explain SELECT id, c FROM sbtest5 WHERE id BETWEEN 4616874 AND 4616974
	Index Scan using sbtest5_pkey on sbtest5  (cost=0.43..388.34 rows=98 width=125)
	  Index Cond: ((id >= 4616874) AND (id <= 4616974))

table 6 : explain SELECT id, c FROM sbtest6 WHERE id BETWEEN 4616874 AND 4616974
	Index Scan using sbtest6_pkey on sbtest6  (cost=0.43..385.42 rows=97 width=125)
	  Index Cond: ((id >= 4616874) AND (id <= 4616974))

table 7 : explain SELECT id, c FROM sbtest7 WHERE id BETWEEN 4616874 AND 4616974
	Index Scan using sbtest7_pkey on sbtest7  (cost=0.43..439.63 rows=111 width=125)
	  Index Cond: ((id >= 4616874) AND (id <= 4616974))

table 8 : explain SELECT id, c FROM sbtest8 WHERE id BETWEEN 4616874 AND 4616974
	Index Scan using sbtest8_pkey on sbtest8  (cost=0.43..381.33 rows=96 width=125)
	  Index Cond: ((id >= 4616874) AND (id <= 4616974))

explain: for range-notcovered :: explain SELECT id, c FROM sbtest%d WHERE id BETWEEN 3664995 AND 3665095
for range-notcovered
table 1 : explain SELECT id, c FROM sbtest1 WHERE id BETWEEN 5329734 AND 5329834
	Index Scan using sbtest1_pkey on sbtest1  (cost=0.43..440.23 rows=111 width=125)
	  Index Cond: ((id >= 5329734) AND (id <= 5329834))

table 2 : explain SELECT id, c FROM sbtest2 WHERE id BETWEEN 5329734 AND 5329834
	Index Scan using sbtest2_pkey on sbtest2  (cost=0.43..381.09 rows=96 width=125)
	  Index Cond: ((id >= 5329734) AND (id <= 5329834))

table 3 : explain SELECT id, c FROM sbtest3 WHERE id BETWEEN 5329734 AND 5329834
	Index Scan using sbtest3_pkey on sbtest3  (cost=0.43..437.86 rows=110 width=125)
	  Index Cond: ((id >= 5329734) AND (id <= 5329834))

table 4 : explain SELECT id, c FROM sbtest4 WHERE id BETWEEN 5329734 AND 5329834
	Index Scan using sbtest4_pkey on sbtest4  (cost=0.43..406.16 rows=102 width=125)
	  Index Cond: ((id >= 5329734) AND (id <= 5329834))

table 5 : explain SELECT id, c FROM sbtest5 WHERE id BETWEEN 5329734 AND 5329834
	Index Scan using sbtest5_pkey on sbtest5  (cost=0.43..443.16 rows=112 width=125)
	  Index Cond: ((id >= 5329734) AND (id <= 5329834))

table 6 : explain SELECT id, c FROM sbtest6 WHERE id BETWEEN 5329734 AND 5329834
	Index Scan using sbtest6_pkey on sbtest6  (cost=0.43..412.90 rows=104 width=125)
	  Index Cond: ((id >= 5329734) AND (id <= 5329834))

table 7 : explain SELECT id, c FROM sbtest7 WHERE id BETWEEN 5329734 AND 5329834
	Index Scan using sbtest7_pkey on sbtest7  (cost=0.43..388.68 rows=98 width=125)
	  Index Cond: ((id >= 5329734) AND (id <= 5329834))

table 8 : explain SELECT id, c FROM sbtest8 WHERE id BETWEEN 5329734 AND 5329834
	Index Scan using sbtest8_pkey on sbtest8  (cost=0.43..400.95 rows=101 width=125)
	  Index Cond: ((id >= 5329734) AND (id <= 5329834))

for range-notcovered
table 1 : explain SELECT id, c FROM sbtest1 WHERE id BETWEEN 4013656 AND 4013756
	Index Scan using sbtest1_pkey on sbtest1  (cost=0.43..393.13 rows=99 width=125)
	  Index Cond: ((id >= 4013656) AND (id <= 4013756))

table 2 : explain SELECT id, c FROM sbtest2 WHERE id BETWEEN 4013656 AND 4013756
	Index Scan using sbtest2_pkey on sbtest2  (cost=0.43..412.47 rows=104 width=125)
	  Index Cond: ((id >= 4013656) AND (id <= 4013756))

table 3 : explain SELECT id, c FROM sbtest3 WHERE id BETWEEN 4013656 AND 4013756
	Index Scan using sbtest3_pkey on sbtest3  (cost=0.43..433.92 rows=109 width=125)
	  Index Cond: ((id >= 4013656) AND (id <= 4013756))

table 4 : explain SELECT id, c FROM sbtest4 WHERE id BETWEEN 4013656 AND 4013756
	Index Scan using sbtest4_pkey on sbtest4  (cost=0.43..386.47 rows=97 width=125)
	  Index Cond: ((id >= 4013656) AND (id <= 4013756))

table 5 : explain SELECT id, c FROM sbtest5 WHERE id BETWEEN 4013656 AND 4013756
	Index Scan using sbtest5_pkey on sbtest5  (cost=0.43..392.26 rows=99 width=125)
	  Index Cond: ((id >= 4013656) AND (id <= 4013756))

table 6 : explain SELECT id, c FROM sbtest6 WHERE id BETWEEN 4013656 AND 4013756
	Index Scan using sbtest6_pkey on sbtest6  (cost=0.43..389.35 rows=98 width=125)
	  Index Cond: ((id >= 4013656) AND (id <= 4013756))

table 7 : explain SELECT id, c FROM sbtest7 WHERE id BETWEEN 4013656 AND 4013756
	Index Scan using sbtest7_pkey on sbtest7  (cost=0.43..388.68 rows=98 width=125)
	  Index Cond: ((id >= 4013656) AND (id <= 4013756))

table 8 : explain SELECT id, c FROM sbtest8 WHERE id BETWEEN 4013656 AND 4013756
	Index Scan using sbtest8_pkey on sbtest8  (cost=0.43..389.18 rows=98 width=125)
	  Index Cond: ((id >= 4013656) AND (id <= 4013756))

explain: for range-notcovered :: explain SELECT id, c FROM sbtest%d WHERE id BETWEEN 5329734 AND 5329834
for range-notcovered
table 1 : explain SELECT id, c FROM sbtest1 WHERE id BETWEEN 6857437 AND 6857537
	Index Scan using sbtest1_pkey on sbtest1  (cost=0.43..397.06 rows=100 width=125)
	  Index Cond: ((id >= 6857437) AND (id <= 6857537))

table 2 : explain SELECT id, c FROM sbtest2 WHERE id BETWEEN 6857437 AND 6857537
	Index Scan using sbtest2_pkey on sbtest2  (cost=0.43..373.22 rows=94 width=125)
	  Index Cond: ((id >= 6857437) AND (id <= 6857537))

table 3 : explain SELECT id, c FROM sbtest3 WHERE id BETWEEN 6857437 AND 6857537
	Index Scan using sbtest3_pkey on sbtest3  (cost=0.43..394.53 rows=99 width=125)
	  Index Cond: ((id >= 6857437) AND (id <= 6857537))

table 4 : explain SELECT id, c FROM sbtest4 WHERE id BETWEEN 6857437 AND 6857537
	Index Scan using sbtest4_pkey on sbtest4  (cost=0.43..398.28 rows=100 width=125)
	  Index Cond: ((id >= 6857437) AND (id <= 6857537))

table 5 : explain SELECT id, c FROM sbtest5 WHERE id BETWEEN 6857437 AND 6857537
	Index Scan using sbtest5_pkey on sbtest5  (cost=0.43..435.33 rows=110 width=125)
	  Index Cond: ((id >= 6857437) AND (id <= 6857537))

table 6 : explain SELECT id, c FROM sbtest6 WHERE id BETWEEN 6857437 AND 6857537
	Index Scan using sbtest6_pkey on sbtest6  (cost=0.43..377.57 rows=95 width=125)
	  Index Cond: ((id >= 6857437) AND (id <= 6857537))

table 7 : explain SELECT id, c FROM sbtest7 WHERE id BETWEEN 6857437 AND 6857537
	Index Scan using sbtest7_pkey on sbtest7  (cost=0.43..392.60 rows=99 width=125)
	  Index Cond: ((id >= 6857437) AND (id <= 6857537))

table 8 : explain SELECT id, c FROM sbtest8 WHERE id BETWEEN 6857437 AND 6857537
	Index Scan using sbtest8_pkey on sbtest8  (cost=0.43..357.76 rows=90 width=125)
	  Index Cond: ((id >= 6857437) AND (id <= 6857537))

explain: for range-notcovered :: explain SELECT id, c FROM sbtest%d WHERE id BETWEEN 6857437 AND 6857537
explain: for range-notcovered :: explain SELECT id, c FROM sbtest%d WHERE id BETWEEN 2866170 AND 2866270
explain: for range-notcovered :: explain SELECT id, c FROM sbtest%d WHERE id BETWEEN 4616874 AND 4616974
for range-notcovered
table 1 : explain SELECT id, c FROM sbtest1 WHERE id BETWEEN 3664995 AND 3665095
	Index Scan using sbtest1_pkey on sbtest1  (cost=0.43..416.68 rows=105 width=125)
	  Index Cond: ((id >= 3664995) AND (id <= 3665095))

table 2 : explain SELECT id, c FROM sbtest2 WHERE id BETWEEN 3664995 AND 3665095
	Index Scan using sbtest2_pkey on sbtest2  (cost=0.43..428.15 rows=108 width=125)
	  Index Cond: ((id >= 3664995) AND (id <= 3665095))

table 3 : explain SELECT id, c FROM sbtest3 WHERE id BETWEEN 3664995 AND 3665095
	Index Scan using sbtest3_pkey on sbtest3  (cost=0.43..406.35 rows=102 width=125)
	  Index Cond: ((id >= 3664995) AND (id <= 3665095))

table 4 : explain SELECT id, c FROM sbtest4 WHERE id BETWEEN 3664995 AND 3665095
	Index Scan using sbtest4_pkey on sbtest4  (cost=0.43..417.97 rows=105 width=125)
	  Index Cond: ((id >= 3664995) AND (id <= 3665095))

table 5 : explain SELECT id, c FROM sbtest5 WHERE id BETWEEN 3664995 AND 3665095
	Index Scan using sbtest5_pkey on sbtest5  (cost=0.43..415.75 rows=105 width=125)
	  Index Cond: ((id >= 3664995) AND (id <= 3665095))

table 6 : explain SELECT id, c FROM sbtest6 WHERE id BETWEEN 3664995 AND 3665095
	Index Scan using sbtest6_pkey on sbtest6  (cost=0.43..401.13 rows=101 width=125)
	  Index Cond: ((id >= 3664995) AND (id <= 3665095))

table 7 : explain SELECT id, c FROM sbtest7 WHERE id BETWEEN 3664995 AND 3665095
	Index Scan using sbtest7_pkey on sbtest7  (cost=0.43..420.04 rows=106 width=125)
	  Index Cond: ((id >= 3664995) AND (id <= 3665095))

table 8 : explain SELECT id, c FROM sbtest8 WHERE id BETWEEN 3664995 AND 3665095
	Index Scan using sbtest8_pkey on sbtest8  (cost=0.43..404.88 rows=102 width=125)
	  Index Cond: ((id >= 3664995) AND (id <= 3665095))

for range-notcovered
table 1 : explain SELECT id, c FROM sbtest1 WHERE id BETWEEN 5329734 AND 5329834
	Index Scan using sbtest1_pkey on sbtest1  (cost=0.43..440.23 rows=111 width=125)
	  Index Cond: ((id >= 5329734) AND (id <= 5329834))

table 2 : explain SELECT id, c FROM sbtest2 WHERE id BETWEEN 5329734 AND 5329834
	Index Scan using sbtest2_pkey on sbtest2  (cost=0.43..381.09 rows=96 width=125)
	  Index Cond: ((id >= 5329734) AND (id <= 5329834))

table 3 : explain SELECT id, c FROM sbtest3 WHERE id BETWEEN 5329734 AND 5329834
	Index Scan using sbtest3_pkey on sbtest3  (cost=0.43..437.86 rows=110 width=125)
	  Index Cond: ((id >= 5329734) AND (id <= 5329834))

table 4 : explain SELECT id, c FROM sbtest4 WHERE id BETWEEN 5329734 AND 5329834
	Index Scan using sbtest4_pkey on sbtest4  (cost=0.43..406.16 rows=102 width=125)
	  Index Cond: ((id >= 5329734) AND (id <= 5329834))

table 5 : explain SELECT id, c FROM sbtest5 WHERE id BETWEEN 5329734 AND 5329834
	Index Scan using sbtest5_pkey on sbtest5  (cost=0.43..443.16 rows=112 width=125)
	  Index Cond: ((id >= 5329734) AND (id <= 5329834))

table 6 : explain SELECT id, c FROM sbtest6 WHERE id BETWEEN 5329734 AND 5329834
	Index Scan using sbtest6_pkey on sbtest6  (cost=0.43..412.90 rows=104 width=125)
	  Index Cond: ((id >= 5329734) AND (id <= 5329834))

table 7 : explain SELECT id, c FROM sbtest7 WHERE id BETWEEN 5329734 AND 5329834
	Index Scan using sbtest7_pkey on sbtest7  (cost=0.43..388.68 rows=98 width=125)
	  Index Cond: ((id >= 5329734) AND (id <= 5329834))

table 8 : explain SELECT id, c FROM sbtest8 WHERE id BETWEEN 5329734 AND 5329834
	Index Scan using sbtest8_pkey on sbtest8  (cost=0.43..400.95 rows=101 width=125)
	  Index Cond: ((id >= 5329734) AND (id <= 5329834))

for range-notcovered
table 1 : explain SELECT id, c FROM sbtest1 WHERE id BETWEEN 3898292 AND 3898392
	Index Scan using sbtest1_pkey on sbtest1  (cost=0.43..400.98 rows=101 width=125)
	  Index Cond: ((id >= 3898292) AND (id <= 3898392))

table 2 : explain SELECT id, c FROM sbtest2 WHERE id BETWEEN 3898292 AND 3898392
	Index Scan using sbtest2_pkey on sbtest2  (cost=0.43..408.54 rows=103 width=125)
	  Index Cond: ((id >= 3898292) AND (id <= 3898392))

table 3 : explain SELECT id, c FROM sbtest3 WHERE id BETWEEN 3898292 AND 3898392
	Index Scan using sbtest3_pkey on sbtest3  (cost=0.43..398.47 rows=100 width=125)
	  Index Cond: ((id >= 3898292) AND (id <= 3898392))

table 4 : explain SELECT id, c FROM sbtest4 WHERE id BETWEEN 3898292 AND 3898392
	Index Scan using sbtest4_pkey on sbtest4  (cost=0.43..351.02 rows=88 width=125)
	  Index Cond: ((id >= 3898292) AND (id <= 3898392))

table 5 : explain SELECT id, c FROM sbtest5 WHERE id BETWEEN 3898292 AND 3898392
	Index Scan using sbtest5_pkey on sbtest5  (cost=0.43..411.84 rows=104 width=125)
	  Index Cond: ((id >= 3898292) AND (id <= 3898392))

table 6 : explain SELECT id, c FROM sbtest6 WHERE id BETWEEN 3898292 AND 3898392
	Index Scan using sbtest6_pkey on sbtest6  (cost=0.43..401.13 rows=101 width=125)
	  Index Cond: ((id >= 3898292) AND (id <= 3898392))

table 7 : explain SELECT id, c FROM sbtest7 WHERE id BETWEEN 3898292 AND 3898392
	Index Scan using sbtest7_pkey on sbtest7  (cost=0.43..420.04 rows=106 width=125)
	  Index Cond: ((id >= 3898292) AND (id <= 3898392))

table 8 : explain SELECT id, c FROM sbtest8 WHERE id BETWEEN 3898292 AND 3898392
	Index Scan using sbtest8_pkey on sbtest8  (cost=0.43..361.69 rows=91 width=125)
	  Index Cond: ((id >= 3898292) AND (id <= 3898392))

explain: for range-notcovered :: explain SELECT id, c FROM sbtest%d WHERE id BETWEEN 5329734 AND 5329834
explain: for range-notcovered :: explain SELECT id, c FROM sbtest%d WHERE id BETWEEN 4013656 AND 4013756
explain: for range-notcovered :: explain SELECT id, c FROM sbtest%d WHERE id BETWEEN 3898292 AND 3898392
for range-notcovered
table 1 : explain SELECT id, c FROM sbtest1 WHERE id BETWEEN 6857437 AND 6857537
	Index Scan using sbtest1_pkey on sbtest1  (cost=0.43..397.06 rows=100 width=125)
	  Index Cond: ((id >= 6857437) AND (id <= 6857537))

table 2 : explain SELECT id, c FROM sbtest2 WHERE id BETWEEN 6857437 AND 6857537
	Index Scan using sbtest2_pkey on sbtest2  (cost=0.43..373.22 rows=94 width=125)
	  Index Cond: ((id >= 6857437) AND (id <= 6857537))

table 3 : explain SELECT id, c FROM sbtest3 WHERE id BETWEEN 6857437 AND 6857537
	Index Scan using sbtest3_pkey on sbtest3  (cost=0.43..394.53 rows=99 width=125)
	  Index Cond: ((id >= 6857437) AND (id <= 6857537))

table 4 : explain SELECT id, c FROM sbtest4 WHERE id BETWEEN 6857437 AND 6857537
	Index Scan using sbtest4_pkey on sbtest4  (cost=0.43..398.28 rows=100 width=125)
	  Index Cond: ((id >= 6857437) AND (id <= 6857537))

table 5 : explain SELECT id, c FROM sbtest5 WHERE id BETWEEN 6857437 AND 6857537
	Index Scan using sbtest5_pkey on sbtest5  (cost=0.43..435.33 rows=110 width=125)
	  Index Cond: ((id >= 6857437) AND (id <= 6857537))

table 6 : explain SELECT id, c FROM sbtest6 WHERE id BETWEEN 6857437 AND 6857537
	Index Scan using sbtest6_pkey on sbtest6  (cost=0.43..377.57 rows=95 width=125)
	  Index Cond: ((id >= 6857437) AND (id <= 6857537))

table 7 : explain SELECT id, c FROM sbtest7 WHERE id BETWEEN 6857437 AND 6857537
	Index Scan using sbtest7_pkey on sbtest7  (cost=0.43..392.60 rows=99 width=125)
	  Index Cond: ((id >= 6857437) AND (id <= 6857537))

table 8 : explain SELECT id, c FROM sbtest8 WHERE id BETWEEN 6857437 AND 6857537
	Index Scan using sbtest8_pkey on sbtest8  (cost=0.43..357.76 rows=90 width=125)
	  Index Cond: ((id >= 6857437) AND (id <= 6857537))

for range-notcovered
table 1 : explain SELECT id, c FROM sbtest1 WHERE id BETWEEN 5836646 AND 5836746
	Index Scan using sbtest1_pkey on sbtest1  (cost=0.43..397.06 rows=100 width=125)
	  Index Cond: ((id >= 5836646) AND (id <= 5836746))

table 2 : explain SELECT id, c FROM sbtest2 WHERE id BETWEEN 5836646 AND 5836746
	Index Scan using sbtest2_pkey on sbtest2  (cost=0.43..392.86 rows=99 width=125)
	  Index Cond: ((id >= 5836646) AND (id <= 5836746))

table 3 : explain SELECT id, c FROM sbtest3 WHERE id BETWEEN 5836646 AND 5836746
	Index Scan using sbtest3_pkey on sbtest3  (cost=0.43..386.65 rows=97 width=125)
	  Index Cond: ((id >= 5836646) AND (id <= 5836746))

table 4 : explain SELECT id, c FROM sbtest4 WHERE id BETWEEN 5836646 AND 5836746
	Index Scan using sbtest4_pkey on sbtest4  (cost=0.43..414.03 rows=104 width=125)
	  Index Cond: ((id >= 5836646) AND (id <= 5836746))

table 5 : explain SELECT id, c FROM sbtest5 WHERE id BETWEEN 5836646 AND 5836746
	Index Scan using sbtest5_pkey on sbtest5  (cost=0.43..396.18 rows=100 width=125)
	  Index Cond: ((id >= 5836646) AND (id <= 5836746))

table 6 : explain SELECT id, c FROM sbtest6 WHERE id BETWEEN 5836646 AND 5836746
	Index Scan using sbtest6_pkey on sbtest6  (cost=0.43..397.20 rows=100 width=125)
	  Index Cond: ((id >= 5836646) AND (id <= 5836746))

table 7 : explain SELECT id, c FROM sbtest7 WHERE id BETWEEN 5836646 AND 5836746
	Index Scan using sbtest7_pkey on sbtest7  (cost=0.43..408.28 rows=103 width=125)
	  Index Cond: ((id >= 5836646) AND (id <= 5836746))

table 8 : explain SELECT id, c FROM sbtest8 WHERE id BETWEEN 5836646 AND 5836746
	Index Scan using sbtest8_pkey on sbtest8  (cost=0.43..428.42 rows=108 width=125)
	  Index Cond: ((id >= 5836646) AND (id <= 5836746))

for range-notcovered
table 1 : explain SELECT id, c FROM sbtest1 WHERE id BETWEEN 4616874 AND 4616974
	Index Scan using sbtest1_pkey on sbtest1  (cost=0.43..428.45 rows=108 width=125)
	  Index Cond: ((id >= 4616874) AND (id <= 4616974))

table 2 : explain SELECT id, c FROM sbtest2 WHERE id BETWEEN 4616874 AND 4616974
	Index Scan using sbtest2_pkey on sbtest2  (cost=0.43..436.00 rows=110 width=125)
	  Index Cond: ((id >= 4616874) AND (id <= 4616974))

table 3 : explain SELECT id, c FROM sbtest3 WHERE id BETWEEN 4616874 AND 4616974
	Index Scan using sbtest3_pkey on sbtest3  (cost=0.43..382.72 rows=96 width=125)
	  Index Cond: ((id >= 4616874) AND (id <= 4616974))

table 4 : explain SELECT id, c FROM sbtest4 WHERE id BETWEEN 4616874 AND 4616974
	Index Scan using sbtest4_pkey on sbtest4  (cost=0.43..394.35 rows=99 width=125)
	  Index Cond: ((id >= 4616874) AND (id <= 4616974))

table 5 : explain SELECT id, c FROM sbtest5 WHERE id BETWEEN 4616874 AND 4616974
	Index Scan using sbtest5_pkey on sbtest5  (cost=0.43..388.34 rows=98 width=125)
	  Index Cond: ((id >= 4616874) AND (id <= 4616974))

table 6 : explain SELECT id, c FROM sbtest6 WHERE id BETWEEN 4616874 AND 4616974
	Index Scan using sbtest6_pkey on sbtest6  (cost=0.43..385.42 rows=97 width=125)
	  Index Cond: ((id >= 4616874) AND (id <= 4616974))

table 7 : explain SELECT id, c FROM sbtest7 WHERE id BETWEEN 4616874 AND 4616974
	Index Scan using sbtest7_pkey on sbtest7  (cost=0.43..439.63 rows=111 width=125)
	  Index Cond: ((id >= 4616874) AND (id <= 4616974))

table 8 : explain SELECT id, c FROM sbtest8 WHERE id BETWEEN 4616874 AND 4616974
	Index Scan using sbtest8_pkey on sbtest8  (cost=0.43..381.33 rows=96 width=125)
	  Index Cond: ((id >= 4616874) AND (id <= 4616974))

for range-notcovered
table 1 : explain SELECT id, c FROM sbtest1 WHERE id BETWEEN 3929569 AND 3929669
	Index Scan using sbtest1_pkey on sbtest1  (cost=0.43..400.98 rows=101 width=125)
	  Index Cond: ((id >= 3929569) AND (id <= 3929669))

table 2 : explain SELECT id, c FROM sbtest2 WHERE id BETWEEN 3929569 AND 3929669
	Index Scan using sbtest2_pkey on sbtest2  (cost=0.43..408.54 rows=103 width=125)
	  Index Cond: ((id >= 3929569) AND (id <= 3929669))

table 3 : explain SELECT id, c FROM sbtest3 WHERE id BETWEEN 3929569 AND 3929669
	Index Scan using sbtest3_pkey on sbtest3  (cost=0.43..398.47 rows=100 width=125)
	  Index Cond: ((id >= 3929569) AND (id <= 3929669))

table 4 : explain SELECT id, c FROM sbtest4 WHERE id BETWEEN 3929569 AND 3929669
	Index Scan using sbtest4_pkey on sbtest4  (cost=0.43..351.02 rows=88 width=125)
	  Index Cond: ((id >= 3929569) AND (id <= 3929669))

table 5 : explain SELECT id, c FROM sbtest5 WHERE id BETWEEN 3929569 AND 3929669
	Index Scan using sbtest5_pkey on sbtest5  (cost=0.43..411.84 rows=104 width=125)
	  Index Cond: ((id >= 3929569) AND (id <= 3929669))

table 6 : explain SELECT id, c FROM sbtest6 WHERE id BETWEEN 3929569 AND 3929669
	Index Scan using sbtest6_pkey on sbtest6  (cost=0.43..401.13 rows=101 width=125)
	  Index Cond: ((id >= 3929569) AND (id <= 3929669))

table 7 : explain SELECT id, c FROM sbtest7 WHERE id BETWEEN 3929569 AND 3929669
	Index Scan using sbtest7_pkey on sbtest7  (cost=0.43..420.04 rows=106 width=125)
	  Index Cond: ((id >= 3929569) AND (id <= 3929669))

table 8 : explain SELECT id, c FROM sbtest8 WHERE id BETWEEN 3929569 AND 3929669
	Index Scan using sbtest8_pkey on sbtest8  (cost=0.43..361.69 rows=91 width=125)
	  Index Cond: ((id >= 3929569) AND (id <= 3929669))

explain: for range-notcovered :: explain SELECT id, c FROM sbtest%d WHERE id BETWEEN 5836646 AND 5836746
explain: for range-notcovered :: explain SELECT id, c FROM sbtest%d WHERE id BETWEEN 4616874 AND 4616974
explain: for range-notcovered :: explain SELECT id, c FROM sbtest%d WHERE id BETWEEN 3929569 AND 3929669
for range-notcovered
table 1 : explain SELECT id, c FROM sbtest1 WHERE id BETWEEN 5329734 AND 5329834
	Index Scan using sbtest1_pkey on sbtest1  (cost=0.43..440.23 rows=111 width=125)
	  Index Cond: ((id >= 5329734) AND (id <= 5329834))

table 2 : explain SELECT id, c FROM sbtest2 WHERE id BETWEEN 5329734 AND 5329834
	Index Scan using sbtest2_pkey on sbtest2  (cost=0.43..381.09 rows=96 width=125)
	  Index Cond: ((id >= 5329734) AND (id <= 5329834))

table 3 : explain SELECT id, c FROM sbtest3 WHERE id BETWEEN 5329734 AND 5329834
	Index Scan using sbtest3_pkey on sbtest3  (cost=0.43..437.86 rows=110 width=125)
	  Index Cond: ((id >= 5329734) AND (id <= 5329834))

table 4 : explain SELECT id, c FROM sbtest4 WHERE id BETWEEN 5329734 AND 5329834
	Index Scan using sbtest4_pkey on sbtest4  (cost=0.43..406.16 rows=102 width=125)
	  Index Cond: ((id >= 5329734) AND (id <= 5329834))

table 5 : explain SELECT id, c FROM sbtest5 WHERE id BETWEEN 5329734 AND 5329834
	Index Scan using sbtest5_pkey on sbtest5  (cost=0.43..443.16 rows=112 width=125)
	  Index Cond: ((id >= 5329734) AND (id <= 5329834))

table 6 : explain SELECT id, c FROM sbtest6 WHERE id BETWEEN 5329734 AND 5329834
	Index Scan using sbtest6_pkey on sbtest6  (cost=0.43..412.90 rows=104 width=125)
	  Index Cond: ((id >= 5329734) AND (id <= 5329834))

table 7 : explain SELECT id, c FROM sbtest7 WHERE id BETWEEN 5329734 AND 5329834
	Index Scan using sbtest7_pkey on sbtest7  (cost=0.43..388.68 rows=98 width=125)
	  Index Cond: ((id >= 5329734) AND (id <= 5329834))

table 8 : explain SELECT id, c FROM sbtest8 WHERE id BETWEEN 5329734 AND 5329834
	Index Scan using sbtest8_pkey on sbtest8  (cost=0.43..400.95 rows=101 width=125)
	  Index Cond: ((id >= 5329734) AND (id <= 5329834))

explain: for range-notcovered :: explain SELECT id, c FROM sbtest%d WHERE id BETWEEN 5329734 AND 5329834
for range-notcovered
table 1 : explain SELECT id, c FROM sbtest1 WHERE id BETWEEN 4013656 AND 4013756
	Index Scan using sbtest1_pkey on sbtest1  (cost=0.43..393.13 rows=99 width=125)
	  Index Cond: ((id >= 4013656) AND (id <= 4013756))

table 2 : explain SELECT id, c FROM sbtest2 WHERE id BETWEEN 4013656 AND 4013756
	Index Scan using sbtest2_pkey on sbtest2  (cost=0.43..412.47 rows=104 width=125)
	  Index Cond: ((id >= 4013656) AND (id <= 4013756))

table 3 : explain SELECT id, c FROM sbtest3 WHERE id BETWEEN 4013656 AND 4013756
	Index Scan using sbtest3_pkey on sbtest3  (cost=0.43..433.92 rows=109 width=125)
	  Index Cond: ((id >= 4013656) AND (id <= 4013756))

table 4 : explain SELECT id, c FROM sbtest4 WHERE id BETWEEN 4013656 AND 4013756
	Index Scan using sbtest4_pkey on sbtest4  (cost=0.43..386.47 rows=97 width=125)
	  Index Cond: ((id >= 4013656) AND (id <= 4013756))

table 5 : explain SELECT id, c FROM sbtest5 WHERE id BETWEEN 4013656 AND 4013756
	Index Scan using sbtest5_pkey on sbtest5  (cost=0.43..392.26 rows=99 width=125)
	  Index Cond: ((id >= 4013656) AND (id <= 4013756))

table 6 : explain SELECT id, c FROM sbtest6 WHERE id BETWEEN 4013656 AND 4013756
	Index Scan using sbtest6_pkey on sbtest6  (cost=0.43..389.35 rows=98 width=125)
	  Index Cond: ((id >= 4013656) AND (id <= 4013756))

table 7 : explain SELECT id, c FROM sbtest7 WHERE id BETWEEN 4013656 AND 4013756
	Index Scan using sbtest7_pkey on sbtest7  (cost=0.43..388.68 rows=98 width=125)
	  Index Cond: ((id >= 4013656) AND (id <= 4013756))

table 8 : explain SELECT id, c FROM sbtest8 WHERE id BETWEEN 4013656 AND 4013756
	Index Scan using sbtest8_pkey on sbtest8  (cost=0.43..389.18 rows=98 width=125)
	  Index Cond: ((id >= 4013656) AND (id <= 4013756))

for range-notcovered
table 1 : explain SELECT id, c FROM sbtest1 WHERE id BETWEEN 3898292 AND 3898392
	Index Scan using sbtest1_pkey on sbtest1  (cost=0.43..400.98 rows=101 width=125)
	  Index Cond: ((id >= 3898292) AND (id <= 3898392))

table 2 : explain SELECT id, c FROM sbtest2 WHERE id BETWEEN 3898292 AND 3898392
	Index Scan using sbtest2_pkey on sbtest2  (cost=0.43..408.54 rows=103 width=125)
	  Index Cond: ((id >= 3898292) AND (id <= 3898392))

table 3 : explain SELECT id, c FROM sbtest3 WHERE id BETWEEN 3898292 AND 3898392
	Index Scan using sbtest3_pkey on sbtest3  (cost=0.43..398.47 rows=100 width=125)
	  Index Cond: ((id >= 3898292) AND (id <= 3898392))

table 4 : explain SELECT id, c FROM sbtest4 WHERE id BETWEEN 3898292 AND 3898392
	Index Scan using sbtest4_pkey on sbtest4  (cost=0.43..351.02 rows=88 width=125)
	  Index Cond: ((id >= 3898292) AND (id <= 3898392))

table 5 : explain SELECT id, c FROM sbtest5 WHERE id BETWEEN 3898292 AND 3898392
	Index Scan using sbtest5_pkey on sbtest5  (cost=0.43..411.84 rows=104 width=125)
	  Index Cond: ((id >= 3898292) AND (id <= 3898392))

table 6 : explain SELECT id, c FROM sbtest6 WHERE id BETWEEN 3898292 AND 3898392
	Index Scan using sbtest6_pkey on sbtest6  (cost=0.43..401.13 rows=101 width=125)
	  Index Cond: ((id >= 3898292) AND (id <= 3898392))

table 7 : explain SELECT id, c FROM sbtest7 WHERE id BETWEEN 3898292 AND 3898392
	Index Scan using sbtest7_pkey on sbtest7  (cost=0.43..420.04 rows=106 width=125)
	  Index Cond: ((id >= 3898292) AND (id <= 3898392))

table 8 : explain SELECT id, c FROM sbtest8 WHERE id BETWEEN 3898292 AND 3898392
	Index Scan using sbtest8_pkey on sbtest8  (cost=0.43..361.69 rows=91 width=125)
	  Index Cond: ((id >= 3898292) AND (id <= 3898392))

explain: for range-notcovered :: explain SELECT id, c FROM sbtest%d WHERE id BETWEEN 4013656 AND 4013756
explain: for range-notcovered :: explain SELECT id, c FROM sbtest%d WHERE id BETWEEN 3898292 AND 3898392
for range-notcovered
table 1 : explain SELECT id, c FROM sbtest1 WHERE id BETWEEN 5836646 AND 5836746
	Index Scan using sbtest1_pkey on sbtest1  (cost=0.43..397.06 rows=100 width=125)
	  Index Cond: ((id >= 5836646) AND (id <= 5836746))

table 2 : explain SELECT id, c FROM sbtest2 WHERE id BETWEEN 5836646 AND 5836746
	Index Scan using sbtest2_pkey on sbtest2  (cost=0.43..392.86 rows=99 width=125)
	  Index Cond: ((id >= 5836646) AND (id <= 5836746))

table 3 : explain SELECT id, c FROM sbtest3 WHERE id BETWEEN 5836646 AND 5836746
	Index Scan using sbtest3_pkey on sbtest3  (cost=0.43..386.65 rows=97 width=125)
	  Index Cond: ((id >= 5836646) AND (id <= 5836746))

table 4 : explain SELECT id, c FROM sbtest4 WHERE id BETWEEN 5836646 AND 5836746
	Index Scan using sbtest4_pkey on sbtest4  (cost=0.43..414.03 rows=104 width=125)
	  Index Cond: ((id >= 5836646) AND (id <= 5836746))

table 5 : explain SELECT id, c FROM sbtest5 WHERE id BETWEEN 5836646 AND 5836746
	Index Scan using sbtest5_pkey on sbtest5  (cost=0.43..396.18 rows=100 width=125)
	  Index Cond: ((id >= 5836646) AND (id <= 5836746))

table 6 : explain SELECT id, c FROM sbtest6 WHERE id BETWEEN 5836646 AND 5836746
	Index Scan using sbtest6_pkey on sbtest6  (cost=0.43..397.20 rows=100 width=125)
	  Index Cond: ((id >= 5836646) AND (id <= 5836746))

table 7 : explain SELECT id, c FROM sbtest7 WHERE id BETWEEN 5836646 AND 5836746
	Index Scan using sbtest7_pkey on sbtest7  (cost=0.43..408.28 rows=103 width=125)
	  Index Cond: ((id >= 5836646) AND (id <= 5836746))

table 8 : explain SELECT id, c FROM sbtest8 WHERE id BETWEEN 5836646 AND 5836746
	Index Scan using sbtest8_pkey on sbtest8  (cost=0.43..428.42 rows=108 width=125)
	  Index Cond: ((id >= 5836646) AND (id <= 5836746))

for range-notcovered
table 1 : explain SELECT id, c FROM sbtest1 WHERE id BETWEEN 3929569 AND 3929669
	Index Scan using sbtest1_pkey on sbtest1  (cost=0.43..400.98 rows=101 width=125)
	  Index Cond: ((id >= 3929569) AND (id <= 3929669))

table 2 : explain SELECT id, c FROM sbtest2 WHERE id BETWEEN 3929569 AND 3929669
	Index Scan using sbtest2_pkey on sbtest2  (cost=0.43..408.54 rows=103 width=125)
	  Index Cond: ((id >= 3929569) AND (id <= 3929669))

table 3 : explain SELECT id, c FROM sbtest3 WHERE id BETWEEN 3929569 AND 3929669
	Index Scan using sbtest3_pkey on sbtest3  (cost=0.43..398.47 rows=100 width=125)
	  Index Cond: ((id >= 3929569) AND (id <= 3929669))

table 4 : explain SELECT id, c FROM sbtest4 WHERE id BETWEEN 3929569 AND 3929669
	Index Scan using sbtest4_pkey on sbtest4  (cost=0.43..351.02 rows=88 width=125)
	  Index Cond: ((id >= 3929569) AND (id <= 3929669))

table 5 : explain SELECT id, c FROM sbtest5 WHERE id BETWEEN 3929569 AND 3929669
	Index Scan using sbtest5_pkey on sbtest5  (cost=0.43..411.84 rows=104 width=125)
	  Index Cond: ((id >= 3929569) AND (id <= 3929669))

table 6 : explain SELECT id, c FROM sbtest6 WHERE id BETWEEN 3929569 AND 3929669
	Index Scan using sbtest6_pkey on sbtest6  (cost=0.43..401.13 rows=101 width=125)
	  Index Cond: ((id >= 3929569) AND (id <= 3929669))

table 7 : explain SELECT id, c FROM sbtest7 WHERE id BETWEEN 3929569 AND 3929669
	Index Scan using sbtest7_pkey on sbtest7  (cost=0.43..420.04 rows=106 width=125)
	  Index Cond: ((id >= 3929569) AND (id <= 3929669))

table 8 : explain SELECT id, c FROM sbtest8 WHERE id BETWEEN 3929569 AND 3929669
	Index Scan using sbtest8_pkey on sbtest8  (cost=0.43..361.69 rows=91 width=125)
	  Index Cond: ((id >= 3929569) AND (id <= 3929669))

explain: for range-notcovered :: explain SELECT id, c FROM sbtest%d WHERE id BETWEEN 5836646 AND 5836746
explain: for range-notcovered :: explain SELECT id, c FROM sbtest%d WHERE id BETWEEN 3929569 AND 3929669
for range-notcovered
table 1 : explain SELECT id, c FROM sbtest1 WHERE id BETWEEN 5329734 AND 5329834
	Index Scan using sbtest1_pkey on sbtest1  (cost=0.43..440.23 rows=111 width=125)
	  Index Cond: ((id >= 5329734) AND (id <= 5329834))

table 2 : explain SELECT id, c FROM sbtest2 WHERE id BETWEEN 5329734 AND 5329834
	Index Scan using sbtest2_pkey on sbtest2  (cost=0.43..381.09 rows=96 width=125)
	  Index Cond: ((id >= 5329734) AND (id <= 5329834))

table 3 : explain SELECT id, c FROM sbtest3 WHERE id BETWEEN 5329734 AND 5329834
	Index Scan using sbtest3_pkey on sbtest3  (cost=0.43..437.86 rows=110 width=125)
	  Index Cond: ((id >= 5329734) AND (id <= 5329834))

table 4 : explain SELECT id, c FROM sbtest4 WHERE id BETWEEN 5329734 AND 5329834
	Index Scan using sbtest4_pkey on sbtest4  (cost=0.43..406.16 rows=102 width=125)
	  Index Cond: ((id >= 5329734) AND (id <= 5329834))

table 5 : explain SELECT id, c FROM sbtest5 WHERE id BETWEEN 5329734 AND 5329834
	Index Scan using sbtest5_pkey on sbtest5  (cost=0.43..443.16 rows=112 width=125)
	  Index Cond: ((id >= 5329734) AND (id <= 5329834))

table 6 : explain SELECT id, c FROM sbtest6 WHERE id BETWEEN 5329734 AND 5329834
	Index Scan using sbtest6_pkey on sbtest6  (cost=0.43..412.90 rows=104 width=125)
	  Index Cond: ((id >= 5329734) AND (id <= 5329834))

table 7 : explain SELECT id, c FROM sbtest7 WHERE id BETWEEN 5329734 AND 5329834
	Index Scan using sbtest7_pkey on sbtest7  (cost=0.43..388.68 rows=98 width=125)
	  Index Cond: ((id >= 5329734) AND (id <= 5329834))

table 8 : explain SELECT id, c FROM sbtest8 WHERE id BETWEEN 5329734 AND 5329834
	Index Scan using sbtest8_pkey on sbtest8  (cost=0.43..400.95 rows=101 width=125)
	  Index Cond: ((id >= 5329734) AND (id <= 5329834))

explain: for range-notcovered :: explain SELECT id, c FROM sbtest%d WHERE id BETWEEN 5329734 AND 5329834
for range-notcovered
table 1 : explain SELECT id, c FROM sbtest1 WHERE id BETWEEN 3898292 AND 3898392
	Index Scan using sbtest1_pkey on sbtest1  (cost=0.43..400.98 rows=101 width=125)
	  Index Cond: ((id >= 3898292) AND (id <= 3898392))

table 2 : explain SELECT id, c FROM sbtest2 WHERE id BETWEEN 3898292 AND 3898392
	Index Scan using sbtest2_pkey on sbtest2  (cost=0.43..408.54 rows=103 width=125)
	  Index Cond: ((id >= 3898292) AND (id <= 3898392))

table 3 : explain SELECT id, c FROM sbtest3 WHERE id BETWEEN 3898292 AND 3898392
	Index Scan using sbtest3_pkey on sbtest3  (cost=0.43..398.47 rows=100 width=125)
	  Index Cond: ((id >= 3898292) AND (id <= 3898392))

table 4 : explain SELECT id, c FROM sbtest4 WHERE id BETWEEN 3898292 AND 3898392
	Index Scan using sbtest4_pkey on sbtest4  (cost=0.43..351.02 rows=88 width=125)
	  Index Cond: ((id >= 3898292) AND (id <= 3898392))

table 5 : explain SELECT id, c FROM sbtest5 WHERE id BETWEEN 3898292 AND 3898392
	Index Scan using sbtest5_pkey on sbtest5  (cost=0.43..411.84 rows=104 width=125)
	  Index Cond: ((id >= 3898292) AND (id <= 3898392))

table 6 : explain SELECT id, c FROM sbtest6 WHERE id BETWEEN 3898292 AND 3898392
	Index Scan using sbtest6_pkey on sbtest6  (cost=0.43..401.13 rows=101 width=125)
	  Index Cond: ((id >= 3898292) AND (id <= 3898392))

table 7 : explain SELECT id, c FROM sbtest7 WHERE id BETWEEN 3898292 AND 3898392
	Index Scan using sbtest7_pkey on sbtest7  (cost=0.43..420.04 rows=106 width=125)
	  Index Cond: ((id >= 3898292) AND (id <= 3898392))

table 8 : explain SELECT id, c FROM sbtest8 WHERE id BETWEEN 3898292 AND 3898392
	Index Scan using sbtest8_pkey on sbtest8  (cost=0.43..361.69 rows=91 width=125)
	  Index Cond: ((id >= 3898292) AND (id <= 3898392))

explain: for range-notcovered :: explain SELECT id, c FROM sbtest%d WHERE id BETWEEN 3898292 AND 3898392
for range-notcovered
table 1 : explain SELECT id, c FROM sbtest1 WHERE id BETWEEN 4616874 AND 4616974
	Index Scan using sbtest1_pkey on sbtest1  (cost=0.43..428.45 rows=108 width=125)
	  Index Cond: ((id >= 4616874) AND (id <= 4616974))

table 2 : explain SELECT id, c FROM sbtest2 WHERE id BETWEEN 4616874 AND 4616974
	Index Scan using sbtest2_pkey on sbtest2  (cost=0.43..436.00 rows=110 width=125)
	  Index Cond: ((id >= 4616874) AND (id <= 4616974))

table 3 : explain SELECT id, c FROM sbtest3 WHERE id BETWEEN 4616874 AND 4616974
	Index Scan using sbtest3_pkey on sbtest3  (cost=0.43..382.72 rows=96 width=125)
	  Index Cond: ((id >= 4616874) AND (id <= 4616974))

table 4 : explain SELECT id, c FROM sbtest4 WHERE id BETWEEN 4616874 AND 4616974
	Index Scan using sbtest4_pkey on sbtest4  (cost=0.43..394.35 rows=99 width=125)
	  Index Cond: ((id >= 4616874) AND (id <= 4616974))

table 5 : explain SELECT id, c FROM sbtest5 WHERE id BETWEEN 4616874 AND 4616974
	Index Scan using sbtest5_pkey on sbtest5  (cost=0.43..388.34 rows=98 width=125)
	  Index Cond: ((id >= 4616874) AND (id <= 4616974))

table 6 : explain SELECT id, c FROM sbtest6 WHERE id BETWEEN 4616874 AND 4616974
	Index Scan using sbtest6_pkey on sbtest6  (cost=0.43..385.42 rows=97 width=125)
	  Index Cond: ((id >= 4616874) AND (id <= 4616974))

table 7 : explain SELECT id, c FROM sbtest7 WHERE id BETWEEN 4616874 AND 4616974
	Index Scan using sbtest7_pkey on sbtest7  (cost=0.43..439.63 rows=111 width=125)
	  Index Cond: ((id >= 4616874) AND (id <= 4616974))

table 8 : explain SELECT id, c FROM sbtest8 WHERE id BETWEEN 4616874 AND 4616974
	Index Scan using sbtest8_pkey on sbtest8  (cost=0.43..381.33 rows=96 width=125)
	  Index Cond: ((id >= 4616874) AND (id <= 4616974))

for range-notcovered
table 1 : explain SELECT id, c FROM sbtest1 WHERE id BETWEEN 5836646 AND 5836746
	Index Scan using sbtest1_pkey on sbtest1  (cost=0.43..397.06 rows=100 width=125)
	  Index Cond: ((id >= 5836646) AND (id <= 5836746))

table 2 : explain SELECT id, c FROM sbtest2 WHERE id BETWEEN 5836646 AND 5836746
	Index Scan using sbtest2_pkey on sbtest2  (cost=0.43..392.86 rows=99 width=125)
	  Index Cond: ((id >= 5836646) AND (id <= 5836746))

table 3 : explain SELECT id, c FROM sbtest3 WHERE id BETWEEN 5836646 AND 5836746
	Index Scan using sbtest3_pkey on sbtest3  (cost=0.43..386.65 rows=97 width=125)
	  Index Cond: ((id >= 5836646) AND (id <= 5836746))

table 4 : explain SELECT id, c FROM sbtest4 WHERE id BETWEEN 5836646 AND 5836746
	Index Scan using sbtest4_pkey on sbtest4  (cost=0.43..414.03 rows=104 width=125)
	  Index Cond: ((id >= 5836646) AND (id <= 5836746))

table 5 : explain SELECT id, c FROM sbtest5 WHERE id BETWEEN 5836646 AND 5836746
	Index Scan using sbtest5_pkey on sbtest5  (cost=0.43..396.18 rows=100 width=125)
	  Index Cond: ((id >= 5836646) AND (id <= 5836746))

table 6 : explain SELECT id, c FROM sbtest6 WHERE id BETWEEN 5836646 AND 5836746
	Index Scan using sbtest6_pkey on sbtest6  (cost=0.43..397.20 rows=100 width=125)
	  Index Cond: ((id >= 5836646) AND (id <= 5836746))

table 7 : explain SELECT id, c FROM sbtest7 WHERE id BETWEEN 5836646 AND 5836746
	Index Scan using sbtest7_pkey on sbtest7  (cost=0.43..408.28 rows=103 width=125)
	  Index Cond: ((id >= 5836646) AND (id <= 5836746))

table 8 : explain SELECT id, c FROM sbtest8 WHERE id BETWEEN 5836646 AND 5836746
	Index Scan using sbtest8_pkey on sbtest8  (cost=0.43..428.42 rows=108 width=125)
	  Index Cond: ((id >= 5836646) AND (id <= 5836746))

explain: for range-notcovered :: explain SELECT id, c FROM sbtest%d WHERE id BETWEEN 4616874 AND 4616974
for range-notcovered
table 1 : explain SELECT id, c FROM sbtest1 WHERE id BETWEEN 3929569 AND 3929669
	Index Scan using sbtest1_pkey on sbtest1  (cost=0.43..400.98 rows=101 width=125)
	  Index Cond: ((id >= 3929569) AND (id <= 3929669))

table 2 : explain SELECT id, c FROM sbtest2 WHERE id BETWEEN 3929569 AND 3929669
	Index Scan using sbtest2_pkey on sbtest2  (cost=0.43..408.54 rows=103 width=125)
	  Index Cond: ((id >= 3929569) AND (id <= 3929669))

table 3 : explain SELECT id, c FROM sbtest3 WHERE id BETWEEN 3929569 AND 3929669
	Index Scan using sbtest3_pkey on sbtest3  (cost=0.43..398.47 rows=100 width=125)
	  Index Cond: ((id >= 3929569) AND (id <= 3929669))

table 4 : explain SELECT id, c FROM sbtest4 WHERE id BETWEEN 3929569 AND 3929669
	Index Scan using sbtest4_pkey on sbtest4  (cost=0.43..351.02 rows=88 width=125)
	  Index Cond: ((id >= 3929569) AND (id <= 3929669))

table 5 : explain SELECT id, c FROM sbtest5 WHERE id BETWEEN 3929569 AND 3929669
	Index Scan using sbtest5_pkey on sbtest5  (cost=0.43..411.84 rows=104 width=125)
	  Index Cond: ((id >= 3929569) AND (id <= 3929669))

table 6 : explain SELECT id, c FROM sbtest6 WHERE id BETWEEN 3929569 AND 3929669
	Index Scan using sbtest6_pkey on sbtest6  (cost=0.43..401.13 rows=101 width=125)
	  Index Cond: ((id >= 3929569) AND (id <= 3929669))

table 7 : explain SELECT id, c FROM sbtest7 WHERE id BETWEEN 3929569 AND 3929669
	Index Scan using sbtest7_pkey on sbtest7  (cost=0.43..420.04 rows=106 width=125)
	  Index Cond: ((id >= 3929569) AND (id <= 3929669))

table 8 : explain SELECT id, c FROM sbtest8 WHERE id BETWEEN 3929569 AND 3929669
	Index Scan using sbtest8_pkey on sbtest8  (cost=0.43..361.69 rows=91 width=125)
	  Index Cond: ((id >= 3929569) AND (id <= 3929669))

explain: for range-notcovered :: explain SELECT id, c FROM sbtest%d WHERE id BETWEEN 5836646 AND 5836746
explain: for range-notcovered :: explain SELECT id, c FROM sbtest%d WHERE id BETWEEN 3929569 AND 3929669
for range-notcovered
table 1 : explain SELECT id, c FROM sbtest1 WHERE id BETWEEN 5329734 AND 5329834
	Index Scan using sbtest1_pkey on sbtest1  (cost=0.43..440.23 rows=111 width=125)
	  Index Cond: ((id >= 5329734) AND (id <= 5329834))

table 2 : explain SELECT id, c FROM sbtest2 WHERE id BETWEEN 5329734 AND 5329834
	Index Scan using sbtest2_pkey on sbtest2  (cost=0.43..381.09 rows=96 width=125)
	  Index Cond: ((id >= 5329734) AND (id <= 5329834))

table 3 : explain SELECT id, c FROM sbtest3 WHERE id BETWEEN 5329734 AND 5329834
	Index Scan using sbtest3_pkey on sbtest3  (cost=0.43..437.86 rows=110 width=125)
	  Index Cond: ((id >= 5329734) AND (id <= 5329834))

table 4 : explain SELECT id, c FROM sbtest4 WHERE id BETWEEN 5329734 AND 5329834
	Index Scan using sbtest4_pkey on sbtest4  (cost=0.43..406.16 rows=102 width=125)
	  Index Cond: ((id >= 5329734) AND (id <= 5329834))

table 5 : explain SELECT id, c FROM sbtest5 WHERE id BETWEEN 5329734 AND 5329834
	Index Scan using sbtest5_pkey on sbtest5  (cost=0.43..443.16 rows=112 width=125)
	  Index Cond: ((id >= 5329734) AND (id <= 5329834))

table 6 : explain SELECT id, c FROM sbtest6 WHERE id BETWEEN 5329734 AND 5329834
	Index Scan using sbtest6_pkey on sbtest6  (cost=0.43..412.90 rows=104 width=125)
	  Index Cond: ((id >= 5329734) AND (id <= 5329834))

table 7 : explain SELECT id, c FROM sbtest7 WHERE id BETWEEN 5329734 AND 5329834
	Index Scan using sbtest7_pkey on sbtest7  (cost=0.43..388.68 rows=98 width=125)
	  Index Cond: ((id >= 5329734) AND (id <= 5329834))

table 8 : explain SELECT id, c FROM sbtest8 WHERE id BETWEEN 5329734 AND 5329834
	Index Scan using sbtest8_pkey on sbtest8  (cost=0.43..400.95 rows=101 width=125)
	  Index Cond: ((id >= 5329734) AND (id <= 5329834))
for range-notcovered
table 1 : explain SELECT id, c FROM sbtest1 WHERE id BETWEEN 3898292 AND 3898392
	Index Scan using sbtest1_pkey on sbtest1  (cost=0.43..400.98 rows=101 width=125)
	  Index Cond: ((id >= 3898292) AND (id <= 3898392))

table 2 : explain SELECT id, c FROM sbtest2 WHERE id BETWEEN 3898292 AND 3898392
	Index Scan using sbtest2_pkey on sbtest2  (cost=0.43..408.54 rows=103 width=125)
	  Index Cond: ((id >= 3898292) AND (id <= 3898392))

table 3 : explain SELECT id, c FROM sbtest3 WHERE id BETWEEN 3898292 AND 3898392
	Index Scan using sbtest3_pkey on sbtest3  (cost=0.43..398.47 rows=100 width=125)
	  Index Cond: ((id >= 3898292) AND (id <= 3898392))

table 4 : explain SELECT id, c FROM sbtest4 WHERE id BETWEEN 3898292 AND 3898392
	Index Scan using sbtest4_pkey on sbtest4  (cost=0.43..351.02 rows=88 width=125)
	  Index Cond: ((id >= 3898292) AND (id <= 3898392))

table 5 : explain SELECT id, c FROM sbtest5 WHERE id BETWEEN 3898292 AND 3898392
	Index Scan using sbtest5_pkey on sbtest5  (cost=0.43..411.84 rows=104 width=125)
	  Index Cond: ((id >= 3898292) AND (id <= 3898392))

table 6 : explain SELECT id, c FROM sbtest6 WHERE id BETWEEN 3898292 AND 3898392
	Index Scan using sbtest6_pkey on sbtest6  (cost=0.43..401.13 rows=101 width=125)
	  Index Cond: ((id >= 3898292) AND (id <= 3898392))

table 7 : explain SELECT id, c FROM sbtest7 WHERE id BETWEEN 3898292 AND 3898392
	Index Scan using sbtest7_pkey on sbtest7  (cost=0.43..420.04 rows=106 width=125)
	  Index Cond: ((id >= 3898292) AND (id <= 3898392))

table 8 : explain SELECT id, c FROM sbtest8 WHERE id BETWEEN 3898292 AND 3898392
	Index Scan using sbtest8_pkey on sbtest8  (cost=0.43..361.69 rows=91 width=125)
	  Index Cond: ((id >= 3898292) AND (id <= 3898392))


explain: for range-notcovered :: explain SELECT id, c FROM sbtest%d WHERE id BETWEEN 3898292 AND 3898392
for range-notcovered
table 1 : explain SELECT id, c FROM sbtest1 WHERE id BETWEEN 1046155 AND 1046255
	Index Scan using sbtest1_pkey on sbtest1  (cost=0.43..428.45 rows=108 width=125)
	  Index Cond: ((id >= 1046155) AND (id <= 1046255))

table 2 : explain SELECT id, c FROM sbtest2 WHERE id BETWEEN 1046155 AND 1046255
	Index Scan using sbtest2_pkey on sbtest2  (cost=0.43..365.38 rows=92 width=125)
	  Index Cond: ((id >= 1046155) AND (id <= 1046255))

table 3 : explain SELECT id, c FROM sbtest3 WHERE id BETWEEN 1046155 AND 1046255
	Index Scan using sbtest3_pkey on sbtest3  (cost=0.43..398.47 rows=100 width=125)
	  Index Cond: ((id >= 1046155) AND (id <= 1046255))

table 4 : explain SELECT id, c FROM sbtest4 WHERE id BETWEEN 1046155 AND 1046255
	Index Scan using sbtest4_pkey on sbtest4  (cost=0.43..406.16 rows=102 width=125)
	  Index Cond: ((id >= 1046155) AND (id <= 1046255))

table 5 : explain SELECT id, c FROM sbtest5 WHERE id BETWEEN 1046155 AND 1046255
	Index Scan using sbtest5_pkey on sbtest5  (cost=0.43..384.43 rows=97 width=125)
	  Index Cond: ((id >= 1046155) AND (id <= 1046255))

table 6 : explain SELECT id, c FROM sbtest6 WHERE id BETWEEN 1046155 AND 1046255
	Index Scan using sbtest6_pkey on sbtest6  (cost=0.43..393.27 rows=99 width=125)
	  Index Cond: ((id >= 1046155) AND (id <= 1046255))

table 7 : explain SELECT id, c FROM sbtest7 WHERE id BETWEEN 1046155 AND 1046255
	Index Scan using sbtest7_pkey on sbtest7  (cost=0.43..392.60 rows=99 width=125)
	  Index Cond: ((id >= 1046155) AND (id <= 1046255))

table 8 : explain SELECT id, c FROM sbtest8 WHERE id BETWEEN 1046155 AND 1046255
	Index Scan using sbtest8_pkey on sbtest8  (cost=0.43..381.33 rows=96 width=125)
	  Index Cond: ((id >= 1046155) AND (id <= 1046255))

explain: for range-notcovered :: explain SELECT id, c FROM sbtest%d WHERE id BETWEEN 5329734 AND 5329834
explain: for range-notcovered :: explain SELECT id, c FROM sbtest%d WHERE id BETWEEN 1046155 AND 1046255
for range-notcovered
table 1 : explain SELECT id, c FROM sbtest1 WHERE id BETWEEN 5836646 AND 5836746
	Index Scan using sbtest1_pkey on sbtest1  (cost=0.43..397.06 rows=100 width=125)
	  Index Cond: ((id >= 5836646) AND (id <= 5836746))

table 2 : explain SELECT id, c FROM sbtest2 WHERE id BETWEEN 5836646 AND 5836746
	Index Scan using sbtest2_pkey on sbtest2  (cost=0.43..392.86 rows=99 width=125)
	  Index Cond: ((id >= 5836646) AND (id <= 5836746))

table 3 : explain SELECT id, c FROM sbtest3 WHERE id BETWEEN 5836646 AND 5836746
	Index Scan using sbtest3_pkey on sbtest3  (cost=0.43..386.65 rows=97 width=125)
	  Index Cond: ((id >= 5836646) AND (id <= 5836746))

table 4 : explain SELECT id, c FROM sbtest4 WHERE id BETWEEN 5836646 AND 5836746
	Index Scan using sbtest4_pkey on sbtest4  (cost=0.43..414.03 rows=104 width=125)
	  Index Cond: ((id >= 5836646) AND (id <= 5836746))

table 5 : explain SELECT id, c FROM sbtest5 WHERE id BETWEEN 5836646 AND 5836746
	Index Scan using sbtest5_pkey on sbtest5  (cost=0.43..396.18 rows=100 width=125)
	  Index Cond: ((id >= 5836646) AND (id <= 5836746))

table 6 : explain SELECT id, c FROM sbtest6 WHERE id BETWEEN 5836646 AND 5836746
	Index Scan using sbtest6_pkey on sbtest6  (cost=0.43..397.20 rows=100 width=125)
	  Index Cond: ((id >= 5836646) AND (id <= 5836746))

table 7 : explain SELECT id, c FROM sbtest7 WHERE id BETWEEN 5836646 AND 5836746
	Index Scan using sbtest7_pkey on sbtest7  (cost=0.43..408.28 rows=103 width=125)
	  Index Cond: ((id >= 5836646) AND (id <= 5836746))

table 8 : explain SELECT id, c FROM sbtest8 WHERE id BETWEEN 5836646 AND 5836746
	Index Scan using sbtest8_pkey on sbtest8  (cost=0.43..428.42 rows=108 width=125)
	  Index Cond: ((id >= 5836646) AND (id <= 5836746))

for range-notcovered
table 1 : explain SELECT id, c FROM sbtest1 WHERE id BETWEEN 4013656 AND 4013756
	Index Scan using sbtest1_pkey on sbtest1  (cost=0.43..393.13 rows=99 width=125)
	  Index Cond: ((id >= 4013656) AND (id <= 4013756))

table 2 : explain SELECT id, c FROM sbtest2 WHERE id BETWEEN 4013656 AND 4013756
	Index Scan using sbtest2_pkey on sbtest2  (cost=0.43..412.47 rows=104 width=125)
	  Index Cond: ((id >= 4013656) AND (id <= 4013756))

table 3 : explain SELECT id, c FROM sbtest3 WHERE id BETWEEN 4013656 AND 4013756
	Index Scan using sbtest3_pkey on sbtest3  (cost=0.43..433.92 rows=109 width=125)
	  Index Cond: ((id >= 4013656) AND (id <= 4013756))

table 4 : explain SELECT id, c FROM sbtest4 WHERE id BETWEEN 4013656 AND 4013756
	Index Scan using sbtest4_pkey on sbtest4  (cost=0.43..386.47 rows=97 width=125)
	  Index Cond: ((id >= 4013656) AND (id <= 4013756))

table 5 : explain SELECT id, c FROM sbtest5 WHERE id BETWEEN 4013656 AND 4013756
	Index Scan using sbtest5_pkey on sbtest5  (cost=0.43..392.26 rows=99 width=125)
	  Index Cond: ((id >= 4013656) AND (id <= 4013756))

table 6 : explain SELECT id, c FROM sbtest6 WHERE id BETWEEN 4013656 AND 4013756
	Index Scan using sbtest6_pkey on sbtest6  (cost=0.43..389.35 rows=98 width=125)
	  Index Cond: ((id >= 4013656) AND (id <= 4013756))

table 7 : explain SELECT id, c FROM sbtest7 WHERE id BETWEEN 4013656 AND 4013756
	Index Scan using sbtest7_pkey on sbtest7  (cost=0.43..388.68 rows=98 width=125)
	  Index Cond: ((id >= 4013656) AND (id <= 4013756))

table 8 : explain SELECT id, c FROM sbtest8 WHERE id BETWEEN 4013656 AND 4013756
	Index Scan using sbtest8_pkey on sbtest8  (cost=0.43..389.18 rows=98 width=125)
	  Index Cond: ((id >= 4013656) AND (id <= 4013756))

explain: for range-notcovered :: explain SELECT id, c FROM sbtest%d WHERE id BETWEEN 5836646 AND 5836746
explain: for range-notcovered :: explain SELECT id, c FROM sbtest%d WHERE id BETWEEN 4013656 AND 4013756
explain: for range-notcovered :: explain SELECT id, c FROM sbtest%d WHERE id BETWEEN 5514911 AND 5515011
for range-notcovered
table 1 : explain SELECT id, c FROM sbtest1 WHERE id BETWEEN 3929569 AND 3929669
	Index Scan using sbtest1_pkey on sbtest1  (cost=0.43..400.98 rows=101 width=125)
	  Index Cond: ((id >= 3929569) AND (id <= 3929669))

table 2 : explain SELECT id, c FROM sbtest2 WHERE id BETWEEN 3929569 AND 3929669
	Index Scan using sbtest2_pkey on sbtest2  (cost=0.43..408.54 rows=103 width=125)
	  Index Cond: ((id >= 3929569) AND (id <= 3929669))

table 3 : explain SELECT id, c FROM sbtest3 WHERE id BETWEEN 3929569 AND 3929669
	Index Scan using sbtest3_pkey on sbtest3  (cost=0.43..398.47 rows=100 width=125)
	  Index Cond: ((id >= 3929569) AND (id <= 3929669))

table 4 : explain SELECT id, c FROM sbtest4 WHERE id BETWEEN 3929569 AND 3929669
	Index Scan using sbtest4_pkey on sbtest4  (cost=0.43..351.02 rows=88 width=125)
	  Index Cond: ((id >= 3929569) AND (id <= 3929669))

table 5 : explain SELECT id, c FROM sbtest5 WHERE id BETWEEN 3929569 AND 3929669
	Index Scan using sbtest5_pkey on sbtest5  (cost=0.43..411.84 rows=104 width=125)
	  Index Cond: ((id >= 3929569) AND (id <= 3929669))

table 6 : explain SELECT id, c FROM sbtest6 WHERE id BETWEEN 3929569 AND 3929669
	Index Scan using sbtest6_pkey on sbtest6  (cost=0.43..401.13 rows=101 width=125)
	  Index Cond: ((id >= 3929569) AND (id <= 3929669))

table 7 : explain SELECT id, c FROM sbtest7 WHERE id BETWEEN 3929569 AND 3929669
	Index Scan using sbtest7_pkey on sbtest7  (cost=0.43..420.04 rows=106 width=125)
	  Index Cond: ((id >= 3929569) AND (id <= 3929669))

table 8 : explain SELECT id, c FROM sbtest8 WHERE id BETWEEN 3929569 AND 3929669
	Index Scan using sbtest8_pkey on sbtest8  (cost=0.43..361.69 rows=91 width=125)
	  Index Cond: ((id >= 3929569) AND (id <= 3929669))

explain: for range-notcovered :: explain SELECT id, c FROM sbtest%d WHERE id BETWEEN 3929569 AND 3929669
for range-notcovered
table 1 : explain SELECT id, c FROM sbtest1 WHERE id BETWEEN 3898292 AND 3898392
	Index Scan using sbtest1_pkey on sbtest1  (cost=0.43..400.98 rows=101 width=125)
	  Index Cond: ((id >= 3898292) AND (id <= 3898392))

table 2 : explain SELECT id, c FROM sbtest2 WHERE id BETWEEN 3898292 AND 3898392
	Index Scan using sbtest2_pkey on sbtest2  (cost=0.43..408.54 rows=103 width=125)
	  Index Cond: ((id >= 3898292) AND (id <= 3898392))

table 3 : explain SELECT id, c FROM sbtest3 WHERE id BETWEEN 3898292 AND 3898392
	Index Scan using sbtest3_pkey on sbtest3  (cost=0.43..398.47 rows=100 width=125)
	  Index Cond: ((id >= 3898292) AND (id <= 3898392))

table 4 : explain SELECT id, c FROM sbtest4 WHERE id BETWEEN 3898292 AND 3898392
	Index Scan using sbtest4_pkey on sbtest4  (cost=0.43..351.02 rows=88 width=125)
	  Index Cond: ((id >= 3898292) AND (id <= 3898392))

table 5 : explain SELECT id, c FROM sbtest5 WHERE id BETWEEN 3898292 AND 3898392
	Index Scan using sbtest5_pkey on sbtest5  (cost=0.43..411.84 rows=104 width=125)
	  Index Cond: ((id >= 3898292) AND (id <= 3898392))

table 6 : explain SELECT id, c FROM sbtest6 WHERE id BETWEEN 3898292 AND 3898392
	Index Scan using sbtest6_pkey on sbtest6  (cost=0.43..401.13 rows=101 width=125)
	  Index Cond: ((id >= 3898292) AND (id <= 3898392))

table 7 : explain SELECT id, c FROM sbtest7 WHERE id BETWEEN 3898292 AND 3898392
	Index Scan using sbtest7_pkey on sbtest7  (cost=0.43..420.04 rows=106 width=125)
	  Index Cond: ((id >= 3898292) AND (id <= 3898392))

table 8 : explain SELECT id, c FROM sbtest8 WHERE id BETWEEN 3898292 AND 3898392
	Index Scan using sbtest8_pkey on sbtest8  (cost=0.43..361.69 rows=91 width=125)
	  Index Cond: ((id >= 3898292) AND (id <= 3898392))

explain: for range-notcovered :: explain SELECT id, c FROM sbtest%d WHERE id BETWEEN 3898292 AND 3898392
for range-notcovered
table 1 : explain SELECT id, c FROM sbtest1 WHERE id BETWEEN 4616874 AND 4616974
	Index Scan using sbtest1_pkey on sbtest1  (cost=0.43..428.45 rows=108 width=125)
	  Index Cond: ((id >= 4616874) AND (id <= 4616974))

table 2 : explain SELECT id, c FROM sbtest2 WHERE id BETWEEN 4616874 AND 4616974
	Index Scan using sbtest2_pkey on sbtest2  (cost=0.43..436.00 rows=110 width=125)
	  Index Cond: ((id >= 4616874) AND (id <= 4616974))

table 3 : explain SELECT id, c FROM sbtest3 WHERE id BETWEEN 4616874 AND 4616974
	Index Scan using sbtest3_pkey on sbtest3  (cost=0.43..382.72 rows=96 width=125)
	  Index Cond: ((id >= 4616874) AND (id <= 4616974))

table 4 : explain SELECT id, c FROM sbtest4 WHERE id BETWEEN 4616874 AND 4616974
	Index Scan using sbtest4_pkey on sbtest4  (cost=0.43..394.35 rows=99 width=125)
	  Index Cond: ((id >= 4616874) AND (id <= 4616974))

table 5 : explain SELECT id, c FROM sbtest5 WHERE id BETWEEN 4616874 AND 4616974
	Index Scan using sbtest5_pkey on sbtest5  (cost=0.43..388.34 rows=98 width=125)
	  Index Cond: ((id >= 4616874) AND (id <= 4616974))

table 6 : explain SELECT id, c FROM sbtest6 WHERE id BETWEEN 4616874 AND 4616974
	Index Scan using sbtest6_pkey on sbtest6  (cost=0.43..385.42 rows=97 width=125)
	  Index Cond: ((id >= 4616874) AND (id <= 4616974))

table 7 : explain SELECT id, c FROM sbtest7 WHERE id BETWEEN 4616874 AND 4616974
	Index Scan using sbtest7_pkey on sbtest7  (cost=0.43..439.63 rows=111 width=125)
	  Index Cond: ((id >= 4616874) AND (id <= 4616974))

table 8 : explain SELECT id, c FROM sbtest8 WHERE id BETWEEN 4616874 AND 4616974
	Index Scan using sbtest8_pkey on sbtest8  (cost=0.43..381.33 rows=96 width=125)
	  Index Cond: ((id >= 4616874) AND (id <= 4616974))

for range-notcovered
table 1 : explain SELECT id, c FROM sbtest1 WHERE id BETWEEN 5329734 AND 5329834
	Index Scan using sbtest1_pkey on sbtest1  (cost=0.43..440.23 rows=111 width=125)
	  Index Cond: ((id >= 5329734) AND (id <= 5329834))

table 2 : explain SELECT id, c FROM sbtest2 WHERE id BETWEEN 5329734 AND 5329834
	Index Scan using sbtest2_pkey on sbtest2  (cost=0.43..381.09 rows=96 width=125)
	  Index Cond: ((id >= 5329734) AND (id <= 5329834))

table 3 : explain SELECT id, c FROM sbtest3 WHERE id BETWEEN 5329734 AND 5329834
	Index Scan using sbtest3_pkey on sbtest3  (cost=0.43..437.86 rows=110 width=125)
	  Index Cond: ((id >= 5329734) AND (id <= 5329834))

table 4 : explain SELECT id, c FROM sbtest4 WHERE id BETWEEN 5329734 AND 5329834
	Index Scan using sbtest4_pkey on sbtest4  (cost=0.43..406.16 rows=102 width=125)
	  Index Cond: ((id >= 5329734) AND (id <= 5329834))

table 5 : explain SELECT id, c FROM sbtest5 WHERE id BETWEEN 5329734 AND 5329834
	Index Scan using sbtest5_pkey on sbtest5  (cost=0.43..443.16 rows=112 width=125)
	  Index Cond: ((id >= 5329734) AND (id <= 5329834))

table 6 : explain SELECT id, c FROM sbtest6 WHERE id BETWEEN 5329734 AND 5329834
	Index Scan using sbtest6_pkey on sbtest6  (cost=0.43..412.90 rows=104 width=125)
	  Index Cond: ((id >= 5329734) AND (id <= 5329834))

table 7 : explain SELECT id, c FROM sbtest7 WHERE id BETWEEN 5329734 AND 5329834
	Index Scan using sbtest7_pkey on sbtest7  (cost=0.43..388.68 rows=98 width=125)
	  Index Cond: ((id >= 5329734) AND (id <= 5329834))

table 8 : explain SELECT id, c FROM sbtest8 WHERE id BETWEEN 5329734 AND 5329834
	Index Scan using sbtest8_pkey on sbtest8  (cost=0.43..400.95 rows=101 width=125)
	  Index Cond: ((id >= 5329734) AND (id <= 5329834))

for range-notcovered
table 1 : explain SELECT id, c FROM sbtest1 WHERE id BETWEEN 1046155 AND 1046255
	Index Scan using sbtest1_pkey on sbtest1  (cost=0.43..428.45 rows=108 width=125)
	  Index Cond: ((id >= 1046155) AND (id <= 1046255))

table 2 : explain SELECT id, c FROM sbtest2 WHERE id BETWEEN 1046155 AND 1046255
	Index Scan using sbtest2_pkey on sbtest2  (cost=0.43..365.38 rows=92 width=125)
	  Index Cond: ((id >= 1046155) AND (id <= 1046255))

table 3 : explain SELECT id, c FROM sbtest3 WHERE id BETWEEN 1046155 AND 1046255
	Index Scan using sbtest3_pkey on sbtest3  (cost=0.43..398.47 rows=100 width=125)
	  Index Cond: ((id >= 1046155) AND (id <= 1046255))

table 4 : explain SELECT id, c FROM sbtest4 WHERE id BETWEEN 1046155 AND 1046255
	Index Scan using sbtest4_pkey on sbtest4  (cost=0.43..406.16 rows=102 width=125)
	  Index Cond: ((id >= 1046155) AND (id <= 1046255))

table 5 : explain SELECT id, c FROM sbtest5 WHERE id BETWEEN 1046155 AND 1046255
	Index Scan using sbtest5_pkey on sbtest5  (cost=0.43..384.43 rows=97 width=125)
	  Index Cond: ((id >= 1046155) AND (id <= 1046255))

table 6 : explain SELECT id, c FROM sbtest6 WHERE id BETWEEN 1046155 AND 1046255
	Index Scan using sbtest6_pkey on sbtest6  (cost=0.43..393.27 rows=99 width=125)
	  Index Cond: ((id >= 1046155) AND (id <= 1046255))

table 7 : explain SELECT id, c FROM sbtest7 WHERE id BETWEEN 1046155 AND 1046255
	Index Scan using sbtest7_pkey on sbtest7  (cost=0.43..392.60 rows=99 width=125)
	  Index Cond: ((id >= 1046155) AND (id <= 1046255))

table 8 : explain SELECT id, c FROM sbtest8 WHERE id BETWEEN 1046155 AND 1046255
	Index Scan using sbtest8_pkey on sbtest8  (cost=0.43..381.33 rows=96 width=125)
	  Index Cond: ((id >= 1046155) AND (id <= 1046255))

for range-notcovered
table 1 : explain SELECT id, c FROM sbtest1 WHERE id BETWEEN 5836646 AND 5836746
	Index Scan using sbtest1_pkey on sbtest1  (cost=0.43..397.06 rows=100 width=125)
	  Index Cond: ((id >= 5836646) AND (id <= 5836746))

table 2 : explain SELECT id, c FROM sbtest2 WHERE id BETWEEN 5836646 AND 5836746
	Index Scan using sbtest2_pkey on sbtest2  (cost=0.43..392.86 rows=99 width=125)
	  Index Cond: ((id >= 5836646) AND (id <= 5836746))

table 3 : explain SELECT id, c FROM sbtest3 WHERE id BETWEEN 5836646 AND 5836746
	Index Scan using sbtest3_pkey on sbtest3  (cost=0.43..386.65 rows=97 width=125)
	  Index Cond: ((id >= 5836646) AND (id <= 5836746))

table 4 : explain SELECT id, c FROM sbtest4 WHERE id BETWEEN 5836646 AND 5836746
	Index Scan using sbtest4_pkey on sbtest4  (cost=0.43..414.03 rows=104 width=125)
	  Index Cond: ((id >= 5836646) AND (id <= 5836746))

table 5 : explain SELECT id, c FROM sbtest5 WHERE id BETWEEN 5836646 AND 5836746
	Index Scan using sbtest5_pkey on sbtest5  (cost=0.43..396.18 rows=100 width=125)
	  Index Cond: ((id >= 5836646) AND (id <= 5836746))

table 6 : explain SELECT id, c FROM sbtest6 WHERE id BETWEEN 5836646 AND 5836746
	Index Scan using sbtest6_pkey on sbtest6  (cost=0.43..397.20 rows=100 width=125)
	  Index Cond: ((id >= 5836646) AND (id <= 5836746))

table 7 : explain SELECT id, c FROM sbtest7 WHERE id BETWEEN 5836646 AND 5836746
	Index Scan using sbtest7_pkey on sbtest7  (cost=0.43..408.28 rows=103 width=125)
	  Index Cond: ((id >= 5836646) AND (id <= 5836746))

table 8 : explain SELECT id, c FROM sbtest8 WHERE id BETWEEN 5836646 AND 5836746
	Index Scan using sbtest8_pkey on sbtest8  (cost=0.43..428.42 rows=108 width=125)
	  Index Cond: ((id >= 5836646) AND (id <= 5836746))

explain: for range-notcovered :: explain SELECT id, c FROM sbtest%d WHERE id BETWEEN 5329734 AND 5329834explain: for range-notcovered :: explain SELECT id, c FROM sbtest%d WHERE id BETWEEN 1046155 AND 1046255

explain: for range-notcovered :: explain SELECT id, c FROM sbtest%d WHERE id BETWEEN 5836646 AND 5836746
explain: for range-notcovered :: explain SELECT id, c FROM sbtest%d WHERE id BETWEEN 4616874 AND 4616974
for range-notcovered
table 1 : explain SELECT id, c FROM sbtest1 WHERE id BETWEEN 4013656 AND 4013756
	Index Scan using sbtest1_pkey on sbtest1  (cost=0.43..393.13 rows=99 width=125)
	  Index Cond: ((id >= 4013656) AND (id <= 4013756))

table 2 : explain SELECT id, c FROM sbtest2 WHERE id BETWEEN 4013656 AND 4013756
	Index Scan using sbtest2_pkey on sbtest2  (cost=0.43..412.47 rows=104 width=125)
	  Index Cond: ((id >= 4013656) AND (id <= 4013756))

table 3 : explain SELECT id, c FROM sbtest3 WHERE id BETWEEN 4013656 AND 4013756
	Index Scan using sbtest3_pkey on sbtest3  (cost=0.43..433.92 rows=109 width=125)
	  Index Cond: ((id >= 4013656) AND (id <= 4013756))

table 4 : explain SELECT id, c FROM sbtest4 WHERE id BETWEEN 4013656 AND 4013756
	Index Scan using sbtest4_pkey on sbtest4  (cost=0.43..386.47 rows=97 width=125)
	  Index Cond: ((id >= 4013656) AND (id <= 4013756))

table 5 : explain SELECT id, c FROM sbtest5 WHERE id BETWEEN 4013656 AND 4013756
	Index Scan using sbtest5_pkey on sbtest5  (cost=0.43..392.26 rows=99 width=125)
	  Index Cond: ((id >= 4013656) AND (id <= 4013756))

table 6 : explain SELECT id, c FROM sbtest6 WHERE id BETWEEN 4013656 AND 4013756
	Index Scan using sbtest6_pkey on sbtest6  (cost=0.43..389.35 rows=98 width=125)
	  Index Cond: ((id >= 4013656) AND (id <= 4013756))

table 7 : explain SELECT id, c FROM sbtest7 WHERE id BETWEEN 4013656 AND 4013756
	Index Scan using sbtest7_pkey on sbtest7  (cost=0.43..388.68 rows=98 width=125)
	  Index Cond: ((id >= 4013656) AND (id <= 4013756))

table 8 : explain SELECT id, c FROM sbtest8 WHERE id BETWEEN 4013656 AND 4013756
	Index Scan using sbtest8_pkey on sbtest8  (cost=0.43..389.18 rows=98 width=125)
	  Index Cond: ((id >= 4013656) AND (id <= 4013756))

explain: for range-notcovered :: explain SELECT id, c FROM sbtest%d WHERE id BETWEEN 9065305 AND 9065405
for range-notcovered
table 1 : explain SELECT id, c FROM sbtest1 WHERE id BETWEEN 3929569 AND 3929669
	Index Scan using sbtest1_pkey on sbtest1  (cost=0.43..400.98 rows=101 width=125)
	  Index Cond: ((id >= 3929569) AND (id <= 3929669))

table 2 : explain SELECT id, c FROM sbtest2 WHERE id BETWEEN 3929569 AND 3929669
	Index Scan using sbtest2_pkey on sbtest2  (cost=0.43..408.54 rows=103 width=125)
	  Index Cond: ((id >= 3929569) AND (id <= 3929669))

table 3 : explain SELECT id, c FROM sbtest3 WHERE id BETWEEN 3929569 AND 3929669
	Index Scan using sbtest3_pkey on sbtest3  (cost=0.43..398.47 rows=100 width=125)
	  Index Cond: ((id >= 3929569) AND (id <= 3929669))

table 4 : explain SELECT id, c FROM sbtest4 WHERE id BETWEEN 3929569 AND 3929669
	Index Scan using sbtest4_pkey on sbtest4  (cost=0.43..351.02 rows=88 width=125)
	  Index Cond: ((id >= 3929569) AND (id <= 3929669))

table 5 : explain SELECT id, c FROM sbtest5 WHERE id BETWEEN 3929569 AND 3929669
	Index Scan using sbtest5_pkey on sbtest5  (cost=0.43..411.84 rows=104 width=125)
	  Index Cond: ((id >= 3929569) AND (id <= 3929669))

table 6 : explain SELECT id, c FROM sbtest6 WHERE id BETWEEN 3929569 AND 3929669
	Index Scan using sbtest6_pkey on sbtest6  (cost=0.43..401.13 rows=101 width=125)
	  Index Cond: ((id >= 3929569) AND (id <= 3929669))

table 7 : explain SELECT id, c FROM sbtest7 WHERE id BETWEEN 3929569 AND 3929669
	Index Scan using sbtest7_pkey on sbtest7  (cost=0.43..420.04 rows=106 width=125)
	  Index Cond: ((id >= 3929569) AND (id <= 3929669))

table 8 : explain SELECT id, c FROM sbtest8 WHERE id BETWEEN 3929569 AND 3929669
	Index Scan using sbtest8_pkey on sbtest8  (cost=0.43..361.69 rows=91 width=125)
	  Index Cond: ((id >= 3929569) AND (id <= 3929669))

explain: for range-notcovered :: explain SELECT id, c FROM sbtest%d WHERE id BETWEEN 3929569 AND 3929669
explain: for range-notcovered :: explain SELECT id, c FROM sbtest%d WHERE id BETWEEN 6442341 AND 6442441
for range-notcovered
table 1 : explain SELECT id, c FROM sbtest1 WHERE id BETWEEN 3898292 AND 3898392
	Index Scan using sbtest1_pkey on sbtest1  (cost=0.43..400.98 rows=101 width=125)
	  Index Cond: ((id >= 3898292) AND (id <= 3898392))

table 2 : explain SELECT id, c FROM sbtest2 WHERE id BETWEEN 3898292 AND 3898392
	Index Scan using sbtest2_pkey on sbtest2  (cost=0.43..408.54 rows=103 width=125)
	  Index Cond: ((id >= 3898292) AND (id <= 3898392))

table 3 : explain SELECT id, c FROM sbtest3 WHERE id BETWEEN 3898292 AND 3898392
	Index Scan using sbtest3_pkey on sbtest3  (cost=0.43..398.47 rows=100 width=125)
	  Index Cond: ((id >= 3898292) AND (id <= 3898392))

table 4 : explain SELECT id, c FROM sbtest4 WHERE id BETWEEN 3898292 AND 3898392
	Index Scan using sbtest4_pkey on sbtest4  (cost=0.43..351.02 rows=88 width=125)
	  Index Cond: ((id >= 3898292) AND (id <= 3898392))

table 5 : explain SELECT id, c FROM sbtest5 WHERE id BETWEEN 3898292 AND 3898392
	Index Scan using sbtest5_pkey on sbtest5  (cost=0.43..411.84 rows=104 width=125)
	  Index Cond: ((id >= 3898292) AND (id <= 3898392))

table 6 : explain SELECT id, c FROM sbtest6 WHERE id BETWEEN 3898292 AND 3898392
	Index Scan using sbtest6_pkey on sbtest6  (cost=0.43..401.13 rows=101 width=125)
	  Index Cond: ((id >= 3898292) AND (id <= 3898392))

table 7 : explain SELECT id, c FROM sbtest7 WHERE id BETWEEN 3898292 AND 3898392
	Index Scan using sbtest7_pkey on sbtest7  (cost=0.43..420.04 rows=106 width=125)
	  Index Cond: ((id >= 3898292) AND (id <= 3898392))

table 8 : explain SELECT id, c FROM sbtest8 WHERE id BETWEEN 3898292 AND 3898392
	Index Scan using sbtest8_pkey on sbtest8  (cost=0.43..361.69 rows=91 width=125)
	  Index Cond: ((id >= 3898292) AND (id <= 3898392))

explain: for range-notcovered :: explain SELECT id, c FROM sbtest%d WHERE id BETWEEN 4013656 AND 4013756
explain: for range-notcovered :: explain SELECT id, c FROM sbtest%d WHERE id BETWEEN 3898292 AND 3898392
for range-notcovered
table 1 : explain SELECT id, c FROM sbtest1 WHERE id BETWEEN 5836646 AND 5836746
	Index Scan using sbtest1_pkey on sbtest1  (cost=0.43..397.06 rows=100 width=125)
	  Index Cond: ((id >= 5836646) AND (id <= 5836746))

table 2 : explain SELECT id, c FROM sbtest2 WHERE id BETWEEN 5836646 AND 5836746
	Index Scan using sbtest2_pkey on sbtest2  (cost=0.43..392.86 rows=99 width=125)
	  Index Cond: ((id >= 5836646) AND (id <= 5836746))

table 3 : explain SELECT id, c FROM sbtest3 WHERE id BETWEEN 5836646 AND 5836746
	Index Scan using sbtest3_pkey on sbtest3  (cost=0.43..386.65 rows=97 width=125)
	  Index Cond: ((id >= 5836646) AND (id <= 5836746))

table 4 : explain SELECT id, c FROM sbtest4 WHERE id BETWEEN 5836646 AND 5836746
	Index Scan using sbtest4_pkey on sbtest4  (cost=0.43..414.03 rows=104 width=125)
	  Index Cond: ((id >= 5836646) AND (id <= 5836746))

table 5 : explain SELECT id, c FROM sbtest5 WHERE id BETWEEN 5836646 AND 5836746
	Index Scan using sbtest5_pkey on sbtest5  (cost=0.43..396.18 rows=100 width=125)
	  Index Cond: ((id >= 5836646) AND (id <= 5836746))

table 6 : explain SELECT id, c FROM sbtest6 WHERE id BETWEEN 5836646 AND 5836746
	Index Scan using sbtest6_pkey on sbtest6  (cost=0.43..397.20 rows=100 width=125)
	  Index Cond: ((id >= 5836646) AND (id <= 5836746))

table 7 : explain SELECT id, c FROM sbtest7 WHERE id BETWEEN 5836646 AND 5836746
	Index Scan using sbtest7_pkey on sbtest7  (cost=0.43..408.28 rows=103 width=125)
	  Index Cond: ((id >= 5836646) AND (id <= 5836746))

table 8 : explain SELECT id, c FROM sbtest8 WHERE id BETWEEN 5836646 AND 5836746
	Index Scan using sbtest8_pkey on sbtest8  (cost=0.43..428.42 rows=108 width=125)
	  Index Cond: ((id >= 5836646) AND (id <= 5836746))

for range-notcovered
table 1 : explain SELECT id, c FROM sbtest1 WHERE id BETWEEN 5329734 AND 5329834
	Index Scan using sbtest1_pkey on sbtest1  (cost=0.43..440.23 rows=111 width=125)
	  Index Cond: ((id >= 5329734) AND (id <= 5329834))

table 2 : explain SELECT id, c FROM sbtest2 WHERE id BETWEEN 5329734 AND 5329834
	Index Scan using sbtest2_pkey on sbtest2  (cost=0.43..381.09 rows=96 width=125)
	  Index Cond: ((id >= 5329734) AND (id <= 5329834))

table 3 : explain SELECT id, c FROM sbtest3 WHERE id BETWEEN 5329734 AND 5329834
	Index Scan using sbtest3_pkey on sbtest3  (cost=0.43..437.86 rows=110 width=125)
	  Index Cond: ((id >= 5329734) AND (id <= 5329834))

table 4 : explain SELECT id, c FROM sbtest4 WHERE id BETWEEN 5329734 AND 5329834
	Index Scan using sbtest4_pkey on sbtest4  (cost=0.43..406.16 rows=102 width=125)
	  Index Cond: ((id >= 5329734) AND (id <= 5329834))

table 5 : explain SELECT id, c FROM sbtest5 WHERE id BETWEEN 5329734 AND 5329834
	Index Scan using sbtest5_pkey on sbtest5  (cost=0.43..443.16 rows=112 width=125)
	  Index Cond: ((id >= 5329734) AND (id <= 5329834))

table 6 : explain SELECT id, c FROM sbtest6 WHERE id BETWEEN 5329734 AND 5329834
	Index Scan using sbtest6_pkey on sbtest6  (cost=0.43..412.90 rows=104 width=125)
	  Index Cond: ((id >= 5329734) AND (id <= 5329834))

table 7 : explain SELECT id, c FROM sbtest7 WHERE id BETWEEN 5329734 AND 5329834
	Index Scan using sbtest7_pkey on sbtest7  (cost=0.43..388.68 rows=98 width=125)
	  Index Cond: ((id >= 5329734) AND (id <= 5329834))

table 8 : explain SELECT id, c FROM sbtest8 WHERE id BETWEEN 5329734 AND 5329834
	Index Scan using sbtest8_pkey on sbtest8  (cost=0.43..400.95 rows=101 width=125)
	  Index Cond: ((id >= 5329734) AND (id <= 5329834))

explain: for range-notcovered :: explain SELECT id, c FROM sbtest%d WHERE id BETWEEN 5836646 AND 5836746
for range-notcovered
table 1 : explain SELECT id, c FROM sbtest1 WHERE id BETWEEN 3929569 AND 3929669
	Index Scan using sbtest1_pkey on sbtest1  (cost=0.43..400.98 rows=101 width=125)
	  Index Cond: ((id >= 3929569) AND (id <= 3929669))

table 2 : explain SELECT id, c FROM sbtest2 WHERE id BETWEEN 3929569 AND 3929669
	Index Scan using sbtest2_pkey on sbtest2  (cost=0.43..408.54 rows=103 width=125)
	  Index Cond: ((id >= 3929569) AND (id <= 3929669))

table 3 : explain SELECT id, c FROM sbtest3 WHERE id BETWEEN 3929569 AND 3929669
	Index Scan using sbtest3_pkey on sbtest3  (cost=0.43..398.47 rows=100 width=125)
	  Index Cond: ((id >= 3929569) AND (id <= 3929669))

table 4 : explain SELECT id, c FROM sbtest4 WHERE id BETWEEN 3929569 AND 3929669
	Index Scan using sbtest4_pkey on sbtest4  (cost=0.43..351.02 rows=88 width=125)
	  Index Cond: ((id >= 3929569) AND (id <= 3929669))

table 5 : explain SELECT id, c FROM sbtest5 WHERE id BETWEEN 3929569 AND 3929669
	Index Scan using sbtest5_pkey on sbtest5  (cost=0.43..411.84 rows=104 width=125)
	  Index Cond: ((id >= 3929569) AND (id <= 3929669))

table 6 : explain SELECT id, c FROM sbtest6 WHERE id BETWEEN 3929569 AND 3929669
	Index Scan using sbtest6_pkey on sbtest6  (cost=0.43..401.13 rows=101 width=125)
	  Index Cond: ((id >= 3929569) AND (id <= 3929669))

table 7 : explain SELECT id, c FROM sbtest7 WHERE id BETWEEN 3929569 AND 3929669
	Index Scan using sbtest7_pkey on sbtest7  (cost=0.43..420.04 rows=106 width=125)
	  Index Cond: ((id >= 3929569) AND (id <= 3929669))

table 8 : explain SELECT id, c FROM sbtest8 WHERE id BETWEEN 3929569 AND 3929669
	Index Scan using sbtest8_pkey on sbtest8  (cost=0.43..361.69 rows=91 width=125)
	  Index Cond: ((id >= 3929569) AND (id <= 3929669))

explain: for range-notcovered :: explain SELECT id, c FROM sbtest%d WHERE id BETWEEN 3929569 AND 3929669
for range-notcovered
table 1 : explain SELECT id, c FROM sbtest1 WHERE id BETWEEN 3898292 AND 3898392
	Index Scan using sbtest1_pkey on sbtest1  (cost=0.43..400.98 rows=101 width=125)
	  Index Cond: ((id >= 3898292) AND (id <= 3898392))

table 2 : explain SELECT id, c FROM sbtest2 WHERE id BETWEEN 3898292 AND 3898392
	Index Scan using sbtest2_pkey on sbtest2  (cost=0.43..408.54 rows=103 width=125)
	  Index Cond: ((id >= 3898292) AND (id <= 3898392))

table 3 : explain SELECT id, c FROM sbtest3 WHERE id BETWEEN 3898292 AND 3898392
	Index Scan using sbtest3_pkey on sbtest3  (cost=0.43..398.47 rows=100 width=125)
	  Index Cond: ((id >= 3898292) AND (id <= 3898392))

table 4 : explain SELECT id, c FROM sbtest4 WHERE id BETWEEN 3898292 AND 3898392
	Index Scan using sbtest4_pkey on sbtest4  (cost=0.43..351.02 rows=88 width=125)
	  Index Cond: ((id >= 3898292) AND (id <= 3898392))

table 5 : explain SELECT id, c FROM sbtest5 WHERE id BETWEEN 3898292 AND 3898392
	Index Scan using sbtest5_pkey on sbtest5  (cost=0.43..411.84 rows=104 width=125)
	  Index Cond: ((id >= 3898292) AND (id <= 3898392))

table 6 : explain SELECT id, c FROM sbtest6 WHERE id BETWEEN 3898292 AND 3898392
	Index Scan using sbtest6_pkey on sbtest6  (cost=0.43..401.13 rows=101 width=125)
	  Index Cond: ((id >= 3898292) AND (id <= 3898392))

table 7 : explain SELECT id, c FROM sbtest7 WHERE id BETWEEN 3898292 AND 3898392
	Index Scan using sbtest7_pkey on sbtest7  (cost=0.43..420.04 rows=106 width=125)
	  Index Cond: ((id >= 3898292) AND (id <= 3898392))

table 8 : explain SELECT id, c FROM sbtest8 WHERE id BETWEEN 3898292 AND 3898392
	Index Scan using sbtest8_pkey on sbtest8  (cost=0.43..361.69 rows=91 width=125)
	  Index Cond: ((id >= 3898292) AND (id <= 3898392))

explain: for range-notcovered :: explain SELECT id, c FROM sbtest%d WHERE id BETWEEN 3898292 AND 3898392
for range-notcovered
table 1 : explain SELECT id, c FROM sbtest1 WHERE id BETWEEN 5836646 AND 5836746
	Index Scan using sbtest1_pkey on sbtest1  (cost=0.43..397.06 rows=100 width=125)
	  Index Cond: ((id >= 5836646) AND (id <= 5836746))

table 2 : explain SELECT id, c FROM sbtest2 WHERE id BETWEEN 5836646 AND 5836746
	Index Scan using sbtest2_pkey on sbtest2  (cost=0.43..392.86 rows=99 width=125)
	  Index Cond: ((id >= 5836646) AND (id <= 5836746))

table 3 : explain SELECT id, c FROM sbtest3 WHERE id BETWEEN 5836646 AND 5836746
	Index Scan using sbtest3_pkey on sbtest3  (cost=0.43..386.65 rows=97 width=125)
	  Index Cond: ((id >= 5836646) AND (id <= 5836746))

table 4 : explain SELECT id, c FROM sbtest4 WHERE id BETWEEN 5836646 AND 5836746
	Index Scan using sbtest4_pkey on sbtest4  (cost=0.43..414.03 rows=104 width=125)
	  Index Cond: ((id >= 5836646) AND (id <= 5836746))

table 5 : explain SELECT id, c FROM sbtest5 WHERE id BETWEEN 5836646 AND 5836746
	Index Scan using sbtest5_pkey on sbtest5  (cost=0.43..396.18 rows=100 width=125)
	  Index Cond: ((id >= 5836646) AND (id <= 5836746))

table 6 : explain SELECT id, c FROM sbtest6 WHERE id BETWEEN 5836646 AND 5836746
	Index Scan using sbtest6_pkey on sbtest6  (cost=0.43..397.20 rows=100 width=125)
	  Index Cond: ((id >= 5836646) AND (id <= 5836746))

table 7 : explain SELECT id, c FROM sbtest7 WHERE id BETWEEN 5836646 AND 5836746
	Index Scan using sbtest7_pkey on sbtest7  (cost=0.43..408.28 rows=103 width=125)
	  Index Cond: ((id >= 5836646) AND (id <= 5836746))

table 8 : explain SELECT id, c FROM sbtest8 WHERE id BETWEEN 5836646 AND 5836746
	Index Scan using sbtest8_pkey on sbtest8  (cost=0.43..428.42 rows=108 width=125)
	  Index Cond: ((id >= 5836646) AND (id <= 5836746))

explain: for range-notcovered :: explain SELECT id, c FROM sbtest%d WHERE id BETWEEN 5836646 AND 5836746
for range-notcovered
table 1 : explain SELECT id, c FROM sbtest1 WHERE id BETWEEN 1046155 AND 1046255
	Index Scan using sbtest1_pkey on sbtest1  (cost=0.43..428.45 rows=108 width=125)
	  Index Cond: ((id >= 1046155) AND (id <= 1046255))

table 2 : explain SELECT id, c FROM sbtest2 WHERE id BETWEEN 1046155 AND 1046255
	Index Scan using sbtest2_pkey on sbtest2  (cost=0.43..365.38 rows=92 width=125)
	  Index Cond: ((id >= 1046155) AND (id <= 1046255))

table 3 : explain SELECT id, c FROM sbtest3 WHERE id BETWEEN 1046155 AND 1046255
	Index Scan using sbtest3_pkey on sbtest3  (cost=0.43..398.47 rows=100 width=125)
	  Index Cond: ((id >= 1046155) AND (id <= 1046255))

table 4 : explain SELECT id, c FROM sbtest4 WHERE id BETWEEN 1046155 AND 1046255
	Index Scan using sbtest4_pkey on sbtest4  (cost=0.43..406.16 rows=102 width=125)
	  Index Cond: ((id >= 1046155) AND (id <= 1046255))

table 5 : explain SELECT id, c FROM sbtest5 WHERE id BETWEEN 1046155 AND 1046255
	Index Scan using sbtest5_pkey on sbtest5  (cost=0.43..384.43 rows=97 width=125)
	  Index Cond: ((id >= 1046155) AND (id <= 1046255))

table 6 : explain SELECT id, c FROM sbtest6 WHERE id BETWEEN 1046155 AND 1046255
	Index Scan using sbtest6_pkey on sbtest6  (cost=0.43..393.27 rows=99 width=125)
	  Index Cond: ((id >= 1046155) AND (id <= 1046255))

table 7 : explain SELECT id, c FROM sbtest7 WHERE id BETWEEN 1046155 AND 1046255
	Index Scan using sbtest7_pkey on sbtest7  (cost=0.43..392.60 rows=99 width=125)
	  Index Cond: ((id >= 1046155) AND (id <= 1046255))

table 8 : explain SELECT id, c FROM sbtest8 WHERE id BETWEEN 1046155 AND 1046255
	Index Scan using sbtest8_pkey on sbtest8  (cost=0.43..381.33 rows=96 width=125)
	  Index Cond: ((id >= 1046155) AND (id <= 1046255))

explain: for range-notcovered :: explain SELECT id, c FROM sbtest%d WHERE id BETWEEN 1046155 AND 1046255
for range-notcovered
table 1 : explain SELECT id, c FROM sbtest1 WHERE id BETWEEN 4013656 AND 4013756
	Index Scan using sbtest1_pkey on sbtest1  (cost=0.43..393.13 rows=99 width=125)
	  Index Cond: ((id >= 4013656) AND (id <= 4013756))

table 2 : explain SELECT id, c FROM sbtest2 WHERE id BETWEEN 4013656 AND 4013756
	Index Scan using sbtest2_pkey on sbtest2  (cost=0.43..412.47 rows=104 width=125)
	  Index Cond: ((id >= 4013656) AND (id <= 4013756))

table 3 : explain SELECT id, c FROM sbtest3 WHERE id BETWEEN 4013656 AND 4013756
	Index Scan using sbtest3_pkey on sbtest3  (cost=0.43..433.92 rows=109 width=125)
	  Index Cond: ((id >= 4013656) AND (id <= 4013756))

table 4 : explain SELECT id, c FROM sbtest4 WHERE id BETWEEN 4013656 AND 4013756
	Index Scan using sbtest4_pkey on sbtest4  (cost=0.43..386.47 rows=97 width=125)
	  Index Cond: ((id >= 4013656) AND (id <= 4013756))

table 5 : explain SELECT id, c FROM sbtest5 WHERE id BETWEEN 4013656 AND 4013756
	Index Scan using sbtest5_pkey on sbtest5  (cost=0.43..392.26 rows=99 width=125)
	  Index Cond: ((id >= 4013656) AND (id <= 4013756))

table 6 : explain SELECT id, c FROM sbtest6 WHERE id BETWEEN 4013656 AND 4013756
	Index Scan using sbtest6_pkey on sbtest6  (cost=0.43..389.35 rows=98 width=125)
	  Index Cond: ((id >= 4013656) AND (id <= 4013756))

table 7 : explain SELECT id, c FROM sbtest7 WHERE id BETWEEN 4013656 AND 4013756
	Index Scan using sbtest7_pkey on sbtest7  (cost=0.43..388.68 rows=98 width=125)
	  Index Cond: ((id >= 4013656) AND (id <= 4013756))

table 8 : explain SELECT id, c FROM sbtest8 WHERE id BETWEEN 4013656 AND 4013756
	Index Scan using sbtest8_pkey on sbtest8  (cost=0.43..389.18 rows=98 width=125)
	  Index Cond: ((id >= 4013656) AND (id <= 4013756))

for range-notcovered
table 1 : explain SELECT id, c FROM sbtest1 WHERE id BETWEEN 3929569 AND 3929669
	Index Scan using sbtest1_pkey on sbtest1  (cost=0.43..400.98 rows=101 width=125)
	  Index Cond: ((id >= 3929569) AND (id <= 3929669))

table 2 : explain SELECT id, c FROM sbtest2 WHERE id BETWEEN 3929569 AND 3929669
	Index Scan using sbtest2_pkey on sbtest2  (cost=0.43..408.54 rows=103 width=125)
	  Index Cond: ((id >= 3929569) AND (id <= 3929669))

table 3 : explain SELECT id, c FROM sbtest3 WHERE id BETWEEN 3929569 AND 3929669
	Index Scan using sbtest3_pkey on sbtest3  (cost=0.43..398.47 rows=100 width=125)
	  Index Cond: ((id >= 3929569) AND (id <= 3929669))

table 4 : explain SELECT id, c FROM sbtest4 WHERE id BETWEEN 3929569 AND 3929669
	Index Scan using sbtest4_pkey on sbtest4  (cost=0.43..351.02 rows=88 width=125)
	  Index Cond: ((id >= 3929569) AND (id <= 3929669))

table 5 : explain SELECT id, c FROM sbtest5 WHERE id BETWEEN 3929569 AND 3929669
	Index Scan using sbtest5_pkey on sbtest5  (cost=0.43..411.84 rows=104 width=125)
	  Index Cond: ((id >= 3929569) AND (id <= 3929669))

table 6 : explain SELECT id, c FROM sbtest6 WHERE id BETWEEN 3929569 AND 3929669
	Index Scan using sbtest6_pkey on sbtest6  (cost=0.43..401.13 rows=101 width=125)
	  Index Cond: ((id >= 3929569) AND (id <= 3929669))

table 7 : explain SELECT id, c FROM sbtest7 WHERE id BETWEEN 3929569 AND 3929669
	Index Scan using sbtest7_pkey on sbtest7  (cost=0.43..420.04 rows=106 width=125)
	  Index Cond: ((id >= 3929569) AND (id <= 3929669))

table 8 : explain SELECT id, c FROM sbtest8 WHERE id BETWEEN 3929569 AND 3929669
	Index Scan using sbtest8_pkey on sbtest8  (cost=0.43..361.69 rows=91 width=125)
	  Index Cond: ((id >= 3929569) AND (id <= 3929669))

explain: for range-notcovered :: explain SELECT id, c FROM sbtest%d WHERE id BETWEEN 4013656 AND 4013756
explain: for range-notcovered :: explain SELECT id, c FROM sbtest%d WHERE id BETWEEN 3929569 AND 3929669
for range-notcovered
table 1 : explain SELECT id, c FROM sbtest1 WHERE id BETWEEN 3898292 AND 3898392
	Index Scan using sbtest1_pkey on sbtest1  (cost=0.43..400.98 rows=101 width=125)
	  Index Cond: ((id >= 3898292) AND (id <= 3898392))

table 2 : explain SELECT id, c FROM sbtest2 WHERE id BETWEEN 3898292 AND 3898392
	Index Scan using sbtest2_pkey on sbtest2  (cost=0.43..408.54 rows=103 width=125)
	  Index Cond: ((id >= 3898292) AND (id <= 3898392))

table 3 : explain SELECT id, c FROM sbtest3 WHERE id BETWEEN 3898292 AND 3898392
	Index Scan using sbtest3_pkey on sbtest3  (cost=0.43..398.47 rows=100 width=125)
	  Index Cond: ((id >= 3898292) AND (id <= 3898392))

table 4 : explain SELECT id, c FROM sbtest4 WHERE id BETWEEN 3898292 AND 3898392
	Index Scan using sbtest4_pkey on sbtest4  (cost=0.43..351.02 rows=88 width=125)
	  Index Cond: ((id >= 3898292) AND (id <= 3898392))

table 5 : explain SELECT id, c FROM sbtest5 WHERE id BETWEEN 3898292 AND 3898392
	Index Scan using sbtest5_pkey on sbtest5  (cost=0.43..411.84 rows=104 width=125)
	  Index Cond: ((id >= 3898292) AND (id <= 3898392))

table 6 : explain SELECT id, c FROM sbtest6 WHERE id BETWEEN 3898292 AND 3898392
	Index Scan using sbtest6_pkey on sbtest6  (cost=0.43..401.13 rows=101 width=125)
	  Index Cond: ((id >= 3898292) AND (id <= 3898392))

table 7 : explain SELECT id, c FROM sbtest7 WHERE id BETWEEN 3898292 AND 3898392
	Index Scan using sbtest7_pkey on sbtest7  (cost=0.43..420.04 rows=106 width=125)
	  Index Cond: ((id >= 3898292) AND (id <= 3898392))

table 8 : explain SELECT id, c FROM sbtest8 WHERE id BETWEEN 3898292 AND 3898392
	Index Scan using sbtest8_pkey on sbtest8  (cost=0.43..361.69 rows=91 width=125)
	  Index Cond: ((id >= 3898292) AND (id <= 3898392))

for range-notcovered
table 1 : explain SELECT id, c FROM sbtest1 WHERE id BETWEEN 5836646 AND 5836746
	Index Scan using sbtest1_pkey on sbtest1  (cost=0.43..397.06 rows=100 width=125)
	  Index Cond: ((id >= 5836646) AND (id <= 5836746))

table 2 : explain SELECT id, c FROM sbtest2 WHERE id BETWEEN 5836646 AND 5836746
	Index Scan using sbtest2_pkey on sbtest2  (cost=0.43..392.86 rows=99 width=125)
	  Index Cond: ((id >= 5836646) AND (id <= 5836746))

table 3 : explain SELECT id, c FROM sbtest3 WHERE id BETWEEN 5836646 AND 5836746
	Index Scan using sbtest3_pkey on sbtest3  (cost=0.43..386.65 rows=97 width=125)
	  Index Cond: ((id >= 5836646) AND (id <= 5836746))

table 4 : explain SELECT id, c FROM sbtest4 WHERE id BETWEEN 5836646 AND 5836746
	Index Scan using sbtest4_pkey on sbtest4  (cost=0.43..414.03 rows=104 width=125)
	  Index Cond: ((id >= 5836646) AND (id <= 5836746))

table 5 : explain SELECT id, c FROM sbtest5 WHERE id BETWEEN 5836646 AND 5836746
	Index Scan using sbtest5_pkey on sbtest5  (cost=0.43..396.18 rows=100 width=125)
	  Index Cond: ((id >= 5836646) AND (id <= 5836746))

table 6 : explain SELECT id, c FROM sbtest6 WHERE id BETWEEN 5836646 AND 5836746
	Index Scan using sbtest6_pkey on sbtest6  (cost=0.43..397.20 rows=100 width=125)
	  Index Cond: ((id >= 5836646) AND (id <= 5836746))

table 7 : explain SELECT id, c FROM sbtest7 WHERE id BETWEEN 5836646 AND 5836746
	Index Scan using sbtest7_pkey on sbtest7  (cost=0.43..408.28 rows=103 width=125)
	  Index Cond: ((id >= 5836646) AND (id <= 5836746))

table 8 : explain SELECT id, c FROM sbtest8 WHERE id BETWEEN 5836646 AND 5836746
	Index Scan using sbtest8_pkey on sbtest8  (cost=0.43..428.42 rows=108 width=125)
	  Index Cond: ((id >= 5836646) AND (id <= 5836746))

for range-notcovered
table 1 : explain SELECT id, c FROM sbtest1 WHERE id BETWEEN 4616874 AND 4616974
	Index Scan using sbtest1_pkey on sbtest1  (cost=0.43..428.45 rows=108 width=125)
	  Index Cond: ((id >= 4616874) AND (id <= 4616974))

table 2 : explain SELECT id, c FROM sbtest2 WHERE id BETWEEN 4616874 AND 4616974
	Index Scan using sbtest2_pkey on sbtest2  (cost=0.43..436.00 rows=110 width=125)
	  Index Cond: ((id >= 4616874) AND (id <= 4616974))

table 3 : explain SELECT id, c FROM sbtest3 WHERE id BETWEEN 4616874 AND 4616974
	Index Scan using sbtest3_pkey on sbtest3  (cost=0.43..382.72 rows=96 width=125)
	  Index Cond: ((id >= 4616874) AND (id <= 4616974))

table 4 : explain SELECT id, c FROM sbtest4 WHERE id BETWEEN 4616874 AND 4616974
	Index Scan using sbtest4_pkey on sbtest4  (cost=0.43..394.35 rows=99 width=125)
	  Index Cond: ((id >= 4616874) AND (id <= 4616974))

table 5 : explain SELECT id, c FROM sbtest5 WHERE id BETWEEN 4616874 AND 4616974
	Index Scan using sbtest5_pkey on sbtest5  (cost=0.43..388.34 rows=98 width=125)
	  Index Cond: ((id >= 4616874) AND (id <= 4616974))

table 6 : explain SELECT id, c FROM sbtest6 WHERE id BETWEEN 4616874 AND 4616974
	Index Scan using sbtest6_pkey on sbtest6  (cost=0.43..385.42 rows=97 width=125)
	  Index Cond: ((id >= 4616874) AND (id <= 4616974))

table 7 : explain SELECT id, c FROM sbtest7 WHERE id BETWEEN 4616874 AND 4616974
	Index Scan using sbtest7_pkey on sbtest7  (cost=0.43..439.63 rows=111 width=125)
	  Index Cond: ((id >= 4616874) AND (id <= 4616974))

table 8 : explain SELECT id, c FROM sbtest8 WHERE id BETWEEN 4616874 AND 4616974
	Index Scan using sbtest8_pkey on sbtest8  (cost=0.43..381.33 rows=96 width=125)
	  Index Cond: ((id >= 4616874) AND (id <= 4616974))

for range-notcovered
table 1 : explain SELECT id, c FROM sbtest1 WHERE id BETWEEN 5514911 AND 5515011
	Index Scan using sbtest1_pkey on sbtest1  (cost=0.43..389.21 rows=98 width=125)
	  Index Cond: ((id >= 5514911) AND (id <= 5515011))

table 2 : explain SELECT id, c FROM sbtest2 WHERE id BETWEEN 5514911 AND 5515011
	Index Scan using sbtest2_pkey on sbtest2  (cost=0.43..385.01 rows=97 width=125)
	  Index Cond: ((id >= 5514911) AND (id <= 5515011))

table 3 : explain SELECT id, c FROM sbtest3 WHERE id BETWEEN 5514911 AND 5515011
	Index Scan using sbtest3_pkey on sbtest3  (cost=0.43..402.41 rows=101 width=125)
	  Index Cond: ((id >= 5514911) AND (id <= 5515011))

table 4 : explain SELECT id, c FROM sbtest4 WHERE id BETWEEN 5514911 AND 5515011
	Index Scan using sbtest4_pkey on sbtest4  (cost=0.43..414.03 rows=104 width=125)
	  Index Cond: ((id >= 5514911) AND (id <= 5515011))

table 5 : explain SELECT id, c FROM sbtest5 WHERE id BETWEEN 5514911 AND 5515011
	Index Scan using sbtest5_pkey on sbtest5  (cost=0.43..388.34 rows=98 width=125)
	  Index Cond: ((id >= 5514911) AND (id <= 5515011))

table 6 : explain SELECT id, c FROM sbtest6 WHERE id BETWEEN 5514911 AND 5515011
	Index Scan using sbtest6_pkey on sbtest6  (cost=0.43..448.24 rows=113 width=125)
	  Index Cond: ((id >= 5514911) AND (id <= 5515011))

table 7 : explain SELECT id, c FROM sbtest7 WHERE id BETWEEN 5514911 AND 5515011
	Index Scan using sbtest7_pkey on sbtest7  (cost=0.43..416.12 rows=105 width=125)
	  Index Cond: ((id >= 5514911) AND (id <= 5515011))

table 8 : explain SELECT id, c FROM sbtest8 WHERE id BETWEEN 5514911 AND 5515011
	Index Scan using sbtest8_pkey on sbtest8  (cost=0.43..432.35 rows=109 width=125)
	  Index Cond: ((id >= 5514911) AND (id <= 5515011))

explain: for range-notcovered :: explain SELECT id, c FROM sbtest%d WHERE id BETWEEN 4616874 AND 4616974
for range-notcovered
table 1 : explain SELECT id, c FROM sbtest1 WHERE id BETWEEN 1046155 AND 1046255
	Index Scan using sbtest1_pkey on sbtest1  (cost=0.43..428.45 rows=108 width=125)
	  Index Cond: ((id >= 1046155) AND (id <= 1046255))

table 2 : explain SELECT id, c FROM sbtest2 WHERE id BETWEEN 1046155 AND 1046255
	Index Scan using sbtest2_pkey on sbtest2  (cost=0.43..365.38 rows=92 width=125)
	  Index Cond: ((id >= 1046155) AND (id <= 1046255))

table 3 : explain SELECT id, c FROM sbtest3 WHERE id BETWEEN 1046155 AND 1046255
	Index Scan using sbtest3_pkey on sbtest3  (cost=0.43..398.47 rows=100 width=125)
	  Index Cond: ((id >= 1046155) AND (id <= 1046255))

table 4 : explain SELECT id, c FROM sbtest4 WHERE id BETWEEN 1046155 AND 1046255
	Index Scan using sbtest4_pkey on sbtest4  (cost=0.43..406.16 rows=102 width=125)
	  Index Cond: ((id >= 1046155) AND (id <= 1046255))

table 5 : explain SELECT id, c FROM sbtest5 WHERE id BETWEEN 1046155 AND 1046255
	Index Scan using sbtest5_pkey on sbtest5  (cost=0.43..384.43 rows=97 width=125)
	  Index Cond: ((id >= 1046155) AND (id <= 1046255))

table 6 : explain SELECT id, c FROM sbtest6 WHERE id BETWEEN 1046155 AND 1046255
	Index Scan using sbtest6_pkey on sbtest6  (cost=0.43..393.27 rows=99 width=125)
	  Index Cond: ((id >= 1046155) AND (id <= 1046255))

table 7 : explain SELECT id, c FROM sbtest7 WHERE id BETWEEN 1046155 AND 1046255
	Index Scan using sbtest7_pkey on sbtest7  (cost=0.43..392.60 rows=99 width=125)
	  Index Cond: ((id >= 1046155) AND (id <= 1046255))

table 8 : explain SELECT id, c FROM sbtest8 WHERE id BETWEEN 1046155 AND 1046255
	Index Scan using sbtest8_pkey on sbtest8  (cost=0.43..381.33 rows=96 width=125)
	  Index Cond: ((id >= 1046155) AND (id <= 1046255))
explain: for range-notcovered :: explain SELECT id, c FROM sbtest%d WHERE id BETWEEN 5514911 AND 5515011

for range-notcovered
table 1 : explain SELECT id, c FROM sbtest1 WHERE id BETWEEN 5998392 AND 5998492
	Index Scan using sbtest1_pkey on sbtest1  (cost=0.43..404.91 rows=102 width=125)
	  Index Cond: ((id >= 5998392) AND (id <= 5998492))

table 2 : explain SELECT id, c FROM sbtest2 WHERE id BETWEEN 5998392 AND 5998492
	Index Scan using sbtest2_pkey on sbtest2  (cost=0.43..416.39 rows=105 width=125)
	  Index Cond: ((id >= 5998392) AND (id <= 5998492))

table 3 : explain SELECT id, c FROM sbtest3 WHERE id BETWEEN 5998392 AND 5998492
	Index Scan using sbtest3_pkey on sbtest3  (cost=0.43..406.35 rows=102 width=125)
	  Index Cond: ((id >= 5998392) AND (id <= 5998492))

table 4 : explain SELECT id, c FROM sbtest4 WHERE id BETWEEN 5998392 AND 5998492
	Index Scan using sbtest4_pkey on sbtest4  (cost=0.43..410.09 rows=103 width=125)
	  Index Cond: ((id >= 5998392) AND (id <= 5998492))

table 5 : explain SELECT id, c FROM sbtest5 WHERE id BETWEEN 5998392 AND 5998492
	Index Scan using sbtest5_pkey on sbtest5  (cost=0.43..372.68 rows=94 width=125)
	  Index Cond: ((id >= 5998392) AND (id <= 5998492))

table 6 : explain SELECT id, c FROM sbtest6 WHERE id BETWEEN 5998392 AND 5998492
	Index Scan using sbtest6_pkey on sbtest6  (cost=0.43..397.20 rows=100 width=125)
	  Index Cond: ((id >= 5998392) AND (id <= 5998492))

table 7 : explain SELECT id, c FROM sbtest7 WHERE id BETWEEN 5998392 AND 5998492
	Index Scan using sbtest7_pkey on sbtest7  (cost=0.43..412.20 rows=104 width=125)
	  Index Cond: ((id >= 5998392) AND (id <= 5998492))

table 8 : explain SELECT id, c FROM sbtest8 WHERE id BETWEEN 5998392 AND 5998492
	Index Scan using sbtest8_pkey on sbtest8  (cost=0.43..428.42 rows=108 width=125)
	  Index Cond: ((id >= 5998392) AND (id <= 5998492))

explain: for range-notcovered :: explain SELECT id, c FROM sbtest%d WHERE id BETWEEN 1046155 AND 1046255
for range-notcovered
table 1 : explain SELECT id, c FROM sbtest1 WHERE id BETWEEN 4013656 AND 4013756
	Index Scan using sbtest1_pkey on sbtest1  (cost=0.43..393.13 rows=99 width=125)
	  Index Cond: ((id >= 4013656) AND (id <= 4013756))

table 2 : explain SELECT id, c FROM sbtest2 WHERE id BETWEEN 4013656 AND 4013756
	Index Scan using sbtest2_pkey on sbtest2  (cost=0.43..412.47 rows=104 width=125)
	  Index Cond: ((id >= 4013656) AND (id <= 4013756))

table 3 : explain SELECT id, c FROM sbtest3 WHERE id BETWEEN 4013656 AND 4013756
	Index Scan using sbtest3_pkey on sbtest3  (cost=0.43..433.92 rows=109 width=125)
	  Index Cond: ((id >= 4013656) AND (id <= 4013756))

table 4 : explain SELECT id, c FROM sbtest4 WHERE id BETWEEN 4013656 AND 4013756
	Index Scan using sbtest4_pkey on sbtest4  (cost=0.43..386.47 rows=97 width=125)
	  Index Cond: ((id >= 4013656) AND (id <= 4013756))

table 5 : explain SELECT id, c FROM sbtest5 WHERE id BETWEEN 4013656 AND 4013756
	Index Scan using sbtest5_pkey on sbtest5  (cost=0.43..392.26 rows=99 width=125)
	  Index Cond: ((id >= 4013656) AND (id <= 4013756))

table 6 : explain SELECT id, c FROM sbtest6 WHERE id BETWEEN 4013656 AND 4013756
	Index Scan using sbtest6_pkey on sbtest6  (cost=0.43..389.35 rows=98 width=125)
	  Index Cond: ((id >= 4013656) AND (id <= 4013756))

table 7 : explain SELECT id, c FROM sbtest7 WHERE id BETWEEN 4013656 AND 4013756
	Index Scan using sbtest7_pkey on sbtest7  (cost=0.43..388.68 rows=98 width=125)
	  Index Cond: ((id >= 4013656) AND (id <= 4013756))

table 8 : explain SELECT id, c FROM sbtest8 WHERE id BETWEEN 4013656 AND 4013756
	Index Scan using sbtest8_pkey on sbtest8  (cost=0.43..389.18 rows=98 width=125)
	  Index Cond: ((id >= 4013656) AND (id <= 4013756))

explain: for range-notcovered :: explain SELECT id, c FROM sbtest%d WHERE id BETWEEN 5998392 AND 5998492
for range-notcovered
table 1 : explain SELECT id, c FROM sbtest1 WHERE id BETWEEN 9065305 AND 9065405
	Index Scan using sbtest1_pkey on sbtest1  (cost=0.43..412.76 rows=104 width=125)
	  Index Cond: ((id >= 9065305) AND (id <= 9065405))

table 2 : explain SELECT id, c FROM sbtest2 WHERE id BETWEEN 9065305 AND 9065405
	Index Scan using sbtest2_pkey on sbtest2  (cost=0.43..392.86 rows=99 width=125)
	  Index Cond: ((id >= 9065305) AND (id <= 9065405))

table 3 : explain SELECT id, c FROM sbtest3 WHERE id BETWEEN 9065305 AND 9065405
	Index Scan using sbtest3_pkey on sbtest3  (cost=0.43..374.82 rows=94 width=125)
	  Index Cond: ((id >= 9065305) AND (id <= 9065405))

table 4 : explain SELECT id, c FROM sbtest4 WHERE id BETWEEN 9065305 AND 9065405
	Index Scan using sbtest4_pkey on sbtest4  (cost=0.43..406.16 rows=102 width=125)
	  Index Cond: ((id >= 9065305) AND (id <= 9065405))

table 5 : explain SELECT id, c FROM sbtest5 WHERE id BETWEEN 9065305 AND 9065405
	Index Scan using sbtest5_pkey on sbtest5  (cost=0.43..388.34 rows=98 width=125)
	  Index Cond: ((id >= 9065305) AND (id <= 9065405))

table 6 : explain SELECT id, c FROM sbtest6 WHERE id BETWEEN 9065305 AND 9065405
	Index Scan using sbtest6_pkey on sbtest6  (cost=0.43..440.39 rows=111 width=125)
	  Index Cond: ((id >= 9065305) AND (id <= 9065405))

table 7 : explain SELECT id, c FROM sbtest7 WHERE id BETWEEN 9065305 AND 9065405
	Index Scan using sbtest7_pkey on sbtest7  (cost=0.43..408.28 rows=103 width=125)
	  Index Cond: ((id >= 9065305) AND (id <= 9065405))

table 8 : explain SELECT id, c FROM sbtest8 WHERE id BETWEEN 9065305 AND 9065405
	Index Scan using sbtest8_pkey on sbtest8  (cost=0.43..416.65 rows=105 width=125)
	  Index Cond: ((id >= 9065305) AND (id <= 9065405))

for range-notcovered
table 1 : explain SELECT id, c FROM sbtest1 WHERE id BETWEEN 5514911 AND 5515011
	Index Scan using sbtest1_pkey on sbtest1  (cost=0.43..389.21 rows=98 width=125)
	  Index Cond: ((id >= 5514911) AND (id <= 5515011))

table 2 : explain SELECT id, c FROM sbtest2 WHERE id BETWEEN 5514911 AND 5515011
	Index Scan using sbtest2_pkey on sbtest2  (cost=0.43..385.01 rows=97 width=125)
	  Index Cond: ((id >= 5514911) AND (id <= 5515011))

table 3 : explain SELECT id, c FROM sbtest3 WHERE id BETWEEN 5514911 AND 5515011
	Index Scan using sbtest3_pkey on sbtest3  (cost=0.43..402.41 rows=101 width=125)
	  Index Cond: ((id >= 5514911) AND (id <= 5515011))

table 4 : explain SELECT id, c FROM sbtest4 WHERE id BETWEEN 5514911 AND 5515011
	Index Scan using sbtest4_pkey on sbtest4  (cost=0.43..414.03 rows=104 width=125)
	  Index Cond: ((id >= 5514911) AND (id <= 5515011))

table 5 : explain SELECT id, c FROM sbtest5 WHERE id BETWEEN 5514911 AND 5515011
	Index Scan using sbtest5_pkey on sbtest5  (cost=0.43..388.34 rows=98 width=125)
	  Index Cond: ((id >= 5514911) AND (id <= 5515011))

table 6 : explain SELECT id, c FROM sbtest6 WHERE id BETWEEN 5514911 AND 5515011
	Index Scan using sbtest6_pkey on sbtest6  (cost=0.43..448.24 rows=113 width=125)
	  Index Cond: ((id >= 5514911) AND (id <= 5515011))

table 7 : explain SELECT id, c FROM sbtest7 WHERE id BETWEEN 5514911 AND 5515011
	Index Scan using sbtest7_pkey on sbtest7  (cost=0.43..416.12 rows=105 width=125)
	  Index Cond: ((id >= 5514911) AND (id <= 5515011))

table 8 : explain SELECT id, c FROM sbtest8 WHERE id BETWEEN 5514911 AND 5515011
	Index Scan using sbtest8_pkey on sbtest8  (cost=0.43..432.35 rows=109 width=125)
	  Index Cond: ((id >= 5514911) AND (id <= 5515011))

for range-notcovered
table 1 : explain SELECT id, c FROM sbtest1 WHERE id BETWEEN 1046155 AND 1046255
	Index Scan using sbtest1_pkey on sbtest1  (cost=0.43..428.45 rows=108 width=125)
	  Index Cond: ((id >= 1046155) AND (id <= 1046255))

table 2 : explain SELECT id, c FROM sbtest2 WHERE id BETWEEN 1046155 AND 1046255
	Index Scan using sbtest2_pkey on sbtest2  (cost=0.43..365.38 rows=92 width=125)
	  Index Cond: ((id >= 1046155) AND (id <= 1046255))

table 3 : explain SELECT id, c FROM sbtest3 WHERE id BETWEEN 1046155 AND 1046255
	Index Scan using sbtest3_pkey on sbtest3  (cost=0.43..398.47 rows=100 width=125)
	  Index Cond: ((id >= 1046155) AND (id <= 1046255))

table 4 : explain SELECT id, c FROM sbtest4 WHERE id BETWEEN 1046155 AND 1046255
	Index Scan using sbtest4_pkey on sbtest4  (cost=0.43..406.16 rows=102 width=125)
	  Index Cond: ((id >= 1046155) AND (id <= 1046255))

table 5 : explain SELECT id, c FROM sbtest5 WHERE id BETWEEN 1046155 AND 1046255
	Index Scan using sbtest5_pkey on sbtest5  (cost=0.43..384.43 rows=97 width=125)
	  Index Cond: ((id >= 1046155) AND (id <= 1046255))

table 6 : explain SELECT id, c FROM sbtest6 WHERE id BETWEEN 1046155 AND 1046255
	Index Scan using sbtest6_pkey on sbtest6  (cost=0.43..393.27 rows=99 width=125)
	  Index Cond: ((id >= 1046155) AND (id <= 1046255))

table 7 : explain SELECT id, c FROM sbtest7 WHERE id BETWEEN 1046155 AND 1046255
	Index Scan using sbtest7_pkey on sbtest7  (cost=0.43..392.60 rows=99 width=125)
	  Index Cond: ((id >= 1046155) AND (id <= 1046255))

table 8 : explain SELECT id, c FROM sbtest8 WHERE id BETWEEN 1046155 AND 1046255
	Index Scan using sbtest8_pkey on sbtest8  (cost=0.43..381.33 rows=96 width=125)
	  Index Cond: ((id >= 1046155) AND (id <= 1046255))

explain: for range-notcovered :: explain SELECT id, c FROM sbtest%d WHERE id BETWEEN 5514911 AND 5515011
explain: for range-notcovered :: explain SELECT id, c FROM sbtest%d WHERE id BETWEEN 1046155 AND 1046255
for range-notcovered
table 1 : explain SELECT id, c FROM sbtest1 WHERE id BETWEEN 6442341 AND 6442441
	Index Scan using sbtest1_pkey on sbtest1  (cost=0.43..389.21 rows=98 width=125)
	  Index Cond: ((id >= 6442341) AND (id <= 6442441))

table 2 : explain SELECT id, c FROM sbtest2 WHERE id BETWEEN 6442341 AND 6442441
	Index Scan using sbtest2_pkey on sbtest2  (cost=0.43..396.78 rows=100 width=125)
	  Index Cond: ((id >= 6442341) AND (id <= 6442441))

table 3 : explain SELECT id, c FROM sbtest3 WHERE id BETWEEN 6442341 AND 6442441
	Index Scan using sbtest3_pkey on sbtest3  (cost=0.43..414.23 rows=104 width=125)
	  Index Cond: ((id >= 6442341) AND (id <= 6442441))

table 4 : explain SELECT id, c FROM sbtest4 WHERE id BETWEEN 6442341 AND 6442441
	Index Scan using sbtest4_pkey on sbtest4  (cost=0.43..398.28 rows=100 width=125)
	  Index Cond: ((id >= 6442341) AND (id <= 6442441))

table 5 : explain SELECT id, c FROM sbtest5 WHERE id BETWEEN 6442341 AND 6442441
	Index Scan using sbtest5_pkey on sbtest5  (cost=0.43..411.84 rows=104 width=125)
	  Index Cond: ((id >= 6442341) AND (id <= 6442441))

table 6 : explain SELECT id, c FROM sbtest6 WHERE id BETWEEN 6442341 AND 6442441
	Index Scan using sbtest6_pkey on sbtest6  (cost=0.43..377.57 rows=95 width=125)
	  Index Cond: ((id >= 6442341) AND (id <= 6442441))

table 7 : explain SELECT id, c FROM sbtest7 WHERE id BETWEEN 6442341 AND 6442441
	Index Scan using sbtest7_pkey on sbtest7  (cost=0.43..369.09 rows=93 width=125)
	  Index Cond: ((id >= 6442341) AND (id <= 6442441))

table 8 : explain SELECT id, c FROM sbtest8 WHERE id BETWEEN 6442341 AND 6442441
	Index Scan using sbtest8_pkey on sbtest8  (cost=0.43..393.10 rows=99 width=125)
	  Index Cond: ((id >= 6442341) AND (id <= 6442441))

explain: for range-notcovered :: explain SELECT id, c FROM sbtest%d WHERE id BETWEEN 9065305 AND 9065405
explain: for range-notcovered :: explain SELECT id, c FROM sbtest%d WHERE id BETWEEN 6442341 AND 6442441
for range-notcovered
table 1 : explain SELECT id, c FROM sbtest1 WHERE id BETWEEN 3929569 AND 3929669
	Index Scan using sbtest1_pkey on sbtest1  (cost=0.43..400.98 rows=101 width=125)
	  Index Cond: ((id >= 3929569) AND (id <= 3929669))

table 2 : explain SELECT id, c FROM sbtest2 WHERE id BETWEEN 3929569 AND 3929669
	Index Scan using sbtest2_pkey on sbtest2  (cost=0.43..408.54 rows=103 width=125)
	  Index Cond: ((id >= 3929569) AND (id <= 3929669))

table 3 : explain SELECT id, c FROM sbtest3 WHERE id BETWEEN 3929569 AND 3929669
	Index Scan using sbtest3_pkey on sbtest3  (cost=0.43..398.47 rows=100 width=125)
	  Index Cond: ((id >= 3929569) AND (id <= 3929669))

table 4 : explain SELECT id, c FROM sbtest4 WHERE id BETWEEN 3929569 AND 3929669
	Index Scan using sbtest4_pkey on sbtest4  (cost=0.43..351.02 rows=88 width=125)
	  Index Cond: ((id >= 3929569) AND (id <= 3929669))

table 5 : explain SELECT id, c FROM sbtest5 WHERE id BETWEEN 3929569 AND 3929669
	Index Scan using sbtest5_pkey on sbtest5  (cost=0.43..411.84 rows=104 width=125)
	  Index Cond: ((id >= 3929569) AND (id <= 3929669))

table 6 : explain SELECT id, c FROM sbtest6 WHERE id BETWEEN 3929569 AND 3929669
	Index Scan using sbtest6_pkey on sbtest6  (cost=0.43..401.13 rows=101 width=125)
	  Index Cond: ((id >= 3929569) AND (id <= 3929669))

table 7 : explain SELECT id, c FROM sbtest7 WHERE id BETWEEN 3929569 AND 3929669
	Index Scan using sbtest7_pkey on sbtest7  (cost=0.43..420.04 rows=106 width=125)
	  Index Cond: ((id >= 3929569) AND (id <= 3929669))

table 8 : explain SELECT id, c FROM sbtest8 WHERE id BETWEEN 3929569 AND 3929669
	Index Scan using sbtest8_pkey on sbtest8  (cost=0.43..361.69 rows=91 width=125)
	  Index Cond: ((id >= 3929569) AND (id <= 3929669))

for range-notcovered
table 1 : explain SELECT id, c FROM sbtest1 WHERE id BETWEEN 4616874 AND 4616974
	Index Scan using sbtest1_pkey on sbtest1  (cost=0.43..428.45 rows=108 width=125)
	  Index Cond: ((id >= 4616874) AND (id <= 4616974))

table 2 : explain SELECT id, c FROM sbtest2 WHERE id BETWEEN 4616874 AND 4616974
	Index Scan using sbtest2_pkey on sbtest2  (cost=0.43..436.00 rows=110 width=125)
	  Index Cond: ((id >= 4616874) AND (id <= 4616974))

table 3 : explain SELECT id, c FROM sbtest3 WHERE id BETWEEN 4616874 AND 4616974
	Index Scan using sbtest3_pkey on sbtest3  (cost=0.43..382.72 rows=96 width=125)
	  Index Cond: ((id >= 4616874) AND (id <= 4616974))

table 4 : explain SELECT id, c FROM sbtest4 WHERE id BETWEEN 4616874 AND 4616974
	Index Scan using sbtest4_pkey on sbtest4  (cost=0.43..394.35 rows=99 width=125)
	  Index Cond: ((id >= 4616874) AND (id <= 4616974))

table 5 : explain SELECT id, c FROM sbtest5 WHERE id BETWEEN 4616874 AND 4616974
	Index Scan using sbtest5_pkey on sbtest5  (cost=0.43..388.34 rows=98 width=125)
	  Index Cond: ((id >= 4616874) AND (id <= 4616974))

table 6 : explain SELECT id, c FROM sbtest6 WHERE id BETWEEN 4616874 AND 4616974
	Index Scan using sbtest6_pkey on sbtest6  (cost=0.43..385.42 rows=97 width=125)
	  Index Cond: ((id >= 4616874) AND (id <= 4616974))

table 7 : explain SELECT id, c FROM sbtest7 WHERE id BETWEEN 4616874 AND 4616974
	Index Scan using sbtest7_pkey on sbtest7  (cost=0.43..439.63 rows=111 width=125)
	  Index Cond: ((id >= 4616874) AND (id <= 4616974))

table 8 : explain SELECT id, c FROM sbtest8 WHERE id BETWEEN 4616874 AND 4616974
	Index Scan using sbtest8_pkey on sbtest8  (cost=0.43..381.33 rows=96 width=125)
	  Index Cond: ((id >= 4616874) AND (id <= 4616974))

for range-notcovered
table 1 : explain SELECT id, c FROM sbtest1 WHERE id BETWEEN 5514911 AND 5515011
	Index Scan using sbtest1_pkey on sbtest1  (cost=0.43..389.21 rows=98 width=125)
	  Index Cond: ((id >= 5514911) AND (id <= 5515011))

table 2 : explain SELECT id, c FROM sbtest2 WHERE id BETWEEN 5514911 AND 5515011
	Index Scan using sbtest2_pkey on sbtest2  (cost=0.43..385.01 rows=97 width=125)
	  Index Cond: ((id >= 5514911) AND (id <= 5515011))

table 3 : explain SELECT id, c FROM sbtest3 WHERE id BETWEEN 5514911 AND 5515011
	Index Scan using sbtest3_pkey on sbtest3  (cost=0.43..402.41 rows=101 width=125)
	  Index Cond: ((id >= 5514911) AND (id <= 5515011))

table 4 : explain SELECT id, c FROM sbtest4 WHERE id BETWEEN 5514911 AND 5515011
	Index Scan using sbtest4_pkey on sbtest4  (cost=0.43..414.03 rows=104 width=125)
	  Index Cond: ((id >= 5514911) AND (id <= 5515011))

table 5 : explain SELECT id, c FROM sbtest5 WHERE id BETWEEN 5514911 AND 5515011
	Index Scan using sbtest5_pkey on sbtest5  (cost=0.43..388.34 rows=98 width=125)
	  Index Cond: ((id >= 5514911) AND (id <= 5515011))

table 6 : explain SELECT id, c FROM sbtest6 WHERE id BETWEEN 5514911 AND 5515011
	Index Scan using sbtest6_pkey on sbtest6  (cost=0.43..448.24 rows=113 width=125)
	  Index Cond: ((id >= 5514911) AND (id <= 5515011))

table 7 : explain SELECT id, c FROM sbtest7 WHERE id BETWEEN 5514911 AND 5515011
	Index Scan using sbtest7_pkey on sbtest7  (cost=0.43..416.12 rows=105 width=125)
	  Index Cond: ((id >= 5514911) AND (id <= 5515011))

table 8 : explain SELECT id, c FROM sbtest8 WHERE id BETWEEN 5514911 AND 5515011
	Index Scan using sbtest8_pkey on sbtest8  (cost=0.43..432.35 rows=109 width=125)
	  Index Cond: ((id >= 5514911) AND (id <= 5515011))

for range-notcovered
table 1 : explain SELECT id, c FROM sbtest1 WHERE id BETWEEN 1046155 AND 1046255
	Index Scan using sbtest1_pkey on sbtest1  (cost=0.43..428.45 rows=108 width=125)
	  Index Cond: ((id >= 1046155) AND (id <= 1046255))

table 2 : explain SELECT id, c FROM sbtest2 WHERE id BETWEEN 1046155 AND 1046255
	Index Scan using sbtest2_pkey on sbtest2  (cost=0.43..365.38 rows=92 width=125)
	  Index Cond: ((id >= 1046155) AND (id <= 1046255))

table 3 : explain SELECT id, c FROM sbtest3 WHERE id BETWEEN 1046155 AND 1046255
	Index Scan using sbtest3_pkey on sbtest3  (cost=0.43..398.47 rows=100 width=125)
	  Index Cond: ((id >= 1046155) AND (id <= 1046255))

table 4 : explain SELECT id, c FROM sbtest4 WHERE id BETWEEN 1046155 AND 1046255
	Index Scan using sbtest4_pkey on sbtest4  (cost=0.43..406.16 rows=102 width=125)
	  Index Cond: ((id >= 1046155) AND (id <= 1046255))

table 5 : explain SELECT id, c FROM sbtest5 WHERE id BETWEEN 1046155 AND 1046255
	Index Scan using sbtest5_pkey on sbtest5  (cost=0.43..384.43 rows=97 width=125)
	  Index Cond: ((id >= 1046155) AND (id <= 1046255))

table 6 : explain SELECT id, c FROM sbtest6 WHERE id BETWEEN 1046155 AND 1046255
	Index Scan using sbtest6_pkey on sbtest6  (cost=0.43..393.27 rows=99 width=125)
	  Index Cond: ((id >= 1046155) AND (id <= 1046255))

table 7 : explain SELECT id, c FROM sbtest7 WHERE id BETWEEN 1046155 AND 1046255
	Index Scan using sbtest7_pkey on sbtest7  (cost=0.43..392.60 rows=99 width=125)
	  Index Cond: ((id >= 1046155) AND (id <= 1046255))

table 8 : explain SELECT id, c FROM sbtest8 WHERE id BETWEEN 1046155 AND 1046255
	Index Scan using sbtest8_pkey on sbtest8  (cost=0.43..381.33 rows=96 width=125)
	  Index Cond: ((id >= 1046155) AND (id <= 1046255))

explain: for range-notcovered :: explain SELECT id, c FROM sbtest%d WHERE id BETWEEN 5514911 AND 5515011
for range-notcovered
table 1 : explain SELECT id, c FROM sbtest1 WHERE id BETWEEN 9065305 AND 9065405
	Index Scan using sbtest1_pkey on sbtest1  (cost=0.43..412.76 rows=104 width=125)
	  Index Cond: ((id >= 9065305) AND (id <= 9065405))

table 2 : explain SELECT id, c FROM sbtest2 WHERE id BETWEEN 9065305 AND 9065405
	Index Scan using sbtest2_pkey on sbtest2  (cost=0.43..392.86 rows=99 width=125)
	  Index Cond: ((id >= 9065305) AND (id <= 9065405))

table 3 : explain SELECT id, c FROM sbtest3 WHERE id BETWEEN 9065305 AND 9065405
	Index Scan using sbtest3_pkey on sbtest3  (cost=0.43..374.82 rows=94 width=125)
	  Index Cond: ((id >= 9065305) AND (id <= 9065405))

table 4 : explain SELECT id, c FROM sbtest4 WHERE id BETWEEN 9065305 AND 9065405
	Index Scan using sbtest4_pkey on sbtest4  (cost=0.43..406.16 rows=102 width=125)
	  Index Cond: ((id >= 9065305) AND (id <= 9065405))

table 5 : explain SELECT id, c FROM sbtest5 WHERE id BETWEEN 9065305 AND 9065405
	Index Scan using sbtest5_pkey on sbtest5  (cost=0.43..388.34 rows=98 width=125)
	  Index Cond: ((id >= 9065305) AND (id <= 9065405))

table 6 : explain SELECT id, c FROM sbtest6 WHERE id BETWEEN 9065305 AND 9065405
	Index Scan using sbtest6_pkey on sbtest6  (cost=0.43..440.39 rows=111 width=125)
	  Index Cond: ((id >= 9065305) AND (id <= 9065405))

table 7 : explain SELECT id, c FROM sbtest7 WHERE id BETWEEN 9065305 AND 9065405
	Index Scan using sbtest7_pkey on sbtest7  (cost=0.43..408.28 rows=103 width=125)
	  Index Cond: ((id >= 9065305) AND (id <= 9065405))

table 8 : explain SELECT id, c FROM sbtest8 WHERE id BETWEEN 9065305 AND 9065405
	Index Scan using sbtest8_pkey on sbtest8  (cost=0.43..416.65 rows=105 width=125)
	  Index Cond: ((id >= 9065305) AND (id <= 9065405))
explain: for range-notcovered :: explain SELECT id, c FROM sbtest%d WHERE id BETWEEN 1046155 AND 1046255
for range-notcovered
table 1 : explain SELECT id, c FROM sbtest1 WHERE id BETWEEN 5998392 AND 5998492
	Index Scan using sbtest1_pkey on sbtest1  (cost=0.43..404.91 rows=102 width=125)
	  Index Cond: ((id >= 5998392) AND (id <= 5998492))

table 2 : explain SELECT id, c FROM sbtest2 WHERE id BETWEEN 5998392 AND 5998492
	Index Scan using sbtest2_pkey on sbtest2  (cost=0.43..416.39 rows=105 width=125)
	  Index Cond: ((id >= 5998392) AND (id <= 5998492))

table 3 : explain SELECT id, c FROM sbtest3 WHERE id BETWEEN 5998392 AND 5998492
	Index Scan using sbtest3_pkey on sbtest3  (cost=0.43..406.35 rows=102 width=125)
	  Index Cond: ((id >= 5998392) AND (id <= 5998492))

table 4 : explain SELECT id, c FROM sbtest4 WHERE id BETWEEN 5998392 AND 5998492
	Index Scan using sbtest4_pkey on sbtest4  (cost=0.43..410.09 rows=103 width=125)
	  Index Cond: ((id >= 5998392) AND (id <= 5998492))

table 5 : explain SELECT id, c FROM sbtest5 WHERE id BETWEEN 5998392 AND 5998492
	Index Scan using sbtest5_pkey on sbtest5  (cost=0.43..372.68 rows=94 width=125)
	  Index Cond: ((id >= 5998392) AND (id <= 5998492))

table 6 : explain SELECT id, c FROM sbtest6 WHERE id BETWEEN 5998392 AND 5998492
	Index Scan using sbtest6_pkey on sbtest6  (cost=0.43..397.20 rows=100 width=125)
	  Index Cond: ((id >= 5998392) AND (id <= 5998492))

table 7 : explain SELECT id, c FROM sbtest7 WHERE id BETWEEN 5998392 AND 5998492
	Index Scan using sbtest7_pkey on sbtest7  (cost=0.43..412.20 rows=104 width=125)
	  Index Cond: ((id >= 5998392) AND (id <= 5998492))

table 8 : explain SELECT id, c FROM sbtest8 WHERE id BETWEEN 5998392 AND 5998492
	Index Scan using sbtest8_pkey on sbtest8  (cost=0.43..428.42 rows=108 width=125)
	  Index Cond: ((id >= 5998392) AND (id <= 5998492))

for range-notcovered
table 1 : explain SELECT id, c FROM sbtest1 WHERE id BETWEEN 6442341 AND 6442441
	Index Scan using sbtest1_pkey on sbtest1  (cost=0.43..389.21 rows=98 width=125)
	  Index Cond: ((id >= 6442341) AND (id <= 6442441))

table 2 : explain SELECT id, c FROM sbtest2 WHERE id BETWEEN 6442341 AND 6442441
	Index Scan using sbtest2_pkey on sbtest2  (cost=0.43..396.78 rows=100 width=125)
	  Index Cond: ((id >= 6442341) AND (id <= 6442441))

table 3 : explain SELECT id, c FROM sbtest3 WHERE id BETWEEN 6442341 AND 6442441
	Index Scan using sbtest3_pkey on sbtest3  (cost=0.43..414.23 rows=104 width=125)
	  Index Cond: ((id >= 6442341) AND (id <= 6442441))

table 4 : explain SELECT id, c FROM sbtest4 WHERE id BETWEEN 6442341 AND 6442441
	Index Scan using sbtest4_pkey on sbtest4  (cost=0.43..398.28 rows=100 width=125)
	  Index Cond: ((id >= 6442341) AND (id <= 6442441))

table 5 : explain SELECT id, c FROM sbtest5 WHERE id BETWEEN 6442341 AND 6442441
	Index Scan using sbtest5_pkey on sbtest5  (cost=0.43..411.84 rows=104 width=125)
	  Index Cond: ((id >= 6442341) AND (id <= 6442441))

table 6 : explain SELECT id, c FROM sbtest6 WHERE id BETWEEN 6442341 AND 6442441
	Index Scan using sbtest6_pkey on sbtest6  (cost=0.43..377.57 rows=95 width=125)
	  Index Cond: ((id >= 6442341) AND (id <= 6442441))

table 7 : explain SELECT id, c FROM sbtest7 WHERE id BETWEEN 6442341 AND 6442441
	Index Scan using sbtest7_pkey on sbtest7  (cost=0.43..369.09 rows=93 width=125)
	  Index Cond: ((id >= 6442341) AND (id <= 6442441))

table 8 : explain SELECT id, c FROM sbtest8 WHERE id BETWEEN 6442341 AND 6442441
	Index Scan using sbtest8_pkey on sbtest8  (cost=0.43..393.10 rows=99 width=125)
	  Index Cond: ((id >= 6442341) AND (id <= 6442441))


explain: for range-notcovered :: explain SELECT id, c FROM sbtest%d WHERE id BETWEEN 4616874 AND 4616974
explain: for range-notcovered :: explain SELECT id, c FROM sbtest%d WHERE id BETWEEN 6442341 AND 6442441
explain: for range-notcovered :: explain SELECT id, c FROM sbtest%d WHERE id BETWEEN 9065305 AND 9065405
explain: for range-notcovered :: explain SELECT id, c FROM sbtest%d WHERE id BETWEEN 1714817 AND 1714917
for range-notcovered
table 1 : explain SELECT id, c FROM sbtest1 WHERE id BETWEEN 5514911 AND 5515011
	Index Scan using sbtest1_pkey on sbtest1  (cost=0.43..389.21 rows=98 width=125)
	  Index Cond: ((id >= 5514911) AND (id <= 5515011))

table 2 : explain SELECT id, c FROM sbtest2 WHERE id BETWEEN 5514911 AND 5515011
	Index Scan using sbtest2_pkey on sbtest2  (cost=0.43..385.01 rows=97 width=125)
	  Index Cond: ((id >= 5514911) AND (id <= 5515011))

table 3 : explain SELECT id, c FROM sbtest3 WHERE id BETWEEN 5514911 AND 5515011
	Index Scan using sbtest3_pkey on sbtest3  (cost=0.43..402.41 rows=101 width=125)
	  Index Cond: ((id >= 5514911) AND (id <= 5515011))

table 4 : explain SELECT id, c FROM sbtest4 WHERE id BETWEEN 5514911 AND 5515011
	Index Scan using sbtest4_pkey on sbtest4  (cost=0.43..414.03 rows=104 width=125)
	  Index Cond: ((id >= 5514911) AND (id <= 5515011))

table 5 : explain SELECT id, c FROM sbtest5 WHERE id BETWEEN 5514911 AND 5515011
	Index Scan using sbtest5_pkey on sbtest5  (cost=0.43..388.34 rows=98 width=125)
	  Index Cond: ((id >= 5514911) AND (id <= 5515011))

table 6 : explain SELECT id, c FROM sbtest6 WHERE id BETWEEN 5514911 AND 5515011
	Index Scan using sbtest6_pkey on sbtest6  (cost=0.43..448.24 rows=113 width=125)
	  Index Cond: ((id >= 5514911) AND (id <= 5515011))

table 7 : explain SELECT id, c FROM sbtest7 WHERE id BETWEEN 5514911 AND 5515011
	Index Scan using sbtest7_pkey on sbtest7  (cost=0.43..416.12 rows=105 width=125)
	  Index Cond: ((id >= 5514911) AND (id <= 5515011))

table 8 : explain SELECT id, c FROM sbtest8 WHERE id BETWEEN 5514911 AND 5515011
	Index Scan using sbtest8_pkey on sbtest8  (cost=0.43..432.35 rows=109 width=125)
	  Index Cond: ((id >= 5514911) AND (id <= 5515011))

explain: for range-notcovered :: explain SELECT id, c FROM sbtest%d WHERE id BETWEEN 5998392 AND 5998492
for range-notcovered
table 1 : explain SELECT id, c FROM sbtest1 WHERE id BETWEEN 1046155 AND 1046255
	Index Scan using sbtest1_pkey on sbtest1  (cost=0.43..428.45 rows=108 width=125)
	  Index Cond: ((id >= 1046155) AND (id <= 1046255))

table 2 : explain SELECT id, c FROM sbtest2 WHERE id BETWEEN 1046155 AND 1046255
	Index Scan using sbtest2_pkey on sbtest2  (cost=0.43..365.38 rows=92 width=125)
	  Index Cond: ((id >= 1046155) AND (id <= 1046255))

table 3 : explain SELECT id, c FROM sbtest3 WHERE id BETWEEN 1046155 AND 1046255
	Index Scan using sbtest3_pkey on sbtest3  (cost=0.43..398.47 rows=100 width=125)
	  Index Cond: ((id >= 1046155) AND (id <= 1046255))

table 4 : explain SELECT id, c FROM sbtest4 WHERE id BETWEEN 1046155 AND 1046255
	Index Scan using sbtest4_pkey on sbtest4  (cost=0.43..406.16 rows=102 width=125)
	  Index Cond: ((id >= 1046155) AND (id <= 1046255))

table 5 : explain SELECT id, c FROM sbtest5 WHERE id BETWEEN 1046155 AND 1046255
	Index Scan using sbtest5_pkey on sbtest5  (cost=0.43..384.43 rows=97 width=125)
	  Index Cond: ((id >= 1046155) AND (id <= 1046255))

table 6 : explain SELECT id, c FROM sbtest6 WHERE id BETWEEN 1046155 AND 1046255
	Index Scan using sbtest6_pkey on sbtest6  (cost=0.43..393.27 rows=99 width=125)
	  Index Cond: ((id >= 1046155) AND (id <= 1046255))

table 7 : explain SELECT id, c FROM sbtest7 WHERE id BETWEEN 1046155 AND 1046255
	Index Scan using sbtest7_pkey on sbtest7  (cost=0.43..392.60 rows=99 width=125)
	  Index Cond: ((id >= 1046155) AND (id <= 1046255))

table 8 : explain SELECT id, c FROM sbtest8 WHERE id BETWEEN 1046155 AND 1046255
	Index Scan using sbtest8_pkey on sbtest8  (cost=0.43..381.33 rows=96 width=125)
	  Index Cond: ((id >= 1046155) AND (id <= 1046255))

explain: for range-notcovered :: explain SELECT id, c FROM sbtest%d WHERE id BETWEEN 5514911 AND 5515011
explain: for range-notcovered :: explain SELECT id, c FROM sbtest%d WHERE id BETWEEN 1046155 AND 1046255
for range-notcovered
table 1 : explain SELECT id, c FROM sbtest1 WHERE id BETWEEN 6442341 AND 6442441
	Index Scan using sbtest1_pkey on sbtest1  (cost=0.43..389.21 rows=98 width=125)
	  Index Cond: ((id >= 6442341) AND (id <= 6442441))

table 2 : explain SELECT id, c FROM sbtest2 WHERE id BETWEEN 6442341 AND 6442441
	Index Scan using sbtest2_pkey on sbtest2  (cost=0.43..396.78 rows=100 width=125)
	  Index Cond: ((id >= 6442341) AND (id <= 6442441))

table 3 : explain SELECT id, c FROM sbtest3 WHERE id BETWEEN 6442341 AND 6442441
	Index Scan using sbtest3_pkey on sbtest3  (cost=0.43..414.23 rows=104 width=125)
	  Index Cond: ((id >= 6442341) AND (id <= 6442441))

table 4 : explain SELECT id, c FROM sbtest4 WHERE id BETWEEN 6442341 AND 6442441
	Index Scan using sbtest4_pkey on sbtest4  (cost=0.43..398.28 rows=100 width=125)
	  Index Cond: ((id >= 6442341) AND (id <= 6442441))

table 5 : explain SELECT id, c FROM sbtest5 WHERE id BETWEEN 6442341 AND 6442441
	Index Scan using sbtest5_pkey on sbtest5  (cost=0.43..411.84 rows=104 width=125)
	  Index Cond: ((id >= 6442341) AND (id <= 6442441))

table 6 : explain SELECT id, c FROM sbtest6 WHERE id BETWEEN 6442341 AND 6442441
	Index Scan using sbtest6_pkey on sbtest6  (cost=0.43..377.57 rows=95 width=125)
	  Index Cond: ((id >= 6442341) AND (id <= 6442441))

table 7 : explain SELECT id, c FROM sbtest7 WHERE id BETWEEN 6442341 AND 6442441
	Index Scan using sbtest7_pkey on sbtest7  (cost=0.43..369.09 rows=93 width=125)
	  Index Cond: ((id >= 6442341) AND (id <= 6442441))

table 8 : explain SELECT id, c FROM sbtest8 WHERE id BETWEEN 6442341 AND 6442441
	Index Scan using sbtest8_pkey on sbtest8  (cost=0.43..393.10 rows=99 width=125)
	  Index Cond: ((id >= 6442341) AND (id <= 6442441))

explain: for range-notcovered :: explain SELECT id, c FROM sbtest%d WHERE id BETWEEN 6442341 AND 6442441
for range-notcovered
table 1 : explain SELECT id, c FROM sbtest1 WHERE id BETWEEN 9065305 AND 9065405
	Index Scan using sbtest1_pkey on sbtest1  (cost=0.43..412.76 rows=104 width=125)
	  Index Cond: ((id >= 9065305) AND (id <= 9065405))

table 2 : explain SELECT id, c FROM sbtest2 WHERE id BETWEEN 9065305 AND 9065405
	Index Scan using sbtest2_pkey on sbtest2  (cost=0.43..392.86 rows=99 width=125)
	  Index Cond: ((id >= 9065305) AND (id <= 9065405))

table 3 : explain SELECT id, c FROM sbtest3 WHERE id BETWEEN 9065305 AND 9065405
	Index Scan using sbtest3_pkey on sbtest3  (cost=0.43..374.82 rows=94 width=125)
	  Index Cond: ((id >= 9065305) AND (id <= 9065405))

table 4 : explain SELECT id, c FROM sbtest4 WHERE id BETWEEN 9065305 AND 9065405
	Index Scan using sbtest4_pkey on sbtest4  (cost=0.43..406.16 rows=102 width=125)
	  Index Cond: ((id >= 9065305) AND (id <= 9065405))

table 5 : explain SELECT id, c FROM sbtest5 WHERE id BETWEEN 9065305 AND 9065405
	Index Scan using sbtest5_pkey on sbtest5  (cost=0.43..388.34 rows=98 width=125)
	  Index Cond: ((id >= 9065305) AND (id <= 9065405))

table 6 : explain SELECT id, c FROM sbtest6 WHERE id BETWEEN 9065305 AND 9065405
	Index Scan using sbtest6_pkey on sbtest6  (cost=0.43..440.39 rows=111 width=125)
	  Index Cond: ((id >= 9065305) AND (id <= 9065405))

table 7 : explain SELECT id, c FROM sbtest7 WHERE id BETWEEN 9065305 AND 9065405
	Index Scan using sbtest7_pkey on sbtest7  (cost=0.43..408.28 rows=103 width=125)
	  Index Cond: ((id >= 9065305) AND (id <= 9065405))

table 8 : explain SELECT id, c FROM sbtest8 WHERE id BETWEEN 9065305 AND 9065405
	Index Scan using sbtest8_pkey on sbtest8  (cost=0.43..416.65 rows=105 width=125)
	  Index Cond: ((id >= 9065305) AND (id <= 9065405))

explain: for range-notcovered :: explain SELECT id, c FROM sbtest%d WHERE id BETWEEN 9065305 AND 9065405
for range-notcovered
table 1 : explain SELECT id, c FROM sbtest1 WHERE id BETWEEN 5514911 AND 5515011
	Index Scan using sbtest1_pkey on sbtest1  (cost=0.43..389.21 rows=98 width=125)
	  Index Cond: ((id >= 5514911) AND (id <= 5515011))

table 2 : explain SELECT id, c FROM sbtest2 WHERE id BETWEEN 5514911 AND 5515011
	Index Scan using sbtest2_pkey on sbtest2  (cost=0.43..385.01 rows=97 width=125)
	  Index Cond: ((id >= 5514911) AND (id <= 5515011))

table 3 : explain SELECT id, c FROM sbtest3 WHERE id BETWEEN 5514911 AND 5515011
	Index Scan using sbtest3_pkey on sbtest3  (cost=0.43..402.41 rows=101 width=125)
	  Index Cond: ((id >= 5514911) AND (id <= 5515011))

table 4 : explain SELECT id, c FROM sbtest4 WHERE id BETWEEN 5514911 AND 5515011
	Index Scan using sbtest4_pkey on sbtest4  (cost=0.43..414.03 rows=104 width=125)
	  Index Cond: ((id >= 5514911) AND (id <= 5515011))

table 5 : explain SELECT id, c FROM sbtest5 WHERE id BETWEEN 5514911 AND 5515011
	Index Scan using sbtest5_pkey on sbtest5  (cost=0.43..388.34 rows=98 width=125)
	  Index Cond: ((id >= 5514911) AND (id <= 5515011))

table 6 : explain SELECT id, c FROM sbtest6 WHERE id BETWEEN 5514911 AND 5515011
	Index Scan using sbtest6_pkey on sbtest6  (cost=0.43..448.24 rows=113 width=125)
	  Index Cond: ((id >= 5514911) AND (id <= 5515011))

table 7 : explain SELECT id, c FROM sbtest7 WHERE id BETWEEN 5514911 AND 5515011
	Index Scan using sbtest7_pkey on sbtest7  (cost=0.43..416.12 rows=105 width=125)
	  Index Cond: ((id >= 5514911) AND (id <= 5515011))

table 8 : explain SELECT id, c FROM sbtest8 WHERE id BETWEEN 5514911 AND 5515011
	Index Scan using sbtest8_pkey on sbtest8  (cost=0.43..432.35 rows=109 width=125)
	  Index Cond: ((id >= 5514911) AND (id <= 5515011))

explain: for range-notcovered :: explain SELECT id, c FROM sbtest%d WHERE id BETWEEN 5332088 AND 5332188
for range-notcovered
table 1 : explain SELECT id, c FROM sbtest1 WHERE id BETWEEN 1046155 AND 1046255
	Index Scan using sbtest1_pkey on sbtest1  (cost=0.43..428.45 rows=108 width=125)
	  Index Cond: ((id >= 1046155) AND (id <= 1046255))

table 2 : explain SELECT id, c FROM sbtest2 WHERE id BETWEEN 1046155 AND 1046255
	Index Scan using sbtest2_pkey on sbtest2  (cost=0.43..365.38 rows=92 width=125)
	  Index Cond: ((id >= 1046155) AND (id <= 1046255))

table 3 : explain SELECT id, c FROM sbtest3 WHERE id BETWEEN 1046155 AND 1046255
	Index Scan using sbtest3_pkey on sbtest3  (cost=0.43..398.47 rows=100 width=125)
	  Index Cond: ((id >= 1046155) AND (id <= 1046255))

table 4 : explain SELECT id, c FROM sbtest4 WHERE id BETWEEN 1046155 AND 1046255
	Index Scan using sbtest4_pkey on sbtest4  (cost=0.43..406.16 rows=102 width=125)
	  Index Cond: ((id >= 1046155) AND (id <= 1046255))

table 5 : explain SELECT id, c FROM sbtest5 WHERE id BETWEEN 1046155 AND 1046255
	Index Scan using sbtest5_pkey on sbtest5  (cost=0.43..384.43 rows=97 width=125)
	  Index Cond: ((id >= 1046155) AND (id <= 1046255))

table 6 : explain SELECT id, c FROM sbtest6 WHERE id BETWEEN 1046155 AND 1046255
	Index Scan using sbtest6_pkey on sbtest6  (cost=0.43..393.27 rows=99 width=125)
	  Index Cond: ((id >= 1046155) AND (id <= 1046255))

table 7 : explain SELECT id, c FROM sbtest7 WHERE id BETWEEN 1046155 AND 1046255
	Index Scan using sbtest7_pkey on sbtest7  (cost=0.43..392.60 rows=99 width=125)
	  Index Cond: ((id >= 1046155) AND (id <= 1046255))

table 8 : explain SELECT id, c FROM sbtest8 WHERE id BETWEEN 1046155 AND 1046255
	Index Scan using sbtest8_pkey on sbtest8  (cost=0.43..381.33 rows=96 width=125)
	  Index Cond: ((id >= 1046155) AND (id <= 1046255))

explain: for range-notcovered :: explain SELECT id, c FROM sbtest%d WHERE id BETWEEN 5514911 AND 5515011
for range-notcovered
table 1 : explain SELECT id, c FROM sbtest1 WHERE id BETWEEN 4616874 AND 4616974
	Index Scan using sbtest1_pkey on sbtest1  (cost=0.43..428.45 rows=108 width=125)
	  Index Cond: ((id >= 4616874) AND (id <= 4616974))

table 2 : explain SELECT id, c FROM sbtest2 WHERE id BETWEEN 4616874 AND 4616974
	Index Scan using sbtest2_pkey on sbtest2  (cost=0.43..436.00 rows=110 width=125)
	  Index Cond: ((id >= 4616874) AND (id <= 4616974))

table 3 : explain SELECT id, c FROM sbtest3 WHERE id BETWEEN 4616874 AND 4616974
	Index Scan using sbtest3_pkey on sbtest3  (cost=0.43..382.72 rows=96 width=125)
	  Index Cond: ((id >= 4616874) AND (id <= 4616974))

table 4 : explain SELECT id, c FROM sbtest4 WHERE id BETWEEN 4616874 AND 4616974
	Index Scan using sbtest4_pkey on sbtest4  (cost=0.43..394.35 rows=99 width=125)
	  Index Cond: ((id >= 4616874) AND (id <= 4616974))

table 5 : explain SELECT id, c FROM sbtest5 WHERE id BETWEEN 4616874 AND 4616974
	Index Scan using sbtest5_pkey on sbtest5  (cost=0.43..388.34 rows=98 width=125)
	  Index Cond: ((id >= 4616874) AND (id <= 4616974))

table 6 : explain SELECT id, c FROM sbtest6 WHERE id BETWEEN 4616874 AND 4616974
	Index Scan using sbtest6_pkey on sbtest6  (cost=0.43..385.42 rows=97 width=125)
	  Index Cond: ((id >= 4616874) AND (id <= 4616974))

table 7 : explain SELECT id, c FROM sbtest7 WHERE id BETWEEN 4616874 AND 4616974
	Index Scan using sbtest7_pkey on sbtest7  (cost=0.43..439.63 rows=111 width=125)
	  Index Cond: ((id >= 4616874) AND (id <= 4616974))

table 8 : explain SELECT id, c FROM sbtest8 WHERE id BETWEEN 4616874 AND 4616974
	Index Scan using sbtest8_pkey on sbtest8  (cost=0.43..381.33 rows=96 width=125)
	  Index Cond: ((id >= 4616874) AND (id <= 4616974))

for range-notcovered
table 1 : explain SELECT id, c FROM sbtest1 WHERE id BETWEEN 6442341 AND 6442441
	Index Scan using sbtest1_pkey on sbtest1  (cost=0.43..389.21 rows=98 width=125)
	  Index Cond: ((id >= 6442341) AND (id <= 6442441))

table 2 : explain SELECT id, c FROM sbtest2 WHERE id BETWEEN 6442341 AND 6442441
	Index Scan using sbtest2_pkey on sbtest2  (cost=0.43..396.78 rows=100 width=125)
	  Index Cond: ((id >= 6442341) AND (id <= 6442441))

table 3 : explain SELECT id, c FROM sbtest3 WHERE id BETWEEN 6442341 AND 6442441
	Index Scan using sbtest3_pkey on sbtest3  (cost=0.43..414.23 rows=104 width=125)
	  Index Cond: ((id >= 6442341) AND (id <= 6442441))

table 4 : explain SELECT id, c FROM sbtest4 WHERE id BETWEEN 6442341 AND 6442441
	Index Scan using sbtest4_pkey on sbtest4  (cost=0.43..398.28 rows=100 width=125)
	  Index Cond: ((id >= 6442341) AND (id <= 6442441))

table 5 : explain SELECT id, c FROM sbtest5 WHERE id BETWEEN 6442341 AND 6442441
	Index Scan using sbtest5_pkey on sbtest5  (cost=0.43..411.84 rows=104 width=125)
	  Index Cond: ((id >= 6442341) AND (id <= 6442441))

table 6 : explain SELECT id, c FROM sbtest6 WHERE id BETWEEN 6442341 AND 6442441
	Index Scan using sbtest6_pkey on sbtest6  (cost=0.43..377.57 rows=95 width=125)
	  Index Cond: ((id >= 6442341) AND (id <= 6442441))

table 7 : explain SELECT id, c FROM sbtest7 WHERE id BETWEEN 6442341 AND 6442441
	Index Scan using sbtest7_pkey on sbtest7  (cost=0.43..369.09 rows=93 width=125)
	  Index Cond: ((id >= 6442341) AND (id <= 6442441))

table 8 : explain SELECT id, c FROM sbtest8 WHERE id BETWEEN 6442341 AND 6442441
	Index Scan using sbtest8_pkey on sbtest8  (cost=0.43..393.10 rows=99 width=125)
	  Index Cond: ((id >= 6442341) AND (id <= 6442441))

explain: for range-notcovered :: explain SELECT id, c FROM sbtest%d WHERE id BETWEEN 6442341 AND 6442441
for range-notcovered
table 1 : explain SELECT id, c FROM sbtest1 WHERE id BETWEEN 2866170 AND 2866270
	Index Scan using sbtest1_pkey on sbtest1  (cost=0.43..408.83 rows=103 width=125)
	  Index Cond: ((id >= 2866170) AND (id <= 2866270))

table 2 : explain SELECT id, c FROM sbtest2 WHERE id BETWEEN 2866170 AND 2866270
	Index Scan using sbtest2_pkey on sbtest2  (cost=0.43..381.09 rows=96 width=125)
	  Index Cond: ((id >= 2866170) AND (id <= 2866270))

table 3 : explain SELECT id, c FROM sbtest3 WHERE id BETWEEN 2866170 AND 2866270
	Index Scan using sbtest3_pkey on sbtest3  (cost=0.43..386.65 rows=97 width=125)
	  Index Cond: ((id >= 2866170) AND (id <= 2866270))

table 4 : explain SELECT id, c FROM sbtest4 WHERE id BETWEEN 2866170 AND 2866270
	Index Scan using sbtest4_pkey on sbtest4  (cost=0.43..414.03 rows=104 width=125)
	  Index Cond: ((id >= 2866170) AND (id <= 2866270))

table 5 : explain SELECT id, c FROM sbtest5 WHERE id BETWEEN 2866170 AND 2866270
	Index Scan using sbtest5_pkey on sbtest5  (cost=0.43..431.42 rows=109 width=125)
	  Index Cond: ((id >= 2866170) AND (id <= 2866270))

table 6 : explain SELECT id, c FROM sbtest6 WHERE id BETWEEN 2866170 AND 2866270
	Index Scan using sbtest6_pkey on sbtest6  (cost=0.43..420.76 rows=106 width=125)
	  Index Cond: ((id >= 2866170) AND (id <= 2866270))

table 7 : explain SELECT id, c FROM sbtest7 WHERE id BETWEEN 2866170 AND 2866270
	Index Scan using sbtest7_pkey on sbtest7  (cost=0.43..431.79 rows=109 width=125)
	  Index Cond: ((id >= 2866170) AND (id <= 2866270))

table 8 : explain SELECT id, c FROM sbtest8 WHERE id BETWEEN 2866170 AND 2866270
	Index Scan using sbtest8_pkey on sbtest8  (cost=0.43..416.65 rows=105 width=125)
	  Index Cond: ((id >= 2866170) AND (id <= 2866270))

explain: for range-notcovered :: explain SELECT id, c FROM sbtest%d WHERE id BETWEEN 2866170 AND 2866270
for range-notcovered
table 1 : explain SELECT id, c FROM sbtest1 WHERE id BETWEEN 5998392 AND 5998492
	Index Scan using sbtest1_pkey on sbtest1  (cost=0.43..404.91 rows=102 width=125)
	  Index Cond: ((id >= 5998392) AND (id <= 5998492))

table 2 : explain SELECT id, c FROM sbtest2 WHERE id BETWEEN 5998392 AND 5998492
	Index Scan using sbtest2_pkey on sbtest2  (cost=0.43..416.39 rows=105 width=125)
	  Index Cond: ((id >= 5998392) AND (id <= 5998492))

table 3 : explain SELECT id, c FROM sbtest3 WHERE id BETWEEN 5998392 AND 5998492
	Index Scan using sbtest3_pkey on sbtest3  (cost=0.43..406.35 rows=102 width=125)
	  Index Cond: ((id >= 5998392) AND (id <= 5998492))

table 4 : explain SELECT id, c FROM sbtest4 WHERE id BETWEEN 5998392 AND 5998492
	Index Scan using sbtest4_pkey on sbtest4  (cost=0.43..410.09 rows=103 width=125)
	  Index Cond: ((id >= 5998392) AND (id <= 5998492))

table 5 : explain SELECT id, c FROM sbtest5 WHERE id BETWEEN 5998392 AND 5998492
	Index Scan using sbtest5_pkey on sbtest5  (cost=0.43..372.68 rows=94 width=125)
	  Index Cond: ((id >= 5998392) AND (id <= 5998492))

table 6 : explain SELECT id, c FROM sbtest6 WHERE id BETWEEN 5998392 AND 5998492
	Index Scan using sbtest6_pkey on sbtest6  (cost=0.43..397.20 rows=100 width=125)
	  Index Cond: ((id >= 5998392) AND (id <= 5998492))

table 7 : explain SELECT id, c FROM sbtest7 WHERE id BETWEEN 5998392 AND 5998492
	Index Scan using sbtest7_pkey on sbtest7  (cost=0.43..412.20 rows=104 width=125)
	  Index Cond: ((id >= 5998392) AND (id <= 5998492))

table 8 : explain SELECT id, c FROM sbtest8 WHERE id BETWEEN 5998392 AND 5998492
	Index Scan using sbtest8_pkey on sbtest8  (cost=0.43..428.42 rows=108 width=125)
	  Index Cond: ((id >= 5998392) AND (id <= 5998492))

for range-notcovered
table 1 : explain SELECT id, c FROM sbtest1 WHERE id BETWEEN 6442341 AND 6442441
	Index Scan using sbtest1_pkey on sbtest1  (cost=0.43..389.21 rows=98 width=125)
	  Index Cond: ((id >= 6442341) AND (id <= 6442441))

table 2 : explain SELECT id, c FROM sbtest2 WHERE id BETWEEN 6442341 AND 6442441
	Index Scan using sbtest2_pkey on sbtest2  (cost=0.43..396.78 rows=100 width=125)
	  Index Cond: ((id >= 6442341) AND (id <= 6442441))

table 3 : explain SELECT id, c FROM sbtest3 WHERE id BETWEEN 6442341 AND 6442441
	Index Scan using sbtest3_pkey on sbtest3  (cost=0.43..414.23 rows=104 width=125)
	  Index Cond: ((id >= 6442341) AND (id <= 6442441))

table 4 : explain SELECT id, c FROM sbtest4 WHERE id BETWEEN 6442341 AND 6442441
	Index Scan using sbtest4_pkey on sbtest4  (cost=0.43..398.28 rows=100 width=125)
	  Index Cond: ((id >= 6442341) AND (id <= 6442441))

table 5 : explain SELECT id, c FROM sbtest5 WHERE id BETWEEN 6442341 AND 6442441
	Index Scan using sbtest5_pkey on sbtest5  (cost=0.43..411.84 rows=104 width=125)
	  Index Cond: ((id >= 6442341) AND (id <= 6442441))

table 6 : explain SELECT id, c FROM sbtest6 WHERE id BETWEEN 6442341 AND 6442441
	Index Scan using sbtest6_pkey on sbtest6  (cost=0.43..377.57 rows=95 width=125)
	  Index Cond: ((id >= 6442341) AND (id <= 6442441))

table 7 : explain SELECT id, c FROM sbtest7 WHERE id BETWEEN 6442341 AND 6442441
	Index Scan using sbtest7_pkey on sbtest7  (cost=0.43..369.09 rows=93 width=125)
	  Index Cond: ((id >= 6442341) AND (id <= 6442441))

table 8 : explain SELECT id, c FROM sbtest8 WHERE id BETWEEN 6442341 AND 6442441
	Index Scan using sbtest8_pkey on sbtest8  (cost=0.43..393.10 rows=99 width=125)
	  Index Cond: ((id >= 6442341) AND (id <= 6442441))

explain: for range-notcovered :: explain SELECT id, c FROM sbtest%d WHERE id BETWEEN 6442341 AND 6442441
explain: for range-notcovered :: explain SELECT id, c FROM sbtest%d WHERE id BETWEEN 3135206 AND 3135306
explain: for range-notcovered :: explain SELECT id, c FROM sbtest%d WHERE id BETWEEN 5998392 AND 5998492
for range-notcovered
table 1 : explain SELECT id, c FROM sbtest1 WHERE id BETWEEN 5514911 AND 5515011
	Index Scan using sbtest1_pkey on sbtest1  (cost=0.43..389.21 rows=98 width=125)
	  Index Cond: ((id >= 5514911) AND (id <= 5515011))

table 2 : explain SELECT id, c FROM sbtest2 WHERE id BETWEEN 5514911 AND 5515011
	Index Scan using sbtest2_pkey on sbtest2  (cost=0.43..385.01 rows=97 width=125)
	  Index Cond: ((id >= 5514911) AND (id <= 5515011))

table 3 : explain SELECT id, c FROM sbtest3 WHERE id BETWEEN 5514911 AND 5515011
	Index Scan using sbtest3_pkey on sbtest3  (cost=0.43..402.41 rows=101 width=125)
	  Index Cond: ((id >= 5514911) AND (id <= 5515011))

table 4 : explain SELECT id, c FROM sbtest4 WHERE id BETWEEN 5514911 AND 5515011
	Index Scan using sbtest4_pkey on sbtest4  (cost=0.43..414.03 rows=104 width=125)
	  Index Cond: ((id >= 5514911) AND (id <= 5515011))

table 5 : explain SELECT id, c FROM sbtest5 WHERE id BETWEEN 5514911 AND 5515011
	Index Scan using sbtest5_pkey on sbtest5  (cost=0.43..388.34 rows=98 width=125)
	  Index Cond: ((id >= 5514911) AND (id <= 5515011))

table 6 : explain SELECT id, c FROM sbtest6 WHERE id BETWEEN 5514911 AND 5515011
	Index Scan using sbtest6_pkey on sbtest6  (cost=0.43..448.24 rows=113 width=125)
	  Index Cond: ((id >= 5514911) AND (id <= 5515011))

table 7 : explain SELECT id, c FROM sbtest7 WHERE id BETWEEN 5514911 AND 5515011
	Index Scan using sbtest7_pkey on sbtest7  (cost=0.43..416.12 rows=105 width=125)
	  Index Cond: ((id >= 5514911) AND (id <= 5515011))

table 8 : explain SELECT id, c FROM sbtest8 WHERE id BETWEEN 5514911 AND 5515011
	Index Scan using sbtest8_pkey on sbtest8  (cost=0.43..432.35 rows=109 width=125)
	  Index Cond: ((id >= 5514911) AND (id <= 5515011))

explain: for range-notcovered :: explain SELECT id, c FROM sbtest%d WHERE id BETWEEN 5514911 AND 5515011
explain: for range-notcovered :: explain SELECT id, c FROM sbtest%d WHERE id BETWEEN 6633597 AND 6633697
for range-notcovered
table 1 : explain SELECT id, c FROM sbtest1 WHERE id BETWEEN 9065305 AND 9065405
	Index Scan using sbtest1_pkey on sbtest1  (cost=0.43..412.76 rows=104 width=125)
	  Index Cond: ((id >= 9065305) AND (id <= 9065405))

table 2 : explain SELECT id, c FROM sbtest2 WHERE id BETWEEN 9065305 AND 9065405
	Index Scan using sbtest2_pkey on sbtest2  (cost=0.43..392.86 rows=99 width=125)
	  Index Cond: ((id >= 9065305) AND (id <= 9065405))

table 3 : explain SELECT id, c FROM sbtest3 WHERE id BETWEEN 9065305 AND 9065405
	Index Scan using sbtest3_pkey on sbtest3  (cost=0.43..374.82 rows=94 width=125)
	  Index Cond: ((id >= 9065305) AND (id <= 9065405))

table 4 : explain SELECT id, c FROM sbtest4 WHERE id BETWEEN 9065305 AND 9065405
	Index Scan using sbtest4_pkey on sbtest4  (cost=0.43..406.16 rows=102 width=125)
	  Index Cond: ((id >= 9065305) AND (id <= 9065405))

table 5 : explain SELECT id, c FROM sbtest5 WHERE id BETWEEN 9065305 AND 9065405
	Index Scan using sbtest5_pkey on sbtest5  (cost=0.43..388.34 rows=98 width=125)
	  Index Cond: ((id >= 9065305) AND (id <= 9065405))

table 6 : explain SELECT id, c FROM sbtest6 WHERE id BETWEEN 9065305 AND 9065405
	Index Scan using sbtest6_pkey on sbtest6  (cost=0.43..440.39 rows=111 width=125)
	  Index Cond: ((id >= 9065305) AND (id <= 9065405))

table 7 : explain SELECT id, c FROM sbtest7 WHERE id BETWEEN 9065305 AND 9065405
	Index Scan using sbtest7_pkey on sbtest7  (cost=0.43..408.28 rows=103 width=125)
	  Index Cond: ((id >= 9065305) AND (id <= 9065405))

table 8 : explain SELECT id, c FROM sbtest8 WHERE id BETWEEN 9065305 AND 9065405
	Index Scan using sbtest8_pkey on sbtest8  (cost=0.43..416.65 rows=105 width=125)
	  Index Cond: ((id >= 9065305) AND (id <= 9065405))

for range-notcovered
table 1 : explain SELECT id, c FROM sbtest1 WHERE id BETWEEN 2866170 AND 2866270
	Index Scan using sbtest1_pkey on sbtest1  (cost=0.43..408.83 rows=103 width=125)
	  Index Cond: ((id >= 2866170) AND (id <= 2866270))

table 2 : explain SELECT id, c FROM sbtest2 WHERE id BETWEEN 2866170 AND 2866270
	Index Scan using sbtest2_pkey on sbtest2  (cost=0.43..381.09 rows=96 width=125)
	  Index Cond: ((id >= 2866170) AND (id <= 2866270))

table 3 : explain SELECT id, c FROM sbtest3 WHERE id BETWEEN 2866170 AND 2866270
	Index Scan using sbtest3_pkey on sbtest3  (cost=0.43..386.65 rows=97 width=125)
	  Index Cond: ((id >= 2866170) AND (id <= 2866270))

table 4 : explain SELECT id, c FROM sbtest4 WHERE id BETWEEN 2866170 AND 2866270
	Index Scan using sbtest4_pkey on sbtest4  (cost=0.43..414.03 rows=104 width=125)
	  Index Cond: ((id >= 2866170) AND (id <= 2866270))

table 5 : explain SELECT id, c FROM sbtest5 WHERE id BETWEEN 2866170 AND 2866270
	Index Scan using sbtest5_pkey on sbtest5  (cost=0.43..431.42 rows=109 width=125)
	  Index Cond: ((id >= 2866170) AND (id <= 2866270))

table 6 : explain SELECT id, c FROM sbtest6 WHERE id BETWEEN 2866170 AND 2866270
	Index Scan using sbtest6_pkey on sbtest6  (cost=0.43..420.76 rows=106 width=125)
	  Index Cond: ((id >= 2866170) AND (id <= 2866270))

table 7 : explain SELECT id, c FROM sbtest7 WHERE id BETWEEN 2866170 AND 2866270
	Index Scan using sbtest7_pkey on sbtest7  (cost=0.43..431.79 rows=109 width=125)
	  Index Cond: ((id >= 2866170) AND (id <= 2866270))

table 8 : explain SELECT id, c FROM sbtest8 WHERE id BETWEEN 2866170 AND 2866270
	Index Scan using sbtest8_pkey on sbtest8  (cost=0.43..416.65 rows=105 width=125)
	  Index Cond: ((id >= 2866170) AND (id <= 2866270))

explain: for range-notcovered :: explain SELECT id, c FROM sbtest%d WHERE id BETWEEN 9065305 AND 9065405
explain: for range-notcovered :: explain SELECT id, c FROM sbtest%d WHERE id BETWEEN 2866170 AND 2866270
for range-notcovered
table 1 : explain SELECT id, c FROM sbtest1 WHERE id BETWEEN 6442341 AND 6442441
	Index Scan using sbtest1_pkey on sbtest1  (cost=0.43..389.21 rows=98 width=125)
	  Index Cond: ((id >= 6442341) AND (id <= 6442441))

table 2 : explain SELECT id, c FROM sbtest2 WHERE id BETWEEN 6442341 AND 6442441
	Index Scan using sbtest2_pkey on sbtest2  (cost=0.43..396.78 rows=100 width=125)
	  Index Cond: ((id >= 6442341) AND (id <= 6442441))

table 3 : explain SELECT id, c FROM sbtest3 WHERE id BETWEEN 6442341 AND 6442441
	Index Scan using sbtest3_pkey on sbtest3  (cost=0.43..414.23 rows=104 width=125)
	  Index Cond: ((id >= 6442341) AND (id <= 6442441))

table 4 : explain SELECT id, c FROM sbtest4 WHERE id BETWEEN 6442341 AND 6442441
	Index Scan using sbtest4_pkey on sbtest4  (cost=0.43..398.28 rows=100 width=125)
	  Index Cond: ((id >= 6442341) AND (id <= 6442441))

table 5 : explain SELECT id, c FROM sbtest5 WHERE id BETWEEN 6442341 AND 6442441
	Index Scan using sbtest5_pkey on sbtest5  (cost=0.43..411.84 rows=104 width=125)
	  Index Cond: ((id >= 6442341) AND (id <= 6442441))

table 6 : explain SELECT id, c FROM sbtest6 WHERE id BETWEEN 6442341 AND 6442441
	Index Scan using sbtest6_pkey on sbtest6  (cost=0.43..377.57 rows=95 width=125)
	  Index Cond: ((id >= 6442341) AND (id <= 6442441))

table 7 : explain SELECT id, c FROM sbtest7 WHERE id BETWEEN 6442341 AND 6442441
	Index Scan using sbtest7_pkey on sbtest7  (cost=0.43..369.09 rows=93 width=125)
	  Index Cond: ((id >= 6442341) AND (id <= 6442441))

table 8 : explain SELECT id, c FROM sbtest8 WHERE id BETWEEN 6442341 AND 6442441
	Index Scan using sbtest8_pkey on sbtest8  (cost=0.43..393.10 rows=99 width=125)
	  Index Cond: ((id >= 6442341) AND (id <= 6442441))

explain: for range-notcovered :: explain SELECT id, c FROM sbtest%d WHERE id BETWEEN 6442341 AND 6442441
for range-notcovered
table 1 : explain SELECT id, c FROM sbtest1 WHERE id BETWEEN 5514911 AND 5515011
	Index Scan using sbtest1_pkey on sbtest1  (cost=0.43..389.21 rows=98 width=125)
	  Index Cond: ((id >= 5514911) AND (id <= 5515011))

table 2 : explain SELECT id, c FROM sbtest2 WHERE id BETWEEN 5514911 AND 5515011
	Index Scan using sbtest2_pkey on sbtest2  (cost=0.43..385.01 rows=97 width=125)
	  Index Cond: ((id >= 5514911) AND (id <= 5515011))

table 3 : explain SELECT id, c FROM sbtest3 WHERE id BETWEEN 5514911 AND 5515011
	Index Scan using sbtest3_pkey on sbtest3  (cost=0.43..402.41 rows=101 width=125)
	  Index Cond: ((id >= 5514911) AND (id <= 5515011))

table 4 : explain SELECT id, c FROM sbtest4 WHERE id BETWEEN 5514911 AND 5515011
	Index Scan using sbtest4_pkey on sbtest4  (cost=0.43..414.03 rows=104 width=125)
	  Index Cond: ((id >= 5514911) AND (id <= 5515011))

table 5 : explain SELECT id, c FROM sbtest5 WHERE id BETWEEN 5514911 AND 5515011
	Index Scan using sbtest5_pkey on sbtest5  (cost=0.43..388.34 rows=98 width=125)
	  Index Cond: ((id >= 5514911) AND (id <= 5515011))

table 6 : explain SELECT id, c FROM sbtest6 WHERE id BETWEEN 5514911 AND 5515011
	Index Scan using sbtest6_pkey on sbtest6  (cost=0.43..448.24 rows=113 width=125)
	  Index Cond: ((id >= 5514911) AND (id <= 5515011))

table 7 : explain SELECT id, c FROM sbtest7 WHERE id BETWEEN 5514911 AND 5515011
	Index Scan using sbtest7_pkey on sbtest7  (cost=0.43..416.12 rows=105 width=125)
	  Index Cond: ((id >= 5514911) AND (id <= 5515011))

table 8 : explain SELECT id, c FROM sbtest8 WHERE id BETWEEN 5514911 AND 5515011
	Index Scan using sbtest8_pkey on sbtest8  (cost=0.43..432.35 rows=109 width=125)
	  Index Cond: ((id >= 5514911) AND (id <= 5515011))

explain: for range-notcovered :: explain SELECT id, c FROM sbtest%d WHERE id BETWEEN 5514911 AND 5515011
explain: for range-notcovered :: explain SELECT id, c FROM sbtest%d WHERE id BETWEEN 7714150 AND 7714250
explain: for range-notcovered :: explain SELECT id, c FROM sbtest%d WHERE id BETWEEN 8347464 AND 8347564
for range-notcovered
table 1 : explain SELECT id, c FROM sbtest1 WHERE id BETWEEN 1714817 AND 1714917
	Index Scan using sbtest1_pkey on sbtest1  (cost=0.43..412.76 rows=104 width=125)
	  Index Cond: ((id >= 1714817) AND (id <= 1714917))

table 2 : explain SELECT id, c FROM sbtest2 WHERE id BETWEEN 1714817 AND 1714917
	Index Scan using sbtest2_pkey on sbtest2  (cost=0.43..432.07 rows=109 width=125)
	  Index Cond: ((id >= 1714817) AND (id <= 1714917))

table 3 : explain SELECT id, c FROM sbtest3 WHERE id BETWEEN 1714817 AND 1714917
	Index Scan using sbtest3_pkey on sbtest3  (cost=0.43..429.98 rows=108 width=125)
	  Index Cond: ((id >= 1714817) AND (id <= 1714917))

table 4 : explain SELECT id, c FROM sbtest4 WHERE id BETWEEN 1714817 AND 1714917
	Index Scan using sbtest4_pkey on sbtest4  (cost=0.43..374.64 rows=94 width=125)
	  Index Cond: ((id >= 1714817) AND (id <= 1714917))

table 5 : explain SELECT id, c FROM sbtest5 WHERE id BETWEEN 1714817 AND 1714917
	Index Scan using sbtest5_pkey on sbtest5  (cost=0.43..384.43 rows=97 width=125)
	  Index Cond: ((id >= 1714817) AND (id <= 1714917))

table 6 : explain SELECT id, c FROM sbtest6 WHERE id BETWEEN 1714817 AND 1714917
	Index Scan using sbtest6_pkey on sbtest6  (cost=0.43..428.61 rows=108 width=125)
	  Index Cond: ((id >= 1714817) AND (id <= 1714917))

table 7 : explain SELECT id, c FROM sbtest7 WHERE id BETWEEN 1714817 AND 1714917
	Index Scan using sbtest7_pkey on sbtest7  (cost=0.43..392.60 rows=99 width=125)
	  Index Cond: ((id >= 1714817) AND (id <= 1714917))

table 8 : explain SELECT id, c FROM sbtest8 WHERE id BETWEEN 1714817 AND 1714917
	Index Scan using sbtest8_pkey on sbtest8  (cost=0.43..420.57 rows=106 width=125)
	  Index Cond: ((id >= 1714817) AND (id <= 1714917))

explain: for range-notcovered :: explain SELECT id, c FROM sbtest%d WHERE id BETWEEN 1714817 AND 1714917
for range-notcovered
table 1 : explain SELECT id, c FROM sbtest1 WHERE id BETWEEN 2866170 AND 2866270
	Index Scan using sbtest1_pkey on sbtest1  (cost=0.43..408.83 rows=103 width=125)
	  Index Cond: ((id >= 2866170) AND (id <= 2866270))

table 2 : explain SELECT id, c FROM sbtest2 WHERE id BETWEEN 2866170 AND 2866270
	Index Scan using sbtest2_pkey on sbtest2  (cost=0.43..381.09 rows=96 width=125)
	  Index Cond: ((id >= 2866170) AND (id <= 2866270))

table 3 : explain SELECT id, c FROM sbtest3 WHERE id BETWEEN 2866170 AND 2866270
	Index Scan using sbtest3_pkey on sbtest3  (cost=0.43..386.65 rows=97 width=125)
	  Index Cond: ((id >= 2866170) AND (id <= 2866270))

table 4 : explain SELECT id, c FROM sbtest4 WHERE id BETWEEN 2866170 AND 2866270
	Index Scan using sbtest4_pkey on sbtest4  (cost=0.43..414.03 rows=104 width=125)
	  Index Cond: ((id >= 2866170) AND (id <= 2866270))

table 5 : explain SELECT id, c FROM sbtest5 WHERE id BETWEEN 2866170 AND 2866270
	Index Scan using sbtest5_pkey on sbtest5  (cost=0.43..431.42 rows=109 width=125)
	  Index Cond: ((id >= 2866170) AND (id <= 2866270))

table 6 : explain SELECT id, c FROM sbtest6 WHERE id BETWEEN 2866170 AND 2866270
	Index Scan using sbtest6_pkey on sbtest6  (cost=0.43..420.76 rows=106 width=125)
	  Index Cond: ((id >= 2866170) AND (id <= 2866270))

table 7 : explain SELECT id, c FROM sbtest7 WHERE id BETWEEN 2866170 AND 2866270
	Index Scan using sbtest7_pkey on sbtest7  (cost=0.43..431.79 rows=109 width=125)
	  Index Cond: ((id >= 2866170) AND (id <= 2866270))

table 8 : explain SELECT id, c FROM sbtest8 WHERE id BETWEEN 2866170 AND 2866270
	Index Scan using sbtest8_pkey on sbtest8  (cost=0.43..416.65 rows=105 width=125)
	  Index Cond: ((id >= 2866170) AND (id <= 2866270))

explain: for range-notcovered :: explain SELECT id, c FROM sbtest%d WHERE id BETWEEN 2866170 AND 2866270
for range-notcovered
table 1 : explain SELECT id, c FROM sbtest1 WHERE id BETWEEN 6442341 AND 6442441
	Index Scan using sbtest1_pkey on sbtest1  (cost=0.43..389.21 rows=98 width=125)
	  Index Cond: ((id >= 6442341) AND (id <= 6442441))

table 2 : explain SELECT id, c FROM sbtest2 WHERE id BETWEEN 6442341 AND 6442441
	Index Scan using sbtest2_pkey on sbtest2  (cost=0.43..396.78 rows=100 width=125)
	  Index Cond: ((id >= 6442341) AND (id <= 6442441))

table 3 : explain SELECT id, c FROM sbtest3 WHERE id BETWEEN 6442341 AND 6442441
	Index Scan using sbtest3_pkey on sbtest3  (cost=0.43..414.23 rows=104 width=125)
	  Index Cond: ((id >= 6442341) AND (id <= 6442441))

table 4 : explain SELECT id, c FROM sbtest4 WHERE id BETWEEN 6442341 AND 6442441
	Index Scan using sbtest4_pkey on sbtest4  (cost=0.43..398.28 rows=100 width=125)
	  Index Cond: ((id >= 6442341) AND (id <= 6442441))

table 5 : explain SELECT id, c FROM sbtest5 WHERE id BETWEEN 6442341 AND 6442441
	Index Scan using sbtest5_pkey on sbtest5  (cost=0.43..411.84 rows=104 width=125)
	  Index Cond: ((id >= 6442341) AND (id <= 6442441))

table 6 : explain SELECT id, c FROM sbtest6 WHERE id BETWEEN 6442341 AND 6442441
	Index Scan using sbtest6_pkey on sbtest6  (cost=0.43..377.57 rows=95 width=125)
	  Index Cond: ((id >= 6442341) AND (id <= 6442441))

table 7 : explain SELECT id, c FROM sbtest7 WHERE id BETWEEN 6442341 AND 6442441
	Index Scan using sbtest7_pkey on sbtest7  (cost=0.43..369.09 rows=93 width=125)
	  Index Cond: ((id >= 6442341) AND (id <= 6442441))

table 8 : explain SELECT id, c FROM sbtest8 WHERE id BETWEEN 6442341 AND 6442441
	Index Scan using sbtest8_pkey on sbtest8  (cost=0.43..393.10 rows=99 width=125)
	  Index Cond: ((id >= 6442341) AND (id <= 6442441))

for range-notcovered
table 1 : explain SELECT id, c FROM sbtest1 WHERE id BETWEEN 5998392 AND 5998492
	Index Scan using sbtest1_pkey on sbtest1  (cost=0.43..404.91 rows=102 width=125)
	  Index Cond: ((id >= 5998392) AND (id <= 5998492))

table 2 : explain SELECT id, c FROM sbtest2 WHERE id BETWEEN 5998392 AND 5998492
	Index Scan using sbtest2_pkey on sbtest2  (cost=0.43..416.39 rows=105 width=125)
	  Index Cond: ((id >= 5998392) AND (id <= 5998492))

table 3 : explain SELECT id, c FROM sbtest3 WHERE id BETWEEN 5998392 AND 5998492
	Index Scan using sbtest3_pkey on sbtest3  (cost=0.43..406.35 rows=102 width=125)
	  Index Cond: ((id >= 5998392) AND (id <= 5998492))

table 4 : explain SELECT id, c FROM sbtest4 WHERE id BETWEEN 5998392 AND 5998492
	Index Scan using sbtest4_pkey on sbtest4  (cost=0.43..410.09 rows=103 width=125)
	  Index Cond: ((id >= 5998392) AND (id <= 5998492))

table 5 : explain SELECT id, c FROM sbtest5 WHERE id BETWEEN 5998392 AND 5998492
	Index Scan using sbtest5_pkey on sbtest5  (cost=0.43..372.68 rows=94 width=125)
	  Index Cond: ((id >= 5998392) AND (id <= 5998492))

table 6 : explain SELECT id, c FROM sbtest6 WHERE id BETWEEN 5998392 AND 5998492
	Index Scan using sbtest6_pkey on sbtest6  (cost=0.43..397.20 rows=100 width=125)
	  Index Cond: ((id >= 5998392) AND (id <= 5998492))

table 7 : explain SELECT id, c FROM sbtest7 WHERE id BETWEEN 5998392 AND 5998492
	Index Scan using sbtest7_pkey on sbtest7  (cost=0.43..412.20 rows=104 width=125)
	  Index Cond: ((id >= 5998392) AND (id <= 5998492))

table 8 : explain SELECT id, c FROM sbtest8 WHERE id BETWEEN 5998392 AND 5998492
	Index Scan using sbtest8_pkey on sbtest8  (cost=0.43..428.42 rows=108 width=125)
	  Index Cond: ((id >= 5998392) AND (id <= 5998492))

explain: for range-notcovered :: explain SELECT id, c FROM sbtest%d WHERE id BETWEEN 6442341 AND 6442441
for range-notcovered
table 1 : explain SELECT id, c FROM sbtest1 WHERE id BETWEEN 5514911 AND 5515011
	Index Scan using sbtest1_pkey on sbtest1  (cost=0.43..389.21 rows=98 width=125)
	  Index Cond: ((id >= 5514911) AND (id <= 5515011))

table 2 : explain SELECT id, c FROM sbtest2 WHERE id BETWEEN 5514911 AND 5515011
	Index Scan using sbtest2_pkey on sbtest2  (cost=0.43..385.01 rows=97 width=125)
	  Index Cond: ((id >= 5514911) AND (id <= 5515011))

table 3 : explain SELECT id, c FROM sbtest3 WHERE id BETWEEN 5514911 AND 5515011
	Index Scan using sbtest3_pkey on sbtest3  (cost=0.43..402.41 rows=101 width=125)
	  Index Cond: ((id >= 5514911) AND (id <= 5515011))

table 4 : explain SELECT id, c FROM sbtest4 WHERE id BETWEEN 5514911 AND 5515011
	Index Scan using sbtest4_pkey on sbtest4  (cost=0.43..414.03 rows=104 width=125)
	  Index Cond: ((id >= 5514911) AND (id <= 5515011))

table 5 : explain SELECT id, c FROM sbtest5 WHERE id BETWEEN 5514911 AND 5515011
	Index Scan using sbtest5_pkey on sbtest5  (cost=0.43..388.34 rows=98 width=125)
	  Index Cond: ((id >= 5514911) AND (id <= 5515011))

table 6 : explain SELECT id, c FROM sbtest6 WHERE id BETWEEN 5514911 AND 5515011
	Index Scan using sbtest6_pkey on sbtest6  (cost=0.43..448.24 rows=113 width=125)
	  Index Cond: ((id >= 5514911) AND (id <= 5515011))

table 7 : explain SELECT id, c FROM sbtest7 WHERE id BETWEEN 5514911 AND 5515011
	Index Scan using sbtest7_pkey on sbtest7  (cost=0.43..416.12 rows=105 width=125)
	  Index Cond: ((id >= 5514911) AND (id <= 5515011))

table 8 : explain SELECT id, c FROM sbtest8 WHERE id BETWEEN 5514911 AND 5515011
	Index Scan using sbtest8_pkey on sbtest8  (cost=0.43..432.35 rows=109 width=125)
	  Index Cond: ((id >= 5514911) AND (id <= 5515011))

explain: for range-notcovered :: explain SELECT id, c FROM sbtest%d WHERE id BETWEEN 5998392 AND 5998492
for range-notcovered
table 1 : explain SELECT id, c FROM sbtest1 WHERE id BETWEEN 1714817 AND 1714917
	Index Scan using sbtest1_pkey on sbtest1  (cost=0.43..412.76 rows=104 width=125)
	  Index Cond: ((id >= 1714817) AND (id <= 1714917))

table 2 : explain SELECT id, c FROM sbtest2 WHERE id BETWEEN 1714817 AND 1714917
	Index Scan using sbtest2_pkey on sbtest2  (cost=0.43..432.07 rows=109 width=125)
	  Index Cond: ((id >= 1714817) AND (id <= 1714917))

table 3 : explain SELECT id, c FROM sbtest3 WHERE id BETWEEN 1714817 AND 1714917
	Index Scan using sbtest3_pkey on sbtest3  (cost=0.43..429.98 rows=108 width=125)
	  Index Cond: ((id >= 1714817) AND (id <= 1714917))

table 4 : explain SELECT id, c FROM sbtest4 WHERE id BETWEEN 1714817 AND 1714917
	Index Scan using sbtest4_pkey on sbtest4  (cost=0.43..374.64 rows=94 width=125)
	  Index Cond: ((id >= 1714817) AND (id <= 1714917))

table 5 : explain SELECT id, c FROM sbtest5 WHERE id BETWEEN 1714817 AND 1714917
	Index Scan using sbtest5_pkey on sbtest5  (cost=0.43..384.43 rows=97 width=125)
	  Index Cond: ((id >= 1714817) AND (id <= 1714917))

table 6 : explain SELECT id, c FROM sbtest6 WHERE id BETWEEN 1714817 AND 1714917
	Index Scan using sbtest6_pkey on sbtest6  (cost=0.43..428.61 rows=108 width=125)
	  Index Cond: ((id >= 1714817) AND (id <= 1714917))

table 7 : explain SELECT id, c FROM sbtest7 WHERE id BETWEEN 1714817 AND 1714917
	Index Scan using sbtest7_pkey on sbtest7  (cost=0.43..392.60 rows=99 width=125)
	  Index Cond: ((id >= 1714817) AND (id <= 1714917))

table 8 : explain SELECT id, c FROM sbtest8 WHERE id BETWEEN 1714817 AND 1714917
	Index Scan using sbtest8_pkey on sbtest8  (cost=0.43..420.57 rows=106 width=125)
	  Index Cond: ((id >= 1714817) AND (id <= 1714917))

for range-notcovered
table 1 : explain SELECT id, c FROM sbtest1 WHERE id BETWEEN 2866170 AND 2866270
	Index Scan using sbtest1_pkey on sbtest1  (cost=0.43..408.83 rows=103 width=125)
	  Index Cond: ((id >= 2866170) AND (id <= 2866270))

table 2 : explain SELECT id, c FROM sbtest2 WHERE id BETWEEN 2866170 AND 2866270
	Index Scan using sbtest2_pkey on sbtest2  (cost=0.43..381.09 rows=96 width=125)
	  Index Cond: ((id >= 2866170) AND (id <= 2866270))

table 3 : explain SELECT id, c FROM sbtest3 WHERE id BETWEEN 2866170 AND 2866270
	Index Scan using sbtest3_pkey on sbtest3  (cost=0.43..386.65 rows=97 width=125)
	  Index Cond: ((id >= 2866170) AND (id <= 2866270))

table 4 : explain SELECT id, c FROM sbtest4 WHERE id BETWEEN 2866170 AND 2866270
	Index Scan using sbtest4_pkey on sbtest4  (cost=0.43..414.03 rows=104 width=125)
	  Index Cond: ((id >= 2866170) AND (id <= 2866270))

table 5 : explain SELECT id, c FROM sbtest5 WHERE id BETWEEN 2866170 AND 2866270
	Index Scan using sbtest5_pkey on sbtest5  (cost=0.43..431.42 rows=109 width=125)
	  Index Cond: ((id >= 2866170) AND (id <= 2866270))

table 6 : explain SELECT id, c FROM sbtest6 WHERE id BETWEEN 2866170 AND 2866270
	Index Scan using sbtest6_pkey on sbtest6  (cost=0.43..420.76 rows=106 width=125)
	  Index Cond: ((id >= 2866170) AND (id <= 2866270))

table 7 : explain SELECT id, c FROM sbtest7 WHERE id BETWEEN 2866170 AND 2866270
	Index Scan using sbtest7_pkey on sbtest7  (cost=0.43..431.79 rows=109 width=125)
	  Index Cond: ((id >= 2866170) AND (id <= 2866270))

table 8 : explain SELECT id, c FROM sbtest8 WHERE id BETWEEN 2866170 AND 2866270
	Index Scan using sbtest8_pkey on sbtest8  (cost=0.43..416.65 rows=105 width=125)
	  Index Cond: ((id >= 2866170) AND (id <= 2866270))
for range-notcovered
table 1 : explain SELECT id, c FROM sbtest1 WHERE id BETWEEN 9065305 AND 9065405
	Index Scan using sbtest1_pkey on sbtest1  (cost=0.43..412.76 rows=104 width=125)
	  Index Cond: ((id >= 9065305) AND (id <= 9065405))

table 2 : explain SELECT id, c FROM sbtest2 WHERE id BETWEEN 9065305 AND 9065405
	Index Scan using sbtest2_pkey on sbtest2  (cost=0.43..392.86 rows=99 width=125)
	  Index Cond: ((id >= 9065305) AND (id <= 9065405))

table 3 : explain SELECT id, c FROM sbtest3 WHERE id BETWEEN 9065305 AND 9065405
	Index Scan using sbtest3_pkey on sbtest3  (cost=0.43..374.82 rows=94 width=125)
	  Index Cond: ((id >= 9065305) AND (id <= 9065405))

table 4 : explain SELECT id, c FROM sbtest4 WHERE id BETWEEN 9065305 AND 9065405
	Index Scan using sbtest4_pkey on sbtest4  (cost=0.43..406.16 rows=102 width=125)
	  Index Cond: ((id >= 9065305) AND (id <= 9065405))

table 5 : explain SELECT id, c FROM sbtest5 WHERE id BETWEEN 9065305 AND 9065405
	Index Scan using sbtest5_pkey on sbtest5  (cost=0.43..388.34 rows=98 width=125)
	  Index Cond: ((id >= 9065305) AND (id <= 9065405))

table 6 : explain SELECT id, c FROM sbtest6 WHERE id BETWEEN 9065305 AND 9065405
	Index Scan using sbtest6_pkey on sbtest6  (cost=0.43..440.39 rows=111 width=125)
	  Index Cond: ((id >= 9065305) AND (id <= 9065405))

table 7 : explain SELECT id, c FROM sbtest7 WHERE id BETWEEN 9065305 AND 9065405
	Index Scan using sbtest7_pkey on sbtest7  (cost=0.43..408.28 rows=103 width=125)
	  Index Cond: ((id >= 9065305) AND (id <= 9065405))

table 8 : explain SELECT id, c FROM sbtest8 WHERE id BETWEEN 9065305 AND 9065405
	Index Scan using sbtest8_pkey on sbtest8  (cost=0.43..416.65 rows=105 width=125)
	  Index Cond: ((id >= 9065305) AND (id <= 9065405))
explain: for range-notcovered :: explain SELECT id, c FROM sbtest%d WHERE id BETWEEN 1714817 AND 1714917


explain: for range-notcovered :: explain SELECT id, c FROM sbtest%d WHERE id BETWEEN 2866170 AND 2866270
for range-notcovered
table 1 : explain SELECT id, c FROM sbtest1 WHERE id BETWEEN 5332088 AND 5332188
	Index Scan using sbtest1_pkey on sbtest1  (cost=0.43..440.23 rows=111 width=125)
	  Index Cond: ((id >= 5332088) AND (id <= 5332188))

table 2 : explain SELECT id, c FROM sbtest2 WHERE id BETWEEN 5332088 AND 5332188
	Index Scan using sbtest2_pkey on sbtest2  (cost=0.43..381.09 rows=96 width=125)
	  Index Cond: ((id >= 5332088) AND (id <= 5332188))

table 3 : explain SELECT id, c FROM sbtest3 WHERE id BETWEEN 5332088 AND 5332188
	Index Scan using sbtest3_pkey on sbtest3  (cost=0.43..437.86 rows=110 width=125)
	  Index Cond: ((id >= 5332088) AND (id <= 5332188))

table 4 : explain SELECT id, c FROM sbtest4 WHERE id BETWEEN 5332088 AND 5332188
	Index Scan using sbtest4_pkey on sbtest4  (cost=0.43..406.16 rows=102 width=125)
	  Index Cond: ((id >= 5332088) AND (id <= 5332188))

table 5 : explain SELECT id, c FROM sbtest5 WHERE id BETWEEN 5332088 AND 5332188
	Index Scan using sbtest5_pkey on sbtest5  (cost=0.43..443.16 rows=112 width=125)
	  Index Cond: ((id >= 5332088) AND (id <= 5332188))

table 6 : explain SELECT id, c FROM sbtest6 WHERE id BETWEEN 5332088 AND 5332188
	Index Scan using sbtest6_pkey on sbtest6  (cost=0.43..412.90 rows=104 width=125)
	  Index Cond: ((id >= 5332088) AND (id <= 5332188))

table 7 : explain SELECT id, c FROM sbtest7 WHERE id BETWEEN 5332088 AND 5332188
	Index Scan using sbtest7_pkey on sbtest7  (cost=0.43..388.68 rows=98 width=125)
	  Index Cond: ((id >= 5332088) AND (id <= 5332188))

table 8 : explain SELECT id, c FROM sbtest8 WHERE id BETWEEN 5332088 AND 5332188
	Index Scan using sbtest8_pkey on sbtest8  (cost=0.43..400.95 rows=101 width=125)
	  Index Cond: ((id >= 5332088) AND (id <= 5332188))

explain: for range-notcovered :: explain SELECT id, c FROM sbtest%d WHERE id BETWEEN 9065305 AND 9065405
explain: for range-notcovered :: explain SELECT id, c FROM sbtest%d WHERE id BETWEEN 5332088 AND 5332188
for range-notcovered
table 1 : explain SELECT id, c FROM sbtest1 WHERE id BETWEEN 6442341 AND 6442441
	Index Scan using sbtest1_pkey on sbtest1  (cost=0.43..389.21 rows=98 width=125)
	  Index Cond: ((id >= 6442341) AND (id <= 6442441))

table 2 : explain SELECT id, c FROM sbtest2 WHERE id BETWEEN 6442341 AND 6442441
	Index Scan using sbtest2_pkey on sbtest2  (cost=0.43..396.78 rows=100 width=125)
	  Index Cond: ((id >= 6442341) AND (id <= 6442441))

table 3 : explain SELECT id, c FROM sbtest3 WHERE id BETWEEN 6442341 AND 6442441
	Index Scan using sbtest3_pkey on sbtest3  (cost=0.43..414.23 rows=104 width=125)
	  Index Cond: ((id >= 6442341) AND (id <= 6442441))

table 4 : explain SELECT id, c FROM sbtest4 WHERE id BETWEEN 6442341 AND 6442441
	Index Scan using sbtest4_pkey on sbtest4  (cost=0.43..398.28 rows=100 width=125)
	  Index Cond: ((id >= 6442341) AND (id <= 6442441))

table 5 : explain SELECT id, c FROM sbtest5 WHERE id BETWEEN 6442341 AND 6442441
	Index Scan using sbtest5_pkey on sbtest5  (cost=0.43..411.84 rows=104 width=125)
	  Index Cond: ((id >= 6442341) AND (id <= 6442441))

table 6 : explain SELECT id, c FROM sbtest6 WHERE id BETWEEN 6442341 AND 6442441
	Index Scan using sbtest6_pkey on sbtest6  (cost=0.43..377.57 rows=95 width=125)
	  Index Cond: ((id >= 6442341) AND (id <= 6442441))

table 7 : explain SELECT id, c FROM sbtest7 WHERE id BETWEEN 6442341 AND 6442441
	Index Scan using sbtest7_pkey on sbtest7  (cost=0.43..369.09 rows=93 width=125)
	  Index Cond: ((id >= 6442341) AND (id <= 6442441))

table 8 : explain SELECT id, c FROM sbtest8 WHERE id BETWEEN 6442341 AND 6442441
	Index Scan using sbtest8_pkey on sbtest8  (cost=0.43..393.10 rows=99 width=125)
	  Index Cond: ((id >= 6442341) AND (id <= 6442441))

for range-notcovered
table 1 : explain SELECT id, c FROM sbtest1 WHERE id BETWEEN 2866170 AND 2866270
	Index Scan using sbtest1_pkey on sbtest1  (cost=0.43..408.83 rows=103 width=125)
	  Index Cond: ((id >= 2866170) AND (id <= 2866270))

table 2 : explain SELECT id, c FROM sbtest2 WHERE id BETWEEN 2866170 AND 2866270
	Index Scan using sbtest2_pkey on sbtest2  (cost=0.43..381.09 rows=96 width=125)
	  Index Cond: ((id >= 2866170) AND (id <= 2866270))

table 3 : explain SELECT id, c FROM sbtest3 WHERE id BETWEEN 2866170 AND 2866270
	Index Scan using sbtest3_pkey on sbtest3  (cost=0.43..386.65 rows=97 width=125)
	  Index Cond: ((id >= 2866170) AND (id <= 2866270))

table 4 : explain SELECT id, c FROM sbtest4 WHERE id BETWEEN 2866170 AND 2866270
	Index Scan using sbtest4_pkey on sbtest4  (cost=0.43..414.03 rows=104 width=125)
	  Index Cond: ((id >= 2866170) AND (id <= 2866270))

table 5 : explain SELECT id, c FROM sbtest5 WHERE id BETWEEN 2866170 AND 2866270
	Index Scan using sbtest5_pkey on sbtest5  (cost=0.43..431.42 rows=109 width=125)
	  Index Cond: ((id >= 2866170) AND (id <= 2866270))

table 6 : explain SELECT id, c FROM sbtest6 WHERE id BETWEEN 2866170 AND 2866270
	Index Scan using sbtest6_pkey on sbtest6  (cost=0.43..420.76 rows=106 width=125)
	  Index Cond: ((id >= 2866170) AND (id <= 2866270))

table 7 : explain SELECT id, c FROM sbtest7 WHERE id BETWEEN 2866170 AND 2866270
	Index Scan using sbtest7_pkey on sbtest7  (cost=0.43..431.79 rows=109 width=125)
	  Index Cond: ((id >= 2866170) AND (id <= 2866270))

table 8 : explain SELECT id, c FROM sbtest8 WHERE id BETWEEN 2866170 AND 2866270
	Index Scan using sbtest8_pkey on sbtest8  (cost=0.43..416.65 rows=105 width=125)
	  Index Cond: ((id >= 2866170) AND (id <= 2866270))

explain: for range-notcovered :: explain SELECT id, c FROM sbtest%d WHERE id BETWEEN 2866170 AND 2866270
for range-notcovered
table 1 : explain SELECT id, c FROM sbtest1 WHERE id BETWEEN 5332088 AND 5332188
	Index Scan using sbtest1_pkey on sbtest1  (cost=0.43..440.23 rows=111 width=125)
	  Index Cond: ((id >= 5332088) AND (id <= 5332188))

table 2 : explain SELECT id, c FROM sbtest2 WHERE id BETWEEN 5332088 AND 5332188
	Index Scan using sbtest2_pkey on sbtest2  (cost=0.43..381.09 rows=96 width=125)
	  Index Cond: ((id >= 5332088) AND (id <= 5332188))

table 3 : explain SELECT id, c FROM sbtest3 WHERE id BETWEEN 5332088 AND 5332188
	Index Scan using sbtest3_pkey on sbtest3  (cost=0.43..437.86 rows=110 width=125)
	  Index Cond: ((id >= 5332088) AND (id <= 5332188))

table 4 : explain SELECT id, c FROM sbtest4 WHERE id BETWEEN 5332088 AND 5332188
	Index Scan using sbtest4_pkey on sbtest4  (cost=0.43..406.16 rows=102 width=125)
	  Index Cond: ((id >= 5332088) AND (id <= 5332188))

table 5 : explain SELECT id, c FROM sbtest5 WHERE id BETWEEN 5332088 AND 5332188
	Index Scan using sbtest5_pkey on sbtest5  (cost=0.43..443.16 rows=112 width=125)
	  Index Cond: ((id >= 5332088) AND (id <= 5332188))

table 6 : explain SELECT id, c FROM sbtest6 WHERE id BETWEEN 5332088 AND 5332188
	Index Scan using sbtest6_pkey on sbtest6  (cost=0.43..412.90 rows=104 width=125)
	  Index Cond: ((id >= 5332088) AND (id <= 5332188))

table 7 : explain SELECT id, c FROM sbtest7 WHERE id BETWEEN 5332088 AND 5332188
	Index Scan using sbtest7_pkey on sbtest7  (cost=0.43..388.68 rows=98 width=125)
	  Index Cond: ((id >= 5332088) AND (id <= 5332188))

table 8 : explain SELECT id, c FROM sbtest8 WHERE id BETWEEN 5332088 AND 5332188
	Index Scan using sbtest8_pkey on sbtest8  (cost=0.43..400.95 rows=101 width=125)
	  Index Cond: ((id >= 5332088) AND (id <= 5332188))

explain: for range-notcovered :: explain SELECT id, c FROM sbtest%d WHERE id BETWEEN 5332088 AND 5332188
for range-notcovered
table 1 : explain SELECT id, c FROM sbtest1 WHERE id BETWEEN 3135206 AND 3135306
	Index Scan using sbtest1_pkey on sbtest1  (cost=0.43..428.45 rows=108 width=125)
	  Index Cond: ((id >= 3135206) AND (id <= 3135306))

table 2 : explain SELECT id, c FROM sbtest2 WHERE id BETWEEN 3135206 AND 3135306
	Index Scan using sbtest2_pkey on sbtest2  (cost=0.43..373.22 rows=94 width=125)
	  Index Cond: ((id >= 3135206) AND (id <= 3135306))

table 3 : explain SELECT id, c FROM sbtest3 WHERE id BETWEEN 3135206 AND 3135306
	Index Scan using sbtest3_pkey on sbtest3  (cost=0.43..445.74 rows=112 width=125)
	  Index Cond: ((id >= 3135206) AND (id <= 3135306))

table 4 : explain SELECT id, c FROM sbtest4 WHERE id BETWEEN 3135206 AND 3135306
	Index Scan using sbtest4_pkey on sbtest4  (cost=0.43..406.16 rows=102 width=125)
	  Index Cond: ((id >= 3135206) AND (id <= 3135306))

table 5 : explain SELECT id, c FROM sbtest5 WHERE id BETWEEN 3135206 AND 3135306
	Index Scan using sbtest5_pkey on sbtest5  (cost=0.43..415.75 rows=105 width=125)
	  Index Cond: ((id >= 3135206) AND (id <= 3135306))

table 6 : explain SELECT id, c FROM sbtest6 WHERE id BETWEEN 3135206 AND 3135306
	Index Scan using sbtest6_pkey on sbtest6  (cost=0.43..373.64 rows=94 width=125)
	  Index Cond: ((id >= 3135206) AND (id <= 3135306))

table 7 : explain SELECT id, c FROM sbtest7 WHERE id BETWEEN 3135206 AND 3135306
	Index Scan using sbtest7_pkey on sbtest7  (cost=0.43..423.96 rows=107 width=125)
	  Index Cond: ((id >= 3135206) AND (id <= 3135306))

table 8 : explain SELECT id, c FROM sbtest8 WHERE id BETWEEN 3135206 AND 3135306
	Index Scan using sbtest8_pkey on sbtest8  (cost=0.43..404.88 rows=102 width=125)
	  Index Cond: ((id >= 3135206) AND (id <= 3135306))

for range-notcovered
table 1 : explain SELECT id, c FROM sbtest1 WHERE id BETWEEN 5998392 AND 5998492
	Index Scan using sbtest1_pkey on sbtest1  (cost=0.43..404.91 rows=102 width=125)
	  Index Cond: ((id >= 5998392) AND (id <= 5998492))

table 2 : explain SELECT id, c FROM sbtest2 WHERE id BETWEEN 5998392 AND 5998492
	Index Scan using sbtest2_pkey on sbtest2  (cost=0.43..416.39 rows=105 width=125)
	  Index Cond: ((id >= 5998392) AND (id <= 5998492))

table 3 : explain SELECT id, c FROM sbtest3 WHERE id BETWEEN 5998392 AND 5998492
	Index Scan using sbtest3_pkey on sbtest3  (cost=0.43..406.35 rows=102 width=125)
	  Index Cond: ((id >= 5998392) AND (id <= 5998492))

table 4 : explain SELECT id, c FROM sbtest4 WHERE id BETWEEN 5998392 AND 5998492
	Index Scan using sbtest4_pkey on sbtest4  (cost=0.43..410.09 rows=103 width=125)
	  Index Cond: ((id >= 5998392) AND (id <= 5998492))

table 5 : explain SELECT id, c FROM sbtest5 WHERE id BETWEEN 5998392 AND 5998492
	Index Scan using sbtest5_pkey on sbtest5  (cost=0.43..372.68 rows=94 width=125)
	  Index Cond: ((id >= 5998392) AND (id <= 5998492))

table 6 : explain SELECT id, c FROM sbtest6 WHERE id BETWEEN 5998392 AND 5998492
	Index Scan using sbtest6_pkey on sbtest6  (cost=0.43..397.20 rows=100 width=125)
	  Index Cond: ((id >= 5998392) AND (id <= 5998492))

table 7 : explain SELECT id, c FROM sbtest7 WHERE id BETWEEN 5998392 AND 5998492
	Index Scan using sbtest7_pkey on sbtest7  (cost=0.43..412.20 rows=104 width=125)
	  Index Cond: ((id >= 5998392) AND (id <= 5998492))

table 8 : explain SELECT id, c FROM sbtest8 WHERE id BETWEEN 5998392 AND 5998492
	Index Scan using sbtest8_pkey on sbtest8  (cost=0.43..428.42 rows=108 width=125)
	  Index Cond: ((id >= 5998392) AND (id <= 5998492))

explain: for range-notcovered :: explain SELECT id, c FROM sbtest%d WHERE id BETWEEN 3135206 AND 3135306
explain: for range-notcovered :: explain SELECT id, c FROM sbtest%d WHERE id BETWEEN 4338713 AND 4338813
explain: for range-notcovered :: explain SELECT id, c FROM sbtest%d WHERE id BETWEEN 5998392 AND 5998492
for range-notcovered
table 1 : explain SELECT id, c FROM sbtest1 WHERE id BETWEEN 2866170 AND 2866270
	Index Scan using sbtest1_pkey on sbtest1  (cost=0.43..408.83 rows=103 width=125)
	  Index Cond: ((id >= 2866170) AND (id <= 2866270))

table 2 : explain SELECT id, c FROM sbtest2 WHERE id BETWEEN 2866170 AND 2866270
	Index Scan using sbtest2_pkey on sbtest2  (cost=0.43..381.09 rows=96 width=125)
	  Index Cond: ((id >= 2866170) AND (id <= 2866270))

table 3 : explain SELECT id, c FROM sbtest3 WHERE id BETWEEN 2866170 AND 2866270
	Index Scan using sbtest3_pkey on sbtest3  (cost=0.43..386.65 rows=97 width=125)
	  Index Cond: ((id >= 2866170) AND (id <= 2866270))

table 4 : explain SELECT id, c FROM sbtest4 WHERE id BETWEEN 2866170 AND 2866270
	Index Scan using sbtest4_pkey on sbtest4  (cost=0.43..414.03 rows=104 width=125)
	  Index Cond: ((id >= 2866170) AND (id <= 2866270))

table 5 : explain SELECT id, c FROM sbtest5 WHERE id BETWEEN 2866170 AND 2866270
	Index Scan using sbtest5_pkey on sbtest5  (cost=0.43..431.42 rows=109 width=125)
	  Index Cond: ((id >= 2866170) AND (id <= 2866270))

table 6 : explain SELECT id, c FROM sbtest6 WHERE id BETWEEN 2866170 AND 2866270
	Index Scan using sbtest6_pkey on sbtest6  (cost=0.43..420.76 rows=106 width=125)
	  Index Cond: ((id >= 2866170) AND (id <= 2866270))

table 7 : explain SELECT id, c FROM sbtest7 WHERE id BETWEEN 2866170 AND 2866270
	Index Scan using sbtest7_pkey on sbtest7  (cost=0.43..431.79 rows=109 width=125)
	  Index Cond: ((id >= 2866170) AND (id <= 2866270))

table 8 : explain SELECT id, c FROM sbtest8 WHERE id BETWEEN 2866170 AND 2866270
	Index Scan using sbtest8_pkey on sbtest8  (cost=0.43..416.65 rows=105 width=125)
	  Index Cond: ((id >= 2866170) AND (id <= 2866270))

for range-notcovered
table 1 : explain SELECT id, c FROM sbtest1 WHERE id BETWEEN 9065305 AND 9065405
	Index Scan using sbtest1_pkey on sbtest1  (cost=0.43..412.76 rows=104 width=125)
	  Index Cond: ((id >= 9065305) AND (id <= 9065405))

table 2 : explain SELECT id, c FROM sbtest2 WHERE id BETWEEN 9065305 AND 9065405
	Index Scan using sbtest2_pkey on sbtest2  (cost=0.43..392.86 rows=99 width=125)
	  Index Cond: ((id >= 9065305) AND (id <= 9065405))

table 3 : explain SELECT id, c FROM sbtest3 WHERE id BETWEEN 9065305 AND 9065405
	Index Scan using sbtest3_pkey on sbtest3  (cost=0.43..374.82 rows=94 width=125)
	  Index Cond: ((id >= 9065305) AND (id <= 9065405))

table 4 : explain SELECT id, c FROM sbtest4 WHERE id BETWEEN 9065305 AND 9065405
	Index Scan using sbtest4_pkey on sbtest4  (cost=0.43..406.16 rows=102 width=125)
	  Index Cond: ((id >= 9065305) AND (id <= 9065405))

table 5 : explain SELECT id, c FROM sbtest5 WHERE id BETWEEN 9065305 AND 9065405
	Index Scan using sbtest5_pkey on sbtest5  (cost=0.43..388.34 rows=98 width=125)
	  Index Cond: ((id >= 9065305) AND (id <= 9065405))

table 6 : explain SELECT id, c FROM sbtest6 WHERE id BETWEEN 9065305 AND 9065405
	Index Scan using sbtest6_pkey on sbtest6  (cost=0.43..440.39 rows=111 width=125)
	  Index Cond: ((id >= 9065305) AND (id <= 9065405))

table 7 : explain SELECT id, c FROM sbtest7 WHERE id BETWEEN 9065305 AND 9065405
	Index Scan using sbtest7_pkey on sbtest7  (cost=0.43..408.28 rows=103 width=125)
	  Index Cond: ((id >= 9065305) AND (id <= 9065405))

table 8 : explain SELECT id, c FROM sbtest8 WHERE id BETWEEN 9065305 AND 9065405
	Index Scan using sbtest8_pkey on sbtest8  (cost=0.43..416.65 rows=105 width=125)
	  Index Cond: ((id >= 9065305) AND (id <= 9065405))

explain: for range-notcovered :: explain SELECT id, c FROM sbtest%d WHERE id BETWEEN 2866170 AND 2866270
for range-notcovered
table 1 : explain SELECT id, c FROM sbtest1 WHERE id BETWEEN 5332088 AND 5332188
	Index Scan using sbtest1_pkey on sbtest1  (cost=0.43..440.23 rows=111 width=125)
	  Index Cond: ((id >= 5332088) AND (id <= 5332188))

table 2 : explain SELECT id, c FROM sbtest2 WHERE id BETWEEN 5332088 AND 5332188
	Index Scan using sbtest2_pkey on sbtest2  (cost=0.43..381.09 rows=96 width=125)
	  Index Cond: ((id >= 5332088) AND (id <= 5332188))

table 3 : explain SELECT id, c FROM sbtest3 WHERE id BETWEEN 5332088 AND 5332188
	Index Scan using sbtest3_pkey on sbtest3  (cost=0.43..437.86 rows=110 width=125)
	  Index Cond: ((id >= 5332088) AND (id <= 5332188))

table 4 : explain SELECT id, c FROM sbtest4 WHERE id BETWEEN 5332088 AND 5332188
	Index Scan using sbtest4_pkey on sbtest4  (cost=0.43..406.16 rows=102 width=125)
	  Index Cond: ((id >= 5332088) AND (id <= 5332188))

table 5 : explain SELECT id, c FROM sbtest5 WHERE id BETWEEN 5332088 AND 5332188
	Index Scan using sbtest5_pkey on sbtest5  (cost=0.43..443.16 rows=112 width=125)
	  Index Cond: ((id >= 5332088) AND (id <= 5332188))

table 6 : explain SELECT id, c FROM sbtest6 WHERE id BETWEEN 5332088 AND 5332188
	Index Scan using sbtest6_pkey on sbtest6  (cost=0.43..412.90 rows=104 width=125)
	  Index Cond: ((id >= 5332088) AND (id <= 5332188))

table 7 : explain SELECT id, c FROM sbtest7 WHERE id BETWEEN 5332088 AND 5332188
	Index Scan using sbtest7_pkey on sbtest7  (cost=0.43..388.68 rows=98 width=125)
	  Index Cond: ((id >= 5332088) AND (id <= 5332188))

table 8 : explain SELECT id, c FROM sbtest8 WHERE id BETWEEN 5332088 AND 5332188
	Index Scan using sbtest8_pkey on sbtest8  (cost=0.43..400.95 rows=101 width=125)
	  Index Cond: ((id >= 5332088) AND (id <= 5332188))

explain: for range-notcovered :: explain SELECT id, c FROM sbtest%d WHERE id BETWEEN 9065305 AND 9065405
explain: for range-notcovered :: explain SELECT id, c FROM sbtest%d WHERE id BETWEEN 5332088 AND 5332188
for range-notcovered
table 1 : explain SELECT id, c FROM sbtest1 WHERE id BETWEEN 3135206 AND 3135306
	Index Scan using sbtest1_pkey on sbtest1  (cost=0.43..428.45 rows=108 width=125)
	  Index Cond: ((id >= 3135206) AND (id <= 3135306))

table 2 : explain SELECT id, c FROM sbtest2 WHERE id BETWEEN 3135206 AND 3135306
	Index Scan using sbtest2_pkey on sbtest2  (cost=0.43..373.22 rows=94 width=125)
	  Index Cond: ((id >= 3135206) AND (id <= 3135306))

table 3 : explain SELECT id, c FROM sbtest3 WHERE id BETWEEN 3135206 AND 3135306
	Index Scan using sbtest3_pkey on sbtest3  (cost=0.43..445.74 rows=112 width=125)
	  Index Cond: ((id >= 3135206) AND (id <= 3135306))

table 4 : explain SELECT id, c FROM sbtest4 WHERE id BETWEEN 3135206 AND 3135306
	Index Scan using sbtest4_pkey on sbtest4  (cost=0.43..406.16 rows=102 width=125)
	  Index Cond: ((id >= 3135206) AND (id <= 3135306))

table 5 : explain SELECT id, c FROM sbtest5 WHERE id BETWEEN 3135206 AND 3135306
	Index Scan using sbtest5_pkey on sbtest5  (cost=0.43..415.75 rows=105 width=125)
	  Index Cond: ((id >= 3135206) AND (id <= 3135306))

table 6 : explain SELECT id, c FROM sbtest6 WHERE id BETWEEN 3135206 AND 3135306
	Index Scan using sbtest6_pkey on sbtest6  (cost=0.43..373.64 rows=94 width=125)
	  Index Cond: ((id >= 3135206) AND (id <= 3135306))

table 7 : explain SELECT id, c FROM sbtest7 WHERE id BETWEEN 3135206 AND 3135306
	Index Scan using sbtest7_pkey on sbtest7  (cost=0.43..423.96 rows=107 width=125)
	  Index Cond: ((id >= 3135206) AND (id <= 3135306))

table 8 : explain SELECT id, c FROM sbtest8 WHERE id BETWEEN 3135206 AND 3135306
	Index Scan using sbtest8_pkey on sbtest8  (cost=0.43..404.88 rows=102 width=125)
	  Index Cond: ((id >= 3135206) AND (id <= 3135306))

for range-notcovered
table 1 : explain SELECT id, c FROM sbtest1 WHERE id BETWEEN 7714150 AND 7714250
	Index Scan using sbtest1_pkey on sbtest1  (cost=0.43..397.06 rows=100 width=125)
	  Index Cond: ((id >= 7714150) AND (id <= 7714250))

table 2 : explain SELECT id, c FROM sbtest2 WHERE id BETWEEN 7714150 AND 7714250
	Index Scan using sbtest2_pkey on sbtest2  (cost=0.43..381.09 rows=96 width=125)
	  Index Cond: ((id >= 7714150) AND (id <= 7714250))

table 3 : explain SELECT id, c FROM sbtest3 WHERE id BETWEEN 7714150 AND 7714250
	Index Scan using sbtest3_pkey on sbtest3  (cost=0.43..418.17 rows=105 width=125)
	  Index Cond: ((id >= 7714150) AND (id <= 7714250))

table 4 : explain SELECT id, c FROM sbtest4 WHERE id BETWEEN 7714150 AND 7714250
	Index Scan using sbtest4_pkey on sbtest4  (cost=0.43..410.09 rows=103 width=125)
	  Index Cond: ((id >= 7714150) AND (id <= 7714250))

table 5 : explain SELECT id, c FROM sbtest5 WHERE id BETWEEN 7714150 AND 7714250
	Index Scan using sbtest5_pkey on sbtest5  (cost=0.43..415.75 rows=105 width=125)
	  Index Cond: ((id >= 7714150) AND (id <= 7714250))

table 6 : explain SELECT id, c FROM sbtest6 WHERE id BETWEEN 7714150 AND 7714250
	Index Scan using sbtest6_pkey on sbtest6  (cost=0.43..416.83 rows=105 width=125)
	  Index Cond: ((id >= 7714150) AND (id <= 7714250))

table 7 : explain SELECT id, c FROM sbtest7 WHERE id BETWEEN 7714150 AND 7714250
	Index Scan using sbtest7_pkey on sbtest7  (cost=0.43..380.85 rows=96 width=125)
	  Index Cond: ((id >= 7714150) AND (id <= 7714250))

table 8 : explain SELECT id, c FROM sbtest8 WHERE id BETWEEN 7714150 AND 7714250
	Index Scan using sbtest8_pkey on sbtest8  (cost=0.43..444.12 rows=112 width=125)
	  Index Cond: ((id >= 7714150) AND (id <= 7714250))

explain: for range-notcovered :: explain SELECT id, c FROM sbtest%d WHERE id BETWEEN 3135206 AND 3135306
explain: for range-notcovered :: explain SELECT id, c FROM sbtest%d WHERE id BETWEEN 7714150 AND 7714250
for range-notcovered
table 1 : explain SELECT id, c FROM sbtest1 WHERE id BETWEEN 5332088 AND 5332188
	Index Scan using sbtest1_pkey on sbtest1  (cost=0.43..440.23 rows=111 width=125)
	  Index Cond: ((id >= 5332088) AND (id <= 5332188))

table 2 : explain SELECT id, c FROM sbtest2 WHERE id BETWEEN 5332088 AND 5332188
	Index Scan using sbtest2_pkey on sbtest2  (cost=0.43..381.09 rows=96 width=125)
	  Index Cond: ((id >= 5332088) AND (id <= 5332188))

table 3 : explain SELECT id, c FROM sbtest3 WHERE id BETWEEN 5332088 AND 5332188
	Index Scan using sbtest3_pkey on sbtest3  (cost=0.43..437.86 rows=110 width=125)
	  Index Cond: ((id >= 5332088) AND (id <= 5332188))

table 4 : explain SELECT id, c FROM sbtest4 WHERE id BETWEEN 5332088 AND 5332188
	Index Scan using sbtest4_pkey on sbtest4  (cost=0.43..406.16 rows=102 width=125)
	  Index Cond: ((id >= 5332088) AND (id <= 5332188))

table 5 : explain SELECT id, c FROM sbtest5 WHERE id BETWEEN 5332088 AND 5332188
	Index Scan using sbtest5_pkey on sbtest5  (cost=0.43..443.16 rows=112 width=125)
	  Index Cond: ((id >= 5332088) AND (id <= 5332188))

table 6 : explain SELECT id, c FROM sbtest6 WHERE id BETWEEN 5332088 AND 5332188
	Index Scan using sbtest6_pkey on sbtest6  (cost=0.43..412.90 rows=104 width=125)
	  Index Cond: ((id >= 5332088) AND (id <= 5332188))

table 7 : explain SELECT id, c FROM sbtest7 WHERE id BETWEEN 5332088 AND 5332188
	Index Scan using sbtest7_pkey on sbtest7  (cost=0.43..388.68 rows=98 width=125)
	  Index Cond: ((id >= 5332088) AND (id <= 5332188))

table 8 : explain SELECT id, c FROM sbtest8 WHERE id BETWEEN 5332088 AND 5332188
	Index Scan using sbtest8_pkey on sbtest8  (cost=0.43..400.95 rows=101 width=125)
	  Index Cond: ((id >= 5332088) AND (id <= 5332188))

explain: for range-notcovered :: explain SELECT id, c FROM sbtest%d WHERE id BETWEEN 5332088 AND 5332188
for range-notcovered
table 1 : explain SELECT id, c FROM sbtest1 WHERE id BETWEEN 1714817 AND 1714917
	Index Scan using sbtest1_pkey on sbtest1  (cost=0.43..412.76 rows=104 width=125)
	  Index Cond: ((id >= 1714817) AND (id <= 1714917))

table 2 : explain SELECT id, c FROM sbtest2 WHERE id BETWEEN 1714817 AND 1714917
	Index Scan using sbtest2_pkey on sbtest2  (cost=0.43..432.07 rows=109 width=125)
	  Index Cond: ((id >= 1714817) AND (id <= 1714917))

table 3 : explain SELECT id, c FROM sbtest3 WHERE id BETWEEN 1714817 AND 1714917
	Index Scan using sbtest3_pkey on sbtest3  (cost=0.43..429.98 rows=108 width=125)
	  Index Cond: ((id >= 1714817) AND (id <= 1714917))

table 4 : explain SELECT id, c FROM sbtest4 WHERE id BETWEEN 1714817 AND 1714917
	Index Scan using sbtest4_pkey on sbtest4  (cost=0.43..374.64 rows=94 width=125)
	  Index Cond: ((id >= 1714817) AND (id <= 1714917))

table 5 : explain SELECT id, c FROM sbtest5 WHERE id BETWEEN 1714817 AND 1714917
	Index Scan using sbtest5_pkey on sbtest5  (cost=0.43..384.43 rows=97 width=125)
	  Index Cond: ((id >= 1714817) AND (id <= 1714917))

table 6 : explain SELECT id, c FROM sbtest6 WHERE id BETWEEN 1714817 AND 1714917
	Index Scan using sbtest6_pkey on sbtest6  (cost=0.43..428.61 rows=108 width=125)
	  Index Cond: ((id >= 1714817) AND (id <= 1714917))

table 7 : explain SELECT id, c FROM sbtest7 WHERE id BETWEEN 1714817 AND 1714917
	Index Scan using sbtest7_pkey on sbtest7  (cost=0.43..392.60 rows=99 width=125)
	  Index Cond: ((id >= 1714817) AND (id <= 1714917))

table 8 : explain SELECT id, c FROM sbtest8 WHERE id BETWEEN 1714817 AND 1714917
	Index Scan using sbtest8_pkey on sbtest8  (cost=0.43..420.57 rows=106 width=125)
	  Index Cond: ((id >= 1714817) AND (id <= 1714917))

explain: for range-notcovered :: explain SELECT id, c FROM sbtest%d WHERE id BETWEEN 1714817 AND 1714917
for range-notcovered
table 1 : explain SELECT id, c FROM sbtest1 WHERE id BETWEEN 3135206 AND 3135306
	Index Scan using sbtest1_pkey on sbtest1  (cost=0.43..428.45 rows=108 width=125)
	  Index Cond: ((id >= 3135206) AND (id <= 3135306))

table 2 : explain SELECT id, c FROM sbtest2 WHERE id BETWEEN 3135206 AND 3135306
	Index Scan using sbtest2_pkey on sbtest2  (cost=0.43..373.22 rows=94 width=125)
	  Index Cond: ((id >= 3135206) AND (id <= 3135306))

table 3 : explain SELECT id, c FROM sbtest3 WHERE id BETWEEN 3135206 AND 3135306
	Index Scan using sbtest3_pkey on sbtest3  (cost=0.43..445.74 rows=112 width=125)
	  Index Cond: ((id >= 3135206) AND (id <= 3135306))

table 4 : explain SELECT id, c FROM sbtest4 WHERE id BETWEEN 3135206 AND 3135306
	Index Scan using sbtest4_pkey on sbtest4  (cost=0.43..406.16 rows=102 width=125)
	  Index Cond: ((id >= 3135206) AND (id <= 3135306))

table 5 : explain SELECT id, c FROM sbtest5 WHERE id BETWEEN 3135206 AND 3135306
	Index Scan using sbtest5_pkey on sbtest5  (cost=0.43..415.75 rows=105 width=125)
	  Index Cond: ((id >= 3135206) AND (id <= 3135306))

table 6 : explain SELECT id, c FROM sbtest6 WHERE id BETWEEN 3135206 AND 3135306
	Index Scan using sbtest6_pkey on sbtest6  (cost=0.43..373.64 rows=94 width=125)
	  Index Cond: ((id >= 3135206) AND (id <= 3135306))

table 7 : explain SELECT id, c FROM sbtest7 WHERE id BETWEEN 3135206 AND 3135306
	Index Scan using sbtest7_pkey on sbtest7  (cost=0.43..423.96 rows=107 width=125)
	  Index Cond: ((id >= 3135206) AND (id <= 3135306))

table 8 : explain SELECT id, c FROM sbtest8 WHERE id BETWEEN 3135206 AND 3135306
	Index Scan using sbtest8_pkey on sbtest8  (cost=0.43..404.88 rows=102 width=125)
	  Index Cond: ((id >= 3135206) AND (id <= 3135306))

for range-notcovered
table 1 : explain SELECT id, c FROM sbtest1 WHERE id BETWEEN 5998392 AND 5998492
	Index Scan using sbtest1_pkey on sbtest1  (cost=0.43..404.91 rows=102 width=125)
	  Index Cond: ((id >= 5998392) AND (id <= 5998492))

table 2 : explain SELECT id, c FROM sbtest2 WHERE id BETWEEN 5998392 AND 5998492
	Index Scan using sbtest2_pkey on sbtest2  (cost=0.43..416.39 rows=105 width=125)
	  Index Cond: ((id >= 5998392) AND (id <= 5998492))

table 3 : explain SELECT id, c FROM sbtest3 WHERE id BETWEEN 5998392 AND 5998492
	Index Scan using sbtest3_pkey on sbtest3  (cost=0.43..406.35 rows=102 width=125)
	  Index Cond: ((id >= 5998392) AND (id <= 5998492))

table 4 : explain SELECT id, c FROM sbtest4 WHERE id BETWEEN 5998392 AND 5998492
	Index Scan using sbtest4_pkey on sbtest4  (cost=0.43..410.09 rows=103 width=125)
	  Index Cond: ((id >= 5998392) AND (id <= 5998492))

table 5 : explain SELECT id, c FROM sbtest5 WHERE id BETWEEN 5998392 AND 5998492
	Index Scan using sbtest5_pkey on sbtest5  (cost=0.43..372.68 rows=94 width=125)
	  Index Cond: ((id >= 5998392) AND (id <= 5998492))

table 6 : explain SELECT id, c FROM sbtest6 WHERE id BETWEEN 5998392 AND 5998492
	Index Scan using sbtest6_pkey on sbtest6  (cost=0.43..397.20 rows=100 width=125)
	  Index Cond: ((id >= 5998392) AND (id <= 5998492))

table 7 : explain SELECT id, c FROM sbtest7 WHERE id BETWEEN 5998392 AND 5998492
	Index Scan using sbtest7_pkey on sbtest7  (cost=0.43..412.20 rows=104 width=125)
	  Index Cond: ((id >= 5998392) AND (id <= 5998492))

table 8 : explain SELECT id, c FROM sbtest8 WHERE id BETWEEN 5998392 AND 5998492
	Index Scan using sbtest8_pkey on sbtest8  (cost=0.43..428.42 rows=108 width=125)
	  Index Cond: ((id >= 5998392) AND (id <= 5998492))

explain: for range-notcovered :: explain SELECT id, c FROM sbtest%d WHERE id BETWEEN 3135206 AND 3135306
explain: for range-notcovered :: explain SELECT id, c FROM sbtest%d WHERE id BETWEEN 5681330 AND 5681430
for range-notcovered
table 1 : explain SELECT id, c FROM sbtest1 WHERE id BETWEEN 7714150 AND 7714250
	Index Scan using sbtest1_pkey on sbtest1  (cost=0.43..397.06 rows=100 width=125)
	  Index Cond: ((id >= 7714150) AND (id <= 7714250))

table 2 : explain SELECT id, c FROM sbtest2 WHERE id BETWEEN 7714150 AND 7714250
	Index Scan using sbtest2_pkey on sbtest2  (cost=0.43..381.09 rows=96 width=125)
	  Index Cond: ((id >= 7714150) AND (id <= 7714250))

table 3 : explain SELECT id, c FROM sbtest3 WHERE id BETWEEN 7714150 AND 7714250
	Index Scan using sbtest3_pkey on sbtest3  (cost=0.43..418.17 rows=105 width=125)
	  Index Cond: ((id >= 7714150) AND (id <= 7714250))

table 4 : explain SELECT id, c FROM sbtest4 WHERE id BETWEEN 7714150 AND 7714250
	Index Scan using sbtest4_pkey on sbtest4  (cost=0.43..410.09 rows=103 width=125)
	  Index Cond: ((id >= 7714150) AND (id <= 7714250))

table 5 : explain SELECT id, c FROM sbtest5 WHERE id BETWEEN 7714150 AND 7714250
	Index Scan using sbtest5_pkey on sbtest5  (cost=0.43..415.75 rows=105 width=125)
	  Index Cond: ((id >= 7714150) AND (id <= 7714250))

table 6 : explain SELECT id, c FROM sbtest6 WHERE id BETWEEN 7714150 AND 7714250
	Index Scan using sbtest6_pkey on sbtest6  (cost=0.43..416.83 rows=105 width=125)
	  Index Cond: ((id >= 7714150) AND (id <= 7714250))

table 7 : explain SELECT id, c FROM sbtest7 WHERE id BETWEEN 7714150 AND 7714250
	Index Scan using sbtest7_pkey on sbtest7  (cost=0.43..380.85 rows=96 width=125)
	  Index Cond: ((id >= 7714150) AND (id <= 7714250))

table 8 : explain SELECT id, c FROM sbtest8 WHERE id BETWEEN 7714150 AND 7714250
	Index Scan using sbtest8_pkey on sbtest8  (cost=0.43..444.12 rows=112 width=125)
	  Index Cond: ((id >= 7714150) AND (id <= 7714250))

explain: for range-notcovered :: explain SELECT id, c FROM sbtest%d WHERE id BETWEEN 5998392 AND 5998492
explain: for range-notcovered :: explain SELECT id, c FROM sbtest%d WHERE id BETWEEN 7714150 AND 7714250
for range-notcovered
table 1 : explain SELECT id, c FROM sbtest1 WHERE id BETWEEN 9065305 AND 9065405
	Index Scan using sbtest1_pkey on sbtest1  (cost=0.43..412.76 rows=104 width=125)
	  Index Cond: ((id >= 9065305) AND (id <= 9065405))

table 2 : explain SELECT id, c FROM sbtest2 WHERE id BETWEEN 9065305 AND 9065405
	Index Scan using sbtest2_pkey on sbtest2  (cost=0.43..392.86 rows=99 width=125)
	  Index Cond: ((id >= 9065305) AND (id <= 9065405))

table 3 : explain SELECT id, c FROM sbtest3 WHERE id BETWEEN 9065305 AND 9065405
	Index Scan using sbtest3_pkey on sbtest3  (cost=0.43..374.82 rows=94 width=125)
	  Index Cond: ((id >= 9065305) AND (id <= 9065405))

table 4 : explain SELECT id, c FROM sbtest4 WHERE id BETWEEN 9065305 AND 9065405
	Index Scan using sbtest4_pkey on sbtest4  (cost=0.43..406.16 rows=102 width=125)
	  Index Cond: ((id >= 9065305) AND (id <= 9065405))

table 5 : explain SELECT id, c FROM sbtest5 WHERE id BETWEEN 9065305 AND 9065405
	Index Scan using sbtest5_pkey on sbtest5  (cost=0.43..388.34 rows=98 width=125)
	  Index Cond: ((id >= 9065305) AND (id <= 9065405))

table 6 : explain SELECT id, c FROM sbtest6 WHERE id BETWEEN 9065305 AND 9065405
	Index Scan using sbtest6_pkey on sbtest6  (cost=0.43..440.39 rows=111 width=125)
	  Index Cond: ((id >= 9065305) AND (id <= 9065405))

table 7 : explain SELECT id, c FROM sbtest7 WHERE id BETWEEN 9065305 AND 9065405
	Index Scan using sbtest7_pkey on sbtest7  (cost=0.43..408.28 rows=103 width=125)
	  Index Cond: ((id >= 9065305) AND (id <= 9065405))

table 8 : explain SELECT id, c FROM sbtest8 WHERE id BETWEEN 9065305 AND 9065405
	Index Scan using sbtest8_pkey on sbtest8  (cost=0.43..416.65 rows=105 width=125)
	  Index Cond: ((id >= 9065305) AND (id <= 9065405))

for range-notcovered
table 1 : explain SELECT id, c FROM sbtest1 WHERE id BETWEEN 5332088 AND 5332188
	Index Scan using sbtest1_pkey on sbtest1  (cost=0.43..440.23 rows=111 width=125)
	  Index Cond: ((id >= 5332088) AND (id <= 5332188))

table 2 : explain SELECT id, c FROM sbtest2 WHERE id BETWEEN 5332088 AND 5332188
	Index Scan using sbtest2_pkey on sbtest2  (cost=0.43..381.09 rows=96 width=125)
	  Index Cond: ((id >= 5332088) AND (id <= 5332188))

table 3 : explain SELECT id, c FROM sbtest3 WHERE id BETWEEN 5332088 AND 5332188
	Index Scan using sbtest3_pkey on sbtest3  (cost=0.43..437.86 rows=110 width=125)
	  Index Cond: ((id >= 5332088) AND (id <= 5332188))

table 4 : explain SELECT id, c FROM sbtest4 WHERE id BETWEEN 5332088 AND 5332188
	Index Scan using sbtest4_pkey on sbtest4  (cost=0.43..406.16 rows=102 width=125)
	  Index Cond: ((id >= 5332088) AND (id <= 5332188))

table 5 : explain SELECT id, c FROM sbtest5 WHERE id BETWEEN 5332088 AND 5332188
	Index Scan using sbtest5_pkey on sbtest5  (cost=0.43..443.16 rows=112 width=125)
	  Index Cond: ((id >= 5332088) AND (id <= 5332188))

table 6 : explain SELECT id, c FROM sbtest6 WHERE id BETWEEN 5332088 AND 5332188
	Index Scan using sbtest6_pkey on sbtest6  (cost=0.43..412.90 rows=104 width=125)
	  Index Cond: ((id >= 5332088) AND (id <= 5332188))

table 7 : explain SELECT id, c FROM sbtest7 WHERE id BETWEEN 5332088 AND 5332188
	Index Scan using sbtest7_pkey on sbtest7  (cost=0.43..388.68 rows=98 width=125)
	  Index Cond: ((id >= 5332088) AND (id <= 5332188))

table 8 : explain SELECT id, c FROM sbtest8 WHERE id BETWEEN 5332088 AND 5332188
	Index Scan using sbtest8_pkey on sbtest8  (cost=0.43..400.95 rows=101 width=125)
	  Index Cond: ((id >= 5332088) AND (id <= 5332188))

explain: for range-notcovered :: explain SELECT id, c FROM sbtest%d WHERE id BETWEEN 5332088 AND 5332188
explain: for range-notcovered :: explain SELECT id, c FROM sbtest%d WHERE id BETWEEN 9065305 AND 9065405
explain: for range-notcovered :: explain SELECT id, c FROM sbtest%d WHERE id BETWEEN 5250934 AND 5251034
for range-notcovered
table 1 : explain SELECT id, c FROM sbtest1 WHERE id BETWEEN 1714817 AND 1714917
	Index Scan using sbtest1_pkey on sbtest1  (cost=0.43..412.76 rows=104 width=125)
	  Index Cond: ((id >= 1714817) AND (id <= 1714917))

table 2 : explain SELECT id, c FROM sbtest2 WHERE id BETWEEN 1714817 AND 1714917
	Index Scan using sbtest2_pkey on sbtest2  (cost=0.43..432.07 rows=109 width=125)
	  Index Cond: ((id >= 1714817) AND (id <= 1714917))

table 3 : explain SELECT id, c FROM sbtest3 WHERE id BETWEEN 1714817 AND 1714917
	Index Scan using sbtest3_pkey on sbtest3  (cost=0.43..429.98 rows=108 width=125)
	  Index Cond: ((id >= 1714817) AND (id <= 1714917))

table 4 : explain SELECT id, c FROM sbtest4 WHERE id BETWEEN 1714817 AND 1714917
	Index Scan using sbtest4_pkey on sbtest4  (cost=0.43..374.64 rows=94 width=125)
	  Index Cond: ((id >= 1714817) AND (id <= 1714917))

table 5 : explain SELECT id, c FROM sbtest5 WHERE id BETWEEN 1714817 AND 1714917
	Index Scan using sbtest5_pkey on sbtest5  (cost=0.43..384.43 rows=97 width=125)
	  Index Cond: ((id >= 1714817) AND (id <= 1714917))

table 6 : explain SELECT id, c FROM sbtest6 WHERE id BETWEEN 1714817 AND 1714917
	Index Scan using sbtest6_pkey on sbtest6  (cost=0.43..428.61 rows=108 width=125)
	  Index Cond: ((id >= 1714817) AND (id <= 1714917))

table 7 : explain SELECT id, c FROM sbtest7 WHERE id BETWEEN 1714817 AND 1714917
	Index Scan using sbtest7_pkey on sbtest7  (cost=0.43..392.60 rows=99 width=125)
	  Index Cond: ((id >= 1714817) AND (id <= 1714917))

table 8 : explain SELECT id, c FROM sbtest8 WHERE id BETWEEN 1714817 AND 1714917
	Index Scan using sbtest8_pkey on sbtest8  (cost=0.43..420.57 rows=106 width=125)
	  Index Cond: ((id >= 1714817) AND (id <= 1714917))

for range-notcovered
table 1 : explain SELECT id, c FROM sbtest1 WHERE id BETWEEN 3135206 AND 3135306
	Index Scan using sbtest1_pkey on sbtest1  (cost=0.43..428.45 rows=108 width=125)
	  Index Cond: ((id >= 3135206) AND (id <= 3135306))

table 2 : explain SELECT id, c FROM sbtest2 WHERE id BETWEEN 3135206 AND 3135306
	Index Scan using sbtest2_pkey on sbtest2  (cost=0.43..373.22 rows=94 width=125)
	  Index Cond: ((id >= 3135206) AND (id <= 3135306))

table 3 : explain SELECT id, c FROM sbtest3 WHERE id BETWEEN 3135206 AND 3135306
	Index Scan using sbtest3_pkey on sbtest3  (cost=0.43..445.74 rows=112 width=125)
	  Index Cond: ((id >= 3135206) AND (id <= 3135306))

table 4 : explain SELECT id, c FROM sbtest4 WHERE id BETWEEN 3135206 AND 3135306
	Index Scan using sbtest4_pkey on sbtest4  (cost=0.43..406.16 rows=102 width=125)
	  Index Cond: ((id >= 3135206) AND (id <= 3135306))

table 5 : explain SELECT id, c FROM sbtest5 WHERE id BETWEEN 3135206 AND 3135306
	Index Scan using sbtest5_pkey on sbtest5  (cost=0.43..415.75 rows=105 width=125)
	  Index Cond: ((id >= 3135206) AND (id <= 3135306))

table 6 : explain SELECT id, c FROM sbtest6 WHERE id BETWEEN 3135206 AND 3135306
	Index Scan using sbtest6_pkey on sbtest6  (cost=0.43..373.64 rows=94 width=125)
	  Index Cond: ((id >= 3135206) AND (id <= 3135306))

table 7 : explain SELECT id, c FROM sbtest7 WHERE id BETWEEN 3135206 AND 3135306
	Index Scan using sbtest7_pkey on sbtest7  (cost=0.43..423.96 rows=107 width=125)
	  Index Cond: ((id >= 3135206) AND (id <= 3135306))

table 8 : explain SELECT id, c FROM sbtest8 WHERE id BETWEEN 3135206 AND 3135306
	Index Scan using sbtest8_pkey on sbtest8  (cost=0.43..404.88 rows=102 width=125)
	  Index Cond: ((id >= 3135206) AND (id <= 3135306))

for range-notcovered
table 1 : explain SELECT id, c FROM sbtest1 WHERE id BETWEEN 2866170 AND 2866270
	Index Scan using sbtest1_pkey on sbtest1  (cost=0.43..408.83 rows=103 width=125)
	  Index Cond: ((id >= 2866170) AND (id <= 2866270))

table 2 : explain SELECT id, c FROM sbtest2 WHERE id BETWEEN 2866170 AND 2866270
	Index Scan using sbtest2_pkey on sbtest2  (cost=0.43..381.09 rows=96 width=125)
	  Index Cond: ((id >= 2866170) AND (id <= 2866270))

table 3 : explain SELECT id, c FROM sbtest3 WHERE id BETWEEN 2866170 AND 2866270
	Index Scan using sbtest3_pkey on sbtest3  (cost=0.43..386.65 rows=97 width=125)
	  Index Cond: ((id >= 2866170) AND (id <= 2866270))

table 4 : explain SELECT id, c FROM sbtest4 WHERE id BETWEEN 2866170 AND 2866270
	Index Scan using sbtest4_pkey on sbtest4  (cost=0.43..414.03 rows=104 width=125)
	  Index Cond: ((id >= 2866170) AND (id <= 2866270))

table 5 : explain SELECT id, c FROM sbtest5 WHERE id BETWEEN 2866170 AND 2866270
	Index Scan using sbtest5_pkey on sbtest5  (cost=0.43..431.42 rows=109 width=125)
	  Index Cond: ((id >= 2866170) AND (id <= 2866270))

table 6 : explain SELECT id, c FROM sbtest6 WHERE id BETWEEN 2866170 AND 2866270
	Index Scan using sbtest6_pkey on sbtest6  (cost=0.43..420.76 rows=106 width=125)
	  Index Cond: ((id >= 2866170) AND (id <= 2866270))

table 7 : explain SELECT id, c FROM sbtest7 WHERE id BETWEEN 2866170 AND 2866270
	Index Scan using sbtest7_pkey on sbtest7  (cost=0.43..431.79 rows=109 width=125)
	  Index Cond: ((id >= 2866170) AND (id <= 2866270))

table 8 : explain SELECT id, c FROM sbtest8 WHERE id BETWEEN 2866170 AND 2866270
	Index Scan using sbtest8_pkey on sbtest8  (cost=0.43..416.65 rows=105 width=125)
	  Index Cond: ((id >= 2866170) AND (id <= 2866270))

explain: for range-notcovered :: explain SELECT id, c FROM sbtest%d WHERE id BETWEEN 3135206 AND 3135306
explain: for range-notcovered :: explain SELECT id, c FROM sbtest%d WHERE id BETWEEN 1714817 AND 1714917
for range-notcovered
table 1 : explain SELECT id, c FROM sbtest1 WHERE id BETWEEN 7714150 AND 7714250
	Index Scan using sbtest1_pkey on sbtest1  (cost=0.43..397.06 rows=100 width=125)
	  Index Cond: ((id >= 7714150) AND (id <= 7714250))

table 2 : explain SELECT id, c FROM sbtest2 WHERE id BETWEEN 7714150 AND 7714250
	Index Scan using sbtest2_pkey on sbtest2  (cost=0.43..381.09 rows=96 width=125)
	  Index Cond: ((id >= 7714150) AND (id <= 7714250))

table 3 : explain SELECT id, c FROM sbtest3 WHERE id BETWEEN 7714150 AND 7714250
	Index Scan using sbtest3_pkey on sbtest3  (cost=0.43..418.17 rows=105 width=125)
	  Index Cond: ((id >= 7714150) AND (id <= 7714250))

table 4 : explain SELECT id, c FROM sbtest4 WHERE id BETWEEN 7714150 AND 7714250
	Index Scan using sbtest4_pkey on sbtest4  (cost=0.43..410.09 rows=103 width=125)
	  Index Cond: ((id >= 7714150) AND (id <= 7714250))

table 5 : explain SELECT id, c FROM sbtest5 WHERE id BETWEEN 7714150 AND 7714250
	Index Scan using sbtest5_pkey on sbtest5  (cost=0.43..415.75 rows=105 width=125)
	  Index Cond: ((id >= 7714150) AND (id <= 7714250))

table 6 : explain SELECT id, c FROM sbtest6 WHERE id BETWEEN 7714150 AND 7714250
	Index Scan using sbtest6_pkey on sbtest6  (cost=0.43..416.83 rows=105 width=125)
	  Index Cond: ((id >= 7714150) AND (id <= 7714250))

table 7 : explain SELECT id, c FROM sbtest7 WHERE id BETWEEN 7714150 AND 7714250
	Index Scan using sbtest7_pkey on sbtest7  (cost=0.43..380.85 rows=96 width=125)
	  Index Cond: ((id >= 7714150) AND (id <= 7714250))

table 8 : explain SELECT id, c FROM sbtest8 WHERE id BETWEEN 7714150 AND 7714250
	Index Scan using sbtest8_pkey on sbtest8  (cost=0.43..444.12 rows=112 width=125)
	  Index Cond: ((id >= 7714150) AND (id <= 7714250))

explain: for range-notcovered :: explain SELECT id, c FROM sbtest%d WHERE id BETWEEN 7714150 AND 7714250
for range-notcovered
table 1 : explain SELECT id, c FROM sbtest1 WHERE id BETWEEN 5332088 AND 5332188
	Index Scan using sbtest1_pkey on sbtest1  (cost=0.43..440.23 rows=111 width=125)
	  Index Cond: ((id >= 5332088) AND (id <= 5332188))

table 2 : explain SELECT id, c FROM sbtest2 WHERE id BETWEEN 5332088 AND 5332188
	Index Scan using sbtest2_pkey on sbtest2  (cost=0.43..381.09 rows=96 width=125)
	  Index Cond: ((id >= 5332088) AND (id <= 5332188))

table 3 : explain SELECT id, c FROM sbtest3 WHERE id BETWEEN 5332088 AND 5332188
	Index Scan using sbtest3_pkey on sbtest3  (cost=0.43..437.86 rows=110 width=125)
	  Index Cond: ((id >= 5332088) AND (id <= 5332188))

table 4 : explain SELECT id, c FROM sbtest4 WHERE id BETWEEN 5332088 AND 5332188
	Index Scan using sbtest4_pkey on sbtest4  (cost=0.43..406.16 rows=102 width=125)
	  Index Cond: ((id >= 5332088) AND (id <= 5332188))

table 5 : explain SELECT id, c FROM sbtest5 WHERE id BETWEEN 5332088 AND 5332188
	Index Scan using sbtest5_pkey on sbtest5  (cost=0.43..443.16 rows=112 width=125)
	  Index Cond: ((id >= 5332088) AND (id <= 5332188))

table 6 : explain SELECT id, c FROM sbtest6 WHERE id BETWEEN 5332088 AND 5332188
	Index Scan using sbtest6_pkey on sbtest6  (cost=0.43..412.90 rows=104 width=125)
	  Index Cond: ((id >= 5332088) AND (id <= 5332188))

table 7 : explain SELECT id, c FROM sbtest7 WHERE id BETWEEN 5332088 AND 5332188
	Index Scan using sbtest7_pkey on sbtest7  (cost=0.43..388.68 rows=98 width=125)
	  Index Cond: ((id >= 5332088) AND (id <= 5332188))

table 8 : explain SELECT id, c FROM sbtest8 WHERE id BETWEEN 5332088 AND 5332188
	Index Scan using sbtest8_pkey on sbtest8  (cost=0.43..400.95 rows=101 width=125)
	  Index Cond: ((id >= 5332088) AND (id <= 5332188))

explain: for range-notcovered :: explain SELECT id, c FROM sbtest%d WHERE id BETWEEN 5332088 AND 5332188
for range-notcovered
table 1 : explain SELECT id, c FROM sbtest1 WHERE id BETWEEN 3135206 AND 3135306
	Index Scan using sbtest1_pkey on sbtest1  (cost=0.43..428.45 rows=108 width=125)
	  Index Cond: ((id >= 3135206) AND (id <= 3135306))

table 2 : explain SELECT id, c FROM sbtest2 WHERE id BETWEEN 3135206 AND 3135306
	Index Scan using sbtest2_pkey on sbtest2  (cost=0.43..373.22 rows=94 width=125)
	  Index Cond: ((id >= 3135206) AND (id <= 3135306))

table 3 : explain SELECT id, c FROM sbtest3 WHERE id BETWEEN 3135206 AND 3135306
	Index Scan using sbtest3_pkey on sbtest3  (cost=0.43..445.74 rows=112 width=125)
	  Index Cond: ((id >= 3135206) AND (id <= 3135306))

table 4 : explain SELECT id, c FROM sbtest4 WHERE id BETWEEN 3135206 AND 3135306
	Index Scan using sbtest4_pkey on sbtest4  (cost=0.43..406.16 rows=102 width=125)
	  Index Cond: ((id >= 3135206) AND (id <= 3135306))

table 5 : explain SELECT id, c FROM sbtest5 WHERE id BETWEEN 3135206 AND 3135306
	Index Scan using sbtest5_pkey on sbtest5  (cost=0.43..415.75 rows=105 width=125)
	  Index Cond: ((id >= 3135206) AND (id <= 3135306))

table 6 : explain SELECT id, c FROM sbtest6 WHERE id BETWEEN 3135206 AND 3135306
	Index Scan using sbtest6_pkey on sbtest6  (cost=0.43..373.64 rows=94 width=125)
	  Index Cond: ((id >= 3135206) AND (id <= 3135306))

table 7 : explain SELECT id, c FROM sbtest7 WHERE id BETWEEN 3135206 AND 3135306
	Index Scan using sbtest7_pkey on sbtest7  (cost=0.43..423.96 rows=107 width=125)
	  Index Cond: ((id >= 3135206) AND (id <= 3135306))

table 8 : explain SELECT id, c FROM sbtest8 WHERE id BETWEEN 3135206 AND 3135306
	Index Scan using sbtest8_pkey on sbtest8  (cost=0.43..404.88 rows=102 width=125)
	  Index Cond: ((id >= 3135206) AND (id <= 3135306))

for range-notcovered
table 1 : explain SELECT id, c FROM sbtest1 WHERE id BETWEEN 1714817 AND 1714917
	Index Scan using sbtest1_pkey on sbtest1  (cost=0.43..412.76 rows=104 width=125)
	  Index Cond: ((id >= 1714817) AND (id <= 1714917))

table 2 : explain SELECT id, c FROM sbtest2 WHERE id BETWEEN 1714817 AND 1714917
	Index Scan using sbtest2_pkey on sbtest2  (cost=0.43..432.07 rows=109 width=125)
	  Index Cond: ((id >= 1714817) AND (id <= 1714917))

table 3 : explain SELECT id, c FROM sbtest3 WHERE id BETWEEN 1714817 AND 1714917
	Index Scan using sbtest3_pkey on sbtest3  (cost=0.43..429.98 rows=108 width=125)
	  Index Cond: ((id >= 1714817) AND (id <= 1714917))

table 4 : explain SELECT id, c FROM sbtest4 WHERE id BETWEEN 1714817 AND 1714917
	Index Scan using sbtest4_pkey on sbtest4  (cost=0.43..374.64 rows=94 width=125)
	  Index Cond: ((id >= 1714817) AND (id <= 1714917))

table 5 : explain SELECT id, c FROM sbtest5 WHERE id BETWEEN 1714817 AND 1714917
	Index Scan using sbtest5_pkey on sbtest5  (cost=0.43..384.43 rows=97 width=125)
	  Index Cond: ((id >= 1714817) AND (id <= 1714917))

table 6 : explain SELECT id, c FROM sbtest6 WHERE id BETWEEN 1714817 AND 1714917
	Index Scan using sbtest6_pkey on sbtest6  (cost=0.43..428.61 rows=108 width=125)
	  Index Cond: ((id >= 1714817) AND (id <= 1714917))

table 7 : explain SELECT id, c FROM sbtest7 WHERE id BETWEEN 1714817 AND 1714917
	Index Scan using sbtest7_pkey on sbtest7  (cost=0.43..392.60 rows=99 width=125)
	  Index Cond: ((id >= 1714817) AND (id <= 1714917))

table 8 : explain SELECT id, c FROM sbtest8 WHERE id BETWEEN 1714817 AND 1714917
	Index Scan using sbtest8_pkey on sbtest8  (cost=0.43..420.57 rows=106 width=125)
	  Index Cond: ((id >= 1714817) AND (id <= 1714917))

for range-notcovered
table 1 : explain SELECT id, c FROM sbtest1 WHERE id BETWEEN 6633597 AND 6633697
	Index Scan using sbtest1_pkey on sbtest1  (cost=0.43..393.13 rows=99 width=125)
	  Index Cond: ((id >= 6633597) AND (id <= 6633697))

table 2 : explain SELECT id, c FROM sbtest2 WHERE id BETWEEN 6633597 AND 6633697
	Index Scan using sbtest2_pkey on sbtest2  (cost=0.43..388.93 rows=98 width=125)
	  Index Cond: ((id >= 6633597) AND (id <= 6633697))

table 3 : explain SELECT id, c FROM sbtest3 WHERE id BETWEEN 6633597 AND 6633697
	Index Scan using sbtest3_pkey on sbtest3  (cost=0.43..410.29 rows=103 width=125)
	  Index Cond: ((id >= 6633597) AND (id <= 6633697))

table 4 : explain SELECT id, c FROM sbtest4 WHERE id BETWEEN 6633597 AND 6633697
	Index Scan using sbtest4_pkey on sbtest4  (cost=0.43..358.89 rows=90 width=125)
	  Index Cond: ((id >= 6633597) AND (id <= 6633697))

table 5 : explain SELECT id, c FROM sbtest5 WHERE id BETWEEN 6633597 AND 6633697
	Index Scan using sbtest5_pkey on sbtest5  (cost=0.43..415.75 rows=105 width=125)
	  Index Cond: ((id >= 6633597) AND (id <= 6633697))

table 6 : explain SELECT id, c FROM sbtest6 WHERE id BETWEEN 6633597 AND 6633697
	Index Scan using sbtest6_pkey on sbtest6  (cost=0.43..373.64 rows=94 width=125)
	  Index Cond: ((id >= 6633597) AND (id <= 6633697))

table 7 : explain SELECT id, c FROM sbtest7 WHERE id BETWEEN 6633597 AND 6633697
	Index Scan using sbtest7_pkey on sbtest7  (cost=0.43..451.39 rows=114 width=125)
	  Index Cond: ((id >= 6633597) AND (id <= 6633697))

table 8 : explain SELECT id, c FROM sbtest8 WHERE id BETWEEN 6633597 AND 6633697
	Index Scan using sbtest8_pkey on sbtest8  (cost=0.43..424.50 rows=107 width=125)
	  Index Cond: ((id >= 6633597) AND (id <= 6633697))

explain: for range-notcovered :: explain SELECT id, c FROM sbtest%d WHERE id BETWEEN 3135206 AND 3135306
for range-notcovered
table 1 : explain SELECT id, c FROM sbtest1 WHERE id BETWEEN 5998392 AND 5998492
	Index Scan using sbtest1_pkey on sbtest1  (cost=0.43..404.91 rows=102 width=125)
	  Index Cond: ((id >= 5998392) AND (id <= 5998492))

table 2 : explain SELECT id, c FROM sbtest2 WHERE id BETWEEN 5998392 AND 5998492
	Index Scan using sbtest2_pkey on sbtest2  (cost=0.43..416.39 rows=105 width=125)
	  Index Cond: ((id >= 5998392) AND (id <= 5998492))

table 3 : explain SELECT id, c FROM sbtest3 WHERE id BETWEEN 5998392 AND 5998492
	Index Scan using sbtest3_pkey on sbtest3  (cost=0.43..406.35 rows=102 width=125)
	  Index Cond: ((id >= 5998392) AND (id <= 5998492))

table 4 : explain SELECT id, c FROM sbtest4 WHERE id BETWEEN 5998392 AND 5998492
	Index Scan using sbtest4_pkey on sbtest4  (cost=0.43..410.09 rows=103 width=125)
	  Index Cond: ((id >= 5998392) AND (id <= 5998492))

table 5 : explain SELECT id, c FROM sbtest5 WHERE id BETWEEN 5998392 AND 5998492
	Index Scan using sbtest5_pkey on sbtest5  (cost=0.43..372.68 rows=94 width=125)
	  Index Cond: ((id >= 5998392) AND (id <= 5998492))

table 6 : explain SELECT id, c FROM sbtest6 WHERE id BETWEEN 5998392 AND 5998492
	Index Scan using sbtest6_pkey on sbtest6  (cost=0.43..397.20 rows=100 width=125)
	  Index Cond: ((id >= 5998392) AND (id <= 5998492))

table 7 : explain SELECT id, c FROM sbtest7 WHERE id BETWEEN 5998392 AND 5998492
	Index Scan using sbtest7_pkey on sbtest7  (cost=0.43..412.20 rows=104 width=125)
	  Index Cond: ((id >= 5998392) AND (id <= 5998492))

table 8 : explain SELECT id, c FROM sbtest8 WHERE id BETWEEN 5998392 AND 5998492
	Index Scan using sbtest8_pkey on sbtest8  (cost=0.43..428.42 rows=108 width=125)
	  Index Cond: ((id >= 5998392) AND (id <= 5998492))

for range-notcovered
table 1 : explain SELECT id, c FROM sbtest1 WHERE id BETWEEN 7714150 AND 7714250
	Index Scan using sbtest1_pkey on sbtest1  (cost=0.43..397.06 rows=100 width=125)
	  Index Cond: ((id >= 7714150) AND (id <= 7714250))

table 2 : explain SELECT id, c FROM sbtest2 WHERE id BETWEEN 7714150 AND 7714250
	Index Scan using sbtest2_pkey on sbtest2  (cost=0.43..381.09 rows=96 width=125)
	  Index Cond: ((id >= 7714150) AND (id <= 7714250))

table 3 : explain SELECT id, c FROM sbtest3 WHERE id BETWEEN 7714150 AND 7714250
	Index Scan using sbtest3_pkey on sbtest3  (cost=0.43..418.17 rows=105 width=125)
	  Index Cond: ((id >= 7714150) AND (id <= 7714250))

table 4 : explain SELECT id, c FROM sbtest4 WHERE id BETWEEN 7714150 AND 7714250
	Index Scan using sbtest4_pkey on sbtest4  (cost=0.43..410.09 rows=103 width=125)
	  Index Cond: ((id >= 7714150) AND (id <= 7714250))

table 5 : explain SELECT id, c FROM sbtest5 WHERE id BETWEEN 7714150 AND 7714250
	Index Scan using sbtest5_pkey on sbtest5  (cost=0.43..415.75 rows=105 width=125)
	  Index Cond: ((id >= 7714150) AND (id <= 7714250))

table 6 : explain SELECT id, c FROM sbtest6 WHERE id BETWEEN 7714150 AND 7714250
	Index Scan using sbtest6_pkey on sbtest6  (cost=0.43..416.83 rows=105 width=125)
	  Index Cond: ((id >= 7714150) AND (id <= 7714250))

table 7 : explain SELECT id, c FROM sbtest7 WHERE id BETWEEN 7714150 AND 7714250
	Index Scan using sbtest7_pkey on sbtest7  (cost=0.43..380.85 rows=96 width=125)
	  Index Cond: ((id >= 7714150) AND (id <= 7714250))

table 8 : explain SELECT id, c FROM sbtest8 WHERE id BETWEEN 7714150 AND 7714250
	Index Scan using sbtest8_pkey on sbtest8  (cost=0.43..444.12 rows=112 width=125)
	  Index Cond: ((id >= 7714150) AND (id <= 7714250))

explain: for range-notcovered :: explain SELECT id, c FROM sbtest%d WHERE id BETWEEN 1714817 AND 1714917
explain: for range-notcovered :: explain SELECT id, c FROM sbtest%d WHERE id BETWEEN 7714150 AND 7714250
for range-notcovered
table 1 : explain SELECT id, c FROM sbtest1 WHERE id BETWEEN 4338713 AND 4338813
	Index Scan using sbtest1_pkey on sbtest1  (cost=0.43..404.91 rows=102 width=125)
	  Index Cond: ((id >= 4338713) AND (id <= 4338813))

table 2 : explain SELECT id, c FROM sbtest2 WHERE id BETWEEN 4338713 AND 4338813
	Index Scan using sbtest2_pkey on sbtest2  (cost=0.43..400.70 rows=101 width=125)
	  Index Cond: ((id >= 4338713) AND (id <= 4338813))

table 3 : explain SELECT id, c FROM sbtest3 WHERE id BETWEEN 4338713 AND 4338813
	Index Scan using sbtest3_pkey on sbtest3  (cost=0.43..363.00 rows=91 width=125)
	  Index Cond: ((id >= 4338713) AND (id <= 4338813))

table 4 : explain SELECT id, c FROM sbtest4 WHERE id BETWEEN 4338713 AND 4338813
	Index Scan using sbtest4_pkey on sbtest4  (cost=0.43..386.47 rows=97 width=125)
	  Index Cond: ((id >= 4338713) AND (id <= 4338813))

table 5 : explain SELECT id, c FROM sbtest5 WHERE id BETWEEN 4338713 AND 4338813
	Index Scan using sbtest5_pkey on sbtest5  (cost=0.43..419.67 rows=106 width=125)
	  Index Cond: ((id >= 4338713) AND (id <= 4338813))

table 6 : explain SELECT id, c FROM sbtest6 WHERE id BETWEEN 4338713 AND 4338813
	Index Scan using sbtest6_pkey on sbtest6  (cost=0.43..385.42 rows=97 width=125)
	  Index Cond: ((id >= 4338713) AND (id <= 4338813))

table 7 : explain SELECT id, c FROM sbtest7 WHERE id BETWEEN 4338713 AND 4338813
	Index Scan using sbtest7_pkey on sbtest7  (cost=0.43..420.04 rows=106 width=125)
	  Index Cond: ((id >= 4338713) AND (id <= 4338813))

table 8 : explain SELECT id, c FROM sbtest8 WHERE id BETWEEN 4338713 AND 4338813
	Index Scan using sbtest8_pkey on sbtest8  (cost=0.43..381.33 rows=96 width=125)
	  Index Cond: ((id >= 4338713) AND (id <= 4338813))

explain: for range-notcovered :: explain SELECT id, c FROM sbtest%d WHERE id BETWEEN 5998392 AND 5998492
explain: for range-notcovered :: explain SELECT id, c FROM sbtest%d WHERE id BETWEEN 4338713 AND 4338813
for range-notcovered
table 1 : explain SELECT id, c FROM sbtest1 WHERE id BETWEEN 8347464 AND 8347564
	Index Scan using sbtest1_pkey on sbtest1  (cost=0.43..420.60 rows=106 width=125)
	  Index Cond: ((id >= 8347464) AND (id <= 8347564))

table 2 : explain SELECT id, c FROM sbtest2 WHERE id BETWEEN 8347464 AND 8347564
	Index Scan using sbtest2_pkey on sbtest2  (cost=0.43..377.15 rows=95 width=125)
	  Index Cond: ((id >= 8347464) AND (id <= 8347564))

table 3 : explain SELECT id, c FROM sbtest3 WHERE id BETWEEN 8347464 AND 8347564
	Index Scan using sbtest3_pkey on sbtest3  (cost=0.43..426.04 rows=107 width=125)
	  Index Cond: ((id >= 8347464) AND (id <= 8347564))

table 4 : explain SELECT id, c FROM sbtest4 WHERE id BETWEEN 8347464 AND 8347564
	Index Scan using sbtest4_pkey on sbtest4  (cost=0.43..366.77 rows=92 width=125)
	  Index Cond: ((id >= 8347464) AND (id <= 8347564))

table 5 : explain SELECT id, c FROM sbtest5 WHERE id BETWEEN 8347464 AND 8347564
	Index Scan using sbtest5_pkey on sbtest5  (cost=0.43..419.67 rows=106 width=125)
	  Index Cond: ((id >= 8347464) AND (id <= 8347564))

table 6 : explain SELECT id, c FROM sbtest6 WHERE id BETWEEN 8347464 AND 8347564
	Index Scan using sbtest6_pkey on sbtest6  (cost=0.43..385.42 rows=97 width=125)
	  Index Cond: ((id >= 8347464) AND (id <= 8347564))

table 7 : explain SELECT id, c FROM sbtest7 WHERE id BETWEEN 8347464 AND 8347564
	Index Scan using sbtest7_pkey on sbtest7  (cost=0.43..373.01 rows=94 width=125)
	  Index Cond: ((id >= 8347464) AND (id <= 8347564))

table 8 : explain SELECT id, c FROM sbtest8 WHERE id BETWEEN 8347464 AND 8347564
	Index Scan using sbtest8_pkey on sbtest8  (cost=0.43..408.80 rows=103 width=125)
	  Index Cond: ((id >= 8347464) AND (id <= 8347564))

explain: for range-notcovered :: explain SELECT id, c FROM sbtest%d WHERE id BETWEEN 6633597 AND 6633697
for range-notcovered
table 1 : explain SELECT id, c FROM sbtest1 WHERE id BETWEEN 5332088 AND 5332188
	Index Scan using sbtest1_pkey on sbtest1  (cost=0.43..440.23 rows=111 width=125)
	  Index Cond: ((id >= 5332088) AND (id <= 5332188))

table 2 : explain SELECT id, c FROM sbtest2 WHERE id BETWEEN 5332088 AND 5332188
	Index Scan using sbtest2_pkey on sbtest2  (cost=0.43..381.09 rows=96 width=125)
	  Index Cond: ((id >= 5332088) AND (id <= 5332188))

table 3 : explain SELECT id, c FROM sbtest3 WHERE id BETWEEN 5332088 AND 5332188
	Index Scan using sbtest3_pkey on sbtest3  (cost=0.43..437.86 rows=110 width=125)
	  Index Cond: ((id >= 5332088) AND (id <= 5332188))

table 4 : explain SELECT id, c FROM sbtest4 WHERE id BETWEEN 5332088 AND 5332188
	Index Scan using sbtest4_pkey on sbtest4  (cost=0.43..406.16 rows=102 width=125)
	  Index Cond: ((id >= 5332088) AND (id <= 5332188))

table 5 : explain SELECT id, c FROM sbtest5 WHERE id BETWEEN 5332088 AND 5332188
	Index Scan using sbtest5_pkey on sbtest5  (cost=0.43..443.16 rows=112 width=125)
	  Index Cond: ((id >= 5332088) AND (id <= 5332188))

table 6 : explain SELECT id, c FROM sbtest6 WHERE id BETWEEN 5332088 AND 5332188
	Index Scan using sbtest6_pkey on sbtest6  (cost=0.43..412.90 rows=104 width=125)
	  Index Cond: ((id >= 5332088) AND (id <= 5332188))

table 7 : explain SELECT id, c FROM sbtest7 WHERE id BETWEEN 5332088 AND 5332188
	Index Scan using sbtest7_pkey on sbtest7  (cost=0.43..388.68 rows=98 width=125)
	  Index Cond: ((id >= 5332088) AND (id <= 5332188))

table 8 : explain SELECT id, c FROM sbtest8 WHERE id BETWEEN 5332088 AND 5332188
	Index Scan using sbtest8_pkey on sbtest8  (cost=0.43..400.95 rows=101 width=125)
	  Index Cond: ((id >= 5332088) AND (id <= 5332188))

explain: for range-notcovered :: explain SELECT id, c FROM sbtest%d WHERE id BETWEEN 3472027 AND 3472127
explain: for range-notcovered :: explain SELECT id, c FROM sbtest%d WHERE id BETWEEN 8347464 AND 8347564
for range-notcovered
table 1 : explain SELECT id, c FROM sbtest1 WHERE id BETWEEN 9065305 AND 9065405
	Index Scan using sbtest1_pkey on sbtest1  (cost=0.43..412.76 rows=104 width=125)
	  Index Cond: ((id >= 9065305) AND (id <= 9065405))

table 2 : explain SELECT id, c FROM sbtest2 WHERE id BETWEEN 9065305 AND 9065405
	Index Scan using sbtest2_pkey on sbtest2  (cost=0.43..392.86 rows=99 width=125)
	  Index Cond: ((id >= 9065305) AND (id <= 9065405))

table 3 : explain SELECT id, c FROM sbtest3 WHERE id BETWEEN 9065305 AND 9065405
	Index Scan using sbtest3_pkey on sbtest3  (cost=0.43..374.82 rows=94 width=125)
	  Index Cond: ((id >= 9065305) AND (id <= 9065405))

table 4 : explain SELECT id, c FROM sbtest4 WHERE id BETWEEN 9065305 AND 9065405
	Index Scan using sbtest4_pkey on sbtest4  (cost=0.43..406.16 rows=102 width=125)
	  Index Cond: ((id >= 9065305) AND (id <= 9065405))

table 5 : explain SELECT id, c FROM sbtest5 WHERE id BETWEEN 9065305 AND 9065405
	Index Scan using sbtest5_pkey on sbtest5  (cost=0.43..388.34 rows=98 width=125)
	  Index Cond: ((id >= 9065305) AND (id <= 9065405))

table 6 : explain SELECT id, c FROM sbtest6 WHERE id BETWEEN 9065305 AND 9065405
	Index Scan using sbtest6_pkey on sbtest6  (cost=0.43..440.39 rows=111 width=125)
	  Index Cond: ((id >= 9065305) AND (id <= 9065405))

table 7 : explain SELECT id, c FROM sbtest7 WHERE id BETWEEN 9065305 AND 9065405
	Index Scan using sbtest7_pkey on sbtest7  (cost=0.43..408.28 rows=103 width=125)
	  Index Cond: ((id >= 9065305) AND (id <= 9065405))

table 8 : explain SELECT id, c FROM sbtest8 WHERE id BETWEEN 9065305 AND 9065405
	Index Scan using sbtest8_pkey on sbtest8  (cost=0.43..416.65 rows=105 width=125)
	  Index Cond: ((id >= 9065305) AND (id <= 9065405))

explain: for range-notcovered :: explain SELECT id, c FROM sbtest%d WHERE id BETWEEN 2866170 AND 2866270
explain: for range-notcovered :: explain SELECT id, c FROM sbtest%d WHERE id BETWEEN 5332088 AND 5332188
explain: for range-notcovered :: explain SELECT id, c FROM sbtest%d WHERE id BETWEEN 3742046 AND 3742146
for range-notcovered
table 1 : explain SELECT id, c FROM sbtest1 WHERE id BETWEEN 3135206 AND 3135306
	Index Scan using sbtest1_pkey on sbtest1  (cost=0.43..428.45 rows=108 width=125)
	  Index Cond: ((id >= 3135206) AND (id <= 3135306))

table 2 : explain SELECT id, c FROM sbtest2 WHERE id BETWEEN 3135206 AND 3135306
	Index Scan using sbtest2_pkey on sbtest2  (cost=0.43..373.22 rows=94 width=125)
	  Index Cond: ((id >= 3135206) AND (id <= 3135306))

table 3 : explain SELECT id, c FROM sbtest3 WHERE id BETWEEN 3135206 AND 3135306
	Index Scan using sbtest3_pkey on sbtest3  (cost=0.43..445.74 rows=112 width=125)
	  Index Cond: ((id >= 3135206) AND (id <= 3135306))

table 4 : explain SELECT id, c FROM sbtest4 WHERE id BETWEEN 3135206 AND 3135306
	Index Scan using sbtest4_pkey on sbtest4  (cost=0.43..406.16 rows=102 width=125)
	  Index Cond: ((id >= 3135206) AND (id <= 3135306))

table 5 : explain SELECT id, c FROM sbtest5 WHERE id BETWEEN 3135206 AND 3135306
	Index Scan using sbtest5_pkey on sbtest5  (cost=0.43..415.75 rows=105 width=125)
	  Index Cond: ((id >= 3135206) AND (id <= 3135306))

table 6 : explain SELECT id, c FROM sbtest6 WHERE id BETWEEN 3135206 AND 3135306
	Index Scan using sbtest6_pkey on sbtest6  (cost=0.43..373.64 rows=94 width=125)
	  Index Cond: ((id >= 3135206) AND (id <= 3135306))

table 7 : explain SELECT id, c FROM sbtest7 WHERE id BETWEEN 3135206 AND 3135306
	Index Scan using sbtest7_pkey on sbtest7  (cost=0.43..423.96 rows=107 width=125)
	  Index Cond: ((id >= 3135206) AND (id <= 3135306))

table 8 : explain SELECT id, c FROM sbtest8 WHERE id BETWEEN 3135206 AND 3135306
	Index Scan using sbtest8_pkey on sbtest8  (cost=0.43..404.88 rows=102 width=125)
	  Index Cond: ((id >= 3135206) AND (id <= 3135306))

for range-notcovered
table 1 : explain SELECT id, c FROM sbtest1 WHERE id BETWEEN 7714150 AND 7714250
	Index Scan using sbtest1_pkey on sbtest1  (cost=0.43..397.06 rows=100 width=125)
	  Index Cond: ((id >= 7714150) AND (id <= 7714250))

table 2 : explain SELECT id, c FROM sbtest2 WHERE id BETWEEN 7714150 AND 7714250
	Index Scan using sbtest2_pkey on sbtest2  (cost=0.43..381.09 rows=96 width=125)
	  Index Cond: ((id >= 7714150) AND (id <= 7714250))

table 3 : explain SELECT id, c FROM sbtest3 WHERE id BETWEEN 7714150 AND 7714250
	Index Scan using sbtest3_pkey on sbtest3  (cost=0.43..418.17 rows=105 width=125)
	  Index Cond: ((id >= 7714150) AND (id <= 7714250))

table 4 : explain SELECT id, c FROM sbtest4 WHERE id BETWEEN 7714150 AND 7714250
	Index Scan using sbtest4_pkey on sbtest4  (cost=0.43..410.09 rows=103 width=125)
	  Index Cond: ((id >= 7714150) AND (id <= 7714250))

table 5 : explain SELECT id, c FROM sbtest5 WHERE id BETWEEN 7714150 AND 7714250
	Index Scan using sbtest5_pkey on sbtest5  (cost=0.43..415.75 rows=105 width=125)
	  Index Cond: ((id >= 7714150) AND (id <= 7714250))

table 6 : explain SELECT id, c FROM sbtest6 WHERE id BETWEEN 7714150 AND 7714250
	Index Scan using sbtest6_pkey on sbtest6  (cost=0.43..416.83 rows=105 width=125)
	  Index Cond: ((id >= 7714150) AND (id <= 7714250))

table 7 : explain SELECT id, c FROM sbtest7 WHERE id BETWEEN 7714150 AND 7714250
	Index Scan using sbtest7_pkey on sbtest7  (cost=0.43..380.85 rows=96 width=125)
	  Index Cond: ((id >= 7714150) AND (id <= 7714250))

table 8 : explain SELECT id, c FROM sbtest8 WHERE id BETWEEN 7714150 AND 7714250
	Index Scan using sbtest8_pkey on sbtest8  (cost=0.43..444.12 rows=112 width=125)
	  Index Cond: ((id >= 7714150) AND (id <= 7714250))

explain: for range-notcovered :: explain SELECT id, c FROM sbtest%d WHERE id BETWEEN 3135206 AND 3135306
explain: for range-notcovered :: explain SELECT id, c FROM sbtest%d WHERE id BETWEEN 7714150 AND 7714250
for range-notcovered
table 1 : explain SELECT id, c FROM sbtest1 WHERE id BETWEEN 4338713 AND 4338813
	Index Scan using sbtest1_pkey on sbtest1  (cost=0.43..404.91 rows=102 width=125)
	  Index Cond: ((id >= 4338713) AND (id <= 4338813))

table 2 : explain SELECT id, c FROM sbtest2 WHERE id BETWEEN 4338713 AND 4338813
	Index Scan using sbtest2_pkey on sbtest2  (cost=0.43..400.70 rows=101 width=125)
	  Index Cond: ((id >= 4338713) AND (id <= 4338813))

table 3 : explain SELECT id, c FROM sbtest3 WHERE id BETWEEN 4338713 AND 4338813
	Index Scan using sbtest3_pkey on sbtest3  (cost=0.43..363.00 rows=91 width=125)
	  Index Cond: ((id >= 4338713) AND (id <= 4338813))

table 4 : explain SELECT id, c FROM sbtest4 WHERE id BETWEEN 4338713 AND 4338813
	Index Scan using sbtest4_pkey on sbtest4  (cost=0.43..386.47 rows=97 width=125)
	  Index Cond: ((id >= 4338713) AND (id <= 4338813))

table 5 : explain SELECT id, c FROM sbtest5 WHERE id BETWEEN 4338713 AND 4338813
	Index Scan using sbtest5_pkey on sbtest5  (cost=0.43..419.67 rows=106 width=125)
	  Index Cond: ((id >= 4338713) AND (id <= 4338813))

table 6 : explain SELECT id, c FROM sbtest6 WHERE id BETWEEN 4338713 AND 4338813
	Index Scan using sbtest6_pkey on sbtest6  (cost=0.43..385.42 rows=97 width=125)
	  Index Cond: ((id >= 4338713) AND (id <= 4338813))

table 7 : explain SELECT id, c FROM sbtest7 WHERE id BETWEEN 4338713 AND 4338813
	Index Scan using sbtest7_pkey on sbtest7  (cost=0.43..420.04 rows=106 width=125)
	  Index Cond: ((id >= 4338713) AND (id <= 4338813))

table 8 : explain SELECT id, c FROM sbtest8 WHERE id BETWEEN 4338713 AND 4338813
	Index Scan using sbtest8_pkey on sbtest8  (cost=0.43..381.33 rows=96 width=125)
	  Index Cond: ((id >= 4338713) AND (id <= 4338813))

for range-notcovered
table 1 : explain SELECT id, c FROM sbtest1 WHERE id BETWEEN 1714817 AND 1714917
	Index Scan using sbtest1_pkey on sbtest1  (cost=0.43..412.76 rows=104 width=125)
	  Index Cond: ((id >= 1714817) AND (id <= 1714917))

table 2 : explain SELECT id, c FROM sbtest2 WHERE id BETWEEN 1714817 AND 1714917
	Index Scan using sbtest2_pkey on sbtest2  (cost=0.43..432.07 rows=109 width=125)
	  Index Cond: ((id >= 1714817) AND (id <= 1714917))

table 3 : explain SELECT id, c FROM sbtest3 WHERE id BETWEEN 1714817 AND 1714917
	Index Scan using sbtest3_pkey on sbtest3  (cost=0.43..429.98 rows=108 width=125)
	  Index Cond: ((id >= 1714817) AND (id <= 1714917))

table 4 : explain SELECT id, c FROM sbtest4 WHERE id BETWEEN 1714817 AND 1714917
	Index Scan using sbtest4_pkey on sbtest4  (cost=0.43..374.64 rows=94 width=125)
	  Index Cond: ((id >= 1714817) AND (id <= 1714917))

table 5 : explain SELECT id, c FROM sbtest5 WHERE id BETWEEN 1714817 AND 1714917
	Index Scan using sbtest5_pkey on sbtest5  (cost=0.43..384.43 rows=97 width=125)
	  Index Cond: ((id >= 1714817) AND (id <= 1714917))

table 6 : explain SELECT id, c FROM sbtest6 WHERE id BETWEEN 1714817 AND 1714917
	Index Scan using sbtest6_pkey on sbtest6  (cost=0.43..428.61 rows=108 width=125)
	  Index Cond: ((id >= 1714817) AND (id <= 1714917))

table 7 : explain SELECT id, c FROM sbtest7 WHERE id BETWEEN 1714817 AND 1714917
	Index Scan using sbtest7_pkey on sbtest7  (cost=0.43..392.60 rows=99 width=125)
	  Index Cond: ((id >= 1714817) AND (id <= 1714917))

table 8 : explain SELECT id, c FROM sbtest8 WHERE id BETWEEN 1714817 AND 1714917
	Index Scan using sbtest8_pkey on sbtest8  (cost=0.43..420.57 rows=106 width=125)
	  Index Cond: ((id >= 1714817) AND (id <= 1714917))

explain: for range-notcovered :: explain SELECT id, c FROM sbtest%d WHERE id BETWEEN 4338713 AND 4338813
explain: for range-notcovered :: explain SELECT id, c FROM sbtest%d WHERE id BETWEEN 1714817 AND 1714917
for range-notcovered
table 1 : explain SELECT id, c FROM sbtest1 WHERE id BETWEEN 5332088 AND 5332188
	Index Scan using sbtest1_pkey on sbtest1  (cost=0.43..440.23 rows=111 width=125)
	  Index Cond: ((id >= 5332088) AND (id <= 5332188))

table 2 : explain SELECT id, c FROM sbtest2 WHERE id BETWEEN 5332088 AND 5332188
	Index Scan using sbtest2_pkey on sbtest2  (cost=0.43..381.09 rows=96 width=125)
	  Index Cond: ((id >= 5332088) AND (id <= 5332188))

table 3 : explain SELECT id, c FROM sbtest3 WHERE id BETWEEN 5332088 AND 5332188
	Index Scan using sbtest3_pkey on sbtest3  (cost=0.43..437.86 rows=110 width=125)
	  Index Cond: ((id >= 5332088) AND (id <= 5332188))

table 4 : explain SELECT id, c FROM sbtest4 WHERE id BETWEEN 5332088 AND 5332188
	Index Scan using sbtest4_pkey on sbtest4  (cost=0.43..406.16 rows=102 width=125)
	  Index Cond: ((id >= 5332088) AND (id <= 5332188))

table 5 : explain SELECT id, c FROM sbtest5 WHERE id BETWEEN 5332088 AND 5332188
	Index Scan using sbtest5_pkey on sbtest5  (cost=0.43..443.16 rows=112 width=125)
	  Index Cond: ((id >= 5332088) AND (id <= 5332188))

table 6 : explain SELECT id, c FROM sbtest6 WHERE id BETWEEN 5332088 AND 5332188
	Index Scan using sbtest6_pkey on sbtest6  (cost=0.43..412.90 rows=104 width=125)
	  Index Cond: ((id >= 5332088) AND (id <= 5332188))

table 7 : explain SELECT id, c FROM sbtest7 WHERE id BETWEEN 5332088 AND 5332188
	Index Scan using sbtest7_pkey on sbtest7  (cost=0.43..388.68 rows=98 width=125)
	  Index Cond: ((id >= 5332088) AND (id <= 5332188))

table 8 : explain SELECT id, c FROM sbtest8 WHERE id BETWEEN 5332088 AND 5332188
	Index Scan using sbtest8_pkey on sbtest8  (cost=0.43..400.95 rows=101 width=125)
	  Index Cond: ((id >= 5332088) AND (id <= 5332188))

for range-notcovered
table 1 : explain SELECT id, c FROM sbtest1 WHERE id BETWEEN 5998392 AND 5998492
	Index Scan using sbtest1_pkey on sbtest1  (cost=0.43..404.91 rows=102 width=125)
	  Index Cond: ((id >= 5998392) AND (id <= 5998492))

table 2 : explain SELECT id, c FROM sbtest2 WHERE id BETWEEN 5998392 AND 5998492
	Index Scan using sbtest2_pkey on sbtest2  (cost=0.43..416.39 rows=105 width=125)
	  Index Cond: ((id >= 5998392) AND (id <= 5998492))

table 3 : explain SELECT id, c FROM sbtest3 WHERE id BETWEEN 5998392 AND 5998492
	Index Scan using sbtest3_pkey on sbtest3  (cost=0.43..406.35 rows=102 width=125)
	  Index Cond: ((id >= 5998392) AND (id <= 5998492))

table 4 : explain SELECT id, c FROM sbtest4 WHERE id BETWEEN 5998392 AND 5998492
	Index Scan using sbtest4_pkey on sbtest4  (cost=0.43..410.09 rows=103 width=125)
	  Index Cond: ((id >= 5998392) AND (id <= 5998492))

table 5 : explain SELECT id, c FROM sbtest5 WHERE id BETWEEN 5998392 AND 5998492
	Index Scan using sbtest5_pkey on sbtest5  (cost=0.43..372.68 rows=94 width=125)
	  Index Cond: ((id >= 5998392) AND (id <= 5998492))

table 6 : explain SELECT id, c FROM sbtest6 WHERE id BETWEEN 5998392 AND 5998492
	Index Scan using sbtest6_pkey on sbtest6  (cost=0.43..397.20 rows=100 width=125)
	  Index Cond: ((id >= 5998392) AND (id <= 5998492))

table 7 : explain SELECT id, c FROM sbtest7 WHERE id BETWEEN 5998392 AND 5998492
	Index Scan using sbtest7_pkey on sbtest7  (cost=0.43..412.20 rows=104 width=125)
	  Index Cond: ((id >= 5998392) AND (id <= 5998492))

table 8 : explain SELECT id, c FROM sbtest8 WHERE id BETWEEN 5998392 AND 5998492
	Index Scan using sbtest8_pkey on sbtest8  (cost=0.43..428.42 rows=108 width=125)
	  Index Cond: ((id >= 5998392) AND (id <= 5998492))

for range-notcovered
table 1 : explain SELECT id, c FROM sbtest1 WHERE id BETWEEN 3135206 AND 3135306
	Index Scan using sbtest1_pkey on sbtest1  (cost=0.43..428.45 rows=108 width=125)
	  Index Cond: ((id >= 3135206) AND (id <= 3135306))

table 2 : explain SELECT id, c FROM sbtest2 WHERE id BETWEEN 3135206 AND 3135306
	Index Scan using sbtest2_pkey on sbtest2  (cost=0.43..373.22 rows=94 width=125)
	  Index Cond: ((id >= 3135206) AND (id <= 3135306))

table 3 : explain SELECT id, c FROM sbtest3 WHERE id BETWEEN 3135206 AND 3135306
	Index Scan using sbtest3_pkey on sbtest3  (cost=0.43..445.74 rows=112 width=125)
	  Index Cond: ((id >= 3135206) AND (id <= 3135306))

table 4 : explain SELECT id, c FROM sbtest4 WHERE id BETWEEN 3135206 AND 3135306
	Index Scan using sbtest4_pkey on sbtest4  (cost=0.43..406.16 rows=102 width=125)
	  Index Cond: ((id >= 3135206) AND (id <= 3135306))

table 5 : explain SELECT id, c FROM sbtest5 WHERE id BETWEEN 3135206 AND 3135306
	Index Scan using sbtest5_pkey on sbtest5  (cost=0.43..415.75 rows=105 width=125)
	  Index Cond: ((id >= 3135206) AND (id <= 3135306))

table 6 : explain SELECT id, c FROM sbtest6 WHERE id BETWEEN 3135206 AND 3135306
	Index Scan using sbtest6_pkey on sbtest6  (cost=0.43..373.64 rows=94 width=125)
	  Index Cond: ((id >= 3135206) AND (id <= 3135306))

table 7 : explain SELECT id, c FROM sbtest7 WHERE id BETWEEN 3135206 AND 3135306
	Index Scan using sbtest7_pkey on sbtest7  (cost=0.43..423.96 rows=107 width=125)
	  Index Cond: ((id >= 3135206) AND (id <= 3135306))

table 8 : explain SELECT id, c FROM sbtest8 WHERE id BETWEEN 3135206 AND 3135306
	Index Scan using sbtest8_pkey on sbtest8  (cost=0.43..404.88 rows=102 width=125)
	  Index Cond: ((id >= 3135206) AND (id <= 3135306))

for range-notcovered
table 1 : explain SELECT id, c FROM sbtest1 WHERE id BETWEEN 7714150 AND 7714250
	Index Scan using sbtest1_pkey on sbtest1  (cost=0.43..397.06 rows=100 width=125)
	  Index Cond: ((id >= 7714150) AND (id <= 7714250))

table 2 : explain SELECT id, c FROM sbtest2 WHERE id BETWEEN 7714150 AND 7714250
	Index Scan using sbtest2_pkey on sbtest2  (cost=0.43..381.09 rows=96 width=125)
	  Index Cond: ((id >= 7714150) AND (id <= 7714250))

table 3 : explain SELECT id, c FROM sbtest3 WHERE id BETWEEN 7714150 AND 7714250
	Index Scan using sbtest3_pkey on sbtest3  (cost=0.43..418.17 rows=105 width=125)
	  Index Cond: ((id >= 7714150) AND (id <= 7714250))

table 4 : explain SELECT id, c FROM sbtest4 WHERE id BETWEEN 7714150 AND 7714250
	Index Scan using sbtest4_pkey on sbtest4  (cost=0.43..410.09 rows=103 width=125)
	  Index Cond: ((id >= 7714150) AND (id <= 7714250))

table 5 : explain SELECT id, c FROM sbtest5 WHERE id BETWEEN 7714150 AND 7714250
	Index Scan using sbtest5_pkey on sbtest5  (cost=0.43..415.75 rows=105 width=125)
	  Index Cond: ((id >= 7714150) AND (id <= 7714250))

table 6 : explain SELECT id, c FROM sbtest6 WHERE id BETWEEN 7714150 AND 7714250
	Index Scan using sbtest6_pkey on sbtest6  (cost=0.43..416.83 rows=105 width=125)
	  Index Cond: ((id >= 7714150) AND (id <= 7714250))

table 7 : explain SELECT id, c FROM sbtest7 WHERE id BETWEEN 7714150 AND 7714250
	Index Scan using sbtest7_pkey on sbtest7  (cost=0.43..380.85 rows=96 width=125)
	  Index Cond: ((id >= 7714150) AND (id <= 7714250))

table 8 : explain SELECT id, c FROM sbtest8 WHERE id BETWEEN 7714150 AND 7714250
	Index Scan using sbtest8_pkey on sbtest8  (cost=0.43..444.12 rows=112 width=125)
	  Index Cond: ((id >= 7714150) AND (id <= 7714250))

explain: for range-notcovered :: explain SELECT id, c FROM sbtest%d WHERE id BETWEEN 3135206 AND 3135306
for range-notcovered
table 1 : explain SELECT id, c FROM sbtest1 WHERE id BETWEEN 5681330 AND 5681430
	Index Scan using sbtest1_pkey on sbtest1  (cost=0.43..397.06 rows=100 width=125)
	  Index Cond: ((id >= 5681330) AND (id <= 5681430))

table 2 : explain SELECT id, c FROM sbtest2 WHERE id BETWEEN 5681330 AND 5681430
	Index Scan using sbtest2_pkey on sbtest2  (cost=0.43..396.78 rows=100 width=125)
	  Index Cond: ((id >= 5681330) AND (id <= 5681430))

table 3 : explain SELECT id, c FROM sbtest3 WHERE id BETWEEN 5681330 AND 5681430
	Index Scan using sbtest3_pkey on sbtest3  (cost=0.43..402.41 rows=101 width=125)
	  Index Cond: ((id >= 5681330) AND (id <= 5681430))

table 4 : explain SELECT id, c FROM sbtest4 WHERE id BETWEEN 5681330 AND 5681430
	Index Scan using sbtest4_pkey on sbtest4  (cost=0.43..398.28 rows=100 width=125)
	  Index Cond: ((id >= 5681330) AND (id <= 5681430))

table 5 : explain SELECT id, c FROM sbtest5 WHERE id BETWEEN 5681330 AND 5681430
	Index Scan using sbtest5_pkey on sbtest5  (cost=0.43..364.85 rows=92 width=125)
	  Index Cond: ((id >= 5681330) AND (id <= 5681430))

table 6 : explain SELECT id, c FROM sbtest6 WHERE id BETWEEN 5681330 AND 5681430
	Index Scan using sbtest6_pkey on sbtest6  (cost=0.43..365.77 rows=92 width=125)
	  Index Cond: ((id >= 5681330) AND (id <= 5681430))

table 7 : explain SELECT id, c FROM sbtest7 WHERE id BETWEEN 5681330 AND 5681430
	Index Scan using sbtest7_pkey on sbtest7  (cost=0.43..404.36 rows=102 width=125)
	  Index Cond: ((id >= 5681330) AND (id <= 5681430))

table 8 : explain SELECT id, c FROM sbtest8 WHERE id BETWEEN 5681330 AND 5681430
	Index Scan using sbtest8_pkey on sbtest8  (cost=0.43..385.26 rows=97 width=125)
	  Index Cond: ((id >= 5681330) AND (id <= 5681430))

explain: for range-notcovered :: explain SELECT id, c FROM sbtest%d WHERE id BETWEEN 7714150 AND 7714250
explain: for range-notcovered :: explain SELECT id, c FROM sbtest%d WHERE id BETWEEN 5681330 AND 5681430
for range-notcovered
table 1 : explain SELECT id, c FROM sbtest1 WHERE id BETWEEN 4338713 AND 4338813
	Index Scan using sbtest1_pkey on sbtest1  (cost=0.43..404.91 rows=102 width=125)
	  Index Cond: ((id >= 4338713) AND (id <= 4338813))

table 2 : explain SELECT id, c FROM sbtest2 WHERE id BETWEEN 4338713 AND 4338813
	Index Scan using sbtest2_pkey on sbtest2  (cost=0.43..400.70 rows=101 width=125)
	  Index Cond: ((id >= 4338713) AND (id <= 4338813))

table 3 : explain SELECT id, c FROM sbtest3 WHERE id BETWEEN 4338713 AND 4338813
	Index Scan using sbtest3_pkey on sbtest3  (cost=0.43..363.00 rows=91 width=125)
	  Index Cond: ((id >= 4338713) AND (id <= 4338813))

table 4 : explain SELECT id, c FROM sbtest4 WHERE id BETWEEN 4338713 AND 4338813
	Index Scan using sbtest4_pkey on sbtest4  (cost=0.43..386.47 rows=97 width=125)
	  Index Cond: ((id >= 4338713) AND (id <= 4338813))

table 5 : explain SELECT id, c FROM sbtest5 WHERE id BETWEEN 4338713 AND 4338813
	Index Scan using sbtest5_pkey on sbtest5  (cost=0.43..419.67 rows=106 width=125)
	  Index Cond: ((id >= 4338713) AND (id <= 4338813))

table 6 : explain SELECT id, c FROM sbtest6 WHERE id BETWEEN 4338713 AND 4338813
	Index Scan using sbtest6_pkey on sbtest6  (cost=0.43..385.42 rows=97 width=125)
	  Index Cond: ((id >= 4338713) AND (id <= 4338813))

table 7 : explain SELECT id, c FROM sbtest7 WHERE id BETWEEN 4338713 AND 4338813
	Index Scan using sbtest7_pkey on sbtest7  (cost=0.43..420.04 rows=106 width=125)
	  Index Cond: ((id >= 4338713) AND (id <= 4338813))

table 8 : explain SELECT id, c FROM sbtest8 WHERE id BETWEEN 4338713 AND 4338813
	Index Scan using sbtest8_pkey on sbtest8  (cost=0.43..381.33 rows=96 width=125)
	  Index Cond: ((id >= 4338713) AND (id <= 4338813))

explain: for range-notcovered :: explain SELECT id, c FROM sbtest%d WHERE id BETWEEN 4338713 AND 4338813
for range-notcovered
table 1 : explain SELECT id, c FROM sbtest1 WHERE id BETWEEN 8347464 AND 8347564
	Index Scan using sbtest1_pkey on sbtest1  (cost=0.43..420.60 rows=106 width=125)
	  Index Cond: ((id >= 8347464) AND (id <= 8347564))

table 2 : explain SELECT id, c FROM sbtest2 WHERE id BETWEEN 8347464 AND 8347564
	Index Scan using sbtest2_pkey on sbtest2  (cost=0.43..377.15 rows=95 width=125)
	  Index Cond: ((id >= 8347464) AND (id <= 8347564))

table 3 : explain SELECT id, c FROM sbtest3 WHERE id BETWEEN 8347464 AND 8347564
	Index Scan using sbtest3_pkey on sbtest3  (cost=0.43..426.04 rows=107 width=125)
	  Index Cond: ((id >= 8347464) AND (id <= 8347564))

table 4 : explain SELECT id, c FROM sbtest4 WHERE id BETWEEN 8347464 AND 8347564
	Index Scan using sbtest4_pkey on sbtest4  (cost=0.43..366.77 rows=92 width=125)
	  Index Cond: ((id >= 8347464) AND (id <= 8347564))

table 5 : explain SELECT id, c FROM sbtest5 WHERE id BETWEEN 8347464 AND 8347564
	Index Scan using sbtest5_pkey on sbtest5  (cost=0.43..419.67 rows=106 width=125)
	  Index Cond: ((id >= 8347464) AND (id <= 8347564))

table 6 : explain SELECT id, c FROM sbtest6 WHERE id BETWEEN 8347464 AND 8347564
	Index Scan using sbtest6_pkey on sbtest6  (cost=0.43..385.42 rows=97 width=125)
	  Index Cond: ((id >= 8347464) AND (id <= 8347564))

table 7 : explain SELECT id, c FROM sbtest7 WHERE id BETWEEN 8347464 AND 8347564
	Index Scan using sbtest7_pkey on sbtest7  (cost=0.43..373.01 rows=94 width=125)
	  Index Cond: ((id >= 8347464) AND (id <= 8347564))

table 8 : explain SELECT id, c FROM sbtest8 WHERE id BETWEEN 8347464 AND 8347564
	Index Scan using sbtest8_pkey on sbtest8  (cost=0.43..408.80 rows=103 width=125)
	  Index Cond: ((id >= 8347464) AND (id <= 8347564))

for range-notcovered
table 1 : explain SELECT id, c FROM sbtest1 WHERE id BETWEEN 2866170 AND 2866270
	Index Scan using sbtest1_pkey on sbtest1  (cost=0.43..408.83 rows=103 width=125)
	  Index Cond: ((id >= 2866170) AND (id <= 2866270))

table 2 : explain SELECT id, c FROM sbtest2 WHERE id BETWEEN 2866170 AND 2866270
	Index Scan using sbtest2_pkey on sbtest2  (cost=0.43..381.09 rows=96 width=125)
	  Index Cond: ((id >= 2866170) AND (id <= 2866270))

table 3 : explain SELECT id, c FROM sbtest3 WHERE id BETWEEN 2866170 AND 2866270
	Index Scan using sbtest3_pkey on sbtest3  (cost=0.43..386.65 rows=97 width=125)
	  Index Cond: ((id >= 2866170) AND (id <= 2866270))

table 4 : explain SELECT id, c FROM sbtest4 WHERE id BETWEEN 2866170 AND 2866270
	Index Scan using sbtest4_pkey on sbtest4  (cost=0.43..414.03 rows=104 width=125)
	  Index Cond: ((id >= 2866170) AND (id <= 2866270))

table 5 : explain SELECT id, c FROM sbtest5 WHERE id BETWEEN 2866170 AND 2866270
	Index Scan using sbtest5_pkey on sbtest5  (cost=0.43..431.42 rows=109 width=125)
	  Index Cond: ((id >= 2866170) AND (id <= 2866270))

table 6 : explain SELECT id, c FROM sbtest6 WHERE id BETWEEN 2866170 AND 2866270
	Index Scan using sbtest6_pkey on sbtest6  (cost=0.43..420.76 rows=106 width=125)
	  Index Cond: ((id >= 2866170) AND (id <= 2866270))

table 7 : explain SELECT id, c FROM sbtest7 WHERE id BETWEEN 2866170 AND 2866270
	Index Scan using sbtest7_pkey on sbtest7  (cost=0.43..431.79 rows=109 width=125)
	  Index Cond: ((id >= 2866170) AND (id <= 2866270))

table 8 : explain SELECT id, c FROM sbtest8 WHERE id BETWEEN 2866170 AND 2866270
	Index Scan using sbtest8_pkey on sbtest8  (cost=0.43..416.65 rows=105 width=125)
	  Index Cond: ((id >= 2866170) AND (id <= 2866270))

for range-notcovered
table 1 : explain SELECT id, c FROM sbtest1 WHERE id BETWEEN 6633597 AND 6633697
	Index Scan using sbtest1_pkey on sbtest1  (cost=0.43..393.13 rows=99 width=125)
	  Index Cond: ((id >= 6633597) AND (id <= 6633697))

table 2 : explain SELECT id, c FROM sbtest2 WHERE id BETWEEN 6633597 AND 6633697
	Index Scan using sbtest2_pkey on sbtest2  (cost=0.43..388.93 rows=98 width=125)
	  Index Cond: ((id >= 6633597) AND (id <= 6633697))

table 3 : explain SELECT id, c FROM sbtest3 WHERE id BETWEEN 6633597 AND 6633697
	Index Scan using sbtest3_pkey on sbtest3  (cost=0.43..410.29 rows=103 width=125)
	  Index Cond: ((id >= 6633597) AND (id <= 6633697))

table 4 : explain SELECT id, c FROM sbtest4 WHERE id BETWEEN 6633597 AND 6633697
	Index Scan using sbtest4_pkey on sbtest4  (cost=0.43..358.89 rows=90 width=125)
	  Index Cond: ((id >= 6633597) AND (id <= 6633697))

table 5 : explain SELECT id, c FROM sbtest5 WHERE id BETWEEN 6633597 AND 6633697
	Index Scan using sbtest5_pkey on sbtest5  (cost=0.43..415.75 rows=105 width=125)
	  Index Cond: ((id >= 6633597) AND (id <= 6633697))

table 6 : explain SELECT id, c FROM sbtest6 WHERE id BETWEEN 6633597 AND 6633697
	Index Scan using sbtest6_pkey on sbtest6  (cost=0.43..373.64 rows=94 width=125)
	  Index Cond: ((id >= 6633597) AND (id <= 6633697))

table 7 : explain SELECT id, c FROM sbtest7 WHERE id BETWEEN 6633597 AND 6633697
	Index Scan using sbtest7_pkey on sbtest7  (cost=0.43..451.39 rows=114 width=125)
	  Index Cond: ((id >= 6633597) AND (id <= 6633697))

table 8 : explain SELECT id, c FROM sbtest8 WHERE id BETWEEN 6633597 AND 6633697
	Index Scan using sbtest8_pkey on sbtest8  (cost=0.43..424.50 rows=107 width=125)
	  Index Cond: ((id >= 6633597) AND (id <= 6633697))

explain: for range-notcovered :: explain SELECT id, c FROM sbtest%d WHERE id BETWEEN 8347464 AND 8347564
for range-notcovered
table 1 : explain SELECT id, c FROM sbtest1 WHERE id BETWEEN 5250934 AND 5251034
	Index Scan using sbtest1_pkey on sbtest1  (cost=0.43..393.13 rows=99 width=125)
	  Index Cond: ((id >= 5250934) AND (id <= 5251034))

table 2 : explain SELECT id, c FROM sbtest2 WHERE id BETWEEN 5250934 AND 5251034
	Index Scan using sbtest2_pkey on sbtest2  (cost=0.43..400.70 rows=101 width=125)
	  Index Cond: ((id >= 5250934) AND (id <= 5251034))

table 3 : explain SELECT id, c FROM sbtest3 WHERE id BETWEEN 5250934 AND 5251034
	Index Scan using sbtest3_pkey on sbtest3  (cost=0.43..398.47 rows=100 width=125)
	  Index Cond: ((id >= 5250934) AND (id <= 5251034))

table 4 : explain SELECT id, c FROM sbtest4 WHERE id BETWEEN 5250934 AND 5251034
	Index Scan using sbtest4_pkey on sbtest4  (cost=0.43..406.16 rows=102 width=125)
	  Index Cond: ((id >= 5250934) AND (id <= 5251034))

table 5 : explain SELECT id, c FROM sbtest5 WHERE id BETWEEN 5250934 AND 5251034
	Index Scan using sbtest5_pkey on sbtest5  (cost=0.43..427.50 rows=108 width=125)
	  Index Cond: ((id >= 5250934) AND (id <= 5251034))

table 6 : explain SELECT id, c FROM sbtest6 WHERE id BETWEEN 5250934 AND 5251034
	Index Scan using sbtest6_pkey on sbtest6  (cost=0.43..381.50 rows=96 width=125)
	  Index Cond: ((id >= 5250934) AND (id <= 5251034))

table 7 : explain SELECT id, c FROM sbtest7 WHERE id BETWEEN 5250934 AND 5251034
	Index Scan using sbtest7_pkey on sbtest7  (cost=0.43..392.60 rows=99 width=125)
	  Index Cond: ((id >= 5250934) AND (id <= 5251034))

table 8 : explain SELECT id, c FROM sbtest8 WHERE id BETWEEN 5250934 AND 5251034
	Index Scan using sbtest8_pkey on sbtest8  (cost=0.43..424.50 rows=107 width=125)
	  Index Cond: ((id >= 5250934) AND (id <= 5251034))
explain: for range-notcovered :: explain SELECT id, c FROM sbtest%d WHERE id BETWEEN 6633597 AND 6633697

explain: for range-notcovered :: explain SELECT id, c FROM sbtest%d WHERE id BETWEEN 5250934 AND 5251034
for range-notcovered
table 1 : explain SELECT id, c FROM sbtest1 WHERE id BETWEEN 7714150 AND 7714250
	Index Scan using sbtest1_pkey on sbtest1  (cost=0.43..397.06 rows=100 width=125)
	  Index Cond: ((id >= 7714150) AND (id <= 7714250))

table 2 : explain SELECT id, c FROM sbtest2 WHERE id BETWEEN 7714150 AND 7714250
	Index Scan using sbtest2_pkey on sbtest2  (cost=0.43..381.09 rows=96 width=125)
	  Index Cond: ((id >= 7714150) AND (id <= 7714250))

table 3 : explain SELECT id, c FROM sbtest3 WHERE id BETWEEN 7714150 AND 7714250
	Index Scan using sbtest3_pkey on sbtest3  (cost=0.43..418.17 rows=105 width=125)
	  Index Cond: ((id >= 7714150) AND (id <= 7714250))

table 4 : explain SELECT id, c FROM sbtest4 WHERE id BETWEEN 7714150 AND 7714250
	Index Scan using sbtest4_pkey on sbtest4  (cost=0.43..410.09 rows=103 width=125)
	  Index Cond: ((id >= 7714150) AND (id <= 7714250))

table 5 : explain SELECT id, c FROM sbtest5 WHERE id BETWEEN 7714150 AND 7714250
	Index Scan using sbtest5_pkey on sbtest5  (cost=0.43..415.75 rows=105 width=125)
	  Index Cond: ((id >= 7714150) AND (id <= 7714250))

table 6 : explain SELECT id, c FROM sbtest6 WHERE id BETWEEN 7714150 AND 7714250
	Index Scan using sbtest6_pkey on sbtest6  (cost=0.43..416.83 rows=105 width=125)
	  Index Cond: ((id >= 7714150) AND (id <= 7714250))

table 7 : explain SELECT id, c FROM sbtest7 WHERE id BETWEEN 7714150 AND 7714250
	Index Scan using sbtest7_pkey on sbtest7  (cost=0.43..380.85 rows=96 width=125)
	  Index Cond: ((id >= 7714150) AND (id <= 7714250))

table 8 : explain SELECT id, c FROM sbtest8 WHERE id BETWEEN 7714150 AND 7714250
	Index Scan using sbtest8_pkey on sbtest8  (cost=0.43..444.12 rows=112 width=125)
	  Index Cond: ((id >= 7714150) AND (id <= 7714250))

explain: for range-notcovered :: explain SELECT id, c FROM sbtest%d WHERE id BETWEEN 7714150 AND 7714250
for range-notcovered
table 1 : explain SELECT id, c FROM sbtest1 WHERE id BETWEEN 4338713 AND 4338813
	Index Scan using sbtest1_pkey on sbtest1  (cost=0.43..404.91 rows=102 width=125)
	  Index Cond: ((id >= 4338713) AND (id <= 4338813))

table 2 : explain SELECT id, c FROM sbtest2 WHERE id BETWEEN 4338713 AND 4338813
	Index Scan using sbtest2_pkey on sbtest2  (cost=0.43..400.70 rows=101 width=125)
	  Index Cond: ((id >= 4338713) AND (id <= 4338813))

table 3 : explain SELECT id, c FROM sbtest3 WHERE id BETWEEN 4338713 AND 4338813
	Index Scan using sbtest3_pkey on sbtest3  (cost=0.43..363.00 rows=91 width=125)
	  Index Cond: ((id >= 4338713) AND (id <= 4338813))

table 4 : explain SELECT id, c FROM sbtest4 WHERE id BETWEEN 4338713 AND 4338813
	Index Scan using sbtest4_pkey on sbtest4  (cost=0.43..386.47 rows=97 width=125)
	  Index Cond: ((id >= 4338713) AND (id <= 4338813))

table 5 : explain SELECT id, c FROM sbtest5 WHERE id BETWEEN 4338713 AND 4338813
	Index Scan using sbtest5_pkey on sbtest5  (cost=0.43..419.67 rows=106 width=125)
	  Index Cond: ((id >= 4338713) AND (id <= 4338813))

table 6 : explain SELECT id, c FROM sbtest6 WHERE id BETWEEN 4338713 AND 4338813
	Index Scan using sbtest6_pkey on sbtest6  (cost=0.43..385.42 rows=97 width=125)
	  Index Cond: ((id >= 4338713) AND (id <= 4338813))

table 7 : explain SELECT id, c FROM sbtest7 WHERE id BETWEEN 4338713 AND 4338813
	Index Scan using sbtest7_pkey on sbtest7  (cost=0.43..420.04 rows=106 width=125)
	  Index Cond: ((id >= 4338713) AND (id <= 4338813))

table 8 : explain SELECT id, c FROM sbtest8 WHERE id BETWEEN 4338713 AND 4338813
	Index Scan using sbtest8_pkey on sbtest8  (cost=0.43..381.33 rows=96 width=125)
	  Index Cond: ((id >= 4338713) AND (id <= 4338813))

for range-notcovered
table 1 : explain SELECT id, c FROM sbtest1 WHERE id BETWEEN 5681330 AND 5681430
	Index Scan using sbtest1_pkey on sbtest1  (cost=0.43..397.06 rows=100 width=125)
	  Index Cond: ((id >= 5681330) AND (id <= 5681430))

table 2 : explain SELECT id, c FROM sbtest2 WHERE id BETWEEN 5681330 AND 5681430
	Index Scan using sbtest2_pkey on sbtest2  (cost=0.43..396.78 rows=100 width=125)
	  Index Cond: ((id >= 5681330) AND (id <= 5681430))

table 3 : explain SELECT id, c FROM sbtest3 WHERE id BETWEEN 5681330 AND 5681430
	Index Scan using sbtest3_pkey on sbtest3  (cost=0.43..402.41 rows=101 width=125)
	  Index Cond: ((id >= 5681330) AND (id <= 5681430))

table 4 : explain SELECT id, c FROM sbtest4 WHERE id BETWEEN 5681330 AND 5681430
	Index Scan using sbtest4_pkey on sbtest4  (cost=0.43..398.28 rows=100 width=125)
	  Index Cond: ((id >= 5681330) AND (id <= 5681430))

table 5 : explain SELECT id, c FROM sbtest5 WHERE id BETWEEN 5681330 AND 5681430
	Index Scan using sbtest5_pkey on sbtest5  (cost=0.43..364.85 rows=92 width=125)
	  Index Cond: ((id >= 5681330) AND (id <= 5681430))

table 6 : explain SELECT id, c FROM sbtest6 WHERE id BETWEEN 5681330 AND 5681430
	Index Scan using sbtest6_pkey on sbtest6  (cost=0.43..365.77 rows=92 width=125)
	  Index Cond: ((id >= 5681330) AND (id <= 5681430))

table 7 : explain SELECT id, c FROM sbtest7 WHERE id BETWEEN 5681330 AND 5681430
	Index Scan using sbtest7_pkey on sbtest7  (cost=0.43..404.36 rows=102 width=125)
	  Index Cond: ((id >= 5681330) AND (id <= 5681430))

table 8 : explain SELECT id, c FROM sbtest8 WHERE id BETWEEN 5681330 AND 5681430
	Index Scan using sbtest8_pkey on sbtest8  (cost=0.43..385.26 rows=97 width=125)
	  Index Cond: ((id >= 5681330) AND (id <= 5681430))

explain: for range-notcovered :: explain SELECT id, c FROM sbtest%d WHERE id BETWEEN 4338713 AND 4338813
for range-notcovered
table 1 : explain SELECT id, c FROM sbtest1 WHERE id BETWEEN 1714817 AND 1714917
	Index Scan using sbtest1_pkey on sbtest1  (cost=0.43..412.76 rows=104 width=125)
	  Index Cond: ((id >= 1714817) AND (id <= 1714917))

table 2 : explain SELECT id, c FROM sbtest2 WHERE id BETWEEN 1714817 AND 1714917
	Index Scan using sbtest2_pkey on sbtest2  (cost=0.43..432.07 rows=109 width=125)
	  Index Cond: ((id >= 1714817) AND (id <= 1714917))

table 3 : explain SELECT id, c FROM sbtest3 WHERE id BETWEEN 1714817 AND 1714917
	Index Scan using sbtest3_pkey on sbtest3  (cost=0.43..429.98 rows=108 width=125)
	  Index Cond: ((id >= 1714817) AND (id <= 1714917))

table 4 : explain SELECT id, c FROM sbtest4 WHERE id BETWEEN 1714817 AND 1714917
	Index Scan using sbtest4_pkey on sbtest4  (cost=0.43..374.64 rows=94 width=125)
	  Index Cond: ((id >= 1714817) AND (id <= 1714917))

table 5 : explain SELECT id, c FROM sbtest5 WHERE id BETWEEN 1714817 AND 1714917
	Index Scan using sbtest5_pkey on sbtest5  (cost=0.43..384.43 rows=97 width=125)
	  Index Cond: ((id >= 1714817) AND (id <= 1714917))

table 6 : explain SELECT id, c FROM sbtest6 WHERE id BETWEEN 1714817 AND 1714917
	Index Scan using sbtest6_pkey on sbtest6  (cost=0.43..428.61 rows=108 width=125)
	  Index Cond: ((id >= 1714817) AND (id <= 1714917))

table 7 : explain SELECT id, c FROM sbtest7 WHERE id BETWEEN 1714817 AND 1714917
	Index Scan using sbtest7_pkey on sbtest7  (cost=0.43..392.60 rows=99 width=125)
	  Index Cond: ((id >= 1714817) AND (id <= 1714917))

table 8 : explain SELECT id, c FROM sbtest8 WHERE id BETWEEN 1714817 AND 1714917
	Index Scan using sbtest8_pkey on sbtest8  (cost=0.43..420.57 rows=106 width=125)
	  Index Cond: ((id >= 1714817) AND (id <= 1714917))

explain: for range-notcovered :: explain SELECT id, c FROM sbtest%d WHERE id BETWEEN 5681330 AND 5681430
explain: for range-notcovered :: explain SELECT id, c FROM sbtest%d WHERE id BETWEEN 1714817 AND 1714917
for range-notcovered
table 1 : explain SELECT id, c FROM sbtest1 WHERE id BETWEEN 5250934 AND 5251034
	Index Scan using sbtest1_pkey on sbtest1  (cost=0.43..393.13 rows=99 width=125)
	  Index Cond: ((id >= 5250934) AND (id <= 5251034))

table 2 : explain SELECT id, c FROM sbtest2 WHERE id BETWEEN 5250934 AND 5251034
	Index Scan using sbtest2_pkey on sbtest2  (cost=0.43..400.70 rows=101 width=125)
	  Index Cond: ((id >= 5250934) AND (id <= 5251034))

table 3 : explain SELECT id, c FROM sbtest3 WHERE id BETWEEN 5250934 AND 5251034
	Index Scan using sbtest3_pkey on sbtest3  (cost=0.43..398.47 rows=100 width=125)
	  Index Cond: ((id >= 5250934) AND (id <= 5251034))

table 4 : explain SELECT id, c FROM sbtest4 WHERE id BETWEEN 5250934 AND 5251034
	Index Scan using sbtest4_pkey on sbtest4  (cost=0.43..406.16 rows=102 width=125)
	  Index Cond: ((id >= 5250934) AND (id <= 5251034))

table 5 : explain SELECT id, c FROM sbtest5 WHERE id BETWEEN 5250934 AND 5251034
	Index Scan using sbtest5_pkey on sbtest5  (cost=0.43..427.50 rows=108 width=125)
	  Index Cond: ((id >= 5250934) AND (id <= 5251034))

table 6 : explain SELECT id, c FROM sbtest6 WHERE id BETWEEN 5250934 AND 5251034
	Index Scan using sbtest6_pkey on sbtest6  (cost=0.43..381.50 rows=96 width=125)
	  Index Cond: ((id >= 5250934) AND (id <= 5251034))

table 7 : explain SELECT id, c FROM sbtest7 WHERE id BETWEEN 5250934 AND 5251034
	Index Scan using sbtest7_pkey on sbtest7  (cost=0.43..392.60 rows=99 width=125)
	  Index Cond: ((id >= 5250934) AND (id <= 5251034))

table 8 : explain SELECT id, c FROM sbtest8 WHERE id BETWEEN 5250934 AND 5251034
	Index Scan using sbtest8_pkey on sbtest8  (cost=0.43..424.50 rows=107 width=125)
	  Index Cond: ((id >= 5250934) AND (id <= 5251034))

for range-notcovered
table 1 : explain SELECT id, c FROM sbtest1 WHERE id BETWEEN 7714150 AND 7714250
	Index Scan using sbtest1_pkey on sbtest1  (cost=0.43..397.06 rows=100 width=125)
	  Index Cond: ((id >= 7714150) AND (id <= 7714250))

table 2 : explain SELECT id, c FROM sbtest2 WHERE id BETWEEN 7714150 AND 7714250
	Index Scan using sbtest2_pkey on sbtest2  (cost=0.43..381.09 rows=96 width=125)
	  Index Cond: ((id >= 7714150) AND (id <= 7714250))

table 3 : explain SELECT id, c FROM sbtest3 WHERE id BETWEEN 7714150 AND 7714250
	Index Scan using sbtest3_pkey on sbtest3  (cost=0.43..418.17 rows=105 width=125)
	  Index Cond: ((id >= 7714150) AND (id <= 7714250))

table 4 : explain SELECT id, c FROM sbtest4 WHERE id BETWEEN 7714150 AND 7714250
	Index Scan using sbtest4_pkey on sbtest4  (cost=0.43..410.09 rows=103 width=125)
	  Index Cond: ((id >= 7714150) AND (id <= 7714250))

table 5 : explain SELECT id, c FROM sbtest5 WHERE id BETWEEN 7714150 AND 7714250
	Index Scan using sbtest5_pkey on sbtest5  (cost=0.43..415.75 rows=105 width=125)
	  Index Cond: ((id >= 7714150) AND (id <= 7714250))

table 6 : explain SELECT id, c FROM sbtest6 WHERE id BETWEEN 7714150 AND 7714250
	Index Scan using sbtest6_pkey on sbtest6  (cost=0.43..416.83 rows=105 width=125)
	  Index Cond: ((id >= 7714150) AND (id <= 7714250))

table 7 : explain SELECT id, c FROM sbtest7 WHERE id BETWEEN 7714150 AND 7714250
	Index Scan using sbtest7_pkey on sbtest7  (cost=0.43..380.85 rows=96 width=125)
	  Index Cond: ((id >= 7714150) AND (id <= 7714250))

table 8 : explain SELECT id, c FROM sbtest8 WHERE id BETWEEN 7714150 AND 7714250
	Index Scan using sbtest8_pkey on sbtest8  (cost=0.43..444.12 rows=112 width=125)
	  Index Cond: ((id >= 7714150) AND (id <= 7714250))

explain: for range-notcovered :: explain SELECT id, c FROM sbtest%d WHERE id BETWEEN 5250934 AND 5251034
for range-notcovered
table 1 : explain SELECT id, c FROM sbtest1 WHERE id BETWEEN 5681330 AND 5681430
	Index Scan using sbtest1_pkey on sbtest1  (cost=0.43..397.06 rows=100 width=125)
	  Index Cond: ((id >= 5681330) AND (id <= 5681430))

table 2 : explain SELECT id, c FROM sbtest2 WHERE id BETWEEN 5681330 AND 5681430
	Index Scan using sbtest2_pkey on sbtest2  (cost=0.43..396.78 rows=100 width=125)
	  Index Cond: ((id >= 5681330) AND (id <= 5681430))

table 3 : explain SELECT id, c FROM sbtest3 WHERE id BETWEEN 5681330 AND 5681430
	Index Scan using sbtest3_pkey on sbtest3  (cost=0.43..402.41 rows=101 width=125)
	  Index Cond: ((id >= 5681330) AND (id <= 5681430))

table 4 : explain SELECT id, c FROM sbtest4 WHERE id BETWEEN 5681330 AND 5681430
	Index Scan using sbtest4_pkey on sbtest4  (cost=0.43..398.28 rows=100 width=125)
	  Index Cond: ((id >= 5681330) AND (id <= 5681430))

table 5 : explain SELECT id, c FROM sbtest5 WHERE id BETWEEN 5681330 AND 5681430
	Index Scan using sbtest5_pkey on sbtest5  (cost=0.43..364.85 rows=92 width=125)
	  Index Cond: ((id >= 5681330) AND (id <= 5681430))

table 6 : explain SELECT id, c FROM sbtest6 WHERE id BETWEEN 5681330 AND 5681430
	Index Scan using sbtest6_pkey on sbtest6  (cost=0.43..365.77 rows=92 width=125)
	  Index Cond: ((id >= 5681330) AND (id <= 5681430))

table 7 : explain SELECT id, c FROM sbtest7 WHERE id BETWEEN 5681330 AND 5681430
	Index Scan using sbtest7_pkey on sbtest7  (cost=0.43..404.36 rows=102 width=125)
	  Index Cond: ((id >= 5681330) AND (id <= 5681430))

table 8 : explain SELECT id, c FROM sbtest8 WHERE id BETWEEN 5681330 AND 5681430
	Index Scan using sbtest8_pkey on sbtest8  (cost=0.43..385.26 rows=97 width=125)
	  Index Cond: ((id >= 5681330) AND (id <= 5681430))

for range-notcovered
table 1 : explain SELECT id, c FROM sbtest1 WHERE id BETWEEN 4338713 AND 4338813
	Index Scan using sbtest1_pkey on sbtest1  (cost=0.43..404.91 rows=102 width=125)
	  Index Cond: ((id >= 4338713) AND (id <= 4338813))

table 2 : explain SELECT id, c FROM sbtest2 WHERE id BETWEEN 4338713 AND 4338813
	Index Scan using sbtest2_pkey on sbtest2  (cost=0.43..400.70 rows=101 width=125)
	  Index Cond: ((id >= 4338713) AND (id <= 4338813))

table 3 : explain SELECT id, c FROM sbtest3 WHERE id BETWEEN 4338713 AND 4338813
	Index Scan using sbtest3_pkey on sbtest3  (cost=0.43..363.00 rows=91 width=125)
	  Index Cond: ((id >= 4338713) AND (id <= 4338813))

table 4 : explain SELECT id, c FROM sbtest4 WHERE id BETWEEN 4338713 AND 4338813
	Index Scan using sbtest4_pkey on sbtest4  (cost=0.43..386.47 rows=97 width=125)
	  Index Cond: ((id >= 4338713) AND (id <= 4338813))

table 5 : explain SELECT id, c FROM sbtest5 WHERE id BETWEEN 4338713 AND 4338813
	Index Scan using sbtest5_pkey on sbtest5  (cost=0.43..419.67 rows=106 width=125)
	  Index Cond: ((id >= 4338713) AND (id <= 4338813))

table 6 : explain SELECT id, c FROM sbtest6 WHERE id BETWEEN 4338713 AND 4338813
	Index Scan using sbtest6_pkey on sbtest6  (cost=0.43..385.42 rows=97 width=125)
	  Index Cond: ((id >= 4338713) AND (id <= 4338813))

table 7 : explain SELECT id, c FROM sbtest7 WHERE id BETWEEN 4338713 AND 4338813
	Index Scan using sbtest7_pkey on sbtest7  (cost=0.43..420.04 rows=106 width=125)
	  Index Cond: ((id >= 4338713) AND (id <= 4338813))

table 8 : explain SELECT id, c FROM sbtest8 WHERE id BETWEEN 4338713 AND 4338813
	Index Scan using sbtest8_pkey on sbtest8  (cost=0.43..381.33 rows=96 width=125)
	  Index Cond: ((id >= 4338713) AND (id <= 4338813))

explain: for range-notcovered :: explain SELECT id, c FROM sbtest%d WHERE id BETWEEN 5681330 AND 5681430
for range-notcovered
table 1 : explain SELECT id, c FROM sbtest1 WHERE id BETWEEN 1714817 AND 1714917
	Index Scan using sbtest1_pkey on sbtest1  (cost=0.43..412.76 rows=104 width=125)
	  Index Cond: ((id >= 1714817) AND (id <= 1714917))

table 2 : explain SELECT id, c FROM sbtest2 WHERE id BETWEEN 1714817 AND 1714917
	Index Scan using sbtest2_pkey on sbtest2  (cost=0.43..432.07 rows=109 width=125)
	  Index Cond: ((id >= 1714817) AND (id <= 1714917))

table 3 : explain SELECT id, c FROM sbtest3 WHERE id BETWEEN 1714817 AND 1714917
	Index Scan using sbtest3_pkey on sbtest3  (cost=0.43..429.98 rows=108 width=125)
	  Index Cond: ((id >= 1714817) AND (id <= 1714917))

table 4 : explain SELECT id, c FROM sbtest4 WHERE id BETWEEN 1714817 AND 1714917
	Index Scan using sbtest4_pkey on sbtest4  (cost=0.43..374.64 rows=94 width=125)
	  Index Cond: ((id >= 1714817) AND (id <= 1714917))

table 5 : explain SELECT id, c FROM sbtest5 WHERE id BETWEEN 1714817 AND 1714917
	Index Scan using sbtest5_pkey on sbtest5  (cost=0.43..384.43 rows=97 width=125)
	  Index Cond: ((id >= 1714817) AND (id <= 1714917))

table 6 : explain SELECT id, c FROM sbtest6 WHERE id BETWEEN 1714817 AND 1714917
	Index Scan using sbtest6_pkey on sbtest6  (cost=0.43..428.61 rows=108 width=125)
	  Index Cond: ((id >= 1714817) AND (id <= 1714917))

table 7 : explain SELECT id, c FROM sbtest7 WHERE id BETWEEN 1714817 AND 1714917
	Index Scan using sbtest7_pkey on sbtest7  (cost=0.43..392.60 rows=99 width=125)
	  Index Cond: ((id >= 1714817) AND (id <= 1714917))

table 8 : explain SELECT id, c FROM sbtest8 WHERE id BETWEEN 1714817 AND 1714917
	Index Scan using sbtest8_pkey on sbtest8  (cost=0.43..420.57 rows=106 width=125)
	  Index Cond: ((id >= 1714817) AND (id <= 1714917))

explain: for range-notcovered :: explain SELECT id, c FROM sbtest%d WHERE id BETWEEN 4338713 AND 4338813
for range-notcovered
table 1 : explain SELECT id, c FROM sbtest1 WHERE id BETWEEN 8347464 AND 8347564
	Index Scan using sbtest1_pkey on sbtest1  (cost=0.43..420.60 rows=106 width=125)
	  Index Cond: ((id >= 8347464) AND (id <= 8347564))

table 2 : explain SELECT id, c FROM sbtest2 WHERE id BETWEEN 8347464 AND 8347564
	Index Scan using sbtest2_pkey on sbtest2  (cost=0.43..377.15 rows=95 width=125)
	  Index Cond: ((id >= 8347464) AND (id <= 8347564))

table 3 : explain SELECT id, c FROM sbtest3 WHERE id BETWEEN 8347464 AND 8347564
	Index Scan using sbtest3_pkey on sbtest3  (cost=0.43..426.04 rows=107 width=125)
	  Index Cond: ((id >= 8347464) AND (id <= 8347564))

table 4 : explain SELECT id, c FROM sbtest4 WHERE id BETWEEN 8347464 AND 8347564
	Index Scan using sbtest4_pkey on sbtest4  (cost=0.43..366.77 rows=92 width=125)
	  Index Cond: ((id >= 8347464) AND (id <= 8347564))

table 5 : explain SELECT id, c FROM sbtest5 WHERE id BETWEEN 8347464 AND 8347564
	Index Scan using sbtest5_pkey on sbtest5  (cost=0.43..419.67 rows=106 width=125)
	  Index Cond: ((id >= 8347464) AND (id <= 8347564))

table 6 : explain SELECT id, c FROM sbtest6 WHERE id BETWEEN 8347464 AND 8347564
	Index Scan using sbtest6_pkey on sbtest6  (cost=0.43..385.42 rows=97 width=125)
	  Index Cond: ((id >= 8347464) AND (id <= 8347564))

table 7 : explain SELECT id, c FROM sbtest7 WHERE id BETWEEN 8347464 AND 8347564
	Index Scan using sbtest7_pkey on sbtest7  (cost=0.43..373.01 rows=94 width=125)
	  Index Cond: ((id >= 8347464) AND (id <= 8347564))

table 8 : explain SELECT id, c FROM sbtest8 WHERE id BETWEEN 8347464 AND 8347564
	Index Scan using sbtest8_pkey on sbtest8  (cost=0.43..408.80 rows=103 width=125)
	  Index Cond: ((id >= 8347464) AND (id <= 8347564))

for range-notcovered
table 1 : explain SELECT id, c FROM sbtest1 WHERE id BETWEEN 3472027 AND 3472127
	Index Scan using sbtest1_pkey on sbtest1  (cost=0.43..412.76 rows=104 width=125)
	  Index Cond: ((id >= 3472027) AND (id <= 3472127))

table 2 : explain SELECT id, c FROM sbtest2 WHERE id BETWEEN 3472027 AND 3472127
	Index Scan using sbtest2_pkey on sbtest2  (cost=0.43..373.22 rows=94 width=125)
	  Index Cond: ((id >= 3472027) AND (id <= 3472127))

table 3 : explain SELECT id, c FROM sbtest3 WHERE id BETWEEN 3472027 AND 3472127
	Index Scan using sbtest3_pkey on sbtest3  (cost=0.43..422.10 rows=106 width=125)
	  Index Cond: ((id >= 3472027) AND (id <= 3472127))

table 4 : explain SELECT id, c FROM sbtest4 WHERE id BETWEEN 3472027 AND 3472127
	Index Scan using sbtest4_pkey on sbtest4  (cost=0.43..398.28 rows=100 width=125)
	  Index Cond: ((id >= 3472027) AND (id <= 3472127))

table 5 : explain SELECT id, c FROM sbtest5 WHERE id BETWEEN 3472027 AND 3472127
	Index Scan using sbtest5_pkey on sbtest5  (cost=0.43..392.26 rows=99 width=125)
	  Index Cond: ((id >= 3472027) AND (id <= 3472127))

table 6 : explain SELECT id, c FROM sbtest6 WHERE id BETWEEN 3472027 AND 3472127
	Index Scan using sbtest6_pkey on sbtest6  (cost=0.43..452.16 rows=114 width=125)
	  Index Cond: ((id >= 3472027) AND (id <= 3472127))

table 7 : explain SELECT id, c FROM sbtest7 WHERE id BETWEEN 3472027 AND 3472127
	Index Scan using sbtest7_pkey on sbtest7  (cost=0.43..392.60 rows=99 width=125)
	  Index Cond: ((id >= 3472027) AND (id <= 3472127))

table 8 : explain SELECT id, c FROM sbtest8 WHERE id BETWEEN 3472027 AND 3472127
	Index Scan using sbtest8_pkey on sbtest8  (cost=0.43..408.80 rows=103 width=125)
	  Index Cond: ((id >= 3472027) AND (id <= 3472127))

explain: for range-notcovered :: explain SELECT id, c FROM sbtest%d WHERE id BETWEEN 3472027 AND 3472127
for range-notcovered
table 1 : explain SELECT id, c FROM sbtest1 WHERE id BETWEEN 6633597 AND 6633697
	Index Scan using sbtest1_pkey on sbtest1  (cost=0.43..393.13 rows=99 width=125)
	  Index Cond: ((id >= 6633597) AND (id <= 6633697))

table 2 : explain SELECT id, c FROM sbtest2 WHERE id BETWEEN 6633597 AND 6633697
	Index Scan using sbtest2_pkey on sbtest2  (cost=0.43..388.93 rows=98 width=125)
	  Index Cond: ((id >= 6633597) AND (id <= 6633697))

table 3 : explain SELECT id, c FROM sbtest3 WHERE id BETWEEN 6633597 AND 6633697
	Index Scan using sbtest3_pkey on sbtest3  (cost=0.43..410.29 rows=103 width=125)
	  Index Cond: ((id >= 6633597) AND (id <= 6633697))

table 4 : explain SELECT id, c FROM sbtest4 WHERE id BETWEEN 6633597 AND 6633697
	Index Scan using sbtest4_pkey on sbtest4  (cost=0.43..358.89 rows=90 width=125)
	  Index Cond: ((id >= 6633597) AND (id <= 6633697))

table 5 : explain SELECT id, c FROM sbtest5 WHERE id BETWEEN 6633597 AND 6633697
	Index Scan using sbtest5_pkey on sbtest5  (cost=0.43..415.75 rows=105 width=125)
	  Index Cond: ((id >= 6633597) AND (id <= 6633697))

table 6 : explain SELECT id, c FROM sbtest6 WHERE id BETWEEN 6633597 AND 6633697
	Index Scan using sbtest6_pkey on sbtest6  (cost=0.43..373.64 rows=94 width=125)
	  Index Cond: ((id >= 6633597) AND (id <= 6633697))

table 7 : explain SELECT id, c FROM sbtest7 WHERE id BETWEEN 6633597 AND 6633697
	Index Scan using sbtest7_pkey on sbtest7  (cost=0.43..451.39 rows=114 width=125)
	  Index Cond: ((id >= 6633597) AND (id <= 6633697))

table 8 : explain SELECT id, c FROM sbtest8 WHERE id BETWEEN 6633597 AND 6633697
	Index Scan using sbtest8_pkey on sbtest8  (cost=0.43..424.50 rows=107 width=125)
	  Index Cond: ((id >= 6633597) AND (id <= 6633697))

for range-notcovered
table 1 : explain SELECT id, c FROM sbtest1 WHERE id BETWEEN 3742046 AND 3742146
	Index Scan using sbtest1_pkey on sbtest1  (cost=0.43..385.28 rows=97 width=125)
	  Index Cond: ((id >= 3742046) AND (id <= 3742146))

table 2 : explain SELECT id, c FROM sbtest2 WHERE id BETWEEN 3742046 AND 3742146
	Index Scan using sbtest2_pkey on sbtest2  (cost=0.43..404.62 rows=102 width=125)
	  Index Cond: ((id >= 3742046) AND (id <= 3742146))

table 3 : explain SELECT id, c FROM sbtest3 WHERE id BETWEEN 3742046 AND 3742146
	Index Scan using sbtest3_pkey on sbtest3  (cost=0.43..433.92 rows=109 width=125)
	  Index Cond: ((id >= 3742046) AND (id <= 3742146))

table 4 : explain SELECT id, c FROM sbtest4 WHERE id BETWEEN 3742046 AND 3742146
	Index Scan using sbtest4_pkey on sbtest4  (cost=0.43..394.35 rows=99 width=125)
	  Index Cond: ((id >= 3742046) AND (id <= 3742146))

table 5 : explain SELECT id, c FROM sbtest5 WHERE id BETWEEN 3742046 AND 3742146
	Index Scan using sbtest5_pkey on sbtest5  (cost=0.43..388.34 rows=98 width=125)
	  Index Cond: ((id >= 3742046) AND (id <= 3742146))

table 6 : explain SELECT id, c FROM sbtest6 WHERE id BETWEEN 3742046 AND 3742146
	Index Scan using sbtest6_pkey on sbtest6  (cost=0.43..401.13 rows=101 width=125)
	  Index Cond: ((id >= 3742046) AND (id <= 3742146))

table 7 : explain SELECT id, c FROM sbtest7 WHERE id BETWEEN 3742046 AND 3742146
	Index Scan using sbtest7_pkey on sbtest7  (cost=0.43..408.28 rows=103 width=125)
	  Index Cond: ((id >= 3742046) AND (id <= 3742146))

table 8 : explain SELECT id, c FROM sbtest8 WHERE id BETWEEN 3742046 AND 3742146
	Index Scan using sbtest8_pkey on sbtest8  (cost=0.43..432.35 rows=109 width=125)
	  Index Cond: ((id >= 3742046) AND (id <= 3742146))

explain: for range-notcovered :: explain SELECT id, c FROM sbtest%d WHERE id BETWEEN 8347464 AND 8347564
explain: for range-notcovered :: explain SELECT id, c FROM sbtest%d WHERE id BETWEEN 3742046 AND 3742146
explain: for range-notcovered :: explain SELECT id, c FROM sbtest%d WHERE id BETWEEN 6633597 AND 6633697
for range-notcovered
table 1 : explain SELECT id, c FROM sbtest1 WHERE id BETWEEN 5250934 AND 5251034
	Index Scan using sbtest1_pkey on sbtest1  (cost=0.43..393.13 rows=99 width=125)
	  Index Cond: ((id >= 5250934) AND (id <= 5251034))

table 2 : explain SELECT id, c FROM sbtest2 WHERE id BETWEEN 5250934 AND 5251034
	Index Scan using sbtest2_pkey on sbtest2  (cost=0.43..400.70 rows=101 width=125)
	  Index Cond: ((id >= 5250934) AND (id <= 5251034))

table 3 : explain SELECT id, c FROM sbtest3 WHERE id BETWEEN 5250934 AND 5251034
	Index Scan using sbtest3_pkey on sbtest3  (cost=0.43..398.47 rows=100 width=125)
	  Index Cond: ((id >= 5250934) AND (id <= 5251034))

table 4 : explain SELECT id, c FROM sbtest4 WHERE id BETWEEN 5250934 AND 5251034
	Index Scan using sbtest4_pkey on sbtest4  (cost=0.43..406.16 rows=102 width=125)
	  Index Cond: ((id >= 5250934) AND (id <= 5251034))

table 5 : explain SELECT id, c FROM sbtest5 WHERE id BETWEEN 5250934 AND 5251034
	Index Scan using sbtest5_pkey on sbtest5  (cost=0.43..427.50 rows=108 width=125)
	  Index Cond: ((id >= 5250934) AND (id <= 5251034))

table 6 : explain SELECT id, c FROM sbtest6 WHERE id BETWEEN 5250934 AND 5251034
	Index Scan using sbtest6_pkey on sbtest6  (cost=0.43..381.50 rows=96 width=125)
	  Index Cond: ((id >= 5250934) AND (id <= 5251034))

table 7 : explain SELECT id, c FROM sbtest7 WHERE id BETWEEN 5250934 AND 5251034
	Index Scan using sbtest7_pkey on sbtest7  (cost=0.43..392.60 rows=99 width=125)
	  Index Cond: ((id >= 5250934) AND (id <= 5251034))

table 8 : explain SELECT id, c FROM sbtest8 WHERE id BETWEEN 5250934 AND 5251034
	Index Scan using sbtest8_pkey on sbtest8  (cost=0.43..424.50 rows=107 width=125)
	  Index Cond: ((id >= 5250934) AND (id <= 5251034))

explain: for range-notcovered :: explain SELECT id, c FROM sbtest%d WHERE id BETWEEN 5250934 AND 5251034
explain: for range-notcovered :: explain SELECT id, c FROM sbtest%d WHERE id BETWEEN 3662835 AND 3662935
for range-notcovered
table 1 : explain SELECT id, c FROM sbtest1 WHERE id BETWEEN 5681330 AND 5681430
	Index Scan using sbtest1_pkey on sbtest1  (cost=0.43..397.06 rows=100 width=125)
	  Index Cond: ((id >= 5681330) AND (id <= 5681430))

table 2 : explain SELECT id, c FROM sbtest2 WHERE id BETWEEN 5681330 AND 5681430
	Index Scan using sbtest2_pkey on sbtest2  (cost=0.43..396.78 rows=100 width=125)
	  Index Cond: ((id >= 5681330) AND (id <= 5681430))

table 3 : explain SELECT id, c FROM sbtest3 WHERE id BETWEEN 5681330 AND 5681430
	Index Scan using sbtest3_pkey on sbtest3  (cost=0.43..402.41 rows=101 width=125)
	  Index Cond: ((id >= 5681330) AND (id <= 5681430))

table 4 : explain SELECT id, c FROM sbtest4 WHERE id BETWEEN 5681330 AND 5681430
	Index Scan using sbtest4_pkey on sbtest4  (cost=0.43..398.28 rows=100 width=125)
	  Index Cond: ((id >= 5681330) AND (id <= 5681430))

table 5 : explain SELECT id, c FROM sbtest5 WHERE id BETWEEN 5681330 AND 5681430
	Index Scan using sbtest5_pkey on sbtest5  (cost=0.43..364.85 rows=92 width=125)
	  Index Cond: ((id >= 5681330) AND (id <= 5681430))

table 6 : explain SELECT id, c FROM sbtest6 WHERE id BETWEEN 5681330 AND 5681430
	Index Scan using sbtest6_pkey on sbtest6  (cost=0.43..365.77 rows=92 width=125)
	  Index Cond: ((id >= 5681330) AND (id <= 5681430))

table 7 : explain SELECT id, c FROM sbtest7 WHERE id BETWEEN 5681330 AND 5681430
	Index Scan using sbtest7_pkey on sbtest7  (cost=0.43..404.36 rows=102 width=125)
	  Index Cond: ((id >= 5681330) AND (id <= 5681430))

table 8 : explain SELECT id, c FROM sbtest8 WHERE id BETWEEN 5681330 AND 5681430
	Index Scan using sbtest8_pkey on sbtest8  (cost=0.43..385.26 rows=97 width=125)
	  Index Cond: ((id >= 5681330) AND (id <= 5681430))

explain: for range-notcovered :: explain SELECT id, c FROM sbtest%d WHERE id BETWEEN 5681330 AND 5681430
explain: for range-notcovered :: explain SELECT id, c FROM sbtest%d WHERE id BETWEEN 6722609 AND 6722709
for range-notcovered
table 1 : explain SELECT id, c FROM sbtest1 WHERE id BETWEEN 3135206 AND 3135306
	Index Scan using sbtest1_pkey on sbtest1  (cost=0.43..428.45 rows=108 width=125)
	  Index Cond: ((id >= 3135206) AND (id <= 3135306))

table 2 : explain SELECT id, c FROM sbtest2 WHERE id BETWEEN 3135206 AND 3135306
	Index Scan using sbtest2_pkey on sbtest2  (cost=0.43..373.22 rows=94 width=125)
	  Index Cond: ((id >= 3135206) AND (id <= 3135306))

table 3 : explain SELECT id, c FROM sbtest3 WHERE id BETWEEN 3135206 AND 3135306
	Index Scan using sbtest3_pkey on sbtest3  (cost=0.43..445.74 rows=112 width=125)
	  Index Cond: ((id >= 3135206) AND (id <= 3135306))

table 4 : explain SELECT id, c FROM sbtest4 WHERE id BETWEEN 3135206 AND 3135306
	Index Scan using sbtest4_pkey on sbtest4  (cost=0.43..406.16 rows=102 width=125)
	  Index Cond: ((id >= 3135206) AND (id <= 3135306))

table 5 : explain SELECT id, c FROM sbtest5 WHERE id BETWEEN 3135206 AND 3135306
	Index Scan using sbtest5_pkey on sbtest5  (cost=0.43..415.75 rows=105 width=125)
	  Index Cond: ((id >= 3135206) AND (id <= 3135306))

table 6 : explain SELECT id, c FROM sbtest6 WHERE id BETWEEN 3135206 AND 3135306
	Index Scan using sbtest6_pkey on sbtest6  (cost=0.43..373.64 rows=94 width=125)
	  Index Cond: ((id >= 3135206) AND (id <= 3135306))

table 7 : explain SELECT id, c FROM sbtest7 WHERE id BETWEEN 3135206 AND 3135306
	Index Scan using sbtest7_pkey on sbtest7  (cost=0.43..423.96 rows=107 width=125)
	  Index Cond: ((id >= 3135206) AND (id <= 3135306))

table 8 : explain SELECT id, c FROM sbtest8 WHERE id BETWEEN 3135206 AND 3135306
	Index Scan using sbtest8_pkey on sbtest8  (cost=0.43..404.88 rows=102 width=125)
	  Index Cond: ((id >= 3135206) AND (id <= 3135306))

explain: for range-notcovered :: explain SELECT id, c FROM sbtest%d WHERE id BETWEEN 3383356 AND 3383456
for range-notcovered
table 1 : explain SELECT id, c FROM sbtest1 WHERE id BETWEEN 3472027 AND 3472127
	Index Scan using sbtest1_pkey on sbtest1  (cost=0.43..412.76 rows=104 width=125)
	  Index Cond: ((id >= 3472027) AND (id <= 3472127))

table 2 : explain SELECT id, c FROM sbtest2 WHERE id BETWEEN 3472027 AND 3472127
	Index Scan using sbtest2_pkey on sbtest2  (cost=0.43..373.22 rows=94 width=125)
	  Index Cond: ((id >= 3472027) AND (id <= 3472127))

table 3 : explain SELECT id, c FROM sbtest3 WHERE id BETWEEN 3472027 AND 3472127
	Index Scan using sbtest3_pkey on sbtest3  (cost=0.43..422.10 rows=106 width=125)
	  Index Cond: ((id >= 3472027) AND (id <= 3472127))

table 4 : explain SELECT id, c FROM sbtest4 WHERE id BETWEEN 3472027 AND 3472127
	Index Scan using sbtest4_pkey on sbtest4  (cost=0.43..398.28 rows=100 width=125)
	  Index Cond: ((id >= 3472027) AND (id <= 3472127))

table 5 : explain SELECT id, c FROM sbtest5 WHERE id BETWEEN 3472027 AND 3472127
	Index Scan using sbtest5_pkey on sbtest5  (cost=0.43..392.26 rows=99 width=125)
	  Index Cond: ((id >= 3472027) AND (id <= 3472127))

table 6 : explain SELECT id, c FROM sbtest6 WHERE id BETWEEN 3472027 AND 3472127
	Index Scan using sbtest6_pkey on sbtest6  (cost=0.43..452.16 rows=114 width=125)
	  Index Cond: ((id >= 3472027) AND (id <= 3472127))

table 7 : explain SELECT id, c FROM sbtest7 WHERE id BETWEEN 3472027 AND 3472127
	Index Scan using sbtest7_pkey on sbtest7  (cost=0.43..392.60 rows=99 width=125)
	  Index Cond: ((id >= 3472027) AND (id <= 3472127))

table 8 : explain SELECT id, c FROM sbtest8 WHERE id BETWEEN 3472027 AND 3472127
	Index Scan using sbtest8_pkey on sbtest8  (cost=0.43..408.80 rows=103 width=125)
	  Index Cond: ((id >= 3472027) AND (id <= 3472127))

for range-notcovered
table 1 : explain SELECT id, c FROM sbtest1 WHERE id BETWEEN 4338713 AND 4338813
	Index Scan using sbtest1_pkey on sbtest1  (cost=0.43..404.91 rows=102 width=125)
	  Index Cond: ((id >= 4338713) AND (id <= 4338813))

table 2 : explain SELECT id, c FROM sbtest2 WHERE id BETWEEN 4338713 AND 4338813
	Index Scan using sbtest2_pkey on sbtest2  (cost=0.43..400.70 rows=101 width=125)
	  Index Cond: ((id >= 4338713) AND (id <= 4338813))

table 3 : explain SELECT id, c FROM sbtest3 WHERE id BETWEEN 4338713 AND 4338813
	Index Scan using sbtest3_pkey on sbtest3  (cost=0.43..363.00 rows=91 width=125)
	  Index Cond: ((id >= 4338713) AND (id <= 4338813))

table 4 : explain SELECT id, c FROM sbtest4 WHERE id BETWEEN 4338713 AND 4338813
	Index Scan using sbtest4_pkey on sbtest4  (cost=0.43..386.47 rows=97 width=125)
	  Index Cond: ((id >= 4338713) AND (id <= 4338813))

table 5 : explain SELECT id, c FROM sbtest5 WHERE id BETWEEN 4338713 AND 4338813
	Index Scan using sbtest5_pkey on sbtest5  (cost=0.43..419.67 rows=106 width=125)
	  Index Cond: ((id >= 4338713) AND (id <= 4338813))

table 6 : explain SELECT id, c FROM sbtest6 WHERE id BETWEEN 4338713 AND 4338813
	Index Scan using sbtest6_pkey on sbtest6  (cost=0.43..385.42 rows=97 width=125)
	  Index Cond: ((id >= 4338713) AND (id <= 4338813))

table 7 : explain SELECT id, c FROM sbtest7 WHERE id BETWEEN 4338713 AND 4338813
	Index Scan using sbtest7_pkey on sbtest7  (cost=0.43..420.04 rows=106 width=125)
	  Index Cond: ((id >= 4338713) AND (id <= 4338813))

table 8 : explain SELECT id, c FROM sbtest8 WHERE id BETWEEN 4338713 AND 4338813
	Index Scan using sbtest8_pkey on sbtest8  (cost=0.43..381.33 rows=96 width=125)
	  Index Cond: ((id >= 4338713) AND (id <= 4338813))

explain: for range-notcovered :: explain SELECT id, c FROM sbtest%d WHERE id BETWEEN 3472027 AND 3472127
for range-notcovered
table 1 : explain SELECT id, c FROM sbtest1 WHERE id BETWEEN 3742046 AND 3742146
	Index Scan using sbtest1_pkey on sbtest1  (cost=0.43..385.28 rows=97 width=125)
	  Index Cond: ((id >= 3742046) AND (id <= 3742146))

table 2 : explain SELECT id, c FROM sbtest2 WHERE id BETWEEN 3742046 AND 3742146
	Index Scan using sbtest2_pkey on sbtest2  (cost=0.43..404.62 rows=102 width=125)
	  Index Cond: ((id >= 3742046) AND (id <= 3742146))

table 3 : explain SELECT id, c FROM sbtest3 WHERE id BETWEEN 3742046 AND 3742146
	Index Scan using sbtest3_pkey on sbtest3  (cost=0.43..433.92 rows=109 width=125)
	  Index Cond: ((id >= 3742046) AND (id <= 3742146))

table 4 : explain SELECT id, c FROM sbtest4 WHERE id BETWEEN 3742046 AND 3742146
	Index Scan using sbtest4_pkey on sbtest4  (cost=0.43..394.35 rows=99 width=125)
	  Index Cond: ((id >= 3742046) AND (id <= 3742146))

table 5 : explain SELECT id, c FROM sbtest5 WHERE id BETWEEN 3742046 AND 3742146
	Index Scan using sbtest5_pkey on sbtest5  (cost=0.43..388.34 rows=98 width=125)
	  Index Cond: ((id >= 3742046) AND (id <= 3742146))

table 6 : explain SELECT id, c FROM sbtest6 WHERE id BETWEEN 3742046 AND 3742146
	Index Scan using sbtest6_pkey on sbtest6  (cost=0.43..401.13 rows=101 width=125)
	  Index Cond: ((id >= 3742046) AND (id <= 3742146))

table 7 : explain SELECT id, c FROM sbtest7 WHERE id BETWEEN 3742046 AND 3742146
	Index Scan using sbtest7_pkey on sbtest7  (cost=0.43..408.28 rows=103 width=125)
	  Index Cond: ((id >= 3742046) AND (id <= 3742146))

table 8 : explain SELECT id, c FROM sbtest8 WHERE id BETWEEN 3742046 AND 3742146
	Index Scan using sbtest8_pkey on sbtest8  (cost=0.43..432.35 rows=109 width=125)
	  Index Cond: ((id >= 3742046) AND (id <= 3742146))

explain: for range-notcovered :: explain SELECT id, c FROM sbtest%d WHERE id BETWEEN 4338713 AND 4338813
for range-notcovered
table 1 : explain SELECT id, c FROM sbtest1 WHERE id BETWEEN 5250934 AND 5251034
	Index Scan using sbtest1_pkey on sbtest1  (cost=0.43..393.13 rows=99 width=125)
	  Index Cond: ((id >= 5250934) AND (id <= 5251034))

table 2 : explain SELECT id, c FROM sbtest2 WHERE id BETWEEN 5250934 AND 5251034
	Index Scan using sbtest2_pkey on sbtest2  (cost=0.43..400.70 rows=101 width=125)
	  Index Cond: ((id >= 5250934) AND (id <= 5251034))

table 3 : explain SELECT id, c FROM sbtest3 WHERE id BETWEEN 5250934 AND 5251034
	Index Scan using sbtest3_pkey on sbtest3  (cost=0.43..398.47 rows=100 width=125)
	  Index Cond: ((id >= 5250934) AND (id <= 5251034))

table 4 : explain SELECT id, c FROM sbtest4 WHERE id BETWEEN 5250934 AND 5251034
	Index Scan using sbtest4_pkey on sbtest4  (cost=0.43..406.16 rows=102 width=125)
	  Index Cond: ((id >= 5250934) AND (id <= 5251034))

table 5 : explain SELECT id, c FROM sbtest5 WHERE id BETWEEN 5250934 AND 5251034
	Index Scan using sbtest5_pkey on sbtest5  (cost=0.43..427.50 rows=108 width=125)
	  Index Cond: ((id >= 5250934) AND (id <= 5251034))

table 6 : explain SELECT id, c FROM sbtest6 WHERE id BETWEEN 5250934 AND 5251034
	Index Scan using sbtest6_pkey on sbtest6  (cost=0.43..381.50 rows=96 width=125)
	  Index Cond: ((id >= 5250934) AND (id <= 5251034))

table 7 : explain SELECT id, c FROM sbtest7 WHERE id BETWEEN 5250934 AND 5251034
	Index Scan using sbtest7_pkey on sbtest7  (cost=0.43..392.60 rows=99 width=125)
	  Index Cond: ((id >= 5250934) AND (id <= 5251034))

table 8 : explain SELECT id, c FROM sbtest8 WHERE id BETWEEN 5250934 AND 5251034
	Index Scan using sbtest8_pkey on sbtest8  (cost=0.43..424.50 rows=107 width=125)
	  Index Cond: ((id >= 5250934) AND (id <= 5251034))

explain: for range-notcovered :: explain SELECT id, c FROM sbtest%d WHERE id BETWEEN 3742046 AND 3742146
explain: for range-notcovered :: explain SELECT id, c FROM sbtest%d WHERE id BETWEEN 5250934 AND 5251034
for range-notcovered
table 1 : explain SELECT id, c FROM sbtest1 WHERE id BETWEEN 5681330 AND 5681430
	Index Scan using sbtest1_pkey on sbtest1  (cost=0.43..397.06 rows=100 width=125)
	  Index Cond: ((id >= 5681330) AND (id <= 5681430))

table 2 : explain SELECT id, c FROM sbtest2 WHERE id BETWEEN 5681330 AND 5681430
	Index Scan using sbtest2_pkey on sbtest2  (cost=0.43..396.78 rows=100 width=125)
	  Index Cond: ((id >= 5681330) AND (id <= 5681430))

table 3 : explain SELECT id, c FROM sbtest3 WHERE id BETWEEN 5681330 AND 5681430
	Index Scan using sbtest3_pkey on sbtest3  (cost=0.43..402.41 rows=101 width=125)
	  Index Cond: ((id >= 5681330) AND (id <= 5681430))

table 4 : explain SELECT id, c FROM sbtest4 WHERE id BETWEEN 5681330 AND 5681430
	Index Scan using sbtest4_pkey on sbtest4  (cost=0.43..398.28 rows=100 width=125)
	  Index Cond: ((id >= 5681330) AND (id <= 5681430))

table 5 : explain SELECT id, c FROM sbtest5 WHERE id BETWEEN 5681330 AND 5681430
	Index Scan using sbtest5_pkey on sbtest5  (cost=0.43..364.85 rows=92 width=125)
	  Index Cond: ((id >= 5681330) AND (id <= 5681430))

table 6 : explain SELECT id, c FROM sbtest6 WHERE id BETWEEN 5681330 AND 5681430
	Index Scan using sbtest6_pkey on sbtest6  (cost=0.43..365.77 rows=92 width=125)
	  Index Cond: ((id >= 5681330) AND (id <= 5681430))

table 7 : explain SELECT id, c FROM sbtest7 WHERE id BETWEEN 5681330 AND 5681430
	Index Scan using sbtest7_pkey on sbtest7  (cost=0.43..404.36 rows=102 width=125)
	  Index Cond: ((id >= 5681330) AND (id <= 5681430))

table 8 : explain SELECT id, c FROM sbtest8 WHERE id BETWEEN 5681330 AND 5681430
	Index Scan using sbtest8_pkey on sbtest8  (cost=0.43..385.26 rows=97 width=125)
	  Index Cond: ((id >= 5681330) AND (id <= 5681430))

explain: for range-notcovered :: explain SELECT id, c FROM sbtest%d WHERE id BETWEEN 5681330 AND 5681430
for range-notcovered
table 1 : explain SELECT id, c FROM sbtest1 WHERE id BETWEEN 6633597 AND 6633697
	Index Scan using sbtest1_pkey on sbtest1  (cost=0.43..393.13 rows=99 width=125)
	  Index Cond: ((id >= 6633597) AND (id <= 6633697))

table 2 : explain SELECT id, c FROM sbtest2 WHERE id BETWEEN 6633597 AND 6633697
	Index Scan using sbtest2_pkey on sbtest2  (cost=0.43..388.93 rows=98 width=125)
	  Index Cond: ((id >= 6633597) AND (id <= 6633697))

table 3 : explain SELECT id, c FROM sbtest3 WHERE id BETWEEN 6633597 AND 6633697
	Index Scan using sbtest3_pkey on sbtest3  (cost=0.43..410.29 rows=103 width=125)
	  Index Cond: ((id >= 6633597) AND (id <= 6633697))

table 4 : explain SELECT id, c FROM sbtest4 WHERE id BETWEEN 6633597 AND 6633697
	Index Scan using sbtest4_pkey on sbtest4  (cost=0.43..358.89 rows=90 width=125)
	  Index Cond: ((id >= 6633597) AND (id <= 6633697))

table 5 : explain SELECT id, c FROM sbtest5 WHERE id BETWEEN 6633597 AND 6633697
	Index Scan using sbtest5_pkey on sbtest5  (cost=0.43..415.75 rows=105 width=125)
	  Index Cond: ((id >= 6633597) AND (id <= 6633697))

table 6 : explain SELECT id, c FROM sbtest6 WHERE id BETWEEN 6633597 AND 6633697
	Index Scan using sbtest6_pkey on sbtest6  (cost=0.43..373.64 rows=94 width=125)
	  Index Cond: ((id >= 6633597) AND (id <= 6633697))

table 7 : explain SELECT id, c FROM sbtest7 WHERE id BETWEEN 6633597 AND 6633697
	Index Scan using sbtest7_pkey on sbtest7  (cost=0.43..451.39 rows=114 width=125)
	  Index Cond: ((id >= 6633597) AND (id <= 6633697))

table 8 : explain SELECT id, c FROM sbtest8 WHERE id BETWEEN 6633597 AND 6633697
	Index Scan using sbtest8_pkey on sbtest8  (cost=0.43..424.50 rows=107 width=125)
	  Index Cond: ((id >= 6633597) AND (id <= 6633697))

for range-notcovered
table 1 : explain SELECT id, c FROM sbtest1 WHERE id BETWEEN 3472027 AND 3472127
	Index Scan using sbtest1_pkey on sbtest1  (cost=0.43..412.76 rows=104 width=125)
	  Index Cond: ((id >= 3472027) AND (id <= 3472127))

table 2 : explain SELECT id, c FROM sbtest2 WHERE id BETWEEN 3472027 AND 3472127
	Index Scan using sbtest2_pkey on sbtest2  (cost=0.43..373.22 rows=94 width=125)
	  Index Cond: ((id >= 3472027) AND (id <= 3472127))

table 3 : explain SELECT id, c FROM sbtest3 WHERE id BETWEEN 3472027 AND 3472127
	Index Scan using sbtest3_pkey on sbtest3  (cost=0.43..422.10 rows=106 width=125)
	  Index Cond: ((id >= 3472027) AND (id <= 3472127))

table 4 : explain SELECT id, c FROM sbtest4 WHERE id BETWEEN 3472027 AND 3472127
	Index Scan using sbtest4_pkey on sbtest4  (cost=0.43..398.28 rows=100 width=125)
	  Index Cond: ((id >= 3472027) AND (id <= 3472127))

table 5 : explain SELECT id, c FROM sbtest5 WHERE id BETWEEN 3472027 AND 3472127
	Index Scan using sbtest5_pkey on sbtest5  (cost=0.43..392.26 rows=99 width=125)
	  Index Cond: ((id >= 3472027) AND (id <= 3472127))

table 6 : explain SELECT id, c FROM sbtest6 WHERE id BETWEEN 3472027 AND 3472127
	Index Scan using sbtest6_pkey on sbtest6  (cost=0.43..452.16 rows=114 width=125)
	  Index Cond: ((id >= 3472027) AND (id <= 3472127))

table 7 : explain SELECT id, c FROM sbtest7 WHERE id BETWEEN 3472027 AND 3472127
	Index Scan using sbtest7_pkey on sbtest7  (cost=0.43..392.60 rows=99 width=125)
	  Index Cond: ((id >= 3472027) AND (id <= 3472127))

table 8 : explain SELECT id, c FROM sbtest8 WHERE id BETWEEN 3472027 AND 3472127
	Index Scan using sbtest8_pkey on sbtest8  (cost=0.43..408.80 rows=103 width=125)
	  Index Cond: ((id >= 3472027) AND (id <= 3472127))

for range-notcovered
table 1 : explain SELECT id, c FROM sbtest1 WHERE id BETWEEN 8347464 AND 8347564
	Index Scan using sbtest1_pkey on sbtest1  (cost=0.43..420.60 rows=106 width=125)
	  Index Cond: ((id >= 8347464) AND (id <= 8347564))

table 2 : explain SELECT id, c FROM sbtest2 WHERE id BETWEEN 8347464 AND 8347564
	Index Scan using sbtest2_pkey on sbtest2  (cost=0.43..377.15 rows=95 width=125)
	  Index Cond: ((id >= 8347464) AND (id <= 8347564))

table 3 : explain SELECT id, c FROM sbtest3 WHERE id BETWEEN 8347464 AND 8347564
	Index Scan using sbtest3_pkey on sbtest3  (cost=0.43..426.04 rows=107 width=125)
	  Index Cond: ((id >= 8347464) AND (id <= 8347564))

table 4 : explain SELECT id, c FROM sbtest4 WHERE id BETWEEN 8347464 AND 8347564
	Index Scan using sbtest4_pkey on sbtest4  (cost=0.43..366.77 rows=92 width=125)
	  Index Cond: ((id >= 8347464) AND (id <= 8347564))

table 5 : explain SELECT id, c FROM sbtest5 WHERE id BETWEEN 8347464 AND 8347564
	Index Scan using sbtest5_pkey on sbtest5  (cost=0.43..419.67 rows=106 width=125)
	  Index Cond: ((id >= 8347464) AND (id <= 8347564))

table 6 : explain SELECT id, c FROM sbtest6 WHERE id BETWEEN 8347464 AND 8347564
	Index Scan using sbtest6_pkey on sbtest6  (cost=0.43..385.42 rows=97 width=125)
	  Index Cond: ((id >= 8347464) AND (id <= 8347564))

table 7 : explain SELECT id, c FROM sbtest7 WHERE id BETWEEN 8347464 AND 8347564
	Index Scan using sbtest7_pkey on sbtest7  (cost=0.43..373.01 rows=94 width=125)
	  Index Cond: ((id >= 8347464) AND (id <= 8347564))

table 8 : explain SELECT id, c FROM sbtest8 WHERE id BETWEEN 8347464 AND 8347564
	Index Scan using sbtest8_pkey on sbtest8  (cost=0.43..408.80 rows=103 width=125)
	  Index Cond: ((id >= 8347464) AND (id <= 8347564))

for range-notcovered
table 1 : explain SELECT id, c FROM sbtest1 WHERE id BETWEEN 4338713 AND 4338813
	Index Scan using sbtest1_pkey on sbtest1  (cost=0.43..404.91 rows=102 width=125)
	  Index Cond: ((id >= 4338713) AND (id <= 4338813))

table 2 : explain SELECT id, c FROM sbtest2 WHERE id BETWEEN 4338713 AND 4338813
	Index Scan using sbtest2_pkey on sbtest2  (cost=0.43..400.70 rows=101 width=125)
	  Index Cond: ((id >= 4338713) AND (id <= 4338813))

table 3 : explain SELECT id, c FROM sbtest3 WHERE id BETWEEN 4338713 AND 4338813
	Index Scan using sbtest3_pkey on sbtest3  (cost=0.43..363.00 rows=91 width=125)
	  Index Cond: ((id >= 4338713) AND (id <= 4338813))

table 4 : explain SELECT id, c FROM sbtest4 WHERE id BETWEEN 4338713 AND 4338813
	Index Scan using sbtest4_pkey on sbtest4  (cost=0.43..386.47 rows=97 width=125)
	  Index Cond: ((id >= 4338713) AND (id <= 4338813))

table 5 : explain SELECT id, c FROM sbtest5 WHERE id BETWEEN 4338713 AND 4338813
	Index Scan using sbtest5_pkey on sbtest5  (cost=0.43..419.67 rows=106 width=125)
	  Index Cond: ((id >= 4338713) AND (id <= 4338813))

table 6 : explain SELECT id, c FROM sbtest6 WHERE id BETWEEN 4338713 AND 4338813
	Index Scan using sbtest6_pkey on sbtest6  (cost=0.43..385.42 rows=97 width=125)
	  Index Cond: ((id >= 4338713) AND (id <= 4338813))

table 7 : explain SELECT id, c FROM sbtest7 WHERE id BETWEEN 4338713 AND 4338813
	Index Scan using sbtest7_pkey on sbtest7  (cost=0.43..420.04 rows=106 width=125)
	  Index Cond: ((id >= 4338713) AND (id <= 4338813))

table 8 : explain SELECT id, c FROM sbtest8 WHERE id BETWEEN 4338713 AND 4338813
	Index Scan using sbtest8_pkey on sbtest8  (cost=0.43..381.33 rows=96 width=125)
	  Index Cond: ((id >= 4338713) AND (id <= 4338813))

explain: for range-notcovered :: explain SELECT id, c FROM sbtest%d WHERE id BETWEEN 3472027 AND 3472127
explain: for range-notcovered :: explain SELECT id, c FROM sbtest%d WHERE id BETWEEN 6633597 AND 6633697
for range-notcovered
table 1 : explain SELECT id, c FROM sbtest1 WHERE id BETWEEN 3742046 AND 3742146
	Index Scan using sbtest1_pkey on sbtest1  (cost=0.43..385.28 rows=97 width=125)
	  Index Cond: ((id >= 3742046) AND (id <= 3742146))

table 2 : explain SELECT id, c FROM sbtest2 WHERE id BETWEEN 3742046 AND 3742146
	Index Scan using sbtest2_pkey on sbtest2  (cost=0.43..404.62 rows=102 width=125)
	  Index Cond: ((id >= 3742046) AND (id <= 3742146))

table 3 : explain SELECT id, c FROM sbtest3 WHERE id BETWEEN 3742046 AND 3742146
	Index Scan using sbtest3_pkey on sbtest3  (cost=0.43..433.92 rows=109 width=125)
	  Index Cond: ((id >= 3742046) AND (id <= 3742146))

table 4 : explain SELECT id, c FROM sbtest4 WHERE id BETWEEN 3742046 AND 3742146
	Index Scan using sbtest4_pkey on sbtest4  (cost=0.43..394.35 rows=99 width=125)
	  Index Cond: ((id >= 3742046) AND (id <= 3742146))

table 5 : explain SELECT id, c FROM sbtest5 WHERE id BETWEEN 3742046 AND 3742146
	Index Scan using sbtest5_pkey on sbtest5  (cost=0.43..388.34 rows=98 width=125)
	  Index Cond: ((id >= 3742046) AND (id <= 3742146))

table 6 : explain SELECT id, c FROM sbtest6 WHERE id BETWEEN 3742046 AND 3742146
	Index Scan using sbtest6_pkey on sbtest6  (cost=0.43..401.13 rows=101 width=125)
	  Index Cond: ((id >= 3742046) AND (id <= 3742146))

table 7 : explain SELECT id, c FROM sbtest7 WHERE id BETWEEN 3742046 AND 3742146
	Index Scan using sbtest7_pkey on sbtest7  (cost=0.43..408.28 rows=103 width=125)
	  Index Cond: ((id >= 3742046) AND (id <= 3742146))

table 8 : explain SELECT id, c FROM sbtest8 WHERE id BETWEEN 3742046 AND 3742146
	Index Scan using sbtest8_pkey on sbtest8  (cost=0.43..432.35 rows=109 width=125)
	  Index Cond: ((id >= 3742046) AND (id <= 3742146))

explain: for range-notcovered :: explain SELECT id, c FROM sbtest%d WHERE id BETWEEN 4100132 AND 4100232
explain: for range-notcovered :: explain SELECT id, c FROM sbtest%d WHERE id BETWEEN 4338713 AND 4338813
explain: for range-notcovered :: explain SELECT id, c FROM sbtest%d WHERE id BETWEEN 8347464 AND 8347564
for range-notcovered
table 1 : explain SELECT id, c FROM sbtest1 WHERE id BETWEEN 5250934 AND 5251034
	Index Scan using sbtest1_pkey on sbtest1  (cost=0.43..393.13 rows=99 width=125)
	  Index Cond: ((id >= 5250934) AND (id <= 5251034))

table 2 : explain SELECT id, c FROM sbtest2 WHERE id BETWEEN 5250934 AND 5251034
	Index Scan using sbtest2_pkey on sbtest2  (cost=0.43..400.70 rows=101 width=125)
	  Index Cond: ((id >= 5250934) AND (id <= 5251034))

table 3 : explain SELECT id, c FROM sbtest3 WHERE id BETWEEN 5250934 AND 5251034
	Index Scan using sbtest3_pkey on sbtest3  (cost=0.43..398.47 rows=100 width=125)
	  Index Cond: ((id >= 5250934) AND (id <= 5251034))

table 4 : explain SELECT id, c FROM sbtest4 WHERE id BETWEEN 5250934 AND 5251034
	Index Scan using sbtest4_pkey on sbtest4  (cost=0.43..406.16 rows=102 width=125)
	  Index Cond: ((id >= 5250934) AND (id <= 5251034))

table 5 : explain SELECT id, c FROM sbtest5 WHERE id BETWEEN 5250934 AND 5251034
	Index Scan using sbtest5_pkey on sbtest5  (cost=0.43..427.50 rows=108 width=125)
	  Index Cond: ((id >= 5250934) AND (id <= 5251034))

table 6 : explain SELECT id, c FROM sbtest6 WHERE id BETWEEN 5250934 AND 5251034
	Index Scan using sbtest6_pkey on sbtest6  (cost=0.43..381.50 rows=96 width=125)
	  Index Cond: ((id >= 5250934) AND (id <= 5251034))

table 7 : explain SELECT id, c FROM sbtest7 WHERE id BETWEEN 5250934 AND 5251034
	Index Scan using sbtest7_pkey on sbtest7  (cost=0.43..392.60 rows=99 width=125)
	  Index Cond: ((id >= 5250934) AND (id <= 5251034))

table 8 : explain SELECT id, c FROM sbtest8 WHERE id BETWEEN 5250934 AND 5251034
	Index Scan using sbtest8_pkey on sbtest8  (cost=0.43..424.50 rows=107 width=125)
	  Index Cond: ((id >= 5250934) AND (id <= 5251034))

explain: for range-notcovered :: explain SELECT id, c FROM sbtest%d WHERE id BETWEEN 3742046 AND 3742146
explain: for range-notcovered :: explain SELECT id, c FROM sbtest%d WHERE id BETWEEN 5250934 AND 5251034
for range-notcovered
table 1 : explain SELECT id, c FROM sbtest1 WHERE id BETWEEN 5681330 AND 5681430
	Index Scan using sbtest1_pkey on sbtest1  (cost=0.43..397.06 rows=100 width=125)
	  Index Cond: ((id >= 5681330) AND (id <= 5681430))

table 2 : explain SELECT id, c FROM sbtest2 WHERE id BETWEEN 5681330 AND 5681430
	Index Scan using sbtest2_pkey on sbtest2  (cost=0.43..396.78 rows=100 width=125)
	  Index Cond: ((id >= 5681330) AND (id <= 5681430))

table 3 : explain SELECT id, c FROM sbtest3 WHERE id BETWEEN 5681330 AND 5681430
	Index Scan using sbtest3_pkey on sbtest3  (cost=0.43..402.41 rows=101 width=125)
	  Index Cond: ((id >= 5681330) AND (id <= 5681430))

table 4 : explain SELECT id, c FROM sbtest4 WHERE id BETWEEN 5681330 AND 5681430
	Index Scan using sbtest4_pkey on sbtest4  (cost=0.43..398.28 rows=100 width=125)
	  Index Cond: ((id >= 5681330) AND (id <= 5681430))

table 5 : explain SELECT id, c FROM sbtest5 WHERE id BETWEEN 5681330 AND 5681430
	Index Scan using sbtest5_pkey on sbtest5  (cost=0.43..364.85 rows=92 width=125)
	  Index Cond: ((id >= 5681330) AND (id <= 5681430))

table 6 : explain SELECT id, c FROM sbtest6 WHERE id BETWEEN 5681330 AND 5681430
	Index Scan using sbtest6_pkey on sbtest6  (cost=0.43..365.77 rows=92 width=125)
	  Index Cond: ((id >= 5681330) AND (id <= 5681430))

table 7 : explain SELECT id, c FROM sbtest7 WHERE id BETWEEN 5681330 AND 5681430
	Index Scan using sbtest7_pkey on sbtest7  (cost=0.43..404.36 rows=102 width=125)
	  Index Cond: ((id >= 5681330) AND (id <= 5681430))

table 8 : explain SELECT id, c FROM sbtest8 WHERE id BETWEEN 5681330 AND 5681430
	Index Scan using sbtest8_pkey on sbtest8  (cost=0.43..385.26 rows=97 width=125)
	  Index Cond: ((id >= 5681330) AND (id <= 5681430))

explain: for range-notcovered :: explain SELECT id, c FROM sbtest%d WHERE id BETWEEN 5681330 AND 5681430
for range-notcovered
table 1 : explain SELECT id, c FROM sbtest1 WHERE id BETWEEN 3472027 AND 3472127
	Index Scan using sbtest1_pkey on sbtest1  (cost=0.43..412.76 rows=104 width=125)
	  Index Cond: ((id >= 3472027) AND (id <= 3472127))

table 2 : explain SELECT id, c FROM sbtest2 WHERE id BETWEEN 3472027 AND 3472127
	Index Scan using sbtest2_pkey on sbtest2  (cost=0.43..373.22 rows=94 width=125)
	  Index Cond: ((id >= 3472027) AND (id <= 3472127))

table 3 : explain SELECT id, c FROM sbtest3 WHERE id BETWEEN 3472027 AND 3472127
	Index Scan using sbtest3_pkey on sbtest3  (cost=0.43..422.10 rows=106 width=125)
	  Index Cond: ((id >= 3472027) AND (id <= 3472127))

table 4 : explain SELECT id, c FROM sbtest4 WHERE id BETWEEN 3472027 AND 3472127
	Index Scan using sbtest4_pkey on sbtest4  (cost=0.43..398.28 rows=100 width=125)
	  Index Cond: ((id >= 3472027) AND (id <= 3472127))

table 5 : explain SELECT id, c FROM sbtest5 WHERE id BETWEEN 3472027 AND 3472127
	Index Scan using sbtest5_pkey on sbtest5  (cost=0.43..392.26 rows=99 width=125)
	  Index Cond: ((id >= 3472027) AND (id <= 3472127))

table 6 : explain SELECT id, c FROM sbtest6 WHERE id BETWEEN 3472027 AND 3472127
	Index Scan using sbtest6_pkey on sbtest6  (cost=0.43..452.16 rows=114 width=125)
	  Index Cond: ((id >= 3472027) AND (id <= 3472127))

table 7 : explain SELECT id, c FROM sbtest7 WHERE id BETWEEN 3472027 AND 3472127
	Index Scan using sbtest7_pkey on sbtest7  (cost=0.43..392.60 rows=99 width=125)
	  Index Cond: ((id >= 3472027) AND (id <= 3472127))

table 8 : explain SELECT id, c FROM sbtest8 WHERE id BETWEEN 3472027 AND 3472127
	Index Scan using sbtest8_pkey on sbtest8  (cost=0.43..408.80 rows=103 width=125)
	  Index Cond: ((id >= 3472027) AND (id <= 3472127))

explain: for range-notcovered :: explain SELECT id, c FROM sbtest%d WHERE id BETWEEN 3472027 AND 3472127
for range-notcovered
table 1 : explain SELECT id, c FROM sbtest1 WHERE id BETWEEN 4338713 AND 4338813
	Index Scan using sbtest1_pkey on sbtest1  (cost=0.43..404.91 rows=102 width=125)
	  Index Cond: ((id >= 4338713) AND (id <= 4338813))

table 2 : explain SELECT id, c FROM sbtest2 WHERE id BETWEEN 4338713 AND 4338813
	Index Scan using sbtest2_pkey on sbtest2  (cost=0.43..400.70 rows=101 width=125)
	  Index Cond: ((id >= 4338713) AND (id <= 4338813))

table 3 : explain SELECT id, c FROM sbtest3 WHERE id BETWEEN 4338713 AND 4338813
	Index Scan using sbtest3_pkey on sbtest3  (cost=0.43..363.00 rows=91 width=125)
	  Index Cond: ((id >= 4338713) AND (id <= 4338813))

table 4 : explain SELECT id, c FROM sbtest4 WHERE id BETWEEN 4338713 AND 4338813
	Index Scan using sbtest4_pkey on sbtest4  (cost=0.43..386.47 rows=97 width=125)
	  Index Cond: ((id >= 4338713) AND (id <= 4338813))

table 5 : explain SELECT id, c FROM sbtest5 WHERE id BETWEEN 4338713 AND 4338813
	Index Scan using sbtest5_pkey on sbtest5  (cost=0.43..419.67 rows=106 width=125)
	  Index Cond: ((id >= 4338713) AND (id <= 4338813))

table 6 : explain SELECT id, c FROM sbtest6 WHERE id BETWEEN 4338713 AND 4338813
	Index Scan using sbtest6_pkey on sbtest6  (cost=0.43..385.42 rows=97 width=125)
	  Index Cond: ((id >= 4338713) AND (id <= 4338813))

table 7 : explain SELECT id, c FROM sbtest7 WHERE id BETWEEN 4338713 AND 4338813
	Index Scan using sbtest7_pkey on sbtest7  (cost=0.43..420.04 rows=106 width=125)
	  Index Cond: ((id >= 4338713) AND (id <= 4338813))

table 8 : explain SELECT id, c FROM sbtest8 WHERE id BETWEEN 4338713 AND 4338813
	Index Scan using sbtest8_pkey on sbtest8  (cost=0.43..381.33 rows=96 width=125)
	  Index Cond: ((id >= 4338713) AND (id <= 4338813))

for range-notcovered
table 1 : explain SELECT id, c FROM sbtest1 WHERE id BETWEEN 3742046 AND 3742146
	Index Scan using sbtest1_pkey on sbtest1  (cost=0.43..385.28 rows=97 width=125)
	  Index Cond: ((id >= 3742046) AND (id <= 3742146))

table 2 : explain SELECT id, c FROM sbtest2 WHERE id BETWEEN 3742046 AND 3742146
	Index Scan using sbtest2_pkey on sbtest2  (cost=0.43..404.62 rows=102 width=125)
	  Index Cond: ((id >= 3742046) AND (id <= 3742146))

table 3 : explain SELECT id, c FROM sbtest3 WHERE id BETWEEN 3742046 AND 3742146
	Index Scan using sbtest3_pkey on sbtest3  (cost=0.43..433.92 rows=109 width=125)
	  Index Cond: ((id >= 3742046) AND (id <= 3742146))

table 4 : explain SELECT id, c FROM sbtest4 WHERE id BETWEEN 3742046 AND 3742146
	Index Scan using sbtest4_pkey on sbtest4  (cost=0.43..394.35 rows=99 width=125)
	  Index Cond: ((id >= 3742046) AND (id <= 3742146))

table 5 : explain SELECT id, c FROM sbtest5 WHERE id BETWEEN 3742046 AND 3742146
	Index Scan using sbtest5_pkey on sbtest5  (cost=0.43..388.34 rows=98 width=125)
	  Index Cond: ((id >= 3742046) AND (id <= 3742146))

table 6 : explain SELECT id, c FROM sbtest6 WHERE id BETWEEN 3742046 AND 3742146
	Index Scan using sbtest6_pkey on sbtest6  (cost=0.43..401.13 rows=101 width=125)
	  Index Cond: ((id >= 3742046) AND (id <= 3742146))

table 7 : explain SELECT id, c FROM sbtest7 WHERE id BETWEEN 3742046 AND 3742146
	Index Scan using sbtest7_pkey on sbtest7  (cost=0.43..408.28 rows=103 width=125)
	  Index Cond: ((id >= 3742046) AND (id <= 3742146))

table 8 : explain SELECT id, c FROM sbtest8 WHERE id BETWEEN 3742046 AND 3742146
	Index Scan using sbtest8_pkey on sbtest8  (cost=0.43..432.35 rows=109 width=125)
	  Index Cond: ((id >= 3742046) AND (id <= 3742146))

explain: for range-notcovered :: explain SELECT id, c FROM sbtest%d WHERE id BETWEEN 3742046 AND 3742146
explain: for range-notcovered :: explain SELECT id, c FROM sbtest%d WHERE id BETWEEN 8718259 AND 8718359
for range-notcovered
table 1 : explain SELECT id, c FROM sbtest1 WHERE id BETWEEN 5250934 AND 5251034
	Index Scan using sbtest1_pkey on sbtest1  (cost=0.43..393.13 rows=99 width=125)
	  Index Cond: ((id >= 5250934) AND (id <= 5251034))

table 2 : explain SELECT id, c FROM sbtest2 WHERE id BETWEEN 5250934 AND 5251034
	Index Scan using sbtest2_pkey on sbtest2  (cost=0.43..400.70 rows=101 width=125)
	  Index Cond: ((id >= 5250934) AND (id <= 5251034))

table 3 : explain SELECT id, c FROM sbtest3 WHERE id BETWEEN 5250934 AND 5251034
	Index Scan using sbtest3_pkey on sbtest3  (cost=0.43..398.47 rows=100 width=125)
	  Index Cond: ((id >= 5250934) AND (id <= 5251034))

table 4 : explain SELECT id, c FROM sbtest4 WHERE id BETWEEN 5250934 AND 5251034
	Index Scan using sbtest4_pkey on sbtest4  (cost=0.43..406.16 rows=102 width=125)
	  Index Cond: ((id >= 5250934) AND (id <= 5251034))

table 5 : explain SELECT id, c FROM sbtest5 WHERE id BETWEEN 5250934 AND 5251034
	Index Scan using sbtest5_pkey on sbtest5  (cost=0.43..427.50 rows=108 width=125)
	  Index Cond: ((id >= 5250934) AND (id <= 5251034))

table 6 : explain SELECT id, c FROM sbtest6 WHERE id BETWEEN 5250934 AND 5251034
	Index Scan using sbtest6_pkey on sbtest6  (cost=0.43..381.50 rows=96 width=125)
	  Index Cond: ((id >= 5250934) AND (id <= 5251034))

table 7 : explain SELECT id, c FROM sbtest7 WHERE id BETWEEN 5250934 AND 5251034
	Index Scan using sbtest7_pkey on sbtest7  (cost=0.43..392.60 rows=99 width=125)
	  Index Cond: ((id >= 5250934) AND (id <= 5251034))

table 8 : explain SELECT id, c FROM sbtest8 WHERE id BETWEEN 5250934 AND 5251034
	Index Scan using sbtest8_pkey on sbtest8  (cost=0.43..424.50 rows=107 width=125)
	  Index Cond: ((id >= 5250934) AND (id <= 5251034))

explain: for range-notcovered :: explain SELECT id, c FROM sbtest%d WHERE id BETWEEN 8581503 AND 8581603
explain: for range-notcovered :: explain SELECT id, c FROM sbtest%d WHERE id BETWEEN 5250934 AND 5251034
for range-notcovered
table 1 : explain SELECT id, c FROM sbtest1 WHERE id BETWEEN 5681330 AND 5681430
	Index Scan using sbtest1_pkey on sbtest1  (cost=0.43..397.06 rows=100 width=125)
	  Index Cond: ((id >= 5681330) AND (id <= 5681430))

table 2 : explain SELECT id, c FROM sbtest2 WHERE id BETWEEN 5681330 AND 5681430
	Index Scan using sbtest2_pkey on sbtest2  (cost=0.43..396.78 rows=100 width=125)
	  Index Cond: ((id >= 5681330) AND (id <= 5681430))

table 3 : explain SELECT id, c FROM sbtest3 WHERE id BETWEEN 5681330 AND 5681430
	Index Scan using sbtest3_pkey on sbtest3  (cost=0.43..402.41 rows=101 width=125)
	  Index Cond: ((id >= 5681330) AND (id <= 5681430))

table 4 : explain SELECT id, c FROM sbtest4 WHERE id BETWEEN 5681330 AND 5681430
	Index Scan using sbtest4_pkey on sbtest4  (cost=0.43..398.28 rows=100 width=125)
	  Index Cond: ((id >= 5681330) AND (id <= 5681430))

table 5 : explain SELECT id, c FROM sbtest5 WHERE id BETWEEN 5681330 AND 5681430
	Index Scan using sbtest5_pkey on sbtest5  (cost=0.43..364.85 rows=92 width=125)
	  Index Cond: ((id >= 5681330) AND (id <= 5681430))

table 6 : explain SELECT id, c FROM sbtest6 WHERE id BETWEEN 5681330 AND 5681430
	Index Scan using sbtest6_pkey on sbtest6  (cost=0.43..365.77 rows=92 width=125)
	  Index Cond: ((id >= 5681330) AND (id <= 5681430))

table 7 : explain SELECT id, c FROM sbtest7 WHERE id BETWEEN 5681330 AND 5681430
	Index Scan using sbtest7_pkey on sbtest7  (cost=0.43..404.36 rows=102 width=125)
	  Index Cond: ((id >= 5681330) AND (id <= 5681430))

table 8 : explain SELECT id, c FROM sbtest8 WHERE id BETWEEN 5681330 AND 5681430
	Index Scan using sbtest8_pkey on sbtest8  (cost=0.43..385.26 rows=97 width=125)
	  Index Cond: ((id >= 5681330) AND (id <= 5681430))

explain: for range-notcovered :: explain SELECT id, c FROM sbtest%d WHERE id BETWEEN 5681330 AND 5681430
for range-notcovered
table 1 : explain SELECT id, c FROM sbtest1 WHERE id BETWEEN 8347464 AND 8347564
	Index Scan using sbtest1_pkey on sbtest1  (cost=0.43..420.60 rows=106 width=125)
	  Index Cond: ((id >= 8347464) AND (id <= 8347564))

table 2 : explain SELECT id, c FROM sbtest2 WHERE id BETWEEN 8347464 AND 8347564
	Index Scan using sbtest2_pkey on sbtest2  (cost=0.43..377.15 rows=95 width=125)
	  Index Cond: ((id >= 8347464) AND (id <= 8347564))

table 3 : explain SELECT id, c FROM sbtest3 WHERE id BETWEEN 8347464 AND 8347564
	Index Scan using sbtest3_pkey on sbtest3  (cost=0.43..426.04 rows=107 width=125)
	  Index Cond: ((id >= 8347464) AND (id <= 8347564))

table 4 : explain SELECT id, c FROM sbtest4 WHERE id BETWEEN 8347464 AND 8347564
	Index Scan using sbtest4_pkey on sbtest4  (cost=0.43..366.77 rows=92 width=125)
	  Index Cond: ((id >= 8347464) AND (id <= 8347564))

table 5 : explain SELECT id, c FROM sbtest5 WHERE id BETWEEN 8347464 AND 8347564
	Index Scan using sbtest5_pkey on sbtest5  (cost=0.43..419.67 rows=106 width=125)
	  Index Cond: ((id >= 8347464) AND (id <= 8347564))

table 6 : explain SELECT id, c FROM sbtest6 WHERE id BETWEEN 8347464 AND 8347564
	Index Scan using sbtest6_pkey on sbtest6  (cost=0.43..385.42 rows=97 width=125)
	  Index Cond: ((id >= 8347464) AND (id <= 8347564))

table 7 : explain SELECT id, c FROM sbtest7 WHERE id BETWEEN 8347464 AND 8347564
	Index Scan using sbtest7_pkey on sbtest7  (cost=0.43..373.01 rows=94 width=125)
	  Index Cond: ((id >= 8347464) AND (id <= 8347564))

table 8 : explain SELECT id, c FROM sbtest8 WHERE id BETWEEN 8347464 AND 8347564
	Index Scan using sbtest8_pkey on sbtest8  (cost=0.43..408.80 rows=103 width=125)
	  Index Cond: ((id >= 8347464) AND (id <= 8347564))

for range-notcovered
table 1 : explain SELECT id, c FROM sbtest1 WHERE id BETWEEN 3472027 AND 3472127
	Index Scan using sbtest1_pkey on sbtest1  (cost=0.43..412.76 rows=104 width=125)
	  Index Cond: ((id >= 3472027) AND (id <= 3472127))

table 2 : explain SELECT id, c FROM sbtest2 WHERE id BETWEEN 3472027 AND 3472127
	Index Scan using sbtest2_pkey on sbtest2  (cost=0.43..373.22 rows=94 width=125)
	  Index Cond: ((id >= 3472027) AND (id <= 3472127))

table 3 : explain SELECT id, c FROM sbtest3 WHERE id BETWEEN 3472027 AND 3472127
	Index Scan using sbtest3_pkey on sbtest3  (cost=0.43..422.10 rows=106 width=125)
	  Index Cond: ((id >= 3472027) AND (id <= 3472127))

table 4 : explain SELECT id, c FROM sbtest4 WHERE id BETWEEN 3472027 AND 3472127
	Index Scan using sbtest4_pkey on sbtest4  (cost=0.43..398.28 rows=100 width=125)
	  Index Cond: ((id >= 3472027) AND (id <= 3472127))

table 5 : explain SELECT id, c FROM sbtest5 WHERE id BETWEEN 3472027 AND 3472127
	Index Scan using sbtest5_pkey on sbtest5  (cost=0.43..392.26 rows=99 width=125)
	  Index Cond: ((id >= 3472027) AND (id <= 3472127))

table 6 : explain SELECT id, c FROM sbtest6 WHERE id BETWEEN 3472027 AND 3472127
	Index Scan using sbtest6_pkey on sbtest6  (cost=0.43..452.16 rows=114 width=125)
	  Index Cond: ((id >= 3472027) AND (id <= 3472127))

table 7 : explain SELECT id, c FROM sbtest7 WHERE id BETWEEN 3472027 AND 3472127
	Index Scan using sbtest7_pkey on sbtest7  (cost=0.43..392.60 rows=99 width=125)
	  Index Cond: ((id >= 3472027) AND (id <= 3472127))

table 8 : explain SELECT id, c FROM sbtest8 WHERE id BETWEEN 3472027 AND 3472127
	Index Scan using sbtest8_pkey on sbtest8  (cost=0.43..408.80 rows=103 width=125)
	  Index Cond: ((id >= 3472027) AND (id <= 3472127))

explain: for range-notcovered :: explain SELECT id, c FROM sbtest%d WHERE id BETWEEN 3472027 AND 3472127
for range-notcovered
table 1 : explain SELECT id, c FROM sbtest1 WHERE id BETWEEN 3742046 AND 3742146
	Index Scan using sbtest1_pkey on sbtest1  (cost=0.43..385.28 rows=97 width=125)
	  Index Cond: ((id >= 3742046) AND (id <= 3742146))

table 2 : explain SELECT id, c FROM sbtest2 WHERE id BETWEEN 3742046 AND 3742146
	Index Scan using sbtest2_pkey on sbtest2  (cost=0.43..404.62 rows=102 width=125)
	  Index Cond: ((id >= 3742046) AND (id <= 3742146))

table 3 : explain SELECT id, c FROM sbtest3 WHERE id BETWEEN 3742046 AND 3742146
	Index Scan using sbtest3_pkey on sbtest3  (cost=0.43..433.92 rows=109 width=125)
	  Index Cond: ((id >= 3742046) AND (id <= 3742146))

table 4 : explain SELECT id, c FROM sbtest4 WHERE id BETWEEN 3742046 AND 3742146
	Index Scan using sbtest4_pkey on sbtest4  (cost=0.43..394.35 rows=99 width=125)
	  Index Cond: ((id >= 3742046) AND (id <= 3742146))

table 5 : explain SELECT id, c FROM sbtest5 WHERE id BETWEEN 3742046 AND 3742146
	Index Scan using sbtest5_pkey on sbtest5  (cost=0.43..388.34 rows=98 width=125)
	  Index Cond: ((id >= 3742046) AND (id <= 3742146))

table 6 : explain SELECT id, c FROM sbtest6 WHERE id BETWEEN 3742046 AND 3742146
	Index Scan using sbtest6_pkey on sbtest6  (cost=0.43..401.13 rows=101 width=125)
	  Index Cond: ((id >= 3742046) AND (id <= 3742146))

table 7 : explain SELECT id, c FROM sbtest7 WHERE id BETWEEN 3742046 AND 3742146
	Index Scan using sbtest7_pkey on sbtest7  (cost=0.43..408.28 rows=103 width=125)
	  Index Cond: ((id >= 3742046) AND (id <= 3742146))

table 8 : explain SELECT id, c FROM sbtest8 WHERE id BETWEEN 3742046 AND 3742146
	Index Scan using sbtest8_pkey on sbtest8  (cost=0.43..432.35 rows=109 width=125)
	  Index Cond: ((id >= 3742046) AND (id <= 3742146))

for range-notcovered
table 1 : explain SELECT id, c FROM sbtest1 WHERE id BETWEEN 6633597 AND 6633697
	Index Scan using sbtest1_pkey on sbtest1  (cost=0.43..393.13 rows=99 width=125)
	  Index Cond: ((id >= 6633597) AND (id <= 6633697))

table 2 : explain SELECT id, c FROM sbtest2 WHERE id BETWEEN 6633597 AND 6633697
	Index Scan using sbtest2_pkey on sbtest2  (cost=0.43..388.93 rows=98 width=125)
	  Index Cond: ((id >= 6633597) AND (id <= 6633697))

table 3 : explain SELECT id, c FROM sbtest3 WHERE id BETWEEN 6633597 AND 6633697
	Index Scan using sbtest3_pkey on sbtest3  (cost=0.43..410.29 rows=103 width=125)
	  Index Cond: ((id >= 6633597) AND (id <= 6633697))

table 4 : explain SELECT id, c FROM sbtest4 WHERE id BETWEEN 6633597 AND 6633697
	Index Scan using sbtest4_pkey on sbtest4  (cost=0.43..358.89 rows=90 width=125)
	  Index Cond: ((id >= 6633597) AND (id <= 6633697))

table 5 : explain SELECT id, c FROM sbtest5 WHERE id BETWEEN 6633597 AND 6633697
	Index Scan using sbtest5_pkey on sbtest5  (cost=0.43..415.75 rows=105 width=125)
	  Index Cond: ((id >= 6633597) AND (id <= 6633697))

table 6 : explain SELECT id, c FROM sbtest6 WHERE id BETWEEN 6633597 AND 6633697
	Index Scan using sbtest6_pkey on sbtest6  (cost=0.43..373.64 rows=94 width=125)
	  Index Cond: ((id >= 6633597) AND (id <= 6633697))

table 7 : explain SELECT id, c FROM sbtest7 WHERE id BETWEEN 6633597 AND 6633697
	Index Scan using sbtest7_pkey on sbtest7  (cost=0.43..451.39 rows=114 width=125)
	  Index Cond: ((id >= 6633597) AND (id <= 6633697))

table 8 : explain SELECT id, c FROM sbtest8 WHERE id BETWEEN 6633597 AND 6633697
	Index Scan using sbtest8_pkey on sbtest8  (cost=0.43..424.50 rows=107 width=125)
	  Index Cond: ((id >= 6633597) AND (id <= 6633697))

for range-notcovered
table 1 : explain SELECT id, c FROM sbtest1 WHERE id BETWEEN 3662835 AND 3662935
	Index Scan using sbtest1_pkey on sbtest1  (cost=0.43..416.68 rows=105 width=125)
	  Index Cond: ((id >= 3662835) AND (id <= 3662935))

table 2 : explain SELECT id, c FROM sbtest2 WHERE id BETWEEN 3662835 AND 3662935
	Index Scan using sbtest2_pkey on sbtest2  (cost=0.43..428.15 rows=108 width=125)
	  Index Cond: ((id >= 3662835) AND (id <= 3662935))

table 3 : explain SELECT id, c FROM sbtest3 WHERE id BETWEEN 3662835 AND 3662935
	Index Scan using sbtest3_pkey on sbtest3  (cost=0.43..406.35 rows=102 width=125)
	  Index Cond: ((id >= 3662835) AND (id <= 3662935))

table 4 : explain SELECT id, c FROM sbtest4 WHERE id BETWEEN 3662835 AND 3662935
	Index Scan using sbtest4_pkey on sbtest4  (cost=0.43..417.97 rows=105 width=125)
	  Index Cond: ((id >= 3662835) AND (id <= 3662935))

table 5 : explain SELECT id, c FROM sbtest5 WHERE id BETWEEN 3662835 AND 3662935
	Index Scan using sbtest5_pkey on sbtest5  (cost=0.43..415.75 rows=105 width=125)
	  Index Cond: ((id >= 3662835) AND (id <= 3662935))

table 6 : explain SELECT id, c FROM sbtest6 WHERE id BETWEEN 3662835 AND 3662935
	Index Scan using sbtest6_pkey on sbtest6  (cost=0.43..401.13 rows=101 width=125)
	  Index Cond: ((id >= 3662835) AND (id <= 3662935))

table 7 : explain SELECT id, c FROM sbtest7 WHERE id BETWEEN 3662835 AND 3662935
	Index Scan using sbtest7_pkey on sbtest7  (cost=0.43..420.04 rows=106 width=125)
	  Index Cond: ((id >= 3662835) AND (id <= 3662935))

table 8 : explain SELECT id, c FROM sbtest8 WHERE id BETWEEN 3662835 AND 3662935
	Index Scan using sbtest8_pkey on sbtest8  (cost=0.43..404.88 rows=102 width=125)
	  Index Cond: ((id >= 3662835) AND (id <= 3662935))

explain: for range-notcovered :: explain SELECT id, c FROM sbtest%d WHERE id BETWEEN 3742046 AND 3742146
explain: for range-notcovered :: explain SELECT id, c FROM sbtest%d WHERE id BETWEEN 8347464 AND 8347564
for range-notcovered
table 1 : explain SELECT id, c FROM sbtest1 WHERE id BETWEEN 5250934 AND 5251034
	Index Scan using sbtest1_pkey on sbtest1  (cost=0.43..393.13 rows=99 width=125)
	  Index Cond: ((id >= 5250934) AND (id <= 5251034))

table 2 : explain SELECT id, c FROM sbtest2 WHERE id BETWEEN 5250934 AND 5251034
	Index Scan using sbtest2_pkey on sbtest2  (cost=0.43..400.70 rows=101 width=125)
	  Index Cond: ((id >= 5250934) AND (id <= 5251034))

table 3 : explain SELECT id, c FROM sbtest3 WHERE id BETWEEN 5250934 AND 5251034
	Index Scan using sbtest3_pkey on sbtest3  (cost=0.43..398.47 rows=100 width=125)
	  Index Cond: ((id >= 5250934) AND (id <= 5251034))

table 4 : explain SELECT id, c FROM sbtest4 WHERE id BETWEEN 5250934 AND 5251034
	Index Scan using sbtest4_pkey on sbtest4  (cost=0.43..406.16 rows=102 width=125)
	  Index Cond: ((id >= 5250934) AND (id <= 5251034))

table 5 : explain SELECT id, c FROM sbtest5 WHERE id BETWEEN 5250934 AND 5251034
	Index Scan using sbtest5_pkey on sbtest5  (cost=0.43..427.50 rows=108 width=125)
	  Index Cond: ((id >= 5250934) AND (id <= 5251034))

table 6 : explain SELECT id, c FROM sbtest6 WHERE id BETWEEN 5250934 AND 5251034
	Index Scan using sbtest6_pkey on sbtest6  (cost=0.43..381.50 rows=96 width=125)
	  Index Cond: ((id >= 5250934) AND (id <= 5251034))

table 7 : explain SELECT id, c FROM sbtest7 WHERE id BETWEEN 5250934 AND 5251034
	Index Scan using sbtest7_pkey on sbtest7  (cost=0.43..392.60 rows=99 width=125)
	  Index Cond: ((id >= 5250934) AND (id <= 5251034))

table 8 : explain SELECT id, c FROM sbtest8 WHERE id BETWEEN 5250934 AND 5251034
	Index Scan using sbtest8_pkey on sbtest8  (cost=0.43..424.50 rows=107 width=125)
	  Index Cond: ((id >= 5250934) AND (id <= 5251034))

explain: for range-notcovered :: explain SELECT id, c FROM sbtest%d WHERE id BETWEEN 6633597 AND 6633697
explain: for range-notcovered :: explain SELECT id, c FROM sbtest%d WHERE id BETWEEN 3662835 AND 3662935
explain: for range-notcovered :: explain SELECT id, c FROM sbtest%d WHERE id BETWEEN 5250934 AND 5251034
for range-notcovered
table 1 : explain SELECT id, c FROM sbtest1 WHERE id BETWEEN 5681330 AND 5681430
	Index Scan using sbtest1_pkey on sbtest1  (cost=0.43..397.06 rows=100 width=125)
	  Index Cond: ((id >= 5681330) AND (id <= 5681430))

table 2 : explain SELECT id, c FROM sbtest2 WHERE id BETWEEN 5681330 AND 5681430
	Index Scan using sbtest2_pkey on sbtest2  (cost=0.43..396.78 rows=100 width=125)
	  Index Cond: ((id >= 5681330) AND (id <= 5681430))

table 3 : explain SELECT id, c FROM sbtest3 WHERE id BETWEEN 5681330 AND 5681430
	Index Scan using sbtest3_pkey on sbtest3  (cost=0.43..402.41 rows=101 width=125)
	  Index Cond: ((id >= 5681330) AND (id <= 5681430))

table 4 : explain SELECT id, c FROM sbtest4 WHERE id BETWEEN 5681330 AND 5681430
	Index Scan using sbtest4_pkey on sbtest4  (cost=0.43..398.28 rows=100 width=125)
	  Index Cond: ((id >= 5681330) AND (id <= 5681430))

table 5 : explain SELECT id, c FROM sbtest5 WHERE id BETWEEN 5681330 AND 5681430
	Index Scan using sbtest5_pkey on sbtest5  (cost=0.43..364.85 rows=92 width=125)
	  Index Cond: ((id >= 5681330) AND (id <= 5681430))

table 6 : explain SELECT id, c FROM sbtest6 WHERE id BETWEEN 5681330 AND 5681430
	Index Scan using sbtest6_pkey on sbtest6  (cost=0.43..365.77 rows=92 width=125)
	  Index Cond: ((id >= 5681330) AND (id <= 5681430))

table 7 : explain SELECT id, c FROM sbtest7 WHERE id BETWEEN 5681330 AND 5681430
	Index Scan using sbtest7_pkey on sbtest7  (cost=0.43..404.36 rows=102 width=125)
	  Index Cond: ((id >= 5681330) AND (id <= 5681430))

table 8 : explain SELECT id, c FROM sbtest8 WHERE id BETWEEN 5681330 AND 5681430
	Index Scan using sbtest8_pkey on sbtest8  (cost=0.43..385.26 rows=97 width=125)
	  Index Cond: ((id >= 5681330) AND (id <= 5681430))

for range-notcovered
table 1 : explain SELECT id, c FROM sbtest1 WHERE id BETWEEN 6722609 AND 6722709
	Index Scan using sbtest1_pkey on sbtest1  (cost=0.43..385.28 rows=97 width=125)
	  Index Cond: ((id >= 6722609) AND (id <= 6722709))

table 2 : explain SELECT id, c FROM sbtest2 WHERE id BETWEEN 6722609 AND 6722709
	Index Scan using sbtest2_pkey on sbtest2  (cost=0.43..361.46 rows=91 width=125)
	  Index Cond: ((id >= 6722609) AND (id <= 6722709))

table 3 : explain SELECT id, c FROM sbtest3 WHERE id BETWEEN 6722609 AND 6722709
	Index Scan using sbtest3_pkey on sbtest3  (cost=0.43..445.74 rows=112 width=125)
	  Index Cond: ((id >= 6722609) AND (id <= 6722709))

table 4 : explain SELECT id, c FROM sbtest4 WHERE id BETWEEN 6722609 AND 6722709
	Index Scan using sbtest4_pkey on sbtest4  (cost=0.43..386.47 rows=97 width=125)
	  Index Cond: ((id >= 6722609) AND (id <= 6722709))

table 5 : explain SELECT id, c FROM sbtest5 WHERE id BETWEEN 6722609 AND 6722709
	Index Scan using sbtest5_pkey on sbtest5  (cost=0.43..396.18 rows=100 width=125)
	  Index Cond: ((id >= 6722609) AND (id <= 6722709))

table 6 : explain SELECT id, c FROM sbtest6 WHERE id BETWEEN 6722609 AND 6722709
	Index Scan using sbtest6_pkey on sbtest6  (cost=0.43..397.20 rows=100 width=125)
	  Index Cond: ((id >= 6722609) AND (id <= 6722709))

table 7 : explain SELECT id, c FROM sbtest7 WHERE id BETWEEN 6722609 AND 6722709
	Index Scan using sbtest7_pkey on sbtest7  (cost=0.43..388.68 rows=98 width=125)
	  Index Cond: ((id >= 6722609) AND (id <= 6722709))

table 8 : explain SELECT id, c FROM sbtest8 WHERE id BETWEEN 6722609 AND 6722709
	Index Scan using sbtest8_pkey on sbtest8  (cost=0.43..424.50 rows=107 width=125)
	  Index Cond: ((id >= 6722609) AND (id <= 6722709))

explain: for range-notcovered :: explain SELECT id, c FROM sbtest%d WHERE id BETWEEN 823095 AND 823195
explain: for range-notcovered :: explain SELECT id, c FROM sbtest%d WHERE id BETWEEN 6722609 AND 6722709
for range-notcovered
table 1 : explain SELECT id, c FROM sbtest1 WHERE id BETWEEN 3383356 AND 3383456
	Index Scan using sbtest1_pkey on sbtest1  (cost=0.43..412.76 rows=104 width=125)
	  Index Cond: ((id >= 3383356) AND (id <= 3383456))

table 2 : explain SELECT id, c FROM sbtest2 WHERE id BETWEEN 3383356 AND 3383456
	Index Scan using sbtest2_pkey on sbtest2  (cost=0.43..373.22 rows=94 width=125)
	  Index Cond: ((id >= 3383356) AND (id <= 3383456))

table 3 : explain SELECT id, c FROM sbtest3 WHERE id BETWEEN 3383356 AND 3383456
	Index Scan using sbtest3_pkey on sbtest3  (cost=0.43..422.10 rows=106 width=125)
	  Index Cond: ((id >= 3383356) AND (id <= 3383456))

table 4 : explain SELECT id, c FROM sbtest4 WHERE id BETWEEN 3383356 AND 3383456
	Index Scan using sbtest4_pkey on sbtest4  (cost=0.43..362.83 rows=91 width=125)
	  Index Cond: ((id >= 3383356) AND (id <= 3383456))

table 5 : explain SELECT id, c FROM sbtest5 WHERE id BETWEEN 3383356 AND 3383456
	Index Scan using sbtest5_pkey on sbtest5  (cost=0.43..396.18 rows=100 width=125)
	  Index Cond: ((id >= 3383356) AND (id <= 3383456))

table 6 : explain SELECT id, c FROM sbtest6 WHERE id BETWEEN 3383356 AND 3383456
	Index Scan using sbtest6_pkey on sbtest6  (cost=0.43..401.13 rows=101 width=125)
	  Index Cond: ((id >= 3383356) AND (id <= 3383456))

table 7 : explain SELECT id, c FROM sbtest7 WHERE id BETWEEN 3383356 AND 3383456
	Index Scan using sbtest7_pkey on sbtest7  (cost=0.43..416.12 rows=105 width=125)
	  Index Cond: ((id >= 3383356) AND (id <= 3383456))

table 8 : explain SELECT id, c FROM sbtest8 WHERE id BETWEEN 3383356 AND 3383456
	Index Scan using sbtest8_pkey on sbtest8  (cost=0.43..377.41 rows=95 width=125)
	  Index Cond: ((id >= 3383356) AND (id <= 3383456))

for range-notcovered
table 1 : explain SELECT id, c FROM sbtest1 WHERE id BETWEEN 3472027 AND 3472127
	Index Scan using sbtest1_pkey on sbtest1  (cost=0.43..412.76 rows=104 width=125)
	  Index Cond: ((id >= 3472027) AND (id <= 3472127))

table 2 : explain SELECT id, c FROM sbtest2 WHERE id BETWEEN 3472027 AND 3472127
	Index Scan using sbtest2_pkey on sbtest2  (cost=0.43..373.22 rows=94 width=125)
	  Index Cond: ((id >= 3472027) AND (id <= 3472127))

table 3 : explain SELECT id, c FROM sbtest3 WHERE id BETWEEN 3472027 AND 3472127
	Index Scan using sbtest3_pkey on sbtest3  (cost=0.43..422.10 rows=106 width=125)
	  Index Cond: ((id >= 3472027) AND (id <= 3472127))

table 4 : explain SELECT id, c FROM sbtest4 WHERE id BETWEEN 3472027 AND 3472127
	Index Scan using sbtest4_pkey on sbtest4  (cost=0.43..398.28 rows=100 width=125)
	  Index Cond: ((id >= 3472027) AND (id <= 3472127))

table 5 : explain SELECT id, c FROM sbtest5 WHERE id BETWEEN 3472027 AND 3472127
	Index Scan using sbtest5_pkey on sbtest5  (cost=0.43..392.26 rows=99 width=125)
	  Index Cond: ((id >= 3472027) AND (id <= 3472127))

table 6 : explain SELECT id, c FROM sbtest6 WHERE id BETWEEN 3472027 AND 3472127
	Index Scan using sbtest6_pkey on sbtest6  (cost=0.43..452.16 rows=114 width=125)
	  Index Cond: ((id >= 3472027) AND (id <= 3472127))

table 7 : explain SELECT id, c FROM sbtest7 WHERE id BETWEEN 3472027 AND 3472127
	Index Scan using sbtest7_pkey on sbtest7  (cost=0.43..392.60 rows=99 width=125)
	  Index Cond: ((id >= 3472027) AND (id <= 3472127))

table 8 : explain SELECT id, c FROM sbtest8 WHERE id BETWEEN 3472027 AND 3472127
	Index Scan using sbtest8_pkey on sbtest8  (cost=0.43..408.80 rows=103 width=125)
	  Index Cond: ((id >= 3472027) AND (id <= 3472127))

explain: for range-notcovered :: explain SELECT id, c FROM sbtest%d WHERE id BETWEEN 3383356 AND 3383456
explain: for range-notcovered :: explain SELECT id, c FROM sbtest%d WHERE id BETWEEN 3472027 AND 3472127
for range-notcovered
table 1 : explain SELECT id, c FROM sbtest1 WHERE id BETWEEN 3742046 AND 3742146
	Index Scan using sbtest1_pkey on sbtest1  (cost=0.43..385.28 rows=97 width=125)
	  Index Cond: ((id >= 3742046) AND (id <= 3742146))

table 2 : explain SELECT id, c FROM sbtest2 WHERE id BETWEEN 3742046 AND 3742146
	Index Scan using sbtest2_pkey on sbtest2  (cost=0.43..404.62 rows=102 width=125)
	  Index Cond: ((id >= 3742046) AND (id <= 3742146))

table 3 : explain SELECT id, c FROM sbtest3 WHERE id BETWEEN 3742046 AND 3742146
	Index Scan using sbtest3_pkey on sbtest3  (cost=0.43..433.92 rows=109 width=125)
	  Index Cond: ((id >= 3742046) AND (id <= 3742146))

table 4 : explain SELECT id, c FROM sbtest4 WHERE id BETWEEN 3742046 AND 3742146
	Index Scan using sbtest4_pkey on sbtest4  (cost=0.43..394.35 rows=99 width=125)
	  Index Cond: ((id >= 3742046) AND (id <= 3742146))

table 5 : explain SELECT id, c FROM sbtest5 WHERE id BETWEEN 3742046 AND 3742146
	Index Scan using sbtest5_pkey on sbtest5  (cost=0.43..388.34 rows=98 width=125)
	  Index Cond: ((id >= 3742046) AND (id <= 3742146))

table 6 : explain SELECT id, c FROM sbtest6 WHERE id BETWEEN 3742046 AND 3742146
	Index Scan using sbtest6_pkey on sbtest6  (cost=0.43..401.13 rows=101 width=125)
	  Index Cond: ((id >= 3742046) AND (id <= 3742146))

table 7 : explain SELECT id, c FROM sbtest7 WHERE id BETWEEN 3742046 AND 3742146
	Index Scan using sbtest7_pkey on sbtest7  (cost=0.43..408.28 rows=103 width=125)
	  Index Cond: ((id >= 3742046) AND (id <= 3742146))

table 8 : explain SELECT id, c FROM sbtest8 WHERE id BETWEEN 3742046 AND 3742146
	Index Scan using sbtest8_pkey on sbtest8  (cost=0.43..432.35 rows=109 width=125)
	  Index Cond: ((id >= 3742046) AND (id <= 3742146))

explain: for range-notcovered :: explain SELECT id, c FROM sbtest%d WHERE id BETWEEN 3742046 AND 3742146
explain: for range-notcovered :: explain SELECT id, c FROM sbtest%d WHERE id BETWEEN 2970879 AND 2970979
for range-notcovered
table 1 : explain SELECT id, c FROM sbtest1 WHERE id BETWEEN 5250934 AND 5251034
	Index Scan using sbtest1_pkey on sbtest1  (cost=0.43..393.13 rows=99 width=125)
	  Index Cond: ((id >= 5250934) AND (id <= 5251034))

table 2 : explain SELECT id, c FROM sbtest2 WHERE id BETWEEN 5250934 AND 5251034
	Index Scan using sbtest2_pkey on sbtest2  (cost=0.43..400.70 rows=101 width=125)
	  Index Cond: ((id >= 5250934) AND (id <= 5251034))

table 3 : explain SELECT id, c FROM sbtest3 WHERE id BETWEEN 5250934 AND 5251034
	Index Scan using sbtest3_pkey on sbtest3  (cost=0.43..398.47 rows=100 width=125)
	  Index Cond: ((id >= 5250934) AND (id <= 5251034))

table 4 : explain SELECT id, c FROM sbtest4 WHERE id BETWEEN 5250934 AND 5251034
	Index Scan using sbtest4_pkey on sbtest4  (cost=0.43..406.16 rows=102 width=125)
	  Index Cond: ((id >= 5250934) AND (id <= 5251034))

table 5 : explain SELECT id, c FROM sbtest5 WHERE id BETWEEN 5250934 AND 5251034
	Index Scan using sbtest5_pkey on sbtest5  (cost=0.43..427.50 rows=108 width=125)
	  Index Cond: ((id >= 5250934) AND (id <= 5251034))

table 6 : explain SELECT id, c FROM sbtest6 WHERE id BETWEEN 5250934 AND 5251034
	Index Scan using sbtest6_pkey on sbtest6  (cost=0.43..381.50 rows=96 width=125)
	  Index Cond: ((id >= 5250934) AND (id <= 5251034))

table 7 : explain SELECT id, c FROM sbtest7 WHERE id BETWEEN 5250934 AND 5251034
	Index Scan using sbtest7_pkey on sbtest7  (cost=0.43..392.60 rows=99 width=125)
	  Index Cond: ((id >= 5250934) AND (id <= 5251034))

table 8 : explain SELECT id, c FROM sbtest8 WHERE id BETWEEN 5250934 AND 5251034
	Index Scan using sbtest8_pkey on sbtest8  (cost=0.43..424.50 rows=107 width=125)
	  Index Cond: ((id >= 5250934) AND (id <= 5251034))

for range-notcovered
table 1 : explain SELECT id, c FROM sbtest1 WHERE id BETWEEN 3662835 AND 3662935
	Index Scan using sbtest1_pkey on sbtest1  (cost=0.43..416.68 rows=105 width=125)
	  Index Cond: ((id >= 3662835) AND (id <= 3662935))

table 2 : explain SELECT id, c FROM sbtest2 WHERE id BETWEEN 3662835 AND 3662935
	Index Scan using sbtest2_pkey on sbtest2  (cost=0.43..428.15 rows=108 width=125)
	  Index Cond: ((id >= 3662835) AND (id <= 3662935))

table 3 : explain SELECT id, c FROM sbtest3 WHERE id BETWEEN 3662835 AND 3662935
	Index Scan using sbtest3_pkey on sbtest3  (cost=0.43..406.35 rows=102 width=125)
	  Index Cond: ((id >= 3662835) AND (id <= 3662935))

table 4 : explain SELECT id, c FROM sbtest4 WHERE id BETWEEN 3662835 AND 3662935
	Index Scan using sbtest4_pkey on sbtest4  (cost=0.43..417.97 rows=105 width=125)
	  Index Cond: ((id >= 3662835) AND (id <= 3662935))

table 5 : explain SELECT id, c FROM sbtest5 WHERE id BETWEEN 3662835 AND 3662935
	Index Scan using sbtest5_pkey on sbtest5  (cost=0.43..415.75 rows=105 width=125)
	  Index Cond: ((id >= 3662835) AND (id <= 3662935))

table 6 : explain SELECT id, c FROM sbtest6 WHERE id BETWEEN 3662835 AND 3662935
	Index Scan using sbtest6_pkey on sbtest6  (cost=0.43..401.13 rows=101 width=125)
	  Index Cond: ((id >= 3662835) AND (id <= 3662935))

table 7 : explain SELECT id, c FROM sbtest7 WHERE id BETWEEN 3662835 AND 3662935
	Index Scan using sbtest7_pkey on sbtest7  (cost=0.43..420.04 rows=106 width=125)
	  Index Cond: ((id >= 3662835) AND (id <= 3662935))

table 8 : explain SELECT id, c FROM sbtest8 WHERE id BETWEEN 3662835 AND 3662935
	Index Scan using sbtest8_pkey on sbtest8  (cost=0.43..404.88 rows=102 width=125)
	  Index Cond: ((id >= 3662835) AND (id <= 3662935))

explain: for range-notcovered :: explain SELECT id, c FROM sbtest%d WHERE id BETWEEN 333892 AND 333992
explain: for range-notcovered :: explain SELECT id, c FROM sbtest%d WHERE id BETWEEN 3662835 AND 3662935
for range-notcovered
table 1 : explain SELECT id, c FROM sbtest1 WHERE id BETWEEN 6722609 AND 6722709
	Index Scan using sbtest1_pkey on sbtest1  (cost=0.43..385.28 rows=97 width=125)
	  Index Cond: ((id >= 6722609) AND (id <= 6722709))

table 2 : explain SELECT id, c FROM sbtest2 WHERE id BETWEEN 6722609 AND 6722709
	Index Scan using sbtest2_pkey on sbtest2  (cost=0.43..361.46 rows=91 width=125)
	  Index Cond: ((id >= 6722609) AND (id <= 6722709))

table 3 : explain SELECT id, c FROM sbtest3 WHERE id BETWEEN 6722609 AND 6722709
	Index Scan using sbtest3_pkey on sbtest3  (cost=0.43..445.74 rows=112 width=125)
	  Index Cond: ((id >= 6722609) AND (id <= 6722709))

table 4 : explain SELECT id, c FROM sbtest4 WHERE id BETWEEN 6722609 AND 6722709
	Index Scan using sbtest4_pkey on sbtest4  (cost=0.43..386.47 rows=97 width=125)
	  Index Cond: ((id >= 6722609) AND (id <= 6722709))

table 5 : explain SELECT id, c FROM sbtest5 WHERE id BETWEEN 6722609 AND 6722709
	Index Scan using sbtest5_pkey on sbtest5  (cost=0.43..396.18 rows=100 width=125)
	  Index Cond: ((id >= 6722609) AND (id <= 6722709))

table 6 : explain SELECT id, c FROM sbtest6 WHERE id BETWEEN 6722609 AND 6722709
	Index Scan using sbtest6_pkey on sbtest6  (cost=0.43..397.20 rows=100 width=125)
	  Index Cond: ((id >= 6722609) AND (id <= 6722709))

table 7 : explain SELECT id, c FROM sbtest7 WHERE id BETWEEN 6722609 AND 6722709
	Index Scan using sbtest7_pkey on sbtest7  (cost=0.43..388.68 rows=98 width=125)
	  Index Cond: ((id >= 6722609) AND (id <= 6722709))

table 8 : explain SELECT id, c FROM sbtest8 WHERE id BETWEEN 6722609 AND 6722709
	Index Scan using sbtest8_pkey on sbtest8  (cost=0.43..424.50 rows=107 width=125)
	  Index Cond: ((id >= 6722609) AND (id <= 6722709))

explain: for range-notcovered :: explain SELECT id, c FROM sbtest%d WHERE id BETWEEN 6722609 AND 6722709
for range-notcovered
table 1 : explain SELECT id, c FROM sbtest1 WHERE id BETWEEN 3472027 AND 3472127
	Index Scan using sbtest1_pkey on sbtest1  (cost=0.43..412.76 rows=104 width=125)
	  Index Cond: ((id >= 3472027) AND (id <= 3472127))

table 2 : explain SELECT id, c FROM sbtest2 WHERE id BETWEEN 3472027 AND 3472127
	Index Scan using sbtest2_pkey on sbtest2  (cost=0.43..373.22 rows=94 width=125)
	  Index Cond: ((id >= 3472027) AND (id <= 3472127))

table 3 : explain SELECT id, c FROM sbtest3 WHERE id BETWEEN 3472027 AND 3472127
	Index Scan using sbtest3_pkey on sbtest3  (cost=0.43..422.10 rows=106 width=125)
	  Index Cond: ((id >= 3472027) AND (id <= 3472127))

table 4 : explain SELECT id, c FROM sbtest4 WHERE id BETWEEN 3472027 AND 3472127
	Index Scan using sbtest4_pkey on sbtest4  (cost=0.43..398.28 rows=100 width=125)
	  Index Cond: ((id >= 3472027) AND (id <= 3472127))

table 5 : explain SELECT id, c FROM sbtest5 WHERE id BETWEEN 3472027 AND 3472127
	Index Scan using sbtest5_pkey on sbtest5  (cost=0.43..392.26 rows=99 width=125)
	  Index Cond: ((id >= 3472027) AND (id <= 3472127))

table 6 : explain SELECT id, c FROM sbtest6 WHERE id BETWEEN 3472027 AND 3472127
	Index Scan using sbtest6_pkey on sbtest6  (cost=0.43..452.16 rows=114 width=125)
	  Index Cond: ((id >= 3472027) AND (id <= 3472127))

table 7 : explain SELECT id, c FROM sbtest7 WHERE id BETWEEN 3472027 AND 3472127
	Index Scan using sbtest7_pkey on sbtest7  (cost=0.43..392.60 rows=99 width=125)
	  Index Cond: ((id >= 3472027) AND (id <= 3472127))

table 8 : explain SELECT id, c FROM sbtest8 WHERE id BETWEEN 3472027 AND 3472127
	Index Scan using sbtest8_pkey on sbtest8  (cost=0.43..408.80 rows=103 width=125)
	  Index Cond: ((id >= 3472027) AND (id <= 3472127))

for range-notcovered
table 1 : explain SELECT id, c FROM sbtest1 WHERE id BETWEEN 8347464 AND 8347564
	Index Scan using sbtest1_pkey on sbtest1  (cost=0.43..420.60 rows=106 width=125)
	  Index Cond: ((id >= 8347464) AND (id <= 8347564))

table 2 : explain SELECT id, c FROM sbtest2 WHERE id BETWEEN 8347464 AND 8347564
	Index Scan using sbtest2_pkey on sbtest2  (cost=0.43..377.15 rows=95 width=125)
	  Index Cond: ((id >= 8347464) AND (id <= 8347564))

table 3 : explain SELECT id, c FROM sbtest3 WHERE id BETWEEN 8347464 AND 8347564
	Index Scan using sbtest3_pkey on sbtest3  (cost=0.43..426.04 rows=107 width=125)
	  Index Cond: ((id >= 8347464) AND (id <= 8347564))

table 4 : explain SELECT id, c FROM sbtest4 WHERE id BETWEEN 8347464 AND 8347564
	Index Scan using sbtest4_pkey on sbtest4  (cost=0.43..366.77 rows=92 width=125)
	  Index Cond: ((id >= 8347464) AND (id <= 8347564))

table 5 : explain SELECT id, c FROM sbtest5 WHERE id BETWEEN 8347464 AND 8347564
	Index Scan using sbtest5_pkey on sbtest5  (cost=0.43..419.67 rows=106 width=125)
	  Index Cond: ((id >= 8347464) AND (id <= 8347564))

table 6 : explain SELECT id, c FROM sbtest6 WHERE id BETWEEN 8347464 AND 8347564
	Index Scan using sbtest6_pkey on sbtest6  (cost=0.43..385.42 rows=97 width=125)
	  Index Cond: ((id >= 8347464) AND (id <= 8347564))

table 7 : explain SELECT id, c FROM sbtest7 WHERE id BETWEEN 8347464 AND 8347564
	Index Scan using sbtest7_pkey on sbtest7  (cost=0.43..373.01 rows=94 width=125)
	  Index Cond: ((id >= 8347464) AND (id <= 8347564))

table 8 : explain SELECT id, c FROM sbtest8 WHERE id BETWEEN 8347464 AND 8347564
	Index Scan using sbtest8_pkey on sbtest8  (cost=0.43..408.80 rows=103 width=125)
	  Index Cond: ((id >= 8347464) AND (id <= 8347564))

explain: for range-notcovered :: explain SELECT id, c FROM sbtest%d WHERE id BETWEEN 3472027 AND 3472127
for range-notcovered
table 1 : explain SELECT id, c FROM sbtest1 WHERE id BETWEEN 3742046 AND 3742146
	Index Scan using sbtest1_pkey on sbtest1  (cost=0.43..385.28 rows=97 width=125)
	  Index Cond: ((id >= 3742046) AND (id <= 3742146))

table 2 : explain SELECT id, c FROM sbtest2 WHERE id BETWEEN 3742046 AND 3742146
	Index Scan using sbtest2_pkey on sbtest2  (cost=0.43..404.62 rows=102 width=125)
	  Index Cond: ((id >= 3742046) AND (id <= 3742146))

table 3 : explain SELECT id, c FROM sbtest3 WHERE id BETWEEN 3742046 AND 3742146
	Index Scan using sbtest3_pkey on sbtest3  (cost=0.43..433.92 rows=109 width=125)
	  Index Cond: ((id >= 3742046) AND (id <= 3742146))

table 4 : explain SELECT id, c FROM sbtest4 WHERE id BETWEEN 3742046 AND 3742146
	Index Scan using sbtest4_pkey on sbtest4  (cost=0.43..394.35 rows=99 width=125)
	  Index Cond: ((id >= 3742046) AND (id <= 3742146))

table 5 : explain SELECT id, c FROM sbtest5 WHERE id BETWEEN 3742046 AND 3742146
	Index Scan using sbtest5_pkey on sbtest5  (cost=0.43..388.34 rows=98 width=125)
	  Index Cond: ((id >= 3742046) AND (id <= 3742146))

table 6 : explain SELECT id, c FROM sbtest6 WHERE id BETWEEN 3742046 AND 3742146
	Index Scan using sbtest6_pkey on sbtest6  (cost=0.43..401.13 rows=101 width=125)
	  Index Cond: ((id >= 3742046) AND (id <= 3742146))

table 7 : explain SELECT id, c FROM sbtest7 WHERE id BETWEEN 3742046 AND 3742146
	Index Scan using sbtest7_pkey on sbtest7  (cost=0.43..408.28 rows=103 width=125)
	  Index Cond: ((id >= 3742046) AND (id <= 3742146))

table 8 : explain SELECT id, c FROM sbtest8 WHERE id BETWEEN 3742046 AND 3742146
	Index Scan using sbtest8_pkey on sbtest8  (cost=0.43..432.35 rows=109 width=125)
	  Index Cond: ((id >= 3742046) AND (id <= 3742146))

for range-notcovered
table 1 : explain SELECT id, c FROM sbtest1 WHERE id BETWEEN 3383356 AND 3383456
	Index Scan using sbtest1_pkey on sbtest1  (cost=0.43..412.76 rows=104 width=125)
	  Index Cond: ((id >= 3383356) AND (id <= 3383456))

table 2 : explain SELECT id, c FROM sbtest2 WHERE id BETWEEN 3383356 AND 3383456
	Index Scan using sbtest2_pkey on sbtest2  (cost=0.43..373.22 rows=94 width=125)
	  Index Cond: ((id >= 3383356) AND (id <= 3383456))

table 3 : explain SELECT id, c FROM sbtest3 WHERE id BETWEEN 3383356 AND 3383456
	Index Scan using sbtest3_pkey on sbtest3  (cost=0.43..422.10 rows=106 width=125)
	  Index Cond: ((id >= 3383356) AND (id <= 3383456))

table 4 : explain SELECT id, c FROM sbtest4 WHERE id BETWEEN 3383356 AND 3383456
	Index Scan using sbtest4_pkey on sbtest4  (cost=0.43..362.83 rows=91 width=125)
	  Index Cond: ((id >= 3383356) AND (id <= 3383456))

table 5 : explain SELECT id, c FROM sbtest5 WHERE id BETWEEN 3383356 AND 3383456
	Index Scan using sbtest5_pkey on sbtest5  (cost=0.43..396.18 rows=100 width=125)
	  Index Cond: ((id >= 3383356) AND (id <= 3383456))

table 6 : explain SELECT id, c FROM sbtest6 WHERE id BETWEEN 3383356 AND 3383456
	Index Scan using sbtest6_pkey on sbtest6  (cost=0.43..401.13 rows=101 width=125)
	  Index Cond: ((id >= 3383356) AND (id <= 3383456))

table 7 : explain SELECT id, c FROM sbtest7 WHERE id BETWEEN 3383356 AND 3383456
	Index Scan using sbtest7_pkey on sbtest7  (cost=0.43..416.12 rows=105 width=125)
	  Index Cond: ((id >= 3383356) AND (id <= 3383456))

table 8 : explain SELECT id, c FROM sbtest8 WHERE id BETWEEN 3383356 AND 3383456
	Index Scan using sbtest8_pkey on sbtest8  (cost=0.43..377.41 rows=95 width=125)
	  Index Cond: ((id >= 3383356) AND (id <= 3383456))

for range-notcovered
table 1 : explain SELECT id, c FROM sbtest1 WHERE id BETWEEN 4100132 AND 4100232
	Index Scan using sbtest1_pkey on sbtest1  (cost=0.43..416.68 rows=105 width=125)
	  Index Cond: ((id >= 4100132) AND (id <= 4100232))

table 2 : explain SELECT id, c FROM sbtest2 WHERE id BETWEEN 4100132 AND 4100232
	Index Scan using sbtest2_pkey on sbtest2  (cost=0.43..377.15 rows=95 width=125)
	  Index Cond: ((id >= 4100132) AND (id <= 4100232))

table 3 : explain SELECT id, c FROM sbtest3 WHERE id BETWEEN 4100132 AND 4100232
	Index Scan using sbtest3_pkey on sbtest3  (cost=0.43..410.29 rows=103 width=125)
	  Index Cond: ((id >= 4100132) AND (id <= 4100232))

table 4 : explain SELECT id, c FROM sbtest4 WHERE id BETWEEN 4100132 AND 4100232
	Index Scan using sbtest4_pkey on sbtest4  (cost=0.43..441.59 rows=111 width=125)
	  Index Cond: ((id >= 4100132) AND (id <= 4100232))

table 5 : explain SELECT id, c FROM sbtest5 WHERE id BETWEEN 4100132 AND 4100232
	Index Scan using sbtest5_pkey on sbtest5  (cost=0.43..427.50 rows=108 width=125)
	  Index Cond: ((id >= 4100132) AND (id <= 4100232))

table 6 : explain SELECT id, c FROM sbtest6 WHERE id BETWEEN 4100132 AND 4100232
	Index Scan using sbtest6_pkey on sbtest6  (cost=0.43..405.05 rows=102 width=125)
	  Index Cond: ((id >= 4100132) AND (id <= 4100232))

table 7 : explain SELECT id, c FROM sbtest7 WHERE id BETWEEN 4100132 AND 4100232
	Index Scan using sbtest7_pkey on sbtest7  (cost=0.43..384.77 rows=97 width=125)
	  Index Cond: ((id >= 4100132) AND (id <= 4100232))

table 8 : explain SELECT id, c FROM sbtest8 WHERE id BETWEEN 4100132 AND 4100232
	Index Scan using sbtest8_pkey on sbtest8  (cost=0.43..381.33 rows=96 width=125)
	  Index Cond: ((id >= 4100132) AND (id <= 4100232))

explain: for range-notcovered :: explain SELECT id, c FROM sbtest%d WHERE id BETWEEN 3383356 AND 3383456
explain: for range-notcovered :: explain SELECT id, c FROM sbtest%d WHERE id BETWEEN 8347464 AND 8347564
explain: for range-notcovered :: explain SELECT id, c FROM sbtest%d WHERE id BETWEEN 3742046 AND 3742146
for range-notcovered
table 1 : explain SELECT id, c FROM sbtest1 WHERE id BETWEEN 6633597 AND 6633697
	Index Scan using sbtest1_pkey on sbtest1  (cost=0.43..393.13 rows=99 width=125)
	  Index Cond: ((id >= 6633597) AND (id <= 6633697))

table 2 : explain SELECT id, c FROM sbtest2 WHERE id BETWEEN 6633597 AND 6633697
	Index Scan using sbtest2_pkey on sbtest2  (cost=0.43..388.93 rows=98 width=125)
	  Index Cond: ((id >= 6633597) AND (id <= 6633697))

table 3 : explain SELECT id, c FROM sbtest3 WHERE id BETWEEN 6633597 AND 6633697
	Index Scan using sbtest3_pkey on sbtest3  (cost=0.43..410.29 rows=103 width=125)
	  Index Cond: ((id >= 6633597) AND (id <= 6633697))

table 4 : explain SELECT id, c FROM sbtest4 WHERE id BETWEEN 6633597 AND 6633697
	Index Scan using sbtest4_pkey on sbtest4  (cost=0.43..358.89 rows=90 width=125)
	  Index Cond: ((id >= 6633597) AND (id <= 6633697))

table 5 : explain SELECT id, c FROM sbtest5 WHERE id BETWEEN 6633597 AND 6633697
	Index Scan using sbtest5_pkey on sbtest5  (cost=0.43..415.75 rows=105 width=125)
	  Index Cond: ((id >= 6633597) AND (id <= 6633697))

table 6 : explain SELECT id, c FROM sbtest6 WHERE id BETWEEN 6633597 AND 6633697
	Index Scan using sbtest6_pkey on sbtest6  (cost=0.43..373.64 rows=94 width=125)
	  Index Cond: ((id >= 6633597) AND (id <= 6633697))

table 7 : explain SELECT id, c FROM sbtest7 WHERE id BETWEEN 6633597 AND 6633697
	Index Scan using sbtest7_pkey on sbtest7  (cost=0.43..451.39 rows=114 width=125)
	  Index Cond: ((id >= 6633597) AND (id <= 6633697))

table 8 : explain SELECT id, c FROM sbtest8 WHERE id BETWEEN 6633597 AND 6633697
	Index Scan using sbtest8_pkey on sbtest8  (cost=0.43..424.50 rows=107 width=125)
	  Index Cond: ((id >= 6633597) AND (id <= 6633697))

for range-notcovered
table 1 : explain SELECT id, c FROM sbtest1 WHERE id BETWEEN 3662835 AND 3662935
	Index Scan using sbtest1_pkey on sbtest1  (cost=0.43..416.68 rows=105 width=125)
	  Index Cond: ((id >= 3662835) AND (id <= 3662935))

table 2 : explain SELECT id, c FROM sbtest2 WHERE id BETWEEN 3662835 AND 3662935
	Index Scan using sbtest2_pkey on sbtest2  (cost=0.43..428.15 rows=108 width=125)
	  Index Cond: ((id >= 3662835) AND (id <= 3662935))

table 3 : explain SELECT id, c FROM sbtest3 WHERE id BETWEEN 3662835 AND 3662935
	Index Scan using sbtest3_pkey on sbtest3  (cost=0.43..406.35 rows=102 width=125)
	  Index Cond: ((id >= 3662835) AND (id <= 3662935))

table 4 : explain SELECT id, c FROM sbtest4 WHERE id BETWEEN 3662835 AND 3662935
	Index Scan using sbtest4_pkey on sbtest4  (cost=0.43..417.97 rows=105 width=125)
	  Index Cond: ((id >= 3662835) AND (id <= 3662935))

table 5 : explain SELECT id, c FROM sbtest5 WHERE id BETWEEN 3662835 AND 3662935
	Index Scan using sbtest5_pkey on sbtest5  (cost=0.43..415.75 rows=105 width=125)
	  Index Cond: ((id >= 3662835) AND (id <= 3662935))

table 6 : explain SELECT id, c FROM sbtest6 WHERE id BETWEEN 3662835 AND 3662935
	Index Scan using sbtest6_pkey on sbtest6  (cost=0.43..401.13 rows=101 width=125)
	  Index Cond: ((id >= 3662835) AND (id <= 3662935))

table 7 : explain SELECT id, c FROM sbtest7 WHERE id BETWEEN 3662835 AND 3662935
	Index Scan using sbtest7_pkey on sbtest7  (cost=0.43..420.04 rows=106 width=125)
	  Index Cond: ((id >= 3662835) AND (id <= 3662935))

table 8 : explain SELECT id, c FROM sbtest8 WHERE id BETWEEN 3662835 AND 3662935
	Index Scan using sbtest8_pkey on sbtest8  (cost=0.43..404.88 rows=102 width=125)
	  Index Cond: ((id >= 3662835) AND (id <= 3662935))

explain: for range-notcovered :: explain SELECT id, c FROM sbtest%d WHERE id BETWEEN 6633597 AND 6633697
explain: for range-notcovered :: explain SELECT id, c FROM sbtest%d WHERE id BETWEEN 4100132 AND 4100232
explain: for range-notcovered :: explain SELECT id, c FROM sbtest%d WHERE id BETWEEN 3662835 AND 3662935
for range-notcovered
table 1 : explain SELECT id, c FROM sbtest1 WHERE id BETWEEN 6722609 AND 6722709
	Index Scan using sbtest1_pkey on sbtest1  (cost=0.43..385.28 rows=97 width=125)
	  Index Cond: ((id >= 6722609) AND (id <= 6722709))

table 2 : explain SELECT id, c FROM sbtest2 WHERE id BETWEEN 6722609 AND 6722709
	Index Scan using sbtest2_pkey on sbtest2  (cost=0.43..361.46 rows=91 width=125)
	  Index Cond: ((id >= 6722609) AND (id <= 6722709))

table 3 : explain SELECT id, c FROM sbtest3 WHERE id BETWEEN 6722609 AND 6722709
	Index Scan using sbtest3_pkey on sbtest3  (cost=0.43..445.74 rows=112 width=125)
	  Index Cond: ((id >= 6722609) AND (id <= 6722709))

table 4 : explain SELECT id, c FROM sbtest4 WHERE id BETWEEN 6722609 AND 6722709
	Index Scan using sbtest4_pkey on sbtest4  (cost=0.43..386.47 rows=97 width=125)
	  Index Cond: ((id >= 6722609) AND (id <= 6722709))

table 5 : explain SELECT id, c FROM sbtest5 WHERE id BETWEEN 6722609 AND 6722709
	Index Scan using sbtest5_pkey on sbtest5  (cost=0.43..396.18 rows=100 width=125)
	  Index Cond: ((id >= 6722609) AND (id <= 6722709))

table 6 : explain SELECT id, c FROM sbtest6 WHERE id BETWEEN 6722609 AND 6722709
	Index Scan using sbtest6_pkey on sbtest6  (cost=0.43..397.20 rows=100 width=125)
	  Index Cond: ((id >= 6722609) AND (id <= 6722709))

table 7 : explain SELECT id, c FROM sbtest7 WHERE id BETWEEN 6722609 AND 6722709
	Index Scan using sbtest7_pkey on sbtest7  (cost=0.43..388.68 rows=98 width=125)
	  Index Cond: ((id >= 6722609) AND (id <= 6722709))

table 8 : explain SELECT id, c FROM sbtest8 WHERE id BETWEEN 6722609 AND 6722709
	Index Scan using sbtest8_pkey on sbtest8  (cost=0.43..424.50 rows=107 width=125)
	  Index Cond: ((id >= 6722609) AND (id <= 6722709))

explain: for range-notcovered :: explain SELECT id, c FROM sbtest%d WHERE id BETWEEN 6722609 AND 6722709
for range-notcovered
table 1 : explain SELECT id, c FROM sbtest1 WHERE id BETWEEN 3472027 AND 3472127
	Index Scan using sbtest1_pkey on sbtest1  (cost=0.43..412.76 rows=104 width=125)
	  Index Cond: ((id >= 3472027) AND (id <= 3472127))

table 2 : explain SELECT id, c FROM sbtest2 WHERE id BETWEEN 3472027 AND 3472127
	Index Scan using sbtest2_pkey on sbtest2  (cost=0.43..373.22 rows=94 width=125)
	  Index Cond: ((id >= 3472027) AND (id <= 3472127))

table 3 : explain SELECT id, c FROM sbtest3 WHERE id BETWEEN 3472027 AND 3472127
	Index Scan using sbtest3_pkey on sbtest3  (cost=0.43..422.10 rows=106 width=125)
	  Index Cond: ((id >= 3472027) AND (id <= 3472127))

table 4 : explain SELECT id, c FROM sbtest4 WHERE id BETWEEN 3472027 AND 3472127
	Index Scan using sbtest4_pkey on sbtest4  (cost=0.43..398.28 rows=100 width=125)
	  Index Cond: ((id >= 3472027) AND (id <= 3472127))

table 5 : explain SELECT id, c FROM sbtest5 WHERE id BETWEEN 3472027 AND 3472127
	Index Scan using sbtest5_pkey on sbtest5  (cost=0.43..392.26 rows=99 width=125)
	  Index Cond: ((id >= 3472027) AND (id <= 3472127))

table 6 : explain SELECT id, c FROM sbtest6 WHERE id BETWEEN 3472027 AND 3472127
	Index Scan using sbtest6_pkey on sbtest6  (cost=0.43..452.16 rows=114 width=125)
	  Index Cond: ((id >= 3472027) AND (id <= 3472127))

table 7 : explain SELECT id, c FROM sbtest7 WHERE id BETWEEN 3472027 AND 3472127
	Index Scan using sbtest7_pkey on sbtest7  (cost=0.43..392.60 rows=99 width=125)
	  Index Cond: ((id >= 3472027) AND (id <= 3472127))

table 8 : explain SELECT id, c FROM sbtest8 WHERE id BETWEEN 3472027 AND 3472127
	Index Scan using sbtest8_pkey on sbtest8  (cost=0.43..408.80 rows=103 width=125)
	  Index Cond: ((id >= 3472027) AND (id <= 3472127))

for range-notcovered
table 1 : explain SELECT id, c FROM sbtest1 WHERE id BETWEEN 3383356 AND 3383456
	Index Scan using sbtest1_pkey on sbtest1  (cost=0.43..412.76 rows=104 width=125)
	  Index Cond: ((id >= 3383356) AND (id <= 3383456))

table 2 : explain SELECT id, c FROM sbtest2 WHERE id BETWEEN 3383356 AND 3383456
	Index Scan using sbtest2_pkey on sbtest2  (cost=0.43..373.22 rows=94 width=125)
	  Index Cond: ((id >= 3383356) AND (id <= 3383456))

table 3 : explain SELECT id, c FROM sbtest3 WHERE id BETWEEN 3383356 AND 3383456
	Index Scan using sbtest3_pkey on sbtest3  (cost=0.43..422.10 rows=106 width=125)
	  Index Cond: ((id >= 3383356) AND (id <= 3383456))

table 4 : explain SELECT id, c FROM sbtest4 WHERE id BETWEEN 3383356 AND 3383456
	Index Scan using sbtest4_pkey on sbtest4  (cost=0.43..362.83 rows=91 width=125)
	  Index Cond: ((id >= 3383356) AND (id <= 3383456))

table 5 : explain SELECT id, c FROM sbtest5 WHERE id BETWEEN 3383356 AND 3383456
	Index Scan using sbtest5_pkey on sbtest5  (cost=0.43..396.18 rows=100 width=125)
	  Index Cond: ((id >= 3383356) AND (id <= 3383456))

table 6 : explain SELECT id, c FROM sbtest6 WHERE id BETWEEN 3383356 AND 3383456
	Index Scan using sbtest6_pkey on sbtest6  (cost=0.43..401.13 rows=101 width=125)
	  Index Cond: ((id >= 3383356) AND (id <= 3383456))

table 7 : explain SELECT id, c FROM sbtest7 WHERE id BETWEEN 3383356 AND 3383456
	Index Scan using sbtest7_pkey on sbtest7  (cost=0.43..416.12 rows=105 width=125)
	  Index Cond: ((id >= 3383356) AND (id <= 3383456))

table 8 : explain SELECT id, c FROM sbtest8 WHERE id BETWEEN 3383356 AND 3383456
	Index Scan using sbtest8_pkey on sbtest8  (cost=0.43..377.41 rows=95 width=125)
	  Index Cond: ((id >= 3383356) AND (id <= 3383456))

for range-notcovered
table 1 : explain SELECT id, c FROM sbtest1 WHERE id BETWEEN 8581503 AND 8581603
	Index Scan using sbtest1_pkey on sbtest1  (cost=0.43..373.49 rows=94 width=125)
	  Index Cond: ((id >= 8581503) AND (id <= 8581603))

table 2 : explain SELECT id, c FROM sbtest2 WHERE id BETWEEN 8581503 AND 8581603
	Index Scan using sbtest2_pkey on sbtest2  (cost=0.43..432.07 rows=109 width=125)
	  Index Cond: ((id >= 8581503) AND (id <= 8581603))

table 3 : explain SELECT id, c FROM sbtest3 WHERE id BETWEEN 8581503 AND 8581603
	Index Scan using sbtest3_pkey on sbtest3  (cost=0.43..374.82 rows=94 width=125)
	  Index Cond: ((id >= 8581503) AND (id <= 8581603))

table 4 : explain SELECT id, c FROM sbtest4 WHERE id BETWEEN 8581503 AND 8581603
	Index Scan using sbtest4_pkey on sbtest4  (cost=0.43..406.16 rows=102 width=125)
	  Index Cond: ((id >= 8581503) AND (id <= 8581603))

table 5 : explain SELECT id, c FROM sbtest5 WHERE id BETWEEN 8581503 AND 8581603
	Index Scan using sbtest5_pkey on sbtest5  (cost=0.43..384.43 rows=97 width=125)
	  Index Cond: ((id >= 8581503) AND (id <= 8581603))

table 6 : explain SELECT id, c FROM sbtest6 WHERE id BETWEEN 8581503 AND 8581603
	Index Scan using sbtest6_pkey on sbtest6  (cost=0.43..416.83 rows=105 width=125)
	  Index Cond: ((id >= 8581503) AND (id <= 8581603))

table 7 : explain SELECT id, c FROM sbtest7 WHERE id BETWEEN 8581503 AND 8581603
	Index Scan using sbtest7_pkey on sbtest7  (cost=0.43..388.68 rows=98 width=125)
	  Index Cond: ((id >= 8581503) AND (id <= 8581603))

table 8 : explain SELECT id, c FROM sbtest8 WHERE id BETWEEN 8581503 AND 8581603
	Index Scan using sbtest8_pkey on sbtest8  (cost=0.43..404.88 rows=102 width=125)
	  Index Cond: ((id >= 8581503) AND (id <= 8581603))

explain: for range-notcovered :: explain SELECT id, c FROM sbtest%d WHERE id BETWEEN 3383356 AND 3383456
explain: for range-notcovered :: explain SELECT id, c FROM sbtest%d WHERE id BETWEEN 8581503 AND 8581603
for range-notcovered
table 1 : explain SELECT id, c FROM sbtest1 WHERE id BETWEEN 3662835 AND 3662935
	Index Scan using sbtest1_pkey on sbtest1  (cost=0.43..416.68 rows=105 width=125)
	  Index Cond: ((id >= 3662835) AND (id <= 3662935))

table 2 : explain SELECT id, c FROM sbtest2 WHERE id BETWEEN 3662835 AND 3662935
	Index Scan using sbtest2_pkey on sbtest2  (cost=0.43..428.15 rows=108 width=125)
	  Index Cond: ((id >= 3662835) AND (id <= 3662935))

table 3 : explain SELECT id, c FROM sbtest3 WHERE id BETWEEN 3662835 AND 3662935
	Index Scan using sbtest3_pkey on sbtest3  (cost=0.43..406.35 rows=102 width=125)
	  Index Cond: ((id >= 3662835) AND (id <= 3662935))

table 4 : explain SELECT id, c FROM sbtest4 WHERE id BETWEEN 3662835 AND 3662935
	Index Scan using sbtest4_pkey on sbtest4  (cost=0.43..417.97 rows=105 width=125)
	  Index Cond: ((id >= 3662835) AND (id <= 3662935))

table 5 : explain SELECT id, c FROM sbtest5 WHERE id BETWEEN 3662835 AND 3662935
	Index Scan using sbtest5_pkey on sbtest5  (cost=0.43..415.75 rows=105 width=125)
	  Index Cond: ((id >= 3662835) AND (id <= 3662935))

table 6 : explain SELECT id, c FROM sbtest6 WHERE id BETWEEN 3662835 AND 3662935
	Index Scan using sbtest6_pkey on sbtest6  (cost=0.43..401.13 rows=101 width=125)
	  Index Cond: ((id >= 3662835) AND (id <= 3662935))

table 7 : explain SELECT id, c FROM sbtest7 WHERE id BETWEEN 3662835 AND 3662935
	Index Scan using sbtest7_pkey on sbtest7  (cost=0.43..420.04 rows=106 width=125)
	  Index Cond: ((id >= 3662835) AND (id <= 3662935))

table 8 : explain SELECT id, c FROM sbtest8 WHERE id BETWEEN 3662835 AND 3662935
	Index Scan using sbtest8_pkey on sbtest8  (cost=0.43..404.88 rows=102 width=125)
	  Index Cond: ((id >= 3662835) AND (id <= 3662935))

for range-notcovered
table 1 : explain SELECT id, c FROM sbtest1 WHERE id BETWEEN 8718259 AND 8718359
	Index Scan using sbtest1_pkey on sbtest1  (cost=0.43..400.98 rows=101 width=125)
	  Index Cond: ((id >= 8718259) AND (id <= 8718359))

table 2 : explain SELECT id, c FROM sbtest2 WHERE id BETWEEN 8718259 AND 8718359
	Index Scan using sbtest2_pkey on sbtest2  (cost=0.43..381.09 rows=96 width=125)
	  Index Cond: ((id >= 8718259) AND (id <= 8718359))

table 3 : explain SELECT id, c FROM sbtest3 WHERE id BETWEEN 8718259 AND 8718359
	Index Scan using sbtest3_pkey on sbtest3  (cost=0.43..418.17 rows=105 width=125)
	  Index Cond: ((id >= 8718259) AND (id <= 8718359))

table 4 : explain SELECT id, c FROM sbtest4 WHERE id BETWEEN 8718259 AND 8718359
	Index Scan using sbtest4_pkey on sbtest4  (cost=0.43..406.16 rows=102 width=125)
	  Index Cond: ((id >= 8718259) AND (id <= 8718359))

table 5 : explain SELECT id, c FROM sbtest5 WHERE id BETWEEN 8718259 AND 8718359
	Index Scan using sbtest5_pkey on sbtest5  (cost=0.43..392.26 rows=99 width=125)
	  Index Cond: ((id >= 8718259) AND (id <= 8718359))

table 6 : explain SELECT id, c FROM sbtest6 WHERE id BETWEEN 8718259 AND 8718359
	Index Scan using sbtest6_pkey on sbtest6  (cost=0.43..405.05 rows=102 width=125)
	  Index Cond: ((id >= 8718259) AND (id <= 8718359))

table 7 : explain SELECT id, c FROM sbtest7 WHERE id BETWEEN 8718259 AND 8718359
	Index Scan using sbtest7_pkey on sbtest7  (cost=0.43..416.12 rows=105 width=125)
	  Index Cond: ((id >= 8718259) AND (id <= 8718359))

table 8 : explain SELECT id, c FROM sbtest8 WHERE id BETWEEN 8718259 AND 8718359
	Index Scan using sbtest8_pkey on sbtest8  (cost=0.43..369.56 rows=93 width=125)
	  Index Cond: ((id >= 8718259) AND (id <= 8718359))

explain: for range-notcovered :: explain SELECT id, c FROM sbtest%d WHERE id BETWEEN 3662835 AND 3662935
explain: for range-notcovered :: explain SELECT id, c FROM sbtest%d WHERE id BETWEEN 8718259 AND 8718359
for range-notcovered
table 1 : explain SELECT id, c FROM sbtest1 WHERE id BETWEEN 6722609 AND 6722709
	Index Scan using sbtest1_pkey on sbtest1  (cost=0.43..385.28 rows=97 width=125)
	  Index Cond: ((id >= 6722609) AND (id <= 6722709))

table 2 : explain SELECT id, c FROM sbtest2 WHERE id BETWEEN 6722609 AND 6722709
	Index Scan using sbtest2_pkey on sbtest2  (cost=0.43..361.46 rows=91 width=125)
	  Index Cond: ((id >= 6722609) AND (id <= 6722709))

table 3 : explain SELECT id, c FROM sbtest3 WHERE id BETWEEN 6722609 AND 6722709
	Index Scan using sbtest3_pkey on sbtest3  (cost=0.43..445.74 rows=112 width=125)
	  Index Cond: ((id >= 6722609) AND (id <= 6722709))

table 4 : explain SELECT id, c FROM sbtest4 WHERE id BETWEEN 6722609 AND 6722709
	Index Scan using sbtest4_pkey on sbtest4  (cost=0.43..386.47 rows=97 width=125)
	  Index Cond: ((id >= 6722609) AND (id <= 6722709))

table 5 : explain SELECT id, c FROM sbtest5 WHERE id BETWEEN 6722609 AND 6722709
	Index Scan using sbtest5_pkey on sbtest5  (cost=0.43..396.18 rows=100 width=125)
	  Index Cond: ((id >= 6722609) AND (id <= 6722709))

table 6 : explain SELECT id, c FROM sbtest6 WHERE id BETWEEN 6722609 AND 6722709
	Index Scan using sbtest6_pkey on sbtest6  (cost=0.43..397.20 rows=100 width=125)
	  Index Cond: ((id >= 6722609) AND (id <= 6722709))

table 7 : explain SELECT id, c FROM sbtest7 WHERE id BETWEEN 6722609 AND 6722709
	Index Scan using sbtest7_pkey on sbtest7  (cost=0.43..388.68 rows=98 width=125)
	  Index Cond: ((id >= 6722609) AND (id <= 6722709))

table 8 : explain SELECT id, c FROM sbtest8 WHERE id BETWEEN 6722609 AND 6722709
	Index Scan using sbtest8_pkey on sbtest8  (cost=0.43..424.50 rows=107 width=125)
	  Index Cond: ((id >= 6722609) AND (id <= 6722709))

explain: for range-notcovered :: explain SELECT id, c FROM sbtest%d WHERE id BETWEEN 6722609 AND 6722709
for range-notcovered
table 1 : explain SELECT id, c FROM sbtest1 WHERE id BETWEEN 8347464 AND 8347564
	Index Scan using sbtest1_pkey on sbtest1  (cost=0.43..420.60 rows=106 width=125)
	  Index Cond: ((id >= 8347464) AND (id <= 8347564))

table 2 : explain SELECT id, c FROM sbtest2 WHERE id BETWEEN 8347464 AND 8347564
	Index Scan using sbtest2_pkey on sbtest2  (cost=0.43..377.15 rows=95 width=125)
	  Index Cond: ((id >= 8347464) AND (id <= 8347564))

table 3 : explain SELECT id, c FROM sbtest3 WHERE id BETWEEN 8347464 AND 8347564
	Index Scan using sbtest3_pkey on sbtest3  (cost=0.43..426.04 rows=107 width=125)
	  Index Cond: ((id >= 8347464) AND (id <= 8347564))

table 4 : explain SELECT id, c FROM sbtest4 WHERE id BETWEEN 8347464 AND 8347564
	Index Scan using sbtest4_pkey on sbtest4  (cost=0.43..366.77 rows=92 width=125)
	  Index Cond: ((id >= 8347464) AND (id <= 8347564))

table 5 : explain SELECT id, c FROM sbtest5 WHERE id BETWEEN 8347464 AND 8347564
	Index Scan using sbtest5_pkey on sbtest5  (cost=0.43..419.67 rows=106 width=125)
	  Index Cond: ((id >= 8347464) AND (id <= 8347564))

table 6 : explain SELECT id, c FROM sbtest6 WHERE id BETWEEN 8347464 AND 8347564
	Index Scan using sbtest6_pkey on sbtest6  (cost=0.43..385.42 rows=97 width=125)
	  Index Cond: ((id >= 8347464) AND (id <= 8347564))

table 7 : explain SELECT id, c FROM sbtest7 WHERE id BETWEEN 8347464 AND 8347564
	Index Scan using sbtest7_pkey on sbtest7  (cost=0.43..373.01 rows=94 width=125)
	  Index Cond: ((id >= 8347464) AND (id <= 8347564))

table 8 : explain SELECT id, c FROM sbtest8 WHERE id BETWEEN 8347464 AND 8347564
	Index Scan using sbtest8_pkey on sbtest8  (cost=0.43..408.80 rows=103 width=125)
	  Index Cond: ((id >= 8347464) AND (id <= 8347564))

for range-notcovered
table 1 : explain SELECT id, c FROM sbtest1 WHERE id BETWEEN 3383356 AND 3383456
	Index Scan using sbtest1_pkey on sbtest1  (cost=0.43..412.76 rows=104 width=125)
	  Index Cond: ((id >= 3383356) AND (id <= 3383456))

table 2 : explain SELECT id, c FROM sbtest2 WHERE id BETWEEN 3383356 AND 3383456
	Index Scan using sbtest2_pkey on sbtest2  (cost=0.43..373.22 rows=94 width=125)
	  Index Cond: ((id >= 3383356) AND (id <= 3383456))

table 3 : explain SELECT id, c FROM sbtest3 WHERE id BETWEEN 3383356 AND 3383456
	Index Scan using sbtest3_pkey on sbtest3  (cost=0.43..422.10 rows=106 width=125)
	  Index Cond: ((id >= 3383356) AND (id <= 3383456))

table 4 : explain SELECT id, c FROM sbtest4 WHERE id BETWEEN 3383356 AND 3383456
	Index Scan using sbtest4_pkey on sbtest4  (cost=0.43..362.83 rows=91 width=125)
	  Index Cond: ((id >= 3383356) AND (id <= 3383456))

table 5 : explain SELECT id, c FROM sbtest5 WHERE id BETWEEN 3383356 AND 3383456
	Index Scan using sbtest5_pkey on sbtest5  (cost=0.43..396.18 rows=100 width=125)
	  Index Cond: ((id >= 3383356) AND (id <= 3383456))

table 6 : explain SELECT id, c FROM sbtest6 WHERE id BETWEEN 3383356 AND 3383456
	Index Scan using sbtest6_pkey on sbtest6  (cost=0.43..401.13 rows=101 width=125)
	  Index Cond: ((id >= 3383356) AND (id <= 3383456))

table 7 : explain SELECT id, c FROM sbtest7 WHERE id BETWEEN 3383356 AND 3383456
	Index Scan using sbtest7_pkey on sbtest7  (cost=0.43..416.12 rows=105 width=125)
	  Index Cond: ((id >= 3383356) AND (id <= 3383456))

table 8 : explain SELECT id, c FROM sbtest8 WHERE id BETWEEN 3383356 AND 3383456
	Index Scan using sbtest8_pkey on sbtest8  (cost=0.43..377.41 rows=95 width=125)
	  Index Cond: ((id >= 3383356) AND (id <= 3383456))

for range-notcovered
table 1 : explain SELECT id, c FROM sbtest1 WHERE id BETWEEN 6633597 AND 6633697
	Index Scan using sbtest1_pkey on sbtest1  (cost=0.43..393.13 rows=99 width=125)
	  Index Cond: ((id >= 6633597) AND (id <= 6633697))

table 2 : explain SELECT id, c FROM sbtest2 WHERE id BETWEEN 6633597 AND 6633697
	Index Scan using sbtest2_pkey on sbtest2  (cost=0.43..388.93 rows=98 width=125)
	  Index Cond: ((id >= 6633597) AND (id <= 6633697))

table 3 : explain SELECT id, c FROM sbtest3 WHERE id BETWEEN 6633597 AND 6633697
	Index Scan using sbtest3_pkey on sbtest3  (cost=0.43..410.29 rows=103 width=125)
	  Index Cond: ((id >= 6633597) AND (id <= 6633697))

table 4 : explain SELECT id, c FROM sbtest4 WHERE id BETWEEN 6633597 AND 6633697
	Index Scan using sbtest4_pkey on sbtest4  (cost=0.43..358.89 rows=90 width=125)
	  Index Cond: ((id >= 6633597) AND (id <= 6633697))

table 5 : explain SELECT id, c FROM sbtest5 WHERE id BETWEEN 6633597 AND 6633697
	Index Scan using sbtest5_pkey on sbtest5  (cost=0.43..415.75 rows=105 width=125)
	  Index Cond: ((id >= 6633597) AND (id <= 6633697))

table 6 : explain SELECT id, c FROM sbtest6 WHERE id BETWEEN 6633597 AND 6633697
	Index Scan using sbtest6_pkey on sbtest6  (cost=0.43..373.64 rows=94 width=125)
	  Index Cond: ((id >= 6633597) AND (id <= 6633697))

table 7 : explain SELECT id, c FROM sbtest7 WHERE id BETWEEN 6633597 AND 6633697
	Index Scan using sbtest7_pkey on sbtest7  (cost=0.43..451.39 rows=114 width=125)
	  Index Cond: ((id >= 6633597) AND (id <= 6633697))

table 8 : explain SELECT id, c FROM sbtest8 WHERE id BETWEEN 6633597 AND 6633697
	Index Scan using sbtest8_pkey on sbtest8  (cost=0.43..424.50 rows=107 width=125)
	  Index Cond: ((id >= 6633597) AND (id <= 6633697))

explain: for range-notcovered :: explain SELECT id, c FROM sbtest%d WHERE id BETWEEN 3383356 AND 3383456
explain: for range-notcovered :: explain SELECT id, c FROM sbtest%d WHERE id BETWEEN 8347464 AND 8347564
for range-notcovered
table 1 : explain SELECT id, c FROM sbtest1 WHERE id BETWEEN 8581503 AND 8581603
	Index Scan using sbtest1_pkey on sbtest1  (cost=0.43..373.49 rows=94 width=125)
	  Index Cond: ((id >= 8581503) AND (id <= 8581603))

table 2 : explain SELECT id, c FROM sbtest2 WHERE id BETWEEN 8581503 AND 8581603
	Index Scan using sbtest2_pkey on sbtest2  (cost=0.43..432.07 rows=109 width=125)
	  Index Cond: ((id >= 8581503) AND (id <= 8581603))

table 3 : explain SELECT id, c FROM sbtest3 WHERE id BETWEEN 8581503 AND 8581603
	Index Scan using sbtest3_pkey on sbtest3  (cost=0.43..374.82 rows=94 width=125)
	  Index Cond: ((id >= 8581503) AND (id <= 8581603))

table 4 : explain SELECT id, c FROM sbtest4 WHERE id BETWEEN 8581503 AND 8581603
	Index Scan using sbtest4_pkey on sbtest4  (cost=0.43..406.16 rows=102 width=125)
	  Index Cond: ((id >= 8581503) AND (id <= 8581603))

table 5 : explain SELECT id, c FROM sbtest5 WHERE id BETWEEN 8581503 AND 8581603
	Index Scan using sbtest5_pkey on sbtest5  (cost=0.43..384.43 rows=97 width=125)
	  Index Cond: ((id >= 8581503) AND (id <= 8581603))

table 6 : explain SELECT id, c FROM sbtest6 WHERE id BETWEEN 8581503 AND 8581603
	Index Scan using sbtest6_pkey on sbtest6  (cost=0.43..416.83 rows=105 width=125)
	  Index Cond: ((id >= 8581503) AND (id <= 8581603))

table 7 : explain SELECT id, c FROM sbtest7 WHERE id BETWEEN 8581503 AND 8581603
	Index Scan using sbtest7_pkey on sbtest7  (cost=0.43..388.68 rows=98 width=125)
	  Index Cond: ((id >= 8581503) AND (id <= 8581603))

table 8 : explain SELECT id, c FROM sbtest8 WHERE id BETWEEN 8581503 AND 8581603
	Index Scan using sbtest8_pkey on sbtest8  (cost=0.43..404.88 rows=102 width=125)
	  Index Cond: ((id >= 8581503) AND (id <= 8581603))

explain: for range-notcovered :: explain SELECT id, c FROM sbtest%d WHERE id BETWEEN 6633597 AND 6633697
for range-notcovered
table 1 : explain SELECT id, c FROM sbtest1 WHERE id BETWEEN 4100132 AND 4100232
	Index Scan using sbtest1_pkey on sbtest1  (cost=0.43..416.68 rows=105 width=125)
	  Index Cond: ((id >= 4100132) AND (id <= 4100232))

table 2 : explain SELECT id, c FROM sbtest2 WHERE id BETWEEN 4100132 AND 4100232
	Index Scan using sbtest2_pkey on sbtest2  (cost=0.43..377.15 rows=95 width=125)
	  Index Cond: ((id >= 4100132) AND (id <= 4100232))

table 3 : explain SELECT id, c FROM sbtest3 WHERE id BETWEEN 4100132 AND 4100232
	Index Scan using sbtest3_pkey on sbtest3  (cost=0.43..410.29 rows=103 width=125)
	  Index Cond: ((id >= 4100132) AND (id <= 4100232))

table 4 : explain SELECT id, c FROM sbtest4 WHERE id BETWEEN 4100132 AND 4100232
	Index Scan using sbtest4_pkey on sbtest4  (cost=0.43..441.59 rows=111 width=125)
	  Index Cond: ((id >= 4100132) AND (id <= 4100232))

table 5 : explain SELECT id, c FROM sbtest5 WHERE id BETWEEN 4100132 AND 4100232
	Index Scan using sbtest5_pkey on sbtest5  (cost=0.43..427.50 rows=108 width=125)
	  Index Cond: ((id >= 4100132) AND (id <= 4100232))

table 6 : explain SELECT id, c FROM sbtest6 WHERE id BETWEEN 4100132 AND 4100232
	Index Scan using sbtest6_pkey on sbtest6  (cost=0.43..405.05 rows=102 width=125)
	  Index Cond: ((id >= 4100132) AND (id <= 4100232))

table 7 : explain SELECT id, c FROM sbtest7 WHERE id BETWEEN 4100132 AND 4100232
	Index Scan using sbtest7_pkey on sbtest7  (cost=0.43..384.77 rows=97 width=125)
	  Index Cond: ((id >= 4100132) AND (id <= 4100232))

table 8 : explain SELECT id, c FROM sbtest8 WHERE id BETWEEN 4100132 AND 4100232
	Index Scan using sbtest8_pkey on sbtest8  (cost=0.43..381.33 rows=96 width=125)
	  Index Cond: ((id >= 4100132) AND (id <= 4100232))

explain: for range-notcovered :: explain SELECT id, c FROM sbtest%d WHERE id BETWEEN 8581503 AND 8581603
for range-notcovered
table 1 : explain SELECT id, c FROM sbtest1 WHERE id BETWEEN 3662835 AND 3662935
	Index Scan using sbtest1_pkey on sbtest1  (cost=0.43..416.68 rows=105 width=125)
	  Index Cond: ((id >= 3662835) AND (id <= 3662935))

table 2 : explain SELECT id, c FROM sbtest2 WHERE id BETWEEN 3662835 AND 3662935
	Index Scan using sbtest2_pkey on sbtest2  (cost=0.43..428.15 rows=108 width=125)
	  Index Cond: ((id >= 3662835) AND (id <= 3662935))

table 3 : explain SELECT id, c FROM sbtest3 WHERE id BETWEEN 3662835 AND 3662935
	Index Scan using sbtest3_pkey on sbtest3  (cost=0.43..406.35 rows=102 width=125)
	  Index Cond: ((id >= 3662835) AND (id <= 3662935))

table 4 : explain SELECT id, c FROM sbtest4 WHERE id BETWEEN 3662835 AND 3662935
	Index Scan using sbtest4_pkey on sbtest4  (cost=0.43..417.97 rows=105 width=125)
	  Index Cond: ((id >= 3662835) AND (id <= 3662935))

table 5 : explain SELECT id, c FROM sbtest5 WHERE id BETWEEN 3662835 AND 3662935
	Index Scan using sbtest5_pkey on sbtest5  (cost=0.43..415.75 rows=105 width=125)
	  Index Cond: ((id >= 3662835) AND (id <= 3662935))

table 6 : explain SELECT id, c FROM sbtest6 WHERE id BETWEEN 3662835 AND 3662935
	Index Scan using sbtest6_pkey on sbtest6  (cost=0.43..401.13 rows=101 width=125)
	  Index Cond: ((id >= 3662835) AND (id <= 3662935))

table 7 : explain SELECT id, c FROM sbtest7 WHERE id BETWEEN 3662835 AND 3662935
	Index Scan using sbtest7_pkey on sbtest7  (cost=0.43..420.04 rows=106 width=125)
	  Index Cond: ((id >= 3662835) AND (id <= 3662935))

table 8 : explain SELECT id, c FROM sbtest8 WHERE id BETWEEN 3662835 AND 3662935
	Index Scan using sbtest8_pkey on sbtest8  (cost=0.43..404.88 rows=102 width=125)
	  Index Cond: ((id >= 3662835) AND (id <= 3662935))

for range-notcovered
table 1 : explain SELECT id, c FROM sbtest1 WHERE id BETWEEN 3742046 AND 3742146
	Index Scan using sbtest1_pkey on sbtest1  (cost=0.43..385.28 rows=97 width=125)
	  Index Cond: ((id >= 3742046) AND (id <= 3742146))

table 2 : explain SELECT id, c FROM sbtest2 WHERE id BETWEEN 3742046 AND 3742146
	Index Scan using sbtest2_pkey on sbtest2  (cost=0.43..404.62 rows=102 width=125)
	  Index Cond: ((id >= 3742046) AND (id <= 3742146))

table 3 : explain SELECT id, c FROM sbtest3 WHERE id BETWEEN 3742046 AND 3742146
	Index Scan using sbtest3_pkey on sbtest3  (cost=0.43..433.92 rows=109 width=125)
	  Index Cond: ((id >= 3742046) AND (id <= 3742146))

table 4 : explain SELECT id, c FROM sbtest4 WHERE id BETWEEN 3742046 AND 3742146
	Index Scan using sbtest4_pkey on sbtest4  (cost=0.43..394.35 rows=99 width=125)
	  Index Cond: ((id >= 3742046) AND (id <= 3742146))

table 5 : explain SELECT id, c FROM sbtest5 WHERE id BETWEEN 3742046 AND 3742146
	Index Scan using sbtest5_pkey on sbtest5  (cost=0.43..388.34 rows=98 width=125)
	  Index Cond: ((id >= 3742046) AND (id <= 3742146))

table 6 : explain SELECT id, c FROM sbtest6 WHERE id BETWEEN 3742046 AND 3742146
	Index Scan using sbtest6_pkey on sbtest6  (cost=0.43..401.13 rows=101 width=125)
	  Index Cond: ((id >= 3742046) AND (id <= 3742146))

table 7 : explain SELECT id, c FROM sbtest7 WHERE id BETWEEN 3742046 AND 3742146
	Index Scan using sbtest7_pkey on sbtest7  (cost=0.43..408.28 rows=103 width=125)
	  Index Cond: ((id >= 3742046) AND (id <= 3742146))

table 8 : explain SELECT id, c FROM sbtest8 WHERE id BETWEEN 3742046 AND 3742146
	Index Scan using sbtest8_pkey on sbtest8  (cost=0.43..432.35 rows=109 width=125)
	  Index Cond: ((id >= 3742046) AND (id <= 3742146))

explain: for range-notcovered :: explain SELECT id, c FROM sbtest%d WHERE id BETWEEN 4100132 AND 4100232
explain: for range-notcovered :: explain SELECT id, c FROM sbtest%d WHERE id BETWEEN 3662835 AND 3662935
for range-notcovered
table 1 : explain SELECT id, c FROM sbtest1 WHERE id BETWEEN 8718259 AND 8718359
	Index Scan using sbtest1_pkey on sbtest1  (cost=0.43..400.98 rows=101 width=125)
	  Index Cond: ((id >= 8718259) AND (id <= 8718359))

table 2 : explain SELECT id, c FROM sbtest2 WHERE id BETWEEN 8718259 AND 8718359
	Index Scan using sbtest2_pkey on sbtest2  (cost=0.43..381.09 rows=96 width=125)
	  Index Cond: ((id >= 8718259) AND (id <= 8718359))

table 3 : explain SELECT id, c FROM sbtest3 WHERE id BETWEEN 8718259 AND 8718359
	Index Scan using sbtest3_pkey on sbtest3  (cost=0.43..418.17 rows=105 width=125)
	  Index Cond: ((id >= 8718259) AND (id <= 8718359))

table 4 : explain SELECT id, c FROM sbtest4 WHERE id BETWEEN 8718259 AND 8718359
	Index Scan using sbtest4_pkey on sbtest4  (cost=0.43..406.16 rows=102 width=125)
	  Index Cond: ((id >= 8718259) AND (id <= 8718359))

table 5 : explain SELECT id, c FROM sbtest5 WHERE id BETWEEN 8718259 AND 8718359
	Index Scan using sbtest5_pkey on sbtest5  (cost=0.43..392.26 rows=99 width=125)
	  Index Cond: ((id >= 8718259) AND (id <= 8718359))

table 6 : explain SELECT id, c FROM sbtest6 WHERE id BETWEEN 8718259 AND 8718359
	Index Scan using sbtest6_pkey on sbtest6  (cost=0.43..405.05 rows=102 width=125)
	  Index Cond: ((id >= 8718259) AND (id <= 8718359))

table 7 : explain SELECT id, c FROM sbtest7 WHERE id BETWEEN 8718259 AND 8718359
	Index Scan using sbtest7_pkey on sbtest7  (cost=0.43..416.12 rows=105 width=125)
	  Index Cond: ((id >= 8718259) AND (id <= 8718359))

table 8 : explain SELECT id, c FROM sbtest8 WHERE id BETWEEN 8718259 AND 8718359
	Index Scan using sbtest8_pkey on sbtest8  (cost=0.43..369.56 rows=93 width=125)
	  Index Cond: ((id >= 8718259) AND (id <= 8718359))

for range-notcovered
table 1 : explain SELECT id, c FROM sbtest1 WHERE id BETWEEN 823095 AND 823195
	Index Scan using sbtest1_pkey on sbtest1  (cost=0.43..416.68 rows=105 width=125)
	  Index Cond: ((id >= 823095) AND (id <= 823195))

table 2 : explain SELECT id, c FROM sbtest2 WHERE id BETWEEN 823095 AND 823195
	Index Scan using sbtest2_pkey on sbtest2  (cost=0.43..381.09 rows=96 width=125)
	  Index Cond: ((id >= 823095) AND (id <= 823195))

table 3 : explain SELECT id, c FROM sbtest3 WHERE id BETWEEN 823095 AND 823195
	Index Scan using sbtest3_pkey on sbtest3  (cost=0.43..418.17 rows=105 width=125)
	  Index Cond: ((id >= 823095) AND (id <= 823195))

table 4 : explain SELECT id, c FROM sbtest4 WHERE id BETWEEN 823095 AND 823195
	Index Scan using sbtest4_pkey on sbtest4  (cost=0.43..374.64 rows=94 width=125)
	  Index Cond: ((id >= 823095) AND (id <= 823195))

table 5 : explain SELECT id, c FROM sbtest5 WHERE id BETWEEN 823095 AND 823195
	Index Scan using sbtest5_pkey on sbtest5  (cost=0.43..364.85 rows=92 width=125)
	  Index Cond: ((id >= 823095) AND (id <= 823195))

table 6 : explain SELECT id, c FROM sbtest6 WHERE id BETWEEN 823095 AND 823195
	Index Scan using sbtest6_pkey on sbtest6  (cost=0.43..405.05 rows=102 width=125)
	  Index Cond: ((id >= 823095) AND (id <= 823195))

table 7 : explain SELECT id, c FROM sbtest7 WHERE id BETWEEN 823095 AND 823195
	Index Scan using sbtest7_pkey on sbtest7  (cost=0.43..373.01 rows=94 width=125)
	  Index Cond: ((id >= 823095) AND (id <= 823195))

table 8 : explain SELECT id, c FROM sbtest8 WHERE id BETWEEN 823095 AND 823195
	Index Scan using sbtest8_pkey on sbtest8  (cost=0.43..397.03 rows=100 width=125)
	  Index Cond: ((id >= 823095) AND (id <= 823195))

explain: for range-notcovered :: explain SELECT id, c FROM sbtest%d WHERE id BETWEEN 8718259 AND 8718359
explain: for range-notcovered :: explain SELECT id, c FROM sbtest%d WHERE id BETWEEN 823095 AND 823195
for range-notcovered
table 1 : explain SELECT id, c FROM sbtest1 WHERE id BETWEEN 6722609 AND 6722709
	Index Scan using sbtest1_pkey on sbtest1  (cost=0.43..385.28 rows=97 width=125)
	  Index Cond: ((id >= 6722609) AND (id <= 6722709))

table 2 : explain SELECT id, c FROM sbtest2 WHERE id BETWEEN 6722609 AND 6722709
	Index Scan using sbtest2_pkey on sbtest2  (cost=0.43..361.46 rows=91 width=125)
	  Index Cond: ((id >= 6722609) AND (id <= 6722709))

table 3 : explain SELECT id, c FROM sbtest3 WHERE id BETWEEN 6722609 AND 6722709
	Index Scan using sbtest3_pkey on sbtest3  (cost=0.43..445.74 rows=112 width=125)
	  Index Cond: ((id >= 6722609) AND (id <= 6722709))

table 4 : explain SELECT id, c FROM sbtest4 WHERE id BETWEEN 6722609 AND 6722709
	Index Scan using sbtest4_pkey on sbtest4  (cost=0.43..386.47 rows=97 width=125)
	  Index Cond: ((id >= 6722609) AND (id <= 6722709))

table 5 : explain SELECT id, c FROM sbtest5 WHERE id BETWEEN 6722609 AND 6722709
	Index Scan using sbtest5_pkey on sbtest5  (cost=0.43..396.18 rows=100 width=125)
	  Index Cond: ((id >= 6722609) AND (id <= 6722709))

table 6 : explain SELECT id, c FROM sbtest6 WHERE id BETWEEN 6722609 AND 6722709
	Index Scan using sbtest6_pkey on sbtest6  (cost=0.43..397.20 rows=100 width=125)
	  Index Cond: ((id >= 6722609) AND (id <= 6722709))

table 7 : explain SELECT id, c FROM sbtest7 WHERE id BETWEEN 6722609 AND 6722709
	Index Scan using sbtest7_pkey on sbtest7  (cost=0.43..388.68 rows=98 width=125)
	  Index Cond: ((id >= 6722609) AND (id <= 6722709))

table 8 : explain SELECT id, c FROM sbtest8 WHERE id BETWEEN 6722609 AND 6722709
	Index Scan using sbtest8_pkey on sbtest8  (cost=0.43..424.50 rows=107 width=125)
	  Index Cond: ((id >= 6722609) AND (id <= 6722709))

explain: for range-notcovered :: explain SELECT id, c FROM sbtest%d WHERE id BETWEEN 6722609 AND 6722709
for range-notcovered
table 1 : explain SELECT id, c FROM sbtest1 WHERE id BETWEEN 3383356 AND 3383456
	Index Scan using sbtest1_pkey on sbtest1  (cost=0.43..412.76 rows=104 width=125)
	  Index Cond: ((id >= 3383356) AND (id <= 3383456))

table 2 : explain SELECT id, c FROM sbtest2 WHERE id BETWEEN 3383356 AND 3383456
	Index Scan using sbtest2_pkey on sbtest2  (cost=0.43..373.22 rows=94 width=125)
	  Index Cond: ((id >= 3383356) AND (id <= 3383456))

table 3 : explain SELECT id, c FROM sbtest3 WHERE id BETWEEN 3383356 AND 3383456
	Index Scan using sbtest3_pkey on sbtest3  (cost=0.43..422.10 rows=106 width=125)
	  Index Cond: ((id >= 3383356) AND (id <= 3383456))

table 4 : explain SELECT id, c FROM sbtest4 WHERE id BETWEEN 3383356 AND 3383456
	Index Scan using sbtest4_pkey on sbtest4  (cost=0.43..362.83 rows=91 width=125)
	  Index Cond: ((id >= 3383356) AND (id <= 3383456))

table 5 : explain SELECT id, c FROM sbtest5 WHERE id BETWEEN 3383356 AND 3383456
	Index Scan using sbtest5_pkey on sbtest5  (cost=0.43..396.18 rows=100 width=125)
	  Index Cond: ((id >= 3383356) AND (id <= 3383456))

table 6 : explain SELECT id, c FROM sbtest6 WHERE id BETWEEN 3383356 AND 3383456
	Index Scan using sbtest6_pkey on sbtest6  (cost=0.43..401.13 rows=101 width=125)
	  Index Cond: ((id >= 3383356) AND (id <= 3383456))

table 7 : explain SELECT id, c FROM sbtest7 WHERE id BETWEEN 3383356 AND 3383456
	Index Scan using sbtest7_pkey on sbtest7  (cost=0.43..416.12 rows=105 width=125)
	  Index Cond: ((id >= 3383356) AND (id <= 3383456))

table 8 : explain SELECT id, c FROM sbtest8 WHERE id BETWEEN 3383356 AND 3383456
	Index Scan using sbtest8_pkey on sbtest8  (cost=0.43..377.41 rows=95 width=125)
	  Index Cond: ((id >= 3383356) AND (id <= 3383456))

for range-notcovered
table 1 : explain SELECT id, c FROM sbtest1 WHERE id BETWEEN 2970879 AND 2970979
	Index Scan using sbtest1_pkey on sbtest1  (cost=0.43..412.76 rows=104 width=125)
	  Index Cond: ((id >= 2970879) AND (id <= 2970979))

table 2 : explain SELECT id, c FROM sbtest2 WHERE id BETWEEN 2970879 AND 2970979
	Index Scan using sbtest2_pkey on sbtest2  (cost=0.43..373.22 rows=94 width=125)
	  Index Cond: ((id >= 2970879) AND (id <= 2970979))

table 3 : explain SELECT id, c FROM sbtest3 WHERE id BETWEEN 2970879 AND 2970979
	Index Scan using sbtest3_pkey on sbtest3  (cost=0.43..437.86 rows=110 width=125)
	  Index Cond: ((id >= 2970879) AND (id <= 2970979))

table 4 : explain SELECT id, c FROM sbtest4 WHERE id BETWEEN 2970879 AND 2970979
	Index Scan using sbtest4_pkey on sbtest4  (cost=0.43..421.90 rows=106 width=125)
	  Index Cond: ((id >= 2970879) AND (id <= 2970979))

table 5 : explain SELECT id, c FROM sbtest5 WHERE id BETWEEN 2970879 AND 2970979
	Index Scan using sbtest5_pkey on sbtest5  (cost=0.43..431.42 rows=109 width=125)
	  Index Cond: ((id >= 2970879) AND (id <= 2970979))

table 6 : explain SELECT id, c FROM sbtest6 WHERE id BETWEEN 2970879 AND 2970979
	Index Scan using sbtest6_pkey on sbtest6  (cost=0.43..385.42 rows=97 width=125)
	  Index Cond: ((id >= 2970879) AND (id <= 2970979))

table 7 : explain SELECT id, c FROM sbtest7 WHERE id BETWEEN 2970879 AND 2970979
	Index Scan using sbtest7_pkey on sbtest7  (cost=0.43..439.63 rows=111 width=125)
	  Index Cond: ((id >= 2970879) AND (id <= 2970979))

table 8 : explain SELECT id, c FROM sbtest8 WHERE id BETWEEN 2970879 AND 2970979
	Index Scan using sbtest8_pkey on sbtest8  (cost=0.43..436.27 rows=110 width=125)
	  Index Cond: ((id >= 2970879) AND (id <= 2970979))

for range-notcovered
table 1 : explain SELECT id, c FROM sbtest1 WHERE id BETWEEN 333892 AND 333992
	Index Scan using sbtest1_pkey on sbtest1  (cost=0.43..416.68 rows=105 width=125)
	  Index Cond: ((id >= 333892) AND (id <= 333992))

table 2 : explain SELECT id, c FROM sbtest2 WHERE id BETWEEN 333892 AND 333992
	Index Scan using sbtest2_pkey on sbtest2  (cost=0.43..361.46 rows=91 width=125)
	  Index Cond: ((id >= 333892) AND (id <= 333992))

table 3 : explain SELECT id, c FROM sbtest3 WHERE id BETWEEN 333892 AND 333992
	Index Scan using sbtest3_pkey on sbtest3  (cost=0.43..398.47 rows=100 width=125)
	  Index Cond: ((id >= 333892) AND (id <= 333992))

table 4 : explain SELECT id, c FROM sbtest4 WHERE id BETWEEN 333892 AND 333992
	Index Scan using sbtest4_pkey on sbtest4  (cost=0.43..421.90 rows=106 width=125)
	  Index Cond: ((id >= 333892) AND (id <= 333992))

table 5 : explain SELECT id, c FROM sbtest5 WHERE id BETWEEN 333892 AND 333992
	Index Scan using sbtest5_pkey on sbtest5  (cost=0.43..357.02 rows=90 width=125)
	  Index Cond: ((id >= 333892) AND (id <= 333992))

table 6 : explain SELECT id, c FROM sbtest6 WHERE id BETWEEN 333892 AND 333992
	Index Scan using sbtest6_pkey on sbtest6  (cost=0.43..456.09 rows=115 width=125)
	  Index Cond: ((id >= 333892) AND (id <= 333992))

table 7 : explain SELECT id, c FROM sbtest7 WHERE id BETWEEN 333892 AND 333992
	Index Scan using sbtest7_pkey on sbtest7  (cost=0.43..373.01 rows=94 width=125)
	  Index Cond: ((id >= 333892) AND (id <= 333992))

table 8 : explain SELECT id, c FROM sbtest8 WHERE id BETWEEN 333892 AND 333992
	Index Scan using sbtest8_pkey on sbtest8  (cost=0.43..400.95 rows=101 width=125)
	  Index Cond: ((id >= 333892) AND (id <= 333992))

for range-notcovered
table 1 : explain SELECT id, c FROM sbtest1 WHERE id BETWEEN 8581503 AND 8581603
	Index Scan using sbtest1_pkey on sbtest1  (cost=0.43..373.49 rows=94 width=125)
	  Index Cond: ((id >= 8581503) AND (id <= 8581603))

table 2 : explain SELECT id, c FROM sbtest2 WHERE id BETWEEN 8581503 AND 8581603
	Index Scan using sbtest2_pkey on sbtest2  (cost=0.43..432.07 rows=109 width=125)
	  Index Cond: ((id >= 8581503) AND (id <= 8581603))

table 3 : explain SELECT id, c FROM sbtest3 WHERE id BETWEEN 8581503 AND 8581603
	Index Scan using sbtest3_pkey on sbtest3  (cost=0.43..374.82 rows=94 width=125)
	  Index Cond: ((id >= 8581503) AND (id <= 8581603))

table 4 : explain SELECT id, c FROM sbtest4 WHERE id BETWEEN 8581503 AND 8581603
	Index Scan using sbtest4_pkey on sbtest4  (cost=0.43..406.16 rows=102 width=125)
	  Index Cond: ((id >= 8581503) AND (id <= 8581603))

table 5 : explain SELECT id, c FROM sbtest5 WHERE id BETWEEN 8581503 AND 8581603
	Index Scan using sbtest5_pkey on sbtest5  (cost=0.43..384.43 rows=97 width=125)
	  Index Cond: ((id >= 8581503) AND (id <= 8581603))

table 6 : explain SELECT id, c FROM sbtest6 WHERE id BETWEEN 8581503 AND 8581603
	Index Scan using sbtest6_pkey on sbtest6  (cost=0.43..416.83 rows=105 width=125)
	  Index Cond: ((id >= 8581503) AND (id <= 8581603))

table 7 : explain SELECT id, c FROM sbtest7 WHERE id BETWEEN 8581503 AND 8581603
	Index Scan using sbtest7_pkey on sbtest7  (cost=0.43..388.68 rows=98 width=125)
	  Index Cond: ((id >= 8581503) AND (id <= 8581603))

table 8 : explain SELECT id, c FROM sbtest8 WHERE id BETWEEN 8581503 AND 8581603
	Index Scan using sbtest8_pkey on sbtest8  (cost=0.43..404.88 rows=102 width=125)
	  Index Cond: ((id >= 8581503) AND (id <= 8581603))

explain: for range-notcovered :: explain SELECT id, c FROM sbtest%d WHERE id BETWEEN 2970879 AND 2970979
explain: for range-notcovered :: explain SELECT id, c FROM sbtest%d WHERE id BETWEEN 3383356 AND 3383456
explain: for range-notcovered :: explain SELECT id, c FROM sbtest%d WHERE id BETWEEN 8581503 AND 8581603
explain: for range-notcovered :: explain SELECT id, c FROM sbtest%d WHERE id BETWEEN 333892 AND 333992
for range-notcovered
table 1 : explain SELECT id, c FROM sbtest1 WHERE id BETWEEN 3662835 AND 3662935
	Index Scan using sbtest1_pkey on sbtest1  (cost=0.43..416.68 rows=105 width=125)
	  Index Cond: ((id >= 3662835) AND (id <= 3662935))

table 2 : explain SELECT id, c FROM sbtest2 WHERE id BETWEEN 3662835 AND 3662935
	Index Scan using sbtest2_pkey on sbtest2  (cost=0.43..428.15 rows=108 width=125)
	  Index Cond: ((id >= 3662835) AND (id <= 3662935))

table 3 : explain SELECT id, c FROM sbtest3 WHERE id BETWEEN 3662835 AND 3662935
	Index Scan using sbtest3_pkey on sbtest3  (cost=0.43..406.35 rows=102 width=125)
	  Index Cond: ((id >= 3662835) AND (id <= 3662935))

table 4 : explain SELECT id, c FROM sbtest4 WHERE id BETWEEN 3662835 AND 3662935
	Index Scan using sbtest4_pkey on sbtest4  (cost=0.43..417.97 rows=105 width=125)
	  Index Cond: ((id >= 3662835) AND (id <= 3662935))

table 5 : explain SELECT id, c FROM sbtest5 WHERE id BETWEEN 3662835 AND 3662935
	Index Scan using sbtest5_pkey on sbtest5  (cost=0.43..415.75 rows=105 width=125)
	  Index Cond: ((id >= 3662835) AND (id <= 3662935))

table 6 : explain SELECT id, c FROM sbtest6 WHERE id BETWEEN 3662835 AND 3662935
	Index Scan using sbtest6_pkey on sbtest6  (cost=0.43..401.13 rows=101 width=125)
	  Index Cond: ((id >= 3662835) AND (id <= 3662935))

table 7 : explain SELECT id, c FROM sbtest7 WHERE id BETWEEN 3662835 AND 3662935
	Index Scan using sbtest7_pkey on sbtest7  (cost=0.43..420.04 rows=106 width=125)
	  Index Cond: ((id >= 3662835) AND (id <= 3662935))

table 8 : explain SELECT id, c FROM sbtest8 WHERE id BETWEEN 3662835 AND 3662935
	Index Scan using sbtest8_pkey on sbtest8  (cost=0.43..404.88 rows=102 width=125)
	  Index Cond: ((id >= 3662835) AND (id <= 3662935))

for range-notcovered
table 1 : explain SELECT id, c FROM sbtest1 WHERE id BETWEEN 8718259 AND 8718359
	Index Scan using sbtest1_pkey on sbtest1  (cost=0.43..400.98 rows=101 width=125)
	  Index Cond: ((id >= 8718259) AND (id <= 8718359))

table 2 : explain SELECT id, c FROM sbtest2 WHERE id BETWEEN 8718259 AND 8718359
	Index Scan using sbtest2_pkey on sbtest2  (cost=0.43..381.09 rows=96 width=125)
	  Index Cond: ((id >= 8718259) AND (id <= 8718359))

table 3 : explain SELECT id, c FROM sbtest3 WHERE id BETWEEN 8718259 AND 8718359
	Index Scan using sbtest3_pkey on sbtest3  (cost=0.43..418.17 rows=105 width=125)
	  Index Cond: ((id >= 8718259) AND (id <= 8718359))

table 4 : explain SELECT id, c FROM sbtest4 WHERE id BETWEEN 8718259 AND 8718359
	Index Scan using sbtest4_pkey on sbtest4  (cost=0.43..406.16 rows=102 width=125)
	  Index Cond: ((id >= 8718259) AND (id <= 8718359))

table 5 : explain SELECT id, c FROM sbtest5 WHERE id BETWEEN 8718259 AND 8718359
	Index Scan using sbtest5_pkey on sbtest5  (cost=0.43..392.26 rows=99 width=125)
	  Index Cond: ((id >= 8718259) AND (id <= 8718359))

table 6 : explain SELECT id, c FROM sbtest6 WHERE id BETWEEN 8718259 AND 8718359
	Index Scan using sbtest6_pkey on sbtest6  (cost=0.43..405.05 rows=102 width=125)
	  Index Cond: ((id >= 8718259) AND (id <= 8718359))

table 7 : explain SELECT id, c FROM sbtest7 WHERE id BETWEEN 8718259 AND 8718359
	Index Scan using sbtest7_pkey on sbtest7  (cost=0.43..416.12 rows=105 width=125)
	  Index Cond: ((id >= 8718259) AND (id <= 8718359))

table 8 : explain SELECT id, c FROM sbtest8 WHERE id BETWEEN 8718259 AND 8718359
	Index Scan using sbtest8_pkey on sbtest8  (cost=0.43..369.56 rows=93 width=125)
	  Index Cond: ((id >= 8718259) AND (id <= 8718359))

explain: for range-notcovered :: explain SELECT id, c FROM sbtest%d WHERE id BETWEEN 3662835 AND 3662935
explain: for range-notcovered :: explain SELECT id, c FROM sbtest%d WHERE id BETWEEN 8718259 AND 8718359
for range-notcovered
table 1 : explain SELECT id, c FROM sbtest1 WHERE id BETWEEN 823095 AND 823195
	Index Scan using sbtest1_pkey on sbtest1  (cost=0.43..416.68 rows=105 width=125)
	  Index Cond: ((id >= 823095) AND (id <= 823195))

table 2 : explain SELECT id, c FROM sbtest2 WHERE id BETWEEN 823095 AND 823195
	Index Scan using sbtest2_pkey on sbtest2  (cost=0.43..381.09 rows=96 width=125)
	  Index Cond: ((id >= 823095) AND (id <= 823195))

table 3 : explain SELECT id, c FROM sbtest3 WHERE id BETWEEN 823095 AND 823195
	Index Scan using sbtest3_pkey on sbtest3  (cost=0.43..418.17 rows=105 width=125)
	  Index Cond: ((id >= 823095) AND (id <= 823195))

table 4 : explain SELECT id, c FROM sbtest4 WHERE id BETWEEN 823095 AND 823195
	Index Scan using sbtest4_pkey on sbtest4  (cost=0.43..374.64 rows=94 width=125)
	  Index Cond: ((id >= 823095) AND (id <= 823195))

table 5 : explain SELECT id, c FROM sbtest5 WHERE id BETWEEN 823095 AND 823195
	Index Scan using sbtest5_pkey on sbtest5  (cost=0.43..364.85 rows=92 width=125)
	  Index Cond: ((id >= 823095) AND (id <= 823195))

table 6 : explain SELECT id, c FROM sbtest6 WHERE id BETWEEN 823095 AND 823195
	Index Scan using sbtest6_pkey on sbtest6  (cost=0.43..405.05 rows=102 width=125)
	  Index Cond: ((id >= 823095) AND (id <= 823195))

table 7 : explain SELECT id, c FROM sbtest7 WHERE id BETWEEN 823095 AND 823195
	Index Scan using sbtest7_pkey on sbtest7  (cost=0.43..373.01 rows=94 width=125)
	  Index Cond: ((id >= 823095) AND (id <= 823195))

table 8 : explain SELECT id, c FROM sbtest8 WHERE id BETWEEN 823095 AND 823195
	Index Scan using sbtest8_pkey on sbtest8  (cost=0.43..397.03 rows=100 width=125)
	  Index Cond: ((id >= 823095) AND (id <= 823195))

for range-notcovered
table 1 : explain SELECT id, c FROM sbtest1 WHERE id BETWEEN 6722609 AND 6722709
	Index Scan using sbtest1_pkey on sbtest1  (cost=0.43..385.28 rows=97 width=125)
	  Index Cond: ((id >= 6722609) AND (id <= 6722709))

table 2 : explain SELECT id, c FROM sbtest2 WHERE id BETWEEN 6722609 AND 6722709
	Index Scan using sbtest2_pkey on sbtest2  (cost=0.43..361.46 rows=91 width=125)
	  Index Cond: ((id >= 6722609) AND (id <= 6722709))

table 3 : explain SELECT id, c FROM sbtest3 WHERE id BETWEEN 6722609 AND 6722709
	Index Scan using sbtest3_pkey on sbtest3  (cost=0.43..445.74 rows=112 width=125)
	  Index Cond: ((id >= 6722609) AND (id <= 6722709))

table 4 : explain SELECT id, c FROM sbtest4 WHERE id BETWEEN 6722609 AND 6722709
	Index Scan using sbtest4_pkey on sbtest4  (cost=0.43..386.47 rows=97 width=125)
	  Index Cond: ((id >= 6722609) AND (id <= 6722709))

table 5 : explain SELECT id, c FROM sbtest5 WHERE id BETWEEN 6722609 AND 6722709
	Index Scan using sbtest5_pkey on sbtest5  (cost=0.43..396.18 rows=100 width=125)
	  Index Cond: ((id >= 6722609) AND (id <= 6722709))

table 6 : explain SELECT id, c FROM sbtest6 WHERE id BETWEEN 6722609 AND 6722709
	Index Scan using sbtest6_pkey on sbtest6  (cost=0.43..397.20 rows=100 width=125)
	  Index Cond: ((id >= 6722609) AND (id <= 6722709))

table 7 : explain SELECT id, c FROM sbtest7 WHERE id BETWEEN 6722609 AND 6722709
	Index Scan using sbtest7_pkey on sbtest7  (cost=0.43..388.68 rows=98 width=125)
	  Index Cond: ((id >= 6722609) AND (id <= 6722709))

table 8 : explain SELECT id, c FROM sbtest8 WHERE id BETWEEN 6722609 AND 6722709
	Index Scan using sbtest8_pkey on sbtest8  (cost=0.43..424.50 rows=107 width=125)
	  Index Cond: ((id >= 6722609) AND (id <= 6722709))

explain: for range-notcovered :: explain SELECT id, c FROM sbtest%d WHERE id BETWEEN 823095 AND 823195
explain: for range-notcovered :: explain SELECT id, c FROM sbtest%d WHERE id BETWEEN 6722609 AND 6722709
explain: for range-notcovered :: explain SELECT id, c FROM sbtest%d WHERE id BETWEEN 4224092 AND 4224192
for range-notcovered
table 1 : explain SELECT id, c FROM sbtest1 WHERE id BETWEEN 8581503 AND 8581603
	Index Scan using sbtest1_pkey on sbtest1  (cost=0.43..373.49 rows=94 width=125)
	  Index Cond: ((id >= 8581503) AND (id <= 8581603))

table 2 : explain SELECT id, c FROM sbtest2 WHERE id BETWEEN 8581503 AND 8581603
	Index Scan using sbtest2_pkey on sbtest2  (cost=0.43..432.07 rows=109 width=125)
	  Index Cond: ((id >= 8581503) AND (id <= 8581603))

table 3 : explain SELECT id, c FROM sbtest3 WHERE id BETWEEN 8581503 AND 8581603
	Index Scan using sbtest3_pkey on sbtest3  (cost=0.43..374.82 rows=94 width=125)
	  Index Cond: ((id >= 8581503) AND (id <= 8581603))

table 4 : explain SELECT id, c FROM sbtest4 WHERE id BETWEEN 8581503 AND 8581603
	Index Scan using sbtest4_pkey on sbtest4  (cost=0.43..406.16 rows=102 width=125)
	  Index Cond: ((id >= 8581503) AND (id <= 8581603))

table 5 : explain SELECT id, c FROM sbtest5 WHERE id BETWEEN 8581503 AND 8581603
	Index Scan using sbtest5_pkey on sbtest5  (cost=0.43..384.43 rows=97 width=125)
	  Index Cond: ((id >= 8581503) AND (id <= 8581603))

table 6 : explain SELECT id, c FROM sbtest6 WHERE id BETWEEN 8581503 AND 8581603
	Index Scan using sbtest6_pkey on sbtest6  (cost=0.43..416.83 rows=105 width=125)
	  Index Cond: ((id >= 8581503) AND (id <= 8581603))

table 7 : explain SELECT id, c FROM sbtest7 WHERE id BETWEEN 8581503 AND 8581603
	Index Scan using sbtest7_pkey on sbtest7  (cost=0.43..388.68 rows=98 width=125)
	  Index Cond: ((id >= 8581503) AND (id <= 8581603))

table 8 : explain SELECT id, c FROM sbtest8 WHERE id BETWEEN 8581503 AND 8581603
	Index Scan using sbtest8_pkey on sbtest8  (cost=0.43..404.88 rows=102 width=125)
	  Index Cond: ((id >= 8581503) AND (id <= 8581603))

for range-notcovered
table 1 : explain SELECT id, c FROM sbtest1 WHERE id BETWEEN 3383356 AND 3383456
	Index Scan using sbtest1_pkey on sbtest1  (cost=0.43..412.76 rows=104 width=125)
	  Index Cond: ((id >= 3383356) AND (id <= 3383456))

table 2 : explain SELECT id, c FROM sbtest2 WHERE id BETWEEN 3383356 AND 3383456
	Index Scan using sbtest2_pkey on sbtest2  (cost=0.43..373.22 rows=94 width=125)
	  Index Cond: ((id >= 3383356) AND (id <= 3383456))

table 3 : explain SELECT id, c FROM sbtest3 WHERE id BETWEEN 3383356 AND 3383456
	Index Scan using sbtest3_pkey on sbtest3  (cost=0.43..422.10 rows=106 width=125)
	  Index Cond: ((id >= 3383356) AND (id <= 3383456))

table 4 : explain SELECT id, c FROM sbtest4 WHERE id BETWEEN 3383356 AND 3383456
	Index Scan using sbtest4_pkey on sbtest4  (cost=0.43..362.83 rows=91 width=125)
	  Index Cond: ((id >= 3383356) AND (id <= 3383456))

table 5 : explain SELECT id, c FROM sbtest5 WHERE id BETWEEN 3383356 AND 3383456
	Index Scan using sbtest5_pkey on sbtest5  (cost=0.43..396.18 rows=100 width=125)
	  Index Cond: ((id >= 3383356) AND (id <= 3383456))

table 6 : explain SELECT id, c FROM sbtest6 WHERE id BETWEEN 3383356 AND 3383456
	Index Scan using sbtest6_pkey on sbtest6  (cost=0.43..401.13 rows=101 width=125)
	  Index Cond: ((id >= 3383356) AND (id <= 3383456))

table 7 : explain SELECT id, c FROM sbtest7 WHERE id BETWEEN 3383356 AND 3383456
	Index Scan using sbtest7_pkey on sbtest7  (cost=0.43..416.12 rows=105 width=125)
	  Index Cond: ((id >= 3383356) AND (id <= 3383456))

table 8 : explain SELECT id, c FROM sbtest8 WHERE id BETWEEN 3383356 AND 3383456
	Index Scan using sbtest8_pkey on sbtest8  (cost=0.43..377.41 rows=95 width=125)
	  Index Cond: ((id >= 3383356) AND (id <= 3383456))

explain: for range-notcovered :: explain SELECT id, c FROM sbtest%d WHERE id BETWEEN 8581503 AND 8581603
for range-notcovered
table 1 : explain SELECT id, c FROM sbtest1 WHERE id BETWEEN 2970879 AND 2970979
	Index Scan using sbtest1_pkey on sbtest1  (cost=0.43..412.76 rows=104 width=125)
	  Index Cond: ((id >= 2970879) AND (id <= 2970979))

table 2 : explain SELECT id, c FROM sbtest2 WHERE id BETWEEN 2970879 AND 2970979
	Index Scan using sbtest2_pkey on sbtest2  (cost=0.43..373.22 rows=94 width=125)
	  Index Cond: ((id >= 2970879) AND (id <= 2970979))

table 3 : explain SELECT id, c FROM sbtest3 WHERE id BETWEEN 2970879 AND 2970979
	Index Scan using sbtest3_pkey on sbtest3  (cost=0.43..437.86 rows=110 width=125)
	  Index Cond: ((id >= 2970879) AND (id <= 2970979))

table 4 : explain SELECT id, c FROM sbtest4 WHERE id BETWEEN 2970879 AND 2970979
	Index Scan using sbtest4_pkey on sbtest4  (cost=0.43..421.90 rows=106 width=125)
	  Index Cond: ((id >= 2970879) AND (id <= 2970979))

table 5 : explain SELECT id, c FROM sbtest5 WHERE id BETWEEN 2970879 AND 2970979
	Index Scan using sbtest5_pkey on sbtest5  (cost=0.43..431.42 rows=109 width=125)
	  Index Cond: ((id >= 2970879) AND (id <= 2970979))

table 6 : explain SELECT id, c FROM sbtest6 WHERE id BETWEEN 2970879 AND 2970979
	Index Scan using sbtest6_pkey on sbtest6  (cost=0.43..385.42 rows=97 width=125)
	  Index Cond: ((id >= 2970879) AND (id <= 2970979))

table 7 : explain SELECT id, c FROM sbtest7 WHERE id BETWEEN 2970879 AND 2970979
	Index Scan using sbtest7_pkey on sbtest7  (cost=0.43..439.63 rows=111 width=125)
	  Index Cond: ((id >= 2970879) AND (id <= 2970979))

table 8 : explain SELECT id, c FROM sbtest8 WHERE id BETWEEN 2970879 AND 2970979
	Index Scan using sbtest8_pkey on sbtest8  (cost=0.43..436.27 rows=110 width=125)
	  Index Cond: ((id >= 2970879) AND (id <= 2970979))

for range-notcovered
table 1 : explain SELECT id, c FROM sbtest1 WHERE id BETWEEN 333892 AND 333992
	Index Scan using sbtest1_pkey on sbtest1  (cost=0.43..416.68 rows=105 width=125)
	  Index Cond: ((id >= 333892) AND (id <= 333992))

table 2 : explain SELECT id, c FROM sbtest2 WHERE id BETWEEN 333892 AND 333992
	Index Scan using sbtest2_pkey on sbtest2  (cost=0.43..361.46 rows=91 width=125)
	  Index Cond: ((id >= 333892) AND (id <= 333992))

table 3 : explain SELECT id, c FROM sbtest3 WHERE id BETWEEN 333892 AND 333992
	Index Scan using sbtest3_pkey on sbtest3  (cost=0.43..398.47 rows=100 width=125)
	  Index Cond: ((id >= 333892) AND (id <= 333992))

table 4 : explain SELECT id, c FROM sbtest4 WHERE id BETWEEN 333892 AND 333992
	Index Scan using sbtest4_pkey on sbtest4  (cost=0.43..421.90 rows=106 width=125)
	  Index Cond: ((id >= 333892) AND (id <= 333992))

table 5 : explain SELECT id, c FROM sbtest5 WHERE id BETWEEN 333892 AND 333992
	Index Scan using sbtest5_pkey on sbtest5  (cost=0.43..357.02 rows=90 width=125)
	  Index Cond: ((id >= 333892) AND (id <= 333992))

table 6 : explain SELECT id, c FROM sbtest6 WHERE id BETWEEN 333892 AND 333992
	Index Scan using sbtest6_pkey on sbtest6  (cost=0.43..456.09 rows=115 width=125)
	  Index Cond: ((id >= 333892) AND (id <= 333992))

table 7 : explain SELECT id, c FROM sbtest7 WHERE id BETWEEN 333892 AND 333992
	Index Scan using sbtest7_pkey on sbtest7  (cost=0.43..373.01 rows=94 width=125)
	  Index Cond: ((id >= 333892) AND (id <= 333992))

table 8 : explain SELECT id, c FROM sbtest8 WHERE id BETWEEN 333892 AND 333992
	Index Scan using sbtest8_pkey on sbtest8  (cost=0.43..400.95 rows=101 width=125)
	  Index Cond: ((id >= 333892) AND (id <= 333992))

explain: for range-notcovered :: explain SELECT id, c FROM sbtest%d WHERE id BETWEEN 3383356 AND 3383456
for range-notcovered
table 1 : explain SELECT id, c FROM sbtest1 WHERE id BETWEEN 3662835 AND 3662935
	Index Scan using sbtest1_pkey on sbtest1  (cost=0.43..416.68 rows=105 width=125)
	  Index Cond: ((id >= 3662835) AND (id <= 3662935))

table 2 : explain SELECT id, c FROM sbtest2 WHERE id BETWEEN 3662835 AND 3662935
	Index Scan using sbtest2_pkey on sbtest2  (cost=0.43..428.15 rows=108 width=125)
	  Index Cond: ((id >= 3662835) AND (id <= 3662935))

table 3 : explain SELECT id, c FROM sbtest3 WHERE id BETWEEN 3662835 AND 3662935
	Index Scan using sbtest3_pkey on sbtest3  (cost=0.43..406.35 rows=102 width=125)
	  Index Cond: ((id >= 3662835) AND (id <= 3662935))

table 4 : explain SELECT id, c FROM sbtest4 WHERE id BETWEEN 3662835 AND 3662935
	Index Scan using sbtest4_pkey on sbtest4  (cost=0.43..417.97 rows=105 width=125)
	  Index Cond: ((id >= 3662835) AND (id <= 3662935))

table 5 : explain SELECT id, c FROM sbtest5 WHERE id BETWEEN 3662835 AND 3662935
	Index Scan using sbtest5_pkey on sbtest5  (cost=0.43..415.75 rows=105 width=125)
	  Index Cond: ((id >= 3662835) AND (id <= 3662935))

table 6 : explain SELECT id, c FROM sbtest6 WHERE id BETWEEN 3662835 AND 3662935
	Index Scan using sbtest6_pkey on sbtest6  (cost=0.43..401.13 rows=101 width=125)
	  Index Cond: ((id >= 3662835) AND (id <= 3662935))

table 7 : explain SELECT id, c FROM sbtest7 WHERE id BETWEEN 3662835 AND 3662935
	Index Scan using sbtest7_pkey on sbtest7  (cost=0.43..420.04 rows=106 width=125)
	  Index Cond: ((id >= 3662835) AND (id <= 3662935))

table 8 : explain SELECT id, c FROM sbtest8 WHERE id BETWEEN 3662835 AND 3662935
	Index Scan using sbtest8_pkey on sbtest8  (cost=0.43..404.88 rows=102 width=125)
	  Index Cond: ((id >= 3662835) AND (id <= 3662935))

explain: for range-notcovered :: explain SELECT id, c FROM sbtest%d WHERE id BETWEEN 2970879 AND 2970979
explain: for range-notcovered :: explain SELECT id, c FROM sbtest%d WHERE id BETWEEN 333892 AND 333992
for range-notcovered
table 1 : explain SELECT id, c FROM sbtest1 WHERE id BETWEEN 8718259 AND 8718359
	Index Scan using sbtest1_pkey on sbtest1  (cost=0.43..400.98 rows=101 width=125)
	  Index Cond: ((id >= 8718259) AND (id <= 8718359))

table 2 : explain SELECT id, c FROM sbtest2 WHERE id BETWEEN 8718259 AND 8718359
	Index Scan using sbtest2_pkey on sbtest2  (cost=0.43..381.09 rows=96 width=125)
	  Index Cond: ((id >= 8718259) AND (id <= 8718359))

table 3 : explain SELECT id, c FROM sbtest3 WHERE id BETWEEN 8718259 AND 8718359
	Index Scan using sbtest3_pkey on sbtest3  (cost=0.43..418.17 rows=105 width=125)
	  Index Cond: ((id >= 8718259) AND (id <= 8718359))

table 4 : explain SELECT id, c FROM sbtest4 WHERE id BETWEEN 8718259 AND 8718359
	Index Scan using sbtest4_pkey on sbtest4  (cost=0.43..406.16 rows=102 width=125)
	  Index Cond: ((id >= 8718259) AND (id <= 8718359))

table 5 : explain SELECT id, c FROM sbtest5 WHERE id BETWEEN 8718259 AND 8718359
	Index Scan using sbtest5_pkey on sbtest5  (cost=0.43..392.26 rows=99 width=125)
	  Index Cond: ((id >= 8718259) AND (id <= 8718359))

table 6 : explain SELECT id, c FROM sbtest6 WHERE id BETWEEN 8718259 AND 8718359
	Index Scan using sbtest6_pkey on sbtest6  (cost=0.43..405.05 rows=102 width=125)
	  Index Cond: ((id >= 8718259) AND (id <= 8718359))

table 7 : explain SELECT id, c FROM sbtest7 WHERE id BETWEEN 8718259 AND 8718359
	Index Scan using sbtest7_pkey on sbtest7  (cost=0.43..416.12 rows=105 width=125)
	  Index Cond: ((id >= 8718259) AND (id <= 8718359))

table 8 : explain SELECT id, c FROM sbtest8 WHERE id BETWEEN 8718259 AND 8718359
	Index Scan using sbtest8_pkey on sbtest8  (cost=0.43..369.56 rows=93 width=125)
	  Index Cond: ((id >= 8718259) AND (id <= 8718359))

explain: for range-notcovered :: explain SELECT id, c FROM sbtest%d WHERE id BETWEEN 3662835 AND 3662935
explain: for range-notcovered :: explain SELECT id, c FROM sbtest%d WHERE id BETWEEN 8718259 AND 8718359
for range-notcovered
table 1 : explain SELECT id, c FROM sbtest1 WHERE id BETWEEN 823095 AND 823195
	Index Scan using sbtest1_pkey on sbtest1  (cost=0.43..416.68 rows=105 width=125)
	  Index Cond: ((id >= 823095) AND (id <= 823195))

table 2 : explain SELECT id, c FROM sbtest2 WHERE id BETWEEN 823095 AND 823195
	Index Scan using sbtest2_pkey on sbtest2  (cost=0.43..381.09 rows=96 width=125)
	  Index Cond: ((id >= 823095) AND (id <= 823195))

table 3 : explain SELECT id, c FROM sbtest3 WHERE id BETWEEN 823095 AND 823195
	Index Scan using sbtest3_pkey on sbtest3  (cost=0.43..418.17 rows=105 width=125)
	  Index Cond: ((id >= 823095) AND (id <= 823195))

table 4 : explain SELECT id, c FROM sbtest4 WHERE id BETWEEN 823095 AND 823195
	Index Scan using sbtest4_pkey on sbtest4  (cost=0.43..374.64 rows=94 width=125)
	  Index Cond: ((id >= 823095) AND (id <= 823195))

table 5 : explain SELECT id, c FROM sbtest5 WHERE id BETWEEN 823095 AND 823195
	Index Scan using sbtest5_pkey on sbtest5  (cost=0.43..364.85 rows=92 width=125)
	  Index Cond: ((id >= 823095) AND (id <= 823195))

table 6 : explain SELECT id, c FROM sbtest6 WHERE id BETWEEN 823095 AND 823195
	Index Scan using sbtest6_pkey on sbtest6  (cost=0.43..405.05 rows=102 width=125)
	  Index Cond: ((id >= 823095) AND (id <= 823195))

table 7 : explain SELECT id, c FROM sbtest7 WHERE id BETWEEN 823095 AND 823195
	Index Scan using sbtest7_pkey on sbtest7  (cost=0.43..373.01 rows=94 width=125)
	  Index Cond: ((id >= 823095) AND (id <= 823195))

table 8 : explain SELECT id, c FROM sbtest8 WHERE id BETWEEN 823095 AND 823195
	Index Scan using sbtest8_pkey on sbtest8  (cost=0.43..397.03 rows=100 width=125)
	  Index Cond: ((id >= 823095) AND (id <= 823195))

for range-notcovered
table 1 : explain SELECT id, c FROM sbtest1 WHERE id BETWEEN 6722609 AND 6722709
	Index Scan using sbtest1_pkey on sbtest1  (cost=0.43..385.28 rows=97 width=125)
	  Index Cond: ((id >= 6722609) AND (id <= 6722709))

table 2 : explain SELECT id, c FROM sbtest2 WHERE id BETWEEN 6722609 AND 6722709
	Index Scan using sbtest2_pkey on sbtest2  (cost=0.43..361.46 rows=91 width=125)
	  Index Cond: ((id >= 6722609) AND (id <= 6722709))

table 3 : explain SELECT id, c FROM sbtest3 WHERE id BETWEEN 6722609 AND 6722709
	Index Scan using sbtest3_pkey on sbtest3  (cost=0.43..445.74 rows=112 width=125)
	  Index Cond: ((id >= 6722609) AND (id <= 6722709))

table 4 : explain SELECT id, c FROM sbtest4 WHERE id BETWEEN 6722609 AND 6722709
	Index Scan using sbtest4_pkey on sbtest4  (cost=0.43..386.47 rows=97 width=125)
	  Index Cond: ((id >= 6722609) AND (id <= 6722709))

table 5 : explain SELECT id, c FROM sbtest5 WHERE id BETWEEN 6722609 AND 6722709
	Index Scan using sbtest5_pkey on sbtest5  (cost=0.43..396.18 rows=100 width=125)
	  Index Cond: ((id >= 6722609) AND (id <= 6722709))

table 6 : explain SELECT id, c FROM sbtest6 WHERE id BETWEEN 6722609 AND 6722709
	Index Scan using sbtest6_pkey on sbtest6  (cost=0.43..397.20 rows=100 width=125)
	  Index Cond: ((id >= 6722609) AND (id <= 6722709))

table 7 : explain SELECT id, c FROM sbtest7 WHERE id BETWEEN 6722609 AND 6722709
	Index Scan using sbtest7_pkey on sbtest7  (cost=0.43..388.68 rows=98 width=125)
	  Index Cond: ((id >= 6722609) AND (id <= 6722709))

table 8 : explain SELECT id, c FROM sbtest8 WHERE id BETWEEN 6722609 AND 6722709
	Index Scan using sbtest8_pkey on sbtest8  (cost=0.43..424.50 rows=107 width=125)
	  Index Cond: ((id >= 6722609) AND (id <= 6722709))

explain: for range-notcovered :: explain SELECT id, c FROM sbtest%d WHERE id BETWEEN 823095 AND 823195
explain: for range-notcovered :: explain SELECT id, c FROM sbtest%d WHERE id BETWEEN 6722609 AND 6722709
for range-notcovered
table 1 : explain SELECT id, c FROM sbtest1 WHERE id BETWEEN 6633597 AND 6633697
	Index Scan using sbtest1_pkey on sbtest1  (cost=0.43..393.13 rows=99 width=125)
	  Index Cond: ((id >= 6633597) AND (id <= 6633697))

table 2 : explain SELECT id, c FROM sbtest2 WHERE id BETWEEN 6633597 AND 6633697
	Index Scan using sbtest2_pkey on sbtest2  (cost=0.43..388.93 rows=98 width=125)
	  Index Cond: ((id >= 6633597) AND (id <= 6633697))

table 3 : explain SELECT id, c FROM sbtest3 WHERE id BETWEEN 6633597 AND 6633697
	Index Scan using sbtest3_pkey on sbtest3  (cost=0.43..410.29 rows=103 width=125)
	  Index Cond: ((id >= 6633597) AND (id <= 6633697))

table 4 : explain SELECT id, c FROM sbtest4 WHERE id BETWEEN 6633597 AND 6633697
	Index Scan using sbtest4_pkey on sbtest4  (cost=0.43..358.89 rows=90 width=125)
	  Index Cond: ((id >= 6633597) AND (id <= 6633697))

table 5 : explain SELECT id, c FROM sbtest5 WHERE id BETWEEN 6633597 AND 6633697
	Index Scan using sbtest5_pkey on sbtest5  (cost=0.43..415.75 rows=105 width=125)
	  Index Cond: ((id >= 6633597) AND (id <= 6633697))

table 6 : explain SELECT id, c FROM sbtest6 WHERE id BETWEEN 6633597 AND 6633697
	Index Scan using sbtest6_pkey on sbtest6  (cost=0.43..373.64 rows=94 width=125)
	  Index Cond: ((id >= 6633597) AND (id <= 6633697))

table 7 : explain SELECT id, c FROM sbtest7 WHERE id BETWEEN 6633597 AND 6633697
	Index Scan using sbtest7_pkey on sbtest7  (cost=0.43..451.39 rows=114 width=125)
	  Index Cond: ((id >= 6633597) AND (id <= 6633697))

table 8 : explain SELECT id, c FROM sbtest8 WHERE id BETWEEN 6633597 AND 6633697
	Index Scan using sbtest8_pkey on sbtest8  (cost=0.43..424.50 rows=107 width=125)
	  Index Cond: ((id >= 6633597) AND (id <= 6633697))

for range-notcovered
table 1 : explain SELECT id, c FROM sbtest1 WHERE id BETWEEN 8347464 AND 8347564
	Index Scan using sbtest1_pkey on sbtest1  (cost=0.43..420.60 rows=106 width=125)
	  Index Cond: ((id >= 8347464) AND (id <= 8347564))

table 2 : explain SELECT id, c FROM sbtest2 WHERE id BETWEEN 8347464 AND 8347564
	Index Scan using sbtest2_pkey on sbtest2  (cost=0.43..377.15 rows=95 width=125)
	  Index Cond: ((id >= 8347464) AND (id <= 8347564))

table 3 : explain SELECT id, c FROM sbtest3 WHERE id BETWEEN 8347464 AND 8347564
	Index Scan using sbtest3_pkey on sbtest3  (cost=0.43..426.04 rows=107 width=125)
	  Index Cond: ((id >= 8347464) AND (id <= 8347564))

table 4 : explain SELECT id, c FROM sbtest4 WHERE id BETWEEN 8347464 AND 8347564
	Index Scan using sbtest4_pkey on sbtest4  (cost=0.43..366.77 rows=92 width=125)
	  Index Cond: ((id >= 8347464) AND (id <= 8347564))

table 5 : explain SELECT id, c FROM sbtest5 WHERE id BETWEEN 8347464 AND 8347564
	Index Scan using sbtest5_pkey on sbtest5  (cost=0.43..419.67 rows=106 width=125)
	  Index Cond: ((id >= 8347464) AND (id <= 8347564))

table 6 : explain SELECT id, c FROM sbtest6 WHERE id BETWEEN 8347464 AND 8347564
	Index Scan using sbtest6_pkey on sbtest6  (cost=0.43..385.42 rows=97 width=125)
	  Index Cond: ((id >= 8347464) AND (id <= 8347564))

table 7 : explain SELECT id, c FROM sbtest7 WHERE id BETWEEN 8347464 AND 8347564
	Index Scan using sbtest7_pkey on sbtest7  (cost=0.43..373.01 rows=94 width=125)
	  Index Cond: ((id >= 8347464) AND (id <= 8347564))

table 8 : explain SELECT id, c FROM sbtest8 WHERE id BETWEEN 8347464 AND 8347564
	Index Scan using sbtest8_pkey on sbtest8  (cost=0.43..408.80 rows=103 width=125)
	  Index Cond: ((id >= 8347464) AND (id <= 8347564))

for range-notcovered
table 1 : explain SELECT id, c FROM sbtest1 WHERE id BETWEEN 8581503 AND 8581603
	Index Scan using sbtest1_pkey on sbtest1  (cost=0.43..373.49 rows=94 width=125)
	  Index Cond: ((id >= 8581503) AND (id <= 8581603))

table 2 : explain SELECT id, c FROM sbtest2 WHERE id BETWEEN 8581503 AND 8581603
	Index Scan using sbtest2_pkey on sbtest2  (cost=0.43..432.07 rows=109 width=125)
	  Index Cond: ((id >= 8581503) AND (id <= 8581603))

table 3 : explain SELECT id, c FROM sbtest3 WHERE id BETWEEN 8581503 AND 8581603
	Index Scan using sbtest3_pkey on sbtest3  (cost=0.43..374.82 rows=94 width=125)
	  Index Cond: ((id >= 8581503) AND (id <= 8581603))

table 4 : explain SELECT id, c FROM sbtest4 WHERE id BETWEEN 8581503 AND 8581603
	Index Scan using sbtest4_pkey on sbtest4  (cost=0.43..406.16 rows=102 width=125)
	  Index Cond: ((id >= 8581503) AND (id <= 8581603))

table 5 : explain SELECT id, c FROM sbtest5 WHERE id BETWEEN 8581503 AND 8581603
	Index Scan using sbtest5_pkey on sbtest5  (cost=0.43..384.43 rows=97 width=125)
	  Index Cond: ((id >= 8581503) AND (id <= 8581603))

table 6 : explain SELECT id, c FROM sbtest6 WHERE id BETWEEN 8581503 AND 8581603
	Index Scan using sbtest6_pkey on sbtest6  (cost=0.43..416.83 rows=105 width=125)
	  Index Cond: ((id >= 8581503) AND (id <= 8581603))

table 7 : explain SELECT id, c FROM sbtest7 WHERE id BETWEEN 8581503 AND 8581603
	Index Scan using sbtest7_pkey on sbtest7  (cost=0.43..388.68 rows=98 width=125)
	  Index Cond: ((id >= 8581503) AND (id <= 8581603))

table 8 : explain SELECT id, c FROM sbtest8 WHERE id BETWEEN 8581503 AND 8581603
	Index Scan using sbtest8_pkey on sbtest8  (cost=0.43..404.88 rows=102 width=125)
	  Index Cond: ((id >= 8581503) AND (id <= 8581603))

for range-notcovered
table 1 : explain SELECT id, c FROM sbtest1 WHERE id BETWEEN 3383356 AND 3383456
	Index Scan using sbtest1_pkey on sbtest1  (cost=0.43..412.76 rows=104 width=125)
	  Index Cond: ((id >= 3383356) AND (id <= 3383456))

table 2 : explain SELECT id, c FROM sbtest2 WHERE id BETWEEN 3383356 AND 3383456
	Index Scan using sbtest2_pkey on sbtest2  (cost=0.43..373.22 rows=94 width=125)
	  Index Cond: ((id >= 3383356) AND (id <= 3383456))

table 3 : explain SELECT id, c FROM sbtest3 WHERE id BETWEEN 3383356 AND 3383456
	Index Scan using sbtest3_pkey on sbtest3  (cost=0.43..422.10 rows=106 width=125)
	  Index Cond: ((id >= 3383356) AND (id <= 3383456))

table 4 : explain SELECT id, c FROM sbtest4 WHERE id BETWEEN 3383356 AND 3383456
	Index Scan using sbtest4_pkey on sbtest4  (cost=0.43..362.83 rows=91 width=125)
	  Index Cond: ((id >= 3383356) AND (id <= 3383456))

table 5 : explain SELECT id, c FROM sbtest5 WHERE id BETWEEN 3383356 AND 3383456
	Index Scan using sbtest5_pkey on sbtest5  (cost=0.43..396.18 rows=100 width=125)
	  Index Cond: ((id >= 3383356) AND (id <= 3383456))

table 6 : explain SELECT id, c FROM sbtest6 WHERE id BETWEEN 3383356 AND 3383456
	Index Scan using sbtest6_pkey on sbtest6  (cost=0.43..401.13 rows=101 width=125)
	  Index Cond: ((id >= 3383356) AND (id <= 3383456))

table 7 : explain SELECT id, c FROM sbtest7 WHERE id BETWEEN 3383356 AND 3383456
	Index Scan using sbtest7_pkey on sbtest7  (cost=0.43..416.12 rows=105 width=125)
	  Index Cond: ((id >= 3383356) AND (id <= 3383456))

table 8 : explain SELECT id, c FROM sbtest8 WHERE id BETWEEN 3383356 AND 3383456
	Index Scan using sbtest8_pkey on sbtest8  (cost=0.43..377.41 rows=95 width=125)
	  Index Cond: ((id >= 3383356) AND (id <= 3383456))

explain: for range-notcovered :: explain SELECT id, c FROM sbtest%d WHERE id BETWEEN 8581503 AND 8581603
for range-notcovered
table 1 : explain SELECT id, c FROM sbtest1 WHERE id BETWEEN 2970879 AND 2970979
	Index Scan using sbtest1_pkey on sbtest1  (cost=0.43..412.76 rows=104 width=125)
	  Index Cond: ((id >= 2970879) AND (id <= 2970979))

table 2 : explain SELECT id, c FROM sbtest2 WHERE id BETWEEN 2970879 AND 2970979
	Index Scan using sbtest2_pkey on sbtest2  (cost=0.43..373.22 rows=94 width=125)
	  Index Cond: ((id >= 2970879) AND (id <= 2970979))

table 3 : explain SELECT id, c FROM sbtest3 WHERE id BETWEEN 2970879 AND 2970979
	Index Scan using sbtest3_pkey on sbtest3  (cost=0.43..437.86 rows=110 width=125)
	  Index Cond: ((id >= 2970879) AND (id <= 2970979))

table 4 : explain SELECT id, c FROM sbtest4 WHERE id BETWEEN 2970879 AND 2970979
	Index Scan using sbtest4_pkey on sbtest4  (cost=0.43..421.90 rows=106 width=125)
	  Index Cond: ((id >= 2970879) AND (id <= 2970979))

table 5 : explain SELECT id, c FROM sbtest5 WHERE id BETWEEN 2970879 AND 2970979
	Index Scan using sbtest5_pkey on sbtest5  (cost=0.43..431.42 rows=109 width=125)
	  Index Cond: ((id >= 2970879) AND (id <= 2970979))

table 6 : explain SELECT id, c FROM sbtest6 WHERE id BETWEEN 2970879 AND 2970979
	Index Scan using sbtest6_pkey on sbtest6  (cost=0.43..385.42 rows=97 width=125)
	  Index Cond: ((id >= 2970879) AND (id <= 2970979))

table 7 : explain SELECT id, c FROM sbtest7 WHERE id BETWEEN 2970879 AND 2970979
	Index Scan using sbtest7_pkey on sbtest7  (cost=0.43..439.63 rows=111 width=125)
	  Index Cond: ((id >= 2970879) AND (id <= 2970979))

table 8 : explain SELECT id, c FROM sbtest8 WHERE id BETWEEN 2970879 AND 2970979
	Index Scan using sbtest8_pkey on sbtest8  (cost=0.43..436.27 rows=110 width=125)
	  Index Cond: ((id >= 2970879) AND (id <= 2970979))

for range-notcovered
table 1 : explain SELECT id, c FROM sbtest1 WHERE id BETWEEN 333892 AND 333992
	Index Scan using sbtest1_pkey on sbtest1  (cost=0.43..416.68 rows=105 width=125)
	  Index Cond: ((id >= 333892) AND (id <= 333992))

table 2 : explain SELECT id, c FROM sbtest2 WHERE id BETWEEN 333892 AND 333992
	Index Scan using sbtest2_pkey on sbtest2  (cost=0.43..361.46 rows=91 width=125)
	  Index Cond: ((id >= 333892) AND (id <= 333992))

table 3 : explain SELECT id, c FROM sbtest3 WHERE id BETWEEN 333892 AND 333992
	Index Scan using sbtest3_pkey on sbtest3  (cost=0.43..398.47 rows=100 width=125)
	  Index Cond: ((id >= 333892) AND (id <= 333992))

table 4 : explain SELECT id, c FROM sbtest4 WHERE id BETWEEN 333892 AND 333992
	Index Scan using sbtest4_pkey on sbtest4  (cost=0.43..421.90 rows=106 width=125)
	  Index Cond: ((id >= 333892) AND (id <= 333992))

table 5 : explain SELECT id, c FROM sbtest5 WHERE id BETWEEN 333892 AND 333992
	Index Scan using sbtest5_pkey on sbtest5  (cost=0.43..357.02 rows=90 width=125)
	  Index Cond: ((id >= 333892) AND (id <= 333992))

table 6 : explain SELECT id, c FROM sbtest6 WHERE id BETWEEN 333892 AND 333992
	Index Scan using sbtest6_pkey on sbtest6  (cost=0.43..456.09 rows=115 width=125)
	  Index Cond: ((id >= 333892) AND (id <= 333992))

table 7 : explain SELECT id, c FROM sbtest7 WHERE id BETWEEN 333892 AND 333992
	Index Scan using sbtest7_pkey on sbtest7  (cost=0.43..373.01 rows=94 width=125)
	  Index Cond: ((id >= 333892) AND (id <= 333992))

table 8 : explain SELECT id, c FROM sbtest8 WHERE id BETWEEN 333892 AND 333992
	Index Scan using sbtest8_pkey on sbtest8  (cost=0.43..400.95 rows=101 width=125)
	  Index Cond: ((id >= 333892) AND (id <= 333992))

explain: for range-notcovered :: explain SELECT id, c FROM sbtest%d WHERE id BETWEEN 3383356 AND 3383456
explain: for range-notcovered :: explain SELECT id, c FROM sbtest%d WHERE id BETWEEN 2970879 AND 2970979
explain: for range-notcovered :: explain SELECT id, c FROM sbtest%d WHERE id BETWEEN 333892 AND 333992
for range-notcovered
table 1 : explain SELECT id, c FROM sbtest1 WHERE id BETWEEN 3662835 AND 3662935
	Index Scan using sbtest1_pkey on sbtest1  (cost=0.43..416.68 rows=105 width=125)
	  Index Cond: ((id >= 3662835) AND (id <= 3662935))

table 2 : explain SELECT id, c FROM sbtest2 WHERE id BETWEEN 3662835 AND 3662935
	Index Scan using sbtest2_pkey on sbtest2  (cost=0.43..428.15 rows=108 width=125)
	  Index Cond: ((id >= 3662835) AND (id <= 3662935))

table 3 : explain SELECT id, c FROM sbtest3 WHERE id BETWEEN 3662835 AND 3662935
	Index Scan using sbtest3_pkey on sbtest3  (cost=0.43..406.35 rows=102 width=125)
	  Index Cond: ((id >= 3662835) AND (id <= 3662935))

table 4 : explain SELECT id, c FROM sbtest4 WHERE id BETWEEN 3662835 AND 3662935
	Index Scan using sbtest4_pkey on sbtest4  (cost=0.43..417.97 rows=105 width=125)
	  Index Cond: ((id >= 3662835) AND (id <= 3662935))

table 5 : explain SELECT id, c FROM sbtest5 WHERE id BETWEEN 3662835 AND 3662935
	Index Scan using sbtest5_pkey on sbtest5  (cost=0.43..415.75 rows=105 width=125)
	  Index Cond: ((id >= 3662835) AND (id <= 3662935))

table 6 : explain SELECT id, c FROM sbtest6 WHERE id BETWEEN 3662835 AND 3662935
	Index Scan using sbtest6_pkey on sbtest6  (cost=0.43..401.13 rows=101 width=125)
	  Index Cond: ((id >= 3662835) AND (id <= 3662935))

table 7 : explain SELECT id, c FROM sbtest7 WHERE id BETWEEN 3662835 AND 3662935
	Index Scan using sbtest7_pkey on sbtest7  (cost=0.43..420.04 rows=106 width=125)
	  Index Cond: ((id >= 3662835) AND (id <= 3662935))

table 8 : explain SELECT id, c FROM sbtest8 WHERE id BETWEEN 3662835 AND 3662935
	Index Scan using sbtest8_pkey on sbtest8  (cost=0.43..404.88 rows=102 width=125)
	  Index Cond: ((id >= 3662835) AND (id <= 3662935))

for range-notcovered
table 1 : explain SELECT id, c FROM sbtest1 WHERE id BETWEEN 8718259 AND 8718359
	Index Scan using sbtest1_pkey on sbtest1  (cost=0.43..400.98 rows=101 width=125)
	  Index Cond: ((id >= 8718259) AND (id <= 8718359))

table 2 : explain SELECT id, c FROM sbtest2 WHERE id BETWEEN 8718259 AND 8718359
	Index Scan using sbtest2_pkey on sbtest2  (cost=0.43..381.09 rows=96 width=125)
	  Index Cond: ((id >= 8718259) AND (id <= 8718359))

table 3 : explain SELECT id, c FROM sbtest3 WHERE id BETWEEN 8718259 AND 8718359
	Index Scan using sbtest3_pkey on sbtest3  (cost=0.43..418.17 rows=105 width=125)
	  Index Cond: ((id >= 8718259) AND (id <= 8718359))

table 4 : explain SELECT id, c FROM sbtest4 WHERE id BETWEEN 8718259 AND 8718359
	Index Scan using sbtest4_pkey on sbtest4  (cost=0.43..406.16 rows=102 width=125)
	  Index Cond: ((id >= 8718259) AND (id <= 8718359))

table 5 : explain SELECT id, c FROM sbtest5 WHERE id BETWEEN 8718259 AND 8718359
	Index Scan using sbtest5_pkey on sbtest5  (cost=0.43..392.26 rows=99 width=125)
	  Index Cond: ((id >= 8718259) AND (id <= 8718359))

table 6 : explain SELECT id, c FROM sbtest6 WHERE id BETWEEN 8718259 AND 8718359
	Index Scan using sbtest6_pkey on sbtest6  (cost=0.43..405.05 rows=102 width=125)
	  Index Cond: ((id >= 8718259) AND (id <= 8718359))

table 7 : explain SELECT id, c FROM sbtest7 WHERE id BETWEEN 8718259 AND 8718359
	Index Scan using sbtest7_pkey on sbtest7  (cost=0.43..416.12 rows=105 width=125)
	  Index Cond: ((id >= 8718259) AND (id <= 8718359))

table 8 : explain SELECT id, c FROM sbtest8 WHERE id BETWEEN 8718259 AND 8718359
	Index Scan using sbtest8_pkey on sbtest8  (cost=0.43..369.56 rows=93 width=125)
	  Index Cond: ((id >= 8718259) AND (id <= 8718359))

explain: for range-notcovered :: explain SELECT id, c FROM sbtest%d WHERE id BETWEEN 8718259 AND 8718359
for range-notcovered
table 1 : explain SELECT id, c FROM sbtest1 WHERE id BETWEEN 823095 AND 823195
	Index Scan using sbtest1_pkey on sbtest1  (cost=0.43..416.68 rows=105 width=125)
	  Index Cond: ((id >= 823095) AND (id <= 823195))

table 2 : explain SELECT id, c FROM sbtest2 WHERE id BETWEEN 823095 AND 823195
	Index Scan using sbtest2_pkey on sbtest2  (cost=0.43..381.09 rows=96 width=125)
	  Index Cond: ((id >= 823095) AND (id <= 823195))

table 3 : explain SELECT id, c FROM sbtest3 WHERE id BETWEEN 823095 AND 823195
	Index Scan using sbtest3_pkey on sbtest3  (cost=0.43..418.17 rows=105 width=125)
	  Index Cond: ((id >= 823095) AND (id <= 823195))

table 4 : explain SELECT id, c FROM sbtest4 WHERE id BETWEEN 823095 AND 823195
	Index Scan using sbtest4_pkey on sbtest4  (cost=0.43..374.64 rows=94 width=125)
	  Index Cond: ((id >= 823095) AND (id <= 823195))

table 5 : explain SELECT id, c FROM sbtest5 WHERE id BETWEEN 823095 AND 823195
	Index Scan using sbtest5_pkey on sbtest5  (cost=0.43..364.85 rows=92 width=125)
	  Index Cond: ((id >= 823095) AND (id <= 823195))

table 6 : explain SELECT id, c FROM sbtest6 WHERE id BETWEEN 823095 AND 823195
	Index Scan using sbtest6_pkey on sbtest6  (cost=0.43..405.05 rows=102 width=125)
	  Index Cond: ((id >= 823095) AND (id <= 823195))

table 7 : explain SELECT id, c FROM sbtest7 WHERE id BETWEEN 823095 AND 823195
	Index Scan using sbtest7_pkey on sbtest7  (cost=0.43..373.01 rows=94 width=125)
	  Index Cond: ((id >= 823095) AND (id <= 823195))

table 8 : explain SELECT id, c FROM sbtest8 WHERE id BETWEEN 823095 AND 823195
	Index Scan using sbtest8_pkey on sbtest8  (cost=0.43..397.03 rows=100 width=125)
	  Index Cond: ((id >= 823095) AND (id <= 823195))

for range-notcovered
table 1 : explain SELECT id, c FROM sbtest1 WHERE id BETWEEN 6722609 AND 6722709
	Index Scan using sbtest1_pkey on sbtest1  (cost=0.43..385.28 rows=97 width=125)
	  Index Cond: ((id >= 6722609) AND (id <= 6722709))

table 2 : explain SELECT id, c FROM sbtest2 WHERE id BETWEEN 6722609 AND 6722709
	Index Scan using sbtest2_pkey on sbtest2  (cost=0.43..361.46 rows=91 width=125)
	  Index Cond: ((id >= 6722609) AND (id <= 6722709))

table 3 : explain SELECT id, c FROM sbtest3 WHERE id BETWEEN 6722609 AND 6722709
	Index Scan using sbtest3_pkey on sbtest3  (cost=0.43..445.74 rows=112 width=125)
	  Index Cond: ((id >= 6722609) AND (id <= 6722709))

table 4 : explain SELECT id, c FROM sbtest4 WHERE id BETWEEN 6722609 AND 6722709
	Index Scan using sbtest4_pkey on sbtest4  (cost=0.43..386.47 rows=97 width=125)
	  Index Cond: ((id >= 6722609) AND (id <= 6722709))

table 5 : explain SELECT id, c FROM sbtest5 WHERE id BETWEEN 6722609 AND 6722709
	Index Scan using sbtest5_pkey on sbtest5  (cost=0.43..396.18 rows=100 width=125)
	  Index Cond: ((id >= 6722609) AND (id <= 6722709))

table 6 : explain SELECT id, c FROM sbtest6 WHERE id BETWEEN 6722609 AND 6722709
	Index Scan using sbtest6_pkey on sbtest6  (cost=0.43..397.20 rows=100 width=125)
	  Index Cond: ((id >= 6722609) AND (id <= 6722709))

table 7 : explain SELECT id, c FROM sbtest7 WHERE id BETWEEN 6722609 AND 6722709
	Index Scan using sbtest7_pkey on sbtest7  (cost=0.43..388.68 rows=98 width=125)
	  Index Cond: ((id >= 6722609) AND (id <= 6722709))

table 8 : explain SELECT id, c FROM sbtest8 WHERE id BETWEEN 6722609 AND 6722709
	Index Scan using sbtest8_pkey on sbtest8  (cost=0.43..424.50 rows=107 width=125)
	  Index Cond: ((id >= 6722609) AND (id <= 6722709))

explain: for range-notcovered :: explain SELECT id, c FROM sbtest%d WHERE id BETWEEN 823095 AND 823195
for range-notcovered
table 1 : explain SELECT id, c FROM sbtest1 WHERE id BETWEEN 4100132 AND 4100232
	Index Scan using sbtest1_pkey on sbtest1  (cost=0.43..416.68 rows=105 width=125)
	  Index Cond: ((id >= 4100132) AND (id <= 4100232))

table 2 : explain SELECT id, c FROM sbtest2 WHERE id BETWEEN 4100132 AND 4100232
	Index Scan using sbtest2_pkey on sbtest2  (cost=0.43..377.15 rows=95 width=125)
	  Index Cond: ((id >= 4100132) AND (id <= 4100232))

table 3 : explain SELECT id, c FROM sbtest3 WHERE id BETWEEN 4100132 AND 4100232
	Index Scan using sbtest3_pkey on sbtest3  (cost=0.43..410.29 rows=103 width=125)
	  Index Cond: ((id >= 4100132) AND (id <= 4100232))

table 4 : explain SELECT id, c FROM sbtest4 WHERE id BETWEEN 4100132 AND 4100232
	Index Scan using sbtest4_pkey on sbtest4  (cost=0.43..441.59 rows=111 width=125)
	  Index Cond: ((id >= 4100132) AND (id <= 4100232))

table 5 : explain SELECT id, c FROM sbtest5 WHERE id BETWEEN 4100132 AND 4100232
	Index Scan using sbtest5_pkey on sbtest5  (cost=0.43..427.50 rows=108 width=125)
	  Index Cond: ((id >= 4100132) AND (id <= 4100232))

table 6 : explain SELECT id, c FROM sbtest6 WHERE id BETWEEN 4100132 AND 4100232
	Index Scan using sbtest6_pkey on sbtest6  (cost=0.43..405.05 rows=102 width=125)
	  Index Cond: ((id >= 4100132) AND (id <= 4100232))

table 7 : explain SELECT id, c FROM sbtest7 WHERE id BETWEEN 4100132 AND 4100232
	Index Scan using sbtest7_pkey on sbtest7  (cost=0.43..384.77 rows=97 width=125)
	  Index Cond: ((id >= 4100132) AND (id <= 4100232))

table 8 : explain SELECT id, c FROM sbtest8 WHERE id BETWEEN 4100132 AND 4100232
	Index Scan using sbtest8_pkey on sbtest8  (cost=0.43..381.33 rows=96 width=125)
	  Index Cond: ((id >= 4100132) AND (id <= 4100232))

explain: for range-notcovered :: explain SELECT id, c FROM sbtest%d WHERE id BETWEEN 4100132 AND 4100232
for range-notcovered
table 1 : explain SELECT id, c FROM sbtest1 WHERE id BETWEEN 8581503 AND 8581603
	Index Scan using sbtest1_pkey on sbtest1  (cost=0.43..373.49 rows=94 width=125)
	  Index Cond: ((id >= 8581503) AND (id <= 8581603))

table 2 : explain SELECT id, c FROM sbtest2 WHERE id BETWEEN 8581503 AND 8581603
	Index Scan using sbtest2_pkey on sbtest2  (cost=0.43..432.07 rows=109 width=125)
	  Index Cond: ((id >= 8581503) AND (id <= 8581603))

table 3 : explain SELECT id, c FROM sbtest3 WHERE id BETWEEN 8581503 AND 8581603
	Index Scan using sbtest3_pkey on sbtest3  (cost=0.43..374.82 rows=94 width=125)
	  Index Cond: ((id >= 8581503) AND (id <= 8581603))

table 4 : explain SELECT id, c FROM sbtest4 WHERE id BETWEEN 8581503 AND 8581603
	Index Scan using sbtest4_pkey on sbtest4  (cost=0.43..406.16 rows=102 width=125)
	  Index Cond: ((id >= 8581503) AND (id <= 8581603))

table 5 : explain SELECT id, c FROM sbtest5 WHERE id BETWEEN 8581503 AND 8581603
	Index Scan using sbtest5_pkey on sbtest5  (cost=0.43..384.43 rows=97 width=125)
	  Index Cond: ((id >= 8581503) AND (id <= 8581603))

table 6 : explain SELECT id, c FROM sbtest6 WHERE id BETWEEN 8581503 AND 8581603
	Index Scan using sbtest6_pkey on sbtest6  (cost=0.43..416.83 rows=105 width=125)
	  Index Cond: ((id >= 8581503) AND (id <= 8581603))

table 7 : explain SELECT id, c FROM sbtest7 WHERE id BETWEEN 8581503 AND 8581603
	Index Scan using sbtest7_pkey on sbtest7  (cost=0.43..388.68 rows=98 width=125)
	  Index Cond: ((id >= 8581503) AND (id <= 8581603))

table 8 : explain SELECT id, c FROM sbtest8 WHERE id BETWEEN 8581503 AND 8581603
	Index Scan using sbtest8_pkey on sbtest8  (cost=0.43..404.88 rows=102 width=125)
	  Index Cond: ((id >= 8581503) AND (id <= 8581603))

for range-notcovered
table 1 : explain SELECT id, c FROM sbtest1 WHERE id BETWEEN 2970879 AND 2970979
	Index Scan using sbtest1_pkey on sbtest1  (cost=0.43..412.76 rows=104 width=125)
	  Index Cond: ((id >= 2970879) AND (id <= 2970979))

table 2 : explain SELECT id, c FROM sbtest2 WHERE id BETWEEN 2970879 AND 2970979
	Index Scan using sbtest2_pkey on sbtest2  (cost=0.43..373.22 rows=94 width=125)
	  Index Cond: ((id >= 2970879) AND (id <= 2970979))

table 3 : explain SELECT id, c FROM sbtest3 WHERE id BETWEEN 2970879 AND 2970979
	Index Scan using sbtest3_pkey on sbtest3  (cost=0.43..437.86 rows=110 width=125)
	  Index Cond: ((id >= 2970879) AND (id <= 2970979))

table 4 : explain SELECT id, c FROM sbtest4 WHERE id BETWEEN 2970879 AND 2970979
	Index Scan using sbtest4_pkey on sbtest4  (cost=0.43..421.90 rows=106 width=125)
	  Index Cond: ((id >= 2970879) AND (id <= 2970979))

table 5 : explain SELECT id, c FROM sbtest5 WHERE id BETWEEN 2970879 AND 2970979
	Index Scan using sbtest5_pkey on sbtest5  (cost=0.43..431.42 rows=109 width=125)
	  Index Cond: ((id >= 2970879) AND (id <= 2970979))

table 6 : explain SELECT id, c FROM sbtest6 WHERE id BETWEEN 2970879 AND 2970979
	Index Scan using sbtest6_pkey on sbtest6  (cost=0.43..385.42 rows=97 width=125)
	  Index Cond: ((id >= 2970879) AND (id <= 2970979))

table 7 : explain SELECT id, c FROM sbtest7 WHERE id BETWEEN 2970879 AND 2970979
	Index Scan using sbtest7_pkey on sbtest7  (cost=0.43..439.63 rows=111 width=125)
	  Index Cond: ((id >= 2970879) AND (id <= 2970979))

table 8 : explain SELECT id, c FROM sbtest8 WHERE id BETWEEN 2970879 AND 2970979
	Index Scan using sbtest8_pkey on sbtest8  (cost=0.43..436.27 rows=110 width=125)
	  Index Cond: ((id >= 2970879) AND (id <= 2970979))
for range-notcovered
table 1 : explain SELECT id, c FROM sbtest1 WHERE id BETWEEN 3383356 AND 3383456
	Index Scan using sbtest1_pkey on sbtest1  (cost=0.43..412.76 rows=104 width=125)
	  Index Cond: ((id >= 3383356) AND (id <= 3383456))

table 2 : explain SELECT id, c FROM sbtest2 WHERE id BETWEEN 3383356 AND 3383456
	Index Scan using sbtest2_pkey on sbtest2  (cost=0.43..373.22 rows=94 width=125)
	  Index Cond: ((id >= 3383356) AND (id <= 3383456))

table 3 : explain SELECT id, c FROM sbtest3 WHERE id BETWEEN 3383356 AND 3383456
	Index Scan using sbtest3_pkey on sbtest3  (cost=0.43..422.10 rows=106 width=125)
	  Index Cond: ((id >= 3383356) AND (id <= 3383456))

table 4 : explain SELECT id, c FROM sbtest4 WHERE id BETWEEN 3383356 AND 3383456
	Index Scan using sbtest4_pkey on sbtest4  (cost=0.43..362.83 rows=91 width=125)
	  Index Cond: ((id >= 3383356) AND (id <= 3383456))

table 5 : explain SELECT id, c FROM sbtest5 WHERE id BETWEEN 3383356 AND 3383456
	Index Scan using sbtest5_pkey on sbtest5  (cost=0.43..396.18 rows=100 width=125)
	  Index Cond: ((id >= 3383356) AND (id <= 3383456))

table 6 : explain SELECT id, c FROM sbtest6 WHERE id BETWEEN 3383356 AND 3383456
	Index Scan using sbtest6_pkey on sbtest6  (cost=0.43..401.13 rows=101 width=125)
	  Index Cond: ((id >= 3383356) AND (id <= 3383456))

table 7 : explain SELECT id, c FROM sbtest7 WHERE id BETWEEN 3383356 AND 3383456
	Index Scan using sbtest7_pkey on sbtest7  (cost=0.43..416.12 rows=105 width=125)
	  Index Cond: ((id >= 3383356) AND (id <= 3383456))

table 8 : explain SELECT id, c FROM sbtest8 WHERE id BETWEEN 3383356 AND 3383456
	Index Scan using sbtest8_pkey on sbtest8  (cost=0.43..377.41 rows=95 width=125)
	  Index Cond: ((id >= 3383356) AND (id <= 3383456))

for range-notcovered
table 1 : explain SELECT id, c FROM sbtest1 WHERE id BETWEEN 333892 AND 333992
	Index Scan using sbtest1_pkey on sbtest1  (cost=0.43..416.68 rows=105 width=125)
	  Index Cond: ((id >= 333892) AND (id <= 333992))

table 2 : explain SELECT id, c FROM sbtest2 WHERE id BETWEEN 333892 AND 333992
	Index Scan using sbtest2_pkey on sbtest2  (cost=0.43..361.46 rows=91 width=125)
	  Index Cond: ((id >= 333892) AND (id <= 333992))

table 3 : explain SELECT id, c FROM sbtest3 WHERE id BETWEEN 333892 AND 333992
	Index Scan using sbtest3_pkey on sbtest3  (cost=0.43..398.47 rows=100 width=125)
	  Index Cond: ((id >= 333892) AND (id <= 333992))

table 4 : explain SELECT id, c FROM sbtest4 WHERE id BETWEEN 333892 AND 333992
	Index Scan using sbtest4_pkey on sbtest4  (cost=0.43..421.90 rows=106 width=125)
	  Index Cond: ((id >= 333892) AND (id <= 333992))

table 5 : explain SELECT id, c FROM sbtest5 WHERE id BETWEEN 333892 AND 333992
	Index Scan using sbtest5_pkey on sbtest5  (cost=0.43..357.02 rows=90 width=125)
	  Index Cond: ((id >= 333892) AND (id <= 333992))

table 6 : explain SELECT id, c FROM sbtest6 WHERE id BETWEEN 333892 AND 333992
	Index Scan using sbtest6_pkey on sbtest6  (cost=0.43..456.09 rows=115 width=125)
	  Index Cond: ((id >= 333892) AND (id <= 333992))

table 7 : explain SELECT id, c FROM sbtest7 WHERE id BETWEEN 333892 AND 333992
	Index Scan using sbtest7_pkey on sbtest7  (cost=0.43..373.01 rows=94 width=125)
	  Index Cond: ((id >= 333892) AND (id <= 333992))

table 8 : explain SELECT id, c FROM sbtest8 WHERE id BETWEEN 333892 AND 333992
	Index Scan using sbtest8_pkey on sbtest8  (cost=0.43..400.95 rows=101 width=125)
	  Index Cond: ((id >= 333892) AND (id <= 333992))


explain: for range-notcovered :: explain SELECT id, c FROM sbtest%d WHERE id BETWEEN 8581503 AND 8581603
explain: for range-notcovered :: explain SELECT id, c FROM sbtest%d WHERE id BETWEEN 333892 AND 333992
explain: for range-notcovered :: explain SELECT id, c FROM sbtest%d WHERE id BETWEEN 2970879 AND 2970979
for range-notcovered
table 1 : explain SELECT id, c FROM sbtest1 WHERE id BETWEEN 8718259 AND 8718359
	Index Scan using sbtest1_pkey on sbtest1  (cost=0.43..400.98 rows=101 width=125)
	  Index Cond: ((id >= 8718259) AND (id <= 8718359))

table 2 : explain SELECT id, c FROM sbtest2 WHERE id BETWEEN 8718259 AND 8718359
	Index Scan using sbtest2_pkey on sbtest2  (cost=0.43..381.09 rows=96 width=125)
	  Index Cond: ((id >= 8718259) AND (id <= 8718359))

table 3 : explain SELECT id, c FROM sbtest3 WHERE id BETWEEN 8718259 AND 8718359
	Index Scan using sbtest3_pkey on sbtest3  (cost=0.43..418.17 rows=105 width=125)
	  Index Cond: ((id >= 8718259) AND (id <= 8718359))

table 4 : explain SELECT id, c FROM sbtest4 WHERE id BETWEEN 8718259 AND 8718359
	Index Scan using sbtest4_pkey on sbtest4  (cost=0.43..406.16 rows=102 width=125)
	  Index Cond: ((id >= 8718259) AND (id <= 8718359))

table 5 : explain SELECT id, c FROM sbtest5 WHERE id BETWEEN 8718259 AND 8718359
	Index Scan using sbtest5_pkey on sbtest5  (cost=0.43..392.26 rows=99 width=125)
	  Index Cond: ((id >= 8718259) AND (id <= 8718359))

table 6 : explain SELECT id, c FROM sbtest6 WHERE id BETWEEN 8718259 AND 8718359
	Index Scan using sbtest6_pkey on sbtest6  (cost=0.43..405.05 rows=102 width=125)
	  Index Cond: ((id >= 8718259) AND (id <= 8718359))

table 7 : explain SELECT id, c FROM sbtest7 WHERE id BETWEEN 8718259 AND 8718359
	Index Scan using sbtest7_pkey on sbtest7  (cost=0.43..416.12 rows=105 width=125)
	  Index Cond: ((id >= 8718259) AND (id <= 8718359))

table 8 : explain SELECT id, c FROM sbtest8 WHERE id BETWEEN 8718259 AND 8718359
	Index Scan using sbtest8_pkey on sbtest8  (cost=0.43..369.56 rows=93 width=125)
	  Index Cond: ((id >= 8718259) AND (id <= 8718359))

explain: for range-notcovered :: explain SELECT id, c FROM sbtest%d WHERE id BETWEEN 8718259 AND 8718359
for range-notcovered
table 1 : explain SELECT id, c FROM sbtest1 WHERE id BETWEEN 823095 AND 823195
	Index Scan using sbtest1_pkey on sbtest1  (cost=0.43..416.68 rows=105 width=125)
	  Index Cond: ((id >= 823095) AND (id <= 823195))

table 2 : explain SELECT id, c FROM sbtest2 WHERE id BETWEEN 823095 AND 823195
	Index Scan using sbtest2_pkey on sbtest2  (cost=0.43..381.09 rows=96 width=125)
	  Index Cond: ((id >= 823095) AND (id <= 823195))

table 3 : explain SELECT id, c FROM sbtest3 WHERE id BETWEEN 823095 AND 823195
	Index Scan using sbtest3_pkey on sbtest3  (cost=0.43..418.17 rows=105 width=125)
	  Index Cond: ((id >= 823095) AND (id <= 823195))

table 4 : explain SELECT id, c FROM sbtest4 WHERE id BETWEEN 823095 AND 823195
	Index Scan using sbtest4_pkey on sbtest4  (cost=0.43..374.64 rows=94 width=125)
	  Index Cond: ((id >= 823095) AND (id <= 823195))

table 5 : explain SELECT id, c FROM sbtest5 WHERE id BETWEEN 823095 AND 823195
	Index Scan using sbtest5_pkey on sbtest5  (cost=0.43..364.85 rows=92 width=125)
	  Index Cond: ((id >= 823095) AND (id <= 823195))

table 6 : explain SELECT id, c FROM sbtest6 WHERE id BETWEEN 823095 AND 823195
	Index Scan using sbtest6_pkey on sbtest6  (cost=0.43..405.05 rows=102 width=125)
	  Index Cond: ((id >= 823095) AND (id <= 823195))

table 7 : explain SELECT id, c FROM sbtest7 WHERE id BETWEEN 823095 AND 823195
	Index Scan using sbtest7_pkey on sbtest7  (cost=0.43..373.01 rows=94 width=125)
	  Index Cond: ((id >= 823095) AND (id <= 823195))

table 8 : explain SELECT id, c FROM sbtest8 WHERE id BETWEEN 823095 AND 823195
	Index Scan using sbtest8_pkey on sbtest8  (cost=0.43..397.03 rows=100 width=125)
	  Index Cond: ((id >= 823095) AND (id <= 823195))

explain: for range-notcovered :: explain SELECT id, c FROM sbtest%d WHERE id BETWEEN 823095 AND 823195
for range-notcovered
table 1 : explain SELECT id, c FROM sbtest1 WHERE id BETWEEN 4100132 AND 4100232
	Index Scan using sbtest1_pkey on sbtest1  (cost=0.43..416.68 rows=105 width=125)
	  Index Cond: ((id >= 4100132) AND (id <= 4100232))

table 2 : explain SELECT id, c FROM sbtest2 WHERE id BETWEEN 4100132 AND 4100232
	Index Scan using sbtest2_pkey on sbtest2  (cost=0.43..377.15 rows=95 width=125)
	  Index Cond: ((id >= 4100132) AND (id <= 4100232))

table 3 : explain SELECT id, c FROM sbtest3 WHERE id BETWEEN 4100132 AND 4100232
	Index Scan using sbtest3_pkey on sbtest3  (cost=0.43..410.29 rows=103 width=125)
	  Index Cond: ((id >= 4100132) AND (id <= 4100232))

table 4 : explain SELECT id, c FROM sbtest4 WHERE id BETWEEN 4100132 AND 4100232
	Index Scan using sbtest4_pkey on sbtest4  (cost=0.43..441.59 rows=111 width=125)
	  Index Cond: ((id >= 4100132) AND (id <= 4100232))

table 5 : explain SELECT id, c FROM sbtest5 WHERE id BETWEEN 4100132 AND 4100232
	Index Scan using sbtest5_pkey on sbtest5  (cost=0.43..427.50 rows=108 width=125)
	  Index Cond: ((id >= 4100132) AND (id <= 4100232))

table 6 : explain SELECT id, c FROM sbtest6 WHERE id BETWEEN 4100132 AND 4100232
	Index Scan using sbtest6_pkey on sbtest6  (cost=0.43..405.05 rows=102 width=125)
	  Index Cond: ((id >= 4100132) AND (id <= 4100232))

table 7 : explain SELECT id, c FROM sbtest7 WHERE id BETWEEN 4100132 AND 4100232
	Index Scan using sbtest7_pkey on sbtest7  (cost=0.43..384.77 rows=97 width=125)
	  Index Cond: ((id >= 4100132) AND (id <= 4100232))

table 8 : explain SELECT id, c FROM sbtest8 WHERE id BETWEEN 4100132 AND 4100232
	Index Scan using sbtest8_pkey on sbtest8  (cost=0.43..381.33 rows=96 width=125)
	  Index Cond: ((id >= 4100132) AND (id <= 4100232))

explain: for range-notcovered :: explain SELECT id, c FROM sbtest%d WHERE id BETWEEN 4100132 AND 4100232
for range-notcovered
table 1 : explain SELECT id, c FROM sbtest1 WHERE id BETWEEN 333892 AND 333992
	Index Scan using sbtest1_pkey on sbtest1  (cost=0.43..416.68 rows=105 width=125)
	  Index Cond: ((id >= 333892) AND (id <= 333992))

table 2 : explain SELECT id, c FROM sbtest2 WHERE id BETWEEN 333892 AND 333992
	Index Scan using sbtest2_pkey on sbtest2  (cost=0.43..361.46 rows=91 width=125)
	  Index Cond: ((id >= 333892) AND (id <= 333992))

table 3 : explain SELECT id, c FROM sbtest3 WHERE id BETWEEN 333892 AND 333992
	Index Scan using sbtest3_pkey on sbtest3  (cost=0.43..398.47 rows=100 width=125)
	  Index Cond: ((id >= 333892) AND (id <= 333992))

table 4 : explain SELECT id, c FROM sbtest4 WHERE id BETWEEN 333892 AND 333992
	Index Scan using sbtest4_pkey on sbtest4  (cost=0.43..421.90 rows=106 width=125)
	  Index Cond: ((id >= 333892) AND (id <= 333992))

table 5 : explain SELECT id, c FROM sbtest5 WHERE id BETWEEN 333892 AND 333992
	Index Scan using sbtest5_pkey on sbtest5  (cost=0.43..357.02 rows=90 width=125)
	  Index Cond: ((id >= 333892) AND (id <= 333992))

table 6 : explain SELECT id, c FROM sbtest6 WHERE id BETWEEN 333892 AND 333992
	Index Scan using sbtest6_pkey on sbtest6  (cost=0.43..456.09 rows=115 width=125)
	  Index Cond: ((id >= 333892) AND (id <= 333992))

table 7 : explain SELECT id, c FROM sbtest7 WHERE id BETWEEN 333892 AND 333992
	Index Scan using sbtest7_pkey on sbtest7  (cost=0.43..373.01 rows=94 width=125)
	  Index Cond: ((id >= 333892) AND (id <= 333992))

table 8 : explain SELECT id, c FROM sbtest8 WHERE id BETWEEN 333892 AND 333992
	Index Scan using sbtest8_pkey on sbtest8  (cost=0.43..400.95 rows=101 width=125)
	  Index Cond: ((id >= 333892) AND (id <= 333992))

for range-notcovered
table 1 : explain SELECT id, c FROM sbtest1 WHERE id BETWEEN 2970879 AND 2970979
	Index Scan using sbtest1_pkey on sbtest1  (cost=0.43..412.76 rows=104 width=125)
	  Index Cond: ((id >= 2970879) AND (id <= 2970979))

table 2 : explain SELECT id, c FROM sbtest2 WHERE id BETWEEN 2970879 AND 2970979
	Index Scan using sbtest2_pkey on sbtest2  (cost=0.43..373.22 rows=94 width=125)
	  Index Cond: ((id >= 2970879) AND (id <= 2970979))

table 3 : explain SELECT id, c FROM sbtest3 WHERE id BETWEEN 2970879 AND 2970979
	Index Scan using sbtest3_pkey on sbtest3  (cost=0.43..437.86 rows=110 width=125)
	  Index Cond: ((id >= 2970879) AND (id <= 2970979))

table 4 : explain SELECT id, c FROM sbtest4 WHERE id BETWEEN 2970879 AND 2970979
	Index Scan using sbtest4_pkey on sbtest4  (cost=0.43..421.90 rows=106 width=125)
	  Index Cond: ((id >= 2970879) AND (id <= 2970979))

table 5 : explain SELECT id, c FROM sbtest5 WHERE id BETWEEN 2970879 AND 2970979
	Index Scan using sbtest5_pkey on sbtest5  (cost=0.43..431.42 rows=109 width=125)
	  Index Cond: ((id >= 2970879) AND (id <= 2970979))

table 6 : explain SELECT id, c FROM sbtest6 WHERE id BETWEEN 2970879 AND 2970979
	Index Scan using sbtest6_pkey on sbtest6  (cost=0.43..385.42 rows=97 width=125)
	  Index Cond: ((id >= 2970879) AND (id <= 2970979))

table 7 : explain SELECT id, c FROM sbtest7 WHERE id BETWEEN 2970879 AND 2970979
	Index Scan using sbtest7_pkey on sbtest7  (cost=0.43..439.63 rows=111 width=125)
	  Index Cond: ((id >= 2970879) AND (id <= 2970979))

table 8 : explain SELECT id, c FROM sbtest8 WHERE id BETWEEN 2970879 AND 2970979
	Index Scan using sbtest8_pkey on sbtest8  (cost=0.43..436.27 rows=110 width=125)
	  Index Cond: ((id >= 2970879) AND (id <= 2970979))

explain: for range-notcovered :: explain SELECT id, c FROM sbtest%d WHERE id BETWEEN 333892 AND 333992
explain: for range-notcovered :: explain SELECT id, c FROM sbtest%d WHERE id BETWEEN 2970879 AND 2970979
for range-notcovered
table 1 : explain SELECT id, c FROM sbtest1 WHERE id BETWEEN 8718259 AND 8718359
	Index Scan using sbtest1_pkey on sbtest1  (cost=0.43..400.98 rows=101 width=125)
	  Index Cond: ((id >= 8718259) AND (id <= 8718359))

table 2 : explain SELECT id, c FROM sbtest2 WHERE id BETWEEN 8718259 AND 8718359
	Index Scan using sbtest2_pkey on sbtest2  (cost=0.43..381.09 rows=96 width=125)
	  Index Cond: ((id >= 8718259) AND (id <= 8718359))

table 3 : explain SELECT id, c FROM sbtest3 WHERE id BETWEEN 8718259 AND 8718359
	Index Scan using sbtest3_pkey on sbtest3  (cost=0.43..418.17 rows=105 width=125)
	  Index Cond: ((id >= 8718259) AND (id <= 8718359))

table 4 : explain SELECT id, c FROM sbtest4 WHERE id BETWEEN 8718259 AND 8718359
	Index Scan using sbtest4_pkey on sbtest4  (cost=0.43..406.16 rows=102 width=125)
	  Index Cond: ((id >= 8718259) AND (id <= 8718359))

table 5 : explain SELECT id, c FROM sbtest5 WHERE id BETWEEN 8718259 AND 8718359
	Index Scan using sbtest5_pkey on sbtest5  (cost=0.43..392.26 rows=99 width=125)
	  Index Cond: ((id >= 8718259) AND (id <= 8718359))

table 6 : explain SELECT id, c FROM sbtest6 WHERE id BETWEEN 8718259 AND 8718359
	Index Scan using sbtest6_pkey on sbtest6  (cost=0.43..405.05 rows=102 width=125)
	  Index Cond: ((id >= 8718259) AND (id <= 8718359))

table 7 : explain SELECT id, c FROM sbtest7 WHERE id BETWEEN 8718259 AND 8718359
	Index Scan using sbtest7_pkey on sbtest7  (cost=0.43..416.12 rows=105 width=125)
	  Index Cond: ((id >= 8718259) AND (id <= 8718359))

table 8 : explain SELECT id, c FROM sbtest8 WHERE id BETWEEN 8718259 AND 8718359
	Index Scan using sbtest8_pkey on sbtest8  (cost=0.43..369.56 rows=93 width=125)
	  Index Cond: ((id >= 8718259) AND (id <= 8718359))

explain: for range-notcovered :: explain SELECT id, c FROM sbtest%d WHERE id BETWEEN 8718259 AND 8718359
for range-notcovered
table 1 : explain SELECT id, c FROM sbtest1 WHERE id BETWEEN 823095 AND 823195
	Index Scan using sbtest1_pkey on sbtest1  (cost=0.43..416.68 rows=105 width=125)
	  Index Cond: ((id >= 823095) AND (id <= 823195))

table 2 : explain SELECT id, c FROM sbtest2 WHERE id BETWEEN 823095 AND 823195
	Index Scan using sbtest2_pkey on sbtest2  (cost=0.43..381.09 rows=96 width=125)
	  Index Cond: ((id >= 823095) AND (id <= 823195))

table 3 : explain SELECT id, c FROM sbtest3 WHERE id BETWEEN 823095 AND 823195
	Index Scan using sbtest3_pkey on sbtest3  (cost=0.43..418.17 rows=105 width=125)
	  Index Cond: ((id >= 823095) AND (id <= 823195))

table 4 : explain SELECT id, c FROM sbtest4 WHERE id BETWEEN 823095 AND 823195
	Index Scan using sbtest4_pkey on sbtest4  (cost=0.43..374.64 rows=94 width=125)
	  Index Cond: ((id >= 823095) AND (id <= 823195))

table 5 : explain SELECT id, c FROM sbtest5 WHERE id BETWEEN 823095 AND 823195
	Index Scan using sbtest5_pkey on sbtest5  (cost=0.43..364.85 rows=92 width=125)
	  Index Cond: ((id >= 823095) AND (id <= 823195))

table 6 : explain SELECT id, c FROM sbtest6 WHERE id BETWEEN 823095 AND 823195
	Index Scan using sbtest6_pkey on sbtest6  (cost=0.43..405.05 rows=102 width=125)
	  Index Cond: ((id >= 823095) AND (id <= 823195))

table 7 : explain SELECT id, c FROM sbtest7 WHERE id BETWEEN 823095 AND 823195
	Index Scan using sbtest7_pkey on sbtest7  (cost=0.43..373.01 rows=94 width=125)
	  Index Cond: ((id >= 823095) AND (id <= 823195))

table 8 : explain SELECT id, c FROM sbtest8 WHERE id BETWEEN 823095 AND 823195
	Index Scan using sbtest8_pkey on sbtest8  (cost=0.43..397.03 rows=100 width=125)
	  Index Cond: ((id >= 823095) AND (id <= 823195))

explain: for range-notcovered :: explain SELECT id, c FROM sbtest%d WHERE id BETWEEN 823095 AND 823195
for range-notcovered
table 1 : explain SELECT id, c FROM sbtest1 WHERE id BETWEEN 4100132 AND 4100232
	Index Scan using sbtest1_pkey on sbtest1  (cost=0.43..416.68 rows=105 width=125)
	  Index Cond: ((id >= 4100132) AND (id <= 4100232))

table 2 : explain SELECT id, c FROM sbtest2 WHERE id BETWEEN 4100132 AND 4100232
	Index Scan using sbtest2_pkey on sbtest2  (cost=0.43..377.15 rows=95 width=125)
	  Index Cond: ((id >= 4100132) AND (id <= 4100232))

table 3 : explain SELECT id, c FROM sbtest3 WHERE id BETWEEN 4100132 AND 4100232
	Index Scan using sbtest3_pkey on sbtest3  (cost=0.43..410.29 rows=103 width=125)
	  Index Cond: ((id >= 4100132) AND (id <= 4100232))

table 4 : explain SELECT id, c FROM sbtest4 WHERE id BETWEEN 4100132 AND 4100232
	Index Scan using sbtest4_pkey on sbtest4  (cost=0.43..441.59 rows=111 width=125)
	  Index Cond: ((id >= 4100132) AND (id <= 4100232))

table 5 : explain SELECT id, c FROM sbtest5 WHERE id BETWEEN 4100132 AND 4100232
	Index Scan using sbtest5_pkey on sbtest5  (cost=0.43..427.50 rows=108 width=125)
	  Index Cond: ((id >= 4100132) AND (id <= 4100232))

table 6 : explain SELECT id, c FROM sbtest6 WHERE id BETWEEN 4100132 AND 4100232
	Index Scan using sbtest6_pkey on sbtest6  (cost=0.43..405.05 rows=102 width=125)
	  Index Cond: ((id >= 4100132) AND (id <= 4100232))

table 7 : explain SELECT id, c FROM sbtest7 WHERE id BETWEEN 4100132 AND 4100232
	Index Scan using sbtest7_pkey on sbtest7  (cost=0.43..384.77 rows=97 width=125)
	  Index Cond: ((id >= 4100132) AND (id <= 4100232))

table 8 : explain SELECT id, c FROM sbtest8 WHERE id BETWEEN 4100132 AND 4100232
	Index Scan using sbtest8_pkey on sbtest8  (cost=0.43..381.33 rows=96 width=125)
	  Index Cond: ((id >= 4100132) AND (id <= 4100232))

explain: for range-notcovered :: explain SELECT id, c FROM sbtest%d WHERE id BETWEEN 4100132 AND 4100232
for range-notcovered
table 1 : explain SELECT id, c FROM sbtest1 WHERE id BETWEEN 4224092 AND 4224192
	Index Scan using sbtest1_pkey on sbtest1  (cost=0.43..404.91 rows=102 width=125)
	  Index Cond: ((id >= 4224092) AND (id <= 4224192))

table 2 : explain SELECT id, c FROM sbtest2 WHERE id BETWEEN 4224092 AND 4224192
	Index Scan using sbtest2_pkey on sbtest2  (cost=0.43..443.84 rows=112 width=125)
	  Index Cond: ((id >= 4224092) AND (id <= 4224192))

table 3 : explain SELECT id, c FROM sbtest3 WHERE id BETWEEN 4224092 AND 4224192
	Index Scan using sbtest3_pkey on sbtest3  (cost=0.43..398.47 rows=100 width=125)
	  Index Cond: ((id >= 4224092) AND (id <= 4224192))

table 4 : explain SELECT id, c FROM sbtest4 WHERE id BETWEEN 4224092 AND 4224192
	Index Scan using sbtest4_pkey on sbtest4  (cost=0.43..429.78 rows=108 width=125)
	  Index Cond: ((id >= 4224092) AND (id <= 4224192))

table 5 : explain SELECT id, c FROM sbtest5 WHERE id BETWEEN 4224092 AND 4224192
	Index Scan using sbtest5_pkey on sbtest5  (cost=0.43..372.68 rows=94 width=125)
	  Index Cond: ((id >= 4224092) AND (id <= 4224192))

table 6 : explain SELECT id, c FROM sbtest6 WHERE id BETWEEN 4224092 AND 4224192
	Index Scan using sbtest6_pkey on sbtest6  (cost=0.43..389.35 rows=98 width=125)
	  Index Cond: ((id >= 4224092) AND (id <= 4224192))

table 7 : explain SELECT id, c FROM sbtest7 WHERE id BETWEEN 4224092 AND 4224192
	Index Scan using sbtest7_pkey on sbtest7  (cost=0.43..369.09 rows=93 width=125)
	  Index Cond: ((id >= 4224092) AND (id <= 4224192))

table 8 : explain SELECT id, c FROM sbtest8 WHERE id BETWEEN 4224092 AND 4224192
	Index Scan using sbtest8_pkey on sbtest8  (cost=0.43..428.42 rows=108 width=125)
	  Index Cond: ((id >= 4224092) AND (id <= 4224192))

explain: for range-notcovered :: explain SELECT id, c FROM sbtest%d WHERE id BETWEEN 4224092 AND 4224192
for range-notcovered
table 1 : explain SELECT id, c FROM sbtest1 WHERE id BETWEEN 333892 AND 333992
	Index Scan using sbtest1_pkey on sbtest1  (cost=0.43..416.68 rows=105 width=125)
	  Index Cond: ((id >= 333892) AND (id <= 333992))

table 2 : explain SELECT id, c FROM sbtest2 WHERE id BETWEEN 333892 AND 333992
	Index Scan using sbtest2_pkey on sbtest2  (cost=0.43..361.46 rows=91 width=125)
	  Index Cond: ((id >= 333892) AND (id <= 333992))

table 3 : explain SELECT id, c FROM sbtest3 WHERE id BETWEEN 333892 AND 333992
	Index Scan using sbtest3_pkey on sbtest3  (cost=0.43..398.47 rows=100 width=125)
	  Index Cond: ((id >= 333892) AND (id <= 333992))

table 4 : explain SELECT id, c FROM sbtest4 WHERE id BETWEEN 333892 AND 333992
	Index Scan using sbtest4_pkey on sbtest4  (cost=0.43..421.90 rows=106 width=125)
	  Index Cond: ((id >= 333892) AND (id <= 333992))

table 5 : explain SELECT id, c FROM sbtest5 WHERE id BETWEEN 333892 AND 333992
	Index Scan using sbtest5_pkey on sbtest5  (cost=0.43..357.02 rows=90 width=125)
	  Index Cond: ((id >= 333892) AND (id <= 333992))

table 6 : explain SELECT id, c FROM sbtest6 WHERE id BETWEEN 333892 AND 333992
	Index Scan using sbtest6_pkey on sbtest6  (cost=0.43..456.09 rows=115 width=125)
	  Index Cond: ((id >= 333892) AND (id <= 333992))

table 7 : explain SELECT id, c FROM sbtest7 WHERE id BETWEEN 333892 AND 333992
	Index Scan using sbtest7_pkey on sbtest7  (cost=0.43..373.01 rows=94 width=125)
	  Index Cond: ((id >= 333892) AND (id <= 333992))

table 8 : explain SELECT id, c FROM sbtest8 WHERE id BETWEEN 333892 AND 333992
	Index Scan using sbtest8_pkey on sbtest8  (cost=0.43..400.95 rows=101 width=125)
	  Index Cond: ((id >= 333892) AND (id <= 333992))

for range-notcovered
table 1 : explain SELECT id, c FROM sbtest1 WHERE id BETWEEN 2970879 AND 2970979
	Index Scan using sbtest1_pkey on sbtest1  (cost=0.43..412.76 rows=104 width=125)
	  Index Cond: ((id >= 2970879) AND (id <= 2970979))

table 2 : explain SELECT id, c FROM sbtest2 WHERE id BETWEEN 2970879 AND 2970979
	Index Scan using sbtest2_pkey on sbtest2  (cost=0.43..373.22 rows=94 width=125)
	  Index Cond: ((id >= 2970879) AND (id <= 2970979))

table 3 : explain SELECT id, c FROM sbtest3 WHERE id BETWEEN 2970879 AND 2970979
	Index Scan using sbtest3_pkey on sbtest3  (cost=0.43..437.86 rows=110 width=125)
	  Index Cond: ((id >= 2970879) AND (id <= 2970979))

table 4 : explain SELECT id, c FROM sbtest4 WHERE id BETWEEN 2970879 AND 2970979
	Index Scan using sbtest4_pkey on sbtest4  (cost=0.43..421.90 rows=106 width=125)
	  Index Cond: ((id >= 2970879) AND (id <= 2970979))

table 5 : explain SELECT id, c FROM sbtest5 WHERE id BETWEEN 2970879 AND 2970979
	Index Scan using sbtest5_pkey on sbtest5  (cost=0.43..431.42 rows=109 width=125)
	  Index Cond: ((id >= 2970879) AND (id <= 2970979))

table 6 : explain SELECT id, c FROM sbtest6 WHERE id BETWEEN 2970879 AND 2970979
	Index Scan using sbtest6_pkey on sbtest6  (cost=0.43..385.42 rows=97 width=125)
	  Index Cond: ((id >= 2970879) AND (id <= 2970979))

table 7 : explain SELECT id, c FROM sbtest7 WHERE id BETWEEN 2970879 AND 2970979
	Index Scan using sbtest7_pkey on sbtest7  (cost=0.43..439.63 rows=111 width=125)
	  Index Cond: ((id >= 2970879) AND (id <= 2970979))

table 8 : explain SELECT id, c FROM sbtest8 WHERE id BETWEEN 2970879 AND 2970979
	Index Scan using sbtest8_pkey on sbtest8  (cost=0.43..436.27 rows=110 width=125)
	  Index Cond: ((id >= 2970879) AND (id <= 2970979))

explain: for range-notcovered :: explain SELECT id, c FROM sbtest%d WHERE id BETWEEN 333892 AND 333992
explain: for range-notcovered :: explain SELECT id, c FROM sbtest%d WHERE id BETWEEN 2970879 AND 2970979
for range-notcovered
table 1 : explain SELECT id, c FROM sbtest1 WHERE id BETWEEN 8718259 AND 8718359
	Index Scan using sbtest1_pkey on sbtest1  (cost=0.43..400.98 rows=101 width=125)
	  Index Cond: ((id >= 8718259) AND (id <= 8718359))

table 2 : explain SELECT id, c FROM sbtest2 WHERE id BETWEEN 8718259 AND 8718359
	Index Scan using sbtest2_pkey on sbtest2  (cost=0.43..381.09 rows=96 width=125)
	  Index Cond: ((id >= 8718259) AND (id <= 8718359))

table 3 : explain SELECT id, c FROM sbtest3 WHERE id BETWEEN 8718259 AND 8718359
	Index Scan using sbtest3_pkey on sbtest3  (cost=0.43..418.17 rows=105 width=125)
	  Index Cond: ((id >= 8718259) AND (id <= 8718359))

table 4 : explain SELECT id, c FROM sbtest4 WHERE id BETWEEN 8718259 AND 8718359
	Index Scan using sbtest4_pkey on sbtest4  (cost=0.43..406.16 rows=102 width=125)
	  Index Cond: ((id >= 8718259) AND (id <= 8718359))

table 5 : explain SELECT id, c FROM sbtest5 WHERE id BETWEEN 8718259 AND 8718359
	Index Scan using sbtest5_pkey on sbtest5  (cost=0.43..392.26 rows=99 width=125)
	  Index Cond: ((id >= 8718259) AND (id <= 8718359))

table 6 : explain SELECT id, c FROM sbtest6 WHERE id BETWEEN 8718259 AND 8718359
	Index Scan using sbtest6_pkey on sbtest6  (cost=0.43..405.05 rows=102 width=125)
	  Index Cond: ((id >= 8718259) AND (id <= 8718359))

table 7 : explain SELECT id, c FROM sbtest7 WHERE id BETWEEN 8718259 AND 8718359
	Index Scan using sbtest7_pkey on sbtest7  (cost=0.43..416.12 rows=105 width=125)
	  Index Cond: ((id >= 8718259) AND (id <= 8718359))

table 8 : explain SELECT id, c FROM sbtest8 WHERE id BETWEEN 8718259 AND 8718359
	Index Scan using sbtest8_pkey on sbtest8  (cost=0.43..369.56 rows=93 width=125)
	  Index Cond: ((id >= 8718259) AND (id <= 8718359))

for range-notcovered
table 1 : explain SELECT id, c FROM sbtest1 WHERE id BETWEEN 823095 AND 823195
	Index Scan using sbtest1_pkey on sbtest1  (cost=0.43..416.68 rows=105 width=125)
	  Index Cond: ((id >= 823095) AND (id <= 823195))

table 2 : explain SELECT id, c FROM sbtest2 WHERE id BETWEEN 823095 AND 823195
	Index Scan using sbtest2_pkey on sbtest2  (cost=0.43..381.09 rows=96 width=125)
	  Index Cond: ((id >= 823095) AND (id <= 823195))

table 3 : explain SELECT id, c FROM sbtest3 WHERE id BETWEEN 823095 AND 823195
	Index Scan using sbtest3_pkey on sbtest3  (cost=0.43..418.17 rows=105 width=125)
	  Index Cond: ((id >= 823095) AND (id <= 823195))

table 4 : explain SELECT id, c FROM sbtest4 WHERE id BETWEEN 823095 AND 823195
	Index Scan using sbtest4_pkey on sbtest4  (cost=0.43..374.64 rows=94 width=125)
	  Index Cond: ((id >= 823095) AND (id <= 823195))

table 5 : explain SELECT id, c FROM sbtest5 WHERE id BETWEEN 823095 AND 823195
	Index Scan using sbtest5_pkey on sbtest5  (cost=0.43..364.85 rows=92 width=125)
	  Index Cond: ((id >= 823095) AND (id <= 823195))

table 6 : explain SELECT id, c FROM sbtest6 WHERE id BETWEEN 823095 AND 823195
	Index Scan using sbtest6_pkey on sbtest6  (cost=0.43..405.05 rows=102 width=125)
	  Index Cond: ((id >= 823095) AND (id <= 823195))

table 7 : explain SELECT id, c FROM sbtest7 WHERE id BETWEEN 823095 AND 823195
	Index Scan using sbtest7_pkey on sbtest7  (cost=0.43..373.01 rows=94 width=125)
	  Index Cond: ((id >= 823095) AND (id <= 823195))

table 8 : explain SELECT id, c FROM sbtest8 WHERE id BETWEEN 823095 AND 823195
	Index Scan using sbtest8_pkey on sbtest8  (cost=0.43..397.03 rows=100 width=125)
	  Index Cond: ((id >= 823095) AND (id <= 823195))

explain: for range-notcovered :: explain SELECT id, c FROM sbtest%d WHERE id BETWEEN 823095 AND 823195
for range-notcovered
table 1 : explain SELECT id, c FROM sbtest1 WHERE id BETWEEN 4100132 AND 4100232
	Index Scan using sbtest1_pkey on sbtest1  (cost=0.43..416.68 rows=105 width=125)
	  Index Cond: ((id >= 4100132) AND (id <= 4100232))

table 2 : explain SELECT id, c FROM sbtest2 WHERE id BETWEEN 4100132 AND 4100232
	Index Scan using sbtest2_pkey on sbtest2  (cost=0.43..377.15 rows=95 width=125)
	  Index Cond: ((id >= 4100132) AND (id <= 4100232))

table 3 : explain SELECT id, c FROM sbtest3 WHERE id BETWEEN 4100132 AND 4100232
	Index Scan using sbtest3_pkey on sbtest3  (cost=0.43..410.29 rows=103 width=125)
	  Index Cond: ((id >= 4100132) AND (id <= 4100232))

table 4 : explain SELECT id, c FROM sbtest4 WHERE id BETWEEN 4100132 AND 4100232
	Index Scan using sbtest4_pkey on sbtest4  (cost=0.43..441.59 rows=111 width=125)
	  Index Cond: ((id >= 4100132) AND (id <= 4100232))

table 5 : explain SELECT id, c FROM sbtest5 WHERE id BETWEEN 4100132 AND 4100232
	Index Scan using sbtest5_pkey on sbtest5  (cost=0.43..427.50 rows=108 width=125)
	  Index Cond: ((id >= 4100132) AND (id <= 4100232))

table 6 : explain SELECT id, c FROM sbtest6 WHERE id BETWEEN 4100132 AND 4100232
	Index Scan using sbtest6_pkey on sbtest6  (cost=0.43..405.05 rows=102 width=125)
	  Index Cond: ((id >= 4100132) AND (id <= 4100232))

table 7 : explain SELECT id, c FROM sbtest7 WHERE id BETWEEN 4100132 AND 4100232
	Index Scan using sbtest7_pkey on sbtest7  (cost=0.43..384.77 rows=97 width=125)
	  Index Cond: ((id >= 4100132) AND (id <= 4100232))

table 8 : explain SELECT id, c FROM sbtest8 WHERE id BETWEEN 4100132 AND 4100232
	Index Scan using sbtest8_pkey on sbtest8  (cost=0.43..381.33 rows=96 width=125)
	  Index Cond: ((id >= 4100132) AND (id <= 4100232))

explain: for range-notcovered :: explain SELECT id, c FROM sbtest%d WHERE id BETWEEN 4100132 AND 4100232
for range-notcovered
table 1 : explain SELECT id, c FROM sbtest1 WHERE id BETWEEN 4224092 AND 4224192
	Index Scan using sbtest1_pkey on sbtest1  (cost=0.43..404.91 rows=102 width=125)
	  Index Cond: ((id >= 4224092) AND (id <= 4224192))

table 2 : explain SELECT id, c FROM sbtest2 WHERE id BETWEEN 4224092 AND 4224192
	Index Scan using sbtest2_pkey on sbtest2  (cost=0.43..443.84 rows=112 width=125)
	  Index Cond: ((id >= 4224092) AND (id <= 4224192))

table 3 : explain SELECT id, c FROM sbtest3 WHERE id BETWEEN 4224092 AND 4224192
	Index Scan using sbtest3_pkey on sbtest3  (cost=0.43..398.47 rows=100 width=125)
	  Index Cond: ((id >= 4224092) AND (id <= 4224192))

table 4 : explain SELECT id, c FROM sbtest4 WHERE id BETWEEN 4224092 AND 4224192
	Index Scan using sbtest4_pkey on sbtest4  (cost=0.43..429.78 rows=108 width=125)
	  Index Cond: ((id >= 4224092) AND (id <= 4224192))

table 5 : explain SELECT id, c FROM sbtest5 WHERE id BETWEEN 4224092 AND 4224192
	Index Scan using sbtest5_pkey on sbtest5  (cost=0.43..372.68 rows=94 width=125)
	  Index Cond: ((id >= 4224092) AND (id <= 4224192))

table 6 : explain SELECT id, c FROM sbtest6 WHERE id BETWEEN 4224092 AND 4224192
	Index Scan using sbtest6_pkey on sbtest6  (cost=0.43..389.35 rows=98 width=125)
	  Index Cond: ((id >= 4224092) AND (id <= 4224192))

table 7 : explain SELECT id, c FROM sbtest7 WHERE id BETWEEN 4224092 AND 4224192
	Index Scan using sbtest7_pkey on sbtest7  (cost=0.43..369.09 rows=93 width=125)
	  Index Cond: ((id >= 4224092) AND (id <= 4224192))

table 8 : explain SELECT id, c FROM sbtest8 WHERE id BETWEEN 4224092 AND 4224192
	Index Scan using sbtest8_pkey on sbtest8  (cost=0.43..428.42 rows=108 width=125)
	  Index Cond: ((id >= 4224092) AND (id <= 4224192))

for range-notcovered
table 1 : explain SELECT id, c FROM sbtest1 WHERE id BETWEEN 333892 AND 333992
	Index Scan using sbtest1_pkey on sbtest1  (cost=0.43..416.68 rows=105 width=125)
	  Index Cond: ((id >= 333892) AND (id <= 333992))

table 2 : explain SELECT id, c FROM sbtest2 WHERE id BETWEEN 333892 AND 333992
	Index Scan using sbtest2_pkey on sbtest2  (cost=0.43..361.46 rows=91 width=125)
	  Index Cond: ((id >= 333892) AND (id <= 333992))

table 3 : explain SELECT id, c FROM sbtest3 WHERE id BETWEEN 333892 AND 333992
	Index Scan using sbtest3_pkey on sbtest3  (cost=0.43..398.47 rows=100 width=125)
	  Index Cond: ((id >= 333892) AND (id <= 333992))

table 4 : explain SELECT id, c FROM sbtest4 WHERE id BETWEEN 333892 AND 333992
	Index Scan using sbtest4_pkey on sbtest4  (cost=0.43..421.90 rows=106 width=125)
	  Index Cond: ((id >= 333892) AND (id <= 333992))

table 5 : explain SELECT id, c FROM sbtest5 WHERE id BETWEEN 333892 AND 333992
	Index Scan using sbtest5_pkey on sbtest5  (cost=0.43..357.02 rows=90 width=125)
	  Index Cond: ((id >= 333892) AND (id <= 333992))

table 6 : explain SELECT id, c FROM sbtest6 WHERE id BETWEEN 333892 AND 333992
	Index Scan using sbtest6_pkey on sbtest6  (cost=0.43..456.09 rows=115 width=125)
	  Index Cond: ((id >= 333892) AND (id <= 333992))

table 7 : explain SELECT id, c FROM sbtest7 WHERE id BETWEEN 333892 AND 333992
	Index Scan using sbtest7_pkey on sbtest7  (cost=0.43..373.01 rows=94 width=125)
	  Index Cond: ((id >= 333892) AND (id <= 333992))

table 8 : explain SELECT id, c FROM sbtest8 WHERE id BETWEEN 333892 AND 333992
	Index Scan using sbtest8_pkey on sbtest8  (cost=0.43..400.95 rows=101 width=125)
	  Index Cond: ((id >= 333892) AND (id <= 333992))

explain: for range-notcovered :: explain SELECT id, c FROM sbtest%d WHERE id BETWEEN 4224092 AND 4224192
for range-notcovered
table 1 : explain SELECT id, c FROM sbtest1 WHERE id BETWEEN 2970879 AND 2970979
	Index Scan using sbtest1_pkey on sbtest1  (cost=0.43..412.76 rows=104 width=125)
	  Index Cond: ((id >= 2970879) AND (id <= 2970979))

table 2 : explain SELECT id, c FROM sbtest2 WHERE id BETWEEN 2970879 AND 2970979
	Index Scan using sbtest2_pkey on sbtest2  (cost=0.43..373.22 rows=94 width=125)
	  Index Cond: ((id >= 2970879) AND (id <= 2970979))

table 3 : explain SELECT id, c FROM sbtest3 WHERE id BETWEEN 2970879 AND 2970979
	Index Scan using sbtest3_pkey on sbtest3  (cost=0.43..437.86 rows=110 width=125)
	  Index Cond: ((id >= 2970879) AND (id <= 2970979))

table 4 : explain SELECT id, c FROM sbtest4 WHERE id BETWEEN 2970879 AND 2970979
	Index Scan using sbtest4_pkey on sbtest4  (cost=0.43..421.90 rows=106 width=125)
	  Index Cond: ((id >= 2970879) AND (id <= 2970979))

table 5 : explain SELECT id, c FROM sbtest5 WHERE id BETWEEN 2970879 AND 2970979
	Index Scan using sbtest5_pkey on sbtest5  (cost=0.43..431.42 rows=109 width=125)
	  Index Cond: ((id >= 2970879) AND (id <= 2970979))

table 6 : explain SELECT id, c FROM sbtest6 WHERE id BETWEEN 2970879 AND 2970979
	Index Scan using sbtest6_pkey on sbtest6  (cost=0.43..385.42 rows=97 width=125)
	  Index Cond: ((id >= 2970879) AND (id <= 2970979))

table 7 : explain SELECT id, c FROM sbtest7 WHERE id BETWEEN 2970879 AND 2970979
	Index Scan using sbtest7_pkey on sbtest7  (cost=0.43..439.63 rows=111 width=125)
	  Index Cond: ((id >= 2970879) AND (id <= 2970979))

table 8 : explain SELECT id, c FROM sbtest8 WHERE id BETWEEN 2970879 AND 2970979
	Index Scan using sbtest8_pkey on sbtest8  (cost=0.43..436.27 rows=110 width=125)
	  Index Cond: ((id >= 2970879) AND (id <= 2970979))

explain: for range-notcovered :: explain SELECT id, c FROM sbtest%d WHERE id BETWEEN 333892 AND 333992
explain: for range-notcovered :: explain SELECT id, c FROM sbtest%d WHERE id BETWEEN 2970879 AND 2970979
for range-notcovered
table 1 : explain SELECT id, c FROM sbtest1 WHERE id BETWEEN 823095 AND 823195
	Index Scan using sbtest1_pkey on sbtest1  (cost=0.43..416.68 rows=105 width=125)
	  Index Cond: ((id >= 823095) AND (id <= 823195))

table 2 : explain SELECT id, c FROM sbtest2 WHERE id BETWEEN 823095 AND 823195
	Index Scan using sbtest2_pkey on sbtest2  (cost=0.43..381.09 rows=96 width=125)
	  Index Cond: ((id >= 823095) AND (id <= 823195))

table 3 : explain SELECT id, c FROM sbtest3 WHERE id BETWEEN 823095 AND 823195
	Index Scan using sbtest3_pkey on sbtest3  (cost=0.43..418.17 rows=105 width=125)
	  Index Cond: ((id >= 823095) AND (id <= 823195))

table 4 : explain SELECT id, c FROM sbtest4 WHERE id BETWEEN 823095 AND 823195
	Index Scan using sbtest4_pkey on sbtest4  (cost=0.43..374.64 rows=94 width=125)
	  Index Cond: ((id >= 823095) AND (id <= 823195))

table 5 : explain SELECT id, c FROM sbtest5 WHERE id BETWEEN 823095 AND 823195
	Index Scan using sbtest5_pkey on sbtest5  (cost=0.43..364.85 rows=92 width=125)
	  Index Cond: ((id >= 823095) AND (id <= 823195))

table 6 : explain SELECT id, c FROM sbtest6 WHERE id BETWEEN 823095 AND 823195
	Index Scan using sbtest6_pkey on sbtest6  (cost=0.43..405.05 rows=102 width=125)
	  Index Cond: ((id >= 823095) AND (id <= 823195))

table 7 : explain SELECT id, c FROM sbtest7 WHERE id BETWEEN 823095 AND 823195
	Index Scan using sbtest7_pkey on sbtest7  (cost=0.43..373.01 rows=94 width=125)
	  Index Cond: ((id >= 823095) AND (id <= 823195))

table 8 : explain SELECT id, c FROM sbtest8 WHERE id BETWEEN 823095 AND 823195
	Index Scan using sbtest8_pkey on sbtest8  (cost=0.43..397.03 rows=100 width=125)
	  Index Cond: ((id >= 823095) AND (id <= 823195))

for range-notcovered
table 1 : explain SELECT id, c FROM sbtest1 WHERE id BETWEEN 4100132 AND 4100232
	Index Scan using sbtest1_pkey on sbtest1  (cost=0.43..416.68 rows=105 width=125)
	  Index Cond: ((id >= 4100132) AND (id <= 4100232))

table 2 : explain SELECT id, c FROM sbtest2 WHERE id BETWEEN 4100132 AND 4100232
	Index Scan using sbtest2_pkey on sbtest2  (cost=0.43..377.15 rows=95 width=125)
	  Index Cond: ((id >= 4100132) AND (id <= 4100232))

table 3 : explain SELECT id, c FROM sbtest3 WHERE id BETWEEN 4100132 AND 4100232
	Index Scan using sbtest3_pkey on sbtest3  (cost=0.43..410.29 rows=103 width=125)
	  Index Cond: ((id >= 4100132) AND (id <= 4100232))

table 4 : explain SELECT id, c FROM sbtest4 WHERE id BETWEEN 4100132 AND 4100232
	Index Scan using sbtest4_pkey on sbtest4  (cost=0.43..441.59 rows=111 width=125)
	  Index Cond: ((id >= 4100132) AND (id <= 4100232))

table 5 : explain SELECT id, c FROM sbtest5 WHERE id BETWEEN 4100132 AND 4100232
	Index Scan using sbtest5_pkey on sbtest5  (cost=0.43..427.50 rows=108 width=125)
	  Index Cond: ((id >= 4100132) AND (id <= 4100232))

table 6 : explain SELECT id, c FROM sbtest6 WHERE id BETWEEN 4100132 AND 4100232
	Index Scan using sbtest6_pkey on sbtest6  (cost=0.43..405.05 rows=102 width=125)
	  Index Cond: ((id >= 4100132) AND (id <= 4100232))

table 7 : explain SELECT id, c FROM sbtest7 WHERE id BETWEEN 4100132 AND 4100232
	Index Scan using sbtest7_pkey on sbtest7  (cost=0.43..384.77 rows=97 width=125)
	  Index Cond: ((id >= 4100132) AND (id <= 4100232))

table 8 : explain SELECT id, c FROM sbtest8 WHERE id BETWEEN 4100132 AND 4100232
	Index Scan using sbtest8_pkey on sbtest8  (cost=0.43..381.33 rows=96 width=125)
	  Index Cond: ((id >= 4100132) AND (id <= 4100232))

explain: for range-notcovered :: explain SELECT id, c FROM sbtest%d WHERE id BETWEEN 4100132 AND 4100232
for range-notcovered
table 1 : explain SELECT id, c FROM sbtest1 WHERE id BETWEEN 4224092 AND 4224192
	Index Scan using sbtest1_pkey on sbtest1  (cost=0.43..404.91 rows=102 width=125)
	  Index Cond: ((id >= 4224092) AND (id <= 4224192))

table 2 : explain SELECT id, c FROM sbtest2 WHERE id BETWEEN 4224092 AND 4224192
	Index Scan using sbtest2_pkey on sbtest2  (cost=0.43..443.84 rows=112 width=125)
	  Index Cond: ((id >= 4224092) AND (id <= 4224192))

table 3 : explain SELECT id, c FROM sbtest3 WHERE id BETWEEN 4224092 AND 4224192
	Index Scan using sbtest3_pkey on sbtest3  (cost=0.43..398.47 rows=100 width=125)
	  Index Cond: ((id >= 4224092) AND (id <= 4224192))

table 4 : explain SELECT id, c FROM sbtest4 WHERE id BETWEEN 4224092 AND 4224192
	Index Scan using sbtest4_pkey on sbtest4  (cost=0.43..429.78 rows=108 width=125)
	  Index Cond: ((id >= 4224092) AND (id <= 4224192))

table 5 : explain SELECT id, c FROM sbtest5 WHERE id BETWEEN 4224092 AND 4224192
	Index Scan using sbtest5_pkey on sbtest5  (cost=0.43..372.68 rows=94 width=125)
	  Index Cond: ((id >= 4224092) AND (id <= 4224192))

table 6 : explain SELECT id, c FROM sbtest6 WHERE id BETWEEN 4224092 AND 4224192
	Index Scan using sbtest6_pkey on sbtest6  (cost=0.43..389.35 rows=98 width=125)
	  Index Cond: ((id >= 4224092) AND (id <= 4224192))

table 7 : explain SELECT id, c FROM sbtest7 WHERE id BETWEEN 4224092 AND 4224192
	Index Scan using sbtest7_pkey on sbtest7  (cost=0.43..369.09 rows=93 width=125)
	  Index Cond: ((id >= 4224092) AND (id <= 4224192))

table 8 : explain SELECT id, c FROM sbtest8 WHERE id BETWEEN 4224092 AND 4224192
	Index Scan using sbtest8_pkey on sbtest8  (cost=0.43..428.42 rows=108 width=125)
	  Index Cond: ((id >= 4224092) AND (id <= 4224192))

explain: for range-notcovered :: explain SELECT id, c FROM sbtest%d WHERE id BETWEEN 4224092 AND 4224192for range-notcovered
table 1 : explain SELECT id, c FROM sbtest1 WHERE id BETWEEN 333892 AND 333992
	Index Scan using sbtest1_pkey on sbtest1  (cost=0.43..416.68 rows=105 width=125)
	  Index Cond: ((id >= 333892) AND (id <= 333992))

table 2 : explain SELECT id, c FROM sbtest2 WHERE id BETWEEN 333892 AND 333992
	Index Scan using sbtest2_pkey on sbtest2  (cost=0.43..361.46 rows=91 width=125)
	  Index Cond: ((id >= 333892) AND (id <= 333992))

table 3 : explain SELECT id, c FROM sbtest3 WHERE id BETWEEN 333892 AND 333992
	Index Scan using sbtest3_pkey on sbtest3  (cost=0.43..398.47 rows=100 width=125)
	  Index Cond: ((id >= 333892) AND (id <= 333992))

table 4 : explain SELECT id, c FROM sbtest4 WHERE id BETWEEN 333892 AND 333992
	Index Scan using sbtest4_pkey on sbtest4  (cost=0.43..421.90 rows=106 width=125)
	  Index Cond: ((id >= 333892) AND (id <= 333992))

table 5 : explain SELECT id, c FROM sbtest5 WHERE id BETWEEN 333892 AND 333992
	Index Scan using sbtest5_pkey on sbtest5  (cost=0.43..357.02 rows=90 width=125)
	  Index Cond: ((id >= 333892) AND (id <= 333992))

table 6 : explain SELECT id, c FROM sbtest6 WHERE id BETWEEN 333892 AND 333992
	Index Scan using sbtest6_pkey on sbtest6  (cost=0.43..456.09 rows=115 width=125)
	  Index Cond: ((id >= 333892) AND (id <= 333992))

table 7 : explain SELECT id, c FROM sbtest7 WHERE id BETWEEN 333892 AND 333992
	Index Scan using sbtest7_pkey on sbtest7  (cost=0.43..373.01 rows=94 width=125)
	  Index Cond: ((id >= 333892) AND (id <= 333992))

table 8 : explain SELECT id, c FROM sbtest8 WHERE id BETWEEN 333892 AND 333992
	Index Scan using sbtest8_pkey on sbtest8  (cost=0.43..400.95 rows=101 width=125)
	  Index Cond: ((id >= 333892) AND (id <= 333992))


for range-notcovered
table 1 : explain SELECT id, c FROM sbtest1 WHERE id BETWEEN 2970879 AND 2970979
	Index Scan using sbtest1_pkey on sbtest1  (cost=0.43..412.76 rows=104 width=125)
	  Index Cond: ((id >= 2970879) AND (id <= 2970979))

table 2 : explain SELECT id, c FROM sbtest2 WHERE id BETWEEN 2970879 AND 2970979
	Index Scan using sbtest2_pkey on sbtest2  (cost=0.43..373.22 rows=94 width=125)
	  Index Cond: ((id >= 2970879) AND (id <= 2970979))

table 3 : explain SELECT id, c FROM sbtest3 WHERE id BETWEEN 2970879 AND 2970979
	Index Scan using sbtest3_pkey on sbtest3  (cost=0.43..437.86 rows=110 width=125)
	  Index Cond: ((id >= 2970879) AND (id <= 2970979))

table 4 : explain SELECT id, c FROM sbtest4 WHERE id BETWEEN 2970879 AND 2970979
	Index Scan using sbtest4_pkey on sbtest4  (cost=0.43..421.90 rows=106 width=125)
	  Index Cond: ((id >= 2970879) AND (id <= 2970979))

table 5 : explain SELECT id, c FROM sbtest5 WHERE id BETWEEN 2970879 AND 2970979
	Index Scan using sbtest5_pkey on sbtest5  (cost=0.43..431.42 rows=109 width=125)
	  Index Cond: ((id >= 2970879) AND (id <= 2970979))

table 6 : explain SELECT id, c FROM sbtest6 WHERE id BETWEEN 2970879 AND 2970979
	Index Scan using sbtest6_pkey on sbtest6  (cost=0.43..385.42 rows=97 width=125)
	  Index Cond: ((id >= 2970879) AND (id <= 2970979))

table 7 : explain SELECT id, c FROM sbtest7 WHERE id BETWEEN 2970879 AND 2970979
	Index Scan using sbtest7_pkey on sbtest7  (cost=0.43..439.63 rows=111 width=125)
	  Index Cond: ((id >= 2970879) AND (id <= 2970979))

table 8 : explain SELECT id, c FROM sbtest8 WHERE id BETWEEN 2970879 AND 2970979
	Index Scan using sbtest8_pkey on sbtest8  (cost=0.43..436.27 rows=110 width=125)
	  Index Cond: ((id >= 2970879) AND (id <= 2970979))

for range-notcovered
table 1 : explain SELECT id, c FROM sbtest1 WHERE id BETWEEN 4100132 AND 4100232
	Index Scan using sbtest1_pkey on sbtest1  (cost=0.43..416.68 rows=105 width=125)
	  Index Cond: ((id >= 4100132) AND (id <= 4100232))

table 2 : explain SELECT id, c FROM sbtest2 WHERE id BETWEEN 4100132 AND 4100232
	Index Scan using sbtest2_pkey on sbtest2  (cost=0.43..377.15 rows=95 width=125)
	  Index Cond: ((id >= 4100132) AND (id <= 4100232))

table 3 : explain SELECT id, c FROM sbtest3 WHERE id BETWEEN 4100132 AND 4100232
	Index Scan using sbtest3_pkey on sbtest3  (cost=0.43..410.29 rows=103 width=125)
	  Index Cond: ((id >= 4100132) AND (id <= 4100232))

table 4 : explain SELECT id, c FROM sbtest4 WHERE id BETWEEN 4100132 AND 4100232
	Index Scan using sbtest4_pkey on sbtest4  (cost=0.43..441.59 rows=111 width=125)
	  Index Cond: ((id >= 4100132) AND (id <= 4100232))

table 5 : explain SELECT id, c FROM sbtest5 WHERE id BETWEEN 4100132 AND 4100232
	Index Scan using sbtest5_pkey on sbtest5  (cost=0.43..427.50 rows=108 width=125)
	  Index Cond: ((id >= 4100132) AND (id <= 4100232))

table 6 : explain SELECT id, c FROM sbtest6 WHERE id BETWEEN 4100132 AND 4100232
	Index Scan using sbtest6_pkey on sbtest6  (cost=0.43..405.05 rows=102 width=125)
	  Index Cond: ((id >= 4100132) AND (id <= 4100232))

table 7 : explain SELECT id, c FROM sbtest7 WHERE id BETWEEN 4100132 AND 4100232
	Index Scan using sbtest7_pkey on sbtest7  (cost=0.43..384.77 rows=97 width=125)
	  Index Cond: ((id >= 4100132) AND (id <= 4100232))

table 8 : explain SELECT id, c FROM sbtest8 WHERE id BETWEEN 4100132 AND 4100232
	Index Scan using sbtest8_pkey on sbtest8  (cost=0.43..381.33 rows=96 width=125)
	  Index Cond: ((id >= 4100132) AND (id <= 4100232))

for range-notcovered
table 1 : explain SELECT id, c FROM sbtest1 WHERE id BETWEEN 4224092 AND 4224192
	Index Scan using sbtest1_pkey on sbtest1  (cost=0.43..404.91 rows=102 width=125)
	  Index Cond: ((id >= 4224092) AND (id <= 4224192))

table 2 : explain SELECT id, c FROM sbtest2 WHERE id BETWEEN 4224092 AND 4224192
	Index Scan using sbtest2_pkey on sbtest2  (cost=0.43..443.84 rows=112 width=125)
	  Index Cond: ((id >= 4224092) AND (id <= 4224192))

table 3 : explain SELECT id, c FROM sbtest3 WHERE id BETWEEN 4224092 AND 4224192
	Index Scan using sbtest3_pkey on sbtest3  (cost=0.43..398.47 rows=100 width=125)
	  Index Cond: ((id >= 4224092) AND (id <= 4224192))

table 4 : explain SELECT id, c FROM sbtest4 WHERE id BETWEEN 4224092 AND 4224192
	Index Scan using sbtest4_pkey on sbtest4  (cost=0.43..429.78 rows=108 width=125)
	  Index Cond: ((id >= 4224092) AND (id <= 4224192))

table 5 : explain SELECT id, c FROM sbtest5 WHERE id BETWEEN 4224092 AND 4224192
	Index Scan using sbtest5_pkey on sbtest5  (cost=0.43..372.68 rows=94 width=125)
	  Index Cond: ((id >= 4224092) AND (id <= 4224192))

table 6 : explain SELECT id, c FROM sbtest6 WHERE id BETWEEN 4224092 AND 4224192
	Index Scan using sbtest6_pkey on sbtest6  (cost=0.43..389.35 rows=98 width=125)
	  Index Cond: ((id >= 4224092) AND (id <= 4224192))

table 7 : explain SELECT id, c FROM sbtest7 WHERE id BETWEEN 4224092 AND 4224192
	Index Scan using sbtest7_pkey on sbtest7  (cost=0.43..369.09 rows=93 width=125)
	  Index Cond: ((id >= 4224092) AND (id <= 4224192))

table 8 : explain SELECT id, c FROM sbtest8 WHERE id BETWEEN 4224092 AND 4224192
	Index Scan using sbtest8_pkey on sbtest8  (cost=0.43..428.42 rows=108 width=125)
	  Index Cond: ((id >= 4224092) AND (id <= 4224192))

explain: for range-notcovered :: explain SELECT id, c FROM sbtest%d WHERE id BETWEEN 4224092 AND 4224192
for range-notcovered
table 1 : explain SELECT id, c FROM sbtest1 WHERE id BETWEEN 8581503 AND 8581603
	Index Scan using sbtest1_pkey on sbtest1  (cost=0.43..373.49 rows=94 width=125)
	  Index Cond: ((id >= 8581503) AND (id <= 8581603))

table 2 : explain SELECT id, c FROM sbtest2 WHERE id BETWEEN 8581503 AND 8581603
	Index Scan using sbtest2_pkey on sbtest2  (cost=0.43..432.07 rows=109 width=125)
	  Index Cond: ((id >= 8581503) AND (id <= 8581603))

table 3 : explain SELECT id, c FROM sbtest3 WHERE id BETWEEN 8581503 AND 8581603
	Index Scan using sbtest3_pkey on sbtest3  (cost=0.43..374.82 rows=94 width=125)
	  Index Cond: ((id >= 8581503) AND (id <= 8581603))

table 4 : explain SELECT id, c FROM sbtest4 WHERE id BETWEEN 8581503 AND 8581603
	Index Scan using sbtest4_pkey on sbtest4  (cost=0.43..406.16 rows=102 width=125)
	  Index Cond: ((id >= 8581503) AND (id <= 8581603))

table 5 : explain SELECT id, c FROM sbtest5 WHERE id BETWEEN 8581503 AND 8581603
	Index Scan using sbtest5_pkey on sbtest5  (cost=0.43..384.43 rows=97 width=125)
	  Index Cond: ((id >= 8581503) AND (id <= 8581603))

table 6 : explain SELECT id, c FROM sbtest6 WHERE id BETWEEN 8581503 AND 8581603
	Index Scan using sbtest6_pkey on sbtest6  (cost=0.43..416.83 rows=105 width=125)
	  Index Cond: ((id >= 8581503) AND (id <= 8581603))

table 7 : explain SELECT id, c FROM sbtest7 WHERE id BETWEEN 8581503 AND 8581603
	Index Scan using sbtest7_pkey on sbtest7  (cost=0.43..388.68 rows=98 width=125)
	  Index Cond: ((id >= 8581503) AND (id <= 8581603))

table 8 : explain SELECT id, c FROM sbtest8 WHERE id BETWEEN 8581503 AND 8581603
	Index Scan using sbtest8_pkey on sbtest8  (cost=0.43..404.88 rows=102 width=125)
	  Index Cond: ((id >= 8581503) AND (id <= 8581603))

explain: for range-notcovered :: explain SELECT id, c FROM sbtest%d WHERE id BETWEEN 8581503 AND 8581603
for range-notcovered
table 1 : explain SELECT id, c FROM sbtest1 WHERE id BETWEEN 4224092 AND 4224192
	Index Scan using sbtest1_pkey on sbtest1  (cost=0.43..404.91 rows=102 width=125)
	  Index Cond: ((id >= 4224092) AND (id <= 4224192))

table 2 : explain SELECT id, c FROM sbtest2 WHERE id BETWEEN 4224092 AND 4224192
	Index Scan using sbtest2_pkey on sbtest2  (cost=0.43..443.84 rows=112 width=125)
	  Index Cond: ((id >= 4224092) AND (id <= 4224192))

table 3 : explain SELECT id, c FROM sbtest3 WHERE id BETWEEN 4224092 AND 4224192
	Index Scan using sbtest3_pkey on sbtest3  (cost=0.43..398.47 rows=100 width=125)
	  Index Cond: ((id >= 4224092) AND (id <= 4224192))

table 4 : explain SELECT id, c FROM sbtest4 WHERE id BETWEEN 4224092 AND 4224192
	Index Scan using sbtest4_pkey on sbtest4  (cost=0.43..429.78 rows=108 width=125)
	  Index Cond: ((id >= 4224092) AND (id <= 4224192))

table 5 : explain SELECT id, c FROM sbtest5 WHERE id BETWEEN 4224092 AND 4224192
	Index Scan using sbtest5_pkey on sbtest5  (cost=0.43..372.68 rows=94 width=125)
	  Index Cond: ((id >= 4224092) AND (id <= 4224192))

table 6 : explain SELECT id, c FROM sbtest6 WHERE id BETWEEN 4224092 AND 4224192
	Index Scan using sbtest6_pkey on sbtest6  (cost=0.43..389.35 rows=98 width=125)
	  Index Cond: ((id >= 4224092) AND (id <= 4224192))

table 7 : explain SELECT id, c FROM sbtest7 WHERE id BETWEEN 4224092 AND 4224192
	Index Scan using sbtest7_pkey on sbtest7  (cost=0.43..369.09 rows=93 width=125)
	  Index Cond: ((id >= 4224092) AND (id <= 4224192))

table 8 : explain SELECT id, c FROM sbtest8 WHERE id BETWEEN 4224092 AND 4224192
	Index Scan using sbtest8_pkey on sbtest8  (cost=0.43..428.42 rows=108 width=125)
	  Index Cond: ((id >= 4224092) AND (id <= 4224192))

explain: for range-notcovered :: explain SELECT id, c FROM sbtest%d WHERE id BETWEEN 4224092 AND 4224192
for range-notcovered
table 1 : explain SELECT id, c FROM sbtest1 WHERE id BETWEEN 8581503 AND 8581603
	Index Scan using sbtest1_pkey on sbtest1  (cost=0.43..373.49 rows=94 width=125)
	  Index Cond: ((id >= 8581503) AND (id <= 8581603))

table 2 : explain SELECT id, c FROM sbtest2 WHERE id BETWEEN 8581503 AND 8581603
	Index Scan using sbtest2_pkey on sbtest2  (cost=0.43..432.07 rows=109 width=125)
	  Index Cond: ((id >= 8581503) AND (id <= 8581603))

table 3 : explain SELECT id, c FROM sbtest3 WHERE id BETWEEN 8581503 AND 8581603
	Index Scan using sbtest3_pkey on sbtest3  (cost=0.43..374.82 rows=94 width=125)
	  Index Cond: ((id >= 8581503) AND (id <= 8581603))

table 4 : explain SELECT id, c FROM sbtest4 WHERE id BETWEEN 8581503 AND 8581603
	Index Scan using sbtest4_pkey on sbtest4  (cost=0.43..406.16 rows=102 width=125)
	  Index Cond: ((id >= 8581503) AND (id <= 8581603))

table 5 : explain SELECT id, c FROM sbtest5 WHERE id BETWEEN 8581503 AND 8581603
	Index Scan using sbtest5_pkey on sbtest5  (cost=0.43..384.43 rows=97 width=125)
	  Index Cond: ((id >= 8581503) AND (id <= 8581603))

table 6 : explain SELECT id, c FROM sbtest6 WHERE id BETWEEN 8581503 AND 8581603
	Index Scan using sbtest6_pkey on sbtest6  (cost=0.43..416.83 rows=105 width=125)
	  Index Cond: ((id >= 8581503) AND (id <= 8581603))

table 7 : explain SELECT id, c FROM sbtest7 WHERE id BETWEEN 8581503 AND 8581603
	Index Scan using sbtest7_pkey on sbtest7  (cost=0.43..388.68 rows=98 width=125)
	  Index Cond: ((id >= 8581503) AND (id <= 8581603))

table 8 : explain SELECT id, c FROM sbtest8 WHERE id BETWEEN 8581503 AND 8581603
	Index Scan using sbtest8_pkey on sbtest8  (cost=0.43..404.88 rows=102 width=125)
	  Index Cond: ((id >= 8581503) AND (id <= 8581603))

for range-notcovered
table 1 : explain SELECT id, c FROM sbtest1 WHERE id BETWEEN 4224092 AND 4224192
	Index Scan using sbtest1_pkey on sbtest1  (cost=0.43..404.91 rows=102 width=125)
	  Index Cond: ((id >= 4224092) AND (id <= 4224192))

table 2 : explain SELECT id, c FROM sbtest2 WHERE id BETWEEN 4224092 AND 4224192
	Index Scan using sbtest2_pkey on sbtest2  (cost=0.43..443.84 rows=112 width=125)
	  Index Cond: ((id >= 4224092) AND (id <= 4224192))

table 3 : explain SELECT id, c FROM sbtest3 WHERE id BETWEEN 4224092 AND 4224192
	Index Scan using sbtest3_pkey on sbtest3  (cost=0.43..398.47 rows=100 width=125)
	  Index Cond: ((id >= 4224092) AND (id <= 4224192))

table 4 : explain SELECT id, c FROM sbtest4 WHERE id BETWEEN 4224092 AND 4224192
	Index Scan using sbtest4_pkey on sbtest4  (cost=0.43..429.78 rows=108 width=125)
	  Index Cond: ((id >= 4224092) AND (id <= 4224192))

table 5 : explain SELECT id, c FROM sbtest5 WHERE id BETWEEN 4224092 AND 4224192
	Index Scan using sbtest5_pkey on sbtest5  (cost=0.43..372.68 rows=94 width=125)
	  Index Cond: ((id >= 4224092) AND (id <= 4224192))

table 6 : explain SELECT id, c FROM sbtest6 WHERE id BETWEEN 4224092 AND 4224192
	Index Scan using sbtest6_pkey on sbtest6  (cost=0.43..389.35 rows=98 width=125)
	  Index Cond: ((id >= 4224092) AND (id <= 4224192))

table 7 : explain SELECT id, c FROM sbtest7 WHERE id BETWEEN 4224092 AND 4224192
	Index Scan using sbtest7_pkey on sbtest7  (cost=0.43..369.09 rows=93 width=125)
	  Index Cond: ((id >= 4224092) AND (id <= 4224192))

table 8 : explain SELECT id, c FROM sbtest8 WHERE id BETWEEN 4224092 AND 4224192
	Index Scan using sbtest8_pkey on sbtest8  (cost=0.43..428.42 rows=108 width=125)
	  Index Cond: ((id >= 4224092) AND (id <= 4224192))

explain: for range-notcovered :: explain SELECT id, c FROM sbtest%d WHERE id BETWEEN 4224092 AND 4224192
for range-notcovered
table 1 : explain SELECT id, c FROM sbtest1 WHERE id BETWEEN 4224092 AND 4224192
	Index Scan using sbtest1_pkey on sbtest1  (cost=0.43..404.91 rows=102 width=125)
	  Index Cond: ((id >= 4224092) AND (id <= 4224192))

table 2 : explain SELECT id, c FROM sbtest2 WHERE id BETWEEN 4224092 AND 4224192
	Index Scan using sbtest2_pkey on sbtest2  (cost=0.43..443.84 rows=112 width=125)
	  Index Cond: ((id >= 4224092) AND (id <= 4224192))

table 3 : explain SELECT id, c FROM sbtest3 WHERE id BETWEEN 4224092 AND 4224192
	Index Scan using sbtest3_pkey on sbtest3  (cost=0.43..398.47 rows=100 width=125)
	  Index Cond: ((id >= 4224092) AND (id <= 4224192))

table 4 : explain SELECT id, c FROM sbtest4 WHERE id BETWEEN 4224092 AND 4224192
	Index Scan using sbtest4_pkey on sbtest4  (cost=0.43..429.78 rows=108 width=125)
	  Index Cond: ((id >= 4224092) AND (id <= 4224192))

table 5 : explain SELECT id, c FROM sbtest5 WHERE id BETWEEN 4224092 AND 4224192
	Index Scan using sbtest5_pkey on sbtest5  (cost=0.43..372.68 rows=94 width=125)
	  Index Cond: ((id >= 4224092) AND (id <= 4224192))

table 6 : explain SELECT id, c FROM sbtest6 WHERE id BETWEEN 4224092 AND 4224192
	Index Scan using sbtest6_pkey on sbtest6  (cost=0.43..389.35 rows=98 width=125)
	  Index Cond: ((id >= 4224092) AND (id <= 4224192))

table 7 : explain SELECT id, c FROM sbtest7 WHERE id BETWEEN 4224092 AND 4224192
	Index Scan using sbtest7_pkey on sbtest7  (cost=0.43..369.09 rows=93 width=125)
	  Index Cond: ((id >= 4224092) AND (id <= 4224192))

table 8 : explain SELECT id, c FROM sbtest8 WHERE id BETWEEN 4224092 AND 4224192
	Index Scan using sbtest8_pkey on sbtest8  (cost=0.43..428.42 rows=108 width=125)
	  Index Cond: ((id >= 4224092) AND (id <= 4224192))

explain: for range-notcovered :: explain SELECT id, c FROM sbtest%d WHERE id BETWEEN 4224092 AND 4224192
for range-notcovered
table 1 : explain SELECT id, c FROM sbtest1 WHERE id BETWEEN 4224092 AND 4224192
	Index Scan using sbtest1_pkey on sbtest1  (cost=0.43..404.91 rows=102 width=125)
	  Index Cond: ((id >= 4224092) AND (id <= 4224192))

table 2 : explain SELECT id, c FROM sbtest2 WHERE id BETWEEN 4224092 AND 4224192
	Index Scan using sbtest2_pkey on sbtest2  (cost=0.43..443.84 rows=112 width=125)
	  Index Cond: ((id >= 4224092) AND (id <= 4224192))

table 3 : explain SELECT id, c FROM sbtest3 WHERE id BETWEEN 4224092 AND 4224192
	Index Scan using sbtest3_pkey on sbtest3  (cost=0.43..398.47 rows=100 width=125)
	  Index Cond: ((id >= 4224092) AND (id <= 4224192))

table 4 : explain SELECT id, c FROM sbtest4 WHERE id BETWEEN 4224092 AND 4224192
	Index Scan using sbtest4_pkey on sbtest4  (cost=0.43..429.78 rows=108 width=125)
	  Index Cond: ((id >= 4224092) AND (id <= 4224192))

table 5 : explain SELECT id, c FROM sbtest5 WHERE id BETWEEN 4224092 AND 4224192
	Index Scan using sbtest5_pkey on sbtest5  (cost=0.43..372.68 rows=94 width=125)
	  Index Cond: ((id >= 4224092) AND (id <= 4224192))

table 6 : explain SELECT id, c FROM sbtest6 WHERE id BETWEEN 4224092 AND 4224192
	Index Scan using sbtest6_pkey on sbtest6  (cost=0.43..389.35 rows=98 width=125)
	  Index Cond: ((id >= 4224092) AND (id <= 4224192))

table 7 : explain SELECT id, c FROM sbtest7 WHERE id BETWEEN 4224092 AND 4224192
	Index Scan using sbtest7_pkey on sbtest7  (cost=0.43..369.09 rows=93 width=125)
	  Index Cond: ((id >= 4224092) AND (id <= 4224192))

table 8 : explain SELECT id, c FROM sbtest8 WHERE id BETWEEN 4224092 AND 4224192
	Index Scan using sbtest8_pkey on sbtest8  (cost=0.43..428.42 rows=108 width=125)
	  Index Cond: ((id >= 4224092) AND (id <= 4224192))

Threads started!

Warming up for 5 seconds...

SQL statistics:
    queries performed:
        read:                            119115732
        write:                           0
        other:                           0
        total:                           119115732
    transactions:                        119115732 (189070.96 per sec.)
    queries:                             119115732 (189070.96 per sec.)
    ignored errors:                      0      (0.00 per sec.)
    reconnects:                          0      (0.00 per sec.)

Throughput:
    events/s (eps):                      189070.9629
    time elapsed:                        630.0056s
    total number of events:              119115732

Latency (ms):
         min:                                    0.07
         avg:                                    0.21
         max:                                   16.69
         95th percentile:                        0.23
         sum:                             25149231.81

Threads fairness:
    events (avg/stddev):           2977889.9500/20011.01
    execution time (avg/stddev):   628.7308/0.04

