LUA_PATH=/home/mdcallag/git/mytools/bench/sysbench.lua/lua/?.lua /home/mdcallag/git/mytools/bench/sysbench.lua/lua/sysbench --db-driver=pgsql --range-size=100 --table-size=10000000 --tables=8 --threads=40 --events=0 --warmup-time=5 --time=630 --pgsql_conn_id=true /home/mdcallag/git/mytools/bench/sysbench.lua/lua/oltp_range_covered.lua run --pgsql-user=root --pgsql-password=pw --pgsql-host=127.0.0.1 --pgsql-db=ib --rand-type=uniform --random-points=100 --skip-trx --on-id=false
48 CPUs
sysbench 1.1.0-9072687 (using bundled LuaJIT 2.1.0-beta3)

Running the test with following options:
Number of threads: 40
Warmup time: 5s
Initializing random number generator from current time


Initializing worker threads...

explain: for range-covered :: explain SELECT k FROM sbtest%d WHERE k BETWEEN 3584121 AND 3584221
explain: for range-covered :: explain SELECT k FROM sbtest%d WHERE k BETWEEN 5162842 AND 5162942
explain: for range-covered :: explain SELECT k FROM sbtest%d WHERE k BETWEEN 5408583 AND 5408683
explain: for range-covered :: explain SELECT k FROM sbtest%d WHERE k BETWEEN 8228470 AND 8228570
explain: for range-covered :: explain SELECT k FROM sbtest%d WHERE k BETWEEN 6310819 AND 6310919
explain: for range-covered :: explain SELECT k FROM sbtest%d WHERE k BETWEEN 2892140 AND 2892240
for range-covered
table 1 : explain SELECT k FROM sbtest1 WHERE k BETWEEN 6310819 AND 6310919
	Index Only Scan using k_1 on sbtest1  (cost=0.43..6.51 rows=104 width=4)
	  Index Cond: ((k >= 6310819) AND (k <= 6310919))

table 2 : explain SELECT k FROM sbtest2 WHERE k BETWEEN 6310819 AND 6310919
	Index Only Scan using k_2 on sbtest2  (cost=0.43..6.63 rows=110 width=4)
	  Index Cond: ((k >= 6310819) AND (k <= 6310919))

table 3 : explain SELECT k FROM sbtest3 WHERE k BETWEEN 6310819 AND 6310919
	Index Only Scan using k_3 on sbtest3  (cost=0.43..6.33 rows=95 width=4)
	  Index Cond: ((k >= 6310819) AND (k <= 6310919))

table 4 : explain SELECT k FROM sbtest4 WHERE k BETWEEN 6310819 AND 6310919
	Index Only Scan using k_4 on sbtest4  (cost=0.43..6.47 rows=102 width=4)
	  Index Cond: ((k >= 6310819) AND (k <= 6310919))

table 5 : explain SELECT k FROM sbtest5 WHERE k BETWEEN 6310819 AND 6310919
	Index Only Scan using k_5 on sbtest5  (cost=0.43..6.37 rows=97 width=4)
	  Index Cond: ((k >= 6310819) AND (k <= 6310919))

table 6 : explain SELECT k FROM sbtest6 WHERE k BETWEEN 6310819 AND 6310919
	Index Only Scan using k_6 on sbtest6  (cost=0.43..6.51 rows=104 width=4)
	  Index Cond: ((k >= 6310819) AND (k <= 6310919))

table 7 : explain SELECT k FROM sbtest7 WHERE k BETWEEN 6310819 AND 6310919
	Index Only Scan using k_7 on sbtest7  (cost=0.43..10.38 rows=97 width=4)
	  Index Cond: ((k >= 6310819) AND (k <= 6310919))

table 8 : explain SELECT k FROM sbtest8 WHERE k BETWEEN 6310819 AND 6310919
	Index Only Scan using k_8 on sbtest8  (cost=0.43..6.47 rows=102 width=4)
	  Index Cond: ((k >= 6310819) AND (k <= 6310919))

for range-covered
table 1 : explain SELECT k FROM sbtest1 WHERE k BETWEEN 5408583 AND 5408683
	Index Only Scan using k_1 on sbtest1  (cost=0.43..6.53 rows=105 width=4)
	  Index Cond: ((k >= 5408583) AND (k <= 5408683))

table 2 : explain SELECT k FROM sbtest2 WHERE k BETWEEN 5408583 AND 5408683
	Index Only Scan using k_2 on sbtest2  (cost=0.43..6.56 rows=106 width=4)
	  Index Cond: ((k >= 5408583) AND (k <= 5408683))

table 3 : explain SELECT k FROM sbtest3 WHERE k BETWEEN 5408583 AND 5408683
	Index Only Scan using k_3 on sbtest3  (cost=0.43..6.75 rows=116 width=4)
	  Index Cond: ((k >= 5408583) AND (k <= 5408683))

table 4 : explain SELECT k FROM sbtest4 WHERE k BETWEEN 5408583 AND 5408683
	Index Only Scan using k_4 on sbtest4  (cost=0.43..6.58 rows=107 width=4)
	  Index Cond: ((k >= 5408583) AND (k <= 5408683))

table 5 : explain SELECT k FROM sbtest5 WHERE k BETWEEN 5408583 AND 5408683
	Index Only Scan using k_5 on sbtest5  (cost=0.43..6.27 rows=92 width=4)
	  Index Cond: ((k >= 5408583) AND (k <= 5408683))

table 6 : explain SELECT k FROM sbtest6 WHERE k BETWEEN 5408583 AND 5408683
	Index Only Scan using k_6 on sbtest6  (cost=0.43..6.37 rows=97 width=4)
	  Index Cond: ((k >= 5408583) AND (k <= 5408683))

table 7 : explain SELECT k FROM sbtest7 WHERE k BETWEEN 5408583 AND 5408683
	Index Only Scan using k_7 on sbtest7  (cost=0.43..10.60 rows=108 width=4)
	  Index Cond: ((k >= 5408583) AND (k <= 5408683))

table 8 : explain SELECT k FROM sbtest8 WHERE k BETWEEN 5408583 AND 5408683
	Index Only Scan using k_8 on sbtest8  (cost=0.43..6.59 rows=108 width=4)
	  Index Cond: ((k >= 5408583) AND (k <= 5408683))

for range-covered
table 1 : explain SELECT k FROM sbtest1 WHERE k BETWEEN 3584121 AND 3584221
	Index Only Scan using k_1 on sbtest1  (cost=0.43..6.29 rows=93 width=4)
	  Index Cond: ((k >= 3584121) AND (k <= 3584221))

table 2 : explain SELECT k FROM sbtest2 WHERE k BETWEEN 3584121 AND 3584221
	Index Only Scan using k_2 on sbtest2  (cost=0.43..6.42 rows=99 width=4)
	  Index Cond: ((k >= 3584121) AND (k <= 3584221))

table 3 : explain SELECT k FROM sbtest3 WHERE k BETWEEN 3584121 AND 3584221
	Index Only Scan using k_3 on sbtest3  (cost=0.43..6.61 rows=109 width=4)
	  Index Cond: ((k >= 3584121) AND (k <= 3584221))

table 4 : explain SELECT k FROM sbtest4 WHERE k BETWEEN 3584121 AND 3584221
	Index Only Scan using k_4 on sbtest4  (cost=0.43..6.40 rows=98 width=4)
	  Index Cond: ((k >= 3584121) AND (k <= 3584221))

table 5 : explain SELECT k FROM sbtest5 WHERE k BETWEEN 3584121 AND 3584221
	Index Only Scan using k_5 on sbtest5  (cost=0.43..6.43 rows=100 width=4)
	  Index Cond: ((k >= 3584121) AND (k <= 3584221))

table 6 : explain SELECT k FROM sbtest6 WHERE k BETWEEN 3584121 AND 3584221
	Index Only Scan using k_6 on sbtest6  (cost=0.43..6.35 rows=96 width=4)
	  Index Cond: ((k >= 3584121) AND (k <= 3584221))

table 7 : explain SELECT k FROM sbtest7 WHERE k BETWEEN 3584121 AND 3584221
	Index Only Scan using k_7 on sbtest7  (cost=0.43..10.42 rows=99 width=4)
	  Index Cond: ((k >= 3584121) AND (k <= 3584221))

table 8 : explain SELECT k FROM sbtest8 WHERE k BETWEEN 3584121 AND 3584221
	Index Only Scan using k_8 on sbtest8  (cost=0.43..6.45 rows=101 width=4)
	  Index Cond: ((k >= 3584121) AND (k <= 3584221))

explain: for range-covered :: explain SELECT k FROM sbtest%d WHERE k BETWEEN 6310819 AND 6310919
explain: for range-covered :: explain SELECT k FROM sbtest%d WHERE k BETWEEN 5408583 AND 5408683
explain: for range-covered :: explain SELECT k FROM sbtest%d WHERE k BETWEEN 3584121 AND 3584221
explain: for range-covered :: explain SELECT k FROM sbtest%d WHERE k BETWEEN 4339728 AND 4339828
for range-covered
table 1 : explain SELECT k FROM sbtest1 WHERE k BETWEEN 5408583 AND 5408683
	Index Only Scan using k_1 on sbtest1  (cost=0.43..6.53 rows=105 width=4)
	  Index Cond: ((k >= 5408583) AND (k <= 5408683))

table 2 : explain SELECT k FROM sbtest2 WHERE k BETWEEN 5408583 AND 5408683
	Index Only Scan using k_2 on sbtest2  (cost=0.43..6.56 rows=106 width=4)
	  Index Cond: ((k >= 5408583) AND (k <= 5408683))

table 3 : explain SELECT k FROM sbtest3 WHERE k BETWEEN 5408583 AND 5408683
	Index Only Scan using k_3 on sbtest3  (cost=0.43..6.75 rows=116 width=4)
	  Index Cond: ((k >= 5408583) AND (k <= 5408683))

table 4 : explain SELECT k FROM sbtest4 WHERE k BETWEEN 5408583 AND 5408683
	Index Only Scan using k_4 on sbtest4  (cost=0.43..6.58 rows=107 width=4)
	  Index Cond: ((k >= 5408583) AND (k <= 5408683))

table 5 : explain SELECT k FROM sbtest5 WHERE k BETWEEN 5408583 AND 5408683
	Index Only Scan using k_5 on sbtest5  (cost=0.43..6.27 rows=92 width=4)
	  Index Cond: ((k >= 5408583) AND (k <= 5408683))

table 6 : explain SELECT k FROM sbtest6 WHERE k BETWEEN 5408583 AND 5408683
	Index Only Scan using k_6 on sbtest6  (cost=0.43..6.37 rows=97 width=4)
	  Index Cond: ((k >= 5408583) AND (k <= 5408683))

table 7 : explain SELECT k FROM sbtest7 WHERE k BETWEEN 5408583 AND 5408683
	Index Only Scan using k_7 on sbtest7  (cost=0.43..10.60 rows=108 width=4)
	  Index Cond: ((k >= 5408583) AND (k <= 5408683))

table 8 : explain SELECT k FROM sbtest8 WHERE k BETWEEN 5408583 AND 5408683
	Index Only Scan using k_8 on sbtest8  (cost=0.43..6.59 rows=108 width=4)
	  Index Cond: ((k >= 5408583) AND (k <= 5408683))

explain: for range-covered :: explain SELECT k FROM sbtest%d WHERE k BETWEEN 5408583 AND 5408683
for range-covered
table 1 : explain SELECT k FROM sbtest1 WHERE k BETWEEN 3584121 AND 3584221
	Index Only Scan using k_1 on sbtest1  (cost=0.43..6.29 rows=93 width=4)
	  Index Cond: ((k >= 3584121) AND (k <= 3584221))

table 2 : explain SELECT k FROM sbtest2 WHERE k BETWEEN 3584121 AND 3584221
	Index Only Scan using k_2 on sbtest2  (cost=0.43..6.42 rows=99 width=4)
	  Index Cond: ((k >= 3584121) AND (k <= 3584221))

table 3 : explain SELECT k FROM sbtest3 WHERE k BETWEEN 3584121 AND 3584221
	Index Only Scan using k_3 on sbtest3  (cost=0.43..6.61 rows=109 width=4)
	  Index Cond: ((k >= 3584121) AND (k <= 3584221))

table 4 : explain SELECT k FROM sbtest4 WHERE k BETWEEN 3584121 AND 3584221
	Index Only Scan using k_4 on sbtest4  (cost=0.43..6.40 rows=98 width=4)
	  Index Cond: ((k >= 3584121) AND (k <= 3584221))

table 5 : explain SELECT k FROM sbtest5 WHERE k BETWEEN 3584121 AND 3584221
	Index Only Scan using k_5 on sbtest5  (cost=0.43..6.43 rows=100 width=4)
	  Index Cond: ((k >= 3584121) AND (k <= 3584221))

table 6 : explain SELECT k FROM sbtest6 WHERE k BETWEEN 3584121 AND 3584221
	Index Only Scan using k_6 on sbtest6  (cost=0.43..6.35 rows=96 width=4)
	  Index Cond: ((k >= 3584121) AND (k <= 3584221))

table 7 : explain SELECT k FROM sbtest7 WHERE k BETWEEN 3584121 AND 3584221
	Index Only Scan using k_7 on sbtest7  (cost=0.43..10.42 rows=99 width=4)
	  Index Cond: ((k >= 3584121) AND (k <= 3584221))

table 8 : explain SELECT k FROM sbtest8 WHERE k BETWEEN 3584121 AND 3584221
	Index Only Scan using k_8 on sbtest8  (cost=0.43..6.45 rows=101 width=4)
	  Index Cond: ((k >= 3584121) AND (k <= 3584221))

explain: for range-covered :: explain SELECT k FROM sbtest%d WHERE k BETWEEN 7349846 AND 7349946
explain: for range-covered :: explain SELECT k FROM sbtest%d WHERE k BETWEEN 3584121 AND 3584221
explain: for range-covered :: explain SELECT k FROM sbtest%d WHERE k BETWEEN 4676802 AND 4676902
explain: for range-covered :: explain SELECT k FROM sbtest%d WHERE k BETWEEN 6631783 AND 6631883
for range-covered
table 1 : explain SELECT k FROM sbtest1 WHERE k BETWEEN 8228470 AND 8228570
	Index Only Scan using k_1 on sbtest1  (cost=0.43..6.47 rows=102 width=4)
	  Index Cond: ((k >= 8228470) AND (k <= 8228570))

table 2 : explain SELECT k FROM sbtest2 WHERE k BETWEEN 8228470 AND 8228570
	Index Only Scan using k_2 on sbtest2  (cost=0.43..6.33 rows=95 width=4)
	  Index Cond: ((k >= 8228470) AND (k <= 8228570))

table 3 : explain SELECT k FROM sbtest3 WHERE k BETWEEN 8228470 AND 8228570
	Index Only Scan using k_3 on sbtest3  (cost=0.43..6.53 rows=105 width=4)
	  Index Cond: ((k >= 8228470) AND (k <= 8228570))

table 4 : explain SELECT k FROM sbtest4 WHERE k BETWEEN 8228470 AND 8228570
	Index Only Scan using k_4 on sbtest4  (cost=0.43..6.58 rows=107 width=4)
	  Index Cond: ((k >= 8228470) AND (k <= 8228570))

table 5 : explain SELECT k FROM sbtest5 WHERE k BETWEEN 8228470 AND 8228570
	Index Only Scan using k_5 on sbtest5  (cost=0.43..6.42 rows=99 width=4)
	  Index Cond: ((k >= 8228470) AND (k <= 8228570))

table 6 : explain SELECT k FROM sbtest6 WHERE k BETWEEN 8228470 AND 8228570
	Index Only Scan using k_6 on sbtest6  (cost=0.43..6.50 rows=103 width=4)
	  Index Cond: ((k >= 8228470) AND (k <= 8228570))

table 7 : explain SELECT k FROM sbtest7 WHERE k BETWEEN 8228470 AND 8228570
	Index Only Scan using k_7 on sbtest7  (cost=0.43..10.36 rows=96 width=4)
	  Index Cond: ((k >= 8228470) AND (k <= 8228570))

table 8 : explain SELECT k FROM sbtest8 WHERE k BETWEEN 8228470 AND 8228570
	Index Only Scan using k_8 on sbtest8  (cost=0.43..6.53 rows=105 width=4)
	  Index Cond: ((k >= 8228470) AND (k <= 8228570))

explain: for range-covered :: explain SELECT k FROM sbtest%d WHERE k BETWEEN 8228470 AND 8228570
explain: for range-covered :: explain SELECT k FROM sbtest%d WHERE k BETWEEN 1576830 AND 1576930
for range-covered
table 1 : explain SELECT k FROM sbtest1 WHERE k BETWEEN 5162842 AND 5162942
	Index Only Scan using k_1 on sbtest1  (cost=0.43..6.63 rows=110 width=4)
	  Index Cond: ((k >= 5162842) AND (k <= 5162942))

table 2 : explain SELECT k FROM sbtest2 WHERE k BETWEEN 5162842 AND 5162942
	Index Only Scan using k_2 on sbtest2  (cost=0.43..6.53 rows=105 width=4)
	  Index Cond: ((k >= 5162842) AND (k <= 5162942))

table 3 : explain SELECT k FROM sbtest3 WHERE k BETWEEN 5162842 AND 5162942
	Index Only Scan using k_3 on sbtest3  (cost=0.43..6.43 rows=100 width=4)
	  Index Cond: ((k >= 5162842) AND (k <= 5162942))

table 4 : explain SELECT k FROM sbtest4 WHERE k BETWEEN 5162842 AND 5162942
	Index Only Scan using k_4 on sbtest4  (cost=0.43..6.51 rows=104 width=4)
	  Index Cond: ((k >= 5162842) AND (k <= 5162942))

table 5 : explain SELECT k FROM sbtest5 WHERE k BETWEEN 5162842 AND 5162942
	Index Only Scan using k_5 on sbtest5  (cost=0.43..6.53 rows=105 width=4)
	  Index Cond: ((k >= 5162842) AND (k <= 5162942))

table 6 : explain SELECT k FROM sbtest6 WHERE k BETWEEN 5162842 AND 5162942
	Index Only Scan using k_6 on sbtest6  (cost=0.43..6.45 rows=101 width=4)
	  Index Cond: ((k >= 5162842) AND (k <= 5162942))

table 7 : explain SELECT k FROM sbtest7 WHERE k BETWEEN 5162842 AND 5162942
	Index Only Scan using k_7 on sbtest7  (cost=0.43..10.50 rows=103 width=4)
	  Index Cond: ((k >= 5162842) AND (k <= 5162942))

table 8 : explain SELECT k FROM sbtest8 WHERE k BETWEEN 5162842 AND 5162942
	Index Only Scan using k_8 on sbtest8  (cost=0.43..6.47 rows=102 width=4)
	  Index Cond: ((k >= 5162842) AND (k <= 5162942))

explain: for range-covered :: explain SELECT k FROM sbtest%d WHERE k BETWEEN 5162842 AND 5162942
for range-covered
table 1 : explain SELECT k FROM sbtest1 WHERE k BETWEEN 3584121 AND 3584221
	Index Only Scan using k_1 on sbtest1  (cost=0.43..6.29 rows=93 width=4)
	  Index Cond: ((k >= 3584121) AND (k <= 3584221))

table 2 : explain SELECT k FROM sbtest2 WHERE k BETWEEN 3584121 AND 3584221
	Index Only Scan using k_2 on sbtest2  (cost=0.43..6.42 rows=99 width=4)
	  Index Cond: ((k >= 3584121) AND (k <= 3584221))

table 3 : explain SELECT k FROM sbtest3 WHERE k BETWEEN 3584121 AND 3584221
	Index Only Scan using k_3 on sbtest3  (cost=0.43..6.61 rows=109 width=4)
	  Index Cond: ((k >= 3584121) AND (k <= 3584221))

table 4 : explain SELECT k FROM sbtest4 WHERE k BETWEEN 3584121 AND 3584221
	Index Only Scan using k_4 on sbtest4  (cost=0.43..6.40 rows=98 width=4)
	  Index Cond: ((k >= 3584121) AND (k <= 3584221))

table 5 : explain SELECT k FROM sbtest5 WHERE k BETWEEN 3584121 AND 3584221
	Index Only Scan using k_5 on sbtest5  (cost=0.43..6.43 rows=100 width=4)
	  Index Cond: ((k >= 3584121) AND (k <= 3584221))

table 6 : explain SELECT k FROM sbtest6 WHERE k BETWEEN 3584121 AND 3584221
	Index Only Scan using k_6 on sbtest6  (cost=0.43..6.35 rows=96 width=4)
	  Index Cond: ((k >= 3584121) AND (k <= 3584221))

table 7 : explain SELECT k FROM sbtest7 WHERE k BETWEEN 3584121 AND 3584221
	Index Only Scan using k_7 on sbtest7  (cost=0.43..10.42 rows=99 width=4)
	  Index Cond: ((k >= 3584121) AND (k <= 3584221))

table 8 : explain SELECT k FROM sbtest8 WHERE k BETWEEN 3584121 AND 3584221
	Index Only Scan using k_8 on sbtest8  (cost=0.43..6.45 rows=101 width=4)
	  Index Cond: ((k >= 3584121) AND (k <= 3584221))

for range-covered
table 1 : explain SELECT k FROM sbtest1 WHERE k BETWEEN 6310819 AND 6310919
	Index Only Scan using k_1 on sbtest1  (cost=0.43..6.51 rows=104 width=4)
	  Index Cond: ((k >= 6310819) AND (k <= 6310919))

table 2 : explain SELECT k FROM sbtest2 WHERE k BETWEEN 6310819 AND 6310919
	Index Only Scan using k_2 on sbtest2  (cost=0.43..6.63 rows=110 width=4)
	  Index Cond: ((k >= 6310819) AND (k <= 6310919))

table 3 : explain SELECT k FROM sbtest3 WHERE k BETWEEN 6310819 AND 6310919
	Index Only Scan using k_3 on sbtest3  (cost=0.43..6.33 rows=95 width=4)
	  Index Cond: ((k >= 6310819) AND (k <= 6310919))

table 4 : explain SELECT k FROM sbtest4 WHERE k BETWEEN 6310819 AND 6310919
	Index Only Scan using k_4 on sbtest4  (cost=0.43..6.47 rows=102 width=4)
	  Index Cond: ((k >= 6310819) AND (k <= 6310919))

table 5 : explain SELECT k FROM sbtest5 WHERE k BETWEEN 6310819 AND 6310919
	Index Only Scan using k_5 on sbtest5  (cost=0.43..6.37 rows=97 width=4)
	  Index Cond: ((k >= 6310819) AND (k <= 6310919))

table 6 : explain SELECT k FROM sbtest6 WHERE k BETWEEN 6310819 AND 6310919
	Index Only Scan using k_6 on sbtest6  (cost=0.43..6.51 rows=104 width=4)
	  Index Cond: ((k >= 6310819) AND (k <= 6310919))

table 7 : explain SELECT k FROM sbtest7 WHERE k BETWEEN 6310819 AND 6310919
	Index Only Scan using k_7 on sbtest7  (cost=0.43..10.38 rows=97 width=4)
	  Index Cond: ((k >= 6310819) AND (k <= 6310919))

table 8 : explain SELECT k FROM sbtest8 WHERE k BETWEEN 6310819 AND 6310919
	Index Only Scan using k_8 on sbtest8  (cost=0.43..6.47 rows=102 width=4)
	  Index Cond: ((k >= 6310819) AND (k <= 6310919))

explain: for range-covered :: explain SELECT k FROM sbtest%d WHERE k BETWEEN 3584121 AND 3584221
for range-covered
table 1 : explain SELECT k FROM sbtest1 WHERE k BETWEEN 5408583 AND 5408683
	Index Only Scan using k_1 on sbtest1  (cost=0.43..6.53 rows=105 width=4)
	  Index Cond: ((k >= 5408583) AND (k <= 5408683))

table 2 : explain SELECT k FROM sbtest2 WHERE k BETWEEN 5408583 AND 5408683
	Index Only Scan using k_2 on sbtest2  (cost=0.43..6.56 rows=106 width=4)
	  Index Cond: ((k >= 5408583) AND (k <= 5408683))

table 3 : explain SELECT k FROM sbtest3 WHERE k BETWEEN 5408583 AND 5408683
	Index Only Scan using k_3 on sbtest3  (cost=0.43..6.75 rows=116 width=4)
	  Index Cond: ((k >= 5408583) AND (k <= 5408683))

table 4 : explain SELECT k FROM sbtest4 WHERE k BETWEEN 5408583 AND 5408683
	Index Only Scan using k_4 on sbtest4  (cost=0.43..6.58 rows=107 width=4)
	  Index Cond: ((k >= 5408583) AND (k <= 5408683))

table 5 : explain SELECT k FROM sbtest5 WHERE k BETWEEN 5408583 AND 5408683
	Index Only Scan using k_5 on sbtest5  (cost=0.43..6.27 rows=92 width=4)
	  Index Cond: ((k >= 5408583) AND (k <= 5408683))

table 6 : explain SELECT k FROM sbtest6 WHERE k BETWEEN 5408583 AND 5408683
	Index Only Scan using k_6 on sbtest6  (cost=0.43..6.37 rows=97 width=4)
	  Index Cond: ((k >= 5408583) AND (k <= 5408683))

table 7 : explain SELECT k FROM sbtest7 WHERE k BETWEEN 5408583 AND 5408683
	Index Only Scan using k_7 on sbtest7  (cost=0.43..10.60 rows=108 width=4)
	  Index Cond: ((k >= 5408583) AND (k <= 5408683))

table 8 : explain SELECT k FROM sbtest8 WHERE k BETWEEN 5408583 AND 5408683
	Index Only Scan using k_8 on sbtest8  (cost=0.43..6.59 rows=108 width=4)
	  Index Cond: ((k >= 5408583) AND (k <= 5408683))

explain: for range-covered :: explain SELECT k FROM sbtest%d WHERE k BETWEEN 6310819 AND 6310919
for range-covered
table 1 : explain SELECT k FROM sbtest1 WHERE k BETWEEN 8228470 AND 8228570
	Index Only Scan using k_1 on sbtest1  (cost=0.43..6.47 rows=102 width=4)
	  Index Cond: ((k >= 8228470) AND (k <= 8228570))

table 2 : explain SELECT k FROM sbtest2 WHERE k BETWEEN 8228470 AND 8228570
	Index Only Scan using k_2 on sbtest2  (cost=0.43..6.33 rows=95 width=4)
	  Index Cond: ((k >= 8228470) AND (k <= 8228570))

table 3 : explain SELECT k FROM sbtest3 WHERE k BETWEEN 8228470 AND 8228570
	Index Only Scan using k_3 on sbtest3  (cost=0.43..6.53 rows=105 width=4)
	  Index Cond: ((k >= 8228470) AND (k <= 8228570))

table 4 : explain SELECT k FROM sbtest4 WHERE k BETWEEN 8228470 AND 8228570
	Index Only Scan using k_4 on sbtest4  (cost=0.43..6.58 rows=107 width=4)
	  Index Cond: ((k >= 8228470) AND (k <= 8228570))

table 5 : explain SELECT k FROM sbtest5 WHERE k BETWEEN 8228470 AND 8228570
	Index Only Scan using k_5 on sbtest5  (cost=0.43..6.42 rows=99 width=4)
	  Index Cond: ((k >= 8228470) AND (k <= 8228570))

table 6 : explain SELECT k FROM sbtest6 WHERE k BETWEEN 8228470 AND 8228570
	Index Only Scan using k_6 on sbtest6  (cost=0.43..6.50 rows=103 width=4)
	  Index Cond: ((k >= 8228470) AND (k <= 8228570))

table 7 : explain SELECT k FROM sbtest7 WHERE k BETWEEN 8228470 AND 8228570
	Index Only Scan using k_7 on sbtest7  (cost=0.43..10.36 rows=96 width=4)
	  Index Cond: ((k >= 8228470) AND (k <= 8228570))

table 8 : explain SELECT k FROM sbtest8 WHERE k BETWEEN 8228470 AND 8228570
	Index Only Scan using k_8 on sbtest8  (cost=0.43..6.53 rows=105 width=4)
	  Index Cond: ((k >= 8228470) AND (k <= 8228570))

explain: for range-covered :: explain SELECT k FROM sbtest%d WHERE k BETWEEN 5408583 AND 5408683
explain: for range-covered :: explain SELECT k FROM sbtest%d WHERE k BETWEEN 8228470 AND 8228570
for range-covered
table 1 : explain SELECT k FROM sbtest1 WHERE k BETWEEN 2892140 AND 2892240
	Index Only Scan using k_1 on sbtest1  (cost=0.43..6.47 rows=102 width=4)
	  Index Cond: ((k >= 2892140) AND (k <= 2892240))

table 2 : explain SELECT k FROM sbtest2 WHERE k BETWEEN 2892140 AND 2892240
	Index Only Scan using k_2 on sbtest2  (cost=0.43..6.51 rows=104 width=4)
	  Index Cond: ((k >= 2892140) AND (k <= 2892240))

table 3 : explain SELECT k FROM sbtest3 WHERE k BETWEEN 2892140 AND 2892240
	Index Only Scan using k_3 on sbtest3  (cost=0.43..6.45 rows=101 width=4)
	  Index Cond: ((k >= 2892140) AND (k <= 2892240))

table 4 : explain SELECT k FROM sbtest4 WHERE k BETWEEN 2892140 AND 2892240
	Index Only Scan using k_4 on sbtest4  (cost=0.43..6.40 rows=98 width=4)
	  Index Cond: ((k >= 2892140) AND (k <= 2892240))

table 5 : explain SELECT k FROM sbtest5 WHERE k BETWEEN 2892140 AND 2892240
	Index Only Scan using k_5 on sbtest5  (cost=0.43..6.50 rows=103 width=4)
	  Index Cond: ((k >= 2892140) AND (k <= 2892240))

table 6 : explain SELECT k FROM sbtest6 WHERE k BETWEEN 2892140 AND 2892240
	Index Only Scan using k_6 on sbtest6  (cost=0.43..6.58 rows=107 width=4)
	  Index Cond: ((k >= 2892140) AND (k <= 2892240))

table 7 : explain SELECT k FROM sbtest7 WHERE k BETWEEN 2892140 AND 2892240
	Index Only Scan using k_7 on sbtest7  (cost=0.43..10.36 rows=96 width=4)
	  Index Cond: ((k >= 2892140) AND (k <= 2892240))

table 8 : explain SELECT k FROM sbtest8 WHERE k BETWEEN 2892140 AND 2892240
	Index Only Scan using k_8 on sbtest8  (cost=0.43..6.45 rows=101 width=4)
	  Index Cond: ((k >= 2892140) AND (k <= 2892240))

for range-covered
table 1 : explain SELECT k FROM sbtest1 WHERE k BETWEEN 3584121 AND 3584221
	Index Only Scan using k_1 on sbtest1  (cost=0.43..6.29 rows=93 width=4)
	  Index Cond: ((k >= 3584121) AND (k <= 3584221))

table 2 : explain SELECT k FROM sbtest2 WHERE k BETWEEN 3584121 AND 3584221
	Index Only Scan using k_2 on sbtest2  (cost=0.43..6.42 rows=99 width=4)
	  Index Cond: ((k >= 3584121) AND (k <= 3584221))

table 3 : explain SELECT k FROM sbtest3 WHERE k BETWEEN 3584121 AND 3584221
	Index Only Scan using k_3 on sbtest3  (cost=0.43..6.61 rows=109 width=4)
	  Index Cond: ((k >= 3584121) AND (k <= 3584221))

table 4 : explain SELECT k FROM sbtest4 WHERE k BETWEEN 3584121 AND 3584221
	Index Only Scan using k_4 on sbtest4  (cost=0.43..6.40 rows=98 width=4)
	  Index Cond: ((k >= 3584121) AND (k <= 3584221))

table 5 : explain SELECT k FROM sbtest5 WHERE k BETWEEN 3584121 AND 3584221
	Index Only Scan using k_5 on sbtest5  (cost=0.43..6.43 rows=100 width=4)
	  Index Cond: ((k >= 3584121) AND (k <= 3584221))

table 6 : explain SELECT k FROM sbtest6 WHERE k BETWEEN 3584121 AND 3584221
	Index Only Scan using k_6 on sbtest6  (cost=0.43..6.35 rows=96 width=4)
	  Index Cond: ((k >= 3584121) AND (k <= 3584221))

table 7 : explain SELECT k FROM sbtest7 WHERE k BETWEEN 3584121 AND 3584221
	Index Only Scan using k_7 on sbtest7  (cost=0.43..10.42 rows=99 width=4)
	  Index Cond: ((k >= 3584121) AND (k <= 3584221))

table 8 : explain SELECT k FROM sbtest8 WHERE k BETWEEN 3584121 AND 3584221
	Index Only Scan using k_8 on sbtest8  (cost=0.43..6.45 rows=101 width=4)
	  Index Cond: ((k >= 3584121) AND (k <= 3584221))

explain: for range-covered :: explain SELECT k FROM sbtest%d WHERE k BETWEEN 2892140 AND 2892240
for range-covered
table 1 : explain SELECT k FROM sbtest1 WHERE k BETWEEN 5162842 AND 5162942
	Index Only Scan using k_1 on sbtest1  (cost=0.43..6.63 rows=110 width=4)
	  Index Cond: ((k >= 5162842) AND (k <= 5162942))

table 2 : explain SELECT k FROM sbtest2 WHERE k BETWEEN 5162842 AND 5162942
	Index Only Scan using k_2 on sbtest2  (cost=0.43..6.53 rows=105 width=4)
	  Index Cond: ((k >= 5162842) AND (k <= 5162942))

table 3 : explain SELECT k FROM sbtest3 WHERE k BETWEEN 5162842 AND 5162942
	Index Only Scan using k_3 on sbtest3  (cost=0.43..6.43 rows=100 width=4)
	  Index Cond: ((k >= 5162842) AND (k <= 5162942))

table 4 : explain SELECT k FROM sbtest4 WHERE k BETWEEN 5162842 AND 5162942
	Index Only Scan using k_4 on sbtest4  (cost=0.43..6.51 rows=104 width=4)
	  Index Cond: ((k >= 5162842) AND (k <= 5162942))

table 5 : explain SELECT k FROM sbtest5 WHERE k BETWEEN 5162842 AND 5162942
	Index Only Scan using k_5 on sbtest5  (cost=0.43..6.53 rows=105 width=4)
	  Index Cond: ((k >= 5162842) AND (k <= 5162942))

table 6 : explain SELECT k FROM sbtest6 WHERE k BETWEEN 5162842 AND 5162942
	Index Only Scan using k_6 on sbtest6  (cost=0.43..6.45 rows=101 width=4)
	  Index Cond: ((k >= 5162842) AND (k <= 5162942))

table 7 : explain SELECT k FROM sbtest7 WHERE k BETWEEN 5162842 AND 5162942
	Index Only Scan using k_7 on sbtest7  (cost=0.43..10.50 rows=103 width=4)
	  Index Cond: ((k >= 5162842) AND (k <= 5162942))

table 8 : explain SELECT k FROM sbtest8 WHERE k BETWEEN 5162842 AND 5162942
	Index Only Scan using k_8 on sbtest8  (cost=0.43..6.47 rows=102 width=4)
	  Index Cond: ((k >= 5162842) AND (k <= 5162942))

explain: for range-covered :: explain SELECT k FROM sbtest%d WHERE k BETWEEN 3584121 AND 3584221
explain: for range-covered :: explain SELECT k FROM sbtest%d WHERE k BETWEEN 5162842 AND 5162942
for range-covered
table 1 : explain SELECT k FROM sbtest1 WHERE k BETWEEN 6310819 AND 6310919
	Index Only Scan using k_1 on sbtest1  (cost=0.43..6.51 rows=104 width=4)
	  Index Cond: ((k >= 6310819) AND (k <= 6310919))

table 2 : explain SELECT k FROM sbtest2 WHERE k BETWEEN 6310819 AND 6310919
	Index Only Scan using k_2 on sbtest2  (cost=0.43..6.63 rows=110 width=4)
	  Index Cond: ((k >= 6310819) AND (k <= 6310919))

table 3 : explain SELECT k FROM sbtest3 WHERE k BETWEEN 6310819 AND 6310919
	Index Only Scan using k_3 on sbtest3  (cost=0.43..6.33 rows=95 width=4)
	  Index Cond: ((k >= 6310819) AND (k <= 6310919))

table 4 : explain SELECT k FROM sbtest4 WHERE k BETWEEN 6310819 AND 6310919
	Index Only Scan using k_4 on sbtest4  (cost=0.43..6.47 rows=102 width=4)
	  Index Cond: ((k >= 6310819) AND (k <= 6310919))

table 5 : explain SELECT k FROM sbtest5 WHERE k BETWEEN 6310819 AND 6310919
	Index Only Scan using k_5 on sbtest5  (cost=0.43..6.37 rows=97 width=4)
	  Index Cond: ((k >= 6310819) AND (k <= 6310919))

table 6 : explain SELECT k FROM sbtest6 WHERE k BETWEEN 6310819 AND 6310919
	Index Only Scan using k_6 on sbtest6  (cost=0.43..6.51 rows=104 width=4)
	  Index Cond: ((k >= 6310819) AND (k <= 6310919))

table 7 : explain SELECT k FROM sbtest7 WHERE k BETWEEN 6310819 AND 6310919
	Index Only Scan using k_7 on sbtest7  (cost=0.43..10.38 rows=97 width=4)
	  Index Cond: ((k >= 6310819) AND (k <= 6310919))

table 8 : explain SELECT k FROM sbtest8 WHERE k BETWEEN 6310819 AND 6310919
	Index Only Scan using k_8 on sbtest8  (cost=0.43..6.47 rows=102 width=4)
	  Index Cond: ((k >= 6310819) AND (k <= 6310919))

explain: for range-covered :: explain SELECT k FROM sbtest%d WHERE k BETWEEN 6310819 AND 6310919
for range-covered
table 1 : explain SELECT k FROM sbtest1 WHERE k BETWEEN 8228470 AND 8228570
	Index Only Scan using k_1 on sbtest1  (cost=0.43..6.47 rows=102 width=4)
	  Index Cond: ((k >= 8228470) AND (k <= 8228570))

table 2 : explain SELECT k FROM sbtest2 WHERE k BETWEEN 8228470 AND 8228570
	Index Only Scan using k_2 on sbtest2  (cost=0.43..6.33 rows=95 width=4)
	  Index Cond: ((k >= 8228470) AND (k <= 8228570))

table 3 : explain SELECT k FROM sbtest3 WHERE k BETWEEN 8228470 AND 8228570
	Index Only Scan using k_3 on sbtest3  (cost=0.43..6.53 rows=105 width=4)
	  Index Cond: ((k >= 8228470) AND (k <= 8228570))

table 4 : explain SELECT k FROM sbtest4 WHERE k BETWEEN 8228470 AND 8228570
	Index Only Scan using k_4 on sbtest4  (cost=0.43..6.58 rows=107 width=4)
	  Index Cond: ((k >= 8228470) AND (k <= 8228570))

table 5 : explain SELECT k FROM sbtest5 WHERE k BETWEEN 8228470 AND 8228570
	Index Only Scan using k_5 on sbtest5  (cost=0.43..6.42 rows=99 width=4)
	  Index Cond: ((k >= 8228470) AND (k <= 8228570))

table 6 : explain SELECT k FROM sbtest6 WHERE k BETWEEN 8228470 AND 8228570
	Index Only Scan using k_6 on sbtest6  (cost=0.43..6.50 rows=103 width=4)
	  Index Cond: ((k >= 8228470) AND (k <= 8228570))

table 7 : explain SELECT k FROM sbtest7 WHERE k BETWEEN 8228470 AND 8228570
	Index Only Scan using k_7 on sbtest7  (cost=0.43..10.36 rows=96 width=4)
	  Index Cond: ((k >= 8228470) AND (k <= 8228570))

table 8 : explain SELECT k FROM sbtest8 WHERE k BETWEEN 8228470 AND 8228570
	Index Only Scan using k_8 on sbtest8  (cost=0.43..6.53 rows=105 width=4)
	  Index Cond: ((k >= 8228470) AND (k <= 8228570))

explain: for range-covered :: explain SELECT k FROM sbtest%d WHERE k BETWEEN 8228470 AND 8228570
for range-covered
table 1 : explain SELECT k FROM sbtest1 WHERE k BETWEEN 5408583 AND 5408683
	Index Only Scan using k_1 on sbtest1  (cost=0.43..6.53 rows=105 width=4)
	  Index Cond: ((k >= 5408583) AND (k <= 5408683))

table 2 : explain SELECT k FROM sbtest2 WHERE k BETWEEN 5408583 AND 5408683
	Index Only Scan using k_2 on sbtest2  (cost=0.43..6.56 rows=106 width=4)
	  Index Cond: ((k >= 5408583) AND (k <= 5408683))

table 3 : explain SELECT k FROM sbtest3 WHERE k BETWEEN 5408583 AND 5408683
	Index Only Scan using k_3 on sbtest3  (cost=0.43..6.75 rows=116 width=4)
	  Index Cond: ((k >= 5408583) AND (k <= 5408683))

table 4 : explain SELECT k FROM sbtest4 WHERE k BETWEEN 5408583 AND 5408683
	Index Only Scan using k_4 on sbtest4  (cost=0.43..6.58 rows=107 width=4)
	  Index Cond: ((k >= 5408583) AND (k <= 5408683))

table 5 : explain SELECT k FROM sbtest5 WHERE k BETWEEN 5408583 AND 5408683
	Index Only Scan using k_5 on sbtest5  (cost=0.43..6.27 rows=92 width=4)
	  Index Cond: ((k >= 5408583) AND (k <= 5408683))

table 6 : explain SELECT k FROM sbtest6 WHERE k BETWEEN 5408583 AND 5408683
	Index Only Scan using k_6 on sbtest6  (cost=0.43..6.37 rows=97 width=4)
	  Index Cond: ((k >= 5408583) AND (k <= 5408683))

table 7 : explain SELECT k FROM sbtest7 WHERE k BETWEEN 5408583 AND 5408683
	Index Only Scan using k_7 on sbtest7  (cost=0.43..10.60 rows=108 width=4)
	  Index Cond: ((k >= 5408583) AND (k <= 5408683))

table 8 : explain SELECT k FROM sbtest8 WHERE k BETWEEN 5408583 AND 5408683
	Index Only Scan using k_8 on sbtest8  (cost=0.43..6.59 rows=108 width=4)
	  Index Cond: ((k >= 5408583) AND (k <= 5408683))

explain: for range-covered :: explain SELECT k FROM sbtest%d WHERE k BETWEEN 5408583 AND 5408683
for range-covered
table 1 : explain SELECT k FROM sbtest1 WHERE k BETWEEN 6310819 AND 6310919
	Index Only Scan using k_1 on sbtest1  (cost=0.43..6.51 rows=104 width=4)
	  Index Cond: ((k >= 6310819) AND (k <= 6310919))

table 2 : explain SELECT k FROM sbtest2 WHERE k BETWEEN 6310819 AND 6310919
	Index Only Scan using k_2 on sbtest2  (cost=0.43..6.63 rows=110 width=4)
	  Index Cond: ((k >= 6310819) AND (k <= 6310919))

table 3 : explain SELECT k FROM sbtest3 WHERE k BETWEEN 6310819 AND 6310919
	Index Only Scan using k_3 on sbtest3  (cost=0.43..6.33 rows=95 width=4)
	  Index Cond: ((k >= 6310819) AND (k <= 6310919))

table 4 : explain SELECT k FROM sbtest4 WHERE k BETWEEN 6310819 AND 6310919
	Index Only Scan using k_4 on sbtest4  (cost=0.43..6.47 rows=102 width=4)
	  Index Cond: ((k >= 6310819) AND (k <= 6310919))

table 5 : explain SELECT k FROM sbtest5 WHERE k BETWEEN 6310819 AND 6310919
	Index Only Scan using k_5 on sbtest5  (cost=0.43..6.37 rows=97 width=4)
	  Index Cond: ((k >= 6310819) AND (k <= 6310919))

table 6 : explain SELECT k FROM sbtest6 WHERE k BETWEEN 6310819 AND 6310919
	Index Only Scan using k_6 on sbtest6  (cost=0.43..6.51 rows=104 width=4)
	  Index Cond: ((k >= 6310819) AND (k <= 6310919))

table 7 : explain SELECT k FROM sbtest7 WHERE k BETWEEN 6310819 AND 6310919
	Index Only Scan using k_7 on sbtest7  (cost=0.43..10.38 rows=97 width=4)
	  Index Cond: ((k >= 6310819) AND (k <= 6310919))

table 8 : explain SELECT k FROM sbtest8 WHERE k BETWEEN 6310819 AND 6310919
	Index Only Scan using k_8 on sbtest8  (cost=0.43..6.47 rows=102 width=4)
	  Index Cond: ((k >= 6310819) AND (k <= 6310919))

for range-covered
table 1 : explain SELECT k FROM sbtest1 WHERE k BETWEEN 2892140 AND 2892240
	Index Only Scan using k_1 on sbtest1  (cost=0.43..6.47 rows=102 width=4)
	  Index Cond: ((k >= 2892140) AND (k <= 2892240))

table 2 : explain SELECT k FROM sbtest2 WHERE k BETWEEN 2892140 AND 2892240
	Index Only Scan using k_2 on sbtest2  (cost=0.43..6.51 rows=104 width=4)
	  Index Cond: ((k >= 2892140) AND (k <= 2892240))

table 3 : explain SELECT k FROM sbtest3 WHERE k BETWEEN 2892140 AND 2892240
	Index Only Scan using k_3 on sbtest3  (cost=0.43..6.45 rows=101 width=4)
	  Index Cond: ((k >= 2892140) AND (k <= 2892240))

table 4 : explain SELECT k FROM sbtest4 WHERE k BETWEEN 2892140 AND 2892240
	Index Only Scan using k_4 on sbtest4  (cost=0.43..6.40 rows=98 width=4)
	  Index Cond: ((k >= 2892140) AND (k <= 2892240))

table 5 : explain SELECT k FROM sbtest5 WHERE k BETWEEN 2892140 AND 2892240
	Index Only Scan using k_5 on sbtest5  (cost=0.43..6.50 rows=103 width=4)
	  Index Cond: ((k >= 2892140) AND (k <= 2892240))

table 6 : explain SELECT k FROM sbtest6 WHERE k BETWEEN 2892140 AND 2892240
	Index Only Scan using k_6 on sbtest6  (cost=0.43..6.58 rows=107 width=4)
	  Index Cond: ((k >= 2892140) AND (k <= 2892240))

table 7 : explain SELECT k FROM sbtest7 WHERE k BETWEEN 2892140 AND 2892240
	Index Only Scan using k_7 on sbtest7  (cost=0.43..10.36 rows=96 width=4)
	  Index Cond: ((k >= 2892140) AND (k <= 2892240))

table 8 : explain SELECT k FROM sbtest8 WHERE k BETWEEN 2892140 AND 2892240
	Index Only Scan using k_8 on sbtest8  (cost=0.43..6.45 rows=101 width=4)
	  Index Cond: ((k >= 2892140) AND (k <= 2892240))

explain: for range-covered :: explain SELECT k FROM sbtest%d WHERE k BETWEEN 6310819 AND 6310919for range-covered
table 1 : explain SELECT k FROM sbtest1 WHERE k BETWEEN 8228470 AND 8228570
	Index Only Scan using k_1 on sbtest1  (cost=0.43..6.47 rows=102 width=4)
	  Index Cond: ((k >= 8228470) AND (k <= 8228570))

table 2 : explain SELECT k FROM sbtest2 WHERE k BETWEEN 8228470 AND 8228570
	Index Only Scan using k_2 on sbtest2  (cost=0.43..6.33 rows=95 width=4)
	  Index Cond: ((k >= 8228470) AND (k <= 8228570))

table 3 : explain SELECT k FROM sbtest3 WHERE k BETWEEN 8228470 AND 8228570
	Index Only Scan using k_3 on sbtest3  (cost=0.43..6.53 rows=105 width=4)
	  Index Cond: ((k >= 8228470) AND (k <= 8228570))

table 4 : explain SELECT k FROM sbtest4 WHERE k BETWEEN 8228470 AND 8228570
	Index Only Scan using k_4 on sbtest4  (cost=0.43..6.58 rows=107 width=4)
	  Index Cond: ((k >= 8228470) AND (k <= 8228570))

table 5 : explain SELECT k FROM sbtest5 WHERE k BETWEEN 8228470 AND 8228570
	Index Only Scan using k_5 on sbtest5  (cost=0.43..6.42 rows=99 width=4)
	  Index Cond: ((k >= 8228470) AND (k <= 8228570))

table 6 : explain SELECT k FROM sbtest6 WHERE k BETWEEN 8228470 AND 8228570
	Index Only Scan using k_6 on sbtest6  (cost=0.43..6.50 rows=103 width=4)
	  Index Cond: ((k >= 8228470) AND (k <= 8228570))

table 7 : explain SELECT k FROM sbtest7 WHERE k BETWEEN 8228470 AND 8228570
	Index Only Scan using k_7 on sbtest7  (cost=0.43..10.36 rows=96 width=4)
	  Index Cond: ((k >= 8228470) AND (k <= 8228570))

table 8 : explain SELECT k FROM sbtest8 WHERE k BETWEEN 8228470 AND 8228570
	Index Only Scan using k_8 on sbtest8  (cost=0.43..6.53 rows=105 width=4)
	  Index Cond: ((k >= 8228470) AND (k <= 8228570))
explain: for range-covered :: explain SELECT k FROM sbtest%d WHERE k BETWEEN 2892140 AND 2892240


explain: for range-covered :: explain SELECT k FROM sbtest%d WHERE k BETWEEN 8228470 AND 8228570
for range-covered
table 1 : explain SELECT k FROM sbtest1 WHERE k BETWEEN 5162842 AND 5162942
	Index Only Scan using k_1 on sbtest1  (cost=0.43..6.63 rows=110 width=4)
	  Index Cond: ((k >= 5162842) AND (k <= 5162942))

table 2 : explain SELECT k FROM sbtest2 WHERE k BETWEEN 5162842 AND 5162942
	Index Only Scan using k_2 on sbtest2  (cost=0.43..6.53 rows=105 width=4)
	  Index Cond: ((k >= 5162842) AND (k <= 5162942))

table 3 : explain SELECT k FROM sbtest3 WHERE k BETWEEN 5162842 AND 5162942
	Index Only Scan using k_3 on sbtest3  (cost=0.43..6.43 rows=100 width=4)
	  Index Cond: ((k >= 5162842) AND (k <= 5162942))

table 4 : explain SELECT k FROM sbtest4 WHERE k BETWEEN 5162842 AND 5162942
	Index Only Scan using k_4 on sbtest4  (cost=0.43..6.51 rows=104 width=4)
	  Index Cond: ((k >= 5162842) AND (k <= 5162942))

table 5 : explain SELECT k FROM sbtest5 WHERE k BETWEEN 5162842 AND 5162942
	Index Only Scan using k_5 on sbtest5  (cost=0.43..6.53 rows=105 width=4)
	  Index Cond: ((k >= 5162842) AND (k <= 5162942))

table 6 : explain SELECT k FROM sbtest6 WHERE k BETWEEN 5162842 AND 5162942
	Index Only Scan using k_6 on sbtest6  (cost=0.43..6.45 rows=101 width=4)
	  Index Cond: ((k >= 5162842) AND (k <= 5162942))

table 7 : explain SELECT k FROM sbtest7 WHERE k BETWEEN 5162842 AND 5162942
	Index Only Scan using k_7 on sbtest7  (cost=0.43..10.50 rows=103 width=4)
	  Index Cond: ((k >= 5162842) AND (k <= 5162942))

table 8 : explain SELECT k FROM sbtest8 WHERE k BETWEEN 5162842 AND 5162942
	Index Only Scan using k_8 on sbtest8  (cost=0.43..6.47 rows=102 width=4)
	  Index Cond: ((k >= 5162842) AND (k <= 5162942))

explain: for range-covered :: explain SELECT k FROM sbtest%d WHERE k BETWEEN 5162842 AND 5162942
for range-covered
table 1 : explain SELECT k FROM sbtest1 WHERE k BETWEEN 6310819 AND 6310919
	Index Only Scan using k_1 on sbtest1  (cost=0.43..6.51 rows=104 width=4)
	  Index Cond: ((k >= 6310819) AND (k <= 6310919))

table 2 : explain SELECT k FROM sbtest2 WHERE k BETWEEN 6310819 AND 6310919
	Index Only Scan using k_2 on sbtest2  (cost=0.43..6.63 rows=110 width=4)
	  Index Cond: ((k >= 6310819) AND (k <= 6310919))

table 3 : explain SELECT k FROM sbtest3 WHERE k BETWEEN 6310819 AND 6310919
	Index Only Scan using k_3 on sbtest3  (cost=0.43..6.33 rows=95 width=4)
	  Index Cond: ((k >= 6310819) AND (k <= 6310919))

table 4 : explain SELECT k FROM sbtest4 WHERE k BETWEEN 6310819 AND 6310919
	Index Only Scan using k_4 on sbtest4  (cost=0.43..6.47 rows=102 width=4)
	  Index Cond: ((k >= 6310819) AND (k <= 6310919))

table 5 : explain SELECT k FROM sbtest5 WHERE k BETWEEN 6310819 AND 6310919
	Index Only Scan using k_5 on sbtest5  (cost=0.43..6.37 rows=97 width=4)
	  Index Cond: ((k >= 6310819) AND (k <= 6310919))

table 6 : explain SELECT k FROM sbtest6 WHERE k BETWEEN 6310819 AND 6310919
	Index Only Scan using k_6 on sbtest6  (cost=0.43..6.51 rows=104 width=4)
	  Index Cond: ((k >= 6310819) AND (k <= 6310919))

table 7 : explain SELECT k FROM sbtest7 WHERE k BETWEEN 6310819 AND 6310919
	Index Only Scan using k_7 on sbtest7  (cost=0.43..10.38 rows=97 width=4)
	  Index Cond: ((k >= 6310819) AND (k <= 6310919))

table 8 : explain SELECT k FROM sbtest8 WHERE k BETWEEN 6310819 AND 6310919
	Index Only Scan using k_8 on sbtest8  (cost=0.43..6.47 rows=102 width=4)
	  Index Cond: ((k >= 6310819) AND (k <= 6310919))

explain: for range-covered :: explain SELECT k FROM sbtest%d WHERE k BETWEEN 6310819 AND 6310919
for range-covered
table 1 : explain SELECT k FROM sbtest1 WHERE k BETWEEN 8228470 AND 8228570
	Index Only Scan using k_1 on sbtest1  (cost=0.43..6.47 rows=102 width=4)
	  Index Cond: ((k >= 8228470) AND (k <= 8228570))

table 2 : explain SELECT k FROM sbtest2 WHERE k BETWEEN 8228470 AND 8228570
	Index Only Scan using k_2 on sbtest2  (cost=0.43..6.33 rows=95 width=4)
	  Index Cond: ((k >= 8228470) AND (k <= 8228570))

table 3 : explain SELECT k FROM sbtest3 WHERE k BETWEEN 8228470 AND 8228570
	Index Only Scan using k_3 on sbtest3  (cost=0.43..6.53 rows=105 width=4)
	  Index Cond: ((k >= 8228470) AND (k <= 8228570))

table 4 : explain SELECT k FROM sbtest4 WHERE k BETWEEN 8228470 AND 8228570
	Index Only Scan using k_4 on sbtest4  (cost=0.43..6.58 rows=107 width=4)
	  Index Cond: ((k >= 8228470) AND (k <= 8228570))

table 5 : explain SELECT k FROM sbtest5 WHERE k BETWEEN 8228470 AND 8228570
	Index Only Scan using k_5 on sbtest5  (cost=0.43..6.42 rows=99 width=4)
	  Index Cond: ((k >= 8228470) AND (k <= 8228570))

table 6 : explain SELECT k FROM sbtest6 WHERE k BETWEEN 8228470 AND 8228570
	Index Only Scan using k_6 on sbtest6  (cost=0.43..6.50 rows=103 width=4)
	  Index Cond: ((k >= 8228470) AND (k <= 8228570))

table 7 : explain SELECT k FROM sbtest7 WHERE k BETWEEN 8228470 AND 8228570
	Index Only Scan using k_7 on sbtest7  (cost=0.43..10.36 rows=96 width=4)
	  Index Cond: ((k >= 8228470) AND (k <= 8228570))

table 8 : explain SELECT k FROM sbtest8 WHERE k BETWEEN 8228470 AND 8228570
	Index Only Scan using k_8 on sbtest8  (cost=0.43..6.53 rows=105 width=4)
	  Index Cond: ((k >= 8228470) AND (k <= 8228570))

for range-covered
table 1 : explain SELECT k FROM sbtest1 WHERE k BETWEEN 2892140 AND 2892240
	Index Only Scan using k_1 on sbtest1  (cost=0.43..6.47 rows=102 width=4)
	  Index Cond: ((k >= 2892140) AND (k <= 2892240))

table 2 : explain SELECT k FROM sbtest2 WHERE k BETWEEN 2892140 AND 2892240
	Index Only Scan using k_2 on sbtest2  (cost=0.43..6.51 rows=104 width=4)
	  Index Cond: ((k >= 2892140) AND (k <= 2892240))

table 3 : explain SELECT k FROM sbtest3 WHERE k BETWEEN 2892140 AND 2892240
	Index Only Scan using k_3 on sbtest3  (cost=0.43..6.45 rows=101 width=4)
	  Index Cond: ((k >= 2892140) AND (k <= 2892240))

table 4 : explain SELECT k FROM sbtest4 WHERE k BETWEEN 2892140 AND 2892240
	Index Only Scan using k_4 on sbtest4  (cost=0.43..6.40 rows=98 width=4)
	  Index Cond: ((k >= 2892140) AND (k <= 2892240))

table 5 : explain SELECT k FROM sbtest5 WHERE k BETWEEN 2892140 AND 2892240
	Index Only Scan using k_5 on sbtest5  (cost=0.43..6.50 rows=103 width=4)
	  Index Cond: ((k >= 2892140) AND (k <= 2892240))

table 6 : explain SELECT k FROM sbtest6 WHERE k BETWEEN 2892140 AND 2892240
	Index Only Scan using k_6 on sbtest6  (cost=0.43..6.58 rows=107 width=4)
	  Index Cond: ((k >= 2892140) AND (k <= 2892240))

table 7 : explain SELECT k FROM sbtest7 WHERE k BETWEEN 2892140 AND 2892240
	Index Only Scan using k_7 on sbtest7  (cost=0.43..10.36 rows=96 width=4)
	  Index Cond: ((k >= 2892140) AND (k <= 2892240))

table 8 : explain SELECT k FROM sbtest8 WHERE k BETWEEN 2892140 AND 2892240
	Index Only Scan using k_8 on sbtest8  (cost=0.43..6.45 rows=101 width=4)
	  Index Cond: ((k >= 2892140) AND (k <= 2892240))

explain: for range-covered :: explain SELECT k FROM sbtest%d WHERE k BETWEEN 8228470 AND 8228570
explain: for range-covered :: explain SELECT k FROM sbtest%d WHERE k BETWEEN 2892140 AND 2892240
for range-covered
table 1 : explain SELECT k FROM sbtest1 WHERE k BETWEEN 5162842 AND 5162942
	Index Only Scan using k_1 on sbtest1  (cost=0.43..6.63 rows=110 width=4)
	  Index Cond: ((k >= 5162842) AND (k <= 5162942))

table 2 : explain SELECT k FROM sbtest2 WHERE k BETWEEN 5162842 AND 5162942
	Index Only Scan using k_2 on sbtest2  (cost=0.43..6.53 rows=105 width=4)
	  Index Cond: ((k >= 5162842) AND (k <= 5162942))

table 3 : explain SELECT k FROM sbtest3 WHERE k BETWEEN 5162842 AND 5162942
	Index Only Scan using k_3 on sbtest3  (cost=0.43..6.43 rows=100 width=4)
	  Index Cond: ((k >= 5162842) AND (k <= 5162942))

table 4 : explain SELECT k FROM sbtest4 WHERE k BETWEEN 5162842 AND 5162942
	Index Only Scan using k_4 on sbtest4  (cost=0.43..6.51 rows=104 width=4)
	  Index Cond: ((k >= 5162842) AND (k <= 5162942))

table 5 : explain SELECT k FROM sbtest5 WHERE k BETWEEN 5162842 AND 5162942
	Index Only Scan using k_5 on sbtest5  (cost=0.43..6.53 rows=105 width=4)
	  Index Cond: ((k >= 5162842) AND (k <= 5162942))

table 6 : explain SELECT k FROM sbtest6 WHERE k BETWEEN 5162842 AND 5162942
	Index Only Scan using k_6 on sbtest6  (cost=0.43..6.45 rows=101 width=4)
	  Index Cond: ((k >= 5162842) AND (k <= 5162942))

table 7 : explain SELECT k FROM sbtest7 WHERE k BETWEEN 5162842 AND 5162942
	Index Only Scan using k_7 on sbtest7  (cost=0.43..10.50 rows=103 width=4)
	  Index Cond: ((k >= 5162842) AND (k <= 5162942))

table 8 : explain SELECT k FROM sbtest8 WHERE k BETWEEN 5162842 AND 5162942
	Index Only Scan using k_8 on sbtest8  (cost=0.43..6.47 rows=102 width=4)
	  Index Cond: ((k >= 5162842) AND (k <= 5162942))

explain: for range-covered :: explain SELECT k FROM sbtest%d WHERE k BETWEEN 5162842 AND 5162942
for range-covered
table 1 : explain SELECT k FROM sbtest1 WHERE k BETWEEN 6310819 AND 6310919
	Index Only Scan using k_1 on sbtest1  (cost=0.43..6.51 rows=104 width=4)
	  Index Cond: ((k >= 6310819) AND (k <= 6310919))

table 2 : explain SELECT k FROM sbtest2 WHERE k BETWEEN 6310819 AND 6310919
	Index Only Scan using k_2 on sbtest2  (cost=0.43..6.63 rows=110 width=4)
	  Index Cond: ((k >= 6310819) AND (k <= 6310919))

table 3 : explain SELECT k FROM sbtest3 WHERE k BETWEEN 6310819 AND 6310919
	Index Only Scan using k_3 on sbtest3  (cost=0.43..6.33 rows=95 width=4)
	  Index Cond: ((k >= 6310819) AND (k <= 6310919))

table 4 : explain SELECT k FROM sbtest4 WHERE k BETWEEN 6310819 AND 6310919
	Index Only Scan using k_4 on sbtest4  (cost=0.43..6.47 rows=102 width=4)
	  Index Cond: ((k >= 6310819) AND (k <= 6310919))

table 5 : explain SELECT k FROM sbtest5 WHERE k BETWEEN 6310819 AND 6310919
	Index Only Scan using k_5 on sbtest5  (cost=0.43..6.37 rows=97 width=4)
	  Index Cond: ((k >= 6310819) AND (k <= 6310919))

table 6 : explain SELECT k FROM sbtest6 WHERE k BETWEEN 6310819 AND 6310919
	Index Only Scan using k_6 on sbtest6  (cost=0.43..6.51 rows=104 width=4)
	  Index Cond: ((k >= 6310819) AND (k <= 6310919))

table 7 : explain SELECT k FROM sbtest7 WHERE k BETWEEN 6310819 AND 6310919
	Index Only Scan using k_7 on sbtest7  (cost=0.43..10.38 rows=97 width=4)
	  Index Cond: ((k >= 6310819) AND (k <= 6310919))

table 8 : explain SELECT k FROM sbtest8 WHERE k BETWEEN 6310819 AND 6310919
	Index Only Scan using k_8 on sbtest8  (cost=0.43..6.47 rows=102 width=4)
	  Index Cond: ((k >= 6310819) AND (k <= 6310919))

explain: for range-covered :: explain SELECT k FROM sbtest%d WHERE k BETWEEN 6310819 AND 6310919
for range-covered
table 1 : explain SELECT k FROM sbtest1 WHERE k BETWEEN 2892140 AND 2892240
	Index Only Scan using k_1 on sbtest1  (cost=0.43..6.47 rows=102 width=4)
	  Index Cond: ((k >= 2892140) AND (k <= 2892240))

table 2 : explain SELECT k FROM sbtest2 WHERE k BETWEEN 2892140 AND 2892240
	Index Only Scan using k_2 on sbtest2  (cost=0.43..6.51 rows=104 width=4)
	  Index Cond: ((k >= 2892140) AND (k <= 2892240))

table 3 : explain SELECT k FROM sbtest3 WHERE k BETWEEN 2892140 AND 2892240
	Index Only Scan using k_3 on sbtest3  (cost=0.43..6.45 rows=101 width=4)
	  Index Cond: ((k >= 2892140) AND (k <= 2892240))

table 4 : explain SELECT k FROM sbtest4 WHERE k BETWEEN 2892140 AND 2892240
	Index Only Scan using k_4 on sbtest4  (cost=0.43..6.40 rows=98 width=4)
	  Index Cond: ((k >= 2892140) AND (k <= 2892240))

table 5 : explain SELECT k FROM sbtest5 WHERE k BETWEEN 2892140 AND 2892240
	Index Only Scan using k_5 on sbtest5  (cost=0.43..6.50 rows=103 width=4)
	  Index Cond: ((k >= 2892140) AND (k <= 2892240))

table 6 : explain SELECT k FROM sbtest6 WHERE k BETWEEN 2892140 AND 2892240
	Index Only Scan using k_6 on sbtest6  (cost=0.43..6.58 rows=107 width=4)
	  Index Cond: ((k >= 2892140) AND (k <= 2892240))

table 7 : explain SELECT k FROM sbtest7 WHERE k BETWEEN 2892140 AND 2892240
	Index Only Scan using k_7 on sbtest7  (cost=0.43..10.36 rows=96 width=4)
	  Index Cond: ((k >= 2892140) AND (k <= 2892240))

table 8 : explain SELECT k FROM sbtest8 WHERE k BETWEEN 2892140 AND 2892240
	Index Only Scan using k_8 on sbtest8  (cost=0.43..6.45 rows=101 width=4)
	  Index Cond: ((k >= 2892140) AND (k <= 2892240))

for range-covered
table 1 : explain SELECT k FROM sbtest1 WHERE k BETWEEN 8228470 AND 8228570
	Index Only Scan using k_1 on sbtest1  (cost=0.43..6.47 rows=102 width=4)
	  Index Cond: ((k >= 8228470) AND (k <= 8228570))

table 2 : explain SELECT k FROM sbtest2 WHERE k BETWEEN 8228470 AND 8228570
	Index Only Scan using k_2 on sbtest2  (cost=0.43..6.33 rows=95 width=4)
	  Index Cond: ((k >= 8228470) AND (k <= 8228570))

table 3 : explain SELECT k FROM sbtest3 WHERE k BETWEEN 8228470 AND 8228570
	Index Only Scan using k_3 on sbtest3  (cost=0.43..6.53 rows=105 width=4)
	  Index Cond: ((k >= 8228470) AND (k <= 8228570))

table 4 : explain SELECT k FROM sbtest4 WHERE k BETWEEN 8228470 AND 8228570
	Index Only Scan using k_4 on sbtest4  (cost=0.43..6.58 rows=107 width=4)
	  Index Cond: ((k >= 8228470) AND (k <= 8228570))

table 5 : explain SELECT k FROM sbtest5 WHERE k BETWEEN 8228470 AND 8228570
	Index Only Scan using k_5 on sbtest5  (cost=0.43..6.42 rows=99 width=4)
	  Index Cond: ((k >= 8228470) AND (k <= 8228570))

table 6 : explain SELECT k FROM sbtest6 WHERE k BETWEEN 8228470 AND 8228570
	Index Only Scan using k_6 on sbtest6  (cost=0.43..6.50 rows=103 width=4)
	  Index Cond: ((k >= 8228470) AND (k <= 8228570))

table 7 : explain SELECT k FROM sbtest7 WHERE k BETWEEN 8228470 AND 8228570
	Index Only Scan using k_7 on sbtest7  (cost=0.43..10.36 rows=96 width=4)
	  Index Cond: ((k >= 8228470) AND (k <= 8228570))

table 8 : explain SELECT k FROM sbtest8 WHERE k BETWEEN 8228470 AND 8228570
	Index Only Scan using k_8 on sbtest8  (cost=0.43..6.53 rows=105 width=4)
	  Index Cond: ((k >= 8228470) AND (k <= 8228570))

explain: for range-covered :: explain SELECT k FROM sbtest%d WHERE k BETWEEN 2892140 AND 2892240
explain: for range-covered :: explain SELECT k FROM sbtest%d WHERE k BETWEEN 8228470 AND 8228570
for range-covered
table 1 : explain SELECT k FROM sbtest1 WHERE k BETWEEN 5162842 AND 5162942
	Index Only Scan using k_1 on sbtest1  (cost=0.43..6.63 rows=110 width=4)
	  Index Cond: ((k >= 5162842) AND (k <= 5162942))

table 2 : explain SELECT k FROM sbtest2 WHERE k BETWEEN 5162842 AND 5162942
	Index Only Scan using k_2 on sbtest2  (cost=0.43..6.53 rows=105 width=4)
	  Index Cond: ((k >= 5162842) AND (k <= 5162942))

table 3 : explain SELECT k FROM sbtest3 WHERE k BETWEEN 5162842 AND 5162942
	Index Only Scan using k_3 on sbtest3  (cost=0.43..6.43 rows=100 width=4)
	  Index Cond: ((k >= 5162842) AND (k <= 5162942))

table 4 : explain SELECT k FROM sbtest4 WHERE k BETWEEN 5162842 AND 5162942
	Index Only Scan using k_4 on sbtest4  (cost=0.43..6.51 rows=104 width=4)
	  Index Cond: ((k >= 5162842) AND (k <= 5162942))

table 5 : explain SELECT k FROM sbtest5 WHERE k BETWEEN 5162842 AND 5162942
	Index Only Scan using k_5 on sbtest5  (cost=0.43..6.53 rows=105 width=4)
	  Index Cond: ((k >= 5162842) AND (k <= 5162942))

table 6 : explain SELECT k FROM sbtest6 WHERE k BETWEEN 5162842 AND 5162942
	Index Only Scan using k_6 on sbtest6  (cost=0.43..6.45 rows=101 width=4)
	  Index Cond: ((k >= 5162842) AND (k <= 5162942))

table 7 : explain SELECT k FROM sbtest7 WHERE k BETWEEN 5162842 AND 5162942
	Index Only Scan using k_7 on sbtest7  (cost=0.43..10.50 rows=103 width=4)
	  Index Cond: ((k >= 5162842) AND (k <= 5162942))

table 8 : explain SELECT k FROM sbtest8 WHERE k BETWEEN 5162842 AND 5162942
	Index Only Scan using k_8 on sbtest8  (cost=0.43..6.47 rows=102 width=4)
	  Index Cond: ((k >= 5162842) AND (k <= 5162942))

explain: for range-covered :: explain SELECT k FROM sbtest%d WHERE k BETWEEN 5162842 AND 5162942
for range-covered
table 1 : explain SELECT k FROM sbtest1 WHERE k BETWEEN 6310819 AND 6310919
	Index Only Scan using k_1 on sbtest1  (cost=0.43..6.51 rows=104 width=4)
	  Index Cond: ((k >= 6310819) AND (k <= 6310919))

table 2 : explain SELECT k FROM sbtest2 WHERE k BETWEEN 6310819 AND 6310919
	Index Only Scan using k_2 on sbtest2  (cost=0.43..6.63 rows=110 width=4)
	  Index Cond: ((k >= 6310819) AND (k <= 6310919))

table 3 : explain SELECT k FROM sbtest3 WHERE k BETWEEN 6310819 AND 6310919
	Index Only Scan using k_3 on sbtest3  (cost=0.43..6.33 rows=95 width=4)
	  Index Cond: ((k >= 6310819) AND (k <= 6310919))

table 4 : explain SELECT k FROM sbtest4 WHERE k BETWEEN 6310819 AND 6310919
	Index Only Scan using k_4 on sbtest4  (cost=0.43..6.47 rows=102 width=4)
	  Index Cond: ((k >= 6310819) AND (k <= 6310919))

table 5 : explain SELECT k FROM sbtest5 WHERE k BETWEEN 6310819 AND 6310919
	Index Only Scan using k_5 on sbtest5  (cost=0.43..6.37 rows=97 width=4)
	  Index Cond: ((k >= 6310819) AND (k <= 6310919))

table 6 : explain SELECT k FROM sbtest6 WHERE k BETWEEN 6310819 AND 6310919
	Index Only Scan using k_6 on sbtest6  (cost=0.43..6.51 rows=104 width=4)
	  Index Cond: ((k >= 6310819) AND (k <= 6310919))

table 7 : explain SELECT k FROM sbtest7 WHERE k BETWEEN 6310819 AND 6310919
	Index Only Scan using k_7 on sbtest7  (cost=0.43..10.38 rows=97 width=4)
	  Index Cond: ((k >= 6310819) AND (k <= 6310919))

table 8 : explain SELECT k FROM sbtest8 WHERE k BETWEEN 6310819 AND 6310919
	Index Only Scan using k_8 on sbtest8  (cost=0.43..6.47 rows=102 width=4)
	  Index Cond: ((k >= 6310819) AND (k <= 6310919))

for range-covered
table 1 : explain SELECT k FROM sbtest1 WHERE k BETWEEN 2892140 AND 2892240
	Index Only Scan using k_1 on sbtest1  (cost=0.43..6.47 rows=102 width=4)
	  Index Cond: ((k >= 2892140) AND (k <= 2892240))

table 2 : explain SELECT k FROM sbtest2 WHERE k BETWEEN 2892140 AND 2892240
	Index Only Scan using k_2 on sbtest2  (cost=0.43..6.51 rows=104 width=4)
	  Index Cond: ((k >= 2892140) AND (k <= 2892240))

table 3 : explain SELECT k FROM sbtest3 WHERE k BETWEEN 2892140 AND 2892240
	Index Only Scan using k_3 on sbtest3  (cost=0.43..6.45 rows=101 width=4)
	  Index Cond: ((k >= 2892140) AND (k <= 2892240))

table 4 : explain SELECT k FROM sbtest4 WHERE k BETWEEN 2892140 AND 2892240
	Index Only Scan using k_4 on sbtest4  (cost=0.43..6.40 rows=98 width=4)
	  Index Cond: ((k >= 2892140) AND (k <= 2892240))

table 5 : explain SELECT k FROM sbtest5 WHERE k BETWEEN 2892140 AND 2892240
	Index Only Scan using k_5 on sbtest5  (cost=0.43..6.50 rows=103 width=4)
	  Index Cond: ((k >= 2892140) AND (k <= 2892240))

table 6 : explain SELECT k FROM sbtest6 WHERE k BETWEEN 2892140 AND 2892240
	Index Only Scan using k_6 on sbtest6  (cost=0.43..6.58 rows=107 width=4)
	  Index Cond: ((k >= 2892140) AND (k <= 2892240))

table 7 : explain SELECT k FROM sbtest7 WHERE k BETWEEN 2892140 AND 2892240
	Index Only Scan using k_7 on sbtest7  (cost=0.43..10.36 rows=96 width=4)
	  Index Cond: ((k >= 2892140) AND (k <= 2892240))

table 8 : explain SELECT k FROM sbtest8 WHERE k BETWEEN 2892140 AND 2892240
	Index Only Scan using k_8 on sbtest8  (cost=0.43..6.45 rows=101 width=4)
	  Index Cond: ((k >= 2892140) AND (k <= 2892240))

explain: for range-covered :: explain SELECT k FROM sbtest%d WHERE k BETWEEN 8331284 AND 8331384for range-covered
table 1 : explain SELECT k FROM sbtest1 WHERE k BETWEEN 8228470 AND 8228570
	Index Only Scan using k_1 on sbtest1  (cost=0.43..6.47 rows=102 width=4)
	  Index Cond: ((k >= 8228470) AND (k <= 8228570))

table 2 : explain SELECT k FROM sbtest2 WHERE k BETWEEN 8228470 AND 8228570
	Index Only Scan using k_2 on sbtest2  (cost=0.43..6.33 rows=95 width=4)
	  Index Cond: ((k >= 8228470) AND (k <= 8228570))

table 3 : explain SELECT k FROM sbtest3 WHERE k BETWEEN 8228470 AND 8228570
	Index Only Scan using k_3 on sbtest3  (cost=0.43..6.53 rows=105 width=4)
	  Index Cond: ((k >= 8228470) AND (k <= 8228570))

table 4 : explain SELECT k FROM sbtest4 WHERE k BETWEEN 8228470 AND 8228570
	Index Only Scan using k_4 on sbtest4  (cost=0.43..6.58 rows=107 width=4)
	  Index Cond: ((k >= 8228470) AND (k <= 8228570))

table 5 : explain SELECT k FROM sbtest5 WHERE k BETWEEN 8228470 AND 8228570
	Index Only Scan using k_5 on sbtest5  (cost=0.43..6.42 rows=99 width=4)
	  Index Cond: ((k >= 8228470) AND (k <= 8228570))

table 6 : explain SELECT k FROM sbtest6 WHERE k BETWEEN 8228470 AND 8228570
	Index Only Scan using k_6 on sbtest6  (cost=0.43..6.50 rows=103 width=4)
	  Index Cond: ((k >= 8228470) AND (k <= 8228570))

table 7 : explain SELECT k FROM sbtest7 WHERE k BETWEEN 8228470 AND 8228570
	Index Only Scan using k_7 on sbtest7  (cost=0.43..10.36 rows=96 width=4)
	  Index Cond: ((k >= 8228470) AND (k <= 8228570))

table 8 : explain SELECT k FROM sbtest8 WHERE k BETWEEN 8228470 AND 8228570
	Index Only Scan using k_8 on sbtest8  (cost=0.43..6.53 rows=105 width=4)
	  Index Cond: ((k >= 8228470) AND (k <= 8228570))

explain: for range-covered :: explain SELECT k FROM sbtest%d WHERE k BETWEEN 2892140 AND 2892240

explain: for range-covered :: explain SELECT k FROM sbtest%d WHERE k BETWEEN 6310819 AND 6310919
explain: for range-covered :: explain SELECT k FROM sbtest%d WHERE k BETWEEN 8228470 AND 8228570
for range-covered
table 1 : explain SELECT k FROM sbtest1 WHERE k BETWEEN 5162842 AND 5162942
	Index Only Scan using k_1 on sbtest1  (cost=0.43..6.63 rows=110 width=4)
	  Index Cond: ((k >= 5162842) AND (k <= 5162942))

table 2 : explain SELECT k FROM sbtest2 WHERE k BETWEEN 5162842 AND 5162942
	Index Only Scan using k_2 on sbtest2  (cost=0.43..6.53 rows=105 width=4)
	  Index Cond: ((k >= 5162842) AND (k <= 5162942))

table 3 : explain SELECT k FROM sbtest3 WHERE k BETWEEN 5162842 AND 5162942
	Index Only Scan using k_3 on sbtest3  (cost=0.43..6.43 rows=100 width=4)
	  Index Cond: ((k >= 5162842) AND (k <= 5162942))

table 4 : explain SELECT k FROM sbtest4 WHERE k BETWEEN 5162842 AND 5162942
	Index Only Scan using k_4 on sbtest4  (cost=0.43..6.51 rows=104 width=4)
	  Index Cond: ((k >= 5162842) AND (k <= 5162942))

table 5 : explain SELECT k FROM sbtest5 WHERE k BETWEEN 5162842 AND 5162942
	Index Only Scan using k_5 on sbtest5  (cost=0.43..6.53 rows=105 width=4)
	  Index Cond: ((k >= 5162842) AND (k <= 5162942))

table 6 : explain SELECT k FROM sbtest6 WHERE k BETWEEN 5162842 AND 5162942
	Index Only Scan using k_6 on sbtest6  (cost=0.43..6.45 rows=101 width=4)
	  Index Cond: ((k >= 5162842) AND (k <= 5162942))

table 7 : explain SELECT k FROM sbtest7 WHERE k BETWEEN 5162842 AND 5162942
	Index Only Scan using k_7 on sbtest7  (cost=0.43..10.50 rows=103 width=4)
	  Index Cond: ((k >= 5162842) AND (k <= 5162942))

table 8 : explain SELECT k FROM sbtest8 WHERE k BETWEEN 5162842 AND 5162942
	Index Only Scan using k_8 on sbtest8  (cost=0.43..6.47 rows=102 width=4)
	  Index Cond: ((k >= 5162842) AND (k <= 5162942))

explain: for range-covered :: explain SELECT k FROM sbtest%d WHERE k BETWEEN 5162842 AND 5162942
for range-covered
table 1 : explain SELECT k FROM sbtest1 WHERE k BETWEEN 6310819 AND 6310919
	Index Only Scan using k_1 on sbtest1  (cost=0.43..6.51 rows=104 width=4)
	  Index Cond: ((k >= 6310819) AND (k <= 6310919))

table 2 : explain SELECT k FROM sbtest2 WHERE k BETWEEN 6310819 AND 6310919
	Index Only Scan using k_2 on sbtest2  (cost=0.43..6.63 rows=110 width=4)
	  Index Cond: ((k >= 6310819) AND (k <= 6310919))

table 3 : explain SELECT k FROM sbtest3 WHERE k BETWEEN 6310819 AND 6310919
	Index Only Scan using k_3 on sbtest3  (cost=0.43..6.33 rows=95 width=4)
	  Index Cond: ((k >= 6310819) AND (k <= 6310919))

table 4 : explain SELECT k FROM sbtest4 WHERE k BETWEEN 6310819 AND 6310919
	Index Only Scan using k_4 on sbtest4  (cost=0.43..6.47 rows=102 width=4)
	  Index Cond: ((k >= 6310819) AND (k <= 6310919))

table 5 : explain SELECT k FROM sbtest5 WHERE k BETWEEN 6310819 AND 6310919
	Index Only Scan using k_5 on sbtest5  (cost=0.43..6.37 rows=97 width=4)
	  Index Cond: ((k >= 6310819) AND (k <= 6310919))

table 6 : explain SELECT k FROM sbtest6 WHERE k BETWEEN 6310819 AND 6310919
	Index Only Scan using k_6 on sbtest6  (cost=0.43..6.51 rows=104 width=4)
	  Index Cond: ((k >= 6310819) AND (k <= 6310919))

table 7 : explain SELECT k FROM sbtest7 WHERE k BETWEEN 6310819 AND 6310919
	Index Only Scan using k_7 on sbtest7  (cost=0.43..10.38 rows=97 width=4)
	  Index Cond: ((k >= 6310819) AND (k <= 6310919))

table 8 : explain SELECT k FROM sbtest8 WHERE k BETWEEN 6310819 AND 6310919
	Index Only Scan using k_8 on sbtest8  (cost=0.43..6.47 rows=102 width=4)
	  Index Cond: ((k >= 6310819) AND (k <= 6310919))

for range-covered
table 1 : explain SELECT k FROM sbtest1 WHERE k BETWEEN 2892140 AND 2892240
	Index Only Scan using k_1 on sbtest1  (cost=0.43..6.47 rows=102 width=4)
	  Index Cond: ((k >= 2892140) AND (k <= 2892240))

table 2 : explain SELECT k FROM sbtest2 WHERE k BETWEEN 2892140 AND 2892240
	Index Only Scan using k_2 on sbtest2  (cost=0.43..6.51 rows=104 width=4)
	  Index Cond: ((k >= 2892140) AND (k <= 2892240))

table 3 : explain SELECT k FROM sbtest3 WHERE k BETWEEN 2892140 AND 2892240
	Index Only Scan using k_3 on sbtest3  (cost=0.43..6.45 rows=101 width=4)
	  Index Cond: ((k >= 2892140) AND (k <= 2892240))

table 4 : explain SELECT k FROM sbtest4 WHERE k BETWEEN 2892140 AND 2892240
	Index Only Scan using k_4 on sbtest4  (cost=0.43..6.40 rows=98 width=4)
	  Index Cond: ((k >= 2892140) AND (k <= 2892240))

table 5 : explain SELECT k FROM sbtest5 WHERE k BETWEEN 2892140 AND 2892240
	Index Only Scan using k_5 on sbtest5  (cost=0.43..6.50 rows=103 width=4)
	  Index Cond: ((k >= 2892140) AND (k <= 2892240))

table 6 : explain SELECT k FROM sbtest6 WHERE k BETWEEN 2892140 AND 2892240
	Index Only Scan using k_6 on sbtest6  (cost=0.43..6.58 rows=107 width=4)
	  Index Cond: ((k >= 2892140) AND (k <= 2892240))

table 7 : explain SELECT k FROM sbtest7 WHERE k BETWEEN 2892140 AND 2892240
	Index Only Scan using k_7 on sbtest7  (cost=0.43..10.36 rows=96 width=4)
	  Index Cond: ((k >= 2892140) AND (k <= 2892240))

table 8 : explain SELECT k FROM sbtest8 WHERE k BETWEEN 2892140 AND 2892240
	Index Only Scan using k_8 on sbtest8  (cost=0.43..6.45 rows=101 width=4)
	  Index Cond: ((k >= 2892140) AND (k <= 2892240))

for range-covered
table 1 : explain SELECT k FROM sbtest1 WHERE k BETWEEN 8228470 AND 8228570
	Index Only Scan using k_1 on sbtest1  (cost=0.43..6.47 rows=102 width=4)
	  Index Cond: ((k >= 8228470) AND (k <= 8228570))

table 2 : explain SELECT k FROM sbtest2 WHERE k BETWEEN 8228470 AND 8228570
	Index Only Scan using k_2 on sbtest2  (cost=0.43..6.33 rows=95 width=4)
	  Index Cond: ((k >= 8228470) AND (k <= 8228570))

table 3 : explain SELECT k FROM sbtest3 WHERE k BETWEEN 8228470 AND 8228570
	Index Only Scan using k_3 on sbtest3  (cost=0.43..6.53 rows=105 width=4)
	  Index Cond: ((k >= 8228470) AND (k <= 8228570))

table 4 : explain SELECT k FROM sbtest4 WHERE k BETWEEN 8228470 AND 8228570
	Index Only Scan using k_4 on sbtest4  (cost=0.43..6.58 rows=107 width=4)
	  Index Cond: ((k >= 8228470) AND (k <= 8228570))

table 5 : explain SELECT k FROM sbtest5 WHERE k BETWEEN 8228470 AND 8228570
	Index Only Scan using k_5 on sbtest5  (cost=0.43..6.42 rows=99 width=4)
	  Index Cond: ((k >= 8228470) AND (k <= 8228570))

table 6 : explain SELECT k FROM sbtest6 WHERE k BETWEEN 8228470 AND 8228570
	Index Only Scan using k_6 on sbtest6  (cost=0.43..6.50 rows=103 width=4)
	  Index Cond: ((k >= 8228470) AND (k <= 8228570))

table 7 : explain SELECT k FROM sbtest7 WHERE k BETWEEN 8228470 AND 8228570
	Index Only Scan using k_7 on sbtest7  (cost=0.43..10.36 rows=96 width=4)
	  Index Cond: ((k >= 8228470) AND (k <= 8228570))

table 8 : explain SELECT k FROM sbtest8 WHERE k BETWEEN 8228470 AND 8228570
	Index Only Scan using k_8 on sbtest8  (cost=0.43..6.53 rows=105 width=4)
	  Index Cond: ((k >= 8228470) AND (k <= 8228570))

explain: for range-covered :: explain SELECT k FROM sbtest%d WHERE k BETWEEN 2892140 AND 2892240
for range-covered
table 1 : explain SELECT k FROM sbtest1 WHERE k BETWEEN 2892140 AND 2892240
	Index Only Scan using k_1 on sbtest1  (cost=0.43..6.47 rows=102 width=4)
	  Index Cond: ((k >= 2892140) AND (k <= 2892240))

table 2 : explain SELECT k FROM sbtest2 WHERE k BETWEEN 2892140 AND 2892240
	Index Only Scan using k_2 on sbtest2  (cost=0.43..6.51 rows=104 width=4)
	  Index Cond: ((k >= 2892140) AND (k <= 2892240))

table 3 : explain SELECT k FROM sbtest3 WHERE k BETWEEN 2892140 AND 2892240
	Index Only Scan using k_3 on sbtest3  (cost=0.43..6.45 rows=101 width=4)
	  Index Cond: ((k >= 2892140) AND (k <= 2892240))

table 4 : explain SELECT k FROM sbtest4 WHERE k BETWEEN 2892140 AND 2892240
	Index Only Scan using k_4 on sbtest4  (cost=0.43..6.40 rows=98 width=4)
	  Index Cond: ((k >= 2892140) AND (k <= 2892240))

table 5 : explain SELECT k FROM sbtest5 WHERE k BETWEEN 2892140 AND 2892240
	Index Only Scan using k_5 on sbtest5  (cost=0.43..6.50 rows=103 width=4)
	  Index Cond: ((k >= 2892140) AND (k <= 2892240))

table 6 : explain SELECT k FROM sbtest6 WHERE k BETWEEN 2892140 AND 2892240
	Index Only Scan using k_6 on sbtest6  (cost=0.43..6.58 rows=107 width=4)
	  Index Cond: ((k >= 2892140) AND (k <= 2892240))

table 7 : explain SELECT k FROM sbtest7 WHERE k BETWEEN 2892140 AND 2892240
	Index Only Scan using k_7 on sbtest7  (cost=0.43..10.36 rows=96 width=4)
	  Index Cond: ((k >= 2892140) AND (k <= 2892240))

table 8 : explain SELECT k FROM sbtest8 WHERE k BETWEEN 2892140 AND 2892240
	Index Only Scan using k_8 on sbtest8  (cost=0.43..6.45 rows=101 width=4)
	  Index Cond: ((k >= 2892140) AND (k <= 2892240))

for range-covered
table 1 : explain SELECT k FROM sbtest1 WHERE k BETWEEN 4339728 AND 4339828
	Index Only Scan using k_1 on sbtest1  (cost=0.43..6.43 rows=100 width=4)
	  Index Cond: ((k >= 4339728) AND (k <= 4339828))

table 2 : explain SELECT k FROM sbtest2 WHERE k BETWEEN 4339728 AND 4339828
	Index Only Scan using k_2 on sbtest2  (cost=0.43..6.47 rows=102 width=4)
	  Index Cond: ((k >= 4339728) AND (k <= 4339828))

table 3 : explain SELECT k FROM sbtest3 WHERE k BETWEEN 4339728 AND 4339828
	Index Only Scan using k_3 on sbtest3  (cost=0.43..6.53 rows=105 width=4)
	  Index Cond: ((k >= 4339728) AND (k <= 4339828))

table 4 : explain SELECT k FROM sbtest4 WHERE k BETWEEN 4339728 AND 4339828
	Index Only Scan using k_4 on sbtest4  (cost=0.43..6.33 rows=95 width=4)
	  Index Cond: ((k >= 4339728) AND (k <= 4339828))

table 5 : explain SELECT k FROM sbtest5 WHERE k BETWEEN 4339728 AND 4339828
	Index Only Scan using k_5 on sbtest5  (cost=0.43..6.37 rows=97 width=4)
	  Index Cond: ((k >= 4339728) AND (k <= 4339828))

table 6 : explain SELECT k FROM sbtest6 WHERE k BETWEEN 4339728 AND 4339828
	Index Only Scan using k_6 on sbtest6  (cost=0.43..6.45 rows=101 width=4)
	  Index Cond: ((k >= 4339728) AND (k <= 4339828))

table 7 : explain SELECT k FROM sbtest7 WHERE k BETWEEN 4339728 AND 4339828
	Index Only Scan using k_7 on sbtest7  (cost=0.43..10.42 rows=99 width=4)
	  Index Cond: ((k >= 4339728) AND (k <= 4339828))

table 8 : explain SELECT k FROM sbtest8 WHERE k BETWEEN 4339728 AND 4339828
	Index Only Scan using k_8 on sbtest8  (cost=0.43..6.58 rows=107 width=4)
	  Index Cond: ((k >= 4339728) AND (k <= 4339828))

explain: for range-covered :: explain SELECT k FROM sbtest%d WHERE k BETWEEN 2892140 AND 2892240
explain: for range-covered :: explain SELECT k FROM sbtest%d WHERE k BETWEEN 4339728 AND 4339828
for range-covered
table 1 : explain SELECT k FROM sbtest1 WHERE k BETWEEN 3584121 AND 3584221
	Index Only Scan using k_1 on sbtest1  (cost=0.43..6.29 rows=93 width=4)
	  Index Cond: ((k >= 3584121) AND (k <= 3584221))

table 2 : explain SELECT k FROM sbtest2 WHERE k BETWEEN 3584121 AND 3584221
	Index Only Scan using k_2 on sbtest2  (cost=0.43..6.42 rows=99 width=4)
	  Index Cond: ((k >= 3584121) AND (k <= 3584221))

table 3 : explain SELECT k FROM sbtest3 WHERE k BETWEEN 3584121 AND 3584221
	Index Only Scan using k_3 on sbtest3  (cost=0.43..6.61 rows=109 width=4)
	  Index Cond: ((k >= 3584121) AND (k <= 3584221))

table 4 : explain SELECT k FROM sbtest4 WHERE k BETWEEN 3584121 AND 3584221
	Index Only Scan using k_4 on sbtest4  (cost=0.43..6.40 rows=98 width=4)
	  Index Cond: ((k >= 3584121) AND (k <= 3584221))

table 5 : explain SELECT k FROM sbtest5 WHERE k BETWEEN 3584121 AND 3584221
	Index Only Scan using k_5 on sbtest5  (cost=0.43..6.43 rows=100 width=4)
	  Index Cond: ((k >= 3584121) AND (k <= 3584221))

table 6 : explain SELECT k FROM sbtest6 WHERE k BETWEEN 3584121 AND 3584221
	Index Only Scan using k_6 on sbtest6  (cost=0.43..6.35 rows=96 width=4)
	  Index Cond: ((k >= 3584121) AND (k <= 3584221))

table 7 : explain SELECT k FROM sbtest7 WHERE k BETWEEN 3584121 AND 3584221
	Index Only Scan using k_7 on sbtest7  (cost=0.43..10.42 rows=99 width=4)
	  Index Cond: ((k >= 3584121) AND (k <= 3584221))

table 8 : explain SELECT k FROM sbtest8 WHERE k BETWEEN 3584121 AND 3584221
	Index Only Scan using k_8 on sbtest8  (cost=0.43..6.45 rows=101 width=4)
	  Index Cond: ((k >= 3584121) AND (k <= 3584221))

explain: for range-covered :: explain SELECT k FROM sbtest%d WHERE k BETWEEN 3584121 AND 3584221
for range-covered
table 1 : explain SELECT k FROM sbtest1 WHERE k BETWEEN 6631783 AND 6631883
	Index Only Scan using k_1 on sbtest1  (cost=0.43..6.67 rows=112 width=4)
	  Index Cond: ((k >= 6631783) AND (k <= 6631883))

table 2 : explain SELECT k FROM sbtest2 WHERE k BETWEEN 6631783 AND 6631883
	Index Only Scan using k_2 on sbtest2  (cost=0.43..6.42 rows=99 width=4)
	  Index Cond: ((k >= 6631783) AND (k <= 6631883))

table 3 : explain SELECT k FROM sbtest3 WHERE k BETWEEN 6631783 AND 6631883
	Index Only Scan using k_3 on sbtest3  (cost=0.43..6.47 rows=102 width=4)
	  Index Cond: ((k >= 6631783) AND (k <= 6631883))

table 4 : explain SELECT k FROM sbtest4 WHERE k BETWEEN 6631783 AND 6631883
	Index Only Scan using k_4 on sbtest4  (cost=0.43..6.40 rows=98 width=4)
	  Index Cond: ((k >= 6631783) AND (k <= 6631883))

table 5 : explain SELECT k FROM sbtest5 WHERE k BETWEEN 6631783 AND 6631883
	Index Only Scan using k_5 on sbtest5  (cost=0.43..6.37 rows=97 width=4)
	  Index Cond: ((k >= 6631783) AND (k <= 6631883))

table 6 : explain SELECT k FROM sbtest6 WHERE k BETWEEN 6631783 AND 6631883
	Index Only Scan using k_6 on sbtest6  (cost=0.43..6.56 rows=106 width=4)
	  Index Cond: ((k >= 6631783) AND (k <= 6631883))

table 7 : explain SELECT k FROM sbtest7 WHERE k BETWEEN 6631783 AND 6631883
	Index Only Scan using k_7 on sbtest7  (cost=0.43..10.46 rows=101 width=4)
	  Index Cond: ((k >= 6631783) AND (k <= 6631883))

table 8 : explain SELECT k FROM sbtest8 WHERE k BETWEEN 6631783 AND 6631883
	Index Only Scan using k_8 on sbtest8  (cost=0.43..6.43 rows=100 width=4)
	  Index Cond: ((k >= 6631783) AND (k <= 6631883))

explain: for range-covered :: explain SELECT k FROM sbtest%d WHERE k BETWEEN 6631783 AND 6631883
for range-covered
table 1 : explain SELECT k FROM sbtest1 WHERE k BETWEEN 5162842 AND 5162942
	Index Only Scan using k_1 on sbtest1  (cost=0.43..6.63 rows=110 width=4)
	  Index Cond: ((k >= 5162842) AND (k <= 5162942))

table 2 : explain SELECT k FROM sbtest2 WHERE k BETWEEN 5162842 AND 5162942
	Index Only Scan using k_2 on sbtest2  (cost=0.43..6.53 rows=105 width=4)
	  Index Cond: ((k >= 5162842) AND (k <= 5162942))

table 3 : explain SELECT k FROM sbtest3 WHERE k BETWEEN 5162842 AND 5162942
	Index Only Scan using k_3 on sbtest3  (cost=0.43..6.43 rows=100 width=4)
	  Index Cond: ((k >= 5162842) AND (k <= 5162942))

table 4 : explain SELECT k FROM sbtest4 WHERE k BETWEEN 5162842 AND 5162942
	Index Only Scan using k_4 on sbtest4  (cost=0.43..6.51 rows=104 width=4)
	  Index Cond: ((k >= 5162842) AND (k <= 5162942))

table 5 : explain SELECT k FROM sbtest5 WHERE k BETWEEN 5162842 AND 5162942
	Index Only Scan using k_5 on sbtest5  (cost=0.43..6.53 rows=105 width=4)
	  Index Cond: ((k >= 5162842) AND (k <= 5162942))

table 6 : explain SELECT k FROM sbtest6 WHERE k BETWEEN 5162842 AND 5162942
	Index Only Scan using k_6 on sbtest6  (cost=0.43..6.45 rows=101 width=4)
	  Index Cond: ((k >= 5162842) AND (k <= 5162942))

table 7 : explain SELECT k FROM sbtest7 WHERE k BETWEEN 5162842 AND 5162942
	Index Only Scan using k_7 on sbtest7  (cost=0.43..10.50 rows=103 width=4)
	  Index Cond: ((k >= 5162842) AND (k <= 5162942))

table 8 : explain SELECT k FROM sbtest8 WHERE k BETWEEN 5162842 AND 5162942
	Index Only Scan using k_8 on sbtest8  (cost=0.43..6.47 rows=102 width=4)
	  Index Cond: ((k >= 5162842) AND (k <= 5162942))

explain: for range-covered :: explain SELECT k FROM sbtest%d WHERE k BETWEEN 5162842 AND 5162942
for range-covered
table 1 : explain SELECT k FROM sbtest1 WHERE k BETWEEN 3584121 AND 3584221
	Index Only Scan using k_1 on sbtest1  (cost=0.43..6.29 rows=93 width=4)
	  Index Cond: ((k >= 3584121) AND (k <= 3584221))

table 2 : explain SELECT k FROM sbtest2 WHERE k BETWEEN 3584121 AND 3584221
	Index Only Scan using k_2 on sbtest2  (cost=0.43..6.42 rows=99 width=4)
	  Index Cond: ((k >= 3584121) AND (k <= 3584221))

table 3 : explain SELECT k FROM sbtest3 WHERE k BETWEEN 3584121 AND 3584221
	Index Only Scan using k_3 on sbtest3  (cost=0.43..6.61 rows=109 width=4)
	  Index Cond: ((k >= 3584121) AND (k <= 3584221))

table 4 : explain SELECT k FROM sbtest4 WHERE k BETWEEN 3584121 AND 3584221
	Index Only Scan using k_4 on sbtest4  (cost=0.43..6.40 rows=98 width=4)
	  Index Cond: ((k >= 3584121) AND (k <= 3584221))

table 5 : explain SELECT k FROM sbtest5 WHERE k BETWEEN 3584121 AND 3584221
	Index Only Scan using k_5 on sbtest5  (cost=0.43..6.43 rows=100 width=4)
	  Index Cond: ((k >= 3584121) AND (k <= 3584221))

table 6 : explain SELECT k FROM sbtest6 WHERE k BETWEEN 3584121 AND 3584221
	Index Only Scan using k_6 on sbtest6  (cost=0.43..6.35 rows=96 width=4)
	  Index Cond: ((k >= 3584121) AND (k <= 3584221))

table 7 : explain SELECT k FROM sbtest7 WHERE k BETWEEN 3584121 AND 3584221
	Index Only Scan using k_7 on sbtest7  (cost=0.43..10.42 rows=99 width=4)
	  Index Cond: ((k >= 3584121) AND (k <= 3584221))

table 8 : explain SELECT k FROM sbtest8 WHERE k BETWEEN 3584121 AND 3584221
	Index Only Scan using k_8 on sbtest8  (cost=0.43..6.45 rows=101 width=4)
	  Index Cond: ((k >= 3584121) AND (k <= 3584221))

explain: for range-covered :: explain SELECT k FROM sbtest%d WHERE k BETWEEN 3584121 AND 3584221
for range-covered
table 1 : explain SELECT k FROM sbtest1 WHERE k BETWEEN 4339728 AND 4339828
	Index Only Scan using k_1 on sbtest1  (cost=0.43..6.43 rows=100 width=4)
	  Index Cond: ((k >= 4339728) AND (k <= 4339828))

table 2 : explain SELECT k FROM sbtest2 WHERE k BETWEEN 4339728 AND 4339828
	Index Only Scan using k_2 on sbtest2  (cost=0.43..6.47 rows=102 width=4)
	  Index Cond: ((k >= 4339728) AND (k <= 4339828))

table 3 : explain SELECT k FROM sbtest3 WHERE k BETWEEN 4339728 AND 4339828
	Index Only Scan using k_3 on sbtest3  (cost=0.43..6.53 rows=105 width=4)
	  Index Cond: ((k >= 4339728) AND (k <= 4339828))

table 4 : explain SELECT k FROM sbtest4 WHERE k BETWEEN 4339728 AND 4339828
	Index Only Scan using k_4 on sbtest4  (cost=0.43..6.33 rows=95 width=4)
	  Index Cond: ((k >= 4339728) AND (k <= 4339828))

table 5 : explain SELECT k FROM sbtest5 WHERE k BETWEEN 4339728 AND 4339828
	Index Only Scan using k_5 on sbtest5  (cost=0.43..6.37 rows=97 width=4)
	  Index Cond: ((k >= 4339728) AND (k <= 4339828))

table 6 : explain SELECT k FROM sbtest6 WHERE k BETWEEN 4339728 AND 4339828
	Index Only Scan using k_6 on sbtest6  (cost=0.43..6.45 rows=101 width=4)
	  Index Cond: ((k >= 4339728) AND (k <= 4339828))

table 7 : explain SELECT k FROM sbtest7 WHERE k BETWEEN 4339728 AND 4339828
	Index Only Scan using k_7 on sbtest7  (cost=0.43..10.42 rows=99 width=4)
	  Index Cond: ((k >= 4339728) AND (k <= 4339828))

table 8 : explain SELECT k FROM sbtest8 WHERE k BETWEEN 4339728 AND 4339828
	Index Only Scan using k_8 on sbtest8  (cost=0.43..6.58 rows=107 width=4)
	  Index Cond: ((k >= 4339728) AND (k <= 4339828))

explain: for range-covered :: explain SELECT k FROM sbtest%d WHERE k BETWEEN 4339728 AND 4339828
for range-covered
table 1 : explain SELECT k FROM sbtest1 WHERE k BETWEEN 6631783 AND 6631883
	Index Only Scan using k_1 on sbtest1  (cost=0.43..6.67 rows=112 width=4)
	  Index Cond: ((k >= 6631783) AND (k <= 6631883))

table 2 : explain SELECT k FROM sbtest2 WHERE k BETWEEN 6631783 AND 6631883
	Index Only Scan using k_2 on sbtest2  (cost=0.43..6.42 rows=99 width=4)
	  Index Cond: ((k >= 6631783) AND (k <= 6631883))

table 3 : explain SELECT k FROM sbtest3 WHERE k BETWEEN 6631783 AND 6631883
	Index Only Scan using k_3 on sbtest3  (cost=0.43..6.47 rows=102 width=4)
	  Index Cond: ((k >= 6631783) AND (k <= 6631883))

table 4 : explain SELECT k FROM sbtest4 WHERE k BETWEEN 6631783 AND 6631883
	Index Only Scan using k_4 on sbtest4  (cost=0.43..6.40 rows=98 width=4)
	  Index Cond: ((k >= 6631783) AND (k <= 6631883))

table 5 : explain SELECT k FROM sbtest5 WHERE k BETWEEN 6631783 AND 6631883
	Index Only Scan using k_5 on sbtest5  (cost=0.43..6.37 rows=97 width=4)
	  Index Cond: ((k >= 6631783) AND (k <= 6631883))

table 6 : explain SELECT k FROM sbtest6 WHERE k BETWEEN 6631783 AND 6631883
	Index Only Scan using k_6 on sbtest6  (cost=0.43..6.56 rows=106 width=4)
	  Index Cond: ((k >= 6631783) AND (k <= 6631883))

table 7 : explain SELECT k FROM sbtest7 WHERE k BETWEEN 6631783 AND 6631883
	Index Only Scan using k_7 on sbtest7  (cost=0.43..10.46 rows=101 width=4)
	  Index Cond: ((k >= 6631783) AND (k <= 6631883))

table 8 : explain SELECT k FROM sbtest8 WHERE k BETWEEN 6631783 AND 6631883
	Index Only Scan using k_8 on sbtest8  (cost=0.43..6.43 rows=100 width=4)
	  Index Cond: ((k >= 6631783) AND (k <= 6631883))

explain: for range-covered :: explain SELECT k FROM sbtest%d WHERE k BETWEEN 6631783 AND 6631883
for range-covered
table 1 : explain SELECT k FROM sbtest1 WHERE k BETWEEN 5408583 AND 5408683
	Index Only Scan using k_1 on sbtest1  (cost=0.43..6.53 rows=105 width=4)
	  Index Cond: ((k >= 5408583) AND (k <= 5408683))

table 2 : explain SELECT k FROM sbtest2 WHERE k BETWEEN 5408583 AND 5408683
	Index Only Scan using k_2 on sbtest2  (cost=0.43..6.56 rows=106 width=4)
	  Index Cond: ((k >= 5408583) AND (k <= 5408683))

table 3 : explain SELECT k FROM sbtest3 WHERE k BETWEEN 5408583 AND 5408683
	Index Only Scan using k_3 on sbtest3  (cost=0.43..6.75 rows=116 width=4)
	  Index Cond: ((k >= 5408583) AND (k <= 5408683))

table 4 : explain SELECT k FROM sbtest4 WHERE k BETWEEN 5408583 AND 5408683
	Index Only Scan using k_4 on sbtest4  (cost=0.43..6.58 rows=107 width=4)
	  Index Cond: ((k >= 5408583) AND (k <= 5408683))

table 5 : explain SELECT k FROM sbtest5 WHERE k BETWEEN 5408583 AND 5408683
	Index Only Scan using k_5 on sbtest5  (cost=0.43..6.27 rows=92 width=4)
	  Index Cond: ((k >= 5408583) AND (k <= 5408683))

table 6 : explain SELECT k FROM sbtest6 WHERE k BETWEEN 5408583 AND 5408683
	Index Only Scan using k_6 on sbtest6  (cost=0.43..6.37 rows=97 width=4)
	  Index Cond: ((k >= 5408583) AND (k <= 5408683))

table 7 : explain SELECT k FROM sbtest7 WHERE k BETWEEN 5408583 AND 5408683
	Index Only Scan using k_7 on sbtest7  (cost=0.43..10.60 rows=108 width=4)
	  Index Cond: ((k >= 5408583) AND (k <= 5408683))

table 8 : explain SELECT k FROM sbtest8 WHERE k BETWEEN 5408583 AND 5408683
	Index Only Scan using k_8 on sbtest8  (cost=0.43..6.59 rows=108 width=4)
	  Index Cond: ((k >= 5408583) AND (k <= 5408683))

for range-covered
table 1 : explain SELECT k FROM sbtest1 WHERE k BETWEEN 3584121 AND 3584221
	Index Only Scan using k_1 on sbtest1  (cost=0.43..6.29 rows=93 width=4)
	  Index Cond: ((k >= 3584121) AND (k <= 3584221))

table 2 : explain SELECT k FROM sbtest2 WHERE k BETWEEN 3584121 AND 3584221
	Index Only Scan using k_2 on sbtest2  (cost=0.43..6.42 rows=99 width=4)
	  Index Cond: ((k >= 3584121) AND (k <= 3584221))

table 3 : explain SELECT k FROM sbtest3 WHERE k BETWEEN 3584121 AND 3584221
	Index Only Scan using k_3 on sbtest3  (cost=0.43..6.61 rows=109 width=4)
	  Index Cond: ((k >= 3584121) AND (k <= 3584221))

table 4 : explain SELECT k FROM sbtest4 WHERE k BETWEEN 3584121 AND 3584221
	Index Only Scan using k_4 on sbtest4  (cost=0.43..6.40 rows=98 width=4)
	  Index Cond: ((k >= 3584121) AND (k <= 3584221))

table 5 : explain SELECT k FROM sbtest5 WHERE k BETWEEN 3584121 AND 3584221
	Index Only Scan using k_5 on sbtest5  (cost=0.43..6.43 rows=100 width=4)
	  Index Cond: ((k >= 3584121) AND (k <= 3584221))

table 6 : explain SELECT k FROM sbtest6 WHERE k BETWEEN 3584121 AND 3584221
	Index Only Scan using k_6 on sbtest6  (cost=0.43..6.35 rows=96 width=4)
	  Index Cond: ((k >= 3584121) AND (k <= 3584221))

table 7 : explain SELECT k FROM sbtest7 WHERE k BETWEEN 3584121 AND 3584221
	Index Only Scan using k_7 on sbtest7  (cost=0.43..10.42 rows=99 width=4)
	  Index Cond: ((k >= 3584121) AND (k <= 3584221))

table 8 : explain SELECT k FROM sbtest8 WHERE k BETWEEN 3584121 AND 3584221
	Index Only Scan using k_8 on sbtest8  (cost=0.43..6.45 rows=101 width=4)
	  Index Cond: ((k >= 3584121) AND (k <= 3584221))

explain: for range-covered :: explain SELECT k FROM sbtest%d WHERE k BETWEEN 5408583 AND 5408683
for range-covered
table 1 : explain SELECT k FROM sbtest1 WHERE k BETWEEN 4339728 AND 4339828
	Index Only Scan using k_1 on sbtest1  (cost=0.43..6.43 rows=100 width=4)
	  Index Cond: ((k >= 4339728) AND (k <= 4339828))

table 2 : explain SELECT k FROM sbtest2 WHERE k BETWEEN 4339728 AND 4339828
	Index Only Scan using k_2 on sbtest2  (cost=0.43..6.47 rows=102 width=4)
	  Index Cond: ((k >= 4339728) AND (k <= 4339828))

table 3 : explain SELECT k FROM sbtest3 WHERE k BETWEEN 4339728 AND 4339828
	Index Only Scan using k_3 on sbtest3  (cost=0.43..6.53 rows=105 width=4)
	  Index Cond: ((k >= 4339728) AND (k <= 4339828))

table 4 : explain SELECT k FROM sbtest4 WHERE k BETWEEN 4339728 AND 4339828
	Index Only Scan using k_4 on sbtest4  (cost=0.43..6.33 rows=95 width=4)
	  Index Cond: ((k >= 4339728) AND (k <= 4339828))

table 5 : explain SELECT k FROM sbtest5 WHERE k BETWEEN 4339728 AND 4339828
	Index Only Scan using k_5 on sbtest5  (cost=0.43..6.37 rows=97 width=4)
	  Index Cond: ((k >= 4339728) AND (k <= 4339828))

table 6 : explain SELECT k FROM sbtest6 WHERE k BETWEEN 4339728 AND 4339828
	Index Only Scan using k_6 on sbtest6  (cost=0.43..6.45 rows=101 width=4)
	  Index Cond: ((k >= 4339728) AND (k <= 4339828))

table 7 : explain SELECT k FROM sbtest7 WHERE k BETWEEN 4339728 AND 4339828
	Index Only Scan using k_7 on sbtest7  (cost=0.43..10.42 rows=99 width=4)
	  Index Cond: ((k >= 4339728) AND (k <= 4339828))

table 8 : explain SELECT k FROM sbtest8 WHERE k BETWEEN 4339728 AND 4339828
	Index Only Scan using k_8 on sbtest8  (cost=0.43..6.58 rows=107 width=4)
	  Index Cond: ((k >= 4339728) AND (k <= 4339828))

explain: for range-covered :: explain SELECT k FROM sbtest%d WHERE k BETWEEN 4339728 AND 4339828
for range-covered
table 1 : explain SELECT k FROM sbtest1 WHERE k BETWEEN 7349846 AND 7349946
	Index Only Scan using k_1 on sbtest1  (cost=0.43..6.58 rows=107 width=4)
	  Index Cond: ((k >= 7349846) AND (k <= 7349946))

table 2 : explain SELECT k FROM sbtest2 WHERE k BETWEEN 7349846 AND 7349946
	Index Only Scan using k_2 on sbtest2  (cost=0.43..6.37 rows=97 width=4)
	  Index Cond: ((k >= 7349846) AND (k <= 7349946))

table 3 : explain SELECT k FROM sbtest3 WHERE k BETWEEN 7349846 AND 7349946
	Index Only Scan using k_3 on sbtest3  (cost=0.43..6.35 rows=96 width=4)
	  Index Cond: ((k >= 7349846) AND (k <= 7349946))

table 4 : explain SELECT k FROM sbtest4 WHERE k BETWEEN 7349846 AND 7349946
	Index Only Scan using k_4 on sbtest4  (cost=0.43..6.40 rows=98 width=4)
	  Index Cond: ((k >= 7349846) AND (k <= 7349946))

table 5 : explain SELECT k FROM sbtest5 WHERE k BETWEEN 7349846 AND 7349946
	Index Only Scan using k_5 on sbtest5  (cost=0.43..6.32 rows=94 width=4)
	  Index Cond: ((k >= 7349846) AND (k <= 7349946))

table 6 : explain SELECT k FROM sbtest6 WHERE k BETWEEN 7349846 AND 7349946
	Index Only Scan using k_6 on sbtest6  (cost=0.43..6.69 rows=113 width=4)
	  Index Cond: ((k >= 7349846) AND (k <= 7349946))

table 7 : explain SELECT k FROM sbtest7 WHERE k BETWEEN 7349846 AND 7349946
	Index Only Scan using k_7 on sbtest7  (cost=0.43..10.58 rows=107 width=4)
	  Index Cond: ((k >= 7349846) AND (k <= 7349946))

table 8 : explain SELECT k FROM sbtest8 WHERE k BETWEEN 7349846 AND 7349946
	Index Only Scan using k_8 on sbtest8  (cost=0.43..6.37 rows=97 width=4)
	  Index Cond: ((k >= 7349846) AND (k <= 7349946))

for range-covered
table 1 : explain SELECT k FROM sbtest1 WHERE k BETWEEN 5162842 AND 5162942
	Index Only Scan using k_1 on sbtest1  (cost=0.43..6.63 rows=110 width=4)
	  Index Cond: ((k >= 5162842) AND (k <= 5162942))

table 2 : explain SELECT k FROM sbtest2 WHERE k BETWEEN 5162842 AND 5162942
	Index Only Scan using k_2 on sbtest2  (cost=0.43..6.53 rows=105 width=4)
	  Index Cond: ((k >= 5162842) AND (k <= 5162942))

table 3 : explain SELECT k FROM sbtest3 WHERE k BETWEEN 5162842 AND 5162942
	Index Only Scan using k_3 on sbtest3  (cost=0.43..6.43 rows=100 width=4)
	  Index Cond: ((k >= 5162842) AND (k <= 5162942))

table 4 : explain SELECT k FROM sbtest4 WHERE k BETWEEN 5162842 AND 5162942
	Index Only Scan using k_4 on sbtest4  (cost=0.43..6.51 rows=104 width=4)
	  Index Cond: ((k >= 5162842) AND (k <= 5162942))

table 5 : explain SELECT k FROM sbtest5 WHERE k BETWEEN 5162842 AND 5162942
	Index Only Scan using k_5 on sbtest5  (cost=0.43..6.53 rows=105 width=4)
	  Index Cond: ((k >= 5162842) AND (k <= 5162942))

table 6 : explain SELECT k FROM sbtest6 WHERE k BETWEEN 5162842 AND 5162942
	Index Only Scan using k_6 on sbtest6  (cost=0.43..6.45 rows=101 width=4)
	  Index Cond: ((k >= 5162842) AND (k <= 5162942))

table 7 : explain SELECT k FROM sbtest7 WHERE k BETWEEN 5162842 AND 5162942
	Index Only Scan using k_7 on sbtest7  (cost=0.43..10.50 rows=103 width=4)
	  Index Cond: ((k >= 5162842) AND (k <= 5162942))

table 8 : explain SELECT k FROM sbtest8 WHERE k BETWEEN 5162842 AND 5162942
	Index Only Scan using k_8 on sbtest8  (cost=0.43..6.47 rows=102 width=4)
	  Index Cond: ((k >= 5162842) AND (k <= 5162942))

explain: for range-covered :: explain SELECT k FROM sbtest%d WHERE k BETWEEN 7349846 AND 7349946
for range-covered
table 1 : explain SELECT k FROM sbtest1 WHERE k BETWEEN 4676802 AND 4676902
	Index Only Scan using k_1 on sbtest1  (cost=0.43..6.40 rows=98 width=4)
	  Index Cond: ((k >= 4676802) AND (k <= 4676902))

table 2 : explain SELECT k FROM sbtest2 WHERE k BETWEEN 4676802 AND 4676902
	Index Only Scan using k_2 on sbtest2  (cost=0.43..6.53 rows=105 width=4)
	  Index Cond: ((k >= 4676802) AND (k <= 4676902))

table 3 : explain SELECT k FROM sbtest3 WHERE k BETWEEN 4676802 AND 4676902
	Index Only Scan using k_3 on sbtest3  (cost=0.43..6.51 rows=104 width=4)
	  Index Cond: ((k >= 4676802) AND (k <= 4676902))

table 4 : explain SELECT k FROM sbtest4 WHERE k BETWEEN 4676802 AND 4676902
	Index Only Scan using k_4 on sbtest4  (cost=0.43..6.47 rows=102 width=4)
	  Index Cond: ((k >= 4676802) AND (k <= 4676902))

table 5 : explain SELECT k FROM sbtest5 WHERE k BETWEEN 4676802 AND 4676902
	Index Only Scan using k_5 on sbtest5  (cost=0.43..6.43 rows=100 width=4)
	  Index Cond: ((k >= 4676802) AND (k <= 4676902))

table 6 : explain SELECT k FROM sbtest6 WHERE k BETWEEN 4676802 AND 4676902
	Index Only Scan using k_6 on sbtest6  (cost=0.43..6.61 rows=109 width=4)
	  Index Cond: ((k >= 4676802) AND (k <= 4676902))

table 7 : explain SELECT k FROM sbtest7 WHERE k BETWEEN 4676802 AND 4676902
	Index Only Scan using k_7 on sbtest7  (cost=0.43..10.47 rows=102 width=4)
	  Index Cond: ((k >= 4676802) AND (k <= 4676902))

table 8 : explain SELECT k FROM sbtest8 WHERE k BETWEEN 4676802 AND 4676902
	Index Only Scan using k_8 on sbtest8  (cost=0.43..6.56 rows=106 width=4)
	  Index Cond: ((k >= 4676802) AND (k <= 4676902))

for range-covered
table 1 : explain SELECT k FROM sbtest1 WHERE k BETWEEN 5408583 AND 5408683
	Index Only Scan using k_1 on sbtest1  (cost=0.43..6.53 rows=105 width=4)
	  Index Cond: ((k >= 5408583) AND (k <= 5408683))

table 2 : explain SELECT k FROM sbtest2 WHERE k BETWEEN 5408583 AND 5408683
	Index Only Scan using k_2 on sbtest2  (cost=0.43..6.56 rows=106 width=4)
	  Index Cond: ((k >= 5408583) AND (k <= 5408683))

table 3 : explain SELECT k FROM sbtest3 WHERE k BETWEEN 5408583 AND 5408683
	Index Only Scan using k_3 on sbtest3  (cost=0.43..6.75 rows=116 width=4)
	  Index Cond: ((k >= 5408583) AND (k <= 5408683))

table 4 : explain SELECT k FROM sbtest4 WHERE k BETWEEN 5408583 AND 5408683
	Index Only Scan using k_4 on sbtest4  (cost=0.43..6.58 rows=107 width=4)
	  Index Cond: ((k >= 5408583) AND (k <= 5408683))

table 5 : explain SELECT k FROM sbtest5 WHERE k BETWEEN 5408583 AND 5408683
	Index Only Scan using k_5 on sbtest5  (cost=0.43..6.27 rows=92 width=4)
	  Index Cond: ((k >= 5408583) AND (k <= 5408683))

table 6 : explain SELECT k FROM sbtest6 WHERE k BETWEEN 5408583 AND 5408683
	Index Only Scan using k_6 on sbtest6  (cost=0.43..6.37 rows=97 width=4)
	  Index Cond: ((k >= 5408583) AND (k <= 5408683))

table 7 : explain SELECT k FROM sbtest7 WHERE k BETWEEN 5408583 AND 5408683
	Index Only Scan using k_7 on sbtest7  (cost=0.43..10.60 rows=108 width=4)
	  Index Cond: ((k >= 5408583) AND (k <= 5408683))

table 8 : explain SELECT k FROM sbtest8 WHERE k BETWEEN 5408583 AND 5408683
	Index Only Scan using k_8 on sbtest8  (cost=0.43..6.59 rows=108 width=4)
	  Index Cond: ((k >= 5408583) AND (k <= 5408683))

explain: for range-covered :: explain SELECT k FROM sbtest%d WHERE k BETWEEN 3584121 AND 3584221
explain: for range-covered :: explain SELECT k FROM sbtest%d WHERE k BETWEEN 5408583 AND 5408683
for range-covered
table 1 : explain SELECT k FROM sbtest1 WHERE k BETWEEN 4339728 AND 4339828
	Index Only Scan using k_1 on sbtest1  (cost=0.43..6.43 rows=100 width=4)
	  Index Cond: ((k >= 4339728) AND (k <= 4339828))

table 2 : explain SELECT k FROM sbtest2 WHERE k BETWEEN 4339728 AND 4339828
	Index Only Scan using k_2 on sbtest2  (cost=0.43..6.47 rows=102 width=4)
	  Index Cond: ((k >= 4339728) AND (k <= 4339828))

table 3 : explain SELECT k FROM sbtest3 WHERE k BETWEEN 4339728 AND 4339828
	Index Only Scan using k_3 on sbtest3  (cost=0.43..6.53 rows=105 width=4)
	  Index Cond: ((k >= 4339728) AND (k <= 4339828))

table 4 : explain SELECT k FROM sbtest4 WHERE k BETWEEN 4339728 AND 4339828
	Index Only Scan using k_4 on sbtest4  (cost=0.43..6.33 rows=95 width=4)
	  Index Cond: ((k >= 4339728) AND (k <= 4339828))

table 5 : explain SELECT k FROM sbtest5 WHERE k BETWEEN 4339728 AND 4339828
	Index Only Scan using k_5 on sbtest5  (cost=0.43..6.37 rows=97 width=4)
	  Index Cond: ((k >= 4339728) AND (k <= 4339828))

table 6 : explain SELECT k FROM sbtest6 WHERE k BETWEEN 4339728 AND 4339828
	Index Only Scan using k_6 on sbtest6  (cost=0.43..6.45 rows=101 width=4)
	  Index Cond: ((k >= 4339728) AND (k <= 4339828))

table 7 : explain SELECT k FROM sbtest7 WHERE k BETWEEN 4339728 AND 4339828
	Index Only Scan using k_7 on sbtest7  (cost=0.43..10.42 rows=99 width=4)
	  Index Cond: ((k >= 4339728) AND (k <= 4339828))

table 8 : explain SELECT k FROM sbtest8 WHERE k BETWEEN 4339728 AND 4339828
	Index Only Scan using k_8 on sbtest8  (cost=0.43..6.58 rows=107 width=4)
	  Index Cond: ((k >= 4339728) AND (k <= 4339828))

explain: for range-covered :: explain SELECT k FROM sbtest%d WHERE k BETWEEN 4339728 AND 4339828
for range-covered
table 1 : explain SELECT k FROM sbtest1 WHERE k BETWEEN 6631783 AND 6631883
	Index Only Scan using k_1 on sbtest1  (cost=0.43..6.67 rows=112 width=4)
	  Index Cond: ((k >= 6631783) AND (k <= 6631883))

table 2 : explain SELECT k FROM sbtest2 WHERE k BETWEEN 6631783 AND 6631883
	Index Only Scan using k_2 on sbtest2  (cost=0.43..6.42 rows=99 width=4)
	  Index Cond: ((k >= 6631783) AND (k <= 6631883))

table 3 : explain SELECT k FROM sbtest3 WHERE k BETWEEN 6631783 AND 6631883
	Index Only Scan using k_3 on sbtest3  (cost=0.43..6.47 rows=102 width=4)
	  Index Cond: ((k >= 6631783) AND (k <= 6631883))

table 4 : explain SELECT k FROM sbtest4 WHERE k BETWEEN 6631783 AND 6631883
	Index Only Scan using k_4 on sbtest4  (cost=0.43..6.40 rows=98 width=4)
	  Index Cond: ((k >= 6631783) AND (k <= 6631883))

table 5 : explain SELECT k FROM sbtest5 WHERE k BETWEEN 6631783 AND 6631883
	Index Only Scan using k_5 on sbtest5  (cost=0.43..6.37 rows=97 width=4)
	  Index Cond: ((k >= 6631783) AND (k <= 6631883))

table 6 : explain SELECT k FROM sbtest6 WHERE k BETWEEN 6631783 AND 6631883
	Index Only Scan using k_6 on sbtest6  (cost=0.43..6.56 rows=106 width=4)
	  Index Cond: ((k >= 6631783) AND (k <= 6631883))

table 7 : explain SELECT k FROM sbtest7 WHERE k BETWEEN 6631783 AND 6631883
	Index Only Scan using k_7 on sbtest7  (cost=0.43..10.46 rows=101 width=4)
	  Index Cond: ((k >= 6631783) AND (k <= 6631883))

table 8 : explain SELECT k FROM sbtest8 WHERE k BETWEEN 6631783 AND 6631883
	Index Only Scan using k_8 on sbtest8  (cost=0.43..6.43 rows=100 width=4)
	  Index Cond: ((k >= 6631783) AND (k <= 6631883))

explain: for range-covered :: explain SELECT k FROM sbtest%d WHERE k BETWEEN 4676802 AND 4676902
explain: for range-covered :: explain SELECT k FROM sbtest%d WHERE k BETWEEN 6631783 AND 6631883
explain: for range-covered :: explain SELECT k FROM sbtest%d WHERE k BETWEEN 4396652 AND 4396752
for range-covered
table 1 : explain SELECT k FROM sbtest1 WHERE k BETWEEN 5408583 AND 5408683
	Index Only Scan using k_1 on sbtest1  (cost=0.43..6.53 rows=105 width=4)
	  Index Cond: ((k >= 5408583) AND (k <= 5408683))

table 2 : explain SELECT k FROM sbtest2 WHERE k BETWEEN 5408583 AND 5408683
	Index Only Scan using k_2 on sbtest2  (cost=0.43..6.56 rows=106 width=4)
	  Index Cond: ((k >= 5408583) AND (k <= 5408683))

table 3 : explain SELECT k FROM sbtest3 WHERE k BETWEEN 5408583 AND 5408683
	Index Only Scan using k_3 on sbtest3  (cost=0.43..6.75 rows=116 width=4)
	  Index Cond: ((k >= 5408583) AND (k <= 5408683))

table 4 : explain SELECT k FROM sbtest4 WHERE k BETWEEN 5408583 AND 5408683
	Index Only Scan using k_4 on sbtest4  (cost=0.43..6.58 rows=107 width=4)
	  Index Cond: ((k >= 5408583) AND (k <= 5408683))

table 5 : explain SELECT k FROM sbtest5 WHERE k BETWEEN 5408583 AND 5408683
	Index Only Scan using k_5 on sbtest5  (cost=0.43..6.27 rows=92 width=4)
	  Index Cond: ((k >= 5408583) AND (k <= 5408683))

table 6 : explain SELECT k FROM sbtest6 WHERE k BETWEEN 5408583 AND 5408683
	Index Only Scan using k_6 on sbtest6  (cost=0.43..6.37 rows=97 width=4)
	  Index Cond: ((k >= 5408583) AND (k <= 5408683))

table 7 : explain SELECT k FROM sbtest7 WHERE k BETWEEN 5408583 AND 5408683
	Index Only Scan using k_7 on sbtest7  (cost=0.43..10.60 rows=108 width=4)
	  Index Cond: ((k >= 5408583) AND (k <= 5408683))

table 8 : explain SELECT k FROM sbtest8 WHERE k BETWEEN 5408583 AND 5408683
	Index Only Scan using k_8 on sbtest8  (cost=0.43..6.59 rows=108 width=4)
	  Index Cond: ((k >= 5408583) AND (k <= 5408683))

explain: for range-covered :: explain SELECT k FROM sbtest%d WHERE k BETWEEN 5408583 AND 5408683
for range-covered
table 1 : explain SELECT k FROM sbtest1 WHERE k BETWEEN 4339728 AND 4339828
	Index Only Scan using k_1 on sbtest1  (cost=0.43..6.43 rows=100 width=4)
	  Index Cond: ((k >= 4339728) AND (k <= 4339828))

table 2 : explain SELECT k FROM sbtest2 WHERE k BETWEEN 4339728 AND 4339828
	Index Only Scan using k_2 on sbtest2  (cost=0.43..6.47 rows=102 width=4)
	  Index Cond: ((k >= 4339728) AND (k <= 4339828))

table 3 : explain SELECT k FROM sbtest3 WHERE k BETWEEN 4339728 AND 4339828
	Index Only Scan using k_3 on sbtest3  (cost=0.43..6.53 rows=105 width=4)
	  Index Cond: ((k >= 4339728) AND (k <= 4339828))

table 4 : explain SELECT k FROM sbtest4 WHERE k BETWEEN 4339728 AND 4339828
	Index Only Scan using k_4 on sbtest4  (cost=0.43..6.33 rows=95 width=4)
	  Index Cond: ((k >= 4339728) AND (k <= 4339828))

table 5 : explain SELECT k FROM sbtest5 WHERE k BETWEEN 4339728 AND 4339828
	Index Only Scan using k_5 on sbtest5  (cost=0.43..6.37 rows=97 width=4)
	  Index Cond: ((k >= 4339728) AND (k <= 4339828))

table 6 : explain SELECT k FROM sbtest6 WHERE k BETWEEN 4339728 AND 4339828
	Index Only Scan using k_6 on sbtest6  (cost=0.43..6.45 rows=101 width=4)
	  Index Cond: ((k >= 4339728) AND (k <= 4339828))

table 7 : explain SELECT k FROM sbtest7 WHERE k BETWEEN 4339728 AND 4339828
	Index Only Scan using k_7 on sbtest7  (cost=0.43..10.42 rows=99 width=4)
	  Index Cond: ((k >= 4339728) AND (k <= 4339828))

table 8 : explain SELECT k FROM sbtest8 WHERE k BETWEEN 4339728 AND 4339828
	Index Only Scan using k_8 on sbtest8  (cost=0.43..6.58 rows=107 width=4)
	  Index Cond: ((k >= 4339728) AND (k <= 4339828))

for range-covered
table 1 : explain SELECT k FROM sbtest1 WHERE k BETWEEN 7349846 AND 7349946
	Index Only Scan using k_1 on sbtest1  (cost=0.43..6.58 rows=107 width=4)
	  Index Cond: ((k >= 7349846) AND (k <= 7349946))

table 2 : explain SELECT k FROM sbtest2 WHERE k BETWEEN 7349846 AND 7349946
	Index Only Scan using k_2 on sbtest2  (cost=0.43..6.37 rows=97 width=4)
	  Index Cond: ((k >= 7349846) AND (k <= 7349946))

table 3 : explain SELECT k FROM sbtest3 WHERE k BETWEEN 7349846 AND 7349946
	Index Only Scan using k_3 on sbtest3  (cost=0.43..6.35 rows=96 width=4)
	  Index Cond: ((k >= 7349846) AND (k <= 7349946))

table 4 : explain SELECT k FROM sbtest4 WHERE k BETWEEN 7349846 AND 7349946
	Index Only Scan using k_4 on sbtest4  (cost=0.43..6.40 rows=98 width=4)
	  Index Cond: ((k >= 7349846) AND (k <= 7349946))

table 5 : explain SELECT k FROM sbtest5 WHERE k BETWEEN 7349846 AND 7349946
	Index Only Scan using k_5 on sbtest5  (cost=0.43..6.32 rows=94 width=4)
	  Index Cond: ((k >= 7349846) AND (k <= 7349946))

table 6 : explain SELECT k FROM sbtest6 WHERE k BETWEEN 7349846 AND 7349946
	Index Only Scan using k_6 on sbtest6  (cost=0.43..6.69 rows=113 width=4)
	  Index Cond: ((k >= 7349846) AND (k <= 7349946))

table 7 : explain SELECT k FROM sbtest7 WHERE k BETWEEN 7349846 AND 7349946
	Index Only Scan using k_7 on sbtest7  (cost=0.43..10.58 rows=107 width=4)
	  Index Cond: ((k >= 7349846) AND (k <= 7349946))

table 8 : explain SELECT k FROM sbtest8 WHERE k BETWEEN 7349846 AND 7349946
	Index Only Scan using k_8 on sbtest8  (cost=0.43..6.37 rows=97 width=4)
	  Index Cond: ((k >= 7349846) AND (k <= 7349946))

explain: for range-covered :: explain SELECT k FROM sbtest%d WHERE k BETWEEN 4339728 AND 4339828
for range-covered
table 1 : explain SELECT k FROM sbtest1 WHERE k BETWEEN 1576830 AND 1576930
	Index Only Scan using k_1 on sbtest1  (cost=0.43..6.51 rows=104 width=4)
	  Index Cond: ((k >= 1576830) AND (k <= 1576930))

table 2 : explain SELECT k FROM sbtest2 WHERE k BETWEEN 1576830 AND 1576930
	Index Only Scan using k_2 on sbtest2  (cost=0.43..6.51 rows=104 width=4)
	  Index Cond: ((k >= 1576830) AND (k <= 1576930))

table 3 : explain SELECT k FROM sbtest3 WHERE k BETWEEN 1576830 AND 1576930
	Index Only Scan using k_3 on sbtest3  (cost=0.43..6.42 rows=99 width=4)
	  Index Cond: ((k >= 1576830) AND (k <= 1576930))

table 4 : explain SELECT k FROM sbtest4 WHERE k BETWEEN 1576830 AND 1576930
	Index Only Scan using k_4 on sbtest4  (cost=0.43..6.37 rows=97 width=4)
	  Index Cond: ((k >= 1576830) AND (k <= 1576930))

table 5 : explain SELECT k FROM sbtest5 WHERE k BETWEEN 1576830 AND 1576930
	Index Only Scan using k_5 on sbtest5  (cost=0.43..6.61 rows=109 width=4)
	  Index Cond: ((k >= 1576830) AND (k <= 1576930))

table 6 : explain SELECT k FROM sbtest6 WHERE k BETWEEN 1576830 AND 1576930
	Index Only Scan using k_6 on sbtest6  (cost=0.43..6.37 rows=97 width=4)
	  Index Cond: ((k >= 1576830) AND (k <= 1576930))

table 7 : explain SELECT k FROM sbtest7 WHERE k BETWEEN 1576830 AND 1576930
	Index Only Scan using k_7 on sbtest7  (cost=0.43..10.36 rows=96 width=4)
	  Index Cond: ((k >= 1576830) AND (k <= 1576930))

table 8 : explain SELECT k FROM sbtest8 WHERE k BETWEEN 1576830 AND 1576930
	Index Only Scan using k_8 on sbtest8  (cost=0.43..6.43 rows=100 width=4)
	  Index Cond: ((k >= 1576830) AND (k <= 1576930))

explain: for range-covered :: explain SELECT k FROM sbtest%d WHERE k BETWEEN 7349846 AND 7349946
for range-covered
table 1 : explain SELECT k FROM sbtest1 WHERE k BETWEEN 2892140 AND 2892240
	Index Only Scan using k_1 on sbtest1  (cost=0.43..6.47 rows=102 width=4)
	  Index Cond: ((k >= 2892140) AND (k <= 2892240))

table 2 : explain SELECT k FROM sbtest2 WHERE k BETWEEN 2892140 AND 2892240
	Index Only Scan using k_2 on sbtest2  (cost=0.43..6.51 rows=104 width=4)
	  Index Cond: ((k >= 2892140) AND (k <= 2892240))

table 3 : explain SELECT k FROM sbtest3 WHERE k BETWEEN 2892140 AND 2892240
	Index Only Scan using k_3 on sbtest3  (cost=0.43..6.45 rows=101 width=4)
	  Index Cond: ((k >= 2892140) AND (k <= 2892240))

table 4 : explain SELECT k FROM sbtest4 WHERE k BETWEEN 2892140 AND 2892240
	Index Only Scan using k_4 on sbtest4  (cost=0.43..6.40 rows=98 width=4)
	  Index Cond: ((k >= 2892140) AND (k <= 2892240))

table 5 : explain SELECT k FROM sbtest5 WHERE k BETWEEN 2892140 AND 2892240
	Index Only Scan using k_5 on sbtest5  (cost=0.43..6.50 rows=103 width=4)
	  Index Cond: ((k >= 2892140) AND (k <= 2892240))

table 6 : explain SELECT k FROM sbtest6 WHERE k BETWEEN 2892140 AND 2892240
	Index Only Scan using k_6 on sbtest6  (cost=0.43..6.58 rows=107 width=4)
	  Index Cond: ((k >= 2892140) AND (k <= 2892240))

table 7 : explain SELECT k FROM sbtest7 WHERE k BETWEEN 2892140 AND 2892240
	Index Only Scan using k_7 on sbtest7  (cost=0.43..10.36 rows=96 width=4)
	  Index Cond: ((k >= 2892140) AND (k <= 2892240))

table 8 : explain SELECT k FROM sbtest8 WHERE k BETWEEN 2892140 AND 2892240
	Index Only Scan using k_8 on sbtest8  (cost=0.43..6.45 rows=101 width=4)
	  Index Cond: ((k >= 2892140) AND (k <= 2892240))

explain: for range-covered :: explain SELECT k FROM sbtest%d WHERE k BETWEEN 1576830 AND 1576930
for range-covered
table 1 : explain SELECT k FROM sbtest1 WHERE k BETWEEN 6631783 AND 6631883
	Index Only Scan using k_1 on sbtest1  (cost=0.43..6.67 rows=112 width=4)
	  Index Cond: ((k >= 6631783) AND (k <= 6631883))

table 2 : explain SELECT k FROM sbtest2 WHERE k BETWEEN 6631783 AND 6631883
	Index Only Scan using k_2 on sbtest2  (cost=0.43..6.42 rows=99 width=4)
	  Index Cond: ((k >= 6631783) AND (k <= 6631883))

table 3 : explain SELECT k FROM sbtest3 WHERE k BETWEEN 6631783 AND 6631883
	Index Only Scan using k_3 on sbtest3  (cost=0.43..6.47 rows=102 width=4)
	  Index Cond: ((k >= 6631783) AND (k <= 6631883))

table 4 : explain SELECT k FROM sbtest4 WHERE k BETWEEN 6631783 AND 6631883
	Index Only Scan using k_4 on sbtest4  (cost=0.43..6.40 rows=98 width=4)
	  Index Cond: ((k >= 6631783) AND (k <= 6631883))

table 5 : explain SELECT k FROM sbtest5 WHERE k BETWEEN 6631783 AND 6631883
	Index Only Scan using k_5 on sbtest5  (cost=0.43..6.37 rows=97 width=4)
	  Index Cond: ((k >= 6631783) AND (k <= 6631883))

table 6 : explain SELECT k FROM sbtest6 WHERE k BETWEEN 6631783 AND 6631883
	Index Only Scan using k_6 on sbtest6  (cost=0.43..6.56 rows=106 width=4)
	  Index Cond: ((k >= 6631783) AND (k <= 6631883))

table 7 : explain SELECT k FROM sbtest7 WHERE k BETWEEN 6631783 AND 6631883
	Index Only Scan using k_7 on sbtest7  (cost=0.43..10.46 rows=101 width=4)
	  Index Cond: ((k >= 6631783) AND (k <= 6631883))

table 8 : explain SELECT k FROM sbtest8 WHERE k BETWEEN 6631783 AND 6631883
	Index Only Scan using k_8 on sbtest8  (cost=0.43..6.43 rows=100 width=4)
	  Index Cond: ((k >= 6631783) AND (k <= 6631883))

explain: for range-covered :: explain SELECT k FROM sbtest%d WHERE k BETWEEN 6631783 AND 6631883
explain: for range-covered :: explain SELECT k FROM sbtest%d WHERE k BETWEEN 7545881 AND 7545981
for range-covered
table 1 : explain SELECT k FROM sbtest1 WHERE k BETWEEN 3584121 AND 3584221
	Index Only Scan using k_1 on sbtest1  (cost=0.43..6.29 rows=93 width=4)
	  Index Cond: ((k >= 3584121) AND (k <= 3584221))

table 2 : explain SELECT k FROM sbtest2 WHERE k BETWEEN 3584121 AND 3584221
	Index Only Scan using k_2 on sbtest2  (cost=0.43..6.42 rows=99 width=4)
	  Index Cond: ((k >= 3584121) AND (k <= 3584221))

table 3 : explain SELECT k FROM sbtest3 WHERE k BETWEEN 3584121 AND 3584221
	Index Only Scan using k_3 on sbtest3  (cost=0.43..6.61 rows=109 width=4)
	  Index Cond: ((k >= 3584121) AND (k <= 3584221))

table 4 : explain SELECT k FROM sbtest4 WHERE k BETWEEN 3584121 AND 3584221
	Index Only Scan using k_4 on sbtest4  (cost=0.43..6.40 rows=98 width=4)
	  Index Cond: ((k >= 3584121) AND (k <= 3584221))

table 5 : explain SELECT k FROM sbtest5 WHERE k BETWEEN 3584121 AND 3584221
	Index Only Scan using k_5 on sbtest5  (cost=0.43..6.43 rows=100 width=4)
	  Index Cond: ((k >= 3584121) AND (k <= 3584221))

table 6 : explain SELECT k FROM sbtest6 WHERE k BETWEEN 3584121 AND 3584221
	Index Only Scan using k_6 on sbtest6  (cost=0.43..6.35 rows=96 width=4)
	  Index Cond: ((k >= 3584121) AND (k <= 3584221))

table 7 : explain SELECT k FROM sbtest7 WHERE k BETWEEN 3584121 AND 3584221
	Index Only Scan using k_7 on sbtest7  (cost=0.43..10.42 rows=99 width=4)
	  Index Cond: ((k >= 3584121) AND (k <= 3584221))

table 8 : explain SELECT k FROM sbtest8 WHERE k BETWEEN 3584121 AND 3584221
	Index Only Scan using k_8 on sbtest8  (cost=0.43..6.45 rows=101 width=4)
	  Index Cond: ((k >= 3584121) AND (k <= 3584221))

for range-covered
table 1 : explain SELECT k FROM sbtest1 WHERE k BETWEEN 4339728 AND 4339828
	Index Only Scan using k_1 on sbtest1  (cost=0.43..6.43 rows=100 width=4)
	  Index Cond: ((k >= 4339728) AND (k <= 4339828))

table 2 : explain SELECT k FROM sbtest2 WHERE k BETWEEN 4339728 AND 4339828
	Index Only Scan using k_2 on sbtest2  (cost=0.43..6.47 rows=102 width=4)
	  Index Cond: ((k >= 4339728) AND (k <= 4339828))

table 3 : explain SELECT k FROM sbtest3 WHERE k BETWEEN 4339728 AND 4339828
	Index Only Scan using k_3 on sbtest3  (cost=0.43..6.53 rows=105 width=4)
	  Index Cond: ((k >= 4339728) AND (k <= 4339828))

table 4 : explain SELECT k FROM sbtest4 WHERE k BETWEEN 4339728 AND 4339828
	Index Only Scan using k_4 on sbtest4  (cost=0.43..6.33 rows=95 width=4)
	  Index Cond: ((k >= 4339728) AND (k <= 4339828))

table 5 : explain SELECT k FROM sbtest5 WHERE k BETWEEN 4339728 AND 4339828
	Index Only Scan using k_5 on sbtest5  (cost=0.43..6.37 rows=97 width=4)
	  Index Cond: ((k >= 4339728) AND (k <= 4339828))

table 6 : explain SELECT k FROM sbtest6 WHERE k BETWEEN 4339728 AND 4339828
	Index Only Scan using k_6 on sbtest6  (cost=0.43..6.45 rows=101 width=4)
	  Index Cond: ((k >= 4339728) AND (k <= 4339828))

table 7 : explain SELECT k FROM sbtest7 WHERE k BETWEEN 4339728 AND 4339828
	Index Only Scan using k_7 on sbtest7  (cost=0.43..10.42 rows=99 width=4)
	  Index Cond: ((k >= 4339728) AND (k <= 4339828))

table 8 : explain SELECT k FROM sbtest8 WHERE k BETWEEN 4339728 AND 4339828
	Index Only Scan using k_8 on sbtest8  (cost=0.43..6.58 rows=107 width=4)
	  Index Cond: ((k >= 4339728) AND (k <= 4339828))

for range-covered
table 1 : explain SELECT k FROM sbtest1 WHERE k BETWEEN 7349846 AND 7349946
	Index Only Scan using k_1 on sbtest1  (cost=0.43..6.58 rows=107 width=4)
	  Index Cond: ((k >= 7349846) AND (k <= 7349946))

table 2 : explain SELECT k FROM sbtest2 WHERE k BETWEEN 7349846 AND 7349946
	Index Only Scan using k_2 on sbtest2  (cost=0.43..6.37 rows=97 width=4)
	  Index Cond: ((k >= 7349846) AND (k <= 7349946))

table 3 : explain SELECT k FROM sbtest3 WHERE k BETWEEN 7349846 AND 7349946
	Index Only Scan using k_3 on sbtest3  (cost=0.43..6.35 rows=96 width=4)
	  Index Cond: ((k >= 7349846) AND (k <= 7349946))

table 4 : explain SELECT k FROM sbtest4 WHERE k BETWEEN 7349846 AND 7349946
	Index Only Scan using k_4 on sbtest4  (cost=0.43..6.40 rows=98 width=4)
	  Index Cond: ((k >= 7349846) AND (k <= 7349946))

table 5 : explain SELECT k FROM sbtest5 WHERE k BETWEEN 7349846 AND 7349946
	Index Only Scan using k_5 on sbtest5  (cost=0.43..6.32 rows=94 width=4)
	  Index Cond: ((k >= 7349846) AND (k <= 7349946))

table 6 : explain SELECT k FROM sbtest6 WHERE k BETWEEN 7349846 AND 7349946
	Index Only Scan using k_6 on sbtest6  (cost=0.43..6.69 rows=113 width=4)
	  Index Cond: ((k >= 7349846) AND (k <= 7349946))

table 7 : explain SELECT k FROM sbtest7 WHERE k BETWEEN 7349846 AND 7349946
	Index Only Scan using k_7 on sbtest7  (cost=0.43..10.58 rows=107 width=4)
	  Index Cond: ((k >= 7349846) AND (k <= 7349946))

table 8 : explain SELECT k FROM sbtest8 WHERE k BETWEEN 7349846 AND 7349946
	Index Only Scan using k_8 on sbtest8  (cost=0.43..6.37 rows=97 width=4)
	  Index Cond: ((k >= 7349846) AND (k <= 7349946))

explain: for range-covered :: explain SELECT k FROM sbtest%d WHERE k BETWEEN 4339728 AND 4339828
explain: for range-covered :: explain SELECT k FROM sbtest%d WHERE k BETWEEN 7349846 AND 7349946
for range-covered
table 1 : explain SELECT k FROM sbtest1 WHERE k BETWEEN 1576830 AND 1576930
	Index Only Scan using k_1 on sbtest1  (cost=0.43..6.51 rows=104 width=4)
	  Index Cond: ((k >= 1576830) AND (k <= 1576930))

table 2 : explain SELECT k FROM sbtest2 WHERE k BETWEEN 1576830 AND 1576930
	Index Only Scan using k_2 on sbtest2  (cost=0.43..6.51 rows=104 width=4)
	  Index Cond: ((k >= 1576830) AND (k <= 1576930))

table 3 : explain SELECT k FROM sbtest3 WHERE k BETWEEN 1576830 AND 1576930
	Index Only Scan using k_3 on sbtest3  (cost=0.43..6.42 rows=99 width=4)
	  Index Cond: ((k >= 1576830) AND (k <= 1576930))

table 4 : explain SELECT k FROM sbtest4 WHERE k BETWEEN 1576830 AND 1576930
	Index Only Scan using k_4 on sbtest4  (cost=0.43..6.37 rows=97 width=4)
	  Index Cond: ((k >= 1576830) AND (k <= 1576930))

table 5 : explain SELECT k FROM sbtest5 WHERE k BETWEEN 1576830 AND 1576930
	Index Only Scan using k_5 on sbtest5  (cost=0.43..6.61 rows=109 width=4)
	  Index Cond: ((k >= 1576830) AND (k <= 1576930))

table 6 : explain SELECT k FROM sbtest6 WHERE k BETWEEN 1576830 AND 1576930
	Index Only Scan using k_6 on sbtest6  (cost=0.43..6.37 rows=97 width=4)
	  Index Cond: ((k >= 1576830) AND (k <= 1576930))

table 7 : explain SELECT k FROM sbtest7 WHERE k BETWEEN 1576830 AND 1576930
	Index Only Scan using k_7 on sbtest7  (cost=0.43..10.36 rows=96 width=4)
	  Index Cond: ((k >= 1576830) AND (k <= 1576930))

table 8 : explain SELECT k FROM sbtest8 WHERE k BETWEEN 1576830 AND 1576930
	Index Only Scan using k_8 on sbtest8  (cost=0.43..6.43 rows=100 width=4)
	  Index Cond: ((k >= 1576830) AND (k <= 1576930))

for range-covered
table 1 : explain SELECT k FROM sbtest1 WHERE k BETWEEN 4676802 AND 4676902
	Index Only Scan using k_1 on sbtest1  (cost=0.43..6.40 rows=98 width=4)
	  Index Cond: ((k >= 4676802) AND (k <= 4676902))

table 2 : explain SELECT k FROM sbtest2 WHERE k BETWEEN 4676802 AND 4676902
	Index Only Scan using k_2 on sbtest2  (cost=0.43..6.53 rows=105 width=4)
	  Index Cond: ((k >= 4676802) AND (k <= 4676902))

table 3 : explain SELECT k FROM sbtest3 WHERE k BETWEEN 4676802 AND 4676902
	Index Only Scan using k_3 on sbtest3  (cost=0.43..6.51 rows=104 width=4)
	  Index Cond: ((k >= 4676802) AND (k <= 4676902))

table 4 : explain SELECT k FROM sbtest4 WHERE k BETWEEN 4676802 AND 4676902
	Index Only Scan using k_4 on sbtest4  (cost=0.43..6.47 rows=102 width=4)
	  Index Cond: ((k >= 4676802) AND (k <= 4676902))

table 5 : explain SELECT k FROM sbtest5 WHERE k BETWEEN 4676802 AND 4676902
	Index Only Scan using k_5 on sbtest5  (cost=0.43..6.43 rows=100 width=4)
	  Index Cond: ((k >= 4676802) AND (k <= 4676902))

table 6 : explain SELECT k FROM sbtest6 WHERE k BETWEEN 4676802 AND 4676902
	Index Only Scan using k_6 on sbtest6  (cost=0.43..6.61 rows=109 width=4)
	  Index Cond: ((k >= 4676802) AND (k <= 4676902))

table 7 : explain SELECT k FROM sbtest7 WHERE k BETWEEN 4676802 AND 4676902
	Index Only Scan using k_7 on sbtest7  (cost=0.43..10.47 rows=102 width=4)
	  Index Cond: ((k >= 4676802) AND (k <= 4676902))

table 8 : explain SELECT k FROM sbtest8 WHERE k BETWEEN 4676802 AND 4676902
	Index Only Scan using k_8 on sbtest8  (cost=0.43..6.56 rows=106 width=4)
	  Index Cond: ((k >= 4676802) AND (k <= 4676902))

explain: for range-covered :: explain SELECT k FROM sbtest%d WHERE k BETWEEN 1576830 AND 1576930
explain: for range-covered :: explain SELECT k FROM sbtest%d WHERE k BETWEEN 4676802 AND 4676902
for range-covered
table 1 : explain SELECT k FROM sbtest1 WHERE k BETWEEN 5408583 AND 5408683
	Index Only Scan using k_1 on sbtest1  (cost=0.43..6.53 rows=105 width=4)
	  Index Cond: ((k >= 5408583) AND (k <= 5408683))

table 2 : explain SELECT k FROM sbtest2 WHERE k BETWEEN 5408583 AND 5408683
	Index Only Scan using k_2 on sbtest2  (cost=0.43..6.56 rows=106 width=4)
	  Index Cond: ((k >= 5408583) AND (k <= 5408683))

table 3 : explain SELECT k FROM sbtest3 WHERE k BETWEEN 5408583 AND 5408683
	Index Only Scan using k_3 on sbtest3  (cost=0.43..6.75 rows=116 width=4)
	  Index Cond: ((k >= 5408583) AND (k <= 5408683))

table 4 : explain SELECT k FROM sbtest4 WHERE k BETWEEN 5408583 AND 5408683
	Index Only Scan using k_4 on sbtest4  (cost=0.43..6.58 rows=107 width=4)
	  Index Cond: ((k >= 5408583) AND (k <= 5408683))

table 5 : explain SELECT k FROM sbtest5 WHERE k BETWEEN 5408583 AND 5408683
	Index Only Scan using k_5 on sbtest5  (cost=0.43..6.27 rows=92 width=4)
	  Index Cond: ((k >= 5408583) AND (k <= 5408683))

table 6 : explain SELECT k FROM sbtest6 WHERE k BETWEEN 5408583 AND 5408683
	Index Only Scan using k_6 on sbtest6  (cost=0.43..6.37 rows=97 width=4)
	  Index Cond: ((k >= 5408583) AND (k <= 5408683))

table 7 : explain SELECT k FROM sbtest7 WHERE k BETWEEN 5408583 AND 5408683
	Index Only Scan using k_7 on sbtest7  (cost=0.43..10.60 rows=108 width=4)
	  Index Cond: ((k >= 5408583) AND (k <= 5408683))

table 8 : explain SELECT k FROM sbtest8 WHERE k BETWEEN 5408583 AND 5408683
	Index Only Scan using k_8 on sbtest8  (cost=0.43..6.59 rows=108 width=4)
	  Index Cond: ((k >= 5408583) AND (k <= 5408683))

for range-covered
table 1 : explain SELECT k FROM sbtest1 WHERE k BETWEEN 6631783 AND 6631883
	Index Only Scan using k_1 on sbtest1  (cost=0.43..6.67 rows=112 width=4)
	  Index Cond: ((k >= 6631783) AND (k <= 6631883))

table 2 : explain SELECT k FROM sbtest2 WHERE k BETWEEN 6631783 AND 6631883
	Index Only Scan using k_2 on sbtest2  (cost=0.43..6.42 rows=99 width=4)
	  Index Cond: ((k >= 6631783) AND (k <= 6631883))

table 3 : explain SELECT k FROM sbtest3 WHERE k BETWEEN 6631783 AND 6631883
	Index Only Scan using k_3 on sbtest3  (cost=0.43..6.47 rows=102 width=4)
	  Index Cond: ((k >= 6631783) AND (k <= 6631883))

table 4 : explain SELECT k FROM sbtest4 WHERE k BETWEEN 6631783 AND 6631883
	Index Only Scan using k_4 on sbtest4  (cost=0.43..6.40 rows=98 width=4)
	  Index Cond: ((k >= 6631783) AND (k <= 6631883))

table 5 : explain SELECT k FROM sbtest5 WHERE k BETWEEN 6631783 AND 6631883
	Index Only Scan using k_5 on sbtest5  (cost=0.43..6.37 rows=97 width=4)
	  Index Cond: ((k >= 6631783) AND (k <= 6631883))

table 6 : explain SELECT k FROM sbtest6 WHERE k BETWEEN 6631783 AND 6631883
	Index Only Scan using k_6 on sbtest6  (cost=0.43..6.56 rows=106 width=4)
	  Index Cond: ((k >= 6631783) AND (k <= 6631883))

table 7 : explain SELECT k FROM sbtest7 WHERE k BETWEEN 6631783 AND 6631883
	Index Only Scan using k_7 on sbtest7  (cost=0.43..10.46 rows=101 width=4)
	  Index Cond: ((k >= 6631783) AND (k <= 6631883))

table 8 : explain SELECT k FROM sbtest8 WHERE k BETWEEN 6631783 AND 6631883
	Index Only Scan using k_8 on sbtest8  (cost=0.43..6.43 rows=100 width=4)
	  Index Cond: ((k >= 6631783) AND (k <= 6631883))

explain: for range-covered :: explain SELECT k FROM sbtest%d WHERE k BETWEEN 6631783 AND 6631883
for range-covered
table 1 : explain SELECT k FROM sbtest1 WHERE k BETWEEN 4339728 AND 4339828
	Index Only Scan using k_1 on sbtest1  (cost=0.43..6.43 rows=100 width=4)
	  Index Cond: ((k >= 4339728) AND (k <= 4339828))

table 2 : explain SELECT k FROM sbtest2 WHERE k BETWEEN 4339728 AND 4339828
	Index Only Scan using k_2 on sbtest2  (cost=0.43..6.47 rows=102 width=4)
	  Index Cond: ((k >= 4339728) AND (k <= 4339828))

table 3 : explain SELECT k FROM sbtest3 WHERE k BETWEEN 4339728 AND 4339828
	Index Only Scan using k_3 on sbtest3  (cost=0.43..6.53 rows=105 width=4)
	  Index Cond: ((k >= 4339728) AND (k <= 4339828))

table 4 : explain SELECT k FROM sbtest4 WHERE k BETWEEN 4339728 AND 4339828
	Index Only Scan using k_4 on sbtest4  (cost=0.43..6.33 rows=95 width=4)
	  Index Cond: ((k >= 4339728) AND (k <= 4339828))

table 5 : explain SELECT k FROM sbtest5 WHERE k BETWEEN 4339728 AND 4339828
	Index Only Scan using k_5 on sbtest5  (cost=0.43..6.37 rows=97 width=4)
	  Index Cond: ((k >= 4339728) AND (k <= 4339828))

table 6 : explain SELECT k FROM sbtest6 WHERE k BETWEEN 4339728 AND 4339828
	Index Only Scan using k_6 on sbtest6  (cost=0.43..6.45 rows=101 width=4)
	  Index Cond: ((k >= 4339728) AND (k <= 4339828))

table 7 : explain SELECT k FROM sbtest7 WHERE k BETWEEN 4339728 AND 4339828
	Index Only Scan using k_7 on sbtest7  (cost=0.43..10.42 rows=99 width=4)
	  Index Cond: ((k >= 4339728) AND (k <= 4339828))

table 8 : explain SELECT k FROM sbtest8 WHERE k BETWEEN 4339728 AND 4339828
	Index Only Scan using k_8 on sbtest8  (cost=0.43..6.58 rows=107 width=4)
	  Index Cond: ((k >= 4339728) AND (k <= 4339828))

for range-covered
table 1 : explain SELECT k FROM sbtest1 WHERE k BETWEEN 7349846 AND 7349946
	Index Only Scan using k_1 on sbtest1  (cost=0.43..6.58 rows=107 width=4)
	  Index Cond: ((k >= 7349846) AND (k <= 7349946))

table 2 : explain SELECT k FROM sbtest2 WHERE k BETWEEN 7349846 AND 7349946
	Index Only Scan using k_2 on sbtest2  (cost=0.43..6.37 rows=97 width=4)
	  Index Cond: ((k >= 7349846) AND (k <= 7349946))

table 3 : explain SELECT k FROM sbtest3 WHERE k BETWEEN 7349846 AND 7349946
	Index Only Scan using k_3 on sbtest3  (cost=0.43..6.35 rows=96 width=4)
	  Index Cond: ((k >= 7349846) AND (k <= 7349946))

table 4 : explain SELECT k FROM sbtest4 WHERE k BETWEEN 7349846 AND 7349946
	Index Only Scan using k_4 on sbtest4  (cost=0.43..6.40 rows=98 width=4)
	  Index Cond: ((k >= 7349846) AND (k <= 7349946))

table 5 : explain SELECT k FROM sbtest5 WHERE k BETWEEN 7349846 AND 7349946
	Index Only Scan using k_5 on sbtest5  (cost=0.43..6.32 rows=94 width=4)
	  Index Cond: ((k >= 7349846) AND (k <= 7349946))

table 6 : explain SELECT k FROM sbtest6 WHERE k BETWEEN 7349846 AND 7349946
	Index Only Scan using k_6 on sbtest6  (cost=0.43..6.69 rows=113 width=4)
	  Index Cond: ((k >= 7349846) AND (k <= 7349946))

table 7 : explain SELECT k FROM sbtest7 WHERE k BETWEEN 7349846 AND 7349946
	Index Only Scan using k_7 on sbtest7  (cost=0.43..10.58 rows=107 width=4)
	  Index Cond: ((k >= 7349846) AND (k <= 7349946))

table 8 : explain SELECT k FROM sbtest8 WHERE k BETWEEN 7349846 AND 7349946
	Index Only Scan using k_8 on sbtest8  (cost=0.43..6.37 rows=97 width=4)
	  Index Cond: ((k >= 7349846) AND (k <= 7349946))

explain: for range-covered :: explain SELECT k FROM sbtest%d WHERE k BETWEEN 4339728 AND 4339828
explain: for range-covered :: explain SELECT k FROM sbtest%d WHERE k BETWEEN 7349846 AND 7349946
for range-covered
table 1 : explain SELECT k FROM sbtest1 WHERE k BETWEEN 1576830 AND 1576930
	Index Only Scan using k_1 on sbtest1  (cost=0.43..6.51 rows=104 width=4)
	  Index Cond: ((k >= 1576830) AND (k <= 1576930))

table 2 : explain SELECT k FROM sbtest2 WHERE k BETWEEN 1576830 AND 1576930
	Index Only Scan using k_2 on sbtest2  (cost=0.43..6.51 rows=104 width=4)
	  Index Cond: ((k >= 1576830) AND (k <= 1576930))

table 3 : explain SELECT k FROM sbtest3 WHERE k BETWEEN 1576830 AND 1576930
	Index Only Scan using k_3 on sbtest3  (cost=0.43..6.42 rows=99 width=4)
	  Index Cond: ((k >= 1576830) AND (k <= 1576930))

table 4 : explain SELECT k FROM sbtest4 WHERE k BETWEEN 1576830 AND 1576930
	Index Only Scan using k_4 on sbtest4  (cost=0.43..6.37 rows=97 width=4)
	  Index Cond: ((k >= 1576830) AND (k <= 1576930))

table 5 : explain SELECT k FROM sbtest5 WHERE k BETWEEN 1576830 AND 1576930
	Index Only Scan using k_5 on sbtest5  (cost=0.43..6.61 rows=109 width=4)
	  Index Cond: ((k >= 1576830) AND (k <= 1576930))

table 6 : explain SELECT k FROM sbtest6 WHERE k BETWEEN 1576830 AND 1576930
	Index Only Scan using k_6 on sbtest6  (cost=0.43..6.37 rows=97 width=4)
	  Index Cond: ((k >= 1576830) AND (k <= 1576930))

table 7 : explain SELECT k FROM sbtest7 WHERE k BETWEEN 1576830 AND 1576930
	Index Only Scan using k_7 on sbtest7  (cost=0.43..10.36 rows=96 width=4)
	  Index Cond: ((k >= 1576830) AND (k <= 1576930))

table 8 : explain SELECT k FROM sbtest8 WHERE k BETWEEN 1576830 AND 1576930
	Index Only Scan using k_8 on sbtest8  (cost=0.43..6.43 rows=100 width=4)
	  Index Cond: ((k >= 1576830) AND (k <= 1576930))

for range-covered
table 1 : explain SELECT k FROM sbtest1 WHERE k BETWEEN 4676802 AND 4676902
	Index Only Scan using k_1 on sbtest1  (cost=0.43..6.40 rows=98 width=4)
	  Index Cond: ((k >= 4676802) AND (k <= 4676902))

table 2 : explain SELECT k FROM sbtest2 WHERE k BETWEEN 4676802 AND 4676902
	Index Only Scan using k_2 on sbtest2  (cost=0.43..6.53 rows=105 width=4)
	  Index Cond: ((k >= 4676802) AND (k <= 4676902))

table 3 : explain SELECT k FROM sbtest3 WHERE k BETWEEN 4676802 AND 4676902
	Index Only Scan using k_3 on sbtest3  (cost=0.43..6.51 rows=104 width=4)
	  Index Cond: ((k >= 4676802) AND (k <= 4676902))

table 4 : explain SELECT k FROM sbtest4 WHERE k BETWEEN 4676802 AND 4676902
	Index Only Scan using k_4 on sbtest4  (cost=0.43..6.47 rows=102 width=4)
	  Index Cond: ((k >= 4676802) AND (k <= 4676902))

table 5 : explain SELECT k FROM sbtest5 WHERE k BETWEEN 4676802 AND 4676902
	Index Only Scan using k_5 on sbtest5  (cost=0.43..6.43 rows=100 width=4)
	  Index Cond: ((k >= 4676802) AND (k <= 4676902))

table 6 : explain SELECT k FROM sbtest6 WHERE k BETWEEN 4676802 AND 4676902
	Index Only Scan using k_6 on sbtest6  (cost=0.43..6.61 rows=109 width=4)
	  Index Cond: ((k >= 4676802) AND (k <= 4676902))

table 7 : explain SELECT k FROM sbtest7 WHERE k BETWEEN 4676802 AND 4676902
	Index Only Scan using k_7 on sbtest7  (cost=0.43..10.47 rows=102 width=4)
	  Index Cond: ((k >= 4676802) AND (k <= 4676902))

table 8 : explain SELECT k FROM sbtest8 WHERE k BETWEEN 4676802 AND 4676902
	Index Only Scan using k_8 on sbtest8  (cost=0.43..6.56 rows=106 width=4)
	  Index Cond: ((k >= 4676802) AND (k <= 4676902))
explain: for range-covered :: explain SELECT k FROM sbtest%d WHERE k BETWEEN 1576830 AND 1576930

explain: for range-covered :: explain SELECT k FROM sbtest%d WHERE k BETWEEN 4676802 AND 4676902
for range-covered
table 1 : explain SELECT k FROM sbtest1 WHERE k BETWEEN 6631783 AND 6631883
	Index Only Scan using k_1 on sbtest1  (cost=0.43..6.67 rows=112 width=4)
	  Index Cond: ((k >= 6631783) AND (k <= 6631883))

table 2 : explain SELECT k FROM sbtest2 WHERE k BETWEEN 6631783 AND 6631883
	Index Only Scan using k_2 on sbtest2  (cost=0.43..6.42 rows=99 width=4)
	  Index Cond: ((k >= 6631783) AND (k <= 6631883))

table 3 : explain SELECT k FROM sbtest3 WHERE k BETWEEN 6631783 AND 6631883
	Index Only Scan using k_3 on sbtest3  (cost=0.43..6.47 rows=102 width=4)
	  Index Cond: ((k >= 6631783) AND (k <= 6631883))

table 4 : explain SELECT k FROM sbtest4 WHERE k BETWEEN 6631783 AND 6631883
	Index Only Scan using k_4 on sbtest4  (cost=0.43..6.40 rows=98 width=4)
	  Index Cond: ((k >= 6631783) AND (k <= 6631883))

table 5 : explain SELECT k FROM sbtest5 WHERE k BETWEEN 6631783 AND 6631883
	Index Only Scan using k_5 on sbtest5  (cost=0.43..6.37 rows=97 width=4)
	  Index Cond: ((k >= 6631783) AND (k <= 6631883))

table 6 : explain SELECT k FROM sbtest6 WHERE k BETWEEN 6631783 AND 6631883
	Index Only Scan using k_6 on sbtest6  (cost=0.43..6.56 rows=106 width=4)
	  Index Cond: ((k >= 6631783) AND (k <= 6631883))

table 7 : explain SELECT k FROM sbtest7 WHERE k BETWEEN 6631783 AND 6631883
	Index Only Scan using k_7 on sbtest7  (cost=0.43..10.46 rows=101 width=4)
	  Index Cond: ((k >= 6631783) AND (k <= 6631883))

table 8 : explain SELECT k FROM sbtest8 WHERE k BETWEEN 6631783 AND 6631883
	Index Only Scan using k_8 on sbtest8  (cost=0.43..6.43 rows=100 width=4)
	  Index Cond: ((k >= 6631783) AND (k <= 6631883))

explain: for range-covered :: explain SELECT k FROM sbtest%d WHERE k BETWEEN 6631783 AND 6631883
for range-covered
table 1 : explain SELECT k FROM sbtest1 WHERE k BETWEEN 7349846 AND 7349946
	Index Only Scan using k_1 on sbtest1  (cost=0.43..6.58 rows=107 width=4)
	  Index Cond: ((k >= 7349846) AND (k <= 7349946))

table 2 : explain SELECT k FROM sbtest2 WHERE k BETWEEN 7349846 AND 7349946
	Index Only Scan using k_2 on sbtest2  (cost=0.43..6.37 rows=97 width=4)
	  Index Cond: ((k >= 7349846) AND (k <= 7349946))

table 3 : explain SELECT k FROM sbtest3 WHERE k BETWEEN 7349846 AND 7349946
	Index Only Scan using k_3 on sbtest3  (cost=0.43..6.35 rows=96 width=4)
	  Index Cond: ((k >= 7349846) AND (k <= 7349946))

table 4 : explain SELECT k FROM sbtest4 WHERE k BETWEEN 7349846 AND 7349946
	Index Only Scan using k_4 on sbtest4  (cost=0.43..6.40 rows=98 width=4)
	  Index Cond: ((k >= 7349846) AND (k <= 7349946))

table 5 : explain SELECT k FROM sbtest5 WHERE k BETWEEN 7349846 AND 7349946
	Index Only Scan using k_5 on sbtest5  (cost=0.43..6.32 rows=94 width=4)
	  Index Cond: ((k >= 7349846) AND (k <= 7349946))

table 6 : explain SELECT k FROM sbtest6 WHERE k BETWEEN 7349846 AND 7349946
	Index Only Scan using k_6 on sbtest6  (cost=0.43..6.69 rows=113 width=4)
	  Index Cond: ((k >= 7349846) AND (k <= 7349946))

table 7 : explain SELECT k FROM sbtest7 WHERE k BETWEEN 7349846 AND 7349946
	Index Only Scan using k_7 on sbtest7  (cost=0.43..10.58 rows=107 width=4)
	  Index Cond: ((k >= 7349846) AND (k <= 7349946))

table 8 : explain SELECT k FROM sbtest8 WHERE k BETWEEN 7349846 AND 7349946
	Index Only Scan using k_8 on sbtest8  (cost=0.43..6.37 rows=97 width=4)
	  Index Cond: ((k >= 7349846) AND (k <= 7349946))

explain: for range-covered :: explain SELECT k FROM sbtest%d WHERE k BETWEEN 7349846 AND 7349946
for range-covered
table 1 : explain SELECT k FROM sbtest1 WHERE k BETWEEN 4339728 AND 4339828
	Index Only Scan using k_1 on sbtest1  (cost=0.43..6.43 rows=100 width=4)
	  Index Cond: ((k >= 4339728) AND (k <= 4339828))

table 2 : explain SELECT k FROM sbtest2 WHERE k BETWEEN 4339728 AND 4339828
	Index Only Scan using k_2 on sbtest2  (cost=0.43..6.47 rows=102 width=4)
	  Index Cond: ((k >= 4339728) AND (k <= 4339828))

table 3 : explain SELECT k FROM sbtest3 WHERE k BETWEEN 4339728 AND 4339828
	Index Only Scan using k_3 on sbtest3  (cost=0.43..6.53 rows=105 width=4)
	  Index Cond: ((k >= 4339728) AND (k <= 4339828))

table 4 : explain SELECT k FROM sbtest4 WHERE k BETWEEN 4339728 AND 4339828
	Index Only Scan using k_4 on sbtest4  (cost=0.43..6.33 rows=95 width=4)
	  Index Cond: ((k >= 4339728) AND (k <= 4339828))

table 5 : explain SELECT k FROM sbtest5 WHERE k BETWEEN 4339728 AND 4339828
	Index Only Scan using k_5 on sbtest5  (cost=0.43..6.37 rows=97 width=4)
	  Index Cond: ((k >= 4339728) AND (k <= 4339828))

table 6 : explain SELECT k FROM sbtest6 WHERE k BETWEEN 4339728 AND 4339828
	Index Only Scan using k_6 on sbtest6  (cost=0.43..6.45 rows=101 width=4)
	  Index Cond: ((k >= 4339728) AND (k <= 4339828))

table 7 : explain SELECT k FROM sbtest7 WHERE k BETWEEN 4339728 AND 4339828
	Index Only Scan using k_7 on sbtest7  (cost=0.43..10.42 rows=99 width=4)
	  Index Cond: ((k >= 4339728) AND (k <= 4339828))

table 8 : explain SELECT k FROM sbtest8 WHERE k BETWEEN 4339728 AND 4339828
	Index Only Scan using k_8 on sbtest8  (cost=0.43..6.58 rows=107 width=4)
	  Index Cond: ((k >= 4339728) AND (k <= 4339828))

for range-covered
table 1 : explain SELECT k FROM sbtest1 WHERE k BETWEEN 1576830 AND 1576930
	Index Only Scan using k_1 on sbtest1  (cost=0.43..6.51 rows=104 width=4)
	  Index Cond: ((k >= 1576830) AND (k <= 1576930))

table 2 : explain SELECT k FROM sbtest2 WHERE k BETWEEN 1576830 AND 1576930
	Index Only Scan using k_2 on sbtest2  (cost=0.43..6.51 rows=104 width=4)
	  Index Cond: ((k >= 1576830) AND (k <= 1576930))

table 3 : explain SELECT k FROM sbtest3 WHERE k BETWEEN 1576830 AND 1576930
	Index Only Scan using k_3 on sbtest3  (cost=0.43..6.42 rows=99 width=4)
	  Index Cond: ((k >= 1576830) AND (k <= 1576930))

table 4 : explain SELECT k FROM sbtest4 WHERE k BETWEEN 1576830 AND 1576930
	Index Only Scan using k_4 on sbtest4  (cost=0.43..6.37 rows=97 width=4)
	  Index Cond: ((k >= 1576830) AND (k <= 1576930))

table 5 : explain SELECT k FROM sbtest5 WHERE k BETWEEN 1576830 AND 1576930
	Index Only Scan using k_5 on sbtest5  (cost=0.43..6.61 rows=109 width=4)
	  Index Cond: ((k >= 1576830) AND (k <= 1576930))

table 6 : explain SELECT k FROM sbtest6 WHERE k BETWEEN 1576830 AND 1576930
	Index Only Scan using k_6 on sbtest6  (cost=0.43..6.37 rows=97 width=4)
	  Index Cond: ((k >= 1576830) AND (k <= 1576930))

table 7 : explain SELECT k FROM sbtest7 WHERE k BETWEEN 1576830 AND 1576930
	Index Only Scan using k_7 on sbtest7  (cost=0.43..10.36 rows=96 width=4)
	  Index Cond: ((k >= 1576830) AND (k <= 1576930))

table 8 : explain SELECT k FROM sbtest8 WHERE k BETWEEN 1576830 AND 1576930
	Index Only Scan using k_8 on sbtest8  (cost=0.43..6.43 rows=100 width=4)
	  Index Cond: ((k >= 1576830) AND (k <= 1576930))

explain: for range-covered :: explain SELECT k FROM sbtest%d WHERE k BETWEEN 1576830 AND 1576930
for range-covered
table 1 : explain SELECT k FROM sbtest1 WHERE k BETWEEN 4676802 AND 4676902
	Index Only Scan using k_1 on sbtest1  (cost=0.43..6.40 rows=98 width=4)
	  Index Cond: ((k >= 4676802) AND (k <= 4676902))

table 2 : explain SELECT k FROM sbtest2 WHERE k BETWEEN 4676802 AND 4676902
	Index Only Scan using k_2 on sbtest2  (cost=0.43..6.53 rows=105 width=4)
	  Index Cond: ((k >= 4676802) AND (k <= 4676902))

table 3 : explain SELECT k FROM sbtest3 WHERE k BETWEEN 4676802 AND 4676902
	Index Only Scan using k_3 on sbtest3  (cost=0.43..6.51 rows=104 width=4)
	  Index Cond: ((k >= 4676802) AND (k <= 4676902))

table 4 : explain SELECT k FROM sbtest4 WHERE k BETWEEN 4676802 AND 4676902
	Index Only Scan using k_4 on sbtest4  (cost=0.43..6.47 rows=102 width=4)
	  Index Cond: ((k >= 4676802) AND (k <= 4676902))

table 5 : explain SELECT k FROM sbtest5 WHERE k BETWEEN 4676802 AND 4676902
	Index Only Scan using k_5 on sbtest5  (cost=0.43..6.43 rows=100 width=4)
	  Index Cond: ((k >= 4676802) AND (k <= 4676902))

table 6 : explain SELECT k FROM sbtest6 WHERE k BETWEEN 4676802 AND 4676902
	Index Only Scan using k_6 on sbtest6  (cost=0.43..6.61 rows=109 width=4)
	  Index Cond: ((k >= 4676802) AND (k <= 4676902))

table 7 : explain SELECT k FROM sbtest7 WHERE k BETWEEN 4676802 AND 4676902
	Index Only Scan using k_7 on sbtest7  (cost=0.43..10.47 rows=102 width=4)
	  Index Cond: ((k >= 4676802) AND (k <= 4676902))

table 8 : explain SELECT k FROM sbtest8 WHERE k BETWEEN 4676802 AND 4676902
	Index Only Scan using k_8 on sbtest8  (cost=0.43..6.56 rows=106 width=4)
	  Index Cond: ((k >= 4676802) AND (k <= 4676902))

explain: for range-covered :: explain SELECT k FROM sbtest%d WHERE k BETWEEN 4676802 AND 4676902
for range-covered
table 1 : explain SELECT k FROM sbtest1 WHERE k BETWEEN 4396652 AND 4396752
	Index Only Scan using k_1 on sbtest1  (cost=0.43..6.58 rows=107 width=4)
	  Index Cond: ((k >= 4396652) AND (k <= 4396752))

table 2 : explain SELECT k FROM sbtest2 WHERE k BETWEEN 4396652 AND 4396752
	Index Only Scan using k_2 on sbtest2  (cost=0.43..6.43 rows=100 width=4)
	  Index Cond: ((k >= 4396652) AND (k <= 4396752))

table 3 : explain SELECT k FROM sbtest3 WHERE k BETWEEN 4396652 AND 4396752
	Index Only Scan using k_3 on sbtest3  (cost=0.43..6.53 rows=105 width=4)
	  Index Cond: ((k >= 4396652) AND (k <= 4396752))

table 4 : explain SELECT k FROM sbtest4 WHERE k BETWEEN 4396652 AND 4396752
	Index Only Scan using k_4 on sbtest4  (cost=0.43..6.74 rows=115 width=4)
	  Index Cond: ((k >= 4396652) AND (k <= 4396752))

table 5 : explain SELECT k FROM sbtest5 WHERE k BETWEEN 4396652 AND 4396752
	Index Only Scan using k_5 on sbtest5  (cost=0.43..6.37 rows=97 width=4)
	  Index Cond: ((k >= 4396652) AND (k <= 4396752))

table 6 : explain SELECT k FROM sbtest6 WHERE k BETWEEN 4396652 AND 4396752
	Index Only Scan using k_6 on sbtest6  (cost=0.43..6.45 rows=101 width=4)
	  Index Cond: ((k >= 4396652) AND (k <= 4396752))

table 7 : explain SELECT k FROM sbtest7 WHERE k BETWEEN 4396652 AND 4396752
	Index Only Scan using k_7 on sbtest7  (cost=0.43..10.51 rows=104 width=4)
	  Index Cond: ((k >= 4396652) AND (k <= 4396752))

table 8 : explain SELECT k FROM sbtest8 WHERE k BETWEEN 4396652 AND 4396752
	Index Only Scan using k_8 on sbtest8  (cost=0.43..6.47 rows=102 width=4)
	  Index Cond: ((k >= 4396652) AND (k <= 4396752))

explain: for range-covered :: explain SELECT k FROM sbtest%d WHERE k BETWEEN 4396652 AND 4396752
for range-covered
table 1 : explain SELECT k FROM sbtest1 WHERE k BETWEEN 6631783 AND 6631883
	Index Only Scan using k_1 on sbtest1  (cost=0.43..6.67 rows=112 width=4)
	  Index Cond: ((k >= 6631783) AND (k <= 6631883))

table 2 : explain SELECT k FROM sbtest2 WHERE k BETWEEN 6631783 AND 6631883
	Index Only Scan using k_2 on sbtest2  (cost=0.43..6.42 rows=99 width=4)
	  Index Cond: ((k >= 6631783) AND (k <= 6631883))

table 3 : explain SELECT k FROM sbtest3 WHERE k BETWEEN 6631783 AND 6631883
	Index Only Scan using k_3 on sbtest3  (cost=0.43..6.47 rows=102 width=4)
	  Index Cond: ((k >= 6631783) AND (k <= 6631883))

table 4 : explain SELECT k FROM sbtest4 WHERE k BETWEEN 6631783 AND 6631883
	Index Only Scan using k_4 on sbtest4  (cost=0.43..6.40 rows=98 width=4)
	  Index Cond: ((k >= 6631783) AND (k <= 6631883))

table 5 : explain SELECT k FROM sbtest5 WHERE k BETWEEN 6631783 AND 6631883
	Index Only Scan using k_5 on sbtest5  (cost=0.43..6.37 rows=97 width=4)
	  Index Cond: ((k >= 6631783) AND (k <= 6631883))

table 6 : explain SELECT k FROM sbtest6 WHERE k BETWEEN 6631783 AND 6631883
	Index Only Scan using k_6 on sbtest6  (cost=0.43..6.56 rows=106 width=4)
	  Index Cond: ((k >= 6631783) AND (k <= 6631883))

table 7 : explain SELECT k FROM sbtest7 WHERE k BETWEEN 6631783 AND 6631883
	Index Only Scan using k_7 on sbtest7  (cost=0.43..10.46 rows=101 width=4)
	  Index Cond: ((k >= 6631783) AND (k <= 6631883))

table 8 : explain SELECT k FROM sbtest8 WHERE k BETWEEN 6631783 AND 6631883
	Index Only Scan using k_8 on sbtest8  (cost=0.43..6.43 rows=100 width=4)
	  Index Cond: ((k >= 6631783) AND (k <= 6631883))

for range-covered
table 1 : explain SELECT k FROM sbtest1 WHERE k BETWEEN 7545881 AND 7545981
	Index Only Scan using k_1 on sbtest1  (cost=0.43..6.47 rows=102 width=4)
	  Index Cond: ((k >= 7545881) AND (k <= 7545981))

table 2 : explain SELECT k FROM sbtest2 WHERE k BETWEEN 7545881 AND 7545981
	Index Only Scan using k_2 on sbtest2  (cost=0.43..6.51 rows=104 width=4)
	  Index Cond: ((k >= 7545881) AND (k <= 7545981))

table 3 : explain SELECT k FROM sbtest3 WHERE k BETWEEN 7545881 AND 7545981
	Index Only Scan using k_3 on sbtest3  (cost=0.43..6.51 rows=104 width=4)
	  Index Cond: ((k >= 7545881) AND (k <= 7545981))

table 4 : explain SELECT k FROM sbtest4 WHERE k BETWEEN 7545881 AND 7545981
	Index Only Scan using k_4 on sbtest4  (cost=0.43..6.66 rows=111 width=4)
	  Index Cond: ((k >= 7545881) AND (k <= 7545981))

table 5 : explain SELECT k FROM sbtest5 WHERE k BETWEEN 7545881 AND 7545981
	Index Only Scan using k_5 on sbtest5  (cost=0.43..6.42 rows=99 width=4)
	  Index Cond: ((k >= 7545881) AND (k <= 7545981))

table 6 : explain SELECT k FROM sbtest6 WHERE k BETWEEN 7545881 AND 7545981
	Index Only Scan using k_6 on sbtest6  (cost=0.43..6.58 rows=107 width=4)
	  Index Cond: ((k >= 7545881) AND (k <= 7545981))

table 7 : explain SELECT k FROM sbtest7 WHERE k BETWEEN 7545881 AND 7545981
	Index Only Scan using k_7 on sbtest7  (cost=0.43..10.36 rows=96 width=4)
	  Index Cond: ((k >= 7545881) AND (k <= 7545981))

table 8 : explain SELECT k FROM sbtest8 WHERE k BETWEEN 7545881 AND 7545981
	Index Only Scan using k_8 on sbtest8  (cost=0.43..6.77 rows=117 width=4)
	  Index Cond: ((k >= 7545881) AND (k <= 7545981))

explain: for range-covered :: explain SELECT k FROM sbtest%d WHERE k BETWEEN 6631783 AND 6631883
for range-covered
table 1 : explain SELECT k FROM sbtest1 WHERE k BETWEEN 7349846 AND 7349946
	Index Only Scan using k_1 on sbtest1  (cost=0.43..6.58 rows=107 width=4)
	  Index Cond: ((k >= 7349846) AND (k <= 7349946))

table 2 : explain SELECT k FROM sbtest2 WHERE k BETWEEN 7349846 AND 7349946
	Index Only Scan using k_2 on sbtest2  (cost=0.43..6.37 rows=97 width=4)
	  Index Cond: ((k >= 7349846) AND (k <= 7349946))

table 3 : explain SELECT k FROM sbtest3 WHERE k BETWEEN 7349846 AND 7349946
	Index Only Scan using k_3 on sbtest3  (cost=0.43..6.35 rows=96 width=4)
	  Index Cond: ((k >= 7349846) AND (k <= 7349946))

table 4 : explain SELECT k FROM sbtest4 WHERE k BETWEEN 7349846 AND 7349946
	Index Only Scan using k_4 on sbtest4  (cost=0.43..6.40 rows=98 width=4)
	  Index Cond: ((k >= 7349846) AND (k <= 7349946))

table 5 : explain SELECT k FROM sbtest5 WHERE k BETWEEN 7349846 AND 7349946
	Index Only Scan using k_5 on sbtest5  (cost=0.43..6.32 rows=94 width=4)
	  Index Cond: ((k >= 7349846) AND (k <= 7349946))

table 6 : explain SELECT k FROM sbtest6 WHERE k BETWEEN 7349846 AND 7349946
	Index Only Scan using k_6 on sbtest6  (cost=0.43..6.69 rows=113 width=4)
	  Index Cond: ((k >= 7349846) AND (k <= 7349946))

table 7 : explain SELECT k FROM sbtest7 WHERE k BETWEEN 7349846 AND 7349946
	Index Only Scan using k_7 on sbtest7  (cost=0.43..10.58 rows=107 width=4)
	  Index Cond: ((k >= 7349846) AND (k <= 7349946))

table 8 : explain SELECT k FROM sbtest8 WHERE k BETWEEN 7349846 AND 7349946
	Index Only Scan using k_8 on sbtest8  (cost=0.43..6.37 rows=97 width=4)
	  Index Cond: ((k >= 7349846) AND (k <= 7349946))

explain: for range-covered :: explain SELECT k FROM sbtest%d WHERE k BETWEEN 7349846 AND 7349946
for range-covered
table 1 : explain SELECT k FROM sbtest1 WHERE k BETWEEN 1576830 AND 1576930
	Index Only Scan using k_1 on sbtest1  (cost=0.43..6.51 rows=104 width=4)
	  Index Cond: ((k >= 1576830) AND (k <= 1576930))

table 2 : explain SELECT k FROM sbtest2 WHERE k BETWEEN 1576830 AND 1576930
	Index Only Scan using k_2 on sbtest2  (cost=0.43..6.51 rows=104 width=4)
	  Index Cond: ((k >= 1576830) AND (k <= 1576930))

table 3 : explain SELECT k FROM sbtest3 WHERE k BETWEEN 1576830 AND 1576930
	Index Only Scan using k_3 on sbtest3  (cost=0.43..6.42 rows=99 width=4)
	  Index Cond: ((k >= 1576830) AND (k <= 1576930))

table 4 : explain SELECT k FROM sbtest4 WHERE k BETWEEN 1576830 AND 1576930
	Index Only Scan using k_4 on sbtest4  (cost=0.43..6.37 rows=97 width=4)
	  Index Cond: ((k >= 1576830) AND (k <= 1576930))

table 5 : explain SELECT k FROM sbtest5 WHERE k BETWEEN 1576830 AND 1576930
	Index Only Scan using k_5 on sbtest5  (cost=0.43..6.61 rows=109 width=4)
	  Index Cond: ((k >= 1576830) AND (k <= 1576930))

table 6 : explain SELECT k FROM sbtest6 WHERE k BETWEEN 1576830 AND 1576930
	Index Only Scan using k_6 on sbtest6  (cost=0.43..6.37 rows=97 width=4)
	  Index Cond: ((k >= 1576830) AND (k <= 1576930))

table 7 : explain SELECT k FROM sbtest7 WHERE k BETWEEN 1576830 AND 1576930
	Index Only Scan using k_7 on sbtest7  (cost=0.43..10.36 rows=96 width=4)
	  Index Cond: ((k >= 1576830) AND (k <= 1576930))

table 8 : explain SELECT k FROM sbtest8 WHERE k BETWEEN 1576830 AND 1576930
	Index Only Scan using k_8 on sbtest8  (cost=0.43..6.43 rows=100 width=4)
	  Index Cond: ((k >= 1576830) AND (k <= 1576930))

explain: for range-covered :: explain SELECT k FROM sbtest%d WHERE k BETWEEN 7545881 AND 7545981
explain: for range-covered :: explain SELECT k FROM sbtest%d WHERE k BETWEEN 1576830 AND 1576930
for range-covered
table 1 : explain SELECT k FROM sbtest1 WHERE k BETWEEN 4676802 AND 4676902
	Index Only Scan using k_1 on sbtest1  (cost=0.43..6.40 rows=98 width=4)
	  Index Cond: ((k >= 4676802) AND (k <= 4676902))

table 2 : explain SELECT k FROM sbtest2 WHERE k BETWEEN 4676802 AND 4676902
	Index Only Scan using k_2 on sbtest2  (cost=0.43..6.53 rows=105 width=4)
	  Index Cond: ((k >= 4676802) AND (k <= 4676902))

table 3 : explain SELECT k FROM sbtest3 WHERE k BETWEEN 4676802 AND 4676902
	Index Only Scan using k_3 on sbtest3  (cost=0.43..6.51 rows=104 width=4)
	  Index Cond: ((k >= 4676802) AND (k <= 4676902))

table 4 : explain SELECT k FROM sbtest4 WHERE k BETWEEN 4676802 AND 4676902
	Index Only Scan using k_4 on sbtest4  (cost=0.43..6.47 rows=102 width=4)
	  Index Cond: ((k >= 4676802) AND (k <= 4676902))

table 5 : explain SELECT k FROM sbtest5 WHERE k BETWEEN 4676802 AND 4676902
	Index Only Scan using k_5 on sbtest5  (cost=0.43..6.43 rows=100 width=4)
	  Index Cond: ((k >= 4676802) AND (k <= 4676902))

table 6 : explain SELECT k FROM sbtest6 WHERE k BETWEEN 4676802 AND 4676902
	Index Only Scan using k_6 on sbtest6  (cost=0.43..6.61 rows=109 width=4)
	  Index Cond: ((k >= 4676802) AND (k <= 4676902))

table 7 : explain SELECT k FROM sbtest7 WHERE k BETWEEN 4676802 AND 4676902
	Index Only Scan using k_7 on sbtest7  (cost=0.43..10.47 rows=102 width=4)
	  Index Cond: ((k >= 4676802) AND (k <= 4676902))

table 8 : explain SELECT k FROM sbtest8 WHERE k BETWEEN 4676802 AND 4676902
	Index Only Scan using k_8 on sbtest8  (cost=0.43..6.56 rows=106 width=4)
	  Index Cond: ((k >= 4676802) AND (k <= 4676902))

explain: for range-covered :: explain SELECT k FROM sbtest%d WHERE k BETWEEN 4676802 AND 4676902
for range-covered
table 1 : explain SELECT k FROM sbtest1 WHERE k BETWEEN 4396652 AND 4396752
	Index Only Scan using k_1 on sbtest1  (cost=0.43..6.58 rows=107 width=4)
	  Index Cond: ((k >= 4396652) AND (k <= 4396752))

table 2 : explain SELECT k FROM sbtest2 WHERE k BETWEEN 4396652 AND 4396752
	Index Only Scan using k_2 on sbtest2  (cost=0.43..6.43 rows=100 width=4)
	  Index Cond: ((k >= 4396652) AND (k <= 4396752))

table 3 : explain SELECT k FROM sbtest3 WHERE k BETWEEN 4396652 AND 4396752
	Index Only Scan using k_3 on sbtest3  (cost=0.43..6.53 rows=105 width=4)
	  Index Cond: ((k >= 4396652) AND (k <= 4396752))

table 4 : explain SELECT k FROM sbtest4 WHERE k BETWEEN 4396652 AND 4396752
	Index Only Scan using k_4 on sbtest4  (cost=0.43..6.74 rows=115 width=4)
	  Index Cond: ((k >= 4396652) AND (k <= 4396752))

table 5 : explain SELECT k FROM sbtest5 WHERE k BETWEEN 4396652 AND 4396752
	Index Only Scan using k_5 on sbtest5  (cost=0.43..6.37 rows=97 width=4)
	  Index Cond: ((k >= 4396652) AND (k <= 4396752))

table 6 : explain SELECT k FROM sbtest6 WHERE k BETWEEN 4396652 AND 4396752
	Index Only Scan using k_6 on sbtest6  (cost=0.43..6.45 rows=101 width=4)
	  Index Cond: ((k >= 4396652) AND (k <= 4396752))

table 7 : explain SELECT k FROM sbtest7 WHERE k BETWEEN 4396652 AND 4396752
	Index Only Scan using k_7 on sbtest7  (cost=0.43..10.51 rows=104 width=4)
	  Index Cond: ((k >= 4396652) AND (k <= 4396752))

table 8 : explain SELECT k FROM sbtest8 WHERE k BETWEEN 4396652 AND 4396752
	Index Only Scan using k_8 on sbtest8  (cost=0.43..6.47 rows=102 width=4)
	  Index Cond: ((k >= 4396652) AND (k <= 4396752))

explain: for range-covered :: explain SELECT k FROM sbtest%d WHERE k BETWEEN 4396652 AND 4396752
for range-covered
table 1 : explain SELECT k FROM sbtest1 WHERE k BETWEEN 6631783 AND 6631883
	Index Only Scan using k_1 on sbtest1  (cost=0.43..6.67 rows=112 width=4)
	  Index Cond: ((k >= 6631783) AND (k <= 6631883))

table 2 : explain SELECT k FROM sbtest2 WHERE k BETWEEN 6631783 AND 6631883
	Index Only Scan using k_2 on sbtest2  (cost=0.43..6.42 rows=99 width=4)
	  Index Cond: ((k >= 6631783) AND (k <= 6631883))

table 3 : explain SELECT k FROM sbtest3 WHERE k BETWEEN 6631783 AND 6631883
	Index Only Scan using k_3 on sbtest3  (cost=0.43..6.47 rows=102 width=4)
	  Index Cond: ((k >= 6631783) AND (k <= 6631883))

table 4 : explain SELECT k FROM sbtest4 WHERE k BETWEEN 6631783 AND 6631883
	Index Only Scan using k_4 on sbtest4  (cost=0.43..6.40 rows=98 width=4)
	  Index Cond: ((k >= 6631783) AND (k <= 6631883))

table 5 : explain SELECT k FROM sbtest5 WHERE k BETWEEN 6631783 AND 6631883
	Index Only Scan using k_5 on sbtest5  (cost=0.43..6.37 rows=97 width=4)
	  Index Cond: ((k >= 6631783) AND (k <= 6631883))

table 6 : explain SELECT k FROM sbtest6 WHERE k BETWEEN 6631783 AND 6631883
	Index Only Scan using k_6 on sbtest6  (cost=0.43..6.56 rows=106 width=4)
	  Index Cond: ((k >= 6631783) AND (k <= 6631883))

table 7 : explain SELECT k FROM sbtest7 WHERE k BETWEEN 6631783 AND 6631883
	Index Only Scan using k_7 on sbtest7  (cost=0.43..10.46 rows=101 width=4)
	  Index Cond: ((k >= 6631783) AND (k <= 6631883))

table 8 : explain SELECT k FROM sbtest8 WHERE k BETWEEN 6631783 AND 6631883
	Index Only Scan using k_8 on sbtest8  (cost=0.43..6.43 rows=100 width=4)
	  Index Cond: ((k >= 6631783) AND (k <= 6631883))

explain: for range-covered :: explain SELECT k FROM sbtest%d WHERE k BETWEEN 7761278 AND 7761378
for range-covered
table 1 : explain SELECT k FROM sbtest1 WHERE k BETWEEN 7349846 AND 7349946
	Index Only Scan using k_1 on sbtest1  (cost=0.43..6.58 rows=107 width=4)
	  Index Cond: ((k >= 7349846) AND (k <= 7349946))

table 2 : explain SELECT k FROM sbtest2 WHERE k BETWEEN 7349846 AND 7349946
	Index Only Scan using k_2 on sbtest2  (cost=0.43..6.37 rows=97 width=4)
	  Index Cond: ((k >= 7349846) AND (k <= 7349946))

table 3 : explain SELECT k FROM sbtest3 WHERE k BETWEEN 7349846 AND 7349946
	Index Only Scan using k_3 on sbtest3  (cost=0.43..6.35 rows=96 width=4)
	  Index Cond: ((k >= 7349846) AND (k <= 7349946))

table 4 : explain SELECT k FROM sbtest4 WHERE k BETWEEN 7349846 AND 7349946
	Index Only Scan using k_4 on sbtest4  (cost=0.43..6.40 rows=98 width=4)
	  Index Cond: ((k >= 7349846) AND (k <= 7349946))

table 5 : explain SELECT k FROM sbtest5 WHERE k BETWEEN 7349846 AND 7349946
	Index Only Scan using k_5 on sbtest5  (cost=0.43..6.32 rows=94 width=4)
	  Index Cond: ((k >= 7349846) AND (k <= 7349946))

table 6 : explain SELECT k FROM sbtest6 WHERE k BETWEEN 7349846 AND 7349946
	Index Only Scan using k_6 on sbtest6  (cost=0.43..6.69 rows=113 width=4)
	  Index Cond: ((k >= 7349846) AND (k <= 7349946))

table 7 : explain SELECT k FROM sbtest7 WHERE k BETWEEN 7349846 AND 7349946
	Index Only Scan using k_7 on sbtest7  (cost=0.43..10.58 rows=107 width=4)
	  Index Cond: ((k >= 7349846) AND (k <= 7349946))

table 8 : explain SELECT k FROM sbtest8 WHERE k BETWEEN 7349846 AND 7349946
	Index Only Scan using k_8 on sbtest8  (cost=0.43..6.37 rows=97 width=4)
	  Index Cond: ((k >= 7349846) AND (k <= 7349946))

explain: for range-covered :: explain SELECT k FROM sbtest%d WHERE k BETWEEN 7349846 AND 7349946
for range-covered
table 1 : explain SELECT k FROM sbtest1 WHERE k BETWEEN 1576830 AND 1576930
	Index Only Scan using k_1 on sbtest1  (cost=0.43..6.51 rows=104 width=4)
	  Index Cond: ((k >= 1576830) AND (k <= 1576930))

table 2 : explain SELECT k FROM sbtest2 WHERE k BETWEEN 1576830 AND 1576930
	Index Only Scan using k_2 on sbtest2  (cost=0.43..6.51 rows=104 width=4)
	  Index Cond: ((k >= 1576830) AND (k <= 1576930))

table 3 : explain SELECT k FROM sbtest3 WHERE k BETWEEN 1576830 AND 1576930
	Index Only Scan using k_3 on sbtest3  (cost=0.43..6.42 rows=99 width=4)
	  Index Cond: ((k >= 1576830) AND (k <= 1576930))

table 4 : explain SELECT k FROM sbtest4 WHERE k BETWEEN 1576830 AND 1576930
	Index Only Scan using k_4 on sbtest4  (cost=0.43..6.37 rows=97 width=4)
	  Index Cond: ((k >= 1576830) AND (k <= 1576930))

table 5 : explain SELECT k FROM sbtest5 WHERE k BETWEEN 1576830 AND 1576930
	Index Only Scan using k_5 on sbtest5  (cost=0.43..6.61 rows=109 width=4)
	  Index Cond: ((k >= 1576830) AND (k <= 1576930))

table 6 : explain SELECT k FROM sbtest6 WHERE k BETWEEN 1576830 AND 1576930
	Index Only Scan using k_6 on sbtest6  (cost=0.43..6.37 rows=97 width=4)
	  Index Cond: ((k >= 1576830) AND (k <= 1576930))

table 7 : explain SELECT k FROM sbtest7 WHERE k BETWEEN 1576830 AND 1576930
	Index Only Scan using k_7 on sbtest7  (cost=0.43..10.36 rows=96 width=4)
	  Index Cond: ((k >= 1576830) AND (k <= 1576930))

table 8 : explain SELECT k FROM sbtest8 WHERE k BETWEEN 1576830 AND 1576930
	Index Only Scan using k_8 on sbtest8  (cost=0.43..6.43 rows=100 width=4)
	  Index Cond: ((k >= 1576830) AND (k <= 1576930))

explain: for range-covered :: explain SELECT k FROM sbtest%d WHERE k BETWEEN 1576830 AND 1576930
explain: for range-covered :: explain SELECT k FROM sbtest%d WHERE k BETWEEN 5861563 AND 5861663
for range-covered
table 1 : explain SELECT k FROM sbtest1 WHERE k BETWEEN 4676802 AND 4676902
	Index Only Scan using k_1 on sbtest1  (cost=0.43..6.40 rows=98 width=4)
	  Index Cond: ((k >= 4676802) AND (k <= 4676902))

table 2 : explain SELECT k FROM sbtest2 WHERE k BETWEEN 4676802 AND 4676902
	Index Only Scan using k_2 on sbtest2  (cost=0.43..6.53 rows=105 width=4)
	  Index Cond: ((k >= 4676802) AND (k <= 4676902))

table 3 : explain SELECT k FROM sbtest3 WHERE k BETWEEN 4676802 AND 4676902
	Index Only Scan using k_3 on sbtest3  (cost=0.43..6.51 rows=104 width=4)
	  Index Cond: ((k >= 4676802) AND (k <= 4676902))

table 4 : explain SELECT k FROM sbtest4 WHERE k BETWEEN 4676802 AND 4676902
	Index Only Scan using k_4 on sbtest4  (cost=0.43..6.47 rows=102 width=4)
	  Index Cond: ((k >= 4676802) AND (k <= 4676902))

table 5 : explain SELECT k FROM sbtest5 WHERE k BETWEEN 4676802 AND 4676902
	Index Only Scan using k_5 on sbtest5  (cost=0.43..6.43 rows=100 width=4)
	  Index Cond: ((k >= 4676802) AND (k <= 4676902))

table 6 : explain SELECT k FROM sbtest6 WHERE k BETWEEN 4676802 AND 4676902
	Index Only Scan using k_6 on sbtest6  (cost=0.43..6.61 rows=109 width=4)
	  Index Cond: ((k >= 4676802) AND (k <= 4676902))

table 7 : explain SELECT k FROM sbtest7 WHERE k BETWEEN 4676802 AND 4676902
	Index Only Scan using k_7 on sbtest7  (cost=0.43..10.47 rows=102 width=4)
	  Index Cond: ((k >= 4676802) AND (k <= 4676902))

table 8 : explain SELECT k FROM sbtest8 WHERE k BETWEEN 4676802 AND 4676902
	Index Only Scan using k_8 on sbtest8  (cost=0.43..6.56 rows=106 width=4)
	  Index Cond: ((k >= 4676802) AND (k <= 4676902))

explain: for range-covered :: explain SELECT k FROM sbtest%d WHERE k BETWEEN 4676802 AND 4676902
for range-covered
table 1 : explain SELECT k FROM sbtest1 WHERE k BETWEEN 4396652 AND 4396752
	Index Only Scan using k_1 on sbtest1  (cost=0.43..6.58 rows=107 width=4)
	  Index Cond: ((k >= 4396652) AND (k <= 4396752))

table 2 : explain SELECT k FROM sbtest2 WHERE k BETWEEN 4396652 AND 4396752
	Index Only Scan using k_2 on sbtest2  (cost=0.43..6.43 rows=100 width=4)
	  Index Cond: ((k >= 4396652) AND (k <= 4396752))

table 3 : explain SELECT k FROM sbtest3 WHERE k BETWEEN 4396652 AND 4396752
	Index Only Scan using k_3 on sbtest3  (cost=0.43..6.53 rows=105 width=4)
	  Index Cond: ((k >= 4396652) AND (k <= 4396752))

table 4 : explain SELECT k FROM sbtest4 WHERE k BETWEEN 4396652 AND 4396752
	Index Only Scan using k_4 on sbtest4  (cost=0.43..6.74 rows=115 width=4)
	  Index Cond: ((k >= 4396652) AND (k <= 4396752))

table 5 : explain SELECT k FROM sbtest5 WHERE k BETWEEN 4396652 AND 4396752
	Index Only Scan using k_5 on sbtest5  (cost=0.43..6.37 rows=97 width=4)
	  Index Cond: ((k >= 4396652) AND (k <= 4396752))

table 6 : explain SELECT k FROM sbtest6 WHERE k BETWEEN 4396652 AND 4396752
	Index Only Scan using k_6 on sbtest6  (cost=0.43..6.45 rows=101 width=4)
	  Index Cond: ((k >= 4396652) AND (k <= 4396752))

table 7 : explain SELECT k FROM sbtest7 WHERE k BETWEEN 4396652 AND 4396752
	Index Only Scan using k_7 on sbtest7  (cost=0.43..10.51 rows=104 width=4)
	  Index Cond: ((k >= 4396652) AND (k <= 4396752))

table 8 : explain SELECT k FROM sbtest8 WHERE k BETWEEN 4396652 AND 4396752
	Index Only Scan using k_8 on sbtest8  (cost=0.43..6.47 rows=102 width=4)
	  Index Cond: ((k >= 4396652) AND (k <= 4396752))

explain: for range-covered :: explain SELECT k FROM sbtest%d WHERE k BETWEEN 4396652 AND 4396752
for range-covered
table 1 : explain SELECT k FROM sbtest1 WHERE k BETWEEN 8331284 AND 8331384
	Index Only Scan using k_1 on sbtest1  (cost=0.43..6.37 rows=97 width=4)
	  Index Cond: ((k >= 8331284) AND (k <= 8331384))

table 2 : explain SELECT k FROM sbtest2 WHERE k BETWEEN 8331284 AND 8331384
	Index Only Scan using k_2 on sbtest2  (cost=0.43..6.40 rows=98 width=4)
	  Index Cond: ((k >= 8331284) AND (k <= 8331384))

table 3 : explain SELECT k FROM sbtest3 WHERE k BETWEEN 8331284 AND 8331384
	Index Only Scan using k_3 on sbtest3  (cost=0.43..6.47 rows=102 width=4)
	  Index Cond: ((k >= 8331284) AND (k <= 8331384))

table 4 : explain SELECT k FROM sbtest4 WHERE k BETWEEN 8331284 AND 8331384
	Index Only Scan using k_4 on sbtest4  (cost=0.43..6.45 rows=101 width=4)
	  Index Cond: ((k >= 8331284) AND (k <= 8331384))

table 5 : explain SELECT k FROM sbtest5 WHERE k BETWEEN 8331284 AND 8331384
	Index Only Scan using k_5 on sbtest5  (cost=0.43..6.58 rows=107 width=4)
	  Index Cond: ((k >= 8331284) AND (k <= 8331384))

table 6 : explain SELECT k FROM sbtest6 WHERE k BETWEEN 8331284 AND 8331384
	Index Only Scan using k_6 on sbtest6  (cost=0.43..6.66 rows=111 width=4)
	  Index Cond: ((k >= 8331284) AND (k <= 8331384))

table 7 : explain SELECT k FROM sbtest7 WHERE k BETWEEN 8331284 AND 8331384
	Index Only Scan using k_7 on sbtest7  (cost=0.43..10.72 rows=114 width=4)
	  Index Cond: ((k >= 8331284) AND (k <= 8331384))

table 8 : explain SELECT k FROM sbtest8 WHERE k BETWEEN 8331284 AND 8331384
	Index Only Scan using k_8 on sbtest8  (cost=0.43..6.45 rows=101 width=4)
	  Index Cond: ((k >= 8331284) AND (k <= 8331384))

explain: for range-covered :: explain SELECT k FROM sbtest%d WHERE k BETWEEN 8331284 AND 8331384
for range-covered
table 1 : explain SELECT k FROM sbtest1 WHERE k BETWEEN 7349846 AND 7349946
	Index Only Scan using k_1 on sbtest1  (cost=0.43..6.58 rows=107 width=4)
	  Index Cond: ((k >= 7349846) AND (k <= 7349946))

table 2 : explain SELECT k FROM sbtest2 WHERE k BETWEEN 7349846 AND 7349946
	Index Only Scan using k_2 on sbtest2  (cost=0.43..6.37 rows=97 width=4)
	  Index Cond: ((k >= 7349846) AND (k <= 7349946))

table 3 : explain SELECT k FROM sbtest3 WHERE k BETWEEN 7349846 AND 7349946
	Index Only Scan using k_3 on sbtest3  (cost=0.43..6.35 rows=96 width=4)
	  Index Cond: ((k >= 7349846) AND (k <= 7349946))

table 4 : explain SELECT k FROM sbtest4 WHERE k BETWEEN 7349846 AND 7349946
	Index Only Scan using k_4 on sbtest4  (cost=0.43..6.40 rows=98 width=4)
	  Index Cond: ((k >= 7349846) AND (k <= 7349946))

table 5 : explain SELECT k FROM sbtest5 WHERE k BETWEEN 7349846 AND 7349946
	Index Only Scan using k_5 on sbtest5  (cost=0.43..6.32 rows=94 width=4)
	  Index Cond: ((k >= 7349846) AND (k <= 7349946))

table 6 : explain SELECT k FROM sbtest6 WHERE k BETWEEN 7349846 AND 7349946
	Index Only Scan using k_6 on sbtest6  (cost=0.43..6.69 rows=113 width=4)
	  Index Cond: ((k >= 7349846) AND (k <= 7349946))

table 7 : explain SELECT k FROM sbtest7 WHERE k BETWEEN 7349846 AND 7349946
	Index Only Scan using k_7 on sbtest7  (cost=0.43..10.58 rows=107 width=4)
	  Index Cond: ((k >= 7349846) AND (k <= 7349946))

table 8 : explain SELECT k FROM sbtest8 WHERE k BETWEEN 7349846 AND 7349946
	Index Only Scan using k_8 on sbtest8  (cost=0.43..6.37 rows=97 width=4)
	  Index Cond: ((k >= 7349846) AND (k <= 7349946))

for range-covered
table 1 : explain SELECT k FROM sbtest1 WHERE k BETWEEN 1576830 AND 1576930
	Index Only Scan using k_1 on sbtest1  (cost=0.43..6.51 rows=104 width=4)
	  Index Cond: ((k >= 1576830) AND (k <= 1576930))

table 2 : explain SELECT k FROM sbtest2 WHERE k BETWEEN 1576830 AND 1576930
	Index Only Scan using k_2 on sbtest2  (cost=0.43..6.51 rows=104 width=4)
	  Index Cond: ((k >= 1576830) AND (k <= 1576930))

table 3 : explain SELECT k FROM sbtest3 WHERE k BETWEEN 1576830 AND 1576930
	Index Only Scan using k_3 on sbtest3  (cost=0.43..6.42 rows=99 width=4)
	  Index Cond: ((k >= 1576830) AND (k <= 1576930))

table 4 : explain SELECT k FROM sbtest4 WHERE k BETWEEN 1576830 AND 1576930
	Index Only Scan using k_4 on sbtest4  (cost=0.43..6.37 rows=97 width=4)
	  Index Cond: ((k >= 1576830) AND (k <= 1576930))

table 5 : explain SELECT k FROM sbtest5 WHERE k BETWEEN 1576830 AND 1576930
	Index Only Scan using k_5 on sbtest5  (cost=0.43..6.61 rows=109 width=4)
	  Index Cond: ((k >= 1576830) AND (k <= 1576930))

table 6 : explain SELECT k FROM sbtest6 WHERE k BETWEEN 1576830 AND 1576930
	Index Only Scan using k_6 on sbtest6  (cost=0.43..6.37 rows=97 width=4)
	  Index Cond: ((k >= 1576830) AND (k <= 1576930))

table 7 : explain SELECT k FROM sbtest7 WHERE k BETWEEN 1576830 AND 1576930
	Index Only Scan using k_7 on sbtest7  (cost=0.43..10.36 rows=96 width=4)
	  Index Cond: ((k >= 1576830) AND (k <= 1576930))

table 8 : explain SELECT k FROM sbtest8 WHERE k BETWEEN 1576830 AND 1576930
	Index Only Scan using k_8 on sbtest8  (cost=0.43..6.43 rows=100 width=4)
	  Index Cond: ((k >= 1576830) AND (k <= 1576930))

explain: for range-covered :: explain SELECT k FROM sbtest%d WHERE k BETWEEN 1576830 AND 1576930
for range-covered
table 1 : explain SELECT k FROM sbtest1 WHERE k BETWEEN 4676802 AND 4676902
	Index Only Scan using k_1 on sbtest1  (cost=0.43..6.40 rows=98 width=4)
	  Index Cond: ((k >= 4676802) AND (k <= 4676902))

table 2 : explain SELECT k FROM sbtest2 WHERE k BETWEEN 4676802 AND 4676902
	Index Only Scan using k_2 on sbtest2  (cost=0.43..6.53 rows=105 width=4)
	  Index Cond: ((k >= 4676802) AND (k <= 4676902))

table 3 : explain SELECT k FROM sbtest3 WHERE k BETWEEN 4676802 AND 4676902
	Index Only Scan using k_3 on sbtest3  (cost=0.43..6.51 rows=104 width=4)
	  Index Cond: ((k >= 4676802) AND (k <= 4676902))

table 4 : explain SELECT k FROM sbtest4 WHERE k BETWEEN 4676802 AND 4676902
	Index Only Scan using k_4 on sbtest4  (cost=0.43..6.47 rows=102 width=4)
	  Index Cond: ((k >= 4676802) AND (k <= 4676902))

table 5 : explain SELECT k FROM sbtest5 WHERE k BETWEEN 4676802 AND 4676902
	Index Only Scan using k_5 on sbtest5  (cost=0.43..6.43 rows=100 width=4)
	  Index Cond: ((k >= 4676802) AND (k <= 4676902))

table 6 : explain SELECT k FROM sbtest6 WHERE k BETWEEN 4676802 AND 4676902
	Index Only Scan using k_6 on sbtest6  (cost=0.43..6.61 rows=109 width=4)
	  Index Cond: ((k >= 4676802) AND (k <= 4676902))

table 7 : explain SELECT k FROM sbtest7 WHERE k BETWEEN 4676802 AND 4676902
	Index Only Scan using k_7 on sbtest7  (cost=0.43..10.47 rows=102 width=4)
	  Index Cond: ((k >= 4676802) AND (k <= 4676902))

table 8 : explain SELECT k FROM sbtest8 WHERE k BETWEEN 4676802 AND 4676902
	Index Only Scan using k_8 on sbtest8  (cost=0.43..6.56 rows=106 width=4)
	  Index Cond: ((k >= 4676802) AND (k <= 4676902))

explain: for range-covered :: explain SELECT k FROM sbtest%d WHERE k BETWEEN 4676802 AND 4676902
for range-covered
table 1 : explain SELECT k FROM sbtest1 WHERE k BETWEEN 4396652 AND 4396752
	Index Only Scan using k_1 on sbtest1  (cost=0.43..6.58 rows=107 width=4)
	  Index Cond: ((k >= 4396652) AND (k <= 4396752))

table 2 : explain SELECT k FROM sbtest2 WHERE k BETWEEN 4396652 AND 4396752
	Index Only Scan using k_2 on sbtest2  (cost=0.43..6.43 rows=100 width=4)
	  Index Cond: ((k >= 4396652) AND (k <= 4396752))

table 3 : explain SELECT k FROM sbtest3 WHERE k BETWEEN 4396652 AND 4396752
	Index Only Scan using k_3 on sbtest3  (cost=0.43..6.53 rows=105 width=4)
	  Index Cond: ((k >= 4396652) AND (k <= 4396752))

table 4 : explain SELECT k FROM sbtest4 WHERE k BETWEEN 4396652 AND 4396752
	Index Only Scan using k_4 on sbtest4  (cost=0.43..6.74 rows=115 width=4)
	  Index Cond: ((k >= 4396652) AND (k <= 4396752))

table 5 : explain SELECT k FROM sbtest5 WHERE k BETWEEN 4396652 AND 4396752
	Index Only Scan using k_5 on sbtest5  (cost=0.43..6.37 rows=97 width=4)
	  Index Cond: ((k >= 4396652) AND (k <= 4396752))

table 6 : explain SELECT k FROM sbtest6 WHERE k BETWEEN 4396652 AND 4396752
	Index Only Scan using k_6 on sbtest6  (cost=0.43..6.45 rows=101 width=4)
	  Index Cond: ((k >= 4396652) AND (k <= 4396752))

table 7 : explain SELECT k FROM sbtest7 WHERE k BETWEEN 4396652 AND 4396752
	Index Only Scan using k_7 on sbtest7  (cost=0.43..10.51 rows=104 width=4)
	  Index Cond: ((k >= 4396652) AND (k <= 4396752))

table 8 : explain SELECT k FROM sbtest8 WHERE k BETWEEN 4396652 AND 4396752
	Index Only Scan using k_8 on sbtest8  (cost=0.43..6.47 rows=102 width=4)
	  Index Cond: ((k >= 4396652) AND (k <= 4396752))

explain: for range-covered :: explain SELECT k FROM sbtest%d WHERE k BETWEEN 4396652 AND 4396752
for range-covered
table 1 : explain SELECT k FROM sbtest1 WHERE k BETWEEN 1576830 AND 1576930
	Index Only Scan using k_1 on sbtest1  (cost=0.43..6.51 rows=104 width=4)
	  Index Cond: ((k >= 1576830) AND (k <= 1576930))

table 2 : explain SELECT k FROM sbtest2 WHERE k BETWEEN 1576830 AND 1576930
	Index Only Scan using k_2 on sbtest2  (cost=0.43..6.51 rows=104 width=4)
	  Index Cond: ((k >= 1576830) AND (k <= 1576930))

table 3 : explain SELECT k FROM sbtest3 WHERE k BETWEEN 1576830 AND 1576930
	Index Only Scan using k_3 on sbtest3  (cost=0.43..6.42 rows=99 width=4)
	  Index Cond: ((k >= 1576830) AND (k <= 1576930))

table 4 : explain SELECT k FROM sbtest4 WHERE k BETWEEN 1576830 AND 1576930
	Index Only Scan using k_4 on sbtest4  (cost=0.43..6.37 rows=97 width=4)
	  Index Cond: ((k >= 1576830) AND (k <= 1576930))

table 5 : explain SELECT k FROM sbtest5 WHERE k BETWEEN 1576830 AND 1576930
	Index Only Scan using k_5 on sbtest5  (cost=0.43..6.61 rows=109 width=4)
	  Index Cond: ((k >= 1576830) AND (k <= 1576930))

table 6 : explain SELECT k FROM sbtest6 WHERE k BETWEEN 1576830 AND 1576930
	Index Only Scan using k_6 on sbtest6  (cost=0.43..6.37 rows=97 width=4)
	  Index Cond: ((k >= 1576830) AND (k <= 1576930))

table 7 : explain SELECT k FROM sbtest7 WHERE k BETWEEN 1576830 AND 1576930
	Index Only Scan using k_7 on sbtest7  (cost=0.43..10.36 rows=96 width=4)
	  Index Cond: ((k >= 1576830) AND (k <= 1576930))

table 8 : explain SELECT k FROM sbtest8 WHERE k BETWEEN 1576830 AND 1576930
	Index Only Scan using k_8 on sbtest8  (cost=0.43..6.43 rows=100 width=4)
	  Index Cond: ((k >= 1576830) AND (k <= 1576930))

for range-covered
table 1 : explain SELECT k FROM sbtest1 WHERE k BETWEEN 4676802 AND 4676902
	Index Only Scan using k_1 on sbtest1  (cost=0.43..6.40 rows=98 width=4)
	  Index Cond: ((k >= 4676802) AND (k <= 4676902))

table 2 : explain SELECT k FROM sbtest2 WHERE k BETWEEN 4676802 AND 4676902
	Index Only Scan using k_2 on sbtest2  (cost=0.43..6.53 rows=105 width=4)
	  Index Cond: ((k >= 4676802) AND (k <= 4676902))

table 3 : explain SELECT k FROM sbtest3 WHERE k BETWEEN 4676802 AND 4676902
	Index Only Scan using k_3 on sbtest3  (cost=0.43..6.51 rows=104 width=4)
	  Index Cond: ((k >= 4676802) AND (k <= 4676902))

table 4 : explain SELECT k FROM sbtest4 WHERE k BETWEEN 4676802 AND 4676902
	Index Only Scan using k_4 on sbtest4  (cost=0.43..6.47 rows=102 width=4)
	  Index Cond: ((k >= 4676802) AND (k <= 4676902))

table 5 : explain SELECT k FROM sbtest5 WHERE k BETWEEN 4676802 AND 4676902
	Index Only Scan using k_5 on sbtest5  (cost=0.43..6.43 rows=100 width=4)
	  Index Cond: ((k >= 4676802) AND (k <= 4676902))

table 6 : explain SELECT k FROM sbtest6 WHERE k BETWEEN 4676802 AND 4676902
	Index Only Scan using k_6 on sbtest6  (cost=0.43..6.61 rows=109 width=4)
	  Index Cond: ((k >= 4676802) AND (k <= 4676902))

table 7 : explain SELECT k FROM sbtest7 WHERE k BETWEEN 4676802 AND 4676902
	Index Only Scan using k_7 on sbtest7  (cost=0.43..10.47 rows=102 width=4)
	  Index Cond: ((k >= 4676802) AND (k <= 4676902))

table 8 : explain SELECT k FROM sbtest8 WHERE k BETWEEN 4676802 AND 4676902
	Index Only Scan using k_8 on sbtest8  (cost=0.43..6.56 rows=106 width=4)
	  Index Cond: ((k >= 4676802) AND (k <= 4676902))

for range-covered
table 1 : explain SELECT k FROM sbtest1 WHERE k BETWEEN 4396652 AND 4396752
	Index Only Scan using k_1 on sbtest1  (cost=0.43..6.58 rows=107 width=4)
	  Index Cond: ((k >= 4396652) AND (k <= 4396752))

table 2 : explain SELECT k FROM sbtest2 WHERE k BETWEEN 4396652 AND 4396752
	Index Only Scan using k_2 on sbtest2  (cost=0.43..6.43 rows=100 width=4)
	  Index Cond: ((k >= 4396652) AND (k <= 4396752))

table 3 : explain SELECT k FROM sbtest3 WHERE k BETWEEN 4396652 AND 4396752
	Index Only Scan using k_3 on sbtest3  (cost=0.43..6.53 rows=105 width=4)
	  Index Cond: ((k >= 4396652) AND (k <= 4396752))

table 4 : explain SELECT k FROM sbtest4 WHERE k BETWEEN 4396652 AND 4396752
	Index Only Scan using k_4 on sbtest4  (cost=0.43..6.74 rows=115 width=4)
	  Index Cond: ((k >= 4396652) AND (k <= 4396752))

table 5 : explain SELECT k FROM sbtest5 WHERE k BETWEEN 4396652 AND 4396752
	Index Only Scan using k_5 on sbtest5  (cost=0.43..6.37 rows=97 width=4)
	  Index Cond: ((k >= 4396652) AND (k <= 4396752))

table 6 : explain SELECT k FROM sbtest6 WHERE k BETWEEN 4396652 AND 4396752
	Index Only Scan using k_6 on sbtest6  (cost=0.43..6.45 rows=101 width=4)
	  Index Cond: ((k >= 4396652) AND (k <= 4396752))

table 7 : explain SELECT k FROM sbtest7 WHERE k BETWEEN 4396652 AND 4396752
	Index Only Scan using k_7 on sbtest7  (cost=0.43..10.51 rows=104 width=4)
	  Index Cond: ((k >= 4396652) AND (k <= 4396752))

table 8 : explain SELECT k FROM sbtest8 WHERE k BETWEEN 4396652 AND 4396752
	Index Only Scan using k_8 on sbtest8  (cost=0.43..6.47 rows=102 width=4)
	  Index Cond: ((k >= 4396652) AND (k <= 4396752))

for range-covered
table 1 : explain SELECT k FROM sbtest1 WHERE k BETWEEN 7545881 AND 7545981
	Index Only Scan using k_1 on sbtest1  (cost=0.43..6.47 rows=102 width=4)
	  Index Cond: ((k >= 7545881) AND (k <= 7545981))

table 2 : explain SELECT k FROM sbtest2 WHERE k BETWEEN 7545881 AND 7545981
	Index Only Scan using k_2 on sbtest2  (cost=0.43..6.51 rows=104 width=4)
	  Index Cond: ((k >= 7545881) AND (k <= 7545981))

table 3 : explain SELECT k FROM sbtest3 WHERE k BETWEEN 7545881 AND 7545981
	Index Only Scan using k_3 on sbtest3  (cost=0.43..6.51 rows=104 width=4)
	  Index Cond: ((k >= 7545881) AND (k <= 7545981))

table 4 : explain SELECT k FROM sbtest4 WHERE k BETWEEN 7545881 AND 7545981
	Index Only Scan using k_4 on sbtest4  (cost=0.43..6.66 rows=111 width=4)
	  Index Cond: ((k >= 7545881) AND (k <= 7545981))

table 5 : explain SELECT k FROM sbtest5 WHERE k BETWEEN 7545881 AND 7545981
	Index Only Scan using k_5 on sbtest5  (cost=0.43..6.42 rows=99 width=4)
	  Index Cond: ((k >= 7545881) AND (k <= 7545981))

table 6 : explain SELECT k FROM sbtest6 WHERE k BETWEEN 7545881 AND 7545981
	Index Only Scan using k_6 on sbtest6  (cost=0.43..6.58 rows=107 width=4)
	  Index Cond: ((k >= 7545881) AND (k <= 7545981))

table 7 : explain SELECT k FROM sbtest7 WHERE k BETWEEN 7545881 AND 7545981
	Index Only Scan using k_7 on sbtest7  (cost=0.43..10.36 rows=96 width=4)
	  Index Cond: ((k >= 7545881) AND (k <= 7545981))

table 8 : explain SELECT k FROM sbtest8 WHERE k BETWEEN 7545881 AND 7545981
	Index Only Scan using k_8 on sbtest8  (cost=0.43..6.77 rows=117 width=4)
	  Index Cond: ((k >= 7545881) AND (k <= 7545981))

explain: for range-covered :: explain SELECT k FROM sbtest%d WHERE k BETWEEN 4396652 AND 4396752
explain: for range-covered :: explain SELECT k FROM sbtest%d WHERE k BETWEEN 7545881 AND 7545981
for range-covered
table 1 : explain SELECT k FROM sbtest1 WHERE k BETWEEN 7761278 AND 7761378
	Index Only Scan using k_1 on sbtest1  (cost=0.43..6.35 rows=96 width=4)
	  Index Cond: ((k >= 7761278) AND (k <= 7761378))

table 2 : explain SELECT k FROM sbtest2 WHERE k BETWEEN 7761278 AND 7761378
	Index Only Scan using k_2 on sbtest2  (cost=0.43..6.29 rows=93 width=4)
	  Index Cond: ((k >= 7761278) AND (k <= 7761378))

table 3 : explain SELECT k FROM sbtest3 WHERE k BETWEEN 7761278 AND 7761378
	Index Only Scan using k_3 on sbtest3  (cost=0.43..6.43 rows=100 width=4)
	  Index Cond: ((k >= 7761278) AND (k <= 7761378))

table 4 : explain SELECT k FROM sbtest4 WHERE k BETWEEN 7761278 AND 7761378
	Index Only Scan using k_4 on sbtest4  (cost=0.43..6.35 rows=96 width=4)
	  Index Cond: ((k >= 7761278) AND (k <= 7761378))

table 5 : explain SELECT k FROM sbtest5 WHERE k BETWEEN 7761278 AND 7761378
	Index Only Scan using k_5 on sbtest5  (cost=0.43..6.37 rows=97 width=4)
	  Index Cond: ((k >= 7761278) AND (k <= 7761378))

table 6 : explain SELECT k FROM sbtest6 WHERE k BETWEEN 7761278 AND 7761378
	Index Only Scan using k_6 on sbtest6  (cost=0.43..6.50 rows=103 width=4)
	  Index Cond: ((k >= 7761278) AND (k <= 7761378))

table 7 : explain SELECT k FROM sbtest7 WHERE k BETWEEN 7761278 AND 7761378
	Index Only Scan using k_7 on sbtest7  (cost=0.43..10.40 rows=98 width=4)
	  Index Cond: ((k >= 7761278) AND (k <= 7761378))

table 8 : explain SELECT k FROM sbtest8 WHERE k BETWEEN 7761278 AND 7761378
	Index Only Scan using k_8 on sbtest8  (cost=0.43..6.61 rows=109 width=4)
	  Index Cond: ((k >= 7761278) AND (k <= 7761378))

explain: for range-covered :: explain SELECT k FROM sbtest%d WHERE k BETWEEN 7761278 AND 7761378
for range-covered
table 1 : explain SELECT k FROM sbtest1 WHERE k BETWEEN 5861563 AND 5861663
	Index Only Scan using k_1 on sbtest1  (cost=0.43..6.56 rows=106 width=4)
	  Index Cond: ((k >= 5861563) AND (k <= 5861663))

table 2 : explain SELECT k FROM sbtest2 WHERE k BETWEEN 5861563 AND 5861663
	Index Only Scan using k_2 on sbtest2  (cost=0.43..6.51 rows=104 width=4)
	  Index Cond: ((k >= 5861563) AND (k <= 5861663))

table 3 : explain SELECT k FROM sbtest3 WHERE k BETWEEN 5861563 AND 5861663
	Index Only Scan using k_3 on sbtest3  (cost=0.43..6.40 rows=98 width=4)
	  Index Cond: ((k >= 5861563) AND (k <= 5861663))

table 4 : explain SELECT k FROM sbtest4 WHERE k BETWEEN 5861563 AND 5861663
	Index Only Scan using k_4 on sbtest4  (cost=0.43..6.69 rows=113 width=4)
	  Index Cond: ((k >= 5861563) AND (k <= 5861663))

table 5 : explain SELECT k FROM sbtest5 WHERE k BETWEEN 5861563 AND 5861663
	Index Only Scan using k_5 on sbtest5  (cost=0.43..6.42 rows=99 width=4)
	  Index Cond: ((k >= 5861563) AND (k <= 5861663))

table 6 : explain SELECT k FROM sbtest6 WHERE k BETWEEN 5861563 AND 5861663
	Index Only Scan using k_6 on sbtest6  (cost=0.43..6.63 rows=110 width=4)
	  Index Cond: ((k >= 5861563) AND (k <= 5861663))

table 7 : explain SELECT k FROM sbtest7 WHERE k BETWEEN 5861563 AND 5861663
	Index Only Scan using k_7 on sbtest7  (cost=0.43..10.46 rows=101 width=4)
	  Index Cond: ((k >= 5861563) AND (k <= 5861663))

table 8 : explain SELECT k FROM sbtest8 WHERE k BETWEEN 5861563 AND 5861663
	Index Only Scan using k_8 on sbtest8  (cost=0.43..6.29 rows=93 width=4)
	  Index Cond: ((k >= 5861563) AND (k <= 5861663))

explain: for range-covered :: explain SELECT k FROM sbtest%d WHERE k BETWEEN 4490257 AND 4490357
for range-covered
table 1 : explain SELECT k FROM sbtest1 WHERE k BETWEEN 4396652 AND 4396752
	Index Only Scan using k_1 on sbtest1  (cost=0.43..6.58 rows=107 width=4)
	  Index Cond: ((k >= 4396652) AND (k <= 4396752))

table 2 : explain SELECT k FROM sbtest2 WHERE k BETWEEN 4396652 AND 4396752
	Index Only Scan using k_2 on sbtest2  (cost=0.43..6.43 rows=100 width=4)
	  Index Cond: ((k >= 4396652) AND (k <= 4396752))

table 3 : explain SELECT k FROM sbtest3 WHERE k BETWEEN 4396652 AND 4396752
	Index Only Scan using k_3 on sbtest3  (cost=0.43..6.53 rows=105 width=4)
	  Index Cond: ((k >= 4396652) AND (k <= 4396752))

table 4 : explain SELECT k FROM sbtest4 WHERE k BETWEEN 4396652 AND 4396752
	Index Only Scan using k_4 on sbtest4  (cost=0.43..6.74 rows=115 width=4)
	  Index Cond: ((k >= 4396652) AND (k <= 4396752))

table 5 : explain SELECT k FROM sbtest5 WHERE k BETWEEN 4396652 AND 4396752
	Index Only Scan using k_5 on sbtest5  (cost=0.43..6.37 rows=97 width=4)
	  Index Cond: ((k >= 4396652) AND (k <= 4396752))

table 6 : explain SELECT k FROM sbtest6 WHERE k BETWEEN 4396652 AND 4396752
	Index Only Scan using k_6 on sbtest6  (cost=0.43..6.45 rows=101 width=4)
	  Index Cond: ((k >= 4396652) AND (k <= 4396752))

table 7 : explain SELECT k FROM sbtest7 WHERE k BETWEEN 4396652 AND 4396752
	Index Only Scan using k_7 on sbtest7  (cost=0.43..10.51 rows=104 width=4)
	  Index Cond: ((k >= 4396652) AND (k <= 4396752))

table 8 : explain SELECT k FROM sbtest8 WHERE k BETWEEN 4396652 AND 4396752
	Index Only Scan using k_8 on sbtest8  (cost=0.43..6.47 rows=102 width=4)
	  Index Cond: ((k >= 4396652) AND (k <= 4396752))

explain: for range-covered :: explain SELECT k FROM sbtest%d WHERE k BETWEEN 5861563 AND 5861663
explain: for range-covered :: explain SELECT k FROM sbtest%d WHERE k BETWEEN 4396652 AND 4396752
for range-covered
table 1 : explain SELECT k FROM sbtest1 WHERE k BETWEEN 7761278 AND 7761378
	Index Only Scan using k_1 on sbtest1  (cost=0.43..6.35 rows=96 width=4)
	  Index Cond: ((k >= 7761278) AND (k <= 7761378))

table 2 : explain SELECT k FROM sbtest2 WHERE k BETWEEN 7761278 AND 7761378
	Index Only Scan using k_2 on sbtest2  (cost=0.43..6.29 rows=93 width=4)
	  Index Cond: ((k >= 7761278) AND (k <= 7761378))

table 3 : explain SELECT k FROM sbtest3 WHERE k BETWEEN 7761278 AND 7761378
	Index Only Scan using k_3 on sbtest3  (cost=0.43..6.43 rows=100 width=4)
	  Index Cond: ((k >= 7761278) AND (k <= 7761378))

table 4 : explain SELECT k FROM sbtest4 WHERE k BETWEEN 7761278 AND 7761378
	Index Only Scan using k_4 on sbtest4  (cost=0.43..6.35 rows=96 width=4)
	  Index Cond: ((k >= 7761278) AND (k <= 7761378))

table 5 : explain SELECT k FROM sbtest5 WHERE k BETWEEN 7761278 AND 7761378
	Index Only Scan using k_5 on sbtest5  (cost=0.43..6.37 rows=97 width=4)
	  Index Cond: ((k >= 7761278) AND (k <= 7761378))

table 6 : explain SELECT k FROM sbtest6 WHERE k BETWEEN 7761278 AND 7761378
	Index Only Scan using k_6 on sbtest6  (cost=0.43..6.50 rows=103 width=4)
	  Index Cond: ((k >= 7761278) AND (k <= 7761378))

table 7 : explain SELECT k FROM sbtest7 WHERE k BETWEEN 7761278 AND 7761378
	Index Only Scan using k_7 on sbtest7  (cost=0.43..10.40 rows=98 width=4)
	  Index Cond: ((k >= 7761278) AND (k <= 7761378))

table 8 : explain SELECT k FROM sbtest8 WHERE k BETWEEN 7761278 AND 7761378
	Index Only Scan using k_8 on sbtest8  (cost=0.43..6.61 rows=109 width=4)
	  Index Cond: ((k >= 7761278) AND (k <= 7761378))

for range-covered
table 1 : explain SELECT k FROM sbtest1 WHERE k BETWEEN 8331284 AND 8331384
	Index Only Scan using k_1 on sbtest1  (cost=0.43..6.37 rows=97 width=4)
	  Index Cond: ((k >= 8331284) AND (k <= 8331384))

table 2 : explain SELECT k FROM sbtest2 WHERE k BETWEEN 8331284 AND 8331384
	Index Only Scan using k_2 on sbtest2  (cost=0.43..6.40 rows=98 width=4)
	  Index Cond: ((k >= 8331284) AND (k <= 8331384))

table 3 : explain SELECT k FROM sbtest3 WHERE k BETWEEN 8331284 AND 8331384
	Index Only Scan using k_3 on sbtest3  (cost=0.43..6.47 rows=102 width=4)
	  Index Cond: ((k >= 8331284) AND (k <= 8331384))

table 4 : explain SELECT k FROM sbtest4 WHERE k BETWEEN 8331284 AND 8331384
	Index Only Scan using k_4 on sbtest4  (cost=0.43..6.45 rows=101 width=4)
	  Index Cond: ((k >= 8331284) AND (k <= 8331384))

table 5 : explain SELECT k FROM sbtest5 WHERE k BETWEEN 8331284 AND 8331384
	Index Only Scan using k_5 on sbtest5  (cost=0.43..6.58 rows=107 width=4)
	  Index Cond: ((k >= 8331284) AND (k <= 8331384))

table 6 : explain SELECT k FROM sbtest6 WHERE k BETWEEN 8331284 AND 8331384
	Index Only Scan using k_6 on sbtest6  (cost=0.43..6.66 rows=111 width=4)
	  Index Cond: ((k >= 8331284) AND (k <= 8331384))

table 7 : explain SELECT k FROM sbtest7 WHERE k BETWEEN 8331284 AND 8331384
	Index Only Scan using k_7 on sbtest7  (cost=0.43..10.72 rows=114 width=4)
	  Index Cond: ((k >= 8331284) AND (k <= 8331384))

table 8 : explain SELECT k FROM sbtest8 WHERE k BETWEEN 8331284 AND 8331384
	Index Only Scan using k_8 on sbtest8  (cost=0.43..6.45 rows=101 width=4)
	  Index Cond: ((k >= 8331284) AND (k <= 8331384))

explain: for range-covered :: explain SELECT k FROM sbtest%d WHERE k BETWEEN 7761278 AND 7761378
explain: for range-covered :: explain SELECT k FROM sbtest%d WHERE k BETWEEN 8331284 AND 8331384
explain: for range-covered :: explain SELECT k FROM sbtest%d WHERE k BETWEEN 6384589 AND 6384689
explain: for range-covered :: explain SELECT k FROM sbtest%d WHERE k BETWEEN 5719060 AND 5719160
for range-covered
table 1 : explain SELECT k FROM sbtest1 WHERE k BETWEEN 4396652 AND 4396752
	Index Only Scan using k_1 on sbtest1  (cost=0.43..6.58 rows=107 width=4)
	  Index Cond: ((k >= 4396652) AND (k <= 4396752))

table 2 : explain SELECT k FROM sbtest2 WHERE k BETWEEN 4396652 AND 4396752
	Index Only Scan using k_2 on sbtest2  (cost=0.43..6.43 rows=100 width=4)
	  Index Cond: ((k >= 4396652) AND (k <= 4396752))

table 3 : explain SELECT k FROM sbtest3 WHERE k BETWEEN 4396652 AND 4396752
	Index Only Scan using k_3 on sbtest3  (cost=0.43..6.53 rows=105 width=4)
	  Index Cond: ((k >= 4396652) AND (k <= 4396752))

table 4 : explain SELECT k FROM sbtest4 WHERE k BETWEEN 4396652 AND 4396752
	Index Only Scan using k_4 on sbtest4  (cost=0.43..6.74 rows=115 width=4)
	  Index Cond: ((k >= 4396652) AND (k <= 4396752))

table 5 : explain SELECT k FROM sbtest5 WHERE k BETWEEN 4396652 AND 4396752
	Index Only Scan using k_5 on sbtest5  (cost=0.43..6.37 rows=97 width=4)
	  Index Cond: ((k >= 4396652) AND (k <= 4396752))

table 6 : explain SELECT k FROM sbtest6 WHERE k BETWEEN 4396652 AND 4396752
	Index Only Scan using k_6 on sbtest6  (cost=0.43..6.45 rows=101 width=4)
	  Index Cond: ((k >= 4396652) AND (k <= 4396752))

table 7 : explain SELECT k FROM sbtest7 WHERE k BETWEEN 4396652 AND 4396752
	Index Only Scan using k_7 on sbtest7  (cost=0.43..10.51 rows=104 width=4)
	  Index Cond: ((k >= 4396652) AND (k <= 4396752))

table 8 : explain SELECT k FROM sbtest8 WHERE k BETWEEN 4396652 AND 4396752
	Index Only Scan using k_8 on sbtest8  (cost=0.43..6.47 rows=102 width=4)
	  Index Cond: ((k >= 4396652) AND (k <= 4396752))

for range-covered
table 1 : explain SELECT k FROM sbtest1 WHERE k BETWEEN 5861563 AND 5861663
	Index Only Scan using k_1 on sbtest1  (cost=0.43..6.56 rows=106 width=4)
	  Index Cond: ((k >= 5861563) AND (k <= 5861663))

table 2 : explain SELECT k FROM sbtest2 WHERE k BETWEEN 5861563 AND 5861663
	Index Only Scan using k_2 on sbtest2  (cost=0.43..6.51 rows=104 width=4)
	  Index Cond: ((k >= 5861563) AND (k <= 5861663))

table 3 : explain SELECT k FROM sbtest3 WHERE k BETWEEN 5861563 AND 5861663
	Index Only Scan using k_3 on sbtest3  (cost=0.43..6.40 rows=98 width=4)
	  Index Cond: ((k >= 5861563) AND (k <= 5861663))

table 4 : explain SELECT k FROM sbtest4 WHERE k BETWEEN 5861563 AND 5861663
	Index Only Scan using k_4 on sbtest4  (cost=0.43..6.69 rows=113 width=4)
	  Index Cond: ((k >= 5861563) AND (k <= 5861663))

table 5 : explain SELECT k FROM sbtest5 WHERE k BETWEEN 5861563 AND 5861663
	Index Only Scan using k_5 on sbtest5  (cost=0.43..6.42 rows=99 width=4)
	  Index Cond: ((k >= 5861563) AND (k <= 5861663))

table 6 : explain SELECT k FROM sbtest6 WHERE k BETWEEN 5861563 AND 5861663
	Index Only Scan using k_6 on sbtest6  (cost=0.43..6.63 rows=110 width=4)
	  Index Cond: ((k >= 5861563) AND (k <= 5861663))

table 7 : explain SELECT k FROM sbtest7 WHERE k BETWEEN 5861563 AND 5861663
	Index Only Scan using k_7 on sbtest7  (cost=0.43..10.46 rows=101 width=4)
	  Index Cond: ((k >= 5861563) AND (k <= 5861663))

table 8 : explain SELECT k FROM sbtest8 WHERE k BETWEEN 5861563 AND 5861663
	Index Only Scan using k_8 on sbtest8  (cost=0.43..6.29 rows=93 width=4)
	  Index Cond: ((k >= 5861563) AND (k <= 5861663))

explain: for range-covered :: explain SELECT k FROM sbtest%d WHERE k BETWEEN 5861563 AND 5861663
explain: for range-covered :: explain SELECT k FROM sbtest%d WHERE k BETWEEN 4396652 AND 4396752
for range-covered
table 1 : explain SELECT k FROM sbtest1 WHERE k BETWEEN 7761278 AND 7761378
	Index Only Scan using k_1 on sbtest1  (cost=0.43..6.35 rows=96 width=4)
	  Index Cond: ((k >= 7761278) AND (k <= 7761378))

table 2 : explain SELECT k FROM sbtest2 WHERE k BETWEEN 7761278 AND 7761378
	Index Only Scan using k_2 on sbtest2  (cost=0.43..6.29 rows=93 width=4)
	  Index Cond: ((k >= 7761278) AND (k <= 7761378))

table 3 : explain SELECT k FROM sbtest3 WHERE k BETWEEN 7761278 AND 7761378
	Index Only Scan using k_3 on sbtest3  (cost=0.43..6.43 rows=100 width=4)
	  Index Cond: ((k >= 7761278) AND (k <= 7761378))

table 4 : explain SELECT k FROM sbtest4 WHERE k BETWEEN 7761278 AND 7761378
	Index Only Scan using k_4 on sbtest4  (cost=0.43..6.35 rows=96 width=4)
	  Index Cond: ((k >= 7761278) AND (k <= 7761378))

table 5 : explain SELECT k FROM sbtest5 WHERE k BETWEEN 7761278 AND 7761378
	Index Only Scan using k_5 on sbtest5  (cost=0.43..6.37 rows=97 width=4)
	  Index Cond: ((k >= 7761278) AND (k <= 7761378))

table 6 : explain SELECT k FROM sbtest6 WHERE k BETWEEN 7761278 AND 7761378
	Index Only Scan using k_6 on sbtest6  (cost=0.43..6.50 rows=103 width=4)
	  Index Cond: ((k >= 7761278) AND (k <= 7761378))

table 7 : explain SELECT k FROM sbtest7 WHERE k BETWEEN 7761278 AND 7761378
	Index Only Scan using k_7 on sbtest7  (cost=0.43..10.40 rows=98 width=4)
	  Index Cond: ((k >= 7761278) AND (k <= 7761378))

table 8 : explain SELECT k FROM sbtest8 WHERE k BETWEEN 7761278 AND 7761378
	Index Only Scan using k_8 on sbtest8  (cost=0.43..6.61 rows=109 width=4)
	  Index Cond: ((k >= 7761278) AND (k <= 7761378))

for range-covered
table 1 : explain SELECT k FROM sbtest1 WHERE k BETWEEN 8331284 AND 8331384
	Index Only Scan using k_1 on sbtest1  (cost=0.43..6.37 rows=97 width=4)
	  Index Cond: ((k >= 8331284) AND (k <= 8331384))

table 2 : explain SELECT k FROM sbtest2 WHERE k BETWEEN 8331284 AND 8331384
	Index Only Scan using k_2 on sbtest2  (cost=0.43..6.40 rows=98 width=4)
	  Index Cond: ((k >= 8331284) AND (k <= 8331384))

table 3 : explain SELECT k FROM sbtest3 WHERE k BETWEEN 8331284 AND 8331384
	Index Only Scan using k_3 on sbtest3  (cost=0.43..6.47 rows=102 width=4)
	  Index Cond: ((k >= 8331284) AND (k <= 8331384))

table 4 : explain SELECT k FROM sbtest4 WHERE k BETWEEN 8331284 AND 8331384
	Index Only Scan using k_4 on sbtest4  (cost=0.43..6.45 rows=101 width=4)
	  Index Cond: ((k >= 8331284) AND (k <= 8331384))

table 5 : explain SELECT k FROM sbtest5 WHERE k BETWEEN 8331284 AND 8331384
	Index Only Scan using k_5 on sbtest5  (cost=0.43..6.58 rows=107 width=4)
	  Index Cond: ((k >= 8331284) AND (k <= 8331384))

table 6 : explain SELECT k FROM sbtest6 WHERE k BETWEEN 8331284 AND 8331384
	Index Only Scan using k_6 on sbtest6  (cost=0.43..6.66 rows=111 width=4)
	  Index Cond: ((k >= 8331284) AND (k <= 8331384))

table 7 : explain SELECT k FROM sbtest7 WHERE k BETWEEN 8331284 AND 8331384
	Index Only Scan using k_7 on sbtest7  (cost=0.43..10.72 rows=114 width=4)
	  Index Cond: ((k >= 8331284) AND (k <= 8331384))

table 8 : explain SELECT k FROM sbtest8 WHERE k BETWEEN 8331284 AND 8331384
	Index Only Scan using k_8 on sbtest8  (cost=0.43..6.45 rows=101 width=4)
	  Index Cond: ((k >= 8331284) AND (k <= 8331384))

explain: for range-covered :: explain SELECT k FROM sbtest%d WHERE k BETWEEN 7761278 AND 7761378
explain: for range-covered :: explain SELECT k FROM sbtest%d WHERE k BETWEEN 8331284 AND 8331384
for range-covered
table 1 : explain SELECT k FROM sbtest1 WHERE k BETWEEN 5861563 AND 5861663
	Index Only Scan using k_1 on sbtest1  (cost=0.43..6.56 rows=106 width=4)
	  Index Cond: ((k >= 5861563) AND (k <= 5861663))

table 2 : explain SELECT k FROM sbtest2 WHERE k BETWEEN 5861563 AND 5861663
	Index Only Scan using k_2 on sbtest2  (cost=0.43..6.51 rows=104 width=4)
	  Index Cond: ((k >= 5861563) AND (k <= 5861663))

table 3 : explain SELECT k FROM sbtest3 WHERE k BETWEEN 5861563 AND 5861663
	Index Only Scan using k_3 on sbtest3  (cost=0.43..6.40 rows=98 width=4)
	  Index Cond: ((k >= 5861563) AND (k <= 5861663))

table 4 : explain SELECT k FROM sbtest4 WHERE k BETWEEN 5861563 AND 5861663
	Index Only Scan using k_4 on sbtest4  (cost=0.43..6.69 rows=113 width=4)
	  Index Cond: ((k >= 5861563) AND (k <= 5861663))

table 5 : explain SELECT k FROM sbtest5 WHERE k BETWEEN 5861563 AND 5861663
	Index Only Scan using k_5 on sbtest5  (cost=0.43..6.42 rows=99 width=4)
	  Index Cond: ((k >= 5861563) AND (k <= 5861663))

table 6 : explain SELECT k FROM sbtest6 WHERE k BETWEEN 5861563 AND 5861663
	Index Only Scan using k_6 on sbtest6  (cost=0.43..6.63 rows=110 width=4)
	  Index Cond: ((k >= 5861563) AND (k <= 5861663))

table 7 : explain SELECT k FROM sbtest7 WHERE k BETWEEN 5861563 AND 5861663
	Index Only Scan using k_7 on sbtest7  (cost=0.43..10.46 rows=101 width=4)
	  Index Cond: ((k >= 5861563) AND (k <= 5861663))

table 8 : explain SELECT k FROM sbtest8 WHERE k BETWEEN 5861563 AND 5861663
	Index Only Scan using k_8 on sbtest8  (cost=0.43..6.29 rows=93 width=4)
	  Index Cond: ((k >= 5861563) AND (k <= 5861663))

explain: for range-covered :: explain SELECT k FROM sbtest%d WHERE k BETWEEN 5861563 AND 5861663
for range-covered
table 1 : explain SELECT k FROM sbtest1 WHERE k BETWEEN 4396652 AND 4396752
	Index Only Scan using k_1 on sbtest1  (cost=0.43..6.58 rows=107 width=4)
	  Index Cond: ((k >= 4396652) AND (k <= 4396752))

table 2 : explain SELECT k FROM sbtest2 WHERE k BETWEEN 4396652 AND 4396752
	Index Only Scan using k_2 on sbtest2  (cost=0.43..6.43 rows=100 width=4)
	  Index Cond: ((k >= 4396652) AND (k <= 4396752))

table 3 : explain SELECT k FROM sbtest3 WHERE k BETWEEN 4396652 AND 4396752
	Index Only Scan using k_3 on sbtest3  (cost=0.43..6.53 rows=105 width=4)
	  Index Cond: ((k >= 4396652) AND (k <= 4396752))

table 4 : explain SELECT k FROM sbtest4 WHERE k BETWEEN 4396652 AND 4396752
	Index Only Scan using k_4 on sbtest4  (cost=0.43..6.74 rows=115 width=4)
	  Index Cond: ((k >= 4396652) AND (k <= 4396752))

table 5 : explain SELECT k FROM sbtest5 WHERE k BETWEEN 4396652 AND 4396752
	Index Only Scan using k_5 on sbtest5  (cost=0.43..6.37 rows=97 width=4)
	  Index Cond: ((k >= 4396652) AND (k <= 4396752))

table 6 : explain SELECT k FROM sbtest6 WHERE k BETWEEN 4396652 AND 4396752
	Index Only Scan using k_6 on sbtest6  (cost=0.43..6.45 rows=101 width=4)
	  Index Cond: ((k >= 4396652) AND (k <= 4396752))

table 7 : explain SELECT k FROM sbtest7 WHERE k BETWEEN 4396652 AND 4396752
	Index Only Scan using k_7 on sbtest7  (cost=0.43..10.51 rows=104 width=4)
	  Index Cond: ((k >= 4396652) AND (k <= 4396752))

table 8 : explain SELECT k FROM sbtest8 WHERE k BETWEEN 4396652 AND 4396752
	Index Only Scan using k_8 on sbtest8  (cost=0.43..6.47 rows=102 width=4)
	  Index Cond: ((k >= 4396652) AND (k <= 4396752))

explain: for range-covered :: explain SELECT k FROM sbtest%d WHERE k BETWEEN 8981956 AND 8982056
explain: for range-covered :: explain SELECT k FROM sbtest%d WHERE k BETWEEN 6114501 AND 6114601
for range-covered
table 1 : explain SELECT k FROM sbtest1 WHERE k BETWEEN 7761278 AND 7761378
	Index Only Scan using k_1 on sbtest1  (cost=0.43..6.35 rows=96 width=4)
	  Index Cond: ((k >= 7761278) AND (k <= 7761378))

table 2 : explain SELECT k FROM sbtest2 WHERE k BETWEEN 7761278 AND 7761378
	Index Only Scan using k_2 on sbtest2  (cost=0.43..6.29 rows=93 width=4)
	  Index Cond: ((k >= 7761278) AND (k <= 7761378))

table 3 : explain SELECT k FROM sbtest3 WHERE k BETWEEN 7761278 AND 7761378
	Index Only Scan using k_3 on sbtest3  (cost=0.43..6.43 rows=100 width=4)
	  Index Cond: ((k >= 7761278) AND (k <= 7761378))

table 4 : explain SELECT k FROM sbtest4 WHERE k BETWEEN 7761278 AND 7761378
	Index Only Scan using k_4 on sbtest4  (cost=0.43..6.35 rows=96 width=4)
	  Index Cond: ((k >= 7761278) AND (k <= 7761378))

table 5 : explain SELECT k FROM sbtest5 WHERE k BETWEEN 7761278 AND 7761378
	Index Only Scan using k_5 on sbtest5  (cost=0.43..6.37 rows=97 width=4)
	  Index Cond: ((k >= 7761278) AND (k <= 7761378))

table 6 : explain SELECT k FROM sbtest6 WHERE k BETWEEN 7761278 AND 7761378
	Index Only Scan using k_6 on sbtest6  (cost=0.43..6.50 rows=103 width=4)
	  Index Cond: ((k >= 7761278) AND (k <= 7761378))

table 7 : explain SELECT k FROM sbtest7 WHERE k BETWEEN 7761278 AND 7761378
	Index Only Scan using k_7 on sbtest7  (cost=0.43..10.40 rows=98 width=4)
	  Index Cond: ((k >= 7761278) AND (k <= 7761378))

table 8 : explain SELECT k FROM sbtest8 WHERE k BETWEEN 7761278 AND 7761378
	Index Only Scan using k_8 on sbtest8  (cost=0.43..6.61 rows=109 width=4)
	  Index Cond: ((k >= 7761278) AND (k <= 7761378))

for range-covered
table 1 : explain SELECT k FROM sbtest1 WHERE k BETWEEN 8331284 AND 8331384
	Index Only Scan using k_1 on sbtest1  (cost=0.43..6.37 rows=97 width=4)
	  Index Cond: ((k >= 8331284) AND (k <= 8331384))

table 2 : explain SELECT k FROM sbtest2 WHERE k BETWEEN 8331284 AND 8331384
	Index Only Scan using k_2 on sbtest2  (cost=0.43..6.40 rows=98 width=4)
	  Index Cond: ((k >= 8331284) AND (k <= 8331384))

table 3 : explain SELECT k FROM sbtest3 WHERE k BETWEEN 8331284 AND 8331384
	Index Only Scan using k_3 on sbtest3  (cost=0.43..6.47 rows=102 width=4)
	  Index Cond: ((k >= 8331284) AND (k <= 8331384))

table 4 : explain SELECT k FROM sbtest4 WHERE k BETWEEN 8331284 AND 8331384
	Index Only Scan using k_4 on sbtest4  (cost=0.43..6.45 rows=101 width=4)
	  Index Cond: ((k >= 8331284) AND (k <= 8331384))

table 5 : explain SELECT k FROM sbtest5 WHERE k BETWEEN 8331284 AND 8331384
	Index Only Scan using k_5 on sbtest5  (cost=0.43..6.58 rows=107 width=4)
	  Index Cond: ((k >= 8331284) AND (k <= 8331384))

table 6 : explain SELECT k FROM sbtest6 WHERE k BETWEEN 8331284 AND 8331384
	Index Only Scan using k_6 on sbtest6  (cost=0.43..6.66 rows=111 width=4)
	  Index Cond: ((k >= 8331284) AND (k <= 8331384))

table 7 : explain SELECT k FROM sbtest7 WHERE k BETWEEN 8331284 AND 8331384
	Index Only Scan using k_7 on sbtest7  (cost=0.43..10.72 rows=114 width=4)
	  Index Cond: ((k >= 8331284) AND (k <= 8331384))

table 8 : explain SELECT k FROM sbtest8 WHERE k BETWEEN 8331284 AND 8331384
	Index Only Scan using k_8 on sbtest8  (cost=0.43..6.45 rows=101 width=4)
	  Index Cond: ((k >= 8331284) AND (k <= 8331384))

explain: for range-covered :: explain SELECT k FROM sbtest%d WHERE k BETWEEN 7761278 AND 7761378
explain: for range-covered :: explain SELECT k FROM sbtest%d WHERE k BETWEEN 8331284 AND 8331384
explain: for range-covered :: explain SELECT k FROM sbtest%d WHERE k BETWEEN 1763979 AND 1764079
for range-covered
table 1 : explain SELECT k FROM sbtest1 WHERE k BETWEEN 5861563 AND 5861663
	Index Only Scan using k_1 on sbtest1  (cost=0.43..6.56 rows=106 width=4)
	  Index Cond: ((k >= 5861563) AND (k <= 5861663))

table 2 : explain SELECT k FROM sbtest2 WHERE k BETWEEN 5861563 AND 5861663
	Index Only Scan using k_2 on sbtest2  (cost=0.43..6.51 rows=104 width=4)
	  Index Cond: ((k >= 5861563) AND (k <= 5861663))

table 3 : explain SELECT k FROM sbtest3 WHERE k BETWEEN 5861563 AND 5861663
	Index Only Scan using k_3 on sbtest3  (cost=0.43..6.40 rows=98 width=4)
	  Index Cond: ((k >= 5861563) AND (k <= 5861663))

table 4 : explain SELECT k FROM sbtest4 WHERE k BETWEEN 5861563 AND 5861663
	Index Only Scan using k_4 on sbtest4  (cost=0.43..6.69 rows=113 width=4)
	  Index Cond: ((k >= 5861563) AND (k <= 5861663))

table 5 : explain SELECT k FROM sbtest5 WHERE k BETWEEN 5861563 AND 5861663
	Index Only Scan using k_5 on sbtest5  (cost=0.43..6.42 rows=99 width=4)
	  Index Cond: ((k >= 5861563) AND (k <= 5861663))

table 6 : explain SELECT k FROM sbtest6 WHERE k BETWEEN 5861563 AND 5861663
	Index Only Scan using k_6 on sbtest6  (cost=0.43..6.63 rows=110 width=4)
	  Index Cond: ((k >= 5861563) AND (k <= 5861663))

table 7 : explain SELECT k FROM sbtest7 WHERE k BETWEEN 5861563 AND 5861663
	Index Only Scan using k_7 on sbtest7  (cost=0.43..10.46 rows=101 width=4)
	  Index Cond: ((k >= 5861563) AND (k <= 5861663))

table 8 : explain SELECT k FROM sbtest8 WHERE k BETWEEN 5861563 AND 5861663
	Index Only Scan using k_8 on sbtest8  (cost=0.43..6.29 rows=93 width=4)
	  Index Cond: ((k >= 5861563) AND (k <= 5861663))

explain: for range-covered :: explain SELECT k FROM sbtest%d WHERE k BETWEEN 5861563 AND 5861663
for range-covered
table 1 : explain SELECT k FROM sbtest1 WHERE k BETWEEN 7761278 AND 7761378
	Index Only Scan using k_1 on sbtest1  (cost=0.43..6.35 rows=96 width=4)
	  Index Cond: ((k >= 7761278) AND (k <= 7761378))

table 2 : explain SELECT k FROM sbtest2 WHERE k BETWEEN 7761278 AND 7761378
	Index Only Scan using k_2 on sbtest2  (cost=0.43..6.29 rows=93 width=4)
	  Index Cond: ((k >= 7761278) AND (k <= 7761378))

table 3 : explain SELECT k FROM sbtest3 WHERE k BETWEEN 7761278 AND 7761378
	Index Only Scan using k_3 on sbtest3  (cost=0.43..6.43 rows=100 width=4)
	  Index Cond: ((k >= 7761278) AND (k <= 7761378))

table 4 : explain SELECT k FROM sbtest4 WHERE k BETWEEN 7761278 AND 7761378
	Index Only Scan using k_4 on sbtest4  (cost=0.43..6.35 rows=96 width=4)
	  Index Cond: ((k >= 7761278) AND (k <= 7761378))

table 5 : explain SELECT k FROM sbtest5 WHERE k BETWEEN 7761278 AND 7761378
	Index Only Scan using k_5 on sbtest5  (cost=0.43..6.37 rows=97 width=4)
	  Index Cond: ((k >= 7761278) AND (k <= 7761378))

table 6 : explain SELECT k FROM sbtest6 WHERE k BETWEEN 7761278 AND 7761378
	Index Only Scan using k_6 on sbtest6  (cost=0.43..6.50 rows=103 width=4)
	  Index Cond: ((k >= 7761278) AND (k <= 7761378))

table 7 : explain SELECT k FROM sbtest7 WHERE k BETWEEN 7761278 AND 7761378
	Index Only Scan using k_7 on sbtest7  (cost=0.43..10.40 rows=98 width=4)
	  Index Cond: ((k >= 7761278) AND (k <= 7761378))

table 8 : explain SELECT k FROM sbtest8 WHERE k BETWEEN 7761278 AND 7761378
	Index Only Scan using k_8 on sbtest8  (cost=0.43..6.61 rows=109 width=4)
	  Index Cond: ((k >= 7761278) AND (k <= 7761378))

explain: for range-covered :: explain SELECT k FROM sbtest%d WHERE k BETWEEN 7761278 AND 7761378
for range-covered
table 1 : explain SELECT k FROM sbtest1 WHERE k BETWEEN 7545881 AND 7545981
	Index Only Scan using k_1 on sbtest1  (cost=0.43..6.47 rows=102 width=4)
	  Index Cond: ((k >= 7545881) AND (k <= 7545981))

table 2 : explain SELECT k FROM sbtest2 WHERE k BETWEEN 7545881 AND 7545981
	Index Only Scan using k_2 on sbtest2  (cost=0.43..6.51 rows=104 width=4)
	  Index Cond: ((k >= 7545881) AND (k <= 7545981))

table 3 : explain SELECT k FROM sbtest3 WHERE k BETWEEN 7545881 AND 7545981
	Index Only Scan using k_3 on sbtest3  (cost=0.43..6.51 rows=104 width=4)
	  Index Cond: ((k >= 7545881) AND (k <= 7545981))

table 4 : explain SELECT k FROM sbtest4 WHERE k BETWEEN 7545881 AND 7545981
	Index Only Scan using k_4 on sbtest4  (cost=0.43..6.66 rows=111 width=4)
	  Index Cond: ((k >= 7545881) AND (k <= 7545981))

table 5 : explain SELECT k FROM sbtest5 WHERE k BETWEEN 7545881 AND 7545981
	Index Only Scan using k_5 on sbtest5  (cost=0.43..6.42 rows=99 width=4)
	  Index Cond: ((k >= 7545881) AND (k <= 7545981))

table 6 : explain SELECT k FROM sbtest6 WHERE k BETWEEN 7545881 AND 7545981
	Index Only Scan using k_6 on sbtest6  (cost=0.43..6.58 rows=107 width=4)
	  Index Cond: ((k >= 7545881) AND (k <= 7545981))

table 7 : explain SELECT k FROM sbtest7 WHERE k BETWEEN 7545881 AND 7545981
	Index Only Scan using k_7 on sbtest7  (cost=0.43..10.36 rows=96 width=4)
	  Index Cond: ((k >= 7545881) AND (k <= 7545981))

table 8 : explain SELECT k FROM sbtest8 WHERE k BETWEEN 7545881 AND 7545981
	Index Only Scan using k_8 on sbtest8  (cost=0.43..6.77 rows=117 width=4)
	  Index Cond: ((k >= 7545881) AND (k <= 7545981))

for range-covered
table 1 : explain SELECT k FROM sbtest1 WHERE k BETWEEN 8331284 AND 8331384
	Index Only Scan using k_1 on sbtest1  (cost=0.43..6.37 rows=97 width=4)
	  Index Cond: ((k >= 8331284) AND (k <= 8331384))

table 2 : explain SELECT k FROM sbtest2 WHERE k BETWEEN 8331284 AND 8331384
	Index Only Scan using k_2 on sbtest2  (cost=0.43..6.40 rows=98 width=4)
	  Index Cond: ((k >= 8331284) AND (k <= 8331384))

table 3 : explain SELECT k FROM sbtest3 WHERE k BETWEEN 8331284 AND 8331384
	Index Only Scan using k_3 on sbtest3  (cost=0.43..6.47 rows=102 width=4)
	  Index Cond: ((k >= 8331284) AND (k <= 8331384))

table 4 : explain SELECT k FROM sbtest4 WHERE k BETWEEN 8331284 AND 8331384
	Index Only Scan using k_4 on sbtest4  (cost=0.43..6.45 rows=101 width=4)
	  Index Cond: ((k >= 8331284) AND (k <= 8331384))

table 5 : explain SELECT k FROM sbtest5 WHERE k BETWEEN 8331284 AND 8331384
	Index Only Scan using k_5 on sbtest5  (cost=0.43..6.58 rows=107 width=4)
	  Index Cond: ((k >= 8331284) AND (k <= 8331384))

table 6 : explain SELECT k FROM sbtest6 WHERE k BETWEEN 8331284 AND 8331384
	Index Only Scan using k_6 on sbtest6  (cost=0.43..6.66 rows=111 width=4)
	  Index Cond: ((k >= 8331284) AND (k <= 8331384))

table 7 : explain SELECT k FROM sbtest7 WHERE k BETWEEN 8331284 AND 8331384
	Index Only Scan using k_7 on sbtest7  (cost=0.43..10.72 rows=114 width=4)
	  Index Cond: ((k >= 8331284) AND (k <= 8331384))

table 8 : explain SELECT k FROM sbtest8 WHERE k BETWEEN 8331284 AND 8331384
	Index Only Scan using k_8 on sbtest8  (cost=0.43..6.45 rows=101 width=4)
	  Index Cond: ((k >= 8331284) AND (k <= 8331384))

explain: for range-covered :: explain SELECT k FROM sbtest%d WHERE k BETWEEN 7545881 AND 7545981
explain: for range-covered :: explain SELECT k FROM sbtest%d WHERE k BETWEEN 8331284 AND 8331384
for range-covered
table 1 : explain SELECT k FROM sbtest1 WHERE k BETWEEN 5861563 AND 5861663
	Index Only Scan using k_1 on sbtest1  (cost=0.43..6.56 rows=106 width=4)
	  Index Cond: ((k >= 5861563) AND (k <= 5861663))

table 2 : explain SELECT k FROM sbtest2 WHERE k BETWEEN 5861563 AND 5861663
	Index Only Scan using k_2 on sbtest2  (cost=0.43..6.51 rows=104 width=4)
	  Index Cond: ((k >= 5861563) AND (k <= 5861663))

table 3 : explain SELECT k FROM sbtest3 WHERE k BETWEEN 5861563 AND 5861663
	Index Only Scan using k_3 on sbtest3  (cost=0.43..6.40 rows=98 width=4)
	  Index Cond: ((k >= 5861563) AND (k <= 5861663))

table 4 : explain SELECT k FROM sbtest4 WHERE k BETWEEN 5861563 AND 5861663
	Index Only Scan using k_4 on sbtest4  (cost=0.43..6.69 rows=113 width=4)
	  Index Cond: ((k >= 5861563) AND (k <= 5861663))

table 5 : explain SELECT k FROM sbtest5 WHERE k BETWEEN 5861563 AND 5861663
	Index Only Scan using k_5 on sbtest5  (cost=0.43..6.42 rows=99 width=4)
	  Index Cond: ((k >= 5861563) AND (k <= 5861663))

table 6 : explain SELECT k FROM sbtest6 WHERE k BETWEEN 5861563 AND 5861663
	Index Only Scan using k_6 on sbtest6  (cost=0.43..6.63 rows=110 width=4)
	  Index Cond: ((k >= 5861563) AND (k <= 5861663))

table 7 : explain SELECT k FROM sbtest7 WHERE k BETWEEN 5861563 AND 5861663
	Index Only Scan using k_7 on sbtest7  (cost=0.43..10.46 rows=101 width=4)
	  Index Cond: ((k >= 5861563) AND (k <= 5861663))

table 8 : explain SELECT k FROM sbtest8 WHERE k BETWEEN 5861563 AND 5861663
	Index Only Scan using k_8 on sbtest8  (cost=0.43..6.29 rows=93 width=4)
	  Index Cond: ((k >= 5861563) AND (k <= 5861663))

explain: for range-covered :: explain SELECT k FROM sbtest%d WHERE k BETWEEN 5861563 AND 5861663
for range-covered
table 1 : explain SELECT k FROM sbtest1 WHERE k BETWEEN 6384589 AND 6384689
	Index Only Scan using k_1 on sbtest1  (cost=0.43..6.53 rows=105 width=4)
	  Index Cond: ((k >= 6384589) AND (k <= 6384689))

table 2 : explain SELECT k FROM sbtest2 WHERE k BETWEEN 6384589 AND 6384689
	Index Only Scan using k_2 on sbtest2  (cost=0.43..6.35 rows=96 width=4)
	  Index Cond: ((k >= 6384589) AND (k <= 6384689))

table 3 : explain SELECT k FROM sbtest3 WHERE k BETWEEN 6384589 AND 6384689
	Index Only Scan using k_3 on sbtest3  (cost=0.43..6.47 rows=102 width=4)
	  Index Cond: ((k >= 6384589) AND (k <= 6384689))

table 4 : explain SELECT k FROM sbtest4 WHERE k BETWEEN 6384589 AND 6384689
	Index Only Scan using k_4 on sbtest4  (cost=0.43..6.42 rows=99 width=4)
	  Index Cond: ((k >= 6384589) AND (k <= 6384689))

table 5 : explain SELECT k FROM sbtest5 WHERE k BETWEEN 6384589 AND 6384689
	Index Only Scan using k_5 on sbtest5  (cost=0.43..6.37 rows=97 width=4)
	  Index Cond: ((k >= 6384589) AND (k <= 6384689))

table 6 : explain SELECT k FROM sbtest6 WHERE k BETWEEN 6384589 AND 6384689
	Index Only Scan using k_6 on sbtest6  (cost=0.43..6.51 rows=104 width=4)
	  Index Cond: ((k >= 6384589) AND (k <= 6384689))

table 7 : explain SELECT k FROM sbtest7 WHERE k BETWEEN 6384589 AND 6384689
	Index Only Scan using k_7 on sbtest7  (cost=0.43..10.50 rows=103 width=4)
	  Index Cond: ((k >= 6384589) AND (k <= 6384689))

table 8 : explain SELECT k FROM sbtest8 WHERE k BETWEEN 6384589 AND 6384689
	Index Only Scan using k_8 on sbtest8  (cost=0.43..6.53 rows=105 width=4)
	  Index Cond: ((k >= 6384589) AND (k <= 6384689))

explain: for range-covered :: explain SELECT k FROM sbtest%d WHERE k BETWEEN 6384589 AND 6384689
for range-covered
table 1 : explain SELECT k FROM sbtest1 WHERE k BETWEEN 7761278 AND 7761378
	Index Only Scan using k_1 on sbtest1  (cost=0.43..6.35 rows=96 width=4)
	  Index Cond: ((k >= 7761278) AND (k <= 7761378))

table 2 : explain SELECT k FROM sbtest2 WHERE k BETWEEN 7761278 AND 7761378
	Index Only Scan using k_2 on sbtest2  (cost=0.43..6.29 rows=93 width=4)
	  Index Cond: ((k >= 7761278) AND (k <= 7761378))

table 3 : explain SELECT k FROM sbtest3 WHERE k BETWEEN 7761278 AND 7761378
	Index Only Scan using k_3 on sbtest3  (cost=0.43..6.43 rows=100 width=4)
	  Index Cond: ((k >= 7761278) AND (k <= 7761378))

table 4 : explain SELECT k FROM sbtest4 WHERE k BETWEEN 7761278 AND 7761378
	Index Only Scan using k_4 on sbtest4  (cost=0.43..6.35 rows=96 width=4)
	  Index Cond: ((k >= 7761278) AND (k <= 7761378))

table 5 : explain SELECT k FROM sbtest5 WHERE k BETWEEN 7761278 AND 7761378
	Index Only Scan using k_5 on sbtest5  (cost=0.43..6.37 rows=97 width=4)
	  Index Cond: ((k >= 7761278) AND (k <= 7761378))

table 6 : explain SELECT k FROM sbtest6 WHERE k BETWEEN 7761278 AND 7761378
	Index Only Scan using k_6 on sbtest6  (cost=0.43..6.50 rows=103 width=4)
	  Index Cond: ((k >= 7761278) AND (k <= 7761378))

table 7 : explain SELECT k FROM sbtest7 WHERE k BETWEEN 7761278 AND 7761378
	Index Only Scan using k_7 on sbtest7  (cost=0.43..10.40 rows=98 width=4)
	  Index Cond: ((k >= 7761278) AND (k <= 7761378))

table 8 : explain SELECT k FROM sbtest8 WHERE k BETWEEN 7761278 AND 7761378
	Index Only Scan using k_8 on sbtest8  (cost=0.43..6.61 rows=109 width=4)
	  Index Cond: ((k >= 7761278) AND (k <= 7761378))

explain: for range-covered :: explain SELECT k FROM sbtest%d WHERE k BETWEEN 7761278 AND 7761378
explain: for range-covered :: explain SELECT k FROM sbtest%d WHERE k BETWEEN 4940750 AND 4940850
for range-covered
table 1 : explain SELECT k FROM sbtest1 WHERE k BETWEEN 7545881 AND 7545981
	Index Only Scan using k_1 on sbtest1  (cost=0.43..6.47 rows=102 width=4)
	  Index Cond: ((k >= 7545881) AND (k <= 7545981))

table 2 : explain SELECT k FROM sbtest2 WHERE k BETWEEN 7545881 AND 7545981
	Index Only Scan using k_2 on sbtest2  (cost=0.43..6.51 rows=104 width=4)
	  Index Cond: ((k >= 7545881) AND (k <= 7545981))

table 3 : explain SELECT k FROM sbtest3 WHERE k BETWEEN 7545881 AND 7545981
	Index Only Scan using k_3 on sbtest3  (cost=0.43..6.51 rows=104 width=4)
	  Index Cond: ((k >= 7545881) AND (k <= 7545981))

table 4 : explain SELECT k FROM sbtest4 WHERE k BETWEEN 7545881 AND 7545981
	Index Only Scan using k_4 on sbtest4  (cost=0.43..6.66 rows=111 width=4)
	  Index Cond: ((k >= 7545881) AND (k <= 7545981))

table 5 : explain SELECT k FROM sbtest5 WHERE k BETWEEN 7545881 AND 7545981
	Index Only Scan using k_5 on sbtest5  (cost=0.43..6.42 rows=99 width=4)
	  Index Cond: ((k >= 7545881) AND (k <= 7545981))

table 6 : explain SELECT k FROM sbtest6 WHERE k BETWEEN 7545881 AND 7545981
	Index Only Scan using k_6 on sbtest6  (cost=0.43..6.58 rows=107 width=4)
	  Index Cond: ((k >= 7545881) AND (k <= 7545981))

table 7 : explain SELECT k FROM sbtest7 WHERE k BETWEEN 7545881 AND 7545981
	Index Only Scan using k_7 on sbtest7  (cost=0.43..10.36 rows=96 width=4)
	  Index Cond: ((k >= 7545881) AND (k <= 7545981))

table 8 : explain SELECT k FROM sbtest8 WHERE k BETWEEN 7545881 AND 7545981
	Index Only Scan using k_8 on sbtest8  (cost=0.43..6.77 rows=117 width=4)
	  Index Cond: ((k >= 7545881) AND (k <= 7545981))

explain: for range-covered :: explain SELECT k FROM sbtest%d WHERE k BETWEEN 7545881 AND 7545981
for range-covered
table 1 : explain SELECT k FROM sbtest1 WHERE k BETWEEN 8331284 AND 8331384
	Index Only Scan using k_1 on sbtest1  (cost=0.43..6.37 rows=97 width=4)
	  Index Cond: ((k >= 8331284) AND (k <= 8331384))

table 2 : explain SELECT k FROM sbtest2 WHERE k BETWEEN 8331284 AND 8331384
	Index Only Scan using k_2 on sbtest2  (cost=0.43..6.40 rows=98 width=4)
	  Index Cond: ((k >= 8331284) AND (k <= 8331384))

table 3 : explain SELECT k FROM sbtest3 WHERE k BETWEEN 8331284 AND 8331384
	Index Only Scan using k_3 on sbtest3  (cost=0.43..6.47 rows=102 width=4)
	  Index Cond: ((k >= 8331284) AND (k <= 8331384))

table 4 : explain SELECT k FROM sbtest4 WHERE k BETWEEN 8331284 AND 8331384
	Index Only Scan using k_4 on sbtest4  (cost=0.43..6.45 rows=101 width=4)
	  Index Cond: ((k >= 8331284) AND (k <= 8331384))

table 5 : explain SELECT k FROM sbtest5 WHERE k BETWEEN 8331284 AND 8331384
	Index Only Scan using k_5 on sbtest5  (cost=0.43..6.58 rows=107 width=4)
	  Index Cond: ((k >= 8331284) AND (k <= 8331384))

table 6 : explain SELECT k FROM sbtest6 WHERE k BETWEEN 8331284 AND 8331384
	Index Only Scan using k_6 on sbtest6  (cost=0.43..6.66 rows=111 width=4)
	  Index Cond: ((k >= 8331284) AND (k <= 8331384))

table 7 : explain SELECT k FROM sbtest7 WHERE k BETWEEN 8331284 AND 8331384
	Index Only Scan using k_7 on sbtest7  (cost=0.43..10.72 rows=114 width=4)
	  Index Cond: ((k >= 8331284) AND (k <= 8331384))

table 8 : explain SELECT k FROM sbtest8 WHERE k BETWEEN 8331284 AND 8331384
	Index Only Scan using k_8 on sbtest8  (cost=0.43..6.45 rows=101 width=4)
	  Index Cond: ((k >= 8331284) AND (k <= 8331384))

explain: for range-covered :: explain SELECT k FROM sbtest%d WHERE k BETWEEN 8331284 AND 8331384
for range-covered
table 1 : explain SELECT k FROM sbtest1 WHERE k BETWEEN 5861563 AND 5861663
	Index Only Scan using k_1 on sbtest1  (cost=0.43..6.56 rows=106 width=4)
	  Index Cond: ((k >= 5861563) AND (k <= 5861663))

table 2 : explain SELECT k FROM sbtest2 WHERE k BETWEEN 5861563 AND 5861663
	Index Only Scan using k_2 on sbtest2  (cost=0.43..6.51 rows=104 width=4)
	  Index Cond: ((k >= 5861563) AND (k <= 5861663))

table 3 : explain SELECT k FROM sbtest3 WHERE k BETWEEN 5861563 AND 5861663
	Index Only Scan using k_3 on sbtest3  (cost=0.43..6.40 rows=98 width=4)
	  Index Cond: ((k >= 5861563) AND (k <= 5861663))

table 4 : explain SELECT k FROM sbtest4 WHERE k BETWEEN 5861563 AND 5861663
	Index Only Scan using k_4 on sbtest4  (cost=0.43..6.69 rows=113 width=4)
	  Index Cond: ((k >= 5861563) AND (k <= 5861663))

table 5 : explain SELECT k FROM sbtest5 WHERE k BETWEEN 5861563 AND 5861663
	Index Only Scan using k_5 on sbtest5  (cost=0.43..6.42 rows=99 width=4)
	  Index Cond: ((k >= 5861563) AND (k <= 5861663))

table 6 : explain SELECT k FROM sbtest6 WHERE k BETWEEN 5861563 AND 5861663
	Index Only Scan using k_6 on sbtest6  (cost=0.43..6.63 rows=110 width=4)
	  Index Cond: ((k >= 5861563) AND (k <= 5861663))

table 7 : explain SELECT k FROM sbtest7 WHERE k BETWEEN 5861563 AND 5861663
	Index Only Scan using k_7 on sbtest7  (cost=0.43..10.46 rows=101 width=4)
	  Index Cond: ((k >= 5861563) AND (k <= 5861663))

table 8 : explain SELECT k FROM sbtest8 WHERE k BETWEEN 5861563 AND 5861663
	Index Only Scan using k_8 on sbtest8  (cost=0.43..6.29 rows=93 width=4)
	  Index Cond: ((k >= 5861563) AND (k <= 5861663))

explain: for range-covered :: explain SELECT k FROM sbtest%d WHERE k BETWEEN 5861563 AND 5861663
for range-covered
table 1 : explain SELECT k FROM sbtest1 WHERE k BETWEEN 7761278 AND 7761378
	Index Only Scan using k_1 on sbtest1  (cost=0.43..6.35 rows=96 width=4)
	  Index Cond: ((k >= 7761278) AND (k <= 7761378))

table 2 : explain SELECT k FROM sbtest2 WHERE k BETWEEN 7761278 AND 7761378
	Index Only Scan using k_2 on sbtest2  (cost=0.43..6.29 rows=93 width=4)
	  Index Cond: ((k >= 7761278) AND (k <= 7761378))

table 3 : explain SELECT k FROM sbtest3 WHERE k BETWEEN 7761278 AND 7761378
	Index Only Scan using k_3 on sbtest3  (cost=0.43..6.43 rows=100 width=4)
	  Index Cond: ((k >= 7761278) AND (k <= 7761378))

table 4 : explain SELECT k FROM sbtest4 WHERE k BETWEEN 7761278 AND 7761378
	Index Only Scan using k_4 on sbtest4  (cost=0.43..6.35 rows=96 width=4)
	  Index Cond: ((k >= 7761278) AND (k <= 7761378))

table 5 : explain SELECT k FROM sbtest5 WHERE k BETWEEN 7761278 AND 7761378
	Index Only Scan using k_5 on sbtest5  (cost=0.43..6.37 rows=97 width=4)
	  Index Cond: ((k >= 7761278) AND (k <= 7761378))

table 6 : explain SELECT k FROM sbtest6 WHERE k BETWEEN 7761278 AND 7761378
	Index Only Scan using k_6 on sbtest6  (cost=0.43..6.50 rows=103 width=4)
	  Index Cond: ((k >= 7761278) AND (k <= 7761378))

table 7 : explain SELECT k FROM sbtest7 WHERE k BETWEEN 7761278 AND 7761378
	Index Only Scan using k_7 on sbtest7  (cost=0.43..10.40 rows=98 width=4)
	  Index Cond: ((k >= 7761278) AND (k <= 7761378))

table 8 : explain SELECT k FROM sbtest8 WHERE k BETWEEN 7761278 AND 7761378
	Index Only Scan using k_8 on sbtest8  (cost=0.43..6.61 rows=109 width=4)
	  Index Cond: ((k >= 7761278) AND (k <= 7761378))

for range-covered
table 1 : explain SELECT k FROM sbtest1 WHERE k BETWEEN 6384589 AND 6384689
	Index Only Scan using k_1 on sbtest1  (cost=0.43..6.53 rows=105 width=4)
	  Index Cond: ((k >= 6384589) AND (k <= 6384689))

table 2 : explain SELECT k FROM sbtest2 WHERE k BETWEEN 6384589 AND 6384689
	Index Only Scan using k_2 on sbtest2  (cost=0.43..6.35 rows=96 width=4)
	  Index Cond: ((k >= 6384589) AND (k <= 6384689))

table 3 : explain SELECT k FROM sbtest3 WHERE k BETWEEN 6384589 AND 6384689
	Index Only Scan using k_3 on sbtest3  (cost=0.43..6.47 rows=102 width=4)
	  Index Cond: ((k >= 6384589) AND (k <= 6384689))

table 4 : explain SELECT k FROM sbtest4 WHERE k BETWEEN 6384589 AND 6384689
	Index Only Scan using k_4 on sbtest4  (cost=0.43..6.42 rows=99 width=4)
	  Index Cond: ((k >= 6384589) AND (k <= 6384689))

table 5 : explain SELECT k FROM sbtest5 WHERE k BETWEEN 6384589 AND 6384689
	Index Only Scan using k_5 on sbtest5  (cost=0.43..6.37 rows=97 width=4)
	  Index Cond: ((k >= 6384589) AND (k <= 6384689))

table 6 : explain SELECT k FROM sbtest6 WHERE k BETWEEN 6384589 AND 6384689
	Index Only Scan using k_6 on sbtest6  (cost=0.43..6.51 rows=104 width=4)
	  Index Cond: ((k >= 6384589) AND (k <= 6384689))

table 7 : explain SELECT k FROM sbtest7 WHERE k BETWEEN 6384589 AND 6384689
	Index Only Scan using k_7 on sbtest7  (cost=0.43..10.50 rows=103 width=4)
	  Index Cond: ((k >= 6384589) AND (k <= 6384689))

table 8 : explain SELECT k FROM sbtest8 WHERE k BETWEEN 6384589 AND 6384689
	Index Only Scan using k_8 on sbtest8  (cost=0.43..6.53 rows=105 width=4)
	  Index Cond: ((k >= 6384589) AND (k <= 6384689))

for range-covered
table 1 : explain SELECT k FROM sbtest1 WHERE k BETWEEN 8981956 AND 8982056
	Index Only Scan using k_1 on sbtest1  (cost=0.43..6.17 rows=87 width=4)
	  Index Cond: ((k >= 8981956) AND (k <= 8982056))

table 2 : explain SELECT k FROM sbtest2 WHERE k BETWEEN 8981956 AND 8982056
	Index Only Scan using k_2 on sbtest2  (cost=0.43..6.59 rows=108 width=4)
	  Index Cond: ((k >= 8981956) AND (k <= 8982056))

table 3 : explain SELECT k FROM sbtest3 WHERE k BETWEEN 8981956 AND 8982056
	Index Only Scan using k_3 on sbtest3  (cost=0.43..6.45 rows=101 width=4)
	  Index Cond: ((k >= 8981956) AND (k <= 8982056))

table 4 : explain SELECT k FROM sbtest4 WHERE k BETWEEN 8981956 AND 8982056
	Index Only Scan using k_4 on sbtest4  (cost=0.43..6.58 rows=107 width=4)
	  Index Cond: ((k >= 8981956) AND (k <= 8982056))

table 5 : explain SELECT k FROM sbtest5 WHERE k BETWEEN 8981956 AND 8982056
	Index Only Scan using k_5 on sbtest5  (cost=0.43..6.58 rows=107 width=4)
	  Index Cond: ((k >= 8981956) AND (k <= 8982056))

table 6 : explain SELECT k FROM sbtest6 WHERE k BETWEEN 8981956 AND 8982056
	Index Only Scan using k_6 on sbtest6  (cost=0.43..6.56 rows=106 width=4)
	  Index Cond: ((k >= 8981956) AND (k <= 8982056))

table 7 : explain SELECT k FROM sbtest7 WHERE k BETWEEN 8981956 AND 8982056
	Index Only Scan using k_7 on sbtest7  (cost=0.43..10.63 rows=110 width=4)
	  Index Cond: ((k >= 8981956) AND (k <= 8982056))

table 8 : explain SELECT k FROM sbtest8 WHERE k BETWEEN 8981956 AND 8982056
	Index Only Scan using k_8 on sbtest8  (cost=0.43..6.45 rows=101 width=4)
	  Index Cond: ((k >= 8981956) AND (k <= 8982056))

explain: for range-covered :: explain SELECT k FROM sbtest%d WHERE k BETWEEN 7761278 AND 7761378
for range-covered
table 1 : explain SELECT k FROM sbtest1 WHERE k BETWEEN 6114501 AND 6114601
	Index Only Scan using k_1 on sbtest1  (cost=0.43..6.51 rows=104 width=4)
	  Index Cond: ((k >= 6114501) AND (k <= 6114601))

table 2 : explain SELECT k FROM sbtest2 WHERE k BETWEEN 6114501 AND 6114601
	Index Only Scan using k_2 on sbtest2  (cost=0.43..6.58 rows=107 width=4)
	  Index Cond: ((k >= 6114501) AND (k <= 6114601))

table 3 : explain SELECT k FROM sbtest3 WHERE k BETWEEN 6114501 AND 6114601
	Index Only Scan using k_3 on sbtest3  (cost=0.43..6.32 rows=94 width=4)
	  Index Cond: ((k >= 6114501) AND (k <= 6114601))

table 4 : explain SELECT k FROM sbtest4 WHERE k BETWEEN 6114501 AND 6114601
	Index Only Scan using k_4 on sbtest4  (cost=0.43..6.45 rows=101 width=4)
	  Index Cond: ((k >= 6114501) AND (k <= 6114601))

table 5 : explain SELECT k FROM sbtest5 WHERE k BETWEEN 6114501 AND 6114601
	Index Only Scan using k_5 on sbtest5  (cost=0.43..6.37 rows=97 width=4)
	  Index Cond: ((k >= 6114501) AND (k <= 6114601))

table 6 : explain SELECT k FROM sbtest6 WHERE k BETWEEN 6114501 AND 6114601
	Index Only Scan using k_6 on sbtest6  (cost=0.43..6.53 rows=105 width=4)
	  Index Cond: ((k >= 6114501) AND (k <= 6114601))

table 7 : explain SELECT k FROM sbtest7 WHERE k BETWEEN 6114501 AND 6114601
	Index Only Scan using k_7 on sbtest7  (cost=0.43..10.50 rows=103 width=4)
	  Index Cond: ((k >= 6114501) AND (k <= 6114601))

table 8 : explain SELECT k FROM sbtest8 WHERE k BETWEEN 6114501 AND 6114601
	Index Only Scan using k_8 on sbtest8  (cost=0.43..6.59 rows=108 width=4)
	  Index Cond: ((k >= 6114501) AND (k <= 6114601))

explain: for range-covered :: explain SELECT k FROM sbtest%d WHERE k BETWEEN 6384589 AND 6384689
explain: for range-covered :: explain SELECT k FROM sbtest%d WHERE k BETWEEN 8981956 AND 8982056
for range-covered
table 1 : explain SELECT k FROM sbtest1 WHERE k BETWEEN 7545881 AND 7545981
	Index Only Scan using k_1 on sbtest1  (cost=0.43..6.47 rows=102 width=4)
	  Index Cond: ((k >= 7545881) AND (k <= 7545981))

table 2 : explain SELECT k FROM sbtest2 WHERE k BETWEEN 7545881 AND 7545981
	Index Only Scan using k_2 on sbtest2  (cost=0.43..6.51 rows=104 width=4)
	  Index Cond: ((k >= 7545881) AND (k <= 7545981))

table 3 : explain SELECT k FROM sbtest3 WHERE k BETWEEN 7545881 AND 7545981
	Index Only Scan using k_3 on sbtest3  (cost=0.43..6.51 rows=104 width=4)
	  Index Cond: ((k >= 7545881) AND (k <= 7545981))

table 4 : explain SELECT k FROM sbtest4 WHERE k BETWEEN 7545881 AND 7545981
	Index Only Scan using k_4 on sbtest4  (cost=0.43..6.66 rows=111 width=4)
	  Index Cond: ((k >= 7545881) AND (k <= 7545981))

table 5 : explain SELECT k FROM sbtest5 WHERE k BETWEEN 7545881 AND 7545981
	Index Only Scan using k_5 on sbtest5  (cost=0.43..6.42 rows=99 width=4)
	  Index Cond: ((k >= 7545881) AND (k <= 7545981))

table 6 : explain SELECT k FROM sbtest6 WHERE k BETWEEN 7545881 AND 7545981
	Index Only Scan using k_6 on sbtest6  (cost=0.43..6.58 rows=107 width=4)
	  Index Cond: ((k >= 7545881) AND (k <= 7545981))

table 7 : explain SELECT k FROM sbtest7 WHERE k BETWEEN 7545881 AND 7545981
	Index Only Scan using k_7 on sbtest7  (cost=0.43..10.36 rows=96 width=4)
	  Index Cond: ((k >= 7545881) AND (k <= 7545981))

table 8 : explain SELECT k FROM sbtest8 WHERE k BETWEEN 7545881 AND 7545981
	Index Only Scan using k_8 on sbtest8  (cost=0.43..6.77 rows=117 width=4)
	  Index Cond: ((k >= 7545881) AND (k <= 7545981))

for range-covered
table 1 : explain SELECT k FROM sbtest1 WHERE k BETWEEN 8331284 AND 8331384
	Index Only Scan using k_1 on sbtest1  (cost=0.43..6.37 rows=97 width=4)
	  Index Cond: ((k >= 8331284) AND (k <= 8331384))

table 2 : explain SELECT k FROM sbtest2 WHERE k BETWEEN 8331284 AND 8331384
	Index Only Scan using k_2 on sbtest2  (cost=0.43..6.40 rows=98 width=4)
	  Index Cond: ((k >= 8331284) AND (k <= 8331384))

table 3 : explain SELECT k FROM sbtest3 WHERE k BETWEEN 8331284 AND 8331384
	Index Only Scan using k_3 on sbtest3  (cost=0.43..6.47 rows=102 width=4)
	  Index Cond: ((k >= 8331284) AND (k <= 8331384))

table 4 : explain SELECT k FROM sbtest4 WHERE k BETWEEN 8331284 AND 8331384
	Index Only Scan using k_4 on sbtest4  (cost=0.43..6.45 rows=101 width=4)
	  Index Cond: ((k >= 8331284) AND (k <= 8331384))

table 5 : explain SELECT k FROM sbtest5 WHERE k BETWEEN 8331284 AND 8331384
	Index Only Scan using k_5 on sbtest5  (cost=0.43..6.58 rows=107 width=4)
	  Index Cond: ((k >= 8331284) AND (k <= 8331384))

table 6 : explain SELECT k FROM sbtest6 WHERE k BETWEEN 8331284 AND 8331384
	Index Only Scan using k_6 on sbtest6  (cost=0.43..6.66 rows=111 width=4)
	  Index Cond: ((k >= 8331284) AND (k <= 8331384))

table 7 : explain SELECT k FROM sbtest7 WHERE k BETWEEN 8331284 AND 8331384
	Index Only Scan using k_7 on sbtest7  (cost=0.43..10.72 rows=114 width=4)
	  Index Cond: ((k >= 8331284) AND (k <= 8331384))

table 8 : explain SELECT k FROM sbtest8 WHERE k BETWEEN 8331284 AND 8331384
	Index Only Scan using k_8 on sbtest8  (cost=0.43..6.45 rows=101 width=4)
	  Index Cond: ((k >= 8331284) AND (k <= 8331384))

explain: for range-covered :: explain SELECT k FROM sbtest%d WHERE k BETWEEN 6114501 AND 6114601
explain: for range-covered :: explain SELECT k FROM sbtest%d WHERE k BETWEEN 7545881 AND 7545981
explain: for range-covered :: explain SELECT k FROM sbtest%d WHERE k BETWEEN 8331284 AND 8331384
for range-covered
table 1 : explain SELECT k FROM sbtest1 WHERE k BETWEEN 5861563 AND 5861663
	Index Only Scan using k_1 on sbtest1  (cost=0.43..6.56 rows=106 width=4)
	  Index Cond: ((k >= 5861563) AND (k <= 5861663))

table 2 : explain SELECT k FROM sbtest2 WHERE k BETWEEN 5861563 AND 5861663
	Index Only Scan using k_2 on sbtest2  (cost=0.43..6.51 rows=104 width=4)
	  Index Cond: ((k >= 5861563) AND (k <= 5861663))

table 3 : explain SELECT k FROM sbtest3 WHERE k BETWEEN 5861563 AND 5861663
	Index Only Scan using k_3 on sbtest3  (cost=0.43..6.40 rows=98 width=4)
	  Index Cond: ((k >= 5861563) AND (k <= 5861663))

table 4 : explain SELECT k FROM sbtest4 WHERE k BETWEEN 5861563 AND 5861663
	Index Only Scan using k_4 on sbtest4  (cost=0.43..6.69 rows=113 width=4)
	  Index Cond: ((k >= 5861563) AND (k <= 5861663))

table 5 : explain SELECT k FROM sbtest5 WHERE k BETWEEN 5861563 AND 5861663
	Index Only Scan using k_5 on sbtest5  (cost=0.43..6.42 rows=99 width=4)
	  Index Cond: ((k >= 5861563) AND (k <= 5861663))

table 6 : explain SELECT k FROM sbtest6 WHERE k BETWEEN 5861563 AND 5861663
	Index Only Scan using k_6 on sbtest6  (cost=0.43..6.63 rows=110 width=4)
	  Index Cond: ((k >= 5861563) AND (k <= 5861663))

table 7 : explain SELECT k FROM sbtest7 WHERE k BETWEEN 5861563 AND 5861663
	Index Only Scan using k_7 on sbtest7  (cost=0.43..10.46 rows=101 width=4)
	  Index Cond: ((k >= 5861563) AND (k <= 5861663))

table 8 : explain SELECT k FROM sbtest8 WHERE k BETWEEN 5861563 AND 5861663
	Index Only Scan using k_8 on sbtest8  (cost=0.43..6.29 rows=93 width=4)
	  Index Cond: ((k >= 5861563) AND (k <= 5861663))

for range-covered
table 1 : explain SELECT k FROM sbtest1 WHERE k BETWEEN 1763979 AND 1764079
	Index Only Scan using k_1 on sbtest1  (cost=0.43..6.32 rows=94 width=4)
	  Index Cond: ((k >= 1763979) AND (k <= 1764079))

table 2 : explain SELECT k FROM sbtest2 WHERE k BETWEEN 1763979 AND 1764079
	Index Only Scan using k_2 on sbtest2  (cost=0.43..6.53 rows=105 width=4)
	  Index Cond: ((k >= 1763979) AND (k <= 1764079))

table 3 : explain SELECT k FROM sbtest3 WHERE k BETWEEN 1763979 AND 1764079
	Index Only Scan using k_3 on sbtest3  (cost=0.43..6.42 rows=99 width=4)
	  Index Cond: ((k >= 1763979) AND (k <= 1764079))

table 4 : explain SELECT k FROM sbtest4 WHERE k BETWEEN 1763979 AND 1764079
	Index Only Scan using k_4 on sbtest4  (cost=0.43..6.51 rows=104 width=4)
	  Index Cond: ((k >= 1763979) AND (k <= 1764079))

table 5 : explain SELECT k FROM sbtest5 WHERE k BETWEEN 1763979 AND 1764079
	Index Only Scan using k_5 on sbtest5  (cost=0.43..6.40 rows=98 width=4)
	  Index Cond: ((k >= 1763979) AND (k <= 1764079))

table 6 : explain SELECT k FROM sbtest6 WHERE k BETWEEN 1763979 AND 1764079
	Index Only Scan using k_6 on sbtest6  (cost=0.43..6.50 rows=103 width=4)
	  Index Cond: ((k >= 1763979) AND (k <= 1764079))

table 7 : explain SELECT k FROM sbtest7 WHERE k BETWEEN 1763979 AND 1764079
	Index Only Scan using k_7 on sbtest7  (cost=0.43..10.40 rows=98 width=4)
	  Index Cond: ((k >= 1763979) AND (k <= 1764079))

table 8 : explain SELECT k FROM sbtest8 WHERE k BETWEEN 1763979 AND 1764079
	Index Only Scan using k_8 on sbtest8  (cost=0.43..6.51 rows=104 width=4)
	  Index Cond: ((k >= 1763979) AND (k <= 1764079))

explain: for range-covered :: explain SELECT k FROM sbtest%d WHERE k BETWEEN 5861563 AND 5861663
explain: for range-covered :: explain SELECT k FROM sbtest%d WHERE k BETWEEN 1763979 AND 1764079
explain: for range-covered :: explain SELECT k FROM sbtest%d WHERE k BETWEEN 5481291 AND 5481391
for range-covered
table 1 : explain SELECT k FROM sbtest1 WHERE k BETWEEN 8981956 AND 8982056
	Index Only Scan using k_1 on sbtest1  (cost=0.43..6.17 rows=87 width=4)
	  Index Cond: ((k >= 8981956) AND (k <= 8982056))

table 2 : explain SELECT k FROM sbtest2 WHERE k BETWEEN 8981956 AND 8982056
	Index Only Scan using k_2 on sbtest2  (cost=0.43..6.59 rows=108 width=4)
	  Index Cond: ((k >= 8981956) AND (k <= 8982056))

table 3 : explain SELECT k FROM sbtest3 WHERE k BETWEEN 8981956 AND 8982056
	Index Only Scan using k_3 on sbtest3  (cost=0.43..6.45 rows=101 width=4)
	  Index Cond: ((k >= 8981956) AND (k <= 8982056))

table 4 : explain SELECT k FROM sbtest4 WHERE k BETWEEN 8981956 AND 8982056
	Index Only Scan using k_4 on sbtest4  (cost=0.43..6.58 rows=107 width=4)
	  Index Cond: ((k >= 8981956) AND (k <= 8982056))

table 5 : explain SELECT k FROM sbtest5 WHERE k BETWEEN 8981956 AND 8982056
	Index Only Scan using k_5 on sbtest5  (cost=0.43..6.58 rows=107 width=4)
	  Index Cond: ((k >= 8981956) AND (k <= 8982056))

table 6 : explain SELECT k FROM sbtest6 WHERE k BETWEEN 8981956 AND 8982056
	Index Only Scan using k_6 on sbtest6  (cost=0.43..6.56 rows=106 width=4)
	  Index Cond: ((k >= 8981956) AND (k <= 8982056))

table 7 : explain SELECT k FROM sbtest7 WHERE k BETWEEN 8981956 AND 8982056
	Index Only Scan using k_7 on sbtest7  (cost=0.43..10.63 rows=110 width=4)
	  Index Cond: ((k >= 8981956) AND (k <= 8982056))

table 8 : explain SELECT k FROM sbtest8 WHERE k BETWEEN 8981956 AND 8982056
	Index Only Scan using k_8 on sbtest8  (cost=0.43..6.45 rows=101 width=4)
	  Index Cond: ((k >= 8981956) AND (k <= 8982056))

for range-covered
table 1 : explain SELECT k FROM sbtest1 WHERE k BETWEEN 7545881 AND 7545981
	Index Only Scan using k_1 on sbtest1  (cost=0.43..6.47 rows=102 width=4)
	  Index Cond: ((k >= 7545881) AND (k <= 7545981))

table 2 : explain SELECT k FROM sbtest2 WHERE k BETWEEN 7545881 AND 7545981
	Index Only Scan using k_2 on sbtest2  (cost=0.43..6.51 rows=104 width=4)
	  Index Cond: ((k >= 7545881) AND (k <= 7545981))

table 3 : explain SELECT k FROM sbtest3 WHERE k BETWEEN 7545881 AND 7545981
	Index Only Scan using k_3 on sbtest3  (cost=0.43..6.51 rows=104 width=4)
	  Index Cond: ((k >= 7545881) AND (k <= 7545981))

table 4 : explain SELECT k FROM sbtest4 WHERE k BETWEEN 7545881 AND 7545981
	Index Only Scan using k_4 on sbtest4  (cost=0.43..6.66 rows=111 width=4)
	  Index Cond: ((k >= 7545881) AND (k <= 7545981))

table 5 : explain SELECT k FROM sbtest5 WHERE k BETWEEN 7545881 AND 7545981
	Index Only Scan using k_5 on sbtest5  (cost=0.43..6.42 rows=99 width=4)
	  Index Cond: ((k >= 7545881) AND (k <= 7545981))

table 6 : explain SELECT k FROM sbtest6 WHERE k BETWEEN 7545881 AND 7545981
	Index Only Scan using k_6 on sbtest6  (cost=0.43..6.58 rows=107 width=4)
	  Index Cond: ((k >= 7545881) AND (k <= 7545981))

table 7 : explain SELECT k FROM sbtest7 WHERE k BETWEEN 7545881 AND 7545981
	Index Only Scan using k_7 on sbtest7  (cost=0.43..10.36 rows=96 width=4)
	  Index Cond: ((k >= 7545881) AND (k <= 7545981))

table 8 : explain SELECT k FROM sbtest8 WHERE k BETWEEN 7545881 AND 7545981
	Index Only Scan using k_8 on sbtest8  (cost=0.43..6.77 rows=117 width=4)
	  Index Cond: ((k >= 7545881) AND (k <= 7545981))

for range-covered
table 1 : explain SELECT k FROM sbtest1 WHERE k BETWEEN 6114501 AND 6114601
	Index Only Scan using k_1 on sbtest1  (cost=0.43..6.51 rows=104 width=4)
	  Index Cond: ((k >= 6114501) AND (k <= 6114601))

table 2 : explain SELECT k FROM sbtest2 WHERE k BETWEEN 6114501 AND 6114601
	Index Only Scan using k_2 on sbtest2  (cost=0.43..6.58 rows=107 width=4)
	  Index Cond: ((k >= 6114501) AND (k <= 6114601))

table 3 : explain SELECT k FROM sbtest3 WHERE k BETWEEN 6114501 AND 6114601
	Index Only Scan using k_3 on sbtest3  (cost=0.43..6.32 rows=94 width=4)
	  Index Cond: ((k >= 6114501) AND (k <= 6114601))

table 4 : explain SELECT k FROM sbtest4 WHERE k BETWEEN 6114501 AND 6114601
	Index Only Scan using k_4 on sbtest4  (cost=0.43..6.45 rows=101 width=4)
	  Index Cond: ((k >= 6114501) AND (k <= 6114601))

table 5 : explain SELECT k FROM sbtest5 WHERE k BETWEEN 6114501 AND 6114601
	Index Only Scan using k_5 on sbtest5  (cost=0.43..6.37 rows=97 width=4)
	  Index Cond: ((k >= 6114501) AND (k <= 6114601))

table 6 : explain SELECT k FROM sbtest6 WHERE k BETWEEN 6114501 AND 6114601
	Index Only Scan using k_6 on sbtest6  (cost=0.43..6.53 rows=105 width=4)
	  Index Cond: ((k >= 6114501) AND (k <= 6114601))

table 7 : explain SELECT k FROM sbtest7 WHERE k BETWEEN 6114501 AND 6114601
	Index Only Scan using k_7 on sbtest7  (cost=0.43..10.50 rows=103 width=4)
	  Index Cond: ((k >= 6114501) AND (k <= 6114601))

table 8 : explain SELECT k FROM sbtest8 WHERE k BETWEEN 6114501 AND 6114601
	Index Only Scan using k_8 on sbtest8  (cost=0.43..6.59 rows=108 width=4)
	  Index Cond: ((k >= 6114501) AND (k <= 6114601))

explain: for range-covered :: explain SELECT k FROM sbtest%d WHERE k BETWEEN 8981956 AND 8982056
for range-covered
table 1 : explain SELECT k FROM sbtest1 WHERE k BETWEEN 8331284 AND 8331384
	Index Only Scan using k_1 on sbtest1  (cost=0.43..6.37 rows=97 width=4)
	  Index Cond: ((k >= 8331284) AND (k <= 8331384))

table 2 : explain SELECT k FROM sbtest2 WHERE k BETWEEN 8331284 AND 8331384
	Index Only Scan using k_2 on sbtest2  (cost=0.43..6.40 rows=98 width=4)
	  Index Cond: ((k >= 8331284) AND (k <= 8331384))

table 3 : explain SELECT k FROM sbtest3 WHERE k BETWEEN 8331284 AND 8331384
	Index Only Scan using k_3 on sbtest3  (cost=0.43..6.47 rows=102 width=4)
	  Index Cond: ((k >= 8331284) AND (k <= 8331384))

table 4 : explain SELECT k FROM sbtest4 WHERE k BETWEEN 8331284 AND 8331384
	Index Only Scan using k_4 on sbtest4  (cost=0.43..6.45 rows=101 width=4)
	  Index Cond: ((k >= 8331284) AND (k <= 8331384))

table 5 : explain SELECT k FROM sbtest5 WHERE k BETWEEN 8331284 AND 8331384
	Index Only Scan using k_5 on sbtest5  (cost=0.43..6.58 rows=107 width=4)
	  Index Cond: ((k >= 8331284) AND (k <= 8331384))

table 6 : explain SELECT k FROM sbtest6 WHERE k BETWEEN 8331284 AND 8331384
	Index Only Scan using k_6 on sbtest6  (cost=0.43..6.66 rows=111 width=4)
	  Index Cond: ((k >= 8331284) AND (k <= 8331384))

table 7 : explain SELECT k FROM sbtest7 WHERE k BETWEEN 8331284 AND 8331384
	Index Only Scan using k_7 on sbtest7  (cost=0.43..10.72 rows=114 width=4)
	  Index Cond: ((k >= 8331284) AND (k <= 8331384))

table 8 : explain SELECT k FROM sbtest8 WHERE k BETWEEN 8331284 AND 8331384
	Index Only Scan using k_8 on sbtest8  (cost=0.43..6.45 rows=101 width=4)
	  Index Cond: ((k >= 8331284) AND (k <= 8331384))

explain: for range-covered :: explain SELECT k FROM sbtest%d WHERE k BETWEEN 7545881 AND 7545981
explain: for range-covered :: explain SELECT k FROM sbtest%d WHERE k BETWEEN 6114501 AND 6114601
for range-covered
table 1 : explain SELECT k FROM sbtest1 WHERE k BETWEEN 5861563 AND 5861663
	Index Only Scan using k_1 on sbtest1  (cost=0.43..6.56 rows=106 width=4)
	  Index Cond: ((k >= 5861563) AND (k <= 5861663))

table 2 : explain SELECT k FROM sbtest2 WHERE k BETWEEN 5861563 AND 5861663
	Index Only Scan using k_2 on sbtest2  (cost=0.43..6.51 rows=104 width=4)
	  Index Cond: ((k >= 5861563) AND (k <= 5861663))

table 3 : explain SELECT k FROM sbtest3 WHERE k BETWEEN 5861563 AND 5861663
	Index Only Scan using k_3 on sbtest3  (cost=0.43..6.40 rows=98 width=4)
	  Index Cond: ((k >= 5861563) AND (k <= 5861663))

table 4 : explain SELECT k FROM sbtest4 WHERE k BETWEEN 5861563 AND 5861663
	Index Only Scan using k_4 on sbtest4  (cost=0.43..6.69 rows=113 width=4)
	  Index Cond: ((k >= 5861563) AND (k <= 5861663))

table 5 : explain SELECT k FROM sbtest5 WHERE k BETWEEN 5861563 AND 5861663
	Index Only Scan using k_5 on sbtest5  (cost=0.43..6.42 rows=99 width=4)
	  Index Cond: ((k >= 5861563) AND (k <= 5861663))

table 6 : explain SELECT k FROM sbtest6 WHERE k BETWEEN 5861563 AND 5861663
	Index Only Scan using k_6 on sbtest6  (cost=0.43..6.63 rows=110 width=4)
	  Index Cond: ((k >= 5861563) AND (k <= 5861663))

table 7 : explain SELECT k FROM sbtest7 WHERE k BETWEEN 5861563 AND 5861663
	Index Only Scan using k_7 on sbtest7  (cost=0.43..10.46 rows=101 width=4)
	  Index Cond: ((k >= 5861563) AND (k <= 5861663))

table 8 : explain SELECT k FROM sbtest8 WHERE k BETWEEN 5861563 AND 5861663
	Index Only Scan using k_8 on sbtest8  (cost=0.43..6.29 rows=93 width=4)
	  Index Cond: ((k >= 5861563) AND (k <= 5861663))

for range-covered
table 1 : explain SELECT k FROM sbtest1 WHERE k BETWEEN 1763979 AND 1764079
	Index Only Scan using k_1 on sbtest1  (cost=0.43..6.32 rows=94 width=4)
	  Index Cond: ((k >= 1763979) AND (k <= 1764079))

table 2 : explain SELECT k FROM sbtest2 WHERE k BETWEEN 1763979 AND 1764079
	Index Only Scan using k_2 on sbtest2  (cost=0.43..6.53 rows=105 width=4)
	  Index Cond: ((k >= 1763979) AND (k <= 1764079))

table 3 : explain SELECT k FROM sbtest3 WHERE k BETWEEN 1763979 AND 1764079
	Index Only Scan using k_3 on sbtest3  (cost=0.43..6.42 rows=99 width=4)
	  Index Cond: ((k >= 1763979) AND (k <= 1764079))

table 4 : explain SELECT k FROM sbtest4 WHERE k BETWEEN 1763979 AND 1764079
	Index Only Scan using k_4 on sbtest4  (cost=0.43..6.51 rows=104 width=4)
	  Index Cond: ((k >= 1763979) AND (k <= 1764079))

table 5 : explain SELECT k FROM sbtest5 WHERE k BETWEEN 1763979 AND 1764079
	Index Only Scan using k_5 on sbtest5  (cost=0.43..6.40 rows=98 width=4)
	  Index Cond: ((k >= 1763979) AND (k <= 1764079))

table 6 : explain SELECT k FROM sbtest6 WHERE k BETWEEN 1763979 AND 1764079
	Index Only Scan using k_6 on sbtest6  (cost=0.43..6.50 rows=103 width=4)
	  Index Cond: ((k >= 1763979) AND (k <= 1764079))

table 7 : explain SELECT k FROM sbtest7 WHERE k BETWEEN 1763979 AND 1764079
	Index Only Scan using k_7 on sbtest7  (cost=0.43..10.40 rows=98 width=4)
	  Index Cond: ((k >= 1763979) AND (k <= 1764079))

table 8 : explain SELECT k FROM sbtest8 WHERE k BETWEEN 1763979 AND 1764079
	Index Only Scan using k_8 on sbtest8  (cost=0.43..6.51 rows=104 width=4)
	  Index Cond: ((k >= 1763979) AND (k <= 1764079))

explain: for range-covered :: explain SELECT k FROM sbtest%d WHERE k BETWEEN 1763979 AND 1764079
for range-covered
table 1 : explain SELECT k FROM sbtest1 WHERE k BETWEEN 6384589 AND 6384689
	Index Only Scan using k_1 on sbtest1  (cost=0.43..6.53 rows=105 width=4)
	  Index Cond: ((k >= 6384589) AND (k <= 6384689))

table 2 : explain SELECT k FROM sbtest2 WHERE k BETWEEN 6384589 AND 6384689
	Index Only Scan using k_2 on sbtest2  (cost=0.43..6.35 rows=96 width=4)
	  Index Cond: ((k >= 6384589) AND (k <= 6384689))

table 3 : explain SELECT k FROM sbtest3 WHERE k BETWEEN 6384589 AND 6384689
	Index Only Scan using k_3 on sbtest3  (cost=0.43..6.47 rows=102 width=4)
	  Index Cond: ((k >= 6384589) AND (k <= 6384689))

table 4 : explain SELECT k FROM sbtest4 WHERE k BETWEEN 6384589 AND 6384689
	Index Only Scan using k_4 on sbtest4  (cost=0.43..6.42 rows=99 width=4)
	  Index Cond: ((k >= 6384589) AND (k <= 6384689))

table 5 : explain SELECT k FROM sbtest5 WHERE k BETWEEN 6384589 AND 6384689
	Index Only Scan using k_5 on sbtest5  (cost=0.43..6.37 rows=97 width=4)
	  Index Cond: ((k >= 6384589) AND (k <= 6384689))

table 6 : explain SELECT k FROM sbtest6 WHERE k BETWEEN 6384589 AND 6384689
	Index Only Scan using k_6 on sbtest6  (cost=0.43..6.51 rows=104 width=4)
	  Index Cond: ((k >= 6384589) AND (k <= 6384689))

table 7 : explain SELECT k FROM sbtest7 WHERE k BETWEEN 6384589 AND 6384689
	Index Only Scan using k_7 on sbtest7  (cost=0.43..10.50 rows=103 width=4)
	  Index Cond: ((k >= 6384589) AND (k <= 6384689))

table 8 : explain SELECT k FROM sbtest8 WHERE k BETWEEN 6384589 AND 6384689
	Index Only Scan using k_8 on sbtest8  (cost=0.43..6.53 rows=105 width=4)
	  Index Cond: ((k >= 6384589) AND (k <= 6384689))

explain: for range-covered :: explain SELECT k FROM sbtest%d WHERE k BETWEEN 6384589 AND 6384689
for range-covered
table 1 : explain SELECT k FROM sbtest1 WHERE k BETWEEN 8981956 AND 8982056
	Index Only Scan using k_1 on sbtest1  (cost=0.43..6.17 rows=87 width=4)
	  Index Cond: ((k >= 8981956) AND (k <= 8982056))

table 2 : explain SELECT k FROM sbtest2 WHERE k BETWEEN 8981956 AND 8982056
	Index Only Scan using k_2 on sbtest2  (cost=0.43..6.59 rows=108 width=4)
	  Index Cond: ((k >= 8981956) AND (k <= 8982056))

table 3 : explain SELECT k FROM sbtest3 WHERE k BETWEEN 8981956 AND 8982056
	Index Only Scan using k_3 on sbtest3  (cost=0.43..6.45 rows=101 width=4)
	  Index Cond: ((k >= 8981956) AND (k <= 8982056))

table 4 : explain SELECT k FROM sbtest4 WHERE k BETWEEN 8981956 AND 8982056
	Index Only Scan using k_4 on sbtest4  (cost=0.43..6.58 rows=107 width=4)
	  Index Cond: ((k >= 8981956) AND (k <= 8982056))

table 5 : explain SELECT k FROM sbtest5 WHERE k BETWEEN 8981956 AND 8982056
	Index Only Scan using k_5 on sbtest5  (cost=0.43..6.58 rows=107 width=4)
	  Index Cond: ((k >= 8981956) AND (k <= 8982056))

table 6 : explain SELECT k FROM sbtest6 WHERE k BETWEEN 8981956 AND 8982056
	Index Only Scan using k_6 on sbtest6  (cost=0.43..6.56 rows=106 width=4)
	  Index Cond: ((k >= 8981956) AND (k <= 8982056))

table 7 : explain SELECT k FROM sbtest7 WHERE k BETWEEN 8981956 AND 8982056
	Index Only Scan using k_7 on sbtest7  (cost=0.43..10.63 rows=110 width=4)
	  Index Cond: ((k >= 8981956) AND (k <= 8982056))

table 8 : explain SELECT k FROM sbtest8 WHERE k BETWEEN 8981956 AND 8982056
	Index Only Scan using k_8 on sbtest8  (cost=0.43..6.45 rows=101 width=4)
	  Index Cond: ((k >= 8981956) AND (k <= 8982056))

for range-covered
table 1 : explain SELECT k FROM sbtest1 WHERE k BETWEEN 7545881 AND 7545981
	Index Only Scan using k_1 on sbtest1  (cost=0.43..6.47 rows=102 width=4)
	  Index Cond: ((k >= 7545881) AND (k <= 7545981))

table 2 : explain SELECT k FROM sbtest2 WHERE k BETWEEN 7545881 AND 7545981
	Index Only Scan using k_2 on sbtest2  (cost=0.43..6.51 rows=104 width=4)
	  Index Cond: ((k >= 7545881) AND (k <= 7545981))

table 3 : explain SELECT k FROM sbtest3 WHERE k BETWEEN 7545881 AND 7545981
	Index Only Scan using k_3 on sbtest3  (cost=0.43..6.51 rows=104 width=4)
	  Index Cond: ((k >= 7545881) AND (k <= 7545981))

table 4 : explain SELECT k FROM sbtest4 WHERE k BETWEEN 7545881 AND 7545981
	Index Only Scan using k_4 on sbtest4  (cost=0.43..6.66 rows=111 width=4)
	  Index Cond: ((k >= 7545881) AND (k <= 7545981))

table 5 : explain SELECT k FROM sbtest5 WHERE k BETWEEN 7545881 AND 7545981
	Index Only Scan using k_5 on sbtest5  (cost=0.43..6.42 rows=99 width=4)
	  Index Cond: ((k >= 7545881) AND (k <= 7545981))

table 6 : explain SELECT k FROM sbtest6 WHERE k BETWEEN 7545881 AND 7545981
	Index Only Scan using k_6 on sbtest6  (cost=0.43..6.58 rows=107 width=4)
	  Index Cond: ((k >= 7545881) AND (k <= 7545981))

table 7 : explain SELECT k FROM sbtest7 WHERE k BETWEEN 7545881 AND 7545981
	Index Only Scan using k_7 on sbtest7  (cost=0.43..10.36 rows=96 width=4)
	  Index Cond: ((k >= 7545881) AND (k <= 7545981))

table 8 : explain SELECT k FROM sbtest8 WHERE k BETWEEN 7545881 AND 7545981
	Index Only Scan using k_8 on sbtest8  (cost=0.43..6.77 rows=117 width=4)
	  Index Cond: ((k >= 7545881) AND (k <= 7545981))

for range-covered
table 1 : explain SELECT k FROM sbtest1 WHERE k BETWEEN 6114501 AND 6114601
	Index Only Scan using k_1 on sbtest1  (cost=0.43..6.51 rows=104 width=4)
	  Index Cond: ((k >= 6114501) AND (k <= 6114601))

table 2 : explain SELECT k FROM sbtest2 WHERE k BETWEEN 6114501 AND 6114601
	Index Only Scan using k_2 on sbtest2  (cost=0.43..6.58 rows=107 width=4)
	  Index Cond: ((k >= 6114501) AND (k <= 6114601))

table 3 : explain SELECT k FROM sbtest3 WHERE k BETWEEN 6114501 AND 6114601
	Index Only Scan using k_3 on sbtest3  (cost=0.43..6.32 rows=94 width=4)
	  Index Cond: ((k >= 6114501) AND (k <= 6114601))

table 4 : explain SELECT k FROM sbtest4 WHERE k BETWEEN 6114501 AND 6114601
	Index Only Scan using k_4 on sbtest4  (cost=0.43..6.45 rows=101 width=4)
	  Index Cond: ((k >= 6114501) AND (k <= 6114601))

table 5 : explain SELECT k FROM sbtest5 WHERE k BETWEEN 6114501 AND 6114601
	Index Only Scan using k_5 on sbtest5  (cost=0.43..6.37 rows=97 width=4)
	  Index Cond: ((k >= 6114501) AND (k <= 6114601))

table 6 : explain SELECT k FROM sbtest6 WHERE k BETWEEN 6114501 AND 6114601
	Index Only Scan using k_6 on sbtest6  (cost=0.43..6.53 rows=105 width=4)
	  Index Cond: ((k >= 6114501) AND (k <= 6114601))

table 7 : explain SELECT k FROM sbtest7 WHERE k BETWEEN 6114501 AND 6114601
	Index Only Scan using k_7 on sbtest7  (cost=0.43..10.50 rows=103 width=4)
	  Index Cond: ((k >= 6114501) AND (k <= 6114601))

table 8 : explain SELECT k FROM sbtest8 WHERE k BETWEEN 6114501 AND 6114601
	Index Only Scan using k_8 on sbtest8  (cost=0.43..6.59 rows=108 width=4)
	  Index Cond: ((k >= 6114501) AND (k <= 6114601))

explain: for range-covered :: explain SELECT k FROM sbtest%d WHERE k BETWEEN 8981956 AND 8982056
explain: for range-covered :: explain SELECT k FROM sbtest%d WHERE k BETWEEN 7545881 AND 7545981
explain: for range-covered :: explain SELECT k FROM sbtest%d WHERE k BETWEEN 6114501 AND 6114601
explain: for range-covered :: explain SELECT k FROM sbtest%d WHERE k BETWEEN 3493867 AND 3493967
for range-covered
table 1 : explain SELECT k FROM sbtest1 WHERE k BETWEEN 1763979 AND 1764079
	Index Only Scan using k_1 on sbtest1  (cost=0.43..6.32 rows=94 width=4)
	  Index Cond: ((k >= 1763979) AND (k <= 1764079))

table 2 : explain SELECT k FROM sbtest2 WHERE k BETWEEN 1763979 AND 1764079
	Index Only Scan using k_2 on sbtest2  (cost=0.43..6.53 rows=105 width=4)
	  Index Cond: ((k >= 1763979) AND (k <= 1764079))

table 3 : explain SELECT k FROM sbtest3 WHERE k BETWEEN 1763979 AND 1764079
	Index Only Scan using k_3 on sbtest3  (cost=0.43..6.42 rows=99 width=4)
	  Index Cond: ((k >= 1763979) AND (k <= 1764079))

table 4 : explain SELECT k FROM sbtest4 WHERE k BETWEEN 1763979 AND 1764079
	Index Only Scan using k_4 on sbtest4  (cost=0.43..6.51 rows=104 width=4)
	  Index Cond: ((k >= 1763979) AND (k <= 1764079))

table 5 : explain SELECT k FROM sbtest5 WHERE k BETWEEN 1763979 AND 1764079
	Index Only Scan using k_5 on sbtest5  (cost=0.43..6.40 rows=98 width=4)
	  Index Cond: ((k >= 1763979) AND (k <= 1764079))

table 6 : explain SELECT k FROM sbtest6 WHERE k BETWEEN 1763979 AND 1764079
	Index Only Scan using k_6 on sbtest6  (cost=0.43..6.50 rows=103 width=4)
	  Index Cond: ((k >= 1763979) AND (k <= 1764079))

table 7 : explain SELECT k FROM sbtest7 WHERE k BETWEEN 1763979 AND 1764079
	Index Only Scan using k_7 on sbtest7  (cost=0.43..10.40 rows=98 width=4)
	  Index Cond: ((k >= 1763979) AND (k <= 1764079))

table 8 : explain SELECT k FROM sbtest8 WHERE k BETWEEN 1763979 AND 1764079
	Index Only Scan using k_8 on sbtest8  (cost=0.43..6.51 rows=104 width=4)
	  Index Cond: ((k >= 1763979) AND (k <= 1764079))

explain: for range-covered :: explain SELECT k FROM sbtest%d WHERE k BETWEEN 1763979 AND 1764079
for range-covered
table 1 : explain SELECT k FROM sbtest1 WHERE k BETWEEN 6384589 AND 6384689
	Index Only Scan using k_1 on sbtest1  (cost=0.43..6.53 rows=105 width=4)
	  Index Cond: ((k >= 6384589) AND (k <= 6384689))

table 2 : explain SELECT k FROM sbtest2 WHERE k BETWEEN 6384589 AND 6384689
	Index Only Scan using k_2 on sbtest2  (cost=0.43..6.35 rows=96 width=4)
	  Index Cond: ((k >= 6384589) AND (k <= 6384689))

table 3 : explain SELECT k FROM sbtest3 WHERE k BETWEEN 6384589 AND 6384689
	Index Only Scan using k_3 on sbtest3  (cost=0.43..6.47 rows=102 width=4)
	  Index Cond: ((k >= 6384589) AND (k <= 6384689))

table 4 : explain SELECT k FROM sbtest4 WHERE k BETWEEN 6384589 AND 6384689
	Index Only Scan using k_4 on sbtest4  (cost=0.43..6.42 rows=99 width=4)
	  Index Cond: ((k >= 6384589) AND (k <= 6384689))

table 5 : explain SELECT k FROM sbtest5 WHERE k BETWEEN 6384589 AND 6384689
	Index Only Scan using k_5 on sbtest5  (cost=0.43..6.37 rows=97 width=4)
	  Index Cond: ((k >= 6384589) AND (k <= 6384689))

table 6 : explain SELECT k FROM sbtest6 WHERE k BETWEEN 6384589 AND 6384689
	Index Only Scan using k_6 on sbtest6  (cost=0.43..6.51 rows=104 width=4)
	  Index Cond: ((k >= 6384589) AND (k <= 6384689))

table 7 : explain SELECT k FROM sbtest7 WHERE k BETWEEN 6384589 AND 6384689
	Index Only Scan using k_7 on sbtest7  (cost=0.43..10.50 rows=103 width=4)
	  Index Cond: ((k >= 6384589) AND (k <= 6384689))

table 8 : explain SELECT k FROM sbtest8 WHERE k BETWEEN 6384589 AND 6384689
	Index Only Scan using k_8 on sbtest8  (cost=0.43..6.53 rows=105 width=4)
	  Index Cond: ((k >= 6384589) AND (k <= 6384689))

explain: for range-covered :: explain SELECT k FROM sbtest%d WHERE k BETWEEN 6384589 AND 6384689
for range-covered
table 1 : explain SELECT k FROM sbtest1 WHERE k BETWEEN 8981956 AND 8982056
	Index Only Scan using k_1 on sbtest1  (cost=0.43..6.17 rows=87 width=4)
	  Index Cond: ((k >= 8981956) AND (k <= 8982056))

table 2 : explain SELECT k FROM sbtest2 WHERE k BETWEEN 8981956 AND 8982056
	Index Only Scan using k_2 on sbtest2  (cost=0.43..6.59 rows=108 width=4)
	  Index Cond: ((k >= 8981956) AND (k <= 8982056))

table 3 : explain SELECT k FROM sbtest3 WHERE k BETWEEN 8981956 AND 8982056
	Index Only Scan using k_3 on sbtest3  (cost=0.43..6.45 rows=101 width=4)
	  Index Cond: ((k >= 8981956) AND (k <= 8982056))

table 4 : explain SELECT k FROM sbtest4 WHERE k BETWEEN 8981956 AND 8982056
	Index Only Scan using k_4 on sbtest4  (cost=0.43..6.58 rows=107 width=4)
	  Index Cond: ((k >= 8981956) AND (k <= 8982056))

table 5 : explain SELECT k FROM sbtest5 WHERE k BETWEEN 8981956 AND 8982056
	Index Only Scan using k_5 on sbtest5  (cost=0.43..6.58 rows=107 width=4)
	  Index Cond: ((k >= 8981956) AND (k <= 8982056))

table 6 : explain SELECT k FROM sbtest6 WHERE k BETWEEN 8981956 AND 8982056
	Index Only Scan using k_6 on sbtest6  (cost=0.43..6.56 rows=106 width=4)
	  Index Cond: ((k >= 8981956) AND (k <= 8982056))

table 7 : explain SELECT k FROM sbtest7 WHERE k BETWEEN 8981956 AND 8982056
	Index Only Scan using k_7 on sbtest7  (cost=0.43..10.63 rows=110 width=4)
	  Index Cond: ((k >= 8981956) AND (k <= 8982056))

table 8 : explain SELECT k FROM sbtest8 WHERE k BETWEEN 8981956 AND 8982056
	Index Only Scan using k_8 on sbtest8  (cost=0.43..6.45 rows=101 width=4)
	  Index Cond: ((k >= 8981956) AND (k <= 8982056))

for range-covered
table 1 : explain SELECT k FROM sbtest1 WHERE k BETWEEN 6114501 AND 6114601
	Index Only Scan using k_1 on sbtest1  (cost=0.43..6.51 rows=104 width=4)
	  Index Cond: ((k >= 6114501) AND (k <= 6114601))

table 2 : explain SELECT k FROM sbtest2 WHERE k BETWEEN 6114501 AND 6114601
	Index Only Scan using k_2 on sbtest2  (cost=0.43..6.58 rows=107 width=4)
	  Index Cond: ((k >= 6114501) AND (k <= 6114601))

table 3 : explain SELECT k FROM sbtest3 WHERE k BETWEEN 6114501 AND 6114601
	Index Only Scan using k_3 on sbtest3  (cost=0.43..6.32 rows=94 width=4)
	  Index Cond: ((k >= 6114501) AND (k <= 6114601))

table 4 : explain SELECT k FROM sbtest4 WHERE k BETWEEN 6114501 AND 6114601
	Index Only Scan using k_4 on sbtest4  (cost=0.43..6.45 rows=101 width=4)
	  Index Cond: ((k >= 6114501) AND (k <= 6114601))

table 5 : explain SELECT k FROM sbtest5 WHERE k BETWEEN 6114501 AND 6114601
	Index Only Scan using k_5 on sbtest5  (cost=0.43..6.37 rows=97 width=4)
	  Index Cond: ((k >= 6114501) AND (k <= 6114601))

table 6 : explain SELECT k FROM sbtest6 WHERE k BETWEEN 6114501 AND 6114601
	Index Only Scan using k_6 on sbtest6  (cost=0.43..6.53 rows=105 width=4)
	  Index Cond: ((k >= 6114501) AND (k <= 6114601))

table 7 : explain SELECT k FROM sbtest7 WHERE k BETWEEN 6114501 AND 6114601
	Index Only Scan using k_7 on sbtest7  (cost=0.43..10.50 rows=103 width=4)
	  Index Cond: ((k >= 6114501) AND (k <= 6114601))

table 8 : explain SELECT k FROM sbtest8 WHERE k BETWEEN 6114501 AND 6114601
	Index Only Scan using k_8 on sbtest8  (cost=0.43..6.59 rows=108 width=4)
	  Index Cond: ((k >= 6114501) AND (k <= 6114601))

for range-covered
table 1 : explain SELECT k FROM sbtest1 WHERE k BETWEEN 7545881 AND 7545981
	Index Only Scan using k_1 on sbtest1  (cost=0.43..6.47 rows=102 width=4)
	  Index Cond: ((k >= 7545881) AND (k <= 7545981))

table 2 : explain SELECT k FROM sbtest2 WHERE k BETWEEN 7545881 AND 7545981
	Index Only Scan using k_2 on sbtest2  (cost=0.43..6.51 rows=104 width=4)
	  Index Cond: ((k >= 7545881) AND (k <= 7545981))

table 3 : explain SELECT k FROM sbtest3 WHERE k BETWEEN 7545881 AND 7545981
	Index Only Scan using k_3 on sbtest3  (cost=0.43..6.51 rows=104 width=4)
	  Index Cond: ((k >= 7545881) AND (k <= 7545981))

table 4 : explain SELECT k FROM sbtest4 WHERE k BETWEEN 7545881 AND 7545981
	Index Only Scan using k_4 on sbtest4  (cost=0.43..6.66 rows=111 width=4)
	  Index Cond: ((k >= 7545881) AND (k <= 7545981))

table 5 : explain SELECT k FROM sbtest5 WHERE k BETWEEN 7545881 AND 7545981
	Index Only Scan using k_5 on sbtest5  (cost=0.43..6.42 rows=99 width=4)
	  Index Cond: ((k >= 7545881) AND (k <= 7545981))

table 6 : explain SELECT k FROM sbtest6 WHERE k BETWEEN 7545881 AND 7545981
	Index Only Scan using k_6 on sbtest6  (cost=0.43..6.58 rows=107 width=4)
	  Index Cond: ((k >= 7545881) AND (k <= 7545981))

table 7 : explain SELECT k FROM sbtest7 WHERE k BETWEEN 7545881 AND 7545981
	Index Only Scan using k_7 on sbtest7  (cost=0.43..10.36 rows=96 width=4)
	  Index Cond: ((k >= 7545881) AND (k <= 7545981))

table 8 : explain SELECT k FROM sbtest8 WHERE k BETWEEN 7545881 AND 7545981
	Index Only Scan using k_8 on sbtest8  (cost=0.43..6.77 rows=117 width=4)
	  Index Cond: ((k >= 7545881) AND (k <= 7545981))

explain: for range-covered :: explain SELECT k FROM sbtest%d WHERE k BETWEEN 8981956 AND 8982056
explain: for range-covered :: explain SELECT k FROM sbtest%d WHERE k BETWEEN 6114501 AND 6114601
for range-covered
table 1 : explain SELECT k FROM sbtest1 WHERE k BETWEEN 1763979 AND 1764079
	Index Only Scan using k_1 on sbtest1  (cost=0.43..6.32 rows=94 width=4)
	  Index Cond: ((k >= 1763979) AND (k <= 1764079))

table 2 : explain SELECT k FROM sbtest2 WHERE k BETWEEN 1763979 AND 1764079
	Index Only Scan using k_2 on sbtest2  (cost=0.43..6.53 rows=105 width=4)
	  Index Cond: ((k >= 1763979) AND (k <= 1764079))

table 3 : explain SELECT k FROM sbtest3 WHERE k BETWEEN 1763979 AND 1764079
	Index Only Scan using k_3 on sbtest3  (cost=0.43..6.42 rows=99 width=4)
	  Index Cond: ((k >= 1763979) AND (k <= 1764079))

table 4 : explain SELECT k FROM sbtest4 WHERE k BETWEEN 1763979 AND 1764079
	Index Only Scan using k_4 on sbtest4  (cost=0.43..6.51 rows=104 width=4)
	  Index Cond: ((k >= 1763979) AND (k <= 1764079))

table 5 : explain SELECT k FROM sbtest5 WHERE k BETWEEN 1763979 AND 1764079
	Index Only Scan using k_5 on sbtest5  (cost=0.43..6.40 rows=98 width=4)
	  Index Cond: ((k >= 1763979) AND (k <= 1764079))

table 6 : explain SELECT k FROM sbtest6 WHERE k BETWEEN 1763979 AND 1764079
	Index Only Scan using k_6 on sbtest6  (cost=0.43..6.50 rows=103 width=4)
	  Index Cond: ((k >= 1763979) AND (k <= 1764079))

table 7 : explain SELECT k FROM sbtest7 WHERE k BETWEEN 1763979 AND 1764079
	Index Only Scan using k_7 on sbtest7  (cost=0.43..10.40 rows=98 width=4)
	  Index Cond: ((k >= 1763979) AND (k <= 1764079))

table 8 : explain SELECT k FROM sbtest8 WHERE k BETWEEN 1763979 AND 1764079
	Index Only Scan using k_8 on sbtest8  (cost=0.43..6.51 rows=104 width=4)
	  Index Cond: ((k >= 1763979) AND (k <= 1764079))

explain: for range-covered :: explain SELECT k FROM sbtest%d WHERE k BETWEEN 1763979 AND 1764079
for range-covered
table 1 : explain SELECT k FROM sbtest1 WHERE k BETWEEN 6384589 AND 6384689
	Index Only Scan using k_1 on sbtest1  (cost=0.43..6.53 rows=105 width=4)
	  Index Cond: ((k >= 6384589) AND (k <= 6384689))

table 2 : explain SELECT k FROM sbtest2 WHERE k BETWEEN 6384589 AND 6384689
	Index Only Scan using k_2 on sbtest2  (cost=0.43..6.35 rows=96 width=4)
	  Index Cond: ((k >= 6384589) AND (k <= 6384689))

table 3 : explain SELECT k FROM sbtest3 WHERE k BETWEEN 6384589 AND 6384689
	Index Only Scan using k_3 on sbtest3  (cost=0.43..6.47 rows=102 width=4)
	  Index Cond: ((k >= 6384589) AND (k <= 6384689))

table 4 : explain SELECT k FROM sbtest4 WHERE k BETWEEN 6384589 AND 6384689
	Index Only Scan using k_4 on sbtest4  (cost=0.43..6.42 rows=99 width=4)
	  Index Cond: ((k >= 6384589) AND (k <= 6384689))

table 5 : explain SELECT k FROM sbtest5 WHERE k BETWEEN 6384589 AND 6384689
	Index Only Scan using k_5 on sbtest5  (cost=0.43..6.37 rows=97 width=4)
	  Index Cond: ((k >= 6384589) AND (k <= 6384689))

table 6 : explain SELECT k FROM sbtest6 WHERE k BETWEEN 6384589 AND 6384689
	Index Only Scan using k_6 on sbtest6  (cost=0.43..6.51 rows=104 width=4)
	  Index Cond: ((k >= 6384589) AND (k <= 6384689))

table 7 : explain SELECT k FROM sbtest7 WHERE k BETWEEN 6384589 AND 6384689
	Index Only Scan using k_7 on sbtest7  (cost=0.43..10.50 rows=103 width=4)
	  Index Cond: ((k >= 6384589) AND (k <= 6384689))

table 8 : explain SELECT k FROM sbtest8 WHERE k BETWEEN 6384589 AND 6384689
	Index Only Scan using k_8 on sbtest8  (cost=0.43..6.53 rows=105 width=4)
	  Index Cond: ((k >= 6384589) AND (k <= 6384689))

for range-covered
table 1 : explain SELECT k FROM sbtest1 WHERE k BETWEEN 7761278 AND 7761378
	Index Only Scan using k_1 on sbtest1  (cost=0.43..6.35 rows=96 width=4)
	  Index Cond: ((k >= 7761278) AND (k <= 7761378))

table 2 : explain SELECT k FROM sbtest2 WHERE k BETWEEN 7761278 AND 7761378
	Index Only Scan using k_2 on sbtest2  (cost=0.43..6.29 rows=93 width=4)
	  Index Cond: ((k >= 7761278) AND (k <= 7761378))

table 3 : explain SELECT k FROM sbtest3 WHERE k BETWEEN 7761278 AND 7761378
	Index Only Scan using k_3 on sbtest3  (cost=0.43..6.43 rows=100 width=4)
	  Index Cond: ((k >= 7761278) AND (k <= 7761378))

table 4 : explain SELECT k FROM sbtest4 WHERE k BETWEEN 7761278 AND 7761378
	Index Only Scan using k_4 on sbtest4  (cost=0.43..6.35 rows=96 width=4)
	  Index Cond: ((k >= 7761278) AND (k <= 7761378))

table 5 : explain SELECT k FROM sbtest5 WHERE k BETWEEN 7761278 AND 7761378
	Index Only Scan using k_5 on sbtest5  (cost=0.43..6.37 rows=97 width=4)
	  Index Cond: ((k >= 7761278) AND (k <= 7761378))

table 6 : explain SELECT k FROM sbtest6 WHERE k BETWEEN 7761278 AND 7761378
	Index Only Scan using k_6 on sbtest6  (cost=0.43..6.50 rows=103 width=4)
	  Index Cond: ((k >= 7761278) AND (k <= 7761378))

table 7 : explain SELECT k FROM sbtest7 WHERE k BETWEEN 7761278 AND 7761378
	Index Only Scan using k_7 on sbtest7  (cost=0.43..10.40 rows=98 width=4)
	  Index Cond: ((k >= 7761278) AND (k <= 7761378))

table 8 : explain SELECT k FROM sbtest8 WHERE k BETWEEN 7761278 AND 7761378
	Index Only Scan using k_8 on sbtest8  (cost=0.43..6.61 rows=109 width=4)
	  Index Cond: ((k >= 7761278) AND (k <= 7761378))

explain: for range-covered :: explain SELECT k FROM sbtest%d WHERE k BETWEEN 6384589 AND 6384689
for range-covered
table 1 : explain SELECT k FROM sbtest1 WHERE k BETWEEN 5481291 AND 5481391
	Index Only Scan using k_1 on sbtest1  (cost=0.43..6.42 rows=99 width=4)
	  Index Cond: ((k >= 5481291) AND (k <= 5481391))

table 2 : explain SELECT k FROM sbtest2 WHERE k BETWEEN 5481291 AND 5481391
	Index Only Scan using k_2 on sbtest2  (cost=0.43..6.43 rows=100 width=4)
	  Index Cond: ((k >= 5481291) AND (k <= 5481391))

table 3 : explain SELECT k FROM sbtest3 WHERE k BETWEEN 5481291 AND 5481391
	Index Only Scan using k_3 on sbtest3  (cost=0.43..6.45 rows=101 width=4)
	  Index Cond: ((k >= 5481291) AND (k <= 5481391))

table 4 : explain SELECT k FROM sbtest4 WHERE k BETWEEN 5481291 AND 5481391
	Index Only Scan using k_4 on sbtest4  (cost=0.43..6.27 rows=92 width=4)
	  Index Cond: ((k >= 5481291) AND (k <= 5481391))

table 5 : explain SELECT k FROM sbtest5 WHERE k BETWEEN 5481291 AND 5481391
	Index Only Scan using k_5 on sbtest5  (cost=0.43..6.40 rows=98 width=4)
	  Index Cond: ((k >= 5481291) AND (k <= 5481391))

table 6 : explain SELECT k FROM sbtest6 WHERE k BETWEEN 5481291 AND 5481391
	Index Only Scan using k_6 on sbtest6  (cost=0.43..6.37 rows=97 width=4)
	  Index Cond: ((k >= 5481291) AND (k <= 5481391))

table 7 : explain SELECT k FROM sbtest7 WHERE k BETWEEN 5481291 AND 5481391
	Index Only Scan using k_7 on sbtest7  (cost=0.43..10.58 rows=107 width=4)
	  Index Cond: ((k >= 5481291) AND (k <= 5481391))

table 8 : explain SELECT k FROM sbtest8 WHERE k BETWEEN 5481291 AND 5481391
	Index Only Scan using k_8 on sbtest8  (cost=0.43..6.50 rows=103 width=4)
	  Index Cond: ((k >= 5481291) AND (k <= 5481391))

explain: for range-covered :: explain SELECT k FROM sbtest%d WHERE k BETWEEN 5481291 AND 5481391
for range-covered
table 1 : explain SELECT k FROM sbtest1 WHERE k BETWEEN 8981956 AND 8982056
	Index Only Scan using k_1 on sbtest1  (cost=0.43..6.17 rows=87 width=4)
	  Index Cond: ((k >= 8981956) AND (k <= 8982056))

table 2 : explain SELECT k FROM sbtest2 WHERE k BETWEEN 8981956 AND 8982056
	Index Only Scan using k_2 on sbtest2  (cost=0.43..6.59 rows=108 width=4)
	  Index Cond: ((k >= 8981956) AND (k <= 8982056))

table 3 : explain SELECT k FROM sbtest3 WHERE k BETWEEN 8981956 AND 8982056
	Index Only Scan using k_3 on sbtest3  (cost=0.43..6.45 rows=101 width=4)
	  Index Cond: ((k >= 8981956) AND (k <= 8982056))

table 4 : explain SELECT k FROM sbtest4 WHERE k BETWEEN 8981956 AND 8982056
	Index Only Scan using k_4 on sbtest4  (cost=0.43..6.58 rows=107 width=4)
	  Index Cond: ((k >= 8981956) AND (k <= 8982056))

table 5 : explain SELECT k FROM sbtest5 WHERE k BETWEEN 8981956 AND 8982056
	Index Only Scan using k_5 on sbtest5  (cost=0.43..6.58 rows=107 width=4)
	  Index Cond: ((k >= 8981956) AND (k <= 8982056))

table 6 : explain SELECT k FROM sbtest6 WHERE k BETWEEN 8981956 AND 8982056
	Index Only Scan using k_6 on sbtest6  (cost=0.43..6.56 rows=106 width=4)
	  Index Cond: ((k >= 8981956) AND (k <= 8982056))

table 7 : explain SELECT k FROM sbtest7 WHERE k BETWEEN 8981956 AND 8982056
	Index Only Scan using k_7 on sbtest7  (cost=0.43..10.63 rows=110 width=4)
	  Index Cond: ((k >= 8981956) AND (k <= 8982056))

table 8 : explain SELECT k FROM sbtest8 WHERE k BETWEEN 8981956 AND 8982056
	Index Only Scan using k_8 on sbtest8  (cost=0.43..6.45 rows=101 width=4)
	  Index Cond: ((k >= 8981956) AND (k <= 8982056))

for range-covered
table 1 : explain SELECT k FROM sbtest1 WHERE k BETWEEN 6114501 AND 6114601
	Index Only Scan using k_1 on sbtest1  (cost=0.43..6.51 rows=104 width=4)
	  Index Cond: ((k >= 6114501) AND (k <= 6114601))

table 2 : explain SELECT k FROM sbtest2 WHERE k BETWEEN 6114501 AND 6114601
	Index Only Scan using k_2 on sbtest2  (cost=0.43..6.58 rows=107 width=4)
	  Index Cond: ((k >= 6114501) AND (k <= 6114601))

table 3 : explain SELECT k FROM sbtest3 WHERE k BETWEEN 6114501 AND 6114601
	Index Only Scan using k_3 on sbtest3  (cost=0.43..6.32 rows=94 width=4)
	  Index Cond: ((k >= 6114501) AND (k <= 6114601))

table 4 : explain SELECT k FROM sbtest4 WHERE k BETWEEN 6114501 AND 6114601
	Index Only Scan using k_4 on sbtest4  (cost=0.43..6.45 rows=101 width=4)
	  Index Cond: ((k >= 6114501) AND (k <= 6114601))

table 5 : explain SELECT k FROM sbtest5 WHERE k BETWEEN 6114501 AND 6114601
	Index Only Scan using k_5 on sbtest5  (cost=0.43..6.37 rows=97 width=4)
	  Index Cond: ((k >= 6114501) AND (k <= 6114601))

table 6 : explain SELECT k FROM sbtest6 WHERE k BETWEEN 6114501 AND 6114601
	Index Only Scan using k_6 on sbtest6  (cost=0.43..6.53 rows=105 width=4)
	  Index Cond: ((k >= 6114501) AND (k <= 6114601))

table 7 : explain SELECT k FROM sbtest7 WHERE k BETWEEN 6114501 AND 6114601
	Index Only Scan using k_7 on sbtest7  (cost=0.43..10.50 rows=103 width=4)
	  Index Cond: ((k >= 6114501) AND (k <= 6114601))

table 8 : explain SELECT k FROM sbtest8 WHERE k BETWEEN 6114501 AND 6114601
	Index Only Scan using k_8 on sbtest8  (cost=0.43..6.59 rows=108 width=4)
	  Index Cond: ((k >= 6114501) AND (k <= 6114601))

explain: for range-covered :: explain SELECT k FROM sbtest%d WHERE k BETWEEN 8981956 AND 8982056
explain: for range-covered :: explain SELECT k FROM sbtest%d WHERE k BETWEEN 6114501 AND 6114601
for range-covered
table 1 : explain SELECT k FROM sbtest1 WHERE k BETWEEN 4490257 AND 4490357
	Index Only Scan using k_1 on sbtest1  (cost=0.43..6.45 rows=101 width=4)
	  Index Cond: ((k >= 4490257) AND (k <= 4490357))

table 2 : explain SELECT k FROM sbtest2 WHERE k BETWEEN 4490257 AND 4490357
	Index Only Scan using k_2 on sbtest2  (cost=0.43..6.63 rows=110 width=4)
	  Index Cond: ((k >= 4490257) AND (k <= 4490357))

table 3 : explain SELECT k FROM sbtest3 WHERE k BETWEEN 4490257 AND 4490357
	Index Only Scan using k_3 on sbtest3  (cost=0.43..6.45 rows=101 width=4)
	  Index Cond: ((k >= 4490257) AND (k <= 4490357))

table 4 : explain SELECT k FROM sbtest4 WHERE k BETWEEN 4490257 AND 4490357
	Index Only Scan using k_4 on sbtest4  (cost=0.43..6.58 rows=107 width=4)
	  Index Cond: ((k >= 4490257) AND (k <= 4490357))

table 5 : explain SELECT k FROM sbtest5 WHERE k BETWEEN 4490257 AND 4490357
	Index Only Scan using k_5 on sbtest5  (cost=0.43..6.63 rows=110 width=4)
	  Index Cond: ((k >= 4490257) AND (k <= 4490357))

table 6 : explain SELECT k FROM sbtest6 WHERE k BETWEEN 4490257 AND 4490357
	Index Only Scan using k_6 on sbtest6  (cost=0.43..6.33 rows=95 width=4)
	  Index Cond: ((k >= 4490257) AND (k <= 4490357))

table 7 : explain SELECT k FROM sbtest7 WHERE k BETWEEN 4490257 AND 4490357
	Index Only Scan using k_7 on sbtest7  (cost=0.43..10.51 rows=104 width=4)
	  Index Cond: ((k >= 4490257) AND (k <= 4490357))

table 8 : explain SELECT k FROM sbtest8 WHERE k BETWEEN 4490257 AND 4490357
	Index Only Scan using k_8 on sbtest8  (cost=0.43..6.59 rows=108 width=4)
	  Index Cond: ((k >= 4490257) AND (k <= 4490357))

explain: for range-covered :: explain SELECT k FROM sbtest%d WHERE k BETWEEN 4490257 AND 4490357
for range-covered
table 1 : explain SELECT k FROM sbtest1 WHERE k BETWEEN 1763979 AND 1764079
	Index Only Scan using k_1 on sbtest1  (cost=0.43..6.32 rows=94 width=4)
	  Index Cond: ((k >= 1763979) AND (k <= 1764079))

table 2 : explain SELECT k FROM sbtest2 WHERE k BETWEEN 1763979 AND 1764079
	Index Only Scan using k_2 on sbtest2  (cost=0.43..6.53 rows=105 width=4)
	  Index Cond: ((k >= 1763979) AND (k <= 1764079))

table 3 : explain SELECT k FROM sbtest3 WHERE k BETWEEN 1763979 AND 1764079
	Index Only Scan using k_3 on sbtest3  (cost=0.43..6.42 rows=99 width=4)
	  Index Cond: ((k >= 1763979) AND (k <= 1764079))

table 4 : explain SELECT k FROM sbtest4 WHERE k BETWEEN 1763979 AND 1764079
	Index Only Scan using k_4 on sbtest4  (cost=0.43..6.51 rows=104 width=4)
	  Index Cond: ((k >= 1763979) AND (k <= 1764079))

table 5 : explain SELECT k FROM sbtest5 WHERE k BETWEEN 1763979 AND 1764079
	Index Only Scan using k_5 on sbtest5  (cost=0.43..6.40 rows=98 width=4)
	  Index Cond: ((k >= 1763979) AND (k <= 1764079))

table 6 : explain SELECT k FROM sbtest6 WHERE k BETWEEN 1763979 AND 1764079
	Index Only Scan using k_6 on sbtest6  (cost=0.43..6.50 rows=103 width=4)
	  Index Cond: ((k >= 1763979) AND (k <= 1764079))

table 7 : explain SELECT k FROM sbtest7 WHERE k BETWEEN 1763979 AND 1764079
	Index Only Scan using k_7 on sbtest7  (cost=0.43..10.40 rows=98 width=4)
	  Index Cond: ((k >= 1763979) AND (k <= 1764079))

table 8 : explain SELECT k FROM sbtest8 WHERE k BETWEEN 1763979 AND 1764079
	Index Only Scan using k_8 on sbtest8  (cost=0.43..6.51 rows=104 width=4)
	  Index Cond: ((k >= 1763979) AND (k <= 1764079))

explain: for range-covered :: explain SELECT k FROM sbtest%d WHERE k BETWEEN 1763979 AND 1764079
for range-covered
table 1 : explain SELECT k FROM sbtest1 WHERE k BETWEEN 6384589 AND 6384689
	Index Only Scan using k_1 on sbtest1  (cost=0.43..6.53 rows=105 width=4)
	  Index Cond: ((k >= 6384589) AND (k <= 6384689))

table 2 : explain SELECT k FROM sbtest2 WHERE k BETWEEN 6384589 AND 6384689
	Index Only Scan using k_2 on sbtest2  (cost=0.43..6.35 rows=96 width=4)
	  Index Cond: ((k >= 6384589) AND (k <= 6384689))

table 3 : explain SELECT k FROM sbtest3 WHERE k BETWEEN 6384589 AND 6384689
	Index Only Scan using k_3 on sbtest3  (cost=0.43..6.47 rows=102 width=4)
	  Index Cond: ((k >= 6384589) AND (k <= 6384689))

table 4 : explain SELECT k FROM sbtest4 WHERE k BETWEEN 6384589 AND 6384689
	Index Only Scan using k_4 on sbtest4  (cost=0.43..6.42 rows=99 width=4)
	  Index Cond: ((k >= 6384589) AND (k <= 6384689))

table 5 : explain SELECT k FROM sbtest5 WHERE k BETWEEN 6384589 AND 6384689
	Index Only Scan using k_5 on sbtest5  (cost=0.43..6.37 rows=97 width=4)
	  Index Cond: ((k >= 6384589) AND (k <= 6384689))

table 6 : explain SELECT k FROM sbtest6 WHERE k BETWEEN 6384589 AND 6384689
	Index Only Scan using k_6 on sbtest6  (cost=0.43..6.51 rows=104 width=4)
	  Index Cond: ((k >= 6384589) AND (k <= 6384689))

table 7 : explain SELECT k FROM sbtest7 WHERE k BETWEEN 6384589 AND 6384689
	Index Only Scan using k_7 on sbtest7  (cost=0.43..10.50 rows=103 width=4)
	  Index Cond: ((k >= 6384589) AND (k <= 6384689))

table 8 : explain SELECT k FROM sbtest8 WHERE k BETWEEN 6384589 AND 6384689
	Index Only Scan using k_8 on sbtest8  (cost=0.43..6.53 rows=105 width=4)
	  Index Cond: ((k >= 6384589) AND (k <= 6384689))

explain: for range-covered :: explain SELECT k FROM sbtest%d WHERE k BETWEEN 6384589 AND 6384689
for range-covered
table 1 : explain SELECT k FROM sbtest1 WHERE k BETWEEN 5481291 AND 5481391
	Index Only Scan using k_1 on sbtest1  (cost=0.43..6.42 rows=99 width=4)
	  Index Cond: ((k >= 5481291) AND (k <= 5481391))

table 2 : explain SELECT k FROM sbtest2 WHERE k BETWEEN 5481291 AND 5481391
	Index Only Scan using k_2 on sbtest2  (cost=0.43..6.43 rows=100 width=4)
	  Index Cond: ((k >= 5481291) AND (k <= 5481391))

table 3 : explain SELECT k FROM sbtest3 WHERE k BETWEEN 5481291 AND 5481391
	Index Only Scan using k_3 on sbtest3  (cost=0.43..6.45 rows=101 width=4)
	  Index Cond: ((k >= 5481291) AND (k <= 5481391))

table 4 : explain SELECT k FROM sbtest4 WHERE k BETWEEN 5481291 AND 5481391
	Index Only Scan using k_4 on sbtest4  (cost=0.43..6.27 rows=92 width=4)
	  Index Cond: ((k >= 5481291) AND (k <= 5481391))

table 5 : explain SELECT k FROM sbtest5 WHERE k BETWEEN 5481291 AND 5481391
	Index Only Scan using k_5 on sbtest5  (cost=0.43..6.40 rows=98 width=4)
	  Index Cond: ((k >= 5481291) AND (k <= 5481391))

table 6 : explain SELECT k FROM sbtest6 WHERE k BETWEEN 5481291 AND 5481391
	Index Only Scan using k_6 on sbtest6  (cost=0.43..6.37 rows=97 width=4)
	  Index Cond: ((k >= 5481291) AND (k <= 5481391))

table 7 : explain SELECT k FROM sbtest7 WHERE k BETWEEN 5481291 AND 5481391
	Index Only Scan using k_7 on sbtest7  (cost=0.43..10.58 rows=107 width=4)
	  Index Cond: ((k >= 5481291) AND (k <= 5481391))

table 8 : explain SELECT k FROM sbtest8 WHERE k BETWEEN 5481291 AND 5481391
	Index Only Scan using k_8 on sbtest8  (cost=0.43..6.50 rows=103 width=4)
	  Index Cond: ((k >= 5481291) AND (k <= 5481391))

explain: for range-covered :: explain SELECT k FROM sbtest%d WHERE k BETWEEN 7333419 AND 7333519
explain: for range-covered :: explain SELECT k FROM sbtest%d WHERE k BETWEEN 2010315 AND 2010415
explain: for range-covered :: explain SELECT k FROM sbtest%d WHERE k BETWEEN 5481291 AND 5481391
for range-covered
table 1 : explain SELECT k FROM sbtest1 WHERE k BETWEEN 8981956 AND 8982056
	Index Only Scan using k_1 on sbtest1  (cost=0.43..6.17 rows=87 width=4)
	  Index Cond: ((k >= 8981956) AND (k <= 8982056))

table 2 : explain SELECT k FROM sbtest2 WHERE k BETWEEN 8981956 AND 8982056
	Index Only Scan using k_2 on sbtest2  (cost=0.43..6.59 rows=108 width=4)
	  Index Cond: ((k >= 8981956) AND (k <= 8982056))

table 3 : explain SELECT k FROM sbtest3 WHERE k BETWEEN 8981956 AND 8982056
	Index Only Scan using k_3 on sbtest3  (cost=0.43..6.45 rows=101 width=4)
	  Index Cond: ((k >= 8981956) AND (k <= 8982056))

table 4 : explain SELECT k FROM sbtest4 WHERE k BETWEEN 8981956 AND 8982056
	Index Only Scan using k_4 on sbtest4  (cost=0.43..6.58 rows=107 width=4)
	  Index Cond: ((k >= 8981956) AND (k <= 8982056))

table 5 : explain SELECT k FROM sbtest5 WHERE k BETWEEN 8981956 AND 8982056
	Index Only Scan using k_5 on sbtest5  (cost=0.43..6.58 rows=107 width=4)
	  Index Cond: ((k >= 8981956) AND (k <= 8982056))

table 6 : explain SELECT k FROM sbtest6 WHERE k BETWEEN 8981956 AND 8982056
	Index Only Scan using k_6 on sbtest6  (cost=0.43..6.56 rows=106 width=4)
	  Index Cond: ((k >= 8981956) AND (k <= 8982056))

table 7 : explain SELECT k FROM sbtest7 WHERE k BETWEEN 8981956 AND 8982056
	Index Only Scan using k_7 on sbtest7  (cost=0.43..10.63 rows=110 width=4)
	  Index Cond: ((k >= 8981956) AND (k <= 8982056))

table 8 : explain SELECT k FROM sbtest8 WHERE k BETWEEN 8981956 AND 8982056
	Index Only Scan using k_8 on sbtest8  (cost=0.43..6.45 rows=101 width=4)
	  Index Cond: ((k >= 8981956) AND (k <= 8982056))

for range-covered
table 1 : explain SELECT k FROM sbtest1 WHERE k BETWEEN 6114501 AND 6114601
	Index Only Scan using k_1 on sbtest1  (cost=0.43..6.51 rows=104 width=4)
	  Index Cond: ((k >= 6114501) AND (k <= 6114601))

table 2 : explain SELECT k FROM sbtest2 WHERE k BETWEEN 6114501 AND 6114601
	Index Only Scan using k_2 on sbtest2  (cost=0.43..6.58 rows=107 width=4)
	  Index Cond: ((k >= 6114501) AND (k <= 6114601))

table 3 : explain SELECT k FROM sbtest3 WHERE k BETWEEN 6114501 AND 6114601
	Index Only Scan using k_3 on sbtest3  (cost=0.43..6.32 rows=94 width=4)
	  Index Cond: ((k >= 6114501) AND (k <= 6114601))

table 4 : explain SELECT k FROM sbtest4 WHERE k BETWEEN 6114501 AND 6114601
	Index Only Scan using k_4 on sbtest4  (cost=0.43..6.45 rows=101 width=4)
	  Index Cond: ((k >= 6114501) AND (k <= 6114601))

table 5 : explain SELECT k FROM sbtest5 WHERE k BETWEEN 6114501 AND 6114601
	Index Only Scan using k_5 on sbtest5  (cost=0.43..6.37 rows=97 width=4)
	  Index Cond: ((k >= 6114501) AND (k <= 6114601))

table 6 : explain SELECT k FROM sbtest6 WHERE k BETWEEN 6114501 AND 6114601
	Index Only Scan using k_6 on sbtest6  (cost=0.43..6.53 rows=105 width=4)
	  Index Cond: ((k >= 6114501) AND (k <= 6114601))

table 7 : explain SELECT k FROM sbtest7 WHERE k BETWEEN 6114501 AND 6114601
	Index Only Scan using k_7 on sbtest7  (cost=0.43..10.50 rows=103 width=4)
	  Index Cond: ((k >= 6114501) AND (k <= 6114601))

table 8 : explain SELECT k FROM sbtest8 WHERE k BETWEEN 6114501 AND 6114601
	Index Only Scan using k_8 on sbtest8  (cost=0.43..6.59 rows=108 width=4)
	  Index Cond: ((k >= 6114501) AND (k <= 6114601))

explain: for range-covered :: explain SELECT k FROM sbtest%d WHERE k BETWEEN 8981956 AND 8982056
explain: for range-covered :: explain SELECT k FROM sbtest%d WHERE k BETWEEN 6114501 AND 6114601
for range-covered
table 1 : explain SELECT k FROM sbtest1 WHERE k BETWEEN 4490257 AND 4490357
	Index Only Scan using k_1 on sbtest1  (cost=0.43..6.45 rows=101 width=4)
	  Index Cond: ((k >= 4490257) AND (k <= 4490357))

table 2 : explain SELECT k FROM sbtest2 WHERE k BETWEEN 4490257 AND 4490357
	Index Only Scan using k_2 on sbtest2  (cost=0.43..6.63 rows=110 width=4)
	  Index Cond: ((k >= 4490257) AND (k <= 4490357))

table 3 : explain SELECT k FROM sbtest3 WHERE k BETWEEN 4490257 AND 4490357
	Index Only Scan using k_3 on sbtest3  (cost=0.43..6.45 rows=101 width=4)
	  Index Cond: ((k >= 4490257) AND (k <= 4490357))

table 4 : explain SELECT k FROM sbtest4 WHERE k BETWEEN 4490257 AND 4490357
	Index Only Scan using k_4 on sbtest4  (cost=0.43..6.58 rows=107 width=4)
	  Index Cond: ((k >= 4490257) AND (k <= 4490357))

table 5 : explain SELECT k FROM sbtest5 WHERE k BETWEEN 4490257 AND 4490357
	Index Only Scan using k_5 on sbtest5  (cost=0.43..6.63 rows=110 width=4)
	  Index Cond: ((k >= 4490257) AND (k <= 4490357))

table 6 : explain SELECT k FROM sbtest6 WHERE k BETWEEN 4490257 AND 4490357
	Index Only Scan using k_6 on sbtest6  (cost=0.43..6.33 rows=95 width=4)
	  Index Cond: ((k >= 4490257) AND (k <= 4490357))

table 7 : explain SELECT k FROM sbtest7 WHERE k BETWEEN 4490257 AND 4490357
	Index Only Scan using k_7 on sbtest7  (cost=0.43..10.51 rows=104 width=4)
	  Index Cond: ((k >= 4490257) AND (k <= 4490357))

table 8 : explain SELECT k FROM sbtest8 WHERE k BETWEEN 4490257 AND 4490357
	Index Only Scan using k_8 on sbtest8  (cost=0.43..6.59 rows=108 width=4)
	  Index Cond: ((k >= 4490257) AND (k <= 4490357))

explain: for range-covered :: explain SELECT k FROM sbtest%d WHERE k BETWEEN 4490257 AND 4490357
for range-covered
table 1 : explain SELECT k FROM sbtest1 WHERE k BETWEEN 3493867 AND 3493967
	Index Only Scan using k_1 on sbtest1  (cost=0.43..6.50 rows=103 width=4)
	  Index Cond: ((k >= 3493867) AND (k <= 3493967))

table 2 : explain SELECT k FROM sbtest2 WHERE k BETWEEN 3493867 AND 3493967
	Index Only Scan using k_2 on sbtest2  (cost=0.43..6.47 rows=102 width=4)
	  Index Cond: ((k >= 3493867) AND (k <= 3493967))

table 3 : explain SELECT k FROM sbtest3 WHERE k BETWEEN 3493867 AND 3493967
	Index Only Scan using k_3 on sbtest3  (cost=0.43..6.50 rows=103 width=4)
	  Index Cond: ((k >= 3493867) AND (k <= 3493967))

table 4 : explain SELECT k FROM sbtest4 WHERE k BETWEEN 3493867 AND 3493967
	Index Only Scan using k_4 on sbtest4  (cost=0.43..6.40 rows=98 width=4)
	  Index Cond: ((k >= 3493867) AND (k <= 3493967))

table 5 : explain SELECT k FROM sbtest5 WHERE k BETWEEN 3493867 AND 3493967
	Index Only Scan using k_5 on sbtest5  (cost=0.43..6.43 rows=100 width=4)
	  Index Cond: ((k >= 3493867) AND (k <= 3493967))

table 6 : explain SELECT k FROM sbtest6 WHERE k BETWEEN 3493867 AND 3493967
	Index Only Scan using k_6 on sbtest6  (cost=0.43..6.42 rows=99 width=4)
	  Index Cond: ((k >= 3493867) AND (k <= 3493967))

table 7 : explain SELECT k FROM sbtest7 WHERE k BETWEEN 3493867 AND 3493967
	Index Only Scan using k_7 on sbtest7  (cost=0.43..10.47 rows=102 width=4)
	  Index Cond: ((k >= 3493867) AND (k <= 3493967))

table 8 : explain SELECT k FROM sbtest8 WHERE k BETWEEN 3493867 AND 3493967
	Index Only Scan using k_8 on sbtest8  (cost=0.43..6.53 rows=105 width=4)
	  Index Cond: ((k >= 3493867) AND (k <= 3493967))

for range-covered
table 1 : explain SELECT k FROM sbtest1 WHERE k BETWEEN 1763979 AND 1764079
	Index Only Scan using k_1 on sbtest1  (cost=0.43..6.32 rows=94 width=4)
	  Index Cond: ((k >= 1763979) AND (k <= 1764079))

table 2 : explain SELECT k FROM sbtest2 WHERE k BETWEEN 1763979 AND 1764079
	Index Only Scan using k_2 on sbtest2  (cost=0.43..6.53 rows=105 width=4)
	  Index Cond: ((k >= 1763979) AND (k <= 1764079))

table 3 : explain SELECT k FROM sbtest3 WHERE k BETWEEN 1763979 AND 1764079
	Index Only Scan using k_3 on sbtest3  (cost=0.43..6.42 rows=99 width=4)
	  Index Cond: ((k >= 1763979) AND (k <= 1764079))

table 4 : explain SELECT k FROM sbtest4 WHERE k BETWEEN 1763979 AND 1764079
	Index Only Scan using k_4 on sbtest4  (cost=0.43..6.51 rows=104 width=4)
	  Index Cond: ((k >= 1763979) AND (k <= 1764079))

table 5 : explain SELECT k FROM sbtest5 WHERE k BETWEEN 1763979 AND 1764079
	Index Only Scan using k_5 on sbtest5  (cost=0.43..6.40 rows=98 width=4)
	  Index Cond: ((k >= 1763979) AND (k <= 1764079))

table 6 : explain SELECT k FROM sbtest6 WHERE k BETWEEN 1763979 AND 1764079
	Index Only Scan using k_6 on sbtest6  (cost=0.43..6.50 rows=103 width=4)
	  Index Cond: ((k >= 1763979) AND (k <= 1764079))

table 7 : explain SELECT k FROM sbtest7 WHERE k BETWEEN 1763979 AND 1764079
	Index Only Scan using k_7 on sbtest7  (cost=0.43..10.40 rows=98 width=4)
	  Index Cond: ((k >= 1763979) AND (k <= 1764079))

table 8 : explain SELECT k FROM sbtest8 WHERE k BETWEEN 1763979 AND 1764079
	Index Only Scan using k_8 on sbtest8  (cost=0.43..6.51 rows=104 width=4)
	  Index Cond: ((k >= 1763979) AND (k <= 1764079))

explain: for range-covered :: explain SELECT k FROM sbtest%d WHERE k BETWEEN 3493867 AND 3493967
explain: for range-covered :: explain SELECT k FROM sbtest%d WHERE k BETWEEN 1763979 AND 1764079
for range-covered
table 1 : explain SELECT k FROM sbtest1 WHERE k BETWEEN 6384589 AND 6384689
	Index Only Scan using k_1 on sbtest1  (cost=0.43..6.53 rows=105 width=4)
	  Index Cond: ((k >= 6384589) AND (k <= 6384689))

table 2 : explain SELECT k FROM sbtest2 WHERE k BETWEEN 6384589 AND 6384689
	Index Only Scan using k_2 on sbtest2  (cost=0.43..6.35 rows=96 width=4)
	  Index Cond: ((k >= 6384589) AND (k <= 6384689))

table 3 : explain SELECT k FROM sbtest3 WHERE k BETWEEN 6384589 AND 6384689
	Index Only Scan using k_3 on sbtest3  (cost=0.43..6.47 rows=102 width=4)
	  Index Cond: ((k >= 6384589) AND (k <= 6384689))

table 4 : explain SELECT k FROM sbtest4 WHERE k BETWEEN 6384589 AND 6384689
	Index Only Scan using k_4 on sbtest4  (cost=0.43..6.42 rows=99 width=4)
	  Index Cond: ((k >= 6384589) AND (k <= 6384689))

table 5 : explain SELECT k FROM sbtest5 WHERE k BETWEEN 6384589 AND 6384689
	Index Only Scan using k_5 on sbtest5  (cost=0.43..6.37 rows=97 width=4)
	  Index Cond: ((k >= 6384589) AND (k <= 6384689))

table 6 : explain SELECT k FROM sbtest6 WHERE k BETWEEN 6384589 AND 6384689
	Index Only Scan using k_6 on sbtest6  (cost=0.43..6.51 rows=104 width=4)
	  Index Cond: ((k >= 6384589) AND (k <= 6384689))

table 7 : explain SELECT k FROM sbtest7 WHERE k BETWEEN 6384589 AND 6384689
	Index Only Scan using k_7 on sbtest7  (cost=0.43..10.50 rows=103 width=4)
	  Index Cond: ((k >= 6384589) AND (k <= 6384689))

table 8 : explain SELECT k FROM sbtest8 WHERE k BETWEEN 6384589 AND 6384689
	Index Only Scan using k_8 on sbtest8  (cost=0.43..6.53 rows=105 width=4)
	  Index Cond: ((k >= 6384589) AND (k <= 6384689))

explain: for range-covered :: explain SELECT k FROM sbtest%d WHERE k BETWEEN 6384589 AND 6384689
for range-covered
table 1 : explain SELECT k FROM sbtest1 WHERE k BETWEEN 5481291 AND 5481391
	Index Only Scan using k_1 on sbtest1  (cost=0.43..6.42 rows=99 width=4)
	  Index Cond: ((k >= 5481291) AND (k <= 5481391))

table 2 : explain SELECT k FROM sbtest2 WHERE k BETWEEN 5481291 AND 5481391
	Index Only Scan using k_2 on sbtest2  (cost=0.43..6.43 rows=100 width=4)
	  Index Cond: ((k >= 5481291) AND (k <= 5481391))

table 3 : explain SELECT k FROM sbtest3 WHERE k BETWEEN 5481291 AND 5481391
	Index Only Scan using k_3 on sbtest3  (cost=0.43..6.45 rows=101 width=4)
	  Index Cond: ((k >= 5481291) AND (k <= 5481391))

table 4 : explain SELECT k FROM sbtest4 WHERE k BETWEEN 5481291 AND 5481391
	Index Only Scan using k_4 on sbtest4  (cost=0.43..6.27 rows=92 width=4)
	  Index Cond: ((k >= 5481291) AND (k <= 5481391))

table 5 : explain SELECT k FROM sbtest5 WHERE k BETWEEN 5481291 AND 5481391
	Index Only Scan using k_5 on sbtest5  (cost=0.43..6.40 rows=98 width=4)
	  Index Cond: ((k >= 5481291) AND (k <= 5481391))

table 6 : explain SELECT k FROM sbtest6 WHERE k BETWEEN 5481291 AND 5481391
	Index Only Scan using k_6 on sbtest6  (cost=0.43..6.37 rows=97 width=4)
	  Index Cond: ((k >= 5481291) AND (k <= 5481391))

table 7 : explain SELECT k FROM sbtest7 WHERE k BETWEEN 5481291 AND 5481391
	Index Only Scan using k_7 on sbtest7  (cost=0.43..10.58 rows=107 width=4)
	  Index Cond: ((k >= 5481291) AND (k <= 5481391))

table 8 : explain SELECT k FROM sbtest8 WHERE k BETWEEN 5481291 AND 5481391
	Index Only Scan using k_8 on sbtest8  (cost=0.43..6.50 rows=103 width=4)
	  Index Cond: ((k >= 5481291) AND (k <= 5481391))

explain: for range-covered :: explain SELECT k FROM sbtest%d WHERE k BETWEEN 5481291 AND 5481391
for range-covered
table 1 : explain SELECT k FROM sbtest1 WHERE k BETWEEN 6114501 AND 6114601
	Index Only Scan using k_1 on sbtest1  (cost=0.43..6.51 rows=104 width=4)
	  Index Cond: ((k >= 6114501) AND (k <= 6114601))

table 2 : explain SELECT k FROM sbtest2 WHERE k BETWEEN 6114501 AND 6114601
	Index Only Scan using k_2 on sbtest2  (cost=0.43..6.58 rows=107 width=4)
	  Index Cond: ((k >= 6114501) AND (k <= 6114601))

table 3 : explain SELECT k FROM sbtest3 WHERE k BETWEEN 6114501 AND 6114601
	Index Only Scan using k_3 on sbtest3  (cost=0.43..6.32 rows=94 width=4)
	  Index Cond: ((k >= 6114501) AND (k <= 6114601))

table 4 : explain SELECT k FROM sbtest4 WHERE k BETWEEN 6114501 AND 6114601
	Index Only Scan using k_4 on sbtest4  (cost=0.43..6.45 rows=101 width=4)
	  Index Cond: ((k >= 6114501) AND (k <= 6114601))

table 5 : explain SELECT k FROM sbtest5 WHERE k BETWEEN 6114501 AND 6114601
	Index Only Scan using k_5 on sbtest5  (cost=0.43..6.37 rows=97 width=4)
	  Index Cond: ((k >= 6114501) AND (k <= 6114601))

table 6 : explain SELECT k FROM sbtest6 WHERE k BETWEEN 6114501 AND 6114601
	Index Only Scan using k_6 on sbtest6  (cost=0.43..6.53 rows=105 width=4)
	  Index Cond: ((k >= 6114501) AND (k <= 6114601))

table 7 : explain SELECT k FROM sbtest7 WHERE k BETWEEN 6114501 AND 6114601
	Index Only Scan using k_7 on sbtest7  (cost=0.43..10.50 rows=103 width=4)
	  Index Cond: ((k >= 6114501) AND (k <= 6114601))

table 8 : explain SELECT k FROM sbtest8 WHERE k BETWEEN 6114501 AND 6114601
	Index Only Scan using k_8 on sbtest8  (cost=0.43..6.59 rows=108 width=4)
	  Index Cond: ((k >= 6114501) AND (k <= 6114601))

explain: for range-covered :: explain SELECT k FROM sbtest%d WHERE k BETWEEN 6114501 AND 6114601
for range-covered
table 1 : explain SELECT k FROM sbtest1 WHERE k BETWEEN 1763979 AND 1764079
	Index Only Scan using k_1 on sbtest1  (cost=0.43..6.32 rows=94 width=4)
	  Index Cond: ((k >= 1763979) AND (k <= 1764079))

table 2 : explain SELECT k FROM sbtest2 WHERE k BETWEEN 1763979 AND 1764079
	Index Only Scan using k_2 on sbtest2  (cost=0.43..6.53 rows=105 width=4)
	  Index Cond: ((k >= 1763979) AND (k <= 1764079))

table 3 : explain SELECT k FROM sbtest3 WHERE k BETWEEN 1763979 AND 1764079
	Index Only Scan using k_3 on sbtest3  (cost=0.43..6.42 rows=99 width=4)
	  Index Cond: ((k >= 1763979) AND (k <= 1764079))

table 4 : explain SELECT k FROM sbtest4 WHERE k BETWEEN 1763979 AND 1764079
	Index Only Scan using k_4 on sbtest4  (cost=0.43..6.51 rows=104 width=4)
	  Index Cond: ((k >= 1763979) AND (k <= 1764079))

table 5 : explain SELECT k FROM sbtest5 WHERE k BETWEEN 1763979 AND 1764079
	Index Only Scan using k_5 on sbtest5  (cost=0.43..6.40 rows=98 width=4)
	  Index Cond: ((k >= 1763979) AND (k <= 1764079))

table 6 : explain SELECT k FROM sbtest6 WHERE k BETWEEN 1763979 AND 1764079
	Index Only Scan using k_6 on sbtest6  (cost=0.43..6.50 rows=103 width=4)
	  Index Cond: ((k >= 1763979) AND (k <= 1764079))

table 7 : explain SELECT k FROM sbtest7 WHERE k BETWEEN 1763979 AND 1764079
	Index Only Scan using k_7 on sbtest7  (cost=0.43..10.40 rows=98 width=4)
	  Index Cond: ((k >= 1763979) AND (k <= 1764079))

table 8 : explain SELECT k FROM sbtest8 WHERE k BETWEEN 1763979 AND 1764079
	Index Only Scan using k_8 on sbtest8  (cost=0.43..6.51 rows=104 width=4)
	  Index Cond: ((k >= 1763979) AND (k <= 1764079))

explain: for range-covered :: explain SELECT k FROM sbtest%d WHERE k BETWEEN 1763979 AND 1764079
for range-covered
table 1 : explain SELECT k FROM sbtest1 WHERE k BETWEEN 3493867 AND 3493967
	Index Only Scan using k_1 on sbtest1  (cost=0.43..6.50 rows=103 width=4)
	  Index Cond: ((k >= 3493867) AND (k <= 3493967))

table 2 : explain SELECT k FROM sbtest2 WHERE k BETWEEN 3493867 AND 3493967
	Index Only Scan using k_2 on sbtest2  (cost=0.43..6.47 rows=102 width=4)
	  Index Cond: ((k >= 3493867) AND (k <= 3493967))

table 3 : explain SELECT k FROM sbtest3 WHERE k BETWEEN 3493867 AND 3493967
	Index Only Scan using k_3 on sbtest3  (cost=0.43..6.50 rows=103 width=4)
	  Index Cond: ((k >= 3493867) AND (k <= 3493967))

table 4 : explain SELECT k FROM sbtest4 WHERE k BETWEEN 3493867 AND 3493967
	Index Only Scan using k_4 on sbtest4  (cost=0.43..6.40 rows=98 width=4)
	  Index Cond: ((k >= 3493867) AND (k <= 3493967))

table 5 : explain SELECT k FROM sbtest5 WHERE k BETWEEN 3493867 AND 3493967
	Index Only Scan using k_5 on sbtest5  (cost=0.43..6.43 rows=100 width=4)
	  Index Cond: ((k >= 3493867) AND (k <= 3493967))

table 6 : explain SELECT k FROM sbtest6 WHERE k BETWEEN 3493867 AND 3493967
	Index Only Scan using k_6 on sbtest6  (cost=0.43..6.42 rows=99 width=4)
	  Index Cond: ((k >= 3493867) AND (k <= 3493967))

table 7 : explain SELECT k FROM sbtest7 WHERE k BETWEEN 3493867 AND 3493967
	Index Only Scan using k_7 on sbtest7  (cost=0.43..10.47 rows=102 width=4)
	  Index Cond: ((k >= 3493867) AND (k <= 3493967))

table 8 : explain SELECT k FROM sbtest8 WHERE k BETWEEN 3493867 AND 3493967
	Index Only Scan using k_8 on sbtest8  (cost=0.43..6.53 rows=105 width=4)
	  Index Cond: ((k >= 3493867) AND (k <= 3493967))

for range-covered
table 1 : explain SELECT k FROM sbtest1 WHERE k BETWEEN 6384589 AND 6384689
	Index Only Scan using k_1 on sbtest1  (cost=0.43..6.53 rows=105 width=4)
	  Index Cond: ((k >= 6384589) AND (k <= 6384689))

table 2 : explain SELECT k FROM sbtest2 WHERE k BETWEEN 6384589 AND 6384689
	Index Only Scan using k_2 on sbtest2  (cost=0.43..6.35 rows=96 width=4)
	  Index Cond: ((k >= 6384589) AND (k <= 6384689))

table 3 : explain SELECT k FROM sbtest3 WHERE k BETWEEN 6384589 AND 6384689
	Index Only Scan using k_3 on sbtest3  (cost=0.43..6.47 rows=102 width=4)
	  Index Cond: ((k >= 6384589) AND (k <= 6384689))

table 4 : explain SELECT k FROM sbtest4 WHERE k BETWEEN 6384589 AND 6384689
	Index Only Scan using k_4 on sbtest4  (cost=0.43..6.42 rows=99 width=4)
	  Index Cond: ((k >= 6384589) AND (k <= 6384689))

table 5 : explain SELECT k FROM sbtest5 WHERE k BETWEEN 6384589 AND 6384689
	Index Only Scan using k_5 on sbtest5  (cost=0.43..6.37 rows=97 width=4)
	  Index Cond: ((k >= 6384589) AND (k <= 6384689))

table 6 : explain SELECT k FROM sbtest6 WHERE k BETWEEN 6384589 AND 6384689
	Index Only Scan using k_6 on sbtest6  (cost=0.43..6.51 rows=104 width=4)
	  Index Cond: ((k >= 6384589) AND (k <= 6384689))

table 7 : explain SELECT k FROM sbtest7 WHERE k BETWEEN 6384589 AND 6384689
	Index Only Scan using k_7 on sbtest7  (cost=0.43..10.50 rows=103 width=4)
	  Index Cond: ((k >= 6384589) AND (k <= 6384689))

table 8 : explain SELECT k FROM sbtest8 WHERE k BETWEEN 6384589 AND 6384689
	Index Only Scan using k_8 on sbtest8  (cost=0.43..6.53 rows=105 width=4)
	  Index Cond: ((k >= 6384589) AND (k <= 6384689))

explain: for range-covered :: explain SELECT k FROM sbtest%d WHERE k BETWEEN 3493867 AND 3493967
for range-covered
table 1 : explain SELECT k FROM sbtest1 WHERE k BETWEEN 5481291 AND 5481391
	Index Only Scan using k_1 on sbtest1  (cost=0.43..6.42 rows=99 width=4)
	  Index Cond: ((k >= 5481291) AND (k <= 5481391))

table 2 : explain SELECT k FROM sbtest2 WHERE k BETWEEN 5481291 AND 5481391
	Index Only Scan using k_2 on sbtest2  (cost=0.43..6.43 rows=100 width=4)
	  Index Cond: ((k >= 5481291) AND (k <= 5481391))

table 3 : explain SELECT k FROM sbtest3 WHERE k BETWEEN 5481291 AND 5481391
	Index Only Scan using k_3 on sbtest3  (cost=0.43..6.45 rows=101 width=4)
	  Index Cond: ((k >= 5481291) AND (k <= 5481391))

table 4 : explain SELECT k FROM sbtest4 WHERE k BETWEEN 5481291 AND 5481391
	Index Only Scan using k_4 on sbtest4  (cost=0.43..6.27 rows=92 width=4)
	  Index Cond: ((k >= 5481291) AND (k <= 5481391))

table 5 : explain SELECT k FROM sbtest5 WHERE k BETWEEN 5481291 AND 5481391
	Index Only Scan using k_5 on sbtest5  (cost=0.43..6.40 rows=98 width=4)
	  Index Cond: ((k >= 5481291) AND (k <= 5481391))

table 6 : explain SELECT k FROM sbtest6 WHERE k BETWEEN 5481291 AND 5481391
	Index Only Scan using k_6 on sbtest6  (cost=0.43..6.37 rows=97 width=4)
	  Index Cond: ((k >= 5481291) AND (k <= 5481391))

table 7 : explain SELECT k FROM sbtest7 WHERE k BETWEEN 5481291 AND 5481391
	Index Only Scan using k_7 on sbtest7  (cost=0.43..10.58 rows=107 width=4)
	  Index Cond: ((k >= 5481291) AND (k <= 5481391))

table 8 : explain SELECT k FROM sbtest8 WHERE k BETWEEN 5481291 AND 5481391
	Index Only Scan using k_8 on sbtest8  (cost=0.43..6.50 rows=103 width=4)
	  Index Cond: ((k >= 5481291) AND (k <= 5481391))

explain: for range-covered :: explain SELECT k FROM sbtest%d WHERE k BETWEEN 5481291 AND 5481391
for range-covered
table 1 : explain SELECT k FROM sbtest1 WHERE k BETWEEN 6114501 AND 6114601
	Index Only Scan using k_1 on sbtest1  (cost=0.43..6.51 rows=104 width=4)
	  Index Cond: ((k >= 6114501) AND (k <= 6114601))

table 2 : explain SELECT k FROM sbtest2 WHERE k BETWEEN 6114501 AND 6114601
	Index Only Scan using k_2 on sbtest2  (cost=0.43..6.58 rows=107 width=4)
	  Index Cond: ((k >= 6114501) AND (k <= 6114601))

table 3 : explain SELECT k FROM sbtest3 WHERE k BETWEEN 6114501 AND 6114601
	Index Only Scan using k_3 on sbtest3  (cost=0.43..6.32 rows=94 width=4)
	  Index Cond: ((k >= 6114501) AND (k <= 6114601))

table 4 : explain SELECT k FROM sbtest4 WHERE k BETWEEN 6114501 AND 6114601
	Index Only Scan using k_4 on sbtest4  (cost=0.43..6.45 rows=101 width=4)
	  Index Cond: ((k >= 6114501) AND (k <= 6114601))

table 5 : explain SELECT k FROM sbtest5 WHERE k BETWEEN 6114501 AND 6114601
	Index Only Scan using k_5 on sbtest5  (cost=0.43..6.37 rows=97 width=4)
	  Index Cond: ((k >= 6114501) AND (k <= 6114601))

table 6 : explain SELECT k FROM sbtest6 WHERE k BETWEEN 6114501 AND 6114601
	Index Only Scan using k_6 on sbtest6  (cost=0.43..6.53 rows=105 width=4)
	  Index Cond: ((k >= 6114501) AND (k <= 6114601))

table 7 : explain SELECT k FROM sbtest7 WHERE k BETWEEN 6114501 AND 6114601
	Index Only Scan using k_7 on sbtest7  (cost=0.43..10.50 rows=103 width=4)
	  Index Cond: ((k >= 6114501) AND (k <= 6114601))

table 8 : explain SELECT k FROM sbtest8 WHERE k BETWEEN 6114501 AND 6114601
	Index Only Scan using k_8 on sbtest8  (cost=0.43..6.59 rows=108 width=4)
	  Index Cond: ((k >= 6114501) AND (k <= 6114601))

explain: for range-covered :: explain SELECT k FROM sbtest%d WHERE k BETWEEN 4487803 AND 4487903
explain: for range-covered :: explain SELECT k FROM sbtest%d WHERE k BETWEEN 6073245 AND 6073345
for range-covered
table 1 : explain SELECT k FROM sbtest1 WHERE k BETWEEN 1763979 AND 1764079
	Index Only Scan using k_1 on sbtest1  (cost=0.43..6.32 rows=94 width=4)
	  Index Cond: ((k >= 1763979) AND (k <= 1764079))

table 2 : explain SELECT k FROM sbtest2 WHERE k BETWEEN 1763979 AND 1764079
	Index Only Scan using k_2 on sbtest2  (cost=0.43..6.53 rows=105 width=4)
	  Index Cond: ((k >= 1763979) AND (k <= 1764079))

table 3 : explain SELECT k FROM sbtest3 WHERE k BETWEEN 1763979 AND 1764079
	Index Only Scan using k_3 on sbtest3  (cost=0.43..6.42 rows=99 width=4)
	  Index Cond: ((k >= 1763979) AND (k <= 1764079))

table 4 : explain SELECT k FROM sbtest4 WHERE k BETWEEN 1763979 AND 1764079
	Index Only Scan using k_4 on sbtest4  (cost=0.43..6.51 rows=104 width=4)
	  Index Cond: ((k >= 1763979) AND (k <= 1764079))

table 5 : explain SELECT k FROM sbtest5 WHERE k BETWEEN 1763979 AND 1764079
	Index Only Scan using k_5 on sbtest5  (cost=0.43..6.40 rows=98 width=4)
	  Index Cond: ((k >= 1763979) AND (k <= 1764079))

table 6 : explain SELECT k FROM sbtest6 WHERE k BETWEEN 1763979 AND 1764079
	Index Only Scan using k_6 on sbtest6  (cost=0.43..6.50 rows=103 width=4)
	  Index Cond: ((k >= 1763979) AND (k <= 1764079))

table 7 : explain SELECT k FROM sbtest7 WHERE k BETWEEN 1763979 AND 1764079
	Index Only Scan using k_7 on sbtest7  (cost=0.43..10.40 rows=98 width=4)
	  Index Cond: ((k >= 1763979) AND (k <= 1764079))

table 8 : explain SELECT k FROM sbtest8 WHERE k BETWEEN 1763979 AND 1764079
	Index Only Scan using k_8 on sbtest8  (cost=0.43..6.51 rows=104 width=4)
	  Index Cond: ((k >= 1763979) AND (k <= 1764079))

for range-covered
table 1 : explain SELECT k FROM sbtest1 WHERE k BETWEEN 3493867 AND 3493967
	Index Only Scan using k_1 on sbtest1  (cost=0.43..6.50 rows=103 width=4)
	  Index Cond: ((k >= 3493867) AND (k <= 3493967))

table 2 : explain SELECT k FROM sbtest2 WHERE k BETWEEN 3493867 AND 3493967
	Index Only Scan using k_2 on sbtest2  (cost=0.43..6.47 rows=102 width=4)
	  Index Cond: ((k >= 3493867) AND (k <= 3493967))

table 3 : explain SELECT k FROM sbtest3 WHERE k BETWEEN 3493867 AND 3493967
	Index Only Scan using k_3 on sbtest3  (cost=0.43..6.50 rows=103 width=4)
	  Index Cond: ((k >= 3493867) AND (k <= 3493967))

table 4 : explain SELECT k FROM sbtest4 WHERE k BETWEEN 3493867 AND 3493967
	Index Only Scan using k_4 on sbtest4  (cost=0.43..6.40 rows=98 width=4)
	  Index Cond: ((k >= 3493867) AND (k <= 3493967))

table 5 : explain SELECT k FROM sbtest5 WHERE k BETWEEN 3493867 AND 3493967
	Index Only Scan using k_5 on sbtest5  (cost=0.43..6.43 rows=100 width=4)
	  Index Cond: ((k >= 3493867) AND (k <= 3493967))

table 6 : explain SELECT k FROM sbtest6 WHERE k BETWEEN 3493867 AND 3493967
	Index Only Scan using k_6 on sbtest6  (cost=0.43..6.42 rows=99 width=4)
	  Index Cond: ((k >= 3493867) AND (k <= 3493967))

table 7 : explain SELECT k FROM sbtest7 WHERE k BETWEEN 3493867 AND 3493967
	Index Only Scan using k_7 on sbtest7  (cost=0.43..10.47 rows=102 width=4)
	  Index Cond: ((k >= 3493867) AND (k <= 3493967))

table 8 : explain SELECT k FROM sbtest8 WHERE k BETWEEN 3493867 AND 3493967
	Index Only Scan using k_8 on sbtest8  (cost=0.43..6.53 rows=105 width=4)
	  Index Cond: ((k >= 3493867) AND (k <= 3493967))

explain: for range-covered :: explain SELECT k FROM sbtest%d WHERE k BETWEEN 3493867 AND 3493967
for range-covered
table 1 : explain SELECT k FROM sbtest1 WHERE k BETWEEN 5481291 AND 5481391
	Index Only Scan using k_1 on sbtest1  (cost=0.43..6.42 rows=99 width=4)
	  Index Cond: ((k >= 5481291) AND (k <= 5481391))

table 2 : explain SELECT k FROM sbtest2 WHERE k BETWEEN 5481291 AND 5481391
	Index Only Scan using k_2 on sbtest2  (cost=0.43..6.43 rows=100 width=4)
	  Index Cond: ((k >= 5481291) AND (k <= 5481391))

table 3 : explain SELECT k FROM sbtest3 WHERE k BETWEEN 5481291 AND 5481391
	Index Only Scan using k_3 on sbtest3  (cost=0.43..6.45 rows=101 width=4)
	  Index Cond: ((k >= 5481291) AND (k <= 5481391))

table 4 : explain SELECT k FROM sbtest4 WHERE k BETWEEN 5481291 AND 5481391
	Index Only Scan using k_4 on sbtest4  (cost=0.43..6.27 rows=92 width=4)
	  Index Cond: ((k >= 5481291) AND (k <= 5481391))

table 5 : explain SELECT k FROM sbtest5 WHERE k BETWEEN 5481291 AND 5481391
	Index Only Scan using k_5 on sbtest5  (cost=0.43..6.40 rows=98 width=4)
	  Index Cond: ((k >= 5481291) AND (k <= 5481391))

table 6 : explain SELECT k FROM sbtest6 WHERE k BETWEEN 5481291 AND 5481391
	Index Only Scan using k_6 on sbtest6  (cost=0.43..6.37 rows=97 width=4)
	  Index Cond: ((k >= 5481291) AND (k <= 5481391))

table 7 : explain SELECT k FROM sbtest7 WHERE k BETWEEN 5481291 AND 5481391
	Index Only Scan using k_7 on sbtest7  (cost=0.43..10.58 rows=107 width=4)
	  Index Cond: ((k >= 5481291) AND (k <= 5481391))

table 8 : explain SELECT k FROM sbtest8 WHERE k BETWEEN 5481291 AND 5481391
	Index Only Scan using k_8 on sbtest8  (cost=0.43..6.50 rows=103 width=4)
	  Index Cond: ((k >= 5481291) AND (k <= 5481391))

explain: for range-covered :: explain SELECT k FROM sbtest%d WHERE k BETWEEN 5481291 AND 5481391
for range-covered
table 1 : explain SELECT k FROM sbtest1 WHERE k BETWEEN 2010315 AND 2010415
	Index Only Scan using k_1 on sbtest1  (cost=0.43..6.45 rows=101 width=4)
	  Index Cond: ((k >= 2010315) AND (k <= 2010415))

table 2 : explain SELECT k FROM sbtest2 WHERE k BETWEEN 2010315 AND 2010415
	Index Only Scan using k_2 on sbtest2  (cost=0.43..6.50 rows=103 width=4)
	  Index Cond: ((k >= 2010315) AND (k <= 2010415))

table 3 : explain SELECT k FROM sbtest3 WHERE k BETWEEN 2010315 AND 2010415
	Index Only Scan using k_3 on sbtest3  (cost=0.43..6.45 rows=101 width=4)
	  Index Cond: ((k >= 2010315) AND (k <= 2010415))

table 4 : explain SELECT k FROM sbtest4 WHERE k BETWEEN 2010315 AND 2010415
	Index Only Scan using k_4 on sbtest4  (cost=0.43..6.25 rows=91 width=4)
	  Index Cond: ((k >= 2010315) AND (k <= 2010415))

table 5 : explain SELECT k FROM sbtest5 WHERE k BETWEEN 2010315 AND 2010415
	Index Only Scan using k_5 on sbtest5  (cost=0.43..6.56 rows=106 width=4)
	  Index Cond: ((k >= 2010315) AND (k <= 2010415))

table 6 : explain SELECT k FROM sbtest6 WHERE k BETWEEN 2010315 AND 2010415
	Index Only Scan using k_6 on sbtest6  (cost=0.43..6.42 rows=99 width=4)
	  Index Cond: ((k >= 2010315) AND (k <= 2010415))

table 7 : explain SELECT k FROM sbtest7 WHERE k BETWEEN 2010315 AND 2010415
	Index Only Scan using k_7 on sbtest7  (cost=0.43..10.36 rows=96 width=4)
	  Index Cond: ((k >= 2010315) AND (k <= 2010415))

table 8 : explain SELECT k FROM sbtest8 WHERE k BETWEEN 2010315 AND 2010415
	Index Only Scan using k_8 on sbtest8  (cost=0.43..6.61 rows=109 width=4)
	  Index Cond: ((k >= 2010315) AND (k <= 2010415))

for range-covered
table 1 : explain SELECT k FROM sbtest1 WHERE k BETWEEN 7333419 AND 7333519
	Index Only Scan using k_1 on sbtest1  (cost=0.43..6.58 rows=107 width=4)
	  Index Cond: ((k >= 7333419) AND (k <= 7333519))

table 2 : explain SELECT k FROM sbtest2 WHERE k BETWEEN 7333419 AND 7333519
	Index Only Scan using k_2 on sbtest2  (cost=0.43..6.37 rows=97 width=4)
	  Index Cond: ((k >= 7333419) AND (k <= 7333519))

table 3 : explain SELECT k FROM sbtest3 WHERE k BETWEEN 7333419 AND 7333519
	Index Only Scan using k_3 on sbtest3  (cost=0.43..6.35 rows=96 width=4)
	  Index Cond: ((k >= 7333419) AND (k <= 7333519))

table 4 : explain SELECT k FROM sbtest4 WHERE k BETWEEN 7333419 AND 7333519
	Index Only Scan using k_4 on sbtest4  (cost=0.43..6.40 rows=98 width=4)
	  Index Cond: ((k >= 7333419) AND (k <= 7333519))

table 5 : explain SELECT k FROM sbtest5 WHERE k BETWEEN 7333419 AND 7333519
	Index Only Scan using k_5 on sbtest5  (cost=0.43..6.32 rows=94 width=4)
	  Index Cond: ((k >= 7333419) AND (k <= 7333519))

table 6 : explain SELECT k FROM sbtest6 WHERE k BETWEEN 7333419 AND 7333519
	Index Only Scan using k_6 on sbtest6  (cost=0.43..6.69 rows=113 width=4)
	  Index Cond: ((k >= 7333419) AND (k <= 7333519))

table 7 : explain SELECT k FROM sbtest7 WHERE k BETWEEN 7333419 AND 7333519
	Index Only Scan using k_7 on sbtest7  (cost=0.43..10.58 rows=107 width=4)
	  Index Cond: ((k >= 7333419) AND (k <= 7333519))

table 8 : explain SELECT k FROM sbtest8 WHERE k BETWEEN 7333419 AND 7333519
	Index Only Scan using k_8 on sbtest8  (cost=0.43..6.37 rows=97 width=4)
	  Index Cond: ((k >= 7333419) AND (k <= 7333519))

explain: for range-covered :: explain SELECT k FROM sbtest%d WHERE k BETWEEN 2010315 AND 2010415
explain: for range-covered :: explain SELECT k FROM sbtest%d WHERE k BETWEEN 7333419 AND 7333519
for range-covered
table 1 : explain SELECT k FROM sbtest1 WHERE k BETWEEN 3493867 AND 3493967
	Index Only Scan using k_1 on sbtest1  (cost=0.43..6.50 rows=103 width=4)
	  Index Cond: ((k >= 3493867) AND (k <= 3493967))

table 2 : explain SELECT k FROM sbtest2 WHERE k BETWEEN 3493867 AND 3493967
	Index Only Scan using k_2 on sbtest2  (cost=0.43..6.47 rows=102 width=4)
	  Index Cond: ((k >= 3493867) AND (k <= 3493967))

table 3 : explain SELECT k FROM sbtest3 WHERE k BETWEEN 3493867 AND 3493967
	Index Only Scan using k_3 on sbtest3  (cost=0.43..6.50 rows=103 width=4)
	  Index Cond: ((k >= 3493867) AND (k <= 3493967))

table 4 : explain SELECT k FROM sbtest4 WHERE k BETWEEN 3493867 AND 3493967
	Index Only Scan using k_4 on sbtest4  (cost=0.43..6.40 rows=98 width=4)
	  Index Cond: ((k >= 3493867) AND (k <= 3493967))

table 5 : explain SELECT k FROM sbtest5 WHERE k BETWEEN 3493867 AND 3493967
	Index Only Scan using k_5 on sbtest5  (cost=0.43..6.43 rows=100 width=4)
	  Index Cond: ((k >= 3493867) AND (k <= 3493967))

table 6 : explain SELECT k FROM sbtest6 WHERE k BETWEEN 3493867 AND 3493967
	Index Only Scan using k_6 on sbtest6  (cost=0.43..6.42 rows=99 width=4)
	  Index Cond: ((k >= 3493867) AND (k <= 3493967))

table 7 : explain SELECT k FROM sbtest7 WHERE k BETWEEN 3493867 AND 3493967
	Index Only Scan using k_7 on sbtest7  (cost=0.43..10.47 rows=102 width=4)
	  Index Cond: ((k >= 3493867) AND (k <= 3493967))

table 8 : explain SELECT k FROM sbtest8 WHERE k BETWEEN 3493867 AND 3493967
	Index Only Scan using k_8 on sbtest8  (cost=0.43..6.53 rows=105 width=4)
	  Index Cond: ((k >= 3493867) AND (k <= 3493967))

explain: for range-covered :: explain SELECT k FROM sbtest%d WHERE k BETWEEN 3493867 AND 3493967
for range-covered
table 1 : explain SELECT k FROM sbtest1 WHERE k BETWEEN 5481291 AND 5481391
	Index Only Scan using k_1 on sbtest1  (cost=0.43..6.42 rows=99 width=4)
	  Index Cond: ((k >= 5481291) AND (k <= 5481391))

table 2 : explain SELECT k FROM sbtest2 WHERE k BETWEEN 5481291 AND 5481391
	Index Only Scan using k_2 on sbtest2  (cost=0.43..6.43 rows=100 width=4)
	  Index Cond: ((k >= 5481291) AND (k <= 5481391))

table 3 : explain SELECT k FROM sbtest3 WHERE k BETWEEN 5481291 AND 5481391
	Index Only Scan using k_3 on sbtest3  (cost=0.43..6.45 rows=101 width=4)
	  Index Cond: ((k >= 5481291) AND (k <= 5481391))

table 4 : explain SELECT k FROM sbtest4 WHERE k BETWEEN 5481291 AND 5481391
	Index Only Scan using k_4 on sbtest4  (cost=0.43..6.27 rows=92 width=4)
	  Index Cond: ((k >= 5481291) AND (k <= 5481391))

table 5 : explain SELECT k FROM sbtest5 WHERE k BETWEEN 5481291 AND 5481391
	Index Only Scan using k_5 on sbtest5  (cost=0.43..6.40 rows=98 width=4)
	  Index Cond: ((k >= 5481291) AND (k <= 5481391))

table 6 : explain SELECT k FROM sbtest6 WHERE k BETWEEN 5481291 AND 5481391
	Index Only Scan using k_6 on sbtest6  (cost=0.43..6.37 rows=97 width=4)
	  Index Cond: ((k >= 5481291) AND (k <= 5481391))

table 7 : explain SELECT k FROM sbtest7 WHERE k BETWEEN 5481291 AND 5481391
	Index Only Scan using k_7 on sbtest7  (cost=0.43..10.58 rows=107 width=4)
	  Index Cond: ((k >= 5481291) AND (k <= 5481391))

table 8 : explain SELECT k FROM sbtest8 WHERE k BETWEEN 5481291 AND 5481391
	Index Only Scan using k_8 on sbtest8  (cost=0.43..6.50 rows=103 width=4)
	  Index Cond: ((k >= 5481291) AND (k <= 5481391))

explain: for range-covered :: explain SELECT k FROM sbtest%d WHERE k BETWEEN 5481291 AND 5481391
for range-covered
table 1 : explain SELECT k FROM sbtest1 WHERE k BETWEEN 4490257 AND 4490357
	Index Only Scan using k_1 on sbtest1  (cost=0.43..6.45 rows=101 width=4)
	  Index Cond: ((k >= 4490257) AND (k <= 4490357))

table 2 : explain SELECT k FROM sbtest2 WHERE k BETWEEN 4490257 AND 4490357
	Index Only Scan using k_2 on sbtest2  (cost=0.43..6.63 rows=110 width=4)
	  Index Cond: ((k >= 4490257) AND (k <= 4490357))

table 3 : explain SELECT k FROM sbtest3 WHERE k BETWEEN 4490257 AND 4490357
	Index Only Scan using k_3 on sbtest3  (cost=0.43..6.45 rows=101 width=4)
	  Index Cond: ((k >= 4490257) AND (k <= 4490357))

table 4 : explain SELECT k FROM sbtest4 WHERE k BETWEEN 4490257 AND 4490357
	Index Only Scan using k_4 on sbtest4  (cost=0.43..6.58 rows=107 width=4)
	  Index Cond: ((k >= 4490257) AND (k <= 4490357))

table 5 : explain SELECT k FROM sbtest5 WHERE k BETWEEN 4490257 AND 4490357
	Index Only Scan using k_5 on sbtest5  (cost=0.43..6.63 rows=110 width=4)
	  Index Cond: ((k >= 4490257) AND (k <= 4490357))

table 6 : explain SELECT k FROM sbtest6 WHERE k BETWEEN 4490257 AND 4490357
	Index Only Scan using k_6 on sbtest6  (cost=0.43..6.33 rows=95 width=4)
	  Index Cond: ((k >= 4490257) AND (k <= 4490357))

table 7 : explain SELECT k FROM sbtest7 WHERE k BETWEEN 4490257 AND 4490357
	Index Only Scan using k_7 on sbtest7  (cost=0.43..10.51 rows=104 width=4)
	  Index Cond: ((k >= 4490257) AND (k <= 4490357))

table 8 : explain SELECT k FROM sbtest8 WHERE k BETWEEN 4490257 AND 4490357
	Index Only Scan using k_8 on sbtest8  (cost=0.43..6.59 rows=108 width=4)
	  Index Cond: ((k >= 4490257) AND (k <= 4490357))

explain: for range-covered :: explain SELECT k FROM sbtest%d WHERE k BETWEEN 4490257 AND 4490357
for range-covered
table 1 : explain SELECT k FROM sbtest1 WHERE k BETWEEN 2010315 AND 2010415
	Index Only Scan using k_1 on sbtest1  (cost=0.43..6.45 rows=101 width=4)
	  Index Cond: ((k >= 2010315) AND (k <= 2010415))

table 2 : explain SELECT k FROM sbtest2 WHERE k BETWEEN 2010315 AND 2010415
	Index Only Scan using k_2 on sbtest2  (cost=0.43..6.50 rows=103 width=4)
	  Index Cond: ((k >= 2010315) AND (k <= 2010415))

table 3 : explain SELECT k FROM sbtest3 WHERE k BETWEEN 2010315 AND 2010415
	Index Only Scan using k_3 on sbtest3  (cost=0.43..6.45 rows=101 width=4)
	  Index Cond: ((k >= 2010315) AND (k <= 2010415))

table 4 : explain SELECT k FROM sbtest4 WHERE k BETWEEN 2010315 AND 2010415
	Index Only Scan using k_4 on sbtest4  (cost=0.43..6.25 rows=91 width=4)
	  Index Cond: ((k >= 2010315) AND (k <= 2010415))

table 5 : explain SELECT k FROM sbtest5 WHERE k BETWEEN 2010315 AND 2010415
	Index Only Scan using k_5 on sbtest5  (cost=0.43..6.56 rows=106 width=4)
	  Index Cond: ((k >= 2010315) AND (k <= 2010415))

table 6 : explain SELECT k FROM sbtest6 WHERE k BETWEEN 2010315 AND 2010415
	Index Only Scan using k_6 on sbtest6  (cost=0.43..6.42 rows=99 width=4)
	  Index Cond: ((k >= 2010315) AND (k <= 2010415))

table 7 : explain SELECT k FROM sbtest7 WHERE k BETWEEN 2010315 AND 2010415
	Index Only Scan using k_7 on sbtest7  (cost=0.43..10.36 rows=96 width=4)
	  Index Cond: ((k >= 2010315) AND (k <= 2010415))

table 8 : explain SELECT k FROM sbtest8 WHERE k BETWEEN 2010315 AND 2010415
	Index Only Scan using k_8 on sbtest8  (cost=0.43..6.61 rows=109 width=4)
	  Index Cond: ((k >= 2010315) AND (k <= 2010415))

explain: for range-covered :: explain SELECT k FROM sbtest%d WHERE k BETWEEN 2010315 AND 2010415
for range-covered
table 1 : explain SELECT k FROM sbtest1 WHERE k BETWEEN 7333419 AND 7333519
	Index Only Scan using k_1 on sbtest1  (cost=0.43..6.58 rows=107 width=4)
	  Index Cond: ((k >= 7333419) AND (k <= 7333519))

table 2 : explain SELECT k FROM sbtest2 WHERE k BETWEEN 7333419 AND 7333519
	Index Only Scan using k_2 on sbtest2  (cost=0.43..6.37 rows=97 width=4)
	  Index Cond: ((k >= 7333419) AND (k <= 7333519))

table 3 : explain SELECT k FROM sbtest3 WHERE k BETWEEN 7333419 AND 7333519
	Index Only Scan using k_3 on sbtest3  (cost=0.43..6.35 rows=96 width=4)
	  Index Cond: ((k >= 7333419) AND (k <= 7333519))

table 4 : explain SELECT k FROM sbtest4 WHERE k BETWEEN 7333419 AND 7333519
	Index Only Scan using k_4 on sbtest4  (cost=0.43..6.40 rows=98 width=4)
	  Index Cond: ((k >= 7333419) AND (k <= 7333519))

table 5 : explain SELECT k FROM sbtest5 WHERE k BETWEEN 7333419 AND 7333519
	Index Only Scan using k_5 on sbtest5  (cost=0.43..6.32 rows=94 width=4)
	  Index Cond: ((k >= 7333419) AND (k <= 7333519))

table 6 : explain SELECT k FROM sbtest6 WHERE k BETWEEN 7333419 AND 7333519
	Index Only Scan using k_6 on sbtest6  (cost=0.43..6.69 rows=113 width=4)
	  Index Cond: ((k >= 7333419) AND (k <= 7333519))

table 7 : explain SELECT k FROM sbtest7 WHERE k BETWEEN 7333419 AND 7333519
	Index Only Scan using k_7 on sbtest7  (cost=0.43..10.58 rows=107 width=4)
	  Index Cond: ((k >= 7333419) AND (k <= 7333519))

table 8 : explain SELECT k FROM sbtest8 WHERE k BETWEEN 7333419 AND 7333519
	Index Only Scan using k_8 on sbtest8  (cost=0.43..6.37 rows=97 width=4)
	  Index Cond: ((k >= 7333419) AND (k <= 7333519))

explain: for range-covered :: explain SELECT k FROM sbtest%d WHERE k BETWEEN 7333419 AND 7333519
for range-covered
table 1 : explain SELECT k FROM sbtest1 WHERE k BETWEEN 4940750 AND 4940850
	Index Only Scan using k_1 on sbtest1  (cost=0.43..6.32 rows=94 width=4)
	  Index Cond: ((k >= 4940750) AND (k <= 4940850))

table 2 : explain SELECT k FROM sbtest2 WHERE k BETWEEN 4940750 AND 4940850
	Index Only Scan using k_2 on sbtest2  (cost=0.43..6.42 rows=99 width=4)
	  Index Cond: ((k >= 4940750) AND (k <= 4940850))

table 3 : explain SELECT k FROM sbtest3 WHERE k BETWEEN 4940750 AND 4940850
	Index Only Scan using k_3 on sbtest3  (cost=0.43..6.69 rows=113 width=4)
	  Index Cond: ((k >= 4940750) AND (k <= 4940850))

table 4 : explain SELECT k FROM sbtest4 WHERE k BETWEEN 4940750 AND 4940850
	Index Only Scan using k_4 on sbtest4  (cost=0.43..6.40 rows=98 width=4)
	  Index Cond: ((k >= 4940750) AND (k <= 4940850))

table 5 : explain SELECT k FROM sbtest5 WHERE k BETWEEN 4940750 AND 4940850
	Index Only Scan using k_5 on sbtest5  (cost=0.43..6.50 rows=103 width=4)
	  Index Cond: ((k >= 4940750) AND (k <= 4940850))

table 6 : explain SELECT k FROM sbtest6 WHERE k BETWEEN 4940750 AND 4940850
	Index Only Scan using k_6 on sbtest6  (cost=0.43..6.53 rows=105 width=4)
	  Index Cond: ((k >= 4940750) AND (k <= 4940850))

table 7 : explain SELECT k FROM sbtest7 WHERE k BETWEEN 4940750 AND 4940850
	Index Only Scan using k_7 on sbtest7  (cost=0.43..10.50 rows=103 width=4)
	  Index Cond: ((k >= 4940750) AND (k <= 4940850))

table 8 : explain SELECT k FROM sbtest8 WHERE k BETWEEN 4940750 AND 4940850
	Index Only Scan using k_8 on sbtest8  (cost=0.43..6.35 rows=96 width=4)
	  Index Cond: ((k >= 4940750) AND (k <= 4940850))

explain: for range-covered :: explain SELECT k FROM sbtest%d WHERE k BETWEEN 4940750 AND 4940850
for range-covered
table 1 : explain SELECT k FROM sbtest1 WHERE k BETWEEN 3493867 AND 3493967
	Index Only Scan using k_1 on sbtest1  (cost=0.43..6.50 rows=103 width=4)
	  Index Cond: ((k >= 3493867) AND (k <= 3493967))

table 2 : explain SELECT k FROM sbtest2 WHERE k BETWEEN 3493867 AND 3493967
	Index Only Scan using k_2 on sbtest2  (cost=0.43..6.47 rows=102 width=4)
	  Index Cond: ((k >= 3493867) AND (k <= 3493967))

table 3 : explain SELECT k FROM sbtest3 WHERE k BETWEEN 3493867 AND 3493967
	Index Only Scan using k_3 on sbtest3  (cost=0.43..6.50 rows=103 width=4)
	  Index Cond: ((k >= 3493867) AND (k <= 3493967))

table 4 : explain SELECT k FROM sbtest4 WHERE k BETWEEN 3493867 AND 3493967
	Index Only Scan using k_4 on sbtest4  (cost=0.43..6.40 rows=98 width=4)
	  Index Cond: ((k >= 3493867) AND (k <= 3493967))

table 5 : explain SELECT k FROM sbtest5 WHERE k BETWEEN 3493867 AND 3493967
	Index Only Scan using k_5 on sbtest5  (cost=0.43..6.43 rows=100 width=4)
	  Index Cond: ((k >= 3493867) AND (k <= 3493967))

table 6 : explain SELECT k FROM sbtest6 WHERE k BETWEEN 3493867 AND 3493967
	Index Only Scan using k_6 on sbtest6  (cost=0.43..6.42 rows=99 width=4)
	  Index Cond: ((k >= 3493867) AND (k <= 3493967))

table 7 : explain SELECT k FROM sbtest7 WHERE k BETWEEN 3493867 AND 3493967
	Index Only Scan using k_7 on sbtest7  (cost=0.43..10.47 rows=102 width=4)
	  Index Cond: ((k >= 3493867) AND (k <= 3493967))

table 8 : explain SELECT k FROM sbtest8 WHERE k BETWEEN 3493867 AND 3493967
	Index Only Scan using k_8 on sbtest8  (cost=0.43..6.53 rows=105 width=4)
	  Index Cond: ((k >= 3493867) AND (k <= 3493967))

for range-covered
table 1 : explain SELECT k FROM sbtest1 WHERE k BETWEEN 5481291 AND 5481391
	Index Only Scan using k_1 on sbtest1  (cost=0.43..6.42 rows=99 width=4)
	  Index Cond: ((k >= 5481291) AND (k <= 5481391))

table 2 : explain SELECT k FROM sbtest2 WHERE k BETWEEN 5481291 AND 5481391
	Index Only Scan using k_2 on sbtest2  (cost=0.43..6.43 rows=100 width=4)
	  Index Cond: ((k >= 5481291) AND (k <= 5481391))

table 3 : explain SELECT k FROM sbtest3 WHERE k BETWEEN 5481291 AND 5481391
	Index Only Scan using k_3 on sbtest3  (cost=0.43..6.45 rows=101 width=4)
	  Index Cond: ((k >= 5481291) AND (k <= 5481391))

table 4 : explain SELECT k FROM sbtest4 WHERE k BETWEEN 5481291 AND 5481391
	Index Only Scan using k_4 on sbtest4  (cost=0.43..6.27 rows=92 width=4)
	  Index Cond: ((k >= 5481291) AND (k <= 5481391))

table 5 : explain SELECT k FROM sbtest5 WHERE k BETWEEN 5481291 AND 5481391
	Index Only Scan using k_5 on sbtest5  (cost=0.43..6.40 rows=98 width=4)
	  Index Cond: ((k >= 5481291) AND (k <= 5481391))

table 6 : explain SELECT k FROM sbtest6 WHERE k BETWEEN 5481291 AND 5481391
	Index Only Scan using k_6 on sbtest6  (cost=0.43..6.37 rows=97 width=4)
	  Index Cond: ((k >= 5481291) AND (k <= 5481391))

table 7 : explain SELECT k FROM sbtest7 WHERE k BETWEEN 5481291 AND 5481391
	Index Only Scan using k_7 on sbtest7  (cost=0.43..10.58 rows=107 width=4)
	  Index Cond: ((k >= 5481291) AND (k <= 5481391))

table 8 : explain SELECT k FROM sbtest8 WHERE k BETWEEN 5481291 AND 5481391
	Index Only Scan using k_8 on sbtest8  (cost=0.43..6.50 rows=103 width=4)
	  Index Cond: ((k >= 5481291) AND (k <= 5481391))

explain: for range-covered :: explain SELECT k FROM sbtest%d WHERE k BETWEEN 3493867 AND 3493967
explain: for range-covered :: explain SELECT k FROM sbtest%d WHERE k BETWEEN 5481291 AND 5481391
for range-covered
table 1 : explain SELECT k FROM sbtest1 WHERE k BETWEEN 4490257 AND 4490357
	Index Only Scan using k_1 on sbtest1  (cost=0.43..6.45 rows=101 width=4)
	  Index Cond: ((k >= 4490257) AND (k <= 4490357))

table 2 : explain SELECT k FROM sbtest2 WHERE k BETWEEN 4490257 AND 4490357
	Index Only Scan using k_2 on sbtest2  (cost=0.43..6.63 rows=110 width=4)
	  Index Cond: ((k >= 4490257) AND (k <= 4490357))

table 3 : explain SELECT k FROM sbtest3 WHERE k BETWEEN 4490257 AND 4490357
	Index Only Scan using k_3 on sbtest3  (cost=0.43..6.45 rows=101 width=4)
	  Index Cond: ((k >= 4490257) AND (k <= 4490357))

table 4 : explain SELECT k FROM sbtest4 WHERE k BETWEEN 4490257 AND 4490357
	Index Only Scan using k_4 on sbtest4  (cost=0.43..6.58 rows=107 width=4)
	  Index Cond: ((k >= 4490257) AND (k <= 4490357))

table 5 : explain SELECT k FROM sbtest5 WHERE k BETWEEN 4490257 AND 4490357
	Index Only Scan using k_5 on sbtest5  (cost=0.43..6.63 rows=110 width=4)
	  Index Cond: ((k >= 4490257) AND (k <= 4490357))

table 6 : explain SELECT k FROM sbtest6 WHERE k BETWEEN 4490257 AND 4490357
	Index Only Scan using k_6 on sbtest6  (cost=0.43..6.33 rows=95 width=4)
	  Index Cond: ((k >= 4490257) AND (k <= 4490357))

table 7 : explain SELECT k FROM sbtest7 WHERE k BETWEEN 4490257 AND 4490357
	Index Only Scan using k_7 on sbtest7  (cost=0.43..10.51 rows=104 width=4)
	  Index Cond: ((k >= 4490257) AND (k <= 4490357))

table 8 : explain SELECT k FROM sbtest8 WHERE k BETWEEN 4490257 AND 4490357
	Index Only Scan using k_8 on sbtest8  (cost=0.43..6.59 rows=108 width=4)
	  Index Cond: ((k >= 4490257) AND (k <= 4490357))

explain: for range-covered :: explain SELECT k FROM sbtest%d WHERE k BETWEEN 4490257 AND 4490357
for range-covered
table 1 : explain SELECT k FROM sbtest1 WHERE k BETWEEN 2010315 AND 2010415
	Index Only Scan using k_1 on sbtest1  (cost=0.43..6.45 rows=101 width=4)
	  Index Cond: ((k >= 2010315) AND (k <= 2010415))

table 2 : explain SELECT k FROM sbtest2 WHERE k BETWEEN 2010315 AND 2010415
	Index Only Scan using k_2 on sbtest2  (cost=0.43..6.50 rows=103 width=4)
	  Index Cond: ((k >= 2010315) AND (k <= 2010415))

table 3 : explain SELECT k FROM sbtest3 WHERE k BETWEEN 2010315 AND 2010415
	Index Only Scan using k_3 on sbtest3  (cost=0.43..6.45 rows=101 width=4)
	  Index Cond: ((k >= 2010315) AND (k <= 2010415))

table 4 : explain SELECT k FROM sbtest4 WHERE k BETWEEN 2010315 AND 2010415
	Index Only Scan using k_4 on sbtest4  (cost=0.43..6.25 rows=91 width=4)
	  Index Cond: ((k >= 2010315) AND (k <= 2010415))

table 5 : explain SELECT k FROM sbtest5 WHERE k BETWEEN 2010315 AND 2010415
	Index Only Scan using k_5 on sbtest5  (cost=0.43..6.56 rows=106 width=4)
	  Index Cond: ((k >= 2010315) AND (k <= 2010415))

table 6 : explain SELECT k FROM sbtest6 WHERE k BETWEEN 2010315 AND 2010415
	Index Only Scan using k_6 on sbtest6  (cost=0.43..6.42 rows=99 width=4)
	  Index Cond: ((k >= 2010315) AND (k <= 2010415))

table 7 : explain SELECT k FROM sbtest7 WHERE k BETWEEN 2010315 AND 2010415
	Index Only Scan using k_7 on sbtest7  (cost=0.43..10.36 rows=96 width=4)
	  Index Cond: ((k >= 2010315) AND (k <= 2010415))

table 8 : explain SELECT k FROM sbtest8 WHERE k BETWEEN 2010315 AND 2010415
	Index Only Scan using k_8 on sbtest8  (cost=0.43..6.61 rows=109 width=4)
	  Index Cond: ((k >= 2010315) AND (k <= 2010415))

explain: for range-covered :: explain SELECT k FROM sbtest%d WHERE k BETWEEN 2010315 AND 2010415
for range-covered
table 1 : explain SELECT k FROM sbtest1 WHERE k BETWEEN 7333419 AND 7333519
	Index Only Scan using k_1 on sbtest1  (cost=0.43..6.58 rows=107 width=4)
	  Index Cond: ((k >= 7333419) AND (k <= 7333519))

table 2 : explain SELECT k FROM sbtest2 WHERE k BETWEEN 7333419 AND 7333519
	Index Only Scan using k_2 on sbtest2  (cost=0.43..6.37 rows=97 width=4)
	  Index Cond: ((k >= 7333419) AND (k <= 7333519))

table 3 : explain SELECT k FROM sbtest3 WHERE k BETWEEN 7333419 AND 7333519
	Index Only Scan using k_3 on sbtest3  (cost=0.43..6.35 rows=96 width=4)
	  Index Cond: ((k >= 7333419) AND (k <= 7333519))

table 4 : explain SELECT k FROM sbtest4 WHERE k BETWEEN 7333419 AND 7333519
	Index Only Scan using k_4 on sbtest4  (cost=0.43..6.40 rows=98 width=4)
	  Index Cond: ((k >= 7333419) AND (k <= 7333519))

table 5 : explain SELECT k FROM sbtest5 WHERE k BETWEEN 7333419 AND 7333519
	Index Only Scan using k_5 on sbtest5  (cost=0.43..6.32 rows=94 width=4)
	  Index Cond: ((k >= 7333419) AND (k <= 7333519))

table 6 : explain SELECT k FROM sbtest6 WHERE k BETWEEN 7333419 AND 7333519
	Index Only Scan using k_6 on sbtest6  (cost=0.43..6.69 rows=113 width=4)
	  Index Cond: ((k >= 7333419) AND (k <= 7333519))

table 7 : explain SELECT k FROM sbtest7 WHERE k BETWEEN 7333419 AND 7333519
	Index Only Scan using k_7 on sbtest7  (cost=0.43..10.58 rows=107 width=4)
	  Index Cond: ((k >= 7333419) AND (k <= 7333519))

table 8 : explain SELECT k FROM sbtest8 WHERE k BETWEEN 7333419 AND 7333519
	Index Only Scan using k_8 on sbtest8  (cost=0.43..6.37 rows=97 width=4)
	  Index Cond: ((k >= 7333419) AND (k <= 7333519))

explain: for range-covered :: explain SELECT k FROM sbtest%d WHERE k BETWEEN 7333419 AND 7333519
for range-covered
table 1 : explain SELECT k FROM sbtest1 WHERE k BETWEEN 4487803 AND 4487903
	Index Only Scan using k_1 on sbtest1  (cost=0.43..6.45 rows=101 width=4)
	  Index Cond: ((k >= 4487803) AND (k <= 4487903))

table 2 : explain SELECT k FROM sbtest2 WHERE k BETWEEN 4487803 AND 4487903
	Index Only Scan using k_2 on sbtest2  (cost=0.43..6.63 rows=110 width=4)
	  Index Cond: ((k >= 4487803) AND (k <= 4487903))

table 3 : explain SELECT k FROM sbtest3 WHERE k BETWEEN 4487803 AND 4487903
	Index Only Scan using k_3 on sbtest3  (cost=0.43..6.45 rows=101 width=4)
	  Index Cond: ((k >= 4487803) AND (k <= 4487903))

table 4 : explain SELECT k FROM sbtest4 WHERE k BETWEEN 4487803 AND 4487903
	Index Only Scan using k_4 on sbtest4  (cost=0.43..6.58 rows=107 width=4)
	  Index Cond: ((k >= 4487803) AND (k <= 4487903))

table 5 : explain SELECT k FROM sbtest5 WHERE k BETWEEN 4487803 AND 4487903
	Index Only Scan using k_5 on sbtest5  (cost=0.43..6.63 rows=110 width=4)
	  Index Cond: ((k >= 4487803) AND (k <= 4487903))

table 6 : explain SELECT k FROM sbtest6 WHERE k BETWEEN 4487803 AND 4487903
	Index Only Scan using k_6 on sbtest6  (cost=0.43..6.33 rows=95 width=4)
	  Index Cond: ((k >= 4487803) AND (k <= 4487903))

table 7 : explain SELECT k FROM sbtest7 WHERE k BETWEEN 4487803 AND 4487903
	Index Only Scan using k_7 on sbtest7  (cost=0.43..10.51 rows=104 width=4)
	  Index Cond: ((k >= 4487803) AND (k <= 4487903))

table 8 : explain SELECT k FROM sbtest8 WHERE k BETWEEN 4487803 AND 4487903
	Index Only Scan using k_8 on sbtest8  (cost=0.43..6.59 rows=108 width=4)
	  Index Cond: ((k >= 4487803) AND (k <= 4487903))

explain: for range-covered :: explain SELECT k FROM sbtest%d WHERE k BETWEEN 4487803 AND 4487903
for range-covered
table 1 : explain SELECT k FROM sbtest1 WHERE k BETWEEN 6073245 AND 6073345
	Index Only Scan using k_1 on sbtest1  (cost=0.43..6.47 rows=102 width=4)
	  Index Cond: ((k >= 6073245) AND (k <= 6073345))

table 2 : explain SELECT k FROM sbtest2 WHERE k BETWEEN 6073245 AND 6073345
	Index Only Scan using k_2 on sbtest2  (cost=0.43..6.58 rows=107 width=4)
	  Index Cond: ((k >= 6073245) AND (k <= 6073345))

table 3 : explain SELECT k FROM sbtest3 WHERE k BETWEEN 6073245 AND 6073345
	Index Only Scan using k_3 on sbtest3  (cost=0.43..6.32 rows=94 width=4)
	  Index Cond: ((k >= 6073245) AND (k <= 6073345))

table 4 : explain SELECT k FROM sbtest4 WHERE k BETWEEN 6073245 AND 6073345
	Index Only Scan using k_4 on sbtest4  (cost=0.43..6.45 rows=101 width=4)
	  Index Cond: ((k >= 6073245) AND (k <= 6073345))

table 5 : explain SELECT k FROM sbtest5 WHERE k BETWEEN 6073245 AND 6073345
	Index Only Scan using k_5 on sbtest5  (cost=0.43..6.83 rows=120 width=4)
	  Index Cond: ((k >= 6073245) AND (k <= 6073345))

table 6 : explain SELECT k FROM sbtest6 WHERE k BETWEEN 6073245 AND 6073345
	Index Only Scan using k_6 on sbtest6  (cost=0.43..6.40 rows=98 width=4)
	  Index Cond: ((k >= 6073245) AND (k <= 6073345))

table 7 : explain SELECT k FROM sbtest7 WHERE k BETWEEN 6073245 AND 6073345
	Index Only Scan using k_7 on sbtest7  (cost=0.43..10.50 rows=103 width=4)
	  Index Cond: ((k >= 6073245) AND (k <= 6073345))

table 8 : explain SELECT k FROM sbtest8 WHERE k BETWEEN 6073245 AND 6073345
	Index Only Scan using k_8 on sbtest8  (cost=0.43..6.59 rows=108 width=4)
	  Index Cond: ((k >= 6073245) AND (k <= 6073345))

for range-covered
table 1 : explain SELECT k FROM sbtest1 WHERE k BETWEEN 4940750 AND 4940850
	Index Only Scan using k_1 on sbtest1  (cost=0.43..6.32 rows=94 width=4)
	  Index Cond: ((k >= 4940750) AND (k <= 4940850))

table 2 : explain SELECT k FROM sbtest2 WHERE k BETWEEN 4940750 AND 4940850
	Index Only Scan using k_2 on sbtest2  (cost=0.43..6.42 rows=99 width=4)
	  Index Cond: ((k >= 4940750) AND (k <= 4940850))

table 3 : explain SELECT k FROM sbtest3 WHERE k BETWEEN 4940750 AND 4940850
	Index Only Scan using k_3 on sbtest3  (cost=0.43..6.69 rows=113 width=4)
	  Index Cond: ((k >= 4940750) AND (k <= 4940850))

table 4 : explain SELECT k FROM sbtest4 WHERE k BETWEEN 4940750 AND 4940850
	Index Only Scan using k_4 on sbtest4  (cost=0.43..6.40 rows=98 width=4)
	  Index Cond: ((k >= 4940750) AND (k <= 4940850))

table 5 : explain SELECT k FROM sbtest5 WHERE k BETWEEN 4940750 AND 4940850
	Index Only Scan using k_5 on sbtest5  (cost=0.43..6.50 rows=103 width=4)
	  Index Cond: ((k >= 4940750) AND (k <= 4940850))

table 6 : explain SELECT k FROM sbtest6 WHERE k BETWEEN 4940750 AND 4940850
	Index Only Scan using k_6 on sbtest6  (cost=0.43..6.53 rows=105 width=4)
	  Index Cond: ((k >= 4940750) AND (k <= 4940850))

table 7 : explain SELECT k FROM sbtest7 WHERE k BETWEEN 4940750 AND 4940850
	Index Only Scan using k_7 on sbtest7  (cost=0.43..10.50 rows=103 width=4)
	  Index Cond: ((k >= 4940750) AND (k <= 4940850))

table 8 : explain SELECT k FROM sbtest8 WHERE k BETWEEN 4940750 AND 4940850
	Index Only Scan using k_8 on sbtest8  (cost=0.43..6.35 rows=96 width=4)
	  Index Cond: ((k >= 4940750) AND (k <= 4940850))

explain: for range-covered :: explain SELECT k FROM sbtest%d WHERE k BETWEEN 6073245 AND 6073345
explain: for range-covered :: explain SELECT k FROM sbtest%d WHERE k BETWEEN 4940750 AND 4940850
for range-covered
table 1 : explain SELECT k FROM sbtest1 WHERE k BETWEEN 5481291 AND 5481391
	Index Only Scan using k_1 on sbtest1  (cost=0.43..6.42 rows=99 width=4)
	  Index Cond: ((k >= 5481291) AND (k <= 5481391))

table 2 : explain SELECT k FROM sbtest2 WHERE k BETWEEN 5481291 AND 5481391
	Index Only Scan using k_2 on sbtest2  (cost=0.43..6.43 rows=100 width=4)
	  Index Cond: ((k >= 5481291) AND (k <= 5481391))

table 3 : explain SELECT k FROM sbtest3 WHERE k BETWEEN 5481291 AND 5481391
	Index Only Scan using k_3 on sbtest3  (cost=0.43..6.45 rows=101 width=4)
	  Index Cond: ((k >= 5481291) AND (k <= 5481391))

table 4 : explain SELECT k FROM sbtest4 WHERE k BETWEEN 5481291 AND 5481391
	Index Only Scan using k_4 on sbtest4  (cost=0.43..6.27 rows=92 width=4)
	  Index Cond: ((k >= 5481291) AND (k <= 5481391))

table 5 : explain SELECT k FROM sbtest5 WHERE k BETWEEN 5481291 AND 5481391
	Index Only Scan using k_5 on sbtest5  (cost=0.43..6.40 rows=98 width=4)
	  Index Cond: ((k >= 5481291) AND (k <= 5481391))

table 6 : explain SELECT k FROM sbtest6 WHERE k BETWEEN 5481291 AND 5481391
	Index Only Scan using k_6 on sbtest6  (cost=0.43..6.37 rows=97 width=4)
	  Index Cond: ((k >= 5481291) AND (k <= 5481391))

table 7 : explain SELECT k FROM sbtest7 WHERE k BETWEEN 5481291 AND 5481391
	Index Only Scan using k_7 on sbtest7  (cost=0.43..10.58 rows=107 width=4)
	  Index Cond: ((k >= 5481291) AND (k <= 5481391))

table 8 : explain SELECT k FROM sbtest8 WHERE k BETWEEN 5481291 AND 5481391
	Index Only Scan using k_8 on sbtest8  (cost=0.43..6.50 rows=103 width=4)
	  Index Cond: ((k >= 5481291) AND (k <= 5481391))

for range-covered
table 1 : explain SELECT k FROM sbtest1 WHERE k BETWEEN 3493867 AND 3493967
	Index Only Scan using k_1 on sbtest1  (cost=0.43..6.50 rows=103 width=4)
	  Index Cond: ((k >= 3493867) AND (k <= 3493967))

table 2 : explain SELECT k FROM sbtest2 WHERE k BETWEEN 3493867 AND 3493967
	Index Only Scan using k_2 on sbtest2  (cost=0.43..6.47 rows=102 width=4)
	  Index Cond: ((k >= 3493867) AND (k <= 3493967))

table 3 : explain SELECT k FROM sbtest3 WHERE k BETWEEN 3493867 AND 3493967
	Index Only Scan using k_3 on sbtest3  (cost=0.43..6.50 rows=103 width=4)
	  Index Cond: ((k >= 3493867) AND (k <= 3493967))

table 4 : explain SELECT k FROM sbtest4 WHERE k BETWEEN 3493867 AND 3493967
	Index Only Scan using k_4 on sbtest4  (cost=0.43..6.40 rows=98 width=4)
	  Index Cond: ((k >= 3493867) AND (k <= 3493967))

table 5 : explain SELECT k FROM sbtest5 WHERE k BETWEEN 3493867 AND 3493967
	Index Only Scan using k_5 on sbtest5  (cost=0.43..6.43 rows=100 width=4)
	  Index Cond: ((k >= 3493867) AND (k <= 3493967))

table 6 : explain SELECT k FROM sbtest6 WHERE k BETWEEN 3493867 AND 3493967
	Index Only Scan using k_6 on sbtest6  (cost=0.43..6.42 rows=99 width=4)
	  Index Cond: ((k >= 3493867) AND (k <= 3493967))

table 7 : explain SELECT k FROM sbtest7 WHERE k BETWEEN 3493867 AND 3493967
	Index Only Scan using k_7 on sbtest7  (cost=0.43..10.47 rows=102 width=4)
	  Index Cond: ((k >= 3493867) AND (k <= 3493967))

table 8 : explain SELECT k FROM sbtest8 WHERE k BETWEEN 3493867 AND 3493967
	Index Only Scan using k_8 on sbtest8  (cost=0.43..6.53 rows=105 width=4)
	  Index Cond: ((k >= 3493867) AND (k <= 3493967))

explain: for range-covered :: explain SELECT k FROM sbtest%d WHERE k BETWEEN 6793805 AND 6793905
explain: for range-covered :: explain SELECT k FROM sbtest%d WHERE k BETWEEN 3493867 AND 3493967
for range-covered
table 1 : explain SELECT k FROM sbtest1 WHERE k BETWEEN 4490257 AND 4490357
	Index Only Scan using k_1 on sbtest1  (cost=0.43..6.45 rows=101 width=4)
	  Index Cond: ((k >= 4490257) AND (k <= 4490357))

table 2 : explain SELECT k FROM sbtest2 WHERE k BETWEEN 4490257 AND 4490357
	Index Only Scan using k_2 on sbtest2  (cost=0.43..6.63 rows=110 width=4)
	  Index Cond: ((k >= 4490257) AND (k <= 4490357))

table 3 : explain SELECT k FROM sbtest3 WHERE k BETWEEN 4490257 AND 4490357
	Index Only Scan using k_3 on sbtest3  (cost=0.43..6.45 rows=101 width=4)
	  Index Cond: ((k >= 4490257) AND (k <= 4490357))

table 4 : explain SELECT k FROM sbtest4 WHERE k BETWEEN 4490257 AND 4490357
	Index Only Scan using k_4 on sbtest4  (cost=0.43..6.58 rows=107 width=4)
	  Index Cond: ((k >= 4490257) AND (k <= 4490357))

table 5 : explain SELECT k FROM sbtest5 WHERE k BETWEEN 4490257 AND 4490357
	Index Only Scan using k_5 on sbtest5  (cost=0.43..6.63 rows=110 width=4)
	  Index Cond: ((k >= 4490257) AND (k <= 4490357))

table 6 : explain SELECT k FROM sbtest6 WHERE k BETWEEN 4490257 AND 4490357
	Index Only Scan using k_6 on sbtest6  (cost=0.43..6.33 rows=95 width=4)
	  Index Cond: ((k >= 4490257) AND (k <= 4490357))

table 7 : explain SELECT k FROM sbtest7 WHERE k BETWEEN 4490257 AND 4490357
	Index Only Scan using k_7 on sbtest7  (cost=0.43..10.51 rows=104 width=4)
	  Index Cond: ((k >= 4490257) AND (k <= 4490357))

table 8 : explain SELECT k FROM sbtest8 WHERE k BETWEEN 4490257 AND 4490357
	Index Only Scan using k_8 on sbtest8  (cost=0.43..6.59 rows=108 width=4)
	  Index Cond: ((k >= 4490257) AND (k <= 4490357))

for range-covered
table 1 : explain SELECT k FROM sbtest1 WHERE k BETWEEN 2010315 AND 2010415
	Index Only Scan using k_1 on sbtest1  (cost=0.43..6.45 rows=101 width=4)
	  Index Cond: ((k >= 2010315) AND (k <= 2010415))

table 2 : explain SELECT k FROM sbtest2 WHERE k BETWEEN 2010315 AND 2010415
	Index Only Scan using k_2 on sbtest2  (cost=0.43..6.50 rows=103 width=4)
	  Index Cond: ((k >= 2010315) AND (k <= 2010415))

table 3 : explain SELECT k FROM sbtest3 WHERE k BETWEEN 2010315 AND 2010415
	Index Only Scan using k_3 on sbtest3  (cost=0.43..6.45 rows=101 width=4)
	  Index Cond: ((k >= 2010315) AND (k <= 2010415))

table 4 : explain SELECT k FROM sbtest4 WHERE k BETWEEN 2010315 AND 2010415
	Index Only Scan using k_4 on sbtest4  (cost=0.43..6.25 rows=91 width=4)
	  Index Cond: ((k >= 2010315) AND (k <= 2010415))

table 5 : explain SELECT k FROM sbtest5 WHERE k BETWEEN 2010315 AND 2010415
	Index Only Scan using k_5 on sbtest5  (cost=0.43..6.56 rows=106 width=4)
	  Index Cond: ((k >= 2010315) AND (k <= 2010415))

table 6 : explain SELECT k FROM sbtest6 WHERE k BETWEEN 2010315 AND 2010415
	Index Only Scan using k_6 on sbtest6  (cost=0.43..6.42 rows=99 width=4)
	  Index Cond: ((k >= 2010315) AND (k <= 2010415))

table 7 : explain SELECT k FROM sbtest7 WHERE k BETWEEN 2010315 AND 2010415
	Index Only Scan using k_7 on sbtest7  (cost=0.43..10.36 rows=96 width=4)
	  Index Cond: ((k >= 2010315) AND (k <= 2010415))

table 8 : explain SELECT k FROM sbtest8 WHERE k BETWEEN 2010315 AND 2010415
	Index Only Scan using k_8 on sbtest8  (cost=0.43..6.61 rows=109 width=4)
	  Index Cond: ((k >= 2010315) AND (k <= 2010415))

explain: for range-covered :: explain SELECT k FROM sbtest%d WHERE k BETWEEN 4490257 AND 4490357
explain: for range-covered :: explain SELECT k FROM sbtest%d WHERE k BETWEEN 2010315 AND 2010415
for range-covered
table 1 : explain SELECT k FROM sbtest1 WHERE k BETWEEN 7333419 AND 7333519
	Index Only Scan using k_1 on sbtest1  (cost=0.43..6.58 rows=107 width=4)
	  Index Cond: ((k >= 7333419) AND (k <= 7333519))

table 2 : explain SELECT k FROM sbtest2 WHERE k BETWEEN 7333419 AND 7333519
	Index Only Scan using k_2 on sbtest2  (cost=0.43..6.37 rows=97 width=4)
	  Index Cond: ((k >= 7333419) AND (k <= 7333519))

table 3 : explain SELECT k FROM sbtest3 WHERE k BETWEEN 7333419 AND 7333519
	Index Only Scan using k_3 on sbtest3  (cost=0.43..6.35 rows=96 width=4)
	  Index Cond: ((k >= 7333419) AND (k <= 7333519))

table 4 : explain SELECT k FROM sbtest4 WHERE k BETWEEN 7333419 AND 7333519
	Index Only Scan using k_4 on sbtest4  (cost=0.43..6.40 rows=98 width=4)
	  Index Cond: ((k >= 7333419) AND (k <= 7333519))

table 5 : explain SELECT k FROM sbtest5 WHERE k BETWEEN 7333419 AND 7333519
	Index Only Scan using k_5 on sbtest5  (cost=0.43..6.32 rows=94 width=4)
	  Index Cond: ((k >= 7333419) AND (k <= 7333519))

table 6 : explain SELECT k FROM sbtest6 WHERE k BETWEEN 7333419 AND 7333519
	Index Only Scan using k_6 on sbtest6  (cost=0.43..6.69 rows=113 width=4)
	  Index Cond: ((k >= 7333419) AND (k <= 7333519))

table 7 : explain SELECT k FROM sbtest7 WHERE k BETWEEN 7333419 AND 7333519
	Index Only Scan using k_7 on sbtest7  (cost=0.43..10.58 rows=107 width=4)
	  Index Cond: ((k >= 7333419) AND (k <= 7333519))

table 8 : explain SELECT k FROM sbtest8 WHERE k BETWEEN 7333419 AND 7333519
	Index Only Scan using k_8 on sbtest8  (cost=0.43..6.37 rows=97 width=4)
	  Index Cond: ((k >= 7333419) AND (k <= 7333519))

explain: for range-covered :: explain SELECT k FROM sbtest%d WHERE k BETWEEN 1755410 AND 1755510
explain: for range-covered :: explain SELECT k FROM sbtest%d WHERE k BETWEEN 7333419 AND 7333519
for range-covered
table 1 : explain SELECT k FROM sbtest1 WHERE k BETWEEN 4487803 AND 4487903
	Index Only Scan using k_1 on sbtest1  (cost=0.43..6.45 rows=101 width=4)
	  Index Cond: ((k >= 4487803) AND (k <= 4487903))

table 2 : explain SELECT k FROM sbtest2 WHERE k BETWEEN 4487803 AND 4487903
	Index Only Scan using k_2 on sbtest2  (cost=0.43..6.63 rows=110 width=4)
	  Index Cond: ((k >= 4487803) AND (k <= 4487903))

table 3 : explain SELECT k FROM sbtest3 WHERE k BETWEEN 4487803 AND 4487903
	Index Only Scan using k_3 on sbtest3  (cost=0.43..6.45 rows=101 width=4)
	  Index Cond: ((k >= 4487803) AND (k <= 4487903))

table 4 : explain SELECT k FROM sbtest4 WHERE k BETWEEN 4487803 AND 4487903
	Index Only Scan using k_4 on sbtest4  (cost=0.43..6.58 rows=107 width=4)
	  Index Cond: ((k >= 4487803) AND (k <= 4487903))

table 5 : explain SELECT k FROM sbtest5 WHERE k BETWEEN 4487803 AND 4487903
	Index Only Scan using k_5 on sbtest5  (cost=0.43..6.63 rows=110 width=4)
	  Index Cond: ((k >= 4487803) AND (k <= 4487903))

table 6 : explain SELECT k FROM sbtest6 WHERE k BETWEEN 4487803 AND 4487903
	Index Only Scan using k_6 on sbtest6  (cost=0.43..6.33 rows=95 width=4)
	  Index Cond: ((k >= 4487803) AND (k <= 4487903))

table 7 : explain SELECT k FROM sbtest7 WHERE k BETWEEN 4487803 AND 4487903
	Index Only Scan using k_7 on sbtest7  (cost=0.43..10.51 rows=104 width=4)
	  Index Cond: ((k >= 4487803) AND (k <= 4487903))

table 8 : explain SELECT k FROM sbtest8 WHERE k BETWEEN 4487803 AND 4487903
	Index Only Scan using k_8 on sbtest8  (cost=0.43..6.59 rows=108 width=4)
	  Index Cond: ((k >= 4487803) AND (k <= 4487903))

for range-covered
table 1 : explain SELECT k FROM sbtest1 WHERE k BETWEEN 4940750 AND 4940850
	Index Only Scan using k_1 on sbtest1  (cost=0.43..6.32 rows=94 width=4)
	  Index Cond: ((k >= 4940750) AND (k <= 4940850))

table 2 : explain SELECT k FROM sbtest2 WHERE k BETWEEN 4940750 AND 4940850
	Index Only Scan using k_2 on sbtest2  (cost=0.43..6.42 rows=99 width=4)
	  Index Cond: ((k >= 4940750) AND (k <= 4940850))

table 3 : explain SELECT k FROM sbtest3 WHERE k BETWEEN 4940750 AND 4940850
	Index Only Scan using k_3 on sbtest3  (cost=0.43..6.69 rows=113 width=4)
	  Index Cond: ((k >= 4940750) AND (k <= 4940850))

table 4 : explain SELECT k FROM sbtest4 WHERE k BETWEEN 4940750 AND 4940850
	Index Only Scan using k_4 on sbtest4  (cost=0.43..6.40 rows=98 width=4)
	  Index Cond: ((k >= 4940750) AND (k <= 4940850))

table 5 : explain SELECT k FROM sbtest5 WHERE k BETWEEN 4940750 AND 4940850
	Index Only Scan using k_5 on sbtest5  (cost=0.43..6.50 rows=103 width=4)
	  Index Cond: ((k >= 4940750) AND (k <= 4940850))

table 6 : explain SELECT k FROM sbtest6 WHERE k BETWEEN 4940750 AND 4940850
	Index Only Scan using k_6 on sbtest6  (cost=0.43..6.53 rows=105 width=4)
	  Index Cond: ((k >= 4940750) AND (k <= 4940850))

table 7 : explain SELECT k FROM sbtest7 WHERE k BETWEEN 4940750 AND 4940850
	Index Only Scan using k_7 on sbtest7  (cost=0.43..10.50 rows=103 width=4)
	  Index Cond: ((k >= 4940750) AND (k <= 4940850))

table 8 : explain SELECT k FROM sbtest8 WHERE k BETWEEN 4940750 AND 4940850
	Index Only Scan using k_8 on sbtest8  (cost=0.43..6.35 rows=96 width=4)
	  Index Cond: ((k >= 4940750) AND (k <= 4940850))

explain: for range-covered :: explain SELECT k FROM sbtest%d WHERE k BETWEEN 4487803 AND 4487903
for range-covered
table 1 : explain SELECT k FROM sbtest1 WHERE k BETWEEN 6073245 AND 6073345
	Index Only Scan using k_1 on sbtest1  (cost=0.43..6.47 rows=102 width=4)
	  Index Cond: ((k >= 6073245) AND (k <= 6073345))

table 2 : explain SELECT k FROM sbtest2 WHERE k BETWEEN 6073245 AND 6073345
	Index Only Scan using k_2 on sbtest2  (cost=0.43..6.58 rows=107 width=4)
	  Index Cond: ((k >= 6073245) AND (k <= 6073345))

table 3 : explain SELECT k FROM sbtest3 WHERE k BETWEEN 6073245 AND 6073345
	Index Only Scan using k_3 on sbtest3  (cost=0.43..6.32 rows=94 width=4)
	  Index Cond: ((k >= 6073245) AND (k <= 6073345))

table 4 : explain SELECT k FROM sbtest4 WHERE k BETWEEN 6073245 AND 6073345
	Index Only Scan using k_4 on sbtest4  (cost=0.43..6.45 rows=101 width=4)
	  Index Cond: ((k >= 6073245) AND (k <= 6073345))

table 5 : explain SELECT k FROM sbtest5 WHERE k BETWEEN 6073245 AND 6073345
	Index Only Scan using k_5 on sbtest5  (cost=0.43..6.83 rows=120 width=4)
	  Index Cond: ((k >= 6073245) AND (k <= 6073345))

table 6 : explain SELECT k FROM sbtest6 WHERE k BETWEEN 6073245 AND 6073345
	Index Only Scan using k_6 on sbtest6  (cost=0.43..6.40 rows=98 width=4)
	  Index Cond: ((k >= 6073245) AND (k <= 6073345))

table 7 : explain SELECT k FROM sbtest7 WHERE k BETWEEN 6073245 AND 6073345
	Index Only Scan using k_7 on sbtest7  (cost=0.43..10.50 rows=103 width=4)
	  Index Cond: ((k >= 6073245) AND (k <= 6073345))

table 8 : explain SELECT k FROM sbtest8 WHERE k BETWEEN 6073245 AND 6073345
	Index Only Scan using k_8 on sbtest8  (cost=0.43..6.59 rows=108 width=4)
	  Index Cond: ((k >= 6073245) AND (k <= 6073345))

explain: for range-covered :: explain SELECT k FROM sbtest%d WHERE k BETWEEN 4940750 AND 4940850
explain: for range-covered :: explain SELECT k FROM sbtest%d WHERE k BETWEEN 6073245 AND 6073345
for range-covered
table 1 : explain SELECT k FROM sbtest1 WHERE k BETWEEN 3493867 AND 3493967
	Index Only Scan using k_1 on sbtest1  (cost=0.43..6.50 rows=103 width=4)
	  Index Cond: ((k >= 3493867) AND (k <= 3493967))

table 2 : explain SELECT k FROM sbtest2 WHERE k BETWEEN 3493867 AND 3493967
	Index Only Scan using k_2 on sbtest2  (cost=0.43..6.47 rows=102 width=4)
	  Index Cond: ((k >= 3493867) AND (k <= 3493967))

table 3 : explain SELECT k FROM sbtest3 WHERE k BETWEEN 3493867 AND 3493967
	Index Only Scan using k_3 on sbtest3  (cost=0.43..6.50 rows=103 width=4)
	  Index Cond: ((k >= 3493867) AND (k <= 3493967))

table 4 : explain SELECT k FROM sbtest4 WHERE k BETWEEN 3493867 AND 3493967
	Index Only Scan using k_4 on sbtest4  (cost=0.43..6.40 rows=98 width=4)
	  Index Cond: ((k >= 3493867) AND (k <= 3493967))

table 5 : explain SELECT k FROM sbtest5 WHERE k BETWEEN 3493867 AND 3493967
	Index Only Scan using k_5 on sbtest5  (cost=0.43..6.43 rows=100 width=4)
	  Index Cond: ((k >= 3493867) AND (k <= 3493967))

table 6 : explain SELECT k FROM sbtest6 WHERE k BETWEEN 3493867 AND 3493967
	Index Only Scan using k_6 on sbtest6  (cost=0.43..6.42 rows=99 width=4)
	  Index Cond: ((k >= 3493867) AND (k <= 3493967))

table 7 : explain SELECT k FROM sbtest7 WHERE k BETWEEN 3493867 AND 3493967
	Index Only Scan using k_7 on sbtest7  (cost=0.43..10.47 rows=102 width=4)
	  Index Cond: ((k >= 3493867) AND (k <= 3493967))

table 8 : explain SELECT k FROM sbtest8 WHERE k BETWEEN 3493867 AND 3493967
	Index Only Scan using k_8 on sbtest8  (cost=0.43..6.53 rows=105 width=4)
	  Index Cond: ((k >= 3493867) AND (k <= 3493967))

explain: for range-covered :: explain SELECT k FROM sbtest%d WHERE k BETWEEN 3493867 AND 3493967
for range-covered
table 1 : explain SELECT k FROM sbtest1 WHERE k BETWEEN 4490257 AND 4490357
	Index Only Scan using k_1 on sbtest1  (cost=0.43..6.45 rows=101 width=4)
	  Index Cond: ((k >= 4490257) AND (k <= 4490357))

table 2 : explain SELECT k FROM sbtest2 WHERE k BETWEEN 4490257 AND 4490357
	Index Only Scan using k_2 on sbtest2  (cost=0.43..6.63 rows=110 width=4)
	  Index Cond: ((k >= 4490257) AND (k <= 4490357))

table 3 : explain SELECT k FROM sbtest3 WHERE k BETWEEN 4490257 AND 4490357
	Index Only Scan using k_3 on sbtest3  (cost=0.43..6.45 rows=101 width=4)
	  Index Cond: ((k >= 4490257) AND (k <= 4490357))

table 4 : explain SELECT k FROM sbtest4 WHERE k BETWEEN 4490257 AND 4490357
	Index Only Scan using k_4 on sbtest4  (cost=0.43..6.58 rows=107 width=4)
	  Index Cond: ((k >= 4490257) AND (k <= 4490357))

table 5 : explain SELECT k FROM sbtest5 WHERE k BETWEEN 4490257 AND 4490357
	Index Only Scan using k_5 on sbtest5  (cost=0.43..6.63 rows=110 width=4)
	  Index Cond: ((k >= 4490257) AND (k <= 4490357))

table 6 : explain SELECT k FROM sbtest6 WHERE k BETWEEN 4490257 AND 4490357
	Index Only Scan using k_6 on sbtest6  (cost=0.43..6.33 rows=95 width=4)
	  Index Cond: ((k >= 4490257) AND (k <= 4490357))

table 7 : explain SELECT k FROM sbtest7 WHERE k BETWEEN 4490257 AND 4490357
	Index Only Scan using k_7 on sbtest7  (cost=0.43..10.51 rows=104 width=4)
	  Index Cond: ((k >= 4490257) AND (k <= 4490357))

table 8 : explain SELECT k FROM sbtest8 WHERE k BETWEEN 4490257 AND 4490357
	Index Only Scan using k_8 on sbtest8  (cost=0.43..6.59 rows=108 width=4)
	  Index Cond: ((k >= 4490257) AND (k <= 4490357))

for range-covered
table 1 : explain SELECT k FROM sbtest1 WHERE k BETWEEN 2010315 AND 2010415
	Index Only Scan using k_1 on sbtest1  (cost=0.43..6.45 rows=101 width=4)
	  Index Cond: ((k >= 2010315) AND (k <= 2010415))

table 2 : explain SELECT k FROM sbtest2 WHERE k BETWEEN 2010315 AND 2010415
	Index Only Scan using k_2 on sbtest2  (cost=0.43..6.50 rows=103 width=4)
	  Index Cond: ((k >= 2010315) AND (k <= 2010415))

table 3 : explain SELECT k FROM sbtest3 WHERE k BETWEEN 2010315 AND 2010415
	Index Only Scan using k_3 on sbtest3  (cost=0.43..6.45 rows=101 width=4)
	  Index Cond: ((k >= 2010315) AND (k <= 2010415))

table 4 : explain SELECT k FROM sbtest4 WHERE k BETWEEN 2010315 AND 2010415
	Index Only Scan using k_4 on sbtest4  (cost=0.43..6.25 rows=91 width=4)
	  Index Cond: ((k >= 2010315) AND (k <= 2010415))

table 5 : explain SELECT k FROM sbtest5 WHERE k BETWEEN 2010315 AND 2010415
	Index Only Scan using k_5 on sbtest5  (cost=0.43..6.56 rows=106 width=4)
	  Index Cond: ((k >= 2010315) AND (k <= 2010415))

table 6 : explain SELECT k FROM sbtest6 WHERE k BETWEEN 2010315 AND 2010415
	Index Only Scan using k_6 on sbtest6  (cost=0.43..6.42 rows=99 width=4)
	  Index Cond: ((k >= 2010315) AND (k <= 2010415))

table 7 : explain SELECT k FROM sbtest7 WHERE k BETWEEN 2010315 AND 2010415
	Index Only Scan using k_7 on sbtest7  (cost=0.43..10.36 rows=96 width=4)
	  Index Cond: ((k >= 2010315) AND (k <= 2010415))

table 8 : explain SELECT k FROM sbtest8 WHERE k BETWEEN 2010315 AND 2010415
	Index Only Scan using k_8 on sbtest8  (cost=0.43..6.61 rows=109 width=4)
	  Index Cond: ((k >= 2010315) AND (k <= 2010415))

explain: for range-covered :: explain SELECT k FROM sbtest%d WHERE k BETWEEN 4490257 AND 4490357
explain: for range-covered :: explain SELECT k FROM sbtest%d WHERE k BETWEEN 2010315 AND 2010415
for range-covered
table 1 : explain SELECT k FROM sbtest1 WHERE k BETWEEN 7333419 AND 7333519
	Index Only Scan using k_1 on sbtest1  (cost=0.43..6.58 rows=107 width=4)
	  Index Cond: ((k >= 7333419) AND (k <= 7333519))

table 2 : explain SELECT k FROM sbtest2 WHERE k BETWEEN 7333419 AND 7333519
	Index Only Scan using k_2 on sbtest2  (cost=0.43..6.37 rows=97 width=4)
	  Index Cond: ((k >= 7333419) AND (k <= 7333519))

table 3 : explain SELECT k FROM sbtest3 WHERE k BETWEEN 7333419 AND 7333519
	Index Only Scan using k_3 on sbtest3  (cost=0.43..6.35 rows=96 width=4)
	  Index Cond: ((k >= 7333419) AND (k <= 7333519))

table 4 : explain SELECT k FROM sbtest4 WHERE k BETWEEN 7333419 AND 7333519
	Index Only Scan using k_4 on sbtest4  (cost=0.43..6.40 rows=98 width=4)
	  Index Cond: ((k >= 7333419) AND (k <= 7333519))

table 5 : explain SELECT k FROM sbtest5 WHERE k BETWEEN 7333419 AND 7333519
	Index Only Scan using k_5 on sbtest5  (cost=0.43..6.32 rows=94 width=4)
	  Index Cond: ((k >= 7333419) AND (k <= 7333519))

table 6 : explain SELECT k FROM sbtest6 WHERE k BETWEEN 7333419 AND 7333519
	Index Only Scan using k_6 on sbtest6  (cost=0.43..6.69 rows=113 width=4)
	  Index Cond: ((k >= 7333419) AND (k <= 7333519))

table 7 : explain SELECT k FROM sbtest7 WHERE k BETWEEN 7333419 AND 7333519
	Index Only Scan using k_7 on sbtest7  (cost=0.43..10.58 rows=107 width=4)
	  Index Cond: ((k >= 7333419) AND (k <= 7333519))

table 8 : explain SELECT k FROM sbtest8 WHERE k BETWEEN 7333419 AND 7333519
	Index Only Scan using k_8 on sbtest8  (cost=0.43..6.37 rows=97 width=4)
	  Index Cond: ((k >= 7333419) AND (k <= 7333519))

explain: for range-covered :: explain SELECT k FROM sbtest%d WHERE k BETWEEN 7333419 AND 7333519
for range-covered
table 1 : explain SELECT k FROM sbtest1 WHERE k BETWEEN 4487803 AND 4487903
	Index Only Scan using k_1 on sbtest1  (cost=0.43..6.45 rows=101 width=4)
	  Index Cond: ((k >= 4487803) AND (k <= 4487903))

table 2 : explain SELECT k FROM sbtest2 WHERE k BETWEEN 4487803 AND 4487903
	Index Only Scan using k_2 on sbtest2  (cost=0.43..6.63 rows=110 width=4)
	  Index Cond: ((k >= 4487803) AND (k <= 4487903))

table 3 : explain SELECT k FROM sbtest3 WHERE k BETWEEN 4487803 AND 4487903
	Index Only Scan using k_3 on sbtest3  (cost=0.43..6.45 rows=101 width=4)
	  Index Cond: ((k >= 4487803) AND (k <= 4487903))

table 4 : explain SELECT k FROM sbtest4 WHERE k BETWEEN 4487803 AND 4487903
	Index Only Scan using k_4 on sbtest4  (cost=0.43..6.58 rows=107 width=4)
	  Index Cond: ((k >= 4487803) AND (k <= 4487903))

table 5 : explain SELECT k FROM sbtest5 WHERE k BETWEEN 4487803 AND 4487903
	Index Only Scan using k_5 on sbtest5  (cost=0.43..6.63 rows=110 width=4)
	  Index Cond: ((k >= 4487803) AND (k <= 4487903))

table 6 : explain SELECT k FROM sbtest6 WHERE k BETWEEN 4487803 AND 4487903
	Index Only Scan using k_6 on sbtest6  (cost=0.43..6.33 rows=95 width=4)
	  Index Cond: ((k >= 4487803) AND (k <= 4487903))

table 7 : explain SELECT k FROM sbtest7 WHERE k BETWEEN 4487803 AND 4487903
	Index Only Scan using k_7 on sbtest7  (cost=0.43..10.51 rows=104 width=4)
	  Index Cond: ((k >= 4487803) AND (k <= 4487903))

table 8 : explain SELECT k FROM sbtest8 WHERE k BETWEEN 4487803 AND 4487903
	Index Only Scan using k_8 on sbtest8  (cost=0.43..6.59 rows=108 width=4)
	  Index Cond: ((k >= 4487803) AND (k <= 4487903))

for range-covered
table 1 : explain SELECT k FROM sbtest1 WHERE k BETWEEN 4940750 AND 4940850
	Index Only Scan using k_1 on sbtest1  (cost=0.43..6.32 rows=94 width=4)
	  Index Cond: ((k >= 4940750) AND (k <= 4940850))

table 2 : explain SELECT k FROM sbtest2 WHERE k BETWEEN 4940750 AND 4940850
	Index Only Scan using k_2 on sbtest2  (cost=0.43..6.42 rows=99 width=4)
	  Index Cond: ((k >= 4940750) AND (k <= 4940850))

table 3 : explain SELECT k FROM sbtest3 WHERE k BETWEEN 4940750 AND 4940850
	Index Only Scan using k_3 on sbtest3  (cost=0.43..6.69 rows=113 width=4)
	  Index Cond: ((k >= 4940750) AND (k <= 4940850))

table 4 : explain SELECT k FROM sbtest4 WHERE k BETWEEN 4940750 AND 4940850
	Index Only Scan using k_4 on sbtest4  (cost=0.43..6.40 rows=98 width=4)
	  Index Cond: ((k >= 4940750) AND (k <= 4940850))

table 5 : explain SELECT k FROM sbtest5 WHERE k BETWEEN 4940750 AND 4940850
	Index Only Scan using k_5 on sbtest5  (cost=0.43..6.50 rows=103 width=4)
	  Index Cond: ((k >= 4940750) AND (k <= 4940850))

table 6 : explain SELECT k FROM sbtest6 WHERE k BETWEEN 4940750 AND 4940850
	Index Only Scan using k_6 on sbtest6  (cost=0.43..6.53 rows=105 width=4)
	  Index Cond: ((k >= 4940750) AND (k <= 4940850))

table 7 : explain SELECT k FROM sbtest7 WHERE k BETWEEN 4940750 AND 4940850
	Index Only Scan using k_7 on sbtest7  (cost=0.43..10.50 rows=103 width=4)
	  Index Cond: ((k >= 4940750) AND (k <= 4940850))

table 8 : explain SELECT k FROM sbtest8 WHERE k BETWEEN 4940750 AND 4940850
	Index Only Scan using k_8 on sbtest8  (cost=0.43..6.35 rows=96 width=4)
	  Index Cond: ((k >= 4940750) AND (k <= 4940850))

explain: for range-covered :: explain SELECT k FROM sbtest%d WHERE k BETWEEN 4487803 AND 4487903
for range-covered
table 1 : explain SELECT k FROM sbtest1 WHERE k BETWEEN 6073245 AND 6073345
	Index Only Scan using k_1 on sbtest1  (cost=0.43..6.47 rows=102 width=4)
	  Index Cond: ((k >= 6073245) AND (k <= 6073345))

table 2 : explain SELECT k FROM sbtest2 WHERE k BETWEEN 6073245 AND 6073345
	Index Only Scan using k_2 on sbtest2  (cost=0.43..6.58 rows=107 width=4)
	  Index Cond: ((k >= 6073245) AND (k <= 6073345))

table 3 : explain SELECT k FROM sbtest3 WHERE k BETWEEN 6073245 AND 6073345
	Index Only Scan using k_3 on sbtest3  (cost=0.43..6.32 rows=94 width=4)
	  Index Cond: ((k >= 6073245) AND (k <= 6073345))

table 4 : explain SELECT k FROM sbtest4 WHERE k BETWEEN 6073245 AND 6073345
	Index Only Scan using k_4 on sbtest4  (cost=0.43..6.45 rows=101 width=4)
	  Index Cond: ((k >= 6073245) AND (k <= 6073345))

table 5 : explain SELECT k FROM sbtest5 WHERE k BETWEEN 6073245 AND 6073345
	Index Only Scan using k_5 on sbtest5  (cost=0.43..6.83 rows=120 width=4)
	  Index Cond: ((k >= 6073245) AND (k <= 6073345))

table 6 : explain SELECT k FROM sbtest6 WHERE k BETWEEN 6073245 AND 6073345
	Index Only Scan using k_6 on sbtest6  (cost=0.43..6.40 rows=98 width=4)
	  Index Cond: ((k >= 6073245) AND (k <= 6073345))

table 7 : explain SELECT k FROM sbtest7 WHERE k BETWEEN 6073245 AND 6073345
	Index Only Scan using k_7 on sbtest7  (cost=0.43..10.50 rows=103 width=4)
	  Index Cond: ((k >= 6073245) AND (k <= 6073345))

table 8 : explain SELECT k FROM sbtest8 WHERE k BETWEEN 6073245 AND 6073345
	Index Only Scan using k_8 on sbtest8  (cost=0.43..6.59 rows=108 width=4)
	  Index Cond: ((k >= 6073245) AND (k <= 6073345))

explain: for range-covered :: explain SELECT k FROM sbtest%d WHERE k BETWEEN 4940750 AND 4940850
for range-covered
table 1 : explain SELECT k FROM sbtest1 WHERE k BETWEEN 3493867 AND 3493967
	Index Only Scan using k_1 on sbtest1  (cost=0.43..6.50 rows=103 width=4)
	  Index Cond: ((k >= 3493867) AND (k <= 3493967))

table 2 : explain SELECT k FROM sbtest2 WHERE k BETWEEN 3493867 AND 3493967
	Index Only Scan using k_2 on sbtest2  (cost=0.43..6.47 rows=102 width=4)
	  Index Cond: ((k >= 3493867) AND (k <= 3493967))

table 3 : explain SELECT k FROM sbtest3 WHERE k BETWEEN 3493867 AND 3493967
	Index Only Scan using k_3 on sbtest3  (cost=0.43..6.50 rows=103 width=4)
	  Index Cond: ((k >= 3493867) AND (k <= 3493967))

table 4 : explain SELECT k FROM sbtest4 WHERE k BETWEEN 3493867 AND 3493967
	Index Only Scan using k_4 on sbtest4  (cost=0.43..6.40 rows=98 width=4)
	  Index Cond: ((k >= 3493867) AND (k <= 3493967))

table 5 : explain SELECT k FROM sbtest5 WHERE k BETWEEN 3493867 AND 3493967
	Index Only Scan using k_5 on sbtest5  (cost=0.43..6.43 rows=100 width=4)
	  Index Cond: ((k >= 3493867) AND (k <= 3493967))

table 6 : explain SELECT k FROM sbtest6 WHERE k BETWEEN 3493867 AND 3493967
	Index Only Scan using k_6 on sbtest6  (cost=0.43..6.42 rows=99 width=4)
	  Index Cond: ((k >= 3493867) AND (k <= 3493967))

table 7 : explain SELECT k FROM sbtest7 WHERE k BETWEEN 3493867 AND 3493967
	Index Only Scan using k_7 on sbtest7  (cost=0.43..10.47 rows=102 width=4)
	  Index Cond: ((k >= 3493867) AND (k <= 3493967))

table 8 : explain SELECT k FROM sbtest8 WHERE k BETWEEN 3493867 AND 3493967
	Index Only Scan using k_8 on sbtest8  (cost=0.43..6.53 rows=105 width=4)
	  Index Cond: ((k >= 3493867) AND (k <= 3493967))

explain: for range-covered :: explain SELECT k FROM sbtest%d WHERE k BETWEEN 5898340 AND 5898440
explain: for range-covered :: explain SELECT k FROM sbtest%d WHERE k BETWEEN 6073245 AND 6073345
for range-covered
table 1 : explain SELECT k FROM sbtest1 WHERE k BETWEEN 2010315 AND 2010415
	Index Only Scan using k_1 on sbtest1  (cost=0.43..6.45 rows=101 width=4)
	  Index Cond: ((k >= 2010315) AND (k <= 2010415))

table 2 : explain SELECT k FROM sbtest2 WHERE k BETWEEN 2010315 AND 2010415
	Index Only Scan using k_2 on sbtest2  (cost=0.43..6.50 rows=103 width=4)
	  Index Cond: ((k >= 2010315) AND (k <= 2010415))

table 3 : explain SELECT k FROM sbtest3 WHERE k BETWEEN 2010315 AND 2010415
	Index Only Scan using k_3 on sbtest3  (cost=0.43..6.45 rows=101 width=4)
	  Index Cond: ((k >= 2010315) AND (k <= 2010415))

table 4 : explain SELECT k FROM sbtest4 WHERE k BETWEEN 2010315 AND 2010415
	Index Only Scan using k_4 on sbtest4  (cost=0.43..6.25 rows=91 width=4)
	  Index Cond: ((k >= 2010315) AND (k <= 2010415))

table 5 : explain SELECT k FROM sbtest5 WHERE k BETWEEN 2010315 AND 2010415
	Index Only Scan using k_5 on sbtest5  (cost=0.43..6.56 rows=106 width=4)
	  Index Cond: ((k >= 2010315) AND (k <= 2010415))

table 6 : explain SELECT k FROM sbtest6 WHERE k BETWEEN 2010315 AND 2010415
	Index Only Scan using k_6 on sbtest6  (cost=0.43..6.42 rows=99 width=4)
	  Index Cond: ((k >= 2010315) AND (k <= 2010415))

table 7 : explain SELECT k FROM sbtest7 WHERE k BETWEEN 2010315 AND 2010415
	Index Only Scan using k_7 on sbtest7  (cost=0.43..10.36 rows=96 width=4)
	  Index Cond: ((k >= 2010315) AND (k <= 2010415))

table 8 : explain SELECT k FROM sbtest8 WHERE k BETWEEN 2010315 AND 2010415
	Index Only Scan using k_8 on sbtest8  (cost=0.43..6.61 rows=109 width=4)
	  Index Cond: ((k >= 2010315) AND (k <= 2010415))

explain: for range-covered :: explain SELECT k FROM sbtest%d WHERE k BETWEEN 2010315 AND 2010415
for range-covered
table 1 : explain SELECT k FROM sbtest1 WHERE k BETWEEN 7333419 AND 7333519
	Index Only Scan using k_1 on sbtest1  (cost=0.43..6.58 rows=107 width=4)
	  Index Cond: ((k >= 7333419) AND (k <= 7333519))

table 2 : explain SELECT k FROM sbtest2 WHERE k BETWEEN 7333419 AND 7333519
	Index Only Scan using k_2 on sbtest2  (cost=0.43..6.37 rows=97 width=4)
	  Index Cond: ((k >= 7333419) AND (k <= 7333519))

table 3 : explain SELECT k FROM sbtest3 WHERE k BETWEEN 7333419 AND 7333519
	Index Only Scan using k_3 on sbtest3  (cost=0.43..6.35 rows=96 width=4)
	  Index Cond: ((k >= 7333419) AND (k <= 7333519))

table 4 : explain SELECT k FROM sbtest4 WHERE k BETWEEN 7333419 AND 7333519
	Index Only Scan using k_4 on sbtest4  (cost=0.43..6.40 rows=98 width=4)
	  Index Cond: ((k >= 7333419) AND (k <= 7333519))

table 5 : explain SELECT k FROM sbtest5 WHERE k BETWEEN 7333419 AND 7333519
	Index Only Scan using k_5 on sbtest5  (cost=0.43..6.32 rows=94 width=4)
	  Index Cond: ((k >= 7333419) AND (k <= 7333519))

table 6 : explain SELECT k FROM sbtest6 WHERE k BETWEEN 7333419 AND 7333519
	Index Only Scan using k_6 on sbtest6  (cost=0.43..6.69 rows=113 width=4)
	  Index Cond: ((k >= 7333419) AND (k <= 7333519))

table 7 : explain SELECT k FROM sbtest7 WHERE k BETWEEN 7333419 AND 7333519
	Index Only Scan using k_7 on sbtest7  (cost=0.43..10.58 rows=107 width=4)
	  Index Cond: ((k >= 7333419) AND (k <= 7333519))

table 8 : explain SELECT k FROM sbtest8 WHERE k BETWEEN 7333419 AND 7333519
	Index Only Scan using k_8 on sbtest8  (cost=0.43..6.37 rows=97 width=4)
	  Index Cond: ((k >= 7333419) AND (k <= 7333519))

explain: for range-covered :: explain SELECT k FROM sbtest%d WHERE k BETWEEN 7333419 AND 7333519
for range-covered
table 1 : explain SELECT k FROM sbtest1 WHERE k BETWEEN 4487803 AND 4487903
	Index Only Scan using k_1 on sbtest1  (cost=0.43..6.45 rows=101 width=4)
	  Index Cond: ((k >= 4487803) AND (k <= 4487903))

table 2 : explain SELECT k FROM sbtest2 WHERE k BETWEEN 4487803 AND 4487903
	Index Only Scan using k_2 on sbtest2  (cost=0.43..6.63 rows=110 width=4)
	  Index Cond: ((k >= 4487803) AND (k <= 4487903))

table 3 : explain SELECT k FROM sbtest3 WHERE k BETWEEN 4487803 AND 4487903
	Index Only Scan using k_3 on sbtest3  (cost=0.43..6.45 rows=101 width=4)
	  Index Cond: ((k >= 4487803) AND (k <= 4487903))

table 4 : explain SELECT k FROM sbtest4 WHERE k BETWEEN 4487803 AND 4487903
	Index Only Scan using k_4 on sbtest4  (cost=0.43..6.58 rows=107 width=4)
	  Index Cond: ((k >= 4487803) AND (k <= 4487903))

table 5 : explain SELECT k FROM sbtest5 WHERE k BETWEEN 4487803 AND 4487903
	Index Only Scan using k_5 on sbtest5  (cost=0.43..6.63 rows=110 width=4)
	  Index Cond: ((k >= 4487803) AND (k <= 4487903))

table 6 : explain SELECT k FROM sbtest6 WHERE k BETWEEN 4487803 AND 4487903
	Index Only Scan using k_6 on sbtest6  (cost=0.43..6.33 rows=95 width=4)
	  Index Cond: ((k >= 4487803) AND (k <= 4487903))

table 7 : explain SELECT k FROM sbtest7 WHERE k BETWEEN 4487803 AND 4487903
	Index Only Scan using k_7 on sbtest7  (cost=0.43..10.51 rows=104 width=4)
	  Index Cond: ((k >= 4487803) AND (k <= 4487903))

table 8 : explain SELECT k FROM sbtest8 WHERE k BETWEEN 4487803 AND 4487903
	Index Only Scan using k_8 on sbtest8  (cost=0.43..6.59 rows=108 width=4)
	  Index Cond: ((k >= 4487803) AND (k <= 4487903))

for range-covered
table 1 : explain SELECT k FROM sbtest1 WHERE k BETWEEN 4490257 AND 4490357
	Index Only Scan using k_1 on sbtest1  (cost=0.43..6.45 rows=101 width=4)
	  Index Cond: ((k >= 4490257) AND (k <= 4490357))

table 2 : explain SELECT k FROM sbtest2 WHERE k BETWEEN 4490257 AND 4490357
	Index Only Scan using k_2 on sbtest2  (cost=0.43..6.63 rows=110 width=4)
	  Index Cond: ((k >= 4490257) AND (k <= 4490357))

table 3 : explain SELECT k FROM sbtest3 WHERE k BETWEEN 4490257 AND 4490357
	Index Only Scan using k_3 on sbtest3  (cost=0.43..6.45 rows=101 width=4)
	  Index Cond: ((k >= 4490257) AND (k <= 4490357))

table 4 : explain SELECT k FROM sbtest4 WHERE k BETWEEN 4490257 AND 4490357
	Index Only Scan using k_4 on sbtest4  (cost=0.43..6.58 rows=107 width=4)
	  Index Cond: ((k >= 4490257) AND (k <= 4490357))

table 5 : explain SELECT k FROM sbtest5 WHERE k BETWEEN 4490257 AND 4490357
	Index Only Scan using k_5 on sbtest5  (cost=0.43..6.63 rows=110 width=4)
	  Index Cond: ((k >= 4490257) AND (k <= 4490357))

table 6 : explain SELECT k FROM sbtest6 WHERE k BETWEEN 4490257 AND 4490357
	Index Only Scan using k_6 on sbtest6  (cost=0.43..6.33 rows=95 width=4)
	  Index Cond: ((k >= 4490257) AND (k <= 4490357))

table 7 : explain SELECT k FROM sbtest7 WHERE k BETWEEN 4490257 AND 4490357
	Index Only Scan using k_7 on sbtest7  (cost=0.43..10.51 rows=104 width=4)
	  Index Cond: ((k >= 4490257) AND (k <= 4490357))

table 8 : explain SELECT k FROM sbtest8 WHERE k BETWEEN 4490257 AND 4490357
	Index Only Scan using k_8 on sbtest8  (cost=0.43..6.59 rows=108 width=4)
	  Index Cond: ((k >= 4490257) AND (k <= 4490357))

for range-covered
table 1 : explain SELECT k FROM sbtest1 WHERE k BETWEEN 4940750 AND 4940850
	Index Only Scan using k_1 on sbtest1  (cost=0.43..6.32 rows=94 width=4)
	  Index Cond: ((k >= 4940750) AND (k <= 4940850))

table 2 : explain SELECT k FROM sbtest2 WHERE k BETWEEN 4940750 AND 4940850
	Index Only Scan using k_2 on sbtest2  (cost=0.43..6.42 rows=99 width=4)
	  Index Cond: ((k >= 4940750) AND (k <= 4940850))

table 3 : explain SELECT k FROM sbtest3 WHERE k BETWEEN 4940750 AND 4940850
	Index Only Scan using k_3 on sbtest3  (cost=0.43..6.69 rows=113 width=4)
	  Index Cond: ((k >= 4940750) AND (k <= 4940850))

table 4 : explain SELECT k FROM sbtest4 WHERE k BETWEEN 4940750 AND 4940850
	Index Only Scan using k_4 on sbtest4  (cost=0.43..6.40 rows=98 width=4)
	  Index Cond: ((k >= 4940750) AND (k <= 4940850))

table 5 : explain SELECT k FROM sbtest5 WHERE k BETWEEN 4940750 AND 4940850
	Index Only Scan using k_5 on sbtest5  (cost=0.43..6.50 rows=103 width=4)
	  Index Cond: ((k >= 4940750) AND (k <= 4940850))

table 6 : explain SELECT k FROM sbtest6 WHERE k BETWEEN 4940750 AND 4940850
	Index Only Scan using k_6 on sbtest6  (cost=0.43..6.53 rows=105 width=4)
	  Index Cond: ((k >= 4940750) AND (k <= 4940850))

table 7 : explain SELECT k FROM sbtest7 WHERE k BETWEEN 4940750 AND 4940850
	Index Only Scan using k_7 on sbtest7  (cost=0.43..10.50 rows=103 width=4)
	  Index Cond: ((k >= 4940750) AND (k <= 4940850))

table 8 : explain SELECT k FROM sbtest8 WHERE k BETWEEN 4940750 AND 4940850
	Index Only Scan using k_8 on sbtest8  (cost=0.43..6.35 rows=96 width=4)
	  Index Cond: ((k >= 4940750) AND (k <= 4940850))

explain: for range-covered :: explain SELECT k FROM sbtest%d WHERE k BETWEEN 4487803 AND 4487903
explain: for range-covered :: explain SELECT k FROM sbtest%d WHERE k BETWEEN 4490257 AND 4490357
explain: for range-covered :: explain SELECT k FROM sbtest%d WHERE k BETWEEN 4940750 AND 4940850
for range-covered
table 1 : explain SELECT k FROM sbtest1 WHERE k BETWEEN 6073245 AND 6073345
	Index Only Scan using k_1 on sbtest1  (cost=0.43..6.47 rows=102 width=4)
	  Index Cond: ((k >= 6073245) AND (k <= 6073345))

table 2 : explain SELECT k FROM sbtest2 WHERE k BETWEEN 6073245 AND 6073345
	Index Only Scan using k_2 on sbtest2  (cost=0.43..6.58 rows=107 width=4)
	  Index Cond: ((k >= 6073245) AND (k <= 6073345))

table 3 : explain SELECT k FROM sbtest3 WHERE k BETWEEN 6073245 AND 6073345
	Index Only Scan using k_3 on sbtest3  (cost=0.43..6.32 rows=94 width=4)
	  Index Cond: ((k >= 6073245) AND (k <= 6073345))

table 4 : explain SELECT k FROM sbtest4 WHERE k BETWEEN 6073245 AND 6073345
	Index Only Scan using k_4 on sbtest4  (cost=0.43..6.45 rows=101 width=4)
	  Index Cond: ((k >= 6073245) AND (k <= 6073345))

table 5 : explain SELECT k FROM sbtest5 WHERE k BETWEEN 6073245 AND 6073345
	Index Only Scan using k_5 on sbtest5  (cost=0.43..6.83 rows=120 width=4)
	  Index Cond: ((k >= 6073245) AND (k <= 6073345))

table 6 : explain SELECT k FROM sbtest6 WHERE k BETWEEN 6073245 AND 6073345
	Index Only Scan using k_6 on sbtest6  (cost=0.43..6.40 rows=98 width=4)
	  Index Cond: ((k >= 6073245) AND (k <= 6073345))

table 7 : explain SELECT k FROM sbtest7 WHERE k BETWEEN 6073245 AND 6073345
	Index Only Scan using k_7 on sbtest7  (cost=0.43..10.50 rows=103 width=4)
	  Index Cond: ((k >= 6073245) AND (k <= 6073345))

table 8 : explain SELECT k FROM sbtest8 WHERE k BETWEEN 6073245 AND 6073345
	Index Only Scan using k_8 on sbtest8  (cost=0.43..6.59 rows=108 width=4)
	  Index Cond: ((k >= 6073245) AND (k <= 6073345))

for range-covered
table 1 : explain SELECT k FROM sbtest1 WHERE k BETWEEN 2010315 AND 2010415
	Index Only Scan using k_1 on sbtest1  (cost=0.43..6.45 rows=101 width=4)
	  Index Cond: ((k >= 2010315) AND (k <= 2010415))

table 2 : explain SELECT k FROM sbtest2 WHERE k BETWEEN 2010315 AND 2010415
	Index Only Scan using k_2 on sbtest2  (cost=0.43..6.50 rows=103 width=4)
	  Index Cond: ((k >= 2010315) AND (k <= 2010415))

table 3 : explain SELECT k FROM sbtest3 WHERE k BETWEEN 2010315 AND 2010415
	Index Only Scan using k_3 on sbtest3  (cost=0.43..6.45 rows=101 width=4)
	  Index Cond: ((k >= 2010315) AND (k <= 2010415))

table 4 : explain SELECT k FROM sbtest4 WHERE k BETWEEN 2010315 AND 2010415
	Index Only Scan using k_4 on sbtest4  (cost=0.43..6.25 rows=91 width=4)
	  Index Cond: ((k >= 2010315) AND (k <= 2010415))

table 5 : explain SELECT k FROM sbtest5 WHERE k BETWEEN 2010315 AND 2010415
	Index Only Scan using k_5 on sbtest5  (cost=0.43..6.56 rows=106 width=4)
	  Index Cond: ((k >= 2010315) AND (k <= 2010415))

table 6 : explain SELECT k FROM sbtest6 WHERE k BETWEEN 2010315 AND 2010415
	Index Only Scan using k_6 on sbtest6  (cost=0.43..6.42 rows=99 width=4)
	  Index Cond: ((k >= 2010315) AND (k <= 2010415))

table 7 : explain SELECT k FROM sbtest7 WHERE k BETWEEN 2010315 AND 2010415
	Index Only Scan using k_7 on sbtest7  (cost=0.43..10.36 rows=96 width=4)
	  Index Cond: ((k >= 2010315) AND (k <= 2010415))

table 8 : explain SELECT k FROM sbtest8 WHERE k BETWEEN 2010315 AND 2010415
	Index Only Scan using k_8 on sbtest8  (cost=0.43..6.61 rows=109 width=4)
	  Index Cond: ((k >= 2010315) AND (k <= 2010415))

for range-covered
table 1 : explain SELECT k FROM sbtest1 WHERE k BETWEEN 6793805 AND 6793905
	Index Only Scan using k_1 on sbtest1  (cost=0.43..6.45 rows=101 width=4)
	  Index Cond: ((k >= 6793805) AND (k <= 6793905))

table 2 : explain SELECT k FROM sbtest2 WHERE k BETWEEN 6793805 AND 6793905
	Index Only Scan using k_2 on sbtest2  (cost=0.43..6.50 rows=103 width=4)
	  Index Cond: ((k >= 6793805) AND (k <= 6793905))

table 3 : explain SELECT k FROM sbtest3 WHERE k BETWEEN 6793805 AND 6793905
	Index Only Scan using k_3 on sbtest3  (cost=0.43..6.58 rows=107 width=4)
	  Index Cond: ((k >= 6793805) AND (k <= 6793905))

table 4 : explain SELECT k FROM sbtest4 WHERE k BETWEEN 6793805 AND 6793905
	Index Only Scan using k_4 on sbtest4  (cost=0.43..6.33 rows=95 width=4)
	  Index Cond: ((k >= 6793805) AND (k <= 6793905))

table 5 : explain SELECT k FROM sbtest5 WHERE k BETWEEN 6793805 AND 6793905
	Index Only Scan using k_5 on sbtest5  (cost=0.43..6.59 rows=108 width=4)
	  Index Cond: ((k >= 6793805) AND (k <= 6793905))

table 6 : explain SELECT k FROM sbtest6 WHERE k BETWEEN 6793805 AND 6793905
	Index Only Scan using k_6 on sbtest6  (cost=0.43..6.43 rows=100 width=4)
	  Index Cond: ((k >= 6793805) AND (k <= 6793905))

table 7 : explain SELECT k FROM sbtest7 WHERE k BETWEEN 6793805 AND 6793905
	Index Only Scan using k_7 on sbtest7  (cost=0.43..10.36 rows=96 width=4)
	  Index Cond: ((k >= 6793805) AND (k <= 6793905))

table 8 : explain SELECT k FROM sbtest8 WHERE k BETWEEN 6793805 AND 6793905
	Index Only Scan using k_8 on sbtest8  (cost=0.43..6.27 rows=92 width=4)
	  Index Cond: ((k >= 6793805) AND (k <= 6793905))

explain: for range-covered :: explain SELECT k FROM sbtest%d WHERE k BETWEEN 6073245 AND 6073345
explain: for range-covered :: explain SELECT k FROM sbtest%d WHERE k BETWEEN 2010315 AND 2010415
explain: for range-covered :: explain SELECT k FROM sbtest%d WHERE k BETWEEN 6793805 AND 6793905for range-covered
table 1 : explain SELECT k FROM sbtest1 WHERE k BETWEEN 7333419 AND 7333519
	Index Only Scan using k_1 on sbtest1  (cost=0.43..6.58 rows=107 width=4)
	  Index Cond: ((k >= 7333419) AND (k <= 7333519))

table 2 : explain SELECT k FROM sbtest2 WHERE k BETWEEN 7333419 AND 7333519
	Index Only Scan using k_2 on sbtest2  (cost=0.43..6.37 rows=97 width=4)
	  Index Cond: ((k >= 7333419) AND (k <= 7333519))

table 3 : explain SELECT k FROM sbtest3 WHERE k BETWEEN 7333419 AND 7333519
	Index Only Scan using k_3 on sbtest3  (cost=0.43..6.35 rows=96 width=4)
	  Index Cond: ((k >= 7333419) AND (k <= 7333519))

table 4 : explain SELECT k FROM sbtest4 WHERE k BETWEEN 7333419 AND 7333519
	Index Only Scan using k_4 on sbtest4  (cost=0.43..6.40 rows=98 width=4)
	  Index Cond: ((k >= 7333419) AND (k <= 7333519))

table 5 : explain SELECT k FROM sbtest5 WHERE k BETWEEN 7333419 AND 7333519
	Index Only Scan using k_5 on sbtest5  (cost=0.43..6.32 rows=94 width=4)
	  Index Cond: ((k >= 7333419) AND (k <= 7333519))

table 6 : explain SELECT k FROM sbtest6 WHERE k BETWEEN 7333419 AND 7333519
	Index Only Scan using k_6 on sbtest6  (cost=0.43..6.69 rows=113 width=4)
	  Index Cond: ((k >= 7333419) AND (k <= 7333519))

table 7 : explain SELECT k FROM sbtest7 WHERE k BETWEEN 7333419 AND 7333519
	Index Only Scan using k_7 on sbtest7  (cost=0.43..10.58 rows=107 width=4)
	  Index Cond: ((k >= 7333419) AND (k <= 7333519))

table 8 : explain SELECT k FROM sbtest8 WHERE k BETWEEN 7333419 AND 7333519
	Index Only Scan using k_8 on sbtest8  (cost=0.43..6.37 rows=97 width=4)
	  Index Cond: ((k >= 7333419) AND (k <= 7333519))


explain: for range-covered :: explain SELECT k FROM sbtest%d WHERE k BETWEEN 7333419 AND 7333519
explain: for range-covered :: explain SELECT k FROM sbtest%d WHERE k BETWEEN 5503917 AND 5504017
for range-covered
table 1 : explain SELECT k FROM sbtest1 WHERE k BETWEEN 1755410 AND 1755510
	Index Only Scan using k_1 on sbtest1  (cost=0.43..6.32 rows=94 width=4)
	  Index Cond: ((k >= 1755410) AND (k <= 1755510))

table 2 : explain SELECT k FROM sbtest2 WHERE k BETWEEN 1755410 AND 1755510
	Index Only Scan using k_2 on sbtest2  (cost=0.43..6.53 rows=105 width=4)
	  Index Cond: ((k >= 1755410) AND (k <= 1755510))

table 3 : explain SELECT k FROM sbtest3 WHERE k BETWEEN 1755410 AND 1755510
	Index Only Scan using k_3 on sbtest3  (cost=0.43..6.42 rows=99 width=4)
	  Index Cond: ((k >= 1755410) AND (k <= 1755510))

table 4 : explain SELECT k FROM sbtest4 WHERE k BETWEEN 1755410 AND 1755510
	Index Only Scan using k_4 on sbtest4  (cost=0.43..6.51 rows=104 width=4)
	  Index Cond: ((k >= 1755410) AND (k <= 1755510))

table 5 : explain SELECT k FROM sbtest5 WHERE k BETWEEN 1755410 AND 1755510
	Index Only Scan using k_5 on sbtest5  (cost=0.43..6.40 rows=98 width=4)
	  Index Cond: ((k >= 1755410) AND (k <= 1755510))

table 6 : explain SELECT k FROM sbtest6 WHERE k BETWEEN 1755410 AND 1755510
	Index Only Scan using k_6 on sbtest6  (cost=0.43..6.50 rows=103 width=4)
	  Index Cond: ((k >= 1755410) AND (k <= 1755510))

table 7 : explain SELECT k FROM sbtest7 WHERE k BETWEEN 1755410 AND 1755510
	Index Only Scan using k_7 on sbtest7  (cost=0.43..10.40 rows=98 width=4)
	  Index Cond: ((k >= 1755410) AND (k <= 1755510))

table 8 : explain SELECT k FROM sbtest8 WHERE k BETWEEN 1755410 AND 1755510
	Index Only Scan using k_8 on sbtest8  (cost=0.43..6.51 rows=104 width=4)
	  Index Cond: ((k >= 1755410) AND (k <= 1755510))

explain: for range-covered :: explain SELECT k FROM sbtest%d WHERE k BETWEEN 1755410 AND 1755510
for range-covered
table 1 : explain SELECT k FROM sbtest1 WHERE k BETWEEN 4487803 AND 4487903
	Index Only Scan using k_1 on sbtest1  (cost=0.43..6.45 rows=101 width=4)
	  Index Cond: ((k >= 4487803) AND (k <= 4487903))

table 2 : explain SELECT k FROM sbtest2 WHERE k BETWEEN 4487803 AND 4487903
	Index Only Scan using k_2 on sbtest2  (cost=0.43..6.63 rows=110 width=4)
	  Index Cond: ((k >= 4487803) AND (k <= 4487903))

table 3 : explain SELECT k FROM sbtest3 WHERE k BETWEEN 4487803 AND 4487903
	Index Only Scan using k_3 on sbtest3  (cost=0.43..6.45 rows=101 width=4)
	  Index Cond: ((k >= 4487803) AND (k <= 4487903))

table 4 : explain SELECT k FROM sbtest4 WHERE k BETWEEN 4487803 AND 4487903
	Index Only Scan using k_4 on sbtest4  (cost=0.43..6.58 rows=107 width=4)
	  Index Cond: ((k >= 4487803) AND (k <= 4487903))

table 5 : explain SELECT k FROM sbtest5 WHERE k BETWEEN 4487803 AND 4487903
	Index Only Scan using k_5 on sbtest5  (cost=0.43..6.63 rows=110 width=4)
	  Index Cond: ((k >= 4487803) AND (k <= 4487903))

table 6 : explain SELECT k FROM sbtest6 WHERE k BETWEEN 4487803 AND 4487903
	Index Only Scan using k_6 on sbtest6  (cost=0.43..6.33 rows=95 width=4)
	  Index Cond: ((k >= 4487803) AND (k <= 4487903))

table 7 : explain SELECT k FROM sbtest7 WHERE k BETWEEN 4487803 AND 4487903
	Index Only Scan using k_7 on sbtest7  (cost=0.43..10.51 rows=104 width=4)
	  Index Cond: ((k >= 4487803) AND (k <= 4487903))

table 8 : explain SELECT k FROM sbtest8 WHERE k BETWEEN 4487803 AND 4487903
	Index Only Scan using k_8 on sbtest8  (cost=0.43..6.59 rows=108 width=4)
	  Index Cond: ((k >= 4487803) AND (k <= 4487903))

for range-covered
table 1 : explain SELECT k FROM sbtest1 WHERE k BETWEEN 4490257 AND 4490357
	Index Only Scan using k_1 on sbtest1  (cost=0.43..6.45 rows=101 width=4)
	  Index Cond: ((k >= 4490257) AND (k <= 4490357))

table 2 : explain SELECT k FROM sbtest2 WHERE k BETWEEN 4490257 AND 4490357
	Index Only Scan using k_2 on sbtest2  (cost=0.43..6.63 rows=110 width=4)
	  Index Cond: ((k >= 4490257) AND (k <= 4490357))

table 3 : explain SELECT k FROM sbtest3 WHERE k BETWEEN 4490257 AND 4490357
	Index Only Scan using k_3 on sbtest3  (cost=0.43..6.45 rows=101 width=4)
	  Index Cond: ((k >= 4490257) AND (k <= 4490357))

table 4 : explain SELECT k FROM sbtest4 WHERE k BETWEEN 4490257 AND 4490357
	Index Only Scan using k_4 on sbtest4  (cost=0.43..6.58 rows=107 width=4)
	  Index Cond: ((k >= 4490257) AND (k <= 4490357))

table 5 : explain SELECT k FROM sbtest5 WHERE k BETWEEN 4490257 AND 4490357
	Index Only Scan using k_5 on sbtest5  (cost=0.43..6.63 rows=110 width=4)
	  Index Cond: ((k >= 4490257) AND (k <= 4490357))

table 6 : explain SELECT k FROM sbtest6 WHERE k BETWEEN 4490257 AND 4490357
	Index Only Scan using k_6 on sbtest6  (cost=0.43..6.33 rows=95 width=4)
	  Index Cond: ((k >= 4490257) AND (k <= 4490357))

table 7 : explain SELECT k FROM sbtest7 WHERE k BETWEEN 4490257 AND 4490357
	Index Only Scan using k_7 on sbtest7  (cost=0.43..10.51 rows=104 width=4)
	  Index Cond: ((k >= 4490257) AND (k <= 4490357))

table 8 : explain SELECT k FROM sbtest8 WHERE k BETWEEN 4490257 AND 4490357
	Index Only Scan using k_8 on sbtest8  (cost=0.43..6.59 rows=108 width=4)
	  Index Cond: ((k >= 4490257) AND (k <= 4490357))

for range-covered
table 1 : explain SELECT k FROM sbtest1 WHERE k BETWEEN 4940750 AND 4940850
	Index Only Scan using k_1 on sbtest1  (cost=0.43..6.32 rows=94 width=4)
	  Index Cond: ((k >= 4940750) AND (k <= 4940850))

table 2 : explain SELECT k FROM sbtest2 WHERE k BETWEEN 4940750 AND 4940850
	Index Only Scan using k_2 on sbtest2  (cost=0.43..6.42 rows=99 width=4)
	  Index Cond: ((k >= 4940750) AND (k <= 4940850))

table 3 : explain SELECT k FROM sbtest3 WHERE k BETWEEN 4940750 AND 4940850
	Index Only Scan using k_3 on sbtest3  (cost=0.43..6.69 rows=113 width=4)
	  Index Cond: ((k >= 4940750) AND (k <= 4940850))

table 4 : explain SELECT k FROM sbtest4 WHERE k BETWEEN 4940750 AND 4940850
	Index Only Scan using k_4 on sbtest4  (cost=0.43..6.40 rows=98 width=4)
	  Index Cond: ((k >= 4940750) AND (k <= 4940850))

table 5 : explain SELECT k FROM sbtest5 WHERE k BETWEEN 4940750 AND 4940850
	Index Only Scan using k_5 on sbtest5  (cost=0.43..6.50 rows=103 width=4)
	  Index Cond: ((k >= 4940750) AND (k <= 4940850))

table 6 : explain SELECT k FROM sbtest6 WHERE k BETWEEN 4940750 AND 4940850
	Index Only Scan using k_6 on sbtest6  (cost=0.43..6.53 rows=105 width=4)
	  Index Cond: ((k >= 4940750) AND (k <= 4940850))

table 7 : explain SELECT k FROM sbtest7 WHERE k BETWEEN 4940750 AND 4940850
	Index Only Scan using k_7 on sbtest7  (cost=0.43..10.50 rows=103 width=4)
	  Index Cond: ((k >= 4940750) AND (k <= 4940850))

table 8 : explain SELECT k FROM sbtest8 WHERE k BETWEEN 4940750 AND 4940850
	Index Only Scan using k_8 on sbtest8  (cost=0.43..6.35 rows=96 width=4)
	  Index Cond: ((k >= 4940750) AND (k <= 4940850))

explain: for range-covered :: explain SELECT k FROM sbtest%d WHERE k BETWEEN 4487803 AND 4487903
explain: for range-covered :: explain SELECT k FROM sbtest%d WHERE k BETWEEN 4940750 AND 4940850
for range-covered
table 1 : explain SELECT k FROM sbtest1 WHERE k BETWEEN 2010315 AND 2010415
	Index Only Scan using k_1 on sbtest1  (cost=0.43..6.45 rows=101 width=4)
	  Index Cond: ((k >= 2010315) AND (k <= 2010415))

table 2 : explain SELECT k FROM sbtest2 WHERE k BETWEEN 2010315 AND 2010415
	Index Only Scan using k_2 on sbtest2  (cost=0.43..6.50 rows=103 width=4)
	  Index Cond: ((k >= 2010315) AND (k <= 2010415))

table 3 : explain SELECT k FROM sbtest3 WHERE k BETWEEN 2010315 AND 2010415
	Index Only Scan using k_3 on sbtest3  (cost=0.43..6.45 rows=101 width=4)
	  Index Cond: ((k >= 2010315) AND (k <= 2010415))

table 4 : explain SELECT k FROM sbtest4 WHERE k BETWEEN 2010315 AND 2010415
	Index Only Scan using k_4 on sbtest4  (cost=0.43..6.25 rows=91 width=4)
	  Index Cond: ((k >= 2010315) AND (k <= 2010415))

table 5 : explain SELECT k FROM sbtest5 WHERE k BETWEEN 2010315 AND 2010415
	Index Only Scan using k_5 on sbtest5  (cost=0.43..6.56 rows=106 width=4)
	  Index Cond: ((k >= 2010315) AND (k <= 2010415))

table 6 : explain SELECT k FROM sbtest6 WHERE k BETWEEN 2010315 AND 2010415
	Index Only Scan using k_6 on sbtest6  (cost=0.43..6.42 rows=99 width=4)
	  Index Cond: ((k >= 2010315) AND (k <= 2010415))

table 7 : explain SELECT k FROM sbtest7 WHERE k BETWEEN 2010315 AND 2010415
	Index Only Scan using k_7 on sbtest7  (cost=0.43..10.36 rows=96 width=4)
	  Index Cond: ((k >= 2010315) AND (k <= 2010415))

table 8 : explain SELECT k FROM sbtest8 WHERE k BETWEEN 2010315 AND 2010415
	Index Only Scan using k_8 on sbtest8  (cost=0.43..6.61 rows=109 width=4)
	  Index Cond: ((k >= 2010315) AND (k <= 2010415))

for range-covered
table 1 : explain SELECT k FROM sbtest1 WHERE k BETWEEN 1755410 AND 1755510
	Index Only Scan using k_1 on sbtest1  (cost=0.43..6.32 rows=94 width=4)
	  Index Cond: ((k >= 1755410) AND (k <= 1755510))

table 2 : explain SELECT k FROM sbtest2 WHERE k BETWEEN 1755410 AND 1755510
	Index Only Scan using k_2 on sbtest2  (cost=0.43..6.53 rows=105 width=4)
	  Index Cond: ((k >= 1755410) AND (k <= 1755510))

table 3 : explain SELECT k FROM sbtest3 WHERE k BETWEEN 1755410 AND 1755510
	Index Only Scan using k_3 on sbtest3  (cost=0.43..6.42 rows=99 width=4)
	  Index Cond: ((k >= 1755410) AND (k <= 1755510))

table 4 : explain SELECT k FROM sbtest4 WHERE k BETWEEN 1755410 AND 1755510
	Index Only Scan using k_4 on sbtest4  (cost=0.43..6.51 rows=104 width=4)
	  Index Cond: ((k >= 1755410) AND (k <= 1755510))

table 5 : explain SELECT k FROM sbtest5 WHERE k BETWEEN 1755410 AND 1755510
	Index Only Scan using k_5 on sbtest5  (cost=0.43..6.40 rows=98 width=4)
	  Index Cond: ((k >= 1755410) AND (k <= 1755510))

table 6 : explain SELECT k FROM sbtest6 WHERE k BETWEEN 1755410 AND 1755510
	Index Only Scan using k_6 on sbtest6  (cost=0.43..6.50 rows=103 width=4)
	  Index Cond: ((k >= 1755410) AND (k <= 1755510))

table 7 : explain SELECT k FROM sbtest7 WHERE k BETWEEN 1755410 AND 1755510
	Index Only Scan using k_7 on sbtest7  (cost=0.43..10.40 rows=98 width=4)
	  Index Cond: ((k >= 1755410) AND (k <= 1755510))

table 8 : explain SELECT k FROM sbtest8 WHERE k BETWEEN 1755410 AND 1755510
	Index Only Scan using k_8 on sbtest8  (cost=0.43..6.51 rows=104 width=4)
	  Index Cond: ((k >= 1755410) AND (k <= 1755510))

explain: for range-covered :: explain SELECT k FROM sbtest%d WHERE k BETWEEN 1755410 AND 1755510
for range-covered
table 1 : explain SELECT k FROM sbtest1 WHERE k BETWEEN 4487803 AND 4487903
	Index Only Scan using k_1 on sbtest1  (cost=0.43..6.45 rows=101 width=4)
	  Index Cond: ((k >= 4487803) AND (k <= 4487903))

table 2 : explain SELECT k FROM sbtest2 WHERE k BETWEEN 4487803 AND 4487903
	Index Only Scan using k_2 on sbtest2  (cost=0.43..6.63 rows=110 width=4)
	  Index Cond: ((k >= 4487803) AND (k <= 4487903))

table 3 : explain SELECT k FROM sbtest3 WHERE k BETWEEN 4487803 AND 4487903
	Index Only Scan using k_3 on sbtest3  (cost=0.43..6.45 rows=101 width=4)
	  Index Cond: ((k >= 4487803) AND (k <= 4487903))

table 4 : explain SELECT k FROM sbtest4 WHERE k BETWEEN 4487803 AND 4487903
	Index Only Scan using k_4 on sbtest4  (cost=0.43..6.58 rows=107 width=4)
	  Index Cond: ((k >= 4487803) AND (k <= 4487903))

table 5 : explain SELECT k FROM sbtest5 WHERE k BETWEEN 4487803 AND 4487903
	Index Only Scan using k_5 on sbtest5  (cost=0.43..6.63 rows=110 width=4)
	  Index Cond: ((k >= 4487803) AND (k <= 4487903))

table 6 : explain SELECT k FROM sbtest6 WHERE k BETWEEN 4487803 AND 4487903
	Index Only Scan using k_6 on sbtest6  (cost=0.43..6.33 rows=95 width=4)
	  Index Cond: ((k >= 4487803) AND (k <= 4487903))

table 7 : explain SELECT k FROM sbtest7 WHERE k BETWEEN 4487803 AND 4487903
	Index Only Scan using k_7 on sbtest7  (cost=0.43..10.51 rows=104 width=4)
	  Index Cond: ((k >= 4487803) AND (k <= 4487903))

table 8 : explain SELECT k FROM sbtest8 WHERE k BETWEEN 4487803 AND 4487903
	Index Only Scan using k_8 on sbtest8  (cost=0.43..6.59 rows=108 width=4)
	  Index Cond: ((k >= 4487803) AND (k <= 4487903))

for range-covered
table 1 : explain SELECT k FROM sbtest1 WHERE k BETWEEN 4940750 AND 4940850
	Index Only Scan using k_1 on sbtest1  (cost=0.43..6.32 rows=94 width=4)
	  Index Cond: ((k >= 4940750) AND (k <= 4940850))

table 2 : explain SELECT k FROM sbtest2 WHERE k BETWEEN 4940750 AND 4940850
	Index Only Scan using k_2 on sbtest2  (cost=0.43..6.42 rows=99 width=4)
	  Index Cond: ((k >= 4940750) AND (k <= 4940850))

table 3 : explain SELECT k FROM sbtest3 WHERE k BETWEEN 4940750 AND 4940850
	Index Only Scan using k_3 on sbtest3  (cost=0.43..6.69 rows=113 width=4)
	  Index Cond: ((k >= 4940750) AND (k <= 4940850))

table 4 : explain SELECT k FROM sbtest4 WHERE k BETWEEN 4940750 AND 4940850
	Index Only Scan using k_4 on sbtest4  (cost=0.43..6.40 rows=98 width=4)
	  Index Cond: ((k >= 4940750) AND (k <= 4940850))

table 5 : explain SELECT k FROM sbtest5 WHERE k BETWEEN 4940750 AND 4940850
	Index Only Scan using k_5 on sbtest5  (cost=0.43..6.50 rows=103 width=4)
	  Index Cond: ((k >= 4940750) AND (k <= 4940850))

table 6 : explain SELECT k FROM sbtest6 WHERE k BETWEEN 4940750 AND 4940850
	Index Only Scan using k_6 on sbtest6  (cost=0.43..6.53 rows=105 width=4)
	  Index Cond: ((k >= 4940750) AND (k <= 4940850))

table 7 : explain SELECT k FROM sbtest7 WHERE k BETWEEN 4940750 AND 4940850
	Index Only Scan using k_7 on sbtest7  (cost=0.43..10.50 rows=103 width=4)
	  Index Cond: ((k >= 4940750) AND (k <= 4940850))

table 8 : explain SELECT k FROM sbtest8 WHERE k BETWEEN 4940750 AND 4940850
	Index Only Scan using k_8 on sbtest8  (cost=0.43..6.35 rows=96 width=4)
	  Index Cond: ((k >= 4940750) AND (k <= 4940850))

for range-covered
table 1 : explain SELECT k FROM sbtest1 WHERE k BETWEEN 6073245 AND 6073345
	Index Only Scan using k_1 on sbtest1  (cost=0.43..6.47 rows=102 width=4)
	  Index Cond: ((k >= 6073245) AND (k <= 6073345))

table 2 : explain SELECT k FROM sbtest2 WHERE k BETWEEN 6073245 AND 6073345
	Index Only Scan using k_2 on sbtest2  (cost=0.43..6.58 rows=107 width=4)
	  Index Cond: ((k >= 6073245) AND (k <= 6073345))

table 3 : explain SELECT k FROM sbtest3 WHERE k BETWEEN 6073245 AND 6073345
	Index Only Scan using k_3 on sbtest3  (cost=0.43..6.32 rows=94 width=4)
	  Index Cond: ((k >= 6073245) AND (k <= 6073345))

table 4 : explain SELECT k FROM sbtest4 WHERE k BETWEEN 6073245 AND 6073345
	Index Only Scan using k_4 on sbtest4  (cost=0.43..6.45 rows=101 width=4)
	  Index Cond: ((k >= 6073245) AND (k <= 6073345))

table 5 : explain SELECT k FROM sbtest5 WHERE k BETWEEN 6073245 AND 6073345
	Index Only Scan using k_5 on sbtest5  (cost=0.43..6.83 rows=120 width=4)
	  Index Cond: ((k >= 6073245) AND (k <= 6073345))

table 6 : explain SELECT k FROM sbtest6 WHERE k BETWEEN 6073245 AND 6073345
	Index Only Scan using k_6 on sbtest6  (cost=0.43..6.40 rows=98 width=4)
	  Index Cond: ((k >= 6073245) AND (k <= 6073345))

table 7 : explain SELECT k FROM sbtest7 WHERE k BETWEEN 6073245 AND 6073345
	Index Only Scan using k_7 on sbtest7  (cost=0.43..10.50 rows=103 width=4)
	  Index Cond: ((k >= 6073245) AND (k <= 6073345))

table 8 : explain SELECT k FROM sbtest8 WHERE k BETWEEN 6073245 AND 6073345
	Index Only Scan using k_8 on sbtest8  (cost=0.43..6.59 rows=108 width=4)
	  Index Cond: ((k >= 6073245) AND (k <= 6073345))

explain: for range-covered :: explain SELECT k FROM sbtest%d WHERE k BETWEEN 4487803 AND 4487903
explain: for range-covered :: explain SELECT k FROM sbtest%d WHERE k BETWEEN 4940750 AND 4940850
explain: for range-covered :: explain SELECT k FROM sbtest%d WHERE k BETWEEN 1771480 AND 1771580
explain: for range-covered :: explain SELECT k FROM sbtest%d WHERE k BETWEEN 6073245 AND 6073345
for range-covered
table 1 : explain SELECT k FROM sbtest1 WHERE k BETWEEN 7333419 AND 7333519
	Index Only Scan using k_1 on sbtest1  (cost=0.43..6.58 rows=107 width=4)
	  Index Cond: ((k >= 7333419) AND (k <= 7333519))

table 2 : explain SELECT k FROM sbtest2 WHERE k BETWEEN 7333419 AND 7333519
	Index Only Scan using k_2 on sbtest2  (cost=0.43..6.37 rows=97 width=4)
	  Index Cond: ((k >= 7333419) AND (k <= 7333519))

table 3 : explain SELECT k FROM sbtest3 WHERE k BETWEEN 7333419 AND 7333519
	Index Only Scan using k_3 on sbtest3  (cost=0.43..6.35 rows=96 width=4)
	  Index Cond: ((k >= 7333419) AND (k <= 7333519))

table 4 : explain SELECT k FROM sbtest4 WHERE k BETWEEN 7333419 AND 7333519
	Index Only Scan using k_4 on sbtest4  (cost=0.43..6.40 rows=98 width=4)
	  Index Cond: ((k >= 7333419) AND (k <= 7333519))

table 5 : explain SELECT k FROM sbtest5 WHERE k BETWEEN 7333419 AND 7333519
	Index Only Scan using k_5 on sbtest5  (cost=0.43..6.32 rows=94 width=4)
	  Index Cond: ((k >= 7333419) AND (k <= 7333519))

table 6 : explain SELECT k FROM sbtest6 WHERE k BETWEEN 7333419 AND 7333519
	Index Only Scan using k_6 on sbtest6  (cost=0.43..6.69 rows=113 width=4)
	  Index Cond: ((k >= 7333419) AND (k <= 7333519))

table 7 : explain SELECT k FROM sbtest7 WHERE k BETWEEN 7333419 AND 7333519
	Index Only Scan using k_7 on sbtest7  (cost=0.43..10.58 rows=107 width=4)
	  Index Cond: ((k >= 7333419) AND (k <= 7333519))

table 8 : explain SELECT k FROM sbtest8 WHERE k BETWEEN 7333419 AND 7333519
	Index Only Scan using k_8 on sbtest8  (cost=0.43..6.37 rows=97 width=4)
	  Index Cond: ((k >= 7333419) AND (k <= 7333519))

for range-covered
table 1 : explain SELECT k FROM sbtest1 WHERE k BETWEEN 6793805 AND 6793905
	Index Only Scan using k_1 on sbtest1  (cost=0.43..6.45 rows=101 width=4)
	  Index Cond: ((k >= 6793805) AND (k <= 6793905))

table 2 : explain SELECT k FROM sbtest2 WHERE k BETWEEN 6793805 AND 6793905
	Index Only Scan using k_2 on sbtest2  (cost=0.43..6.50 rows=103 width=4)
	  Index Cond: ((k >= 6793805) AND (k <= 6793905))

table 3 : explain SELECT k FROM sbtest3 WHERE k BETWEEN 6793805 AND 6793905
	Index Only Scan using k_3 on sbtest3  (cost=0.43..6.58 rows=107 width=4)
	  Index Cond: ((k >= 6793805) AND (k <= 6793905))

table 4 : explain SELECT k FROM sbtest4 WHERE k BETWEEN 6793805 AND 6793905
	Index Only Scan using k_4 on sbtest4  (cost=0.43..6.33 rows=95 width=4)
	  Index Cond: ((k >= 6793805) AND (k <= 6793905))

table 5 : explain SELECT k FROM sbtest5 WHERE k BETWEEN 6793805 AND 6793905
	Index Only Scan using k_5 on sbtest5  (cost=0.43..6.59 rows=108 width=4)
	  Index Cond: ((k >= 6793805) AND (k <= 6793905))

table 6 : explain SELECT k FROM sbtest6 WHERE k BETWEEN 6793805 AND 6793905
	Index Only Scan using k_6 on sbtest6  (cost=0.43..6.43 rows=100 width=4)
	  Index Cond: ((k >= 6793805) AND (k <= 6793905))

table 7 : explain SELECT k FROM sbtest7 WHERE k BETWEEN 6793805 AND 6793905
	Index Only Scan using k_7 on sbtest7  (cost=0.43..10.36 rows=96 width=4)
	  Index Cond: ((k >= 6793805) AND (k <= 6793905))

table 8 : explain SELECT k FROM sbtest8 WHERE k BETWEEN 6793805 AND 6793905
	Index Only Scan using k_8 on sbtest8  (cost=0.43..6.27 rows=92 width=4)
	  Index Cond: ((k >= 6793805) AND (k <= 6793905))

for range-covered
table 1 : explain SELECT k FROM sbtest1 WHERE k BETWEEN 1755410 AND 1755510
	Index Only Scan using k_1 on sbtest1  (cost=0.43..6.32 rows=94 width=4)
	  Index Cond: ((k >= 1755410) AND (k <= 1755510))

table 2 : explain SELECT k FROM sbtest2 WHERE k BETWEEN 1755410 AND 1755510
	Index Only Scan using k_2 on sbtest2  (cost=0.43..6.53 rows=105 width=4)
	  Index Cond: ((k >= 1755410) AND (k <= 1755510))

table 3 : explain SELECT k FROM sbtest3 WHERE k BETWEEN 1755410 AND 1755510
	Index Only Scan using k_3 on sbtest3  (cost=0.43..6.42 rows=99 width=4)
	  Index Cond: ((k >= 1755410) AND (k <= 1755510))

table 4 : explain SELECT k FROM sbtest4 WHERE k BETWEEN 1755410 AND 1755510
	Index Only Scan using k_4 on sbtest4  (cost=0.43..6.51 rows=104 width=4)
	  Index Cond: ((k >= 1755410) AND (k <= 1755510))

table 5 : explain SELECT k FROM sbtest5 WHERE k BETWEEN 1755410 AND 1755510
	Index Only Scan using k_5 on sbtest5  (cost=0.43..6.40 rows=98 width=4)
	  Index Cond: ((k >= 1755410) AND (k <= 1755510))

table 6 : explain SELECT k FROM sbtest6 WHERE k BETWEEN 1755410 AND 1755510
	Index Only Scan using k_6 on sbtest6  (cost=0.43..6.50 rows=103 width=4)
	  Index Cond: ((k >= 1755410) AND (k <= 1755510))

table 7 : explain SELECT k FROM sbtest7 WHERE k BETWEEN 1755410 AND 1755510
	Index Only Scan using k_7 on sbtest7  (cost=0.43..10.40 rows=98 width=4)
	  Index Cond: ((k >= 1755410) AND (k <= 1755510))

table 8 : explain SELECT k FROM sbtest8 WHERE k BETWEEN 1755410 AND 1755510
	Index Only Scan using k_8 on sbtest8  (cost=0.43..6.51 rows=104 width=4)
	  Index Cond: ((k >= 1755410) AND (k <= 1755510))

for range-covered
table 1 : explain SELECT k FROM sbtest1 WHERE k BETWEEN 5719060 AND 5719160
	Index Only Scan using k_1 on sbtest1  (cost=0.43..6.50 rows=103 width=4)
	  Index Cond: ((k >= 5719060) AND (k <= 5719160))

table 2 : explain SELECT k FROM sbtest2 WHERE k BETWEEN 5719060 AND 5719160
	Index Only Scan using k_2 on sbtest2  (cost=0.43..6.53 rows=105 width=4)
	  Index Cond: ((k >= 5719060) AND (k <= 5719160))

table 3 : explain SELECT k FROM sbtest3 WHERE k BETWEEN 5719060 AND 5719160
	Index Only Scan using k_3 on sbtest3  (cost=0.43..6.53 rows=105 width=4)
	  Index Cond: ((k >= 5719060) AND (k <= 5719160))

table 4 : explain SELECT k FROM sbtest4 WHERE k BETWEEN 5719060 AND 5719160
	Index Only Scan using k_4 on sbtest4  (cost=0.43..6.35 rows=96 width=4)
	  Index Cond: ((k >= 5719060) AND (k <= 5719160))

table 5 : explain SELECT k FROM sbtest5 WHERE k BETWEEN 5719060 AND 5719160
	Index Only Scan using k_5 on sbtest5  (cost=0.43..6.58 rows=107 width=4)
	  Index Cond: ((k >= 5719060) AND (k <= 5719160))

table 6 : explain SELECT k FROM sbtest6 WHERE k BETWEEN 5719060 AND 5719160
	Index Only Scan using k_6 on sbtest6  (cost=0.43..6.33 rows=95 width=4)
	  Index Cond: ((k >= 5719060) AND (k <= 5719160))

table 7 : explain SELECT k FROM sbtest7 WHERE k BETWEEN 5719060 AND 5719160
	Index Only Scan using k_7 on sbtest7  (cost=0.43..10.56 rows=106 width=4)
	  Index Cond: ((k >= 5719060) AND (k <= 5719160))

table 8 : explain SELECT k FROM sbtest8 WHERE k BETWEEN 5719060 AND 5719160
	Index Only Scan using k_8 on sbtest8  (cost=0.43..6.56 rows=106 width=4)
	  Index Cond: ((k >= 5719060) AND (k <= 5719160))

explain: for range-covered :: explain SELECT k FROM sbtest%d WHERE k BETWEEN 6820919 AND 6821019
explain: for range-covered :: explain SELECT k FROM sbtest%d WHERE k BETWEEN 1755410 AND 1755510
explain: for range-covered :: explain SELECT k FROM sbtest%d WHERE k BETWEEN 5719060 AND 5719160
for range-covered
table 1 : explain SELECT k FROM sbtest1 WHERE k BETWEEN 4487803 AND 4487903
	Index Only Scan using k_1 on sbtest1  (cost=0.43..6.45 rows=101 width=4)
	  Index Cond: ((k >= 4487803) AND (k <= 4487903))

table 2 : explain SELECT k FROM sbtest2 WHERE k BETWEEN 4487803 AND 4487903
	Index Only Scan using k_2 on sbtest2  (cost=0.43..6.63 rows=110 width=4)
	  Index Cond: ((k >= 4487803) AND (k <= 4487903))

table 3 : explain SELECT k FROM sbtest3 WHERE k BETWEEN 4487803 AND 4487903
	Index Only Scan using k_3 on sbtest3  (cost=0.43..6.45 rows=101 width=4)
	  Index Cond: ((k >= 4487803) AND (k <= 4487903))

table 4 : explain SELECT k FROM sbtest4 WHERE k BETWEEN 4487803 AND 4487903
	Index Only Scan using k_4 on sbtest4  (cost=0.43..6.58 rows=107 width=4)
	  Index Cond: ((k >= 4487803) AND (k <= 4487903))

table 5 : explain SELECT k FROM sbtest5 WHERE k BETWEEN 4487803 AND 4487903
	Index Only Scan using k_5 on sbtest5  (cost=0.43..6.63 rows=110 width=4)
	  Index Cond: ((k >= 4487803) AND (k <= 4487903))

table 6 : explain SELECT k FROM sbtest6 WHERE k BETWEEN 4487803 AND 4487903
	Index Only Scan using k_6 on sbtest6  (cost=0.43..6.33 rows=95 width=4)
	  Index Cond: ((k >= 4487803) AND (k <= 4487903))

table 7 : explain SELECT k FROM sbtest7 WHERE k BETWEEN 4487803 AND 4487903
	Index Only Scan using k_7 on sbtest7  (cost=0.43..10.51 rows=104 width=4)
	  Index Cond: ((k >= 4487803) AND (k <= 4487903))

table 8 : explain SELECT k FROM sbtest8 WHERE k BETWEEN 4487803 AND 4487903
	Index Only Scan using k_8 on sbtest8  (cost=0.43..6.59 rows=108 width=4)
	  Index Cond: ((k >= 4487803) AND (k <= 4487903))

for range-covered
table 1 : explain SELECT k FROM sbtest1 WHERE k BETWEEN 4940750 AND 4940850
	Index Only Scan using k_1 on sbtest1  (cost=0.43..6.32 rows=94 width=4)
	  Index Cond: ((k >= 4940750) AND (k <= 4940850))

table 2 : explain SELECT k FROM sbtest2 WHERE k BETWEEN 4940750 AND 4940850
	Index Only Scan using k_2 on sbtest2  (cost=0.43..6.42 rows=99 width=4)
	  Index Cond: ((k >= 4940750) AND (k <= 4940850))

table 3 : explain SELECT k FROM sbtest3 WHERE k BETWEEN 4940750 AND 4940850
	Index Only Scan using k_3 on sbtest3  (cost=0.43..6.69 rows=113 width=4)
	  Index Cond: ((k >= 4940750) AND (k <= 4940850))

table 4 : explain SELECT k FROM sbtest4 WHERE k BETWEEN 4940750 AND 4940850
	Index Only Scan using k_4 on sbtest4  (cost=0.43..6.40 rows=98 width=4)
	  Index Cond: ((k >= 4940750) AND (k <= 4940850))

table 5 : explain SELECT k FROM sbtest5 WHERE k BETWEEN 4940750 AND 4940850
	Index Only Scan using k_5 on sbtest5  (cost=0.43..6.50 rows=103 width=4)
	  Index Cond: ((k >= 4940750) AND (k <= 4940850))

table 6 : explain SELECT k FROM sbtest6 WHERE k BETWEEN 4940750 AND 4940850
	Index Only Scan using k_6 on sbtest6  (cost=0.43..6.53 rows=105 width=4)
	  Index Cond: ((k >= 4940750) AND (k <= 4940850))

table 7 : explain SELECT k FROM sbtest7 WHERE k BETWEEN 4940750 AND 4940850
	Index Only Scan using k_7 on sbtest7  (cost=0.43..10.50 rows=103 width=4)
	  Index Cond: ((k >= 4940750) AND (k <= 4940850))

table 8 : explain SELECT k FROM sbtest8 WHERE k BETWEEN 4940750 AND 4940850
	Index Only Scan using k_8 on sbtest8  (cost=0.43..6.35 rows=96 width=4)
	  Index Cond: ((k >= 4940750) AND (k <= 4940850))

explain: for range-covered :: explain SELECT k FROM sbtest%d WHERE k BETWEEN 4487803 AND 4487903
explain: for range-covered :: explain SELECT k FROM sbtest%d WHERE k BETWEEN 6793805 AND 6793905
for range-covered
table 1 : explain SELECT k FROM sbtest1 WHERE k BETWEEN 6073245 AND 6073345
	Index Only Scan using k_1 on sbtest1  (cost=0.43..6.47 rows=102 width=4)
	  Index Cond: ((k >= 6073245) AND (k <= 6073345))

table 2 : explain SELECT k FROM sbtest2 WHERE k BETWEEN 6073245 AND 6073345
	Index Only Scan using k_2 on sbtest2  (cost=0.43..6.58 rows=107 width=4)
	  Index Cond: ((k >= 6073245) AND (k <= 6073345))

table 3 : explain SELECT k FROM sbtest3 WHERE k BETWEEN 6073245 AND 6073345
	Index Only Scan using k_3 on sbtest3  (cost=0.43..6.32 rows=94 width=4)
	  Index Cond: ((k >= 6073245) AND (k <= 6073345))

table 4 : explain SELECT k FROM sbtest4 WHERE k BETWEEN 6073245 AND 6073345
	Index Only Scan using k_4 on sbtest4  (cost=0.43..6.45 rows=101 width=4)
	  Index Cond: ((k >= 6073245) AND (k <= 6073345))

table 5 : explain SELECT k FROM sbtest5 WHERE k BETWEEN 6073245 AND 6073345
	Index Only Scan using k_5 on sbtest5  (cost=0.43..6.83 rows=120 width=4)
	  Index Cond: ((k >= 6073245) AND (k <= 6073345))

table 6 : explain SELECT k FROM sbtest6 WHERE k BETWEEN 6073245 AND 6073345
	Index Only Scan using k_6 on sbtest6  (cost=0.43..6.40 rows=98 width=4)
	  Index Cond: ((k >= 6073245) AND (k <= 6073345))

table 7 : explain SELECT k FROM sbtest7 WHERE k BETWEEN 6073245 AND 6073345
	Index Only Scan using k_7 on sbtest7  (cost=0.43..10.50 rows=103 width=4)
	  Index Cond: ((k >= 6073245) AND (k <= 6073345))

table 8 : explain SELECT k FROM sbtest8 WHERE k BETWEEN 6073245 AND 6073345
	Index Only Scan using k_8 on sbtest8  (cost=0.43..6.59 rows=108 width=4)
	  Index Cond: ((k >= 6073245) AND (k <= 6073345))

explain: for range-covered :: explain SELECT k FROM sbtest%d WHERE k BETWEEN 1470995 AND 1471095
explain: for range-covered :: explain SELECT k FROM sbtest%d WHERE k BETWEEN 3495574 AND 3495674
for range-covered
table 1 : explain SELECT k FROM sbtest1 WHERE k BETWEEN 1755410 AND 1755510
	Index Only Scan using k_1 on sbtest1  (cost=0.43..6.32 rows=94 width=4)
	  Index Cond: ((k >= 1755410) AND (k <= 1755510))

table 2 : explain SELECT k FROM sbtest2 WHERE k BETWEEN 1755410 AND 1755510
	Index Only Scan using k_2 on sbtest2  (cost=0.43..6.53 rows=105 width=4)
	  Index Cond: ((k >= 1755410) AND (k <= 1755510))

table 3 : explain SELECT k FROM sbtest3 WHERE k BETWEEN 1755410 AND 1755510
	Index Only Scan using k_3 on sbtest3  (cost=0.43..6.42 rows=99 width=4)
	  Index Cond: ((k >= 1755410) AND (k <= 1755510))

table 4 : explain SELECT k FROM sbtest4 WHERE k BETWEEN 1755410 AND 1755510
	Index Only Scan using k_4 on sbtest4  (cost=0.43..6.51 rows=104 width=4)
	  Index Cond: ((k >= 1755410) AND (k <= 1755510))

table 5 : explain SELECT k FROM sbtest5 WHERE k BETWEEN 1755410 AND 1755510
	Index Only Scan using k_5 on sbtest5  (cost=0.43..6.40 rows=98 width=4)
	  Index Cond: ((k >= 1755410) AND (k <= 1755510))

table 6 : explain SELECT k FROM sbtest6 WHERE k BETWEEN 1755410 AND 1755510
	Index Only Scan using k_6 on sbtest6  (cost=0.43..6.50 rows=103 width=4)
	  Index Cond: ((k >= 1755410) AND (k <= 1755510))

table 7 : explain SELECT k FROM sbtest7 WHERE k BETWEEN 1755410 AND 1755510
	Index Only Scan using k_7 on sbtest7  (cost=0.43..10.40 rows=98 width=4)
	  Index Cond: ((k >= 1755410) AND (k <= 1755510))

table 8 : explain SELECT k FROM sbtest8 WHERE k BETWEEN 1755410 AND 1755510
	Index Only Scan using k_8 on sbtest8  (cost=0.43..6.51 rows=104 width=4)
	  Index Cond: ((k >= 1755410) AND (k <= 1755510))

for range-covered
table 1 : explain SELECT k FROM sbtest1 WHERE k BETWEEN 5503917 AND 5504017
	Index Only Scan using k_1 on sbtest1  (cost=0.43..6.42 rows=99 width=4)
	  Index Cond: ((k >= 5503917) AND (k <= 5504017))

table 2 : explain SELECT k FROM sbtest2 WHERE k BETWEEN 5503917 AND 5504017
	Index Only Scan using k_2 on sbtest2  (cost=0.43..6.43 rows=100 width=4)
	  Index Cond: ((k >= 5503917) AND (k <= 5504017))

table 3 : explain SELECT k FROM sbtest3 WHERE k BETWEEN 5503917 AND 5504017
	Index Only Scan using k_3 on sbtest3  (cost=0.43..6.45 rows=101 width=4)
	  Index Cond: ((k >= 5503917) AND (k <= 5504017))

table 4 : explain SELECT k FROM sbtest4 WHERE k BETWEEN 5503917 AND 5504017
	Index Only Scan using k_4 on sbtest4  (cost=0.43..6.27 rows=92 width=4)
	  Index Cond: ((k >= 5503917) AND (k <= 5504017))

table 5 : explain SELECT k FROM sbtest5 WHERE k BETWEEN 5503917 AND 5504017
	Index Only Scan using k_5 on sbtest5  (cost=0.43..6.40 rows=98 width=4)
	  Index Cond: ((k >= 5503917) AND (k <= 5504017))

table 6 : explain SELECT k FROM sbtest6 WHERE k BETWEEN 5503917 AND 5504017
	Index Only Scan using k_6 on sbtest6  (cost=0.43..6.37 rows=97 width=4)
	  Index Cond: ((k >= 5503917) AND (k <= 5504017))

table 7 : explain SELECT k FROM sbtest7 WHERE k BETWEEN 5503917 AND 5504017
	Index Only Scan using k_7 on sbtest7  (cost=0.43..10.58 rows=107 width=4)
	  Index Cond: ((k >= 5503917) AND (k <= 5504017))

table 8 : explain SELECT k FROM sbtest8 WHERE k BETWEEN 5503917 AND 5504017
	Index Only Scan using k_8 on sbtest8  (cost=0.43..6.50 rows=103 width=4)
	  Index Cond: ((k >= 5503917) AND (k <= 5504017))

explain: for range-covered :: explain SELECT k FROM sbtest%d WHERE k BETWEEN 1755410 AND 1755510
for range-covered
table 1 : explain SELECT k FROM sbtest1 WHERE k BETWEEN 5719060 AND 5719160
	Index Only Scan using k_1 on sbtest1  (cost=0.43..6.50 rows=103 width=4)
	  Index Cond: ((k >= 5719060) AND (k <= 5719160))

table 2 : explain SELECT k FROM sbtest2 WHERE k BETWEEN 5719060 AND 5719160
	Index Only Scan using k_2 on sbtest2  (cost=0.43..6.53 rows=105 width=4)
	  Index Cond: ((k >= 5719060) AND (k <= 5719160))

table 3 : explain SELECT k FROM sbtest3 WHERE k BETWEEN 5719060 AND 5719160
	Index Only Scan using k_3 on sbtest3  (cost=0.43..6.53 rows=105 width=4)
	  Index Cond: ((k >= 5719060) AND (k <= 5719160))

table 4 : explain SELECT k FROM sbtest4 WHERE k BETWEEN 5719060 AND 5719160
	Index Only Scan using k_4 on sbtest4  (cost=0.43..6.35 rows=96 width=4)
	  Index Cond: ((k >= 5719060) AND (k <= 5719160))

table 5 : explain SELECT k FROM sbtest5 WHERE k BETWEEN 5719060 AND 5719160
	Index Only Scan using k_5 on sbtest5  (cost=0.43..6.58 rows=107 width=4)
	  Index Cond: ((k >= 5719060) AND (k <= 5719160))

table 6 : explain SELECT k FROM sbtest6 WHERE k BETWEEN 5719060 AND 5719160
	Index Only Scan using k_6 on sbtest6  (cost=0.43..6.33 rows=95 width=4)
	  Index Cond: ((k >= 5719060) AND (k <= 5719160))

table 7 : explain SELECT k FROM sbtest7 WHERE k BETWEEN 5719060 AND 5719160
	Index Only Scan using k_7 on sbtest7  (cost=0.43..10.56 rows=106 width=4)
	  Index Cond: ((k >= 5719060) AND (k <= 5719160))

table 8 : explain SELECT k FROM sbtest8 WHERE k BETWEEN 5719060 AND 5719160
	Index Only Scan using k_8 on sbtest8  (cost=0.43..6.56 rows=106 width=4)
	  Index Cond: ((k >= 5719060) AND (k <= 5719160))

explain: for range-covered :: explain SELECT k FROM sbtest%d WHERE k BETWEEN 5503917 AND 5504017
for range-covered
table 1 : explain SELECT k FROM sbtest1 WHERE k BETWEEN 4487803 AND 4487903
	Index Only Scan using k_1 on sbtest1  (cost=0.43..6.45 rows=101 width=4)
	  Index Cond: ((k >= 4487803) AND (k <= 4487903))

table 2 : explain SELECT k FROM sbtest2 WHERE k BETWEEN 4487803 AND 4487903
	Index Only Scan using k_2 on sbtest2  (cost=0.43..6.63 rows=110 width=4)
	  Index Cond: ((k >= 4487803) AND (k <= 4487903))

table 3 : explain SELECT k FROM sbtest3 WHERE k BETWEEN 4487803 AND 4487903
	Index Only Scan using k_3 on sbtest3  (cost=0.43..6.45 rows=101 width=4)
	  Index Cond: ((k >= 4487803) AND (k <= 4487903))

table 4 : explain SELECT k FROM sbtest4 WHERE k BETWEEN 4487803 AND 4487903
	Index Only Scan using k_4 on sbtest4  (cost=0.43..6.58 rows=107 width=4)
	  Index Cond: ((k >= 4487803) AND (k <= 4487903))

table 5 : explain SELECT k FROM sbtest5 WHERE k BETWEEN 4487803 AND 4487903
	Index Only Scan using k_5 on sbtest5  (cost=0.43..6.63 rows=110 width=4)
	  Index Cond: ((k >= 4487803) AND (k <= 4487903))

table 6 : explain SELECT k FROM sbtest6 WHERE k BETWEEN 4487803 AND 4487903
	Index Only Scan using k_6 on sbtest6  (cost=0.43..6.33 rows=95 width=4)
	  Index Cond: ((k >= 4487803) AND (k <= 4487903))

table 7 : explain SELECT k FROM sbtest7 WHERE k BETWEEN 4487803 AND 4487903
	Index Only Scan using k_7 on sbtest7  (cost=0.43..10.51 rows=104 width=4)
	  Index Cond: ((k >= 4487803) AND (k <= 4487903))

table 8 : explain SELECT k FROM sbtest8 WHERE k BETWEEN 4487803 AND 4487903
	Index Only Scan using k_8 on sbtest8  (cost=0.43..6.59 rows=108 width=4)
	  Index Cond: ((k >= 4487803) AND (k <= 4487903))

explain: for range-covered :: explain SELECT k FROM sbtest%d WHERE k BETWEEN 6073245 AND 6073345
for range-covered
table 1 : explain SELECT k FROM sbtest1 WHERE k BETWEEN 6793805 AND 6793905
	Index Only Scan using k_1 on sbtest1  (cost=0.43..6.45 rows=101 width=4)
	  Index Cond: ((k >= 6793805) AND (k <= 6793905))

table 2 : explain SELECT k FROM sbtest2 WHERE k BETWEEN 6793805 AND 6793905
	Index Only Scan using k_2 on sbtest2  (cost=0.43..6.50 rows=103 width=4)
	  Index Cond: ((k >= 6793805) AND (k <= 6793905))

table 3 : explain SELECT k FROM sbtest3 WHERE k BETWEEN 6793805 AND 6793905
	Index Only Scan using k_3 on sbtest3  (cost=0.43..6.58 rows=107 width=4)
	  Index Cond: ((k >= 6793805) AND (k <= 6793905))

table 4 : explain SELECT k FROM sbtest4 WHERE k BETWEEN 6793805 AND 6793905
	Index Only Scan using k_4 on sbtest4  (cost=0.43..6.33 rows=95 width=4)
	  Index Cond: ((k >= 6793805) AND (k <= 6793905))

table 5 : explain SELECT k FROM sbtest5 WHERE k BETWEEN 6793805 AND 6793905
	Index Only Scan using k_5 on sbtest5  (cost=0.43..6.59 rows=108 width=4)
	  Index Cond: ((k >= 6793805) AND (k <= 6793905))

table 6 : explain SELECT k FROM sbtest6 WHERE k BETWEEN 6793805 AND 6793905
	Index Only Scan using k_6 on sbtest6  (cost=0.43..6.43 rows=100 width=4)
	  Index Cond: ((k >= 6793805) AND (k <= 6793905))

table 7 : explain SELECT k FROM sbtest7 WHERE k BETWEEN 6793805 AND 6793905
	Index Only Scan using k_7 on sbtest7  (cost=0.43..10.36 rows=96 width=4)
	  Index Cond: ((k >= 6793805) AND (k <= 6793905))

table 8 : explain SELECT k FROM sbtest8 WHERE k BETWEEN 6793805 AND 6793905
	Index Only Scan using k_8 on sbtest8  (cost=0.43..6.27 rows=92 width=4)
	  Index Cond: ((k >= 6793805) AND (k <= 6793905))

explain: for range-covered :: explain SELECT k FROM sbtest%d WHERE k BETWEEN 5719060 AND 5719160
explain: for range-covered :: explain SELECT k FROM sbtest%d WHERE k BETWEEN 6793805 AND 6793905
for range-covered
table 1 : explain SELECT k FROM sbtest1 WHERE k BETWEEN 1755410 AND 1755510
	Index Only Scan using k_1 on sbtest1  (cost=0.43..6.32 rows=94 width=4)
	  Index Cond: ((k >= 1755410) AND (k <= 1755510))

table 2 : explain SELECT k FROM sbtest2 WHERE k BETWEEN 1755410 AND 1755510
	Index Only Scan using k_2 on sbtest2  (cost=0.43..6.53 rows=105 width=4)
	  Index Cond: ((k >= 1755410) AND (k <= 1755510))

table 3 : explain SELECT k FROM sbtest3 WHERE k BETWEEN 1755410 AND 1755510
	Index Only Scan using k_3 on sbtest3  (cost=0.43..6.42 rows=99 width=4)
	  Index Cond: ((k >= 1755410) AND (k <= 1755510))

table 4 : explain SELECT k FROM sbtest4 WHERE k BETWEEN 1755410 AND 1755510
	Index Only Scan using k_4 on sbtest4  (cost=0.43..6.51 rows=104 width=4)
	  Index Cond: ((k >= 1755410) AND (k <= 1755510))

table 5 : explain SELECT k FROM sbtest5 WHERE k BETWEEN 1755410 AND 1755510
	Index Only Scan using k_5 on sbtest5  (cost=0.43..6.40 rows=98 width=4)
	  Index Cond: ((k >= 1755410) AND (k <= 1755510))

table 6 : explain SELECT k FROM sbtest6 WHERE k BETWEEN 1755410 AND 1755510
	Index Only Scan using k_6 on sbtest6  (cost=0.43..6.50 rows=103 width=4)
	  Index Cond: ((k >= 1755410) AND (k <= 1755510))

table 7 : explain SELECT k FROM sbtest7 WHERE k BETWEEN 1755410 AND 1755510
	Index Only Scan using k_7 on sbtest7  (cost=0.43..10.40 rows=98 width=4)
	  Index Cond: ((k >= 1755410) AND (k <= 1755510))

table 8 : explain SELECT k FROM sbtest8 WHERE k BETWEEN 1755410 AND 1755510
	Index Only Scan using k_8 on sbtest8  (cost=0.43..6.51 rows=104 width=4)
	  Index Cond: ((k >= 1755410) AND (k <= 1755510))

explain: for range-covered :: explain SELECT k FROM sbtest%d WHERE k BETWEEN 1755410 AND 1755510
for range-covered
table 1 : explain SELECT k FROM sbtest1 WHERE k BETWEEN 1771480 AND 1771580
	Index Only Scan using k_1 on sbtest1  (cost=0.43..6.32 rows=94 width=4)
	  Index Cond: ((k >= 1771480) AND (k <= 1771580))

table 2 : explain SELECT k FROM sbtest2 WHERE k BETWEEN 1771480 AND 1771580
	Index Only Scan using k_2 on sbtest2  (cost=0.43..6.53 rows=105 width=4)
	  Index Cond: ((k >= 1771480) AND (k <= 1771580))

table 3 : explain SELECT k FROM sbtest3 WHERE k BETWEEN 1771480 AND 1771580
	Index Only Scan using k_3 on sbtest3  (cost=0.43..6.42 rows=99 width=4)
	  Index Cond: ((k >= 1771480) AND (k <= 1771580))

table 4 : explain SELECT k FROM sbtest4 WHERE k BETWEEN 1771480 AND 1771580
	Index Only Scan using k_4 on sbtest4  (cost=0.43..6.51 rows=104 width=4)
	  Index Cond: ((k >= 1771480) AND (k <= 1771580))

table 5 : explain SELECT k FROM sbtest5 WHERE k BETWEEN 1771480 AND 1771580
	Index Only Scan using k_5 on sbtest5  (cost=0.43..6.40 rows=98 width=4)
	  Index Cond: ((k >= 1771480) AND (k <= 1771580))

table 6 : explain SELECT k FROM sbtest6 WHERE k BETWEEN 1771480 AND 1771580
	Index Only Scan using k_6 on sbtest6  (cost=0.43..6.50 rows=103 width=4)
	  Index Cond: ((k >= 1771480) AND (k <= 1771580))

table 7 : explain SELECT k FROM sbtest7 WHERE k BETWEEN 1771480 AND 1771580
	Index Only Scan using k_7 on sbtest7  (cost=0.43..10.40 rows=98 width=4)
	  Index Cond: ((k >= 1771480) AND (k <= 1771580))

table 8 : explain SELECT k FROM sbtest8 WHERE k BETWEEN 1771480 AND 1771580
	Index Only Scan using k_8 on sbtest8  (cost=0.43..6.51 rows=104 width=4)
	  Index Cond: ((k >= 1771480) AND (k <= 1771580))

for range-covered
table 1 : explain SELECT k FROM sbtest1 WHERE k BETWEEN 6793805 AND 6793905
	Index Only Scan using k_1 on sbtest1  (cost=0.43..6.45 rows=101 width=4)
	  Index Cond: ((k >= 6793805) AND (k <= 6793905))

table 2 : explain SELECT k FROM sbtest2 WHERE k BETWEEN 6793805 AND 6793905
	Index Only Scan using k_2 on sbtest2  (cost=0.43..6.50 rows=103 width=4)
	  Index Cond: ((k >= 6793805) AND (k <= 6793905))

table 3 : explain SELECT k FROM sbtest3 WHERE k BETWEEN 6793805 AND 6793905
	Index Only Scan using k_3 on sbtest3  (cost=0.43..6.58 rows=107 width=4)
	  Index Cond: ((k >= 6793805) AND (k <= 6793905))

table 4 : explain SELECT k FROM sbtest4 WHERE k BETWEEN 6793805 AND 6793905
	Index Only Scan using k_4 on sbtest4  (cost=0.43..6.33 rows=95 width=4)
	  Index Cond: ((k >= 6793805) AND (k <= 6793905))

table 5 : explain SELECT k FROM sbtest5 WHERE k BETWEEN 6793805 AND 6793905
	Index Only Scan using k_5 on sbtest5  (cost=0.43..6.59 rows=108 width=4)
	  Index Cond: ((k >= 6793805) AND (k <= 6793905))

table 6 : explain SELECT k FROM sbtest6 WHERE k BETWEEN 6793805 AND 6793905
	Index Only Scan using k_6 on sbtest6  (cost=0.43..6.43 rows=100 width=4)
	  Index Cond: ((k >= 6793805) AND (k <= 6793905))

table 7 : explain SELECT k FROM sbtest7 WHERE k BETWEEN 6793805 AND 6793905
	Index Only Scan using k_7 on sbtest7  (cost=0.43..10.36 rows=96 width=4)
	  Index Cond: ((k >= 6793805) AND (k <= 6793905))

table 8 : explain SELECT k FROM sbtest8 WHERE k BETWEEN 6793805 AND 6793905
	Index Only Scan using k_8 on sbtest8  (cost=0.43..6.27 rows=92 width=4)
	  Index Cond: ((k >= 6793805) AND (k <= 6793905))

explain: for range-covered :: explain SELECT k FROM sbtest%d WHERE k BETWEEN 1771480 AND 1771580
explain: for range-covered :: explain SELECT k FROM sbtest%d WHERE k BETWEEN 6793805 AND 6793905
for range-covered
table 1 : explain SELECT k FROM sbtest1 WHERE k BETWEEN 6073245 AND 6073345
	Index Only Scan using k_1 on sbtest1  (cost=0.43..6.47 rows=102 width=4)
	  Index Cond: ((k >= 6073245) AND (k <= 6073345))

table 2 : explain SELECT k FROM sbtest2 WHERE k BETWEEN 6073245 AND 6073345
	Index Only Scan using k_2 on sbtest2  (cost=0.43..6.58 rows=107 width=4)
	  Index Cond: ((k >= 6073245) AND (k <= 6073345))

table 3 : explain SELECT k FROM sbtest3 WHERE k BETWEEN 6073245 AND 6073345
	Index Only Scan using k_3 on sbtest3  (cost=0.43..6.32 rows=94 width=4)
	  Index Cond: ((k >= 6073245) AND (k <= 6073345))

table 4 : explain SELECT k FROM sbtest4 WHERE k BETWEEN 6073245 AND 6073345
	Index Only Scan using k_4 on sbtest4  (cost=0.43..6.45 rows=101 width=4)
	  Index Cond: ((k >= 6073245) AND (k <= 6073345))

table 5 : explain SELECT k FROM sbtest5 WHERE k BETWEEN 6073245 AND 6073345
	Index Only Scan using k_5 on sbtest5  (cost=0.43..6.83 rows=120 width=4)
	  Index Cond: ((k >= 6073245) AND (k <= 6073345))

table 6 : explain SELECT k FROM sbtest6 WHERE k BETWEEN 6073245 AND 6073345
	Index Only Scan using k_6 on sbtest6  (cost=0.43..6.40 rows=98 width=4)
	  Index Cond: ((k >= 6073245) AND (k <= 6073345))

table 7 : explain SELECT k FROM sbtest7 WHERE k BETWEEN 6073245 AND 6073345
	Index Only Scan using k_7 on sbtest7  (cost=0.43..10.50 rows=103 width=4)
	  Index Cond: ((k >= 6073245) AND (k <= 6073345))

table 8 : explain SELECT k FROM sbtest8 WHERE k BETWEEN 6073245 AND 6073345
	Index Only Scan using k_8 on sbtest8  (cost=0.43..6.59 rows=108 width=4)
	  Index Cond: ((k >= 6073245) AND (k <= 6073345))

explain: for range-covered :: explain SELECT k FROM sbtest%d WHERE k BETWEEN 6073245 AND 6073345
for range-covered
table 1 : explain SELECT k FROM sbtest1 WHERE k BETWEEN 1755410 AND 1755510
	Index Only Scan using k_1 on sbtest1  (cost=0.43..6.32 rows=94 width=4)
	  Index Cond: ((k >= 1755410) AND (k <= 1755510))

table 2 : explain SELECT k FROM sbtest2 WHERE k BETWEEN 1755410 AND 1755510
	Index Only Scan using k_2 on sbtest2  (cost=0.43..6.53 rows=105 width=4)
	  Index Cond: ((k >= 1755410) AND (k <= 1755510))

table 3 : explain SELECT k FROM sbtest3 WHERE k BETWEEN 1755410 AND 1755510
	Index Only Scan using k_3 on sbtest3  (cost=0.43..6.42 rows=99 width=4)
	  Index Cond: ((k >= 1755410) AND (k <= 1755510))

table 4 : explain SELECT k FROM sbtest4 WHERE k BETWEEN 1755410 AND 1755510
	Index Only Scan using k_4 on sbtest4  (cost=0.43..6.51 rows=104 width=4)
	  Index Cond: ((k >= 1755410) AND (k <= 1755510))

table 5 : explain SELECT k FROM sbtest5 WHERE k BETWEEN 1755410 AND 1755510
	Index Only Scan using k_5 on sbtest5  (cost=0.43..6.40 rows=98 width=4)
	  Index Cond: ((k >= 1755410) AND (k <= 1755510))

table 6 : explain SELECT k FROM sbtest6 WHERE k BETWEEN 1755410 AND 1755510
	Index Only Scan using k_6 on sbtest6  (cost=0.43..6.50 rows=103 width=4)
	  Index Cond: ((k >= 1755410) AND (k <= 1755510))

table 7 : explain SELECT k FROM sbtest7 WHERE k BETWEEN 1755410 AND 1755510
	Index Only Scan using k_7 on sbtest7  (cost=0.43..10.40 rows=98 width=4)
	  Index Cond: ((k >= 1755410) AND (k <= 1755510))

table 8 : explain SELECT k FROM sbtest8 WHERE k BETWEEN 1755410 AND 1755510
	Index Only Scan using k_8 on sbtest8  (cost=0.43..6.51 rows=104 width=4)
	  Index Cond: ((k >= 1755410) AND (k <= 1755510))

explain: for range-covered :: explain SELECT k FROM sbtest%d WHERE k BETWEEN 1755410 AND 1755510
for range-covered
table 1 : explain SELECT k FROM sbtest1 WHERE k BETWEEN 6820919 AND 6821019
	Index Only Scan using k_1 on sbtest1  (cost=0.43..6.45 rows=101 width=4)
	  Index Cond: ((k >= 6820919) AND (k <= 6821019))

table 2 : explain SELECT k FROM sbtest2 WHERE k BETWEEN 6820919 AND 6821019
	Index Only Scan using k_2 on sbtest2  (cost=0.43..6.50 rows=103 width=4)
	  Index Cond: ((k >= 6820919) AND (k <= 6821019))

table 3 : explain SELECT k FROM sbtest3 WHERE k BETWEEN 6820919 AND 6821019
	Index Only Scan using k_3 on sbtest3  (cost=0.43..6.58 rows=107 width=4)
	  Index Cond: ((k >= 6820919) AND (k <= 6821019))

table 4 : explain SELECT k FROM sbtest4 WHERE k BETWEEN 6820919 AND 6821019
	Index Only Scan using k_4 on sbtest4  (cost=0.43..6.33 rows=95 width=4)
	  Index Cond: ((k >= 6820919) AND (k <= 6821019))

table 5 : explain SELECT k FROM sbtest5 WHERE k BETWEEN 6820919 AND 6821019
	Index Only Scan using k_5 on sbtest5  (cost=0.43..6.35 rows=96 width=4)
	  Index Cond: ((k >= 6820919) AND (k <= 6821019))

table 6 : explain SELECT k FROM sbtest6 WHERE k BETWEEN 6820919 AND 6821019
	Index Only Scan using k_6 on sbtest6  (cost=0.43..6.37 rows=97 width=4)
	  Index Cond: ((k >= 6820919) AND (k <= 6821019))

table 7 : explain SELECT k FROM sbtest7 WHERE k BETWEEN 6820919 AND 6821019
	Index Only Scan using k_7 on sbtest7  (cost=0.43..10.36 rows=96 width=4)
	  Index Cond: ((k >= 6820919) AND (k <= 6821019))

table 8 : explain SELECT k FROM sbtest8 WHERE k BETWEEN 6820919 AND 6821019
	Index Only Scan using k_8 on sbtest8  (cost=0.43..6.27 rows=92 width=4)
	  Index Cond: ((k >= 6820919) AND (k <= 6821019))

for range-covered
table 1 : explain SELECT k FROM sbtest1 WHERE k BETWEEN 5719060 AND 5719160
	Index Only Scan using k_1 on sbtest1  (cost=0.43..6.50 rows=103 width=4)
	  Index Cond: ((k >= 5719060) AND (k <= 5719160))

table 2 : explain SELECT k FROM sbtest2 WHERE k BETWEEN 5719060 AND 5719160
	Index Only Scan using k_2 on sbtest2  (cost=0.43..6.53 rows=105 width=4)
	  Index Cond: ((k >= 5719060) AND (k <= 5719160))

table 3 : explain SELECT k FROM sbtest3 WHERE k BETWEEN 5719060 AND 5719160
	Index Only Scan using k_3 on sbtest3  (cost=0.43..6.53 rows=105 width=4)
	  Index Cond: ((k >= 5719060) AND (k <= 5719160))

table 4 : explain SELECT k FROM sbtest4 WHERE k BETWEEN 5719060 AND 5719160
	Index Only Scan using k_4 on sbtest4  (cost=0.43..6.35 rows=96 width=4)
	  Index Cond: ((k >= 5719060) AND (k <= 5719160))

table 5 : explain SELECT k FROM sbtest5 WHERE k BETWEEN 5719060 AND 5719160
	Index Only Scan using k_5 on sbtest5  (cost=0.43..6.58 rows=107 width=4)
	  Index Cond: ((k >= 5719060) AND (k <= 5719160))

table 6 : explain SELECT k FROM sbtest6 WHERE k BETWEEN 5719060 AND 5719160
	Index Only Scan using k_6 on sbtest6  (cost=0.43..6.33 rows=95 width=4)
	  Index Cond: ((k >= 5719060) AND (k <= 5719160))

table 7 : explain SELECT k FROM sbtest7 WHERE k BETWEEN 5719060 AND 5719160
	Index Only Scan using k_7 on sbtest7  (cost=0.43..10.56 rows=106 width=4)
	  Index Cond: ((k >= 5719060) AND (k <= 5719160))

table 8 : explain SELECT k FROM sbtest8 WHERE k BETWEEN 5719060 AND 5719160
	Index Only Scan using k_8 on sbtest8  (cost=0.43..6.56 rows=106 width=4)
	  Index Cond: ((k >= 5719060) AND (k <= 5719160))

for range-covered
table 1 : explain SELECT k FROM sbtest1 WHERE k BETWEEN 6793805 AND 6793905
	Index Only Scan using k_1 on sbtest1  (cost=0.43..6.45 rows=101 width=4)
	  Index Cond: ((k >= 6793805) AND (k <= 6793905))

table 2 : explain SELECT k FROM sbtest2 WHERE k BETWEEN 6793805 AND 6793905
	Index Only Scan using k_2 on sbtest2  (cost=0.43..6.50 rows=103 width=4)
	  Index Cond: ((k >= 6793805) AND (k <= 6793905))

table 3 : explain SELECT k FROM sbtest3 WHERE k BETWEEN 6793805 AND 6793905
	Index Only Scan using k_3 on sbtest3  (cost=0.43..6.58 rows=107 width=4)
	  Index Cond: ((k >= 6793805) AND (k <= 6793905))

table 4 : explain SELECT k FROM sbtest4 WHERE k BETWEEN 6793805 AND 6793905
	Index Only Scan using k_4 on sbtest4  (cost=0.43..6.33 rows=95 width=4)
	  Index Cond: ((k >= 6793805) AND (k <= 6793905))

table 5 : explain SELECT k FROM sbtest5 WHERE k BETWEEN 6793805 AND 6793905
	Index Only Scan using k_5 on sbtest5  (cost=0.43..6.59 rows=108 width=4)
	  Index Cond: ((k >= 6793805) AND (k <= 6793905))

table 6 : explain SELECT k FROM sbtest6 WHERE k BETWEEN 6793805 AND 6793905
	Index Only Scan using k_6 on sbtest6  (cost=0.43..6.43 rows=100 width=4)
	  Index Cond: ((k >= 6793805) AND (k <= 6793905))

table 7 : explain SELECT k FROM sbtest7 WHERE k BETWEEN 6793805 AND 6793905
	Index Only Scan using k_7 on sbtest7  (cost=0.43..10.36 rows=96 width=4)
	  Index Cond: ((k >= 6793805) AND (k <= 6793905))

table 8 : explain SELECT k FROM sbtest8 WHERE k BETWEEN 6793805 AND 6793905
	Index Only Scan using k_8 on sbtest8  (cost=0.43..6.27 rows=92 width=4)
	  Index Cond: ((k >= 6793805) AND (k <= 6793905))
for range-covered
table 1 : explain SELECT k FROM sbtest1 WHERE k BETWEEN 1771480 AND 1771580
	Index Only Scan using k_1 on sbtest1  (cost=0.43..6.32 rows=94 width=4)
	  Index Cond: ((k >= 1771480) AND (k <= 1771580))

table 2 : explain SELECT k FROM sbtest2 WHERE k BETWEEN 1771480 AND 1771580
	Index Only Scan using k_2 on sbtest2  (cost=0.43..6.53 rows=105 width=4)
	  Index Cond: ((k >= 1771480) AND (k <= 1771580))

table 3 : explain SELECT k FROM sbtest3 WHERE k BETWEEN 1771480 AND 1771580
	Index Only Scan using k_3 on sbtest3  (cost=0.43..6.42 rows=99 width=4)
	  Index Cond: ((k >= 1771480) AND (k <= 1771580))

table 4 : explain SELECT k FROM sbtest4 WHERE k BETWEEN 1771480 AND 1771580
	Index Only Scan using k_4 on sbtest4  (cost=0.43..6.51 rows=104 width=4)
	  Index Cond: ((k >= 1771480) AND (k <= 1771580))

table 5 : explain SELECT k FROM sbtest5 WHERE k BETWEEN 1771480 AND 1771580
	Index Only Scan using k_5 on sbtest5  (cost=0.43..6.40 rows=98 width=4)
	  Index Cond: ((k >= 1771480) AND (k <= 1771580))

table 6 : explain SELECT k FROM sbtest6 WHERE k BETWEEN 1771480 AND 1771580
	Index Only Scan using k_6 on sbtest6  (cost=0.43..6.50 rows=103 width=4)
	  Index Cond: ((k >= 1771480) AND (k <= 1771580))

table 7 : explain SELECT k FROM sbtest7 WHERE k BETWEEN 1771480 AND 1771580
	Index Only Scan using k_7 on sbtest7  (cost=0.43..10.40 rows=98 width=4)
	  Index Cond: ((k >= 1771480) AND (k <= 1771580))

table 8 : explain SELECT k FROM sbtest8 WHERE k BETWEEN 1771480 AND 1771580
	Index Only Scan using k_8 on sbtest8  (cost=0.43..6.51 rows=104 width=4)
	  Index Cond: ((k >= 1771480) AND (k <= 1771580))


explain: for range-covered :: explain SELECT k FROM sbtest%d WHERE k BETWEEN 6820919 AND 6821019
explain: for range-covered :: explain SELECT k FROM sbtest%d WHERE k BETWEEN 1771480 AND 1771580
explain: for range-covered :: explain SELECT k FROM sbtest%d WHERE k BETWEEN 6793805 AND 6793905
for range-covered
table 1 : explain SELECT k FROM sbtest1 WHERE k BETWEEN 5503917 AND 5504017
	Index Only Scan using k_1 on sbtest1  (cost=0.43..6.42 rows=99 width=4)
	  Index Cond: ((k >= 5503917) AND (k <= 5504017))

table 2 : explain SELECT k FROM sbtest2 WHERE k BETWEEN 5503917 AND 5504017
	Index Only Scan using k_2 on sbtest2  (cost=0.43..6.43 rows=100 width=4)
	  Index Cond: ((k >= 5503917) AND (k <= 5504017))

table 3 : explain SELECT k FROM sbtest3 WHERE k BETWEEN 5503917 AND 5504017
	Index Only Scan using k_3 on sbtest3  (cost=0.43..6.45 rows=101 width=4)
	  Index Cond: ((k >= 5503917) AND (k <= 5504017))

table 4 : explain SELECT k FROM sbtest4 WHERE k BETWEEN 5503917 AND 5504017
	Index Only Scan using k_4 on sbtest4  (cost=0.43..6.27 rows=92 width=4)
	  Index Cond: ((k >= 5503917) AND (k <= 5504017))

table 5 : explain SELECT k FROM sbtest5 WHERE k BETWEEN 5503917 AND 5504017
	Index Only Scan using k_5 on sbtest5  (cost=0.43..6.40 rows=98 width=4)
	  Index Cond: ((k >= 5503917) AND (k <= 5504017))

table 6 : explain SELECT k FROM sbtest6 WHERE k BETWEEN 5503917 AND 5504017
	Index Only Scan using k_6 on sbtest6  (cost=0.43..6.37 rows=97 width=4)
	  Index Cond: ((k >= 5503917) AND (k <= 5504017))

table 7 : explain SELECT k FROM sbtest7 WHERE k BETWEEN 5503917 AND 5504017
	Index Only Scan using k_7 on sbtest7  (cost=0.43..10.58 rows=107 width=4)
	  Index Cond: ((k >= 5503917) AND (k <= 5504017))

table 8 : explain SELECT k FROM sbtest8 WHERE k BETWEEN 5503917 AND 5504017
	Index Only Scan using k_8 on sbtest8  (cost=0.43..6.50 rows=103 width=4)
	  Index Cond: ((k >= 5503917) AND (k <= 5504017))

explain: for range-covered :: explain SELECT k FROM sbtest%d WHERE k BETWEEN 5719060 AND 5719160
explain: for range-covered :: explain SELECT k FROM sbtest%d WHERE k BETWEEN 5503917 AND 5504017
for range-covered
table 1 : explain SELECT k FROM sbtest1 WHERE k BETWEEN 1755410 AND 1755510
	Index Only Scan using k_1 on sbtest1  (cost=0.43..6.32 rows=94 width=4)
	  Index Cond: ((k >= 1755410) AND (k <= 1755510))

table 2 : explain SELECT k FROM sbtest2 WHERE k BETWEEN 1755410 AND 1755510
	Index Only Scan using k_2 on sbtest2  (cost=0.43..6.53 rows=105 width=4)
	  Index Cond: ((k >= 1755410) AND (k <= 1755510))

table 3 : explain SELECT k FROM sbtest3 WHERE k BETWEEN 1755410 AND 1755510
	Index Only Scan using k_3 on sbtest3  (cost=0.43..6.42 rows=99 width=4)
	  Index Cond: ((k >= 1755410) AND (k <= 1755510))

table 4 : explain SELECT k FROM sbtest4 WHERE k BETWEEN 1755410 AND 1755510
	Index Only Scan using k_4 on sbtest4  (cost=0.43..6.51 rows=104 width=4)
	  Index Cond: ((k >= 1755410) AND (k <= 1755510))

table 5 : explain SELECT k FROM sbtest5 WHERE k BETWEEN 1755410 AND 1755510
	Index Only Scan using k_5 on sbtest5  (cost=0.43..6.40 rows=98 width=4)
	  Index Cond: ((k >= 1755410) AND (k <= 1755510))

table 6 : explain SELECT k FROM sbtest6 WHERE k BETWEEN 1755410 AND 1755510
	Index Only Scan using k_6 on sbtest6  (cost=0.43..6.50 rows=103 width=4)
	  Index Cond: ((k >= 1755410) AND (k <= 1755510))

table 7 : explain SELECT k FROM sbtest7 WHERE k BETWEEN 1755410 AND 1755510
	Index Only Scan using k_7 on sbtest7  (cost=0.43..10.40 rows=98 width=4)
	  Index Cond: ((k >= 1755410) AND (k <= 1755510))

table 8 : explain SELECT k FROM sbtest8 WHERE k BETWEEN 1755410 AND 1755510
	Index Only Scan using k_8 on sbtest8  (cost=0.43..6.51 rows=104 width=4)
	  Index Cond: ((k >= 1755410) AND (k <= 1755510))

explain: for range-covered :: explain SELECT k FROM sbtest%d WHERE k BETWEEN 1755410 AND 1755510
for range-covered
table 1 : explain SELECT k FROM sbtest1 WHERE k BETWEEN 1470995 AND 1471095
	Index Only Scan using k_1 on sbtest1  (cost=0.43..6.47 rows=102 width=4)
	  Index Cond: ((k >= 1470995) AND (k <= 1471095))

table 2 : explain SELECT k FROM sbtest2 WHERE k BETWEEN 1470995 AND 1471095
	Index Only Scan using k_2 on sbtest2  (cost=0.43..6.63 rows=110 width=4)
	  Index Cond: ((k >= 1470995) AND (k <= 1471095))

table 3 : explain SELECT k FROM sbtest3 WHERE k BETWEEN 1470995 AND 1471095
	Index Only Scan using k_3 on sbtest3  (cost=0.43..6.33 rows=95 width=4)
	  Index Cond: ((k >= 1470995) AND (k <= 1471095))

table 4 : explain SELECT k FROM sbtest4 WHERE k BETWEEN 1470995 AND 1471095
	Index Only Scan using k_4 on sbtest4  (cost=0.43..6.43 rows=100 width=4)
	  Index Cond: ((k >= 1470995) AND (k <= 1471095))

table 5 : explain SELECT k FROM sbtest5 WHERE k BETWEEN 1470995 AND 1471095
	Index Only Scan using k_5 on sbtest5  (cost=0.43..6.40 rows=98 width=4)
	  Index Cond: ((k >= 1470995) AND (k <= 1471095))

table 6 : explain SELECT k FROM sbtest6 WHERE k BETWEEN 1470995 AND 1471095
	Index Only Scan using k_6 on sbtest6  (cost=0.43..6.37 rows=97 width=4)
	  Index Cond: ((k >= 1470995) AND (k <= 1471095))

table 7 : explain SELECT k FROM sbtest7 WHERE k BETWEEN 1470995 AND 1471095
	Index Only Scan using k_7 on sbtest7  (cost=0.43..10.56 rows=106 width=4)
	  Index Cond: ((k >= 1470995) AND (k <= 1471095))

table 8 : explain SELECT k FROM sbtest8 WHERE k BETWEEN 1470995 AND 1471095
	Index Only Scan using k_8 on sbtest8  (cost=0.43..6.77 rows=117 width=4)
	  Index Cond: ((k >= 1470995) AND (k <= 1471095))

for range-covered
table 1 : explain SELECT k FROM sbtest1 WHERE k BETWEEN 3495574 AND 3495674
	Index Only Scan using k_1 on sbtest1  (cost=0.43..6.50 rows=103 width=4)
	  Index Cond: ((k >= 3495574) AND (k <= 3495674))

table 2 : explain SELECT k FROM sbtest2 WHERE k BETWEEN 3495574 AND 3495674
	Index Only Scan using k_2 on sbtest2  (cost=0.43..6.47 rows=102 width=4)
	  Index Cond: ((k >= 3495574) AND (k <= 3495674))

table 3 : explain SELECT k FROM sbtest3 WHERE k BETWEEN 3495574 AND 3495674
	Index Only Scan using k_3 on sbtest3  (cost=0.43..6.50 rows=103 width=4)
	  Index Cond: ((k >= 3495574) AND (k <= 3495674))

table 4 : explain SELECT k FROM sbtest4 WHERE k BETWEEN 3495574 AND 3495674
	Index Only Scan using k_4 on sbtest4  (cost=0.43..6.40 rows=98 width=4)
	  Index Cond: ((k >= 3495574) AND (k <= 3495674))

table 5 : explain SELECT k FROM sbtest5 WHERE k BETWEEN 3495574 AND 3495674
	Index Only Scan using k_5 on sbtest5  (cost=0.43..6.43 rows=100 width=4)
	  Index Cond: ((k >= 3495574) AND (k <= 3495674))

table 6 : explain SELECT k FROM sbtest6 WHERE k BETWEEN 3495574 AND 3495674
	Index Only Scan using k_6 on sbtest6  (cost=0.43..6.42 rows=99 width=4)
	  Index Cond: ((k >= 3495574) AND (k <= 3495674))

table 7 : explain SELECT k FROM sbtest7 WHERE k BETWEEN 3495574 AND 3495674
	Index Only Scan using k_7 on sbtest7  (cost=0.43..10.47 rows=102 width=4)
	  Index Cond: ((k >= 3495574) AND (k <= 3495674))

table 8 : explain SELECT k FROM sbtest8 WHERE k BETWEEN 3495574 AND 3495674
	Index Only Scan using k_8 on sbtest8  (cost=0.43..6.53 rows=105 width=4)
	  Index Cond: ((k >= 3495574) AND (k <= 3495674))

explain: for range-covered :: explain SELECT k FROM sbtest%d WHERE k BETWEEN 1470995 AND 1471095
explain: for range-covered :: explain SELECT k FROM sbtest%d WHERE k BETWEEN 3495574 AND 3495674
for range-covered
table 1 : explain SELECT k FROM sbtest1 WHERE k BETWEEN 6793805 AND 6793905
	Index Only Scan using k_1 on sbtest1  (cost=0.43..6.45 rows=101 width=4)
	  Index Cond: ((k >= 6793805) AND (k <= 6793905))

table 2 : explain SELECT k FROM sbtest2 WHERE k BETWEEN 6793805 AND 6793905
	Index Only Scan using k_2 on sbtest2  (cost=0.43..6.50 rows=103 width=4)
	  Index Cond: ((k >= 6793805) AND (k <= 6793905))

table 3 : explain SELECT k FROM sbtest3 WHERE k BETWEEN 6793805 AND 6793905
	Index Only Scan using k_3 on sbtest3  (cost=0.43..6.58 rows=107 width=4)
	  Index Cond: ((k >= 6793805) AND (k <= 6793905))

table 4 : explain SELECT k FROM sbtest4 WHERE k BETWEEN 6793805 AND 6793905
	Index Only Scan using k_4 on sbtest4  (cost=0.43..6.33 rows=95 width=4)
	  Index Cond: ((k >= 6793805) AND (k <= 6793905))

table 5 : explain SELECT k FROM sbtest5 WHERE k BETWEEN 6793805 AND 6793905
	Index Only Scan using k_5 on sbtest5  (cost=0.43..6.59 rows=108 width=4)
	  Index Cond: ((k >= 6793805) AND (k <= 6793905))

table 6 : explain SELECT k FROM sbtest6 WHERE k BETWEEN 6793805 AND 6793905
	Index Only Scan using k_6 on sbtest6  (cost=0.43..6.43 rows=100 width=4)
	  Index Cond: ((k >= 6793805) AND (k <= 6793905))

table 7 : explain SELECT k FROM sbtest7 WHERE k BETWEEN 6793805 AND 6793905
	Index Only Scan using k_7 on sbtest7  (cost=0.43..10.36 rows=96 width=4)
	  Index Cond: ((k >= 6793805) AND (k <= 6793905))

table 8 : explain SELECT k FROM sbtest8 WHERE k BETWEEN 6793805 AND 6793905
	Index Only Scan using k_8 on sbtest8  (cost=0.43..6.27 rows=92 width=4)
	  Index Cond: ((k >= 6793805) AND (k <= 6793905))

for range-covered
table 1 : explain SELECT k FROM sbtest1 WHERE k BETWEEN 6820919 AND 6821019
	Index Only Scan using k_1 on sbtest1  (cost=0.43..6.45 rows=101 width=4)
	  Index Cond: ((k >= 6820919) AND (k <= 6821019))

table 2 : explain SELECT k FROM sbtest2 WHERE k BETWEEN 6820919 AND 6821019
	Index Only Scan using k_2 on sbtest2  (cost=0.43..6.50 rows=103 width=4)
	  Index Cond: ((k >= 6820919) AND (k <= 6821019))

table 3 : explain SELECT k FROM sbtest3 WHERE k BETWEEN 6820919 AND 6821019
	Index Only Scan using k_3 on sbtest3  (cost=0.43..6.58 rows=107 width=4)
	  Index Cond: ((k >= 6820919) AND (k <= 6821019))

table 4 : explain SELECT k FROM sbtest4 WHERE k BETWEEN 6820919 AND 6821019
	Index Only Scan using k_4 on sbtest4  (cost=0.43..6.33 rows=95 width=4)
	  Index Cond: ((k >= 6820919) AND (k <= 6821019))

table 5 : explain SELECT k FROM sbtest5 WHERE k BETWEEN 6820919 AND 6821019
	Index Only Scan using k_5 on sbtest5  (cost=0.43..6.35 rows=96 width=4)
	  Index Cond: ((k >= 6820919) AND (k <= 6821019))

table 6 : explain SELECT k FROM sbtest6 WHERE k BETWEEN 6820919 AND 6821019
	Index Only Scan using k_6 on sbtest6  (cost=0.43..6.37 rows=97 width=4)
	  Index Cond: ((k >= 6820919) AND (k <= 6821019))

table 7 : explain SELECT k FROM sbtest7 WHERE k BETWEEN 6820919 AND 6821019
	Index Only Scan using k_7 on sbtest7  (cost=0.43..10.36 rows=96 width=4)
	  Index Cond: ((k >= 6820919) AND (k <= 6821019))

table 8 : explain SELECT k FROM sbtest8 WHERE k BETWEEN 6820919 AND 6821019
	Index Only Scan using k_8 on sbtest8  (cost=0.43..6.27 rows=92 width=4)
	  Index Cond: ((k >= 6820919) AND (k <= 6821019))

for range-covered
table 1 : explain SELECT k FROM sbtest1 WHERE k BETWEEN 1771480 AND 1771580
	Index Only Scan using k_1 on sbtest1  (cost=0.43..6.32 rows=94 width=4)
	  Index Cond: ((k >= 1771480) AND (k <= 1771580))

table 2 : explain SELECT k FROM sbtest2 WHERE k BETWEEN 1771480 AND 1771580
	Index Only Scan using k_2 on sbtest2  (cost=0.43..6.53 rows=105 width=4)
	  Index Cond: ((k >= 1771480) AND (k <= 1771580))

table 3 : explain SELECT k FROM sbtest3 WHERE k BETWEEN 1771480 AND 1771580
	Index Only Scan using k_3 on sbtest3  (cost=0.43..6.42 rows=99 width=4)
	  Index Cond: ((k >= 1771480) AND (k <= 1771580))

table 4 : explain SELECT k FROM sbtest4 WHERE k BETWEEN 1771480 AND 1771580
	Index Only Scan using k_4 on sbtest4  (cost=0.43..6.51 rows=104 width=4)
	  Index Cond: ((k >= 1771480) AND (k <= 1771580))

table 5 : explain SELECT k FROM sbtest5 WHERE k BETWEEN 1771480 AND 1771580
	Index Only Scan using k_5 on sbtest5  (cost=0.43..6.40 rows=98 width=4)
	  Index Cond: ((k >= 1771480) AND (k <= 1771580))

table 6 : explain SELECT k FROM sbtest6 WHERE k BETWEEN 1771480 AND 1771580
	Index Only Scan using k_6 on sbtest6  (cost=0.43..6.50 rows=103 width=4)
	  Index Cond: ((k >= 1771480) AND (k <= 1771580))

table 7 : explain SELECT k FROM sbtest7 WHERE k BETWEEN 1771480 AND 1771580
	Index Only Scan using k_7 on sbtest7  (cost=0.43..10.40 rows=98 width=4)
	  Index Cond: ((k >= 1771480) AND (k <= 1771580))

table 8 : explain SELECT k FROM sbtest8 WHERE k BETWEEN 1771480 AND 1771580
	Index Only Scan using k_8 on sbtest8  (cost=0.43..6.51 rows=104 width=4)
	  Index Cond: ((k >= 1771480) AND (k <= 1771580))
explain: for range-covered :: explain SELECT k FROM sbtest%d WHERE k BETWEEN 6793805 AND 6793905

explain: for range-covered :: explain SELECT k FROM sbtest%d WHERE k BETWEEN 6820919 AND 6821019
for range-covered
table 1 : explain SELECT k FROM sbtest1 WHERE k BETWEEN 6073245 AND 6073345
	Index Only Scan using k_1 on sbtest1  (cost=0.43..6.47 rows=102 width=4)
	  Index Cond: ((k >= 6073245) AND (k <= 6073345))

table 2 : explain SELECT k FROM sbtest2 WHERE k BETWEEN 6073245 AND 6073345
	Index Only Scan using k_2 on sbtest2  (cost=0.43..6.58 rows=107 width=4)
	  Index Cond: ((k >= 6073245) AND (k <= 6073345))

table 3 : explain SELECT k FROM sbtest3 WHERE k BETWEEN 6073245 AND 6073345
	Index Only Scan using k_3 on sbtest3  (cost=0.43..6.32 rows=94 width=4)
	  Index Cond: ((k >= 6073245) AND (k <= 6073345))

table 4 : explain SELECT k FROM sbtest4 WHERE k BETWEEN 6073245 AND 6073345
	Index Only Scan using k_4 on sbtest4  (cost=0.43..6.45 rows=101 width=4)
	  Index Cond: ((k >= 6073245) AND (k <= 6073345))

table 5 : explain SELECT k FROM sbtest5 WHERE k BETWEEN 6073245 AND 6073345
	Index Only Scan using k_5 on sbtest5  (cost=0.43..6.83 rows=120 width=4)
	  Index Cond: ((k >= 6073245) AND (k <= 6073345))

table 6 : explain SELECT k FROM sbtest6 WHERE k BETWEEN 6073245 AND 6073345
	Index Only Scan using k_6 on sbtest6  (cost=0.43..6.40 rows=98 width=4)
	  Index Cond: ((k >= 6073245) AND (k <= 6073345))

table 7 : explain SELECT k FROM sbtest7 WHERE k BETWEEN 6073245 AND 6073345
	Index Only Scan using k_7 on sbtest7  (cost=0.43..10.50 rows=103 width=4)
	  Index Cond: ((k >= 6073245) AND (k <= 6073345))

table 8 : explain SELECT k FROM sbtest8 WHERE k BETWEEN 6073245 AND 6073345
	Index Only Scan using k_8 on sbtest8  (cost=0.43..6.59 rows=108 width=4)
	  Index Cond: ((k >= 6073245) AND (k <= 6073345))

explain: for range-covered :: explain SELECT k FROM sbtest%d WHERE k BETWEEN 1771480 AND 1771580
for range-covered
table 1 : explain SELECT k FROM sbtest1 WHERE k BETWEEN 1755410 AND 1755510
	Index Only Scan using k_1 on sbtest1  (cost=0.43..6.32 rows=94 width=4)
	  Index Cond: ((k >= 1755410) AND (k <= 1755510))

table 2 : explain SELECT k FROM sbtest2 WHERE k BETWEEN 1755410 AND 1755510
	Index Only Scan using k_2 on sbtest2  (cost=0.43..6.53 rows=105 width=4)
	  Index Cond: ((k >= 1755410) AND (k <= 1755510))

table 3 : explain SELECT k FROM sbtest3 WHERE k BETWEEN 1755410 AND 1755510
	Index Only Scan using k_3 on sbtest3  (cost=0.43..6.42 rows=99 width=4)
	  Index Cond: ((k >= 1755410) AND (k <= 1755510))

table 4 : explain SELECT k FROM sbtest4 WHERE k BETWEEN 1755410 AND 1755510
	Index Only Scan using k_4 on sbtest4  (cost=0.43..6.51 rows=104 width=4)
	  Index Cond: ((k >= 1755410) AND (k <= 1755510))

table 5 : explain SELECT k FROM sbtest5 WHERE k BETWEEN 1755410 AND 1755510
	Index Only Scan using k_5 on sbtest5  (cost=0.43..6.40 rows=98 width=4)
	  Index Cond: ((k >= 1755410) AND (k <= 1755510))

table 6 : explain SELECT k FROM sbtest6 WHERE k BETWEEN 1755410 AND 1755510
	Index Only Scan using k_6 on sbtest6  (cost=0.43..6.50 rows=103 width=4)
	  Index Cond: ((k >= 1755410) AND (k <= 1755510))

table 7 : explain SELECT k FROM sbtest7 WHERE k BETWEEN 1755410 AND 1755510
	Index Only Scan using k_7 on sbtest7  (cost=0.43..10.40 rows=98 width=4)
	  Index Cond: ((k >= 1755410) AND (k <= 1755510))

table 8 : explain SELECT k FROM sbtest8 WHERE k BETWEEN 1755410 AND 1755510
	Index Only Scan using k_8 on sbtest8  (cost=0.43..6.51 rows=104 width=4)
	  Index Cond: ((k >= 1755410) AND (k <= 1755510))

explain: for range-covered :: explain SELECT k FROM sbtest%d WHERE k BETWEEN 2243344 AND 2243444
for range-covered
table 1 : explain SELECT k FROM sbtest1 WHERE k BETWEEN 5719060 AND 5719160
	Index Only Scan using k_1 on sbtest1  (cost=0.43..6.50 rows=103 width=4)
	  Index Cond: ((k >= 5719060) AND (k <= 5719160))

table 2 : explain SELECT k FROM sbtest2 WHERE k BETWEEN 5719060 AND 5719160
	Index Only Scan using k_2 on sbtest2  (cost=0.43..6.53 rows=105 width=4)
	  Index Cond: ((k >= 5719060) AND (k <= 5719160))

table 3 : explain SELECT k FROM sbtest3 WHERE k BETWEEN 5719060 AND 5719160
	Index Only Scan using k_3 on sbtest3  (cost=0.43..6.53 rows=105 width=4)
	  Index Cond: ((k >= 5719060) AND (k <= 5719160))

table 4 : explain SELECT k FROM sbtest4 WHERE k BETWEEN 5719060 AND 5719160
	Index Only Scan using k_4 on sbtest4  (cost=0.43..6.35 rows=96 width=4)
	  Index Cond: ((k >= 5719060) AND (k <= 5719160))

table 5 : explain SELECT k FROM sbtest5 WHERE k BETWEEN 5719060 AND 5719160
	Index Only Scan using k_5 on sbtest5  (cost=0.43..6.58 rows=107 width=4)
	  Index Cond: ((k >= 5719060) AND (k <= 5719160))

table 6 : explain SELECT k FROM sbtest6 WHERE k BETWEEN 5719060 AND 5719160
	Index Only Scan using k_6 on sbtest6  (cost=0.43..6.33 rows=95 width=4)
	  Index Cond: ((k >= 5719060) AND (k <= 5719160))

table 7 : explain SELECT k FROM sbtest7 WHERE k BETWEEN 5719060 AND 5719160
	Index Only Scan using k_7 on sbtest7  (cost=0.43..10.56 rows=106 width=4)
	  Index Cond: ((k >= 5719060) AND (k <= 5719160))

table 8 : explain SELECT k FROM sbtest8 WHERE k BETWEEN 5719060 AND 5719160
	Index Only Scan using k_8 on sbtest8  (cost=0.43..6.56 rows=106 width=4)
	  Index Cond: ((k >= 5719060) AND (k <= 5719160))

for range-covered
table 1 : explain SELECT k FROM sbtest1 WHERE k BETWEEN 3495574 AND 3495674
	Index Only Scan using k_1 on sbtest1  (cost=0.43..6.50 rows=103 width=4)
	  Index Cond: ((k >= 3495574) AND (k <= 3495674))

table 2 : explain SELECT k FROM sbtest2 WHERE k BETWEEN 3495574 AND 3495674
	Index Only Scan using k_2 on sbtest2  (cost=0.43..6.47 rows=102 width=4)
	  Index Cond: ((k >= 3495574) AND (k <= 3495674))

table 3 : explain SELECT k FROM sbtest3 WHERE k BETWEEN 3495574 AND 3495674
	Index Only Scan using k_3 on sbtest3  (cost=0.43..6.50 rows=103 width=4)
	  Index Cond: ((k >= 3495574) AND (k <= 3495674))

table 4 : explain SELECT k FROM sbtest4 WHERE k BETWEEN 3495574 AND 3495674
	Index Only Scan using k_4 on sbtest4  (cost=0.43..6.40 rows=98 width=4)
	  Index Cond: ((k >= 3495574) AND (k <= 3495674))

table 5 : explain SELECT k FROM sbtest5 WHERE k BETWEEN 3495574 AND 3495674
	Index Only Scan using k_5 on sbtest5  (cost=0.43..6.43 rows=100 width=4)
	  Index Cond: ((k >= 3495574) AND (k <= 3495674))

table 6 : explain SELECT k FROM sbtest6 WHERE k BETWEEN 3495574 AND 3495674
	Index Only Scan using k_6 on sbtest6  (cost=0.43..6.42 rows=99 width=4)
	  Index Cond: ((k >= 3495574) AND (k <= 3495674))

table 7 : explain SELECT k FROM sbtest7 WHERE k BETWEEN 3495574 AND 3495674
	Index Only Scan using k_7 on sbtest7  (cost=0.43..10.47 rows=102 width=4)
	  Index Cond: ((k >= 3495574) AND (k <= 3495674))

table 8 : explain SELECT k FROM sbtest8 WHERE k BETWEEN 3495574 AND 3495674
	Index Only Scan using k_8 on sbtest8  (cost=0.43..6.53 rows=105 width=4)
	  Index Cond: ((k >= 3495574) AND (k <= 3495674))
for range-covered
table 1 : explain SELECT k FROM sbtest1 WHERE k BETWEEN 1470995 AND 1471095
	Index Only Scan using k_1 on sbtest1  (cost=0.43..6.47 rows=102 width=4)
	  Index Cond: ((k >= 1470995) AND (k <= 1471095))

table 2 : explain SELECT k FROM sbtest2 WHERE k BETWEEN 1470995 AND 1471095
	Index Only Scan using k_2 on sbtest2  (cost=0.43..6.63 rows=110 width=4)
	  Index Cond: ((k >= 1470995) AND (k <= 1471095))

table 3 : explain SELECT k FROM sbtest3 WHERE k BETWEEN 1470995 AND 1471095
	Index Only Scan using k_3 on sbtest3  (cost=0.43..6.33 rows=95 width=4)
	  Index Cond: ((k >= 1470995) AND (k <= 1471095))

table 4 : explain SELECT k FROM sbtest4 WHERE k BETWEEN 1470995 AND 1471095
	Index Only Scan using k_4 on sbtest4  (cost=0.43..6.43 rows=100 width=4)
	  Index Cond: ((k >= 1470995) AND (k <= 1471095))

table 5 : explain SELECT k FROM sbtest5 WHERE k BETWEEN 1470995 AND 1471095
	Index Only Scan using k_5 on sbtest5  (cost=0.43..6.40 rows=98 width=4)
	  Index Cond: ((k >= 1470995) AND (k <= 1471095))

table 6 : explain SELECT k FROM sbtest6 WHERE k BETWEEN 1470995 AND 1471095
	Index Only Scan using k_6 on sbtest6  (cost=0.43..6.37 rows=97 width=4)
	  Index Cond: ((k >= 1470995) AND (k <= 1471095))

table 7 : explain SELECT k FROM sbtest7 WHERE k BETWEEN 1470995 AND 1471095
	Index Only Scan using k_7 on sbtest7  (cost=0.43..10.56 rows=106 width=4)
	  Index Cond: ((k >= 1470995) AND (k <= 1471095))

table 8 : explain SELECT k FROM sbtest8 WHERE k BETWEEN 1470995 AND 1471095
	Index Only Scan using k_8 on sbtest8  (cost=0.43..6.77 rows=117 width=4)
	  Index Cond: ((k >= 1470995) AND (k <= 1471095))

for range-covered
table 1 : explain SELECT k FROM sbtest1 WHERE k BETWEEN 6793805 AND 6793905
	Index Only Scan using k_1 on sbtest1  (cost=0.43..6.45 rows=101 width=4)
	  Index Cond: ((k >= 6793805) AND (k <= 6793905))

table 2 : explain SELECT k FROM sbtest2 WHERE k BETWEEN 6793805 AND 6793905
	Index Only Scan using k_2 on sbtest2  (cost=0.43..6.50 rows=103 width=4)
	  Index Cond: ((k >= 6793805) AND (k <= 6793905))

table 3 : explain SELECT k FROM sbtest3 WHERE k BETWEEN 6793805 AND 6793905
	Index Only Scan using k_3 on sbtest3  (cost=0.43..6.58 rows=107 width=4)
	  Index Cond: ((k >= 6793805) AND (k <= 6793905))

table 4 : explain SELECT k FROM sbtest4 WHERE k BETWEEN 6793805 AND 6793905
	Index Only Scan using k_4 on sbtest4  (cost=0.43..6.33 rows=95 width=4)
	  Index Cond: ((k >= 6793805) AND (k <= 6793905))

table 5 : explain SELECT k FROM sbtest5 WHERE k BETWEEN 6793805 AND 6793905
	Index Only Scan using k_5 on sbtest5  (cost=0.43..6.59 rows=108 width=4)
	  Index Cond: ((k >= 6793805) AND (k <= 6793905))

table 6 : explain SELECT k FROM sbtest6 WHERE k BETWEEN 6793805 AND 6793905
	Index Only Scan using k_6 on sbtest6  (cost=0.43..6.43 rows=100 width=4)
	  Index Cond: ((k >= 6793805) AND (k <= 6793905))

table 7 : explain SELECT k FROM sbtest7 WHERE k BETWEEN 6793805 AND 6793905
	Index Only Scan using k_7 on sbtest7  (cost=0.43..10.36 rows=96 width=4)
	  Index Cond: ((k >= 6793805) AND (k <= 6793905))

table 8 : explain SELECT k FROM sbtest8 WHERE k BETWEEN 6793805 AND 6793905
	Index Only Scan using k_8 on sbtest8  (cost=0.43..6.27 rows=92 width=4)
	  Index Cond: ((k >= 6793805) AND (k <= 6793905))


for range-covered
table 1 : explain SELECT k FROM sbtest1 WHERE k BETWEEN 6820919 AND 6821019
	Index Only Scan using k_1 on sbtest1  (cost=0.43..6.45 rows=101 width=4)
	  Index Cond: ((k >= 6820919) AND (k <= 6821019))

table 2 : explain SELECT k FROM sbtest2 WHERE k BETWEEN 6820919 AND 6821019
	Index Only Scan using k_2 on sbtest2  (cost=0.43..6.50 rows=103 width=4)
	  Index Cond: ((k >= 6820919) AND (k <= 6821019))

table 3 : explain SELECT k FROM sbtest3 WHERE k BETWEEN 6820919 AND 6821019
	Index Only Scan using k_3 on sbtest3  (cost=0.43..6.58 rows=107 width=4)
	  Index Cond: ((k >= 6820919) AND (k <= 6821019))

table 4 : explain SELECT k FROM sbtest4 WHERE k BETWEEN 6820919 AND 6821019
	Index Only Scan using k_4 on sbtest4  (cost=0.43..6.33 rows=95 width=4)
	  Index Cond: ((k >= 6820919) AND (k <= 6821019))

table 5 : explain SELECT k FROM sbtest5 WHERE k BETWEEN 6820919 AND 6821019
	Index Only Scan using k_5 on sbtest5  (cost=0.43..6.35 rows=96 width=4)
	  Index Cond: ((k >= 6820919) AND (k <= 6821019))

table 6 : explain SELECT k FROM sbtest6 WHERE k BETWEEN 6820919 AND 6821019
	Index Only Scan using k_6 on sbtest6  (cost=0.43..6.37 rows=97 width=4)
	  Index Cond: ((k >= 6820919) AND (k <= 6821019))

table 7 : explain SELECT k FROM sbtest7 WHERE k BETWEEN 6820919 AND 6821019
	Index Only Scan using k_7 on sbtest7  (cost=0.43..10.36 rows=96 width=4)
	  Index Cond: ((k >= 6820919) AND (k <= 6821019))

table 8 : explain SELECT k FROM sbtest8 WHERE k BETWEEN 6820919 AND 6821019
	Index Only Scan using k_8 on sbtest8  (cost=0.43..6.27 rows=92 width=4)
	  Index Cond: ((k >= 6820919) AND (k <= 6821019))

for range-covered
table 1 : explain SELECT k FROM sbtest1 WHERE k BETWEEN 5898340 AND 5898440
	Index Only Scan using k_1 on sbtest1  (cost=0.43..6.35 rows=96 width=4)
	  Index Cond: ((k >= 5898340) AND (k <= 5898440))

table 2 : explain SELECT k FROM sbtest2 WHERE k BETWEEN 5898340 AND 5898440
	Index Only Scan using k_2 on sbtest2  (cost=0.43..6.51 rows=104 width=4)
	  Index Cond: ((k >= 5898340) AND (k <= 5898440))

table 3 : explain SELECT k FROM sbtest3 WHERE k BETWEEN 5898340 AND 5898440
	Index Only Scan using k_3 on sbtest3  (cost=0.43..6.40 rows=98 width=4)
	  Index Cond: ((k >= 5898340) AND (k <= 5898440))

table 4 : explain SELECT k FROM sbtest4 WHERE k BETWEEN 5898340 AND 5898440
	Index Only Scan using k_4 on sbtest4  (cost=0.43..6.69 rows=113 width=4)
	  Index Cond: ((k >= 5898340) AND (k <= 5898440))

table 5 : explain SELECT k FROM sbtest5 WHERE k BETWEEN 5898340 AND 5898440
	Index Only Scan using k_5 on sbtest5  (cost=0.43..6.42 rows=99 width=4)
	  Index Cond: ((k >= 5898340) AND (k <= 5898440))

table 6 : explain SELECT k FROM sbtest6 WHERE k BETWEEN 5898340 AND 5898440
	Index Only Scan using k_6 on sbtest6  (cost=0.43..6.63 rows=110 width=4)
	  Index Cond: ((k >= 5898340) AND (k <= 5898440))

table 7 : explain SELECT k FROM sbtest7 WHERE k BETWEEN 5898340 AND 5898440
	Index Only Scan using k_7 on sbtest7  (cost=0.43..10.46 rows=101 width=4)
	  Index Cond: ((k >= 5898340) AND (k <= 5898440))

table 8 : explain SELECT k FROM sbtest8 WHERE k BETWEEN 5898340 AND 5898440
	Index Only Scan using k_8 on sbtest8  (cost=0.43..6.29 rows=93 width=4)
	  Index Cond: ((k >= 5898340) AND (k <= 5898440))

explain: for range-covered :: explain SELECT k FROM sbtest%d WHERE k BETWEEN 5719060 AND 5719160
explain: for range-covered :: explain SELECT k FROM sbtest%d WHERE k BETWEEN 6793805 AND 6793905
explain: for range-covered :: explain SELECT k FROM sbtest%d WHERE k BETWEEN 1470995 AND 1471095
explain: for range-covered :: explain SELECT k FROM sbtest%d WHERE k BETWEEN 6820919 AND 6821019
for range-covered
table 1 : explain SELECT k FROM sbtest1 WHERE k BETWEEN 1771480 AND 1771580
	Index Only Scan using k_1 on sbtest1  (cost=0.43..6.32 rows=94 width=4)
	  Index Cond: ((k >= 1771480) AND (k <= 1771580))

table 2 : explain SELECT k FROM sbtest2 WHERE k BETWEEN 1771480 AND 1771580
	Index Only Scan using k_2 on sbtest2  (cost=0.43..6.53 rows=105 width=4)
	  Index Cond: ((k >= 1771480) AND (k <= 1771580))

table 3 : explain SELECT k FROM sbtest3 WHERE k BETWEEN 1771480 AND 1771580
	Index Only Scan using k_3 on sbtest3  (cost=0.43..6.42 rows=99 width=4)
	  Index Cond: ((k >= 1771480) AND (k <= 1771580))

table 4 : explain SELECT k FROM sbtest4 WHERE k BETWEEN 1771480 AND 1771580
	Index Only Scan using k_4 on sbtest4  (cost=0.43..6.51 rows=104 width=4)
	  Index Cond: ((k >= 1771480) AND (k <= 1771580))

table 5 : explain SELECT k FROM sbtest5 WHERE k BETWEEN 1771480 AND 1771580
	Index Only Scan using k_5 on sbtest5  (cost=0.43..6.40 rows=98 width=4)
	  Index Cond: ((k >= 1771480) AND (k <= 1771580))

table 6 : explain SELECT k FROM sbtest6 WHERE k BETWEEN 1771480 AND 1771580
	Index Only Scan using k_6 on sbtest6  (cost=0.43..6.50 rows=103 width=4)
	  Index Cond: ((k >= 1771480) AND (k <= 1771580))

table 7 : explain SELECT k FROM sbtest7 WHERE k BETWEEN 1771480 AND 1771580
	Index Only Scan using k_7 on sbtest7  (cost=0.43..10.40 rows=98 width=4)
	  Index Cond: ((k >= 1771480) AND (k <= 1771580))

table 8 : explain SELECT k FROM sbtest8 WHERE k BETWEEN 1771480 AND 1771580
	Index Only Scan using k_8 on sbtest8  (cost=0.43..6.51 rows=104 width=4)
	  Index Cond: ((k >= 1771480) AND (k <= 1771580))

explain: for range-covered :: explain SELECT k FROM sbtest%d WHERE k BETWEEN 5898340 AND 5898440
explain: for range-covered :: explain SELECT k FROM sbtest%d WHERE k BETWEEN 1771480 AND 1771580
for range-covered
table 1 : explain SELECT k FROM sbtest1 WHERE k BETWEEN 5503917 AND 5504017
	Index Only Scan using k_1 on sbtest1  (cost=0.43..6.42 rows=99 width=4)
	  Index Cond: ((k >= 5503917) AND (k <= 5504017))

table 2 : explain SELECT k FROM sbtest2 WHERE k BETWEEN 5503917 AND 5504017
	Index Only Scan using k_2 on sbtest2  (cost=0.43..6.43 rows=100 width=4)
	  Index Cond: ((k >= 5503917) AND (k <= 5504017))

table 3 : explain SELECT k FROM sbtest3 WHERE k BETWEEN 5503917 AND 5504017
	Index Only Scan using k_3 on sbtest3  (cost=0.43..6.45 rows=101 width=4)
	  Index Cond: ((k >= 5503917) AND (k <= 5504017))

table 4 : explain SELECT k FROM sbtest4 WHERE k BETWEEN 5503917 AND 5504017
	Index Only Scan using k_4 on sbtest4  (cost=0.43..6.27 rows=92 width=4)
	  Index Cond: ((k >= 5503917) AND (k <= 5504017))

table 5 : explain SELECT k FROM sbtest5 WHERE k BETWEEN 5503917 AND 5504017
	Index Only Scan using k_5 on sbtest5  (cost=0.43..6.40 rows=98 width=4)
	  Index Cond: ((k >= 5503917) AND (k <= 5504017))

table 6 : explain SELECT k FROM sbtest6 WHERE k BETWEEN 5503917 AND 5504017
	Index Only Scan using k_6 on sbtest6  (cost=0.43..6.37 rows=97 width=4)
	  Index Cond: ((k >= 5503917) AND (k <= 5504017))

table 7 : explain SELECT k FROM sbtest7 WHERE k BETWEEN 5503917 AND 5504017
	Index Only Scan using k_7 on sbtest7  (cost=0.43..10.58 rows=107 width=4)
	  Index Cond: ((k >= 5503917) AND (k <= 5504017))

table 8 : explain SELECT k FROM sbtest8 WHERE k BETWEEN 5503917 AND 5504017
	Index Only Scan using k_8 on sbtest8  (cost=0.43..6.50 rows=103 width=4)
	  Index Cond: ((k >= 5503917) AND (k <= 5504017))

explain: for range-covered :: explain SELECT k FROM sbtest%d WHERE k BETWEEN 5503917 AND 5504017
explain: for range-covered :: explain SELECT k FROM sbtest%d WHERE k BETWEEN 8843094 AND 8843194
explain: for range-covered :: explain SELECT k FROM sbtest%d WHERE k BETWEEN 3495574 AND 3495674for range-covered
table 1 : explain SELECT k FROM sbtest1 WHERE k BETWEEN 6793805 AND 6793905
	Index Only Scan using k_1 on sbtest1  (cost=0.43..6.45 rows=101 width=4)
	  Index Cond: ((k >= 6793805) AND (k <= 6793905))

table 2 : explain SELECT k FROM sbtest2 WHERE k BETWEEN 6793805 AND 6793905
	Index Only Scan using k_2 on sbtest2  (cost=0.43..6.50 rows=103 width=4)
	  Index Cond: ((k >= 6793805) AND (k <= 6793905))

table 3 : explain SELECT k FROM sbtest3 WHERE k BETWEEN 6793805 AND 6793905
	Index Only Scan using k_3 on sbtest3  (cost=0.43..6.58 rows=107 width=4)
	  Index Cond: ((k >= 6793805) AND (k <= 6793905))

table 4 : explain SELECT k FROM sbtest4 WHERE k BETWEEN 6793805 AND 6793905
	Index Only Scan using k_4 on sbtest4  (cost=0.43..6.33 rows=95 width=4)
	  Index Cond: ((k >= 6793805) AND (k <= 6793905))

table 5 : explain SELECT k FROM sbtest5 WHERE k BETWEEN 6793805 AND 6793905
	Index Only Scan using k_5 on sbtest5  (cost=0.43..6.59 rows=108 width=4)
	  Index Cond: ((k >= 6793805) AND (k <= 6793905))

table 6 : explain SELECT k FROM sbtest6 WHERE k BETWEEN 6793805 AND 6793905
	Index Only Scan using k_6 on sbtest6  (cost=0.43..6.43 rows=100 width=4)
	  Index Cond: ((k >= 6793805) AND (k <= 6793905))

table 7 : explain SELECT k FROM sbtest7 WHERE k BETWEEN 6793805 AND 6793905
	Index Only Scan using k_7 on sbtest7  (cost=0.43..10.36 rows=96 width=4)
	  Index Cond: ((k >= 6793805) AND (k <= 6793905))

table 8 : explain SELECT k FROM sbtest8 WHERE k BETWEEN 6793805 AND 6793905
	Index Only Scan using k_8 on sbtest8  (cost=0.43..6.27 rows=92 width=4)
	  Index Cond: ((k >= 6793805) AND (k <= 6793905))

for range-covered
table 1 : explain SELECT k FROM sbtest1 WHERE k BETWEEN 6820919 AND 6821019
	Index Only Scan using k_1 on sbtest1  (cost=0.43..6.45 rows=101 width=4)
	  Index Cond: ((k >= 6820919) AND (k <= 6821019))

table 2 : explain SELECT k FROM sbtest2 WHERE k BETWEEN 6820919 AND 6821019
	Index Only Scan using k_2 on sbtest2  (cost=0.43..6.50 rows=103 width=4)
	  Index Cond: ((k >= 6820919) AND (k <= 6821019))

table 3 : explain SELECT k FROM sbtest3 WHERE k BETWEEN 6820919 AND 6821019
	Index Only Scan using k_3 on sbtest3  (cost=0.43..6.58 rows=107 width=4)
	  Index Cond: ((k >= 6820919) AND (k <= 6821019))

table 4 : explain SELECT k FROM sbtest4 WHERE k BETWEEN 6820919 AND 6821019
	Index Only Scan using k_4 on sbtest4  (cost=0.43..6.33 rows=95 width=4)
	  Index Cond: ((k >= 6820919) AND (k <= 6821019))

table 5 : explain SELECT k FROM sbtest5 WHERE k BETWEEN 6820919 AND 6821019
	Index Only Scan using k_5 on sbtest5  (cost=0.43..6.35 rows=96 width=4)
	  Index Cond: ((k >= 6820919) AND (k <= 6821019))

table 6 : explain SELECT k FROM sbtest6 WHERE k BETWEEN 6820919 AND 6821019
	Index Only Scan using k_6 on sbtest6  (cost=0.43..6.37 rows=97 width=4)
	  Index Cond: ((k >= 6820919) AND (k <= 6821019))

table 7 : explain SELECT k FROM sbtest7 WHERE k BETWEEN 6820919 AND 6821019
	Index Only Scan using k_7 on sbtest7  (cost=0.43..10.36 rows=96 width=4)
	  Index Cond: ((k >= 6820919) AND (k <= 6821019))

table 8 : explain SELECT k FROM sbtest8 WHERE k BETWEEN 6820919 AND 6821019
	Index Only Scan using k_8 on sbtest8  (cost=0.43..6.27 rows=92 width=4)
	  Index Cond: ((k >= 6820919) AND (k <= 6821019))
for range-covered
table 1 : explain SELECT k FROM sbtest1 WHERE k BETWEEN 1470995 AND 1471095
	Index Only Scan using k_1 on sbtest1  (cost=0.43..6.47 rows=102 width=4)
	  Index Cond: ((k >= 1470995) AND (k <= 1471095))

table 2 : explain SELECT k FROM sbtest2 WHERE k BETWEEN 1470995 AND 1471095
	Index Only Scan using k_2 on sbtest2  (cost=0.43..6.63 rows=110 width=4)
	  Index Cond: ((k >= 1470995) AND (k <= 1471095))

table 3 : explain SELECT k FROM sbtest3 WHERE k BETWEEN 1470995 AND 1471095
	Index Only Scan using k_3 on sbtest3  (cost=0.43..6.33 rows=95 width=4)
	  Index Cond: ((k >= 1470995) AND (k <= 1471095))

table 4 : explain SELECT k FROM sbtest4 WHERE k BETWEEN 1470995 AND 1471095
	Index Only Scan using k_4 on sbtest4  (cost=0.43..6.43 rows=100 width=4)
	  Index Cond: ((k >= 1470995) AND (k <= 1471095))

table 5 : explain SELECT k FROM sbtest5 WHERE k BETWEEN 1470995 AND 1471095
	Index Only Scan using k_5 on sbtest5  (cost=0.43..6.40 rows=98 width=4)
	  Index Cond: ((k >= 1470995) AND (k <= 1471095))

table 6 : explain SELECT k FROM sbtest6 WHERE k BETWEEN 1470995 AND 1471095
	Index Only Scan using k_6 on sbtest6  (cost=0.43..6.37 rows=97 width=4)
	  Index Cond: ((k >= 1470995) AND (k <= 1471095))

table 7 : explain SELECT k FROM sbtest7 WHERE k BETWEEN 1470995 AND 1471095
	Index Only Scan using k_7 on sbtest7  (cost=0.43..10.56 rows=106 width=4)
	  Index Cond: ((k >= 1470995) AND (k <= 1471095))

table 8 : explain SELECT k FROM sbtest8 WHERE k BETWEEN 1470995 AND 1471095
	Index Only Scan using k_8 on sbtest8  (cost=0.43..6.77 rows=117 width=4)
	  Index Cond: ((k >= 1470995) AND (k <= 1471095))



for range-covered
table 1 : explain SELECT k FROM sbtest1 WHERE k BETWEEN 8981956 AND 8982056
	Index Only Scan using k_1 on sbtest1  (cost=0.43..6.17 rows=87 width=4)
	  Index Cond: ((k >= 8981956) AND (k <= 8982056))

table 2 : explain SELECT k FROM sbtest2 WHERE k BETWEEN 8981956 AND 8982056
	Index Only Scan using k_2 on sbtest2  (cost=0.43..6.59 rows=108 width=4)
	  Index Cond: ((k >= 8981956) AND (k <= 8982056))

table 3 : explain SELECT k FROM sbtest3 WHERE k BETWEEN 8981956 AND 8982056
	Index Only Scan using k_3 on sbtest3  (cost=0.43..6.45 rows=101 width=4)
	  Index Cond: ((k >= 8981956) AND (k <= 8982056))

table 4 : explain SELECT k FROM sbtest4 WHERE k BETWEEN 8981956 AND 8982056
	Index Only Scan using k_4 on sbtest4  (cost=0.43..6.58 rows=107 width=4)
	  Index Cond: ((k >= 8981956) AND (k <= 8982056))

table 5 : explain SELECT k FROM sbtest5 WHERE k BETWEEN 8981956 AND 8982056
	Index Only Scan using k_5 on sbtest5  (cost=0.43..6.58 rows=107 width=4)
	  Index Cond: ((k >= 8981956) AND (k <= 8982056))

table 6 : explain SELECT k FROM sbtest6 WHERE k BETWEEN 8981956 AND 8982056
	Index Only Scan using k_6 on sbtest6  (cost=0.43..6.56 rows=106 width=4)
	  Index Cond: ((k >= 8981956) AND (k <= 8982056))

table 7 : explain SELECT k FROM sbtest7 WHERE k BETWEEN 8981956 AND 8982056
	Index Only Scan using k_7 on sbtest7  (cost=0.43..10.63 rows=110 width=4)
	  Index Cond: ((k >= 8981956) AND (k <= 8982056))

table 8 : explain SELECT k FROM sbtest8 WHERE k BETWEEN 8981956 AND 8982056
	Index Only Scan using k_8 on sbtest8  (cost=0.43..6.45 rows=101 width=4)
	  Index Cond: ((k >= 8981956) AND (k <= 8982056))

for range-covered
table 1 : explain SELECT k FROM sbtest1 WHERE k BETWEEN 5898340 AND 5898440
	Index Only Scan using k_1 on sbtest1  (cost=0.43..6.35 rows=96 width=4)
	  Index Cond: ((k >= 5898340) AND (k <= 5898440))

table 2 : explain SELECT k FROM sbtest2 WHERE k BETWEEN 5898340 AND 5898440
	Index Only Scan using k_2 on sbtest2  (cost=0.43..6.51 rows=104 width=4)
	  Index Cond: ((k >= 5898340) AND (k <= 5898440))

table 3 : explain SELECT k FROM sbtest3 WHERE k BETWEEN 5898340 AND 5898440
	Index Only Scan using k_3 on sbtest3  (cost=0.43..6.40 rows=98 width=4)
	  Index Cond: ((k >= 5898340) AND (k <= 5898440))

table 4 : explain SELECT k FROM sbtest4 WHERE k BETWEEN 5898340 AND 5898440
	Index Only Scan using k_4 on sbtest4  (cost=0.43..6.69 rows=113 width=4)
	  Index Cond: ((k >= 5898340) AND (k <= 5898440))

table 5 : explain SELECT k FROM sbtest5 WHERE k BETWEEN 5898340 AND 5898440
	Index Only Scan using k_5 on sbtest5  (cost=0.43..6.42 rows=99 width=4)
	  Index Cond: ((k >= 5898340) AND (k <= 5898440))

table 6 : explain SELECT k FROM sbtest6 WHERE k BETWEEN 5898340 AND 5898440
	Index Only Scan using k_6 on sbtest6  (cost=0.43..6.63 rows=110 width=4)
	  Index Cond: ((k >= 5898340) AND (k <= 5898440))

table 7 : explain SELECT k FROM sbtest7 WHERE k BETWEEN 5898340 AND 5898440
	Index Only Scan using k_7 on sbtest7  (cost=0.43..10.46 rows=101 width=4)
	  Index Cond: ((k >= 5898340) AND (k <= 5898440))

table 8 : explain SELECT k FROM sbtest8 WHERE k BETWEEN 5898340 AND 5898440
	Index Only Scan using k_8 on sbtest8  (cost=0.43..6.29 rows=93 width=4)
	  Index Cond: ((k >= 5898340) AND (k <= 5898440))

explain: for range-covered :: explain SELECT k FROM sbtest%d WHERE k BETWEEN 1470995 AND 1471095
for range-covered
table 1 : explain SELECT k FROM sbtest1 WHERE k BETWEEN 1771480 AND 1771580
	Index Only Scan using k_1 on sbtest1  (cost=0.43..6.32 rows=94 width=4)
	  Index Cond: ((k >= 1771480) AND (k <= 1771580))

table 2 : explain SELECT k FROM sbtest2 WHERE k BETWEEN 1771480 AND 1771580
	Index Only Scan using k_2 on sbtest2  (cost=0.43..6.53 rows=105 width=4)
	  Index Cond: ((k >= 1771480) AND (k <= 1771580))

table 3 : explain SELECT k FROM sbtest3 WHERE k BETWEEN 1771480 AND 1771580
	Index Only Scan using k_3 on sbtest3  (cost=0.43..6.42 rows=99 width=4)
	  Index Cond: ((k >= 1771480) AND (k <= 1771580))

table 4 : explain SELECT k FROM sbtest4 WHERE k BETWEEN 1771480 AND 1771580
	Index Only Scan using k_4 on sbtest4  (cost=0.43..6.51 rows=104 width=4)
	  Index Cond: ((k >= 1771480) AND (k <= 1771580))

table 5 : explain SELECT k FROM sbtest5 WHERE k BETWEEN 1771480 AND 1771580
	Index Only Scan using k_5 on sbtest5  (cost=0.43..6.40 rows=98 width=4)
	  Index Cond: ((k >= 1771480) AND (k <= 1771580))

table 6 : explain SELECT k FROM sbtest6 WHERE k BETWEEN 1771480 AND 1771580
	Index Only Scan using k_6 on sbtest6  (cost=0.43..6.50 rows=103 width=4)
	  Index Cond: ((k >= 1771480) AND (k <= 1771580))

table 7 : explain SELECT k FROM sbtest7 WHERE k BETWEEN 1771480 AND 1771580
	Index Only Scan using k_7 on sbtest7  (cost=0.43..10.40 rows=98 width=4)
	  Index Cond: ((k >= 1771480) AND (k <= 1771580))

table 8 : explain SELECT k FROM sbtest8 WHERE k BETWEEN 1771480 AND 1771580
	Index Only Scan using k_8 on sbtest8  (cost=0.43..6.51 rows=104 width=4)
	  Index Cond: ((k >= 1771480) AND (k <= 1771580))

explain: for range-covered :: explain SELECT k FROM sbtest%d WHERE k BETWEEN 6820919 AND 6821019explain: for range-covered :: explain SELECT k FROM sbtest%d WHERE k BETWEEN 8981956 AND 8982056

explain: for range-covered :: explain SELECT k FROM sbtest%d WHERE k BETWEEN 5898340 AND 5898440
explain: for range-covered :: explain SELECT k FROM sbtest%d WHERE k BETWEEN 1771480 AND 1771580
for range-covered
table 1 : explain SELECT k FROM sbtest1 WHERE k BETWEEN 5719060 AND 5719160
	Index Only Scan using k_1 on sbtest1  (cost=0.43..6.50 rows=103 width=4)
	  Index Cond: ((k >= 5719060) AND (k <= 5719160))

table 2 : explain SELECT k FROM sbtest2 WHERE k BETWEEN 5719060 AND 5719160
	Index Only Scan using k_2 on sbtest2  (cost=0.43..6.53 rows=105 width=4)
	  Index Cond: ((k >= 5719060) AND (k <= 5719160))

table 3 : explain SELECT k FROM sbtest3 WHERE k BETWEEN 5719060 AND 5719160
	Index Only Scan using k_3 on sbtest3  (cost=0.43..6.53 rows=105 width=4)
	  Index Cond: ((k >= 5719060) AND (k <= 5719160))

table 4 : explain SELECT k FROM sbtest4 WHERE k BETWEEN 5719060 AND 5719160
	Index Only Scan using k_4 on sbtest4  (cost=0.43..6.35 rows=96 width=4)
	  Index Cond: ((k >= 5719060) AND (k <= 5719160))

table 5 : explain SELECT k FROM sbtest5 WHERE k BETWEEN 5719060 AND 5719160
	Index Only Scan using k_5 on sbtest5  (cost=0.43..6.58 rows=107 width=4)
	  Index Cond: ((k >= 5719060) AND (k <= 5719160))

table 6 : explain SELECT k FROM sbtest6 WHERE k BETWEEN 5719060 AND 5719160
	Index Only Scan using k_6 on sbtest6  (cost=0.43..6.33 rows=95 width=4)
	  Index Cond: ((k >= 5719060) AND (k <= 5719160))

table 7 : explain SELECT k FROM sbtest7 WHERE k BETWEEN 5719060 AND 5719160
	Index Only Scan using k_7 on sbtest7  (cost=0.43..10.56 rows=106 width=4)
	  Index Cond: ((k >= 5719060) AND (k <= 5719160))

table 8 : explain SELECT k FROM sbtest8 WHERE k BETWEEN 5719060 AND 5719160
	Index Only Scan using k_8 on sbtest8  (cost=0.43..6.56 rows=106 width=4)
	  Index Cond: ((k >= 5719060) AND (k <= 5719160))

explain: for range-covered :: explain SELECT k FROM sbtest%d WHERE k BETWEEN 5719060 AND 5719160
for range-covered
table 1 : explain SELECT k FROM sbtest1 WHERE k BETWEEN 1470995 AND 1471095
	Index Only Scan using k_1 on sbtest1  (cost=0.43..6.47 rows=102 width=4)
	  Index Cond: ((k >= 1470995) AND (k <= 1471095))

table 2 : explain SELECT k FROM sbtest2 WHERE k BETWEEN 1470995 AND 1471095
	Index Only Scan using k_2 on sbtest2  (cost=0.43..6.63 rows=110 width=4)
	  Index Cond: ((k >= 1470995) AND (k <= 1471095))

table 3 : explain SELECT k FROM sbtest3 WHERE k BETWEEN 1470995 AND 1471095
	Index Only Scan using k_3 on sbtest3  (cost=0.43..6.33 rows=95 width=4)
	  Index Cond: ((k >= 1470995) AND (k <= 1471095))

table 4 : explain SELECT k FROM sbtest4 WHERE k BETWEEN 1470995 AND 1471095
	Index Only Scan using k_4 on sbtest4  (cost=0.43..6.43 rows=100 width=4)
	  Index Cond: ((k >= 1470995) AND (k <= 1471095))

table 5 : explain SELECT k FROM sbtest5 WHERE k BETWEEN 1470995 AND 1471095
	Index Only Scan using k_5 on sbtest5  (cost=0.43..6.40 rows=98 width=4)
	  Index Cond: ((k >= 1470995) AND (k <= 1471095))

table 6 : explain SELECT k FROM sbtest6 WHERE k BETWEEN 1470995 AND 1471095
	Index Only Scan using k_6 on sbtest6  (cost=0.43..6.37 rows=97 width=4)
	  Index Cond: ((k >= 1470995) AND (k <= 1471095))

table 7 : explain SELECT k FROM sbtest7 WHERE k BETWEEN 1470995 AND 1471095
	Index Only Scan using k_7 on sbtest7  (cost=0.43..10.56 rows=106 width=4)
	  Index Cond: ((k >= 1470995) AND (k <= 1471095))

table 8 : explain SELECT k FROM sbtest8 WHERE k BETWEEN 1470995 AND 1471095
	Index Only Scan using k_8 on sbtest8  (cost=0.43..6.77 rows=117 width=4)
	  Index Cond: ((k >= 1470995) AND (k <= 1471095))
for range-covered
table 1 : explain SELECT k FROM sbtest1 WHERE k BETWEEN 5503917 AND 5504017
	Index Only Scan using k_1 on sbtest1  (cost=0.43..6.42 rows=99 width=4)
	  Index Cond: ((k >= 5503917) AND (k <= 5504017))

table 2 : explain SELECT k FROM sbtest2 WHERE k BETWEEN 5503917 AND 5504017
	Index Only Scan using k_2 on sbtest2  (cost=0.43..6.43 rows=100 width=4)
	  Index Cond: ((k >= 5503917) AND (k <= 5504017))

table 3 : explain SELECT k FROM sbtest3 WHERE k BETWEEN 5503917 AND 5504017
	Index Only Scan using k_3 on sbtest3  (cost=0.43..6.45 rows=101 width=4)
	  Index Cond: ((k >= 5503917) AND (k <= 5504017))

table 4 : explain SELECT k FROM sbtest4 WHERE k BETWEEN 5503917 AND 5504017
	Index Only Scan using k_4 on sbtest4  (cost=0.43..6.27 rows=92 width=4)
	  Index Cond: ((k >= 5503917) AND (k <= 5504017))

table 5 : explain SELECT k FROM sbtest5 WHERE k BETWEEN 5503917 AND 5504017
	Index Only Scan using k_5 on sbtest5  (cost=0.43..6.40 rows=98 width=4)
	  Index Cond: ((k >= 5503917) AND (k <= 5504017))

table 6 : explain SELECT k FROM sbtest6 WHERE k BETWEEN 5503917 AND 5504017
	Index Only Scan using k_6 on sbtest6  (cost=0.43..6.37 rows=97 width=4)
	  Index Cond: ((k >= 5503917) AND (k <= 5504017))

table 7 : explain SELECT k FROM sbtest7 WHERE k BETWEEN 5503917 AND 5504017
	Index Only Scan using k_7 on sbtest7  (cost=0.43..10.58 rows=107 width=4)
	  Index Cond: ((k >= 5503917) AND (k <= 5504017))

table 8 : explain SELECT k FROM sbtest8 WHERE k BETWEEN 5503917 AND 5504017
	Index Only Scan using k_8 on sbtest8  (cost=0.43..6.50 rows=103 width=4)
	  Index Cond: ((k >= 5503917) AND (k <= 5504017))


for range-covered
table 1 : explain SELECT k FROM sbtest1 WHERE k BETWEEN 3495574 AND 3495674
	Index Only Scan using k_1 on sbtest1  (cost=0.43..6.50 rows=103 width=4)
	  Index Cond: ((k >= 3495574) AND (k <= 3495674))

table 2 : explain SELECT k FROM sbtest2 WHERE k BETWEEN 3495574 AND 3495674
	Index Only Scan using k_2 on sbtest2  (cost=0.43..6.47 rows=102 width=4)
	  Index Cond: ((k >= 3495574) AND (k <= 3495674))

table 3 : explain SELECT k FROM sbtest3 WHERE k BETWEEN 3495574 AND 3495674
	Index Only Scan using k_3 on sbtest3  (cost=0.43..6.50 rows=103 width=4)
	  Index Cond: ((k >= 3495574) AND (k <= 3495674))

table 4 : explain SELECT k FROM sbtest4 WHERE k BETWEEN 3495574 AND 3495674
	Index Only Scan using k_4 on sbtest4  (cost=0.43..6.40 rows=98 width=4)
	  Index Cond: ((k >= 3495574) AND (k <= 3495674))

table 5 : explain SELECT k FROM sbtest5 WHERE k BETWEEN 3495574 AND 3495674
	Index Only Scan using k_5 on sbtest5  (cost=0.43..6.43 rows=100 width=4)
	  Index Cond: ((k >= 3495574) AND (k <= 3495674))

table 6 : explain SELECT k FROM sbtest6 WHERE k BETWEEN 3495574 AND 3495674
	Index Only Scan using k_6 on sbtest6  (cost=0.43..6.42 rows=99 width=4)
	  Index Cond: ((k >= 3495574) AND (k <= 3495674))

table 7 : explain SELECT k FROM sbtest7 WHERE k BETWEEN 3495574 AND 3495674
	Index Only Scan using k_7 on sbtest7  (cost=0.43..10.47 rows=102 width=4)
	  Index Cond: ((k >= 3495574) AND (k <= 3495674))

table 8 : explain SELECT k FROM sbtest8 WHERE k BETWEEN 3495574 AND 3495674
	Index Only Scan using k_8 on sbtest8  (cost=0.43..6.53 rows=105 width=4)
	  Index Cond: ((k >= 3495574) AND (k <= 3495674))

for range-covered
table 1 : explain SELECT k FROM sbtest1 WHERE k BETWEEN 6820919 AND 6821019
	Index Only Scan using k_1 on sbtest1  (cost=0.43..6.45 rows=101 width=4)
	  Index Cond: ((k >= 6820919) AND (k <= 6821019))

table 2 : explain SELECT k FROM sbtest2 WHERE k BETWEEN 6820919 AND 6821019
	Index Only Scan using k_2 on sbtest2  (cost=0.43..6.50 rows=103 width=4)
	  Index Cond: ((k >= 6820919) AND (k <= 6821019))

table 3 : explain SELECT k FROM sbtest3 WHERE k BETWEEN 6820919 AND 6821019
	Index Only Scan using k_3 on sbtest3  (cost=0.43..6.58 rows=107 width=4)
	  Index Cond: ((k >= 6820919) AND (k <= 6821019))

table 4 : explain SELECT k FROM sbtest4 WHERE k BETWEEN 6820919 AND 6821019
	Index Only Scan using k_4 on sbtest4  (cost=0.43..6.33 rows=95 width=4)
	  Index Cond: ((k >= 6820919) AND (k <= 6821019))

table 5 : explain SELECT k FROM sbtest5 WHERE k BETWEEN 6820919 AND 6821019
	Index Only Scan using k_5 on sbtest5  (cost=0.43..6.35 rows=96 width=4)
	  Index Cond: ((k >= 6820919) AND (k <= 6821019))

table 6 : explain SELECT k FROM sbtest6 WHERE k BETWEEN 6820919 AND 6821019
	Index Only Scan using k_6 on sbtest6  (cost=0.43..6.37 rows=97 width=4)
	  Index Cond: ((k >= 6820919) AND (k <= 6821019))

table 7 : explain SELECT k FROM sbtest7 WHERE k BETWEEN 6820919 AND 6821019
	Index Only Scan using k_7 on sbtest7  (cost=0.43..10.36 rows=96 width=4)
	  Index Cond: ((k >= 6820919) AND (k <= 6821019))

table 8 : explain SELECT k FROM sbtest8 WHERE k BETWEEN 6820919 AND 6821019
	Index Only Scan using k_8 on sbtest8  (cost=0.43..6.27 rows=92 width=4)
	  Index Cond: ((k >= 6820919) AND (k <= 6821019))

for range-covered
table 1 : explain SELECT k FROM sbtest1 WHERE k BETWEEN 5898340 AND 5898440
	Index Only Scan using k_1 on sbtest1  (cost=0.43..6.35 rows=96 width=4)
	  Index Cond: ((k >= 5898340) AND (k <= 5898440))

table 2 : explain SELECT k FROM sbtest2 WHERE k BETWEEN 5898340 AND 5898440
	Index Only Scan using k_2 on sbtest2  (cost=0.43..6.51 rows=104 width=4)
	  Index Cond: ((k >= 5898340) AND (k <= 5898440))

table 3 : explain SELECT k FROM sbtest3 WHERE k BETWEEN 5898340 AND 5898440
	Index Only Scan using k_3 on sbtest3  (cost=0.43..6.40 rows=98 width=4)
	  Index Cond: ((k >= 5898340) AND (k <= 5898440))

table 4 : explain SELECT k FROM sbtest4 WHERE k BETWEEN 5898340 AND 5898440
	Index Only Scan using k_4 on sbtest4  (cost=0.43..6.69 rows=113 width=4)
	  Index Cond: ((k >= 5898340) AND (k <= 5898440))

table 5 : explain SELECT k FROM sbtest5 WHERE k BETWEEN 5898340 AND 5898440
	Index Only Scan using k_5 on sbtest5  (cost=0.43..6.42 rows=99 width=4)
	  Index Cond: ((k >= 5898340) AND (k <= 5898440))

table 6 : explain SELECT k FROM sbtest6 WHERE k BETWEEN 5898340 AND 5898440
	Index Only Scan using k_6 on sbtest6  (cost=0.43..6.63 rows=110 width=4)
	  Index Cond: ((k >= 5898340) AND (k <= 5898440))

table 7 : explain SELECT k FROM sbtest7 WHERE k BETWEEN 5898340 AND 5898440
	Index Only Scan using k_7 on sbtest7  (cost=0.43..10.46 rows=101 width=4)
	  Index Cond: ((k >= 5898340) AND (k <= 5898440))

table 8 : explain SELECT k FROM sbtest8 WHERE k BETWEEN 5898340 AND 5898440
	Index Only Scan using k_8 on sbtest8  (cost=0.43..6.29 rows=93 width=4)
	  Index Cond: ((k >= 5898340) AND (k <= 5898440))

for range-covered
table 1 : explain SELECT k FROM sbtest1 WHERE k BETWEEN 8981956 AND 8982056
	Index Only Scan using k_1 on sbtest1  (cost=0.43..6.17 rows=87 width=4)
	  Index Cond: ((k >= 8981956) AND (k <= 8982056))

table 2 : explain SELECT k FROM sbtest2 WHERE k BETWEEN 8981956 AND 8982056
	Index Only Scan using k_2 on sbtest2  (cost=0.43..6.59 rows=108 width=4)
	  Index Cond: ((k >= 8981956) AND (k <= 8982056))

table 3 : explain SELECT k FROM sbtest3 WHERE k BETWEEN 8981956 AND 8982056
	Index Only Scan using k_3 on sbtest3  (cost=0.43..6.45 rows=101 width=4)
	  Index Cond: ((k >= 8981956) AND (k <= 8982056))

table 4 : explain SELECT k FROM sbtest4 WHERE k BETWEEN 8981956 AND 8982056
	Index Only Scan using k_4 on sbtest4  (cost=0.43..6.58 rows=107 width=4)
	  Index Cond: ((k >= 8981956) AND (k <= 8982056))

table 5 : explain SELECT k FROM sbtest5 WHERE k BETWEEN 8981956 AND 8982056
	Index Only Scan using k_5 on sbtest5  (cost=0.43..6.58 rows=107 width=4)
	  Index Cond: ((k >= 8981956) AND (k <= 8982056))

table 6 : explain SELECT k FROM sbtest6 WHERE k BETWEEN 8981956 AND 8982056
	Index Only Scan using k_6 on sbtest6  (cost=0.43..6.56 rows=106 width=4)
	  Index Cond: ((k >= 8981956) AND (k <= 8982056))

table 7 : explain SELECT k FROM sbtest7 WHERE k BETWEEN 8981956 AND 8982056
	Index Only Scan using k_7 on sbtest7  (cost=0.43..10.63 rows=110 width=4)
	  Index Cond: ((k >= 8981956) AND (k <= 8982056))

table 8 : explain SELECT k FROM sbtest8 WHERE k BETWEEN 8981956 AND 8982056
	Index Only Scan using k_8 on sbtest8  (cost=0.43..6.45 rows=101 width=4)
	  Index Cond: ((k >= 8981956) AND (k <= 8982056))

explain: for range-covered :: explain SELECT k FROM sbtest%d WHERE k BETWEEN 1470995 AND 1471095
explain: for range-covered :: explain SELECT k FROM sbtest%d WHERE k BETWEEN 3495574 AND 3495674for range-covered
table 1 : explain SELECT k FROM sbtest1 WHERE k BETWEEN 1771480 AND 1771580
	Index Only Scan using k_1 on sbtest1  (cost=0.43..6.32 rows=94 width=4)
	  Index Cond: ((k >= 1771480) AND (k <= 1771580))

table 2 : explain SELECT k FROM sbtest2 WHERE k BETWEEN 1771480 AND 1771580
	Index Only Scan using k_2 on sbtest2  (cost=0.43..6.53 rows=105 width=4)
	  Index Cond: ((k >= 1771480) AND (k <= 1771580))

table 3 : explain SELECT k FROM sbtest3 WHERE k BETWEEN 1771480 AND 1771580
	Index Only Scan using k_3 on sbtest3  (cost=0.43..6.42 rows=99 width=4)
	  Index Cond: ((k >= 1771480) AND (k <= 1771580))

table 4 : explain SELECT k FROM sbtest4 WHERE k BETWEEN 1771480 AND 1771580
	Index Only Scan using k_4 on sbtest4  (cost=0.43..6.51 rows=104 width=4)
	  Index Cond: ((k >= 1771480) AND (k <= 1771580))

table 5 : explain SELECT k FROM sbtest5 WHERE k BETWEEN 1771480 AND 1771580
	Index Only Scan using k_5 on sbtest5  (cost=0.43..6.40 rows=98 width=4)
	  Index Cond: ((k >= 1771480) AND (k <= 1771580))

table 6 : explain SELECT k FROM sbtest6 WHERE k BETWEEN 1771480 AND 1771580
	Index Only Scan using k_6 on sbtest6  (cost=0.43..6.50 rows=103 width=4)
	  Index Cond: ((k >= 1771480) AND (k <= 1771580))

table 7 : explain SELECT k FROM sbtest7 WHERE k BETWEEN 1771480 AND 1771580
	Index Only Scan using k_7 on sbtest7  (cost=0.43..10.40 rows=98 width=4)
	  Index Cond: ((k >= 1771480) AND (k <= 1771580))

table 8 : explain SELECT k FROM sbtest8 WHERE k BETWEEN 1771480 AND 1771580
	Index Only Scan using k_8 on sbtest8  (cost=0.43..6.51 rows=104 width=4)
	  Index Cond: ((k >= 1771480) AND (k <= 1771580))


explain: for range-covered :: explain SELECT k FROM sbtest%d WHERE k BETWEEN 6820919 AND 6821019
explain: for range-covered :: explain SELECT k FROM sbtest%d WHERE k BETWEEN 5898340 AND 5898440
explain: for range-covered :: explain SELECT k FROM sbtest%d WHERE k BETWEEN 5503917 AND 5504017
explain: for range-covered :: explain SELECT k FROM sbtest%d WHERE k BETWEEN 1771480 AND 1771580
for range-covered
table 1 : explain SELECT k FROM sbtest1 WHERE k BETWEEN 2243344 AND 2243444
	Index Only Scan using k_1 on sbtest1  (cost=0.43..6.53 rows=105 width=4)
	  Index Cond: ((k >= 2243344) AND (k <= 2243444))

table 2 : explain SELECT k FROM sbtest2 WHERE k BETWEEN 2243344 AND 2243444
	Index Only Scan using k_2 on sbtest2  (cost=0.43..6.56 rows=106 width=4)
	  Index Cond: ((k >= 2243344) AND (k <= 2243444))

table 3 : explain SELECT k FROM sbtest3 WHERE k BETWEEN 2243344 AND 2243444
	Index Only Scan using k_3 on sbtest3  (cost=0.43..6.35 rows=96 width=4)
	  Index Cond: ((k >= 2243344) AND (k <= 2243444))

table 4 : explain SELECT k FROM sbtest4 WHERE k BETWEEN 2243344 AND 2243444
	Index Only Scan using k_4 on sbtest4  (cost=0.43..6.40 rows=98 width=4)
	  Index Cond: ((k >= 2243344) AND (k <= 2243444))

table 5 : explain SELECT k FROM sbtest5 WHERE k BETWEEN 2243344 AND 2243444
	Index Only Scan using k_5 on sbtest5  (cost=0.43..6.32 rows=94 width=4)
	  Index Cond: ((k >= 2243344) AND (k <= 2243444))

table 6 : explain SELECT k FROM sbtest6 WHERE k BETWEEN 2243344 AND 2243444
	Index Only Scan using k_6 on sbtest6  (cost=0.43..6.40 rows=98 width=4)
	  Index Cond: ((k >= 2243344) AND (k <= 2243444))

table 7 : explain SELECT k FROM sbtest7 WHERE k BETWEEN 2243344 AND 2243444
	Index Only Scan using k_7 on sbtest7  (cost=0.43..10.58 rows=107 width=4)
	  Index Cond: ((k >= 2243344) AND (k <= 2243444))

table 8 : explain SELECT k FROM sbtest8 WHERE k BETWEEN 2243344 AND 2243444
	Index Only Scan using k_8 on sbtest8  (cost=0.43..6.53 rows=105 width=4)
	  Index Cond: ((k >= 2243344) AND (k <= 2243444))

explain: for range-covered :: explain SELECT k FROM sbtest%d WHERE k BETWEEN 2243344 AND 2243444
for range-covered
table 1 : explain SELECT k FROM sbtest1 WHERE k BETWEEN 1470995 AND 1471095
	Index Only Scan using k_1 on sbtest1  (cost=0.43..6.47 rows=102 width=4)
	  Index Cond: ((k >= 1470995) AND (k <= 1471095))

table 2 : explain SELECT k FROM sbtest2 WHERE k BETWEEN 1470995 AND 1471095
	Index Only Scan using k_2 on sbtest2  (cost=0.43..6.63 rows=110 width=4)
	  Index Cond: ((k >= 1470995) AND (k <= 1471095))

table 3 : explain SELECT k FROM sbtest3 WHERE k BETWEEN 1470995 AND 1471095
	Index Only Scan using k_3 on sbtest3  (cost=0.43..6.33 rows=95 width=4)
	  Index Cond: ((k >= 1470995) AND (k <= 1471095))

table 4 : explain SELECT k FROM sbtest4 WHERE k BETWEEN 1470995 AND 1471095
	Index Only Scan using k_4 on sbtest4  (cost=0.43..6.43 rows=100 width=4)
	  Index Cond: ((k >= 1470995) AND (k <= 1471095))

table 5 : explain SELECT k FROM sbtest5 WHERE k BETWEEN 1470995 AND 1471095
	Index Only Scan using k_5 on sbtest5  (cost=0.43..6.40 rows=98 width=4)
	  Index Cond: ((k >= 1470995) AND (k <= 1471095))

table 6 : explain SELECT k FROM sbtest6 WHERE k BETWEEN 1470995 AND 1471095
	Index Only Scan using k_6 on sbtest6  (cost=0.43..6.37 rows=97 width=4)
	  Index Cond: ((k >= 1470995) AND (k <= 1471095))

table 7 : explain SELECT k FROM sbtest7 WHERE k BETWEEN 1470995 AND 1471095
	Index Only Scan using k_7 on sbtest7  (cost=0.43..10.56 rows=106 width=4)
	  Index Cond: ((k >= 1470995) AND (k <= 1471095))

table 8 : explain SELECT k FROM sbtest8 WHERE k BETWEEN 1470995 AND 1471095
	Index Only Scan using k_8 on sbtest8  (cost=0.43..6.77 rows=117 width=4)
	  Index Cond: ((k >= 1470995) AND (k <= 1471095))

explain: for range-covered :: explain SELECT k FROM sbtest%d WHERE k BETWEEN 2101210 AND 2101310
for range-covered
table 1 : explain SELECT k FROM sbtest1 WHERE k BETWEEN 3495574 AND 3495674
	Index Only Scan using k_1 on sbtest1  (cost=0.43..6.50 rows=103 width=4)
	  Index Cond: ((k >= 3495574) AND (k <= 3495674))

table 2 : explain SELECT k FROM sbtest2 WHERE k BETWEEN 3495574 AND 3495674
	Index Only Scan using k_2 on sbtest2  (cost=0.43..6.47 rows=102 width=4)
	  Index Cond: ((k >= 3495574) AND (k <= 3495674))

table 3 : explain SELECT k FROM sbtest3 WHERE k BETWEEN 3495574 AND 3495674
	Index Only Scan using k_3 on sbtest3  (cost=0.43..6.50 rows=103 width=4)
	  Index Cond: ((k >= 3495574) AND (k <= 3495674))

table 4 : explain SELECT k FROM sbtest4 WHERE k BETWEEN 3495574 AND 3495674
	Index Only Scan using k_4 on sbtest4  (cost=0.43..6.40 rows=98 width=4)
	  Index Cond: ((k >= 3495574) AND (k <= 3495674))

table 5 : explain SELECT k FROM sbtest5 WHERE k BETWEEN 3495574 AND 3495674
	Index Only Scan using k_5 on sbtest5  (cost=0.43..6.43 rows=100 width=4)
	  Index Cond: ((k >= 3495574) AND (k <= 3495674))

table 6 : explain SELECT k FROM sbtest6 WHERE k BETWEEN 3495574 AND 3495674
	Index Only Scan using k_6 on sbtest6  (cost=0.43..6.42 rows=99 width=4)
	  Index Cond: ((k >= 3495574) AND (k <= 3495674))

table 7 : explain SELECT k FROM sbtest7 WHERE k BETWEEN 3495574 AND 3495674
	Index Only Scan using k_7 on sbtest7  (cost=0.43..10.47 rows=102 width=4)
	  Index Cond: ((k >= 3495574) AND (k <= 3495674))

table 8 : explain SELECT k FROM sbtest8 WHERE k BETWEEN 3495574 AND 3495674
	Index Only Scan using k_8 on sbtest8  (cost=0.43..6.53 rows=105 width=4)
	  Index Cond: ((k >= 3495574) AND (k <= 3495674))

for range-covered
table 1 : explain SELECT k FROM sbtest1 WHERE k BETWEEN 5898340 AND 5898440
	Index Only Scan using k_1 on sbtest1  (cost=0.43..6.35 rows=96 width=4)
	  Index Cond: ((k >= 5898340) AND (k <= 5898440))

table 2 : explain SELECT k FROM sbtest2 WHERE k BETWEEN 5898340 AND 5898440
	Index Only Scan using k_2 on sbtest2  (cost=0.43..6.51 rows=104 width=4)
	  Index Cond: ((k >= 5898340) AND (k <= 5898440))

table 3 : explain SELECT k FROM sbtest3 WHERE k BETWEEN 5898340 AND 5898440
	Index Only Scan using k_3 on sbtest3  (cost=0.43..6.40 rows=98 width=4)
	  Index Cond: ((k >= 5898340) AND (k <= 5898440))

table 4 : explain SELECT k FROM sbtest4 WHERE k BETWEEN 5898340 AND 5898440
	Index Only Scan using k_4 on sbtest4  (cost=0.43..6.69 rows=113 width=4)
	  Index Cond: ((k >= 5898340) AND (k <= 5898440))

table 5 : explain SELECT k FROM sbtest5 WHERE k BETWEEN 5898340 AND 5898440
	Index Only Scan using k_5 on sbtest5  (cost=0.43..6.42 rows=99 width=4)
	  Index Cond: ((k >= 5898340) AND (k <= 5898440))

table 6 : explain SELECT k FROM sbtest6 WHERE k BETWEEN 5898340 AND 5898440
	Index Only Scan using k_6 on sbtest6  (cost=0.43..6.63 rows=110 width=4)
	  Index Cond: ((k >= 5898340) AND (k <= 5898440))

table 7 : explain SELECT k FROM sbtest7 WHERE k BETWEEN 5898340 AND 5898440
	Index Only Scan using k_7 on sbtest7  (cost=0.43..10.46 rows=101 width=4)
	  Index Cond: ((k >= 5898340) AND (k <= 5898440))

table 8 : explain SELECT k FROM sbtest8 WHERE k BETWEEN 5898340 AND 5898440
	Index Only Scan using k_8 on sbtest8  (cost=0.43..6.29 rows=93 width=4)
	  Index Cond: ((k >= 5898340) AND (k <= 5898440))

explain: for range-covered :: explain SELECT k FROM sbtest%d WHERE k BETWEEN 1470995 AND 1471095
for range-covered
table 1 : explain SELECT k FROM sbtest1 WHERE k BETWEEN 1771480 AND 1771580
	Index Only Scan using k_1 on sbtest1  (cost=0.43..6.32 rows=94 width=4)
	  Index Cond: ((k >= 1771480) AND (k <= 1771580))

table 2 : explain SELECT k FROM sbtest2 WHERE k BETWEEN 1771480 AND 1771580
	Index Only Scan using k_2 on sbtest2  (cost=0.43..6.53 rows=105 width=4)
	  Index Cond: ((k >= 1771480) AND (k <= 1771580))

table 3 : explain SELECT k FROM sbtest3 WHERE k BETWEEN 1771480 AND 1771580
	Index Only Scan using k_3 on sbtest3  (cost=0.43..6.42 rows=99 width=4)
	  Index Cond: ((k >= 1771480) AND (k <= 1771580))

table 4 : explain SELECT k FROM sbtest4 WHERE k BETWEEN 1771480 AND 1771580
	Index Only Scan using k_4 on sbtest4  (cost=0.43..6.51 rows=104 width=4)
	  Index Cond: ((k >= 1771480) AND (k <= 1771580))

table 5 : explain SELECT k FROM sbtest5 WHERE k BETWEEN 1771480 AND 1771580
	Index Only Scan using k_5 on sbtest5  (cost=0.43..6.40 rows=98 width=4)
	  Index Cond: ((k >= 1771480) AND (k <= 1771580))

table 6 : explain SELECT k FROM sbtest6 WHERE k BETWEEN 1771480 AND 1771580
	Index Only Scan using k_6 on sbtest6  (cost=0.43..6.50 rows=103 width=4)
	  Index Cond: ((k >= 1771480) AND (k <= 1771580))

table 7 : explain SELECT k FROM sbtest7 WHERE k BETWEEN 1771480 AND 1771580
	Index Only Scan using k_7 on sbtest7  (cost=0.43..10.40 rows=98 width=4)
	  Index Cond: ((k >= 1771480) AND (k <= 1771580))

table 8 : explain SELECT k FROM sbtest8 WHERE k BETWEEN 1771480 AND 1771580
	Index Only Scan using k_8 on sbtest8  (cost=0.43..6.51 rows=104 width=4)
	  Index Cond: ((k >= 1771480) AND (k <= 1771580))
explain: for range-covered :: explain SELECT k FROM sbtest%d WHERE k BETWEEN 3495574 AND 3495674explain: for range-covered :: explain SELECT k FROM sbtest%d WHERE k BETWEEN 5898340 AND 5898440

for range-covered
table 1 : explain SELECT k FROM sbtest1 WHERE k BETWEEN 6820919 AND 6821019
	Index Only Scan using k_1 on sbtest1  (cost=0.43..6.45 rows=101 width=4)
	  Index Cond: ((k >= 6820919) AND (k <= 6821019))

table 2 : explain SELECT k FROM sbtest2 WHERE k BETWEEN 6820919 AND 6821019
	Index Only Scan using k_2 on sbtest2  (cost=0.43..6.50 rows=103 width=4)
	  Index Cond: ((k >= 6820919) AND (k <= 6821019))

table 3 : explain SELECT k FROM sbtest3 WHERE k BETWEEN 6820919 AND 6821019
	Index Only Scan using k_3 on sbtest3  (cost=0.43..6.58 rows=107 width=4)
	  Index Cond: ((k >= 6820919) AND (k <= 6821019))

table 4 : explain SELECT k FROM sbtest4 WHERE k BETWEEN 6820919 AND 6821019
	Index Only Scan using k_4 on sbtest4  (cost=0.43..6.33 rows=95 width=4)
	  Index Cond: ((k >= 6820919) AND (k <= 6821019))

table 5 : explain SELECT k FROM sbtest5 WHERE k BETWEEN 6820919 AND 6821019
	Index Only Scan using k_5 on sbtest5  (cost=0.43..6.35 rows=96 width=4)
	  Index Cond: ((k >= 6820919) AND (k <= 6821019))

table 6 : explain SELECT k FROM sbtest6 WHERE k BETWEEN 6820919 AND 6821019
	Index Only Scan using k_6 on sbtest6  (cost=0.43..6.37 rows=97 width=4)
	  Index Cond: ((k >= 6820919) AND (k <= 6821019))

table 7 : explain SELECT k FROM sbtest7 WHERE k BETWEEN 6820919 AND 6821019
	Index Only Scan using k_7 on sbtest7  (cost=0.43..10.36 rows=96 width=4)
	  Index Cond: ((k >= 6820919) AND (k <= 6821019))

table 8 : explain SELECT k FROM sbtest8 WHERE k BETWEEN 6820919 AND 6821019
	Index Only Scan using k_8 on sbtest8  (cost=0.43..6.27 rows=92 width=4)
	  Index Cond: ((k >= 6820919) AND (k <= 6821019))


explain: for range-covered :: explain SELECT k FROM sbtest%d WHERE k BETWEEN 1771480 AND 1771580
explain: for range-covered :: explain SELECT k FROM sbtest%d WHERE k BETWEEN 6820919 AND 6821019
for range-covered
table 1 : explain SELECT k FROM sbtest1 WHERE k BETWEEN 5719060 AND 5719160
	Index Only Scan using k_1 on sbtest1  (cost=0.43..6.50 rows=103 width=4)
	  Index Cond: ((k >= 5719060) AND (k <= 5719160))

table 2 : explain SELECT k FROM sbtest2 WHERE k BETWEEN 5719060 AND 5719160
	Index Only Scan using k_2 on sbtest2  (cost=0.43..6.53 rows=105 width=4)
	  Index Cond: ((k >= 5719060) AND (k <= 5719160))

table 3 : explain SELECT k FROM sbtest3 WHERE k BETWEEN 5719060 AND 5719160
	Index Only Scan using k_3 on sbtest3  (cost=0.43..6.53 rows=105 width=4)
	  Index Cond: ((k >= 5719060) AND (k <= 5719160))

table 4 : explain SELECT k FROM sbtest4 WHERE k BETWEEN 5719060 AND 5719160
	Index Only Scan using k_4 on sbtest4  (cost=0.43..6.35 rows=96 width=4)
	  Index Cond: ((k >= 5719060) AND (k <= 5719160))

table 5 : explain SELECT k FROM sbtest5 WHERE k BETWEEN 5719060 AND 5719160
	Index Only Scan using k_5 on sbtest5  (cost=0.43..6.58 rows=107 width=4)
	  Index Cond: ((k >= 5719060) AND (k <= 5719160))

table 6 : explain SELECT k FROM sbtest6 WHERE k BETWEEN 5719060 AND 5719160
	Index Only Scan using k_6 on sbtest6  (cost=0.43..6.33 rows=95 width=4)
	  Index Cond: ((k >= 5719060) AND (k <= 5719160))

table 7 : explain SELECT k FROM sbtest7 WHERE k BETWEEN 5719060 AND 5719160
	Index Only Scan using k_7 on sbtest7  (cost=0.43..10.56 rows=106 width=4)
	  Index Cond: ((k >= 5719060) AND (k <= 5719160))

table 8 : explain SELECT k FROM sbtest8 WHERE k BETWEEN 5719060 AND 5719160
	Index Only Scan using k_8 on sbtest8  (cost=0.43..6.56 rows=106 width=4)
	  Index Cond: ((k >= 5719060) AND (k <= 5719160))

for range-covered
table 1 : explain SELECT k FROM sbtest1 WHERE k BETWEEN 2243344 AND 2243444
	Index Only Scan using k_1 on sbtest1  (cost=0.43..6.53 rows=105 width=4)
	  Index Cond: ((k >= 2243344) AND (k <= 2243444))

table 2 : explain SELECT k FROM sbtest2 WHERE k BETWEEN 2243344 AND 2243444
	Index Only Scan using k_2 on sbtest2  (cost=0.43..6.56 rows=106 width=4)
	  Index Cond: ((k >= 2243344) AND (k <= 2243444))

table 3 : explain SELECT k FROM sbtest3 WHERE k BETWEEN 2243344 AND 2243444
	Index Only Scan using k_3 on sbtest3  (cost=0.43..6.35 rows=96 width=4)
	  Index Cond: ((k >= 2243344) AND (k <= 2243444))

table 4 : explain SELECT k FROM sbtest4 WHERE k BETWEEN 2243344 AND 2243444
	Index Only Scan using k_4 on sbtest4  (cost=0.43..6.40 rows=98 width=4)
	  Index Cond: ((k >= 2243344) AND (k <= 2243444))

table 5 : explain SELECT k FROM sbtest5 WHERE k BETWEEN 2243344 AND 2243444
	Index Only Scan using k_5 on sbtest5  (cost=0.43..6.32 rows=94 width=4)
	  Index Cond: ((k >= 2243344) AND (k <= 2243444))

table 6 : explain SELECT k FROM sbtest6 WHERE k BETWEEN 2243344 AND 2243444
	Index Only Scan using k_6 on sbtest6  (cost=0.43..6.40 rows=98 width=4)
	  Index Cond: ((k >= 2243344) AND (k <= 2243444))

table 7 : explain SELECT k FROM sbtest7 WHERE k BETWEEN 2243344 AND 2243444
	Index Only Scan using k_7 on sbtest7  (cost=0.43..10.58 rows=107 width=4)
	  Index Cond: ((k >= 2243344) AND (k <= 2243444))

table 8 : explain SELECT k FROM sbtest8 WHERE k BETWEEN 2243344 AND 2243444
	Index Only Scan using k_8 on sbtest8  (cost=0.43..6.53 rows=105 width=4)
	  Index Cond: ((k >= 2243344) AND (k <= 2243444))

explain: for range-covered :: explain SELECT k FROM sbtest%d WHERE k BETWEEN 2243344 AND 2243444
explain: for range-covered :: explain SELECT k FROM sbtest%d WHERE k BETWEEN 5719060 AND 5719160
for range-covered
table 1 : explain SELECT k FROM sbtest1 WHERE k BETWEEN 8843094 AND 8843194
	Index Only Scan using k_1 on sbtest1  (cost=0.43..6.45 rows=101 width=4)
	  Index Cond: ((k >= 8843094) AND (k <= 8843194))

table 2 : explain SELECT k FROM sbtest2 WHERE k BETWEEN 8843094 AND 8843194
	Index Only Scan using k_2 on sbtest2  (cost=0.43..6.74 rows=115 width=4)
	  Index Cond: ((k >= 8843094) AND (k <= 8843194))

table 3 : explain SELECT k FROM sbtest3 WHERE k BETWEEN 8843094 AND 8843194
	Index Only Scan using k_3 on sbtest3  (cost=0.43..6.58 rows=107 width=4)
	  Index Cond: ((k >= 8843094) AND (k <= 8843194))

table 4 : explain SELECT k FROM sbtest4 WHERE k BETWEEN 8843094 AND 8843194
	Index Only Scan using k_4 on sbtest4  (cost=0.43..6.51 rows=104 width=4)
	  Index Cond: ((k >= 8843094) AND (k <= 8843194))

table 5 : explain SELECT k FROM sbtest5 WHERE k BETWEEN 8843094 AND 8843194
	Index Only Scan using k_5 on sbtest5  (cost=0.43..6.69 rows=113 width=4)
	  Index Cond: ((k >= 8843094) AND (k <= 8843194))

table 6 : explain SELECT k FROM sbtest6 WHERE k BETWEEN 8843094 AND 8843194
	Index Only Scan using k_6 on sbtest6  (cost=0.43..6.53 rows=105 width=4)
	  Index Cond: ((k >= 8843094) AND (k <= 8843194))

table 7 : explain SELECT k FROM sbtest7 WHERE k BETWEEN 8843094 AND 8843194
	Index Only Scan using k_7 on sbtest7  (cost=0.43..10.24 rows=90 width=4)
	  Index Cond: ((k >= 8843094) AND (k <= 8843194))

table 8 : explain SELECT k FROM sbtest8 WHERE k BETWEEN 8843094 AND 8843194
	Index Only Scan using k_8 on sbtest8  (cost=0.43..6.50 rows=103 width=4)
	  Index Cond: ((k >= 8843094) AND (k <= 8843194))

for range-covered
table 1 : explain SELECT k FROM sbtest1 WHERE k BETWEEN 1470995 AND 1471095
	Index Only Scan using k_1 on sbtest1  (cost=0.43..6.47 rows=102 width=4)
	  Index Cond: ((k >= 1470995) AND (k <= 1471095))

table 2 : explain SELECT k FROM sbtest2 WHERE k BETWEEN 1470995 AND 1471095
	Index Only Scan using k_2 on sbtest2  (cost=0.43..6.63 rows=110 width=4)
	  Index Cond: ((k >= 1470995) AND (k <= 1471095))

table 3 : explain SELECT k FROM sbtest3 WHERE k BETWEEN 1470995 AND 1471095
	Index Only Scan using k_3 on sbtest3  (cost=0.43..6.33 rows=95 width=4)
	  Index Cond: ((k >= 1470995) AND (k <= 1471095))

table 4 : explain SELECT k FROM sbtest4 WHERE k BETWEEN 1470995 AND 1471095
	Index Only Scan using k_4 on sbtest4  (cost=0.43..6.43 rows=100 width=4)
	  Index Cond: ((k >= 1470995) AND (k <= 1471095))

table 5 : explain SELECT k FROM sbtest5 WHERE k BETWEEN 1470995 AND 1471095
	Index Only Scan using k_5 on sbtest5  (cost=0.43..6.40 rows=98 width=4)
	  Index Cond: ((k >= 1470995) AND (k <= 1471095))

table 6 : explain SELECT k FROM sbtest6 WHERE k BETWEEN 1470995 AND 1471095
	Index Only Scan using k_6 on sbtest6  (cost=0.43..6.37 rows=97 width=4)
	  Index Cond: ((k >= 1470995) AND (k <= 1471095))

table 7 : explain SELECT k FROM sbtest7 WHERE k BETWEEN 1470995 AND 1471095
	Index Only Scan using k_7 on sbtest7  (cost=0.43..10.56 rows=106 width=4)
	  Index Cond: ((k >= 1470995) AND (k <= 1471095))

table 8 : explain SELECT k FROM sbtest8 WHERE k BETWEEN 1470995 AND 1471095
	Index Only Scan using k_8 on sbtest8  (cost=0.43..6.77 rows=117 width=4)
	  Index Cond: ((k >= 1470995) AND (k <= 1471095))

for range-covered
table 1 : explain SELECT k FROM sbtest1 WHERE k BETWEEN 5503917 AND 5504017
	Index Only Scan using k_1 on sbtest1  (cost=0.43..6.42 rows=99 width=4)
	  Index Cond: ((k >= 5503917) AND (k <= 5504017))

table 2 : explain SELECT k FROM sbtest2 WHERE k BETWEEN 5503917 AND 5504017
	Index Only Scan using k_2 on sbtest2  (cost=0.43..6.43 rows=100 width=4)
	  Index Cond: ((k >= 5503917) AND (k <= 5504017))

table 3 : explain SELECT k FROM sbtest3 WHERE k BETWEEN 5503917 AND 5504017
	Index Only Scan using k_3 on sbtest3  (cost=0.43..6.45 rows=101 width=4)
	  Index Cond: ((k >= 5503917) AND (k <= 5504017))

table 4 : explain SELECT k FROM sbtest4 WHERE k BETWEEN 5503917 AND 5504017
	Index Only Scan using k_4 on sbtest4  (cost=0.43..6.27 rows=92 width=4)
	  Index Cond: ((k >= 5503917) AND (k <= 5504017))

table 5 : explain SELECT k FROM sbtest5 WHERE k BETWEEN 5503917 AND 5504017
	Index Only Scan using k_5 on sbtest5  (cost=0.43..6.40 rows=98 width=4)
	  Index Cond: ((k >= 5503917) AND (k <= 5504017))

table 6 : explain SELECT k FROM sbtest6 WHERE k BETWEEN 5503917 AND 5504017
	Index Only Scan using k_6 on sbtest6  (cost=0.43..6.37 rows=97 width=4)
	  Index Cond: ((k >= 5503917) AND (k <= 5504017))

table 7 : explain SELECT k FROM sbtest7 WHERE k BETWEEN 5503917 AND 5504017
	Index Only Scan using k_7 on sbtest7  (cost=0.43..10.58 rows=107 width=4)
	  Index Cond: ((k >= 5503917) AND (k <= 5504017))

table 8 : explain SELECT k FROM sbtest8 WHERE k BETWEEN 5503917 AND 5504017
	Index Only Scan using k_8 on sbtest8  (cost=0.43..6.50 rows=103 width=4)
	  Index Cond: ((k >= 5503917) AND (k <= 5504017))

for range-covered
table 1 : explain SELECT k FROM sbtest1 WHERE k BETWEEN 6820919 AND 6821019
	Index Only Scan using k_1 on sbtest1  (cost=0.43..6.45 rows=101 width=4)
	  Index Cond: ((k >= 6820919) AND (k <= 6821019))

table 2 : explain SELECT k FROM sbtest2 WHERE k BETWEEN 6820919 AND 6821019
	Index Only Scan using k_2 on sbtest2  (cost=0.43..6.50 rows=103 width=4)
	  Index Cond: ((k >= 6820919) AND (k <= 6821019))

table 3 : explain SELECT k FROM sbtest3 WHERE k BETWEEN 6820919 AND 6821019
	Index Only Scan using k_3 on sbtest3  (cost=0.43..6.58 rows=107 width=4)
	  Index Cond: ((k >= 6820919) AND (k <= 6821019))

table 4 : explain SELECT k FROM sbtest4 WHERE k BETWEEN 6820919 AND 6821019
	Index Only Scan using k_4 on sbtest4  (cost=0.43..6.33 rows=95 width=4)
	  Index Cond: ((k >= 6820919) AND (k <= 6821019))

table 5 : explain SELECT k FROM sbtest5 WHERE k BETWEEN 6820919 AND 6821019
	Index Only Scan using k_5 on sbtest5  (cost=0.43..6.35 rows=96 width=4)
	  Index Cond: ((k >= 6820919) AND (k <= 6821019))

table 6 : explain SELECT k FROM sbtest6 WHERE k BETWEEN 6820919 AND 6821019
	Index Only Scan using k_6 on sbtest6  (cost=0.43..6.37 rows=97 width=4)
	  Index Cond: ((k >= 6820919) AND (k <= 6821019))

table 7 : explain SELECT k FROM sbtest7 WHERE k BETWEEN 6820919 AND 6821019
	Index Only Scan using k_7 on sbtest7  (cost=0.43..10.36 rows=96 width=4)
	  Index Cond: ((k >= 6820919) AND (k <= 6821019))

table 8 : explain SELECT k FROM sbtest8 WHERE k BETWEEN 6820919 AND 6821019
	Index Only Scan using k_8 on sbtest8  (cost=0.43..6.27 rows=92 width=4)
	  Index Cond: ((k >= 6820919) AND (k <= 6821019))
explain: for range-covered :: explain SELECT k FROM sbtest%d WHERE k BETWEEN 1470995 AND 1471095
for range-covered
table 1 : explain SELECT k FROM sbtest1 WHERE k BETWEEN 3495574 AND 3495674
	Index Only Scan using k_1 on sbtest1  (cost=0.43..6.50 rows=103 width=4)
	  Index Cond: ((k >= 3495574) AND (k <= 3495674))

table 2 : explain SELECT k FROM sbtest2 WHERE k BETWEEN 3495574 AND 3495674
	Index Only Scan using k_2 on sbtest2  (cost=0.43..6.47 rows=102 width=4)
	  Index Cond: ((k >= 3495574) AND (k <= 3495674))

table 3 : explain SELECT k FROM sbtest3 WHERE k BETWEEN 3495574 AND 3495674
	Index Only Scan using k_3 on sbtest3  (cost=0.43..6.50 rows=103 width=4)
	  Index Cond: ((k >= 3495574) AND (k <= 3495674))

table 4 : explain SELECT k FROM sbtest4 WHERE k BETWEEN 3495574 AND 3495674
	Index Only Scan using k_4 on sbtest4  (cost=0.43..6.40 rows=98 width=4)
	  Index Cond: ((k >= 3495574) AND (k <= 3495674))

table 5 : explain SELECT k FROM sbtest5 WHERE k BETWEEN 3495574 AND 3495674
	Index Only Scan using k_5 on sbtest5  (cost=0.43..6.43 rows=100 width=4)
	  Index Cond: ((k >= 3495574) AND (k <= 3495674))

table 6 : explain SELECT k FROM sbtest6 WHERE k BETWEEN 3495574 AND 3495674
	Index Only Scan using k_6 on sbtest6  (cost=0.43..6.42 rows=99 width=4)
	  Index Cond: ((k >= 3495574) AND (k <= 3495674))

table 7 : explain SELECT k FROM sbtest7 WHERE k BETWEEN 3495574 AND 3495674
	Index Only Scan using k_7 on sbtest7  (cost=0.43..10.47 rows=102 width=4)
	  Index Cond: ((k >= 3495574) AND (k <= 3495674))

table 8 : explain SELECT k FROM sbtest8 WHERE k BETWEEN 3495574 AND 3495674
	Index Only Scan using k_8 on sbtest8  (cost=0.43..6.53 rows=105 width=4)
	  Index Cond: ((k >= 3495574) AND (k <= 3495674))

explain: for range-covered :: explain SELECT k FROM sbtest%d WHERE k BETWEEN 8843094 AND 8843194
for range-covered
table 1 : explain SELECT k FROM sbtest1 WHERE k BETWEEN 5898340 AND 5898440
	Index Only Scan using k_1 on sbtest1  (cost=0.43..6.35 rows=96 width=4)
	  Index Cond: ((k >= 5898340) AND (k <= 5898440))

table 2 : explain SELECT k FROM sbtest2 WHERE k BETWEEN 5898340 AND 5898440
	Index Only Scan using k_2 on sbtest2  (cost=0.43..6.51 rows=104 width=4)
	  Index Cond: ((k >= 5898340) AND (k <= 5898440))

table 3 : explain SELECT k FROM sbtest3 WHERE k BETWEEN 5898340 AND 5898440
	Index Only Scan using k_3 on sbtest3  (cost=0.43..6.40 rows=98 width=4)
	  Index Cond: ((k >= 5898340) AND (k <= 5898440))

table 4 : explain SELECT k FROM sbtest4 WHERE k BETWEEN 5898340 AND 5898440
	Index Only Scan using k_4 on sbtest4  (cost=0.43..6.69 rows=113 width=4)
	  Index Cond: ((k >= 5898340) AND (k <= 5898440))

table 5 : explain SELECT k FROM sbtest5 WHERE k BETWEEN 5898340 AND 5898440
	Index Only Scan using k_5 on sbtest5  (cost=0.43..6.42 rows=99 width=4)
	  Index Cond: ((k >= 5898340) AND (k <= 5898440))

table 6 : explain SELECT k FROM sbtest6 WHERE k BETWEEN 5898340 AND 5898440
	Index Only Scan using k_6 on sbtest6  (cost=0.43..6.63 rows=110 width=4)
	  Index Cond: ((k >= 5898340) AND (k <= 5898440))

table 7 : explain SELECT k FROM sbtest7 WHERE k BETWEEN 5898340 AND 5898440
	Index Only Scan using k_7 on sbtest7  (cost=0.43..10.46 rows=101 width=4)
	  Index Cond: ((k >= 5898340) AND (k <= 5898440))

table 8 : explain SELECT k FROM sbtest8 WHERE k BETWEEN 5898340 AND 5898440
	Index Only Scan using k_8 on sbtest8  (cost=0.43..6.29 rows=93 width=4)
	  Index Cond: ((k >= 5898340) AND (k <= 5898440))


for range-covered
table 1 : explain SELECT k FROM sbtest1 WHERE k BETWEEN 1771480 AND 1771580
	Index Only Scan using k_1 on sbtest1  (cost=0.43..6.32 rows=94 width=4)
	  Index Cond: ((k >= 1771480) AND (k <= 1771580))

table 2 : explain SELECT k FROM sbtest2 WHERE k BETWEEN 1771480 AND 1771580
	Index Only Scan using k_2 on sbtest2  (cost=0.43..6.53 rows=105 width=4)
	  Index Cond: ((k >= 1771480) AND (k <= 1771580))

table 3 : explain SELECT k FROM sbtest3 WHERE k BETWEEN 1771480 AND 1771580
	Index Only Scan using k_3 on sbtest3  (cost=0.43..6.42 rows=99 width=4)
	  Index Cond: ((k >= 1771480) AND (k <= 1771580))

table 4 : explain SELECT k FROM sbtest4 WHERE k BETWEEN 1771480 AND 1771580
	Index Only Scan using k_4 on sbtest4  (cost=0.43..6.51 rows=104 width=4)
	  Index Cond: ((k >= 1771480) AND (k <= 1771580))

table 5 : explain SELECT k FROM sbtest5 WHERE k BETWEEN 1771480 AND 1771580
	Index Only Scan using k_5 on sbtest5  (cost=0.43..6.40 rows=98 width=4)
	  Index Cond: ((k >= 1771480) AND (k <= 1771580))

table 6 : explain SELECT k FROM sbtest6 WHERE k BETWEEN 1771480 AND 1771580
	Index Only Scan using k_6 on sbtest6  (cost=0.43..6.50 rows=103 width=4)
	  Index Cond: ((k >= 1771480) AND (k <= 1771580))

table 7 : explain SELECT k FROM sbtest7 WHERE k BETWEEN 1771480 AND 1771580
	Index Only Scan using k_7 on sbtest7  (cost=0.43..10.40 rows=98 width=4)
	  Index Cond: ((k >= 1771480) AND (k <= 1771580))

table 8 : explain SELECT k FROM sbtest8 WHERE k BETWEEN 1771480 AND 1771580
	Index Only Scan using k_8 on sbtest8  (cost=0.43..6.51 rows=104 width=4)
	  Index Cond: ((k >= 1771480) AND (k <= 1771580))

explain: for range-covered :: explain SELECT k FROM sbtest%d WHERE k BETWEEN 3495574 AND 3495674
explain: for range-covered :: explain SELECT k FROM sbtest%d WHERE k BETWEEN 5898340 AND 5898440
explain: for range-covered :: explain SELECT k FROM sbtest%d WHERE k BETWEEN 5503917 AND 5504017
explain: for range-covered :: explain SELECT k FROM sbtest%d WHERE k BETWEEN 6820919 AND 6821019
for range-covered
table 1 : explain SELECT k FROM sbtest1 WHERE k BETWEEN 2243344 AND 2243444
	Index Only Scan using k_1 on sbtest1  (cost=0.43..6.53 rows=105 width=4)
	  Index Cond: ((k >= 2243344) AND (k <= 2243444))

table 2 : explain SELECT k FROM sbtest2 WHERE k BETWEEN 2243344 AND 2243444
	Index Only Scan using k_2 on sbtest2  (cost=0.43..6.56 rows=106 width=4)
	  Index Cond: ((k >= 2243344) AND (k <= 2243444))

table 3 : explain SELECT k FROM sbtest3 WHERE k BETWEEN 2243344 AND 2243444
	Index Only Scan using k_3 on sbtest3  (cost=0.43..6.35 rows=96 width=4)
	  Index Cond: ((k >= 2243344) AND (k <= 2243444))

table 4 : explain SELECT k FROM sbtest4 WHERE k BETWEEN 2243344 AND 2243444
	Index Only Scan using k_4 on sbtest4  (cost=0.43..6.40 rows=98 width=4)
	  Index Cond: ((k >= 2243344) AND (k <= 2243444))

table 5 : explain SELECT k FROM sbtest5 WHERE k BETWEEN 2243344 AND 2243444
	Index Only Scan using k_5 on sbtest5  (cost=0.43..6.32 rows=94 width=4)
	  Index Cond: ((k >= 2243344) AND (k <= 2243444))

table 6 : explain SELECT k FROM sbtest6 WHERE k BETWEEN 2243344 AND 2243444
	Index Only Scan using k_6 on sbtest6  (cost=0.43..6.40 rows=98 width=4)
	  Index Cond: ((k >= 2243344) AND (k <= 2243444))

table 7 : explain SELECT k FROM sbtest7 WHERE k BETWEEN 2243344 AND 2243444
	Index Only Scan using k_7 on sbtest7  (cost=0.43..10.58 rows=107 width=4)
	  Index Cond: ((k >= 2243344) AND (k <= 2243444))

table 8 : explain SELECT k FROM sbtest8 WHERE k BETWEEN 2243344 AND 2243444
	Index Only Scan using k_8 on sbtest8  (cost=0.43..6.53 rows=105 width=4)
	  Index Cond: ((k >= 2243344) AND (k <= 2243444))

explain: for range-covered :: explain SELECT k FROM sbtest%d WHERE k BETWEEN 2243344 AND 2243444
for range-covered
table 1 : explain SELECT k FROM sbtest1 WHERE k BETWEEN 1470995 AND 1471095
	Index Only Scan using k_1 on sbtest1  (cost=0.43..6.47 rows=102 width=4)
	  Index Cond: ((k >= 1470995) AND (k <= 1471095))

table 2 : explain SELECT k FROM sbtest2 WHERE k BETWEEN 1470995 AND 1471095
	Index Only Scan using k_2 on sbtest2  (cost=0.43..6.63 rows=110 width=4)
	  Index Cond: ((k >= 1470995) AND (k <= 1471095))

table 3 : explain SELECT k FROM sbtest3 WHERE k BETWEEN 1470995 AND 1471095
	Index Only Scan using k_3 on sbtest3  (cost=0.43..6.33 rows=95 width=4)
	  Index Cond: ((k >= 1470995) AND (k <= 1471095))

table 4 : explain SELECT k FROM sbtest4 WHERE k BETWEEN 1470995 AND 1471095
	Index Only Scan using k_4 on sbtest4  (cost=0.43..6.43 rows=100 width=4)
	  Index Cond: ((k >= 1470995) AND (k <= 1471095))

table 5 : explain SELECT k FROM sbtest5 WHERE k BETWEEN 1470995 AND 1471095
	Index Only Scan using k_5 on sbtest5  (cost=0.43..6.40 rows=98 width=4)
	  Index Cond: ((k >= 1470995) AND (k <= 1471095))

table 6 : explain SELECT k FROM sbtest6 WHERE k BETWEEN 1470995 AND 1471095
	Index Only Scan using k_6 on sbtest6  (cost=0.43..6.37 rows=97 width=4)
	  Index Cond: ((k >= 1470995) AND (k <= 1471095))

table 7 : explain SELECT k FROM sbtest7 WHERE k BETWEEN 1470995 AND 1471095
	Index Only Scan using k_7 on sbtest7  (cost=0.43..10.56 rows=106 width=4)
	  Index Cond: ((k >= 1470995) AND (k <= 1471095))

table 8 : explain SELECT k FROM sbtest8 WHERE k BETWEEN 1470995 AND 1471095
	Index Only Scan using k_8 on sbtest8  (cost=0.43..6.77 rows=117 width=4)
	  Index Cond: ((k >= 1470995) AND (k <= 1471095))

explain: for range-covered :: explain SELECT k FROM sbtest%d WHERE k BETWEEN 1470995 AND 1471095
for range-covered
table 1 : explain SELECT k FROM sbtest1 WHERE k BETWEEN 3495574 AND 3495674
	Index Only Scan using k_1 on sbtest1  (cost=0.43..6.50 rows=103 width=4)
	  Index Cond: ((k >= 3495574) AND (k <= 3495674))

table 2 : explain SELECT k FROM sbtest2 WHERE k BETWEEN 3495574 AND 3495674
	Index Only Scan using k_2 on sbtest2  (cost=0.43..6.47 rows=102 width=4)
	  Index Cond: ((k >= 3495574) AND (k <= 3495674))

table 3 : explain SELECT k FROM sbtest3 WHERE k BETWEEN 3495574 AND 3495674
	Index Only Scan using k_3 on sbtest3  (cost=0.43..6.50 rows=103 width=4)
	  Index Cond: ((k >= 3495574) AND (k <= 3495674))

table 4 : explain SELECT k FROM sbtest4 WHERE k BETWEEN 3495574 AND 3495674
	Index Only Scan using k_4 on sbtest4  (cost=0.43..6.40 rows=98 width=4)
	  Index Cond: ((k >= 3495574) AND (k <= 3495674))

table 5 : explain SELECT k FROM sbtest5 WHERE k BETWEEN 3495574 AND 3495674
	Index Only Scan using k_5 on sbtest5  (cost=0.43..6.43 rows=100 width=4)
	  Index Cond: ((k >= 3495574) AND (k <= 3495674))

table 6 : explain SELECT k FROM sbtest6 WHERE k BETWEEN 3495574 AND 3495674
	Index Only Scan using k_6 on sbtest6  (cost=0.43..6.42 rows=99 width=4)
	  Index Cond: ((k >= 3495574) AND (k <= 3495674))

table 7 : explain SELECT k FROM sbtest7 WHERE k BETWEEN 3495574 AND 3495674
	Index Only Scan using k_7 on sbtest7  (cost=0.43..10.47 rows=102 width=4)
	  Index Cond: ((k >= 3495574) AND (k <= 3495674))

table 8 : explain SELECT k FROM sbtest8 WHERE k BETWEEN 3495574 AND 3495674
	Index Only Scan using k_8 on sbtest8  (cost=0.43..6.53 rows=105 width=4)
	  Index Cond: ((k >= 3495574) AND (k <= 3495674))

for range-covered
table 1 : explain SELECT k FROM sbtest1 WHERE k BETWEEN 5898340 AND 5898440
	Index Only Scan using k_1 on sbtest1  (cost=0.43..6.35 rows=96 width=4)
	  Index Cond: ((k >= 5898340) AND (k <= 5898440))

table 2 : explain SELECT k FROM sbtest2 WHERE k BETWEEN 5898340 AND 5898440
	Index Only Scan using k_2 on sbtest2  (cost=0.43..6.51 rows=104 width=4)
	  Index Cond: ((k >= 5898340) AND (k <= 5898440))

table 3 : explain SELECT k FROM sbtest3 WHERE k BETWEEN 5898340 AND 5898440
	Index Only Scan using k_3 on sbtest3  (cost=0.43..6.40 rows=98 width=4)
	  Index Cond: ((k >= 5898340) AND (k <= 5898440))

table 4 : explain SELECT k FROM sbtest4 WHERE k BETWEEN 5898340 AND 5898440
	Index Only Scan using k_4 on sbtest4  (cost=0.43..6.69 rows=113 width=4)
	  Index Cond: ((k >= 5898340) AND (k <= 5898440))

table 5 : explain SELECT k FROM sbtest5 WHERE k BETWEEN 5898340 AND 5898440
	Index Only Scan using k_5 on sbtest5  (cost=0.43..6.42 rows=99 width=4)
	  Index Cond: ((k >= 5898340) AND (k <= 5898440))

table 6 : explain SELECT k FROM sbtest6 WHERE k BETWEEN 5898340 AND 5898440
	Index Only Scan using k_6 on sbtest6  (cost=0.43..6.63 rows=110 width=4)
	  Index Cond: ((k >= 5898340) AND (k <= 5898440))

table 7 : explain SELECT k FROM sbtest7 WHERE k BETWEEN 5898340 AND 5898440
	Index Only Scan using k_7 on sbtest7  (cost=0.43..10.46 rows=101 width=4)
	  Index Cond: ((k >= 5898340) AND (k <= 5898440))

table 8 : explain SELECT k FROM sbtest8 WHERE k BETWEEN 5898340 AND 5898440
	Index Only Scan using k_8 on sbtest8  (cost=0.43..6.29 rows=93 width=4)
	  Index Cond: ((k >= 5898340) AND (k <= 5898440))

for range-covered
table 1 : explain SELECT k FROM sbtest1 WHERE k BETWEEN 8843094 AND 8843194
	Index Only Scan using k_1 on sbtest1  (cost=0.43..6.45 rows=101 width=4)
	  Index Cond: ((k >= 8843094) AND (k <= 8843194))

table 2 : explain SELECT k FROM sbtest2 WHERE k BETWEEN 8843094 AND 8843194
	Index Only Scan using k_2 on sbtest2  (cost=0.43..6.74 rows=115 width=4)
	  Index Cond: ((k >= 8843094) AND (k <= 8843194))

table 3 : explain SELECT k FROM sbtest3 WHERE k BETWEEN 8843094 AND 8843194
	Index Only Scan using k_3 on sbtest3  (cost=0.43..6.58 rows=107 width=4)
	  Index Cond: ((k >= 8843094) AND (k <= 8843194))

table 4 : explain SELECT k FROM sbtest4 WHERE k BETWEEN 8843094 AND 8843194
	Index Only Scan using k_4 on sbtest4  (cost=0.43..6.51 rows=104 width=4)
	  Index Cond: ((k >= 8843094) AND (k <= 8843194))

table 5 : explain SELECT k FROM sbtest5 WHERE k BETWEEN 8843094 AND 8843194
	Index Only Scan using k_5 on sbtest5  (cost=0.43..6.69 rows=113 width=4)
	  Index Cond: ((k >= 8843094) AND (k <= 8843194))

table 6 : explain SELECT k FROM sbtest6 WHERE k BETWEEN 8843094 AND 8843194
	Index Only Scan using k_6 on sbtest6  (cost=0.43..6.53 rows=105 width=4)
	  Index Cond: ((k >= 8843094) AND (k <= 8843194))

table 7 : explain SELECT k FROM sbtest7 WHERE k BETWEEN 8843094 AND 8843194
	Index Only Scan using k_7 on sbtest7  (cost=0.43..10.24 rows=90 width=4)
	  Index Cond: ((k >= 8843094) AND (k <= 8843194))

table 8 : explain SELECT k FROM sbtest8 WHERE k BETWEEN 8843094 AND 8843194
	Index Only Scan using k_8 on sbtest8  (cost=0.43..6.50 rows=103 width=4)
	  Index Cond: ((k >= 8843094) AND (k <= 8843194))

explain: for range-covered :: explain SELECT k FROM sbtest%d WHERE k BETWEEN 3495574 AND 3495674
explain: for range-covered :: explain SELECT k FROM sbtest%d WHERE k BETWEEN 5898340 AND 5898440
for range-covered
table 1 : explain SELECT k FROM sbtest1 WHERE k BETWEEN 6820919 AND 6821019
	Index Only Scan using k_1 on sbtest1  (cost=0.43..6.45 rows=101 width=4)
	  Index Cond: ((k >= 6820919) AND (k <= 6821019))

table 2 : explain SELECT k FROM sbtest2 WHERE k BETWEEN 6820919 AND 6821019
	Index Only Scan using k_2 on sbtest2  (cost=0.43..6.50 rows=103 width=4)
	  Index Cond: ((k >= 6820919) AND (k <= 6821019))

table 3 : explain SELECT k FROM sbtest3 WHERE k BETWEEN 6820919 AND 6821019
	Index Only Scan using k_3 on sbtest3  (cost=0.43..6.58 rows=107 width=4)
	  Index Cond: ((k >= 6820919) AND (k <= 6821019))

table 4 : explain SELECT k FROM sbtest4 WHERE k BETWEEN 6820919 AND 6821019
	Index Only Scan using k_4 on sbtest4  (cost=0.43..6.33 rows=95 width=4)
	  Index Cond: ((k >= 6820919) AND (k <= 6821019))

table 5 : explain SELECT k FROM sbtest5 WHERE k BETWEEN 6820919 AND 6821019
	Index Only Scan using k_5 on sbtest5  (cost=0.43..6.35 rows=96 width=4)
	  Index Cond: ((k >= 6820919) AND (k <= 6821019))

table 6 : explain SELECT k FROM sbtest6 WHERE k BETWEEN 6820919 AND 6821019
	Index Only Scan using k_6 on sbtest6  (cost=0.43..6.37 rows=97 width=4)
	  Index Cond: ((k >= 6820919) AND (k <= 6821019))

table 7 : explain SELECT k FROM sbtest7 WHERE k BETWEEN 6820919 AND 6821019
	Index Only Scan using k_7 on sbtest7  (cost=0.43..10.36 rows=96 width=4)
	  Index Cond: ((k >= 6820919) AND (k <= 6821019))

table 8 : explain SELECT k FROM sbtest8 WHERE k BETWEEN 6820919 AND 6821019
	Index Only Scan using k_8 on sbtest8  (cost=0.43..6.27 rows=92 width=4)
	  Index Cond: ((k >= 6820919) AND (k <= 6821019))

explain: for range-covered :: explain SELECT k FROM sbtest%d WHERE k BETWEEN 8843094 AND 8843194
for range-covered
table 1 : explain SELECT k FROM sbtest1 WHERE k BETWEEN 2243344 AND 2243444
	Index Only Scan using k_1 on sbtest1  (cost=0.43..6.53 rows=105 width=4)
	  Index Cond: ((k >= 2243344) AND (k <= 2243444))

table 2 : explain SELECT k FROM sbtest2 WHERE k BETWEEN 2243344 AND 2243444
	Index Only Scan using k_2 on sbtest2  (cost=0.43..6.56 rows=106 width=4)
	  Index Cond: ((k >= 2243344) AND (k <= 2243444))

table 3 : explain SELECT k FROM sbtest3 WHERE k BETWEEN 2243344 AND 2243444
	Index Only Scan using k_3 on sbtest3  (cost=0.43..6.35 rows=96 width=4)
	  Index Cond: ((k >= 2243344) AND (k <= 2243444))

table 4 : explain SELECT k FROM sbtest4 WHERE k BETWEEN 2243344 AND 2243444
	Index Only Scan using k_4 on sbtest4  (cost=0.43..6.40 rows=98 width=4)
	  Index Cond: ((k >= 2243344) AND (k <= 2243444))

table 5 : explain SELECT k FROM sbtest5 WHERE k BETWEEN 2243344 AND 2243444
	Index Only Scan using k_5 on sbtest5  (cost=0.43..6.32 rows=94 width=4)
	  Index Cond: ((k >= 2243344) AND (k <= 2243444))

table 6 : explain SELECT k FROM sbtest6 WHERE k BETWEEN 2243344 AND 2243444
	Index Only Scan using k_6 on sbtest6  (cost=0.43..6.40 rows=98 width=4)
	  Index Cond: ((k >= 2243344) AND (k <= 2243444))

table 7 : explain SELECT k FROM sbtest7 WHERE k BETWEEN 2243344 AND 2243444
	Index Only Scan using k_7 on sbtest7  (cost=0.43..10.58 rows=107 width=4)
	  Index Cond: ((k >= 2243344) AND (k <= 2243444))

table 8 : explain SELECT k FROM sbtest8 WHERE k BETWEEN 2243344 AND 2243444
	Index Only Scan using k_8 on sbtest8  (cost=0.43..6.53 rows=105 width=4)
	  Index Cond: ((k >= 2243344) AND (k <= 2243444))

for range-covered
table 1 : explain SELECT k FROM sbtest1 WHERE k BETWEEN 5719060 AND 5719160
	Index Only Scan using k_1 on sbtest1  (cost=0.43..6.50 rows=103 width=4)
	  Index Cond: ((k >= 5719060) AND (k <= 5719160))

table 2 : explain SELECT k FROM sbtest2 WHERE k BETWEEN 5719060 AND 5719160
	Index Only Scan using k_2 on sbtest2  (cost=0.43..6.53 rows=105 width=4)
	  Index Cond: ((k >= 5719060) AND (k <= 5719160))

table 3 : explain SELECT k FROM sbtest3 WHERE k BETWEEN 5719060 AND 5719160
	Index Only Scan using k_3 on sbtest3  (cost=0.43..6.53 rows=105 width=4)
	  Index Cond: ((k >= 5719060) AND (k <= 5719160))

table 4 : explain SELECT k FROM sbtest4 WHERE k BETWEEN 5719060 AND 5719160
	Index Only Scan using k_4 on sbtest4  (cost=0.43..6.35 rows=96 width=4)
	  Index Cond: ((k >= 5719060) AND (k <= 5719160))

table 5 : explain SELECT k FROM sbtest5 WHERE k BETWEEN 5719060 AND 5719160
	Index Only Scan using k_5 on sbtest5  (cost=0.43..6.58 rows=107 width=4)
	  Index Cond: ((k >= 5719060) AND (k <= 5719160))

table 6 : explain SELECT k FROM sbtest6 WHERE k BETWEEN 5719060 AND 5719160
	Index Only Scan using k_6 on sbtest6  (cost=0.43..6.33 rows=95 width=4)
	  Index Cond: ((k >= 5719060) AND (k <= 5719160))

table 7 : explain SELECT k FROM sbtest7 WHERE k BETWEEN 5719060 AND 5719160
	Index Only Scan using k_7 on sbtest7  (cost=0.43..10.56 rows=106 width=4)
	  Index Cond: ((k >= 5719060) AND (k <= 5719160))

table 8 : explain SELECT k FROM sbtest8 WHERE k BETWEEN 5719060 AND 5719160
	Index Only Scan using k_8 on sbtest8  (cost=0.43..6.56 rows=106 width=4)
	  Index Cond: ((k >= 5719060) AND (k <= 5719160))

explain: for range-covered :: explain SELECT k FROM sbtest%d WHERE k BETWEEN 2243344 AND 2243444
for range-covered
table 1 : explain SELECT k FROM sbtest1 WHERE k BETWEEN 1470995 AND 1471095
	Index Only Scan using k_1 on sbtest1  (cost=0.43..6.47 rows=102 width=4)
	  Index Cond: ((k >= 1470995) AND (k <= 1471095))

table 2 : explain SELECT k FROM sbtest2 WHERE k BETWEEN 1470995 AND 1471095
	Index Only Scan using k_2 on sbtest2  (cost=0.43..6.63 rows=110 width=4)
	  Index Cond: ((k >= 1470995) AND (k <= 1471095))

table 3 : explain SELECT k FROM sbtest3 WHERE k BETWEEN 1470995 AND 1471095
	Index Only Scan using k_3 on sbtest3  (cost=0.43..6.33 rows=95 width=4)
	  Index Cond: ((k >= 1470995) AND (k <= 1471095))

table 4 : explain SELECT k FROM sbtest4 WHERE k BETWEEN 1470995 AND 1471095
	Index Only Scan using k_4 on sbtest4  (cost=0.43..6.43 rows=100 width=4)
	  Index Cond: ((k >= 1470995) AND (k <= 1471095))

table 5 : explain SELECT k FROM sbtest5 WHERE k BETWEEN 1470995 AND 1471095
	Index Only Scan using k_5 on sbtest5  (cost=0.43..6.40 rows=98 width=4)
	  Index Cond: ((k >= 1470995) AND (k <= 1471095))

table 6 : explain SELECT k FROM sbtest6 WHERE k BETWEEN 1470995 AND 1471095
	Index Only Scan using k_6 on sbtest6  (cost=0.43..6.37 rows=97 width=4)
	  Index Cond: ((k >= 1470995) AND (k <= 1471095))

table 7 : explain SELECT k FROM sbtest7 WHERE k BETWEEN 1470995 AND 1471095
	Index Only Scan using k_7 on sbtest7  (cost=0.43..10.56 rows=106 width=4)
	  Index Cond: ((k >= 1470995) AND (k <= 1471095))

table 8 : explain SELECT k FROM sbtest8 WHERE k BETWEEN 1470995 AND 1471095
	Index Only Scan using k_8 on sbtest8  (cost=0.43..6.77 rows=117 width=4)
	  Index Cond: ((k >= 1470995) AND (k <= 1471095))

explain: for range-covered :: explain SELECT k FROM sbtest%d WHERE k BETWEEN 5719060 AND 5719160
for range-covered
table 1 : explain SELECT k FROM sbtest1 WHERE k BETWEEN 3495574 AND 3495674
	Index Only Scan using k_1 on sbtest1  (cost=0.43..6.50 rows=103 width=4)
	  Index Cond: ((k >= 3495574) AND (k <= 3495674))

table 2 : explain SELECT k FROM sbtest2 WHERE k BETWEEN 3495574 AND 3495674
	Index Only Scan using k_2 on sbtest2  (cost=0.43..6.47 rows=102 width=4)
	  Index Cond: ((k >= 3495574) AND (k <= 3495674))

table 3 : explain SELECT k FROM sbtest3 WHERE k BETWEEN 3495574 AND 3495674
	Index Only Scan using k_3 on sbtest3  (cost=0.43..6.50 rows=103 width=4)
	  Index Cond: ((k >= 3495574) AND (k <= 3495674))

table 4 : explain SELECT k FROM sbtest4 WHERE k BETWEEN 3495574 AND 3495674
	Index Only Scan using k_4 on sbtest4  (cost=0.43..6.40 rows=98 width=4)
	  Index Cond: ((k >= 3495574) AND (k <= 3495674))

table 5 : explain SELECT k FROM sbtest5 WHERE k BETWEEN 3495574 AND 3495674
	Index Only Scan using k_5 on sbtest5  (cost=0.43..6.43 rows=100 width=4)
	  Index Cond: ((k >= 3495574) AND (k <= 3495674))

table 6 : explain SELECT k FROM sbtest6 WHERE k BETWEEN 3495574 AND 3495674
	Index Only Scan using k_6 on sbtest6  (cost=0.43..6.42 rows=99 width=4)
	  Index Cond: ((k >= 3495574) AND (k <= 3495674))

table 7 : explain SELECT k FROM sbtest7 WHERE k BETWEEN 3495574 AND 3495674
	Index Only Scan using k_7 on sbtest7  (cost=0.43..10.47 rows=102 width=4)
	  Index Cond: ((k >= 3495574) AND (k <= 3495674))

table 8 : explain SELECT k FROM sbtest8 WHERE k BETWEEN 3495574 AND 3495674
	Index Only Scan using k_8 on sbtest8  (cost=0.43..6.53 rows=105 width=4)
	  Index Cond: ((k >= 3495574) AND (k <= 3495674))

for range-covered
table 1 : explain SELECT k FROM sbtest1 WHERE k BETWEEN 2101210 AND 2101310
	Index Only Scan using k_1 on sbtest1  (cost=0.43..6.42 rows=99 width=4)
	  Index Cond: ((k >= 2101210) AND (k <= 2101310))

table 2 : explain SELECT k FROM sbtest2 WHERE k BETWEEN 2101210 AND 2101310
	Index Only Scan using k_2 on sbtest2  (cost=0.43..6.27 rows=92 width=4)
	  Index Cond: ((k >= 2101210) AND (k <= 2101310))

table 3 : explain SELECT k FROM sbtest3 WHERE k BETWEEN 2101210 AND 2101310
	Index Only Scan using k_3 on sbtest3  (cost=0.43..6.45 rows=101 width=4)
	  Index Cond: ((k >= 2101210) AND (k <= 2101310))

table 4 : explain SELECT k FROM sbtest4 WHERE k BETWEEN 2101210 AND 2101310
	Index Only Scan using k_4 on sbtest4  (cost=0.43..6.33 rows=95 width=4)
	  Index Cond: ((k >= 2101210) AND (k <= 2101310))

table 5 : explain SELECT k FROM sbtest5 WHERE k BETWEEN 2101210 AND 2101310
	Index Only Scan using k_5 on sbtest5  (cost=0.43..6.61 rows=109 width=4)
	  Index Cond: ((k >= 2101210) AND (k <= 2101310))

table 6 : explain SELECT k FROM sbtest6 WHERE k BETWEEN 2101210 AND 2101310
	Index Only Scan using k_6 on sbtest6  (cost=0.43..6.43 rows=100 width=4)
	  Index Cond: ((k >= 2101210) AND (k <= 2101310))

table 7 : explain SELECT k FROM sbtest7 WHERE k BETWEEN 2101210 AND 2101310
	Index Only Scan using k_7 on sbtest7  (cost=0.43..10.47 rows=102 width=4)
	  Index Cond: ((k >= 2101210) AND (k <= 2101310))

table 8 : explain SELECT k FROM sbtest8 WHERE k BETWEEN 2101210 AND 2101310
	Index Only Scan using k_8 on sbtest8  (cost=0.43..6.43 rows=100 width=4)
	  Index Cond: ((k >= 2101210) AND (k <= 2101310))

for range-covered
table 1 : explain SELECT k FROM sbtest1 WHERE k BETWEEN 5898340 AND 5898440
	Index Only Scan using k_1 on sbtest1  (cost=0.43..6.35 rows=96 width=4)
	  Index Cond: ((k >= 5898340) AND (k <= 5898440))

table 2 : explain SELECT k FROM sbtest2 WHERE k BETWEEN 5898340 AND 5898440
	Index Only Scan using k_2 on sbtest2  (cost=0.43..6.51 rows=104 width=4)
	  Index Cond: ((k >= 5898340) AND (k <= 5898440))

table 3 : explain SELECT k FROM sbtest3 WHERE k BETWEEN 5898340 AND 5898440
	Index Only Scan using k_3 on sbtest3  (cost=0.43..6.40 rows=98 width=4)
	  Index Cond: ((k >= 5898340) AND (k <= 5898440))

table 4 : explain SELECT k FROM sbtest4 WHERE k BETWEEN 5898340 AND 5898440
	Index Only Scan using k_4 on sbtest4  (cost=0.43..6.69 rows=113 width=4)
	  Index Cond: ((k >= 5898340) AND (k <= 5898440))

table 5 : explain SELECT k FROM sbtest5 WHERE k BETWEEN 5898340 AND 5898440
	Index Only Scan using k_5 on sbtest5  (cost=0.43..6.42 rows=99 width=4)
	  Index Cond: ((k >= 5898340) AND (k <= 5898440))

table 6 : explain SELECT k FROM sbtest6 WHERE k BETWEEN 5898340 AND 5898440
	Index Only Scan using k_6 on sbtest6  (cost=0.43..6.63 rows=110 width=4)
	  Index Cond: ((k >= 5898340) AND (k <= 5898440))

table 7 : explain SELECT k FROM sbtest7 WHERE k BETWEEN 5898340 AND 5898440
	Index Only Scan using k_7 on sbtest7  (cost=0.43..10.46 rows=101 width=4)
	  Index Cond: ((k >= 5898340) AND (k <= 5898440))

table 8 : explain SELECT k FROM sbtest8 WHERE k BETWEEN 5898340 AND 5898440
	Index Only Scan using k_8 on sbtest8  (cost=0.43..6.29 rows=93 width=4)
	  Index Cond: ((k >= 5898340) AND (k <= 5898440))

for range-covered
table 1 : explain SELECT k FROM sbtest1 WHERE k BETWEEN 5503917 AND 5504017
	Index Only Scan using k_1 on sbtest1  (cost=0.43..6.42 rows=99 width=4)
	  Index Cond: ((k >= 5503917) AND (k <= 5504017))

table 2 : explain SELECT k FROM sbtest2 WHERE k BETWEEN 5503917 AND 5504017
	Index Only Scan using k_2 on sbtest2  (cost=0.43..6.43 rows=100 width=4)
	  Index Cond: ((k >= 5503917) AND (k <= 5504017))

table 3 : explain SELECT k FROM sbtest3 WHERE k BETWEEN 5503917 AND 5504017
	Index Only Scan using k_3 on sbtest3  (cost=0.43..6.45 rows=101 width=4)
	  Index Cond: ((k >= 5503917) AND (k <= 5504017))

table 4 : explain SELECT k FROM sbtest4 WHERE k BETWEEN 5503917 AND 5504017
	Index Only Scan using k_4 on sbtest4  (cost=0.43..6.27 rows=92 width=4)
	  Index Cond: ((k >= 5503917) AND (k <= 5504017))

table 5 : explain SELECT k FROM sbtest5 WHERE k BETWEEN 5503917 AND 5504017
	Index Only Scan using k_5 on sbtest5  (cost=0.43..6.40 rows=98 width=4)
	  Index Cond: ((k >= 5503917) AND (k <= 5504017))

table 6 : explain SELECT k FROM sbtest6 WHERE k BETWEEN 5503917 AND 5504017
	Index Only Scan using k_6 on sbtest6  (cost=0.43..6.37 rows=97 width=4)
	  Index Cond: ((k >= 5503917) AND (k <= 5504017))

table 7 : explain SELECT k FROM sbtest7 WHERE k BETWEEN 5503917 AND 5504017
	Index Only Scan using k_7 on sbtest7  (cost=0.43..10.58 rows=107 width=4)
	  Index Cond: ((k >= 5503917) AND (k <= 5504017))

table 8 : explain SELECT k FROM sbtest8 WHERE k BETWEEN 5503917 AND 5504017
	Index Only Scan using k_8 on sbtest8  (cost=0.43..6.50 rows=103 width=4)
	  Index Cond: ((k >= 5503917) AND (k <= 5504017))
for range-covered
table 1 : explain SELECT k FROM sbtest1 WHERE k BETWEEN 8843094 AND 8843194
	Index Only Scan using k_1 on sbtest1  (cost=0.43..6.45 rows=101 width=4)
	  Index Cond: ((k >= 8843094) AND (k <= 8843194))

table 2 : explain SELECT k FROM sbtest2 WHERE k BETWEEN 8843094 AND 8843194
	Index Only Scan using k_2 on sbtest2  (cost=0.43..6.74 rows=115 width=4)
	  Index Cond: ((k >= 8843094) AND (k <= 8843194))

table 3 : explain SELECT k FROM sbtest3 WHERE k BETWEEN 8843094 AND 8843194
	Index Only Scan using k_3 on sbtest3  (cost=0.43..6.58 rows=107 width=4)
	  Index Cond: ((k >= 8843094) AND (k <= 8843194))

table 4 : explain SELECT k FROM sbtest4 WHERE k BETWEEN 8843094 AND 8843194
	Index Only Scan using k_4 on sbtest4  (cost=0.43..6.51 rows=104 width=4)
	  Index Cond: ((k >= 8843094) AND (k <= 8843194))

table 5 : explain SELECT k FROM sbtest5 WHERE k BETWEEN 8843094 AND 8843194
	Index Only Scan using k_5 on sbtest5  (cost=0.43..6.69 rows=113 width=4)
	  Index Cond: ((k >= 8843094) AND (k <= 8843194))

table 6 : explain SELECT k FROM sbtest6 WHERE k BETWEEN 8843094 AND 8843194
	Index Only Scan using k_6 on sbtest6  (cost=0.43..6.53 rows=105 width=4)
	  Index Cond: ((k >= 8843094) AND (k <= 8843194))

table 7 : explain SELECT k FROM sbtest7 WHERE k BETWEEN 8843094 AND 8843194
	Index Only Scan using k_7 on sbtest7  (cost=0.43..10.24 rows=90 width=4)
	  Index Cond: ((k >= 8843094) AND (k <= 8843194))

table 8 : explain SELECT k FROM sbtest8 WHERE k BETWEEN 8843094 AND 8843194
	Index Only Scan using k_8 on sbtest8  (cost=0.43..6.50 rows=103 width=4)
	  Index Cond: ((k >= 8843094) AND (k <= 8843194))


explain: for range-covered :: explain SELECT k FROM sbtest%d WHERE k BETWEEN 3495574 AND 3495674
explain: for range-covered :: explain SELECT k FROM sbtest%d WHERE k BETWEEN 5898340 AND 5898440
explain: for range-covered :: explain SELECT k FROM sbtest%d WHERE k BETWEEN 2101210 AND 2101310
explain: for range-covered :: explain SELECT k FROM sbtest%d WHERE k BETWEEN 8843094 AND 8843194
explain: for range-covered :: explain SELECT k FROM sbtest%d WHERE k BETWEEN 5503917 AND 5504017
for range-covered
table 1 : explain SELECT k FROM sbtest1 WHERE k BETWEEN 2243344 AND 2243444
	Index Only Scan using k_1 on sbtest1  (cost=0.43..6.53 rows=105 width=4)
	  Index Cond: ((k >= 2243344) AND (k <= 2243444))

table 2 : explain SELECT k FROM sbtest2 WHERE k BETWEEN 2243344 AND 2243444
	Index Only Scan using k_2 on sbtest2  (cost=0.43..6.56 rows=106 width=4)
	  Index Cond: ((k >= 2243344) AND (k <= 2243444))

table 3 : explain SELECT k FROM sbtest3 WHERE k BETWEEN 2243344 AND 2243444
	Index Only Scan using k_3 on sbtest3  (cost=0.43..6.35 rows=96 width=4)
	  Index Cond: ((k >= 2243344) AND (k <= 2243444))

table 4 : explain SELECT k FROM sbtest4 WHERE k BETWEEN 2243344 AND 2243444
	Index Only Scan using k_4 on sbtest4  (cost=0.43..6.40 rows=98 width=4)
	  Index Cond: ((k >= 2243344) AND (k <= 2243444))

table 5 : explain SELECT k FROM sbtest5 WHERE k BETWEEN 2243344 AND 2243444
	Index Only Scan using k_5 on sbtest5  (cost=0.43..6.32 rows=94 width=4)
	  Index Cond: ((k >= 2243344) AND (k <= 2243444))

table 6 : explain SELECT k FROM sbtest6 WHERE k BETWEEN 2243344 AND 2243444
	Index Only Scan using k_6 on sbtest6  (cost=0.43..6.40 rows=98 width=4)
	  Index Cond: ((k >= 2243344) AND (k <= 2243444))

table 7 : explain SELECT k FROM sbtest7 WHERE k BETWEEN 2243344 AND 2243444
	Index Only Scan using k_7 on sbtest7  (cost=0.43..10.58 rows=107 width=4)
	  Index Cond: ((k >= 2243344) AND (k <= 2243444))

table 8 : explain SELECT k FROM sbtest8 WHERE k BETWEEN 2243344 AND 2243444
	Index Only Scan using k_8 on sbtest8  (cost=0.43..6.53 rows=105 width=4)
	  Index Cond: ((k >= 2243344) AND (k <= 2243444))

explain: for range-covered :: explain SELECT k FROM sbtest%d WHERE k BETWEEN 2243344 AND 2243444
for range-covered
table 1 : explain SELECT k FROM sbtest1 WHERE k BETWEEN 3495574 AND 3495674
	Index Only Scan using k_1 on sbtest1  (cost=0.43..6.50 rows=103 width=4)
	  Index Cond: ((k >= 3495574) AND (k <= 3495674))

table 2 : explain SELECT k FROM sbtest2 WHERE k BETWEEN 3495574 AND 3495674
	Index Only Scan using k_2 on sbtest2  (cost=0.43..6.47 rows=102 width=4)
	  Index Cond: ((k >= 3495574) AND (k <= 3495674))

table 3 : explain SELECT k FROM sbtest3 WHERE k BETWEEN 3495574 AND 3495674
	Index Only Scan using k_3 on sbtest3  (cost=0.43..6.50 rows=103 width=4)
	  Index Cond: ((k >= 3495574) AND (k <= 3495674))

table 4 : explain SELECT k FROM sbtest4 WHERE k BETWEEN 3495574 AND 3495674
	Index Only Scan using k_4 on sbtest4  (cost=0.43..6.40 rows=98 width=4)
	  Index Cond: ((k >= 3495574) AND (k <= 3495674))

table 5 : explain SELECT k FROM sbtest5 WHERE k BETWEEN 3495574 AND 3495674
	Index Only Scan using k_5 on sbtest5  (cost=0.43..6.43 rows=100 width=4)
	  Index Cond: ((k >= 3495574) AND (k <= 3495674))

table 6 : explain SELECT k FROM sbtest6 WHERE k BETWEEN 3495574 AND 3495674
	Index Only Scan using k_6 on sbtest6  (cost=0.43..6.42 rows=99 width=4)
	  Index Cond: ((k >= 3495574) AND (k <= 3495674))

table 7 : explain SELECT k FROM sbtest7 WHERE k BETWEEN 3495574 AND 3495674
	Index Only Scan using k_7 on sbtest7  (cost=0.43..10.47 rows=102 width=4)
	  Index Cond: ((k >= 3495574) AND (k <= 3495674))

table 8 : explain SELECT k FROM sbtest8 WHERE k BETWEEN 3495574 AND 3495674
	Index Only Scan using k_8 on sbtest8  (cost=0.43..6.53 rows=105 width=4)
	  Index Cond: ((k >= 3495574) AND (k <= 3495674))

for range-covered
table 1 : explain SELECT k FROM sbtest1 WHERE k BETWEEN 8843094 AND 8843194
	Index Only Scan using k_1 on sbtest1  (cost=0.43..6.45 rows=101 width=4)
	  Index Cond: ((k >= 8843094) AND (k <= 8843194))

table 2 : explain SELECT k FROM sbtest2 WHERE k BETWEEN 8843094 AND 8843194
	Index Only Scan using k_2 on sbtest2  (cost=0.43..6.74 rows=115 width=4)
	  Index Cond: ((k >= 8843094) AND (k <= 8843194))

table 3 : explain SELECT k FROM sbtest3 WHERE k BETWEEN 8843094 AND 8843194
	Index Only Scan using k_3 on sbtest3  (cost=0.43..6.58 rows=107 width=4)
	  Index Cond: ((k >= 8843094) AND (k <= 8843194))

table 4 : explain SELECT k FROM sbtest4 WHERE k BETWEEN 8843094 AND 8843194
	Index Only Scan using k_4 on sbtest4  (cost=0.43..6.51 rows=104 width=4)
	  Index Cond: ((k >= 8843094) AND (k <= 8843194))

table 5 : explain SELECT k FROM sbtest5 WHERE k BETWEEN 8843094 AND 8843194
	Index Only Scan using k_5 on sbtest5  (cost=0.43..6.69 rows=113 width=4)
	  Index Cond: ((k >= 8843094) AND (k <= 8843194))

table 6 : explain SELECT k FROM sbtest6 WHERE k BETWEEN 8843094 AND 8843194
	Index Only Scan using k_6 on sbtest6  (cost=0.43..6.53 rows=105 width=4)
	  Index Cond: ((k >= 8843094) AND (k <= 8843194))

table 7 : explain SELECT k FROM sbtest7 WHERE k BETWEEN 8843094 AND 8843194
	Index Only Scan using k_7 on sbtest7  (cost=0.43..10.24 rows=90 width=4)
	  Index Cond: ((k >= 8843094) AND (k <= 8843194))

table 8 : explain SELECT k FROM sbtest8 WHERE k BETWEEN 8843094 AND 8843194
	Index Only Scan using k_8 on sbtest8  (cost=0.43..6.50 rows=103 width=4)
	  Index Cond: ((k >= 8843094) AND (k <= 8843194))

for range-covered
table 1 : explain SELECT k FROM sbtest1 WHERE k BETWEEN 5898340 AND 5898440
	Index Only Scan using k_1 on sbtest1  (cost=0.43..6.35 rows=96 width=4)
	  Index Cond: ((k >= 5898340) AND (k <= 5898440))

table 2 : explain SELECT k FROM sbtest2 WHERE k BETWEEN 5898340 AND 5898440
	Index Only Scan using k_2 on sbtest2  (cost=0.43..6.51 rows=104 width=4)
	  Index Cond: ((k >= 5898340) AND (k <= 5898440))

table 3 : explain SELECT k FROM sbtest3 WHERE k BETWEEN 5898340 AND 5898440
	Index Only Scan using k_3 on sbtest3  (cost=0.43..6.40 rows=98 width=4)
	  Index Cond: ((k >= 5898340) AND (k <= 5898440))

table 4 : explain SELECT k FROM sbtest4 WHERE k BETWEEN 5898340 AND 5898440
	Index Only Scan using k_4 on sbtest4  (cost=0.43..6.69 rows=113 width=4)
	  Index Cond: ((k >= 5898340) AND (k <= 5898440))

table 5 : explain SELECT k FROM sbtest5 WHERE k BETWEEN 5898340 AND 5898440
	Index Only Scan using k_5 on sbtest5  (cost=0.43..6.42 rows=99 width=4)
	  Index Cond: ((k >= 5898340) AND (k <= 5898440))

table 6 : explain SELECT k FROM sbtest6 WHERE k BETWEEN 5898340 AND 5898440
	Index Only Scan using k_6 on sbtest6  (cost=0.43..6.63 rows=110 width=4)
	  Index Cond: ((k >= 5898340) AND (k <= 5898440))

table 7 : explain SELECT k FROM sbtest7 WHERE k BETWEEN 5898340 AND 5898440
	Index Only Scan using k_7 on sbtest7  (cost=0.43..10.46 rows=101 width=4)
	  Index Cond: ((k >= 5898340) AND (k <= 5898440))

table 8 : explain SELECT k FROM sbtest8 WHERE k BETWEEN 5898340 AND 5898440
	Index Only Scan using k_8 on sbtest8  (cost=0.43..6.29 rows=93 width=4)
	  Index Cond: ((k >= 5898340) AND (k <= 5898440))

explain: for range-covered :: explain SELECT k FROM sbtest%d WHERE k BETWEEN 8843094 AND 8843194
for range-covered
table 1 : explain SELECT k FROM sbtest1 WHERE k BETWEEN 2101210 AND 2101310
	Index Only Scan using k_1 on sbtest1  (cost=0.43..6.42 rows=99 width=4)
	  Index Cond: ((k >= 2101210) AND (k <= 2101310))

table 2 : explain SELECT k FROM sbtest2 WHERE k BETWEEN 2101210 AND 2101310
	Index Only Scan using k_2 on sbtest2  (cost=0.43..6.27 rows=92 width=4)
	  Index Cond: ((k >= 2101210) AND (k <= 2101310))

table 3 : explain SELECT k FROM sbtest3 WHERE k BETWEEN 2101210 AND 2101310
	Index Only Scan using k_3 on sbtest3  (cost=0.43..6.45 rows=101 width=4)
	  Index Cond: ((k >= 2101210) AND (k <= 2101310))

table 4 : explain SELECT k FROM sbtest4 WHERE k BETWEEN 2101210 AND 2101310
	Index Only Scan using k_4 on sbtest4  (cost=0.43..6.33 rows=95 width=4)
	  Index Cond: ((k >= 2101210) AND (k <= 2101310))

table 5 : explain SELECT k FROM sbtest5 WHERE k BETWEEN 2101210 AND 2101310
	Index Only Scan using k_5 on sbtest5  (cost=0.43..6.61 rows=109 width=4)
	  Index Cond: ((k >= 2101210) AND (k <= 2101310))

table 6 : explain SELECT k FROM sbtest6 WHERE k BETWEEN 2101210 AND 2101310
	Index Only Scan using k_6 on sbtest6  (cost=0.43..6.43 rows=100 width=4)
	  Index Cond: ((k >= 2101210) AND (k <= 2101310))

table 7 : explain SELECT k FROM sbtest7 WHERE k BETWEEN 2101210 AND 2101310
	Index Only Scan using k_7 on sbtest7  (cost=0.43..10.47 rows=102 width=4)
	  Index Cond: ((k >= 2101210) AND (k <= 2101310))

table 8 : explain SELECT k FROM sbtest8 WHERE k BETWEEN 2101210 AND 2101310
	Index Only Scan using k_8 on sbtest8  (cost=0.43..6.43 rows=100 width=4)
	  Index Cond: ((k >= 2101210) AND (k <= 2101310))

explain: for range-covered :: explain SELECT k FROM sbtest%d WHERE k BETWEEN 2101210 AND 2101310
for range-covered
table 1 : explain SELECT k FROM sbtest1 WHERE k BETWEEN 2243344 AND 2243444
	Index Only Scan using k_1 on sbtest1  (cost=0.43..6.53 rows=105 width=4)
	  Index Cond: ((k >= 2243344) AND (k <= 2243444))

table 2 : explain SELECT k FROM sbtest2 WHERE k BETWEEN 2243344 AND 2243444
	Index Only Scan using k_2 on sbtest2  (cost=0.43..6.56 rows=106 width=4)
	  Index Cond: ((k >= 2243344) AND (k <= 2243444))

table 3 : explain SELECT k FROM sbtest3 WHERE k BETWEEN 2243344 AND 2243444
	Index Only Scan using k_3 on sbtest3  (cost=0.43..6.35 rows=96 width=4)
	  Index Cond: ((k >= 2243344) AND (k <= 2243444))

table 4 : explain SELECT k FROM sbtest4 WHERE k BETWEEN 2243344 AND 2243444
	Index Only Scan using k_4 on sbtest4  (cost=0.43..6.40 rows=98 width=4)
	  Index Cond: ((k >= 2243344) AND (k <= 2243444))

table 5 : explain SELECT k FROM sbtest5 WHERE k BETWEEN 2243344 AND 2243444
	Index Only Scan using k_5 on sbtest5  (cost=0.43..6.32 rows=94 width=4)
	  Index Cond: ((k >= 2243344) AND (k <= 2243444))

table 6 : explain SELECT k FROM sbtest6 WHERE k BETWEEN 2243344 AND 2243444
	Index Only Scan using k_6 on sbtest6  (cost=0.43..6.40 rows=98 width=4)
	  Index Cond: ((k >= 2243344) AND (k <= 2243444))

table 7 : explain SELECT k FROM sbtest7 WHERE k BETWEEN 2243344 AND 2243444
	Index Only Scan using k_7 on sbtest7  (cost=0.43..10.58 rows=107 width=4)
	  Index Cond: ((k >= 2243344) AND (k <= 2243444))

table 8 : explain SELECT k FROM sbtest8 WHERE k BETWEEN 2243344 AND 2243444
	Index Only Scan using k_8 on sbtest8  (cost=0.43..6.53 rows=105 width=4)
	  Index Cond: ((k >= 2243344) AND (k <= 2243444))

explain: for range-covered :: explain SELECT k FROM sbtest%d WHERE k BETWEEN 2243344 AND 2243444
for range-covered
table 1 : explain SELECT k FROM sbtest1 WHERE k BETWEEN 5719060 AND 5719160
	Index Only Scan using k_1 on sbtest1  (cost=0.43..6.50 rows=103 width=4)
	  Index Cond: ((k >= 5719060) AND (k <= 5719160))

table 2 : explain SELECT k FROM sbtest2 WHERE k BETWEEN 5719060 AND 5719160
	Index Only Scan using k_2 on sbtest2  (cost=0.43..6.53 rows=105 width=4)
	  Index Cond: ((k >= 5719060) AND (k <= 5719160))

table 3 : explain SELECT k FROM sbtest3 WHERE k BETWEEN 5719060 AND 5719160
	Index Only Scan using k_3 on sbtest3  (cost=0.43..6.53 rows=105 width=4)
	  Index Cond: ((k >= 5719060) AND (k <= 5719160))

table 4 : explain SELECT k FROM sbtest4 WHERE k BETWEEN 5719060 AND 5719160
	Index Only Scan using k_4 on sbtest4  (cost=0.43..6.35 rows=96 width=4)
	  Index Cond: ((k >= 5719060) AND (k <= 5719160))

table 5 : explain SELECT k FROM sbtest5 WHERE k BETWEEN 5719060 AND 5719160
	Index Only Scan using k_5 on sbtest5  (cost=0.43..6.58 rows=107 width=4)
	  Index Cond: ((k >= 5719060) AND (k <= 5719160))

table 6 : explain SELECT k FROM sbtest6 WHERE k BETWEEN 5719060 AND 5719160
	Index Only Scan using k_6 on sbtest6  (cost=0.43..6.33 rows=95 width=4)
	  Index Cond: ((k >= 5719060) AND (k <= 5719160))

table 7 : explain SELECT k FROM sbtest7 WHERE k BETWEEN 5719060 AND 5719160
	Index Only Scan using k_7 on sbtest7  (cost=0.43..10.56 rows=106 width=4)
	  Index Cond: ((k >= 5719060) AND (k <= 5719160))

table 8 : explain SELECT k FROM sbtest8 WHERE k BETWEEN 5719060 AND 5719160
	Index Only Scan using k_8 on sbtest8  (cost=0.43..6.56 rows=106 width=4)
	  Index Cond: ((k >= 5719060) AND (k <= 5719160))

for range-covered
table 1 : explain SELECT k FROM sbtest1 WHERE k BETWEEN 8843094 AND 8843194
	Index Only Scan using k_1 on sbtest1  (cost=0.43..6.45 rows=101 width=4)
	  Index Cond: ((k >= 8843094) AND (k <= 8843194))

table 2 : explain SELECT k FROM sbtest2 WHERE k BETWEEN 8843094 AND 8843194
	Index Only Scan using k_2 on sbtest2  (cost=0.43..6.74 rows=115 width=4)
	  Index Cond: ((k >= 8843094) AND (k <= 8843194))

table 3 : explain SELECT k FROM sbtest3 WHERE k BETWEEN 8843094 AND 8843194
	Index Only Scan using k_3 on sbtest3  (cost=0.43..6.58 rows=107 width=4)
	  Index Cond: ((k >= 8843094) AND (k <= 8843194))

table 4 : explain SELECT k FROM sbtest4 WHERE k BETWEEN 8843094 AND 8843194
	Index Only Scan using k_4 on sbtest4  (cost=0.43..6.51 rows=104 width=4)
	  Index Cond: ((k >= 8843094) AND (k <= 8843194))

table 5 : explain SELECT k FROM sbtest5 WHERE k BETWEEN 8843094 AND 8843194
	Index Only Scan using k_5 on sbtest5  (cost=0.43..6.69 rows=113 width=4)
	  Index Cond: ((k >= 8843094) AND (k <= 8843194))

table 6 : explain SELECT k FROM sbtest6 WHERE k BETWEEN 8843094 AND 8843194
	Index Only Scan using k_6 on sbtest6  (cost=0.43..6.53 rows=105 width=4)
	  Index Cond: ((k >= 8843094) AND (k <= 8843194))

table 7 : explain SELECT k FROM sbtest7 WHERE k BETWEEN 8843094 AND 8843194
	Index Only Scan using k_7 on sbtest7  (cost=0.43..10.24 rows=90 width=4)
	  Index Cond: ((k >= 8843094) AND (k <= 8843194))

table 8 : explain SELECT k FROM sbtest8 WHERE k BETWEEN 8843094 AND 8843194
	Index Only Scan using k_8 on sbtest8  (cost=0.43..6.50 rows=103 width=4)
	  Index Cond: ((k >= 8843094) AND (k <= 8843194))

explain: for range-covered :: explain SELECT k FROM sbtest%d WHERE k BETWEEN 8843094 AND 8843194
for range-covered
table 1 : explain SELECT k FROM sbtest1 WHERE k BETWEEN 2101210 AND 2101310
	Index Only Scan using k_1 on sbtest1  (cost=0.43..6.42 rows=99 width=4)
	  Index Cond: ((k >= 2101210) AND (k <= 2101310))

table 2 : explain SELECT k FROM sbtest2 WHERE k BETWEEN 2101210 AND 2101310
	Index Only Scan using k_2 on sbtest2  (cost=0.43..6.27 rows=92 width=4)
	  Index Cond: ((k >= 2101210) AND (k <= 2101310))

table 3 : explain SELECT k FROM sbtest3 WHERE k BETWEEN 2101210 AND 2101310
	Index Only Scan using k_3 on sbtest3  (cost=0.43..6.45 rows=101 width=4)
	  Index Cond: ((k >= 2101210) AND (k <= 2101310))

table 4 : explain SELECT k FROM sbtest4 WHERE k BETWEEN 2101210 AND 2101310
	Index Only Scan using k_4 on sbtest4  (cost=0.43..6.33 rows=95 width=4)
	  Index Cond: ((k >= 2101210) AND (k <= 2101310))

table 5 : explain SELECT k FROM sbtest5 WHERE k BETWEEN 2101210 AND 2101310
	Index Only Scan using k_5 on sbtest5  (cost=0.43..6.61 rows=109 width=4)
	  Index Cond: ((k >= 2101210) AND (k <= 2101310))

table 6 : explain SELECT k FROM sbtest6 WHERE k BETWEEN 2101210 AND 2101310
	Index Only Scan using k_6 on sbtest6  (cost=0.43..6.43 rows=100 width=4)
	  Index Cond: ((k >= 2101210) AND (k <= 2101310))

table 7 : explain SELECT k FROM sbtest7 WHERE k BETWEEN 2101210 AND 2101310
	Index Only Scan using k_7 on sbtest7  (cost=0.43..10.47 rows=102 width=4)
	  Index Cond: ((k >= 2101210) AND (k <= 2101310))

table 8 : explain SELECT k FROM sbtest8 WHERE k BETWEEN 2101210 AND 2101310
	Index Only Scan using k_8 on sbtest8  (cost=0.43..6.43 rows=100 width=4)
	  Index Cond: ((k >= 2101210) AND (k <= 2101310))

explain: for range-covered :: explain SELECT k FROM sbtest%d WHERE k BETWEEN 2101210 AND 2101310
for range-covered
table 1 : explain SELECT k FROM sbtest1 WHERE k BETWEEN 5503917 AND 5504017
	Index Only Scan using k_1 on sbtest1  (cost=0.43..6.42 rows=99 width=4)
	  Index Cond: ((k >= 5503917) AND (k <= 5504017))

table 2 : explain SELECT k FROM sbtest2 WHERE k BETWEEN 5503917 AND 5504017
	Index Only Scan using k_2 on sbtest2  (cost=0.43..6.43 rows=100 width=4)
	  Index Cond: ((k >= 5503917) AND (k <= 5504017))

table 3 : explain SELECT k FROM sbtest3 WHERE k BETWEEN 5503917 AND 5504017
	Index Only Scan using k_3 on sbtest3  (cost=0.43..6.45 rows=101 width=4)
	  Index Cond: ((k >= 5503917) AND (k <= 5504017))

table 4 : explain SELECT k FROM sbtest4 WHERE k BETWEEN 5503917 AND 5504017
	Index Only Scan using k_4 on sbtest4  (cost=0.43..6.27 rows=92 width=4)
	  Index Cond: ((k >= 5503917) AND (k <= 5504017))

table 5 : explain SELECT k FROM sbtest5 WHERE k BETWEEN 5503917 AND 5504017
	Index Only Scan using k_5 on sbtest5  (cost=0.43..6.40 rows=98 width=4)
	  Index Cond: ((k >= 5503917) AND (k <= 5504017))

table 6 : explain SELECT k FROM sbtest6 WHERE k BETWEEN 5503917 AND 5504017
	Index Only Scan using k_6 on sbtest6  (cost=0.43..6.37 rows=97 width=4)
	  Index Cond: ((k >= 5503917) AND (k <= 5504017))

table 7 : explain SELECT k FROM sbtest7 WHERE k BETWEEN 5503917 AND 5504017
	Index Only Scan using k_7 on sbtest7  (cost=0.43..10.58 rows=107 width=4)
	  Index Cond: ((k >= 5503917) AND (k <= 5504017))

table 8 : explain SELECT k FROM sbtest8 WHERE k BETWEEN 5503917 AND 5504017
	Index Only Scan using k_8 on sbtest8  (cost=0.43..6.50 rows=103 width=4)
	  Index Cond: ((k >= 5503917) AND (k <= 5504017))

explain: for range-covered :: explain SELECT k FROM sbtest%d WHERE k BETWEEN 5503917 AND 5504017
for range-covered
table 1 : explain SELECT k FROM sbtest1 WHERE k BETWEEN 2243344 AND 2243444
	Index Only Scan using k_1 on sbtest1  (cost=0.43..6.53 rows=105 width=4)
	  Index Cond: ((k >= 2243344) AND (k <= 2243444))

table 2 : explain SELECT k FROM sbtest2 WHERE k BETWEEN 2243344 AND 2243444
	Index Only Scan using k_2 on sbtest2  (cost=0.43..6.56 rows=106 width=4)
	  Index Cond: ((k >= 2243344) AND (k <= 2243444))

table 3 : explain SELECT k FROM sbtest3 WHERE k BETWEEN 2243344 AND 2243444
	Index Only Scan using k_3 on sbtest3  (cost=0.43..6.35 rows=96 width=4)
	  Index Cond: ((k >= 2243344) AND (k <= 2243444))

table 4 : explain SELECT k FROM sbtest4 WHERE k BETWEEN 2243344 AND 2243444
	Index Only Scan using k_4 on sbtest4  (cost=0.43..6.40 rows=98 width=4)
	  Index Cond: ((k >= 2243344) AND (k <= 2243444))

table 5 : explain SELECT k FROM sbtest5 WHERE k BETWEEN 2243344 AND 2243444
	Index Only Scan using k_5 on sbtest5  (cost=0.43..6.32 rows=94 width=4)
	  Index Cond: ((k >= 2243344) AND (k <= 2243444))

table 6 : explain SELECT k FROM sbtest6 WHERE k BETWEEN 2243344 AND 2243444
	Index Only Scan using k_6 on sbtest6  (cost=0.43..6.40 rows=98 width=4)
	  Index Cond: ((k >= 2243344) AND (k <= 2243444))

table 7 : explain SELECT k FROM sbtest7 WHERE k BETWEEN 2243344 AND 2243444
	Index Only Scan using k_7 on sbtest7  (cost=0.43..10.58 rows=107 width=4)
	  Index Cond: ((k >= 2243344) AND (k <= 2243444))

table 8 : explain SELECT k FROM sbtest8 WHERE k BETWEEN 2243344 AND 2243444
	Index Only Scan using k_8 on sbtest8  (cost=0.43..6.53 rows=105 width=4)
	  Index Cond: ((k >= 2243344) AND (k <= 2243444))

explain: for range-covered :: explain SELECT k FROM sbtest%d WHERE k BETWEEN 2243344 AND 2243444
for range-covered
table 1 : explain SELECT k FROM sbtest1 WHERE k BETWEEN 8843094 AND 8843194
	Index Only Scan using k_1 on sbtest1  (cost=0.43..6.45 rows=101 width=4)
	  Index Cond: ((k >= 8843094) AND (k <= 8843194))

table 2 : explain SELECT k FROM sbtest2 WHERE k BETWEEN 8843094 AND 8843194
	Index Only Scan using k_2 on sbtest2  (cost=0.43..6.74 rows=115 width=4)
	  Index Cond: ((k >= 8843094) AND (k <= 8843194))

table 3 : explain SELECT k FROM sbtest3 WHERE k BETWEEN 8843094 AND 8843194
	Index Only Scan using k_3 on sbtest3  (cost=0.43..6.58 rows=107 width=4)
	  Index Cond: ((k >= 8843094) AND (k <= 8843194))

table 4 : explain SELECT k FROM sbtest4 WHERE k BETWEEN 8843094 AND 8843194
	Index Only Scan using k_4 on sbtest4  (cost=0.43..6.51 rows=104 width=4)
	  Index Cond: ((k >= 8843094) AND (k <= 8843194))

table 5 : explain SELECT k FROM sbtest5 WHERE k BETWEEN 8843094 AND 8843194
	Index Only Scan using k_5 on sbtest5  (cost=0.43..6.69 rows=113 width=4)
	  Index Cond: ((k >= 8843094) AND (k <= 8843194))

table 6 : explain SELECT k FROM sbtest6 WHERE k BETWEEN 8843094 AND 8843194
	Index Only Scan using k_6 on sbtest6  (cost=0.43..6.53 rows=105 width=4)
	  Index Cond: ((k >= 8843094) AND (k <= 8843194))

table 7 : explain SELECT k FROM sbtest7 WHERE k BETWEEN 8843094 AND 8843194
	Index Only Scan using k_7 on sbtest7  (cost=0.43..10.24 rows=90 width=4)
	  Index Cond: ((k >= 8843094) AND (k <= 8843194))

table 8 : explain SELECT k FROM sbtest8 WHERE k BETWEEN 8843094 AND 8843194
	Index Only Scan using k_8 on sbtest8  (cost=0.43..6.50 rows=103 width=4)
	  Index Cond: ((k >= 8843094) AND (k <= 8843194))

explain: for range-covered :: explain SELECT k FROM sbtest%d WHERE k BETWEEN 8843094 AND 8843194
for range-covered
table 1 : explain SELECT k FROM sbtest1 WHERE k BETWEEN 2101210 AND 2101310
	Index Only Scan using k_1 on sbtest1  (cost=0.43..6.42 rows=99 width=4)
	  Index Cond: ((k >= 2101210) AND (k <= 2101310))

table 2 : explain SELECT k FROM sbtest2 WHERE k BETWEEN 2101210 AND 2101310
	Index Only Scan using k_2 on sbtest2  (cost=0.43..6.27 rows=92 width=4)
	  Index Cond: ((k >= 2101210) AND (k <= 2101310))

table 3 : explain SELECT k FROM sbtest3 WHERE k BETWEEN 2101210 AND 2101310
	Index Only Scan using k_3 on sbtest3  (cost=0.43..6.45 rows=101 width=4)
	  Index Cond: ((k >= 2101210) AND (k <= 2101310))

table 4 : explain SELECT k FROM sbtest4 WHERE k BETWEEN 2101210 AND 2101310
	Index Only Scan using k_4 on sbtest4  (cost=0.43..6.33 rows=95 width=4)
	  Index Cond: ((k >= 2101210) AND (k <= 2101310))

table 5 : explain SELECT k FROM sbtest5 WHERE k BETWEEN 2101210 AND 2101310
	Index Only Scan using k_5 on sbtest5  (cost=0.43..6.61 rows=109 width=4)
	  Index Cond: ((k >= 2101210) AND (k <= 2101310))

table 6 : explain SELECT k FROM sbtest6 WHERE k BETWEEN 2101210 AND 2101310
	Index Only Scan using k_6 on sbtest6  (cost=0.43..6.43 rows=100 width=4)
	  Index Cond: ((k >= 2101210) AND (k <= 2101310))

table 7 : explain SELECT k FROM sbtest7 WHERE k BETWEEN 2101210 AND 2101310
	Index Only Scan using k_7 on sbtest7  (cost=0.43..10.47 rows=102 width=4)
	  Index Cond: ((k >= 2101210) AND (k <= 2101310))

table 8 : explain SELECT k FROM sbtest8 WHERE k BETWEEN 2101210 AND 2101310
	Index Only Scan using k_8 on sbtest8  (cost=0.43..6.43 rows=100 width=4)
	  Index Cond: ((k >= 2101210) AND (k <= 2101310))

explain: for range-covered :: explain SELECT k FROM sbtest%d WHERE k BETWEEN 2101210 AND 2101310
for range-covered
table 1 : explain SELECT k FROM sbtest1 WHERE k BETWEEN 5503917 AND 5504017
	Index Only Scan using k_1 on sbtest1  (cost=0.43..6.42 rows=99 width=4)
	  Index Cond: ((k >= 5503917) AND (k <= 5504017))

table 2 : explain SELECT k FROM sbtest2 WHERE k BETWEEN 5503917 AND 5504017
	Index Only Scan using k_2 on sbtest2  (cost=0.43..6.43 rows=100 width=4)
	  Index Cond: ((k >= 5503917) AND (k <= 5504017))

table 3 : explain SELECT k FROM sbtest3 WHERE k BETWEEN 5503917 AND 5504017
	Index Only Scan using k_3 on sbtest3  (cost=0.43..6.45 rows=101 width=4)
	  Index Cond: ((k >= 5503917) AND (k <= 5504017))

table 4 : explain SELECT k FROM sbtest4 WHERE k BETWEEN 5503917 AND 5504017
	Index Only Scan using k_4 on sbtest4  (cost=0.43..6.27 rows=92 width=4)
	  Index Cond: ((k >= 5503917) AND (k <= 5504017))

table 5 : explain SELECT k FROM sbtest5 WHERE k BETWEEN 5503917 AND 5504017
	Index Only Scan using k_5 on sbtest5  (cost=0.43..6.40 rows=98 width=4)
	  Index Cond: ((k >= 5503917) AND (k <= 5504017))

table 6 : explain SELECT k FROM sbtest6 WHERE k BETWEEN 5503917 AND 5504017
	Index Only Scan using k_6 on sbtest6  (cost=0.43..6.37 rows=97 width=4)
	  Index Cond: ((k >= 5503917) AND (k <= 5504017))

table 7 : explain SELECT k FROM sbtest7 WHERE k BETWEEN 5503917 AND 5504017
	Index Only Scan using k_7 on sbtest7  (cost=0.43..10.58 rows=107 width=4)
	  Index Cond: ((k >= 5503917) AND (k <= 5504017))

table 8 : explain SELECT k FROM sbtest8 WHERE k BETWEEN 5503917 AND 5504017
	Index Only Scan using k_8 on sbtest8  (cost=0.43..6.50 rows=103 width=4)
	  Index Cond: ((k >= 5503917) AND (k <= 5504017))

for range-covered
table 1 : explain SELECT k FROM sbtest1 WHERE k BETWEEN 2243344 AND 2243444
	Index Only Scan using k_1 on sbtest1  (cost=0.43..6.53 rows=105 width=4)
	  Index Cond: ((k >= 2243344) AND (k <= 2243444))

table 2 : explain SELECT k FROM sbtest2 WHERE k BETWEEN 2243344 AND 2243444
	Index Only Scan using k_2 on sbtest2  (cost=0.43..6.56 rows=106 width=4)
	  Index Cond: ((k >= 2243344) AND (k <= 2243444))

table 3 : explain SELECT k FROM sbtest3 WHERE k BETWEEN 2243344 AND 2243444
	Index Only Scan using k_3 on sbtest3  (cost=0.43..6.35 rows=96 width=4)
	  Index Cond: ((k >= 2243344) AND (k <= 2243444))

table 4 : explain SELECT k FROM sbtest4 WHERE k BETWEEN 2243344 AND 2243444
	Index Only Scan using k_4 on sbtest4  (cost=0.43..6.40 rows=98 width=4)
	  Index Cond: ((k >= 2243344) AND (k <= 2243444))

table 5 : explain SELECT k FROM sbtest5 WHERE k BETWEEN 2243344 AND 2243444
	Index Only Scan using k_5 on sbtest5  (cost=0.43..6.32 rows=94 width=4)
	  Index Cond: ((k >= 2243344) AND (k <= 2243444))

table 6 : explain SELECT k FROM sbtest6 WHERE k BETWEEN 2243344 AND 2243444
	Index Only Scan using k_6 on sbtest6  (cost=0.43..6.40 rows=98 width=4)
	  Index Cond: ((k >= 2243344) AND (k <= 2243444))

table 7 : explain SELECT k FROM sbtest7 WHERE k BETWEEN 2243344 AND 2243444
	Index Only Scan using k_7 on sbtest7  (cost=0.43..10.58 rows=107 width=4)
	  Index Cond: ((k >= 2243344) AND (k <= 2243444))

table 8 : explain SELECT k FROM sbtest8 WHERE k BETWEEN 2243344 AND 2243444
	Index Only Scan using k_8 on sbtest8  (cost=0.43..6.53 rows=105 width=4)
	  Index Cond: ((k >= 2243344) AND (k <= 2243444))

for range-covered
table 1 : explain SELECT k FROM sbtest1 WHERE k BETWEEN 8843094 AND 8843194
	Index Only Scan using k_1 on sbtest1  (cost=0.43..6.45 rows=101 width=4)
	  Index Cond: ((k >= 8843094) AND (k <= 8843194))

table 2 : explain SELECT k FROM sbtest2 WHERE k BETWEEN 8843094 AND 8843194
	Index Only Scan using k_2 on sbtest2  (cost=0.43..6.74 rows=115 width=4)
	  Index Cond: ((k >= 8843094) AND (k <= 8843194))

table 3 : explain SELECT k FROM sbtest3 WHERE k BETWEEN 8843094 AND 8843194
	Index Only Scan using k_3 on sbtest3  (cost=0.43..6.58 rows=107 width=4)
	  Index Cond: ((k >= 8843094) AND (k <= 8843194))

table 4 : explain SELECT k FROM sbtest4 WHERE k BETWEEN 8843094 AND 8843194
	Index Only Scan using k_4 on sbtest4  (cost=0.43..6.51 rows=104 width=4)
	  Index Cond: ((k >= 8843094) AND (k <= 8843194))

table 5 : explain SELECT k FROM sbtest5 WHERE k BETWEEN 8843094 AND 8843194
	Index Only Scan using k_5 on sbtest5  (cost=0.43..6.69 rows=113 width=4)
	  Index Cond: ((k >= 8843094) AND (k <= 8843194))

table 6 : explain SELECT k FROM sbtest6 WHERE k BETWEEN 8843094 AND 8843194
	Index Only Scan using k_6 on sbtest6  (cost=0.43..6.53 rows=105 width=4)
	  Index Cond: ((k >= 8843094) AND (k <= 8843194))

table 7 : explain SELECT k FROM sbtest7 WHERE k BETWEEN 8843094 AND 8843194
	Index Only Scan using k_7 on sbtest7  (cost=0.43..10.24 rows=90 width=4)
	  Index Cond: ((k >= 8843094) AND (k <= 8843194))

table 8 : explain SELECT k FROM sbtest8 WHERE k BETWEEN 8843094 AND 8843194
	Index Only Scan using k_8 on sbtest8  (cost=0.43..6.50 rows=103 width=4)
	  Index Cond: ((k >= 8843094) AND (k <= 8843194))

explain: for range-covered :: explain SELECT k FROM sbtest%d WHERE k BETWEEN 8843094 AND 8843194
for range-covered
table 1 : explain SELECT k FROM sbtest1 WHERE k BETWEEN 2101210 AND 2101310
	Index Only Scan using k_1 on sbtest1  (cost=0.43..6.42 rows=99 width=4)
	  Index Cond: ((k >= 2101210) AND (k <= 2101310))

table 2 : explain SELECT k FROM sbtest2 WHERE k BETWEEN 2101210 AND 2101310
	Index Only Scan using k_2 on sbtest2  (cost=0.43..6.27 rows=92 width=4)
	  Index Cond: ((k >= 2101210) AND (k <= 2101310))

table 3 : explain SELECT k FROM sbtest3 WHERE k BETWEEN 2101210 AND 2101310
	Index Only Scan using k_3 on sbtest3  (cost=0.43..6.45 rows=101 width=4)
	  Index Cond: ((k >= 2101210) AND (k <= 2101310))

table 4 : explain SELECT k FROM sbtest4 WHERE k BETWEEN 2101210 AND 2101310
	Index Only Scan using k_4 on sbtest4  (cost=0.43..6.33 rows=95 width=4)
	  Index Cond: ((k >= 2101210) AND (k <= 2101310))

table 5 : explain SELECT k FROM sbtest5 WHERE k BETWEEN 2101210 AND 2101310
	Index Only Scan using k_5 on sbtest5  (cost=0.43..6.61 rows=109 width=4)
	  Index Cond: ((k >= 2101210) AND (k <= 2101310))

table 6 : explain SELECT k FROM sbtest6 WHERE k BETWEEN 2101210 AND 2101310
	Index Only Scan using k_6 on sbtest6  (cost=0.43..6.43 rows=100 width=4)
	  Index Cond: ((k >= 2101210) AND (k <= 2101310))

table 7 : explain SELECT k FROM sbtest7 WHERE k BETWEEN 2101210 AND 2101310
	Index Only Scan using k_7 on sbtest7  (cost=0.43..10.47 rows=102 width=4)
	  Index Cond: ((k >= 2101210) AND (k <= 2101310))

table 8 : explain SELECT k FROM sbtest8 WHERE k BETWEEN 2101210 AND 2101310
	Index Only Scan using k_8 on sbtest8  (cost=0.43..6.43 rows=100 width=4)
	  Index Cond: ((k >= 2101210) AND (k <= 2101310))

explain: for range-covered :: explain SELECT k FROM sbtest%d WHERE k BETWEEN 2101210 AND 2101310
for range-covered
table 1 : explain SELECT k FROM sbtest1 WHERE k BETWEEN 8843094 AND 8843194
	Index Only Scan using k_1 on sbtest1  (cost=0.43..6.45 rows=101 width=4)
	  Index Cond: ((k >= 8843094) AND (k <= 8843194))

table 2 : explain SELECT k FROM sbtest2 WHERE k BETWEEN 8843094 AND 8843194
	Index Only Scan using k_2 on sbtest2  (cost=0.43..6.74 rows=115 width=4)
	  Index Cond: ((k >= 8843094) AND (k <= 8843194))

table 3 : explain SELECT k FROM sbtest3 WHERE k BETWEEN 8843094 AND 8843194
	Index Only Scan using k_3 on sbtest3  (cost=0.43..6.58 rows=107 width=4)
	  Index Cond: ((k >= 8843094) AND (k <= 8843194))

table 4 : explain SELECT k FROM sbtest4 WHERE k BETWEEN 8843094 AND 8843194
	Index Only Scan using k_4 on sbtest4  (cost=0.43..6.51 rows=104 width=4)
	  Index Cond: ((k >= 8843094) AND (k <= 8843194))

table 5 : explain SELECT k FROM sbtest5 WHERE k BETWEEN 8843094 AND 8843194
	Index Only Scan using k_5 on sbtest5  (cost=0.43..6.69 rows=113 width=4)
	  Index Cond: ((k >= 8843094) AND (k <= 8843194))

table 6 : explain SELECT k FROM sbtest6 WHERE k BETWEEN 8843094 AND 8843194
	Index Only Scan using k_6 on sbtest6  (cost=0.43..6.53 rows=105 width=4)
	  Index Cond: ((k >= 8843094) AND (k <= 8843194))

table 7 : explain SELECT k FROM sbtest7 WHERE k BETWEEN 8843094 AND 8843194
	Index Only Scan using k_7 on sbtest7  (cost=0.43..10.24 rows=90 width=4)
	  Index Cond: ((k >= 8843094) AND (k <= 8843194))

table 8 : explain SELECT k FROM sbtest8 WHERE k BETWEEN 8843094 AND 8843194
	Index Only Scan using k_8 on sbtest8  (cost=0.43..6.50 rows=103 width=4)
	  Index Cond: ((k >= 8843094) AND (k <= 8843194))

for range-covered
table 1 : explain SELECT k FROM sbtest1 WHERE k BETWEEN 2101210 AND 2101310
	Index Only Scan using k_1 on sbtest1  (cost=0.43..6.42 rows=99 width=4)
	  Index Cond: ((k >= 2101210) AND (k <= 2101310))

table 2 : explain SELECT k FROM sbtest2 WHERE k BETWEEN 2101210 AND 2101310
	Index Only Scan using k_2 on sbtest2  (cost=0.43..6.27 rows=92 width=4)
	  Index Cond: ((k >= 2101210) AND (k <= 2101310))

table 3 : explain SELECT k FROM sbtest3 WHERE k BETWEEN 2101210 AND 2101310
	Index Only Scan using k_3 on sbtest3  (cost=0.43..6.45 rows=101 width=4)
	  Index Cond: ((k >= 2101210) AND (k <= 2101310))

table 4 : explain SELECT k FROM sbtest4 WHERE k BETWEEN 2101210 AND 2101310
	Index Only Scan using k_4 on sbtest4  (cost=0.43..6.33 rows=95 width=4)
	  Index Cond: ((k >= 2101210) AND (k <= 2101310))

table 5 : explain SELECT k FROM sbtest5 WHERE k BETWEEN 2101210 AND 2101310
	Index Only Scan using k_5 on sbtest5  (cost=0.43..6.61 rows=109 width=4)
	  Index Cond: ((k >= 2101210) AND (k <= 2101310))

table 6 : explain SELECT k FROM sbtest6 WHERE k BETWEEN 2101210 AND 2101310
	Index Only Scan using k_6 on sbtest6  (cost=0.43..6.43 rows=100 width=4)
	  Index Cond: ((k >= 2101210) AND (k <= 2101310))

table 7 : explain SELECT k FROM sbtest7 WHERE k BETWEEN 2101210 AND 2101310
	Index Only Scan using k_7 on sbtest7  (cost=0.43..10.47 rows=102 width=4)
	  Index Cond: ((k >= 2101210) AND (k <= 2101310))

table 8 : explain SELECT k FROM sbtest8 WHERE k BETWEEN 2101210 AND 2101310
	Index Only Scan using k_8 on sbtest8  (cost=0.43..6.43 rows=100 width=4)
	  Index Cond: ((k >= 2101210) AND (k <= 2101310))

explain: for range-covered :: explain SELECT k FROM sbtest%d WHERE k BETWEEN 2101210 AND 2101310
for range-covered
table 1 : explain SELECT k FROM sbtest1 WHERE k BETWEEN 2101210 AND 2101310
	Index Only Scan using k_1 on sbtest1  (cost=0.43..6.42 rows=99 width=4)
	  Index Cond: ((k >= 2101210) AND (k <= 2101310))

table 2 : explain SELECT k FROM sbtest2 WHERE k BETWEEN 2101210 AND 2101310
	Index Only Scan using k_2 on sbtest2  (cost=0.43..6.27 rows=92 width=4)
	  Index Cond: ((k >= 2101210) AND (k <= 2101310))

table 3 : explain SELECT k FROM sbtest3 WHERE k BETWEEN 2101210 AND 2101310
	Index Only Scan using k_3 on sbtest3  (cost=0.43..6.45 rows=101 width=4)
	  Index Cond: ((k >= 2101210) AND (k <= 2101310))

table 4 : explain SELECT k FROM sbtest4 WHERE k BETWEEN 2101210 AND 2101310
	Index Only Scan using k_4 on sbtest4  (cost=0.43..6.33 rows=95 width=4)
	  Index Cond: ((k >= 2101210) AND (k <= 2101310))

table 5 : explain SELECT k FROM sbtest5 WHERE k BETWEEN 2101210 AND 2101310
	Index Only Scan using k_5 on sbtest5  (cost=0.43..6.61 rows=109 width=4)
	  Index Cond: ((k >= 2101210) AND (k <= 2101310))

table 6 : explain SELECT k FROM sbtest6 WHERE k BETWEEN 2101210 AND 2101310
	Index Only Scan using k_6 on sbtest6  (cost=0.43..6.43 rows=100 width=4)
	  Index Cond: ((k >= 2101210) AND (k <= 2101310))

table 7 : explain SELECT k FROM sbtest7 WHERE k BETWEEN 2101210 AND 2101310
	Index Only Scan using k_7 on sbtest7  (cost=0.43..10.47 rows=102 width=4)
	  Index Cond: ((k >= 2101210) AND (k <= 2101310))

table 8 : explain SELECT k FROM sbtest8 WHERE k BETWEEN 2101210 AND 2101310
	Index Only Scan using k_8 on sbtest8  (cost=0.43..6.43 rows=100 width=4)
	  Index Cond: ((k >= 2101210) AND (k <= 2101310))

explain: for range-covered :: explain SELECT k FROM sbtest%d WHERE k BETWEEN 2101210 AND 2101310
for range-covered
table 1 : explain SELECT k FROM sbtest1 WHERE k BETWEEN 2101210 AND 2101310
	Index Only Scan using k_1 on sbtest1  (cost=0.43..6.42 rows=99 width=4)
	  Index Cond: ((k >= 2101210) AND (k <= 2101310))

table 2 : explain SELECT k FROM sbtest2 WHERE k BETWEEN 2101210 AND 2101310
	Index Only Scan using k_2 on sbtest2  (cost=0.43..6.27 rows=92 width=4)
	  Index Cond: ((k >= 2101210) AND (k <= 2101310))

table 3 : explain SELECT k FROM sbtest3 WHERE k BETWEEN 2101210 AND 2101310
	Index Only Scan using k_3 on sbtest3  (cost=0.43..6.45 rows=101 width=4)
	  Index Cond: ((k >= 2101210) AND (k <= 2101310))

table 4 : explain SELECT k FROM sbtest4 WHERE k BETWEEN 2101210 AND 2101310
	Index Only Scan using k_4 on sbtest4  (cost=0.43..6.33 rows=95 width=4)
	  Index Cond: ((k >= 2101210) AND (k <= 2101310))

table 5 : explain SELECT k FROM sbtest5 WHERE k BETWEEN 2101210 AND 2101310
	Index Only Scan using k_5 on sbtest5  (cost=0.43..6.61 rows=109 width=4)
	  Index Cond: ((k >= 2101210) AND (k <= 2101310))

table 6 : explain SELECT k FROM sbtest6 WHERE k BETWEEN 2101210 AND 2101310
	Index Only Scan using k_6 on sbtest6  (cost=0.43..6.43 rows=100 width=4)
	  Index Cond: ((k >= 2101210) AND (k <= 2101310))

table 7 : explain SELECT k FROM sbtest7 WHERE k BETWEEN 2101210 AND 2101310
	Index Only Scan using k_7 on sbtest7  (cost=0.43..10.47 rows=102 width=4)
	  Index Cond: ((k >= 2101210) AND (k <= 2101310))

table 8 : explain SELECT k FROM sbtest8 WHERE k BETWEEN 2101210 AND 2101310
	Index Only Scan using k_8 on sbtest8  (cost=0.43..6.43 rows=100 width=4)
	  Index Cond: ((k >= 2101210) AND (k <= 2101310))

Threads started!

Warming up for 5 seconds...

SQL statistics:
    queries performed:
        read:                            252612601
        write:                           0
        other:                           0
        total:                           252612601
    transactions:                        252612601 (400968.46 per sec.)
    queries:                             252612601 (400968.46 per sec.)
    ignored errors:                      0      (0.00 per sec.)
    reconnects:                          0      (0.00 per sec.)

Throughput:
    events/s (eps):                      400968.4622
    time elapsed:                        630.0063s
    total number of events:              252612601

Latency (ms):
         min:                                    0.06
         avg:                                    0.10
         max:                                   20.12
         95th percentile:                        0.11
         sum:                             25126832.50

Threads fairness:
    events (avg/stddev):           6315309.2750/37056.48
    execution time (avg/stddev):   628.1708/0.05

