LUA_PATH=/home/mdcallag/git/mytools/bench/sysbench.lua/lua/?.lua /home/mdcallag/git/mytools/bench/sysbench.lua/lua/sysbench --db-driver=pgsql --range-size=10 --table-size=10000000 --tables=8 --threads=40 --events=0 --warmup-time=5 --time=930 --pgsql_conn_id=true /home/mdcallag/git/mytools/bench/sysbench.lua/lua/oltp_read_write.lua run --pgsql-user=root --pgsql-password=pw --pgsql-host=127.0.0.1 --pgsql-db=ib --rand-type=uniform
48 CPUs
sysbench 1.1.0-9072687 (using bundled LuaJIT 2.1.0-beta3)

Running the test with following options:
Number of threads: 40
Warmup time: 5s
Initializing random number generator from current time


Initializing worker threads...

explain: for point_selects :: explain SELECT c FROM sbtest%u WHERE id=%u
explain: for point_selects :: explain SELECT c FROM sbtest%u WHERE id=%uexplain: for point_selects :: explain SELECT c FROM sbtest%u WHERE id=%u

explain: for point_selects :: explain SELECT c FROM sbtest%u WHERE id=%u
explain: for point_selects :: explain SELECT c FROM sbtest%u WHERE id=%u
for point_selects
table 1 : explain SELECT c FROM sbtest1 WHERE id=7554283
	Index Scan using sbtest1_pkey on sbtest1  (cost=0.43..8.45 rows=1 width=121)
	  Index Cond: (id = 7554283)

table 2 : explain SELECT c FROM sbtest2 WHERE id=5309279
	Index Scan using sbtest2_pkey on sbtest2  (cost=0.43..8.45 rows=1 width=121)
	  Index Cond: (id = 5309279)

table 3 : explain SELECT c FROM sbtest3 WHERE id=8706682
	Index Scan using sbtest3_pkey on sbtest3  (cost=0.43..8.45 rows=1 width=121)
	  Index Cond: (id = 8706682)

table 4 : explain SELECT c FROM sbtest4 WHERE id=1308049
	Index Scan using sbtest4_pkey on sbtest4  (cost=0.43..8.45 rows=1 width=121)
	  Index Cond: (id = 1308049)

table 5 : explain SELECT c FROM sbtest5 WHERE id=850714
	Index Scan using sbtest5_pkey on sbtest5  (cost=0.43..8.45 rows=1 width=121)
	  Index Cond: (id = 850714)

table 6 : explain SELECT c FROM sbtest6 WHERE id=4008787
	Index Scan using sbtest6_pkey on sbtest6  (cost=0.43..8.45 rows=1 width=121)
	  Index Cond: (id = 4008787)

table 7 : explain SELECT c FROM sbtest7 WHERE id=7248833
	Index Scan using sbtest7_pkey on sbtest7  (cost=0.43..8.45 rows=1 width=121)
	  Index Cond: (id = 7248833)

table 8 : explain SELECT c FROM sbtest8 WHERE id=307757
	Index Scan using sbtest8_pkey on sbtest8  (cost=0.43..8.45 rows=1 width=121)
	  Index Cond: (id = 307757)

for point_selects
table 1 : explain SELECT c FROM sbtest1 WHERE id=2308784
	Index Scan using sbtest1_pkey on sbtest1  (cost=0.43..8.45 rows=1 width=121)
	  Index Cond: (id = 2308784)

table 2 : explain SELECT c FROM sbtest2 WHERE id=7856659
	Index Scan using sbtest2_pkey on sbtest2  (cost=0.43..8.45 rows=1 width=121)
	  Index Cond: (id = 7856659)

table 3 : explain SELECT c FROM sbtest3 WHERE id=8623266
	Index Scan using sbtest3_pkey on sbtest3  (cost=0.43..8.45 rows=1 width=121)
	  Index Cond: (id = 8623266)

table 4 : explain SELECT c FROM sbtest4 WHERE id=6227637
	Index Scan using sbtest4_pkey on sbtest4  (cost=0.43..8.45 rows=1 width=121)
	  Index Cond: (id = 6227637)

table 5 : explain SELECT c FROM sbtest5 WHERE id=9386643
	Index Scan using sbtest5_pkey on sbtest5  (cost=0.43..8.45 rows=1 width=121)
	  Index Cond: (id = 9386643)

table 6 : explain SELECT c FROM sbtest6 WHERE id=7455123
	Index Scan using sbtest6_pkey on sbtest6  (cost=0.43..8.45 rows=1 width=121)
	  Index Cond: (id = 7455123)

table 7 : explain SELECT c FROM sbtest7 WHERE id=919902
	Index Scan using sbtest7_pkey on sbtest7  (cost=0.43..8.45 rows=1 width=121)
	  Index Cond: (id = 919902)

table 8 : explain SELECT c FROM sbtest8 WHERE id=3548459
	Index Scan using sbtest8_pkey on sbtest8  (cost=0.43..8.45 rows=1 width=121)
	  Index Cond: (id = 3548459)

for: simple_ranges
table 1 : explain SELECT c FROM sbtest1 WHERE id BETWEEN 6559076 AND 6559085
	Index Scan using sbtest1_pkey on sbtest1  (cost=0.43..42.80 rows=11 width=121)
	  Index Cond: ((id >= 6559076) AND (id <= 6559085))

table 2 : explain SELECT c FROM sbtest2 WHERE id BETWEEN 187407 AND 187416
	Index Scan using sbtest2_pkey on sbtest2  (cost=0.43..42.73 rows=11 width=121)
	  Index Cond: ((id >= 187407) AND (id <= 187416))

table 3 : explain SELECT c FROM sbtest3 WHERE id BETWEEN 8380873 AND 8380882
	Index Scan using sbtest3_pkey on sbtest3  (cost=0.43..39.05 rows=10 width=121)
	  Index Cond: ((id >= 8380873) AND (id <= 8380882))

table 4 : explain SELECT c FROM sbtest4 WHERE id BETWEEN 8412764 AND 8412773
	Index Scan using sbtest4_pkey on sbtest4  (cost=0.43..39.52 rows=10 width=121)
	  Index Cond: ((id >= 8412764) AND (id <= 8412773))

table 5 : explain SELECT c FROM sbtest5 WHERE id BETWEEN 7965364 AND 7965373
	Index Scan using sbtest5_pkey on sbtest5  (cost=0.43..39.32 rows=10 width=121)
	  Index Cond: ((id >= 7965364) AND (id <= 7965373))

table 6 : explain SELECT c FROM sbtest6 WHERE id BETWEEN 1685111 AND 1685120
	Index Scan using sbtest6_pkey on sbtest6  (cost=0.43..39.43 rows=10 width=121)
	  Index Cond: ((id >= 1685111) AND (id <= 1685120))

table 7 : explain SELECT c FROM sbtest7 WHERE id BETWEEN 5036960 AND 5036969
	Index Scan using sbtest7_pkey on sbtest7  (cost=0.43..39.53 rows=10 width=121)
	  Index Cond: ((id >= 5036960) AND (id <= 5036969))

table 8 : explain SELECT c FROM sbtest8 WHERE id BETWEEN 476321 AND 476330
	Index Scan using sbtest8_pkey on sbtest8  (cost=0.43..39.31 rows=10 width=121)
	  Index Cond: ((id >= 476321) AND (id <= 476330))

for point_selects
table 1 : explain SELECT c FROM sbtest1 WHERE id=5633630
	Index Scan using sbtest1_pkey on sbtest1  (cost=0.43..8.45 rows=1 width=121)
	  Index Cond: (id = 5633630)

table 2 : explain SELECT c FROM sbtest2 WHERE id=3665471
	Index Scan using sbtest2_pkey on sbtest2  (cost=0.43..8.45 rows=1 width=121)
	  Index Cond: (id = 3665471)

table 3 : explain SELECT c FROM sbtest3 WHERE id=7760411
	Index Scan using sbtest3_pkey on sbtest3  (cost=0.43..8.45 rows=1 width=121)
	  Index Cond: (id = 7760411)

table 4 : explain SELECT c FROM sbtest4 WHERE id=7159631
	Index Scan using sbtest4_pkey on sbtest4  (cost=0.43..8.45 rows=1 width=121)
	  Index Cond: (id = 7159631)

table 5 : explain SELECT c FROM sbtest5 WHERE id=5746544
	Index Scan using sbtest5_pkey on sbtest5  (cost=0.43..8.45 rows=1 width=121)
	  Index Cond: (id = 5746544)

table 6 : explain SELECT c FROM sbtest6 WHERE id=1946160
	Index Scan using sbtest6_pkey on sbtest6  (cost=0.43..8.45 rows=1 width=121)
	  Index Cond: (id = 1946160)

table 7 : explain SELECT c FROM sbtest7 WHERE id=1785161
	Index Scan using sbtest7_pkey on sbtest7  (cost=0.43..8.45 rows=1 width=121)
	  Index Cond: (id = 1785161)

table 8 : explain SELECT c FROM sbtest8 WHERE id=4829480
	Index Scan using sbtest8_pkey on sbtest8  (cost=0.43..8.45 rows=1 width=121)
	  Index Cond: (id = 4829480)

for: simple_ranges
table 1 : explain SELECT c FROM sbtest1 WHERE id BETWEEN 4628407 AND 4628416
	Index Scan using sbtest1_pkey on sbtest1  (cost=0.43..35.93 rows=9 width=121)
	  Index Cond: ((id >= 4628407) AND (id <= 4628416))

table 2 : explain SELECT c FROM sbtest2 WHERE id BETWEEN 1085056 AND 1085065
	Index Scan using sbtest2_pkey on sbtest2  (cost=0.43..39.30 rows=10 width=121)
	  Index Cond: ((id >= 1085056) AND (id <= 1085065))

table 3 : explain SELECT c FROM sbtest3 WHERE id BETWEEN 6959582 AND 6959591
	Index Scan using sbtest3_pkey on sbtest3  (cost=0.43..39.05 rows=10 width=121)
	  Index Cond: ((id >= 6959582) AND (id <= 6959591))

table 4 : explain SELECT c FROM sbtest4 WHERE id BETWEEN 9970583 AND 9970592
	Index Scan using sbtest4_pkey on sbtest4  (cost=0.43..39.52 rows=10 width=121)
	  Index Cond: ((id >= 9970583) AND (id <= 9970592))

table 5 : explain SELECT c FROM sbtest5 WHERE id BETWEEN 6013695 AND 6013704
	Index Scan using sbtest5_pkey on sbtest5  (cost=0.43..39.32 rows=10 width=121)
	  Index Cond: ((id >= 6013695) AND (id <= 6013704))

table 6 : explain SELECT c FROM sbtest6 WHERE id BETWEEN 6337841 AND 6337850
	Index Scan using sbtest6_pkey on sbtest6  (cost=0.43..39.43 rows=10 width=121)
	  Index Cond: ((id >= 6337841) AND (id <= 6337850))

table 7 : explain SELECT c FROM sbtest7 WHERE id BETWEEN 2968653 AND 2968662
	Index Scan using sbtest7_pkey on sbtest7  (cost=0.43..36.08 rows=9 width=121)
	  Index Cond: ((id >= 2968653) AND (id <= 2968662))

table 8 : explain SELECT c FROM sbtest8 WHERE id BETWEEN 8313815 AND 8313824
	Index Scan using sbtest8_pkey on sbtest8  (cost=0.43..42.74 rows=11 width=121)
	  Index Cond: ((id >= 8313815) AND (id <= 8313824))

for point_selects
table 1 : explain SELECT c FROM sbtest1 WHERE id=4974318
	Index Scan using sbtest1_pkey on sbtest1  (cost=0.43..8.45 rows=1 width=121)
	  Index Cond: (id = 4974318)

table 2 : explain SELECT c FROM sbtest2 WHERE id=629890
	Index Scan using sbtest2_pkey on sbtest2  (cost=0.43..8.45 rows=1 width=121)
	  Index Cond: (id = 629890)

table 3 : explain SELECT c FROM sbtest3 WHERE id=2261323
	Index Scan using sbtest3_pkey on sbtest3  (cost=0.43..8.45 rows=1 width=121)
	  Index Cond: (id = 2261323)

table 4 : explain SELECT c FROM sbtest4 WHERE id=6335724
	Index Scan using sbtest4_pkey on sbtest4  (cost=0.43..8.45 rows=1 width=121)
	  Index Cond: (id = 6335724)

table 5 : explain SELECT c FROM sbtest5 WHERE id=104721
	Index Scan using sbtest5_pkey on sbtest5  (cost=0.43..8.45 rows=1 width=121)
	  Index Cond: (id = 104721)

table 6 : explain SELECT c FROM sbtest6 WHERE id=9969402
	Index Scan using sbtest6_pkey on sbtest6  (cost=0.43..8.45 rows=1 width=121)
	  Index Cond: (id = 9969402)

table 7 : explain SELECT c FROM sbtest7 WHERE id=8739671
	Index Scan using sbtest7_pkey on sbtest7  (cost=0.43..8.45 rows=1 width=121)
	  Index Cond: (id = 8739671)

table 8 : explain SELECT c FROM sbtest8 WHERE id=1891104
	Index Scan using sbtest8_pkey on sbtest8  (cost=0.43..8.45 rows=1 width=121)
	  Index Cond: (id = 1891104)

for point_selects
table 1 : explain SELECT c FROM sbtest1 WHERE id=1507280
	Index Scan using sbtest1_pkey on sbtest1  (cost=0.43..8.45 rows=1 width=121)
	  Index Cond: (id = 1507280)

table 2 : explain SELECT c FROM sbtest2 WHERE id=2091980
	Index Scan using sbtest2_pkey on sbtest2  (cost=0.43..8.45 rows=1 width=121)
	  Index Cond: (id = 2091980)

table 3 : explain SELECT c FROM sbtest3 WHERE id=5555807
	Index Scan using sbtest3_pkey on sbtest3  (cost=0.43..8.45 rows=1 width=121)
	  Index Cond: (id = 5555807)

table 4 : explain SELECT c FROM sbtest4 WHERE id=5219575
	Index Scan using sbtest4_pkey on sbtest4  (cost=0.43..8.45 rows=1 width=121)
	  Index Cond: (id = 5219575)

table 5 : explain SELECT c FROM sbtest5 WHERE id=687266
	Index Scan using sbtest5_pkey on sbtest5  (cost=0.43..8.45 rows=1 width=121)
	  Index Cond: (id = 687266)

table 6 : explain SELECT c FROM sbtest6 WHERE id=7975209
	Index Scan using sbtest6_pkey on sbtest6  (cost=0.43..8.45 rows=1 width=121)
	  Index Cond: (id = 7975209)

table 7 : explain SELECT c FROM sbtest7 WHERE id=170109
	Index Scan using sbtest7_pkey on sbtest7  (cost=0.43..8.45 rows=1 width=121)
	  Index Cond: (id = 170109)

table 8 : explain SELECT c FROM sbtest8 WHERE id=1952025
	Index Scan using sbtest8_pkey on sbtest8  (cost=0.43..8.45 rows=1 width=121)
	  Index Cond: (id = 1952025)

for: simple_ranges
table 1 : explain SELECT c FROM sbtest1 WHERE id BETWEEN 887420 AND 887429
	Index Scan using sbtest1_pkey on sbtest1  (cost=0.43..39.37 rows=10 width=121)
	  Index Cond: ((id >= 887420) AND (id <= 887429))

table 2 : explain SELECT c FROM sbtest2 WHERE id BETWEEN 7912512 AND 7912521
	Index Scan using sbtest2_pkey on sbtest2  (cost=0.43..39.30 rows=10 width=121)
	  Index Cond: ((id >= 7912512) AND (id <= 7912521))

table 3 : explain SELECT c FROM sbtest3 WHERE id BETWEEN 2693384 AND 2693393
	Index Scan using sbtest3_pkey on sbtest3  (cost=0.43..39.05 rows=10 width=121)
	  Index Cond: ((id >= 2693384) AND (id <= 2693393))

table 4 : explain SELECT c FROM sbtest4 WHERE id BETWEEN 7467871 AND 7467880
	Index Scan using sbtest4_pkey on sbtest4  (cost=0.43..42.97 rows=11 width=121)
	  Index Cond: ((id >= 7467871) AND (id <= 7467880))

table 5 : explain SELECT c FROM sbtest5 WHERE id BETWEEN 8320272 AND 8320281
	Index Scan using sbtest5_pkey on sbtest5  (cost=0.43..39.32 rows=10 width=121)
	  Index Cond: ((id >= 8320272) AND (id <= 8320281))

table 6 : explain SELECT c FROM sbtest6 WHERE id BETWEEN 3841914 AND 3841923
	Index Scan using sbtest6_pkey on sbtest6  (cost=0.43..39.43 rows=10 width=121)
	  Index Cond: ((id >= 3841914) AND (id <= 3841923))

table 7 : explain SELECT c FROM sbtest7 WHERE id BETWEEN 892301 AND 892310
	Index Scan using sbtest7_pkey on sbtest7  (cost=0.43..39.53 rows=10 width=121)
	  Index Cond: ((id >= 892301) AND (id <= 892310))

table 8 : explain SELECT c FROM sbtest8 WHERE id BETWEEN 5902303 AND 5902312
	Index Scan using sbtest8_pkey on sbtest8  (cost=0.43..39.31 rows=10 width=121)
	  Index Cond: ((id >= 5902303) AND (id <= 5902312))

explain: for point_selects :: explain SELECT c FROM sbtest%u WHERE id=%u
for: simple_ranges
table 1 : explain SELECT c FROM sbtest1 WHERE id BETWEEN 8130794 AND 8130803
	Index Scan using sbtest1_pkey on sbtest1  (cost=0.43..35.93 rows=9 width=121)
	  Index Cond: ((id >= 8130794) AND (id <= 8130803))

table 2 : explain SELECT c FROM sbtest2 WHERE id BETWEEN 7710889 AND 7710898
	Index Scan using sbtest2_pkey on sbtest2  (cost=0.43..39.30 rows=10 width=121)
	  Index Cond: ((id >= 7710889) AND (id <= 7710898))

table 3 : explain SELECT c FROM sbtest3 WHERE id BETWEEN 412818 AND 412827
	Index Scan using sbtest3_pkey on sbtest3  (cost=0.43..35.65 rows=9 width=121)
	  Index Cond: ((id >= 412818) AND (id <= 412827))

table 4 : explain SELECT c FROM sbtest4 WHERE id BETWEEN 6921907 AND 6921916
	Index Scan using sbtest4_pkey on sbtest4  (cost=0.43..39.52 rows=10 width=121)
	  Index Cond: ((id >= 6921907) AND (id <= 6921916))

table 5 : explain SELECT c FROM sbtest5 WHERE id BETWEEN 9524605 AND 9524614
	Index Scan using sbtest5_pkey on sbtest5  (cost=0.43..39.32 rows=10 width=121)
	  Index Cond: ((id >= 9524605) AND (id <= 9524614))

table 6 : explain SELECT c FROM sbtest6 WHERE id BETWEEN 5665341 AND 5665350
	Index Scan using sbtest6_pkey on sbtest6  (cost=0.43..39.43 rows=10 width=121)
	  Index Cond: ((id >= 5665341) AND (id <= 5665350))

table 7 : explain SELECT c FROM sbtest7 WHERE id BETWEEN 9792808 AND 9792817
	Index Scan using sbtest7_pkey on sbtest7  (cost=0.43..39.53 rows=10 width=121)
	  Index Cond: ((id >= 9792808) AND (id <= 9792817))

table 8 : explain SELECT c FROM sbtest8 WHERE id BETWEEN 2489671 AND 2489680
	Index Scan using sbtest8_pkey on sbtest8  (cost=0.43..35.88 rows=9 width=121)
	  Index Cond: ((id >= 2489671) AND (id <= 2489680))

for: simple_ranges
table 1 : explain SELECT c FROM sbtest1 WHERE id BETWEEN 9346112 AND 9346121
	Index Scan using sbtest1_pkey on sbtest1  (cost=0.43..39.37 rows=10 width=121)
	  Index Cond: ((id >= 9346112) AND (id <= 9346121))

table 2 : explain SELECT c FROM sbtest2 WHERE id BETWEEN 3455020 AND 3455029
	Index Scan using sbtest2_pkey on sbtest2  (cost=0.43..39.30 rows=10 width=121)
	  Index Cond: ((id >= 3455020) AND (id <= 3455029))

table 3 : explain SELECT c FROM sbtest3 WHERE id BETWEEN 8980575 AND 8980584
	Index Scan using sbtest3_pkey on sbtest3  (cost=0.43..42.45 rows=11 width=121)
	  Index Cond: ((id >= 8980575) AND (id <= 8980584))

table 4 : explain SELECT c FROM sbtest4 WHERE id BETWEEN 4049295 AND 4049304
	Index Scan using sbtest4_pkey on sbtest4  (cost=0.43..42.97 rows=11 width=121)
	  Index Cond: ((id >= 4049295) AND (id <= 4049304))

table 5 : explain SELECT c FROM sbtest5 WHERE id BETWEEN 4249728 AND 4249737
	Index Scan using sbtest5_pkey on sbtest5  (cost=0.43..42.75 rows=11 width=121)
	  Index Cond: ((id >= 4249728) AND (id <= 4249737))

table 6 : explain SELECT c FROM sbtest6 WHERE id BETWEEN 8738008 AND 8738017
	Index Scan using sbtest6_pkey on sbtest6  (cost=0.43..35.99 rows=9 width=121)
	  Index Cond: ((id >= 8738008) AND (id <= 8738017))

table 7 : explain SELECT c FROM sbtest7 WHERE id BETWEEN 2942414 AND 2942423
	Index Scan using sbtest7_pkey on sbtest7  (cost=0.43..36.08 rows=9 width=121)
	  Index Cond: ((id >= 2942414) AND (id <= 2942423))

table 8 : explain SELECT c FROM sbtest8 WHERE id BETWEEN 6182706 AND 6182715
	Index Scan using sbtest8_pkey on sbtest8  (cost=0.43..39.31 rows=10 width=121)
	  Index Cond: ((id >= 6182706) AND (id <= 6182715))

for: sum_ranges
table 1 : explain SELECT SUM(k) FROM sbtest1 WHERE id BETWEEN 3301126 AND 3301135
	Aggregate  (cost=39.39..39.40 rows=1 width=8)
	  ->  Index Scan using sbtest1_pkey on sbtest1  (cost=0.43..39.37 rows=10 width=4)
	        Index Cond: ((id >= 3301126) AND (id <= 3301135))

table 2 : explain SELECT SUM(k) FROM sbtest2 WHERE id BETWEEN 5944668 AND 5944677
	Aggregate  (cost=42.76..42.77 rows=1 width=8)
	  ->  Index Scan using sbtest2_pkey on sbtest2  (cost=0.43..42.73 rows=11 width=4)
	        Index Cond: ((id >= 5944668) AND (id <= 5944677))

table 3 : explain SELECT SUM(k) FROM sbtest3 WHERE id BETWEEN 4430765 AND 4430774
	Aggregate  (cost=39.08..39.09 rows=1 width=8)
	  ->  Index Scan using sbtest3_pkey on sbtest3  (cost=0.43..39.05 rows=10 width=4)
	        Index Cond: ((id >= 4430765) AND (id <= 4430774))

table 4 : explain SELECT SUM(k) FROM sbtest4 WHERE id BETWEEN 2708937 AND 2708946
	Aggregate  (cost=39.55..39.56 rows=1 width=8)
	  ->  Index Scan using sbtest4_pkey on sbtest4  (cost=0.43..39.52 rows=10 width=4)
	        Index Cond: ((id >= 2708937) AND (id <= 2708946))

table 5 : explain SELECT SUM(k) FROM sbtest5 WHERE id BETWEEN 1453293 AND 1453302
	Aggregate  (cost=35.91..35.92 rows=1 width=8)
	  ->  Index Scan using sbtest5_pkey on sbtest5  (cost=0.43..35.89 rows=9 width=4)
	        Index Cond: ((id >= 1453293) AND (id <= 1453302))

table 6 : explain SELECT SUM(k) FROM sbtest6 WHERE id BETWEEN 4795507 AND 4795516
	Aggregate  (cost=39.46..39.47 rows=1 width=8)
	  ->  Index Scan using sbtest6_pkey on sbtest6  (cost=0.43..39.43 rows=10 width=4)
	        Index Cond: ((id >= 4795507) AND (id <= 4795516))

table 7 : explain SELECT SUM(k) FROM sbtest7 WHERE id BETWEEN 4923951 AND 4923960
	Aggregate  (cost=36.10..36.11 rows=1 width=8)
	  ->  Index Scan using sbtest7_pkey on sbtest7  (cost=0.43..36.08 rows=9 width=4)
	        Index Cond: ((id >= 4923951) AND (id <= 4923960))

table 8 : explain SELECT SUM(k) FROM sbtest8 WHERE id BETWEEN 6267741 AND 6267750
	Aggregate  (cost=39.34..39.35 rows=1 width=8)
	  ->  Index Scan using sbtest8_pkey on sbtest8  (cost=0.43..39.31 rows=10 width=4)
	        Index Cond: ((id >= 6267741) AND (id <= 6267750))

explain: for point_selects :: explain SELECT c FROM sbtest%u WHERE id=%u
explain: for point_selects :: explain SELECT c FROM sbtest%u WHERE id=%u
for: sum_ranges
table 1 : explain SELECT SUM(k) FROM sbtest1 WHERE id BETWEEN 6256554 AND 6256563
	Aggregate  (cost=39.39..39.40 rows=1 width=8)
	  ->  Index Scan using sbtest1_pkey on sbtest1  (cost=0.43..39.37 rows=10 width=4)
	        Index Cond: ((id >= 6256554) AND (id <= 6256563))

table 2 : explain SELECT SUM(k) FROM sbtest2 WHERE id BETWEEN 2878810 AND 2878819
	Aggregate  (cost=39.33..39.34 rows=1 width=8)
	  ->  Index Scan using sbtest2_pkey on sbtest2  (cost=0.43..39.30 rows=10 width=4)
	        Index Cond: ((id >= 2878810) AND (id <= 2878819))

table 3 : explain SELECT SUM(k) FROM sbtest3 WHERE id BETWEEN 4281193 AND 4281202
	Aggregate  (cost=42.48..42.49 rows=1 width=8)
	  ->  Index Scan using sbtest3_pkey on sbtest3  (cost=0.43..42.45 rows=11 width=4)
	        Index Cond: ((id >= 4281193) AND (id <= 4281202))

table 4 : explain SELECT SUM(k) FROM sbtest4 WHERE id BETWEEN 5384194 AND 5384203
	Aggregate  (cost=39.55..39.56 rows=1 width=8)
	  ->  Index Scan using sbtest4_pkey on sbtest4  (cost=0.43..39.52 rows=10 width=4)
	        Index Cond: ((id >= 5384194) AND (id <= 5384203))

table 5 : explain SELECT SUM(k) FROM sbtest5 WHERE id BETWEEN 1110491 AND 1110500
	Aggregate  (cost=35.91..35.92 rows=1 width=8)
	  ->  Index Scan using sbtest5_pkey on sbtest5  (cost=0.43..35.89 rows=9 width=4)
	        Index Cond: ((id >= 1110491) AND (id <= 1110500))

table 6 : explain SELECT SUM(k) FROM sbtest6 WHERE id BETWEEN 2122820 AND 2122829
	Aggregate  (cost=36.01..36.02 rows=1 width=8)
	  ->  Index Scan using sbtest6_pkey on sbtest6  (cost=0.43..35.99 rows=9 width=4)
	        Index Cond: ((id >= 2122820) AND (id <= 2122829))

table 7 : explain SELECT SUM(k) FROM sbtest7 WHERE id BETWEEN 1696125 AND 1696134
	Aggregate  (cost=39.55..39.56 rows=1 width=8)
	  ->  Index Scan using sbtest7_pkey on sbtest7  (cost=0.43..39.53 rows=10 width=4)
	        Index Cond: ((id >= 1696125) AND (id <= 1696134))

table 8 : explain SELECT SUM(k) FROM sbtest8 WHERE id BETWEEN 2247188 AND 2247197
	Aggregate  (cost=39.34..39.35 rows=1 width=8)
	  ->  Index Scan using sbtest8_pkey on sbtest8  (cost=0.43..39.31 rows=10 width=4)
	        Index Cond: ((id >= 2247188) AND (id <= 2247197))

for: sum_ranges
table 1 : explain SELECT SUM(k) FROM sbtest1 WHERE id BETWEEN 9134136 AND 9134145
	Aggregate  (cost=42.83..42.84 rows=1 width=8)
	  ->  Index Scan using sbtest1_pkey on sbtest1  (cost=0.43..42.80 rows=11 width=4)
	        Index Cond: ((id >= 9134136) AND (id <= 9134145))

table 2 : explain SELECT SUM(k) FROM sbtest2 WHERE id BETWEEN 5511298 AND 5511307
	Aggregate  (cost=39.33..39.34 rows=1 width=8)
	  ->  Index Scan using sbtest2_pkey on sbtest2  (cost=0.43..39.30 rows=10 width=4)
	        Index Cond: ((id >= 5511298) AND (id <= 5511307))

table 3 : explain SELECT SUM(k) FROM sbtest3 WHERE id BETWEEN 5460946 AND 5460955
	Aggregate  (cost=39.08..39.09 rows=1 width=8)
	  ->  Index Scan using sbtest3_pkey on sbtest3  (cost=0.43..39.05 rows=10 width=4)
	        Index Cond: ((id >= 5460946) AND (id <= 5460955))

table 4 : explain SELECT SUM(k) FROM sbtest4 WHERE id BETWEEN 6921938 AND 6921947
	Aggregate  (cost=39.55..39.56 rows=1 width=8)
	  ->  Index Scan using sbtest4_pkey on sbtest4  (cost=0.43..39.52 rows=10 width=4)
	        Index Cond: ((id >= 6921938) AND (id <= 6921947))

table 5 : explain SELECT SUM(k) FROM sbtest5 WHERE id BETWEEN 5911249 AND 5911258
	Aggregate  (cost=39.34..39.35 rows=1 width=8)
	  ->  Index Scan using sbtest5_pkey on sbtest5  (cost=0.43..39.32 rows=10 width=4)
	        Index Cond: ((id >= 5911249) AND (id <= 5911258))

table 6 : explain SELECT SUM(k) FROM sbtest6 WHERE id BETWEEN 1423830 AND 1423839
	Aggregate  (cost=39.46..39.47 rows=1 width=8)
	  ->  Index Scan using sbtest6_pkey on sbtest6  (cost=0.43..39.43 rows=10 width=4)
	        Index Cond: ((id >= 1423830) AND (id <= 1423839))

table 7 : explain SELECT SUM(k) FROM sbtest7 WHERE id BETWEEN 670780 AND 670789
	Aggregate  (cost=39.55..39.56 rows=1 width=8)
	  ->  Index Scan using sbtest7_pkey on sbtest7  (cost=0.43..39.53 rows=10 width=4)
	        Index Cond: ((id >= 670780) AND (id <= 670789))

table 8 : explain SELECT SUM(k) FROM sbtest8 WHERE id BETWEEN 4613024 AND 4613033
	Aggregate  (cost=39.34..39.35 rows=1 width=8)
	  ->  Index Scan using sbtest8_pkey on sbtest8  (cost=0.43..39.31 rows=10 width=4)
	        Index Cond: ((id >= 4613024) AND (id <= 4613033))

for point_selects
table 1 : explain SELECT c FROM sbtest1 WHERE id=8554864
	Index Scan using sbtest1_pkey on sbtest1  (cost=0.43..8.45 rows=1 width=121)
	  Index Cond: (id = 8554864)

table 2 : explain SELECT c FROM sbtest2 WHERE id=972781
	Index Scan using sbtest2_pkey on sbtest2  (cost=0.43..8.45 rows=1 width=121)
	  Index Cond: (id = 972781)

table 3 : explain SELECT c FROM sbtest3 WHERE id=4366945
	Index Scan using sbtest3_pkey on sbtest3  (cost=0.43..8.45 rows=1 width=121)
	  Index Cond: (id = 4366945)

table 4 : explain SELECT c FROM sbtest4 WHERE id=3919697
	Index Scan using sbtest4_pkey on sbtest4  (cost=0.43..8.45 rows=1 width=121)
	  Index Cond: (id = 3919697)

table 5 : explain SELECT c FROM sbtest5 WHERE id=6420924
	Index Scan using sbtest5_pkey on sbtest5  (cost=0.43..8.45 rows=1 width=121)
	  Index Cond: (id = 6420924)

table 6 : explain SELECT c FROM sbtest6 WHERE id=3528296
	Index Scan using sbtest6_pkey on sbtest6  (cost=0.43..8.45 rows=1 width=121)
	  Index Cond: (id = 3528296)

table 7 : explain SELECT c FROM sbtest7 WHERE id=4452248
	Index Scan using sbtest7_pkey on sbtest7  (cost=0.43..8.45 rows=1 width=121)
	  Index Cond: (id = 4452248)

table 8 : explain SELECT c FROM sbtest8 WHERE id=8389861
	Index Scan using sbtest8_pkey on sbtest8  (cost=0.43..8.45 rows=1 width=121)
	  Index Cond: (id = 8389861)

for: sum_ranges
table 1 : explain SELECT SUM(k) FROM sbtest1 WHERE id BETWEEN 1977510 AND 1977519
	Aggregate  (cost=35.95..35.96 rows=1 width=8)
	  ->  Index Scan using sbtest1_pkey on sbtest1  (cost=0.43..35.93 rows=9 width=4)
	        Index Cond: ((id >= 1977510) AND (id <= 1977519))

table 2 : explain SELECT SUM(k) FROM sbtest2 WHERE id BETWEEN 6622417 AND 6622426
	Aggregate  (cost=42.76..42.77 rows=1 width=8)
	  ->  Index Scan using sbtest2_pkey on sbtest2  (cost=0.43..42.73 rows=11 width=4)
	        Index Cond: ((id >= 6622417) AND (id <= 6622426))

table 3 : explain SELECT SUM(k) FROM sbtest3 WHERE id BETWEEN 2668927 AND 2668936
	Aggregate  (cost=39.08..39.09 rows=1 width=8)
	  ->  Index Scan using sbtest3_pkey on sbtest3  (cost=0.43..39.05 rows=10 width=4)
	        Index Cond: ((id >= 2668927) AND (id <= 2668936))

table 4 : explain SELECT SUM(k) FROM sbtest4 WHERE id BETWEEN 6795548 AND 6795557
	Aggregate  (cost=36.09..36.10 rows=1 width=8)
	  ->  Index Scan using sbtest4_pkey on sbtest4  (cost=0.43..36.07 rows=9 width=4)
	        Index Cond: ((id >= 6795548) AND (id <= 6795557))

table 5 : explain SELECT SUM(k) FROM sbtest5 WHERE id BETWEEN 1271707 AND 1271716
	Aggregate  (cost=39.34..39.35 rows=1 width=8)
	  ->  Index Scan using sbtest5_pkey on sbtest5  (cost=0.43..39.32 rows=10 width=4)
	        Index Cond: ((id >= 1271707) AND (id <= 1271716))

table 6 : explain SELECT SUM(k) FROM sbtest6 WHERE id BETWEEN 1080396 AND 1080405
	Aggregate  (cost=36.01..36.02 rows=1 width=8)
	  ->  Index Scan using sbtest6_pkey on sbtest6  (cost=0.43..35.99 rows=9 width=4)
	        Index Cond: ((id >= 1080396) AND (id <= 1080405))

table 7 : explain SELECT SUM(k) FROM sbtest7 WHERE id BETWEEN 2941536 AND 2941545
	Aggregate  (cost=36.10..36.11 rows=1 width=8)
	  ->  Index Scan using sbtest7_pkey on sbtest7  (cost=0.43..36.08 rows=9 width=4)
	        Index Cond: ((id >= 2941536) AND (id <= 2941545))

table 8 : explain SELECT SUM(k) FROM sbtest8 WHERE id BETWEEN 3488668 AND 3488677
	Aggregate  (cost=39.34..39.35 rows=1 width=8)
	  ->  Index Scan using sbtest8_pkey on sbtest8  (cost=0.43..39.31 rows=10 width=4)
	        Index Cond: ((id >= 3488668) AND (id <= 3488677))

for: sum_ranges
table 1 : explain SELECT SUM(k) FROM sbtest1 WHERE id BETWEEN 5015568 AND 5015577
	Aggregate  (cost=42.83..42.84 rows=1 width=8)
	  ->  Index Scan using sbtest1_pkey on sbtest1  (cost=0.43..42.80 rows=11 width=4)
	        Index Cond: ((id >= 5015568) AND (id <= 5015577))

table 2 : explain SELECT SUM(k) FROM sbtest2 WHERE id BETWEEN 1449352 AND 1449361
	Aggregate  (cost=35.90..35.91 rows=1 width=8)
	  ->  Index Scan using sbtest2_pkey on sbtest2  (cost=0.43..35.87 rows=9 width=4)
	        Index Cond: ((id >= 1449352) AND (id <= 1449361))

table 3 : explain SELECT SUM(k) FROM sbtest3 WHERE id BETWEEN 9028599 AND 9028608
	Aggregate  (cost=39.08..39.09 rows=1 width=8)
	  ->  Index Scan using sbtest3_pkey on sbtest3  (cost=0.43..39.05 rows=10 width=4)
	        Index Cond: ((id >= 9028599) AND (id <= 9028608))

table 4 : explain SELECT SUM(k) FROM sbtest4 WHERE id BETWEEN 4632023 AND 4632032
	Aggregate  (cost=39.55..39.56 rows=1 width=8)
	  ->  Index Scan using sbtest4_pkey on sbtest4  (cost=0.43..39.52 rows=10 width=4)
	        Index Cond: ((id >= 4632023) AND (id <= 4632032))

table 5 : explain SELECT SUM(k) FROM sbtest5 WHERE id BETWEEN 3742815 AND 3742824
	Aggregate  (cost=39.34..39.35 rows=1 width=8)
	  ->  Index Scan using sbtest5_pkey on sbtest5  (cost=0.43..39.32 rows=10 width=4)
	        Index Cond: ((id >= 3742815) AND (id <= 3742824))

table 6 : explain SELECT SUM(k) FROM sbtest6 WHERE id BETWEEN 8949298 AND 8949307
	Aggregate  (cost=39.46..39.47 rows=1 width=8)
	  ->  Index Scan using sbtest6_pkey on sbtest6  (cost=0.43..39.43 rows=10 width=4)
	        Index Cond: ((id >= 8949298) AND (id <= 8949307))

table 7 : explain SELECT SUM(k) FROM sbtest7 WHERE id BETWEEN 2826979 AND 2826988
	Aggregate  (cost=39.55..39.56 rows=1 width=8)
	  ->  Index Scan using sbtest7_pkey on sbtest7  (cost=0.43..39.53 rows=10 width=4)
	        Index Cond: ((id >= 2826979) AND (id <= 2826988))

table 8 : explain SELECT SUM(k) FROM sbtest8 WHERE id BETWEEN 5749769 AND 5749778
	Aggregate  (cost=39.34..39.35 rows=1 width=8)
	  ->  Index Scan using sbtest8_pkey on sbtest8  (cost=0.43..39.31 rows=10 width=4)
	        Index Cond: ((id >= 5749769) AND (id <= 5749778))

for: simple_ranges
table 1 : explain SELECT c FROM sbtest1 WHERE id BETWEEN 4125085 AND 4125094
	Index Scan using sbtest1_pkey on sbtest1  (cost=0.43..35.93 rows=9 width=121)
	  Index Cond: ((id >= 4125085) AND (id <= 4125094))

table 2 : explain SELECT c FROM sbtest2 WHERE id BETWEEN 2841448 AND 2841457
	Index Scan using sbtest2_pkey on sbtest2  (cost=0.43..39.30 rows=10 width=121)
	  Index Cond: ((id >= 2841448) AND (id <= 2841457))

table 3 : explain SELECT c FROM sbtest3 WHERE id BETWEEN 8827738 AND 8827747
	Index Scan using sbtest3_pkey on sbtest3  (cost=0.43..35.65 rows=9 width=121)
	  Index Cond: ((id >= 8827738) AND (id <= 8827747))

table 4 : explain SELECT c FROM sbtest4 WHERE id BETWEEN 630249 AND 630258
	Index Scan using sbtest4_pkey on sbtest4  (cost=0.43..36.07 rows=9 width=121)
	  Index Cond: ((id >= 630249) AND (id <= 630258))

table 5 : explain SELECT c FROM sbtest5 WHERE id BETWEEN 5621697 AND 5621706
	Index Scan using sbtest5_pkey on sbtest5  (cost=0.43..39.32 rows=10 width=121)
	  Index Cond: ((id >= 5621697) AND (id <= 5621706))

table 6 : explain SELECT c FROM sbtest6 WHERE id BETWEEN 9559133 AND 9559142
	Index Scan using sbtest6_pkey on sbtest6  (cost=0.43..39.43 rows=10 width=121)
	  Index Cond: ((id >= 9559133) AND (id <= 9559142))

table 7 : explain SELECT c FROM sbtest7 WHERE id BETWEEN 2658470 AND 2658479
	Index Scan using sbtest7_pkey on sbtest7  (cost=0.43..39.53 rows=10 width=121)
	  Index Cond: ((id >= 2658470) AND (id <= 2658479))

table 8 : explain SELECT c FROM sbtest8 WHERE id BETWEEN 2712316 AND 2712325
	Index Scan using sbtest8_pkey on sbtest8  (cost=0.43..35.88 rows=9 width=121)
	  Index Cond: ((id >= 2712316) AND (id <= 2712325))

for point_selects
table 1 : explain SELECT c FROM sbtest1 WHERE id=8253583
	Index Scan using sbtest1_pkey on sbtest1  (cost=0.43..8.45 rows=1 width=121)
	  Index Cond: (id = 8253583)

table 2 : explain SELECT c FROM sbtest2 WHERE id=8896699
	Index Scan using sbtest2_pkey on sbtest2  (cost=0.43..8.45 rows=1 width=121)
	  Index Cond: (id = 8896699)

table 3 : explain SELECT c FROM sbtest3 WHERE id=5412940
	Index Scan using sbtest3_pkey on sbtest3  (cost=0.43..8.45 rows=1 width=121)
	  Index Cond: (id = 5412940)

table 4 : explain SELECT c FROM sbtest4 WHERE id=6670975
	Index Scan using sbtest4_pkey on sbtest4  (cost=0.43..8.45 rows=1 width=121)
	  Index Cond: (id = 6670975)

table 5 : explain SELECT c FROM sbtest5 WHERE id=2476408
	Index Scan using sbtest5_pkey on sbtest5  (cost=0.43..8.45 rows=1 width=121)
	  Index Cond: (id = 2476408)

table 6 : explain SELECT c FROM sbtest6 WHERE id=7257783
	Index Scan using sbtest6_pkey on sbtest6  (cost=0.43..8.45 rows=1 width=121)
	  Index Cond: (id = 7257783)

table 7 : explain SELECT c FROM sbtest7 WHERE id=8750042
	Index Scan using sbtest7_pkey on sbtest7  (cost=0.43..8.45 rows=1 width=121)
	  Index Cond: (id = 8750042)

table 8 : explain SELECT c FROM sbtest8 WHERE id=2286840
	Index Scan using sbtest8_pkey on sbtest8  (cost=0.43..8.45 rows=1 width=121)
	  Index Cond: (id = 2286840)

explain: for point_selects :: explain SELECT c FROM sbtest%u WHERE id=%u
for: simple_ranges
table 1 : explain SELECT c FROM sbtest1 WHERE id BETWEEN 1651172 AND 1651181
	Index Scan using sbtest1_pkey on sbtest1  (cost=0.43..39.37 rows=10 width=121)
	  Index Cond: ((id >= 1651172) AND (id <= 1651181))

table 2 : explain SELECT c FROM sbtest2 WHERE id BETWEEN 4931319 AND 4931328
	Index Scan using sbtest2_pkey on sbtest2  (cost=0.43..39.30 rows=10 width=121)
	  Index Cond: ((id >= 4931319) AND (id <= 4931328))

table 3 : explain SELECT c FROM sbtest3 WHERE id BETWEEN 644887 AND 644896
	Index Scan using sbtest3_pkey on sbtest3  (cost=0.43..42.45 rows=11 width=121)
	  Index Cond: ((id >= 644887) AND (id <= 644896))

table 4 : explain SELECT c FROM sbtest4 WHERE id BETWEEN 7030531 AND 7030540
	Index Scan using sbtest4_pkey on sbtest4  (cost=0.43..42.97 rows=11 width=121)
	  Index Cond: ((id >= 7030531) AND (id <= 7030540))

table 5 : explain SELECT c FROM sbtest5 WHERE id BETWEEN 3758335 AND 3758344
	Index Scan using sbtest5_pkey on sbtest5  (cost=0.43..39.32 rows=10 width=121)
	  Index Cond: ((id >= 3758335) AND (id <= 3758344))

table 6 : explain SELECT c FROM sbtest6 WHERE id BETWEEN 9051371 AND 9051380
	Index Scan using sbtest6_pkey on sbtest6  (cost=0.43..39.43 rows=10 width=121)
	  Index Cond: ((id >= 9051371) AND (id <= 9051380))

table 7 : explain SELECT c FROM sbtest7 WHERE id BETWEEN 1301668 AND 1301677
	Index Scan using sbtest7_pkey on sbtest7  (cost=0.43..36.08 rows=9 width=121)
	  Index Cond: ((id >= 1301668) AND (id <= 1301677))

table 8 : explain SELECT c FROM sbtest8 WHERE id BETWEEN 3011581 AND 3011590
	Index Scan using sbtest8_pkey on sbtest8  (cost=0.43..42.74 rows=11 width=121)
	  Index Cond: ((id >= 3011581) AND (id <= 3011590))

for point_selects
table 1 : explain SELECT c FROM sbtest1 WHERE id=6154562
	Index Scan using sbtest1_pkey on sbtest1  (cost=0.43..8.45 rows=1 width=121)
	  Index Cond: (id = 6154562)

table 2 : explain SELECT c FROM sbtest2 WHERE id=14856
	Index Scan using sbtest2_pkey on sbtest2  (cost=0.43..8.45 rows=1 width=121)
	  Index Cond: (id = 14856)

table 3 : explain SELECT c FROM sbtest3 WHERE id=1126660
	Index Scan using sbtest3_pkey on sbtest3  (cost=0.43..8.45 rows=1 width=121)
	  Index Cond: (id = 1126660)

table 4 : explain SELECT c FROM sbtest4 WHERE id=4205201
	Index Scan using sbtest4_pkey on sbtest4  (cost=0.43..8.45 rows=1 width=121)
	  Index Cond: (id = 4205201)

table 5 : explain SELECT c FROM sbtest5 WHERE id=195807
	Index Scan using sbtest5_pkey on sbtest5  (cost=0.43..8.45 rows=1 width=121)
	  Index Cond: (id = 195807)

table 6 : explain SELECT c FROM sbtest6 WHERE id=5567082
	Index Scan using sbtest6_pkey on sbtest6  (cost=0.43..8.45 rows=1 width=121)
	  Index Cond: (id = 5567082)

table 7 : explain SELECT c FROM sbtest7 WHERE id=4882445
	Index Scan using sbtest7_pkey on sbtest7  (cost=0.43..8.45 rows=1 width=121)
	  Index Cond: (id = 4882445)

table 8 : explain SELECT c FROM sbtest8 WHERE id=9907450
	Index Scan using sbtest8_pkey on sbtest8  (cost=0.43..8.45 rows=1 width=121)
	  Index Cond: (id = 9907450)

explain: for point_selects :: explain SELECT c FROM sbtest%u WHERE id=%u
explain: for point_selects :: explain SELECT c FROM sbtest%u WHERE id=%u
explain: for point_selects :: explain SELECT c FROM sbtest%u WHERE id=%u
for: order_ranges
table 1 : explain SELECT c FROM sbtest1 WHERE id BETWEEN 6697249 AND 6697258 ORDER BY c
	Sort  (cost=36.07..36.10 rows=9 width=121)
	  Sort Key: c
	  ->  Index Scan using sbtest1_pkey on sbtest1  (cost=0.43..35.93 rows=9 width=121)
	        Index Cond: ((id >= 6697249) AND (id <= 6697258))

table 2 : explain SELECT c FROM sbtest2 WHERE id BETWEEN 281311 AND 281320 ORDER BY c
	Sort  (cost=39.47..39.49 rows=10 width=121)
	  Sort Key: c
	  ->  Index Scan using sbtest2_pkey on sbtest2  (cost=0.43..39.30 rows=10 width=121)
	        Index Cond: ((id >= 281311) AND (id <= 281320))

table 3 : explain SELECT c FROM sbtest3 WHERE id BETWEEN 8123413 AND 8123422 ORDER BY c
	Sort  (cost=39.22..39.25 rows=10 width=121)
	  Sort Key: c
	  ->  Index Scan using sbtest3_pkey on sbtest3  (cost=0.43..39.05 rows=10 width=121)
	        Index Cond: ((id >= 8123413) AND (id <= 8123422))

table 4 : explain SELECT c FROM sbtest4 WHERE id BETWEEN 914832 AND 914841 ORDER BY c
	Sort  (cost=39.69..39.71 rows=10 width=121)
	  Sort Key: c
	  ->  Index Scan using sbtest4_pkey on sbtest4  (cost=0.43..39.52 rows=10 width=121)
	        Index Cond: ((id >= 914832) AND (id <= 914841))

table 5 : explain SELECT c FROM sbtest5 WHERE id BETWEEN 5704423 AND 5704432 ORDER BY c
	Sort  (cost=42.94..42.97 rows=11 width=121)
	  Sort Key: c
	  ->  Index Scan using sbtest5_pkey on sbtest5  (cost=0.43..42.75 rows=11 width=121)
	        Index Cond: ((id >= 5704423) AND (id <= 5704432))

table 6 : explain SELECT c FROM sbtest6 WHERE id BETWEEN 4337826 AND 4337835 ORDER BY c
	Sort  (cost=36.13..36.16 rows=9 width=121)
	  Sort Key: c
	  ->  Index Scan using sbtest6_pkey on sbtest6  (cost=0.43..35.99 rows=9 width=121)
	        Index Cond: ((id >= 4337826) AND (id <= 4337835))

table 7 : explain SELECT c FROM sbtest7 WHERE id BETWEEN 863506 AND 863515 ORDER BY c
	Sort  (cost=39.70..39.72 rows=10 width=121)
	  Sort Key: c
	  ->  Index Scan using sbtest7_pkey on sbtest7  (cost=0.43..39.53 rows=10 width=121)
	        Index Cond: ((id >= 863506) AND (id <= 863515))

table 8 : explain SELECT c FROM sbtest8 WHERE id BETWEEN 6192508 AND 6192517 ORDER BY c
	Sort  (cost=39.48..39.50 rows=10 width=121)
	  Sort Key: c
	  ->  Index Scan using sbtest8_pkey on sbtest8  (cost=0.43..39.31 rows=10 width=121)
	        Index Cond: ((id >= 6192508) AND (id <= 6192517))

for: order_ranges
table 1 : explain SELECT c FROM sbtest1 WHERE id BETWEEN 6736922 AND 6736931 ORDER BY c
	Sort  (cost=36.07..36.10 rows=9 width=121)
	  Sort Key: c
	  ->  Index Scan using sbtest1_pkey on sbtest1  (cost=0.43..35.93 rows=9 width=121)
	        Index Cond: ((id >= 6736922) AND (id <= 6736931))

table 2 : explain SELECT c FROM sbtest2 WHERE id BETWEEN 9205600 AND 9205609 ORDER BY c
	Sort  (cost=39.47..39.49 rows=10 width=121)
	  Sort Key: c
	  ->  Index Scan using sbtest2_pkey on sbtest2  (cost=0.43..39.30 rows=10 width=121)
	        Index Cond: ((id >= 9205600) AND (id <= 9205609))

table 3 : explain SELECT c FROM sbtest3 WHERE id BETWEEN 9307534 AND 9307543 ORDER BY c
	Sort  (cost=39.22..39.25 rows=10 width=121)
	  Sort Key: c
	  ->  Index Scan using sbtest3_pkey on sbtest3  (cost=0.43..39.05 rows=10 width=121)
	        Index Cond: ((id >= 9307534) AND (id <= 9307543))

table 4 : explain SELECT c FROM sbtest4 WHERE id BETWEEN 5269665 AND 5269674 ORDER BY c
	Sort  (cost=36.21..36.23 rows=9 width=121)
	  Sort Key: c
	  ->  Index Scan using sbtest4_pkey on sbtest4  (cost=0.43..36.07 rows=9 width=121)
	        Index Cond: ((id >= 5269665) AND (id <= 5269674))

table 5 : explain SELECT c FROM sbtest5 WHERE id BETWEEN 5316744 AND 5316753 ORDER BY c
	Sort  (cost=36.03..36.06 rows=9 width=121)
	  Sort Key: c
	  ->  Index Scan using sbtest5_pkey on sbtest5  (cost=0.43..35.89 rows=9 width=121)
	        Index Cond: ((id >= 5316744) AND (id <= 5316753))

table 6 : explain SELECT c FROM sbtest6 WHERE id BETWEEN 7785513 AND 7785522 ORDER BY c
	Sort  (cost=43.07..43.09 rows=11 width=121)
	  Sort Key: c
	  ->  Index Scan using sbtest6_pkey on sbtest6  (cost=0.43..42.88 rows=11 width=121)
	        Index Cond: ((id >= 7785513) AND (id <= 7785522))

table 7 : explain SELECT c FROM sbtest7 WHERE id BETWEEN 8895536 AND 8895545 ORDER BY c
	Sort  (cost=43.17..43.20 rows=11 width=121)
	  Sort Key: c
	  ->  Index Scan using sbtest7_pkey on sbtest7  (cost=0.43..42.98 rows=11 width=121)
	        Index Cond: ((id >= 8895536) AND (id <= 8895545))

table 8 : explain SELECT c FROM sbtest8 WHERE id BETWEEN 843524 AND 843533 ORDER BY c
	Sort  (cost=39.48..39.50 rows=10 width=121)
	  Sort Key: c
	  ->  Index Scan using sbtest8_pkey on sbtest8  (cost=0.43..39.31 rows=10 width=121)
	        Index Cond: ((id >= 843524) AND (id <= 843533))

for point_selects
table 1 : explain SELECT c FROM sbtest1 WHERE id=2648598
	Index Scan using sbtest1_pkey on sbtest1  (cost=0.43..8.45 rows=1 width=121)
	  Index Cond: (id = 2648598)

table 2 : explain SELECT c FROM sbtest2 WHERE id=1566264
	Index Scan using sbtest2_pkey on sbtest2  (cost=0.43..8.45 rows=1 width=121)
	  Index Cond: (id = 1566264)

table 3 : explain SELECT c FROM sbtest3 WHERE id=6615989
	Index Scan using sbtest3_pkey on sbtest3  (cost=0.43..8.45 rows=1 width=121)
	  Index Cond: (id = 6615989)

table 4 : explain SELECT c FROM sbtest4 WHERE id=3580560
	Index Scan using sbtest4_pkey on sbtest4  (cost=0.43..8.45 rows=1 width=121)
	  Index Cond: (id = 3580560)

table 5 : explain SELECT c FROM sbtest5 WHERE id=6849673
	Index Scan using sbtest5_pkey on sbtest5  (cost=0.43..8.45 rows=1 width=121)
	  Index Cond: (id = 6849673)

table 6 : explain SELECT c FROM sbtest6 WHERE id=6217142
	Index Scan using sbtest6_pkey on sbtest6  (cost=0.43..8.45 rows=1 width=121)
	  Index Cond: (id = 6217142)

table 7 : explain SELECT c FROM sbtest7 WHERE id=2988708
	Index Scan using sbtest7_pkey on sbtest7  (cost=0.43..8.45 rows=1 width=121)
	  Index Cond: (id = 2988708)

table 8 : explain SELECT c FROM sbtest8 WHERE id=3167581
	Index Scan using sbtest8_pkey on sbtest8  (cost=0.43..8.45 rows=1 width=121)
	  Index Cond: (id = 3167581)

for: sum_ranges
table 1 : explain SELECT SUM(k) FROM sbtest1 WHERE id BETWEEN 4215348 AND 4215357
	Aggregate  (cost=35.95..35.96 rows=1 width=8)
	  ->  Index Scan using sbtest1_pkey on sbtest1  (cost=0.43..35.93 rows=9 width=4)
	        Index Cond: ((id >= 4215348) AND (id <= 4215357))

table 2 : explain SELECT SUM(k) FROM sbtest2 WHERE id BETWEEN 4556226 AND 4556235
	Aggregate  (cost=42.76..42.77 rows=1 width=8)
	  ->  Index Scan using sbtest2_pkey on sbtest2  (cost=0.43..42.73 rows=11 width=4)
	        Index Cond: ((id >= 4556226) AND (id <= 4556235))

table 3 : explain SELECT SUM(k) FROM sbtest3 WHERE id BETWEEN 7328834 AND 7328843
	Aggregate  (cost=39.08..39.09 rows=1 width=8)
	  ->  Index Scan using sbtest3_pkey on sbtest3  (cost=0.43..39.05 rows=10 width=4)
	        Index Cond: ((id >= 7328834) AND (id <= 7328843))

table 4 : explain SELECT SUM(k) FROM sbtest4 WHERE id BETWEEN 7610919 AND 7610928
	Aggregate  (cost=39.55..39.56 rows=1 width=8)
	  ->  Index Scan using sbtest4_pkey on sbtest4  (cost=0.43..39.52 rows=10 width=4)
	        Index Cond: ((id >= 7610919) AND (id <= 7610928))

table 5 : explain SELECT SUM(k) FROM sbtest5 WHERE id BETWEEN 5052818 AND 5052827
	Aggregate  (cost=39.34..39.35 rows=1 width=8)
	  ->  Index Scan using sbtest5_pkey on sbtest5  (cost=0.43..39.32 rows=10 width=4)
	        Index Cond: ((id >= 5052818) AND (id <= 5052827))

table 6 : explain SELECT SUM(k) FROM sbtest6 WHERE id BETWEEN 6252897 AND 6252906
	Aggregate  (cost=42.90..42.91 rows=1 width=8)
	  ->  Index Scan using sbtest6_pkey on sbtest6  (cost=0.43..42.88 rows=11 width=4)
	        Index Cond: ((id >= 6252897) AND (id <= 6252906))

table 7 : explain SELECT SUM(k) FROM sbtest7 WHERE id BETWEEN 8705418 AND 8705427
	Aggregate  (cost=39.55..39.56 rows=1 width=8)
	  ->  Index Scan using sbtest7_pkey on sbtest7  (cost=0.43..39.53 rows=10 width=4)
	        Index Cond: ((id >= 8705418) AND (id <= 8705427))

table 8 : explain SELECT SUM(k) FROM sbtest8 WHERE id BETWEEN 4066599 AND 4066608
	Aggregate  (cost=42.77..42.78 rows=1 width=8)
	  ->  Index Scan using sbtest8_pkey on sbtest8  (cost=0.43..42.74 rows=11 width=4)
	        Index Cond: ((id >= 4066599) AND (id <= 4066608))

for: order_ranges
table 1 : explain SELECT c FROM sbtest1 WHERE id BETWEEN 8206710 AND 8206719 ORDER BY c
	Sort  (cost=36.07..36.10 rows=9 width=121)
	  Sort Key: c
	  ->  Index Scan using sbtest1_pkey on sbtest1  (cost=0.43..35.93 rows=9 width=121)
	        Index Cond: ((id >= 8206710) AND (id <= 8206719))

table 2 : explain SELECT c FROM sbtest2 WHERE id BETWEEN 4881543 AND 4881552 ORDER BY c
	Sort  (cost=39.47..39.49 rows=10 width=121)
	  Sort Key: c
	  ->  Index Scan using sbtest2_pkey on sbtest2  (cost=0.43..39.30 rows=10 width=121)
	        Index Cond: ((id >= 4881543) AND (id <= 4881552))

table 3 : explain SELECT c FROM sbtest3 WHERE id BETWEEN 701450 AND 701459 ORDER BY c
	Sort  (cost=42.65..42.67 rows=11 width=121)
	  Sort Key: c
	  ->  Index Scan using sbtest3_pkey on sbtest3  (cost=0.43..42.45 rows=11 width=121)
	        Index Cond: ((id >= 701450) AND (id <= 701459))

table 4 : explain SELECT c FROM sbtest4 WHERE id BETWEEN 1104633 AND 1104642 ORDER BY c
	Sort  (cost=36.21..36.23 rows=9 width=121)
	  Sort Key: c
	  ->  Index Scan using sbtest4_pkey on sbtest4  (cost=0.43..36.07 rows=9 width=121)
	        Index Cond: ((id >= 1104633) AND (id <= 1104642))

table 5 : explain SELECT c FROM sbtest5 WHERE id BETWEEN 4494324 AND 4494333 ORDER BY c
	Sort  (cost=39.49..39.51 rows=10 width=121)
	  Sort Key: c
	  ->  Index Scan using sbtest5_pkey on sbtest5  (cost=0.43..39.32 rows=10 width=121)
	        Index Cond: ((id >= 4494324) AND (id <= 4494333))

table 6 : explain SELECT c FROM sbtest6 WHERE id BETWEEN 7236501 AND 7236510 ORDER BY c
	Sort  (cost=43.07..43.09 rows=11 width=121)
	  Sort Key: c
	  ->  Index Scan using sbtest6_pkey on sbtest6  (cost=0.43..42.88 rows=11 width=121)
	        Index Cond: ((id >= 7236501) AND (id <= 7236510))

table 7 : explain SELECT c FROM sbtest7 WHERE id BETWEEN 7008851 AND 7008860 ORDER BY c
	Sort  (cost=39.70..39.72 rows=10 width=121)
	  Sort Key: c
	  ->  Index Scan using sbtest7_pkey on sbtest7  (cost=0.43..39.53 rows=10 width=121)
	        Index Cond: ((id >= 7008851) AND (id <= 7008860))

table 8 : explain SELECT c FROM sbtest8 WHERE id BETWEEN 977387 AND 977396 ORDER BY c
	Sort  (cost=39.48..39.50 rows=10 width=121)
	  Sort Key: c
	  ->  Index Scan using sbtest8_pkey on sbtest8  (cost=0.43..39.31 rows=10 width=121)
	        Index Cond: ((id >= 977387) AND (id <= 977396))

for: simple_ranges
table 1 : explain SELECT c FROM sbtest1 WHERE id BETWEEN 6122949 AND 6122958
	Index Scan using sbtest1_pkey on sbtest1  (cost=0.43..39.37 rows=10 width=121)
	  Index Cond: ((id >= 6122949) AND (id <= 6122958))

table 2 : explain SELECT c FROM sbtest2 WHERE id BETWEEN 5197189 AND 5197198
	Index Scan using sbtest2_pkey on sbtest2  (cost=0.43..42.73 rows=11 width=121)
	  Index Cond: ((id >= 5197189) AND (id <= 5197198))

table 3 : explain SELECT c FROM sbtest3 WHERE id BETWEEN 1203419 AND 1203428
	Index Scan using sbtest3_pkey on sbtest3  (cost=0.43..35.65 rows=9 width=121)
	  Index Cond: ((id >= 1203419) AND (id <= 1203428))

table 4 : explain SELECT c FROM sbtest4 WHERE id BETWEEN 7540112 AND 7540121
	Index Scan using sbtest4_pkey on sbtest4  (cost=0.43..36.07 rows=9 width=121)
	  Index Cond: ((id >= 7540112) AND (id <= 7540121))

table 5 : explain SELECT c FROM sbtest5 WHERE id BETWEEN 6097545 AND 6097554
	Index Scan using sbtest5_pkey on sbtest5  (cost=0.43..39.32 rows=10 width=121)
	  Index Cond: ((id >= 6097545) AND (id <= 6097554))

table 6 : explain SELECT c FROM sbtest6 WHERE id BETWEEN 2696493 AND 2696502
	Index Scan using sbtest6_pkey on sbtest6  (cost=0.43..39.43 rows=10 width=121)
	  Index Cond: ((id >= 2696493) AND (id <= 2696502))

table 7 : explain SELECT c FROM sbtest7 WHERE id BETWEEN 4779094 AND 4779103
	Index Scan using sbtest7_pkey on sbtest7  (cost=0.43..39.53 rows=10 width=121)
	  Index Cond: ((id >= 4779094) AND (id <= 4779103))

table 8 : explain SELECT c FROM sbtest8 WHERE id BETWEEN 1330651 AND 1330660
	Index Scan using sbtest8_pkey on sbtest8  (cost=0.43..42.74 rows=11 width=121)
	  Index Cond: ((id >= 1330651) AND (id <= 1330660))

for: order_ranges
table 1 : explain SELECT c FROM sbtest1 WHERE id BETWEEN 7515256 AND 7515265 ORDER BY c
	Sort  (cost=39.53..39.56 rows=10 width=121)
	  Sort Key: c
	  ->  Index Scan using sbtest1_pkey on sbtest1  (cost=0.43..39.37 rows=10 width=121)
	        Index Cond: ((id >= 7515256) AND (id <= 7515265))

table 2 : explain SELECT c FROM sbtest2 WHERE id BETWEEN 1864414 AND 1864423 ORDER BY c
	Sort  (cost=39.47..39.49 rows=10 width=121)
	  Sort Key: c
	  ->  Index Scan using sbtest2_pkey on sbtest2  (cost=0.43..39.30 rows=10 width=121)
	        Index Cond: ((id >= 1864414) AND (id <= 1864423))

table 3 : explain SELECT c FROM sbtest3 WHERE id BETWEEN 5580921 AND 5580930 ORDER BY c
	Sort  (cost=39.22..39.25 rows=10 width=121)
	  Sort Key: c
	  ->  Index Scan using sbtest3_pkey on sbtest3  (cost=0.43..39.05 rows=10 width=121)
	        Index Cond: ((id >= 5580921) AND (id <= 5580930))

table 4 : explain SELECT c FROM sbtest4 WHERE id BETWEEN 4310169 AND 4310178 ORDER BY c
	Sort  (cost=39.69..39.71 rows=10 width=121)
	  Sort Key: c
	  ->  Index Scan using sbtest4_pkey on sbtest4  (cost=0.43..39.52 rows=10 width=121)
	        Index Cond: ((id >= 4310169) AND (id <= 4310178))

table 5 : explain SELECT c FROM sbtest5 WHERE id BETWEEN 9370477 AND 9370486 ORDER BY c
	Sort  (cost=39.49..39.51 rows=10 width=121)
	  Sort Key: c
	  ->  Index Scan using sbtest5_pkey on sbtest5  (cost=0.43..39.32 rows=10 width=121)
	        Index Cond: ((id >= 9370477) AND (id <= 9370486))

table 6 : explain SELECT c FROM sbtest6 WHERE id BETWEEN 1263379 AND 1263388 ORDER BY c
	Sort  (cost=39.60..39.62 rows=10 width=121)
	  Sort Key: c
	  ->  Index Scan using sbtest6_pkey on sbtest6  (cost=0.43..39.43 rows=10 width=121)
	        Index Cond: ((id >= 1263379) AND (id <= 1263388))

table 7 : explain SELECT c FROM sbtest7 WHERE id BETWEEN 612583 AND 612592 ORDER BY c
	Sort  (cost=39.70..39.72 rows=10 width=121)
	  Sort Key: c
	  ->  Index Scan using sbtest7_pkey on sbtest7  (cost=0.43..39.53 rows=10 width=121)
	        Index Cond: ((id >= 612583) AND (id <= 612592))

table 8 : explain SELECT c FROM sbtest8 WHERE id BETWEEN 444120 AND 444129 ORDER BY c
	Sort  (cost=39.48..39.50 rows=10 width=121)
	  Sort Key: c
	  ->  Index Scan using sbtest8_pkey on sbtest8  (cost=0.43..39.31 rows=10 width=121)
	        Index Cond: ((id >= 444120) AND (id <= 444129))

for point_selects
table 1 : explain SELECT c FROM sbtest1 WHERE id=2873745
	Index Scan using sbtest1_pkey on sbtest1  (cost=0.43..8.45 rows=1 width=121)
	  Index Cond: (id = 2873745)

table 2 : explain SELECT c FROM sbtest2 WHERE id=723831
	Index Scan using sbtest2_pkey on sbtest2  (cost=0.43..8.45 rows=1 width=121)
	  Index Cond: (id = 723831)

table 3 : explain SELECT c FROM sbtest3 WHERE id=509043
	Index Scan using sbtest3_pkey on sbtest3  (cost=0.43..8.45 rows=1 width=121)
	  Index Cond: (id = 509043)

table 4 : explain SELECT c FROM sbtest4 WHERE id=8152930
	Index Scan using sbtest4_pkey on sbtest4  (cost=0.43..8.45 rows=1 width=121)
	  Index Cond: (id = 8152930)

table 5 : explain SELECT c FROM sbtest5 WHERE id=5829484
	Index Scan using sbtest5_pkey on sbtest5  (cost=0.43..8.45 rows=1 width=121)
	  Index Cond: (id = 5829484)

table 6 : explain SELECT c FROM sbtest6 WHERE id=7432799
	Index Scan using sbtest6_pkey on sbtest6  (cost=0.43..8.45 rows=1 width=121)
	  Index Cond: (id = 7432799)

table 7 : explain SELECT c FROM sbtest7 WHERE id=6358356
	Index Scan using sbtest7_pkey on sbtest7  (cost=0.43..8.45 rows=1 width=121)
	  Index Cond: (id = 6358356)

table 8 : explain SELECT c FROM sbtest8 WHERE id=4651155
	Index Scan using sbtest8_pkey on sbtest8  (cost=0.43..8.45 rows=1 width=121)
	  Index Cond: (id = 4651155)

explain: for point_selects :: explain SELECT c FROM sbtest%u WHERE id=%u
explain: for point_selects :: explain SELECT c FROM sbtest%u WHERE id=%u
for point_selects
table 1 : explain SELECT c FROM sbtest1 WHERE id=405445
	Index Scan using sbtest1_pkey on sbtest1  (cost=0.43..8.45 rows=1 width=121)
	  Index Cond: (id = 405445)

table 2 : explain SELECT c FROM sbtest2 WHERE id=1799288
	Index Scan using sbtest2_pkey on sbtest2  (cost=0.43..8.45 rows=1 width=121)
	  Index Cond: (id = 1799288)

table 3 : explain SELECT c FROM sbtest3 WHERE id=2238528
	Index Scan using sbtest3_pkey on sbtest3  (cost=0.43..8.45 rows=1 width=121)
	  Index Cond: (id = 2238528)

table 4 : explain SELECT c FROM sbtest4 WHERE id=7324858
	Index Scan using sbtest4_pkey on sbtest4  (cost=0.43..8.45 rows=1 width=121)
	  Index Cond: (id = 7324858)

table 5 : explain SELECT c FROM sbtest5 WHERE id=3283264
	Index Scan using sbtest5_pkey on sbtest5  (cost=0.43..8.45 rows=1 width=121)
	  Index Cond: (id = 3283264)

table 6 : explain SELECT c FROM sbtest6 WHERE id=9813287
	Index Scan using sbtest6_pkey on sbtest6  (cost=0.43..8.45 rows=1 width=121)
	  Index Cond: (id = 9813287)

table 7 : explain SELECT c FROM sbtest7 WHERE id=1943065
	Index Scan using sbtest7_pkey on sbtest7  (cost=0.43..8.45 rows=1 width=121)
	  Index Cond: (id = 1943065)

table 8 : explain SELECT c FROM sbtest8 WHERE id=5674574
	Index Scan using sbtest8_pkey on sbtest8  (cost=0.43..8.45 rows=1 width=121)
	  Index Cond: (id = 5674574)

explain: for point_selects :: explain SELECT c FROM sbtest%u WHERE id=%u
explain: for point_selects :: explain SELECT c FROM sbtest%u WHERE id=%u
for: simple_ranges
table 1 : explain SELECT c FROM sbtest1 WHERE id BETWEEN 1956400 AND 1956409
	Index Scan using sbtest1_pkey on sbtest1  (cost=0.43..35.93 rows=9 width=121)
	  Index Cond: ((id >= 1956400) AND (id <= 1956409))

table 2 : explain SELECT c FROM sbtest2 WHERE id BETWEEN 4441443 AND 4441452
	Index Scan using sbtest2_pkey on sbtest2  (cost=0.43..42.73 rows=11 width=121)
	  Index Cond: ((id >= 4441443) AND (id <= 4441452))

table 3 : explain SELECT c FROM sbtest3 WHERE id BETWEEN 3786973 AND 3786982
	Index Scan using sbtest3_pkey on sbtest3  (cost=0.43..39.05 rows=10 width=121)
	  Index Cond: ((id >= 3786973) AND (id <= 3786982))

table 4 : explain SELECT c FROM sbtest4 WHERE id BETWEEN 732768 AND 732777
	Index Scan using sbtest4_pkey on sbtest4  (cost=0.43..42.97 rows=11 width=121)
	  Index Cond: ((id >= 732768) AND (id <= 732777))

table 5 : explain SELECT c FROM sbtest5 WHERE id BETWEEN 8771075 AND 8771084
	Index Scan using sbtest5_pkey on sbtest5  (cost=0.43..42.75 rows=11 width=121)
	  Index Cond: ((id >= 8771075) AND (id <= 8771084))

table 6 : explain SELECT c FROM sbtest6 WHERE id BETWEEN 1345248 AND 1345257
	Index Scan using sbtest6_pkey on sbtest6  (cost=0.43..39.43 rows=10 width=121)
	  Index Cond: ((id >= 1345248) AND (id <= 1345257))

table 7 : explain SELECT c FROM sbtest7 WHERE id BETWEEN 286403 AND 286412
	Index Scan using sbtest7_pkey on sbtest7  (cost=0.43..39.53 rows=10 width=121)
	  Index Cond: ((id >= 286403) AND (id <= 286412))

table 8 : explain SELECT c FROM sbtest8 WHERE id BETWEEN 9510265 AND 9510274
	Index Scan using sbtest8_pkey on sbtest8  (cost=0.43..39.31 rows=10 width=121)
	  Index Cond: ((id >= 9510265) AND (id <= 9510274))

for: simple_ranges
table 1 : explain SELECT c FROM sbtest1 WHERE id BETWEEN 5524971 AND 5524980
	Index Scan using sbtest1_pkey on sbtest1  (cost=0.43..42.80 rows=11 width=121)
	  Index Cond: ((id >= 5524971) AND (id <= 5524980))

table 2 : explain SELECT c FROM sbtest2 WHERE id BETWEEN 4979881 AND 4979890
	Index Scan using sbtest2_pkey on sbtest2  (cost=0.43..39.30 rows=10 width=121)
	  Index Cond: ((id >= 4979881) AND (id <= 4979890))

table 3 : explain SELECT c FROM sbtest3 WHERE id BETWEEN 2710909 AND 2710918
	Index Scan using sbtest3_pkey on sbtest3  (cost=0.43..39.05 rows=10 width=121)
	  Index Cond: ((id >= 2710909) AND (id <= 2710918))

table 4 : explain SELECT c FROM sbtest4 WHERE id BETWEEN 8849087 AND 8849096
	Index Scan using sbtest4_pkey on sbtest4  (cost=0.43..39.52 rows=10 width=121)
	  Index Cond: ((id >= 8849087) AND (id <= 8849096))

table 5 : explain SELECT c FROM sbtest5 WHERE id BETWEEN 7043783 AND 7043792
	Index Scan using sbtest5_pkey on sbtest5  (cost=0.43..35.89 rows=9 width=121)
	  Index Cond: ((id >= 7043783) AND (id <= 7043792))

table 6 : explain SELECT c FROM sbtest6 WHERE id BETWEEN 8280158 AND 8280167
	Index Scan using sbtest6_pkey on sbtest6  (cost=0.43..39.43 rows=10 width=121)
	  Index Cond: ((id >= 8280158) AND (id <= 8280167))

table 7 : explain SELECT c FROM sbtest7 WHERE id BETWEEN 9112558 AND 9112567
	Index Scan using sbtest7_pkey on sbtest7  (cost=0.43..39.53 rows=10 width=121)
	  Index Cond: ((id >= 9112558) AND (id <= 9112567))

table 8 : explain SELECT c FROM sbtest8 WHERE id BETWEEN 732723 AND 732732
	Index Scan using sbtest8_pkey on sbtest8  (cost=0.43..39.31 rows=10 width=121)
	  Index Cond: ((id >= 732723) AND (id <= 732732))

for: order_ranges
table 1 : explain SELECT c FROM sbtest1 WHERE id BETWEEN 1925926 AND 1925935 ORDER BY c
	Sort  (cost=36.07..36.10 rows=9 width=121)
	  Sort Key: c
	  ->  Index Scan using sbtest1_pkey on sbtest1  (cost=0.43..35.93 rows=9 width=121)
	        Index Cond: ((id >= 1925926) AND (id <= 1925935))

table 2 : explain SELECT c FROM sbtest2 WHERE id BETWEEN 2154525 AND 2154534 ORDER BY c
	Sort  (cost=39.47..39.49 rows=10 width=121)
	  Sort Key: c
	  ->  Index Scan using sbtest2_pkey on sbtest2  (cost=0.43..39.30 rows=10 width=121)
	        Index Cond: ((id >= 2154525) AND (id <= 2154534))

table 3 : explain SELECT c FROM sbtest3 WHERE id BETWEEN 4357769 AND 4357778 ORDER BY c
	Sort  (cost=42.65..42.67 rows=11 width=121)
	  Sort Key: c
	  ->  Index Scan using sbtest3_pkey on sbtest3  (cost=0.43..42.45 rows=11 width=121)
	        Index Cond: ((id >= 4357769) AND (id <= 4357778))

table 4 : explain SELECT c FROM sbtest4 WHERE id BETWEEN 4772626 AND 4772635 ORDER BY c
	Sort  (cost=39.69..39.71 rows=10 width=121)
	  Sort Key: c
	  ->  Index Scan using sbtest4_pkey on sbtest4  (cost=0.43..39.52 rows=10 width=121)
	        Index Cond: ((id >= 4772626) AND (id <= 4772635))

table 5 : explain SELECT c FROM sbtest5 WHERE id BETWEEN 7712760 AND 7712769 ORDER BY c
	Sort  (cost=39.49..39.51 rows=10 width=121)
	  Sort Key: c
	  ->  Index Scan using sbtest5_pkey on sbtest5  (cost=0.43..39.32 rows=10 width=121)
	        Index Cond: ((id >= 7712760) AND (id <= 7712769))

table 6 : explain SELECT c FROM sbtest6 WHERE id BETWEEN 7083269 AND 7083278 ORDER BY c
	Sort  (cost=36.13..36.16 rows=9 width=121)
	  Sort Key: c
	  ->  Index Scan using sbtest6_pkey on sbtest6  (cost=0.43..35.99 rows=9 width=121)
	        Index Cond: ((id >= 7083269) AND (id <= 7083278))

table 7 : explain SELECT c FROM sbtest7 WHERE id BETWEEN 6947126 AND 6947135 ORDER BY c
	Sort  (cost=39.70..39.72 rows=10 width=121)
	  Sort Key: c
	  ->  Index Scan using sbtest7_pkey on sbtest7  (cost=0.43..39.53 rows=10 width=121)
	        Index Cond: ((id >= 6947126) AND (id <= 6947135))

table 8 : explain SELECT c FROM sbtest8 WHERE id BETWEEN 4498271 AND 4498280 ORDER BY c
	Sort  (cost=39.48..39.50 rows=10 width=121)
	  Sort Key: c
	  ->  Index Scan using sbtest8_pkey on sbtest8  (cost=0.43..39.31 rows=10 width=121)
	        Index Cond: ((id >= 4498271) AND (id <= 4498280))

for: sum_ranges
table 1 : explain SELECT SUM(k) FROM sbtest1 WHERE id BETWEEN 3626116 AND 3626125
	Aggregate  (cost=39.39..39.40 rows=1 width=8)
	  ->  Index Scan using sbtest1_pkey on sbtest1  (cost=0.43..39.37 rows=10 width=4)
	        Index Cond: ((id >= 3626116) AND (id <= 3626125))

table 2 : explain SELECT SUM(k) FROM sbtest2 WHERE id BETWEEN 2144529 AND 2144538
	Aggregate  (cost=39.33..39.34 rows=1 width=8)
	  ->  Index Scan using sbtest2_pkey on sbtest2  (cost=0.43..39.30 rows=10 width=4)
	        Index Cond: ((id >= 2144529) AND (id <= 2144538))

table 3 : explain SELECT SUM(k) FROM sbtest3 WHERE id BETWEEN 1953336 AND 1953345
	Aggregate  (cost=45.88..45.89 rows=1 width=8)
	  ->  Index Scan using sbtest3_pkey on sbtest3  (cost=0.43..45.85 rows=12 width=4)
	        Index Cond: ((id >= 1953336) AND (id <= 1953345))

table 4 : explain SELECT SUM(k) FROM sbtest4 WHERE id BETWEEN 3759122 AND 3759131
	Aggregate  (cost=43.00..43.01 rows=1 width=8)
	  ->  Index Scan using sbtest4_pkey on sbtest4  (cost=0.43..42.97 rows=11 width=4)
	        Index Cond: ((id >= 3759122) AND (id <= 3759131))

table 5 : explain SELECT SUM(k) FROM sbtest5 WHERE id BETWEEN 4564408 AND 4564417
	Aggregate  (cost=39.34..39.35 rows=1 width=8)
	  ->  Index Scan using sbtest5_pkey on sbtest5  (cost=0.43..39.32 rows=10 width=4)
	        Index Cond: ((id >= 4564408) AND (id <= 4564417))

table 6 : explain SELECT SUM(k) FROM sbtest6 WHERE id BETWEEN 1206471 AND 1206480
	Aggregate  (cost=39.46..39.47 rows=1 width=8)
	  ->  Index Scan using sbtest6_pkey on sbtest6  (cost=0.43..39.43 rows=10 width=4)
	        Index Cond: ((id >= 1206471) AND (id <= 1206480))

table 7 : explain SELECT SUM(k) FROM sbtest7 WHERE id BETWEEN 3030661 AND 3030670
	Aggregate  (cost=39.55..39.56 rows=1 width=8)
	  ->  Index Scan using sbtest7_pkey on sbtest7  (cost=0.43..39.53 rows=10 width=4)
	        Index Cond: ((id >= 3030661) AND (id <= 3030670))

table 8 : explain SELECT SUM(k) FROM sbtest8 WHERE id BETWEEN 5723889 AND 5723898
	Aggregate  (cost=39.34..39.35 rows=1 width=8)
	  ->  Index Scan using sbtest8_pkey on sbtest8  (cost=0.43..39.31 rows=10 width=4)
	        Index Cond: ((id >= 5723889) AND (id <= 5723898))

for: simple_ranges
table 1 : explain SELECT c FROM sbtest1 WHERE id BETWEEN 9100342 AND 9100351
	Index Scan using sbtest1_pkey on sbtest1  (cost=0.43..42.80 rows=11 width=121)
	  Index Cond: ((id >= 9100342) AND (id <= 9100351))

table 2 : explain SELECT c FROM sbtest2 WHERE id BETWEEN 9396520 AND 9396529
	Index Scan using sbtest2_pkey on sbtest2  (cost=0.43..39.30 rows=10 width=121)
	  Index Cond: ((id >= 9396520) AND (id <= 9396529))

table 3 : explain SELECT c FROM sbtest3 WHERE id BETWEEN 602836 AND 602845
	Index Scan using sbtest3_pkey on sbtest3  (cost=0.43..35.65 rows=9 width=121)
	  Index Cond: ((id >= 602836) AND (id <= 602845))

table 4 : explain SELECT c FROM sbtest4 WHERE id BETWEEN 8078504 AND 8078513
	Index Scan using sbtest4_pkey on sbtest4  (cost=0.43..42.97 rows=11 width=121)
	  Index Cond: ((id >= 8078504) AND (id <= 8078513))

table 5 : explain SELECT c FROM sbtest5 WHERE id BETWEEN 3826507 AND 3826516
	Index Scan using sbtest5_pkey on sbtest5  (cost=0.43..39.32 rows=10 width=121)
	  Index Cond: ((id >= 3826507) AND (id <= 3826516))

table 6 : explain SELECT c FROM sbtest6 WHERE id BETWEEN 9693905 AND 9693914
	Index Scan using sbtest6_pkey on sbtest6  (cost=0.43..35.99 rows=9 width=121)
	  Index Cond: ((id >= 9693905) AND (id <= 9693914))

table 7 : explain SELECT c FROM sbtest7 WHERE id BETWEEN 6254618 AND 6254627
	Index Scan using sbtest7_pkey on sbtest7  (cost=0.43..39.53 rows=10 width=121)
	  Index Cond: ((id >= 6254618) AND (id <= 6254627))

table 8 : explain SELECT c FROM sbtest8 WHERE id BETWEEN 3524881 AND 3524890
	Index Scan using sbtest8_pkey on sbtest8  (cost=0.43..35.88 rows=9 width=121)
	  Index Cond: ((id >= 3524881) AND (id <= 3524890))

for: distinct_ranges
table 1 : explain SELECT DISTINCT c FROM sbtest1 WHERE id BETWEEN 4304428 AND 4304437 ORDER BY c
	Unique  (cost=39.53..39.58 rows=10 width=121)
	  ->  Sort  (cost=39.53..39.56 rows=10 width=121)
	        Sort Key: c
	        ->  Index Scan using sbtest1_pkey on sbtest1  (cost=0.43..39.37 rows=10 width=121)
	              Index Cond: ((id >= 4304428) AND (id <= 4304437))

table 2 : explain SELECT DISTINCT c FROM sbtest2 WHERE id BETWEEN 7450390 AND 7450399 ORDER BY c
	Unique  (cost=39.47..39.52 rows=10 width=121)
	  ->  Sort  (cost=39.47..39.49 rows=10 width=121)
	        Sort Key: c
	        ->  Index Scan using sbtest2_pkey on sbtest2  (cost=0.43..39.30 rows=10 width=121)
	              Index Cond: ((id >= 7450390) AND (id <= 7450399))

table 3 : explain SELECT DISTINCT c FROM sbtest3 WHERE id BETWEEN 6854417 AND 6854426 ORDER BY c
	Unique  (cost=39.22..39.27 rows=10 width=121)
	  ->  Sort  (cost=39.22..39.25 rows=10 width=121)
	        Sort Key: c
	        ->  Index Scan using sbtest3_pkey on sbtest3  (cost=0.43..39.05 rows=10 width=121)
	              Index Cond: ((id >= 6854417) AND (id <= 6854426))

table 4 : explain SELECT DISTINCT c FROM sbtest4 WHERE id BETWEEN 8858353 AND 8858362 ORDER BY c
	Unique  (cost=39.69..39.74 rows=10 width=121)
	  ->  Sort  (cost=39.69..39.71 rows=10 width=121)
	        Sort Key: c
	        ->  Index Scan using sbtest4_pkey on sbtest4  (cost=0.43..39.52 rows=10 width=121)
	              Index Cond: ((id >= 8858353) AND (id <= 8858362))

table 5 : explain SELECT DISTINCT c FROM sbtest5 WHERE id BETWEEN 7608420 AND 7608429 ORDER BY c
	Unique  (cost=36.03..36.08 rows=9 width=121)
	  ->  Sort  (cost=36.03..36.06 rows=9 width=121)
	        Sort Key: c
	        ->  Index Scan using sbtest5_pkey on sbtest5  (cost=0.43..35.89 rows=9 width=121)
	              Index Cond: ((id >= 7608420) AND (id <= 7608429))

table 6 : explain SELECT DISTINCT c FROM sbtest6 WHERE id BETWEEN 687003 AND 687012 ORDER BY c
	Unique  (cost=36.13..36.18 rows=9 width=121)
	  ->  Sort  (cost=36.13..36.16 rows=9 width=121)
	        Sort Key: c
	        ->  Index Scan using sbtest6_pkey on sbtest6  (cost=0.43..35.99 rows=9 width=121)
	              Index Cond: ((id >= 687003) AND (id <= 687012))

table 7 : explain SELECT DISTINCT c FROM sbtest7 WHERE id BETWEEN 348588 AND 348597 ORDER BY c
	Unique  (cost=39.70..39.75 rows=10 width=121)
	  ->  Sort  (cost=39.70..39.72 rows=10 width=121)
	        Sort Key: c
	        ->  Index Scan using sbtest7_pkey on sbtest7  (cost=0.43..39.53 rows=10 width=121)
	              Index Cond: ((id >= 348588) AND (id <= 348597))

table 8 : explain SELECT DISTINCT c FROM sbtest8 WHERE id BETWEEN 6947337 AND 6947346 ORDER BY c
	Unique  (cost=39.48..39.53 rows=10 width=121)
	  ->  Sort  (cost=39.48..39.50 rows=10 width=121)
	        Sort Key: c
	        ->  Index Scan using sbtest8_pkey on sbtest8  (cost=0.43..39.31 rows=10 width=121)
	              Index Cond: ((id >= 6947337) AND (id <= 6947346))

explain: for index_updates :: explain UPDATE sbtest%u SET k=k+1 WHERE id=%u
for point_selects
table 1 : explain SELECT c FROM sbtest1 WHERE id=3950969
	Index Scan using sbtest1_pkey on sbtest1  (cost=0.43..8.45 rows=1 width=121)
	  Index Cond: (id = 3950969)

table 2 : explain SELECT c FROM sbtest2 WHERE id=8924210
	Index Scan using sbtest2_pkey on sbtest2  (cost=0.43..8.45 rows=1 width=121)
	  Index Cond: (id = 8924210)

table 3 : explain SELECT c FROM sbtest3 WHERE id=3112121
	Index Scan using sbtest3_pkey on sbtest3  (cost=0.43..8.45 rows=1 width=121)
	  Index Cond: (id = 3112121)

table 4 : explain SELECT c FROM sbtest4 WHERE id=2326112
	Index Scan using sbtest4_pkey on sbtest4  (cost=0.43..8.45 rows=1 width=121)
	  Index Cond: (id = 2326112)

table 5 : explain SELECT c FROM sbtest5 WHERE id=4121404
	Index Scan using sbtest5_pkey on sbtest5  (cost=0.43..8.45 rows=1 width=121)
	  Index Cond: (id = 4121404)

table 6 : explain SELECT c FROM sbtest6 WHERE id=5507982
	Index Scan using sbtest6_pkey on sbtest6  (cost=0.43..8.45 rows=1 width=121)
	  Index Cond: (id = 5507982)

table 7 : explain SELECT c FROM sbtest7 WHERE id=180465
	Index Scan using sbtest7_pkey on sbtest7  (cost=0.43..8.45 rows=1 width=121)
	  Index Cond: (id = 180465)

table 8 : explain SELECT c FROM sbtest8 WHERE id=4079307
	Index Scan using sbtest8_pkey on sbtest8  (cost=0.43..8.45 rows=1 width=121)
	  Index Cond: (id = 4079307)

for point_selects
table 1 : explain SELECT c FROM sbtest1 WHERE id=9086985
	Index Scan using sbtest1_pkey on sbtest1  (cost=0.43..8.45 rows=1 width=121)
	  Index Cond: (id = 9086985)

table 2 : explain SELECT c FROM sbtest2 WHERE id=4807322
	Index Scan using sbtest2_pkey on sbtest2  (cost=0.43..8.45 rows=1 width=121)
	  Index Cond: (id = 4807322)

table 3 : explain SELECT c FROM sbtest3 WHERE id=8776060
	Index Scan using sbtest3_pkey on sbtest3  (cost=0.43..8.45 rows=1 width=121)
	  Index Cond: (id = 8776060)

table 4 : explain SELECT c FROM sbtest4 WHERE id=126080
	Index Scan using sbtest4_pkey on sbtest4  (cost=0.43..8.45 rows=1 width=121)
	  Index Cond: (id = 126080)

table 5 : explain SELECT c FROM sbtest5 WHERE id=1773866
	Index Scan using sbtest5_pkey on sbtest5  (cost=0.43..8.45 rows=1 width=121)
	  Index Cond: (id = 1773866)

table 6 : explain SELECT c FROM sbtest6 WHERE id=2073854
	Index Scan using sbtest6_pkey on sbtest6  (cost=0.43..8.45 rows=1 width=121)
	  Index Cond: (id = 2073854)

table 7 : explain SELECT c FROM sbtest7 WHERE id=5624957
	Index Scan using sbtest7_pkey on sbtest7  (cost=0.43..8.45 rows=1 width=121)
	  Index Cond: (id = 5624957)

table 8 : explain SELECT c FROM sbtest8 WHERE id=1269353
	Index Scan using sbtest8_pkey on sbtest8  (cost=0.43..8.45 rows=1 width=121)
	  Index Cond: (id = 1269353)

for point_selects
table 1 : explain SELECT c FROM sbtest1 WHERE id=7859973
	Index Scan using sbtest1_pkey on sbtest1  (cost=0.43..8.45 rows=1 width=121)
	  Index Cond: (id = 7859973)

table 2 : explain SELECT c FROM sbtest2 WHERE id=3348267
	Index Scan using sbtest2_pkey on sbtest2  (cost=0.43..8.45 rows=1 width=121)
	  Index Cond: (id = 3348267)

table 3 : explain SELECT c FROM sbtest3 WHERE id=4958758
	Index Scan using sbtest3_pkey on sbtest3  (cost=0.43..8.45 rows=1 width=121)
	  Index Cond: (id = 4958758)

table 4 : explain SELECT c FROM sbtest4 WHERE id=3649816
	Index Scan using sbtest4_pkey on sbtest4  (cost=0.43..8.45 rows=1 width=121)
	  Index Cond: (id = 3649816)

table 5 : explain SELECT c FROM sbtest5 WHERE id=9252350
	Index Scan using sbtest5_pkey on sbtest5  (cost=0.43..8.45 rows=1 width=121)
	  Index Cond: (id = 9252350)

table 6 : explain SELECT c FROM sbtest6 WHERE id=8059994
	Index Scan using sbtest6_pkey on sbtest6  (cost=0.43..8.45 rows=1 width=121)
	  Index Cond: (id = 8059994)

table 7 : explain SELECT c FROM sbtest7 WHERE id=6204515
	Index Scan using sbtest7_pkey on sbtest7  (cost=0.43..8.45 rows=1 width=121)
	  Index Cond: (id = 6204515)

table 8 : explain SELECT c FROM sbtest8 WHERE id=7133858
	Index Scan using sbtest8_pkey on sbtest8  (cost=0.43..8.45 rows=1 width=121)
	  Index Cond: (id = 7133858)

for point_selects
table 1 : explain SELECT c FROM sbtest1 WHERE id=3179977
	Index Scan using sbtest1_pkey on sbtest1  (cost=0.43..8.45 rows=1 width=121)
	  Index Cond: (id = 3179977)

table 2 : explain SELECT c FROM sbtest2 WHERE id=1041646
	Index Scan using sbtest2_pkey on sbtest2  (cost=0.43..8.45 rows=1 width=121)
	  Index Cond: (id = 1041646)

table 3 : explain SELECT c FROM sbtest3 WHERE id=9667641
	Index Scan using sbtest3_pkey on sbtest3  (cost=0.43..8.45 rows=1 width=121)
	  Index Cond: (id = 9667641)

table 4 : explain SELECT c FROM sbtest4 WHERE id=4500270
	Index Scan using sbtest4_pkey on sbtest4  (cost=0.43..8.45 rows=1 width=121)
	  Index Cond: (id = 4500270)

table 5 : explain SELECT c FROM sbtest5 WHERE id=1136781
	Index Scan using sbtest5_pkey on sbtest5  (cost=0.43..8.45 rows=1 width=121)
	  Index Cond: (id = 1136781)

table 6 : explain SELECT c FROM sbtest6 WHERE id=9574683
	Index Scan using sbtest6_pkey on sbtest6  (cost=0.43..8.45 rows=1 width=121)
	  Index Cond: (id = 9574683)

table 7 : explain SELECT c FROM sbtest7 WHERE id=8534776
	Index Scan using sbtest7_pkey on sbtest7  (cost=0.43..8.45 rows=1 width=121)
	  Index Cond: (id = 8534776)

table 8 : explain SELECT c FROM sbtest8 WHERE id=2661145
	Index Scan using sbtest8_pkey on sbtest8  (cost=0.43..8.45 rows=1 width=121)
	  Index Cond: (id = 2661145)

for index_updates
table 1 : explain UPDATE sbtest1 SET k=k+1 WHERE id=5783847
	Update on sbtest1  (cost=0.43..8.46 rows=0 width=0)
	  ->  Index Scan using sbtest1_pkey on sbtest1  (cost=0.43..8.46 rows=1 width=10)
	        Index Cond: (id = 5783847)

table 2 : explain UPDATE sbtest2 SET k=k+1 WHERE id=8709539
	Update on sbtest2  (cost=0.43..8.46 rows=0 width=0)
	  ->  Index Scan using sbtest2_pkey on sbtest2  (cost=0.43..8.46 rows=1 width=10)
	        Index Cond: (id = 8709539)

table 3 : explain UPDATE sbtest3 SET k=k+1 WHERE id=2860161
	Update on sbtest3  (cost=0.43..8.46 rows=0 width=0)
	  ->  Index Scan using sbtest3_pkey on sbtest3  (cost=0.43..8.46 rows=1 width=10)
	        Index Cond: (id = 2860161)

table 4 : explain UPDATE sbtest4 SET k=k+1 WHERE id=2236563
	Update on sbtest4  (cost=0.43..8.46 rows=0 width=0)
	  ->  Index Scan using sbtest4_pkey on sbtest4  (cost=0.43..8.46 rows=1 width=10)
	        Index Cond: (id = 2236563)

table 5 : explain UPDATE sbtest5 SET k=k+1 WHERE id=3424777
	Update on sbtest5  (cost=0.43..8.46 rows=0 width=0)
	  ->  Index Scan using sbtest5_pkey on sbtest5  (cost=0.43..8.46 rows=1 width=10)
	        Index Cond: (id = 3424777)

table 6 : explain UPDATE sbtest6 SET k=k+1 WHERE id=5512637
	Update on sbtest6  (cost=0.43..8.46 rows=0 width=0)
	  ->  Index Scan using sbtest6_pkey on sbtest6  (cost=0.43..8.46 rows=1 width=10)
	        Index Cond: (id = 5512637)

table 7 : explain UPDATE sbtest7 SET k=k+1 WHERE id=4108663
	Update on sbtest7  (cost=0.43..8.46 rows=0 width=0)
	  ->  Index Scan using sbtest7_pkey on sbtest7  (cost=0.43..8.46 rows=1 width=10)
	        Index Cond: (id = 4108663)

table 8 : explain UPDATE sbtest8 SET k=k+1 WHERE id=8659911
	Update on sbtest8  (cost=0.43..8.46 rows=0 width=0)
	  ->  Index Scan using sbtest8_pkey on sbtest8  (cost=0.43..8.46 rows=1 width=10)
	        Index Cond: (id = 8659911)

explain: for point_selects :: explain SELECT c FROM sbtest%u WHERE id=%u
for: distinct_ranges
table 1 : explain SELECT DISTINCT c FROM sbtest1 WHERE id BETWEEN 7928331 AND 7928340 ORDER BY c
	Unique  (cost=39.53..39.58 rows=10 width=121)
	  ->  Sort  (cost=39.53..39.56 rows=10 width=121)
	        Sort Key: c
	        ->  Index Scan using sbtest1_pkey on sbtest1  (cost=0.43..39.37 rows=10 width=121)
	              Index Cond: ((id >= 7928331) AND (id <= 7928340))

table 2 : explain SELECT DISTINCT c FROM sbtest2 WHERE id BETWEEN 2669613 AND 2669622 ORDER BY c
	Unique  (cost=39.47..39.52 rows=10 width=121)
	  ->  Sort  (cost=39.47..39.49 rows=10 width=121)
	        Sort Key: c
	        ->  Index Scan using sbtest2_pkey on sbtest2  (cost=0.43..39.30 rows=10 width=121)
	              Index Cond: ((id >= 2669613) AND (id <= 2669622))

table 3 : explain SELECT DISTINCT c FROM sbtest3 WHERE id BETWEEN 5279932 AND 5279941 ORDER BY c
	Unique  (cost=39.22..39.27 rows=10 width=121)
	  ->  Sort  (cost=39.22..39.25 rows=10 width=121)
	        Sort Key: c
	        ->  Index Scan using sbtest3_pkey on sbtest3  (cost=0.43..39.05 rows=10 width=121)
	              Index Cond: ((id >= 5279932) AND (id <= 5279941))

table 4 : explain SELECT DISTINCT c FROM sbtest4 WHERE id BETWEEN 3445463 AND 3445472 ORDER BY c
	Unique  (cost=39.69..39.74 rows=10 width=121)
	  ->  Sort  (cost=39.69..39.71 rows=10 width=121)
	        Sort Key: c
	        ->  Index Scan using sbtest4_pkey on sbtest4  (cost=0.43..39.52 rows=10 width=121)
	              Index Cond: ((id >= 3445463) AND (id <= 3445472))

table 5 : explain SELECT DISTINCT c FROM sbtest5 WHERE id BETWEEN 3358105 AND 3358114 ORDER BY c
	Unique  (cost=39.49..39.54 rows=10 width=121)
	  ->  Sort  (cost=39.49..39.51 rows=10 width=121)
	        Sort Key: c
	        ->  Index Scan using sbtest5_pkey on sbtest5  (cost=0.43..39.32 rows=10 width=121)
	              Index Cond: ((id >= 3358105) AND (id <= 3358114))

table 6 : explain SELECT DISTINCT c FROM sbtest6 WHERE id BETWEEN 8780657 AND 8780666 ORDER BY c
	Unique  (cost=36.13..36.18 rows=9 width=121)
	  ->  Sort  (cost=36.13..36.16 rows=9 width=121)
	        Sort Key: c
	        ->  Index Scan using sbtest6_pkey on sbtest6  (cost=0.43..35.99 rows=9 width=121)
	              Index Cond: ((id >= 8780657) AND (id <= 8780666))

table 7 : explain SELECT DISTINCT c FROM sbtest7 WHERE id BETWEEN 2048548 AND 2048557 ORDER BY c
	Unique  (cost=39.70..39.75 rows=10 width=121)
	  ->  Sort  (cost=39.70..39.72 rows=10 width=121)
	        Sort Key: c
	        ->  Index Scan using sbtest7_pkey on sbtest7  (cost=0.43..39.53 rows=10 width=121)
	              Index Cond: ((id >= 2048548) AND (id <= 2048557))

table 8 : explain SELECT DISTINCT c FROM sbtest8 WHERE id BETWEEN 4748524 AND 4748533 ORDER BY c
	Unique  (cost=36.02..36.07 rows=9 width=121)
	  ->  Sort  (cost=36.02..36.05 rows=9 width=121)
	        Sort Key: c
	        ->  Index Scan using sbtest8_pkey on sbtest8  (cost=0.43..35.88 rows=9 width=121)
	              Index Cond: ((id >= 4748524) AND (id <= 4748533))

explain: for non_index_updates :: explain UPDATE sbtest%u SET c='foobar' WHERE id=%u
for: sum_ranges
table 1 : explain SELECT SUM(k) FROM sbtest1 WHERE id BETWEEN 7274937 AND 7274946
	Aggregate  (cost=35.95..35.96 rows=1 width=8)
	  ->  Index Scan using sbtest1_pkey on sbtest1  (cost=0.43..35.93 rows=9 width=4)
	        Index Cond: ((id >= 7274937) AND (id <= 7274946))

table 2 : explain SELECT SUM(k) FROM sbtest2 WHERE id BETWEEN 893492 AND 893501
	Aggregate  (cost=39.33..39.34 rows=1 width=8)
	  ->  Index Scan using sbtest2_pkey on sbtest2  (cost=0.43..39.30 rows=10 width=4)
	        Index Cond: ((id >= 893492) AND (id <= 893501))

table 3 : explain SELECT SUM(k) FROM sbtest3 WHERE id BETWEEN 1822485 AND 1822494
	Aggregate  (cost=39.08..39.09 rows=1 width=8)
	  ->  Index Scan using sbtest3_pkey on sbtest3  (cost=0.43..39.05 rows=10 width=4)
	        Index Cond: ((id >= 1822485) AND (id <= 1822494))

table 4 : explain SELECT SUM(k) FROM sbtest4 WHERE id BETWEEN 1357137 AND 1357146
	Aggregate  (cost=43.00..43.01 rows=1 width=8)
	  ->  Index Scan using sbtest4_pkey on sbtest4  (cost=0.43..42.97 rows=11 width=4)
	        Index Cond: ((id >= 1357137) AND (id <= 1357146))

table 5 : explain SELECT SUM(k) FROM sbtest5 WHERE id BETWEEN 1473897 AND 1473906
	Aggregate  (cost=35.91..35.92 rows=1 width=8)
	  ->  Index Scan using sbtest5_pkey on sbtest5  (cost=0.43..35.89 rows=9 width=4)
	        Index Cond: ((id >= 1473897) AND (id <= 1473906))

table 6 : explain SELECT SUM(k) FROM sbtest6 WHERE id BETWEEN 1653177 AND 1653186
	Aggregate  (cost=39.46..39.47 rows=1 width=8)
	  ->  Index Scan using sbtest6_pkey on sbtest6  (cost=0.43..39.43 rows=10 width=4)
	        Index Cond: ((id >= 1653177) AND (id <= 1653186))

table 7 : explain SELECT SUM(k) FROM sbtest7 WHERE id BETWEEN 1244540 AND 1244549
	Aggregate  (cost=39.55..39.56 rows=1 width=8)
	  ->  Index Scan using sbtest7_pkey on sbtest7  (cost=0.43..39.53 rows=10 width=4)
	        Index Cond: ((id >= 1244540) AND (id <= 1244549))

table 8 : explain SELECT SUM(k) FROM sbtest8 WHERE id BETWEEN 8352874 AND 8352883
	Aggregate  (cost=42.77..42.78 rows=1 width=8)
	  ->  Index Scan using sbtest8_pkey on sbtest8  (cost=0.43..42.74 rows=11 width=4)
	        Index Cond: ((id >= 8352874) AND (id <= 8352883))

explain: for index_updates :: explain UPDATE sbtest%u SET k=k+1 WHERE id=%u
for: sum_ranges
table 1 : explain SELECT SUM(k) FROM sbtest1 WHERE id BETWEEN 2157439 AND 2157448
	Aggregate  (cost=39.39..39.40 rows=1 width=8)
	  ->  Index Scan using sbtest1_pkey on sbtest1  (cost=0.43..39.37 rows=10 width=4)
	        Index Cond: ((id >= 2157439) AND (id <= 2157448))

table 2 : explain SELECT SUM(k) FROM sbtest2 WHERE id BETWEEN 1699200 AND 1699209
	Aggregate  (cost=39.33..39.34 rows=1 width=8)
	  ->  Index Scan using sbtest2_pkey on sbtest2  (cost=0.43..39.30 rows=10 width=4)
	        Index Cond: ((id >= 1699200) AND (id <= 1699209))

table 3 : explain SELECT SUM(k) FROM sbtest3 WHERE id BETWEEN 971159 AND 971168
	Aggregate  (cost=42.48..42.49 rows=1 width=8)
	  ->  Index Scan using sbtest3_pkey on sbtest3  (cost=0.43..42.45 rows=11 width=4)
	        Index Cond: ((id >= 971159) AND (id <= 971168))

table 4 : explain SELECT SUM(k) FROM sbtest4 WHERE id BETWEEN 4936160 AND 4936169
	Aggregate  (cost=39.55..39.56 rows=1 width=8)
	  ->  Index Scan using sbtest4_pkey on sbtest4  (cost=0.43..39.52 rows=10 width=4)
	        Index Cond: ((id >= 4936160) AND (id <= 4936169))

table 5 : explain SELECT SUM(k) FROM sbtest5 WHERE id BETWEEN 9609698 AND 9609707
	Aggregate  (cost=39.34..39.35 rows=1 width=8)
	  ->  Index Scan using sbtest5_pkey on sbtest5  (cost=0.43..39.32 rows=10 width=4)
	        Index Cond: ((id >= 9609698) AND (id <= 9609707))

table 6 : explain SELECT SUM(k) FROM sbtest6 WHERE id BETWEEN 3979769 AND 3979778
	Aggregate  (cost=39.46..39.47 rows=1 width=8)
	  ->  Index Scan using sbtest6_pkey on sbtest6  (cost=0.43..39.43 rows=10 width=4)
	        Index Cond: ((id >= 3979769) AND (id <= 3979778))

table 7 : explain SELECT SUM(k) FROM sbtest7 WHERE id BETWEEN 4773970 AND 4773979
	Aggregate  (cost=39.55..39.56 rows=1 width=8)
	  ->  Index Scan using sbtest7_pkey on sbtest7  (cost=0.43..39.53 rows=10 width=4)
	        Index Cond: ((id >= 4773970) AND (id <= 4773979))

table 8 : explain SELECT SUM(k) FROM sbtest8 WHERE id BETWEEN 4978415 AND 4978424
	Aggregate  (cost=39.34..39.35 rows=1 width=8)
	  ->  Index Scan using sbtest8_pkey on sbtest8  (cost=0.43..39.31 rows=10 width=4)
	        Index Cond: ((id >= 4978415) AND (id <= 4978424))

for: simple_ranges
table 1 : explain SELECT c FROM sbtest1 WHERE id BETWEEN 1405374 AND 1405383
	Index Scan using sbtest1_pkey on sbtest1  (cost=0.43..32.50 rows=8 width=121)
	  Index Cond: ((id >= 1405374) AND (id <= 1405383))

table 2 : explain SELECT c FROM sbtest2 WHERE id BETWEEN 1964664 AND 1964673
	Index Scan using sbtest2_pkey on sbtest2  (cost=0.43..39.30 rows=10 width=121)
	  Index Cond: ((id >= 1964664) AND (id <= 1964673))

table 3 : explain SELECT c FROM sbtest3 WHERE id BETWEEN 4542977 AND 4542986
	Index Scan using sbtest3_pkey on sbtest3  (cost=0.43..39.05 rows=10 width=121)
	  Index Cond: ((id >= 4542977) AND (id <= 4542986))

table 4 : explain SELECT c FROM sbtest4 WHERE id BETWEEN 1675522 AND 1675531
	Index Scan using sbtest4_pkey on sbtest4  (cost=0.43..39.52 rows=10 width=121)
	  Index Cond: ((id >= 1675522) AND (id <= 1675531))

table 5 : explain SELECT c FROM sbtest5 WHERE id BETWEEN 4823103 AND 4823112
	Index Scan using sbtest5_pkey on sbtest5  (cost=0.43..39.32 rows=10 width=121)
	  Index Cond: ((id >= 4823103) AND (id <= 4823112))

table 6 : explain SELECT c FROM sbtest6 WHERE id BETWEEN 9048774 AND 9048783
	Index Scan using sbtest6_pkey on sbtest6  (cost=0.43..39.43 rows=10 width=121)
	  Index Cond: ((id >= 9048774) AND (id <= 9048783))

table 7 : explain SELECT c FROM sbtest7 WHERE id BETWEEN 3165537 AND 3165546
	Index Scan using sbtest7_pkey on sbtest7  (cost=0.43..42.98 rows=11 width=121)
	  Index Cond: ((id >= 3165537) AND (id <= 3165546))

table 8 : explain SELECT c FROM sbtest8 WHERE id BETWEEN 9959959 AND 9959968
	Index Scan using sbtest8_pkey on sbtest8  (cost=0.43..39.31 rows=10 width=121)
	  Index Cond: ((id >= 9959959) AND (id <= 9959968))

for: order_ranges
table 1 : explain SELECT c FROM sbtest1 WHERE id BETWEEN 5399434 AND 5399443 ORDER BY c
	Sort  (cost=39.53..39.56 rows=10 width=121)
	  Sort Key: c
	  ->  Index Scan using sbtest1_pkey on sbtest1  (cost=0.43..39.37 rows=10 width=121)
	        Index Cond: ((id >= 5399434) AND (id <= 5399443))

table 2 : explain SELECT c FROM sbtest2 WHERE id BETWEEN 4309324 AND 4309333 ORDER BY c
	Sort  (cost=39.47..39.49 rows=10 width=121)
	  Sort Key: c
	  ->  Index Scan using sbtest2_pkey on sbtest2  (cost=0.43..39.30 rows=10 width=121)
	        Index Cond: ((id >= 4309324) AND (id <= 4309333))

table 3 : explain SELECT c FROM sbtest3 WHERE id BETWEEN 709104 AND 709113 ORDER BY c
	Sort  (cost=42.65..42.67 rows=11 width=121)
	  Sort Key: c
	  ->  Index Scan using sbtest3_pkey on sbtest3  (cost=0.43..42.45 rows=11 width=121)
	        Index Cond: ((id >= 709104) AND (id <= 709113))

table 4 : explain SELECT c FROM sbtest4 WHERE id BETWEEN 3114480 AND 3114489 ORDER BY c
	Sort  (cost=39.69..39.71 rows=10 width=121)
	  Sort Key: c
	  ->  Index Scan using sbtest4_pkey on sbtest4  (cost=0.43..39.52 rows=10 width=121)
	        Index Cond: ((id >= 3114480) AND (id <= 3114489))

table 5 : explain SELECT c FROM sbtest5 WHERE id BETWEEN 8265230 AND 8265239 ORDER BY c
	Sort  (cost=39.49..39.51 rows=10 width=121)
	  Sort Key: c
	  ->  Index Scan using sbtest5_pkey on sbtest5  (cost=0.43..39.32 rows=10 width=121)
	        Index Cond: ((id >= 8265230) AND (id <= 8265239))

table 6 : explain SELECT c FROM sbtest6 WHERE id BETWEEN 4409362 AND 4409371 ORDER BY c
	Sort  (cost=39.60..39.62 rows=10 width=121)
	  Sort Key: c
	  ->  Index Scan using sbtest6_pkey on sbtest6  (cost=0.43..39.43 rows=10 width=121)
	        Index Cond: ((id >= 4409362) AND (id <= 4409371))

table 7 : explain SELECT c FROM sbtest7 WHERE id BETWEEN 369431 AND 369440 ORDER BY c
	Sort  (cost=39.70..39.72 rows=10 width=121)
	  Sort Key: c
	  ->  Index Scan using sbtest7_pkey on sbtest7  (cost=0.43..39.53 rows=10 width=121)
	        Index Cond: ((id >= 369431) AND (id <= 369440))

table 8 : explain SELECT c FROM sbtest8 WHERE id BETWEEN 5952505 AND 5952514 ORDER BY c
	Sort  (cost=39.48..39.50 rows=10 width=121)
	  Sort Key: c
	  ->  Index Scan using sbtest8_pkey on sbtest8  (cost=0.43..39.31 rows=10 width=121)
	        Index Cond: ((id >= 5952505) AND (id <= 5952514))

for point_selects
table 1 : explain SELECT c FROM sbtest1 WHERE id=7710505
	Index Scan using sbtest1_pkey on sbtest1  (cost=0.43..8.45 rows=1 width=121)
	  Index Cond: (id = 7710505)

table 2 : explain SELECT c FROM sbtest2 WHERE id=7694023
	Index Scan using sbtest2_pkey on sbtest2  (cost=0.43..8.45 rows=1 width=121)
	  Index Cond: (id = 7694023)

table 3 : explain SELECT c FROM sbtest3 WHERE id=2664705
	Index Scan using sbtest3_pkey on sbtest3  (cost=0.43..8.45 rows=1 width=121)
	  Index Cond: (id = 2664705)

table 4 : explain SELECT c FROM sbtest4 WHERE id=8744583
	Index Scan using sbtest4_pkey on sbtest4  (cost=0.43..8.45 rows=1 width=121)
	  Index Cond: (id = 8744583)

table 5 : explain SELECT c FROM sbtest5 WHERE id=9461133
	Index Scan using sbtest5_pkey on sbtest5  (cost=0.43..8.45 rows=1 width=121)
	  Index Cond: (id = 9461133)

table 6 : explain SELECT c FROM sbtest6 WHERE id=7959438
	Index Scan using sbtest6_pkey on sbtest6  (cost=0.43..8.45 rows=1 width=121)
	  Index Cond: (id = 7959438)

table 7 : explain SELECT c FROM sbtest7 WHERE id=7847995
	Index Scan using sbtest7_pkey on sbtest7  (cost=0.43..8.45 rows=1 width=121)
	  Index Cond: (id = 7847995)

table 8 : explain SELECT c FROM sbtest8 WHERE id=3444534
	Index Scan using sbtest8_pkey on sbtest8  (cost=0.43..8.45 rows=1 width=121)
	  Index Cond: (id = 3444534)

for: sum_ranges
table 1 : explain SELECT SUM(k) FROM sbtest1 WHERE id BETWEEN 2643278 AND 2643287
	Aggregate  (cost=35.95..35.96 rows=1 width=8)
	  ->  Index Scan using sbtest1_pkey on sbtest1  (cost=0.43..35.93 rows=9 width=4)
	        Index Cond: ((id >= 2643278) AND (id <= 2643287))

table 2 : explain SELECT SUM(k) FROM sbtest2 WHERE id BETWEEN 826295 AND 826304
	Aggregate  (cost=39.33..39.34 rows=1 width=8)
	  ->  Index Scan using sbtest2_pkey on sbtest2  (cost=0.43..39.30 rows=10 width=4)
	        Index Cond: ((id >= 826295) AND (id <= 826304))

table 3 : explain SELECT SUM(k) FROM sbtest3 WHERE id BETWEEN 9266425 AND 9266434
	Aggregate  (cost=39.08..39.09 rows=1 width=8)
	  ->  Index Scan using sbtest3_pkey on sbtest3  (cost=0.43..39.05 rows=10 width=4)
	        Index Cond: ((id >= 9266425) AND (id <= 9266434))

table 4 : explain SELECT SUM(k) FROM sbtest4 WHERE id BETWEEN 4320144 AND 4320153
	Aggregate  (cost=39.55..39.56 rows=1 width=8)
	  ->  Index Scan using sbtest4_pkey on sbtest4  (cost=0.43..39.52 rows=10 width=4)
	        Index Cond: ((id >= 4320144) AND (id <= 4320153))

table 5 : explain SELECT SUM(k) FROM sbtest5 WHERE id BETWEEN 7649524 AND 7649533
	Aggregate  (cost=35.91..35.92 rows=1 width=8)
	  ->  Index Scan using sbtest5_pkey on sbtest5  (cost=0.43..35.89 rows=9 width=4)
	        Index Cond: ((id >= 7649524) AND (id <= 7649533))

table 6 : explain SELECT SUM(k) FROM sbtest6 WHERE id BETWEEN 4237596 AND 4237605
	Aggregate  (cost=36.01..36.02 rows=1 width=8)
	  ->  Index Scan using sbtest6_pkey on sbtest6  (cost=0.43..35.99 rows=9 width=4)
	        Index Cond: ((id >= 4237596) AND (id <= 4237605))

table 7 : explain SELECT SUM(k) FROM sbtest7 WHERE id BETWEEN 2799247 AND 2799256
	Aggregate  (cost=39.55..39.56 rows=1 width=8)
	  ->  Index Scan using sbtest7_pkey on sbtest7  (cost=0.43..39.53 rows=10 width=4)
	        Index Cond: ((id >= 2799247) AND (id <= 2799256))

table 8 : explain SELECT SUM(k) FROM sbtest8 WHERE id BETWEEN 5381364 AND 5381373
	Aggregate  (cost=35.90..35.91 rows=1 width=8)
	  ->  Index Scan using sbtest8_pkey on sbtest8  (cost=0.43..35.88 rows=9 width=4)
	        Index Cond: ((id >= 5381364) AND (id <= 5381373))

for index_updates
table 1 : explain UPDATE sbtest1 SET k=k+1 WHERE id=5478113
	Update on sbtest1  (cost=0.43..8.46 rows=0 width=0)
	  ->  Index Scan using sbtest1_pkey on sbtest1  (cost=0.43..8.46 rows=1 width=10)
	        Index Cond: (id = 5478113)

table 2 : explain UPDATE sbtest2 SET k=k+1 WHERE id=6063811
	Update on sbtest2  (cost=0.43..8.46 rows=0 width=0)
	  ->  Index Scan using sbtest2_pkey on sbtest2  (cost=0.43..8.46 rows=1 width=10)
	        Index Cond: (id = 6063811)

table 3 : explain UPDATE sbtest3 SET k=k+1 WHERE id=8711911
	Update on sbtest3  (cost=0.43..8.46 rows=0 width=0)
	  ->  Index Scan using sbtest3_pkey on sbtest3  (cost=0.43..8.46 rows=1 width=10)
	        Index Cond: (id = 8711911)

table 4 : explain UPDATE sbtest4 SET k=k+1 WHERE id=4206170
	Update on sbtest4  (cost=0.43..8.46 rows=0 width=0)
	  ->  Index Scan using sbtest4_pkey on sbtest4  (cost=0.43..8.46 rows=1 width=10)
	        Index Cond: (id = 4206170)

table 5 : explain UPDATE sbtest5 SET k=k+1 WHERE id=6073486
	Update on sbtest5  (cost=0.43..8.46 rows=0 width=0)
	  ->  Index Scan using sbtest5_pkey on sbtest5  (cost=0.43..8.46 rows=1 width=10)
	        Index Cond: (id = 6073486)

table 6 : explain UPDATE sbtest6 SET k=k+1 WHERE id=4395833
	Update on sbtest6  (cost=0.43..8.46 rows=0 width=0)
	  ->  Index Scan using sbtest6_pkey on sbtest6  (cost=0.43..8.46 rows=1 width=10)
	        Index Cond: (id = 4395833)

table 7 : explain UPDATE sbtest7 SET k=k+1 WHERE id=3965625
	Update on sbtest7  (cost=0.43..8.46 rows=0 width=0)
	  ->  Index Scan using sbtest7_pkey on sbtest7  (cost=0.43..8.46 rows=1 width=10)
	        Index Cond: (id = 3965625)

table 8 : explain UPDATE sbtest8 SET k=k+1 WHERE id=1177928
	Update on sbtest8  (cost=0.43..8.46 rows=0 width=0)
	  ->  Index Scan using sbtest8_pkey on sbtest8  (cost=0.43..8.46 rows=1 width=10)
	        Index Cond: (id = 1177928)

for: distinct_ranges
table 1 : explain SELECT DISTINCT c FROM sbtest1 WHERE id BETWEEN 7281512 AND 7281521 ORDER BY c
	Unique  (cost=36.07..36.12 rows=9 width=121)
	  ->  Sort  (cost=36.07..36.10 rows=9 width=121)
	        Sort Key: c
	        ->  Index Scan using sbtest1_pkey on sbtest1  (cost=0.43..35.93 rows=9 width=121)
	              Index Cond: ((id >= 7281512) AND (id <= 7281521))

table 2 : explain SELECT DISTINCT c FROM sbtest2 WHERE id BETWEEN 1288083 AND 1288092 ORDER BY c
	Unique  (cost=39.47..39.52 rows=10 width=121)
	  ->  Sort  (cost=39.47..39.49 rows=10 width=121)
	        Sort Key: c
	        ->  Index Scan using sbtest2_pkey on sbtest2  (cost=0.43..39.30 rows=10 width=121)
	              Index Cond: ((id >= 1288083) AND (id <= 1288092))

table 3 : explain SELECT DISTINCT c FROM sbtest3 WHERE id BETWEEN 2040913 AND 2040922 ORDER BY c
	Unique  (cost=39.22..39.27 rows=10 width=121)
	  ->  Sort  (cost=39.22..39.25 rows=10 width=121)
	        Sort Key: c
	        ->  Index Scan using sbtest3_pkey on sbtest3  (cost=0.43..39.05 rows=10 width=121)
	              Index Cond: ((id >= 2040913) AND (id <= 2040922))

table 4 : explain SELECT DISTINCT c FROM sbtest4 WHERE id BETWEEN 1860891 AND 1860900 ORDER BY c
	Unique  (cost=39.69..39.74 rows=10 width=121)
	  ->  Sort  (cost=39.69..39.71 rows=10 width=121)
	        Sort Key: c
	        ->  Index Scan using sbtest4_pkey on sbtest4  (cost=0.43..39.52 rows=10 width=121)
	              Index Cond: ((id >= 1860891) AND (id <= 1860900))

table 5 : explain SELECT DISTINCT c FROM sbtest5 WHERE id BETWEEN 3055874 AND 3055883 ORDER BY c
	Unique  (cost=42.94..42.99 rows=11 width=121)
	  ->  Sort  (cost=42.94..42.97 rows=11 width=121)
	        Sort Key: c
	        ->  Index Scan using sbtest5_pkey on sbtest5  (cost=0.43..42.75 rows=11 width=121)
	              Index Cond: ((id >= 3055874) AND (id <= 3055883))

table 6 : explain SELECT DISTINCT c FROM sbtest6 WHERE id BETWEEN 899967 AND 899976 ORDER BY c
	Unique  (cost=39.60..39.65 rows=10 width=121)
	  ->  Sort  (cost=39.60..39.62 rows=10 width=121)
	        Sort Key: c
	        ->  Index Scan using sbtest6_pkey on sbtest6  (cost=0.43..39.43 rows=10 width=121)
	              Index Cond: ((id >= 899967) AND (id <= 899976))

table 7 : explain SELECT DISTINCT c FROM sbtest7 WHERE id BETWEEN 3333712 AND 3333721 ORDER BY c
	Unique  (cost=43.17..43.23 rows=11 width=121)
	  ->  Sort  (cost=43.17..43.20 rows=11 width=121)
	        Sort Key: c
	        ->  Index Scan using sbtest7_pkey on sbtest7  (cost=0.43..42.98 rows=11 width=121)
	              Index Cond: ((id >= 3333712) AND (id <= 3333721))

table 8 : explain SELECT DISTINCT c FROM sbtest8 WHERE id BETWEEN 8506571 AND 8506580 ORDER BY c
	Unique  (cost=42.93..42.98 rows=11 width=121)
	  ->  Sort  (cost=42.93..42.96 rows=11 width=121)
	        Sort Key: c
	        ->  Index Scan using sbtest8_pkey on sbtest8  (cost=0.43..42.74 rows=11 width=121)
	              Index Cond: ((id >= 8506571) AND (id <= 8506580))

for: distinct_ranges
table 1 : explain SELECT DISTINCT c FROM sbtest1 WHERE id BETWEEN 5783894 AND 5783903 ORDER BY c
	Unique  (cost=42.99..43.05 rows=11 width=121)
	  ->  Sort  (cost=42.99..43.02 rows=11 width=121)
	        Sort Key: c
	        ->  Index Scan using sbtest1_pkey on sbtest1  (cost=0.43..42.80 rows=11 width=121)
	              Index Cond: ((id >= 5783894) AND (id <= 5783903))

table 2 : explain SELECT DISTINCT c FROM sbtest2 WHERE id BETWEEN 8161608 AND 8161617 ORDER BY c
	Unique  (cost=39.47..39.52 rows=10 width=121)
	  ->  Sort  (cost=39.47..39.49 rows=10 width=121)
	        Sort Key: c
	        ->  Index Scan using sbtest2_pkey on sbtest2  (cost=0.43..39.30 rows=10 width=121)
	              Index Cond: ((id >= 8161608) AND (id <= 8161617))

table 3 : explain SELECT DISTINCT c FROM sbtest3 WHERE id BETWEEN 5820536 AND 5820545 ORDER BY c
	Unique  (cost=39.22..39.27 rows=10 width=121)
	  ->  Sort  (cost=39.22..39.25 rows=10 width=121)
	        Sort Key: c
	        ->  Index Scan using sbtest3_pkey on sbtest3  (cost=0.43..39.05 rows=10 width=121)
	              Index Cond: ((id >= 5820536) AND (id <= 5820545))

table 4 : explain SELECT DISTINCT c FROM sbtest4 WHERE id BETWEEN 2110845 AND 2110854 ORDER BY c
	Unique  (cost=36.21..36.26 rows=9 width=121)
	  ->  Sort  (cost=36.21..36.23 rows=9 width=121)
	        Sort Key: c
	        ->  Index Scan using sbtest4_pkey on sbtest4  (cost=0.43..36.07 rows=9 width=121)
	              Index Cond: ((id >= 2110845) AND (id <= 2110854))

table 5 : explain SELECT DISTINCT c FROM sbtest5 WHERE id BETWEEN 7482446 AND 7482455 ORDER BY c
	Unique  (cost=42.94..42.99 rows=11 width=121)
	  ->  Sort  (cost=42.94..42.97 rows=11 width=121)
	        Sort Key: c
	        ->  Index Scan using sbtest5_pkey on sbtest5  (cost=0.43..42.75 rows=11 width=121)
	              Index Cond: ((id >= 7482446) AND (id <= 7482455))

table 6 : explain SELECT DISTINCT c FROM sbtest6 WHERE id BETWEEN 6712192 AND 6712201 ORDER BY c
	Unique  (cost=39.60..39.65 rows=10 width=121)
	  ->  Sort  (cost=39.60..39.62 rows=10 width=121)
	        Sort Key: c
	        ->  Index Scan using sbtest6_pkey on sbtest6  (cost=0.43..39.43 rows=10 width=121)
	              Index Cond: ((id >= 6712192) AND (id <= 6712201))

table 7 : explain SELECT DISTINCT c FROM sbtest7 WHERE id BETWEEN 9234741 AND 9234750 ORDER BY c
	Unique  (cost=43.17..43.23 rows=11 width=121)
	  ->  Sort  (cost=43.17..43.20 rows=11 width=121)
	        Sort Key: c
	        ->  Index Scan using sbtest7_pkey on sbtest7  (cost=0.43..42.98 rows=11 width=121)
	              Index Cond: ((id >= 9234741) AND (id <= 9234750))

table 8 : explain SELECT DISTINCT c FROM sbtest8 WHERE id BETWEEN 5951978 AND 5951987 ORDER BY c
	Unique  (cost=39.48..39.53 rows=10 width=121)
	  ->  Sort  (cost=39.48..39.50 rows=10 width=121)
	        Sort Key: c
	        ->  Index Scan using sbtest8_pkey on sbtest8  (cost=0.43..39.31 rows=10 width=121)
	              Index Cond: ((id >= 5951978) AND (id <= 5951987))

explain: for index_updates :: explain UPDATE sbtest%u SET k=k+1 WHERE id=%u
for: simple_ranges
table 1 : explain SELECT c FROM sbtest1 WHERE id BETWEEN 1417804 AND 1417813
	Index Scan using sbtest1_pkey on sbtest1  (cost=0.43..39.37 rows=10 width=121)
	  Index Cond: ((id >= 1417804) AND (id <= 1417813))

table 2 : explain SELECT c FROM sbtest2 WHERE id BETWEEN 4902549 AND 4902558
	Index Scan using sbtest2_pkey on sbtest2  (cost=0.43..39.30 rows=10 width=121)
	  Index Cond: ((id >= 4902549) AND (id <= 4902558))

table 3 : explain SELECT c FROM sbtest3 WHERE id BETWEEN 7832814 AND 7832823
	Index Scan using sbtest3_pkey on sbtest3  (cost=0.43..39.05 rows=10 width=121)
	  Index Cond: ((id >= 7832814) AND (id <= 7832823))

table 4 : explain SELECT c FROM sbtest4 WHERE id BETWEEN 9748573 AND 9748582
	Index Scan using sbtest4_pkey on sbtest4  (cost=0.43..36.07 rows=9 width=121)
	  Index Cond: ((id >= 9748573) AND (id <= 9748582))

table 5 : explain SELECT c FROM sbtest5 WHERE id BETWEEN 5278902 AND 5278911
	Index Scan using sbtest5_pkey on sbtest5  (cost=0.43..35.89 rows=9 width=121)
	  Index Cond: ((id >= 5278902) AND (id <= 5278911))

table 6 : explain SELECT c FROM sbtest6 WHERE id BETWEEN 380978 AND 380987
	Index Scan using sbtest6_pkey on sbtest6  (cost=0.43..39.43 rows=10 width=121)
	  Index Cond: ((id >= 380978) AND (id <= 380987))

table 7 : explain SELECT c FROM sbtest7 WHERE id BETWEEN 7984943 AND 7984952
	Index Scan using sbtest7_pkey on sbtest7  (cost=0.43..39.53 rows=10 width=121)
	  Index Cond: ((id >= 7984943) AND (id <= 7984952))

table 8 : explain SELECT c FROM sbtest8 WHERE id BETWEEN 3973789 AND 3973798
	Index Scan using sbtest8_pkey on sbtest8  (cost=0.43..35.88 rows=9 width=121)
	  Index Cond: ((id >= 3973789) AND (id <= 3973798))

explain: for non_index_updates :: explain UPDATE sbtest%u SET c='foobar' WHERE id=%u
for: simple_ranges
table 1 : explain SELECT c FROM sbtest1 WHERE id BETWEEN 7764492 AND 7764501
	Index Scan using sbtest1_pkey on sbtest1  (cost=0.43..35.93 rows=9 width=121)
	  Index Cond: ((id >= 7764492) AND (id <= 7764501))

table 2 : explain SELECT c FROM sbtest2 WHERE id BETWEEN 720206 AND 720215
	Index Scan using sbtest2_pkey on sbtest2  (cost=0.43..35.87 rows=9 width=121)
	  Index Cond: ((id >= 720206) AND (id <= 720215))

table 3 : explain SELECT c FROM sbtest3 WHERE id BETWEEN 6817464 AND 6817473
	Index Scan using sbtest3_pkey on sbtest3  (cost=0.43..39.05 rows=10 width=121)
	  Index Cond: ((id >= 6817464) AND (id <= 6817473))

table 4 : explain SELECT c FROM sbtest4 WHERE id BETWEEN 3430846 AND 3430855
	Index Scan using sbtest4_pkey on sbtest4  (cost=0.43..39.52 rows=10 width=121)
	  Index Cond: ((id >= 3430846) AND (id <= 3430855))

table 5 : explain SELECT c FROM sbtest5 WHERE id BETWEEN 716297 AND 716306
	Index Scan using sbtest5_pkey on sbtest5  (cost=0.43..35.89 rows=9 width=121)
	  Index Cond: ((id >= 716297) AND (id <= 716306))

table 6 : explain SELECT c FROM sbtest6 WHERE id BETWEEN 1492310 AND 1492319
	Index Scan using sbtest6_pkey on sbtest6  (cost=0.43..39.43 rows=10 width=121)
	  Index Cond: ((id >= 1492310) AND (id <= 1492319))

table 7 : explain SELECT c FROM sbtest7 WHERE id BETWEEN 3149102 AND 3149111
	Index Scan using sbtest7_pkey on sbtest7  (cost=0.43..42.98 rows=11 width=121)
	  Index Cond: ((id >= 3149102) AND (id <= 3149111))

table 8 : explain SELECT c FROM sbtest8 WHERE id BETWEEN 3252533 AND 3252542
	Index Scan using sbtest8_pkey on sbtest8  (cost=0.43..39.31 rows=10 width=121)
	  Index Cond: ((id >= 3252533) AND (id <= 3252542))

for: order_ranges
table 1 : explain SELECT c FROM sbtest1 WHERE id BETWEEN 7499185 AND 7499194 ORDER BY c
	Sort  (cost=39.53..39.56 rows=10 width=121)
	  Sort Key: c
	  ->  Index Scan using sbtest1_pkey on sbtest1  (cost=0.43..39.37 rows=10 width=121)
	        Index Cond: ((id >= 7499185) AND (id <= 7499194))

table 2 : explain SELECT c FROM sbtest2 WHERE id BETWEEN 4255665 AND 4255674 ORDER BY c
	Sort  (cost=39.47..39.49 rows=10 width=121)
	  Sort Key: c
	  ->  Index Scan using sbtest2_pkey on sbtest2  (cost=0.43..39.30 rows=10 width=121)
	        Index Cond: ((id >= 4255665) AND (id <= 4255674))

table 3 : explain SELECT c FROM sbtest3 WHERE id BETWEEN 556920 AND 556929 ORDER BY c
	Sort  (cost=35.80..35.82 rows=9 width=121)
	  Sort Key: c
	  ->  Index Scan using sbtest3_pkey on sbtest3  (cost=0.43..35.65 rows=9 width=121)
	        Index Cond: ((id >= 556920) AND (id <= 556929))

table 4 : explain SELECT c FROM sbtest4 WHERE id BETWEEN 1208155 AND 1208164 ORDER BY c
	Sort  (cost=36.21..36.23 rows=9 width=121)
	  Sort Key: c
	  ->  Index Scan using sbtest4_pkey on sbtest4  (cost=0.43..36.07 rows=9 width=121)
	        Index Cond: ((id >= 1208155) AND (id <= 1208164))

table 5 : explain SELECT c FROM sbtest5 WHERE id BETWEEN 6570328 AND 6570337 ORDER BY c
	Sort  (cost=36.03..36.06 rows=9 width=121)
	  Sort Key: c
	  ->  Index Scan using sbtest5_pkey on sbtest5  (cost=0.43..35.89 rows=9 width=121)
	        Index Cond: ((id >= 6570328) AND (id <= 6570337))

table 6 : explain SELECT c FROM sbtest6 WHERE id BETWEEN 3900641 AND 3900650 ORDER BY c
	Sort  (cost=36.13..36.16 rows=9 width=121)
	  Sort Key: c
	  ->  Index Scan using sbtest6_pkey on sbtest6  (cost=0.43..35.99 rows=9 width=121)
	        Index Cond: ((id >= 3900641) AND (id <= 3900650))

table 7 : explain SELECT c FROM sbtest7 WHERE id BETWEEN 4735585 AND 4735594 ORDER BY c
	Sort  (cost=39.70..39.72 rows=10 width=121)
	  Sort Key: c
	  ->  Index Scan using sbtest7_pkey on sbtest7  (cost=0.43..39.53 rows=10 width=121)
	        Index Cond: ((id >= 4735585) AND (id <= 4735594))

table 8 : explain SELECT c FROM sbtest8 WHERE id BETWEEN 8002691 AND 8002700 ORDER BY c
	Sort  (cost=39.48..39.50 rows=10 width=121)
	  Sort Key: c
	  ->  Index Scan using sbtest8_pkey on sbtest8  (cost=0.43..39.31 rows=10 width=121)
	        Index Cond: ((id >= 8002691) AND (id <= 8002700))

explain: for index_updates :: explain UPDATE sbtest%u SET k=k+1 WHERE id=%u
for non_index_updates
table 1 : explain UPDATE sbtest1 SET c='foobar' WHERE id=9262879
	Update on sbtest1  (cost=0.43..8.45 rows=0 width=0)
	  ->  Index Scan using sbtest1_pkey on sbtest1  (cost=0.43..8.45 rows=1 width=490)
	        Index Cond: (id = 9262879)

table 2 : explain UPDATE sbtest2 SET c='foobar' WHERE id=397197
	Update on sbtest2  (cost=0.43..8.45 rows=0 width=0)
	  ->  Index Scan using sbtest2_pkey on sbtest2  (cost=0.43..8.45 rows=1 width=490)
	        Index Cond: (id = 397197)

table 3 : explain UPDATE sbtest3 SET c='foobar' WHERE id=5083300
	Update on sbtest3  (cost=0.43..8.45 rows=0 width=0)
	  ->  Index Scan using sbtest3_pkey on sbtest3  (cost=0.43..8.45 rows=1 width=490)
	        Index Cond: (id = 5083300)

table 4 : explain UPDATE sbtest4 SET c='foobar' WHERE id=7788884
	Update on sbtest4  (cost=0.43..8.45 rows=0 width=0)
	  ->  Index Scan using sbtest4_pkey on sbtest4  (cost=0.43..8.45 rows=1 width=490)
	        Index Cond: (id = 7788884)

table 5 : explain UPDATE sbtest5 SET c='foobar' WHERE id=292307
	Update on sbtest5  (cost=0.43..8.45 rows=0 width=0)
	  ->  Index Scan using sbtest5_pkey on sbtest5  (cost=0.43..8.45 rows=1 width=490)
	        Index Cond: (id = 292307)

table 6 : explain UPDATE sbtest6 SET c='foobar' WHERE id=2746439
	Update on sbtest6  (cost=0.43..8.45 rows=0 width=0)
	  ->  Index Scan using sbtest6_pkey on sbtest6  (cost=0.43..8.45 rows=1 width=490)
	        Index Cond: (id = 2746439)

table 7 : explain UPDATE sbtest7 SET c='foobar' WHERE id=3289245
	Update on sbtest7  (cost=0.43..8.45 rows=0 width=0)
	  ->  Index Scan using sbtest7_pkey on sbtest7  (cost=0.43..8.45 rows=1 width=490)
	        Index Cond: (id = 3289245)

table 8 : explain UPDATE sbtest8 SET c='foobar' WHERE id=5490300
	Update on sbtest8  (cost=0.43..8.45 rows=0 width=0)
	  ->  Index Scan using sbtest8_pkey on sbtest8  (cost=0.43..8.45 rows=1 width=490)
	        Index Cond: (id = 5490300)

for non_index_updates
table 1 : explain UPDATE sbtest1 SET c='foobar' WHERE id=6940179
	Update on sbtest1  (cost=0.43..8.45 rows=0 width=0)
	  ->  Index Scan using sbtest1_pkey on sbtest1  (cost=0.43..8.45 rows=1 width=490)
	        Index Cond: (id = 6940179)

table 2 : explain UPDATE sbtest2 SET c='foobar' WHERE id=1438619
	Update on sbtest2  (cost=0.43..8.45 rows=0 width=0)
	  ->  Index Scan using sbtest2_pkey on sbtest2  (cost=0.43..8.45 rows=1 width=490)
	        Index Cond: (id = 1438619)

table 3 : explain UPDATE sbtest3 SET c='foobar' WHERE id=2922806
	Update on sbtest3  (cost=0.43..8.45 rows=0 width=0)
	  ->  Index Scan using sbtest3_pkey on sbtest3  (cost=0.43..8.45 rows=1 width=490)
	        Index Cond: (id = 2922806)

table 4 : explain UPDATE sbtest4 SET c='foobar' WHERE id=6274822
	Update on sbtest4  (cost=0.43..8.45 rows=0 width=0)
	  ->  Index Scan using sbtest4_pkey on sbtest4  (cost=0.43..8.45 rows=1 width=490)
	        Index Cond: (id = 6274822)

table 5 : explain UPDATE sbtest5 SET c='foobar' WHERE id=9016644
	Update on sbtest5  (cost=0.43..8.45 rows=0 width=0)
	  ->  Index Scan using sbtest5_pkey on sbtest5  (cost=0.43..8.45 rows=1 width=490)
	        Index Cond: (id = 9016644)

table 6 : explain UPDATE sbtest6 SET c='foobar' WHERE id=43894
	Update on sbtest6  (cost=0.43..8.45 rows=0 width=0)
	  ->  Index Scan using sbtest6_pkey on sbtest6  (cost=0.43..8.45 rows=1 width=490)
	        Index Cond: (id = 43894)

table 7 : explain UPDATE sbtest7 SET c='foobar' WHERE id=2678207
	Update on sbtest7  (cost=0.43..8.45 rows=0 width=0)
	  ->  Index Scan using sbtest7_pkey on sbtest7  (cost=0.43..8.45 rows=1 width=490)
	        Index Cond: (id = 2678207)

table 8 : explain UPDATE sbtest8 SET c='foobar' WHERE id=6151386
	Update on sbtest8  (cost=0.43..8.45 rows=0 width=0)
	  ->  Index Scan using sbtest8_pkey on sbtest8  (cost=0.43..8.45 rows=1 width=490)
	        Index Cond: (id = 6151386)

for: simple_ranges
table 1 : explain SELECT c FROM sbtest1 WHERE id BETWEEN 8163933 AND 8163942
	Index Scan using sbtest1_pkey on sbtest1  (cost=0.43..35.93 rows=9 width=121)
	  Index Cond: ((id >= 8163933) AND (id <= 8163942))

table 2 : explain SELECT c FROM sbtest2 WHERE id BETWEEN 3994186 AND 3994195
	Index Scan using sbtest2_pkey on sbtest2  (cost=0.43..35.87 rows=9 width=121)
	  Index Cond: ((id >= 3994186) AND (id <= 3994195))

table 3 : explain SELECT c FROM sbtest3 WHERE id BETWEEN 5610678 AND 5610687
	Index Scan using sbtest3_pkey on sbtest3  (cost=0.43..39.05 rows=10 width=121)
	  Index Cond: ((id >= 5610678) AND (id <= 5610687))

table 4 : explain SELECT c FROM sbtest4 WHERE id BETWEEN 7498284 AND 7498293
	Index Scan using sbtest4_pkey on sbtest4  (cost=0.43..36.07 rows=9 width=121)
	  Index Cond: ((id >= 7498284) AND (id <= 7498293))

table 5 : explain SELECT c FROM sbtest5 WHERE id BETWEEN 6407481 AND 6407490
	Index Scan using sbtest5_pkey on sbtest5  (cost=0.43..42.75 rows=11 width=121)
	  Index Cond: ((id >= 6407481) AND (id <= 6407490))

table 6 : explain SELECT c FROM sbtest6 WHERE id BETWEEN 4702733 AND 4702742
	Index Scan using sbtest6_pkey on sbtest6  (cost=0.43..39.43 rows=10 width=121)
	  Index Cond: ((id >= 4702733) AND (id <= 4702742))

table 7 : explain SELECT c FROM sbtest7 WHERE id BETWEEN 4459576 AND 4459585
	Index Scan using sbtest7_pkey on sbtest7  (cost=0.43..36.08 rows=9 width=121)
	  Index Cond: ((id >= 4459576) AND (id <= 4459585))

table 8 : explain SELECT c FROM sbtest8 WHERE id BETWEEN 310701 AND 310710
	Index Scan using sbtest8_pkey on sbtest8  (cost=0.43..35.88 rows=9 width=121)
	  Index Cond: ((id >= 310701) AND (id <= 310710))

for: distinct_ranges
table 1 : explain SELECT DISTINCT c FROM sbtest1 WHERE id BETWEEN 268294 AND 268303 ORDER BY c
	Unique  (cost=36.07..36.12 rows=9 width=121)
	  ->  Sort  (cost=36.07..36.10 rows=9 width=121)
	        Sort Key: c
	        ->  Index Scan using sbtest1_pkey on sbtest1  (cost=0.43..35.93 rows=9 width=121)
	              Index Cond: ((id >= 268294) AND (id <= 268303))

table 2 : explain SELECT DISTINCT c FROM sbtest2 WHERE id BETWEEN 9907897 AND 9907906 ORDER BY c
	Unique  (cost=39.47..39.52 rows=10 width=121)
	  ->  Sort  (cost=39.47..39.49 rows=10 width=121)
	        Sort Key: c
	        ->  Index Scan using sbtest2_pkey on sbtest2  (cost=0.43..39.30 rows=10 width=121)
	              Index Cond: ((id >= 9907897) AND (id <= 9907906))

table 3 : explain SELECT DISTINCT c FROM sbtest3 WHERE id BETWEEN 2827330 AND 2827339 ORDER BY c
	Unique  (cost=39.22..39.27 rows=10 width=121)
	  ->  Sort  (cost=39.22..39.25 rows=10 width=121)
	        Sort Key: c
	        ->  Index Scan using sbtest3_pkey on sbtest3  (cost=0.43..39.05 rows=10 width=121)
	              Index Cond: ((id >= 2827330) AND (id <= 2827339))

table 4 : explain SELECT DISTINCT c FROM sbtest4 WHERE id BETWEEN 5130221 AND 5130230 ORDER BY c
	Unique  (cost=39.69..39.74 rows=10 width=121)
	  ->  Sort  (cost=39.69..39.71 rows=10 width=121)
	        Sort Key: c
	        ->  Index Scan using sbtest4_pkey on sbtest4  (cost=0.43..39.52 rows=10 width=121)
	              Index Cond: ((id >= 5130221) AND (id <= 5130230))

table 5 : explain SELECT DISTINCT c FROM sbtest5 WHERE id BETWEEN 2108927 AND 2108936 ORDER BY c
	Unique  (cost=39.49..39.54 rows=10 width=121)
	  ->  Sort  (cost=39.49..39.51 rows=10 width=121)
	        Sort Key: c
	        ->  Index Scan using sbtest5_pkey on sbtest5  (cost=0.43..39.32 rows=10 width=121)
	              Index Cond: ((id >= 2108927) AND (id <= 2108936))

table 6 : explain SELECT DISTINCT c FROM sbtest6 WHERE id BETWEEN 761512 AND 761521 ORDER BY c
	Unique  (cost=36.13..36.18 rows=9 width=121)
	  ->  Sort  (cost=36.13..36.16 rows=9 width=121)
	        Sort Key: c
	        ->  Index Scan using sbtest6_pkey on sbtest6  (cost=0.43..35.99 rows=9 width=121)
	              Index Cond: ((id >= 761512) AND (id <= 761521))

table 7 : explain SELECT DISTINCT c FROM sbtest7 WHERE id BETWEEN 610411 AND 610420 ORDER BY c
	Unique  (cost=39.70..39.75 rows=10 width=121)
	  ->  Sort  (cost=39.70..39.72 rows=10 width=121)
	        Sort Key: c
	        ->  Index Scan using sbtest7_pkey on sbtest7  (cost=0.43..39.53 rows=10 width=121)
	              Index Cond: ((id >= 610411) AND (id <= 610420))

table 8 : explain SELECT DISTINCT c FROM sbtest8 WHERE id BETWEEN 6618512 AND 6618521 ORDER BY c
	Unique  (cost=39.48..39.53 rows=10 width=121)
	  ->  Sort  (cost=39.48..39.50 rows=10 width=121)
	        Sort Key: c
	        ->  Index Scan using sbtest8_pkey on sbtest8  (cost=0.43..39.31 rows=10 width=121)
	              Index Cond: ((id >= 6618512) AND (id <= 6618521))

for index_updates
table 1 : explain UPDATE sbtest1 SET k=k+1 WHERE id=6029234
	Update on sbtest1  (cost=0.43..8.46 rows=0 width=0)
	  ->  Index Scan using sbtest1_pkey on sbtest1  (cost=0.43..8.46 rows=1 width=10)
	        Index Cond: (id = 6029234)

table 2 : explain UPDATE sbtest2 SET k=k+1 WHERE id=1408622
	Update on sbtest2  (cost=0.43..8.46 rows=0 width=0)
	  ->  Index Scan using sbtest2_pkey on sbtest2  (cost=0.43..8.46 rows=1 width=10)
	        Index Cond: (id = 1408622)

table 3 : explain UPDATE sbtest3 SET k=k+1 WHERE id=8406374
	Update on sbtest3  (cost=0.43..8.46 rows=0 width=0)
	  ->  Index Scan using sbtest3_pkey on sbtest3  (cost=0.43..8.46 rows=1 width=10)
	        Index Cond: (id = 8406374)

table 4 : explain UPDATE sbtest4 SET k=k+1 WHERE id=6958915
	Update on sbtest4  (cost=0.43..8.46 rows=0 width=0)
	  ->  Index Scan using sbtest4_pkey on sbtest4  (cost=0.43..8.46 rows=1 width=10)
	        Index Cond: (id = 6958915)

table 5 : explain UPDATE sbtest5 SET k=k+1 WHERE id=665467
	Update on sbtest5  (cost=0.43..8.46 rows=0 width=0)
	  ->  Index Scan using sbtest5_pkey on sbtest5  (cost=0.43..8.46 rows=1 width=10)
	        Index Cond: (id = 665467)

table 6 : explain UPDATE sbtest6 SET k=k+1 WHERE id=2968648
	Update on sbtest6  (cost=0.43..8.46 rows=0 width=0)
	  ->  Index Scan using sbtest6_pkey on sbtest6  (cost=0.43..8.46 rows=1 width=10)
	        Index Cond: (id = 2968648)

table 7 : explain UPDATE sbtest7 SET k=k+1 WHERE id=9409546
	Update on sbtest7  (cost=0.43..8.46 rows=0 width=0)
	  ->  Index Scan using sbtest7_pkey on sbtest7  (cost=0.43..8.46 rows=1 width=10)
	        Index Cond: (id = 9409546)

table 8 : explain UPDATE sbtest8 SET k=k+1 WHERE id=3688047
	Update on sbtest8  (cost=0.43..8.46 rows=0 width=0)
	  ->  Index Scan using sbtest8_pkey on sbtest8  (cost=0.43..8.46 rows=1 width=10)
	        Index Cond: (id = 3688047)

explain: for deletes :: explain DELETE FROM sbtest%u WHERE id=%u
explain: for point_selects :: explain SELECT c FROM sbtest%u WHERE id=%u
explain: for index_updates :: explain UPDATE sbtest%u SET k=k+1 WHERE id=%u
for: order_ranges
table 1 : explain SELECT c FROM sbtest1 WHERE id BETWEEN 5636130 AND 5636139 ORDER BY c
	Sort  (cost=39.53..39.56 rows=10 width=121)
	  Sort Key: c
	  ->  Index Scan using sbtest1_pkey on sbtest1  (cost=0.43..39.37 rows=10 width=121)
	        Index Cond: ((id >= 5636130) AND (id <= 5636139))

table 2 : explain SELECT c FROM sbtest2 WHERE id BETWEEN 338314 AND 338323 ORDER BY c
	Sort  (cost=42.92..42.95 rows=11 width=121)
	  Sort Key: c
	  ->  Index Scan using sbtest2_pkey on sbtest2  (cost=0.43..42.73 rows=11 width=121)
	        Index Cond: ((id >= 338314) AND (id <= 338323))

table 3 : explain SELECT c FROM sbtest3 WHERE id BETWEEN 3982088 AND 3982097 ORDER BY c
	Sort  (cost=39.22..39.25 rows=10 width=121)
	  Sort Key: c
	  ->  Index Scan using sbtest3_pkey on sbtest3  (cost=0.43..39.05 rows=10 width=121)
	        Index Cond: ((id >= 3982088) AND (id <= 3982097))

table 4 : explain SELECT c FROM sbtest4 WHERE id BETWEEN 2545880 AND 2545889 ORDER BY c
	Sort  (cost=36.21..36.23 rows=9 width=121)
	  Sort Key: c
	  ->  Index Scan using sbtest4_pkey on sbtest4  (cost=0.43..36.07 rows=9 width=121)
	        Index Cond: ((id >= 2545880) AND (id <= 2545889))

table 5 : explain SELECT c FROM sbtest5 WHERE id BETWEEN 295342 AND 295351 ORDER BY c
	Sort  (cost=36.03..36.06 rows=9 width=121)
	  Sort Key: c
	  ->  Index Scan using sbtest5_pkey on sbtest5  (cost=0.43..35.89 rows=9 width=121)
	        Index Cond: ((id >= 295342) AND (id <= 295351))

table 6 : explain SELECT c FROM sbtest6 WHERE id BETWEEN 7511658 AND 7511667 ORDER BY c
	Sort  (cost=39.60..39.62 rows=10 width=121)
	  Sort Key: c
	  ->  Index Scan using sbtest6_pkey on sbtest6  (cost=0.43..39.43 rows=10 width=121)
	        Index Cond: ((id >= 7511658) AND (id <= 7511667))

table 7 : explain SELECT c FROM sbtest7 WHERE id BETWEEN 3303815 AND 3303824 ORDER BY c
	Sort  (cost=43.17..43.20 rows=11 width=121)
	  Sort Key: c
	  ->  Index Scan using sbtest7_pkey on sbtest7  (cost=0.43..42.98 rows=11 width=121)
	        Index Cond: ((id >= 3303815) AND (id <= 3303824))

table 8 : explain SELECT c FROM sbtest8 WHERE id BETWEEN 2189108 AND 2189117 ORDER BY c
	Sort  (cost=36.02..36.05 rows=9 width=121)
	  Sort Key: c
	  ->  Index Scan using sbtest8_pkey on sbtest8  (cost=0.43..35.88 rows=9 width=121)
	        Index Cond: ((id >= 2189108) AND (id <= 2189117))

for: sum_ranges
table 1 : explain SELECT SUM(k) FROM sbtest1 WHERE id BETWEEN 3922706 AND 3922715
	Aggregate  (cost=42.83..42.84 rows=1 width=8)
	  ->  Index Scan using sbtest1_pkey on sbtest1  (cost=0.43..42.80 rows=11 width=4)
	        Index Cond: ((id >= 3922706) AND (id <= 3922715))

table 2 : explain SELECT SUM(k) FROM sbtest2 WHERE id BETWEEN 6452090 AND 6452099
	Aggregate  (cost=35.90..35.91 rows=1 width=8)
	  ->  Index Scan using sbtest2_pkey on sbtest2  (cost=0.43..35.87 rows=9 width=4)
	        Index Cond: ((id >= 6452090) AND (id <= 6452099))

table 3 : explain SELECT SUM(k) FROM sbtest3 WHERE id BETWEEN 1337337 AND 1337346
	Aggregate  (cost=39.08..39.09 rows=1 width=8)
	  ->  Index Scan using sbtest3_pkey on sbtest3  (cost=0.43..39.05 rows=10 width=4)
	        Index Cond: ((id >= 1337337) AND (id <= 1337346))

table 4 : explain SELECT SUM(k) FROM sbtest4 WHERE id BETWEEN 1067016 AND 1067025
	Aggregate  (cost=39.55..39.56 rows=1 width=8)
	  ->  Index Scan using sbtest4_pkey on sbtest4  (cost=0.43..39.52 rows=10 width=4)
	        Index Cond: ((id >= 1067016) AND (id <= 1067025))

table 5 : explain SELECT SUM(k) FROM sbtest5 WHERE id BETWEEN 878656 AND 878665
	Aggregate  (cost=39.34..39.35 rows=1 width=8)
	  ->  Index Scan using sbtest5_pkey on sbtest5  (cost=0.43..39.32 rows=10 width=4)
	        Index Cond: ((id >= 878656) AND (id <= 878665))

table 6 : explain SELECT SUM(k) FROM sbtest6 WHERE id BETWEEN 3438354 AND 3438363
	Aggregate  (cost=39.46..39.47 rows=1 width=8)
	  ->  Index Scan using sbtest6_pkey on sbtest6  (cost=0.43..39.43 rows=10 width=4)
	        Index Cond: ((id >= 3438354) AND (id <= 3438363))

table 7 : explain SELECT SUM(k) FROM sbtest7 WHERE id BETWEEN 1469732 AND 1469741
	Aggregate  (cost=39.55..39.56 rows=1 width=8)
	  ->  Index Scan using sbtest7_pkey on sbtest7  (cost=0.43..39.53 rows=10 width=4)
	        Index Cond: ((id >= 1469732) AND (id <= 1469741))

table 8 : explain SELECT SUM(k) FROM sbtest8 WHERE id BETWEEN 7158742 AND 7158751
	Aggregate  (cost=35.90..35.91 rows=1 width=8)
	  ->  Index Scan using sbtest8_pkey on sbtest8  (cost=0.43..35.88 rows=9 width=4)
	        Index Cond: ((id >= 7158742) AND (id <= 7158751))

explain: for deletes :: explain DELETE FROM sbtest%u WHERE id=%u
for: sum_ranges
table 1 : explain SELECT SUM(k) FROM sbtest1 WHERE id BETWEEN 1502084 AND 1502093
	Aggregate  (cost=39.39..39.40 rows=1 width=8)
	  ->  Index Scan using sbtest1_pkey on sbtest1  (cost=0.43..39.37 rows=10 width=4)
	        Index Cond: ((id >= 1502084) AND (id <= 1502093))

table 2 : explain SELECT SUM(k) FROM sbtest2 WHERE id BETWEEN 92405 AND 92414
	Aggregate  (cost=39.33..39.34 rows=1 width=8)
	  ->  Index Scan using sbtest2_pkey on sbtest2  (cost=0.43..39.30 rows=10 width=4)
	        Index Cond: ((id >= 92405) AND (id <= 92414))

table 3 : explain SELECT SUM(k) FROM sbtest3 WHERE id BETWEEN 4099471 AND 4099480
	Aggregate  (cost=35.68..35.69 rows=1 width=8)
	  ->  Index Scan using sbtest3_pkey on sbtest3  (cost=0.43..35.65 rows=9 width=4)
	        Index Cond: ((id >= 4099471) AND (id <= 4099480))

table 4 : explain SELECT SUM(k) FROM sbtest4 WHERE id BETWEEN 8981054 AND 8981063
	Aggregate  (cost=39.55..39.56 rows=1 width=8)
	  ->  Index Scan using sbtest4_pkey on sbtest4  (cost=0.43..39.52 rows=10 width=4)
	        Index Cond: ((id >= 8981054) AND (id <= 8981063))

table 5 : explain SELECT SUM(k) FROM sbtest5 WHERE id BETWEEN 6739566 AND 6739575
	Aggregate  (cost=39.34..39.35 rows=1 width=8)
	  ->  Index Scan using sbtest5_pkey on sbtest5  (cost=0.43..39.32 rows=10 width=4)
	        Index Cond: ((id >= 6739566) AND (id <= 6739575))

table 6 : explain SELECT SUM(k) FROM sbtest6 WHERE id BETWEEN 319275 AND 319284
	Aggregate  (cost=39.46..39.47 rows=1 width=8)
	  ->  Index Scan using sbtest6_pkey on sbtest6  (cost=0.43..39.43 rows=10 width=4)
	        Index Cond: ((id >= 319275) AND (id <= 319284))

table 7 : explain SELECT SUM(k) FROM sbtest7 WHERE id BETWEEN 8261624 AND 8261633
	Aggregate  (cost=43.01..43.02 rows=1 width=8)
	  ->  Index Scan using sbtest7_pkey on sbtest7  (cost=0.43..42.98 rows=11 width=4)
	        Index Cond: ((id >= 8261624) AND (id <= 8261633))

table 8 : explain SELECT SUM(k) FROM sbtest8 WHERE id BETWEEN 3104866 AND 3104875
	Aggregate  (cost=42.77..42.78 rows=1 width=8)
	  ->  Index Scan using sbtest8_pkey on sbtest8  (cost=0.43..42.74 rows=11 width=4)
	        Index Cond: ((id >= 3104866) AND (id <= 3104875))

for: distinct_ranges
table 1 : explain SELECT DISTINCT c FROM sbtest1 WHERE id BETWEEN 8145370 AND 8145379 ORDER BY c
	Unique  (cost=36.07..36.12 rows=9 width=121)
	  ->  Sort  (cost=36.07..36.10 rows=9 width=121)
	        Sort Key: c
	        ->  Index Scan using sbtest1_pkey on sbtest1  (cost=0.43..35.93 rows=9 width=121)
	              Index Cond: ((id >= 8145370) AND (id <= 8145379))

table 2 : explain SELECT DISTINCT c FROM sbtest2 WHERE id BETWEEN 6020388 AND 6020397 ORDER BY c
	Unique  (cost=42.92..42.97 rows=11 width=121)
	  ->  Sort  (cost=42.92..42.95 rows=11 width=121)
	        Sort Key: c
	        ->  Index Scan using sbtest2_pkey on sbtest2  (cost=0.43..42.73 rows=11 width=121)
	              Index Cond: ((id >= 6020388) AND (id <= 6020397))

table 3 : explain SELECT DISTINCT c FROM sbtest3 WHERE id BETWEEN 8626010 AND 8626019 ORDER BY c
	Unique  (cost=39.22..39.27 rows=10 width=121)
	  ->  Sort  (cost=39.22..39.25 rows=10 width=121)
	        Sort Key: c
	        ->  Index Scan using sbtest3_pkey on sbtest3  (cost=0.43..39.05 rows=10 width=121)
	              Index Cond: ((id >= 8626010) AND (id <= 8626019))

table 4 : explain SELECT DISTINCT c FROM sbtest4 WHERE id BETWEEN 8168466 AND 8168475 ORDER BY c
	Unique  (cost=39.69..39.74 rows=10 width=121)
	  ->  Sort  (cost=39.69..39.71 rows=10 width=121)
	        Sort Key: c
	        ->  Index Scan using sbtest4_pkey on sbtest4  (cost=0.43..39.52 rows=10 width=121)
	              Index Cond: ((id >= 8168466) AND (id <= 8168475))

table 5 : explain SELECT DISTINCT c FROM sbtest5 WHERE id BETWEEN 8841919 AND 8841928 ORDER BY c
	Unique  (cost=39.49..39.54 rows=10 width=121)
	  ->  Sort  (cost=39.49..39.51 rows=10 width=121)
	        Sort Key: c
	        ->  Index Scan using sbtest5_pkey on sbtest5  (cost=0.43..39.32 rows=10 width=121)
	              Index Cond: ((id >= 8841919) AND (id <= 8841928))

table 6 : explain SELECT DISTINCT c FROM sbtest6 WHERE id BETWEEN 8410377 AND 8410386 ORDER BY c
	Unique  (cost=39.60..39.65 rows=10 width=121)
	  ->  Sort  (cost=39.60..39.62 rows=10 width=121)
	        Sort Key: c
	        ->  Index Scan using sbtest6_pkey on sbtest6  (cost=0.43..39.43 rows=10 width=121)
	              Index Cond: ((id >= 8410377) AND (id <= 8410386))

table 7 : explain SELECT DISTINCT c FROM sbtest7 WHERE id BETWEEN 153223 AND 153232 ORDER BY c
	Unique  (cost=43.17..43.23 rows=11 width=121)
	  ->  Sort  (cost=43.17..43.20 rows=11 width=121)
	        Sort Key: c
	        ->  Index Scan using sbtest7_pkey on sbtest7  (cost=0.43..42.98 rows=11 width=121)
	              Index Cond: ((id >= 153223) AND (id <= 153232))

table 8 : explain SELECT DISTINCT c FROM sbtest8 WHERE id BETWEEN 4890217 AND 4890226 ORDER BY c
	Unique  (cost=39.48..39.53 rows=10 width=121)
	  ->  Sort  (cost=39.48..39.50 rows=10 width=121)
	        Sort Key: c
	        ->  Index Scan using sbtest8_pkey on sbtest8  (cost=0.43..39.31 rows=10 width=121)
	              Index Cond: ((id >= 4890217) AND (id <= 4890226))

for index_updates
table 1 : explain UPDATE sbtest1 SET k=k+1 WHERE id=692099
	Update on sbtest1  (cost=0.43..8.46 rows=0 width=0)
	  ->  Index Scan using sbtest1_pkey on sbtest1  (cost=0.43..8.46 rows=1 width=10)
	        Index Cond: (id = 692099)

table 2 : explain UPDATE sbtest2 SET k=k+1 WHERE id=2454168
	Update on sbtest2  (cost=0.43..8.46 rows=0 width=0)
	  ->  Index Scan using sbtest2_pkey on sbtest2  (cost=0.43..8.46 rows=1 width=10)
	        Index Cond: (id = 2454168)

table 3 : explain UPDATE sbtest3 SET k=k+1 WHERE id=6071675
	Update on sbtest3  (cost=0.43..8.46 rows=0 width=0)
	  ->  Index Scan using sbtest3_pkey on sbtest3  (cost=0.43..8.46 rows=1 width=10)
	        Index Cond: (id = 6071675)

table 4 : explain UPDATE sbtest4 SET k=k+1 WHERE id=9686833
	Update on sbtest4  (cost=0.43..8.46 rows=0 width=0)
	  ->  Index Scan using sbtest4_pkey on sbtest4  (cost=0.43..8.46 rows=1 width=10)
	        Index Cond: (id = 9686833)

table 5 : explain UPDATE sbtest5 SET k=k+1 WHERE id=3264419
	Update on sbtest5  (cost=0.43..8.46 rows=0 width=0)
	  ->  Index Scan using sbtest5_pkey on sbtest5  (cost=0.43..8.46 rows=1 width=10)
	        Index Cond: (id = 3264419)

table 6 : explain UPDATE sbtest6 SET k=k+1 WHERE id=4373861
	Update on sbtest6  (cost=0.43..8.46 rows=0 width=0)
	  ->  Index Scan using sbtest6_pkey on sbtest6  (cost=0.43..8.46 rows=1 width=10)
	        Index Cond: (id = 4373861)

table 7 : explain UPDATE sbtest7 SET k=k+1 WHERE id=5906237
	Update on sbtest7  (cost=0.43..8.46 rows=0 width=0)
	  ->  Index Scan using sbtest7_pkey on sbtest7  (cost=0.43..8.46 rows=1 width=10)
	        Index Cond: (id = 5906237)

table 8 : explain UPDATE sbtest8 SET k=k+1 WHERE id=5877368
	Update on sbtest8  (cost=0.43..8.46 rows=0 width=0)
	  ->  Index Scan using sbtest8_pkey on sbtest8  (cost=0.43..8.46 rows=1 width=10)
	        Index Cond: (id = 5877368)

explain: for point_selects :: explain SELECT c FROM sbtest%u WHERE id=%u
for point_selects
table 1 : explain SELECT c FROM sbtest1 WHERE id=3498153
	Index Scan using sbtest1_pkey on sbtest1  (cost=0.43..8.45 rows=1 width=121)
	  Index Cond: (id = 3498153)

table 2 : explain SELECT c FROM sbtest2 WHERE id=4312330
	Index Scan using sbtest2_pkey on sbtest2  (cost=0.43..8.45 rows=1 width=121)
	  Index Cond: (id = 4312330)

table 3 : explain SELECT c FROM sbtest3 WHERE id=6204339
	Index Scan using sbtest3_pkey on sbtest3  (cost=0.43..8.45 rows=1 width=121)
	  Index Cond: (id = 6204339)

table 4 : explain SELECT c FROM sbtest4 WHERE id=5599314
	Index Scan using sbtest4_pkey on sbtest4  (cost=0.43..8.45 rows=1 width=121)
	  Index Cond: (id = 5599314)

table 5 : explain SELECT c FROM sbtest5 WHERE id=1356594
	Index Scan using sbtest5_pkey on sbtest5  (cost=0.43..8.45 rows=1 width=121)
	  Index Cond: (id = 1356594)

table 6 : explain SELECT c FROM sbtest6 WHERE id=6212977
	Index Scan using sbtest6_pkey on sbtest6  (cost=0.43..8.45 rows=1 width=121)
	  Index Cond: (id = 6212977)

table 7 : explain SELECT c FROM sbtest7 WHERE id=907385
	Index Scan using sbtest7_pkey on sbtest7  (cost=0.43..8.45 rows=1 width=121)
	  Index Cond: (id = 907385)

table 8 : explain SELECT c FROM sbtest8 WHERE id=2130578
	Index Scan using sbtest8_pkey on sbtest8  (cost=0.43..8.45 rows=1 width=121)
	  Index Cond: (id = 2130578)

for: order_ranges
table 1 : explain SELECT c FROM sbtest1 WHERE id BETWEEN 4924281 AND 4924290 ORDER BY c
	Sort  (cost=39.53..39.56 rows=10 width=121)
	  Sort Key: c
	  ->  Index Scan using sbtest1_pkey on sbtest1  (cost=0.43..39.37 rows=10 width=121)
	        Index Cond: ((id >= 4924281) AND (id <= 4924290))

table 2 : explain SELECT c FROM sbtest2 WHERE id BETWEEN 1741274 AND 1741283 ORDER BY c
	Sort  (cost=39.47..39.49 rows=10 width=121)
	  Sort Key: c
	  ->  Index Scan using sbtest2_pkey on sbtest2  (cost=0.43..39.30 rows=10 width=121)
	        Index Cond: ((id >= 1741274) AND (id <= 1741283))

table 3 : explain SELECT c FROM sbtest3 WHERE id BETWEEN 8481634 AND 8481643 ORDER BY c
	Sort  (cost=42.65..42.67 rows=11 width=121)
	  Sort Key: c
	  ->  Index Scan using sbtest3_pkey on sbtest3  (cost=0.43..42.45 rows=11 width=121)
	        Index Cond: ((id >= 8481634) AND (id <= 8481643))

table 4 : explain SELECT c FROM sbtest4 WHERE id BETWEEN 2193292 AND 2193301 ORDER BY c
	Sort  (cost=43.16..43.19 rows=11 width=121)
	  Sort Key: c
	  ->  Index Scan using sbtest4_pkey on sbtest4  (cost=0.43..42.97 rows=11 width=121)
	        Index Cond: ((id >= 2193292) AND (id <= 2193301))

table 5 : explain SELECT c FROM sbtest5 WHERE id BETWEEN 6767477 AND 6767486 ORDER BY c
	Sort  (cost=39.49..39.51 rows=10 width=121)
	  Sort Key: c
	  ->  Index Scan using sbtest5_pkey on sbtest5  (cost=0.43..39.32 rows=10 width=121)
	        Index Cond: ((id >= 6767477) AND (id <= 6767486))

table 6 : explain SELECT c FROM sbtest6 WHERE id BETWEEN 6934422 AND 6934431 ORDER BY c
	Sort  (cost=43.07..43.09 rows=11 width=121)
	  Sort Key: c
	  ->  Index Scan using sbtest6_pkey on sbtest6  (cost=0.43..42.88 rows=11 width=121)
	        Index Cond: ((id >= 6934422) AND (id <= 6934431))

table 7 : explain SELECT c FROM sbtest7 WHERE id BETWEEN 4227817 AND 4227826 ORDER BY c
	Sort  (cost=39.70..39.72 rows=10 width=121)
	  Sort Key: c
	  ->  Index Scan using sbtest7_pkey on sbtest7  (cost=0.43..39.53 rows=10 width=121)
	        Index Cond: ((id >= 4227817) AND (id <= 4227826))

table 8 : explain SELECT c FROM sbtest8 WHERE id BETWEEN 6698426 AND 6698435 ORDER BY c
	Sort  (cost=39.48..39.50 rows=10 width=121)
	  Sort Key: c
	  ->  Index Scan using sbtest8_pkey on sbtest8  (cost=0.43..39.31 rows=10 width=121)
	        Index Cond: ((id >= 6698426) AND (id <= 6698435))

for deletes
table 1 : explain DELETE FROM sbtest1 WHERE id=7241835
	Delete on sbtest1  (cost=0.43..8.45 rows=0 width=0)
	  ->  Index Scan using sbtest1_pkey on sbtest1  (cost=0.43..8.45 rows=1 width=6)
	        Index Cond: (id = 7241835)

table 2 : explain DELETE FROM sbtest2 WHERE id=1109349
	Delete on sbtest2  (cost=0.43..8.45 rows=0 width=0)
	  ->  Index Scan using sbtest2_pkey on sbtest2  (cost=0.43..8.45 rows=1 width=6)
	        Index Cond: (id = 1109349)

table 3 : explain DELETE FROM sbtest3 WHERE id=2088781
	Delete on sbtest3  (cost=0.43..8.45 rows=0 width=0)
	  ->  Index Scan using sbtest3_pkey on sbtest3  (cost=0.43..8.45 rows=1 width=6)
	        Index Cond: (id = 2088781)

table 4 : explain DELETE FROM sbtest4 WHERE id=8259427
	Delete on sbtest4  (cost=0.43..8.45 rows=0 width=0)
	  ->  Index Scan using sbtest4_pkey on sbtest4  (cost=0.43..8.45 rows=1 width=6)
	        Index Cond: (id = 8259427)

table 5 : explain DELETE FROM sbtest5 WHERE id=7551732
	Delete on sbtest5  (cost=0.43..8.45 rows=0 width=0)
	  ->  Index Scan using sbtest5_pkey on sbtest5  (cost=0.43..8.45 rows=1 width=6)
	        Index Cond: (id = 7551732)

table 6 : explain DELETE FROM sbtest6 WHERE id=2849365
	Delete on sbtest6  (cost=0.43..8.45 rows=0 width=0)
	  ->  Index Scan using sbtest6_pkey on sbtest6  (cost=0.43..8.45 rows=1 width=6)
	        Index Cond: (id = 2849365)

table 7 : explain DELETE FROM sbtest7 WHERE id=590802
	Delete on sbtest7  (cost=0.43..8.45 rows=0 width=0)
	  ->  Index Scan using sbtest7_pkey on sbtest7  (cost=0.43..8.45 rows=1 width=6)
	        Index Cond: (id = 590802)

table 8 : explain DELETE FROM sbtest8 WHERE id=2505882
	Delete on sbtest8  (cost=0.43..8.45 rows=0 width=0)
	  ->  Index Scan using sbtest8_pkey on sbtest8  (cost=0.43..8.45 rows=1 width=6)
	        Index Cond: (id = 2505882)

explain: for index_updates :: explain UPDATE sbtest%u SET k=k+1 WHERE id=%u
explain: for non_index_updates :: explain UPDATE sbtest%u SET c='foobar' WHERE id=%u
for: sum_ranges
table 1 : explain SELECT SUM(k) FROM sbtest1 WHERE id BETWEEN 6994058 AND 6994067
	Aggregate  (cost=42.83..42.84 rows=1 width=8)
	  ->  Index Scan using sbtest1_pkey on sbtest1  (cost=0.43..42.80 rows=11 width=4)
	        Index Cond: ((id >= 6994058) AND (id <= 6994067))

table 2 : explain SELECT SUM(k) FROM sbtest2 WHERE id BETWEEN 9142972 AND 9142981
	Aggregate  (cost=39.33..39.34 rows=1 width=8)
	  ->  Index Scan using sbtest2_pkey on sbtest2  (cost=0.43..39.30 rows=10 width=4)
	        Index Cond: ((id >= 9142972) AND (id <= 9142981))

table 3 : explain SELECT SUM(k) FROM sbtest3 WHERE id BETWEEN 7365086 AND 7365095
	Aggregate  (cost=39.08..39.09 rows=1 width=8)
	  ->  Index Scan using sbtest3_pkey on sbtest3  (cost=0.43..39.05 rows=10 width=4)
	        Index Cond: ((id >= 7365086) AND (id <= 7365095))

table 4 : explain SELECT SUM(k) FROM sbtest4 WHERE id BETWEEN 8801285 AND 8801294
	Aggregate  (cost=39.55..39.56 rows=1 width=8)
	  ->  Index Scan using sbtest4_pkey on sbtest4  (cost=0.43..39.52 rows=10 width=4)
	        Index Cond: ((id >= 8801285) AND (id <= 8801294))

table 5 : explain SELECT SUM(k) FROM sbtest5 WHERE id BETWEEN 9561889 AND 9561898
	Aggregate  (cost=39.34..39.35 rows=1 width=8)
	  ->  Index Scan using sbtest5_pkey on sbtest5  (cost=0.43..39.32 rows=10 width=4)
	        Index Cond: ((id >= 9561889) AND (id <= 9561898))

table 6 : explain SELECT SUM(k) FROM sbtest6 WHERE id BETWEEN 819201 AND 819210
	Aggregate  (cost=42.90..42.91 rows=1 width=8)
	  ->  Index Scan using sbtest6_pkey on sbtest6  (cost=0.43..42.88 rows=11 width=4)
	        Index Cond: ((id >= 819201) AND (id <= 819210))

table 7 : explain SELECT SUM(k) FROM sbtest7 WHERE id BETWEEN 24133 AND 24142
	Aggregate  (cost=39.55..39.56 rows=1 width=8)
	  ->  Index Scan using sbtest7_pkey on sbtest7  (cost=0.43..39.53 rows=10 width=4)
	        Index Cond: ((id >= 24133) AND (id <= 24142))

table 8 : explain SELECT SUM(k) FROM sbtest8 WHERE id BETWEEN 8120601 AND 8120610
	Aggregate  (cost=39.34..39.35 rows=1 width=8)
	  ->  Index Scan using sbtest8_pkey on sbtest8  (cost=0.43..39.31 rows=10 width=4)
	        Index Cond: ((id >= 8120601) AND (id <= 8120610))

explain: for point_selects :: explain SELECT c FROM sbtest%u WHERE id=%u
for deletes
table 1 : explain DELETE FROM sbtest1 WHERE id=6759646
	Delete on sbtest1  (cost=0.43..8.45 rows=0 width=0)
	  ->  Index Scan using sbtest1_pkey on sbtest1  (cost=0.43..8.45 rows=1 width=6)
	        Index Cond: (id = 6759646)

table 2 : explain DELETE FROM sbtest2 WHERE id=6612258
	Delete on sbtest2  (cost=0.43..8.45 rows=0 width=0)
	  ->  Index Scan using sbtest2_pkey on sbtest2  (cost=0.43..8.45 rows=1 width=6)
	        Index Cond: (id = 6612258)

table 3 : explain DELETE FROM sbtest3 WHERE id=3572616
	Delete on sbtest3  (cost=0.43..8.45 rows=0 width=0)
	  ->  Index Scan using sbtest3_pkey on sbtest3  (cost=0.43..8.45 rows=1 width=6)
	        Index Cond: (id = 3572616)

table 4 : explain DELETE FROM sbtest4 WHERE id=4223518
	Delete on sbtest4  (cost=0.43..8.45 rows=0 width=0)
	  ->  Index Scan using sbtest4_pkey on sbtest4  (cost=0.43..8.45 rows=1 width=6)
	        Index Cond: (id = 4223518)

table 5 : explain DELETE FROM sbtest5 WHERE id=4105576
	Delete on sbtest5  (cost=0.43..8.45 rows=0 width=0)
	  ->  Index Scan using sbtest5_pkey on sbtest5  (cost=0.43..8.45 rows=1 width=6)
	        Index Cond: (id = 4105576)

table 6 : explain DELETE FROM sbtest6 WHERE id=6137012
	Delete on sbtest6  (cost=0.43..8.45 rows=0 width=0)
	  ->  Index Scan using sbtest6_pkey on sbtest6  (cost=0.43..8.45 rows=1 width=6)
	        Index Cond: (id = 6137012)

table 7 : explain DELETE FROM sbtest7 WHERE id=2122020
	Delete on sbtest7  (cost=0.43..8.45 rows=0 width=0)
	  ->  Index Scan using sbtest7_pkey on sbtest7  (cost=0.43..8.45 rows=1 width=6)
	        Index Cond: (id = 2122020)

table 8 : explain DELETE FROM sbtest8 WHERE id=7173569
	Delete on sbtest8  (cost=0.43..8.45 rows=0 width=0)
	  ->  Index Scan using sbtest8_pkey on sbtest8  (cost=0.43..8.45 rows=1 width=6)
	        Index Cond: (id = 7173569)

explain: for non_index_updates :: explain UPDATE sbtest%u SET c='foobar' WHERE id=%u
for index_updates
table 1 : explain UPDATE sbtest1 SET k=k+1 WHERE id=1818436
	Update on sbtest1  (cost=0.43..8.46 rows=0 width=0)
	  ->  Index Scan using sbtest1_pkey on sbtest1  (cost=0.43..8.46 rows=1 width=10)
	        Index Cond: (id = 1818436)

table 2 : explain UPDATE sbtest2 SET k=k+1 WHERE id=2652252
	Update on sbtest2  (cost=0.43..8.46 rows=0 width=0)
	  ->  Index Scan using sbtest2_pkey on sbtest2  (cost=0.43..8.46 rows=1 width=10)
	        Index Cond: (id = 2652252)

table 3 : explain UPDATE sbtest3 SET k=k+1 WHERE id=1318878
	Update on sbtest3  (cost=0.43..8.46 rows=0 width=0)
	  ->  Index Scan using sbtest3_pkey on sbtest3  (cost=0.43..8.46 rows=1 width=10)
	        Index Cond: (id = 1318878)

table 4 : explain UPDATE sbtest4 SET k=k+1 WHERE id=6921183
	Update on sbtest4  (cost=0.43..8.46 rows=0 width=0)
	  ->  Index Scan using sbtest4_pkey on sbtest4  (cost=0.43..8.46 rows=1 width=10)
	        Index Cond: (id = 6921183)

table 5 : explain UPDATE sbtest5 SET k=k+1 WHERE id=2624154
	Update on sbtest5  (cost=0.43..8.46 rows=0 width=0)
	  ->  Index Scan using sbtest5_pkey on sbtest5  (cost=0.43..8.46 rows=1 width=10)
	        Index Cond: (id = 2624154)

table 6 : explain UPDATE sbtest6 SET k=k+1 WHERE id=9953127
	Update on sbtest6  (cost=0.43..8.46 rows=0 width=0)
	  ->  Index Scan using sbtest6_pkey on sbtest6  (cost=0.43..8.46 rows=1 width=10)
	        Index Cond: (id = 9953127)

table 7 : explain UPDATE sbtest7 SET k=k+1 WHERE id=8599758
	Update on sbtest7  (cost=0.43..8.46 rows=0 width=0)
	  ->  Index Scan using sbtest7_pkey on sbtest7  (cost=0.43..8.46 rows=1 width=10)
	        Index Cond: (id = 8599758)

table 8 : explain UPDATE sbtest8 SET k=k+1 WHERE id=4914842
	Update on sbtest8  (cost=0.43..8.46 rows=0 width=0)
	  ->  Index Scan using sbtest8_pkey on sbtest8  (cost=0.43..8.46 rows=1 width=10)
	        Index Cond: (id = 4914842)

for: sum_ranges
table 1 : explain SELECT SUM(k) FROM sbtest1 WHERE id BETWEEN 8366053 AND 8366062
	Aggregate  (cost=42.83..42.84 rows=1 width=8)
	  ->  Index Scan using sbtest1_pkey on sbtest1  (cost=0.43..42.80 rows=11 width=4)
	        Index Cond: ((id >= 8366053) AND (id <= 8366062))

table 2 : explain SELECT SUM(k) FROM sbtest2 WHERE id BETWEEN 9739674 AND 9739683
	Aggregate  (cost=39.33..39.34 rows=1 width=8)
	  ->  Index Scan using sbtest2_pkey on sbtest2  (cost=0.43..39.30 rows=10 width=4)
	        Index Cond: ((id >= 9739674) AND (id <= 9739683))

table 3 : explain SELECT SUM(k) FROM sbtest3 WHERE id BETWEEN 6102226 AND 6102235
	Aggregate  (cost=39.08..39.09 rows=1 width=8)
	  ->  Index Scan using sbtest3_pkey on sbtest3  (cost=0.43..39.05 rows=10 width=4)
	        Index Cond: ((id >= 6102226) AND (id <= 6102235))

table 4 : explain SELECT SUM(k) FROM sbtest4 WHERE id BETWEEN 6370642 AND 6370651
	Aggregate  (cost=39.55..39.56 rows=1 width=8)
	  ->  Index Scan using sbtest4_pkey on sbtest4  (cost=0.43..39.52 rows=10 width=4)
	        Index Cond: ((id >= 6370642) AND (id <= 6370651))

table 5 : explain SELECT SUM(k) FROM sbtest5 WHERE id BETWEEN 6691296 AND 6691305
	Aggregate  (cost=39.34..39.35 rows=1 width=8)
	  ->  Index Scan using sbtest5_pkey on sbtest5  (cost=0.43..39.32 rows=10 width=4)
	        Index Cond: ((id >= 6691296) AND (id <= 6691305))

table 6 : explain SELECT SUM(k) FROM sbtest6 WHERE id BETWEEN 4893093 AND 4893102
	Aggregate  (cost=39.46..39.47 rows=1 width=8)
	  ->  Index Scan using sbtest6_pkey on sbtest6  (cost=0.43..39.43 rows=10 width=4)
	        Index Cond: ((id >= 4893093) AND (id <= 4893102))

table 7 : explain SELECT SUM(k) FROM sbtest7 WHERE id BETWEEN 7292757 AND 7292766
	Aggregate  (cost=39.55..39.56 rows=1 width=8)
	  ->  Index Scan using sbtest7_pkey on sbtest7  (cost=0.43..39.53 rows=10 width=4)
	        Index Cond: ((id >= 7292757) AND (id <= 7292766))

table 8 : explain SELECT SUM(k) FROM sbtest8 WHERE id BETWEEN 6780623 AND 6780632
	Aggregate  (cost=39.34..39.35 rows=1 width=8)
	  ->  Index Scan using sbtest8_pkey on sbtest8  (cost=0.43..39.31 rows=10 width=4)
	        Index Cond: ((id >= 6780623) AND (id <= 6780632))

for index_updates
table 1 : explain UPDATE sbtest1 SET k=k+1 WHERE id=5619923
	Update on sbtest1  (cost=0.43..8.46 rows=0 width=0)
	  ->  Index Scan using sbtest1_pkey on sbtest1  (cost=0.43..8.46 rows=1 width=10)
	        Index Cond: (id = 5619923)

table 2 : explain UPDATE sbtest2 SET k=k+1 WHERE id=2447172
	Update on sbtest2  (cost=0.43..8.46 rows=0 width=0)
	  ->  Index Scan using sbtest2_pkey on sbtest2  (cost=0.43..8.46 rows=1 width=10)
	        Index Cond: (id = 2447172)

table 3 : explain UPDATE sbtest3 SET k=k+1 WHERE id=9330976
	Update on sbtest3  (cost=0.43..8.46 rows=0 width=0)
	  ->  Index Scan using sbtest3_pkey on sbtest3  (cost=0.43..8.46 rows=1 width=10)
	        Index Cond: (id = 9330976)

table 4 : explain UPDATE sbtest4 SET k=k+1 WHERE id=1402516
	Update on sbtest4  (cost=0.43..8.46 rows=0 width=0)
	  ->  Index Scan using sbtest4_pkey on sbtest4  (cost=0.43..8.46 rows=1 width=10)
	        Index Cond: (id = 1402516)

table 5 : explain UPDATE sbtest5 SET k=k+1 WHERE id=3579910
	Update on sbtest5  (cost=0.43..8.46 rows=0 width=0)
	  ->  Index Scan using sbtest5_pkey on sbtest5  (cost=0.43..8.46 rows=1 width=10)
	        Index Cond: (id = 3579910)

table 6 : explain UPDATE sbtest6 SET k=k+1 WHERE id=9865662
	Update on sbtest6  (cost=0.43..8.46 rows=0 width=0)
	  ->  Index Scan using sbtest6_pkey on sbtest6  (cost=0.43..8.46 rows=1 width=10)
	        Index Cond: (id = 9865662)

table 7 : explain UPDATE sbtest7 SET k=k+1 WHERE id=6669870
	Update on sbtest7  (cost=0.43..8.46 rows=0 width=0)
	  ->  Index Scan using sbtest7_pkey on sbtest7  (cost=0.43..8.46 rows=1 width=10)
	        Index Cond: (id = 6669870)

table 8 : explain UPDATE sbtest8 SET k=k+1 WHERE id=8959031
	Update on sbtest8  (cost=0.43..8.46 rows=0 width=0)
	  ->  Index Scan using sbtest8_pkey on sbtest8  (cost=0.43..8.46 rows=1 width=10)
	        Index Cond: (id = 8959031)

explain: for point_selects :: explain SELECT c FROM sbtest%u WHERE id=%u
for: simple_ranges
table 1 : explain SELECT c FROM sbtest1 WHERE id BETWEEN 2984235 AND 2984244
	Index Scan using sbtest1_pkey on sbtest1  (cost=0.43..39.37 rows=10 width=121)
	  Index Cond: ((id >= 2984235) AND (id <= 2984244))

table 2 : explain SELECT c FROM sbtest2 WHERE id BETWEEN 4808680 AND 4808689
	Index Scan using sbtest2_pkey on sbtest2  (cost=0.43..39.30 rows=10 width=121)
	  Index Cond: ((id >= 4808680) AND (id <= 4808689))

table 3 : explain SELECT c FROM sbtest3 WHERE id BETWEEN 4048980 AND 4048989
	Index Scan using sbtest3_pkey on sbtest3  (cost=0.43..35.65 rows=9 width=121)
	  Index Cond: ((id >= 4048980) AND (id <= 4048989))

table 4 : explain SELECT c FROM sbtest4 WHERE id BETWEEN 179836 AND 179845
	Index Scan using sbtest4_pkey on sbtest4  (cost=0.43..39.52 rows=10 width=121)
	  Index Cond: ((id >= 179836) AND (id <= 179845))

table 5 : explain SELECT c FROM sbtest5 WHERE id BETWEEN 1275857 AND 1275866
	Index Scan using sbtest5_pkey on sbtest5  (cost=0.43..39.32 rows=10 width=121)
	  Index Cond: ((id >= 1275857) AND (id <= 1275866))

table 6 : explain SELECT c FROM sbtest6 WHERE id BETWEEN 2291143 AND 2291152
	Index Scan using sbtest6_pkey on sbtest6  (cost=0.43..39.43 rows=10 width=121)
	  Index Cond: ((id >= 2291143) AND (id <= 2291152))

table 7 : explain SELECT c FROM sbtest7 WHERE id BETWEEN 5326514 AND 5326523
	Index Scan using sbtest7_pkey on sbtest7  (cost=0.43..36.08 rows=9 width=121)
	  Index Cond: ((id >= 5326514) AND (id <= 5326523))

table 8 : explain SELECT c FROM sbtest8 WHERE id BETWEEN 4908023 AND 4908032
	Index Scan using sbtest8_pkey on sbtest8  (cost=0.43..39.31 rows=10 width=121)
	  Index Cond: ((id >= 4908023) AND (id <= 4908032))

explain: for point_selects :: explain SELECT c FROM sbtest%u WHERE id=%u
for point_selects
table 1 : explain SELECT c FROM sbtest1 WHERE id=8912348
	Index Scan using sbtest1_pkey on sbtest1  (cost=0.43..8.45 rows=1 width=121)
	  Index Cond: (id = 8912348)

table 2 : explain SELECT c FROM sbtest2 WHERE id=7371426
	Index Scan using sbtest2_pkey on sbtest2  (cost=0.43..8.45 rows=1 width=121)
	  Index Cond: (id = 7371426)

table 3 : explain SELECT c FROM sbtest3 WHERE id=2256379
	Index Scan using sbtest3_pkey on sbtest3  (cost=0.43..8.45 rows=1 width=121)
	  Index Cond: (id = 2256379)

table 4 : explain SELECT c FROM sbtest4 WHERE id=5034896
	Index Scan using sbtest4_pkey on sbtest4  (cost=0.43..8.45 rows=1 width=121)
	  Index Cond: (id = 5034896)

table 5 : explain SELECT c FROM sbtest5 WHERE id=9803724
	Index Scan using sbtest5_pkey on sbtest5  (cost=0.43..8.45 rows=1 width=121)
	  Index Cond: (id = 9803724)

table 6 : explain SELECT c FROM sbtest6 WHERE id=820111
	Index Scan using sbtest6_pkey on sbtest6  (cost=0.43..8.45 rows=1 width=121)
	  Index Cond: (id = 820111)

table 7 : explain SELECT c FROM sbtest7 WHERE id=9151370
	Index Scan using sbtest7_pkey on sbtest7  (cost=0.43..8.45 rows=1 width=121)
	  Index Cond: (id = 9151370)

table 8 : explain SELECT c FROM sbtest8 WHERE id=9524629
	Index Scan using sbtest8_pkey on sbtest8  (cost=0.43..8.45 rows=1 width=121)
	  Index Cond: (id = 9524629)

explain: for non_index_updates :: explain UPDATE sbtest%u SET c='foobar' WHERE id=%u
for non_index_updates
table 1 : explain UPDATE sbtest1 SET c='foobar' WHERE id=413565
	Update on sbtest1  (cost=0.43..8.45 rows=0 width=0)
	  ->  Index Scan using sbtest1_pkey on sbtest1  (cost=0.43..8.45 rows=1 width=490)
	        Index Cond: (id = 413565)

table 2 : explain UPDATE sbtest2 SET c='foobar' WHERE id=6415518
	Update on sbtest2  (cost=0.43..8.45 rows=0 width=0)
	  ->  Index Scan using sbtest2_pkey on sbtest2  (cost=0.43..8.45 rows=1 width=490)
	        Index Cond: (id = 6415518)

table 3 : explain UPDATE sbtest3 SET c='foobar' WHERE id=3941982
	Update on sbtest3  (cost=0.43..8.45 rows=0 width=0)
	  ->  Index Scan using sbtest3_pkey on sbtest3  (cost=0.43..8.45 rows=1 width=490)
	        Index Cond: (id = 3941982)

table 4 : explain UPDATE sbtest4 SET c='foobar' WHERE id=5029677
	Update on sbtest4  (cost=0.43..8.45 rows=0 width=0)
	  ->  Index Scan using sbtest4_pkey on sbtest4  (cost=0.43..8.45 rows=1 width=490)
	        Index Cond: (id = 5029677)

table 5 : explain UPDATE sbtest5 SET c='foobar' WHERE id=6393288
	Update on sbtest5  (cost=0.43..8.45 rows=0 width=0)
	  ->  Index Scan using sbtest5_pkey on sbtest5  (cost=0.43..8.45 rows=1 width=490)
	        Index Cond: (id = 6393288)

table 6 : explain UPDATE sbtest6 SET c='foobar' WHERE id=7150685
	Update on sbtest6  (cost=0.43..8.45 rows=0 width=0)
	  ->  Index Scan using sbtest6_pkey on sbtest6  (cost=0.43..8.45 rows=1 width=490)
	        Index Cond: (id = 7150685)

table 7 : explain UPDATE sbtest7 SET c='foobar' WHERE id=8693488
	Update on sbtest7  (cost=0.43..8.45 rows=0 width=0)
	  ->  Index Scan using sbtest7_pkey on sbtest7  (cost=0.43..8.45 rows=1 width=490)
	        Index Cond: (id = 8693488)

table 8 : explain UPDATE sbtest8 SET c='foobar' WHERE id=2722088
	Update on sbtest8  (cost=0.43..8.45 rows=0 width=0)
	  ->  Index Scan using sbtest8_pkey on sbtest8  (cost=0.43..8.45 rows=1 width=490)
	        Index Cond: (id = 2722088)

for: distinct_ranges
table 1 : explain SELECT DISTINCT c FROM sbtest1 WHERE id BETWEEN 1777193 AND 1777202 ORDER BY c
	Unique  (cost=39.53..39.58 rows=10 width=121)
	  ->  Sort  (cost=39.53..39.56 rows=10 width=121)
	        Sort Key: c
	        ->  Index Scan using sbtest1_pkey on sbtest1  (cost=0.43..39.37 rows=10 width=121)
	              Index Cond: ((id >= 1777193) AND (id <= 1777202))

table 2 : explain SELECT DISTINCT c FROM sbtest2 WHERE id BETWEEN 8182034 AND 8182043 ORDER BY c
	Unique  (cost=39.47..39.52 rows=10 width=121)
	  ->  Sort  (cost=39.47..39.49 rows=10 width=121)
	        Sort Key: c
	        ->  Index Scan using sbtest2_pkey on sbtest2  (cost=0.43..39.30 rows=10 width=121)
	              Index Cond: ((id >= 8182034) AND (id <= 8182043))

table 3 : explain SELECT DISTINCT c FROM sbtest3 WHERE id BETWEEN 5440648 AND 5440657 ORDER BY c
	Unique  (cost=39.22..39.27 rows=10 width=121)
	  ->  Sort  (cost=39.22..39.25 rows=10 width=121)
	        Sort Key: c
	        ->  Index Scan using sbtest3_pkey on sbtest3  (cost=0.43..39.05 rows=10 width=121)
	              Index Cond: ((id >= 5440648) AND (id <= 5440657))

table 4 : explain SELECT DISTINCT c FROM sbtest4 WHERE id BETWEEN 675380 AND 675389 ORDER BY c
	Unique  (cost=36.21..36.26 rows=9 width=121)
	  ->  Sort  (cost=36.21..36.23 rows=9 width=121)
	        Sort Key: c
	        ->  Index Scan using sbtest4_pkey on sbtest4  (cost=0.43..36.07 rows=9 width=121)
	              Index Cond: ((id >= 675380) AND (id <= 675389))

table 5 : explain SELECT DISTINCT c FROM sbtest5 WHERE id BETWEEN 8335923 AND 8335932 ORDER BY c
	Unique  (cost=39.49..39.54 rows=10 width=121)
	  ->  Sort  (cost=39.49..39.51 rows=10 width=121)
	        Sort Key: c
	        ->  Index Scan using sbtest5_pkey on sbtest5  (cost=0.43..39.32 rows=10 width=121)
	              Index Cond: ((id >= 8335923) AND (id <= 8335932))

table 6 : explain SELECT DISTINCT c FROM sbtest6 WHERE id BETWEEN 1839058 AND 1839067 ORDER BY c
	Unique  (cost=36.13..36.18 rows=9 width=121)
	  ->  Sort  (cost=36.13..36.16 rows=9 width=121)
	        Sort Key: c
	        ->  Index Scan using sbtest6_pkey on sbtest6  (cost=0.43..35.99 rows=9 width=121)
	              Index Cond: ((id >= 1839058) AND (id <= 1839067))

table 7 : explain SELECT DISTINCT c FROM sbtest7 WHERE id BETWEEN 7208340 AND 7208349 ORDER BY c
	Unique  (cost=43.17..43.23 rows=11 width=121)
	  ->  Sort  (cost=43.17..43.20 rows=11 width=121)
	        Sort Key: c
	        ->  Index Scan using sbtest7_pkey on sbtest7  (cost=0.43..42.98 rows=11 width=121)
	              Index Cond: ((id >= 7208340) AND (id <= 7208349))

table 8 : explain SELECT DISTINCT c FROM sbtest8 WHERE id BETWEEN 7930588 AND 7930597 ORDER BY c
	Unique  (cost=39.48..39.53 rows=10 width=121)
	  ->  Sort  (cost=39.48..39.50 rows=10 width=121)
	        Sort Key: c
	        ->  Index Scan using sbtest8_pkey on sbtest8  (cost=0.43..39.31 rows=10 width=121)
	              Index Cond: ((id >= 7930588) AND (id <= 7930597))

for: distinct_ranges
table 1 : explain SELECT DISTINCT c FROM sbtest1 WHERE id BETWEEN 5295620 AND 5295629 ORDER BY c
	Unique  (cost=39.53..39.58 rows=10 width=121)
	  ->  Sort  (cost=39.53..39.56 rows=10 width=121)
	        Sort Key: c
	        ->  Index Scan using sbtest1_pkey on sbtest1  (cost=0.43..39.37 rows=10 width=121)
	              Index Cond: ((id >= 5295620) AND (id <= 5295629))

table 2 : explain SELECT DISTINCT c FROM sbtest2 WHERE id BETWEEN 3813685 AND 3813694 ORDER BY c
	Unique  (cost=36.02..36.06 rows=9 width=121)
	  ->  Sort  (cost=36.02..36.04 rows=9 width=121)
	        Sort Key: c
	        ->  Index Scan using sbtest2_pkey on sbtest2  (cost=0.43..35.87 rows=9 width=121)
	              Index Cond: ((id >= 3813685) AND (id <= 3813694))

table 3 : explain SELECT DISTINCT c FROM sbtest3 WHERE id BETWEEN 1058989 AND 1058998 ORDER BY c
	Unique  (cost=39.22..39.27 rows=10 width=121)
	  ->  Sort  (cost=39.22..39.25 rows=10 width=121)
	        Sort Key: c
	        ->  Index Scan using sbtest3_pkey on sbtest3  (cost=0.43..39.05 rows=10 width=121)
	              Index Cond: ((id >= 1058989) AND (id <= 1058998))

table 4 : explain SELECT DISTINCT c FROM sbtest4 WHERE id BETWEEN 6609192 AND 6609201 ORDER BY c
	Unique  (cost=43.16..43.22 rows=11 width=121)
	  ->  Sort  (cost=43.16..43.19 rows=11 width=121)
	        Sort Key: c
	        ->  Index Scan using sbtest4_pkey on sbtest4  (cost=0.43..42.97 rows=11 width=121)
	              Index Cond: ((id >= 6609192) AND (id <= 6609201))

table 5 : explain SELECT DISTINCT c FROM sbtest5 WHERE id BETWEEN 4746461 AND 4746470 ORDER BY c
	Unique  (cost=36.03..36.08 rows=9 width=121)
	  ->  Sort  (cost=36.03..36.06 rows=9 width=121)
	        Sort Key: c
	        ->  Index Scan using sbtest5_pkey on sbtest5  (cost=0.43..35.89 rows=9 width=121)
	              Index Cond: ((id >= 4746461) AND (id <= 4746470))

table 6 : explain SELECT DISTINCT c FROM sbtest6 WHERE id BETWEEN 4826306 AND 4826315 ORDER BY c
	Unique  (cost=39.60..39.65 rows=10 width=121)
	  ->  Sort  (cost=39.60..39.62 rows=10 width=121)
	        Sort Key: c
	        ->  Index Scan using sbtest6_pkey on sbtest6  (cost=0.43..39.43 rows=10 width=121)
	              Index Cond: ((id >= 4826306) AND (id <= 4826315))

table 7 : explain SELECT DISTINCT c FROM sbtest7 WHERE id BETWEEN 718296 AND 718305 ORDER BY c
	Unique  (cost=39.70..39.75 rows=10 width=121)
	  ->  Sort  (cost=39.70..39.72 rows=10 width=121)
	        Sort Key: c
	        ->  Index Scan using sbtest7_pkey on sbtest7  (cost=0.43..39.53 rows=10 width=121)
	              Index Cond: ((id >= 718296) AND (id <= 718305))

table 8 : explain SELECT DISTINCT c FROM sbtest8 WHERE id BETWEEN 1347913 AND 1347922 ORDER BY c
	Unique  (cost=42.93..42.98 rows=11 width=121)
	  ->  Sort  (cost=42.93..42.96 rows=11 width=121)
	        Sort Key: c
	        ->  Index Scan using sbtest8_pkey on sbtest8  (cost=0.43..42.74 rows=11 width=121)
	              Index Cond: ((id >= 1347913) AND (id <= 1347922))

for non_index_updates
table 1 : explain UPDATE sbtest1 SET c='foobar' WHERE id=7653627
	Update on sbtest1  (cost=0.43..8.45 rows=0 width=0)
	  ->  Index Scan using sbtest1_pkey on sbtest1  (cost=0.43..8.45 rows=1 width=490)
	        Index Cond: (id = 7653627)

table 2 : explain UPDATE sbtest2 SET c='foobar' WHERE id=8386811
	Update on sbtest2  (cost=0.43..8.45 rows=0 width=0)
	  ->  Index Scan using sbtest2_pkey on sbtest2  (cost=0.43..8.45 rows=1 width=490)
	        Index Cond: (id = 8386811)

table 3 : explain UPDATE sbtest3 SET c='foobar' WHERE id=4879713
	Update on sbtest3  (cost=0.43..8.45 rows=0 width=0)
	  ->  Index Scan using sbtest3_pkey on sbtest3  (cost=0.43..8.45 rows=1 width=490)
	        Index Cond: (id = 4879713)

table 4 : explain UPDATE sbtest4 SET c='foobar' WHERE id=8689448
	Update on sbtest4  (cost=0.43..8.45 rows=0 width=0)
	  ->  Index Scan using sbtest4_pkey on sbtest4  (cost=0.43..8.45 rows=1 width=490)
	        Index Cond: (id = 8689448)

table 5 : explain UPDATE sbtest5 SET c='foobar' WHERE id=8960935
	Update on sbtest5  (cost=0.43..8.45 rows=0 width=0)
	  ->  Index Scan using sbtest5_pkey on sbtest5  (cost=0.43..8.45 rows=1 width=490)
	        Index Cond: (id = 8960935)

table 6 : explain UPDATE sbtest6 SET c='foobar' WHERE id=3652944
	Update on sbtest6  (cost=0.43..8.45 rows=0 width=0)
	  ->  Index Scan using sbtest6_pkey on sbtest6  (cost=0.43..8.45 rows=1 width=490)
	        Index Cond: (id = 3652944)

table 7 : explain UPDATE sbtest7 SET c='foobar' WHERE id=4304962
	Update on sbtest7  (cost=0.43..8.45 rows=0 width=0)
	  ->  Index Scan using sbtest7_pkey on sbtest7  (cost=0.43..8.45 rows=1 width=490)
	        Index Cond: (id = 4304962)

table 8 : explain UPDATE sbtest8 SET c='foobar' WHERE id=2869144
	Update on sbtest8  (cost=0.43..8.45 rows=0 width=0)
	  ->  Index Scan using sbtest8_pkey on sbtest8  (cost=0.43..8.45 rows=1 width=490)
	        Index Cond: (id = 2869144)

explain: for index_updates :: explain UPDATE sbtest%u SET k=k+1 WHERE id=%u
explain: for inserts :: explain INSERT INTO sbtest%u (id, k, c, pad) VALUES (%u, 13, 'foobar', 'foobar')
for: order_ranges
table 1 : explain SELECT c FROM sbtest1 WHERE id BETWEEN 2791140 AND 2791149 ORDER BY c
	Sort  (cost=39.53..39.56 rows=10 width=121)
	  Sort Key: c
	  ->  Index Scan using sbtest1_pkey on sbtest1  (cost=0.43..39.37 rows=10 width=121)
	        Index Cond: ((id >= 2791140) AND (id <= 2791149))

table 2 : explain SELECT c FROM sbtest2 WHERE id BETWEEN 9884715 AND 9884724 ORDER BY c
	Sort  (cost=39.47..39.49 rows=10 width=121)
	  Sort Key: c
	  ->  Index Scan using sbtest2_pkey on sbtest2  (cost=0.43..39.30 rows=10 width=121)
	        Index Cond: ((id >= 9884715) AND (id <= 9884724))

table 3 : explain SELECT c FROM sbtest3 WHERE id BETWEEN 8869910 AND 8869919 ORDER BY c
	Sort  (cost=35.80..35.82 rows=9 width=121)
	  Sort Key: c
	  ->  Index Scan using sbtest3_pkey on sbtest3  (cost=0.43..35.65 rows=9 width=121)
	        Index Cond: ((id >= 8869910) AND (id <= 8869919))

table 4 : explain SELECT c FROM sbtest4 WHERE id BETWEEN 8736835 AND 8736844 ORDER BY c
	Sort  (cost=39.69..39.71 rows=10 width=121)
	  Sort Key: c
	  ->  Index Scan using sbtest4_pkey on sbtest4  (cost=0.43..39.52 rows=10 width=121)
	        Index Cond: ((id >= 8736835) AND (id <= 8736844))

table 5 : explain SELECT c FROM sbtest5 WHERE id BETWEEN 5015211 AND 5015220 ORDER BY c
	Sort  (cost=39.49..39.51 rows=10 width=121)
	  Sort Key: c
	  ->  Index Scan using sbtest5_pkey on sbtest5  (cost=0.43..39.32 rows=10 width=121)
	        Index Cond: ((id >= 5015211) AND (id <= 5015220))

table 6 : explain SELECT c FROM sbtest6 WHERE id BETWEEN 8997477 AND 8997486 ORDER BY c
	Sort  (cost=39.60..39.62 rows=10 width=121)
	  Sort Key: c
	  ->  Index Scan using sbtest6_pkey on sbtest6  (cost=0.43..39.43 rows=10 width=121)
	        Index Cond: ((id >= 8997477) AND (id <= 8997486))

table 7 : explain SELECT c FROM sbtest7 WHERE id BETWEEN 6517122 AND 6517131 ORDER BY c
	Sort  (cost=36.22..36.24 rows=9 width=121)
	  Sort Key: c
	  ->  Index Scan using sbtest7_pkey on sbtest7  (cost=0.43..36.08 rows=9 width=121)
	        Index Cond: ((id >= 6517122) AND (id <= 6517131))

table 8 : explain SELECT c FROM sbtest8 WHERE id BETWEEN 8371235 AND 8371244 ORDER BY c
	Sort  (cost=42.93..42.96 rows=11 width=121)
	  Sort Key: c
	  ->  Index Scan using sbtest8_pkey on sbtest8  (cost=0.43..42.74 rows=11 width=121)
	        Index Cond: ((id >= 8371235) AND (id <= 8371244))

explain: for deletes :: explain DELETE FROM sbtest%u WHERE id=%u
explain: for inserts :: explain INSERT INTO sbtest%u (id, k, c, pad) VALUES (%u, 13, 'foobar', 'foobar')
for: order_ranges
table 1 : explain SELECT c FROM sbtest1 WHERE id BETWEEN 6903582 AND 6903591 ORDER BY c
	Sort  (cost=42.99..43.02 rows=11 width=121)
	  Sort Key: c
	  ->  Index Scan using sbtest1_pkey on sbtest1  (cost=0.43..42.80 rows=11 width=121)
	        Index Cond: ((id >= 6903582) AND (id <= 6903591))

table 2 : explain SELECT c FROM sbtest2 WHERE id BETWEEN 8585567 AND 8585576 ORDER BY c
	Sort  (cost=39.47..39.49 rows=10 width=121)
	  Sort Key: c
	  ->  Index Scan using sbtest2_pkey on sbtest2  (cost=0.43..39.30 rows=10 width=121)
	        Index Cond: ((id >= 8585567) AND (id <= 8585576))

table 3 : explain SELECT c FROM sbtest3 WHERE id BETWEEN 1331641 AND 1331650 ORDER BY c
	Sort  (cost=39.22..39.25 rows=10 width=121)
	  Sort Key: c
	  ->  Index Scan using sbtest3_pkey on sbtest3  (cost=0.43..39.05 rows=10 width=121)
	        Index Cond: ((id >= 1331641) AND (id <= 1331650))

table 4 : explain SELECT c FROM sbtest4 WHERE id BETWEEN 8701348 AND 8701357 ORDER BY c
	Sort  (cost=39.69..39.71 rows=10 width=121)
	  Sort Key: c
	  ->  Index Scan using sbtest4_pkey on sbtest4  (cost=0.43..39.52 rows=10 width=121)
	        Index Cond: ((id >= 8701348) AND (id <= 8701357))

table 5 : explain SELECT c FROM sbtest5 WHERE id BETWEEN 6785961 AND 6785970 ORDER BY c
	Sort  (cost=39.49..39.51 rows=10 width=121)
	  Sort Key: c
	  ->  Index Scan using sbtest5_pkey on sbtest5  (cost=0.43..39.32 rows=10 width=121)
	        Index Cond: ((id >= 6785961) AND (id <= 6785970))

table 6 : explain SELECT c FROM sbtest6 WHERE id BETWEEN 987145 AND 987154 ORDER BY c
	Sort  (cost=39.60..39.62 rows=10 width=121)
	  Sort Key: c
	  ->  Index Scan using sbtest6_pkey on sbtest6  (cost=0.43..39.43 rows=10 width=121)
	        Index Cond: ((id >= 987145) AND (id <= 987154))

table 7 : explain SELECT c FROM sbtest7 WHERE id BETWEEN 7013703 AND 7013712 ORDER BY c
	Sort  (cost=39.70..39.72 rows=10 width=121)
	  Sort Key: c
	  ->  Index Scan using sbtest7_pkey on sbtest7  (cost=0.43..39.53 rows=10 width=121)
	        Index Cond: ((id >= 7013703) AND (id <= 7013712))

table 8 : explain SELECT c FROM sbtest8 WHERE id BETWEEN 5583675 AND 5583684 ORDER BY c
	Sort  (cost=39.48..39.50 rows=10 width=121)
	  Sort Key: c
	  ->  Index Scan using sbtest8_pkey on sbtest8  (cost=0.43..39.31 rows=10 width=121)
	        Index Cond: ((id >= 5583675) AND (id <= 5583684))

explain: for deletes :: explain DELETE FROM sbtest%u WHERE id=%u
explain: for index_updates :: explain UPDATE sbtest%u SET k=k+1 WHERE id=%u
for inserts
table 1 : explain INSERT INTO sbtest1 (id, k, c, pad) VALUES (6418000, 13, 'foobar', 'foobar')
	Insert on sbtest1  (cost=0.00..0.01 rows=0 width=0)
	  ->  Result  (cost=0.00..0.01 rows=1 width=736)

table 2 : explain INSERT INTO sbtest2 (id, k, c, pad) VALUES (4873409, 13, 'foobar', 'foobar')
	Insert on sbtest2  (cost=0.00..0.01 rows=0 width=0)
	  ->  Result  (cost=0.00..0.01 rows=1 width=736)

table 3 : explain INSERT INTO sbtest3 (id, k, c, pad) VALUES (5736042, 13, 'foobar', 'foobar')
	Insert on sbtest3  (cost=0.00..0.01 rows=0 width=0)
	  ->  Result  (cost=0.00..0.01 rows=1 width=736)

table 4 : explain INSERT INTO sbtest4 (id, k, c, pad) VALUES (5975950, 13, 'foobar', 'foobar')
	Insert on sbtest4  (cost=0.00..0.01 rows=0 width=0)
	  ->  Result  (cost=0.00..0.01 rows=1 width=736)

table 5 : explain INSERT INTO sbtest5 (id, k, c, pad) VALUES (8098987, 13, 'foobar', 'foobar')
	Insert on sbtest5  (cost=0.00..0.01 rows=0 width=0)
	  ->  Result  (cost=0.00..0.01 rows=1 width=736)

table 6 : explain INSERT INTO sbtest6 (id, k, c, pad) VALUES (2902068, 13, 'foobar', 'foobar')
	Insert on sbtest6  (cost=0.00..0.01 rows=0 width=0)
	  ->  Result  (cost=0.00..0.01 rows=1 width=736)

table 7 : explain INSERT INTO sbtest7 (id, k, c, pad) VALUES (6249389, 13, 'foobar', 'foobar')
	Insert on sbtest7  (cost=0.00..0.01 rows=0 width=0)
	  ->  Result  (cost=0.00..0.01 rows=1 width=736)

table 8 : explain INSERT INTO sbtest8 (id, k, c, pad) VALUES (1347564, 13, 'foobar', 'foobar')
	Insert on sbtest8  (cost=0.00..0.01 rows=0 width=0)
	  ->  Result  (cost=0.00..0.01 rows=1 width=736)

for: distinct_ranges
table 1 : explain SELECT DISTINCT c FROM sbtest1 WHERE id BETWEEN 7647511 AND 7647520 ORDER BY c
	Unique  (cost=39.53..39.58 rows=10 width=121)
	  ->  Sort  (cost=39.53..39.56 rows=10 width=121)
	        Sort Key: c
	        ->  Index Scan using sbtest1_pkey on sbtest1  (cost=0.43..39.37 rows=10 width=121)
	              Index Cond: ((id >= 7647511) AND (id <= 7647520))

table 2 : explain SELECT DISTINCT c FROM sbtest2 WHERE id BETWEEN 9776837 AND 9776846 ORDER BY c
	Unique  (cost=39.47..39.52 rows=10 width=121)
	  ->  Sort  (cost=39.47..39.49 rows=10 width=121)
	        Sort Key: c
	        ->  Index Scan using sbtest2_pkey on sbtest2  (cost=0.43..39.30 rows=10 width=121)
	              Index Cond: ((id >= 9776837) AND (id <= 9776846))

table 3 : explain SELECT DISTINCT c FROM sbtest3 WHERE id BETWEEN 5648926 AND 5648935 ORDER BY c
	Unique  (cost=39.22..39.27 rows=10 width=121)
	  ->  Sort  (cost=39.22..39.25 rows=10 width=121)
	        Sort Key: c
	        ->  Index Scan using sbtest3_pkey on sbtest3  (cost=0.43..39.05 rows=10 width=121)
	              Index Cond: ((id >= 5648926) AND (id <= 5648935))

table 4 : explain SELECT DISTINCT c FROM sbtest4 WHERE id BETWEEN 6635529 AND 6635538 ORDER BY c
	Unique  (cost=39.69..39.74 rows=10 width=121)
	  ->  Sort  (cost=39.69..39.71 rows=10 width=121)
	        Sort Key: c
	        ->  Index Scan using sbtest4_pkey on sbtest4  (cost=0.43..39.52 rows=10 width=121)
	              Index Cond: ((id >= 6635529) AND (id <= 6635538))

table 5 : explain SELECT DISTINCT c FROM sbtest5 WHERE id BETWEEN 9005357 AND 9005366 ORDER BY c
	Unique  (cost=39.49..39.54 rows=10 width=121)
	  ->  Sort  (cost=39.49..39.51 rows=10 width=121)
	        Sort Key: c
	        ->  Index Scan using sbtest5_pkey on sbtest5  (cost=0.43..39.32 rows=10 width=121)
	              Index Cond: ((id >= 9005357) AND (id <= 9005366))

table 6 : explain SELECT DISTINCT c FROM sbtest6 WHERE id BETWEEN 7164061 AND 7164070 ORDER BY c
	Unique  (cost=39.60..39.65 rows=10 width=121)
	  ->  Sort  (cost=39.60..39.62 rows=10 width=121)
	        Sort Key: c
	        ->  Index Scan using sbtest6_pkey on sbtest6  (cost=0.43..39.43 rows=10 width=121)
	              Index Cond: ((id >= 7164061) AND (id <= 7164070))

table 7 : explain SELECT DISTINCT c FROM sbtest7 WHERE id BETWEEN 2489128 AND 2489137 ORDER BY c
	Unique  (cost=39.70..39.75 rows=10 width=121)
	  ->  Sort  (cost=39.70..39.72 rows=10 width=121)
	        Sort Key: c
	        ->  Index Scan using sbtest7_pkey on sbtest7  (cost=0.43..39.53 rows=10 width=121)
	              Index Cond: ((id >= 2489128) AND (id <= 2489137))

table 8 : explain SELECT DISTINCT c FROM sbtest8 WHERE id BETWEEN 2166118 AND 2166127 ORDER BY c
	Unique  (cost=36.02..36.07 rows=9 width=121)
	  ->  Sort  (cost=36.02..36.05 rows=9 width=121)
	        Sort Key: c
	        ->  Index Scan using sbtest8_pkey on sbtest8  (cost=0.43..35.88 rows=9 width=121)
	              Index Cond: ((id >= 2166118) AND (id <= 2166127))

for: sum_ranges
table 1 : explain SELECT SUM(k) FROM sbtest1 WHERE id BETWEEN 8704809 AND 8704818
	Aggregate  (cost=39.39..39.40 rows=1 width=8)
	  ->  Index Scan using sbtest1_pkey on sbtest1  (cost=0.43..39.37 rows=10 width=4)
	        Index Cond: ((id >= 8704809) AND (id <= 8704818))

table 2 : explain SELECT SUM(k) FROM sbtest2 WHERE id BETWEEN 2974157 AND 2974166
	Aggregate  (cost=39.33..39.34 rows=1 width=8)
	  ->  Index Scan using sbtest2_pkey on sbtest2  (cost=0.43..39.30 rows=10 width=4)
	        Index Cond: ((id >= 2974157) AND (id <= 2974166))

table 3 : explain SELECT SUM(k) FROM sbtest3 WHERE id BETWEEN 5345534 AND 5345543
	Aggregate  (cost=39.08..39.09 rows=1 width=8)
	  ->  Index Scan using sbtest3_pkey on sbtest3  (cost=0.43..39.05 rows=10 width=4)
	        Index Cond: ((id >= 5345534) AND (id <= 5345543))

table 4 : explain SELECT SUM(k) FROM sbtest4 WHERE id BETWEEN 2348620 AND 2348629
	Aggregate  (cost=36.09..36.10 rows=1 width=8)
	  ->  Index Scan using sbtest4_pkey on sbtest4  (cost=0.43..36.07 rows=9 width=4)
	        Index Cond: ((id >= 2348620) AND (id <= 2348629))

table 5 : explain SELECT SUM(k) FROM sbtest5 WHERE id BETWEEN 2490486 AND 2490495
	Aggregate  (cost=39.34..39.35 rows=1 width=8)
	  ->  Index Scan using sbtest5_pkey on sbtest5  (cost=0.43..39.32 rows=10 width=4)
	        Index Cond: ((id >= 2490486) AND (id <= 2490495))

table 6 : explain SELECT SUM(k) FROM sbtest6 WHERE id BETWEEN 1561296 AND 1561305
	Aggregate  (cost=36.01..36.02 rows=1 width=8)
	  ->  Index Scan using sbtest6_pkey on sbtest6  (cost=0.43..35.99 rows=9 width=4)
	        Index Cond: ((id >= 1561296) AND (id <= 1561305))

table 7 : explain SELECT SUM(k) FROM sbtest7 WHERE id BETWEEN 8001863 AND 8001872
	Aggregate  (cost=39.55..39.56 rows=1 width=8)
	  ->  Index Scan using sbtest7_pkey on sbtest7  (cost=0.43..39.53 rows=10 width=4)
	        Index Cond: ((id >= 8001863) AND (id <= 8001872))

table 8 : explain SELECT SUM(k) FROM sbtest8 WHERE id BETWEEN 8245448 AND 8245457
	Aggregate  (cost=39.34..39.35 rows=1 width=8)
	  ->  Index Scan using sbtest8_pkey on sbtest8  (cost=0.43..39.31 rows=10 width=4)
	        Index Cond: ((id >= 8245448) AND (id <= 8245457))

explain: for non_index_updates :: explain UPDATE sbtest%u SET c='foobar' WHERE id=%u
for inserts
table 1 : explain INSERT INTO sbtest1 (id, k, c, pad) VALUES (1560565, 13, 'foobar', 'foobar')
	Insert on sbtest1  (cost=0.00..0.01 rows=0 width=0)
	  ->  Result  (cost=0.00..0.01 rows=1 width=736)

table 2 : explain INSERT INTO sbtest2 (id, k, c, pad) VALUES (8102105, 13, 'foobar', 'foobar')
	Insert on sbtest2  (cost=0.00..0.01 rows=0 width=0)
	  ->  Result  (cost=0.00..0.01 rows=1 width=736)

table 3 : explain INSERT INTO sbtest3 (id, k, c, pad) VALUES (7138478, 13, 'foobar', 'foobar')
	Insert on sbtest3  (cost=0.00..0.01 rows=0 width=0)
	  ->  Result  (cost=0.00..0.01 rows=1 width=736)

table 4 : explain INSERT INTO sbtest4 (id, k, c, pad) VALUES (2922650, 13, 'foobar', 'foobar')
	Insert on sbtest4  (cost=0.00..0.01 rows=0 width=0)
	  ->  Result  (cost=0.00..0.01 rows=1 width=736)

table 5 : explain INSERT INTO sbtest5 (id, k, c, pad) VALUES (1702256, 13, 'foobar', 'foobar')
	Insert on sbtest5  (cost=0.00..0.01 rows=0 width=0)
	  ->  Result  (cost=0.00..0.01 rows=1 width=736)

table 6 : explain INSERT INTO sbtest6 (id, k, c, pad) VALUES (9370519, 13, 'foobar', 'foobar')
	Insert on sbtest6  (cost=0.00..0.01 rows=0 width=0)
	  ->  Result  (cost=0.00..0.01 rows=1 width=736)

table 7 : explain INSERT INTO sbtest7 (id, k, c, pad) VALUES (9227322, 13, 'foobar', 'foobar')
	Insert on sbtest7  (cost=0.00..0.01 rows=0 width=0)
	  ->  Result  (cost=0.00..0.01 rows=1 width=736)

table 8 : explain INSERT INTO sbtest8 (id, k, c, pad) VALUES (8046379, 13, 'foobar', 'foobar')
	Insert on sbtest8  (cost=0.00..0.01 rows=0 width=0)
	  ->  Result  (cost=0.00..0.01 rows=1 width=736)

for: simple_ranges
table 1 : explain SELECT c FROM sbtest1 WHERE id BETWEEN 6925870 AND 6925879
	Index Scan using sbtest1_pkey on sbtest1  (cost=0.43..42.80 rows=11 width=121)
	  Index Cond: ((id >= 6925870) AND (id <= 6925879))

table 2 : explain SELECT c FROM sbtest2 WHERE id BETWEEN 8106018 AND 8106027
	Index Scan using sbtest2_pkey on sbtest2  (cost=0.43..39.30 rows=10 width=121)
	  Index Cond: ((id >= 8106018) AND (id <= 8106027))

table 3 : explain SELECT c FROM sbtest3 WHERE id BETWEEN 8919904 AND 8919913
	Index Scan using sbtest3_pkey on sbtest3  (cost=0.43..35.65 rows=9 width=121)
	  Index Cond: ((id >= 8919904) AND (id <= 8919913))

table 4 : explain SELECT c FROM sbtest4 WHERE id BETWEEN 7063768 AND 7063777
	Index Scan using sbtest4_pkey on sbtest4  (cost=0.43..42.97 rows=11 width=121)
	  Index Cond: ((id >= 7063768) AND (id <= 7063777))

table 5 : explain SELECT c FROM sbtest5 WHERE id BETWEEN 4591674 AND 4591683
	Index Scan using sbtest5_pkey on sbtest5  (cost=0.43..39.32 rows=10 width=121)
	  Index Cond: ((id >= 4591674) AND (id <= 4591683))

table 6 : explain SELECT c FROM sbtest6 WHERE id BETWEEN 9068 AND 9077
	Index Scan using sbtest6_pkey on sbtest6  (cost=0.43..39.43 rows=10 width=121)
	  Index Cond: ((id >= 9068) AND (id <= 9077))

table 7 : explain SELECT c FROM sbtest7 WHERE id BETWEEN 2030318 AND 2030327
	Index Scan using sbtest7_pkey on sbtest7  (cost=0.43..39.53 rows=10 width=121)
	  Index Cond: ((id >= 2030318) AND (id <= 2030327))

table 8 : explain SELECT c FROM sbtest8 WHERE id BETWEEN 7944338 AND 7944347
	Index Scan using sbtest8_pkey on sbtest8  (cost=0.43..39.31 rows=10 width=121)
	  Index Cond: ((id >= 7944338) AND (id <= 7944347))

for deletes
table 1 : explain DELETE FROM sbtest1 WHERE id=3929816
	Delete on sbtest1  (cost=0.43..8.45 rows=0 width=0)
	  ->  Index Scan using sbtest1_pkey on sbtest1  (cost=0.43..8.45 rows=1 width=6)
	        Index Cond: (id = 3929816)

table 2 : explain DELETE FROM sbtest2 WHERE id=5569717
	Delete on sbtest2  (cost=0.43..8.45 rows=0 width=0)
	  ->  Index Scan using sbtest2_pkey on sbtest2  (cost=0.43..8.45 rows=1 width=6)
	        Index Cond: (id = 5569717)

table 3 : explain DELETE FROM sbtest3 WHERE id=6628544
	Delete on sbtest3  (cost=0.43..8.45 rows=0 width=0)
	  ->  Index Scan using sbtest3_pkey on sbtest3  (cost=0.43..8.45 rows=1 width=6)
	        Index Cond: (id = 6628544)

table 4 : explain DELETE FROM sbtest4 WHERE id=2984097
	Delete on sbtest4  (cost=0.43..8.45 rows=0 width=0)
	  ->  Index Scan using sbtest4_pkey on sbtest4  (cost=0.43..8.45 rows=1 width=6)
	        Index Cond: (id = 2984097)

table 5 : explain DELETE FROM sbtest5 WHERE id=3008638
	Delete on sbtest5  (cost=0.43..8.45 rows=0 width=0)
	  ->  Index Scan using sbtest5_pkey on sbtest5  (cost=0.43..8.45 rows=1 width=6)
	        Index Cond: (id = 3008638)

table 6 : explain DELETE FROM sbtest6 WHERE id=7764170
	Delete on sbtest6  (cost=0.43..8.45 rows=0 width=0)
	  ->  Index Scan using sbtest6_pkey on sbtest6  (cost=0.43..8.45 rows=1 width=6)
	        Index Cond: (id = 7764170)

table 7 : explain DELETE FROM sbtest7 WHERE id=5454990
	Delete on sbtest7  (cost=0.43..8.45 rows=0 width=0)
	  ->  Index Scan using sbtest7_pkey on sbtest7  (cost=0.43..8.45 rows=1 width=6)
	        Index Cond: (id = 5454990)

table 8 : explain DELETE FROM sbtest8 WHERE id=7524175
	Delete on sbtest8  (cost=0.43..8.45 rows=0 width=0)
	  ->  Index Scan using sbtest8_pkey on sbtest8  (cost=0.43..8.45 rows=1 width=6)
	        Index Cond: (id = 7524175)

for index_updates
table 1 : explain UPDATE sbtest1 SET k=k+1 WHERE id=7834926
	Update on sbtest1  (cost=0.43..8.46 rows=0 width=0)
	  ->  Index Scan using sbtest1_pkey on sbtest1  (cost=0.43..8.46 rows=1 width=10)
	        Index Cond: (id = 7834926)

table 2 : explain UPDATE sbtest2 SET k=k+1 WHERE id=2230955
	Update on sbtest2  (cost=0.43..8.46 rows=0 width=0)
	  ->  Index Scan using sbtest2_pkey on sbtest2  (cost=0.43..8.46 rows=1 width=10)
	        Index Cond: (id = 2230955)

table 3 : explain UPDATE sbtest3 SET k=k+1 WHERE id=2252031
	Update on sbtest3  (cost=0.43..8.46 rows=0 width=0)
	  ->  Index Scan using sbtest3_pkey on sbtest3  (cost=0.43..8.46 rows=1 width=10)
	        Index Cond: (id = 2252031)

table 4 : explain UPDATE sbtest4 SET k=k+1 WHERE id=7924168
	Update on sbtest4  (cost=0.43..8.46 rows=0 width=0)
	  ->  Index Scan using sbtest4_pkey on sbtest4  (cost=0.43..8.46 rows=1 width=10)
	        Index Cond: (id = 7924168)

table 5 : explain UPDATE sbtest5 SET k=k+1 WHERE id=7063140
	Update on sbtest5  (cost=0.43..8.46 rows=0 width=0)
	  ->  Index Scan using sbtest5_pkey on sbtest5  (cost=0.43..8.46 rows=1 width=10)
	        Index Cond: (id = 7063140)

table 6 : explain UPDATE sbtest6 SET k=k+1 WHERE id=3683976
	Update on sbtest6  (cost=0.43..8.46 rows=0 width=0)
	  ->  Index Scan using sbtest6_pkey on sbtest6  (cost=0.43..8.46 rows=1 width=10)
	        Index Cond: (id = 3683976)

table 7 : explain UPDATE sbtest7 SET k=k+1 WHERE id=8493524
	Update on sbtest7  (cost=0.43..8.46 rows=0 width=0)
	  ->  Index Scan using sbtest7_pkey on sbtest7  (cost=0.43..8.46 rows=1 width=10)
	        Index Cond: (id = 8493524)

table 8 : explain UPDATE sbtest8 SET k=k+1 WHERE id=2565871
	Update on sbtest8  (cost=0.43..8.46 rows=0 width=0)
	  ->  Index Scan using sbtest8_pkey on sbtest8  (cost=0.43..8.46 rows=1 width=10)
	        Index Cond: (id = 2565871)

for index_updates
table 1 : explain UPDATE sbtest1 SET k=k+1 WHERE id=5111459
	Update on sbtest1  (cost=0.43..8.46 rows=0 width=0)
	  ->  Index Scan using sbtest1_pkey on sbtest1  (cost=0.43..8.46 rows=1 width=10)
	        Index Cond: (id = 5111459)

table 2 : explain UPDATE sbtest2 SET k=k+1 WHERE id=6434933
	Update on sbtest2  (cost=0.43..8.46 rows=0 width=0)
	  ->  Index Scan using sbtest2_pkey on sbtest2  (cost=0.43..8.46 rows=1 width=10)
	        Index Cond: (id = 6434933)

table 3 : explain UPDATE sbtest3 SET k=k+1 WHERE id=9726618
	Update on sbtest3  (cost=0.43..8.46 rows=0 width=0)
	  ->  Index Scan using sbtest3_pkey on sbtest3  (cost=0.43..8.46 rows=1 width=10)
	        Index Cond: (id = 9726618)

table 4 : explain UPDATE sbtest4 SET k=k+1 WHERE id=1072123
	Update on sbtest4  (cost=0.43..8.46 rows=0 width=0)
	  ->  Index Scan using sbtest4_pkey on sbtest4  (cost=0.43..8.46 rows=1 width=10)
	        Index Cond: (id = 1072123)

table 5 : explain UPDATE sbtest5 SET k=k+1 WHERE id=216261
	Update on sbtest5  (cost=0.43..8.46 rows=0 width=0)
	  ->  Index Scan using sbtest5_pkey on sbtest5  (cost=0.43..8.46 rows=1 width=10)
	        Index Cond: (id = 216261)

table 6 : explain UPDATE sbtest6 SET k=k+1 WHERE id=4518047
	Update on sbtest6  (cost=0.43..8.46 rows=0 width=0)
	  ->  Index Scan using sbtest6_pkey on sbtest6  (cost=0.43..8.46 rows=1 width=10)
	        Index Cond: (id = 4518047)

table 7 : explain UPDATE sbtest7 SET k=k+1 WHERE id=5383929
	Update on sbtest7  (cost=0.43..8.46 rows=0 width=0)
	  ->  Index Scan using sbtest7_pkey on sbtest7  (cost=0.43..8.46 rows=1 width=10)
	        Index Cond: (id = 5383929)

table 8 : explain UPDATE sbtest8 SET k=k+1 WHERE id=3948860
	Update on sbtest8  (cost=0.43..8.46 rows=0 width=0)
	  ->  Index Scan using sbtest8_pkey on sbtest8  (cost=0.43..8.46 rows=1 width=10)
	        Index Cond: (id = 3948860)

for deletes
table 1 : explain DELETE FROM sbtest1 WHERE id=6838848
	Delete on sbtest1  (cost=0.43..8.45 rows=0 width=0)
	  ->  Index Scan using sbtest1_pkey on sbtest1  (cost=0.43..8.45 rows=1 width=6)
	        Index Cond: (id = 6838848)

table 2 : explain DELETE FROM sbtest2 WHERE id=1938079
	Delete on sbtest2  (cost=0.43..8.45 rows=0 width=0)
	  ->  Index Scan using sbtest2_pkey on sbtest2  (cost=0.43..8.45 rows=1 width=6)
	        Index Cond: (id = 1938079)

table 3 : explain DELETE FROM sbtest3 WHERE id=7436298
	Delete on sbtest3  (cost=0.43..8.45 rows=0 width=0)
	  ->  Index Scan using sbtest3_pkey on sbtest3  (cost=0.43..8.45 rows=1 width=6)
	        Index Cond: (id = 7436298)

table 4 : explain DELETE FROM sbtest4 WHERE id=3187039
	Delete on sbtest4  (cost=0.43..8.45 rows=0 width=0)
	  ->  Index Scan using sbtest4_pkey on sbtest4  (cost=0.43..8.45 rows=1 width=6)
	        Index Cond: (id = 3187039)

table 5 : explain DELETE FROM sbtest5 WHERE id=6561293
	Delete on sbtest5  (cost=0.43..8.45 rows=0 width=0)
	  ->  Index Scan using sbtest5_pkey on sbtest5  (cost=0.43..8.45 rows=1 width=6)
	        Index Cond: (id = 6561293)

table 6 : explain DELETE FROM sbtest6 WHERE id=2623865
	Delete on sbtest6  (cost=0.43..8.45 rows=0 width=0)
	  ->  Index Scan using sbtest6_pkey on sbtest6  (cost=0.43..8.45 rows=1 width=6)
	        Index Cond: (id = 2623865)

table 7 : explain DELETE FROM sbtest7 WHERE id=1591586
	Delete on sbtest7  (cost=0.43..8.45 rows=0 width=0)
	  ->  Index Scan using sbtest7_pkey on sbtest7  (cost=0.43..8.45 rows=1 width=6)
	        Index Cond: (id = 1591586)

table 8 : explain DELETE FROM sbtest8 WHERE id=3515651
	Delete on sbtest8  (cost=0.43..8.45 rows=0 width=0)
	  ->  Index Scan using sbtest8_pkey on sbtest8  (cost=0.43..8.45 rows=1 width=6)
	        Index Cond: (id = 3515651)

explain: for index_updates :: explain UPDATE sbtest%u SET k=k+1 WHERE id=%u
for: distinct_ranges
table 1 : explain SELECT DISTINCT c FROM sbtest1 WHERE id BETWEEN 2634685 AND 2634694 ORDER BY c
	Unique  (cost=36.07..36.12 rows=9 width=121)
	  ->  Sort  (cost=36.07..36.10 rows=9 width=121)
	        Sort Key: c
	        ->  Index Scan using sbtest1_pkey on sbtest1  (cost=0.43..35.93 rows=9 width=121)
	              Index Cond: ((id >= 2634685) AND (id <= 2634694))

table 2 : explain SELECT DISTINCT c FROM sbtest2 WHERE id BETWEEN 4359584 AND 4359593 ORDER BY c
	Unique  (cost=36.02..36.06 rows=9 width=121)
	  ->  Sort  (cost=36.02..36.04 rows=9 width=121)
	        Sort Key: c
	        ->  Index Scan using sbtest2_pkey on sbtest2  (cost=0.43..35.87 rows=9 width=121)
	              Index Cond: ((id >= 4359584) AND (id <= 4359593))

table 3 : explain SELECT DISTINCT c FROM sbtest3 WHERE id BETWEEN 6846831 AND 6846840 ORDER BY c
	Unique  (cost=39.22..39.27 rows=10 width=121)
	  ->  Sort  (cost=39.22..39.25 rows=10 width=121)
	        Sort Key: c
	        ->  Index Scan using sbtest3_pkey on sbtest3  (cost=0.43..39.05 rows=10 width=121)
	              Index Cond: ((id >= 6846831) AND (id <= 6846840))

table 4 : explain SELECT DISTINCT c FROM sbtest4 WHERE id BETWEEN 1420942 AND 1420951 ORDER BY c
	Unique  (cost=43.16..43.22 rows=11 width=121)
	  ->  Sort  (cost=43.16..43.19 rows=11 width=121)
	        Sort Key: c
	        ->  Index Scan using sbtest4_pkey on sbtest4  (cost=0.43..42.97 rows=11 width=121)
	              Index Cond: ((id >= 1420942) AND (id <= 1420951))

table 5 : explain SELECT DISTINCT c FROM sbtest5 WHERE id BETWEEN 6406594 AND 6406603 ORDER BY c
	Unique  (cost=42.94..42.99 rows=11 width=121)
	  ->  Sort  (cost=42.94..42.97 rows=11 width=121)
	        Sort Key: c
	        ->  Index Scan using sbtest5_pkey on sbtest5  (cost=0.43..42.75 rows=11 width=121)
	              Index Cond: ((id >= 6406594) AND (id <= 6406603))

table 6 : explain SELECT DISTINCT c FROM sbtest6 WHERE id BETWEEN 3070235 AND 3070244 ORDER BY c
	Unique  (cost=39.60..39.65 rows=10 width=121)
	  ->  Sort  (cost=39.60..39.62 rows=10 width=121)
	        Sort Key: c
	        ->  Index Scan using sbtest6_pkey on sbtest6  (cost=0.43..39.43 rows=10 width=121)
	              Index Cond: ((id >= 3070235) AND (id <= 3070244))

table 7 : explain SELECT DISTINCT c FROM sbtest7 WHERE id BETWEEN 4189987 AND 4189996 ORDER BY c
	Unique  (cost=39.70..39.75 rows=10 width=121)
	  ->  Sort  (cost=39.70..39.72 rows=10 width=121)
	        Sort Key: c
	        ->  Index Scan using sbtest7_pkey on sbtest7  (cost=0.43..39.53 rows=10 width=121)
	              Index Cond: ((id >= 4189987) AND (id <= 4189996))

table 8 : explain SELECT DISTINCT c FROM sbtest8 WHERE id BETWEEN 7012088 AND 7012097 ORDER BY c
	Unique  (cost=39.48..39.53 rows=10 width=121)
	  ->  Sort  (cost=39.48..39.50 rows=10 width=121)
	        Sort Key: c
	        ->  Index Scan using sbtest8_pkey on sbtest8  (cost=0.43..39.31 rows=10 width=121)
	              Index Cond: ((id >= 7012088) AND (id <= 7012097))

for: distinct_ranges
table 1 : explain SELECT DISTINCT c FROM sbtest1 WHERE id BETWEEN 1422697 AND 1422706 ORDER BY c
	Unique  (cost=39.53..39.58 rows=10 width=121)
	  ->  Sort  (cost=39.53..39.56 rows=10 width=121)
	        Sort Key: c
	        ->  Index Scan using sbtest1_pkey on sbtest1  (cost=0.43..39.37 rows=10 width=121)
	              Index Cond: ((id >= 1422697) AND (id <= 1422706))

table 2 : explain SELECT DISTINCT c FROM sbtest2 WHERE id BETWEEN 5660513 AND 5660522 ORDER BY c
	Unique  (cost=39.47..39.52 rows=10 width=121)
	  ->  Sort  (cost=39.47..39.49 rows=10 width=121)
	        Sort Key: c
	        ->  Index Scan using sbtest2_pkey on sbtest2  (cost=0.43..39.30 rows=10 width=121)
	              Index Cond: ((id >= 5660513) AND (id <= 5660522))

table 3 : explain SELECT DISTINCT c FROM sbtest3 WHERE id BETWEEN 9138558 AND 9138567 ORDER BY c
	Unique  (cost=42.65..42.70 rows=11 width=121)
	  ->  Sort  (cost=42.65..42.67 rows=11 width=121)
	        Sort Key: c
	        ->  Index Scan using sbtest3_pkey on sbtest3  (cost=0.43..42.45 rows=11 width=121)
	              Index Cond: ((id >= 9138558) AND (id <= 9138567))

table 4 : explain SELECT DISTINCT c FROM sbtest4 WHERE id BETWEEN 7452724 AND 7452733 ORDER BY c
	Unique  (cost=43.16..43.22 rows=11 width=121)
	  ->  Sort  (cost=43.16..43.19 rows=11 width=121)
	        Sort Key: c
	        ->  Index Scan using sbtest4_pkey on sbtest4  (cost=0.43..42.97 rows=11 width=121)
	              Index Cond: ((id >= 7452724) AND (id <= 7452733))

table 5 : explain SELECT DISTINCT c FROM sbtest5 WHERE id BETWEEN 9486153 AND 9486162 ORDER BY c
	Unique  (cost=39.49..39.54 rows=10 width=121)
	  ->  Sort  (cost=39.49..39.51 rows=10 width=121)
	        Sort Key: c
	        ->  Index Scan using sbtest5_pkey on sbtest5  (cost=0.43..39.32 rows=10 width=121)
	              Index Cond: ((id >= 9486153) AND (id <= 9486162))

table 6 : explain SELECT DISTINCT c FROM sbtest6 WHERE id BETWEEN 3474200 AND 3474209 ORDER BY c
	Unique  (cost=43.07..43.12 rows=11 width=121)
	  ->  Sort  (cost=43.07..43.09 rows=11 width=121)
	        Sort Key: c
	        ->  Index Scan using sbtest6_pkey on sbtest6  (cost=0.43..42.88 rows=11 width=121)
	              Index Cond: ((id >= 3474200) AND (id <= 3474209))

table 7 : explain SELECT DISTINCT c FROM sbtest7 WHERE id BETWEEN 809884 AND 809893 ORDER BY c
	Unique  (cost=39.70..39.75 rows=10 width=121)
	  ->  Sort  (cost=39.70..39.72 rows=10 width=121)
	        Sort Key: c
	        ->  Index Scan using sbtest7_pkey on sbtest7  (cost=0.43..39.53 rows=10 width=121)
	              Index Cond: ((id >= 809884) AND (id <= 809893))

table 8 : explain SELECT DISTINCT c FROM sbtest8 WHERE id BETWEEN 3461212 AND 3461221 ORDER BY c
	Unique  (cost=39.48..39.53 rows=10 width=121)
	  ->  Sort  (cost=39.48..39.50 rows=10 width=121)
	        Sort Key: c
	        ->  Index Scan using sbtest8_pkey on sbtest8  (cost=0.43..39.31 rows=10 width=121)
	              Index Cond: ((id >= 3461212) AND (id <= 3461221))

explain: for non_index_updates :: explain UPDATE sbtest%u SET c='foobar' WHERE id=%u
for: order_ranges
table 1 : explain SELECT c FROM sbtest1 WHERE id BETWEEN 521051 AND 521060 ORDER BY c
	Sort  (cost=39.53..39.56 rows=10 width=121)
	  Sort Key: c
	  ->  Index Scan using sbtest1_pkey on sbtest1  (cost=0.43..39.37 rows=10 width=121)
	        Index Cond: ((id >= 521051) AND (id <= 521060))

table 2 : explain SELECT c FROM sbtest2 WHERE id BETWEEN 2208821 AND 2208830 ORDER BY c
	Sort  (cost=39.47..39.49 rows=10 width=121)
	  Sort Key: c
	  ->  Index Scan using sbtest2_pkey on sbtest2  (cost=0.43..39.30 rows=10 width=121)
	        Index Cond: ((id >= 2208821) AND (id <= 2208830))

table 3 : explain SELECT c FROM sbtest3 WHERE id BETWEEN 7787116 AND 7787125 ORDER BY c
	Sort  (cost=39.22..39.25 rows=10 width=121)
	  Sort Key: c
	  ->  Index Scan using sbtest3_pkey on sbtest3  (cost=0.43..39.05 rows=10 width=121)
	        Index Cond: ((id >= 7787116) AND (id <= 7787125))

table 4 : explain SELECT c FROM sbtest4 WHERE id BETWEEN 5081800 AND 5081809 ORDER BY c
	Sort  (cost=43.16..43.19 rows=11 width=121)
	  Sort Key: c
	  ->  Index Scan using sbtest4_pkey on sbtest4  (cost=0.43..42.97 rows=11 width=121)
	        Index Cond: ((id >= 5081800) AND (id <= 5081809))

table 5 : explain SELECT c FROM sbtest5 WHERE id BETWEEN 6519725 AND 6519734 ORDER BY c
	Sort  (cost=36.03..36.06 rows=9 width=121)
	  Sort Key: c
	  ->  Index Scan using sbtest5_pkey on sbtest5  (cost=0.43..35.89 rows=9 width=121)
	        Index Cond: ((id >= 6519725) AND (id <= 6519734))

table 6 : explain SELECT c FROM sbtest6 WHERE id BETWEEN 6271105 AND 6271114 ORDER BY c
	Sort  (cost=43.07..43.09 rows=11 width=121)
	  Sort Key: c
	  ->  Index Scan using sbtest6_pkey on sbtest6  (cost=0.43..42.88 rows=11 width=121)
	        Index Cond: ((id >= 6271105) AND (id <= 6271114))

table 7 : explain SELECT c FROM sbtest7 WHERE id BETWEEN 7779743 AND 7779752 ORDER BY c
	Sort  (cost=39.70..39.72 rows=10 width=121)
	  Sort Key: c
	  ->  Index Scan using sbtest7_pkey on sbtest7  (cost=0.43..39.53 rows=10 width=121)
	        Index Cond: ((id >= 7779743) AND (id <= 7779752))

table 8 : explain SELECT c FROM sbtest8 WHERE id BETWEEN 4015848 AND 4015857 ORDER BY c
	Sort  (cost=36.02..36.05 rows=9 width=121)
	  Sort Key: c
	  ->  Index Scan using sbtest8_pkey on sbtest8  (cost=0.43..35.88 rows=9 width=121)
	        Index Cond: ((id >= 4015848) AND (id <= 4015857))

explain: for index_updates :: explain UPDATE sbtest%u SET k=k+1 WHERE id=%u
for: order_ranges
table 1 : explain SELECT c FROM sbtest1 WHERE id BETWEEN 1295725 AND 1295734 ORDER BY c
	Sort  (cost=32.62..32.64 rows=8 width=121)
	  Sort Key: c
	  ->  Index Scan using sbtest1_pkey on sbtest1  (cost=0.43..32.50 rows=8 width=121)
	        Index Cond: ((id >= 1295725) AND (id <= 1295734))

table 2 : explain SELECT c FROM sbtest2 WHERE id BETWEEN 5939194 AND 5939203 ORDER BY c
	Sort  (cost=42.92..42.95 rows=11 width=121)
	  Sort Key: c
	  ->  Index Scan using sbtest2_pkey on sbtest2  (cost=0.43..42.73 rows=11 width=121)
	        Index Cond: ((id >= 5939194) AND (id <= 5939203))

table 3 : explain SELECT c FROM sbtest3 WHERE id BETWEEN 9062148 AND 9062157 ORDER BY c
	Sort  (cost=39.22..39.25 rows=10 width=121)
	  Sort Key: c
	  ->  Index Scan using sbtest3_pkey on sbtest3  (cost=0.43..39.05 rows=10 width=121)
	        Index Cond: ((id >= 9062148) AND (id <= 9062157))

table 4 : explain SELECT c FROM sbtest4 WHERE id BETWEEN 1496821 AND 1496830 ORDER BY c
	Sort  (cost=43.16..43.19 rows=11 width=121)
	  Sort Key: c
	  ->  Index Scan using sbtest4_pkey on sbtest4  (cost=0.43..42.97 rows=11 width=121)
	        Index Cond: ((id >= 1496821) AND (id <= 1496830))

table 5 : explain SELECT c FROM sbtest5 WHERE id BETWEEN 8884597 AND 8884606 ORDER BY c
	Sort  (cost=39.49..39.51 rows=10 width=121)
	  Sort Key: c
	  ->  Index Scan using sbtest5_pkey on sbtest5  (cost=0.43..39.32 rows=10 width=121)
	        Index Cond: ((id >= 8884597) AND (id <= 8884606))

table 6 : explain SELECT c FROM sbtest6 WHERE id BETWEEN 563921 AND 563930 ORDER BY c
	Sort  (cost=43.07..43.09 rows=11 width=121)
	  Sort Key: c
	  ->  Index Scan using sbtest6_pkey on sbtest6  (cost=0.43..42.88 rows=11 width=121)
	        Index Cond: ((id >= 563921) AND (id <= 563930))

table 7 : explain SELECT c FROM sbtest7 WHERE id BETWEEN 4782655 AND 4782664 ORDER BY c
	Sort  (cost=39.70..39.72 rows=10 width=121)
	  Sort Key: c
	  ->  Index Scan using sbtest7_pkey on sbtest7  (cost=0.43..39.53 rows=10 width=121)
	        Index Cond: ((id >= 4782655) AND (id <= 4782664))

table 8 : explain SELECT c FROM sbtest8 WHERE id BETWEEN 8153630 AND 8153639 ORDER BY c
	Sort  (cost=39.48..39.50 rows=10 width=121)
	  Sort Key: c
	  ->  Index Scan using sbtest8_pkey on sbtest8  (cost=0.43..39.31 rows=10 width=121)
	        Index Cond: ((id >= 8153630) AND (id <= 8153639))

for: simple_ranges
table 1 : explain SELECT c FROM sbtest1 WHERE id BETWEEN 278979 AND 278988
	Index Scan using sbtest1_pkey on sbtest1  (cost=0.43..35.93 rows=9 width=121)
	  Index Cond: ((id >= 278979) AND (id <= 278988))

table 2 : explain SELECT c FROM sbtest2 WHERE id BETWEEN 3058246 AND 3058255
	Index Scan using sbtest2_pkey on sbtest2  (cost=0.43..39.30 rows=10 width=121)
	  Index Cond: ((id >= 3058246) AND (id <= 3058255))

table 3 : explain SELECT c FROM sbtest3 WHERE id BETWEEN 8420929 AND 8420938
	Index Scan using sbtest3_pkey on sbtest3  (cost=0.43..39.05 rows=10 width=121)
	  Index Cond: ((id >= 8420929) AND (id <= 8420938))

table 4 : explain SELECT c FROM sbtest4 WHERE id BETWEEN 5660479 AND 5660488
	Index Scan using sbtest4_pkey on sbtest4  (cost=0.43..39.52 rows=10 width=121)
	  Index Cond: ((id >= 5660479) AND (id <= 5660488))

table 5 : explain SELECT c FROM sbtest5 WHERE id BETWEEN 6937033 AND 6937042
	Index Scan using sbtest5_pkey on sbtest5  (cost=0.43..39.32 rows=10 width=121)
	  Index Cond: ((id >= 6937033) AND (id <= 6937042))

table 6 : explain SELECT c FROM sbtest6 WHERE id BETWEEN 8283587 AND 8283596
	Index Scan using sbtest6_pkey on sbtest6  (cost=0.43..39.43 rows=10 width=121)
	  Index Cond: ((id >= 8283587) AND (id <= 8283596))

table 7 : explain SELECT c FROM sbtest7 WHERE id BETWEEN 1147826 AND 1147835
	Index Scan using sbtest7_pkey on sbtest7  (cost=0.43..39.53 rows=10 width=121)
	  Index Cond: ((id >= 1147826) AND (id <= 1147835))

table 8 : explain SELECT c FROM sbtest8 WHERE id BETWEEN 5546686 AND 5546695
	Index Scan using sbtest8_pkey on sbtest8  (cost=0.43..39.31 rows=10 width=121)
	  Index Cond: ((id >= 5546686) AND (id <= 5546695))

explain: for inserts :: explain INSERT INTO sbtest%u (id, k, c, pad) VALUES (%u, 13, 'foobar', 'foobar')
explain: for point_selects :: explain SELECT c FROM sbtest%u WHERE id=%u
explain: for non_index_updates :: explain UPDATE sbtest%u SET c='foobar' WHERE id=%u
explain: for index_updates :: explain UPDATE sbtest%u SET k=k+1 WHERE id=%u
for index_updates
table 1 : explain UPDATE sbtest1 SET k=k+1 WHERE id=1023539
	Update on sbtest1  (cost=0.43..8.46 rows=0 width=0)
	  ->  Index Scan using sbtest1_pkey on sbtest1  (cost=0.43..8.46 rows=1 width=10)
	        Index Cond: (id = 1023539)

table 2 : explain UPDATE sbtest2 SET k=k+1 WHERE id=6283013
	Update on sbtest2  (cost=0.43..8.46 rows=0 width=0)
	  ->  Index Scan using sbtest2_pkey on sbtest2  (cost=0.43..8.46 rows=1 width=10)
	        Index Cond: (id = 6283013)

table 3 : explain UPDATE sbtest3 SET k=k+1 WHERE id=6348546
	Update on sbtest3  (cost=0.43..8.46 rows=0 width=0)
	  ->  Index Scan using sbtest3_pkey on sbtest3  (cost=0.43..8.46 rows=1 width=10)
	        Index Cond: (id = 6348546)

table 4 : explain UPDATE sbtest4 SET k=k+1 WHERE id=1943433
	Update on sbtest4  (cost=0.43..8.46 rows=0 width=0)
	  ->  Index Scan using sbtest4_pkey on sbtest4  (cost=0.43..8.46 rows=1 width=10)
	        Index Cond: (id = 1943433)

table 5 : explain UPDATE sbtest5 SET k=k+1 WHERE id=7675291
	Update on sbtest5  (cost=0.43..8.46 rows=0 width=0)
	  ->  Index Scan using sbtest5_pkey on sbtest5  (cost=0.43..8.46 rows=1 width=10)
	        Index Cond: (id = 7675291)

table 6 : explain UPDATE sbtest6 SET k=k+1 WHERE id=6167340
	Update on sbtest6  (cost=0.43..8.46 rows=0 width=0)
	  ->  Index Scan using sbtest6_pkey on sbtest6  (cost=0.43..8.46 rows=1 width=10)
	        Index Cond: (id = 6167340)

table 7 : explain UPDATE sbtest7 SET k=k+1 WHERE id=7016096
	Update on sbtest7  (cost=0.43..8.46 rows=0 width=0)
	  ->  Index Scan using sbtest7_pkey on sbtest7  (cost=0.43..8.46 rows=1 width=10)
	        Index Cond: (id = 7016096)

table 8 : explain UPDATE sbtest8 SET k=k+1 WHERE id=8169487
	Update on sbtest8  (cost=0.43..8.46 rows=0 width=0)
	  ->  Index Scan using sbtest8_pkey on sbtest8  (cost=0.43..8.46 rows=1 width=10)
	        Index Cond: (id = 8169487)

for non_index_updates
table 1 : explain UPDATE sbtest1 SET c='foobar' WHERE id=9627921
	Update on sbtest1  (cost=0.43..8.45 rows=0 width=0)
	  ->  Index Scan using sbtest1_pkey on sbtest1  (cost=0.43..8.45 rows=1 width=490)
	        Index Cond: (id = 9627921)

table 2 : explain UPDATE sbtest2 SET c='foobar' WHERE id=3846155
	Update on sbtest2  (cost=0.43..8.45 rows=0 width=0)
	  ->  Index Scan using sbtest2_pkey on sbtest2  (cost=0.43..8.45 rows=1 width=490)
	        Index Cond: (id = 3846155)

table 3 : explain UPDATE sbtest3 SET c='foobar' WHERE id=3401766
	Update on sbtest3  (cost=0.43..8.45 rows=0 width=0)
	  ->  Index Scan using sbtest3_pkey on sbtest3  (cost=0.43..8.45 rows=1 width=490)
	        Index Cond: (id = 3401766)

table 4 : explain UPDATE sbtest4 SET c='foobar' WHERE id=7813956
	Update on sbtest4  (cost=0.43..8.45 rows=0 width=0)
	  ->  Index Scan using sbtest4_pkey on sbtest4  (cost=0.43..8.45 rows=1 width=490)
	        Index Cond: (id = 7813956)

table 5 : explain UPDATE sbtest5 SET c='foobar' WHERE id=1711117
	Update on sbtest5  (cost=0.43..8.45 rows=0 width=0)
	  ->  Index Scan using sbtest5_pkey on sbtest5  (cost=0.43..8.45 rows=1 width=490)
	        Index Cond: (id = 1711117)

table 6 : explain UPDATE sbtest6 SET c='foobar' WHERE id=2468612
	Update on sbtest6  (cost=0.43..8.45 rows=0 width=0)
	  ->  Index Scan using sbtest6_pkey on sbtest6  (cost=0.43..8.45 rows=1 width=490)
	        Index Cond: (id = 2468612)

table 7 : explain UPDATE sbtest7 SET c='foobar' WHERE id=6861885
	Update on sbtest7  (cost=0.43..8.45 rows=0 width=0)
	  ->  Index Scan using sbtest7_pkey on sbtest7  (cost=0.43..8.45 rows=1 width=490)
	        Index Cond: (id = 6861885)

table 8 : explain UPDATE sbtest8 SET c='foobar' WHERE id=7803788
	Update on sbtest8  (cost=0.43..8.45 rows=0 width=0)
	  ->  Index Scan using sbtest8_pkey on sbtest8  (cost=0.43..8.45 rows=1 width=490)
	        Index Cond: (id = 7803788)

for: sum_ranges
table 1 : explain SELECT SUM(k) FROM sbtest1 WHERE id BETWEEN 5753100 AND 5753109
	Aggregate  (cost=42.83..42.84 rows=1 width=8)
	  ->  Index Scan using sbtest1_pkey on sbtest1  (cost=0.43..42.80 rows=11 width=4)
	        Index Cond: ((id >= 5753100) AND (id <= 5753109))

table 2 : explain SELECT SUM(k) FROM sbtest2 WHERE id BETWEEN 5584863 AND 5584872
	Aggregate  (cost=39.33..39.34 rows=1 width=8)
	  ->  Index Scan using sbtest2_pkey on sbtest2  (cost=0.43..39.30 rows=10 width=4)
	        Index Cond: ((id >= 5584863) AND (id <= 5584872))

table 3 : explain SELECT SUM(k) FROM sbtest3 WHERE id BETWEEN 1197102 AND 1197111
	Aggregate  (cost=35.68..35.69 rows=1 width=8)
	  ->  Index Scan using sbtest3_pkey on sbtest3  (cost=0.43..35.65 rows=9 width=4)
	        Index Cond: ((id >= 1197102) AND (id <= 1197111))

table 4 : explain SELECT SUM(k) FROM sbtest4 WHERE id BETWEEN 8555768 AND 8555777
	Aggregate  (cost=39.55..39.56 rows=1 width=8)
	  ->  Index Scan using sbtest4_pkey on sbtest4  (cost=0.43..39.52 rows=10 width=4)
	        Index Cond: ((id >= 8555768) AND (id <= 8555777))

table 5 : explain SELECT SUM(k) FROM sbtest5 WHERE id BETWEEN 8637228 AND 8637237
	Aggregate  (cost=42.78..42.79 rows=1 width=8)
	  ->  Index Scan using sbtest5_pkey on sbtest5  (cost=0.43..42.75 rows=11 width=4)
	        Index Cond: ((id >= 8637228) AND (id <= 8637237))

table 6 : explain SELECT SUM(k) FROM sbtest6 WHERE id BETWEEN 3525621 AND 3525630
	Aggregate  (cost=42.90..42.91 rows=1 width=8)
	  ->  Index Scan using sbtest6_pkey on sbtest6  (cost=0.43..42.88 rows=11 width=4)
	        Index Cond: ((id >= 3525621) AND (id <= 3525630))

table 7 : explain SELECT SUM(k) FROM sbtest7 WHERE id BETWEEN 7603962 AND 7603971
	Aggregate  (cost=39.55..39.56 rows=1 width=8)
	  ->  Index Scan using sbtest7_pkey on sbtest7  (cost=0.43..39.53 rows=10 width=4)
	        Index Cond: ((id >= 7603962) AND (id <= 7603971))

table 8 : explain SELECT SUM(k) FROM sbtest8 WHERE id BETWEEN 1944996 AND 1945005
	Aggregate  (cost=39.34..39.35 rows=1 width=8)
	  ->  Index Scan using sbtest8_pkey on sbtest8  (cost=0.43..39.31 rows=10 width=4)
	        Index Cond: ((id >= 1944996) AND (id <= 1945005))

for non_index_updates
table 1 : explain UPDATE sbtest1 SET c='foobar' WHERE id=405233
	Update on sbtest1  (cost=0.43..8.45 rows=0 width=0)
	  ->  Index Scan using sbtest1_pkey on sbtest1  (cost=0.43..8.45 rows=1 width=490)
	        Index Cond: (id = 405233)

table 2 : explain UPDATE sbtest2 SET c='foobar' WHERE id=9330342
	Update on sbtest2  (cost=0.43..8.45 rows=0 width=0)
	  ->  Index Scan using sbtest2_pkey on sbtest2  (cost=0.43..8.45 rows=1 width=490)
	        Index Cond: (id = 9330342)

table 3 : explain UPDATE sbtest3 SET c='foobar' WHERE id=2308699
	Update on sbtest3  (cost=0.43..8.45 rows=0 width=0)
	  ->  Index Scan using sbtest3_pkey on sbtest3  (cost=0.43..8.45 rows=1 width=490)
	        Index Cond: (id = 2308699)

table 4 : explain UPDATE sbtest4 SET c='foobar' WHERE id=6924996
	Update on sbtest4  (cost=0.43..8.45 rows=0 width=0)
	  ->  Index Scan using sbtest4_pkey on sbtest4  (cost=0.43..8.45 rows=1 width=490)
	        Index Cond: (id = 6924996)

table 5 : explain UPDATE sbtest5 SET c='foobar' WHERE id=8086139
	Update on sbtest5  (cost=0.43..8.45 rows=0 width=0)
	  ->  Index Scan using sbtest5_pkey on sbtest5  (cost=0.43..8.45 rows=1 width=490)
	        Index Cond: (id = 8086139)

table 6 : explain UPDATE sbtest6 SET c='foobar' WHERE id=8417238
	Update on sbtest6  (cost=0.43..8.45 rows=0 width=0)
	  ->  Index Scan using sbtest6_pkey on sbtest6  (cost=0.43..8.45 rows=1 width=490)
	        Index Cond: (id = 8417238)

table 7 : explain UPDATE sbtest7 SET c='foobar' WHERE id=2367733
	Update on sbtest7  (cost=0.43..8.45 rows=0 width=0)
	  ->  Index Scan using sbtest7_pkey on sbtest7  (cost=0.43..8.45 rows=1 width=490)
	        Index Cond: (id = 2367733)

table 8 : explain UPDATE sbtest8 SET c='foobar' WHERE id=3418636
	Update on sbtest8  (cost=0.43..8.45 rows=0 width=0)
	  ->  Index Scan using sbtest8_pkey on sbtest8  (cost=0.43..8.45 rows=1 width=490)
	        Index Cond: (id = 3418636)

explain: for inserts :: explain INSERT INTO sbtest%u (id, k, c, pad) VALUES (%u, 13, 'foobar', 'foobar')
for index_updates
table 1 : explain UPDATE sbtest1 SET k=k+1 WHERE id=4446084
	Update on sbtest1  (cost=0.43..8.46 rows=0 width=0)
	  ->  Index Scan using sbtest1_pkey on sbtest1  (cost=0.43..8.46 rows=1 width=10)
	        Index Cond: (id = 4446084)

table 2 : explain UPDATE sbtest2 SET k=k+1 WHERE id=8032204
	Update on sbtest2  (cost=0.43..8.46 rows=0 width=0)
	  ->  Index Scan using sbtest2_pkey on sbtest2  (cost=0.43..8.46 rows=1 width=10)
	        Index Cond: (id = 8032204)

table 3 : explain UPDATE sbtest3 SET k=k+1 WHERE id=9698987
	Update on sbtest3  (cost=0.43..8.46 rows=0 width=0)
	  ->  Index Scan using sbtest3_pkey on sbtest3  (cost=0.43..8.46 rows=1 width=10)
	        Index Cond: (id = 9698987)

table 4 : explain UPDATE sbtest4 SET k=k+1 WHERE id=6274648
	Update on sbtest4  (cost=0.43..8.46 rows=0 width=0)
	  ->  Index Scan using sbtest4_pkey on sbtest4  (cost=0.43..8.46 rows=1 width=10)
	        Index Cond: (id = 6274648)

table 5 : explain UPDATE sbtest5 SET k=k+1 WHERE id=9878246
	Update on sbtest5  (cost=0.43..8.46 rows=0 width=0)
	  ->  Index Scan using sbtest5_pkey on sbtest5  (cost=0.43..8.46 rows=1 width=10)
	        Index Cond: (id = 9878246)

table 6 : explain UPDATE sbtest6 SET k=k+1 WHERE id=5988714
	Update on sbtest6  (cost=0.43..8.46 rows=0 width=0)
	  ->  Index Scan using sbtest6_pkey on sbtest6  (cost=0.43..8.46 rows=1 width=10)
	        Index Cond: (id = 5988714)

table 7 : explain UPDATE sbtest7 SET k=k+1 WHERE id=1189165
	Update on sbtest7  (cost=0.43..8.46 rows=0 width=0)
	  ->  Index Scan using sbtest7_pkey on sbtest7  (cost=0.43..8.46 rows=1 width=10)
	        Index Cond: (id = 1189165)

table 8 : explain UPDATE sbtest8 SET k=k+1 WHERE id=673141
	Update on sbtest8  (cost=0.43..8.46 rows=0 width=0)
	  ->  Index Scan using sbtest8_pkey on sbtest8  (cost=0.43..8.46 rows=1 width=10)
	        Index Cond: (id = 673141)

for point_selects
table 1 : explain SELECT c FROM sbtest1 WHERE id=719827
	Index Scan using sbtest1_pkey on sbtest1  (cost=0.43..8.45 rows=1 width=121)
	  Index Cond: (id = 719827)

table 2 : explain SELECT c FROM sbtest2 WHERE id=7293644
	Index Scan using sbtest2_pkey on sbtest2  (cost=0.43..8.45 rows=1 width=121)
	  Index Cond: (id = 7293644)

table 3 : explain SELECT c FROM sbtest3 WHERE id=5098300
	Index Scan using sbtest3_pkey on sbtest3  (cost=0.43..8.45 rows=1 width=121)
	  Index Cond: (id = 5098300)

table 4 : explain SELECT c FROM sbtest4 WHERE id=2927748
	Index Scan using sbtest4_pkey on sbtest4  (cost=0.43..8.45 rows=1 width=121)
	  Index Cond: (id = 2927748)

table 5 : explain SELECT c FROM sbtest5 WHERE id=2469263
	Index Scan using sbtest5_pkey on sbtest5  (cost=0.43..8.45 rows=1 width=121)
	  Index Cond: (id = 2469263)

table 6 : explain SELECT c FROM sbtest6 WHERE id=32257
	Index Scan using sbtest6_pkey on sbtest6  (cost=0.43..8.45 rows=1 width=121)
	  Index Cond: (id = 32257)

table 7 : explain SELECT c FROM sbtest7 WHERE id=5673991
	Index Scan using sbtest7_pkey on sbtest7  (cost=0.43..8.45 rows=1 width=121)
	  Index Cond: (id = 5673991)

table 8 : explain SELECT c FROM sbtest8 WHERE id=7080196
	Index Scan using sbtest8_pkey on sbtest8  (cost=0.43..8.45 rows=1 width=121)
	  Index Cond: (id = 7080196)

explain: for deletes :: explain DELETE FROM sbtest%u WHERE id=%u
for inserts
table 1 : explain INSERT INTO sbtest1 (id, k, c, pad) VALUES (5149471, 13, 'foobar', 'foobar')
	Insert on sbtest1  (cost=0.00..0.01 rows=0 width=0)
	  ->  Result  (cost=0.00..0.01 rows=1 width=736)

table 2 : explain INSERT INTO sbtest2 (id, k, c, pad) VALUES (1441364, 13, 'foobar', 'foobar')
	Insert on sbtest2  (cost=0.00..0.01 rows=0 width=0)
	  ->  Result  (cost=0.00..0.01 rows=1 width=736)

table 3 : explain INSERT INTO sbtest3 (id, k, c, pad) VALUES (8091749, 13, 'foobar', 'foobar')
	Insert on sbtest3  (cost=0.00..0.01 rows=0 width=0)
	  ->  Result  (cost=0.00..0.01 rows=1 width=736)

table 4 : explain INSERT INTO sbtest4 (id, k, c, pad) VALUES (6205622, 13, 'foobar', 'foobar')
	Insert on sbtest4  (cost=0.00..0.01 rows=0 width=0)
	  ->  Result  (cost=0.00..0.01 rows=1 width=736)

table 5 : explain INSERT INTO sbtest5 (id, k, c, pad) VALUES (8162031, 13, 'foobar', 'foobar')
	Insert on sbtest5  (cost=0.00..0.01 rows=0 width=0)
	  ->  Result  (cost=0.00..0.01 rows=1 width=736)

table 6 : explain INSERT INTO sbtest6 (id, k, c, pad) VALUES (8783325, 13, 'foobar', 'foobar')
	Insert on sbtest6  (cost=0.00..0.01 rows=0 width=0)
	  ->  Result  (cost=0.00..0.01 rows=1 width=736)

table 7 : explain INSERT INTO sbtest7 (id, k, c, pad) VALUES (2725040, 13, 'foobar', 'foobar')
	Insert on sbtest7  (cost=0.00..0.01 rows=0 width=0)
	  ->  Result  (cost=0.00..0.01 rows=1 width=736)

table 8 : explain INSERT INTO sbtest8 (id, k, c, pad) VALUES (3689262, 13, 'foobar', 'foobar')
	Insert on sbtest8  (cost=0.00..0.01 rows=0 width=0)
	  ->  Result  (cost=0.00..0.01 rows=1 width=736)

for non_index_updates
table 1 : explain UPDATE sbtest1 SET c='foobar' WHERE id=1042205
	Update on sbtest1  (cost=0.43..8.45 rows=0 width=0)
	  ->  Index Scan using sbtest1_pkey on sbtest1  (cost=0.43..8.45 rows=1 width=490)
	        Index Cond: (id = 1042205)

table 2 : explain UPDATE sbtest2 SET c='foobar' WHERE id=8341275
	Update on sbtest2  (cost=0.43..8.45 rows=0 width=0)
	  ->  Index Scan using sbtest2_pkey on sbtest2  (cost=0.43..8.45 rows=1 width=490)
	        Index Cond: (id = 8341275)

table 3 : explain UPDATE sbtest3 SET c='foobar' WHERE id=5314464
	Update on sbtest3  (cost=0.43..8.45 rows=0 width=0)
	  ->  Index Scan using sbtest3_pkey on sbtest3  (cost=0.43..8.45 rows=1 width=490)
	        Index Cond: (id = 5314464)

table 4 : explain UPDATE sbtest4 SET c='foobar' WHERE id=6732448
	Update on sbtest4  (cost=0.43..8.45 rows=0 width=0)
	  ->  Index Scan using sbtest4_pkey on sbtest4  (cost=0.43..8.45 rows=1 width=490)
	        Index Cond: (id = 6732448)

table 5 : explain UPDATE sbtest5 SET c='foobar' WHERE id=2104601
	Update on sbtest5  (cost=0.43..8.45 rows=0 width=0)
	  ->  Index Scan using sbtest5_pkey on sbtest5  (cost=0.43..8.45 rows=1 width=490)
	        Index Cond: (id = 2104601)

table 6 : explain UPDATE sbtest6 SET c='foobar' WHERE id=224398
	Update on sbtest6  (cost=0.43..8.45 rows=0 width=0)
	  ->  Index Scan using sbtest6_pkey on sbtest6  (cost=0.43..8.45 rows=1 width=490)
	        Index Cond: (id = 224398)

table 7 : explain UPDATE sbtest7 SET c='foobar' WHERE id=6212324
	Update on sbtest7  (cost=0.43..8.45 rows=0 width=0)
	  ->  Index Scan using sbtest7_pkey on sbtest7  (cost=0.43..8.45 rows=1 width=490)
	        Index Cond: (id = 6212324)

table 8 : explain UPDATE sbtest8 SET c='foobar' WHERE id=2444918
	Update on sbtest8  (cost=0.43..8.45 rows=0 width=0)
	  ->  Index Scan using sbtest8_pkey on sbtest8  (cost=0.43..8.45 rows=1 width=490)
	        Index Cond: (id = 2444918)

explain: for deletes :: explain DELETE FROM sbtest%u WHERE id=%u
for point_selects
table 1 : explain SELECT c FROM sbtest1 WHERE id=466068
	Index Scan using sbtest1_pkey on sbtest1  (cost=0.43..8.45 rows=1 width=121)
	  Index Cond: (id = 466068)

table 2 : explain SELECT c FROM sbtest2 WHERE id=125490
	Index Scan using sbtest2_pkey on sbtest2  (cost=0.43..8.45 rows=1 width=121)
	  Index Cond: (id = 125490)

table 3 : explain SELECT c FROM sbtest3 WHERE id=3467466
	Index Scan using sbtest3_pkey on sbtest3  (cost=0.43..8.45 rows=1 width=121)
	  Index Cond: (id = 3467466)

table 4 : explain SELECT c FROM sbtest4 WHERE id=6705582
	Index Scan using sbtest4_pkey on sbtest4  (cost=0.43..8.45 rows=1 width=121)
	  Index Cond: (id = 6705582)

table 5 : explain SELECT c FROM sbtest5 WHERE id=3014593
	Index Scan using sbtest5_pkey on sbtest5  (cost=0.43..8.45 rows=1 width=121)
	  Index Cond: (id = 3014593)

table 6 : explain SELECT c FROM sbtest6 WHERE id=4565473
	Index Scan using sbtest6_pkey on sbtest6  (cost=0.43..8.45 rows=1 width=121)
	  Index Cond: (id = 4565473)

table 7 : explain SELECT c FROM sbtest7 WHERE id=8334388
	Index Scan using sbtest7_pkey on sbtest7  (cost=0.43..8.45 rows=1 width=121)
	  Index Cond: (id = 8334388)

table 8 : explain SELECT c FROM sbtest8 WHERE id=1093067
	Index Scan using sbtest8_pkey on sbtest8  (cost=0.43..8.45 rows=1 width=121)
	  Index Cond: (id = 1093067)

explain: for non_index_updates :: explain UPDATE sbtest%u SET c='foobar' WHERE id=%u
explain: for non_index_updates :: explain UPDATE sbtest%u SET c='foobar' WHERE id=%u
for non_index_updates
table 1 : explain UPDATE sbtest1 SET c='foobar' WHERE id=1788151
	Update on sbtest1  (cost=0.43..8.45 rows=0 width=0)
	  ->  Index Scan using sbtest1_pkey on sbtest1  (cost=0.43..8.45 rows=1 width=490)
	        Index Cond: (id = 1788151)

table 2 : explain UPDATE sbtest2 SET c='foobar' WHERE id=1422229
	Update on sbtest2  (cost=0.43..8.45 rows=0 width=0)
	  ->  Index Scan using sbtest2_pkey on sbtest2  (cost=0.43..8.45 rows=1 width=490)
	        Index Cond: (id = 1422229)

table 3 : explain UPDATE sbtest3 SET c='foobar' WHERE id=3569891
	Update on sbtest3  (cost=0.43..8.45 rows=0 width=0)
	  ->  Index Scan using sbtest3_pkey on sbtest3  (cost=0.43..8.45 rows=1 width=490)
	        Index Cond: (id = 3569891)

table 4 : explain UPDATE sbtest4 SET c='foobar' WHERE id=7859942
	Update on sbtest4  (cost=0.43..8.45 rows=0 width=0)
	  ->  Index Scan using sbtest4_pkey on sbtest4  (cost=0.43..8.45 rows=1 width=490)
	        Index Cond: (id = 7859942)

table 5 : explain UPDATE sbtest5 SET c='foobar' WHERE id=5168046
	Update on sbtest5  (cost=0.43..8.45 rows=0 width=0)
	  ->  Index Scan using sbtest5_pkey on sbtest5  (cost=0.43..8.45 rows=1 width=490)
	        Index Cond: (id = 5168046)

table 6 : explain UPDATE sbtest6 SET c='foobar' WHERE id=2189827
	Update on sbtest6  (cost=0.43..8.45 rows=0 width=0)
	  ->  Index Scan using sbtest6_pkey on sbtest6  (cost=0.43..8.45 rows=1 width=490)
	        Index Cond: (id = 2189827)

table 7 : explain UPDATE sbtest7 SET c='foobar' WHERE id=3932020
	Update on sbtest7  (cost=0.43..8.45 rows=0 width=0)
	  ->  Index Scan using sbtest7_pkey on sbtest7  (cost=0.43..8.45 rows=1 width=490)
	        Index Cond: (id = 3932020)

table 8 : explain UPDATE sbtest8 SET c='foobar' WHERE id=9934987
	Update on sbtest8  (cost=0.43..8.45 rows=0 width=0)
	  ->  Index Scan using sbtest8_pkey on sbtest8  (cost=0.43..8.45 rows=1 width=490)
	        Index Cond: (id = 9934987)

for deletes
table 1 : explain DELETE FROM sbtest1 WHERE id=1218567
	Delete on sbtest1  (cost=0.43..8.45 rows=0 width=0)
	  ->  Index Scan using sbtest1_pkey on sbtest1  (cost=0.43..8.45 rows=1 width=6)
	        Index Cond: (id = 1218567)

table 2 : explain DELETE FROM sbtest2 WHERE id=2015713
	Delete on sbtest2  (cost=0.43..8.45 rows=0 width=0)
	  ->  Index Scan using sbtest2_pkey on sbtest2  (cost=0.43..8.45 rows=1 width=6)
	        Index Cond: (id = 2015713)

table 3 : explain DELETE FROM sbtest3 WHERE id=9468745
	Delete on sbtest3  (cost=0.43..8.45 rows=0 width=0)
	  ->  Index Scan using sbtest3_pkey on sbtest3  (cost=0.43..8.45 rows=1 width=6)
	        Index Cond: (id = 9468745)

table 4 : explain DELETE FROM sbtest4 WHERE id=8540998
	Delete on sbtest4  (cost=0.43..8.45 rows=0 width=0)
	  ->  Index Scan using sbtest4_pkey on sbtest4  (cost=0.43..8.45 rows=1 width=6)
	        Index Cond: (id = 8540998)

table 5 : explain DELETE FROM sbtest5 WHERE id=4373838
	Delete on sbtest5  (cost=0.43..8.45 rows=0 width=0)
	  ->  Index Scan using sbtest5_pkey on sbtest5  (cost=0.43..8.45 rows=1 width=6)
	        Index Cond: (id = 4373838)

table 6 : explain DELETE FROM sbtest6 WHERE id=2916118
	Delete on sbtest6  (cost=0.43..8.45 rows=0 width=0)
	  ->  Index Scan using sbtest6_pkey on sbtest6  (cost=0.43..8.45 rows=1 width=6)
	        Index Cond: (id = 2916118)

table 7 : explain DELETE FROM sbtest7 WHERE id=7458558
	Delete on sbtest7  (cost=0.43..8.45 rows=0 width=0)
	  ->  Index Scan using sbtest7_pkey on sbtest7  (cost=0.43..8.45 rows=1 width=6)
	        Index Cond: (id = 7458558)

table 8 : explain DELETE FROM sbtest8 WHERE id=9708994
	Delete on sbtest8  (cost=0.43..8.45 rows=0 width=0)
	  ->  Index Scan using sbtest8_pkey on sbtest8  (cost=0.43..8.45 rows=1 width=6)
	        Index Cond: (id = 9708994)

for point_selects
table 1 : explain SELECT c FROM sbtest1 WHERE id=8005927
	Index Scan using sbtest1_pkey on sbtest1  (cost=0.43..8.45 rows=1 width=121)
	  Index Cond: (id = 8005927)

table 2 : explain SELECT c FROM sbtest2 WHERE id=4052078
	Index Scan using sbtest2_pkey on sbtest2  (cost=0.43..8.45 rows=1 width=121)
	  Index Cond: (id = 4052078)

table 3 : explain SELECT c FROM sbtest3 WHERE id=5473218
	Index Scan using sbtest3_pkey on sbtest3  (cost=0.43..8.45 rows=1 width=121)
	  Index Cond: (id = 5473218)

table 4 : explain SELECT c FROM sbtest4 WHERE id=2634920
	Index Scan using sbtest4_pkey on sbtest4  (cost=0.43..8.45 rows=1 width=121)
	  Index Cond: (id = 2634920)

table 5 : explain SELECT c FROM sbtest5 WHERE id=7217321
	Index Scan using sbtest5_pkey on sbtest5  (cost=0.43..8.45 rows=1 width=121)
	  Index Cond: (id = 7217321)

table 6 : explain SELECT c FROM sbtest6 WHERE id=4601759
	Index Scan using sbtest6_pkey on sbtest6  (cost=0.43..8.45 rows=1 width=121)
	  Index Cond: (id = 4601759)

table 7 : explain SELECT c FROM sbtest7 WHERE id=2334284
	Index Scan using sbtest7_pkey on sbtest7  (cost=0.43..8.45 rows=1 width=121)
	  Index Cond: (id = 2334284)

table 8 : explain SELECT c FROM sbtest8 WHERE id=3603733
	Index Scan using sbtest8_pkey on sbtest8  (cost=0.43..8.45 rows=1 width=121)
	  Index Cond: (id = 3603733)

for: order_ranges
table 1 : explain SELECT c FROM sbtest1 WHERE id BETWEEN 939275 AND 939284 ORDER BY c
	Sort  (cost=39.53..39.56 rows=10 width=121)
	  Sort Key: c
	  ->  Index Scan using sbtest1_pkey on sbtest1  (cost=0.43..39.37 rows=10 width=121)
	        Index Cond: ((id >= 939275) AND (id <= 939284))

table 2 : explain SELECT c FROM sbtest2 WHERE id BETWEEN 5271112 AND 5271121 ORDER BY c
	Sort  (cost=42.92..42.95 rows=11 width=121)
	  Sort Key: c
	  ->  Index Scan using sbtest2_pkey on sbtest2  (cost=0.43..42.73 rows=11 width=121)
	        Index Cond: ((id >= 5271112) AND (id <= 5271121))

table 3 : explain SELECT c FROM sbtest3 WHERE id BETWEEN 3913251 AND 3913260 ORDER BY c
	Sort  (cost=39.22..39.25 rows=10 width=121)
	  Sort Key: c
	  ->  Index Scan using sbtest3_pkey on sbtest3  (cost=0.43..39.05 rows=10 width=121)
	        Index Cond: ((id >= 3913251) AND (id <= 3913260))

table 4 : explain SELECT c FROM sbtest4 WHERE id BETWEEN 9620205 AND 9620214 ORDER BY c
	Sort  (cost=36.21..36.23 rows=9 width=121)
	  Sort Key: c
	  ->  Index Scan using sbtest4_pkey on sbtest4  (cost=0.43..36.07 rows=9 width=121)
	        Index Cond: ((id >= 9620205) AND (id <= 9620214))

table 5 : explain SELECT c FROM sbtest5 WHERE id BETWEEN 7119019 AND 7119028 ORDER BY c
	Sort  (cost=36.03..36.06 rows=9 width=121)
	  Sort Key: c
	  ->  Index Scan using sbtest5_pkey on sbtest5  (cost=0.43..35.89 rows=9 width=121)
	        Index Cond: ((id >= 7119019) AND (id <= 7119028))

table 6 : explain SELECT c FROM sbtest6 WHERE id BETWEEN 1825538 AND 1825547 ORDER BY c
	Sort  (cost=36.13..36.16 rows=9 width=121)
	  Sort Key: c
	  ->  Index Scan using sbtest6_pkey on sbtest6  (cost=0.43..35.99 rows=9 width=121)
	        Index Cond: ((id >= 1825538) AND (id <= 1825547))

table 7 : explain SELECT c FROM sbtest7 WHERE id BETWEEN 116674 AND 116683 ORDER BY c
	Sort  (cost=43.17..43.20 rows=11 width=121)
	  Sort Key: c
	  ->  Index Scan using sbtest7_pkey on sbtest7  (cost=0.43..42.98 rows=11 width=121)
	        Index Cond: ((id >= 116674) AND (id <= 116683))

table 8 : explain SELECT c FROM sbtest8 WHERE id BETWEEN 7097469 AND 7097478 ORDER BY c
	Sort  (cost=36.02..36.05 rows=9 width=121)
	  Sort Key: c
	  ->  Index Scan using sbtest8_pkey on sbtest8  (cost=0.43..35.88 rows=9 width=121)
	        Index Cond: ((id >= 7097469) AND (id <= 7097478))

for: sum_ranges
table 1 : explain SELECT SUM(k) FROM sbtest1 WHERE id BETWEEN 7037526 AND 7037535
	Aggregate  (cost=39.39..39.40 rows=1 width=8)
	  ->  Index Scan using sbtest1_pkey on sbtest1  (cost=0.43..39.37 rows=10 width=4)
	        Index Cond: ((id >= 7037526) AND (id <= 7037535))

table 2 : explain SELECT SUM(k) FROM sbtest2 WHERE id BETWEEN 8646075 AND 8646084
	Aggregate  (cost=39.33..39.34 rows=1 width=8)
	  ->  Index Scan using sbtest2_pkey on sbtest2  (cost=0.43..39.30 rows=10 width=4)
	        Index Cond: ((id >= 8646075) AND (id <= 8646084))

table 3 : explain SELECT SUM(k) FROM sbtest3 WHERE id BETWEEN 8668167 AND 8668176
	Aggregate  (cost=39.08..39.09 rows=1 width=8)
	  ->  Index Scan using sbtest3_pkey on sbtest3  (cost=0.43..39.05 rows=10 width=4)
	        Index Cond: ((id >= 8668167) AND (id <= 8668176))

table 4 : explain SELECT SUM(k) FROM sbtest4 WHERE id BETWEEN 5375772 AND 5375781
	Aggregate  (cost=39.55..39.56 rows=1 width=8)
	  ->  Index Scan using sbtest4_pkey on sbtest4  (cost=0.43..39.52 rows=10 width=4)
	        Index Cond: ((id >= 5375772) AND (id <= 5375781))

table 5 : explain SELECT SUM(k) FROM sbtest5 WHERE id BETWEEN 2538686 AND 2538695
	Aggregate  (cost=35.91..35.92 rows=1 width=8)
	  ->  Index Scan using sbtest5_pkey on sbtest5  (cost=0.43..35.89 rows=9 width=4)
	        Index Cond: ((id >= 2538686) AND (id <= 2538695))

table 6 : explain SELECT SUM(k) FROM sbtest6 WHERE id BETWEEN 5045792 AND 5045801
	Aggregate  (cost=39.46..39.47 rows=1 width=8)
	  ->  Index Scan using sbtest6_pkey on sbtest6  (cost=0.43..39.43 rows=10 width=4)
	        Index Cond: ((id >= 5045792) AND (id <= 5045801))

table 7 : explain SELECT SUM(k) FROM sbtest7 WHERE id BETWEEN 4077054 AND 4077063
	Aggregate  (cost=39.55..39.56 rows=1 width=8)
	  ->  Index Scan using sbtest7_pkey on sbtest7  (cost=0.43..39.53 rows=10 width=4)
	        Index Cond: ((id >= 4077054) AND (id <= 4077063))

table 8 : explain SELECT SUM(k) FROM sbtest8 WHERE id BETWEEN 5824386 AND 5824395
	Aggregate  (cost=39.34..39.35 rows=1 width=8)
	  ->  Index Scan using sbtest8_pkey on sbtest8  (cost=0.43..39.31 rows=10 width=4)
	        Index Cond: ((id >= 5824386) AND (id <= 5824395))

explain: for deletes :: explain DELETE FROM sbtest%u WHERE id=%u
explain: for deletes :: explain DELETE FROM sbtest%u WHERE id=%u
for inserts
table 1 : explain INSERT INTO sbtest1 (id, k, c, pad) VALUES (7873960, 13, 'foobar', 'foobar')
	Insert on sbtest1  (cost=0.00..0.01 rows=0 width=0)
	  ->  Result  (cost=0.00..0.01 rows=1 width=736)

table 2 : explain INSERT INTO sbtest2 (id, k, c, pad) VALUES (5410078, 13, 'foobar', 'foobar')
	Insert on sbtest2  (cost=0.00..0.01 rows=0 width=0)
	  ->  Result  (cost=0.00..0.01 rows=1 width=736)

table 3 : explain INSERT INTO sbtest3 (id, k, c, pad) VALUES (6103268, 13, 'foobar', 'foobar')
	Insert on sbtest3  (cost=0.00..0.01 rows=0 width=0)
	  ->  Result  (cost=0.00..0.01 rows=1 width=736)

table 4 : explain INSERT INTO sbtest4 (id, k, c, pad) VALUES (2797902, 13, 'foobar', 'foobar')
	Insert on sbtest4  (cost=0.00..0.01 rows=0 width=0)
	  ->  Result  (cost=0.00..0.01 rows=1 width=736)

table 5 : explain INSERT INTO sbtest5 (id, k, c, pad) VALUES (745244, 13, 'foobar', 'foobar')
	Insert on sbtest5  (cost=0.00..0.01 rows=0 width=0)
	  ->  Result  (cost=0.00..0.01 rows=1 width=736)

table 6 : explain INSERT INTO sbtest6 (id, k, c, pad) VALUES (9295729, 13, 'foobar', 'foobar')
	Insert on sbtest6  (cost=0.00..0.01 rows=0 width=0)
	  ->  Result  (cost=0.00..0.01 rows=1 width=736)

table 7 : explain INSERT INTO sbtest7 (id, k, c, pad) VALUES (3406202, 13, 'foobar', 'foobar')
	Insert on sbtest7  (cost=0.00..0.01 rows=0 width=0)
	  ->  Result  (cost=0.00..0.01 rows=1 width=736)

table 8 : explain INSERT INTO sbtest8 (id, k, c, pad) VALUES (6658584, 13, 'foobar', 'foobar')
	Insert on sbtest8  (cost=0.00..0.01 rows=0 width=0)
	  ->  Result  (cost=0.00..0.01 rows=1 width=736)

for: distinct_ranges
table 1 : explain SELECT DISTINCT c FROM sbtest1 WHERE id BETWEEN 2308667 AND 2308676 ORDER BY c
	Unique  (cost=36.07..36.12 rows=9 width=121)
	  ->  Sort  (cost=36.07..36.10 rows=9 width=121)
	        Sort Key: c
	        ->  Index Scan using sbtest1_pkey on sbtest1  (cost=0.43..35.93 rows=9 width=121)
	              Index Cond: ((id >= 2308667) AND (id <= 2308676))

table 2 : explain SELECT DISTINCT c FROM sbtest2 WHERE id BETWEEN 2872630 AND 2872639 ORDER BY c
	Unique  (cost=39.47..39.52 rows=10 width=121)
	  ->  Sort  (cost=39.47..39.49 rows=10 width=121)
	        Sort Key: c
	        ->  Index Scan using sbtest2_pkey on sbtest2  (cost=0.43..39.30 rows=10 width=121)
	              Index Cond: ((id >= 2872630) AND (id <= 2872639))

table 3 : explain SELECT DISTINCT c FROM sbtest3 WHERE id BETWEEN 5246918 AND 5246927 ORDER BY c
	Unique  (cost=39.22..39.27 rows=10 width=121)
	  ->  Sort  (cost=39.22..39.25 rows=10 width=121)
	        Sort Key: c
	        ->  Index Scan using sbtest3_pkey on sbtest3  (cost=0.43..39.05 rows=10 width=121)
	              Index Cond: ((id >= 5246918) AND (id <= 5246927))

table 4 : explain SELECT DISTINCT c FROM sbtest4 WHERE id BETWEEN 2575529 AND 2575538 ORDER BY c
	Unique  (cost=36.21..36.26 rows=9 width=121)
	  ->  Sort  (cost=36.21..36.23 rows=9 width=121)
	        Sort Key: c
	        ->  Index Scan using sbtest4_pkey on sbtest4  (cost=0.43..36.07 rows=9 width=121)
	              Index Cond: ((id >= 2575529) AND (id <= 2575538))

table 5 : explain SELECT DISTINCT c FROM sbtest5 WHERE id BETWEEN 6709932 AND 6709941 ORDER BY c
	Unique  (cost=39.49..39.54 rows=10 width=121)
	  ->  Sort  (cost=39.49..39.51 rows=10 width=121)
	        Sort Key: c
	        ->  Index Scan using sbtest5_pkey on sbtest5  (cost=0.43..39.32 rows=10 width=121)
	              Index Cond: ((id >= 6709932) AND (id <= 6709941))

table 6 : explain SELECT DISTINCT c FROM sbtest6 WHERE id BETWEEN 3019458 AND 3019467 ORDER BY c
	Unique  (cost=39.60..39.65 rows=10 width=121)
	  ->  Sort  (cost=39.60..39.62 rows=10 width=121)
	        Sort Key: c
	        ->  Index Scan using sbtest6_pkey on sbtest6  (cost=0.43..39.43 rows=10 width=121)
	              Index Cond: ((id >= 3019458) AND (id <= 3019467))

table 7 : explain SELECT DISTINCT c FROM sbtest7 WHERE id BETWEEN 7698581 AND 7698590 ORDER BY c
	Unique  (cost=39.70..39.75 rows=10 width=121)
	  ->  Sort  (cost=39.70..39.72 rows=10 width=121)
	        Sort Key: c
	        ->  Index Scan using sbtest7_pkey on sbtest7  (cost=0.43..39.53 rows=10 width=121)
	              Index Cond: ((id >= 7698581) AND (id <= 7698590))

table 8 : explain SELECT DISTINCT c FROM sbtest8 WHERE id BETWEEN 5066907 AND 5066916 ORDER BY c
	Unique  (cost=39.48..39.53 rows=10 width=121)
	  ->  Sort  (cost=39.48..39.50 rows=10 width=121)
	        Sort Key: c
	        ->  Index Scan using sbtest8_pkey on sbtest8  (cost=0.43..39.31 rows=10 width=121)
	              Index Cond: ((id >= 5066907) AND (id <= 5066916))

for non_index_updates
table 1 : explain UPDATE sbtest1 SET c='foobar' WHERE id=3584857
	Update on sbtest1  (cost=0.43..8.45 rows=0 width=0)
	  ->  Index Scan using sbtest1_pkey on sbtest1  (cost=0.43..8.45 rows=1 width=490)
	        Index Cond: (id = 3584857)

table 2 : explain UPDATE sbtest2 SET c='foobar' WHERE id=7779604
	Update on sbtest2  (cost=0.43..8.45 rows=0 width=0)
	  ->  Index Scan using sbtest2_pkey on sbtest2  (cost=0.43..8.45 rows=1 width=490)
	        Index Cond: (id = 7779604)

table 3 : explain UPDATE sbtest3 SET c='foobar' WHERE id=407414
	Update on sbtest3  (cost=0.43..8.45 rows=0 width=0)
	  ->  Index Scan using sbtest3_pkey on sbtest3  (cost=0.43..8.45 rows=1 width=490)
	        Index Cond: (id = 407414)

table 4 : explain UPDATE sbtest4 SET c='foobar' WHERE id=8563601
	Update on sbtest4  (cost=0.43..8.45 rows=0 width=0)
	  ->  Index Scan using sbtest4_pkey on sbtest4  (cost=0.43..8.45 rows=1 width=490)
	        Index Cond: (id = 8563601)

table 5 : explain UPDATE sbtest5 SET c='foobar' WHERE id=8837544
	Update on sbtest5  (cost=0.43..8.45 rows=0 width=0)
	  ->  Index Scan using sbtest5_pkey on sbtest5  (cost=0.43..8.45 rows=1 width=490)
	        Index Cond: (id = 8837544)

table 6 : explain UPDATE sbtest6 SET c='foobar' WHERE id=1449065
	Update on sbtest6  (cost=0.43..8.45 rows=0 width=0)
	  ->  Index Scan using sbtest6_pkey on sbtest6  (cost=0.43..8.45 rows=1 width=490)
	        Index Cond: (id = 1449065)

table 7 : explain UPDATE sbtest7 SET c='foobar' WHERE id=2098199
	Update on sbtest7  (cost=0.43..8.45 rows=0 width=0)
	  ->  Index Scan using sbtest7_pkey on sbtest7  (cost=0.43..8.45 rows=1 width=490)
	        Index Cond: (id = 2098199)

table 8 : explain UPDATE sbtest8 SET c='foobar' WHERE id=141519
	Update on sbtest8  (cost=0.43..8.45 rows=0 width=0)
	  ->  Index Scan using sbtest8_pkey on sbtest8  (cost=0.43..8.45 rows=1 width=490)
	        Index Cond: (id = 141519)

for non_index_updates
table 1 : explain UPDATE sbtest1 SET c='foobar' WHERE id=7159619
	Update on sbtest1  (cost=0.43..8.45 rows=0 width=0)
	  ->  Index Scan using sbtest1_pkey on sbtest1  (cost=0.43..8.45 rows=1 width=490)
	        Index Cond: (id = 7159619)

table 2 : explain UPDATE sbtest2 SET c='foobar' WHERE id=7356736
	Update on sbtest2  (cost=0.43..8.45 rows=0 width=0)
	  ->  Index Scan using sbtest2_pkey on sbtest2  (cost=0.43..8.45 rows=1 width=490)
	        Index Cond: (id = 7356736)

table 3 : explain UPDATE sbtest3 SET c='foobar' WHERE id=8725262
	Update on sbtest3  (cost=0.43..8.45 rows=0 width=0)
	  ->  Index Scan using sbtest3_pkey on sbtest3  (cost=0.43..8.45 rows=1 width=490)
	        Index Cond: (id = 8725262)

table 4 : explain UPDATE sbtest4 SET c='foobar' WHERE id=8168503
	Update on sbtest4  (cost=0.43..8.45 rows=0 width=0)
	  ->  Index Scan using sbtest4_pkey on sbtest4  (cost=0.43..8.45 rows=1 width=490)
	        Index Cond: (id = 8168503)

table 5 : explain UPDATE sbtest5 SET c='foobar' WHERE id=9592654
	Update on sbtest5  (cost=0.43..8.45 rows=0 width=0)
	  ->  Index Scan using sbtest5_pkey on sbtest5  (cost=0.43..8.45 rows=1 width=490)
	        Index Cond: (id = 9592654)

table 6 : explain UPDATE sbtest6 SET c='foobar' WHERE id=803664
	Update on sbtest6  (cost=0.43..8.45 rows=0 width=0)
	  ->  Index Scan using sbtest6_pkey on sbtest6  (cost=0.43..8.45 rows=1 width=490)
	        Index Cond: (id = 803664)

table 7 : explain UPDATE sbtest7 SET c='foobar' WHERE id=1880545
	Update on sbtest7  (cost=0.43..8.45 rows=0 width=0)
	  ->  Index Scan using sbtest7_pkey on sbtest7  (cost=0.43..8.45 rows=1 width=490)
	        Index Cond: (id = 1880545)

table 8 : explain UPDATE sbtest8 SET c='foobar' WHERE id=3955020
	Update on sbtest8  (cost=0.43..8.45 rows=0 width=0)
	  ->  Index Scan using sbtest8_pkey on sbtest8  (cost=0.43..8.45 rows=1 width=490)
	        Index Cond: (id = 3955020)

explain: for inserts :: explain INSERT INTO sbtest%u (id, k, c, pad) VALUES (%u, 13, 'foobar', 'foobar')
explain: for deletes :: explain DELETE FROM sbtest%u WHERE id=%u
for deletes
table 1 : explain DELETE FROM sbtest1 WHERE id=4173487
	Delete on sbtest1  (cost=0.43..8.45 rows=0 width=0)
	  ->  Index Scan using sbtest1_pkey on sbtest1  (cost=0.43..8.45 rows=1 width=6)
	        Index Cond: (id = 4173487)

table 2 : explain DELETE FROM sbtest2 WHERE id=2381986
	Delete on sbtest2  (cost=0.43..8.45 rows=0 width=0)
	  ->  Index Scan using sbtest2_pkey on sbtest2  (cost=0.43..8.45 rows=1 width=6)
	        Index Cond: (id = 2381986)

table 3 : explain DELETE FROM sbtest3 WHERE id=6580078
	Delete on sbtest3  (cost=0.43..8.45 rows=0 width=0)
	  ->  Index Scan using sbtest3_pkey on sbtest3  (cost=0.43..8.45 rows=1 width=6)
	        Index Cond: (id = 6580078)

table 4 : explain DELETE FROM sbtest4 WHERE id=3440140
	Delete on sbtest4  (cost=0.43..8.45 rows=0 width=0)
	  ->  Index Scan using sbtest4_pkey on sbtest4  (cost=0.43..8.45 rows=1 width=6)
	        Index Cond: (id = 3440140)

table 5 : explain DELETE FROM sbtest5 WHERE id=2072471
	Delete on sbtest5  (cost=0.43..8.45 rows=0 width=0)
	  ->  Index Scan using sbtest5_pkey on sbtest5  (cost=0.43..8.45 rows=1 width=6)
	        Index Cond: (id = 2072471)

table 6 : explain DELETE FROM sbtest6 WHERE id=5457731
	Delete on sbtest6  (cost=0.43..8.45 rows=0 width=0)
	  ->  Index Scan using sbtest6_pkey on sbtest6  (cost=0.43..8.45 rows=1 width=6)
	        Index Cond: (id = 5457731)

table 7 : explain DELETE FROM sbtest7 WHERE id=1549826
	Delete on sbtest7  (cost=0.43..8.45 rows=0 width=0)
	  ->  Index Scan using sbtest7_pkey on sbtest7  (cost=0.43..8.45 rows=1 width=6)
	        Index Cond: (id = 1549826)

table 8 : explain DELETE FROM sbtest8 WHERE id=6930665
	Delete on sbtest8  (cost=0.43..8.45 rows=0 width=0)
	  ->  Index Scan using sbtest8_pkey on sbtest8  (cost=0.43..8.45 rows=1 width=6)
	        Index Cond: (id = 6930665)

explain: for index_updates :: explain UPDATE sbtest%u SET k=k+1 WHERE id=%u
explain: for point_selects :: explain SELECT c FROM sbtest%u WHERE id=%u
for deletes
table 1 : explain DELETE FROM sbtest1 WHERE id=7281704
	Delete on sbtest1  (cost=0.43..8.45 rows=0 width=0)
	  ->  Index Scan using sbtest1_pkey on sbtest1  (cost=0.43..8.45 rows=1 width=6)
	        Index Cond: (id = 7281704)

table 2 : explain DELETE FROM sbtest2 WHERE id=4135515
	Delete on sbtest2  (cost=0.43..8.45 rows=0 width=0)
	  ->  Index Scan using sbtest2_pkey on sbtest2  (cost=0.43..8.45 rows=1 width=6)
	        Index Cond: (id = 4135515)

table 3 : explain DELETE FROM sbtest3 WHERE id=6776705
	Delete on sbtest3  (cost=0.43..8.45 rows=0 width=0)
	  ->  Index Scan using sbtest3_pkey on sbtest3  (cost=0.43..8.45 rows=1 width=6)
	        Index Cond: (id = 6776705)

table 4 : explain DELETE FROM sbtest4 WHERE id=1992998
	Delete on sbtest4  (cost=0.43..8.45 rows=0 width=0)
	  ->  Index Scan using sbtest4_pkey on sbtest4  (cost=0.43..8.45 rows=1 width=6)
	        Index Cond: (id = 1992998)

table 5 : explain DELETE FROM sbtest5 WHERE id=6248637
	Delete on sbtest5  (cost=0.43..8.45 rows=0 width=0)
	  ->  Index Scan using sbtest5_pkey on sbtest5  (cost=0.43..8.45 rows=1 width=6)
	        Index Cond: (id = 6248637)

table 6 : explain DELETE FROM sbtest6 WHERE id=7428263
	Delete on sbtest6  (cost=0.43..8.45 rows=0 width=0)
	  ->  Index Scan using sbtest6_pkey on sbtest6  (cost=0.43..8.45 rows=1 width=6)
	        Index Cond: (id = 7428263)

table 7 : explain DELETE FROM sbtest7 WHERE id=160568
	Delete on sbtest7  (cost=0.43..8.45 rows=0 width=0)
	  ->  Index Scan using sbtest7_pkey on sbtest7  (cost=0.43..8.45 rows=1 width=6)
	        Index Cond: (id = 160568)

table 8 : explain DELETE FROM sbtest8 WHERE id=3009128
	Delete on sbtest8  (cost=0.43..8.45 rows=0 width=0)
	  ->  Index Scan using sbtest8_pkey on sbtest8  (cost=0.43..8.45 rows=1 width=6)
	        Index Cond: (id = 3009128)

for: distinct_ranges
table 1 : explain SELECT DISTINCT c FROM sbtest1 WHERE id BETWEEN 9581751 AND 9581760 ORDER BY c
	Unique  (cost=39.53..39.58 rows=10 width=121)
	  ->  Sort  (cost=39.53..39.56 rows=10 width=121)
	        Sort Key: c
	        ->  Index Scan using sbtest1_pkey on sbtest1  (cost=0.43..39.37 rows=10 width=121)
	              Index Cond: ((id >= 9581751) AND (id <= 9581760))

table 2 : explain SELECT DISTINCT c FROM sbtest2 WHERE id BETWEEN 8257853 AND 8257862 ORDER BY c
	Unique  (cost=36.02..36.06 rows=9 width=121)
	  ->  Sort  (cost=36.02..36.04 rows=9 width=121)
	        Sort Key: c
	        ->  Index Scan using sbtest2_pkey on sbtest2  (cost=0.43..35.87 rows=9 width=121)
	              Index Cond: ((id >= 8257853) AND (id <= 8257862))

table 3 : explain SELECT DISTINCT c FROM sbtest3 WHERE id BETWEEN 8951754 AND 8951763 ORDER BY c
	Unique  (cost=42.65..42.70 rows=11 width=121)
	  ->  Sort  (cost=42.65..42.67 rows=11 width=121)
	        Sort Key: c
	        ->  Index Scan using sbtest3_pkey on sbtest3  (cost=0.43..42.45 rows=11 width=121)
	              Index Cond: ((id >= 8951754) AND (id <= 8951763))

table 4 : explain SELECT DISTINCT c FROM sbtest4 WHERE id BETWEEN 981578 AND 981587 ORDER BY c
	Unique  (cost=39.69..39.74 rows=10 width=121)
	  ->  Sort  (cost=39.69..39.71 rows=10 width=121)
	        Sort Key: c
	        ->  Index Scan using sbtest4_pkey on sbtest4  (cost=0.43..39.52 rows=10 width=121)
	              Index Cond: ((id >= 981578) AND (id <= 981587))

table 5 : explain SELECT DISTINCT c FROM sbtest5 WHERE id BETWEEN 7951927 AND 7951936 ORDER BY c
	Unique  (cost=39.49..39.54 rows=10 width=121)
	  ->  Sort  (cost=39.49..39.51 rows=10 width=121)
	        Sort Key: c
	        ->  Index Scan using sbtest5_pkey on sbtest5  (cost=0.43..39.32 rows=10 width=121)
	              Index Cond: ((id >= 7951927) AND (id <= 7951936))

table 6 : explain SELECT DISTINCT c FROM sbtest6 WHERE id BETWEEN 4969826 AND 4969835 ORDER BY c
	Unique  (cost=39.60..39.65 rows=10 width=121)
	  ->  Sort  (cost=39.60..39.62 rows=10 width=121)
	        Sort Key: c
	        ->  Index Scan using sbtest6_pkey on sbtest6  (cost=0.43..39.43 rows=10 width=121)
	              Index Cond: ((id >= 4969826) AND (id <= 4969835))

table 7 : explain SELECT DISTINCT c FROM sbtest7 WHERE id BETWEEN 2805613 AND 2805622 ORDER BY c
	Unique  (cost=39.70..39.75 rows=10 width=121)
	  ->  Sort  (cost=39.70..39.72 rows=10 width=121)
	        Sort Key: c
	        ->  Index Scan using sbtest7_pkey on sbtest7  (cost=0.43..39.53 rows=10 width=121)
	              Index Cond: ((id >= 2805613) AND (id <= 2805622))

table 8 : explain SELECT DISTINCT c FROM sbtest8 WHERE id BETWEEN 1722197 AND 1722206 ORDER BY c
	Unique  (cost=39.48..39.53 rows=10 width=121)
	  ->  Sort  (cost=39.48..39.50 rows=10 width=121)
	        Sort Key: c
	        ->  Index Scan using sbtest8_pkey on sbtest8  (cost=0.43..39.31 rows=10 width=121)
	              Index Cond: ((id >= 1722197) AND (id <= 1722206))

for inserts
table 1 : explain INSERT INTO sbtest1 (id, k, c, pad) VALUES (3021635, 13, 'foobar', 'foobar')
	Insert on sbtest1  (cost=0.00..0.01 rows=0 width=0)
	  ->  Result  (cost=0.00..0.01 rows=1 width=736)

table 2 : explain INSERT INTO sbtest2 (id, k, c, pad) VALUES (333113, 13, 'foobar', 'foobar')
	Insert on sbtest2  (cost=0.00..0.01 rows=0 width=0)
	  ->  Result  (cost=0.00..0.01 rows=1 width=736)

table 3 : explain INSERT INTO sbtest3 (id, k, c, pad) VALUES (7030211, 13, 'foobar', 'foobar')
	Insert on sbtest3  (cost=0.00..0.01 rows=0 width=0)
	  ->  Result  (cost=0.00..0.01 rows=1 width=736)

table 4 : explain INSERT INTO sbtest4 (id, k, c, pad) VALUES (5622006, 13, 'foobar', 'foobar')
	Insert on sbtest4  (cost=0.00..0.01 rows=0 width=0)
	  ->  Result  (cost=0.00..0.01 rows=1 width=736)

table 5 : explain INSERT INTO sbtest5 (id, k, c, pad) VALUES (7737216, 13, 'foobar', 'foobar')
	Insert on sbtest5  (cost=0.00..0.01 rows=0 width=0)
	  ->  Result  (cost=0.00..0.01 rows=1 width=736)

table 6 : explain INSERT INTO sbtest6 (id, k, c, pad) VALUES (7893816, 13, 'foobar', 'foobar')
	Insert on sbtest6  (cost=0.00..0.01 rows=0 width=0)
	  ->  Result  (cost=0.00..0.01 rows=1 width=736)

table 7 : explain INSERT INTO sbtest7 (id, k, c, pad) VALUES (6976991, 13, 'foobar', 'foobar')
	Insert on sbtest7  (cost=0.00..0.01 rows=0 width=0)
	  ->  Result  (cost=0.00..0.01 rows=1 width=736)

table 8 : explain INSERT INTO sbtest8 (id, k, c, pad) VALUES (9119828, 13, 'foobar', 'foobar')
	Insert on sbtest8  (cost=0.00..0.01 rows=0 width=0)
	  ->  Result  (cost=0.00..0.01 rows=1 width=736)

explain: for deletes :: explain DELETE FROM sbtest%u WHERE id=%u
for deletes
table 1 : explain DELETE FROM sbtest1 WHERE id=2542167
	Delete on sbtest1  (cost=0.43..8.45 rows=0 width=0)
	  ->  Index Scan using sbtest1_pkey on sbtest1  (cost=0.43..8.45 rows=1 width=6)
	        Index Cond: (id = 2542167)

table 2 : explain DELETE FROM sbtest2 WHERE id=5772806
	Delete on sbtest2  (cost=0.43..8.45 rows=0 width=0)
	  ->  Index Scan using sbtest2_pkey on sbtest2  (cost=0.43..8.45 rows=1 width=6)
	        Index Cond: (id = 5772806)

table 3 : explain DELETE FROM sbtest3 WHERE id=8699873
	Delete on sbtest3  (cost=0.43..8.45 rows=0 width=0)
	  ->  Index Scan using sbtest3_pkey on sbtest3  (cost=0.43..8.45 rows=1 width=6)
	        Index Cond: (id = 8699873)

table 4 : explain DELETE FROM sbtest4 WHERE id=4681097
	Delete on sbtest4  (cost=0.43..8.45 rows=0 width=0)
	  ->  Index Scan using sbtest4_pkey on sbtest4  (cost=0.43..8.45 rows=1 width=6)
	        Index Cond: (id = 4681097)

table 5 : explain DELETE FROM sbtest5 WHERE id=817844
	Delete on sbtest5  (cost=0.43..8.45 rows=0 width=0)
	  ->  Index Scan using sbtest5_pkey on sbtest5  (cost=0.43..8.45 rows=1 width=6)
	        Index Cond: (id = 817844)

table 6 : explain DELETE FROM sbtest6 WHERE id=4957229
	Delete on sbtest6  (cost=0.43..8.45 rows=0 width=0)
	  ->  Index Scan using sbtest6_pkey on sbtest6  (cost=0.43..8.45 rows=1 width=6)
	        Index Cond: (id = 4957229)

table 7 : explain DELETE FROM sbtest7 WHERE id=6466000
	Delete on sbtest7  (cost=0.43..8.45 rows=0 width=0)
	  ->  Index Scan using sbtest7_pkey on sbtest7  (cost=0.43..8.45 rows=1 width=6)
	        Index Cond: (id = 6466000)

table 8 : explain DELETE FROM sbtest8 WHERE id=1697385
	Delete on sbtest8  (cost=0.43..8.45 rows=0 width=0)
	  ->  Index Scan using sbtest8_pkey on sbtest8  (cost=0.43..8.45 rows=1 width=6)
	        Index Cond: (id = 1697385)

for: distinct_ranges
table 1 : explain SELECT DISTINCT c FROM sbtest1 WHERE id BETWEEN 725083 AND 725092 ORDER BY c
	Unique  (cost=42.99..43.05 rows=11 width=121)
	  ->  Sort  (cost=42.99..43.02 rows=11 width=121)
	        Sort Key: c
	        ->  Index Scan using sbtest1_pkey on sbtest1  (cost=0.43..42.80 rows=11 width=121)
	              Index Cond: ((id >= 725083) AND (id <= 725092))

table 2 : explain SELECT DISTINCT c FROM sbtest2 WHERE id BETWEEN 8158453 AND 8158462 ORDER BY c
	Unique  (cost=39.47..39.52 rows=10 width=121)
	  ->  Sort  (cost=39.47..39.49 rows=10 width=121)
	        Sort Key: c
	        ->  Index Scan using sbtest2_pkey on sbtest2  (cost=0.43..39.30 rows=10 width=121)
	              Index Cond: ((id >= 8158453) AND (id <= 8158462))

table 3 : explain SELECT DISTINCT c FROM sbtest3 WHERE id BETWEEN 1190524 AND 1190533 ORDER BY c
	Unique  (cost=35.80..35.84 rows=9 width=121)
	  ->  Sort  (cost=35.80..35.82 rows=9 width=121)
	        Sort Key: c
	        ->  Index Scan using sbtest3_pkey on sbtest3  (cost=0.43..35.65 rows=9 width=121)
	              Index Cond: ((id >= 1190524) AND (id <= 1190533))

table 4 : explain SELECT DISTINCT c FROM sbtest4 WHERE id BETWEEN 3865015 AND 3865024 ORDER BY c
	Unique  (cost=39.69..39.74 rows=10 width=121)
	  ->  Sort  (cost=39.69..39.71 rows=10 width=121)
	        Sort Key: c
	        ->  Index Scan using sbtest4_pkey on sbtest4  (cost=0.43..39.52 rows=10 width=121)
	              Index Cond: ((id >= 3865015) AND (id <= 3865024))

table 5 : explain SELECT DISTINCT c FROM sbtest5 WHERE id BETWEEN 7266233 AND 7266242 ORDER BY c
	Unique  (cost=36.03..36.08 rows=9 width=121)
	  ->  Sort  (cost=36.03..36.06 rows=9 width=121)
	        Sort Key: c
	        ->  Index Scan using sbtest5_pkey on sbtest5  (cost=0.43..35.89 rows=9 width=121)
	              Index Cond: ((id >= 7266233) AND (id <= 7266242))

table 6 : explain SELECT DISTINCT c FROM sbtest6 WHERE id BETWEEN 3499348 AND 3499357 ORDER BY c
	Unique  (cost=43.07..43.12 rows=11 width=121)
	  ->  Sort  (cost=43.07..43.09 rows=11 width=121)
	        Sort Key: c
	        ->  Index Scan using sbtest6_pkey on sbtest6  (cost=0.43..42.88 rows=11 width=121)
	              Index Cond: ((id >= 3499348) AND (id <= 3499357))

table 7 : explain SELECT DISTINCT c FROM sbtest7 WHERE id BETWEEN 8585977 AND 8585986 ORDER BY c
	Unique  (cost=39.70..39.75 rows=10 width=121)
	  ->  Sort  (cost=39.70..39.72 rows=10 width=121)
	        Sort Key: c
	        ->  Index Scan using sbtest7_pkey on sbtest7  (cost=0.43..39.53 rows=10 width=121)
	              Index Cond: ((id >= 8585977) AND (id <= 8585986))

table 8 : explain SELECT DISTINCT c FROM sbtest8 WHERE id BETWEEN 5845020 AND 5845029 ORDER BY c
	Unique  (cost=39.48..39.53 rows=10 width=121)
	  ->  Sort  (cost=39.48..39.50 rows=10 width=121)
	        Sort Key: c
	        ->  Index Scan using sbtest8_pkey on sbtest8  (cost=0.43..39.31 rows=10 width=121)
	              Index Cond: ((id >= 5845020) AND (id <= 5845029))

for index_updates
table 1 : explain UPDATE sbtest1 SET k=k+1 WHERE id=1944746
	Update on sbtest1  (cost=0.43..8.46 rows=0 width=0)
	  ->  Index Scan using sbtest1_pkey on sbtest1  (cost=0.43..8.46 rows=1 width=10)
	        Index Cond: (id = 1944746)

table 2 : explain UPDATE sbtest2 SET k=k+1 WHERE id=8981358
	Update on sbtest2  (cost=0.43..8.46 rows=0 width=0)
	  ->  Index Scan using sbtest2_pkey on sbtest2  (cost=0.43..8.46 rows=1 width=10)
	        Index Cond: (id = 8981358)

table 3 : explain UPDATE sbtest3 SET k=k+1 WHERE id=1444653
	Update on sbtest3  (cost=0.43..8.46 rows=0 width=0)
	  ->  Index Scan using sbtest3_pkey on sbtest3  (cost=0.43..8.46 rows=1 width=10)
	        Index Cond: (id = 1444653)

table 4 : explain UPDATE sbtest4 SET k=k+1 WHERE id=6538407
	Update on sbtest4  (cost=0.43..8.46 rows=0 width=0)
	  ->  Index Scan using sbtest4_pkey on sbtest4  (cost=0.43..8.46 rows=1 width=10)
	        Index Cond: (id = 6538407)

table 5 : explain UPDATE sbtest5 SET k=k+1 WHERE id=7270386
	Update on sbtest5  (cost=0.43..8.46 rows=0 width=0)
	  ->  Index Scan using sbtest5_pkey on sbtest5  (cost=0.43..8.46 rows=1 width=10)
	        Index Cond: (id = 7270386)

table 6 : explain UPDATE sbtest6 SET k=k+1 WHERE id=312307
	Update on sbtest6  (cost=0.43..8.46 rows=0 width=0)
	  ->  Index Scan using sbtest6_pkey on sbtest6  (cost=0.43..8.46 rows=1 width=10)
	        Index Cond: (id = 312307)

table 7 : explain UPDATE sbtest7 SET k=k+1 WHERE id=983549
	Update on sbtest7  (cost=0.43..8.46 rows=0 width=0)
	  ->  Index Scan using sbtest7_pkey on sbtest7  (cost=0.43..8.46 rows=1 width=10)
	        Index Cond: (id = 983549)

table 8 : explain UPDATE sbtest8 SET k=k+1 WHERE id=7243706
	Update on sbtest8  (cost=0.43..8.46 rows=0 width=0)
	  ->  Index Scan using sbtest8_pkey on sbtest8  (cost=0.43..8.46 rows=1 width=10)
	        Index Cond: (id = 7243706)

explain: for index_updates :: explain UPDATE sbtest%u SET k=k+1 WHERE id=%u
for deletes
table 1 : explain DELETE FROM sbtest1 WHERE id=3748807
	Delete on sbtest1  (cost=0.43..8.45 rows=0 width=0)
	  ->  Index Scan using sbtest1_pkey on sbtest1  (cost=0.43..8.45 rows=1 width=6)
	        Index Cond: (id = 3748807)

table 2 : explain DELETE FROM sbtest2 WHERE id=1012051
	Delete on sbtest2  (cost=0.43..8.45 rows=0 width=0)
	  ->  Index Scan using sbtest2_pkey on sbtest2  (cost=0.43..8.45 rows=1 width=6)
	        Index Cond: (id = 1012051)

table 3 : explain DELETE FROM sbtest3 WHERE id=3768771
	Delete on sbtest3  (cost=0.43..8.45 rows=0 width=0)
	  ->  Index Scan using sbtest3_pkey on sbtest3  (cost=0.43..8.45 rows=1 width=6)
	        Index Cond: (id = 3768771)

table 4 : explain DELETE FROM sbtest4 WHERE id=8534992
	Delete on sbtest4  (cost=0.43..8.45 rows=0 width=0)
	  ->  Index Scan using sbtest4_pkey on sbtest4  (cost=0.43..8.45 rows=1 width=6)
	        Index Cond: (id = 8534992)

table 5 : explain DELETE FROM sbtest5 WHERE id=470828
	Delete on sbtest5  (cost=0.43..8.45 rows=0 width=0)
	  ->  Index Scan using sbtest5_pkey on sbtest5  (cost=0.43..8.45 rows=1 width=6)
	        Index Cond: (id = 470828)

table 6 : explain DELETE FROM sbtest6 WHERE id=8634458
	Delete on sbtest6  (cost=0.43..8.45 rows=0 width=0)
	  ->  Index Scan using sbtest6_pkey on sbtest6  (cost=0.43..8.45 rows=1 width=6)
	        Index Cond: (id = 8634458)

table 7 : explain DELETE FROM sbtest7 WHERE id=3323838
	Delete on sbtest7  (cost=0.43..8.45 rows=0 width=0)
	  ->  Index Scan using sbtest7_pkey on sbtest7  (cost=0.43..8.45 rows=1 width=6)
	        Index Cond: (id = 3323838)

table 8 : explain DELETE FROM sbtest8 WHERE id=552601
	Delete on sbtest8  (cost=0.43..8.45 rows=0 width=0)
	  ->  Index Scan using sbtest8_pkey on sbtest8  (cost=0.43..8.45 rows=1 width=6)
	        Index Cond: (id = 552601)

explain: for index_updates :: explain UPDATE sbtest%u SET k=k+1 WHERE id=%u
explain: for inserts :: explain INSERT INTO sbtest%u (id, k, c, pad) VALUES (%u, 13, 'foobar', 'foobar')
for deletes
table 1 : explain DELETE FROM sbtest1 WHERE id=4856576
	Delete on sbtest1  (cost=0.43..8.45 rows=0 width=0)
	  ->  Index Scan using sbtest1_pkey on sbtest1  (cost=0.43..8.45 rows=1 width=6)
	        Index Cond: (id = 4856576)

table 2 : explain DELETE FROM sbtest2 WHERE id=7324247
	Delete on sbtest2  (cost=0.43..8.45 rows=0 width=0)
	  ->  Index Scan using sbtest2_pkey on sbtest2  (cost=0.43..8.45 rows=1 width=6)
	        Index Cond: (id = 7324247)

table 3 : explain DELETE FROM sbtest3 WHERE id=4239297
	Delete on sbtest3  (cost=0.43..8.45 rows=0 width=0)
	  ->  Index Scan using sbtest3_pkey on sbtest3  (cost=0.43..8.45 rows=1 width=6)
	        Index Cond: (id = 4239297)

table 4 : explain DELETE FROM sbtest4 WHERE id=3213509
	Delete on sbtest4  (cost=0.43..8.45 rows=0 width=0)
	  ->  Index Scan using sbtest4_pkey on sbtest4  (cost=0.43..8.45 rows=1 width=6)
	        Index Cond: (id = 3213509)

table 5 : explain DELETE FROM sbtest5 WHERE id=132436
	Delete on sbtest5  (cost=0.43..8.45 rows=0 width=0)
	  ->  Index Scan using sbtest5_pkey on sbtest5  (cost=0.43..8.45 rows=1 width=6)
	        Index Cond: (id = 132436)

table 6 : explain DELETE FROM sbtest6 WHERE id=9392050
	Delete on sbtest6  (cost=0.43..8.45 rows=0 width=0)
	  ->  Index Scan using sbtest6_pkey on sbtest6  (cost=0.43..8.45 rows=1 width=6)
	        Index Cond: (id = 9392050)

table 7 : explain DELETE FROM sbtest7 WHERE id=4261037
	Delete on sbtest7  (cost=0.43..8.45 rows=0 width=0)
	  ->  Index Scan using sbtest7_pkey on sbtest7  (cost=0.43..8.45 rows=1 width=6)
	        Index Cond: (id = 4261037)

table 8 : explain DELETE FROM sbtest8 WHERE id=845369
	Delete on sbtest8  (cost=0.43..8.45 rows=0 width=0)
	  ->  Index Scan using sbtest8_pkey on sbtest8  (cost=0.43..8.45 rows=1 width=6)
	        Index Cond: (id = 845369)

for: simple_ranges
table 1 : explain SELECT c FROM sbtest1 WHERE id BETWEEN 3015240 AND 3015249
	Index Scan using sbtest1_pkey on sbtest1  (cost=0.43..39.37 rows=10 width=121)
	  Index Cond: ((id >= 3015240) AND (id <= 3015249))

table 2 : explain SELECT c FROM sbtest2 WHERE id BETWEEN 4410154 AND 4410163
	Index Scan using sbtest2_pkey on sbtest2  (cost=0.43..35.87 rows=9 width=121)
	  Index Cond: ((id >= 4410154) AND (id <= 4410163))

table 3 : explain SELECT c FROM sbtest3 WHERE id BETWEEN 9355862 AND 9355871
	Index Scan using sbtest3_pkey on sbtest3  (cost=0.43..42.45 rows=11 width=121)
	  Index Cond: ((id >= 9355862) AND (id <= 9355871))

table 4 : explain SELECT c FROM sbtest4 WHERE id BETWEEN 5207546 AND 5207555
	Index Scan using sbtest4_pkey on sbtest4  (cost=0.43..39.52 rows=10 width=121)
	  Index Cond: ((id >= 5207546) AND (id <= 5207555))

table 5 : explain SELECT c FROM sbtest5 WHERE id BETWEEN 3905240 AND 3905249
	Index Scan using sbtest5_pkey on sbtest5  (cost=0.43..39.32 rows=10 width=121)
	  Index Cond: ((id >= 3905240) AND (id <= 3905249))

table 6 : explain SELECT c FROM sbtest6 WHERE id BETWEEN 4092014 AND 4092023
	Index Scan using sbtest6_pkey on sbtest6  (cost=0.43..39.43 rows=10 width=121)
	  Index Cond: ((id >= 4092014) AND (id <= 4092023))

table 7 : explain SELECT c FROM sbtest7 WHERE id BETWEEN 8253209 AND 8253218
	Index Scan using sbtest7_pkey on sbtest7  (cost=0.43..39.53 rows=10 width=121)
	  Index Cond: ((id >= 8253209) AND (id <= 8253218))

table 8 : explain SELECT c FROM sbtest8 WHERE id BETWEEN 2504135 AND 2504144
	Index Scan using sbtest8_pkey on sbtest8  (cost=0.43..39.31 rows=10 width=121)
	  Index Cond: ((id >= 2504135) AND (id <= 2504144))

explain: for non_index_updates :: explain UPDATE sbtest%u SET c='foobar' WHERE id=%u
for: simple_ranges
table 1 : explain SELECT c FROM sbtest1 WHERE id BETWEEN 8312684 AND 8312693
	Index Scan using sbtest1_pkey on sbtest1  (cost=0.43..39.37 rows=10 width=121)
	  Index Cond: ((id >= 8312684) AND (id <= 8312693))

table 2 : explain SELECT c FROM sbtest2 WHERE id BETWEEN 3672970 AND 3672979
	Index Scan using sbtest2_pkey on sbtest2  (cost=0.43..39.30 rows=10 width=121)
	  Index Cond: ((id >= 3672970) AND (id <= 3672979))

table 3 : explain SELECT c FROM sbtest3 WHERE id BETWEEN 4518613 AND 4518622
	Index Scan using sbtest3_pkey on sbtest3  (cost=0.43..39.05 rows=10 width=121)
	  Index Cond: ((id >= 4518613) AND (id <= 4518622))

table 4 : explain SELECT c FROM sbtest4 WHERE id BETWEEN 7089562 AND 7089571
	Index Scan using sbtest4_pkey on sbtest4  (cost=0.43..42.97 rows=11 width=121)
	  Index Cond: ((id >= 7089562) AND (id <= 7089571))

table 5 : explain SELECT c FROM sbtest5 WHERE id BETWEEN 5735508 AND 5735517
	Index Scan using sbtest5_pkey on sbtest5  (cost=0.43..42.75 rows=11 width=121)
	  Index Cond: ((id >= 5735508) AND (id <= 5735517))

table 6 : explain SELECT c FROM sbtest6 WHERE id BETWEEN 8594320 AND 8594329
	Index Scan using sbtest6_pkey on sbtest6  (cost=0.43..39.43 rows=10 width=121)
	  Index Cond: ((id >= 8594320) AND (id <= 8594329))

table 7 : explain SELECT c FROM sbtest7 WHERE id BETWEEN 3320834 AND 3320843
	Index Scan using sbtest7_pkey on sbtest7  (cost=0.43..42.98 rows=11 width=121)
	  Index Cond: ((id >= 3320834) AND (id <= 3320843))

table 8 : explain SELECT c FROM sbtest8 WHERE id BETWEEN 6459327 AND 6459336
	Index Scan using sbtest8_pkey on sbtest8  (cost=0.43..39.31 rows=10 width=121)
	  Index Cond: ((id >= 6459327) AND (id <= 6459336))
for: sum_ranges
table 1 : explain SELECT SUM(k) FROM sbtest1 WHERE id BETWEEN 7132262 AND 7132271
	Aggregate  (cost=39.39..39.40 rows=1 width=8)
	  ->  Index Scan using sbtest1_pkey on sbtest1  (cost=0.43..39.37 rows=10 width=4)
	        Index Cond: ((id >= 7132262) AND (id <= 7132271))

table 2 : explain SELECT SUM(k) FROM sbtest2 WHERE id BETWEEN 3359838 AND 3359847
	Aggregate  (cost=39.33..39.34 rows=1 width=8)
	  ->  Index Scan using sbtest2_pkey on sbtest2  (cost=0.43..39.30 rows=10 width=4)
	        Index Cond: ((id >= 3359838) AND (id <= 3359847))

table 3 : explain SELECT SUM(k) FROM sbtest3 WHERE id BETWEEN 6566463 AND 6566472
	Aggregate  (cost=39.08..39.09 rows=1 width=8)
	  ->  Index Scan using sbtest3_pkey on sbtest3  (cost=0.43..39.05 rows=10 width=4)
	        Index Cond: ((id >= 6566463) AND (id <= 6566472))

table 4 : explain SELECT SUM(k) FROM sbtest4 WHERE id BETWEEN 9158504 AND 9158513
	Aggregate  (cost=43.00..43.01 rows=1 width=8)
	  ->  Index Scan using sbtest4_pkey on sbtest4  (cost=0.43..42.97 rows=11 width=4)
	        Index Cond: ((id >= 9158504) AND (id <= 9158513))

table 5 : explain SELECT SUM(k) FROM sbtest5 WHERE id BETWEEN 2389693 AND 2389702
	Aggregate  (cost=42.78..42.79 rows=1 width=8)
	  ->  Index Scan using sbtest5_pkey on sbtest5  (cost=0.43..42.75 rows=11 width=4)
	        Index Cond: ((id >= 2389693) AND (id <= 2389702))

table 6 : explain SELECT SUM(k) FROM sbtest6 WHERE id BETWEEN 8932532 AND 8932541
	Aggregate  (cost=39.46..39.47 rows=1 width=8)
	  ->  Index Scan using sbtest6_pkey on sbtest6  (cost=0.43..39.43 rows=10 width=4)
	        Index Cond: ((id >= 8932532) AND (id <= 8932541))

table 7 : explain SELECT SUM(k) FROM sbtest7 WHERE id BETWEEN 5745004 AND 5745013
	Aggregate  (cost=39.55..39.56 rows=1 width=8)
	  ->  Index Scan using sbtest7_pkey on sbtest7  (cost=0.43..39.53 rows=10 width=4)
	        Index Cond: ((id >= 5745004) AND (id <= 5745013))

table 8 : explain SELECT SUM(k) FROM sbtest8 WHERE id BETWEEN 9273417 AND 9273426
	Aggregate  (cost=35.90..35.91 rows=1 width=8)
	  ->  Index Scan using sbtest8_pkey on sbtest8  (cost=0.43..35.88 rows=9 width=4)
	        Index Cond: ((id >= 9273417) AND (id <= 9273426))


explain: for inserts :: explain INSERT INTO sbtest%u (id, k, c, pad) VALUES (%u, 13, 'foobar', 'foobar')
for index_updates
table 1 : explain UPDATE sbtest1 SET k=k+1 WHERE id=6641849
	Update on sbtest1  (cost=0.43..8.46 rows=0 width=0)
	  ->  Index Scan using sbtest1_pkey on sbtest1  (cost=0.43..8.46 rows=1 width=10)
	        Index Cond: (id = 6641849)

table 2 : explain UPDATE sbtest2 SET k=k+1 WHERE id=7588919
	Update on sbtest2  (cost=0.43..8.46 rows=0 width=0)
	  ->  Index Scan using sbtest2_pkey on sbtest2  (cost=0.43..8.46 rows=1 width=10)
	        Index Cond: (id = 7588919)

table 3 : explain UPDATE sbtest3 SET k=k+1 WHERE id=9353993
	Update on sbtest3  (cost=0.43..8.46 rows=0 width=0)
	  ->  Index Scan using sbtest3_pkey on sbtest3  (cost=0.43..8.46 rows=1 width=10)
	        Index Cond: (id = 9353993)

table 4 : explain UPDATE sbtest4 SET k=k+1 WHERE id=4315194
	Update on sbtest4  (cost=0.43..8.46 rows=0 width=0)
	  ->  Index Scan using sbtest4_pkey on sbtest4  (cost=0.43..8.46 rows=1 width=10)
	        Index Cond: (id = 4315194)

table 5 : explain UPDATE sbtest5 SET k=k+1 WHERE id=7882566
	Update on sbtest5  (cost=0.43..8.46 rows=0 width=0)
	  ->  Index Scan using sbtest5_pkey on sbtest5  (cost=0.43..8.46 rows=1 width=10)
	        Index Cond: (id = 7882566)

table 6 : explain UPDATE sbtest6 SET k=k+1 WHERE id=935164
	Update on sbtest6  (cost=0.43..8.46 rows=0 width=0)
	  ->  Index Scan using sbtest6_pkey on sbtest6  (cost=0.43..8.46 rows=1 width=10)
	        Index Cond: (id = 935164)

table 7 : explain UPDATE sbtest7 SET k=k+1 WHERE id=39641
	Update on sbtest7  (cost=0.43..8.46 rows=0 width=0)
	  ->  Index Scan using sbtest7_pkey on sbtest7  (cost=0.43..8.46 rows=1 width=10)
	        Index Cond: (id = 39641)

table 8 : explain UPDATE sbtest8 SET k=k+1 WHERE id=974873
	Update on sbtest8  (cost=0.43..8.46 rows=0 width=0)
	  ->  Index Scan using sbtest8_pkey on sbtest8  (cost=0.43..8.46 rows=1 width=10)
	        Index Cond: (id = 974873)

for: simple_ranges
table 1 : explain SELECT c FROM sbtest1 WHERE id BETWEEN 4202725 AND 4202734
	Index Scan using sbtest1_pkey on sbtest1  (cost=0.43..35.93 rows=9 width=121)
	  Index Cond: ((id >= 4202725) AND (id <= 4202734))

table 2 : explain SELECT c FROM sbtest2 WHERE id BETWEEN 2709367 AND 2709376
	Index Scan using sbtest2_pkey on sbtest2  (cost=0.43..39.30 rows=10 width=121)
	  Index Cond: ((id >= 2709367) AND (id <= 2709376))

table 3 : explain SELECT c FROM sbtest3 WHERE id BETWEEN 7058394 AND 7058403
	Index Scan using sbtest3_pkey on sbtest3  (cost=0.43..39.05 rows=10 width=121)
	  Index Cond: ((id >= 7058394) AND (id <= 7058403))

table 4 : explain SELECT c FROM sbtest4 WHERE id BETWEEN 1755652 AND 1755661
	Index Scan using sbtest4_pkey on sbtest4  (cost=0.43..39.52 rows=10 width=121)
	  Index Cond: ((id >= 1755652) AND (id <= 1755661))

table 5 : explain SELECT c FROM sbtest5 WHERE id BETWEEN 5534014 AND 5534023
	Index Scan using sbtest5_pkey on sbtest5  (cost=0.43..39.32 rows=10 width=121)
	  Index Cond: ((id >= 5534014) AND (id <= 5534023))

table 6 : explain SELECT c FROM sbtest6 WHERE id BETWEEN 9614178 AND 9614187
	Index Scan using sbtest6_pkey on sbtest6  (cost=0.43..35.99 rows=9 width=121)
	  Index Cond: ((id >= 9614178) AND (id <= 9614187))

table 7 : explain SELECT c FROM sbtest7 WHERE id BETWEEN 1485094 AND 1485103
	Index Scan using sbtest7_pkey on sbtest7  (cost=0.43..39.53 rows=10 width=121)
	  Index Cond: ((id >= 1485094) AND (id <= 1485103))

table 8 : explain SELECT c FROM sbtest8 WHERE id BETWEEN 8638470 AND 8638479
	Index Scan using sbtest8_pkey on sbtest8  (cost=0.43..39.31 rows=10 width=121)
	  Index Cond: ((id >= 8638470) AND (id <= 8638479))

for index_updates
table 1 : explain UPDATE sbtest1 SET k=k+1 WHERE id=9409720
	Update on sbtest1  (cost=0.43..8.46 rows=0 width=0)
	  ->  Index Scan using sbtest1_pkey on sbtest1  (cost=0.43..8.46 rows=1 width=10)
	        Index Cond: (id = 9409720)

table 2 : explain UPDATE sbtest2 SET k=k+1 WHERE id=5720478
	Update on sbtest2  (cost=0.43..8.46 rows=0 width=0)
	  ->  Index Scan using sbtest2_pkey on sbtest2  (cost=0.43..8.46 rows=1 width=10)
	        Index Cond: (id = 5720478)

table 3 : explain UPDATE sbtest3 SET k=k+1 WHERE id=6834409
	Update on sbtest3  (cost=0.43..8.46 rows=0 width=0)
	  ->  Index Scan using sbtest3_pkey on sbtest3  (cost=0.43..8.46 rows=1 width=10)
	        Index Cond: (id = 6834409)

table 4 : explain UPDATE sbtest4 SET k=k+1 WHERE id=8579957
	Update on sbtest4  (cost=0.43..8.46 rows=0 width=0)
	  ->  Index Scan using sbtest4_pkey on sbtest4  (cost=0.43..8.46 rows=1 width=10)
	        Index Cond: (id = 8579957)

table 5 : explain UPDATE sbtest5 SET k=k+1 WHERE id=8007018
	Update on sbtest5  (cost=0.43..8.46 rows=0 width=0)
	  ->  Index Scan using sbtest5_pkey on sbtest5  (cost=0.43..8.46 rows=1 width=10)
	        Index Cond: (id = 8007018)

table 6 : explain UPDATE sbtest6 SET k=k+1 WHERE id=4048100
	Update on sbtest6  (cost=0.43..8.46 rows=0 width=0)
	  ->  Index Scan using sbtest6_pkey on sbtest6  (cost=0.43..8.46 rows=1 width=10)
	        Index Cond: (id = 4048100)

table 7 : explain UPDATE sbtest7 SET k=k+1 WHERE id=8922863
	Update on sbtest7  (cost=0.43..8.46 rows=0 width=0)
	  ->  Index Scan using sbtest7_pkey on sbtest7  (cost=0.43..8.46 rows=1 width=10)
	        Index Cond: (id = 8922863)

table 8 : explain UPDATE sbtest8 SET k=k+1 WHERE id=3290286
	Update on sbtest8  (cost=0.43..8.46 rows=0 width=0)
	  ->  Index Scan using sbtest8_pkey on sbtest8  (cost=0.43..8.46 rows=1 width=10)
	        Index Cond: (id = 3290286)

for point_selects
table 1 : explain SELECT c FROM sbtest1 WHERE id=8474475
	Index Scan using sbtest1_pkey on sbtest1  (cost=0.43..8.45 rows=1 width=121)
	  Index Cond: (id = 8474475)

table 2 : explain SELECT c FROM sbtest2 WHERE id=6561737
	Index Scan using sbtest2_pkey on sbtest2  (cost=0.43..8.45 rows=1 width=121)
	  Index Cond: (id = 6561737)

table 3 : explain SELECT c FROM sbtest3 WHERE id=6270050
	Index Scan using sbtest3_pkey on sbtest3  (cost=0.43..8.45 rows=1 width=121)
	  Index Cond: (id = 6270050)

table 4 : explain SELECT c FROM sbtest4 WHERE id=4803397
	Index Scan using sbtest4_pkey on sbtest4  (cost=0.43..8.45 rows=1 width=121)
	  Index Cond: (id = 4803397)

table 5 : explain SELECT c FROM sbtest5 WHERE id=2148251
	Index Scan using sbtest5_pkey on sbtest5  (cost=0.43..8.45 rows=1 width=121)
	  Index Cond: (id = 2148251)

table 6 : explain SELECT c FROM sbtest6 WHERE id=7574908
	Index Scan using sbtest6_pkey on sbtest6  (cost=0.43..8.45 rows=1 width=121)
	  Index Cond: (id = 7574908)

table 7 : explain SELECT c FROM sbtest7 WHERE id=4934547
	Index Scan using sbtest7_pkey on sbtest7  (cost=0.43..8.45 rows=1 width=121)
	  Index Cond: (id = 4934547)

table 8 : explain SELECT c FROM sbtest8 WHERE id=1390605
	Index Scan using sbtest8_pkey on sbtest8  (cost=0.43..8.45 rows=1 width=121)
	  Index Cond: (id = 1390605)

for: order_ranges
table 1 : explain SELECT c FROM sbtest1 WHERE id BETWEEN 9370905 AND 9370914 ORDER BY c
	Sort  (cost=39.53..39.56 rows=10 width=121)
	  Sort Key: c
	  ->  Index Scan using sbtest1_pkey on sbtest1  (cost=0.43..39.37 rows=10 width=121)
	        Index Cond: ((id >= 9370905) AND (id <= 9370914))

table 2 : explain SELECT c FROM sbtest2 WHERE id BETWEEN 5408039 AND 5408048 ORDER BY c
	Sort  (cost=39.47..39.49 rows=10 width=121)
	  Sort Key: c
	  ->  Index Scan using sbtest2_pkey on sbtest2  (cost=0.43..39.30 rows=10 width=121)
	        Index Cond: ((id >= 5408039) AND (id <= 5408048))

table 3 : explain SELECT c FROM sbtest3 WHERE id BETWEEN 9713733 AND 9713742 ORDER BY c
	Sort  (cost=39.22..39.25 rows=10 width=121)
	  Sort Key: c
	  ->  Index Scan using sbtest3_pkey on sbtest3  (cost=0.43..39.05 rows=10 width=121)
	        Index Cond: ((id >= 9713733) AND (id <= 9713742))

table 4 : explain SELECT c FROM sbtest4 WHERE id BETWEEN 6166738 AND 6166747 ORDER BY c
	Sort  (cost=39.69..39.71 rows=10 width=121)
	  Sort Key: c
	  ->  Index Scan using sbtest4_pkey on sbtest4  (cost=0.43..39.52 rows=10 width=121)
	        Index Cond: ((id >= 6166738) AND (id <= 6166747))

table 5 : explain SELECT c FROM sbtest5 WHERE id BETWEEN 1939686 AND 1939695 ORDER BY c
	Sort  (cost=42.94..42.97 rows=11 width=121)
	  Sort Key: c
	  ->  Index Scan using sbtest5_pkey on sbtest5  (cost=0.43..42.75 rows=11 width=121)
	        Index Cond: ((id >= 1939686) AND (id <= 1939695))

table 6 : explain SELECT c FROM sbtest6 WHERE id BETWEEN 8522596 AND 8522605 ORDER BY c
	Sort  (cost=39.60..39.62 rows=10 width=121)
	  Sort Key: c
	  ->  Index Scan using sbtest6_pkey on sbtest6  (cost=0.43..39.43 rows=10 width=121)
	        Index Cond: ((id >= 8522596) AND (id <= 8522605))

table 7 : explain SELECT c FROM sbtest7 WHERE id BETWEEN 7850897 AND 7850906 ORDER BY c
	Sort  (cost=39.70..39.72 rows=10 width=121)
	  Sort Key: c
	  ->  Index Scan using sbtest7_pkey on sbtest7  (cost=0.43..39.53 rows=10 width=121)
	        Index Cond: ((id >= 7850897) AND (id <= 7850906))

table 8 : explain SELECT c FROM sbtest8 WHERE id BETWEEN 9022053 AND 9022062 ORDER BY c
	Sort  (cost=36.02..36.05 rows=9 width=121)
	  Sort Key: c
	  ->  Index Scan using sbtest8_pkey on sbtest8  (cost=0.43..35.88 rows=9 width=121)
	        Index Cond: ((id >= 9022053) AND (id <= 9022062))

for inserts
table 1 : explain INSERT INTO sbtest1 (id, k, c, pad) VALUES (2423377, 13, 'foobar', 'foobar')
	Insert on sbtest1  (cost=0.00..0.01 rows=0 width=0)
	  ->  Result  (cost=0.00..0.01 rows=1 width=736)

table 2 : explain INSERT INTO sbtest2 (id, k, c, pad) VALUES (3750312, 13, 'foobar', 'foobar')
	Insert on sbtest2  (cost=0.00..0.01 rows=0 width=0)
	  ->  Result  (cost=0.00..0.01 rows=1 width=736)

table 3 : explain INSERT INTO sbtest3 (id, k, c, pad) VALUES (1926883, 13, 'foobar', 'foobar')
	Insert on sbtest3  (cost=0.00..0.01 rows=0 width=0)
	  ->  Result  (cost=0.00..0.01 rows=1 width=736)

table 4 : explain INSERT INTO sbtest4 (id, k, c, pad) VALUES (6874382, 13, 'foobar', 'foobar')
	Insert on sbtest4  (cost=0.00..0.01 rows=0 width=0)
	  ->  Result  (cost=0.00..0.01 rows=1 width=736)

table 5 : explain INSERT INTO sbtest5 (id, k, c, pad) VALUES (4501371, 13, 'foobar', 'foobar')
	Insert on sbtest5  (cost=0.00..0.01 rows=0 width=0)
	  ->  Result  (cost=0.00..0.01 rows=1 width=736)

table 6 : explain INSERT INTO sbtest6 (id, k, c, pad) VALUES (4768, 13, 'foobar', 'foobar')
	Insert on sbtest6  (cost=0.00..0.01 rows=0 width=0)
	  ->  Result  (cost=0.00..0.01 rows=1 width=736)

table 7 : explain INSERT INTO sbtest7 (id, k, c, pad) VALUES (7295947, 13, 'foobar', 'foobar')
	Insert on sbtest7  (cost=0.00..0.01 rows=0 width=0)
	  ->  Result  (cost=0.00..0.01 rows=1 width=736)

table 8 : explain INSERT INTO sbtest8 (id, k, c, pad) VALUES (14836, 13, 'foobar', 'foobar')
	Insert on sbtest8  (cost=0.00..0.01 rows=0 width=0)
	  ->  Result  (cost=0.00..0.01 rows=1 width=736)

explain: for non_index_updates :: explain UPDATE sbtest%u SET c='foobar' WHERE id=%u
explain: for non_index_updates :: explain UPDATE sbtest%u SET c='foobar' WHERE id=%u
for non_index_updates
table 1 : explain UPDATE sbtest1 SET c='foobar' WHERE id=2436372
	Update on sbtest1  (cost=0.43..8.45 rows=0 width=0)
	  ->  Index Scan using sbtest1_pkey on sbtest1  (cost=0.43..8.45 rows=1 width=490)
	        Index Cond: (id = 2436372)

table 2 : explain UPDATE sbtest2 SET c='foobar' WHERE id=2774965
	Update on sbtest2  (cost=0.43..8.45 rows=0 width=0)
	  ->  Index Scan using sbtest2_pkey on sbtest2  (cost=0.43..8.45 rows=1 width=490)
	        Index Cond: (id = 2774965)

table 3 : explain UPDATE sbtest3 SET c='foobar' WHERE id=8488651
	Update on sbtest3  (cost=0.43..8.45 rows=0 width=0)
	  ->  Index Scan using sbtest3_pkey on sbtest3  (cost=0.43..8.45 rows=1 width=490)
	        Index Cond: (id = 8488651)

table 4 : explain UPDATE sbtest4 SET c='foobar' WHERE id=2592994
	Update on sbtest4  (cost=0.43..8.45 rows=0 width=0)
	  ->  Index Scan using sbtest4_pkey on sbtest4  (cost=0.43..8.45 rows=1 width=490)
	        Index Cond: (id = 2592994)

table 5 : explain UPDATE sbtest5 SET c='foobar' WHERE id=8415478
	Update on sbtest5  (cost=0.43..8.45 rows=0 width=0)
	  ->  Index Scan using sbtest5_pkey on sbtest5  (cost=0.43..8.45 rows=1 width=490)
	        Index Cond: (id = 8415478)

table 6 : explain UPDATE sbtest6 SET c='foobar' WHERE id=4017954
	Update on sbtest6  (cost=0.43..8.45 rows=0 width=0)
	  ->  Index Scan using sbtest6_pkey on sbtest6  (cost=0.43..8.45 rows=1 width=490)
	        Index Cond: (id = 4017954)

table 7 : explain UPDATE sbtest7 SET c='foobar' WHERE id=2238571
	Update on sbtest7  (cost=0.43..8.45 rows=0 width=0)
	  ->  Index Scan using sbtest7_pkey on sbtest7  (cost=0.43..8.45 rows=1 width=490)
	        Index Cond: (id = 2238571)

table 8 : explain UPDATE sbtest8 SET c='foobar' WHERE id=4110128
	Update on sbtest8  (cost=0.43..8.45 rows=0 width=0)
	  ->  Index Scan using sbtest8_pkey on sbtest8  (cost=0.43..8.45 rows=1 width=490)
	        Index Cond: (id = 4110128)

explain: for inserts :: explain INSERT INTO sbtest%u (id, k, c, pad) VALUES (%u, 13, 'foobar', 'foobar')
explain: for inserts :: explain INSERT INTO sbtest%u (id, k, c, pad) VALUES (%u, 13, 'foobar', 'foobar')
for point_selects
table 1 : explain SELECT c FROM sbtest1 WHERE id=5833871
	Index Scan using sbtest1_pkey on sbtest1  (cost=0.43..8.45 rows=1 width=121)
	  Index Cond: (id = 5833871)

table 2 : explain SELECT c FROM sbtest2 WHERE id=4742909
	Index Scan using sbtest2_pkey on sbtest2  (cost=0.43..8.45 rows=1 width=121)
	  Index Cond: (id = 4742909)

table 3 : explain SELECT c FROM sbtest3 WHERE id=3777505
	Index Scan using sbtest3_pkey on sbtest3  (cost=0.43..8.45 rows=1 width=121)
	  Index Cond: (id = 3777505)

table 4 : explain SELECT c FROM sbtest4 WHERE id=9644905
	Index Scan using sbtest4_pkey on sbtest4  (cost=0.43..8.45 rows=1 width=121)
	  Index Cond: (id = 9644905)

table 5 : explain SELECT c FROM sbtest5 WHERE id=97017
	Index Scan using sbtest5_pkey on sbtest5  (cost=0.43..8.45 rows=1 width=121)
	  Index Cond: (id = 97017)

table 6 : explain SELECT c FROM sbtest6 WHERE id=228754
	Index Scan using sbtest6_pkey on sbtest6  (cost=0.43..8.45 rows=1 width=121)
	  Index Cond: (id = 228754)

table 7 : explain SELECT c FROM sbtest7 WHERE id=5374302
	Index Scan using sbtest7_pkey on sbtest7  (cost=0.43..8.45 rows=1 width=121)
	  Index Cond: (id = 5374302)

table 8 : explain SELECT c FROM sbtest8 WHERE id=3922199
	Index Scan using sbtest8_pkey on sbtest8  (cost=0.43..8.45 rows=1 width=121)
	  Index Cond: (id = 3922199)

explain: for deletes :: explain DELETE FROM sbtest%u WHERE id=%u
for inserts
table 1 : explain INSERT INTO sbtest1 (id, k, c, pad) VALUES (6992835, 13, 'foobar', 'foobar')
	Insert on sbtest1  (cost=0.00..0.01 rows=0 width=0)
	  ->  Result  (cost=0.00..0.01 rows=1 width=736)

table 2 : explain INSERT INTO sbtest2 (id, k, c, pad) VALUES (9954310, 13, 'foobar', 'foobar')
	Insert on sbtest2  (cost=0.00..0.01 rows=0 width=0)
	  ->  Result  (cost=0.00..0.01 rows=1 width=736)

table 3 : explain INSERT INTO sbtest3 (id, k, c, pad) VALUES (3964434, 13, 'foobar', 'foobar')
	Insert on sbtest3  (cost=0.00..0.01 rows=0 width=0)
	  ->  Result  (cost=0.00..0.01 rows=1 width=736)

table 4 : explain INSERT INTO sbtest4 (id, k, c, pad) VALUES (5931029, 13, 'foobar', 'foobar')
	Insert on sbtest4  (cost=0.00..0.01 rows=0 width=0)
	  ->  Result  (cost=0.00..0.01 rows=1 width=736)

table 5 : explain INSERT INTO sbtest5 (id, k, c, pad) VALUES (3268930, 13, 'foobar', 'foobar')
	Insert on sbtest5  (cost=0.00..0.01 rows=0 width=0)
	  ->  Result  (cost=0.00..0.01 rows=1 width=736)

table 6 : explain INSERT INTO sbtest6 (id, k, c, pad) VALUES (8780379, 13, 'foobar', 'foobar')
	Insert on sbtest6  (cost=0.00..0.01 rows=0 width=0)
	  ->  Result  (cost=0.00..0.01 rows=1 width=736)

table 7 : explain INSERT INTO sbtest7 (id, k, c, pad) VALUES (4930859, 13, 'foobar', 'foobar')
	Insert on sbtest7  (cost=0.00..0.01 rows=0 width=0)
	  ->  Result  (cost=0.00..0.01 rows=1 width=736)

table 8 : explain INSERT INTO sbtest8 (id, k, c, pad) VALUES (3693971, 13, 'foobar', 'foobar')
	Insert on sbtest8  (cost=0.00..0.01 rows=0 width=0)
	  ->  Result  (cost=0.00..0.01 rows=1 width=736)

for non_index_updates
table 1 : explain UPDATE sbtest1 SET c='foobar' WHERE id=7286266
	Update on sbtest1  (cost=0.43..8.45 rows=0 width=0)
	  ->  Index Scan using sbtest1_pkey on sbtest1  (cost=0.43..8.45 rows=1 width=490)
	        Index Cond: (id = 7286266)

table 2 : explain UPDATE sbtest2 SET c='foobar' WHERE id=4857935
	Update on sbtest2  (cost=0.43..8.45 rows=0 width=0)
	  ->  Index Scan using sbtest2_pkey on sbtest2  (cost=0.43..8.45 rows=1 width=490)
	        Index Cond: (id = 4857935)

table 3 : explain UPDATE sbtest3 SET c='foobar' WHERE id=9229184
	Update on sbtest3  (cost=0.43..8.45 rows=0 width=0)
	  ->  Index Scan using sbtest3_pkey on sbtest3  (cost=0.43..8.45 rows=1 width=490)
	        Index Cond: (id = 9229184)

table 4 : explain UPDATE sbtest4 SET c='foobar' WHERE id=7929200
	Update on sbtest4  (cost=0.43..8.45 rows=0 width=0)
	  ->  Index Scan using sbtest4_pkey on sbtest4  (cost=0.43..8.45 rows=1 width=490)
	        Index Cond: (id = 7929200)

table 5 : explain UPDATE sbtest5 SET c='foobar' WHERE id=1033136
	Update on sbtest5  (cost=0.43..8.45 rows=0 width=0)
	  ->  Index Scan using sbtest5_pkey on sbtest5  (cost=0.43..8.45 rows=1 width=490)
	        Index Cond: (id = 1033136)

table 6 : explain UPDATE sbtest6 SET c='foobar' WHERE id=4991688
	Update on sbtest6  (cost=0.43..8.45 rows=0 width=0)
	  ->  Index Scan using sbtest6_pkey on sbtest6  (cost=0.43..8.45 rows=1 width=490)
	        Index Cond: (id = 4991688)

table 7 : explain UPDATE sbtest7 SET c='foobar' WHERE id=7697976
	Update on sbtest7  (cost=0.43..8.45 rows=0 width=0)
	  ->  Index Scan using sbtest7_pkey on sbtest7  (cost=0.43..8.45 rows=1 width=490)
	        Index Cond: (id = 7697976)

table 8 : explain UPDATE sbtest8 SET c='foobar' WHERE id=4953505
	Update on sbtest8  (cost=0.43..8.45 rows=0 width=0)
	  ->  Index Scan using sbtest8_pkey on sbtest8  (cost=0.43..8.45 rows=1 width=490)
	        Index Cond: (id = 4953505)

for non_index_updates
table 1 : explain UPDATE sbtest1 SET c='foobar' WHERE id=4755634
	Update on sbtest1  (cost=0.43..8.45 rows=0 width=0)
	  ->  Index Scan using sbtest1_pkey on sbtest1  (cost=0.43..8.45 rows=1 width=490)
	        Index Cond: (id = 4755634)

table 2 : explain UPDATE sbtest2 SET c='foobar' WHERE id=6579018
	Update on sbtest2  (cost=0.43..8.45 rows=0 width=0)
	  ->  Index Scan using sbtest2_pkey on sbtest2  (cost=0.43..8.45 rows=1 width=490)
	        Index Cond: (id = 6579018)

table 3 : explain UPDATE sbtest3 SET c='foobar' WHERE id=5824485
	Update on sbtest3  (cost=0.43..8.45 rows=0 width=0)
	  ->  Index Scan using sbtest3_pkey on sbtest3  (cost=0.43..8.45 rows=1 width=490)
	        Index Cond: (id = 5824485)

table 4 : explain UPDATE sbtest4 SET c='foobar' WHERE id=7830413
	Update on sbtest4  (cost=0.43..8.45 rows=0 width=0)
	  ->  Index Scan using sbtest4_pkey on sbtest4  (cost=0.43..8.45 rows=1 width=490)
	        Index Cond: (id = 7830413)

table 5 : explain UPDATE sbtest5 SET c='foobar' WHERE id=4876541
	Update on sbtest5  (cost=0.43..8.45 rows=0 width=0)
	  ->  Index Scan using sbtest5_pkey on sbtest5  (cost=0.43..8.45 rows=1 width=490)
	        Index Cond: (id = 4876541)

table 6 : explain UPDATE sbtest6 SET c='foobar' WHERE id=4844866
	Update on sbtest6  (cost=0.43..8.45 rows=0 width=0)
	  ->  Index Scan using sbtest6_pkey on sbtest6  (cost=0.43..8.45 rows=1 width=490)
	        Index Cond: (id = 4844866)

table 7 : explain UPDATE sbtest7 SET c='foobar' WHERE id=8768382
	Update on sbtest7  (cost=0.43..8.45 rows=0 width=0)
	  ->  Index Scan using sbtest7_pkey on sbtest7  (cost=0.43..8.45 rows=1 width=490)
	        Index Cond: (id = 8768382)

table 8 : explain UPDATE sbtest8 SET c='foobar' WHERE id=5549764
	Update on sbtest8  (cost=0.43..8.45 rows=0 width=0)
	  ->  Index Scan using sbtest8_pkey on sbtest8  (cost=0.43..8.45 rows=1 width=490)
	        Index Cond: (id = 5549764)

for inserts
table 1 : explain INSERT INTO sbtest1 (id, k, c, pad) VALUES (3781104, 13, 'foobar', 'foobar')
	Insert on sbtest1  (cost=0.00..0.01 rows=0 width=0)
	  ->  Result  (cost=0.00..0.01 rows=1 width=736)

table 2 : explain INSERT INTO sbtest2 (id, k, c, pad) VALUES (4234668, 13, 'foobar', 'foobar')
	Insert on sbtest2  (cost=0.00..0.01 rows=0 width=0)
	  ->  Result  (cost=0.00..0.01 rows=1 width=736)

table 3 : explain INSERT INTO sbtest3 (id, k, c, pad) VALUES (5911066, 13, 'foobar', 'foobar')
	Insert on sbtest3  (cost=0.00..0.01 rows=0 width=0)
	  ->  Result  (cost=0.00..0.01 rows=1 width=736)

table 4 : explain INSERT INTO sbtest4 (id, k, c, pad) VALUES (2522816, 13, 'foobar', 'foobar')
	Insert on sbtest4  (cost=0.00..0.01 rows=0 width=0)
	  ->  Result  (cost=0.00..0.01 rows=1 width=736)

table 5 : explain INSERT INTO sbtest5 (id, k, c, pad) VALUES (999582, 13, 'foobar', 'foobar')
	Insert on sbtest5  (cost=0.00..0.01 rows=0 width=0)
	  ->  Result  (cost=0.00..0.01 rows=1 width=736)

table 6 : explain INSERT INTO sbtest6 (id, k, c, pad) VALUES (1025318, 13, 'foobar', 'foobar')
	Insert on sbtest6  (cost=0.00..0.01 rows=0 width=0)
	  ->  Result  (cost=0.00..0.01 rows=1 width=736)

table 7 : explain INSERT INTO sbtest7 (id, k, c, pad) VALUES (4603422, 13, 'foobar', 'foobar')
	Insert on sbtest7  (cost=0.00..0.01 rows=0 width=0)
	  ->  Result  (cost=0.00..0.01 rows=1 width=736)

table 8 : explain INSERT INTO sbtest8 (id, k, c, pad) VALUES (230827, 13, 'foobar', 'foobar')
	Insert on sbtest8  (cost=0.00..0.01 rows=0 width=0)
	  ->  Result  (cost=0.00..0.01 rows=1 width=736)

for: simple_ranges
table 1 : explain SELECT c FROM sbtest1 WHERE id BETWEEN 4038760 AND 4038769
	Index Scan using sbtest1_pkey on sbtest1  (cost=0.43..39.37 rows=10 width=121)
	  Index Cond: ((id >= 4038760) AND (id <= 4038769))

table 2 : explain SELECT c FROM sbtest2 WHERE id BETWEEN 5843325 AND 5843334
	Index Scan using sbtest2_pkey on sbtest2  (cost=0.43..39.30 rows=10 width=121)
	  Index Cond: ((id >= 5843325) AND (id <= 5843334))

table 3 : explain SELECT c FROM sbtest3 WHERE id BETWEEN 8148908 AND 8148917
	Index Scan using sbtest3_pkey on sbtest3  (cost=0.43..39.05 rows=10 width=121)
	  Index Cond: ((id >= 8148908) AND (id <= 8148917))

table 4 : explain SELECT c FROM sbtest4 WHERE id BETWEEN 6039668 AND 6039677
	Index Scan using sbtest4_pkey on sbtest4  (cost=0.43..39.52 rows=10 width=121)
	  Index Cond: ((id >= 6039668) AND (id <= 6039677))

table 5 : explain SELECT c FROM sbtest5 WHERE id BETWEEN 4853702 AND 4853711
	Index Scan using sbtest5_pkey on sbtest5  (cost=0.43..39.32 rows=10 width=121)
	  Index Cond: ((id >= 4853702) AND (id <= 4853711))

table 6 : explain SELECT c FROM sbtest6 WHERE id BETWEEN 9094205 AND 9094214
	Index Scan using sbtest6_pkey on sbtest6  (cost=0.43..39.43 rows=10 width=121)
	  Index Cond: ((id >= 9094205) AND (id <= 9094214))

table 7 : explain SELECT c FROM sbtest7 WHERE id BETWEEN 3601338 AND 3601347
	Index Scan using sbtest7_pkey on sbtest7  (cost=0.43..39.53 rows=10 width=121)
	  Index Cond: ((id >= 3601338) AND (id <= 3601347))

table 8 : explain SELECT c FROM sbtest8 WHERE id BETWEEN 2356139 AND 2356148
	Index Scan using sbtest8_pkey on sbtest8  (cost=0.43..39.31 rows=10 width=121)
	  Index Cond: ((id >= 2356139) AND (id <= 2356148))

explain: for deletes :: explain DELETE FROM sbtest%u WHERE id=%u
explain: for deletes :: explain DELETE FROM sbtest%u WHERE id=%u
for inserts
table 1 : explain INSERT INTO sbtest1 (id, k, c, pad) VALUES (8441754, 13, 'foobar', 'foobar')
	Insert on sbtest1  (cost=0.00..0.01 rows=0 width=0)
	  ->  Result  (cost=0.00..0.01 rows=1 width=736)

table 2 : explain INSERT INTO sbtest2 (id, k, c, pad) VALUES (136112, 13, 'foobar', 'foobar')
	Insert on sbtest2  (cost=0.00..0.01 rows=0 width=0)
	  ->  Result  (cost=0.00..0.01 rows=1 width=736)

table 3 : explain INSERT INTO sbtest3 (id, k, c, pad) VALUES (470800, 13, 'foobar', 'foobar')
	Insert on sbtest3  (cost=0.00..0.01 rows=0 width=0)
	  ->  Result  (cost=0.00..0.01 rows=1 width=736)

table 4 : explain INSERT INTO sbtest4 (id, k, c, pad) VALUES (8027513, 13, 'foobar', 'foobar')
	Insert on sbtest4  (cost=0.00..0.01 rows=0 width=0)
	  ->  Result  (cost=0.00..0.01 rows=1 width=736)

table 5 : explain INSERT INTO sbtest5 (id, k, c, pad) VALUES (6674440, 13, 'foobar', 'foobar')
	Insert on sbtest5  (cost=0.00..0.01 rows=0 width=0)
	  ->  Result  (cost=0.00..0.01 rows=1 width=736)

table 6 : explain INSERT INTO sbtest6 (id, k, c, pad) VALUES (6257048, 13, 'foobar', 'foobar')
	Insert on sbtest6  (cost=0.00..0.01 rows=0 width=0)
	  ->  Result  (cost=0.00..0.01 rows=1 width=736)

table 7 : explain INSERT INTO sbtest7 (id, k, c, pad) VALUES (2888203, 13, 'foobar', 'foobar')
	Insert on sbtest7  (cost=0.00..0.01 rows=0 width=0)
	  ->  Result  (cost=0.00..0.01 rows=1 width=736)

table 8 : explain INSERT INTO sbtest8 (id, k, c, pad) VALUES (1898242, 13, 'foobar', 'foobar')
	Insert on sbtest8  (cost=0.00..0.01 rows=0 width=0)
	  ->  Result  (cost=0.00..0.01 rows=1 width=736)

for deletes
table 1 : explain DELETE FROM sbtest1 WHERE id=7815018
	Delete on sbtest1  (cost=0.43..8.45 rows=0 width=0)
	  ->  Index Scan using sbtest1_pkey on sbtest1  (cost=0.43..8.45 rows=1 width=6)
	        Index Cond: (id = 7815018)

table 2 : explain DELETE FROM sbtest2 WHERE id=176512
	Delete on sbtest2  (cost=0.43..8.45 rows=0 width=0)
	  ->  Index Scan using sbtest2_pkey on sbtest2  (cost=0.43..8.45 rows=1 width=6)
	        Index Cond: (id = 176512)

table 3 : explain DELETE FROM sbtest3 WHERE id=902988
	Delete on sbtest3  (cost=0.43..8.45 rows=0 width=0)
	  ->  Index Scan using sbtest3_pkey on sbtest3  (cost=0.43..8.45 rows=1 width=6)
	        Index Cond: (id = 902988)

table 4 : explain DELETE FROM sbtest4 WHERE id=2908054
	Delete on sbtest4  (cost=0.43..8.45 rows=0 width=0)
	  ->  Index Scan using sbtest4_pkey on sbtest4  (cost=0.43..8.45 rows=1 width=6)
	        Index Cond: (id = 2908054)

table 5 : explain DELETE FROM sbtest5 WHERE id=6200272
	Delete on sbtest5  (cost=0.43..8.45 rows=0 width=0)
	  ->  Index Scan using sbtest5_pkey on sbtest5  (cost=0.43..8.45 rows=1 width=6)
	        Index Cond: (id = 6200272)

table 6 : explain DELETE FROM sbtest6 WHERE id=2803621
	Delete on sbtest6  (cost=0.43..8.45 rows=0 width=0)
	  ->  Index Scan using sbtest6_pkey on sbtest6  (cost=0.43..8.45 rows=1 width=6)
	        Index Cond: (id = 2803621)

table 7 : explain DELETE FROM sbtest7 WHERE id=8807507
	Delete on sbtest7  (cost=0.43..8.45 rows=0 width=0)
	  ->  Index Scan using sbtest7_pkey on sbtest7  (cost=0.43..8.45 rows=1 width=6)
	        Index Cond: (id = 8807507)

table 8 : explain DELETE FROM sbtest8 WHERE id=4214307
	Delete on sbtest8  (cost=0.43..8.45 rows=0 width=0)
	  ->  Index Scan using sbtest8_pkey on sbtest8  (cost=0.43..8.45 rows=1 width=6)
	        Index Cond: (id = 4214307)

explain: for inserts :: explain INSERT INTO sbtest%u (id, k, c, pad) VALUES (%u, 13, 'foobar', 'foobar')
for deletes
table 1 : explain DELETE FROM sbtest1 WHERE id=3880321
	Delete on sbtest1  (cost=0.43..8.45 rows=0 width=0)
	  ->  Index Scan using sbtest1_pkey on sbtest1  (cost=0.43..8.45 rows=1 width=6)
	        Index Cond: (id = 3880321)

table 2 : explain DELETE FROM sbtest2 WHERE id=3845575
	Delete on sbtest2  (cost=0.43..8.45 rows=0 width=0)
	  ->  Index Scan using sbtest2_pkey on sbtest2  (cost=0.43..8.45 rows=1 width=6)
	        Index Cond: (id = 3845575)

table 3 : explain DELETE FROM sbtest3 WHERE id=2137861
	Delete on sbtest3  (cost=0.43..8.45 rows=0 width=0)
	  ->  Index Scan using sbtest3_pkey on sbtest3  (cost=0.43..8.45 rows=1 width=6)
	        Index Cond: (id = 2137861)

table 4 : explain DELETE FROM sbtest4 WHERE id=4965784
	Delete on sbtest4  (cost=0.43..8.45 rows=0 width=0)
	  ->  Index Scan using sbtest4_pkey on sbtest4  (cost=0.43..8.45 rows=1 width=6)
	        Index Cond: (id = 4965784)

table 5 : explain DELETE FROM sbtest5 WHERE id=912614
	Delete on sbtest5  (cost=0.43..8.45 rows=0 width=0)
	  ->  Index Scan using sbtest5_pkey on sbtest5  (cost=0.43..8.45 rows=1 width=6)
	        Index Cond: (id = 912614)

table 6 : explain DELETE FROM sbtest6 WHERE id=9611018
	Delete on sbtest6  (cost=0.43..8.45 rows=0 width=0)
	  ->  Index Scan using sbtest6_pkey on sbtest6  (cost=0.43..8.45 rows=1 width=6)
	        Index Cond: (id = 9611018)

table 7 : explain DELETE FROM sbtest7 WHERE id=5148830
	Delete on sbtest7  (cost=0.43..8.45 rows=0 width=0)
	  ->  Index Scan using sbtest7_pkey on sbtest7  (cost=0.43..8.45 rows=1 width=6)
	        Index Cond: (id = 5148830)

table 8 : explain DELETE FROM sbtest8 WHERE id=2556741
	Delete on sbtest8  (cost=0.43..8.45 rows=0 width=0)
	  ->  Index Scan using sbtest8_pkey on sbtest8  (cost=0.43..8.45 rows=1 width=6)
	        Index Cond: (id = 2556741)

for deletes
table 1 : explain DELETE FROM sbtest1 WHERE id=388700
	Delete on sbtest1  (cost=0.43..8.45 rows=0 width=0)
	  ->  Index Scan using sbtest1_pkey on sbtest1  (cost=0.43..8.45 rows=1 width=6)
	        Index Cond: (id = 388700)

table 2 : explain DELETE FROM sbtest2 WHERE id=2828992
	Delete on sbtest2  (cost=0.43..8.45 rows=0 width=0)
	  ->  Index Scan using sbtest2_pkey on sbtest2  (cost=0.43..8.45 rows=1 width=6)
	        Index Cond: (id = 2828992)

table 3 : explain DELETE FROM sbtest3 WHERE id=1651974
	Delete on sbtest3  (cost=0.43..8.45 rows=0 width=0)
	  ->  Index Scan using sbtest3_pkey on sbtest3  (cost=0.43..8.45 rows=1 width=6)
	        Index Cond: (id = 1651974)

table 4 : explain DELETE FROM sbtest4 WHERE id=347137
	Delete on sbtest4  (cost=0.43..8.45 rows=0 width=0)
	  ->  Index Scan using sbtest4_pkey on sbtest4  (cost=0.43..8.45 rows=1 width=6)
	        Index Cond: (id = 347137)

table 5 : explain DELETE FROM sbtest5 WHERE id=9769384
	Delete on sbtest5  (cost=0.43..8.45 rows=0 width=0)
	  ->  Index Scan using sbtest5_pkey on sbtest5  (cost=0.43..8.45 rows=1 width=6)
	        Index Cond: (id = 9769384)

table 6 : explain DELETE FROM sbtest6 WHERE id=4179249
	Delete on sbtest6  (cost=0.43..8.45 rows=0 width=0)
	  ->  Index Scan using sbtest6_pkey on sbtest6  (cost=0.43..8.45 rows=1 width=6)
	        Index Cond: (id = 4179249)

table 7 : explain DELETE FROM sbtest7 WHERE id=2174878
	Delete on sbtest7  (cost=0.43..8.45 rows=0 width=0)
	  ->  Index Scan using sbtest7_pkey on sbtest7  (cost=0.43..8.45 rows=1 width=6)
	        Index Cond: (id = 2174878)

table 8 : explain DELETE FROM sbtest8 WHERE id=1522052
	Delete on sbtest8  (cost=0.43..8.45 rows=0 width=0)
	  ->  Index Scan using sbtest8_pkey on sbtest8  (cost=0.43..8.45 rows=1 width=6)
	        Index Cond: (id = 1522052)
for point_selects
table 1 : explain SELECT c FROM sbtest1 WHERE id=108763
	Index Scan using sbtest1_pkey on sbtest1  (cost=0.43..8.45 rows=1 width=121)
	  Index Cond: (id = 108763)

table 2 : explain SELECT c FROM sbtest2 WHERE id=2844776
	Index Scan using sbtest2_pkey on sbtest2  (cost=0.43..8.45 rows=1 width=121)
	  Index Cond: (id = 2844776)

table 3 : explain SELECT c FROM sbtest3 WHERE id=9147665
	Index Scan using sbtest3_pkey on sbtest3  (cost=0.43..8.45 rows=1 width=121)
	  Index Cond: (id = 9147665)

table 4 : explain SELECT c FROM sbtest4 WHERE id=5517647
	Index Scan using sbtest4_pkey on sbtest4  (cost=0.43..8.45 rows=1 width=121)
	  Index Cond: (id = 5517647)

table 5 : explain SELECT c FROM sbtest5 WHERE id=1404234
	Index Scan using sbtest5_pkey on sbtest5  (cost=0.43..8.45 rows=1 width=121)
	  Index Cond: (id = 1404234)

table 6 : explain SELECT c FROM sbtest6 WHERE id=641252
	Index Scan using sbtest6_pkey on sbtest6  (cost=0.43..8.45 rows=1 width=121)
	  Index Cond: (id = 641252)

table 7 : explain SELECT c FROM sbtest7 WHERE id=8111330
	Index Scan using sbtest7_pkey on sbtest7  (cost=0.43..8.45 rows=1 width=121)
	  Index Cond: (id = 8111330)

table 8 : explain SELECT c FROM sbtest8 WHERE id=1825027
	Index Scan using sbtest8_pkey on sbtest8  (cost=0.43..8.45 rows=1 width=121)
	  Index Cond: (id = 1825027)


for: simple_ranges
table 1 : explain SELECT c FROM sbtest1 WHERE id BETWEEN 6525332 AND 6525341
	Index Scan using sbtest1_pkey on sbtest1  (cost=0.43..39.37 rows=10 width=121)
	  Index Cond: ((id >= 6525332) AND (id <= 6525341))

table 2 : explain SELECT c FROM sbtest2 WHERE id BETWEEN 5483959 AND 5483968
	Index Scan using sbtest2_pkey on sbtest2  (cost=0.43..39.30 rows=10 width=121)
	  Index Cond: ((id >= 5483959) AND (id <= 5483968))

table 3 : explain SELECT c FROM sbtest3 WHERE id BETWEEN 4462083 AND 4462092
	Index Scan using sbtest3_pkey on sbtest3  (cost=0.43..39.05 rows=10 width=121)
	  Index Cond: ((id >= 4462083) AND (id <= 4462092))

table 4 : explain SELECT c FROM sbtest4 WHERE id BETWEEN 7611393 AND 7611402
	Index Scan using sbtest4_pkey on sbtest4  (cost=0.43..39.52 rows=10 width=121)
	  Index Cond: ((id >= 7611393) AND (id <= 7611402))

table 5 : explain SELECT c FROM sbtest5 WHERE id BETWEEN 9010589 AND 9010598
	Index Scan using sbtest5_pkey on sbtest5  (cost=0.43..39.32 rows=10 width=121)
	  Index Cond: ((id >= 9010589) AND (id <= 9010598))

table 6 : explain SELECT c FROM sbtest6 WHERE id BETWEEN 6152705 AND 6152714
	Index Scan using sbtest6_pkey on sbtest6  (cost=0.43..42.88 rows=11 width=121)
	  Index Cond: ((id >= 6152705) AND (id <= 6152714))

table 7 : explain SELECT c FROM sbtest7 WHERE id BETWEEN 3307039 AND 3307048
	Index Scan using sbtest7_pkey on sbtest7  (cost=0.43..42.98 rows=11 width=121)
	  Index Cond: ((id >= 3307039) AND (id <= 3307048))

table 8 : explain SELECT c FROM sbtest8 WHERE id BETWEEN 661706 AND 661715
	Index Scan using sbtest8_pkey on sbtest8  (cost=0.43..39.31 rows=10 width=121)
	  Index Cond: ((id >= 661706) AND (id <= 661715))

for inserts
table 1 : explain INSERT INTO sbtest1 (id, k, c, pad) VALUES (2371854, 13, 'foobar', 'foobar')
	Insert on sbtest1  (cost=0.00..0.01 rows=0 width=0)
	  ->  Result  (cost=0.00..0.01 rows=1 width=736)

table 2 : explain INSERT INTO sbtest2 (id, k, c, pad) VALUES (1035296, 13, 'foobar', 'foobar')
	Insert on sbtest2  (cost=0.00..0.01 rows=0 width=0)
	  ->  Result  (cost=0.00..0.01 rows=1 width=736)

table 3 : explain INSERT INTO sbtest3 (id, k, c, pad) VALUES (2452230, 13, 'foobar', 'foobar')
	Insert on sbtest3  (cost=0.00..0.01 rows=0 width=0)
	  ->  Result  (cost=0.00..0.01 rows=1 width=736)

table 4 : explain INSERT INTO sbtest4 (id, k, c, pad) VALUES (8080789, 13, 'foobar', 'foobar')
	Insert on sbtest4  (cost=0.00..0.01 rows=0 width=0)
	  ->  Result  (cost=0.00..0.01 rows=1 width=736)

table 5 : explain INSERT INTO sbtest5 (id, k, c, pad) VALUES (3894904, 13, 'foobar', 'foobar')
	Insert on sbtest5  (cost=0.00..0.01 rows=0 width=0)
	  ->  Result  (cost=0.00..0.01 rows=1 width=736)

table 6 : explain INSERT INTO sbtest6 (id, k, c, pad) VALUES (765253, 13, 'foobar', 'foobar')
	Insert on sbtest6  (cost=0.00..0.01 rows=0 width=0)
	  ->  Result  (cost=0.00..0.01 rows=1 width=736)

table 7 : explain INSERT INTO sbtest7 (id, k, c, pad) VALUES (3007118, 13, 'foobar', 'foobar')
	Insert on sbtest7  (cost=0.00..0.01 rows=0 width=0)
	  ->  Result  (cost=0.00..0.01 rows=1 width=736)

table 8 : explain INSERT INTO sbtest8 (id, k, c, pad) VALUES (3598632, 13, 'foobar', 'foobar')
	Insert on sbtest8  (cost=0.00..0.01 rows=0 width=0)
	  ->  Result  (cost=0.00..0.01 rows=1 width=736)

explain: for inserts :: explain INSERT INTO sbtest%u (id, k, c, pad) VALUES (%u, 13, 'foobar', 'foobar')
for: sum_ranges
table 1 : explain SELECT SUM(k) FROM sbtest1 WHERE id BETWEEN 8448888 AND 8448897
	Aggregate  (cost=42.83..42.84 rows=1 width=8)
	  ->  Index Scan using sbtest1_pkey on sbtest1  (cost=0.43..42.80 rows=11 width=4)
	        Index Cond: ((id >= 8448888) AND (id <= 8448897))

table 2 : explain SELECT SUM(k) FROM sbtest2 WHERE id BETWEEN 4385551 AND 4385560
	Aggregate  (cost=35.90..35.91 rows=1 width=8)
	  ->  Index Scan using sbtest2_pkey on sbtest2  (cost=0.43..35.87 rows=9 width=4)
	        Index Cond: ((id >= 4385551) AND (id <= 4385560))

table 3 : explain SELECT SUM(k) FROM sbtest3 WHERE id BETWEEN 2199158 AND 2199167
	Aggregate  (cost=39.08..39.09 rows=1 width=8)
	  ->  Index Scan using sbtest3_pkey on sbtest3  (cost=0.43..39.05 rows=10 width=4)
	        Index Cond: ((id >= 2199158) AND (id <= 2199167))

table 4 : explain SELECT SUM(k) FROM sbtest4 WHERE id BETWEEN 2027459 AND 2027468
	Aggregate  (cost=36.09..36.10 rows=1 width=8)
	  ->  Index Scan using sbtest4_pkey on sbtest4  (cost=0.43..36.07 rows=9 width=4)
	        Index Cond: ((id >= 2027459) AND (id <= 2027468))

table 5 : explain SELECT SUM(k) FROM sbtest5 WHERE id BETWEEN 9760510 AND 9760519
	Aggregate  (cost=42.78..42.79 rows=1 width=8)
	  ->  Index Scan using sbtest5_pkey on sbtest5  (cost=0.43..42.75 rows=11 width=4)
	        Index Cond: ((id >= 9760510) AND (id <= 9760519))

table 6 : explain SELECT SUM(k) FROM sbtest6 WHERE id BETWEEN 1751372 AND 1751381
	Aggregate  (cost=39.46..39.47 rows=1 width=8)
	  ->  Index Scan using sbtest6_pkey on sbtest6  (cost=0.43..39.43 rows=10 width=4)
	        Index Cond: ((id >= 1751372) AND (id <= 1751381))

table 7 : explain SELECT SUM(k) FROM sbtest7 WHERE id BETWEEN 3558345 AND 3558354
	Aggregate  (cost=43.01..43.02 rows=1 width=8)
	  ->  Index Scan using sbtest7_pkey on sbtest7  (cost=0.43..42.98 rows=11 width=4)
	        Index Cond: ((id >= 3558345) AND (id <= 3558354))

table 8 : explain SELECT SUM(k) FROM sbtest8 WHERE id BETWEEN 8844153 AND 8844162
	Aggregate  (cost=39.34..39.35 rows=1 width=8)
	  ->  Index Scan using sbtest8_pkey on sbtest8  (cost=0.43..39.31 rows=10 width=4)
	        Index Cond: ((id >= 8844153) AND (id <= 8844162))

for: order_ranges
table 1 : explain SELECT c FROM sbtest1 WHERE id BETWEEN 492164 AND 492173 ORDER BY c
	Sort  (cost=39.53..39.56 rows=10 width=121)
	  Sort Key: c
	  ->  Index Scan using sbtest1_pkey on sbtest1  (cost=0.43..39.37 rows=10 width=121)
	        Index Cond: ((id >= 492164) AND (id <= 492173))

table 2 : explain SELECT c FROM sbtest2 WHERE id BETWEEN 3366305 AND 3366314 ORDER BY c
	Sort  (cost=39.47..39.49 rows=10 width=121)
	  Sort Key: c
	  ->  Index Scan using sbtest2_pkey on sbtest2  (cost=0.43..39.30 rows=10 width=121)
	        Index Cond: ((id >= 3366305) AND (id <= 3366314))

table 3 : explain SELECT c FROM sbtest3 WHERE id BETWEEN 8663500 AND 8663509 ORDER BY c
	Sort  (cost=39.22..39.25 rows=10 width=121)
	  Sort Key: c
	  ->  Index Scan using sbtest3_pkey on sbtest3  (cost=0.43..39.05 rows=10 width=121)
	        Index Cond: ((id >= 8663500) AND (id <= 8663509))

table 4 : explain SELECT c FROM sbtest4 WHERE id BETWEEN 3521532 AND 3521541 ORDER BY c
	Sort  (cost=39.69..39.71 rows=10 width=121)
	  Sort Key: c
	  ->  Index Scan using sbtest4_pkey on sbtest4  (cost=0.43..39.52 rows=10 width=121)
	        Index Cond: ((id >= 3521532) AND (id <= 3521541))

table 5 : explain SELECT c FROM sbtest5 WHERE id BETWEEN 5628536 AND 5628545 ORDER BY c
	Sort  (cost=39.49..39.51 rows=10 width=121)
	  Sort Key: c
	  ->  Index Scan using sbtest5_pkey on sbtest5  (cost=0.43..39.32 rows=10 width=121)
	        Index Cond: ((id >= 5628536) AND (id <= 5628545))

table 6 : explain SELECT c FROM sbtest6 WHERE id BETWEEN 2615368 AND 2615377 ORDER BY c
	Sort  (cost=43.07..43.09 rows=11 width=121)
	  Sort Key: c
	  ->  Index Scan using sbtest6_pkey on sbtest6  (cost=0.43..42.88 rows=11 width=121)
	        Index Cond: ((id >= 2615368) AND (id <= 2615377))

table 7 : explain SELECT c FROM sbtest7 WHERE id BETWEEN 401499 AND 401508 ORDER BY c
	Sort  (cost=36.22..36.24 rows=9 width=121)
	  Sort Key: c
	  ->  Index Scan using sbtest7_pkey on sbtest7  (cost=0.43..36.08 rows=9 width=121)
	        Index Cond: ((id >= 401499) AND (id <= 401508))

table 8 : explain SELECT c FROM sbtest8 WHERE id BETWEEN 2612789 AND 2612798 ORDER BY c
	Sort  (cost=39.48..39.50 rows=10 width=121)
	  Sort Key: c
	  ->  Index Scan using sbtest8_pkey on sbtest8  (cost=0.43..39.31 rows=10 width=121)
	        Index Cond: ((id >= 2612789) AND (id <= 2612798))

explain: for inserts :: explain INSERT INTO sbtest%u (id, k, c, pad) VALUES (%u, 13, 'foobar', 'foobar')
explain: for inserts :: explain INSERT INTO sbtest%u (id, k, c, pad) VALUES (%u, 13, 'foobar', 'foobar')
for: sum_ranges
table 1 : explain SELECT SUM(k) FROM sbtest1 WHERE id BETWEEN 8994835 AND 8994844
	Aggregate  (cost=39.39..39.40 rows=1 width=8)
	  ->  Index Scan using sbtest1_pkey on sbtest1  (cost=0.43..39.37 rows=10 width=4)
	        Index Cond: ((id >= 8994835) AND (id <= 8994844))

table 2 : explain SELECT SUM(k) FROM sbtest2 WHERE id BETWEEN 1608445 AND 1608454
	Aggregate  (cost=35.90..35.91 rows=1 width=8)
	  ->  Index Scan using sbtest2_pkey on sbtest2  (cost=0.43..35.87 rows=9 width=4)
	        Index Cond: ((id >= 1608445) AND (id <= 1608454))

table 3 : explain SELECT SUM(k) FROM sbtest3 WHERE id BETWEEN 5225250 AND 5225259
	Aggregate  (cost=35.68..35.69 rows=1 width=8)
	  ->  Index Scan using sbtest3_pkey on sbtest3  (cost=0.43..35.65 rows=9 width=4)
	        Index Cond: ((id >= 5225250) AND (id <= 5225259))

table 4 : explain SELECT SUM(k) FROM sbtest4 WHERE id BETWEEN 6118863 AND 6118872
	Aggregate  (cost=39.55..39.56 rows=1 width=8)
	  ->  Index Scan using sbtest4_pkey on sbtest4  (cost=0.43..39.52 rows=10 width=4)
	        Index Cond: ((id >= 6118863) AND (id <= 6118872))

table 5 : explain SELECT SUM(k) FROM sbtest5 WHERE id BETWEEN 2557174 AND 2557183
	Aggregate  (cost=35.91..35.92 rows=1 width=8)
	  ->  Index Scan using sbtest5_pkey on sbtest5  (cost=0.43..35.89 rows=9 width=4)
	        Index Cond: ((id >= 2557174) AND (id <= 2557183))

table 6 : explain SELECT SUM(k) FROM sbtest6 WHERE id BETWEEN 1992086 AND 1992095
	Aggregate  (cost=36.01..36.02 rows=1 width=8)
	  ->  Index Scan using sbtest6_pkey on sbtest6  (cost=0.43..35.99 rows=9 width=4)
	        Index Cond: ((id >= 1992086) AND (id <= 1992095))

table 7 : explain SELECT SUM(k) FROM sbtest7 WHERE id BETWEEN 6925458 AND 6925467
	Aggregate  (cost=39.55..39.56 rows=1 width=8)
	  ->  Index Scan using sbtest7_pkey on sbtest7  (cost=0.43..39.53 rows=10 width=4)
	        Index Cond: ((id >= 6925458) AND (id <= 6925467))

table 8 : explain SELECT SUM(k) FROM sbtest8 WHERE id BETWEEN 3244586 AND 3244595
	Aggregate  (cost=39.34..39.35 rows=1 width=8)
	  ->  Index Scan using sbtest8_pkey on sbtest8  (cost=0.43..39.31 rows=10 width=4)
	        Index Cond: ((id >= 3244586) AND (id <= 3244595))

for: distinct_ranges
table 1 : explain SELECT DISTINCT c FROM sbtest1 WHERE id BETWEEN 2471136 AND 2471145 ORDER BY c
	Unique  (cost=39.53..39.58 rows=10 width=121)
	  ->  Sort  (cost=39.53..39.56 rows=10 width=121)
	        Sort Key: c
	        ->  Index Scan using sbtest1_pkey on sbtest1  (cost=0.43..39.37 rows=10 width=121)
	              Index Cond: ((id >= 2471136) AND (id <= 2471145))

table 2 : explain SELECT DISTINCT c FROM sbtest2 WHERE id BETWEEN 62252 AND 62261 ORDER BY c
	Unique  (cost=39.47..39.52 rows=10 width=121)
	  ->  Sort  (cost=39.47..39.49 rows=10 width=121)
	        Sort Key: c
	        ->  Index Scan using sbtest2_pkey on sbtest2  (cost=0.43..39.30 rows=10 width=121)
	              Index Cond: ((id >= 62252) AND (id <= 62261))

table 3 : explain SELECT DISTINCT c FROM sbtest3 WHERE id BETWEEN 8817523 AND 8817532 ORDER BY c
	Unique  (cost=35.80..35.84 rows=9 width=121)
	  ->  Sort  (cost=35.80..35.82 rows=9 width=121)
	        Sort Key: c
	        ->  Index Scan using sbtest3_pkey on sbtest3  (cost=0.43..35.65 rows=9 width=121)
	              Index Cond: ((id >= 8817523) AND (id <= 8817532))

table 4 : explain SELECT DISTINCT c FROM sbtest4 WHERE id BETWEEN 8981069 AND 8981078 ORDER BY c
	Unique  (cost=39.69..39.74 rows=10 width=121)
	  ->  Sort  (cost=39.69..39.71 rows=10 width=121)
	        Sort Key: c
	        ->  Index Scan using sbtest4_pkey on sbtest4  (cost=0.43..39.52 rows=10 width=121)
	              Index Cond: ((id >= 8981069) AND (id <= 8981078))

table 5 : explain SELECT DISTINCT c FROM sbtest5 WHERE id BETWEEN 2516021 AND 2516030 ORDER BY c
	Unique  (cost=36.03..36.08 rows=9 width=121)
	  ->  Sort  (cost=36.03..36.06 rows=9 width=121)
	        Sort Key: c
	        ->  Index Scan using sbtest5_pkey on sbtest5  (cost=0.43..35.89 rows=9 width=121)
	              Index Cond: ((id >= 2516021) AND (id <= 2516030))

table 6 : explain SELECT DISTINCT c FROM sbtest6 WHERE id BETWEEN 995330 AND 995339 ORDER BY c
	Unique  (cost=36.13..36.18 rows=9 width=121)
	  ->  Sort  (cost=36.13..36.16 rows=9 width=121)
	        Sort Key: c
	        ->  Index Scan using sbtest6_pkey on sbtest6  (cost=0.43..35.99 rows=9 width=121)
	              Index Cond: ((id >= 995330) AND (id <= 995339))

table 7 : explain SELECT DISTINCT c FROM sbtest7 WHERE id BETWEEN 5187296 AND 5187305 ORDER BY c
	Unique  (cost=39.70..39.75 rows=10 width=121)
	  ->  Sort  (cost=39.70..39.72 rows=10 width=121)
	        Sort Key: c
	        ->  Index Scan using sbtest7_pkey on sbtest7  (cost=0.43..39.53 rows=10 width=121)
	              Index Cond: ((id >= 5187296) AND (id <= 5187305))

table 8 : explain SELECT DISTINCT c FROM sbtest8 WHERE id BETWEEN 7110792 AND 7110801 ORDER BY c
	Unique  (cost=36.02..36.07 rows=9 width=121)
	  ->  Sort  (cost=36.02..36.05 rows=9 width=121)
	        Sort Key: c
	        ->  Index Scan using sbtest8_pkey on sbtest8  (cost=0.43..35.88 rows=9 width=121)
	              Index Cond: ((id >= 7110792) AND (id <= 7110801))

for: sum_ranges
table 1 : explain SELECT SUM(k) FROM sbtest1 WHERE id BETWEEN 7989739 AND 7989748
	Aggregate  (cost=42.83..42.84 rows=1 width=8)
	  ->  Index Scan using sbtest1_pkey on sbtest1  (cost=0.43..42.80 rows=11 width=4)
	        Index Cond: ((id >= 7989739) AND (id <= 7989748))

table 2 : explain SELECT SUM(k) FROM sbtest2 WHERE id BETWEEN 3228996 AND 3229005
	Aggregate  (cost=39.33..39.34 rows=1 width=8)
	  ->  Index Scan using sbtest2_pkey on sbtest2  (cost=0.43..39.30 rows=10 width=4)
	        Index Cond: ((id >= 3228996) AND (id <= 3229005))

table 3 : explain SELECT SUM(k) FROM sbtest3 WHERE id BETWEEN 7061659 AND 7061668
	Aggregate  (cost=39.08..39.09 rows=1 width=8)
	  ->  Index Scan using sbtest3_pkey on sbtest3  (cost=0.43..39.05 rows=10 width=4)
	        Index Cond: ((id >= 7061659) AND (id <= 7061668))

table 4 : explain SELECT SUM(k) FROM sbtest4 WHERE id BETWEEN 8756392 AND 8756401
	Aggregate  (cost=39.55..39.56 rows=1 width=8)
	  ->  Index Scan using sbtest4_pkey on sbtest4  (cost=0.43..39.52 rows=10 width=4)
	        Index Cond: ((id >= 8756392) AND (id <= 8756401))

table 5 : explain SELECT SUM(k) FROM sbtest5 WHERE id BETWEEN 291789 AND 291798
	Aggregate  (cost=35.91..35.92 rows=1 width=8)
	  ->  Index Scan using sbtest5_pkey on sbtest5  (cost=0.43..35.89 rows=9 width=4)
	        Index Cond: ((id >= 291789) AND (id <= 291798))

table 6 : explain SELECT SUM(k) FROM sbtest6 WHERE id BETWEEN 7351900 AND 7351909
	Aggregate  (cost=42.90..42.91 rows=1 width=8)
	  ->  Index Scan using sbtest6_pkey on sbtest6  (cost=0.43..42.88 rows=11 width=4)
	        Index Cond: ((id >= 7351900) AND (id <= 7351909))

table 7 : explain SELECT SUM(k) FROM sbtest7 WHERE id BETWEEN 9865733 AND 9865742
	Aggregate  (cost=39.55..39.56 rows=1 width=8)
	  ->  Index Scan using sbtest7_pkey on sbtest7  (cost=0.43..39.53 rows=10 width=4)
	        Index Cond: ((id >= 9865733) AND (id <= 9865742))

table 8 : explain SELECT SUM(k) FROM sbtest8 WHERE id BETWEEN 311191 AND 311200
	Aggregate  (cost=35.90..35.91 rows=1 width=8)
	  ->  Index Scan using sbtest8_pkey on sbtest8  (cost=0.43..35.88 rows=9 width=4)
	        Index Cond: ((id >= 311191) AND (id <= 311200))

for inserts
table 1 : explain INSERT INTO sbtest1 (id, k, c, pad) VALUES (7420403, 13, 'foobar', 'foobar')
	Insert on sbtest1  (cost=0.00..0.01 rows=0 width=0)
	  ->  Result  (cost=0.00..0.01 rows=1 width=736)

table 2 : explain INSERT INTO sbtest2 (id, k, c, pad) VALUES (3135228, 13, 'foobar', 'foobar')
	Insert on sbtest2  (cost=0.00..0.01 rows=0 width=0)
	  ->  Result  (cost=0.00..0.01 rows=1 width=736)

table 3 : explain INSERT INTO sbtest3 (id, k, c, pad) VALUES (1846061, 13, 'foobar', 'foobar')
	Insert on sbtest3  (cost=0.00..0.01 rows=0 width=0)
	  ->  Result  (cost=0.00..0.01 rows=1 width=736)

table 4 : explain INSERT INTO sbtest4 (id, k, c, pad) VALUES (7100935, 13, 'foobar', 'foobar')
	Insert on sbtest4  (cost=0.00..0.01 rows=0 width=0)
	  ->  Result  (cost=0.00..0.01 rows=1 width=736)

table 5 : explain INSERT INTO sbtest5 (id, k, c, pad) VALUES (5906722, 13, 'foobar', 'foobar')
	Insert on sbtest5  (cost=0.00..0.01 rows=0 width=0)
	  ->  Result  (cost=0.00..0.01 rows=1 width=736)

table 6 : explain INSERT INTO sbtest6 (id, k, c, pad) VALUES (6523887, 13, 'foobar', 'foobar')
	Insert on sbtest6  (cost=0.00..0.01 rows=0 width=0)
	  ->  Result  (cost=0.00..0.01 rows=1 width=736)

table 7 : explain INSERT INTO sbtest7 (id, k, c, pad) VALUES (3660495, 13, 'foobar', 'foobar')
	Insert on sbtest7  (cost=0.00..0.01 rows=0 width=0)
	  ->  Result  (cost=0.00..0.01 rows=1 width=736)

table 8 : explain INSERT INTO sbtest8 (id, k, c, pad) VALUES (5513177, 13, 'foobar', 'foobar')
	Insert on sbtest8  (cost=0.00..0.01 rows=0 width=0)
	  ->  Result  (cost=0.00..0.01 rows=1 width=736)

for inserts
table 1 : explain INSERT INTO sbtest1 (id, k, c, pad) VALUES (3864736, 13, 'foobar', 'foobar')
	Insert on sbtest1  (cost=0.00..0.01 rows=0 width=0)
	  ->  Result  (cost=0.00..0.01 rows=1 width=736)

table 2 : explain INSERT INTO sbtest2 (id, k, c, pad) VALUES (6216691, 13, 'foobar', 'foobar')
	Insert on sbtest2  (cost=0.00..0.01 rows=0 width=0)
	  ->  Result  (cost=0.00..0.01 rows=1 width=736)

table 3 : explain INSERT INTO sbtest3 (id, k, c, pad) VALUES (8683874, 13, 'foobar', 'foobar')
	Insert on sbtest3  (cost=0.00..0.01 rows=0 width=0)
	  ->  Result  (cost=0.00..0.01 rows=1 width=736)

table 4 : explain INSERT INTO sbtest4 (id, k, c, pad) VALUES (7794148, 13, 'foobar', 'foobar')
	Insert on sbtest4  (cost=0.00..0.01 rows=0 width=0)
	  ->  Result  (cost=0.00..0.01 rows=1 width=736)

table 5 : explain INSERT INTO sbtest5 (id, k, c, pad) VALUES (8170503, 13, 'foobar', 'foobar')
	Insert on sbtest5  (cost=0.00..0.01 rows=0 width=0)
	  ->  Result  (cost=0.00..0.01 rows=1 width=736)

table 6 : explain INSERT INTO sbtest6 (id, k, c, pad) VALUES (5547645, 13, 'foobar', 'foobar')
	Insert on sbtest6  (cost=0.00..0.01 rows=0 width=0)
	  ->  Result  (cost=0.00..0.01 rows=1 width=736)

table 7 : explain INSERT INTO sbtest7 (id, k, c, pad) VALUES (6152728, 13, 'foobar', 'foobar')
	Insert on sbtest7  (cost=0.00..0.01 rows=0 width=0)
	  ->  Result  (cost=0.00..0.01 rows=1 width=736)

table 8 : explain INSERT INTO sbtest8 (id, k, c, pad) VALUES (6630383, 13, 'foobar', 'foobar')
	Insert on sbtest8  (cost=0.00..0.01 rows=0 width=0)
	  ->  Result  (cost=0.00..0.01 rows=1 width=736)

for inserts
table 1 : explain INSERT INTO sbtest1 (id, k, c, pad) VALUES (6623226, 13, 'foobar', 'foobar')
	Insert on sbtest1  (cost=0.00..0.01 rows=0 width=0)
	  ->  Result  (cost=0.00..0.01 rows=1 width=736)

table 2 : explain INSERT INTO sbtest2 (id, k, c, pad) VALUES (1539264, 13, 'foobar', 'foobar')
	Insert on sbtest2  (cost=0.00..0.01 rows=0 width=0)
	  ->  Result  (cost=0.00..0.01 rows=1 width=736)

table 3 : explain INSERT INTO sbtest3 (id, k, c, pad) VALUES (1809937, 13, 'foobar', 'foobar')
	Insert on sbtest3  (cost=0.00..0.01 rows=0 width=0)
	  ->  Result  (cost=0.00..0.01 rows=1 width=736)

table 4 : explain INSERT INTO sbtest4 (id, k, c, pad) VALUES (5456252, 13, 'foobar', 'foobar')
	Insert on sbtest4  (cost=0.00..0.01 rows=0 width=0)
	  ->  Result  (cost=0.00..0.01 rows=1 width=736)

table 5 : explain INSERT INTO sbtest5 (id, k, c, pad) VALUES (9044500, 13, 'foobar', 'foobar')
	Insert on sbtest5  (cost=0.00..0.01 rows=0 width=0)
	  ->  Result  (cost=0.00..0.01 rows=1 width=736)

table 6 : explain INSERT INTO sbtest6 (id, k, c, pad) VALUES (2159458, 13, 'foobar', 'foobar')
	Insert on sbtest6  (cost=0.00..0.01 rows=0 width=0)
	  ->  Result  (cost=0.00..0.01 rows=1 width=736)

table 7 : explain INSERT INTO sbtest7 (id, k, c, pad) VALUES (7987352, 13, 'foobar', 'foobar')
	Insert on sbtest7  (cost=0.00..0.01 rows=0 width=0)
	  ->  Result  (cost=0.00..0.01 rows=1 width=736)

table 8 : explain INSERT INTO sbtest8 (id, k, c, pad) VALUES (9322424, 13, 'foobar', 'foobar')
	Insert on sbtest8  (cost=0.00..0.01 rows=0 width=0)
	  ->  Result  (cost=0.00..0.01 rows=1 width=736)
explain: for point_selects :: explain SELECT c FROM sbtest%u WHERE id=%u

explain: for point_selects :: explain SELECT c FROM sbtest%u WHERE id=%u
explain: for index_updates :: explain UPDATE sbtest%u SET k=k+1 WHERE id=%u
for: order_ranges
table 1 : explain SELECT c FROM sbtest1 WHERE id BETWEEN 4852717 AND 4852726 ORDER BY c
	Sort  (cost=39.53..39.56 rows=10 width=121)
	  Sort Key: c
	  ->  Index Scan using sbtest1_pkey on sbtest1  (cost=0.43..39.37 rows=10 width=121)
	        Index Cond: ((id >= 4852717) AND (id <= 4852726))

table 2 : explain SELECT c FROM sbtest2 WHERE id BETWEEN 3455002 AND 3455011 ORDER BY c
	Sort  (cost=39.47..39.49 rows=10 width=121)
	  Sort Key: c
	  ->  Index Scan using sbtest2_pkey on sbtest2  (cost=0.43..39.30 rows=10 width=121)
	        Index Cond: ((id >= 3455002) AND (id <= 3455011))

table 3 : explain SELECT c FROM sbtest3 WHERE id BETWEEN 2109803 AND 2109812 ORDER BY c
	Sort  (cost=39.22..39.25 rows=10 width=121)
	  Sort Key: c
	  ->  Index Scan using sbtest3_pkey on sbtest3  (cost=0.43..39.05 rows=10 width=121)
	        Index Cond: ((id >= 2109803) AND (id <= 2109812))

table 4 : explain SELECT c FROM sbtest4 WHERE id BETWEEN 1510367 AND 1510376 ORDER BY c
	Sort  (cost=39.69..39.71 rows=10 width=121)
	  Sort Key: c
	  ->  Index Scan using sbtest4_pkey on sbtest4  (cost=0.43..39.52 rows=10 width=121)
	        Index Cond: ((id >= 1510367) AND (id <= 1510376))

table 5 : explain SELECT c FROM sbtest5 WHERE id BETWEEN 6363215 AND 6363224 ORDER BY c
	Sort  (cost=39.49..39.51 rows=10 width=121)
	  Sort Key: c
	  ->  Index Scan using sbtest5_pkey on sbtest5  (cost=0.43..39.32 rows=10 width=121)
	        Index Cond: ((id >= 6363215) AND (id <= 6363224))

table 6 : explain SELECT c FROM sbtest6 WHERE id BETWEEN 8503666 AND 8503675 ORDER BY c
	Sort  (cost=39.60..39.62 rows=10 width=121)
	  Sort Key: c
	  ->  Index Scan using sbtest6_pkey on sbtest6  (cost=0.43..39.43 rows=10 width=121)
	        Index Cond: ((id >= 8503666) AND (id <= 8503675))

table 7 : explain SELECT c FROM sbtest7 WHERE id BETWEEN 2394630 AND 2394639 ORDER BY c
	Sort  (cost=36.22..36.24 rows=9 width=121)
	  Sort Key: c
	  ->  Index Scan using sbtest7_pkey on sbtest7  (cost=0.43..36.08 rows=9 width=121)
	        Index Cond: ((id >= 2394630) AND (id <= 2394639))

table 8 : explain SELECT c FROM sbtest8 WHERE id BETWEEN 1392315 AND 1392324 ORDER BY c
	Sort  (cost=42.93..42.96 rows=11 width=121)
	  Sort Key: c
	  ->  Index Scan using sbtest8_pkey on sbtest8  (cost=0.43..42.74 rows=11 width=121)
	        Index Cond: ((id >= 1392315) AND (id <= 1392324))

for: sum_ranges
table 1 : explain SELECT SUM(k) FROM sbtest1 WHERE id BETWEEN 6812030 AND 6812039
	Aggregate  (cost=39.39..39.40 rows=1 width=8)
	  ->  Index Scan using sbtest1_pkey on sbtest1  (cost=0.43..39.37 rows=10 width=4)
	        Index Cond: ((id >= 6812030) AND (id <= 6812039))

table 2 : explain SELECT SUM(k) FROM sbtest2 WHERE id BETWEEN 2485335 AND 2485344
	Aggregate  (cost=35.90..35.91 rows=1 width=8)
	  ->  Index Scan using sbtest2_pkey on sbtest2  (cost=0.43..35.87 rows=9 width=4)
	        Index Cond: ((id >= 2485335) AND (id <= 2485344))

table 3 : explain SELECT SUM(k) FROM sbtest3 WHERE id BETWEEN 8018734 AND 8018743
	Aggregate  (cost=35.68..35.69 rows=1 width=8)
	  ->  Index Scan using sbtest3_pkey on sbtest3  (cost=0.43..35.65 rows=9 width=4)
	        Index Cond: ((id >= 8018734) AND (id <= 8018743))

table 4 : explain SELECT SUM(k) FROM sbtest4 WHERE id BETWEEN 5326210 AND 5326219
	Aggregate  (cost=39.55..39.56 rows=1 width=8)
	  ->  Index Scan using sbtest4_pkey on sbtest4  (cost=0.43..39.52 rows=10 width=4)
	        Index Cond: ((id >= 5326210) AND (id <= 5326219))

table 5 : explain SELECT SUM(k) FROM sbtest5 WHERE id BETWEEN 2629510 AND 2629519
	Aggregate  (cost=39.34..39.35 rows=1 width=8)
	  ->  Index Scan using sbtest5_pkey on sbtest5  (cost=0.43..39.32 rows=10 width=4)
	        Index Cond: ((id >= 2629510) AND (id <= 2629519))

table 6 : explain SELECT SUM(k) FROM sbtest6 WHERE id BETWEEN 1544718 AND 1544727
	Aggregate  (cost=36.01..36.02 rows=1 width=8)
	  ->  Index Scan using sbtest6_pkey on sbtest6  (cost=0.43..35.99 rows=9 width=4)
	        Index Cond: ((id >= 1544718) AND (id <= 1544727))

table 7 : explain SELECT SUM(k) FROM sbtest7 WHERE id BETWEEN 3789616 AND 3789625
	Aggregate  (cost=39.55..39.56 rows=1 width=8)
	  ->  Index Scan using sbtest7_pkey on sbtest7  (cost=0.43..39.53 rows=10 width=4)
	        Index Cond: ((id >= 3789616) AND (id <= 3789625))

table 8 : explain SELECT SUM(k) FROM sbtest8 WHERE id BETWEEN 105722 AND 105731
	Aggregate  (cost=39.34..39.35 rows=1 width=8)
	  ->  Index Scan using sbtest8_pkey on sbtest8  (cost=0.43..39.31 rows=10 width=4)
	        Index Cond: ((id >= 105722) AND (id <= 105731))

for index_updates
table 1 : explain UPDATE sbtest1 SET k=k+1 WHERE id=741509
	Update on sbtest1  (cost=0.43..8.46 rows=0 width=0)
	  ->  Index Scan using sbtest1_pkey on sbtest1  (cost=0.43..8.46 rows=1 width=10)
	        Index Cond: (id = 741509)

table 2 : explain UPDATE sbtest2 SET k=k+1 WHERE id=282913
	Update on sbtest2  (cost=0.43..8.46 rows=0 width=0)
	  ->  Index Scan using sbtest2_pkey on sbtest2  (cost=0.43..8.46 rows=1 width=10)
	        Index Cond: (id = 282913)

table 3 : explain UPDATE sbtest3 SET k=k+1 WHERE id=2958043
	Update on sbtest3  (cost=0.43..8.46 rows=0 width=0)
	  ->  Index Scan using sbtest3_pkey on sbtest3  (cost=0.43..8.46 rows=1 width=10)
	        Index Cond: (id = 2958043)

table 4 : explain UPDATE sbtest4 SET k=k+1 WHERE id=6235504
	Update on sbtest4  (cost=0.43..8.46 rows=0 width=0)
	  ->  Index Scan using sbtest4_pkey on sbtest4  (cost=0.43..8.46 rows=1 width=10)
	        Index Cond: (id = 6235504)

table 5 : explain UPDATE sbtest5 SET k=k+1 WHERE id=57045
	Update on sbtest5  (cost=0.43..8.46 rows=0 width=0)
	  ->  Index Scan using sbtest5_pkey on sbtest5  (cost=0.43..8.46 rows=1 width=10)
	        Index Cond: (id = 57045)

table 6 : explain UPDATE sbtest6 SET k=k+1 WHERE id=7268227
	Update on sbtest6  (cost=0.43..8.46 rows=0 width=0)
	  ->  Index Scan using sbtest6_pkey on sbtest6  (cost=0.43..8.46 rows=1 width=10)
	        Index Cond: (id = 7268227)

table 7 : explain UPDATE sbtest7 SET k=k+1 WHERE id=2886116
	Update on sbtest7  (cost=0.43..8.46 rows=0 width=0)
	  ->  Index Scan using sbtest7_pkey on sbtest7  (cost=0.43..8.46 rows=1 width=10)
	        Index Cond: (id = 2886116)

table 8 : explain UPDATE sbtest8 SET k=k+1 WHERE id=1291323
	Update on sbtest8  (cost=0.43..8.46 rows=0 width=0)
	  ->  Index Scan using sbtest8_pkey on sbtest8  (cost=0.43..8.46 rows=1 width=10)
	        Index Cond: (id = 1291323)

for: distinct_ranges
table 1 : explain SELECT DISTINCT c FROM sbtest1 WHERE id BETWEEN 302566 AND 302575 ORDER BY c
	Unique  (cost=36.07..36.12 rows=9 width=121)
	  ->  Sort  (cost=36.07..36.10 rows=9 width=121)
	        Sort Key: c
	        ->  Index Scan using sbtest1_pkey on sbtest1  (cost=0.43..35.93 rows=9 width=121)
	              Index Cond: ((id >= 302566) AND (id <= 302575))

table 2 : explain SELECT DISTINCT c FROM sbtest2 WHERE id BETWEEN 8844849 AND 8844858 ORDER BY c
	Unique  (cost=39.47..39.52 rows=10 width=121)
	  ->  Sort  (cost=39.47..39.49 rows=10 width=121)
	        Sort Key: c
	        ->  Index Scan using sbtest2_pkey on sbtest2  (cost=0.43..39.30 rows=10 width=121)
	              Index Cond: ((id >= 8844849) AND (id <= 8844858))

table 3 : explain SELECT DISTINCT c FROM sbtest3 WHERE id BETWEEN 8460470 AND 8460479 ORDER BY c
	Unique  (cost=42.65..42.70 rows=11 width=121)
	  ->  Sort  (cost=42.65..42.67 rows=11 width=121)
	        Sort Key: c
	        ->  Index Scan using sbtest3_pkey on sbtest3  (cost=0.43..42.45 rows=11 width=121)
	              Index Cond: ((id >= 8460470) AND (id <= 8460479))

table 4 : explain SELECT DISTINCT c FROM sbtest4 WHERE id BETWEEN 9675241 AND 9675250 ORDER BY c
	Unique  (cost=36.21..36.26 rows=9 width=121)
	  ->  Sort  (cost=36.21..36.23 rows=9 width=121)
	        Sort Key: c
	        ->  Index Scan using sbtest4_pkey on sbtest4  (cost=0.43..36.07 rows=9 width=121)
	              Index Cond: ((id >= 9675241) AND (id <= 9675250))

table 5 : explain SELECT DISTINCT c FROM sbtest5 WHERE id BETWEEN 9557563 AND 9557572 ORDER BY c
	Unique  (cost=39.49..39.54 rows=10 width=121)
	  ->  Sort  (cost=39.49..39.51 rows=10 width=121)
	        Sort Key: c
	        ->  Index Scan using sbtest5_pkey on sbtest5  (cost=0.43..39.32 rows=10 width=121)
	              Index Cond: ((id >= 9557563) AND (id <= 9557572))

table 6 : explain SELECT DISTINCT c FROM sbtest6 WHERE id BETWEEN 408416 AND 408425 ORDER BY c
	Unique  (cost=39.60..39.65 rows=10 width=121)
	  ->  Sort  (cost=39.60..39.62 rows=10 width=121)
	        Sort Key: c
	        ->  Index Scan using sbtest6_pkey on sbtest6  (cost=0.43..39.43 rows=10 width=121)
	              Index Cond: ((id >= 408416) AND (id <= 408425))

table 7 : explain SELECT DISTINCT c FROM sbtest7 WHERE id BETWEEN 8672484 AND 8672493 ORDER BY c
	Unique  (cost=39.70..39.75 rows=10 width=121)
	  ->  Sort  (cost=39.70..39.72 rows=10 width=121)
	        Sort Key: c
	        ->  Index Scan using sbtest7_pkey on sbtest7  (cost=0.43..39.53 rows=10 width=121)
	              Index Cond: ((id >= 8672484) AND (id <= 8672493))

table 8 : explain SELECT DISTINCT c FROM sbtest8 WHERE id BETWEEN 7641747 AND 7641756 ORDER BY c
	Unique  (cost=36.02..36.07 rows=9 width=121)
	  ->  Sort  (cost=36.02..36.05 rows=9 width=121)
	        Sort Key: c
	        ->  Index Scan using sbtest8_pkey on sbtest8  (cost=0.43..35.88 rows=9 width=121)
	              Index Cond: ((id >= 7641747) AND (id <= 7641756))

explain: for index_updates :: explain UPDATE sbtest%u SET k=k+1 WHERE id=%u
explain: for non_index_updates :: explain UPDATE sbtest%u SET c='foobar' WHERE id=%u
for: order_ranges
table 1 : explain SELECT c FROM sbtest1 WHERE id BETWEEN 4672636 AND 4672645 ORDER BY c
	Sort  (cost=39.53..39.56 rows=10 width=121)
	  Sort Key: c
	  ->  Index Scan using sbtest1_pkey on sbtest1  (cost=0.43..39.37 rows=10 width=121)
	        Index Cond: ((id >= 4672636) AND (id <= 4672645))

table 2 : explain SELECT c FROM sbtest2 WHERE id BETWEEN 995805 AND 995814 ORDER BY c
	Sort  (cost=39.47..39.49 rows=10 width=121)
	  Sort Key: c
	  ->  Index Scan using sbtest2_pkey on sbtest2  (cost=0.43..39.30 rows=10 width=121)
	        Index Cond: ((id >= 995805) AND (id <= 995814))

table 3 : explain SELECT c FROM sbtest3 WHERE id BETWEEN 2653387 AND 2653396 ORDER BY c
	Sort  (cost=39.22..39.25 rows=10 width=121)
	  Sort Key: c
	  ->  Index Scan using sbtest3_pkey on sbtest3  (cost=0.43..39.05 rows=10 width=121)
	        Index Cond: ((id >= 2653387) AND (id <= 2653396))

table 4 : explain SELECT c FROM sbtest4 WHERE id BETWEEN 4015872 AND 4015881 ORDER BY c
	Sort  (cost=43.16..43.19 rows=11 width=121)
	  Sort Key: c
	  ->  Index Scan using sbtest4_pkey on sbtest4  (cost=0.43..42.97 rows=11 width=121)
	        Index Cond: ((id >= 4015872) AND (id <= 4015881))

table 5 : explain SELECT c FROM sbtest5 WHERE id BETWEEN 5572010 AND 5572019 ORDER BY c
	Sort  (cost=39.49..39.51 rows=10 width=121)
	  Sort Key: c
	  ->  Index Scan using sbtest5_pkey on sbtest5  (cost=0.43..39.32 rows=10 width=121)
	        Index Cond: ((id >= 5572010) AND (id <= 5572019))

table 6 : explain SELECT c FROM sbtest6 WHERE id BETWEEN 1384574 AND 1384583 ORDER BY c
	Sort  (cost=39.60..39.62 rows=10 width=121)
	  Sort Key: c
	  ->  Index Scan using sbtest6_pkey on sbtest6  (cost=0.43..39.43 rows=10 width=121)
	        Index Cond: ((id >= 1384574) AND (id <= 1384583))

table 7 : explain SELECT c FROM sbtest7 WHERE id BETWEEN 8053068 AND 8053077 ORDER BY c
	Sort  (cost=39.70..39.72 rows=10 width=121)
	  Sort Key: c
	  ->  Index Scan using sbtest7_pkey on sbtest7  (cost=0.43..39.53 rows=10 width=121)
	        Index Cond: ((id >= 8053068) AND (id <= 8053077))

table 8 : explain SELECT c FROM sbtest8 WHERE id BETWEEN 8018392 AND 8018401 ORDER BY c
	Sort  (cost=39.48..39.50 rows=10 width=121)
	  Sort Key: c
	  ->  Index Scan using sbtest8_pkey on sbtest8  (cost=0.43..39.31 rows=10 width=121)
	        Index Cond: ((id >= 8018392) AND (id <= 8018401))

for index_updates
table 1 : explain UPDATE sbtest1 SET k=k+1 WHERE id=1357672
	Update on sbtest1  (cost=0.43..8.46 rows=0 width=0)
	  ->  Index Scan using sbtest1_pkey on sbtest1  (cost=0.43..8.46 rows=1 width=10)
	        Index Cond: (id = 1357672)

table 2 : explain UPDATE sbtest2 SET k=k+1 WHERE id=6105444
	Update on sbtest2  (cost=0.43..8.46 rows=0 width=0)
	  ->  Index Scan using sbtest2_pkey on sbtest2  (cost=0.43..8.46 rows=1 width=10)
	        Index Cond: (id = 6105444)

table 3 : explain UPDATE sbtest3 SET k=k+1 WHERE id=8012571
	Update on sbtest3  (cost=0.43..8.46 rows=0 width=0)
	  ->  Index Scan using sbtest3_pkey on sbtest3  (cost=0.43..8.46 rows=1 width=10)
	        Index Cond: (id = 8012571)

table 4 : explain UPDATE sbtest4 SET k=k+1 WHERE id=4158074
	Update on sbtest4  (cost=0.43..8.46 rows=0 width=0)
	  ->  Index Scan using sbtest4_pkey on sbtest4  (cost=0.43..8.46 rows=1 width=10)
	        Index Cond: (id = 4158074)

table 5 : explain UPDATE sbtest5 SET k=k+1 WHERE id=8009919
	Update on sbtest5  (cost=0.43..8.46 rows=0 width=0)
	  ->  Index Scan using sbtest5_pkey on sbtest5  (cost=0.43..8.46 rows=1 width=10)
	        Index Cond: (id = 8009919)

table 6 : explain UPDATE sbtest6 SET k=k+1 WHERE id=3015815
	Update on sbtest6  (cost=0.43..8.46 rows=0 width=0)
	  ->  Index Scan using sbtest6_pkey on sbtest6  (cost=0.43..8.46 rows=1 width=10)
	        Index Cond: (id = 3015815)

table 7 : explain UPDATE sbtest7 SET k=k+1 WHERE id=7399641
	Update on sbtest7  (cost=0.43..8.46 rows=0 width=0)
	  ->  Index Scan using sbtest7_pkey on sbtest7  (cost=0.43..8.46 rows=1 width=10)
	        Index Cond: (id = 7399641)

table 8 : explain UPDATE sbtest8 SET k=k+1 WHERE id=8410919
	Update on sbtest8  (cost=0.43..8.46 rows=0 width=0)
	  ->  Index Scan using sbtest8_pkey on sbtest8  (cost=0.43..8.46 rows=1 width=10)
	        Index Cond: (id = 8410919)

for: distinct_ranges
table 1 : explain SELECT DISTINCT c FROM sbtest1 WHERE id BETWEEN 9562531 AND 9562540 ORDER BY c
	Unique  (cost=39.53..39.58 rows=10 width=121)
	  ->  Sort  (cost=39.53..39.56 rows=10 width=121)
	        Sort Key: c
	        ->  Index Scan using sbtest1_pkey on sbtest1  (cost=0.43..39.37 rows=10 width=121)
	              Index Cond: ((id >= 9562531) AND (id <= 9562540))

table 2 : explain SELECT DISTINCT c FROM sbtest2 WHERE id BETWEEN 4566414 AND 4566423 ORDER BY c
	Unique  (cost=42.92..42.97 rows=11 width=121)
	  ->  Sort  (cost=42.92..42.95 rows=11 width=121)
	        Sort Key: c
	        ->  Index Scan using sbtest2_pkey on sbtest2  (cost=0.43..42.73 rows=11 width=121)
	              Index Cond: ((id >= 4566414) AND (id <= 4566423))

table 3 : explain SELECT DISTINCT c FROM sbtest3 WHERE id BETWEEN 9765366 AND 9765375 ORDER BY c
	Unique  (cost=39.22..39.27 rows=10 width=121)
	  ->  Sort  (cost=39.22..39.25 rows=10 width=121)
	        Sort Key: c
	        ->  Index Scan using sbtest3_pkey on sbtest3  (cost=0.43..39.05 rows=10 width=121)
	              Index Cond: ((id >= 9765366) AND (id <= 9765375))

table 4 : explain SELECT DISTINCT c FROM sbtest4 WHERE id BETWEEN 9109006 AND 9109015 ORDER BY c
	Unique  (cost=43.16..43.22 rows=11 width=121)
	  ->  Sort  (cost=43.16..43.19 rows=11 width=121)
	        Sort Key: c
	        ->  Index Scan using sbtest4_pkey on sbtest4  (cost=0.43..42.97 rows=11 width=121)
	              Index Cond: ((id >= 9109006) AND (id <= 9109015))

table 5 : explain SELECT DISTINCT c FROM sbtest5 WHERE id BETWEEN 6639412 AND 6639421 ORDER BY c
	Unique  (cost=39.49..39.54 rows=10 width=121)
	  ->  Sort  (cost=39.49..39.51 rows=10 width=121)
	        Sort Key: c
	        ->  Index Scan using sbtest5_pkey on sbtest5  (cost=0.43..39.32 rows=10 width=121)
	              Index Cond: ((id >= 6639412) AND (id <= 6639421))

table 6 : explain SELECT DISTINCT c FROM sbtest6 WHERE id BETWEEN 2895744 AND 2895753 ORDER BY c
	Unique  (cost=36.13..36.18 rows=9 width=121)
	  ->  Sort  (cost=36.13..36.16 rows=9 width=121)
	        Sort Key: c
	        ->  Index Scan using sbtest6_pkey on sbtest6  (cost=0.43..35.99 rows=9 width=121)
	              Index Cond: ((id >= 2895744) AND (id <= 2895753))

table 7 : explain SELECT DISTINCT c FROM sbtest7 WHERE id BETWEEN 5464537 AND 5464546 ORDER BY c
	Unique  (cost=39.70..39.75 rows=10 width=121)
	  ->  Sort  (cost=39.70..39.72 rows=10 width=121)
	        Sort Key: c
	        ->  Index Scan using sbtest7_pkey on sbtest7  (cost=0.43..39.53 rows=10 width=121)
	              Index Cond: ((id >= 5464537) AND (id <= 5464546))

table 8 : explain SELECT DISTINCT c FROM sbtest8 WHERE id BETWEEN 7152208 AND 7152217 ORDER BY c
	Unique  (cost=36.02..36.07 rows=9 width=121)
	  ->  Sort  (cost=36.02..36.05 rows=9 width=121)
	        Sort Key: c
	        ->  Index Scan using sbtest8_pkey on sbtest8  (cost=0.43..35.88 rows=9 width=121)
	              Index Cond: ((id >= 7152208) AND (id <= 7152217))

for: order_ranges
table 1 : explain SELECT c FROM sbtest1 WHERE id BETWEEN 2699118 AND 2699127 ORDER BY c
	Sort  (cost=36.07..36.10 rows=9 width=121)
	  Sort Key: c
	  ->  Index Scan using sbtest1_pkey on sbtest1  (cost=0.43..35.93 rows=9 width=121)
	        Index Cond: ((id >= 2699118) AND (id <= 2699127))

table 2 : explain SELECT c FROM sbtest2 WHERE id BETWEEN 692504 AND 692513 ORDER BY c
	Sort  (cost=36.02..36.04 rows=9 width=121)
	  Sort Key: c
	  ->  Index Scan using sbtest2_pkey on sbtest2  (cost=0.43..35.87 rows=9 width=121)
	        Index Cond: ((id >= 692504) AND (id <= 692513))

table 3 : explain SELECT c FROM sbtest3 WHERE id BETWEEN 6673690 AND 6673699 ORDER BY c
	Sort  (cost=42.65..42.67 rows=11 width=121)
	  Sort Key: c
	  ->  Index Scan using sbtest3_pkey on sbtest3  (cost=0.43..42.45 rows=11 width=121)
	        Index Cond: ((id >= 6673690) AND (id <= 6673699))

table 4 : explain SELECT c FROM sbtest4 WHERE id BETWEEN 6498038 AND 6498047 ORDER BY c
	Sort  (cost=39.69..39.71 rows=10 width=121)
	  Sort Key: c
	  ->  Index Scan using sbtest4_pkey on sbtest4  (cost=0.43..39.52 rows=10 width=121)
	        Index Cond: ((id >= 6498038) AND (id <= 6498047))

table 5 : explain SELECT c FROM sbtest5 WHERE id BETWEEN 9085277 AND 9085286 ORDER BY c
	Sort  (cost=39.49..39.51 rows=10 width=121)
	  Sort Key: c
	  ->  Index Scan using sbtest5_pkey on sbtest5  (cost=0.43..39.32 rows=10 width=121)
	        Index Cond: ((id >= 9085277) AND (id <= 9085286))

table 6 : explain SELECT c FROM sbtest6 WHERE id BETWEEN 874788 AND 874797 ORDER BY c
	Sort  (cost=43.07..43.09 rows=11 width=121)
	  Sort Key: c
	  ->  Index Scan using sbtest6_pkey on sbtest6  (cost=0.43..42.88 rows=11 width=121)
	        Index Cond: ((id >= 874788) AND (id <= 874797))

table 7 : explain SELECT c FROM sbtest7 WHERE id BETWEEN 7278260 AND 7278269 ORDER BY c
	Sort  (cost=39.70..39.72 rows=10 width=121)
	  Sort Key: c
	  ->  Index Scan using sbtest7_pkey on sbtest7  (cost=0.43..39.53 rows=10 width=121)
	        Index Cond: ((id >= 7278260) AND (id <= 7278269))

table 8 : explain SELECT c FROM sbtest8 WHERE id BETWEEN 4263122 AND 4263131 ORDER BY c
	Sort  (cost=39.48..39.50 rows=10 width=121)
	  Sort Key: c
	  ->  Index Scan using sbtest8_pkey on sbtest8  (cost=0.43..39.31 rows=10 width=121)
	        Index Cond: ((id >= 4263122) AND (id <= 4263131))

explain: for point_selects :: explain SELECT c FROM sbtest%u WHERE id=%u
for: sum_ranges
table 1 : explain SELECT SUM(k) FROM sbtest1 WHERE id BETWEEN 3545930 AND 3545939
	Aggregate  (cost=39.39..39.40 rows=1 width=8)
	  ->  Index Scan using sbtest1_pkey on sbtest1  (cost=0.43..39.37 rows=10 width=4)
	        Index Cond: ((id >= 3545930) AND (id <= 3545939))

table 2 : explain SELECT SUM(k) FROM sbtest2 WHERE id BETWEEN 2659263 AND 2659272
	Aggregate  (cost=39.33..39.34 rows=1 width=8)
	  ->  Index Scan using sbtest2_pkey on sbtest2  (cost=0.43..39.30 rows=10 width=4)
	        Index Cond: ((id >= 2659263) AND (id <= 2659272))

table 3 : explain SELECT SUM(k) FROM sbtest3 WHERE id BETWEEN 5488043 AND 5488052
	Aggregate  (cost=39.08..39.09 rows=1 width=8)
	  ->  Index Scan using sbtest3_pkey on sbtest3  (cost=0.43..39.05 rows=10 width=4)
	        Index Cond: ((id >= 5488043) AND (id <= 5488052))

table 4 : explain SELECT SUM(k) FROM sbtest4 WHERE id BETWEEN 4369931 AND 4369940
	Aggregate  (cost=39.55..39.56 rows=1 width=8)
	  ->  Index Scan using sbtest4_pkey on sbtest4  (cost=0.43..39.52 rows=10 width=4)
	        Index Cond: ((id >= 4369931) AND (id <= 4369940))

table 5 : explain SELECT SUM(k) FROM sbtest5 WHERE id BETWEEN 9696477 AND 9696486
	Aggregate  (cost=39.34..39.35 rows=1 width=8)
	  ->  Index Scan using sbtest5_pkey on sbtest5  (cost=0.43..39.32 rows=10 width=4)
	        Index Cond: ((id >= 9696477) AND (id <= 9696486))

table 6 : explain SELECT SUM(k) FROM sbtest6 WHERE id BETWEEN 3185821 AND 3185830
	Aggregate  (cost=36.01..36.02 rows=1 width=8)
	  ->  Index Scan using sbtest6_pkey on sbtest6  (cost=0.43..35.99 rows=9 width=4)
	        Index Cond: ((id >= 3185821) AND (id <= 3185830))

table 7 : explain SELECT SUM(k) FROM sbtest7 WHERE id BETWEEN 7020973 AND 7020982
	Aggregate  (cost=39.55..39.56 rows=1 width=8)
	  ->  Index Scan using sbtest7_pkey on sbtest7  (cost=0.43..39.53 rows=10 width=4)
	        Index Cond: ((id >= 7020973) AND (id <= 7020982))

table 8 : explain SELECT SUM(k) FROM sbtest8 WHERE id BETWEEN 8037960 AND 8037969
	Aggregate  (cost=39.34..39.35 rows=1 width=8)
	  ->  Index Scan using sbtest8_pkey on sbtest8  (cost=0.43..39.31 rows=10 width=4)
	        Index Cond: ((id >= 8037960) AND (id <= 8037969))

explain: for non_index_updates :: explain UPDATE sbtest%u SET c='foobar' WHERE id=%u
for point_selects
table 1 : explain SELECT c FROM sbtest1 WHERE id=5193528
	Index Scan using sbtest1_pkey on sbtest1  (cost=0.43..8.45 rows=1 width=121)
	  Index Cond: (id = 5193528)

table 2 : explain SELECT c FROM sbtest2 WHERE id=64937
	Index Scan using sbtest2_pkey on sbtest2  (cost=0.43..8.45 rows=1 width=121)
	  Index Cond: (id = 64937)

table 3 : explain SELECT c FROM sbtest3 WHERE id=8484462
	Index Scan using sbtest3_pkey on sbtest3  (cost=0.43..8.45 rows=1 width=121)
	  Index Cond: (id = 8484462)

table 4 : explain SELECT c FROM sbtest4 WHERE id=9813774
	Index Scan using sbtest4_pkey on sbtest4  (cost=0.43..8.45 rows=1 width=121)
	  Index Cond: (id = 9813774)

table 5 : explain SELECT c FROM sbtest5 WHERE id=4075358
	Index Scan using sbtest5_pkey on sbtest5  (cost=0.43..8.45 rows=1 width=121)
	  Index Cond: (id = 4075358)

table 6 : explain SELECT c FROM sbtest6 WHERE id=9490448
	Index Scan using sbtest6_pkey on sbtest6  (cost=0.43..8.45 rows=1 width=121)
	  Index Cond: (id = 9490448)

table 7 : explain SELECT c FROM sbtest7 WHERE id=3864175
	Index Scan using sbtest7_pkey on sbtest7  (cost=0.43..8.45 rows=1 width=121)
	  Index Cond: (id = 3864175)

table 8 : explain SELECT c FROM sbtest8 WHERE id=3183756
	Index Scan using sbtest8_pkey on sbtest8  (cost=0.43..8.45 rows=1 width=121)
	  Index Cond: (id = 3183756)

for: order_ranges
table 1 : explain SELECT c FROM sbtest1 WHERE id BETWEEN 7541720 AND 7541729 ORDER BY c
	Sort  (cost=39.53..39.56 rows=10 width=121)
	  Sort Key: c
	  ->  Index Scan using sbtest1_pkey on sbtest1  (cost=0.43..39.37 rows=10 width=121)
	        Index Cond: ((id >= 7541720) AND (id <= 7541729))

table 2 : explain SELECT c FROM sbtest2 WHERE id BETWEEN 3860151 AND 3860160 ORDER BY c
	Sort  (cost=36.02..36.04 rows=9 width=121)
	  Sort Key: c
	  ->  Index Scan using sbtest2_pkey on sbtest2  (cost=0.43..35.87 rows=9 width=121)
	        Index Cond: ((id >= 3860151) AND (id <= 3860160))

table 3 : explain SELECT c FROM sbtest3 WHERE id BETWEEN 3518186 AND 3518195 ORDER BY c
	Sort  (cost=39.22..39.25 rows=10 width=121)
	  Sort Key: c
	  ->  Index Scan using sbtest3_pkey on sbtest3  (cost=0.43..39.05 rows=10 width=121)
	        Index Cond: ((id >= 3518186) AND (id <= 3518195))

table 4 : explain SELECT c FROM sbtest4 WHERE id BETWEEN 700018 AND 700027 ORDER BY c
	Sort  (cost=43.16..43.19 rows=11 width=121)
	  Sort Key: c
	  ->  Index Scan using sbtest4_pkey on sbtest4  (cost=0.43..42.97 rows=11 width=121)
	        Index Cond: ((id >= 700018) AND (id <= 700027))

table 5 : explain SELECT c FROM sbtest5 WHERE id BETWEEN 8938012 AND 8938021 ORDER BY c
	Sort  (cost=39.49..39.51 rows=10 width=121)
	  Sort Key: c
	  ->  Index Scan using sbtest5_pkey on sbtest5  (cost=0.43..39.32 rows=10 width=121)
	        Index Cond: ((id >= 8938012) AND (id <= 8938021))

table 6 : explain SELECT c FROM sbtest6 WHERE id BETWEEN 2789835 AND 2789844 ORDER BY c
	Sort  (cost=39.60..39.62 rows=10 width=121)
	  Sort Key: c
	  ->  Index Scan using sbtest6_pkey on sbtest6  (cost=0.43..39.43 rows=10 width=121)
	        Index Cond: ((id >= 2789835) AND (id <= 2789844))

table 7 : explain SELECT c FROM sbtest7 WHERE id BETWEEN 6690430 AND 6690439 ORDER BY c
	Sort  (cost=39.70..39.72 rows=10 width=121)
	  Sort Key: c
	  ->  Index Scan using sbtest7_pkey on sbtest7  (cost=0.43..39.53 rows=10 width=121)
	        Index Cond: ((id >= 6690430) AND (id <= 6690439))

table 8 : explain SELECT c FROM sbtest8 WHERE id BETWEEN 2167125 AND 2167134 ORDER BY c
	Sort  (cost=36.02..36.05 rows=9 width=121)
	  Sort Key: c
	  ->  Index Scan using sbtest8_pkey on sbtest8  (cost=0.43..35.88 rows=9 width=121)
	        Index Cond: ((id >= 2167125) AND (id <= 2167134))

for: order_ranges
table 1 : explain SELECT c FROM sbtest1 WHERE id BETWEEN 5388411 AND 5388420 ORDER BY c
	Sort  (cost=39.53..39.56 rows=10 width=121)
	  Sort Key: c
	  ->  Index Scan using sbtest1_pkey on sbtest1  (cost=0.43..39.37 rows=10 width=121)
	        Index Cond: ((id >= 5388411) AND (id <= 5388420))

table 2 : explain SELECT c FROM sbtest2 WHERE id BETWEEN 5355651 AND 5355660 ORDER BY c
	Sort  (cost=39.47..39.49 rows=10 width=121)
	  Sort Key: c
	  ->  Index Scan using sbtest2_pkey on sbtest2  (cost=0.43..39.30 rows=10 width=121)
	        Index Cond: ((id >= 5355651) AND (id <= 5355660))

table 3 : explain SELECT c FROM sbtest3 WHERE id BETWEEN 9177001 AND 9177010 ORDER BY c
	Sort  (cost=42.65..42.67 rows=11 width=121)
	  Sort Key: c
	  ->  Index Scan using sbtest3_pkey on sbtest3  (cost=0.43..42.45 rows=11 width=121)
	        Index Cond: ((id >= 9177001) AND (id <= 9177010))

table 4 : explain SELECT c FROM sbtest4 WHERE id BETWEEN 2772788 AND 2772797 ORDER BY c
	Sort  (cost=43.16..43.19 rows=11 width=121)
	  Sort Key: c
	  ->  Index Scan using sbtest4_pkey on sbtest4  (cost=0.43..42.97 rows=11 width=121)
	        Index Cond: ((id >= 2772788) AND (id <= 2772797))

table 5 : explain SELECT c FROM sbtest5 WHERE id BETWEEN 6375497 AND 6375506 ORDER BY c
	Sort  (cost=39.49..39.51 rows=10 width=121)
	  Sort Key: c
	  ->  Index Scan using sbtest5_pkey on sbtest5  (cost=0.43..39.32 rows=10 width=121)
	        Index Cond: ((id >= 6375497) AND (id <= 6375506))

table 6 : explain SELECT c FROM sbtest6 WHERE id BETWEEN 5546805 AND 5546814 ORDER BY c
	Sort  (cost=39.60..39.62 rows=10 width=121)
	  Sort Key: c
	  ->  Index Scan using sbtest6_pkey on sbtest6  (cost=0.43..39.43 rows=10 width=121)
	        Index Cond: ((id >= 5546805) AND (id <= 5546814))

table 7 : explain SELECT c FROM sbtest7 WHERE id BETWEEN 5704560 AND 5704569 ORDER BY c
	Sort  (cost=39.70..39.72 rows=10 width=121)
	  Sort Key: c
	  ->  Index Scan using sbtest7_pkey on sbtest7  (cost=0.43..39.53 rows=10 width=121)
	        Index Cond: ((id >= 5704560) AND (id <= 5704569))

table 8 : explain SELECT c FROM sbtest8 WHERE id BETWEEN 1416834 AND 1416843 ORDER BY c
	Sort  (cost=42.93..42.96 rows=11 width=121)
	  Sort Key: c
	  ->  Index Scan using sbtest8_pkey on sbtest8  (cost=0.43..42.74 rows=11 width=121)
	        Index Cond: ((id >= 1416834) AND (id <= 1416843))

explain: for point_selects :: explain SELECT c FROM sbtest%u WHERE id=%u
for non_index_updates
table 1 : explain UPDATE sbtest1 SET c='foobar' WHERE id=7038881
	Update on sbtest1  (cost=0.43..8.45 rows=0 width=0)
	  ->  Index Scan using sbtest1_pkey on sbtest1  (cost=0.43..8.45 rows=1 width=490)
	        Index Cond: (id = 7038881)

table 2 : explain UPDATE sbtest2 SET c='foobar' WHERE id=6997747
	Update on sbtest2  (cost=0.43..8.45 rows=0 width=0)
	  ->  Index Scan using sbtest2_pkey on sbtest2  (cost=0.43..8.45 rows=1 width=490)
	        Index Cond: (id = 6997747)

table 3 : explain UPDATE sbtest3 SET c='foobar' WHERE id=9906071
	Update on sbtest3  (cost=0.43..8.45 rows=0 width=0)
	  ->  Index Scan using sbtest3_pkey on sbtest3  (cost=0.43..8.45 rows=1 width=490)
	        Index Cond: (id = 9906071)

table 4 : explain UPDATE sbtest4 SET c='foobar' WHERE id=8858462
	Update on sbtest4  (cost=0.43..8.45 rows=0 width=0)
	  ->  Index Scan using sbtest4_pkey on sbtest4  (cost=0.43..8.45 rows=1 width=490)
	        Index Cond: (id = 8858462)

table 5 : explain UPDATE sbtest5 SET c='foobar' WHERE id=2040633
	Update on sbtest5  (cost=0.43..8.45 rows=0 width=0)
	  ->  Index Scan using sbtest5_pkey on sbtest5  (cost=0.43..8.45 rows=1 width=490)
	        Index Cond: (id = 2040633)

table 6 : explain UPDATE sbtest6 SET c='foobar' WHERE id=5721624
	Update on sbtest6  (cost=0.43..8.45 rows=0 width=0)
	  ->  Index Scan using sbtest6_pkey on sbtest6  (cost=0.43..8.45 rows=1 width=490)
	        Index Cond: (id = 5721624)

table 7 : explain UPDATE sbtest7 SET c='foobar' WHERE id=4469145
	Update on sbtest7  (cost=0.43..8.45 rows=0 width=0)
	  ->  Index Scan using sbtest7_pkey on sbtest7  (cost=0.43..8.45 rows=1 width=490)
	        Index Cond: (id = 4469145)

table 8 : explain UPDATE sbtest8 SET c='foobar' WHERE id=5697530
	Update on sbtest8  (cost=0.43..8.45 rows=0 width=0)
	  ->  Index Scan using sbtest8_pkey on sbtest8  (cost=0.43..8.45 rows=1 width=490)
	        Index Cond: (id = 5697530)

explain: for deletes :: explain DELETE FROM sbtest%u WHERE id=%u
explain: for point_selects :: explain SELECT c FROM sbtest%u WHERE id=%u
for deletes
table 1 : explain DELETE FROM sbtest1 WHERE id=3864742
	Delete on sbtest1  (cost=0.43..8.45 rows=0 width=0)
	  ->  Index Scan using sbtest1_pkey on sbtest1  (cost=0.43..8.45 rows=1 width=6)
	        Index Cond: (id = 3864742)

table 2 : explain DELETE FROM sbtest2 WHERE id=8260361
	Delete on sbtest2  (cost=0.43..8.45 rows=0 width=0)
	  ->  Index Scan using sbtest2_pkey on sbtest2  (cost=0.43..8.45 rows=1 width=6)
	        Index Cond: (id = 8260361)

table 3 : explain DELETE FROM sbtest3 WHERE id=3247905
	Delete on sbtest3  (cost=0.43..8.45 rows=0 width=0)
	  ->  Index Scan using sbtest3_pkey on sbtest3  (cost=0.43..8.45 rows=1 width=6)
	        Index Cond: (id = 3247905)

table 4 : explain DELETE FROM sbtest4 WHERE id=2179915
	Delete on sbtest4  (cost=0.43..8.45 rows=0 width=0)
	  ->  Index Scan using sbtest4_pkey on sbtest4  (cost=0.43..8.45 rows=1 width=6)
	        Index Cond: (id = 2179915)

table 5 : explain DELETE FROM sbtest5 WHERE id=8330547
	Delete on sbtest5  (cost=0.43..8.45 rows=0 width=0)
	  ->  Index Scan using sbtest5_pkey on sbtest5  (cost=0.43..8.45 rows=1 width=6)
	        Index Cond: (id = 8330547)

table 6 : explain DELETE FROM sbtest6 WHERE id=6905580
	Delete on sbtest6  (cost=0.43..8.45 rows=0 width=0)
	  ->  Index Scan using sbtest6_pkey on sbtest6  (cost=0.43..8.45 rows=1 width=6)
	        Index Cond: (id = 6905580)

table 7 : explain DELETE FROM sbtest7 WHERE id=2912142
	Delete on sbtest7  (cost=0.43..8.45 rows=0 width=0)
	  ->  Index Scan using sbtest7_pkey on sbtest7  (cost=0.43..8.45 rows=1 width=6)
	        Index Cond: (id = 2912142)

table 8 : explain DELETE FROM sbtest8 WHERE id=2124075
	Delete on sbtest8  (cost=0.43..8.45 rows=0 width=0)
	  ->  Index Scan using sbtest8_pkey on sbtest8  (cost=0.43..8.45 rows=1 width=6)
	        Index Cond: (id = 2124075)

for: simple_ranges
table 1 : explain SELECT c FROM sbtest1 WHERE id BETWEEN 5737010 AND 5737019
	Index Scan using sbtest1_pkey on sbtest1  (cost=0.43..42.80 rows=11 width=121)
	  Index Cond: ((id >= 5737010) AND (id <= 5737019))

table 2 : explain SELECT c FROM sbtest2 WHERE id BETWEEN 4438230 AND 4438239
	Index Scan using sbtest2_pkey on sbtest2  (cost=0.43..35.87 rows=9 width=121)
	  Index Cond: ((id >= 4438230) AND (id <= 4438239))

table 3 : explain SELECT c FROM sbtest3 WHERE id BETWEEN 1097895 AND 1097904
	Index Scan using sbtest3_pkey on sbtest3  (cost=0.43..39.05 rows=10 width=121)
	  Index Cond: ((id >= 1097895) AND (id <= 1097904))

table 4 : explain SELECT c FROM sbtest4 WHERE id BETWEEN 7020614 AND 7020623
	Index Scan using sbtest4_pkey on sbtest4  (cost=0.43..42.97 rows=11 width=121)
	  Index Cond: ((id >= 7020614) AND (id <= 7020623))

table 5 : explain SELECT c FROM sbtest5 WHERE id BETWEEN 526858 AND 526867
	Index Scan using sbtest5_pkey on sbtest5  (cost=0.43..39.32 rows=10 width=121)
	  Index Cond: ((id >= 526858) AND (id <= 526867))

table 6 : explain SELECT c FROM sbtest6 WHERE id BETWEEN 9945981 AND 9945990
	Index Scan using sbtest6_pkey on sbtest6  (cost=0.43..42.88 rows=11 width=121)
	  Index Cond: ((id >= 9945981) AND (id <= 9945990))

table 7 : explain SELECT c FROM sbtest7 WHERE id BETWEEN 7310680 AND 7310689
	Index Scan using sbtest7_pkey on sbtest7  (cost=0.43..39.53 rows=10 width=121)
	  Index Cond: ((id >= 7310680) AND (id <= 7310689))

table 8 : explain SELECT c FROM sbtest8 WHERE id BETWEEN 2339887 AND 2339896
	Index Scan using sbtest8_pkey on sbtest8  (cost=0.43..39.31 rows=10 width=121)
	  Index Cond: ((id >= 2339887) AND (id <= 2339896))

for: order_ranges
table 1 : explain SELECT c FROM sbtest1 WHERE id BETWEEN 6272814 AND 6272823 ORDER BY c
	Sort  (cost=39.53..39.56 rows=10 width=121)
	  Sort Key: c
	  ->  Index Scan using sbtest1_pkey on sbtest1  (cost=0.43..39.37 rows=10 width=121)
	        Index Cond: ((id >= 6272814) AND (id <= 6272823))

table 2 : explain SELECT c FROM sbtest2 WHERE id BETWEEN 9192777 AND 9192786 ORDER BY c
	Sort  (cost=39.47..39.49 rows=10 width=121)
	  Sort Key: c
	  ->  Index Scan using sbtest2_pkey on sbtest2  (cost=0.43..39.30 rows=10 width=121)
	        Index Cond: ((id >= 9192777) AND (id <= 9192786))

table 3 : explain SELECT c FROM sbtest3 WHERE id BETWEEN 8737828 AND 8737837 ORDER BY c
	Sort  (cost=42.65..42.67 rows=11 width=121)
	  Sort Key: c
	  ->  Index Scan using sbtest3_pkey on sbtest3  (cost=0.43..42.45 rows=11 width=121)
	        Index Cond: ((id >= 8737828) AND (id <= 8737837))

table 4 : explain SELECT c FROM sbtest4 WHERE id BETWEEN 4988558 AND 4988567 ORDER BY c
	Sort  (cost=39.69..39.71 rows=10 width=121)
	  Sort Key: c
	  ->  Index Scan using sbtest4_pkey on sbtest4  (cost=0.43..39.52 rows=10 width=121)
	        Index Cond: ((id >= 4988558) AND (id <= 4988567))

table 5 : explain SELECT c FROM sbtest5 WHERE id BETWEEN 3772063 AND 3772072 ORDER BY c
	Sort  (cost=39.49..39.51 rows=10 width=121)
	  Sort Key: c
	  ->  Index Scan using sbtest5_pkey on sbtest5  (cost=0.43..39.32 rows=10 width=121)
	        Index Cond: ((id >= 3772063) AND (id <= 3772072))

table 6 : explain SELECT c FROM sbtest6 WHERE id BETWEEN 422541 AND 422550 ORDER BY c
	Sort  (cost=39.60..39.62 rows=10 width=121)
	  Sort Key: c
	  ->  Index Scan using sbtest6_pkey on sbtest6  (cost=0.43..39.43 rows=10 width=121)
	        Index Cond: ((id >= 422541) AND (id <= 422550))

table 7 : explain SELECT c FROM sbtest7 WHERE id BETWEEN 6417699 AND 6417708 ORDER BY c
	Sort  (cost=39.70..39.72 rows=10 width=121)
	  Sort Key: c
	  ->  Index Scan using sbtest7_pkey on sbtest7  (cost=0.43..39.53 rows=10 width=121)
	        Index Cond: ((id >= 6417699) AND (id <= 6417708))

table 8 : explain SELECT c FROM sbtest8 WHERE id BETWEEN 9901102 AND 9901111 ORDER BY c
	Sort  (cost=36.02..36.05 rows=9 width=121)
	  Sort Key: c
	  ->  Index Scan using sbtest8_pkey on sbtest8  (cost=0.43..35.88 rows=9 width=121)
	        Index Cond: ((id >= 9901102) AND (id <= 9901111))

for index_updates
table 1 : explain UPDATE sbtest1 SET k=k+1 WHERE id=8255899
	Update on sbtest1  (cost=0.43..8.46 rows=0 width=0)
	  ->  Index Scan using sbtest1_pkey on sbtest1  (cost=0.43..8.46 rows=1 width=10)
	        Index Cond: (id = 8255899)

table 2 : explain UPDATE sbtest2 SET k=k+1 WHERE id=4722592
	Update on sbtest2  (cost=0.43..8.46 rows=0 width=0)
	  ->  Index Scan using sbtest2_pkey on sbtest2  (cost=0.43..8.46 rows=1 width=10)
	        Index Cond: (id = 4722592)

table 3 : explain UPDATE sbtest3 SET k=k+1 WHERE id=9013619
	Update on sbtest3  (cost=0.43..8.46 rows=0 width=0)
	  ->  Index Scan using sbtest3_pkey on sbtest3  (cost=0.43..8.46 rows=1 width=10)
	        Index Cond: (id = 9013619)

table 4 : explain UPDATE sbtest4 SET k=k+1 WHERE id=6782508
	Update on sbtest4  (cost=0.43..8.46 rows=0 width=0)
	  ->  Index Scan using sbtest4_pkey on sbtest4  (cost=0.43..8.46 rows=1 width=10)
	        Index Cond: (id = 6782508)

table 5 : explain UPDATE sbtest5 SET k=k+1 WHERE id=9388162
	Update on sbtest5  (cost=0.43..8.46 rows=0 width=0)
	  ->  Index Scan using sbtest5_pkey on sbtest5  (cost=0.43..8.46 rows=1 width=10)
	        Index Cond: (id = 9388162)

table 6 : explain UPDATE sbtest6 SET k=k+1 WHERE id=7323502
	Update on sbtest6  (cost=0.43..8.46 rows=0 width=0)
	  ->  Index Scan using sbtest6_pkey on sbtest6  (cost=0.43..8.46 rows=1 width=10)
	        Index Cond: (id = 7323502)

table 7 : explain UPDATE sbtest7 SET k=k+1 WHERE id=5105604
	Update on sbtest7  (cost=0.43..8.46 rows=0 width=0)
	  ->  Index Scan using sbtest7_pkey on sbtest7  (cost=0.43..8.46 rows=1 width=10)
	        Index Cond: (id = 5105604)

table 8 : explain UPDATE sbtest8 SET k=k+1 WHERE id=5465742
	Update on sbtest8  (cost=0.43..8.46 rows=0 width=0)
	  ->  Index Scan using sbtest8_pkey on sbtest8  (cost=0.43..8.46 rows=1 width=10)
	        Index Cond: (id = 5465742)

for: distinct_ranges
table 1 : explain SELECT DISTINCT c FROM sbtest1 WHERE id BETWEEN 7557944 AND 7557953 ORDER BY c
	Unique  (cost=39.53..39.58 rows=10 width=121)
	  ->  Sort  (cost=39.53..39.56 rows=10 width=121)
	        Sort Key: c
	        ->  Index Scan using sbtest1_pkey on sbtest1  (cost=0.43..39.37 rows=10 width=121)
	              Index Cond: ((id >= 7557944) AND (id <= 7557953))

table 2 : explain SELECT DISTINCT c FROM sbtest2 WHERE id BETWEEN 465115 AND 465124 ORDER BY c
	Unique  (cost=39.47..39.52 rows=10 width=121)
	  ->  Sort  (cost=39.47..39.49 rows=10 width=121)
	        Sort Key: c
	        ->  Index Scan using sbtest2_pkey on sbtest2  (cost=0.43..39.30 rows=10 width=121)
	              Index Cond: ((id >= 465115) AND (id <= 465124))

table 3 : explain SELECT DISTINCT c FROM sbtest3 WHERE id BETWEEN 3415102 AND 3415111 ORDER BY c
	Unique  (cost=35.80..35.84 rows=9 width=121)
	  ->  Sort  (cost=35.80..35.82 rows=9 width=121)
	        Sort Key: c
	        ->  Index Scan using sbtest3_pkey on sbtest3  (cost=0.43..35.65 rows=9 width=121)
	              Index Cond: ((id >= 3415102) AND (id <= 3415111))

table 4 : explain SELECT DISTINCT c FROM sbtest4 WHERE id BETWEEN 5331121 AND 5331130 ORDER BY c
	Unique  (cost=39.69..39.74 rows=10 width=121)
	  ->  Sort  (cost=39.69..39.71 rows=10 width=121)
	        Sort Key: c
	        ->  Index Scan using sbtest4_pkey on sbtest4  (cost=0.43..39.52 rows=10 width=121)
	              Index Cond: ((id >= 5331121) AND (id <= 5331130))

table 5 : explain SELECT DISTINCT c FROM sbtest5 WHERE id BETWEEN 7754471 AND 7754480 ORDER BY c
	Unique  (cost=39.49..39.54 rows=10 width=121)
	  ->  Sort  (cost=39.49..39.51 rows=10 width=121)
	        Sort Key: c
	        ->  Index Scan using sbtest5_pkey on sbtest5  (cost=0.43..39.32 rows=10 width=121)
	              Index Cond: ((id >= 7754471) AND (id <= 7754480))

table 6 : explain SELECT DISTINCT c FROM sbtest6 WHERE id BETWEEN 7459602 AND 7459611 ORDER BY c
	Unique  (cost=39.60..39.65 rows=10 width=121)
	  ->  Sort  (cost=39.60..39.62 rows=10 width=121)
	        Sort Key: c
	        ->  Index Scan using sbtest6_pkey on sbtest6  (cost=0.43..39.43 rows=10 width=121)
	              Index Cond: ((id >= 7459602) AND (id <= 7459611))

table 7 : explain SELECT DISTINCT c FROM sbtest7 WHERE id BETWEEN 8513429 AND 8513438 ORDER BY c
	Unique  (cost=39.70..39.75 rows=10 width=121)
	  ->  Sort  (cost=39.70..39.72 rows=10 width=121)
	        Sort Key: c
	        ->  Index Scan using sbtest7_pkey on sbtest7  (cost=0.43..39.53 rows=10 width=121)
	              Index Cond: ((id >= 8513429) AND (id <= 8513438))

table 8 : explain SELECT DISTINCT c FROM sbtest8 WHERE id BETWEEN 9657322 AND 9657331 ORDER BY c
	Unique  (cost=36.02..36.07 rows=9 width=121)
	  ->  Sort  (cost=36.02..36.05 rows=9 width=121)
	        Sort Key: c
	        ->  Index Scan using sbtest8_pkey on sbtest8  (cost=0.43..35.88 rows=9 width=121)
	              Index Cond: ((id >= 9657322) AND (id <= 9657331))

explain: for point_selects :: explain SELECT c FROM sbtest%u WHERE id=%u
for point_selects
table 1 : explain SELECT c FROM sbtest1 WHERE id=5821484
	Index Scan using sbtest1_pkey on sbtest1  (cost=0.43..8.45 rows=1 width=121)
	  Index Cond: (id = 5821484)

table 2 : explain SELECT c FROM sbtest2 WHERE id=3122458
	Index Scan using sbtest2_pkey on sbtest2  (cost=0.43..8.45 rows=1 width=121)
	  Index Cond: (id = 3122458)

table 3 : explain SELECT c FROM sbtest3 WHERE id=4162372
	Index Scan using sbtest3_pkey on sbtest3  (cost=0.43..8.45 rows=1 width=121)
	  Index Cond: (id = 4162372)

table 4 : explain SELECT c FROM sbtest4 WHERE id=7385270
	Index Scan using sbtest4_pkey on sbtest4  (cost=0.43..8.45 rows=1 width=121)
	  Index Cond: (id = 7385270)

table 5 : explain SELECT c FROM sbtest5 WHERE id=4957755
	Index Scan using sbtest5_pkey on sbtest5  (cost=0.43..8.45 rows=1 width=121)
	  Index Cond: (id = 4957755)

table 6 : explain SELECT c FROM sbtest6 WHERE id=8190887
	Index Scan using sbtest6_pkey on sbtest6  (cost=0.43..8.45 rows=1 width=121)
	  Index Cond: (id = 8190887)

table 7 : explain SELECT c FROM sbtest7 WHERE id=6794297
	Index Scan using sbtest7_pkey on sbtest7  (cost=0.43..8.45 rows=1 width=121)
	  Index Cond: (id = 6794297)

table 8 : explain SELECT c FROM sbtest8 WHERE id=2943638
	Index Scan using sbtest8_pkey on sbtest8  (cost=0.43..8.45 rows=1 width=121)
	  Index Cond: (id = 2943638)

explain: for inserts :: explain INSERT INTO sbtest%u (id, k, c, pad) VALUES (%u, 13, 'foobar', 'foobar')
for: distinct_ranges
table 1 : explain SELECT DISTINCT c FROM sbtest1 WHERE id BETWEEN 6749086 AND 6749095 ORDER BY c
	Unique  (cost=39.53..39.58 rows=10 width=121)
	  ->  Sort  (cost=39.53..39.56 rows=10 width=121)
	        Sort Key: c
	        ->  Index Scan using sbtest1_pkey on sbtest1  (cost=0.43..39.37 rows=10 width=121)
	              Index Cond: ((id >= 6749086) AND (id <= 6749095))

table 2 : explain SELECT DISTINCT c FROM sbtest2 WHERE id BETWEEN 6619540 AND 6619549 ORDER BY c
	Unique  (cost=42.92..42.97 rows=11 width=121)
	  ->  Sort  (cost=42.92..42.95 rows=11 width=121)
	        Sort Key: c
	        ->  Index Scan using sbtest2_pkey on sbtest2  (cost=0.43..42.73 rows=11 width=121)
	              Index Cond: ((id >= 6619540) AND (id <= 6619549))

table 3 : explain SELECT DISTINCT c FROM sbtest3 WHERE id BETWEEN 9141925 AND 9141934 ORDER BY c
	Unique  (cost=42.65..42.70 rows=11 width=121)
	  ->  Sort  (cost=42.65..42.67 rows=11 width=121)
	        Sort Key: c
	        ->  Index Scan using sbtest3_pkey on sbtest3  (cost=0.43..42.45 rows=11 width=121)
	              Index Cond: ((id >= 9141925) AND (id <= 9141934))

table 4 : explain SELECT DISTINCT c FROM sbtest4 WHERE id BETWEEN 1523190 AND 1523199 ORDER BY c
	Unique  (cost=39.69..39.74 rows=10 width=121)
	  ->  Sort  (cost=39.69..39.71 rows=10 width=121)
	        Sort Key: c
	        ->  Index Scan using sbtest4_pkey on sbtest4  (cost=0.43..39.52 rows=10 width=121)
	              Index Cond: ((id >= 1523190) AND (id <= 1523199))

table 5 : explain SELECT DISTINCT c FROM sbtest5 WHERE id BETWEEN 2273550 AND 2273559 ORDER BY c
	Unique  (cost=39.49..39.54 rows=10 width=121)
	  ->  Sort  (cost=39.49..39.51 rows=10 width=121)
	        Sort Key: c
	        ->  Index Scan using sbtest5_pkey on sbtest5  (cost=0.43..39.32 rows=10 width=121)
	              Index Cond: ((id >= 2273550) AND (id <= 2273559))

table 6 : explain SELECT DISTINCT c FROM sbtest6 WHERE id BETWEEN 9629544 AND 9629553 ORDER BY c
	Unique  (cost=36.13..36.18 rows=9 width=121)
	  ->  Sort  (cost=36.13..36.16 rows=9 width=121)
	        Sort Key: c
	        ->  Index Scan using sbtest6_pkey on sbtest6  (cost=0.43..35.99 rows=9 width=121)
	              Index Cond: ((id >= 9629544) AND (id <= 9629553))

table 7 : explain SELECT DISTINCT c FROM sbtest7 WHERE id BETWEEN 2849327 AND 2849336 ORDER BY c
	Unique  (cost=39.70..39.75 rows=10 width=121)
	  ->  Sort  (cost=39.70..39.72 rows=10 width=121)
	        Sort Key: c
	        ->  Index Scan using sbtest7_pkey on sbtest7  (cost=0.43..39.53 rows=10 width=121)
	              Index Cond: ((id >= 2849327) AND (id <= 2849336))

table 8 : explain SELECT DISTINCT c FROM sbtest8 WHERE id BETWEEN 9012277 AND 9012286 ORDER BY c
	Unique  (cost=36.02..36.07 rows=9 width=121)
	  ->  Sort  (cost=36.02..36.05 rows=9 width=121)
	        Sort Key: c
	        ->  Index Scan using sbtest8_pkey on sbtest8  (cost=0.43..35.88 rows=9 width=121)
	              Index Cond: ((id >= 9012277) AND (id <= 9012286))

explain: for non_index_updates :: explain UPDATE sbtest%u SET c='foobar' WHERE id=%u
for: distinct_ranges
table 1 : explain SELECT DISTINCT c FROM sbtest1 WHERE id BETWEEN 8683073 AND 8683082 ORDER BY c
	Unique  (cost=39.53..39.58 rows=10 width=121)
	  ->  Sort  (cost=39.53..39.56 rows=10 width=121)
	        Sort Key: c
	        ->  Index Scan using sbtest1_pkey on sbtest1  (cost=0.43..39.37 rows=10 width=121)
	              Index Cond: ((id >= 8683073) AND (id <= 8683082))

table 2 : explain SELECT DISTINCT c FROM sbtest2 WHERE id BETWEEN 1232561 AND 1232570 ORDER BY c
	Unique  (cost=42.92..42.97 rows=11 width=121)
	  ->  Sort  (cost=42.92..42.95 rows=11 width=121)
	        Sort Key: c
	        ->  Index Scan using sbtest2_pkey on sbtest2  (cost=0.43..42.73 rows=11 width=121)
	              Index Cond: ((id >= 1232561) AND (id <= 1232570))

table 3 : explain SELECT DISTINCT c FROM sbtest3 WHERE id BETWEEN 5964141 AND 5964150 ORDER BY c
	Unique  (cost=39.22..39.27 rows=10 width=121)
	  ->  Sort  (cost=39.22..39.25 rows=10 width=121)
	        Sort Key: c
	        ->  Index Scan using sbtest3_pkey on sbtest3  (cost=0.43..39.05 rows=10 width=121)
	              Index Cond: ((id >= 5964141) AND (id <= 5964150))

table 4 : explain SELECT DISTINCT c FROM sbtest4 WHERE id BETWEEN 9287381 AND 9287390 ORDER BY c
	Unique  (cost=39.69..39.74 rows=10 width=121)
	  ->  Sort  (cost=39.69..39.71 rows=10 width=121)
	        Sort Key: c
	        ->  Index Scan using sbtest4_pkey on sbtest4  (cost=0.43..39.52 rows=10 width=121)
	              Index Cond: ((id >= 9287381) AND (id <= 9287390))

table 5 : explain SELECT DISTINCT c FROM sbtest5 WHERE id BETWEEN 6845525 AND 6845534 ORDER BY c
	Unique  (cost=39.49..39.54 rows=10 width=121)
	  ->  Sort  (cost=39.49..39.51 rows=10 width=121)
	        Sort Key: c
	        ->  Index Scan using sbtest5_pkey on sbtest5  (cost=0.43..39.32 rows=10 width=121)
	              Index Cond: ((id >= 6845525) AND (id <= 6845534))

table 6 : explain SELECT DISTINCT c FROM sbtest6 WHERE id BETWEEN 4123939 AND 4123948 ORDER BY c
	Unique  (cost=39.60..39.65 rows=10 width=121)
	  ->  Sort  (cost=39.60..39.62 rows=10 width=121)
	        Sort Key: c
	        ->  Index Scan using sbtest6_pkey on sbtest6  (cost=0.43..39.43 rows=10 width=121)
	              Index Cond: ((id >= 4123939) AND (id <= 4123948))

table 7 : explain SELECT DISTINCT c FROM sbtest7 WHERE id BETWEEN 5106642 AND 5106651 ORDER BY c
	Unique  (cost=39.70..39.75 rows=10 width=121)
	  ->  Sort  (cost=39.70..39.72 rows=10 width=121)
	        Sort Key: c
	        ->  Index Scan using sbtest7_pkey on sbtest7  (cost=0.43..39.53 rows=10 width=121)
	              Index Cond: ((id >= 5106642) AND (id <= 5106651))

table 8 : explain SELECT DISTINCT c FROM sbtest8 WHERE id BETWEEN 4828826 AND 4828835 ORDER BY c
	Unique  (cost=46.38..46.44 rows=12 width=121)
	  ->  Sort  (cost=46.38..46.41 rows=12 width=121)
	        Sort Key: c
	        ->  Index Scan using sbtest8_pkey on sbtest8  (cost=0.43..46.17 rows=12 width=121)
	              Index Cond: ((id >= 4828826) AND (id <= 4828835))

for inserts
table 1 : explain INSERT INTO sbtest1 (id, k, c, pad) VALUES (408813, 13, 'foobar', 'foobar')
	Insert on sbtest1  (cost=0.00..0.01 rows=0 width=0)
	  ->  Result  (cost=0.00..0.01 rows=1 width=736)

table 2 : explain INSERT INTO sbtest2 (id, k, c, pad) VALUES (2449745, 13, 'foobar', 'foobar')
	Insert on sbtest2  (cost=0.00..0.01 rows=0 width=0)
	  ->  Result  (cost=0.00..0.01 rows=1 width=736)

table 3 : explain INSERT INTO sbtest3 (id, k, c, pad) VALUES (7874358, 13, 'foobar', 'foobar')
	Insert on sbtest3  (cost=0.00..0.01 rows=0 width=0)
	  ->  Result  (cost=0.00..0.01 rows=1 width=736)

table 4 : explain INSERT INTO sbtest4 (id, k, c, pad) VALUES (2884963, 13, 'foobar', 'foobar')
	Insert on sbtest4  (cost=0.00..0.01 rows=0 width=0)
	  ->  Result  (cost=0.00..0.01 rows=1 width=736)

table 5 : explain INSERT INTO sbtest5 (id, k, c, pad) VALUES (4435173, 13, 'foobar', 'foobar')
	Insert on sbtest5  (cost=0.00..0.01 rows=0 width=0)
	  ->  Result  (cost=0.00..0.01 rows=1 width=736)

table 6 : explain INSERT INTO sbtest6 (id, k, c, pad) VALUES (8685594, 13, 'foobar', 'foobar')
	Insert on sbtest6  (cost=0.00..0.01 rows=0 width=0)
	  ->  Result  (cost=0.00..0.01 rows=1 width=736)

table 7 : explain INSERT INTO sbtest7 (id, k, c, pad) VALUES (9923746, 13, 'foobar', 'foobar')
	Insert on sbtest7  (cost=0.00..0.01 rows=0 width=0)
	  ->  Result  (cost=0.00..0.01 rows=1 width=736)

table 8 : explain INSERT INTO sbtest8 (id, k, c, pad) VALUES (9654669, 13, 'foobar', 'foobar')
	Insert on sbtest8  (cost=0.00..0.01 rows=0 width=0)
	  ->  Result  (cost=0.00..0.01 rows=1 width=736)

explain: for point_selects :: explain SELECT c FROM sbtest%u WHERE id=%u
for: sum_ranges
table 1 : explain SELECT SUM(k) FROM sbtest1 WHERE id BETWEEN 4959565 AND 4959574
	Aggregate  (cost=42.83..42.84 rows=1 width=8)
	  ->  Index Scan using sbtest1_pkey on sbtest1  (cost=0.43..42.80 rows=11 width=4)
	        Index Cond: ((id >= 4959565) AND (id <= 4959574))

table 2 : explain SELECT SUM(k) FROM sbtest2 WHERE id BETWEEN 8677061 AND 8677070
	Aggregate  (cost=39.33..39.34 rows=1 width=8)
	  ->  Index Scan using sbtest2_pkey on sbtest2  (cost=0.43..39.30 rows=10 width=4)
	        Index Cond: ((id >= 8677061) AND (id <= 8677070))

table 3 : explain SELECT SUM(k) FROM sbtest3 WHERE id BETWEEN 2823973 AND 2823982
	Aggregate  (cost=35.68..35.69 rows=1 width=8)
	  ->  Index Scan using sbtest3_pkey on sbtest3  (cost=0.43..35.65 rows=9 width=4)
	        Index Cond: ((id >= 2823973) AND (id <= 2823982))

table 4 : explain SELECT SUM(k) FROM sbtest4 WHERE id BETWEEN 2251068 AND 2251077
	Aggregate  (cost=39.55..39.56 rows=1 width=8)
	  ->  Index Scan using sbtest4_pkey on sbtest4  (cost=0.43..39.52 rows=10 width=4)
	        Index Cond: ((id >= 2251068) AND (id <= 2251077))

table 5 : explain SELECT SUM(k) FROM sbtest5 WHERE id BETWEEN 7344356 AND 7344365
	Aggregate  (cost=35.91..35.92 rows=1 width=8)
	  ->  Index Scan using sbtest5_pkey on sbtest5  (cost=0.43..35.89 rows=9 width=4)
	        Index Cond: ((id >= 7344356) AND (id <= 7344365))

table 6 : explain SELECT SUM(k) FROM sbtest6 WHERE id BETWEEN 383181 AND 383190
	Aggregate  (cost=39.46..39.47 rows=1 width=8)
	  ->  Index Scan using sbtest6_pkey on sbtest6  (cost=0.43..39.43 rows=10 width=4)
	        Index Cond: ((id >= 383181) AND (id <= 383190))

table 7 : explain SELECT SUM(k) FROM sbtest7 WHERE id BETWEEN 3693338 AND 3693347
	Aggregate  (cost=39.55..39.56 rows=1 width=8)
	  ->  Index Scan using sbtest7_pkey on sbtest7  (cost=0.43..39.53 rows=10 width=4)
	        Index Cond: ((id >= 3693338) AND (id <= 3693347))

table 8 : explain SELECT SUM(k) FROM sbtest8 WHERE id BETWEEN 2510423 AND 2510432
	Aggregate  (cost=39.34..39.35 rows=1 width=8)
	  ->  Index Scan using sbtest8_pkey on sbtest8  (cost=0.43..39.31 rows=10 width=4)
	        Index Cond: ((id >= 2510423) AND (id <= 2510432))

explain: for index_updates :: explain UPDATE sbtest%u SET k=k+1 WHERE id=%ufor non_index_updates
table 1 : explain UPDATE sbtest1 SET c='foobar' WHERE id=5691643
	Update on sbtest1  (cost=0.43..8.45 rows=0 width=0)
	  ->  Index Scan using sbtest1_pkey on sbtest1  (cost=0.43..8.45 rows=1 width=490)
	        Index Cond: (id = 5691643)

table 2 : explain UPDATE sbtest2 SET c='foobar' WHERE id=7168438
	Update on sbtest2  (cost=0.43..8.45 rows=0 width=0)
	  ->  Index Scan using sbtest2_pkey on sbtest2  (cost=0.43..8.45 rows=1 width=490)
	        Index Cond: (id = 7168438)

table 3 : explain UPDATE sbtest3 SET c='foobar' WHERE id=5345396
	Update on sbtest3  (cost=0.43..8.45 rows=0 width=0)
	  ->  Index Scan using sbtest3_pkey on sbtest3  (cost=0.43..8.45 rows=1 width=490)
	        Index Cond: (id = 5345396)

table 4 : explain UPDATE sbtest4 SET c='foobar' WHERE id=1505622
	Update on sbtest4  (cost=0.43..8.45 rows=0 width=0)
	  ->  Index Scan using sbtest4_pkey on sbtest4  (cost=0.43..8.45 rows=1 width=490)
	        Index Cond: (id = 1505622)

table 5 : explain UPDATE sbtest5 SET c='foobar' WHERE id=1187839
	Update on sbtest5  (cost=0.43..8.45 rows=0 width=0)
	  ->  Index Scan using sbtest5_pkey on sbtest5  (cost=0.43..8.45 rows=1 width=490)
	        Index Cond: (id = 1187839)

table 6 : explain UPDATE sbtest6 SET c='foobar' WHERE id=8854607
	Update on sbtest6  (cost=0.43..8.45 rows=0 width=0)
	  ->  Index Scan using sbtest6_pkey on sbtest6  (cost=0.43..8.45 rows=1 width=490)
	        Index Cond: (id = 8854607)

table 7 : explain UPDATE sbtest7 SET c='foobar' WHERE id=130295
	Update on sbtest7  (cost=0.43..8.45 rows=0 width=0)
	  ->  Index Scan using sbtest7_pkey on sbtest7  (cost=0.43..8.45 rows=1 width=490)
	        Index Cond: (id = 130295)

table 8 : explain UPDATE sbtest8 SET c='foobar' WHERE id=4776359
	Update on sbtest8  (cost=0.43..8.45 rows=0 width=0)
	  ->  Index Scan using sbtest8_pkey on sbtest8  (cost=0.43..8.45 rows=1 width=490)
	        Index Cond: (id = 4776359)

explain: for point_selects :: explain SELECT c FROM sbtest%u WHERE id=%u

explain: for index_updates :: explain UPDATE sbtest%u SET k=k+1 WHERE id=%u
for: simple_ranges
table 1 : explain SELECT c FROM sbtest1 WHERE id BETWEEN 6863452 AND 6863461
	Index Scan using sbtest1_pkey on sbtest1  (cost=0.43..42.80 rows=11 width=121)
	  Index Cond: ((id >= 6863452) AND (id <= 6863461))

table 2 : explain SELECT c FROM sbtest2 WHERE id BETWEEN 9535647 AND 9535656
	Index Scan using sbtest2_pkey on sbtest2  (cost=0.43..39.30 rows=10 width=121)
	  Index Cond: ((id >= 9535647) AND (id <= 9535656))

table 3 : explain SELECT c FROM sbtest3 WHERE id BETWEEN 2753704 AND 2753713
	Index Scan using sbtest3_pkey on sbtest3  (cost=0.43..35.65 rows=9 width=121)
	  Index Cond: ((id >= 2753704) AND (id <= 2753713))

table 4 : explain SELECT c FROM sbtest4 WHERE id BETWEEN 3466623 AND 3466632
	Index Scan using sbtest4_pkey on sbtest4  (cost=0.43..39.52 rows=10 width=121)
	  Index Cond: ((id >= 3466623) AND (id <= 3466632))

table 5 : explain SELECT c FROM sbtest5 WHERE id BETWEEN 5474544 AND 5474553
	Index Scan using sbtest5_pkey on sbtest5  (cost=0.43..39.32 rows=10 width=121)
	  Index Cond: ((id >= 5474544) AND (id <= 5474553))

table 6 : explain SELECT c FROM sbtest6 WHERE id BETWEEN 3471927 AND 3471936
	Index Scan using sbtest6_pkey on sbtest6  (cost=0.43..42.88 rows=11 width=121)
	  Index Cond: ((id >= 3471927) AND (id <= 3471936))

table 7 : explain SELECT c FROM sbtest7 WHERE id BETWEEN 4485222 AND 4485231
	Index Scan using sbtest7_pkey on sbtest7  (cost=0.43..36.08 rows=9 width=121)
	  Index Cond: ((id >= 4485222) AND (id <= 4485231))

table 8 : explain SELECT c FROM sbtest8 WHERE id BETWEEN 2557235 AND 2557244
	Index Scan using sbtest8_pkey on sbtest8  (cost=0.43..39.31 rows=10 width=121)
	  Index Cond: ((id >= 2557235) AND (id <= 2557244))

for: distinct_ranges
table 1 : explain SELECT DISTINCT c FROM sbtest1 WHERE id BETWEEN 98818 AND 98827 ORDER BY c
	Unique  (cost=39.53..39.58 rows=10 width=121)
	  ->  Sort  (cost=39.53..39.56 rows=10 width=121)
	        Sort Key: c
	        ->  Index Scan using sbtest1_pkey on sbtest1  (cost=0.43..39.37 rows=10 width=121)
	              Index Cond: ((id >= 98818) AND (id <= 98827))

table 2 : explain SELECT DISTINCT c FROM sbtest2 WHERE id BETWEEN 3894536 AND 3894545 ORDER BY c
	Unique  (cost=36.02..36.06 rows=9 width=121)
	  ->  Sort  (cost=36.02..36.04 rows=9 width=121)
	        Sort Key: c
	        ->  Index Scan using sbtest2_pkey on sbtest2  (cost=0.43..35.87 rows=9 width=121)
	              Index Cond: ((id >= 3894536) AND (id <= 3894545))

table 3 : explain SELECT DISTINCT c FROM sbtest3 WHERE id BETWEEN 811717 AND 811726 ORDER BY c
	Unique  (cost=35.80..35.84 rows=9 width=121)
	  ->  Sort  (cost=35.80..35.82 rows=9 width=121)
	        Sort Key: c
	        ->  Index Scan using sbtest3_pkey on sbtest3  (cost=0.43..35.65 rows=9 width=121)
	              Index Cond: ((id >= 811717) AND (id <= 811726))

table 4 : explain SELECT DISTINCT c FROM sbtest4 WHERE id BETWEEN 3867781 AND 3867790 ORDER BY c
	Unique  (cost=39.69..39.74 rows=10 width=121)
	  ->  Sort  (cost=39.69..39.71 rows=10 width=121)
	        Sort Key: c
	        ->  Index Scan using sbtest4_pkey on sbtest4  (cost=0.43..39.52 rows=10 width=121)
	              Index Cond: ((id >= 3867781) AND (id <= 3867790))

table 5 : explain SELECT DISTINCT c FROM sbtest5 WHERE id BETWEEN 5958651 AND 5958660 ORDER BY c
	Unique  (cost=39.49..39.54 rows=10 width=121)
	  ->  Sort  (cost=39.49..39.51 rows=10 width=121)
	        Sort Key: c
	        ->  Index Scan using sbtest5_pkey on sbtest5  (cost=0.43..39.32 rows=10 width=121)
	              Index Cond: ((id >= 5958651) AND (id <= 5958660))

table 6 : explain SELECT DISTINCT c FROM sbtest6 WHERE id BETWEEN 604574 AND 604583 ORDER BY c
	Unique  (cost=39.60..39.65 rows=10 width=121)
	  ->  Sort  (cost=39.60..39.62 rows=10 width=121)
	        Sort Key: c
	        ->  Index Scan using sbtest6_pkey on sbtest6  (cost=0.43..39.43 rows=10 width=121)
	              Index Cond: ((id >= 604574) AND (id <= 604583))

table 7 : explain SELECT DISTINCT c FROM sbtest7 WHERE id BETWEEN 2168658 AND 2168667 ORDER BY c
	Unique  (cost=39.70..39.75 rows=10 width=121)
	  ->  Sort  (cost=39.70..39.72 rows=10 width=121)
	        Sort Key: c
	        ->  Index Scan using sbtest7_pkey on sbtest7  (cost=0.43..39.53 rows=10 width=121)
	              Index Cond: ((id >= 2168658) AND (id <= 2168667))

table 8 : explain SELECT DISTINCT c FROM sbtest8 WHERE id BETWEEN 7096685 AND 7096694 ORDER BY c
	Unique  (cost=36.02..36.07 rows=9 width=121)
	  ->  Sort  (cost=36.02..36.05 rows=9 width=121)
	        Sort Key: c
	        ->  Index Scan using sbtest8_pkey on sbtest8  (cost=0.43..35.88 rows=9 width=121)
	              Index Cond: ((id >= 7096685) AND (id <= 7096694))

explain: for index_updates :: explain UPDATE sbtest%u SET k=k+1 WHERE id=%u
explain: for deletes :: explain DELETE FROM sbtest%u WHERE id=%u
for point_selects
table 1 : explain SELECT c FROM sbtest1 WHERE id=7730250
	Index Scan using sbtest1_pkey on sbtest1  (cost=0.43..8.45 rows=1 width=121)
	  Index Cond: (id = 7730250)

table 2 : explain SELECT c FROM sbtest2 WHERE id=5979327
	Index Scan using sbtest2_pkey on sbtest2  (cost=0.43..8.45 rows=1 width=121)
	  Index Cond: (id = 5979327)

table 3 : explain SELECT c FROM sbtest3 WHERE id=4104382
	Index Scan using sbtest3_pkey on sbtest3  (cost=0.43..8.45 rows=1 width=121)
	  Index Cond: (id = 4104382)

table 4 : explain SELECT c FROM sbtest4 WHERE id=3050006
	Index Scan using sbtest4_pkey on sbtest4  (cost=0.43..8.45 rows=1 width=121)
	  Index Cond: (id = 3050006)

table 5 : explain SELECT c FROM sbtest5 WHERE id=6850259
	Index Scan using sbtest5_pkey on sbtest5  (cost=0.43..8.45 rows=1 width=121)
	  Index Cond: (id = 6850259)

table 6 : explain SELECT c FROM sbtest6 WHERE id=7341146
	Index Scan using sbtest6_pkey on sbtest6  (cost=0.43..8.45 rows=1 width=121)
	  Index Cond: (id = 7341146)

table 7 : explain SELECT c FROM sbtest7 WHERE id=8997303
	Index Scan using sbtest7_pkey on sbtest7  (cost=0.43..8.45 rows=1 width=121)
	  Index Cond: (id = 8997303)

table 8 : explain SELECT c FROM sbtest8 WHERE id=5890060
	Index Scan using sbtest8_pkey on sbtest8  (cost=0.43..8.45 rows=1 width=121)
	  Index Cond: (id = 5890060)

explain: for index_updates :: explain UPDATE sbtest%u SET k=k+1 WHERE id=%u
for index_updates
table 1 : explain UPDATE sbtest1 SET k=k+1 WHERE id=353603
	Update on sbtest1  (cost=0.43..8.46 rows=0 width=0)
	  ->  Index Scan using sbtest1_pkey on sbtest1  (cost=0.43..8.46 rows=1 width=10)
	        Index Cond: (id = 353603)

table 2 : explain UPDATE sbtest2 SET k=k+1 WHERE id=1034312
	Update on sbtest2  (cost=0.43..8.46 rows=0 width=0)
	  ->  Index Scan using sbtest2_pkey on sbtest2  (cost=0.43..8.46 rows=1 width=10)
	        Index Cond: (id = 1034312)

table 3 : explain UPDATE sbtest3 SET k=k+1 WHERE id=3652165
	Update on sbtest3  (cost=0.43..8.46 rows=0 width=0)
	  ->  Index Scan using sbtest3_pkey on sbtest3  (cost=0.43..8.46 rows=1 width=10)
	        Index Cond: (id = 3652165)

table 4 : explain UPDATE sbtest4 SET k=k+1 WHERE id=621448
	Update on sbtest4  (cost=0.43..8.46 rows=0 width=0)
	  ->  Index Scan using sbtest4_pkey on sbtest4  (cost=0.43..8.46 rows=1 width=10)
	        Index Cond: (id = 621448)

table 5 : explain UPDATE sbtest5 SET k=k+1 WHERE id=1768836
	Update on sbtest5  (cost=0.43..8.46 rows=0 width=0)
	  ->  Index Scan using sbtest5_pkey on sbtest5  (cost=0.43..8.46 rows=1 width=10)
	        Index Cond: (id = 1768836)

table 6 : explain UPDATE sbtest6 SET k=k+1 WHERE id=7244796
	Update on sbtest6  (cost=0.43..8.46 rows=0 width=0)
	  ->  Index Scan using sbtest6_pkey on sbtest6  (cost=0.43..8.46 rows=1 width=10)
	        Index Cond: (id = 7244796)

table 7 : explain UPDATE sbtest7 SET k=k+1 WHERE id=8448125
	Update on sbtest7  (cost=0.43..8.46 rows=0 width=0)
	  ->  Index Scan using sbtest7_pkey on sbtest7  (cost=0.43..8.46 rows=1 width=10)
	        Index Cond: (id = 8448125)

table 8 : explain UPDATE sbtest8 SET k=k+1 WHERE id=7644089
	Update on sbtest8  (cost=0.43..8.46 rows=0 width=0)
	  ->  Index Scan using sbtest8_pkey on sbtest8  (cost=0.43..8.46 rows=1 width=10)
	        Index Cond: (id = 7644089)

for deletes
table 1 : explain DELETE FROM sbtest1 WHERE id=9006914
	Delete on sbtest1  (cost=0.43..8.45 rows=0 width=0)
	  ->  Index Scan using sbtest1_pkey on sbtest1  (cost=0.43..8.45 rows=1 width=6)
	        Index Cond: (id = 9006914)

table 2 : explain DELETE FROM sbtest2 WHERE id=8246513
	Delete on sbtest2  (cost=0.43..8.45 rows=0 width=0)
	  ->  Index Scan using sbtest2_pkey on sbtest2  (cost=0.43..8.45 rows=1 width=6)
	        Index Cond: (id = 8246513)

table 3 : explain DELETE FROM sbtest3 WHERE id=8353933
	Delete on sbtest3  (cost=0.43..8.45 rows=0 width=0)
	  ->  Index Scan using sbtest3_pkey on sbtest3  (cost=0.43..8.45 rows=1 width=6)
	        Index Cond: (id = 8353933)

table 4 : explain DELETE FROM sbtest4 WHERE id=5517188
	Delete on sbtest4  (cost=0.43..8.45 rows=0 width=0)
	  ->  Index Scan using sbtest4_pkey on sbtest4  (cost=0.43..8.45 rows=1 width=6)
	        Index Cond: (id = 5517188)

table 5 : explain DELETE FROM sbtest5 WHERE id=2981199
	Delete on sbtest5  (cost=0.43..8.45 rows=0 width=0)
	  ->  Index Scan using sbtest5_pkey on sbtest5  (cost=0.43..8.45 rows=1 width=6)
	        Index Cond: (id = 2981199)

table 6 : explain DELETE FROM sbtest6 WHERE id=2706881
	Delete on sbtest6  (cost=0.43..8.45 rows=0 width=0)
	  ->  Index Scan using sbtest6_pkey on sbtest6  (cost=0.43..8.45 rows=1 width=6)
	        Index Cond: (id = 2706881)

table 7 : explain DELETE FROM sbtest7 WHERE id=8845263
	Delete on sbtest7  (cost=0.43..8.45 rows=0 width=0)
	  ->  Index Scan using sbtest7_pkey on sbtest7  (cost=0.43..8.45 rows=1 width=6)
	        Index Cond: (id = 8845263)

table 8 : explain DELETE FROM sbtest8 WHERE id=2909296
	Delete on sbtest8  (cost=0.43..8.45 rows=0 width=0)
	  ->  Index Scan using sbtest8_pkey on sbtest8  (cost=0.43..8.45 rows=1 width=6)
	        Index Cond: (id = 2909296)

for: order_ranges
table 1 : explain SELECT c FROM sbtest1 WHERE id BETWEEN 1267155 AND 1267164 ORDER BY c
	Sort  (cost=39.53..39.56 rows=10 width=121)
	  Sort Key: c
	  ->  Index Scan using sbtest1_pkey on sbtest1  (cost=0.43..39.37 rows=10 width=121)
	        Index Cond: ((id >= 1267155) AND (id <= 1267164))

table 2 : explain SELECT c FROM sbtest2 WHERE id BETWEEN 7867302 AND 7867311 ORDER BY c
	Sort  (cost=39.47..39.49 rows=10 width=121)
	  Sort Key: c
	  ->  Index Scan using sbtest2_pkey on sbtest2  (cost=0.43..39.30 rows=10 width=121)
	        Index Cond: ((id >= 7867302) AND (id <= 7867311))

table 3 : explain SELECT c FROM sbtest3 WHERE id BETWEEN 703958 AND 703967 ORDER BY c
	Sort  (cost=42.65..42.67 rows=11 width=121)
	  Sort Key: c
	  ->  Index Scan using sbtest3_pkey on sbtest3  (cost=0.43..42.45 rows=11 width=121)
	        Index Cond: ((id >= 703958) AND (id <= 703967))

table 4 : explain SELECT c FROM sbtest4 WHERE id BETWEEN 2708078 AND 2708087 ORDER BY c
	Sort  (cost=39.69..39.71 rows=10 width=121)
	  Sort Key: c
	  ->  Index Scan using sbtest4_pkey on sbtest4  (cost=0.43..39.52 rows=10 width=121)
	        Index Cond: ((id >= 2708078) AND (id <= 2708087))

table 5 : explain SELECT c FROM sbtest5 WHERE id BETWEEN 6020574 AND 6020583 ORDER BY c
	Sort  (cost=39.49..39.51 rows=10 width=121)
	  Sort Key: c
	  ->  Index Scan using sbtest5_pkey on sbtest5  (cost=0.43..39.32 rows=10 width=121)
	        Index Cond: ((id >= 6020574) AND (id <= 6020583))

table 6 : explain SELECT c FROM sbtest6 WHERE id BETWEEN 297405 AND 297414 ORDER BY c
	Sort  (cost=39.60..39.62 rows=10 width=121)
	  Sort Key: c
	  ->  Index Scan using sbtest6_pkey on sbtest6  (cost=0.43..39.43 rows=10 width=121)
	        Index Cond: ((id >= 297405) AND (id <= 297414))

table 7 : explain SELECT c FROM sbtest7 WHERE id BETWEEN 5041297 AND 5041306 ORDER BY c
	Sort  (cost=39.70..39.72 rows=10 width=121)
	  Sort Key: c
	  ->  Index Scan using sbtest7_pkey on sbtest7  (cost=0.43..39.53 rows=10 width=121)
	        Index Cond: ((id >= 5041297) AND (id <= 5041306))

table 8 : explain SELECT c FROM sbtest8 WHERE id BETWEEN 9310302 AND 9310311 ORDER BY c
	Sort  (cost=36.02..36.05 rows=9 width=121)
	  Sort Key: c
	  ->  Index Scan using sbtest8_pkey on sbtest8  (cost=0.43..35.88 rows=9 width=121)
	        Index Cond: ((id >= 9310302) AND (id <= 9310311))

for point_selects
table 1 : explain SELECT c FROM sbtest1 WHERE id=2733181
	Index Scan using sbtest1_pkey on sbtest1  (cost=0.43..8.45 rows=1 width=121)
	  Index Cond: (id = 2733181)

table 2 : explain SELECT c FROM sbtest2 WHERE id=782808
	Index Scan using sbtest2_pkey on sbtest2  (cost=0.43..8.45 rows=1 width=121)
	  Index Cond: (id = 782808)

table 3 : explain SELECT c FROM sbtest3 WHERE id=1835256
	Index Scan using sbtest3_pkey on sbtest3  (cost=0.43..8.45 rows=1 width=121)
	  Index Cond: (id = 1835256)

table 4 : explain SELECT c FROM sbtest4 WHERE id=1261850
	Index Scan using sbtest4_pkey on sbtest4  (cost=0.43..8.45 rows=1 width=121)
	  Index Cond: (id = 1261850)

table 5 : explain SELECT c FROM sbtest5 WHERE id=2744875
	Index Scan using sbtest5_pkey on sbtest5  (cost=0.43..8.45 rows=1 width=121)
	  Index Cond: (id = 2744875)

table 6 : explain SELECT c FROM sbtest6 WHERE id=6109926
	Index Scan using sbtest6_pkey on sbtest6  (cost=0.43..8.45 rows=1 width=121)
	  Index Cond: (id = 6109926)

table 7 : explain SELECT c FROM sbtest7 WHERE id=9433210
	Index Scan using sbtest7_pkey on sbtest7  (cost=0.43..8.45 rows=1 width=121)
	  Index Cond: (id = 9433210)

table 8 : explain SELECT c FROM sbtest8 WHERE id=8597087
	Index Scan using sbtest8_pkey on sbtest8  (cost=0.43..8.45 rows=1 width=121)
	  Index Cond: (id = 8597087)

for index_updates
table 1 : explain UPDATE sbtest1 SET k=k+1 WHERE id=2435597
	Update on sbtest1  (cost=0.43..8.46 rows=0 width=0)
	  ->  Index Scan using sbtest1_pkey on sbtest1  (cost=0.43..8.46 rows=1 width=10)
	        Index Cond: (id = 2435597)

table 2 : explain UPDATE sbtest2 SET k=k+1 WHERE id=4325762
	Update on sbtest2  (cost=0.43..8.46 rows=0 width=0)
	  ->  Index Scan using sbtest2_pkey on sbtest2  (cost=0.43..8.46 rows=1 width=10)
	        Index Cond: (id = 4325762)

table 3 : explain UPDATE sbtest3 SET k=k+1 WHERE id=3697128
	Update on sbtest3  (cost=0.43..8.46 rows=0 width=0)
	  ->  Index Scan using sbtest3_pkey on sbtest3  (cost=0.43..8.46 rows=1 width=10)
	        Index Cond: (id = 3697128)

table 4 : explain UPDATE sbtest4 SET k=k+1 WHERE id=4954682
	Update on sbtest4  (cost=0.43..8.46 rows=0 width=0)
	  ->  Index Scan using sbtest4_pkey on sbtest4  (cost=0.43..8.46 rows=1 width=10)
	        Index Cond: (id = 4954682)

table 5 : explain UPDATE sbtest5 SET k=k+1 WHERE id=8123761
	Update on sbtest5  (cost=0.43..8.46 rows=0 width=0)
	  ->  Index Scan using sbtest5_pkey on sbtest5  (cost=0.43..8.46 rows=1 width=10)
	        Index Cond: (id = 8123761)

table 6 : explain UPDATE sbtest6 SET k=k+1 WHERE id=5334784
	Update on sbtest6  (cost=0.43..8.46 rows=0 width=0)
	  ->  Index Scan using sbtest6_pkey on sbtest6  (cost=0.43..8.46 rows=1 width=10)
	        Index Cond: (id = 5334784)

table 7 : explain UPDATE sbtest7 SET k=k+1 WHERE id=2914680
	Update on sbtest7  (cost=0.43..8.46 rows=0 width=0)
	  ->  Index Scan using sbtest7_pkey on sbtest7  (cost=0.43..8.46 rows=1 width=10)
	        Index Cond: (id = 2914680)

table 8 : explain UPDATE sbtest8 SET k=k+1 WHERE id=9353346
	Update on sbtest8  (cost=0.43..8.46 rows=0 width=0)
	  ->  Index Scan using sbtest8_pkey on sbtest8  (cost=0.43..8.46 rows=1 width=10)
	        Index Cond: (id = 9353346)

for index_updates
table 1 : explain UPDATE sbtest1 SET k=k+1 WHERE id=8278633
	Update on sbtest1  (cost=0.43..8.46 rows=0 width=0)
	  ->  Index Scan using sbtest1_pkey on sbtest1  (cost=0.43..8.46 rows=1 width=10)
	        Index Cond: (id = 8278633)

table 2 : explain UPDATE sbtest2 SET k=k+1 WHERE id=7917337
	Update on sbtest2  (cost=0.43..8.46 rows=0 width=0)
	  ->  Index Scan using sbtest2_pkey on sbtest2  (cost=0.43..8.46 rows=1 width=10)
	        Index Cond: (id = 7917337)

table 3 : explain UPDATE sbtest3 SET k=k+1 WHERE id=265689
	Update on sbtest3  (cost=0.43..8.46 rows=0 width=0)
	  ->  Index Scan using sbtest3_pkey on sbtest3  (cost=0.43..8.46 rows=1 width=10)
	        Index Cond: (id = 265689)

table 4 : explain UPDATE sbtest4 SET k=k+1 WHERE id=4293483
	Update on sbtest4  (cost=0.43..8.46 rows=0 width=0)
	  ->  Index Scan using sbtest4_pkey on sbtest4  (cost=0.43..8.46 rows=1 width=10)
	        Index Cond: (id = 4293483)

table 5 : explain UPDATE sbtest5 SET k=k+1 WHERE id=1427659
	Update on sbtest5  (cost=0.43..8.46 rows=0 width=0)
	  ->  Index Scan using sbtest5_pkey on sbtest5  (cost=0.43..8.46 rows=1 width=10)
	        Index Cond: (id = 1427659)

table 6 : explain UPDATE sbtest6 SET k=k+1 WHERE id=3001477
	Update on sbtest6  (cost=0.43..8.46 rows=0 width=0)
	  ->  Index Scan using sbtest6_pkey on sbtest6  (cost=0.43..8.46 rows=1 width=10)
	        Index Cond: (id = 3001477)

table 7 : explain UPDATE sbtest7 SET k=k+1 WHERE id=5411178
	Update on sbtest7  (cost=0.43..8.46 rows=0 width=0)
	  ->  Index Scan using sbtest7_pkey on sbtest7  (cost=0.43..8.46 rows=1 width=10)
	        Index Cond: (id = 5411178)

table 8 : explain UPDATE sbtest8 SET k=k+1 WHERE id=7874715
	Update on sbtest8  (cost=0.43..8.46 rows=0 width=0)
	  ->  Index Scan using sbtest8_pkey on sbtest8  (cost=0.43..8.46 rows=1 width=10)
	        Index Cond: (id = 7874715)

explain: for non_index_updates :: explain UPDATE sbtest%u SET c='foobar' WHERE id=%u
explain: for inserts :: explain INSERT INTO sbtest%u (id, k, c, pad) VALUES (%u, 13, 'foobar', 'foobar')
for: sum_ranges
table 1 : explain SELECT SUM(k) FROM sbtest1 WHERE id BETWEEN 122083 AND 122092
	Aggregate  (cost=39.39..39.40 rows=1 width=8)
	  ->  Index Scan using sbtest1_pkey on sbtest1  (cost=0.43..39.37 rows=10 width=4)
	        Index Cond: ((id >= 122083) AND (id <= 122092))

table 2 : explain SELECT SUM(k) FROM sbtest2 WHERE id BETWEEN 5973955 AND 5973964
	Aggregate  (cost=42.76..42.77 rows=1 width=8)
	  ->  Index Scan using sbtest2_pkey on sbtest2  (cost=0.43..42.73 rows=11 width=4)
	        Index Cond: ((id >= 5973955) AND (id <= 5973964))

table 3 : explain SELECT SUM(k) FROM sbtest3 WHERE id BETWEEN 5669703 AND 5669712
	Aggregate  (cost=39.08..39.09 rows=1 width=8)
	  ->  Index Scan using sbtest3_pkey on sbtest3  (cost=0.43..39.05 rows=10 width=4)
	        Index Cond: ((id >= 5669703) AND (id <= 5669712))

table 4 : explain SELECT SUM(k) FROM sbtest4 WHERE id BETWEEN 8856705 AND 8856714
	Aggregate  (cost=39.55..39.56 rows=1 width=8)
	  ->  Index Scan using sbtest4_pkey on sbtest4  (cost=0.43..39.52 rows=10 width=4)
	        Index Cond: ((id >= 8856705) AND (id <= 8856714))

table 5 : explain SELECT SUM(k) FROM sbtest5 WHERE id BETWEEN 6584104 AND 6584113
	Aggregate  (cost=39.34..39.35 rows=1 width=8)
	  ->  Index Scan using sbtest5_pkey on sbtest5  (cost=0.43..39.32 rows=10 width=4)
	        Index Cond: ((id >= 6584104) AND (id <= 6584113))

table 6 : explain SELECT SUM(k) FROM sbtest6 WHERE id BETWEEN 6322178 AND 6322187
	Aggregate  (cost=39.46..39.47 rows=1 width=8)
	  ->  Index Scan using sbtest6_pkey on sbtest6  (cost=0.43..39.43 rows=10 width=4)
	        Index Cond: ((id >= 6322178) AND (id <= 6322187))

table 7 : explain SELECT SUM(k) FROM sbtest7 WHERE id BETWEEN 9314355 AND 9314364
	Aggregate  (cost=39.55..39.56 rows=1 width=8)
	  ->  Index Scan using sbtest7_pkey on sbtest7  (cost=0.43..39.53 rows=10 width=4)
	        Index Cond: ((id >= 9314355) AND (id <= 9314364))

table 8 : explain SELECT SUM(k) FROM sbtest8 WHERE id BETWEEN 1990668 AND 1990677
	Aggregate  (cost=39.34..39.35 rows=1 width=8)
	  ->  Index Scan using sbtest8_pkey on sbtest8  (cost=0.43..39.31 rows=10 width=4)
	        Index Cond: ((id >= 1990668) AND (id <= 1990677))

for: distinct_ranges
table 1 : explain SELECT DISTINCT c FROM sbtest1 WHERE id BETWEEN 4338733 AND 4338742 ORDER BY c
	Unique  (cost=39.53..39.58 rows=10 width=121)
	  ->  Sort  (cost=39.53..39.56 rows=10 width=121)
	        Sort Key: c
	        ->  Index Scan using sbtest1_pkey on sbtest1  (cost=0.43..39.37 rows=10 width=121)
	              Index Cond: ((id >= 4338733) AND (id <= 4338742))

table 2 : explain SELECT DISTINCT c FROM sbtest2 WHERE id BETWEEN 4277117 AND 4277126 ORDER BY c
	Unique  (cost=39.47..39.52 rows=10 width=121)
	  ->  Sort  (cost=39.47..39.49 rows=10 width=121)
	        Sort Key: c
	        ->  Index Scan using sbtest2_pkey on sbtest2  (cost=0.43..39.30 rows=10 width=121)
	              Index Cond: ((id >= 4277117) AND (id <= 4277126))

table 3 : explain SELECT DISTINCT c FROM sbtest3 WHERE id BETWEEN 366411 AND 366420 ORDER BY c
	Unique  (cost=35.80..35.84 rows=9 width=121)
	  ->  Sort  (cost=35.80..35.82 rows=9 width=121)
	        Sort Key: c
	        ->  Index Scan using sbtest3_pkey on sbtest3  (cost=0.43..35.65 rows=9 width=121)
	              Index Cond: ((id >= 366411) AND (id <= 366420))

table 4 : explain SELECT DISTINCT c FROM sbtest4 WHERE id BETWEEN 2859604 AND 2859613 ORDER BY c
	Unique  (cost=39.69..39.74 rows=10 width=121)
	  ->  Sort  (cost=39.69..39.71 rows=10 width=121)
	        Sort Key: c
	        ->  Index Scan using sbtest4_pkey on sbtest4  (cost=0.43..39.52 rows=10 width=121)
	              Index Cond: ((id >= 2859604) AND (id <= 2859613))

table 5 : explain SELECT DISTINCT c FROM sbtest5 WHERE id BETWEEN 2079192 AND 2079201 ORDER BY c
	Unique  (cost=39.49..39.54 rows=10 width=121)
	  ->  Sort  (cost=39.49..39.51 rows=10 width=121)
	        Sort Key: c
	        ->  Index Scan using sbtest5_pkey on sbtest5  (cost=0.43..39.32 rows=10 width=121)
	              Index Cond: ((id >= 2079192) AND (id <= 2079201))

table 6 : explain SELECT DISTINCT c FROM sbtest6 WHERE id BETWEEN 9370025 AND 9370034 ORDER BY c
	Unique  (cost=39.60..39.65 rows=10 width=121)
	  ->  Sort  (cost=39.60..39.62 rows=10 width=121)
	        Sort Key: c
	        ->  Index Scan using sbtest6_pkey on sbtest6  (cost=0.43..39.43 rows=10 width=121)
	              Index Cond: ((id >= 9370025) AND (id <= 9370034))

table 7 : explain SELECT DISTINCT c FROM sbtest7 WHERE id BETWEEN 5049398 AND 5049407 ORDER BY c
	Unique  (cost=39.70..39.75 rows=10 width=121)
	  ->  Sort  (cost=39.70..39.72 rows=10 width=121)
	        Sort Key: c
	        ->  Index Scan using sbtest7_pkey on sbtest7  (cost=0.43..39.53 rows=10 width=121)
	              Index Cond: ((id >= 5049398) AND (id <= 5049407))

table 8 : explain SELECT DISTINCT c FROM sbtest8 WHERE id BETWEEN 8405423 AND 8405432 ORDER BY c
	Unique  (cost=39.48..39.53 rows=10 width=121)
	  ->  Sort  (cost=39.48..39.50 rows=10 width=121)
	        Sort Key: c
	        ->  Index Scan using sbtest8_pkey on sbtest8  (cost=0.43..39.31 rows=10 width=121)
	              Index Cond: ((id >= 8405423) AND (id <= 8405432))

for index_updates
table 1 : explain UPDATE sbtest1 SET k=k+1 WHERE id=4875773
	Update on sbtest1  (cost=0.43..8.46 rows=0 width=0)
	  ->  Index Scan using sbtest1_pkey on sbtest1  (cost=0.43..8.46 rows=1 width=10)
	        Index Cond: (id = 4875773)

table 2 : explain UPDATE sbtest2 SET k=k+1 WHERE id=6280975
	Update on sbtest2  (cost=0.43..8.46 rows=0 width=0)
	  ->  Index Scan using sbtest2_pkey on sbtest2  (cost=0.43..8.46 rows=1 width=10)
	        Index Cond: (id = 6280975)

table 3 : explain UPDATE sbtest3 SET k=k+1 WHERE id=1639858
	Update on sbtest3  (cost=0.43..8.46 rows=0 width=0)
	  ->  Index Scan using sbtest3_pkey on sbtest3  (cost=0.43..8.46 rows=1 width=10)
	        Index Cond: (id = 1639858)

table 4 : explain UPDATE sbtest4 SET k=k+1 WHERE id=6744079
	Update on sbtest4  (cost=0.43..8.46 rows=0 width=0)
	  ->  Index Scan using sbtest4_pkey on sbtest4  (cost=0.43..8.46 rows=1 width=10)
	        Index Cond: (id = 6744079)

table 5 : explain UPDATE sbtest5 SET k=k+1 WHERE id=7683947
	Update on sbtest5  (cost=0.43..8.46 rows=0 width=0)
	  ->  Index Scan using sbtest5_pkey on sbtest5  (cost=0.43..8.46 rows=1 width=10)
	        Index Cond: (id = 7683947)

table 6 : explain UPDATE sbtest6 SET k=k+1 WHERE id=725562
	Update on sbtest6  (cost=0.43..8.46 rows=0 width=0)
	  ->  Index Scan using sbtest6_pkey on sbtest6  (cost=0.43..8.46 rows=1 width=10)
	        Index Cond: (id = 725562)

table 7 : explain UPDATE sbtest7 SET k=k+1 WHERE id=3553251
	Update on sbtest7  (cost=0.43..8.46 rows=0 width=0)
	  ->  Index Scan using sbtest7_pkey on sbtest7  (cost=0.43..8.46 rows=1 width=10)
	        Index Cond: (id = 3553251)

table 8 : explain UPDATE sbtest8 SET k=k+1 WHERE id=7278361
	Update on sbtest8  (cost=0.43..8.46 rows=0 width=0)
	  ->  Index Scan using sbtest8_pkey on sbtest8  (cost=0.43..8.46 rows=1 width=10)
	        Index Cond: (id = 7278361)

for point_selects
table 1 : explain SELECT c FROM sbtest1 WHERE id=6271011
	Index Scan using sbtest1_pkey on sbtest1  (cost=0.43..8.45 rows=1 width=121)
	  Index Cond: (id = 6271011)

table 2 : explain SELECT c FROM sbtest2 WHERE id=7664512
	Index Scan using sbtest2_pkey on sbtest2  (cost=0.43..8.45 rows=1 width=121)
	  Index Cond: (id = 7664512)

table 3 : explain SELECT c FROM sbtest3 WHERE id=4229004
	Index Scan using sbtest3_pkey on sbtest3  (cost=0.43..8.45 rows=1 width=121)
	  Index Cond: (id = 4229004)

table 4 : explain SELECT c FROM sbtest4 WHERE id=4767784
	Index Scan using sbtest4_pkey on sbtest4  (cost=0.43..8.45 rows=1 width=121)
	  Index Cond: (id = 4767784)

table 5 : explain SELECT c FROM sbtest5 WHERE id=8714852
	Index Scan using sbtest5_pkey on sbtest5  (cost=0.43..8.45 rows=1 width=121)
	  Index Cond: (id = 8714852)

table 6 : explain SELECT c FROM sbtest6 WHERE id=2553182
	Index Scan using sbtest6_pkey on sbtest6  (cost=0.43..8.45 rows=1 width=121)
	  Index Cond: (id = 2553182)

table 7 : explain SELECT c FROM sbtest7 WHERE id=5096933
	Index Scan using sbtest7_pkey on sbtest7  (cost=0.43..8.45 rows=1 width=121)
	  Index Cond: (id = 5096933)

table 8 : explain SELECT c FROM sbtest8 WHERE id=9641743
	Index Scan using sbtest8_pkey on sbtest8  (cost=0.43..8.45 rows=1 width=121)
	  Index Cond: (id = 9641743)

for inserts
table 1 : explain INSERT INTO sbtest1 (id, k, c, pad) VALUES (6998713, 13, 'foobar', 'foobar')
	Insert on sbtest1  (cost=0.00..0.01 rows=0 width=0)
	  ->  Result  (cost=0.00..0.01 rows=1 width=736)

table 2 : explain INSERT INTO sbtest2 (id, k, c, pad) VALUES (4993275, 13, 'foobar', 'foobar')
	Insert on sbtest2  (cost=0.00..0.01 rows=0 width=0)
	  ->  Result  (cost=0.00..0.01 rows=1 width=736)

table 3 : explain INSERT INTO sbtest3 (id, k, c, pad) VALUES (2532913, 13, 'foobar', 'foobar')
	Insert on sbtest3  (cost=0.00..0.01 rows=0 width=0)
	  ->  Result  (cost=0.00..0.01 rows=1 width=736)

table 4 : explain INSERT INTO sbtest4 (id, k, c, pad) VALUES (3178157, 13, 'foobar', 'foobar')
	Insert on sbtest4  (cost=0.00..0.01 rows=0 width=0)
	  ->  Result  (cost=0.00..0.01 rows=1 width=736)

table 5 : explain INSERT INTO sbtest5 (id, k, c, pad) VALUES (592719, 13, 'foobar', 'foobar')
	Insert on sbtest5  (cost=0.00..0.01 rows=0 width=0)
	  ->  Result  (cost=0.00..0.01 rows=1 width=736)

table 6 : explain INSERT INTO sbtest6 (id, k, c, pad) VALUES (6085474, 13, 'foobar', 'foobar')
	Insert on sbtest6  (cost=0.00..0.01 rows=0 width=0)
	  ->  Result  (cost=0.00..0.01 rows=1 width=736)

table 7 : explain INSERT INTO sbtest7 (id, k, c, pad) VALUES (1663523, 13, 'foobar', 'foobar')
	Insert on sbtest7  (cost=0.00..0.01 rows=0 width=0)
	  ->  Result  (cost=0.00..0.01 rows=1 width=736)

table 8 : explain INSERT INTO sbtest8 (id, k, c, pad) VALUES (7048316, 13, 'foobar', 'foobar')
	Insert on sbtest8  (cost=0.00..0.01 rows=0 width=0)
	  ->  Result  (cost=0.00..0.01 rows=1 width=736)

explain: for non_index_updates :: explain UPDATE sbtest%u SET c='foobar' WHERE id=%u
explain: for point_selects :: explain SELECT c FROM sbtest%u WHERE id=%u
explain: for non_index_updates :: explain UPDATE sbtest%u SET c='foobar' WHERE id=%u
explain: for index_updates :: explain UPDATE sbtest%u SET k=k+1 WHERE id=%u
explain: for non_index_updates :: explain UPDATE sbtest%u SET c='foobar' WHERE id=%uexplain: for point_selects :: explain SELECT c FROM sbtest%u WHERE id=%uexplain: for point_selects :: explain SELECT c FROM sbtest%u WHERE id=%u
explain: for point_selects :: explain SELECT c FROM sbtest%u WHERE id=%u


for: simple_ranges
table 1 : explain SELECT c FROM sbtest1 WHERE id BETWEEN 2428642 AND 2428651
	Index Scan using sbtest1_pkey on sbtest1  (cost=0.43..39.37 rows=10 width=121)
	  Index Cond: ((id >= 2428642) AND (id <= 2428651))

table 2 : explain SELECT c FROM sbtest2 WHERE id BETWEEN 8203563 AND 8203572
	Index Scan using sbtest2_pkey on sbtest2  (cost=0.43..35.87 rows=9 width=121)
	  Index Cond: ((id >= 8203563) AND (id <= 8203572))

table 3 : explain SELECT c FROM sbtest3 WHERE id BETWEEN 8070841 AND 8070850
	Index Scan using sbtest3_pkey on sbtest3  (cost=0.43..35.65 rows=9 width=121)
	  Index Cond: ((id >= 8070841) AND (id <= 8070850))

table 4 : explain SELECT c FROM sbtest4 WHERE id BETWEEN 724433 AND 724442
	Index Scan using sbtest4_pkey on sbtest4  (cost=0.43..42.97 rows=11 width=121)
	  Index Cond: ((id >= 724433) AND (id <= 724442))

table 5 : explain SELECT c FROM sbtest5 WHERE id BETWEEN 9945574 AND 9945583
	Index Scan using sbtest5_pkey on sbtest5  (cost=0.43..39.32 rows=10 width=121)
	  Index Cond: ((id >= 9945574) AND (id <= 9945583))

table 6 : explain SELECT c FROM sbtest6 WHERE id BETWEEN 4992466 AND 4992475
	Index Scan using sbtest6_pkey on sbtest6  (cost=0.43..39.43 rows=10 width=121)
	  Index Cond: ((id >= 4992466) AND (id <= 4992475))

table 7 : explain SELECT c FROM sbtest7 WHERE id BETWEEN 6200714 AND 6200723
	Index Scan using sbtest7_pkey on sbtest7  (cost=0.43..36.08 rows=9 width=121)
	  Index Cond: ((id >= 6200714) AND (id <= 6200723))

table 8 : explain SELECT c FROM sbtest8 WHERE id BETWEEN 8055256 AND 8055265
	Index Scan using sbtest8_pkey on sbtest8  (cost=0.43..39.31 rows=10 width=121)
	  Index Cond: ((id >= 8055256) AND (id <= 8055265))

for: order_ranges
table 1 : explain SELECT c FROM sbtest1 WHERE id BETWEEN 8754140 AND 8754149 ORDER BY c
	Sort  (cost=42.99..43.02 rows=11 width=121)
	  Sort Key: c
	  ->  Index Scan using sbtest1_pkey on sbtest1  (cost=0.43..42.80 rows=11 width=121)
	        Index Cond: ((id >= 8754140) AND (id <= 8754149))

table 2 : explain SELECT c FROM sbtest2 WHERE id BETWEEN 5643599 AND 5643608 ORDER BY c
	Sort  (cost=39.47..39.49 rows=10 width=121)
	  Sort Key: c
	  ->  Index Scan using sbtest2_pkey on sbtest2  (cost=0.43..39.30 rows=10 width=121)
	        Index Cond: ((id >= 5643599) AND (id <= 5643608))

table 3 : explain SELECT c FROM sbtest3 WHERE id BETWEEN 3935567 AND 3935576 ORDER BY c
	Sort  (cost=39.22..39.25 rows=10 width=121)
	  Sort Key: c
	  ->  Index Scan using sbtest3_pkey on sbtest3  (cost=0.43..39.05 rows=10 width=121)
	        Index Cond: ((id >= 3935567) AND (id <= 3935576))

table 4 : explain SELECT c FROM sbtest4 WHERE id BETWEEN 2278956 AND 2278965 ORDER BY c
	Sort  (cost=39.69..39.71 rows=10 width=121)
	  Sort Key: c
	  ->  Index Scan using sbtest4_pkey on sbtest4  (cost=0.43..39.52 rows=10 width=121)
	        Index Cond: ((id >= 2278956) AND (id <= 2278965))

table 5 : explain SELECT c FROM sbtest5 WHERE id BETWEEN 8921563 AND 8921572 ORDER BY c
	Sort  (cost=39.49..39.51 rows=10 width=121)
	  Sort Key: c
	  ->  Index Scan using sbtest5_pkey on sbtest5  (cost=0.43..39.32 rows=10 width=121)
	        Index Cond: ((id >= 8921563) AND (id <= 8921572))

table 6 : explain SELECT c FROM sbtest6 WHERE id BETWEEN 6539315 AND 6539324 ORDER BY c
	Sort  (cost=43.07..43.09 rows=11 width=121)
	  Sort Key: c
	  ->  Index Scan using sbtest6_pkey on sbtest6  (cost=0.43..42.88 rows=11 width=121)
	        Index Cond: ((id >= 6539315) AND (id <= 6539324))

table 7 : explain SELECT c FROM sbtest7 WHERE id BETWEEN 7861112 AND 7861121 ORDER BY c
	Sort  (cost=39.70..39.72 rows=10 width=121)
	  Sort Key: c
	  ->  Index Scan using sbtest7_pkey on sbtest7  (cost=0.43..39.53 rows=10 width=121)
	        Index Cond: ((id >= 7861112) AND (id <= 7861121))

table 8 : explain SELECT c FROM sbtest8 WHERE id BETWEEN 6096701 AND 6096710 ORDER BY c
	Sort  (cost=39.48..39.50 rows=10 width=121)
	  Sort Key: c
	  ->  Index Scan using sbtest8_pkey on sbtest8  (cost=0.43..39.31 rows=10 width=121)
	        Index Cond: ((id >= 6096701) AND (id <= 6096710))

explain: for point_selects :: explain SELECT c FROM sbtest%u WHERE id=%u
for index_updates
table 1 : explain UPDATE sbtest1 SET k=k+1 WHERE id=6658188
	Update on sbtest1  (cost=0.43..8.46 rows=0 width=0)
	  ->  Index Scan using sbtest1_pkey on sbtest1  (cost=0.43..8.46 rows=1 width=10)
	        Index Cond: (id = 6658188)

table 2 : explain UPDATE sbtest2 SET k=k+1 WHERE id=159715
	Update on sbtest2  (cost=0.43..8.46 rows=0 width=0)
	  ->  Index Scan using sbtest2_pkey on sbtest2  (cost=0.43..8.46 rows=1 width=10)
	        Index Cond: (id = 159715)

table 3 : explain UPDATE sbtest3 SET k=k+1 WHERE id=923932
	Update on sbtest3  (cost=0.43..8.46 rows=0 width=0)
	  ->  Index Scan using sbtest3_pkey on sbtest3  (cost=0.43..8.46 rows=1 width=10)
	        Index Cond: (id = 923932)

table 4 : explain UPDATE sbtest4 SET k=k+1 WHERE id=8179864
	Update on sbtest4  (cost=0.43..8.46 rows=0 width=0)
	  ->  Index Scan using sbtest4_pkey on sbtest4  (cost=0.43..8.46 rows=1 width=10)
	        Index Cond: (id = 8179864)

table 5 : explain UPDATE sbtest5 SET k=k+1 WHERE id=9791813
	Update on sbtest5  (cost=0.43..8.46 rows=0 width=0)
	  ->  Index Scan using sbtest5_pkey on sbtest5  (cost=0.43..8.46 rows=1 width=10)
	        Index Cond: (id = 9791813)

table 6 : explain UPDATE sbtest6 SET k=k+1 WHERE id=3951409
	Update on sbtest6  (cost=0.43..8.46 rows=0 width=0)
	  ->  Index Scan using sbtest6_pkey on sbtest6  (cost=0.43..8.46 rows=1 width=10)
	        Index Cond: (id = 3951409)

table 7 : explain UPDATE sbtest7 SET k=k+1 WHERE id=6147799
	Update on sbtest7  (cost=0.43..8.46 rows=0 width=0)
	  ->  Index Scan using sbtest7_pkey on sbtest7  (cost=0.43..8.46 rows=1 width=10)
	        Index Cond: (id = 6147799)

table 8 : explain UPDATE sbtest8 SET k=k+1 WHERE id=2093852
	Update on sbtest8  (cost=0.43..8.46 rows=0 width=0)
	  ->  Index Scan using sbtest8_pkey on sbtest8  (cost=0.43..8.46 rows=1 width=10)
	        Index Cond: (id = 2093852)

for: simple_ranges
table 1 : explain SELECT c FROM sbtest1 WHERE id BETWEEN 5373372 AND 5373381
	Index Scan using sbtest1_pkey on sbtest1  (cost=0.43..39.37 rows=10 width=121)
	  Index Cond: ((id >= 5373372) AND (id <= 5373381))

table 2 : explain SELECT c FROM sbtest2 WHERE id BETWEEN 1409460 AND 1409469
	Index Scan using sbtest2_pkey on sbtest2  (cost=0.43..35.87 rows=9 width=121)
	  Index Cond: ((id >= 1409460) AND (id <= 1409469))

table 3 : explain SELECT c FROM sbtest3 WHERE id BETWEEN 2782733 AND 2782742
	Index Scan using sbtest3_pkey on sbtest3  (cost=0.43..35.65 rows=9 width=121)
	  Index Cond: ((id >= 2782733) AND (id <= 2782742))

table 4 : explain SELECT c FROM sbtest4 WHERE id BETWEEN 6751865 AND 6751874
	Index Scan using sbtest4_pkey on sbtest4  (cost=0.43..36.07 rows=9 width=121)
	  Index Cond: ((id >= 6751865) AND (id <= 6751874))

table 5 : explain SELECT c FROM sbtest5 WHERE id BETWEEN 3115487 AND 3115496
	Index Scan using sbtest5_pkey on sbtest5  (cost=0.43..39.32 rows=10 width=121)
	  Index Cond: ((id >= 3115487) AND (id <= 3115496))

table 6 : explain SELECT c FROM sbtest6 WHERE id BETWEEN 1905169 AND 1905178
	Index Scan using sbtest6_pkey on sbtest6  (cost=0.43..35.99 rows=9 width=121)
	  Index Cond: ((id >= 1905169) AND (id <= 1905178))

table 7 : explain SELECT c FROM sbtest7 WHERE id BETWEEN 2958773 AND 2958782
	Index Scan using sbtest7_pkey on sbtest7  (cost=0.43..36.08 rows=9 width=121)
	  Index Cond: ((id >= 2958773) AND (id <= 2958782))

table 8 : explain SELECT c FROM sbtest8 WHERE id BETWEEN 9699475 AND 9699484
	Index Scan using sbtest8_pkey on sbtest8  (cost=0.43..42.74 rows=11 width=121)
	  Index Cond: ((id >= 9699475) AND (id <= 9699484))

for: simple_ranges
table 1 : explain SELECT c FROM sbtest1 WHERE id BETWEEN 7750722 AND 7750731
	Index Scan using sbtest1_pkey on sbtest1  (cost=0.43..35.93 rows=9 width=121)
	  Index Cond: ((id >= 7750722) AND (id <= 7750731))

table 2 : explain SELECT c FROM sbtest2 WHERE id BETWEEN 4240677 AND 4240686
	Index Scan using sbtest2_pkey on sbtest2  (cost=0.43..39.30 rows=10 width=121)
	  Index Cond: ((id >= 4240677) AND (id <= 4240686))

table 3 : explain SELECT c FROM sbtest3 WHERE id BETWEEN 9121261 AND 9121270
	Index Scan using sbtest3_pkey on sbtest3  (cost=0.43..42.45 rows=11 width=121)
	  Index Cond: ((id >= 9121261) AND (id <= 9121270))

table 4 : explain SELECT c FROM sbtest4 WHERE id BETWEEN 2595293 AND 2595302
	Index Scan using sbtest4_pkey on sbtest4  (cost=0.43..36.07 rows=9 width=121)
	  Index Cond: ((id >= 2595293) AND (id <= 2595302))

table 5 : explain SELECT c FROM sbtest5 WHERE id BETWEEN 1790087 AND 1790096
	Index Scan using sbtest5_pkey on sbtest5  (cost=0.43..42.75 rows=11 width=121)
	  Index Cond: ((id >= 1790087) AND (id <= 1790096))

table 6 : explain SELECT c FROM sbtest6 WHERE id BETWEEN 3728365 AND 3728374
	Index Scan using sbtest6_pkey on sbtest6  (cost=0.43..39.43 rows=10 width=121)
	  Index Cond: ((id >= 3728365) AND (id <= 3728374))

table 7 : explain SELECT c FROM sbtest7 WHERE id BETWEEN 3906806 AND 3906815
	Index Scan using sbtest7_pkey on sbtest7  (cost=0.43..39.53 rows=10 width=121)
	  Index Cond: ((id >= 3906806) AND (id <= 3906815))

table 8 : explain SELECT c FROM sbtest8 WHERE id BETWEEN 8985212 AND 8985221
	Index Scan using sbtest8_pkey on sbtest8  (cost=0.43..35.88 rows=9 width=121)
	  Index Cond: ((id >= 8985212) AND (id <= 8985221))

for non_index_updates
table 1 : explain UPDATE sbtest1 SET c='foobar' WHERE id=2609599
	Update on sbtest1  (cost=0.43..8.45 rows=0 width=0)
	  ->  Index Scan using sbtest1_pkey on sbtest1  (cost=0.43..8.45 rows=1 width=490)
	        Index Cond: (id = 2609599)

table 2 : explain UPDATE sbtest2 SET c='foobar' WHERE id=3962036
	Update on sbtest2  (cost=0.43..8.45 rows=0 width=0)
	  ->  Index Scan using sbtest2_pkey on sbtest2  (cost=0.43..8.45 rows=1 width=490)
	        Index Cond: (id = 3962036)

table 3 : explain UPDATE sbtest3 SET c='foobar' WHERE id=9417261
	Update on sbtest3  (cost=0.43..8.45 rows=0 width=0)
	  ->  Index Scan using sbtest3_pkey on sbtest3  (cost=0.43..8.45 rows=1 width=490)
	        Index Cond: (id = 9417261)

table 4 : explain UPDATE sbtest4 SET c='foobar' WHERE id=3577281
	Update on sbtest4  (cost=0.43..8.45 rows=0 width=0)
	  ->  Index Scan using sbtest4_pkey on sbtest4  (cost=0.43..8.45 rows=1 width=490)
	        Index Cond: (id = 3577281)

table 5 : explain UPDATE sbtest5 SET c='foobar' WHERE id=3322187
	Update on sbtest5  (cost=0.43..8.45 rows=0 width=0)
	  ->  Index Scan using sbtest5_pkey on sbtest5  (cost=0.43..8.45 rows=1 width=490)
	        Index Cond: (id = 3322187)

table 6 : explain UPDATE sbtest6 SET c='foobar' WHERE id=3241307
	Update on sbtest6  (cost=0.43..8.45 rows=0 width=0)
	  ->  Index Scan using sbtest6_pkey on sbtest6  (cost=0.43..8.45 rows=1 width=490)
	        Index Cond: (id = 3241307)

table 7 : explain UPDATE sbtest7 SET c='foobar' WHERE id=7254302
	Update on sbtest7  (cost=0.43..8.45 rows=0 width=0)
	  ->  Index Scan using sbtest7_pkey on sbtest7  (cost=0.43..8.45 rows=1 width=490)
	        Index Cond: (id = 7254302)

table 8 : explain UPDATE sbtest8 SET c='foobar' WHERE id=2459017
	Update on sbtest8  (cost=0.43..8.45 rows=0 width=0)
	  ->  Index Scan using sbtest8_pkey on sbtest8  (cost=0.43..8.45 rows=1 width=490)
	        Index Cond: (id = 2459017)

for non_index_updates
table 1 : explain UPDATE sbtest1 SET c='foobar' WHERE id=8123440
	Update on sbtest1  (cost=0.43..8.45 rows=0 width=0)
	  ->  Index Scan using sbtest1_pkey on sbtest1  (cost=0.43..8.45 rows=1 width=490)
	        Index Cond: (id = 8123440)

table 2 : explain UPDATE sbtest2 SET c='foobar' WHERE id=8828419
	Update on sbtest2  (cost=0.43..8.45 rows=0 width=0)
	  ->  Index Scan using sbtest2_pkey on sbtest2  (cost=0.43..8.45 rows=1 width=490)
	        Index Cond: (id = 8828419)

table 3 : explain UPDATE sbtest3 SET c='foobar' WHERE id=5389674
	Update on sbtest3  (cost=0.43..8.45 rows=0 width=0)
	  ->  Index Scan using sbtest3_pkey on sbtest3  (cost=0.43..8.45 rows=1 width=490)
	        Index Cond: (id = 5389674)

table 4 : explain UPDATE sbtest4 SET c='foobar' WHERE id=9840536
	Update on sbtest4  (cost=0.43..8.45 rows=0 width=0)
	  ->  Index Scan using sbtest4_pkey on sbtest4  (cost=0.43..8.45 rows=1 width=490)
	        Index Cond: (id = 9840536)

table 5 : explain UPDATE sbtest5 SET c='foobar' WHERE id=997899
	Update on sbtest5  (cost=0.43..8.45 rows=0 width=0)
	  ->  Index Scan using sbtest5_pkey on sbtest5  (cost=0.43..8.45 rows=1 width=490)
	        Index Cond: (id = 997899)

table 6 : explain UPDATE sbtest6 SET c='foobar' WHERE id=3731491
	Update on sbtest6  (cost=0.43..8.45 rows=0 width=0)
	  ->  Index Scan using sbtest6_pkey on sbtest6  (cost=0.43..8.45 rows=1 width=490)
	        Index Cond: (id = 3731491)

table 7 : explain UPDATE sbtest7 SET c='foobar' WHERE id=8169723
	Update on sbtest7  (cost=0.43..8.45 rows=0 width=0)
	  ->  Index Scan using sbtest7_pkey on sbtest7  (cost=0.43..8.45 rows=1 width=490)
	        Index Cond: (id = 8169723)

table 8 : explain UPDATE sbtest8 SET c='foobar' WHERE id=7066675
	Update on sbtest8  (cost=0.43..8.45 rows=0 width=0)
	  ->  Index Scan using sbtest8_pkey on sbtest8  (cost=0.43..8.45 rows=1 width=490)
	        Index Cond: (id = 7066675)

for non_index_updates
table 1 : explain UPDATE sbtest1 SET c='foobar' WHERE id=6213703
	Update on sbtest1  (cost=0.43..8.45 rows=0 width=0)
	  ->  Index Scan using sbtest1_pkey on sbtest1  (cost=0.43..8.45 rows=1 width=490)
	        Index Cond: (id = 6213703)

table 2 : explain UPDATE sbtest2 SET c='foobar' WHERE id=7598100
	Update on sbtest2  (cost=0.43..8.45 rows=0 width=0)
	  ->  Index Scan using sbtest2_pkey on sbtest2  (cost=0.43..8.45 rows=1 width=490)
	        Index Cond: (id = 7598100)

table 3 : explain UPDATE sbtest3 SET c='foobar' WHERE id=6256375
	Update on sbtest3  (cost=0.43..8.45 rows=0 width=0)
	  ->  Index Scan using sbtest3_pkey on sbtest3  (cost=0.43..8.45 rows=1 width=490)
	        Index Cond: (id = 6256375)

table 4 : explain UPDATE sbtest4 SET c='foobar' WHERE id=2576921
	Update on sbtest4  (cost=0.43..8.45 rows=0 width=0)
	  ->  Index Scan using sbtest4_pkey on sbtest4  (cost=0.43..8.45 rows=1 width=490)
	        Index Cond: (id = 2576921)

table 5 : explain UPDATE sbtest5 SET c='foobar' WHERE id=6263484
	Update on sbtest5  (cost=0.43..8.45 rows=0 width=0)
	  ->  Index Scan using sbtest5_pkey on sbtest5  (cost=0.43..8.45 rows=1 width=490)
	        Index Cond: (id = 6263484)

table 6 : explain UPDATE sbtest6 SET c='foobar' WHERE id=982371
	Update on sbtest6  (cost=0.43..8.45 rows=0 width=0)
	  ->  Index Scan using sbtest6_pkey on sbtest6  (cost=0.43..8.45 rows=1 width=490)
	        Index Cond: (id = 982371)

table 7 : explain UPDATE sbtest7 SET c='foobar' WHERE id=49744
	Update on sbtest7  (cost=0.43..8.45 rows=0 width=0)
	  ->  Index Scan using sbtest7_pkey on sbtest7  (cost=0.43..8.45 rows=1 width=490)
	        Index Cond: (id = 49744)

table 8 : explain UPDATE sbtest8 SET c='foobar' WHERE id=1225041
	Update on sbtest8  (cost=0.43..8.45 rows=0 width=0)
	  ->  Index Scan using sbtest8_pkey on sbtest8  (cost=0.43..8.45 rows=1 width=490)
	        Index Cond: (id = 1225041)

explain: for deletes :: explain DELETE FROM sbtest%u WHERE id=%u
for: order_ranges
table 1 : explain SELECT c FROM sbtest1 WHERE id BETWEEN 2308338 AND 2308347 ORDER BY c
	Sort  (cost=36.07..36.10 rows=9 width=121)
	  Sort Key: c
	  ->  Index Scan using sbtest1_pkey on sbtest1  (cost=0.43..35.93 rows=9 width=121)
	        Index Cond: ((id >= 2308338) AND (id <= 2308347))

table 2 : explain SELECT c FROM sbtest2 WHERE id BETWEEN 4924681 AND 4924690 ORDER BY c
	Sort  (cost=39.47..39.49 rows=10 width=121)
	  Sort Key: c
	  ->  Index Scan using sbtest2_pkey on sbtest2  (cost=0.43..39.30 rows=10 width=121)
	        Index Cond: ((id >= 4924681) AND (id <= 4924690))

table 3 : explain SELECT c FROM sbtest3 WHERE id BETWEEN 6456758 AND 6456767 ORDER BY c
	Sort  (cost=42.65..42.67 rows=11 width=121)
	  Sort Key: c
	  ->  Index Scan using sbtest3_pkey on sbtest3  (cost=0.43..42.45 rows=11 width=121)
	        Index Cond: ((id >= 6456758) AND (id <= 6456767))

table 4 : explain SELECT c FROM sbtest4 WHERE id BETWEEN 8735606 AND 8735615 ORDER BY c
	Sort  (cost=39.69..39.71 rows=10 width=121)
	  Sort Key: c
	  ->  Index Scan using sbtest4_pkey on sbtest4  (cost=0.43..39.52 rows=10 width=121)
	        Index Cond: ((id >= 8735606) AND (id <= 8735615))

table 5 : explain SELECT c FROM sbtest5 WHERE id BETWEEN 498327 AND 498336 ORDER BY c
	Sort  (cost=36.03..36.06 rows=9 width=121)
	  Sort Key: c
	  ->  Index Scan using sbtest5_pkey on sbtest5  (cost=0.43..35.89 rows=9 width=121)
	        Index Cond: ((id >= 498327) AND (id <= 498336))

table 6 : explain SELECT c FROM sbtest6 WHERE id BETWEEN 3307985 AND 3307994 ORDER BY c
	Sort  (cost=43.07..43.09 rows=11 width=121)
	  Sort Key: c
	  ->  Index Scan using sbtest6_pkey on sbtest6  (cost=0.43..42.88 rows=11 width=121)
	        Index Cond: ((id >= 3307985) AND (id <= 3307994))

table 7 : explain SELECT c FROM sbtest7 WHERE id BETWEEN 4846912 AND 4846921 ORDER BY c
	Sort  (cost=39.70..39.72 rows=10 width=121)
	  Sort Key: c
	  ->  Index Scan using sbtest7_pkey on sbtest7  (cost=0.43..39.53 rows=10 width=121)
	        Index Cond: ((id >= 4846912) AND (id <= 4846921))

table 8 : explain SELECT c FROM sbtest8 WHERE id BETWEEN 612102 AND 612111 ORDER BY c
	Sort  (cost=39.48..39.50 rows=10 width=121)
	  Sort Key: c
	  ->  Index Scan using sbtest8_pkey on sbtest8  (cost=0.43..39.31 rows=10 width=121)
	        Index Cond: ((id >= 612102) AND (id <= 612111))

for non_index_updates
table 1 : explain UPDATE sbtest1 SET c='foobar' WHERE id=975772
	Update on sbtest1  (cost=0.43..8.45 rows=0 width=0)
	  ->  Index Scan using sbtest1_pkey on sbtest1  (cost=0.43..8.45 rows=1 width=490)
	        Index Cond: (id = 975772)

table 2 : explain UPDATE sbtest2 SET c='foobar' WHERE id=3382911
	Update on sbtest2  (cost=0.43..8.45 rows=0 width=0)
	  ->  Index Scan using sbtest2_pkey on sbtest2  (cost=0.43..8.45 rows=1 width=490)
	        Index Cond: (id = 3382911)

table 3 : explain UPDATE sbtest3 SET c='foobar' WHERE id=1331905
	Update on sbtest3  (cost=0.43..8.45 rows=0 width=0)
	  ->  Index Scan using sbtest3_pkey on sbtest3  (cost=0.43..8.45 rows=1 width=490)
	        Index Cond: (id = 1331905)

table 4 : explain UPDATE sbtest4 SET c='foobar' WHERE id=5706008
	Update on sbtest4  (cost=0.43..8.45 rows=0 width=0)
	  ->  Index Scan using sbtest4_pkey on sbtest4  (cost=0.43..8.45 rows=1 width=490)
	        Index Cond: (id = 5706008)

table 5 : explain UPDATE sbtest5 SET c='foobar' WHERE id=2648864
	Update on sbtest5  (cost=0.43..8.45 rows=0 width=0)
	  ->  Index Scan using sbtest5_pkey on sbtest5  (cost=0.43..8.45 rows=1 width=490)
	        Index Cond: (id = 2648864)

table 6 : explain UPDATE sbtest6 SET c='foobar' WHERE id=3470741
	Update on sbtest6  (cost=0.43..8.45 rows=0 width=0)
	  ->  Index Scan using sbtest6_pkey on sbtest6  (cost=0.43..8.45 rows=1 width=490)
	        Index Cond: (id = 3470741)

table 7 : explain UPDATE sbtest7 SET c='foobar' WHERE id=7757765
	Update on sbtest7  (cost=0.43..8.45 rows=0 width=0)
	  ->  Index Scan using sbtest7_pkey on sbtest7  (cost=0.43..8.45 rows=1 width=490)
	        Index Cond: (id = 7757765)

table 8 : explain UPDATE sbtest8 SET c='foobar' WHERE id=4696706
	Update on sbtest8  (cost=0.43..8.45 rows=0 width=0)
	  ->  Index Scan using sbtest8_pkey on sbtest8  (cost=0.43..8.45 rows=1 width=490)
	        Index Cond: (id = 4696706)

explain: for non_index_updates :: explain UPDATE sbtest%u SET c='foobar' WHERE id=%u
for point_selects
table 1 : explain SELECT c FROM sbtest1 WHERE id=9977691
	Index Scan using sbtest1_pkey on sbtest1  (cost=0.43..8.45 rows=1 width=121)
	  Index Cond: (id = 9977691)

table 2 : explain SELECT c FROM sbtest2 WHERE id=4424757
	Index Scan using sbtest2_pkey on sbtest2  (cost=0.43..8.45 rows=1 width=121)
	  Index Cond: (id = 4424757)

table 3 : explain SELECT c FROM sbtest3 WHERE id=8375406
	Index Scan using sbtest3_pkey on sbtest3  (cost=0.43..8.45 rows=1 width=121)
	  Index Cond: (id = 8375406)

table 4 : explain SELECT c FROM sbtest4 WHERE id=2025463
	Index Scan using sbtest4_pkey on sbtest4  (cost=0.43..8.45 rows=1 width=121)
	  Index Cond: (id = 2025463)

table 5 : explain SELECT c FROM sbtest5 WHERE id=3230717
	Index Scan using sbtest5_pkey on sbtest5  (cost=0.43..8.45 rows=1 width=121)
	  Index Cond: (id = 3230717)

table 6 : explain SELECT c FROM sbtest6 WHERE id=9712955
	Index Scan using sbtest6_pkey on sbtest6  (cost=0.43..8.45 rows=1 width=121)
	  Index Cond: (id = 9712955)

table 7 : explain SELECT c FROM sbtest7 WHERE id=9077350
	Index Scan using sbtest7_pkey on sbtest7  (cost=0.43..8.45 rows=1 width=121)
	  Index Cond: (id = 9077350)

table 8 : explain SELECT c FROM sbtest8 WHERE id=4053504
	Index Scan using sbtest8_pkey on sbtest8  (cost=0.43..8.45 rows=1 width=121)
	  Index Cond: (id = 4053504)

for: sum_ranges
table 1 : explain SELECT SUM(k) FROM sbtest1 WHERE id BETWEEN 3610268 AND 3610277
	Aggregate  (cost=39.39..39.40 rows=1 width=8)
	  ->  Index Scan using sbtest1_pkey on sbtest1  (cost=0.43..39.37 rows=10 width=4)
	        Index Cond: ((id >= 3610268) AND (id <= 3610277))

table 2 : explain SELECT SUM(k) FROM sbtest2 WHERE id BETWEEN 9649481 AND 9649490
	Aggregate  (cost=39.33..39.34 rows=1 width=8)
	  ->  Index Scan using sbtest2_pkey on sbtest2  (cost=0.43..39.30 rows=10 width=4)
	        Index Cond: ((id >= 9649481) AND (id <= 9649490))

table 3 : explain SELECT SUM(k) FROM sbtest3 WHERE id BETWEEN 1526297 AND 1526306
	Aggregate  (cost=39.08..39.09 rows=1 width=8)
	  ->  Index Scan using sbtest3_pkey on sbtest3  (cost=0.43..39.05 rows=10 width=4)
	        Index Cond: ((id >= 1526297) AND (id <= 1526306))

table 4 : explain SELECT SUM(k) FROM sbtest4 WHERE id BETWEEN 8420154 AND 8420163
	Aggregate  (cost=39.55..39.56 rows=1 width=8)
	  ->  Index Scan using sbtest4_pkey on sbtest4  (cost=0.43..39.52 rows=10 width=4)
	        Index Cond: ((id >= 8420154) AND (id <= 8420163))

table 5 : explain SELECT SUM(k) FROM sbtest5 WHERE id BETWEEN 5421474 AND 5421483
	Aggregate  (cost=39.34..39.35 rows=1 width=8)
	  ->  Index Scan using sbtest5_pkey on sbtest5  (cost=0.43..39.32 rows=10 width=4)
	        Index Cond: ((id >= 5421474) AND (id <= 5421483))

table 6 : explain SELECT SUM(k) FROM sbtest6 WHERE id BETWEEN 2359396 AND 2359405
	Aggregate  (cost=36.01..36.02 rows=1 width=8)
	  ->  Index Scan using sbtest6_pkey on sbtest6  (cost=0.43..35.99 rows=9 width=4)
	        Index Cond: ((id >= 2359396) AND (id <= 2359405))

table 7 : explain SELECT SUM(k) FROM sbtest7 WHERE id BETWEEN 7610218 AND 7610227
	Aggregate  (cost=39.55..39.56 rows=1 width=8)
	  ->  Index Scan using sbtest7_pkey on sbtest7  (cost=0.43..39.53 rows=10 width=4)
	        Index Cond: ((id >= 7610218) AND (id <= 7610227))

table 8 : explain SELECT SUM(k) FROM sbtest8 WHERE id BETWEEN 6517081 AND 6517090
	Aggregate  (cost=39.34..39.35 rows=1 width=8)
	  ->  Index Scan using sbtest8_pkey on sbtest8  (cost=0.43..39.31 rows=10 width=4)
	        Index Cond: ((id >= 6517081) AND (id <= 6517090))

explain: for deletes :: explain DELETE FROM sbtest%u WHERE id=%u
explain: for deletes :: explain DELETE FROM sbtest%u WHERE id=%u
explain: for deletes :: explain DELETE FROM sbtest%u WHERE id=%u
for deletes
table 1 : explain DELETE FROM sbtest1 WHERE id=8154521
	Delete on sbtest1  (cost=0.43..8.45 rows=0 width=0)
	  ->  Index Scan using sbtest1_pkey on sbtest1  (cost=0.43..8.45 rows=1 width=6)
	        Index Cond: (id = 8154521)

table 2 : explain DELETE FROM sbtest2 WHERE id=7469117
	Delete on sbtest2  (cost=0.43..8.45 rows=0 width=0)
	  ->  Index Scan using sbtest2_pkey on sbtest2  (cost=0.43..8.45 rows=1 width=6)
	        Index Cond: (id = 7469117)

table 3 : explain DELETE FROM sbtest3 WHERE id=608028
	Delete on sbtest3  (cost=0.43..8.45 rows=0 width=0)
	  ->  Index Scan using sbtest3_pkey on sbtest3  (cost=0.43..8.45 rows=1 width=6)
	        Index Cond: (id = 608028)

table 4 : explain DELETE FROM sbtest4 WHERE id=434707
	Delete on sbtest4  (cost=0.43..8.45 rows=0 width=0)
	  ->  Index Scan using sbtest4_pkey on sbtest4  (cost=0.43..8.45 rows=1 width=6)
	        Index Cond: (id = 434707)

table 5 : explain DELETE FROM sbtest5 WHERE id=839291
	Delete on sbtest5  (cost=0.43..8.45 rows=0 width=0)
	  ->  Index Scan using sbtest5_pkey on sbtest5  (cost=0.43..8.45 rows=1 width=6)
	        Index Cond: (id = 839291)

table 6 : explain DELETE FROM sbtest6 WHERE id=2975274
	Delete on sbtest6  (cost=0.43..8.45 rows=0 width=0)
	  ->  Index Scan using sbtest6_pkey on sbtest6  (cost=0.43..8.45 rows=1 width=6)
	        Index Cond: (id = 2975274)

table 7 : explain DELETE FROM sbtest7 WHERE id=8090402
	Delete on sbtest7  (cost=0.43..8.45 rows=0 width=0)
	  ->  Index Scan using sbtest7_pkey on sbtest7  (cost=0.43..8.45 rows=1 width=6)
	        Index Cond: (id = 8090402)

table 8 : explain DELETE FROM sbtest8 WHERE id=9858298
	Delete on sbtest8  (cost=0.43..8.45 rows=0 width=0)
	  ->  Index Scan using sbtest8_pkey on sbtest8  (cost=0.43..8.45 rows=1 width=6)
	        Index Cond: (id = 9858298)

for: sum_ranges
table 1 : explain SELECT SUM(k) FROM sbtest1 WHERE id BETWEEN 8600909 AND 8600918
	Aggregate  (cost=42.83..42.84 rows=1 width=8)
	  ->  Index Scan using sbtest1_pkey on sbtest1  (cost=0.43..42.80 rows=11 width=4)
	        Index Cond: ((id >= 8600909) AND (id <= 8600918))

table 2 : explain SELECT SUM(k) FROM sbtest2 WHERE id BETWEEN 2154117 AND 2154126
	Aggregate  (cost=39.33..39.34 rows=1 width=8)
	  ->  Index Scan using sbtest2_pkey on sbtest2  (cost=0.43..39.30 rows=10 width=4)
	        Index Cond: ((id >= 2154117) AND (id <= 2154126))

table 3 : explain SELECT SUM(k) FROM sbtest3 WHERE id BETWEEN 4534078 AND 4534087
	Aggregate  (cost=39.08..39.09 rows=1 width=8)
	  ->  Index Scan using sbtest3_pkey on sbtest3  (cost=0.43..39.05 rows=10 width=4)
	        Index Cond: ((id >= 4534078) AND (id <= 4534087))

table 4 : explain SELECT SUM(k) FROM sbtest4 WHERE id BETWEEN 4131495 AND 4131504
	Aggregate  (cost=36.09..36.10 rows=1 width=8)
	  ->  Index Scan using sbtest4_pkey on sbtest4  (cost=0.43..36.07 rows=9 width=4)
	        Index Cond: ((id >= 4131495) AND (id <= 4131504))

table 5 : explain SELECT SUM(k) FROM sbtest5 WHERE id BETWEEN 8783755 AND 8783764
	Aggregate  (cost=42.78..42.79 rows=1 width=8)
	  ->  Index Scan using sbtest5_pkey on sbtest5  (cost=0.43..42.75 rows=11 width=4)
	        Index Cond: ((id >= 8783755) AND (id <= 8783764))

table 6 : explain SELECT SUM(k) FROM sbtest6 WHERE id BETWEEN 793680 AND 793689
	Aggregate  (cost=36.01..36.02 rows=1 width=8)
	  ->  Index Scan using sbtest6_pkey on sbtest6  (cost=0.43..35.99 rows=9 width=4)
	        Index Cond: ((id >= 793680) AND (id <= 793689))

table 7 : explain SELECT SUM(k) FROM sbtest7 WHERE id BETWEEN 3920308 AND 3920317
	Aggregate  (cost=39.55..39.56 rows=1 width=8)
	  ->  Index Scan using sbtest7_pkey on sbtest7  (cost=0.43..39.53 rows=10 width=4)
	        Index Cond: ((id >= 3920308) AND (id <= 3920317))

table 8 : explain SELECT SUM(k) FROM sbtest8 WHERE id BETWEEN 6100805 AND 6100814
	Aggregate  (cost=39.34..39.35 rows=1 width=8)
	  ->  Index Scan using sbtest8_pkey on sbtest8  (cost=0.43..39.31 rows=10 width=4)
	        Index Cond: ((id >= 6100805) AND (id <= 6100814))

for: sum_ranges
table 1 : explain SELECT SUM(k) FROM sbtest1 WHERE id BETWEEN 7550282 AND 7550291
	Aggregate  (cost=39.39..39.40 rows=1 width=8)
	  ->  Index Scan using sbtest1_pkey on sbtest1  (cost=0.43..39.37 rows=10 width=4)
	        Index Cond: ((id >= 7550282) AND (id <= 7550291))

table 2 : explain SELECT SUM(k) FROM sbtest2 WHERE id BETWEEN 953813 AND 953822
	Aggregate  (cost=39.33..39.34 rows=1 width=8)
	  ->  Index Scan using sbtest2_pkey on sbtest2  (cost=0.43..39.30 rows=10 width=4)
	        Index Cond: ((id >= 953813) AND (id <= 953822))

table 3 : explain SELECT SUM(k) FROM sbtest3 WHERE id BETWEEN 4230146 AND 4230155
	Aggregate  (cost=42.48..42.49 rows=1 width=8)
	  ->  Index Scan using sbtest3_pkey on sbtest3  (cost=0.43..42.45 rows=11 width=4)
	        Index Cond: ((id >= 4230146) AND (id <= 4230155))

table 4 : explain SELECT SUM(k) FROM sbtest4 WHERE id BETWEEN 770040 AND 770049
	Aggregate  (cost=43.00..43.01 rows=1 width=8)
	  ->  Index Scan using sbtest4_pkey on sbtest4  (cost=0.43..42.97 rows=11 width=4)
	        Index Cond: ((id >= 770040) AND (id <= 770049))

table 5 : explain SELECT SUM(k) FROM sbtest5 WHERE id BETWEEN 6388365 AND 6388374
	Aggregate  (cost=42.78..42.79 rows=1 width=8)
	  ->  Index Scan using sbtest5_pkey on sbtest5  (cost=0.43..42.75 rows=11 width=4)
	        Index Cond: ((id >= 6388365) AND (id <= 6388374))

table 6 : explain SELECT SUM(k) FROM sbtest6 WHERE id BETWEEN 9411818 AND 9411827
	Aggregate  (cost=39.46..39.47 rows=1 width=8)
	  ->  Index Scan using sbtest6_pkey on sbtest6  (cost=0.43..39.43 rows=10 width=4)
	        Index Cond: ((id >= 9411818) AND (id <= 9411827))

table 7 : explain SELECT SUM(k) FROM sbtest7 WHERE id BETWEEN 3818963 AND 3818972
	Aggregate  (cost=39.55..39.56 rows=1 width=8)
	  ->  Index Scan using sbtest7_pkey on sbtest7  (cost=0.43..39.53 rows=10 width=4)
	        Index Cond: ((id >= 3818963) AND (id <= 3818972))

table 8 : explain SELECT SUM(k) FROM sbtest8 WHERE id BETWEEN 6430671 AND 6430680
	Aggregate  (cost=39.34..39.35 rows=1 width=8)
	  ->  Index Scan using sbtest8_pkey on sbtest8  (cost=0.43..39.31 rows=10 width=4)
	        Index Cond: ((id >= 6430671) AND (id <= 6430680))

for point_selects
table 1 : explain SELECT c FROM sbtest1 WHERE id=129506
	Index Scan using sbtest1_pkey on sbtest1  (cost=0.43..8.45 rows=1 width=121)
	  Index Cond: (id = 129506)

table 2 : explain SELECT c FROM sbtest2 WHERE id=7639667
	Index Scan using sbtest2_pkey on sbtest2  (cost=0.43..8.45 rows=1 width=121)
	  Index Cond: (id = 7639667)

table 3 : explain SELECT c FROM sbtest3 WHERE id=7868110
	Index Scan using sbtest3_pkey on sbtest3  (cost=0.43..8.45 rows=1 width=121)
	  Index Cond: (id = 7868110)

table 4 : explain SELECT c FROM sbtest4 WHERE id=3647468
	Index Scan using sbtest4_pkey on sbtest4  (cost=0.43..8.45 rows=1 width=121)
	  Index Cond: (id = 3647468)

table 5 : explain SELECT c FROM sbtest5 WHERE id=9497499
	Index Scan using sbtest5_pkey on sbtest5  (cost=0.43..8.45 rows=1 width=121)
	  Index Cond: (id = 9497499)

table 6 : explain SELECT c FROM sbtest6 WHERE id=2522945
	Index Scan using sbtest6_pkey on sbtest6  (cost=0.43..8.45 rows=1 width=121)
	  Index Cond: (id = 2522945)

table 7 : explain SELECT c FROM sbtest7 WHERE id=8939941
	Index Scan using sbtest7_pkey on sbtest7  (cost=0.43..8.45 rows=1 width=121)
	  Index Cond: (id = 8939941)

table 8 : explain SELECT c FROM sbtest8 WHERE id=6106934
	Index Scan using sbtest8_pkey on sbtest8  (cost=0.43..8.45 rows=1 width=121)
	  Index Cond: (id = 6106934)
for point_selects
table 1 : explain SELECT c FROM sbtest1 WHERE id=3683182
	Index Scan using sbtest1_pkey on sbtest1  (cost=0.43..8.45 rows=1 width=121)
	  Index Cond: (id = 3683182)

table 2 : explain SELECT c FROM sbtest2 WHERE id=739298
	Index Scan using sbtest2_pkey on sbtest2  (cost=0.43..8.45 rows=1 width=121)
	  Index Cond: (id = 739298)

table 3 : explain SELECT c FROM sbtest3 WHERE id=2102560
	Index Scan using sbtest3_pkey on sbtest3  (cost=0.43..8.45 rows=1 width=121)
	  Index Cond: (id = 2102560)

table 4 : explain SELECT c FROM sbtest4 WHERE id=8708375
	Index Scan using sbtest4_pkey on sbtest4  (cost=0.43..8.45 rows=1 width=121)
	  Index Cond: (id = 8708375)

table 5 : explain SELECT c FROM sbtest5 WHERE id=9613025
	Index Scan using sbtest5_pkey on sbtest5  (cost=0.43..8.45 rows=1 width=121)
	  Index Cond: (id = 9613025)

table 6 : explain SELECT c FROM sbtest6 WHERE id=9677218
	Index Scan using sbtest6_pkey on sbtest6  (cost=0.43..8.45 rows=1 width=121)
	  Index Cond: (id = 9677218)

table 7 : explain SELECT c FROM sbtest7 WHERE id=4443769
	Index Scan using sbtest7_pkey on sbtest7  (cost=0.43..8.45 rows=1 width=121)
	  Index Cond: (id = 4443769)

table 8 : explain SELECT c FROM sbtest8 WHERE id=5396846
	Index Scan using sbtest8_pkey on sbtest8  (cost=0.43..8.45 rows=1 width=121)
	  Index Cond: (id = 5396846)


for point_selects
table 1 : explain SELECT c FROM sbtest1 WHERE id=5590955
	Index Scan using sbtest1_pkey on sbtest1  (cost=0.43..8.45 rows=1 width=121)
	  Index Cond: (id = 5590955)

table 2 : explain SELECT c FROM sbtest2 WHERE id=9249434
	Index Scan using sbtest2_pkey on sbtest2  (cost=0.43..8.45 rows=1 width=121)
	  Index Cond: (id = 9249434)

table 3 : explain SELECT c FROM sbtest3 WHERE id=7807463
	Index Scan using sbtest3_pkey on sbtest3  (cost=0.43..8.45 rows=1 width=121)
	  Index Cond: (id = 7807463)

table 4 : explain SELECT c FROM sbtest4 WHERE id=970842
	Index Scan using sbtest4_pkey on sbtest4  (cost=0.43..8.45 rows=1 width=121)
	  Index Cond: (id = 970842)

table 5 : explain SELECT c FROM sbtest5 WHERE id=5130780
	Index Scan using sbtest5_pkey on sbtest5  (cost=0.43..8.45 rows=1 width=121)
	  Index Cond: (id = 5130780)

table 6 : explain SELECT c FROM sbtest6 WHERE id=8071113
	Index Scan using sbtest6_pkey on sbtest6  (cost=0.43..8.45 rows=1 width=121)
	  Index Cond: (id = 8071113)

table 7 : explain SELECT c FROM sbtest7 WHERE id=356124
	Index Scan using sbtest7_pkey on sbtest7  (cost=0.43..8.45 rows=1 width=121)
	  Index Cond: (id = 356124)

table 8 : explain SELECT c FROM sbtest8 WHERE id=3807107
	Index Scan using sbtest8_pkey on sbtest8  (cost=0.43..8.45 rows=1 width=121)
	  Index Cond: (id = 3807107)

explain: for point_selects :: explain SELECT c FROM sbtest%u WHERE id=%u
for deletes
table 1 : explain DELETE FROM sbtest1 WHERE id=5602060
	Delete on sbtest1  (cost=0.43..8.45 rows=0 width=0)
	  ->  Index Scan using sbtest1_pkey on sbtest1  (cost=0.43..8.45 rows=1 width=6)
	        Index Cond: (id = 5602060)

table 2 : explain DELETE FROM sbtest2 WHERE id=2485658
	Delete on sbtest2  (cost=0.43..8.45 rows=0 width=0)
	  ->  Index Scan using sbtest2_pkey on sbtest2  (cost=0.43..8.45 rows=1 width=6)
	        Index Cond: (id = 2485658)

table 3 : explain DELETE FROM sbtest3 WHERE id=5911675
	Delete on sbtest3  (cost=0.43..8.45 rows=0 width=0)
	  ->  Index Scan using sbtest3_pkey on sbtest3  (cost=0.43..8.45 rows=1 width=6)
	        Index Cond: (id = 5911675)

table 4 : explain DELETE FROM sbtest4 WHERE id=2186745
	Delete on sbtest4  (cost=0.43..8.45 rows=0 width=0)
	  ->  Index Scan using sbtest4_pkey on sbtest4  (cost=0.43..8.45 rows=1 width=6)
	        Index Cond: (id = 2186745)

table 5 : explain DELETE FROM sbtest5 WHERE id=5806187
	Delete on sbtest5  (cost=0.43..8.45 rows=0 width=0)
	  ->  Index Scan using sbtest5_pkey on sbtest5  (cost=0.43..8.45 rows=1 width=6)
	        Index Cond: (id = 5806187)

table 6 : explain DELETE FROM sbtest6 WHERE id=4867604
	Delete on sbtest6  (cost=0.43..8.45 rows=0 width=0)
	  ->  Index Scan using sbtest6_pkey on sbtest6  (cost=0.43..8.45 rows=1 width=6)
	        Index Cond: (id = 4867604)

table 7 : explain DELETE FROM sbtest7 WHERE id=3421650
	Delete on sbtest7  (cost=0.43..8.45 rows=0 width=0)
	  ->  Index Scan using sbtest7_pkey on sbtest7  (cost=0.43..8.45 rows=1 width=6)
	        Index Cond: (id = 3421650)

table 8 : explain DELETE FROM sbtest8 WHERE id=2997750
	Delete on sbtest8  (cost=0.43..8.45 rows=0 width=0)
	  ->  Index Scan using sbtest8_pkey on sbtest8  (cost=0.43..8.45 rows=1 width=6)
	        Index Cond: (id = 2997750)

for deletes
table 1 : explain DELETE FROM sbtest1 WHERE id=7712148
	Delete on sbtest1  (cost=0.43..8.45 rows=0 width=0)
	  ->  Index Scan using sbtest1_pkey on sbtest1  (cost=0.43..8.45 rows=1 width=6)
	        Index Cond: (id = 7712148)

table 2 : explain DELETE FROM sbtest2 WHERE id=9674573
	Delete on sbtest2  (cost=0.43..8.45 rows=0 width=0)
	  ->  Index Scan using sbtest2_pkey on sbtest2  (cost=0.43..8.45 rows=1 width=6)
	        Index Cond: (id = 9674573)

table 3 : explain DELETE FROM sbtest3 WHERE id=2762362
	Delete on sbtest3  (cost=0.43..8.45 rows=0 width=0)
	  ->  Index Scan using sbtest3_pkey on sbtest3  (cost=0.43..8.45 rows=1 width=6)
	        Index Cond: (id = 2762362)

table 4 : explain DELETE FROM sbtest4 WHERE id=4718952
	Delete on sbtest4  (cost=0.43..8.45 rows=0 width=0)
	  ->  Index Scan using sbtest4_pkey on sbtest4  (cost=0.43..8.45 rows=1 width=6)
	        Index Cond: (id = 4718952)

table 5 : explain DELETE FROM sbtest5 WHERE id=1332943
	Delete on sbtest5  (cost=0.43..8.45 rows=0 width=0)
	  ->  Index Scan using sbtest5_pkey on sbtest5  (cost=0.43..8.45 rows=1 width=6)
	        Index Cond: (id = 1332943)

table 6 : explain DELETE FROM sbtest6 WHERE id=3800343
	Delete on sbtest6  (cost=0.43..8.45 rows=0 width=0)
	  ->  Index Scan using sbtest6_pkey on sbtest6  (cost=0.43..8.45 rows=1 width=6)
	        Index Cond: (id = 3800343)

table 7 : explain DELETE FROM sbtest7 WHERE id=2494532
	Delete on sbtest7  (cost=0.43..8.45 rows=0 width=0)
	  ->  Index Scan using sbtest7_pkey on sbtest7  (cost=0.43..8.45 rows=1 width=6)
	        Index Cond: (id = 2494532)

table 8 : explain DELETE FROM sbtest8 WHERE id=3335833
	Delete on sbtest8  (cost=0.43..8.45 rows=0 width=0)
	  ->  Index Scan using sbtest8_pkey on sbtest8  (cost=0.43..8.45 rows=1 width=6)
	        Index Cond: (id = 3335833)

for non_index_updates
table 1 : explain UPDATE sbtest1 SET c='foobar' WHERE id=7122039
	Update on sbtest1  (cost=0.43..8.45 rows=0 width=0)
	  ->  Index Scan using sbtest1_pkey on sbtest1  (cost=0.43..8.45 rows=1 width=490)
	        Index Cond: (id = 7122039)

table 2 : explain UPDATE sbtest2 SET c='foobar' WHERE id=7530725
	Update on sbtest2  (cost=0.43..8.45 rows=0 width=0)
	  ->  Index Scan using sbtest2_pkey on sbtest2  (cost=0.43..8.45 rows=1 width=490)
	        Index Cond: (id = 7530725)

table 3 : explain UPDATE sbtest3 SET c='foobar' WHERE id=8614046
	Update on sbtest3  (cost=0.43..8.45 rows=0 width=0)
	  ->  Index Scan using sbtest3_pkey on sbtest3  (cost=0.43..8.45 rows=1 width=490)
	        Index Cond: (id = 8614046)

table 4 : explain UPDATE sbtest4 SET c='foobar' WHERE id=9504657
	Update on sbtest4  (cost=0.43..8.45 rows=0 width=0)
	  ->  Index Scan using sbtest4_pkey on sbtest4  (cost=0.43..8.45 rows=1 width=490)
	        Index Cond: (id = 9504657)

table 5 : explain UPDATE sbtest5 SET c='foobar' WHERE id=5169251
	Update on sbtest5  (cost=0.43..8.45 rows=0 width=0)
	  ->  Index Scan using sbtest5_pkey on sbtest5  (cost=0.43..8.45 rows=1 width=490)
	        Index Cond: (id = 5169251)

table 6 : explain UPDATE sbtest6 SET c='foobar' WHERE id=8303428
	Update on sbtest6  (cost=0.43..8.45 rows=0 width=0)
	  ->  Index Scan using sbtest6_pkey on sbtest6  (cost=0.43..8.45 rows=1 width=490)
	        Index Cond: (id = 8303428)

table 7 : explain UPDATE sbtest7 SET c='foobar' WHERE id=5934365
	Update on sbtest7  (cost=0.43..8.45 rows=0 width=0)
	  ->  Index Scan using sbtest7_pkey on sbtest7  (cost=0.43..8.45 rows=1 width=490)
	        Index Cond: (id = 5934365)

table 8 : explain UPDATE sbtest8 SET c='foobar' WHERE id=4778072
	Update on sbtest8  (cost=0.43..8.45 rows=0 width=0)
	  ->  Index Scan using sbtest8_pkey on sbtest8  (cost=0.43..8.45 rows=1 width=490)
	        Index Cond: (id = 4778072)

for: distinct_ranges
table 1 : explain SELECT DISTINCT c FROM sbtest1 WHERE id BETWEEN 8770791 AND 8770800 ORDER BY c
	Unique  (cost=42.99..43.05 rows=11 width=121)
	  ->  Sort  (cost=42.99..43.02 rows=11 width=121)
	        Sort Key: c
	        ->  Index Scan using sbtest1_pkey on sbtest1  (cost=0.43..42.80 rows=11 width=121)
	              Index Cond: ((id >= 8770791) AND (id <= 8770800))

table 2 : explain SELECT DISTINCT c FROM sbtest2 WHERE id BETWEEN 8907250 AND 8907259 ORDER BY c
	Unique  (cost=39.47..39.52 rows=10 width=121)
	  ->  Sort  (cost=39.47..39.49 rows=10 width=121)
	        Sort Key: c
	        ->  Index Scan using sbtest2_pkey on sbtest2  (cost=0.43..39.30 rows=10 width=121)
	              Index Cond: ((id >= 8907250) AND (id <= 8907259))

table 3 : explain SELECT DISTINCT c FROM sbtest3 WHERE id BETWEEN 5335077 AND 5335086 ORDER BY c
	Unique  (cost=39.22..39.27 rows=10 width=121)
	  ->  Sort  (cost=39.22..39.25 rows=10 width=121)
	        Sort Key: c
	        ->  Index Scan using sbtest3_pkey on sbtest3  (cost=0.43..39.05 rows=10 width=121)
	              Index Cond: ((id >= 5335077) AND (id <= 5335086))

table 4 : explain SELECT DISTINCT c FROM sbtest4 WHERE id BETWEEN 5955266 AND 5955275 ORDER BY c
	Unique  (cost=39.69..39.74 rows=10 width=121)
	  ->  Sort  (cost=39.69..39.71 rows=10 width=121)
	        Sort Key: c
	        ->  Index Scan using sbtest4_pkey on sbtest4  (cost=0.43..39.52 rows=10 width=121)
	              Index Cond: ((id >= 5955266) AND (id <= 5955275))

table 5 : explain SELECT DISTINCT c FROM sbtest5 WHERE id BETWEEN 6756212 AND 6756221 ORDER BY c
	Unique  (cost=39.49..39.54 rows=10 width=121)
	  ->  Sort  (cost=39.49..39.51 rows=10 width=121)
	        Sort Key: c
	        ->  Index Scan using sbtest5_pkey on sbtest5  (cost=0.43..39.32 rows=10 width=121)
	              Index Cond: ((id >= 6756212) AND (id <= 6756221))

table 6 : explain SELECT DISTINCT c FROM sbtest6 WHERE id BETWEEN 3834124 AND 3834133 ORDER BY c
	Unique  (cost=39.60..39.65 rows=10 width=121)
	  ->  Sort  (cost=39.60..39.62 rows=10 width=121)
	        Sort Key: c
	        ->  Index Scan using sbtest6_pkey on sbtest6  (cost=0.43..39.43 rows=10 width=121)
	              Index Cond: ((id >= 3834124) AND (id <= 3834133))

table 7 : explain SELECT DISTINCT c FROM sbtest7 WHERE id BETWEEN 2454722 AND 2454731 ORDER BY c
	Unique  (cost=39.70..39.75 rows=10 width=121)
	  ->  Sort  (cost=39.70..39.72 rows=10 width=121)
	        Sort Key: c
	        ->  Index Scan using sbtest7_pkey on sbtest7  (cost=0.43..39.53 rows=10 width=121)
	              Index Cond: ((id >= 2454722) AND (id <= 2454731))

table 8 : explain SELECT DISTINCT c FROM sbtest8 WHERE id BETWEEN 7367060 AND 7367069 ORDER BY c
	Unique  (cost=39.48..39.53 rows=10 width=121)
	  ->  Sort  (cost=39.48..39.50 rows=10 width=121)
	        Sort Key: c
	        ->  Index Scan using sbtest8_pkey on sbtest8  (cost=0.43..39.31 rows=10 width=121)
	              Index Cond: ((id >= 7367060) AND (id <= 7367069))

for point_selects
table 1 : explain SELECT c FROM sbtest1 WHERE id=4621419
	Index Scan using sbtest1_pkey on sbtest1  (cost=0.43..8.45 rows=1 width=121)
	  Index Cond: (id = 4621419)

table 2 : explain SELECT c FROM sbtest2 WHERE id=6428124
	Index Scan using sbtest2_pkey on sbtest2  (cost=0.43..8.45 rows=1 width=121)
	  Index Cond: (id = 6428124)

table 3 : explain SELECT c FROM sbtest3 WHERE id=8406509
	Index Scan using sbtest3_pkey on sbtest3  (cost=0.43..8.45 rows=1 width=121)
	  Index Cond: (id = 8406509)

table 4 : explain SELECT c FROM sbtest4 WHERE id=8191894
	Index Scan using sbtest4_pkey on sbtest4  (cost=0.43..8.45 rows=1 width=121)
	  Index Cond: (id = 8191894)

table 5 : explain SELECT c FROM sbtest5 WHERE id=6406285
	Index Scan using sbtest5_pkey on sbtest5  (cost=0.43..8.45 rows=1 width=121)
	  Index Cond: (id = 6406285)

table 6 : explain SELECT c FROM sbtest6 WHERE id=4118372
	Index Scan using sbtest6_pkey on sbtest6  (cost=0.43..8.45 rows=1 width=121)
	  Index Cond: (id = 4118372)

table 7 : explain SELECT c FROM sbtest7 WHERE id=9940631
	Index Scan using sbtest7_pkey on sbtest7  (cost=0.43..8.45 rows=1 width=121)
	  Index Cond: (id = 9940631)

table 8 : explain SELECT c FROM sbtest8 WHERE id=978903
	Index Scan using sbtest8_pkey on sbtest8  (cost=0.43..8.45 rows=1 width=121)
	  Index Cond: (id = 978903)

explain: for point_selects :: explain SELECT c FROM sbtest%u WHERE id=%u
for: order_ranges
table 1 : explain SELECT c FROM sbtest1 WHERE id BETWEEN 1010053 AND 1010062 ORDER BY c
	Sort  (cost=42.99..43.02 rows=11 width=121)
	  Sort Key: c
	  ->  Index Scan using sbtest1_pkey on sbtest1  (cost=0.43..42.80 rows=11 width=121)
	        Index Cond: ((id >= 1010053) AND (id <= 1010062))

table 2 : explain SELECT c FROM sbtest2 WHERE id BETWEEN 4910278 AND 4910287 ORDER BY c
	Sort  (cost=39.47..39.49 rows=10 width=121)
	  Sort Key: c
	  ->  Index Scan using sbtest2_pkey on sbtest2  (cost=0.43..39.30 rows=10 width=121)
	        Index Cond: ((id >= 4910278) AND (id <= 4910287))

table 3 : explain SELECT c FROM sbtest3 WHERE id BETWEEN 174009 AND 174018 ORDER BY c
	Sort  (cost=39.22..39.25 rows=10 width=121)
	  Sort Key: c
	  ->  Index Scan using sbtest3_pkey on sbtest3  (cost=0.43..39.05 rows=10 width=121)
	        Index Cond: ((id >= 174009) AND (id <= 174018))

table 4 : explain SELECT c FROM sbtest4 WHERE id BETWEEN 8504100 AND 8504109 ORDER BY c
	Sort  (cost=39.69..39.71 rows=10 width=121)
	  Sort Key: c
	  ->  Index Scan using sbtest4_pkey on sbtest4  (cost=0.43..39.52 rows=10 width=121)
	        Index Cond: ((id >= 8504100) AND (id <= 8504109))

table 5 : explain SELECT c FROM sbtest5 WHERE id BETWEEN 787200 AND 787209 ORDER BY c
	Sort  (cost=36.03..36.06 rows=9 width=121)
	  Sort Key: c
	  ->  Index Scan using sbtest5_pkey on sbtest5  (cost=0.43..35.89 rows=9 width=121)
	        Index Cond: ((id >= 787200) AND (id <= 787209))

table 6 : explain SELECT c FROM sbtest6 WHERE id BETWEEN 8614895 AND 8614904 ORDER BY c
	Sort  (cost=39.60..39.62 rows=10 width=121)
	  Sort Key: c
	  ->  Index Scan using sbtest6_pkey on sbtest6  (cost=0.43..39.43 rows=10 width=121)
	        Index Cond: ((id >= 8614895) AND (id <= 8614904))

table 7 : explain SELECT c FROM sbtest7 WHERE id BETWEEN 7391433 AND 7391442 ORDER BY c
	Sort  (cost=39.70..39.72 rows=10 width=121)
	  Sort Key: c
	  ->  Index Scan using sbtest7_pkey on sbtest7  (cost=0.43..39.53 rows=10 width=121)
	        Index Cond: ((id >= 7391433) AND (id <= 7391442))

table 8 : explain SELECT c FROM sbtest8 WHERE id BETWEEN 5898816 AND 5898825 ORDER BY c
	Sort  (cost=39.48..39.50 rows=10 width=121)
	  Sort Key: c
	  ->  Index Scan using sbtest8_pkey on sbtest8  (cost=0.43..39.31 rows=10 width=121)
	        Index Cond: ((id >= 5898816) AND (id <= 5898825))

explain: for inserts :: explain INSERT INTO sbtest%u (id, k, c, pad) VALUES (%u, 13, 'foobar', 'foobar')
for deletes
table 1 : explain DELETE FROM sbtest1 WHERE id=8511565
	Delete on sbtest1  (cost=0.43..8.45 rows=0 width=0)
	  ->  Index Scan using sbtest1_pkey on sbtest1  (cost=0.43..8.45 rows=1 width=6)
	        Index Cond: (id = 8511565)

table 2 : explain DELETE FROM sbtest2 WHERE id=6392406
	Delete on sbtest2  (cost=0.43..8.45 rows=0 width=0)
	  ->  Index Scan using sbtest2_pkey on sbtest2  (cost=0.43..8.45 rows=1 width=6)
	        Index Cond: (id = 6392406)

table 3 : explain DELETE FROM sbtest3 WHERE id=530152
	Delete on sbtest3  (cost=0.43..8.45 rows=0 width=0)
	  ->  Index Scan using sbtest3_pkey on sbtest3  (cost=0.43..8.45 rows=1 width=6)
	        Index Cond: (id = 530152)

table 4 : explain DELETE FROM sbtest4 WHERE id=2877832
	Delete on sbtest4  (cost=0.43..8.45 rows=0 width=0)
	  ->  Index Scan using sbtest4_pkey on sbtest4  (cost=0.43..8.45 rows=1 width=6)
	        Index Cond: (id = 2877832)

table 5 : explain DELETE FROM sbtest5 WHERE id=2481966
	Delete on sbtest5  (cost=0.43..8.45 rows=0 width=0)
	  ->  Index Scan using sbtest5_pkey on sbtest5  (cost=0.43..8.45 rows=1 width=6)
	        Index Cond: (id = 2481966)

table 6 : explain DELETE FROM sbtest6 WHERE id=9611466
	Delete on sbtest6  (cost=0.43..8.45 rows=0 width=0)
	  ->  Index Scan using sbtest6_pkey on sbtest6  (cost=0.43..8.45 rows=1 width=6)
	        Index Cond: (id = 9611466)

table 7 : explain DELETE FROM sbtest7 WHERE id=1875247
	Delete on sbtest7  (cost=0.43..8.45 rows=0 width=0)
	  ->  Index Scan using sbtest7_pkey on sbtest7  (cost=0.43..8.45 rows=1 width=6)
	        Index Cond: (id = 1875247)

table 8 : explain DELETE FROM sbtest8 WHERE id=9350837
	Delete on sbtest8  (cost=0.43..8.45 rows=0 width=0)
	  ->  Index Scan using sbtest8_pkey on sbtest8  (cost=0.43..8.45 rows=1 width=6)
	        Index Cond: (id = 9350837)

explain: for deletes :: explain DELETE FROM sbtest%u WHERE id=%u
explain: for index_updates :: explain UPDATE sbtest%u SET k=k+1 WHERE id=%u
for point_selects
table 1 : explain SELECT c FROM sbtest1 WHERE id=2412693
	Index Scan using sbtest1_pkey on sbtest1  (cost=0.43..8.45 rows=1 width=121)
	  Index Cond: (id = 2412693)

table 2 : explain SELECT c FROM sbtest2 WHERE id=5940945
	Index Scan using sbtest2_pkey on sbtest2  (cost=0.43..8.45 rows=1 width=121)
	  Index Cond: (id = 5940945)

table 3 : explain SELECT c FROM sbtest3 WHERE id=8937617
	Index Scan using sbtest3_pkey on sbtest3  (cost=0.43..8.45 rows=1 width=121)
	  Index Cond: (id = 8937617)

table 4 : explain SELECT c FROM sbtest4 WHERE id=1302776
	Index Scan using sbtest4_pkey on sbtest4  (cost=0.43..8.45 rows=1 width=121)
	  Index Cond: (id = 1302776)

table 5 : explain SELECT c FROM sbtest5 WHERE id=4411461
	Index Scan using sbtest5_pkey on sbtest5  (cost=0.43..8.45 rows=1 width=121)
	  Index Cond: (id = 4411461)

table 6 : explain SELECT c FROM sbtest6 WHERE id=6710780
	Index Scan using sbtest6_pkey on sbtest6  (cost=0.43..8.45 rows=1 width=121)
	  Index Cond: (id = 6710780)

table 7 : explain SELECT c FROM sbtest7 WHERE id=4090898
	Index Scan using sbtest7_pkey on sbtest7  (cost=0.43..8.45 rows=1 width=121)
	  Index Cond: (id = 4090898)

table 8 : explain SELECT c FROM sbtest8 WHERE id=3411880
	Index Scan using sbtest8_pkey on sbtest8  (cost=0.43..8.45 rows=1 width=121)
	  Index Cond: (id = 3411880)

for: order_ranges
table 1 : explain SELECT c FROM sbtest1 WHERE id BETWEEN 9651920 AND 9651929 ORDER BY c
	Sort  (cost=42.99..43.02 rows=11 width=121)
	  Sort Key: c
	  ->  Index Scan using sbtest1_pkey on sbtest1  (cost=0.43..42.80 rows=11 width=121)
	        Index Cond: ((id >= 9651920) AND (id <= 9651929))

table 2 : explain SELECT c FROM sbtest2 WHERE id BETWEEN 1346445 AND 1346454 ORDER BY c
	Sort  (cost=39.47..39.49 rows=10 width=121)
	  Sort Key: c
	  ->  Index Scan using sbtest2_pkey on sbtest2  (cost=0.43..39.30 rows=10 width=121)
	        Index Cond: ((id >= 1346445) AND (id <= 1346454))

table 3 : explain SELECT c FROM sbtest3 WHERE id BETWEEN 8180736 AND 8180745 ORDER BY c
	Sort  (cost=39.22..39.25 rows=10 width=121)
	  Sort Key: c
	  ->  Index Scan using sbtest3_pkey on sbtest3  (cost=0.43..39.05 rows=10 width=121)
	        Index Cond: ((id >= 8180736) AND (id <= 8180745))

table 4 : explain SELECT c FROM sbtest4 WHERE id BETWEEN 2262283 AND 2262292 ORDER BY c
	Sort  (cost=39.69..39.71 rows=10 width=121)
	  Sort Key: c
	  ->  Index Scan using sbtest4_pkey on sbtest4  (cost=0.43..39.52 rows=10 width=121)
	        Index Cond: ((id >= 2262283) AND (id <= 2262292))

table 5 : explain SELECT c FROM sbtest5 WHERE id BETWEEN 2284166 AND 2284175 ORDER BY c
	Sort  (cost=39.49..39.51 rows=10 width=121)
	  Sort Key: c
	  ->  Index Scan using sbtest5_pkey on sbtest5  (cost=0.43..39.32 rows=10 width=121)
	        Index Cond: ((id >= 2284166) AND (id <= 2284175))

table 6 : explain SELECT c FROM sbtest6 WHERE id BETWEEN 7934613 AND 7934622 ORDER BY c
	Sort  (cost=39.60..39.62 rows=10 width=121)
	  Sort Key: c
	  ->  Index Scan using sbtest6_pkey on sbtest6  (cost=0.43..39.43 rows=10 width=121)
	        Index Cond: ((id >= 7934613) AND (id <= 7934622))

table 7 : explain SELECT c FROM sbtest7 WHERE id BETWEEN 2756373 AND 2756382 ORDER BY c
	Sort  (cost=39.70..39.72 rows=10 width=121)
	  Sort Key: c
	  ->  Index Scan using sbtest7_pkey on sbtest7  (cost=0.43..39.53 rows=10 width=121)
	        Index Cond: ((id >= 2756373) AND (id <= 2756382))

table 8 : explain SELECT c FROM sbtest8 WHERE id BETWEEN 7255871 AND 7255880 ORDER BY c
	Sort  (cost=39.48..39.50 rows=10 width=121)
	  Sort Key: c
	  ->  Index Scan using sbtest8_pkey on sbtest8  (cost=0.43..39.31 rows=10 width=121)
	        Index Cond: ((id >= 7255871) AND (id <= 7255880))

for: simple_ranges
table 1 : explain SELECT c FROM sbtest1 WHERE id BETWEEN 8247756 AND 8247765
	Index Scan using sbtest1_pkey on sbtest1  (cost=0.43..39.37 rows=10 width=121)
	  Index Cond: ((id >= 8247756) AND (id <= 8247765))

table 2 : explain SELECT c FROM sbtest2 WHERE id BETWEEN 8145957 AND 8145966
	Index Scan using sbtest2_pkey on sbtest2  (cost=0.43..39.30 rows=10 width=121)
	  Index Cond: ((id >= 8145957) AND (id <= 8145966))

table 3 : explain SELECT c FROM sbtest3 WHERE id BETWEEN 4400410 AND 4400419
	Index Scan using sbtest3_pkey on sbtest3  (cost=0.43..42.45 rows=11 width=121)
	  Index Cond: ((id >= 4400410) AND (id <= 4400419))

table 4 : explain SELECT c FROM sbtest4 WHERE id BETWEEN 4314462 AND 4314471
	Index Scan using sbtest4_pkey on sbtest4  (cost=0.43..39.52 rows=10 width=121)
	  Index Cond: ((id >= 4314462) AND (id <= 4314471))

table 5 : explain SELECT c FROM sbtest5 WHERE id BETWEEN 5910232 AND 5910241
	Index Scan using sbtest5_pkey on sbtest5  (cost=0.43..39.32 rows=10 width=121)
	  Index Cond: ((id >= 5910232) AND (id <= 5910241))

table 6 : explain SELECT c FROM sbtest6 WHERE id BETWEEN 7825633 AND 7825642
	Index Scan using sbtest6_pkey on sbtest6  (cost=0.43..42.88 rows=11 width=121)
	  Index Cond: ((id >= 7825633) AND (id <= 7825642))

table 7 : explain SELECT c FROM sbtest7 WHERE id BETWEEN 1188648 AND 1188657
	Index Scan using sbtest7_pkey on sbtest7  (cost=0.43..39.53 rows=10 width=121)
	  Index Cond: ((id >= 1188648) AND (id <= 1188657))

table 8 : explain SELECT c FROM sbtest8 WHERE id BETWEEN 4477155 AND 4477164
	Index Scan using sbtest8_pkey on sbtest8  (cost=0.43..42.74 rows=11 width=121)
	  Index Cond: ((id >= 4477155) AND (id <= 4477164))

for: simple_ranges
table 1 : explain SELECT c FROM sbtest1 WHERE id BETWEEN 7701657 AND 7701666
	Index Scan using sbtest1_pkey on sbtest1  (cost=0.43..39.37 rows=10 width=121)
	  Index Cond: ((id >= 7701657) AND (id <= 7701666))

table 2 : explain SELECT c FROM sbtest2 WHERE id BETWEEN 6318151 AND 6318160
	Index Scan using sbtest2_pkey on sbtest2  (cost=0.43..42.73 rows=11 width=121)
	  Index Cond: ((id >= 6318151) AND (id <= 6318160))

table 3 : explain SELECT c FROM sbtest3 WHERE id BETWEEN 4005096 AND 4005105
	Index Scan using sbtest3_pkey on sbtest3  (cost=0.43..39.05 rows=10 width=121)
	  Index Cond: ((id >= 4005096) AND (id <= 4005105))

table 4 : explain SELECT c FROM sbtest4 WHERE id BETWEEN 3193319 AND 3193328
	Index Scan using sbtest4_pkey on sbtest4  (cost=0.43..39.52 rows=10 width=121)
	  Index Cond: ((id >= 3193319) AND (id <= 3193328))

table 5 : explain SELECT c FROM sbtest5 WHERE id BETWEEN 412568 AND 412577
	Index Scan using sbtest5_pkey on sbtest5  (cost=0.43..35.89 rows=9 width=121)
	  Index Cond: ((id >= 412568) AND (id <= 412577))

table 6 : explain SELECT c FROM sbtest6 WHERE id BETWEEN 5561689 AND 5561698
	Index Scan using sbtest6_pkey on sbtest6  (cost=0.43..39.43 rows=10 width=121)
	  Index Cond: ((id >= 5561689) AND (id <= 5561698))

table 7 : explain SELECT c FROM sbtest7 WHERE id BETWEEN 6454704 AND 6454713
	Index Scan using sbtest7_pkey on sbtest7  (cost=0.43..36.08 rows=9 width=121)
	  Index Cond: ((id >= 6454704) AND (id <= 6454713))

table 8 : explain SELECT c FROM sbtest8 WHERE id BETWEEN 7367265 AND 7367274
	Index Scan using sbtest8_pkey on sbtest8  (cost=0.43..39.31 rows=10 width=121)
	  Index Cond: ((id >= 7367265) AND (id <= 7367274))

for inserts
table 1 : explain INSERT INTO sbtest1 (id, k, c, pad) VALUES (3285536, 13, 'foobar', 'foobar')
	Insert on sbtest1  (cost=0.00..0.01 rows=0 width=0)
	  ->  Result  (cost=0.00..0.01 rows=1 width=736)

table 2 : explain INSERT INTO sbtest2 (id, k, c, pad) VALUES (9783935, 13, 'foobar', 'foobar')
	Insert on sbtest2  (cost=0.00..0.01 rows=0 width=0)
	  ->  Result  (cost=0.00..0.01 rows=1 width=736)

table 3 : explain INSERT INTO sbtest3 (id, k, c, pad) VALUES (2823389, 13, 'foobar', 'foobar')
	Insert on sbtest3  (cost=0.00..0.01 rows=0 width=0)
	  ->  Result  (cost=0.00..0.01 rows=1 width=736)

table 4 : explain INSERT INTO sbtest4 (id, k, c, pad) VALUES (3881695, 13, 'foobar', 'foobar')
	Insert on sbtest4  (cost=0.00..0.01 rows=0 width=0)
	  ->  Result  (cost=0.00..0.01 rows=1 width=736)

table 5 : explain INSERT INTO sbtest5 (id, k, c, pad) VALUES (5033050, 13, 'foobar', 'foobar')
	Insert on sbtest5  (cost=0.00..0.01 rows=0 width=0)
	  ->  Result  (cost=0.00..0.01 rows=1 width=736)

table 6 : explain INSERT INTO sbtest6 (id, k, c, pad) VALUES (6278123, 13, 'foobar', 'foobar')
	Insert on sbtest6  (cost=0.00..0.01 rows=0 width=0)
	  ->  Result  (cost=0.00..0.01 rows=1 width=736)

table 7 : explain INSERT INTO sbtest7 (id, k, c, pad) VALUES (5282615, 13, 'foobar', 'foobar')
	Insert on sbtest7  (cost=0.00..0.01 rows=0 width=0)
	  ->  Result  (cost=0.00..0.01 rows=1 width=736)

table 8 : explain INSERT INTO sbtest8 (id, k, c, pad) VALUES (9127349, 13, 'foobar', 'foobar')
	Insert on sbtest8  (cost=0.00..0.01 rows=0 width=0)
	  ->  Result  (cost=0.00..0.01 rows=1 width=736)

for: simple_ranges
table 1 : explain SELECT c FROM sbtest1 WHERE id BETWEEN 3092605 AND 3092614
	Index Scan using sbtest1_pkey on sbtest1  (cost=0.43..42.80 rows=11 width=121)
	  Index Cond: ((id >= 3092605) AND (id <= 3092614))

table 2 : explain SELECT c FROM sbtest2 WHERE id BETWEEN 1488352 AND 1488361
	Index Scan using sbtest2_pkey on sbtest2  (cost=0.43..39.30 rows=10 width=121)
	  Index Cond: ((id >= 1488352) AND (id <= 1488361))

table 3 : explain SELECT c FROM sbtest3 WHERE id BETWEEN 27926 AND 27935
	Index Scan using sbtest3_pkey on sbtest3  (cost=0.43..39.05 rows=10 width=121)
	  Index Cond: ((id >= 27926) AND (id <= 27935))

table 4 : explain SELECT c FROM sbtest4 WHERE id BETWEEN 3048622 AND 3048631
	Index Scan using sbtest4_pkey on sbtest4  (cost=0.43..42.97 rows=11 width=121)
	  Index Cond: ((id >= 3048622) AND (id <= 3048631))

table 5 : explain SELECT c FROM sbtest5 WHERE id BETWEEN 7692518 AND 7692527
	Index Scan using sbtest5_pkey on sbtest5  (cost=0.43..35.89 rows=9 width=121)
	  Index Cond: ((id >= 7692518) AND (id <= 7692527))

table 6 : explain SELECT c FROM sbtest6 WHERE id BETWEEN 1754381 AND 1754390
	Index Scan using sbtest6_pkey on sbtest6  (cost=0.43..39.43 rows=10 width=121)
	  Index Cond: ((id >= 1754381) AND (id <= 1754390))

table 7 : explain SELECT c FROM sbtest7 WHERE id BETWEEN 8690971 AND 8690980
	Index Scan using sbtest7_pkey on sbtest7  (cost=0.43..39.53 rows=10 width=121)
	  Index Cond: ((id >= 8690971) AND (id <= 8690980))

table 8 : explain SELECT c FROM sbtest8 WHERE id BETWEEN 8771570 AND 8771579
	Index Scan using sbtest8_pkey on sbtest8  (cost=0.43..39.31 rows=10 width=121)
	  Index Cond: ((id >= 8771570) AND (id <= 8771579))

for index_updates
table 1 : explain UPDATE sbtest1 SET k=k+1 WHERE id=2412197
	Update on sbtest1  (cost=0.43..8.46 rows=0 width=0)
	  ->  Index Scan using sbtest1_pkey on sbtest1  (cost=0.43..8.46 rows=1 width=10)
	        Index Cond: (id = 2412197)

table 2 : explain UPDATE sbtest2 SET k=k+1 WHERE id=3951866
	Update on sbtest2  (cost=0.43..8.46 rows=0 width=0)
	  ->  Index Scan using sbtest2_pkey on sbtest2  (cost=0.43..8.46 rows=1 width=10)
	        Index Cond: (id = 3951866)

table 3 : explain UPDATE sbtest3 SET k=k+1 WHERE id=3131657
	Update on sbtest3  (cost=0.43..8.46 rows=0 width=0)
	  ->  Index Scan using sbtest3_pkey on sbtest3  (cost=0.43..8.46 rows=1 width=10)
	        Index Cond: (id = 3131657)

table 4 : explain UPDATE sbtest4 SET k=k+1 WHERE id=2525255
	Update on sbtest4  (cost=0.43..8.46 rows=0 width=0)
	  ->  Index Scan using sbtest4_pkey on sbtest4  (cost=0.43..8.46 rows=1 width=10)
	        Index Cond: (id = 2525255)

table 5 : explain UPDATE sbtest5 SET k=k+1 WHERE id=8906500
	Update on sbtest5  (cost=0.43..8.46 rows=0 width=0)
	  ->  Index Scan using sbtest5_pkey on sbtest5  (cost=0.43..8.46 rows=1 width=10)
	        Index Cond: (id = 8906500)

table 6 : explain UPDATE sbtest6 SET k=k+1 WHERE id=2616155
	Update on sbtest6  (cost=0.43..8.46 rows=0 width=0)
	  ->  Index Scan using sbtest6_pkey on sbtest6  (cost=0.43..8.46 rows=1 width=10)
	        Index Cond: (id = 2616155)

table 7 : explain UPDATE sbtest7 SET k=k+1 WHERE id=3467816
	Update on sbtest7  (cost=0.43..8.46 rows=0 width=0)
	  ->  Index Scan using sbtest7_pkey on sbtest7  (cost=0.43..8.46 rows=1 width=10)
	        Index Cond: (id = 3467816)

table 8 : explain UPDATE sbtest8 SET k=k+1 WHERE id=8266804
	Update on sbtest8  (cost=0.43..8.46 rows=0 width=0)
	  ->  Index Scan using sbtest8_pkey on sbtest8  (cost=0.43..8.46 rows=1 width=10)
	        Index Cond: (id = 8266804)

for non_index_updates
table 1 : explain UPDATE sbtest1 SET c='foobar' WHERE id=6125918
	Update on sbtest1  (cost=0.43..8.45 rows=0 width=0)
	  ->  Index Scan using sbtest1_pkey on sbtest1  (cost=0.43..8.45 rows=1 width=490)
	        Index Cond: (id = 6125918)

table 2 : explain UPDATE sbtest2 SET c='foobar' WHERE id=2394499
	Update on sbtest2  (cost=0.43..8.45 rows=0 width=0)
	  ->  Index Scan using sbtest2_pkey on sbtest2  (cost=0.43..8.45 rows=1 width=490)
	        Index Cond: (id = 2394499)

table 3 : explain UPDATE sbtest3 SET c='foobar' WHERE id=9279259
	Update on sbtest3  (cost=0.43..8.45 rows=0 width=0)
	  ->  Index Scan using sbtest3_pkey on sbtest3  (cost=0.43..8.45 rows=1 width=490)
	        Index Cond: (id = 9279259)

table 4 : explain UPDATE sbtest4 SET c='foobar' WHERE id=1126299
	Update on sbtest4  (cost=0.43..8.45 rows=0 width=0)
	  ->  Index Scan using sbtest4_pkey on sbtest4  (cost=0.43..8.45 rows=1 width=490)
	        Index Cond: (id = 1126299)

table 5 : explain UPDATE sbtest5 SET c='foobar' WHERE id=1938915
	Update on sbtest5  (cost=0.43..8.45 rows=0 width=0)
	  ->  Index Scan using sbtest5_pkey on sbtest5  (cost=0.43..8.45 rows=1 width=490)
	        Index Cond: (id = 1938915)

table 6 : explain UPDATE sbtest6 SET c='foobar' WHERE id=3929548
	Update on sbtest6  (cost=0.43..8.45 rows=0 width=0)
	  ->  Index Scan using sbtest6_pkey on sbtest6  (cost=0.43..8.45 rows=1 width=490)
	        Index Cond: (id = 3929548)

table 7 : explain UPDATE sbtest7 SET c='foobar' WHERE id=9714533
	Update on sbtest7  (cost=0.43..8.45 rows=0 width=0)
	  ->  Index Scan using sbtest7_pkey on sbtest7  (cost=0.43..8.45 rows=1 width=490)
	        Index Cond: (id = 9714533)

table 8 : explain UPDATE sbtest8 SET c='foobar' WHERE id=5441238
	Update on sbtest8  (cost=0.43..8.45 rows=0 width=0)
	  ->  Index Scan using sbtest8_pkey on sbtest8  (cost=0.43..8.45 rows=1 width=490)
	        Index Cond: (id = 5441238)

explain: for inserts :: explain INSERT INTO sbtest%u (id, k, c, pad) VALUES (%u, 13, 'foobar', 'foobar')
for: simple_ranges
table 1 : explain SELECT c FROM sbtest1 WHERE id BETWEEN 7124883 AND 7124892
	Index Scan using sbtest1_pkey on sbtest1  (cost=0.43..39.37 rows=10 width=121)
	  Index Cond: ((id >= 7124883) AND (id <= 7124892))

table 2 : explain SELECT c FROM sbtest2 WHERE id BETWEEN 2606625 AND 2606634
	Index Scan using sbtest2_pkey on sbtest2  (cost=0.43..39.30 rows=10 width=121)
	  Index Cond: ((id >= 2606625) AND (id <= 2606634))

table 3 : explain SELECT c FROM sbtest3 WHERE id BETWEEN 6522992 AND 6523001
	Index Scan using sbtest3_pkey on sbtest3  (cost=0.43..39.05 rows=10 width=121)
	  Index Cond: ((id >= 6522992) AND (id <= 6523001))

table 4 : explain SELECT c FROM sbtest4 WHERE id BETWEEN 991136 AND 991145
	Index Scan using sbtest4_pkey on sbtest4  (cost=0.43..39.52 rows=10 width=121)
	  Index Cond: ((id >= 991136) AND (id <= 991145))

table 5 : explain SELECT c FROM sbtest5 WHERE id BETWEEN 7271068 AND 7271077
	Index Scan using sbtest5_pkey on sbtest5  (cost=0.43..35.89 rows=9 width=121)
	  Index Cond: ((id >= 7271068) AND (id <= 7271077))

table 6 : explain SELECT c FROM sbtest6 WHERE id BETWEEN 3750389 AND 3750398
	Index Scan using sbtest6_pkey on sbtest6  (cost=0.43..39.43 rows=10 width=121)
	  Index Cond: ((id >= 3750389) AND (id <= 3750398))

table 7 : explain SELECT c FROM sbtest7 WHERE id BETWEEN 1392425 AND 1392434
	Index Scan using sbtest7_pkey on sbtest7  (cost=0.43..39.53 rows=10 width=121)
	  Index Cond: ((id >= 1392425) AND (id <= 1392434))

table 8 : explain SELECT c FROM sbtest8 WHERE id BETWEEN 9957568 AND 9957577
	Index Scan using sbtest8_pkey on sbtest8  (cost=0.43..39.31 rows=10 width=121)
	  Index Cond: ((id >= 9957568) AND (id <= 9957577))
explain: for inserts :: explain INSERT INTO sbtest%u (id, k, c, pad) VALUES (%u, 13, 'foobar', 'foobar')

explain: for inserts :: explain INSERT INTO sbtest%u (id, k, c, pad) VALUES (%u, 13, 'foobar', 'foobar')
explain: for deletes :: explain DELETE FROM sbtest%u WHERE id=%u
for point_selects
table 1 : explain SELECT c FROM sbtest1 WHERE id=3109376
	Index Scan using sbtest1_pkey on sbtest1  (cost=0.43..8.45 rows=1 width=121)
	  Index Cond: (id = 3109376)

table 2 : explain SELECT c FROM sbtest2 WHERE id=661023
	Index Scan using sbtest2_pkey on sbtest2  (cost=0.43..8.45 rows=1 width=121)
	  Index Cond: (id = 661023)

table 3 : explain SELECT c FROM sbtest3 WHERE id=9005912
	Index Scan using sbtest3_pkey on sbtest3  (cost=0.43..8.45 rows=1 width=121)
	  Index Cond: (id = 9005912)

table 4 : explain SELECT c FROM sbtest4 WHERE id=1401686
	Index Scan using sbtest4_pkey on sbtest4  (cost=0.43..8.45 rows=1 width=121)
	  Index Cond: (id = 1401686)

table 5 : explain SELECT c FROM sbtest5 WHERE id=7394909
	Index Scan using sbtest5_pkey on sbtest5  (cost=0.43..8.45 rows=1 width=121)
	  Index Cond: (id = 7394909)

table 6 : explain SELECT c FROM sbtest6 WHERE id=8755486
	Index Scan using sbtest6_pkey on sbtest6  (cost=0.43..8.45 rows=1 width=121)
	  Index Cond: (id = 8755486)

table 7 : explain SELECT c FROM sbtest7 WHERE id=3767069
	Index Scan using sbtest7_pkey on sbtest7  (cost=0.43..8.45 rows=1 width=121)
	  Index Cond: (id = 3767069)

table 8 : explain SELECT c FROM sbtest8 WHERE id=2028636
	Index Scan using sbtest8_pkey on sbtest8  (cost=0.43..8.45 rows=1 width=121)
	  Index Cond: (id = 2028636)

for: distinct_ranges
table 1 : explain SELECT DISTINCT c FROM sbtest1 WHERE id BETWEEN 5309845 AND 5309854 ORDER BY c
	Unique  (cost=39.53..39.58 rows=10 width=121)
	  ->  Sort  (cost=39.53..39.56 rows=10 width=121)
	        Sort Key: c
	        ->  Index Scan using sbtest1_pkey on sbtest1  (cost=0.43..39.37 rows=10 width=121)
	              Index Cond: ((id >= 5309845) AND (id <= 5309854))

table 2 : explain SELECT DISTINCT c FROM sbtest2 WHERE id BETWEEN 4143494 AND 4143503 ORDER BY c
	Unique  (cost=39.47..39.52 rows=10 width=121)
	  ->  Sort  (cost=39.47..39.49 rows=10 width=121)
	        Sort Key: c
	        ->  Index Scan using sbtest2_pkey on sbtest2  (cost=0.43..39.30 rows=10 width=121)
	              Index Cond: ((id >= 4143494) AND (id <= 4143503))

table 3 : explain SELECT DISTINCT c FROM sbtest3 WHERE id BETWEEN 3375041 AND 3375050 ORDER BY c
	Unique  (cost=35.80..35.84 rows=9 width=121)
	  ->  Sort  (cost=35.80..35.82 rows=9 width=121)
	        Sort Key: c
	        ->  Index Scan using sbtest3_pkey on sbtest3  (cost=0.43..35.65 rows=9 width=121)
	              Index Cond: ((id >= 3375041) AND (id <= 3375050))

table 4 : explain SELECT DISTINCT c FROM sbtest4 WHERE id BETWEEN 8479769 AND 8479778 ORDER BY c
	Unique  (cost=39.69..39.74 rows=10 width=121)
	  ->  Sort  (cost=39.69..39.71 rows=10 width=121)
	        Sort Key: c
	        ->  Index Scan using sbtest4_pkey on sbtest4  (cost=0.43..39.52 rows=10 width=121)
	              Index Cond: ((id >= 8479769) AND (id <= 8479778))

table 5 : explain SELECT DISTINCT c FROM sbtest5 WHERE id BETWEEN 9362988 AND 9362997 ORDER BY c
	Unique  (cost=39.49..39.54 rows=10 width=121)
	  ->  Sort  (cost=39.49..39.51 rows=10 width=121)
	        Sort Key: c
	        ->  Index Scan using sbtest5_pkey on sbtest5  (cost=0.43..39.32 rows=10 width=121)
	              Index Cond: ((id >= 9362988) AND (id <= 9362997))

table 6 : explain SELECT DISTINCT c FROM sbtest6 WHERE id BETWEEN 8410739 AND 8410748 ORDER BY c
	Unique  (cost=39.60..39.65 rows=10 width=121)
	  ->  Sort  (cost=39.60..39.62 rows=10 width=121)
	        Sort Key: c
	        ->  Index Scan using sbtest6_pkey on sbtest6  (cost=0.43..39.43 rows=10 width=121)
	              Index Cond: ((id >= 8410739) AND (id <= 8410748))

table 7 : explain SELECT DISTINCT c FROM sbtest7 WHERE id BETWEEN 8809818 AND 8809827 ORDER BY c
	Unique  (cost=39.70..39.75 rows=10 width=121)
	  ->  Sort  (cost=39.70..39.72 rows=10 width=121)
	        Sort Key: c
	        ->  Index Scan using sbtest7_pkey on sbtest7  (cost=0.43..39.53 rows=10 width=121)
	              Index Cond: ((id >= 8809818) AND (id <= 8809827))

table 8 : explain SELECT DISTINCT c FROM sbtest8 WHERE id BETWEEN 4314067 AND 4314076 ORDER BY c
	Unique  (cost=42.93..42.98 rows=11 width=121)
	  ->  Sort  (cost=42.93..42.96 rows=11 width=121)
	        Sort Key: c
	        ->  Index Scan using sbtest8_pkey on sbtest8  (cost=0.43..42.74 rows=11 width=121)
	              Index Cond: ((id >= 4314067) AND (id <= 4314076))

explain: for non_index_updates :: explain UPDATE sbtest%u SET c='foobar' WHERE id=%u
for: simple_ranges
table 1 : explain SELECT c FROM sbtest1 WHERE id BETWEEN 8402398 AND 8402407
	Index Scan using sbtest1_pkey on sbtest1  (cost=0.43..42.80 rows=11 width=121)
	  Index Cond: ((id >= 8402398) AND (id <= 8402407))

table 2 : explain SELECT c FROM sbtest2 WHERE id BETWEEN 4675707 AND 4675716
	Index Scan using sbtest2_pkey on sbtest2  (cost=0.43..39.30 rows=10 width=121)
	  Index Cond: ((id >= 4675707) AND (id <= 4675716))

table 3 : explain SELECT c FROM sbtest3 WHERE id BETWEEN 3956611 AND 3956620
	Index Scan using sbtest3_pkey on sbtest3  (cost=0.43..39.05 rows=10 width=121)
	  Index Cond: ((id >= 3956611) AND (id <= 3956620))

table 4 : explain SELECT c FROM sbtest4 WHERE id BETWEEN 3835120 AND 3835129
	Index Scan using sbtest4_pkey on sbtest4  (cost=0.43..39.52 rows=10 width=121)
	  Index Cond: ((id >= 3835120) AND (id <= 3835129))

table 5 : explain SELECT c FROM sbtest5 WHERE id BETWEEN 5608858 AND 5608867
	Index Scan using sbtest5_pkey on sbtest5  (cost=0.43..39.32 rows=10 width=121)
	  Index Cond: ((id >= 5608858) AND (id <= 5608867))

table 6 : explain SELECT c FROM sbtest6 WHERE id BETWEEN 6131802 AND 6131811
	Index Scan using sbtest6_pkey on sbtest6  (cost=0.43..42.88 rows=11 width=121)
	  Index Cond: ((id >= 6131802) AND (id <= 6131811))

table 7 : explain SELECT c FROM sbtest7 WHERE id BETWEEN 8157481 AND 8157490
	Index Scan using sbtest7_pkey on sbtest7  (cost=0.43..39.53 rows=10 width=121)
	  Index Cond: ((id >= 8157481) AND (id <= 8157490))

table 8 : explain SELECT c FROM sbtest8 WHERE id BETWEEN 5918393 AND 5918402
	Index Scan using sbtest8_pkey on sbtest8  (cost=0.43..39.31 rows=10 width=121)
	  Index Cond: ((id >= 5918393) AND (id <= 5918402))

for deletes
table 1 : explain DELETE FROM sbtest1 WHERE id=8086058
	Delete on sbtest1  (cost=0.43..8.45 rows=0 width=0)
	  ->  Index Scan using sbtest1_pkey on sbtest1  (cost=0.43..8.45 rows=1 width=6)
	        Index Cond: (id = 8086058)

table 2 : explain DELETE FROM sbtest2 WHERE id=2125114
	Delete on sbtest2  (cost=0.43..8.45 rows=0 width=0)
	  ->  Index Scan using sbtest2_pkey on sbtest2  (cost=0.43..8.45 rows=1 width=6)
	        Index Cond: (id = 2125114)

table 3 : explain DELETE FROM sbtest3 WHERE id=3381859
	Delete on sbtest3  (cost=0.43..8.45 rows=0 width=0)
	  ->  Index Scan using sbtest3_pkey on sbtest3  (cost=0.43..8.45 rows=1 width=6)
	        Index Cond: (id = 3381859)

table 4 : explain DELETE FROM sbtest4 WHERE id=5955499
	Delete on sbtest4  (cost=0.43..8.45 rows=0 width=0)
	  ->  Index Scan using sbtest4_pkey on sbtest4  (cost=0.43..8.45 rows=1 width=6)
	        Index Cond: (id = 5955499)

table 5 : explain DELETE FROM sbtest5 WHERE id=6550779
	Delete on sbtest5  (cost=0.43..8.45 rows=0 width=0)
	  ->  Index Scan using sbtest5_pkey on sbtest5  (cost=0.43..8.45 rows=1 width=6)
	        Index Cond: (id = 6550779)

table 6 : explain DELETE FROM sbtest6 WHERE id=8800548
	Delete on sbtest6  (cost=0.43..8.45 rows=0 width=0)
	  ->  Index Scan using sbtest6_pkey on sbtest6  (cost=0.43..8.45 rows=1 width=6)
	        Index Cond: (id = 8800548)

table 7 : explain DELETE FROM sbtest7 WHERE id=4864752
	Delete on sbtest7  (cost=0.43..8.45 rows=0 width=0)
	  ->  Index Scan using sbtest7_pkey on sbtest7  (cost=0.43..8.45 rows=1 width=6)
	        Index Cond: (id = 4864752)

table 8 : explain DELETE FROM sbtest8 WHERE id=6399228
	Delete on sbtest8  (cost=0.43..8.45 rows=0 width=0)
	  ->  Index Scan using sbtest8_pkey on sbtest8  (cost=0.43..8.45 rows=1 width=6)
	        Index Cond: (id = 6399228)

for: simple_ranges
table 1 : explain SELECT c FROM sbtest1 WHERE id BETWEEN 4417755 AND 4417764
	Index Scan using sbtest1_pkey on sbtest1  (cost=0.43..39.37 rows=10 width=121)
	  Index Cond: ((id >= 4417755) AND (id <= 4417764))

table 2 : explain SELECT c FROM sbtest2 WHERE id BETWEEN 9303997 AND 9304006
	Index Scan using sbtest2_pkey on sbtest2  (cost=0.43..42.73 rows=11 width=121)
	  Index Cond: ((id >= 9303997) AND (id <= 9304006))

table 3 : explain SELECT c FROM sbtest3 WHERE id BETWEEN 8648178 AND 8648187
	Index Scan using sbtest3_pkey on sbtest3  (cost=0.43..39.05 rows=10 width=121)
	  Index Cond: ((id >= 8648178) AND (id <= 8648187))

table 4 : explain SELECT c FROM sbtest4 WHERE id BETWEEN 4629039 AND 4629048
	Index Scan using sbtest4_pkey on sbtest4  (cost=0.43..39.52 rows=10 width=121)
	  Index Cond: ((id >= 4629039) AND (id <= 4629048))

table 5 : explain SELECT c FROM sbtest5 WHERE id BETWEEN 5820297 AND 5820306
	Index Scan using sbtest5_pkey on sbtest5  (cost=0.43..35.89 rows=9 width=121)
	  Index Cond: ((id >= 5820297) AND (id <= 5820306))

table 6 : explain SELECT c FROM sbtest6 WHERE id BETWEEN 5781094 AND 5781103
	Index Scan using sbtest6_pkey on sbtest6  (cost=0.43..39.43 rows=10 width=121)
	  Index Cond: ((id >= 5781094) AND (id <= 5781103))

table 7 : explain SELECT c FROM sbtest7 WHERE id BETWEEN 7065340 AND 7065349
	Index Scan using sbtest7_pkey on sbtest7  (cost=0.43..39.53 rows=10 width=121)
	  Index Cond: ((id >= 7065340) AND (id <= 7065349))

table 8 : explain SELECT c FROM sbtest8 WHERE id BETWEEN 5115866 AND 5115875
	Index Scan using sbtest8_pkey on sbtest8  (cost=0.43..39.31 rows=10 width=121)
	  Index Cond: ((id >= 5115866) AND (id <= 5115875))
explain: for index_updates :: explain UPDATE sbtest%u SET k=k+1 WHERE id=%u

for deletes
table 1 : explain DELETE FROM sbtest1 WHERE id=2987111
	Delete on sbtest1  (cost=0.43..8.45 rows=0 width=0)
	  ->  Index Scan using sbtest1_pkey on sbtest1  (cost=0.43..8.45 rows=1 width=6)
	        Index Cond: (id = 2987111)

table 2 : explain DELETE FROM sbtest2 WHERE id=3595135
	Delete on sbtest2  (cost=0.43..8.45 rows=0 width=0)
	  ->  Index Scan using sbtest2_pkey on sbtest2  (cost=0.43..8.45 rows=1 width=6)
	        Index Cond: (id = 3595135)

table 3 : explain DELETE FROM sbtest3 WHERE id=8324934
	Delete on sbtest3  (cost=0.43..8.45 rows=0 width=0)
	  ->  Index Scan using sbtest3_pkey on sbtest3  (cost=0.43..8.45 rows=1 width=6)
	        Index Cond: (id = 8324934)

table 4 : explain DELETE FROM sbtest4 WHERE id=9162249
	Delete on sbtest4  (cost=0.43..8.45 rows=0 width=0)
	  ->  Index Scan using sbtest4_pkey on sbtest4  (cost=0.43..8.45 rows=1 width=6)
	        Index Cond: (id = 9162249)

table 5 : explain DELETE FROM sbtest5 WHERE id=6432544
	Delete on sbtest5  (cost=0.43..8.45 rows=0 width=0)
	  ->  Index Scan using sbtest5_pkey on sbtest5  (cost=0.43..8.45 rows=1 width=6)
	        Index Cond: (id = 6432544)

table 6 : explain DELETE FROM sbtest6 WHERE id=2696781
	Delete on sbtest6  (cost=0.43..8.45 rows=0 width=0)
	  ->  Index Scan using sbtest6_pkey on sbtest6  (cost=0.43..8.45 rows=1 width=6)
	        Index Cond: (id = 2696781)

table 7 : explain DELETE FROM sbtest7 WHERE id=3520171
	Delete on sbtest7  (cost=0.43..8.45 rows=0 width=0)
	  ->  Index Scan using sbtest7_pkey on sbtest7  (cost=0.43..8.45 rows=1 width=6)
	        Index Cond: (id = 3520171)

table 8 : explain DELETE FROM sbtest8 WHERE id=7067972
	Delete on sbtest8  (cost=0.43..8.45 rows=0 width=0)
	  ->  Index Scan using sbtest8_pkey on sbtest8  (cost=0.43..8.45 rows=1 width=6)
	        Index Cond: (id = 7067972)

for point_selects
table 1 : explain SELECT c FROM sbtest1 WHERE id=834736
	Index Scan using sbtest1_pkey on sbtest1  (cost=0.43..8.45 rows=1 width=121)
	  Index Cond: (id = 834736)

table 2 : explain SELECT c FROM sbtest2 WHERE id=1649698
	Index Scan using sbtest2_pkey on sbtest2  (cost=0.43..8.45 rows=1 width=121)
	  Index Cond: (id = 1649698)

table 3 : explain SELECT c FROM sbtest3 WHERE id=9190569
	Index Scan using sbtest3_pkey on sbtest3  (cost=0.43..8.45 rows=1 width=121)
	  Index Cond: (id = 9190569)

table 4 : explain SELECT c FROM sbtest4 WHERE id=850203
	Index Scan using sbtest4_pkey on sbtest4  (cost=0.43..8.45 rows=1 width=121)
	  Index Cond: (id = 850203)

table 5 : explain SELECT c FROM sbtest5 WHERE id=6860984
	Index Scan using sbtest5_pkey on sbtest5  (cost=0.43..8.45 rows=1 width=121)
	  Index Cond: (id = 6860984)

table 6 : explain SELECT c FROM sbtest6 WHERE id=5889826
	Index Scan using sbtest6_pkey on sbtest6  (cost=0.43..8.45 rows=1 width=121)
	  Index Cond: (id = 5889826)

table 7 : explain SELECT c FROM sbtest7 WHERE id=4714470
	Index Scan using sbtest7_pkey on sbtest7  (cost=0.43..8.45 rows=1 width=121)
	  Index Cond: (id = 4714470)

table 8 : explain SELECT c FROM sbtest8 WHERE id=8139488
	Index Scan using sbtest8_pkey on sbtest8  (cost=0.43..8.45 rows=1 width=121)
	  Index Cond: (id = 8139488)

for point_selects
table 1 : explain SELECT c FROM sbtest1 WHERE id=8854279
	Index Scan using sbtest1_pkey on sbtest1  (cost=0.43..8.45 rows=1 width=121)
	  Index Cond: (id = 8854279)

table 2 : explain SELECT c FROM sbtest2 WHERE id=6501270
	Index Scan using sbtest2_pkey on sbtest2  (cost=0.43..8.45 rows=1 width=121)
	  Index Cond: (id = 6501270)

table 3 : explain SELECT c FROM sbtest3 WHERE id=5230713
	Index Scan using sbtest3_pkey on sbtest3  (cost=0.43..8.45 rows=1 width=121)
	  Index Cond: (id = 5230713)

table 4 : explain SELECT c FROM sbtest4 WHERE id=9463394
	Index Scan using sbtest4_pkey on sbtest4  (cost=0.43..8.45 rows=1 width=121)
	  Index Cond: (id = 9463394)

table 5 : explain SELECT c FROM sbtest5 WHERE id=410414
	Index Scan using sbtest5_pkey on sbtest5  (cost=0.43..8.45 rows=1 width=121)
	  Index Cond: (id = 410414)

table 6 : explain SELECT c FROM sbtest6 WHERE id=6601971
	Index Scan using sbtest6_pkey on sbtest6  (cost=0.43..8.45 rows=1 width=121)
	  Index Cond: (id = 6601971)

table 7 : explain SELECT c FROM sbtest7 WHERE id=4878929
	Index Scan using sbtest7_pkey on sbtest7  (cost=0.43..8.45 rows=1 width=121)
	  Index Cond: (id = 4878929)

table 8 : explain SELECT c FROM sbtest8 WHERE id=2577036
	Index Scan using sbtest8_pkey on sbtest8  (cost=0.43..8.45 rows=1 width=121)
	  Index Cond: (id = 2577036)

for inserts
table 1 : explain INSERT INTO sbtest1 (id, k, c, pad) VALUES (2745057, 13, 'foobar', 'foobar')
	Insert on sbtest1  (cost=0.00..0.01 rows=0 width=0)
	  ->  Result  (cost=0.00..0.01 rows=1 width=736)

table 2 : explain INSERT INTO sbtest2 (id, k, c, pad) VALUES (7797630, 13, 'foobar', 'foobar')
	Insert on sbtest2  (cost=0.00..0.01 rows=0 width=0)
	  ->  Result  (cost=0.00..0.01 rows=1 width=736)

table 3 : explain INSERT INTO sbtest3 (id, k, c, pad) VALUES (4382962, 13, 'foobar', 'foobar')
	Insert on sbtest3  (cost=0.00..0.01 rows=0 width=0)
	  ->  Result  (cost=0.00..0.01 rows=1 width=736)

table 4 : explain INSERT INTO sbtest4 (id, k, c, pad) VALUES (6749281, 13, 'foobar', 'foobar')
	Insert on sbtest4  (cost=0.00..0.01 rows=0 width=0)
	  ->  Result  (cost=0.00..0.01 rows=1 width=736)

table 5 : explain INSERT INTO sbtest5 (id, k, c, pad) VALUES (9528209, 13, 'foobar', 'foobar')
	Insert on sbtest5  (cost=0.00..0.01 rows=0 width=0)
	  ->  Result  (cost=0.00..0.01 rows=1 width=736)

table 6 : explain INSERT INTO sbtest6 (id, k, c, pad) VALUES (9942552, 13, 'foobar', 'foobar')
	Insert on sbtest6  (cost=0.00..0.01 rows=0 width=0)
	  ->  Result  (cost=0.00..0.01 rows=1 width=736)

table 7 : explain INSERT INTO sbtest7 (id, k, c, pad) VALUES (5508889, 13, 'foobar', 'foobar')
	Insert on sbtest7  (cost=0.00..0.01 rows=0 width=0)
	  ->  Result  (cost=0.00..0.01 rows=1 width=736)

table 8 : explain INSERT INTO sbtest8 (id, k, c, pad) VALUES (6413120, 13, 'foobar', 'foobar')
	Insert on sbtest8  (cost=0.00..0.01 rows=0 width=0)
	  ->  Result  (cost=0.00..0.01 rows=1 width=736)

for: sum_ranges
table 1 : explain SELECT SUM(k) FROM sbtest1 WHERE id BETWEEN 2181877 AND 2181886
	Aggregate  (cost=39.39..39.40 rows=1 width=8)
	  ->  Index Scan using sbtest1_pkey on sbtest1  (cost=0.43..39.37 rows=10 width=4)
	        Index Cond: ((id >= 2181877) AND (id <= 2181886))

table 2 : explain SELECT SUM(k) FROM sbtest2 WHERE id BETWEEN 1732664 AND 1732673
	Aggregate  (cost=39.33..39.34 rows=1 width=8)
	  ->  Index Scan using sbtest2_pkey on sbtest2  (cost=0.43..39.30 rows=10 width=4)
	        Index Cond: ((id >= 1732664) AND (id <= 1732673))

table 3 : explain SELECT SUM(k) FROM sbtest3 WHERE id BETWEEN 8824398 AND 8824407
	Aggregate  (cost=35.68..35.69 rows=1 width=8)
	  ->  Index Scan using sbtest3_pkey on sbtest3  (cost=0.43..35.65 rows=9 width=4)
	        Index Cond: ((id >= 8824398) AND (id <= 8824407))

table 4 : explain SELECT SUM(k) FROM sbtest4 WHERE id BETWEEN 2768246 AND 2768255
	Aggregate  (cost=43.00..43.01 rows=1 width=8)
	  ->  Index Scan using sbtest4_pkey on sbtest4  (cost=0.43..42.97 rows=11 width=4)
	        Index Cond: ((id >= 2768246) AND (id <= 2768255))

table 5 : explain SELECT SUM(k) FROM sbtest5 WHERE id BETWEEN 9184491 AND 9184500
	Aggregate  (cost=39.34..39.35 rows=1 width=8)
	  ->  Index Scan using sbtest5_pkey on sbtest5  (cost=0.43..39.32 rows=10 width=4)
	        Index Cond: ((id >= 9184491) AND (id <= 9184500))

table 6 : explain SELECT SUM(k) FROM sbtest6 WHERE id BETWEEN 2481166 AND 2481175
	Aggregate  (cost=39.46..39.47 rows=1 width=8)
	  ->  Index Scan using sbtest6_pkey on sbtest6  (cost=0.43..39.43 rows=10 width=4)
	        Index Cond: ((id >= 2481166) AND (id <= 2481175))

table 7 : explain SELECT SUM(k) FROM sbtest7 WHERE id BETWEEN 6009865 AND 6009874
	Aggregate  (cost=39.55..39.56 rows=1 width=8)
	  ->  Index Scan using sbtest7_pkey on sbtest7  (cost=0.43..39.53 rows=10 width=4)
	        Index Cond: ((id >= 6009865) AND (id <= 6009874))

table 8 : explain SELECT SUM(k) FROM sbtest8 WHERE id BETWEEN 6950860 AND 6950869
	Aggregate  (cost=39.34..39.35 rows=1 width=8)
	  ->  Index Scan using sbtest8_pkey on sbtest8  (cost=0.43..39.31 rows=10 width=4)
	        Index Cond: ((id >= 6950860) AND (id <= 6950869))

for non_index_updates
table 1 : explain UPDATE sbtest1 SET c='foobar' WHERE id=6604950
	Update on sbtest1  (cost=0.43..8.45 rows=0 width=0)
	  ->  Index Scan using sbtest1_pkey on sbtest1  (cost=0.43..8.45 rows=1 width=490)
	        Index Cond: (id = 6604950)

table 2 : explain UPDATE sbtest2 SET c='foobar' WHERE id=9390329
	Update on sbtest2  (cost=0.43..8.45 rows=0 width=0)
	  ->  Index Scan using sbtest2_pkey on sbtest2  (cost=0.43..8.45 rows=1 width=490)
	        Index Cond: (id = 9390329)

table 3 : explain UPDATE sbtest3 SET c='foobar' WHERE id=9443021
	Update on sbtest3  (cost=0.43..8.45 rows=0 width=0)
	  ->  Index Scan using sbtest3_pkey on sbtest3  (cost=0.43..8.45 rows=1 width=490)
	        Index Cond: (id = 9443021)

table 4 : explain UPDATE sbtest4 SET c='foobar' WHERE id=8566464
	Update on sbtest4  (cost=0.43..8.45 rows=0 width=0)
	  ->  Index Scan using sbtest4_pkey on sbtest4  (cost=0.43..8.45 rows=1 width=490)
	        Index Cond: (id = 8566464)

table 5 : explain UPDATE sbtest5 SET c='foobar' WHERE id=3618381
	Update on sbtest5  (cost=0.43..8.45 rows=0 width=0)
	  ->  Index Scan using sbtest5_pkey on sbtest5  (cost=0.43..8.45 rows=1 width=490)
	        Index Cond: (id = 3618381)

table 6 : explain UPDATE sbtest6 SET c='foobar' WHERE id=8626585
	Update on sbtest6  (cost=0.43..8.45 rows=0 width=0)
	  ->  Index Scan using sbtest6_pkey on sbtest6  (cost=0.43..8.45 rows=1 width=490)
	        Index Cond: (id = 8626585)

table 7 : explain UPDATE sbtest7 SET c='foobar' WHERE id=7282933
	Update on sbtest7  (cost=0.43..8.45 rows=0 width=0)
	  ->  Index Scan using sbtest7_pkey on sbtest7  (cost=0.43..8.45 rows=1 width=490)
	        Index Cond: (id = 7282933)

table 8 : explain UPDATE sbtest8 SET c='foobar' WHERE id=5682928
	Update on sbtest8  (cost=0.43..8.45 rows=0 width=0)
	  ->  Index Scan using sbtest8_pkey on sbtest8  (cost=0.43..8.45 rows=1 width=490)
	        Index Cond: (id = 5682928)

for inserts
table 1 : explain INSERT INTO sbtest1 (id, k, c, pad) VALUES (6889504, 13, 'foobar', 'foobar')
	Insert on sbtest1  (cost=0.00..0.01 rows=0 width=0)
	  ->  Result  (cost=0.00..0.01 rows=1 width=736)

table 2 : explain INSERT INTO sbtest2 (id, k, c, pad) VALUES (3729145, 13, 'foobar', 'foobar')
	Insert on sbtest2  (cost=0.00..0.01 rows=0 width=0)
	  ->  Result  (cost=0.00..0.01 rows=1 width=736)

table 3 : explain INSERT INTO sbtest3 (id, k, c, pad) VALUES (3734036, 13, 'foobar', 'foobar')
	Insert on sbtest3  (cost=0.00..0.01 rows=0 width=0)
	  ->  Result  (cost=0.00..0.01 rows=1 width=736)

table 4 : explain INSERT INTO sbtest4 (id, k, c, pad) VALUES (1031499, 13, 'foobar', 'foobar')
	Insert on sbtest4  (cost=0.00..0.01 rows=0 width=0)
	  ->  Result  (cost=0.00..0.01 rows=1 width=736)

table 5 : explain INSERT INTO sbtest5 (id, k, c, pad) VALUES (2140481, 13, 'foobar', 'foobar')
	Insert on sbtest5  (cost=0.00..0.01 rows=0 width=0)
	  ->  Result  (cost=0.00..0.01 rows=1 width=736)

table 6 : explain INSERT INTO sbtest6 (id, k, c, pad) VALUES (4146028, 13, 'foobar', 'foobar')
	Insert on sbtest6  (cost=0.00..0.01 rows=0 width=0)
	  ->  Result  (cost=0.00..0.01 rows=1 width=736)

table 7 : explain INSERT INTO sbtest7 (id, k, c, pad) VALUES (9603691, 13, 'foobar', 'foobar')
	Insert on sbtest7  (cost=0.00..0.01 rows=0 width=0)
	  ->  Result  (cost=0.00..0.01 rows=1 width=736)

table 8 : explain INSERT INTO sbtest8 (id, k, c, pad) VALUES (3741059, 13, 'foobar', 'foobar')
	Insert on sbtest8  (cost=0.00..0.01 rows=0 width=0)
	  ->  Result  (cost=0.00..0.01 rows=1 width=736)

for inserts
table 1 : explain INSERT INTO sbtest1 (id, k, c, pad) VALUES (7895791, 13, 'foobar', 'foobar')
	Insert on sbtest1  (cost=0.00..0.01 rows=0 width=0)
	  ->  Result  (cost=0.00..0.01 rows=1 width=736)

table 2 : explain INSERT INTO sbtest2 (id, k, c, pad) VALUES (2151799, 13, 'foobar', 'foobar')
	Insert on sbtest2  (cost=0.00..0.01 rows=0 width=0)
	  ->  Result  (cost=0.00..0.01 rows=1 width=736)

table 3 : explain INSERT INTO sbtest3 (id, k, c, pad) VALUES (656151, 13, 'foobar', 'foobar')
	Insert on sbtest3  (cost=0.00..0.01 rows=0 width=0)
	  ->  Result  (cost=0.00..0.01 rows=1 width=736)

table 4 : explain INSERT INTO sbtest4 (id, k, c, pad) VALUES (4214788, 13, 'foobar', 'foobar')
	Insert on sbtest4  (cost=0.00..0.01 rows=0 width=0)
	  ->  Result  (cost=0.00..0.01 rows=1 width=736)

table 5 : explain INSERT INTO sbtest5 (id, k, c, pad) VALUES (5823153, 13, 'foobar', 'foobar')
	Insert on sbtest5  (cost=0.00..0.01 rows=0 width=0)
	  ->  Result  (cost=0.00..0.01 rows=1 width=736)

table 6 : explain INSERT INTO sbtest6 (id, k, c, pad) VALUES (4538109, 13, 'foobar', 'foobar')
	Insert on sbtest6  (cost=0.00..0.01 rows=0 width=0)
	  ->  Result  (cost=0.00..0.01 rows=1 width=736)

table 7 : explain INSERT INTO sbtest7 (id, k, c, pad) VALUES (5494620, 13, 'foobar', 'foobar')
	Insert on sbtest7  (cost=0.00..0.01 rows=0 width=0)
	  ->  Result  (cost=0.00..0.01 rows=1 width=736)

table 8 : explain INSERT INTO sbtest8 (id, k, c, pad) VALUES (447168, 13, 'foobar', 'foobar')
	Insert on sbtest8  (cost=0.00..0.01 rows=0 width=0)
	  ->  Result  (cost=0.00..0.01 rows=1 width=736)

for point_selects
table 1 : explain SELECT c FROM sbtest1 WHERE id=4823711
	Index Scan using sbtest1_pkey on sbtest1  (cost=0.43..8.45 rows=1 width=121)
	  Index Cond: (id = 4823711)

table 2 : explain SELECT c FROM sbtest2 WHERE id=3501632
	Index Scan using sbtest2_pkey on sbtest2  (cost=0.43..8.45 rows=1 width=121)
	  Index Cond: (id = 3501632)

table 3 : explain SELECT c FROM sbtest3 WHERE id=4907626
	Index Scan using sbtest3_pkey on sbtest3  (cost=0.43..8.45 rows=1 width=121)
	  Index Cond: (id = 4907626)

table 4 : explain SELECT c FROM sbtest4 WHERE id=3517546
	Index Scan using sbtest4_pkey on sbtest4  (cost=0.43..8.45 rows=1 width=121)
	  Index Cond: (id = 3517546)

table 5 : explain SELECT c FROM sbtest5 WHERE id=5354922
	Index Scan using sbtest5_pkey on sbtest5  (cost=0.43..8.45 rows=1 width=121)
	  Index Cond: (id = 5354922)

table 6 : explain SELECT c FROM sbtest6 WHERE id=9738296
	Index Scan using sbtest6_pkey on sbtest6  (cost=0.43..8.45 rows=1 width=121)
	  Index Cond: (id = 9738296)

table 7 : explain SELECT c FROM sbtest7 WHERE id=132899
	Index Scan using sbtest7_pkey on sbtest7  (cost=0.43..8.45 rows=1 width=121)
	  Index Cond: (id = 132899)

table 8 : explain SELECT c FROM sbtest8 WHERE id=2672078
	Index Scan using sbtest8_pkey on sbtest8  (cost=0.43..8.45 rows=1 width=121)
	  Index Cond: (id = 2672078)

for: sum_ranges
table 1 : explain SELECT SUM(k) FROM sbtest1 WHERE id BETWEEN 8345483 AND 8345492
	Aggregate  (cost=42.83..42.84 rows=1 width=8)
	  ->  Index Scan using sbtest1_pkey on sbtest1  (cost=0.43..42.80 rows=11 width=4)
	        Index Cond: ((id >= 8345483) AND (id <= 8345492))

table 2 : explain SELECT SUM(k) FROM sbtest2 WHERE id BETWEEN 2408999 AND 2409008
	Aggregate  (cost=35.90..35.91 rows=1 width=8)
	  ->  Index Scan using sbtest2_pkey on sbtest2  (cost=0.43..35.87 rows=9 width=4)
	        Index Cond: ((id >= 2408999) AND (id <= 2409008))

table 3 : explain SELECT SUM(k) FROM sbtest3 WHERE id BETWEEN 9262384 AND 9262393
	Aggregate  (cost=39.08..39.09 rows=1 width=8)
	  ->  Index Scan using sbtest3_pkey on sbtest3  (cost=0.43..39.05 rows=10 width=4)
	        Index Cond: ((id >= 9262384) AND (id <= 9262393))

table 4 : explain SELECT SUM(k) FROM sbtest4 WHERE id BETWEEN 4699760 AND 4699769
	Aggregate  (cost=39.55..39.56 rows=1 width=8)
	  ->  Index Scan using sbtest4_pkey on sbtest4  (cost=0.43..39.52 rows=10 width=4)
	        Index Cond: ((id >= 4699760) AND (id <= 4699769))

table 5 : explain SELECT SUM(k) FROM sbtest5 WHERE id BETWEEN 4738411 AND 4738420
	Aggregate  (cost=35.91..35.92 rows=1 width=8)
	  ->  Index Scan using sbtest5_pkey on sbtest5  (cost=0.43..35.89 rows=9 width=4)
	        Index Cond: ((id >= 4738411) AND (id <= 4738420))

table 6 : explain SELECT SUM(k) FROM sbtest6 WHERE id BETWEEN 4003447 AND 4003456
	Aggregate  (cost=39.46..39.47 rows=1 width=8)
	  ->  Index Scan using sbtest6_pkey on sbtest6  (cost=0.43..39.43 rows=10 width=4)
	        Index Cond: ((id >= 4003447) AND (id <= 4003456))

table 7 : explain SELECT SUM(k) FROM sbtest7 WHERE id BETWEEN 5105365 AND 5105374
	Aggregate  (cost=39.55..39.56 rows=1 width=8)
	  ->  Index Scan using sbtest7_pkey on sbtest7  (cost=0.43..39.53 rows=10 width=4)
	        Index Cond: ((id >= 5105365) AND (id <= 5105374))

table 8 : explain SELECT SUM(k) FROM sbtest8 WHERE id BETWEEN 792244 AND 792253
	Aggregate  (cost=39.34..39.35 rows=1 width=8)
	  ->  Index Scan using sbtest8_pkey on sbtest8  (cost=0.43..39.31 rows=10 width=4)
	        Index Cond: ((id >= 792244) AND (id <= 792253))

for index_updates
table 1 : explain UPDATE sbtest1 SET k=k+1 WHERE id=875883
	Update on sbtest1  (cost=0.43..8.46 rows=0 width=0)
	  ->  Index Scan using sbtest1_pkey on sbtest1  (cost=0.43..8.46 rows=1 width=10)
	        Index Cond: (id = 875883)

table 2 : explain UPDATE sbtest2 SET k=k+1 WHERE id=4585472
	Update on sbtest2  (cost=0.43..8.46 rows=0 width=0)
	  ->  Index Scan using sbtest2_pkey on sbtest2  (cost=0.43..8.46 rows=1 width=10)
	        Index Cond: (id = 4585472)

table 3 : explain UPDATE sbtest3 SET k=k+1 WHERE id=8476524
	Update on sbtest3  (cost=0.43..8.46 rows=0 width=0)
	  ->  Index Scan using sbtest3_pkey on sbtest3  (cost=0.43..8.46 rows=1 width=10)
	        Index Cond: (id = 8476524)

table 4 : explain UPDATE sbtest4 SET k=k+1 WHERE id=4401673
	Update on sbtest4  (cost=0.43..8.46 rows=0 width=0)
	  ->  Index Scan using sbtest4_pkey on sbtest4  (cost=0.43..8.46 rows=1 width=10)
	        Index Cond: (id = 4401673)

table 5 : explain UPDATE sbtest5 SET k=k+1 WHERE id=1548609
	Update on sbtest5  (cost=0.43..8.46 rows=0 width=0)
	  ->  Index Scan using sbtest5_pkey on sbtest5  (cost=0.43..8.46 rows=1 width=10)
	        Index Cond: (id = 1548609)

table 6 : explain UPDATE sbtest6 SET k=k+1 WHERE id=7403753
	Update on sbtest6  (cost=0.43..8.46 rows=0 width=0)
	  ->  Index Scan using sbtest6_pkey on sbtest6  (cost=0.43..8.46 rows=1 width=10)
	        Index Cond: (id = 7403753)

table 7 : explain UPDATE sbtest7 SET k=k+1 WHERE id=3200798
	Update on sbtest7  (cost=0.43..8.46 rows=0 width=0)
	  ->  Index Scan using sbtest7_pkey on sbtest7  (cost=0.43..8.46 rows=1 width=10)
	        Index Cond: (id = 3200798)

table 8 : explain UPDATE sbtest8 SET k=k+1 WHERE id=6751320
	Update on sbtest8  (cost=0.43..8.46 rows=0 width=0)
	  ->  Index Scan using sbtest8_pkey on sbtest8  (cost=0.43..8.46 rows=1 width=10)
	        Index Cond: (id = 6751320)

explain: for deletes :: explain DELETE FROM sbtest%u WHERE id=%u
for: sum_ranges
table 1 : explain SELECT SUM(k) FROM sbtest1 WHERE id BETWEEN 3258450 AND 3258459
	Aggregate  (cost=39.39..39.40 rows=1 width=8)
	  ->  Index Scan using sbtest1_pkey on sbtest1  (cost=0.43..39.37 rows=10 width=4)
	        Index Cond: ((id >= 3258450) AND (id <= 3258459))

table 2 : explain SELECT SUM(k) FROM sbtest2 WHERE id BETWEEN 2623080 AND 2623089
	Aggregate  (cost=39.33..39.34 rows=1 width=8)
	  ->  Index Scan using sbtest2_pkey on sbtest2  (cost=0.43..39.30 rows=10 width=4)
	        Index Cond: ((id >= 2623080) AND (id <= 2623089))

table 3 : explain SELECT SUM(k) FROM sbtest3 WHERE id BETWEEN 1608872 AND 1608881
	Aggregate  (cost=39.08..39.09 rows=1 width=8)
	  ->  Index Scan using sbtest3_pkey on sbtest3  (cost=0.43..39.05 rows=10 width=4)
	        Index Cond: ((id >= 1608872) AND (id <= 1608881))

table 4 : explain SELECT SUM(k) FROM sbtest4 WHERE id BETWEEN 4006562 AND 4006571
	Aggregate  (cost=39.55..39.56 rows=1 width=8)
	  ->  Index Scan using sbtest4_pkey on sbtest4  (cost=0.43..39.52 rows=10 width=4)
	        Index Cond: ((id >= 4006562) AND (id <= 4006571))

table 5 : explain SELECT SUM(k) FROM sbtest5 WHERE id BETWEEN 3238870 AND 3238879
	Aggregate  (cost=39.34..39.35 rows=1 width=8)
	  ->  Index Scan using sbtest5_pkey on sbtest5  (cost=0.43..39.32 rows=10 width=4)
	        Index Cond: ((id >= 3238870) AND (id <= 3238879))

table 6 : explain SELECT SUM(k) FROM sbtest6 WHERE id BETWEEN 6453348 AND 6453357
	Aggregate  (cost=39.46..39.47 rows=1 width=8)
	  ->  Index Scan using sbtest6_pkey on sbtest6  (cost=0.43..39.43 rows=10 width=4)
	        Index Cond: ((id >= 6453348) AND (id <= 6453357))

table 7 : explain SELECT SUM(k) FROM sbtest7 WHERE id BETWEEN 515673 AND 515682
	Aggregate  (cost=39.55..39.56 rows=1 width=8)
	  ->  Index Scan using sbtest7_pkey on sbtest7  (cost=0.43..39.53 rows=10 width=4)
	        Index Cond: ((id >= 515673) AND (id <= 515682))

table 8 : explain SELECT SUM(k) FROM sbtest8 WHERE id BETWEEN 9800179 AND 9800188
	Aggregate  (cost=35.90..35.91 rows=1 width=8)
	  ->  Index Scan using sbtest8_pkey on sbtest8  (cost=0.43..35.88 rows=9 width=4)
	        Index Cond: ((id >= 9800179) AND (id <= 9800188))

for: sum_ranges
table 1 : explain SELECT SUM(k) FROM sbtest1 WHERE id BETWEEN 8232500 AND 8232509
	Aggregate  (cost=35.95..35.96 rows=1 width=8)
	  ->  Index Scan using sbtest1_pkey on sbtest1  (cost=0.43..35.93 rows=9 width=4)
	        Index Cond: ((id >= 8232500) AND (id <= 8232509))

table 2 : explain SELECT SUM(k) FROM sbtest2 WHERE id BETWEEN 5696704 AND 5696713
	Aggregate  (cost=35.90..35.91 rows=1 width=8)
	  ->  Index Scan using sbtest2_pkey on sbtest2  (cost=0.43..35.87 rows=9 width=4)
	        Index Cond: ((id >= 5696704) AND (id <= 5696713))

table 3 : explain SELECT SUM(k) FROM sbtest3 WHERE id BETWEEN 8066209 AND 8066218
	Aggregate  (cost=35.68..35.69 rows=1 width=8)
	  ->  Index Scan using sbtest3_pkey on sbtest3  (cost=0.43..35.65 rows=9 width=4)
	        Index Cond: ((id >= 8066209) AND (id <= 8066218))

table 4 : explain SELECT SUM(k) FROM sbtest4 WHERE id BETWEEN 4814059 AND 4814068
	Aggregate  (cost=36.09..36.10 rows=1 width=8)
	  ->  Index Scan using sbtest4_pkey on sbtest4  (cost=0.43..36.07 rows=9 width=4)
	        Index Cond: ((id >= 4814059) AND (id <= 4814068))

table 5 : explain SELECT SUM(k) FROM sbtest5 WHERE id BETWEEN 3066333 AND 3066342
	Aggregate  (cost=42.78..42.79 rows=1 width=8)
	  ->  Index Scan using sbtest5_pkey on sbtest5  (cost=0.43..42.75 rows=11 width=4)
	        Index Cond: ((id >= 3066333) AND (id <= 3066342))

table 6 : explain SELECT SUM(k) FROM sbtest6 WHERE id BETWEEN 805643 AND 805652
	Aggregate  (cost=42.90..42.91 rows=1 width=8)
	  ->  Index Scan using sbtest6_pkey on sbtest6  (cost=0.43..42.88 rows=11 width=4)
	        Index Cond: ((id >= 805643) AND (id <= 805652))

table 7 : explain SELECT SUM(k) FROM sbtest7 WHERE id BETWEEN 4258037 AND 4258046
	Aggregate  (cost=39.55..39.56 rows=1 width=8)
	  ->  Index Scan using sbtest7_pkey on sbtest7  (cost=0.43..39.53 rows=10 width=4)
	        Index Cond: ((id >= 4258037) AND (id <= 4258046))

table 8 : explain SELECT SUM(k) FROM sbtest8 WHERE id BETWEEN 9179695 AND 9179704
	Aggregate  (cost=39.34..39.35 rows=1 width=8)
	  ->  Index Scan using sbtest8_pkey on sbtest8  (cost=0.43..39.31 rows=10 width=4)
	        Index Cond: ((id >= 9179695) AND (id <= 9179704))

for: simple_ranges
table 1 : explain SELECT c FROM sbtest1 WHERE id BETWEEN 4584237 AND 4584246
	Index Scan using sbtest1_pkey on sbtest1  (cost=0.43..35.93 rows=9 width=121)
	  Index Cond: ((id >= 4584237) AND (id <= 4584246))

table 2 : explain SELECT c FROM sbtest2 WHERE id BETWEEN 9952030 AND 9952039
	Index Scan using sbtest2_pkey on sbtest2  (cost=0.43..39.30 rows=10 width=121)
	  Index Cond: ((id >= 9952030) AND (id <= 9952039))

table 3 : explain SELECT c FROM sbtest3 WHERE id BETWEEN 7926335 AND 7926344
	Index Scan using sbtest3_pkey on sbtest3  (cost=0.43..39.05 rows=10 width=121)
	  Index Cond: ((id >= 7926335) AND (id <= 7926344))

table 4 : explain SELECT c FROM sbtest4 WHERE id BETWEEN 7766396 AND 7766405
	Index Scan using sbtest4_pkey on sbtest4  (cost=0.43..36.07 rows=9 width=121)
	  Index Cond: ((id >= 7766396) AND (id <= 7766405))

table 5 : explain SELECT c FROM sbtest5 WHERE id BETWEEN 2699196 AND 2699205
	Index Scan using sbtest5_pkey on sbtest5  (cost=0.43..39.32 rows=10 width=121)
	  Index Cond: ((id >= 2699196) AND (id <= 2699205))

table 6 : explain SELECT c FROM sbtest6 WHERE id BETWEEN 980016 AND 980025
	Index Scan using sbtest6_pkey on sbtest6  (cost=0.43..39.43 rows=10 width=121)
	  Index Cond: ((id >= 980016) AND (id <= 980025))

table 7 : explain SELECT c FROM sbtest7 WHERE id BETWEEN 3329374 AND 3329383
	Index Scan using sbtest7_pkey on sbtest7  (cost=0.43..42.98 rows=11 width=121)
	  Index Cond: ((id >= 3329374) AND (id <= 3329383))

table 8 : explain SELECT c FROM sbtest8 WHERE id BETWEEN 7590709 AND 7590718
	Index Scan using sbtest8_pkey on sbtest8  (cost=0.43..35.88 rows=9 width=121)
	  Index Cond: ((id >= 7590709) AND (id <= 7590718))

for: distinct_ranges
table 1 : explain SELECT DISTINCT c FROM sbtest1 WHERE id BETWEEN 7458876 AND 7458885 ORDER BY c
	Unique  (cost=39.53..39.58 rows=10 width=121)
	  ->  Sort  (cost=39.53..39.56 rows=10 width=121)
	        Sort Key: c
	        ->  Index Scan using sbtest1_pkey on sbtest1  (cost=0.43..39.37 rows=10 width=121)
	              Index Cond: ((id >= 7458876) AND (id <= 7458885))

table 2 : explain SELECT DISTINCT c FROM sbtest2 WHERE id BETWEEN 5763567 AND 5763576 ORDER BY c
	Unique  (cost=36.02..36.06 rows=9 width=121)
	  ->  Sort  (cost=36.02..36.04 rows=9 width=121)
	        Sort Key: c
	        ->  Index Scan using sbtest2_pkey on sbtest2  (cost=0.43..35.87 rows=9 width=121)
	              Index Cond: ((id >= 5763567) AND (id <= 5763576))

table 3 : explain SELECT DISTINCT c FROM sbtest3 WHERE id BETWEEN 5888256 AND 5888265 ORDER BY c
	Unique  (cost=42.65..42.70 rows=11 width=121)
	  ->  Sort  (cost=42.65..42.67 rows=11 width=121)
	        Sort Key: c
	        ->  Index Scan using sbtest3_pkey on sbtest3  (cost=0.43..42.45 rows=11 width=121)
	              Index Cond: ((id >= 5888256) AND (id <= 5888265))

table 4 : explain SELECT DISTINCT c FROM sbtest4 WHERE id BETWEEN 4692746 AND 4692755 ORDER BY c
	Unique  (cost=39.69..39.74 rows=10 width=121)
	  ->  Sort  (cost=39.69..39.71 rows=10 width=121)
	        Sort Key: c
	        ->  Index Scan using sbtest4_pkey on sbtest4  (cost=0.43..39.52 rows=10 width=121)
	              Index Cond: ((id >= 4692746) AND (id <= 4692755))

table 5 : explain SELECT DISTINCT c FROM sbtest5 WHERE id BETWEEN 7276989 AND 7276998 ORDER BY c
	Unique  (cost=36.03..36.08 rows=9 width=121)
	  ->  Sort  (cost=36.03..36.06 rows=9 width=121)
	        Sort Key: c
	        ->  Index Scan using sbtest5_pkey on sbtest5  (cost=0.43..35.89 rows=9 width=121)
	              Index Cond: ((id >= 7276989) AND (id <= 7276998))

table 6 : explain SELECT DISTINCT c FROM sbtest6 WHERE id BETWEEN 3178801 AND 3178810 ORDER BY c
	Unique  (cost=36.13..36.18 rows=9 width=121)
	  ->  Sort  (cost=36.13..36.16 rows=9 width=121)
	        Sort Key: c
	        ->  Index Scan using sbtest6_pkey on sbtest6  (cost=0.43..35.99 rows=9 width=121)
	              Index Cond: ((id >= 3178801) AND (id <= 3178810))

table 7 : explain SELECT DISTINCT c FROM sbtest7 WHERE id BETWEEN 9522508 AND 9522517 ORDER BY c
	Unique  (cost=39.70..39.75 rows=10 width=121)
	  ->  Sort  (cost=39.70..39.72 rows=10 width=121)
	        Sort Key: c
	        ->  Index Scan using sbtest7_pkey on sbtest7  (cost=0.43..39.53 rows=10 width=121)
	              Index Cond: ((id >= 9522508) AND (id <= 9522517))

table 8 : explain SELECT DISTINCT c FROM sbtest8 WHERE id BETWEEN 9831642 AND 9831651 ORDER BY c
	Unique  (cost=36.02..36.07 rows=9 width=121)
	  ->  Sort  (cost=36.02..36.05 rows=9 width=121)
	        Sort Key: c
	        ->  Index Scan using sbtest8_pkey on sbtest8  (cost=0.43..35.88 rows=9 width=121)
	              Index Cond: ((id >= 9831642) AND (id <= 9831651))

explain: for non_index_updates :: explain UPDATE sbtest%u SET c='foobar' WHERE id=%u
explain: for inserts :: explain INSERT INTO sbtest%u (id, k, c, pad) VALUES (%u, 13, 'foobar', 'foobar')
for: simple_ranges
table 1 : explain SELECT c FROM sbtest1 WHERE id BETWEEN 4193925 AND 4193934
	Index Scan using sbtest1_pkey on sbtest1  (cost=0.43..35.93 rows=9 width=121)
	  Index Cond: ((id >= 4193925) AND (id <= 4193934))

table 2 : explain SELECT c FROM sbtest2 WHERE id BETWEEN 390202 AND 390211
	Index Scan using sbtest2_pkey on sbtest2  (cost=0.43..39.30 rows=10 width=121)
	  Index Cond: ((id >= 390202) AND (id <= 390211))

table 3 : explain SELECT c FROM sbtest3 WHERE id BETWEEN 2264245 AND 2264254
	Index Scan using sbtest3_pkey on sbtest3  (cost=0.43..39.05 rows=10 width=121)
	  Index Cond: ((id >= 2264245) AND (id <= 2264254))

table 4 : explain SELECT c FROM sbtest4 WHERE id BETWEEN 2502481 AND 2502490
	Index Scan using sbtest4_pkey on sbtest4  (cost=0.43..42.97 rows=11 width=121)
	  Index Cond: ((id >= 2502481) AND (id <= 2502490))

table 5 : explain SELECT c FROM sbtest5 WHERE id BETWEEN 3648287 AND 3648296
	Index Scan using sbtest5_pkey on sbtest5  (cost=0.43..39.32 rows=10 width=121)
	  Index Cond: ((id >= 3648287) AND (id <= 3648296))

table 6 : explain SELECT c FROM sbtest6 WHERE id BETWEEN 5798931 AND 5798940
	Index Scan using sbtest6_pkey on sbtest6  (cost=0.43..39.43 rows=10 width=121)
	  Index Cond: ((id >= 5798931) AND (id <= 5798940))

table 7 : explain SELECT c FROM sbtest7 WHERE id BETWEEN 9201650 AND 9201659
	Index Scan using sbtest7_pkey on sbtest7  (cost=0.43..39.53 rows=10 width=121)
	  Index Cond: ((id >= 9201650) AND (id <= 9201659))

table 8 : explain SELECT c FROM sbtest8 WHERE id BETWEEN 4509849 AND 4509858
	Index Scan using sbtest8_pkey on sbtest8  (cost=0.43..39.31 rows=10 width=121)
	  Index Cond: ((id >= 4509849) AND (id <= 4509858))

explain: for point_selects :: explain SELECT c FROM sbtest%u WHERE id=%u
explain: for inserts :: explain INSERT INTO sbtest%u (id, k, c, pad) VALUES (%u, 13, 'foobar', 'foobar')
for: simple_ranges
table 1 : explain SELECT c FROM sbtest1 WHERE id BETWEEN 7427087 AND 7427096
	Index Scan using sbtest1_pkey on sbtest1  (cost=0.43..42.80 rows=11 width=121)
	  Index Cond: ((id >= 7427087) AND (id <= 7427096))

table 2 : explain SELECT c FROM sbtest2 WHERE id BETWEEN 1238077 AND 1238086
	Index Scan using sbtest2_pkey on sbtest2  (cost=0.43..42.73 rows=11 width=121)
	  Index Cond: ((id >= 1238077) AND (id <= 1238086))

table 3 : explain SELECT c FROM sbtest3 WHERE id BETWEEN 8937271 AND 8937280
	Index Scan using sbtest3_pkey on sbtest3  (cost=0.43..42.45 rows=11 width=121)
	  Index Cond: ((id >= 8937271) AND (id <= 8937280))

table 4 : explain SELECT c FROM sbtest4 WHERE id BETWEEN 3043075 AND 3043084
	Index Scan using sbtest4_pkey on sbtest4  (cost=0.43..42.97 rows=11 width=121)
	  Index Cond: ((id >= 3043075) AND (id <= 3043084))

table 5 : explain SELECT c FROM sbtest5 WHERE id BETWEEN 6564174 AND 6564183
	Index Scan using sbtest5_pkey on sbtest5  (cost=0.43..35.89 rows=9 width=121)
	  Index Cond: ((id >= 6564174) AND (id <= 6564183))

table 6 : explain SELECT c FROM sbtest6 WHERE id BETWEEN 6320196 AND 6320205
	Index Scan using sbtest6_pkey on sbtest6  (cost=0.43..39.43 rows=10 width=121)
	  Index Cond: ((id >= 6320196) AND (id <= 6320205))

table 7 : explain SELECT c FROM sbtest7 WHERE id BETWEEN 2771457 AND 2771466
	Index Scan using sbtest7_pkey on sbtest7  (cost=0.43..39.53 rows=10 width=121)
	  Index Cond: ((id >= 2771457) AND (id <= 2771466))

table 8 : explain SELECT c FROM sbtest8 WHERE id BETWEEN 1310436 AND 1310445
	Index Scan using sbtest8_pkey on sbtest8  (cost=0.43..42.74 rows=11 width=121)
	  Index Cond: ((id >= 1310436) AND (id <= 1310445))

for deletes
table 1 : explain DELETE FROM sbtest1 WHERE id=4560498
	Delete on sbtest1  (cost=0.43..8.45 rows=0 width=0)
	  ->  Index Scan using sbtest1_pkey on sbtest1  (cost=0.43..8.45 rows=1 width=6)
	        Index Cond: (id = 4560498)

table 2 : explain DELETE FROM sbtest2 WHERE id=6049142
	Delete on sbtest2  (cost=0.43..8.45 rows=0 width=0)
	  ->  Index Scan using sbtest2_pkey on sbtest2  (cost=0.43..8.45 rows=1 width=6)
	        Index Cond: (id = 6049142)

table 3 : explain DELETE FROM sbtest3 WHERE id=5759454
	Delete on sbtest3  (cost=0.43..8.45 rows=0 width=0)
	  ->  Index Scan using sbtest3_pkey on sbtest3  (cost=0.43..8.45 rows=1 width=6)
	        Index Cond: (id = 5759454)

table 4 : explain DELETE FROM sbtest4 WHERE id=3020956
	Delete on sbtest4  (cost=0.43..8.45 rows=0 width=0)
	  ->  Index Scan using sbtest4_pkey on sbtest4  (cost=0.43..8.45 rows=1 width=6)
	        Index Cond: (id = 3020956)

table 5 : explain DELETE FROM sbtest5 WHERE id=2986696
	Delete on sbtest5  (cost=0.43..8.45 rows=0 width=0)
	  ->  Index Scan using sbtest5_pkey on sbtest5  (cost=0.43..8.45 rows=1 width=6)
	        Index Cond: (id = 2986696)

table 6 : explain DELETE FROM sbtest6 WHERE id=1858718
	Delete on sbtest6  (cost=0.43..8.45 rows=0 width=0)
	  ->  Index Scan using sbtest6_pkey on sbtest6  (cost=0.43..8.45 rows=1 width=6)
	        Index Cond: (id = 1858718)

table 7 : explain DELETE FROM sbtest7 WHERE id=619356
	Delete on sbtest7  (cost=0.43..8.45 rows=0 width=0)
	  ->  Index Scan using sbtest7_pkey on sbtest7  (cost=0.43..8.45 rows=1 width=6)
	        Index Cond: (id = 619356)

table 8 : explain DELETE FROM sbtest8 WHERE id=4162092
	Delete on sbtest8  (cost=0.43..8.45 rows=0 width=0)
	  ->  Index Scan using sbtest8_pkey on sbtest8  (cost=0.43..8.45 rows=1 width=6)
	        Index Cond: (id = 4162092)

for: simple_ranges
table 1 : explain SELECT c FROM sbtest1 WHERE id BETWEEN 7695521 AND 7695530
	Index Scan using sbtest1_pkey on sbtest1  (cost=0.43..39.37 rows=10 width=121)
	  Index Cond: ((id >= 7695521) AND (id <= 7695530))

table 2 : explain SELECT c FROM sbtest2 WHERE id BETWEEN 3137067 AND 3137076
	Index Scan using sbtest2_pkey on sbtest2  (cost=0.43..39.30 rows=10 width=121)
	  Index Cond: ((id >= 3137067) AND (id <= 3137076))

table 3 : explain SELECT c FROM sbtest3 WHERE id BETWEEN 3036405 AND 3036414
	Index Scan using sbtest3_pkey on sbtest3  (cost=0.43..42.45 rows=11 width=121)
	  Index Cond: ((id >= 3036405) AND (id <= 3036414))

table 4 : explain SELECT c FROM sbtest4 WHERE id BETWEEN 4650600 AND 4650609
	Index Scan using sbtest4_pkey on sbtest4  (cost=0.43..39.52 rows=10 width=121)
	  Index Cond: ((id >= 4650600) AND (id <= 4650609))

table 5 : explain SELECT c FROM sbtest5 WHERE id BETWEEN 4755181 AND 4755190
	Index Scan using sbtest5_pkey on sbtest5  (cost=0.43..35.89 rows=9 width=121)
	  Index Cond: ((id >= 4755181) AND (id <= 4755190))

table 6 : explain SELECT c FROM sbtest6 WHERE id BETWEEN 9566225 AND 9566234
	Index Scan using sbtest6_pkey on sbtest6  (cost=0.43..39.43 rows=10 width=121)
	  Index Cond: ((id >= 9566225) AND (id <= 9566234))

table 7 : explain SELECT c FROM sbtest7 WHERE id BETWEEN 9896242 AND 9896251
	Index Scan using sbtest7_pkey on sbtest7  (cost=0.43..39.53 rows=10 width=121)
	  Index Cond: ((id >= 9896242) AND (id <= 9896251))

table 8 : explain SELECT c FROM sbtest8 WHERE id BETWEEN 7499413 AND 7499422
	Index Scan using sbtest8_pkey on sbtest8  (cost=0.43..42.74 rows=11 width=121)
	  Index Cond: ((id >= 7499413) AND (id <= 7499422))

for: order_ranges
table 1 : explain SELECT c FROM sbtest1 WHERE id BETWEEN 871801 AND 871810 ORDER BY c
	Sort  (cost=39.53..39.56 rows=10 width=121)
	  Sort Key: c
	  ->  Index Scan using sbtest1_pkey on sbtest1  (cost=0.43..39.37 rows=10 width=121)
	        Index Cond: ((id >= 871801) AND (id <= 871810))

table 2 : explain SELECT c FROM sbtest2 WHERE id BETWEEN 7950091 AND 7950100 ORDER BY c
	Sort  (cost=39.47..39.49 rows=10 width=121)
	  Sort Key: c
	  ->  Index Scan using sbtest2_pkey on sbtest2  (cost=0.43..39.30 rows=10 width=121)
	        Index Cond: ((id >= 7950091) AND (id <= 7950100))

table 3 : explain SELECT c FROM sbtest3 WHERE id BETWEEN 4472323 AND 4472332 ORDER BY c
	Sort  (cost=39.22..39.25 rows=10 width=121)
	  Sort Key: c
	  ->  Index Scan using sbtest3_pkey on sbtest3  (cost=0.43..39.05 rows=10 width=121)
	        Index Cond: ((id >= 4472323) AND (id <= 4472332))

table 4 : explain SELECT c FROM sbtest4 WHERE id BETWEEN 8644916 AND 8644925 ORDER BY c
	Sort  (cost=39.69..39.71 rows=10 width=121)
	  Sort Key: c
	  ->  Index Scan using sbtest4_pkey on sbtest4  (cost=0.43..39.52 rows=10 width=121)
	        Index Cond: ((id >= 8644916) AND (id <= 8644925))

table 5 : explain SELECT c FROM sbtest5 WHERE id BETWEEN 8705393 AND 8705402 ORDER BY c
	Sort  (cost=42.94..42.97 rows=11 width=121)
	  Sort Key: c
	  ->  Index Scan using sbtest5_pkey on sbtest5  (cost=0.43..42.75 rows=11 width=121)
	        Index Cond: ((id >= 8705393) AND (id <= 8705402))

table 6 : explain SELECT c FROM sbtest6 WHERE id BETWEEN 2047562 AND 2047571 ORDER BY c
	Sort  (cost=36.13..36.16 rows=9 width=121)
	  Sort Key: c
	  ->  Index Scan using sbtest6_pkey on sbtest6  (cost=0.43..35.99 rows=9 width=121)
	        Index Cond: ((id >= 2047562) AND (id <= 2047571))

table 7 : explain SELECT c FROM sbtest7 WHERE id BETWEEN 2175945 AND 2175954 ORDER BY c
	Sort  (cost=39.70..39.72 rows=10 width=121)
	  Sort Key: c
	  ->  Index Scan using sbtest7_pkey on sbtest7  (cost=0.43..39.53 rows=10 width=121)
	        Index Cond: ((id >= 2175945) AND (id <= 2175954))

table 8 : explain SELECT c FROM sbtest8 WHERE id BETWEEN 3472808 AND 3472817 ORDER BY c
	Sort  (cost=39.48..39.50 rows=10 width=121)
	  Sort Key: c
	  ->  Index Scan using sbtest8_pkey on sbtest8  (cost=0.43..39.31 rows=10 width=121)
	        Index Cond: ((id >= 3472808) AND (id <= 3472817))

for: sum_ranges
table 1 : explain SELECT SUM(k) FROM sbtest1 WHERE id BETWEEN 9577609 AND 9577618
	Aggregate  (cost=39.39..39.40 rows=1 width=8)
	  ->  Index Scan using sbtest1_pkey on sbtest1  (cost=0.43..39.37 rows=10 width=4)
	        Index Cond: ((id >= 9577609) AND (id <= 9577618))

table 2 : explain SELECT SUM(k) FROM sbtest2 WHERE id BETWEEN 5818357 AND 5818366
	Aggregate  (cost=39.33..39.34 rows=1 width=8)
	  ->  Index Scan using sbtest2_pkey on sbtest2  (cost=0.43..39.30 rows=10 width=4)
	        Index Cond: ((id >= 5818357) AND (id <= 5818366))

table 3 : explain SELECT SUM(k) FROM sbtest3 WHERE id BETWEEN 2224008 AND 2224017
	Aggregate  (cost=39.08..39.09 rows=1 width=8)
	  ->  Index Scan using sbtest3_pkey on sbtest3  (cost=0.43..39.05 rows=10 width=4)
	        Index Cond: ((id >= 2224008) AND (id <= 2224017))

table 4 : explain SELECT SUM(k) FROM sbtest4 WHERE id BETWEEN 3692304 AND 3692313
	Aggregate  (cost=39.55..39.56 rows=1 width=8)
	  ->  Index Scan using sbtest4_pkey on sbtest4  (cost=0.43..39.52 rows=10 width=4)
	        Index Cond: ((id >= 3692304) AND (id <= 3692313))

table 5 : explain SELECT SUM(k) FROM sbtest5 WHERE id BETWEEN 4815084 AND 4815093
	Aggregate  (cost=39.34..39.35 rows=1 width=8)
	  ->  Index Scan using sbtest5_pkey on sbtest5  (cost=0.43..39.32 rows=10 width=4)
	        Index Cond: ((id >= 4815084) AND (id <= 4815093))

table 6 : explain SELECT SUM(k) FROM sbtest6 WHERE id BETWEEN 4657446 AND 4657455
	Aggregate  (cost=39.46..39.47 rows=1 width=8)
	  ->  Index Scan using sbtest6_pkey on sbtest6  (cost=0.43..39.43 rows=10 width=4)
	        Index Cond: ((id >= 4657446) AND (id <= 4657455))

table 7 : explain SELECT SUM(k) FROM sbtest7 WHERE id BETWEEN 6930775 AND 6930784
	Aggregate  (cost=39.55..39.56 rows=1 width=8)
	  ->  Index Scan using sbtest7_pkey on sbtest7  (cost=0.43..39.53 rows=10 width=4)
	        Index Cond: ((id >= 6930775) AND (id <= 6930784))

table 8 : explain SELECT SUM(k) FROM sbtest8 WHERE id BETWEEN 6728675 AND 6728684
	Aggregate  (cost=39.34..39.35 rows=1 width=8)
	  ->  Index Scan using sbtest8_pkey on sbtest8  (cost=0.43..39.31 rows=10 width=4)
	        Index Cond: ((id >= 6728675) AND (id <= 6728684))

for non_index_updates
table 1 : explain UPDATE sbtest1 SET c='foobar' WHERE id=1997135
	Update on sbtest1  (cost=0.43..8.45 rows=0 width=0)
	  ->  Index Scan using sbtest1_pkey on sbtest1  (cost=0.43..8.45 rows=1 width=490)
	        Index Cond: (id = 1997135)

table 2 : explain UPDATE sbtest2 SET c='foobar' WHERE id=4029061
	Update on sbtest2  (cost=0.43..8.45 rows=0 width=0)
	  ->  Index Scan using sbtest2_pkey on sbtest2  (cost=0.43..8.45 rows=1 width=490)
	        Index Cond: (id = 4029061)

table 3 : explain UPDATE sbtest3 SET c='foobar' WHERE id=7664847
	Update on sbtest3  (cost=0.43..8.45 rows=0 width=0)
	  ->  Index Scan using sbtest3_pkey on sbtest3  (cost=0.43..8.45 rows=1 width=490)
	        Index Cond: (id = 7664847)

table 4 : explain UPDATE sbtest4 SET c='foobar' WHERE id=4228576
	Update on sbtest4  (cost=0.43..8.45 rows=0 width=0)
	  ->  Index Scan using sbtest4_pkey on sbtest4  (cost=0.43..8.45 rows=1 width=490)
	        Index Cond: (id = 4228576)

table 5 : explain UPDATE sbtest5 SET c='foobar' WHERE id=2729595
	Update on sbtest5  (cost=0.43..8.45 rows=0 width=0)
	  ->  Index Scan using sbtest5_pkey on sbtest5  (cost=0.43..8.45 rows=1 width=490)
	        Index Cond: (id = 2729595)

table 6 : explain UPDATE sbtest6 SET c='foobar' WHERE id=4827777
	Update on sbtest6  (cost=0.43..8.45 rows=0 width=0)
	  ->  Index Scan using sbtest6_pkey on sbtest6  (cost=0.43..8.45 rows=1 width=490)
	        Index Cond: (id = 4827777)

table 7 : explain UPDATE sbtest7 SET c='foobar' WHERE id=1212408
	Update on sbtest7  (cost=0.43..8.45 rows=0 width=0)
	  ->  Index Scan using sbtest7_pkey on sbtest7  (cost=0.43..8.45 rows=1 width=490)
	        Index Cond: (id = 1212408)

table 8 : explain UPDATE sbtest8 SET c='foobar' WHERE id=8435888
	Update on sbtest8  (cost=0.43..8.45 rows=0 width=0)
	  ->  Index Scan using sbtest8_pkey on sbtest8  (cost=0.43..8.45 rows=1 width=490)
	        Index Cond: (id = 8435888)

for: order_ranges
table 1 : explain SELECT c FROM sbtest1 WHERE id BETWEEN 4989757 AND 4989766 ORDER BY c
	Sort  (cost=42.99..43.02 rows=11 width=121)
	  Sort Key: c
	  ->  Index Scan using sbtest1_pkey on sbtest1  (cost=0.43..42.80 rows=11 width=121)
	        Index Cond: ((id >= 4989757) AND (id <= 4989766))

table 2 : explain SELECT c FROM sbtest2 WHERE id BETWEEN 9293368 AND 9293377 ORDER BY c
	Sort  (cost=39.47..39.49 rows=10 width=121)
	  Sort Key: c
	  ->  Index Scan using sbtest2_pkey on sbtest2  (cost=0.43..39.30 rows=10 width=121)
	        Index Cond: ((id >= 9293368) AND (id <= 9293377))

table 3 : explain SELECT c FROM sbtest3 WHERE id BETWEEN 3686457 AND 3686466 ORDER BY c
	Sort  (cost=42.65..42.67 rows=11 width=121)
	  Sort Key: c
	  ->  Index Scan using sbtest3_pkey on sbtest3  (cost=0.43..42.45 rows=11 width=121)
	        Index Cond: ((id >= 3686457) AND (id <= 3686466))

table 4 : explain SELECT c FROM sbtest4 WHERE id BETWEEN 2672220 AND 2672229 ORDER BY c
	Sort  (cost=39.69..39.71 rows=10 width=121)
	  Sort Key: c
	  ->  Index Scan using sbtest4_pkey on sbtest4  (cost=0.43..39.52 rows=10 width=121)
	        Index Cond: ((id >= 2672220) AND (id <= 2672229))

table 5 : explain SELECT c FROM sbtest5 WHERE id BETWEEN 3938128 AND 3938137 ORDER BY c
	Sort  (cost=39.49..39.51 rows=10 width=121)
	  Sort Key: c
	  ->  Index Scan using sbtest5_pkey on sbtest5  (cost=0.43..39.32 rows=10 width=121)
	        Index Cond: ((id >= 3938128) AND (id <= 3938137))

table 6 : explain SELECT c FROM sbtest6 WHERE id BETWEEN 7739045 AND 7739054 ORDER BY c
	Sort  (cost=43.07..43.09 rows=11 width=121)
	  Sort Key: c
	  ->  Index Scan using sbtest6_pkey on sbtest6  (cost=0.43..42.88 rows=11 width=121)
	        Index Cond: ((id >= 7739045) AND (id <= 7739054))

table 7 : explain SELECT c FROM sbtest7 WHERE id BETWEEN 4823967 AND 4823976 ORDER BY c
	Sort  (cost=39.70..39.72 rows=10 width=121)
	  Sort Key: c
	  ->  Index Scan using sbtest7_pkey on sbtest7  (cost=0.43..39.53 rows=10 width=121)
	        Index Cond: ((id >= 4823967) AND (id <= 4823976))

table 8 : explain SELECT c FROM sbtest8 WHERE id BETWEEN 1587844 AND 1587853 ORDER BY c
	Sort  (cost=39.48..39.50 rows=10 width=121)
	  Sort Key: c
	  ->  Index Scan using sbtest8_pkey on sbtest8  (cost=0.43..39.31 rows=10 width=121)
	        Index Cond: ((id >= 1587844) AND (id <= 1587853))

for: simple_ranges
table 1 : explain SELECT c FROM sbtest1 WHERE id BETWEEN 1299152 AND 1299161
	Index Scan using sbtest1_pkey on sbtest1  (cost=0.43..32.50 rows=8 width=121)
	  Index Cond: ((id >= 1299152) AND (id <= 1299161))

table 2 : explain SELECT c FROM sbtest2 WHERE id BETWEEN 7740203 AND 7740212
	Index Scan using sbtest2_pkey on sbtest2  (cost=0.43..39.30 rows=10 width=121)
	  Index Cond: ((id >= 7740203) AND (id <= 7740212))

table 3 : explain SELECT c FROM sbtest3 WHERE id BETWEEN 5918823 AND 5918832
	Index Scan using sbtest3_pkey on sbtest3  (cost=0.43..42.45 rows=11 width=121)
	  Index Cond: ((id >= 5918823) AND (id <= 5918832))

table 4 : explain SELECT c FROM sbtest4 WHERE id BETWEEN 3180339 AND 3180348
	Index Scan using sbtest4_pkey on sbtest4  (cost=0.43..39.52 rows=10 width=121)
	  Index Cond: ((id >= 3180339) AND (id <= 3180348))

table 5 : explain SELECT c FROM sbtest5 WHERE id BETWEEN 8049054 AND 8049063
	Index Scan using sbtest5_pkey on sbtest5  (cost=0.43..35.89 rows=9 width=121)
	  Index Cond: ((id >= 8049054) AND (id <= 8049063))

table 6 : explain SELECT c FROM sbtest6 WHERE id BETWEEN 2283931 AND 2283940
	Index Scan using sbtest6_pkey on sbtest6  (cost=0.43..39.43 rows=10 width=121)
	  Index Cond: ((id >= 2283931) AND (id <= 2283940))

table 7 : explain SELECT c FROM sbtest7 WHERE id BETWEEN 7289533 AND 7289542
	Index Scan using sbtest7_pkey on sbtest7  (cost=0.43..39.53 rows=10 width=121)
	  Index Cond: ((id >= 7289533) AND (id <= 7289542))

table 8 : explain SELECT c FROM sbtest8 WHERE id BETWEEN 3259003 AND 3259012
	Index Scan using sbtest8_pkey on sbtest8  (cost=0.43..39.31 rows=10 width=121)
	  Index Cond: ((id >= 3259003) AND (id <= 3259012))

for: order_ranges
table 1 : explain SELECT c FROM sbtest1 WHERE id BETWEEN 6443902 AND 6443911 ORDER BY c
	Sort  (cost=39.53..39.56 rows=10 width=121)
	  Sort Key: c
	  ->  Index Scan using sbtest1_pkey on sbtest1  (cost=0.43..39.37 rows=10 width=121)
	        Index Cond: ((id >= 6443902) AND (id <= 6443911))

table 2 : explain SELECT c FROM sbtest2 WHERE id BETWEEN 2089998 AND 2090007 ORDER BY c
	Sort  (cost=39.47..39.49 rows=10 width=121)
	  Sort Key: c
	  ->  Index Scan using sbtest2_pkey on sbtest2  (cost=0.43..39.30 rows=10 width=121)
	        Index Cond: ((id >= 2089998) AND (id <= 2090007))

table 3 : explain SELECT c FROM sbtest3 WHERE id BETWEEN 8926084 AND 8926093 ORDER BY c
	Sort  (cost=42.65..42.67 rows=11 width=121)
	  Sort Key: c
	  ->  Index Scan using sbtest3_pkey on sbtest3  (cost=0.43..42.45 rows=11 width=121)
	        Index Cond: ((id >= 8926084) AND (id <= 8926093))

table 4 : explain SELECT c FROM sbtest4 WHERE id BETWEEN 8039581 AND 8039590 ORDER BY c
	Sort  (cost=43.16..43.19 rows=11 width=121)
	  Sort Key: c
	  ->  Index Scan using sbtest4_pkey on sbtest4  (cost=0.43..42.97 rows=11 width=121)
	        Index Cond: ((id >= 8039581) AND (id <= 8039590))

table 5 : explain SELECT c FROM sbtest5 WHERE id BETWEEN 9635425 AND 9635434 ORDER BY c
	Sort  (cost=39.49..39.51 rows=10 width=121)
	  Sort Key: c
	  ->  Index Scan using sbtest5_pkey on sbtest5  (cost=0.43..39.32 rows=10 width=121)
	        Index Cond: ((id >= 9635425) AND (id <= 9635434))

table 6 : explain SELECT c FROM sbtest6 WHERE id BETWEEN 8383176 AND 8383185 ORDER BY c
	Sort  (cost=39.60..39.62 rows=10 width=121)
	  Sort Key: c
	  ->  Index Scan using sbtest6_pkey on sbtest6  (cost=0.43..39.43 rows=10 width=121)
	        Index Cond: ((id >= 8383176) AND (id <= 8383185))

table 7 : explain SELECT c FROM sbtest7 WHERE id BETWEEN 6411760 AND 6411769 ORDER BY c
	Sort  (cost=39.70..39.72 rows=10 width=121)
	  Sort Key: c
	  ->  Index Scan using sbtest7_pkey on sbtest7  (cost=0.43..39.53 rows=10 width=121)
	        Index Cond: ((id >= 6411760) AND (id <= 6411769))

table 8 : explain SELECT c FROM sbtest8 WHERE id BETWEEN 8439117 AND 8439126 ORDER BY c
	Sort  (cost=39.48..39.50 rows=10 width=121)
	  Sort Key: c
	  ->  Index Scan using sbtest8_pkey on sbtest8  (cost=0.43..39.31 rows=10 width=121)
	        Index Cond: ((id >= 8439117) AND (id <= 8439126))

explain: for index_updates :: explain UPDATE sbtest%u SET k=k+1 WHERE id=%u
explain: for deletes :: explain DELETE FROM sbtest%u WHERE id=%u
explain: for inserts :: explain INSERT INTO sbtest%u (id, k, c, pad) VALUES (%u, 13, 'foobar', 'foobar')
for: order_ranges
table 1 : explain SELECT c FROM sbtest1 WHERE id BETWEEN 4234990 AND 4234999 ORDER BY c
	Sort  (cost=39.53..39.56 rows=10 width=121)
	  Sort Key: c
	  ->  Index Scan using sbtest1_pkey on sbtest1  (cost=0.43..39.37 rows=10 width=121)
	        Index Cond: ((id >= 4234990) AND (id <= 4234999))

table 2 : explain SELECT c FROM sbtest2 WHERE id BETWEEN 5240967 AND 5240976 ORDER BY c
	Sort  (cost=42.92..42.95 rows=11 width=121)
	  Sort Key: c
	  ->  Index Scan using sbtest2_pkey on sbtest2  (cost=0.43..42.73 rows=11 width=121)
	        Index Cond: ((id >= 5240967) AND (id <= 5240976))

table 3 : explain SELECT c FROM sbtest3 WHERE id BETWEEN 1997186 AND 1997195 ORDER BY c
	Sort  (cost=46.07..46.10 rows=12 width=121)
	  Sort Key: c
	  ->  Index Scan using sbtest3_pkey on sbtest3  (cost=0.43..45.85 rows=12 width=121)
	        Index Cond: ((id >= 1997186) AND (id <= 1997195))

table 4 : explain SELECT c FROM sbtest4 WHERE id BETWEEN 1981804 AND 1981813 ORDER BY c
	Sort  (cost=36.21..36.23 rows=9 width=121)
	  Sort Key: c
	  ->  Index Scan using sbtest4_pkey on sbtest4  (cost=0.43..36.07 rows=9 width=121)
	        Index Cond: ((id >= 1981804) AND (id <= 1981813))

table 5 : explain SELECT c FROM sbtest5 WHERE id BETWEEN 998580 AND 998589 ORDER BY c
	Sort  (cost=39.49..39.51 rows=10 width=121)
	  Sort Key: c
	  ->  Index Scan using sbtest5_pkey on sbtest5  (cost=0.43..39.32 rows=10 width=121)
	        Index Cond: ((id >= 998580) AND (id <= 998589))

table 6 : explain SELECT c FROM sbtest6 WHERE id BETWEEN 5023080 AND 5023089 ORDER BY c
	Sort  (cost=39.60..39.62 rows=10 width=121)
	  Sort Key: c
	  ->  Index Scan using sbtest6_pkey on sbtest6  (cost=0.43..39.43 rows=10 width=121)
	        Index Cond: ((id >= 5023080) AND (id <= 5023089))

table 7 : explain SELECT c FROM sbtest7 WHERE id BETWEEN 4680736 AND 4680745 ORDER BY c
	Sort  (cost=39.70..39.72 rows=10 width=121)
	  Sort Key: c
	  ->  Index Scan using sbtest7_pkey on sbtest7  (cost=0.43..39.53 rows=10 width=121)
	        Index Cond: ((id >= 4680736) AND (id <= 4680745))

table 8 : explain SELECT c FROM sbtest8 WHERE id BETWEEN 6960661 AND 6960670 ORDER BY c
	Sort  (cost=39.48..39.50 rows=10 width=121)
	  Sort Key: c
	  ->  Index Scan using sbtest8_pkey on sbtest8  (cost=0.43..39.31 rows=10 width=121)
	        Index Cond: ((id >= 6960661) AND (id <= 6960670))

for: sum_ranges
table 1 : explain SELECT SUM(k) FROM sbtest1 WHERE id BETWEEN 6270686 AND 6270695
	Aggregate  (cost=39.39..39.40 rows=1 width=8)
	  ->  Index Scan using sbtest1_pkey on sbtest1  (cost=0.43..39.37 rows=10 width=4)
	        Index Cond: ((id >= 6270686) AND (id <= 6270695))

table 2 : explain SELECT SUM(k) FROM sbtest2 WHERE id BETWEEN 7641150 AND 7641159
	Aggregate  (cost=35.90..35.91 rows=1 width=8)
	  ->  Index Scan using sbtest2_pkey on sbtest2  (cost=0.43..35.87 rows=9 width=4)
	        Index Cond: ((id >= 7641150) AND (id <= 7641159))

table 3 : explain SELECT SUM(k) FROM sbtest3 WHERE id BETWEEN 3897647 AND 3897656
	Aggregate  (cost=39.08..39.09 rows=1 width=8)
	  ->  Index Scan using sbtest3_pkey on sbtest3  (cost=0.43..39.05 rows=10 width=4)
	        Index Cond: ((id >= 3897647) AND (id <= 3897656))

table 4 : explain SELECT SUM(k) FROM sbtest4 WHERE id BETWEEN 6301967 AND 6301976
	Aggregate  (cost=39.55..39.56 rows=1 width=8)
	  ->  Index Scan using sbtest4_pkey on sbtest4  (cost=0.43..39.52 rows=10 width=4)
	        Index Cond: ((id >= 6301967) AND (id <= 6301976))

table 5 : explain SELECT SUM(k) FROM sbtest5 WHERE id BETWEEN 3726739 AND 3726748
	Aggregate  (cost=39.34..39.35 rows=1 width=8)
	  ->  Index Scan using sbtest5_pkey on sbtest5  (cost=0.43..39.32 rows=10 width=4)
	        Index Cond: ((id >= 3726739) AND (id <= 3726748))

table 6 : explain SELECT SUM(k) FROM sbtest6 WHERE id BETWEEN 8421033 AND 8421042
	Aggregate  (cost=39.46..39.47 rows=1 width=8)
	  ->  Index Scan using sbtest6_pkey on sbtest6  (cost=0.43..39.43 rows=10 width=4)
	        Index Cond: ((id >= 8421033) AND (id <= 8421042))

table 7 : explain SELECT SUM(k) FROM sbtest7 WHERE id BETWEEN 1681554 AND 1681563
	Aggregate  (cost=39.55..39.56 rows=1 width=8)
	  ->  Index Scan using sbtest7_pkey on sbtest7  (cost=0.43..39.53 rows=10 width=4)
	        Index Cond: ((id >= 1681554) AND (id <= 1681563))

table 8 : explain SELECT SUM(k) FROM sbtest8 WHERE id BETWEEN 5578735 AND 5578744
	Aggregate  (cost=39.34..39.35 rows=1 width=8)
	  ->  Index Scan using sbtest8_pkey on sbtest8  (cost=0.43..39.31 rows=10 width=4)
	        Index Cond: ((id >= 5578735) AND (id <= 5578744))

for inserts
table 1 : explain INSERT INTO sbtest1 (id, k, c, pad) VALUES (3702896, 13, 'foobar', 'foobar')
	Insert on sbtest1  (cost=0.00..0.01 rows=0 width=0)
	  ->  Result  (cost=0.00..0.01 rows=1 width=736)

table 2 : explain INSERT INTO sbtest2 (id, k, c, pad) VALUES (6446846, 13, 'foobar', 'foobar')
	Insert on sbtest2  (cost=0.00..0.01 rows=0 width=0)
	  ->  Result  (cost=0.00..0.01 rows=1 width=736)

table 3 : explain INSERT INTO sbtest3 (id, k, c, pad) VALUES (8211204, 13, 'foobar', 'foobar')
	Insert on sbtest3  (cost=0.00..0.01 rows=0 width=0)
	  ->  Result  (cost=0.00..0.01 rows=1 width=736)

table 4 : explain INSERT INTO sbtest4 (id, k, c, pad) VALUES (2549225, 13, 'foobar', 'foobar')
	Insert on sbtest4  (cost=0.00..0.01 rows=0 width=0)
	  ->  Result  (cost=0.00..0.01 rows=1 width=736)

table 5 : explain INSERT INTO sbtest5 (id, k, c, pad) VALUES (9606793, 13, 'foobar', 'foobar')
	Insert on sbtest5  (cost=0.00..0.01 rows=0 width=0)
	  ->  Result  (cost=0.00..0.01 rows=1 width=736)

table 6 : explain INSERT INTO sbtest6 (id, k, c, pad) VALUES (5875663, 13, 'foobar', 'foobar')
	Insert on sbtest6  (cost=0.00..0.01 rows=0 width=0)
	  ->  Result  (cost=0.00..0.01 rows=1 width=736)

table 7 : explain INSERT INTO sbtest7 (id, k, c, pad) VALUES (6065489, 13, 'foobar', 'foobar')
	Insert on sbtest7  (cost=0.00..0.01 rows=0 width=0)
	  ->  Result  (cost=0.00..0.01 rows=1 width=736)

table 8 : explain INSERT INTO sbtest8 (id, k, c, pad) VALUES (1149151, 13, 'foobar', 'foobar')
	Insert on sbtest8  (cost=0.00..0.01 rows=0 width=0)
	  ->  Result  (cost=0.00..0.01 rows=1 width=736)

for deletes
table 1 : explain DELETE FROM sbtest1 WHERE id=3672886
	Delete on sbtest1  (cost=0.43..8.45 rows=0 width=0)
	  ->  Index Scan using sbtest1_pkey on sbtest1  (cost=0.43..8.45 rows=1 width=6)
	        Index Cond: (id = 3672886)

table 2 : explain DELETE FROM sbtest2 WHERE id=492956
	Delete on sbtest2  (cost=0.43..8.45 rows=0 width=0)
	  ->  Index Scan using sbtest2_pkey on sbtest2  (cost=0.43..8.45 rows=1 width=6)
	        Index Cond: (id = 492956)

table 3 : explain DELETE FROM sbtest3 WHERE id=8056127
	Delete on sbtest3  (cost=0.43..8.45 rows=0 width=0)
	  ->  Index Scan using sbtest3_pkey on sbtest3  (cost=0.43..8.45 rows=1 width=6)
	        Index Cond: (id = 8056127)

table 4 : explain DELETE FROM sbtest4 WHERE id=1085946
	Delete on sbtest4  (cost=0.43..8.45 rows=0 width=0)
	  ->  Index Scan using sbtest4_pkey on sbtest4  (cost=0.43..8.45 rows=1 width=6)
	        Index Cond: (id = 1085946)

table 5 : explain DELETE FROM sbtest5 WHERE id=7390405
	Delete on sbtest5  (cost=0.43..8.45 rows=0 width=0)
	  ->  Index Scan using sbtest5_pkey on sbtest5  (cost=0.43..8.45 rows=1 width=6)
	        Index Cond: (id = 7390405)

table 6 : explain DELETE FROM sbtest6 WHERE id=2926678
	Delete on sbtest6  (cost=0.43..8.45 rows=0 width=0)
	  ->  Index Scan using sbtest6_pkey on sbtest6  (cost=0.43..8.45 rows=1 width=6)
	        Index Cond: (id = 2926678)

table 7 : explain DELETE FROM sbtest7 WHERE id=936210
	Delete on sbtest7  (cost=0.43..8.45 rows=0 width=0)
	  ->  Index Scan using sbtest7_pkey on sbtest7  (cost=0.43..8.45 rows=1 width=6)
	        Index Cond: (id = 936210)

table 8 : explain DELETE FROM sbtest8 WHERE id=5307996
	Delete on sbtest8  (cost=0.43..8.45 rows=0 width=0)
	  ->  Index Scan using sbtest8_pkey on sbtest8  (cost=0.43..8.45 rows=1 width=6)
	        Index Cond: (id = 5307996)

for inserts
table 1 : explain INSERT INTO sbtest1 (id, k, c, pad) VALUES (8150034, 13, 'foobar', 'foobar')
	Insert on sbtest1  (cost=0.00..0.01 rows=0 width=0)
	  ->  Result  (cost=0.00..0.01 rows=1 width=736)

table 2 : explain INSERT INTO sbtest2 (id, k, c, pad) VALUES (3595191, 13, 'foobar', 'foobar')
	Insert on sbtest2  (cost=0.00..0.01 rows=0 width=0)
	  ->  Result  (cost=0.00..0.01 rows=1 width=736)

table 3 : explain INSERT INTO sbtest3 (id, k, c, pad) VALUES (1925389, 13, 'foobar', 'foobar')
	Insert on sbtest3  (cost=0.00..0.01 rows=0 width=0)
	  ->  Result  (cost=0.00..0.01 rows=1 width=736)

table 4 : explain INSERT INTO sbtest4 (id, k, c, pad) VALUES (2755406, 13, 'foobar', 'foobar')
	Insert on sbtest4  (cost=0.00..0.01 rows=0 width=0)
	  ->  Result  (cost=0.00..0.01 rows=1 width=736)

table 5 : explain INSERT INTO sbtest5 (id, k, c, pad) VALUES (7661709, 13, 'foobar', 'foobar')
	Insert on sbtest5  (cost=0.00..0.01 rows=0 width=0)
	  ->  Result  (cost=0.00..0.01 rows=1 width=736)

table 6 : explain INSERT INTO sbtest6 (id, k, c, pad) VALUES (3675753, 13, 'foobar', 'foobar')
	Insert on sbtest6  (cost=0.00..0.01 rows=0 width=0)
	  ->  Result  (cost=0.00..0.01 rows=1 width=736)

table 7 : explain INSERT INTO sbtest7 (id, k, c, pad) VALUES (2917667, 13, 'foobar', 'foobar')
	Insert on sbtest7  (cost=0.00..0.01 rows=0 width=0)
	  ->  Result  (cost=0.00..0.01 rows=1 width=736)

table 8 : explain INSERT INTO sbtest8 (id, k, c, pad) VALUES (6813893, 13, 'foobar', 'foobar')
	Insert on sbtest8  (cost=0.00..0.01 rows=0 width=0)
	  ->  Result  (cost=0.00..0.01 rows=1 width=736)

for index_updates
table 1 : explain UPDATE sbtest1 SET k=k+1 WHERE id=9996579
	Update on sbtest1  (cost=0.43..8.46 rows=0 width=0)
	  ->  Index Scan using sbtest1_pkey on sbtest1  (cost=0.43..8.46 rows=1 width=10)
	        Index Cond: (id = 9996579)

table 2 : explain UPDATE sbtest2 SET k=k+1 WHERE id=591167
	Update on sbtest2  (cost=0.43..8.46 rows=0 width=0)
	  ->  Index Scan using sbtest2_pkey on sbtest2  (cost=0.43..8.46 rows=1 width=10)
	        Index Cond: (id = 591167)

table 3 : explain UPDATE sbtest3 SET k=k+1 WHERE id=6252157
	Update on sbtest3  (cost=0.43..8.46 rows=0 width=0)
	  ->  Index Scan using sbtest3_pkey on sbtest3  (cost=0.43..8.46 rows=1 width=10)
	        Index Cond: (id = 6252157)

table 4 : explain UPDATE sbtest4 SET k=k+1 WHERE id=7053989
	Update on sbtest4  (cost=0.43..8.46 rows=0 width=0)
	  ->  Index Scan using sbtest4_pkey on sbtest4  (cost=0.43..8.46 rows=1 width=10)
	        Index Cond: (id = 7053989)

table 5 : explain UPDATE sbtest5 SET k=k+1 WHERE id=3451694
	Update on sbtest5  (cost=0.43..8.46 rows=0 width=0)
	  ->  Index Scan using sbtest5_pkey on sbtest5  (cost=0.43..8.46 rows=1 width=10)
	        Index Cond: (id = 3451694)

table 6 : explain UPDATE sbtest6 SET k=k+1 WHERE id=5827971
	Update on sbtest6  (cost=0.43..8.46 rows=0 width=0)
	  ->  Index Scan using sbtest6_pkey on sbtest6  (cost=0.43..8.46 rows=1 width=10)
	        Index Cond: (id = 5827971)

table 7 : explain UPDATE sbtest7 SET k=k+1 WHERE id=9730235
	Update on sbtest7  (cost=0.43..8.46 rows=0 width=0)
	  ->  Index Scan using sbtest7_pkey on sbtest7  (cost=0.43..8.46 rows=1 width=10)
	        Index Cond: (id = 9730235)

table 8 : explain UPDATE sbtest8 SET k=k+1 WHERE id=8461071
	Update on sbtest8  (cost=0.43..8.46 rows=0 width=0)
	  ->  Index Scan using sbtest8_pkey on sbtest8  (cost=0.43..8.46 rows=1 width=10)
	        Index Cond: (id = 8461071)

for: sum_ranges
table 1 : explain SELECT SUM(k) FROM sbtest1 WHERE id BETWEEN 560421 AND 560430
	Aggregate  (cost=39.39..39.40 rows=1 width=8)
	  ->  Index Scan using sbtest1_pkey on sbtest1  (cost=0.43..39.37 rows=10 width=4)
	        Index Cond: ((id >= 560421) AND (id <= 560430))

table 2 : explain SELECT SUM(k) FROM sbtest2 WHERE id BETWEEN 3851894 AND 3851903
	Aggregate  (cost=35.90..35.91 rows=1 width=8)
	  ->  Index Scan using sbtest2_pkey on sbtest2  (cost=0.43..35.87 rows=9 width=4)
	        Index Cond: ((id >= 3851894) AND (id <= 3851903))

table 3 : explain SELECT SUM(k) FROM sbtest3 WHERE id BETWEEN 8865200 AND 8865209
	Aggregate  (cost=35.68..35.69 rows=1 width=8)
	  ->  Index Scan using sbtest3_pkey on sbtest3  (cost=0.43..35.65 rows=9 width=4)
	        Index Cond: ((id >= 8865200) AND (id <= 8865209))

table 4 : explain SELECT SUM(k) FROM sbtest4 WHERE id BETWEEN 8357211 AND 8357220
	Aggregate  (cost=39.55..39.56 rows=1 width=8)
	  ->  Index Scan using sbtest4_pkey on sbtest4  (cost=0.43..39.52 rows=10 width=4)
	        Index Cond: ((id >= 8357211) AND (id <= 8357220))

table 5 : explain SELECT SUM(k) FROM sbtest5 WHERE id BETWEEN 3640119 AND 3640128
	Aggregate  (cost=39.34..39.35 rows=1 width=8)
	  ->  Index Scan using sbtest5_pkey on sbtest5  (cost=0.43..39.32 rows=10 width=4)
	        Index Cond: ((id >= 3640119) AND (id <= 3640128))

table 6 : explain SELECT SUM(k) FROM sbtest6 WHERE id BETWEEN 7960193 AND 7960202
	Aggregate  (cost=39.46..39.47 rows=1 width=8)
	  ->  Index Scan using sbtest6_pkey on sbtest6  (cost=0.43..39.43 rows=10 width=4)
	        Index Cond: ((id >= 7960193) AND (id <= 7960202))

table 7 : explain SELECT SUM(k) FROM sbtest7 WHERE id BETWEEN 1797319 AND 1797328
	Aggregate  (cost=39.55..39.56 rows=1 width=8)
	  ->  Index Scan using sbtest7_pkey on sbtest7  (cost=0.43..39.53 rows=10 width=4)
	        Index Cond: ((id >= 1797319) AND (id <= 1797328))

table 8 : explain SELECT SUM(k) FROM sbtest8 WHERE id BETWEEN 2567113 AND 2567122
	Aggregate  (cost=39.34..39.35 rows=1 width=8)
	  ->  Index Scan using sbtest8_pkey on sbtest8  (cost=0.43..39.31 rows=10 width=4)
	        Index Cond: ((id >= 2567113) AND (id <= 2567122))

for: sum_ranges
table 1 : explain SELECT SUM(k) FROM sbtest1 WHERE id BETWEEN 2454798 AND 2454807
	Aggregate  (cost=39.39..39.40 rows=1 width=8)
	  ->  Index Scan using sbtest1_pkey on sbtest1  (cost=0.43..39.37 rows=10 width=4)
	        Index Cond: ((id >= 2454798) AND (id <= 2454807))

table 2 : explain SELECT SUM(k) FROM sbtest2 WHERE id BETWEEN 6096622 AND 6096631
	Aggregate  (cost=39.33..39.34 rows=1 width=8)
	  ->  Index Scan using sbtest2_pkey on sbtest2  (cost=0.43..39.30 rows=10 width=4)
	        Index Cond: ((id >= 6096622) AND (id <= 6096631))

table 3 : explain SELECT SUM(k) FROM sbtest3 WHERE id BETWEEN 5125803 AND 5125812
	Aggregate  (cost=39.08..39.09 rows=1 width=8)
	  ->  Index Scan using sbtest3_pkey on sbtest3  (cost=0.43..39.05 rows=10 width=4)
	        Index Cond: ((id >= 5125803) AND (id <= 5125812))

table 4 : explain SELECT SUM(k) FROM sbtest4 WHERE id BETWEEN 3662665 AND 3662674
	Aggregate  (cost=39.55..39.56 rows=1 width=8)
	  ->  Index Scan using sbtest4_pkey on sbtest4  (cost=0.43..39.52 rows=10 width=4)
	        Index Cond: ((id >= 3662665) AND (id <= 3662674))

table 5 : explain SELECT SUM(k) FROM sbtest5 WHERE id BETWEEN 9623015 AND 9623024
	Aggregate  (cost=39.34..39.35 rows=1 width=8)
	  ->  Index Scan using sbtest5_pkey on sbtest5  (cost=0.43..39.32 rows=10 width=4)
	        Index Cond: ((id >= 9623015) AND (id <= 9623024))

table 6 : explain SELECT SUM(k) FROM sbtest6 WHERE id BETWEEN 3042504 AND 3042513
	Aggregate  (cost=39.46..39.47 rows=1 width=8)
	  ->  Index Scan using sbtest6_pkey on sbtest6  (cost=0.43..39.43 rows=10 width=4)
	        Index Cond: ((id >= 3042504) AND (id <= 3042513))

table 7 : explain SELECT SUM(k) FROM sbtest7 WHERE id BETWEEN 9908276 AND 9908285
	Aggregate  (cost=39.55..39.56 rows=1 width=8)
	  ->  Index Scan using sbtest7_pkey on sbtest7  (cost=0.43..39.53 rows=10 width=4)
	        Index Cond: ((id >= 9908276) AND (id <= 9908285))

table 8 : explain SELECT SUM(k) FROM sbtest8 WHERE id BETWEEN 1626920 AND 1626929
	Aggregate  (cost=39.34..39.35 rows=1 width=8)
	  ->  Index Scan using sbtest8_pkey on sbtest8  (cost=0.43..39.31 rows=10 width=4)
	        Index Cond: ((id >= 1626920) AND (id <= 1626929))

for inserts
table 1 : explain INSERT INTO sbtest1 (id, k, c, pad) VALUES (3109272, 13, 'foobar', 'foobar')
	Insert on sbtest1  (cost=0.00..0.01 rows=0 width=0)
	  ->  Result  (cost=0.00..0.01 rows=1 width=736)

table 2 : explain INSERT INTO sbtest2 (id, k, c, pad) VALUES (351989, 13, 'foobar', 'foobar')
	Insert on sbtest2  (cost=0.00..0.01 rows=0 width=0)
	  ->  Result  (cost=0.00..0.01 rows=1 width=736)

table 3 : explain INSERT INTO sbtest3 (id, k, c, pad) VALUES (3083954, 13, 'foobar', 'foobar')
	Insert on sbtest3  (cost=0.00..0.01 rows=0 width=0)
	  ->  Result  (cost=0.00..0.01 rows=1 width=736)

table 4 : explain INSERT INTO sbtest4 (id, k, c, pad) VALUES (2940185, 13, 'foobar', 'foobar')
	Insert on sbtest4  (cost=0.00..0.01 rows=0 width=0)
	  ->  Result  (cost=0.00..0.01 rows=1 width=736)

table 5 : explain INSERT INTO sbtest5 (id, k, c, pad) VALUES (6297547, 13, 'foobar', 'foobar')
	Insert on sbtest5  (cost=0.00..0.01 rows=0 width=0)
	  ->  Result  (cost=0.00..0.01 rows=1 width=736)

table 6 : explain INSERT INTO sbtest6 (id, k, c, pad) VALUES (3679440, 13, 'foobar', 'foobar')
	Insert on sbtest6  (cost=0.00..0.01 rows=0 width=0)
	  ->  Result  (cost=0.00..0.01 rows=1 width=736)

table 7 : explain INSERT INTO sbtest7 (id, k, c, pad) VALUES (4268632, 13, 'foobar', 'foobar')
	Insert on sbtest7  (cost=0.00..0.01 rows=0 width=0)
	  ->  Result  (cost=0.00..0.01 rows=1 width=736)

table 8 : explain INSERT INTO sbtest8 (id, k, c, pad) VALUES (7792498, 13, 'foobar', 'foobar')
	Insert on sbtest8  (cost=0.00..0.01 rows=0 width=0)
	  ->  Result  (cost=0.00..0.01 rows=1 width=736)

for: order_ranges
table 1 : explain SELECT c FROM sbtest1 WHERE id BETWEEN 5394104 AND 5394113 ORDER BY c
	Sort  (cost=39.53..39.56 rows=10 width=121)
	  Sort Key: c
	  ->  Index Scan using sbtest1_pkey on sbtest1  (cost=0.43..39.37 rows=10 width=121)
	        Index Cond: ((id >= 5394104) AND (id <= 5394113))

table 2 : explain SELECT c FROM sbtest2 WHERE id BETWEEN 4670104 AND 4670113 ORDER BY c
	Sort  (cost=39.47..39.49 rows=10 width=121)
	  Sort Key: c
	  ->  Index Scan using sbtest2_pkey on sbtest2  (cost=0.43..39.30 rows=10 width=121)
	        Index Cond: ((id >= 4670104) AND (id <= 4670113))

table 3 : explain SELECT c FROM sbtest3 WHERE id BETWEEN 7526232 AND 7526241 ORDER BY c
	Sort  (cost=42.65..42.67 rows=11 width=121)
	  Sort Key: c
	  ->  Index Scan using sbtest3_pkey on sbtest3  (cost=0.43..42.45 rows=11 width=121)
	        Index Cond: ((id >= 7526232) AND (id <= 7526241))

table 4 : explain SELECT c FROM sbtest4 WHERE id BETWEEN 9721612 AND 9721621 ORDER BY c
	Sort  (cost=36.21..36.23 rows=9 width=121)
	  Sort Key: c
	  ->  Index Scan using sbtest4_pkey on sbtest4  (cost=0.43..36.07 rows=9 width=121)
	        Index Cond: ((id >= 9721612) AND (id <= 9721621))

table 5 : explain SELECT c FROM sbtest5 WHERE id BETWEEN 176390 AND 176399 ORDER BY c
	Sort  (cost=39.49..39.51 rows=10 width=121)
	  Sort Key: c
	  ->  Index Scan using sbtest5_pkey on sbtest5  (cost=0.43..39.32 rows=10 width=121)
	        Index Cond: ((id >= 176390) AND (id <= 176399))

table 6 : explain SELECT c FROM sbtest6 WHERE id BETWEEN 3912604 AND 3912613 ORDER BY c
	Sort  (cost=36.13..36.16 rows=9 width=121)
	  Sort Key: c
	  ->  Index Scan using sbtest6_pkey on sbtest6  (cost=0.43..35.99 rows=9 width=121)
	        Index Cond: ((id >= 3912604) AND (id <= 3912613))

table 7 : explain SELECT c FROM sbtest7 WHERE id BETWEEN 6470229 AND 6470238 ORDER BY c
	Sort  (cost=36.22..36.24 rows=9 width=121)
	  Sort Key: c
	  ->  Index Scan using sbtest7_pkey on sbtest7  (cost=0.43..36.08 rows=9 width=121)
	        Index Cond: ((id >= 6470229) AND (id <= 6470238))

table 8 : explain SELECT c FROM sbtest8 WHERE id BETWEEN 8649846 AND 8649855 ORDER BY c
	Sort  (cost=39.48..39.50 rows=10 width=121)
	  Sort Key: c
	  ->  Index Scan using sbtest8_pkey on sbtest8  (cost=0.43..39.31 rows=10 width=121)
	        Index Cond: ((id >= 8649846) AND (id <= 8649855))

explain: for inserts :: explain INSERT INTO sbtest%u (id, k, c, pad) VALUES (%u, 13, 'foobar', 'foobar')
for: sum_ranges
table 1 : explain SELECT SUM(k) FROM sbtest1 WHERE id BETWEEN 4680286 AND 4680295
	Aggregate  (cost=39.39..39.40 rows=1 width=8)
	  ->  Index Scan using sbtest1_pkey on sbtest1  (cost=0.43..39.37 rows=10 width=4)
	        Index Cond: ((id >= 4680286) AND (id <= 4680295))

table 2 : explain SELECT SUM(k) FROM sbtest2 WHERE id BETWEEN 1952982 AND 1952991
	Aggregate  (cost=39.33..39.34 rows=1 width=8)
	  ->  Index Scan using sbtest2_pkey on sbtest2  (cost=0.43..39.30 rows=10 width=4)
	        Index Cond: ((id >= 1952982) AND (id <= 1952991))

table 3 : explain SELECT SUM(k) FROM sbtest3 WHERE id BETWEEN 2411513 AND 2411522
	Aggregate  (cost=35.68..35.69 rows=1 width=8)
	  ->  Index Scan using sbtest3_pkey on sbtest3  (cost=0.43..35.65 rows=9 width=4)
	        Index Cond: ((id >= 2411513) AND (id <= 2411522))

table 4 : explain SELECT SUM(k) FROM sbtest4 WHERE id BETWEEN 7798320 AND 7798329
	Aggregate  (cost=36.09..36.10 rows=1 width=8)
	  ->  Index Scan using sbtest4_pkey on sbtest4  (cost=0.43..36.07 rows=9 width=4)
	        Index Cond: ((id >= 7798320) AND (id <= 7798329))

table 5 : explain SELECT SUM(k) FROM sbtest5 WHERE id BETWEEN 4332412 AND 4332421
	Aggregate  (cost=39.34..39.35 rows=1 width=8)
	  ->  Index Scan using sbtest5_pkey on sbtest5  (cost=0.43..39.32 rows=10 width=4)
	        Index Cond: ((id >= 4332412) AND (id <= 4332421))

table 6 : explain SELECT SUM(k) FROM sbtest6 WHERE id BETWEEN 779961 AND 779970
	Aggregate  (cost=36.01..36.02 rows=1 width=8)
	  ->  Index Scan using sbtest6_pkey on sbtest6  (cost=0.43..35.99 rows=9 width=4)
	        Index Cond: ((id >= 779961) AND (id <= 779970))

table 7 : explain SELECT SUM(k) FROM sbtest7 WHERE id BETWEEN 9168811 AND 9168820
	Aggregate  (cost=39.55..39.56 rows=1 width=8)
	  ->  Index Scan using sbtest7_pkey on sbtest7  (cost=0.43..39.53 rows=10 width=4)
	        Index Cond: ((id >= 9168811) AND (id <= 9168820))

table 8 : explain SELECT SUM(k) FROM sbtest8 WHERE id BETWEEN 1240967 AND 1240976
	Aggregate  (cost=39.34..39.35 rows=1 width=8)
	  ->  Index Scan using sbtest8_pkey on sbtest8  (cost=0.43..39.31 rows=10 width=4)
	        Index Cond: ((id >= 1240967) AND (id <= 1240976))

explain: for non_index_updates :: explain UPDATE sbtest%u SET c='foobar' WHERE id=%u
for: distinct_ranges
table 1 : explain SELECT DISTINCT c FROM sbtest1 WHERE id BETWEEN 107453 AND 107462 ORDER BY c
	Unique  (cost=39.53..39.58 rows=10 width=121)
	  ->  Sort  (cost=39.53..39.56 rows=10 width=121)
	        Sort Key: c
	        ->  Index Scan using sbtest1_pkey on sbtest1  (cost=0.43..39.37 rows=10 width=121)
	              Index Cond: ((id >= 107453) AND (id <= 107462))

table 2 : explain SELECT DISTINCT c FROM sbtest2 WHERE id BETWEEN 1309416 AND 1309425 ORDER BY c
	Unique  (cost=39.47..39.52 rows=10 width=121)
	  ->  Sort  (cost=39.47..39.49 rows=10 width=121)
	        Sort Key: c
	        ->  Index Scan using sbtest2_pkey on sbtest2  (cost=0.43..39.30 rows=10 width=121)
	              Index Cond: ((id >= 1309416) AND (id <= 1309425))

table 3 : explain SELECT DISTINCT c FROM sbtest3 WHERE id BETWEEN 3454378 AND 3454387 ORDER BY c
	Unique  (cost=39.22..39.27 rows=10 width=121)
	  ->  Sort  (cost=39.22..39.25 rows=10 width=121)
	        Sort Key: c
	        ->  Index Scan using sbtest3_pkey on sbtest3  (cost=0.43..39.05 rows=10 width=121)
	              Index Cond: ((id >= 3454378) AND (id <= 3454387))

table 4 : explain SELECT DISTINCT c FROM sbtest4 WHERE id BETWEEN 5951360 AND 5951369 ORDER BY c
	Unique  (cost=39.69..39.74 rows=10 width=121)
	  ->  Sort  (cost=39.69..39.71 rows=10 width=121)
	        Sort Key: c
	        ->  Index Scan using sbtest4_pkey on sbtest4  (cost=0.43..39.52 rows=10 width=121)
	              Index Cond: ((id >= 5951360) AND (id <= 5951369))

table 5 : explain SELECT DISTINCT c FROM sbtest5 WHERE id BETWEEN 6407858 AND 6407867 ORDER BY c
	Unique  (cost=42.94..42.99 rows=11 width=121)
	  ->  Sort  (cost=42.94..42.97 rows=11 width=121)
	        Sort Key: c
	        ->  Index Scan using sbtest5_pkey on sbtest5  (cost=0.43..42.75 rows=11 width=121)
	              Index Cond: ((id >= 6407858) AND (id <= 6407867))

table 6 : explain SELECT DISTINCT c FROM sbtest6 WHERE id BETWEEN 6957573 AND 6957582 ORDER BY c
	Unique  (cost=43.07..43.12 rows=11 width=121)
	  ->  Sort  (cost=43.07..43.09 rows=11 width=121)
	        Sort Key: c
	        ->  Index Scan using sbtest6_pkey on sbtest6  (cost=0.43..42.88 rows=11 width=121)
	              Index Cond: ((id >= 6957573) AND (id <= 6957582))

table 7 : explain SELECT DISTINCT c FROM sbtest7 WHERE id BETWEEN 9725457 AND 9725466 ORDER BY c
	Unique  (cost=39.70..39.75 rows=10 width=121)
	  ->  Sort  (cost=39.70..39.72 rows=10 width=121)
	        Sort Key: c
	        ->  Index Scan using sbtest7_pkey on sbtest7  (cost=0.43..39.53 rows=10 width=121)
	              Index Cond: ((id >= 9725457) AND (id <= 9725466))

table 8 : explain SELECT DISTINCT c FROM sbtest8 WHERE id BETWEEN 2032217 AND 2032226 ORDER BY c
	Unique  (cost=39.48..39.53 rows=10 width=121)
	  ->  Sort  (cost=39.48..39.50 rows=10 width=121)
	        Sort Key: c
	        ->  Index Scan using sbtest8_pkey on sbtest8  (cost=0.43..39.31 rows=10 width=121)
	              Index Cond: ((id >= 2032217) AND (id <= 2032226))

for: distinct_ranges
table 1 : explain SELECT DISTINCT c FROM sbtest1 WHERE id BETWEEN 5671481 AND 5671490 ORDER BY c
	Unique  (cost=39.53..39.58 rows=10 width=121)
	  ->  Sort  (cost=39.53..39.56 rows=10 width=121)
	        Sort Key: c
	        ->  Index Scan using sbtest1_pkey on sbtest1  (cost=0.43..39.37 rows=10 width=121)
	              Index Cond: ((id >= 5671481) AND (id <= 5671490))

table 2 : explain SELECT DISTINCT c FROM sbtest2 WHERE id BETWEEN 5352563 AND 5352572 ORDER BY c
	Unique  (cost=39.47..39.52 rows=10 width=121)
	  ->  Sort  (cost=39.47..39.49 rows=10 width=121)
	        Sort Key: c
	        ->  Index Scan using sbtest2_pkey on sbtest2  (cost=0.43..39.30 rows=10 width=121)
	              Index Cond: ((id >= 5352563) AND (id <= 5352572))

table 3 : explain SELECT DISTINCT c FROM sbtest3 WHERE id BETWEEN 2523219 AND 2523228 ORDER BY c
	Unique  (cost=42.65..42.70 rows=11 width=121)
	  ->  Sort  (cost=42.65..42.67 rows=11 width=121)
	        Sort Key: c
	        ->  Index Scan using sbtest3_pkey on sbtest3  (cost=0.43..42.45 rows=11 width=121)
	              Index Cond: ((id >= 2523219) AND (id <= 2523228))

table 4 : explain SELECT DISTINCT c FROM sbtest4 WHERE id BETWEEN 1340992 AND 1341001 ORDER BY c
	Unique  (cost=43.16..43.22 rows=11 width=121)
	  ->  Sort  (cost=43.16..43.19 rows=11 width=121)
	        Sort Key: c
	        ->  Index Scan using sbtest4_pkey on sbtest4  (cost=0.43..42.97 rows=11 width=121)
	              Index Cond: ((id >= 1340992) AND (id <= 1341001))

table 5 : explain SELECT DISTINCT c FROM sbtest5 WHERE id BETWEEN 6831519 AND 6831528 ORDER BY c
	Unique  (cost=39.49..39.54 rows=10 width=121)
	  ->  Sort  (cost=39.49..39.51 rows=10 width=121)
	        Sort Key: c
	        ->  Index Scan using sbtest5_pkey on sbtest5  (cost=0.43..39.32 rows=10 width=121)
	              Index Cond: ((id >= 6831519) AND (id <= 6831528))

table 6 : explain SELECT DISTINCT c FROM sbtest6 WHERE id BETWEEN 527227 AND 527236 ORDER BY c
	Unique  (cost=43.07..43.12 rows=11 width=121)
	  ->  Sort  (cost=43.07..43.09 rows=11 width=121)
	        Sort Key: c
	        ->  Index Scan using sbtest6_pkey on sbtest6  (cost=0.43..42.88 rows=11 width=121)
	              Index Cond: ((id >= 527227) AND (id <= 527236))

table 7 : explain SELECT DISTINCT c FROM sbtest7 WHERE id BETWEEN 8861541 AND 8861550 ORDER BY c
	Unique  (cost=43.17..43.23 rows=11 width=121)
	  ->  Sort  (cost=43.17..43.20 rows=11 width=121)
	        Sort Key: c
	        ->  Index Scan using sbtest7_pkey on sbtest7  (cost=0.43..42.98 rows=11 width=121)
	              Index Cond: ((id >= 8861541) AND (id <= 8861550))

table 8 : explain SELECT DISTINCT c FROM sbtest8 WHERE id BETWEEN 7005170 AND 7005179 ORDER BY c
	Unique  (cost=39.48..39.53 rows=10 width=121)
	  ->  Sort  (cost=39.48..39.50 rows=10 width=121)
	        Sort Key: c
	        ->  Index Scan using sbtest8_pkey on sbtest8  (cost=0.43..39.31 rows=10 width=121)
	              Index Cond: ((id >= 7005170) AND (id <= 7005179))

for: distinct_ranges
table 1 : explain SELECT DISTINCT c FROM sbtest1 WHERE id BETWEEN 2889633 AND 2889642 ORDER BY c
	Unique  (cost=39.53..39.58 rows=10 width=121)
	  ->  Sort  (cost=39.53..39.56 rows=10 width=121)
	        Sort Key: c
	        ->  Index Scan using sbtest1_pkey on sbtest1  (cost=0.43..39.37 rows=10 width=121)
	              Index Cond: ((id >= 2889633) AND (id <= 2889642))

table 2 : explain SELECT DISTINCT c FROM sbtest2 WHERE id BETWEEN 9894966 AND 9894975 ORDER BY c
	Unique  (cost=39.47..39.52 rows=10 width=121)
	  ->  Sort  (cost=39.47..39.49 rows=10 width=121)
	        Sort Key: c
	        ->  Index Scan using sbtest2_pkey on sbtest2  (cost=0.43..39.30 rows=10 width=121)
	              Index Cond: ((id >= 9894966) AND (id <= 9894975))

table 3 : explain SELECT DISTINCT c FROM sbtest3 WHERE id BETWEEN 5874397 AND 5874406 ORDER BY c
	Unique  (cost=42.65..42.70 rows=11 width=121)
	  ->  Sort  (cost=42.65..42.67 rows=11 width=121)
	        Sort Key: c
	        ->  Index Scan using sbtest3_pkey on sbtest3  (cost=0.43..42.45 rows=11 width=121)
	              Index Cond: ((id >= 5874397) AND (id <= 5874406))

table 4 : explain SELECT DISTINCT c FROM sbtest4 WHERE id BETWEEN 4781262 AND 4781271 ORDER BY c
	Unique  (cost=39.69..39.74 rows=10 width=121)
	  ->  Sort  (cost=39.69..39.71 rows=10 width=121)
	        Sort Key: c
	        ->  Index Scan using sbtest4_pkey on sbtest4  (cost=0.43..39.52 rows=10 width=121)
	              Index Cond: ((id >= 4781262) AND (id <= 4781271))

table 5 : explain SELECT DISTINCT c FROM sbtest5 WHERE id BETWEEN 6801179 AND 6801188 ORDER BY c
	Unique  (cost=39.49..39.54 rows=10 width=121)
	  ->  Sort  (cost=39.49..39.51 rows=10 width=121)
	        Sort Key: c
	        ->  Index Scan using sbtest5_pkey on sbtest5  (cost=0.43..39.32 rows=10 width=121)
	              Index Cond: ((id >= 6801179) AND (id <= 6801188))

table 6 : explain SELECT DISTINCT c FROM sbtest6 WHERE id BETWEEN 7783037 AND 7783046 ORDER BY c
	Unique  (cost=43.07..43.12 rows=11 width=121)
	  ->  Sort  (cost=43.07..43.09 rows=11 width=121)
	        Sort Key: c
	        ->  Index Scan using sbtest6_pkey on sbtest6  (cost=0.43..42.88 rows=11 width=121)
	              Index Cond: ((id >= 7783037) AND (id <= 7783046))

table 7 : explain SELECT DISTINCT c FROM sbtest7 WHERE id BETWEEN 764941 AND 764950 ORDER BY c
	Unique  (cost=39.70..39.75 rows=10 width=121)
	  ->  Sort  (cost=39.70..39.72 rows=10 width=121)
	        Sort Key: c
	        ->  Index Scan using sbtest7_pkey on sbtest7  (cost=0.43..39.53 rows=10 width=121)
	              Index Cond: ((id >= 764941) AND (id <= 764950))

table 8 : explain SELECT DISTINCT c FROM sbtest8 WHERE id BETWEEN 2090716 AND 2090725 ORDER BY c
	Unique  (cost=36.02..36.07 rows=9 width=121)
	  ->  Sort  (cost=36.02..36.05 rows=9 width=121)
	        Sort Key: c
	        ->  Index Scan using sbtest8_pkey on sbtest8  (cost=0.43..35.88 rows=9 width=121)
	              Index Cond: ((id >= 2090716) AND (id <= 2090725))

for point_selects
table 1 : explain SELECT c FROM sbtest1 WHERE id=737945
	Index Scan using sbtest1_pkey on sbtest1  (cost=0.43..8.45 rows=1 width=121)
	  Index Cond: (id = 737945)

table 2 : explain SELECT c FROM sbtest2 WHERE id=3660600
	Index Scan using sbtest2_pkey on sbtest2  (cost=0.43..8.45 rows=1 width=121)
	  Index Cond: (id = 3660600)

table 3 : explain SELECT c FROM sbtest3 WHERE id=7297525
	Index Scan using sbtest3_pkey on sbtest3  (cost=0.43..8.45 rows=1 width=121)
	  Index Cond: (id = 7297525)

table 4 : explain SELECT c FROM sbtest4 WHERE id=9539534
	Index Scan using sbtest4_pkey on sbtest4  (cost=0.43..8.45 rows=1 width=121)
	  Index Cond: (id = 9539534)

table 5 : explain SELECT c FROM sbtest5 WHERE id=4290338
	Index Scan using sbtest5_pkey on sbtest5  (cost=0.43..8.45 rows=1 width=121)
	  Index Cond: (id = 4290338)

table 6 : explain SELECT c FROM sbtest6 WHERE id=1931179
	Index Scan using sbtest6_pkey on sbtest6  (cost=0.43..8.45 rows=1 width=121)
	  Index Cond: (id = 1931179)

table 7 : explain SELECT c FROM sbtest7 WHERE id=3221883
	Index Scan using sbtest7_pkey on sbtest7  (cost=0.43..8.45 rows=1 width=121)
	  Index Cond: (id = 3221883)

table 8 : explain SELECT c FROM sbtest8 WHERE id=3669749
	Index Scan using sbtest8_pkey on sbtest8  (cost=0.43..8.45 rows=1 width=121)
	  Index Cond: (id = 3669749)

for inserts
table 1 : explain INSERT INTO sbtest1 (id, k, c, pad) VALUES (6504705, 13, 'foobar', 'foobar')
	Insert on sbtest1  (cost=0.00..0.01 rows=0 width=0)
	  ->  Result  (cost=0.00..0.01 rows=1 width=736)

table 2 : explain INSERT INTO sbtest2 (id, k, c, pad) VALUES (8570677, 13, 'foobar', 'foobar')
	Insert on sbtest2  (cost=0.00..0.01 rows=0 width=0)
	  ->  Result  (cost=0.00..0.01 rows=1 width=736)

table 3 : explain INSERT INTO sbtest3 (id, k, c, pad) VALUES (1886551, 13, 'foobar', 'foobar')
	Insert on sbtest3  (cost=0.00..0.01 rows=0 width=0)
	  ->  Result  (cost=0.00..0.01 rows=1 width=736)

table 4 : explain INSERT INTO sbtest4 (id, k, c, pad) VALUES (8596832, 13, 'foobar', 'foobar')
	Insert on sbtest4  (cost=0.00..0.01 rows=0 width=0)
	  ->  Result  (cost=0.00..0.01 rows=1 width=736)

table 5 : explain INSERT INTO sbtest5 (id, k, c, pad) VALUES (5235959, 13, 'foobar', 'foobar')
	Insert on sbtest5  (cost=0.00..0.01 rows=0 width=0)
	  ->  Result  (cost=0.00..0.01 rows=1 width=736)

table 6 : explain INSERT INTO sbtest6 (id, k, c, pad) VALUES (5924298, 13, 'foobar', 'foobar')
	Insert on sbtest6  (cost=0.00..0.01 rows=0 width=0)
	  ->  Result  (cost=0.00..0.01 rows=1 width=736)

table 7 : explain INSERT INTO sbtest7 (id, k, c, pad) VALUES (204174, 13, 'foobar', 'foobar')
	Insert on sbtest7  (cost=0.00..0.01 rows=0 width=0)
	  ->  Result  (cost=0.00..0.01 rows=1 width=736)

table 8 : explain INSERT INTO sbtest8 (id, k, c, pad) VALUES (991034, 13, 'foobar', 'foobar')
	Insert on sbtest8  (cost=0.00..0.01 rows=0 width=0)
	  ->  Result  (cost=0.00..0.01 rows=1 width=736)

explain: for index_updates :: explain UPDATE sbtest%u SET k=k+1 WHERE id=%u
for: sum_ranges
table 1 : explain SELECT SUM(k) FROM sbtest1 WHERE id BETWEEN 7498792 AND 7498801
	Aggregate  (cost=39.39..39.40 rows=1 width=8)
	  ->  Index Scan using sbtest1_pkey on sbtest1  (cost=0.43..39.37 rows=10 width=4)
	        Index Cond: ((id >= 7498792) AND (id <= 7498801))

table 2 : explain SELECT SUM(k) FROM sbtest2 WHERE id BETWEEN 6728227 AND 6728236
	Aggregate  (cost=39.33..39.34 rows=1 width=8)
	  ->  Index Scan using sbtest2_pkey on sbtest2  (cost=0.43..39.30 rows=10 width=4)
	        Index Cond: ((id >= 6728227) AND (id <= 6728236))

table 3 : explain SELECT SUM(k) FROM sbtest3 WHERE id BETWEEN 9166381 AND 9166390
	Aggregate  (cost=42.48..42.49 rows=1 width=8)
	  ->  Index Scan using sbtest3_pkey on sbtest3  (cost=0.43..42.45 rows=11 width=4)
	        Index Cond: ((id >= 9166381) AND (id <= 9166390))

table 4 : explain SELECT SUM(k) FROM sbtest4 WHERE id BETWEEN 9687478 AND 9687487
	Aggregate  (cost=36.09..36.10 rows=1 width=8)
	  ->  Index Scan using sbtest4_pkey on sbtest4  (cost=0.43..36.07 rows=9 width=4)
	        Index Cond: ((id >= 9687478) AND (id <= 9687487))

table 5 : explain SELECT SUM(k) FROM sbtest5 WHERE id BETWEEN 2337154 AND 2337163
	Aggregate  (cost=42.78..42.79 rows=1 width=8)
	  ->  Index Scan using sbtest5_pkey on sbtest5  (cost=0.43..42.75 rows=11 width=4)
	        Index Cond: ((id >= 2337154) AND (id <= 2337163))

table 6 : explain SELECT SUM(k) FROM sbtest6 WHERE id BETWEEN 1477758 AND 1477767
	Aggregate  (cost=39.46..39.47 rows=1 width=8)
	  ->  Index Scan using sbtest6_pkey on sbtest6  (cost=0.43..39.43 rows=10 width=4)
	        Index Cond: ((id >= 1477758) AND (id <= 1477767))

table 7 : explain SELECT SUM(k) FROM sbtest7 WHERE id BETWEEN 5922054 AND 5922063
	Aggregate  (cost=39.55..39.56 rows=1 width=8)
	  ->  Index Scan using sbtest7_pkey on sbtest7  (cost=0.43..39.53 rows=10 width=4)
	        Index Cond: ((id >= 5922054) AND (id <= 5922063))

table 8 : explain SELECT SUM(k) FROM sbtest8 WHERE id BETWEEN 8235222 AND 8235231
	Aggregate  (cost=39.34..39.35 rows=1 width=8)
	  ->  Index Scan using sbtest8_pkey on sbtest8  (cost=0.43..39.31 rows=10 width=4)
	        Index Cond: ((id >= 8235222) AND (id <= 8235231))

explain: for index_updates :: explain UPDATE sbtest%u SET k=k+1 WHERE id=%u
for: sum_ranges
table 1 : explain SELECT SUM(k) FROM sbtest1 WHERE id BETWEEN 2142389 AND 2142398
	Aggregate  (cost=39.39..39.40 rows=1 width=8)
	  ->  Index Scan using sbtest1_pkey on sbtest1  (cost=0.43..39.37 rows=10 width=4)
	        Index Cond: ((id >= 2142389) AND (id <= 2142398))

table 2 : explain SELECT SUM(k) FROM sbtest2 WHERE id BETWEEN 6010609 AND 6010618
	Aggregate  (cost=42.76..42.77 rows=1 width=8)
	  ->  Index Scan using sbtest2_pkey on sbtest2  (cost=0.43..42.73 rows=11 width=4)
	        Index Cond: ((id >= 6010609) AND (id <= 6010618))

table 3 : explain SELECT SUM(k) FROM sbtest3 WHERE id BETWEEN 1343746 AND 1343755
	Aggregate  (cost=39.08..39.09 rows=1 width=8)
	  ->  Index Scan using sbtest3_pkey on sbtest3  (cost=0.43..39.05 rows=10 width=4)
	        Index Cond: ((id >= 1343746) AND (id <= 1343755))

table 4 : explain SELECT SUM(k) FROM sbtest4 WHERE id BETWEEN 7136895 AND 7136904
	Aggregate  (cost=43.00..43.01 rows=1 width=8)
	  ->  Index Scan using sbtest4_pkey on sbtest4  (cost=0.43..42.97 rows=11 width=4)
	        Index Cond: ((id >= 7136895) AND (id <= 7136904))

table 5 : explain SELECT SUM(k) FROM sbtest5 WHERE id BETWEEN 4902723 AND 4902732
	Aggregate  (cost=35.91..35.92 rows=1 width=8)
	  ->  Index Scan using sbtest5_pkey on sbtest5  (cost=0.43..35.89 rows=9 width=4)
	        Index Cond: ((id >= 4902723) AND (id <= 4902732))

table 6 : explain SELECT SUM(k) FROM sbtest6 WHERE id BETWEEN 6038092 AND 6038101
	Aggregate  (cost=39.46..39.47 rows=1 width=8)
	  ->  Index Scan using sbtest6_pkey on sbtest6  (cost=0.43..39.43 rows=10 width=4)
	        Index Cond: ((id >= 6038092) AND (id <= 6038101))

table 7 : explain SELECT SUM(k) FROM sbtest7 WHERE id BETWEEN 1796962 AND 1796971
	Aggregate  (cost=39.55..39.56 rows=1 width=8)
	  ->  Index Scan using sbtest7_pkey on sbtest7  (cost=0.43..39.53 rows=10 width=4)
	        Index Cond: ((id >= 1796962) AND (id <= 1796971))

table 8 : explain SELECT SUM(k) FROM sbtest8 WHERE id BETWEEN 1357017 AND 1357026
	Aggregate  (cost=42.77..42.78 rows=1 width=8)
	  ->  Index Scan using sbtest8_pkey on sbtest8  (cost=0.43..42.74 rows=11 width=4)
	        Index Cond: ((id >= 1357017) AND (id <= 1357026))

explain: for index_updates :: explain UPDATE sbtest%u SET k=k+1 WHERE id=%u
for: order_ranges
table 1 : explain SELECT c FROM sbtest1 WHERE id BETWEEN 695925 AND 695934 ORDER BY c
	Sort  (cost=39.53..39.56 rows=10 width=121)
	  Sort Key: c
	  ->  Index Scan using sbtest1_pkey on sbtest1  (cost=0.43..39.37 rows=10 width=121)
	        Index Cond: ((id >= 695925) AND (id <= 695934))

table 2 : explain SELECT c FROM sbtest2 WHERE id BETWEEN 3484652 AND 3484661 ORDER BY c
	Sort  (cost=39.47..39.49 rows=10 width=121)
	  Sort Key: c
	  ->  Index Scan using sbtest2_pkey on sbtest2  (cost=0.43..39.30 rows=10 width=121)
	        Index Cond: ((id >= 3484652) AND (id <= 3484661))

table 3 : explain SELECT c FROM sbtest3 WHERE id BETWEEN 5658481 AND 5658490 ORDER BY c
	Sort  (cost=39.22..39.25 rows=10 width=121)
	  Sort Key: c
	  ->  Index Scan using sbtest3_pkey on sbtest3  (cost=0.43..39.05 rows=10 width=121)
	        Index Cond: ((id >= 5658481) AND (id <= 5658490))

table 4 : explain SELECT c FROM sbtest4 WHERE id BETWEEN 4191929 AND 4191938 ORDER BY c
	Sort  (cost=36.21..36.23 rows=9 width=121)
	  Sort Key: c
	  ->  Index Scan using sbtest4_pkey on sbtest4  (cost=0.43..36.07 rows=9 width=121)
	        Index Cond: ((id >= 4191929) AND (id <= 4191938))

table 5 : explain SELECT c FROM sbtest5 WHERE id BETWEEN 9312805 AND 9312814 ORDER BY c
	Sort  (cost=39.49..39.51 rows=10 width=121)
	  Sort Key: c
	  ->  Index Scan using sbtest5_pkey on sbtest5  (cost=0.43..39.32 rows=10 width=121)
	        Index Cond: ((id >= 9312805) AND (id <= 9312814))

table 6 : explain SELECT c FROM sbtest6 WHERE id BETWEEN 2242650 AND 2242659 ORDER BY c
	Sort  (cost=39.60..39.62 rows=10 width=121)
	  Sort Key: c
	  ->  Index Scan using sbtest6_pkey on sbtest6  (cost=0.43..39.43 rows=10 width=121)
	        Index Cond: ((id >= 2242650) AND (id <= 2242659))

table 7 : explain SELECT c FROM sbtest7 WHERE id BETWEEN 8996063 AND 8996072 ORDER BY c
	Sort  (cost=36.22..36.24 rows=9 width=121)
	  Sort Key: c
	  ->  Index Scan using sbtest7_pkey on sbtest7  (cost=0.43..36.08 rows=9 width=121)
	        Index Cond: ((id >= 8996063) AND (id <= 8996072))

table 8 : explain SELECT c FROM sbtest8 WHERE id BETWEEN 2270382 AND 2270391 ORDER BY c
	Sort  (cost=39.48..39.50 rows=10 width=121)
	  Sort Key: c
	  ->  Index Scan using sbtest8_pkey on sbtest8  (cost=0.43..39.31 rows=10 width=121)
	        Index Cond: ((id >= 2270382) AND (id <= 2270391))

for: distinct_ranges
table 1 : explain SELECT DISTINCT c FROM sbtest1 WHERE id BETWEEN 5873919 AND 5873928 ORDER BY c
	Unique  (cost=36.07..36.12 rows=9 width=121)
	  ->  Sort  (cost=36.07..36.10 rows=9 width=121)
	        Sort Key: c
	        ->  Index Scan using sbtest1_pkey on sbtest1  (cost=0.43..35.93 rows=9 width=121)
	              Index Cond: ((id >= 5873919) AND (id <= 5873928))

table 2 : explain SELECT DISTINCT c FROM sbtest2 WHERE id BETWEEN 1142128 AND 1142137 ORDER BY c
	Unique  (cost=39.47..39.52 rows=10 width=121)
	  ->  Sort  (cost=39.47..39.49 rows=10 width=121)
	        Sort Key: c
	        ->  Index Scan using sbtest2_pkey on sbtest2  (cost=0.43..39.30 rows=10 width=121)
	              Index Cond: ((id >= 1142128) AND (id <= 1142137))

table 3 : explain SELECT DISTINCT c FROM sbtest3 WHERE id BETWEEN 4544418 AND 4544427 ORDER BY c
	Unique  (cost=39.22..39.27 rows=10 width=121)
	  ->  Sort  (cost=39.22..39.25 rows=10 width=121)
	        Sort Key: c
	        ->  Index Scan using sbtest3_pkey on sbtest3  (cost=0.43..39.05 rows=10 width=121)
	              Index Cond: ((id >= 4544418) AND (id <= 4544427))

table 4 : explain SELECT DISTINCT c FROM sbtest4 WHERE id BETWEEN 2107392 AND 2107401 ORDER BY c
	Unique  (cost=36.21..36.26 rows=9 width=121)
	  ->  Sort  (cost=36.21..36.23 rows=9 width=121)
	        Sort Key: c
	        ->  Index Scan using sbtest4_pkey on sbtest4  (cost=0.43..36.07 rows=9 width=121)
	              Index Cond: ((id >= 2107392) AND (id <= 2107401))

table 5 : explain SELECT DISTINCT c FROM sbtest5 WHERE id BETWEEN 425285 AND 425294 ORDER BY c
	Unique  (cost=36.03..36.08 rows=9 width=121)
	  ->  Sort  (cost=36.03..36.06 rows=9 width=121)
	        Sort Key: c
	        ->  Index Scan using sbtest5_pkey on sbtest5  (cost=0.43..35.89 rows=9 width=121)
	              Index Cond: ((id >= 425285) AND (id <= 425294))

table 6 : explain SELECT DISTINCT c FROM sbtest6 WHERE id BETWEEN 133815 AND 133824 ORDER BY c
	Unique  (cost=43.07..43.12 rows=11 width=121)
	  ->  Sort  (cost=43.07..43.09 rows=11 width=121)
	        Sort Key: c
	        ->  Index Scan using sbtest6_pkey on sbtest6  (cost=0.43..42.88 rows=11 width=121)
	              Index Cond: ((id >= 133815) AND (id <= 133824))

table 7 : explain SELECT DISTINCT c FROM sbtest7 WHERE id BETWEEN 6906522 AND 6906531 ORDER BY c
	Unique  (cost=39.70..39.75 rows=10 width=121)
	  ->  Sort  (cost=39.70..39.72 rows=10 width=121)
	        Sort Key: c
	        ->  Index Scan using sbtest7_pkey on sbtest7  (cost=0.43..39.53 rows=10 width=121)
	              Index Cond: ((id >= 6906522) AND (id <= 6906531))

table 8 : explain SELECT DISTINCT c FROM sbtest8 WHERE id BETWEEN 1771016 AND 1771025 ORDER BY c
	Unique  (cost=39.48..39.53 rows=10 width=121)
	  ->  Sort  (cost=39.48..39.50 rows=10 width=121)
	        Sort Key: c
	        ->  Index Scan using sbtest8_pkey on sbtest8  (cost=0.43..39.31 rows=10 width=121)
	              Index Cond: ((id >= 1771016) AND (id <= 1771025))

for non_index_updates
table 1 : explain UPDATE sbtest1 SET c='foobar' WHERE id=9719925
	Update on sbtest1  (cost=0.43..8.45 rows=0 width=0)
	  ->  Index Scan using sbtest1_pkey on sbtest1  (cost=0.43..8.45 rows=1 width=490)
	        Index Cond: (id = 9719925)

table 2 : explain UPDATE sbtest2 SET c='foobar' WHERE id=24210
	Update on sbtest2  (cost=0.43..8.45 rows=0 width=0)
	  ->  Index Scan using sbtest2_pkey on sbtest2  (cost=0.43..8.45 rows=1 width=490)
	        Index Cond: (id = 24210)

table 3 : explain UPDATE sbtest3 SET c='foobar' WHERE id=2319434
	Update on sbtest3  (cost=0.43..8.45 rows=0 width=0)
	  ->  Index Scan using sbtest3_pkey on sbtest3  (cost=0.43..8.45 rows=1 width=490)
	        Index Cond: (id = 2319434)

table 4 : explain UPDATE sbtest4 SET c='foobar' WHERE id=5982866
	Update on sbtest4  (cost=0.43..8.45 rows=0 width=0)
	  ->  Index Scan using sbtest4_pkey on sbtest4  (cost=0.43..8.45 rows=1 width=490)
	        Index Cond: (id = 5982866)

table 5 : explain UPDATE sbtest5 SET c='foobar' WHERE id=1821833
	Update on sbtest5  (cost=0.43..8.45 rows=0 width=0)
	  ->  Index Scan using sbtest5_pkey on sbtest5  (cost=0.43..8.45 rows=1 width=490)
	        Index Cond: (id = 1821833)

table 6 : explain UPDATE sbtest6 SET c='foobar' WHERE id=9390310
	Update on sbtest6  (cost=0.43..8.45 rows=0 width=0)
	  ->  Index Scan using sbtest6_pkey on sbtest6  (cost=0.43..8.45 rows=1 width=490)
	        Index Cond: (id = 9390310)

table 7 : explain UPDATE sbtest7 SET c='foobar' WHERE id=9883144
	Update on sbtest7  (cost=0.43..8.45 rows=0 width=0)
	  ->  Index Scan using sbtest7_pkey on sbtest7  (cost=0.43..8.45 rows=1 width=490)
	        Index Cond: (id = 9883144)

table 8 : explain UPDATE sbtest8 SET c='foobar' WHERE id=2008591
	Update on sbtest8  (cost=0.43..8.45 rows=0 width=0)
	  ->  Index Scan using sbtest8_pkey on sbtest8  (cost=0.43..8.45 rows=1 width=490)
	        Index Cond: (id = 2008591)

for: order_ranges
table 1 : explain SELECT c FROM sbtest1 WHERE id BETWEEN 2128542 AND 2128551 ORDER BY c
	Sort  (cost=39.53..39.56 rows=10 width=121)
	  Sort Key: c
	  ->  Index Scan using sbtest1_pkey on sbtest1  (cost=0.43..39.37 rows=10 width=121)
	        Index Cond: ((id >= 2128542) AND (id <= 2128551))

table 2 : explain SELECT c FROM sbtest2 WHERE id BETWEEN 3114659 AND 3114668 ORDER BY c
	Sort  (cost=39.47..39.49 rows=10 width=121)
	  Sort Key: c
	  ->  Index Scan using sbtest2_pkey on sbtest2  (cost=0.43..39.30 rows=10 width=121)
	        Index Cond: ((id >= 3114659) AND (id <= 3114668))

table 3 : explain SELECT c FROM sbtest3 WHERE id BETWEEN 831283 AND 831292 ORDER BY c
	Sort  (cost=39.22..39.25 rows=10 width=121)
	  Sort Key: c
	  ->  Index Scan using sbtest3_pkey on sbtest3  (cost=0.43..39.05 rows=10 width=121)
	        Index Cond: ((id >= 831283) AND (id <= 831292))

table 4 : explain SELECT c FROM sbtest4 WHERE id BETWEEN 6228121 AND 6228130 ORDER BY c
	Sort  (cost=39.69..39.71 rows=10 width=121)
	  Sort Key: c
	  ->  Index Scan using sbtest4_pkey on sbtest4  (cost=0.43..39.52 rows=10 width=121)
	        Index Cond: ((id >= 6228121) AND (id <= 6228130))

table 5 : explain SELECT c FROM sbtest5 WHERE id BETWEEN 7429383 AND 7429392 ORDER BY c
	Sort  (cost=42.94..42.97 rows=11 width=121)
	  Sort Key: c
	  ->  Index Scan using sbtest5_pkey on sbtest5  (cost=0.43..42.75 rows=11 width=121)
	        Index Cond: ((id >= 7429383) AND (id <= 7429392))

table 6 : explain SELECT c FROM sbtest6 WHERE id BETWEEN 2429112 AND 2429121 ORDER BY c
	Sort  (cost=36.13..36.16 rows=9 width=121)
	  Sort Key: c
	  ->  Index Scan using sbtest6_pkey on sbtest6  (cost=0.43..35.99 rows=9 width=121)
	        Index Cond: ((id >= 2429112) AND (id <= 2429121))

table 7 : explain SELECT c FROM sbtest7 WHERE id BETWEEN 8852925 AND 8852934 ORDER BY c
	Sort  (cost=43.17..43.20 rows=11 width=121)
	  Sort Key: c
	  ->  Index Scan using sbtest7_pkey on sbtest7  (cost=0.43..42.98 rows=11 width=121)
	        Index Cond: ((id >= 8852925) AND (id <= 8852934))

table 8 : explain SELECT c FROM sbtest8 WHERE id BETWEEN 7668184 AND 7668193 ORDER BY c
	Sort  (cost=36.02..36.05 rows=9 width=121)
	  Sort Key: c
	  ->  Index Scan using sbtest8_pkey on sbtest8  (cost=0.43..35.88 rows=9 width=121)
	        Index Cond: ((id >= 7668184) AND (id <= 7668193))

explain: for deletes :: explain DELETE FROM sbtest%u WHERE id=%u
for index_updates
table 1 : explain UPDATE sbtest1 SET k=k+1 WHERE id=638239
	Update on sbtest1  (cost=0.43..8.46 rows=0 width=0)
	  ->  Index Scan using sbtest1_pkey on sbtest1  (cost=0.43..8.46 rows=1 width=10)
	        Index Cond: (id = 638239)

table 2 : explain UPDATE sbtest2 SET k=k+1 WHERE id=927949
	Update on sbtest2  (cost=0.43..8.46 rows=0 width=0)
	  ->  Index Scan using sbtest2_pkey on sbtest2  (cost=0.43..8.46 rows=1 width=10)
	        Index Cond: (id = 927949)

table 3 : explain UPDATE sbtest3 SET k=k+1 WHERE id=2066380
	Update on sbtest3  (cost=0.43..8.46 rows=0 width=0)
	  ->  Index Scan using sbtest3_pkey on sbtest3  (cost=0.43..8.46 rows=1 width=10)
	        Index Cond: (id = 2066380)

table 4 : explain UPDATE sbtest4 SET k=k+1 WHERE id=7549858
	Update on sbtest4  (cost=0.43..8.46 rows=0 width=0)
	  ->  Index Scan using sbtest4_pkey on sbtest4  (cost=0.43..8.46 rows=1 width=10)
	        Index Cond: (id = 7549858)

table 5 : explain UPDATE sbtest5 SET k=k+1 WHERE id=4814670
	Update on sbtest5  (cost=0.43..8.46 rows=0 width=0)
	  ->  Index Scan using sbtest5_pkey on sbtest5  (cost=0.43..8.46 rows=1 width=10)
	        Index Cond: (id = 4814670)

table 6 : explain UPDATE sbtest6 SET k=k+1 WHERE id=6111828
	Update on sbtest6  (cost=0.43..8.46 rows=0 width=0)
	  ->  Index Scan using sbtest6_pkey on sbtest6  (cost=0.43..8.46 rows=1 width=10)
	        Index Cond: (id = 6111828)

table 7 : explain UPDATE sbtest7 SET k=k+1 WHERE id=6450493
	Update on sbtest7  (cost=0.43..8.46 rows=0 width=0)
	  ->  Index Scan using sbtest7_pkey on sbtest7  (cost=0.43..8.46 rows=1 width=10)
	        Index Cond: (id = 6450493)

table 8 : explain UPDATE sbtest8 SET k=k+1 WHERE id=4089659
	Update on sbtest8  (cost=0.43..8.46 rows=0 width=0)
	  ->  Index Scan using sbtest8_pkey on sbtest8  (cost=0.43..8.46 rows=1 width=10)
	        Index Cond: (id = 4089659)

for index_updates
table 1 : explain UPDATE sbtest1 SET k=k+1 WHERE id=5834218
	Update on sbtest1  (cost=0.43..8.46 rows=0 width=0)
	  ->  Index Scan using sbtest1_pkey on sbtest1  (cost=0.43..8.46 rows=1 width=10)
	        Index Cond: (id = 5834218)

table 2 : explain UPDATE sbtest2 SET k=k+1 WHERE id=9548706
	Update on sbtest2  (cost=0.43..8.46 rows=0 width=0)
	  ->  Index Scan using sbtest2_pkey on sbtest2  (cost=0.43..8.46 rows=1 width=10)
	        Index Cond: (id = 9548706)

table 3 : explain UPDATE sbtest3 SET k=k+1 WHERE id=7177339
	Update on sbtest3  (cost=0.43..8.46 rows=0 width=0)
	  ->  Index Scan using sbtest3_pkey on sbtest3  (cost=0.43..8.46 rows=1 width=10)
	        Index Cond: (id = 7177339)

table 4 : explain UPDATE sbtest4 SET k=k+1 WHERE id=9455890
	Update on sbtest4  (cost=0.43..8.46 rows=0 width=0)
	  ->  Index Scan using sbtest4_pkey on sbtest4  (cost=0.43..8.46 rows=1 width=10)
	        Index Cond: (id = 9455890)

table 5 : explain UPDATE sbtest5 SET k=k+1 WHERE id=3975635
	Update on sbtest5  (cost=0.43..8.46 rows=0 width=0)
	  ->  Index Scan using sbtest5_pkey on sbtest5  (cost=0.43..8.46 rows=1 width=10)
	        Index Cond: (id = 3975635)

table 6 : explain UPDATE sbtest6 SET k=k+1 WHERE id=902557
	Update on sbtest6  (cost=0.43..8.46 rows=0 width=0)
	  ->  Index Scan using sbtest6_pkey on sbtest6  (cost=0.43..8.46 rows=1 width=10)
	        Index Cond: (id = 902557)

table 7 : explain UPDATE sbtest7 SET k=k+1 WHERE id=7952584
	Update on sbtest7  (cost=0.43..8.46 rows=0 width=0)
	  ->  Index Scan using sbtest7_pkey on sbtest7  (cost=0.43..8.46 rows=1 width=10)
	        Index Cond: (id = 7952584)

table 8 : explain UPDATE sbtest8 SET k=k+1 WHERE id=4940696
	Update on sbtest8  (cost=0.43..8.46 rows=0 width=0)
	  ->  Index Scan using sbtest8_pkey on sbtest8  (cost=0.43..8.46 rows=1 width=10)
	        Index Cond: (id = 4940696)

for: order_ranges
table 1 : explain SELECT c FROM sbtest1 WHERE id BETWEEN 4315207 AND 4315216 ORDER BY c
	Sort  (cost=39.53..39.56 rows=10 width=121)
	  Sort Key: c
	  ->  Index Scan using sbtest1_pkey on sbtest1  (cost=0.43..39.37 rows=10 width=121)
	        Index Cond: ((id >= 4315207) AND (id <= 4315216))

table 2 : explain SELECT c FROM sbtest2 WHERE id BETWEEN 799711 AND 799720 ORDER BY c
	Sort  (cost=39.47..39.49 rows=10 width=121)
	  Sort Key: c
	  ->  Index Scan using sbtest2_pkey on sbtest2  (cost=0.43..39.30 rows=10 width=121)
	        Index Cond: ((id >= 799711) AND (id <= 799720))

table 3 : explain SELECT c FROM sbtest3 WHERE id BETWEEN 9858059 AND 9858068 ORDER BY c
	Sort  (cost=35.80..35.82 rows=9 width=121)
	  Sort Key: c
	  ->  Index Scan using sbtest3_pkey on sbtest3  (cost=0.43..35.65 rows=9 width=121)
	        Index Cond: ((id >= 9858059) AND (id <= 9858068))

table 4 : explain SELECT c FROM sbtest4 WHERE id BETWEEN 4516013 AND 4516022 ORDER BY c
	Sort  (cost=39.69..39.71 rows=10 width=121)
	  Sort Key: c
	  ->  Index Scan using sbtest4_pkey on sbtest4  (cost=0.43..39.52 rows=10 width=121)
	        Index Cond: ((id >= 4516013) AND (id <= 4516022))

table 5 : explain SELECT c FROM sbtest5 WHERE id BETWEEN 6724574 AND 6724583 ORDER BY c
	Sort  (cost=39.49..39.51 rows=10 width=121)
	  Sort Key: c
	  ->  Index Scan using sbtest5_pkey on sbtest5  (cost=0.43..39.32 rows=10 width=121)
	        Index Cond: ((id >= 6724574) AND (id <= 6724583))

table 6 : explain SELECT c FROM sbtest6 WHERE id BETWEEN 4809993 AND 4810002 ORDER BY c
	Sort  (cost=39.60..39.62 rows=10 width=121)
	  Sort Key: c
	  ->  Index Scan using sbtest6_pkey on sbtest6  (cost=0.43..39.43 rows=10 width=121)
	        Index Cond: ((id >= 4809993) AND (id <= 4810002))

table 7 : explain SELECT c FROM sbtest7 WHERE id BETWEEN 6898237 AND 6898246 ORDER BY c
	Sort  (cost=39.70..39.72 rows=10 width=121)
	  Sort Key: c
	  ->  Index Scan using sbtest7_pkey on sbtest7  (cost=0.43..39.53 rows=10 width=121)
	        Index Cond: ((id >= 6898237) AND (id <= 6898246))

table 8 : explain SELECT c FROM sbtest8 WHERE id BETWEEN 5002635 AND 5002644 ORDER BY c
	Sort  (cost=39.48..39.50 rows=10 width=121)
	  Sort Key: c
	  ->  Index Scan using sbtest8_pkey on sbtest8  (cost=0.43..39.31 rows=10 width=121)
	        Index Cond: ((id >= 5002635) AND (id <= 5002644))

for index_updates
table 1 : explain UPDATE sbtest1 SET k=k+1 WHERE id=956081
	Update on sbtest1  (cost=0.43..8.46 rows=0 width=0)
	  ->  Index Scan using sbtest1_pkey on sbtest1  (cost=0.43..8.46 rows=1 width=10)
	        Index Cond: (id = 956081)

table 2 : explain UPDATE sbtest2 SET k=k+1 WHERE id=4047829
	Update on sbtest2  (cost=0.43..8.46 rows=0 width=0)
	  ->  Index Scan using sbtest2_pkey on sbtest2  (cost=0.43..8.46 rows=1 width=10)
	        Index Cond: (id = 4047829)

table 3 : explain UPDATE sbtest3 SET k=k+1 WHERE id=6797649
	Update on sbtest3  (cost=0.43..8.46 rows=0 width=0)
	  ->  Index Scan using sbtest3_pkey on sbtest3  (cost=0.43..8.46 rows=1 width=10)
	        Index Cond: (id = 6797649)

table 4 : explain UPDATE sbtest4 SET k=k+1 WHERE id=8575984
	Update on sbtest4  (cost=0.43..8.46 rows=0 width=0)
	  ->  Index Scan using sbtest4_pkey on sbtest4  (cost=0.43..8.46 rows=1 width=10)
	        Index Cond: (id = 8575984)

table 5 : explain UPDATE sbtest5 SET k=k+1 WHERE id=2003319
	Update on sbtest5  (cost=0.43..8.46 rows=0 width=0)
	  ->  Index Scan using sbtest5_pkey on sbtest5  (cost=0.43..8.46 rows=1 width=10)
	        Index Cond: (id = 2003319)

table 6 : explain UPDATE sbtest6 SET k=k+1 WHERE id=2374750
	Update on sbtest6  (cost=0.43..8.46 rows=0 width=0)
	  ->  Index Scan using sbtest6_pkey on sbtest6  (cost=0.43..8.46 rows=1 width=10)
	        Index Cond: (id = 2374750)

table 7 : explain UPDATE sbtest7 SET k=k+1 WHERE id=284120
	Update on sbtest7  (cost=0.43..8.46 rows=0 width=0)
	  ->  Index Scan using sbtest7_pkey on sbtest7  (cost=0.43..8.46 rows=1 width=10)
	        Index Cond: (id = 284120)

table 8 : explain UPDATE sbtest8 SET k=k+1 WHERE id=4848197
	Update on sbtest8  (cost=0.43..8.46 rows=0 width=0)
	  ->  Index Scan using sbtest8_pkey on sbtest8  (cost=0.43..8.46 rows=1 width=10)
	        Index Cond: (id = 4848197)

for: distinct_ranges
table 1 : explain SELECT DISTINCT c FROM sbtest1 WHERE id BETWEEN 8939271 AND 8939280 ORDER BY c
	Unique  (cost=39.53..39.58 rows=10 width=121)
	  ->  Sort  (cost=39.53..39.56 rows=10 width=121)
	        Sort Key: c
	        ->  Index Scan using sbtest1_pkey on sbtest1  (cost=0.43..39.37 rows=10 width=121)
	              Index Cond: ((id >= 8939271) AND (id <= 8939280))

table 2 : explain SELECT DISTINCT c FROM sbtest2 WHERE id BETWEEN 1454665 AND 1454674 ORDER BY c
	Unique  (cost=36.02..36.06 rows=9 width=121)
	  ->  Sort  (cost=36.02..36.04 rows=9 width=121)
	        Sort Key: c
	        ->  Index Scan using sbtest2_pkey on sbtest2  (cost=0.43..35.87 rows=9 width=121)
	              Index Cond: ((id >= 1454665) AND (id <= 1454674))

table 3 : explain SELECT DISTINCT c FROM sbtest3 WHERE id BETWEEN 8586746 AND 8586755 ORDER BY c
	Unique  (cost=39.22..39.27 rows=10 width=121)
	  ->  Sort  (cost=39.22..39.25 rows=10 width=121)
	        Sort Key: c
	        ->  Index Scan using sbtest3_pkey on sbtest3  (cost=0.43..39.05 rows=10 width=121)
	              Index Cond: ((id >= 8586746) AND (id <= 8586755))

table 4 : explain SELECT DISTINCT c FROM sbtest4 WHERE id BETWEEN 4078169 AND 4078178 ORDER BY c
	Unique  (cost=43.16..43.22 rows=11 width=121)
	  ->  Sort  (cost=43.16..43.19 rows=11 width=121)
	        Sort Key: c
	        ->  Index Scan using sbtest4_pkey on sbtest4  (cost=0.43..42.97 rows=11 width=121)
	              Index Cond: ((id >= 4078169) AND (id <= 4078178))

table 5 : explain SELECT DISTINCT c FROM sbtest5 WHERE id BETWEEN 7696397 AND 7696406 ORDER BY c
	Unique  (cost=36.03..36.08 rows=9 width=121)
	  ->  Sort  (cost=36.03..36.06 rows=9 width=121)
	        Sort Key: c
	        ->  Index Scan using sbtest5_pkey on sbtest5  (cost=0.43..35.89 rows=9 width=121)
	              Index Cond: ((id >= 7696397) AND (id <= 7696406))

table 6 : explain SELECT DISTINCT c FROM sbtest6 WHERE id BETWEEN 9604279 AND 9604288 ORDER BY c
	Unique  (cost=36.13..36.18 rows=9 width=121)
	  ->  Sort  (cost=36.13..36.16 rows=9 width=121)
	        Sort Key: c
	        ->  Index Scan using sbtest6_pkey on sbtest6  (cost=0.43..35.99 rows=9 width=121)
	              Index Cond: ((id >= 9604279) AND (id <= 9604288))

table 7 : explain SELECT DISTINCT c FROM sbtest7 WHERE id BETWEEN 6367316 AND 6367325 ORDER BY c
	Unique  (cost=39.70..39.75 rows=10 width=121)
	  ->  Sort  (cost=39.70..39.72 rows=10 width=121)
	        Sort Key: c
	        ->  Index Scan using sbtest7_pkey on sbtest7  (cost=0.43..39.53 rows=10 width=121)
	              Index Cond: ((id >= 6367316) AND (id <= 6367325))

table 8 : explain SELECT DISTINCT c FROM sbtest8 WHERE id BETWEEN 9275381 AND 9275390 ORDER BY c
	Unique  (cost=36.02..36.07 rows=9 width=121)
	  ->  Sort  (cost=36.02..36.05 rows=9 width=121)
	        Sort Key: c
	        ->  Index Scan using sbtest8_pkey on sbtest8  (cost=0.43..35.88 rows=9 width=121)
	              Index Cond: ((id >= 9275381) AND (id <= 9275390))

explain: for index_updates :: explain UPDATE sbtest%u SET k=k+1 WHERE id=%u
for: simple_ranges
table 1 : explain SELECT c FROM sbtest1 WHERE id BETWEEN 6171197 AND 6171206
	Index Scan using sbtest1_pkey on sbtest1  (cost=0.43..39.37 rows=10 width=121)
	  Index Cond: ((id >= 6171197) AND (id <= 6171206))

table 2 : explain SELECT c FROM sbtest2 WHERE id BETWEEN 4640055 AND 4640064
	Index Scan using sbtest2_pkey on sbtest2  (cost=0.43..39.30 rows=10 width=121)
	  Index Cond: ((id >= 4640055) AND (id <= 4640064))

table 3 : explain SELECT c FROM sbtest3 WHERE id BETWEEN 9446454 AND 9446463
	Index Scan using sbtest3_pkey on sbtest3  (cost=0.43..39.05 rows=10 width=121)
	  Index Cond: ((id >= 9446454) AND (id <= 9446463))

table 4 : explain SELECT c FROM sbtest4 WHERE id BETWEEN 1530176 AND 1530185
	Index Scan using sbtest4_pkey on sbtest4  (cost=0.43..39.52 rows=10 width=121)
	  Index Cond: ((id >= 1530176) AND (id <= 1530185))

table 5 : explain SELECT c FROM sbtest5 WHERE id BETWEEN 9091710 AND 9091719
	Index Scan using sbtest5_pkey on sbtest5  (cost=0.43..39.32 rows=10 width=121)
	  Index Cond: ((id >= 9091710) AND (id <= 9091719))

table 6 : explain SELECT c FROM sbtest6 WHERE id BETWEEN 8760916 AND 8760925
	Index Scan using sbtest6_pkey on sbtest6  (cost=0.43..35.99 rows=9 width=121)
	  Index Cond: ((id >= 8760916) AND (id <= 8760925))

table 7 : explain SELECT c FROM sbtest7 WHERE id BETWEEN 6770452 AND 6770461
	Index Scan using sbtest7_pkey on sbtest7  (cost=0.43..36.08 rows=9 width=121)
	  Index Cond: ((id >= 6770452) AND (id <= 6770461))

table 8 : explain SELECT c FROM sbtest8 WHERE id BETWEEN 3002296 AND 3002305
	Index Scan using sbtest8_pkey on sbtest8  (cost=0.43..42.74 rows=11 width=121)
	  Index Cond: ((id >= 3002296) AND (id <= 3002305))

explain: for non_index_updates :: explain UPDATE sbtest%u SET c='foobar' WHERE id=%u
for deletes
table 1 : explain DELETE FROM sbtest1 WHERE id=2500909
	Delete on sbtest1  (cost=0.43..8.45 rows=0 width=0)
	  ->  Index Scan using sbtest1_pkey on sbtest1  (cost=0.43..8.45 rows=1 width=6)
	        Index Cond: (id = 2500909)

table 2 : explain DELETE FROM sbtest2 WHERE id=7386972
	Delete on sbtest2  (cost=0.43..8.45 rows=0 width=0)
	  ->  Index Scan using sbtest2_pkey on sbtest2  (cost=0.43..8.45 rows=1 width=6)
	        Index Cond: (id = 7386972)

table 3 : explain DELETE FROM sbtest3 WHERE id=3573315
	Delete on sbtest3  (cost=0.43..8.45 rows=0 width=0)
	  ->  Index Scan using sbtest3_pkey on sbtest3  (cost=0.43..8.45 rows=1 width=6)
	        Index Cond: (id = 3573315)

table 4 : explain DELETE FROM sbtest4 WHERE id=5868734
	Delete on sbtest4  (cost=0.43..8.45 rows=0 width=0)
	  ->  Index Scan using sbtest4_pkey on sbtest4  (cost=0.43..8.45 rows=1 width=6)
	        Index Cond: (id = 5868734)

table 5 : explain DELETE FROM sbtest5 WHERE id=8463388
	Delete on sbtest5  (cost=0.43..8.45 rows=0 width=0)
	  ->  Index Scan using sbtest5_pkey on sbtest5  (cost=0.43..8.45 rows=1 width=6)
	        Index Cond: (id = 8463388)

table 6 : explain DELETE FROM sbtest6 WHERE id=1550966
	Delete on sbtest6  (cost=0.43..8.45 rows=0 width=0)
	  ->  Index Scan using sbtest6_pkey on sbtest6  (cost=0.43..8.45 rows=1 width=6)
	        Index Cond: (id = 1550966)

table 7 : explain DELETE FROM sbtest7 WHERE id=9261945
	Delete on sbtest7  (cost=0.43..8.45 rows=0 width=0)
	  ->  Index Scan using sbtest7_pkey on sbtest7  (cost=0.43..8.45 rows=1 width=6)
	        Index Cond: (id = 9261945)

table 8 : explain DELETE FROM sbtest8 WHERE id=2596920
	Delete on sbtest8  (cost=0.43..8.45 rows=0 width=0)
	  ->  Index Scan using sbtest8_pkey on sbtest8  (cost=0.43..8.45 rows=1 width=6)
	        Index Cond: (id = 2596920)

explain: for non_index_updates :: explain UPDATE sbtest%u SET c='foobar' WHERE id=%u
explain: for non_index_updates :: explain UPDATE sbtest%u SET c='foobar' WHERE id=%u
for: order_ranges
table 1 : explain SELECT c FROM sbtest1 WHERE id BETWEEN 9563797 AND 9563806 ORDER BY c
	Sort  (cost=39.53..39.56 rows=10 width=121)
	  Sort Key: c
	  ->  Index Scan using sbtest1_pkey on sbtest1  (cost=0.43..39.37 rows=10 width=121)
	        Index Cond: ((id >= 9563797) AND (id <= 9563806))

table 2 : explain SELECT c FROM sbtest2 WHERE id BETWEEN 435874 AND 435883 ORDER BY c
	Sort  (cost=39.47..39.49 rows=10 width=121)
	  Sort Key: c
	  ->  Index Scan using sbtest2_pkey on sbtest2  (cost=0.43..39.30 rows=10 width=121)
	        Index Cond: ((id >= 435874) AND (id <= 435883))

table 3 : explain SELECT c FROM sbtest3 WHERE id BETWEEN 3315387 AND 3315396 ORDER BY c
	Sort  (cost=39.22..39.25 rows=10 width=121)
	  Sort Key: c
	  ->  Index Scan using sbtest3_pkey on sbtest3  (cost=0.43..39.05 rows=10 width=121)
	        Index Cond: ((id >= 3315387) AND (id <= 3315396))

table 4 : explain SELECT c FROM sbtest4 WHERE id BETWEEN 9217312 AND 9217321 ORDER BY c
	Sort  (cost=36.21..36.23 rows=9 width=121)
	  Sort Key: c
	  ->  Index Scan using sbtest4_pkey on sbtest4  (cost=0.43..36.07 rows=9 width=121)
	        Index Cond: ((id >= 9217312) AND (id <= 9217321))

table 5 : explain SELECT c FROM sbtest5 WHERE id BETWEEN 7884317 AND 7884326 ORDER BY c
	Sort  (cost=36.03..36.06 rows=9 width=121)
	  Sort Key: c
	  ->  Index Scan using sbtest5_pkey on sbtest5  (cost=0.43..35.89 rows=9 width=121)
	        Index Cond: ((id >= 7884317) AND (id <= 7884326))

table 6 : explain SELECT c FROM sbtest6 WHERE id BETWEEN 838751 AND 838760 ORDER BY c
	Sort  (cost=43.07..43.09 rows=11 width=121)
	  Sort Key: c
	  ->  Index Scan using sbtest6_pkey on sbtest6  (cost=0.43..42.88 rows=11 width=121)
	        Index Cond: ((id >= 838751) AND (id <= 838760))

table 7 : explain SELECT c FROM sbtest7 WHERE id BETWEEN 3104399 AND 3104408 ORDER BY c
	Sort  (cost=39.70..39.72 rows=10 width=121)
	  Sort Key: c
	  ->  Index Scan using sbtest7_pkey on sbtest7  (cost=0.43..39.53 rows=10 width=121)
	        Index Cond: ((id >= 3104399) AND (id <= 3104408))

table 8 : explain SELECT c FROM sbtest8 WHERE id BETWEEN 2761190 AND 2761199 ORDER BY c
	Sort  (cost=36.02..36.05 rows=9 width=121)
	  Sort Key: c
	  ->  Index Scan using sbtest8_pkey on sbtest8  (cost=0.43..35.88 rows=9 width=121)
	        Index Cond: ((id >= 2761190) AND (id <= 2761199))

for: order_ranges
table 1 : explain SELECT c FROM sbtest1 WHERE id BETWEEN 432677 AND 432686 ORDER BY c
	Sort  (cost=39.53..39.56 rows=10 width=121)
	  Sort Key: c
	  ->  Index Scan using sbtest1_pkey on sbtest1  (cost=0.43..39.37 rows=10 width=121)
	        Index Cond: ((id >= 432677) AND (id <= 432686))

table 2 : explain SELECT c FROM sbtest2 WHERE id BETWEEN 6558322 AND 6558331 ORDER BY c
	Sort  (cost=36.02..36.04 rows=9 width=121)
	  Sort Key: c
	  ->  Index Scan using sbtest2_pkey on sbtest2  (cost=0.43..35.87 rows=9 width=121)
	        Index Cond: ((id >= 6558322) AND (id <= 6558331))

table 3 : explain SELECT c FROM sbtest3 WHERE id BETWEEN 6096783 AND 6096792 ORDER BY c
	Sort  (cost=39.22..39.25 rows=10 width=121)
	  Sort Key: c
	  ->  Index Scan using sbtest3_pkey on sbtest3  (cost=0.43..39.05 rows=10 width=121)
	        Index Cond: ((id >= 6096783) AND (id <= 6096792))

table 4 : explain SELECT c FROM sbtest4 WHERE id BETWEEN 9526836 AND 9526845 ORDER BY c
	Sort  (cost=39.69..39.71 rows=10 width=121)
	  Sort Key: c
	  ->  Index Scan using sbtest4_pkey on sbtest4  (cost=0.43..39.52 rows=10 width=121)
	        Index Cond: ((id >= 9526836) AND (id <= 9526845))

table 5 : explain SELECT c FROM sbtest5 WHERE id BETWEEN 5511482 AND 5511491 ORDER BY c
	Sort  (cost=39.49..39.51 rows=10 width=121)
	  Sort Key: c
	  ->  Index Scan using sbtest5_pkey on sbtest5  (cost=0.43..39.32 rows=10 width=121)
	        Index Cond: ((id >= 5511482) AND (id <= 5511491))

table 6 : explain SELECT c FROM sbtest6 WHERE id BETWEEN 865619 AND 865628 ORDER BY c
	Sort  (cost=43.07..43.09 rows=11 width=121)
	  Sort Key: c
	  ->  Index Scan using sbtest6_pkey on sbtest6  (cost=0.43..42.88 rows=11 width=121)
	        Index Cond: ((id >= 865619) AND (id <= 865628))

table 7 : explain SELECT c FROM sbtest7 WHERE id BETWEEN 3250233 AND 3250242 ORDER BY c
	Sort  (cost=39.70..39.72 rows=10 width=121)
	  Sort Key: c
	  ->  Index Scan using sbtest7_pkey on sbtest7  (cost=0.43..39.53 rows=10 width=121)
	        Index Cond: ((id >= 3250233) AND (id <= 3250242))

table 8 : explain SELECT c FROM sbtest8 WHERE id BETWEEN 7274710 AND 7274719 ORDER BY c
	Sort  (cost=39.48..39.50 rows=10 width=121)
	  Sort Key: c
	  ->  Index Scan using sbtest8_pkey on sbtest8  (cost=0.43..39.31 rows=10 width=121)
	        Index Cond: ((id >= 7274710) AND (id <= 7274719))

explain: for index_updates :: explain UPDATE sbtest%u SET k=k+1 WHERE id=%u
for: order_ranges
table 1 : explain SELECT c FROM sbtest1 WHERE id BETWEEN 6478749 AND 6478758 ORDER BY c
	Sort  (cost=39.53..39.56 rows=10 width=121)
	  Sort Key: c
	  ->  Index Scan using sbtest1_pkey on sbtest1  (cost=0.43..39.37 rows=10 width=121)
	        Index Cond: ((id >= 6478749) AND (id <= 6478758))

table 2 : explain SELECT c FROM sbtest2 WHERE id BETWEEN 4860782 AND 4860791 ORDER BY c
	Sort  (cost=39.47..39.49 rows=10 width=121)
	  Sort Key: c
	  ->  Index Scan using sbtest2_pkey on sbtest2  (cost=0.43..39.30 rows=10 width=121)
	        Index Cond: ((id >= 4860782) AND (id <= 4860791))

table 3 : explain SELECT c FROM sbtest3 WHERE id BETWEEN 1195847 AND 1195856 ORDER BY c
	Sort  (cost=35.80..35.82 rows=9 width=121)
	  Sort Key: c
	  ->  Index Scan using sbtest3_pkey on sbtest3  (cost=0.43..35.65 rows=9 width=121)
	        Index Cond: ((id >= 1195847) AND (id <= 1195856))

table 4 : explain SELECT c FROM sbtest4 WHERE id BETWEEN 4780131 AND 4780140 ORDER BY c
	Sort  (cost=39.69..39.71 rows=10 width=121)
	  Sort Key: c
	  ->  Index Scan using sbtest4_pkey on sbtest4  (cost=0.43..39.52 rows=10 width=121)
	        Index Cond: ((id >= 4780131) AND (id <= 4780140))

table 5 : explain SELECT c FROM sbtest5 WHERE id BETWEEN 8057620 AND 8057629 ORDER BY c
	Sort  (cost=36.03..36.06 rows=9 width=121)
	  Sort Key: c
	  ->  Index Scan using sbtest5_pkey on sbtest5  (cost=0.43..35.89 rows=9 width=121)
	        Index Cond: ((id >= 8057620) AND (id <= 8057629))

table 6 : explain SELECT c FROM sbtest6 WHERE id BETWEEN 8758956 AND 8758965 ORDER BY c
	Sort  (cost=36.13..36.16 rows=9 width=121)
	  Sort Key: c
	  ->  Index Scan using sbtest6_pkey on sbtest6  (cost=0.43..35.99 rows=9 width=121)
	        Index Cond: ((id >= 8758956) AND (id <= 8758965))

table 7 : explain SELECT c FROM sbtest7 WHERE id BETWEEN 1444082 AND 1444091 ORDER BY c
	Sort  (cost=39.70..39.72 rows=10 width=121)
	  Sort Key: c
	  ->  Index Scan using sbtest7_pkey on sbtest7  (cost=0.43..39.53 rows=10 width=121)
	        Index Cond: ((id >= 1444082) AND (id <= 1444091))

table 8 : explain SELECT c FROM sbtest8 WHERE id BETWEEN 411652 AND 411661 ORDER BY c
	Sort  (cost=39.48..39.50 rows=10 width=121)
	  Sort Key: c
	  ->  Index Scan using sbtest8_pkey on sbtest8  (cost=0.43..39.31 rows=10 width=121)
	        Index Cond: ((id >= 411652) AND (id <= 411661))

for: distinct_ranges
table 1 : explain SELECT DISTINCT c FROM sbtest1 WHERE id BETWEEN 7806292 AND 7806301 ORDER BY c
	Unique  (cost=36.07..36.12 rows=9 width=121)
	  ->  Sort  (cost=36.07..36.10 rows=9 width=121)
	        Sort Key: c
	        ->  Index Scan using sbtest1_pkey on sbtest1  (cost=0.43..35.93 rows=9 width=121)
	              Index Cond: ((id >= 7806292) AND (id <= 7806301))

table 2 : explain SELECT DISTINCT c FROM sbtest2 WHERE id BETWEEN 234647 AND 234656 ORDER BY c
	Unique  (cost=39.47..39.52 rows=10 width=121)
	  ->  Sort  (cost=39.47..39.49 rows=10 width=121)
	        Sort Key: c
	        ->  Index Scan using sbtest2_pkey on sbtest2  (cost=0.43..39.30 rows=10 width=121)
	              Index Cond: ((id >= 234647) AND (id <= 234656))

table 3 : explain SELECT DISTINCT c FROM sbtest3 WHERE id BETWEEN 6182956 AND 6182965 ORDER BY c
	Unique  (cost=39.22..39.27 rows=10 width=121)
	  ->  Sort  (cost=39.22..39.25 rows=10 width=121)
	        Sort Key: c
	        ->  Index Scan using sbtest3_pkey on sbtest3  (cost=0.43..39.05 rows=10 width=121)
	              Index Cond: ((id >= 6182956) AND (id <= 6182965))

table 4 : explain SELECT DISTINCT c FROM sbtest4 WHERE id BETWEEN 1168077 AND 1168086 ORDER BY c
	Unique  (cost=36.21..36.26 rows=9 width=121)
	  ->  Sort  (cost=36.21..36.23 rows=9 width=121)
	        Sort Key: c
	        ->  Index Scan using sbtest4_pkey on sbtest4  (cost=0.43..36.07 rows=9 width=121)
	              Index Cond: ((id >= 1168077) AND (id <= 1168086))

table 5 : explain SELECT DISTINCT c FROM sbtest5 WHERE id BETWEEN 9460358 AND 9460367 ORDER BY c
	Unique  (cost=39.49..39.54 rows=10 width=121)
	  ->  Sort  (cost=39.49..39.51 rows=10 width=121)
	        Sort Key: c
	        ->  Index Scan using sbtest5_pkey on sbtest5  (cost=0.43..39.32 rows=10 width=121)
	              Index Cond: ((id >= 9460358) AND (id <= 9460367))

table 6 : explain SELECT DISTINCT c FROM sbtest6 WHERE id BETWEEN 989802 AND 989811 ORDER BY c
	Unique  (cost=39.60..39.65 rows=10 width=121)
	  ->  Sort  (cost=39.60..39.62 rows=10 width=121)
	        Sort Key: c
	        ->  Index Scan using sbtest6_pkey on sbtest6  (cost=0.43..39.43 rows=10 width=121)
	              Index Cond: ((id >= 989802) AND (id <= 989811))

table 7 : explain SELECT DISTINCT c FROM sbtest7 WHERE id BETWEEN 5759956 AND 5759965 ORDER BY c
	Unique  (cost=43.17..43.23 rows=11 width=121)
	  ->  Sort  (cost=43.17..43.20 rows=11 width=121)
	        Sort Key: c
	        ->  Index Scan using sbtest7_pkey on sbtest7  (cost=0.43..42.98 rows=11 width=121)
	              Index Cond: ((id >= 5759956) AND (id <= 5759965))

table 8 : explain SELECT DISTINCT c FROM sbtest8 WHERE id BETWEEN 166099 AND 166108 ORDER BY c
	Unique  (cost=39.48..39.53 rows=10 width=121)
	  ->  Sort  (cost=39.48..39.50 rows=10 width=121)
	        Sort Key: c
	        ->  Index Scan using sbtest8_pkey on sbtest8  (cost=0.43..39.31 rows=10 width=121)
	              Index Cond: ((id >= 166099) AND (id <= 166108))

explain: for inserts :: explain INSERT INTO sbtest%u (id, k, c, pad) VALUES (%u, 13, 'foobar', 'foobar')
for non_index_updates
table 1 : explain UPDATE sbtest1 SET c='foobar' WHERE id=810081
	Update on sbtest1  (cost=0.43..8.45 rows=0 width=0)
	  ->  Index Scan using sbtest1_pkey on sbtest1  (cost=0.43..8.45 rows=1 width=490)
	        Index Cond: (id = 810081)

table 2 : explain UPDATE sbtest2 SET c='foobar' WHERE id=5926240
	Update on sbtest2  (cost=0.43..8.45 rows=0 width=0)
	  ->  Index Scan using sbtest2_pkey on sbtest2  (cost=0.43..8.45 rows=1 width=490)
	        Index Cond: (id = 5926240)

table 3 : explain UPDATE sbtest3 SET c='foobar' WHERE id=4199714
	Update on sbtest3  (cost=0.43..8.45 rows=0 width=0)
	  ->  Index Scan using sbtest3_pkey on sbtest3  (cost=0.43..8.45 rows=1 width=490)
	        Index Cond: (id = 4199714)

table 4 : explain UPDATE sbtest4 SET c='foobar' WHERE id=9556961
	Update on sbtest4  (cost=0.43..8.45 rows=0 width=0)
	  ->  Index Scan using sbtest4_pkey on sbtest4  (cost=0.43..8.45 rows=1 width=490)
	        Index Cond: (id = 9556961)

table 5 : explain UPDATE sbtest5 SET c='foobar' WHERE id=3615070
	Update on sbtest5  (cost=0.43..8.45 rows=0 width=0)
	  ->  Index Scan using sbtest5_pkey on sbtest5  (cost=0.43..8.45 rows=1 width=490)
	        Index Cond: (id = 3615070)

table 6 : explain UPDATE sbtest6 SET c='foobar' WHERE id=8066315
	Update on sbtest6  (cost=0.43..8.45 rows=0 width=0)
	  ->  Index Scan using sbtest6_pkey on sbtest6  (cost=0.43..8.45 rows=1 width=490)
	        Index Cond: (id = 8066315)

table 7 : explain UPDATE sbtest7 SET c='foobar' WHERE id=5775573
	Update on sbtest7  (cost=0.43..8.45 rows=0 width=0)
	  ->  Index Scan using sbtest7_pkey on sbtest7  (cost=0.43..8.45 rows=1 width=490)
	        Index Cond: (id = 5775573)

table 8 : explain UPDATE sbtest8 SET c='foobar' WHERE id=9531753
	Update on sbtest8  (cost=0.43..8.45 rows=0 width=0)
	  ->  Index Scan using sbtest8_pkey on sbtest8  (cost=0.43..8.45 rows=1 width=490)
	        Index Cond: (id = 9531753)

for: order_ranges
table 1 : explain SELECT c FROM sbtest1 WHERE id BETWEEN 9553294 AND 9553303 ORDER BY c
	Sort  (cost=39.53..39.56 rows=10 width=121)
	  Sort Key: c
	  ->  Index Scan using sbtest1_pkey on sbtest1  (cost=0.43..39.37 rows=10 width=121)
	        Index Cond: ((id >= 9553294) AND (id <= 9553303))

table 2 : explain SELECT c FROM sbtest2 WHERE id BETWEEN 9307501 AND 9307510 ORDER BY c
	Sort  (cost=42.92..42.95 rows=11 width=121)
	  Sort Key: c
	  ->  Index Scan using sbtest2_pkey on sbtest2  (cost=0.43..42.73 rows=11 width=121)
	        Index Cond: ((id >= 9307501) AND (id <= 9307510))

table 3 : explain SELECT c FROM sbtest3 WHERE id BETWEEN 5015632 AND 5015641 ORDER BY c
	Sort  (cost=35.80..35.82 rows=9 width=121)
	  Sort Key: c
	  ->  Index Scan using sbtest3_pkey on sbtest3  (cost=0.43..35.65 rows=9 width=121)
	        Index Cond: ((id >= 5015632) AND (id <= 5015641))

table 4 : explain SELECT c FROM sbtest4 WHERE id BETWEEN 8674746 AND 8674755 ORDER BY c
	Sort  (cost=39.69..39.71 rows=10 width=121)
	  Sort Key: c
	  ->  Index Scan using sbtest4_pkey on sbtest4  (cost=0.43..39.52 rows=10 width=121)
	        Index Cond: ((id >= 8674746) AND (id <= 8674755))

table 5 : explain SELECT c FROM sbtest5 WHERE id BETWEEN 2504581 AND 2504590 ORDER BY c
	Sort  (cost=36.03..36.06 rows=9 width=121)
	  Sort Key: c
	  ->  Index Scan using sbtest5_pkey on sbtest5  (cost=0.43..35.89 rows=9 width=121)
	        Index Cond: ((id >= 2504581) AND (id <= 2504590))

table 6 : explain SELECT c FROM sbtest6 WHERE id BETWEEN 8300867 AND 8300876 ORDER BY c
	Sort  (cost=39.60..39.62 rows=10 width=121)
	  Sort Key: c
	  ->  Index Scan using sbtest6_pkey on sbtest6  (cost=0.43..39.43 rows=10 width=121)
	        Index Cond: ((id >= 8300867) AND (id <= 8300876))

table 7 : explain SELECT c FROM sbtest7 WHERE id BETWEEN 2966557 AND 2966566 ORDER BY c
	Sort  (cost=36.22..36.24 rows=9 width=121)
	  Sort Key: c
	  ->  Index Scan using sbtest7_pkey on sbtest7  (cost=0.43..36.08 rows=9 width=121)
	        Index Cond: ((id >= 2966557) AND (id <= 2966566))

table 8 : explain SELECT c FROM sbtest8 WHERE id BETWEEN 8141858 AND 8141867 ORDER BY c
	Sort  (cost=39.48..39.50 rows=10 width=121)
	  Sort Key: c
	  ->  Index Scan using sbtest8_pkey on sbtest8  (cost=0.43..39.31 rows=10 width=121)
	        Index Cond: ((id >= 8141858) AND (id <= 8141867))

for non_index_updates
table 1 : explain UPDATE sbtest1 SET c='foobar' WHERE id=8479920
	Update on sbtest1  (cost=0.43..8.45 rows=0 width=0)
	  ->  Index Scan using sbtest1_pkey on sbtest1  (cost=0.43..8.45 rows=1 width=490)
	        Index Cond: (id = 8479920)

table 2 : explain UPDATE sbtest2 SET c='foobar' WHERE id=9655654
	Update on sbtest2  (cost=0.43..8.45 rows=0 width=0)
	  ->  Index Scan using sbtest2_pkey on sbtest2  (cost=0.43..8.45 rows=1 width=490)
	        Index Cond: (id = 9655654)

table 3 : explain UPDATE sbtest3 SET c='foobar' WHERE id=1586228
	Update on sbtest3  (cost=0.43..8.45 rows=0 width=0)
	  ->  Index Scan using sbtest3_pkey on sbtest3  (cost=0.43..8.45 rows=1 width=490)
	        Index Cond: (id = 1586228)

table 4 : explain UPDATE sbtest4 SET c='foobar' WHERE id=2462168
	Update on sbtest4  (cost=0.43..8.45 rows=0 width=0)
	  ->  Index Scan using sbtest4_pkey on sbtest4  (cost=0.43..8.45 rows=1 width=490)
	        Index Cond: (id = 2462168)

table 5 : explain UPDATE sbtest5 SET c='foobar' WHERE id=7657011
	Update on sbtest5  (cost=0.43..8.45 rows=0 width=0)
	  ->  Index Scan using sbtest5_pkey on sbtest5  (cost=0.43..8.45 rows=1 width=490)
	        Index Cond: (id = 7657011)

table 6 : explain UPDATE sbtest6 SET c='foobar' WHERE id=3826052
	Update on sbtest6  (cost=0.43..8.45 rows=0 width=0)
	  ->  Index Scan using sbtest6_pkey on sbtest6  (cost=0.43..8.45 rows=1 width=490)
	        Index Cond: (id = 3826052)

table 7 : explain UPDATE sbtest7 SET c='foobar' WHERE id=1807454
	Update on sbtest7  (cost=0.43..8.45 rows=0 width=0)
	  ->  Index Scan using sbtest7_pkey on sbtest7  (cost=0.43..8.45 rows=1 width=490)
	        Index Cond: (id = 1807454)

table 8 : explain UPDATE sbtest8 SET c='foobar' WHERE id=4789537
	Update on sbtest8  (cost=0.43..8.45 rows=0 width=0)
	  ->  Index Scan using sbtest8_pkey on sbtest8  (cost=0.43..8.45 rows=1 width=490)
	        Index Cond: (id = 4789537)

for: distinct_ranges
table 1 : explain SELECT DISTINCT c FROM sbtest1 WHERE id BETWEEN 1017145 AND 1017154 ORDER BY c
	Unique  (cost=42.99..43.05 rows=11 width=121)
	  ->  Sort  (cost=42.99..43.02 rows=11 width=121)
	        Sort Key: c
	        ->  Index Scan using sbtest1_pkey on sbtest1  (cost=0.43..42.80 rows=11 width=121)
	              Index Cond: ((id >= 1017145) AND (id <= 1017154))

table 2 : explain SELECT DISTINCT c FROM sbtest2 WHERE id BETWEEN 5549179 AND 5549188 ORDER BY c
	Unique  (cost=39.47..39.52 rows=10 width=121)
	  ->  Sort  (cost=39.47..39.49 rows=10 width=121)
	        Sort Key: c
	        ->  Index Scan using sbtest2_pkey on sbtest2  (cost=0.43..39.30 rows=10 width=121)
	              Index Cond: ((id >= 5549179) AND (id <= 5549188))

table 3 : explain SELECT DISTINCT c FROM sbtest3 WHERE id BETWEEN 5215857 AND 5215866 ORDER BY c
	Unique  (cost=35.80..35.84 rows=9 width=121)
	  ->  Sort  (cost=35.80..35.82 rows=9 width=121)
	        Sort Key: c
	        ->  Index Scan using sbtest3_pkey on sbtest3  (cost=0.43..35.65 rows=9 width=121)
	              Index Cond: ((id >= 5215857) AND (id <= 5215866))

table 4 : explain SELECT DISTINCT c FROM sbtest4 WHERE id BETWEEN 2721806 AND 2721815 ORDER BY c
	Unique  (cost=39.69..39.74 rows=10 width=121)
	  ->  Sort  (cost=39.69..39.71 rows=10 width=121)
	        Sort Key: c
	        ->  Index Scan using sbtest4_pkey on sbtest4  (cost=0.43..39.52 rows=10 width=121)
	              Index Cond: ((id >= 2721806) AND (id <= 2721815))

table 5 : explain SELECT DISTINCT c FROM sbtest5 WHERE id BETWEEN 2297131 AND 2297140 ORDER BY c
	Unique  (cost=39.49..39.54 rows=10 width=121)
	  ->  Sort  (cost=39.49..39.51 rows=10 width=121)
	        Sort Key: c
	        ->  Index Scan using sbtest5_pkey on sbtest5  (cost=0.43..39.32 rows=10 width=121)
	              Index Cond: ((id >= 2297131) AND (id <= 2297140))

table 6 : explain SELECT DISTINCT c FROM sbtest6 WHERE id BETWEEN 7235280 AND 7235289 ORDER BY c
	Unique  (cost=43.07..43.12 rows=11 width=121)
	  ->  Sort  (cost=43.07..43.09 rows=11 width=121)
	        Sort Key: c
	        ->  Index Scan using sbtest6_pkey on sbtest6  (cost=0.43..42.88 rows=11 width=121)
	              Index Cond: ((id >= 7235280) AND (id <= 7235289))

table 7 : explain SELECT DISTINCT c FROM sbtest7 WHERE id BETWEEN 312562 AND 312571 ORDER BY c
	Unique  (cost=39.70..39.75 rows=10 width=121)
	  ->  Sort  (cost=39.70..39.72 rows=10 width=121)
	        Sort Key: c
	        ->  Index Scan using sbtest7_pkey on sbtest7  (cost=0.43..39.53 rows=10 width=121)
	              Index Cond: ((id >= 312562) AND (id <= 312571))

table 8 : explain SELECT DISTINCT c FROM sbtest8 WHERE id BETWEEN 374262 AND 374271 ORDER BY c
	Unique  (cost=36.02..36.07 rows=9 width=121)
	  ->  Sort  (cost=36.02..36.05 rows=9 width=121)
	        Sort Key: c
	        ->  Index Scan using sbtest8_pkey on sbtest8  (cost=0.43..35.88 rows=9 width=121)
	              Index Cond: ((id >= 374262) AND (id <= 374271))

for non_index_updates
table 1 : explain UPDATE sbtest1 SET c='foobar' WHERE id=4146755
	Update on sbtest1  (cost=0.43..8.45 rows=0 width=0)
	  ->  Index Scan using sbtest1_pkey on sbtest1  (cost=0.43..8.45 rows=1 width=490)
	        Index Cond: (id = 4146755)

table 2 : explain UPDATE sbtest2 SET c='foobar' WHERE id=794166
	Update on sbtest2  (cost=0.43..8.45 rows=0 width=0)
	  ->  Index Scan using sbtest2_pkey on sbtest2  (cost=0.43..8.45 rows=1 width=490)
	        Index Cond: (id = 794166)

table 3 : explain UPDATE sbtest3 SET c='foobar' WHERE id=4206999
	Update on sbtest3  (cost=0.43..8.45 rows=0 width=0)
	  ->  Index Scan using sbtest3_pkey on sbtest3  (cost=0.43..8.45 rows=1 width=490)
	        Index Cond: (id = 4206999)

table 4 : explain UPDATE sbtest4 SET c='foobar' WHERE id=1732298
	Update on sbtest4  (cost=0.43..8.45 rows=0 width=0)
	  ->  Index Scan using sbtest4_pkey on sbtest4  (cost=0.43..8.45 rows=1 width=490)
	        Index Cond: (id = 1732298)

table 5 : explain UPDATE sbtest5 SET c='foobar' WHERE id=5693623
	Update on sbtest5  (cost=0.43..8.45 rows=0 width=0)
	  ->  Index Scan using sbtest5_pkey on sbtest5  (cost=0.43..8.45 rows=1 width=490)
	        Index Cond: (id = 5693623)

table 6 : explain UPDATE sbtest6 SET c='foobar' WHERE id=2351670
	Update on sbtest6  (cost=0.43..8.45 rows=0 width=0)
	  ->  Index Scan using sbtest6_pkey on sbtest6  (cost=0.43..8.45 rows=1 width=490)
	        Index Cond: (id = 2351670)

table 7 : explain UPDATE sbtest7 SET c='foobar' WHERE id=156218
	Update on sbtest7  (cost=0.43..8.45 rows=0 width=0)
	  ->  Index Scan using sbtest7_pkey on sbtest7  (cost=0.43..8.45 rows=1 width=490)
	        Index Cond: (id = 156218)

table 8 : explain UPDATE sbtest8 SET c='foobar' WHERE id=4963833
	Update on sbtest8  (cost=0.43..8.45 rows=0 width=0)
	  ->  Index Scan using sbtest8_pkey on sbtest8  (cost=0.43..8.45 rows=1 width=490)
	        Index Cond: (id = 4963833)

for index_updates
table 1 : explain UPDATE sbtest1 SET k=k+1 WHERE id=9521494
	Update on sbtest1  (cost=0.43..8.46 rows=0 width=0)
	  ->  Index Scan using sbtest1_pkey on sbtest1  (cost=0.43..8.46 rows=1 width=10)
	        Index Cond: (id = 9521494)

table 2 : explain UPDATE sbtest2 SET k=k+1 WHERE id=9822981
	Update on sbtest2  (cost=0.43..8.46 rows=0 width=0)
	  ->  Index Scan using sbtest2_pkey on sbtest2  (cost=0.43..8.46 rows=1 width=10)
	        Index Cond: (id = 9822981)

table 3 : explain UPDATE sbtest3 SET k=k+1 WHERE id=4031906
	Update on sbtest3  (cost=0.43..8.46 rows=0 width=0)
	  ->  Index Scan using sbtest3_pkey on sbtest3  (cost=0.43..8.46 rows=1 width=10)
	        Index Cond: (id = 4031906)

table 4 : explain UPDATE sbtest4 SET k=k+1 WHERE id=1258829
	Update on sbtest4  (cost=0.43..8.46 rows=0 width=0)
	  ->  Index Scan using sbtest4_pkey on sbtest4  (cost=0.43..8.46 rows=1 width=10)
	        Index Cond: (id = 1258829)

table 5 : explain UPDATE sbtest5 SET k=k+1 WHERE id=3254967
	Update on sbtest5  (cost=0.43..8.46 rows=0 width=0)
	  ->  Index Scan using sbtest5_pkey on sbtest5  (cost=0.43..8.46 rows=1 width=10)
	        Index Cond: (id = 3254967)

table 6 : explain UPDATE sbtest6 SET k=k+1 WHERE id=727484
	Update on sbtest6  (cost=0.43..8.46 rows=0 width=0)
	  ->  Index Scan using sbtest6_pkey on sbtest6  (cost=0.43..8.46 rows=1 width=10)
	        Index Cond: (id = 727484)

table 7 : explain UPDATE sbtest7 SET k=k+1 WHERE id=3959658
	Update on sbtest7  (cost=0.43..8.46 rows=0 width=0)
	  ->  Index Scan using sbtest7_pkey on sbtest7  (cost=0.43..8.46 rows=1 width=10)
	        Index Cond: (id = 3959658)

table 8 : explain UPDATE sbtest8 SET k=k+1 WHERE id=7620592
	Update on sbtest8  (cost=0.43..8.46 rows=0 width=0)
	  ->  Index Scan using sbtest8_pkey on sbtest8  (cost=0.43..8.46 rows=1 width=10)
	        Index Cond: (id = 7620592)

explain: for index_updates :: explain UPDATE sbtest%u SET k=k+1 WHERE id=%u
explain: for deletes :: explain DELETE FROM sbtest%u WHERE id=%ufor index_updates
table 1 : explain UPDATE sbtest1 SET k=k+1 WHERE id=3673597
	Update on sbtest1  (cost=0.43..8.46 rows=0 width=0)
	  ->  Index Scan using sbtest1_pkey on sbtest1  (cost=0.43..8.46 rows=1 width=10)
	        Index Cond: (id = 3673597)

table 2 : explain UPDATE sbtest2 SET k=k+1 WHERE id=7592925
	Update on sbtest2  (cost=0.43..8.46 rows=0 width=0)
	  ->  Index Scan using sbtest2_pkey on sbtest2  (cost=0.43..8.46 rows=1 width=10)
	        Index Cond: (id = 7592925)

table 3 : explain UPDATE sbtest3 SET k=k+1 WHERE id=2619040
	Update on sbtest3  (cost=0.43..8.46 rows=0 width=0)
	  ->  Index Scan using sbtest3_pkey on sbtest3  (cost=0.43..8.46 rows=1 width=10)
	        Index Cond: (id = 2619040)

table 4 : explain UPDATE sbtest4 SET k=k+1 WHERE id=4235
	Update on sbtest4  (cost=0.43..8.46 rows=0 width=0)
	  ->  Index Scan using sbtest4_pkey on sbtest4  (cost=0.43..8.46 rows=1 width=10)
	        Index Cond: (id = 4235)

table 5 : explain UPDATE sbtest5 SET k=k+1 WHERE id=6063276
	Update on sbtest5  (cost=0.43..8.46 rows=0 width=0)
	  ->  Index Scan using sbtest5_pkey on sbtest5  (cost=0.43..8.46 rows=1 width=10)
	        Index Cond: (id = 6063276)

table 6 : explain UPDATE sbtest6 SET k=k+1 WHERE id=4901980
	Update on sbtest6  (cost=0.43..8.46 rows=0 width=0)
	  ->  Index Scan using sbtest6_pkey on sbtest6  (cost=0.43..8.46 rows=1 width=10)
	        Index Cond: (id = 4901980)

table 7 : explain UPDATE sbtest7 SET k=k+1 WHERE id=9421340
	Update on sbtest7  (cost=0.43..8.46 rows=0 width=0)
	  ->  Index Scan using sbtest7_pkey on sbtest7  (cost=0.43..8.46 rows=1 width=10)
	        Index Cond: (id = 9421340)

table 8 : explain UPDATE sbtest8 SET k=k+1 WHERE id=1290780
	Update on sbtest8  (cost=0.43..8.46 rows=0 width=0)
	  ->  Index Scan using sbtest8_pkey on sbtest8  (cost=0.43..8.46 rows=1 width=10)
	        Index Cond: (id = 1290780)


explain: for deletes :: explain DELETE FROM sbtest%u WHERE id=%u
for: distinct_ranges
table 1 : explain SELECT DISTINCT c FROM sbtest1 WHERE id BETWEEN 9922888 AND 9922897 ORDER BY c
	Unique  (cost=39.53..39.58 rows=10 width=121)
	  ->  Sort  (cost=39.53..39.56 rows=10 width=121)
	        Sort Key: c
	        ->  Index Scan using sbtest1_pkey on sbtest1  (cost=0.43..39.37 rows=10 width=121)
	              Index Cond: ((id >= 9922888) AND (id <= 9922897))

table 2 : explain SELECT DISTINCT c FROM sbtest2 WHERE id BETWEEN 4360864 AND 4360873 ORDER BY c
	Unique  (cost=36.02..36.06 rows=9 width=121)
	  ->  Sort  (cost=36.02..36.04 rows=9 width=121)
	        Sort Key: c
	        ->  Index Scan using sbtest2_pkey on sbtest2  (cost=0.43..35.87 rows=9 width=121)
	              Index Cond: ((id >= 4360864) AND (id <= 4360873))

table 3 : explain SELECT DISTINCT c FROM sbtest3 WHERE id BETWEEN 6170833 AND 6170842 ORDER BY c
	Unique  (cost=39.22..39.27 rows=10 width=121)
	  ->  Sort  (cost=39.22..39.25 rows=10 width=121)
	        Sort Key: c
	        ->  Index Scan using sbtest3_pkey on sbtest3  (cost=0.43..39.05 rows=10 width=121)
	              Index Cond: ((id >= 6170833) AND (id <= 6170842))

table 4 : explain SELECT DISTINCT c FROM sbtest4 WHERE id BETWEEN 9909337 AND 9909346 ORDER BY c
	Unique  (cost=39.69..39.74 rows=10 width=121)
	  ->  Sort  (cost=39.69..39.71 rows=10 width=121)
	        Sort Key: c
	        ->  Index Scan using sbtest4_pkey on sbtest4  (cost=0.43..39.52 rows=10 width=121)
	              Index Cond: ((id >= 9909337) AND (id <= 9909346))

table 5 : explain SELECT DISTINCT c FROM sbtest5 WHERE id BETWEEN 9062086 AND 9062095 ORDER BY c
	Unique  (cost=39.49..39.54 rows=10 width=121)
	  ->  Sort  (cost=39.49..39.51 rows=10 width=121)
	        Sort Key: c
	        ->  Index Scan using sbtest5_pkey on sbtest5  (cost=0.43..39.32 rows=10 width=121)
	              Index Cond: ((id >= 9062086) AND (id <= 9062095))

table 6 : explain SELECT DISTINCT c FROM sbtest6 WHERE id BETWEEN 2850097 AND 2850106 ORDER BY c
	Unique  (cost=36.13..36.18 rows=9 width=121)
	  ->  Sort  (cost=36.13..36.16 rows=9 width=121)
	        Sort Key: c
	        ->  Index Scan using sbtest6_pkey on sbtest6  (cost=0.43..35.99 rows=9 width=121)
	              Index Cond: ((id >= 2850097) AND (id <= 2850106))

table 7 : explain SELECT DISTINCT c FROM sbtest7 WHERE id BETWEEN 9291739 AND 9291748 ORDER BY c
	Unique  (cost=43.17..43.23 rows=11 width=121)
	  ->  Sort  (cost=43.17..43.20 rows=11 width=121)
	        Sort Key: c
	        ->  Index Scan using sbtest7_pkey on sbtest7  (cost=0.43..42.98 rows=11 width=121)
	              Index Cond: ((id >= 9291739) AND (id <= 9291748))

table 8 : explain SELECT DISTINCT c FROM sbtest8 WHERE id BETWEEN 6247555 AND 6247564 ORDER BY c
	Unique  (cost=39.48..39.53 rows=10 width=121)
	  ->  Sort  (cost=39.48..39.50 rows=10 width=121)
	        Sort Key: c
	        ->  Index Scan using sbtest8_pkey on sbtest8  (cost=0.43..39.31 rows=10 width=121)
	              Index Cond: ((id >= 6247555) AND (id <= 6247564))

for inserts
table 1 : explain INSERT INTO sbtest1 (id, k, c, pad) VALUES (959727, 13, 'foobar', 'foobar')
	Insert on sbtest1  (cost=0.00..0.01 rows=0 width=0)
	  ->  Result  (cost=0.00..0.01 rows=1 width=736)

table 2 : explain INSERT INTO sbtest2 (id, k, c, pad) VALUES (902863, 13, 'foobar', 'foobar')
	Insert on sbtest2  (cost=0.00..0.01 rows=0 width=0)
	  ->  Result  (cost=0.00..0.01 rows=1 width=736)

table 3 : explain INSERT INTO sbtest3 (id, k, c, pad) VALUES (1518518, 13, 'foobar', 'foobar')
	Insert on sbtest3  (cost=0.00..0.01 rows=0 width=0)
	  ->  Result  (cost=0.00..0.01 rows=1 width=736)

table 4 : explain INSERT INTO sbtest4 (id, k, c, pad) VALUES (4732696, 13, 'foobar', 'foobar')
	Insert on sbtest4  (cost=0.00..0.01 rows=0 width=0)
	  ->  Result  (cost=0.00..0.01 rows=1 width=736)

table 5 : explain INSERT INTO sbtest5 (id, k, c, pad) VALUES (3103325, 13, 'foobar', 'foobar')
	Insert on sbtest5  (cost=0.00..0.01 rows=0 width=0)
	  ->  Result  (cost=0.00..0.01 rows=1 width=736)

table 6 : explain INSERT INTO sbtest6 (id, k, c, pad) VALUES (416974, 13, 'foobar', 'foobar')
	Insert on sbtest6  (cost=0.00..0.01 rows=0 width=0)
	  ->  Result  (cost=0.00..0.01 rows=1 width=736)

table 7 : explain INSERT INTO sbtest7 (id, k, c, pad) VALUES (2176787, 13, 'foobar', 'foobar')
	Insert on sbtest7  (cost=0.00..0.01 rows=0 width=0)
	  ->  Result  (cost=0.00..0.01 rows=1 width=736)

table 8 : explain INSERT INTO sbtest8 (id, k, c, pad) VALUES (8455470, 13, 'foobar', 'foobar')
	Insert on sbtest8  (cost=0.00..0.01 rows=0 width=0)
	  ->  Result  (cost=0.00..0.01 rows=1 width=736)

explain: for index_updates :: explain UPDATE sbtest%u SET k=k+1 WHERE id=%u
for: sum_ranges
table 1 : explain SELECT SUM(k) FROM sbtest1 WHERE id BETWEEN 1040286 AND 1040295
	Aggregate  (cost=42.83..42.84 rows=1 width=8)
	  ->  Index Scan using sbtest1_pkey on sbtest1  (cost=0.43..42.80 rows=11 width=4)
	        Index Cond: ((id >= 1040286) AND (id <= 1040295))

table 2 : explain SELECT SUM(k) FROM sbtest2 WHERE id BETWEEN 8275447 AND 8275456
	Aggregate  (cost=35.90..35.91 rows=1 width=8)
	  ->  Index Scan using sbtest2_pkey on sbtest2  (cost=0.43..35.87 rows=9 width=4)
	        Index Cond: ((id >= 8275447) AND (id <= 8275456))

table 3 : explain SELECT SUM(k) FROM sbtest3 WHERE id BETWEEN 7317200 AND 7317209
	Aggregate  (cost=39.08..39.09 rows=1 width=8)
	  ->  Index Scan using sbtest3_pkey on sbtest3  (cost=0.43..39.05 rows=10 width=4)
	        Index Cond: ((id >= 7317200) AND (id <= 7317209))

table 4 : explain SELECT SUM(k) FROM sbtest4 WHERE id BETWEEN 910376 AND 910385
	Aggregate  (cost=39.55..39.56 rows=1 width=8)
	  ->  Index Scan using sbtest4_pkey on sbtest4  (cost=0.43..39.52 rows=10 width=4)
	        Index Cond: ((id >= 910376) AND (id <= 910385))

table 5 : explain SELECT SUM(k) FROM sbtest5 WHERE id BETWEEN 6629508 AND 6629517
	Aggregate  (cost=39.34..39.35 rows=1 width=8)
	  ->  Index Scan using sbtest5_pkey on sbtest5  (cost=0.43..39.32 rows=10 width=4)
	        Index Cond: ((id >= 6629508) AND (id <= 6629517))

table 6 : explain SELECT SUM(k) FROM sbtest6 WHERE id BETWEEN 4870933 AND 4870942
	Aggregate  (cost=39.46..39.47 rows=1 width=8)
	  ->  Index Scan using sbtest6_pkey on sbtest6  (cost=0.43..39.43 rows=10 width=4)
	        Index Cond: ((id >= 4870933) AND (id <= 4870942))

table 7 : explain SELECT SUM(k) FROM sbtest7 WHERE id BETWEEN 8398706 AND 8398715
	Aggregate  (cost=43.01..43.02 rows=1 width=8)
	  ->  Index Scan using sbtest7_pkey on sbtest7  (cost=0.43..42.98 rows=11 width=4)
	        Index Cond: ((id >= 8398706) AND (id <= 8398715))

table 8 : explain SELECT SUM(k) FROM sbtest8 WHERE id BETWEEN 6099835 AND 6099844
	Aggregate  (cost=39.34..39.35 rows=1 width=8)
	  ->  Index Scan using sbtest8_pkey on sbtest8  (cost=0.43..39.31 rows=10 width=4)
	        Index Cond: ((id >= 6099835) AND (id <= 6099844))

explain: for non_index_updates :: explain UPDATE sbtest%u SET c='foobar' WHERE id=%u
for: distinct_ranges
table 1 : explain SELECT DISTINCT c FROM sbtest1 WHERE id BETWEEN 1073948 AND 1073957 ORDER BY c
	Unique  (cost=42.99..43.05 rows=11 width=121)
	  ->  Sort  (cost=42.99..43.02 rows=11 width=121)
	        Sort Key: c
	        ->  Index Scan using sbtest1_pkey on sbtest1  (cost=0.43..42.80 rows=11 width=121)
	              Index Cond: ((id >= 1073948) AND (id <= 1073957))

table 2 : explain SELECT DISTINCT c FROM sbtest2 WHERE id BETWEEN 4186310 AND 4186319 ORDER BY c
	Unique  (cost=39.47..39.52 rows=10 width=121)
	  ->  Sort  (cost=39.47..39.49 rows=10 width=121)
	        Sort Key: c
	        ->  Index Scan using sbtest2_pkey on sbtest2  (cost=0.43..39.30 rows=10 width=121)
	              Index Cond: ((id >= 4186310) AND (id <= 4186319))

table 3 : explain SELECT DISTINCT c FROM sbtest3 WHERE id BETWEEN 6426406 AND 6426415 ORDER BY c
	Unique  (cost=42.65..42.70 rows=11 width=121)
	  ->  Sort  (cost=42.65..42.67 rows=11 width=121)
	        Sort Key: c
	        ->  Index Scan using sbtest3_pkey on sbtest3  (cost=0.43..42.45 rows=11 width=121)
	              Index Cond: ((id >= 6426406) AND (id <= 6426415))

table 4 : explain SELECT DISTINCT c FROM sbtest4 WHERE id BETWEEN 5340486 AND 5340495 ORDER BY c
	Unique  (cost=39.69..39.74 rows=10 width=121)
	  ->  Sort  (cost=39.69..39.71 rows=10 width=121)
	        Sort Key: c
	        ->  Index Scan using sbtest4_pkey on sbtest4  (cost=0.43..39.52 rows=10 width=121)
	              Index Cond: ((id >= 5340486) AND (id <= 5340495))

table 5 : explain SELECT DISTINCT c FROM sbtest5 WHERE id BETWEEN 9730442 AND 9730451 ORDER BY c
	Unique  (cost=42.94..42.99 rows=11 width=121)
	  ->  Sort  (cost=42.94..42.97 rows=11 width=121)
	        Sort Key: c
	        ->  Index Scan using sbtest5_pkey on sbtest5  (cost=0.43..42.75 rows=11 width=121)
	              Index Cond: ((id >= 9730442) AND (id <= 9730451))

table 6 : explain SELECT DISTINCT c FROM sbtest6 WHERE id BETWEEN 2338491 AND 2338500 ORDER BY c
	Unique  (cost=39.60..39.65 rows=10 width=121)
	  ->  Sort  (cost=39.60..39.62 rows=10 width=121)
	        Sort Key: c
	        ->  Index Scan using sbtest6_pkey on sbtest6  (cost=0.43..39.43 rows=10 width=121)
	              Index Cond: ((id >= 2338491) AND (id <= 2338500))

table 7 : explain SELECT DISTINCT c FROM sbtest7 WHERE id BETWEEN 602819 AND 602828 ORDER BY c
	Unique  (cost=39.70..39.75 rows=10 width=121)
	  ->  Sort  (cost=39.70..39.72 rows=10 width=121)
	        Sort Key: c
	        ->  Index Scan using sbtest7_pkey on sbtest7  (cost=0.43..39.53 rows=10 width=121)
	              Index Cond: ((id >= 602819) AND (id <= 602828))

table 8 : explain SELECT DISTINCT c FROM sbtest8 WHERE id BETWEEN 3692406 AND 3692415 ORDER BY c
	Unique  (cost=42.93..42.98 rows=11 width=121)
	  ->  Sort  (cost=42.93..42.96 rows=11 width=121)
	        Sort Key: c
	        ->  Index Scan using sbtest8_pkey on sbtest8  (cost=0.43..42.74 rows=11 width=121)
	              Index Cond: ((id >= 3692406) AND (id <= 3692415))

explain: for index_updates :: explain UPDATE sbtest%u SET k=k+1 WHERE id=%u
for index_updates
table 1 : explain UPDATE sbtest1 SET k=k+1 WHERE id=7745995
	Update on sbtest1  (cost=0.43..8.46 rows=0 width=0)
	  ->  Index Scan using sbtest1_pkey on sbtest1  (cost=0.43..8.46 rows=1 width=10)
	        Index Cond: (id = 7745995)

table 2 : explain UPDATE sbtest2 SET k=k+1 WHERE id=477464
	Update on sbtest2  (cost=0.43..8.46 rows=0 width=0)
	  ->  Index Scan using sbtest2_pkey on sbtest2  (cost=0.43..8.46 rows=1 width=10)
	        Index Cond: (id = 477464)

table 3 : explain UPDATE sbtest3 SET k=k+1 WHERE id=8846411
	Update on sbtest3  (cost=0.43..8.46 rows=0 width=0)
	  ->  Index Scan using sbtest3_pkey on sbtest3  (cost=0.43..8.46 rows=1 width=10)
	        Index Cond: (id = 8846411)

table 4 : explain UPDATE sbtest4 SET k=k+1 WHERE id=5338446
	Update on sbtest4  (cost=0.43..8.46 rows=0 width=0)
	  ->  Index Scan using sbtest4_pkey on sbtest4  (cost=0.43..8.46 rows=1 width=10)
	        Index Cond: (id = 5338446)

table 5 : explain UPDATE sbtest5 SET k=k+1 WHERE id=6421838
	Update on sbtest5  (cost=0.43..8.46 rows=0 width=0)
	  ->  Index Scan using sbtest5_pkey on sbtest5  (cost=0.43..8.46 rows=1 width=10)
	        Index Cond: (id = 6421838)

table 6 : explain UPDATE sbtest6 SET k=k+1 WHERE id=5846502
	Update on sbtest6  (cost=0.43..8.46 rows=0 width=0)
	  ->  Index Scan using sbtest6_pkey on sbtest6  (cost=0.43..8.46 rows=1 width=10)
	        Index Cond: (id = 5846502)

table 7 : explain UPDATE sbtest7 SET k=k+1 WHERE id=4814283
	Update on sbtest7  (cost=0.43..8.46 rows=0 width=0)
	  ->  Index Scan using sbtest7_pkey on sbtest7  (cost=0.43..8.46 rows=1 width=10)
	        Index Cond: (id = 4814283)

table 8 : explain UPDATE sbtest8 SET k=k+1 WHERE id=6938757
	Update on sbtest8  (cost=0.43..8.46 rows=0 width=0)
	  ->  Index Scan using sbtest8_pkey on sbtest8  (cost=0.43..8.46 rows=1 width=10)
	        Index Cond: (id = 6938757)

for deletes
table 1 : explain DELETE FROM sbtest1 WHERE id=5583836
	Delete on sbtest1  (cost=0.43..8.45 rows=0 width=0)
	  ->  Index Scan using sbtest1_pkey on sbtest1  (cost=0.43..8.45 rows=1 width=6)
	        Index Cond: (id = 5583836)

table 2 : explain DELETE FROM sbtest2 WHERE id=4795130
	Delete on sbtest2  (cost=0.43..8.45 rows=0 width=0)
	  ->  Index Scan using sbtest2_pkey on sbtest2  (cost=0.43..8.45 rows=1 width=6)
	        Index Cond: (id = 4795130)

table 3 : explain DELETE FROM sbtest3 WHERE id=7051731
	Delete on sbtest3  (cost=0.43..8.45 rows=0 width=0)
	  ->  Index Scan using sbtest3_pkey on sbtest3  (cost=0.43..8.45 rows=1 width=6)
	        Index Cond: (id = 7051731)

table 4 : explain DELETE FROM sbtest4 WHERE id=7735492
	Delete on sbtest4  (cost=0.43..8.45 rows=0 width=0)
	  ->  Index Scan using sbtest4_pkey on sbtest4  (cost=0.43..8.45 rows=1 width=6)
	        Index Cond: (id = 7735492)

table 5 : explain DELETE FROM sbtest5 WHERE id=775485
	Delete on sbtest5  (cost=0.43..8.45 rows=0 width=0)
	  ->  Index Scan using sbtest5_pkey on sbtest5  (cost=0.43..8.45 rows=1 width=6)
	        Index Cond: (id = 775485)

table 6 : explain DELETE FROM sbtest6 WHERE id=3869011
	Delete on sbtest6  (cost=0.43..8.45 rows=0 width=0)
	  ->  Index Scan using sbtest6_pkey on sbtest6  (cost=0.43..8.45 rows=1 width=6)
	        Index Cond: (id = 3869011)

table 7 : explain DELETE FROM sbtest7 WHERE id=5197236
	Delete on sbtest7  (cost=0.43..8.45 rows=0 width=0)
	  ->  Index Scan using sbtest7_pkey on sbtest7  (cost=0.43..8.45 rows=1 width=6)
	        Index Cond: (id = 5197236)

table 8 : explain DELETE FROM sbtest8 WHERE id=2733099
	Delete on sbtest8  (cost=0.43..8.45 rows=0 width=0)
	  ->  Index Scan using sbtest8_pkey on sbtest8  (cost=0.43..8.45 rows=1 width=6)
	        Index Cond: (id = 2733099)

for deletes
table 1 : explain DELETE FROM sbtest1 WHERE id=9466596
	Delete on sbtest1  (cost=0.43..8.45 rows=0 width=0)
	  ->  Index Scan using sbtest1_pkey on sbtest1  (cost=0.43..8.45 rows=1 width=6)
	        Index Cond: (id = 9466596)

table 2 : explain DELETE FROM sbtest2 WHERE id=5350080
	Delete on sbtest2  (cost=0.43..8.45 rows=0 width=0)
	  ->  Index Scan using sbtest2_pkey on sbtest2  (cost=0.43..8.45 rows=1 width=6)
	        Index Cond: (id = 5350080)

table 3 : explain DELETE FROM sbtest3 WHERE id=1951321
	Delete on sbtest3  (cost=0.43..8.45 rows=0 width=0)
	  ->  Index Scan using sbtest3_pkey on sbtest3  (cost=0.43..8.45 rows=1 width=6)
	        Index Cond: (id = 1951321)

table 4 : explain DELETE FROM sbtest4 WHERE id=7951486
	Delete on sbtest4  (cost=0.43..8.45 rows=0 width=0)
	  ->  Index Scan using sbtest4_pkey on sbtest4  (cost=0.43..8.45 rows=1 width=6)
	        Index Cond: (id = 7951486)

table 5 : explain DELETE FROM sbtest5 WHERE id=4028214
	Delete on sbtest5  (cost=0.43..8.45 rows=0 width=0)
	  ->  Index Scan using sbtest5_pkey on sbtest5  (cost=0.43..8.45 rows=1 width=6)
	        Index Cond: (id = 4028214)

table 6 : explain DELETE FROM sbtest6 WHERE id=1368409
	Delete on sbtest6  (cost=0.43..8.45 rows=0 width=0)
	  ->  Index Scan using sbtest6_pkey on sbtest6  (cost=0.43..8.45 rows=1 width=6)
	        Index Cond: (id = 1368409)

table 7 : explain DELETE FROM sbtest7 WHERE id=8815080
	Delete on sbtest7  (cost=0.43..8.45 rows=0 width=0)
	  ->  Index Scan using sbtest7_pkey on sbtest7  (cost=0.43..8.45 rows=1 width=6)
	        Index Cond: (id = 8815080)

table 8 : explain DELETE FROM sbtest8 WHERE id=4548639
	Delete on sbtest8  (cost=0.43..8.45 rows=0 width=0)
	  ->  Index Scan using sbtest8_pkey on sbtest8  (cost=0.43..8.45 rows=1 width=6)
	        Index Cond: (id = 4548639)

explain: for non_index_updates :: explain UPDATE sbtest%u SET c='foobar' WHERE id=%u
for: distinct_ranges
table 1 : explain SELECT DISTINCT c FROM sbtest1 WHERE id BETWEEN 9008594 AND 9008603 ORDER BY c
	Unique  (cost=39.53..39.58 rows=10 width=121)
	  ->  Sort  (cost=39.53..39.56 rows=10 width=121)
	        Sort Key: c
	        ->  Index Scan using sbtest1_pkey on sbtest1  (cost=0.43..39.37 rows=10 width=121)
	              Index Cond: ((id >= 9008594) AND (id <= 9008603))

table 2 : explain SELECT DISTINCT c FROM sbtest2 WHERE id BETWEEN 6986368 AND 6986377 ORDER BY c
	Unique  (cost=36.02..36.06 rows=9 width=121)
	  ->  Sort  (cost=36.02..36.04 rows=9 width=121)
	        Sort Key: c
	        ->  Index Scan using sbtest2_pkey on sbtest2  (cost=0.43..35.87 rows=9 width=121)
	              Index Cond: ((id >= 6986368) AND (id <= 6986377))

table 3 : explain SELECT DISTINCT c FROM sbtest3 WHERE id BETWEEN 6409872 AND 6409881 ORDER BY c
	Unique  (cost=42.65..42.70 rows=11 width=121)
	  ->  Sort  (cost=42.65..42.67 rows=11 width=121)
	        Sort Key: c
	        ->  Index Scan using sbtest3_pkey on sbtest3  (cost=0.43..42.45 rows=11 width=121)
	              Index Cond: ((id >= 6409872) AND (id <= 6409881))

table 4 : explain SELECT DISTINCT c FROM sbtest4 WHERE id BETWEEN 1107889 AND 1107898 ORDER BY c
	Unique  (cost=36.21..36.26 rows=9 width=121)
	  ->  Sort  (cost=36.21..36.23 rows=9 width=121)
	        Sort Key: c
	        ->  Index Scan using sbtest4_pkey on sbtest4  (cost=0.43..36.07 rows=9 width=121)
	              Index Cond: ((id >= 1107889) AND (id <= 1107898))

table 5 : explain SELECT DISTINCT c FROM sbtest5 WHERE id BETWEEN 4705486 AND 4705495 ORDER BY c
	Unique  (cost=36.03..36.08 rows=9 width=121)
	  ->  Sort  (cost=36.03..36.06 rows=9 width=121)
	        Sort Key: c
	        ->  Index Scan using sbtest5_pkey on sbtest5  (cost=0.43..35.89 rows=9 width=121)
	              Index Cond: ((id >= 4705486) AND (id <= 4705495))

table 6 : explain SELECT DISTINCT c FROM sbtest6 WHERE id BETWEEN 3778820 AND 3778829 ORDER BY c
	Unique  (cost=39.60..39.65 rows=10 width=121)
	  ->  Sort  (cost=39.60..39.62 rows=10 width=121)
	        Sort Key: c
	        ->  Index Scan using sbtest6_pkey on sbtest6  (cost=0.43..39.43 rows=10 width=121)
	              Index Cond: ((id >= 3778820) AND (id <= 3778829))

table 7 : explain SELECT DISTINCT c FROM sbtest7 WHERE id BETWEEN 9386753 AND 9386762 ORDER BY c
	Unique  (cost=39.70..39.75 rows=10 width=121)
	  ->  Sort  (cost=39.70..39.72 rows=10 width=121)
	        Sort Key: c
	        ->  Index Scan using sbtest7_pkey on sbtest7  (cost=0.43..39.53 rows=10 width=121)
	              Index Cond: ((id >= 9386753) AND (id <= 9386762))

table 8 : explain SELECT DISTINCT c FROM sbtest8 WHERE id BETWEEN 156435 AND 156444 ORDER BY c
	Unique  (cost=39.48..39.53 rows=10 width=121)
	  ->  Sort  (cost=39.48..39.50 rows=10 width=121)
	        Sort Key: c
	        ->  Index Scan using sbtest8_pkey on sbtest8  (cost=0.43..39.31 rows=10 width=121)
	              Index Cond: ((id >= 156435) AND (id <= 156444))
explain: for index_updates :: explain UPDATE sbtest%u SET k=k+1 WHERE id=%u

for index_updates
table 1 : explain UPDATE sbtest1 SET k=k+1 WHERE id=9215434
	Update on sbtest1  (cost=0.43..8.46 rows=0 width=0)
	  ->  Index Scan using sbtest1_pkey on sbtest1  (cost=0.43..8.46 rows=1 width=10)
	        Index Cond: (id = 9215434)

table 2 : explain UPDATE sbtest2 SET k=k+1 WHERE id=7628169
	Update on sbtest2  (cost=0.43..8.46 rows=0 width=0)
	  ->  Index Scan using sbtest2_pkey on sbtest2  (cost=0.43..8.46 rows=1 width=10)
	        Index Cond: (id = 7628169)

table 3 : explain UPDATE sbtest3 SET k=k+1 WHERE id=8752436
	Update on sbtest3  (cost=0.43..8.46 rows=0 width=0)
	  ->  Index Scan using sbtest3_pkey on sbtest3  (cost=0.43..8.46 rows=1 width=10)
	        Index Cond: (id = 8752436)

table 4 : explain UPDATE sbtest4 SET k=k+1 WHERE id=9498475
	Update on sbtest4  (cost=0.43..8.46 rows=0 width=0)
	  ->  Index Scan using sbtest4_pkey on sbtest4  (cost=0.43..8.46 rows=1 width=10)
	        Index Cond: (id = 9498475)

table 5 : explain UPDATE sbtest5 SET k=k+1 WHERE id=8970155
	Update on sbtest5  (cost=0.43..8.46 rows=0 width=0)
	  ->  Index Scan using sbtest5_pkey on sbtest5  (cost=0.43..8.46 rows=1 width=10)
	        Index Cond: (id = 8970155)

table 6 : explain UPDATE sbtest6 SET k=k+1 WHERE id=8776854
	Update on sbtest6  (cost=0.43..8.46 rows=0 width=0)
	  ->  Index Scan using sbtest6_pkey on sbtest6  (cost=0.43..8.46 rows=1 width=10)
	        Index Cond: (id = 8776854)

table 7 : explain UPDATE sbtest7 SET k=k+1 WHERE id=7656779
	Update on sbtest7  (cost=0.43..8.46 rows=0 width=0)
	  ->  Index Scan using sbtest7_pkey on sbtest7  (cost=0.43..8.46 rows=1 width=10)
	        Index Cond: (id = 7656779)

table 8 : explain UPDATE sbtest8 SET k=k+1 WHERE id=7835035
	Update on sbtest8  (cost=0.43..8.46 rows=0 width=0)
	  ->  Index Scan using sbtest8_pkey on sbtest8  (cost=0.43..8.46 rows=1 width=10)
	        Index Cond: (id = 7835035)

for non_index_updates
table 1 : explain UPDATE sbtest1 SET c='foobar' WHERE id=4800766
	Update on sbtest1  (cost=0.43..8.45 rows=0 width=0)
	  ->  Index Scan using sbtest1_pkey on sbtest1  (cost=0.43..8.45 rows=1 width=490)
	        Index Cond: (id = 4800766)

table 2 : explain UPDATE sbtest2 SET c='foobar' WHERE id=9042737
	Update on sbtest2  (cost=0.43..8.45 rows=0 width=0)
	  ->  Index Scan using sbtest2_pkey on sbtest2  (cost=0.43..8.45 rows=1 width=490)
	        Index Cond: (id = 9042737)

table 3 : explain UPDATE sbtest3 SET c='foobar' WHERE id=6524263
	Update on sbtest3  (cost=0.43..8.45 rows=0 width=0)
	  ->  Index Scan using sbtest3_pkey on sbtest3  (cost=0.43..8.45 rows=1 width=490)
	        Index Cond: (id = 6524263)

table 4 : explain UPDATE sbtest4 SET c='foobar' WHERE id=7565706
	Update on sbtest4  (cost=0.43..8.45 rows=0 width=0)
	  ->  Index Scan using sbtest4_pkey on sbtest4  (cost=0.43..8.45 rows=1 width=490)
	        Index Cond: (id = 7565706)

table 5 : explain UPDATE sbtest5 SET c='foobar' WHERE id=7521657
	Update on sbtest5  (cost=0.43..8.45 rows=0 width=0)
	  ->  Index Scan using sbtest5_pkey on sbtest5  (cost=0.43..8.45 rows=1 width=490)
	        Index Cond: (id = 7521657)

table 6 : explain UPDATE sbtest6 SET c='foobar' WHERE id=39653
	Update on sbtest6  (cost=0.43..8.45 rows=0 width=0)
	  ->  Index Scan using sbtest6_pkey on sbtest6  (cost=0.43..8.45 rows=1 width=490)
	        Index Cond: (id = 39653)

table 7 : explain UPDATE sbtest7 SET c='foobar' WHERE id=6098392
	Update on sbtest7  (cost=0.43..8.45 rows=0 width=0)
	  ->  Index Scan using sbtest7_pkey on sbtest7  (cost=0.43..8.45 rows=1 width=490)
	        Index Cond: (id = 6098392)

table 8 : explain UPDATE sbtest8 SET c='foobar' WHERE id=5115634
	Update on sbtest8  (cost=0.43..8.45 rows=0 width=0)
	  ->  Index Scan using sbtest8_pkey on sbtest8  (cost=0.43..8.45 rows=1 width=490)
	        Index Cond: (id = 5115634)

explain: for non_index_updates :: explain UPDATE sbtest%u SET c='foobar' WHERE id=%u
for index_updates
table 1 : explain UPDATE sbtest1 SET k=k+1 WHERE id=5667881
	Update on sbtest1  (cost=0.43..8.46 rows=0 width=0)
	  ->  Index Scan using sbtest1_pkey on sbtest1  (cost=0.43..8.46 rows=1 width=10)
	        Index Cond: (id = 5667881)

table 2 : explain UPDATE sbtest2 SET k=k+1 WHERE id=260537
	Update on sbtest2  (cost=0.43..8.46 rows=0 width=0)
	  ->  Index Scan using sbtest2_pkey on sbtest2  (cost=0.43..8.46 rows=1 width=10)
	        Index Cond: (id = 260537)

table 3 : explain UPDATE sbtest3 SET k=k+1 WHERE id=2348217
	Update on sbtest3  (cost=0.43..8.46 rows=0 width=0)
	  ->  Index Scan using sbtest3_pkey on sbtest3  (cost=0.43..8.46 rows=1 width=10)
	        Index Cond: (id = 2348217)

table 4 : explain UPDATE sbtest4 SET k=k+1 WHERE id=5252534
	Update on sbtest4  (cost=0.43..8.46 rows=0 width=0)
	  ->  Index Scan using sbtest4_pkey on sbtest4  (cost=0.43..8.46 rows=1 width=10)
	        Index Cond: (id = 5252534)

table 5 : explain UPDATE sbtest5 SET k=k+1 WHERE id=4718076
	Update on sbtest5  (cost=0.43..8.46 rows=0 width=0)
	  ->  Index Scan using sbtest5_pkey on sbtest5  (cost=0.43..8.46 rows=1 width=10)
	        Index Cond: (id = 4718076)

table 6 : explain UPDATE sbtest6 SET k=k+1 WHERE id=2198579
	Update on sbtest6  (cost=0.43..8.46 rows=0 width=0)
	  ->  Index Scan using sbtest6_pkey on sbtest6  (cost=0.43..8.46 rows=1 width=10)
	        Index Cond: (id = 2198579)

table 7 : explain UPDATE sbtest7 SET k=k+1 WHERE id=755082
	Update on sbtest7  (cost=0.43..8.46 rows=0 width=0)
	  ->  Index Scan using sbtest7_pkey on sbtest7  (cost=0.43..8.46 rows=1 width=10)
	        Index Cond: (id = 755082)

table 8 : explain UPDATE sbtest8 SET k=k+1 WHERE id=8269080
	Update on sbtest8  (cost=0.43..8.46 rows=0 width=0)
	  ->  Index Scan using sbtest8_pkey on sbtest8  (cost=0.43..8.46 rows=1 width=10)
	        Index Cond: (id = 8269080)

explain: for deletes :: explain DELETE FROM sbtest%u WHERE id=%u
explain: for non_index_updates :: explain UPDATE sbtest%u SET c='foobar' WHERE id=%u
explain: for non_index_updates :: explain UPDATE sbtest%u SET c='foobar' WHERE id=%u
for: order_ranges
table 1 : explain SELECT c FROM sbtest1 WHERE id BETWEEN 7851926 AND 7851935 ORDER BY c
	Sort  (cost=39.53..39.56 rows=10 width=121)
	  Sort Key: c
	  ->  Index Scan using sbtest1_pkey on sbtest1  (cost=0.43..39.37 rows=10 width=121)
	        Index Cond: ((id >= 7851926) AND (id <= 7851935))

table 2 : explain SELECT c FROM sbtest2 WHERE id BETWEEN 8771090 AND 8771099 ORDER BY c
	Sort  (cost=36.02..36.04 rows=9 width=121)
	  Sort Key: c
	  ->  Index Scan using sbtest2_pkey on sbtest2  (cost=0.43..35.87 rows=9 width=121)
	        Index Cond: ((id >= 8771090) AND (id <= 8771099))

table 3 : explain SELECT c FROM sbtest3 WHERE id BETWEEN 2957265 AND 2957274 ORDER BY c
	Sort  (cost=39.22..39.25 rows=10 width=121)
	  Sort Key: c
	  ->  Index Scan using sbtest3_pkey on sbtest3  (cost=0.43..39.05 rows=10 width=121)
	        Index Cond: ((id >= 2957265) AND (id <= 2957274))

table 4 : explain SELECT c FROM sbtest4 WHERE id BETWEEN 5976041 AND 5976050 ORDER BY c
	Sort  (cost=39.69..39.71 rows=10 width=121)
	  Sort Key: c
	  ->  Index Scan using sbtest4_pkey on sbtest4  (cost=0.43..39.52 rows=10 width=121)
	        Index Cond: ((id >= 5976041) AND (id <= 5976050))

table 5 : explain SELECT c FROM sbtest5 WHERE id BETWEEN 9785874 AND 9785883 ORDER BY c
	Sort  (cost=42.94..42.97 rows=11 width=121)
	  Sort Key: c
	  ->  Index Scan using sbtest5_pkey on sbtest5  (cost=0.43..42.75 rows=11 width=121)
	        Index Cond: ((id >= 9785874) AND (id <= 9785883))

table 6 : explain SELECT c FROM sbtest6 WHERE id BETWEEN 8693570 AND 8693579 ORDER BY c
	Sort  (cost=36.13..36.16 rows=9 width=121)
	  Sort Key: c
	  ->  Index Scan using sbtest6_pkey on sbtest6  (cost=0.43..35.99 rows=9 width=121)
	        Index Cond: ((id >= 8693570) AND (id <= 8693579))

table 7 : explain SELECT c FROM sbtest7 WHERE id BETWEEN 2810185 AND 2810194 ORDER BY c
	Sort  (cost=39.70..39.72 rows=10 width=121)
	  Sort Key: c
	  ->  Index Scan using sbtest7_pkey on sbtest7  (cost=0.43..39.53 rows=10 width=121)
	        Index Cond: ((id >= 2810185) AND (id <= 2810194))

table 8 : explain SELECT c FROM sbtest8 WHERE id BETWEEN 7004182 AND 7004191 ORDER BY c
	Sort  (cost=39.48..39.50 rows=10 width=121)
	  Sort Key: c
	  ->  Index Scan using sbtest8_pkey on sbtest8  (cost=0.43..39.31 rows=10 width=121)
	        Index Cond: ((id >= 7004182) AND (id <= 7004191))

for: distinct_ranges
table 1 : explain SELECT DISTINCT c FROM sbtest1 WHERE id BETWEEN 4822772 AND 4822781 ORDER BY c
	Unique  (cost=39.53..39.58 rows=10 width=121)
	  ->  Sort  (cost=39.53..39.56 rows=10 width=121)
	        Sort Key: c
	        ->  Index Scan using sbtest1_pkey on sbtest1  (cost=0.43..39.37 rows=10 width=121)
	              Index Cond: ((id >= 4822772) AND (id <= 4822781))

table 2 : explain SELECT DISTINCT c FROM sbtest2 WHERE id BETWEEN 1379023 AND 1379032 ORDER BY c
	Unique  (cost=36.02..36.06 rows=9 width=121)
	  ->  Sort  (cost=36.02..36.04 rows=9 width=121)
	        Sort Key: c
	        ->  Index Scan using sbtest2_pkey on sbtest2  (cost=0.43..35.87 rows=9 width=121)
	              Index Cond: ((id >= 1379023) AND (id <= 1379032))

table 3 : explain SELECT DISTINCT c FROM sbtest3 WHERE id BETWEEN 8978910 AND 8978919 ORDER BY c
	Unique  (cost=42.65..42.70 rows=11 width=121)
	  ->  Sort  (cost=42.65..42.67 rows=11 width=121)
	        Sort Key: c
	        ->  Index Scan using sbtest3_pkey on sbtest3  (cost=0.43..42.45 rows=11 width=121)
	              Index Cond: ((id >= 8978910) AND (id <= 8978919))

table 4 : explain SELECT DISTINCT c FROM sbtest4 WHERE id BETWEEN 7313764 AND 7313773 ORDER BY c
	Unique  (cost=39.69..39.74 rows=10 width=121)
	  ->  Sort  (cost=39.69..39.71 rows=10 width=121)
	        Sort Key: c
	        ->  Index Scan using sbtest4_pkey on sbtest4  (cost=0.43..39.52 rows=10 width=121)
	              Index Cond: ((id >= 7313764) AND (id <= 7313773))

table 5 : explain SELECT DISTINCT c FROM sbtest5 WHERE id BETWEEN 9300414 AND 9300423 ORDER BY c
	Unique  (cost=42.94..42.99 rows=11 width=121)
	  ->  Sort  (cost=42.94..42.97 rows=11 width=121)
	        Sort Key: c
	        ->  Index Scan using sbtest5_pkey on sbtest5  (cost=0.43..42.75 rows=11 width=121)
	              Index Cond: ((id >= 9300414) AND (id <= 9300423))

table 6 : explain SELECT DISTINCT c FROM sbtest6 WHERE id BETWEEN 5231438 AND 5231447 ORDER BY c
	Unique  (cost=43.07..43.12 rows=11 width=121)
	  ->  Sort  (cost=43.07..43.09 rows=11 width=121)
	        Sort Key: c
	        ->  Index Scan using sbtest6_pkey on sbtest6  (cost=0.43..42.88 rows=11 width=121)
	              Index Cond: ((id >= 5231438) AND (id <= 5231447))

table 7 : explain SELECT DISTINCT c FROM sbtest7 WHERE id BETWEEN 5239747 AND 5239756 ORDER BY c
	Unique  (cost=36.22..36.26 rows=9 width=121)
	  ->  Sort  (cost=36.22..36.24 rows=9 width=121)
	        Sort Key: c
	        ->  Index Scan using sbtest7_pkey on sbtest7  (cost=0.43..36.08 rows=9 width=121)
	              Index Cond: ((id >= 5239747) AND (id <= 5239756))

table 8 : explain SELECT DISTINCT c FROM sbtest8 WHERE id BETWEEN 744590 AND 744599 ORDER BY c
	Unique  (cost=39.48..39.53 rows=10 width=121)
	  ->  Sort  (cost=39.48..39.50 rows=10 width=121)
	        Sort Key: c
	        ->  Index Scan using sbtest8_pkey on sbtest8  (cost=0.43..39.31 rows=10 width=121)
	              Index Cond: ((id >= 744590) AND (id <= 744599))

for non_index_updates
table 1 : explain UPDATE sbtest1 SET c='foobar' WHERE id=3501962
	Update on sbtest1  (cost=0.43..8.45 rows=0 width=0)
	  ->  Index Scan using sbtest1_pkey on sbtest1  (cost=0.43..8.45 rows=1 width=490)
	        Index Cond: (id = 3501962)

table 2 : explain UPDATE sbtest2 SET c='foobar' WHERE id=1049282
	Update on sbtest2  (cost=0.43..8.45 rows=0 width=0)
	  ->  Index Scan using sbtest2_pkey on sbtest2  (cost=0.43..8.45 rows=1 width=490)
	        Index Cond: (id = 1049282)

table 3 : explain UPDATE sbtest3 SET c='foobar' WHERE id=8470072
	Update on sbtest3  (cost=0.43..8.45 rows=0 width=0)
	  ->  Index Scan using sbtest3_pkey on sbtest3  (cost=0.43..8.45 rows=1 width=490)
	        Index Cond: (id = 8470072)

table 4 : explain UPDATE sbtest4 SET c='foobar' WHERE id=4809069
	Update on sbtest4  (cost=0.43..8.45 rows=0 width=0)
	  ->  Index Scan using sbtest4_pkey on sbtest4  (cost=0.43..8.45 rows=1 width=490)
	        Index Cond: (id = 4809069)

table 5 : explain UPDATE sbtest5 SET c='foobar' WHERE id=192836
	Update on sbtest5  (cost=0.43..8.45 rows=0 width=0)
	  ->  Index Scan using sbtest5_pkey on sbtest5  (cost=0.43..8.45 rows=1 width=490)
	        Index Cond: (id = 192836)

table 6 : explain UPDATE sbtest6 SET c='foobar' WHERE id=4024440
	Update on sbtest6  (cost=0.43..8.45 rows=0 width=0)
	  ->  Index Scan using sbtest6_pkey on sbtest6  (cost=0.43..8.45 rows=1 width=490)
	        Index Cond: (id = 4024440)

table 7 : explain UPDATE sbtest7 SET c='foobar' WHERE id=2692026
	Update on sbtest7  (cost=0.43..8.45 rows=0 width=0)
	  ->  Index Scan using sbtest7_pkey on sbtest7  (cost=0.43..8.45 rows=1 width=490)
	        Index Cond: (id = 2692026)

table 8 : explain UPDATE sbtest8 SET c='foobar' WHERE id=7630733
	Update on sbtest8  (cost=0.43..8.45 rows=0 width=0)
	  ->  Index Scan using sbtest8_pkey on sbtest8  (cost=0.43..8.45 rows=1 width=490)
	        Index Cond: (id = 7630733)
for: distinct_ranges
table 1 : explain SELECT DISTINCT c FROM sbtest1 WHERE id BETWEEN 2873134 AND 2873143 ORDER BY c
	Unique  (cost=39.53..39.58 rows=10 width=121)
	  ->  Sort  (cost=39.53..39.56 rows=10 width=121)
	        Sort Key: c
	        ->  Index Scan using sbtest1_pkey on sbtest1  (cost=0.43..39.37 rows=10 width=121)
	              Index Cond: ((id >= 2873134) AND (id <= 2873143))

table 2 : explain SELECT DISTINCT c FROM sbtest2 WHERE id BETWEEN 3041641 AND 3041650 ORDER BY c
	Unique  (cost=39.47..39.52 rows=10 width=121)
	  ->  Sort  (cost=39.47..39.49 rows=10 width=121)
	        Sort Key: c
	        ->  Index Scan using sbtest2_pkey on sbtest2  (cost=0.43..39.30 rows=10 width=121)
	              Index Cond: ((id >= 3041641) AND (id <= 3041650))

table 3 : explain SELECT DISTINCT c FROM sbtest3 WHERE id BETWEEN 1553252 AND 1553261 ORDER BY c
	Unique  (cost=39.22..39.27 rows=10 width=121)
	  ->  Sort  (cost=39.22..39.25 rows=10 width=121)
	        Sort Key: c
	        ->  Index Scan using sbtest3_pkey on sbtest3  (cost=0.43..39.05 rows=10 width=121)
	              Index Cond: ((id >= 1553252) AND (id <= 1553261))

table 4 : explain SELECT DISTINCT c FROM sbtest4 WHERE id BETWEEN 3363186 AND 3363195 ORDER BY c
	Unique  (cost=36.21..36.26 rows=9 width=121)
	  ->  Sort  (cost=36.21..36.23 rows=9 width=121)
	        Sort Key: c
	        ->  Index Scan using sbtest4_pkey on sbtest4  (cost=0.43..36.07 rows=9 width=121)
	              Index Cond: ((id >= 3363186) AND (id <= 3363195))

table 5 : explain SELECT DISTINCT c FROM sbtest5 WHERE id BETWEEN 7327785 AND 7327794 ORDER BY c
	Unique  (cost=36.03..36.08 rows=9 width=121)
	  ->  Sort  (cost=36.03..36.06 rows=9 width=121)
	        Sort Key: c
	        ->  Index Scan using sbtest5_pkey on sbtest5  (cost=0.43..35.89 rows=9 width=121)
	              Index Cond: ((id >= 7327785) AND (id <= 7327794))

table 6 : explain SELECT DISTINCT c FROM sbtest6 WHERE id BETWEEN 5288122 AND 5288131 ORDER BY c
	Unique  (cost=43.07..43.12 rows=11 width=121)
	  ->  Sort  (cost=43.07..43.09 rows=11 width=121)
	        Sort Key: c
	        ->  Index Scan using sbtest6_pkey on sbtest6  (cost=0.43..42.88 rows=11 width=121)
	              Index Cond: ((id >= 5288122) AND (id <= 5288131))

table 7 : explain SELECT DISTINCT c FROM sbtest7 WHERE id BETWEEN 5516645 AND 5516654 ORDER BY c
	Unique  (cost=39.70..39.75 rows=10 width=121)
	  ->  Sort  (cost=39.70..39.72 rows=10 width=121)
	        Sort Key: c
	        ->  Index Scan using sbtest7_pkey on sbtest7  (cost=0.43..39.53 rows=10 width=121)
	              Index Cond: ((id >= 5516645) AND (id <= 5516654))

table 8 : explain SELECT DISTINCT c FROM sbtest8 WHERE id BETWEEN 8050175 AND 8050184 ORDER BY c
	Unique  (cost=39.48..39.53 rows=10 width=121)
	  ->  Sort  (cost=39.48..39.50 rows=10 width=121)
	        Sort Key: c
	        ->  Index Scan using sbtest8_pkey on sbtest8  (cost=0.43..39.31 rows=10 width=121)
	              Index Cond: ((id >= 8050175) AND (id <= 8050184))


explain: for index_updates :: explain UPDATE sbtest%u SET k=k+1 WHERE id=%u
for deletes
table 1 : explain DELETE FROM sbtest1 WHERE id=1567839
	Delete on sbtest1  (cost=0.43..8.45 rows=0 width=0)
	  ->  Index Scan using sbtest1_pkey on sbtest1  (cost=0.43..8.45 rows=1 width=6)
	        Index Cond: (id = 1567839)

table 2 : explain DELETE FROM sbtest2 WHERE id=8355415
	Delete on sbtest2  (cost=0.43..8.45 rows=0 width=0)
	  ->  Index Scan using sbtest2_pkey on sbtest2  (cost=0.43..8.45 rows=1 width=6)
	        Index Cond: (id = 8355415)

table 3 : explain DELETE FROM sbtest3 WHERE id=7680315
	Delete on sbtest3  (cost=0.43..8.45 rows=0 width=0)
	  ->  Index Scan using sbtest3_pkey on sbtest3  (cost=0.43..8.45 rows=1 width=6)
	        Index Cond: (id = 7680315)

table 4 : explain DELETE FROM sbtest4 WHERE id=2811224
	Delete on sbtest4  (cost=0.43..8.45 rows=0 width=0)
	  ->  Index Scan using sbtest4_pkey on sbtest4  (cost=0.43..8.45 rows=1 width=6)
	        Index Cond: (id = 2811224)

table 5 : explain DELETE FROM sbtest5 WHERE id=7776607
	Delete on sbtest5  (cost=0.43..8.45 rows=0 width=0)
	  ->  Index Scan using sbtest5_pkey on sbtest5  (cost=0.43..8.45 rows=1 width=6)
	        Index Cond: (id = 7776607)

table 6 : explain DELETE FROM sbtest6 WHERE id=9239712
	Delete on sbtest6  (cost=0.43..8.45 rows=0 width=0)
	  ->  Index Scan using sbtest6_pkey on sbtest6  (cost=0.43..8.45 rows=1 width=6)
	        Index Cond: (id = 9239712)

table 7 : explain DELETE FROM sbtest7 WHERE id=4001588
	Delete on sbtest7  (cost=0.43..8.45 rows=0 width=0)
	  ->  Index Scan using sbtest7_pkey on sbtest7  (cost=0.43..8.45 rows=1 width=6)
	        Index Cond: (id = 4001588)

table 8 : explain DELETE FROM sbtest8 WHERE id=7422631
	Delete on sbtest8  (cost=0.43..8.45 rows=0 width=0)
	  ->  Index Scan using sbtest8_pkey on sbtest8  (cost=0.43..8.45 rows=1 width=6)
	        Index Cond: (id = 7422631)

for index_updates
table 1 : explain UPDATE sbtest1 SET k=k+1 WHERE id=2740733
	Update on sbtest1  (cost=0.43..8.46 rows=0 width=0)
	  ->  Index Scan using sbtest1_pkey on sbtest1  (cost=0.43..8.46 rows=1 width=10)
	        Index Cond: (id = 2740733)

table 2 : explain UPDATE sbtest2 SET k=k+1 WHERE id=4352083
	Update on sbtest2  (cost=0.43..8.46 rows=0 width=0)
	  ->  Index Scan using sbtest2_pkey on sbtest2  (cost=0.43..8.46 rows=1 width=10)
	        Index Cond: (id = 4352083)

table 3 : explain UPDATE sbtest3 SET k=k+1 WHERE id=8847212
	Update on sbtest3  (cost=0.43..8.46 rows=0 width=0)
	  ->  Index Scan using sbtest3_pkey on sbtest3  (cost=0.43..8.46 rows=1 width=10)
	        Index Cond: (id = 8847212)

table 4 : explain UPDATE sbtest4 SET k=k+1 WHERE id=6883427
	Update on sbtest4  (cost=0.43..8.46 rows=0 width=0)
	  ->  Index Scan using sbtest4_pkey on sbtest4  (cost=0.43..8.46 rows=1 width=10)
	        Index Cond: (id = 6883427)

table 5 : explain UPDATE sbtest5 SET k=k+1 WHERE id=2693581
	Update on sbtest5  (cost=0.43..8.46 rows=0 width=0)
	  ->  Index Scan using sbtest5_pkey on sbtest5  (cost=0.43..8.46 rows=1 width=10)
	        Index Cond: (id = 2693581)

table 6 : explain UPDATE sbtest6 SET k=k+1 WHERE id=7576023
	Update on sbtest6  (cost=0.43..8.46 rows=0 width=0)
	  ->  Index Scan using sbtest6_pkey on sbtest6  (cost=0.43..8.46 rows=1 width=10)
	        Index Cond: (id = 7576023)

table 7 : explain UPDATE sbtest7 SET k=k+1 WHERE id=6554701
	Update on sbtest7  (cost=0.43..8.46 rows=0 width=0)
	  ->  Index Scan using sbtest7_pkey on sbtest7  (cost=0.43..8.46 rows=1 width=10)
	        Index Cond: (id = 6554701)

table 8 : explain UPDATE sbtest8 SET k=k+1 WHERE id=6032020
	Update on sbtest8  (cost=0.43..8.46 rows=0 width=0)
	  ->  Index Scan using sbtest8_pkey on sbtest8  (cost=0.43..8.46 rows=1 width=10)
	        Index Cond: (id = 6032020)

explain: for deletes :: explain DELETE FROM sbtest%u WHERE id=%u
for non_index_updates
table 1 : explain UPDATE sbtest1 SET c='foobar' WHERE id=5805357
	Update on sbtest1  (cost=0.43..8.45 rows=0 width=0)
	  ->  Index Scan using sbtest1_pkey on sbtest1  (cost=0.43..8.45 rows=1 width=490)
	        Index Cond: (id = 5805357)

table 2 : explain UPDATE sbtest2 SET c='foobar' WHERE id=8821607
	Update on sbtest2  (cost=0.43..8.45 rows=0 width=0)
	  ->  Index Scan using sbtest2_pkey on sbtest2  (cost=0.43..8.45 rows=1 width=490)
	        Index Cond: (id = 8821607)

table 3 : explain UPDATE sbtest3 SET c='foobar' WHERE id=9002224
	Update on sbtest3  (cost=0.43..8.45 rows=0 width=0)
	  ->  Index Scan using sbtest3_pkey on sbtest3  (cost=0.43..8.45 rows=1 width=490)
	        Index Cond: (id = 9002224)

table 4 : explain UPDATE sbtest4 SET c='foobar' WHERE id=4648612
	Update on sbtest4  (cost=0.43..8.45 rows=0 width=0)
	  ->  Index Scan using sbtest4_pkey on sbtest4  (cost=0.43..8.45 rows=1 width=490)
	        Index Cond: (id = 4648612)

table 5 : explain UPDATE sbtest5 SET c='foobar' WHERE id=3826280
	Update on sbtest5  (cost=0.43..8.45 rows=0 width=0)
	  ->  Index Scan using sbtest5_pkey on sbtest5  (cost=0.43..8.45 rows=1 width=490)
	        Index Cond: (id = 3826280)

table 6 : explain UPDATE sbtest6 SET c='foobar' WHERE id=1045845
	Update on sbtest6  (cost=0.43..8.45 rows=0 width=0)
	  ->  Index Scan using sbtest6_pkey on sbtest6  (cost=0.43..8.45 rows=1 width=490)
	        Index Cond: (id = 1045845)

table 7 : explain UPDATE sbtest7 SET c='foobar' WHERE id=5164250
	Update on sbtest7  (cost=0.43..8.45 rows=0 width=0)
	  ->  Index Scan using sbtest7_pkey on sbtest7  (cost=0.43..8.45 rows=1 width=490)
	        Index Cond: (id = 5164250)

table 8 : explain UPDATE sbtest8 SET c='foobar' WHERE id=9516536
	Update on sbtest8  (cost=0.43..8.45 rows=0 width=0)
	  ->  Index Scan using sbtest8_pkey on sbtest8  (cost=0.43..8.45 rows=1 width=490)
	        Index Cond: (id = 9516536)

for non_index_updates
table 1 : explain UPDATE sbtest1 SET c='foobar' WHERE id=647758
	Update on sbtest1  (cost=0.43..8.45 rows=0 width=0)
	  ->  Index Scan using sbtest1_pkey on sbtest1  (cost=0.43..8.45 rows=1 width=490)
	        Index Cond: (id = 647758)

table 2 : explain UPDATE sbtest2 SET c='foobar' WHERE id=9686370
	Update on sbtest2  (cost=0.43..8.45 rows=0 width=0)
	  ->  Index Scan using sbtest2_pkey on sbtest2  (cost=0.43..8.45 rows=1 width=490)
	        Index Cond: (id = 9686370)

table 3 : explain UPDATE sbtest3 SET c='foobar' WHERE id=5582430
	Update on sbtest3  (cost=0.43..8.45 rows=0 width=0)
	  ->  Index Scan using sbtest3_pkey on sbtest3  (cost=0.43..8.45 rows=1 width=490)
	        Index Cond: (id = 5582430)

table 4 : explain UPDATE sbtest4 SET c='foobar' WHERE id=3106423
	Update on sbtest4  (cost=0.43..8.45 rows=0 width=0)
	  ->  Index Scan using sbtest4_pkey on sbtest4  (cost=0.43..8.45 rows=1 width=490)
	        Index Cond: (id = 3106423)

table 5 : explain UPDATE sbtest5 SET c='foobar' WHERE id=7728801
	Update on sbtest5  (cost=0.43..8.45 rows=0 width=0)
	  ->  Index Scan using sbtest5_pkey on sbtest5  (cost=0.43..8.45 rows=1 width=490)
	        Index Cond: (id = 7728801)

table 6 : explain UPDATE sbtest6 SET c='foobar' WHERE id=5373882
	Update on sbtest6  (cost=0.43..8.45 rows=0 width=0)
	  ->  Index Scan using sbtest6_pkey on sbtest6  (cost=0.43..8.45 rows=1 width=490)
	        Index Cond: (id = 5373882)

table 7 : explain UPDATE sbtest7 SET c='foobar' WHERE id=1735183
	Update on sbtest7  (cost=0.43..8.45 rows=0 width=0)
	  ->  Index Scan using sbtest7_pkey on sbtest7  (cost=0.43..8.45 rows=1 width=490)
	        Index Cond: (id = 1735183)

table 8 : explain UPDATE sbtest8 SET c='foobar' WHERE id=3508661
	Update on sbtest8  (cost=0.43..8.45 rows=0 width=0)
	  ->  Index Scan using sbtest8_pkey on sbtest8  (cost=0.43..8.45 rows=1 width=490)
	        Index Cond: (id = 3508661)

explain: for index_updates :: explain UPDATE sbtest%u SET k=k+1 WHERE id=%u
explain: for deletes :: explain DELETE FROM sbtest%u WHERE id=%u
explain: for non_index_updates :: explain UPDATE sbtest%u SET c='foobar' WHERE id=%u
explain: for inserts :: explain INSERT INTO sbtest%u (id, k, c, pad) VALUES (%u, 13, 'foobar', 'foobar')
explain: for deletes :: explain DELETE FROM sbtest%u WHERE id=%u
explain: for index_updates :: explain UPDATE sbtest%u SET k=k+1 WHERE id=%u
for non_index_updates
table 1 : explain UPDATE sbtest1 SET c='foobar' WHERE id=6527373
	Update on sbtest1  (cost=0.43..8.45 rows=0 width=0)
	  ->  Index Scan using sbtest1_pkey on sbtest1  (cost=0.43..8.45 rows=1 width=490)
	        Index Cond: (id = 6527373)

table 2 : explain UPDATE sbtest2 SET c='foobar' WHERE id=9901011
	Update on sbtest2  (cost=0.43..8.45 rows=0 width=0)
	  ->  Index Scan using sbtest2_pkey on sbtest2  (cost=0.43..8.45 rows=1 width=490)
	        Index Cond: (id = 9901011)

table 3 : explain UPDATE sbtest3 SET c='foobar' WHERE id=1054424
	Update on sbtest3  (cost=0.43..8.45 rows=0 width=0)
	  ->  Index Scan using sbtest3_pkey on sbtest3  (cost=0.43..8.45 rows=1 width=490)
	        Index Cond: (id = 1054424)

table 4 : explain UPDATE sbtest4 SET c='foobar' WHERE id=6254137
	Update on sbtest4  (cost=0.43..8.45 rows=0 width=0)
	  ->  Index Scan using sbtest4_pkey on sbtest4  (cost=0.43..8.45 rows=1 width=490)
	        Index Cond: (id = 6254137)

table 5 : explain UPDATE sbtest5 SET c='foobar' WHERE id=9858904
	Update on sbtest5  (cost=0.43..8.45 rows=0 width=0)
	  ->  Index Scan using sbtest5_pkey on sbtest5  (cost=0.43..8.45 rows=1 width=490)
	        Index Cond: (id = 9858904)

table 6 : explain UPDATE sbtest6 SET c='foobar' WHERE id=9606516
	Update on sbtest6  (cost=0.43..8.45 rows=0 width=0)
	  ->  Index Scan using sbtest6_pkey on sbtest6  (cost=0.43..8.45 rows=1 width=490)
	        Index Cond: (id = 9606516)

table 7 : explain UPDATE sbtest7 SET c='foobar' WHERE id=3795672
	Update on sbtest7  (cost=0.43..8.45 rows=0 width=0)
	  ->  Index Scan using sbtest7_pkey on sbtest7  (cost=0.43..8.45 rows=1 width=490)
	        Index Cond: (id = 3795672)

table 8 : explain UPDATE sbtest8 SET c='foobar' WHERE id=1539918
	Update on sbtest8  (cost=0.43..8.45 rows=0 width=0)
	  ->  Index Scan using sbtest8_pkey on sbtest8  (cost=0.43..8.45 rows=1 width=490)
	        Index Cond: (id = 1539918)

for: distinct_ranges
table 1 : explain SELECT DISTINCT c FROM sbtest1 WHERE id BETWEEN 3948833 AND 3948842 ORDER BY c
	Unique  (cost=42.99..43.05 rows=11 width=121)
	  ->  Sort  (cost=42.99..43.02 rows=11 width=121)
	        Sort Key: c
	        ->  Index Scan using sbtest1_pkey on sbtest1  (cost=0.43..42.80 rows=11 width=121)
	              Index Cond: ((id >= 3948833) AND (id <= 3948842))

table 2 : explain SELECT DISTINCT c FROM sbtest2 WHERE id BETWEEN 7397438 AND 7397447 ORDER BY c
	Unique  (cost=39.47..39.52 rows=10 width=121)
	  ->  Sort  (cost=39.47..39.49 rows=10 width=121)
	        Sort Key: c
	        ->  Index Scan using sbtest2_pkey on sbtest2  (cost=0.43..39.30 rows=10 width=121)
	              Index Cond: ((id >= 7397438) AND (id <= 7397447))

table 3 : explain SELECT DISTINCT c FROM sbtest3 WHERE id BETWEEN 6412133 AND 6412142 ORDER BY c
	Unique  (cost=42.65..42.70 rows=11 width=121)
	  ->  Sort  (cost=42.65..42.67 rows=11 width=121)
	        Sort Key: c
	        ->  Index Scan using sbtest3_pkey on sbtest3  (cost=0.43..42.45 rows=11 width=121)
	              Index Cond: ((id >= 6412133) AND (id <= 6412142))

table 4 : explain SELECT DISTINCT c FROM sbtest4 WHERE id BETWEEN 1927912 AND 1927921 ORDER BY c
	Unique  (cost=36.21..36.26 rows=9 width=121)
	  ->  Sort  (cost=36.21..36.23 rows=9 width=121)
	        Sort Key: c
	        ->  Index Scan using sbtest4_pkey on sbtest4  (cost=0.43..36.07 rows=9 width=121)
	              Index Cond: ((id >= 1927912) AND (id <= 1927921))

table 5 : explain SELECT DISTINCT c FROM sbtest5 WHERE id BETWEEN 9293828 AND 9293837 ORDER BY c
	Unique  (cost=42.94..42.99 rows=11 width=121)
	  ->  Sort  (cost=42.94..42.97 rows=11 width=121)
	        Sort Key: c
	        ->  Index Scan using sbtest5_pkey on sbtest5  (cost=0.43..42.75 rows=11 width=121)
	              Index Cond: ((id >= 9293828) AND (id <= 9293837))

table 6 : explain SELECT DISTINCT c FROM sbtest6 WHERE id BETWEEN 2583422 AND 2583431 ORDER BY c
	Unique  (cost=43.07..43.12 rows=11 width=121)
	  ->  Sort  (cost=43.07..43.09 rows=11 width=121)
	        Sort Key: c
	        ->  Index Scan using sbtest6_pkey on sbtest6  (cost=0.43..42.88 rows=11 width=121)
	              Index Cond: ((id >= 2583422) AND (id <= 2583431))

table 7 : explain SELECT DISTINCT c FROM sbtest7 WHERE id BETWEEN 1378793 AND 1378802 ORDER BY c
	Unique  (cost=36.22..36.26 rows=9 width=121)
	  ->  Sort  (cost=36.22..36.24 rows=9 width=121)
	        Sort Key: c
	        ->  Index Scan using sbtest7_pkey on sbtest7  (cost=0.43..36.08 rows=9 width=121)
	              Index Cond: ((id >= 1378793) AND (id <= 1378802))

table 8 : explain SELECT DISTINCT c FROM sbtest8 WHERE id BETWEEN 5954280 AND 5954289 ORDER BY c
	Unique  (cost=39.48..39.53 rows=10 width=121)
	  ->  Sort  (cost=39.48..39.50 rows=10 width=121)
	        Sort Key: c
	        ->  Index Scan using sbtest8_pkey on sbtest8  (cost=0.43..39.31 rows=10 width=121)
	              Index Cond: ((id >= 5954280) AND (id <= 5954289))

for deletes
table 1 : explain DELETE FROM sbtest1 WHERE id=6938859
	Delete on sbtest1  (cost=0.43..8.45 rows=0 width=0)
	  ->  Index Scan using sbtest1_pkey on sbtest1  (cost=0.43..8.45 rows=1 width=6)
	        Index Cond: (id = 6938859)

table 2 : explain DELETE FROM sbtest2 WHERE id=7152948
	Delete on sbtest2  (cost=0.43..8.45 rows=0 width=0)
	  ->  Index Scan using sbtest2_pkey on sbtest2  (cost=0.43..8.45 rows=1 width=6)
	        Index Cond: (id = 7152948)

table 3 : explain DELETE FROM sbtest3 WHERE id=5743709
	Delete on sbtest3  (cost=0.43..8.45 rows=0 width=0)
	  ->  Index Scan using sbtest3_pkey on sbtest3  (cost=0.43..8.45 rows=1 width=6)
	        Index Cond: (id = 5743709)

table 4 : explain DELETE FROM sbtest4 WHERE id=6044720
	Delete on sbtest4  (cost=0.43..8.45 rows=0 width=0)
	  ->  Index Scan using sbtest4_pkey on sbtest4  (cost=0.43..8.45 rows=1 width=6)
	        Index Cond: (id = 6044720)

table 5 : explain DELETE FROM sbtest5 WHERE id=4232605
	Delete on sbtest5  (cost=0.43..8.45 rows=0 width=0)
	  ->  Index Scan using sbtest5_pkey on sbtest5  (cost=0.43..8.45 rows=1 width=6)
	        Index Cond: (id = 4232605)

table 6 : explain DELETE FROM sbtest6 WHERE id=1693837
	Delete on sbtest6  (cost=0.43..8.45 rows=0 width=0)
	  ->  Index Scan using sbtest6_pkey on sbtest6  (cost=0.43..8.45 rows=1 width=6)
	        Index Cond: (id = 1693837)

table 7 : explain DELETE FROM sbtest7 WHERE id=203018
	Delete on sbtest7  (cost=0.43..8.45 rows=0 width=0)
	  ->  Index Scan using sbtest7_pkey on sbtest7  (cost=0.43..8.45 rows=1 width=6)
	        Index Cond: (id = 203018)

table 8 : explain DELETE FROM sbtest8 WHERE id=9019420
	Delete on sbtest8  (cost=0.43..8.45 rows=0 width=0)
	  ->  Index Scan using sbtest8_pkey on sbtest8  (cost=0.43..8.45 rows=1 width=6)
	        Index Cond: (id = 9019420)

for: distinct_ranges
table 1 : explain SELECT DISTINCT c FROM sbtest1 WHERE id BETWEEN 8699370 AND 8699379 ORDER BY c
	Unique  (cost=39.53..39.58 rows=10 width=121)
	  ->  Sort  (cost=39.53..39.56 rows=10 width=121)
	        Sort Key: c
	        ->  Index Scan using sbtest1_pkey on sbtest1  (cost=0.43..39.37 rows=10 width=121)
	              Index Cond: ((id >= 8699370) AND (id <= 8699379))

table 2 : explain SELECT DISTINCT c FROM sbtest2 WHERE id BETWEEN 1710641 AND 1710650 ORDER BY c
	Unique  (cost=39.47..39.52 rows=10 width=121)
	  ->  Sort  (cost=39.47..39.49 rows=10 width=121)
	        Sort Key: c
	        ->  Index Scan using sbtest2_pkey on sbtest2  (cost=0.43..39.30 rows=10 width=121)
	              Index Cond: ((id >= 1710641) AND (id <= 1710650))

table 3 : explain SELECT DISTINCT c FROM sbtest3 WHERE id BETWEEN 1138016 AND 1138025 ORDER BY c
	Unique  (cost=35.80..35.84 rows=9 width=121)
	  ->  Sort  (cost=35.80..35.82 rows=9 width=121)
	        Sort Key: c
	        ->  Index Scan using sbtest3_pkey on sbtest3  (cost=0.43..35.65 rows=9 width=121)
	              Index Cond: ((id >= 1138016) AND (id <= 1138025))

table 4 : explain SELECT DISTINCT c FROM sbtest4 WHERE id BETWEEN 316334 AND 316343 ORDER BY c
	Unique  (cost=36.21..36.26 rows=9 width=121)
	  ->  Sort  (cost=36.21..36.23 rows=9 width=121)
	        Sort Key: c
	        ->  Index Scan using sbtest4_pkey on sbtest4  (cost=0.43..36.07 rows=9 width=121)
	              Index Cond: ((id >= 316334) AND (id <= 316343))

table 5 : explain SELECT DISTINCT c FROM sbtest5 WHERE id BETWEEN 321699 AND 321708 ORDER BY c
	Unique  (cost=36.03..36.08 rows=9 width=121)
	  ->  Sort  (cost=36.03..36.06 rows=9 width=121)
	        Sort Key: c
	        ->  Index Scan using sbtest5_pkey on sbtest5  (cost=0.43..35.89 rows=9 width=121)
	              Index Cond: ((id >= 321699) AND (id <= 321708))

table 6 : explain SELECT DISTINCT c FROM sbtest6 WHERE id BETWEEN 6962192 AND 6962201 ORDER BY c
	Unique  (cost=43.07..43.12 rows=11 width=121)
	  ->  Sort  (cost=43.07..43.09 rows=11 width=121)
	        Sort Key: c
	        ->  Index Scan using sbtest6_pkey on sbtest6  (cost=0.43..42.88 rows=11 width=121)
	              Index Cond: ((id >= 6962192) AND (id <= 6962201))

table 7 : explain SELECT DISTINCT c FROM sbtest7 WHERE id BETWEEN 5460786 AND 5460795 ORDER BY c
	Unique  (cost=39.70..39.75 rows=10 width=121)
	  ->  Sort  (cost=39.70..39.72 rows=10 width=121)
	        Sort Key: c
	        ->  Index Scan using sbtest7_pkey on sbtest7  (cost=0.43..39.53 rows=10 width=121)
	              Index Cond: ((id >= 5460786) AND (id <= 5460795))

table 8 : explain SELECT DISTINCT c FROM sbtest8 WHERE id BETWEEN 3699618 AND 3699627 ORDER BY c
	Unique  (cost=39.48..39.53 rows=10 width=121)
	  ->  Sort  (cost=39.48..39.50 rows=10 width=121)
	        Sort Key: c
	        ->  Index Scan using sbtest8_pkey on sbtest8  (cost=0.43..39.31 rows=10 width=121)
	              Index Cond: ((id >= 3699618) AND (id <= 3699627))

for inserts
table 1 : explain INSERT INTO sbtest1 (id, k, c, pad) VALUES (8253966, 13, 'foobar', 'foobar')
	Insert on sbtest1  (cost=0.00..0.01 rows=0 width=0)
	  ->  Result  (cost=0.00..0.01 rows=1 width=736)

table 2 : explain INSERT INTO sbtest2 (id, k, c, pad) VALUES (4523913, 13, 'foobar', 'foobar')
	Insert on sbtest2  (cost=0.00..0.01 rows=0 width=0)
	  ->  Result  (cost=0.00..0.01 rows=1 width=736)

table 3 : explain INSERT INTO sbtest3 (id, k, c, pad) VALUES (6832395, 13, 'foobar', 'foobar')
	Insert on sbtest3  (cost=0.00..0.01 rows=0 width=0)
	  ->  Result  (cost=0.00..0.01 rows=1 width=736)

table 4 : explain INSERT INTO sbtest4 (id, k, c, pad) VALUES (4759967, 13, 'foobar', 'foobar')
	Insert on sbtest4  (cost=0.00..0.01 rows=0 width=0)
	  ->  Result  (cost=0.00..0.01 rows=1 width=736)

table 5 : explain INSERT INTO sbtest5 (id, k, c, pad) VALUES (3121796, 13, 'foobar', 'foobar')
	Insert on sbtest5  (cost=0.00..0.01 rows=0 width=0)
	  ->  Result  (cost=0.00..0.01 rows=1 width=736)

table 6 : explain INSERT INTO sbtest6 (id, k, c, pad) VALUES (4082920, 13, 'foobar', 'foobar')
	Insert on sbtest6  (cost=0.00..0.01 rows=0 width=0)
	  ->  Result  (cost=0.00..0.01 rows=1 width=736)

table 7 : explain INSERT INTO sbtest7 (id, k, c, pad) VALUES (3865377, 13, 'foobar', 'foobar')
	Insert on sbtest7  (cost=0.00..0.01 rows=0 width=0)
	  ->  Result  (cost=0.00..0.01 rows=1 width=736)

table 8 : explain INSERT INTO sbtest8 (id, k, c, pad) VALUES (9642732, 13, 'foobar', 'foobar')
	Insert on sbtest8  (cost=0.00..0.01 rows=0 width=0)
	  ->  Result  (cost=0.00..0.01 rows=1 width=736)

for deletes
table 1 : explain DELETE FROM sbtest1 WHERE id=2314925
	Delete on sbtest1  (cost=0.43..8.45 rows=0 width=0)
	  ->  Index Scan using sbtest1_pkey on sbtest1  (cost=0.43..8.45 rows=1 width=6)
	        Index Cond: (id = 2314925)

table 2 : explain DELETE FROM sbtest2 WHERE id=3443854
	Delete on sbtest2  (cost=0.43..8.45 rows=0 width=0)
	  ->  Index Scan using sbtest2_pkey on sbtest2  (cost=0.43..8.45 rows=1 width=6)
	        Index Cond: (id = 3443854)

table 3 : explain DELETE FROM sbtest3 WHERE id=6946095
	Delete on sbtest3  (cost=0.43..8.45 rows=0 width=0)
	  ->  Index Scan using sbtest3_pkey on sbtest3  (cost=0.43..8.45 rows=1 width=6)
	        Index Cond: (id = 6946095)

table 4 : explain DELETE FROM sbtest4 WHERE id=9632048
	Delete on sbtest4  (cost=0.43..8.45 rows=0 width=0)
	  ->  Index Scan using sbtest4_pkey on sbtest4  (cost=0.43..8.45 rows=1 width=6)
	        Index Cond: (id = 9632048)

table 5 : explain DELETE FROM sbtest5 WHERE id=6931949
	Delete on sbtest5  (cost=0.43..8.45 rows=0 width=0)
	  ->  Index Scan using sbtest5_pkey on sbtest5  (cost=0.43..8.45 rows=1 width=6)
	        Index Cond: (id = 6931949)

table 6 : explain DELETE FROM sbtest6 WHERE id=9447681
	Delete on sbtest6  (cost=0.43..8.45 rows=0 width=0)
	  ->  Index Scan using sbtest6_pkey on sbtest6  (cost=0.43..8.45 rows=1 width=6)
	        Index Cond: (id = 9447681)

table 7 : explain DELETE FROM sbtest7 WHERE id=5547802
	Delete on sbtest7  (cost=0.43..8.45 rows=0 width=0)
	  ->  Index Scan using sbtest7_pkey on sbtest7  (cost=0.43..8.45 rows=1 width=6)
	        Index Cond: (id = 5547802)

table 8 : explain DELETE FROM sbtest8 WHERE id=8801911
	Delete on sbtest8  (cost=0.43..8.45 rows=0 width=0)
	  ->  Index Scan using sbtest8_pkey on sbtest8  (cost=0.43..8.45 rows=1 width=6)
	        Index Cond: (id = 8801911)

for deletes
table 1 : explain DELETE FROM sbtest1 WHERE id=7060072
	Delete on sbtest1  (cost=0.43..8.45 rows=0 width=0)
	  ->  Index Scan using sbtest1_pkey on sbtest1  (cost=0.43..8.45 rows=1 width=6)
	        Index Cond: (id = 7060072)

table 2 : explain DELETE FROM sbtest2 WHERE id=5518678
	Delete on sbtest2  (cost=0.43..8.45 rows=0 width=0)
	  ->  Index Scan using sbtest2_pkey on sbtest2  (cost=0.43..8.45 rows=1 width=6)
	        Index Cond: (id = 5518678)

table 3 : explain DELETE FROM sbtest3 WHERE id=3264768
	Delete on sbtest3  (cost=0.43..8.45 rows=0 width=0)
	  ->  Index Scan using sbtest3_pkey on sbtest3  (cost=0.43..8.45 rows=1 width=6)
	        Index Cond: (id = 3264768)

table 4 : explain DELETE FROM sbtest4 WHERE id=8326487
	Delete on sbtest4  (cost=0.43..8.45 rows=0 width=0)
	  ->  Index Scan using sbtest4_pkey on sbtest4  (cost=0.43..8.45 rows=1 width=6)
	        Index Cond: (id = 8326487)

table 5 : explain DELETE FROM sbtest5 WHERE id=4952067
	Delete on sbtest5  (cost=0.43..8.45 rows=0 width=0)
	  ->  Index Scan using sbtest5_pkey on sbtest5  (cost=0.43..8.45 rows=1 width=6)
	        Index Cond: (id = 4952067)

table 6 : explain DELETE FROM sbtest6 WHERE id=1581206
	Delete on sbtest6  (cost=0.43..8.45 rows=0 width=0)
	  ->  Index Scan using sbtest6_pkey on sbtest6  (cost=0.43..8.45 rows=1 width=6)
	        Index Cond: (id = 1581206)

table 7 : explain DELETE FROM sbtest7 WHERE id=9007609
	Delete on sbtest7  (cost=0.43..8.45 rows=0 width=0)
	  ->  Index Scan using sbtest7_pkey on sbtest7  (cost=0.43..8.45 rows=1 width=6)
	        Index Cond: (id = 9007609)

table 8 : explain DELETE FROM sbtest8 WHERE id=9106947
	Delete on sbtest8  (cost=0.43..8.45 rows=0 width=0)
	  ->  Index Scan using sbtest8_pkey on sbtest8  (cost=0.43..8.45 rows=1 width=6)
	        Index Cond: (id = 9106947)

explain: for index_updates :: explain UPDATE sbtest%u SET k=k+1 WHERE id=%u
explain: for index_updates :: explain UPDATE sbtest%u SET k=k+1 WHERE id=%u
for non_index_updates
table 1 : explain UPDATE sbtest1 SET c='foobar' WHERE id=6092189
	Update on sbtest1  (cost=0.43..8.45 rows=0 width=0)
	  ->  Index Scan using sbtest1_pkey on sbtest1  (cost=0.43..8.45 rows=1 width=490)
	        Index Cond: (id = 6092189)

table 2 : explain UPDATE sbtest2 SET c='foobar' WHERE id=7185985
	Update on sbtest2  (cost=0.43..8.45 rows=0 width=0)
	  ->  Index Scan using sbtest2_pkey on sbtest2  (cost=0.43..8.45 rows=1 width=490)
	        Index Cond: (id = 7185985)

table 3 : explain UPDATE sbtest3 SET c='foobar' WHERE id=1703821
	Update on sbtest3  (cost=0.43..8.45 rows=0 width=0)
	  ->  Index Scan using sbtest3_pkey on sbtest3  (cost=0.43..8.45 rows=1 width=490)
	        Index Cond: (id = 1703821)

table 4 : explain UPDATE sbtest4 SET c='foobar' WHERE id=6472875
	Update on sbtest4  (cost=0.43..8.45 rows=0 width=0)
	  ->  Index Scan using sbtest4_pkey on sbtest4  (cost=0.43..8.45 rows=1 width=490)
	        Index Cond: (id = 6472875)

table 5 : explain UPDATE sbtest5 SET c='foobar' WHERE id=2144308
	Update on sbtest5  (cost=0.43..8.45 rows=0 width=0)
	  ->  Index Scan using sbtest5_pkey on sbtest5  (cost=0.43..8.45 rows=1 width=490)
	        Index Cond: (id = 2144308)

table 6 : explain UPDATE sbtest6 SET c='foobar' WHERE id=5394138
	Update on sbtest6  (cost=0.43..8.45 rows=0 width=0)
	  ->  Index Scan using sbtest6_pkey on sbtest6  (cost=0.43..8.45 rows=1 width=490)
	        Index Cond: (id = 5394138)

table 7 : explain UPDATE sbtest7 SET c='foobar' WHERE id=1683349
	Update on sbtest7  (cost=0.43..8.45 rows=0 width=0)
	  ->  Index Scan using sbtest7_pkey on sbtest7  (cost=0.43..8.45 rows=1 width=490)
	        Index Cond: (id = 1683349)

table 8 : explain UPDATE sbtest8 SET c='foobar' WHERE id=8158011
	Update on sbtest8  (cost=0.43..8.45 rows=0 width=0)
	  ->  Index Scan using sbtest8_pkey on sbtest8  (cost=0.43..8.45 rows=1 width=490)
	        Index Cond: (id = 8158011)

for index_updates
table 1 : explain UPDATE sbtest1 SET k=k+1 WHERE id=1099647
	Update on sbtest1  (cost=0.43..8.46 rows=0 width=0)
	  ->  Index Scan using sbtest1_pkey on sbtest1  (cost=0.43..8.46 rows=1 width=10)
	        Index Cond: (id = 1099647)

table 2 : explain UPDATE sbtest2 SET k=k+1 WHERE id=9693038
	Update on sbtest2  (cost=0.43..8.46 rows=0 width=0)
	  ->  Index Scan using sbtest2_pkey on sbtest2  (cost=0.43..8.46 rows=1 width=10)
	        Index Cond: (id = 9693038)

table 3 : explain UPDATE sbtest3 SET k=k+1 WHERE id=5955163
	Update on sbtest3  (cost=0.43..8.46 rows=0 width=0)
	  ->  Index Scan using sbtest3_pkey on sbtest3  (cost=0.43..8.46 rows=1 width=10)
	        Index Cond: (id = 5955163)

table 4 : explain UPDATE sbtest4 SET k=k+1 WHERE id=476100
	Update on sbtest4  (cost=0.43..8.46 rows=0 width=0)
	  ->  Index Scan using sbtest4_pkey on sbtest4  (cost=0.43..8.46 rows=1 width=10)
	        Index Cond: (id = 476100)

table 5 : explain UPDATE sbtest5 SET k=k+1 WHERE id=7398722
	Update on sbtest5  (cost=0.43..8.46 rows=0 width=0)
	  ->  Index Scan using sbtest5_pkey on sbtest5  (cost=0.43..8.46 rows=1 width=10)
	        Index Cond: (id = 7398722)

table 6 : explain UPDATE sbtest6 SET k=k+1 WHERE id=9065173
	Update on sbtest6  (cost=0.43..8.46 rows=0 width=0)
	  ->  Index Scan using sbtest6_pkey on sbtest6  (cost=0.43..8.46 rows=1 width=10)
	        Index Cond: (id = 9065173)

table 7 : explain UPDATE sbtest7 SET k=k+1 WHERE id=4543082
	Update on sbtest7  (cost=0.43..8.46 rows=0 width=0)
	  ->  Index Scan using sbtest7_pkey on sbtest7  (cost=0.43..8.46 rows=1 width=10)
	        Index Cond: (id = 4543082)

table 8 : explain UPDATE sbtest8 SET k=k+1 WHERE id=9547796
	Update on sbtest8  (cost=0.43..8.46 rows=0 width=0)
	  ->  Index Scan using sbtest8_pkey on sbtest8  (cost=0.43..8.46 rows=1 width=10)
	        Index Cond: (id = 9547796)

explain: for inserts :: explain INSERT INTO sbtest%u (id, k, c, pad) VALUES (%u, 13, 'foobar', 'foobar')
explain: for deletes :: explain DELETE FROM sbtest%u WHERE id=%u
explain: for inserts :: explain INSERT INTO sbtest%u (id, k, c, pad) VALUES (%u, 13, 'foobar', 'foobar')
for index_updates
table 1 : explain UPDATE sbtest1 SET k=k+1 WHERE id=9456475
	Update on sbtest1  (cost=0.43..8.46 rows=0 width=0)
	  ->  Index Scan using sbtest1_pkey on sbtest1  (cost=0.43..8.46 rows=1 width=10)
	        Index Cond: (id = 9456475)

table 2 : explain UPDATE sbtest2 SET k=k+1 WHERE id=4487180
	Update on sbtest2  (cost=0.43..8.46 rows=0 width=0)
	  ->  Index Scan using sbtest2_pkey on sbtest2  (cost=0.43..8.46 rows=1 width=10)
	        Index Cond: (id = 4487180)

table 3 : explain UPDATE sbtest3 SET k=k+1 WHERE id=5128484
	Update on sbtest3  (cost=0.43..8.46 rows=0 width=0)
	  ->  Index Scan using sbtest3_pkey on sbtest3  (cost=0.43..8.46 rows=1 width=10)
	        Index Cond: (id = 5128484)

table 4 : explain UPDATE sbtest4 SET k=k+1 WHERE id=5950579
	Update on sbtest4  (cost=0.43..8.46 rows=0 width=0)
	  ->  Index Scan using sbtest4_pkey on sbtest4  (cost=0.43..8.46 rows=1 width=10)
	        Index Cond: (id = 5950579)

table 5 : explain UPDATE sbtest5 SET k=k+1 WHERE id=4873795
	Update on sbtest5  (cost=0.43..8.46 rows=0 width=0)
	  ->  Index Scan using sbtest5_pkey on sbtest5  (cost=0.43..8.46 rows=1 width=10)
	        Index Cond: (id = 4873795)

table 6 : explain UPDATE sbtest6 SET k=k+1 WHERE id=6864943
	Update on sbtest6  (cost=0.43..8.46 rows=0 width=0)
	  ->  Index Scan using sbtest6_pkey on sbtest6  (cost=0.43..8.46 rows=1 width=10)
	        Index Cond: (id = 6864943)

table 7 : explain UPDATE sbtest7 SET k=k+1 WHERE id=619934
	Update on sbtest7  (cost=0.43..8.46 rows=0 width=0)
	  ->  Index Scan using sbtest7_pkey on sbtest7  (cost=0.43..8.46 rows=1 width=10)
	        Index Cond: (id = 619934)

table 8 : explain UPDATE sbtest8 SET k=k+1 WHERE id=9963570
	Update on sbtest8  (cost=0.43..8.46 rows=0 width=0)
	  ->  Index Scan using sbtest8_pkey on sbtest8  (cost=0.43..8.46 rows=1 width=10)
	        Index Cond: (id = 9963570)
for index_updates
table 1 : explain UPDATE sbtest1 SET k=k+1 WHERE id=2534017
	Update on sbtest1  (cost=0.43..8.46 rows=0 width=0)
	  ->  Index Scan using sbtest1_pkey on sbtest1  (cost=0.43..8.46 rows=1 width=10)
	        Index Cond: (id = 2534017)

table 2 : explain UPDATE sbtest2 SET k=k+1 WHERE id=4335948
	Update on sbtest2  (cost=0.43..8.46 rows=0 width=0)
	  ->  Index Scan using sbtest2_pkey on sbtest2  (cost=0.43..8.46 rows=1 width=10)
	        Index Cond: (id = 4335948)

table 3 : explain UPDATE sbtest3 SET k=k+1 WHERE id=4930848
	Update on sbtest3  (cost=0.43..8.46 rows=0 width=0)
	  ->  Index Scan using sbtest3_pkey on sbtest3  (cost=0.43..8.46 rows=1 width=10)
	        Index Cond: (id = 4930848)

table 4 : explain UPDATE sbtest4 SET k=k+1 WHERE id=8521526
	Update on sbtest4  (cost=0.43..8.46 rows=0 width=0)
	  ->  Index Scan using sbtest4_pkey on sbtest4  (cost=0.43..8.46 rows=1 width=10)
	        Index Cond: (id = 8521526)

table 5 : explain UPDATE sbtest5 SET k=k+1 WHERE id=3157864
	Update on sbtest5  (cost=0.43..8.46 rows=0 width=0)
	  ->  Index Scan using sbtest5_pkey on sbtest5  (cost=0.43..8.46 rows=1 width=10)
	        Index Cond: (id = 3157864)

table 6 : explain UPDATE sbtest6 SET k=k+1 WHERE id=6077472
	Update on sbtest6  (cost=0.43..8.46 rows=0 width=0)
	  ->  Index Scan using sbtest6_pkey on sbtest6  (cost=0.43..8.46 rows=1 width=10)
	        Index Cond: (id = 6077472)

table 7 : explain UPDATE sbtest7 SET k=k+1 WHERE id=7754813
	Update on sbtest7  (cost=0.43..8.46 rows=0 width=0)
	  ->  Index Scan using sbtest7_pkey on sbtest7  (cost=0.43..8.46 rows=1 width=10)
	        Index Cond: (id = 7754813)

table 8 : explain UPDATE sbtest8 SET k=k+1 WHERE id=2810835
	Update on sbtest8  (cost=0.43..8.46 rows=0 width=0)
	  ->  Index Scan using sbtest8_pkey on sbtest8  (cost=0.43..8.46 rows=1 width=10)
	        Index Cond: (id = 2810835)
explain: for non_index_updates :: explain UPDATE sbtest%u SET c='foobar' WHERE id=%u

for inserts
table 1 : explain INSERT INTO sbtest1 (id, k, c, pad) VALUES (6683662, 13, 'foobar', 'foobar')
	Insert on sbtest1  (cost=0.00..0.01 rows=0 width=0)
	  ->  Result  (cost=0.00..0.01 rows=1 width=736)

table 2 : explain INSERT INTO sbtest2 (id, k, c, pad) VALUES (3970713, 13, 'foobar', 'foobar')
	Insert on sbtest2  (cost=0.00..0.01 rows=0 width=0)
	  ->  Result  (cost=0.00..0.01 rows=1 width=736)

table 3 : explain INSERT INTO sbtest3 (id, k, c, pad) VALUES (1087386, 13, 'foobar', 'foobar')
	Insert on sbtest3  (cost=0.00..0.01 rows=0 width=0)
	  ->  Result  (cost=0.00..0.01 rows=1 width=736)

table 4 : explain INSERT INTO sbtest4 (id, k, c, pad) VALUES (7703527, 13, 'foobar', 'foobar')
	Insert on sbtest4  (cost=0.00..0.01 rows=0 width=0)
	  ->  Result  (cost=0.00..0.01 rows=1 width=736)

table 5 : explain INSERT INTO sbtest5 (id, k, c, pad) VALUES (1794811, 13, 'foobar', 'foobar')
	Insert on sbtest5  (cost=0.00..0.01 rows=0 width=0)
	  ->  Result  (cost=0.00..0.01 rows=1 width=736)

table 6 : explain INSERT INTO sbtest6 (id, k, c, pad) VALUES (8955387, 13, 'foobar', 'foobar')
	Insert on sbtest6  (cost=0.00..0.01 rows=0 width=0)
	  ->  Result  (cost=0.00..0.01 rows=1 width=736)

table 7 : explain INSERT INTO sbtest7 (id, k, c, pad) VALUES (3550267, 13, 'foobar', 'foobar')
	Insert on sbtest7  (cost=0.00..0.01 rows=0 width=0)
	  ->  Result  (cost=0.00..0.01 rows=1 width=736)

table 8 : explain INSERT INTO sbtest8 (id, k, c, pad) VALUES (9723351, 13, 'foobar', 'foobar')
	Insert on sbtest8  (cost=0.00..0.01 rows=0 width=0)
	  ->  Result  (cost=0.00..0.01 rows=1 width=736)


explain: for inserts :: explain INSERT INTO sbtest%u (id, k, c, pad) VALUES (%u, 13, 'foobar', 'foobar')
for inserts
table 1 : explain INSERT INTO sbtest1 (id, k, c, pad) VALUES (5615892, 13, 'foobar', 'foobar')
	Insert on sbtest1  (cost=0.00..0.01 rows=0 width=0)
	  ->  Result  (cost=0.00..0.01 rows=1 width=736)

table 2 : explain INSERT INTO sbtest2 (id, k, c, pad) VALUES (8926015, 13, 'foobar', 'foobar')
	Insert on sbtest2  (cost=0.00..0.01 rows=0 width=0)
	  ->  Result  (cost=0.00..0.01 rows=1 width=736)

table 3 : explain INSERT INTO sbtest3 (id, k, c, pad) VALUES (2082704, 13, 'foobar', 'foobar')
	Insert on sbtest3  (cost=0.00..0.01 rows=0 width=0)
	  ->  Result  (cost=0.00..0.01 rows=1 width=736)

table 4 : explain INSERT INTO sbtest4 (id, k, c, pad) VALUES (2409497, 13, 'foobar', 'foobar')
	Insert on sbtest4  (cost=0.00..0.01 rows=0 width=0)
	  ->  Result  (cost=0.00..0.01 rows=1 width=736)

table 5 : explain INSERT INTO sbtest5 (id, k, c, pad) VALUES (887166, 13, 'foobar', 'foobar')
	Insert on sbtest5  (cost=0.00..0.01 rows=0 width=0)
	  ->  Result  (cost=0.00..0.01 rows=1 width=736)

table 6 : explain INSERT INTO sbtest6 (id, k, c, pad) VALUES (6436677, 13, 'foobar', 'foobar')
	Insert on sbtest6  (cost=0.00..0.01 rows=0 width=0)
	  ->  Result  (cost=0.00..0.01 rows=1 width=736)

table 7 : explain INSERT INTO sbtest7 (id, k, c, pad) VALUES (8026851, 13, 'foobar', 'foobar')
	Insert on sbtest7  (cost=0.00..0.01 rows=0 width=0)
	  ->  Result  (cost=0.00..0.01 rows=1 width=736)

table 8 : explain INSERT INTO sbtest8 (id, k, c, pad) VALUES (3315233, 13, 'foobar', 'foobar')
	Insert on sbtest8  (cost=0.00..0.01 rows=0 width=0)
	  ->  Result  (cost=0.00..0.01 rows=1 width=736)

for deletes
table 1 : explain DELETE FROM sbtest1 WHERE id=8377359
	Delete on sbtest1  (cost=0.43..8.45 rows=0 width=0)
	  ->  Index Scan using sbtest1_pkey on sbtest1  (cost=0.43..8.45 rows=1 width=6)
	        Index Cond: (id = 8377359)

table 2 : explain DELETE FROM sbtest2 WHERE id=9359667
	Delete on sbtest2  (cost=0.43..8.45 rows=0 width=0)
	  ->  Index Scan using sbtest2_pkey on sbtest2  (cost=0.43..8.45 rows=1 width=6)
	        Index Cond: (id = 9359667)

table 3 : explain DELETE FROM sbtest3 WHERE id=2578746
	Delete on sbtest3  (cost=0.43..8.45 rows=0 width=0)
	  ->  Index Scan using sbtest3_pkey on sbtest3  (cost=0.43..8.45 rows=1 width=6)
	        Index Cond: (id = 2578746)

table 4 : explain DELETE FROM sbtest4 WHERE id=2572041
	Delete on sbtest4  (cost=0.43..8.45 rows=0 width=0)
	  ->  Index Scan using sbtest4_pkey on sbtest4  (cost=0.43..8.45 rows=1 width=6)
	        Index Cond: (id = 2572041)

table 5 : explain DELETE FROM sbtest5 WHERE id=5648720
	Delete on sbtest5  (cost=0.43..8.45 rows=0 width=0)
	  ->  Index Scan using sbtest5_pkey on sbtest5  (cost=0.43..8.45 rows=1 width=6)
	        Index Cond: (id = 5648720)

table 6 : explain DELETE FROM sbtest6 WHERE id=1693304
	Delete on sbtest6  (cost=0.43..8.45 rows=0 width=0)
	  ->  Index Scan using sbtest6_pkey on sbtest6  (cost=0.43..8.45 rows=1 width=6)
	        Index Cond: (id = 1693304)

table 7 : explain DELETE FROM sbtest7 WHERE id=4374005
	Delete on sbtest7  (cost=0.43..8.45 rows=0 width=0)
	  ->  Index Scan using sbtest7_pkey on sbtest7  (cost=0.43..8.45 rows=1 width=6)
	        Index Cond: (id = 4374005)

table 8 : explain DELETE FROM sbtest8 WHERE id=1588300
	Delete on sbtest8  (cost=0.43..8.45 rows=0 width=0)
	  ->  Index Scan using sbtest8_pkey on sbtest8  (cost=0.43..8.45 rows=1 width=6)
	        Index Cond: (id = 1588300)

for index_updates
table 1 : explain UPDATE sbtest1 SET k=k+1 WHERE id=3982999
	Update on sbtest1  (cost=0.43..8.46 rows=0 width=0)
	  ->  Index Scan using sbtest1_pkey on sbtest1  (cost=0.43..8.46 rows=1 width=10)
	        Index Cond: (id = 3982999)

table 2 : explain UPDATE sbtest2 SET k=k+1 WHERE id=3838058
	Update on sbtest2  (cost=0.43..8.46 rows=0 width=0)
	  ->  Index Scan using sbtest2_pkey on sbtest2  (cost=0.43..8.46 rows=1 width=10)
	        Index Cond: (id = 3838058)

table 3 : explain UPDATE sbtest3 SET k=k+1 WHERE id=9293159
	Update on sbtest3  (cost=0.43..8.46 rows=0 width=0)
	  ->  Index Scan using sbtest3_pkey on sbtest3  (cost=0.43..8.46 rows=1 width=10)
	        Index Cond: (id = 9293159)

table 4 : explain UPDATE sbtest4 SET k=k+1 WHERE id=7868628
	Update on sbtest4  (cost=0.43..8.46 rows=0 width=0)
	  ->  Index Scan using sbtest4_pkey on sbtest4  (cost=0.43..8.46 rows=1 width=10)
	        Index Cond: (id = 7868628)

table 5 : explain UPDATE sbtest5 SET k=k+1 WHERE id=7591832
	Update on sbtest5  (cost=0.43..8.46 rows=0 width=0)
	  ->  Index Scan using sbtest5_pkey on sbtest5  (cost=0.43..8.46 rows=1 width=10)
	        Index Cond: (id = 7591832)

table 6 : explain UPDATE sbtest6 SET k=k+1 WHERE id=8604289
	Update on sbtest6  (cost=0.43..8.46 rows=0 width=0)
	  ->  Index Scan using sbtest6_pkey on sbtest6  (cost=0.43..8.46 rows=1 width=10)
	        Index Cond: (id = 8604289)

table 7 : explain UPDATE sbtest7 SET k=k+1 WHERE id=3282118
	Update on sbtest7  (cost=0.43..8.46 rows=0 width=0)
	  ->  Index Scan using sbtest7_pkey on sbtest7  (cost=0.43..8.46 rows=1 width=10)
	        Index Cond: (id = 3282118)

table 8 : explain UPDATE sbtest8 SET k=k+1 WHERE id=4788199
	Update on sbtest8  (cost=0.43..8.46 rows=0 width=0)
	  ->  Index Scan using sbtest8_pkey on sbtest8  (cost=0.43..8.46 rows=1 width=10)
	        Index Cond: (id = 4788199)

explain: for non_index_updates :: explain UPDATE sbtest%u SET c='foobar' WHERE id=%u
explain: for non_index_updates :: explain UPDATE sbtest%u SET c='foobar' WHERE id=%u
for non_index_updates
table 1 : explain UPDATE sbtest1 SET c='foobar' WHERE id=1771426
	Update on sbtest1  (cost=0.43..8.45 rows=0 width=0)
	  ->  Index Scan using sbtest1_pkey on sbtest1  (cost=0.43..8.45 rows=1 width=490)
	        Index Cond: (id = 1771426)

table 2 : explain UPDATE sbtest2 SET c='foobar' WHERE id=7686066
	Update on sbtest2  (cost=0.43..8.45 rows=0 width=0)
	  ->  Index Scan using sbtest2_pkey on sbtest2  (cost=0.43..8.45 rows=1 width=490)
	        Index Cond: (id = 7686066)

table 3 : explain UPDATE sbtest3 SET c='foobar' WHERE id=4617473
	Update on sbtest3  (cost=0.43..8.45 rows=0 width=0)
	  ->  Index Scan using sbtest3_pkey on sbtest3  (cost=0.43..8.45 rows=1 width=490)
	        Index Cond: (id = 4617473)

table 4 : explain UPDATE sbtest4 SET c='foobar' WHERE id=9631382
	Update on sbtest4  (cost=0.43..8.45 rows=0 width=0)
	  ->  Index Scan using sbtest4_pkey on sbtest4  (cost=0.43..8.45 rows=1 width=490)
	        Index Cond: (id = 9631382)

table 5 : explain UPDATE sbtest5 SET c='foobar' WHERE id=851192
	Update on sbtest5  (cost=0.43..8.45 rows=0 width=0)
	  ->  Index Scan using sbtest5_pkey on sbtest5  (cost=0.43..8.45 rows=1 width=490)
	        Index Cond: (id = 851192)

table 6 : explain UPDATE sbtest6 SET c='foobar' WHERE id=5643935
	Update on sbtest6  (cost=0.43..8.45 rows=0 width=0)
	  ->  Index Scan using sbtest6_pkey on sbtest6  (cost=0.43..8.45 rows=1 width=490)
	        Index Cond: (id = 5643935)

table 7 : explain UPDATE sbtest7 SET c='foobar' WHERE id=8707447
	Update on sbtest7  (cost=0.43..8.45 rows=0 width=0)
	  ->  Index Scan using sbtest7_pkey on sbtest7  (cost=0.43..8.45 rows=1 width=490)
	        Index Cond: (id = 8707447)

table 8 : explain UPDATE sbtest8 SET c='foobar' WHERE id=7045968
	Update on sbtest8  (cost=0.43..8.45 rows=0 width=0)
	  ->  Index Scan using sbtest8_pkey on sbtest8  (cost=0.43..8.45 rows=1 width=490)
	        Index Cond: (id = 7045968)

for inserts
table 1 : explain INSERT INTO sbtest1 (id, k, c, pad) VALUES (2427934, 13, 'foobar', 'foobar')
	Insert on sbtest1  (cost=0.00..0.01 rows=0 width=0)
	  ->  Result  (cost=0.00..0.01 rows=1 width=736)

table 2 : explain INSERT INTO sbtest2 (id, k, c, pad) VALUES (10670, 13, 'foobar', 'foobar')
	Insert on sbtest2  (cost=0.00..0.01 rows=0 width=0)
	  ->  Result  (cost=0.00..0.01 rows=1 width=736)

table 3 : explain INSERT INTO sbtest3 (id, k, c, pad) VALUES (3735316, 13, 'foobar', 'foobar')
	Insert on sbtest3  (cost=0.00..0.01 rows=0 width=0)
	  ->  Result  (cost=0.00..0.01 rows=1 width=736)

table 4 : explain INSERT INTO sbtest4 (id, k, c, pad) VALUES (312094, 13, 'foobar', 'foobar')
	Insert on sbtest4  (cost=0.00..0.01 rows=0 width=0)
	  ->  Result  (cost=0.00..0.01 rows=1 width=736)

table 5 : explain INSERT INTO sbtest5 (id, k, c, pad) VALUES (4321710, 13, 'foobar', 'foobar')
	Insert on sbtest5  (cost=0.00..0.01 rows=0 width=0)
	  ->  Result  (cost=0.00..0.01 rows=1 width=736)

table 6 : explain INSERT INTO sbtest6 (id, k, c, pad) VALUES (9661649, 13, 'foobar', 'foobar')
	Insert on sbtest6  (cost=0.00..0.01 rows=0 width=0)
	  ->  Result  (cost=0.00..0.01 rows=1 width=736)

table 7 : explain INSERT INTO sbtest7 (id, k, c, pad) VALUES (1932483, 13, 'foobar', 'foobar')
	Insert on sbtest7  (cost=0.00..0.01 rows=0 width=0)
	  ->  Result  (cost=0.00..0.01 rows=1 width=736)

table 8 : explain INSERT INTO sbtest8 (id, k, c, pad) VALUES (6891352, 13, 'foobar', 'foobar')
	Insert on sbtest8  (cost=0.00..0.01 rows=0 width=0)
	  ->  Result  (cost=0.00..0.01 rows=1 width=736)

explain: for inserts :: explain INSERT INTO sbtest%u (id, k, c, pad) VALUES (%u, 13, 'foobar', 'foobar')
explain: for deletes :: explain DELETE FROM sbtest%u WHERE id=%u
explain: for non_index_updates :: explain UPDATE sbtest%u SET c='foobar' WHERE id=%u
for index_updates
table 1 : explain UPDATE sbtest1 SET k=k+1 WHERE id=7124892
	Update on sbtest1  (cost=0.43..8.46 rows=0 width=0)
	  ->  Index Scan using sbtest1_pkey on sbtest1  (cost=0.43..8.46 rows=1 width=10)
	        Index Cond: (id = 7124892)

table 2 : explain UPDATE sbtest2 SET k=k+1 WHERE id=1476704
	Update on sbtest2  (cost=0.43..8.46 rows=0 width=0)
	  ->  Index Scan using sbtest2_pkey on sbtest2  (cost=0.43..8.46 rows=1 width=10)
	        Index Cond: (id = 1476704)

table 3 : explain UPDATE sbtest3 SET k=k+1 WHERE id=4199272
	Update on sbtest3  (cost=0.43..8.46 rows=0 width=0)
	  ->  Index Scan using sbtest3_pkey on sbtest3  (cost=0.43..8.46 rows=1 width=10)
	        Index Cond: (id = 4199272)

table 4 : explain UPDATE sbtest4 SET k=k+1 WHERE id=1166634
	Update on sbtest4  (cost=0.43..8.46 rows=0 width=0)
	  ->  Index Scan using sbtest4_pkey on sbtest4  (cost=0.43..8.46 rows=1 width=10)
	        Index Cond: (id = 1166634)

table 5 : explain UPDATE sbtest5 SET k=k+1 WHERE id=582466
	Update on sbtest5  (cost=0.43..8.46 rows=0 width=0)
	  ->  Index Scan using sbtest5_pkey on sbtest5  (cost=0.43..8.46 rows=1 width=10)
	        Index Cond: (id = 582466)

table 6 : explain UPDATE sbtest6 SET k=k+1 WHERE id=4087637
	Update on sbtest6  (cost=0.43..8.46 rows=0 width=0)
	  ->  Index Scan using sbtest6_pkey on sbtest6  (cost=0.43..8.46 rows=1 width=10)
	        Index Cond: (id = 4087637)

table 7 : explain UPDATE sbtest7 SET k=k+1 WHERE id=4395002
	Update on sbtest7  (cost=0.43..8.46 rows=0 width=0)
	  ->  Index Scan using sbtest7_pkey on sbtest7  (cost=0.43..8.46 rows=1 width=10)
	        Index Cond: (id = 4395002)

table 8 : explain UPDATE sbtest8 SET k=k+1 WHERE id=127702
	Update on sbtest8  (cost=0.43..8.46 rows=0 width=0)
	  ->  Index Scan using sbtest8_pkey on sbtest8  (cost=0.43..8.46 rows=1 width=10)
	        Index Cond: (id = 127702)

for non_index_updates
table 1 : explain UPDATE sbtest1 SET c='foobar' WHERE id=6982098
	Update on sbtest1  (cost=0.43..8.45 rows=0 width=0)
	  ->  Index Scan using sbtest1_pkey on sbtest1  (cost=0.43..8.45 rows=1 width=490)
	        Index Cond: (id = 6982098)

table 2 : explain UPDATE sbtest2 SET c='foobar' WHERE id=2006726
	Update on sbtest2  (cost=0.43..8.45 rows=0 width=0)
	  ->  Index Scan using sbtest2_pkey on sbtest2  (cost=0.43..8.45 rows=1 width=490)
	        Index Cond: (id = 2006726)

table 3 : explain UPDATE sbtest3 SET c='foobar' WHERE id=807227
	Update on sbtest3  (cost=0.43..8.45 rows=0 width=0)
	  ->  Index Scan using sbtest3_pkey on sbtest3  (cost=0.43..8.45 rows=1 width=490)
	        Index Cond: (id = 807227)

table 4 : explain UPDATE sbtest4 SET c='foobar' WHERE id=6807494
	Update on sbtest4  (cost=0.43..8.45 rows=0 width=0)
	  ->  Index Scan using sbtest4_pkey on sbtest4  (cost=0.43..8.45 rows=1 width=490)
	        Index Cond: (id = 6807494)

table 5 : explain UPDATE sbtest5 SET c='foobar' WHERE id=8218979
	Update on sbtest5  (cost=0.43..8.45 rows=0 width=0)
	  ->  Index Scan using sbtest5_pkey on sbtest5  (cost=0.43..8.45 rows=1 width=490)
	        Index Cond: (id = 8218979)

table 6 : explain UPDATE sbtest6 SET c='foobar' WHERE id=8545904
	Update on sbtest6  (cost=0.43..8.45 rows=0 width=0)
	  ->  Index Scan using sbtest6_pkey on sbtest6  (cost=0.43..8.45 rows=1 width=490)
	        Index Cond: (id = 8545904)

table 7 : explain UPDATE sbtest7 SET c='foobar' WHERE id=7038529
	Update on sbtest7  (cost=0.43..8.45 rows=0 width=0)
	  ->  Index Scan using sbtest7_pkey on sbtest7  (cost=0.43..8.45 rows=1 width=490)
	        Index Cond: (id = 7038529)

table 8 : explain UPDATE sbtest8 SET c='foobar' WHERE id=5584529
	Update on sbtest8  (cost=0.43..8.45 rows=0 width=0)
	  ->  Index Scan using sbtest8_pkey on sbtest8  (cost=0.43..8.45 rows=1 width=490)
	        Index Cond: (id = 5584529)

for non_index_updates
table 1 : explain UPDATE sbtest1 SET c='foobar' WHERE id=9551977
	Update on sbtest1  (cost=0.43..8.45 rows=0 width=0)
	  ->  Index Scan using sbtest1_pkey on sbtest1  (cost=0.43..8.45 rows=1 width=490)
	        Index Cond: (id = 9551977)

table 2 : explain UPDATE sbtest2 SET c='foobar' WHERE id=5457549
	Update on sbtest2  (cost=0.43..8.45 rows=0 width=0)
	  ->  Index Scan using sbtest2_pkey on sbtest2  (cost=0.43..8.45 rows=1 width=490)
	        Index Cond: (id = 5457549)

table 3 : explain UPDATE sbtest3 SET c='foobar' WHERE id=3655657
	Update on sbtest3  (cost=0.43..8.45 rows=0 width=0)
	  ->  Index Scan using sbtest3_pkey on sbtest3  (cost=0.43..8.45 rows=1 width=490)
	        Index Cond: (id = 3655657)

table 4 : explain UPDATE sbtest4 SET c='foobar' WHERE id=7973609
	Update on sbtest4  (cost=0.43..8.45 rows=0 width=0)
	  ->  Index Scan using sbtest4_pkey on sbtest4  (cost=0.43..8.45 rows=1 width=490)
	        Index Cond: (id = 7973609)

table 5 : explain UPDATE sbtest5 SET c='foobar' WHERE id=6017133
	Update on sbtest5  (cost=0.43..8.45 rows=0 width=0)
	  ->  Index Scan using sbtest5_pkey on sbtest5  (cost=0.43..8.45 rows=1 width=490)
	        Index Cond: (id = 6017133)

table 6 : explain UPDATE sbtest6 SET c='foobar' WHERE id=4930602
	Update on sbtest6  (cost=0.43..8.45 rows=0 width=0)
	  ->  Index Scan using sbtest6_pkey on sbtest6  (cost=0.43..8.45 rows=1 width=490)
	        Index Cond: (id = 4930602)

table 7 : explain UPDATE sbtest7 SET c='foobar' WHERE id=4162716
	Update on sbtest7  (cost=0.43..8.45 rows=0 width=0)
	  ->  Index Scan using sbtest7_pkey on sbtest7  (cost=0.43..8.45 rows=1 width=490)
	        Index Cond: (id = 4162716)

table 8 : explain UPDATE sbtest8 SET c='foobar' WHERE id=7043635
	Update on sbtest8  (cost=0.43..8.45 rows=0 width=0)
	  ->  Index Scan using sbtest8_pkey on sbtest8  (cost=0.43..8.45 rows=1 width=490)
	        Index Cond: (id = 7043635)

for inserts
table 1 : explain INSERT INTO sbtest1 (id, k, c, pad) VALUES (1252301, 13, 'foobar', 'foobar')
	Insert on sbtest1  (cost=0.00..0.01 rows=0 width=0)
	  ->  Result  (cost=0.00..0.01 rows=1 width=736)

table 2 : explain INSERT INTO sbtest2 (id, k, c, pad) VALUES (3596606, 13, 'foobar', 'foobar')
	Insert on sbtest2  (cost=0.00..0.01 rows=0 width=0)
	  ->  Result  (cost=0.00..0.01 rows=1 width=736)

table 3 : explain INSERT INTO sbtest3 (id, k, c, pad) VALUES (9730604, 13, 'foobar', 'foobar')
	Insert on sbtest3  (cost=0.00..0.01 rows=0 width=0)
	  ->  Result  (cost=0.00..0.01 rows=1 width=736)

table 4 : explain INSERT INTO sbtest4 (id, k, c, pad) VALUES (5753209, 13, 'foobar', 'foobar')
	Insert on sbtest4  (cost=0.00..0.01 rows=0 width=0)
	  ->  Result  (cost=0.00..0.01 rows=1 width=736)

table 5 : explain INSERT INTO sbtest5 (id, k, c, pad) VALUES (9147166, 13, 'foobar', 'foobar')
	Insert on sbtest5  (cost=0.00..0.01 rows=0 width=0)
	  ->  Result  (cost=0.00..0.01 rows=1 width=736)

table 6 : explain INSERT INTO sbtest6 (id, k, c, pad) VALUES (779832, 13, 'foobar', 'foobar')
	Insert on sbtest6  (cost=0.00..0.01 rows=0 width=0)
	  ->  Result  (cost=0.00..0.01 rows=1 width=736)

table 7 : explain INSERT INTO sbtest7 (id, k, c, pad) VALUES (1531290, 13, 'foobar', 'foobar')
	Insert on sbtest7  (cost=0.00..0.01 rows=0 width=0)
	  ->  Result  (cost=0.00..0.01 rows=1 width=736)

table 8 : explain INSERT INTO sbtest8 (id, k, c, pad) VALUES (6942104, 13, 'foobar', 'foobar')
	Insert on sbtest8  (cost=0.00..0.01 rows=0 width=0)
	  ->  Result  (cost=0.00..0.01 rows=1 width=736)

explain: for deletes :: explain DELETE FROM sbtest%u WHERE id=%u
explain: for deletes :: explain DELETE FROM sbtest%u WHERE id=%u
explain: for non_index_updates :: explain UPDATE sbtest%u SET c='foobar' WHERE id=%u
explain: for inserts :: explain INSERT INTO sbtest%u (id, k, c, pad) VALUES (%u, 13, 'foobar', 'foobar')
for non_index_updates
table 1 : explain UPDATE sbtest1 SET c='foobar' WHERE id=2069673
	Update on sbtest1  (cost=0.43..8.45 rows=0 width=0)
	  ->  Index Scan using sbtest1_pkey on sbtest1  (cost=0.43..8.45 rows=1 width=490)
	        Index Cond: (id = 2069673)

table 2 : explain UPDATE sbtest2 SET c='foobar' WHERE id=3826806
	Update on sbtest2  (cost=0.43..8.45 rows=0 width=0)
	  ->  Index Scan using sbtest2_pkey on sbtest2  (cost=0.43..8.45 rows=1 width=490)
	        Index Cond: (id = 3826806)

table 3 : explain UPDATE sbtest3 SET c='foobar' WHERE id=5100442
	Update on sbtest3  (cost=0.43..8.45 rows=0 width=0)
	  ->  Index Scan using sbtest3_pkey on sbtest3  (cost=0.43..8.45 rows=1 width=490)
	        Index Cond: (id = 5100442)

table 4 : explain UPDATE sbtest4 SET c='foobar' WHERE id=4523416
	Update on sbtest4  (cost=0.43..8.45 rows=0 width=0)
	  ->  Index Scan using sbtest4_pkey on sbtest4  (cost=0.43..8.45 rows=1 width=490)
	        Index Cond: (id = 4523416)

table 5 : explain UPDATE sbtest5 SET c='foobar' WHERE id=3982482
	Update on sbtest5  (cost=0.43..8.45 rows=0 width=0)
	  ->  Index Scan using sbtest5_pkey on sbtest5  (cost=0.43..8.45 rows=1 width=490)
	        Index Cond: (id = 3982482)

table 6 : explain UPDATE sbtest6 SET c='foobar' WHERE id=3523766
	Update on sbtest6  (cost=0.43..8.45 rows=0 width=0)
	  ->  Index Scan using sbtest6_pkey on sbtest6  (cost=0.43..8.45 rows=1 width=490)
	        Index Cond: (id = 3523766)

table 7 : explain UPDATE sbtest7 SET c='foobar' WHERE id=5115153
	Update on sbtest7  (cost=0.43..8.45 rows=0 width=0)
	  ->  Index Scan using sbtest7_pkey on sbtest7  (cost=0.43..8.45 rows=1 width=490)
	        Index Cond: (id = 5115153)

table 8 : explain UPDATE sbtest8 SET c='foobar' WHERE id=6852842
	Update on sbtest8  (cost=0.43..8.45 rows=0 width=0)
	  ->  Index Scan using sbtest8_pkey on sbtest8  (cost=0.43..8.45 rows=1 width=490)
	        Index Cond: (id = 6852842)

explain: for index_updates :: explain UPDATE sbtest%u SET k=k+1 WHERE id=%u
for deletes
table 1 : explain DELETE FROM sbtest1 WHERE id=3625417
	Delete on sbtest1  (cost=0.43..8.45 rows=0 width=0)
	  ->  Index Scan using sbtest1_pkey on sbtest1  (cost=0.43..8.45 rows=1 width=6)
	        Index Cond: (id = 3625417)

table 2 : explain DELETE FROM sbtest2 WHERE id=4030555
	Delete on sbtest2  (cost=0.43..8.45 rows=0 width=0)
	  ->  Index Scan using sbtest2_pkey on sbtest2  (cost=0.43..8.45 rows=1 width=6)
	        Index Cond: (id = 4030555)

table 3 : explain DELETE FROM sbtest3 WHERE id=6319834
	Delete on sbtest3  (cost=0.43..8.45 rows=0 width=0)
	  ->  Index Scan using sbtest3_pkey on sbtest3  (cost=0.43..8.45 rows=1 width=6)
	        Index Cond: (id = 6319834)

table 4 : explain DELETE FROM sbtest4 WHERE id=2047122
	Delete on sbtest4  (cost=0.43..8.45 rows=0 width=0)
	  ->  Index Scan using sbtest4_pkey on sbtest4  (cost=0.43..8.45 rows=1 width=6)
	        Index Cond: (id = 2047122)

table 5 : explain DELETE FROM sbtest5 WHERE id=7158965
	Delete on sbtest5  (cost=0.43..8.45 rows=0 width=0)
	  ->  Index Scan using sbtest5_pkey on sbtest5  (cost=0.43..8.45 rows=1 width=6)
	        Index Cond: (id = 7158965)

table 6 : explain DELETE FROM sbtest6 WHERE id=5280819
	Delete on sbtest6  (cost=0.43..8.45 rows=0 width=0)
	  ->  Index Scan using sbtest6_pkey on sbtest6  (cost=0.43..8.45 rows=1 width=6)
	        Index Cond: (id = 5280819)

table 7 : explain DELETE FROM sbtest7 WHERE id=1316919
	Delete on sbtest7  (cost=0.43..8.45 rows=0 width=0)
	  ->  Index Scan using sbtest7_pkey on sbtest7  (cost=0.43..8.45 rows=1 width=6)
	        Index Cond: (id = 1316919)

table 8 : explain DELETE FROM sbtest8 WHERE id=5821743
	Delete on sbtest8  (cost=0.43..8.45 rows=0 width=0)
	  ->  Index Scan using sbtest8_pkey on sbtest8  (cost=0.43..8.45 rows=1 width=6)
	        Index Cond: (id = 5821743)

for deletes
table 1 : explain DELETE FROM sbtest1 WHERE id=5774953
	Delete on sbtest1  (cost=0.43..8.45 rows=0 width=0)
	  ->  Index Scan using sbtest1_pkey on sbtest1  (cost=0.43..8.45 rows=1 width=6)
	        Index Cond: (id = 5774953)

table 2 : explain DELETE FROM sbtest2 WHERE id=5976024
	Delete on sbtest2  (cost=0.43..8.45 rows=0 width=0)
	  ->  Index Scan using sbtest2_pkey on sbtest2  (cost=0.43..8.45 rows=1 width=6)
	        Index Cond: (id = 5976024)

table 3 : explain DELETE FROM sbtest3 WHERE id=2422674
	Delete on sbtest3  (cost=0.43..8.45 rows=0 width=0)
	  ->  Index Scan using sbtest3_pkey on sbtest3  (cost=0.43..8.45 rows=1 width=6)
	        Index Cond: (id = 2422674)

table 4 : explain DELETE FROM sbtest4 WHERE id=4917623
	Delete on sbtest4  (cost=0.43..8.45 rows=0 width=0)
	  ->  Index Scan using sbtest4_pkey on sbtest4  (cost=0.43..8.45 rows=1 width=6)
	        Index Cond: (id = 4917623)

table 5 : explain DELETE FROM sbtest5 WHERE id=1927620
	Delete on sbtest5  (cost=0.43..8.45 rows=0 width=0)
	  ->  Index Scan using sbtest5_pkey on sbtest5  (cost=0.43..8.45 rows=1 width=6)
	        Index Cond: (id = 1927620)

table 6 : explain DELETE FROM sbtest6 WHERE id=8592865
	Delete on sbtest6  (cost=0.43..8.45 rows=0 width=0)
	  ->  Index Scan using sbtest6_pkey on sbtest6  (cost=0.43..8.45 rows=1 width=6)
	        Index Cond: (id = 8592865)

table 7 : explain DELETE FROM sbtest7 WHERE id=9454994
	Delete on sbtest7  (cost=0.43..8.45 rows=0 width=0)
	  ->  Index Scan using sbtest7_pkey on sbtest7  (cost=0.43..8.45 rows=1 width=6)
	        Index Cond: (id = 9454994)

table 8 : explain DELETE FROM sbtest8 WHERE id=3708937
	Delete on sbtest8  (cost=0.43..8.45 rows=0 width=0)
	  ->  Index Scan using sbtest8_pkey on sbtest8  (cost=0.43..8.45 rows=1 width=6)
	        Index Cond: (id = 3708937)

for inserts
table 1 : explain INSERT INTO sbtest1 (id, k, c, pad) VALUES (5067264, 13, 'foobar', 'foobar')
	Insert on sbtest1  (cost=0.00..0.01 rows=0 width=0)
	  ->  Result  (cost=0.00..0.01 rows=1 width=736)

table 2 : explain INSERT INTO sbtest2 (id, k, c, pad) VALUES (2269699, 13, 'foobar', 'foobar')
	Insert on sbtest2  (cost=0.00..0.01 rows=0 width=0)
	  ->  Result  (cost=0.00..0.01 rows=1 width=736)

table 3 : explain INSERT INTO sbtest3 (id, k, c, pad) VALUES (6927355, 13, 'foobar', 'foobar')
	Insert on sbtest3  (cost=0.00..0.01 rows=0 width=0)
	  ->  Result  (cost=0.00..0.01 rows=1 width=736)

table 4 : explain INSERT INTO sbtest4 (id, k, c, pad) VALUES (2133564, 13, 'foobar', 'foobar')
	Insert on sbtest4  (cost=0.00..0.01 rows=0 width=0)
	  ->  Result  (cost=0.00..0.01 rows=1 width=736)

table 5 : explain INSERT INTO sbtest5 (id, k, c, pad) VALUES (2796971, 13, 'foobar', 'foobar')
	Insert on sbtest5  (cost=0.00..0.01 rows=0 width=0)
	  ->  Result  (cost=0.00..0.01 rows=1 width=736)

table 6 : explain INSERT INTO sbtest6 (id, k, c, pad) VALUES (2794139, 13, 'foobar', 'foobar')
	Insert on sbtest6  (cost=0.00..0.01 rows=0 width=0)
	  ->  Result  (cost=0.00..0.01 rows=1 width=736)

table 7 : explain INSERT INTO sbtest7 (id, k, c, pad) VALUES (3253737, 13, 'foobar', 'foobar')
	Insert on sbtest7  (cost=0.00..0.01 rows=0 width=0)
	  ->  Result  (cost=0.00..0.01 rows=1 width=736)

table 8 : explain INSERT INTO sbtest8 (id, k, c, pad) VALUES (1931328, 13, 'foobar', 'foobar')
	Insert on sbtest8  (cost=0.00..0.01 rows=0 width=0)
	  ->  Result  (cost=0.00..0.01 rows=1 width=736)

explain: for deletes :: explain DELETE FROM sbtest%u WHERE id=%u
for non_index_updates
table 1 : explain UPDATE sbtest1 SET c='foobar' WHERE id=4314763
	Update on sbtest1  (cost=0.43..8.45 rows=0 width=0)
	  ->  Index Scan using sbtest1_pkey on sbtest1  (cost=0.43..8.45 rows=1 width=490)
	        Index Cond: (id = 4314763)

table 2 : explain UPDATE sbtest2 SET c='foobar' WHERE id=6904980
	Update on sbtest2  (cost=0.43..8.45 rows=0 width=0)
	  ->  Index Scan using sbtest2_pkey on sbtest2  (cost=0.43..8.45 rows=1 width=490)
	        Index Cond: (id = 6904980)

table 3 : explain UPDATE sbtest3 SET c='foobar' WHERE id=2428040
	Update on sbtest3  (cost=0.43..8.45 rows=0 width=0)
	  ->  Index Scan using sbtest3_pkey on sbtest3  (cost=0.43..8.45 rows=1 width=490)
	        Index Cond: (id = 2428040)

table 4 : explain UPDATE sbtest4 SET c='foobar' WHERE id=5064919
	Update on sbtest4  (cost=0.43..8.45 rows=0 width=0)
	  ->  Index Scan using sbtest4_pkey on sbtest4  (cost=0.43..8.45 rows=1 width=490)
	        Index Cond: (id = 5064919)

table 5 : explain UPDATE sbtest5 SET c='foobar' WHERE id=9616651
	Update on sbtest5  (cost=0.43..8.45 rows=0 width=0)
	  ->  Index Scan using sbtest5_pkey on sbtest5  (cost=0.43..8.45 rows=1 width=490)
	        Index Cond: (id = 9616651)

table 6 : explain UPDATE sbtest6 SET c='foobar' WHERE id=1177482
	Update on sbtest6  (cost=0.43..8.45 rows=0 width=0)
	  ->  Index Scan using sbtest6_pkey on sbtest6  (cost=0.43..8.45 rows=1 width=490)
	        Index Cond: (id = 1177482)

table 7 : explain UPDATE sbtest7 SET c='foobar' WHERE id=9765972
	Update on sbtest7  (cost=0.43..8.45 rows=0 width=0)
	  ->  Index Scan using sbtest7_pkey on sbtest7  (cost=0.43..8.45 rows=1 width=490)
	        Index Cond: (id = 9765972)

table 8 : explain UPDATE sbtest8 SET c='foobar' WHERE id=3239917
	Update on sbtest8  (cost=0.43..8.45 rows=0 width=0)
	  ->  Index Scan using sbtest8_pkey on sbtest8  (cost=0.43..8.45 rows=1 width=490)
	        Index Cond: (id = 3239917)

for index_updates
table 1 : explain UPDATE sbtest1 SET k=k+1 WHERE id=9366762
	Update on sbtest1  (cost=0.43..8.46 rows=0 width=0)
	  ->  Index Scan using sbtest1_pkey on sbtest1  (cost=0.43..8.46 rows=1 width=10)
	        Index Cond: (id = 9366762)

table 2 : explain UPDATE sbtest2 SET k=k+1 WHERE id=4115694
	Update on sbtest2  (cost=0.43..8.46 rows=0 width=0)
	  ->  Index Scan using sbtest2_pkey on sbtest2  (cost=0.43..8.46 rows=1 width=10)
	        Index Cond: (id = 4115694)

table 3 : explain UPDATE sbtest3 SET k=k+1 WHERE id=7141375
	Update on sbtest3  (cost=0.43..8.46 rows=0 width=0)
	  ->  Index Scan using sbtest3_pkey on sbtest3  (cost=0.43..8.46 rows=1 width=10)
	        Index Cond: (id = 7141375)

table 4 : explain UPDATE sbtest4 SET k=k+1 WHERE id=8331635
	Update on sbtest4  (cost=0.43..8.46 rows=0 width=0)
	  ->  Index Scan using sbtest4_pkey on sbtest4  (cost=0.43..8.46 rows=1 width=10)
	        Index Cond: (id = 8331635)

table 5 : explain UPDATE sbtest5 SET k=k+1 WHERE id=5444601
	Update on sbtest5  (cost=0.43..8.46 rows=0 width=0)
	  ->  Index Scan using sbtest5_pkey on sbtest5  (cost=0.43..8.46 rows=1 width=10)
	        Index Cond: (id = 5444601)

table 6 : explain UPDATE sbtest6 SET k=k+1 WHERE id=1617951
	Update on sbtest6  (cost=0.43..8.46 rows=0 width=0)
	  ->  Index Scan using sbtest6_pkey on sbtest6  (cost=0.43..8.46 rows=1 width=10)
	        Index Cond: (id = 1617951)

table 7 : explain UPDATE sbtest7 SET k=k+1 WHERE id=60375
	Update on sbtest7  (cost=0.43..8.46 rows=0 width=0)
	  ->  Index Scan using sbtest7_pkey on sbtest7  (cost=0.43..8.46 rows=1 width=10)
	        Index Cond: (id = 60375)

table 8 : explain UPDATE sbtest8 SET k=k+1 WHERE id=9924359
	Update on sbtest8  (cost=0.43..8.46 rows=0 width=0)
	  ->  Index Scan using sbtest8_pkey on sbtest8  (cost=0.43..8.46 rows=1 width=10)
	        Index Cond: (id = 9924359)

for: distinct_ranges
table 1 : explain SELECT DISTINCT c FROM sbtest1 WHERE id BETWEEN 1606728 AND 1606737 ORDER BY c
	Unique  (cost=39.53..39.58 rows=10 width=121)
	  ->  Sort  (cost=39.53..39.56 rows=10 width=121)
	        Sort Key: c
	        ->  Index Scan using sbtest1_pkey on sbtest1  (cost=0.43..39.37 rows=10 width=121)
	              Index Cond: ((id >= 1606728) AND (id <= 1606737))

table 2 : explain SELECT DISTINCT c FROM sbtest2 WHERE id BETWEEN 3041035 AND 3041044 ORDER BY c
	Unique  (cost=39.47..39.52 rows=10 width=121)
	  ->  Sort  (cost=39.47..39.49 rows=10 width=121)
	        Sort Key: c
	        ->  Index Scan using sbtest2_pkey on sbtest2  (cost=0.43..39.30 rows=10 width=121)
	              Index Cond: ((id >= 3041035) AND (id <= 3041044))

table 3 : explain SELECT DISTINCT c FROM sbtest3 WHERE id BETWEEN 4516498 AND 4516507 ORDER BY c
	Unique  (cost=39.22..39.27 rows=10 width=121)
	  ->  Sort  (cost=39.22..39.25 rows=10 width=121)
	        Sort Key: c
	        ->  Index Scan using sbtest3_pkey on sbtest3  (cost=0.43..39.05 rows=10 width=121)
	              Index Cond: ((id >= 4516498) AND (id <= 4516507))

table 4 : explain SELECT DISTINCT c FROM sbtest4 WHERE id BETWEEN 8074625 AND 8074634 ORDER BY c
	Unique  (cost=43.16..43.22 rows=11 width=121)
	  ->  Sort  (cost=43.16..43.19 rows=11 width=121)
	        Sort Key: c
	        ->  Index Scan using sbtest4_pkey on sbtest4  (cost=0.43..42.97 rows=11 width=121)
	              Index Cond: ((id >= 8074625) AND (id <= 8074634))

table 5 : explain SELECT DISTINCT c FROM sbtest5 WHERE id BETWEEN 4182323 AND 4182332 ORDER BY c
	Unique  (cost=42.94..42.99 rows=11 width=121)
	  ->  Sort  (cost=42.94..42.97 rows=11 width=121)
	        Sort Key: c
	        ->  Index Scan using sbtest5_pkey on sbtest5  (cost=0.43..42.75 rows=11 width=121)
	              Index Cond: ((id >= 4182323) AND (id <= 4182332))

table 6 : explain SELECT DISTINCT c FROM sbtest6 WHERE id BETWEEN 507370 AND 507379 ORDER BY c
	Unique  (cost=43.07..43.12 rows=11 width=121)
	  ->  Sort  (cost=43.07..43.09 rows=11 width=121)
	        Sort Key: c
	        ->  Index Scan using sbtest6_pkey on sbtest6  (cost=0.43..42.88 rows=11 width=121)
	              Index Cond: ((id >= 507370) AND (id <= 507379))

table 7 : explain SELECT DISTINCT c FROM sbtest7 WHERE id BETWEEN 7426357 AND 7426366 ORDER BY c
	Unique  (cost=39.70..39.75 rows=10 width=121)
	  ->  Sort  (cost=39.70..39.72 rows=10 width=121)
	        Sort Key: c
	        ->  Index Scan using sbtest7_pkey on sbtest7  (cost=0.43..39.53 rows=10 width=121)
	              Index Cond: ((id >= 7426357) AND (id <= 7426366))

table 8 : explain SELECT DISTINCT c FROM sbtest8 WHERE id BETWEEN 7358824 AND 7358833 ORDER BY c
	Unique  (cost=39.48..39.53 rows=10 width=121)
	  ->  Sort  (cost=39.48..39.50 rows=10 width=121)
	        Sort Key: c
	        ->  Index Scan using sbtest8_pkey on sbtest8  (cost=0.43..39.31 rows=10 width=121)
	              Index Cond: ((id >= 7358824) AND (id <= 7358833))

explain: for inserts :: explain INSERT INTO sbtest%u (id, k, c, pad) VALUES (%u, 13, 'foobar', 'foobar')
explain: for deletes :: explain DELETE FROM sbtest%u WHERE id=%u
explain: for inserts :: explain INSERT INTO sbtest%u (id, k, c, pad) VALUES (%u, 13, 'foobar', 'foobar')
explain: for non_index_updates :: explain UPDATE sbtest%u SET c='foobar' WHERE id=%u
explain: for index_updates :: explain UPDATE sbtest%u SET k=k+1 WHERE id=%u
for deletes
table 1 : explain DELETE FROM sbtest1 WHERE id=6094666
	Delete on sbtest1  (cost=0.43..8.45 rows=0 width=0)
	  ->  Index Scan using sbtest1_pkey on sbtest1  (cost=0.43..8.45 rows=1 width=6)
	        Index Cond: (id = 6094666)

table 2 : explain DELETE FROM sbtest2 WHERE id=923563
	Delete on sbtest2  (cost=0.43..8.45 rows=0 width=0)
	  ->  Index Scan using sbtest2_pkey on sbtest2  (cost=0.43..8.45 rows=1 width=6)
	        Index Cond: (id = 923563)

table 3 : explain DELETE FROM sbtest3 WHERE id=4260413
	Delete on sbtest3  (cost=0.43..8.45 rows=0 width=0)
	  ->  Index Scan using sbtest3_pkey on sbtest3  (cost=0.43..8.45 rows=1 width=6)
	        Index Cond: (id = 4260413)

table 4 : explain DELETE FROM sbtest4 WHERE id=1691375
	Delete on sbtest4  (cost=0.43..8.45 rows=0 width=0)
	  ->  Index Scan using sbtest4_pkey on sbtest4  (cost=0.43..8.45 rows=1 width=6)
	        Index Cond: (id = 1691375)

table 5 : explain DELETE FROM sbtest5 WHERE id=4176023
	Delete on sbtest5  (cost=0.43..8.45 rows=0 width=0)
	  ->  Index Scan using sbtest5_pkey on sbtest5  (cost=0.43..8.45 rows=1 width=6)
	        Index Cond: (id = 4176023)

table 6 : explain DELETE FROM sbtest6 WHERE id=2829776
	Delete on sbtest6  (cost=0.43..8.45 rows=0 width=0)
	  ->  Index Scan using sbtest6_pkey on sbtest6  (cost=0.43..8.45 rows=1 width=6)
	        Index Cond: (id = 2829776)

table 7 : explain DELETE FROM sbtest7 WHERE id=7641474
	Delete on sbtest7  (cost=0.43..8.45 rows=0 width=0)
	  ->  Index Scan using sbtest7_pkey on sbtest7  (cost=0.43..8.45 rows=1 width=6)
	        Index Cond: (id = 7641474)

table 8 : explain DELETE FROM sbtest8 WHERE id=6454335
	Delete on sbtest8  (cost=0.43..8.45 rows=0 width=0)
	  ->  Index Scan using sbtest8_pkey on sbtest8  (cost=0.43..8.45 rows=1 width=6)
	        Index Cond: (id = 6454335)

for inserts
table 1 : explain INSERT INTO sbtest1 (id, k, c, pad) VALUES (9702844, 13, 'foobar', 'foobar')
	Insert on sbtest1  (cost=0.00..0.01 rows=0 width=0)
	  ->  Result  (cost=0.00..0.01 rows=1 width=736)

table 2 : explain INSERT INTO sbtest2 (id, k, c, pad) VALUES (19012, 13, 'foobar', 'foobar')
	Insert on sbtest2  (cost=0.00..0.01 rows=0 width=0)
	  ->  Result  (cost=0.00..0.01 rows=1 width=736)

table 3 : explain INSERT INTO sbtest3 (id, k, c, pad) VALUES (4452517, 13, 'foobar', 'foobar')
	Insert on sbtest3  (cost=0.00..0.01 rows=0 width=0)
	  ->  Result  (cost=0.00..0.01 rows=1 width=736)

table 4 : explain INSERT INTO sbtest4 (id, k, c, pad) VALUES (5188144, 13, 'foobar', 'foobar')
	Insert on sbtest4  (cost=0.00..0.01 rows=0 width=0)
	  ->  Result  (cost=0.00..0.01 rows=1 width=736)

table 5 : explain INSERT INTO sbtest5 (id, k, c, pad) VALUES (4061886, 13, 'foobar', 'foobar')
	Insert on sbtest5  (cost=0.00..0.01 rows=0 width=0)
	  ->  Result  (cost=0.00..0.01 rows=1 width=736)

table 6 : explain INSERT INTO sbtest6 (id, k, c, pad) VALUES (5324770, 13, 'foobar', 'foobar')
	Insert on sbtest6  (cost=0.00..0.01 rows=0 width=0)
	  ->  Result  (cost=0.00..0.01 rows=1 width=736)

table 7 : explain INSERT INTO sbtest7 (id, k, c, pad) VALUES (4923322, 13, 'foobar', 'foobar')
	Insert on sbtest7  (cost=0.00..0.01 rows=0 width=0)
	  ->  Result  (cost=0.00..0.01 rows=1 width=736)

table 8 : explain INSERT INTO sbtest8 (id, k, c, pad) VALUES (947403, 13, 'foobar', 'foobar')
	Insert on sbtest8  (cost=0.00..0.01 rows=0 width=0)
	  ->  Result  (cost=0.00..0.01 rows=1 width=736)

for inserts
table 1 : explain INSERT INTO sbtest1 (id, k, c, pad) VALUES (6129902, 13, 'foobar', 'foobar')
	Insert on sbtest1  (cost=0.00..0.01 rows=0 width=0)
	  ->  Result  (cost=0.00..0.01 rows=1 width=736)

table 2 : explain INSERT INTO sbtest2 (id, k, c, pad) VALUES (8608678, 13, 'foobar', 'foobar')
	Insert on sbtest2  (cost=0.00..0.01 rows=0 width=0)
	  ->  Result  (cost=0.00..0.01 rows=1 width=736)

table 3 : explain INSERT INTO sbtest3 (id, k, c, pad) VALUES (8750483, 13, 'foobar', 'foobar')
	Insert on sbtest3  (cost=0.00..0.01 rows=0 width=0)
	  ->  Result  (cost=0.00..0.01 rows=1 width=736)

table 4 : explain INSERT INTO sbtest4 (id, k, c, pad) VALUES (7040058, 13, 'foobar', 'foobar')
	Insert on sbtest4  (cost=0.00..0.01 rows=0 width=0)
	  ->  Result  (cost=0.00..0.01 rows=1 width=736)

table 5 : explain INSERT INTO sbtest5 (id, k, c, pad) VALUES (1589682, 13, 'foobar', 'foobar')
	Insert on sbtest5  (cost=0.00..0.01 rows=0 width=0)
	  ->  Result  (cost=0.00..0.01 rows=1 width=736)

table 6 : explain INSERT INTO sbtest6 (id, k, c, pad) VALUES (8385392, 13, 'foobar', 'foobar')
	Insert on sbtest6  (cost=0.00..0.01 rows=0 width=0)
	  ->  Result  (cost=0.00..0.01 rows=1 width=736)

table 7 : explain INSERT INTO sbtest7 (id, k, c, pad) VALUES (1650738, 13, 'foobar', 'foobar')
	Insert on sbtest7  (cost=0.00..0.01 rows=0 width=0)
	  ->  Result  (cost=0.00..0.01 rows=1 width=736)

table 8 : explain INSERT INTO sbtest8 (id, k, c, pad) VALUES (1367105, 13, 'foobar', 'foobar')
	Insert on sbtest8  (cost=0.00..0.01 rows=0 width=0)
	  ->  Result  (cost=0.00..0.01 rows=1 width=736)

for deletes
table 1 : explain DELETE FROM sbtest1 WHERE id=505285
	Delete on sbtest1  (cost=0.43..8.45 rows=0 width=0)
	  ->  Index Scan using sbtest1_pkey on sbtest1  (cost=0.43..8.45 rows=1 width=6)
	        Index Cond: (id = 505285)

table 2 : explain DELETE FROM sbtest2 WHERE id=9380726
	Delete on sbtest2  (cost=0.43..8.45 rows=0 width=0)
	  ->  Index Scan using sbtest2_pkey on sbtest2  (cost=0.43..8.45 rows=1 width=6)
	        Index Cond: (id = 9380726)

table 3 : explain DELETE FROM sbtest3 WHERE id=6029716
	Delete on sbtest3  (cost=0.43..8.45 rows=0 width=0)
	  ->  Index Scan using sbtest3_pkey on sbtest3  (cost=0.43..8.45 rows=1 width=6)
	        Index Cond: (id = 6029716)

table 4 : explain DELETE FROM sbtest4 WHERE id=7739167
	Delete on sbtest4  (cost=0.43..8.45 rows=0 width=0)
	  ->  Index Scan using sbtest4_pkey on sbtest4  (cost=0.43..8.45 rows=1 width=6)
	        Index Cond: (id = 7739167)

table 5 : explain DELETE FROM sbtest5 WHERE id=1234421
	Delete on sbtest5  (cost=0.43..8.45 rows=0 width=0)
	  ->  Index Scan using sbtest5_pkey on sbtest5  (cost=0.43..8.45 rows=1 width=6)
	        Index Cond: (id = 1234421)

table 6 : explain DELETE FROM sbtest6 WHERE id=7288003
	Delete on sbtest6  (cost=0.43..8.45 rows=0 width=0)
	  ->  Index Scan using sbtest6_pkey on sbtest6  (cost=0.43..8.45 rows=1 width=6)
	        Index Cond: (id = 7288003)

table 7 : explain DELETE FROM sbtest7 WHERE id=163155
	Delete on sbtest7  (cost=0.43..8.45 rows=0 width=0)
	  ->  Index Scan using sbtest7_pkey on sbtest7  (cost=0.43..8.45 rows=1 width=6)
	        Index Cond: (id = 163155)

table 8 : explain DELETE FROM sbtest8 WHERE id=9648423
	Delete on sbtest8  (cost=0.43..8.45 rows=0 width=0)
	  ->  Index Scan using sbtest8_pkey on sbtest8  (cost=0.43..8.45 rows=1 width=6)
	        Index Cond: (id = 9648423)

for non_index_updates
table 1 : explain UPDATE sbtest1 SET c='foobar' WHERE id=1843957
	Update on sbtest1  (cost=0.43..8.45 rows=0 width=0)
	  ->  Index Scan using sbtest1_pkey on sbtest1  (cost=0.43..8.45 rows=1 width=490)
	        Index Cond: (id = 1843957)

table 2 : explain UPDATE sbtest2 SET c='foobar' WHERE id=2459635
	Update on sbtest2  (cost=0.43..8.45 rows=0 width=0)
	  ->  Index Scan using sbtest2_pkey on sbtest2  (cost=0.43..8.45 rows=1 width=490)
	        Index Cond: (id = 2459635)

table 3 : explain UPDATE sbtest3 SET c='foobar' WHERE id=2626895
	Update on sbtest3  (cost=0.43..8.45 rows=0 width=0)
	  ->  Index Scan using sbtest3_pkey on sbtest3  (cost=0.43..8.45 rows=1 width=490)
	        Index Cond: (id = 2626895)

table 4 : explain UPDATE sbtest4 SET c='foobar' WHERE id=2223996
	Update on sbtest4  (cost=0.43..8.45 rows=0 width=0)
	  ->  Index Scan using sbtest4_pkey on sbtest4  (cost=0.43..8.45 rows=1 width=490)
	        Index Cond: (id = 2223996)

table 5 : explain UPDATE sbtest5 SET c='foobar' WHERE id=1754183
	Update on sbtest5  (cost=0.43..8.45 rows=0 width=0)
	  ->  Index Scan using sbtest5_pkey on sbtest5  (cost=0.43..8.45 rows=1 width=490)
	        Index Cond: (id = 1754183)

table 6 : explain UPDATE sbtest6 SET c='foobar' WHERE id=1705998
	Update on sbtest6  (cost=0.43..8.45 rows=0 width=0)
	  ->  Index Scan using sbtest6_pkey on sbtest6  (cost=0.43..8.45 rows=1 width=490)
	        Index Cond: (id = 1705998)

table 7 : explain UPDATE sbtest7 SET c='foobar' WHERE id=6512562
	Update on sbtest7  (cost=0.43..8.45 rows=0 width=0)
	  ->  Index Scan using sbtest7_pkey on sbtest7  (cost=0.43..8.45 rows=1 width=490)
	        Index Cond: (id = 6512562)

table 8 : explain UPDATE sbtest8 SET c='foobar' WHERE id=40072
	Update on sbtest8  (cost=0.43..8.45 rows=0 width=0)
	  ->  Index Scan using sbtest8_pkey on sbtest8  (cost=0.43..8.45 rows=1 width=490)
	        Index Cond: (id = 40072)

explain: for inserts :: explain INSERT INTO sbtest%u (id, k, c, pad) VALUES (%u, 13, 'foobar', 'foobar')
for index_updates
table 1 : explain UPDATE sbtest1 SET k=k+1 WHERE id=8748061
	Update on sbtest1  (cost=0.43..8.46 rows=0 width=0)
	  ->  Index Scan using sbtest1_pkey on sbtest1  (cost=0.43..8.46 rows=1 width=10)
	        Index Cond: (id = 8748061)

table 2 : explain UPDATE sbtest2 SET k=k+1 WHERE id=3101564
	Update on sbtest2  (cost=0.43..8.46 rows=0 width=0)
	  ->  Index Scan using sbtest2_pkey on sbtest2  (cost=0.43..8.46 rows=1 width=10)
	        Index Cond: (id = 3101564)

table 3 : explain UPDATE sbtest3 SET k=k+1 WHERE id=1796868
	Update on sbtest3  (cost=0.43..8.46 rows=0 width=0)
	  ->  Index Scan using sbtest3_pkey on sbtest3  (cost=0.43..8.46 rows=1 width=10)
	        Index Cond: (id = 1796868)

table 4 : explain UPDATE sbtest4 SET k=k+1 WHERE id=1315901
	Update on sbtest4  (cost=0.43..8.46 rows=0 width=0)
	  ->  Index Scan using sbtest4_pkey on sbtest4  (cost=0.43..8.46 rows=1 width=10)
	        Index Cond: (id = 1315901)

table 5 : explain UPDATE sbtest5 SET k=k+1 WHERE id=7772954
	Update on sbtest5  (cost=0.43..8.46 rows=0 width=0)
	  ->  Index Scan using sbtest5_pkey on sbtest5  (cost=0.43..8.46 rows=1 width=10)
	        Index Cond: (id = 7772954)

table 6 : explain UPDATE sbtest6 SET k=k+1 WHERE id=4929292
	Update on sbtest6  (cost=0.43..8.46 rows=0 width=0)
	  ->  Index Scan using sbtest6_pkey on sbtest6  (cost=0.43..8.46 rows=1 width=10)
	        Index Cond: (id = 4929292)

table 7 : explain UPDATE sbtest7 SET k=k+1 WHERE id=5756350
	Update on sbtest7  (cost=0.43..8.46 rows=0 width=0)
	  ->  Index Scan using sbtest7_pkey on sbtest7  (cost=0.43..8.46 rows=1 width=10)
	        Index Cond: (id = 5756350)

table 8 : explain UPDATE sbtest8 SET k=k+1 WHERE id=2015470
	Update on sbtest8  (cost=0.43..8.46 rows=0 width=0)
	  ->  Index Scan using sbtest8_pkey on sbtest8  (cost=0.43..8.46 rows=1 width=10)
	        Index Cond: (id = 2015470)

explain: for deletes :: explain DELETE FROM sbtest%u WHERE id=%u
explain: for inserts :: explain INSERT INTO sbtest%u (id, k, c, pad) VALUES (%u, 13, 'foobar', 'foobar')
for inserts
table 1 : explain INSERT INTO sbtest1 (id, k, c, pad) VALUES (5830265, 13, 'foobar', 'foobar')
	Insert on sbtest1  (cost=0.00..0.01 rows=0 width=0)
	  ->  Result  (cost=0.00..0.01 rows=1 width=736)

table 2 : explain INSERT INTO sbtest2 (id, k, c, pad) VALUES (1087767, 13, 'foobar', 'foobar')
	Insert on sbtest2  (cost=0.00..0.01 rows=0 width=0)
	  ->  Result  (cost=0.00..0.01 rows=1 width=736)

table 3 : explain INSERT INTO sbtest3 (id, k, c, pad) VALUES (135208, 13, 'foobar', 'foobar')
	Insert on sbtest3  (cost=0.00..0.01 rows=0 width=0)
	  ->  Result  (cost=0.00..0.01 rows=1 width=736)

table 4 : explain INSERT INTO sbtest4 (id, k, c, pad) VALUES (4756774, 13, 'foobar', 'foobar')
	Insert on sbtest4  (cost=0.00..0.01 rows=0 width=0)
	  ->  Result  (cost=0.00..0.01 rows=1 width=736)

table 5 : explain INSERT INTO sbtest5 (id, k, c, pad) VALUES (5003000, 13, 'foobar', 'foobar')
	Insert on sbtest5  (cost=0.00..0.01 rows=0 width=0)
	  ->  Result  (cost=0.00..0.01 rows=1 width=736)

table 6 : explain INSERT INTO sbtest6 (id, k, c, pad) VALUES (3385090, 13, 'foobar', 'foobar')
	Insert on sbtest6  (cost=0.00..0.01 rows=0 width=0)
	  ->  Result  (cost=0.00..0.01 rows=1 width=736)

table 7 : explain INSERT INTO sbtest7 (id, k, c, pad) VALUES (1285771, 13, 'foobar', 'foobar')
	Insert on sbtest7  (cost=0.00..0.01 rows=0 width=0)
	  ->  Result  (cost=0.00..0.01 rows=1 width=736)

table 8 : explain INSERT INTO sbtest8 (id, k, c, pad) VALUES (500965, 13, 'foobar', 'foobar')
	Insert on sbtest8  (cost=0.00..0.01 rows=0 width=0)
	  ->  Result  (cost=0.00..0.01 rows=1 width=736)

explain: for non_index_updates :: explain UPDATE sbtest%u SET c='foobar' WHERE id=%u
for deletes
table 1 : explain DELETE FROM sbtest1 WHERE id=464039
	Delete on sbtest1  (cost=0.43..8.45 rows=0 width=0)
	  ->  Index Scan using sbtest1_pkey on sbtest1  (cost=0.43..8.45 rows=1 width=6)
	        Index Cond: (id = 464039)

table 2 : explain DELETE FROM sbtest2 WHERE id=2745561
	Delete on sbtest2  (cost=0.43..8.45 rows=0 width=0)
	  ->  Index Scan using sbtest2_pkey on sbtest2  (cost=0.43..8.45 rows=1 width=6)
	        Index Cond: (id = 2745561)

table 3 : explain DELETE FROM sbtest3 WHERE id=6793680
	Delete on sbtest3  (cost=0.43..8.45 rows=0 width=0)
	  ->  Index Scan using sbtest3_pkey on sbtest3  (cost=0.43..8.45 rows=1 width=6)
	        Index Cond: (id = 6793680)

table 4 : explain DELETE FROM sbtest4 WHERE id=1667598
	Delete on sbtest4  (cost=0.43..8.45 rows=0 width=0)
	  ->  Index Scan using sbtest4_pkey on sbtest4  (cost=0.43..8.45 rows=1 width=6)
	        Index Cond: (id = 1667598)

table 5 : explain DELETE FROM sbtest5 WHERE id=8577606
	Delete on sbtest5  (cost=0.43..8.45 rows=0 width=0)
	  ->  Index Scan using sbtest5_pkey on sbtest5  (cost=0.43..8.45 rows=1 width=6)
	        Index Cond: (id = 8577606)

table 6 : explain DELETE FROM sbtest6 WHERE id=7388384
	Delete on sbtest6  (cost=0.43..8.45 rows=0 width=0)
	  ->  Index Scan using sbtest6_pkey on sbtest6  (cost=0.43..8.45 rows=1 width=6)
	        Index Cond: (id = 7388384)

table 7 : explain DELETE FROM sbtest7 WHERE id=4238834
	Delete on sbtest7  (cost=0.43..8.45 rows=0 width=0)
	  ->  Index Scan using sbtest7_pkey on sbtest7  (cost=0.43..8.45 rows=1 width=6)
	        Index Cond: (id = 4238834)

table 8 : explain DELETE FROM sbtest8 WHERE id=6973783
	Delete on sbtest8  (cost=0.43..8.45 rows=0 width=0)
	  ->  Index Scan using sbtest8_pkey on sbtest8  (cost=0.43..8.45 rows=1 width=6)
	        Index Cond: (id = 6973783)

for inserts
table 1 : explain INSERT INTO sbtest1 (id, k, c, pad) VALUES (9228489, 13, 'foobar', 'foobar')
	Insert on sbtest1  (cost=0.00..0.01 rows=0 width=0)
	  ->  Result  (cost=0.00..0.01 rows=1 width=736)

table 2 : explain INSERT INTO sbtest2 (id, k, c, pad) VALUES (6884899, 13, 'foobar', 'foobar')
	Insert on sbtest2  (cost=0.00..0.01 rows=0 width=0)
	  ->  Result  (cost=0.00..0.01 rows=1 width=736)

table 3 : explain INSERT INTO sbtest3 (id, k, c, pad) VALUES (619950, 13, 'foobar', 'foobar')
	Insert on sbtest3  (cost=0.00..0.01 rows=0 width=0)
	  ->  Result  (cost=0.00..0.01 rows=1 width=736)

table 4 : explain INSERT INTO sbtest4 (id, k, c, pad) VALUES (7467891, 13, 'foobar', 'foobar')
	Insert on sbtest4  (cost=0.00..0.01 rows=0 width=0)
	  ->  Result  (cost=0.00..0.01 rows=1 width=736)

table 5 : explain INSERT INTO sbtest5 (id, k, c, pad) VALUES (5791100, 13, 'foobar', 'foobar')
	Insert on sbtest5  (cost=0.00..0.01 rows=0 width=0)
	  ->  Result  (cost=0.00..0.01 rows=1 width=736)

table 6 : explain INSERT INTO sbtest6 (id, k, c, pad) VALUES (7041698, 13, 'foobar', 'foobar')
	Insert on sbtest6  (cost=0.00..0.01 rows=0 width=0)
	  ->  Result  (cost=0.00..0.01 rows=1 width=736)

table 7 : explain INSERT INTO sbtest7 (id, k, c, pad) VALUES (1608756, 13, 'foobar', 'foobar')
	Insert on sbtest7  (cost=0.00..0.01 rows=0 width=0)
	  ->  Result  (cost=0.00..0.01 rows=1 width=736)

table 8 : explain INSERT INTO sbtest8 (id, k, c, pad) VALUES (1588713, 13, 'foobar', 'foobar')
	Insert on sbtest8  (cost=0.00..0.01 rows=0 width=0)
	  ->  Result  (cost=0.00..0.01 rows=1 width=736)

explain: for deletes :: explain DELETE FROM sbtest%u WHERE id=%u
explain: for inserts :: explain INSERT INTO sbtest%u (id, k, c, pad) VALUES (%u, 13, 'foobar', 'foobar')
explain: for deletes :: explain DELETE FROM sbtest%u WHERE id=%u
for non_index_updates
table 1 : explain UPDATE sbtest1 SET c='foobar' WHERE id=2972763
	Update on sbtest1  (cost=0.43..8.45 rows=0 width=0)
	  ->  Index Scan using sbtest1_pkey on sbtest1  (cost=0.43..8.45 rows=1 width=490)
	        Index Cond: (id = 2972763)

table 2 : explain UPDATE sbtest2 SET c='foobar' WHERE id=3683544
	Update on sbtest2  (cost=0.43..8.45 rows=0 width=0)
	  ->  Index Scan using sbtest2_pkey on sbtest2  (cost=0.43..8.45 rows=1 width=490)
	        Index Cond: (id = 3683544)

table 3 : explain UPDATE sbtest3 SET c='foobar' WHERE id=6814822
	Update on sbtest3  (cost=0.43..8.45 rows=0 width=0)
	  ->  Index Scan using sbtest3_pkey on sbtest3  (cost=0.43..8.45 rows=1 width=490)
	        Index Cond: (id = 6814822)

table 4 : explain UPDATE sbtest4 SET c='foobar' WHERE id=5076735
	Update on sbtest4  (cost=0.43..8.45 rows=0 width=0)
	  ->  Index Scan using sbtest4_pkey on sbtest4  (cost=0.43..8.45 rows=1 width=490)
	        Index Cond: (id = 5076735)

table 5 : explain UPDATE sbtest5 SET c='foobar' WHERE id=5877225
	Update on sbtest5  (cost=0.43..8.45 rows=0 width=0)
	  ->  Index Scan using sbtest5_pkey on sbtest5  (cost=0.43..8.45 rows=1 width=490)
	        Index Cond: (id = 5877225)

table 6 : explain UPDATE sbtest6 SET c='foobar' WHERE id=2885839
	Update on sbtest6  (cost=0.43..8.45 rows=0 width=0)
	  ->  Index Scan using sbtest6_pkey on sbtest6  (cost=0.43..8.45 rows=1 width=490)
	        Index Cond: (id = 2885839)

table 7 : explain UPDATE sbtest7 SET c='foobar' WHERE id=6972804
	Update on sbtest7  (cost=0.43..8.45 rows=0 width=0)
	  ->  Index Scan using sbtest7_pkey on sbtest7  (cost=0.43..8.45 rows=1 width=490)
	        Index Cond: (id = 6972804)

table 8 : explain UPDATE sbtest8 SET c='foobar' WHERE id=9330858
	Update on sbtest8  (cost=0.43..8.45 rows=0 width=0)
	  ->  Index Scan using sbtest8_pkey on sbtest8  (cost=0.43..8.45 rows=1 width=490)
	        Index Cond: (id = 9330858)

for deletes
table 1 : explain DELETE FROM sbtest1 WHERE id=2569677
	Delete on sbtest1  (cost=0.43..8.45 rows=0 width=0)
	  ->  Index Scan using sbtest1_pkey on sbtest1  (cost=0.43..8.45 rows=1 width=6)
	        Index Cond: (id = 2569677)

table 2 : explain DELETE FROM sbtest2 WHERE id=5986730
	Delete on sbtest2  (cost=0.43..8.45 rows=0 width=0)
	  ->  Index Scan using sbtest2_pkey on sbtest2  (cost=0.43..8.45 rows=1 width=6)
	        Index Cond: (id = 5986730)

table 3 : explain DELETE FROM sbtest3 WHERE id=7574828
	Delete on sbtest3  (cost=0.43..8.45 rows=0 width=0)
	  ->  Index Scan using sbtest3_pkey on sbtest3  (cost=0.43..8.45 rows=1 width=6)
	        Index Cond: (id = 7574828)

table 4 : explain DELETE FROM sbtest4 WHERE id=1250377
	Delete on sbtest4  (cost=0.43..8.45 rows=0 width=0)
	  ->  Index Scan using sbtest4_pkey on sbtest4  (cost=0.43..8.45 rows=1 width=6)
	        Index Cond: (id = 1250377)

table 5 : explain DELETE FROM sbtest5 WHERE id=6472010
	Delete on sbtest5  (cost=0.43..8.45 rows=0 width=0)
	  ->  Index Scan using sbtest5_pkey on sbtest5  (cost=0.43..8.45 rows=1 width=6)
	        Index Cond: (id = 6472010)

table 6 : explain DELETE FROM sbtest6 WHERE id=1314290
	Delete on sbtest6  (cost=0.43..8.45 rows=0 width=0)
	  ->  Index Scan using sbtest6_pkey on sbtest6  (cost=0.43..8.45 rows=1 width=6)
	        Index Cond: (id = 1314290)

table 7 : explain DELETE FROM sbtest7 WHERE id=9970286
	Delete on sbtest7  (cost=0.43..8.45 rows=0 width=0)
	  ->  Index Scan using sbtest7_pkey on sbtest7  (cost=0.43..8.45 rows=1 width=6)
	        Index Cond: (id = 9970286)

table 8 : explain DELETE FROM sbtest8 WHERE id=3317020
	Delete on sbtest8  (cost=0.43..8.45 rows=0 width=0)
	  ->  Index Scan using sbtest8_pkey on sbtest8  (cost=0.43..8.45 rows=1 width=6)
	        Index Cond: (id = 3317020)

for inserts
table 1 : explain INSERT INTO sbtest1 (id, k, c, pad) VALUES (1480710, 13, 'foobar', 'foobar')
	Insert on sbtest1  (cost=0.00..0.01 rows=0 width=0)
	  ->  Result  (cost=0.00..0.01 rows=1 width=736)

table 2 : explain INSERT INTO sbtest2 (id, k, c, pad) VALUES (3173430, 13, 'foobar', 'foobar')
	Insert on sbtest2  (cost=0.00..0.01 rows=0 width=0)
	  ->  Result  (cost=0.00..0.01 rows=1 width=736)

table 3 : explain INSERT INTO sbtest3 (id, k, c, pad) VALUES (9330167, 13, 'foobar', 'foobar')
	Insert on sbtest3  (cost=0.00..0.01 rows=0 width=0)
	  ->  Result  (cost=0.00..0.01 rows=1 width=736)

table 4 : explain INSERT INTO sbtest4 (id, k, c, pad) VALUES (9908967, 13, 'foobar', 'foobar')
	Insert on sbtest4  (cost=0.00..0.01 rows=0 width=0)
	  ->  Result  (cost=0.00..0.01 rows=1 width=736)

table 5 : explain INSERT INTO sbtest5 (id, k, c, pad) VALUES (9626992, 13, 'foobar', 'foobar')
	Insert on sbtest5  (cost=0.00..0.01 rows=0 width=0)
	  ->  Result  (cost=0.00..0.01 rows=1 width=736)

table 6 : explain INSERT INTO sbtest6 (id, k, c, pad) VALUES (2775594, 13, 'foobar', 'foobar')
	Insert on sbtest6  (cost=0.00..0.01 rows=0 width=0)
	  ->  Result  (cost=0.00..0.01 rows=1 width=736)

table 7 : explain INSERT INTO sbtest7 (id, k, c, pad) VALUES (4228124, 13, 'foobar', 'foobar')
	Insert on sbtest7  (cost=0.00..0.01 rows=0 width=0)
	  ->  Result  (cost=0.00..0.01 rows=1 width=736)

table 8 : explain INSERT INTO sbtest8 (id, k, c, pad) VALUES (7837181, 13, 'foobar', 'foobar')
	Insert on sbtest8  (cost=0.00..0.01 rows=0 width=0)
	  ->  Result  (cost=0.00..0.01 rows=1 width=736)

explain: for deletes :: explain DELETE FROM sbtest%u WHERE id=%u
for deletes
table 1 : explain DELETE FROM sbtest1 WHERE id=2594913
	Delete on sbtest1  (cost=0.43..8.45 rows=0 width=0)
	  ->  Index Scan using sbtest1_pkey on sbtest1  (cost=0.43..8.45 rows=1 width=6)
	        Index Cond: (id = 2594913)

table 2 : explain DELETE FROM sbtest2 WHERE id=6060552
	Delete on sbtest2  (cost=0.43..8.45 rows=0 width=0)
	  ->  Index Scan using sbtest2_pkey on sbtest2  (cost=0.43..8.45 rows=1 width=6)
	        Index Cond: (id = 6060552)

table 3 : explain DELETE FROM sbtest3 WHERE id=9093456
	Delete on sbtest3  (cost=0.43..8.45 rows=0 width=0)
	  ->  Index Scan using sbtest3_pkey on sbtest3  (cost=0.43..8.45 rows=1 width=6)
	        Index Cond: (id = 9093456)

table 4 : explain DELETE FROM sbtest4 WHERE id=8038619
	Delete on sbtest4  (cost=0.43..8.45 rows=0 width=0)
	  ->  Index Scan using sbtest4_pkey on sbtest4  (cost=0.43..8.45 rows=1 width=6)
	        Index Cond: (id = 8038619)

table 5 : explain DELETE FROM sbtest5 WHERE id=2366864
	Delete on sbtest5  (cost=0.43..8.45 rows=0 width=0)
	  ->  Index Scan using sbtest5_pkey on sbtest5  (cost=0.43..8.45 rows=1 width=6)
	        Index Cond: (id = 2366864)

table 6 : explain DELETE FROM sbtest6 WHERE id=9300353
	Delete on sbtest6  (cost=0.43..8.45 rows=0 width=0)
	  ->  Index Scan using sbtest6_pkey on sbtest6  (cost=0.43..8.45 rows=1 width=6)
	        Index Cond: (id = 9300353)

table 7 : explain DELETE FROM sbtest7 WHERE id=6554478
	Delete on sbtest7  (cost=0.43..8.45 rows=0 width=0)
	  ->  Index Scan using sbtest7_pkey on sbtest7  (cost=0.43..8.45 rows=1 width=6)
	        Index Cond: (id = 6554478)

table 8 : explain DELETE FROM sbtest8 WHERE id=3191411
	Delete on sbtest8  (cost=0.43..8.45 rows=0 width=0)
	  ->  Index Scan using sbtest8_pkey on sbtest8  (cost=0.43..8.45 rows=1 width=6)
	        Index Cond: (id = 3191411)

explain: for inserts :: explain INSERT INTO sbtest%u (id, k, c, pad) VALUES (%u, 13, 'foobar', 'foobar')
for deletes
table 1 : explain DELETE FROM sbtest1 WHERE id=2635976
	Delete on sbtest1  (cost=0.43..8.45 rows=0 width=0)
	  ->  Index Scan using sbtest1_pkey on sbtest1  (cost=0.43..8.45 rows=1 width=6)
	        Index Cond: (id = 2635976)

table 2 : explain DELETE FROM sbtest2 WHERE id=5703546
	Delete on sbtest2  (cost=0.43..8.45 rows=0 width=0)
	  ->  Index Scan using sbtest2_pkey on sbtest2  (cost=0.43..8.45 rows=1 width=6)
	        Index Cond: (id = 5703546)

table 3 : explain DELETE FROM sbtest3 WHERE id=4921418
	Delete on sbtest3  (cost=0.43..8.45 rows=0 width=0)
	  ->  Index Scan using sbtest3_pkey on sbtest3  (cost=0.43..8.45 rows=1 width=6)
	        Index Cond: (id = 4921418)

table 4 : explain DELETE FROM sbtest4 WHERE id=8480367
	Delete on sbtest4  (cost=0.43..8.45 rows=0 width=0)
	  ->  Index Scan using sbtest4_pkey on sbtest4  (cost=0.43..8.45 rows=1 width=6)
	        Index Cond: (id = 8480367)

table 5 : explain DELETE FROM sbtest5 WHERE id=8438732
	Delete on sbtest5  (cost=0.43..8.45 rows=0 width=0)
	  ->  Index Scan using sbtest5_pkey on sbtest5  (cost=0.43..8.45 rows=1 width=6)
	        Index Cond: (id = 8438732)

table 6 : explain DELETE FROM sbtest6 WHERE id=9796787
	Delete on sbtest6  (cost=0.43..8.45 rows=0 width=0)
	  ->  Index Scan using sbtest6_pkey on sbtest6  (cost=0.43..8.45 rows=1 width=6)
	        Index Cond: (id = 9796787)

table 7 : explain DELETE FROM sbtest7 WHERE id=4465460
	Delete on sbtest7  (cost=0.43..8.45 rows=0 width=0)
	  ->  Index Scan using sbtest7_pkey on sbtest7  (cost=0.43..8.45 rows=1 width=6)
	        Index Cond: (id = 4465460)

table 8 : explain DELETE FROM sbtest8 WHERE id=3015760
	Delete on sbtest8  (cost=0.43..8.45 rows=0 width=0)
	  ->  Index Scan using sbtest8_pkey on sbtest8  (cost=0.43..8.45 rows=1 width=6)
	        Index Cond: (id = 3015760)

for inserts
table 1 : explain INSERT INTO sbtest1 (id, k, c, pad) VALUES (5461436, 13, 'foobar', 'foobar')
	Insert on sbtest1  (cost=0.00..0.01 rows=0 width=0)
	  ->  Result  (cost=0.00..0.01 rows=1 width=736)

table 2 : explain INSERT INTO sbtest2 (id, k, c, pad) VALUES (9232556, 13, 'foobar', 'foobar')
	Insert on sbtest2  (cost=0.00..0.01 rows=0 width=0)
	  ->  Result  (cost=0.00..0.01 rows=1 width=736)

table 3 : explain INSERT INTO sbtest3 (id, k, c, pad) VALUES (237755, 13, 'foobar', 'foobar')
	Insert on sbtest3  (cost=0.00..0.01 rows=0 width=0)
	  ->  Result  (cost=0.00..0.01 rows=1 width=736)

table 4 : explain INSERT INTO sbtest4 (id, k, c, pad) VALUES (7256883, 13, 'foobar', 'foobar')
	Insert on sbtest4  (cost=0.00..0.01 rows=0 width=0)
	  ->  Result  (cost=0.00..0.01 rows=1 width=736)

table 5 : explain INSERT INTO sbtest5 (id, k, c, pad) VALUES (6801215, 13, 'foobar', 'foobar')
	Insert on sbtest5  (cost=0.00..0.01 rows=0 width=0)
	  ->  Result  (cost=0.00..0.01 rows=1 width=736)

table 6 : explain INSERT INTO sbtest6 (id, k, c, pad) VALUES (5922296, 13, 'foobar', 'foobar')
	Insert on sbtest6  (cost=0.00..0.01 rows=0 width=0)
	  ->  Result  (cost=0.00..0.01 rows=1 width=736)

table 7 : explain INSERT INTO sbtest7 (id, k, c, pad) VALUES (6192417, 13, 'foobar', 'foobar')
	Insert on sbtest7  (cost=0.00..0.01 rows=0 width=0)
	  ->  Result  (cost=0.00..0.01 rows=1 width=736)

table 8 : explain INSERT INTO sbtest8 (id, k, c, pad) VALUES (227616, 13, 'foobar', 'foobar')
	Insert on sbtest8  (cost=0.00..0.01 rows=0 width=0)
	  ->  Result  (cost=0.00..0.01 rows=1 width=736)

explain: for inserts :: explain INSERT INTO sbtest%u (id, k, c, pad) VALUES (%u, 13, 'foobar', 'foobar')
explain: for inserts :: explain INSERT INTO sbtest%u (id, k, c, pad) VALUES (%u, 13, 'foobar', 'foobar')
for inserts
table 1 : explain INSERT INTO sbtest1 (id, k, c, pad) VALUES (1835831, 13, 'foobar', 'foobar')
	Insert on sbtest1  (cost=0.00..0.01 rows=0 width=0)
	  ->  Result  (cost=0.00..0.01 rows=1 width=736)

table 2 : explain INSERT INTO sbtest2 (id, k, c, pad) VALUES (6022414, 13, 'foobar', 'foobar')
	Insert on sbtest2  (cost=0.00..0.01 rows=0 width=0)
	  ->  Result  (cost=0.00..0.01 rows=1 width=736)

table 3 : explain INSERT INTO sbtest3 (id, k, c, pad) VALUES (6338201, 13, 'foobar', 'foobar')
	Insert on sbtest3  (cost=0.00..0.01 rows=0 width=0)
	  ->  Result  (cost=0.00..0.01 rows=1 width=736)

table 4 : explain INSERT INTO sbtest4 (id, k, c, pad) VALUES (9054811, 13, 'foobar', 'foobar')
	Insert on sbtest4  (cost=0.00..0.01 rows=0 width=0)
	  ->  Result  (cost=0.00..0.01 rows=1 width=736)

table 5 : explain INSERT INTO sbtest5 (id, k, c, pad) VALUES (6188393, 13, 'foobar', 'foobar')
	Insert on sbtest5  (cost=0.00..0.01 rows=0 width=0)
	  ->  Result  (cost=0.00..0.01 rows=1 width=736)

table 6 : explain INSERT INTO sbtest6 (id, k, c, pad) VALUES (4682770, 13, 'foobar', 'foobar')
	Insert on sbtest6  (cost=0.00..0.01 rows=0 width=0)
	  ->  Result  (cost=0.00..0.01 rows=1 width=736)

table 7 : explain INSERT INTO sbtest7 (id, k, c, pad) VALUES (3792783, 13, 'foobar', 'foobar')
	Insert on sbtest7  (cost=0.00..0.01 rows=0 width=0)
	  ->  Result  (cost=0.00..0.01 rows=1 width=736)

table 8 : explain INSERT INTO sbtest8 (id, k, c, pad) VALUES (5715250, 13, 'foobar', 'foobar')
	Insert on sbtest8  (cost=0.00..0.01 rows=0 width=0)
	  ->  Result  (cost=0.00..0.01 rows=1 width=736)

for inserts
table 1 : explain INSERT INTO sbtest1 (id, k, c, pad) VALUES (3912645, 13, 'foobar', 'foobar')
	Insert on sbtest1  (cost=0.00..0.01 rows=0 width=0)
	  ->  Result  (cost=0.00..0.01 rows=1 width=736)

table 2 : explain INSERT INTO sbtest2 (id, k, c, pad) VALUES (4157678, 13, 'foobar', 'foobar')
	Insert on sbtest2  (cost=0.00..0.01 rows=0 width=0)
	  ->  Result  (cost=0.00..0.01 rows=1 width=736)

table 3 : explain INSERT INTO sbtest3 (id, k, c, pad) VALUES (8790501, 13, 'foobar', 'foobar')
	Insert on sbtest3  (cost=0.00..0.01 rows=0 width=0)
	  ->  Result  (cost=0.00..0.01 rows=1 width=736)

table 4 : explain INSERT INTO sbtest4 (id, k, c, pad) VALUES (2966876, 13, 'foobar', 'foobar')
	Insert on sbtest4  (cost=0.00..0.01 rows=0 width=0)
	  ->  Result  (cost=0.00..0.01 rows=1 width=736)

table 5 : explain INSERT INTO sbtest5 (id, k, c, pad) VALUES (7341824, 13, 'foobar', 'foobar')
	Insert on sbtest5  (cost=0.00..0.01 rows=0 width=0)
	  ->  Result  (cost=0.00..0.01 rows=1 width=736)

table 6 : explain INSERT INTO sbtest6 (id, k, c, pad) VALUES (6458827, 13, 'foobar', 'foobar')
	Insert on sbtest6  (cost=0.00..0.01 rows=0 width=0)
	  ->  Result  (cost=0.00..0.01 rows=1 width=736)

table 7 : explain INSERT INTO sbtest7 (id, k, c, pad) VALUES (1292164, 13, 'foobar', 'foobar')
	Insert on sbtest7  (cost=0.00..0.01 rows=0 width=0)
	  ->  Result  (cost=0.00..0.01 rows=1 width=736)

table 8 : explain INSERT INTO sbtest8 (id, k, c, pad) VALUES (362817, 13, 'foobar', 'foobar')
	Insert on sbtest8  (cost=0.00..0.01 rows=0 width=0)
	  ->  Result  (cost=0.00..0.01 rows=1 width=736)

for deletes
table 1 : explain DELETE FROM sbtest1 WHERE id=4679746
	Delete on sbtest1  (cost=0.43..8.45 rows=0 width=0)
	  ->  Index Scan using sbtest1_pkey on sbtest1  (cost=0.43..8.45 rows=1 width=6)
	        Index Cond: (id = 4679746)

table 2 : explain DELETE FROM sbtest2 WHERE id=8528708
	Delete on sbtest2  (cost=0.43..8.45 rows=0 width=0)
	  ->  Index Scan using sbtest2_pkey on sbtest2  (cost=0.43..8.45 rows=1 width=6)
	        Index Cond: (id = 8528708)

table 3 : explain DELETE FROM sbtest3 WHERE id=8145371
	Delete on sbtest3  (cost=0.43..8.45 rows=0 width=0)
	  ->  Index Scan using sbtest3_pkey on sbtest3  (cost=0.43..8.45 rows=1 width=6)
	        Index Cond: (id = 8145371)

table 4 : explain DELETE FROM sbtest4 WHERE id=3696014
	Delete on sbtest4  (cost=0.43..8.45 rows=0 width=0)
	  ->  Index Scan using sbtest4_pkey on sbtest4  (cost=0.43..8.45 rows=1 width=6)
	        Index Cond: (id = 3696014)

table 5 : explain DELETE FROM sbtest5 WHERE id=4418785
	Delete on sbtest5  (cost=0.43..8.45 rows=0 width=0)
	  ->  Index Scan using sbtest5_pkey on sbtest5  (cost=0.43..8.45 rows=1 width=6)
	        Index Cond: (id = 4418785)

table 6 : explain DELETE FROM sbtest6 WHERE id=1634972
	Delete on sbtest6  (cost=0.43..8.45 rows=0 width=0)
	  ->  Index Scan using sbtest6_pkey on sbtest6  (cost=0.43..8.45 rows=1 width=6)
	        Index Cond: (id = 1634972)

table 7 : explain DELETE FROM sbtest7 WHERE id=8840234
	Delete on sbtest7  (cost=0.43..8.45 rows=0 width=0)
	  ->  Index Scan using sbtest7_pkey on sbtest7  (cost=0.43..8.45 rows=1 width=6)
	        Index Cond: (id = 8840234)

table 8 : explain DELETE FROM sbtest8 WHERE id=9869386
	Delete on sbtest8  (cost=0.43..8.45 rows=0 width=0)
	  ->  Index Scan using sbtest8_pkey on sbtest8  (cost=0.43..8.45 rows=1 width=6)
	        Index Cond: (id = 9869386)

explain: for inserts :: explain INSERT INTO sbtest%u (id, k, c, pad) VALUES (%u, 13, 'foobar', 'foobar')
for inserts
table 1 : explain INSERT INTO sbtest1 (id, k, c, pad) VALUES (5333852, 13, 'foobar', 'foobar')
	Insert on sbtest1  (cost=0.00..0.01 rows=0 width=0)
	  ->  Result  (cost=0.00..0.01 rows=1 width=736)

table 2 : explain INSERT INTO sbtest2 (id, k, c, pad) VALUES (1545949, 13, 'foobar', 'foobar')
	Insert on sbtest2  (cost=0.00..0.01 rows=0 width=0)
	  ->  Result  (cost=0.00..0.01 rows=1 width=736)

table 3 : explain INSERT INTO sbtest3 (id, k, c, pad) VALUES (7185137, 13, 'foobar', 'foobar')
	Insert on sbtest3  (cost=0.00..0.01 rows=0 width=0)
	  ->  Result  (cost=0.00..0.01 rows=1 width=736)

table 4 : explain INSERT INTO sbtest4 (id, k, c, pad) VALUES (6623489, 13, 'foobar', 'foobar')
	Insert on sbtest4  (cost=0.00..0.01 rows=0 width=0)
	  ->  Result  (cost=0.00..0.01 rows=1 width=736)

table 5 : explain INSERT INTO sbtest5 (id, k, c, pad) VALUES (4447186, 13, 'foobar', 'foobar')
	Insert on sbtest5  (cost=0.00..0.01 rows=0 width=0)
	  ->  Result  (cost=0.00..0.01 rows=1 width=736)

table 6 : explain INSERT INTO sbtest6 (id, k, c, pad) VALUES (1770356, 13, 'foobar', 'foobar')
	Insert on sbtest6  (cost=0.00..0.01 rows=0 width=0)
	  ->  Result  (cost=0.00..0.01 rows=1 width=736)

table 7 : explain INSERT INTO sbtest7 (id, k, c, pad) VALUES (3109522, 13, 'foobar', 'foobar')
	Insert on sbtest7  (cost=0.00..0.01 rows=0 width=0)
	  ->  Result  (cost=0.00..0.01 rows=1 width=736)

table 8 : explain INSERT INTO sbtest8 (id, k, c, pad) VALUES (4390935, 13, 'foobar', 'foobar')
	Insert on sbtest8  (cost=0.00..0.01 rows=0 width=0)
	  ->  Result  (cost=0.00..0.01 rows=1 width=736)

explain: for inserts :: explain INSERT INTO sbtest%u (id, k, c, pad) VALUES (%u, 13, 'foobar', 'foobar')
for inserts
table 1 : explain INSERT INTO sbtest1 (id, k, c, pad) VALUES (6157473, 13, 'foobar', 'foobar')
	Insert on sbtest1  (cost=0.00..0.01 rows=0 width=0)
	  ->  Result  (cost=0.00..0.01 rows=1 width=736)

table 2 : explain INSERT INTO sbtest2 (id, k, c, pad) VALUES (7653903, 13, 'foobar', 'foobar')
	Insert on sbtest2  (cost=0.00..0.01 rows=0 width=0)
	  ->  Result  (cost=0.00..0.01 rows=1 width=736)

table 3 : explain INSERT INTO sbtest3 (id, k, c, pad) VALUES (3478594, 13, 'foobar', 'foobar')
	Insert on sbtest3  (cost=0.00..0.01 rows=0 width=0)
	  ->  Result  (cost=0.00..0.01 rows=1 width=736)

table 4 : explain INSERT INTO sbtest4 (id, k, c, pad) VALUES (2633785, 13, 'foobar', 'foobar')
	Insert on sbtest4  (cost=0.00..0.01 rows=0 width=0)
	  ->  Result  (cost=0.00..0.01 rows=1 width=736)

table 5 : explain INSERT INTO sbtest5 (id, k, c, pad) VALUES (8178257, 13, 'foobar', 'foobar')
	Insert on sbtest5  (cost=0.00..0.01 rows=0 width=0)
	  ->  Result  (cost=0.00..0.01 rows=1 width=736)

table 6 : explain INSERT INTO sbtest6 (id, k, c, pad) VALUES (9340533, 13, 'foobar', 'foobar')
	Insert on sbtest6  (cost=0.00..0.01 rows=0 width=0)
	  ->  Result  (cost=0.00..0.01 rows=1 width=736)

table 7 : explain INSERT INTO sbtest7 (id, k, c, pad) VALUES (2644283, 13, 'foobar', 'foobar')
	Insert on sbtest7  (cost=0.00..0.01 rows=0 width=0)
	  ->  Result  (cost=0.00..0.01 rows=1 width=736)

table 8 : explain INSERT INTO sbtest8 (id, k, c, pad) VALUES (1210203, 13, 'foobar', 'foobar')
	Insert on sbtest8  (cost=0.00..0.01 rows=0 width=0)
	  ->  Result  (cost=0.00..0.01 rows=1 width=736)

Threads started!

Warming up for 5 seconds...

SQL statistics:
    queries performed:
        read:                            453630846
        write:                           129608884
        other:                           64804422
        total:                           648044152
    transactions:                        32402226 (34840.77 per sec.)
    queries:                             648044152 (696815.05 per sec.)
    ignored errors:                      3      (0.00 per sec.)
    reconnects:                          0      (0.00 per sec.)

Throughput:
    events/s (eps):                      34840.7723
    time elapsed:                        930.0090s
    total number of events:              32402226

Latency (ms):
         min:                                    0.90
         avg:                                    1.15
         max:                                   37.83
         95th percentile:                        1.52
         sum:                             37167797.56

Threads fairness:
    events (avg/stddev):           810055.3500/7332.49
    execution time (avg/stddev):   929.1949/0.01

