LUA_PATH=/home/mdcallag/git/mytools/bench/sysbench.lua/lua/?.lua /home/mdcallag/git/mytools/bench/sysbench.lua/lua/sysbench --db-driver=pgsql --range-size=100 --table-size=10000000 --tables=8 --threads=40 --events=0 --warmup-time=5 --time=930 --pgsql_conn_id=true /home/mdcallag/git/mytools/bench/sysbench.lua/lua/oltp_read_write.lua run --pgsql-user=root --pgsql-password=pw --pgsql-host=127.0.0.1 --pgsql-db=ib --rand-type=uniform
48 CPUs
sysbench 1.1.0-9072687 (using bundled LuaJIT 2.1.0-beta3)

Running the test with following options:
Number of threads: 40
Warmup time: 5s
Initializing random number generator from current time


Initializing worker threads...

explain: for point_selects :: explain SELECT c FROM sbtest%u WHERE id=%u
explain: for point_selects :: explain SELECT c FROM sbtest%u WHERE id=%u
explain: for point_selects :: explain SELECT c FROM sbtest%u WHERE id=%uexplain: for point_selects :: explain SELECT c FROM sbtest%u WHERE id=%u

explain: for point_selects :: explain SELECT c FROM sbtest%u WHERE id=%u
explain: for point_selects :: explain SELECT c FROM sbtest%u WHERE id=%u
for point_selects
table 1 : explain SELECT c FROM sbtest1 WHERE id=2985779
	Index Scan using sbtest1_pkey on sbtest1  (cost=0.43..8.45 rows=1 width=121)
	  Index Cond: (id = 2985779)

table 2 : explain SELECT c FROM sbtest2 WHERE id=9146641
	Index Scan using sbtest2_pkey on sbtest2  (cost=0.43..8.45 rows=1 width=121)
	  Index Cond: (id = 9146641)

table 3 : explain SELECT c FROM sbtest3 WHERE id=4013847
	Index Scan using sbtest3_pkey on sbtest3  (cost=0.43..8.45 rows=1 width=121)
	  Index Cond: (id = 4013847)

table 4 : explain SELECT c FROM sbtest4 WHERE id=4707784
	Index Scan using sbtest4_pkey on sbtest4  (cost=0.43..8.45 rows=1 width=121)
	  Index Cond: (id = 4707784)

table 5 : explain SELECT c FROM sbtest5 WHERE id=1520967
	Index Scan using sbtest5_pkey on sbtest5  (cost=0.43..8.45 rows=1 width=121)
	  Index Cond: (id = 1520967)

table 6 : explain SELECT c FROM sbtest6 WHERE id=4830005
	Index Scan using sbtest6_pkey on sbtest6  (cost=0.43..8.45 rows=1 width=121)
	  Index Cond: (id = 4830005)

table 7 : explain SELECT c FROM sbtest7 WHERE id=4437805
	Index Scan using sbtest7_pkey on sbtest7  (cost=0.43..8.45 rows=1 width=121)
	  Index Cond: (id = 4437805)

table 8 : explain SELECT c FROM sbtest8 WHERE id=6690738
	Index Scan using sbtest8_pkey on sbtest8  (cost=0.43..8.45 rows=1 width=121)
	  Index Cond: (id = 6690738)

for: simple_ranges
table 1 : explain SELECT c FROM sbtest1 WHERE id BETWEEN 5853153 AND 5853252
	Index Scan using sbtest1_pkey on sbtest1  (cost=0.43..353.11 rows=91 width=121)
	  Index Cond: ((id >= 5853153) AND (id <= 5853252))

table 2 : explain SELECT c FROM sbtest2 WHERE id BETWEEN 9781329 AND 9781428
	Index Scan using sbtest2_pkey on sbtest2  (cost=0.43..394.56 rows=102 width=121)
	  Index Cond: ((id >= 9781329) AND (id <= 9781428))

table 3 : explain SELECT c FROM sbtest3 WHERE id BETWEEN 3003211 AND 3003310
	Index Scan using sbtest3_pkey on sbtest3  (cost=0.43..401.58 rows=104 width=121)
	  Index Cond: ((id >= 3003211) AND (id <= 3003310))

table 4 : explain SELECT c FROM sbtest4 WHERE id BETWEEN 2132372 AND 2132471
	Index Scan using sbtest4_pkey on sbtest4  (cost=0.43..385.10 rows=100 width=121)
	  Index Cond: ((id >= 2132372) AND (id <= 2132471))

table 5 : explain SELECT c FROM sbtest5 WHERE id BETWEEN 1583243 AND 1583342
	Index Scan using sbtest5_pkey on sbtest5  (cost=0.43..329.71 rows=85 width=121)
	  Index Cond: ((id >= 1583243) AND (id <= 1583342))

table 6 : explain SELECT c FROM sbtest6 WHERE id BETWEEN 2923062 AND 2923161
	Index Scan using sbtest6_pkey on sbtest6  (cost=0.43..393.63 rows=102 width=121)
	  Index Cond: ((id >= 2923062) AND (id <= 2923161))

table 7 : explain SELECT c FROM sbtest7 WHERE id BETWEEN 3096722 AND 3096821
	Index Scan using sbtest7_pkey on sbtest7  (cost=0.43..363.84 rows=94 width=121)
	  Index Cond: ((id >= 3096722) AND (id <= 3096821))

table 8 : explain SELECT c FROM sbtest8 WHERE id BETWEEN 9513316 AND 9513415
	Index Scan using sbtest8_pkey on sbtest8  (cost=0.43..368.72 rows=96 width=121)
	  Index Cond: ((id >= 9513316) AND (id <= 9513415))

for point_selects
table 1 : explain SELECT c FROM sbtest1 WHERE id=3765654
	Index Scan using sbtest1_pkey on sbtest1  (cost=0.43..8.45 rows=1 width=121)
	  Index Cond: (id = 3765654)

table 2 : explain SELECT c FROM sbtest2 WHERE id=344439
	Index Scan using sbtest2_pkey on sbtest2  (cost=0.43..8.45 rows=1 width=121)
	  Index Cond: (id = 344439)

table 3 : explain SELECT c FROM sbtest3 WHERE id=8480468
	Index Scan using sbtest3_pkey on sbtest3  (cost=0.43..8.45 rows=1 width=121)
	  Index Cond: (id = 8480468)

table 4 : explain SELECT c FROM sbtest4 WHERE id=4158982
	Index Scan using sbtest4_pkey on sbtest4  (cost=0.43..8.45 rows=1 width=121)
	  Index Cond: (id = 4158982)

table 5 : explain SELECT c FROM sbtest5 WHERE id=784138
	Index Scan using sbtest5_pkey on sbtest5  (cost=0.43..8.45 rows=1 width=121)
	  Index Cond: (id = 784138)

table 6 : explain SELECT c FROM sbtest6 WHERE id=750942
	Index Scan using sbtest6_pkey on sbtest6  (cost=0.43..8.45 rows=1 width=121)
	  Index Cond: (id = 750942)

table 7 : explain SELECT c FROM sbtest7 WHERE id=8167535
	Index Scan using sbtest7_pkey on sbtest7  (cost=0.43..8.45 rows=1 width=121)
	  Index Cond: (id = 8167535)

table 8 : explain SELECT c FROM sbtest8 WHERE id=1288637
	Index Scan using sbtest8_pkey on sbtest8  (cost=0.43..8.45 rows=1 width=121)
	  Index Cond: (id = 1288637)

explain: for point_selects :: explain SELECT c FROM sbtest%u WHERE id=%u
for point_selects
table 1 : explain SELECT c FROM sbtest1 WHERE id=9015320
	Index Scan using sbtest1_pkey on sbtest1  (cost=0.43..8.45 rows=1 width=121)
	  Index Cond: (id = 9015320)

table 2 : explain SELECT c FROM sbtest2 WHERE id=9451775
	Index Scan using sbtest2_pkey on sbtest2  (cost=0.43..8.45 rows=1 width=121)
	  Index Cond: (id = 9451775)

table 3 : explain SELECT c FROM sbtest3 WHERE id=695072
	Index Scan using sbtest3_pkey on sbtest3  (cost=0.43..8.45 rows=1 width=121)
	  Index Cond: (id = 695072)

table 4 : explain SELECT c FROM sbtest4 WHERE id=4756118
	Index Scan using sbtest4_pkey on sbtest4  (cost=0.43..8.45 rows=1 width=121)
	  Index Cond: (id = 4756118)

table 5 : explain SELECT c FROM sbtest5 WHERE id=7817891
	Index Scan using sbtest5_pkey on sbtest5  (cost=0.43..8.45 rows=1 width=121)
	  Index Cond: (id = 7817891)

table 6 : explain SELECT c FROM sbtest6 WHERE id=8489208
	Index Scan using sbtest6_pkey on sbtest6  (cost=0.43..8.45 rows=1 width=121)
	  Index Cond: (id = 8489208)

table 7 : explain SELECT c FROM sbtest7 WHERE id=5486488
	Index Scan using sbtest7_pkey on sbtest7  (cost=0.43..8.45 rows=1 width=121)
	  Index Cond: (id = 5486488)

table 8 : explain SELECT c FROM sbtest8 WHERE id=9604468
	Index Scan using sbtest8_pkey on sbtest8  (cost=0.43..8.45 rows=1 width=121)
	  Index Cond: (id = 9604468)

for: simple_ranges
table 1 : explain SELECT c FROM sbtest1 WHERE id BETWEEN 3191881 AND 3191980
	Index Scan using sbtest1_pkey on sbtest1  (cost=0.43..364.59 rows=94 width=121)
	  Index Cond: ((id >= 3191881) AND (id <= 3191980))

table 2 : explain SELECT c FROM sbtest2 WHERE id BETWEEN 1576999 AND 1577098
	Index Scan using sbtest2_pkey on sbtest2  (cost=0.43..383.10 rows=99 width=121)
	  Index Cond: ((id >= 1576999) AND (id <= 1577098))

table 3 : explain SELECT c FROM sbtest3 WHERE id BETWEEN 7496373 AND 7496472
	Index Scan using sbtest3_pkey on sbtest3  (cost=0.43..363.37 rows=94 width=121)
	  Index Cond: ((id >= 7496373) AND (id <= 7496472))

table 4 : explain SELECT c FROM sbtest4 WHERE id BETWEEN 8266719 AND 8266818
	Index Scan using sbtest4_pkey on sbtest4  (cost=0.43..373.69 rows=97 width=121)
	  Index Cond: ((id >= 8266719) AND (id <= 8266818))

table 5 : explain SELECT c FROM sbtest5 WHERE id BETWEEN 9612824 AND 9612923
	Index Scan using sbtest5_pkey on sbtest5  (cost=0.43..413.87 rows=107 width=121)
	  Index Cond: ((id >= 9612824) AND (id <= 9612923))

table 6 : explain SELECT c FROM sbtest6 WHERE id BETWEEN 7295906 AND 7296005
	Index Scan using sbtest6_pkey on sbtest6  (cost=0.43..347.83 rows=90 width=121)
	  Index Cond: ((id >= 7295906) AND (id <= 7296005))

table 7 : explain SELECT c FROM sbtest7 WHERE id BETWEEN 5698456 AND 5698555
	Index Scan using sbtest7_pkey on sbtest7  (cost=0.43..386.76 rows=100 width=121)
	  Index Cond: ((id >= 5698456) AND (id <= 5698555))

table 8 : explain SELECT c FROM sbtest8 WHERE id BETWEEN 7830399 AND 7830498
	Index Scan using sbtest8_pkey on sbtest8  (cost=0.43..383.88 rows=100 width=121)
	  Index Cond: ((id >= 7830399) AND (id <= 7830498))

for point_selects
table 1 : explain SELECT c FROM sbtest1 WHERE id=8817651
	Index Scan using sbtest1_pkey on sbtest1  (cost=0.43..8.45 rows=1 width=121)
	  Index Cond: (id = 8817651)

table 2 : explain SELECT c FROM sbtest2 WHERE id=722808
	Index Scan using sbtest2_pkey on sbtest2  (cost=0.43..8.45 rows=1 width=121)
	  Index Cond: (id = 722808)

table 3 : explain SELECT c FROM sbtest3 WHERE id=9048717
	Index Scan using sbtest3_pkey on sbtest3  (cost=0.43..8.45 rows=1 width=121)
	  Index Cond: (id = 9048717)

table 4 : explain SELECT c FROM sbtest4 WHERE id=3148969
	Index Scan using sbtest4_pkey on sbtest4  (cost=0.43..8.45 rows=1 width=121)
	  Index Cond: (id = 3148969)

table 5 : explain SELECT c FROM sbtest5 WHERE id=6178026
	Index Scan using sbtest5_pkey on sbtest5  (cost=0.43..8.45 rows=1 width=121)
	  Index Cond: (id = 6178026)

table 6 : explain SELECT c FROM sbtest6 WHERE id=5072975
	Index Scan using sbtest6_pkey on sbtest6  (cost=0.43..8.45 rows=1 width=121)
	  Index Cond: (id = 5072975)

table 7 : explain SELECT c FROM sbtest7 WHERE id=1458357
	Index Scan using sbtest7_pkey on sbtest7  (cost=0.43..8.45 rows=1 width=121)
	  Index Cond: (id = 1458357)

table 8 : explain SELECT c FROM sbtest8 WHERE id=1191047
	Index Scan using sbtest8_pkey on sbtest8  (cost=0.43..8.45 rows=1 width=121)
	  Index Cond: (id = 1191047)

for: simple_ranges
table 1 : explain SELECT c FROM sbtest1 WHERE id BETWEEN 1749095 AND 1749194
	Index Scan using sbtest1_pkey on sbtest1  (cost=0.43..395.27 rows=102 width=121)
	  Index Cond: ((id >= 1749095) AND (id <= 1749194))

table 2 : explain SELECT c FROM sbtest2 WHERE id BETWEEN 6136047 AND 6136146
	Index Scan using sbtest2_pkey on sbtest2  (cost=0.43..390.74 rows=101 width=121)
	  Index Cond: ((id >= 6136047) AND (id <= 6136146))

table 3 : explain SELECT c FROM sbtest3 WHERE id BETWEEN 4369772 AND 4369871
	Index Scan using sbtest3_pkey on sbtest3  (cost=0.43..371.06 rows=96 width=121)
	  Index Cond: ((id >= 4369772) AND (id <= 4369871))

table 4 : explain SELECT c FROM sbtest4 WHERE id BETWEEN 1482807 AND 1482906
	Index Scan using sbtest4_pkey on sbtest4  (cost=0.43..388.90 rows=101 width=121)
	  Index Cond: ((id >= 1482807) AND (id <= 1482906))

table 5 : explain SELECT c FROM sbtest5 WHERE id BETWEEN 7890131 AND 7890230
	Index Scan using sbtest5_pkey on sbtest5  (cost=0.43..383.29 rows=99 width=121)
	  Index Cond: ((id >= 7890131) AND (id <= 7890230))

table 6 : explain SELECT c FROM sbtest6 WHERE id BETWEEN 3381314 AND 3381413
	Index Scan using sbtest6_pkey on sbtest6  (cost=0.43..431.75 rows=112 width=121)
	  Index Cond: ((id >= 3381314) AND (id <= 3381413))

table 7 : explain SELECT c FROM sbtest7 WHERE id BETWEEN 7156868 AND 7156967
	Index Scan using sbtest7_pkey on sbtest7  (cost=0.43..386.76 rows=100 width=121)
	  Index Cond: ((id >= 7156868) AND (id <= 7156967))

table 8 : explain SELECT c FROM sbtest8 WHERE id BETWEEN 8012537 AND 8012636
	Index Scan using sbtest8_pkey on sbtest8  (cost=0.43..402.83 rows=105 width=121)
	  Index Cond: ((id >= 8012537) AND (id <= 8012636))

for point_selects
table 1 : explain SELECT c FROM sbtest1 WHERE id=3463164
	Index Scan using sbtest1_pkey on sbtest1  (cost=0.43..8.45 rows=1 width=121)
	  Index Cond: (id = 3463164)

table 2 : explain SELECT c FROM sbtest2 WHERE id=6781034
	Index Scan using sbtest2_pkey on sbtest2  (cost=0.43..8.45 rows=1 width=121)
	  Index Cond: (id = 6781034)

table 3 : explain SELECT c FROM sbtest3 WHERE id=842941
	Index Scan using sbtest3_pkey on sbtest3  (cost=0.43..8.45 rows=1 width=121)
	  Index Cond: (id = 842941)

table 4 : explain SELECT c FROM sbtest4 WHERE id=2504245
	Index Scan using sbtest4_pkey on sbtest4  (cost=0.43..8.45 rows=1 width=121)
	  Index Cond: (id = 2504245)

table 5 : explain SELECT c FROM sbtest5 WHERE id=9240866
	Index Scan using sbtest5_pkey on sbtest5  (cost=0.43..8.45 rows=1 width=121)
	  Index Cond: (id = 9240866)

table 6 : explain SELECT c FROM sbtest6 WHERE id=8796456
	Index Scan using sbtest6_pkey on sbtest6  (cost=0.43..8.45 rows=1 width=121)
	  Index Cond: (id = 8796456)

table 7 : explain SELECT c FROM sbtest7 WHERE id=6749299
	Index Scan using sbtest7_pkey on sbtest7  (cost=0.43..8.45 rows=1 width=121)
	  Index Cond: (id = 6749299)

table 8 : explain SELECT c FROM sbtest8 WHERE id=6705565
	Index Scan using sbtest8_pkey on sbtest8  (cost=0.43..8.45 rows=1 width=121)
	  Index Cond: (id = 6705565)

for: simple_ranges
table 1 : explain SELECT c FROM sbtest1 WHERE id BETWEEN 310538 AND 310637
	Index Scan using sbtest1_pkey on sbtest1  (cost=0.43..391.44 rows=101 width=121)
	  Index Cond: ((id >= 310538) AND (id <= 310637))

table 2 : explain SELECT c FROM sbtest2 WHERE id BETWEEN 6139411 AND 6139510
	Index Scan using sbtest2_pkey on sbtest2  (cost=0.43..390.74 rows=101 width=121)
	  Index Cond: ((id >= 6139411) AND (id <= 6139510))

table 3 : explain SELECT c FROM sbtest3 WHERE id BETWEEN 5469930 AND 5470029
	Index Scan using sbtest3_pkey on sbtest3  (cost=0.43..371.06 rows=96 width=121)
	  Index Cond: ((id >= 5469930) AND (id <= 5470029))

table 4 : explain SELECT c FROM sbtest4 WHERE id BETWEEN 2901997 AND 2902096
	Index Scan using sbtest4_pkey on sbtest4  (cost=0.43..419.32 rows=109 width=121)
	  Index Cond: ((id >= 2901997) AND (id <= 2902096))

table 5 : explain SELECT c FROM sbtest5 WHERE id BETWEEN 3132279 AND 3132378
	Index Scan using sbtest5_pkey on sbtest5  (cost=0.43..402.40 rows=104 width=121)
	  Index Cond: ((id >= 3132279) AND (id <= 3132378))

table 6 : explain SELECT c FROM sbtest6 WHERE id BETWEEN 8302153 AND 8302252
	Index Scan using sbtest6_pkey on sbtest6  (cost=0.43..370.75 rows=96 width=121)
	  Index Cond: ((id >= 8302153) AND (id <= 8302252))

table 7 : explain SELECT c FROM sbtest7 WHERE id BETWEEN 6552663 AND 6552762
	Index Scan using sbtest7_pkey on sbtest7  (cost=0.43..371.48 rows=96 width=121)
	  Index Cond: ((id >= 6552663) AND (id <= 6552762))

table 8 : explain SELECT c FROM sbtest8 WHERE id BETWEEN 3913145 AND 3913244
	Index Scan using sbtest8_pkey on sbtest8  (cost=0.43..383.88 rows=100 width=121)
	  Index Cond: ((id >= 3913145) AND (id <= 3913244))

for: sum_ranges
table 1 : explain SELECT SUM(k) FROM sbtest1 WHERE id BETWEEN 7362187 AND 7362286
	Aggregate  (cost=395.52..395.53 rows=1 width=8)
	  ->  Index Scan using sbtest1_pkey on sbtest1  (cost=0.43..395.27 rows=102 width=4)
	        Index Cond: ((id >= 7362187) AND (id <= 7362286))

table 2 : explain SELECT SUM(k) FROM sbtest2 WHERE id BETWEEN 2782624 AND 2782723
	Aggregate  (cost=433.06..433.07 rows=1 width=8)
	  ->  Index Scan using sbtest2_pkey on sbtest2  (cost=0.43..432.78 rows=112 width=4)
	        Index Cond: ((id >= 2782624) AND (id <= 2782723))

table 3 : explain SELECT SUM(k) FROM sbtest3 WHERE id BETWEEN 9544737 AND 9544836
	Aggregate  (cost=348.34..348.35 rows=1 width=8)
	  ->  Index Scan using sbtest3_pkey on sbtest3  (cost=0.43..348.11 rows=90 width=4)
	        Index Cond: ((id >= 9544737) AND (id <= 9544836))

table 4 : explain SELECT SUM(k) FROM sbtest4 WHERE id BETWEEN 5143436 AND 5143535
	Aggregate  (cost=385.35..385.36 rows=1 width=8)
	  ->  Index Scan using sbtest4_pkey on sbtest4  (cost=0.43..385.10 rows=100 width=4)
	        Index Cond: ((id >= 5143436) AND (id <= 5143535))

table 5 : explain SELECT SUM(k) FROM sbtest5 WHERE id BETWEEN 8709341 AND 8709440
	Aggregate  (cost=395.01..395.02 rows=1 width=8)
	  ->  Index Scan using sbtest5_pkey on sbtest5  (cost=0.43..394.76 rows=102 width=4)
	        Index Cond: ((id >= 8709341) AND (id <= 8709440))

table 6 : explain SELECT SUM(k) FROM sbtest6 WHERE id BETWEEN 5162938 AND 5163037
	Aggregate  (cost=374.81..374.82 rows=1 width=8)
	  ->  Index Scan using sbtest6_pkey on sbtest6  (cost=0.43..374.57 rows=97 width=4)
	        Index Cond: ((id >= 5162938) AND (id <= 5163037))

table 7 : explain SELECT SUM(k) FROM sbtest7 WHERE id BETWEEN 500407 AND 500506
	Aggregate  (cost=375.54..375.55 rows=1 width=8)
	  ->  Index Scan using sbtest7_pkey on sbtest7  (cost=0.43..375.30 rows=97 width=4)
	        Index Cond: ((id >= 500407) AND (id <= 500506))

table 8 : explain SELECT SUM(k) FROM sbtest8 WHERE id BETWEEN 5589048 AND 5589147
	Aggregate  (cost=357.58..357.59 rows=1 width=8)
	  ->  Index Scan using sbtest8_pkey on sbtest8  (cost=0.43..357.34 rows=93 width=4)
	        Index Cond: ((id >= 5589048) AND (id <= 5589147))

for: simple_ranges
table 1 : explain SELECT c FROM sbtest1 WHERE id BETWEEN 9157651 AND 9157750
	Index Scan using sbtest1_pkey on sbtest1  (cost=0.43..387.61 rows=100 width=121)
	  Index Cond: ((id >= 9157651) AND (id <= 9157750))

table 2 : explain SELECT c FROM sbtest2 WHERE id BETWEEN 2758838 AND 2758937
	Index Scan using sbtest2_pkey on sbtest2  (cost=0.43..432.78 rows=112 width=121)
	  Index Cond: ((id >= 2758838) AND (id <= 2758937))

table 3 : explain SELECT c FROM sbtest3 WHERE id BETWEEN 8762667 AND 8762766
	Index Scan using sbtest3_pkey on sbtest3  (cost=0.43..363.37 rows=94 width=121)
	  Index Cond: ((id >= 8762667) AND (id <= 8762766))

table 4 : explain SELECT c FROM sbtest4 WHERE id BETWEEN 3247912 AND 3248011
	Index Scan using sbtest4_pkey on sbtest4  (cost=0.43..377.49 rows=98 width=121)
	  Index Cond: ((id >= 3247912) AND (id <= 3248011))

table 5 : explain SELECT c FROM sbtest5 WHERE id BETWEEN 8866480 AND 8866579
	Index Scan using sbtest5_pkey on sbtest5  (cost=0.43..417.70 rows=108 width=121)
	  Index Cond: ((id >= 8866480) AND (id <= 8866579))

table 6 : explain SELECT c FROM sbtest6 WHERE id BETWEEN 9755629 AND 9755728
	Index Scan using sbtest6_pkey on sbtest6  (cost=0.43..370.75 rows=96 width=121)
	  Index Cond: ((id >= 9755629) AND (id <= 9755728))

table 7 : explain SELECT c FROM sbtest7 WHERE id BETWEEN 6401528 AND 6401627
	Index Scan using sbtest7_pkey on sbtest7  (cost=0.43..379.12 rows=98 width=121)
	  Index Cond: ((id >= 6401528) AND (id <= 6401627))

table 8 : explain SELECT c FROM sbtest8 WHERE id BETWEEN 8870044 AND 8870143
	Index Scan using sbtest8_pkey on sbtest8  (cost=0.43..395.25 rows=103 width=121)
	  Index Cond: ((id >= 8870044) AND (id <= 8870143))

for: sum_ranges
table 1 : explain SELECT SUM(k) FROM sbtest1 WHERE id BETWEEN 8355485 AND 8355584
	Aggregate  (cost=364.83..364.84 rows=1 width=8)
	  ->  Index Scan using sbtest1_pkey on sbtest1  (cost=0.43..364.59 rows=94 width=4)
	        Index Cond: ((id >= 8355485) AND (id <= 8355584))

table 2 : explain SELECT SUM(k) FROM sbtest2 WHERE id BETWEEN 7637237 AND 7637336
	Aggregate  (cost=383.35..383.36 rows=1 width=8)
	  ->  Index Scan using sbtest2_pkey on sbtest2  (cost=0.43..383.10 rows=99 width=4)
	        Index Cond: ((id >= 7637237) AND (id <= 7637336))

table 3 : explain SELECT SUM(k) FROM sbtest3 WHERE id BETWEEN 1190984 AND 1191083
	Aggregate  (cost=394.20..394.21 rows=1 width=8)
	  ->  Index Scan using sbtest3_pkey on sbtest3  (cost=0.43..393.95 rows=102 width=4)
	        Index Cond: ((id >= 1190984) AND (id <= 1191083))

table 4 : explain SELECT SUM(k) FROM sbtest4 WHERE id BETWEEN 1596460 AND 1596559
	Aggregate  (cost=362.46..362.47 rows=1 width=8)
	  ->  Index Scan using sbtest4_pkey on sbtest4  (cost=0.43..362.23 rows=94 width=4)
	        Index Cond: ((id >= 1596460) AND (id <= 1596559))

table 5 : explain SELECT SUM(k) FROM sbtest5 WHERE id BETWEEN 5753795 AND 5753894
	Aggregate  (cost=368.23..368.24 rows=1 width=8)
	  ->  Index Scan using sbtest5_pkey on sbtest5  (cost=0.43..367.99 rows=95 width=4)
	        Index Cond: ((id >= 5753795) AND (id <= 5753894))

table 6 : explain SELECT SUM(k) FROM sbtest6 WHERE id BETWEEN 7351626 AND 7351725
	Aggregate  (cost=348.06..348.07 rows=1 width=8)
	  ->  Index Scan using sbtest6_pkey on sbtest6  (cost=0.43..347.83 rows=90 width=4)
	        Index Cond: ((id >= 7351626) AND (id <= 7351725))

table 7 : explain SELECT SUM(k) FROM sbtest7 WHERE id BETWEEN 8116036 AND 8116135
	Aggregate  (cost=387.01..387.02 rows=1 width=8)
	  ->  Index Scan using sbtest7_pkey on sbtest7  (cost=0.43..386.76 rows=100 width=4)
	        Index Cond: ((id >= 8116036) AND (id <= 8116135))

table 8 : explain SELECT SUM(k) FROM sbtest8 WHERE id BETWEEN 576519 AND 576618
	Aggregate  (cost=368.96..368.97 rows=1 width=8)
	  ->  Index Scan using sbtest8_pkey on sbtest8  (cost=0.43..368.72 rows=96 width=4)
	        Index Cond: ((id >= 576519) AND (id <= 576618))

for: sum_ranges
table 1 : explain SELECT SUM(k) FROM sbtest1 WHERE id BETWEEN 2078037 AND 2078136
	Aggregate  (cost=395.52..395.53 rows=1 width=8)
	  ->  Index Scan using sbtest1_pkey on sbtest1  (cost=0.43..395.27 rows=102 width=4)
	        Index Cond: ((id >= 2078037) AND (id <= 2078136))

table 2 : explain SELECT SUM(k) FROM sbtest2 WHERE id BETWEEN 6273659 AND 6273758
	Aggregate  (cost=383.35..383.36 rows=1 width=8)
	  ->  Index Scan using sbtest2_pkey on sbtest2  (cost=0.43..383.10 rows=99 width=4)
	        Index Cond: ((id >= 6273659) AND (id <= 6273758))

table 3 : explain SELECT SUM(k) FROM sbtest3 WHERE id BETWEEN 5169193 AND 5169292
	Aggregate  (cost=329.25..329.26 rows=1 width=8)
	  ->  Index Scan using sbtest3_pkey on sbtest3  (cost=0.43..329.04 rows=85 width=4)
	        Index Cond: ((id >= 5169193) AND (id <= 5169292))

table 4 : explain SELECT SUM(k) FROM sbtest4 WHERE id BETWEEN 563079 AND 563178
	Aggregate  (cost=408.18..408.19 rows=1 width=8)
	  ->  Index Scan using sbtest4_pkey on sbtest4  (cost=0.43..407.91 rows=106 width=4)
	        Index Cond: ((id >= 563079) AND (id <= 563178))

table 5 : explain SELECT SUM(k) FROM sbtest5 WHERE id BETWEEN 4201988 AND 4202087
	Aggregate  (cost=414.14..414.15 rows=1 width=8)
	  ->  Index Scan using sbtest5_pkey on sbtest5  (cost=0.43..413.87 rows=107 width=4)
	        Index Cond: ((id >= 4201988) AND (id <= 4202087))

table 6 : explain SELECT SUM(k) FROM sbtest6 WHERE id BETWEEN 5812830 AND 5812929
	Aggregate  (cost=416.77..416.78 rows=1 width=8)
	  ->  Index Scan using sbtest6_pkey on sbtest6  (cost=0.43..416.50 rows=108 width=4)
	        Index Cond: ((id >= 5812830) AND (id <= 5812929))

table 7 : explain SELECT SUM(k) FROM sbtest7 WHERE id BETWEEN 8624164 AND 8624263
	Aggregate  (cost=394.65..394.66 rows=1 width=8)
	  ->  Index Scan using sbtest7_pkey on sbtest7  (cost=0.43..394.39 rows=102 width=4)
	        Index Cond: ((id >= 8624164) AND (id <= 8624263))

table 8 : explain SELECT SUM(k) FROM sbtest8 WHERE id BETWEEN 6043973 AND 6044072
	Aggregate  (cost=395.51..395.52 rows=1 width=8)
	  ->  Index Scan using sbtest8_pkey on sbtest8  (cost=0.43..395.25 rows=103 width=4)
	        Index Cond: ((id >= 6043973) AND (id <= 6044072))

for: sum_ranges
table 1 : explain SELECT SUM(k) FROM sbtest1 WHERE id BETWEEN 6053291 AND 6053390
	Aggregate  (cost=407.02..407.03 rows=1 width=8)
	  ->  Index Scan using sbtest1_pkey on sbtest1  (cost=0.43..406.75 rows=105 width=4)
	        Index Cond: ((id >= 6053291) AND (id <= 6053390))

table 2 : explain SELECT SUM(k) FROM sbtest2 WHERE id BETWEEN 8504754 AND 8504853
	Aggregate  (cost=383.35..383.36 rows=1 width=8)
	  ->  Index Scan using sbtest2_pkey on sbtest2  (cost=0.43..383.10 rows=99 width=4)
	        Index Cond: ((id >= 8504754) AND (id <= 8504853))

table 3 : explain SELECT SUM(k) FROM sbtest3 WHERE id BETWEEN 1856161 AND 1856260
	Aggregate  (cost=371.30..371.31 rows=1 width=8)
	  ->  Index Scan using sbtest3_pkey on sbtest3  (cost=0.43..371.06 rows=96 width=4)
	        Index Cond: ((id >= 1856161) AND (id <= 1856260))

table 4 : explain SELECT SUM(k) FROM sbtest4 WHERE id BETWEEN 260712 AND 260811
	Aggregate  (cost=377.74..377.75 rows=1 width=8)
	  ->  Index Scan using sbtest4_pkey on sbtest4  (cost=0.43..377.49 rows=98 width=4)
	        Index Cond: ((id >= 260712) AND (id <= 260811))

table 5 : explain SELECT SUM(k) FROM sbtest5 WHERE id BETWEEN 5243060 AND 5243159
	Aggregate  (cost=383.53..383.54 rows=1 width=8)
	  ->  Index Scan using sbtest5_pkey on sbtest5  (cost=0.43..383.29 rows=99 width=4)
	        Index Cond: ((id >= 5243060) AND (id <= 5243159))

table 6 : explain SELECT SUM(k) FROM sbtest6 WHERE id BETWEEN 4974518 AND 4974617
	Aggregate  (cost=386.25..386.26 rows=1 width=8)
	  ->  Index Scan using sbtest6_pkey on sbtest6  (cost=0.43..386.00 rows=100 width=4)
	        Index Cond: ((id >= 4974518) AND (id <= 4974617))

table 7 : explain SELECT SUM(k) FROM sbtest7 WHERE id BETWEEN 5044091 AND 5044190
	Aggregate  (cost=383.18..383.19 rows=1 width=8)
	  ->  Index Scan using sbtest7_pkey on sbtest7  (cost=0.43..382.94 rows=99 width=4)
	        Index Cond: ((id >= 5044091) AND (id <= 5044190))

table 8 : explain SELECT SUM(k) FROM sbtest8 WHERE id BETWEEN 6549775 AND 6549874
	Aggregate  (cost=380.33..380.34 rows=1 width=8)
	  ->  Index Scan using sbtest8_pkey on sbtest8  (cost=0.43..380.09 rows=99 width=4)
	        Index Cond: ((id >= 6549775) AND (id <= 6549874))

for point_selects
table 1 : explain SELECT c FROM sbtest1 WHERE id=58083
	Index Scan using sbtest1_pkey on sbtest1  (cost=0.43..8.45 rows=1 width=121)
	  Index Cond: (id = 58083)

table 2 : explain SELECT c FROM sbtest2 WHERE id=7388111
	Index Scan using sbtest2_pkey on sbtest2  (cost=0.43..8.45 rows=1 width=121)
	  Index Cond: (id = 7388111)

table 3 : explain SELECT c FROM sbtest3 WHERE id=5428111
	Index Scan using sbtest3_pkey on sbtest3  (cost=0.43..8.45 rows=1 width=121)
	  Index Cond: (id = 5428111)

table 4 : explain SELECT c FROM sbtest4 WHERE id=2023501
	Index Scan using sbtest4_pkey on sbtest4  (cost=0.43..8.45 rows=1 width=121)
	  Index Cond: (id = 2023501)

table 5 : explain SELECT c FROM sbtest5 WHERE id=3751933
	Index Scan using sbtest5_pkey on sbtest5  (cost=0.43..8.45 rows=1 width=121)
	  Index Cond: (id = 3751933)

table 6 : explain SELECT c FROM sbtest6 WHERE id=5310299
	Index Scan using sbtest6_pkey on sbtest6  (cost=0.43..8.45 rows=1 width=121)
	  Index Cond: (id = 5310299)

table 7 : explain SELECT c FROM sbtest7 WHERE id=2039205
	Index Scan using sbtest7_pkey on sbtest7  (cost=0.43..8.45 rows=1 width=121)
	  Index Cond: (id = 2039205)

table 8 : explain SELECT c FROM sbtest8 WHERE id=6435864
	Index Scan using sbtest8_pkey on sbtest8  (cost=0.43..8.45 rows=1 width=121)
	  Index Cond: (id = 6435864)

for point_selects
table 1 : explain SELECT c FROM sbtest1 WHERE id=7817764
	Index Scan using sbtest1_pkey on sbtest1  (cost=0.43..8.45 rows=1 width=121)
	  Index Cond: (id = 7817764)

table 2 : explain SELECT c FROM sbtest2 WHERE id=7250698
	Index Scan using sbtest2_pkey on sbtest2  (cost=0.43..8.45 rows=1 width=121)
	  Index Cond: (id = 7250698)

table 3 : explain SELECT c FROM sbtest3 WHERE id=5080824
	Index Scan using sbtest3_pkey on sbtest3  (cost=0.43..8.45 rows=1 width=121)
	  Index Cond: (id = 5080824)

table 4 : explain SELECT c FROM sbtest4 WHERE id=2592696
	Index Scan using sbtest4_pkey on sbtest4  (cost=0.43..8.45 rows=1 width=121)
	  Index Cond: (id = 2592696)

table 5 : explain SELECT c FROM sbtest5 WHERE id=4191814
	Index Scan using sbtest5_pkey on sbtest5  (cost=0.43..8.45 rows=1 width=121)
	  Index Cond: (id = 4191814)

table 6 : explain SELECT c FROM sbtest6 WHERE id=4781512
	Index Scan using sbtest6_pkey on sbtest6  (cost=0.43..8.45 rows=1 width=121)
	  Index Cond: (id = 4781512)

table 7 : explain SELECT c FROM sbtest7 WHERE id=4061276
	Index Scan using sbtest7_pkey on sbtest7  (cost=0.43..8.45 rows=1 width=121)
	  Index Cond: (id = 4061276)

table 8 : explain SELECT c FROM sbtest8 WHERE id=9798009
	Index Scan using sbtest8_pkey on sbtest8  (cost=0.43..8.45 rows=1 width=121)
	  Index Cond: (id = 9798009)

for: sum_ranges
table 1 : explain SELECT SUM(k) FROM sbtest1 WHERE id BETWEEN 6784711 AND 6784810
	Aggregate  (cost=430.00..430.01 rows=1 width=8)
	  ->  Index Scan using sbtest1_pkey on sbtest1  (cost=0.43..429.73 rows=111 width=4)
	        Index Cond: ((id >= 6784711) AND (id <= 6784810))

table 2 : explain SELECT SUM(k) FROM sbtest2 WHERE id BETWEEN 9790479 AND 9790578
	Aggregate  (cost=379.52..379.53 rows=1 width=8)
	  ->  Index Scan using sbtest2_pkey on sbtest2  (cost=0.43..379.28 rows=98 width=4)
	        Index Cond: ((id >= 9790479) AND (id <= 9790578))

table 3 : explain SELECT SUM(k) FROM sbtest3 WHERE id BETWEEN 1127415 AND 1127514
	Aggregate  (cost=394.20..394.21 rows=1 width=8)
	  ->  Index Scan using sbtest3_pkey on sbtest3  (cost=0.43..393.95 rows=102 width=4)
	        Index Cond: ((id >= 1127415) AND (id <= 1127514))

table 4 : explain SELECT SUM(k) FROM sbtest4 WHERE id BETWEEN 8396934 AND 8397033
	Aggregate  (cost=415.79..415.80 rows=1 width=8)
	  ->  Index Scan using sbtest4_pkey on sbtest4  (cost=0.43..415.52 rows=108 width=4)
	        Index Cond: ((id >= 8396934) AND (id <= 8397033))

table 5 : explain SELECT SUM(k) FROM sbtest5 WHERE id BETWEEN 6359576 AND 6359675
	Aggregate  (cost=349.10..349.11 rows=1 width=8)
	  ->  Index Scan using sbtest5_pkey on sbtest5  (cost=0.43..348.88 rows=90 width=4)
	        Index Cond: ((id >= 6359576) AND (id <= 6359675))

table 6 : explain SELECT SUM(k) FROM sbtest6 WHERE id BETWEEN 3464860 AND 3464959
	Aggregate  (cost=432.03..432.04 rows=1 width=8)
	  ->  Index Scan using sbtest6_pkey on sbtest6  (cost=0.43..431.75 rows=112 width=4)
	        Index Cond: ((id >= 3464860) AND (id <= 3464959))

table 7 : explain SELECT SUM(k) FROM sbtest7 WHERE id BETWEEN 9460451 AND 9460550
	Aggregate  (cost=398.47..398.48 rows=1 width=8)
	  ->  Index Scan using sbtest7_pkey on sbtest7  (cost=0.43..398.21 rows=103 width=4)
	        Index Cond: ((id >= 9460451) AND (id <= 9460550))

table 8 : explain SELECT SUM(k) FROM sbtest8 WHERE id BETWEEN 6435458 AND 6435557
	Aggregate  (cost=349.93..349.94 rows=1 width=8)
	  ->  Index Scan using sbtest8_pkey on sbtest8  (cost=0.43..349.71 rows=91 width=4)
	        Index Cond: ((id >= 6435458) AND (id <= 6435557))

explain: for point_selects :: explain SELECT c FROM sbtest%u WHERE id=%u
for: order_ranges
table 1 : explain SELECT c FROM sbtest1 WHERE id BETWEEN 2204408 AND 2204507 ORDER BY c
	Sort  (cost=359.94..360.17 rows=92 width=121)
	  Sort Key: c
	  ->  Index Scan using sbtest1_pkey on sbtest1  (cost=0.43..356.94 rows=92 width=121)
	        Index Cond: ((id >= 2204408) AND (id <= 2204507))

table 2 : explain SELECT c FROM sbtest2 WHERE id BETWEEN 7028032 AND 7028131 ORDER BY c
	Sort  (cost=409.55..409.82 rows=105 width=121)
	  Sort Key: c
	  ->  Index Scan using sbtest2_pkey on sbtest2  (cost=0.43..406.03 rows=105 width=121)
	        Index Cond: ((id >= 7028032) AND (id <= 7028131))

table 3 : explain SELECT c FROM sbtest3 WHERE id BETWEEN 4146537 AND 4146636 ORDER BY c
	Sort  (cost=416.63..416.90 rows=107 width=121)
	  Sort Key: c
	  ->  Index Scan using sbtest3_pkey on sbtest3  (cost=0.43..413.02 rows=107 width=121)
	        Index Cond: ((id >= 4146537) AND (id <= 4146636))

table 4 : explain SELECT c FROM sbtest4 WHERE id BETWEEN 5496641 AND 5496740 ORDER BY c
	Sort  (cost=376.89..377.13 rows=97 width=121)
	  Sort Key: c
	  ->  Index Scan using sbtest4_pkey on sbtest4  (cost=0.43..373.69 rows=97 width=121)
	        Index Cond: ((id >= 5496641) AND (id <= 5496740))

table 5 : explain SELECT c FROM sbtest5 WHERE id BETWEEN 7799332 AND 7799431 ORDER BY c
	Sort  (cost=378.84..379.08 rows=97 width=121)
	  Sort Key: c
	  ->  Index Scan using sbtest5_pkey on sbtest5  (cost=0.43..375.64 rows=97 width=121)
	        Index Cond: ((id >= 7799332) AND (id <= 7799431))

table 6 : explain SELECT c FROM sbtest6 WHERE id BETWEEN 6317490 AND 6317589 ORDER BY c
	Sort  (cost=316.09..316.29 rows=81 width=121)
	  Sort Key: c
	  ->  Index Scan using sbtest6_pkey on sbtest6  (cost=0.43..313.52 rows=81 width=121)
	        Index Cond: ((id >= 6317490) AND (id <= 6317589))

table 7 : explain SELECT c FROM sbtest7 WHERE id BETWEEN 9221389 AND 9221488 ORDER BY c
	Sort  (cost=390.08..390.33 rows=100 width=121)
	  Sort Key: c
	  ->  Index Scan using sbtest7_pkey on sbtest7  (cost=0.43..386.76 rows=100 width=121)
	        Index Cond: ((id >= 9221389) AND (id <= 9221488))

table 8 : explain SELECT c FROM sbtest8 WHERE id BETWEEN 9393198 AND 9393297 ORDER BY c
	Sort  (cost=387.20..387.45 rows=100 width=121)
	  Sort Key: c
	  ->  Index Scan using sbtest8_pkey on sbtest8  (cost=0.43..383.88 rows=100 width=121)
	        Index Cond: ((id >= 9393198) AND (id <= 9393297))

for: simple_ranges
table 1 : explain SELECT c FROM sbtest1 WHERE id BETWEEN 4467969 AND 4468068
	Index Scan using sbtest1_pkey on sbtest1  (cost=0.43..402.93 rows=104 width=121)
	  Index Cond: ((id >= 4467969) AND (id <= 4468068))

table 2 : explain SELECT c FROM sbtest2 WHERE id BETWEEN 8804492 AND 8804591
	Index Scan using sbtest2_pkey on sbtest2  (cost=0.43..386.92 rows=100 width=121)
	  Index Cond: ((id >= 8804492) AND (id <= 8804591))

table 3 : explain SELECT c FROM sbtest3 WHERE id BETWEEN 1890201 AND 1890300
	Index Scan using sbtest3_pkey on sbtest3  (cost=0.43..371.06 rows=96 width=121)
	  Index Cond: ((id >= 1890201) AND (id <= 1890300))

table 4 : explain SELECT c FROM sbtest4 WHERE id BETWEEN 6515229 AND 6515328
	Index Scan using sbtest4_pkey on sbtest4  (cost=0.43..381.29 rows=99 width=121)
	  Index Cond: ((id >= 6515229) AND (id <= 6515328))

table 5 : explain SELECT c FROM sbtest5 WHERE id BETWEEN 8366211 AND 8366310
	Index Scan using sbtest5_pkey on sbtest5  (cost=0.43..398.58 rows=103 width=121)
	  Index Cond: ((id >= 8366211) AND (id <= 8366310))

table 6 : explain SELECT c FROM sbtest6 WHERE id BETWEEN 6481627 AND 6481726
	Index Scan using sbtest6_pkey on sbtest6  (cost=0.43..370.75 rows=96 width=121)
	  Index Cond: ((id >= 6481627) AND (id <= 6481726))

table 7 : explain SELECT c FROM sbtest7 WHERE id BETWEEN 4035061 AND 4035160
	Index Scan using sbtest7_pkey on sbtest7  (cost=0.43..348.56 rows=90 width=121)
	  Index Cond: ((id >= 4035061) AND (id <= 4035160))

table 8 : explain SELECT c FROM sbtest8 WHERE id BETWEEN 979233 AND 979332
	Index Scan using sbtest8_pkey on sbtest8  (cost=0.43..357.34 rows=93 width=121)
	  Index Cond: ((id >= 979233) AND (id <= 979332))

for: simple_ranges
table 1 : explain SELECT c FROM sbtest1 WHERE id BETWEEN 6736110 AND 6736209
	Index Scan using sbtest1_pkey on sbtest1  (cost=0.43..429.73 rows=111 width=121)
	  Index Cond: ((id >= 6736110) AND (id <= 6736209))

table 2 : explain SELECT c FROM sbtest2 WHERE id BETWEEN 842391 AND 842490
	Index Scan using sbtest2_pkey on sbtest2  (cost=0.43..402.21 rows=104 width=121)
	  Index Cond: ((id >= 842391) AND (id <= 842490))

table 3 : explain SELECT c FROM sbtest3 WHERE id BETWEEN 910436 AND 910535
	Index Scan using sbtest3_pkey on sbtest3  (cost=0.43..401.58 rows=104 width=121)
	  Index Cond: ((id >= 910436) AND (id <= 910535))

table 4 : explain SELECT c FROM sbtest4 WHERE id BETWEEN 9571021 AND 9571120
	Index Scan using sbtest4_pkey on sbtest4  (cost=0.43..396.51 rows=103 width=121)
	  Index Cond: ((id >= 9571021) AND (id <= 9571120))

table 5 : explain SELECT c FROM sbtest5 WHERE id BETWEEN 3995613 AND 3995712
	Index Scan using sbtest5_pkey on sbtest5  (cost=0.43..444.46 rows=115 width=121)
	  Index Cond: ((id >= 3995613) AND (id <= 3995712))

table 6 : explain SELECT c FROM sbtest6 WHERE id BETWEEN 6659193 AND 6659292
	Index Scan using sbtest6_pkey on sbtest6  (cost=0.43..408.88 rows=106 width=121)
	  Index Cond: ((id >= 6659193) AND (id <= 6659292))

table 7 : explain SELECT c FROM sbtest7 WHERE id BETWEEN 5078416 AND 5078515
	Index Scan using sbtest7_pkey on sbtest7  (cost=0.43..382.94 rows=99 width=121)
	  Index Cond: ((id >= 5078416) AND (id <= 5078515))

table 8 : explain SELECT c FROM sbtest8 WHERE id BETWEEN 1156690 AND 1156789
	Index Scan using sbtest8_pkey on sbtest8  (cost=0.43..364.93 rows=95 width=121)
	  Index Cond: ((id >= 1156690) AND (id <= 1156789))

explain: for point_selects :: explain SELECT c FROM sbtest%u WHERE id=%u
for point_selects
table 1 : explain SELECT c FROM sbtest1 WHERE id=5619382
	Index Scan using sbtest1_pkey on sbtest1  (cost=0.43..8.45 rows=1 width=121)
	  Index Cond: (id = 5619382)

table 2 : explain SELECT c FROM sbtest2 WHERE id=2407579
	Index Scan using sbtest2_pkey on sbtest2  (cost=0.43..8.45 rows=1 width=121)
	  Index Cond: (id = 2407579)

table 3 : explain SELECT c FROM sbtest3 WHERE id=601384
	Index Scan using sbtest3_pkey on sbtest3  (cost=0.43..8.45 rows=1 width=121)
	  Index Cond: (id = 601384)

table 4 : explain SELECT c FROM sbtest4 WHERE id=6039351
	Index Scan using sbtest4_pkey on sbtest4  (cost=0.43..8.45 rows=1 width=121)
	  Index Cond: (id = 6039351)

table 5 : explain SELECT c FROM sbtest5 WHERE id=8081169
	Index Scan using sbtest5_pkey on sbtest5  (cost=0.43..8.45 rows=1 width=121)
	  Index Cond: (id = 8081169)

table 6 : explain SELECT c FROM sbtest6 WHERE id=8921269
	Index Scan using sbtest6_pkey on sbtest6  (cost=0.43..8.45 rows=1 width=121)
	  Index Cond: (id = 8921269)

table 7 : explain SELECT c FROM sbtest7 WHERE id=2654541
	Index Scan using sbtest7_pkey on sbtest7  (cost=0.43..8.45 rows=1 width=121)
	  Index Cond: (id = 2654541)

table 8 : explain SELECT c FROM sbtest8 WHERE id=9065112
	Index Scan using sbtest8_pkey on sbtest8  (cost=0.43..8.45 rows=1 width=121)
	  Index Cond: (id = 9065112)

for: order_ranges
table 1 : explain SELECT c FROM sbtest1 WHERE id BETWEEN 5616296 AND 5616395 ORDER BY c
	Sort  (cost=398.67..398.93 rows=102 width=121)
	  Sort Key: c
	  ->  Index Scan using sbtest1_pkey on sbtest1  (cost=0.43..395.27 rows=102 width=121)
	        Index Cond: ((id >= 5616296) AND (id <= 5616395))

table 2 : explain SELECT c FROM sbtest2 WHERE id BETWEEN 2878238 AND 2878337 ORDER BY c
	Sort  (cost=378.66..378.90 rows=97 width=121)
	  Sort Key: c
	  ->  Index Scan using sbtest2_pkey on sbtest2  (cost=0.43..375.46 rows=97 width=121)
	        Index Cond: ((id >= 2878238) AND (id <= 2878337))

table 3 : explain SELECT c FROM sbtest3 WHERE id BETWEEN 5857630 AND 5857729 ORDER BY c
	Sort  (cost=343.33..343.55 rows=88 width=121)
	  Sort Key: c
	  ->  Index Scan using sbtest3_pkey on sbtest3  (cost=0.43..340.48 rows=88 width=121)
	        Index Cond: ((id >= 5857630) AND (id <= 5857729))

table 4 : explain SELECT c FROM sbtest4 WHERE id BETWEEN 8362355 AND 8362454 ORDER BY c
	Sort  (cost=419.17..419.44 rows=108 width=121)
	  Sort Key: c
	  ->  Index Scan using sbtest4_pkey on sbtest4  (cost=0.43..415.52 rows=108 width=121)
	        Index Cond: ((id >= 8362355) AND (id <= 8362454))

table 5 : explain SELECT c FROM sbtest5 WHERE id BETWEEN 1431852 AND 1431951 ORDER BY c
	Sort  (cost=402.02..402.28 rows=103 width=121)
	  Sort Key: c
	  ->  Index Scan using sbtest5_pkey on sbtest5  (cost=0.43..398.58 rows=103 width=121)
	        Index Cond: ((id >= 1431852) AND (id <= 1431951))

table 6 : explain SELECT c FROM sbtest6 WHERE id BETWEEN 426964 AND 427063 ORDER BY c
	Sort  (cost=381.62..381.87 rows=98 width=121)
	  Sort Key: c
	  ->  Index Scan using sbtest6_pkey on sbtest6  (cost=0.43..378.38 rows=98 width=121)
	        Index Cond: ((id >= 426964) AND (id <= 427063))

table 7 : explain SELECT c FROM sbtest7 WHERE id BETWEEN 1595442 AND 1595541 ORDER BY c
	Sort  (cost=378.50..378.74 rows=97 width=121)
	  Sort Key: c
	  ->  Index Scan using sbtest7_pkey on sbtest7  (cost=0.43..375.30 rows=97 width=121)
	        Index Cond: ((id >= 1595442) AND (id <= 1595541))

table 8 : explain SELECT c FROM sbtest8 WHERE id BETWEEN 4366020 AND 4366119 ORDER BY c
	Sort  (cost=375.71..375.95 rows=97 width=121)
	  Sort Key: c
	  ->  Index Scan using sbtest8_pkey on sbtest8  (cost=0.43..372.51 rows=97 width=121)
	        Index Cond: ((id >= 4366020) AND (id <= 4366119))

explain: for point_selects :: explain SELECT c FROM sbtest%u WHERE id=%u
for: order_ranges
table 1 : explain SELECT c FROM sbtest1 WHERE id BETWEEN 8614526 AND 8614625 ORDER BY c
	Sort  (cost=387.07..387.31 rows=99 width=121)
	  Sort Key: c
	  ->  Index Scan using sbtest1_pkey on sbtest1  (cost=0.43..383.78 rows=99 width=121)
	        Index Cond: ((id >= 8614526) AND (id <= 8614625))

table 2 : explain SELECT c FROM sbtest2 WHERE id BETWEEN 4379163 AND 4379262 ORDER BY c
	Sort  (cost=428.87..429.14 rows=110 width=121)
	  Sort Key: c
	  ->  Index Scan using sbtest2_pkey on sbtest2  (cost=0.43..425.14 rows=110 width=121)
	        Index Cond: ((id >= 4379163) AND (id <= 4379262))

table 3 : explain SELECT c FROM sbtest3 WHERE id BETWEEN 2753494 AND 2753593 ORDER BY c
	Sort  (cost=385.78..386.03 rows=99 width=121)
	  Sort Key: c
	  ->  Index Scan using sbtest3_pkey on sbtest3  (cost=0.43..382.50 rows=99 width=121)
	        Index Cond: ((id >= 2753494) AND (id <= 2753593))

table 4 : explain SELECT c FROM sbtest4 WHERE id BETWEEN 2986277 AND 2986376 ORDER BY c
	Sort  (cost=423.01..423.28 rows=109 width=121)
	  Sort Key: c
	  ->  Index Scan using sbtest4_pkey on sbtest4  (cost=0.43..419.32 rows=109 width=121)
	        Index Cond: ((id >= 2986277) AND (id <= 2986376))

table 5 : explain SELECT c FROM sbtest5 WHERE id BETWEEN 3796050 AND 3796149 ORDER BY c
	Sort  (cost=378.84..379.08 rows=97 width=121)
	  Sort Key: c
	  ->  Index Scan using sbtest5_pkey on sbtest5  (cost=0.43..375.64 rows=97 width=121)
	        Index Cond: ((id >= 3796050) AND (id <= 3796149))

table 6 : explain SELECT c FROM sbtest6 WHERE id BETWEEN 54876 AND 54975 ORDER BY c
	Sort  (cost=447.12..447.41 rows=115 width=121)
	  Sort Key: c
	  ->  Index Scan using sbtest6_pkey on sbtest6  (cost=0.43..443.18 rows=115 width=121)
	        Index Cond: ((id >= 54876) AND (id <= 54975))

table 7 : explain SELECT c FROM sbtest7 WHERE id BETWEEN 8264449 AND 8264548 ORDER BY c
	Sort  (cost=393.94..394.19 rows=101 width=121)
	  Sort Key: c
	  ->  Index Scan using sbtest7_pkey on sbtest7  (cost=0.43..390.57 rows=101 width=121)
	        Index Cond: ((id >= 8264449) AND (id <= 8264548))

table 8 : explain SELECT c FROM sbtest8 WHERE id BETWEEN 2558827 AND 2558926 ORDER BY c
	Sort  (cost=379.54..379.78 rows=98 width=121)
	  Sort Key: c
	  ->  Index Scan using sbtest8_pkey on sbtest8  (cost=0.43..376.30 rows=98 width=121)
	        Index Cond: ((id >= 2558827) AND (id <= 2558926))

for: simple_ranges
table 1 : explain SELECT c FROM sbtest1 WHERE id BETWEEN 5220660 AND 5220759
	Index Scan using sbtest1_pkey on sbtest1  (cost=0.43..402.93 rows=104 width=121)
	  Index Cond: ((id >= 5220660) AND (id <= 5220759))

table 2 : explain SELECT c FROM sbtest2 WHERE id BETWEEN 5862434 AND 5862533
	Index Scan using sbtest2_pkey on sbtest2  (cost=0.43..386.92 rows=100 width=121)
	  Index Cond: ((id >= 5862434) AND (id <= 5862533))

table 3 : explain SELECT c FROM sbtest3 WHERE id BETWEEN 2644137 AND 2644236
	Index Scan using sbtest3_pkey on sbtest3  (cost=0.43..405.39 rows=105 width=121)
	  Index Cond: ((id >= 2644137) AND (id <= 2644236))

table 4 : explain SELECT c FROM sbtest4 WHERE id BETWEEN 7042499 AND 7042598
	Index Scan using sbtest4_pkey on sbtest4  (cost=0.43..388.90 rows=101 width=121)
	  Index Cond: ((id >= 7042499) AND (id <= 7042598))

table 5 : explain SELECT c FROM sbtest5 WHERE id BETWEEN 6024221 AND 6024320
	Index Scan using sbtest5_pkey on sbtest5  (cost=0.43..402.40 rows=104 width=121)
	  Index Cond: ((id >= 6024221) AND (id <= 6024320))

table 6 : explain SELECT c FROM sbtest6 WHERE id BETWEEN 3981425 AND 3981524
	Index Scan using sbtest6_pkey on sbtest6  (cost=0.43..401.25 rows=104 width=121)
	  Index Cond: ((id >= 3981425) AND (id <= 3981524))

table 7 : explain SELECT c FROM sbtest7 WHERE id BETWEEN 8314700 AND 8314799
	Index Scan using sbtest7_pkey on sbtest7  (cost=0.43..390.57 rows=101 width=121)
	  Index Cond: ((id >= 8314700) AND (id <= 8314799))

table 8 : explain SELECT c FROM sbtest8 WHERE id BETWEEN 4881564 AND 4881663
	Index Scan using sbtest8_pkey on sbtest8  (cost=0.43..433.15 rows=113 width=121)
	  Index Cond: ((id >= 4881564) AND (id <= 4881663))

for: sum_ranges
table 1 : explain SELECT SUM(k) FROM sbtest1 WHERE id BETWEEN 6156303 AND 6156402
	Aggregate  (cost=372.49..372.50 rows=1 width=8)
	  ->  Index Scan using sbtest1_pkey on sbtest1  (cost=0.43..372.25 rows=96 width=4)
	        Index Cond: ((id >= 6156303) AND (id <= 6156402))

table 2 : explain SELECT SUM(k) FROM sbtest2 WHERE id BETWEEN 3408581 AND 3408680
	Aggregate  (cost=383.35..383.36 rows=1 width=8)
	  ->  Index Scan using sbtest2_pkey on sbtest2  (cost=0.43..383.10 rows=99 width=4)
	        Index Cond: ((id >= 3408581) AND (id <= 3408680))

table 3 : explain SELECT SUM(k) FROM sbtest3 WHERE id BETWEEN 3181990 AND 3182089
	Aggregate  (cost=420.93..420.94 rows=1 width=8)
	  ->  Index Scan using sbtest3_pkey on sbtest3  (cost=0.43..420.65 rows=109 width=4)
	        Index Cond: ((id >= 3181990) AND (id <= 3182089))

table 4 : explain SELECT SUM(k) FROM sbtest4 WHERE id BETWEEN 8301389 AND 8301488
	Aggregate  (cost=373.93..373.94 rows=1 width=8)
	  ->  Index Scan using sbtest4_pkey on sbtest4  (cost=0.43..373.69 rows=97 width=4)
	        Index Cond: ((id >= 8301389) AND (id <= 8301488))

table 5 : explain SELECT SUM(k) FROM sbtest5 WHERE id BETWEEN 2096551 AND 2096650
	Aggregate  (cost=406.49..406.50 rows=1 width=8)
	  ->  Index Scan using sbtest5_pkey on sbtest5  (cost=0.43..406.23 rows=105 width=4)
	        Index Cond: ((id >= 2096551) AND (id <= 2096650))

table 6 : explain SELECT SUM(k) FROM sbtest6 WHERE id BETWEEN 7781019 AND 7781118
	Aggregate  (cost=351.87..351.88 rows=1 width=8)
	  ->  Index Scan using sbtest6_pkey on sbtest6  (cost=0.43..351.64 rows=91 width=4)
	        Index Cond: ((id >= 7781019) AND (id <= 7781118))

table 7 : explain SELECT SUM(k) FROM sbtest7 WHERE id BETWEEN 7911029 AND 7911128
	Aggregate  (cost=364.07..364.08 rows=1 width=8)
	  ->  Index Scan using sbtest7_pkey on sbtest7  (cost=0.43..363.84 rows=94 width=4)
	        Index Cond: ((id >= 7911029) AND (id <= 7911128))

table 8 : explain SELECT SUM(k) FROM sbtest8 WHERE id BETWEEN 3308017 AND 3308116
	Aggregate  (cost=391.71..391.72 rows=1 width=8)
	  ->  Index Scan using sbtest8_pkey on sbtest8  (cost=0.43..391.46 rows=102 width=4)
	        Index Cond: ((id >= 3308017) AND (id <= 3308116))

for: order_ranges
table 1 : explain SELECT c FROM sbtest1 WHERE id BETWEEN 7934523 AND 7934622 ORDER BY c
	Sort  (cost=383.20..383.44 rows=98 width=121)
	  Sort Key: c
	  ->  Index Scan using sbtest1_pkey on sbtest1  (cost=0.43..379.96 rows=98 width=121)
	        Index Cond: ((id >= 7934523) AND (id <= 7934622))

table 2 : explain SELECT c FROM sbtest2 WHERE id BETWEEN 8386215 AND 8386314 ORDER BY c
	Sort  (cost=421.14..421.41 rows=108 width=121)
	  Sort Key: c
	  ->  Index Scan using sbtest2_pkey on sbtest2  (cost=0.43..417.49 rows=108 width=121)
	        Index Cond: ((id >= 8386215) AND (id <= 8386314))

table 3 : explain SELECT c FROM sbtest3 WHERE id BETWEEN 3068446 AND 3068545 ORDER BY c
	Sort  (cost=401.21..401.46 rows=103 width=121)
	  Sort Key: c
	  ->  Index Scan using sbtest3_pkey on sbtest3  (cost=0.43..397.76 rows=103 width=121)
	        Index Cond: ((id >= 3068446) AND (id <= 3068545))

table 4 : explain SELECT c FROM sbtest4 WHERE id BETWEEN 4274014 AND 4274113 ORDER BY c
	Sort  (cost=357.62..357.85 rows=92 width=121)
	  Sort Key: c
	  ->  Index Scan using sbtest4_pkey on sbtest4  (cost=0.43..354.62 rows=92 width=121)
	        Index Cond: ((id >= 4274014) AND (id <= 4274113))

table 5 : explain SELECT c FROM sbtest5 WHERE id BETWEEN 8928774 AND 8928873 ORDER BY c
	Sort  (cost=398.16..398.41 rows=102 width=121)
	  Sort Key: c
	  ->  Index Scan using sbtest5_pkey on sbtest5  (cost=0.43..394.76 rows=102 width=121)
	        Index Cond: ((id >= 8928774) AND (id <= 8928873))

table 6 : explain SELECT c FROM sbtest6 WHERE id BETWEEN 7848336 AND 7848435 ORDER BY c
	Sort  (cost=397.03..397.28 rows=102 width=121)
	  Sort Key: c
	  ->  Index Scan using sbtest6_pkey on sbtest6  (cost=0.43..393.63 rows=102 width=121)
	        Index Cond: ((id >= 7848336) AND (id <= 7848435))

table 7 : explain SELECT c FROM sbtest7 WHERE id BETWEEN 6958746 AND 6958845 ORDER BY c
	Sort  (cost=386.22..386.46 rows=99 width=121)
	  Sort Key: c
	  ->  Index Scan using sbtest7_pkey on sbtest7  (cost=0.43..382.94 rows=99 width=121)
	        Index Cond: ((id >= 6958746) AND (id <= 6958845))

table 8 : explain SELECT c FROM sbtest8 WHERE id BETWEEN 796414 AND 796513 ORDER BY c
	Sort  (cost=364.22..364.45 rows=94 width=121)
	  Sort Key: c
	  ->  Index Scan using sbtest8_pkey on sbtest8  (cost=0.43..361.13 rows=94 width=121)
	        Index Cond: ((id >= 796414) AND (id <= 796513))

for point_selects
table 1 : explain SELECT c FROM sbtest1 WHERE id=9343995
	Index Scan using sbtest1_pkey on sbtest1  (cost=0.43..8.45 rows=1 width=121)
	  Index Cond: (id = 9343995)

table 2 : explain SELECT c FROM sbtest2 WHERE id=6509714
	Index Scan using sbtest2_pkey on sbtest2  (cost=0.43..8.45 rows=1 width=121)
	  Index Cond: (id = 6509714)

table 3 : explain SELECT c FROM sbtest3 WHERE id=4545949
	Index Scan using sbtest3_pkey on sbtest3  (cost=0.43..8.45 rows=1 width=121)
	  Index Cond: (id = 4545949)

table 4 : explain SELECT c FROM sbtest4 WHERE id=4979421
	Index Scan using sbtest4_pkey on sbtest4  (cost=0.43..8.45 rows=1 width=121)
	  Index Cond: (id = 4979421)

table 5 : explain SELECT c FROM sbtest5 WHERE id=5887210
	Index Scan using sbtest5_pkey on sbtest5  (cost=0.43..8.45 rows=1 width=121)
	  Index Cond: (id = 5887210)

table 6 : explain SELECT c FROM sbtest6 WHERE id=4104941
	Index Scan using sbtest6_pkey on sbtest6  (cost=0.43..8.45 rows=1 width=121)
	  Index Cond: (id = 4104941)

table 7 : explain SELECT c FROM sbtest7 WHERE id=8474184
	Index Scan using sbtest7_pkey on sbtest7  (cost=0.43..8.45 rows=1 width=121)
	  Index Cond: (id = 8474184)

table 8 : explain SELECT c FROM sbtest8 WHERE id=8810910
	Index Scan using sbtest8_pkey on sbtest8  (cost=0.43..8.45 rows=1 width=121)
	  Index Cond: (id = 8810910)

for: sum_ranges
table 1 : explain SELECT SUM(k) FROM sbtest1 WHERE id BETWEEN 3415097 AND 3415196
	Aggregate  (cost=407.02..407.03 rows=1 width=8)
	  ->  Index Scan using sbtest1_pkey on sbtest1  (cost=0.43..406.75 rows=105 width=4)
	        Index Cond: ((id >= 3415097) AND (id <= 3415196))

table 2 : explain SELECT SUM(k) FROM sbtest2 WHERE id BETWEEN 1848102 AND 1848201
	Aggregate  (cost=379.52..379.53 rows=1 width=8)
	  ->  Index Scan using sbtest2_pkey on sbtest2  (cost=0.43..379.28 rows=98 width=4)
	        Index Cond: ((id >= 1848102) AND (id <= 1848201))

table 3 : explain SELECT SUM(k) FROM sbtest3 WHERE id BETWEEN 2393635 AND 2393734
	Aggregate  (cost=359.79..359.80 rows=1 width=8)
	  ->  Index Scan using sbtest3_pkey on sbtest3  (cost=0.43..359.56 rows=93 width=4)
	        Index Cond: ((id >= 2393635) AND (id <= 2393734))

table 4 : explain SELECT SUM(k) FROM sbtest4 WHERE id BETWEEN 3827122 AND 3827221
	Aggregate  (cost=358.66..358.67 rows=1 width=8)
	  ->  Index Scan using sbtest4_pkey on sbtest4  (cost=0.43..358.42 rows=93 width=4)
	        Index Cond: ((id >= 3827122) AND (id <= 3827221))

table 5 : explain SELECT SUM(k) FROM sbtest5 WHERE id BETWEEN 7808102 AND 7808201
	Aggregate  (cost=375.88..375.89 rows=1 width=8)
	  ->  Index Scan using sbtest5_pkey on sbtest5  (cost=0.43..375.64 rows=97 width=4)
	        Index Cond: ((id >= 7808102) AND (id <= 7808201))

table 6 : explain SELECT SUM(k) FROM sbtest6 WHERE id BETWEEN 2298480 AND 2298579
	Aggregate  (cost=351.87..351.88 rows=1 width=8)
	  ->  Index Scan using sbtest6_pkey on sbtest6  (cost=0.43..351.64 rows=91 width=4)
	        Index Cond: ((id >= 2298480) AND (id <= 2298579))

table 7 : explain SELECT SUM(k) FROM sbtest7 WHERE id BETWEEN 3931000 AND 3931099
	Aggregate  (cost=367.89..367.90 rows=1 width=8)
	  ->  Index Scan using sbtest7_pkey on sbtest7  (cost=0.43..367.66 rows=95 width=4)
	        Index Cond: ((id >= 3931000) AND (id <= 3931099))

table 8 : explain SELECT SUM(k) FROM sbtest8 WHERE id BETWEEN 129679 AND 129778
	Aggregate  (cost=384.13..384.14 rows=1 width=8)
	  ->  Index Scan using sbtest8_pkey on sbtest8  (cost=0.43..383.88 rows=100 width=4)
	        Index Cond: ((id >= 129679) AND (id <= 129778))

for: order_ranges
table 1 : explain SELECT c FROM sbtest1 WHERE id BETWEEN 5255106 AND 5255205 ORDER BY c
	Sort  (cost=406.41..406.67 rows=104 width=121)
	  Sort Key: c
	  ->  Index Scan using sbtest1_pkey on sbtest1  (cost=0.43..402.93 rows=104 width=121)
	        Index Cond: ((id >= 5255106) AND (id <= 5255205))

table 2 : explain SELECT c FROM sbtest2 WHERE id BETWEEN 919069 AND 919168 ORDER BY c
	Sort  (cost=401.83..402.09 rows=103 width=121)
	  Sort Key: c
	  ->  Index Scan using sbtest2_pkey on sbtest2  (cost=0.43..398.39 rows=103 width=121)
	        Index Cond: ((id >= 919069) AND (id <= 919168))

table 3 : explain SELECT c FROM sbtest3 WHERE id BETWEEN 82222 AND 82321 ORDER BY c
	Sort  (cost=424.34..424.62 rows=109 width=121)
	  Sort Key: c
	  ->  Index Scan using sbtest3_pkey on sbtest3  (cost=0.43..420.65 rows=109 width=121)
	        Index Cond: ((id >= 82222) AND (id <= 82321))

table 4 : explain SELECT c FROM sbtest4 WHERE id BETWEEN 5118633 AND 5118732 ORDER BY c
	Sort  (cost=388.42..388.67 rows=100 width=121)
	  Sort Key: c
	  ->  Index Scan using sbtest4_pkey on sbtest4  (cost=0.43..385.10 rows=100 width=121)
	        Index Cond: ((id >= 5118633) AND (id <= 5118732))

table 5 : explain SELECT c FROM sbtest5 WHERE id BETWEEN 6892153 AND 6892252 ORDER BY c
	Sort  (cost=409.75..410.01 rows=105 width=121)
	  Sort Key: c
	  ->  Index Scan using sbtest5_pkey on sbtest5  (cost=0.43..406.23 rows=105 width=121)
	        Index Cond: ((id >= 6892153) AND (id <= 6892252))

table 6 : explain SELECT c FROM sbtest6 WHERE id BETWEEN 442399 AND 442498 ORDER BY c
	Sort  (cost=381.62..381.87 rows=98 width=121)
	  Sort Key: c
	  ->  Index Scan using sbtest6_pkey on sbtest6  (cost=0.43..378.38 rows=98 width=121)
	        Index Cond: ((id >= 442399) AND (id <= 442498))

table 7 : explain SELECT c FROM sbtest7 WHERE id BETWEEN 7667693 AND 7667792 ORDER BY c
	Sort  (cost=397.80..398.05 rows=102 width=121)
	  Sort Key: c
	  ->  Index Scan using sbtest7_pkey on sbtest7  (cost=0.43..394.39 rows=102 width=121)
	        Index Cond: ((id >= 7667693) AND (id <= 7667792))

table 8 : explain SELECT c FROM sbtest8 WHERE id BETWEEN 682045 AND 682144 ORDER BY c
	Sort  (cost=387.20..387.45 rows=100 width=121)
	  Sort Key: c
	  ->  Index Scan using sbtest8_pkey on sbtest8  (cost=0.43..383.88 rows=100 width=121)
	        Index Cond: ((id >= 682045) AND (id <= 682144))

for point_selects
table 1 : explain SELECT c FROM sbtest1 WHERE id=6911234
	Index Scan using sbtest1_pkey on sbtest1  (cost=0.43..8.45 rows=1 width=121)
	  Index Cond: (id = 6911234)

table 2 : explain SELECT c FROM sbtest2 WHERE id=5177548
	Index Scan using sbtest2_pkey on sbtest2  (cost=0.43..8.45 rows=1 width=121)
	  Index Cond: (id = 5177548)

table 3 : explain SELECT c FROM sbtest3 WHERE id=4619975
	Index Scan using sbtest3_pkey on sbtest3  (cost=0.43..8.45 rows=1 width=121)
	  Index Cond: (id = 4619975)

table 4 : explain SELECT c FROM sbtest4 WHERE id=39531
	Index Scan using sbtest4_pkey on sbtest4  (cost=0.43..8.45 rows=1 width=121)
	  Index Cond: (id = 39531)

table 5 : explain SELECT c FROM sbtest5 WHERE id=6111143
	Index Scan using sbtest5_pkey on sbtest5  (cost=0.43..8.45 rows=1 width=121)
	  Index Cond: (id = 6111143)

table 6 : explain SELECT c FROM sbtest6 WHERE id=4289682
	Index Scan using sbtest6_pkey on sbtest6  (cost=0.43..8.45 rows=1 width=121)
	  Index Cond: (id = 4289682)

table 7 : explain SELECT c FROM sbtest7 WHERE id=3524652
	Index Scan using sbtest7_pkey on sbtest7  (cost=0.43..8.45 rows=1 width=121)
	  Index Cond: (id = 3524652)

table 8 : explain SELECT c FROM sbtest8 WHERE id=8708995
	Index Scan using sbtest8_pkey on sbtest8  (cost=0.43..8.45 rows=1 width=121)
	  Index Cond: (id = 8708995)

for: sum_ranges
table 1 : explain SELECT SUM(k) FROM sbtest1 WHERE id BETWEEN 3158506 AND 3158605
	Aggregate  (cost=364.83..364.84 rows=1 width=8)
	  ->  Index Scan using sbtest1_pkey on sbtest1  (cost=0.43..364.59 rows=94 width=4)
	        Index Cond: ((id >= 3158506) AND (id <= 3158605))

table 2 : explain SELECT SUM(k) FROM sbtest2 WHERE id BETWEEN 4901687 AND 4901786
	Aggregate  (cost=368.00..368.01 rows=1 width=8)
	  ->  Index Scan using sbtest2_pkey on sbtest2  (cost=0.43..367.77 rows=95 width=4)
	        Index Cond: ((id >= 4901687) AND (id <= 4901786))

table 3 : explain SELECT SUM(k) FROM sbtest3 WHERE id BETWEEN 1687907 AND 1688006
	Aggregate  (cost=382.75..382.76 rows=1 width=8)
	  ->  Index Scan using sbtest3_pkey on sbtest3  (cost=0.43..382.50 rows=99 width=4)
	        Index Cond: ((id >= 1687907) AND (id <= 1688006))

table 4 : explain SELECT SUM(k) FROM sbtest4 WHERE id BETWEEN 2057159 AND 2057258
	Aggregate  (cost=396.76..396.77 rows=1 width=8)
	  ->  Index Scan using sbtest4_pkey on sbtest4  (cost=0.43..396.51 rows=103 width=4)
	        Index Cond: ((id >= 2057159) AND (id <= 2057258))

table 5 : explain SELECT SUM(k) FROM sbtest5 WHERE id BETWEEN 392440 AND 392539
	Aggregate  (cost=379.71..379.72 rows=1 width=8)
	  ->  Index Scan using sbtest5_pkey on sbtest5  (cost=0.43..379.46 rows=98 width=4)
	        Index Cond: ((id >= 392440) AND (id <= 392539))

table 6 : explain SELECT SUM(k) FROM sbtest6 WHERE id BETWEEN 9714884 AND 9714983
	Aggregate  (cost=370.99..371.00 rows=1 width=8)
	  ->  Index Scan using sbtest6_pkey on sbtest6  (cost=0.43..370.75 rows=96 width=4)
	        Index Cond: ((id >= 9714884) AND (id <= 9714983))

table 7 : explain SELECT SUM(k) FROM sbtest7 WHERE id BETWEEN 6463208 AND 6463307
	Aggregate  (cost=360.25..360.26 rows=1 width=8)
	  ->  Index Scan using sbtest7_pkey on sbtest7  (cost=0.43..360.02 rows=93 width=4)
	        Index Cond: ((id >= 6463208) AND (id <= 6463307))

table 8 : explain SELECT SUM(k) FROM sbtest8 WHERE id BETWEEN 7434028 AND 7434127
	Aggregate  (cost=414.47..414.48 rows=1 width=8)
	  ->  Index Scan using sbtest8_pkey on sbtest8  (cost=0.43..414.20 rows=108 width=4)
	        Index Cond: ((id >= 7434028) AND (id <= 7434127))

explain: for point_selects :: explain SELECT c FROM sbtest%u WHERE id=%u
for: simple_ranges
table 1 : explain SELECT c FROM sbtest1 WHERE id BETWEEN 1254577 AND 1254676
	Index Scan using sbtest1_pkey on sbtest1  (cost=0.43..383.78 rows=99 width=121)
	  Index Cond: ((id >= 1254577) AND (id <= 1254676))

table 2 : explain SELECT c FROM sbtest2 WHERE id BETWEEN 6327189 AND 6327288
	Index Scan using sbtest2_pkey on sbtest2  (cost=0.43..386.92 rows=100 width=121)
	  Index Cond: ((id >= 6327189) AND (id <= 6327288))

table 3 : explain SELECT c FROM sbtest3 WHERE id BETWEEN 4517153 AND 4517252
	Index Scan using sbtest3_pkey on sbtest3  (cost=0.43..409.21 rows=106 width=121)
	  Index Cond: ((id >= 4517153) AND (id <= 4517252))

table 4 : explain SELECT c FROM sbtest4 WHERE id BETWEEN 3325943 AND 3326042
	Index Scan using sbtest4_pkey on sbtest4  (cost=0.43..392.70 rows=102 width=121)
	  Index Cond: ((id >= 3325943) AND (id <= 3326042))

table 5 : explain SELECT c FROM sbtest5 WHERE id BETWEEN 6900304 AND 6900403
	Index Scan using sbtest5_pkey on sbtest5  (cost=0.43..406.23 rows=105 width=121)
	  Index Cond: ((id >= 6900304) AND (id <= 6900403))

table 6 : explain SELECT c FROM sbtest6 WHERE id BETWEEN 2864239 AND 2864338
	Index Scan using sbtest6_pkey on sbtest6  (cost=0.43..378.38 rows=98 width=121)
	  Index Cond: ((id >= 2864239) AND (id <= 2864338))

table 7 : explain SELECT c FROM sbtest7 WHERE id BETWEEN 5670836 AND 5670935
	Index Scan using sbtest7_pkey on sbtest7  (cost=0.43..386.76 rows=100 width=121)
	  Index Cond: ((id >= 5670836) AND (id <= 5670935))

table 8 : explain SELECT c FROM sbtest8 WHERE id BETWEEN 9550875 AND 9550974
	Index Scan using sbtest8_pkey on sbtest8  (cost=0.43..368.72 rows=96 width=121)
	  Index Cond: ((id >= 9550875) AND (id <= 9550974))

explain: for point_selects :: explain SELECT c FROM sbtest%u WHERE id=%u
explain: for point_selects :: explain SELECT c FROM sbtest%u WHERE id=%u
for: distinct_ranges
table 1 : explain SELECT DISTINCT c FROM sbtest1 WHERE id BETWEEN 1378983 AND 1379082 ORDER BY c
	Unique  (cost=398.67..399.18 rows=102 width=121)
	  ->  Sort  (cost=398.67..398.93 rows=102 width=121)
	        Sort Key: c
	        ->  Index Scan using sbtest1_pkey on sbtest1  (cost=0.43..395.27 rows=102 width=121)
	              Index Cond: ((id >= 1378983) AND (id <= 1379082))

table 2 : explain SELECT DISTINCT c FROM sbtest2 WHERE id BETWEEN 7071017 AND 7071116 ORDER BY c
	Unique  (cost=409.55..410.08 rows=105 width=121)
	  ->  Sort  (cost=409.55..409.82 rows=105 width=121)
	        Sort Key: c
	        ->  Index Scan using sbtest2_pkey on sbtest2  (cost=0.43..406.03 rows=105 width=121)
	              Index Cond: ((id >= 7071017) AND (id <= 7071116))

table 3 : explain SELECT DISTINCT c FROM sbtest3 WHERE id BETWEEN 5796763 AND 5796862 ORDER BY c
	Unique  (cost=405.06..405.58 rows=104 width=121)
	  ->  Sort  (cost=405.06..405.32 rows=104 width=121)
	        Sort Key: c
	        ->  Index Scan using sbtest3_pkey on sbtest3  (cost=0.43..401.58 rows=104 width=121)
	              Index Cond: ((id >= 5796763) AND (id <= 5796862))

table 4 : explain SELECT DISTINCT c FROM sbtest4 WHERE id BETWEEN 3765589 AND 3765688 ORDER BY c
	Unique  (cost=376.89..377.38 rows=97 width=121)
	  ->  Sort  (cost=376.89..377.13 rows=97 width=121)
	        Sort Key: c
	        ->  Index Scan using sbtest4_pkey on sbtest4  (cost=0.43..373.69 rows=97 width=121)
	              Index Cond: ((id >= 3765589) AND (id <= 3765688))

table 5 : explain SELECT DISTINCT c FROM sbtest5 WHERE id BETWEEN 1366937 AND 1367036 ORDER BY c
	Unique  (cost=367.25..367.72 rows=94 width=121)
	  ->  Sort  (cost=367.25..367.49 rows=94 width=121)
	        Sort Key: c
	        ->  Index Scan using sbtest5_pkey on sbtest5  (cost=0.43..364.17 rows=94 width=121)
	              Index Cond: ((id >= 1366937) AND (id <= 1367036))

table 6 : explain SELECT DISTINCT c FROM sbtest6 WHERE id BETWEEN 8855975 AND 8856074 ORDER BY c
	Unique  (cost=370.06..370.54 rows=95 width=121)
	  ->  Sort  (cost=370.06..370.30 rows=95 width=121)
	        Sort Key: c
	        ->  Index Scan using sbtest6_pkey on sbtest6  (cost=0.43..366.94 rows=95 width=121)
	              Index Cond: ((id >= 8855975) AND (id <= 8856074))

table 7 : explain SELECT DISTINCT c FROM sbtest7 WHERE id BETWEEN 8635387 AND 8635486 ORDER BY c
	Unique  (cost=417.10..417.63 rows=107 width=121)
	  ->  Sort  (cost=417.10..417.37 rows=107 width=121)
	        Sort Key: c
	        ->  Index Scan using sbtest7_pkey on sbtest7  (cost=0.43..413.49 rows=107 width=121)
	              Index Cond: ((id >= 8635387) AND (id <= 8635486))

table 8 : explain SELECT DISTINCT c FROM sbtest8 WHERE id BETWEEN 764294 AND 764393 ORDER BY c
	Unique  (cost=364.22..364.69 rows=94 width=121)
	  ->  Sort  (cost=364.22..364.45 rows=94 width=121)
	        Sort Key: c
	        ->  Index Scan using sbtest8_pkey on sbtest8  (cost=0.43..361.13 rows=94 width=121)
	              Index Cond: ((id >= 764294) AND (id <= 764393))

for: order_ranges
table 1 : explain SELECT c FROM sbtest1 WHERE id BETWEEN 8028169 AND 8028268 ORDER BY c
	Sort  (cost=414.15..414.41 rows=106 width=121)
	  Sort Key: c
	  ->  Index Scan using sbtest1_pkey on sbtest1  (cost=0.43..410.58 rows=106 width=121)
	        Index Cond: ((id >= 8028169) AND (id <= 8028268))

table 2 : explain SELECT c FROM sbtest2 WHERE id BETWEEN 6539450 AND 6539549 ORDER BY c
	Sort  (cost=370.89..371.12 rows=95 width=121)
	  Sort Key: c
	  ->  Index Scan using sbtest2_pkey on sbtest2  (cost=0.43..367.77 rows=95 width=121)
	        Index Cond: ((id >= 6539450) AND (id <= 6539549))

table 3 : explain SELECT c FROM sbtest3 WHERE id BETWEEN 4115645 AND 4115744 ORDER BY c
	Sort  (cost=416.63..416.90 rows=107 width=121)
	  Sort Key: c
	  ->  Index Scan using sbtest3_pkey on sbtest3  (cost=0.43..413.02 rows=107 width=121)
	        Index Cond: ((id >= 4115645) AND (id <= 4115744))

table 4 : explain SELECT c FROM sbtest4 WHERE id BETWEEN 3796321 AND 3796420 ORDER BY c
	Sort  (cost=361.46..361.70 rows=93 width=121)
	  Sort Key: c
	  ->  Index Scan using sbtest4_pkey on sbtest4  (cost=0.43..358.42 rows=93 width=121)
	        Index Cond: ((id >= 3796321) AND (id <= 3796420))

table 5 : explain SELECT c FROM sbtest5 WHERE id BETWEEN 1032885 AND 1032984 ORDER BY c
	Sort  (cost=402.02..402.28 rows=103 width=121)
	  Sort Key: c
	  ->  Index Scan using sbtest5_pkey on sbtest5  (cost=0.43..398.58 rows=103 width=121)
	        Index Cond: ((id >= 1032885) AND (id <= 1032984))

table 6 : explain SELECT c FROM sbtest6 WHERE id BETWEEN 4308930 AND 4309029 ORDER BY c
	Sort  (cost=385.47..385.72 rows=99 width=121)
	  Sort Key: c
	  ->  Index Scan using sbtest6_pkey on sbtest6  (cost=0.43..382.19 rows=99 width=121)
	        Index Cond: ((id >= 4308930) AND (id <= 4309029))

table 7 : explain SELECT c FROM sbtest7 WHERE id BETWEEN 1612010 AND 1612109 ORDER BY c
	Sort  (cost=378.50..378.74 rows=97 width=121)
	  Sort Key: c
	  ->  Index Scan using sbtest7_pkey on sbtest7  (cost=0.43..375.30 rows=97 width=121)
	        Index Cond: ((id >= 1612010) AND (id <= 1612109))

table 8 : explain SELECT c FROM sbtest8 WHERE id BETWEEN 2668499 AND 2668598 ORDER BY c
	Sort  (cost=394.86..395.12 rows=102 width=121)
	  Sort Key: c
	  ->  Index Scan using sbtest8_pkey on sbtest8  (cost=0.43..391.46 rows=102 width=121)
	        Index Cond: ((id >= 2668499) AND (id <= 2668598))

explain: for point_selects :: explain SELECT c FROM sbtest%u WHERE id=%u
for: distinct_ranges
table 1 : explain SELECT DISTINCT c FROM sbtest1 WHERE id BETWEEN 9119170 AND 9119269 ORDER BY c
	Unique  (cost=390.93..391.43 rows=100 width=121)
	  ->  Sort  (cost=390.93..391.18 rows=100 width=121)
	        Sort Key: c
	        ->  Index Scan using sbtest1_pkey on sbtest1  (cost=0.43..387.61 rows=100 width=121)
	              Index Cond: ((id >= 9119170) AND (id <= 9119269))

table 2 : explain SELECT DISTINCT c FROM sbtest2 WHERE id BETWEEN 5498730 AND 5498829 ORDER BY c
	Unique  (cost=382.52..383.01 rows=98 width=121)
	  ->  Sort  (cost=382.52..382.77 rows=98 width=121)
	        Sort Key: c
	        ->  Index Scan using sbtest2_pkey on sbtest2  (cost=0.43..379.28 rows=98 width=121)
	              Index Cond: ((id >= 5498730) AND (id <= 5498829))

table 3 : explain SELECT DISTINCT c FROM sbtest3 WHERE id BETWEEN 3854889 AND 3854988 ORDER BY c
	Unique  (cost=385.78..386.28 rows=99 width=121)
	  ->  Sort  (cost=385.78..386.03 rows=99 width=121)
	        Sort Key: c
	        ->  Index Scan using sbtest3_pkey on sbtest3  (cost=0.43..382.50 rows=99 width=121)
	              Index Cond: ((id >= 3854889) AND (id <= 3854988))

table 4 : explain SELECT DISTINCT c FROM sbtest4 WHERE id BETWEEN 6835671 AND 6835770 ORDER BY c
	Unique  (cost=373.05..373.53 rows=96 width=121)
	  ->  Sort  (cost=373.05..373.29 rows=96 width=121)
	        Sort Key: c
	        ->  Index Scan using sbtest4_pkey on sbtest4  (cost=0.43..369.89 rows=96 width=121)
	              Index Cond: ((id >= 6835671) AND (id <= 6835770))

table 5 : explain SELECT DISTINCT c FROM sbtest5 WHERE id BETWEEN 4711048 AND 4711147 ORDER BY c
	Unique  (cost=405.89..406.41 rows=104 width=121)
	  ->  Sort  (cost=405.89..406.15 rows=104 width=121)
	        Sort Key: c
	        ->  Index Scan using sbtest5_pkey on sbtest5  (cost=0.43..402.40 rows=104 width=121)
	              Index Cond: ((id >= 4711048) AND (id <= 4711147))

table 6 : explain SELECT DISTINCT c FROM sbtest6 WHERE id BETWEEN 5463415 AND 5463514 ORDER BY c
	Unique  (cost=389.32..389.82 rows=100 width=121)
	  ->  Sort  (cost=389.32..389.57 rows=100 width=121)
	        Sort Key: c
	        ->  Index Scan using sbtest6_pkey on sbtest6  (cost=0.43..386.00 rows=100 width=121)
	              Index Cond: ((id >= 5463415) AND (id <= 5463514))

table 7 : explain SELECT DISTINCT c FROM sbtest7 WHERE id BETWEEN 1853048 AND 1853147 ORDER BY c
	Unique  (cost=397.80..398.31 rows=102 width=121)
	  ->  Sort  (cost=397.80..398.05 rows=102 width=121)
	        Sort Key: c
	        ->  Index Scan using sbtest7_pkey on sbtest7  (cost=0.43..394.39 rows=102 width=121)
	              Index Cond: ((id >= 1853048) AND (id <= 1853147))

table 8 : explain SELECT DISTINCT c FROM sbtest8 WHERE id BETWEEN 5116070 AND 5116169 ORDER BY c
	Unique  (cost=375.71..376.19 rows=97 width=121)
	  ->  Sort  (cost=375.71..375.95 rows=97 width=121)
	        Sort Key: c
	        ->  Index Scan using sbtest8_pkey on sbtest8  (cost=0.43..372.51 rows=97 width=121)
	              Index Cond: ((id >= 5116070) AND (id <= 5116169))

for: distinct_ranges
table 1 : explain SELECT DISTINCT c FROM sbtest1 WHERE id BETWEEN 2372792 AND 2372891 ORDER BY c
	Unique  (cost=406.41..406.93 rows=104 width=121)
	  ->  Sort  (cost=406.41..406.67 rows=104 width=121)
	        Sort Key: c
	        ->  Index Scan using sbtest1_pkey on sbtest1  (cost=0.43..402.93 rows=104 width=121)
	              Index Cond: ((id >= 2372792) AND (id <= 2372891))

table 2 : explain SELECT DISTINCT c FROM sbtest2 WHERE id BETWEEN 4594025 AND 4594124 ORDER BY c
	Unique  (cost=359.30..359.76 rows=92 width=121)
	  ->  Sort  (cost=359.30..359.53 rows=92 width=121)
	        Sort Key: c
	        ->  Index Scan using sbtest2_pkey on sbtest2  (cost=0.43..356.30 rows=92 width=121)
	              Index Cond: ((id >= 4594025) AND (id <= 4594124))

table 3 : explain SELECT DISTINCT c FROM sbtest3 WHERE id BETWEEN 4259192 AND 4259291 ORDER BY c
	Unique  (cost=416.63..417.17 rows=107 width=121)
	  ->  Sort  (cost=416.63..416.90 rows=107 width=121)
	        Sort Key: c
	        ->  Index Scan using sbtest3_pkey on sbtest3  (cost=0.43..413.02 rows=107 width=121)
	              Index Cond: ((id >= 4259192) AND (id <= 4259291))

table 4 : explain SELECT DISTINCT c FROM sbtest4 WHERE id BETWEEN 1346393 AND 1346492 ORDER BY c
	Unique  (cost=411.48..412.01 rows=106 width=121)
	  ->  Sort  (cost=411.48..411.75 rows=106 width=121)
	        Sort Key: c
	        ->  Index Scan using sbtest4_pkey on sbtest4  (cost=0.43..407.91 rows=106 width=121)
	              Index Cond: ((id >= 1346393) AND (id <= 1346492))

table 5 : explain SELECT DISTINCT c FROM sbtest5 WHERE id BETWEEN 215787 AND 215886 ORDER BY c
	Unique  (cost=367.25..367.72 rows=94 width=121)
	  ->  Sort  (cost=367.25..367.49 rows=94 width=121)
	        Sort Key: c
	        ->  Index Scan using sbtest5_pkey on sbtest5  (cost=0.43..364.17 rows=94 width=121)
	              Index Cond: ((id >= 215787) AND (id <= 215886))

table 6 : explain SELECT DISTINCT c FROM sbtest6 WHERE id BETWEEN 1087873 AND 1087972 ORDER BY c
	Unique  (cost=385.47..385.97 rows=99 width=121)
	  ->  Sort  (cost=385.47..385.72 rows=99 width=121)
	        Sort Key: c
	        ->  Index Scan using sbtest6_pkey on sbtest6  (cost=0.43..382.19 rows=99 width=121)
	              Index Cond: ((id >= 1087873) AND (id <= 1087972))

table 7 : explain SELECT DISTINCT c FROM sbtest7 WHERE id BETWEEN 2474181 AND 2474280 ORDER BY c
	Unique  (cost=378.50..378.98 rows=97 width=121)
	  ->  Sort  (cost=378.50..378.74 rows=97 width=121)
	        Sort Key: c
	        ->  Index Scan using sbtest7_pkey on sbtest7  (cost=0.43..375.30 rows=97 width=121)
	              Index Cond: ((id >= 2474181) AND (id <= 2474280))

table 8 : explain SELECT DISTINCT c FROM sbtest8 WHERE id BETWEEN 4965748 AND 4965847 ORDER BY c
	Unique  (cost=406.35..406.88 rows=105 width=121)
	  ->  Sort  (cost=406.35..406.62 rows=105 width=121)
	        Sort Key: c
	        ->  Index Scan using sbtest8_pkey on sbtest8  (cost=0.43..402.83 rows=105 width=121)
	              Index Cond: ((id >= 4965748) AND (id <= 4965847))

for: distinct_ranges
table 1 : explain SELECT DISTINCT c FROM sbtest1 WHERE id BETWEEN 3653817 AND 3653916 ORDER BY c
	Unique  (cost=352.20..352.65 rows=90 width=121)
	  ->  Sort  (cost=352.20..352.43 rows=90 width=121)
	        Sort Key: c
	        ->  Index Scan using sbtest1_pkey on sbtest1  (cost=0.43..349.28 rows=90 width=121)
	              Index Cond: ((id >= 3653817) AND (id <= 3653916))

table 2 : explain SELECT DISTINCT c FROM sbtest2 WHERE id BETWEEN 3115404 AND 3115503 ORDER BY c
	Unique  (cost=367.02..367.49 rows=94 width=121)
	  ->  Sort  (cost=367.02..367.26 rows=94 width=121)
	        Sort Key: c
	        ->  Index Scan using sbtest2_pkey on sbtest2  (cost=0.43..363.94 rows=94 width=121)
	              Index Cond: ((id >= 3115404) AND (id <= 3115503))

table 3 : explain SELECT DISTINCT c FROM sbtest3 WHERE id BETWEEN 3883189 AND 3883288 ORDER BY c
	Unique  (cost=385.78..386.28 rows=99 width=121)
	  ->  Sort  (cost=385.78..386.03 rows=99 width=121)
	        Sort Key: c
	        ->  Index Scan using sbtest3_pkey on sbtest3  (cost=0.43..382.50 rows=99 width=121)
	              Index Cond: ((id >= 3883189) AND (id <= 3883288))

table 4 : explain SELECT DISTINCT c FROM sbtest4 WHERE id BETWEEN 2353946 AND 2354045 ORDER BY c
	Unique  (cost=373.05..373.53 rows=96 width=121)
	  ->  Sort  (cost=373.05..373.29 rows=96 width=121)
	        Sort Key: c
	        ->  Index Scan using sbtest4_pkey on sbtest4  (cost=0.43..369.89 rows=96 width=121)
	              Index Cond: ((id >= 2353946) AND (id <= 2354045))

table 5 : explain SELECT DISTINCT c FROM sbtest5 WHERE id BETWEEN 6850394 AND 6850493 ORDER BY c
	Unique  (cost=409.75..410.28 rows=105 width=121)
	  ->  Sort  (cost=409.75..410.01 rows=105 width=121)
	        Sort Key: c
	        ->  Index Scan using sbtest5_pkey on sbtest5  (cost=0.43..406.23 rows=105 width=121)
	              Index Cond: ((id >= 6850394) AND (id <= 6850493))

table 6 : explain SELECT DISTINCT c FROM sbtest6 WHERE id BETWEEN 2736829 AND 2736928 ORDER BY c
	Unique  (cost=420.15..420.69 rows=108 width=121)
	  ->  Sort  (cost=420.15..420.42 rows=108 width=121)
	        Sort Key: c
	        ->  Index Scan using sbtest6_pkey on sbtest6  (cost=0.43..416.50 rows=108 width=121)
	              Index Cond: ((id >= 2736829) AND (id <= 2736928))

table 7 : explain SELECT DISTINCT c FROM sbtest7 WHERE id BETWEEN 3683006 AND 3683105 ORDER BY c
	Unique  (cost=366.92..367.39 rows=94 width=121)
	  ->  Sort  (cost=366.92..367.15 rows=94 width=121)
	        Sort Key: c
	        ->  Index Scan using sbtest7_pkey on sbtest7  (cost=0.43..363.84 rows=94 width=121)
	              Index Cond: ((id >= 3683006) AND (id <= 3683105))

table 8 : explain SELECT DISTINCT c FROM sbtest8 WHERE id BETWEEN 9462184 AND 9462283 ORDER BY c
	Unique  (cost=383.37..383.86 rows=99 width=121)
	  ->  Sort  (cost=383.37..383.62 rows=99 width=121)
	        Sort Key: c
	        ->  Index Scan using sbtest8_pkey on sbtest8  (cost=0.43..380.09 rows=99 width=121)
	              Index Cond: ((id >= 9462184) AND (id <= 9462283))

explain: for index_updates :: explain UPDATE sbtest%u SET k=k+1 WHERE id=%u
explain: for index_updates :: explain UPDATE sbtest%u SET k=k+1 WHERE id=%u
explain: for index_updates :: explain UPDATE sbtest%u SET k=k+1 WHERE id=%u
explain: for index_updates :: explain UPDATE sbtest%u SET k=k+1 WHERE id=%u
for index_updates
table 1 : explain UPDATE sbtest1 SET k=k+1 WHERE id=2859027
	Update on sbtest1  (cost=0.43..8.46 rows=0 width=0)
	  ->  Index Scan using sbtest1_pkey on sbtest1  (cost=0.43..8.46 rows=1 width=10)
	        Index Cond: (id = 2859027)

table 2 : explain UPDATE sbtest2 SET k=k+1 WHERE id=3170572
	Update on sbtest2  (cost=0.43..8.46 rows=0 width=0)
	  ->  Index Scan using sbtest2_pkey on sbtest2  (cost=0.43..8.46 rows=1 width=10)
	        Index Cond: (id = 3170572)

table 3 : explain UPDATE sbtest3 SET k=k+1 WHERE id=8435461
	Update on sbtest3  (cost=0.43..8.46 rows=0 width=0)
	  ->  Index Scan using sbtest3_pkey on sbtest3  (cost=0.43..8.46 rows=1 width=10)
	        Index Cond: (id = 8435461)

table 4 : explain UPDATE sbtest4 SET k=k+1 WHERE id=8015848
	Update on sbtest4  (cost=0.43..8.46 rows=0 width=0)
	  ->  Index Scan using sbtest4_pkey on sbtest4  (cost=0.43..8.46 rows=1 width=10)
	        Index Cond: (id = 8015848)

table 5 : explain UPDATE sbtest5 SET k=k+1 WHERE id=4597562
	Update on sbtest5  (cost=0.43..8.46 rows=0 width=0)
	  ->  Index Scan using sbtest5_pkey on sbtest5  (cost=0.43..8.46 rows=1 width=10)
	        Index Cond: (id = 4597562)

table 6 : explain UPDATE sbtest6 SET k=k+1 WHERE id=3301511
	Update on sbtest6  (cost=0.43..8.46 rows=0 width=0)
	  ->  Index Scan using sbtest6_pkey on sbtest6  (cost=0.43..8.46 rows=1 width=10)
	        Index Cond: (id = 3301511)

table 7 : explain UPDATE sbtest7 SET k=k+1 WHERE id=6305248
	Update on sbtest7  (cost=0.43..8.46 rows=0 width=0)
	  ->  Index Scan using sbtest7_pkey on sbtest7  (cost=0.43..8.46 rows=1 width=10)
	        Index Cond: (id = 6305248)

table 8 : explain UPDATE sbtest8 SET k=k+1 WHERE id=8675779
	Update on sbtest8  (cost=0.43..8.46 rows=0 width=0)
	  ->  Index Scan using sbtest8_pkey on sbtest8  (cost=0.43..8.46 rows=1 width=10)
	        Index Cond: (id = 8675779)

for index_updates
table 1 : explain UPDATE sbtest1 SET k=k+1 WHERE id=7325314
	Update on sbtest1  (cost=0.43..8.46 rows=0 width=0)
	  ->  Index Scan using sbtest1_pkey on sbtest1  (cost=0.43..8.46 rows=1 width=10)
	        Index Cond: (id = 7325314)

table 2 : explain UPDATE sbtest2 SET k=k+1 WHERE id=8860878
	Update on sbtest2  (cost=0.43..8.46 rows=0 width=0)
	  ->  Index Scan using sbtest2_pkey on sbtest2  (cost=0.43..8.46 rows=1 width=10)
	        Index Cond: (id = 8860878)

table 3 : explain UPDATE sbtest3 SET k=k+1 WHERE id=19094
	Update on sbtest3  (cost=0.43..8.46 rows=0 width=0)
	  ->  Index Scan using sbtest3_pkey on sbtest3  (cost=0.43..8.46 rows=1 width=10)
	        Index Cond: (id = 19094)

table 4 : explain UPDATE sbtest4 SET k=k+1 WHERE id=7833739
	Update on sbtest4  (cost=0.43..8.46 rows=0 width=0)
	  ->  Index Scan using sbtest4_pkey on sbtest4  (cost=0.43..8.46 rows=1 width=10)
	        Index Cond: (id = 7833739)

table 5 : explain UPDATE sbtest5 SET k=k+1 WHERE id=7725087
	Update on sbtest5  (cost=0.43..8.46 rows=0 width=0)
	  ->  Index Scan using sbtest5_pkey on sbtest5  (cost=0.43..8.46 rows=1 width=10)
	        Index Cond: (id = 7725087)

table 6 : explain UPDATE sbtest6 SET k=k+1 WHERE id=6289336
	Update on sbtest6  (cost=0.43..8.46 rows=0 width=0)
	  ->  Index Scan using sbtest6_pkey on sbtest6  (cost=0.43..8.46 rows=1 width=10)
	        Index Cond: (id = 6289336)

table 7 : explain UPDATE sbtest7 SET k=k+1 WHERE id=8032581
	Update on sbtest7  (cost=0.43..8.46 rows=0 width=0)
	  ->  Index Scan using sbtest7_pkey on sbtest7  (cost=0.43..8.46 rows=1 width=10)
	        Index Cond: (id = 8032581)

table 8 : explain UPDATE sbtest8 SET k=k+1 WHERE id=6298339
	Update on sbtest8  (cost=0.43..8.46 rows=0 width=0)
	  ->  Index Scan using sbtest8_pkey on sbtest8  (cost=0.43..8.46 rows=1 width=10)
	        Index Cond: (id = 6298339)

for point_selects
table 1 : explain SELECT c FROM sbtest1 WHERE id=8985657
	Index Scan using sbtest1_pkey on sbtest1  (cost=0.43..8.45 rows=1 width=121)
	  Index Cond: (id = 8985657)

table 2 : explain SELECT c FROM sbtest2 WHERE id=916539
	Index Scan using sbtest2_pkey on sbtest2  (cost=0.43..8.45 rows=1 width=121)
	  Index Cond: (id = 916539)

table 3 : explain SELECT c FROM sbtest3 WHERE id=3429331
	Index Scan using sbtest3_pkey on sbtest3  (cost=0.43..8.45 rows=1 width=121)
	  Index Cond: (id = 3429331)

table 4 : explain SELECT c FROM sbtest4 WHERE id=7599696
	Index Scan using sbtest4_pkey on sbtest4  (cost=0.43..8.45 rows=1 width=121)
	  Index Cond: (id = 7599696)

table 5 : explain SELECT c FROM sbtest5 WHERE id=1541500
	Index Scan using sbtest5_pkey on sbtest5  (cost=0.43..8.45 rows=1 width=121)
	  Index Cond: (id = 1541500)

table 6 : explain SELECT c FROM sbtest6 WHERE id=3876216
	Index Scan using sbtest6_pkey on sbtest6  (cost=0.43..8.45 rows=1 width=121)
	  Index Cond: (id = 3876216)

table 7 : explain SELECT c FROM sbtest7 WHERE id=3122588
	Index Scan using sbtest7_pkey on sbtest7  (cost=0.43..8.45 rows=1 width=121)
	  Index Cond: (id = 3122588)

table 8 : explain SELECT c FROM sbtest8 WHERE id=8735445
	Index Scan using sbtest8_pkey on sbtest8  (cost=0.43..8.45 rows=1 width=121)
	  Index Cond: (id = 8735445)

for index_updates
table 1 : explain UPDATE sbtest1 SET k=k+1 WHERE id=2229871
	Update on sbtest1  (cost=0.43..8.46 rows=0 width=0)
	  ->  Index Scan using sbtest1_pkey on sbtest1  (cost=0.43..8.46 rows=1 width=10)
	        Index Cond: (id = 2229871)

table 2 : explain UPDATE sbtest2 SET k=k+1 WHERE id=1886705
	Update on sbtest2  (cost=0.43..8.46 rows=0 width=0)
	  ->  Index Scan using sbtest2_pkey on sbtest2  (cost=0.43..8.46 rows=1 width=10)
	        Index Cond: (id = 1886705)

table 3 : explain UPDATE sbtest3 SET k=k+1 WHERE id=6169522
	Update on sbtest3  (cost=0.43..8.46 rows=0 width=0)
	  ->  Index Scan using sbtest3_pkey on sbtest3  (cost=0.43..8.46 rows=1 width=10)
	        Index Cond: (id = 6169522)

table 4 : explain UPDATE sbtest4 SET k=k+1 WHERE id=7089900
	Update on sbtest4  (cost=0.43..8.46 rows=0 width=0)
	  ->  Index Scan using sbtest4_pkey on sbtest4  (cost=0.43..8.46 rows=1 width=10)
	        Index Cond: (id = 7089900)

table 5 : explain UPDATE sbtest5 SET k=k+1 WHERE id=4766773
	Update on sbtest5  (cost=0.43..8.46 rows=0 width=0)
	  ->  Index Scan using sbtest5_pkey on sbtest5  (cost=0.43..8.46 rows=1 width=10)
	        Index Cond: (id = 4766773)

table 6 : explain UPDATE sbtest6 SET k=k+1 WHERE id=1535924
	Update on sbtest6  (cost=0.43..8.46 rows=0 width=0)
	  ->  Index Scan using sbtest6_pkey on sbtest6  (cost=0.43..8.46 rows=1 width=10)
	        Index Cond: (id = 1535924)

table 7 : explain UPDATE sbtest7 SET k=k+1 WHERE id=9385084
	Update on sbtest7  (cost=0.43..8.46 rows=0 width=0)
	  ->  Index Scan using sbtest7_pkey on sbtest7  (cost=0.43..8.46 rows=1 width=10)
	        Index Cond: (id = 9385084)

table 8 : explain UPDATE sbtest8 SET k=k+1 WHERE id=4560480
	Update on sbtest8  (cost=0.43..8.46 rows=0 width=0)
	  ->  Index Scan using sbtest8_pkey on sbtest8  (cost=0.43..8.46 rows=1 width=10)
	        Index Cond: (id = 4560480)

for: distinct_ranges
table 1 : explain SELECT DISTINCT c FROM sbtest1 WHERE id BETWEEN 6215816 AND 6215915 ORDER BY c
	Unique  (cost=371.54..372.02 rows=95 width=121)
	  ->  Sort  (cost=371.54..371.78 rows=95 width=121)
	        Sort Key: c
	        ->  Index Scan using sbtest1_pkey on sbtest1  (cost=0.43..368.42 rows=95 width=121)
	              Index Cond: ((id >= 6215816) AND (id <= 6215915))

table 2 : explain SELECT DISTINCT c FROM sbtest2 WHERE id BETWEEN 5194626 AND 5194725 ORDER BY c
	Unique  (cost=428.87..429.42 rows=110 width=121)
	  ->  Sort  (cost=428.87..429.14 rows=110 width=121)
	        Sort Key: c
	        ->  Index Scan using sbtest2_pkey on sbtest2  (cost=0.43..425.14 rows=110 width=121)
	              Index Cond: ((id >= 5194626) AND (id <= 5194725))

table 3 : explain SELECT DISTINCT c FROM sbtest3 WHERE id BETWEEN 4041641 AND 4041740 ORDER BY c
	Unique  (cost=397.35..397.86 rows=102 width=121)
	  ->  Sort  (cost=397.35..397.61 rows=102 width=121)
	        Sort Key: c
	        ->  Index Scan using sbtest3_pkey on sbtest3  (cost=0.43..393.95 rows=102 width=121)
	              Index Cond: ((id >= 4041641) AND (id <= 4041740))

table 4 : explain SELECT DISTINCT c FROM sbtest4 WHERE id BETWEEN 4198580 AND 4198679 ORDER BY c
	Unique  (cost=411.48..412.01 rows=106 width=121)
	  ->  Sort  (cost=411.48..411.75 rows=106 width=121)
	        Sort Key: c
	        ->  Index Scan using sbtest4_pkey on sbtest4  (cost=0.43..407.91 rows=106 width=121)
	              Index Cond: ((id >= 4198580) AND (id <= 4198679))

table 5 : explain SELECT DISTINCT c FROM sbtest5 WHERE id BETWEEN 6835667 AND 6835766 ORDER BY c
	Unique  (cost=409.75..410.28 rows=105 width=121)
	  ->  Sort  (cost=409.75..410.01 rows=105 width=121)
	        Sort Key: c
	        ->  Index Scan using sbtest5_pkey on sbtest5  (cost=0.43..406.23 rows=105 width=121)
	              Index Cond: ((id >= 6835667) AND (id <= 6835766))

table 6 : explain SELECT DISTINCT c FROM sbtest6 WHERE id BETWEEN 8332823 AND 8332922 ORDER BY c
	Unique  (cost=373.92..374.40 rows=96 width=121)
	  ->  Sort  (cost=373.92..374.16 rows=96 width=121)
	        Sort Key: c
	        ->  Index Scan using sbtest6_pkey on sbtest6  (cost=0.43..370.75 rows=96 width=121)
	              Index Cond: ((id >= 8332823) AND (id <= 8332922))

table 7 : explain SELECT DISTINCT c FROM sbtest7 WHERE id BETWEEN 8607285 AND 8607384 ORDER BY c
	Unique  (cost=397.80..398.31 rows=102 width=121)
	  ->  Sort  (cost=397.80..398.05 rows=102 width=121)
	        Sort Key: c
	        ->  Index Scan using sbtest7_pkey on sbtest7  (cost=0.43..394.39 rows=102 width=121)
	              Index Cond: ((id >= 8607285) AND (id <= 8607384))

table 8 : explain SELECT DISTINCT c FROM sbtest8 WHERE id BETWEEN 6457837 AND 6457936 ORDER BY c
	Unique  (cost=352.67..353.12 rows=91 width=121)
	  ->  Sort  (cost=352.67..352.89 rows=91 width=121)
	        Sort Key: c
	        ->  Index Scan using sbtest8_pkey on sbtest8  (cost=0.43..349.71 rows=91 width=121)
	              Index Cond: ((id >= 6457837) AND (id <= 6457936))

for index_updates
table 1 : explain UPDATE sbtest1 SET k=k+1 WHERE id=9757055
	Update on sbtest1  (cost=0.43..8.46 rows=0 width=0)
	  ->  Index Scan using sbtest1_pkey on sbtest1  (cost=0.43..8.46 rows=1 width=10)
	        Index Cond: (id = 9757055)

table 2 : explain UPDATE sbtest2 SET k=k+1 WHERE id=3972639
	Update on sbtest2  (cost=0.43..8.46 rows=0 width=0)
	  ->  Index Scan using sbtest2_pkey on sbtest2  (cost=0.43..8.46 rows=1 width=10)
	        Index Cond: (id = 3972639)

table 3 : explain UPDATE sbtest3 SET k=k+1 WHERE id=5680104
	Update on sbtest3  (cost=0.43..8.46 rows=0 width=0)
	  ->  Index Scan using sbtest3_pkey on sbtest3  (cost=0.43..8.46 rows=1 width=10)
	        Index Cond: (id = 5680104)

table 4 : explain UPDATE sbtest4 SET k=k+1 WHERE id=70618
	Update on sbtest4  (cost=0.43..8.46 rows=0 width=0)
	  ->  Index Scan using sbtest4_pkey on sbtest4  (cost=0.43..8.46 rows=1 width=10)
	        Index Cond: (id = 70618)

table 5 : explain UPDATE sbtest5 SET k=k+1 WHERE id=3128874
	Update on sbtest5  (cost=0.43..8.46 rows=0 width=0)
	  ->  Index Scan using sbtest5_pkey on sbtest5  (cost=0.43..8.46 rows=1 width=10)
	        Index Cond: (id = 3128874)

table 6 : explain UPDATE sbtest6 SET k=k+1 WHERE id=801131
	Update on sbtest6  (cost=0.43..8.46 rows=0 width=0)
	  ->  Index Scan using sbtest6_pkey on sbtest6  (cost=0.43..8.46 rows=1 width=10)
	        Index Cond: (id = 801131)

table 7 : explain UPDATE sbtest7 SET k=k+1 WHERE id=5190250
	Update on sbtest7  (cost=0.43..8.46 rows=0 width=0)
	  ->  Index Scan using sbtest7_pkey on sbtest7  (cost=0.43..8.46 rows=1 width=10)
	        Index Cond: (id = 5190250)

table 8 : explain UPDATE sbtest8 SET k=k+1 WHERE id=809944
	Update on sbtest8  (cost=0.43..8.46 rows=0 width=0)
	  ->  Index Scan using sbtest8_pkey on sbtest8  (cost=0.43..8.46 rows=1 width=10)
	        Index Cond: (id = 809944)

explain: for non_index_updates :: explain UPDATE sbtest%u SET c='foobar' WHERE id=%u
for: simple_ranges
table 1 : explain SELECT c FROM sbtest1 WHERE id BETWEEN 6928824 AND 6928923
	Index Scan using sbtest1_pkey on sbtest1  (cost=0.43..410.58 rows=106 width=121)
	  Index Cond: ((id >= 6928824) AND (id <= 6928923))

table 2 : explain SELECT c FROM sbtest2 WHERE id BETWEEN 8281881 AND 8281980
	Index Scan using sbtest2_pkey on sbtest2  (cost=0.43..409.85 rows=106 width=121)
	  Index Cond: ((id >= 8281881) AND (id <= 8281980))

table 3 : explain SELECT c FROM sbtest3 WHERE id BETWEEN 1155229 AND 1155328
	Index Scan using sbtest3_pkey on sbtest3  (cost=0.43..393.95 rows=102 width=121)
	  Index Cond: ((id >= 1155229) AND (id <= 1155328))

table 4 : explain SELECT c FROM sbtest4 WHERE id BETWEEN 3182079 AND 3182178
	Index Scan using sbtest4_pkey on sbtest4  (cost=0.43..377.49 rows=98 width=121)
	  Index Cond: ((id >= 3182079) AND (id <= 3182178))

table 5 : explain SELECT c FROM sbtest5 WHERE id BETWEEN 2682120 AND 2682219
	Index Scan using sbtest5_pkey on sbtest5  (cost=0.43..364.17 rows=94 width=121)
	  Index Cond: ((id >= 2682120) AND (id <= 2682219))

table 6 : explain SELECT c FROM sbtest6 WHERE id BETWEEN 3385752 AND 3385851
	Index Scan using sbtest6_pkey on sbtest6  (cost=0.43..431.75 rows=112 width=121)
	  Index Cond: ((id >= 3385752) AND (id <= 3385851))

table 7 : explain SELECT c FROM sbtest7 WHERE id BETWEEN 3400154 AND 3400253
	Index Scan using sbtest7_pkey on sbtest7  (cost=0.43..371.48 rows=96 width=121)
	  Index Cond: ((id >= 3400154) AND (id <= 3400253))

table 8 : explain SELECT c FROM sbtest8 WHERE id BETWEEN 2987271 AND 2987370
	Index Scan using sbtest8_pkey on sbtest8  (cost=0.43..353.50 rows=92 width=121)
	  Index Cond: ((id >= 2987271) AND (id <= 2987370))

for point_selects
table 1 : explain SELECT c FROM sbtest1 WHERE id=4421291
	Index Scan using sbtest1_pkey on sbtest1  (cost=0.43..8.45 rows=1 width=121)
	  Index Cond: (id = 4421291)

table 2 : explain SELECT c FROM sbtest2 WHERE id=8165742
	Index Scan using sbtest2_pkey on sbtest2  (cost=0.43..8.45 rows=1 width=121)
	  Index Cond: (id = 8165742)

table 3 : explain SELECT c FROM sbtest3 WHERE id=3695758
	Index Scan using sbtest3_pkey on sbtest3  (cost=0.43..8.45 rows=1 width=121)
	  Index Cond: (id = 3695758)

table 4 : explain SELECT c FROM sbtest4 WHERE id=1502532
	Index Scan using sbtest4_pkey on sbtest4  (cost=0.43..8.45 rows=1 width=121)
	  Index Cond: (id = 1502532)

table 5 : explain SELECT c FROM sbtest5 WHERE id=3315712
	Index Scan using sbtest5_pkey on sbtest5  (cost=0.43..8.45 rows=1 width=121)
	  Index Cond: (id = 3315712)

table 6 : explain SELECT c FROM sbtest6 WHERE id=7915427
	Index Scan using sbtest6_pkey on sbtest6  (cost=0.43..8.45 rows=1 width=121)
	  Index Cond: (id = 7915427)

table 7 : explain SELECT c FROM sbtest7 WHERE id=7940560
	Index Scan using sbtest7_pkey on sbtest7  (cost=0.43..8.45 rows=1 width=121)
	  Index Cond: (id = 7940560)

table 8 : explain SELECT c FROM sbtest8 WHERE id=9338704
	Index Scan using sbtest8_pkey on sbtest8  (cost=0.43..8.45 rows=1 width=121)
	  Index Cond: (id = 9338704)

explain: for non_index_updates :: explain UPDATE sbtest%u SET c='foobar' WHERE id=%u
explain: for non_index_updates :: explain UPDATE sbtest%u SET c='foobar' WHERE id=%u
explain: for index_updates :: explain UPDATE sbtest%u SET k=k+1 WHERE id=%u
explain: for non_index_updates :: explain UPDATE sbtest%u SET c='foobar' WHERE id=%u
for point_selects
table 1 : explain SELECT c FROM sbtest1 WHERE id=5785292
	Index Scan using sbtest1_pkey on sbtest1  (cost=0.43..8.45 rows=1 width=121)
	  Index Cond: (id = 5785292)

table 2 : explain SELECT c FROM sbtest2 WHERE id=3794301
	Index Scan using sbtest2_pkey on sbtest2  (cost=0.43..8.45 rows=1 width=121)
	  Index Cond: (id = 3794301)

table 3 : explain SELECT c FROM sbtest3 WHERE id=4570162
	Index Scan using sbtest3_pkey on sbtest3  (cost=0.43..8.45 rows=1 width=121)
	  Index Cond: (id = 4570162)

table 4 : explain SELECT c FROM sbtest4 WHERE id=1394500
	Index Scan using sbtest4_pkey on sbtest4  (cost=0.43..8.45 rows=1 width=121)
	  Index Cond: (id = 1394500)

table 5 : explain SELECT c FROM sbtest5 WHERE id=6840958
	Index Scan using sbtest5_pkey on sbtest5  (cost=0.43..8.45 rows=1 width=121)
	  Index Cond: (id = 6840958)

table 6 : explain SELECT c FROM sbtest6 WHERE id=6648195
	Index Scan using sbtest6_pkey on sbtest6  (cost=0.43..8.45 rows=1 width=121)
	  Index Cond: (id = 6648195)

table 7 : explain SELECT c FROM sbtest7 WHERE id=3078541
	Index Scan using sbtest7_pkey on sbtest7  (cost=0.43..8.45 rows=1 width=121)
	  Index Cond: (id = 3078541)

table 8 : explain SELECT c FROM sbtest8 WHERE id=6357799
	Index Scan using sbtest8_pkey on sbtest8  (cost=0.43..8.45 rows=1 width=121)
	  Index Cond: (id = 6357799)

for: order_ranges
table 1 : explain SELECT c FROM sbtest1 WHERE id BETWEEN 8213617 AND 8213716 ORDER BY c
	Sort  (cost=421.89..422.16 rows=108 width=121)
	  Sort Key: c
	  ->  Index Scan using sbtest1_pkey on sbtest1  (cost=0.43..418.24 rows=108 width=121)
	        Index Cond: ((id >= 8213617) AND (id <= 8213716))

table 2 : explain SELECT c FROM sbtest2 WHERE id BETWEEN 1457699 AND 1457798 ORDER BY c
	Sort  (cost=367.02..367.26 rows=94 width=121)
	  Sort Key: c
	  ->  Index Scan using sbtest2_pkey on sbtest2  (cost=0.43..363.94 rows=94 width=121)
	        Index Cond: ((id >= 1457699) AND (id <= 1457798))

table 3 : explain SELECT c FROM sbtest3 WHERE id BETWEEN 9609407 AND 9609506 ORDER BY c
	Sort  (cost=405.06..405.32 rows=104 width=121)
	  Sort Key: c
	  ->  Index Scan using sbtest3_pkey on sbtest3  (cost=0.43..401.58 rows=104 width=121)
	        Index Cond: ((id >= 9609407) AND (id <= 9609506))

table 4 : explain SELECT c FROM sbtest4 WHERE id BETWEEN 6057368 AND 6057467 ORDER BY c
	Sort  (cost=384.58..384.82 rows=99 width=121)
	  Sort Key: c
	  ->  Index Scan using sbtest4_pkey on sbtest4  (cost=0.43..381.29 rows=99 width=121)
	        Index Cond: ((id >= 6057368) AND (id <= 6057467))

table 5 : explain SELECT c FROM sbtest5 WHERE id BETWEEN 6434236 AND 6434335 ORDER BY c
	Sort  (cost=378.84..379.08 rows=97 width=121)
	  Sort Key: c
	  ->  Index Scan using sbtest5_pkey on sbtest5  (cost=0.43..375.64 rows=97 width=121)
	        Index Cond: ((id >= 6434236) AND (id <= 6434335))

table 6 : explain SELECT c FROM sbtest6 WHERE id BETWEEN 1598209 AND 1598308 ORDER BY c
	Sort  (cost=404.74..405.00 rows=104 width=121)
	  Sort Key: c
	  ->  Index Scan using sbtest6_pkey on sbtest6  (cost=0.43..401.25 rows=104 width=121)
	        Index Cond: ((id >= 1598209) AND (id <= 1598308))

table 7 : explain SELECT c FROM sbtest7 WHERE id BETWEEN 50997 AND 51096 ORDER BY c
	Sort  (cost=424.82..425.09 rows=109 width=121)
	  Sort Key: c
	  ->  Index Scan using sbtest7_pkey on sbtest7  (cost=0.43..421.13 rows=109 width=121)
	        Index Cond: ((id >= 50997) AND (id <= 51096))

table 8 : explain SELECT c FROM sbtest8 WHERE id BETWEEN 6427013 AND 6427112 ORDER BY c
	Sort  (cost=352.67..352.89 rows=91 width=121)
	  Sort Key: c
	  ->  Index Scan using sbtest8_pkey on sbtest8  (cost=0.43..349.71 rows=91 width=121)
	        Index Cond: ((id >= 6427013) AND (id <= 6427112))

for non_index_updates
table 1 : explain UPDATE sbtest1 SET c='foobar' WHERE id=5195457
	Update on sbtest1  (cost=0.43..8.45 rows=0 width=0)
	  ->  Index Scan using sbtest1_pkey on sbtest1  (cost=0.43..8.45 rows=1 width=490)
	        Index Cond: (id = 5195457)

table 2 : explain UPDATE sbtest2 SET c='foobar' WHERE id=5245586
	Update on sbtest2  (cost=0.43..8.45 rows=0 width=0)
	  ->  Index Scan using sbtest2_pkey on sbtest2  (cost=0.43..8.45 rows=1 width=490)
	        Index Cond: (id = 5245586)

table 3 : explain UPDATE sbtest3 SET c='foobar' WHERE id=24675
	Update on sbtest3  (cost=0.43..8.45 rows=0 width=0)
	  ->  Index Scan using sbtest3_pkey on sbtest3  (cost=0.43..8.45 rows=1 width=490)
	        Index Cond: (id = 24675)

table 4 : explain UPDATE sbtest4 SET c='foobar' WHERE id=3501407
	Update on sbtest4  (cost=0.43..8.45 rows=0 width=0)
	  ->  Index Scan using sbtest4_pkey on sbtest4  (cost=0.43..8.45 rows=1 width=490)
	        Index Cond: (id = 3501407)

table 5 : explain UPDATE sbtest5 SET c='foobar' WHERE id=9532539
	Update on sbtest5  (cost=0.43..8.45 rows=0 width=0)
	  ->  Index Scan using sbtest5_pkey on sbtest5  (cost=0.43..8.45 rows=1 width=490)
	        Index Cond: (id = 9532539)

table 6 : explain UPDATE sbtest6 SET c='foobar' WHERE id=682052
	Update on sbtest6  (cost=0.43..8.45 rows=0 width=0)
	  ->  Index Scan using sbtest6_pkey on sbtest6  (cost=0.43..8.45 rows=1 width=490)
	        Index Cond: (id = 682052)

table 7 : explain UPDATE sbtest7 SET c='foobar' WHERE id=4844375
	Update on sbtest7  (cost=0.43..8.45 rows=0 width=0)
	  ->  Index Scan using sbtest7_pkey on sbtest7  (cost=0.43..8.45 rows=1 width=490)
	        Index Cond: (id = 4844375)

table 8 : explain UPDATE sbtest8 SET c='foobar' WHERE id=3447439
	Update on sbtest8  (cost=0.43..8.45 rows=0 width=0)
	  ->  Index Scan using sbtest8_pkey on sbtest8  (cost=0.43..8.45 rows=1 width=490)
	        Index Cond: (id = 3447439)

explain: for deletes :: explain DELETE FROM sbtest%u WHERE id=%u
for non_index_updates
table 1 : explain UPDATE sbtest1 SET c='foobar' WHERE id=4116179
	Update on sbtest1  (cost=0.43..8.45 rows=0 width=0)
	  ->  Index Scan using sbtest1_pkey on sbtest1  (cost=0.43..8.45 rows=1 width=490)
	        Index Cond: (id = 4116179)

table 2 : explain UPDATE sbtest2 SET c='foobar' WHERE id=3038151
	Update on sbtest2  (cost=0.43..8.45 rows=0 width=0)
	  ->  Index Scan using sbtest2_pkey on sbtest2  (cost=0.43..8.45 rows=1 width=490)
	        Index Cond: (id = 3038151)

table 3 : explain UPDATE sbtest3 SET c='foobar' WHERE id=8992557
	Update on sbtest3  (cost=0.43..8.45 rows=0 width=0)
	  ->  Index Scan using sbtest3_pkey on sbtest3  (cost=0.43..8.45 rows=1 width=490)
	        Index Cond: (id = 8992557)

table 4 : explain UPDATE sbtest4 SET c='foobar' WHERE id=4223669
	Update on sbtest4  (cost=0.43..8.45 rows=0 width=0)
	  ->  Index Scan using sbtest4_pkey on sbtest4  (cost=0.43..8.45 rows=1 width=490)
	        Index Cond: (id = 4223669)

table 5 : explain UPDATE sbtest5 SET c='foobar' WHERE id=3777751
	Update on sbtest5  (cost=0.43..8.45 rows=0 width=0)
	  ->  Index Scan using sbtest5_pkey on sbtest5  (cost=0.43..8.45 rows=1 width=490)
	        Index Cond: (id = 3777751)

table 6 : explain UPDATE sbtest6 SET c='foobar' WHERE id=3971262
	Update on sbtest6  (cost=0.43..8.45 rows=0 width=0)
	  ->  Index Scan using sbtest6_pkey on sbtest6  (cost=0.43..8.45 rows=1 width=490)
	        Index Cond: (id = 3971262)

table 7 : explain UPDATE sbtest7 SET c='foobar' WHERE id=2685577
	Update on sbtest7  (cost=0.43..8.45 rows=0 width=0)
	  ->  Index Scan using sbtest7_pkey on sbtest7  (cost=0.43..8.45 rows=1 width=490)
	        Index Cond: (id = 2685577)

table 8 : explain UPDATE sbtest8 SET c='foobar' WHERE id=3437139
	Update on sbtest8  (cost=0.43..8.45 rows=0 width=0)
	  ->  Index Scan using sbtest8_pkey on sbtest8  (cost=0.43..8.45 rows=1 width=490)
	        Index Cond: (id = 3437139)

for non_index_updates
table 1 : explain UPDATE sbtest1 SET c='foobar' WHERE id=2954954
	Update on sbtest1  (cost=0.43..8.45 rows=0 width=0)
	  ->  Index Scan using sbtest1_pkey on sbtest1  (cost=0.43..8.45 rows=1 width=490)
	        Index Cond: (id = 2954954)

table 2 : explain UPDATE sbtest2 SET c='foobar' WHERE id=6377337
	Update on sbtest2  (cost=0.43..8.45 rows=0 width=0)
	  ->  Index Scan using sbtest2_pkey on sbtest2  (cost=0.43..8.45 rows=1 width=490)
	        Index Cond: (id = 6377337)

table 3 : explain UPDATE sbtest3 SET c='foobar' WHERE id=5660000
	Update on sbtest3  (cost=0.43..8.45 rows=0 width=0)
	  ->  Index Scan using sbtest3_pkey on sbtest3  (cost=0.43..8.45 rows=1 width=490)
	        Index Cond: (id = 5660000)

table 4 : explain UPDATE sbtest4 SET c='foobar' WHERE id=5301663
	Update on sbtest4  (cost=0.43..8.45 rows=0 width=0)
	  ->  Index Scan using sbtest4_pkey on sbtest4  (cost=0.43..8.45 rows=1 width=490)
	        Index Cond: (id = 5301663)

table 5 : explain UPDATE sbtest5 SET c='foobar' WHERE id=4956242
	Update on sbtest5  (cost=0.43..8.45 rows=0 width=0)
	  ->  Index Scan using sbtest5_pkey on sbtest5  (cost=0.43..8.45 rows=1 width=490)
	        Index Cond: (id = 4956242)

table 6 : explain UPDATE sbtest6 SET c='foobar' WHERE id=3838444
	Update on sbtest6  (cost=0.43..8.45 rows=0 width=0)
	  ->  Index Scan using sbtest6_pkey on sbtest6  (cost=0.43..8.45 rows=1 width=490)
	        Index Cond: (id = 3838444)

table 7 : explain UPDATE sbtest7 SET c='foobar' WHERE id=5150942
	Update on sbtest7  (cost=0.43..8.45 rows=0 width=0)
	  ->  Index Scan using sbtest7_pkey on sbtest7  (cost=0.43..8.45 rows=1 width=490)
	        Index Cond: (id = 5150942)

table 8 : explain UPDATE sbtest8 SET c='foobar' WHERE id=7271133
	Update on sbtest8  (cost=0.43..8.45 rows=0 width=0)
	  ->  Index Scan using sbtest8_pkey on sbtest8  (cost=0.43..8.45 rows=1 width=490)
	        Index Cond: (id = 7271133)

for deletes
table 1 : explain DELETE FROM sbtest1 WHERE id=1652942
	Delete on sbtest1  (cost=0.43..8.45 rows=0 width=0)
	  ->  Index Scan using sbtest1_pkey on sbtest1  (cost=0.43..8.45 rows=1 width=6)
	        Index Cond: (id = 1652942)

table 2 : explain DELETE FROM sbtest2 WHERE id=6086819
	Delete on sbtest2  (cost=0.43..8.45 rows=0 width=0)
	  ->  Index Scan using sbtest2_pkey on sbtest2  (cost=0.43..8.45 rows=1 width=6)
	        Index Cond: (id = 6086819)

table 3 : explain DELETE FROM sbtest3 WHERE id=5246472
	Delete on sbtest3  (cost=0.43..8.45 rows=0 width=0)
	  ->  Index Scan using sbtest3_pkey on sbtest3  (cost=0.43..8.45 rows=1 width=6)
	        Index Cond: (id = 5246472)

table 4 : explain DELETE FROM sbtest4 WHERE id=1957007
	Delete on sbtest4  (cost=0.43..8.45 rows=0 width=0)
	  ->  Index Scan using sbtest4_pkey on sbtest4  (cost=0.43..8.45 rows=1 width=6)
	        Index Cond: (id = 1957007)

table 5 : explain DELETE FROM sbtest5 WHERE id=5073342
	Delete on sbtest5  (cost=0.43..8.45 rows=0 width=0)
	  ->  Index Scan using sbtest5_pkey on sbtest5  (cost=0.43..8.45 rows=1 width=6)
	        Index Cond: (id = 5073342)

table 6 : explain DELETE FROM sbtest6 WHERE id=9662240
	Delete on sbtest6  (cost=0.43..8.45 rows=0 width=0)
	  ->  Index Scan using sbtest6_pkey on sbtest6  (cost=0.43..8.45 rows=1 width=6)
	        Index Cond: (id = 9662240)

table 7 : explain DELETE FROM sbtest7 WHERE id=6586391
	Delete on sbtest7  (cost=0.43..8.45 rows=0 width=0)
	  ->  Index Scan using sbtest7_pkey on sbtest7  (cost=0.43..8.45 rows=1 width=6)
	        Index Cond: (id = 6586391)

table 8 : explain DELETE FROM sbtest8 WHERE id=4048337
	Delete on sbtest8  (cost=0.43..8.45 rows=0 width=0)
	  ->  Index Scan using sbtest8_pkey on sbtest8  (cost=0.43..8.45 rows=1 width=6)
	        Index Cond: (id = 4048337)

explain: for deletes :: explain DELETE FROM sbtest%u WHERE id=%u
for: distinct_ranges
table 1 : explain SELECT DISTINCT c FROM sbtest1 WHERE id BETWEEN 5905292 AND 5905391 ORDER BY c
	Unique  (cost=356.07..356.52 rows=91 width=121)
	  ->  Sort  (cost=356.07..356.30 rows=91 width=121)
	        Sort Key: c
	        ->  Index Scan using sbtest1_pkey on sbtest1  (cost=0.43..353.11 rows=91 width=121)
	              Index Cond: ((id >= 5905292) AND (id <= 5905391))

table 2 : explain SELECT DISTINCT c FROM sbtest2 WHERE id BETWEEN 3412397 AND 3412496 ORDER BY c
	Unique  (cost=386.38..386.88 rows=99 width=121)
	  ->  Sort  (cost=386.38..386.63 rows=99 width=121)
	        Sort Key: c
	        ->  Index Scan using sbtest2_pkey on sbtest2  (cost=0.43..383.10 rows=99 width=121)
	              Index Cond: ((id >= 3412397) AND (id <= 3412496))

table 3 : explain SELECT DISTINCT c FROM sbtest3 WHERE id BETWEEN 1851055 AND 1851154 ORDER BY c
	Unique  (cost=374.22..374.70 rows=96 width=121)
	  ->  Sort  (cost=374.22..374.46 rows=96 width=121)
	        Sort Key: c
	        ->  Index Scan using sbtest3_pkey on sbtest3  (cost=0.43..371.06 rows=96 width=121)
	              Index Cond: ((id >= 1851055) AND (id <= 1851154))

table 4 : explain SELECT DISTINCT c FROM sbtest4 WHERE id BETWEEN 2971723 AND 2971822 ORDER BY c
	Unique  (cost=423.01..423.56 rows=109 width=121)
	  ->  Sort  (cost=423.01..423.28 rows=109 width=121)
	        Sort Key: c
	        ->  Index Scan using sbtest4_pkey on sbtest4  (cost=0.43..419.32 rows=109 width=121)
	              Index Cond: ((id >= 2971723) AND (id <= 2971822))

table 5 : explain SELECT DISTINCT c FROM sbtest5 WHERE id BETWEEN 7387560 AND 7387659 ORDER BY c
	Unique  (cost=432.94..433.49 rows=111 width=121)
	  ->  Sort  (cost=432.94..433.22 rows=111 width=121)
	        Sort Key: c
	        ->  Index Scan using sbtest5_pkey on sbtest5  (cost=0.43..429.17 rows=111 width=121)
	              Index Cond: ((id >= 7387560) AND (id <= 7387659))

table 6 : explain SELECT DISTINCT c FROM sbtest6 WHERE id BETWEEN 62623 AND 62722 ORDER BY c
	Unique  (cost=447.12..447.69 rows=115 width=121)
	  ->  Sort  (cost=447.12..447.41 rows=115 width=121)
	        Sort Key: c
	        ->  Index Scan using sbtest6_pkey on sbtest6  (cost=0.43..443.18 rows=115 width=121)
	              Index Cond: ((id >= 62623) AND (id <= 62722))

table 7 : explain SELECT DISTINCT c FROM sbtest7 WHERE id BETWEEN 9451497 AND 9451596 ORDER BY c
	Unique  (cost=401.66..402.17 rows=103 width=121)
	  ->  Sort  (cost=401.66..401.92 rows=103 width=121)
	        Sort Key: c
	        ->  Index Scan using sbtest7_pkey on sbtest7  (cost=0.43..398.21 rows=103 width=121)
	              Index Cond: ((id >= 9451497) AND (id <= 9451596))

table 8 : explain SELECT DISTINCT c FROM sbtest8 WHERE id BETWEEN 3673286 AND 3673385 ORDER BY c
	Unique  (cost=417.85..418.39 rows=108 width=121)
	  ->  Sort  (cost=417.85..418.12 rows=108 width=121)
	        Sort Key: c
	        ->  Index Scan using sbtest8_pkey on sbtest8  (cost=0.43..414.20 rows=108 width=121)
	              Index Cond: ((id >= 3673286) AND (id <= 3673385))
for point_selects
table 1 : explain SELECT c FROM sbtest1 WHERE id=5779954
	Index Scan using sbtest1_pkey on sbtest1  (cost=0.43..8.45 rows=1 width=121)
	  Index Cond: (id = 5779954)

table 2 : explain SELECT c FROM sbtest2 WHERE id=5195817
	Index Scan using sbtest2_pkey on sbtest2  (cost=0.43..8.45 rows=1 width=121)
	  Index Cond: (id = 5195817)

table 3 : explain SELECT c FROM sbtest3 WHERE id=9659409
	Index Scan using sbtest3_pkey on sbtest3  (cost=0.43..8.45 rows=1 width=121)
	  Index Cond: (id = 9659409)

table 4 : explain SELECT c FROM sbtest4 WHERE id=5636452
	Index Scan using sbtest4_pkey on sbtest4  (cost=0.43..8.45 rows=1 width=121)
	  Index Cond: (id = 5636452)

table 5 : explain SELECT c FROM sbtest5 WHERE id=566565
	Index Scan using sbtest5_pkey on sbtest5  (cost=0.43..8.45 rows=1 width=121)
	  Index Cond: (id = 566565)

table 6 : explain SELECT c FROM sbtest6 WHERE id=1429868
	Index Scan using sbtest6_pkey on sbtest6  (cost=0.43..8.45 rows=1 width=121)
	  Index Cond: (id = 1429868)

table 7 : explain SELECT c FROM sbtest7 WHERE id=4178101
	Index Scan using sbtest7_pkey on sbtest7  (cost=0.43..8.45 rows=1 width=121)
	  Index Cond: (id = 4178101)

table 8 : explain SELECT c FROM sbtest8 WHERE id=5601553
	Index Scan using sbtest8_pkey on sbtest8  (cost=0.43..8.45 rows=1 width=121)
	  Index Cond: (id = 5601553)


for: sum_ranges
table 1 : explain SELECT SUM(k) FROM sbtest1 WHERE id BETWEEN 1167561 AND 1167660
	Aggregate  (cost=364.83..364.84 rows=1 width=8)
	  ->  Index Scan using sbtest1_pkey on sbtest1  (cost=0.43..364.59 rows=94 width=4)
	        Index Cond: ((id >= 1167561) AND (id <= 1167660))

table 2 : explain SELECT SUM(k) FROM sbtest2 WHERE id BETWEEN 8783433 AND 8783532
	Aggregate  (cost=368.05..368.06 rows=1 width=8)
	  ->  Index Scan using sbtest2_pkey on sbtest2  (cost=0.43..367.81 rows=95 width=4)
	        Index Cond: ((id >= 8783433) AND (id <= 8783532))

table 3 : explain SELECT SUM(k) FROM sbtest3 WHERE id BETWEEN 8068633 AND 8068732
	Aggregate  (cost=378.93..378.94 rows=1 width=8)
	  ->  Index Scan using sbtest3_pkey on sbtest3  (cost=0.43..378.69 rows=98 width=4)
	        Index Cond: ((id >= 8068633) AND (id <= 8068732))

table 4 : explain SELECT SUM(k) FROM sbtest4 WHERE id BETWEEN 9063253 AND 9063352
	Aggregate  (cost=415.79..415.80 rows=1 width=8)
	  ->  Index Scan using sbtest4_pkey on sbtest4  (cost=0.43..415.52 rows=108 width=4)
	        Index Cond: ((id >= 9063253) AND (id <= 9063352))

table 5 : explain SELECT SUM(k) FROM sbtest5 WHERE id BETWEEN 1531592 AND 1531691
	Aggregate  (cost=329.92..329.93 rows=1 width=8)
	  ->  Index Scan using sbtest5_pkey on sbtest5  (cost=0.43..329.71 rows=85 width=4)
	        Index Cond: ((id >= 1531592) AND (id <= 1531691))

table 6 : explain SELECT SUM(k) FROM sbtest6 WHERE id BETWEEN 3541896 AND 3541995
	Aggregate  (cost=397.70..397.71 rows=1 width=8)
	  ->  Index Scan using sbtest6_pkey on sbtest6  (cost=0.43..397.44 rows=103 width=4)
	        Index Cond: ((id >= 3541896) AND (id <= 3541995))

table 7 : explain SELECT SUM(k) FROM sbtest7 WHERE id BETWEEN 2486464 AND 2486563
	Aggregate  (cost=375.54..375.55 rows=1 width=8)
	  ->  Index Scan using sbtest7_pkey on sbtest7  (cost=0.43..375.30 rows=97 width=4)
	        Index Cond: ((id >= 2486464) AND (id <= 2486563))

table 8 : explain SELECT SUM(k) FROM sbtest8 WHERE id BETWEEN 5370076 AND 5370175
	Aggregate  (cost=395.51..395.52 rows=1 width=8)
	  ->  Index Scan using sbtest8_pkey on sbtest8  (cost=0.43..395.25 rows=103 width=4)
	        Index Cond: ((id >= 5370076) AND (id <= 5370175))

for: distinct_ranges
table 1 : explain SELECT DISTINCT c FROM sbtest1 WHERE id BETWEEN 3315423 AND 3315522 ORDER BY c
	Unique  (cost=402.54..403.06 rows=103 width=121)
	  ->  Sort  (cost=402.54..402.80 rows=103 width=121)
	        Sort Key: c
	        ->  Index Scan using sbtest1_pkey on sbtest1  (cost=0.43..399.10 rows=103 width=121)
	              Index Cond: ((id >= 3315423) AND (id <= 3315522))

table 2 : explain SELECT DISTINCT c FROM sbtest2 WHERE id BETWEEN 3036906 AND 3037005 ORDER BY c
	Unique  (cost=405.69..406.21 rows=104 width=121)
	  ->  Sort  (cost=405.69..405.95 rows=104 width=121)
	        Sort Key: c
	        ->  Index Scan using sbtest2_pkey on sbtest2  (cost=0.43..402.21 rows=104 width=121)
	              Index Cond: ((id >= 3036906) AND (id <= 3037005))

table 3 : explain SELECT DISTINCT c FROM sbtest3 WHERE id BETWEEN 526363 AND 526462 ORDER BY c
	Unique  (cost=358.74..359.20 rows=92 width=121)
	  ->  Sort  (cost=358.74..358.97 rows=92 width=121)
	        Sort Key: c
	        ->  Index Scan using sbtest3_pkey on sbtest3  (cost=0.43..355.74 rows=92 width=121)
	              Index Cond: ((id >= 526363) AND (id <= 526462))

table 4 : explain SELECT DISTINCT c FROM sbtest4 WHERE id BETWEEN 2736355 AND 2736454 ORDER BY c
	Unique  (cost=411.48..412.01 rows=106 width=121)
	  ->  Sort  (cost=411.48..411.75 rows=106 width=121)
	        Sort Key: c
	        ->  Index Scan using sbtest4_pkey on sbtest4  (cost=0.43..407.91 rows=106 width=121)
	              Index Cond: ((id >= 2736355) AND (id <= 2736454))

table 5 : explain SELECT DISTINCT c FROM sbtest5 WHERE id BETWEEN 5970880 AND 5970979 ORDER BY c
	Unique  (cost=390.43..390.93 rows=100 width=121)
	  ->  Sort  (cost=390.43..390.68 rows=100 width=121)
	        Sort Key: c
	        ->  Index Scan using sbtest5_pkey on sbtest5  (cost=0.43..387.11 rows=100 width=121)
	              Index Cond: ((id >= 5970880) AND (id <= 5970979))

table 6 : explain SELECT DISTINCT c FROM sbtest6 WHERE id BETWEEN 7798458 AND 7798557 ORDER BY c
	Unique  (cost=397.03..397.54 rows=102 width=121)
	  ->  Sort  (cost=397.03..397.28 rows=102 width=121)
	        Sort Key: c
	        ->  Index Scan using sbtest6_pkey on sbtest6  (cost=0.43..393.63 rows=102 width=121)
	              Index Cond: ((id >= 7798458) AND (id <= 7798557))

table 7 : explain SELECT DISTINCT c FROM sbtest7 WHERE id BETWEEN 2638881 AND 2638980 ORDER BY c
	Unique  (cost=393.94..394.44 rows=101 width=121)
	  ->  Sort  (cost=393.94..394.19 rows=101 width=121)
	        Sort Key: c
	        ->  Index Scan using sbtest7_pkey on sbtest7  (cost=0.43..390.57 rows=101 width=121)
	              Index Cond: ((id >= 2638881) AND (id <= 2638980))

table 8 : explain SELECT DISTINCT c FROM sbtest8 WHERE id BETWEEN 9477310 AND 9477409 ORDER BY c
	Unique  (cost=383.37..383.86 rows=99 width=121)
	  ->  Sort  (cost=383.37..383.62 rows=99 width=121)
	        Sort Key: c
	        ->  Index Scan using sbtest8_pkey on sbtest8  (cost=0.43..380.09 rows=99 width=121)
	              Index Cond: ((id >= 9477310) AND (id <= 9477409))

for index_updates
table 1 : explain UPDATE sbtest1 SET k=k+1 WHERE id=5908389
	Update on sbtest1  (cost=0.43..8.46 rows=0 width=0)
	  ->  Index Scan using sbtest1_pkey on sbtest1  (cost=0.43..8.46 rows=1 width=10)
	        Index Cond: (id = 5908389)

table 2 : explain UPDATE sbtest2 SET k=k+1 WHERE id=7718991
	Update on sbtest2  (cost=0.43..8.46 rows=0 width=0)
	  ->  Index Scan using sbtest2_pkey on sbtest2  (cost=0.43..8.46 rows=1 width=10)
	        Index Cond: (id = 7718991)

table 3 : explain UPDATE sbtest3 SET k=k+1 WHERE id=677289
	Update on sbtest3  (cost=0.43..8.46 rows=0 width=0)
	  ->  Index Scan using sbtest3_pkey on sbtest3  (cost=0.43..8.46 rows=1 width=10)
	        Index Cond: (id = 677289)

table 4 : explain UPDATE sbtest4 SET k=k+1 WHERE id=9073195
	Update on sbtest4  (cost=0.43..8.46 rows=0 width=0)
	  ->  Index Scan using sbtest4_pkey on sbtest4  (cost=0.43..8.46 rows=1 width=10)
	        Index Cond: (id = 9073195)

table 5 : explain UPDATE sbtest5 SET k=k+1 WHERE id=4629893
	Update on sbtest5  (cost=0.43..8.46 rows=0 width=0)
	  ->  Index Scan using sbtest5_pkey on sbtest5  (cost=0.43..8.46 rows=1 width=10)
	        Index Cond: (id = 4629893)

table 6 : explain UPDATE sbtest6 SET k=k+1 WHERE id=557847
	Update on sbtest6  (cost=0.43..8.46 rows=0 width=0)
	  ->  Index Scan using sbtest6_pkey on sbtest6  (cost=0.43..8.46 rows=1 width=10)
	        Index Cond: (id = 557847)

table 7 : explain UPDATE sbtest7 SET k=k+1 WHERE id=8824544
	Update on sbtest7  (cost=0.43..8.46 rows=0 width=0)
	  ->  Index Scan using sbtest7_pkey on sbtest7  (cost=0.43..8.46 rows=1 width=10)
	        Index Cond: (id = 8824544)

table 8 : explain UPDATE sbtest8 SET k=k+1 WHERE id=8507005
	Update on sbtest8  (cost=0.43..8.46 rows=0 width=0)
	  ->  Index Scan using sbtest8_pkey on sbtest8  (cost=0.43..8.46 rows=1 width=10)
	        Index Cond: (id = 8507005)

explain: for point_selects :: explain SELECT c FROM sbtest%u WHERE id=%u
explain: for inserts :: explain INSERT INTO sbtest%u (id, k, c, pad) VALUES (%u, 13, 'foobar', 'foobar')
for deletes
table 1 : explain DELETE FROM sbtest1 WHERE id=9747355
	Delete on sbtest1  (cost=0.43..8.45 rows=0 width=0)
	  ->  Index Scan using sbtest1_pkey on sbtest1  (cost=0.43..8.45 rows=1 width=6)
	        Index Cond: (id = 9747355)

table 2 : explain DELETE FROM sbtest2 WHERE id=86002
	Delete on sbtest2  (cost=0.43..8.45 rows=0 width=0)
	  ->  Index Scan using sbtest2_pkey on sbtest2  (cost=0.43..8.45 rows=1 width=6)
	        Index Cond: (id = 86002)

table 3 : explain DELETE FROM sbtest3 WHERE id=2118101
	Delete on sbtest3  (cost=0.43..8.45 rows=0 width=0)
	  ->  Index Scan using sbtest3_pkey on sbtest3  (cost=0.43..8.45 rows=1 width=6)
	        Index Cond: (id = 2118101)

table 4 : explain DELETE FROM sbtest4 WHERE id=3392852
	Delete on sbtest4  (cost=0.43..8.45 rows=0 width=0)
	  ->  Index Scan using sbtest4_pkey on sbtest4  (cost=0.43..8.45 rows=1 width=6)
	        Index Cond: (id = 3392852)

table 5 : explain DELETE FROM sbtest5 WHERE id=2055823
	Delete on sbtest5  (cost=0.43..8.45 rows=0 width=0)
	  ->  Index Scan using sbtest5_pkey on sbtest5  (cost=0.43..8.45 rows=1 width=6)
	        Index Cond: (id = 2055823)

table 6 : explain DELETE FROM sbtest6 WHERE id=8561121
	Delete on sbtest6  (cost=0.43..8.45 rows=0 width=0)
	  ->  Index Scan using sbtest6_pkey on sbtest6  (cost=0.43..8.45 rows=1 width=6)
	        Index Cond: (id = 8561121)

table 7 : explain DELETE FROM sbtest7 WHERE id=1217866
	Delete on sbtest7  (cost=0.43..8.45 rows=0 width=0)
	  ->  Index Scan using sbtest7_pkey on sbtest7  (cost=0.43..8.45 rows=1 width=6)
	        Index Cond: (id = 1217866)

table 8 : explain DELETE FROM sbtest8 WHERE id=2206019
	Delete on sbtest8  (cost=0.43..8.45 rows=0 width=0)
	  ->  Index Scan using sbtest8_pkey on sbtest8  (cost=0.43..8.45 rows=1 width=6)
	        Index Cond: (id = 2206019)

explain: for index_updates :: explain UPDATE sbtest%u SET k=k+1 WHERE id=%u
for non_index_updates
table 1 : explain UPDATE sbtest1 SET c='foobar' WHERE id=5732595
	Update on sbtest1  (cost=0.43..8.45 rows=0 width=0)
	  ->  Index Scan using sbtest1_pkey on sbtest1  (cost=0.43..8.45 rows=1 width=490)
	        Index Cond: (id = 5732595)

table 2 : explain UPDATE sbtest2 SET c='foobar' WHERE id=6350601
	Update on sbtest2  (cost=0.43..8.45 rows=0 width=0)
	  ->  Index Scan using sbtest2_pkey on sbtest2  (cost=0.43..8.45 rows=1 width=490)
	        Index Cond: (id = 6350601)

table 3 : explain UPDATE sbtest3 SET c='foobar' WHERE id=3505373
	Update on sbtest3  (cost=0.43..8.45 rows=0 width=0)
	  ->  Index Scan using sbtest3_pkey on sbtest3  (cost=0.43..8.45 rows=1 width=490)
	        Index Cond: (id = 3505373)

table 4 : explain UPDATE sbtest4 SET c='foobar' WHERE id=7432228
	Update on sbtest4  (cost=0.43..8.45 rows=0 width=0)
	  ->  Index Scan using sbtest4_pkey on sbtest4  (cost=0.43..8.45 rows=1 width=490)
	        Index Cond: (id = 7432228)

table 5 : explain UPDATE sbtest5 SET c='foobar' WHERE id=5145752
	Update on sbtest5  (cost=0.43..8.45 rows=0 width=0)
	  ->  Index Scan using sbtest5_pkey on sbtest5  (cost=0.43..8.45 rows=1 width=490)
	        Index Cond: (id = 5145752)

table 6 : explain UPDATE sbtest6 SET c='foobar' WHERE id=8798090
	Update on sbtest6  (cost=0.43..8.45 rows=0 width=0)
	  ->  Index Scan using sbtest6_pkey on sbtest6  (cost=0.43..8.45 rows=1 width=490)
	        Index Cond: (id = 8798090)

table 7 : explain UPDATE sbtest7 SET c='foobar' WHERE id=6287714
	Update on sbtest7  (cost=0.43..8.45 rows=0 width=0)
	  ->  Index Scan using sbtest7_pkey on sbtest7  (cost=0.43..8.45 rows=1 width=490)
	        Index Cond: (id = 6287714)

table 8 : explain UPDATE sbtest8 SET c='foobar' WHERE id=1027959
	Update on sbtest8  (cost=0.43..8.45 rows=0 width=0)
	  ->  Index Scan using sbtest8_pkey on sbtest8  (cost=0.43..8.45 rows=1 width=490)
	        Index Cond: (id = 1027959)

explain: for deletes :: explain DELETE FROM sbtest%u WHERE id=%u
for inserts
table 1 : explain INSERT INTO sbtest1 (id, k, c, pad) VALUES (6371416, 13, 'foobar', 'foobar')
	Insert on sbtest1  (cost=0.00..0.01 rows=0 width=0)
	  ->  Result  (cost=0.00..0.01 rows=1 width=736)

table 2 : explain INSERT INTO sbtest2 (id, k, c, pad) VALUES (2862239, 13, 'foobar', 'foobar')
	Insert on sbtest2  (cost=0.00..0.01 rows=0 width=0)
	  ->  Result  (cost=0.00..0.01 rows=1 width=736)

table 3 : explain INSERT INTO sbtest3 (id, k, c, pad) VALUES (1254651, 13, 'foobar', 'foobar')
	Insert on sbtest3  (cost=0.00..0.01 rows=0 width=0)
	  ->  Result  (cost=0.00..0.01 rows=1 width=736)

table 4 : explain INSERT INTO sbtest4 (id, k, c, pad) VALUES (2613322, 13, 'foobar', 'foobar')
	Insert on sbtest4  (cost=0.00..0.01 rows=0 width=0)
	  ->  Result  (cost=0.00..0.01 rows=1 width=736)

table 5 : explain INSERT INTO sbtest5 (id, k, c, pad) VALUES (6594567, 13, 'foobar', 'foobar')
	Insert on sbtest5  (cost=0.00..0.01 rows=0 width=0)
	  ->  Result  (cost=0.00..0.01 rows=1 width=736)

table 6 : explain INSERT INTO sbtest6 (id, k, c, pad) VALUES (9092314, 13, 'foobar', 'foobar')
	Insert on sbtest6  (cost=0.00..0.01 rows=0 width=0)
	  ->  Result  (cost=0.00..0.01 rows=1 width=736)

table 7 : explain INSERT INTO sbtest7 (id, k, c, pad) VALUES (3528469, 13, 'foobar', 'foobar')
	Insert on sbtest7  (cost=0.00..0.01 rows=0 width=0)
	  ->  Result  (cost=0.00..0.01 rows=1 width=736)

table 8 : explain INSERT INTO sbtest8 (id, k, c, pad) VALUES (3938206, 13, 'foobar', 'foobar')
	Insert on sbtest8  (cost=0.00..0.01 rows=0 width=0)
	  ->  Result  (cost=0.00..0.01 rows=1 width=736)

explain: for index_updates :: explain UPDATE sbtest%u SET k=k+1 WHERE id=%u
explain: for non_index_updates :: explain UPDATE sbtest%u SET c='foobar' WHERE id=%u
explain: for point_selects :: explain SELECT c FROM sbtest%u WHERE id=%u
for index_updates
table 1 : explain UPDATE sbtest1 SET k=k+1 WHERE id=3439013
	Update on sbtest1  (cost=0.43..8.46 rows=0 width=0)
	  ->  Index Scan using sbtest1_pkey on sbtest1  (cost=0.43..8.46 rows=1 width=10)
	        Index Cond: (id = 3439013)

table 2 : explain UPDATE sbtest2 SET k=k+1 WHERE id=5990785
	Update on sbtest2  (cost=0.43..8.46 rows=0 width=0)
	  ->  Index Scan using sbtest2_pkey on sbtest2  (cost=0.43..8.46 rows=1 width=10)
	        Index Cond: (id = 5990785)

table 3 : explain UPDATE sbtest3 SET k=k+1 WHERE id=2755180
	Update on sbtest3  (cost=0.43..8.46 rows=0 width=0)
	  ->  Index Scan using sbtest3_pkey on sbtest3  (cost=0.43..8.46 rows=1 width=10)
	        Index Cond: (id = 2755180)

table 4 : explain UPDATE sbtest4 SET k=k+1 WHERE id=4441437
	Update on sbtest4  (cost=0.43..8.46 rows=0 width=0)
	  ->  Index Scan using sbtest4_pkey on sbtest4  (cost=0.43..8.46 rows=1 width=10)
	        Index Cond: (id = 4441437)

table 5 : explain UPDATE sbtest5 SET k=k+1 WHERE id=7042583
	Update on sbtest5  (cost=0.43..8.46 rows=0 width=0)
	  ->  Index Scan using sbtest5_pkey on sbtest5  (cost=0.43..8.46 rows=1 width=10)
	        Index Cond: (id = 7042583)

table 6 : explain UPDATE sbtest6 SET k=k+1 WHERE id=4773088
	Update on sbtest6  (cost=0.43..8.46 rows=0 width=0)
	  ->  Index Scan using sbtest6_pkey on sbtest6  (cost=0.43..8.46 rows=1 width=10)
	        Index Cond: (id = 4773088)

table 7 : explain UPDATE sbtest7 SET k=k+1 WHERE id=9405370
	Update on sbtest7  (cost=0.43..8.46 rows=0 width=0)
	  ->  Index Scan using sbtest7_pkey on sbtest7  (cost=0.43..8.46 rows=1 width=10)
	        Index Cond: (id = 9405370)

table 8 : explain UPDATE sbtest8 SET k=k+1 WHERE id=8761729
	Update on sbtest8  (cost=0.43..8.46 rows=0 width=0)
	  ->  Index Scan using sbtest8_pkey on sbtest8  (cost=0.43..8.46 rows=1 width=10)
	        Index Cond: (id = 8761729)

explain: for deletes :: explain DELETE FROM sbtest%u WHERE id=%u
explain: for inserts :: explain INSERT INTO sbtest%u (id, k, c, pad) VALUES (%u, 13, 'foobar', 'foobar')
for: simple_ranges
table 1 : explain SELECT c FROM sbtest1 WHERE id BETWEEN 4622003 AND 4622102
	Index Scan using sbtest1_pkey on sbtest1  (cost=0.43..422.07 rows=109 width=121)
	  Index Cond: ((id >= 4622003) AND (id <= 4622102))

table 2 : explain SELECT c FROM sbtest2 WHERE id BETWEEN 8382007 AND 8382106
	Index Scan using sbtest2_pkey on sbtest2  (cost=0.43..375.46 rows=97 width=121)
	  Index Cond: ((id >= 8382007) AND (id <= 8382106))

table 3 : explain SELECT c FROM sbtest3 WHERE id BETWEEN 7893751 AND 7893850
	Index Scan using sbtest3_pkey on sbtest3  (cost=0.43..367.24 rows=95 width=121)
	  Index Cond: ((id >= 7893751) AND (id <= 7893850))

table 4 : explain SELECT c FROM sbtest4 WHERE id BETWEEN 6497603 AND 6497702
	Index Scan using sbtest4_pkey on sbtest4  (cost=0.43..381.29 rows=99 width=121)
	  Index Cond: ((id >= 6497603) AND (id <= 6497702))

table 5 : explain SELECT c FROM sbtest5 WHERE id BETWEEN 2798843 AND 2798942
	Index Scan using sbtest5_pkey on sbtest5  (cost=0.43..371.82 rows=96 width=121)
	  Index Cond: ((id >= 2798843) AND (id <= 2798942))

table 6 : explain SELECT c FROM sbtest6 WHERE id BETWEEN 2437621 AND 2437720
	Index Scan using sbtest6_pkey on sbtest6  (cost=0.43..416.50 rows=108 width=121)
	  Index Cond: ((id >= 2437621) AND (id <= 2437720))

table 7 : explain SELECT c FROM sbtest7 WHERE id BETWEEN 2504769 AND 2504868
	Index Scan using sbtest7_pkey on sbtest7  (cost=0.43..436.41 rows=113 width=121)
	  Index Cond: ((id >= 2504769) AND (id <= 2504868))

table 8 : explain SELECT c FROM sbtest8 WHERE id BETWEEN 8297435 AND 8297534
	Index Scan using sbtest8_pkey on sbtest8  (cost=0.43..380.09 rows=99 width=121)
	  Index Cond: ((id >= 8297435) AND (id <= 8297534))

for: simple_ranges
table 1 : explain SELECT c FROM sbtest1 WHERE id BETWEEN 8389023 AND 8389122
	Index Scan using sbtest1_pkey on sbtest1  (cost=0.43..364.59 rows=94 width=121)
	  Index Cond: ((id >= 8389023) AND (id <= 8389122))

table 2 : explain SELECT c FROM sbtest2 WHERE id BETWEEN 4681278 AND 4681377
	Index Scan using sbtest2_pkey on sbtest2  (cost=0.43..386.92 rows=100 width=121)
	  Index Cond: ((id >= 4681278) AND (id <= 4681377))

table 3 : explain SELECT c FROM sbtest3 WHERE id BETWEEN 6548624 AND 6548723
	Index Scan using sbtest3_pkey on sbtest3  (cost=0.43..386.32 rows=100 width=121)
	  Index Cond: ((id >= 6548624) AND (id <= 6548723))

table 4 : explain SELECT c FROM sbtest4 WHERE id BETWEEN 1109963 AND 1110062
	Index Scan using sbtest4_pkey on sbtest4  (cost=0.43..366.08 rows=95 width=121)
	  Index Cond: ((id >= 1109963) AND (id <= 1110062))

table 5 : explain SELECT c FROM sbtest5 WHERE id BETWEEN 7952731 AND 7952830
	Index Scan using sbtest5_pkey on sbtest5  (cost=0.43..371.82 rows=96 width=121)
	  Index Cond: ((id >= 7952731) AND (id <= 7952830))

table 6 : explain SELECT c FROM sbtest6 WHERE id BETWEEN 7532845 AND 7532944
	Index Scan using sbtest6_pkey on sbtest6  (cost=0.43..370.75 rows=96 width=121)
	  Index Cond: ((id >= 7532845) AND (id <= 7532944))

table 7 : explain SELECT c FROM sbtest7 WHERE id BETWEEN 5903595 AND 5903694
	Index Scan using sbtest7_pkey on sbtest7  (cost=0.43..379.12 rows=98 width=121)
	  Index Cond: ((id >= 5903595) AND (id <= 5903694))

table 8 : explain SELECT c FROM sbtest8 WHERE id BETWEEN 4573577 AND 4573676
	Index Scan using sbtest8_pkey on sbtest8  (cost=0.43..402.83 rows=105 width=121)
	  Index Cond: ((id >= 4573577) AND (id <= 4573676))

for index_updates
table 1 : explain UPDATE sbtest1 SET k=k+1 WHERE id=341851
	Update on sbtest1  (cost=0.43..8.46 rows=0 width=0)
	  ->  Index Scan using sbtest1_pkey on sbtest1  (cost=0.43..8.46 rows=1 width=10)
	        Index Cond: (id = 341851)

table 2 : explain UPDATE sbtest2 SET k=k+1 WHERE id=2162175
	Update on sbtest2  (cost=0.43..8.46 rows=0 width=0)
	  ->  Index Scan using sbtest2_pkey on sbtest2  (cost=0.43..8.46 rows=1 width=10)
	        Index Cond: (id = 2162175)

table 3 : explain UPDATE sbtest3 SET k=k+1 WHERE id=3927893
	Update on sbtest3  (cost=0.43..8.46 rows=0 width=0)
	  ->  Index Scan using sbtest3_pkey on sbtest3  (cost=0.43..8.46 rows=1 width=10)
	        Index Cond: (id = 3927893)

table 4 : explain UPDATE sbtest4 SET k=k+1 WHERE id=8190050
	Update on sbtest4  (cost=0.43..8.46 rows=0 width=0)
	  ->  Index Scan using sbtest4_pkey on sbtest4  (cost=0.43..8.46 rows=1 width=10)
	        Index Cond: (id = 8190050)

table 5 : explain UPDATE sbtest5 SET k=k+1 WHERE id=4884585
	Update on sbtest5  (cost=0.43..8.46 rows=0 width=0)
	  ->  Index Scan using sbtest5_pkey on sbtest5  (cost=0.43..8.46 rows=1 width=10)
	        Index Cond: (id = 4884585)

table 6 : explain UPDATE sbtest6 SET k=k+1 WHERE id=354669
	Update on sbtest6  (cost=0.43..8.46 rows=0 width=0)
	  ->  Index Scan using sbtest6_pkey on sbtest6  (cost=0.43..8.46 rows=1 width=10)
	        Index Cond: (id = 354669)

table 7 : explain UPDATE sbtest7 SET k=k+1 WHERE id=6000427
	Update on sbtest7  (cost=0.43..8.46 rows=0 width=0)
	  ->  Index Scan using sbtest7_pkey on sbtest7  (cost=0.43..8.46 rows=1 width=10)
	        Index Cond: (id = 6000427)

table 8 : explain UPDATE sbtest8 SET k=k+1 WHERE id=2725823
	Update on sbtest8  (cost=0.43..8.46 rows=0 width=0)
	  ->  Index Scan using sbtest8_pkey on sbtest8  (cost=0.43..8.46 rows=1 width=10)
	        Index Cond: (id = 2725823)

for non_index_updates
table 1 : explain UPDATE sbtest1 SET c='foobar' WHERE id=5543420
	Update on sbtest1  (cost=0.43..8.45 rows=0 width=0)
	  ->  Index Scan using sbtest1_pkey on sbtest1  (cost=0.43..8.45 rows=1 width=490)
	        Index Cond: (id = 5543420)

table 2 : explain UPDATE sbtest2 SET c='foobar' WHERE id=4124073
	Update on sbtest2  (cost=0.43..8.45 rows=0 width=0)
	  ->  Index Scan using sbtest2_pkey on sbtest2  (cost=0.43..8.45 rows=1 width=490)
	        Index Cond: (id = 4124073)

table 3 : explain UPDATE sbtest3 SET c='foobar' WHERE id=6070125
	Update on sbtest3  (cost=0.43..8.45 rows=0 width=0)
	  ->  Index Scan using sbtest3_pkey on sbtest3  (cost=0.43..8.45 rows=1 width=490)
	        Index Cond: (id = 6070125)

table 4 : explain UPDATE sbtest4 SET c='foobar' WHERE id=3093694
	Update on sbtest4  (cost=0.43..8.45 rows=0 width=0)
	  ->  Index Scan using sbtest4_pkey on sbtest4  (cost=0.43..8.45 rows=1 width=490)
	        Index Cond: (id = 3093694)

table 5 : explain UPDATE sbtest5 SET c='foobar' WHERE id=5869901
	Update on sbtest5  (cost=0.43..8.45 rows=0 width=0)
	  ->  Index Scan using sbtest5_pkey on sbtest5  (cost=0.43..8.45 rows=1 width=490)
	        Index Cond: (id = 5869901)

table 6 : explain UPDATE sbtest6 SET c='foobar' WHERE id=6874903
	Update on sbtest6  (cost=0.43..8.45 rows=0 width=0)
	  ->  Index Scan using sbtest6_pkey on sbtest6  (cost=0.43..8.45 rows=1 width=490)
	        Index Cond: (id = 6874903)

table 7 : explain UPDATE sbtest7 SET c='foobar' WHERE id=3333742
	Update on sbtest7  (cost=0.43..8.45 rows=0 width=0)
	  ->  Index Scan using sbtest7_pkey on sbtest7  (cost=0.43..8.45 rows=1 width=490)
	        Index Cond: (id = 3333742)

table 8 : explain UPDATE sbtest8 SET c='foobar' WHERE id=634535
	Update on sbtest8  (cost=0.43..8.45 rows=0 width=0)
	  ->  Index Scan using sbtest8_pkey on sbtest8  (cost=0.43..8.45 rows=1 width=490)
	        Index Cond: (id = 634535)

explain: for non_index_updates :: explain UPDATE sbtest%u SET c='foobar' WHERE id=%u
for: simple_ranges
table 1 : explain SELECT c FROM sbtest1 WHERE id BETWEEN 7263081 AND 7263180
	Index Scan using sbtest1_pkey on sbtest1  (cost=0.43..402.93 rows=104 width=121)
	  Index Cond: ((id >= 7263081) AND (id <= 7263180))

table 2 : explain SELECT c FROM sbtest2 WHERE id BETWEEN 8024075 AND 8024174
	Index Scan using sbtest2_pkey on sbtest2  (cost=0.43..371.64 rows=96 width=121)
	  Index Cond: ((id >= 8024075) AND (id <= 8024174))

table 3 : explain SELECT c FROM sbtest3 WHERE id BETWEEN 1845175 AND 1845274
	Index Scan using sbtest3_pkey on sbtest3  (cost=0.43..371.06 rows=96 width=121)
	  Index Cond: ((id >= 1845175) AND (id <= 1845274))

table 4 : explain SELECT c FROM sbtest4 WHERE id BETWEEN 9744139 AND 9744238
	Index Scan using sbtest4_pkey on sbtest4  (cost=0.43..362.23 rows=94 width=121)
	  Index Cond: ((id >= 9744139) AND (id <= 9744238))

table 5 : explain SELECT c FROM sbtest5 WHERE id BETWEEN 4309941 AND 4310040
	Index Scan using sbtest5_pkey on sbtest5  (cost=0.43..364.17 rows=94 width=121)
	  Index Cond: ((id >= 4309941) AND (id <= 4310040))

table 6 : explain SELECT c FROM sbtest6 WHERE id BETWEEN 4763286 AND 4763385
	Index Scan using sbtest6_pkey on sbtest6  (cost=0.43..378.38 rows=98 width=121)
	  Index Cond: ((id >= 4763286) AND (id <= 4763385))

table 7 : explain SELECT c FROM sbtest7 WHERE id BETWEEN 5070232 AND 5070331
	Index Scan using sbtest7_pkey on sbtest7  (cost=0.43..382.94 rows=99 width=121)
	  Index Cond: ((id >= 5070232) AND (id <= 5070331))

table 8 : explain SELECT c FROM sbtest8 WHERE id BETWEEN 2482519 AND 2482618
	Index Scan using sbtest8_pkey on sbtest8  (cost=0.43..391.46 rows=102 width=121)
	  Index Cond: ((id >= 2482519) AND (id <= 2482618))

for inserts
table 1 : explain INSERT INTO sbtest1 (id, k, c, pad) VALUES (2607820, 13, 'foobar', 'foobar')
	Insert on sbtest1  (cost=0.00..0.01 rows=0 width=0)
	  ->  Result  (cost=0.00..0.01 rows=1 width=736)

table 2 : explain INSERT INTO sbtest2 (id, k, c, pad) VALUES (6201331, 13, 'foobar', 'foobar')
	Insert on sbtest2  (cost=0.00..0.01 rows=0 width=0)
	  ->  Result  (cost=0.00..0.01 rows=1 width=736)

table 3 : explain INSERT INTO sbtest3 (id, k, c, pad) VALUES (8329798, 13, 'foobar', 'foobar')
	Insert on sbtest3  (cost=0.00..0.01 rows=0 width=0)
	  ->  Result  (cost=0.00..0.01 rows=1 width=736)

table 4 : explain INSERT INTO sbtest4 (id, k, c, pad) VALUES (2094999, 13, 'foobar', 'foobar')
	Insert on sbtest4  (cost=0.00..0.01 rows=0 width=0)
	  ->  Result  (cost=0.00..0.01 rows=1 width=736)

table 5 : explain INSERT INTO sbtest5 (id, k, c, pad) VALUES (4941302, 13, 'foobar', 'foobar')
	Insert on sbtest5  (cost=0.00..0.01 rows=0 width=0)
	  ->  Result  (cost=0.00..0.01 rows=1 width=736)

table 6 : explain INSERT INTO sbtest6 (id, k, c, pad) VALUES (4061584, 13, 'foobar', 'foobar')
	Insert on sbtest6  (cost=0.00..0.01 rows=0 width=0)
	  ->  Result  (cost=0.00..0.01 rows=1 width=736)

table 7 : explain INSERT INTO sbtest7 (id, k, c, pad) VALUES (7352749, 13, 'foobar', 'foobar')
	Insert on sbtest7  (cost=0.00..0.01 rows=0 width=0)
	  ->  Result  (cost=0.00..0.01 rows=1 width=736)

table 8 : explain INSERT INTO sbtest8 (id, k, c, pad) VALUES (9594624, 13, 'foobar', 'foobar')
	Insert on sbtest8  (cost=0.00..0.01 rows=0 width=0)
	  ->  Result  (cost=0.00..0.01 rows=1 width=736)

explain: for deletes :: explain DELETE FROM sbtest%u WHERE id=%u
explain: for non_index_updates :: explain UPDATE sbtest%u SET c='foobar' WHERE id=%u
for: sum_ranges
table 1 : explain SELECT SUM(k) FROM sbtest1 WHERE id BETWEEN 1026585 AND 1026684
	Aggregate  (cost=399.36..399.37 rows=1 width=8)
	  ->  Index Scan using sbtest1_pkey on sbtest1  (cost=0.43..399.10 rows=103 width=4)
	        Index Cond: ((id >= 1026585) AND (id <= 1026684))

table 2 : explain SELECT SUM(k) FROM sbtest2 WHERE id BETWEEN 1992891 AND 1992990
	Aggregate  (cost=413.94..413.95 rows=1 width=8)
	  ->  Index Scan using sbtest2_pkey on sbtest2  (cost=0.43..413.67 rows=107 width=4)
	        Index Cond: ((id >= 1992891) AND (id <= 1992990))

table 3 : explain SELECT SUM(k) FROM sbtest3 WHERE id BETWEEN 3793050 AND 3793149
	Aggregate  (cost=382.75..382.76 rows=1 width=8)
	  ->  Index Scan using sbtest3_pkey on sbtest3  (cost=0.43..382.50 rows=99 width=4)
	        Index Cond: ((id >= 3793050) AND (id <= 3793149))

table 4 : explain SELECT SUM(k) FROM sbtest4 WHERE id BETWEEN 8281292 AND 8281391
	Aggregate  (cost=373.93..373.94 rows=1 width=8)
	  ->  Index Scan using sbtest4_pkey on sbtest4  (cost=0.43..373.69 rows=97 width=4)
	        Index Cond: ((id >= 8281292) AND (id <= 8281391))

table 5 : explain SELECT SUM(k) FROM sbtest5 WHERE id BETWEEN 3055472 AND 3055571
	Aggregate  (cost=402.66..402.67 rows=1 width=8)
	  ->  Index Scan using sbtest5_pkey on sbtest5  (cost=0.43..402.40 rows=104 width=4)
	        Index Cond: ((id >= 3055472) AND (id <= 3055571))

table 6 : explain SELECT SUM(k) FROM sbtest6 WHERE id BETWEEN 1643834 AND 1643933
	Aggregate  (cost=401.51..401.52 rows=1 width=8)
	  ->  Index Scan using sbtest6_pkey on sbtest6  (cost=0.43..401.25 rows=104 width=4)
	        Index Cond: ((id >= 1643834) AND (id <= 1643933))

table 7 : explain SELECT SUM(k) FROM sbtest7 WHERE id BETWEEN 2440170 AND 2440269
	Aggregate  (cost=375.54..375.55 rows=1 width=8)
	  ->  Index Scan using sbtest7_pkey on sbtest7  (cost=0.43..375.30 rows=97 width=4)
	        Index Cond: ((id >= 2440170) AND (id <= 2440269))

table 8 : explain SELECT SUM(k) FROM sbtest8 WHERE id BETWEEN 7491787 AND 7491886
	Aggregate  (cost=414.47..414.48 rows=1 width=8)
	  ->  Index Scan using sbtest8_pkey on sbtest8  (cost=0.43..414.20 rows=108 width=4)
	        Index Cond: ((id >= 7491787) AND (id <= 7491886))

for non_index_updates
table 1 : explain UPDATE sbtest1 SET c='foobar' WHERE id=1561752
	Update on sbtest1  (cost=0.43..8.45 rows=0 width=0)
	  ->  Index Scan using sbtest1_pkey on sbtest1  (cost=0.43..8.45 rows=1 width=490)
	        Index Cond: (id = 1561752)

table 2 : explain UPDATE sbtest2 SET c='foobar' WHERE id=8287244
	Update on sbtest2  (cost=0.43..8.45 rows=0 width=0)
	  ->  Index Scan using sbtest2_pkey on sbtest2  (cost=0.43..8.45 rows=1 width=490)
	        Index Cond: (id = 8287244)

table 3 : explain UPDATE sbtest3 SET c='foobar' WHERE id=5782376
	Update on sbtest3  (cost=0.43..8.45 rows=0 width=0)
	  ->  Index Scan using sbtest3_pkey on sbtest3  (cost=0.43..8.45 rows=1 width=490)
	        Index Cond: (id = 5782376)

table 4 : explain UPDATE sbtest4 SET c='foobar' WHERE id=4724084
	Update on sbtest4  (cost=0.43..8.45 rows=0 width=0)
	  ->  Index Scan using sbtest4_pkey on sbtest4  (cost=0.43..8.45 rows=1 width=490)
	        Index Cond: (id = 4724084)

table 5 : explain UPDATE sbtest5 SET c='foobar' WHERE id=3691087
	Update on sbtest5  (cost=0.43..8.45 rows=0 width=0)
	  ->  Index Scan using sbtest5_pkey on sbtest5  (cost=0.43..8.45 rows=1 width=490)
	        Index Cond: (id = 3691087)

table 6 : explain UPDATE sbtest6 SET c='foobar' WHERE id=6455770
	Update on sbtest6  (cost=0.43..8.45 rows=0 width=0)
	  ->  Index Scan using sbtest6_pkey on sbtest6  (cost=0.43..8.45 rows=1 width=490)
	        Index Cond: (id = 6455770)

table 7 : explain UPDATE sbtest7 SET c='foobar' WHERE id=1903983
	Update on sbtest7  (cost=0.43..8.45 rows=0 width=0)
	  ->  Index Scan using sbtest7_pkey on sbtest7  (cost=0.43..8.45 rows=1 width=490)
	        Index Cond: (id = 1903983)

table 8 : explain UPDATE sbtest8 SET c='foobar' WHERE id=1764296
	Update on sbtest8  (cost=0.43..8.45 rows=0 width=0)
	  ->  Index Scan using sbtest8_pkey on sbtest8  (cost=0.43..8.45 rows=1 width=490)
	        Index Cond: (id = 1764296)

for deletes
table 1 : explain DELETE FROM sbtest1 WHERE id=8352904
	Delete on sbtest1  (cost=0.43..8.45 rows=0 width=0)
	  ->  Index Scan using sbtest1_pkey on sbtest1  (cost=0.43..8.45 rows=1 width=6)
	        Index Cond: (id = 8352904)

table 2 : explain DELETE FROM sbtest2 WHERE id=7039942
	Delete on sbtest2  (cost=0.43..8.45 rows=0 width=0)
	  ->  Index Scan using sbtest2_pkey on sbtest2  (cost=0.43..8.45 rows=1 width=6)
	        Index Cond: (id = 7039942)

table 3 : explain DELETE FROM sbtest3 WHERE id=7210544
	Delete on sbtest3  (cost=0.43..8.45 rows=0 width=0)
	  ->  Index Scan using sbtest3_pkey on sbtest3  (cost=0.43..8.45 rows=1 width=6)
	        Index Cond: (id = 7210544)

table 4 : explain DELETE FROM sbtest4 WHERE id=3937827
	Delete on sbtest4  (cost=0.43..8.45 rows=0 width=0)
	  ->  Index Scan using sbtest4_pkey on sbtest4  (cost=0.43..8.45 rows=1 width=6)
	        Index Cond: (id = 3937827)

table 5 : explain DELETE FROM sbtest5 WHERE id=6549198
	Delete on sbtest5  (cost=0.43..8.45 rows=0 width=0)
	  ->  Index Scan using sbtest5_pkey on sbtest5  (cost=0.43..8.45 rows=1 width=6)
	        Index Cond: (id = 6549198)

table 6 : explain DELETE FROM sbtest6 WHERE id=9283973
	Delete on sbtest6  (cost=0.43..8.45 rows=0 width=0)
	  ->  Index Scan using sbtest6_pkey on sbtest6  (cost=0.43..8.45 rows=1 width=6)
	        Index Cond: (id = 9283973)

table 7 : explain DELETE FROM sbtest7 WHERE id=9323063
	Delete on sbtest7  (cost=0.43..8.45 rows=0 width=0)
	  ->  Index Scan using sbtest7_pkey on sbtest7  (cost=0.43..8.45 rows=1 width=6)
	        Index Cond: (id = 9323063)

table 8 : explain DELETE FROM sbtest8 WHERE id=9506028
	Delete on sbtest8  (cost=0.43..8.45 rows=0 width=0)
	  ->  Index Scan using sbtest8_pkey on sbtest8  (cost=0.43..8.45 rows=1 width=6)
	        Index Cond: (id = 9506028)
for: order_ranges
table 1 : explain SELECT c FROM sbtest1 WHERE id BETWEEN 4754659 AND 4754758 ORDER BY c
	Sort  (cost=418.02..418.29 rows=107 width=121)
	  Sort Key: c
	  ->  Index Scan using sbtest1_pkey on sbtest1  (cost=0.43..414.41 rows=107 width=121)
	        Index Cond: ((id >= 4754659) AND (id <= 4754758))

table 2 : explain SELECT c FROM sbtest2 WHERE id BETWEEN 4002606 AND 4002705 ORDER BY c
	Sort  (cost=355.44..355.67 rows=91 width=121)
	  Sort Key: c
	  ->  Index Scan using sbtest2_pkey on sbtest2  (cost=0.43..352.48 rows=91 width=121)
	        Index Cond: ((id >= 4002606) AND (id <= 4002705))

table 3 : explain SELECT c FROM sbtest3 WHERE id BETWEEN 9060739 AND 9060838 ORDER BY c
	Sort  (cost=385.78..386.03 rows=99 width=121)
	  Sort Key: c
	  ->  Index Scan using sbtest3_pkey on sbtest3  (cost=0.43..382.50 rows=99 width=121)
	        Index Cond: ((id >= 9060739) AND (id <= 9060838))

table 4 : explain SELECT c FROM sbtest4 WHERE id BETWEEN 2994295 AND 2994394 ORDER BY c
	Sort  (cost=411.48..411.75 rows=106 width=121)
	  Sort Key: c
	  ->  Index Scan using sbtest4_pkey on sbtest4  (cost=0.43..407.91 rows=106 width=121)
	        Index Cond: ((id >= 2994295) AND (id <= 2994394))

table 5 : explain SELECT c FROM sbtest5 WHERE id BETWEEN 1067769 AND 1067868 ORDER BY c
	Sort  (cost=402.02..402.28 rows=103 width=121)
	  Sort Key: c
	  ->  Index Scan using sbtest5_pkey on sbtest5  (cost=0.43..398.58 rows=103 width=121)
	        Index Cond: ((id >= 1067769) AND (id <= 1067868))

table 6 : explain SELECT c FROM sbtest6 WHERE id BETWEEN 3834162 AND 3834261 ORDER BY c
	Sort  (cost=439.41..439.70 rows=113 width=121)
	  Sort Key: c
	  ->  Index Scan using sbtest6_pkey on sbtest6  (cost=0.43..435.56 rows=113 width=121)
	        Index Cond: ((id >= 3834162) AND (id <= 3834261))

table 7 : explain SELECT c FROM sbtest7 WHERE id BETWEEN 3038439 AND 3038538 ORDER BY c
	Sort  (cost=409.38..409.64 rows=105 width=121)
	  Sort Key: c
	  ->  Index Scan using sbtest7_pkey on sbtest7  (cost=0.43..405.85 rows=105 width=121)
	        Index Cond: ((id >= 3038439) AND (id <= 3038538))

table 8 : explain SELECT c FROM sbtest8 WHERE id BETWEEN 3895301 AND 3895400 ORDER BY c
	Sort  (cost=387.20..387.45 rows=100 width=121)
	  Sort Key: c
	  ->  Index Scan using sbtest8_pkey on sbtest8  (cost=0.43..383.88 rows=100 width=121)
	        Index Cond: ((id >= 3895301) AND (id <= 3895400))
explain: for deletes :: explain DELETE FROM sbtest%u WHERE id=%u


for deletes
table 1 : explain DELETE FROM sbtest1 WHERE id=4093957
	Delete on sbtest1  (cost=0.43..8.45 rows=0 width=0)
	  ->  Index Scan using sbtest1_pkey on sbtest1  (cost=0.43..8.45 rows=1 width=6)
	        Index Cond: (id = 4093957)

table 2 : explain DELETE FROM sbtest2 WHERE id=8906620
	Delete on sbtest2  (cost=0.43..8.45 rows=0 width=0)
	  ->  Index Scan using sbtest2_pkey on sbtest2  (cost=0.43..8.45 rows=1 width=6)
	        Index Cond: (id = 8906620)

table 3 : explain DELETE FROM sbtest3 WHERE id=6070280
	Delete on sbtest3  (cost=0.43..8.45 rows=0 width=0)
	  ->  Index Scan using sbtest3_pkey on sbtest3  (cost=0.43..8.45 rows=1 width=6)
	        Index Cond: (id = 6070280)

table 4 : explain DELETE FROM sbtest4 WHERE id=5872858
	Delete on sbtest4  (cost=0.43..8.45 rows=0 width=0)
	  ->  Index Scan using sbtest4_pkey on sbtest4  (cost=0.43..8.45 rows=1 width=6)
	        Index Cond: (id = 5872858)

table 5 : explain DELETE FROM sbtest5 WHERE id=5696367
	Delete on sbtest5  (cost=0.43..8.45 rows=0 width=0)
	  ->  Index Scan using sbtest5_pkey on sbtest5  (cost=0.43..8.45 rows=1 width=6)
	        Index Cond: (id = 5696367)

table 6 : explain DELETE FROM sbtest6 WHERE id=7785414
	Delete on sbtest6  (cost=0.43..8.45 rows=0 width=0)
	  ->  Index Scan using sbtest6_pkey on sbtest6  (cost=0.43..8.45 rows=1 width=6)
	        Index Cond: (id = 7785414)

table 7 : explain DELETE FROM sbtest7 WHERE id=4336373
	Delete on sbtest7  (cost=0.43..8.45 rows=0 width=0)
	  ->  Index Scan using sbtest7_pkey on sbtest7  (cost=0.43..8.45 rows=1 width=6)
	        Index Cond: (id = 4336373)

table 8 : explain DELETE FROM sbtest8 WHERE id=3691280
	Delete on sbtest8  (cost=0.43..8.45 rows=0 width=0)
	  ->  Index Scan using sbtest8_pkey on sbtest8  (cost=0.43..8.45 rows=1 width=6)
	        Index Cond: (id = 3691280)

for non_index_updates
table 1 : explain UPDATE sbtest1 SET c='foobar' WHERE id=4928462
	Update on sbtest1  (cost=0.43..8.45 rows=0 width=0)
	  ->  Index Scan using sbtest1_pkey on sbtest1  (cost=0.43..8.45 rows=1 width=490)
	        Index Cond: (id = 4928462)

table 2 : explain UPDATE sbtest2 SET c='foobar' WHERE id=4448715
	Update on sbtest2  (cost=0.43..8.45 rows=0 width=0)
	  ->  Index Scan using sbtest2_pkey on sbtest2  (cost=0.43..8.45 rows=1 width=490)
	        Index Cond: (id = 4448715)

table 3 : explain UPDATE sbtest3 SET c='foobar' WHERE id=1348007
	Update on sbtest3  (cost=0.43..8.45 rows=0 width=0)
	  ->  Index Scan using sbtest3_pkey on sbtest3  (cost=0.43..8.45 rows=1 width=490)
	        Index Cond: (id = 1348007)

table 4 : explain UPDATE sbtest4 SET c='foobar' WHERE id=3210906
	Update on sbtest4  (cost=0.43..8.45 rows=0 width=0)
	  ->  Index Scan using sbtest4_pkey on sbtest4  (cost=0.43..8.45 rows=1 width=490)
	        Index Cond: (id = 3210906)

table 5 : explain UPDATE sbtest5 SET c='foobar' WHERE id=9905918
	Update on sbtest5  (cost=0.43..8.45 rows=0 width=0)
	  ->  Index Scan using sbtest5_pkey on sbtest5  (cost=0.43..8.45 rows=1 width=490)
	        Index Cond: (id = 9905918)

table 6 : explain UPDATE sbtest6 SET c='foobar' WHERE id=8932765
	Update on sbtest6  (cost=0.43..8.45 rows=0 width=0)
	  ->  Index Scan using sbtest6_pkey on sbtest6  (cost=0.43..8.45 rows=1 width=490)
	        Index Cond: (id = 8932765)

table 7 : explain UPDATE sbtest7 SET c='foobar' WHERE id=4508284
	Update on sbtest7  (cost=0.43..8.45 rows=0 width=0)
	  ->  Index Scan using sbtest7_pkey on sbtest7  (cost=0.43..8.45 rows=1 width=490)
	        Index Cond: (id = 4508284)

table 8 : explain UPDATE sbtest8 SET c='foobar' WHERE id=6303454
	Update on sbtest8  (cost=0.43..8.45 rows=0 width=0)
	  ->  Index Scan using sbtest8_pkey on sbtest8  (cost=0.43..8.45 rows=1 width=490)
	        Index Cond: (id = 6303454)

for point_selects
table 1 : explain SELECT c FROM sbtest1 WHERE id=6895692
	Index Scan using sbtest1_pkey on sbtest1  (cost=0.43..8.45 rows=1 width=121)
	  Index Cond: (id = 6895692)

table 2 : explain SELECT c FROM sbtest2 WHERE id=7380679
	Index Scan using sbtest2_pkey on sbtest2  (cost=0.43..8.45 rows=1 width=121)
	  Index Cond: (id = 7380679)

table 3 : explain SELECT c FROM sbtest3 WHERE id=9461461
	Index Scan using sbtest3_pkey on sbtest3  (cost=0.43..8.45 rows=1 width=121)
	  Index Cond: (id = 9461461)

table 4 : explain SELECT c FROM sbtest4 WHERE id=5454635
	Index Scan using sbtest4_pkey on sbtest4  (cost=0.43..8.45 rows=1 width=121)
	  Index Cond: (id = 5454635)

table 5 : explain SELECT c FROM sbtest5 WHERE id=7603077
	Index Scan using sbtest5_pkey on sbtest5  (cost=0.43..8.45 rows=1 width=121)
	  Index Cond: (id = 7603077)

table 6 : explain SELECT c FROM sbtest6 WHERE id=8949520
	Index Scan using sbtest6_pkey on sbtest6  (cost=0.43..8.45 rows=1 width=121)
	  Index Cond: (id = 8949520)

table 7 : explain SELECT c FROM sbtest7 WHERE id=23101
	Index Scan using sbtest7_pkey on sbtest7  (cost=0.43..8.45 rows=1 width=121)
	  Index Cond: (id = 23101)

table 8 : explain SELECT c FROM sbtest8 WHERE id=2430106
	Index Scan using sbtest8_pkey on sbtest8  (cost=0.43..8.45 rows=1 width=121)
	  Index Cond: (id = 2430106)

explain: for deletes :: explain DELETE FROM sbtest%u WHERE id=%u
for deletes
table 1 : explain DELETE FROM sbtest1 WHERE id=7952969
	Delete on sbtest1  (cost=0.43..8.45 rows=0 width=0)
	  ->  Index Scan using sbtest1_pkey on sbtest1  (cost=0.43..8.45 rows=1 width=6)
	        Index Cond: (id = 7952969)

table 2 : explain DELETE FROM sbtest2 WHERE id=6991650
	Delete on sbtest2  (cost=0.43..8.45 rows=0 width=0)
	  ->  Index Scan using sbtest2_pkey on sbtest2  (cost=0.43..8.45 rows=1 width=6)
	        Index Cond: (id = 6991650)

table 3 : explain DELETE FROM sbtest3 WHERE id=8451910
	Delete on sbtest3  (cost=0.43..8.45 rows=0 width=0)
	  ->  Index Scan using sbtest3_pkey on sbtest3  (cost=0.43..8.45 rows=1 width=6)
	        Index Cond: (id = 8451910)

table 4 : explain DELETE FROM sbtest4 WHERE id=2299835
	Delete on sbtest4  (cost=0.43..8.45 rows=0 width=0)
	  ->  Index Scan using sbtest4_pkey on sbtest4  (cost=0.43..8.45 rows=1 width=6)
	        Index Cond: (id = 2299835)

table 5 : explain DELETE FROM sbtest5 WHERE id=8413785
	Delete on sbtest5  (cost=0.43..8.45 rows=0 width=0)
	  ->  Index Scan using sbtest5_pkey on sbtest5  (cost=0.43..8.45 rows=1 width=6)
	        Index Cond: (id = 8413785)

table 6 : explain DELETE FROM sbtest6 WHERE id=3404770
	Delete on sbtest6  (cost=0.43..8.45 rows=0 width=0)
	  ->  Index Scan using sbtest6_pkey on sbtest6  (cost=0.43..8.45 rows=1 width=6)
	        Index Cond: (id = 3404770)

table 7 : explain DELETE FROM sbtest7 WHERE id=7840433
	Delete on sbtest7  (cost=0.43..8.45 rows=0 width=0)
	  ->  Index Scan using sbtest7_pkey on sbtest7  (cost=0.43..8.45 rows=1 width=6)
	        Index Cond: (id = 7840433)

table 8 : explain DELETE FROM sbtest8 WHERE id=8117324
	Delete on sbtest8  (cost=0.43..8.45 rows=0 width=0)
	  ->  Index Scan using sbtest8_pkey on sbtest8  (cost=0.43..8.45 rows=1 width=6)
	        Index Cond: (id = 8117324)

explain: for inserts :: explain INSERT INTO sbtest%u (id, k, c, pad) VALUES (%u, 13, 'foobar', 'foobar')
for: sum_ranges
table 1 : explain SELECT SUM(k) FROM sbtest1 WHERE id BETWEEN 6337877 AND 6337976
	Aggregate  (cost=372.49..372.50 rows=1 width=8)
	  ->  Index Scan using sbtest1_pkey on sbtest1  (cost=0.43..372.25 rows=96 width=4)
	        Index Cond: ((id >= 6337877) AND (id <= 6337976))

table 2 : explain SELECT SUM(k) FROM sbtest2 WHERE id BETWEEN 5487944 AND 5488043
	Aggregate  (cost=379.52..379.53 rows=1 width=8)
	  ->  Index Scan using sbtest2_pkey on sbtest2  (cost=0.43..379.28 rows=98 width=4)
	        Index Cond: ((id >= 5487944) AND (id <= 5488043))

table 3 : explain SELECT SUM(k) FROM sbtest3 WHERE id BETWEEN 229035 AND 229134
	Aggregate  (cost=398.02..398.03 rows=1 width=8)
	  ->  Index Scan using sbtest3_pkey on sbtest3  (cost=0.43..397.76 rows=103 width=4)
	        Index Cond: ((id >= 229035) AND (id <= 229134))

table 4 : explain SELECT SUM(k) FROM sbtest4 WHERE id BETWEEN 7661405 AND 7661504
	Aggregate  (cost=385.35..385.36 rows=1 width=8)
	  ->  Index Scan using sbtest4_pkey on sbtest4  (cost=0.43..385.10 rows=100 width=4)
	        Index Cond: ((id >= 7661405) AND (id <= 7661504))

table 5 : explain SELECT SUM(k) FROM sbtest5 WHERE id BETWEEN 4523301 AND 4523400
	Aggregate  (cost=406.49..406.50 rows=1 width=8)
	  ->  Index Scan using sbtest5_pkey on sbtest5  (cost=0.43..406.23 rows=105 width=4)
	        Index Cond: ((id >= 4523301) AND (id <= 4523400))

table 6 : explain SELECT SUM(k) FROM sbtest6 WHERE id BETWEEN 7796404 AND 7796503
	Aggregate  (cost=393.88..393.89 rows=1 width=8)
	  ->  Index Scan using sbtest6_pkey on sbtest6  (cost=0.43..393.63 rows=102 width=4)
	        Index Cond: ((id >= 7796404) AND (id <= 7796503))

table 7 : explain SELECT SUM(k) FROM sbtest7 WHERE id BETWEEN 8957606 AND 8957705
	Aggregate  (cost=356.43..356.44 rows=1 width=8)
	  ->  Index Scan using sbtest7_pkey on sbtest7  (cost=0.43..356.20 rows=92 width=4)
	        Index Cond: ((id >= 8957606) AND (id <= 8957705))

table 8 : explain SELECT SUM(k) FROM sbtest8 WHERE id BETWEEN 672432 AND 672531
	Aggregate  (cost=384.13..384.14 rows=1 width=8)
	  ->  Index Scan using sbtest8_pkey on sbtest8  (cost=0.43..383.88 rows=100 width=4)
	        Index Cond: ((id >= 672432) AND (id <= 672531))

for: order_ranges
table 1 : explain SELECT c FROM sbtest1 WHERE id BETWEEN 2342359 AND 2342458 ORDER BY c
	Sort  (cost=406.41..406.67 rows=104 width=121)
	  Sort Key: c
	  ->  Index Scan using sbtest1_pkey on sbtest1  (cost=0.43..402.93 rows=104 width=121)
	        Index Cond: ((id >= 2342359) AND (id <= 2342458))

table 2 : explain SELECT c FROM sbtest2 WHERE id BETWEEN 671583 AND 671682 ORDER BY c
	Sort  (cost=374.80..375.04 rows=96 width=121)
	  Sort Key: c
	  ->  Index Scan using sbtest2_pkey on sbtest2  (cost=0.43..371.64 rows=96 width=121)
	        Index Cond: ((id >= 671583) AND (id <= 671682))

table 3 : explain SELECT c FROM sbtest3 WHERE id BETWEEN 7442168 AND 7442267 ORDER BY c
	Sort  (cost=416.63..416.90 rows=107 width=121)
	  Sort Key: c
	  ->  Index Scan using sbtest3_pkey on sbtest3  (cost=0.43..413.02 rows=107 width=121)
	        Index Cond: ((id >= 7442168) AND (id <= 7442267))

table 4 : explain SELECT c FROM sbtest4 WHERE id BETWEEN 5286552 AND 5286651 ORDER BY c
	Sort  (cost=373.05..373.29 rows=96 width=121)
	  Sort Key: c
	  ->  Index Scan using sbtest4_pkey on sbtest4  (cost=0.43..369.89 rows=96 width=121)
	        Index Cond: ((id >= 5286552) AND (id <= 5286651))

table 5 : explain SELECT c FROM sbtest5 WHERE id BETWEEN 4607097 AND 4607196 ORDER BY c
	Sort  (cost=367.25..367.49 rows=94 width=121)
	  Sort Key: c
	  ->  Index Scan using sbtest5_pkey on sbtest5  (cost=0.43..364.17 rows=94 width=121)
	        Index Cond: ((id >= 4607097) AND (id <= 4607196))

table 6 : explain SELECT c FROM sbtest6 WHERE id BETWEEN 9126433 AND 9126532 ORDER BY c
	Sort  (cost=412.44..412.71 rows=106 width=121)
	  Sort Key: c
	  ->  Index Scan using sbtest6_pkey on sbtest6  (cost=0.43..408.88 rows=106 width=121)
	        Index Cond: ((id >= 9126433) AND (id <= 9126532))

table 7 : explain SELECT c FROM sbtest7 WHERE id BETWEEN 7981005 AND 7981104 ORDER BY c
	Sort  (cost=397.80..398.05 rows=102 width=121)
	  Sort Key: c
	  ->  Index Scan using sbtest7_pkey on sbtest7  (cost=0.43..394.39 rows=102 width=121)
	        Index Cond: ((id >= 7981005) AND (id <= 7981104))

table 8 : explain SELECT c FROM sbtest8 WHERE id BETWEEN 639629 AND 639728 ORDER BY c
	Sort  (cost=387.20..387.45 rows=100 width=121)
	  Sort Key: c
	  ->  Index Scan using sbtest8_pkey on sbtest8  (cost=0.43..383.88 rows=100 width=121)
	        Index Cond: ((id >= 639629) AND (id <= 639728))

for deletes
table 1 : explain DELETE FROM sbtest1 WHERE id=847233
	Delete on sbtest1  (cost=0.43..8.45 rows=0 width=0)
	  ->  Index Scan using sbtest1_pkey on sbtest1  (cost=0.43..8.45 rows=1 width=6)
	        Index Cond: (id = 847233)

table 2 : explain DELETE FROM sbtest2 WHERE id=3474838
	Delete on sbtest2  (cost=0.43..8.45 rows=0 width=0)
	  ->  Index Scan using sbtest2_pkey on sbtest2  (cost=0.43..8.45 rows=1 width=6)
	        Index Cond: (id = 3474838)

table 3 : explain DELETE FROM sbtest3 WHERE id=9952176
	Delete on sbtest3  (cost=0.43..8.45 rows=0 width=0)
	  ->  Index Scan using sbtest3_pkey on sbtest3  (cost=0.43..8.45 rows=1 width=6)
	        Index Cond: (id = 9952176)

table 4 : explain DELETE FROM sbtest4 WHERE id=4263210
	Delete on sbtest4  (cost=0.43..8.45 rows=0 width=0)
	  ->  Index Scan using sbtest4_pkey on sbtest4  (cost=0.43..8.45 rows=1 width=6)
	        Index Cond: (id = 4263210)

table 5 : explain DELETE FROM sbtest5 WHERE id=9433436
	Delete on sbtest5  (cost=0.43..8.45 rows=0 width=0)
	  ->  Index Scan using sbtest5_pkey on sbtest5  (cost=0.43..8.45 rows=1 width=6)
	        Index Cond: (id = 9433436)

table 6 : explain DELETE FROM sbtest6 WHERE id=7364826
	Delete on sbtest6  (cost=0.43..8.45 rows=0 width=0)
	  ->  Index Scan using sbtest6_pkey on sbtest6  (cost=0.43..8.45 rows=1 width=6)
	        Index Cond: (id = 7364826)

table 7 : explain DELETE FROM sbtest7 WHERE id=6783252
	Delete on sbtest7  (cost=0.43..8.45 rows=0 width=0)
	  ->  Index Scan using sbtest7_pkey on sbtest7  (cost=0.43..8.45 rows=1 width=6)
	        Index Cond: (id = 6783252)

table 8 : explain DELETE FROM sbtest8 WHERE id=472149
	Delete on sbtest8  (cost=0.43..8.45 rows=0 width=0)
	  ->  Index Scan using sbtest8_pkey on sbtest8  (cost=0.43..8.45 rows=1 width=6)
	        Index Cond: (id = 472149)

for inserts
table 1 : explain INSERT INTO sbtest1 (id, k, c, pad) VALUES (9660541, 13, 'foobar', 'foobar')
	Insert on sbtest1  (cost=0.00..0.01 rows=0 width=0)
	  ->  Result  (cost=0.00..0.01 rows=1 width=736)

table 2 : explain INSERT INTO sbtest2 (id, k, c, pad) VALUES (1034975, 13, 'foobar', 'foobar')
	Insert on sbtest2  (cost=0.00..0.01 rows=0 width=0)
	  ->  Result  (cost=0.00..0.01 rows=1 width=736)

table 3 : explain INSERT INTO sbtest3 (id, k, c, pad) VALUES (3166059, 13, 'foobar', 'foobar')
	Insert on sbtest3  (cost=0.00..0.01 rows=0 width=0)
	  ->  Result  (cost=0.00..0.01 rows=1 width=736)

table 4 : explain INSERT INTO sbtest4 (id, k, c, pad) VALUES (58781, 13, 'foobar', 'foobar')
	Insert on sbtest4  (cost=0.00..0.01 rows=0 width=0)
	  ->  Result  (cost=0.00..0.01 rows=1 width=736)

table 5 : explain INSERT INTO sbtest5 (id, k, c, pad) VALUES (7738634, 13, 'foobar', 'foobar')
	Insert on sbtest5  (cost=0.00..0.01 rows=0 width=0)
	  ->  Result  (cost=0.00..0.01 rows=1 width=736)

table 6 : explain INSERT INTO sbtest6 (id, k, c, pad) VALUES (4657538, 13, 'foobar', 'foobar')
	Insert on sbtest6  (cost=0.00..0.01 rows=0 width=0)
	  ->  Result  (cost=0.00..0.01 rows=1 width=736)

table 7 : explain INSERT INTO sbtest7 (id, k, c, pad) VALUES (6838720, 13, 'foobar', 'foobar')
	Insert on sbtest7  (cost=0.00..0.01 rows=0 width=0)
	  ->  Result  (cost=0.00..0.01 rows=1 width=736)

table 8 : explain INSERT INTO sbtest8 (id, k, c, pad) VALUES (3608695, 13, 'foobar', 'foobar')
	Insert on sbtest8  (cost=0.00..0.01 rows=0 width=0)
	  ->  Result  (cost=0.00..0.01 rows=1 width=736)

explain: for inserts :: explain INSERT INTO sbtest%u (id, k, c, pad) VALUES (%u, 13, 'foobar', 'foobar')
explain: for inserts :: explain INSERT INTO sbtest%u (id, k, c, pad) VALUES (%u, 13, 'foobar', 'foobar')
for: simple_ranges
table 1 : explain SELECT c FROM sbtest1 WHERE id BETWEEN 3685288 AND 3685387
	Index Scan using sbtest1_pkey on sbtest1  (cost=0.43..349.28 rows=90 width=121)
	  Index Cond: ((id >= 3685288) AND (id <= 3685387))

table 2 : explain SELECT c FROM sbtest2 WHERE id BETWEEN 8543430 AND 8543529
	Index Scan using sbtest2_pkey on sbtest2  (cost=0.43..383.10 rows=99 width=121)
	  Index Cond: ((id >= 8543430) AND (id <= 8543529))

table 3 : explain SELECT c FROM sbtest3 WHERE id BETWEEN 342092 AND 342191
	Index Scan using sbtest3_pkey on sbtest3  (cost=0.43..374.87 rows=97 width=121)
	  Index Cond: ((id >= 342092) AND (id <= 342191))

table 4 : explain SELECT c FROM sbtest4 WHERE id BETWEEN 9237762 AND 9237861
	Index Scan using sbtest4_pkey on sbtest4  (cost=0.43..388.90 rows=101 width=121)
	  Index Cond: ((id >= 9237762) AND (id <= 9237861))

table 5 : explain SELECT c FROM sbtest5 WHERE id BETWEEN 7989770 AND 7989869
	Index Scan using sbtest5_pkey on sbtest5  (cost=0.43..371.82 rows=96 width=121)
	  Index Cond: ((id >= 7989770) AND (id <= 7989869))

table 6 : explain SELECT c FROM sbtest6 WHERE id BETWEEN 8613111 AND 8613210
	Index Scan using sbtest6_pkey on sbtest6  (cost=0.43..401.25 rows=104 width=121)
	  Index Cond: ((id >= 8613111) AND (id <= 8613210))

table 7 : explain SELECT c FROM sbtest7 WHERE id BETWEEN 2317527 AND 2317626
	Index Scan using sbtest7_pkey on sbtest7  (cost=0.43..382.94 rows=99 width=121)
	  Index Cond: ((id >= 2317527) AND (id <= 2317626))

table 8 : explain SELECT c FROM sbtest8 WHERE id BETWEEN 7337735 AND 7337834
	Index Scan using sbtest8_pkey on sbtest8  (cost=0.43..391.46 rows=102 width=121)
	  Index Cond: ((id >= 7337735) AND (id <= 7337834))

for: distinct_ranges
table 1 : explain SELECT DISTINCT c FROM sbtest1 WHERE id BETWEEN 9119700 AND 9119799 ORDER BY c
	Unique  (cost=390.93..391.43 rows=100 width=121)
	  ->  Sort  (cost=390.93..391.18 rows=100 width=121)
	        Sort Key: c
	        ->  Index Scan using sbtest1_pkey on sbtest1  (cost=0.43..387.61 rows=100 width=121)
	              Index Cond: ((id >= 9119700) AND (id <= 9119799))

table 2 : explain SELECT DISTINCT c FROM sbtest2 WHERE id BETWEEN 3621107 AND 3621206 ORDER BY c
	Unique  (cost=374.80..375.28 rows=96 width=121)
	  ->  Sort  (cost=374.80..375.04 rows=96 width=121)
	        Sort Key: c
	        ->  Index Scan using sbtest2_pkey on sbtest2  (cost=0.43..371.64 rows=96 width=121)
	              Index Cond: ((id >= 3621107) AND (id <= 3621206))

table 3 : explain SELECT DISTINCT c FROM sbtest3 WHERE id BETWEEN 5644864 AND 5644963 ORDER BY c
	Unique  (cost=378.07..378.56 rows=97 width=121)
	  ->  Sort  (cost=378.07..378.31 rows=97 width=121)
	        Sort Key: c
	        ->  Index Scan using sbtest3_pkey on sbtest3  (cost=0.43..374.87 rows=97 width=121)
	              Index Cond: ((id >= 5644864) AND (id <= 5644963))

table 4 : explain SELECT DISTINCT c FROM sbtest4 WHERE id BETWEEN 2973037 AND 2973136 ORDER BY c
	Unique  (cost=423.01..423.56 rows=109 width=121)
	  ->  Sort  (cost=423.01..423.28 rows=109 width=121)
	        Sort Key: c
	        ->  Index Scan using sbtest4_pkey on sbtest4  (cost=0.43..419.32 rows=109 width=121)
	              Index Cond: ((id >= 2973037) AND (id <= 2973136))

table 5 : explain SELECT DISTINCT c FROM sbtest5 WHERE id BETWEEN 256325 AND 256424 ORDER BY c
	Unique  (cost=367.25..367.72 rows=94 width=121)
	  ->  Sort  (cost=367.25..367.49 rows=94 width=121)
	        Sort Key: c
	        ->  Index Scan using sbtest5_pkey on sbtest5  (cost=0.43..364.17 rows=94 width=121)
	              Index Cond: ((id >= 256325) AND (id <= 256424))

table 6 : explain SELECT DISTINCT c FROM sbtest6 WHERE id BETWEEN 8277389 AND 8277488 ORDER BY c
	Unique  (cost=373.92..374.40 rows=96 width=121)
	  ->  Sort  (cost=373.92..374.16 rows=96 width=121)
	        Sort Key: c
	        ->  Index Scan using sbtest6_pkey on sbtest6  (cost=0.43..370.75 rows=96 width=121)
	              Index Cond: ((id >= 8277389) AND (id <= 8277488))

table 7 : explain SELECT DISTINCT c FROM sbtest7 WHERE id BETWEEN 9364713 AND 9364812 ORDER BY c
	Unique  (cost=382.36..382.85 rows=98 width=121)
	  ->  Sort  (cost=382.36..382.60 rows=98 width=121)
	        Sort Key: c
	        ->  Index Scan using sbtest7_pkey on sbtest7  (cost=0.43..379.12 rows=98 width=121)
	              Index Cond: ((id >= 9364713) AND (id <= 9364812))

table 8 : explain SELECT DISTINCT c FROM sbtest8 WHERE id BETWEEN 7942750 AND 7942849 ORDER BY c
	Unique  (cost=394.86..395.37 rows=102 width=121)
	  ->  Sort  (cost=394.86..395.12 rows=102 width=121)
	        Sort Key: c
	        ->  Index Scan using sbtest8_pkey on sbtest8  (cost=0.43..391.46 rows=102 width=121)
	              Index Cond: ((id >= 7942750) AND (id <= 7942849))

for inserts
table 1 : explain INSERT INTO sbtest1 (id, k, c, pad) VALUES (9704878, 13, 'foobar', 'foobar')
	Insert on sbtest1  (cost=0.00..0.01 rows=0 width=0)
	  ->  Result  (cost=0.00..0.01 rows=1 width=736)

table 2 : explain INSERT INTO sbtest2 (id, k, c, pad) VALUES (1436765, 13, 'foobar', 'foobar')
	Insert on sbtest2  (cost=0.00..0.01 rows=0 width=0)
	  ->  Result  (cost=0.00..0.01 rows=1 width=736)

table 3 : explain INSERT INTO sbtest3 (id, k, c, pad) VALUES (6473765, 13, 'foobar', 'foobar')
	Insert on sbtest3  (cost=0.00..0.01 rows=0 width=0)
	  ->  Result  (cost=0.00..0.01 rows=1 width=736)

table 4 : explain INSERT INTO sbtest4 (id, k, c, pad) VALUES (2208096, 13, 'foobar', 'foobar')
	Insert on sbtest4  (cost=0.00..0.01 rows=0 width=0)
	  ->  Result  (cost=0.00..0.01 rows=1 width=736)

table 5 : explain INSERT INTO sbtest5 (id, k, c, pad) VALUES (4108978, 13, 'foobar', 'foobar')
	Insert on sbtest5  (cost=0.00..0.01 rows=0 width=0)
	  ->  Result  (cost=0.00..0.01 rows=1 width=736)

table 6 : explain INSERT INTO sbtest6 (id, k, c, pad) VALUES (8922142, 13, 'foobar', 'foobar')
	Insert on sbtest6  (cost=0.00..0.01 rows=0 width=0)
	  ->  Result  (cost=0.00..0.01 rows=1 width=736)

table 7 : explain INSERT INTO sbtest7 (id, k, c, pad) VALUES (5311101, 13, 'foobar', 'foobar')
	Insert on sbtest7  (cost=0.00..0.01 rows=0 width=0)
	  ->  Result  (cost=0.00..0.01 rows=1 width=736)

table 8 : explain INSERT INTO sbtest8 (id, k, c, pad) VALUES (2304128, 13, 'foobar', 'foobar')
	Insert on sbtest8  (cost=0.00..0.01 rows=0 width=0)
	  ->  Result  (cost=0.00..0.01 rows=1 width=736)

explain: for inserts :: explain INSERT INTO sbtest%u (id, k, c, pad) VALUES (%u, 13, 'foobar', 'foobar')
explain: for index_updates :: explain UPDATE sbtest%u SET k=k+1 WHERE id=%u
for: order_ranges
table 1 : explain SELECT c FROM sbtest1 WHERE id BETWEEN 4790807 AND 4790906 ORDER BY c
	Sort  (cost=367.67..367.91 rows=94 width=121)
	  Sort Key: c
	  ->  Index Scan using sbtest1_pkey on sbtest1  (cost=0.43..364.59 rows=94 width=121)
	        Index Cond: ((id >= 4790807) AND (id <= 4790906))

table 2 : explain SELECT c FROM sbtest2 WHERE id BETWEEN 9284113 AND 9284212 ORDER BY c
	Sort  (cost=370.94..371.17 rows=95 width=121)
	  Sort Key: c
	  ->  Index Scan using sbtest2_pkey on sbtest2  (cost=0.43..367.81 rows=95 width=121)
	        Index Cond: ((id >= 9284113) AND (id <= 9284212))

table 3 : explain SELECT c FROM sbtest3 WHERE id BETWEEN 6740482 AND 6740581 ORDER BY c
	Sort  (cost=378.07..378.31 rows=97 width=121)
	  Sort Key: c
	  ->  Index Scan using sbtest3_pkey on sbtest3  (cost=0.43..374.87 rows=97 width=121)
	        Index Cond: ((id >= 6740482) AND (id <= 6740581))

table 4 : explain SELECT c FROM sbtest4 WHERE id BETWEEN 4887610 AND 4887709 ORDER BY c
	Sort  (cost=384.58..384.82 rows=99 width=121)
	  Sort Key: c
	  ->  Index Scan using sbtest4_pkey on sbtest4  (cost=0.43..381.29 rows=99 width=121)
	        Index Cond: ((id >= 4887610) AND (id <= 4887709))

table 5 : explain SELECT c FROM sbtest5 WHERE id BETWEEN 6523433 AND 6523532 ORDER BY c
	Sort  (cost=398.16..398.41 rows=102 width=121)
	  Sort Key: c
	  ->  Index Scan using sbtest5_pkey on sbtest5  (cost=0.43..394.76 rows=102 width=121)
	        Index Cond: ((id >= 6523433) AND (id <= 6523532))

table 6 : explain SELECT c FROM sbtest6 WHERE id BETWEEN 7579519 AND 7579618 ORDER BY c
	Sort  (cost=416.29..416.56 rows=107 width=121)
	  Sort Key: c
	  ->  Index Scan using sbtest6_pkey on sbtest6  (cost=0.43..412.69 rows=107 width=121)
	        Index Cond: ((id >= 7579519) AND (id <= 7579618))

table 7 : explain SELECT c FROM sbtest7 WHERE id BETWEEN 4181241 AND 4181340 ORDER BY c
	Sort  (cost=370.78..371.01 rows=95 width=121)
	  Sort Key: c
	  ->  Index Scan using sbtest7_pkey on sbtest7  (cost=0.43..367.66 rows=95 width=121)
	        Index Cond: ((id >= 4181241) AND (id <= 4181340))

table 8 : explain SELECT c FROM sbtest8 WHERE id BETWEEN 9975920 AND 9976019 ORDER BY c
	Sort  (cost=375.71..375.95 rows=97 width=121)
	  Sort Key: c
	  ->  Index Scan using sbtest8_pkey on sbtest8  (cost=0.43..372.51 rows=97 width=121)
	        Index Cond: ((id >= 9975920) AND (id <= 9976019))

for: distinct_ranges
table 1 : explain SELECT DISTINCT c FROM sbtest1 WHERE id BETWEEN 7116665 AND 7116764 ORDER BY c
	Unique  (cost=379.33..379.81 rows=97 width=121)
	  ->  Sort  (cost=379.33..379.57 rows=97 width=121)
	        Sort Key: c
	        ->  Index Scan using sbtest1_pkey on sbtest1  (cost=0.43..376.13 rows=97 width=121)
	              Index Cond: ((id >= 7116665) AND (id <= 7116764))

table 2 : explain SELECT DISTINCT c FROM sbtest2 WHERE id BETWEEN 1480510 AND 1480609 ORDER BY c
	Unique  (cost=367.02..367.49 rows=94 width=121)
	  ->  Sort  (cost=367.02..367.26 rows=94 width=121)
	        Sort Key: c
	        ->  Index Scan using sbtest2_pkey on sbtest2  (cost=0.43..363.94 rows=94 width=121)
	              Index Cond: ((id >= 1480510) AND (id <= 1480609))

table 3 : explain SELECT DISTINCT c FROM sbtest3 WHERE id BETWEEN 4343605 AND 4343704 ORDER BY c
	Unique  (cost=374.22..374.70 rows=96 width=121)
	  ->  Sort  (cost=374.22..374.46 rows=96 width=121)
	        Sort Key: c
	        ->  Index Scan using sbtest3_pkey on sbtest3  (cost=0.43..371.06 rows=96 width=121)
	              Index Cond: ((id >= 4343605) AND (id <= 4343704))

table 4 : explain SELECT DISTINCT c FROM sbtest4 WHERE id BETWEEN 9058402 AND 9058501 ORDER BY c
	Unique  (cost=419.17..419.71 rows=108 width=121)
	  ->  Sort  (cost=419.17..419.44 rows=108 width=121)
	        Sort Key: c
	        ->  Index Scan using sbtest4_pkey on sbtest4  (cost=0.43..415.52 rows=108 width=121)
	              Index Cond: ((id >= 9058402) AND (id <= 9058501))

table 5 : explain SELECT DISTINCT c FROM sbtest5 WHERE id BETWEEN 1091475 AND 1091574 ORDER BY c
	Unique  (cost=402.02..402.54 rows=103 width=121)
	  ->  Sort  (cost=402.02..402.28 rows=103 width=121)
	        Sort Key: c
	        ->  Index Scan using sbtest5_pkey on sbtest5  (cost=0.43..398.58 rows=103 width=121)
	              Index Cond: ((id >= 1091475) AND (id <= 1091574))

table 6 : explain SELECT DISTINCT c FROM sbtest6 WHERE id BETWEEN 2671747 AND 2671846 ORDER BY c
	Unique  (cost=370.06..370.54 rows=95 width=121)
	  ->  Sort  (cost=370.06..370.30 rows=95 width=121)
	        Sort Key: c
	        ->  Index Scan using sbtest6_pkey on sbtest6  (cost=0.43..366.94 rows=95 width=121)
	              Index Cond: ((id >= 2671747) AND (id <= 2671846))

table 7 : explain SELECT DISTINCT c FROM sbtest7 WHERE id BETWEEN 6190607 AND 6190706 ORDER BY c
	Unique  (cost=401.66..402.17 rows=103 width=121)
	  ->  Sort  (cost=401.66..401.92 rows=103 width=121)
	        Sort Key: c
	        ->  Index Scan using sbtest7_pkey on sbtest7  (cost=0.43..398.21 rows=103 width=121)
	              Index Cond: ((id >= 6190607) AND (id <= 6190706))

table 8 : explain SELECT DISTINCT c FROM sbtest8 WHERE id BETWEEN 1887526 AND 1887625 ORDER BY c
	Unique  (cost=444.67..445.24 rows=115 width=121)
	  ->  Sort  (cost=444.67..444.96 rows=115 width=121)
	        Sort Key: c
	        ->  Index Scan using sbtest8_pkey on sbtest8  (cost=0.43..440.73 rows=115 width=121)
	              Index Cond: ((id >= 1887526) AND (id <= 1887625))

for inserts
table 1 : explain INSERT INTO sbtest1 (id, k, c, pad) VALUES (9763766, 13, 'foobar', 'foobar')
	Insert on sbtest1  (cost=0.00..0.01 rows=0 width=0)
	  ->  Result  (cost=0.00..0.01 rows=1 width=736)

table 2 : explain INSERT INTO sbtest2 (id, k, c, pad) VALUES (9627052, 13, 'foobar', 'foobar')
	Insert on sbtest2  (cost=0.00..0.01 rows=0 width=0)
	  ->  Result  (cost=0.00..0.01 rows=1 width=736)

table 3 : explain INSERT INTO sbtest3 (id, k, c, pad) VALUES (8040663, 13, 'foobar', 'foobar')
	Insert on sbtest3  (cost=0.00..0.01 rows=0 width=0)
	  ->  Result  (cost=0.00..0.01 rows=1 width=736)

table 4 : explain INSERT INTO sbtest4 (id, k, c, pad) VALUES (2470912, 13, 'foobar', 'foobar')
	Insert on sbtest4  (cost=0.00..0.01 rows=0 width=0)
	  ->  Result  (cost=0.00..0.01 rows=1 width=736)

table 5 : explain INSERT INTO sbtest5 (id, k, c, pad) VALUES (8500087, 13, 'foobar', 'foobar')
	Insert on sbtest5  (cost=0.00..0.01 rows=0 width=0)
	  ->  Result  (cost=0.00..0.01 rows=1 width=736)

table 6 : explain INSERT INTO sbtest6 (id, k, c, pad) VALUES (2541873, 13, 'foobar', 'foobar')
	Insert on sbtest6  (cost=0.00..0.01 rows=0 width=0)
	  ->  Result  (cost=0.00..0.01 rows=1 width=736)

table 7 : explain INSERT INTO sbtest7 (id, k, c, pad) VALUES (6357558, 13, 'foobar', 'foobar')
	Insert on sbtest7  (cost=0.00..0.01 rows=0 width=0)
	  ->  Result  (cost=0.00..0.01 rows=1 width=736)

table 8 : explain INSERT INTO sbtest8 (id, k, c, pad) VALUES (4659240, 13, 'foobar', 'foobar')
	Insert on sbtest8  (cost=0.00..0.01 rows=0 width=0)
	  ->  Result  (cost=0.00..0.01 rows=1 width=736)

for inserts
table 1 : explain INSERT INTO sbtest1 (id, k, c, pad) VALUES (8382393, 13, 'foobar', 'foobar')
	Insert on sbtest1  (cost=0.00..0.01 rows=0 width=0)
	  ->  Result  (cost=0.00..0.01 rows=1 width=736)

table 2 : explain INSERT INTO sbtest2 (id, k, c, pad) VALUES (686839, 13, 'foobar', 'foobar')
	Insert on sbtest2  (cost=0.00..0.01 rows=0 width=0)
	  ->  Result  (cost=0.00..0.01 rows=1 width=736)

table 3 : explain INSERT INTO sbtest3 (id, k, c, pad) VALUES (7717265, 13, 'foobar', 'foobar')
	Insert on sbtest3  (cost=0.00..0.01 rows=0 width=0)
	  ->  Result  (cost=0.00..0.01 rows=1 width=736)

table 4 : explain INSERT INTO sbtest4 (id, k, c, pad) VALUES (3757890, 13, 'foobar', 'foobar')
	Insert on sbtest4  (cost=0.00..0.01 rows=0 width=0)
	  ->  Result  (cost=0.00..0.01 rows=1 width=736)

table 5 : explain INSERT INTO sbtest5 (id, k, c, pad) VALUES (8018443, 13, 'foobar', 'foobar')
	Insert on sbtest5  (cost=0.00..0.01 rows=0 width=0)
	  ->  Result  (cost=0.00..0.01 rows=1 width=736)

table 6 : explain INSERT INTO sbtest6 (id, k, c, pad) VALUES (596008, 13, 'foobar', 'foobar')
	Insert on sbtest6  (cost=0.00..0.01 rows=0 width=0)
	  ->  Result  (cost=0.00..0.01 rows=1 width=736)

table 7 : explain INSERT INTO sbtest7 (id, k, c, pad) VALUES (1126418, 13, 'foobar', 'foobar')
	Insert on sbtest7  (cost=0.00..0.01 rows=0 width=0)
	  ->  Result  (cost=0.00..0.01 rows=1 width=736)

table 8 : explain INSERT INTO sbtest8 (id, k, c, pad) VALUES (6604404, 13, 'foobar', 'foobar')
	Insert on sbtest8  (cost=0.00..0.01 rows=0 width=0)
	  ->  Result  (cost=0.00..0.01 rows=1 width=736)

explain: for index_updates :: explain UPDATE sbtest%u SET k=k+1 WHERE id=%u
for: sum_ranges
table 1 : explain SELECT SUM(k) FROM sbtest1 WHERE id BETWEEN 672581 AND 672680
	Aggregate  (cost=368.66..368.67 rows=1 width=8)
	  ->  Index Scan using sbtest1_pkey on sbtest1  (cost=0.43..368.42 rows=95 width=4)
	        Index Cond: ((id >= 672581) AND (id <= 672680))

table 2 : explain SELECT SUM(k) FROM sbtest2 WHERE id BETWEEN 1402176 AND 1402275
	Aggregate  (cost=364.18..364.19 rows=1 width=8)
	  ->  Index Scan using sbtest2_pkey on sbtest2  (cost=0.43..363.94 rows=94 width=4)
	        Index Cond: ((id >= 1402176) AND (id <= 1402275))

table 3 : explain SELECT SUM(k) FROM sbtest3 WHERE id BETWEEN 4679540 AND 4679639
	Aggregate  (cost=390.38..390.39 rows=1 width=8)
	  ->  Index Scan using sbtest3_pkey on sbtest3  (cost=0.43..390.13 rows=101 width=4)
	        Index Cond: ((id >= 4679540) AND (id <= 4679639))

table 4 : explain SELECT SUM(k) FROM sbtest4 WHERE id BETWEEN 632564 AND 632663
	Aggregate  (cost=396.76..396.77 rows=1 width=8)
	  ->  Index Scan using sbtest4_pkey on sbtest4  (cost=0.43..396.51 rows=103 width=4)
	        Index Cond: ((id >= 632564) AND (id <= 632663))

table 5 : explain SELECT SUM(k) FROM sbtest5 WHERE id BETWEEN 5303289 AND 5303388
	Aggregate  (cost=391.19..391.20 rows=1 width=8)
	  ->  Index Scan using sbtest5_pkey on sbtest5  (cost=0.43..390.93 rows=101 width=4)
	        Index Cond: ((id >= 5303289) AND (id <= 5303388))

table 6 : explain SELECT SUM(k) FROM sbtest6 WHERE id BETWEEN 9709048 AND 9709147
	Aggregate  (cost=370.99..371.00 rows=1 width=8)
	  ->  Index Scan using sbtest6_pkey on sbtest6  (cost=0.43..370.75 rows=96 width=4)
	        Index Cond: ((id >= 9709048) AND (id <= 9709147))

table 7 : explain SELECT SUM(k) FROM sbtest7 WHERE id BETWEEN 9010778 AND 9010877
	Aggregate  (cost=356.43..356.44 rows=1 width=8)
	  ->  Index Scan using sbtest7_pkey on sbtest7  (cost=0.43..356.20 rows=92 width=4)
	        Index Cond: ((id >= 9010778) AND (id <= 9010877))

table 8 : explain SELECT SUM(k) FROM sbtest8 WHERE id BETWEEN 7848550 AND 7848649
	Aggregate  (cost=384.13..384.14 rows=1 width=8)
	  ->  Index Scan using sbtest8_pkey on sbtest8  (cost=0.43..383.88 rows=100 width=4)
	        Index Cond: ((id >= 7848550) AND (id <= 7848649))

explain: for point_selects :: explain SELECT c FROM sbtest%u WHERE id=%u
for: sum_ranges
table 1 : explain SELECT SUM(k) FROM sbtest1 WHERE id BETWEEN 9519539 AND 9519638
	Aggregate  (cost=395.52..395.53 rows=1 width=8)
	  ->  Index Scan using sbtest1_pkey on sbtest1  (cost=0.43..395.27 rows=102 width=4)
	        Index Cond: ((id >= 9519539) AND (id <= 9519638))

table 2 : explain SELECT SUM(k) FROM sbtest2 WHERE id BETWEEN 3160755 AND 3160854
	Aggregate  (cost=364.18..364.19 rows=1 width=8)
	  ->  Index Scan using sbtest2_pkey on sbtest2  (cost=0.43..363.94 rows=94 width=4)
	        Index Cond: ((id >= 3160755) AND (id <= 3160854))

table 3 : explain SELECT SUM(k) FROM sbtest3 WHERE id BETWEEN 8525788 AND 8525887
	Aggregate  (cost=367.48..367.49 rows=1 width=8)
	  ->  Index Scan using sbtest3_pkey on sbtest3  (cost=0.43..367.24 rows=95 width=4)
	        Index Cond: ((id >= 8525788) AND (id <= 8525887))

table 4 : explain SELECT SUM(k) FROM sbtest4 WHERE id BETWEEN 8850735 AND 8850834
	Aggregate  (cost=381.54..381.55 rows=1 width=8)
	  ->  Index Scan using sbtest4_pkey on sbtest4  (cost=0.43..381.29 rows=99 width=4)
	        Index Cond: ((id >= 8850735) AND (id <= 8850834))

table 5 : explain SELECT SUM(k) FROM sbtest5 WHERE id BETWEEN 9551114 AND 9551213
	Aggregate  (cost=372.06..372.07 rows=1 width=8)
	  ->  Index Scan using sbtest5_pkey on sbtest5  (cost=0.43..371.82 rows=96 width=4)
	        Index Cond: ((id >= 9551114) AND (id <= 9551213))

table 6 : explain SELECT SUM(k) FROM sbtest6 WHERE id BETWEEN 8850998 AND 8851097
	Aggregate  (cost=367.18..367.19 rows=1 width=8)
	  ->  Index Scan using sbtest6_pkey on sbtest6  (cost=0.43..366.94 rows=95 width=4)
	        Index Cond: ((id >= 8850998) AND (id <= 8851097))

table 7 : explain SELECT SUM(k) FROM sbtest7 WHERE id BETWEEN 7711592 AND 7711691
	Aggregate  (cost=394.65..394.66 rows=1 width=8)
	  ->  Index Scan using sbtest7_pkey on sbtest7  (cost=0.43..394.39 rows=102 width=4)
	        Index Cond: ((id >= 7711592) AND (id <= 7711691))

table 8 : explain SELECT SUM(k) FROM sbtest8 WHERE id BETWEEN 7749909 AND 7750008
	Aggregate  (cost=391.71..391.72 rows=1 width=8)
	  ->  Index Scan using sbtest8_pkey on sbtest8  (cost=0.43..391.46 rows=102 width=4)
	        Index Cond: ((id >= 7749909) AND (id <= 7750008))

for index_updates
table 1 : explain UPDATE sbtest1 SET k=k+1 WHERE id=3472478
	Update on sbtest1  (cost=0.43..8.46 rows=0 width=0)
	  ->  Index Scan using sbtest1_pkey on sbtest1  (cost=0.43..8.46 rows=1 width=10)
	        Index Cond: (id = 3472478)

table 2 : explain UPDATE sbtest2 SET k=k+1 WHERE id=2596960
	Update on sbtest2  (cost=0.43..8.46 rows=0 width=0)
	  ->  Index Scan using sbtest2_pkey on sbtest2  (cost=0.43..8.46 rows=1 width=10)
	        Index Cond: (id = 2596960)

table 3 : explain UPDATE sbtest3 SET k=k+1 WHERE id=1115876
	Update on sbtest3  (cost=0.43..8.46 rows=0 width=0)
	  ->  Index Scan using sbtest3_pkey on sbtest3  (cost=0.43..8.46 rows=1 width=10)
	        Index Cond: (id = 1115876)

table 4 : explain UPDATE sbtest4 SET k=k+1 WHERE id=7981492
	Update on sbtest4  (cost=0.43..8.46 rows=0 width=0)
	  ->  Index Scan using sbtest4_pkey on sbtest4  (cost=0.43..8.46 rows=1 width=10)
	        Index Cond: (id = 7981492)

table 5 : explain UPDATE sbtest5 SET k=k+1 WHERE id=5456149
	Update on sbtest5  (cost=0.43..8.46 rows=0 width=0)
	  ->  Index Scan using sbtest5_pkey on sbtest5  (cost=0.43..8.46 rows=1 width=10)
	        Index Cond: (id = 5456149)

table 6 : explain UPDATE sbtest6 SET k=k+1 WHERE id=5787918
	Update on sbtest6  (cost=0.43..8.46 rows=0 width=0)
	  ->  Index Scan using sbtest6_pkey on sbtest6  (cost=0.43..8.46 rows=1 width=10)
	        Index Cond: (id = 5787918)

table 7 : explain UPDATE sbtest7 SET k=k+1 WHERE id=613438
	Update on sbtest7  (cost=0.43..8.46 rows=0 width=0)
	  ->  Index Scan using sbtest7_pkey on sbtest7  (cost=0.43..8.46 rows=1 width=10)
	        Index Cond: (id = 613438)

table 8 : explain UPDATE sbtest8 SET k=k+1 WHERE id=2850731
	Update on sbtest8  (cost=0.43..8.46 rows=0 width=0)
	  ->  Index Scan using sbtest8_pkey on sbtest8  (cost=0.43..8.46 rows=1 width=10)
	        Index Cond: (id = 2850731)

for deletes
table 1 : explain DELETE FROM sbtest1 WHERE id=4293764
	Delete on sbtest1  (cost=0.43..8.45 rows=0 width=0)
	  ->  Index Scan using sbtest1_pkey on sbtest1  (cost=0.43..8.45 rows=1 width=6)
	        Index Cond: (id = 4293764)

table 2 : explain DELETE FROM sbtest2 WHERE id=8592775
	Delete on sbtest2  (cost=0.43..8.45 rows=0 width=0)
	  ->  Index Scan using sbtest2_pkey on sbtest2  (cost=0.43..8.45 rows=1 width=6)
	        Index Cond: (id = 8592775)

table 3 : explain DELETE FROM sbtest3 WHERE id=2800694
	Delete on sbtest3  (cost=0.43..8.45 rows=0 width=0)
	  ->  Index Scan using sbtest3_pkey on sbtest3  (cost=0.43..8.45 rows=1 width=6)
	        Index Cond: (id = 2800694)

table 4 : explain DELETE FROM sbtest4 WHERE id=9841706
	Delete on sbtest4  (cost=0.43..8.45 rows=0 width=0)
	  ->  Index Scan using sbtest4_pkey on sbtest4  (cost=0.43..8.45 rows=1 width=6)
	        Index Cond: (id = 9841706)

table 5 : explain DELETE FROM sbtest5 WHERE id=2588793
	Delete on sbtest5  (cost=0.43..8.45 rows=0 width=0)
	  ->  Index Scan using sbtest5_pkey on sbtest5  (cost=0.43..8.45 rows=1 width=6)
	        Index Cond: (id = 2588793)

table 6 : explain DELETE FROM sbtest6 WHERE id=7676416
	Delete on sbtest6  (cost=0.43..8.45 rows=0 width=0)
	  ->  Index Scan using sbtest6_pkey on sbtest6  (cost=0.43..8.45 rows=1 width=6)
	        Index Cond: (id = 7676416)

table 7 : explain DELETE FROM sbtest7 WHERE id=9929310
	Delete on sbtest7  (cost=0.43..8.45 rows=0 width=0)
	  ->  Index Scan using sbtest7_pkey on sbtest7  (cost=0.43..8.45 rows=1 width=6)
	        Index Cond: (id = 9929310)

table 8 : explain DELETE FROM sbtest8 WHERE id=9655495
	Delete on sbtest8  (cost=0.43..8.45 rows=0 width=0)
	  ->  Index Scan using sbtest8_pkey on sbtest8  (cost=0.43..8.45 rows=1 width=6)
	        Index Cond: (id = 9655495)

for index_updates
table 1 : explain UPDATE sbtest1 SET k=k+1 WHERE id=5129993
	Update on sbtest1  (cost=0.43..8.46 rows=0 width=0)
	  ->  Index Scan using sbtest1_pkey on sbtest1  (cost=0.43..8.46 rows=1 width=10)
	        Index Cond: (id = 5129993)

table 2 : explain UPDATE sbtest2 SET k=k+1 WHERE id=1142477
	Update on sbtest2  (cost=0.43..8.46 rows=0 width=0)
	  ->  Index Scan using sbtest2_pkey on sbtest2  (cost=0.43..8.46 rows=1 width=10)
	        Index Cond: (id = 1142477)

table 3 : explain UPDATE sbtest3 SET k=k+1 WHERE id=507811
	Update on sbtest3  (cost=0.43..8.46 rows=0 width=0)
	  ->  Index Scan using sbtest3_pkey on sbtest3  (cost=0.43..8.46 rows=1 width=10)
	        Index Cond: (id = 507811)

table 4 : explain UPDATE sbtest4 SET k=k+1 WHERE id=8835764
	Update on sbtest4  (cost=0.43..8.46 rows=0 width=0)
	  ->  Index Scan using sbtest4_pkey on sbtest4  (cost=0.43..8.46 rows=1 width=10)
	        Index Cond: (id = 8835764)

table 5 : explain UPDATE sbtest5 SET k=k+1 WHERE id=4204998
	Update on sbtest5  (cost=0.43..8.46 rows=0 width=0)
	  ->  Index Scan using sbtest5_pkey on sbtest5  (cost=0.43..8.46 rows=1 width=10)
	        Index Cond: (id = 4204998)

table 6 : explain UPDATE sbtest6 SET k=k+1 WHERE id=3765363
	Update on sbtest6  (cost=0.43..8.46 rows=0 width=0)
	  ->  Index Scan using sbtest6_pkey on sbtest6  (cost=0.43..8.46 rows=1 width=10)
	        Index Cond: (id = 3765363)

table 7 : explain UPDATE sbtest7 SET k=k+1 WHERE id=2965653
	Update on sbtest7  (cost=0.43..8.46 rows=0 width=0)
	  ->  Index Scan using sbtest7_pkey on sbtest7  (cost=0.43..8.46 rows=1 width=10)
	        Index Cond: (id = 2965653)

table 8 : explain UPDATE sbtest8 SET k=k+1 WHERE id=3307391
	Update on sbtest8  (cost=0.43..8.46 rows=0 width=0)
	  ->  Index Scan using sbtest8_pkey on sbtest8  (cost=0.43..8.46 rows=1 width=10)
	        Index Cond: (id = 3307391)

explain: for non_index_updates :: explain UPDATE sbtest%u SET c='foobar' WHERE id=%u
for point_selects
table 1 : explain SELECT c FROM sbtest1 WHERE id=3469194
	Index Scan using sbtest1_pkey on sbtest1  (cost=0.43..8.45 rows=1 width=121)
	  Index Cond: (id = 3469194)

table 2 : explain SELECT c FROM sbtest2 WHERE id=9826688
	Index Scan using sbtest2_pkey on sbtest2  (cost=0.43..8.45 rows=1 width=121)
	  Index Cond: (id = 9826688)

table 3 : explain SELECT c FROM sbtest3 WHERE id=376604
	Index Scan using sbtest3_pkey on sbtest3  (cost=0.43..8.45 rows=1 width=121)
	  Index Cond: (id = 376604)

table 4 : explain SELECT c FROM sbtest4 WHERE id=1628166
	Index Scan using sbtest4_pkey on sbtest4  (cost=0.43..8.45 rows=1 width=121)
	  Index Cond: (id = 1628166)

table 5 : explain SELECT c FROM sbtest5 WHERE id=6163007
	Index Scan using sbtest5_pkey on sbtest5  (cost=0.43..8.45 rows=1 width=121)
	  Index Cond: (id = 6163007)

table 6 : explain SELECT c FROM sbtest6 WHERE id=4638195
	Index Scan using sbtest6_pkey on sbtest6  (cost=0.43..8.45 rows=1 width=121)
	  Index Cond: (id = 4638195)

table 7 : explain SELECT c FROM sbtest7 WHERE id=6084155
	Index Scan using sbtest7_pkey on sbtest7  (cost=0.43..8.45 rows=1 width=121)
	  Index Cond: (id = 6084155)

table 8 : explain SELECT c FROM sbtest8 WHERE id=5318861
	Index Scan using sbtest8_pkey on sbtest8  (cost=0.43..8.45 rows=1 width=121)
	  Index Cond: (id = 5318861)

explain: for point_selects :: explain SELECT c FROM sbtest%u WHERE id=%u
explain: for point_selects :: explain SELECT c FROM sbtest%u WHERE id=%u
for: simple_ranges
table 1 : explain SELECT c FROM sbtest1 WHERE id BETWEEN 6234602 AND 6234701
	Index Scan using sbtest1_pkey on sbtest1  (cost=0.43..368.42 rows=95 width=121)
	  Index Cond: ((id >= 6234602) AND (id <= 6234701))

table 2 : explain SELECT c FROM sbtest2 WHERE id BETWEEN 5648049 AND 5648148
	Index Scan using sbtest2_pkey on sbtest2  (cost=0.43..448.06 rows=116 width=121)
	  Index Cond: ((id >= 5648049) AND (id <= 5648148))

table 3 : explain SELECT c FROM sbtest3 WHERE id BETWEEN 3051129 AND 3051228
	Index Scan using sbtest3_pkey on sbtest3  (cost=0.43..397.76 rows=103 width=121)
	  Index Cond: ((id >= 3051129) AND (id <= 3051228))

table 4 : explain SELECT c FROM sbtest4 WHERE id BETWEEN 5687966 AND 5688065
	Index Scan using sbtest4_pkey on sbtest4  (cost=0.43..381.29 rows=99 width=121)
	  Index Cond: ((id >= 5687966) AND (id <= 5688065))

table 5 : explain SELECT c FROM sbtest5 WHERE id BETWEEN 6032395 AND 6032494
	Index Scan using sbtest5_pkey on sbtest5  (cost=0.43..402.40 rows=104 width=121)
	  Index Cond: ((id >= 6032395) AND (id <= 6032494))

table 6 : explain SELECT c FROM sbtest6 WHERE id BETWEEN 8762952 AND 8763051
	Index Scan using sbtest6_pkey on sbtest6  (cost=0.43..374.57 rows=97 width=121)
	  Index Cond: ((id >= 8762952) AND (id <= 8763051))

table 7 : explain SELECT c FROM sbtest7 WHERE id BETWEEN 4716796 AND 4716895
	Index Scan using sbtest7_pkey on sbtest7  (cost=0.43..394.39 rows=102 width=121)
	  Index Cond: ((id >= 4716796) AND (id <= 4716895))

table 8 : explain SELECT c FROM sbtest8 WHERE id BETWEEN 2304942 AND 2305041
	Index Scan using sbtest8_pkey on sbtest8  (cost=0.43..399.04 rows=104 width=121)
	  Index Cond: ((id >= 2304942) AND (id <= 2305041))

explain: for non_index_updates :: explain UPDATE sbtest%u SET c='foobar' WHERE id=%u
for: distinct_ranges
table 1 : explain SELECT DISTINCT c FROM sbtest1 WHERE id BETWEEN 5988159 AND 5988258 ORDER BY c
	Unique  (cost=356.07..356.52 rows=91 width=121)
	  ->  Sort  (cost=356.07..356.30 rows=91 width=121)
	        Sort Key: c
	        ->  Index Scan using sbtest1_pkey on sbtest1  (cost=0.43..353.11 rows=91 width=121)
	              Index Cond: ((id >= 5988159) AND (id <= 5988258))

table 2 : explain SELECT DISTINCT c FROM sbtest2 WHERE id BETWEEN 409894 AND 409993 ORDER BY c
	Unique  (cost=390.24..390.74 rows=100 width=121)
	  ->  Sort  (cost=390.24..390.49 rows=100 width=121)
	        Sort Key: c
	        ->  Index Scan using sbtest2_pkey on sbtest2  (cost=0.43..386.92 rows=100 width=121)
	              Index Cond: ((id >= 409894) AND (id <= 409993))

table 3 : explain SELECT DISTINCT c FROM sbtest3 WHERE id BETWEEN 7026344 AND 7026443 ORDER BY c
	Unique  (cost=385.78..386.28 rows=99 width=121)
	  ->  Sort  (cost=385.78..386.03 rows=99 width=121)
	        Sort Key: c
	        ->  Index Scan using sbtest3_pkey on sbtest3  (cost=0.43..382.50 rows=99 width=121)
	              Index Cond: ((id >= 7026344) AND (id <= 7026443))

table 4 : explain SELECT DISTINCT c FROM sbtest4 WHERE id BETWEEN 6641806 AND 6641905 ORDER BY c
	Unique  (cost=376.89..377.38 rows=97 width=121)
	  ->  Sort  (cost=376.89..377.13 rows=97 width=121)
	        Sort Key: c
	        ->  Index Scan using sbtest4_pkey on sbtest4  (cost=0.43..373.69 rows=97 width=121)
	              Index Cond: ((id >= 6641806) AND (id <= 6641905))

table 5 : explain SELECT DISTINCT c FROM sbtest5 WHERE id BETWEEN 7997903 AND 7998002 ORDER BY c
	Unique  (cost=374.98..375.46 rows=96 width=121)
	  ->  Sort  (cost=374.98..375.22 rows=96 width=121)
	        Sort Key: c
	        ->  Index Scan using sbtest5_pkey on sbtest5  (cost=0.43..371.82 rows=96 width=121)
	              Index Cond: ((id >= 7997903) AND (id <= 7998002))

table 6 : explain SELECT DISTINCT c FROM sbtest6 WHERE id BETWEEN 5018014 AND 5018113 ORDER BY c
	Unique  (cost=389.32..389.82 rows=100 width=121)
	  ->  Sort  (cost=389.32..389.57 rows=100 width=121)
	        Sort Key: c
	        ->  Index Scan using sbtest6_pkey on sbtest6  (cost=0.43..386.00 rows=100 width=121)
	              Index Cond: ((id >= 5018014) AND (id <= 5018113))

table 7 : explain SELECT DISTINCT c FROM sbtest7 WHERE id BETWEEN 8780992 AND 8781091 ORDER BY c
	Unique  (cost=386.22..386.71 rows=99 width=121)
	  ->  Sort  (cost=386.22..386.46 rows=99 width=121)
	        Sort Key: c
	        ->  Index Scan using sbtest7_pkey on sbtest7  (cost=0.43..382.94 rows=99 width=121)
	              Index Cond: ((id >= 8780992) AND (id <= 8781091))

table 8 : explain SELECT DISTINCT c FROM sbtest8 WHERE id BETWEEN 9352480 AND 9352579 ORDER BY c
	Unique  (cost=387.20..387.70 rows=100 width=121)
	  ->  Sort  (cost=387.20..387.45 rows=100 width=121)
	        Sort Key: c
	        ->  Index Scan using sbtest8_pkey on sbtest8  (cost=0.43..383.88 rows=100 width=121)
	              Index Cond: ((id >= 9352480) AND (id <= 9352579))

explain: for point_selects :: explain SELECT c FROM sbtest%u WHERE id=%u
for: order_ranges
table 1 : explain SELECT c FROM sbtest1 WHERE id BETWEEN 6916977 AND 6917076 ORDER BY c
	Sort  (cost=390.93..391.18 rows=100 width=121)
	  Sort Key: c
	  ->  Index Scan using sbtest1_pkey on sbtest1  (cost=0.43..387.61 rows=100 width=121)
	        Index Cond: ((id >= 6916977) AND (id <= 6917076))

table 2 : explain SELECT c FROM sbtest2 WHERE id BETWEEN 5934927 AND 5935026 ORDER BY c
	Sort  (cost=386.38..386.63 rows=99 width=121)
	  Sort Key: c
	  ->  Index Scan using sbtest2_pkey on sbtest2  (cost=0.43..383.10 rows=99 width=121)
	        Index Cond: ((id >= 5934927) AND (id <= 5935026))

table 3 : explain SELECT c FROM sbtest3 WHERE id BETWEEN 4887744 AND 4887843 ORDER BY c
	Sort  (cost=354.89..355.12 rows=91 width=121)
	  Sort Key: c
	  ->  Index Scan using sbtest3_pkey on sbtest3  (cost=0.43..351.93 rows=91 width=121)
	        Index Cond: ((id >= 4887744) AND (id <= 4887843))

table 4 : explain SELECT c FROM sbtest4 WHERE id BETWEEN 3660405 AND 3660504 ORDER BY c
	Sort  (cost=392.26..392.52 rows=101 width=121)
	  Sort Key: c
	  ->  Index Scan using sbtest4_pkey on sbtest4  (cost=0.43..388.90 rows=101 width=121)
	        Index Cond: ((id >= 3660405) AND (id <= 3660504))

table 5 : explain SELECT c FROM sbtest5 WHERE id BETWEEN 7684863 AND 7684962 ORDER BY c
	Sort  (cost=409.75..410.01 rows=105 width=121)
	  Sort Key: c
	  ->  Index Scan using sbtest5_pkey on sbtest5  (cost=0.43..406.23 rows=105 width=121)
	        Index Cond: ((id >= 7684863) AND (id <= 7684962))

table 6 : explain SELECT c FROM sbtest6 WHERE id BETWEEN 559922 AND 560021 ORDER BY c
	Sort  (cost=397.03..397.28 rows=102 width=121)
	  Sort Key: c
	  ->  Index Scan using sbtest6_pkey on sbtest6  (cost=0.43..393.63 rows=102 width=121)
	        Index Cond: ((id >= 559922) AND (id <= 560021))

table 7 : explain SELECT c FROM sbtest7 WHERE id BETWEEN 7767696 AND 7767795 ORDER BY c
	Sort  (cost=374.64..374.88 rows=96 width=121)
	  Sort Key: c
	  ->  Index Scan using sbtest7_pkey on sbtest7  (cost=0.43..371.48 rows=96 width=121)
	        Index Cond: ((id >= 7767696) AND (id <= 7767795))

table 8 : explain SELECT c FROM sbtest8 WHERE id BETWEEN 532177 AND 532276 ORDER BY c
	Sort  (cost=371.88..372.12 rows=96 width=121)
	  Sort Key: c
	  ->  Index Scan using sbtest8_pkey on sbtest8  (cost=0.43..368.72 rows=96 width=121)
	        Index Cond: ((id >= 532177) AND (id <= 532276))

for non_index_updates
table 1 : explain UPDATE sbtest1 SET c='foobar' WHERE id=4742900
	Update on sbtest1  (cost=0.43..8.45 rows=0 width=0)
	  ->  Index Scan using sbtest1_pkey on sbtest1  (cost=0.43..8.45 rows=1 width=490)
	        Index Cond: (id = 4742900)

table 2 : explain UPDATE sbtest2 SET c='foobar' WHERE id=135025
	Update on sbtest2  (cost=0.43..8.45 rows=0 width=0)
	  ->  Index Scan using sbtest2_pkey on sbtest2  (cost=0.43..8.45 rows=1 width=490)
	        Index Cond: (id = 135025)

table 3 : explain UPDATE sbtest3 SET c='foobar' WHERE id=3611521
	Update on sbtest3  (cost=0.43..8.45 rows=0 width=0)
	  ->  Index Scan using sbtest3_pkey on sbtest3  (cost=0.43..8.45 rows=1 width=490)
	        Index Cond: (id = 3611521)

table 4 : explain UPDATE sbtest4 SET c='foobar' WHERE id=925756
	Update on sbtest4  (cost=0.43..8.45 rows=0 width=0)
	  ->  Index Scan using sbtest4_pkey on sbtest4  (cost=0.43..8.45 rows=1 width=490)
	        Index Cond: (id = 925756)

table 5 : explain UPDATE sbtest5 SET c='foobar' WHERE id=4481908
	Update on sbtest5  (cost=0.43..8.45 rows=0 width=0)
	  ->  Index Scan using sbtest5_pkey on sbtest5  (cost=0.43..8.45 rows=1 width=490)
	        Index Cond: (id = 4481908)

table 6 : explain UPDATE sbtest6 SET c='foobar' WHERE id=5518803
	Update on sbtest6  (cost=0.43..8.45 rows=0 width=0)
	  ->  Index Scan using sbtest6_pkey on sbtest6  (cost=0.43..8.45 rows=1 width=490)
	        Index Cond: (id = 5518803)

table 7 : explain UPDATE sbtest7 SET c='foobar' WHERE id=4996973
	Update on sbtest7  (cost=0.43..8.45 rows=0 width=0)
	  ->  Index Scan using sbtest7_pkey on sbtest7  (cost=0.43..8.45 rows=1 width=490)
	        Index Cond: (id = 4996973)

table 8 : explain UPDATE sbtest8 SET c='foobar' WHERE id=2080414
	Update on sbtest8  (cost=0.43..8.45 rows=0 width=0)
	  ->  Index Scan using sbtest8_pkey on sbtest8  (cost=0.43..8.45 rows=1 width=490)
	        Index Cond: (id = 2080414)

explain: for index_updates :: explain UPDATE sbtest%u SET k=k+1 WHERE id=%u
explain: for deletes :: explain DELETE FROM sbtest%u WHERE id=%u
explain: for inserts :: explain INSERT INTO sbtest%u (id, k, c, pad) VALUES (%u, 13, 'foobar', 'foobar')
for: order_ranges
table 1 : explain SELECT c FROM sbtest1 WHERE id BETWEEN 7901106 AND 7901205 ORDER BY c
	Sort  (cost=406.41..406.67 rows=104 width=121)
	  Sort Key: c
	  ->  Index Scan using sbtest1_pkey on sbtest1  (cost=0.43..402.93 rows=104 width=121)
	        Index Cond: ((id >= 7901106) AND (id <= 7901205))

table 2 : explain SELECT c FROM sbtest2 WHERE id BETWEEN 6837066 AND 6837165 ORDER BY c
	Sort  (cost=378.66..378.90 rows=97 width=121)
	  Sort Key: c
	  ->  Index Scan using sbtest2_pkey on sbtest2  (cost=0.43..375.46 rows=97 width=121)
	        Index Cond: ((id >= 6837066) AND (id <= 6837165))

table 3 : explain SELECT c FROM sbtest3 WHERE id BETWEEN 1863675 AND 1863774 ORDER BY c
	Sort  (cost=374.22..374.46 rows=96 width=121)
	  Sort Key: c
	  ->  Index Scan using sbtest3_pkey on sbtest3  (cost=0.43..371.06 rows=96 width=121)
	        Index Cond: ((id >= 1863675) AND (id <= 1863774))

table 4 : explain SELECT c FROM sbtest4 WHERE id BETWEEN 6130800 AND 6130899 ORDER BY c
	Sort  (cost=403.79..404.05 rows=104 width=121)
	  Sort Key: c
	  ->  Index Scan using sbtest4_pkey on sbtest4  (cost=0.43..400.31 rows=104 width=121)
	        Index Cond: ((id >= 6130800) AND (id <= 6130899))

table 5 : explain SELECT c FROM sbtest5 WHERE id BETWEEN 6848945 AND 6849044 ORDER BY c
	Sort  (cost=409.75..410.01 rows=105 width=121)
	  Sort Key: c
	  ->  Index Scan using sbtest5_pkey on sbtest5  (cost=0.43..406.23 rows=105 width=121)
	        Index Cond: ((id >= 6848945) AND (id <= 6849044))

table 6 : explain SELECT c FROM sbtest6 WHERE id BETWEEN 32631 AND 32730 ORDER BY c
	Sort  (cost=447.12..447.41 rows=115 width=121)
	  Sort Key: c
	  ->  Index Scan using sbtest6_pkey on sbtest6  (cost=0.43..443.18 rows=115 width=121)
	        Index Cond: ((id >= 32631) AND (id <= 32730))

table 7 : explain SELECT c FROM sbtest7 WHERE id BETWEEN 2538302 AND 2538401 ORDER BY c
	Sort  (cost=440.26..440.55 rows=113 width=121)
	  Sort Key: c
	  ->  Index Scan using sbtest7_pkey on sbtest7  (cost=0.43..436.41 rows=113 width=121)
	        Index Cond: ((id >= 2538302) AND (id <= 2538401))

table 8 : explain SELECT c FROM sbtest8 WHERE id BETWEEN 8139540 AND 8139639 ORDER BY c
	Sort  (cost=402.52..402.78 rows=104 width=121)
	  Sort Key: c
	  ->  Index Scan using sbtest8_pkey on sbtest8  (cost=0.43..399.04 rows=104 width=121)
	        Index Cond: ((id >= 8139540) AND (id <= 8139639))

for point_selects
table 1 : explain SELECT c FROM sbtest1 WHERE id=3127060
	Index Scan using sbtest1_pkey on sbtest1  (cost=0.43..8.45 rows=1 width=121)
	  Index Cond: (id = 3127060)

table 2 : explain SELECT c FROM sbtest2 WHERE id=8912882
	Index Scan using sbtest2_pkey on sbtest2  (cost=0.43..8.45 rows=1 width=121)
	  Index Cond: (id = 8912882)

table 3 : explain SELECT c FROM sbtest3 WHERE id=696445
	Index Scan using sbtest3_pkey on sbtest3  (cost=0.43..8.45 rows=1 width=121)
	  Index Cond: (id = 696445)

table 4 : explain SELECT c FROM sbtest4 WHERE id=4522200
	Index Scan using sbtest4_pkey on sbtest4  (cost=0.43..8.45 rows=1 width=121)
	  Index Cond: (id = 4522200)

table 5 : explain SELECT c FROM sbtest5 WHERE id=3060653
	Index Scan using sbtest5_pkey on sbtest5  (cost=0.43..8.45 rows=1 width=121)
	  Index Cond: (id = 3060653)

table 6 : explain SELECT c FROM sbtest6 WHERE id=3661254
	Index Scan using sbtest6_pkey on sbtest6  (cost=0.43..8.45 rows=1 width=121)
	  Index Cond: (id = 3661254)

table 7 : explain SELECT c FROM sbtest7 WHERE id=8409765
	Index Scan using sbtest7_pkey on sbtest7  (cost=0.43..8.45 rows=1 width=121)
	  Index Cond: (id = 8409765)

table 8 : explain SELECT c FROM sbtest8 WHERE id=9931668
	Index Scan using sbtest8_pkey on sbtest8  (cost=0.43..8.45 rows=1 width=121)
	  Index Cond: (id = 9931668)

for deletes
table 1 : explain DELETE FROM sbtest1 WHERE id=2936965
	Delete on sbtest1  (cost=0.43..8.45 rows=0 width=0)
	  ->  Index Scan using sbtest1_pkey on sbtest1  (cost=0.43..8.45 rows=1 width=6)
	        Index Cond: (id = 2936965)

table 2 : explain DELETE FROM sbtest2 WHERE id=9068304
	Delete on sbtest2  (cost=0.43..8.45 rows=0 width=0)
	  ->  Index Scan using sbtest2_pkey on sbtest2  (cost=0.43..8.45 rows=1 width=6)
	        Index Cond: (id = 9068304)

table 3 : explain DELETE FROM sbtest3 WHERE id=3760030
	Delete on sbtest3  (cost=0.43..8.45 rows=0 width=0)
	  ->  Index Scan using sbtest3_pkey on sbtest3  (cost=0.43..8.45 rows=1 width=6)
	        Index Cond: (id = 3760030)

table 4 : explain DELETE FROM sbtest4 WHERE id=6524110
	Delete on sbtest4  (cost=0.43..8.45 rows=0 width=0)
	  ->  Index Scan using sbtest4_pkey on sbtest4  (cost=0.43..8.45 rows=1 width=6)
	        Index Cond: (id = 6524110)

table 5 : explain DELETE FROM sbtest5 WHERE id=5253454
	Delete on sbtest5  (cost=0.43..8.45 rows=0 width=0)
	  ->  Index Scan using sbtest5_pkey on sbtest5  (cost=0.43..8.45 rows=1 width=6)
	        Index Cond: (id = 5253454)

table 6 : explain DELETE FROM sbtest6 WHERE id=1590374
	Delete on sbtest6  (cost=0.43..8.45 rows=0 width=0)
	  ->  Index Scan using sbtest6_pkey on sbtest6  (cost=0.43..8.45 rows=1 width=6)
	        Index Cond: (id = 1590374)

table 7 : explain DELETE FROM sbtest7 WHERE id=6558670
	Delete on sbtest7  (cost=0.43..8.45 rows=0 width=0)
	  ->  Index Scan using sbtest7_pkey on sbtest7  (cost=0.43..8.45 rows=1 width=6)
	        Index Cond: (id = 6558670)

table 8 : explain DELETE FROM sbtest8 WHERE id=9990391
	Delete on sbtest8  (cost=0.43..8.45 rows=0 width=0)
	  ->  Index Scan using sbtest8_pkey on sbtest8  (cost=0.43..8.45 rows=1 width=6)
	        Index Cond: (id = 9990391)

for inserts
table 1 : explain INSERT INTO sbtest1 (id, k, c, pad) VALUES (1784399, 13, 'foobar', 'foobar')
	Insert on sbtest1  (cost=0.00..0.01 rows=0 width=0)
	  ->  Result  (cost=0.00..0.01 rows=1 width=736)

table 2 : explain INSERT INTO sbtest2 (id, k, c, pad) VALUES (9793850, 13, 'foobar', 'foobar')
	Insert on sbtest2  (cost=0.00..0.01 rows=0 width=0)
	  ->  Result  (cost=0.00..0.01 rows=1 width=736)

table 3 : explain INSERT INTO sbtest3 (id, k, c, pad) VALUES (7656790, 13, 'foobar', 'foobar')
	Insert on sbtest3  (cost=0.00..0.01 rows=0 width=0)
	  ->  Result  (cost=0.00..0.01 rows=1 width=736)

table 4 : explain INSERT INTO sbtest4 (id, k, c, pad) VALUES (8841221, 13, 'foobar', 'foobar')
	Insert on sbtest4  (cost=0.00..0.01 rows=0 width=0)
	  ->  Result  (cost=0.00..0.01 rows=1 width=736)

table 5 : explain INSERT INTO sbtest5 (id, k, c, pad) VALUES (4859229, 13, 'foobar', 'foobar')
	Insert on sbtest5  (cost=0.00..0.01 rows=0 width=0)
	  ->  Result  (cost=0.00..0.01 rows=1 width=736)

table 6 : explain INSERT INTO sbtest6 (id, k, c, pad) VALUES (5499416, 13, 'foobar', 'foobar')
	Insert on sbtest6  (cost=0.00..0.01 rows=0 width=0)
	  ->  Result  (cost=0.00..0.01 rows=1 width=736)

table 7 : explain INSERT INTO sbtest7 (id, k, c, pad) VALUES (5368090, 13, 'foobar', 'foobar')
	Insert on sbtest7  (cost=0.00..0.01 rows=0 width=0)
	  ->  Result  (cost=0.00..0.01 rows=1 width=736)

table 8 : explain INSERT INTO sbtest8 (id, k, c, pad) VALUES (1226694, 13, 'foobar', 'foobar')
	Insert on sbtest8  (cost=0.00..0.01 rows=0 width=0)
	  ->  Result  (cost=0.00..0.01 rows=1 width=736)

for: distinct_ranges
table 1 : explain SELECT DISTINCT c FROM sbtest1 WHERE id BETWEEN 7921287 AND 7921386 ORDER BY c
	Unique  (cost=383.20..383.69 rows=98 width=121)
	  ->  Sort  (cost=383.20..383.44 rows=98 width=121)
	        Sort Key: c
	        ->  Index Scan using sbtest1_pkey on sbtest1  (cost=0.43..379.96 rows=98 width=121)
	              Index Cond: ((id >= 7921287) AND (id <= 7921386))

table 2 : explain SELECT DISTINCT c FROM sbtest2 WHERE id BETWEEN 9346209 AND 9346308 ORDER BY c
	Unique  (cost=401.83..402.34 rows=103 width=121)
	  ->  Sort  (cost=401.83..402.09 rows=103 width=121)
	        Sort Key: c
	        ->  Index Scan using sbtest2_pkey on sbtest2  (cost=0.43..398.39 rows=103 width=121)
	              Index Cond: ((id >= 9346209) AND (id <= 9346308))

table 3 : explain SELECT DISTINCT c FROM sbtest3 WHERE id BETWEEN 2624434 AND 2624533 ORDER BY c
	Unique  (cost=408.92..409.44 rows=105 width=121)
	  ->  Sort  (cost=408.92..409.18 rows=105 width=121)
	        Sort Key: c
	        ->  Index Scan using sbtest3_pkey on sbtest3  (cost=0.43..405.39 rows=105 width=121)
	              Index Cond: ((id >= 2624434) AND (id <= 2624533))

table 4 : explain SELECT DISTINCT c FROM sbtest4 WHERE id BETWEEN 1042943 AND 1043042 ORDER BY c
	Unique  (cost=384.58..385.07 rows=99 width=121)
	  ->  Sort  (cost=384.58..384.82 rows=99 width=121)
	        Sort Key: c
	        ->  Index Scan using sbtest4_pkey on sbtest4  (cost=0.43..381.29 rows=99 width=121)
	              Index Cond: ((id >= 1042943) AND (id <= 1043042))

table 5 : explain SELECT DISTINCT c FROM sbtest5 WHERE id BETWEEN 6751984 AND 6752083 ORDER BY c
	Unique  (cost=351.80..352.25 rows=90 width=121)
	  ->  Sort  (cost=351.80..352.02 rows=90 width=121)
	        Sort Key: c
	        ->  Index Scan using sbtest5_pkey on sbtest5  (cost=0.43..348.88 rows=90 width=121)
	              Index Cond: ((id >= 6751984) AND (id <= 6752083))

table 6 : explain SELECT DISTINCT c FROM sbtest6 WHERE id BETWEEN 8530215 AND 8530314 ORDER BY c
	Unique  (cost=385.47..385.97 rows=99 width=121)
	  ->  Sort  (cost=385.47..385.72 rows=99 width=121)
	        Sort Key: c
	        ->  Index Scan using sbtest6_pkey on sbtest6  (cost=0.43..382.19 rows=99 width=121)
	              Index Cond: ((id >= 8530215) AND (id <= 8530314))

table 7 : explain SELECT DISTINCT c FROM sbtest7 WHERE id BETWEEN 9256984 AND 9257083 ORDER BY c
	Unique  (cost=409.38..409.90 rows=105 width=121)
	  ->  Sort  (cost=409.38..409.64 rows=105 width=121)
	        Sort Key: c
	        ->  Index Scan using sbtest7_pkey on sbtest7  (cost=0.43..405.85 rows=105 width=121)
	              Index Cond: ((id >= 9256984) AND (id <= 9257083))

table 8 : explain SELECT DISTINCT c FROM sbtest8 WHERE id BETWEEN 9822057 AND 9822156 ORDER BY c
	Unique  (cost=391.03..391.53 rows=101 width=121)
	  ->  Sort  (cost=391.03..391.28 rows=101 width=121)
	        Sort Key: c
	        ->  Index Scan using sbtest8_pkey on sbtest8  (cost=0.43..387.67 rows=101 width=121)
	              Index Cond: ((id >= 9822057) AND (id <= 9822156))

for index_updates
table 1 : explain UPDATE sbtest1 SET k=k+1 WHERE id=9550955
	Update on sbtest1  (cost=0.43..8.46 rows=0 width=0)
	  ->  Index Scan using sbtest1_pkey on sbtest1  (cost=0.43..8.46 rows=1 width=10)
	        Index Cond: (id = 9550955)

table 2 : explain UPDATE sbtest2 SET k=k+1 WHERE id=749928
	Update on sbtest2  (cost=0.43..8.46 rows=0 width=0)
	  ->  Index Scan using sbtest2_pkey on sbtest2  (cost=0.43..8.46 rows=1 width=10)
	        Index Cond: (id = 749928)

table 3 : explain UPDATE sbtest3 SET k=k+1 WHERE id=4142227
	Update on sbtest3  (cost=0.43..8.46 rows=0 width=0)
	  ->  Index Scan using sbtest3_pkey on sbtest3  (cost=0.43..8.46 rows=1 width=10)
	        Index Cond: (id = 4142227)

table 4 : explain UPDATE sbtest4 SET k=k+1 WHERE id=7473225
	Update on sbtest4  (cost=0.43..8.46 rows=0 width=0)
	  ->  Index Scan using sbtest4_pkey on sbtest4  (cost=0.43..8.46 rows=1 width=10)
	        Index Cond: (id = 7473225)

table 5 : explain UPDATE sbtest5 SET k=k+1 WHERE id=9055331
	Update on sbtest5  (cost=0.43..8.46 rows=0 width=0)
	  ->  Index Scan using sbtest5_pkey on sbtest5  (cost=0.43..8.46 rows=1 width=10)
	        Index Cond: (id = 9055331)

table 6 : explain UPDATE sbtest6 SET k=k+1 WHERE id=8150205
	Update on sbtest6  (cost=0.43..8.46 rows=0 width=0)
	  ->  Index Scan using sbtest6_pkey on sbtest6  (cost=0.43..8.46 rows=1 width=10)
	        Index Cond: (id = 8150205)

table 7 : explain UPDATE sbtest7 SET k=k+1 WHERE id=139072
	Update on sbtest7  (cost=0.43..8.46 rows=0 width=0)
	  ->  Index Scan using sbtest7_pkey on sbtest7  (cost=0.43..8.46 rows=1 width=10)
	        Index Cond: (id = 139072)

table 8 : explain UPDATE sbtest8 SET k=k+1 WHERE id=3725420
	Update on sbtest8  (cost=0.43..8.46 rows=0 width=0)
	  ->  Index Scan using sbtest8_pkey on sbtest8  (cost=0.43..8.46 rows=1 width=10)
	        Index Cond: (id = 3725420)

explain: for inserts :: explain INSERT INTO sbtest%u (id, k, c, pad) VALUES (%u, 13, 'foobar', 'foobar')
for: sum_ranges
table 1 : explain SELECT SUM(k) FROM sbtest1 WHERE id BETWEEN 795540 AND 795639
	Aggregate  (cost=353.34..353.35 rows=1 width=8)
	  ->  Index Scan using sbtest1_pkey on sbtest1  (cost=0.43..353.11 rows=91 width=4)
	        Index Cond: ((id >= 795540) AND (id <= 795639))

table 2 : explain SELECT SUM(k) FROM sbtest2 WHERE id BETWEEN 3340008 AND 3340107
	Aggregate  (cost=379.52..379.53 rows=1 width=8)
	  ->  Index Scan using sbtest2_pkey on sbtest2  (cost=0.43..379.28 rows=98 width=4)
	        Index Cond: ((id >= 3340008) AND (id <= 3340107))

table 3 : explain SELECT SUM(k) FROM sbtest3 WHERE id BETWEEN 9377248 AND 9377347
	Aggregate  (cost=386.57..386.58 rows=1 width=8)
	  ->  Index Scan using sbtest3_pkey on sbtest3  (cost=0.43..386.32 rows=100 width=4)
	        Index Cond: ((id >= 9377248) AND (id <= 9377347))

table 4 : explain SELECT SUM(k) FROM sbtest4 WHERE id BETWEEN 1668042 AND 1668141
	Aggregate  (cost=362.46..362.47 rows=1 width=8)
	  ->  Index Scan using sbtest4_pkey on sbtest4  (cost=0.43..362.23 rows=94 width=4)
	        Index Cond: ((id >= 1668042) AND (id <= 1668141))

table 5 : explain SELECT SUM(k) FROM sbtest5 WHERE id BETWEEN 1259754 AND 1259853
	Aggregate  (cost=395.01..395.02 rows=1 width=8)
	  ->  Index Scan using sbtest5_pkey on sbtest5  (cost=0.43..394.76 rows=102 width=4)
	        Index Cond: ((id >= 1259754) AND (id <= 1259853))

table 6 : explain SELECT SUM(k) FROM sbtest6 WHERE id BETWEEN 3068530 AND 3068629
	Aggregate  (cost=359.50..359.51 rows=1 width=8)
	  ->  Index Scan using sbtest6_pkey on sbtest6  (cost=0.43..359.27 rows=93 width=4)
	        Index Cond: ((id >= 3068530) AND (id <= 3068629))

table 7 : explain SELECT SUM(k) FROM sbtest7 WHERE id BETWEEN 625811 AND 625910
	Aggregate  (cost=390.83..390.84 rows=1 width=8)
	  ->  Index Scan using sbtest7_pkey on sbtest7  (cost=0.43..390.57 rows=101 width=4)
	        Index Cond: ((id >= 625811) AND (id <= 625910))

table 8 : explain SELECT SUM(k) FROM sbtest8 WHERE id BETWEEN 7356807 AND 7356906
	Aggregate  (cost=391.71..391.72 rows=1 width=8)
	  ->  Index Scan using sbtest8_pkey on sbtest8  (cost=0.43..391.46 rows=102 width=4)
	        Index Cond: ((id >= 7356807) AND (id <= 7356906))

explain: for index_updates :: explain UPDATE sbtest%u SET k=k+1 WHERE id=%u
for: simple_ranges
table 1 : explain SELECT c FROM sbtest1 WHERE id BETWEEN 8465992 AND 8466091
	Index Scan using sbtest1_pkey on sbtest1  (cost=0.43..345.45 rows=89 width=121)
	  Index Cond: ((id >= 8465992) AND (id <= 8466091))

table 2 : explain SELECT c FROM sbtest2 WHERE id BETWEEN 5323313 AND 5323412
	Index Scan using sbtest2_pkey on sbtest2  (cost=0.43..394.56 rows=102 width=121)
	  Index Cond: ((id >= 5323313) AND (id <= 5323412))

table 3 : explain SELECT c FROM sbtest3 WHERE id BETWEEN 1143667 AND 1143766
	Index Scan using sbtest3_pkey on sbtest3  (cost=0.43..393.95 rows=102 width=121)
	  Index Cond: ((id >= 1143667) AND (id <= 1143766))

table 4 : explain SELECT c FROM sbtest4 WHERE id BETWEEN 6332626 AND 6332725
	Index Scan using sbtest4_pkey on sbtest4  (cost=0.43..388.90 rows=101 width=121)
	  Index Cond: ((id >= 6332626) AND (id <= 6332725))

table 5 : explain SELECT c FROM sbtest5 WHERE id BETWEEN 5926121 AND 5926220
	Index Scan using sbtest5_pkey on sbtest5  (cost=0.43..387.11 rows=100 width=121)
	  Index Cond: ((id >= 5926121) AND (id <= 5926220))

table 6 : explain SELECT c FROM sbtest6 WHERE id BETWEEN 482415 AND 482514
	Index Scan using sbtest6_pkey on sbtest6  (cost=0.43..393.63 rows=102 width=121)
	  Index Cond: ((id >= 482415) AND (id <= 482514))

table 7 : explain SELECT c FROM sbtest7 WHERE id BETWEEN 4910265 AND 4910364
	Index Scan using sbtest7_pkey on sbtest7  (cost=0.43..375.30 rows=97 width=121)
	  Index Cond: ((id >= 4910265) AND (id <= 4910364))

table 8 : explain SELECT c FROM sbtest8 WHERE id BETWEEN 2212281 AND 2212380
	Index Scan using sbtest8_pkey on sbtest8  (cost=0.43..387.67 rows=101 width=121)
	  Index Cond: ((id >= 2212281) AND (id <= 2212380))

for point_selects
table 1 : explain SELECT c FROM sbtest1 WHERE id=3341183
	Index Scan using sbtest1_pkey on sbtest1  (cost=0.43..8.45 rows=1 width=121)
	  Index Cond: (id = 3341183)

table 2 : explain SELECT c FROM sbtest2 WHERE id=4187853
	Index Scan using sbtest2_pkey on sbtest2  (cost=0.43..8.45 rows=1 width=121)
	  Index Cond: (id = 4187853)

table 3 : explain SELECT c FROM sbtest3 WHERE id=4048958
	Index Scan using sbtest3_pkey on sbtest3  (cost=0.43..8.45 rows=1 width=121)
	  Index Cond: (id = 4048958)

table 4 : explain SELECT c FROM sbtest4 WHERE id=4411858
	Index Scan using sbtest4_pkey on sbtest4  (cost=0.43..8.45 rows=1 width=121)
	  Index Cond: (id = 4411858)

table 5 : explain SELECT c FROM sbtest5 WHERE id=1546225
	Index Scan using sbtest5_pkey on sbtest5  (cost=0.43..8.45 rows=1 width=121)
	  Index Cond: (id = 1546225)

table 6 : explain SELECT c FROM sbtest6 WHERE id=9269645
	Index Scan using sbtest6_pkey on sbtest6  (cost=0.43..8.45 rows=1 width=121)
	  Index Cond: (id = 9269645)

table 7 : explain SELECT c FROM sbtest7 WHERE id=8131938
	Index Scan using sbtest7_pkey on sbtest7  (cost=0.43..8.45 rows=1 width=121)
	  Index Cond: (id = 8131938)

table 8 : explain SELECT c FROM sbtest8 WHERE id=2456209
	Index Scan using sbtest8_pkey on sbtest8  (cost=0.43..8.45 rows=1 width=121)
	  Index Cond: (id = 2456209)

for point_selects
table 1 : explain SELECT c FROM sbtest1 WHERE id=2173899
	Index Scan using sbtest1_pkey on sbtest1  (cost=0.43..8.45 rows=1 width=121)
	  Index Cond: (id = 2173899)

table 2 : explain SELECT c FROM sbtest2 WHERE id=5447393
	Index Scan using sbtest2_pkey on sbtest2  (cost=0.43..8.45 rows=1 width=121)
	  Index Cond: (id = 5447393)

table 3 : explain SELECT c FROM sbtest3 WHERE id=7621109
	Index Scan using sbtest3_pkey on sbtest3  (cost=0.43..8.45 rows=1 width=121)
	  Index Cond: (id = 7621109)

table 4 : explain SELECT c FROM sbtest4 WHERE id=2249948
	Index Scan using sbtest4_pkey on sbtest4  (cost=0.43..8.45 rows=1 width=121)
	  Index Cond: (id = 2249948)

table 5 : explain SELECT c FROM sbtest5 WHERE id=1494820
	Index Scan using sbtest5_pkey on sbtest5  (cost=0.43..8.45 rows=1 width=121)
	  Index Cond: (id = 1494820)

table 6 : explain SELECT c FROM sbtest6 WHERE id=9547176
	Index Scan using sbtest6_pkey on sbtest6  (cost=0.43..8.45 rows=1 width=121)
	  Index Cond: (id = 9547176)

table 7 : explain SELECT c FROM sbtest7 WHERE id=4898260
	Index Scan using sbtest7_pkey on sbtest7  (cost=0.43..8.45 rows=1 width=121)
	  Index Cond: (id = 4898260)

table 8 : explain SELECT c FROM sbtest8 WHERE id=27700
	Index Scan using sbtest8_pkey on sbtest8  (cost=0.43..8.45 rows=1 width=121)
	  Index Cond: (id = 27700)

for inserts
table 1 : explain INSERT INTO sbtest1 (id, k, c, pad) VALUES (1237558, 13, 'foobar', 'foobar')
	Insert on sbtest1  (cost=0.00..0.01 rows=0 width=0)
	  ->  Result  (cost=0.00..0.01 rows=1 width=736)

table 2 : explain INSERT INTO sbtest2 (id, k, c, pad) VALUES (514061, 13, 'foobar', 'foobar')
	Insert on sbtest2  (cost=0.00..0.01 rows=0 width=0)
	  ->  Result  (cost=0.00..0.01 rows=1 width=736)

table 3 : explain INSERT INTO sbtest3 (id, k, c, pad) VALUES (3375394, 13, 'foobar', 'foobar')
	Insert on sbtest3  (cost=0.00..0.01 rows=0 width=0)
	  ->  Result  (cost=0.00..0.01 rows=1 width=736)

table 4 : explain INSERT INTO sbtest4 (id, k, c, pad) VALUES (4748825, 13, 'foobar', 'foobar')
	Insert on sbtest4  (cost=0.00..0.01 rows=0 width=0)
	  ->  Result  (cost=0.00..0.01 rows=1 width=736)

table 5 : explain INSERT INTO sbtest5 (id, k, c, pad) VALUES (171780, 13, 'foobar', 'foobar')
	Insert on sbtest5  (cost=0.00..0.01 rows=0 width=0)
	  ->  Result  (cost=0.00..0.01 rows=1 width=736)

table 6 : explain INSERT INTO sbtest6 (id, k, c, pad) VALUES (5025366, 13, 'foobar', 'foobar')
	Insert on sbtest6  (cost=0.00..0.01 rows=0 width=0)
	  ->  Result  (cost=0.00..0.01 rows=1 width=736)

table 7 : explain INSERT INTO sbtest7 (id, k, c, pad) VALUES (7936286, 13, 'foobar', 'foobar')
	Insert on sbtest7  (cost=0.00..0.01 rows=0 width=0)
	  ->  Result  (cost=0.00..0.01 rows=1 width=736)

table 8 : explain INSERT INTO sbtest8 (id, k, c, pad) VALUES (9296941, 13, 'foobar', 'foobar')
	Insert on sbtest8  (cost=0.00..0.01 rows=0 width=0)
	  ->  Result  (cost=0.00..0.01 rows=1 width=736)

explain: for non_index_updates :: explain UPDATE sbtest%u SET c='foobar' WHERE id=%u
for point_selects
table 1 : explain SELECT c FROM sbtest1 WHERE id=1922311
	Index Scan using sbtest1_pkey on sbtest1  (cost=0.43..8.45 rows=1 width=121)
	  Index Cond: (id = 1922311)

table 2 : explain SELECT c FROM sbtest2 WHERE id=9142904
	Index Scan using sbtest2_pkey on sbtest2  (cost=0.43..8.45 rows=1 width=121)
	  Index Cond: (id = 9142904)

table 3 : explain SELECT c FROM sbtest3 WHERE id=2305179
	Index Scan using sbtest3_pkey on sbtest3  (cost=0.43..8.45 rows=1 width=121)
	  Index Cond: (id = 2305179)

table 4 : explain SELECT c FROM sbtest4 WHERE id=2841365
	Index Scan using sbtest4_pkey on sbtest4  (cost=0.43..8.45 rows=1 width=121)
	  Index Cond: (id = 2841365)

table 5 : explain SELECT c FROM sbtest5 WHERE id=9035483
	Index Scan using sbtest5_pkey on sbtest5  (cost=0.43..8.45 rows=1 width=121)
	  Index Cond: (id = 9035483)

table 6 : explain SELECT c FROM sbtest6 WHERE id=8088684
	Index Scan using sbtest6_pkey on sbtest6  (cost=0.43..8.45 rows=1 width=121)
	  Index Cond: (id = 8088684)

table 7 : explain SELECT c FROM sbtest7 WHERE id=7819337
	Index Scan using sbtest7_pkey on sbtest7  (cost=0.43..8.45 rows=1 width=121)
	  Index Cond: (id = 7819337)

table 8 : explain SELECT c FROM sbtest8 WHERE id=3210159
	Index Scan using sbtest8_pkey on sbtest8  (cost=0.43..8.45 rows=1 width=121)
	  Index Cond: (id = 3210159)

for: distinct_ranges
table 1 : explain SELECT DISTINCT c FROM sbtest1 WHERE id BETWEEN 8458364 AND 8458463 ORDER BY c
	Unique  (cost=348.33..348.78 rows=89 width=121)
	  ->  Sort  (cost=348.33..348.56 rows=89 width=121)
	        Sort Key: c
	        ->  Index Scan using sbtest1_pkey on sbtest1  (cost=0.43..345.45 rows=89 width=121)
	              Index Cond: ((id >= 8458364) AND (id <= 8458463))

table 2 : explain SELECT DISTINCT c FROM sbtest2 WHERE id BETWEEN 2289078 AND 2289177 ORDER BY c
	Unique  (cost=370.89..371.36 rows=95 width=121)
	  ->  Sort  (cost=370.89..371.12 rows=95 width=121)
	        Sort Key: c
	        ->  Index Scan using sbtest2_pkey on sbtest2  (cost=0.43..367.77 rows=95 width=121)
	              Index Cond: ((id >= 2289078) AND (id <= 2289177))

table 3 : explain SELECT DISTINCT c FROM sbtest3 WHERE id BETWEEN 3032285 AND 3032384 ORDER BY c
	Unique  (cost=401.21..401.72 rows=103 width=121)
	  ->  Sort  (cost=401.21..401.46 rows=103 width=121)
	        Sort Key: c
	        ->  Index Scan using sbtest3_pkey on sbtest3  (cost=0.43..397.76 rows=103 width=121)
	              Index Cond: ((id >= 3032285) AND (id <= 3032384))

table 4 : explain SELECT DISTINCT c FROM sbtest4 WHERE id BETWEEN 7734020 AND 7734119 ORDER BY c
	Unique  (cost=396.11..396.62 rows=102 width=121)
	  ->  Sort  (cost=396.11..396.36 rows=102 width=121)
	        Sort Key: c
	        ->  Index Scan using sbtest4_pkey on sbtest4  (cost=0.43..392.70 rows=102 width=121)
	              Index Cond: ((id >= 7734020) AND (id <= 7734119))

table 5 : explain SELECT DISTINCT c FROM sbtest5 WHERE id BETWEEN 5697604 AND 5697703 ORDER BY c
	Unique  (cost=371.11..371.59 rows=95 width=121)
	  ->  Sort  (cost=371.11..371.35 rows=95 width=121)
	        Sort Key: c
	        ->  Index Scan using sbtest5_pkey on sbtest5  (cost=0.43..367.99 rows=95 width=121)
	              Index Cond: ((id >= 5697604) AND (id <= 5697703))

table 6 : explain SELECT DISTINCT c FROM sbtest6 WHERE id BETWEEN 5663257 AND 5663356 ORDER BY c
	Unique  (cost=400.88..401.40 rows=103 width=121)
	  ->  Sort  (cost=400.88..401.14 rows=103 width=121)
	        Sort Key: c
	        ->  Index Scan using sbtest6_pkey on sbtest6  (cost=0.43..397.44 rows=103 width=121)
	              Index Cond: ((id >= 5663257) AND (id <= 5663356))

table 7 : explain SELECT DISTINCT c FROM sbtest7 WHERE id BETWEEN 4197934 AND 4198033 ORDER BY c
	Unique  (cost=363.06..363.52 rows=93 width=121)
	  ->  Sort  (cost=363.06..363.29 rows=93 width=121)
	        Sort Key: c
	        ->  Index Scan using sbtest7_pkey on sbtest7  (cost=0.43..360.02 rows=93 width=121)
	              Index Cond: ((id >= 4197934) AND (id <= 4198033))

table 8 : explain SELECT DISTINCT c FROM sbtest8 WHERE id BETWEEN 8914147 AND 8914246 ORDER BY c
	Unique  (cost=387.20..387.70 rows=100 width=121)
	  ->  Sort  (cost=387.20..387.45 rows=100 width=121)
	        Sort Key: c
	        ->  Index Scan using sbtest8_pkey on sbtest8  (cost=0.43..383.88 rows=100 width=121)
	              Index Cond: ((id >= 8914147) AND (id <= 8914246))

for index_updates
table 1 : explain UPDATE sbtest1 SET k=k+1 WHERE id=815005
	Update on sbtest1  (cost=0.43..8.46 rows=0 width=0)
	  ->  Index Scan using sbtest1_pkey on sbtest1  (cost=0.43..8.46 rows=1 width=10)
	        Index Cond: (id = 815005)

table 2 : explain UPDATE sbtest2 SET k=k+1 WHERE id=9372505
	Update on sbtest2  (cost=0.43..8.46 rows=0 width=0)
	  ->  Index Scan using sbtest2_pkey on sbtest2  (cost=0.43..8.46 rows=1 width=10)
	        Index Cond: (id = 9372505)

table 3 : explain UPDATE sbtest3 SET k=k+1 WHERE id=6441187
	Update on sbtest3  (cost=0.43..8.46 rows=0 width=0)
	  ->  Index Scan using sbtest3_pkey on sbtest3  (cost=0.43..8.46 rows=1 width=10)
	        Index Cond: (id = 6441187)

table 4 : explain UPDATE sbtest4 SET k=k+1 WHERE id=175166
	Update on sbtest4  (cost=0.43..8.46 rows=0 width=0)
	  ->  Index Scan using sbtest4_pkey on sbtest4  (cost=0.43..8.46 rows=1 width=10)
	        Index Cond: (id = 175166)

table 5 : explain UPDATE sbtest5 SET k=k+1 WHERE id=6122570
	Update on sbtest5  (cost=0.43..8.46 rows=0 width=0)
	  ->  Index Scan using sbtest5_pkey on sbtest5  (cost=0.43..8.46 rows=1 width=10)
	        Index Cond: (id = 6122570)

table 6 : explain UPDATE sbtest6 SET k=k+1 WHERE id=4528357
	Update on sbtest6  (cost=0.43..8.46 rows=0 width=0)
	  ->  Index Scan using sbtest6_pkey on sbtest6  (cost=0.43..8.46 rows=1 width=10)
	        Index Cond: (id = 4528357)

table 7 : explain UPDATE sbtest7 SET k=k+1 WHERE id=2208913
	Update on sbtest7  (cost=0.43..8.46 rows=0 width=0)
	  ->  Index Scan using sbtest7_pkey on sbtest7  (cost=0.43..8.46 rows=1 width=10)
	        Index Cond: (id = 2208913)

table 8 : explain UPDATE sbtest8 SET k=k+1 WHERE id=6973918
	Update on sbtest8  (cost=0.43..8.46 rows=0 width=0)
	  ->  Index Scan using sbtest8_pkey on sbtest8  (cost=0.43..8.46 rows=1 width=10)
	        Index Cond: (id = 6973918)

explain: for index_updates :: explain UPDATE sbtest%u SET k=k+1 WHERE id=%u
for non_index_updates
table 1 : explain UPDATE sbtest1 SET c='foobar' WHERE id=6997298
	Update on sbtest1  (cost=0.43..8.45 rows=0 width=0)
	  ->  Index Scan using sbtest1_pkey on sbtest1  (cost=0.43..8.45 rows=1 width=490)
	        Index Cond: (id = 6997298)

table 2 : explain UPDATE sbtest2 SET c='foobar' WHERE id=1369090
	Update on sbtest2  (cost=0.43..8.45 rows=0 width=0)
	  ->  Index Scan using sbtest2_pkey on sbtest2  (cost=0.43..8.45 rows=1 width=490)
	        Index Cond: (id = 1369090)

table 3 : explain UPDATE sbtest3 SET c='foobar' WHERE id=9537359
	Update on sbtest3  (cost=0.43..8.45 rows=0 width=0)
	  ->  Index Scan using sbtest3_pkey on sbtest3  (cost=0.43..8.45 rows=1 width=490)
	        Index Cond: (id = 9537359)

table 4 : explain UPDATE sbtest4 SET c='foobar' WHERE id=6951094
	Update on sbtest4  (cost=0.43..8.45 rows=0 width=0)
	  ->  Index Scan using sbtest4_pkey on sbtest4  (cost=0.43..8.45 rows=1 width=490)
	        Index Cond: (id = 6951094)

table 5 : explain UPDATE sbtest5 SET c='foobar' WHERE id=5939415
	Update on sbtest5  (cost=0.43..8.45 rows=0 width=0)
	  ->  Index Scan using sbtest5_pkey on sbtest5  (cost=0.43..8.45 rows=1 width=490)
	        Index Cond: (id = 5939415)

table 6 : explain UPDATE sbtest6 SET c='foobar' WHERE id=8653054
	Update on sbtest6  (cost=0.43..8.45 rows=0 width=0)
	  ->  Index Scan using sbtest6_pkey on sbtest6  (cost=0.43..8.45 rows=1 width=490)
	        Index Cond: (id = 8653054)

table 7 : explain UPDATE sbtest7 SET c='foobar' WHERE id=456732
	Update on sbtest7  (cost=0.43..8.45 rows=0 width=0)
	  ->  Index Scan using sbtest7_pkey on sbtest7  (cost=0.43..8.45 rows=1 width=490)
	        Index Cond: (id = 456732)

table 8 : explain UPDATE sbtest8 SET c='foobar' WHERE id=9027771
	Update on sbtest8  (cost=0.43..8.45 rows=0 width=0)
	  ->  Index Scan using sbtest8_pkey on sbtest8  (cost=0.43..8.45 rows=1 width=490)
	        Index Cond: (id = 9027771)

explain: for point_selects :: explain SELECT c FROM sbtest%u WHERE id=%u
explain: for non_index_updates :: explain UPDATE sbtest%u SET c='foobar' WHERE id=%u
for: simple_ranges
table 1 : explain SELECT c FROM sbtest1 WHERE id BETWEEN 2333537 AND 2333636
	Index Scan using sbtest1_pkey on sbtest1  (cost=0.43..402.93 rows=104 width=121)
	  Index Cond: ((id >= 2333537) AND (id <= 2333636))

table 2 : explain SELECT c FROM sbtest2 WHERE id BETWEEN 7010272 AND 7010371
	Index Scan using sbtest2_pkey on sbtest2  (cost=0.43..406.03 rows=105 width=121)
	  Index Cond: ((id >= 7010272) AND (id <= 7010371))

table 3 : explain SELECT c FROM sbtest3 WHERE id BETWEEN 5117951 AND 5118050
	Index Scan using sbtest3_pkey on sbtest3  (cost=0.43..329.04 rows=85 width=121)
	  Index Cond: ((id >= 5117951) AND (id <= 5118050))

table 4 : explain SELECT c FROM sbtest4 WHERE id BETWEEN 9731164 AND 9731263
	Index Scan using sbtest4_pkey on sbtest4  (cost=0.43..362.23 rows=94 width=121)
	  Index Cond: ((id >= 9731164) AND (id <= 9731263))

table 5 : explain SELECT c FROM sbtest5 WHERE id BETWEEN 989923 AND 990022
	Index Scan using sbtest5_pkey on sbtest5  (cost=0.43..348.88 rows=90 width=121)
	  Index Cond: ((id >= 989923) AND (id <= 990022))

table 6 : explain SELECT c FROM sbtest6 WHERE id BETWEEN 6500831 AND 6500930
	Index Scan using sbtest6_pkey on sbtest6  (cost=0.43..370.75 rows=96 width=121)
	  Index Cond: ((id >= 6500831) AND (id <= 6500930))

table 7 : explain SELECT c FROM sbtest7 WHERE id BETWEEN 1872967 AND 1873066
	Index Scan using sbtest7_pkey on sbtest7  (cost=0.43..394.39 rows=102 width=121)
	  Index Cond: ((id >= 1872967) AND (id <= 1873066))

table 8 : explain SELECT c FROM sbtest8 WHERE id BETWEEN 1304393 AND 1304492
	Index Scan using sbtest8_pkey on sbtest8  (cost=0.43..364.93 rows=95 width=121)
	  Index Cond: ((id >= 1304393) AND (id <= 1304492))
for index_updates
table 1 : explain UPDATE sbtest1 SET k=k+1 WHERE id=7578594
	Update on sbtest1  (cost=0.43..8.46 rows=0 width=0)
	  ->  Index Scan using sbtest1_pkey on sbtest1  (cost=0.43..8.46 rows=1 width=10)
	        Index Cond: (id = 7578594)

table 2 : explain UPDATE sbtest2 SET k=k+1 WHERE id=56420
	Update on sbtest2  (cost=0.43..8.46 rows=0 width=0)
	  ->  Index Scan using sbtest2_pkey on sbtest2  (cost=0.43..8.46 rows=1 width=10)
	        Index Cond: (id = 56420)

table 3 : explain UPDATE sbtest3 SET k=k+1 WHERE id=2077948
	Update on sbtest3  (cost=0.43..8.46 rows=0 width=0)
	  ->  Index Scan using sbtest3_pkey on sbtest3  (cost=0.43..8.46 rows=1 width=10)
	        Index Cond: (id = 2077948)

table 4 : explain UPDATE sbtest4 SET k=k+1 WHERE id=7159299
	Update on sbtest4  (cost=0.43..8.46 rows=0 width=0)
	  ->  Index Scan using sbtest4_pkey on sbtest4  (cost=0.43..8.46 rows=1 width=10)
	        Index Cond: (id = 7159299)

table 5 : explain UPDATE sbtest5 SET k=k+1 WHERE id=482317
	Update on sbtest5  (cost=0.43..8.46 rows=0 width=0)
	  ->  Index Scan using sbtest5_pkey on sbtest5  (cost=0.43..8.46 rows=1 width=10)
	        Index Cond: (id = 482317)

table 6 : explain UPDATE sbtest6 SET k=k+1 WHERE id=6072856
	Update on sbtest6  (cost=0.43..8.46 rows=0 width=0)
	  ->  Index Scan using sbtest6_pkey on sbtest6  (cost=0.43..8.46 rows=1 width=10)
	        Index Cond: (id = 6072856)

table 7 : explain UPDATE sbtest7 SET k=k+1 WHERE id=8128595
	Update on sbtest7  (cost=0.43..8.46 rows=0 width=0)
	  ->  Index Scan using sbtest7_pkey on sbtest7  (cost=0.43..8.46 rows=1 width=10)
	        Index Cond: (id = 8128595)

table 8 : explain UPDATE sbtest8 SET k=k+1 WHERE id=4108824
	Update on sbtest8  (cost=0.43..8.46 rows=0 width=0)
	  ->  Index Scan using sbtest8_pkey on sbtest8  (cost=0.43..8.46 rows=1 width=10)
	        Index Cond: (id = 4108824)

explain: for point_selects :: explain SELECT c FROM sbtest%u WHERE id=%u

for: order_ranges
table 1 : explain SELECT c FROM sbtest1 WHERE id BETWEEN 9883208 AND 9883307 ORDER BY c
	Sort  (cost=379.33..379.57 rows=97 width=121)
	  Sort Key: c
	  ->  Index Scan using sbtest1_pkey on sbtest1  (cost=0.43..376.13 rows=97 width=121)
	        Index Cond: ((id >= 9883208) AND (id <= 9883307))

table 2 : explain SELECT c FROM sbtest2 WHERE id BETWEEN 396708 AND 396807 ORDER BY c
	Sort  (cost=394.11..394.36 rows=101 width=121)
	  Sort Key: c
	  ->  Index Scan using sbtest2_pkey on sbtest2  (cost=0.43..390.74 rows=101 width=121)
	        Index Cond: ((id >= 396708) AND (id <= 396807))

table 3 : explain SELECT c FROM sbtest3 WHERE id BETWEEN 7945682 AND 7945781 ORDER BY c
	Sort  (cost=370.36..370.60 rows=95 width=121)
	  Sort Key: c
	  ->  Index Scan using sbtest3_pkey on sbtest3  (cost=0.43..367.24 rows=95 width=121)
	        Index Cond: ((id >= 7945682) AND (id <= 7945781))

table 4 : explain SELECT c FROM sbtest4 WHERE id BETWEEN 2350708 AND 2350807 ORDER BY c
	Sort  (cost=373.05..373.29 rows=96 width=121)
	  Sort Key: c
	  ->  Index Scan using sbtest4_pkey on sbtest4  (cost=0.43..369.89 rows=96 width=121)
	        Index Cond: ((id >= 2350708) AND (id <= 2350807))

table 5 : explain SELECT c FROM sbtest5 WHERE id BETWEEN 4187991 AND 4188090 ORDER BY c
	Sort  (cost=417.48..417.75 rows=107 width=121)
	  Sort Key: c
	  ->  Index Scan using sbtest5_pkey on sbtest5  (cost=0.43..413.87 rows=107 width=121)
	        Index Cond: ((id >= 4187991) AND (id <= 4188090))

table 6 : explain SELECT c FROM sbtest6 WHERE id BETWEEN 9848529 AND 9848628 ORDER BY c
	Sort  (cost=381.62..381.87 rows=98 width=121)
	  Sort Key: c
	  ->  Index Scan using sbtest6_pkey on sbtest6  (cost=0.43..378.38 rows=98 width=121)
	        Index Cond: ((id >= 9848529) AND (id <= 9848628))

table 7 : explain SELECT c FROM sbtest7 WHERE id BETWEEN 6418255 AND 6418354 ORDER BY c
	Sort  (cost=382.36..382.60 rows=98 width=121)
	  Sort Key: c
	  ->  Index Scan using sbtest7_pkey on sbtest7  (cost=0.43..379.12 rows=98 width=121)
	        Index Cond: ((id >= 6418255) AND (id <= 6418354))

table 8 : explain SELECT c FROM sbtest8 WHERE id BETWEEN 2631653 AND 2631752 ORDER BY c
	Sort  (cost=394.86..395.12 rows=102 width=121)
	  Sort Key: c
	  ->  Index Scan using sbtest8_pkey on sbtest8  (cost=0.43..391.46 rows=102 width=121)
	        Index Cond: ((id >= 2631653) AND (id <= 2631752))

for: order_ranges
table 1 : explain SELECT c FROM sbtest1 WHERE id BETWEEN 1569700 AND 1569799 ORDER BY c
	Sort  (cost=433.50..433.77 rows=111 width=121)
	  Sort Key: c
	  ->  Index Scan using sbtest1_pkey on sbtest1  (cost=0.43..429.73 rows=111 width=121)
	        Index Cond: ((id >= 1569700) AND (id <= 1569799))

table 2 : explain SELECT c FROM sbtest2 WHERE id BETWEEN 6466551 AND 6466650 ORDER BY c
	Sort  (cost=405.69..405.95 rows=104 width=121)
	  Sort Key: c
	  ->  Index Scan using sbtest2_pkey on sbtest2  (cost=0.43..402.21 rows=104 width=121)
	        Index Cond: ((id >= 6466551) AND (id <= 6466650))

table 3 : explain SELECT c FROM sbtest3 WHERE id BETWEEN 5997184 AND 5997283 ORDER BY c
	Sort  (cost=381.93..382.17 rows=98 width=121)
	  Sort Key: c
	  ->  Index Scan using sbtest3_pkey on sbtest3  (cost=0.43..378.69 rows=98 width=121)
	        Index Cond: ((id >= 5997184) AND (id <= 5997283))

table 4 : explain SELECT c FROM sbtest4 WHERE id BETWEEN 9625656 AND 9625755 ORDER BY c
	Sort  (cost=361.46..361.70 rows=93 width=121)
	  Sort Key: c
	  ->  Index Scan using sbtest4_pkey on sbtest4  (cost=0.43..358.42 rows=93 width=121)
	        Index Cond: ((id >= 9625656) AND (id <= 9625755))

table 5 : explain SELECT c FROM sbtest5 WHERE id BETWEEN 7486076 AND 7486175 ORDER BY c
	Sort  (cost=382.70..382.95 rows=98 width=121)
	  Sort Key: c
	  ->  Index Scan using sbtest5_pkey on sbtest5  (cost=0.43..379.46 rows=98 width=121)
	        Index Cond: ((id >= 7486076) AND (id <= 7486175))

table 6 : explain SELECT c FROM sbtest6 WHERE id BETWEEN 1814394 AND 1814493 ORDER BY c
	Sort  (cost=404.74..405.00 rows=104 width=121)
	  Sort Key: c
	  ->  Index Scan using sbtest6_pkey on sbtest6  (cost=0.43..401.25 rows=104 width=121)
	        Index Cond: ((id >= 1814394) AND (id <= 1814493))

table 7 : explain SELECT c FROM sbtest7 WHERE id BETWEEN 2608256 AND 2608355 ORDER BY c
	Sort  (cost=393.94..394.19 rows=101 width=121)
	  Sort Key: c
	  ->  Index Scan using sbtest7_pkey on sbtest7  (cost=0.43..390.57 rows=101 width=121)
	        Index Cond: ((id >= 2608256) AND (id <= 2608355))

table 8 : explain SELECT c FROM sbtest8 WHERE id BETWEEN 1901639 AND 1901738 ORDER BY c
	Sort  (cost=444.67..444.96 rows=115 width=121)
	  Sort Key: c
	  ->  Index Scan using sbtest8_pkey on sbtest8  (cost=0.43..440.73 rows=115 width=121)
	        Index Cond: ((id >= 1901639) AND (id <= 1901738))

for: simple_ranges
table 1 : explain SELECT c FROM sbtest1 WHERE id BETWEEN 9960042 AND 9960141
	Index Scan using sbtest1_pkey on sbtest1  (cost=0.43..387.61 rows=100 width=121)
	  Index Cond: ((id >= 9960042) AND (id <= 9960141))

table 2 : explain SELECT c FROM sbtest2 WHERE id BETWEEN 4749345 AND 4749444
	Index Scan using sbtest2_pkey on sbtest2  (cost=0.43..379.28 rows=98 width=121)
	  Index Cond: ((id >= 4749345) AND (id <= 4749444))

table 3 : explain SELECT c FROM sbtest3 WHERE id BETWEEN 5400994 AND 5401093
	Index Scan using sbtest3_pkey on sbtest3  (cost=0.43..413.02 rows=107 width=121)
	  Index Cond: ((id >= 5400994) AND (id <= 5401093))

table 4 : explain SELECT c FROM sbtest4 WHERE id BETWEEN 3808009 AND 3808108
	Index Scan using sbtest4_pkey on sbtest4  (cost=0.43..358.42 rows=93 width=121)
	  Index Cond: ((id >= 3808009) AND (id <= 3808108))

table 5 : explain SELECT c FROM sbtest5 WHERE id BETWEEN 902562 AND 902661
	Index Scan using sbtest5_pkey on sbtest5  (cost=0.43..348.88 rows=90 width=121)
	  Index Cond: ((id >= 902562) AND (id <= 902661))

table 6 : explain SELECT c FROM sbtest6 WHERE id BETWEEN 5280272 AND 5280371
	Index Scan using sbtest6_pkey on sbtest6  (cost=0.43..374.57 rows=97 width=121)
	  Index Cond: ((id >= 5280272) AND (id <= 5280371))

table 7 : explain SELECT c FROM sbtest7 WHERE id BETWEEN 4498718 AND 4498817
	Index Scan using sbtest7_pkey on sbtest7  (cost=0.43..398.21 rows=103 width=121)
	  Index Cond: ((id >= 4498718) AND (id <= 4498817))

table 8 : explain SELECT c FROM sbtest8 WHERE id BETWEEN 2403070 AND 2403169
	Index Scan using sbtest8_pkey on sbtest8  (cost=0.43..361.13 rows=94 width=121)
	  Index Cond: ((id >= 2403070) AND (id <= 2403169))

for: simple_ranges
table 1 : explain SELECT c FROM sbtest1 WHERE id BETWEEN 9217805 AND 9217904
	Index Scan using sbtest1_pkey on sbtest1  (cost=0.43..391.44 rows=101 width=121)
	  Index Cond: ((id >= 9217805) AND (id <= 9217904))

table 2 : explain SELECT c FROM sbtest2 WHERE id BETWEEN 9802350 AND 9802449
	Index Scan using sbtest2_pkey on sbtest2  (cost=0.43..379.28 rows=98 width=121)
	  Index Cond: ((id >= 9802350) AND (id <= 9802449))

table 3 : explain SELECT c FROM sbtest3 WHERE id BETWEEN 9126700 AND 9126799
	Index Scan using sbtest3_pkey on sbtest3  (cost=0.43..355.74 rows=92 width=121)
	  Index Cond: ((id >= 9126700) AND (id <= 9126799))

table 4 : explain SELECT c FROM sbtest4 WHERE id BETWEEN 8686351 AND 8686450
	Index Scan using sbtest4_pkey on sbtest4  (cost=0.43..457.35 rows=119 width=121)
	  Index Cond: ((id >= 8686351) AND (id <= 8686450))

table 5 : explain SELECT c FROM sbtest5 WHERE id BETWEEN 541971 AND 542070
	Index Scan using sbtest5_pkey on sbtest5  (cost=0.43..375.64 rows=97 width=121)
	  Index Cond: ((id >= 541971) AND (id <= 542070))

table 6 : explain SELECT c FROM sbtest6 WHERE id BETWEEN 331475 AND 331574
	Index Scan using sbtest6_pkey on sbtest6  (cost=0.43..431.75 rows=112 width=121)
	  Index Cond: ((id >= 331475) AND (id <= 331574))

table 7 : explain SELECT c FROM sbtest7 WHERE id BETWEEN 2729085 AND 2729184
	Index Scan using sbtest7_pkey on sbtest7  (cost=0.43..398.21 rows=103 width=121)
	  Index Cond: ((id >= 2729085) AND (id <= 2729184))

table 8 : explain SELECT c FROM sbtest8 WHERE id BETWEEN 7277992 AND 7278091
	Index Scan using sbtest8_pkey on sbtest8  (cost=0.43..383.88 rows=100 width=121)
	  Index Cond: ((id >= 7277992) AND (id <= 7278091))

explain: for deletes :: explain DELETE FROM sbtest%u WHERE id=%u
for non_index_updates
table 1 : explain UPDATE sbtest1 SET c='foobar' WHERE id=4821326
	Update on sbtest1  (cost=0.43..8.45 rows=0 width=0)
	  ->  Index Scan using sbtest1_pkey on sbtest1  (cost=0.43..8.45 rows=1 width=490)
	        Index Cond: (id = 4821326)

table 2 : explain UPDATE sbtest2 SET c='foobar' WHERE id=421566
	Update on sbtest2  (cost=0.43..8.45 rows=0 width=0)
	  ->  Index Scan using sbtest2_pkey on sbtest2  (cost=0.43..8.45 rows=1 width=490)
	        Index Cond: (id = 421566)

table 3 : explain UPDATE sbtest3 SET c='foobar' WHERE id=835510
	Update on sbtest3  (cost=0.43..8.45 rows=0 width=0)
	  ->  Index Scan using sbtest3_pkey on sbtest3  (cost=0.43..8.45 rows=1 width=490)
	        Index Cond: (id = 835510)

table 4 : explain UPDATE sbtest4 SET c='foobar' WHERE id=5162546
	Update on sbtest4  (cost=0.43..8.45 rows=0 width=0)
	  ->  Index Scan using sbtest4_pkey on sbtest4  (cost=0.43..8.45 rows=1 width=490)
	        Index Cond: (id = 5162546)

table 5 : explain UPDATE sbtest5 SET c='foobar' WHERE id=1365623
	Update on sbtest5  (cost=0.43..8.45 rows=0 width=0)
	  ->  Index Scan using sbtest5_pkey on sbtest5  (cost=0.43..8.45 rows=1 width=490)
	        Index Cond: (id = 1365623)

table 6 : explain UPDATE sbtest6 SET c='foobar' WHERE id=2696949
	Update on sbtest6  (cost=0.43..8.45 rows=0 width=0)
	  ->  Index Scan using sbtest6_pkey on sbtest6  (cost=0.43..8.45 rows=1 width=490)
	        Index Cond: (id = 2696949)

table 7 : explain UPDATE sbtest7 SET c='foobar' WHERE id=4712862
	Update on sbtest7  (cost=0.43..8.45 rows=0 width=0)
	  ->  Index Scan using sbtest7_pkey on sbtest7  (cost=0.43..8.45 rows=1 width=490)
	        Index Cond: (id = 4712862)

table 8 : explain UPDATE sbtest8 SET c='foobar' WHERE id=3843574
	Update on sbtest8  (cost=0.43..8.45 rows=0 width=0)
	  ->  Index Scan using sbtest8_pkey on sbtest8  (cost=0.43..8.45 rows=1 width=490)
	        Index Cond: (id = 3843574)

for: simple_ranges
table 1 : explain SELECT c FROM sbtest1 WHERE id BETWEEN 3501953 AND 3502052
	Index Scan using sbtest1_pkey on sbtest1  (cost=0.43..372.25 rows=96 width=121)
	  Index Cond: ((id >= 3501953) AND (id <= 3502052))

table 2 : explain SELECT c FROM sbtest2 WHERE id BETWEEN 4053085 AND 4053184
	Index Scan using sbtest2_pkey on sbtest2  (cost=0.43..352.48 rows=91 width=121)
	  Index Cond: ((id >= 4053085) AND (id <= 4053184))

table 3 : explain SELECT c FROM sbtest3 WHERE id BETWEEN 6453469 AND 6453568
	Index Scan using sbtest3_pkey on sbtest3  (cost=0.43..393.95 rows=102 width=121)
	  Index Cond: ((id >= 6453469) AND (id <= 6453568))

table 4 : explain SELECT c FROM sbtest4 WHERE id BETWEEN 7768198 AND 7768297
	Index Scan using sbtest4_pkey on sbtest4  (cost=0.43..392.70 rows=102 width=121)
	  Index Cond: ((id >= 7768198) AND (id <= 7768297))

table 5 : explain SELECT c FROM sbtest5 WHERE id BETWEEN 3284105 AND 3284204
	Index Scan using sbtest5_pkey on sbtest5  (cost=0.43..413.87 rows=107 width=121)
	  Index Cond: ((id >= 3284105) AND (id <= 3284204))

table 6 : explain SELECT c FROM sbtest6 WHERE id BETWEEN 4280231 AND 4280330
	Index Scan using sbtest6_pkey on sbtest6  (cost=0.43..382.19 rows=99 width=121)
	  Index Cond: ((id >= 4280231) AND (id <= 4280330))

table 7 : explain SELECT c FROM sbtest7 WHERE id BETWEEN 2191515 AND 2191614
	Index Scan using sbtest7_pkey on sbtest7  (cost=0.43..375.30 rows=97 width=121)
	  Index Cond: ((id >= 2191515) AND (id <= 2191614))

table 8 : explain SELECT c FROM sbtest8 WHERE id BETWEEN 651398 AND 651497
	Index Scan using sbtest8_pkey on sbtest8  (cost=0.43..383.88 rows=100 width=121)
	  Index Cond: ((id >= 651398) AND (id <= 651497))

for non_index_updates
table 1 : explain UPDATE sbtest1 SET c='foobar' WHERE id=8469151
	Update on sbtest1  (cost=0.43..8.45 rows=0 width=0)
	  ->  Index Scan using sbtest1_pkey on sbtest1  (cost=0.43..8.45 rows=1 width=490)
	        Index Cond: (id = 8469151)

table 2 : explain UPDATE sbtest2 SET c='foobar' WHERE id=9191428
	Update on sbtest2  (cost=0.43..8.45 rows=0 width=0)
	  ->  Index Scan using sbtest2_pkey on sbtest2  (cost=0.43..8.45 rows=1 width=490)
	        Index Cond: (id = 9191428)

table 3 : explain UPDATE sbtest3 SET c='foobar' WHERE id=8898388
	Update on sbtest3  (cost=0.43..8.45 rows=0 width=0)
	  ->  Index Scan using sbtest3_pkey on sbtest3  (cost=0.43..8.45 rows=1 width=490)
	        Index Cond: (id = 8898388)

table 4 : explain UPDATE sbtest4 SET c='foobar' WHERE id=5261625
	Update on sbtest4  (cost=0.43..8.45 rows=0 width=0)
	  ->  Index Scan using sbtest4_pkey on sbtest4  (cost=0.43..8.45 rows=1 width=490)
	        Index Cond: (id = 5261625)

table 5 : explain UPDATE sbtest5 SET c='foobar' WHERE id=4353289
	Update on sbtest5  (cost=0.43..8.45 rows=0 width=0)
	  ->  Index Scan using sbtest5_pkey on sbtest5  (cost=0.43..8.45 rows=1 width=490)
	        Index Cond: (id = 4353289)

table 6 : explain UPDATE sbtest6 SET c='foobar' WHERE id=1644414
	Update on sbtest6  (cost=0.43..8.45 rows=0 width=0)
	  ->  Index Scan using sbtest6_pkey on sbtest6  (cost=0.43..8.45 rows=1 width=490)
	        Index Cond: (id = 1644414)

table 7 : explain UPDATE sbtest7 SET c='foobar' WHERE id=5521824
	Update on sbtest7  (cost=0.43..8.45 rows=0 width=0)
	  ->  Index Scan using sbtest7_pkey on sbtest7  (cost=0.43..8.45 rows=1 width=490)
	        Index Cond: (id = 5521824)

table 8 : explain UPDATE sbtest8 SET c='foobar' WHERE id=3718357
	Update on sbtest8  (cost=0.43..8.45 rows=0 width=0)
	  ->  Index Scan using sbtest8_pkey on sbtest8  (cost=0.43..8.45 rows=1 width=490)
	        Index Cond: (id = 3718357)

for: sum_ranges
table 1 : explain SELECT SUM(k) FROM sbtest1 WHERE id BETWEEN 4412970 AND 4413069
	Aggregate  (cost=403.19..403.20 rows=1 width=8)
	  ->  Index Scan using sbtest1_pkey on sbtest1  (cost=0.43..402.93 rows=104 width=4)
	        Index Cond: ((id >= 4412970) AND (id <= 4413069))

table 2 : explain SELECT SUM(k) FROM sbtest2 WHERE id BETWEEN 2278610 AND 2278709
	Aggregate  (cost=368.00..368.01 rows=1 width=8)
	  ->  Index Scan using sbtest2_pkey on sbtest2  (cost=0.43..367.77 rows=95 width=4)
	        Index Cond: ((id >= 2278610) AND (id <= 2278709))

table 3 : explain SELECT SUM(k) FROM sbtest3 WHERE id BETWEEN 55282 AND 55381
	Aggregate  (cost=420.93..420.94 rows=1 width=8)
	  ->  Index Scan using sbtest3_pkey on sbtest3  (cost=0.43..420.65 rows=109 width=4)
	        Index Cond: ((id >= 55282) AND (id <= 55381))

table 4 : explain SELECT SUM(k) FROM sbtest4 WHERE id BETWEEN 1218391 AND 1218490
	Aggregate  (cost=343.43..343.44 rows=1 width=8)
	  ->  Index Scan using sbtest4_pkey on sbtest4  (cost=0.43..343.21 rows=89 width=4)
	        Index Cond: ((id >= 1218391) AND (id <= 1218490))

table 5 : explain SELECT SUM(k) FROM sbtest5 WHERE id BETWEEN 221090 AND 221189
	Aggregate  (cost=364.41..364.42 rows=1 width=8)
	  ->  Index Scan using sbtest5_pkey on sbtest5  (cost=0.43..364.17 rows=94 width=4)
	        Index Cond: ((id >= 221090) AND (id <= 221189))

table 6 : explain SELECT SUM(k) FROM sbtest6 WHERE id BETWEEN 5683556 AND 5683655
	Aggregate  (cost=397.70..397.71 rows=1 width=8)
	  ->  Index Scan using sbtest6_pkey on sbtest6  (cost=0.43..397.44 rows=103 width=4)
	        Index Cond: ((id >= 5683556) AND (id <= 5683655))

table 7 : explain SELECT SUM(k) FROM sbtest7 WHERE id BETWEEN 6858349 AND 6858448
	Aggregate  (cost=436.69..436.70 rows=1 width=8)
	  ->  Index Scan using sbtest7_pkey on sbtest7  (cost=0.43..436.41 rows=113 width=4)
	        Index Cond: ((id >= 6858349) AND (id <= 6858448))

table 8 : explain SELECT SUM(k) FROM sbtest8 WHERE id BETWEEN 8118712 AND 8118811
	Aggregate  (cost=399.30..399.31 rows=1 width=8)
	  ->  Index Scan using sbtest8_pkey on sbtest8  (cost=0.43..399.04 rows=104 width=4)
	        Index Cond: ((id >= 8118712) AND (id <= 8118811))

explain: for non_index_updates :: explain UPDATE sbtest%u SET c='foobar' WHERE id=%u
explain: for deletes :: explain DELETE FROM sbtest%u WHERE id=%u
for: sum_ranges
table 1 : explain SELECT SUM(k) FROM sbtest1 WHERE id BETWEEN 3509951 AND 3510050
	Aggregate  (cost=372.49..372.50 rows=1 width=8)
	  ->  Index Scan using sbtest1_pkey on sbtest1  (cost=0.43..372.25 rows=96 width=4)
	        Index Cond: ((id >= 3509951) AND (id <= 3510050))

table 2 : explain SELECT SUM(k) FROM sbtest2 WHERE id BETWEEN 2100145 AND 2100244
	Aggregate  (cost=352.71..352.72 rows=1 width=8)
	  ->  Index Scan using sbtest2_pkey on sbtest2  (cost=0.43..352.48 rows=91 width=4)
	        Index Cond: ((id >= 2100145) AND (id <= 2100244))

table 3 : explain SELECT SUM(k) FROM sbtest3 WHERE id BETWEEN 7076418 AND 7076517
	Aggregate  (cost=382.75..382.76 rows=1 width=8)
	  ->  Index Scan using sbtest3_pkey on sbtest3  (cost=0.43..382.50 rows=99 width=4)
	        Index Cond: ((id >= 7076418) AND (id <= 7076517))

table 4 : explain SELECT SUM(k) FROM sbtest4 WHERE id BETWEEN 6404841 AND 6404940
	Aggregate  (cost=389.15..389.16 rows=1 width=8)
	  ->  Index Scan using sbtest4_pkey on sbtest4  (cost=0.43..388.90 rows=101 width=4)
	        Index Cond: ((id >= 6404841) AND (id <= 6404940))

table 5 : explain SELECT SUM(k) FROM sbtest5 WHERE id BETWEEN 6331682 AND 6331781
	Aggregate  (cost=349.10..349.11 rows=1 width=8)
	  ->  Index Scan using sbtest5_pkey on sbtest5  (cost=0.43..348.88 rows=90 width=4)
	        Index Cond: ((id >= 6331682) AND (id <= 6331781))

table 6 : explain SELECT SUM(k) FROM sbtest6 WHERE id BETWEEN 6278653 AND 6278752
	Aggregate  (cost=313.72..313.73 rows=1 width=8)
	  ->  Index Scan using sbtest6_pkey on sbtest6  (cost=0.43..313.52 rows=81 width=4)
	        Index Cond: ((id >= 6278653) AND (id <= 6278752))

table 7 : explain SELECT SUM(k) FROM sbtest7 WHERE id BETWEEN 2236285 AND 2236384
	Aggregate  (cost=387.01..387.02 rows=1 width=8)
	  ->  Index Scan using sbtest7_pkey on sbtest7  (cost=0.43..386.76 rows=100 width=4)
	        Index Cond: ((id >= 2236285) AND (id <= 2236384))

table 8 : explain SELECT SUM(k) FROM sbtest8 WHERE id BETWEEN 250153 AND 250252
	Aggregate  (cost=372.75..372.76 rows=1 width=8)
	  ->  Index Scan using sbtest8_pkey on sbtest8  (cost=0.43..372.51 rows=97 width=4)
	        Index Cond: ((id >= 250153) AND (id <= 250252))

for non_index_updates
table 1 : explain UPDATE sbtest1 SET c='foobar' WHERE id=5008543
	Update on sbtest1  (cost=0.43..8.45 rows=0 width=0)
	  ->  Index Scan using sbtest1_pkey on sbtest1  (cost=0.43..8.45 rows=1 width=490)
	        Index Cond: (id = 5008543)

table 2 : explain UPDATE sbtest2 SET c='foobar' WHERE id=9599684
	Update on sbtest2  (cost=0.43..8.45 rows=0 width=0)
	  ->  Index Scan using sbtest2_pkey on sbtest2  (cost=0.43..8.45 rows=1 width=490)
	        Index Cond: (id = 9599684)

table 3 : explain UPDATE sbtest3 SET c='foobar' WHERE id=7739903
	Update on sbtest3  (cost=0.43..8.45 rows=0 width=0)
	  ->  Index Scan using sbtest3_pkey on sbtest3  (cost=0.43..8.45 rows=1 width=490)
	        Index Cond: (id = 7739903)

table 4 : explain UPDATE sbtest4 SET c='foobar' WHERE id=8636795
	Update on sbtest4  (cost=0.43..8.45 rows=0 width=0)
	  ->  Index Scan using sbtest4_pkey on sbtest4  (cost=0.43..8.45 rows=1 width=490)
	        Index Cond: (id = 8636795)

table 5 : explain UPDATE sbtest5 SET c='foobar' WHERE id=784317
	Update on sbtest5  (cost=0.43..8.45 rows=0 width=0)
	  ->  Index Scan using sbtest5_pkey on sbtest5  (cost=0.43..8.45 rows=1 width=490)
	        Index Cond: (id = 784317)

table 6 : explain UPDATE sbtest6 SET c='foobar' WHERE id=1482221
	Update on sbtest6  (cost=0.43..8.45 rows=0 width=0)
	  ->  Index Scan using sbtest6_pkey on sbtest6  (cost=0.43..8.45 rows=1 width=490)
	        Index Cond: (id = 1482221)

table 7 : explain UPDATE sbtest7 SET c='foobar' WHERE id=3467906
	Update on sbtest7  (cost=0.43..8.45 rows=0 width=0)
	  ->  Index Scan using sbtest7_pkey on sbtest7  (cost=0.43..8.45 rows=1 width=490)
	        Index Cond: (id = 3467906)

table 8 : explain UPDATE sbtest8 SET c='foobar' WHERE id=5126
	Update on sbtest8  (cost=0.43..8.45 rows=0 width=0)
	  ->  Index Scan using sbtest8_pkey on sbtest8  (cost=0.43..8.45 rows=1 width=490)
	        Index Cond: (id = 5126)

explain: for deletes :: explain DELETE FROM sbtest%u WHERE id=%u
for deletes
table 1 : explain DELETE FROM sbtest1 WHERE id=4897936
	Delete on sbtest1  (cost=0.43..8.45 rows=0 width=0)
	  ->  Index Scan using sbtest1_pkey on sbtest1  (cost=0.43..8.45 rows=1 width=6)
	        Index Cond: (id = 4897936)

table 2 : explain DELETE FROM sbtest2 WHERE id=6583096
	Delete on sbtest2  (cost=0.43..8.45 rows=0 width=0)
	  ->  Index Scan using sbtest2_pkey on sbtest2  (cost=0.43..8.45 rows=1 width=6)
	        Index Cond: (id = 6583096)

table 3 : explain DELETE FROM sbtest3 WHERE id=6215966
	Delete on sbtest3  (cost=0.43..8.45 rows=0 width=0)
	  ->  Index Scan using sbtest3_pkey on sbtest3  (cost=0.43..8.45 rows=1 width=6)
	        Index Cond: (id = 6215966)

table 4 : explain DELETE FROM sbtest4 WHERE id=4342676
	Delete on sbtest4  (cost=0.43..8.45 rows=0 width=0)
	  ->  Index Scan using sbtest4_pkey on sbtest4  (cost=0.43..8.45 rows=1 width=6)
	        Index Cond: (id = 4342676)

table 5 : explain DELETE FROM sbtest5 WHERE id=699920
	Delete on sbtest5  (cost=0.43..8.45 rows=0 width=0)
	  ->  Index Scan using sbtest5_pkey on sbtest5  (cost=0.43..8.45 rows=1 width=6)
	        Index Cond: (id = 699920)

table 6 : explain DELETE FROM sbtest6 WHERE id=4451596
	Delete on sbtest6  (cost=0.43..8.45 rows=0 width=0)
	  ->  Index Scan using sbtest6_pkey on sbtest6  (cost=0.43..8.45 rows=1 width=6)
	        Index Cond: (id = 4451596)

table 7 : explain DELETE FROM sbtest7 WHERE id=3619796
	Delete on sbtest7  (cost=0.43..8.45 rows=0 width=0)
	  ->  Index Scan using sbtest7_pkey on sbtest7  (cost=0.43..8.45 rows=1 width=6)
	        Index Cond: (id = 3619796)

table 8 : explain DELETE FROM sbtest8 WHERE id=6861336
	Delete on sbtest8  (cost=0.43..8.45 rows=0 width=0)
	  ->  Index Scan using sbtest8_pkey on sbtest8  (cost=0.43..8.45 rows=1 width=6)
	        Index Cond: (id = 6861336)

explain: for deletes :: explain DELETE FROM sbtest%u WHERE id=%u
for: distinct_ranges
table 1 : explain SELECT DISTINCT c FROM sbtest1 WHERE id BETWEEN 9236878 AND 9236977 ORDER BY c
	Unique  (cost=394.80..395.31 rows=101 width=121)
	  ->  Sort  (cost=394.80..395.06 rows=101 width=121)
	        Sort Key: c
	        ->  Index Scan using sbtest1_pkey on sbtest1  (cost=0.43..391.44 rows=101 width=121)
	              Index Cond: ((id >= 9236878) AND (id <= 9236977))

table 2 : explain SELECT DISTINCT c FROM sbtest2 WHERE id BETWEEN 2422583 AND 2422682 ORDER BY c
	Unique  (cost=394.11..394.61 rows=101 width=121)
	  ->  Sort  (cost=394.11..394.36 rows=101 width=121)
	        Sort Key: c
	        ->  Index Scan using sbtest2_pkey on sbtest2  (cost=0.43..390.74 rows=101 width=121)
	              Index Cond: ((id >= 2422583) AND (id <= 2422682))

table 3 : explain SELECT DISTINCT c FROM sbtest3 WHERE id BETWEEN 4310232 AND 4310331 ORDER BY c
	Unique  (cost=374.22..374.70 rows=96 width=121)
	  ->  Sort  (cost=374.22..374.46 rows=96 width=121)
	        Sort Key: c
	        ->  Index Scan using sbtest3_pkey on sbtest3  (cost=0.43..371.06 rows=96 width=121)
	              Index Cond: ((id >= 4310232) AND (id <= 4310331))

table 4 : explain SELECT DISTINCT c FROM sbtest4 WHERE id BETWEEN 1951170 AND 1951269 ORDER BY c
	Unique  (cost=380.73..381.22 rows=98 width=121)
	  ->  Sort  (cost=380.73..380.98 rows=98 width=121)
	        Sort Key: c
	        ->  Index Scan using sbtest4_pkey on sbtest4  (cost=0.43..377.49 rows=98 width=121)
	              Index Cond: ((id >= 1951170) AND (id <= 1951269))

table 5 : explain SELECT DISTINCT c FROM sbtest5 WHERE id BETWEEN 7885572 AND 7885671 ORDER BY c
	Unique  (cost=386.57..387.06 rows=99 width=121)
	  ->  Sort  (cost=386.57..386.82 rows=99 width=121)
	        Sort Key: c
	        ->  Index Scan using sbtest5_pkey on sbtest5  (cost=0.43..383.29 rows=99 width=121)
	              Index Cond: ((id >= 7885572) AND (id <= 7885671))

table 6 : explain SELECT DISTINCT c FROM sbtest6 WHERE id BETWEEN 9812482 AND 9812581 ORDER BY c
	Unique  (cost=381.62..382.11 rows=98 width=121)
	  ->  Sort  (cost=381.62..381.87 rows=98 width=121)
	        Sort Key: c
	        ->  Index Scan using sbtest6_pkey on sbtest6  (cost=0.43..378.38 rows=98 width=121)
	              Index Cond: ((id >= 9812482) AND (id <= 9812581))

table 7 : explain SELECT DISTINCT c FROM sbtest7 WHERE id BETWEEN 919591 AND 919690 ORDER BY c
	Unique  (cost=413.24..413.77 rows=106 width=121)
	  ->  Sort  (cost=413.24..413.50 rows=106 width=121)
	        Sort Key: c
	        ->  Index Scan using sbtest7_pkey on sbtest7  (cost=0.43..409.67 rows=106 width=121)
	              Index Cond: ((id >= 919591) AND (id <= 919690))

table 8 : explain SELECT DISTINCT c FROM sbtest8 WHERE id BETWEEN 1885834 AND 1885933 ORDER BY c
	Unique  (cost=444.67..445.24 rows=115 width=121)
	  ->  Sort  (cost=444.67..444.96 rows=115 width=121)
	        Sort Key: c
	        ->  Index Scan using sbtest8_pkey on sbtest8  (cost=0.43..440.73 rows=115 width=121)
	              Index Cond: ((id >= 1885834) AND (id <= 1885933))

for: sum_ranges
table 1 : explain SELECT SUM(k) FROM sbtest1 WHERE id BETWEEN 9448789 AND 9448888
	Aggregate  (cost=410.85..410.86 rows=1 width=8)
	  ->  Index Scan using sbtest1_pkey on sbtest1  (cost=0.43..410.58 rows=106 width=4)
	        Index Cond: ((id >= 9448789) AND (id <= 9448888))

table 2 : explain SELECT SUM(k) FROM sbtest2 WHERE id BETWEEN 3227050 AND 3227149
	Aggregate  (cost=402.47..402.48 rows=1 width=8)
	  ->  Index Scan using sbtest2_pkey on sbtest2  (cost=0.43..402.21 rows=104 width=4)
	        Index Cond: ((id >= 3227050) AND (id <= 3227149))

table 3 : explain SELECT SUM(k) FROM sbtest3 WHERE id BETWEEN 1372261 AND 1372360
	Aggregate  (cost=363.61..363.62 rows=1 width=8)
	  ->  Index Scan using sbtest3_pkey on sbtest3  (cost=0.43..363.37 rows=94 width=4)
	        Index Cond: ((id >= 1372261) AND (id <= 1372360))

table 4 : explain SELECT SUM(k) FROM sbtest4 WHERE id BETWEEN 9405106 AND 9405205
	Aggregate  (cost=396.76..396.77 rows=1 width=8)
	  ->  Index Scan using sbtest4_pkey on sbtest4  (cost=0.43..396.51 rows=103 width=4)
	        Index Cond: ((id >= 9405106) AND (id <= 9405205))

table 5 : explain SELECT SUM(k) FROM sbtest5 WHERE id BETWEEN 1253883 AND 1253982
	Aggregate  (cost=395.01..395.02 rows=1 width=8)
	  ->  Index Scan using sbtest5_pkey on sbtest5  (cost=0.43..394.76 rows=102 width=4)
	        Index Cond: ((id >= 1253883) AND (id <= 1253982))

table 6 : explain SELECT SUM(k) FROM sbtest6 WHERE id BETWEEN 9513946 AND 9514045
	Aggregate  (cost=401.51..401.52 rows=1 width=8)
	  ->  Index Scan using sbtest6_pkey on sbtest6  (cost=0.43..401.25 rows=104 width=4)
	        Index Cond: ((id >= 9513946) AND (id <= 9514045))

table 7 : explain SELECT SUM(k) FROM sbtest7 WHERE id BETWEEN 4010433 AND 4010532
	Aggregate  (cost=348.78..348.79 rows=1 width=8)
	  ->  Index Scan using sbtest7_pkey on sbtest7  (cost=0.43..348.56 rows=90 width=4)
	        Index Cond: ((id >= 4010433) AND (id <= 4010532))

table 8 : explain SELECT SUM(k) FROM sbtest8 WHERE id BETWEEN 8454296 AND 8454395
	Aggregate  (cost=403.09..403.10 rows=1 width=8)
	  ->  Index Scan using sbtest8_pkey on sbtest8  (cost=0.43..402.83 rows=105 width=4)
	        Index Cond: ((id >= 8454296) AND (id <= 8454395))

for: sum_ranges
table 1 : explain SELECT SUM(k) FROM sbtest1 WHERE id BETWEEN 5409411 AND 5409510
	Aggregate  (cost=399.36..399.37 rows=1 width=8)
	  ->  Index Scan using sbtest1_pkey on sbtest1  (cost=0.43..399.10 rows=103 width=4)
	        Index Cond: ((id >= 5409411) AND (id <= 5409510))

table 2 : explain SELECT SUM(k) FROM sbtest2 WHERE id BETWEEN 699898 AND 699997
	Aggregate  (cost=371.88..371.89 rows=1 width=8)
	  ->  Index Scan using sbtest2_pkey on sbtest2  (cost=0.43..371.64 rows=96 width=4)
	        Index Cond: ((id >= 699898) AND (id <= 699997))

table 3 : explain SELECT SUM(k) FROM sbtest3 WHERE id BETWEEN 5617934 AND 5618033
	Aggregate  (cost=375.11..375.12 rows=1 width=8)
	  ->  Index Scan using sbtest3_pkey on sbtest3  (cost=0.43..374.87 rows=97 width=4)
	        Index Cond: ((id >= 5617934) AND (id <= 5618033))

table 4 : explain SELECT SUM(k) FROM sbtest4 WHERE id BETWEEN 9157326 AND 9157425
	Aggregate  (cost=411.99..412.00 rows=1 width=8)
	  ->  Index Scan using sbtest4_pkey on sbtest4  (cost=0.43..411.72 rows=107 width=4)
	        Index Cond: ((id >= 9157326) AND (id <= 9157425))

table 5 : explain SELECT SUM(k) FROM sbtest5 WHERE id BETWEEN 5889450 AND 5889549
	Aggregate  (cost=387.36..387.37 rows=1 width=8)
	  ->  Index Scan using sbtest5_pkey on sbtest5  (cost=0.43..387.11 rows=100 width=4)
	        Index Cond: ((id >= 5889450) AND (id <= 5889549))

table 6 : explain SELECT SUM(k) FROM sbtest6 WHERE id BETWEEN 243591 AND 243690
	Aggregate  (cost=416.77..416.78 rows=1 width=8)
	  ->  Index Scan using sbtest6_pkey on sbtest6  (cost=0.43..416.50 rows=108 width=4)
	        Index Cond: ((id >= 243591) AND (id <= 243690))

table 7 : explain SELECT SUM(k) FROM sbtest7 WHERE id BETWEEN 362403 AND 362502
	Aggregate  (cost=421.40..421.41 rows=1 width=8)
	  ->  Index Scan using sbtest7_pkey on sbtest7  (cost=0.43..421.13 rows=109 width=4)
	        Index Cond: ((id >= 362403) AND (id <= 362502))

table 8 : explain SELECT SUM(k) FROM sbtest8 WHERE id BETWEEN 5989764 AND 5989863
	Aggregate  (cost=395.51..395.52 rows=1 width=8)
	  ->  Index Scan using sbtest8_pkey on sbtest8  (cost=0.43..395.25 rows=103 width=4)
	        Index Cond: ((id >= 5989764) AND (id <= 5989863))

for: order_ranges
table 1 : explain SELECT c FROM sbtest1 WHERE id BETWEEN 2480565 AND 2480664 ORDER BY c
	Sort  (cost=406.41..406.67 rows=104 width=121)
	  Sort Key: c
	  ->  Index Scan using sbtest1_pkey on sbtest1  (cost=0.43..402.93 rows=104 width=121)
	        Index Cond: ((id >= 2480565) AND (id <= 2480664))

table 2 : explain SELECT c FROM sbtest2 WHERE id BETWEEN 3834351 AND 3834450 ORDER BY c
	Sort  (cost=351.58..351.80 rows=90 width=121)
	  Sort Key: c
	  ->  Index Scan using sbtest2_pkey on sbtest2  (cost=0.43..348.66 rows=90 width=121)
	        Index Cond: ((id >= 3834351) AND (id <= 3834450))

table 3 : explain SELECT c FROM sbtest3 WHERE id BETWEEN 4700219 AND 4700318 ORDER BY c
	Sort  (cost=420.49..420.76 rows=108 width=121)
	  Sort Key: c
	  ->  Index Scan using sbtest3_pkey on sbtest3  (cost=0.43..416.84 rows=108 width=121)
	        Index Cond: ((id >= 4700219) AND (id <= 4700318))

table 4 : explain SELECT c FROM sbtest4 WHERE id BETWEEN 2812677 AND 2812776 ORDER BY c
	Sort  (cost=388.42..388.67 rows=100 width=121)
	  Sort Key: c
	  ->  Index Scan using sbtest4_pkey on sbtest4  (cost=0.43..385.10 rows=100 width=121)
	        Index Cond: ((id >= 2812677) AND (id <= 2812776))

table 5 : explain SELECT c FROM sbtest5 WHERE id BETWEEN 8099878 AND 8099977 ORDER BY c
	Sort  (cost=386.57..386.82 rows=99 width=121)
	  Sort Key: c
	  ->  Index Scan using sbtest5_pkey on sbtest5  (cost=0.43..383.29 rows=99 width=121)
	        Index Cond: ((id >= 8099878) AND (id <= 8099977))

table 6 : explain SELECT c FROM sbtest6 WHERE id BETWEEN 6135878 AND 6135977 ORDER BY c
	Sort  (cost=389.32..389.57 rows=100 width=121)
	  Sort Key: c
	  ->  Index Scan using sbtest6_pkey on sbtest6  (cost=0.43..386.00 rows=100 width=121)
	        Index Cond: ((id >= 6135878) AND (id <= 6135977))

table 7 : explain SELECT c FROM sbtest7 WHERE id BETWEEN 6864740 AND 6864839 ORDER BY c
	Sort  (cost=440.26..440.55 rows=113 width=121)
	  Sort Key: c
	  ->  Index Scan using sbtest7_pkey on sbtest7  (cost=0.43..436.41 rows=113 width=121)
	        Index Cond: ((id >= 6864740) AND (id <= 6864839))

table 8 : explain SELECT c FROM sbtest8 WHERE id BETWEEN 7369169 AND 7369268 ORDER BY c
	Sort  (cost=394.86..395.12 rows=102 width=121)
	  Sort Key: c
	  ->  Index Scan using sbtest8_pkey on sbtest8  (cost=0.43..391.46 rows=102 width=121)
	        Index Cond: ((id >= 7369169) AND (id <= 7369268))

for deletes
table 1 : explain DELETE FROM sbtest1 WHERE id=9276961
	Delete on sbtest1  (cost=0.43..8.45 rows=0 width=0)
	  ->  Index Scan using sbtest1_pkey on sbtest1  (cost=0.43..8.45 rows=1 width=6)
	        Index Cond: (id = 9276961)

table 2 : explain DELETE FROM sbtest2 WHERE id=2801017
	Delete on sbtest2  (cost=0.43..8.45 rows=0 width=0)
	  ->  Index Scan using sbtest2_pkey on sbtest2  (cost=0.43..8.45 rows=1 width=6)
	        Index Cond: (id = 2801017)

table 3 : explain DELETE FROM sbtest3 WHERE id=4383452
	Delete on sbtest3  (cost=0.43..8.45 rows=0 width=0)
	  ->  Index Scan using sbtest3_pkey on sbtest3  (cost=0.43..8.45 rows=1 width=6)
	        Index Cond: (id = 4383452)

table 4 : explain DELETE FROM sbtest4 WHERE id=8826578
	Delete on sbtest4  (cost=0.43..8.45 rows=0 width=0)
	  ->  Index Scan using sbtest4_pkey on sbtest4  (cost=0.43..8.45 rows=1 width=6)
	        Index Cond: (id = 8826578)

table 5 : explain DELETE FROM sbtest5 WHERE id=5434365
	Delete on sbtest5  (cost=0.43..8.45 rows=0 width=0)
	  ->  Index Scan using sbtest5_pkey on sbtest5  (cost=0.43..8.45 rows=1 width=6)
	        Index Cond: (id = 5434365)

table 6 : explain DELETE FROM sbtest6 WHERE id=7517461
	Delete on sbtest6  (cost=0.43..8.45 rows=0 width=0)
	  ->  Index Scan using sbtest6_pkey on sbtest6  (cost=0.43..8.45 rows=1 width=6)
	        Index Cond: (id = 7517461)

table 7 : explain DELETE FROM sbtest7 WHERE id=5848067
	Delete on sbtest7  (cost=0.43..8.45 rows=0 width=0)
	  ->  Index Scan using sbtest7_pkey on sbtest7  (cost=0.43..8.45 rows=1 width=6)
	        Index Cond: (id = 5848067)

table 8 : explain DELETE FROM sbtest8 WHERE id=2935008
	Delete on sbtest8  (cost=0.43..8.45 rows=0 width=0)
	  ->  Index Scan using sbtest8_pkey on sbtest8  (cost=0.43..8.45 rows=1 width=6)
	        Index Cond: (id = 2935008)

for: sum_ranges
table 1 : explain SELECT SUM(k) FROM sbtest1 WHERE id BETWEEN 2812503 AND 2812602
	Aggregate  (cost=368.66..368.67 rows=1 width=8)
	  ->  Index Scan using sbtest1_pkey on sbtest1  (cost=0.43..368.42 rows=95 width=4)
	        Index Cond: ((id >= 2812503) AND (id <= 2812602))

table 2 : explain SELECT SUM(k) FROM sbtest2 WHERE id BETWEEN 2482235 AND 2482334
	Aggregate  (cost=391.00..391.01 rows=1 width=8)
	  ->  Index Scan using sbtest2_pkey on sbtest2  (cost=0.43..390.74 rows=101 width=4)
	        Index Cond: ((id >= 2482235) AND (id <= 2482334))

table 3 : explain SELECT SUM(k) FROM sbtest3 WHERE id BETWEEN 928601 AND 928700
	Aggregate  (cost=401.84..401.85 rows=1 width=8)
	  ->  Index Scan using sbtest3_pkey on sbtest3  (cost=0.43..401.58 rows=104 width=4)
	        Index Cond: ((id >= 928601) AND (id <= 928700))

table 4 : explain SELECT SUM(k) FROM sbtest4 WHERE id BETWEEN 8129875 AND 8129974
	Aggregate  (cost=332.02..332.03 rows=1 width=8)
	  ->  Index Scan using sbtest4_pkey on sbtest4  (cost=0.43..331.80 rows=86 width=4)
	        Index Cond: ((id >= 8129875) AND (id <= 8129974))

table 5 : explain SELECT SUM(k) FROM sbtest5 WHERE id BETWEEN 7695952 AND 7696051
	Aggregate  (cost=406.49..406.50 rows=1 width=8)
	  ->  Index Scan using sbtest5_pkey on sbtest5  (cost=0.43..406.23 rows=105 width=4)
	        Index Cond: ((id >= 7695952) AND (id <= 7696051))

table 6 : explain SELECT SUM(k) FROM sbtest6 WHERE id BETWEEN 4993453 AND 4993552
	Aggregate  (cost=386.25..386.26 rows=1 width=8)
	  ->  Index Scan using sbtest6_pkey on sbtest6  (cost=0.43..386.00 rows=100 width=4)
	        Index Cond: ((id >= 4993453) AND (id <= 4993552))

table 7 : explain SELECT SUM(k) FROM sbtest7 WHERE id BETWEEN 4901509 AND 4901608
	Aggregate  (cost=371.72..371.73 rows=1 width=8)
	  ->  Index Scan using sbtest7_pkey on sbtest7  (cost=0.43..371.48 rows=96 width=4)
	        Index Cond: ((id >= 4901509) AND (id <= 4901608))

table 8 : explain SELECT SUM(k) FROM sbtest8 WHERE id BETWEEN 3198675 AND 3198774
	Aggregate  (cost=368.96..368.97 rows=1 width=8)
	  ->  Index Scan using sbtest8_pkey on sbtest8  (cost=0.43..368.72 rows=96 width=4)
	        Index Cond: ((id >= 3198675) AND (id <= 3198774))

for: distinct_ranges
table 1 : explain SELECT DISTINCT c FROM sbtest1 WHERE id BETWEEN 2695095 AND 2695194 ORDER BY c
	Unique  (cost=398.67..399.18 rows=102 width=121)
	  ->  Sort  (cost=398.67..398.93 rows=102 width=121)
	        Sort Key: c
	        ->  Index Scan using sbtest1_pkey on sbtest1  (cost=0.43..395.27 rows=102 width=121)
	              Index Cond: ((id >= 2695095) AND (id <= 2695194))

table 2 : explain SELECT DISTINCT c FROM sbtest2 WHERE id BETWEEN 6542 AND 6641 ORDER BY c
	Unique  (cost=370.89..371.36 rows=95 width=121)
	  ->  Sort  (cost=370.89..371.12 rows=95 width=121)
	        Sort Key: c
	        ->  Index Scan using sbtest2_pkey on sbtest2  (cost=0.43..367.77 rows=95 width=121)
	              Index Cond: ((id >= 6542) AND (id <= 6641))

table 3 : explain SELECT DISTINCT c FROM sbtest3 WHERE id BETWEEN 7341632 AND 7341731 ORDER BY c
	Unique  (cost=401.21..401.72 rows=103 width=121)
	  ->  Sort  (cost=401.21..401.46 rows=103 width=121)
	        Sort Key: c
	        ->  Index Scan using sbtest3_pkey on sbtest3  (cost=0.43..397.76 rows=103 width=121)
	              Index Cond: ((id >= 7341632) AND (id <= 7341731))

table 4 : explain SELECT DISTINCT c FROM sbtest4 WHERE id BETWEEN 1645573 AND 1645672 ORDER BY c
	Unique  (cost=365.31..365.78 rows=94 width=121)
	  ->  Sort  (cost=365.31..365.54 rows=94 width=121)
	        Sort Key: c
	        ->  Index Scan using sbtest4_pkey on sbtest4  (cost=0.43..362.23 rows=94 width=121)
	              Index Cond: ((id >= 1645573) AND (id <= 1645672))

table 5 : explain SELECT DISTINCT c FROM sbtest5 WHERE id BETWEEN 1178580 AND 1178679 ORDER BY c
	Unique  (cost=390.43..390.93 rows=100 width=121)
	  ->  Sort  (cost=390.43..390.68 rows=100 width=121)
	        Sort Key: c
	        ->  Index Scan using sbtest5_pkey on sbtest5  (cost=0.43..387.11 rows=100 width=121)
	              Index Cond: ((id >= 1178580) AND (id <= 1178679))

table 6 : explain SELECT DISTINCT c FROM sbtest6 WHERE id BETWEEN 1702629 AND 1702728 ORDER BY c
	Unique  (cost=420.15..420.69 rows=108 width=121)
	  ->  Sort  (cost=420.15..420.42 rows=108 width=121)
	        Sort Key: c
	        ->  Index Scan using sbtest6_pkey on sbtest6  (cost=0.43..416.50 rows=108 width=121)
	              Index Cond: ((id >= 1702629) AND (id <= 1702728))

table 7 : explain SELECT DISTINCT c FROM sbtest7 WHERE id BETWEEN 122712 AND 122811 ORDER BY c
	Unique  (cost=359.20..359.66 rows=92 width=121)
	  ->  Sort  (cost=359.20..359.43 rows=92 width=121)
	        Sort Key: c
	        ->  Index Scan using sbtest7_pkey on sbtest7  (cost=0.43..356.20 rows=92 width=121)
	              Index Cond: ((id >= 122712) AND (id <= 122811))

table 8 : explain SELECT DISTINCT c FROM sbtest8 WHERE id BETWEEN 8252226 AND 8252325 ORDER BY c
	Unique  (cost=383.37..383.86 rows=99 width=121)
	  ->  Sort  (cost=383.37..383.62 rows=99 width=121)
	        Sort Key: c
	        ->  Index Scan using sbtest8_pkey on sbtest8  (cost=0.43..380.09 rows=99 width=121)
	              Index Cond: ((id >= 8252226) AND (id <= 8252325))

explain: for inserts :: explain INSERT INTO sbtest%u (id, k, c, pad) VALUES (%u, 13, 'foobar', 'foobar')
for deletes
table 1 : explain DELETE FROM sbtest1 WHERE id=8381503
	Delete on sbtest1  (cost=0.43..8.45 rows=0 width=0)
	  ->  Index Scan using sbtest1_pkey on sbtest1  (cost=0.43..8.45 rows=1 width=6)
	        Index Cond: (id = 8381503)

table 2 : explain DELETE FROM sbtest2 WHERE id=8138803
	Delete on sbtest2  (cost=0.43..8.45 rows=0 width=0)
	  ->  Index Scan using sbtest2_pkey on sbtest2  (cost=0.43..8.45 rows=1 width=6)
	        Index Cond: (id = 8138803)

table 3 : explain DELETE FROM sbtest3 WHERE id=9359055
	Delete on sbtest3  (cost=0.43..8.45 rows=0 width=0)
	  ->  Index Scan using sbtest3_pkey on sbtest3  (cost=0.43..8.45 rows=1 width=6)
	        Index Cond: (id = 9359055)

table 4 : explain DELETE FROM sbtest4 WHERE id=5231613
	Delete on sbtest4  (cost=0.43..8.45 rows=0 width=0)
	  ->  Index Scan using sbtest4_pkey on sbtest4  (cost=0.43..8.45 rows=1 width=6)
	        Index Cond: (id = 5231613)

table 5 : explain DELETE FROM sbtest5 WHERE id=6999724
	Delete on sbtest5  (cost=0.43..8.45 rows=0 width=0)
	  ->  Index Scan using sbtest5_pkey on sbtest5  (cost=0.43..8.45 rows=1 width=6)
	        Index Cond: (id = 6999724)

table 6 : explain DELETE FROM sbtest6 WHERE id=9736497
	Delete on sbtest6  (cost=0.43..8.45 rows=0 width=0)
	  ->  Index Scan using sbtest6_pkey on sbtest6  (cost=0.43..8.45 rows=1 width=6)
	        Index Cond: (id = 9736497)

table 7 : explain DELETE FROM sbtest7 WHERE id=5372724
	Delete on sbtest7  (cost=0.43..8.45 rows=0 width=0)
	  ->  Index Scan using sbtest7_pkey on sbtest7  (cost=0.43..8.45 rows=1 width=6)
	        Index Cond: (id = 5372724)

table 8 : explain DELETE FROM sbtest8 WHERE id=4369765
	Delete on sbtest8  (cost=0.43..8.45 rows=0 width=0)
	  ->  Index Scan using sbtest8_pkey on sbtest8  (cost=0.43..8.45 rows=1 width=6)
	        Index Cond: (id = 4369765)

explain: for index_updates :: explain UPDATE sbtest%u SET k=k+1 WHERE id=%u
for point_selects
table 1 : explain SELECT c FROM sbtest1 WHERE id=257190
	Index Scan using sbtest1_pkey on sbtest1  (cost=0.43..8.45 rows=1 width=121)
	  Index Cond: (id = 257190)

table 2 : explain SELECT c FROM sbtest2 WHERE id=831770
	Index Scan using sbtest2_pkey on sbtest2  (cost=0.43..8.45 rows=1 width=121)
	  Index Cond: (id = 831770)

table 3 : explain SELECT c FROM sbtest3 WHERE id=8047351
	Index Scan using sbtest3_pkey on sbtest3  (cost=0.43..8.45 rows=1 width=121)
	  Index Cond: (id = 8047351)

table 4 : explain SELECT c FROM sbtest4 WHERE id=1429093
	Index Scan using sbtest4_pkey on sbtest4  (cost=0.43..8.45 rows=1 width=121)
	  Index Cond: (id = 1429093)

table 5 : explain SELECT c FROM sbtest5 WHERE id=2446825
	Index Scan using sbtest5_pkey on sbtest5  (cost=0.43..8.45 rows=1 width=121)
	  Index Cond: (id = 2446825)

table 6 : explain SELECT c FROM sbtest6 WHERE id=2247401
	Index Scan using sbtest6_pkey on sbtest6  (cost=0.43..8.45 rows=1 width=121)
	  Index Cond: (id = 2247401)

table 7 : explain SELECT c FROM sbtest7 WHERE id=2021699
	Index Scan using sbtest7_pkey on sbtest7  (cost=0.43..8.45 rows=1 width=121)
	  Index Cond: (id = 2021699)

table 8 : explain SELECT c FROM sbtest8 WHERE id=2826253
	Index Scan using sbtest8_pkey on sbtest8  (cost=0.43..8.45 rows=1 width=121)
	  Index Cond: (id = 2826253)

explain: for index_updates :: explain UPDATE sbtest%u SET k=k+1 WHERE id=%u
for: order_ranges
table 1 : explain SELECT c FROM sbtest1 WHERE id BETWEEN 3515479 AND 3515578 ORDER BY c
	Sort  (cost=375.41..375.65 rows=96 width=121)
	  Sort Key: c
	  ->  Index Scan using sbtest1_pkey on sbtest1  (cost=0.43..372.25 rows=96 width=121)
	        Index Cond: ((id >= 3515479) AND (id <= 3515578))

table 2 : explain SELECT c FROM sbtest2 WHERE id BETWEEN 205602 AND 205701 ORDER BY c
	Sort  (cost=386.38..386.63 rows=99 width=121)
	  Sort Key: c
	  ->  Index Scan using sbtest2_pkey on sbtest2  (cost=0.43..383.10 rows=99 width=121)
	        Index Cond: ((id >= 205602) AND (id <= 205701))

table 3 : explain SELECT c FROM sbtest3 WHERE id BETWEEN 4731541 AND 4731640 ORDER BY c
	Sort  (cost=420.49..420.76 rows=108 width=121)
	  Sort Key: c
	  ->  Index Scan using sbtest3_pkey on sbtest3  (cost=0.43..416.84 rows=108 width=121)
	        Index Cond: ((id >= 4731541) AND (id <= 4731640))

table 4 : explain SELECT c FROM sbtest4 WHERE id BETWEEN 85863 AND 85962 ORDER BY c
	Sort  (cost=380.73..380.98 rows=98 width=121)
	  Sort Key: c
	  ->  Index Scan using sbtest4_pkey on sbtest4  (cost=0.43..377.49 rows=98 width=121)
	        Index Cond: ((id >= 85863) AND (id <= 85962))

table 5 : explain SELECT c FROM sbtest5 WHERE id BETWEEN 5251908 AND 5252007 ORDER BY c
	Sort  (cost=386.57..386.82 rows=99 width=121)
	  Sort Key: c
	  ->  Index Scan using sbtest5_pkey on sbtest5  (cost=0.43..383.29 rows=99 width=121)
	        Index Cond: ((id >= 5251908) AND (id <= 5252007))

table 6 : explain SELECT c FROM sbtest6 WHERE id BETWEEN 812740 AND 812839 ORDER BY c
	Sort  (cost=408.59..408.85 rows=105 width=121)
	  Sort Key: c
	  ->  Index Scan using sbtest6_pkey on sbtest6  (cost=0.43..405.06 rows=105 width=121)
	        Index Cond: ((id >= 812740) AND (id <= 812839))

table 7 : explain SELECT c FROM sbtest7 WHERE id BETWEEN 8277351 AND 8277450 ORDER BY c
	Sort  (cost=393.94..394.19 rows=101 width=121)
	  Sort Key: c
	  ->  Index Scan using sbtest7_pkey on sbtest7  (cost=0.43..390.57 rows=101 width=121)
	        Index Cond: ((id >= 8277351) AND (id <= 8277450))

table 8 : explain SELECT c FROM sbtest8 WHERE id BETWEEN 5414121 AND 5414220 ORDER BY c
	Sort  (cost=437.01..437.29 rows=113 width=121)
	  Sort Key: c
	  ->  Index Scan using sbtest8_pkey on sbtest8  (cost=0.43..433.15 rows=113 width=121)
	        Index Cond: ((id >= 5414121) AND (id <= 5414220))

for inserts
table 1 : explain INSERT INTO sbtest1 (id, k, c, pad) VALUES (2922986, 13, 'foobar', 'foobar')
	Insert on sbtest1  (cost=0.00..0.01 rows=0 width=0)
	  ->  Result  (cost=0.00..0.01 rows=1 width=736)

table 2 : explain INSERT INTO sbtest2 (id, k, c, pad) VALUES (2807189, 13, 'foobar', 'foobar')
	Insert on sbtest2  (cost=0.00..0.01 rows=0 width=0)
	  ->  Result  (cost=0.00..0.01 rows=1 width=736)

table 3 : explain INSERT INTO sbtest3 (id, k, c, pad) VALUES (9668080, 13, 'foobar', 'foobar')
	Insert on sbtest3  (cost=0.00..0.01 rows=0 width=0)
	  ->  Result  (cost=0.00..0.01 rows=1 width=736)

table 4 : explain INSERT INTO sbtest4 (id, k, c, pad) VALUES (3250867, 13, 'foobar', 'foobar')
	Insert on sbtest4  (cost=0.00..0.01 rows=0 width=0)
	  ->  Result  (cost=0.00..0.01 rows=1 width=736)

table 5 : explain INSERT INTO sbtest5 (id, k, c, pad) VALUES (9866684, 13, 'foobar', 'foobar')
	Insert on sbtest5  (cost=0.00..0.01 rows=0 width=0)
	  ->  Result  (cost=0.00..0.01 rows=1 width=736)

table 6 : explain INSERT INTO sbtest6 (id, k, c, pad) VALUES (4527952, 13, 'foobar', 'foobar')
	Insert on sbtest6  (cost=0.00..0.01 rows=0 width=0)
	  ->  Result  (cost=0.00..0.01 rows=1 width=736)

table 7 : explain INSERT INTO sbtest7 (id, k, c, pad) VALUES (3088267, 13, 'foobar', 'foobar')
	Insert on sbtest7  (cost=0.00..0.01 rows=0 width=0)
	  ->  Result  (cost=0.00..0.01 rows=1 width=736)

table 8 : explain INSERT INTO sbtest8 (id, k, c, pad) VALUES (411720, 13, 'foobar', 'foobar')
	Insert on sbtest8  (cost=0.00..0.01 rows=0 width=0)
	  ->  Result  (cost=0.00..0.01 rows=1 width=736)

explain: for inserts :: explain INSERT INTO sbtest%u (id, k, c, pad) VALUES (%u, 13, 'foobar', 'foobar')
for: sum_ranges
table 1 : explain SELECT SUM(k) FROM sbtest1 WHERE id BETWEEN 7910188 AND 7910287
	Aggregate  (cost=380.20..380.21 rows=1 width=8)
	  ->  Index Scan using sbtest1_pkey on sbtest1  (cost=0.43..379.96 rows=98 width=4)
	        Index Cond: ((id >= 7910188) AND (id <= 7910287))

table 2 : explain SELECT SUM(k) FROM sbtest2 WHERE id BETWEEN 4879852 AND 4879951
	Aggregate  (cost=368.00..368.01 rows=1 width=8)
	  ->  Index Scan using sbtest2_pkey on sbtest2  (cost=0.43..367.77 rows=95 width=4)
	        Index Cond: ((id >= 4879852) AND (id <= 4879951))

table 3 : explain SELECT SUM(k) FROM sbtest3 WHERE id BETWEEN 5995110 AND 5995209
	Aggregate  (cost=378.93..378.94 rows=1 width=8)
	  ->  Index Scan using sbtest3_pkey on sbtest3  (cost=0.43..378.69 rows=98 width=4)
	        Index Cond: ((id >= 5995110) AND (id <= 5995209))

table 4 : explain SELECT SUM(k) FROM sbtest4 WHERE id BETWEEN 399776 AND 399875
	Aggregate  (cost=370.13..370.14 rows=1 width=8)
	  ->  Index Scan using sbtest4_pkey on sbtest4  (cost=0.43..369.89 rows=96 width=4)
	        Index Cond: ((id >= 399776) AND (id <= 399875))

table 5 : explain SELECT SUM(k) FROM sbtest5 WHERE id BETWEEN 9314342 AND 9314441
	Aggregate  (cost=395.01..395.02 rows=1 width=8)
	  ->  Index Scan using sbtest5_pkey on sbtest5  (cost=0.43..394.76 rows=102 width=4)
	        Index Cond: ((id >= 9314342) AND (id <= 9314441))

table 6 : explain SELECT SUM(k) FROM sbtest6 WHERE id BETWEEN 4528861 AND 4528960
	Aggregate  (cost=397.70..397.71 rows=1 width=8)
	  ->  Index Scan using sbtest6_pkey on sbtest6  (cost=0.43..397.44 rows=103 width=4)
	        Index Cond: ((id >= 4528861) AND (id <= 4528960))

table 7 : explain SELECT SUM(k) FROM sbtest7 WHERE id BETWEEN 8757681 AND 8757780
	Aggregate  (cost=383.18..383.19 rows=1 width=8)
	  ->  Index Scan using sbtest7_pkey on sbtest7  (cost=0.43..382.94 rows=99 width=4)
	        Index Cond: ((id >= 8757681) AND (id <= 8757780))

table 8 : explain SELECT SUM(k) FROM sbtest8 WHERE id BETWEEN 6400072 AND 6400171
	Aggregate  (cost=349.93..349.94 rows=1 width=8)
	  ->  Index Scan using sbtest8_pkey on sbtest8  (cost=0.43..349.71 rows=91 width=4)
	        Index Cond: ((id >= 6400072) AND (id <= 6400171))

explain: for inserts :: explain INSERT INTO sbtest%u (id, k, c, pad) VALUES (%u, 13, 'foobar', 'foobar')
for index_updates
table 1 : explain UPDATE sbtest1 SET k=k+1 WHERE id=8866008
	Update on sbtest1  (cost=0.43..8.46 rows=0 width=0)
	  ->  Index Scan using sbtest1_pkey on sbtest1  (cost=0.43..8.46 rows=1 width=10)
	        Index Cond: (id = 8866008)

table 2 : explain UPDATE sbtest2 SET k=k+1 WHERE id=9042409
	Update on sbtest2  (cost=0.43..8.46 rows=0 width=0)
	  ->  Index Scan using sbtest2_pkey on sbtest2  (cost=0.43..8.46 rows=1 width=10)
	        Index Cond: (id = 9042409)

table 3 : explain UPDATE sbtest3 SET k=k+1 WHERE id=7355272
	Update on sbtest3  (cost=0.43..8.46 rows=0 width=0)
	  ->  Index Scan using sbtest3_pkey on sbtest3  (cost=0.43..8.46 rows=1 width=10)
	        Index Cond: (id = 7355272)

table 4 : explain UPDATE sbtest4 SET k=k+1 WHERE id=958026
	Update on sbtest4  (cost=0.43..8.46 rows=0 width=0)
	  ->  Index Scan using sbtest4_pkey on sbtest4  (cost=0.43..8.46 rows=1 width=10)
	        Index Cond: (id = 958026)

table 5 : explain UPDATE sbtest5 SET k=k+1 WHERE id=5911819
	Update on sbtest5  (cost=0.43..8.46 rows=0 width=0)
	  ->  Index Scan using sbtest5_pkey on sbtest5  (cost=0.43..8.46 rows=1 width=10)
	        Index Cond: (id = 5911819)

table 6 : explain UPDATE sbtest6 SET k=k+1 WHERE id=5745978
	Update on sbtest6  (cost=0.43..8.46 rows=0 width=0)
	  ->  Index Scan using sbtest6_pkey on sbtest6  (cost=0.43..8.46 rows=1 width=10)
	        Index Cond: (id = 5745978)

table 7 : explain UPDATE sbtest7 SET k=k+1 WHERE id=5086482
	Update on sbtest7  (cost=0.43..8.46 rows=0 width=0)
	  ->  Index Scan using sbtest7_pkey on sbtest7  (cost=0.43..8.46 rows=1 width=10)
	        Index Cond: (id = 5086482)

table 8 : explain UPDATE sbtest8 SET k=k+1 WHERE id=5821429
	Update on sbtest8  (cost=0.43..8.46 rows=0 width=0)
	  ->  Index Scan using sbtest8_pkey on sbtest8  (cost=0.43..8.46 rows=1 width=10)
	        Index Cond: (id = 5821429)

for index_updates
table 1 : explain UPDATE sbtest1 SET k=k+1 WHERE id=4187624
	Update on sbtest1  (cost=0.43..8.46 rows=0 width=0)
	  ->  Index Scan using sbtest1_pkey on sbtest1  (cost=0.43..8.46 rows=1 width=10)
	        Index Cond: (id = 4187624)

table 2 : explain UPDATE sbtest2 SET k=k+1 WHERE id=3739485
	Update on sbtest2  (cost=0.43..8.46 rows=0 width=0)
	  ->  Index Scan using sbtest2_pkey on sbtest2  (cost=0.43..8.46 rows=1 width=10)
	        Index Cond: (id = 3739485)

table 3 : explain UPDATE sbtest3 SET k=k+1 WHERE id=9278579
	Update on sbtest3  (cost=0.43..8.46 rows=0 width=0)
	  ->  Index Scan using sbtest3_pkey on sbtest3  (cost=0.43..8.46 rows=1 width=10)
	        Index Cond: (id = 9278579)

table 4 : explain UPDATE sbtest4 SET k=k+1 WHERE id=3640764
	Update on sbtest4  (cost=0.43..8.46 rows=0 width=0)
	  ->  Index Scan using sbtest4_pkey on sbtest4  (cost=0.43..8.46 rows=1 width=10)
	        Index Cond: (id = 3640764)

table 5 : explain UPDATE sbtest5 SET k=k+1 WHERE id=2541730
	Update on sbtest5  (cost=0.43..8.46 rows=0 width=0)
	  ->  Index Scan using sbtest5_pkey on sbtest5  (cost=0.43..8.46 rows=1 width=10)
	        Index Cond: (id = 2541730)

table 6 : explain UPDATE sbtest6 SET k=k+1 WHERE id=2450996
	Update on sbtest6  (cost=0.43..8.46 rows=0 width=0)
	  ->  Index Scan using sbtest6_pkey on sbtest6  (cost=0.43..8.46 rows=1 width=10)
	        Index Cond: (id = 2450996)

table 7 : explain UPDATE sbtest7 SET k=k+1 WHERE id=7443166
	Update on sbtest7  (cost=0.43..8.46 rows=0 width=0)
	  ->  Index Scan using sbtest7_pkey on sbtest7  (cost=0.43..8.46 rows=1 width=10)
	        Index Cond: (id = 7443166)

table 8 : explain UPDATE sbtest8 SET k=k+1 WHERE id=2542845
	Update on sbtest8  (cost=0.43..8.46 rows=0 width=0)
	  ->  Index Scan using sbtest8_pkey on sbtest8  (cost=0.43..8.46 rows=1 width=10)
	        Index Cond: (id = 2542845)

for: order_ranges
table 1 : explain SELECT c FROM sbtest1 WHERE id BETWEEN 5864456 AND 5864555 ORDER BY c
	Sort  (cost=356.07..356.30 rows=91 width=121)
	  Sort Key: c
	  ->  Index Scan using sbtest1_pkey on sbtest1  (cost=0.43..353.11 rows=91 width=121)
	        Index Cond: ((id >= 5864456) AND (id <= 5864555))

table 2 : explain SELECT c FROM sbtest2 WHERE id BETWEEN 3007580 AND 3007679 ORDER BY c
	Sort  (cost=405.69..405.95 rows=104 width=121)
	  Sort Key: c
	  ->  Index Scan using sbtest2_pkey on sbtest2  (cost=0.43..402.21 rows=104 width=121)
	        Index Cond: ((id >= 3007580) AND (id <= 3007679))

table 3 : explain SELECT c FROM sbtest3 WHERE id BETWEEN 5243855 AND 5243954 ORDER BY c
	Sort  (cost=408.92..409.18 rows=105 width=121)
	  Sort Key: c
	  ->  Index Scan using sbtest3_pkey on sbtest3  (cost=0.43..405.39 rows=105 width=121)
	        Index Cond: ((id >= 5243855) AND (id <= 5243954))

table 4 : explain SELECT c FROM sbtest4 WHERE id BETWEEN 4958516 AND 4958615 ORDER BY c
	Sort  (cost=396.11..396.36 rows=102 width=121)
	  Sort Key: c
	  ->  Index Scan using sbtest4_pkey on sbtest4  (cost=0.43..392.70 rows=102 width=121)
	        Index Cond: ((id >= 4958516) AND (id <= 4958615))

table 5 : explain SELECT c FROM sbtest5 WHERE id BETWEEN 1592014 AND 1592113 ORDER BY c
	Sort  (cost=332.44..332.65 rows=85 width=121)
	  Sort Key: c
	  ->  Index Scan using sbtest5_pkey on sbtest5  (cost=0.43..329.71 rows=85 width=121)
	        Index Cond: ((id >= 1592014) AND (id <= 1592113))

table 6 : explain SELECT c FROM sbtest6 WHERE id BETWEEN 6791019 AND 6791118 ORDER BY c
	Sort  (cost=377.77..378.01 rows=97 width=121)
	  Sort Key: c
	  ->  Index Scan using sbtest6_pkey on sbtest6  (cost=0.43..374.57 rows=97 width=121)
	        Index Cond: ((id >= 6791019) AND (id <= 6791118))

table 7 : explain SELECT c FROM sbtest7 WHERE id BETWEEN 4830327 AND 4830426 ORDER BY c
	Sort  (cost=374.64..374.88 rows=96 width=121)
	  Sort Key: c
	  ->  Index Scan using sbtest7_pkey on sbtest7  (cost=0.43..371.48 rows=96 width=121)
	        Index Cond: ((id >= 4830327) AND (id <= 4830426))

table 8 : explain SELECT c FROM sbtest8 WHERE id BETWEEN 2437411 AND 2437510 ORDER BY c
	Sort  (cost=394.86..395.12 rows=102 width=121)
	  Sort Key: c
	  ->  Index Scan using sbtest8_pkey on sbtest8  (cost=0.43..391.46 rows=102 width=121)
	        Index Cond: ((id >= 2437411) AND (id <= 2437510))

for inserts
table 1 : explain INSERT INTO sbtest1 (id, k, c, pad) VALUES (7579948, 13, 'foobar', 'foobar')
	Insert on sbtest1  (cost=0.00..0.01 rows=0 width=0)
	  ->  Result  (cost=0.00..0.01 rows=1 width=736)

table 2 : explain INSERT INTO sbtest2 (id, k, c, pad) VALUES (8742628, 13, 'foobar', 'foobar')
	Insert on sbtest2  (cost=0.00..0.01 rows=0 width=0)
	  ->  Result  (cost=0.00..0.01 rows=1 width=736)

table 3 : explain INSERT INTO sbtest3 (id, k, c, pad) VALUES (3094385, 13, 'foobar', 'foobar')
	Insert on sbtest3  (cost=0.00..0.01 rows=0 width=0)
	  ->  Result  (cost=0.00..0.01 rows=1 width=736)

table 4 : explain INSERT INTO sbtest4 (id, k, c, pad) VALUES (7011149, 13, 'foobar', 'foobar')
	Insert on sbtest4  (cost=0.00..0.01 rows=0 width=0)
	  ->  Result  (cost=0.00..0.01 rows=1 width=736)

table 5 : explain INSERT INTO sbtest5 (id, k, c, pad) VALUES (8592298, 13, 'foobar', 'foobar')
	Insert on sbtest5  (cost=0.00..0.01 rows=0 width=0)
	  ->  Result  (cost=0.00..0.01 rows=1 width=736)

table 6 : explain INSERT INTO sbtest6 (id, k, c, pad) VALUES (3717135, 13, 'foobar', 'foobar')
	Insert on sbtest6  (cost=0.00..0.01 rows=0 width=0)
	  ->  Result  (cost=0.00..0.01 rows=1 width=736)

table 7 : explain INSERT INTO sbtest7 (id, k, c, pad) VALUES (5083330, 13, 'foobar', 'foobar')
	Insert on sbtest7  (cost=0.00..0.01 rows=0 width=0)
	  ->  Result  (cost=0.00..0.01 rows=1 width=736)

table 8 : explain INSERT INTO sbtest8 (id, k, c, pad) VALUES (6534483, 13, 'foobar', 'foobar')
	Insert on sbtest8  (cost=0.00..0.01 rows=0 width=0)
	  ->  Result  (cost=0.00..0.01 rows=1 width=736)

for: order_ranges
table 1 : explain SELECT c FROM sbtest1 WHERE id BETWEEN 5283710 AND 5283809 ORDER BY c
	Sort  (cost=359.94..360.17 rows=92 width=121)
	  Sort Key: c
	  ->  Index Scan using sbtest1_pkey on sbtest1  (cost=0.43..356.94 rows=92 width=121)
	        Index Cond: ((id >= 5283710) AND (id <= 5283809))

table 2 : explain SELECT c FROM sbtest2 WHERE id BETWEEN 7030902 AND 7031001 ORDER BY c
	Sort  (cost=409.55..409.82 rows=105 width=121)
	  Sort Key: c
	  ->  Index Scan using sbtest2_pkey on sbtest2  (cost=0.43..406.03 rows=105 width=121)
	        Index Cond: ((id >= 7030902) AND (id <= 7031001))

table 3 : explain SELECT c FROM sbtest3 WHERE id BETWEEN 6370591 AND 6370690 ORDER BY c
	Sort  (cost=435.91..436.19 rows=112 width=121)
	  Sort Key: c
	  ->  Index Scan using sbtest3_pkey on sbtest3  (cost=0.43..432.10 rows=112 width=121)
	        Index Cond: ((id >= 6370591) AND (id <= 6370690))

table 4 : explain SELECT c FROM sbtest4 WHERE id BETWEEN 2240566 AND 2240665 ORDER BY c
	Sort  (cost=380.73..380.98 rows=98 width=121)
	  Sort Key: c
	  ->  Index Scan using sbtest4_pkey on sbtest4  (cost=0.43..377.49 rows=98 width=121)
	        Index Cond: ((id >= 2240566) AND (id <= 2240665))

table 5 : explain SELECT c FROM sbtest5 WHERE id BETWEEN 6600079 AND 6600178 ORDER BY c
	Sort  (cost=382.70..382.95 rows=98 width=121)
	  Sort Key: c
	  ->  Index Scan using sbtest5_pkey on sbtest5  (cost=0.43..379.46 rows=98 width=121)
	        Index Cond: ((id >= 6600079) AND (id <= 6600178))

table 6 : explain SELECT c FROM sbtest6 WHERE id BETWEEN 1328348 AND 1328447 ORDER BY c
	Sort  (cost=381.62..381.87 rows=98 width=121)
	  Sort Key: c
	  ->  Index Scan using sbtest6_pkey on sbtest6  (cost=0.43..378.38 rows=98 width=121)
	        Index Cond: ((id >= 1328348) AND (id <= 1328447))

table 7 : explain SELECT c FROM sbtest7 WHERE id BETWEEN 8361087 AND 8361186 ORDER BY c
	Sort  (cost=413.24..413.50 rows=106 width=121)
	  Sort Key: c
	  ->  Index Scan using sbtest7_pkey on sbtest7  (cost=0.43..409.67 rows=106 width=121)
	        Index Cond: ((id >= 8361087) AND (id <= 8361186))

table 8 : explain SELECT c FROM sbtest8 WHERE id BETWEEN 8616274 AND 8616373 ORDER BY c
	Sort  (cost=414.02..414.28 rows=107 width=121)
	  Sort Key: c
	  ->  Index Scan using sbtest8_pkey on sbtest8  (cost=0.43..410.41 rows=107 width=121)
	        Index Cond: ((id >= 8616274) AND (id <= 8616373))

for: order_ranges
table 1 : explain SELECT c FROM sbtest1 WHERE id BETWEEN 4395692 AND 4395791 ORDER BY c
	Sort  (cost=406.41..406.67 rows=104 width=121)
	  Sort Key: c
	  ->  Index Scan using sbtest1_pkey on sbtest1  (cost=0.43..402.93 rows=104 width=121)
	        Index Cond: ((id >= 4395692) AND (id <= 4395791))

table 2 : explain SELECT c FROM sbtest2 WHERE id BETWEEN 9311799 AND 9311898 ORDER BY c
	Sort  (cost=401.83..402.09 rows=103 width=121)
	  Sort Key: c
	  ->  Index Scan using sbtest2_pkey on sbtest2  (cost=0.43..398.39 rows=103 width=121)
	        Index Cond: ((id >= 9311799) AND (id <= 9311898))

table 3 : explain SELECT c FROM sbtest3 WHERE id BETWEEN 1675852 AND 1675951 ORDER BY c
	Sort  (cost=385.78..386.03 rows=99 width=121)
	  Sort Key: c
	  ->  Index Scan using sbtest3_pkey on sbtest3  (cost=0.43..382.50 rows=99 width=121)
	        Index Cond: ((id >= 1675852) AND (id <= 1675951))

table 4 : explain SELECT c FROM sbtest4 WHERE id BETWEEN 3291736 AND 3291835 ORDER BY c
	Sort  (cost=396.11..396.36 rows=102 width=121)
	  Sort Key: c
	  ->  Index Scan using sbtest4_pkey on sbtest4  (cost=0.43..392.70 rows=102 width=121)
	        Index Cond: ((id >= 3291736) AND (id <= 3291835))

table 5 : explain SELECT c FROM sbtest5 WHERE id BETWEEN 1267838 AND 1267937 ORDER BY c
	Sort  (cost=398.16..398.41 rows=102 width=121)
	  Sort Key: c
	  ->  Index Scan using sbtest5_pkey on sbtest5  (cost=0.43..394.76 rows=102 width=121)
	        Index Cond: ((id >= 1267838) AND (id <= 1267937))

table 6 : explain SELECT c FROM sbtest6 WHERE id BETWEEN 725296 AND 725395 ORDER BY c
	Sort  (cost=385.47..385.72 rows=99 width=121)
	  Sort Key: c
	  ->  Index Scan using sbtest6_pkey on sbtest6  (cost=0.43..382.19 rows=99 width=121)
	        Index Cond: ((id >= 725296) AND (id <= 725395))

table 7 : explain SELECT c FROM sbtest7 WHERE id BETWEEN 8927582 AND 8927681 ORDER BY c
	Sort  (cost=359.20..359.43 rows=92 width=121)
	  Sort Key: c
	  ->  Index Scan using sbtest7_pkey on sbtest7  (cost=0.43..356.20 rows=92 width=121)
	        Index Cond: ((id >= 8927582) AND (id <= 8927681))

table 8 : explain SELECT c FROM sbtest8 WHERE id BETWEEN 153050 AND 153149 ORDER BY c
	Sort  (cost=387.20..387.45 rows=100 width=121)
	  Sort Key: c
	  ->  Index Scan using sbtest8_pkey on sbtest8  (cost=0.43..383.88 rows=100 width=121)
	        Index Cond: ((id >= 153050) AND (id <= 153149))

for: distinct_ranges
table 1 : explain SELECT DISTINCT c FROM sbtest1 WHERE id BETWEEN 6373156 AND 6373255 ORDER BY c
	Unique  (cost=375.41..375.89 rows=96 width=121)
	  ->  Sort  (cost=375.41..375.65 rows=96 width=121)
	        Sort Key: c
	        ->  Index Scan using sbtest1_pkey on sbtest1  (cost=0.43..372.25 rows=96 width=121)
	              Index Cond: ((id >= 6373156) AND (id <= 6373255))

table 2 : explain SELECT DISTINCT c FROM sbtest2 WHERE id BETWEEN 3835858 AND 3835957 ORDER BY c
	Unique  (cost=351.58..352.03 rows=90 width=121)
	  ->  Sort  (cost=351.58..351.80 rows=90 width=121)
	        Sort Key: c
	        ->  Index Scan using sbtest2_pkey on sbtest2  (cost=0.43..348.66 rows=90 width=121)
	              Index Cond: ((id >= 3835858) AND (id <= 3835957))

table 3 : explain SELECT DISTINCT c FROM sbtest3 WHERE id BETWEEN 469544 AND 469643 ORDER BY c
	Unique  (cost=366.46..366.93 rows=94 width=121)
	  ->  Sort  (cost=366.46..366.69 rows=94 width=121)
	        Sort Key: c
	        ->  Index Scan using sbtest3_pkey on sbtest3  (cost=0.43..363.37 rows=94 width=121)
	              Index Cond: ((id >= 469544) AND (id <= 469643))

table 4 : explain SELECT DISTINCT c FROM sbtest4 WHERE id BETWEEN 2143995 AND 2144094 ORDER BY c
	Unique  (cost=388.42..388.92 rows=100 width=121)
	  ->  Sort  (cost=388.42..388.67 rows=100 width=121)
	        Sort Key: c
	        ->  Index Scan using sbtest4_pkey on sbtest4  (cost=0.43..385.10 rows=100 width=121)
	              Index Cond: ((id >= 2143995) AND (id <= 2144094))

table 5 : explain SELECT DISTINCT c FROM sbtest5 WHERE id BETWEEN 15001 AND 15100 ORDER BY c
	Unique  (cost=402.02..402.54 rows=103 width=121)
	  ->  Sort  (cost=402.02..402.28 rows=103 width=121)
	        Sort Key: c
	        ->  Index Scan using sbtest5_pkey on sbtest5  (cost=0.43..398.58 rows=103 width=121)
	              Index Cond: ((id >= 15001) AND (id <= 15100))

table 6 : explain SELECT DISTINCT c FROM sbtest6 WHERE id BETWEEN 3884859 AND 3884958 ORDER BY c
	Unique  (cost=362.36..362.82 rows=93 width=121)
	  ->  Sort  (cost=362.36..362.59 rows=93 width=121)
	        Sort Key: c
	        ->  Index Scan using sbtest6_pkey on sbtest6  (cost=0.43..359.32 rows=93 width=121)
	              Index Cond: ((id >= 3884859) AND (id <= 3884958))

table 7 : explain SELECT DISTINCT c FROM sbtest7 WHERE id BETWEEN 9918768 AND 9918867 ORDER BY c
	Unique  (cost=374.64..375.12 rows=96 width=121)
	  ->  Sort  (cost=374.64..374.88 rows=96 width=121)
	        Sort Key: c
	        ->  Index Scan using sbtest7_pkey on sbtest7  (cost=0.43..371.48 rows=96 width=121)
	              Index Cond: ((id >= 9918768) AND (id <= 9918867))

table 8 : explain SELECT DISTINCT c FROM sbtest8 WHERE id BETWEEN 5759275 AND 5759374 ORDER BY c
	Unique  (cost=402.52..403.04 rows=104 width=121)
	  ->  Sort  (cost=402.52..402.78 rows=104 width=121)
	        Sort Key: c
	        ->  Index Scan using sbtest8_pkey on sbtest8  (cost=0.43..399.04 rows=104 width=121)
	              Index Cond: ((id >= 5759275) AND (id <= 5759374))

explain: for non_index_updates :: explain UPDATE sbtest%u SET c='foobar' WHERE id=%u
for: simple_ranges
table 1 : explain SELECT c FROM sbtest1 WHERE id BETWEEN 8131088 AND 8131187
	Index Scan using sbtest1_pkey on sbtest1  (cost=0.43..425.90 rows=110 width=121)
	  Index Cond: ((id >= 8131088) AND (id <= 8131187))

table 2 : explain SELECT c FROM sbtest2 WHERE id BETWEEN 3003574 AND 3003673
	Index Scan using sbtest2_pkey on sbtest2  (cost=0.43..402.21 rows=104 width=121)
	  Index Cond: ((id >= 3003574) AND (id <= 3003673))

table 3 : explain SELECT c FROM sbtest3 WHERE id BETWEEN 4184452 AND 4184551
	Index Scan using sbtest3_pkey on sbtest3  (cost=0.43..413.02 rows=107 width=121)
	  Index Cond: ((id >= 4184452) AND (id <= 4184551))

table 4 : explain SELECT c FROM sbtest4 WHERE id BETWEEN 6195509 AND 6195608
	Index Scan using sbtest4_pkey on sbtest4  (cost=0.43..400.31 rows=104 width=121)
	  Index Cond: ((id >= 6195509) AND (id <= 6195608))

table 5 : explain SELECT c FROM sbtest5 WHERE id BETWEEN 3845669 AND 3845768
	Index Scan using sbtest5_pkey on sbtest5  (cost=0.43..375.64 rows=97 width=121)
	  Index Cond: ((id >= 3845669) AND (id <= 3845768))

table 6 : explain SELECT c FROM sbtest6 WHERE id BETWEEN 1281962 AND 1282061
	Index Scan using sbtest6_pkey on sbtest6  (cost=0.43..374.57 rows=97 width=121)
	  Index Cond: ((id >= 1281962) AND (id <= 1282061))

table 7 : explain SELECT c FROM sbtest7 WHERE id BETWEEN 8793573 AND 8793672
	Index Scan using sbtest7_pkey on sbtest7  (cost=0.43..382.94 rows=99 width=121)
	  Index Cond: ((id >= 8793573) AND (id <= 8793672))

table 8 : explain SELECT c FROM sbtest8 WHERE id BETWEEN 7359739 AND 7359838
	Index Scan using sbtest8_pkey on sbtest8  (cost=0.43..391.46 rows=102 width=121)
	  Index Cond: ((id >= 7359739) AND (id <= 7359838))

explain: for non_index_updates :: explain UPDATE sbtest%u SET c='foobar' WHERE id=%u
explain: for index_updates :: explain UPDATE sbtest%u SET k=k+1 WHERE id=%u
for: distinct_ranges
table 1 : explain SELECT DISTINCT c FROM sbtest1 WHERE id BETWEEN 5230108 AND 5230207 ORDER BY c
	Unique  (cost=406.41..406.93 rows=104 width=121)
	  ->  Sort  (cost=406.41..406.67 rows=104 width=121)
	        Sort Key: c
	        ->  Index Scan using sbtest1_pkey on sbtest1  (cost=0.43..402.93 rows=104 width=121)
	              Index Cond: ((id >= 5230108) AND (id <= 5230207))

table 2 : explain SELECT DISTINCT c FROM sbtest2 WHERE id BETWEEN 8281238 AND 8281337 ORDER BY c
	Unique  (cost=413.42..413.95 rows=106 width=121)
	  ->  Sort  (cost=413.42..413.68 rows=106 width=121)
	        Sort Key: c
	        ->  Index Scan using sbtest2_pkey on sbtest2  (cost=0.43..409.85 rows=106 width=121)
	              Index Cond: ((id >= 8281238) AND (id <= 8281337))

table 3 : explain SELECT DISTINCT c FROM sbtest3 WHERE id BETWEEN 9595485 AND 9595584 ORDER BY c
	Unique  (cost=351.03..351.48 rows=90 width=121)
	  ->  Sort  (cost=351.03..351.26 rows=90 width=121)
	        Sort Key: c
	        ->  Index Scan using sbtest3_pkey on sbtest3  (cost=0.43..348.11 rows=90 width=121)
	              Index Cond: ((id >= 9595485) AND (id <= 9595584))

table 4 : explain SELECT DISTINCT c FROM sbtest4 WHERE id BETWEEN 9689230 AND 9689329 ORDER BY c
	Unique  (cost=361.46..361.93 rows=93 width=121)
	  ->  Sort  (cost=361.46..361.70 rows=93 width=121)
	        Sort Key: c
	        ->  Index Scan using sbtest4_pkey on sbtest4  (cost=0.43..358.42 rows=93 width=121)
	              Index Cond: ((id >= 9689230) AND (id <= 9689329))

table 5 : explain SELECT DISTINCT c FROM sbtest5 WHERE id BETWEEN 4007254 AND 4007353 ORDER BY c
	Unique  (cost=448.40..448.97 rows=115 width=121)
	  ->  Sort  (cost=448.40..448.68 rows=115 width=121)
	        Sort Key: c
	        ->  Index Scan using sbtest5_pkey on sbtest5  (cost=0.43..444.46 rows=115 width=121)
	              Index Cond: ((id >= 4007254) AND (id <= 4007353))

table 6 : explain SELECT DISTINCT c FROM sbtest6 WHERE id BETWEEN 567757 AND 567856 ORDER BY c
	Unique  (cost=397.03..397.54 rows=102 width=121)
	  ->  Sort  (cost=397.03..397.28 rows=102 width=121)
	        Sort Key: c
	        ->  Index Scan using sbtest6_pkey on sbtest6  (cost=0.43..393.63 rows=102 width=121)
	              Index Cond: ((id >= 567757) AND (id <= 567856))

table 7 : explain SELECT DISTINCT c FROM sbtest7 WHERE id BETWEEN 220190 AND 220289 ORDER BY c
	Unique  (cost=424.82..425.37 rows=109 width=121)
	  ->  Sort  (cost=424.82..425.09 rows=109 width=121)
	        Sort Key: c
	        ->  Index Scan using sbtest7_pkey on sbtest7  (cost=0.43..421.13 rows=109 width=121)
	              Index Cond: ((id >= 220190) AND (id <= 220289))

table 8 : explain SELECT DISTINCT c FROM sbtest8 WHERE id BETWEEN 9202342 AND 9202441 ORDER BY c
	Unique  (cost=394.86..395.37 rows=102 width=121)
	  ->  Sort  (cost=394.86..395.12 rows=102 width=121)
	        Sort Key: c
	        ->  Index Scan using sbtest8_pkey on sbtest8  (cost=0.43..391.46 rows=102 width=121)
	              Index Cond: ((id >= 9202342) AND (id <= 9202441))

for inserts
table 1 : explain INSERT INTO sbtest1 (id, k, c, pad) VALUES (8797688, 13, 'foobar', 'foobar')
	Insert on sbtest1  (cost=0.00..0.01 rows=0 width=0)
	  ->  Result  (cost=0.00..0.01 rows=1 width=736)

table 2 : explain INSERT INTO sbtest2 (id, k, c, pad) VALUES (1773863, 13, 'foobar', 'foobar')
	Insert on sbtest2  (cost=0.00..0.01 rows=0 width=0)
	  ->  Result  (cost=0.00..0.01 rows=1 width=736)

table 3 : explain INSERT INTO sbtest3 (id, k, c, pad) VALUES (9345489, 13, 'foobar', 'foobar')
	Insert on sbtest3  (cost=0.00..0.01 rows=0 width=0)
	  ->  Result  (cost=0.00..0.01 rows=1 width=736)

table 4 : explain INSERT INTO sbtest4 (id, k, c, pad) VALUES (4704270, 13, 'foobar', 'foobar')
	Insert on sbtest4  (cost=0.00..0.01 rows=0 width=0)
	  ->  Result  (cost=0.00..0.01 rows=1 width=736)

table 5 : explain INSERT INTO sbtest5 (id, k, c, pad) VALUES (5849872, 13, 'foobar', 'foobar')
	Insert on sbtest5  (cost=0.00..0.01 rows=0 width=0)
	  ->  Result  (cost=0.00..0.01 rows=1 width=736)

table 6 : explain INSERT INTO sbtest6 (id, k, c, pad) VALUES (2951262, 13, 'foobar', 'foobar')
	Insert on sbtest6  (cost=0.00..0.01 rows=0 width=0)
	  ->  Result  (cost=0.00..0.01 rows=1 width=736)

table 7 : explain INSERT INTO sbtest7 (id, k, c, pad) VALUES (7114596, 13, 'foobar', 'foobar')
	Insert on sbtest7  (cost=0.00..0.01 rows=0 width=0)
	  ->  Result  (cost=0.00..0.01 rows=1 width=736)

table 8 : explain INSERT INTO sbtest8 (id, k, c, pad) VALUES (5917436, 13, 'foobar', 'foobar')
	Insert on sbtest8  (cost=0.00..0.01 rows=0 width=0)
	  ->  Result  (cost=0.00..0.01 rows=1 width=736)

for non_index_updates
table 1 : explain UPDATE sbtest1 SET c='foobar' WHERE id=5995844
	Update on sbtest1  (cost=0.43..8.45 rows=0 width=0)
	  ->  Index Scan using sbtest1_pkey on sbtest1  (cost=0.43..8.45 rows=1 width=490)
	        Index Cond: (id = 5995844)

table 2 : explain UPDATE sbtest2 SET c='foobar' WHERE id=1488516
	Update on sbtest2  (cost=0.43..8.45 rows=0 width=0)
	  ->  Index Scan using sbtest2_pkey on sbtest2  (cost=0.43..8.45 rows=1 width=490)
	        Index Cond: (id = 1488516)

table 3 : explain UPDATE sbtest3 SET c='foobar' WHERE id=4075610
	Update on sbtest3  (cost=0.43..8.45 rows=0 width=0)
	  ->  Index Scan using sbtest3_pkey on sbtest3  (cost=0.43..8.45 rows=1 width=490)
	        Index Cond: (id = 4075610)

table 4 : explain UPDATE sbtest4 SET c='foobar' WHERE id=3496174
	Update on sbtest4  (cost=0.43..8.45 rows=0 width=0)
	  ->  Index Scan using sbtest4_pkey on sbtest4  (cost=0.43..8.45 rows=1 width=490)
	        Index Cond: (id = 3496174)

table 5 : explain UPDATE sbtest5 SET c='foobar' WHERE id=8412044
	Update on sbtest5  (cost=0.43..8.45 rows=0 width=0)
	  ->  Index Scan using sbtest5_pkey on sbtest5  (cost=0.43..8.45 rows=1 width=490)
	        Index Cond: (id = 8412044)

table 6 : explain UPDATE sbtest6 SET c='foobar' WHERE id=1114288
	Update on sbtest6  (cost=0.43..8.45 rows=0 width=0)
	  ->  Index Scan using sbtest6_pkey on sbtest6  (cost=0.43..8.45 rows=1 width=490)
	        Index Cond: (id = 1114288)

table 7 : explain UPDATE sbtest7 SET c='foobar' WHERE id=9470006
	Update on sbtest7  (cost=0.43..8.45 rows=0 width=0)
	  ->  Index Scan using sbtest7_pkey on sbtest7  (cost=0.43..8.45 rows=1 width=490)
	        Index Cond: (id = 9470006)

table 8 : explain UPDATE sbtest8 SET c='foobar' WHERE id=6143915
	Update on sbtest8  (cost=0.43..8.45 rows=0 width=0)
	  ->  Index Scan using sbtest8_pkey on sbtest8  (cost=0.43..8.45 rows=1 width=490)
	        Index Cond: (id = 6143915)

for non_index_updates
table 1 : explain UPDATE sbtest1 SET c='foobar' WHERE id=2518943
	Update on sbtest1  (cost=0.43..8.45 rows=0 width=0)
	  ->  Index Scan using sbtest1_pkey on sbtest1  (cost=0.43..8.45 rows=1 width=490)
	        Index Cond: (id = 2518943)

table 2 : explain UPDATE sbtest2 SET c='foobar' WHERE id=79909
	Update on sbtest2  (cost=0.43..8.45 rows=0 width=0)
	  ->  Index Scan using sbtest2_pkey on sbtest2  (cost=0.43..8.45 rows=1 width=490)
	        Index Cond: (id = 79909)

table 3 : explain UPDATE sbtest3 SET c='foobar' WHERE id=7513879
	Update on sbtest3  (cost=0.43..8.45 rows=0 width=0)
	  ->  Index Scan using sbtest3_pkey on sbtest3  (cost=0.43..8.45 rows=1 width=490)
	        Index Cond: (id = 7513879)

table 4 : explain UPDATE sbtest4 SET c='foobar' WHERE id=9149912
	Update on sbtest4  (cost=0.43..8.45 rows=0 width=0)
	  ->  Index Scan using sbtest4_pkey on sbtest4  (cost=0.43..8.45 rows=1 width=490)
	        Index Cond: (id = 9149912)

table 5 : explain UPDATE sbtest5 SET c='foobar' WHERE id=2216052
	Update on sbtest5  (cost=0.43..8.45 rows=0 width=0)
	  ->  Index Scan using sbtest5_pkey on sbtest5  (cost=0.43..8.45 rows=1 width=490)
	        Index Cond: (id = 2216052)

table 6 : explain UPDATE sbtest6 SET c='foobar' WHERE id=4120418
	Update on sbtest6  (cost=0.43..8.45 rows=0 width=0)
	  ->  Index Scan using sbtest6_pkey on sbtest6  (cost=0.43..8.45 rows=1 width=490)
	        Index Cond: (id = 4120418)

table 7 : explain UPDATE sbtest7 SET c='foobar' WHERE id=8158712
	Update on sbtest7  (cost=0.43..8.45 rows=0 width=0)
	  ->  Index Scan using sbtest7_pkey on sbtest7  (cost=0.43..8.45 rows=1 width=490)
	        Index Cond: (id = 8158712)

table 8 : explain UPDATE sbtest8 SET c='foobar' WHERE id=275946
	Update on sbtest8  (cost=0.43..8.45 rows=0 width=0)
	  ->  Index Scan using sbtest8_pkey on sbtest8  (cost=0.43..8.45 rows=1 width=490)
	        Index Cond: (id = 275946)

explain: for index_updates :: explain UPDATE sbtest%u SET k=k+1 WHERE id=%u
explain: for deletes :: explain DELETE FROM sbtest%u WHERE id=%u
explain: for point_selects :: explain SELECT c FROM sbtest%u WHERE id=%uexplain: for deletes :: explain DELETE FROM sbtest%u WHERE id=%u

for index_updates
table 1 : explain UPDATE sbtest1 SET k=k+1 WHERE id=8701531
	Update on sbtest1  (cost=0.43..8.46 rows=0 width=0)
	  ->  Index Scan using sbtest1_pkey on sbtest1  (cost=0.43..8.46 rows=1 width=10)
	        Index Cond: (id = 8701531)

table 2 : explain UPDATE sbtest2 SET k=k+1 WHERE id=674853
	Update on sbtest2  (cost=0.43..8.46 rows=0 width=0)
	  ->  Index Scan using sbtest2_pkey on sbtest2  (cost=0.43..8.46 rows=1 width=10)
	        Index Cond: (id = 674853)

table 3 : explain UPDATE sbtest3 SET k=k+1 WHERE id=5927636
	Update on sbtest3  (cost=0.43..8.46 rows=0 width=0)
	  ->  Index Scan using sbtest3_pkey on sbtest3  (cost=0.43..8.46 rows=1 width=10)
	        Index Cond: (id = 5927636)

table 4 : explain UPDATE sbtest4 SET k=k+1 WHERE id=3827325
	Update on sbtest4  (cost=0.43..8.46 rows=0 width=0)
	  ->  Index Scan using sbtest4_pkey on sbtest4  (cost=0.43..8.46 rows=1 width=10)
	        Index Cond: (id = 3827325)

table 5 : explain UPDATE sbtest5 SET k=k+1 WHERE id=6511560
	Update on sbtest5  (cost=0.43..8.46 rows=0 width=0)
	  ->  Index Scan using sbtest5_pkey on sbtest5  (cost=0.43..8.46 rows=1 width=10)
	        Index Cond: (id = 6511560)

table 6 : explain UPDATE sbtest6 SET k=k+1 WHERE id=7640028
	Update on sbtest6  (cost=0.43..8.46 rows=0 width=0)
	  ->  Index Scan using sbtest6_pkey on sbtest6  (cost=0.43..8.46 rows=1 width=10)
	        Index Cond: (id = 7640028)

table 7 : explain UPDATE sbtest7 SET k=k+1 WHERE id=4232470
	Update on sbtest7  (cost=0.43..8.46 rows=0 width=0)
	  ->  Index Scan using sbtest7_pkey on sbtest7  (cost=0.43..8.46 rows=1 width=10)
	        Index Cond: (id = 4232470)

table 8 : explain UPDATE sbtest8 SET k=k+1 WHERE id=3833775
	Update on sbtest8  (cost=0.43..8.46 rows=0 width=0)
	  ->  Index Scan using sbtest8_pkey on sbtest8  (cost=0.43..8.46 rows=1 width=10)
	        Index Cond: (id = 3833775)

for: distinct_ranges
table 1 : explain SELECT DISTINCT c FROM sbtest1 WHERE id BETWEEN 1960161 AND 1960260 ORDER BY c
	Unique  (cost=402.54..403.06 rows=103 width=121)
	  ->  Sort  (cost=402.54..402.80 rows=103 width=121)
	        Sort Key: c
	        ->  Index Scan using sbtest1_pkey on sbtest1  (cost=0.43..399.10 rows=103 width=121)
	              Index Cond: ((id >= 1960161) AND (id <= 1960260))

table 2 : explain SELECT DISTINCT c FROM sbtest2 WHERE id BETWEEN 8218886 AND 8218985 ORDER BY c
	Unique  (cost=413.42..413.95 rows=106 width=121)
	  ->  Sort  (cost=413.42..413.68 rows=106 width=121)
	        Sort Key: c
	        ->  Index Scan using sbtest2_pkey on sbtest2  (cost=0.43..409.85 rows=106 width=121)
	              Index Cond: ((id >= 8218886) AND (id <= 8218985))

table 3 : explain SELECT DISTINCT c FROM sbtest3 WHERE id BETWEEN 3857819 AND 3857918 ORDER BY c
	Unique  (cost=385.78..386.28 rows=99 width=121)
	  ->  Sort  (cost=385.78..386.03 rows=99 width=121)
	        Sort Key: c
	        ->  Index Scan using sbtest3_pkey on sbtest3  (cost=0.43..382.50 rows=99 width=121)
	              Index Cond: ((id >= 3857819) AND (id <= 3857918))

table 4 : explain SELECT DISTINCT c FROM sbtest4 WHERE id BETWEEN 7881344 AND 7881443 ORDER BY c
	Unique  (cost=392.26..392.77 rows=101 width=121)
	  ->  Sort  (cost=392.26..392.52 rows=101 width=121)
	        Sort Key: c
	        ->  Index Scan using sbtest4_pkey on sbtest4  (cost=0.43..388.90 rows=101 width=121)
	              Index Cond: ((id >= 7881344) AND (id <= 7881443))

table 5 : explain SELECT DISTINCT c FROM sbtest5 WHERE id BETWEEN 1136095 AND 1136194 ORDER BY c
	Unique  (cost=390.43..390.93 rows=100 width=121)
	  ->  Sort  (cost=390.43..390.68 rows=100 width=121)
	        Sort Key: c
	        ->  Index Scan using sbtest5_pkey on sbtest5  (cost=0.43..387.11 rows=100 width=121)
	              Index Cond: ((id >= 1136095) AND (id <= 1136194))

table 6 : explain SELECT DISTINCT c FROM sbtest6 WHERE id BETWEEN 5676808 AND 5676907 ORDER BY c
	Unique  (cost=400.88..401.40 rows=103 width=121)
	  ->  Sort  (cost=400.88..401.14 rows=103 width=121)
	        Sort Key: c
	        ->  Index Scan using sbtest6_pkey on sbtest6  (cost=0.43..397.44 rows=103 width=121)
	              Index Cond: ((id >= 5676808) AND (id <= 5676907))

table 7 : explain SELECT DISTINCT c FROM sbtest7 WHERE id BETWEEN 4634628 AND 4634727 ORDER BY c
	Unique  (cost=401.66..402.17 rows=103 width=121)
	  ->  Sort  (cost=401.66..401.92 rows=103 width=121)
	        Sort Key: c
	        ->  Index Scan using sbtest7_pkey on sbtest7  (cost=0.43..398.21 rows=103 width=121)
	              Index Cond: ((id >= 4634628) AND (id <= 4634727))

table 8 : explain SELECT DISTINCT c FROM sbtest8 WHERE id BETWEEN 5298678 AND 5298777 ORDER BY c
	Unique  (cost=368.05..368.52 rows=95 width=121)
	  ->  Sort  (cost=368.05..368.28 rows=95 width=121)
	        Sort Key: c
	        ->  Index Scan using sbtest8_pkey on sbtest8  (cost=0.43..364.93 rows=95 width=121)
	              Index Cond: ((id >= 5298678) AND (id <= 5298777))

for: distinct_ranges
table 1 : explain SELECT DISTINCT c FROM sbtest1 WHERE id BETWEEN 5271886 AND 5271985 ORDER BY c
	Unique  (cost=406.41..406.93 rows=104 width=121)
	  ->  Sort  (cost=406.41..406.67 rows=104 width=121)
	        Sort Key: c
	        ->  Index Scan using sbtest1_pkey on sbtest1  (cost=0.43..402.93 rows=104 width=121)
	              Index Cond: ((id >= 5271886) AND (id <= 5271985))

table 2 : explain SELECT DISTINCT c FROM sbtest2 WHERE id BETWEEN 2202524 AND 2202623 ORDER BY c
	Unique  (cost=370.89..371.36 rows=95 width=121)
	  ->  Sort  (cost=370.89..371.12 rows=95 width=121)
	        Sort Key: c
	        ->  Index Scan using sbtest2_pkey on sbtest2  (cost=0.43..367.77 rows=95 width=121)
	              Index Cond: ((id >= 2202524) AND (id <= 2202623))

table 3 : explain SELECT DISTINCT c FROM sbtest3 WHERE id BETWEEN 4490469 AND 4490568 ORDER BY c
	Unique  (cost=412.77..413.30 rows=106 width=121)
	  ->  Sort  (cost=412.77..413.04 rows=106 width=121)
	        Sort Key: c
	        ->  Index Scan using sbtest3_pkey on sbtest3  (cost=0.43..409.21 rows=106 width=121)
	              Index Cond: ((id >= 4490469) AND (id <= 4490568))

table 4 : explain SELECT DISTINCT c FROM sbtest4 WHERE id BETWEEN 9804484 AND 9804583 ORDER BY c
	Unique  (cost=376.89..377.38 rows=97 width=121)
	  ->  Sort  (cost=376.89..377.13 rows=97 width=121)
	        Sort Key: c
	        ->  Index Scan using sbtest4_pkey on sbtest4  (cost=0.43..373.69 rows=97 width=121)
	              Index Cond: ((id >= 9804484) AND (id <= 9804583))

table 5 : explain SELECT DISTINCT c FROM sbtest5 WHERE id BETWEEN 9582566 AND 9582665 ORDER BY c
	Unique  (cost=374.98..375.46 rows=96 width=121)
	  ->  Sort  (cost=374.98..375.22 rows=96 width=121)
	        Sort Key: c
	        ->  Index Scan using sbtest5_pkey on sbtest5  (cost=0.43..371.82 rows=96 width=121)
	              Index Cond: ((id >= 9582566) AND (id <= 9582665))

table 6 : explain SELECT DISTINCT c FROM sbtest6 WHERE id BETWEEN 2363273 AND 2363372 ORDER BY c
	Unique  (cost=354.60..355.06 rows=91 width=121)
	  ->  Sort  (cost=354.60..354.83 rows=91 width=121)
	        Sort Key: c
	        ->  Index Scan using sbtest6_pkey on sbtest6  (cost=0.43..351.64 rows=91 width=121)
	              Index Cond: ((id >= 2363273) AND (id <= 2363372))

table 7 : explain SELECT DISTINCT c FROM sbtest7 WHERE id BETWEEN 6029043 AND 6029142 ORDER BY c
	Unique  (cost=405.52..406.04 rows=104 width=121)
	  ->  Sort  (cost=405.52..405.78 rows=104 width=121)
	        Sort Key: c
	        ->  Index Scan using sbtest7_pkey on sbtest7  (cost=0.43..402.03 rows=104 width=121)
	              Index Cond: ((id >= 6029043) AND (id <= 6029142))

table 8 : explain SELECT DISTINCT c FROM sbtest8 WHERE id BETWEEN 817531 AND 817630 ORDER BY c
	Unique  (cost=360.38..360.85 rows=93 width=121)
	  ->  Sort  (cost=360.38..360.62 rows=93 width=121)
	        Sort Key: c
	        ->  Index Scan using sbtest8_pkey on sbtest8  (cost=0.43..357.34 rows=93 width=121)
	              Index Cond: ((id >= 817531) AND (id <= 817630))

for: distinct_ranges
table 1 : explain SELECT DISTINCT c FROM sbtest1 WHERE id BETWEEN 3403554 AND 3403653 ORDER BY c
	Unique  (cost=410.28..410.80 rows=105 width=121)
	  ->  Sort  (cost=410.28..410.54 rows=105 width=121)
	        Sort Key: c
	        ->  Index Scan using sbtest1_pkey on sbtest1  (cost=0.43..406.75 rows=105 width=121)
	              Index Cond: ((id >= 3403554) AND (id <= 3403653))

table 2 : explain SELECT DISTINCT c FROM sbtest2 WHERE id BETWEEN 4070330 AND 4070429 ORDER BY c
	Unique  (cost=355.44..355.90 rows=91 width=121)
	  ->  Sort  (cost=355.44..355.67 rows=91 width=121)
	        Sort Key: c
	        ->  Index Scan using sbtest2_pkey on sbtest2  (cost=0.43..352.48 rows=91 width=121)
	              Index Cond: ((id >= 4070330) AND (id <= 4070429))

table 3 : explain SELECT DISTINCT c FROM sbtest3 WHERE id BETWEEN 7544917 AND 7545016 ORDER BY c
	Unique  (cost=366.46..366.93 rows=94 width=121)
	  ->  Sort  (cost=366.46..366.69 rows=94 width=121)
	        Sort Key: c
	        ->  Index Scan using sbtest3_pkey on sbtest3  (cost=0.43..363.37 rows=94 width=121)
	              Index Cond: ((id >= 7544917) AND (id <= 7545016))

table 4 : explain SELECT DISTINCT c FROM sbtest4 WHERE id BETWEEN 6998435 AND 6998534 ORDER BY c
	Unique  (cost=388.42..388.92 rows=100 width=121)
	  ->  Sort  (cost=388.42..388.67 rows=100 width=121)
	        Sort Key: c
	        ->  Index Scan using sbtest4_pkey on sbtest4  (cost=0.43..385.10 rows=100 width=121)
	              Index Cond: ((id >= 6998435) AND (id <= 6998534))

table 5 : explain SELECT DISTINCT c FROM sbtest5 WHERE id BETWEEN 8974765 AND 8974864 ORDER BY c
	Unique  (cost=398.16..398.67 rows=102 width=121)
	  ->  Sort  (cost=398.16..398.41 rows=102 width=121)
	        Sort Key: c
	        ->  Index Scan using sbtest5_pkey on sbtest5  (cost=0.43..394.76 rows=102 width=121)
	              Index Cond: ((id >= 8974765) AND (id <= 8974864))

table 6 : explain SELECT DISTINCT c FROM sbtest6 WHERE id BETWEEN 9878138 AND 9878237 ORDER BY c
	Unique  (cost=381.62..382.11 rows=98 width=121)
	  ->  Sort  (cost=381.62..381.87 rows=98 width=121)
	        Sort Key: c
	        ->  Index Scan using sbtest6_pkey on sbtest6  (cost=0.43..378.38 rows=98 width=121)
	              Index Cond: ((id >= 9878138) AND (id <= 9878237))

table 7 : explain SELECT DISTINCT c FROM sbtest7 WHERE id BETWEEN 5458708 AND 5458807 ORDER BY c
	Unique  (cost=359.20..359.66 rows=92 width=121)
	  ->  Sort  (cost=359.20..359.43 rows=92 width=121)
	        Sort Key: c
	        ->  Index Scan using sbtest7_pkey on sbtest7  (cost=0.43..356.20 rows=92 width=121)
	              Index Cond: ((id >= 5458708) AND (id <= 5458807))

table 8 : explain SELECT DISTINCT c FROM sbtest8 WHERE id BETWEEN 2883894 AND 2883993 ORDER BY c
	Unique  (cost=387.20..387.70 rows=100 width=121)
	  ->  Sort  (cost=387.20..387.45 rows=100 width=121)
	        Sort Key: c
	        ->  Index Scan using sbtest8_pkey on sbtest8  (cost=0.43..383.88 rows=100 width=121)
	              Index Cond: ((id >= 2883894) AND (id <= 2883993))

explain: for index_updates :: explain UPDATE sbtest%u SET k=k+1 WHERE id=%u
for deletes
table 1 : explain DELETE FROM sbtest1 WHERE id=6128970
	Delete on sbtest1  (cost=0.43..8.45 rows=0 width=0)
	  ->  Index Scan using sbtest1_pkey on sbtest1  (cost=0.43..8.45 rows=1 width=6)
	        Index Cond: (id = 6128970)

table 2 : explain DELETE FROM sbtest2 WHERE id=5954392
	Delete on sbtest2  (cost=0.43..8.45 rows=0 width=0)
	  ->  Index Scan using sbtest2_pkey on sbtest2  (cost=0.43..8.45 rows=1 width=6)
	        Index Cond: (id = 5954392)

table 3 : explain DELETE FROM sbtest3 WHERE id=5781567
	Delete on sbtest3  (cost=0.43..8.45 rows=0 width=0)
	  ->  Index Scan using sbtest3_pkey on sbtest3  (cost=0.43..8.45 rows=1 width=6)
	        Index Cond: (id = 5781567)

table 4 : explain DELETE FROM sbtest4 WHERE id=681997
	Delete on sbtest4  (cost=0.43..8.45 rows=0 width=0)
	  ->  Index Scan using sbtest4_pkey on sbtest4  (cost=0.43..8.45 rows=1 width=6)
	        Index Cond: (id = 681997)

table 5 : explain DELETE FROM sbtest5 WHERE id=2657265
	Delete on sbtest5  (cost=0.43..8.45 rows=0 width=0)
	  ->  Index Scan using sbtest5_pkey on sbtest5  (cost=0.43..8.45 rows=1 width=6)
	        Index Cond: (id = 2657265)

table 6 : explain DELETE FROM sbtest6 WHERE id=6003014
	Delete on sbtest6  (cost=0.43..8.45 rows=0 width=0)
	  ->  Index Scan using sbtest6_pkey on sbtest6  (cost=0.43..8.45 rows=1 width=6)
	        Index Cond: (id = 6003014)

table 7 : explain DELETE FROM sbtest7 WHERE id=3791208
	Delete on sbtest7  (cost=0.43..8.45 rows=0 width=0)
	  ->  Index Scan using sbtest7_pkey on sbtest7  (cost=0.43..8.45 rows=1 width=6)
	        Index Cond: (id = 3791208)

table 8 : explain DELETE FROM sbtest8 WHERE id=9813954
	Delete on sbtest8  (cost=0.43..8.45 rows=0 width=0)
	  ->  Index Scan using sbtest8_pkey on sbtest8  (cost=0.43..8.45 rows=1 width=6)
	        Index Cond: (id = 9813954)

for: sum_ranges
table 1 : explain SELECT SUM(k) FROM sbtest1 WHERE id BETWEEN 5861585 AND 5861684
	Aggregate  (cost=353.34..353.35 rows=1 width=8)
	  ->  Index Scan using sbtest1_pkey on sbtest1  (cost=0.43..353.11 rows=91 width=4)
	        Index Cond: ((id >= 5861585) AND (id <= 5861684))

table 2 : explain SELECT SUM(k) FROM sbtest2 WHERE id BETWEEN 7104748 AND 7104847
	Aggregate  (cost=402.47..402.48 rows=1 width=8)
	  ->  Index Scan using sbtest2_pkey on sbtest2  (cost=0.43..402.21 rows=104 width=4)
	        Index Cond: ((id >= 7104748) AND (id <= 7104847))

table 3 : explain SELECT SUM(k) FROM sbtest3 WHERE id BETWEEN 6398882 AND 6398981
	Aggregate  (cost=432.38..432.39 rows=1 width=8)
	  ->  Index Scan using sbtest3_pkey on sbtest3  (cost=0.43..432.10 rows=112 width=4)
	        Index Cond: ((id >= 6398882) AND (id <= 6398981))

table 4 : explain SELECT SUM(k) FROM sbtest4 WHERE id BETWEEN 7926345 AND 7926444
	Aggregate  (cost=389.15..389.16 rows=1 width=8)
	  ->  Index Scan using sbtest4_pkey on sbtest4  (cost=0.43..388.90 rows=101 width=4)
	        Index Cond: ((id >= 7926345) AND (id <= 7926444))

table 5 : explain SELECT SUM(k) FROM sbtest5 WHERE id BETWEEN 6241034 AND 6241133
	Aggregate  (cost=379.71..379.72 rows=1 width=8)
	  ->  Index Scan using sbtest5_pkey on sbtest5  (cost=0.43..379.46 rows=98 width=4)
	        Index Cond: ((id >= 6241034) AND (id <= 6241133))

table 6 : explain SELECT SUM(k) FROM sbtest6 WHERE id BETWEEN 9187100 AND 9187199
	Aggregate  (cost=409.14..409.15 rows=1 width=8)
	  ->  Index Scan using sbtest6_pkey on sbtest6  (cost=0.43..408.88 rows=106 width=4)
	        Index Cond: ((id >= 9187100) AND (id <= 9187199))

table 7 : explain SELECT SUM(k) FROM sbtest7 WHERE id BETWEEN 2171325 AND 2171424
	Aggregate  (cost=375.54..375.55 rows=1 width=8)
	  ->  Index Scan using sbtest7_pkey on sbtest7  (cost=0.43..375.30 rows=97 width=4)
	        Index Cond: ((id >= 2171325) AND (id <= 2171424))

table 8 : explain SELECT SUM(k) FROM sbtest8 WHERE id BETWEEN 4702202 AND 4702301
	Aggregate  (cost=376.54..376.55 rows=1 width=8)
	  ->  Index Scan using sbtest8_pkey on sbtest8  (cost=0.43..376.30 rows=98 width=4)
	        Index Cond: ((id >= 4702202) AND (id <= 4702301))

explain: for non_index_updates :: explain UPDATE sbtest%u SET c='foobar' WHERE id=%u
for index_updates
table 1 : explain UPDATE sbtest1 SET k=k+1 WHERE id=2955713
	Update on sbtest1  (cost=0.43..8.46 rows=0 width=0)
	  ->  Index Scan using sbtest1_pkey on sbtest1  (cost=0.43..8.46 rows=1 width=10)
	        Index Cond: (id = 2955713)

table 2 : explain UPDATE sbtest2 SET k=k+1 WHERE id=324270
	Update on sbtest2  (cost=0.43..8.46 rows=0 width=0)
	  ->  Index Scan using sbtest2_pkey on sbtest2  (cost=0.43..8.46 rows=1 width=10)
	        Index Cond: (id = 324270)

table 3 : explain UPDATE sbtest3 SET k=k+1 WHERE id=9962195
	Update on sbtest3  (cost=0.43..8.46 rows=0 width=0)
	  ->  Index Scan using sbtest3_pkey on sbtest3  (cost=0.43..8.46 rows=1 width=10)
	        Index Cond: (id = 9962195)

table 4 : explain UPDATE sbtest4 SET k=k+1 WHERE id=3588955
	Update on sbtest4  (cost=0.43..8.46 rows=0 width=0)
	  ->  Index Scan using sbtest4_pkey on sbtest4  (cost=0.43..8.46 rows=1 width=10)
	        Index Cond: (id = 3588955)

table 5 : explain UPDATE sbtest5 SET k=k+1 WHERE id=7915942
	Update on sbtest5  (cost=0.43..8.46 rows=0 width=0)
	  ->  Index Scan using sbtest5_pkey on sbtest5  (cost=0.43..8.46 rows=1 width=10)
	        Index Cond: (id = 7915942)

table 6 : explain UPDATE sbtest6 SET k=k+1 WHERE id=5553557
	Update on sbtest6  (cost=0.43..8.46 rows=0 width=0)
	  ->  Index Scan using sbtest6_pkey on sbtest6  (cost=0.43..8.46 rows=1 width=10)
	        Index Cond: (id = 5553557)

table 7 : explain UPDATE sbtest7 SET k=k+1 WHERE id=2230601
	Update on sbtest7  (cost=0.43..8.46 rows=0 width=0)
	  ->  Index Scan using sbtest7_pkey on sbtest7  (cost=0.43..8.46 rows=1 width=10)
	        Index Cond: (id = 2230601)

table 8 : explain UPDATE sbtest8 SET k=k+1 WHERE id=780406
	Update on sbtest8  (cost=0.43..8.46 rows=0 width=0)
	  ->  Index Scan using sbtest8_pkey on sbtest8  (cost=0.43..8.46 rows=1 width=10)
	        Index Cond: (id = 780406)

for deletes
table 1 : explain DELETE FROM sbtest1 WHERE id=9939582
	Delete on sbtest1  (cost=0.43..8.45 rows=0 width=0)
	  ->  Index Scan using sbtest1_pkey on sbtest1  (cost=0.43..8.45 rows=1 width=6)
	        Index Cond: (id = 9939582)

table 2 : explain DELETE FROM sbtest2 WHERE id=9838963
	Delete on sbtest2  (cost=0.43..8.45 rows=0 width=0)
	  ->  Index Scan using sbtest2_pkey on sbtest2  (cost=0.43..8.45 rows=1 width=6)
	        Index Cond: (id = 9838963)

table 3 : explain DELETE FROM sbtest3 WHERE id=9019537
	Delete on sbtest3  (cost=0.43..8.45 rows=0 width=0)
	  ->  Index Scan using sbtest3_pkey on sbtest3  (cost=0.43..8.45 rows=1 width=6)
	        Index Cond: (id = 9019537)

table 4 : explain DELETE FROM sbtest4 WHERE id=2406085
	Delete on sbtest4  (cost=0.43..8.45 rows=0 width=0)
	  ->  Index Scan using sbtest4_pkey on sbtest4  (cost=0.43..8.45 rows=1 width=6)
	        Index Cond: (id = 2406085)

table 5 : explain DELETE FROM sbtest5 WHERE id=9020825
	Delete on sbtest5  (cost=0.43..8.45 rows=0 width=0)
	  ->  Index Scan using sbtest5_pkey on sbtest5  (cost=0.43..8.45 rows=1 width=6)
	        Index Cond: (id = 9020825)

table 6 : explain DELETE FROM sbtest6 WHERE id=1413665
	Delete on sbtest6  (cost=0.43..8.45 rows=0 width=0)
	  ->  Index Scan using sbtest6_pkey on sbtest6  (cost=0.43..8.45 rows=1 width=6)
	        Index Cond: (id = 1413665)

table 7 : explain DELETE FROM sbtest7 WHERE id=9935206
	Delete on sbtest7  (cost=0.43..8.45 rows=0 width=0)
	  ->  Index Scan using sbtest7_pkey on sbtest7  (cost=0.43..8.45 rows=1 width=6)
	        Index Cond: (id = 9935206)

table 8 : explain DELETE FROM sbtest8 WHERE id=5566108
	Delete on sbtest8  (cost=0.43..8.45 rows=0 width=0)
	  ->  Index Scan using sbtest8_pkey on sbtest8  (cost=0.43..8.45 rows=1 width=6)
	        Index Cond: (id = 5566108)

for point_selects
table 1 : explain SELECT c FROM sbtest1 WHERE id=5742113
	Index Scan using sbtest1_pkey on sbtest1  (cost=0.43..8.45 rows=1 width=121)
	  Index Cond: (id = 5742113)

table 2 : explain SELECT c FROM sbtest2 WHERE id=5986680
	Index Scan using sbtest2_pkey on sbtest2  (cost=0.43..8.45 rows=1 width=121)
	  Index Cond: (id = 5986680)

table 3 : explain SELECT c FROM sbtest3 WHERE id=3612317
	Index Scan using sbtest3_pkey on sbtest3  (cost=0.43..8.45 rows=1 width=121)
	  Index Cond: (id = 3612317)

table 4 : explain SELECT c FROM sbtest4 WHERE id=5540809
	Index Scan using sbtest4_pkey on sbtest4  (cost=0.43..8.45 rows=1 width=121)
	  Index Cond: (id = 5540809)

table 5 : explain SELECT c FROM sbtest5 WHERE id=5136757
	Index Scan using sbtest5_pkey on sbtest5  (cost=0.43..8.45 rows=1 width=121)
	  Index Cond: (id = 5136757)

table 6 : explain SELECT c FROM sbtest6 WHERE id=9384443
	Index Scan using sbtest6_pkey on sbtest6  (cost=0.43..8.45 rows=1 width=121)
	  Index Cond: (id = 9384443)

table 7 : explain SELECT c FROM sbtest7 WHERE id=7025815
	Index Scan using sbtest7_pkey on sbtest7  (cost=0.43..8.45 rows=1 width=121)
	  Index Cond: (id = 7025815)

table 8 : explain SELECT c FROM sbtest8 WHERE id=3746991
	Index Scan using sbtest8_pkey on sbtest8  (cost=0.43..8.45 rows=1 width=121)
	  Index Cond: (id = 3746991)

explain: for index_updates :: explain UPDATE sbtest%u SET k=k+1 WHERE id=%u
explain: for index_updates :: explain UPDATE sbtest%u SET k=k+1 WHERE id=%u
for: order_ranges
table 1 : explain SELECT c FROM sbtest1 WHERE id BETWEEN 8282249 AND 8282348 ORDER BY c
	Sort  (cost=421.89..422.16 rows=108 width=121)
	  Sort Key: c
	  ->  Index Scan using sbtest1_pkey on sbtest1  (cost=0.43..418.24 rows=108 width=121)
	        Index Cond: ((id >= 8282249) AND (id <= 8282348))

table 2 : explain SELECT c FROM sbtest2 WHERE id BETWEEN 9410889 AND 9410988 ORDER BY c
	Sort  (cost=382.52..382.77 rows=98 width=121)
	  Sort Key: c
	  ->  Index Scan using sbtest2_pkey on sbtest2  (cost=0.43..379.28 rows=98 width=121)
	        Index Cond: ((id >= 9410889) AND (id <= 9410988))

table 3 : explain SELECT c FROM sbtest3 WHERE id BETWEEN 2966225 AND 2966324 ORDER BY c
	Sort  (cost=405.06..405.32 rows=104 width=121)
	  Sort Key: c
	  ->  Index Scan using sbtest3_pkey on sbtest3  (cost=0.43..401.58 rows=104 width=121)
	        Index Cond: ((id >= 2966225) AND (id <= 2966324))

table 4 : explain SELECT c FROM sbtest4 WHERE id BETWEEN 7542324 AND 7542423 ORDER BY c
	Sort  (cost=403.79..404.05 rows=104 width=121)
	  Sort Key: c
	  ->  Index Scan using sbtest4_pkey on sbtest4  (cost=0.43..400.31 rows=104 width=121)
	        Index Cond: ((id >= 7542324) AND (id <= 7542423))

table 5 : explain SELECT c FROM sbtest5 WHERE id BETWEEN 8172536 AND 8172635 ORDER BY c
	Sort  (cost=413.62..413.88 rows=106 width=121)
	  Sort Key: c
	  ->  Index Scan using sbtest5_pkey on sbtest5  (cost=0.43..410.05 rows=106 width=121)
	        Index Cond: ((id >= 8172536) AND (id <= 8172635))

table 6 : explain SELECT c FROM sbtest6 WHERE id BETWEEN 3919687 AND 3919786 ORDER BY c
	Sort  (cost=362.36..362.59 rows=93 width=121)
	  Sort Key: c
	  ->  Index Scan using sbtest6_pkey on sbtest6  (cost=0.43..359.32 rows=93 width=121)
	        Index Cond: ((id >= 3919687) AND (id <= 3919786))

table 7 : explain SELECT c FROM sbtest7 WHERE id BETWEEN 4271188 AND 4271287 ORDER BY c
	Sort  (cost=363.06..363.29 rows=93 width=121)
	  Sort Key: c
	  ->  Index Scan using sbtest7_pkey on sbtest7  (cost=0.43..360.02 rows=93 width=121)
	        Index Cond: ((id >= 4271188) AND (id <= 4271287))

table 8 : explain SELECT c FROM sbtest8 WHERE id BETWEEN 808825 AND 808924 ORDER BY c
	Sort  (cost=360.38..360.62 rows=93 width=121)
	  Sort Key: c
	  ->  Index Scan using sbtest8_pkey on sbtest8  (cost=0.43..357.34 rows=93 width=121)
	        Index Cond: ((id >= 808825) AND (id <= 808924))

explain: for non_index_updates :: explain UPDATE sbtest%u SET c='foobar' WHERE id=%u
for index_updates
table 1 : explain UPDATE sbtest1 SET k=k+1 WHERE id=725480
	Update on sbtest1  (cost=0.43..8.46 rows=0 width=0)
	  ->  Index Scan using sbtest1_pkey on sbtest1  (cost=0.43..8.46 rows=1 width=10)
	        Index Cond: (id = 725480)

table 2 : explain UPDATE sbtest2 SET k=k+1 WHERE id=204065
	Update on sbtest2  (cost=0.43..8.46 rows=0 width=0)
	  ->  Index Scan using sbtest2_pkey on sbtest2  (cost=0.43..8.46 rows=1 width=10)
	        Index Cond: (id = 204065)

table 3 : explain UPDATE sbtest3 SET k=k+1 WHERE id=6807091
	Update on sbtest3  (cost=0.43..8.46 rows=0 width=0)
	  ->  Index Scan using sbtest3_pkey on sbtest3  (cost=0.43..8.46 rows=1 width=10)
	        Index Cond: (id = 6807091)

table 4 : explain UPDATE sbtest4 SET k=k+1 WHERE id=7275260
	Update on sbtest4  (cost=0.43..8.46 rows=0 width=0)
	  ->  Index Scan using sbtest4_pkey on sbtest4  (cost=0.43..8.46 rows=1 width=10)
	        Index Cond: (id = 7275260)

table 5 : explain UPDATE sbtest5 SET k=k+1 WHERE id=9536926
	Update on sbtest5  (cost=0.43..8.46 rows=0 width=0)
	  ->  Index Scan using sbtest5_pkey on sbtest5  (cost=0.43..8.46 rows=1 width=10)
	        Index Cond: (id = 9536926)

table 6 : explain UPDATE sbtest6 SET k=k+1 WHERE id=994520
	Update on sbtest6  (cost=0.43..8.46 rows=0 width=0)
	  ->  Index Scan using sbtest6_pkey on sbtest6  (cost=0.43..8.46 rows=1 width=10)
	        Index Cond: (id = 994520)

table 7 : explain UPDATE sbtest7 SET k=k+1 WHERE id=7482656
	Update on sbtest7  (cost=0.43..8.46 rows=0 width=0)
	  ->  Index Scan using sbtest7_pkey on sbtest7  (cost=0.43..8.46 rows=1 width=10)
	        Index Cond: (id = 7482656)

table 8 : explain UPDATE sbtest8 SET k=k+1 WHERE id=299115
	Update on sbtest8  (cost=0.43..8.46 rows=0 width=0)
	  ->  Index Scan using sbtest8_pkey on sbtest8  (cost=0.43..8.46 rows=1 width=10)
	        Index Cond: (id = 299115)

for non_index_updates
table 1 : explain UPDATE sbtest1 SET c='foobar' WHERE id=3859926
	Update on sbtest1  (cost=0.43..8.45 rows=0 width=0)
	  ->  Index Scan using sbtest1_pkey on sbtest1  (cost=0.43..8.45 rows=1 width=490)
	        Index Cond: (id = 3859926)

table 2 : explain UPDATE sbtest2 SET c='foobar' WHERE id=5250865
	Update on sbtest2  (cost=0.43..8.45 rows=0 width=0)
	  ->  Index Scan using sbtest2_pkey on sbtest2  (cost=0.43..8.45 rows=1 width=490)
	        Index Cond: (id = 5250865)

table 3 : explain UPDATE sbtest3 SET c='foobar' WHERE id=1264343
	Update on sbtest3  (cost=0.43..8.45 rows=0 width=0)
	  ->  Index Scan using sbtest3_pkey on sbtest3  (cost=0.43..8.45 rows=1 width=490)
	        Index Cond: (id = 1264343)

table 4 : explain UPDATE sbtest4 SET c='foobar' WHERE id=5186464
	Update on sbtest4  (cost=0.43..8.45 rows=0 width=0)
	  ->  Index Scan using sbtest4_pkey on sbtest4  (cost=0.43..8.45 rows=1 width=490)
	        Index Cond: (id = 5186464)

table 5 : explain UPDATE sbtest5 SET c='foobar' WHERE id=3598707
	Update on sbtest5  (cost=0.43..8.45 rows=0 width=0)
	  ->  Index Scan using sbtest5_pkey on sbtest5  (cost=0.43..8.45 rows=1 width=490)
	        Index Cond: (id = 3598707)

table 6 : explain UPDATE sbtest6 SET c='foobar' WHERE id=1931253
	Update on sbtest6  (cost=0.43..8.45 rows=0 width=0)
	  ->  Index Scan using sbtest6_pkey on sbtest6  (cost=0.43..8.45 rows=1 width=490)
	        Index Cond: (id = 1931253)

table 7 : explain UPDATE sbtest7 SET c='foobar' WHERE id=8979129
	Update on sbtest7  (cost=0.43..8.45 rows=0 width=0)
	  ->  Index Scan using sbtest7_pkey on sbtest7  (cost=0.43..8.45 rows=1 width=490)
	        Index Cond: (id = 8979129)

table 8 : explain UPDATE sbtest8 SET c='foobar' WHERE id=4685106
	Update on sbtest8  (cost=0.43..8.45 rows=0 width=0)
	  ->  Index Scan using sbtest8_pkey on sbtest8  (cost=0.43..8.45 rows=1 width=490)
	        Index Cond: (id = 4685106)

for index_updates
table 1 : explain UPDATE sbtest1 SET k=k+1 WHERE id=1477260
	Update on sbtest1  (cost=0.43..8.46 rows=0 width=0)
	  ->  Index Scan using sbtest1_pkey on sbtest1  (cost=0.43..8.46 rows=1 width=10)
	        Index Cond: (id = 1477260)

table 2 : explain UPDATE sbtest2 SET k=k+1 WHERE id=9345471
	Update on sbtest2  (cost=0.43..8.46 rows=0 width=0)
	  ->  Index Scan using sbtest2_pkey on sbtest2  (cost=0.43..8.46 rows=1 width=10)
	        Index Cond: (id = 9345471)

table 3 : explain UPDATE sbtest3 SET k=k+1 WHERE id=4178535
	Update on sbtest3  (cost=0.43..8.46 rows=0 width=0)
	  ->  Index Scan using sbtest3_pkey on sbtest3  (cost=0.43..8.46 rows=1 width=10)
	        Index Cond: (id = 4178535)

table 4 : explain UPDATE sbtest4 SET k=k+1 WHERE id=2054801
	Update on sbtest4  (cost=0.43..8.46 rows=0 width=0)
	  ->  Index Scan using sbtest4_pkey on sbtest4  (cost=0.43..8.46 rows=1 width=10)
	        Index Cond: (id = 2054801)

table 5 : explain UPDATE sbtest5 SET k=k+1 WHERE id=4317686
	Update on sbtest5  (cost=0.43..8.46 rows=0 width=0)
	  ->  Index Scan using sbtest5_pkey on sbtest5  (cost=0.43..8.46 rows=1 width=10)
	        Index Cond: (id = 4317686)

table 6 : explain UPDATE sbtest6 SET k=k+1 WHERE id=815237
	Update on sbtest6  (cost=0.43..8.46 rows=0 width=0)
	  ->  Index Scan using sbtest6_pkey on sbtest6  (cost=0.43..8.46 rows=1 width=10)
	        Index Cond: (id = 815237)

table 7 : explain UPDATE sbtest7 SET k=k+1 WHERE id=3738249
	Update on sbtest7  (cost=0.43..8.46 rows=0 width=0)
	  ->  Index Scan using sbtest7_pkey on sbtest7  (cost=0.43..8.46 rows=1 width=10)
	        Index Cond: (id = 3738249)

table 8 : explain UPDATE sbtest8 SET k=k+1 WHERE id=5816520
	Update on sbtest8  (cost=0.43..8.46 rows=0 width=0)
	  ->  Index Scan using sbtest8_pkey on sbtest8  (cost=0.43..8.46 rows=1 width=10)
	        Index Cond: (id = 5816520)

explain: for inserts :: explain INSERT INTO sbtest%u (id, k, c, pad) VALUES (%u, 13, 'foobar', 'foobar')
for index_updates
table 1 : explain UPDATE sbtest1 SET k=k+1 WHERE id=607262
	Update on sbtest1  (cost=0.43..8.46 rows=0 width=0)
	  ->  Index Scan using sbtest1_pkey on sbtest1  (cost=0.43..8.46 rows=1 width=10)
	        Index Cond: (id = 607262)

table 2 : explain UPDATE sbtest2 SET k=k+1 WHERE id=8208141
	Update on sbtest2  (cost=0.43..8.46 rows=0 width=0)
	  ->  Index Scan using sbtest2_pkey on sbtest2  (cost=0.43..8.46 rows=1 width=10)
	        Index Cond: (id = 8208141)

table 3 : explain UPDATE sbtest3 SET k=k+1 WHERE id=3500395
	Update on sbtest3  (cost=0.43..8.46 rows=0 width=0)
	  ->  Index Scan using sbtest3_pkey on sbtest3  (cost=0.43..8.46 rows=1 width=10)
	        Index Cond: (id = 3500395)

table 4 : explain UPDATE sbtest4 SET k=k+1 WHERE id=4357775
	Update on sbtest4  (cost=0.43..8.46 rows=0 width=0)
	  ->  Index Scan using sbtest4_pkey on sbtest4  (cost=0.43..8.46 rows=1 width=10)
	        Index Cond: (id = 4357775)

table 5 : explain UPDATE sbtest5 SET k=k+1 WHERE id=9108786
	Update on sbtest5  (cost=0.43..8.46 rows=0 width=0)
	  ->  Index Scan using sbtest5_pkey on sbtest5  (cost=0.43..8.46 rows=1 width=10)
	        Index Cond: (id = 9108786)

table 6 : explain UPDATE sbtest6 SET k=k+1 WHERE id=3852020
	Update on sbtest6  (cost=0.43..8.46 rows=0 width=0)
	  ->  Index Scan using sbtest6_pkey on sbtest6  (cost=0.43..8.46 rows=1 width=10)
	        Index Cond: (id = 3852020)

table 7 : explain UPDATE sbtest7 SET k=k+1 WHERE id=6302620
	Update on sbtest7  (cost=0.43..8.46 rows=0 width=0)
	  ->  Index Scan using sbtest7_pkey on sbtest7  (cost=0.43..8.46 rows=1 width=10)
	        Index Cond: (id = 6302620)

table 8 : explain UPDATE sbtest8 SET k=k+1 WHERE id=3986002
	Update on sbtest8  (cost=0.43..8.46 rows=0 width=0)
	  ->  Index Scan using sbtest8_pkey on sbtest8  (cost=0.43..8.46 rows=1 width=10)
	        Index Cond: (id = 3986002)

explain: for deletes :: explain DELETE FROM sbtest%u WHERE id=%u
explain: for point_selects :: explain SELECT c FROM sbtest%u WHERE id=%u
explain: for point_selects :: explain SELECT c FROM sbtest%u WHERE id=%u
explain: for non_index_updates :: explain UPDATE sbtest%u SET c='foobar' WHERE id=%u
for non_index_updates
table 1 : explain UPDATE sbtest1 SET c='foobar' WHERE id=5310041
	Update on sbtest1  (cost=0.43..8.45 rows=0 width=0)
	  ->  Index Scan using sbtest1_pkey on sbtest1  (cost=0.43..8.45 rows=1 width=490)
	        Index Cond: (id = 5310041)

table 2 : explain UPDATE sbtest2 SET c='foobar' WHERE id=7465462
	Update on sbtest2  (cost=0.43..8.45 rows=0 width=0)
	  ->  Index Scan using sbtest2_pkey on sbtest2  (cost=0.43..8.45 rows=1 width=490)
	        Index Cond: (id = 7465462)

table 3 : explain UPDATE sbtest3 SET c='foobar' WHERE id=5881944
	Update on sbtest3  (cost=0.43..8.45 rows=0 width=0)
	  ->  Index Scan using sbtest3_pkey on sbtest3  (cost=0.43..8.45 rows=1 width=490)
	        Index Cond: (id = 5881944)

table 4 : explain UPDATE sbtest4 SET c='foobar' WHERE id=5323291
	Update on sbtest4  (cost=0.43..8.45 rows=0 width=0)
	  ->  Index Scan using sbtest4_pkey on sbtest4  (cost=0.43..8.45 rows=1 width=490)
	        Index Cond: (id = 5323291)

table 5 : explain UPDATE sbtest5 SET c='foobar' WHERE id=7992353
	Update on sbtest5  (cost=0.43..8.45 rows=0 width=0)
	  ->  Index Scan using sbtest5_pkey on sbtest5  (cost=0.43..8.45 rows=1 width=490)
	        Index Cond: (id = 7992353)

table 6 : explain UPDATE sbtest6 SET c='foobar' WHERE id=7538543
	Update on sbtest6  (cost=0.43..8.45 rows=0 width=0)
	  ->  Index Scan using sbtest6_pkey on sbtest6  (cost=0.43..8.45 rows=1 width=490)
	        Index Cond: (id = 7538543)

table 7 : explain UPDATE sbtest7 SET c='foobar' WHERE id=7629004
	Update on sbtest7  (cost=0.43..8.45 rows=0 width=0)
	  ->  Index Scan using sbtest7_pkey on sbtest7  (cost=0.43..8.45 rows=1 width=490)
	        Index Cond: (id = 7629004)

table 8 : explain UPDATE sbtest8 SET c='foobar' WHERE id=2764982
	Update on sbtest8  (cost=0.43..8.45 rows=0 width=0)
	  ->  Index Scan using sbtest8_pkey on sbtest8  (cost=0.43..8.45 rows=1 width=490)
	        Index Cond: (id = 2764982)

explain: for non_index_updates :: explain UPDATE sbtest%u SET c='foobar' WHERE id=%u
for: simple_ranges
table 1 : explain SELECT c FROM sbtest1 WHERE id BETWEEN 716461 AND 716560
	Index Scan using sbtest1_pkey on sbtest1  (cost=0.43..353.11 rows=91 width=121)
	  Index Cond: ((id >= 716461) AND (id <= 716560))

table 2 : explain SELECT c FROM sbtest2 WHERE id BETWEEN 8107364 AND 8107463
	Index Scan using sbtest2_pkey on sbtest2  (cost=0.43..409.85 rows=106 width=121)
	  Index Cond: ((id >= 8107364) AND (id <= 8107463))

table 3 : explain SELECT c FROM sbtest3 WHERE id BETWEEN 8893515 AND 8893614
	Index Scan using sbtest3_pkey on sbtest3  (cost=0.43..374.87 rows=97 width=121)
	  Index Cond: ((id >= 8893515) AND (id <= 8893614))

table 4 : explain SELECT c FROM sbtest4 WHERE id BETWEEN 537196 AND 537295
	Index Scan using sbtest4_pkey on sbtest4  (cost=0.43..407.91 rows=106 width=121)
	  Index Cond: ((id >= 537196) AND (id <= 537295))

table 5 : explain SELECT c FROM sbtest5 WHERE id BETWEEN 6439613 AND 6439712
	Index Scan using sbtest5_pkey on sbtest5  (cost=0.43..375.64 rows=97 width=121)
	  Index Cond: ((id >= 6439613) AND (id <= 6439712))

table 6 : explain SELECT c FROM sbtest6 WHERE id BETWEEN 5667176 AND 5667275
	Index Scan using sbtest6_pkey on sbtest6  (cost=0.43..397.44 rows=103 width=121)
	  Index Cond: ((id >= 5667176) AND (id <= 5667275))

table 7 : explain SELECT c FROM sbtest7 WHERE id BETWEEN 8690474 AND 8690573
	Index Scan using sbtest7_pkey on sbtest7  (cost=0.43..413.49 rows=107 width=121)
	  Index Cond: ((id >= 8690474) AND (id <= 8690573))

table 8 : explain SELECT c FROM sbtest8 WHERE id BETWEEN 1412809 AND 1412908
	Index Scan using sbtest8_pkey on sbtest8  (cost=0.43..361.13 rows=94 width=121)
	  Index Cond: ((id >= 1412809) AND (id <= 1412908))
for inserts
table 1 : explain INSERT INTO sbtest1 (id, k, c, pad) VALUES (5166429, 13, 'foobar', 'foobar')
	Insert on sbtest1  (cost=0.00..0.01 rows=0 width=0)
	  ->  Result  (cost=0.00..0.01 rows=1 width=736)

table 2 : explain INSERT INTO sbtest2 (id, k, c, pad) VALUES (5791166, 13, 'foobar', 'foobar')
	Insert on sbtest2  (cost=0.00..0.01 rows=0 width=0)
	  ->  Result  (cost=0.00..0.01 rows=1 width=736)

table 3 : explain INSERT INTO sbtest3 (id, k, c, pad) VALUES (4522893, 13, 'foobar', 'foobar')
	Insert on sbtest3  (cost=0.00..0.01 rows=0 width=0)
	  ->  Result  (cost=0.00..0.01 rows=1 width=736)

table 4 : explain INSERT INTO sbtest4 (id, k, c, pad) VALUES (9086941, 13, 'foobar', 'foobar')
	Insert on sbtest4  (cost=0.00..0.01 rows=0 width=0)
	  ->  Result  (cost=0.00..0.01 rows=1 width=736)

table 5 : explain INSERT INTO sbtest5 (id, k, c, pad) VALUES (2962898, 13, 'foobar', 'foobar')
	Insert on sbtest5  (cost=0.00..0.01 rows=0 width=0)
	  ->  Result  (cost=0.00..0.01 rows=1 width=736)

table 6 : explain INSERT INTO sbtest6 (id, k, c, pad) VALUES (5333627, 13, 'foobar', 'foobar')
	Insert on sbtest6  (cost=0.00..0.01 rows=0 width=0)
	  ->  Result  (cost=0.00..0.01 rows=1 width=736)

table 7 : explain INSERT INTO sbtest7 (id, k, c, pad) VALUES (7290361, 13, 'foobar', 'foobar')
	Insert on sbtest7  (cost=0.00..0.01 rows=0 width=0)
	  ->  Result  (cost=0.00..0.01 rows=1 width=736)

table 8 : explain INSERT INTO sbtest8 (id, k, c, pad) VALUES (5380512, 13, 'foobar', 'foobar')
	Insert on sbtest8  (cost=0.00..0.01 rows=0 width=0)
	  ->  Result  (cost=0.00..0.01 rows=1 width=736)


explain: for non_index_updates :: explain UPDATE sbtest%u SET c='foobar' WHERE id=%u
explain: for deletes :: explain DELETE FROM sbtest%u WHERE id=%u
for: order_ranges
table 1 : explain SELECT c FROM sbtest1 WHERE id BETWEEN 9589800 AND 9589899 ORDER BY c
	Sort  (cost=398.67..398.93 rows=102 width=121)
	  Sort Key: c
	  ->  Index Scan using sbtest1_pkey on sbtest1  (cost=0.43..395.27 rows=102 width=121)
	        Index Cond: ((id >= 9589800) AND (id <= 9589899))

table 2 : explain SELECT c FROM sbtest2 WHERE id BETWEEN 9810443 AND 9810542 ORDER BY c
	Sort  (cost=382.52..382.77 rows=98 width=121)
	  Sort Key: c
	  ->  Index Scan using sbtest2_pkey on sbtest2  (cost=0.43..379.28 rows=98 width=121)
	        Index Cond: ((id >= 9810443) AND (id <= 9810542))

table 3 : explain SELECT c FROM sbtest3 WHERE id BETWEEN 9261761 AND 9261860 ORDER BY c
	Sort  (cost=416.63..416.90 rows=107 width=121)
	  Sort Key: c
	  ->  Index Scan using sbtest3_pkey on sbtest3  (cost=0.43..413.02 rows=107 width=121)
	        Index Cond: ((id >= 9261761) AND (id <= 9261860))

table 4 : explain SELECT c FROM sbtest4 WHERE id BETWEEN 8172005 AND 8172104 ORDER BY c
	Sort  (cost=334.57..334.78 rows=86 width=121)
	  Sort Key: c
	  ->  Index Scan using sbtest4_pkey on sbtest4  (cost=0.43..331.80 rows=86 width=121)
	        Index Cond: ((id >= 8172005) AND (id <= 8172104))

table 5 : explain SELECT c FROM sbtest5 WHERE id BETWEEN 2859272 AND 2859371 ORDER BY c
	Sort  (cost=432.94..433.22 rows=111 width=121)
	  Sort Key: c
	  ->  Index Scan using sbtest5_pkey on sbtest5  (cost=0.43..429.17 rows=111 width=121)
	        Index Cond: ((id >= 2859272) AND (id <= 2859371))

table 6 : explain SELECT c FROM sbtest6 WHERE id BETWEEN 1322740 AND 1322839 ORDER BY c
	Sort  (cost=381.62..381.87 rows=98 width=121)
	  Sort Key: c
	  ->  Index Scan using sbtest6_pkey on sbtest6  (cost=0.43..378.38 rows=98 width=121)
	        Index Cond: ((id >= 1322740) AND (id <= 1322839))

table 7 : explain SELECT c FROM sbtest7 WHERE id BETWEEN 2802135 AND 2802234 ORDER BY c
	Sort  (cost=390.08..390.33 rows=100 width=121)
	  Sort Key: c
	  ->  Index Scan using sbtest7_pkey on sbtest7  (cost=0.43..386.76 rows=100 width=121)
	        Index Cond: ((id >= 2802135) AND (id <= 2802234))

table 8 : explain SELECT c FROM sbtest8 WHERE id BETWEEN 9483900 AND 9483999 ORDER BY c
	Sort  (cost=383.37..383.62 rows=99 width=121)
	  Sort Key: c
	  ->  Index Scan using sbtest8_pkey on sbtest8  (cost=0.43..380.09 rows=99 width=121)
	        Index Cond: ((id >= 9483900) AND (id <= 9483999))

for deletes
table 1 : explain DELETE FROM sbtest1 WHERE id=8098438
	Delete on sbtest1  (cost=0.43..8.45 rows=0 width=0)
	  ->  Index Scan using sbtest1_pkey on sbtest1  (cost=0.43..8.45 rows=1 width=6)
	        Index Cond: (id = 8098438)

table 2 : explain DELETE FROM sbtest2 WHERE id=8593855
	Delete on sbtest2  (cost=0.43..8.45 rows=0 width=0)
	  ->  Index Scan using sbtest2_pkey on sbtest2  (cost=0.43..8.45 rows=1 width=6)
	        Index Cond: (id = 8593855)

table 3 : explain DELETE FROM sbtest3 WHERE id=163585
	Delete on sbtest3  (cost=0.43..8.45 rows=0 width=0)
	  ->  Index Scan using sbtest3_pkey on sbtest3  (cost=0.43..8.45 rows=1 width=6)
	        Index Cond: (id = 163585)

table 4 : explain DELETE FROM sbtest4 WHERE id=6355336
	Delete on sbtest4  (cost=0.43..8.45 rows=0 width=0)
	  ->  Index Scan using sbtest4_pkey on sbtest4  (cost=0.43..8.45 rows=1 width=6)
	        Index Cond: (id = 6355336)

table 5 : explain DELETE FROM sbtest5 WHERE id=2826947
	Delete on sbtest5  (cost=0.43..8.45 rows=0 width=0)
	  ->  Index Scan using sbtest5_pkey on sbtest5  (cost=0.43..8.45 rows=1 width=6)
	        Index Cond: (id = 2826947)

table 6 : explain DELETE FROM sbtest6 WHERE id=2393681
	Delete on sbtest6  (cost=0.43..8.45 rows=0 width=0)
	  ->  Index Scan using sbtest6_pkey on sbtest6  (cost=0.43..8.45 rows=1 width=6)
	        Index Cond: (id = 2393681)

table 7 : explain DELETE FROM sbtest7 WHERE id=4429165
	Delete on sbtest7  (cost=0.43..8.45 rows=0 width=0)
	  ->  Index Scan using sbtest7_pkey on sbtest7  (cost=0.43..8.45 rows=1 width=6)
	        Index Cond: (id = 4429165)

table 8 : explain DELETE FROM sbtest8 WHERE id=6631794
	Delete on sbtest8  (cost=0.43..8.45 rows=0 width=0)
	  ->  Index Scan using sbtest8_pkey on sbtest8  (cost=0.43..8.45 rows=1 width=6)
	        Index Cond: (id = 6631794)

for non_index_updates
table 1 : explain UPDATE sbtest1 SET c='foobar' WHERE id=7760020
	Update on sbtest1  (cost=0.43..8.45 rows=0 width=0)
	  ->  Index Scan using sbtest1_pkey on sbtest1  (cost=0.43..8.45 rows=1 width=490)
	        Index Cond: (id = 7760020)

table 2 : explain UPDATE sbtest2 SET c='foobar' WHERE id=9143135
	Update on sbtest2  (cost=0.43..8.45 rows=0 width=0)
	  ->  Index Scan using sbtest2_pkey on sbtest2  (cost=0.43..8.45 rows=1 width=490)
	        Index Cond: (id = 9143135)

table 3 : explain UPDATE sbtest3 SET c='foobar' WHERE id=5002282
	Update on sbtest3  (cost=0.43..8.45 rows=0 width=0)
	  ->  Index Scan using sbtest3_pkey on sbtest3  (cost=0.43..8.45 rows=1 width=490)
	        Index Cond: (id = 5002282)

table 4 : explain UPDATE sbtest4 SET c='foobar' WHERE id=4028444
	Update on sbtest4  (cost=0.43..8.45 rows=0 width=0)
	  ->  Index Scan using sbtest4_pkey on sbtest4  (cost=0.43..8.45 rows=1 width=490)
	        Index Cond: (id = 4028444)

table 5 : explain UPDATE sbtest5 SET c='foobar' WHERE id=5347756
	Update on sbtest5  (cost=0.43..8.45 rows=0 width=0)
	  ->  Index Scan using sbtest5_pkey on sbtest5  (cost=0.43..8.45 rows=1 width=490)
	        Index Cond: (id = 5347756)

table 6 : explain UPDATE sbtest6 SET c='foobar' WHERE id=2571275
	Update on sbtest6  (cost=0.43..8.45 rows=0 width=0)
	  ->  Index Scan using sbtest6_pkey on sbtest6  (cost=0.43..8.45 rows=1 width=490)
	        Index Cond: (id = 2571275)

table 7 : explain UPDATE sbtest7 SET c='foobar' WHERE id=9578237
	Update on sbtest7  (cost=0.43..8.45 rows=0 width=0)
	  ->  Index Scan using sbtest7_pkey on sbtest7  (cost=0.43..8.45 rows=1 width=490)
	        Index Cond: (id = 9578237)

table 8 : explain UPDATE sbtest8 SET c='foobar' WHERE id=3143000
	Update on sbtest8  (cost=0.43..8.45 rows=0 width=0)
	  ->  Index Scan using sbtest8_pkey on sbtest8  (cost=0.43..8.45 rows=1 width=490)
	        Index Cond: (id = 3143000)

explain: for point_selects :: explain SELECT c FROM sbtest%u WHERE id=%u
for non_index_updates
table 1 : explain UPDATE sbtest1 SET c='foobar' WHERE id=6118600
	Update on sbtest1  (cost=0.43..8.45 rows=0 width=0)
	  ->  Index Scan using sbtest1_pkey on sbtest1  (cost=0.43..8.45 rows=1 width=490)
	        Index Cond: (id = 6118600)

table 2 : explain UPDATE sbtest2 SET c='foobar' WHERE id=5619587
	Update on sbtest2  (cost=0.43..8.45 rows=0 width=0)
	  ->  Index Scan using sbtest2_pkey on sbtest2  (cost=0.43..8.45 rows=1 width=490)
	        Index Cond: (id = 5619587)

table 3 : explain UPDATE sbtest3 SET c='foobar' WHERE id=1693844
	Update on sbtest3  (cost=0.43..8.45 rows=0 width=0)
	  ->  Index Scan using sbtest3_pkey on sbtest3  (cost=0.43..8.45 rows=1 width=490)
	        Index Cond: (id = 1693844)

table 4 : explain UPDATE sbtest4 SET c='foobar' WHERE id=1509422
	Update on sbtest4  (cost=0.43..8.45 rows=0 width=0)
	  ->  Index Scan using sbtest4_pkey on sbtest4  (cost=0.43..8.45 rows=1 width=490)
	        Index Cond: (id = 1509422)

table 5 : explain UPDATE sbtest5 SET c='foobar' WHERE id=9045366
	Update on sbtest5  (cost=0.43..8.45 rows=0 width=0)
	  ->  Index Scan using sbtest5_pkey on sbtest5  (cost=0.43..8.45 rows=1 width=490)
	        Index Cond: (id = 9045366)

table 6 : explain UPDATE sbtest6 SET c='foobar' WHERE id=8863768
	Update on sbtest6  (cost=0.43..8.45 rows=0 width=0)
	  ->  Index Scan using sbtest6_pkey on sbtest6  (cost=0.43..8.45 rows=1 width=490)
	        Index Cond: (id = 8863768)

table 7 : explain UPDATE sbtest7 SET c='foobar' WHERE id=1800056
	Update on sbtest7  (cost=0.43..8.45 rows=0 width=0)
	  ->  Index Scan using sbtest7_pkey on sbtest7  (cost=0.43..8.45 rows=1 width=490)
	        Index Cond: (id = 1800056)

table 8 : explain UPDATE sbtest8 SET c='foobar' WHERE id=3839929
	Update on sbtest8  (cost=0.43..8.45 rows=0 width=0)
	  ->  Index Scan using sbtest8_pkey on sbtest8  (cost=0.43..8.45 rows=1 width=490)
	        Index Cond: (id = 3839929)

explain: for deletes :: explain DELETE FROM sbtest%u WHERE id=%u
for non_index_updates
table 1 : explain UPDATE sbtest1 SET c='foobar' WHERE id=9947696
	Update on sbtest1  (cost=0.43..8.45 rows=0 width=0)
	  ->  Index Scan using sbtest1_pkey on sbtest1  (cost=0.43..8.45 rows=1 width=490)
	        Index Cond: (id = 9947696)

table 2 : explain UPDATE sbtest2 SET c='foobar' WHERE id=5564627
	Update on sbtest2  (cost=0.43..8.45 rows=0 width=0)
	  ->  Index Scan using sbtest2_pkey on sbtest2  (cost=0.43..8.45 rows=1 width=490)
	        Index Cond: (id = 5564627)

table 3 : explain UPDATE sbtest3 SET c='foobar' WHERE id=3304844
	Update on sbtest3  (cost=0.43..8.45 rows=0 width=0)
	  ->  Index Scan using sbtest3_pkey on sbtest3  (cost=0.43..8.45 rows=1 width=490)
	        Index Cond: (id = 3304844)

table 4 : explain UPDATE sbtest4 SET c='foobar' WHERE id=9676682
	Update on sbtest4  (cost=0.43..8.45 rows=0 width=0)
	  ->  Index Scan using sbtest4_pkey on sbtest4  (cost=0.43..8.45 rows=1 width=490)
	        Index Cond: (id = 9676682)

table 5 : explain UPDATE sbtest5 SET c='foobar' WHERE id=4173853
	Update on sbtest5  (cost=0.43..8.45 rows=0 width=0)
	  ->  Index Scan using sbtest5_pkey on sbtest5  (cost=0.43..8.45 rows=1 width=490)
	        Index Cond: (id = 4173853)

table 6 : explain UPDATE sbtest6 SET c='foobar' WHERE id=2459616
	Update on sbtest6  (cost=0.43..8.45 rows=0 width=0)
	  ->  Index Scan using sbtest6_pkey on sbtest6  (cost=0.43..8.45 rows=1 width=490)
	        Index Cond: (id = 2459616)

table 7 : explain UPDATE sbtest7 SET c='foobar' WHERE id=1266553
	Update on sbtest7  (cost=0.43..8.45 rows=0 width=0)
	  ->  Index Scan using sbtest7_pkey on sbtest7  (cost=0.43..8.45 rows=1 width=490)
	        Index Cond: (id = 1266553)

table 8 : explain UPDATE sbtest8 SET c='foobar' WHERE id=3909190
	Update on sbtest8  (cost=0.43..8.45 rows=0 width=0)
	  ->  Index Scan using sbtest8_pkey on sbtest8  (cost=0.43..8.45 rows=1 width=490)
	        Index Cond: (id = 3909190)

for deletes
table 1 : explain DELETE FROM sbtest1 WHERE id=1878751
	Delete on sbtest1  (cost=0.43..8.45 rows=0 width=0)
	  ->  Index Scan using sbtest1_pkey on sbtest1  (cost=0.43..8.45 rows=1 width=6)
	        Index Cond: (id = 1878751)

table 2 : explain DELETE FROM sbtest2 WHERE id=5399170
	Delete on sbtest2  (cost=0.43..8.45 rows=0 width=0)
	  ->  Index Scan using sbtest2_pkey on sbtest2  (cost=0.43..8.45 rows=1 width=6)
	        Index Cond: (id = 5399170)

table 3 : explain DELETE FROM sbtest3 WHERE id=3556608
	Delete on sbtest3  (cost=0.43..8.45 rows=0 width=0)
	  ->  Index Scan using sbtest3_pkey on sbtest3  (cost=0.43..8.45 rows=1 width=6)
	        Index Cond: (id = 3556608)

table 4 : explain DELETE FROM sbtest4 WHERE id=8157823
	Delete on sbtest4  (cost=0.43..8.45 rows=0 width=0)
	  ->  Index Scan using sbtest4_pkey on sbtest4  (cost=0.43..8.45 rows=1 width=6)
	        Index Cond: (id = 8157823)

table 5 : explain DELETE FROM sbtest5 WHERE id=4819882
	Delete on sbtest5  (cost=0.43..8.45 rows=0 width=0)
	  ->  Index Scan using sbtest5_pkey on sbtest5  (cost=0.43..8.45 rows=1 width=6)
	        Index Cond: (id = 4819882)

table 6 : explain DELETE FROM sbtest6 WHERE id=6412676
	Delete on sbtest6  (cost=0.43..8.45 rows=0 width=0)
	  ->  Index Scan using sbtest6_pkey on sbtest6  (cost=0.43..8.45 rows=1 width=6)
	        Index Cond: (id = 6412676)

table 7 : explain DELETE FROM sbtest7 WHERE id=3923357
	Delete on sbtest7  (cost=0.43..8.45 rows=0 width=0)
	  ->  Index Scan using sbtest7_pkey on sbtest7  (cost=0.43..8.45 rows=1 width=6)
	        Index Cond: (id = 3923357)

table 8 : explain DELETE FROM sbtest8 WHERE id=2449433
	Delete on sbtest8  (cost=0.43..8.45 rows=0 width=0)
	  ->  Index Scan using sbtest8_pkey on sbtest8  (cost=0.43..8.45 rows=1 width=6)
	        Index Cond: (id = 2449433)

explain: for inserts :: explain INSERT INTO sbtest%u (id, k, c, pad) VALUES (%u, 13, 'foobar', 'foobar')
explain: for deletes :: explain DELETE FROM sbtest%u WHERE id=%u
explain: for deletes :: explain DELETE FROM sbtest%u WHERE id=%u
for: distinct_ranges
table 1 : explain SELECT DISTINCT c FROM sbtest1 WHERE id BETWEEN 682549 AND 682648 ORDER BY c
	Unique  (cost=371.54..372.02 rows=95 width=121)
	  ->  Sort  (cost=371.54..371.78 rows=95 width=121)
	        Sort Key: c
	        ->  Index Scan using sbtest1_pkey on sbtest1  (cost=0.43..368.42 rows=95 width=121)
	              Index Cond: ((id >= 682549) AND (id <= 682648))

table 2 : explain SELECT DISTINCT c FROM sbtest2 WHERE id BETWEEN 461060 AND 461159 ORDER BY c
	Unique  (cost=390.24..390.74 rows=100 width=121)
	  ->  Sort  (cost=390.24..390.49 rows=100 width=121)
	        Sort Key: c
	        ->  Index Scan using sbtest2_pkey on sbtest2  (cost=0.43..386.92 rows=100 width=121)
	              Index Cond: ((id >= 461060) AND (id <= 461159))

table 3 : explain SELECT DISTINCT c FROM sbtest3 WHERE id BETWEEN 31567 AND 31666 ORDER BY c
	Unique  (cost=424.34..424.89 rows=109 width=121)
	  ->  Sort  (cost=424.34..424.62 rows=109 width=121)
	        Sort Key: c
	        ->  Index Scan using sbtest3_pkey on sbtest3  (cost=0.43..420.65 rows=109 width=121)
	              Index Cond: ((id >= 31567) AND (id <= 31666))

table 4 : explain SELECT DISTINCT c FROM sbtest4 WHERE id BETWEEN 4045279 AND 4045378 ORDER BY c
	Unique  (cost=369.20..369.68 rows=95 width=121)
	  ->  Sort  (cost=369.20..369.44 rows=95 width=121)
	        Sort Key: c
	        ->  Index Scan using sbtest4_pkey on sbtest4  (cost=0.43..366.08 rows=95 width=121)
	              Index Cond: ((id >= 4045279) AND (id <= 4045378))

table 5 : explain SELECT DISTINCT c FROM sbtest5 WHERE id BETWEEN 989970 AND 990069 ORDER BY c
	Unique  (cost=351.80..352.25 rows=90 width=121)
	  ->  Sort  (cost=351.80..352.02 rows=90 width=121)
	        Sort Key: c
	        ->  Index Scan using sbtest5_pkey on sbtest5  (cost=0.43..348.88 rows=90 width=121)
	              Index Cond: ((id >= 989970) AND (id <= 990069))

table 6 : explain SELECT DISTINCT c FROM sbtest6 WHERE id BETWEEN 2708917 AND 2709016 ORDER BY c
	Unique  (cost=420.15..420.69 rows=108 width=121)
	  ->  Sort  (cost=420.15..420.42 rows=108 width=121)
	        Sort Key: c
	        ->  Index Scan using sbtest6_pkey on sbtest6  (cost=0.43..416.50 rows=108 width=121)
	              Index Cond: ((id >= 2708917) AND (id <= 2709016))

table 7 : explain SELECT DISTINCT c FROM sbtest7 WHERE id BETWEEN 8715570 AND 8715669 ORDER BY c
	Unique  (cost=417.10..417.63 rows=107 width=121)
	  ->  Sort  (cost=417.10..417.37 rows=107 width=121)
	        Sort Key: c
	        ->  Index Scan using sbtest7_pkey on sbtest7  (cost=0.43..413.49 rows=107 width=121)
	              Index Cond: ((id >= 8715570) AND (id <= 8715669))

table 8 : explain SELECT DISTINCT c FROM sbtest8 WHERE id BETWEEN 4077446 AND 4077545 ORDER BY c
	Unique  (cost=391.03..391.53 rows=101 width=121)
	  ->  Sort  (cost=391.03..391.28 rows=101 width=121)
	        Sort Key: c
	        ->  Index Scan using sbtest8_pkey on sbtest8  (cost=0.43..387.67 rows=101 width=121)
	              Index Cond: ((id >= 4077446) AND (id <= 4077545))

for deletes
table 1 : explain DELETE FROM sbtest1 WHERE id=9708764
	Delete on sbtest1  (cost=0.43..8.45 rows=0 width=0)
	  ->  Index Scan using sbtest1_pkey on sbtest1  (cost=0.43..8.45 rows=1 width=6)
	        Index Cond: (id = 9708764)

table 2 : explain DELETE FROM sbtest2 WHERE id=2028809
	Delete on sbtest2  (cost=0.43..8.45 rows=0 width=0)
	  ->  Index Scan using sbtest2_pkey on sbtest2  (cost=0.43..8.45 rows=1 width=6)
	        Index Cond: (id = 2028809)

table 3 : explain DELETE FROM sbtest3 WHERE id=8499363
	Delete on sbtest3  (cost=0.43..8.45 rows=0 width=0)
	  ->  Index Scan using sbtest3_pkey on sbtest3  (cost=0.43..8.45 rows=1 width=6)
	        Index Cond: (id = 8499363)

table 4 : explain DELETE FROM sbtest4 WHERE id=2910644
	Delete on sbtest4  (cost=0.43..8.45 rows=0 width=0)
	  ->  Index Scan using sbtest4_pkey on sbtest4  (cost=0.43..8.45 rows=1 width=6)
	        Index Cond: (id = 2910644)

table 5 : explain DELETE FROM sbtest5 WHERE id=6566925
	Delete on sbtest5  (cost=0.43..8.45 rows=0 width=0)
	  ->  Index Scan using sbtest5_pkey on sbtest5  (cost=0.43..8.45 rows=1 width=6)
	        Index Cond: (id = 6566925)

table 6 : explain DELETE FROM sbtest6 WHERE id=8668075
	Delete on sbtest6  (cost=0.43..8.45 rows=0 width=0)
	  ->  Index Scan using sbtest6_pkey on sbtest6  (cost=0.43..8.45 rows=1 width=6)
	        Index Cond: (id = 8668075)

table 7 : explain DELETE FROM sbtest7 WHERE id=1053885
	Delete on sbtest7  (cost=0.43..8.45 rows=0 width=0)
	  ->  Index Scan using sbtest7_pkey on sbtest7  (cost=0.43..8.45 rows=1 width=6)
	        Index Cond: (id = 1053885)

table 8 : explain DELETE FROM sbtest8 WHERE id=7205709
	Delete on sbtest8  (cost=0.43..8.45 rows=0 width=0)
	  ->  Index Scan using sbtest8_pkey on sbtest8  (cost=0.43..8.45 rows=1 width=6)
	        Index Cond: (id = 7205709)

for inserts
table 1 : explain INSERT INTO sbtest1 (id, k, c, pad) VALUES (6312081, 13, 'foobar', 'foobar')
	Insert on sbtest1  (cost=0.00..0.01 rows=0 width=0)
	  ->  Result  (cost=0.00..0.01 rows=1 width=736)

table 2 : explain INSERT INTO sbtest2 (id, k, c, pad) VALUES (4532525, 13, 'foobar', 'foobar')
	Insert on sbtest2  (cost=0.00..0.01 rows=0 width=0)
	  ->  Result  (cost=0.00..0.01 rows=1 width=736)

table 3 : explain INSERT INTO sbtest3 (id, k, c, pad) VALUES (1517890, 13, 'foobar', 'foobar')
	Insert on sbtest3  (cost=0.00..0.01 rows=0 width=0)
	  ->  Result  (cost=0.00..0.01 rows=1 width=736)

table 4 : explain INSERT INTO sbtest4 (id, k, c, pad) VALUES (7101088, 13, 'foobar', 'foobar')
	Insert on sbtest4  (cost=0.00..0.01 rows=0 width=0)
	  ->  Result  (cost=0.00..0.01 rows=1 width=736)

table 5 : explain INSERT INTO sbtest5 (id, k, c, pad) VALUES (4127270, 13, 'foobar', 'foobar')
	Insert on sbtest5  (cost=0.00..0.01 rows=0 width=0)
	  ->  Result  (cost=0.00..0.01 rows=1 width=736)

table 6 : explain INSERT INTO sbtest6 (id, k, c, pad) VALUES (2967903, 13, 'foobar', 'foobar')
	Insert on sbtest6  (cost=0.00..0.01 rows=0 width=0)
	  ->  Result  (cost=0.00..0.01 rows=1 width=736)

table 7 : explain INSERT INTO sbtest7 (id, k, c, pad) VALUES (2114727, 13, 'foobar', 'foobar')
	Insert on sbtest7  (cost=0.00..0.01 rows=0 width=0)
	  ->  Result  (cost=0.00..0.01 rows=1 width=736)

table 8 : explain INSERT INTO sbtest8 (id, k, c, pad) VALUES (9750502, 13, 'foobar', 'foobar')
	Insert on sbtest8  (cost=0.00..0.01 rows=0 width=0)
	  ->  Result  (cost=0.00..0.01 rows=1 width=736)

explain: for inserts :: explain INSERT INTO sbtest%u (id, k, c, pad) VALUES (%u, 13, 'foobar', 'foobar')
for: sum_ranges
table 1 : explain SELECT SUM(k) FROM sbtest1 WHERE id BETWEEN 2197209 AND 2197308
	Aggregate  (cost=357.17..357.18 rows=1 width=8)
	  ->  Index Scan using sbtest1_pkey on sbtest1  (cost=0.43..356.94 rows=92 width=4)
	        Index Cond: ((id >= 2197209) AND (id <= 2197308))

table 2 : explain SELECT SUM(k) FROM sbtest2 WHERE id BETWEEN 2481619 AND 2481718
	Aggregate  (cost=391.00..391.01 rows=1 width=8)
	  ->  Index Scan using sbtest2_pkey on sbtest2  (cost=0.43..390.74 rows=101 width=4)
	        Index Cond: ((id >= 2481619) AND (id <= 2481718))

table 3 : explain SELECT SUM(k) FROM sbtest3 WHERE id BETWEEN 236741 AND 236840
	Aggregate  (cost=398.02..398.03 rows=1 width=8)
	  ->  Index Scan using sbtest3_pkey on sbtest3  (cost=0.43..397.76 rows=103 width=4)
	        Index Cond: ((id >= 236741) AND (id <= 236840))

table 4 : explain SELECT SUM(k) FROM sbtest4 WHERE id BETWEEN 6763490 AND 6763589
	Aggregate  (cost=373.93..373.94 rows=1 width=8)
	  ->  Index Scan using sbtest4_pkey on sbtest4  (cost=0.43..373.69 rows=97 width=4)
	        Index Cond: ((id >= 6763490) AND (id <= 6763589))

table 5 : explain SELECT SUM(k) FROM sbtest5 WHERE id BETWEEN 7534106 AND 7534205
	Aggregate  (cost=383.53..383.54 rows=1 width=8)
	  ->  Index Scan using sbtest5_pkey on sbtest5  (cost=0.43..383.29 rows=99 width=4)
	        Index Cond: ((id >= 7534106) AND (id <= 7534205))

table 6 : explain SELECT SUM(k) FROM sbtest6 WHERE id BETWEEN 6732848 AND 6732947
	Aggregate  (cost=336.61..336.62 rows=1 width=8)
	  ->  Index Scan using sbtest6_pkey on sbtest6  (cost=0.43..336.39 rows=87 width=4)
	        Index Cond: ((id >= 6732848) AND (id <= 6732947))

table 7 : explain SELECT SUM(k) FROM sbtest7 WHERE id BETWEEN 9810211 AND 9810310
	Aggregate  (cost=409.94..409.95 rows=1 width=8)
	  ->  Index Scan using sbtest7_pkey on sbtest7  (cost=0.43..409.67 rows=106 width=4)
	        Index Cond: ((id >= 9810211) AND (id <= 9810310))

table 8 : explain SELECT SUM(k) FROM sbtest8 WHERE id BETWEEN 8580282 AND 8580381
	Aggregate  (cost=365.16..365.17 rows=1 width=8)
	  ->  Index Scan using sbtest8_pkey on sbtest8  (cost=0.43..364.93 rows=95 width=4)
	        Index Cond: ((id >= 8580282) AND (id <= 8580381))

for: distinct_ranges
table 1 : explain SELECT DISTINCT c FROM sbtest1 WHERE id BETWEEN 8290940 AND 8291039 ORDER BY c
	Unique  (cost=367.67..368.14 rows=94 width=121)
	  ->  Sort  (cost=367.67..367.91 rows=94 width=121)
	        Sort Key: c
	        ->  Index Scan using sbtest1_pkey on sbtest1  (cost=0.43..364.59 rows=94 width=121)
	              Index Cond: ((id >= 8290940) AND (id <= 8291039))

table 2 : explain SELECT DISTINCT c FROM sbtest2 WHERE id BETWEEN 1544377 AND 1544476 ORDER BY c
	Unique  (cost=386.38..386.88 rows=99 width=121)
	  ->  Sort  (cost=386.38..386.63 rows=99 width=121)
	        Sort Key: c
	        ->  Index Scan using sbtest2_pkey on sbtest2  (cost=0.43..383.10 rows=99 width=121)
	              Index Cond: ((id >= 1544377) AND (id <= 1544476))

table 3 : explain SELECT DISTINCT c FROM sbtest3 WHERE id BETWEEN 1869690 AND 1869789 ORDER BY c
	Unique  (cost=374.22..374.70 rows=96 width=121)
	  ->  Sort  (cost=374.22..374.46 rows=96 width=121)
	        Sort Key: c
	        ->  Index Scan using sbtest3_pkey on sbtest3  (cost=0.43..371.06 rows=96 width=121)
	              Index Cond: ((id >= 1869690) AND (id <= 1869789))

table 4 : explain SELECT DISTINCT c FROM sbtest4 WHERE id BETWEEN 4442724 AND 4442823 ORDER BY c
	Unique  (cost=396.11..396.62 rows=102 width=121)
	  ->  Sort  (cost=396.11..396.36 rows=102 width=121)
	        Sort Key: c
	        ->  Index Scan using sbtest4_pkey on sbtest4  (cost=0.43..392.70 rows=102 width=121)
	              Index Cond: ((id >= 4442724) AND (id <= 4442823))

table 5 : explain SELECT DISTINCT c FROM sbtest5 WHERE id BETWEEN 8311495 AND 8311594 ORDER BY c
	Unique  (cost=402.02..402.54 rows=103 width=121)
	  ->  Sort  (cost=402.02..402.28 rows=103 width=121)
	        Sort Key: c
	        ->  Index Scan using sbtest5_pkey on sbtest5  (cost=0.43..398.58 rows=103 width=121)
	              Index Cond: ((id >= 8311495) AND (id <= 8311594))

table 6 : explain SELECT DISTINCT c FROM sbtest6 WHERE id BETWEEN 6606343 AND 6606442 ORDER BY c
	Unique  (cost=412.44..412.97 rows=106 width=121)
	  ->  Sort  (cost=412.44..412.71 rows=106 width=121)
	        Sort Key: c
	        ->  Index Scan using sbtest6_pkey on sbtest6  (cost=0.43..408.88 rows=106 width=121)
	              Index Cond: ((id >= 6606343) AND (id <= 6606442))

table 7 : explain SELECT DISTINCT c FROM sbtest7 WHERE id BETWEEN 2019754 AND 2019853 ORDER BY c
	Unique  (cost=382.36..382.85 rows=98 width=121)
	  ->  Sort  (cost=382.36..382.60 rows=98 width=121)
	        Sort Key: c
	        ->  Index Scan using sbtest7_pkey on sbtest7  (cost=0.43..379.12 rows=98 width=121)
	              Index Cond: ((id >= 2019754) AND (id <= 2019853))

table 8 : explain SELECT DISTINCT c FROM sbtest8 WHERE id BETWEEN 8731402 AND 8731501 ORDER BY c
	Unique  (cost=387.20..387.70 rows=100 width=121)
	  ->  Sort  (cost=387.20..387.45 rows=100 width=121)
	        Sort Key: c
	        ->  Index Scan using sbtest8_pkey on sbtest8  (cost=0.43..383.88 rows=100 width=121)
	              Index Cond: ((id >= 8731402) AND (id <= 8731501))

for deletes
table 1 : explain DELETE FROM sbtest1 WHERE id=1650874
	Delete on sbtest1  (cost=0.43..8.45 rows=0 width=0)
	  ->  Index Scan using sbtest1_pkey on sbtest1  (cost=0.43..8.45 rows=1 width=6)
	        Index Cond: (id = 1650874)

table 2 : explain DELETE FROM sbtest2 WHERE id=7271271
	Delete on sbtest2  (cost=0.43..8.45 rows=0 width=0)
	  ->  Index Scan using sbtest2_pkey on sbtest2  (cost=0.43..8.45 rows=1 width=6)
	        Index Cond: (id = 7271271)

table 3 : explain DELETE FROM sbtest3 WHERE id=9557840
	Delete on sbtest3  (cost=0.43..8.45 rows=0 width=0)
	  ->  Index Scan using sbtest3_pkey on sbtest3  (cost=0.43..8.45 rows=1 width=6)
	        Index Cond: (id = 9557840)

table 4 : explain DELETE FROM sbtest4 WHERE id=1744203
	Delete on sbtest4  (cost=0.43..8.45 rows=0 width=0)
	  ->  Index Scan using sbtest4_pkey on sbtest4  (cost=0.43..8.45 rows=1 width=6)
	        Index Cond: (id = 1744203)

table 5 : explain DELETE FROM sbtest5 WHERE id=7073619
	Delete on sbtest5  (cost=0.43..8.45 rows=0 width=0)
	  ->  Index Scan using sbtest5_pkey on sbtest5  (cost=0.43..8.45 rows=1 width=6)
	        Index Cond: (id = 7073619)

table 6 : explain DELETE FROM sbtest6 WHERE id=3474746
	Delete on sbtest6  (cost=0.43..8.45 rows=0 width=0)
	  ->  Index Scan using sbtest6_pkey on sbtest6  (cost=0.43..8.45 rows=1 width=6)
	        Index Cond: (id = 3474746)

table 7 : explain DELETE FROM sbtest7 WHERE id=3656567
	Delete on sbtest7  (cost=0.43..8.45 rows=0 width=0)
	  ->  Index Scan using sbtest7_pkey on sbtest7  (cost=0.43..8.45 rows=1 width=6)
	        Index Cond: (id = 3656567)

table 8 : explain DELETE FROM sbtest8 WHERE id=6563025
	Delete on sbtest8  (cost=0.43..8.45 rows=0 width=0)
	  ->  Index Scan using sbtest8_pkey on sbtest8  (cost=0.43..8.45 rows=1 width=6)
	        Index Cond: (id = 6563025)

explain: for index_updates :: explain UPDATE sbtest%u SET k=k+1 WHERE id=%u
for inserts
table 1 : explain INSERT INTO sbtest1 (id, k, c, pad) VALUES (3847359, 13, 'foobar', 'foobar')
	Insert on sbtest1  (cost=0.00..0.01 rows=0 width=0)
	  ->  Result  (cost=0.00..0.01 rows=1 width=736)

table 2 : explain INSERT INTO sbtest2 (id, k, c, pad) VALUES (8381733, 13, 'foobar', 'foobar')
	Insert on sbtest2  (cost=0.00..0.01 rows=0 width=0)
	  ->  Result  (cost=0.00..0.01 rows=1 width=736)

table 3 : explain INSERT INTO sbtest3 (id, k, c, pad) VALUES (4150747, 13, 'foobar', 'foobar')
	Insert on sbtest3  (cost=0.00..0.01 rows=0 width=0)
	  ->  Result  (cost=0.00..0.01 rows=1 width=736)

table 4 : explain INSERT INTO sbtest4 (id, k, c, pad) VALUES (5380746, 13, 'foobar', 'foobar')
	Insert on sbtest4  (cost=0.00..0.01 rows=0 width=0)
	  ->  Result  (cost=0.00..0.01 rows=1 width=736)

table 5 : explain INSERT INTO sbtest5 (id, k, c, pad) VALUES (6257813, 13, 'foobar', 'foobar')
	Insert on sbtest5  (cost=0.00..0.01 rows=0 width=0)
	  ->  Result  (cost=0.00..0.01 rows=1 width=736)

table 6 : explain INSERT INTO sbtest6 (id, k, c, pad) VALUES (2399789, 13, 'foobar', 'foobar')
	Insert on sbtest6  (cost=0.00..0.01 rows=0 width=0)
	  ->  Result  (cost=0.00..0.01 rows=1 width=736)

table 7 : explain INSERT INTO sbtest7 (id, k, c, pad) VALUES (4785592, 13, 'foobar', 'foobar')
	Insert on sbtest7  (cost=0.00..0.01 rows=0 width=0)
	  ->  Result  (cost=0.00..0.01 rows=1 width=736)

table 8 : explain INSERT INTO sbtest8 (id, k, c, pad) VALUES (2037838, 13, 'foobar', 'foobar')
	Insert on sbtest8  (cost=0.00..0.01 rows=0 width=0)
	  ->  Result  (cost=0.00..0.01 rows=1 width=736)

explain: for inserts :: explain INSERT INTO sbtest%u (id, k, c, pad) VALUES (%u, 13, 'foobar', 'foobar')
explain: for index_updates :: explain UPDATE sbtest%u SET k=k+1 WHERE id=%u
for point_selects
table 1 : explain SELECT c FROM sbtest1 WHERE id=9481034
	Index Scan using sbtest1_pkey on sbtest1  (cost=0.43..8.45 rows=1 width=121)
	  Index Cond: (id = 9481034)

table 2 : explain SELECT c FROM sbtest2 WHERE id=618131
	Index Scan using sbtest2_pkey on sbtest2  (cost=0.43..8.45 rows=1 width=121)
	  Index Cond: (id = 618131)

table 3 : explain SELECT c FROM sbtest3 WHERE id=5207638
	Index Scan using sbtest3_pkey on sbtest3  (cost=0.43..8.45 rows=1 width=121)
	  Index Cond: (id = 5207638)

table 4 : explain SELECT c FROM sbtest4 WHERE id=6676087
	Index Scan using sbtest4_pkey on sbtest4  (cost=0.43..8.45 rows=1 width=121)
	  Index Cond: (id = 6676087)

table 5 : explain SELECT c FROM sbtest5 WHERE id=23873
	Index Scan using sbtest5_pkey on sbtest5  (cost=0.43..8.45 rows=1 width=121)
	  Index Cond: (id = 23873)

table 6 : explain SELECT c FROM sbtest6 WHERE id=9191302
	Index Scan using sbtest6_pkey on sbtest6  (cost=0.43..8.45 rows=1 width=121)
	  Index Cond: (id = 9191302)

table 7 : explain SELECT c FROM sbtest7 WHERE id=8772263
	Index Scan using sbtest7_pkey on sbtest7  (cost=0.43..8.45 rows=1 width=121)
	  Index Cond: (id = 8772263)

table 8 : explain SELECT c FROM sbtest8 WHERE id=2165910
	Index Scan using sbtest8_pkey on sbtest8  (cost=0.43..8.45 rows=1 width=121)
	  Index Cond: (id = 2165910)

for point_selects
table 1 : explain SELECT c FROM sbtest1 WHERE id=9617604
	Index Scan using sbtest1_pkey on sbtest1  (cost=0.43..8.45 rows=1 width=121)
	  Index Cond: (id = 9617604)

table 2 : explain SELECT c FROM sbtest2 WHERE id=1515217
	Index Scan using sbtest2_pkey on sbtest2  (cost=0.43..8.45 rows=1 width=121)
	  Index Cond: (id = 1515217)

table 3 : explain SELECT c FROM sbtest3 WHERE id=7166935
	Index Scan using sbtest3_pkey on sbtest3  (cost=0.43..8.45 rows=1 width=121)
	  Index Cond: (id = 7166935)

table 4 : explain SELECT c FROM sbtest4 WHERE id=7511001
	Index Scan using sbtest4_pkey on sbtest4  (cost=0.43..8.45 rows=1 width=121)
	  Index Cond: (id = 7511001)

table 5 : explain SELECT c FROM sbtest5 WHERE id=3145459
	Index Scan using sbtest5_pkey on sbtest5  (cost=0.43..8.45 rows=1 width=121)
	  Index Cond: (id = 3145459)

table 6 : explain SELECT c FROM sbtest6 WHERE id=5654377
	Index Scan using sbtest6_pkey on sbtest6  (cost=0.43..8.45 rows=1 width=121)
	  Index Cond: (id = 5654377)

table 7 : explain SELECT c FROM sbtest7 WHERE id=3303609
	Index Scan using sbtest7_pkey on sbtest7  (cost=0.43..8.45 rows=1 width=121)
	  Index Cond: (id = 3303609)

table 8 : explain SELECT c FROM sbtest8 WHERE id=5526637
	Index Scan using sbtest8_pkey on sbtest8  (cost=0.43..8.45 rows=1 width=121)
	  Index Cond: (id = 5526637)

for inserts
table 1 : explain INSERT INTO sbtest1 (id, k, c, pad) VALUES (6453632, 13, 'foobar', 'foobar')
	Insert on sbtest1  (cost=0.00..0.01 rows=0 width=0)
	  ->  Result  (cost=0.00..0.01 rows=1 width=736)

table 2 : explain INSERT INTO sbtest2 (id, k, c, pad) VALUES (6580162, 13, 'foobar', 'foobar')
	Insert on sbtest2  (cost=0.00..0.01 rows=0 width=0)
	  ->  Result  (cost=0.00..0.01 rows=1 width=736)

table 3 : explain INSERT INTO sbtest3 (id, k, c, pad) VALUES (8701402, 13, 'foobar', 'foobar')
	Insert on sbtest3  (cost=0.00..0.01 rows=0 width=0)
	  ->  Result  (cost=0.00..0.01 rows=1 width=736)

table 4 : explain INSERT INTO sbtest4 (id, k, c, pad) VALUES (6291088, 13, 'foobar', 'foobar')
	Insert on sbtest4  (cost=0.00..0.01 rows=0 width=0)
	  ->  Result  (cost=0.00..0.01 rows=1 width=736)

table 5 : explain INSERT INTO sbtest5 (id, k, c, pad) VALUES (4862513, 13, 'foobar', 'foobar')
	Insert on sbtest5  (cost=0.00..0.01 rows=0 width=0)
	  ->  Result  (cost=0.00..0.01 rows=1 width=736)

table 6 : explain INSERT INTO sbtest6 (id, k, c, pad) VALUES (6413062, 13, 'foobar', 'foobar')
	Insert on sbtest6  (cost=0.00..0.01 rows=0 width=0)
	  ->  Result  (cost=0.00..0.01 rows=1 width=736)

table 7 : explain INSERT INTO sbtest7 (id, k, c, pad) VALUES (3411257, 13, 'foobar', 'foobar')
	Insert on sbtest7  (cost=0.00..0.01 rows=0 width=0)
	  ->  Result  (cost=0.00..0.01 rows=1 width=736)

table 8 : explain INSERT INTO sbtest8 (id, k, c, pad) VALUES (7049596, 13, 'foobar', 'foobar')
	Insert on sbtest8  (cost=0.00..0.01 rows=0 width=0)
	  ->  Result  (cost=0.00..0.01 rows=1 width=736)

explain: for inserts :: explain INSERT INTO sbtest%u (id, k, c, pad) VALUES (%u, 13, 'foobar', 'foobar')
for index_updates
table 1 : explain UPDATE sbtest1 SET k=k+1 WHERE id=3767110
	Update on sbtest1  (cost=0.43..8.46 rows=0 width=0)
	  ->  Index Scan using sbtest1_pkey on sbtest1  (cost=0.43..8.46 rows=1 width=10)
	        Index Cond: (id = 3767110)

table 2 : explain UPDATE sbtest2 SET k=k+1 WHERE id=8306812
	Update on sbtest2  (cost=0.43..8.46 rows=0 width=0)
	  ->  Index Scan using sbtest2_pkey on sbtest2  (cost=0.43..8.46 rows=1 width=10)
	        Index Cond: (id = 8306812)

table 3 : explain UPDATE sbtest3 SET k=k+1 WHERE id=5088740
	Update on sbtest3  (cost=0.43..8.46 rows=0 width=0)
	  ->  Index Scan using sbtest3_pkey on sbtest3  (cost=0.43..8.46 rows=1 width=10)
	        Index Cond: (id = 5088740)

table 4 : explain UPDATE sbtest4 SET k=k+1 WHERE id=6674892
	Update on sbtest4  (cost=0.43..8.46 rows=0 width=0)
	  ->  Index Scan using sbtest4_pkey on sbtest4  (cost=0.43..8.46 rows=1 width=10)
	        Index Cond: (id = 6674892)

table 5 : explain UPDATE sbtest5 SET k=k+1 WHERE id=7481936
	Update on sbtest5  (cost=0.43..8.46 rows=0 width=0)
	  ->  Index Scan using sbtest5_pkey on sbtest5  (cost=0.43..8.46 rows=1 width=10)
	        Index Cond: (id = 7481936)

table 6 : explain UPDATE sbtest6 SET k=k+1 WHERE id=8670144
	Update on sbtest6  (cost=0.43..8.46 rows=0 width=0)
	  ->  Index Scan using sbtest6_pkey on sbtest6  (cost=0.43..8.46 rows=1 width=10)
	        Index Cond: (id = 8670144)

table 7 : explain UPDATE sbtest7 SET k=k+1 WHERE id=74585
	Update on sbtest7  (cost=0.43..8.46 rows=0 width=0)
	  ->  Index Scan using sbtest7_pkey on sbtest7  (cost=0.43..8.46 rows=1 width=10)
	        Index Cond: (id = 74585)

table 8 : explain UPDATE sbtest8 SET k=k+1 WHERE id=800518
	Update on sbtest8  (cost=0.43..8.46 rows=0 width=0)
	  ->  Index Scan using sbtest8_pkey on sbtest8  (cost=0.43..8.46 rows=1 width=10)
	        Index Cond: (id = 800518)

explain: for point_selects :: explain SELECT c FROM sbtest%u WHERE id=%u
for: order_ranges
table 1 : explain SELECT c FROM sbtest1 WHERE id BETWEEN 4339077 AND 4339176 ORDER BY c
	Sort  (cost=398.67..398.93 rows=102 width=121)
	  Sort Key: c
	  ->  Index Scan using sbtest1_pkey on sbtest1  (cost=0.43..395.27 rows=102 width=121)
	        Index Cond: ((id >= 4339077) AND (id <= 4339176))

table 2 : explain SELECT c FROM sbtest2 WHERE id BETWEEN 5804609 AND 5804708 ORDER BY c
	Sort  (cost=390.24..390.49 rows=100 width=121)
	  Sort Key: c
	  ->  Index Scan using sbtest2_pkey on sbtest2  (cost=0.43..386.92 rows=100 width=121)
	        Index Cond: ((id >= 5804609) AND (id <= 5804708))

table 3 : explain SELECT c FROM sbtest3 WHERE id BETWEEN 7945086 AND 7945185 ORDER BY c
	Sort  (cost=370.36..370.60 rows=95 width=121)
	  Sort Key: c
	  ->  Index Scan using sbtest3_pkey on sbtest3  (cost=0.43..367.24 rows=95 width=121)
	        Index Cond: ((id >= 7945086) AND (id <= 7945185))

table 4 : explain SELECT c FROM sbtest4 WHERE id BETWEEN 5773846 AND 5773945 ORDER BY c
	Sort  (cost=373.05..373.29 rows=96 width=121)
	  Sort Key: c
	  ->  Index Scan using sbtest4_pkey on sbtest4  (cost=0.43..369.89 rows=96 width=121)
	        Index Cond: ((id >= 5773846) AND (id <= 5773945))

table 5 : explain SELECT c FROM sbtest5 WHERE id BETWEEN 204911 AND 205010 ORDER BY c
	Sort  (cost=367.25..367.49 rows=94 width=121)
	  Sort Key: c
	  ->  Index Scan using sbtest5_pkey on sbtest5  (cost=0.43..364.17 rows=94 width=121)
	        Index Cond: ((id >= 204911) AND (id <= 205010))

table 6 : explain SELECT c FROM sbtest6 WHERE id BETWEEN 3956438 AND 3956537 ORDER BY c
	Sort  (cost=362.36..362.59 rows=93 width=121)
	  Sort Key: c
	  ->  Index Scan using sbtest6_pkey on sbtest6  (cost=0.43..359.32 rows=93 width=121)
	        Index Cond: ((id >= 3956438) AND (id <= 3956537))

table 7 : explain SELECT c FROM sbtest7 WHERE id BETWEEN 6145134 AND 6145233 ORDER BY c
	Sort  (cost=401.66..401.92 rows=103 width=121)
	  Sort Key: c
	  ->  Index Scan using sbtest7_pkey on sbtest7  (cost=0.43..398.21 rows=103 width=121)
	        Index Cond: ((id >= 6145134) AND (id <= 6145233))

table 8 : explain SELECT c FROM sbtest8 WHERE id BETWEEN 3440799 AND 3440898 ORDER BY c
	Sort  (cost=379.54..379.78 rows=98 width=121)
	  Sort Key: c
	  ->  Index Scan using sbtest8_pkey on sbtest8  (cost=0.43..376.30 rows=98 width=121)
	        Index Cond: ((id >= 3440799) AND (id <= 3440898))

explain: for point_selects :: explain SELECT c FROM sbtest%u WHERE id=%u
for point_selects
table 1 : explain SELECT c FROM sbtest1 WHERE id=5327707
	Index Scan using sbtest1_pkey on sbtest1  (cost=0.43..8.45 rows=1 width=121)
	  Index Cond: (id = 5327707)

table 2 : explain SELECT c FROM sbtest2 WHERE id=925794
	Index Scan using sbtest2_pkey on sbtest2  (cost=0.43..8.45 rows=1 width=121)
	  Index Cond: (id = 925794)

table 3 : explain SELECT c FROM sbtest3 WHERE id=3465801
	Index Scan using sbtest3_pkey on sbtest3  (cost=0.43..8.45 rows=1 width=121)
	  Index Cond: (id = 3465801)

table 4 : explain SELECT c FROM sbtest4 WHERE id=3409416
	Index Scan using sbtest4_pkey on sbtest4  (cost=0.43..8.45 rows=1 width=121)
	  Index Cond: (id = 3409416)

table 5 : explain SELECT c FROM sbtest5 WHERE id=3020393
	Index Scan using sbtest5_pkey on sbtest5  (cost=0.43..8.45 rows=1 width=121)
	  Index Cond: (id = 3020393)

table 6 : explain SELECT c FROM sbtest6 WHERE id=5448057
	Index Scan using sbtest6_pkey on sbtest6  (cost=0.43..8.45 rows=1 width=121)
	  Index Cond: (id = 5448057)

table 7 : explain SELECT c FROM sbtest7 WHERE id=7856039
	Index Scan using sbtest7_pkey on sbtest7  (cost=0.43..8.45 rows=1 width=121)
	  Index Cond: (id = 7856039)

table 8 : explain SELECT c FROM sbtest8 WHERE id=9913589
	Index Scan using sbtest8_pkey on sbtest8  (cost=0.43..8.45 rows=1 width=121)
	  Index Cond: (id = 9913589)
explain: for point_selects :: explain SELECT c FROM sbtest%u WHERE id=%u
explain: for point_selects :: explain SELECT c FROM sbtest%u WHERE id=%u

explain: for point_selects :: explain SELECT c FROM sbtest%u WHERE id=%u
for deletes
table 1 : explain DELETE FROM sbtest1 WHERE id=711680
	Delete on sbtest1  (cost=0.43..8.45 rows=0 width=0)
	  ->  Index Scan using sbtest1_pkey on sbtest1  (cost=0.43..8.45 rows=1 width=6)
	        Index Cond: (id = 711680)

table 2 : explain DELETE FROM sbtest2 WHERE id=9826164
	Delete on sbtest2  (cost=0.43..8.45 rows=0 width=0)
	  ->  Index Scan using sbtest2_pkey on sbtest2  (cost=0.43..8.45 rows=1 width=6)
	        Index Cond: (id = 9826164)

table 3 : explain DELETE FROM sbtest3 WHERE id=4812751
	Delete on sbtest3  (cost=0.43..8.45 rows=0 width=0)
	  ->  Index Scan using sbtest3_pkey on sbtest3  (cost=0.43..8.45 rows=1 width=6)
	        Index Cond: (id = 4812751)

table 4 : explain DELETE FROM sbtest4 WHERE id=8712517
	Delete on sbtest4  (cost=0.43..8.45 rows=0 width=0)
	  ->  Index Scan using sbtest4_pkey on sbtest4  (cost=0.43..8.45 rows=1 width=6)
	        Index Cond: (id = 8712517)

table 5 : explain DELETE FROM sbtest5 WHERE id=16752
	Delete on sbtest5  (cost=0.43..8.45 rows=0 width=0)
	  ->  Index Scan using sbtest5_pkey on sbtest5  (cost=0.43..8.45 rows=1 width=6)
	        Index Cond: (id = 16752)

table 6 : explain DELETE FROM sbtest6 WHERE id=9477735
	Delete on sbtest6  (cost=0.43..8.45 rows=0 width=0)
	  ->  Index Scan using sbtest6_pkey on sbtest6  (cost=0.43..8.45 rows=1 width=6)
	        Index Cond: (id = 9477735)

table 7 : explain DELETE FROM sbtest7 WHERE id=686706
	Delete on sbtest7  (cost=0.43..8.45 rows=0 width=0)
	  ->  Index Scan using sbtest7_pkey on sbtest7  (cost=0.43..8.45 rows=1 width=6)
	        Index Cond: (id = 686706)

table 8 : explain DELETE FROM sbtest8 WHERE id=5955973
	Delete on sbtest8  (cost=0.43..8.45 rows=0 width=0)
	  ->  Index Scan using sbtest8_pkey on sbtest8  (cost=0.43..8.45 rows=1 width=6)
	        Index Cond: (id = 5955973)

explain: for non_index_updates :: explain UPDATE sbtest%u SET c='foobar' WHERE id=%u
for index_updates
table 1 : explain UPDATE sbtest1 SET k=k+1 WHERE id=5817844
	Update on sbtest1  (cost=0.43..8.46 rows=0 width=0)
	  ->  Index Scan using sbtest1_pkey on sbtest1  (cost=0.43..8.46 rows=1 width=10)
	        Index Cond: (id = 5817844)

table 2 : explain UPDATE sbtest2 SET k=k+1 WHERE id=4044551
	Update on sbtest2  (cost=0.43..8.46 rows=0 width=0)
	  ->  Index Scan using sbtest2_pkey on sbtest2  (cost=0.43..8.46 rows=1 width=10)
	        Index Cond: (id = 4044551)

table 3 : explain UPDATE sbtest3 SET k=k+1 WHERE id=2608647
	Update on sbtest3  (cost=0.43..8.46 rows=0 width=0)
	  ->  Index Scan using sbtest3_pkey on sbtest3  (cost=0.43..8.46 rows=1 width=10)
	        Index Cond: (id = 2608647)

table 4 : explain UPDATE sbtest4 SET k=k+1 WHERE id=5672754
	Update on sbtest4  (cost=0.43..8.46 rows=0 width=0)
	  ->  Index Scan using sbtest4_pkey on sbtest4  (cost=0.43..8.46 rows=1 width=10)
	        Index Cond: (id = 5672754)

table 5 : explain UPDATE sbtest5 SET k=k+1 WHERE id=8353681
	Update on sbtest5  (cost=0.43..8.46 rows=0 width=0)
	  ->  Index Scan using sbtest5_pkey on sbtest5  (cost=0.43..8.46 rows=1 width=10)
	        Index Cond: (id = 8353681)

table 6 : explain UPDATE sbtest6 SET k=k+1 WHERE id=4282776
	Update on sbtest6  (cost=0.43..8.46 rows=0 width=0)
	  ->  Index Scan using sbtest6_pkey on sbtest6  (cost=0.43..8.46 rows=1 width=10)
	        Index Cond: (id = 4282776)

table 7 : explain UPDATE sbtest7 SET k=k+1 WHERE id=9374014
	Update on sbtest7  (cost=0.43..8.46 rows=0 width=0)
	  ->  Index Scan using sbtest7_pkey on sbtest7  (cost=0.43..8.46 rows=1 width=10)
	        Index Cond: (id = 9374014)

table 8 : explain UPDATE sbtest8 SET k=k+1 WHERE id=3824694
	Update on sbtest8  (cost=0.43..8.46 rows=0 width=0)
	  ->  Index Scan using sbtest8_pkey on sbtest8  (cost=0.43..8.46 rows=1 width=10)
	        Index Cond: (id = 3824694)

for: simple_ranges
table 1 : explain SELECT c FROM sbtest1 WHERE id BETWEEN 5906960 AND 5907059
	Index Scan using sbtest1_pkey on sbtest1  (cost=0.43..353.11 rows=91 width=121)
	  Index Cond: ((id >= 5906960) AND (id <= 5907059))

table 2 : explain SELECT c FROM sbtest2 WHERE id BETWEEN 1254017 AND 1254116
	Index Scan using sbtest2_pkey on sbtest2  (cost=0.43..383.10 rows=99 width=121)
	  Index Cond: ((id >= 1254017) AND (id <= 1254116))

table 3 : explain SELECT c FROM sbtest3 WHERE id BETWEEN 6793450 AND 6793549
	Index Scan using sbtest3_pkey on sbtest3  (cost=0.43..374.87 rows=97 width=121)
	  Index Cond: ((id >= 6793450) AND (id <= 6793549))

table 4 : explain SELECT c FROM sbtest4 WHERE id BETWEEN 5522209 AND 5522308
	Index Scan using sbtest4_pkey on sbtest4  (cost=0.43..366.03 rows=95 width=121)
	  Index Cond: ((id >= 5522209) AND (id <= 5522308))

table 5 : explain SELECT c FROM sbtest5 WHERE id BETWEEN 2153942 AND 2154041
	Index Scan using sbtest5_pkey on sbtest5  (cost=0.43..367.99 rows=95 width=121)
	  Index Cond: ((id >= 2153942) AND (id <= 2154041))

table 6 : explain SELECT c FROM sbtest6 WHERE id BETWEEN 4659735 AND 4659834
	Index Scan using sbtest6_pkey on sbtest6  (cost=0.43..370.75 rows=96 width=121)
	  Index Cond: ((id >= 4659735) AND (id <= 4659834))

table 7 : explain SELECT c FROM sbtest7 WHERE id BETWEEN 7426986 AND 7427085
	Index Scan using sbtest7_pkey on sbtest7  (cost=0.43..363.84 rows=94 width=121)
	  Index Cond: ((id >= 7426986) AND (id <= 7427085))

table 8 : explain SELECT c FROM sbtest8 WHERE id BETWEEN 3258005 AND 3258104
	Index Scan using sbtest8_pkey on sbtest8  (cost=0.43..391.46 rows=102 width=121)
	  Index Cond: ((id >= 3258005) AND (id <= 3258104))

for: simple_ranges
table 1 : explain SELECT c FROM sbtest1 WHERE id BETWEEN 2822303 AND 2822402
	Index Scan using sbtest1_pkey on sbtest1  (cost=0.43..368.42 rows=95 width=121)
	  Index Cond: ((id >= 2822303) AND (id <= 2822402))

table 2 : explain SELECT c FROM sbtest2 WHERE id BETWEEN 5478496 AND 5478595
	Index Scan using sbtest2_pkey on sbtest2  (cost=0.43..379.28 rows=98 width=121)
	  Index Cond: ((id >= 5478496) AND (id <= 5478595))

table 3 : explain SELECT c FROM sbtest3 WHERE id BETWEEN 4756901 AND 4757000
	Index Scan using sbtest3_pkey on sbtest3  (cost=0.43..416.84 rows=108 width=121)
	  Index Cond: ((id >= 4756901) AND (id <= 4757000))

table 4 : explain SELECT c FROM sbtest4 WHERE id BETWEEN 126710 AND 126809
	Index Scan using sbtest4_pkey on sbtest4  (cost=0.43..373.69 rows=97 width=121)
	  Index Cond: ((id >= 126710) AND (id <= 126809))

table 5 : explain SELECT c FROM sbtest5 WHERE id BETWEEN 967892 AND 967991
	Index Scan using sbtest5_pkey on sbtest5  (cost=0.43..348.88 rows=90 width=121)
	  Index Cond: ((id >= 967892) AND (id <= 967991))

table 6 : explain SELECT c FROM sbtest6 WHERE id BETWEEN 7274432 AND 7274531
	Index Scan using sbtest6_pkey on sbtest6  (cost=0.43..347.83 rows=90 width=121)
	  Index Cond: ((id >= 7274432) AND (id <= 7274531))

table 7 : explain SELECT c FROM sbtest7 WHERE id BETWEEN 7795138 AND 7795237
	Index Scan using sbtest7_pkey on sbtest7  (cost=0.43..371.48 rows=96 width=121)
	  Index Cond: ((id >= 7795138) AND (id <= 7795237))

table 8 : explain SELECT c FROM sbtest8 WHERE id BETWEEN 9458999 AND 9459098
	Index Scan using sbtest8_pkey on sbtest8  (cost=0.43..380.09 rows=99 width=121)
	  Index Cond: ((id >= 9458999) AND (id <= 9459098))

explain: for point_selects :: explain SELECT c FROM sbtest%u WHERE id=%u
explain: for point_selects :: explain SELECT c FROM sbtest%u WHERE id=%u
for inserts
table 1 : explain INSERT INTO sbtest1 (id, k, c, pad) VALUES (7231964, 13, 'foobar', 'foobar')
	Insert on sbtest1  (cost=0.00..0.01 rows=0 width=0)
	  ->  Result  (cost=0.00..0.01 rows=1 width=736)

table 2 : explain INSERT INTO sbtest2 (id, k, c, pad) VALUES (3959190, 13, 'foobar', 'foobar')
	Insert on sbtest2  (cost=0.00..0.01 rows=0 width=0)
	  ->  Result  (cost=0.00..0.01 rows=1 width=736)

table 3 : explain INSERT INTO sbtest3 (id, k, c, pad) VALUES (5487464, 13, 'foobar', 'foobar')
	Insert on sbtest3  (cost=0.00..0.01 rows=0 width=0)
	  ->  Result  (cost=0.00..0.01 rows=1 width=736)

table 4 : explain INSERT INTO sbtest4 (id, k, c, pad) VALUES (4422603, 13, 'foobar', 'foobar')
	Insert on sbtest4  (cost=0.00..0.01 rows=0 width=0)
	  ->  Result  (cost=0.00..0.01 rows=1 width=736)

table 5 : explain INSERT INTO sbtest5 (id, k, c, pad) VALUES (7278479, 13, 'foobar', 'foobar')
	Insert on sbtest5  (cost=0.00..0.01 rows=0 width=0)
	  ->  Result  (cost=0.00..0.01 rows=1 width=736)

table 6 : explain INSERT INTO sbtest6 (id, k, c, pad) VALUES (3512502, 13, 'foobar', 'foobar')
	Insert on sbtest6  (cost=0.00..0.01 rows=0 width=0)
	  ->  Result  (cost=0.00..0.01 rows=1 width=736)

table 7 : explain INSERT INTO sbtest7 (id, k, c, pad) VALUES (9772825, 13, 'foobar', 'foobar')
	Insert on sbtest7  (cost=0.00..0.01 rows=0 width=0)
	  ->  Result  (cost=0.00..0.01 rows=1 width=736)

table 8 : explain INSERT INTO sbtest8 (id, k, c, pad) VALUES (2889829, 13, 'foobar', 'foobar')
	Insert on sbtest8  (cost=0.00..0.01 rows=0 width=0)
	  ->  Result  (cost=0.00..0.01 rows=1 width=736)

explain: for point_selects :: explain SELECT c FROM sbtest%u WHERE id=%u
for non_index_updates
table 1 : explain UPDATE sbtest1 SET c='foobar' WHERE id=2767561
	Update on sbtest1  (cost=0.43..8.45 rows=0 width=0)
	  ->  Index Scan using sbtest1_pkey on sbtest1  (cost=0.43..8.45 rows=1 width=490)
	        Index Cond: (id = 2767561)

table 2 : explain UPDATE sbtest2 SET c='foobar' WHERE id=2313466
	Update on sbtest2  (cost=0.43..8.45 rows=0 width=0)
	  ->  Index Scan using sbtest2_pkey on sbtest2  (cost=0.43..8.45 rows=1 width=490)
	        Index Cond: (id = 2313466)

table 3 : explain UPDATE sbtest3 SET c='foobar' WHERE id=3129225
	Update on sbtest3  (cost=0.43..8.45 rows=0 width=0)
	  ->  Index Scan using sbtest3_pkey on sbtest3  (cost=0.43..8.45 rows=1 width=490)
	        Index Cond: (id = 3129225)

table 4 : explain UPDATE sbtest4 SET c='foobar' WHERE id=5488828
	Update on sbtest4  (cost=0.43..8.45 rows=0 width=0)
	  ->  Index Scan using sbtest4_pkey on sbtest4  (cost=0.43..8.45 rows=1 width=490)
	        Index Cond: (id = 5488828)

table 5 : explain UPDATE sbtest5 SET c='foobar' WHERE id=2063414
	Update on sbtest5  (cost=0.43..8.45 rows=0 width=0)
	  ->  Index Scan using sbtest5_pkey on sbtest5  (cost=0.43..8.45 rows=1 width=490)
	        Index Cond: (id = 2063414)

table 6 : explain UPDATE sbtest6 SET c='foobar' WHERE id=8493256
	Update on sbtest6  (cost=0.43..8.45 rows=0 width=0)
	  ->  Index Scan using sbtest6_pkey on sbtest6  (cost=0.43..8.45 rows=1 width=490)
	        Index Cond: (id = 8493256)

table 7 : explain UPDATE sbtest7 SET c='foobar' WHERE id=8165373
	Update on sbtest7  (cost=0.43..8.45 rows=0 width=0)
	  ->  Index Scan using sbtest7_pkey on sbtest7  (cost=0.43..8.45 rows=1 width=490)
	        Index Cond: (id = 8165373)

table 8 : explain UPDATE sbtest8 SET c='foobar' WHERE id=7608760
	Update on sbtest8  (cost=0.43..8.45 rows=0 width=0)
	  ->  Index Scan using sbtest8_pkey on sbtest8  (cost=0.43..8.45 rows=1 width=490)
	        Index Cond: (id = 7608760)

explain: for non_index_updates :: explain UPDATE sbtest%u SET c='foobar' WHERE id=%u
explain: for deletes :: explain DELETE FROM sbtest%u WHERE id=%u
explain: for inserts :: explain INSERT INTO sbtest%u (id, k, c, pad) VALUES (%u, 13, 'foobar', 'foobar')
for: simple_ranges
table 1 : explain SELECT c FROM sbtest1 WHERE id BETWEEN 7040820 AND 7040919
	Index Scan using sbtest1_pkey on sbtest1  (cost=0.43..376.13 rows=97 width=121)
	  Index Cond: ((id >= 7040820) AND (id <= 7040919))

table 2 : explain SELECT c FROM sbtest2 WHERE id BETWEEN 4085010 AND 4085109
	Index Scan using sbtest2_pkey on sbtest2  (cost=0.43..352.48 rows=91 width=121)
	  Index Cond: ((id >= 4085010) AND (id <= 4085109))

table 3 : explain SELECT c FROM sbtest3 WHERE id BETWEEN 6925417 AND 6925516
	Index Scan using sbtest3_pkey on sbtest3  (cost=0.43..371.06 rows=96 width=121)
	  Index Cond: ((id >= 6925417) AND (id <= 6925516))

table 4 : explain SELECT c FROM sbtest4 WHERE id BETWEEN 6366401 AND 6366500
	Index Scan using sbtest4_pkey on sbtest4  (cost=0.43..388.90 rows=101 width=121)
	  Index Cond: ((id >= 6366401) AND (id <= 6366500))

table 5 : explain SELECT c FROM sbtest5 WHERE id BETWEEN 2002170 AND 2002269
	Index Scan using sbtest5_pkey on sbtest5  (cost=0.43..406.23 rows=105 width=121)
	  Index Cond: ((id >= 2002170) AND (id <= 2002269))

table 6 : explain SELECT c FROM sbtest6 WHERE id BETWEEN 4177475 AND 4177574
	Index Scan using sbtest6_pkey on sbtest6  (cost=0.43..366.94 rows=95 width=121)
	  Index Cond: ((id >= 4177475) AND (id <= 4177574))

table 7 : explain SELECT c FROM sbtest7 WHERE id BETWEEN 8252350 AND 8252449
	Index Scan using sbtest7_pkey on sbtest7  (cost=0.43..390.57 rows=101 width=121)
	  Index Cond: ((id >= 8252350) AND (id <= 8252449))

table 8 : explain SELECT c FROM sbtest8 WHERE id BETWEEN 3169448 AND 3169547
	Index Scan using sbtest8_pkey on sbtest8  (cost=0.43..368.72 rows=96 width=121)
	  Index Cond: ((id >= 3169448) AND (id <= 3169547))

for point_selects
table 1 : explain SELECT c FROM sbtest1 WHERE id=1608521
	Index Scan using sbtest1_pkey on sbtest1  (cost=0.43..8.45 rows=1 width=121)
	  Index Cond: (id = 1608521)

table 2 : explain SELECT c FROM sbtest2 WHERE id=72475
	Index Scan using sbtest2_pkey on sbtest2  (cost=0.43..8.45 rows=1 width=121)
	  Index Cond: (id = 72475)

table 3 : explain SELECT c FROM sbtest3 WHERE id=5289040
	Index Scan using sbtest3_pkey on sbtest3  (cost=0.43..8.45 rows=1 width=121)
	  Index Cond: (id = 5289040)

table 4 : explain SELECT c FROM sbtest4 WHERE id=6819531
	Index Scan using sbtest4_pkey on sbtest4  (cost=0.43..8.45 rows=1 width=121)
	  Index Cond: (id = 6819531)

table 5 : explain SELECT c FROM sbtest5 WHERE id=6233832
	Index Scan using sbtest5_pkey on sbtest5  (cost=0.43..8.45 rows=1 width=121)
	  Index Cond: (id = 6233832)

table 6 : explain SELECT c FROM sbtest6 WHERE id=8721956
	Index Scan using sbtest6_pkey on sbtest6  (cost=0.43..8.45 rows=1 width=121)
	  Index Cond: (id = 8721956)

table 7 : explain SELECT c FROM sbtest7 WHERE id=5444022
	Index Scan using sbtest7_pkey on sbtest7  (cost=0.43..8.45 rows=1 width=121)
	  Index Cond: (id = 5444022)

table 8 : explain SELECT c FROM sbtest8 WHERE id=6709102
	Index Scan using sbtest8_pkey on sbtest8  (cost=0.43..8.45 rows=1 width=121)
	  Index Cond: (id = 6709102)

for: distinct_ranges
table 1 : explain SELECT DISTINCT c FROM sbtest1 WHERE id BETWEEN 9841014 AND 9841113 ORDER BY c
	Unique  (cost=379.33..379.81 rows=97 width=121)
	  ->  Sort  (cost=379.33..379.57 rows=97 width=121)
	        Sort Key: c
	        ->  Index Scan using sbtest1_pkey on sbtest1  (cost=0.43..376.13 rows=97 width=121)
	              Index Cond: ((id >= 9841014) AND (id <= 9841113))

table 2 : explain SELECT DISTINCT c FROM sbtest2 WHERE id BETWEEN 4493960 AND 4494059 ORDER BY c
	Unique  (cost=363.16..363.63 rows=93 width=121)
	  ->  Sort  (cost=363.16..363.40 rows=93 width=121)
	        Sort Key: c
	        ->  Index Scan using sbtest2_pkey on sbtest2  (cost=0.43..360.12 rows=93 width=121)
	              Index Cond: ((id >= 4493960) AND (id <= 4494059))

table 3 : explain SELECT DISTINCT c FROM sbtest3 WHERE id BETWEEN 7298130 AND 7298229 ORDER BY c
	Unique  (cost=401.21..401.72 rows=103 width=121)
	  ->  Sort  (cost=401.21..401.46 rows=103 width=121)
	        Sort Key: c
	        ->  Index Scan using sbtest3_pkey on sbtest3  (cost=0.43..397.76 rows=103 width=121)
	              Index Cond: ((id >= 7298130) AND (id <= 7298229))

table 4 : explain SELECT DISTINCT c FROM sbtest4 WHERE id BETWEEN 6494000 AND 6494099 ORDER BY c
	Unique  (cost=384.58..385.07 rows=99 width=121)
	  ->  Sort  (cost=384.58..384.82 rows=99 width=121)
	        Sort Key: c
	        ->  Index Scan using sbtest4_pkey on sbtest4  (cost=0.43..381.29 rows=99 width=121)
	              Index Cond: ((id >= 6494000) AND (id <= 6494099))

table 5 : explain SELECT DISTINCT c FROM sbtest5 WHERE id BETWEEN 8542944 AND 8543043 ORDER BY c
	Unique  (cost=355.66..356.12 rows=91 width=121)
	  ->  Sort  (cost=355.66..355.89 rows=91 width=121)
	        Sort Key: c
	        ->  Index Scan using sbtest5_pkey on sbtest5  (cost=0.43..352.70 rows=91 width=121)
	              Index Cond: ((id >= 8542944) AND (id <= 8543043))

table 6 : explain SELECT DISTINCT c FROM sbtest6 WHERE id BETWEEN 9897433 AND 9897532 ORDER BY c
	Unique  (cost=381.62..382.11 rows=98 width=121)
	  ->  Sort  (cost=381.62..381.87 rows=98 width=121)
	        Sort Key: c
	        ->  Index Scan using sbtest6_pkey on sbtest6  (cost=0.43..378.38 rows=98 width=121)
	              Index Cond: ((id >= 9897433) AND (id <= 9897532))

table 7 : explain SELECT DISTINCT c FROM sbtest7 WHERE id BETWEEN 9801870 AND 9801969 ORDER BY c
	Unique  (cost=424.82..425.37 rows=109 width=121)
	  ->  Sort  (cost=424.82..425.09 rows=109 width=121)
	        Sort Key: c
	        ->  Index Scan using sbtest7_pkey on sbtest7  (cost=0.43..421.13 rows=109 width=121)
	              Index Cond: ((id >= 9801870) AND (id <= 9801969))

table 8 : explain SELECT DISTINCT c FROM sbtest8 WHERE id BETWEEN 7594543 AND 7594642 ORDER BY c
	Unique  (cost=379.54..380.03 rows=98 width=121)
	  ->  Sort  (cost=379.54..379.78 rows=98 width=121)
	        Sort Key: c
	        ->  Index Scan using sbtest8_pkey on sbtest8  (cost=0.43..376.30 rows=98 width=121)
	              Index Cond: ((id >= 7594543) AND (id <= 7594642))

for deletes
table 1 : explain DELETE FROM sbtest1 WHERE id=4097854
	Delete on sbtest1  (cost=0.43..8.45 rows=0 width=0)
	  ->  Index Scan using sbtest1_pkey on sbtest1  (cost=0.43..8.45 rows=1 width=6)
	        Index Cond: (id = 4097854)

table 2 : explain DELETE FROM sbtest2 WHERE id=5424614
	Delete on sbtest2  (cost=0.43..8.45 rows=0 width=0)
	  ->  Index Scan using sbtest2_pkey on sbtest2  (cost=0.43..8.45 rows=1 width=6)
	        Index Cond: (id = 5424614)

table 3 : explain DELETE FROM sbtest3 WHERE id=1885828
	Delete on sbtest3  (cost=0.43..8.45 rows=0 width=0)
	  ->  Index Scan using sbtest3_pkey on sbtest3  (cost=0.43..8.45 rows=1 width=6)
	        Index Cond: (id = 1885828)

table 4 : explain DELETE FROM sbtest4 WHERE id=9262127
	Delete on sbtest4  (cost=0.43..8.45 rows=0 width=0)
	  ->  Index Scan using sbtest4_pkey on sbtest4  (cost=0.43..8.45 rows=1 width=6)
	        Index Cond: (id = 9262127)

table 5 : explain DELETE FROM sbtest5 WHERE id=8410741
	Delete on sbtest5  (cost=0.43..8.45 rows=0 width=0)
	  ->  Index Scan using sbtest5_pkey on sbtest5  (cost=0.43..8.45 rows=1 width=6)
	        Index Cond: (id = 8410741)

table 6 : explain DELETE FROM sbtest6 WHERE id=7146233
	Delete on sbtest6  (cost=0.43..8.45 rows=0 width=0)
	  ->  Index Scan using sbtest6_pkey on sbtest6  (cost=0.43..8.45 rows=1 width=6)
	        Index Cond: (id = 7146233)

table 7 : explain DELETE FROM sbtest7 WHERE id=5139082
	Delete on sbtest7  (cost=0.43..8.45 rows=0 width=0)
	  ->  Index Scan using sbtest7_pkey on sbtest7  (cost=0.43..8.45 rows=1 width=6)
	        Index Cond: (id = 5139082)

table 8 : explain DELETE FROM sbtest8 WHERE id=1640034
	Delete on sbtest8  (cost=0.43..8.45 rows=0 width=0)
	  ->  Index Scan using sbtest8_pkey on sbtest8  (cost=0.43..8.45 rows=1 width=6)
	        Index Cond: (id = 1640034)

for inserts
table 1 : explain INSERT INTO sbtest1 (id, k, c, pad) VALUES (9825547, 13, 'foobar', 'foobar')
	Insert on sbtest1  (cost=0.00..0.01 rows=0 width=0)
	  ->  Result  (cost=0.00..0.01 rows=1 width=736)

table 2 : explain INSERT INTO sbtest2 (id, k, c, pad) VALUES (5709715, 13, 'foobar', 'foobar')
	Insert on sbtest2  (cost=0.00..0.01 rows=0 width=0)
	  ->  Result  (cost=0.00..0.01 rows=1 width=736)

table 3 : explain INSERT INTO sbtest3 (id, k, c, pad) VALUES (7857201, 13, 'foobar', 'foobar')
	Insert on sbtest3  (cost=0.00..0.01 rows=0 width=0)
	  ->  Result  (cost=0.00..0.01 rows=1 width=736)

table 4 : explain INSERT INTO sbtest4 (id, k, c, pad) VALUES (8309300, 13, 'foobar', 'foobar')
	Insert on sbtest4  (cost=0.00..0.01 rows=0 width=0)
	  ->  Result  (cost=0.00..0.01 rows=1 width=736)

table 5 : explain INSERT INTO sbtest5 (id, k, c, pad) VALUES (244791, 13, 'foobar', 'foobar')
	Insert on sbtest5  (cost=0.00..0.01 rows=0 width=0)
	  ->  Result  (cost=0.00..0.01 rows=1 width=736)

table 6 : explain INSERT INTO sbtest6 (id, k, c, pad) VALUES (5727155, 13, 'foobar', 'foobar')
	Insert on sbtest6  (cost=0.00..0.01 rows=0 width=0)
	  ->  Result  (cost=0.00..0.01 rows=1 width=736)

table 7 : explain INSERT INTO sbtest7 (id, k, c, pad) VALUES (213527, 13, 'foobar', 'foobar')
	Insert on sbtest7  (cost=0.00..0.01 rows=0 width=0)
	  ->  Result  (cost=0.00..0.01 rows=1 width=736)

table 8 : explain INSERT INTO sbtest8 (id, k, c, pad) VALUES (1868710, 13, 'foobar', 'foobar')
	Insert on sbtest8  (cost=0.00..0.01 rows=0 width=0)
	  ->  Result  (cost=0.00..0.01 rows=1 width=736)

for: sum_ranges
table 1 : explain SELECT SUM(k) FROM sbtest1 WHERE id BETWEEN 4495136 AND 4495235
	Aggregate  (cost=403.19..403.20 rows=1 width=8)
	  ->  Index Scan using sbtest1_pkey on sbtest1  (cost=0.43..402.93 rows=104 width=4)
	        Index Cond: ((id >= 4495136) AND (id <= 4495235))

table 2 : explain SELECT SUM(k) FROM sbtest2 WHERE id BETWEEN 8715626 AND 8715725
	Aggregate  (cost=368.05..368.06 rows=1 width=8)
	  ->  Index Scan using sbtest2_pkey on sbtest2  (cost=0.43..367.81 rows=95 width=4)
	        Index Cond: ((id >= 8715626) AND (id <= 8715725))

table 3 : explain SELECT SUM(k) FROM sbtest3 WHERE id BETWEEN 3556953 AND 3557052
	Aggregate  (cost=394.20..394.21 rows=1 width=8)
	  ->  Index Scan using sbtest3_pkey on sbtest3  (cost=0.43..393.95 rows=102 width=4)
	        Index Cond: ((id >= 3556953) AND (id <= 3557052))

table 4 : explain SELECT SUM(k) FROM sbtest4 WHERE id BETWEEN 4758134 AND 4758233
	Aggregate  (cost=389.15..389.16 rows=1 width=8)
	  ->  Index Scan using sbtest4_pkey on sbtest4  (cost=0.43..388.90 rows=101 width=4)
	        Index Cond: ((id >= 4758134) AND (id <= 4758233))

table 5 : explain SELECT SUM(k) FROM sbtest5 WHERE id BETWEEN 5886226 AND 5886325
	Aggregate  (cost=375.88..375.89 rows=1 width=8)
	  ->  Index Scan using sbtest5_pkey on sbtest5  (cost=0.43..375.64 rows=97 width=4)
	        Index Cond: ((id >= 5886226) AND (id <= 5886325))

table 6 : explain SELECT SUM(k) FROM sbtest6 WHERE id BETWEEN 6312969 AND 6313068
	Aggregate  (cost=313.72..313.73 rows=1 width=8)
	  ->  Index Scan using sbtest6_pkey on sbtest6  (cost=0.43..313.52 rows=81 width=4)
	        Index Cond: ((id >= 6312969) AND (id <= 6313068))

table 7 : explain SELECT SUM(k) FROM sbtest7 WHERE id BETWEEN 781370 AND 781469
	Aggregate  (cost=387.01..387.02 rows=1 width=8)
	  ->  Index Scan using sbtest7_pkey on sbtest7  (cost=0.43..386.76 rows=100 width=4)
	        Index Cond: ((id >= 781370) AND (id <= 781469))

table 8 : explain SELECT SUM(k) FROM sbtest8 WHERE id BETWEEN 4994029 AND 4994128
	Aggregate  (cost=384.13..384.14 rows=1 width=8)
	  ->  Index Scan using sbtest8_pkey on sbtest8  (cost=0.43..383.88 rows=100 width=4)
	        Index Cond: ((id >= 4994029) AND (id <= 4994128))

for: sum_ranges
table 1 : explain SELECT SUM(k) FROM sbtest1 WHERE id BETWEEN 2536058 AND 2536157
	Aggregate  (cost=372.49..372.50 rows=1 width=8)
	  ->  Index Scan using sbtest1_pkey on sbtest1  (cost=0.43..372.25 rows=96 width=4)
	        Index Cond: ((id >= 2536058) AND (id <= 2536157))

table 2 : explain SELECT SUM(k) FROM sbtest2 WHERE id BETWEEN 2579472 AND 2579571
	Aggregate  (cost=391.00..391.01 rows=1 width=8)
	  ->  Index Scan using sbtest2_pkey on sbtest2  (cost=0.43..390.74 rows=101 width=4)
	        Index Cond: ((id >= 2579472) AND (id <= 2579571))

table 3 : explain SELECT SUM(k) FROM sbtest3 WHERE id BETWEEN 4551622 AND 4551721
	Aggregate  (cost=409.47..409.48 rows=1 width=8)
	  ->  Index Scan using sbtest3_pkey on sbtest3  (cost=0.43..409.21 rows=106 width=4)
	        Index Cond: ((id >= 4551622) AND (id <= 4551721))

table 4 : explain SELECT SUM(k) FROM sbtest4 WHERE id BETWEEN 167592 AND 167691
	Aggregate  (cost=373.93..373.94 rows=1 width=8)
	  ->  Index Scan using sbtest4_pkey on sbtest4  (cost=0.43..373.69 rows=97 width=4)
	        Index Cond: ((id >= 167592) AND (id <= 167691))

table 5 : explain SELECT SUM(k) FROM sbtest5 WHERE id BETWEEN 577038 AND 577137
	Aggregate  (cost=375.88..375.89 rows=1 width=8)
	  ->  Index Scan using sbtest5_pkey on sbtest5  (cost=0.43..375.64 rows=97 width=4)
	        Index Cond: ((id >= 577038) AND (id <= 577137))

table 6 : explain SELECT SUM(k) FROM sbtest6 WHERE id BETWEEN 2133439 AND 2133538
	Aggregate  (cost=363.37..363.38 rows=1 width=8)
	  ->  Index Scan using sbtest6_pkey on sbtest6  (cost=0.43..363.13 rows=94 width=4)
	        Index Cond: ((id >= 2133439) AND (id <= 2133538))

table 7 : explain SELECT SUM(k) FROM sbtest7 WHERE id BETWEEN 6503359 AND 6503458
	Aggregate  (cost=360.25..360.26 rows=1 width=8)
	  ->  Index Scan using sbtest7_pkey on sbtest7  (cost=0.43..360.02 rows=93 width=4)
	        Index Cond: ((id >= 6503359) AND (id <= 6503458))

table 8 : explain SELECT SUM(k) FROM sbtest8 WHERE id BETWEEN 2456311 AND 2456410
	Aggregate  (cost=391.71..391.72 rows=1 width=8)
	  ->  Index Scan using sbtest8_pkey on sbtest8  (cost=0.43..391.46 rows=102 width=4)
	        Index Cond: ((id >= 2456311) AND (id <= 2456410))

explain: for index_updates :: explain UPDATE sbtest%u SET k=k+1 WHERE id=%u
for point_selects
table 1 : explain SELECT c FROM sbtest1 WHERE id=3475164
	Index Scan using sbtest1_pkey on sbtest1  (cost=0.43..8.45 rows=1 width=121)
	  Index Cond: (id = 3475164)

table 2 : explain SELECT c FROM sbtest2 WHERE id=4523402
	Index Scan using sbtest2_pkey on sbtest2  (cost=0.43..8.45 rows=1 width=121)
	  Index Cond: (id = 4523402)

table 3 : explain SELECT c FROM sbtest3 WHERE id=4017078
	Index Scan using sbtest3_pkey on sbtest3  (cost=0.43..8.45 rows=1 width=121)
	  Index Cond: (id = 4017078)

table 4 : explain SELECT c FROM sbtest4 WHERE id=8696173
	Index Scan using sbtest4_pkey on sbtest4  (cost=0.43..8.45 rows=1 width=121)
	  Index Cond: (id = 8696173)

table 5 : explain SELECT c FROM sbtest5 WHERE id=4801503
	Index Scan using sbtest5_pkey on sbtest5  (cost=0.43..8.45 rows=1 width=121)
	  Index Cond: (id = 4801503)

table 6 : explain SELECT c FROM sbtest6 WHERE id=8981402
	Index Scan using sbtest6_pkey on sbtest6  (cost=0.43..8.45 rows=1 width=121)
	  Index Cond: (id = 8981402)

table 7 : explain SELECT c FROM sbtest7 WHERE id=8154264
	Index Scan using sbtest7_pkey on sbtest7  (cost=0.43..8.45 rows=1 width=121)
	  Index Cond: (id = 8154264)

table 8 : explain SELECT c FROM sbtest8 WHERE id=2511168
	Index Scan using sbtest8_pkey on sbtest8  (cost=0.43..8.45 rows=1 width=121)
	  Index Cond: (id = 2511168)

explain: for inserts :: explain INSERT INTO sbtest%u (id, k, c, pad) VALUES (%u, 13, 'foobar', 'foobar')
explain: for point_selects :: explain SELECT c FROM sbtest%u WHERE id=%u
explain: for inserts :: explain INSERT INTO sbtest%u (id, k, c, pad) VALUES (%u, 13, 'foobar', 'foobar')
for non_index_updates
table 1 : explain UPDATE sbtest1 SET c='foobar' WHERE id=1512022
	Update on sbtest1  (cost=0.43..8.45 rows=0 width=0)
	  ->  Index Scan using sbtest1_pkey on sbtest1  (cost=0.43..8.45 rows=1 width=490)
	        Index Cond: (id = 1512022)

table 2 : explain UPDATE sbtest2 SET c='foobar' WHERE id=4675195
	Update on sbtest2  (cost=0.43..8.45 rows=0 width=0)
	  ->  Index Scan using sbtest2_pkey on sbtest2  (cost=0.43..8.45 rows=1 width=490)
	        Index Cond: (id = 4675195)

table 3 : explain UPDATE sbtest3 SET c='foobar' WHERE id=6128334
	Update on sbtest3  (cost=0.43..8.45 rows=0 width=0)
	  ->  Index Scan using sbtest3_pkey on sbtest3  (cost=0.43..8.45 rows=1 width=490)
	        Index Cond: (id = 6128334)

table 4 : explain UPDATE sbtest4 SET c='foobar' WHERE id=3624256
	Update on sbtest4  (cost=0.43..8.45 rows=0 width=0)
	  ->  Index Scan using sbtest4_pkey on sbtest4  (cost=0.43..8.45 rows=1 width=490)
	        Index Cond: (id = 3624256)

table 5 : explain UPDATE sbtest5 SET c='foobar' WHERE id=4601962
	Update on sbtest5  (cost=0.43..8.45 rows=0 width=0)
	  ->  Index Scan using sbtest5_pkey on sbtest5  (cost=0.43..8.45 rows=1 width=490)
	        Index Cond: (id = 4601962)

table 6 : explain UPDATE sbtest6 SET c='foobar' WHERE id=4380521
	Update on sbtest6  (cost=0.43..8.45 rows=0 width=0)
	  ->  Index Scan using sbtest6_pkey on sbtest6  (cost=0.43..8.45 rows=1 width=490)
	        Index Cond: (id = 4380521)

table 7 : explain UPDATE sbtest7 SET c='foobar' WHERE id=5177925
	Update on sbtest7  (cost=0.43..8.45 rows=0 width=0)
	  ->  Index Scan using sbtest7_pkey on sbtest7  (cost=0.43..8.45 rows=1 width=490)
	        Index Cond: (id = 5177925)

table 8 : explain UPDATE sbtest8 SET c='foobar' WHERE id=1817058
	Update on sbtest8  (cost=0.43..8.45 rows=0 width=0)
	  ->  Index Scan using sbtest8_pkey on sbtest8  (cost=0.43..8.45 rows=1 width=490)
	        Index Cond: (id = 1817058)

for point_selects
table 1 : explain SELECT c FROM sbtest1 WHERE id=1452618
	Index Scan using sbtest1_pkey on sbtest1  (cost=0.43..8.45 rows=1 width=121)
	  Index Cond: (id = 1452618)

table 2 : explain SELECT c FROM sbtest2 WHERE id=3238440
	Index Scan using sbtest2_pkey on sbtest2  (cost=0.43..8.45 rows=1 width=121)
	  Index Cond: (id = 3238440)

table 3 : explain SELECT c FROM sbtest3 WHERE id=554319
	Index Scan using sbtest3_pkey on sbtest3  (cost=0.43..8.45 rows=1 width=121)
	  Index Cond: (id = 554319)

table 4 : explain SELECT c FROM sbtest4 WHERE id=1579913
	Index Scan using sbtest4_pkey on sbtest4  (cost=0.43..8.45 rows=1 width=121)
	  Index Cond: (id = 1579913)

table 5 : explain SELECT c FROM sbtest5 WHERE id=9654680
	Index Scan using sbtest5_pkey on sbtest5  (cost=0.43..8.45 rows=1 width=121)
	  Index Cond: (id = 9654680)

table 6 : explain SELECT c FROM sbtest6 WHERE id=5413028
	Index Scan using sbtest6_pkey on sbtest6  (cost=0.43..8.45 rows=1 width=121)
	  Index Cond: (id = 5413028)

table 7 : explain SELECT c FROM sbtest7 WHERE id=764913
	Index Scan using sbtest7_pkey on sbtest7  (cost=0.43..8.45 rows=1 width=121)
	  Index Cond: (id = 764913)

table 8 : explain SELECT c FROM sbtest8 WHERE id=6680466
	Index Scan using sbtest8_pkey on sbtest8  (cost=0.43..8.45 rows=1 width=121)
	  Index Cond: (id = 6680466)

for point_selects
table 1 : explain SELECT c FROM sbtest1 WHERE id=5241144
	Index Scan using sbtest1_pkey on sbtest1  (cost=0.43..8.45 rows=1 width=121)
	  Index Cond: (id = 5241144)

table 2 : explain SELECT c FROM sbtest2 WHERE id=1949781
	Index Scan using sbtest2_pkey on sbtest2  (cost=0.43..8.45 rows=1 width=121)
	  Index Cond: (id = 1949781)

table 3 : explain SELECT c FROM sbtest3 WHERE id=503914
	Index Scan using sbtest3_pkey on sbtest3  (cost=0.43..8.45 rows=1 width=121)
	  Index Cond: (id = 503914)

table 4 : explain SELECT c FROM sbtest4 WHERE id=6423534
	Index Scan using sbtest4_pkey on sbtest4  (cost=0.43..8.45 rows=1 width=121)
	  Index Cond: (id = 6423534)

table 5 : explain SELECT c FROM sbtest5 WHERE id=2354715
	Index Scan using sbtest5_pkey on sbtest5  (cost=0.43..8.45 rows=1 width=121)
	  Index Cond: (id = 2354715)

table 6 : explain SELECT c FROM sbtest6 WHERE id=8317625
	Index Scan using sbtest6_pkey on sbtest6  (cost=0.43..8.45 rows=1 width=121)
	  Index Cond: (id = 8317625)

table 7 : explain SELECT c FROM sbtest7 WHERE id=3188875
	Index Scan using sbtest7_pkey on sbtest7  (cost=0.43..8.45 rows=1 width=121)
	  Index Cond: (id = 3188875)

table 8 : explain SELECT c FROM sbtest8 WHERE id=4785843
	Index Scan using sbtest8_pkey on sbtest8  (cost=0.43..8.45 rows=1 width=121)
	  Index Cond: (id = 4785843)

for point_selects
table 1 : explain SELECT c FROM sbtest1 WHERE id=7331134
	Index Scan using sbtest1_pkey on sbtest1  (cost=0.43..8.45 rows=1 width=121)
	  Index Cond: (id = 7331134)

table 2 : explain SELECT c FROM sbtest2 WHERE id=6673715
	Index Scan using sbtest2_pkey on sbtest2  (cost=0.43..8.45 rows=1 width=121)
	  Index Cond: (id = 6673715)

table 3 : explain SELECT c FROM sbtest3 WHERE id=4616062
	Index Scan using sbtest3_pkey on sbtest3  (cost=0.43..8.45 rows=1 width=121)
	  Index Cond: (id = 4616062)

table 4 : explain SELECT c FROM sbtest4 WHERE id=1259113
	Index Scan using sbtest4_pkey on sbtest4  (cost=0.43..8.45 rows=1 width=121)
	  Index Cond: (id = 1259113)

table 5 : explain SELECT c FROM sbtest5 WHERE id=5684495
	Index Scan using sbtest5_pkey on sbtest5  (cost=0.43..8.45 rows=1 width=121)
	  Index Cond: (id = 5684495)

table 6 : explain SELECT c FROM sbtest6 WHERE id=5900553
	Index Scan using sbtest6_pkey on sbtest6  (cost=0.43..8.45 rows=1 width=121)
	  Index Cond: (id = 5900553)

table 7 : explain SELECT c FROM sbtest7 WHERE id=7306266
	Index Scan using sbtest7_pkey on sbtest7  (cost=0.43..8.45 rows=1 width=121)
	  Index Cond: (id = 7306266)

table 8 : explain SELECT c FROM sbtest8 WHERE id=4915090
	Index Scan using sbtest8_pkey on sbtest8  (cost=0.43..8.45 rows=1 width=121)
	  Index Cond: (id = 4915090)

for point_selects
table 1 : explain SELECT c FROM sbtest1 WHERE id=5348001
	Index Scan using sbtest1_pkey on sbtest1  (cost=0.43..8.45 rows=1 width=121)
	  Index Cond: (id = 5348001)

table 2 : explain SELECT c FROM sbtest2 WHERE id=8674126
	Index Scan using sbtest2_pkey on sbtest2  (cost=0.43..8.45 rows=1 width=121)
	  Index Cond: (id = 8674126)

table 3 : explain SELECT c FROM sbtest3 WHERE id=6426088
	Index Scan using sbtest3_pkey on sbtest3  (cost=0.43..8.45 rows=1 width=121)
	  Index Cond: (id = 6426088)

table 4 : explain SELECT c FROM sbtest4 WHERE id=9533632
	Index Scan using sbtest4_pkey on sbtest4  (cost=0.43..8.45 rows=1 width=121)
	  Index Cond: (id = 9533632)

table 5 : explain SELECT c FROM sbtest5 WHERE id=7383321
	Index Scan using sbtest5_pkey on sbtest5  (cost=0.43..8.45 rows=1 width=121)
	  Index Cond: (id = 7383321)

table 6 : explain SELECT c FROM sbtest6 WHERE id=5692186
	Index Scan using sbtest6_pkey on sbtest6  (cost=0.43..8.45 rows=1 width=121)
	  Index Cond: (id = 5692186)

table 7 : explain SELECT c FROM sbtest7 WHERE id=2585512
	Index Scan using sbtest7_pkey on sbtest7  (cost=0.43..8.45 rows=1 width=121)
	  Index Cond: (id = 2585512)

table 8 : explain SELECT c FROM sbtest8 WHERE id=481792
	Index Scan using sbtest8_pkey on sbtest8  (cost=0.43..8.45 rows=1 width=121)
	  Index Cond: (id = 481792)

for inserts
table 1 : explain INSERT INTO sbtest1 (id, k, c, pad) VALUES (6820782, 13, 'foobar', 'foobar')
	Insert on sbtest1  (cost=0.00..0.01 rows=0 width=0)
	  ->  Result  (cost=0.00..0.01 rows=1 width=736)

table 2 : explain INSERT INTO sbtest2 (id, k, c, pad) VALUES (811026, 13, 'foobar', 'foobar')
	Insert on sbtest2  (cost=0.00..0.01 rows=0 width=0)
	  ->  Result  (cost=0.00..0.01 rows=1 width=736)

table 3 : explain INSERT INTO sbtest3 (id, k, c, pad) VALUES (2006277, 13, 'foobar', 'foobar')
	Insert on sbtest3  (cost=0.00..0.01 rows=0 width=0)
	  ->  Result  (cost=0.00..0.01 rows=1 width=736)

table 4 : explain INSERT INTO sbtest4 (id, k, c, pad) VALUES (91578, 13, 'foobar', 'foobar')
	Insert on sbtest4  (cost=0.00..0.01 rows=0 width=0)
	  ->  Result  (cost=0.00..0.01 rows=1 width=736)

table 5 : explain INSERT INTO sbtest5 (id, k, c, pad) VALUES (2866664, 13, 'foobar', 'foobar')
	Insert on sbtest5  (cost=0.00..0.01 rows=0 width=0)
	  ->  Result  (cost=0.00..0.01 rows=1 width=736)

table 6 : explain INSERT INTO sbtest6 (id, k, c, pad) VALUES (4242061, 13, 'foobar', 'foobar')
	Insert on sbtest6  (cost=0.00..0.01 rows=0 width=0)
	  ->  Result  (cost=0.00..0.01 rows=1 width=736)

table 7 : explain INSERT INTO sbtest7 (id, k, c, pad) VALUES (219740, 13, 'foobar', 'foobar')
	Insert on sbtest7  (cost=0.00..0.01 rows=0 width=0)
	  ->  Result  (cost=0.00..0.01 rows=1 width=736)

table 8 : explain INSERT INTO sbtest8 (id, k, c, pad) VALUES (39183, 13, 'foobar', 'foobar')
	Insert on sbtest8  (cost=0.00..0.01 rows=0 width=0)
	  ->  Result  (cost=0.00..0.01 rows=1 width=736)

for index_updates
table 1 : explain UPDATE sbtest1 SET k=k+1 WHERE id=7013621
	Update on sbtest1  (cost=0.43..8.46 rows=0 width=0)
	  ->  Index Scan using sbtest1_pkey on sbtest1  (cost=0.43..8.46 rows=1 width=10)
	        Index Cond: (id = 7013621)

table 2 : explain UPDATE sbtest2 SET k=k+1 WHERE id=908113
	Update on sbtest2  (cost=0.43..8.46 rows=0 width=0)
	  ->  Index Scan using sbtest2_pkey on sbtest2  (cost=0.43..8.46 rows=1 width=10)
	        Index Cond: (id = 908113)

table 3 : explain UPDATE sbtest3 SET k=k+1 WHERE id=381628
	Update on sbtest3  (cost=0.43..8.46 rows=0 width=0)
	  ->  Index Scan using sbtest3_pkey on sbtest3  (cost=0.43..8.46 rows=1 width=10)
	        Index Cond: (id = 381628)

table 4 : explain UPDATE sbtest4 SET k=k+1 WHERE id=6704203
	Update on sbtest4  (cost=0.43..8.46 rows=0 width=0)
	  ->  Index Scan using sbtest4_pkey on sbtest4  (cost=0.43..8.46 rows=1 width=10)
	        Index Cond: (id = 6704203)

table 5 : explain UPDATE sbtest5 SET k=k+1 WHERE id=2559930
	Update on sbtest5  (cost=0.43..8.46 rows=0 width=0)
	  ->  Index Scan using sbtest5_pkey on sbtest5  (cost=0.43..8.46 rows=1 width=10)
	        Index Cond: (id = 2559930)

table 6 : explain UPDATE sbtest6 SET k=k+1 WHERE id=2629079
	Update on sbtest6  (cost=0.43..8.46 rows=0 width=0)
	  ->  Index Scan using sbtest6_pkey on sbtest6  (cost=0.43..8.46 rows=1 width=10)
	        Index Cond: (id = 2629079)

table 7 : explain UPDATE sbtest7 SET k=k+1 WHERE id=3489723
	Update on sbtest7  (cost=0.43..8.46 rows=0 width=0)
	  ->  Index Scan using sbtest7_pkey on sbtest7  (cost=0.43..8.46 rows=1 width=10)
	        Index Cond: (id = 3489723)

table 8 : explain UPDATE sbtest8 SET k=k+1 WHERE id=4739741
	Update on sbtest8  (cost=0.43..8.46 rows=0 width=0)
	  ->  Index Scan using sbtest8_pkey on sbtest8  (cost=0.43..8.46 rows=1 width=10)
	        Index Cond: (id = 4739741)

for point_selects
table 1 : explain SELECT c FROM sbtest1 WHERE id=2130593
	Index Scan using sbtest1_pkey on sbtest1  (cost=0.43..8.45 rows=1 width=121)
	  Index Cond: (id = 2130593)

table 2 : explain SELECT c FROM sbtest2 WHERE id=9181786
	Index Scan using sbtest2_pkey on sbtest2  (cost=0.43..8.45 rows=1 width=121)
	  Index Cond: (id = 9181786)

table 3 : explain SELECT c FROM sbtest3 WHERE id=6682143
	Index Scan using sbtest3_pkey on sbtest3  (cost=0.43..8.45 rows=1 width=121)
	  Index Cond: (id = 6682143)

table 4 : explain SELECT c FROM sbtest4 WHERE id=4426033
	Index Scan using sbtest4_pkey on sbtest4  (cost=0.43..8.45 rows=1 width=121)
	  Index Cond: (id = 4426033)

table 5 : explain SELECT c FROM sbtest5 WHERE id=8740166
	Index Scan using sbtest5_pkey on sbtest5  (cost=0.43..8.45 rows=1 width=121)
	  Index Cond: (id = 8740166)

table 6 : explain SELECT c FROM sbtest6 WHERE id=8857889
	Index Scan using sbtest6_pkey on sbtest6  (cost=0.43..8.45 rows=1 width=121)
	  Index Cond: (id = 8857889)

table 7 : explain SELECT c FROM sbtest7 WHERE id=8882742
	Index Scan using sbtest7_pkey on sbtest7  (cost=0.43..8.45 rows=1 width=121)
	  Index Cond: (id = 8882742)

table 8 : explain SELECT c FROM sbtest8 WHERE id=2695941
	Index Scan using sbtest8_pkey on sbtest8  (cost=0.43..8.45 rows=1 width=121)
	  Index Cond: (id = 2695941)

for inserts
table 1 : explain INSERT INTO sbtest1 (id, k, c, pad) VALUES (3404214, 13, 'foobar', 'foobar')
	Insert on sbtest1  (cost=0.00..0.01 rows=0 width=0)
	  ->  Result  (cost=0.00..0.01 rows=1 width=736)

table 2 : explain INSERT INTO sbtest2 (id, k, c, pad) VALUES (7638020, 13, 'foobar', 'foobar')
	Insert on sbtest2  (cost=0.00..0.01 rows=0 width=0)
	  ->  Result  (cost=0.00..0.01 rows=1 width=736)

table 3 : explain INSERT INTO sbtest3 (id, k, c, pad) VALUES (6565637, 13, 'foobar', 'foobar')
	Insert on sbtest3  (cost=0.00..0.01 rows=0 width=0)
	  ->  Result  (cost=0.00..0.01 rows=1 width=736)

table 4 : explain INSERT INTO sbtest4 (id, k, c, pad) VALUES (1224182, 13, 'foobar', 'foobar')
	Insert on sbtest4  (cost=0.00..0.01 rows=0 width=0)
	  ->  Result  (cost=0.00..0.01 rows=1 width=736)

table 5 : explain INSERT INTO sbtest5 (id, k, c, pad) VALUES (5923028, 13, 'foobar', 'foobar')
	Insert on sbtest5  (cost=0.00..0.01 rows=0 width=0)
	  ->  Result  (cost=0.00..0.01 rows=1 width=736)

table 6 : explain INSERT INTO sbtest6 (id, k, c, pad) VALUES (314330, 13, 'foobar', 'foobar')
	Insert on sbtest6  (cost=0.00..0.01 rows=0 width=0)
	  ->  Result  (cost=0.00..0.01 rows=1 width=736)

table 7 : explain INSERT INTO sbtest7 (id, k, c, pad) VALUES (6283841, 13, 'foobar', 'foobar')
	Insert on sbtest7  (cost=0.00..0.01 rows=0 width=0)
	  ->  Result  (cost=0.00..0.01 rows=1 width=736)

table 8 : explain INSERT INTO sbtest8 (id, k, c, pad) VALUES (6977745, 13, 'foobar', 'foobar')
	Insert on sbtest8  (cost=0.00..0.01 rows=0 width=0)
	  ->  Result  (cost=0.00..0.01 rows=1 width=736)

for: sum_ranges
table 1 : explain SELECT SUM(k) FROM sbtest1 WHERE id BETWEEN 2115802 AND 2115901
	Aggregate  (cost=399.36..399.37 rows=1 width=8)
	  ->  Index Scan using sbtest1_pkey on sbtest1  (cost=0.43..399.10 rows=103 width=4)
	        Index Cond: ((id >= 2115802) AND (id <= 2115901))

table 2 : explain SELECT SUM(k) FROM sbtest2 WHERE id BETWEEN 2936333 AND 2936432
	Aggregate  (cost=360.35..360.36 rows=1 width=8)
	  ->  Index Scan using sbtest2_pkey on sbtest2  (cost=0.43..360.12 rows=93 width=4)
	        Index Cond: ((id >= 2936333) AND (id <= 2936432))

table 3 : explain SELECT SUM(k) FROM sbtest3 WHERE id BETWEEN 5049054 AND 5049153
	Aggregate  (cost=367.48..367.49 rows=1 width=8)
	  ->  Index Scan using sbtest3_pkey on sbtest3  (cost=0.43..367.24 rows=95 width=4)
	        Index Cond: ((id >= 5049054) AND (id <= 5049153))

table 4 : explain SELECT SUM(k) FROM sbtest4 WHERE id BETWEEN 7145768 AND 7145867
	Aggregate  (cost=392.96..392.97 rows=1 width=8)
	  ->  Index Scan using sbtest4_pkey on sbtest4  (cost=0.43..392.70 rows=102 width=4)
	        Index Cond: ((id >= 7145768) AND (id <= 7145867))

table 5 : explain SELECT SUM(k) FROM sbtest5 WHERE id BETWEEN 8179186 AND 8179285
	Aggregate  (cost=410.32..410.33 rows=1 width=8)
	  ->  Index Scan using sbtest5_pkey on sbtest5  (cost=0.43..410.05 rows=106 width=4)
	        Index Cond: ((id >= 8179186) AND (id <= 8179285))

table 6 : explain SELECT SUM(k) FROM sbtest6 WHERE id BETWEEN 3712774 AND 3712873
	Aggregate  (cost=359.55..359.56 rows=1 width=8)
	  ->  Index Scan using sbtest6_pkey on sbtest6  (cost=0.43..359.32 rows=93 width=4)
	        Index Cond: ((id >= 3712774) AND (id <= 3712873))

table 7 : explain SELECT SUM(k) FROM sbtest7 WHERE id BETWEEN 5664302 AND 5664401
	Aggregate  (cost=387.01..387.02 rows=1 width=8)
	  ->  Index Scan using sbtest7_pkey on sbtest7  (cost=0.43..386.76 rows=100 width=4)
	        Index Cond: ((id >= 5664302) AND (id <= 5664401))

table 8 : explain SELECT SUM(k) FROM sbtest8 WHERE id BETWEEN 1656299 AND 1656398
	Aggregate  (cost=399.30..399.31 rows=1 width=8)
	  ->  Index Scan using sbtest8_pkey on sbtest8  (cost=0.43..399.04 rows=104 width=4)
	        Index Cond: ((id >= 1656299) AND (id <= 1656398))

explain: for deletes :: explain DELETE FROM sbtest%u WHERE id=%u
explain: for non_index_updates :: explain UPDATE sbtest%u SET c='foobar' WHERE id=%u
for point_selects
table 1 : explain SELECT c FROM sbtest1 WHERE id=9676905
	Index Scan using sbtest1_pkey on sbtest1  (cost=0.43..8.45 rows=1 width=121)
	  Index Cond: (id = 9676905)

table 2 : explain SELECT c FROM sbtest2 WHERE id=8032657
	Index Scan using sbtest2_pkey on sbtest2  (cost=0.43..8.45 rows=1 width=121)
	  Index Cond: (id = 8032657)

table 3 : explain SELECT c FROM sbtest3 WHERE id=9702217
	Index Scan using sbtest3_pkey on sbtest3  (cost=0.43..8.45 rows=1 width=121)
	  Index Cond: (id = 9702217)

table 4 : explain SELECT c FROM sbtest4 WHERE id=5682126
	Index Scan using sbtest4_pkey on sbtest4  (cost=0.43..8.45 rows=1 width=121)
	  Index Cond: (id = 5682126)

table 5 : explain SELECT c FROM sbtest5 WHERE id=1123602
	Index Scan using sbtest5_pkey on sbtest5  (cost=0.43..8.45 rows=1 width=121)
	  Index Cond: (id = 1123602)

table 6 : explain SELECT c FROM sbtest6 WHERE id=4708190
	Index Scan using sbtest6_pkey on sbtest6  (cost=0.43..8.45 rows=1 width=121)
	  Index Cond: (id = 4708190)

table 7 : explain SELECT c FROM sbtest7 WHERE id=7862945
	Index Scan using sbtest7_pkey on sbtest7  (cost=0.43..8.45 rows=1 width=121)
	  Index Cond: (id = 7862945)

table 8 : explain SELECT c FROM sbtest8 WHERE id=7308648
	Index Scan using sbtest8_pkey on sbtest8  (cost=0.43..8.45 rows=1 width=121)
	  Index Cond: (id = 7308648)

explain: for point_selects :: explain SELECT c FROM sbtest%u WHERE id=%u
explain: for point_selects :: explain SELECT c FROM sbtest%u WHERE id=%u
for: simple_ranges
table 1 : explain SELECT c FROM sbtest1 WHERE id BETWEEN 7125583 AND 7125682
	Index Scan using sbtest1_pkey on sbtest1  (cost=0.43..368.42 rows=95 width=121)
	  Index Cond: ((id >= 7125583) AND (id <= 7125682))

table 2 : explain SELECT c FROM sbtest2 WHERE id BETWEEN 4830438 AND 4830537
	Index Scan using sbtest2_pkey on sbtest2  (cost=0.43..367.77 rows=95 width=121)
	  Index Cond: ((id >= 4830438) AND (id <= 4830537))

table 3 : explain SELECT c FROM sbtest3 WHERE id BETWEEN 3613632 AND 3613731
	Index Scan using sbtest3_pkey on sbtest3  (cost=0.43..428.28 rows=111 width=121)
	  Index Cond: ((id >= 3613632) AND (id <= 3613731))

table 4 : explain SELECT c FROM sbtest4 WHERE id BETWEEN 4146467 AND 4146566
	Index Scan using sbtest4_pkey on sbtest4  (cost=0.43..407.91 rows=106 width=121)
	  Index Cond: ((id >= 4146467) AND (id <= 4146566))

table 5 : explain SELECT c FROM sbtest5 WHERE id BETWEEN 7227244 AND 7227343
	Index Scan using sbtest5_pkey on sbtest5  (cost=0.43..360.35 rows=93 width=121)
	  Index Cond: ((id >= 7227244) AND (id <= 7227343))

table 6 : explain SELECT c FROM sbtest6 WHERE id BETWEEN 1690480 AND 1690579
	Index Scan using sbtest6_pkey on sbtest6  (cost=0.43..416.50 rows=108 width=121)
	  Index Cond: ((id >= 1690480) AND (id <= 1690579))

table 7 : explain SELECT c FROM sbtest7 WHERE id BETWEEN 6182150 AND 6182249
	Index Scan using sbtest7_pkey on sbtest7  (cost=0.43..398.21 rows=103 width=121)
	  Index Cond: ((id >= 6182150) AND (id <= 6182249))

table 8 : explain SELECT c FROM sbtest8 WHERE id BETWEEN 2665739 AND 2665838
	Index Scan using sbtest8_pkey on sbtest8  (cost=0.43..391.46 rows=102 width=121)
	  Index Cond: ((id >= 2665739) AND (id <= 2665838))

explain: for point_selects :: explain SELECT c FROM sbtest%u WHERE id=%u
for: order_ranges
table 1 : explain SELECT c FROM sbtest1 WHERE id BETWEEN 5640135 AND 5640234 ORDER BY c
	Sort  (cost=398.67..398.93 rows=102 width=121)
	  Sort Key: c
	  ->  Index Scan using sbtest1_pkey on sbtest1  (cost=0.43..395.27 rows=102 width=121)
	        Index Cond: ((id >= 5640135) AND (id <= 5640234))

table 2 : explain SELECT c FROM sbtest2 WHERE id BETWEEN 2321514 AND 2321613 ORDER BY c
	Sort  (cost=386.38..386.63 rows=99 width=121)
	  Sort Key: c
	  ->  Index Scan using sbtest2_pkey on sbtest2  (cost=0.43..383.10 rows=99 width=121)
	        Index Cond: ((id >= 2321514) AND (id <= 2321613))

table 3 : explain SELECT c FROM sbtest3 WHERE id BETWEEN 8055039 AND 8055138 ORDER BY c
	Sort  (cost=381.93..382.17 rows=98 width=121)
	  Sort Key: c
	  ->  Index Scan using sbtest3_pkey on sbtest3  (cost=0.43..378.69 rows=98 width=121)
	        Index Cond: ((id >= 8055039) AND (id <= 8055138))

table 4 : explain SELECT c FROM sbtest4 WHERE id BETWEEN 6657650 AND 6657749 ORDER BY c
	Sort  (cost=376.89..377.13 rows=97 width=121)
	  Sort Key: c
	  ->  Index Scan using sbtest4_pkey on sbtest4  (cost=0.43..373.69 rows=97 width=121)
	        Index Cond: ((id >= 6657650) AND (id <= 6657749))

table 5 : explain SELECT c FROM sbtest5 WHERE id BETWEEN 3830418 AND 3830517 ORDER BY c
	Sort  (cost=378.84..379.08 rows=97 width=121)
	  Sort Key: c
	  ->  Index Scan using sbtest5_pkey on sbtest5  (cost=0.43..375.64 rows=97 width=121)
	        Index Cond: ((id >= 3830418) AND (id <= 3830517))

table 6 : explain SELECT c FROM sbtest6 WHERE id BETWEEN 5340579 AND 5340678 ORDER BY c
	Sort  (cost=377.77..378.01 rows=97 width=121)
	  Sort Key: c
	  ->  Index Scan using sbtest6_pkey on sbtest6  (cost=0.43..374.57 rows=97 width=121)
	        Index Cond: ((id >= 5340579) AND (id <= 5340678))

table 7 : explain SELECT c FROM sbtest7 WHERE id BETWEEN 1134861 AND 1134960 ORDER BY c
	Sort  (cost=374.64..374.88 rows=96 width=121)
	  Sort Key: c
	  ->  Index Scan using sbtest7_pkey on sbtest7  (cost=0.43..371.48 rows=96 width=121)
	        Index Cond: ((id >= 1134861) AND (id <= 1134960))

table 8 : explain SELECT c FROM sbtest8 WHERE id BETWEEN 809363 AND 809462 ORDER BY c
	Sort  (cost=360.38..360.62 rows=93 width=121)
	  Sort Key: c
	  ->  Index Scan using sbtest8_pkey on sbtest8  (cost=0.43..357.34 rows=93 width=121)
	        Index Cond: ((id >= 809363) AND (id <= 809462))

for point_selects
table 1 : explain SELECT c FROM sbtest1 WHERE id=5163961
	Index Scan using sbtest1_pkey on sbtest1  (cost=0.43..8.45 rows=1 width=121)
	  Index Cond: (id = 5163961)

table 2 : explain SELECT c FROM sbtest2 WHERE id=569371
	Index Scan using sbtest2_pkey on sbtest2  (cost=0.43..8.45 rows=1 width=121)
	  Index Cond: (id = 569371)

table 3 : explain SELECT c FROM sbtest3 WHERE id=4934339
	Index Scan using sbtest3_pkey on sbtest3  (cost=0.43..8.45 rows=1 width=121)
	  Index Cond: (id = 4934339)

table 4 : explain SELECT c FROM sbtest4 WHERE id=208521
	Index Scan using sbtest4_pkey on sbtest4  (cost=0.43..8.45 rows=1 width=121)
	  Index Cond: (id = 208521)

table 5 : explain SELECT c FROM sbtest5 WHERE id=74907
	Index Scan using sbtest5_pkey on sbtest5  (cost=0.43..8.45 rows=1 width=121)
	  Index Cond: (id = 74907)

table 6 : explain SELECT c FROM sbtest6 WHERE id=1870408
	Index Scan using sbtest6_pkey on sbtest6  (cost=0.43..8.45 rows=1 width=121)
	  Index Cond: (id = 1870408)

table 7 : explain SELECT c FROM sbtest7 WHERE id=9055907
	Index Scan using sbtest7_pkey on sbtest7  (cost=0.43..8.45 rows=1 width=121)
	  Index Cond: (id = 9055907)

table 8 : explain SELECT c FROM sbtest8 WHERE id=2621412
	Index Scan using sbtest8_pkey on sbtest8  (cost=0.43..8.45 rows=1 width=121)
	  Index Cond: (id = 2621412)

for: order_ranges
table 1 : explain SELECT c FROM sbtest1 WHERE id BETWEEN 6210119 AND 6210218 ORDER BY c
	Sort  (cost=371.54..371.78 rows=95 width=121)
	  Sort Key: c
	  ->  Index Scan using sbtest1_pkey on sbtest1  (cost=0.43..368.42 rows=95 width=121)
	        Index Cond: ((id >= 6210119) AND (id <= 6210218))

table 2 : explain SELECT c FROM sbtest2 WHERE id BETWEEN 9952564 AND 9952663 ORDER BY c
	Sort  (cost=351.58..351.80 rows=90 width=121)
	  Sort Key: c
	  ->  Index Scan using sbtest2_pkey on sbtest2  (cost=0.43..348.66 rows=90 width=121)
	        Index Cond: ((id >= 9952564) AND (id <= 9952663))

table 3 : explain SELECT c FROM sbtest3 WHERE id BETWEEN 7730317 AND 7730416 ORDER BY c
	Sort  (cost=443.63..443.91 rows=114 width=121)
	  Sort Key: c
	  ->  Index Scan using sbtest3_pkey on sbtest3  (cost=0.43..439.73 rows=114 width=121)
	        Index Cond: ((id >= 7730317) AND (id <= 7730416))

table 4 : explain SELECT c FROM sbtest4 WHERE id BETWEEN 8840830 AND 8840929 ORDER BY c
	Sort  (cost=384.58..384.82 rows=99 width=121)
	  Sort Key: c
	  ->  Index Scan using sbtest4_pkey on sbtest4  (cost=0.43..381.29 rows=99 width=121)
	        Index Cond: ((id >= 8840830) AND (id <= 8840929))

table 5 : explain SELECT c FROM sbtest5 WHERE id BETWEEN 6575495 AND 6575594 ORDER BY c
	Sort  (cost=398.16..398.41 rows=102 width=121)
	  Sort Key: c
	  ->  Index Scan using sbtest5_pkey on sbtest5  (cost=0.43..394.76 rows=102 width=121)
	        Index Cond: ((id >= 6575495) AND (id <= 6575594))

table 6 : explain SELECT c FROM sbtest6 WHERE id BETWEEN 751892 AND 751991 ORDER BY c
	Sort  (cost=385.47..385.72 rows=99 width=121)
	  Sort Key: c
	  ->  Index Scan using sbtest6_pkey on sbtest6  (cost=0.43..382.19 rows=99 width=121)
	        Index Cond: ((id >= 751892) AND (id <= 751991))

table 7 : explain SELECT c FROM sbtest7 WHERE id BETWEEN 4593638 AND 4593737 ORDER BY c
	Sort  (cost=378.50..378.74 rows=97 width=121)
	  Sort Key: c
	  ->  Index Scan using sbtest7_pkey on sbtest7  (cost=0.43..375.30 rows=97 width=121)
	        Index Cond: ((id >= 4593638) AND (id <= 4593737))

table 8 : explain SELECT c FROM sbtest8 WHERE id BETWEEN 3724274 AND 3724373 ORDER BY c
	Sort  (cost=383.37..383.62 rows=99 width=121)
	  Sort Key: c
	  ->  Index Scan using sbtest8_pkey on sbtest8  (cost=0.43..380.09 rows=99 width=121)
	        Index Cond: ((id >= 3724274) AND (id <= 3724373))

for deletes
table 1 : explain DELETE FROM sbtest1 WHERE id=5095980
	Delete on sbtest1  (cost=0.43..8.45 rows=0 width=0)
	  ->  Index Scan using sbtest1_pkey on sbtest1  (cost=0.43..8.45 rows=1 width=6)
	        Index Cond: (id = 5095980)

table 2 : explain DELETE FROM sbtest2 WHERE id=2442113
	Delete on sbtest2  (cost=0.43..8.45 rows=0 width=0)
	  ->  Index Scan using sbtest2_pkey on sbtest2  (cost=0.43..8.45 rows=1 width=6)
	        Index Cond: (id = 2442113)

table 3 : explain DELETE FROM sbtest3 WHERE id=9986930
	Delete on sbtest3  (cost=0.43..8.45 rows=0 width=0)
	  ->  Index Scan using sbtest3_pkey on sbtest3  (cost=0.43..8.45 rows=1 width=6)
	        Index Cond: (id = 9986930)

table 4 : explain DELETE FROM sbtest4 WHERE id=8961165
	Delete on sbtest4  (cost=0.43..8.45 rows=0 width=0)
	  ->  Index Scan using sbtest4_pkey on sbtest4  (cost=0.43..8.45 rows=1 width=6)
	        Index Cond: (id = 8961165)

table 5 : explain DELETE FROM sbtest5 WHERE id=8713503
	Delete on sbtest5  (cost=0.43..8.45 rows=0 width=0)
	  ->  Index Scan using sbtest5_pkey on sbtest5  (cost=0.43..8.45 rows=1 width=6)
	        Index Cond: (id = 8713503)

table 6 : explain DELETE FROM sbtest6 WHERE id=3286952
	Delete on sbtest6  (cost=0.43..8.45 rows=0 width=0)
	  ->  Index Scan using sbtest6_pkey on sbtest6  (cost=0.43..8.45 rows=1 width=6)
	        Index Cond: (id = 3286952)

table 7 : explain DELETE FROM sbtest7 WHERE id=9495757
	Delete on sbtest7  (cost=0.43..8.45 rows=0 width=0)
	  ->  Index Scan using sbtest7_pkey on sbtest7  (cost=0.43..8.45 rows=1 width=6)
	        Index Cond: (id = 9495757)

table 8 : explain DELETE FROM sbtest8 WHERE id=8677430
	Delete on sbtest8  (cost=0.43..8.45 rows=0 width=0)
	  ->  Index Scan using sbtest8_pkey on sbtest8  (cost=0.43..8.45 rows=1 width=6)
	        Index Cond: (id = 8677430)

for: simple_ranges
table 1 : explain SELECT c FROM sbtest1 WHERE id BETWEEN 3893744 AND 3893843
	Index Scan using sbtest1_pkey on sbtest1  (cost=0.43..376.08 rows=97 width=121)
	  Index Cond: ((id >= 3893744) AND (id <= 3893843))

table 2 : explain SELECT c FROM sbtest2 WHERE id BETWEEN 6961134 AND 6961233
	Index Scan using sbtest2_pkey on sbtest2  (cost=0.43..379.28 rows=98 width=121)
	  Index Cond: ((id >= 6961134) AND (id <= 6961233))

table 3 : explain SELECT c FROM sbtest3 WHERE id BETWEEN 9399409 AND 9399508
	Index Scan using sbtest3_pkey on sbtest3  (cost=0.43..413.02 rows=107 width=121)
	  Index Cond: ((id >= 9399409) AND (id <= 9399508))

table 4 : explain SELECT c FROM sbtest4 WHERE id BETWEEN 6235705 AND 6235804
	Index Scan using sbtest4_pkey on sbtest4  (cost=0.43..388.90 rows=101 width=121)
	  Index Cond: ((id >= 6235705) AND (id <= 6235804))

table 5 : explain SELECT c FROM sbtest5 WHERE id BETWEEN 1399548 AND 1399647
	Index Scan using sbtest5_pkey on sbtest5  (cost=0.43..364.17 rows=94 width=121)
	  Index Cond: ((id >= 1399548) AND (id <= 1399647))

table 6 : explain SELECT c FROM sbtest6 WHERE id BETWEEN 377207 AND 377306
	Index Scan using sbtest6_pkey on sbtest6  (cost=0.43..431.75 rows=112 width=121)
	  Index Cond: ((id >= 377207) AND (id <= 377306))

table 7 : explain SELECT c FROM sbtest7 WHERE id BETWEEN 6052479 AND 6052578
	Index Scan using sbtest7_pkey on sbtest7  (cost=0.43..379.12 rows=98 width=121)
	  Index Cond: ((id >= 6052479) AND (id <= 6052578))

table 8 : explain SELECT c FROM sbtest8 WHERE id BETWEEN 9647494 AND 9647593
	Index Scan using sbtest8_pkey on sbtest8  (cost=0.43..380.09 rows=99 width=121)
	  Index Cond: ((id >= 9647494) AND (id <= 9647593))

for: simple_ranges
table 1 : explain SELECT c FROM sbtest1 WHERE id BETWEEN 3903848 AND 3903947
	Index Scan using sbtest1_pkey on sbtest1  (cost=0.43..376.08 rows=97 width=121)
	  Index Cond: ((id >= 3903848) AND (id <= 3903947))

table 2 : explain SELECT c FROM sbtest2 WHERE id BETWEEN 285932 AND 286031
	Index Scan using sbtest2_pkey on sbtest2  (cost=0.43..383.10 rows=99 width=121)
	  Index Cond: ((id >= 285932) AND (id <= 286031))

table 3 : explain SELECT c FROM sbtest3 WHERE id BETWEEN 378202 AND 378301
	Index Scan using sbtest3_pkey on sbtest3  (cost=0.43..374.87 rows=97 width=121)
	  Index Cond: ((id >= 378202) AND (id <= 378301))

table 4 : explain SELECT c FROM sbtest4 WHERE id BETWEEN 4358445 AND 4358544
	Index Scan using sbtest4_pkey on sbtest4  (cost=0.43..385.10 rows=100 width=121)
	  Index Cond: ((id >= 4358445) AND (id <= 4358544))

table 5 : explain SELECT c FROM sbtest5 WHERE id BETWEEN 1234340 AND 1234439
	Index Scan using sbtest5_pkey on sbtest5  (cost=0.43..394.76 rows=102 width=121)
	  Index Cond: ((id >= 1234340) AND (id <= 1234439))

table 6 : explain SELECT c FROM sbtest6 WHERE id BETWEEN 4518408 AND 4518507
	Index Scan using sbtest6_pkey on sbtest6  (cost=0.43..397.44 rows=103 width=121)
	  Index Cond: ((id >= 4518408) AND (id <= 4518507))

table 7 : explain SELECT c FROM sbtest7 WHERE id BETWEEN 1084760 AND 1084859
	Index Scan using sbtest7_pkey on sbtest7  (cost=0.43..402.03 rows=104 width=121)
	  Index Cond: ((id >= 1084760) AND (id <= 1084859))

table 8 : explain SELECT c FROM sbtest8 WHERE id BETWEEN 329881 AND 329980
	Index Scan using sbtest8_pkey on sbtest8  (cost=0.43..417.99 rows=109 width=121)
	  Index Cond: ((id >= 329881) AND (id <= 329980))

for: simple_ranges
table 1 : explain SELECT c FROM sbtest1 WHERE id BETWEEN 286112 AND 286211
	Index Scan using sbtest1_pkey on sbtest1  (cost=0.43..391.44 rows=101 width=121)
	  Index Cond: ((id >= 286112) AND (id <= 286211))

table 2 : explain SELECT c FROM sbtest2 WHERE id BETWEEN 9221651 AND 9221750
	Index Scan using sbtest2_pkey on sbtest2  (cost=0.43..367.81 rows=95 width=121)
	  Index Cond: ((id >= 9221651) AND (id <= 9221750))

table 3 : explain SELECT c FROM sbtest3 WHERE id BETWEEN 771952 AND 772051
	Index Scan using sbtest3_pkey on sbtest3  (cost=0.43..378.69 rows=98 width=121)
	  Index Cond: ((id >= 771952) AND (id <= 772051))

table 4 : explain SELECT c FROM sbtest4 WHERE id BETWEEN 4050918 AND 4051017
	Index Scan using sbtest4_pkey on sbtest4  (cost=0.43..366.08 rows=95 width=121)
	  Index Cond: ((id >= 4050918) AND (id <= 4051017))

table 5 : explain SELECT c FROM sbtest5 WHERE id BETWEEN 889003 AND 889102
	Index Scan using sbtest5_pkey on sbtest5  (cost=0.43..398.58 rows=103 width=121)
	  Index Cond: ((id >= 889003) AND (id <= 889102))

table 6 : explain SELECT c FROM sbtest6 WHERE id BETWEEN 6815375 AND 6815474
	Index Scan using sbtest6_pkey on sbtest6  (cost=0.43..374.57 rows=97 width=121)
	  Index Cond: ((id >= 6815375) AND (id <= 6815474))

table 7 : explain SELECT c FROM sbtest7 WHERE id BETWEEN 4171825 AND 4171924
	Index Scan using sbtest7_pkey on sbtest7  (cost=0.43..367.66 rows=95 width=121)
	  Index Cond: ((id >= 4171825) AND (id <= 4171924))

table 8 : explain SELECT c FROM sbtest8 WHERE id BETWEEN 4772856 AND 4772955
	Index Scan using sbtest8_pkey on sbtest8  (cost=0.43..391.46 rows=102 width=121)
	  Index Cond: ((id >= 4772856) AND (id <= 4772955))

for non_index_updates
table 1 : explain UPDATE sbtest1 SET c='foobar' WHERE id=9443231
	Update on sbtest1  (cost=0.43..8.45 rows=0 width=0)
	  ->  Index Scan using sbtest1_pkey on sbtest1  (cost=0.43..8.45 rows=1 width=490)
	        Index Cond: (id = 9443231)

table 2 : explain UPDATE sbtest2 SET c='foobar' WHERE id=286824
	Update on sbtest2  (cost=0.43..8.45 rows=0 width=0)
	  ->  Index Scan using sbtest2_pkey on sbtest2  (cost=0.43..8.45 rows=1 width=490)
	        Index Cond: (id = 286824)

table 3 : explain UPDATE sbtest3 SET c='foobar' WHERE id=4085653
	Update on sbtest3  (cost=0.43..8.45 rows=0 width=0)
	  ->  Index Scan using sbtest3_pkey on sbtest3  (cost=0.43..8.45 rows=1 width=490)
	        Index Cond: (id = 4085653)

table 4 : explain UPDATE sbtest4 SET c='foobar' WHERE id=9493876
	Update on sbtest4  (cost=0.43..8.45 rows=0 width=0)
	  ->  Index Scan using sbtest4_pkey on sbtest4  (cost=0.43..8.45 rows=1 width=490)
	        Index Cond: (id = 9493876)

table 5 : explain UPDATE sbtest5 SET c='foobar' WHERE id=3754171
	Update on sbtest5  (cost=0.43..8.45 rows=0 width=0)
	  ->  Index Scan using sbtest5_pkey on sbtest5  (cost=0.43..8.45 rows=1 width=490)
	        Index Cond: (id = 3754171)

table 6 : explain UPDATE sbtest6 SET c='foobar' WHERE id=667193
	Update on sbtest6  (cost=0.43..8.45 rows=0 width=0)
	  ->  Index Scan using sbtest6_pkey on sbtest6  (cost=0.43..8.45 rows=1 width=490)
	        Index Cond: (id = 667193)

table 7 : explain UPDATE sbtest7 SET c='foobar' WHERE id=4982297
	Update on sbtest7  (cost=0.43..8.45 rows=0 width=0)
	  ->  Index Scan using sbtest7_pkey on sbtest7  (cost=0.43..8.45 rows=1 width=490)
	        Index Cond: (id = 4982297)

table 8 : explain UPDATE sbtest8 SET c='foobar' WHERE id=4194149
	Update on sbtest8  (cost=0.43..8.45 rows=0 width=0)
	  ->  Index Scan using sbtest8_pkey on sbtest8  (cost=0.43..8.45 rows=1 width=490)
	        Index Cond: (id = 4194149)

explain: for point_selects :: explain SELECT c FROM sbtest%u WHERE id=%u
for: simple_ranges
table 1 : explain SELECT c FROM sbtest1 WHERE id BETWEEN 1631013 AND 1631112
	Index Scan using sbtest1_pkey on sbtest1  (cost=0.43..368.42 rows=95 width=121)
	  Index Cond: ((id >= 1631013) AND (id <= 1631112))

table 2 : explain SELECT c FROM sbtest2 WHERE id BETWEEN 8950961 AND 8951060
	Index Scan using sbtest2_pkey on sbtest2  (cost=0.43..398.39 rows=103 width=121)
	  Index Cond: ((id >= 8950961) AND (id <= 8951060))

table 3 : explain SELECT c FROM sbtest3 WHERE id BETWEEN 5089611 AND 5089710
	Index Scan using sbtest3_pkey on sbtest3  (cost=0.43..367.24 rows=95 width=121)
	  Index Cond: ((id >= 5089611) AND (id <= 5089710))

table 4 : explain SELECT c FROM sbtest4 WHERE id BETWEEN 1610841 AND 1610940
	Index Scan using sbtest4_pkey on sbtest4  (cost=0.43..362.23 rows=94 width=121)
	  Index Cond: ((id >= 1610841) AND (id <= 1610940))

table 5 : explain SELECT c FROM sbtest5 WHERE id BETWEEN 3950233 AND 3950332
	Index Scan using sbtest5_pkey on sbtest5  (cost=0.43..402.40 rows=104 width=121)
	  Index Cond: ((id >= 3950233) AND (id <= 3950332))

table 6 : explain SELECT c FROM sbtest6 WHERE id BETWEEN 3355057 AND 3355156
	Index Scan using sbtest6_pkey on sbtest6  (cost=0.43..405.06 rows=105 width=121)
	  Index Cond: ((id >= 3355057) AND (id <= 3355156))

table 7 : explain SELECT c FROM sbtest7 WHERE id BETWEEN 9837299 AND 9837398
	Index Scan using sbtest7_pkey on sbtest7  (cost=0.43..409.67 rows=106 width=121)
	  Index Cond: ((id >= 9837299) AND (id <= 9837398))

table 8 : explain SELECT c FROM sbtest8 WHERE id BETWEEN 7602643 AND 7602742
	Index Scan using sbtest8_pkey on sbtest8  (cost=0.43..376.30 rows=98 width=121)
	  Index Cond: ((id >= 7602643) AND (id <= 7602742))

for: simple_ranges
table 1 : explain SELECT c FROM sbtest1 WHERE id BETWEEN 3121025 AND 3121124
	Index Scan using sbtest1_pkey on sbtest1  (cost=0.43..364.59 rows=94 width=121)
	  Index Cond: ((id >= 3121025) AND (id <= 3121124))

table 2 : explain SELECT c FROM sbtest2 WHERE id BETWEEN 5622709 AND 5622808
	Index Scan using sbtest2_pkey on sbtest2  (cost=0.43..448.06 rows=116 width=121)
	  Index Cond: ((id >= 5622709) AND (id <= 5622808))

table 3 : explain SELECT c FROM sbtest3 WHERE id BETWEEN 7377666 AND 7377765
	Index Scan using sbtest3_pkey on sbtest3  (cost=0.43..397.76 rows=103 width=121)
	  Index Cond: ((id >= 7377666) AND (id <= 7377765))

table 4 : explain SELECT c FROM sbtest4 WHERE id BETWEEN 9980815 AND 9980914
	Index Scan using sbtest4_pkey on sbtest4  (cost=0.43..392.70 rows=102 width=121)
	  Index Cond: ((id >= 9980815) AND (id <= 9980914))

table 5 : explain SELECT c FROM sbtest5 WHERE id BETWEEN 1975877 AND 1975976
	Index Scan using sbtest5_pkey on sbtest5  (cost=0.43..406.23 rows=105 width=121)
	  Index Cond: ((id >= 1975877) AND (id <= 1975976))

table 6 : explain SELECT c FROM sbtest6 WHERE id BETWEEN 7467520 AND 7467619
	Index Scan using sbtest6_pkey on sbtest6  (cost=0.43..378.38 rows=98 width=121)
	  Index Cond: ((id >= 7467520) AND (id <= 7467619))

table 7 : explain SELECT c FROM sbtest7 WHERE id BETWEEN 7511666 AND 7511765
	Index Scan using sbtest7_pkey on sbtest7  (cost=0.43..363.84 rows=94 width=121)
	  Index Cond: ((id >= 7511666) AND (id <= 7511765))

table 8 : explain SELECT c FROM sbtest8 WHERE id BETWEEN 6808826 AND 6808925
	Index Scan using sbtest8_pkey on sbtest8  (cost=0.43..334.54 rows=87 width=121)
	  Index Cond: ((id >= 6808826) AND (id <= 6808925))

for: simple_ranges
table 1 : explain SELECT c FROM sbtest1 WHERE id BETWEEN 6190524 AND 6190623
	Index Scan using sbtest1_pkey on sbtest1  (cost=0.43..372.25 rows=96 width=121)
	  Index Cond: ((id >= 6190524) AND (id <= 6190623))

table 2 : explain SELECT c FROM sbtest2 WHERE id BETWEEN 2856182 AND 2856281
	Index Scan using sbtest2_pkey on sbtest2  (cost=0.43..375.46 rows=97 width=121)
	  Index Cond: ((id >= 2856182) AND (id <= 2856281))

table 3 : explain SELECT c FROM sbtest3 WHERE id BETWEEN 5795891 AND 5795990
	Index Scan using sbtest3_pkey on sbtest3  (cost=0.43..401.58 rows=104 width=121)
	  Index Cond: ((id >= 5795891) AND (id <= 5795990))

table 4 : explain SELECT c FROM sbtest4 WHERE id BETWEEN 8293069 AND 8293168
	Index Scan using sbtest4_pkey on sbtest4  (cost=0.43..373.69 rows=97 width=121)
	  Index Cond: ((id >= 8293069) AND (id <= 8293168))

table 5 : explain SELECT c FROM sbtest5 WHERE id BETWEEN 7891658 AND 7891757
	Index Scan using sbtest5_pkey on sbtest5  (cost=0.43..383.29 rows=99 width=121)
	  Index Cond: ((id >= 7891658) AND (id <= 7891757))

table 6 : explain SELECT c FROM sbtest6 WHERE id BETWEEN 6062123 AND 6062222
	Index Scan using sbtest6_pkey on sbtest6  (cost=0.43..386.00 rows=100 width=121)
	  Index Cond: ((id >= 6062123) AND (id <= 6062222))

table 7 : explain SELECT c FROM sbtest7 WHERE id BETWEEN 12683 AND 12782
	Index Scan using sbtest7_pkey on sbtest7  (cost=0.43..421.13 rows=109 width=121)
	  Index Cond: ((id >= 12683) AND (id <= 12782))

table 8 : explain SELECT c FROM sbtest8 WHERE id BETWEEN 2534051 AND 2534150
	Index Scan using sbtest8_pkey on sbtest8  (cost=0.43..376.30 rows=98 width=121)
	  Index Cond: ((id >= 2534051) AND (id <= 2534150))

explain: for deletes :: explain DELETE FROM sbtest%u WHERE id=%u
for: order_ranges
table 1 : explain SELECT c FROM sbtest1 WHERE id BETWEEN 345696 AND 345795 ORDER BY c
	Sort  (cost=394.80..395.06 rows=101 width=121)
	  Sort Key: c
	  ->  Index Scan using sbtest1_pkey on sbtest1  (cost=0.43..391.44 rows=101 width=121)
	        Index Cond: ((id >= 345696) AND (id <= 345795))

table 2 : explain SELECT c FROM sbtest2 WHERE id BETWEEN 6174218 AND 6174317 ORDER BY c
	Sort  (cost=394.11..394.36 rows=101 width=121)
	  Sort Key: c
	  ->  Index Scan using sbtest2_pkey on sbtest2  (cost=0.43..390.74 rows=101 width=121)
	        Index Cond: ((id >= 6174218) AND (id <= 6174317))

table 3 : explain SELECT c FROM sbtest3 WHERE id BETWEEN 1486439 AND 1486538 ORDER BY c
	Sort  (cost=354.89..355.12 rows=91 width=121)
	  Sort Key: c
	  ->  Index Scan using sbtest3_pkey on sbtest3  (cost=0.43..351.93 rows=91 width=121)
	        Index Cond: ((id >= 1486439) AND (id <= 1486538))

table 4 : explain SELECT c FROM sbtest4 WHERE id BETWEEN 154475 AND 154574 ORDER BY c
	Sort  (cost=376.89..377.13 rows=97 width=121)
	  Sort Key: c
	  ->  Index Scan using sbtest4_pkey on sbtest4  (cost=0.43..373.69 rows=97 width=121)
	        Index Cond: ((id >= 154475) AND (id <= 154574))

table 5 : explain SELECT c FROM sbtest5 WHERE id BETWEEN 9319438 AND 9319537 ORDER BY c
	Sort  (cost=398.16..398.41 rows=102 width=121)
	  Sort Key: c
	  ->  Index Scan using sbtest5_pkey on sbtest5  (cost=0.43..394.76 rows=102 width=121)
	        Index Cond: ((id >= 9319438) AND (id <= 9319537))

table 6 : explain SELECT c FROM sbtest6 WHERE id BETWEEN 9042132 AND 9042231 ORDER BY c
	Sort  (cost=393.18..393.43 rows=101 width=121)
	  Sort Key: c
	  ->  Index Scan using sbtest6_pkey on sbtest6  (cost=0.43..389.81 rows=101 width=121)
	        Index Cond: ((id >= 9042132) AND (id <= 9042231))

table 7 : explain SELECT c FROM sbtest7 WHERE id BETWEEN 518357 AND 518456 ORDER BY c
	Sort  (cost=378.50..378.74 rows=97 width=121)
	  Sort Key: c
	  ->  Index Scan using sbtest7_pkey on sbtest7  (cost=0.43..375.30 rows=97 width=121)
	        Index Cond: ((id >= 518357) AND (id <= 518456))

table 8 : explain SELECT c FROM sbtest8 WHERE id BETWEEN 3638246 AND 3638345 ORDER BY c
	Sort  (cost=417.85..418.12 rows=108 width=121)
	  Sort Key: c
	  ->  Index Scan using sbtest8_pkey on sbtest8  (cost=0.43..414.20 rows=108 width=121)
	        Index Cond: ((id >= 3638246) AND (id <= 3638345))

for deletes
table 1 : explain DELETE FROM sbtest1 WHERE id=7655199
	Delete on sbtest1  (cost=0.43..8.45 rows=0 width=0)
	  ->  Index Scan using sbtest1_pkey on sbtest1  (cost=0.43..8.45 rows=1 width=6)
	        Index Cond: (id = 7655199)

table 2 : explain DELETE FROM sbtest2 WHERE id=1167075
	Delete on sbtest2  (cost=0.43..8.45 rows=0 width=0)
	  ->  Index Scan using sbtest2_pkey on sbtest2  (cost=0.43..8.45 rows=1 width=6)
	        Index Cond: (id = 1167075)

table 3 : explain DELETE FROM sbtest3 WHERE id=5453426
	Delete on sbtest3  (cost=0.43..8.45 rows=0 width=0)
	  ->  Index Scan using sbtest3_pkey on sbtest3  (cost=0.43..8.45 rows=1 width=6)
	        Index Cond: (id = 5453426)

table 4 : explain DELETE FROM sbtest4 WHERE id=7979043
	Delete on sbtest4  (cost=0.43..8.45 rows=0 width=0)
	  ->  Index Scan using sbtest4_pkey on sbtest4  (cost=0.43..8.45 rows=1 width=6)
	        Index Cond: (id = 7979043)

table 5 : explain DELETE FROM sbtest5 WHERE id=9135548
	Delete on sbtest5  (cost=0.43..8.45 rows=0 width=0)
	  ->  Index Scan using sbtest5_pkey on sbtest5  (cost=0.43..8.45 rows=1 width=6)
	        Index Cond: (id = 9135548)

table 6 : explain DELETE FROM sbtest6 WHERE id=285000
	Delete on sbtest6  (cost=0.43..8.45 rows=0 width=0)
	  ->  Index Scan using sbtest6_pkey on sbtest6  (cost=0.43..8.45 rows=1 width=6)
	        Index Cond: (id = 285000)

table 7 : explain DELETE FROM sbtest7 WHERE id=926415
	Delete on sbtest7  (cost=0.43..8.45 rows=0 width=0)
	  ->  Index Scan using sbtest7_pkey on sbtest7  (cost=0.43..8.45 rows=1 width=6)
	        Index Cond: (id = 926415)

table 8 : explain DELETE FROM sbtest8 WHERE id=2109291
	Delete on sbtest8  (cost=0.43..8.45 rows=0 width=0)
	  ->  Index Scan using sbtest8_pkey on sbtest8  (cost=0.43..8.45 rows=1 width=6)
	        Index Cond: (id = 2109291)

for: simple_ranges
table 1 : explain SELECT c FROM sbtest1 WHERE id BETWEEN 915543 AND 915642
	Index Scan using sbtest1_pkey on sbtest1  (cost=0.43..376.08 rows=97 width=121)
	  Index Cond: ((id >= 915543) AND (id <= 915642))

table 2 : explain SELECT c FROM sbtest2 WHERE id BETWEEN 2843459 AND 2843558
	Index Scan using sbtest2_pkey on sbtest2  (cost=0.43..375.46 rows=97 width=121)
	  Index Cond: ((id >= 2843459) AND (id <= 2843558))

table 3 : explain SELECT c FROM sbtest3 WHERE id BETWEEN 4065123 AND 4065222
	Index Scan using sbtest3_pkey on sbtest3  (cost=0.43..393.95 rows=102 width=121)
	  Index Cond: ((id >= 4065123) AND (id <= 4065222))

table 4 : explain SELECT c FROM sbtest4 WHERE id BETWEEN 851910 AND 852009
	Index Scan using sbtest4_pkey on sbtest4  (cost=0.43..396.51 rows=103 width=121)
	  Index Cond: ((id >= 851910) AND (id <= 852009))

table 5 : explain SELECT c FROM sbtest5 WHERE id BETWEEN 7464150 AND 7464249
	Index Scan using sbtest5_pkey on sbtest5  (cost=0.43..379.46 rows=98 width=121)
	  Index Cond: ((id >= 7464150) AND (id <= 7464249))

table 6 : explain SELECT c FROM sbtest6 WHERE id BETWEEN 6981387 AND 6981486
	Index Scan using sbtest6_pkey on sbtest6  (cost=0.43..424.12 rows=110 width=121)
	  Index Cond: ((id >= 6981387) AND (id <= 6981486))

table 7 : explain SELECT c FROM sbtest7 WHERE id BETWEEN 2343629 AND 2343728
	Index Scan using sbtest7_pkey on sbtest7  (cost=0.43..382.94 rows=99 width=121)
	  Index Cond: ((id >= 2343629) AND (id <= 2343728))

table 8 : explain SELECT c FROM sbtest8 WHERE id BETWEEN 7921305 AND 7921404
	Index Scan using sbtest8_pkey on sbtest8  (cost=0.43..391.46 rows=102 width=121)
	  Index Cond: ((id >= 7921305) AND (id <= 7921404))

explain: for inserts :: explain INSERT INTO sbtest%u (id, k, c, pad) VALUES (%u, 13, 'foobar', 'foobar')
for: simple_ranges
table 1 : explain SELECT c FROM sbtest1 WHERE id BETWEEN 8342286 AND 8342385
	Index Scan using sbtest1_pkey on sbtest1  (cost=0.43..364.59 rows=94 width=121)
	  Index Cond: ((id >= 8342286) AND (id <= 8342385))

table 2 : explain SELECT c FROM sbtest2 WHERE id BETWEEN 6326928 AND 6327027
	Index Scan using sbtest2_pkey on sbtest2  (cost=0.43..386.92 rows=100 width=121)
	  Index Cond: ((id >= 6326928) AND (id <= 6327027))

table 3 : explain SELECT c FROM sbtest3 WHERE id BETWEEN 6878306 AND 6878405
	Index Scan using sbtest3_pkey on sbtest3  (cost=0.43..382.50 rows=99 width=121)
	  Index Cond: ((id >= 6878306) AND (id <= 6878405))

table 4 : explain SELECT c FROM sbtest4 WHERE id BETWEEN 9701971 AND 9702070
	Index Scan using sbtest4_pkey on sbtest4  (cost=0.43..362.23 rows=94 width=121)
	  Index Cond: ((id >= 9701971) AND (id <= 9702070))

table 5 : explain SELECT c FROM sbtest5 WHERE id BETWEEN 7604382 AND 7604481
	Index Scan using sbtest5_pkey on sbtest5  (cost=0.43..383.29 rows=99 width=121)
	  Index Cond: ((id >= 7604382) AND (id <= 7604481))

table 6 : explain SELECT c FROM sbtest6 WHERE id BETWEEN 913537 AND 913636
	Index Scan using sbtest6_pkey on sbtest6  (cost=0.43..389.81 rows=101 width=121)
	  Index Cond: ((id >= 913537) AND (id <= 913636))

table 7 : explain SELECT c FROM sbtest7 WHERE id BETWEEN 9440602 AND 9440701
	Index Scan using sbtest7_pkey on sbtest7  (cost=0.43..398.21 rows=103 width=121)
	  Index Cond: ((id >= 9440602) AND (id <= 9440701))

table 8 : explain SELECT c FROM sbtest8 WHERE id BETWEEN 3537425 AND 3537524
	Index Scan using sbtest8_pkey on sbtest8  (cost=0.43..380.09 rows=99 width=121)
	  Index Cond: ((id >= 3537425) AND (id <= 3537524))

for point_selects
table 1 : explain SELECT c FROM sbtest1 WHERE id=8778814
	Index Scan using sbtest1_pkey on sbtest1  (cost=0.43..8.45 rows=1 width=121)
	  Index Cond: (id = 8778814)

table 2 : explain SELECT c FROM sbtest2 WHERE id=8054944
	Index Scan using sbtest2_pkey on sbtest2  (cost=0.43..8.45 rows=1 width=121)
	  Index Cond: (id = 8054944)

table 3 : explain SELECT c FROM sbtest3 WHERE id=1607796
	Index Scan using sbtest3_pkey on sbtest3  (cost=0.43..8.45 rows=1 width=121)
	  Index Cond: (id = 1607796)

table 4 : explain SELECT c FROM sbtest4 WHERE id=1839069
	Index Scan using sbtest4_pkey on sbtest4  (cost=0.43..8.45 rows=1 width=121)
	  Index Cond: (id = 1839069)

table 5 : explain SELECT c FROM sbtest5 WHERE id=5729097
	Index Scan using sbtest5_pkey on sbtest5  (cost=0.43..8.45 rows=1 width=121)
	  Index Cond: (id = 5729097)

table 6 : explain SELECT c FROM sbtest6 WHERE id=9788335
	Index Scan using sbtest6_pkey on sbtest6  (cost=0.43..8.45 rows=1 width=121)
	  Index Cond: (id = 9788335)

table 7 : explain SELECT c FROM sbtest7 WHERE id=4194563
	Index Scan using sbtest7_pkey on sbtest7  (cost=0.43..8.45 rows=1 width=121)
	  Index Cond: (id = 4194563)

table 8 : explain SELECT c FROM sbtest8 WHERE id=8519423
	Index Scan using sbtest8_pkey on sbtest8  (cost=0.43..8.45 rows=1 width=121)
	  Index Cond: (id = 8519423)

for: distinct_ranges
table 1 : explain SELECT DISTINCT c FROM sbtest1 WHERE id BETWEEN 4757703 AND 4757802 ORDER BY c
	Unique  (cost=418.02..418.55 rows=107 width=121)
	  ->  Sort  (cost=418.02..418.29 rows=107 width=121)
	        Sort Key: c
	        ->  Index Scan using sbtest1_pkey on sbtest1  (cost=0.43..414.41 rows=107 width=121)
	              Index Cond: ((id >= 4757703) AND (id <= 4757802))

table 2 : explain SELECT DISTINCT c FROM sbtest2 WHERE id BETWEEN 8042581 AND 8042680 ORDER BY c
	Unique  (cost=374.80..375.28 rows=96 width=121)
	  ->  Sort  (cost=374.80..375.04 rows=96 width=121)
	        Sort Key: c
	        ->  Index Scan using sbtest2_pkey on sbtest2  (cost=0.43..371.64 rows=96 width=121)
	              Index Cond: ((id >= 8042581) AND (id <= 8042680))

table 3 : explain SELECT DISTINCT c FROM sbtest3 WHERE id BETWEEN 6530399 AND 6530498 ORDER BY c
	Unique  (cost=389.64..390.14 rows=100 width=121)
	  ->  Sort  (cost=389.64..389.89 rows=100 width=121)
	        Sort Key: c
	        ->  Index Scan using sbtest3_pkey on sbtest3  (cost=0.43..386.32 rows=100 width=121)
	              Index Cond: ((id >= 6530399) AND (id <= 6530498))

table 4 : explain SELECT DISTINCT c FROM sbtest4 WHERE id BETWEEN 5550707 AND 5550806 ORDER BY c
	Unique  (cost=369.15..369.62 rows=95 width=121)
	  ->  Sort  (cost=369.15..369.39 rows=95 width=121)
	        Sort Key: c
	        ->  Index Scan using sbtest4_pkey on sbtest4  (cost=0.43..366.03 rows=95 width=121)
	              Index Cond: ((id >= 5550707) AND (id <= 5550806))

table 5 : explain SELECT DISTINCT c FROM sbtest5 WHERE id BETWEEN 7387512 AND 7387611 ORDER BY c
	Unique  (cost=432.94..433.49 rows=111 width=121)
	  ->  Sort  (cost=432.94..433.22 rows=111 width=121)
	        Sort Key: c
	        ->  Index Scan using sbtest5_pkey on sbtest5  (cost=0.43..429.17 rows=111 width=121)
	              Index Cond: ((id >= 7387512) AND (id <= 7387611))

table 6 : explain SELECT DISTINCT c FROM sbtest6 WHERE id BETWEEN 4477857 AND 4477956 ORDER BY c
	Unique  (cost=400.88..401.40 rows=103 width=121)
	  ->  Sort  (cost=400.88..401.14 rows=103 width=121)
	        Sort Key: c
	        ->  Index Scan using sbtest6_pkey on sbtest6  (cost=0.43..397.44 rows=103 width=121)
	              Index Cond: ((id >= 4477857) AND (id <= 4477956))

table 7 : explain SELECT DISTINCT c FROM sbtest7 WHERE id BETWEEN 7752840 AND 7752939 ORDER BY c
	Unique  (cost=374.64..375.12 rows=96 width=121)
	  ->  Sort  (cost=374.64..374.88 rows=96 width=121)
	        Sort Key: c
	        ->  Index Scan using sbtest7_pkey on sbtest7  (cost=0.43..371.48 rows=96 width=121)
	              Index Cond: ((id >= 7752840) AND (id <= 7752939))

table 8 : explain SELECT DISTINCT c FROM sbtest8 WHERE id BETWEEN 2601169 AND 2601268 ORDER BY c
	Unique  (cost=379.54..380.03 rows=98 width=121)
	  ->  Sort  (cost=379.54..379.78 rows=98 width=121)
	        Sort Key: c
	        ->  Index Scan using sbtest8_pkey on sbtest8  (cost=0.43..376.30 rows=98 width=121)
	              Index Cond: ((id >= 2601169) AND (id <= 2601268))

for deletes
table 1 : explain DELETE FROM sbtest1 WHERE id=97419
	Delete on sbtest1  (cost=0.43..8.45 rows=0 width=0)
	  ->  Index Scan using sbtest1_pkey on sbtest1  (cost=0.43..8.45 rows=1 width=6)
	        Index Cond: (id = 97419)

table 2 : explain DELETE FROM sbtest2 WHERE id=8916668
	Delete on sbtest2  (cost=0.43..8.45 rows=0 width=0)
	  ->  Index Scan using sbtest2_pkey on sbtest2  (cost=0.43..8.45 rows=1 width=6)
	        Index Cond: (id = 8916668)

table 3 : explain DELETE FROM sbtest3 WHERE id=3485921
	Delete on sbtest3  (cost=0.43..8.45 rows=0 width=0)
	  ->  Index Scan using sbtest3_pkey on sbtest3  (cost=0.43..8.45 rows=1 width=6)
	        Index Cond: (id = 3485921)

table 4 : explain DELETE FROM sbtest4 WHERE id=2083329
	Delete on sbtest4  (cost=0.43..8.45 rows=0 width=0)
	  ->  Index Scan using sbtest4_pkey on sbtest4  (cost=0.43..8.45 rows=1 width=6)
	        Index Cond: (id = 2083329)

table 5 : explain DELETE FROM sbtest5 WHERE id=9772046
	Delete on sbtest5  (cost=0.43..8.45 rows=0 width=0)
	  ->  Index Scan using sbtest5_pkey on sbtest5  (cost=0.43..8.45 rows=1 width=6)
	        Index Cond: (id = 9772046)

table 6 : explain DELETE FROM sbtest6 WHERE id=8820703
	Delete on sbtest6  (cost=0.43..8.45 rows=0 width=0)
	  ->  Index Scan using sbtest6_pkey on sbtest6  (cost=0.43..8.45 rows=1 width=6)
	        Index Cond: (id = 8820703)

table 7 : explain DELETE FROM sbtest7 WHERE id=2083481
	Delete on sbtest7  (cost=0.43..8.45 rows=0 width=0)
	  ->  Index Scan using sbtest7_pkey on sbtest7  (cost=0.43..8.45 rows=1 width=6)
	        Index Cond: (id = 2083481)

table 8 : explain DELETE FROM sbtest8 WHERE id=3040197
	Delete on sbtest8  (cost=0.43..8.45 rows=0 width=0)
	  ->  Index Scan using sbtest8_pkey on sbtest8  (cost=0.43..8.45 rows=1 width=6)
	        Index Cond: (id = 3040197)

for: distinct_ranges
table 1 : explain SELECT DISTINCT c FROM sbtest1 WHERE id BETWEEN 9759858 AND 9759957 ORDER BY c
	Unique  (cost=390.93..391.43 rows=100 width=121)
	  ->  Sort  (cost=390.93..391.18 rows=100 width=121)
	        Sort Key: c
	        ->  Index Scan using sbtest1_pkey on sbtest1  (cost=0.43..387.61 rows=100 width=121)
	              Index Cond: ((id >= 9759858) AND (id <= 9759957))

table 2 : explain SELECT DISTINCT c FROM sbtest2 WHERE id BETWEEN 7336479 AND 7336578 ORDER BY c
	Unique  (cost=359.30..359.76 rows=92 width=121)
	  ->  Sort  (cost=359.30..359.53 rows=92 width=121)
	        Sort Key: c
	        ->  Index Scan using sbtest2_pkey on sbtest2  (cost=0.43..356.30 rows=92 width=121)
	              Index Cond: ((id >= 7336479) AND (id <= 7336578))

table 3 : explain SELECT DISTINCT c FROM sbtest3 WHERE id BETWEEN 8636190 AND 8636289 ORDER BY c
	Unique  (cost=389.64..390.14 rows=100 width=121)
	  ->  Sort  (cost=389.64..389.89 rows=100 width=121)
	        Sort Key: c
	        ->  Index Scan using sbtest3_pkey on sbtest3  (cost=0.43..386.32 rows=100 width=121)
	              Index Cond: ((id >= 8636190) AND (id <= 8636289))

table 4 : explain SELECT DISTINCT c FROM sbtest4 WHERE id BETWEEN 2831574 AND 2831673 ORDER BY c
	Unique  (cost=388.42..388.92 rows=100 width=121)
	  ->  Sort  (cost=388.42..388.67 rows=100 width=121)
	        Sort Key: c
	        ->  Index Scan using sbtest4_pkey on sbtest4  (cost=0.43..385.10 rows=100 width=121)
	              Index Cond: ((id >= 2831574) AND (id <= 2831673))

table 5 : explain SELECT DISTINCT c FROM sbtest5 WHERE id BETWEEN 167736 AND 167835 ORDER BY c
	Unique  (cost=374.98..375.46 rows=96 width=121)
	  ->  Sort  (cost=374.98..375.22 rows=96 width=121)
	        Sort Key: c
	        ->  Index Scan using sbtest5_pkey on sbtest5  (cost=0.43..371.82 rows=96 width=121)
	              Index Cond: ((id >= 167736) AND (id <= 167835))

table 6 : explain SELECT DISTINCT c FROM sbtest6 WHERE id BETWEEN 8032766 AND 8032865 ORDER BY c
	Unique  (cost=400.88..401.40 rows=103 width=121)
	  ->  Sort  (cost=400.88..401.14 rows=103 width=121)
	        Sort Key: c
	        ->  Index Scan using sbtest6_pkey on sbtest6  (cost=0.43..397.44 rows=103 width=121)
	              Index Cond: ((id >= 8032766) AND (id <= 8032865))

table 7 : explain SELECT DISTINCT c FROM sbtest7 WHERE id BETWEEN 4993251 AND 4993350 ORDER BY c
	Unique  (cost=378.50..378.98 rows=97 width=121)
	  ->  Sort  (cost=378.50..378.74 rows=97 width=121)
	        Sort Key: c
	        ->  Index Scan using sbtest7_pkey on sbtest7  (cost=0.43..375.30 rows=97 width=121)
	              Index Cond: ((id >= 4993251) AND (id <= 4993350))

table 8 : explain SELECT DISTINCT c FROM sbtest8 WHERE id BETWEEN 9194173 AND 9194272 ORDER BY c
	Unique  (cost=364.22..364.69 rows=94 width=121)
	  ->  Sort  (cost=364.22..364.45 rows=94 width=121)
	        Sort Key: c
	        ->  Index Scan using sbtest8_pkey on sbtest8  (cost=0.43..361.13 rows=94 width=121)
	              Index Cond: ((id >= 9194173) AND (id <= 9194272))

for: sum_ranges
table 1 : explain SELECT SUM(k) FROM sbtest1 WHERE id BETWEEN 1241576 AND 1241675
	Aggregate  (cost=384.03..384.04 rows=1 width=8)
	  ->  Index Scan using sbtest1_pkey on sbtest1  (cost=0.43..383.78 rows=99 width=4)
	        Index Cond: ((id >= 1241576) AND (id <= 1241675))

table 2 : explain SELECT SUM(k) FROM sbtest2 WHERE id BETWEEN 2675654 AND 2675753
	Aggregate  (cost=394.82..394.83 rows=1 width=8)
	  ->  Index Scan using sbtest2_pkey on sbtest2  (cost=0.43..394.56 rows=102 width=4)
	        Index Cond: ((id >= 2675654) AND (id <= 2675753))

table 3 : explain SELECT SUM(k) FROM sbtest3 WHERE id BETWEEN 1945769 AND 1945868
	Aggregate  (cost=363.61..363.62 rows=1 width=8)
	  ->  Index Scan using sbtest3_pkey on sbtest3  (cost=0.43..363.37 rows=94 width=4)
	        Index Cond: ((id >= 1945769) AND (id <= 1945868))

table 4 : explain SELECT SUM(k) FROM sbtest4 WHERE id BETWEEN 2673127 AND 2673226
	Aggregate  (cost=392.96..392.97 rows=1 width=8)
	  ->  Index Scan using sbtest4_pkey on sbtest4  (cost=0.43..392.70 rows=102 width=4)
	        Index Cond: ((id >= 2673127) AND (id <= 2673226))

table 5 : explain SELECT SUM(k) FROM sbtest5 WHERE id BETWEEN 6962039 AND 6962138
	Aggregate  (cost=379.71..379.72 rows=1 width=8)
	  ->  Index Scan using sbtest5_pkey on sbtest5  (cost=0.43..379.46 rows=98 width=4)
	        Index Cond: ((id >= 6962039) AND (id <= 6962138))

table 6 : explain SELECT SUM(k) FROM sbtest6 WHERE id BETWEEN 3664226 AND 3664325
	Aggregate  (cost=359.55..359.56 rows=1 width=8)
	  ->  Index Scan using sbtest6_pkey on sbtest6  (cost=0.43..359.32 rows=93 width=4)
	        Index Cond: ((id >= 3664226) AND (id <= 3664325))

table 7 : explain SELECT SUM(k) FROM sbtest7 WHERE id BETWEEN 114031 AND 114130
	Aggregate  (cost=356.43..356.44 rows=1 width=8)
	  ->  Index Scan using sbtest7_pkey on sbtest7  (cost=0.43..356.20 rows=92 width=4)
	        Index Cond: ((id >= 114031) AND (id <= 114130))

table 8 : explain SELECT SUM(k) FROM sbtest8 WHERE id BETWEEN 7637152 AND 7637251
	Aggregate  (cost=425.85..425.86 rows=1 width=8)
	  ->  Index Scan using sbtest8_pkey on sbtest8  (cost=0.43..425.57 rows=111 width=4)
	        Index Cond: ((id >= 7637152) AND (id <= 7637251))

for inserts
table 1 : explain INSERT INTO sbtest1 (id, k, c, pad) VALUES (7922002, 13, 'foobar', 'foobar')
	Insert on sbtest1  (cost=0.00..0.01 rows=0 width=0)
	  ->  Result  (cost=0.00..0.01 rows=1 width=736)

table 2 : explain INSERT INTO sbtest2 (id, k, c, pad) VALUES (5193708, 13, 'foobar', 'foobar')
	Insert on sbtest2  (cost=0.00..0.01 rows=0 width=0)
	  ->  Result  (cost=0.00..0.01 rows=1 width=736)

table 3 : explain INSERT INTO sbtest3 (id, k, c, pad) VALUES (3427091, 13, 'foobar', 'foobar')
	Insert on sbtest3  (cost=0.00..0.01 rows=0 width=0)
	  ->  Result  (cost=0.00..0.01 rows=1 width=736)

table 4 : explain INSERT INTO sbtest4 (id, k, c, pad) VALUES (56122, 13, 'foobar', 'foobar')
	Insert on sbtest4  (cost=0.00..0.01 rows=0 width=0)
	  ->  Result  (cost=0.00..0.01 rows=1 width=736)

table 5 : explain INSERT INTO sbtest5 (id, k, c, pad) VALUES (2015028, 13, 'foobar', 'foobar')
	Insert on sbtest5  (cost=0.00..0.01 rows=0 width=0)
	  ->  Result  (cost=0.00..0.01 rows=1 width=736)

table 6 : explain INSERT INTO sbtest6 (id, k, c, pad) VALUES (5946713, 13, 'foobar', 'foobar')
	Insert on sbtest6  (cost=0.00..0.01 rows=0 width=0)
	  ->  Result  (cost=0.00..0.01 rows=1 width=736)

table 7 : explain INSERT INTO sbtest7 (id, k, c, pad) VALUES (4428919, 13, 'foobar', 'foobar')
	Insert on sbtest7  (cost=0.00..0.01 rows=0 width=0)
	  ->  Result  (cost=0.00..0.01 rows=1 width=736)

table 8 : explain INSERT INTO sbtest8 (id, k, c, pad) VALUES (4354575, 13, 'foobar', 'foobar')
	Insert on sbtest8  (cost=0.00..0.01 rows=0 width=0)
	  ->  Result  (cost=0.00..0.01 rows=1 width=736)

explain: for index_updates :: explain UPDATE sbtest%u SET k=k+1 WHERE id=%u
explain: for index_updates :: explain UPDATE sbtest%u SET k=k+1 WHERE id=%u
for: sum_ranges
table 1 : explain SELECT SUM(k) FROM sbtest1 WHERE id BETWEEN 5599310 AND 5599409
	Aggregate  (cost=395.52..395.53 rows=1 width=8)
	  ->  Index Scan using sbtest1_pkey on sbtest1  (cost=0.43..395.27 rows=102 width=4)
	        Index Cond: ((id >= 5599310) AND (id <= 5599409))

table 2 : explain SELECT SUM(k) FROM sbtest2 WHERE id BETWEEN 2596909 AND 2597008
	Aggregate  (cost=391.00..391.01 rows=1 width=8)
	  ->  Index Scan using sbtest2_pkey on sbtest2  (cost=0.43..390.74 rows=101 width=4)
	        Index Cond: ((id >= 2596909) AND (id <= 2597008))

table 3 : explain SELECT SUM(k) FROM sbtest3 WHERE id BETWEEN 5129999 AND 5130098
	Aggregate  (cost=329.25..329.26 rows=1 width=8)
	  ->  Index Scan using sbtest3_pkey on sbtest3  (cost=0.43..329.04 rows=85 width=4)
	        Index Cond: ((id >= 5129999) AND (id <= 5130098))

table 4 : explain SELECT SUM(k) FROM sbtest4 WHERE id BETWEEN 4903812 AND 4903911
	Aggregate  (cost=392.96..392.97 rows=1 width=8)
	  ->  Index Scan using sbtest4_pkey on sbtest4  (cost=0.43..392.70 rows=102 width=4)
	        Index Cond: ((id >= 4903812) AND (id <= 4903911))

table 5 : explain SELECT SUM(k) FROM sbtest5 WHERE id BETWEEN 6714507 AND 6714606
	Aggregate  (cost=349.10..349.11 rows=1 width=8)
	  ->  Index Scan using sbtest5_pkey on sbtest5  (cost=0.43..348.88 rows=90 width=4)
	        Index Cond: ((id >= 6714507) AND (id <= 6714606))

table 6 : explain SELECT SUM(k) FROM sbtest6 WHERE id BETWEEN 4816995 AND 4817094
	Aggregate  (cost=378.62..378.63 rows=1 width=8)
	  ->  Index Scan using sbtest6_pkey on sbtest6  (cost=0.43..378.38 rows=98 width=4)
	        Index Cond: ((id >= 4816995) AND (id <= 4817094))

table 7 : explain SELECT SUM(k) FROM sbtest7 WHERE id BETWEEN 4645434 AND 4645533
	Aggregate  (cost=398.47..398.48 rows=1 width=8)
	  ->  Index Scan using sbtest7_pkey on sbtest7  (cost=0.43..398.21 rows=103 width=4)
	        Index Cond: ((id >= 4645434) AND (id <= 4645533))

table 8 : explain SELECT SUM(k) FROM sbtest8 WHERE id BETWEEN 6883084 AND 6883183
	Aggregate  (cost=357.58..357.59 rows=1 width=8)
	  ->  Index Scan using sbtest8_pkey on sbtest8  (cost=0.43..357.34 rows=93 width=4)
	        Index Cond: ((id >= 6883084) AND (id <= 6883183))

for: sum_ranges
table 1 : explain SELECT SUM(k) FROM sbtest1 WHERE id BETWEEN 4216794 AND 4216893
	Aggregate  (cost=410.85..410.86 rows=1 width=8)
	  ->  Index Scan using sbtest1_pkey on sbtest1  (cost=0.43..410.58 rows=106 width=4)
	        Index Cond: ((id >= 4216794) AND (id <= 4216893))

table 2 : explain SELECT SUM(k) FROM sbtest2 WHERE id BETWEEN 4597448 AND 4597547
	Aggregate  (cost=356.53..356.54 rows=1 width=8)
	  ->  Index Scan using sbtest2_pkey on sbtest2  (cost=0.43..356.30 rows=92 width=4)
	        Index Cond: ((id >= 4597448) AND (id <= 4597547))

table 3 : explain SELECT SUM(k) FROM sbtest3 WHERE id BETWEEN 5094785 AND 5094884
	Aggregate  (cost=367.48..367.49 rows=1 width=8)
	  ->  Index Scan using sbtest3_pkey on sbtest3  (cost=0.43..367.24 rows=95 width=4)
	        Index Cond: ((id >= 5094785) AND (id <= 5094884))

table 4 : explain SELECT SUM(k) FROM sbtest4 WHERE id BETWEEN 8105453 AND 8105552
	Aggregate  (cost=453.84..453.85 rows=1 width=8)
	  ->  Index Scan using sbtest4_pkey on sbtest4  (cost=0.43..453.55 rows=118 width=4)
	        Index Cond: ((id >= 8105453) AND (id <= 8105552))

table 5 : explain SELECT SUM(k) FROM sbtest5 WHERE id BETWEEN 3696670 AND 3696769
	Aggregate  (cost=387.36..387.37 rows=1 width=8)
	  ->  Index Scan using sbtest5_pkey on sbtest5  (cost=0.43..387.11 rows=100 width=4)
	        Index Cond: ((id >= 3696670) AND (id <= 3696769))

table 6 : explain SELECT SUM(k) FROM sbtest6 WHERE id BETWEEN 4854010 AND 4854109
	Aggregate  (cost=370.99..371.00 rows=1 width=8)
	  ->  Index Scan using sbtest6_pkey on sbtest6  (cost=0.43..370.75 rows=96 width=4)
	        Index Cond: ((id >= 4854010) AND (id <= 4854109))

table 7 : explain SELECT SUM(k) FROM sbtest7 WHERE id BETWEEN 5032886 AND 5032985
	Aggregate  (cost=383.18..383.19 rows=1 width=8)
	  ->  Index Scan using sbtest7_pkey on sbtest7  (cost=0.43..382.94 rows=99 width=4)
	        Index Cond: ((id >= 5032886) AND (id <= 5032985))

table 8 : explain SELECT SUM(k) FROM sbtest8 WHERE id BETWEEN 8720007 AND 8720106
	Aggregate  (cost=384.13..384.14 rows=1 width=8)
	  ->  Index Scan using sbtest8_pkey on sbtest8  (cost=0.43..383.88 rows=100 width=4)
	        Index Cond: ((id >= 8720007) AND (id <= 8720106))

explain: for inserts :: explain INSERT INTO sbtest%u (id, k, c, pad) VALUES (%u, 13, 'foobar', 'foobar')
explain: for inserts :: explain INSERT INTO sbtest%u (id, k, c, pad) VALUES (%u, 13, 'foobar', 'foobar')
for: sum_ranges
table 1 : explain SELECT SUM(k) FROM sbtest1 WHERE id BETWEEN 6205218 AND 6205317
	Aggregate  (cost=368.66..368.67 rows=1 width=8)
	  ->  Index Scan using sbtest1_pkey on sbtest1  (cost=0.43..368.42 rows=95 width=4)
	        Index Cond: ((id >= 6205218) AND (id <= 6205317))

table 2 : explain SELECT SUM(k) FROM sbtest2 WHERE id BETWEEN 9213248 AND 9213347
	Aggregate  (cost=368.05..368.06 rows=1 width=8)
	  ->  Index Scan using sbtest2_pkey on sbtest2  (cost=0.43..367.81 rows=95 width=4)
	        Index Cond: ((id >= 9213248) AND (id <= 9213347))

table 3 : explain SELECT SUM(k) FROM sbtest3 WHERE id BETWEEN 9899532 AND 9899631
	Aggregate  (cost=378.93..378.94 rows=1 width=8)
	  ->  Index Scan using sbtest3_pkey on sbtest3  (cost=0.43..378.69 rows=98 width=4)
	        Index Cond: ((id >= 9899532) AND (id <= 9899631))

table 4 : explain SELECT SUM(k) FROM sbtest4 WHERE id BETWEEN 6320285 AND 6320384
	Aggregate  (cost=389.15..389.16 rows=1 width=8)
	  ->  Index Scan using sbtest4_pkey on sbtest4  (cost=0.43..388.90 rows=101 width=4)
	        Index Cond: ((id >= 6320285) AND (id <= 6320384))

table 5 : explain SELECT SUM(k) FROM sbtest5 WHERE id BETWEEN 488169 AND 488268
	Aggregate  (cost=414.14..414.15 rows=1 width=8)
	  ->  Index Scan using sbtest5_pkey on sbtest5  (cost=0.43..413.87 rows=107 width=4)
	        Index Cond: ((id >= 488169) AND (id <= 488268))

table 6 : explain SELECT SUM(k) FROM sbtest6 WHERE id BETWEEN 6518084 AND 6518183
	Aggregate  (cost=370.99..371.00 rows=1 width=8)
	  ->  Index Scan using sbtest6_pkey on sbtest6  (cost=0.43..370.75 rows=96 width=4)
	        Index Cond: ((id >= 6518084) AND (id <= 6518183))

table 7 : explain SELECT SUM(k) FROM sbtest7 WHERE id BETWEEN 8191147 AND 8191246
	Aggregate  (cost=367.89..367.90 rows=1 width=8)
	  ->  Index Scan using sbtest7_pkey on sbtest7  (cost=0.43..367.66 rows=95 width=4)
	        Index Cond: ((id >= 8191147) AND (id <= 8191246))

table 8 : explain SELECT SUM(k) FROM sbtest8 WHERE id BETWEEN 6160847 AND 6160946
	Aggregate  (cost=380.33..380.34 rows=1 width=8)
	  ->  Index Scan using sbtest8_pkey on sbtest8  (cost=0.43..380.09 rows=99 width=4)
	        Index Cond: ((id >= 6160847) AND (id <= 6160946))

for: sum_ranges
table 1 : explain SELECT SUM(k) FROM sbtest1 WHERE id BETWEEN 2329084 AND 2329183
	Aggregate  (cost=403.19..403.20 rows=1 width=8)
	  ->  Index Scan using sbtest1_pkey on sbtest1  (cost=0.43..402.93 rows=104 width=4)
	        Index Cond: ((id >= 2329084) AND (id <= 2329183))

table 2 : explain SELECT SUM(k) FROM sbtest2 WHERE id BETWEEN 8616593 AND 8616692
	Aggregate  (cost=348.88..348.89 rows=1 width=8)
	  ->  Index Scan using sbtest2_pkey on sbtest2  (cost=0.43..348.66 rows=90 width=4)
	        Index Cond: ((id >= 8616593) AND (id <= 8616692))

table 3 : explain SELECT SUM(k) FROM sbtest3 WHERE id BETWEEN 9664189 AND 9664288
	Aggregate  (cost=401.84..401.85 rows=1 width=8)
	  ->  Index Scan using sbtest3_pkey on sbtest3  (cost=0.43..401.58 rows=104 width=4)
	        Index Cond: ((id >= 9664189) AND (id <= 9664288))

table 4 : explain SELECT SUM(k) FROM sbtest4 WHERE id BETWEEN 660982 AND 661081
	Aggregate  (cost=396.76..396.77 rows=1 width=8)
	  ->  Index Scan using sbtest4_pkey on sbtest4  (cost=0.43..396.51 rows=103 width=4)
	        Index Cond: ((id >= 660982) AND (id <= 661081))

table 5 : explain SELECT SUM(k) FROM sbtest5 WHERE id BETWEEN 4259574 AND 4259673
	Aggregate  (cost=414.14..414.15 rows=1 width=8)
	  ->  Index Scan using sbtest5_pkey on sbtest5  (cost=0.43..413.87 rows=107 width=4)
	        Index Cond: ((id >= 4259574) AND (id <= 4259673))

table 6 : explain SELECT SUM(k) FROM sbtest6 WHERE id BETWEEN 6641549 AND 6641648
	Aggregate  (cost=409.14..409.15 rows=1 width=8)
	  ->  Index Scan using sbtest6_pkey on sbtest6  (cost=0.43..408.88 rows=106 width=4)
	        Index Cond: ((id >= 6641549) AND (id <= 6641648))

table 7 : explain SELECT SUM(k) FROM sbtest7 WHERE id BETWEEN 9180992 AND 9181091
	Aggregate  (cost=387.01..387.02 rows=1 width=8)
	  ->  Index Scan using sbtest7_pkey on sbtest7  (cost=0.43..386.76 rows=100 width=4)
	        Index Cond: ((id >= 9180992) AND (id <= 9181091))

table 8 : explain SELECT SUM(k) FROM sbtest8 WHERE id BETWEEN 6447819 AND 6447918
	Aggregate  (cost=349.93..349.94 rows=1 width=8)
	  ->  Index Scan using sbtest8_pkey on sbtest8  (cost=0.43..349.71 rows=91 width=4)
	        Index Cond: ((id >= 6447819) AND (id <= 6447918))

for point_selects
table 1 : explain SELECT c FROM sbtest1 WHERE id=4857780
	Index Scan using sbtest1_pkey on sbtest1  (cost=0.43..8.45 rows=1 width=121)
	  Index Cond: (id = 4857780)

table 2 : explain SELECT c FROM sbtest2 WHERE id=753138
	Index Scan using sbtest2_pkey on sbtest2  (cost=0.43..8.45 rows=1 width=121)
	  Index Cond: (id = 753138)

table 3 : explain SELECT c FROM sbtest3 WHERE id=1206809
	Index Scan using sbtest3_pkey on sbtest3  (cost=0.43..8.45 rows=1 width=121)
	  Index Cond: (id = 1206809)

table 4 : explain SELECT c FROM sbtest4 WHERE id=4180000
	Index Scan using sbtest4_pkey on sbtest4  (cost=0.43..8.45 rows=1 width=121)
	  Index Cond: (id = 4180000)

table 5 : explain SELECT c FROM sbtest5 WHERE id=201351
	Index Scan using sbtest5_pkey on sbtest5  (cost=0.43..8.45 rows=1 width=121)
	  Index Cond: (id = 201351)

table 6 : explain SELECT c FROM sbtest6 WHERE id=9606283
	Index Scan using sbtest6_pkey on sbtest6  (cost=0.43..8.45 rows=1 width=121)
	  Index Cond: (id = 9606283)

table 7 : explain SELECT c FROM sbtest7 WHERE id=8694615
	Index Scan using sbtest7_pkey on sbtest7  (cost=0.43..8.45 rows=1 width=121)
	  Index Cond: (id = 8694615)

table 8 : explain SELECT c FROM sbtest8 WHERE id=8101999
	Index Scan using sbtest8_pkey on sbtest8  (cost=0.43..8.45 rows=1 width=121)
	  Index Cond: (id = 8101999)

for point_selects
table 1 : explain SELECT c FROM sbtest1 WHERE id=9280792
	Index Scan using sbtest1_pkey on sbtest1  (cost=0.43..8.45 rows=1 width=121)
	  Index Cond: (id = 9280792)

table 2 : explain SELECT c FROM sbtest2 WHERE id=9590778
	Index Scan using sbtest2_pkey on sbtest2  (cost=0.43..8.45 rows=1 width=121)
	  Index Cond: (id = 9590778)

table 3 : explain SELECT c FROM sbtest3 WHERE id=6711977
	Index Scan using sbtest3_pkey on sbtest3  (cost=0.43..8.45 rows=1 width=121)
	  Index Cond: (id = 6711977)

table 4 : explain SELECT c FROM sbtest4 WHERE id=4000170
	Index Scan using sbtest4_pkey on sbtest4  (cost=0.43..8.45 rows=1 width=121)
	  Index Cond: (id = 4000170)

table 5 : explain SELECT c FROM sbtest5 WHERE id=795897
	Index Scan using sbtest5_pkey on sbtest5  (cost=0.43..8.45 rows=1 width=121)
	  Index Cond: (id = 795897)

table 6 : explain SELECT c FROM sbtest6 WHERE id=6433401
	Index Scan using sbtest6_pkey on sbtest6  (cost=0.43..8.45 rows=1 width=121)
	  Index Cond: (id = 6433401)

table 7 : explain SELECT c FROM sbtest7 WHERE id=2321654
	Index Scan using sbtest7_pkey on sbtest7  (cost=0.43..8.45 rows=1 width=121)
	  Index Cond: (id = 2321654)

table 8 : explain SELECT c FROM sbtest8 WHERE id=9099942
	Index Scan using sbtest8_pkey on sbtest8  (cost=0.43..8.45 rows=1 width=121)
	  Index Cond: (id = 9099942)

for: distinct_ranges
table 1 : explain SELECT DISTINCT c FROM sbtest1 WHERE id BETWEEN 3509309 AND 3509408 ORDER BY c
	Unique  (cost=375.41..375.89 rows=96 width=121)
	  ->  Sort  (cost=375.41..375.65 rows=96 width=121)
	        Sort Key: c
	        ->  Index Scan using sbtest1_pkey on sbtest1  (cost=0.43..372.25 rows=96 width=121)
	              Index Cond: ((id >= 3509309) AND (id <= 3509408))

table 2 : explain SELECT DISTINCT c FROM sbtest2 WHERE id BETWEEN 1488741 AND 1488840 ORDER BY c
	Unique  (cost=386.38..386.88 rows=99 width=121)
	  ->  Sort  (cost=386.38..386.63 rows=99 width=121)
	        Sort Key: c
	        ->  Index Scan using sbtest2_pkey on sbtest2  (cost=0.43..383.10 rows=99 width=121)
	              Index Cond: ((id >= 1488741) AND (id <= 1488840))

table 3 : explain SELECT DISTINCT c FROM sbtest3 WHERE id BETWEEN 8316817 AND 8316916 ORDER BY c
	Unique  (cost=374.22..374.70 rows=96 width=121)
	  ->  Sort  (cost=374.22..374.46 rows=96 width=121)
	        Sort Key: c
	        ->  Index Scan using sbtest3_pkey on sbtest3  (cost=0.43..371.06 rows=96 width=121)
	              Index Cond: ((id >= 8316817) AND (id <= 8316916))

table 4 : explain SELECT DISTINCT c FROM sbtest4 WHERE id BETWEEN 7896751 AND 7896850 ORDER BY c
	Unique  (cost=392.26..392.77 rows=101 width=121)
	  ->  Sort  (cost=392.26..392.52 rows=101 width=121)
	        Sort Key: c
	        ->  Index Scan using sbtest4_pkey on sbtest4  (cost=0.43..388.90 rows=101 width=121)
	              Index Cond: ((id >= 7896751) AND (id <= 7896850))

table 5 : explain SELECT DISTINCT c FROM sbtest5 WHERE id BETWEEN 5305322 AND 5305421 ORDER BY c
	Unique  (cost=394.30..394.80 rows=101 width=121)
	  ->  Sort  (cost=394.30..394.55 rows=101 width=121)
	        Sort Key: c
	        ->  Index Scan using sbtest5_pkey on sbtest5  (cost=0.43..390.93 rows=101 width=121)
	              Index Cond: ((id >= 5305322) AND (id <= 5305421))

table 6 : explain SELECT DISTINCT c FROM sbtest6 WHERE id BETWEEN 1827762 AND 1827861 ORDER BY c
	Unique  (cost=404.74..405.26 rows=104 width=121)
	  ->  Sort  (cost=404.74..405.00 rows=104 width=121)
	        Sort Key: c
	        ->  Index Scan using sbtest6_pkey on sbtest6  (cost=0.43..401.25 rows=104 width=121)
	              Index Cond: ((id >= 1827762) AND (id <= 1827861))

table 7 : explain SELECT DISTINCT c FROM sbtest7 WHERE id BETWEEN 229383 AND 229482 ORDER BY c
	Unique  (cost=424.82..425.37 rows=109 width=121)
	  ->  Sort  (cost=424.82..425.09 rows=109 width=121)
	        Sort Key: c
	        ->  Index Scan using sbtest7_pkey on sbtest7  (cost=0.43..421.13 rows=109 width=121)
	              Index Cond: ((id >= 229383) AND (id <= 229482))

table 8 : explain SELECT DISTINCT c FROM sbtest8 WHERE id BETWEEN 2957830 AND 2957929 ORDER BY c
	Unique  (cost=356.50..356.96 rows=92 width=121)
	  ->  Sort  (cost=356.50..356.73 rows=92 width=121)
	        Sort Key: c
	        ->  Index Scan using sbtest8_pkey on sbtest8  (cost=0.43..353.50 rows=92 width=121)
	              Index Cond: ((id >= 2957830) AND (id <= 2957929))

for point_selects
table 1 : explain SELECT c FROM sbtest1 WHERE id=9390305
	Index Scan using sbtest1_pkey on sbtest1  (cost=0.43..8.45 rows=1 width=121)
	  Index Cond: (id = 9390305)

table 2 : explain SELECT c FROM sbtest2 WHERE id=9165996
	Index Scan using sbtest2_pkey on sbtest2  (cost=0.43..8.45 rows=1 width=121)
	  Index Cond: (id = 9165996)

table 3 : explain SELECT c FROM sbtest3 WHERE id=2658231
	Index Scan using sbtest3_pkey on sbtest3  (cost=0.43..8.45 rows=1 width=121)
	  Index Cond: (id = 2658231)

table 4 : explain SELECT c FROM sbtest4 WHERE id=3384887
	Index Scan using sbtest4_pkey on sbtest4  (cost=0.43..8.45 rows=1 width=121)
	  Index Cond: (id = 3384887)

table 5 : explain SELECT c FROM sbtest5 WHERE id=4364453
	Index Scan using sbtest5_pkey on sbtest5  (cost=0.43..8.45 rows=1 width=121)
	  Index Cond: (id = 4364453)

table 6 : explain SELECT c FROM sbtest6 WHERE id=3364126
	Index Scan using sbtest6_pkey on sbtest6  (cost=0.43..8.45 rows=1 width=121)
	  Index Cond: (id = 3364126)

table 7 : explain SELECT c FROM sbtest7 WHERE id=2831993
	Index Scan using sbtest7_pkey on sbtest7  (cost=0.43..8.45 rows=1 width=121)
	  Index Cond: (id = 2831993)

table 8 : explain SELECT c FROM sbtest8 WHERE id=1464427
	Index Scan using sbtest8_pkey on sbtest8  (cost=0.43..8.45 rows=1 width=121)
	  Index Cond: (id = 1464427)

for: sum_ranges
table 1 : explain SELECT SUM(k) FROM sbtest1 WHERE id BETWEEN 4867497 AND 4867596
	Aggregate  (cost=364.83..364.84 rows=1 width=8)
	  ->  Index Scan using sbtest1_pkey on sbtest1  (cost=0.43..364.59 rows=94 width=4)
	        Index Cond: ((id >= 4867497) AND (id <= 4867596))

table 2 : explain SELECT SUM(k) FROM sbtest2 WHERE id BETWEEN 2307041 AND 2307140
	Aggregate  (cost=383.35..383.36 rows=1 width=8)
	  ->  Index Scan using sbtest2_pkey on sbtest2  (cost=0.43..383.10 rows=99 width=4)
	        Index Cond: ((id >= 2307041) AND (id <= 2307140))

table 3 : explain SELECT SUM(k) FROM sbtest3 WHERE id BETWEEN 8942480 AND 8942579
	Aggregate  (cost=375.11..375.12 rows=1 width=8)
	  ->  Index Scan using sbtest3_pkey on sbtest3  (cost=0.43..374.87 rows=97 width=4)
	        Index Cond: ((id >= 8942480) AND (id <= 8942579))

table 4 : explain SELECT SUM(k) FROM sbtest4 WHERE id BETWEEN 875271 AND 875370
	Aggregate  (cost=396.76..396.77 rows=1 width=8)
	  ->  Index Scan using sbtest4_pkey on sbtest4  (cost=0.43..396.51 rows=103 width=4)
	        Index Cond: ((id >= 875271) AND (id <= 875370))

table 5 : explain SELECT SUM(k) FROM sbtest5 WHERE id BETWEEN 8754277 AND 8754376
	Aggregate  (cost=395.01..395.02 rows=1 width=8)
	  ->  Index Scan using sbtest5_pkey on sbtest5  (cost=0.43..394.76 rows=102 width=4)
	        Index Cond: ((id >= 8754277) AND (id <= 8754376))

table 6 : explain SELECT SUM(k) FROM sbtest6 WHERE id BETWEEN 7392168 AND 7392267
	Aggregate  (cost=378.62..378.63 rows=1 width=8)
	  ->  Index Scan using sbtest6_pkey on sbtest6  (cost=0.43..378.38 rows=98 width=4)
	        Index Cond: ((id >= 7392168) AND (id <= 7392267))

table 7 : explain SELECT SUM(k) FROM sbtest7 WHERE id BETWEEN 5797418 AND 5797517
	Aggregate  (cost=360.25..360.26 rows=1 width=8)
	  ->  Index Scan using sbtest7_pkey on sbtest7  (cost=0.43..360.02 rows=93 width=4)
	        Index Cond: ((id >= 5797418) AND (id <= 5797517))

table 8 : explain SELECT SUM(k) FROM sbtest8 WHERE id BETWEEN 3606842 AND 3606941
	Aggregate  (cost=380.33..380.34 rows=1 width=8)
	  ->  Index Scan using sbtest8_pkey on sbtest8  (cost=0.43..380.09 rows=99 width=4)
	        Index Cond: ((id >= 3606842) AND (id <= 3606941))

for index_updates
table 1 : explain UPDATE sbtest1 SET k=k+1 WHERE id=6940873
	Update on sbtest1  (cost=0.43..8.46 rows=0 width=0)
	  ->  Index Scan using sbtest1_pkey on sbtest1  (cost=0.43..8.46 rows=1 width=10)
	        Index Cond: (id = 6940873)

table 2 : explain UPDATE sbtest2 SET k=k+1 WHERE id=5620794
	Update on sbtest2  (cost=0.43..8.46 rows=0 width=0)
	  ->  Index Scan using sbtest2_pkey on sbtest2  (cost=0.43..8.46 rows=1 width=10)
	        Index Cond: (id = 5620794)

table 3 : explain UPDATE sbtest3 SET k=k+1 WHERE id=4600244
	Update on sbtest3  (cost=0.43..8.46 rows=0 width=0)
	  ->  Index Scan using sbtest3_pkey on sbtest3  (cost=0.43..8.46 rows=1 width=10)
	        Index Cond: (id = 4600244)

table 4 : explain UPDATE sbtest4 SET k=k+1 WHERE id=5034842
	Update on sbtest4  (cost=0.43..8.46 rows=0 width=0)
	  ->  Index Scan using sbtest4_pkey on sbtest4  (cost=0.43..8.46 rows=1 width=10)
	        Index Cond: (id = 5034842)

table 5 : explain UPDATE sbtest5 SET k=k+1 WHERE id=1402279
	Update on sbtest5  (cost=0.43..8.46 rows=0 width=0)
	  ->  Index Scan using sbtest5_pkey on sbtest5  (cost=0.43..8.46 rows=1 width=10)
	        Index Cond: (id = 1402279)

table 6 : explain UPDATE sbtest6 SET k=k+1 WHERE id=7327188
	Update on sbtest6  (cost=0.43..8.46 rows=0 width=0)
	  ->  Index Scan using sbtest6_pkey on sbtest6  (cost=0.43..8.46 rows=1 width=10)
	        Index Cond: (id = 7327188)

table 7 : explain UPDATE sbtest7 SET k=k+1 WHERE id=7912771
	Update on sbtest7  (cost=0.43..8.46 rows=0 width=0)
	  ->  Index Scan using sbtest7_pkey on sbtest7  (cost=0.43..8.46 rows=1 width=10)
	        Index Cond: (id = 7912771)

table 8 : explain UPDATE sbtest8 SET k=k+1 WHERE id=5206254
	Update on sbtest8  (cost=0.43..8.46 rows=0 width=0)
	  ->  Index Scan using sbtest8_pkey on sbtest8  (cost=0.43..8.46 rows=1 width=10)
	        Index Cond: (id = 5206254)

for: simple_ranges
table 1 : explain SELECT c FROM sbtest1 WHERE id BETWEEN 826909 AND 827008
	Index Scan using sbtest1_pkey on sbtest1  (cost=0.43..379.96 rows=98 width=121)
	  Index Cond: ((id >= 826909) AND (id <= 827008))

table 2 : explain SELECT c FROM sbtest2 WHERE id BETWEEN 9736622 AND 9736721
	Index Scan using sbtest2_pkey on sbtest2  (cost=0.43..394.56 rows=102 width=121)
	  Index Cond: ((id >= 9736622) AND (id <= 9736721))

table 3 : explain SELECT c FROM sbtest3 WHERE id BETWEEN 6871446 AND 6871545
	Index Scan using sbtest3_pkey on sbtest3  (cost=0.43..382.50 rows=99 width=121)
	  Index Cond: ((id >= 6871446) AND (id <= 6871545))

table 4 : explain SELECT c FROM sbtest4 WHERE id BETWEEN 8202317 AND 8202416
	Index Scan using sbtest4_pkey on sbtest4  (cost=0.43..331.80 rows=86 width=121)
	  Index Cond: ((id >= 8202317) AND (id <= 8202416))

table 5 : explain SELECT c FROM sbtest5 WHERE id BETWEEN 917708 AND 917807
	Index Scan using sbtest5_pkey on sbtest5  (cost=0.43..348.88 rows=90 width=121)
	  Index Cond: ((id >= 917708) AND (id <= 917807))

table 6 : explain SELECT c FROM sbtest6 WHERE id BETWEEN 446641 AND 446740
	Index Scan using sbtest6_pkey on sbtest6  (cost=0.43..378.38 rows=98 width=121)
	  Index Cond: ((id >= 446641) AND (id <= 446740))

table 7 : explain SELECT c FROM sbtest7 WHERE id BETWEEN 6428091 AND 6428190
	Index Scan using sbtest7_pkey on sbtest7  (cost=0.43..379.12 rows=98 width=121)
	  Index Cond: ((id >= 6428091) AND (id <= 6428190))

table 8 : explain SELECT c FROM sbtest8 WHERE id BETWEEN 437671 AND 437770
	Index Scan using sbtest8_pkey on sbtest8  (cost=0.43..391.46 rows=102 width=121)
	  Index Cond: ((id >= 437671) AND (id <= 437770))

for index_updates
table 1 : explain UPDATE sbtest1 SET k=k+1 WHERE id=8865209
	Update on sbtest1  (cost=0.43..8.46 rows=0 width=0)
	  ->  Index Scan using sbtest1_pkey on sbtest1  (cost=0.43..8.46 rows=1 width=10)
	        Index Cond: (id = 8865209)

table 2 : explain UPDATE sbtest2 SET k=k+1 WHERE id=3772801
	Update on sbtest2  (cost=0.43..8.46 rows=0 width=0)
	  ->  Index Scan using sbtest2_pkey on sbtest2  (cost=0.43..8.46 rows=1 width=10)
	        Index Cond: (id = 3772801)

table 3 : explain UPDATE sbtest3 SET k=k+1 WHERE id=7469093
	Update on sbtest3  (cost=0.43..8.46 rows=0 width=0)
	  ->  Index Scan using sbtest3_pkey on sbtest3  (cost=0.43..8.46 rows=1 width=10)
	        Index Cond: (id = 7469093)

table 4 : explain UPDATE sbtest4 SET k=k+1 WHERE id=3186875
	Update on sbtest4  (cost=0.43..8.46 rows=0 width=0)
	  ->  Index Scan using sbtest4_pkey on sbtest4  (cost=0.43..8.46 rows=1 width=10)
	        Index Cond: (id = 3186875)

table 5 : explain UPDATE sbtest5 SET k=k+1 WHERE id=111739
	Update on sbtest5  (cost=0.43..8.46 rows=0 width=0)
	  ->  Index Scan using sbtest5_pkey on sbtest5  (cost=0.43..8.46 rows=1 width=10)
	        Index Cond: (id = 111739)

table 6 : explain UPDATE sbtest6 SET k=k+1 WHERE id=4944185
	Update on sbtest6  (cost=0.43..8.46 rows=0 width=0)
	  ->  Index Scan using sbtest6_pkey on sbtest6  (cost=0.43..8.46 rows=1 width=10)
	        Index Cond: (id = 4944185)

table 7 : explain UPDATE sbtest7 SET k=k+1 WHERE id=1924487
	Update on sbtest7  (cost=0.43..8.46 rows=0 width=0)
	  ->  Index Scan using sbtest7_pkey on sbtest7  (cost=0.43..8.46 rows=1 width=10)
	        Index Cond: (id = 1924487)

table 8 : explain UPDATE sbtest8 SET k=k+1 WHERE id=9027677
	Update on sbtest8  (cost=0.43..8.46 rows=0 width=0)
	  ->  Index Scan using sbtest8_pkey on sbtest8  (cost=0.43..8.46 rows=1 width=10)
	        Index Cond: (id = 9027677)

for: sum_ranges
table 1 : explain SELECT SUM(k) FROM sbtest1 WHERE id BETWEEN 4134214 AND 4134313
	Aggregate  (cost=422.34..422.35 rows=1 width=8)
	  ->  Index Scan using sbtest1_pkey on sbtest1  (cost=0.43..422.07 rows=109 width=4)
	        Index Cond: ((id >= 4134214) AND (id <= 4134313))

table 2 : explain SELECT SUM(k) FROM sbtest2 WHERE id BETWEEN 1323143 AND 1323242
	Aggregate  (cost=387.17..387.18 rows=1 width=8)
	  ->  Index Scan using sbtest2_pkey on sbtest2  (cost=0.43..386.92 rows=100 width=4)
	        Index Cond: ((id >= 1323143) AND (id <= 1323242))

table 3 : explain SELECT SUM(k) FROM sbtest3 WHERE id BETWEEN 455304 AND 455403
	Aggregate  (cost=363.61..363.62 rows=1 width=8)
	  ->  Index Scan using sbtest3_pkey on sbtest3  (cost=0.43..363.37 rows=94 width=4)
	        Index Cond: ((id >= 455304) AND (id <= 455403))

table 4 : explain SELECT SUM(k) FROM sbtest4 WHERE id BETWEEN 1952681 AND 1952780
	Aggregate  (cost=377.74..377.75 rows=1 width=8)
	  ->  Index Scan using sbtest4_pkey on sbtest4  (cost=0.43..377.49 rows=98 width=4)
	        Index Cond: ((id >= 1952681) AND (id <= 1952780))

table 5 : explain SELECT SUM(k) FROM sbtest5 WHERE id BETWEEN 3703377 AND 3703476
	Aggregate  (cost=387.36..387.37 rows=1 width=8)
	  ->  Index Scan using sbtest5_pkey on sbtest5  (cost=0.43..387.11 rows=100 width=4)
	        Index Cond: ((id >= 3703377) AND (id <= 3703476))

table 6 : explain SELECT SUM(k) FROM sbtest6 WHERE id BETWEEN 6274264 AND 6274363
	Aggregate  (cost=313.72..313.73 rows=1 width=8)
	  ->  Index Scan using sbtest6_pkey on sbtest6  (cost=0.43..313.52 rows=81 width=4)
	        Index Cond: ((id >= 6274264) AND (id <= 6274363))

table 7 : explain SELECT SUM(k) FROM sbtest7 WHERE id BETWEEN 7728270 AND 7728369
	Aggregate  (cost=371.72..371.73 rows=1 width=8)
	  ->  Index Scan using sbtest7_pkey on sbtest7  (cost=0.43..371.48 rows=96 width=4)
	        Index Cond: ((id >= 7728270) AND (id <= 7728369))

table 8 : explain SELECT SUM(k) FROM sbtest8 WHERE id BETWEEN 5789219 AND 5789318
	Aggregate  (cost=395.51..395.52 rows=1 width=8)
	  ->  Index Scan using sbtest8_pkey on sbtest8  (cost=0.43..395.25 rows=103 width=4)
	        Index Cond: ((id >= 5789219) AND (id <= 5789318))

for inserts
table 1 : explain INSERT INTO sbtest1 (id, k, c, pad) VALUES (8501317, 13, 'foobar', 'foobar')
	Insert on sbtest1  (cost=0.00..0.01 rows=0 width=0)
	  ->  Result  (cost=0.00..0.01 rows=1 width=736)

table 2 : explain INSERT INTO sbtest2 (id, k, c, pad) VALUES (1406214, 13, 'foobar', 'foobar')
	Insert on sbtest2  (cost=0.00..0.01 rows=0 width=0)
	  ->  Result  (cost=0.00..0.01 rows=1 width=736)

table 3 : explain INSERT INTO sbtest3 (id, k, c, pad) VALUES (7838802, 13, 'foobar', 'foobar')
	Insert on sbtest3  (cost=0.00..0.01 rows=0 width=0)
	  ->  Result  (cost=0.00..0.01 rows=1 width=736)

table 4 : explain INSERT INTO sbtest4 (id, k, c, pad) VALUES (8328571, 13, 'foobar', 'foobar')
	Insert on sbtest4  (cost=0.00..0.01 rows=0 width=0)
	  ->  Result  (cost=0.00..0.01 rows=1 width=736)

table 5 : explain INSERT INTO sbtest5 (id, k, c, pad) VALUES (8749308, 13, 'foobar', 'foobar')
	Insert on sbtest5  (cost=0.00..0.01 rows=0 width=0)
	  ->  Result  (cost=0.00..0.01 rows=1 width=736)

table 6 : explain INSERT INTO sbtest6 (id, k, c, pad) VALUES (8553737, 13, 'foobar', 'foobar')
	Insert on sbtest6  (cost=0.00..0.01 rows=0 width=0)
	  ->  Result  (cost=0.00..0.01 rows=1 width=736)

table 7 : explain INSERT INTO sbtest7 (id, k, c, pad) VALUES (2033604, 13, 'foobar', 'foobar')
	Insert on sbtest7  (cost=0.00..0.01 rows=0 width=0)
	  ->  Result  (cost=0.00..0.01 rows=1 width=736)

table 8 : explain INSERT INTO sbtest8 (id, k, c, pad) VALUES (3031314, 13, 'foobar', 'foobar')
	Insert on sbtest8  (cost=0.00..0.01 rows=0 width=0)
	  ->  Result  (cost=0.00..0.01 rows=1 width=736)

explain: for index_updates :: explain UPDATE sbtest%u SET k=k+1 WHERE id=%u
explain: for non_index_updates :: explain UPDATE sbtest%u SET c='foobar' WHERE id=%ufor: order_ranges
table 1 : explain SELECT c FROM sbtest1 WHERE id BETWEEN 9822411 AND 9822510 ORDER BY c
	Sort  (cost=379.33..379.57 rows=97 width=121)
	  Sort Key: c
	  ->  Index Scan using sbtest1_pkey on sbtest1  (cost=0.43..376.13 rows=97 width=121)
	        Index Cond: ((id >= 9822411) AND (id <= 9822510))

table 2 : explain SELECT c FROM sbtest2 WHERE id BETWEEN 5968764 AND 5968863 ORDER BY c
	Sort  (cost=386.38..386.63 rows=99 width=121)
	  Sort Key: c
	  ->  Index Scan using sbtest2_pkey on sbtest2  (cost=0.43..383.10 rows=99 width=121)
	        Index Cond: ((id >= 5968764) AND (id <= 5968863))

table 3 : explain SELECT c FROM sbtest3 WHERE id BETWEEN 8183470 AND 8183569 ORDER BY c
	Sort  (cost=389.64..389.89 rows=100 width=121)
	  Sort Key: c
	  ->  Index Scan using sbtest3_pkey on sbtest3  (cost=0.43..386.32 rows=100 width=121)
	        Index Cond: ((id >= 8183470) AND (id <= 8183569))

table 4 : explain SELECT c FROM sbtest4 WHERE id BETWEEN 2580952 AND 2581051 ORDER BY c
	Sort  (cost=365.31..365.54 rows=94 width=121)
	  Sort Key: c
	  ->  Index Scan using sbtest4_pkey on sbtest4  (cost=0.43..362.23 rows=94 width=121)
	        Index Cond: ((id >= 2580952) AND (id <= 2581051))

table 5 : explain SELECT c FROM sbtest5 WHERE id BETWEEN 6312768 AND 6312867 ORDER BY c
	Sort  (cost=351.80..352.02 rows=90 width=121)
	  Sort Key: c
	  ->  Index Scan using sbtest5_pkey on sbtest5  (cost=0.43..348.88 rows=90 width=121)
	        Index Cond: ((id >= 6312768) AND (id <= 6312867))

table 6 : explain SELECT c FROM sbtest6 WHERE id BETWEEN 8526138 AND 8526237 ORDER BY c
	Sort  (cost=385.47..385.72 rows=99 width=121)
	  Sort Key: c
	  ->  Index Scan using sbtest6_pkey on sbtest6  (cost=0.43..382.19 rows=99 width=121)
	        Index Cond: ((id >= 8526138) AND (id <= 8526237))

table 7 : explain SELECT c FROM sbtest7 WHERE id BETWEEN 9597645 AND 9597744 ORDER BY c
	Sort  (cost=401.66..401.92 rows=103 width=121)
	  Sort Key: c
	  ->  Index Scan using sbtest7_pkey on sbtest7  (cost=0.43..398.21 rows=103 width=121)
	        Index Cond: ((id >= 9597645) AND (id <= 9597744))

table 8 : explain SELECT c FROM sbtest8 WHERE id BETWEEN 5536871 AND 5536970 ORDER BY c
	Sort  (cost=394.86..395.12 rows=102 width=121)
	  Sort Key: c
	  ->  Index Scan using sbtest8_pkey on sbtest8  (cost=0.43..391.46 rows=102 width=121)
	        Index Cond: ((id >= 5536871) AND (id <= 5536970))


for: sum_ranges
table 1 : explain SELECT SUM(k) FROM sbtest1 WHERE id BETWEEN 1981802 AND 1981901
	Aggregate  (cost=399.36..399.37 rows=1 width=8)
	  ->  Index Scan using sbtest1_pkey on sbtest1  (cost=0.43..399.10 rows=103 width=4)
	        Index Cond: ((id >= 1981802) AND (id <= 1981901))

table 2 : explain SELECT SUM(k) FROM sbtest2 WHERE id BETWEEN 7421615 AND 7421714
	Aggregate  (cost=406.29..406.30 rows=1 width=8)
	  ->  Index Scan using sbtest2_pkey on sbtest2  (cost=0.43..406.03 rows=105 width=4)
	        Index Cond: ((id >= 7421615) AND (id <= 7421714))

table 3 : explain SELECT SUM(k) FROM sbtest3 WHERE id BETWEEN 708991 AND 709090
	Aggregate  (cost=378.93..378.94 rows=1 width=8)
	  ->  Index Scan using sbtest3_pkey on sbtest3  (cost=0.43..378.69 rows=98 width=4)
	        Index Cond: ((id >= 708991) AND (id <= 709090))

table 4 : explain SELECT SUM(k) FROM sbtest4 WHERE id BETWEEN 9901391 AND 9901490
	Aggregate  (cost=373.93..373.94 rows=1 width=8)
	  ->  Index Scan using sbtest4_pkey on sbtest4  (cost=0.43..373.69 rows=97 width=4)
	        Index Cond: ((id >= 9901391) AND (id <= 9901490))

table 5 : explain SELECT SUM(k) FROM sbtest5 WHERE id BETWEEN 2882907 AND 2883006
	Aggregate  (cost=429.44..429.45 rows=1 width=8)
	  ->  Index Scan using sbtest5_pkey on sbtest5  (cost=0.43..429.17 rows=111 width=4)
	        Index Cond: ((id >= 2882907) AND (id <= 2883006))

table 6 : explain SELECT SUM(k) FROM sbtest6 WHERE id BETWEEN 6971840 AND 6971939
	Aggregate  (cost=409.14..409.15 rows=1 width=8)
	  ->  Index Scan using sbtest6_pkey on sbtest6  (cost=0.43..408.88 rows=106 width=4)
	        Index Cond: ((id >= 6971840) AND (id <= 6971939))

table 7 : explain SELECT SUM(k) FROM sbtest7 WHERE id BETWEEN 3245469 AND 3245568
	Aggregate  (cost=379.36..379.37 rows=1 width=8)
	  ->  Index Scan using sbtest7_pkey on sbtest7  (cost=0.43..379.12 rows=98 width=4)
	        Index Cond: ((id >= 3245469) AND (id <= 3245568))

table 8 : explain SELECT SUM(k) FROM sbtest8 WHERE id BETWEEN 1251034 AND 1251133
	Aggregate  (cost=365.16..365.17 rows=1 width=8)
	  ->  Index Scan using sbtest8_pkey on sbtest8  (cost=0.43..364.93 rows=95 width=4)
	        Index Cond: ((id >= 1251034) AND (id <= 1251133))

explain: for non_index_updates :: explain UPDATE sbtest%u SET c='foobar' WHERE id=%u
for inserts
table 1 : explain INSERT INTO sbtest1 (id, k, c, pad) VALUES (7713284, 13, 'foobar', 'foobar')
	Insert on sbtest1  (cost=0.00..0.01 rows=0 width=0)
	  ->  Result  (cost=0.00..0.01 rows=1 width=736)

table 2 : explain INSERT INTO sbtest2 (id, k, c, pad) VALUES (9830851, 13, 'foobar', 'foobar')
	Insert on sbtest2  (cost=0.00..0.01 rows=0 width=0)
	  ->  Result  (cost=0.00..0.01 rows=1 width=736)

table 3 : explain INSERT INTO sbtest3 (id, k, c, pad) VALUES (224518, 13, 'foobar', 'foobar')
	Insert on sbtest3  (cost=0.00..0.01 rows=0 width=0)
	  ->  Result  (cost=0.00..0.01 rows=1 width=736)

table 4 : explain INSERT INTO sbtest4 (id, k, c, pad) VALUES (2925706, 13, 'foobar', 'foobar')
	Insert on sbtest4  (cost=0.00..0.01 rows=0 width=0)
	  ->  Result  (cost=0.00..0.01 rows=1 width=736)

table 5 : explain INSERT INTO sbtest5 (id, k, c, pad) VALUES (6950796, 13, 'foobar', 'foobar')
	Insert on sbtest5  (cost=0.00..0.01 rows=0 width=0)
	  ->  Result  (cost=0.00..0.01 rows=1 width=736)

table 6 : explain INSERT INTO sbtest6 (id, k, c, pad) VALUES (3440177, 13, 'foobar', 'foobar')
	Insert on sbtest6  (cost=0.00..0.01 rows=0 width=0)
	  ->  Result  (cost=0.00..0.01 rows=1 width=736)

table 7 : explain INSERT INTO sbtest7 (id, k, c, pad) VALUES (8421019, 13, 'foobar', 'foobar')
	Insert on sbtest7  (cost=0.00..0.01 rows=0 width=0)
	  ->  Result  (cost=0.00..0.01 rows=1 width=736)

table 8 : explain INSERT INTO sbtest8 (id, k, c, pad) VALUES (1047327, 13, 'foobar', 'foobar')
	Insert on sbtest8  (cost=0.00..0.01 rows=0 width=0)
	  ->  Result  (cost=0.00..0.01 rows=1 width=736)

for point_selects
table 1 : explain SELECT c FROM sbtest1 WHERE id=8126427
	Index Scan using sbtest1_pkey on sbtest1  (cost=0.43..8.45 rows=1 width=121)
	  Index Cond: (id = 8126427)

table 2 : explain SELECT c FROM sbtest2 WHERE id=9744821
	Index Scan using sbtest2_pkey on sbtest2  (cost=0.43..8.45 rows=1 width=121)
	  Index Cond: (id = 9744821)

table 3 : explain SELECT c FROM sbtest3 WHERE id=9106311
	Index Scan using sbtest3_pkey on sbtest3  (cost=0.43..8.45 rows=1 width=121)
	  Index Cond: (id = 9106311)

table 4 : explain SELECT c FROM sbtest4 WHERE id=6973200
	Index Scan using sbtest4_pkey on sbtest4  (cost=0.43..8.45 rows=1 width=121)
	  Index Cond: (id = 6973200)

table 5 : explain SELECT c FROM sbtest5 WHERE id=3313476
	Index Scan using sbtest5_pkey on sbtest5  (cost=0.43..8.45 rows=1 width=121)
	  Index Cond: (id = 3313476)

table 6 : explain SELECT c FROM sbtest6 WHERE id=9746883
	Index Scan using sbtest6_pkey on sbtest6  (cost=0.43..8.45 rows=1 width=121)
	  Index Cond: (id = 9746883)

table 7 : explain SELECT c FROM sbtest7 WHERE id=935116
	Index Scan using sbtest7_pkey on sbtest7  (cost=0.43..8.45 rows=1 width=121)
	  Index Cond: (id = 935116)

table 8 : explain SELECT c FROM sbtest8 WHERE id=3715150
	Index Scan using sbtest8_pkey on sbtest8  (cost=0.43..8.45 rows=1 width=121)
	  Index Cond: (id = 3715150)

for: order_ranges
table 1 : explain SELECT c FROM sbtest1 WHERE id BETWEEN 9140546 AND 9140645 ORDER BY c
	Sort  (cost=390.93..391.18 rows=100 width=121)
	  Sort Key: c
	  ->  Index Scan using sbtest1_pkey on sbtest1  (cost=0.43..387.61 rows=100 width=121)
	        Index Cond: ((id >= 9140546) AND (id <= 9140645))

table 2 : explain SELECT c FROM sbtest2 WHERE id BETWEEN 5222025 AND 5222124 ORDER BY c
	Sort  (cost=428.87..429.14 rows=110 width=121)
	  Sort Key: c
	  ->  Index Scan using sbtest2_pkey on sbtest2  (cost=0.43..425.14 rows=110 width=121)
	        Index Cond: ((id >= 5222025) AND (id <= 5222124))

table 3 : explain SELECT c FROM sbtest3 WHERE id BETWEEN 6418820 AND 6418919 ORDER BY c
	Sort  (cost=397.35..397.61 rows=102 width=121)
	  Sort Key: c
	  ->  Index Scan using sbtest3_pkey on sbtest3  (cost=0.43..393.95 rows=102 width=121)
	        Index Cond: ((id >= 6418820) AND (id <= 6418919))

table 4 : explain SELECT c FROM sbtest4 WHERE id BETWEEN 3528606 AND 3528705 ORDER BY c
	Sort  (cost=361.46..361.70 rows=93 width=121)
	  Sort Key: c
	  ->  Index Scan using sbtest4_pkey on sbtest4  (cost=0.43..358.42 rows=93 width=121)
	        Index Cond: ((id >= 3528606) AND (id <= 3528705))

table 5 : explain SELECT c FROM sbtest5 WHERE id BETWEEN 320059 AND 320158 ORDER BY c
	Sort  (cost=382.70..382.95 rows=98 width=121)
	  Sort Key: c
	  ->  Index Scan using sbtest5_pkey on sbtest5  (cost=0.43..379.46 rows=98 width=121)
	        Index Cond: ((id >= 320059) AND (id <= 320158))

table 6 : explain SELECT c FROM sbtest6 WHERE id BETWEEN 902154 AND 902253 ORDER BY c
	Sort  (cost=393.18..393.43 rows=101 width=121)
	  Sort Key: c
	  ->  Index Scan using sbtest6_pkey on sbtest6  (cost=0.43..389.81 rows=101 width=121)
	        Index Cond: ((id >= 902154) AND (id <= 902253))

table 7 : explain SELECT c FROM sbtest7 WHERE id BETWEEN 4070959 AND 4071058 ORDER BY c
	Sort  (cost=351.48..351.70 rows=90 width=121)
	  Sort Key: c
	  ->  Index Scan using sbtest7_pkey on sbtest7  (cost=0.43..348.56 rows=90 width=121)
	        Index Cond: ((id >= 4070959) AND (id <= 4071058))

table 8 : explain SELECT c FROM sbtest8 WHERE id BETWEEN 9091725 AND 9091824 ORDER BY c
	Sort  (cost=364.22..364.45 rows=94 width=121)
	  Sort Key: c
	  ->  Index Scan using sbtest8_pkey on sbtest8  (cost=0.43..361.13 rows=94 width=121)
	        Index Cond: ((id >= 9091725) AND (id <= 9091824))

for: order_ranges
table 1 : explain SELECT c FROM sbtest1 WHERE id BETWEEN 3981334 AND 3981433 ORDER BY c
	Sort  (cost=406.41..406.67 rows=104 width=121)
	  Sort Key: c
	  ->  Index Scan using sbtest1_pkey on sbtest1  (cost=0.43..402.93 rows=104 width=121)
	        Index Cond: ((id >= 3981334) AND (id <= 3981433))

table 2 : explain SELECT c FROM sbtest2 WHERE id BETWEEN 843583 AND 843682 ORDER BY c
	Sort  (cost=405.69..405.95 rows=104 width=121)
	  Sort Key: c
	  ->  Index Scan using sbtest2_pkey on sbtest2  (cost=0.43..402.21 rows=104 width=121)
	        Index Cond: ((id >= 843583) AND (id <= 843682))

table 3 : explain SELECT c FROM sbtest3 WHERE id BETWEEN 8035897 AND 8035996 ORDER BY c
	Sort  (cost=381.93..382.17 rows=98 width=121)
	  Sort Key: c
	  ->  Index Scan using sbtest3_pkey on sbtest3  (cost=0.43..378.69 rows=98 width=121)
	        Index Cond: ((id >= 8035897) AND (id <= 8035996))

table 4 : explain SELECT c FROM sbtest4 WHERE id BETWEEN 1439074 AND 1439173 ORDER BY c
	Sort  (cost=392.26..392.52 rows=101 width=121)
	  Sort Key: c
	  ->  Index Scan using sbtest4_pkey on sbtest4  (cost=0.43..388.90 rows=101 width=121)
	        Index Cond: ((id >= 1439074) AND (id <= 1439173))

table 5 : explain SELECT c FROM sbtest5 WHERE id BETWEEN 200413 AND 200512 ORDER BY c
	Sort  (cost=374.98..375.22 rows=96 width=121)
	  Sort Key: c
	  ->  Index Scan using sbtest5_pkey on sbtest5  (cost=0.43..371.82 rows=96 width=121)
	        Index Cond: ((id >= 200413) AND (id <= 200512))

table 6 : explain SELECT c FROM sbtest6 WHERE id BETWEEN 1392223 AND 1392322 ORDER BY c
	Sort  (cost=389.32..389.57 rows=100 width=121)
	  Sort Key: c
	  ->  Index Scan using sbtest6_pkey on sbtest6  (cost=0.43..386.00 rows=100 width=121)
	        Index Cond: ((id >= 1392223) AND (id <= 1392322))

table 7 : explain SELECT c FROM sbtest7 WHERE id BETWEEN 5070125 AND 5070224 ORDER BY c
	Sort  (cost=386.22..386.46 rows=99 width=121)
	  Sort Key: c
	  ->  Index Scan using sbtest7_pkey on sbtest7  (cost=0.43..382.94 rows=99 width=121)
	        Index Cond: ((id >= 5070125) AND (id <= 5070224))

table 8 : explain SELECT c FROM sbtest8 WHERE id BETWEEN 4269846 AND 4269945 ORDER BY c
	Sort  (cost=375.71..375.95 rows=97 width=121)
	  Sort Key: c
	  ->  Index Scan using sbtest8_pkey on sbtest8  (cost=0.43..372.51 rows=97 width=121)
	        Index Cond: ((id >= 4269846) AND (id <= 4269945))

for: simple_ranges
table 1 : explain SELECT c FROM sbtest1 WHERE id BETWEEN 3299205 AND 3299304
	Index Scan using sbtest1_pkey on sbtest1  (cost=0.43..376.08 rows=97 width=121)
	  Index Cond: ((id >= 3299205) AND (id <= 3299304))

table 2 : explain SELECT c FROM sbtest2 WHERE id BETWEEN 2031496 AND 2031595
	Index Scan using sbtest2_pkey on sbtest2  (cost=0.43..352.48 rows=91 width=121)
	  Index Cond: ((id >= 2031496) AND (id <= 2031595))

table 3 : explain SELECT c FROM sbtest3 WHERE id BETWEEN 3871717 AND 3871816
	Index Scan using sbtest3_pkey on sbtest3  (cost=0.43..382.50 rows=99 width=121)
	  Index Cond: ((id >= 3871717) AND (id <= 3871816))

table 4 : explain SELECT c FROM sbtest4 WHERE id BETWEEN 7961583 AND 7961682
	Index Scan using sbtest4_pkey on sbtest4  (cost=0.43..400.31 rows=104 width=121)
	  Index Cond: ((id >= 7961583) AND (id <= 7961682))

table 5 : explain SELECT c FROM sbtest5 WHERE id BETWEEN 9458974 AND 9459073
	Index Scan using sbtest5_pkey on sbtest5  (cost=0.43..421.52 rows=109 width=121)
	  Index Cond: ((id >= 9458974) AND (id <= 9459073))

table 6 : explain SELECT c FROM sbtest6 WHERE id BETWEEN 3544981 AND 3545080
	Index Scan using sbtest6_pkey on sbtest6  (cost=0.43..397.44 rows=103 width=121)
	  Index Cond: ((id >= 3544981) AND (id <= 3545080))

table 7 : explain SELECT c FROM sbtest7 WHERE id BETWEEN 4201686 AND 4201785
	Index Scan using sbtest7_pkey on sbtest7  (cost=0.43..360.02 rows=93 width=121)
	  Index Cond: ((id >= 4201686) AND (id <= 4201785))

table 8 : explain SELECT c FROM sbtest8 WHERE id BETWEEN 1985608 AND 1985707
	Index Scan using sbtest8_pkey on sbtest8  (cost=0.43..402.83 rows=105 width=121)
	  Index Cond: ((id >= 1985608) AND (id <= 1985707))

for index_updates
table 1 : explain UPDATE sbtest1 SET k=k+1 WHERE id=1202009
	Update on sbtest1  (cost=0.43..8.46 rows=0 width=0)
	  ->  Index Scan using sbtest1_pkey on sbtest1  (cost=0.43..8.46 rows=1 width=10)
	        Index Cond: (id = 1202009)

table 2 : explain UPDATE sbtest2 SET k=k+1 WHERE id=4983061
	Update on sbtest2  (cost=0.43..8.46 rows=0 width=0)
	  ->  Index Scan using sbtest2_pkey on sbtest2  (cost=0.43..8.46 rows=1 width=10)
	        Index Cond: (id = 4983061)

table 3 : explain UPDATE sbtest3 SET k=k+1 WHERE id=6200308
	Update on sbtest3  (cost=0.43..8.46 rows=0 width=0)
	  ->  Index Scan using sbtest3_pkey on sbtest3  (cost=0.43..8.46 rows=1 width=10)
	        Index Cond: (id = 6200308)

table 4 : explain UPDATE sbtest4 SET k=k+1 WHERE id=4437268
	Update on sbtest4  (cost=0.43..8.46 rows=0 width=0)
	  ->  Index Scan using sbtest4_pkey on sbtest4  (cost=0.43..8.46 rows=1 width=10)
	        Index Cond: (id = 4437268)

table 5 : explain UPDATE sbtest5 SET k=k+1 WHERE id=2237004
	Update on sbtest5  (cost=0.43..8.46 rows=0 width=0)
	  ->  Index Scan using sbtest5_pkey on sbtest5  (cost=0.43..8.46 rows=1 width=10)
	        Index Cond: (id = 2237004)

table 6 : explain UPDATE sbtest6 SET k=k+1 WHERE id=777284
	Update on sbtest6  (cost=0.43..8.46 rows=0 width=0)
	  ->  Index Scan using sbtest6_pkey on sbtest6  (cost=0.43..8.46 rows=1 width=10)
	        Index Cond: (id = 777284)

table 7 : explain UPDATE sbtest7 SET k=k+1 WHERE id=4041143
	Update on sbtest7  (cost=0.43..8.46 rows=0 width=0)
	  ->  Index Scan using sbtest7_pkey on sbtest7  (cost=0.43..8.46 rows=1 width=10)
	        Index Cond: (id = 4041143)

table 8 : explain UPDATE sbtest8 SET k=k+1 WHERE id=7522972
	Update on sbtest8  (cost=0.43..8.46 rows=0 width=0)
	  ->  Index Scan using sbtest8_pkey on sbtest8  (cost=0.43..8.46 rows=1 width=10)
	        Index Cond: (id = 7522972)

for: simple_ranges
table 1 : explain SELECT c FROM sbtest1 WHERE id BETWEEN 4445552 AND 4445651
	Index Scan using sbtest1_pkey on sbtest1  (cost=0.43..402.93 rows=104 width=121)
	  Index Cond: ((id >= 4445552) AND (id <= 4445651))

table 2 : explain SELECT c FROM sbtest2 WHERE id BETWEEN 2532214 AND 2532313
	Index Scan using sbtest2_pkey on sbtest2  (cost=0.43..390.74 rows=101 width=121)
	  Index Cond: ((id >= 2532214) AND (id <= 2532313))

table 3 : explain SELECT c FROM sbtest3 WHERE id BETWEEN 4665443 AND 4665542
	Index Scan using sbtest3_pkey on sbtest3  (cost=0.43..390.13 rows=101 width=121)
	  Index Cond: ((id >= 4665443) AND (id <= 4665542))

table 4 : explain SELECT c FROM sbtest4 WHERE id BETWEEN 2493457 AND 2493556
	Index Scan using sbtest4_pkey on sbtest4  (cost=0.43..400.31 rows=104 width=121)
	  Index Cond: ((id >= 2493457) AND (id <= 2493556))

table 5 : explain SELECT c FROM sbtest5 WHERE id BETWEEN 888450 AND 888549
	Index Scan using sbtest5_pkey on sbtest5  (cost=0.43..398.58 rows=103 width=121)
	  Index Cond: ((id >= 888450) AND (id <= 888549))

table 6 : explain SELECT c FROM sbtest6 WHERE id BETWEEN 6290211 AND 6290310
	Index Scan using sbtest6_pkey on sbtest6  (cost=0.43..313.52 rows=81 width=121)
	  Index Cond: ((id >= 6290211) AND (id <= 6290310))

table 7 : explain SELECT c FROM sbtest7 WHERE id BETWEEN 6875563 AND 6875662
	Index Scan using sbtest7_pkey on sbtest7  (cost=0.43..436.41 rows=113 width=121)
	  Index Cond: ((id >= 6875563) AND (id <= 6875662))

table 8 : explain SELECT c FROM sbtest8 WHERE id BETWEEN 4193250 AND 4193349
	Index Scan using sbtest8_pkey on sbtest8  (cost=0.43..383.88 rows=100 width=121)
	  Index Cond: ((id >= 4193250) AND (id <= 4193349))

for: order_ranges
table 1 : explain SELECT c FROM sbtest1 WHERE id BETWEEN 5329483 AND 5329582 ORDER BY c
	Sort  (cost=359.94..360.17 rows=92 width=121)
	  Sort Key: c
	  ->  Index Scan using sbtest1_pkey on sbtest1  (cost=0.43..356.94 rows=92 width=121)
	        Index Cond: ((id >= 5329483) AND (id <= 5329582))

table 2 : explain SELECT c FROM sbtest2 WHERE id BETWEEN 5256372 AND 5256471 ORDER BY c
	Sort  (cost=405.69..405.95 rows=104 width=121)
	  Sort Key: c
	  ->  Index Scan using sbtest2_pkey on sbtest2  (cost=0.43..402.21 rows=104 width=121)
	        Index Cond: ((id >= 5256372) AND (id <= 5256471))

table 3 : explain SELECT c FROM sbtest3 WHERE id BETWEEN 1859978 AND 1860077 ORDER BY c
	Sort  (cost=374.22..374.46 rows=96 width=121)
	  Sort Key: c
	  ->  Index Scan using sbtest3_pkey on sbtest3  (cost=0.43..371.06 rows=96 width=121)
	        Index Cond: ((id >= 1859978) AND (id <= 1860077))

table 4 : explain SELECT c FROM sbtest4 WHERE id BETWEEN 2067670 AND 2067769 ORDER BY c
	Sort  (cost=399.95..400.21 rows=103 width=121)
	  Sort Key: c
	  ->  Index Scan using sbtest4_pkey on sbtest4  (cost=0.43..396.51 rows=103 width=121)
	        Index Cond: ((id >= 2067670) AND (id <= 2067769))

table 5 : explain SELECT c FROM sbtest5 WHERE id BETWEEN 5906658 AND 5906757 ORDER BY c
	Sort  (cost=390.43..390.68 rows=100 width=121)
	  Sort Key: c
	  ->  Index Scan using sbtest5_pkey on sbtest5  (cost=0.43..387.11 rows=100 width=121)
	        Index Cond: ((id >= 5906658) AND (id <= 5906757))

table 6 : explain SELECT c FROM sbtest6 WHERE id BETWEEN 5398001 AND 5398100 ORDER BY c
	Sort  (cost=389.32..389.57 rows=100 width=121)
	  Sort Key: c
	  ->  Index Scan using sbtest6_pkey on sbtest6  (cost=0.43..386.00 rows=100 width=121)
	        Index Cond: ((id >= 5398001) AND (id <= 5398100))

table 7 : explain SELECT c FROM sbtest7 WHERE id BETWEEN 2408126 AND 2408225 ORDER BY c
	Sort  (cost=378.50..378.74 rows=97 width=121)
	  Sort Key: c
	  ->  Index Scan using sbtest7_pkey on sbtest7  (cost=0.43..375.30 rows=97 width=121)
	        Index Cond: ((id >= 2408126) AND (id <= 2408225))

table 8 : explain SELECT c FROM sbtest8 WHERE id BETWEEN 8272760 AND 8272859 ORDER BY c
	Sort  (cost=383.37..383.62 rows=99 width=121)
	  Sort Key: c
	  ->  Index Scan using sbtest8_pkey on sbtest8  (cost=0.43..380.09 rows=99 width=121)
	        Index Cond: ((id >= 8272760) AND (id <= 8272859))

for: simple_ranges
table 1 : explain SELECT c FROM sbtest1 WHERE id BETWEEN 5072483 AND 5072582
	Index Scan using sbtest1_pkey on sbtest1  (cost=0.43..395.27 rows=102 width=121)
	  Index Cond: ((id >= 5072483) AND (id <= 5072582))

table 2 : explain SELECT c FROM sbtest2 WHERE id BETWEEN 1233490 AND 1233589
	Index Scan using sbtest2_pkey on sbtest2  (cost=0.43..383.10 rows=99 width=121)
	  Index Cond: ((id >= 1233490) AND (id <= 1233589))

table 3 : explain SELECT c FROM sbtest3 WHERE id BETWEEN 7317160 AND 7317259
	Index Scan using sbtest3_pkey on sbtest3  (cost=0.43..397.76 rows=103 width=121)
	  Index Cond: ((id >= 7317160) AND (id <= 7317259))

table 4 : explain SELECT c FROM sbtest4 WHERE id BETWEEN 6163042 AND 6163141
	Index Scan using sbtest4_pkey on sbtest4  (cost=0.43..400.31 rows=104 width=121)
	  Index Cond: ((id >= 6163042) AND (id <= 6163141))

table 5 : explain SELECT c FROM sbtest5 WHERE id BETWEEN 4090959 AND 4091058
	Index Scan using sbtest5_pkey on sbtest5  (cost=0.43..387.11 rows=100 width=121)
	  Index Cond: ((id >= 4090959) AND (id <= 4091058))

table 6 : explain SELECT c FROM sbtest6 WHERE id BETWEEN 8987798 AND 8987897
	Index Scan using sbtest6_pkey on sbtest6  (cost=0.43..389.81 rows=101 width=121)
	  Index Cond: ((id >= 8987798) AND (id <= 8987897))

table 7 : explain SELECT c FROM sbtest7 WHERE id BETWEEN 2351079 AND 2351178
	Index Scan using sbtest7_pkey on sbtest7  (cost=0.43..382.94 rows=99 width=121)
	  Index Cond: ((id >= 2351079) AND (id <= 2351178))

table 8 : explain SELECT c FROM sbtest8 WHERE id BETWEEN 1661915 AND 1662014
	Index Scan using sbtest8_pkey on sbtest8  (cost=0.43..399.04 rows=104 width=121)
	  Index Cond: ((id >= 1661915) AND (id <= 1662014))

for: order_ranges
table 1 : explain SELECT c FROM sbtest1 WHERE id BETWEEN 9016500 AND 9016599 ORDER BY c
	Sort  (cost=398.67..398.93 rows=102 width=121)
	  Sort Key: c
	  ->  Index Scan using sbtest1_pkey on sbtest1  (cost=0.43..395.27 rows=102 width=121)
	        Index Cond: ((id >= 9016500) AND (id <= 9016599))

table 2 : explain SELECT c FROM sbtest2 WHERE id BETWEEN 4958216 AND 4958315 ORDER BY c
	Sort  (cost=359.30..359.53 rows=92 width=121)
	  Sort Key: c
	  ->  Index Scan using sbtest2_pkey on sbtest2  (cost=0.43..356.30 rows=92 width=121)
	        Index Cond: ((id >= 4958216) AND (id <= 4958315))

table 3 : explain SELECT c FROM sbtest3 WHERE id BETWEEN 5181669 AND 5181768 ORDER BY c
	Sort  (cost=331.76..331.97 rows=85 width=121)
	  Sort Key: c
	  ->  Index Scan using sbtest3_pkey on sbtest3  (cost=0.43..329.04 rows=85 width=121)
	        Index Cond: ((id >= 5181669) AND (id <= 5181768))

table 4 : explain SELECT c FROM sbtest4 WHERE id BETWEEN 379826 AND 379925 ORDER BY c
	Sort  (cost=373.05..373.29 rows=96 width=121)
	  Sort Key: c
	  ->  Index Scan using sbtest4_pkey on sbtest4  (cost=0.43..369.89 rows=96 width=121)
	        Index Cond: ((id >= 379826) AND (id <= 379925))

table 5 : explain SELECT c FROM sbtest5 WHERE id BETWEEN 4165418 AND 4165517 ORDER BY c
	Sort  (cost=390.43..390.68 rows=100 width=121)
	  Sort Key: c
	  ->  Index Scan using sbtest5_pkey on sbtest5  (cost=0.43..387.11 rows=100 width=121)
	        Index Cond: ((id >= 4165418) AND (id <= 4165517))

table 6 : explain SELECT c FROM sbtest6 WHERE id BETWEEN 2366732 AND 2366831 ORDER BY c
	Sort  (cost=354.60..354.83 rows=91 width=121)
	  Sort Key: c
	  ->  Index Scan using sbtest6_pkey on sbtest6  (cost=0.43..351.64 rows=91 width=121)
	        Index Cond: ((id >= 2366732) AND (id <= 2366831))

table 7 : explain SELECT c FROM sbtest7 WHERE id BETWEEN 8943354 AND 8943453 ORDER BY c
	Sort  (cost=359.20..359.43 rows=92 width=121)
	  Sort Key: c
	  ->  Index Scan using sbtest7_pkey on sbtest7  (cost=0.43..356.20 rows=92 width=121)
	        Index Cond: ((id >= 8943354) AND (id <= 8943453))

table 8 : explain SELECT c FROM sbtest8 WHERE id BETWEEN 2297233 AND 2297332 ORDER BY c
	Sort  (cost=402.52..402.78 rows=104 width=121)
	  Sort Key: c
	  ->  Index Scan using sbtest8_pkey on sbtest8  (cost=0.43..399.04 rows=104 width=121)
	        Index Cond: ((id >= 2297233) AND (id <= 2297332))

for non_index_updates
table 1 : explain UPDATE sbtest1 SET c='foobar' WHERE id=2026646
	Update on sbtest1  (cost=0.43..8.45 rows=0 width=0)
	  ->  Index Scan using sbtest1_pkey on sbtest1  (cost=0.43..8.45 rows=1 width=490)
	        Index Cond: (id = 2026646)

table 2 : explain UPDATE sbtest2 SET c='foobar' WHERE id=1869213
	Update on sbtest2  (cost=0.43..8.45 rows=0 width=0)
	  ->  Index Scan using sbtest2_pkey on sbtest2  (cost=0.43..8.45 rows=1 width=490)
	        Index Cond: (id = 1869213)

table 3 : explain UPDATE sbtest3 SET c='foobar' WHERE id=3956381
	Update on sbtest3  (cost=0.43..8.45 rows=0 width=0)
	  ->  Index Scan using sbtest3_pkey on sbtest3  (cost=0.43..8.45 rows=1 width=490)
	        Index Cond: (id = 3956381)

table 4 : explain UPDATE sbtest4 SET c='foobar' WHERE id=7479646
	Update on sbtest4  (cost=0.43..8.45 rows=0 width=0)
	  ->  Index Scan using sbtest4_pkey on sbtest4  (cost=0.43..8.45 rows=1 width=490)
	        Index Cond: (id = 7479646)

table 5 : explain UPDATE sbtest5 SET c='foobar' WHERE id=821094
	Update on sbtest5  (cost=0.43..8.45 rows=0 width=0)
	  ->  Index Scan using sbtest5_pkey on sbtest5  (cost=0.43..8.45 rows=1 width=490)
	        Index Cond: (id = 821094)

table 6 : explain UPDATE sbtest6 SET c='foobar' WHERE id=1174415
	Update on sbtest6  (cost=0.43..8.45 rows=0 width=0)
	  ->  Index Scan using sbtest6_pkey on sbtest6  (cost=0.43..8.45 rows=1 width=490)
	        Index Cond: (id = 1174415)

table 7 : explain UPDATE sbtest7 SET c='foobar' WHERE id=1512640
	Update on sbtest7  (cost=0.43..8.45 rows=0 width=0)
	  ->  Index Scan using sbtest7_pkey on sbtest7  (cost=0.43..8.45 rows=1 width=490)
	        Index Cond: (id = 1512640)

table 8 : explain UPDATE sbtest8 SET c='foobar' WHERE id=2696797
	Update on sbtest8  (cost=0.43..8.45 rows=0 width=0)
	  ->  Index Scan using sbtest8_pkey on sbtest8  (cost=0.43..8.45 rows=1 width=490)
	        Index Cond: (id = 2696797)

for: order_ranges
table 1 : explain SELECT c FROM sbtest1 WHERE id BETWEEN 1826610 AND 1826709 ORDER BY c
	Sort  (cost=406.41..406.67 rows=104 width=121)
	  Sort Key: c
	  ->  Index Scan using sbtest1_pkey on sbtest1  (cost=0.43..402.93 rows=104 width=121)
	        Index Cond: ((id >= 1826610) AND (id <= 1826709))

table 2 : explain SELECT c FROM sbtest2 WHERE id BETWEEN 1008056 AND 1008155 ORDER BY c
	Sort  (cost=386.38..386.63 rows=99 width=121)
	  Sort Key: c
	  ->  Index Scan using sbtest2_pkey on sbtest2  (cost=0.43..383.10 rows=99 width=121)
	        Index Cond: ((id >= 1008056) AND (id <= 1008155))

table 3 : explain SELECT c FROM sbtest3 WHERE id BETWEEN 5678876 AND 5678975 ORDER BY c
	Sort  (cost=378.07..378.31 rows=97 width=121)
	  Sort Key: c
	  ->  Index Scan using sbtest3_pkey on sbtest3  (cost=0.43..374.87 rows=97 width=121)
	        Index Cond: ((id >= 5678876) AND (id <= 5678975))

table 4 : explain SELECT c FROM sbtest4 WHERE id BETWEEN 1699427 AND 1699526 ORDER BY c
	Sort  (cost=365.31..365.54 rows=94 width=121)
	  Sort Key: c
	  ->  Index Scan using sbtest4_pkey on sbtest4  (cost=0.43..362.23 rows=94 width=121)
	        Index Cond: ((id >= 1699427) AND (id <= 1699526))

table 5 : explain SELECT c FROM sbtest5 WHERE id BETWEEN 7658807 AND 7658906 ORDER BY c
	Sort  (cost=409.75..410.01 rows=105 width=121)
	  Sort Key: c
	  ->  Index Scan using sbtest5_pkey on sbtest5  (cost=0.43..406.23 rows=105 width=121)
	        Index Cond: ((id >= 7658807) AND (id <= 7658906))

table 6 : explain SELECT c FROM sbtest6 WHERE id BETWEEN 3849981 AND 3850080 ORDER BY c
	Sort  (cost=439.41..439.70 rows=113 width=121)
	  Sort Key: c
	  ->  Index Scan using sbtest6_pkey on sbtest6  (cost=0.43..435.56 rows=113 width=121)
	        Index Cond: ((id >= 3849981) AND (id <= 3850080))

table 7 : explain SELECT c FROM sbtest7 WHERE id BETWEEN 2887074 AND 2887173 ORDER BY c
	Sort  (cost=428.68..428.96 rows=110 width=121)
	  Sort Key: c
	  ->  Index Scan using sbtest7_pkey on sbtest7  (cost=0.43..424.95 rows=110 width=121)
	        Index Cond: ((id >= 2887074) AND (id <= 2887173))

table 8 : explain SELECT c FROM sbtest8 WHERE id BETWEEN 5733387 AND 5733486 ORDER BY c
	Sort  (cost=402.52..402.78 rows=104 width=121)
	  Sort Key: c
	  ->  Index Scan using sbtest8_pkey on sbtest8  (cost=0.43..399.04 rows=104 width=121)
	        Index Cond: ((id >= 5733387) AND (id <= 5733486))

for: order_ranges
table 1 : explain SELECT c FROM sbtest1 WHERE id BETWEEN 5224699 AND 5224798 ORDER BY c
	Sort  (cost=406.41..406.67 rows=104 width=121)
	  Sort Key: c
	  ->  Index Scan using sbtest1_pkey on sbtest1  (cost=0.43..402.93 rows=104 width=121)
	        Index Cond: ((id >= 5224699) AND (id <= 5224798))

table 2 : explain SELECT c FROM sbtest2 WHERE id BETWEEN 7803052 AND 7803151 ORDER BY c
	Sort  (cost=386.38..386.63 rows=99 width=121)
	  Sort Key: c
	  ->  Index Scan using sbtest2_pkey on sbtest2  (cost=0.43..383.10 rows=99 width=121)
	        Index Cond: ((id >= 7803052) AND (id <= 7803151))

table 3 : explain SELECT c FROM sbtest3 WHERE id BETWEEN 5492172 AND 5492271 ORDER BY c
	Sort  (cost=374.22..374.46 rows=96 width=121)
	  Sort Key: c
	  ->  Index Scan using sbtest3_pkey on sbtest3  (cost=0.43..371.06 rows=96 width=121)
	        Index Cond: ((id >= 5492172) AND (id <= 5492271))

table 4 : explain SELECT c FROM sbtest4 WHERE id BETWEEN 6978215 AND 6978314 ORDER BY c
	Sort  (cost=388.42..388.67 rows=100 width=121)
	  Sort Key: c
	  ->  Index Scan using sbtest4_pkey on sbtest4  (cost=0.43..385.10 rows=100 width=121)
	        Index Cond: ((id >= 6978215) AND (id <= 6978314))

table 5 : explain SELECT c FROM sbtest5 WHERE id BETWEEN 5277461 AND 5277560 ORDER BY c
	Sort  (cost=394.30..394.55 rows=101 width=121)
	  Sort Key: c
	  ->  Index Scan using sbtest5_pkey on sbtest5  (cost=0.43..390.93 rows=101 width=121)
	        Index Cond: ((id >= 5277461) AND (id <= 5277560))

table 6 : explain SELECT c FROM sbtest6 WHERE id BETWEEN 7816266 AND 7816365 ORDER BY c
	Sort  (cost=397.03..397.28 rows=102 width=121)
	  Sort Key: c
	  ->  Index Scan using sbtest6_pkey on sbtest6  (cost=0.43..393.63 rows=102 width=121)
	        Index Cond: ((id >= 7816266) AND (id <= 7816365))

table 7 : explain SELECT c FROM sbtest7 WHERE id BETWEEN 8581831 AND 8581930 ORDER BY c
	Sort  (cost=397.80..398.05 rows=102 width=121)
	  Sort Key: c
	  ->  Index Scan using sbtest7_pkey on sbtest7  (cost=0.43..394.39 rows=102 width=121)
	        Index Cond: ((id >= 8581831) AND (id <= 8581930))

table 8 : explain SELECT c FROM sbtest8 WHERE id BETWEEN 2883701 AND 2883800 ORDER BY c
	Sort  (cost=387.20..387.45 rows=100 width=121)
	  Sort Key: c
	  ->  Index Scan using sbtest8_pkey on sbtest8  (cost=0.43..383.88 rows=100 width=121)
	        Index Cond: ((id >= 2883701) AND (id <= 2883800))

explain: for deletes :: explain DELETE FROM sbtest%u WHERE id=%u
for: sum_ranges
table 1 : explain SELECT SUM(k) FROM sbtest1 WHERE id BETWEEN 6080314 AND 6080413
	Aggregate  (cost=407.02..407.03 rows=1 width=8)
	  ->  Index Scan using sbtest1_pkey on sbtest1  (cost=0.43..406.75 rows=105 width=4)
	        Index Cond: ((id >= 6080314) AND (id <= 6080413))

table 2 : explain SELECT SUM(k) FROM sbtest2 WHERE id BETWEEN 2119490 AND 2119589
	Aggregate  (cost=425.41..425.42 rows=1 width=8)
	  ->  Index Scan using sbtest2_pkey on sbtest2  (cost=0.43..425.14 rows=110 width=4)
	        Index Cond: ((id >= 2119490) AND (id <= 2119589))

table 3 : explain SELECT SUM(k) FROM sbtest3 WHERE id BETWEEN 6252788 AND 6252887
	Aggregate  (cost=386.57..386.58 rows=1 width=8)
	  ->  Index Scan using sbtest3_pkey on sbtest3  (cost=0.43..386.32 rows=100 width=4)
	        Index Cond: ((id >= 6252788) AND (id <= 6252887))

table 4 : explain SELECT SUM(k) FROM sbtest4 WHERE id BETWEEN 9794704 AND 9794803
	Aggregate  (cost=362.46..362.47 rows=1 width=8)
	  ->  Index Scan using sbtest4_pkey on sbtest4  (cost=0.43..362.23 rows=94 width=4)
	        Index Cond: ((id >= 9794704) AND (id <= 9794803))

table 5 : explain SELECT SUM(k) FROM sbtest5 WHERE id BETWEEN 8347808 AND 8347907
	Aggregate  (cost=398.84..398.85 rows=1 width=8)
	  ->  Index Scan using sbtest5_pkey on sbtest5  (cost=0.43..398.58 rows=103 width=4)
	        Index Cond: ((id >= 8347808) AND (id <= 8347907))

table 6 : explain SELECT SUM(k) FROM sbtest6 WHERE id BETWEEN 6424639 AND 6424738
	Aggregate  (cost=405.33..405.34 rows=1 width=8)
	  ->  Index Scan using sbtest6_pkey on sbtest6  (cost=0.43..405.06 rows=105 width=4)
	        Index Cond: ((id >= 6424639) AND (id <= 6424738))

table 7 : explain SELECT SUM(k) FROM sbtest7 WHERE id BETWEEN 5170416 AND 5170515
	Aggregate  (cost=379.36..379.37 rows=1 width=8)
	  ->  Index Scan using sbtest7_pkey on sbtest7  (cost=0.43..379.12 rows=98 width=4)
	        Index Cond: ((id >= 5170416) AND (id <= 5170515))

table 8 : explain SELECT SUM(k) FROM sbtest8 WHERE id BETWEEN 8267924 AND 8268023
	Aggregate  (cost=380.33..380.34 rows=1 width=8)
	  ->  Index Scan using sbtest8_pkey on sbtest8  (cost=0.43..380.09 rows=99 width=4)
	        Index Cond: ((id >= 8267924) AND (id <= 8268023))

for: sum_ranges
table 1 : explain SELECT SUM(k) FROM sbtest1 WHERE id BETWEEN 9813308 AND 9813407
	Aggregate  (cost=376.37..376.38 rows=1 width=8)
	  ->  Index Scan using sbtest1_pkey on sbtest1  (cost=0.43..376.13 rows=97 width=4)
	        Index Cond: ((id >= 9813308) AND (id <= 9813407))

table 2 : explain SELECT SUM(k) FROM sbtest2 WHERE id BETWEEN 4240870 AND 4240969
	Aggregate  (cost=402.47..402.48 rows=1 width=8)
	  ->  Index Scan using sbtest2_pkey on sbtest2  (cost=0.43..402.21 rows=104 width=4)
	        Index Cond: ((id >= 4240870) AND (id <= 4240969))

table 3 : explain SELECT SUM(k) FROM sbtest3 WHERE id BETWEEN 9887983 AND 9888082
	Aggregate  (cost=378.93..378.94 rows=1 width=8)
	  ->  Index Scan using sbtest3_pkey on sbtest3  (cost=0.43..378.69 rows=98 width=4)
	        Index Cond: ((id >= 9887983) AND (id <= 9888082))

table 4 : explain SELECT SUM(k) FROM sbtest4 WHERE id BETWEEN 1504078 AND 1504177
	Aggregate  (cost=389.15..389.16 rows=1 width=8)
	  ->  Index Scan using sbtest4_pkey on sbtest4  (cost=0.43..388.90 rows=101 width=4)
	        Index Cond: ((id >= 1504078) AND (id <= 1504177))

table 5 : explain SELECT SUM(k) FROM sbtest5 WHERE id BETWEEN 9645493 AND 9645592
	Aggregate  (cost=414.14..414.15 rows=1 width=8)
	  ->  Index Scan using sbtest5_pkey on sbtest5  (cost=0.43..413.87 rows=107 width=4)
	        Index Cond: ((id >= 9645493) AND (id <= 9645592))

table 6 : explain SELECT SUM(k) FROM sbtest6 WHERE id BETWEEN 3343610 AND 3343709
	Aggregate  (cost=405.33..405.34 rows=1 width=8)
	  ->  Index Scan using sbtest6_pkey on sbtest6  (cost=0.43..405.06 rows=105 width=4)
	        Index Cond: ((id >= 3343610) AND (id <= 3343709))

table 7 : explain SELECT SUM(k) FROM sbtest7 WHERE id BETWEEN 631398 AND 631497
	Aggregate  (cost=390.83..390.84 rows=1 width=8)
	  ->  Index Scan using sbtest7_pkey on sbtest7  (cost=0.43..390.57 rows=101 width=4)
	        Index Cond: ((id >= 631398) AND (id <= 631497))

table 8 : explain SELECT SUM(k) FROM sbtest8 WHERE id BETWEEN 8761094 AND 8761193
	Aggregate  (cost=384.13..384.14 rows=1 width=8)
	  ->  Index Scan using sbtest8_pkey on sbtest8  (cost=0.43..383.88 rows=100 width=4)
	        Index Cond: ((id >= 8761094) AND (id <= 8761193))

for: simple_ranges
table 1 : explain SELECT c FROM sbtest1 WHERE id BETWEEN 4147376 AND 4147475
	Index Scan using sbtest1_pkey on sbtest1  (cost=0.43..422.07 rows=109 width=121)
	  Index Cond: ((id >= 4147376) AND (id <= 4147475))

table 2 : explain SELECT c FROM sbtest2 WHERE id BETWEEN 9577684 AND 9577783
	Index Scan using sbtest2_pkey on sbtest2  (cost=0.43..383.10 rows=99 width=121)
	  Index Cond: ((id >= 9577684) AND (id <= 9577783))

table 3 : explain SELECT c FROM sbtest3 WHERE id BETWEEN 496764 AND 496863
	Index Scan using sbtest3_pkey on sbtest3  (cost=0.43..363.37 rows=94 width=121)
	  Index Cond: ((id >= 496764) AND (id <= 496863))

table 4 : explain SELECT c FROM sbtest4 WHERE id BETWEEN 7404881 AND 7404980
	Index Scan using sbtest4_pkey on sbtest4  (cost=0.43..381.29 rows=99 width=121)
	  Index Cond: ((id >= 7404881) AND (id <= 7404980))

table 5 : explain SELECT c FROM sbtest5 WHERE id BETWEEN 6686692 AND 6686791
	Index Scan using sbtest5_pkey on sbtest5  (cost=0.43..379.46 rows=98 width=121)
	  Index Cond: ((id >= 6686692) AND (id <= 6686791))

table 6 : explain SELECT c FROM sbtest6 WHERE id BETWEEN 5079487 AND 5079586
	Index Scan using sbtest6_pkey on sbtest6  (cost=0.43..370.75 rows=96 width=121)
	  Index Cond: ((id >= 5079487) AND (id <= 5079586))

table 7 : explain SELECT c FROM sbtest7 WHERE id BETWEEN 7512938 AND 7513037
	Index Scan using sbtest7_pkey on sbtest7  (cost=0.43..363.84 rows=94 width=121)
	  Index Cond: ((id >= 7512938) AND (id <= 7513037))

table 8 : explain SELECT c FROM sbtest8 WHERE id BETWEEN 9875574 AND 9875673
	Index Scan using sbtest8_pkey on sbtest8  (cost=0.43..387.67 rows=101 width=121)
	  Index Cond: ((id >= 9875574) AND (id <= 9875673))

for: order_ranges
table 1 : explain SELECT c FROM sbtest1 WHERE id BETWEEN 4244720 AND 4244819 ORDER BY c
	Sort  (cost=414.15..414.41 rows=106 width=121)
	  Sort Key: c
	  ->  Index Scan using sbtest1_pkey on sbtest1  (cost=0.43..410.58 rows=106 width=121)
	        Index Cond: ((id >= 4244720) AND (id <= 4244819))

table 2 : explain SELECT c FROM sbtest2 WHERE id BETWEEN 1013088 AND 1013187 ORDER BY c
	Sort  (cost=386.38..386.63 rows=99 width=121)
	  Sort Key: c
	  ->  Index Scan using sbtest2_pkey on sbtest2  (cost=0.43..383.10 rows=99 width=121)
	        Index Cond: ((id >= 1013088) AND (id <= 1013187))

table 3 : explain SELECT c FROM sbtest3 WHERE id BETWEEN 3895579 AND 3895678 ORDER BY c
	Sort  (cost=343.33..343.55 rows=88 width=121)
	  Sort Key: c
	  ->  Index Scan using sbtest3_pkey on sbtest3  (cost=0.43..340.48 rows=88 width=121)
	        Index Cond: ((id >= 3895579) AND (id <= 3895678))

table 4 : explain SELECT c FROM sbtest4 WHERE id BETWEEN 1872181 AND 1872280 ORDER BY c
	Sort  (cost=376.89..377.13 rows=97 width=121)
	  Sort Key: c
	  ->  Index Scan using sbtest4_pkey on sbtest4  (cost=0.43..373.69 rows=97 width=121)
	        Index Cond: ((id >= 1872181) AND (id <= 1872280))

table 5 : explain SELECT c FROM sbtest5 WHERE id BETWEEN 7244713 AND 7244812 ORDER BY c
	Sort  (cost=363.39..363.62 rows=93 width=121)
	  Sort Key: c
	  ->  Index Scan using sbtest5_pkey on sbtest5  (cost=0.43..360.35 rows=93 width=121)
	        Index Cond: ((id >= 7244713) AND (id <= 7244812))

table 6 : explain SELECT c FROM sbtest6 WHERE id BETWEEN 8165508 AND 8165607 ORDER BY c
	Sort  (cost=362.36..362.59 rows=93 width=121)
	  Sort Key: c
	  ->  Index Scan using sbtest6_pkey on sbtest6  (cost=0.43..359.32 rows=93 width=121)
	        Index Cond: ((id >= 8165508) AND (id <= 8165607))

table 7 : explain SELECT c FROM sbtest7 WHERE id BETWEEN 7581273 AND 7581372 ORDER BY c
	Sort  (cost=378.50..378.74 rows=97 width=121)
	  Sort Key: c
	  ->  Index Scan using sbtest7_pkey on sbtest7  (cost=0.43..375.30 rows=97 width=121)
	        Index Cond: ((id >= 7581273) AND (id <= 7581372))

table 8 : explain SELECT c FROM sbtest8 WHERE id BETWEEN 1299724 AND 1299823 ORDER BY c
	Sort  (cost=368.05..368.28 rows=95 width=121)
	  Sort Key: c
	  ->  Index Scan using sbtest8_pkey on sbtest8  (cost=0.43..364.93 rows=95 width=121)
	        Index Cond: ((id >= 1299724) AND (id <= 1299823))

for: distinct_ranges
table 1 : explain SELECT DISTINCT c FROM sbtest1 WHERE id BETWEEN 6425555 AND 6425654 ORDER BY c
	Unique  (cost=379.28..379.77 rows=97 width=121)
	  ->  Sort  (cost=379.28..379.52 rows=97 width=121)
	        Sort Key: c
	        ->  Index Scan using sbtest1_pkey on sbtest1  (cost=0.43..376.08 rows=97 width=121)
	              Index Cond: ((id >= 6425555) AND (id <= 6425654))

table 2 : explain SELECT DISTINCT c FROM sbtest2 WHERE id BETWEEN 8784653 AND 8784752 ORDER BY c
	Unique  (cost=370.94..371.41 rows=95 width=121)
	  ->  Sort  (cost=370.94..371.17 rows=95 width=121)
	        Sort Key: c
	        ->  Index Scan using sbtest2_pkey on sbtest2  (cost=0.43..367.81 rows=95 width=121)
	              Index Cond: ((id >= 8784653) AND (id <= 8784752))

table 3 : explain SELECT DISTINCT c FROM sbtest3 WHERE id BETWEEN 6321505 AND 6321604 ORDER BY c
	Unique  (cost=435.91..436.47 rows=112 width=121)
	  ->  Sort  (cost=435.91..436.19 rows=112 width=121)
	        Sort Key: c
	        ->  Index Scan using sbtest3_pkey on sbtest3  (cost=0.43..432.10 rows=112 width=121)
	              Index Cond: ((id >= 6321505) AND (id <= 6321604))

table 4 : explain SELECT DISTINCT c FROM sbtest4 WHERE id BETWEEN 5991388 AND 5991487 ORDER BY c
	Unique  (cost=396.11..396.62 rows=102 width=121)
	  ->  Sort  (cost=396.11..396.36 rows=102 width=121)
	        Sort Key: c
	        ->  Index Scan using sbtest4_pkey on sbtest4  (cost=0.43..392.70 rows=102 width=121)
	              Index Cond: ((id >= 5991388) AND (id <= 5991487))

table 5 : explain SELECT DISTINCT c FROM sbtest5 WHERE id BETWEEN 9845222 AND 9845321 ORDER BY c
	Unique  (cost=429.07..429.62 rows=110 width=121)
	  ->  Sort  (cost=429.07..429.35 rows=110 width=121)
	        Sort Key: c
	        ->  Index Scan using sbtest5_pkey on sbtest5  (cost=0.43..425.34 rows=110 width=121)
	              Index Cond: ((id >= 9845222) AND (id <= 9845321))

table 6 : explain SELECT DISTINCT c FROM sbtest6 WHERE id BETWEEN 603739 AND 603838 ORDER BY c
	Unique  (cost=354.60..355.06 rows=91 width=121)
	  ->  Sort  (cost=354.60..354.83 rows=91 width=121)
	        Sort Key: c
	        ->  Index Scan using sbtest6_pkey on sbtest6  (cost=0.43..351.64 rows=91 width=121)
	              Index Cond: ((id >= 603739) AND (id <= 603838))

table 7 : explain SELECT DISTINCT c FROM sbtest7 WHERE id BETWEEN 2188598 AND 2188697 ORDER BY c
	Unique  (cost=378.50..378.98 rows=97 width=121)
	  ->  Sort  (cost=378.50..378.74 rows=97 width=121)
	        Sort Key: c
	        ->  Index Scan using sbtest7_pkey on sbtest7  (cost=0.43..375.30 rows=97 width=121)
	              Index Cond: ((id >= 2188598) AND (id <= 2188697))

table 8 : explain SELECT DISTINCT c FROM sbtest8 WHERE id BETWEEN 6978946 AND 6979045 ORDER BY c
	Unique  (cost=391.03..391.53 rows=101 width=121)
	  ->  Sort  (cost=391.03..391.28 rows=101 width=121)
	        Sort Key: c
	        ->  Index Scan using sbtest8_pkey on sbtest8  (cost=0.43..387.67 rows=101 width=121)
	              Index Cond: ((id >= 6978946) AND (id <= 6979045))

for deletes
table 1 : explain DELETE FROM sbtest1 WHERE id=5096592
	Delete on sbtest1  (cost=0.43..8.45 rows=0 width=0)
	  ->  Index Scan using sbtest1_pkey on sbtest1  (cost=0.43..8.45 rows=1 width=6)
	        Index Cond: (id = 5096592)

table 2 : explain DELETE FROM sbtest2 WHERE id=7002443
	Delete on sbtest2  (cost=0.43..8.45 rows=0 width=0)
	  ->  Index Scan using sbtest2_pkey on sbtest2  (cost=0.43..8.45 rows=1 width=6)
	        Index Cond: (id = 7002443)

table 3 : explain DELETE FROM sbtest3 WHERE id=3276679
	Delete on sbtest3  (cost=0.43..8.45 rows=0 width=0)
	  ->  Index Scan using sbtest3_pkey on sbtest3  (cost=0.43..8.45 rows=1 width=6)
	        Index Cond: (id = 3276679)

table 4 : explain DELETE FROM sbtest4 WHERE id=3946
	Delete on sbtest4  (cost=0.43..8.45 rows=0 width=0)
	  ->  Index Scan using sbtest4_pkey on sbtest4  (cost=0.43..8.45 rows=1 width=6)
	        Index Cond: (id = 3946)

table 5 : explain DELETE FROM sbtest5 WHERE id=136665
	Delete on sbtest5  (cost=0.43..8.45 rows=0 width=0)
	  ->  Index Scan using sbtest5_pkey on sbtest5  (cost=0.43..8.45 rows=1 width=6)
	        Index Cond: (id = 136665)

table 6 : explain DELETE FROM sbtest6 WHERE id=3927231
	Delete on sbtest6  (cost=0.43..8.45 rows=0 width=0)
	  ->  Index Scan using sbtest6_pkey on sbtest6  (cost=0.43..8.45 rows=1 width=6)
	        Index Cond: (id = 3927231)

table 7 : explain DELETE FROM sbtest7 WHERE id=7630453
	Delete on sbtest7  (cost=0.43..8.45 rows=0 width=0)
	  ->  Index Scan using sbtest7_pkey on sbtest7  (cost=0.43..8.45 rows=1 width=6)
	        Index Cond: (id = 7630453)

table 8 : explain DELETE FROM sbtest8 WHERE id=9639726
	Delete on sbtest8  (cost=0.43..8.45 rows=0 width=0)
	  ->  Index Scan using sbtest8_pkey on sbtest8  (cost=0.43..8.45 rows=1 width=6)
	        Index Cond: (id = 9639726)

for: distinct_ranges
table 1 : explain SELECT DISTINCT c FROM sbtest1 WHERE id BETWEEN 8340147 AND 8340246 ORDER BY c
	Unique  (cost=367.67..368.14 rows=94 width=121)
	  ->  Sort  (cost=367.67..367.91 rows=94 width=121)
	        Sort Key: c
	        ->  Index Scan using sbtest1_pkey on sbtest1  (cost=0.43..364.59 rows=94 width=121)
	              Index Cond: ((id >= 8340147) AND (id <= 8340246))

table 2 : explain SELECT DISTINCT c FROM sbtest2 WHERE id BETWEEN 45338 AND 45437 ORDER BY c
	Unique  (cost=370.89..371.36 rows=95 width=121)
	  ->  Sort  (cost=370.89..371.12 rows=95 width=121)
	        Sort Key: c
	        ->  Index Scan using sbtest2_pkey on sbtest2  (cost=0.43..367.77 rows=95 width=121)
	              Index Cond: ((id >= 45338) AND (id <= 45437))

table 3 : explain SELECT DISTINCT c FROM sbtest3 WHERE id BETWEEN 6818303 AND 6818402 ORDER BY c
	Unique  (cost=385.78..386.28 rows=99 width=121)
	  ->  Sort  (cost=385.78..386.03 rows=99 width=121)
	        Sort Key: c
	        ->  Index Scan using sbtest3_pkey on sbtest3  (cost=0.43..382.50 rows=99 width=121)
	              Index Cond: ((id >= 6818303) AND (id <= 6818402))

table 4 : explain SELECT DISTINCT c FROM sbtest4 WHERE id BETWEEN 8288144 AND 8288243 ORDER BY c
	Unique  (cost=376.89..377.38 rows=97 width=121)
	  ->  Sort  (cost=376.89..377.13 rows=97 width=121)
	        Sort Key: c
	        ->  Index Scan using sbtest4_pkey on sbtest4  (cost=0.43..373.69 rows=97 width=121)
	              Index Cond: ((id >= 8288144) AND (id <= 8288243))

table 5 : explain SELECT DISTINCT c FROM sbtest5 WHERE id BETWEEN 9210814 AND 9210913 ORDER BY c
	Unique  (cost=405.89..406.41 rows=104 width=121)
	  ->  Sort  (cost=405.89..406.15 rows=104 width=121)
	        Sort Key: c
	        ->  Index Scan using sbtest5_pkey on sbtest5  (cost=0.43..402.40 rows=104 width=121)
	              Index Cond: ((id >= 9210814) AND (id <= 9210913))

table 6 : explain SELECT DISTINCT c FROM sbtest6 WHERE id BETWEEN 1607463 AND 1607562 ORDER BY c
	Unique  (cost=404.74..405.26 rows=104 width=121)
	  ->  Sort  (cost=404.74..405.00 rows=104 width=121)
	        Sort Key: c
	        ->  Index Scan using sbtest6_pkey on sbtest6  (cost=0.43..401.25 rows=104 width=121)
	              Index Cond: ((id >= 1607463) AND (id <= 1607562))

table 7 : explain SELECT DISTINCT c FROM sbtest7 WHERE id BETWEEN 5218226 AND 5218325 ORDER BY c
	Unique  (cost=409.38..409.90 rows=105 width=121)
	  ->  Sort  (cost=409.38..409.64 rows=105 width=121)
	        Sort Key: c
	        ->  Index Scan using sbtest7_pkey on sbtest7  (cost=0.43..405.85 rows=105 width=121)
	              Index Cond: ((id >= 5218226) AND (id <= 5218325))

table 8 : explain SELECT DISTINCT c FROM sbtest8 WHERE id BETWEEN 6426086 AND 6426185 ORDER BY c
	Unique  (cost=352.67..353.12 rows=91 width=121)
	  ->  Sort  (cost=352.67..352.89 rows=91 width=121)
	        Sort Key: c
	        ->  Index Scan using sbtest8_pkey on sbtest8  (cost=0.43..349.71 rows=91 width=121)
	              Index Cond: ((id >= 6426086) AND (id <= 6426185))
explain: for point_selects :: explain SELECT c FROM sbtest%u WHERE id=%u

explain: for index_updates :: explain UPDATE sbtest%u SET k=k+1 WHERE id=%u
for: distinct_ranges
table 1 : explain SELECT DISTINCT c FROM sbtest1 WHERE id BETWEEN 7935021 AND 7935120 ORDER BY c
	Unique  (cost=383.20..383.69 rows=98 width=121)
	  ->  Sort  (cost=383.20..383.44 rows=98 width=121)
	        Sort Key: c
	        ->  Index Scan using sbtest1_pkey on sbtest1  (cost=0.43..379.96 rows=98 width=121)
	              Index Cond: ((id >= 7935021) AND (id <= 7935120))

table 2 : explain SELECT DISTINCT c FROM sbtest2 WHERE id BETWEEN 1431725 AND 1431824 ORDER BY c
	Unique  (cost=367.02..367.49 rows=94 width=121)
	  ->  Sort  (cost=367.02..367.26 rows=94 width=121)
	        Sort Key: c
	        ->  Index Scan using sbtest2_pkey on sbtest2  (cost=0.43..363.94 rows=94 width=121)
	              Index Cond: ((id >= 1431725) AND (id <= 1431824))

table 3 : explain SELECT DISTINCT c FROM sbtest3 WHERE id BETWEEN 7134343 AND 7134442 ORDER BY c
	Unique  (cost=412.77..413.30 rows=106 width=121)
	  ->  Sort  (cost=412.77..413.04 rows=106 width=121)
	        Sort Key: c
	        ->  Index Scan using sbtest3_pkey on sbtest3  (cost=0.43..409.21 rows=106 width=121)
	              Index Cond: ((id >= 7134343) AND (id <= 7134442))

table 4 : explain SELECT DISTINCT c FROM sbtest4 WHERE id BETWEEN 3597855 AND 3597954 ORDER BY c
	Unique  (cost=392.26..392.77 rows=101 width=121)
	  ->  Sort  (cost=392.26..392.52 rows=101 width=121)
	        Sort Key: c
	        ->  Index Scan using sbtest4_pkey on sbtest4  (cost=0.43..388.90 rows=101 width=121)
	              Index Cond: ((id >= 3597855) AND (id <= 3597954))

table 5 : explain SELECT DISTINCT c FROM sbtest5 WHERE id BETWEEN 4623164 AND 4623263 ORDER BY c
	Unique  (cost=367.25..367.72 rows=94 width=121)
	  ->  Sort  (cost=367.25..367.49 rows=94 width=121)
	        Sort Key: c
	        ->  Index Scan using sbtest5_pkey on sbtest5  (cost=0.43..364.17 rows=94 width=121)
	              Index Cond: ((id >= 4623164) AND (id <= 4623263))

table 6 : explain SELECT DISTINCT c FROM sbtest6 WHERE id BETWEEN 3810820 AND 3810919 ORDER BY c
	Unique  (cost=439.41..439.98 rows=113 width=121)
	  ->  Sort  (cost=439.41..439.70 rows=113 width=121)
	        Sort Key: c
	        ->  Index Scan using sbtest6_pkey on sbtest6  (cost=0.43..435.56 rows=113 width=121)
	              Index Cond: ((id >= 3810820) AND (id <= 3810919))

table 7 : explain SELECT DISTINCT c FROM sbtest7 WHERE id BETWEEN 9396913 AND 9397012 ORDER BY c
	Unique  (cost=382.36..382.85 rows=98 width=121)
	  ->  Sort  (cost=382.36..382.60 rows=98 width=121)
	        Sort Key: c
	        ->  Index Scan using sbtest7_pkey on sbtest7  (cost=0.43..379.12 rows=98 width=121)
	              Index Cond: ((id >= 9396913) AND (id <= 9397012))

table 8 : explain SELECT DISTINCT c FROM sbtest8 WHERE id BETWEEN 6306981 AND 6307080 ORDER BY c
	Unique  (cost=375.71..376.19 rows=97 width=121)
	  ->  Sort  (cost=375.71..375.95 rows=97 width=121)
	        Sort Key: c
	        ->  Index Scan using sbtest8_pkey on sbtest8  (cost=0.43..372.51 rows=97 width=121)
	              Index Cond: ((id >= 6306981) AND (id <= 6307080))

for: sum_ranges
table 1 : explain SELECT SUM(k) FROM sbtest1 WHERE id BETWEEN 7659848 AND 7659947
	Aggregate  (cost=384.03..384.04 rows=1 width=8)
	  ->  Index Scan using sbtest1_pkey on sbtest1  (cost=0.43..383.78 rows=99 width=4)
	        Index Cond: ((id >= 7659848) AND (id <= 7659947))

table 2 : explain SELECT SUM(k) FROM sbtest2 WHERE id BETWEEN 1766374 AND 1766473
	Aggregate  (cost=379.52..379.53 rows=1 width=8)
	  ->  Index Scan using sbtest2_pkey on sbtest2  (cost=0.43..379.28 rows=98 width=4)
	        Index Cond: ((id >= 1766374) AND (id <= 1766473))

table 3 : explain SELECT SUM(k) FROM sbtest3 WHERE id BETWEEN 7637320 AND 7637419
	Aggregate  (cost=440.02..440.03 rows=1 width=8)
	  ->  Index Scan using sbtest3_pkey on sbtest3  (cost=0.43..439.73 rows=114 width=4)
	        Index Cond: ((id >= 7637320) AND (id <= 7637419))

table 4 : explain SELECT SUM(k) FROM sbtest4 WHERE id BETWEEN 8598157 AND 8598256
	Aggregate  (cost=438.62..438.63 rows=1 width=8)
	  ->  Index Scan using sbtest4_pkey on sbtest4  (cost=0.43..438.34 rows=114 width=4)
	        Index Cond: ((id >= 8598157) AND (id <= 8598256))

table 5 : explain SELECT SUM(k) FROM sbtest5 WHERE id BETWEEN 7148878 AND 7148977
	Aggregate  (cost=383.53..383.54 rows=1 width=8)
	  ->  Index Scan using sbtest5_pkey on sbtest5  (cost=0.43..383.29 rows=99 width=4)
	        Index Cond: ((id >= 7148878) AND (id <= 7148977))

table 6 : explain SELECT SUM(k) FROM sbtest6 WHERE id BETWEEN 1378778 AND 1378877
	Aggregate  (cost=378.62..378.63 rows=1 width=8)
	  ->  Index Scan using sbtest6_pkey on sbtest6  (cost=0.43..378.38 rows=98 width=4)
	        Index Cond: ((id >= 1378778) AND (id <= 1378877))

table 7 : explain SELECT SUM(k) FROM sbtest7 WHERE id BETWEEN 7301413 AND 7301512
	Aggregate  (cost=406.12..406.13 rows=1 width=8)
	  ->  Index Scan using sbtest7_pkey on sbtest7  (cost=0.43..405.85 rows=105 width=4)
	        Index Cond: ((id >= 7301413) AND (id <= 7301512))

table 8 : explain SELECT SUM(k) FROM sbtest8 WHERE id BETWEEN 37879 AND 37978
	Aggregate  (cost=380.33..380.34 rows=1 width=8)
	  ->  Index Scan using sbtest8_pkey on sbtest8  (cost=0.43..380.09 rows=99 width=4)
	        Index Cond: ((id >= 37879) AND (id <= 37978))
for: sum_ranges
table 1 : explain SELECT SUM(k) FROM sbtest1 WHERE id BETWEEN 3814753 AND 3814852
	Aggregate  (cost=376.32..376.33 rows=1 width=8)
	  ->  Index Scan using sbtest1_pkey on sbtest1  (cost=0.43..376.08 rows=97 width=4)
	        Index Cond: ((id >= 3814753) AND (id <= 3814852))

table 2 : explain SELECT SUM(k) FROM sbtest2 WHERE id BETWEEN 8353402 AND 8353501
	Aggregate  (cost=375.70..375.71 rows=1 width=8)
	  ->  Index Scan using sbtest2_pkey on sbtest2  (cost=0.43..375.46 rows=97 width=4)
	        Index Cond: ((id >= 8353402) AND (id <= 8353501))

table 3 : explain SELECT SUM(k) FROM sbtest3 WHERE id BETWEEN 3629823 AND 3629922
	Aggregate  (cost=428.56..428.57 rows=1 width=8)
	  ->  Index Scan using sbtest3_pkey on sbtest3  (cost=0.43..428.28 rows=111 width=4)
	        Index Cond: ((id >= 3629823) AND (id <= 3629922))

table 4 : explain SELECT SUM(k) FROM sbtest4 WHERE id BETWEEN 2644468 AND 2644567
	Aggregate  (cost=392.96..392.97 rows=1 width=8)
	  ->  Index Scan using sbtest4_pkey on sbtest4  (cost=0.43..392.70 rows=102 width=4)
	        Index Cond: ((id >= 2644468) AND (id <= 2644567))

table 5 : explain SELECT SUM(k) FROM sbtest5 WHERE id BETWEEN 1413291 AND 1413390
	Aggregate  (cost=398.84..398.85 rows=1 width=8)
	  ->  Index Scan using sbtest5_pkey on sbtest5  (cost=0.43..398.58 rows=103 width=4)
	        Index Cond: ((id >= 1413291) AND (id <= 1413390))

table 6 : explain SELECT SUM(k) FROM sbtest6 WHERE id BETWEEN 2712546 AND 2712645
	Aggregate  (cost=416.77..416.78 rows=1 width=8)
	  ->  Index Scan using sbtest6_pkey on sbtest6  (cost=0.43..416.50 rows=108 width=4)
	        Index Cond: ((id >= 2712546) AND (id <= 2712645))

table 7 : explain SELECT SUM(k) FROM sbtest7 WHERE id BETWEEN 919885 AND 919984
	Aggregate  (cost=409.94..409.95 rows=1 width=8)
	  ->  Index Scan using sbtest7_pkey on sbtest7  (cost=0.43..409.67 rows=106 width=4)
	        Index Cond: ((id >= 919885) AND (id <= 919984))

table 8 : explain SELECT SUM(k) FROM sbtest8 WHERE id BETWEEN 3792839 AND 3792938
	Aggregate  (cost=380.33..380.34 rows=1 width=8)
	  ->  Index Scan using sbtest8_pkey on sbtest8  (cost=0.43..380.09 rows=99 width=4)
	        Index Cond: ((id >= 3792839) AND (id <= 3792938))


for: sum_ranges
table 1 : explain SELECT SUM(k) FROM sbtest1 WHERE id BETWEEN 3704804 AND 3704903
	Aggregate  (cost=349.51..349.52 rows=1 width=8)
	  ->  Index Scan using sbtest1_pkey on sbtest1  (cost=0.43..349.28 rows=90 width=4)
	        Index Cond: ((id >= 3704804) AND (id <= 3704903))

table 2 : explain SELECT SUM(k) FROM sbtest2 WHERE id BETWEEN 2979685 AND 2979784
	Aggregate  (cost=360.35..360.36 rows=1 width=8)
	  ->  Index Scan using sbtest2_pkey on sbtest2  (cost=0.43..360.12 rows=93 width=4)
	        Index Cond: ((id >= 2979685) AND (id <= 2979784))

table 3 : explain SELECT SUM(k) FROM sbtest3 WHERE id BETWEEN 1437591 AND 1437690
	Aggregate  (cost=352.16..352.17 rows=1 width=8)
	  ->  Index Scan using sbtest3_pkey on sbtest3  (cost=0.43..351.93 rows=91 width=4)
	        Index Cond: ((id >= 1437591) AND (id <= 1437690))

table 4 : explain SELECT SUM(k) FROM sbtest4 WHERE id BETWEEN 7961490 AND 7961589
	Aggregate  (cost=400.57..400.58 rows=1 width=8)
	  ->  Index Scan using sbtest4_pkey on sbtest4  (cost=0.43..400.31 rows=104 width=4)
	        Index Cond: ((id >= 7961490) AND (id <= 7961589))

table 5 : explain SELECT SUM(k) FROM sbtest5 WHERE id BETWEEN 9060778 AND 9060877
	Aggregate  (cost=379.71..379.72 rows=1 width=8)
	  ->  Index Scan using sbtest5_pkey on sbtest5  (cost=0.43..379.46 rows=98 width=4)
	        Index Cond: ((id >= 9060778) AND (id <= 9060877))

table 6 : explain SELECT SUM(k) FROM sbtest6 WHERE id BETWEEN 4338970 AND 4339069
	Aggregate  (cost=382.44..382.45 rows=1 width=8)
	  ->  Index Scan using sbtest6_pkey on sbtest6  (cost=0.43..382.19 rows=99 width=4)
	        Index Cond: ((id >= 4338970) AND (id <= 4339069))

table 7 : explain SELECT SUM(k) FROM sbtest7 WHERE id BETWEEN 7761464 AND 7761563
	Aggregate  (cost=371.72..371.73 rows=1 width=8)
	  ->  Index Scan using sbtest7_pkey on sbtest7  (cost=0.43..371.48 rows=96 width=4)
	        Index Cond: ((id >= 7761464) AND (id <= 7761563))

table 8 : explain SELECT SUM(k) FROM sbtest8 WHERE id BETWEEN 3171104 AND 3171203
	Aggregate  (cost=368.96..368.97 rows=1 width=8)
	  ->  Index Scan using sbtest8_pkey on sbtest8  (cost=0.43..368.72 rows=96 width=4)
	        Index Cond: ((id >= 3171104) AND (id <= 3171203))

for: distinct_ranges
table 1 : explain SELECT DISTINCT c FROM sbtest1 WHERE id BETWEEN 4181063 AND 4181162 ORDER BY c
	Unique  (cost=425.76..426.30 rows=109 width=121)
	  ->  Sort  (cost=425.76..426.03 rows=109 width=121)
	        Sort Key: c
	        ->  Index Scan using sbtest1_pkey on sbtest1  (cost=0.43..422.07 rows=109 width=121)
	              Index Cond: ((id >= 4181063) AND (id <= 4181162))

table 2 : explain SELECT DISTINCT c FROM sbtest2 WHERE id BETWEEN 4958441 AND 4958540 ORDER BY c
	Unique  (cost=359.30..359.76 rows=92 width=121)
	  ->  Sort  (cost=359.30..359.53 rows=92 width=121)
	        Sort Key: c
	        ->  Index Scan using sbtest2_pkey on sbtest2  (cost=0.43..356.30 rows=92 width=121)
	              Index Cond: ((id >= 4958441) AND (id <= 4958540))

table 3 : explain SELECT DISTINCT c FROM sbtest3 WHERE id BETWEEN 7401178 AND 7401277 ORDER BY c
	Unique  (cost=416.63..417.17 rows=107 width=121)
	  ->  Sort  (cost=416.63..416.90 rows=107 width=121)
	        Sort Key: c
	        ->  Index Scan using sbtest3_pkey on sbtest3  (cost=0.43..413.02 rows=107 width=121)
	              Index Cond: ((id >= 7401178) AND (id <= 7401277))

table 4 : explain SELECT DISTINCT c FROM sbtest4 WHERE id BETWEEN 3582913 AND 3583012 ORDER BY c
	Unique  (cost=361.46..361.93 rows=93 width=121)
	  ->  Sort  (cost=361.46..361.70 rows=93 width=121)
	        Sort Key: c
	        ->  Index Scan using sbtest4_pkey on sbtest4  (cost=0.43..358.42 rows=93 width=121)
	              Index Cond: ((id >= 3582913) AND (id <= 3583012))

table 5 : explain SELECT DISTINCT c FROM sbtest5 WHERE id BETWEEN 4106896 AND 4106995 ORDER BY c
	Unique  (cost=390.43..390.93 rows=100 width=121)
	  ->  Sort  (cost=390.43..390.68 rows=100 width=121)
	        Sort Key: c
	        ->  Index Scan using sbtest5_pkey on sbtest5  (cost=0.43..387.11 rows=100 width=121)
	              Index Cond: ((id >= 4106896) AND (id <= 4106995))

table 6 : explain SELECT DISTINCT c FROM sbtest6 WHERE id BETWEEN 637107 AND 637206 ORDER BY c
	Unique  (cost=354.60..355.06 rows=91 width=121)
	  ->  Sort  (cost=354.60..354.83 rows=91 width=121)
	        Sort Key: c
	        ->  Index Scan using sbtest6_pkey on sbtest6  (cost=0.43..351.64 rows=91 width=121)
	              Index Cond: ((id >= 637107) AND (id <= 637206))

table 7 : explain SELECT DISTINCT c FROM sbtest7 WHERE id BETWEEN 4036281 AND 4036380 ORDER BY c
	Unique  (cost=351.48..351.93 rows=90 width=121)
	  ->  Sort  (cost=351.48..351.70 rows=90 width=121)
	        Sort Key: c
	        ->  Index Scan using sbtest7_pkey on sbtest7  (cost=0.43..348.56 rows=90 width=121)
	              Index Cond: ((id >= 4036281) AND (id <= 4036380))

table 8 : explain SELECT DISTINCT c FROM sbtest8 WHERE id BETWEEN 6019919 AND 6020018 ORDER BY c
	Unique  (cost=398.69..399.21 rows=103 width=121)
	  ->  Sort  (cost=398.69..398.95 rows=103 width=121)
	        Sort Key: c
	        ->  Index Scan using sbtest8_pkey on sbtest8  (cost=0.43..395.25 rows=103 width=121)
	              Index Cond: ((id >= 6019919) AND (id <= 6020018))

for: distinct_ranges
table 1 : explain SELECT DISTINCT c FROM sbtest1 WHERE id BETWEEN 7070101 AND 7070200 ORDER BY c
	Unique  (cost=379.33..379.81 rows=97 width=121)
	  ->  Sort  (cost=379.33..379.57 rows=97 width=121)
	        Sort Key: c
	        ->  Index Scan using sbtest1_pkey on sbtest1  (cost=0.43..376.13 rows=97 width=121)
	              Index Cond: ((id >= 7070101) AND (id <= 7070200))

table 2 : explain SELECT DISTINCT c FROM sbtest2 WHERE id BETWEEN 5777127 AND 5777226 ORDER BY c
	Unique  (cost=397.97..398.48 rows=102 width=121)
	  ->  Sort  (cost=397.97..398.22 rows=102 width=121)
	        Sort Key: c
	        ->  Index Scan using sbtest2_pkey on sbtest2  (cost=0.43..394.56 rows=102 width=121)
	              Index Cond: ((id >= 5777127) AND (id <= 5777226))

table 3 : explain SELECT DISTINCT c FROM sbtest3 WHERE id BETWEEN 9819748 AND 9819847 ORDER BY c
	Unique  (cost=381.93..382.42 rows=98 width=121)
	  ->  Sort  (cost=381.93..382.17 rows=98 width=121)
	        Sort Key: c
	        ->  Index Scan using sbtest3_pkey on sbtest3  (cost=0.43..378.69 rows=98 width=121)
	              Index Cond: ((id >= 9819748) AND (id <= 9819847))

table 4 : explain SELECT DISTINCT c FROM sbtest4 WHERE id BETWEEN 14970 AND 15069 ORDER BY c
	Unique  (cost=380.73..381.22 rows=98 width=121)
	  ->  Sort  (cost=380.73..380.98 rows=98 width=121)
	        Sort Key: c
	        ->  Index Scan using sbtest4_pkey on sbtest4  (cost=0.43..377.49 rows=98 width=121)
	              Index Cond: ((id >= 14970) AND (id <= 15069))

table 5 : explain SELECT DISTINCT c FROM sbtest5 WHERE id BETWEEN 5680700 AND 5680799 ORDER BY c
	Unique  (cost=371.11..371.59 rows=95 width=121)
	  ->  Sort  (cost=371.11..371.35 rows=95 width=121)
	        Sort Key: c
	        ->  Index Scan using sbtest5_pkey on sbtest5  (cost=0.43..367.99 rows=95 width=121)
	              Index Cond: ((id >= 5680700) AND (id <= 5680799))

table 6 : explain SELECT DISTINCT c FROM sbtest6 WHERE id BETWEEN 4455174 AND 4455273 ORDER BY c
	Unique  (cost=389.32..389.82 rows=100 width=121)
	  ->  Sort  (cost=389.32..389.57 rows=100 width=121)
	        Sort Key: c
	        ->  Index Scan using sbtest6_pkey on sbtest6  (cost=0.43..386.00 rows=100 width=121)
	              Index Cond: ((id >= 4455174) AND (id <= 4455273))

table 7 : explain SELECT DISTINCT c FROM sbtest7 WHERE id BETWEEN 5329422 AND 5329521 ORDER BY c
	Unique  (cost=359.20..359.66 rows=92 width=121)
	  ->  Sort  (cost=359.20..359.43 rows=92 width=121)
	        Sort Key: c
	        ->  Index Scan using sbtest7_pkey on sbtest7  (cost=0.43..356.20 rows=92 width=121)
	              Index Cond: ((id >= 5329422) AND (id <= 5329521))

table 8 : explain SELECT DISTINCT c FROM sbtest8 WHERE id BETWEEN 2865962 AND 2866061 ORDER BY c
	Unique  (cost=387.20..387.70 rows=100 width=121)
	  ->  Sort  (cost=387.20..387.45 rows=100 width=121)
	        Sort Key: c
	        ->  Index Scan using sbtest8_pkey on sbtest8  (cost=0.43..383.88 rows=100 width=121)
	              Index Cond: ((id >= 2865962) AND (id <= 2866061))

explain: for index_updates :: explain UPDATE sbtest%u SET k=k+1 WHERE id=%u
for: distinct_ranges
table 1 : explain SELECT DISTINCT c FROM sbtest1 WHERE id BETWEEN 8419090 AND 8419189 ORDER BY c
	Unique  (cost=348.33..348.78 rows=89 width=121)
	  ->  Sort  (cost=348.33..348.56 rows=89 width=121)
	        Sort Key: c
	        ->  Index Scan using sbtest1_pkey on sbtest1  (cost=0.43..345.45 rows=89 width=121)
	              Index Cond: ((id >= 8419090) AND (id <= 8419189))

table 2 : explain SELECT DISTINCT c FROM sbtest2 WHERE id BETWEEN 2685756 AND 2685855 ORDER BY c
	Unique  (cost=397.97..398.48 rows=102 width=121)
	  ->  Sort  (cost=397.97..398.22 rows=102 width=121)
	        Sort Key: c
	        ->  Index Scan using sbtest2_pkey on sbtest2  (cost=0.43..394.56 rows=102 width=121)
	              Index Cond: ((id >= 2685756) AND (id <= 2685855))

table 3 : explain SELECT DISTINCT c FROM sbtest3 WHERE id BETWEEN 6657273 AND 6657372 ORDER BY c
	Unique  (cost=443.63..444.20 rows=114 width=121)
	  ->  Sort  (cost=443.63..443.91 rows=114 width=121)
	        Sort Key: c
	        ->  Index Scan using sbtest3_pkey on sbtest3  (cost=0.43..439.73 rows=114 width=121)
	              Index Cond: ((id >= 6657273) AND (id <= 6657372))

table 4 : explain SELECT DISTINCT c FROM sbtest4 WHERE id BETWEEN 9638239 AND 9638338 ORDER BY c
	Unique  (cost=361.46..361.93 rows=93 width=121)
	  ->  Sort  (cost=361.46..361.70 rows=93 width=121)
	        Sort Key: c
	        ->  Index Scan using sbtest4_pkey on sbtest4  (cost=0.43..358.42 rows=93 width=121)
	              Index Cond: ((id >= 9638239) AND (id <= 9638338))

table 5 : explain SELECT DISTINCT c FROM sbtest5 WHERE id BETWEEN 23069 AND 23168 ORDER BY c
	Unique  (cost=402.02..402.54 rows=103 width=121)
	  ->  Sort  (cost=402.02..402.28 rows=103 width=121)
	        Sort Key: c
	        ->  Index Scan using sbtest5_pkey on sbtest5  (cost=0.43..398.58 rows=103 width=121)
	              Index Cond: ((id >= 23069) AND (id <= 23168))

table 6 : explain SELECT DISTINCT c FROM sbtest6 WHERE id BETWEEN 3704928 AND 3705027 ORDER BY c
	Unique  (cost=362.36..362.82 rows=93 width=121)
	  ->  Sort  (cost=362.36..362.59 rows=93 width=121)
	        Sort Key: c
	        ->  Index Scan using sbtest6_pkey on sbtest6  (cost=0.43..359.32 rows=93 width=121)
	              Index Cond: ((id >= 3704928) AND (id <= 3705027))

table 7 : explain SELECT DISTINCT c FROM sbtest7 WHERE id BETWEEN 8421956 AND 8422055 ORDER BY c
	Unique  (cost=413.24..413.77 rows=106 width=121)
	  ->  Sort  (cost=413.24..413.50 rows=106 width=121)
	        Sort Key: c
	        ->  Index Scan using sbtest7_pkey on sbtest7  (cost=0.43..409.67 rows=106 width=121)
	              Index Cond: ((id >= 8421956) AND (id <= 8422055))

table 8 : explain SELECT DISTINCT c FROM sbtest8 WHERE id BETWEEN 2179792 AND 2179891 ORDER BY c
	Unique  (cost=391.03..391.53 rows=101 width=121)
	  ->  Sort  (cost=391.03..391.28 rows=101 width=121)
	        Sort Key: c
	        ->  Index Scan using sbtest8_pkey on sbtest8  (cost=0.43..387.67 rows=101 width=121)
	              Index Cond: ((id >= 2179792) AND (id <= 2179891))

explain: for inserts :: explain INSERT INTO sbtest%u (id, k, c, pad) VALUES (%u, 13, 'foobar', 'foobar')
explain: for index_updates :: explain UPDATE sbtest%u SET k=k+1 WHERE id=%u
for: order_ranges
table 1 : explain SELECT c FROM sbtest1 WHERE id BETWEEN 9303618 AND 9303717 ORDER BY c
	Sort  (cost=394.80..395.06 rows=101 width=121)
	  Sort Key: c
	  ->  Index Scan using sbtest1_pkey on sbtest1  (cost=0.43..391.44 rows=101 width=121)
	        Index Cond: ((id >= 9303618) AND (id <= 9303717))

table 2 : explain SELECT c FROM sbtest2 WHERE id BETWEEN 3010990 AND 3011089 ORDER BY c
	Sort  (cost=405.69..405.95 rows=104 width=121)
	  Sort Key: c
	  ->  Index Scan using sbtest2_pkey on sbtest2  (cost=0.43..402.21 rows=104 width=121)
	        Index Cond: ((id >= 3010990) AND (id <= 3011089))

table 3 : explain SELECT c FROM sbtest3 WHERE id BETWEEN 383164 AND 383263 ORDER BY c
	Sort  (cost=378.07..378.31 rows=97 width=121)
	  Sort Key: c
	  ->  Index Scan using sbtest3_pkey on sbtest3  (cost=0.43..374.87 rows=97 width=121)
	        Index Cond: ((id >= 383164) AND (id <= 383263))

table 4 : explain SELECT c FROM sbtest4 WHERE id BETWEEN 5934945 AND 5935044 ORDER BY c
	Sort  (cost=396.11..396.36 rows=102 width=121)
	  Sort Key: c
	  ->  Index Scan using sbtest4_pkey on sbtest4  (cost=0.43..392.70 rows=102 width=121)
	        Index Cond: ((id >= 5934945) AND (id <= 5935044))

table 5 : explain SELECT c FROM sbtest5 WHERE id BETWEEN 5839609 AND 5839708 ORDER BY c
	Sort  (cost=378.84..379.08 rows=97 width=121)
	  Sort Key: c
	  ->  Index Scan using sbtest5_pkey on sbtest5  (cost=0.43..375.64 rows=97 width=121)
	        Index Cond: ((id >= 5839609) AND (id <= 5839708))

table 6 : explain SELECT c FROM sbtest6 WHERE id BETWEEN 3327793 AND 3327892 ORDER BY c
	Sort  (cost=408.59..408.85 rows=105 width=121)
	  Sort Key: c
	  ->  Index Scan using sbtest6_pkey on sbtest6  (cost=0.43..405.06 rows=105 width=121)
	        Index Cond: ((id >= 3327793) AND (id <= 3327892))

table 7 : explain SELECT c FROM sbtest7 WHERE id BETWEEN 1375402 AND 1375501 ORDER BY c
	Sort  (cost=366.92..367.15 rows=94 width=121)
	  Sort Key: c
	  ->  Index Scan using sbtest7_pkey on sbtest7  (cost=0.43..363.84 rows=94 width=121)
	        Index Cond: ((id >= 1375402) AND (id <= 1375501))

table 8 : explain SELECT c FROM sbtest8 WHERE id BETWEEN 5089763 AND 5089862 ORDER BY c
	Sort  (cost=387.20..387.45 rows=100 width=121)
	  Sort Key: c
	  ->  Index Scan using sbtest8_pkey on sbtest8  (cost=0.43..383.88 rows=100 width=121)
	        Index Cond: ((id >= 5089763) AND (id <= 5089862))

for: order_ranges
table 1 : explain SELECT c FROM sbtest1 WHERE id BETWEEN 8827903 AND 8828002 ORDER BY c
	Sort  (cost=383.20..383.44 rows=98 width=121)
	  Sort Key: c
	  ->  Index Scan using sbtest1_pkey on sbtest1  (cost=0.43..379.96 rows=98 width=121)
	        Index Cond: ((id >= 8827903) AND (id <= 8828002))

table 2 : explain SELECT c FROM sbtest2 WHERE id BETWEEN 9374292 AND 9374391 ORDER BY c
	Sort  (cost=401.83..402.09 rows=103 width=121)
	  Sort Key: c
	  ->  Index Scan using sbtest2_pkey on sbtest2  (cost=0.43..398.39 rows=103 width=121)
	        Index Cond: ((id >= 9374292) AND (id <= 9374391))

table 3 : explain SELECT c FROM sbtest3 WHERE id BETWEEN 5743313 AND 5743412 ORDER BY c
	Sort  (cost=405.06..405.32 rows=104 width=121)
	  Sort Key: c
	  ->  Index Scan using sbtest3_pkey on sbtest3  (cost=0.43..401.58 rows=104 width=121)
	        Index Cond: ((id >= 5743313) AND (id <= 5743412))

table 4 : explain SELECT c FROM sbtest4 WHERE id BETWEEN 6380351 AND 6380450 ORDER BY c
	Sort  (cost=392.26..392.52 rows=101 width=121)
	  Sort Key: c
	  ->  Index Scan using sbtest4_pkey on sbtest4  (cost=0.43..388.90 rows=101 width=121)
	        Index Cond: ((id >= 6380351) AND (id <= 6380450))

table 5 : explain SELECT c FROM sbtest5 WHERE id BETWEEN 3347648 AND 3347747 ORDER BY c
	Sort  (cost=398.16..398.41 rows=102 width=121)
	  Sort Key: c
	  ->  Index Scan using sbtest5_pkey on sbtest5  (cost=0.43..394.76 rows=102 width=121)
	        Index Cond: ((id >= 3347648) AND (id <= 3347747))

table 6 : explain SELECT c FROM sbtest6 WHERE id BETWEEN 245307 AND 245406 ORDER BY c
	Sort  (cost=420.15..420.42 rows=108 width=121)
	  Sort Key: c
	  ->  Index Scan using sbtest6_pkey on sbtest6  (cost=0.43..416.50 rows=108 width=121)
	        Index Cond: ((id >= 245307) AND (id <= 245406))

table 7 : explain SELECT c FROM sbtest7 WHERE id BETWEEN 9752344 AND 9752443 ORDER BY c
	Sort  (cost=424.82..425.09 rows=109 width=121)
	  Sort Key: c
	  ->  Index Scan using sbtest7_pkey on sbtest7  (cost=0.43..421.13 rows=109 width=121)
	        Index Cond: ((id >= 9752344) AND (id <= 9752443))

table 8 : explain SELECT c FROM sbtest8 WHERE id BETWEEN 6225966 AND 6226065 ORDER BY c
	Sort  (cost=368.05..368.28 rows=95 width=121)
	  Sort Key: c
	  ->  Index Scan using sbtest8_pkey on sbtest8  (cost=0.43..364.93 rows=95 width=121)
	        Index Cond: ((id >= 6225966) AND (id <= 6226065))

explain: for index_updates :: explain UPDATE sbtest%u SET k=k+1 WHERE id=%u
explain: for index_updates :: explain UPDATE sbtest%u SET k=k+1 WHERE id=%u
for index_updates
table 1 : explain UPDATE sbtest1 SET k=k+1 WHERE id=4482578
	Update on sbtest1  (cost=0.43..8.46 rows=0 width=0)
	  ->  Index Scan using sbtest1_pkey on sbtest1  (cost=0.43..8.46 rows=1 width=10)
	        Index Cond: (id = 4482578)

table 2 : explain UPDATE sbtest2 SET k=k+1 WHERE id=285364
	Update on sbtest2  (cost=0.43..8.46 rows=0 width=0)
	  ->  Index Scan using sbtest2_pkey on sbtest2  (cost=0.43..8.46 rows=1 width=10)
	        Index Cond: (id = 285364)

table 3 : explain UPDATE sbtest3 SET k=k+1 WHERE id=3355185
	Update on sbtest3  (cost=0.43..8.46 rows=0 width=0)
	  ->  Index Scan using sbtest3_pkey on sbtest3  (cost=0.43..8.46 rows=1 width=10)
	        Index Cond: (id = 3355185)

table 4 : explain UPDATE sbtest4 SET k=k+1 WHERE id=975996
	Update on sbtest4  (cost=0.43..8.46 rows=0 width=0)
	  ->  Index Scan using sbtest4_pkey on sbtest4  (cost=0.43..8.46 rows=1 width=10)
	        Index Cond: (id = 975996)

table 5 : explain UPDATE sbtest5 SET k=k+1 WHERE id=5814089
	Update on sbtest5  (cost=0.43..8.46 rows=0 width=0)
	  ->  Index Scan using sbtest5_pkey on sbtest5  (cost=0.43..8.46 rows=1 width=10)
	        Index Cond: (id = 5814089)

table 6 : explain UPDATE sbtest6 SET k=k+1 WHERE id=8385576
	Update on sbtest6  (cost=0.43..8.46 rows=0 width=0)
	  ->  Index Scan using sbtest6_pkey on sbtest6  (cost=0.43..8.46 rows=1 width=10)
	        Index Cond: (id = 8385576)

table 7 : explain UPDATE sbtest7 SET k=k+1 WHERE id=968293
	Update on sbtest7  (cost=0.43..8.46 rows=0 width=0)
	  ->  Index Scan using sbtest7_pkey on sbtest7  (cost=0.43..8.46 rows=1 width=10)
	        Index Cond: (id = 968293)

table 8 : explain UPDATE sbtest8 SET k=k+1 WHERE id=1680411
	Update on sbtest8  (cost=0.43..8.46 rows=0 width=0)
	  ->  Index Scan using sbtest8_pkey on sbtest8  (cost=0.43..8.46 rows=1 width=10)
	        Index Cond: (id = 1680411)

explain: for index_updates :: explain UPDATE sbtest%u SET k=k+1 WHERE id=%u
for index_updates
table 1 : explain UPDATE sbtest1 SET k=k+1 WHERE id=608338
	Update on sbtest1  (cost=0.43..8.46 rows=0 width=0)
	  ->  Index Scan using sbtest1_pkey on sbtest1  (cost=0.43..8.46 rows=1 width=10)
	        Index Cond: (id = 608338)

table 2 : explain UPDATE sbtest2 SET k=k+1 WHERE id=4431245
	Update on sbtest2  (cost=0.43..8.46 rows=0 width=0)
	  ->  Index Scan using sbtest2_pkey on sbtest2  (cost=0.43..8.46 rows=1 width=10)
	        Index Cond: (id = 4431245)

table 3 : explain UPDATE sbtest3 SET k=k+1 WHERE id=7513550
	Update on sbtest3  (cost=0.43..8.46 rows=0 width=0)
	  ->  Index Scan using sbtest3_pkey on sbtest3  (cost=0.43..8.46 rows=1 width=10)
	        Index Cond: (id = 7513550)

table 4 : explain UPDATE sbtest4 SET k=k+1 WHERE id=3899911
	Update on sbtest4  (cost=0.43..8.46 rows=0 width=0)
	  ->  Index Scan using sbtest4_pkey on sbtest4  (cost=0.43..8.46 rows=1 width=10)
	        Index Cond: (id = 3899911)

table 5 : explain UPDATE sbtest5 SET k=k+1 WHERE id=3205243
	Update on sbtest5  (cost=0.43..8.46 rows=0 width=0)
	  ->  Index Scan using sbtest5_pkey on sbtest5  (cost=0.43..8.46 rows=1 width=10)
	        Index Cond: (id = 3205243)

table 6 : explain UPDATE sbtest6 SET k=k+1 WHERE id=2506227
	Update on sbtest6  (cost=0.43..8.46 rows=0 width=0)
	  ->  Index Scan using sbtest6_pkey on sbtest6  (cost=0.43..8.46 rows=1 width=10)
	        Index Cond: (id = 2506227)

table 7 : explain UPDATE sbtest7 SET k=k+1 WHERE id=248331
	Update on sbtest7  (cost=0.43..8.46 rows=0 width=0)
	  ->  Index Scan using sbtest7_pkey on sbtest7  (cost=0.43..8.46 rows=1 width=10)
	        Index Cond: (id = 248331)

table 8 : explain UPDATE sbtest8 SET k=k+1 WHERE id=3826261
	Update on sbtest8  (cost=0.43..8.46 rows=0 width=0)
	  ->  Index Scan using sbtest8_pkey on sbtest8  (cost=0.43..8.46 rows=1 width=10)
	        Index Cond: (id = 3826261)

for: distinct_ranges
table 1 : explain SELECT DISTINCT c FROM sbtest1 WHERE id BETWEEN 8451356 AND 8451455 ORDER BY c
	Unique  (cost=348.33..348.78 rows=89 width=121)
	  ->  Sort  (cost=348.33..348.56 rows=89 width=121)
	        Sort Key: c
	        ->  Index Scan using sbtest1_pkey on sbtest1  (cost=0.43..345.45 rows=89 width=121)
	              Index Cond: ((id >= 8451356) AND (id <= 8451455))

table 2 : explain SELECT DISTINCT c FROM sbtest2 WHERE id BETWEEN 9468331 AND 9468430 ORDER BY c
	Unique  (cost=382.52..383.01 rows=98 width=121)
	  ->  Sort  (cost=382.52..382.77 rows=98 width=121)
	        Sort Key: c
	        ->  Index Scan using sbtest2_pkey on sbtest2  (cost=0.43..379.28 rows=98 width=121)
	              Index Cond: ((id >= 9468331) AND (id <= 9468430))

table 3 : explain SELECT DISTINCT c FROM sbtest3 WHERE id BETWEEN 4135771 AND 4135870 ORDER BY c
	Unique  (cost=416.63..417.17 rows=107 width=121)
	  ->  Sort  (cost=416.63..416.90 rows=107 width=121)
	        Sort Key: c
	        ->  Index Scan using sbtest3_pkey on sbtest3  (cost=0.43..413.02 rows=107 width=121)
	              Index Cond: ((id >= 4135771) AND (id <= 4135870))

table 4 : explain SELECT DISTINCT c FROM sbtest4 WHERE id BETWEEN 4838077 AND 4838176 ORDER BY c
	Unique  (cost=384.58..385.07 rows=99 width=121)
	  ->  Sort  (cost=384.58..384.82 rows=99 width=121)
	        Sort Key: c
	        ->  Index Scan using sbtest4_pkey on sbtest4  (cost=0.43..381.29 rows=99 width=121)
	              Index Cond: ((id >= 4838077) AND (id <= 4838176))

table 5 : explain SELECT DISTINCT c FROM sbtest5 WHERE id BETWEEN 2519772 AND 2519871 ORDER BY c
	Unique  (cost=402.02..402.54 rows=103 width=121)
	  ->  Sort  (cost=402.02..402.28 rows=103 width=121)
	        Sort Key: c
	        ->  Index Scan using sbtest5_pkey on sbtest5  (cost=0.43..398.58 rows=103 width=121)
	              Index Cond: ((id >= 2519772) AND (id <= 2519871))

table 6 : explain SELECT DISTINCT c FROM sbtest6 WHERE id BETWEEN 5111256 AND 5111355 ORDER BY c
	Unique  (cost=373.92..374.40 rows=96 width=121)
	  ->  Sort  (cost=373.92..374.16 rows=96 width=121)
	        Sort Key: c
	        ->  Index Scan using sbtest6_pkey on sbtest6  (cost=0.43..370.75 rows=96 width=121)
	              Index Cond: ((id >= 5111256) AND (id <= 5111355))

table 7 : explain SELECT DISTINCT c FROM sbtest7 WHERE id BETWEEN 9348363 AND 9348462 ORDER BY c
	Unique  (cost=382.36..382.85 rows=98 width=121)
	  ->  Sort  (cost=382.36..382.60 rows=98 width=121)
	        Sort Key: c
	        ->  Index Scan using sbtest7_pkey on sbtest7  (cost=0.43..379.12 rows=98 width=121)
	              Index Cond: ((id >= 9348363) AND (id <= 9348462))

table 8 : explain SELECT DISTINCT c FROM sbtest8 WHERE id BETWEEN 6658113 AND 6658212 ORDER BY c
	Unique  (cost=360.38..360.85 rows=93 width=121)
	  ->  Sort  (cost=360.38..360.62 rows=93 width=121)
	        Sort Key: c
	        ->  Index Scan using sbtest8_pkey on sbtest8  (cost=0.43..357.34 rows=93 width=121)
	              Index Cond: ((id >= 6658113) AND (id <= 6658212))

for inserts
table 1 : explain INSERT INTO sbtest1 (id, k, c, pad) VALUES (3333140, 13, 'foobar', 'foobar')
	Insert on sbtest1  (cost=0.00..0.01 rows=0 width=0)
	  ->  Result  (cost=0.00..0.01 rows=1 width=736)

table 2 : explain INSERT INTO sbtest2 (id, k, c, pad) VALUES (193238, 13, 'foobar', 'foobar')
	Insert on sbtest2  (cost=0.00..0.01 rows=0 width=0)
	  ->  Result  (cost=0.00..0.01 rows=1 width=736)

table 3 : explain INSERT INTO sbtest3 (id, k, c, pad) VALUES (5679421, 13, 'foobar', 'foobar')
	Insert on sbtest3  (cost=0.00..0.01 rows=0 width=0)
	  ->  Result  (cost=0.00..0.01 rows=1 width=736)

table 4 : explain INSERT INTO sbtest4 (id, k, c, pad) VALUES (3128578, 13, 'foobar', 'foobar')
	Insert on sbtest4  (cost=0.00..0.01 rows=0 width=0)
	  ->  Result  (cost=0.00..0.01 rows=1 width=736)

table 5 : explain INSERT INTO sbtest5 (id, k, c, pad) VALUES (1432230, 13, 'foobar', 'foobar')
	Insert on sbtest5  (cost=0.00..0.01 rows=0 width=0)
	  ->  Result  (cost=0.00..0.01 rows=1 width=736)

table 6 : explain INSERT INTO sbtest6 (id, k, c, pad) VALUES (5716491, 13, 'foobar', 'foobar')
	Insert on sbtest6  (cost=0.00..0.01 rows=0 width=0)
	  ->  Result  (cost=0.00..0.01 rows=1 width=736)

table 7 : explain INSERT INTO sbtest7 (id, k, c, pad) VALUES (3412525, 13, 'foobar', 'foobar')
	Insert on sbtest7  (cost=0.00..0.01 rows=0 width=0)
	  ->  Result  (cost=0.00..0.01 rows=1 width=736)

table 8 : explain INSERT INTO sbtest8 (id, k, c, pad) VALUES (4780752, 13, 'foobar', 'foobar')
	Insert on sbtest8  (cost=0.00..0.01 rows=0 width=0)
	  ->  Result  (cost=0.00..0.01 rows=1 width=736)

for: sum_ranges
table 1 : explain SELECT SUM(k) FROM sbtest1 WHERE id BETWEEN 477272 AND 477371
	Aggregate  (cost=387.86..387.87 rows=1 width=8)
	  ->  Index Scan using sbtest1_pkey on sbtest1  (cost=0.43..387.61 rows=100 width=4)
	        Index Cond: ((id >= 477272) AND (id <= 477371))

table 2 : explain SELECT SUM(k) FROM sbtest2 WHERE id BETWEEN 2493644 AND 2493743
	Aggregate  (cost=391.00..391.01 rows=1 width=8)
	  ->  Index Scan using sbtest2_pkey on sbtest2  (cost=0.43..390.74 rows=101 width=4)
	        Index Cond: ((id >= 2493644) AND (id <= 2493743))

table 3 : explain SELECT SUM(k) FROM sbtest3 WHERE id BETWEEN 6922606 AND 6922705
	Aggregate  (cost=371.30..371.31 rows=1 width=8)
	  ->  Index Scan using sbtest3_pkey on sbtest3  (cost=0.43..371.06 rows=96 width=4)
	        Index Cond: ((id >= 6922606) AND (id <= 6922705))

table 4 : explain SELECT SUM(k) FROM sbtest4 WHERE id BETWEEN 4543442 AND 4543541
	Aggregate  (cost=415.79..415.80 rows=1 width=8)
	  ->  Index Scan using sbtest4_pkey on sbtest4  (cost=0.43..415.52 rows=108 width=4)
	        Index Cond: ((id >= 4543442) AND (id <= 4543541))

table 5 : explain SELECT SUM(k) FROM sbtest5 WHERE id BETWEEN 2749706 AND 2749805
	Aggregate  (cost=372.06..372.07 rows=1 width=8)
	  ->  Index Scan using sbtest5_pkey on sbtest5  (cost=0.43..371.82 rows=96 width=4)
	        Index Cond: ((id >= 2749706) AND (id <= 2749805))

table 6 : explain SELECT SUM(k) FROM sbtest6 WHERE id BETWEEN 2631681 AND 2631780
	Aggregate  (cost=367.18..367.19 rows=1 width=8)
	  ->  Index Scan using sbtest6_pkey on sbtest6  (cost=0.43..366.94 rows=95 width=4)
	        Index Cond: ((id >= 2631681) AND (id <= 2631780))

table 7 : explain SELECT SUM(k) FROM sbtest7 WHERE id BETWEEN 2747214 AND 2747313
	Aggregate  (cost=398.47..398.48 rows=1 width=8)
	  ->  Index Scan using sbtest7_pkey on sbtest7  (cost=0.43..398.21 rows=103 width=4)
	        Index Cond: ((id >= 2747214) AND (id <= 2747313))

table 8 : explain SELECT SUM(k) FROM sbtest8 WHERE id BETWEEN 3291482 AND 3291581
	Aggregate  (cost=391.71..391.72 rows=1 width=8)
	  ->  Index Scan using sbtest8_pkey on sbtest8  (cost=0.43..391.46 rows=102 width=4)
	        Index Cond: ((id >= 3291482) AND (id <= 3291581))

for index_updates
table 1 : explain UPDATE sbtest1 SET k=k+1 WHERE id=1267110
	Update on sbtest1  (cost=0.43..8.46 rows=0 width=0)
	  ->  Index Scan using sbtest1_pkey on sbtest1  (cost=0.43..8.46 rows=1 width=10)
	        Index Cond: (id = 1267110)

table 2 : explain UPDATE sbtest2 SET k=k+1 WHERE id=2622853
	Update on sbtest2  (cost=0.43..8.46 rows=0 width=0)
	  ->  Index Scan using sbtest2_pkey on sbtest2  (cost=0.43..8.46 rows=1 width=10)
	        Index Cond: (id = 2622853)

table 3 : explain UPDATE sbtest3 SET k=k+1 WHERE id=7387802
	Update on sbtest3  (cost=0.43..8.46 rows=0 width=0)
	  ->  Index Scan using sbtest3_pkey on sbtest3  (cost=0.43..8.46 rows=1 width=10)
	        Index Cond: (id = 7387802)

table 4 : explain UPDATE sbtest4 SET k=k+1 WHERE id=2447824
	Update on sbtest4  (cost=0.43..8.46 rows=0 width=0)
	  ->  Index Scan using sbtest4_pkey on sbtest4  (cost=0.43..8.46 rows=1 width=10)
	        Index Cond: (id = 2447824)

table 5 : explain UPDATE sbtest5 SET k=k+1 WHERE id=6815158
	Update on sbtest5  (cost=0.43..8.46 rows=0 width=0)
	  ->  Index Scan using sbtest5_pkey on sbtest5  (cost=0.43..8.46 rows=1 width=10)
	        Index Cond: (id = 6815158)

table 6 : explain UPDATE sbtest6 SET k=k+1 WHERE id=7018383
	Update on sbtest6  (cost=0.43..8.46 rows=0 width=0)
	  ->  Index Scan using sbtest6_pkey on sbtest6  (cost=0.43..8.46 rows=1 width=10)
	        Index Cond: (id = 7018383)

table 7 : explain UPDATE sbtest7 SET k=k+1 WHERE id=6776232
	Update on sbtest7  (cost=0.43..8.46 rows=0 width=0)
	  ->  Index Scan using sbtest7_pkey on sbtest7  (cost=0.43..8.46 rows=1 width=10)
	        Index Cond: (id = 6776232)

table 8 : explain UPDATE sbtest8 SET k=k+1 WHERE id=510007
	Update on sbtest8  (cost=0.43..8.46 rows=0 width=0)
	  ->  Index Scan using sbtest8_pkey on sbtest8  (cost=0.43..8.46 rows=1 width=10)
	        Index Cond: (id = 510007)

for index_updates
table 1 : explain UPDATE sbtest1 SET k=k+1 WHERE id=6448218
	Update on sbtest1  (cost=0.43..8.46 rows=0 width=0)
	  ->  Index Scan using sbtest1_pkey on sbtest1  (cost=0.43..8.46 rows=1 width=10)
	        Index Cond: (id = 6448218)

table 2 : explain UPDATE sbtest2 SET k=k+1 WHERE id=9484956
	Update on sbtest2  (cost=0.43..8.46 rows=0 width=0)
	  ->  Index Scan using sbtest2_pkey on sbtest2  (cost=0.43..8.46 rows=1 width=10)
	        Index Cond: (id = 9484956)

table 3 : explain UPDATE sbtest3 SET k=k+1 WHERE id=2834707
	Update on sbtest3  (cost=0.43..8.46 rows=0 width=0)
	  ->  Index Scan using sbtest3_pkey on sbtest3  (cost=0.43..8.46 rows=1 width=10)
	        Index Cond: (id = 2834707)

table 4 : explain UPDATE sbtest4 SET k=k+1 WHERE id=9912137
	Update on sbtest4  (cost=0.43..8.46 rows=0 width=0)
	  ->  Index Scan using sbtest4_pkey on sbtest4  (cost=0.43..8.46 rows=1 width=10)
	        Index Cond: (id = 9912137)

table 5 : explain UPDATE sbtest5 SET k=k+1 WHERE id=5228150
	Update on sbtest5  (cost=0.43..8.46 rows=0 width=0)
	  ->  Index Scan using sbtest5_pkey on sbtest5  (cost=0.43..8.46 rows=1 width=10)
	        Index Cond: (id = 5228150)

table 6 : explain UPDATE sbtest6 SET k=k+1 WHERE id=1957180
	Update on sbtest6  (cost=0.43..8.46 rows=0 width=0)
	  ->  Index Scan using sbtest6_pkey on sbtest6  (cost=0.43..8.46 rows=1 width=10)
	        Index Cond: (id = 1957180)

table 7 : explain UPDATE sbtest7 SET k=k+1 WHERE id=2651314
	Update on sbtest7  (cost=0.43..8.46 rows=0 width=0)
	  ->  Index Scan using sbtest7_pkey on sbtest7  (cost=0.43..8.46 rows=1 width=10)
	        Index Cond: (id = 2651314)

table 8 : explain UPDATE sbtest8 SET k=k+1 WHERE id=4475436
	Update on sbtest8  (cost=0.43..8.46 rows=0 width=0)
	  ->  Index Scan using sbtest8_pkey on sbtest8  (cost=0.43..8.46 rows=1 width=10)
	        Index Cond: (id = 4475436)

explain: for non_index_updates :: explain UPDATE sbtest%u SET c='foobar' WHERE id=%u
for index_updates
table 1 : explain UPDATE sbtest1 SET k=k+1 WHERE id=8025994
	Update on sbtest1  (cost=0.43..8.46 rows=0 width=0)
	  ->  Index Scan using sbtest1_pkey on sbtest1  (cost=0.43..8.46 rows=1 width=10)
	        Index Cond: (id = 8025994)

table 2 : explain UPDATE sbtest2 SET k=k+1 WHERE id=4026203
	Update on sbtest2  (cost=0.43..8.46 rows=0 width=0)
	  ->  Index Scan using sbtest2_pkey on sbtest2  (cost=0.43..8.46 rows=1 width=10)
	        Index Cond: (id = 4026203)

table 3 : explain UPDATE sbtest3 SET k=k+1 WHERE id=4246657
	Update on sbtest3  (cost=0.43..8.46 rows=0 width=0)
	  ->  Index Scan using sbtest3_pkey on sbtest3  (cost=0.43..8.46 rows=1 width=10)
	        Index Cond: (id = 4246657)

table 4 : explain UPDATE sbtest4 SET k=k+1 WHERE id=4524682
	Update on sbtest4  (cost=0.43..8.46 rows=0 width=0)
	  ->  Index Scan using sbtest4_pkey on sbtest4  (cost=0.43..8.46 rows=1 width=10)
	        Index Cond: (id = 4524682)

table 5 : explain UPDATE sbtest5 SET k=k+1 WHERE id=49866
	Update on sbtest5  (cost=0.43..8.46 rows=0 width=0)
	  ->  Index Scan using sbtest5_pkey on sbtest5  (cost=0.43..8.46 rows=1 width=10)
	        Index Cond: (id = 49866)

table 6 : explain UPDATE sbtest6 SET k=k+1 WHERE id=3923407
	Update on sbtest6  (cost=0.43..8.46 rows=0 width=0)
	  ->  Index Scan using sbtest6_pkey on sbtest6  (cost=0.43..8.46 rows=1 width=10)
	        Index Cond: (id = 3923407)

table 7 : explain UPDATE sbtest7 SET k=k+1 WHERE id=3803755
	Update on sbtest7  (cost=0.43..8.46 rows=0 width=0)
	  ->  Index Scan using sbtest7_pkey on sbtest7  (cost=0.43..8.46 rows=1 width=10)
	        Index Cond: (id = 3803755)

table 8 : explain UPDATE sbtest8 SET k=k+1 WHERE id=5345856
	Update on sbtest8  (cost=0.43..8.46 rows=0 width=0)
	  ->  Index Scan using sbtest8_pkey on sbtest8  (cost=0.43..8.46 rows=1 width=10)
	        Index Cond: (id = 5345856)

explain: for index_updates :: explain UPDATE sbtest%u SET k=k+1 WHERE id=%u
explain: for non_index_updates :: explain UPDATE sbtest%u SET c='foobar' WHERE id=%u
for: order_ranges
table 1 : explain SELECT c FROM sbtest1 WHERE id BETWEEN 2846694 AND 2846793 ORDER BY c
	Sort  (cost=371.54..371.78 rows=95 width=121)
	  Sort Key: c
	  ->  Index Scan using sbtest1_pkey on sbtest1  (cost=0.43..368.42 rows=95 width=121)
	        Index Cond: ((id >= 2846694) AND (id <= 2846793))

table 2 : explain SELECT c FROM sbtest2 WHERE id BETWEEN 8323744 AND 8323843 ORDER BY c
	Sort  (cost=378.66..378.90 rows=97 width=121)
	  Sort Key: c
	  ->  Index Scan using sbtest2_pkey on sbtest2  (cost=0.43..375.46 rows=97 width=121)
	        Index Cond: ((id >= 8323744) AND (id <= 8323843))

table 3 : explain SELECT c FROM sbtest3 WHERE id BETWEEN 2770850 AND 2770949 ORDER BY c
	Sort  (cost=385.78..386.03 rows=99 width=121)
	  Sort Key: c
	  ->  Index Scan using sbtest3_pkey on sbtest3  (cost=0.43..382.50 rows=99 width=121)
	        Index Cond: ((id >= 2770850) AND (id <= 2770949))

table 4 : explain SELECT c FROM sbtest4 WHERE id BETWEEN 9118802 AND 9118901 ORDER BY c
	Sort  (cost=415.32..415.59 rows=107 width=121)
	  Sort Key: c
	  ->  Index Scan using sbtest4_pkey on sbtest4  (cost=0.43..411.72 rows=107 width=121)
	        Index Cond: ((id >= 9118802) AND (id <= 9118901))

table 5 : explain SELECT c FROM sbtest5 WHERE id BETWEEN 9792767 AND 9792866 ORDER BY c
	Sort  (cost=344.02..344.24 rows=88 width=121)
	  Sort Key: c
	  ->  Index Scan using sbtest5_pkey on sbtest5  (cost=0.43..341.18 rows=88 width=121)
	        Index Cond: ((id >= 9792767) AND (id <= 9792866))

table 6 : explain SELECT c FROM sbtest6 WHERE id BETWEEN 2368409 AND 2368508 ORDER BY c
	Sort  (cost=354.60..354.83 rows=91 width=121)
	  Sort Key: c
	  ->  Index Scan using sbtest6_pkey on sbtest6  (cost=0.43..351.64 rows=91 width=121)
	        Index Cond: ((id >= 2368409) AND (id <= 2368508))

table 7 : explain SELECT c FROM sbtest7 WHERE id BETWEEN 7356336 AND 7356435 ORDER BY c
	Sort  (cost=393.94..394.19 rows=101 width=121)
	  Sort Key: c
	  ->  Index Scan using sbtest7_pkey on sbtest7  (cost=0.43..390.57 rows=101 width=121)
	        Index Cond: ((id >= 7356336) AND (id <= 7356435))

table 8 : explain SELECT c FROM sbtest8 WHERE id BETWEEN 9572537 AND 9572636 ORDER BY c
	Sort  (cost=371.88..372.12 rows=96 width=121)
	  Sort Key: c
	  ->  Index Scan using sbtest8_pkey on sbtest8  (cost=0.43..368.72 rows=96 width=121)
	        Index Cond: ((id >= 9572537) AND (id <= 9572636))

for: order_ranges
table 1 : explain SELECT c FROM sbtest1 WHERE id BETWEEN 8331155 AND 8331254 ORDER BY c
	Sort  (cost=367.67..367.91 rows=94 width=121)
	  Sort Key: c
	  ->  Index Scan using sbtest1_pkey on sbtest1  (cost=0.43..364.59 rows=94 width=121)
	        Index Cond: ((id >= 8331155) AND (id <= 8331254))

table 2 : explain SELECT c FROM sbtest2 WHERE id BETWEEN 6036095 AND 6036194 ORDER BY c
	Sort  (cost=436.59..436.87 rows=112 width=121)
	  Sort Key: c
	  ->  Index Scan using sbtest2_pkey on sbtest2  (cost=0.43..432.78 rows=112 width=121)
	        Index Cond: ((id >= 6036095) AND (id <= 6036194))

table 3 : explain SELECT c FROM sbtest3 WHERE id BETWEEN 655383 AND 655482 ORDER BY c
	Sort  (cost=401.21..401.46 rows=103 width=121)
	  Sort Key: c
	  ->  Index Scan using sbtest3_pkey on sbtest3  (cost=0.43..397.76 rows=103 width=121)
	        Index Cond: ((id >= 655383) AND (id <= 655482))

table 4 : explain SELECT c FROM sbtest4 WHERE id BETWEEN 5593787 AND 5593886 ORDER BY c
	Sort  (cost=369.15..369.39 rows=95 width=121)
	  Sort Key: c
	  ->  Index Scan using sbtest4_pkey on sbtest4  (cost=0.43..366.03 rows=95 width=121)
	        Index Cond: ((id >= 5593787) AND (id <= 5593886))

table 5 : explain SELECT c FROM sbtest5 WHERE id BETWEEN 123157 AND 123256 ORDER BY c
	Sort  (cost=374.98..375.22 rows=96 width=121)
	  Sort Key: c
	  ->  Index Scan using sbtest5_pkey on sbtest5  (cost=0.43..371.82 rows=96 width=121)
	        Index Cond: ((id >= 123157) AND (id <= 123256))

table 6 : explain SELECT c FROM sbtest6 WHERE id BETWEEN 442327 AND 442426 ORDER BY c
	Sort  (cost=381.62..381.87 rows=98 width=121)
	  Sort Key: c
	  ->  Index Scan using sbtest6_pkey on sbtest6  (cost=0.43..378.38 rows=98 width=121)
	        Index Cond: ((id >= 442327) AND (id <= 442426))

table 7 : explain SELECT c FROM sbtest7 WHERE id BETWEEN 2246968 AND 2247067 ORDER BY c
	Sort  (cost=390.08..390.33 rows=100 width=121)
	  Sort Key: c
	  ->  Index Scan using sbtest7_pkey on sbtest7  (cost=0.43..386.76 rows=100 width=121)
	        Index Cond: ((id >= 2246968) AND (id <= 2247067))

table 8 : explain SELECT c FROM sbtest8 WHERE id BETWEEN 3628783 AND 3628882 ORDER BY c
	Sort  (cost=417.85..418.12 rows=108 width=121)
	  Sort Key: c
	  ->  Index Scan using sbtest8_pkey on sbtest8  (cost=0.43..414.20 rows=108 width=121)
	        Index Cond: ((id >= 3628783) AND (id <= 3628882))

for: order_ranges
table 1 : explain SELECT c FROM sbtest1 WHERE id BETWEEN 4102954 AND 4103053 ORDER BY c
	Sort  (cost=390.93..391.18 rows=100 width=121)
	  Sort Key: c
	  ->  Index Scan using sbtest1_pkey on sbtest1  (cost=0.43..387.61 rows=100 width=121)
	        Index Cond: ((id >= 4102954) AND (id <= 4103053))

table 2 : explain SELECT c FROM sbtest2 WHERE id BETWEEN 9556153 AND 9556252 ORDER BY c
	Sort  (cost=386.38..386.63 rows=99 width=121)
	  Sort Key: c
	  ->  Index Scan using sbtest2_pkey on sbtest2  (cost=0.43..383.10 rows=99 width=121)
	        Index Cond: ((id >= 9556153) AND (id <= 9556252))

table 3 : explain SELECT c FROM sbtest3 WHERE id BETWEEN 2140763 AND 2140862 ORDER BY c
	Sort  (cost=370.36..370.60 rows=95 width=121)
	  Sort Key: c
	  ->  Index Scan using sbtest3_pkey on sbtest3  (cost=0.43..367.24 rows=95 width=121)
	        Index Cond: ((id >= 2140763) AND (id <= 2140862))

table 4 : explain SELECT c FROM sbtest4 WHERE id BETWEEN 216556 AND 216655 ORDER BY c
	Sort  (cost=380.73..380.98 rows=98 width=121)
	  Sort Key: c
	  ->  Index Scan using sbtest4_pkey on sbtest4  (cost=0.43..377.49 rows=98 width=121)
	        Index Cond: ((id >= 216556) AND (id <= 216655))

table 5 : explain SELECT c FROM sbtest5 WHERE id BETWEEN 3499003 AND 3499102 ORDER BY c
	Sort  (cost=417.48..417.75 rows=107 width=121)
	  Sort Key: c
	  ->  Index Scan using sbtest5_pkey on sbtest5  (cost=0.43..413.87 rows=107 width=121)
	        Index Cond: ((id >= 3499003) AND (id <= 3499102))

table 6 : explain SELECT c FROM sbtest6 WHERE id BETWEEN 3426070 AND 3426169 ORDER BY c
	Sort  (cost=435.56..435.84 rows=112 width=121)
	  Sort Key: c
	  ->  Index Scan using sbtest6_pkey on sbtest6  (cost=0.43..431.75 rows=112 width=121)
	        Index Cond: ((id >= 3426070) AND (id <= 3426169))

table 7 : explain SELECT c FROM sbtest7 WHERE id BETWEEN 7696711 AND 7696810 ORDER BY c
	Sort  (cost=397.80..398.05 rows=102 width=121)
	  Sort Key: c
	  ->  Index Scan using sbtest7_pkey on sbtest7  (cost=0.43..394.39 rows=102 width=121)
	        Index Cond: ((id >= 7696711) AND (id <= 7696810))

table 8 : explain SELECT c FROM sbtest8 WHERE id BETWEEN 5879091 AND 5879190 ORDER BY c
	Sort  (cost=398.69..398.95 rows=103 width=121)
	  Sort Key: c
	  ->  Index Scan using sbtest8_pkey on sbtest8  (cost=0.43..395.25 rows=103 width=121)
	        Index Cond: ((id >= 5879091) AND (id <= 5879190))

for index_updates
table 1 : explain UPDATE sbtest1 SET k=k+1 WHERE id=9277631
	Update on sbtest1  (cost=0.43..8.46 rows=0 width=0)
	  ->  Index Scan using sbtest1_pkey on sbtest1  (cost=0.43..8.46 rows=1 width=10)
	        Index Cond: (id = 9277631)

table 2 : explain UPDATE sbtest2 SET k=k+1 WHERE id=3934061
	Update on sbtest2  (cost=0.43..8.46 rows=0 width=0)
	  ->  Index Scan using sbtest2_pkey on sbtest2  (cost=0.43..8.46 rows=1 width=10)
	        Index Cond: (id = 3934061)

table 3 : explain UPDATE sbtest3 SET k=k+1 WHERE id=798168
	Update on sbtest3  (cost=0.43..8.46 rows=0 width=0)
	  ->  Index Scan using sbtest3_pkey on sbtest3  (cost=0.43..8.46 rows=1 width=10)
	        Index Cond: (id = 798168)

table 4 : explain UPDATE sbtest4 SET k=k+1 WHERE id=4428357
	Update on sbtest4  (cost=0.43..8.46 rows=0 width=0)
	  ->  Index Scan using sbtest4_pkey on sbtest4  (cost=0.43..8.46 rows=1 width=10)
	        Index Cond: (id = 4428357)

table 5 : explain UPDATE sbtest5 SET k=k+1 WHERE id=1062540
	Update on sbtest5  (cost=0.43..8.46 rows=0 width=0)
	  ->  Index Scan using sbtest5_pkey on sbtest5  (cost=0.43..8.46 rows=1 width=10)
	        Index Cond: (id = 1062540)

table 6 : explain UPDATE sbtest6 SET k=k+1 WHERE id=1321425
	Update on sbtest6  (cost=0.43..8.46 rows=0 width=0)
	  ->  Index Scan using sbtest6_pkey on sbtest6  (cost=0.43..8.46 rows=1 width=10)
	        Index Cond: (id = 1321425)

table 7 : explain UPDATE sbtest7 SET k=k+1 WHERE id=5561847
	Update on sbtest7  (cost=0.43..8.46 rows=0 width=0)
	  ->  Index Scan using sbtest7_pkey on sbtest7  (cost=0.43..8.46 rows=1 width=10)
	        Index Cond: (id = 5561847)

table 8 : explain UPDATE sbtest8 SET k=k+1 WHERE id=5011883
	Update on sbtest8  (cost=0.43..8.46 rows=0 width=0)
	  ->  Index Scan using sbtest8_pkey on sbtest8  (cost=0.43..8.46 rows=1 width=10)
	        Index Cond: (id = 5011883)

explain: for non_index_updates :: explain UPDATE sbtest%u SET c='foobar' WHERE id=%u
explain: for non_index_updates :: explain UPDATE sbtest%u SET c='foobar' WHERE id=%u
explain: for non_index_updates :: explain UPDATE sbtest%u SET c='foobar' WHERE id=%u
for: distinct_ranges
table 1 : explain SELECT DISTINCT c FROM sbtest1 WHERE id BETWEEN 8999287 AND 8999386 ORDER BY c
	Unique  (cost=348.33..348.78 rows=89 width=121)
	  ->  Sort  (cost=348.33..348.56 rows=89 width=121)
	        Sort Key: c
	        ->  Index Scan using sbtest1_pkey on sbtest1  (cost=0.43..345.45 rows=89 width=121)
	              Index Cond: ((id >= 8999287) AND (id <= 8999386))

table 2 : explain SELECT DISTINCT c FROM sbtest2 WHERE id BETWEEN 9683106 AND 9683205 ORDER BY c
	Unique  (cost=378.66..379.14 rows=97 width=121)
	  ->  Sort  (cost=378.66..378.90 rows=97 width=121)
	        Sort Key: c
	        ->  Index Scan using sbtest2_pkey on sbtest2  (cost=0.43..375.46 rows=97 width=121)
	              Index Cond: ((id >= 9683106) AND (id <= 9683205))

table 3 : explain SELECT DISTINCT c FROM sbtest3 WHERE id BETWEEN 370993 AND 371092 ORDER BY c
	Unique  (cost=378.07..378.56 rows=97 width=121)
	  ->  Sort  (cost=378.07..378.31 rows=97 width=121)
	        Sort Key: c
	        ->  Index Scan using sbtest3_pkey on sbtest3  (cost=0.43..374.87 rows=97 width=121)
	              Index Cond: ((id >= 370993) AND (id <= 371092))

table 4 : explain SELECT DISTINCT c FROM sbtest4 WHERE id BETWEEN 1062789 AND 1062888 ORDER BY c
	Unique  (cost=384.58..385.07 rows=99 width=121)
	  ->  Sort  (cost=384.58..384.82 rows=99 width=121)
	        Sort Key: c
	        ->  Index Scan using sbtest4_pkey on sbtest4  (cost=0.43..381.29 rows=99 width=121)
	              Index Cond: ((id >= 1062789) AND (id <= 1062888))

table 5 : explain SELECT DISTINCT c FROM sbtest5 WHERE id BETWEEN 8068639 AND 8068738 ORDER BY c
	Unique  (cost=386.57..387.06 rows=99 width=121)
	  ->  Sort  (cost=386.57..386.82 rows=99 width=121)
	        Sort Key: c
	        ->  Index Scan using sbtest5_pkey on sbtest5  (cost=0.43..383.29 rows=99 width=121)
	              Index Cond: ((id >= 8068639) AND (id <= 8068738))

table 6 : explain SELECT DISTINCT c FROM sbtest6 WHERE id BETWEEN 1048882 AND 1048981 ORDER BY c
	Unique  (cost=397.03..397.54 rows=102 width=121)
	  ->  Sort  (cost=397.03..397.28 rows=102 width=121)
	        Sort Key: c
	        ->  Index Scan using sbtest6_pkey on sbtest6  (cost=0.43..393.63 rows=102 width=121)
	              Index Cond: ((id >= 1048882) AND (id <= 1048981))

table 7 : explain SELECT DISTINCT c FROM sbtest7 WHERE id BETWEEN 1609078 AND 1609177 ORDER BY c
	Unique  (cost=378.50..378.98 rows=97 width=121)
	  ->  Sort  (cost=378.50..378.74 rows=97 width=121)
	        Sort Key: c
	        ->  Index Scan using sbtest7_pkey on sbtest7  (cost=0.43..375.30 rows=97 width=121)
	              Index Cond: ((id >= 1609078) AND (id <= 1609177))

table 8 : explain SELECT DISTINCT c FROM sbtest8 WHERE id BETWEEN 1008236 AND 1008335 ORDER BY c
	Unique  (cost=360.38..360.85 rows=93 width=121)
	  ->  Sort  (cost=360.38..360.62 rows=93 width=121)
	        Sort Key: c
	        ->  Index Scan using sbtest8_pkey on sbtest8  (cost=0.43..357.34 rows=93 width=121)
	              Index Cond: ((id >= 1008236) AND (id <= 1008335))

for non_index_updates
table 1 : explain UPDATE sbtest1 SET c='foobar' WHERE id=9236730
	Update on sbtest1  (cost=0.43..8.45 rows=0 width=0)
	  ->  Index Scan using sbtest1_pkey on sbtest1  (cost=0.43..8.45 rows=1 width=490)
	        Index Cond: (id = 9236730)

table 2 : explain UPDATE sbtest2 SET c='foobar' WHERE id=9337905
	Update on sbtest2  (cost=0.43..8.45 rows=0 width=0)
	  ->  Index Scan using sbtest2_pkey on sbtest2  (cost=0.43..8.45 rows=1 width=490)
	        Index Cond: (id = 9337905)

table 3 : explain UPDATE sbtest3 SET c='foobar' WHERE id=3318417
	Update on sbtest3  (cost=0.43..8.45 rows=0 width=0)
	  ->  Index Scan using sbtest3_pkey on sbtest3  (cost=0.43..8.45 rows=1 width=490)
	        Index Cond: (id = 3318417)

table 4 : explain UPDATE sbtest4 SET c='foobar' WHERE id=5264274
	Update on sbtest4  (cost=0.43..8.45 rows=0 width=0)
	  ->  Index Scan using sbtest4_pkey on sbtest4  (cost=0.43..8.45 rows=1 width=490)
	        Index Cond: (id = 5264274)

table 5 : explain UPDATE sbtest5 SET c='foobar' WHERE id=5549470
	Update on sbtest5  (cost=0.43..8.45 rows=0 width=0)
	  ->  Index Scan using sbtest5_pkey on sbtest5  (cost=0.43..8.45 rows=1 width=490)
	        Index Cond: (id = 5549470)

table 6 : explain UPDATE sbtest6 SET c='foobar' WHERE id=3838135
	Update on sbtest6  (cost=0.43..8.45 rows=0 width=0)
	  ->  Index Scan using sbtest6_pkey on sbtest6  (cost=0.43..8.45 rows=1 width=490)
	        Index Cond: (id = 3838135)

table 7 : explain UPDATE sbtest7 SET c='foobar' WHERE id=2695663
	Update on sbtest7  (cost=0.43..8.45 rows=0 width=0)
	  ->  Index Scan using sbtest7_pkey on sbtest7  (cost=0.43..8.45 rows=1 width=490)
	        Index Cond: (id = 2695663)

table 8 : explain UPDATE sbtest8 SET c='foobar' WHERE id=9710214
	Update on sbtest8  (cost=0.43..8.45 rows=0 width=0)
	  ->  Index Scan using sbtest8_pkey on sbtest8  (cost=0.43..8.45 rows=1 width=490)
	        Index Cond: (id = 9710214)

explain: for non_index_updates :: explain UPDATE sbtest%u SET c='foobar' WHERE id=%u
for non_index_updates
table 1 : explain UPDATE sbtest1 SET c='foobar' WHERE id=2879086
	Update on sbtest1  (cost=0.43..8.45 rows=0 width=0)
	  ->  Index Scan using sbtest1_pkey on sbtest1  (cost=0.43..8.45 rows=1 width=490)
	        Index Cond: (id = 2879086)

table 2 : explain UPDATE sbtest2 SET c='foobar' WHERE id=3080973
	Update on sbtest2  (cost=0.43..8.45 rows=0 width=0)
	  ->  Index Scan using sbtest2_pkey on sbtest2  (cost=0.43..8.45 rows=1 width=490)
	        Index Cond: (id = 3080973)

table 3 : explain UPDATE sbtest3 SET c='foobar' WHERE id=8404351
	Update on sbtest3  (cost=0.43..8.45 rows=0 width=0)
	  ->  Index Scan using sbtest3_pkey on sbtest3  (cost=0.43..8.45 rows=1 width=490)
	        Index Cond: (id = 8404351)

table 4 : explain UPDATE sbtest4 SET c='foobar' WHERE id=7687365
	Update on sbtest4  (cost=0.43..8.45 rows=0 width=0)
	  ->  Index Scan using sbtest4_pkey on sbtest4  (cost=0.43..8.45 rows=1 width=490)
	        Index Cond: (id = 7687365)

table 5 : explain UPDATE sbtest5 SET c='foobar' WHERE id=2926262
	Update on sbtest5  (cost=0.43..8.45 rows=0 width=0)
	  ->  Index Scan using sbtest5_pkey on sbtest5  (cost=0.43..8.45 rows=1 width=490)
	        Index Cond: (id = 2926262)

table 6 : explain UPDATE sbtest6 SET c='foobar' WHERE id=6958768
	Update on sbtest6  (cost=0.43..8.45 rows=0 width=0)
	  ->  Index Scan using sbtest6_pkey on sbtest6  (cost=0.43..8.45 rows=1 width=490)
	        Index Cond: (id = 6958768)

table 7 : explain UPDATE sbtest7 SET c='foobar' WHERE id=3565471
	Update on sbtest7  (cost=0.43..8.45 rows=0 width=0)
	  ->  Index Scan using sbtest7_pkey on sbtest7  (cost=0.43..8.45 rows=1 width=490)
	        Index Cond: (id = 3565471)

table 8 : explain UPDATE sbtest8 SET c='foobar' WHERE id=9570071
	Update on sbtest8  (cost=0.43..8.45 rows=0 width=0)
	  ->  Index Scan using sbtest8_pkey on sbtest8  (cost=0.43..8.45 rows=1 width=490)
	        Index Cond: (id = 9570071)

for point_selects
table 1 : explain SELECT c FROM sbtest1 WHERE id=4158692
	Index Scan using sbtest1_pkey on sbtest1  (cost=0.43..8.45 rows=1 width=121)
	  Index Cond: (id = 4158692)

table 2 : explain SELECT c FROM sbtest2 WHERE id=9368045
	Index Scan using sbtest2_pkey on sbtest2  (cost=0.43..8.45 rows=1 width=121)
	  Index Cond: (id = 9368045)

table 3 : explain SELECT c FROM sbtest3 WHERE id=2788171
	Index Scan using sbtest3_pkey on sbtest3  (cost=0.43..8.45 rows=1 width=121)
	  Index Cond: (id = 2788171)

table 4 : explain SELECT c FROM sbtest4 WHERE id=5163433
	Index Scan using sbtest4_pkey on sbtest4  (cost=0.43..8.45 rows=1 width=121)
	  Index Cond: (id = 5163433)

table 5 : explain SELECT c FROM sbtest5 WHERE id=5982754
	Index Scan using sbtest5_pkey on sbtest5  (cost=0.43..8.45 rows=1 width=121)
	  Index Cond: (id = 5982754)

table 6 : explain SELECT c FROM sbtest6 WHERE id=1231317
	Index Scan using sbtest6_pkey on sbtest6  (cost=0.43..8.45 rows=1 width=121)
	  Index Cond: (id = 1231317)

table 7 : explain SELECT c FROM sbtest7 WHERE id=1772748
	Index Scan using sbtest7_pkey on sbtest7  (cost=0.43..8.45 rows=1 width=121)
	  Index Cond: (id = 1772748)

table 8 : explain SELECT c FROM sbtest8 WHERE id=6454414
	Index Scan using sbtest8_pkey on sbtest8  (cost=0.43..8.45 rows=1 width=121)
	  Index Cond: (id = 6454414)

for: distinct_ranges
table 1 : explain SELECT DISTINCT c FROM sbtest1 WHERE id BETWEEN 9045027 AND 9045126 ORDER BY c
	Unique  (cost=398.67..399.18 rows=102 width=121)
	  ->  Sort  (cost=398.67..398.93 rows=102 width=121)
	        Sort Key: c
	        ->  Index Scan using sbtest1_pkey on sbtest1  (cost=0.43..395.27 rows=102 width=121)
	              Index Cond: ((id >= 9045027) AND (id <= 9045126))

table 2 : explain SELECT DISTINCT c FROM sbtest2 WHERE id BETWEEN 9895400 AND 9895499 ORDER BY c
	Unique  (cost=351.58..352.03 rows=90 width=121)
	  ->  Sort  (cost=351.58..351.80 rows=90 width=121)
	        Sort Key: c
	        ->  Index Scan using sbtest2_pkey on sbtest2  (cost=0.43..348.66 rows=90 width=121)
	              Index Cond: ((id >= 9895400) AND (id <= 9895499))

table 3 : explain SELECT DISTINCT c FROM sbtest3 WHERE id BETWEEN 8877935 AND 8878034 ORDER BY c
	Unique  (cost=374.22..374.70 rows=96 width=121)
	  ->  Sort  (cost=374.22..374.46 rows=96 width=121)
	        Sort Key: c
	        ->  Index Scan using sbtest3_pkey on sbtest3  (cost=0.43..371.06 rows=96 width=121)
	              Index Cond: ((id >= 8877935) AND (id <= 8878034))

table 4 : explain SELECT DISTINCT c FROM sbtest4 WHERE id BETWEEN 3008109 AND 3008208 ORDER BY c
	Unique  (cost=411.48..412.01 rows=106 width=121)
	  ->  Sort  (cost=411.48..411.75 rows=106 width=121)
	        Sort Key: c
	        ->  Index Scan using sbtest4_pkey on sbtest4  (cost=0.43..407.91 rows=106 width=121)
	              Index Cond: ((id >= 3008109) AND (id <= 3008208))

table 5 : explain SELECT DISTINCT c FROM sbtest5 WHERE id BETWEEN 4199545 AND 4199644 ORDER BY c
	Unique  (cost=417.48..418.02 rows=107 width=121)
	  ->  Sort  (cost=417.48..417.75 rows=107 width=121)
	        Sort Key: c
	        ->  Index Scan using sbtest5_pkey on sbtest5  (cost=0.43..413.87 rows=107 width=121)
	              Index Cond: ((id >= 4199545) AND (id <= 4199644))

table 6 : explain SELECT DISTINCT c FROM sbtest6 WHERE id BETWEEN 3860709 AND 3860808 ORDER BY c
	Unique  (cost=362.36..362.82 rows=93 width=121)
	  ->  Sort  (cost=362.36..362.59 rows=93 width=121)
	        Sort Key: c
	        ->  Index Scan using sbtest6_pkey on sbtest6  (cost=0.43..359.32 rows=93 width=121)
	              Index Cond: ((id >= 3860709) AND (id <= 3860808))

table 7 : explain SELECT DISTINCT c FROM sbtest7 WHERE id BETWEEN 2455158 AND 2455257 ORDER BY c
	Unique  (cost=378.50..378.98 rows=97 width=121)
	  ->  Sort  (cost=378.50..378.74 rows=97 width=121)
	        Sort Key: c
	        ->  Index Scan using sbtest7_pkey on sbtest7  (cost=0.43..375.30 rows=97 width=121)
	              Index Cond: ((id >= 2455158) AND (id <= 2455257))

table 8 : explain SELECT DISTINCT c FROM sbtest8 WHERE id BETWEEN 2903798 AND 2903897 ORDER BY c
	Unique  (cost=387.20..387.70 rows=100 width=121)
	  ->  Sort  (cost=387.20..387.45 rows=100 width=121)
	        Sort Key: c
	        ->  Index Scan using sbtest8_pkey on sbtest8  (cost=0.43..383.88 rows=100 width=121)
	              Index Cond: ((id >= 2903798) AND (id <= 2903897))

explain: for deletes :: explain DELETE FROM sbtest%u WHERE id=%u
explain: for index_updates :: explain UPDATE sbtest%u SET k=k+1 WHERE id=%u
for non_index_updates
table 1 : explain UPDATE sbtest1 SET c='foobar' WHERE id=2217456
	Update on sbtest1  (cost=0.43..8.45 rows=0 width=0)
	  ->  Index Scan using sbtest1_pkey on sbtest1  (cost=0.43..8.45 rows=1 width=490)
	        Index Cond: (id = 2217456)

table 2 : explain UPDATE sbtest2 SET c='foobar' WHERE id=8055256
	Update on sbtest2  (cost=0.43..8.45 rows=0 width=0)
	  ->  Index Scan using sbtest2_pkey on sbtest2  (cost=0.43..8.45 rows=1 width=490)
	        Index Cond: (id = 8055256)

table 3 : explain UPDATE sbtest3 SET c='foobar' WHERE id=3085534
	Update on sbtest3  (cost=0.43..8.45 rows=0 width=0)
	  ->  Index Scan using sbtest3_pkey on sbtest3  (cost=0.43..8.45 rows=1 width=490)
	        Index Cond: (id = 3085534)

table 4 : explain UPDATE sbtest4 SET c='foobar' WHERE id=4140255
	Update on sbtest4  (cost=0.43..8.45 rows=0 width=0)
	  ->  Index Scan using sbtest4_pkey on sbtest4  (cost=0.43..8.45 rows=1 width=490)
	        Index Cond: (id = 4140255)

table 5 : explain UPDATE sbtest5 SET c='foobar' WHERE id=8332449
	Update on sbtest5  (cost=0.43..8.45 rows=0 width=0)
	  ->  Index Scan using sbtest5_pkey on sbtest5  (cost=0.43..8.45 rows=1 width=490)
	        Index Cond: (id = 8332449)

table 6 : explain UPDATE sbtest6 SET c='foobar' WHERE id=4855443
	Update on sbtest6  (cost=0.43..8.45 rows=0 width=0)
	  ->  Index Scan using sbtest6_pkey on sbtest6  (cost=0.43..8.45 rows=1 width=490)
	        Index Cond: (id = 4855443)

table 7 : explain UPDATE sbtest7 SET c='foobar' WHERE id=602270
	Update on sbtest7  (cost=0.43..8.45 rows=0 width=0)
	  ->  Index Scan using sbtest7_pkey on sbtest7  (cost=0.43..8.45 rows=1 width=490)
	        Index Cond: (id = 602270)

table 8 : explain UPDATE sbtest8 SET c='foobar' WHERE id=2186843
	Update on sbtest8  (cost=0.43..8.45 rows=0 width=0)
	  ->  Index Scan using sbtest8_pkey on sbtest8  (cost=0.43..8.45 rows=1 width=490)
	        Index Cond: (id = 2186843)

for non_index_updates
table 1 : explain UPDATE sbtest1 SET c='foobar' WHERE id=5740046
	Update on sbtest1  (cost=0.43..8.45 rows=0 width=0)
	  ->  Index Scan using sbtest1_pkey on sbtest1  (cost=0.43..8.45 rows=1 width=490)
	        Index Cond: (id = 5740046)

table 2 : explain UPDATE sbtest2 SET c='foobar' WHERE id=3941861
	Update on sbtest2  (cost=0.43..8.45 rows=0 width=0)
	  ->  Index Scan using sbtest2_pkey on sbtest2  (cost=0.43..8.45 rows=1 width=490)
	        Index Cond: (id = 3941861)

table 3 : explain UPDATE sbtest3 SET c='foobar' WHERE id=7536971
	Update on sbtest3  (cost=0.43..8.45 rows=0 width=0)
	  ->  Index Scan using sbtest3_pkey on sbtest3  (cost=0.43..8.45 rows=1 width=490)
	        Index Cond: (id = 7536971)

table 4 : explain UPDATE sbtest4 SET c='foobar' WHERE id=3518308
	Update on sbtest4  (cost=0.43..8.45 rows=0 width=0)
	  ->  Index Scan using sbtest4_pkey on sbtest4  (cost=0.43..8.45 rows=1 width=490)
	        Index Cond: (id = 3518308)

table 5 : explain UPDATE sbtest5 SET c='foobar' WHERE id=5076381
	Update on sbtest5  (cost=0.43..8.45 rows=0 width=0)
	  ->  Index Scan using sbtest5_pkey on sbtest5  (cost=0.43..8.45 rows=1 width=490)
	        Index Cond: (id = 5076381)

table 6 : explain UPDATE sbtest6 SET c='foobar' WHERE id=7870815
	Update on sbtest6  (cost=0.43..8.45 rows=0 width=0)
	  ->  Index Scan using sbtest6_pkey on sbtest6  (cost=0.43..8.45 rows=1 width=490)
	        Index Cond: (id = 7870815)

table 7 : explain UPDATE sbtest7 SET c='foobar' WHERE id=7691380
	Update on sbtest7  (cost=0.43..8.45 rows=0 width=0)
	  ->  Index Scan using sbtest7_pkey on sbtest7  (cost=0.43..8.45 rows=1 width=490)
	        Index Cond: (id = 7691380)

table 8 : explain UPDATE sbtest8 SET c='foobar' WHERE id=8230581
	Update on sbtest8  (cost=0.43..8.45 rows=0 width=0)
	  ->  Index Scan using sbtest8_pkey on sbtest8  (cost=0.43..8.45 rows=1 width=490)
	        Index Cond: (id = 8230581)

explain: for deletes :: explain DELETE FROM sbtest%u WHERE id=%u
for non_index_updates
table 1 : explain UPDATE sbtest1 SET c='foobar' WHERE id=2293800
	Update on sbtest1  (cost=0.43..8.45 rows=0 width=0)
	  ->  Index Scan using sbtest1_pkey on sbtest1  (cost=0.43..8.45 rows=1 width=490)
	        Index Cond: (id = 2293800)

table 2 : explain UPDATE sbtest2 SET c='foobar' WHERE id=3655075
	Update on sbtest2  (cost=0.43..8.45 rows=0 width=0)
	  ->  Index Scan using sbtest2_pkey on sbtest2  (cost=0.43..8.45 rows=1 width=490)
	        Index Cond: (id = 3655075)

table 3 : explain UPDATE sbtest3 SET c='foobar' WHERE id=4535106
	Update on sbtest3  (cost=0.43..8.45 rows=0 width=0)
	  ->  Index Scan using sbtest3_pkey on sbtest3  (cost=0.43..8.45 rows=1 width=490)
	        Index Cond: (id = 4535106)

table 4 : explain UPDATE sbtest4 SET c='foobar' WHERE id=4210087
	Update on sbtest4  (cost=0.43..8.45 rows=0 width=0)
	  ->  Index Scan using sbtest4_pkey on sbtest4  (cost=0.43..8.45 rows=1 width=490)
	        Index Cond: (id = 4210087)

table 5 : explain UPDATE sbtest5 SET c='foobar' WHERE id=5422224
	Update on sbtest5  (cost=0.43..8.45 rows=0 width=0)
	  ->  Index Scan using sbtest5_pkey on sbtest5  (cost=0.43..8.45 rows=1 width=490)
	        Index Cond: (id = 5422224)

table 6 : explain UPDATE sbtest6 SET c='foobar' WHERE id=2942964
	Update on sbtest6  (cost=0.43..8.45 rows=0 width=0)
	  ->  Index Scan using sbtest6_pkey on sbtest6  (cost=0.43..8.45 rows=1 width=490)
	        Index Cond: (id = 2942964)

table 7 : explain UPDATE sbtest7 SET c='foobar' WHERE id=7181909
	Update on sbtest7  (cost=0.43..8.45 rows=0 width=0)
	  ->  Index Scan using sbtest7_pkey on sbtest7  (cost=0.43..8.45 rows=1 width=490)
	        Index Cond: (id = 7181909)

table 8 : explain UPDATE sbtest8 SET c='foobar' WHERE id=8294927
	Update on sbtest8  (cost=0.43..8.45 rows=0 width=0)
	  ->  Index Scan using sbtest8_pkey on sbtest8  (cost=0.43..8.45 rows=1 width=490)
	        Index Cond: (id = 8294927)

for index_updates
table 1 : explain UPDATE sbtest1 SET k=k+1 WHERE id=4767287
	Update on sbtest1  (cost=0.43..8.46 rows=0 width=0)
	  ->  Index Scan using sbtest1_pkey on sbtest1  (cost=0.43..8.46 rows=1 width=10)
	        Index Cond: (id = 4767287)

table 2 : explain UPDATE sbtest2 SET k=k+1 WHERE id=8941031
	Update on sbtest2  (cost=0.43..8.46 rows=0 width=0)
	  ->  Index Scan using sbtest2_pkey on sbtest2  (cost=0.43..8.46 rows=1 width=10)
	        Index Cond: (id = 8941031)

table 3 : explain UPDATE sbtest3 SET k=k+1 WHERE id=365321
	Update on sbtest3  (cost=0.43..8.46 rows=0 width=0)
	  ->  Index Scan using sbtest3_pkey on sbtest3  (cost=0.43..8.46 rows=1 width=10)
	        Index Cond: (id = 365321)

table 4 : explain UPDATE sbtest4 SET k=k+1 WHERE id=8842095
	Update on sbtest4  (cost=0.43..8.46 rows=0 width=0)
	  ->  Index Scan using sbtest4_pkey on sbtest4  (cost=0.43..8.46 rows=1 width=10)
	        Index Cond: (id = 8842095)

table 5 : explain UPDATE sbtest5 SET k=k+1 WHERE id=7840093
	Update on sbtest5  (cost=0.43..8.46 rows=0 width=0)
	  ->  Index Scan using sbtest5_pkey on sbtest5  (cost=0.43..8.46 rows=1 width=10)
	        Index Cond: (id = 7840093)

table 6 : explain UPDATE sbtest6 SET k=k+1 WHERE id=2122648
	Update on sbtest6  (cost=0.43..8.46 rows=0 width=0)
	  ->  Index Scan using sbtest6_pkey on sbtest6  (cost=0.43..8.46 rows=1 width=10)
	        Index Cond: (id = 2122648)

table 7 : explain UPDATE sbtest7 SET k=k+1 WHERE id=6759996
	Update on sbtest7  (cost=0.43..8.46 rows=0 width=0)
	  ->  Index Scan using sbtest7_pkey on sbtest7  (cost=0.43..8.46 rows=1 width=10)
	        Index Cond: (id = 6759996)

table 8 : explain UPDATE sbtest8 SET k=k+1 WHERE id=3495054
	Update on sbtest8  (cost=0.43..8.46 rows=0 width=0)
	  ->  Index Scan using sbtest8_pkey on sbtest8  (cost=0.43..8.46 rows=1 width=10)
	        Index Cond: (id = 3495054)

for: order_ranges
table 1 : explain SELECT c FROM sbtest1 WHERE id BETWEEN 9192033 AND 9192132 ORDER BY c
	Sort  (cost=390.93..391.18 rows=100 width=121)
	  Sort Key: c
	  ->  Index Scan using sbtest1_pkey on sbtest1  (cost=0.43..387.61 rows=100 width=121)
	        Index Cond: ((id >= 9192033) AND (id <= 9192132))

table 2 : explain SELECT c FROM sbtest2 WHERE id BETWEEN 6104287 AND 6104386 ORDER BY c
	Sort  (cost=394.11..394.36 rows=101 width=121)
	  Sort Key: c
	  ->  Index Scan using sbtest2_pkey on sbtest2  (cost=0.43..390.74 rows=101 width=121)
	        Index Cond: ((id >= 6104287) AND (id <= 6104386))

table 3 : explain SELECT c FROM sbtest3 WHERE id BETWEEN 1649190 AND 1649289 ORDER BY c
	Sort  (cost=385.78..386.03 rows=99 width=121)
	  Sort Key: c
	  ->  Index Scan using sbtest3_pkey on sbtest3  (cost=0.43..382.50 rows=99 width=121)
	        Index Cond: ((id >= 1649190) AND (id <= 1649289))

table 4 : explain SELECT c FROM sbtest4 WHERE id BETWEEN 3568503 AND 3568602 ORDER BY c
	Sort  (cost=361.46..361.70 rows=93 width=121)
	  Sort Key: c
	  ->  Index Scan using sbtest4_pkey on sbtest4  (cost=0.43..358.42 rows=93 width=121)
	        Index Cond: ((id >= 3568503) AND (id <= 3568602))

table 5 : explain SELECT c FROM sbtest5 WHERE id BETWEEN 9315336 AND 9315435 ORDER BY c
	Sort  (cost=398.16..398.41 rows=102 width=121)
	  Sort Key: c
	  ->  Index Scan using sbtest5_pkey on sbtest5  (cost=0.43..394.76 rows=102 width=121)
	        Index Cond: ((id >= 9315336) AND (id <= 9315435))

table 6 : explain SELECT c FROM sbtest6 WHERE id BETWEEN 3966703 AND 3966802 ORDER BY c
	Sort  (cost=404.74..405.00 rows=104 width=121)
	  Sort Key: c
	  ->  Index Scan using sbtest6_pkey on sbtest6  (cost=0.43..401.25 rows=104 width=121)
	        Index Cond: ((id >= 3966703) AND (id <= 3966802))

table 7 : explain SELECT c FROM sbtest7 WHERE id BETWEEN 255958 AND 256057 ORDER BY c
	Sort  (cost=424.82..425.09 rows=109 width=121)
	  Sort Key: c
	  ->  Index Scan using sbtest7_pkey on sbtest7  (cost=0.43..421.13 rows=109 width=121)
	        Index Cond: ((id >= 255958) AND (id <= 256057))

table 8 : explain SELECT c FROM sbtest8 WHERE id BETWEEN 6682924 AND 6683023 ORDER BY c
	Sort  (cost=360.38..360.62 rows=93 width=121)
	  Sort Key: c
	  ->  Index Scan using sbtest8_pkey on sbtest8  (cost=0.43..357.34 rows=93 width=121)
	        Index Cond: ((id >= 6682924) AND (id <= 6683023))

explain: for index_updates :: explain UPDATE sbtest%u SET k=k+1 WHERE id=%u
explain: for deletes :: explain DELETE FROM sbtest%u WHERE id=%u
explain: for deletes :: explain DELETE FROM sbtest%u WHERE id=%u
explain: for deletes :: explain DELETE FROM sbtest%u WHERE id=%u
for non_index_updates
table 1 : explain UPDATE sbtest1 SET c='foobar' WHERE id=3074042
	Update on sbtest1  (cost=0.43..8.45 rows=0 width=0)
	  ->  Index Scan using sbtest1_pkey on sbtest1  (cost=0.43..8.45 rows=1 width=490)
	        Index Cond: (id = 3074042)

table 2 : explain UPDATE sbtest2 SET c='foobar' WHERE id=5729559
	Update on sbtest2  (cost=0.43..8.45 rows=0 width=0)
	  ->  Index Scan using sbtest2_pkey on sbtest2  (cost=0.43..8.45 rows=1 width=490)
	        Index Cond: (id = 5729559)

table 3 : explain UPDATE sbtest3 SET c='foobar' WHERE id=1533921
	Update on sbtest3  (cost=0.43..8.45 rows=0 width=0)
	  ->  Index Scan using sbtest3_pkey on sbtest3  (cost=0.43..8.45 rows=1 width=490)
	        Index Cond: (id = 1533921)

table 4 : explain UPDATE sbtest4 SET c='foobar' WHERE id=8515784
	Update on sbtest4  (cost=0.43..8.45 rows=0 width=0)
	  ->  Index Scan using sbtest4_pkey on sbtest4  (cost=0.43..8.45 rows=1 width=490)
	        Index Cond: (id = 8515784)

table 5 : explain UPDATE sbtest5 SET c='foobar' WHERE id=3075256
	Update on sbtest5  (cost=0.43..8.45 rows=0 width=0)
	  ->  Index Scan using sbtest5_pkey on sbtest5  (cost=0.43..8.45 rows=1 width=490)
	        Index Cond: (id = 3075256)

table 6 : explain UPDATE sbtest6 SET c='foobar' WHERE id=8309389
	Update on sbtest6  (cost=0.43..8.45 rows=0 width=0)
	  ->  Index Scan using sbtest6_pkey on sbtest6  (cost=0.43..8.45 rows=1 width=490)
	        Index Cond: (id = 8309389)

table 7 : explain UPDATE sbtest7 SET c='foobar' WHERE id=6630152
	Update on sbtest7  (cost=0.43..8.45 rows=0 width=0)
	  ->  Index Scan using sbtest7_pkey on sbtest7  (cost=0.43..8.45 rows=1 width=490)
	        Index Cond: (id = 6630152)

table 8 : explain UPDATE sbtest8 SET c='foobar' WHERE id=7927934
	Update on sbtest8  (cost=0.43..8.45 rows=0 width=0)
	  ->  Index Scan using sbtest8_pkey on sbtest8  (cost=0.43..8.45 rows=1 width=490)
	        Index Cond: (id = 7927934)

for: distinct_ranges
table 1 : explain SELECT DISTINCT c FROM sbtest1 WHERE id BETWEEN 3582609 AND 3582708 ORDER BY c
	Unique  (cost=375.41..375.89 rows=96 width=121)
	  ->  Sort  (cost=375.41..375.65 rows=96 width=121)
	        Sort Key: c
	        ->  Index Scan using sbtest1_pkey on sbtest1  (cost=0.43..372.25 rows=96 width=121)
	              Index Cond: ((id >= 3582609) AND (id <= 3582708))

table 2 : explain SELECT DISTINCT c FROM sbtest2 WHERE id BETWEEN 3746498 AND 3746597 ORDER BY c
	Unique  (cost=382.52..383.01 rows=98 width=121)
	  ->  Sort  (cost=382.52..382.77 rows=98 width=121)
	        Sort Key: c
	        ->  Index Scan using sbtest2_pkey on sbtest2  (cost=0.43..379.28 rows=98 width=121)
	              Index Cond: ((id >= 3746498) AND (id <= 3746597))

table 3 : explain SELECT DISTINCT c FROM sbtest3 WHERE id BETWEEN 7408519 AND 7408618 ORDER BY c
	Unique  (cost=416.63..417.17 rows=107 width=121)
	  ->  Sort  (cost=416.63..416.90 rows=107 width=121)
	        Sort Key: c
	        ->  Index Scan using sbtest3_pkey on sbtest3  (cost=0.43..413.02 rows=107 width=121)
	              Index Cond: ((id >= 7408519) AND (id <= 7408618))

table 4 : explain SELECT DISTINCT c FROM sbtest4 WHERE id BETWEEN 6545920 AND 6546019 ORDER BY c
	Unique  (cost=380.73..381.22 rows=98 width=121)
	  ->  Sort  (cost=380.73..380.98 rows=98 width=121)
	        Sort Key: c
	        ->  Index Scan using sbtest4_pkey on sbtest4  (cost=0.43..377.49 rows=98 width=121)
	              Index Cond: ((id >= 6545920) AND (id <= 6546019))

table 5 : explain SELECT DISTINCT c FROM sbtest5 WHERE id BETWEEN 1138772 AND 1138871 ORDER BY c
	Unique  (cost=390.43..390.93 rows=100 width=121)
	  ->  Sort  (cost=390.43..390.68 rows=100 width=121)
	        Sort Key: c
	        ->  Index Scan using sbtest5_pkey on sbtest5  (cost=0.43..387.11 rows=100 width=121)
	              Index Cond: ((id >= 1138772) AND (id <= 1138871))

table 6 : explain SELECT DISTINCT c FROM sbtest6 WHERE id BETWEEN 279608 AND 279707 ORDER BY c
	Unique  (cost=420.15..420.69 rows=108 width=121)
	  ->  Sort  (cost=420.15..420.42 rows=108 width=121)
	        Sort Key: c
	        ->  Index Scan using sbtest6_pkey on sbtest6  (cost=0.43..416.50 rows=108 width=121)
	              Index Cond: ((id >= 279608) AND (id <= 279707))

table 7 : explain SELECT DISTINCT c FROM sbtest7 WHERE id BETWEEN 9961465 AND 9961564 ORDER BY c
	Unique  (cost=374.64..375.12 rows=96 width=121)
	  ->  Sort  (cost=374.64..374.88 rows=96 width=121)
	        Sort Key: c
	        ->  Index Scan using sbtest7_pkey on sbtest7  (cost=0.43..371.48 rows=96 width=121)
	              Index Cond: ((id >= 9961465) AND (id <= 9961564))

table 8 : explain SELECT DISTINCT c FROM sbtest8 WHERE id BETWEEN 9515420 AND 9515519 ORDER BY c
	Unique  (cost=371.88..372.36 rows=96 width=121)
	  ->  Sort  (cost=371.88..372.12 rows=96 width=121)
	        Sort Key: c
	        ->  Index Scan using sbtest8_pkey on sbtest8  (cost=0.43..368.72 rows=96 width=121)
	              Index Cond: ((id >= 9515420) AND (id <= 9515519))

for deletes
table 1 : explain DELETE FROM sbtest1 WHERE id=1194000
	Delete on sbtest1  (cost=0.43..8.45 rows=0 width=0)
	  ->  Index Scan using sbtest1_pkey on sbtest1  (cost=0.43..8.45 rows=1 width=6)
	        Index Cond: (id = 1194000)

table 2 : explain DELETE FROM sbtest2 WHERE id=7346308
	Delete on sbtest2  (cost=0.43..8.45 rows=0 width=0)
	  ->  Index Scan using sbtest2_pkey on sbtest2  (cost=0.43..8.45 rows=1 width=6)
	        Index Cond: (id = 7346308)

table 3 : explain DELETE FROM sbtest3 WHERE id=7600110
	Delete on sbtest3  (cost=0.43..8.45 rows=0 width=0)
	  ->  Index Scan using sbtest3_pkey on sbtest3  (cost=0.43..8.45 rows=1 width=6)
	        Index Cond: (id = 7600110)

table 4 : explain DELETE FROM sbtest4 WHERE id=5737028
	Delete on sbtest4  (cost=0.43..8.45 rows=0 width=0)
	  ->  Index Scan using sbtest4_pkey on sbtest4  (cost=0.43..8.45 rows=1 width=6)
	        Index Cond: (id = 5737028)

table 5 : explain DELETE FROM sbtest5 WHERE id=8703704
	Delete on sbtest5  (cost=0.43..8.45 rows=0 width=0)
	  ->  Index Scan using sbtest5_pkey on sbtest5  (cost=0.43..8.45 rows=1 width=6)
	        Index Cond: (id = 8703704)

table 6 : explain DELETE FROM sbtest6 WHERE id=7159000
	Delete on sbtest6  (cost=0.43..8.45 rows=0 width=0)
	  ->  Index Scan using sbtest6_pkey on sbtest6  (cost=0.43..8.45 rows=1 width=6)
	        Index Cond: (id = 7159000)

table 7 : explain DELETE FROM sbtest7 WHERE id=5437282
	Delete on sbtest7  (cost=0.43..8.45 rows=0 width=0)
	  ->  Index Scan using sbtest7_pkey on sbtest7  (cost=0.43..8.45 rows=1 width=6)
	        Index Cond: (id = 5437282)

table 8 : explain DELETE FROM sbtest8 WHERE id=9219179
	Delete on sbtest8  (cost=0.43..8.45 rows=0 width=0)
	  ->  Index Scan using sbtest8_pkey on sbtest8  (cost=0.43..8.45 rows=1 width=6)
	        Index Cond: (id = 9219179)

for: distinct_ranges
table 1 : explain SELECT DISTINCT c FROM sbtest1 WHERE id BETWEEN 1116307 AND 1116406 ORDER BY c
	Unique  (cost=367.67..368.14 rows=94 width=121)
	  ->  Sort  (cost=367.67..367.91 rows=94 width=121)
	        Sort Key: c
	        ->  Index Scan using sbtest1_pkey on sbtest1  (cost=0.43..364.59 rows=94 width=121)
	              Index Cond: ((id >= 1116307) AND (id <= 1116406))

table 2 : explain SELECT DISTINCT c FROM sbtest2 WHERE id BETWEEN 9464524 AND 9464623 ORDER BY c
	Unique  (cost=382.52..383.01 rows=98 width=121)
	  ->  Sort  (cost=382.52..382.77 rows=98 width=121)
	        Sort Key: c
	        ->  Index Scan using sbtest2_pkey on sbtest2  (cost=0.43..379.28 rows=98 width=121)
	              Index Cond: ((id >= 9464524) AND (id <= 9464623))

table 3 : explain SELECT DISTINCT c FROM sbtest3 WHERE id BETWEEN 4251464 AND 4251563 ORDER BY c
	Unique  (cost=416.63..417.17 rows=107 width=121)
	  ->  Sort  (cost=416.63..416.90 rows=107 width=121)
	        Sort Key: c
	        ->  Index Scan using sbtest3_pkey on sbtest3  (cost=0.43..413.02 rows=107 width=121)
	              Index Cond: ((id >= 4251464) AND (id <= 4251563))

table 4 : explain SELECT DISTINCT c FROM sbtest4 WHERE id BETWEEN 3941688 AND 3941787 ORDER BY c
	Unique  (cost=388.42..388.92 rows=100 width=121)
	  ->  Sort  (cost=388.42..388.67 rows=100 width=121)
	        Sort Key: c
	        ->  Index Scan using sbtest4_pkey on sbtest4  (cost=0.43..385.10 rows=100 width=121)
	              Index Cond: ((id >= 3941688) AND (id <= 3941787))

table 5 : explain SELECT DISTINCT c FROM sbtest5 WHERE id BETWEEN 5806064 AND 5806163 ORDER BY c
	Unique  (cost=378.84..379.33 rows=97 width=121)
	  ->  Sort  (cost=378.84..379.08 rows=97 width=121)
	        Sort Key: c
	        ->  Index Scan using sbtest5_pkey on sbtest5  (cost=0.43..375.64 rows=97 width=121)
	              Index Cond: ((id >= 5806064) AND (id <= 5806163))

table 6 : explain SELECT DISTINCT c FROM sbtest6 WHERE id BETWEEN 110559 AND 110658 ORDER BY c
	Unique  (cost=354.60..355.06 rows=91 width=121)
	  ->  Sort  (cost=354.60..354.83 rows=91 width=121)
	        Sort Key: c
	        ->  Index Scan using sbtest6_pkey on sbtest6  (cost=0.43..351.64 rows=91 width=121)
	              Index Cond: ((id >= 110559) AND (id <= 110658))

table 7 : explain SELECT DISTINCT c FROM sbtest7 WHERE id BETWEEN 649796 AND 649895 ORDER BY c
	Unique  (cost=393.94..394.44 rows=101 width=121)
	  ->  Sort  (cost=393.94..394.19 rows=101 width=121)
	        Sort Key: c
	        ->  Index Scan using sbtest7_pkey on sbtest7  (cost=0.43..390.57 rows=101 width=121)
	              Index Cond: ((id >= 649796) AND (id <= 649895))

table 8 : explain SELECT DISTINCT c FROM sbtest8 WHERE id BETWEEN 8682786 AND 8682885 ORDER BY c
	Unique  (cost=414.02..414.55 rows=107 width=121)
	  ->  Sort  (cost=414.02..414.28 rows=107 width=121)
	        Sort Key: c
	        ->  Index Scan using sbtest8_pkey on sbtest8  (cost=0.43..410.41 rows=107 width=121)
	              Index Cond: ((id >= 8682786) AND (id <= 8682885))

for: distinct_ranges
table 1 : explain SELECT DISTINCT c FROM sbtest1 WHERE id BETWEEN 6458732 AND 6458831 ORDER BY c
	Unique  (cost=379.28..379.77 rows=97 width=121)
	  ->  Sort  (cost=379.28..379.52 rows=97 width=121)
	        Sort Key: c
	        ->  Index Scan using sbtest1_pkey on sbtest1  (cost=0.43..376.08 rows=97 width=121)
	              Index Cond: ((id >= 6458732) AND (id <= 6458831))

table 2 : explain SELECT DISTINCT c FROM sbtest2 WHERE id BETWEEN 8678857 AND 8678956 ORDER BY c
	Unique  (cost=351.58..352.03 rows=90 width=121)
	  ->  Sort  (cost=351.58..351.80 rows=90 width=121)
	        Sort Key: c
	        ->  Index Scan using sbtest2_pkey on sbtest2  (cost=0.43..348.66 rows=90 width=121)
	              Index Cond: ((id >= 8678857) AND (id <= 8678956))

table 3 : explain SELECT DISTINCT c FROM sbtest3 WHERE id BETWEEN 216687 AND 216786 ORDER BY c
	Unique  (cost=401.21..401.72 rows=103 width=121)
	  ->  Sort  (cost=401.21..401.46 rows=103 width=121)
	        Sort Key: c
	        ->  Index Scan using sbtest3_pkey on sbtest3  (cost=0.43..397.76 rows=103 width=121)
	              Index Cond: ((id >= 216687) AND (id <= 216786))

table 4 : explain SELECT DISTINCT c FROM sbtest4 WHERE id BETWEEN 9621187 AND 9621286 ORDER BY c
	Unique  (cost=361.46..361.93 rows=93 width=121)
	  ->  Sort  (cost=361.46..361.70 rows=93 width=121)
	        Sort Key: c
	        ->  Index Scan using sbtest4_pkey on sbtest4  (cost=0.43..358.42 rows=93 width=121)
	              Index Cond: ((id >= 9621187) AND (id <= 9621286))

table 5 : explain SELECT DISTINCT c FROM sbtest5 WHERE id BETWEEN 7831598 AND 7831697 ORDER BY c
	Unique  (cost=386.57..387.06 rows=99 width=121)
	  ->  Sort  (cost=386.57..386.82 rows=99 width=121)
	        Sort Key: c
	        ->  Index Scan using sbtest5_pkey on sbtest5  (cost=0.43..383.29 rows=99 width=121)
	              Index Cond: ((id >= 7831598) AND (id <= 7831697))

table 6 : explain SELECT DISTINCT c FROM sbtest6 WHERE id BETWEEN 7169945 AND 7170044 ORDER BY c
	Unique  (cost=377.77..378.25 rows=97 width=121)
	  ->  Sort  (cost=377.77..378.01 rows=97 width=121)
	        Sort Key: c
	        ->  Index Scan using sbtest6_pkey on sbtest6  (cost=0.43..374.57 rows=97 width=121)
	              Index Cond: ((id >= 7169945) AND (id <= 7170044))

table 7 : explain SELECT DISTINCT c FROM sbtest7 WHERE id BETWEEN 4597548 AND 4597647 ORDER BY c
	Unique  (cost=378.50..378.98 rows=97 width=121)
	  ->  Sort  (cost=378.50..378.74 rows=97 width=121)
	        Sort Key: c
	        ->  Index Scan using sbtest7_pkey on sbtest7  (cost=0.43..375.30 rows=97 width=121)
	              Index Cond: ((id >= 4597548) AND (id <= 4597647))

table 8 : explain SELECT DISTINCT c FROM sbtest8 WHERE id BETWEEN 8165724 AND 8165823 ORDER BY c
	Unique  (cost=402.52..403.04 rows=104 width=121)
	  ->  Sort  (cost=402.52..402.78 rows=104 width=121)
	        Sort Key: c
	        ->  Index Scan using sbtest8_pkey on sbtest8  (cost=0.43..399.04 rows=104 width=121)
	              Index Cond: ((id >= 8165724) AND (id <= 8165823))

for index_updates
table 1 : explain UPDATE sbtest1 SET k=k+1 WHERE id=9826417
	Update on sbtest1  (cost=0.43..8.46 rows=0 width=0)
	  ->  Index Scan using sbtest1_pkey on sbtest1  (cost=0.43..8.46 rows=1 width=10)
	        Index Cond: (id = 9826417)

table 2 : explain UPDATE sbtest2 SET k=k+1 WHERE id=656838
	Update on sbtest2  (cost=0.43..8.46 rows=0 width=0)
	  ->  Index Scan using sbtest2_pkey on sbtest2  (cost=0.43..8.46 rows=1 width=10)
	        Index Cond: (id = 656838)

table 3 : explain UPDATE sbtest3 SET k=k+1 WHERE id=3273443
	Update on sbtest3  (cost=0.43..8.46 rows=0 width=0)
	  ->  Index Scan using sbtest3_pkey on sbtest3  (cost=0.43..8.46 rows=1 width=10)
	        Index Cond: (id = 3273443)

table 4 : explain UPDATE sbtest4 SET k=k+1 WHERE id=179389
	Update on sbtest4  (cost=0.43..8.46 rows=0 width=0)
	  ->  Index Scan using sbtest4_pkey on sbtest4  (cost=0.43..8.46 rows=1 width=10)
	        Index Cond: (id = 179389)

table 5 : explain UPDATE sbtest5 SET k=k+1 WHERE id=5469388
	Update on sbtest5  (cost=0.43..8.46 rows=0 width=0)
	  ->  Index Scan using sbtest5_pkey on sbtest5  (cost=0.43..8.46 rows=1 width=10)
	        Index Cond: (id = 5469388)

table 6 : explain UPDATE sbtest6 SET k=k+1 WHERE id=462336
	Update on sbtest6  (cost=0.43..8.46 rows=0 width=0)
	  ->  Index Scan using sbtest6_pkey on sbtest6  (cost=0.43..8.46 rows=1 width=10)
	        Index Cond: (id = 462336)

table 7 : explain UPDATE sbtest7 SET k=k+1 WHERE id=6591844
	Update on sbtest7  (cost=0.43..8.46 rows=0 width=0)
	  ->  Index Scan using sbtest7_pkey on sbtest7  (cost=0.43..8.46 rows=1 width=10)
	        Index Cond: (id = 6591844)

table 8 : explain UPDATE sbtest8 SET k=k+1 WHERE id=9483050
	Update on sbtest8  (cost=0.43..8.46 rows=0 width=0)
	  ->  Index Scan using sbtest8_pkey on sbtest8  (cost=0.43..8.46 rows=1 width=10)
	        Index Cond: (id = 9483050)

for deletes
table 1 : explain DELETE FROM sbtest1 WHERE id=9718096
	Delete on sbtest1  (cost=0.43..8.45 rows=0 width=0)
	  ->  Index Scan using sbtest1_pkey on sbtest1  (cost=0.43..8.45 rows=1 width=6)
	        Index Cond: (id = 9718096)

table 2 : explain DELETE FROM sbtest2 WHERE id=2983198
	Delete on sbtest2  (cost=0.43..8.45 rows=0 width=0)
	  ->  Index Scan using sbtest2_pkey on sbtest2  (cost=0.43..8.45 rows=1 width=6)
	        Index Cond: (id = 2983198)

table 3 : explain DELETE FROM sbtest3 WHERE id=853976
	Delete on sbtest3  (cost=0.43..8.45 rows=0 width=0)
	  ->  Index Scan using sbtest3_pkey on sbtest3  (cost=0.43..8.45 rows=1 width=6)
	        Index Cond: (id = 853976)

table 4 : explain DELETE FROM sbtest4 WHERE id=6691493
	Delete on sbtest4  (cost=0.43..8.45 rows=0 width=0)
	  ->  Index Scan using sbtest4_pkey on sbtest4  (cost=0.43..8.45 rows=1 width=6)
	        Index Cond: (id = 6691493)

table 5 : explain DELETE FROM sbtest5 WHERE id=8504867
	Delete on sbtest5  (cost=0.43..8.45 rows=0 width=0)
	  ->  Index Scan using sbtest5_pkey on sbtest5  (cost=0.43..8.45 rows=1 width=6)
	        Index Cond: (id = 8504867)

table 6 : explain DELETE FROM sbtest6 WHERE id=9187742
	Delete on sbtest6  (cost=0.43..8.45 rows=0 width=0)
	  ->  Index Scan using sbtest6_pkey on sbtest6  (cost=0.43..8.45 rows=1 width=6)
	        Index Cond: (id = 9187742)

table 7 : explain DELETE FROM sbtest7 WHERE id=9178847
	Delete on sbtest7  (cost=0.43..8.45 rows=0 width=0)
	  ->  Index Scan using sbtest7_pkey on sbtest7  (cost=0.43..8.45 rows=1 width=6)
	        Index Cond: (id = 9178847)

table 8 : explain DELETE FROM sbtest8 WHERE id=5020762
	Delete on sbtest8  (cost=0.43..8.45 rows=0 width=0)
	  ->  Index Scan using sbtest8_pkey on sbtest8  (cost=0.43..8.45 rows=1 width=6)
	        Index Cond: (id = 5020762)

explain: for deletes :: explain DELETE FROM sbtest%u WHERE id=%u
for index_updates
table 1 : explain UPDATE sbtest1 SET k=k+1 WHERE id=8520299
	Update on sbtest1  (cost=0.43..8.46 rows=0 width=0)
	  ->  Index Scan using sbtest1_pkey on sbtest1  (cost=0.43..8.46 rows=1 width=10)
	        Index Cond: (id = 8520299)

table 2 : explain UPDATE sbtest2 SET k=k+1 WHERE id=1351573
	Update on sbtest2  (cost=0.43..8.46 rows=0 width=0)
	  ->  Index Scan using sbtest2_pkey on sbtest2  (cost=0.43..8.46 rows=1 width=10)
	        Index Cond: (id = 1351573)

table 3 : explain UPDATE sbtest3 SET k=k+1 WHERE id=5307606
	Update on sbtest3  (cost=0.43..8.46 rows=0 width=0)
	  ->  Index Scan using sbtest3_pkey on sbtest3  (cost=0.43..8.46 rows=1 width=10)
	        Index Cond: (id = 5307606)

table 4 : explain UPDATE sbtest4 SET k=k+1 WHERE id=2062068
	Update on sbtest4  (cost=0.43..8.46 rows=0 width=0)
	  ->  Index Scan using sbtest4_pkey on sbtest4  (cost=0.43..8.46 rows=1 width=10)
	        Index Cond: (id = 2062068)

table 5 : explain UPDATE sbtest5 SET k=k+1 WHERE id=9942877
	Update on sbtest5  (cost=0.43..8.46 rows=0 width=0)
	  ->  Index Scan using sbtest5_pkey on sbtest5  (cost=0.43..8.46 rows=1 width=10)
	        Index Cond: (id = 9942877)

table 6 : explain UPDATE sbtest6 SET k=k+1 WHERE id=7868021
	Update on sbtest6  (cost=0.43..8.46 rows=0 width=0)
	  ->  Index Scan using sbtest6_pkey on sbtest6  (cost=0.43..8.46 rows=1 width=10)
	        Index Cond: (id = 7868021)

table 7 : explain UPDATE sbtest7 SET k=k+1 WHERE id=9872427
	Update on sbtest7  (cost=0.43..8.46 rows=0 width=0)
	  ->  Index Scan using sbtest7_pkey on sbtest7  (cost=0.43..8.46 rows=1 width=10)
	        Index Cond: (id = 9872427)

table 8 : explain UPDATE sbtest8 SET k=k+1 WHERE id=1059446
	Update on sbtest8  (cost=0.43..8.46 rows=0 width=0)
	  ->  Index Scan using sbtest8_pkey on sbtest8  (cost=0.43..8.46 rows=1 width=10)
	        Index Cond: (id = 1059446)

for deletes
table 1 : explain DELETE FROM sbtest1 WHERE id=9704402
	Delete on sbtest1  (cost=0.43..8.45 rows=0 width=0)
	  ->  Index Scan using sbtest1_pkey on sbtest1  (cost=0.43..8.45 rows=1 width=6)
	        Index Cond: (id = 9704402)

table 2 : explain DELETE FROM sbtest2 WHERE id=3169072
	Delete on sbtest2  (cost=0.43..8.45 rows=0 width=0)
	  ->  Index Scan using sbtest2_pkey on sbtest2  (cost=0.43..8.45 rows=1 width=6)
	        Index Cond: (id = 3169072)

table 3 : explain DELETE FROM sbtest3 WHERE id=259157
	Delete on sbtest3  (cost=0.43..8.45 rows=0 width=0)
	  ->  Index Scan using sbtest3_pkey on sbtest3  (cost=0.43..8.45 rows=1 width=6)
	        Index Cond: (id = 259157)

table 4 : explain DELETE FROM sbtest4 WHERE id=9172842
	Delete on sbtest4  (cost=0.43..8.45 rows=0 width=0)
	  ->  Index Scan using sbtest4_pkey on sbtest4  (cost=0.43..8.45 rows=1 width=6)
	        Index Cond: (id = 9172842)

table 5 : explain DELETE FROM sbtest5 WHERE id=6745800
	Delete on sbtest5  (cost=0.43..8.45 rows=0 width=0)
	  ->  Index Scan using sbtest5_pkey on sbtest5  (cost=0.43..8.45 rows=1 width=6)
	        Index Cond: (id = 6745800)

table 6 : explain DELETE FROM sbtest6 WHERE id=7679691
	Delete on sbtest6  (cost=0.43..8.45 rows=0 width=0)
	  ->  Index Scan using sbtest6_pkey on sbtest6  (cost=0.43..8.45 rows=1 width=6)
	        Index Cond: (id = 7679691)

table 7 : explain DELETE FROM sbtest7 WHERE id=7808396
	Delete on sbtest7  (cost=0.43..8.45 rows=0 width=0)
	  ->  Index Scan using sbtest7_pkey on sbtest7  (cost=0.43..8.45 rows=1 width=6)
	        Index Cond: (id = 7808396)

table 8 : explain DELETE FROM sbtest8 WHERE id=2717193
	Delete on sbtest8  (cost=0.43..8.45 rows=0 width=0)
	  ->  Index Scan using sbtest8_pkey on sbtest8  (cost=0.43..8.45 rows=1 width=6)
	        Index Cond: (id = 2717193)

for non_index_updates
table 1 : explain UPDATE sbtest1 SET c='foobar' WHERE id=8478670
	Update on sbtest1  (cost=0.43..8.45 rows=0 width=0)
	  ->  Index Scan using sbtest1_pkey on sbtest1  (cost=0.43..8.45 rows=1 width=490)
	        Index Cond: (id = 8478670)

table 2 : explain UPDATE sbtest2 SET c='foobar' WHERE id=9463004
	Update on sbtest2  (cost=0.43..8.45 rows=0 width=0)
	  ->  Index Scan using sbtest2_pkey on sbtest2  (cost=0.43..8.45 rows=1 width=490)
	        Index Cond: (id = 9463004)

table 3 : explain UPDATE sbtest3 SET c='foobar' WHERE id=7162489
	Update on sbtest3  (cost=0.43..8.45 rows=0 width=0)
	  ->  Index Scan using sbtest3_pkey on sbtest3  (cost=0.43..8.45 rows=1 width=490)
	        Index Cond: (id = 7162489)

table 4 : explain UPDATE sbtest4 SET c='foobar' WHERE id=2608422
	Update on sbtest4  (cost=0.43..8.45 rows=0 width=0)
	  ->  Index Scan using sbtest4_pkey on sbtest4  (cost=0.43..8.45 rows=1 width=490)
	        Index Cond: (id = 2608422)

table 5 : explain UPDATE sbtest5 SET c='foobar' WHERE id=1410361
	Update on sbtest5  (cost=0.43..8.45 rows=0 width=0)
	  ->  Index Scan using sbtest5_pkey on sbtest5  (cost=0.43..8.45 rows=1 width=490)
	        Index Cond: (id = 1410361)

table 6 : explain UPDATE sbtest6 SET c='foobar' WHERE id=4317887
	Update on sbtest6  (cost=0.43..8.45 rows=0 width=0)
	  ->  Index Scan using sbtest6_pkey on sbtest6  (cost=0.43..8.45 rows=1 width=490)
	        Index Cond: (id = 4317887)

table 7 : explain UPDATE sbtest7 SET c='foobar' WHERE id=3943635
	Update on sbtest7  (cost=0.43..8.45 rows=0 width=0)
	  ->  Index Scan using sbtest7_pkey on sbtest7  (cost=0.43..8.45 rows=1 width=490)
	        Index Cond: (id = 3943635)

table 8 : explain UPDATE sbtest8 SET c='foobar' WHERE id=7476607
	Update on sbtest8  (cost=0.43..8.45 rows=0 width=0)
	  ->  Index Scan using sbtest8_pkey on sbtest8  (cost=0.43..8.45 rows=1 width=490)
	        Index Cond: (id = 7476607)

for deletes
table 1 : explain DELETE FROM sbtest1 WHERE id=9390123
	Delete on sbtest1  (cost=0.43..8.45 rows=0 width=0)
	  ->  Index Scan using sbtest1_pkey on sbtest1  (cost=0.43..8.45 rows=1 width=6)
	        Index Cond: (id = 9390123)

table 2 : explain DELETE FROM sbtest2 WHERE id=4685751
	Delete on sbtest2  (cost=0.43..8.45 rows=0 width=0)
	  ->  Index Scan using sbtest2_pkey on sbtest2  (cost=0.43..8.45 rows=1 width=6)
	        Index Cond: (id = 4685751)

table 3 : explain DELETE FROM sbtest3 WHERE id=1035912
	Delete on sbtest3  (cost=0.43..8.45 rows=0 width=0)
	  ->  Index Scan using sbtest3_pkey on sbtest3  (cost=0.43..8.45 rows=1 width=6)
	        Index Cond: (id = 1035912)

table 4 : explain DELETE FROM sbtest4 WHERE id=278621
	Delete on sbtest4  (cost=0.43..8.45 rows=0 width=0)
	  ->  Index Scan using sbtest4_pkey on sbtest4  (cost=0.43..8.45 rows=1 width=6)
	        Index Cond: (id = 278621)

table 5 : explain DELETE FROM sbtest5 WHERE id=5849589
	Delete on sbtest5  (cost=0.43..8.45 rows=0 width=0)
	  ->  Index Scan using sbtest5_pkey on sbtest5  (cost=0.43..8.45 rows=1 width=6)
	        Index Cond: (id = 5849589)

table 6 : explain DELETE FROM sbtest6 WHERE id=7358323
	Delete on sbtest6  (cost=0.43..8.45 rows=0 width=0)
	  ->  Index Scan using sbtest6_pkey on sbtest6  (cost=0.43..8.45 rows=1 width=6)
	        Index Cond: (id = 7358323)

table 7 : explain DELETE FROM sbtest7 WHERE id=1174717
	Delete on sbtest7  (cost=0.43..8.45 rows=0 width=0)
	  ->  Index Scan using sbtest7_pkey on sbtest7  (cost=0.43..8.45 rows=1 width=6)
	        Index Cond: (id = 1174717)

table 8 : explain DELETE FROM sbtest8 WHERE id=4595925
	Delete on sbtest8  (cost=0.43..8.45 rows=0 width=0)
	  ->  Index Scan using sbtest8_pkey on sbtest8  (cost=0.43..8.45 rows=1 width=6)
	        Index Cond: (id = 4595925)

explain: for index_updates :: explain UPDATE sbtest%u SET k=k+1 WHERE id=%ufor deletes
table 1 : explain DELETE FROM sbtest1 WHERE id=1586722
	Delete on sbtest1  (cost=0.43..8.45 rows=0 width=0)
	  ->  Index Scan using sbtest1_pkey on sbtest1  (cost=0.43..8.45 rows=1 width=6)
	        Index Cond: (id = 1586722)

table 2 : explain DELETE FROM sbtest2 WHERE id=4993326
	Delete on sbtest2  (cost=0.43..8.45 rows=0 width=0)
	  ->  Index Scan using sbtest2_pkey on sbtest2  (cost=0.43..8.45 rows=1 width=6)
	        Index Cond: (id = 4993326)

table 3 : explain DELETE FROM sbtest3 WHERE id=6770797
	Delete on sbtest3  (cost=0.43..8.45 rows=0 width=0)
	  ->  Index Scan using sbtest3_pkey on sbtest3  (cost=0.43..8.45 rows=1 width=6)
	        Index Cond: (id = 6770797)

table 4 : explain DELETE FROM sbtest4 WHERE id=5170465
	Delete on sbtest4  (cost=0.43..8.45 rows=0 width=0)
	  ->  Index Scan using sbtest4_pkey on sbtest4  (cost=0.43..8.45 rows=1 width=6)
	        Index Cond: (id = 5170465)

table 5 : explain DELETE FROM sbtest5 WHERE id=5142189
	Delete on sbtest5  (cost=0.43..8.45 rows=0 width=0)
	  ->  Index Scan using sbtest5_pkey on sbtest5  (cost=0.43..8.45 rows=1 width=6)
	        Index Cond: (id = 5142189)

table 6 : explain DELETE FROM sbtest6 WHERE id=6717991
	Delete on sbtest6  (cost=0.43..8.45 rows=0 width=0)
	  ->  Index Scan using sbtest6_pkey on sbtest6  (cost=0.43..8.45 rows=1 width=6)
	        Index Cond: (id = 6717991)

table 7 : explain DELETE FROM sbtest7 WHERE id=3404948
	Delete on sbtest7  (cost=0.43..8.45 rows=0 width=0)
	  ->  Index Scan using sbtest7_pkey on sbtest7  (cost=0.43..8.45 rows=1 width=6)
	        Index Cond: (id = 3404948)

table 8 : explain DELETE FROM sbtest8 WHERE id=3517756
	Delete on sbtest8  (cost=0.43..8.45 rows=0 width=0)
	  ->  Index Scan using sbtest8_pkey on sbtest8  (cost=0.43..8.45 rows=1 width=6)
	        Index Cond: (id = 3517756)


explain: for index_updates :: explain UPDATE sbtest%u SET k=k+1 WHERE id=%u
for: simple_ranges
table 1 : explain SELECT c FROM sbtest1 WHERE id BETWEEN 3354985 AND 3355084
	Index Scan using sbtest1_pkey on sbtest1  (cost=0.43..399.10 rows=103 width=121)
	  Index Cond: ((id >= 3354985) AND (id <= 3355084))

table 2 : explain SELECT c FROM sbtest2 WHERE id BETWEEN 2418680 AND 2418779
	Index Scan using sbtest2_pkey on sbtest2  (cost=0.43..390.74 rows=101 width=121)
	  Index Cond: ((id >= 2418680) AND (id <= 2418779))

table 3 : explain SELECT c FROM sbtest3 WHERE id BETWEEN 9727743 AND 9727842
	Index Scan using sbtest3_pkey on sbtest3  (cost=0.43..390.13 rows=101 width=121)
	  Index Cond: ((id >= 9727743) AND (id <= 9727842))

table 4 : explain SELECT c FROM sbtest4 WHERE id BETWEEN 1549025 AND 1549124
	Index Scan using sbtest4_pkey on sbtest4  (cost=0.43..438.34 rows=114 width=121)
	  Index Cond: ((id >= 1549025) AND (id <= 1549124))

table 5 : explain SELECT c FROM sbtest5 WHERE id BETWEEN 4820880 AND 4820979
	Index Scan using sbtest5_pkey on sbtest5  (cost=0.43..371.82 rows=96 width=121)
	  Index Cond: ((id >= 4820880) AND (id <= 4820979))

table 6 : explain SELECT c FROM sbtest6 WHERE id BETWEEN 4148430 AND 4148529
	Index Scan using sbtest6_pkey on sbtest6  (cost=0.43..405.06 rows=105 width=121)
	  Index Cond: ((id >= 4148430) AND (id <= 4148529))

table 7 : explain SELECT c FROM sbtest7 WHERE id BETWEEN 2208188 AND 2208287
	Index Scan using sbtest7_pkey on sbtest7  (cost=0.43..386.76 rows=100 width=121)
	  Index Cond: ((id >= 2208188) AND (id <= 2208287))

table 8 : explain SELECT c FROM sbtest8 WHERE id BETWEEN 269992 AND 270091
	Index Scan using sbtest8_pkey on sbtest8  (cost=0.43..372.51 rows=97 width=121)
	  Index Cond: ((id >= 269992) AND (id <= 270091))

explain: for index_updates :: explain UPDATE sbtest%u SET k=k+1 WHERE id=%u
explain: for non_index_updates :: explain UPDATE sbtest%u SET c='foobar' WHERE id=%u
explain: for non_index_updates :: explain UPDATE sbtest%u SET c='foobar' WHERE id=%u
explain: for inserts :: explain INSERT INTO sbtest%u (id, k, c, pad) VALUES (%u, 13, 'foobar', 'foobar')
for deletes
table 1 : explain DELETE FROM sbtest1 WHERE id=2335998
	Delete on sbtest1  (cost=0.43..8.45 rows=0 width=0)
	  ->  Index Scan using sbtest1_pkey on sbtest1  (cost=0.43..8.45 rows=1 width=6)
	        Index Cond: (id = 2335998)

table 2 : explain DELETE FROM sbtest2 WHERE id=138513
	Delete on sbtest2  (cost=0.43..8.45 rows=0 width=0)
	  ->  Index Scan using sbtest2_pkey on sbtest2  (cost=0.43..8.45 rows=1 width=6)
	        Index Cond: (id = 138513)

table 3 : explain DELETE FROM sbtest3 WHERE id=3350264
	Delete on sbtest3  (cost=0.43..8.45 rows=0 width=0)
	  ->  Index Scan using sbtest3_pkey on sbtest3  (cost=0.43..8.45 rows=1 width=6)
	        Index Cond: (id = 3350264)

table 4 : explain DELETE FROM sbtest4 WHERE id=2684109
	Delete on sbtest4  (cost=0.43..8.45 rows=0 width=0)
	  ->  Index Scan using sbtest4_pkey on sbtest4  (cost=0.43..8.45 rows=1 width=6)
	        Index Cond: (id = 2684109)

table 5 : explain DELETE FROM sbtest5 WHERE id=7756469
	Delete on sbtest5  (cost=0.43..8.45 rows=0 width=0)
	  ->  Index Scan using sbtest5_pkey on sbtest5  (cost=0.43..8.45 rows=1 width=6)
	        Index Cond: (id = 7756469)

table 6 : explain DELETE FROM sbtest6 WHERE id=5344147
	Delete on sbtest6  (cost=0.43..8.45 rows=0 width=0)
	  ->  Index Scan using sbtest6_pkey on sbtest6  (cost=0.43..8.45 rows=1 width=6)
	        Index Cond: (id = 5344147)

table 7 : explain DELETE FROM sbtest7 WHERE id=3654606
	Delete on sbtest7  (cost=0.43..8.45 rows=0 width=0)
	  ->  Index Scan using sbtest7_pkey on sbtest7  (cost=0.43..8.45 rows=1 width=6)
	        Index Cond: (id = 3654606)

table 8 : explain DELETE FROM sbtest8 WHERE id=8503796
	Delete on sbtest8  (cost=0.43..8.45 rows=0 width=0)
	  ->  Index Scan using sbtest8_pkey on sbtest8  (cost=0.43..8.45 rows=1 width=6)
	        Index Cond: (id = 8503796)

explain: for non_index_updates :: explain UPDATE sbtest%u SET c='foobar' WHERE id=%u
explain: for inserts :: explain INSERT INTO sbtest%u (id, k, c, pad) VALUES (%u, 13, 'foobar', 'foobar')
explain: for deletes :: explain DELETE FROM sbtest%u WHERE id=%u
for index_updates
table 1 : explain UPDATE sbtest1 SET k=k+1 WHERE id=1823785
	Update on sbtest1  (cost=0.43..8.46 rows=0 width=0)
	  ->  Index Scan using sbtest1_pkey on sbtest1  (cost=0.43..8.46 rows=1 width=10)
	        Index Cond: (id = 1823785)

table 2 : explain UPDATE sbtest2 SET k=k+1 WHERE id=4448141
	Update on sbtest2  (cost=0.43..8.46 rows=0 width=0)
	  ->  Index Scan using sbtest2_pkey on sbtest2  (cost=0.43..8.46 rows=1 width=10)
	        Index Cond: (id = 4448141)

table 3 : explain UPDATE sbtest3 SET k=k+1 WHERE id=5629271
	Update on sbtest3  (cost=0.43..8.46 rows=0 width=0)
	  ->  Index Scan using sbtest3_pkey on sbtest3  (cost=0.43..8.46 rows=1 width=10)
	        Index Cond: (id = 5629271)

table 4 : explain UPDATE sbtest4 SET k=k+1 WHERE id=1781961
	Update on sbtest4  (cost=0.43..8.46 rows=0 width=0)
	  ->  Index Scan using sbtest4_pkey on sbtest4  (cost=0.43..8.46 rows=1 width=10)
	        Index Cond: (id = 1781961)

table 5 : explain UPDATE sbtest5 SET k=k+1 WHERE id=2268693
	Update on sbtest5  (cost=0.43..8.46 rows=0 width=0)
	  ->  Index Scan using sbtest5_pkey on sbtest5  (cost=0.43..8.46 rows=1 width=10)
	        Index Cond: (id = 2268693)

table 6 : explain UPDATE sbtest6 SET k=k+1 WHERE id=5587254
	Update on sbtest6  (cost=0.43..8.46 rows=0 width=0)
	  ->  Index Scan using sbtest6_pkey on sbtest6  (cost=0.43..8.46 rows=1 width=10)
	        Index Cond: (id = 5587254)

table 7 : explain UPDATE sbtest7 SET k=k+1 WHERE id=2378484
	Update on sbtest7  (cost=0.43..8.46 rows=0 width=0)
	  ->  Index Scan using sbtest7_pkey on sbtest7  (cost=0.43..8.46 rows=1 width=10)
	        Index Cond: (id = 2378484)

table 8 : explain UPDATE sbtest8 SET k=k+1 WHERE id=2992096
	Update on sbtest8  (cost=0.43..8.46 rows=0 width=0)
	  ->  Index Scan using sbtest8_pkey on sbtest8  (cost=0.43..8.46 rows=1 width=10)
	        Index Cond: (id = 2992096)

for index_updates
table 1 : explain UPDATE sbtest1 SET k=k+1 WHERE id=4862969
	Update on sbtest1  (cost=0.43..8.46 rows=0 width=0)
	  ->  Index Scan using sbtest1_pkey on sbtest1  (cost=0.43..8.46 rows=1 width=10)
	        Index Cond: (id = 4862969)

table 2 : explain UPDATE sbtest2 SET k=k+1 WHERE id=8859212
	Update on sbtest2  (cost=0.43..8.46 rows=0 width=0)
	  ->  Index Scan using sbtest2_pkey on sbtest2  (cost=0.43..8.46 rows=1 width=10)
	        Index Cond: (id = 8859212)

table 3 : explain UPDATE sbtest3 SET k=k+1 WHERE id=221709
	Update on sbtest3  (cost=0.43..8.46 rows=0 width=0)
	  ->  Index Scan using sbtest3_pkey on sbtest3  (cost=0.43..8.46 rows=1 width=10)
	        Index Cond: (id = 221709)

table 4 : explain UPDATE sbtest4 SET k=k+1 WHERE id=7079354
	Update on sbtest4  (cost=0.43..8.46 rows=0 width=0)
	  ->  Index Scan using sbtest4_pkey on sbtest4  (cost=0.43..8.46 rows=1 width=10)
	        Index Cond: (id = 7079354)

table 5 : explain UPDATE sbtest5 SET k=k+1 WHERE id=1557376
	Update on sbtest5  (cost=0.43..8.46 rows=0 width=0)
	  ->  Index Scan using sbtest5_pkey on sbtest5  (cost=0.43..8.46 rows=1 width=10)
	        Index Cond: (id = 1557376)

table 6 : explain UPDATE sbtest6 SET k=k+1 WHERE id=6726508
	Update on sbtest6  (cost=0.43..8.46 rows=0 width=0)
	  ->  Index Scan using sbtest6_pkey on sbtest6  (cost=0.43..8.46 rows=1 width=10)
	        Index Cond: (id = 6726508)

table 7 : explain UPDATE sbtest7 SET k=k+1 WHERE id=4323098
	Update on sbtest7  (cost=0.43..8.46 rows=0 width=0)
	  ->  Index Scan using sbtest7_pkey on sbtest7  (cost=0.43..8.46 rows=1 width=10)
	        Index Cond: (id = 4323098)

table 8 : explain UPDATE sbtest8 SET k=k+1 WHERE id=1944642
	Update on sbtest8  (cost=0.43..8.46 rows=0 width=0)
	  ->  Index Scan using sbtest8_pkey on sbtest8  (cost=0.43..8.46 rows=1 width=10)
	        Index Cond: (id = 1944642)

for: distinct_ranges
table 1 : explain SELECT DISTINCT c FROM sbtest1 WHERE id BETWEEN 3902527 AND 3902626 ORDER BY c
	Unique  (cost=379.28..379.77 rows=97 width=121)
	  ->  Sort  (cost=379.28..379.52 rows=97 width=121)
	        Sort Key: c
	        ->  Index Scan using sbtest1_pkey on sbtest1  (cost=0.43..376.08 rows=97 width=121)
	              Index Cond: ((id >= 3902527) AND (id <= 3902626))

table 2 : explain SELECT DISTINCT c FROM sbtest2 WHERE id BETWEEN 7594572 AND 7594671 ORDER BY c
	Unique  (cost=386.38..386.88 rows=99 width=121)
	  ->  Sort  (cost=386.38..386.63 rows=99 width=121)
	        Sort Key: c
	        ->  Index Scan using sbtest2_pkey on sbtest2  (cost=0.43..383.10 rows=99 width=121)
	              Index Cond: ((id >= 7594572) AND (id <= 7594671))

table 3 : explain SELECT DISTINCT c FROM sbtest3 WHERE id BETWEEN 6894304 AND 6894403 ORDER BY c
	Unique  (cost=385.78..386.28 rows=99 width=121)
	  ->  Sort  (cost=385.78..386.03 rows=99 width=121)
	        Sort Key: c
	        ->  Index Scan using sbtest3_pkey on sbtest3  (cost=0.43..382.50 rows=99 width=121)
	              Index Cond: ((id >= 6894304) AND (id <= 6894403))

table 4 : explain SELECT DISTINCT c FROM sbtest4 WHERE id BETWEEN 1270433 AND 1270532 ORDER BY c
	Unique  (cost=346.09..346.54 rows=89 width=121)
	  ->  Sort  (cost=346.09..346.32 rows=89 width=121)
	        Sort Key: c
	        ->  Index Scan using sbtest4_pkey on sbtest4  (cost=0.43..343.21 rows=89 width=121)
	              Index Cond: ((id >= 1270433) AND (id <= 1270532))

table 5 : explain SELECT DISTINCT c FROM sbtest5 WHERE id BETWEEN 3095123 AND 3095222 ORDER BY c
	Unique  (cost=405.89..406.41 rows=104 width=121)
	  ->  Sort  (cost=405.89..406.15 rows=104 width=121)
	        Sort Key: c
	        ->  Index Scan using sbtest5_pkey on sbtest5  (cost=0.43..402.40 rows=104 width=121)
	              Index Cond: ((id >= 3095123) AND (id <= 3095222))

table 6 : explain SELECT DISTINCT c FROM sbtest6 WHERE id BETWEEN 2356480 AND 2356579 ORDER BY c
	Unique  (cost=354.60..355.06 rows=91 width=121)
	  ->  Sort  (cost=354.60..354.83 rows=91 width=121)
	        Sort Key: c
	        ->  Index Scan using sbtest6_pkey on sbtest6  (cost=0.43..351.64 rows=91 width=121)
	              Index Cond: ((id >= 2356480) AND (id <= 2356579))

table 7 : explain SELECT DISTINCT c FROM sbtest7 WHERE id BETWEEN 3964239 AND 3964338 ORDER BY c
	Unique  (cost=370.78..371.25 rows=95 width=121)
	  ->  Sort  (cost=370.78..371.01 rows=95 width=121)
	        Sort Key: c
	        ->  Index Scan using sbtest7_pkey on sbtest7  (cost=0.43..367.66 rows=95 width=121)
	              Index Cond: ((id >= 3964239) AND (id <= 3964338))

table 8 : explain SELECT DISTINCT c FROM sbtest8 WHERE id BETWEEN 7861273 AND 7861372 ORDER BY c
	Unique  (cost=387.20..387.70 rows=100 width=121)
	  ->  Sort  (cost=387.20..387.45 rows=100 width=121)
	        Sort Key: c
	        ->  Index Scan using sbtest8_pkey on sbtest8  (cost=0.43..383.88 rows=100 width=121)
	              Index Cond: ((id >= 7861273) AND (id <= 7861372))

for inserts
table 1 : explain INSERT INTO sbtest1 (id, k, c, pad) VALUES (1490680, 13, 'foobar', 'foobar')
	Insert on sbtest1  (cost=0.00..0.01 rows=0 width=0)
	  ->  Result  (cost=0.00..0.01 rows=1 width=736)

table 2 : explain INSERT INTO sbtest2 (id, k, c, pad) VALUES (6024473, 13, 'foobar', 'foobar')
	Insert on sbtest2  (cost=0.00..0.01 rows=0 width=0)
	  ->  Result  (cost=0.00..0.01 rows=1 width=736)

table 3 : explain INSERT INTO sbtest3 (id, k, c, pad) VALUES (5370798, 13, 'foobar', 'foobar')
	Insert on sbtest3  (cost=0.00..0.01 rows=0 width=0)
	  ->  Result  (cost=0.00..0.01 rows=1 width=736)

table 4 : explain INSERT INTO sbtest4 (id, k, c, pad) VALUES (4284815, 13, 'foobar', 'foobar')
	Insert on sbtest4  (cost=0.00..0.01 rows=0 width=0)
	  ->  Result  (cost=0.00..0.01 rows=1 width=736)

table 5 : explain INSERT INTO sbtest5 (id, k, c, pad) VALUES (5408753, 13, 'foobar', 'foobar')
	Insert on sbtest5  (cost=0.00..0.01 rows=0 width=0)
	  ->  Result  (cost=0.00..0.01 rows=1 width=736)

table 6 : explain INSERT INTO sbtest6 (id, k, c, pad) VALUES (7061831, 13, 'foobar', 'foobar')
	Insert on sbtest6  (cost=0.00..0.01 rows=0 width=0)
	  ->  Result  (cost=0.00..0.01 rows=1 width=736)

table 7 : explain INSERT INTO sbtest7 (id, k, c, pad) VALUES (5411896, 13, 'foobar', 'foobar')
	Insert on sbtest7  (cost=0.00..0.01 rows=0 width=0)
	  ->  Result  (cost=0.00..0.01 rows=1 width=736)

table 8 : explain INSERT INTO sbtest8 (id, k, c, pad) VALUES (8438830, 13, 'foobar', 'foobar')
	Insert on sbtest8  (cost=0.00..0.01 rows=0 width=0)
	  ->  Result  (cost=0.00..0.01 rows=1 width=736)

explain: for inserts :: explain INSERT INTO sbtest%u (id, k, c, pad) VALUES (%u, 13, 'foobar', 'foobar')
for index_updates
table 1 : explain UPDATE sbtest1 SET k=k+1 WHERE id=5543018
	Update on sbtest1  (cost=0.43..8.46 rows=0 width=0)
	  ->  Index Scan using sbtest1_pkey on sbtest1  (cost=0.43..8.46 rows=1 width=10)
	        Index Cond: (id = 5543018)

table 2 : explain UPDATE sbtest2 SET k=k+1 WHERE id=9469333
	Update on sbtest2  (cost=0.43..8.46 rows=0 width=0)
	  ->  Index Scan using sbtest2_pkey on sbtest2  (cost=0.43..8.46 rows=1 width=10)
	        Index Cond: (id = 9469333)

table 3 : explain UPDATE sbtest3 SET k=k+1 WHERE id=8232182
	Update on sbtest3  (cost=0.43..8.46 rows=0 width=0)
	  ->  Index Scan using sbtest3_pkey on sbtest3  (cost=0.43..8.46 rows=1 width=10)
	        Index Cond: (id = 8232182)

table 4 : explain UPDATE sbtest4 SET k=k+1 WHERE id=6693192
	Update on sbtest4  (cost=0.43..8.46 rows=0 width=0)
	  ->  Index Scan using sbtest4_pkey on sbtest4  (cost=0.43..8.46 rows=1 width=10)
	        Index Cond: (id = 6693192)

table 5 : explain UPDATE sbtest5 SET k=k+1 WHERE id=7911057
	Update on sbtest5  (cost=0.43..8.46 rows=0 width=0)
	  ->  Index Scan using sbtest5_pkey on sbtest5  (cost=0.43..8.46 rows=1 width=10)
	        Index Cond: (id = 7911057)

table 6 : explain UPDATE sbtest6 SET k=k+1 WHERE id=4471211
	Update on sbtest6  (cost=0.43..8.46 rows=0 width=0)
	  ->  Index Scan using sbtest6_pkey on sbtest6  (cost=0.43..8.46 rows=1 width=10)
	        Index Cond: (id = 4471211)

table 7 : explain UPDATE sbtest7 SET k=k+1 WHERE id=7867633
	Update on sbtest7  (cost=0.43..8.46 rows=0 width=0)
	  ->  Index Scan using sbtest7_pkey on sbtest7  (cost=0.43..8.46 rows=1 width=10)
	        Index Cond: (id = 7867633)

table 8 : explain UPDATE sbtest8 SET k=k+1 WHERE id=3928277
	Update on sbtest8  (cost=0.43..8.46 rows=0 width=0)
	  ->  Index Scan using sbtest8_pkey on sbtest8  (cost=0.43..8.46 rows=1 width=10)
	        Index Cond: (id = 3928277)

for inserts
table 1 : explain INSERT INTO sbtest1 (id, k, c, pad) VALUES (6865082, 13, 'foobar', 'foobar')
	Insert on sbtest1  (cost=0.00..0.01 rows=0 width=0)
	  ->  Result  (cost=0.00..0.01 rows=1 width=736)

table 2 : explain INSERT INTO sbtest2 (id, k, c, pad) VALUES (4657561, 13, 'foobar', 'foobar')
	Insert on sbtest2  (cost=0.00..0.01 rows=0 width=0)
	  ->  Result  (cost=0.00..0.01 rows=1 width=736)

table 3 : explain INSERT INTO sbtest3 (id, k, c, pad) VALUES (5135329, 13, 'foobar', 'foobar')
	Insert on sbtest3  (cost=0.00..0.01 rows=0 width=0)
	  ->  Result  (cost=0.00..0.01 rows=1 width=736)

table 4 : explain INSERT INTO sbtest4 (id, k, c, pad) VALUES (971405, 13, 'foobar', 'foobar')
	Insert on sbtest4  (cost=0.00..0.01 rows=0 width=0)
	  ->  Result  (cost=0.00..0.01 rows=1 width=736)

table 5 : explain INSERT INTO sbtest5 (id, k, c, pad) VALUES (7012229, 13, 'foobar', 'foobar')
	Insert on sbtest5  (cost=0.00..0.01 rows=0 width=0)
	  ->  Result  (cost=0.00..0.01 rows=1 width=736)

table 6 : explain INSERT INTO sbtest6 (id, k, c, pad) VALUES (23329, 13, 'foobar', 'foobar')
	Insert on sbtest6  (cost=0.00..0.01 rows=0 width=0)
	  ->  Result  (cost=0.00..0.01 rows=1 width=736)

table 7 : explain INSERT INTO sbtest7 (id, k, c, pad) VALUES (3976932, 13, 'foobar', 'foobar')
	Insert on sbtest7  (cost=0.00..0.01 rows=0 width=0)
	  ->  Result  (cost=0.00..0.01 rows=1 width=736)

table 8 : explain INSERT INTO sbtest8 (id, k, c, pad) VALUES (5103571, 13, 'foobar', 'foobar')
	Insert on sbtest8  (cost=0.00..0.01 rows=0 width=0)
	  ->  Result  (cost=0.00..0.01 rows=1 width=736)

for non_index_updates
table 1 : explain UPDATE sbtest1 SET c='foobar' WHERE id=7012559
	Update on sbtest1  (cost=0.43..8.45 rows=0 width=0)
	  ->  Index Scan using sbtest1_pkey on sbtest1  (cost=0.43..8.45 rows=1 width=490)
	        Index Cond: (id = 7012559)

table 2 : explain UPDATE sbtest2 SET c='foobar' WHERE id=750554
	Update on sbtest2  (cost=0.43..8.45 rows=0 width=0)
	  ->  Index Scan using sbtest2_pkey on sbtest2  (cost=0.43..8.45 rows=1 width=490)
	        Index Cond: (id = 750554)

table 3 : explain UPDATE sbtest3 SET c='foobar' WHERE id=1183831
	Update on sbtest3  (cost=0.43..8.45 rows=0 width=0)
	  ->  Index Scan using sbtest3_pkey on sbtest3  (cost=0.43..8.45 rows=1 width=490)
	        Index Cond: (id = 1183831)

table 4 : explain UPDATE sbtest4 SET c='foobar' WHERE id=4157126
	Update on sbtest4  (cost=0.43..8.45 rows=0 width=0)
	  ->  Index Scan using sbtest4_pkey on sbtest4  (cost=0.43..8.45 rows=1 width=490)
	        Index Cond: (id = 4157126)

table 5 : explain UPDATE sbtest5 SET c='foobar' WHERE id=9912998
	Update on sbtest5  (cost=0.43..8.45 rows=0 width=0)
	  ->  Index Scan using sbtest5_pkey on sbtest5  (cost=0.43..8.45 rows=1 width=490)
	        Index Cond: (id = 9912998)

table 6 : explain UPDATE sbtest6 SET c='foobar' WHERE id=8579214
	Update on sbtest6  (cost=0.43..8.45 rows=0 width=0)
	  ->  Index Scan using sbtest6_pkey on sbtest6  (cost=0.43..8.45 rows=1 width=490)
	        Index Cond: (id = 8579214)

table 7 : explain UPDATE sbtest7 SET c='foobar' WHERE id=6718886
	Update on sbtest7  (cost=0.43..8.45 rows=0 width=0)
	  ->  Index Scan using sbtest7_pkey on sbtest7  (cost=0.43..8.45 rows=1 width=490)
	        Index Cond: (id = 6718886)

table 8 : explain UPDATE sbtest8 SET c='foobar' WHERE id=6750326
	Update on sbtest8  (cost=0.43..8.45 rows=0 width=0)
	  ->  Index Scan using sbtest8_pkey on sbtest8  (cost=0.43..8.45 rows=1 width=490)
	        Index Cond: (id = 6750326)

explain: for index_updates :: explain UPDATE sbtest%u SET k=k+1 WHERE id=%u
explain: for non_index_updates :: explain UPDATE sbtest%u SET c='foobar' WHERE id=%u
explain: for non_index_updates :: explain UPDATE sbtest%u SET c='foobar' WHERE id=%u
explain: for non_index_updates :: explain UPDATE sbtest%u SET c='foobar' WHERE id=%u
explain: for deletes :: explain DELETE FROM sbtest%u WHERE id=%u
for: sum_ranges
table 1 : explain SELECT SUM(k) FROM sbtest1 WHERE id BETWEEN 2427879 AND 2427978
	Aggregate  (cost=403.19..403.20 rows=1 width=8)
	  ->  Index Scan using sbtest1_pkey on sbtest1  (cost=0.43..402.93 rows=104 width=4)
	        Index Cond: ((id >= 2427879) AND (id <= 2427978))

table 2 : explain SELECT SUM(k) FROM sbtest2 WHERE id BETWEEN 5949184 AND 5949283
	Aggregate  (cost=383.35..383.36 rows=1 width=8)
	  ->  Index Scan using sbtest2_pkey on sbtest2  (cost=0.43..383.10 rows=99 width=4)
	        Index Cond: ((id >= 5949184) AND (id <= 5949283))

table 3 : explain SELECT SUM(k) FROM sbtest3 WHERE id BETWEEN 6536507 AND 6536606
	Aggregate  (cost=386.57..386.58 rows=1 width=8)
	  ->  Index Scan using sbtest3_pkey on sbtest3  (cost=0.43..386.32 rows=100 width=4)
	        Index Cond: ((id >= 6536507) AND (id <= 6536606))

table 4 : explain SELECT SUM(k) FROM sbtest4 WHERE id BETWEEN 6851345 AND 6851444
	Aggregate  (cost=370.13..370.14 rows=1 width=8)
	  ->  Index Scan using sbtest4_pkey on sbtest4  (cost=0.43..369.89 rows=96 width=4)
	        Index Cond: ((id >= 6851345) AND (id <= 6851444))

table 5 : explain SELECT SUM(k) FROM sbtest5 WHERE id BETWEEN 1293504 AND 1293603
	Aggregate  (cost=395.01..395.02 rows=1 width=8)
	  ->  Index Scan using sbtest5_pkey on sbtest5  (cost=0.43..394.76 rows=102 width=4)
	        Index Cond: ((id >= 1293504) AND (id <= 1293603))

table 6 : explain SELECT SUM(k) FROM sbtest6 WHERE id BETWEEN 2476619 AND 2476718
	Aggregate  (cost=416.77..416.78 rows=1 width=8)
	  ->  Index Scan using sbtest6_pkey on sbtest6  (cost=0.43..416.50 rows=108 width=4)
	        Index Cond: ((id >= 2476619) AND (id <= 2476718))

table 7 : explain SELECT SUM(k) FROM sbtest7 WHERE id BETWEEN 5605670 AND 5605769
	Aggregate  (cost=364.07..364.08 rows=1 width=8)
	  ->  Index Scan using sbtest7_pkey on sbtest7  (cost=0.43..363.84 rows=94 width=4)
	        Index Cond: ((id >= 5605670) AND (id <= 5605769))

table 8 : explain SELECT SUM(k) FROM sbtest8 WHERE id BETWEEN 1667579 AND 1667678
	Aggregate  (cost=399.30..399.31 rows=1 width=8)
	  ->  Index Scan using sbtest8_pkey on sbtest8  (cost=0.43..399.04 rows=104 width=4)
	        Index Cond: ((id >= 1667579) AND (id <= 1667678))

for non_index_updates
table 1 : explain UPDATE sbtest1 SET c='foobar' WHERE id=8122201
	Update on sbtest1  (cost=0.43..8.45 rows=0 width=0)
	  ->  Index Scan using sbtest1_pkey on sbtest1  (cost=0.43..8.45 rows=1 width=490)
	        Index Cond: (id = 8122201)

table 2 : explain UPDATE sbtest2 SET c='foobar' WHERE id=3959845
	Update on sbtest2  (cost=0.43..8.45 rows=0 width=0)
	  ->  Index Scan using sbtest2_pkey on sbtest2  (cost=0.43..8.45 rows=1 width=490)
	        Index Cond: (id = 3959845)

table 3 : explain UPDATE sbtest3 SET c='foobar' WHERE id=9836177
	Update on sbtest3  (cost=0.43..8.45 rows=0 width=0)
	  ->  Index Scan using sbtest3_pkey on sbtest3  (cost=0.43..8.45 rows=1 width=490)
	        Index Cond: (id = 9836177)

table 4 : explain UPDATE sbtest4 SET c='foobar' WHERE id=9501853
	Update on sbtest4  (cost=0.43..8.45 rows=0 width=0)
	  ->  Index Scan using sbtest4_pkey on sbtest4  (cost=0.43..8.45 rows=1 width=490)
	        Index Cond: (id = 9501853)

table 5 : explain UPDATE sbtest5 SET c='foobar' WHERE id=3331516
	Update on sbtest5  (cost=0.43..8.45 rows=0 width=0)
	  ->  Index Scan using sbtest5_pkey on sbtest5  (cost=0.43..8.45 rows=1 width=490)
	        Index Cond: (id = 3331516)

table 6 : explain UPDATE sbtest6 SET c='foobar' WHERE id=1850240
	Update on sbtest6  (cost=0.43..8.45 rows=0 width=0)
	  ->  Index Scan using sbtest6_pkey on sbtest6  (cost=0.43..8.45 rows=1 width=490)
	        Index Cond: (id = 1850240)

table 7 : explain UPDATE sbtest7 SET c='foobar' WHERE id=750592
	Update on sbtest7  (cost=0.43..8.45 rows=0 width=0)
	  ->  Index Scan using sbtest7_pkey on sbtest7  (cost=0.43..8.45 rows=1 width=490)
	        Index Cond: (id = 750592)

table 8 : explain UPDATE sbtest8 SET c='foobar' WHERE id=6346200
	Update on sbtest8  (cost=0.43..8.45 rows=0 width=0)
	  ->  Index Scan using sbtest8_pkey on sbtest8  (cost=0.43..8.45 rows=1 width=490)
	        Index Cond: (id = 6346200)

for index_updates
table 1 : explain UPDATE sbtest1 SET k=k+1 WHERE id=1303070
	Update on sbtest1  (cost=0.43..8.46 rows=0 width=0)
	  ->  Index Scan using sbtest1_pkey on sbtest1  (cost=0.43..8.46 rows=1 width=10)
	        Index Cond: (id = 1303070)

table 2 : explain UPDATE sbtest2 SET k=k+1 WHERE id=1783802
	Update on sbtest2  (cost=0.43..8.46 rows=0 width=0)
	  ->  Index Scan using sbtest2_pkey on sbtest2  (cost=0.43..8.46 rows=1 width=10)
	        Index Cond: (id = 1783802)

table 3 : explain UPDATE sbtest3 SET k=k+1 WHERE id=6398076
	Update on sbtest3  (cost=0.43..8.46 rows=0 width=0)
	  ->  Index Scan using sbtest3_pkey on sbtest3  (cost=0.43..8.46 rows=1 width=10)
	        Index Cond: (id = 6398076)

table 4 : explain UPDATE sbtest4 SET k=k+1 WHERE id=954859
	Update on sbtest4  (cost=0.43..8.46 rows=0 width=0)
	  ->  Index Scan using sbtest4_pkey on sbtest4  (cost=0.43..8.46 rows=1 width=10)
	        Index Cond: (id = 954859)

table 5 : explain UPDATE sbtest5 SET k=k+1 WHERE id=4185573
	Update on sbtest5  (cost=0.43..8.46 rows=0 width=0)
	  ->  Index Scan using sbtest5_pkey on sbtest5  (cost=0.43..8.46 rows=1 width=10)
	        Index Cond: (id = 4185573)

table 6 : explain UPDATE sbtest6 SET k=k+1 WHERE id=7966267
	Update on sbtest6  (cost=0.43..8.46 rows=0 width=0)
	  ->  Index Scan using sbtest6_pkey on sbtest6  (cost=0.43..8.46 rows=1 width=10)
	        Index Cond: (id = 7966267)

table 7 : explain UPDATE sbtest7 SET k=k+1 WHERE id=1260216
	Update on sbtest7  (cost=0.43..8.46 rows=0 width=0)
	  ->  Index Scan using sbtest7_pkey on sbtest7  (cost=0.43..8.46 rows=1 width=10)
	        Index Cond: (id = 1260216)

table 8 : explain UPDATE sbtest8 SET k=k+1 WHERE id=526784
	Update on sbtest8  (cost=0.43..8.46 rows=0 width=0)
	  ->  Index Scan using sbtest8_pkey on sbtest8  (cost=0.43..8.46 rows=1 width=10)
	        Index Cond: (id = 526784)

for non_index_updates
table 1 : explain UPDATE sbtest1 SET c='foobar' WHERE id=6530573
	Update on sbtest1  (cost=0.43..8.45 rows=0 width=0)
	  ->  Index Scan using sbtest1_pkey on sbtest1  (cost=0.43..8.45 rows=1 width=490)
	        Index Cond: (id = 6530573)

table 2 : explain UPDATE sbtest2 SET c='foobar' WHERE id=8503903
	Update on sbtest2  (cost=0.43..8.45 rows=0 width=0)
	  ->  Index Scan using sbtest2_pkey on sbtest2  (cost=0.43..8.45 rows=1 width=490)
	        Index Cond: (id = 8503903)

table 3 : explain UPDATE sbtest3 SET c='foobar' WHERE id=9722672
	Update on sbtest3  (cost=0.43..8.45 rows=0 width=0)
	  ->  Index Scan using sbtest3_pkey on sbtest3  (cost=0.43..8.45 rows=1 width=490)
	        Index Cond: (id = 9722672)

table 4 : explain UPDATE sbtest4 SET c='foobar' WHERE id=218004
	Update on sbtest4  (cost=0.43..8.45 rows=0 width=0)
	  ->  Index Scan using sbtest4_pkey on sbtest4  (cost=0.43..8.45 rows=1 width=490)
	        Index Cond: (id = 218004)

table 5 : explain UPDATE sbtest5 SET c='foobar' WHERE id=9430287
	Update on sbtest5  (cost=0.43..8.45 rows=0 width=0)
	  ->  Index Scan using sbtest5_pkey on sbtest5  (cost=0.43..8.45 rows=1 width=490)
	        Index Cond: (id = 9430287)

table 6 : explain UPDATE sbtest6 SET c='foobar' WHERE id=4125727
	Update on sbtest6  (cost=0.43..8.45 rows=0 width=0)
	  ->  Index Scan using sbtest6_pkey on sbtest6  (cost=0.43..8.45 rows=1 width=490)
	        Index Cond: (id = 4125727)

table 7 : explain UPDATE sbtest7 SET c='foobar' WHERE id=4741876
	Update on sbtest7  (cost=0.43..8.45 rows=0 width=0)
	  ->  Index Scan using sbtest7_pkey on sbtest7  (cost=0.43..8.45 rows=1 width=490)
	        Index Cond: (id = 4741876)

table 8 : explain UPDATE sbtest8 SET c='foobar' WHERE id=6816483
	Update on sbtest8  (cost=0.43..8.45 rows=0 width=0)
	  ->  Index Scan using sbtest8_pkey on sbtest8  (cost=0.43..8.45 rows=1 width=490)
	        Index Cond: (id = 6816483)

for non_index_updates
table 1 : explain UPDATE sbtest1 SET c='foobar' WHERE id=7254043
	Update on sbtest1  (cost=0.43..8.45 rows=0 width=0)
	  ->  Index Scan using sbtest1_pkey on sbtest1  (cost=0.43..8.45 rows=1 width=490)
	        Index Cond: (id = 7254043)

table 2 : explain UPDATE sbtest2 SET c='foobar' WHERE id=5660063
	Update on sbtest2  (cost=0.43..8.45 rows=0 width=0)
	  ->  Index Scan using sbtest2_pkey on sbtest2  (cost=0.43..8.45 rows=1 width=490)
	        Index Cond: (id = 5660063)

table 3 : explain UPDATE sbtest3 SET c='foobar' WHERE id=7253632
	Update on sbtest3  (cost=0.43..8.45 rows=0 width=0)
	  ->  Index Scan using sbtest3_pkey on sbtest3  (cost=0.43..8.45 rows=1 width=490)
	        Index Cond: (id = 7253632)

table 4 : explain UPDATE sbtest4 SET c='foobar' WHERE id=5496942
	Update on sbtest4  (cost=0.43..8.45 rows=0 width=0)
	  ->  Index Scan using sbtest4_pkey on sbtest4  (cost=0.43..8.45 rows=1 width=490)
	        Index Cond: (id = 5496942)

table 5 : explain UPDATE sbtest5 SET c='foobar' WHERE id=1539623
	Update on sbtest5  (cost=0.43..8.45 rows=0 width=0)
	  ->  Index Scan using sbtest5_pkey on sbtest5  (cost=0.43..8.45 rows=1 width=490)
	        Index Cond: (id = 1539623)

table 6 : explain UPDATE sbtest6 SET c='foobar' WHERE id=1584847
	Update on sbtest6  (cost=0.43..8.45 rows=0 width=0)
	  ->  Index Scan using sbtest6_pkey on sbtest6  (cost=0.43..8.45 rows=1 width=490)
	        Index Cond: (id = 1584847)

table 7 : explain UPDATE sbtest7 SET c='foobar' WHERE id=1900774
	Update on sbtest7  (cost=0.43..8.45 rows=0 width=0)
	  ->  Index Scan using sbtest7_pkey on sbtest7  (cost=0.43..8.45 rows=1 width=490)
	        Index Cond: (id = 1900774)

table 8 : explain UPDATE sbtest8 SET c='foobar' WHERE id=3639912
	Update on sbtest8  (cost=0.43..8.45 rows=0 width=0)
	  ->  Index Scan using sbtest8_pkey on sbtest8  (cost=0.43..8.45 rows=1 width=490)
	        Index Cond: (id = 3639912)

for deletes
table 1 : explain DELETE FROM sbtest1 WHERE id=1947873
	Delete on sbtest1  (cost=0.43..8.45 rows=0 width=0)
	  ->  Index Scan using sbtest1_pkey on sbtest1  (cost=0.43..8.45 rows=1 width=6)
	        Index Cond: (id = 1947873)

table 2 : explain DELETE FROM sbtest2 WHERE id=604615
	Delete on sbtest2  (cost=0.43..8.45 rows=0 width=0)
	  ->  Index Scan using sbtest2_pkey on sbtest2  (cost=0.43..8.45 rows=1 width=6)
	        Index Cond: (id = 604615)

table 3 : explain DELETE FROM sbtest3 WHERE id=5881642
	Delete on sbtest3  (cost=0.43..8.45 rows=0 width=0)
	  ->  Index Scan using sbtest3_pkey on sbtest3  (cost=0.43..8.45 rows=1 width=6)
	        Index Cond: (id = 5881642)

table 4 : explain DELETE FROM sbtest4 WHERE id=1536392
	Delete on sbtest4  (cost=0.43..8.45 rows=0 width=0)
	  ->  Index Scan using sbtest4_pkey on sbtest4  (cost=0.43..8.45 rows=1 width=6)
	        Index Cond: (id = 1536392)

table 5 : explain DELETE FROM sbtest5 WHERE id=2567509
	Delete on sbtest5  (cost=0.43..8.45 rows=0 width=0)
	  ->  Index Scan using sbtest5_pkey on sbtest5  (cost=0.43..8.45 rows=1 width=6)
	        Index Cond: (id = 2567509)

table 6 : explain DELETE FROM sbtest6 WHERE id=7992948
	Delete on sbtest6  (cost=0.43..8.45 rows=0 width=0)
	  ->  Index Scan using sbtest6_pkey on sbtest6  (cost=0.43..8.45 rows=1 width=6)
	        Index Cond: (id = 7992948)

table 7 : explain DELETE FROM sbtest7 WHERE id=9450378
	Delete on sbtest7  (cost=0.43..8.45 rows=0 width=0)
	  ->  Index Scan using sbtest7_pkey on sbtest7  (cost=0.43..8.45 rows=1 width=6)
	        Index Cond: (id = 9450378)

table 8 : explain DELETE FROM sbtest8 WHERE id=3337030
	Delete on sbtest8  (cost=0.43..8.45 rows=0 width=0)
	  ->  Index Scan using sbtest8_pkey on sbtest8  (cost=0.43..8.45 rows=1 width=6)
	        Index Cond: (id = 3337030)

for deletes
table 1 : explain DELETE FROM sbtest1 WHERE id=3332408
	Delete on sbtest1  (cost=0.43..8.45 rows=0 width=0)
	  ->  Index Scan using sbtest1_pkey on sbtest1  (cost=0.43..8.45 rows=1 width=6)
	        Index Cond: (id = 3332408)

table 2 : explain DELETE FROM sbtest2 WHERE id=2946575
	Delete on sbtest2  (cost=0.43..8.45 rows=0 width=0)
	  ->  Index Scan using sbtest2_pkey on sbtest2  (cost=0.43..8.45 rows=1 width=6)
	        Index Cond: (id = 2946575)

table 3 : explain DELETE FROM sbtest3 WHERE id=1504492
	Delete on sbtest3  (cost=0.43..8.45 rows=0 width=0)
	  ->  Index Scan using sbtest3_pkey on sbtest3  (cost=0.43..8.45 rows=1 width=6)
	        Index Cond: (id = 1504492)

table 4 : explain DELETE FROM sbtest4 WHERE id=220833
	Delete on sbtest4  (cost=0.43..8.45 rows=0 width=0)
	  ->  Index Scan using sbtest4_pkey on sbtest4  (cost=0.43..8.45 rows=1 width=6)
	        Index Cond: (id = 220833)

table 5 : explain DELETE FROM sbtest5 WHERE id=8158460
	Delete on sbtest5  (cost=0.43..8.45 rows=0 width=0)
	  ->  Index Scan using sbtest5_pkey on sbtest5  (cost=0.43..8.45 rows=1 width=6)
	        Index Cond: (id = 8158460)

table 6 : explain DELETE FROM sbtest6 WHERE id=2249328
	Delete on sbtest6  (cost=0.43..8.45 rows=0 width=0)
	  ->  Index Scan using sbtest6_pkey on sbtest6  (cost=0.43..8.45 rows=1 width=6)
	        Index Cond: (id = 2249328)

table 7 : explain DELETE FROM sbtest7 WHERE id=9633636
	Delete on sbtest7  (cost=0.43..8.45 rows=0 width=0)
	  ->  Index Scan using sbtest7_pkey on sbtest7  (cost=0.43..8.45 rows=1 width=6)
	        Index Cond: (id = 9633636)

table 8 : explain DELETE FROM sbtest8 WHERE id=4234086
	Delete on sbtest8  (cost=0.43..8.45 rows=0 width=0)
	  ->  Index Scan using sbtest8_pkey on sbtest8  (cost=0.43..8.45 rows=1 width=6)
	        Index Cond: (id = 4234086)

explain: for deletes :: explain DELETE FROM sbtest%u WHERE id=%u
explain: for non_index_updates :: explain UPDATE sbtest%u SET c='foobar' WHERE id=%u
explain: for deletes :: explain DELETE FROM sbtest%u WHERE id=%u
for non_index_updates
table 1 : explain UPDATE sbtest1 SET c='foobar' WHERE id=6342585
	Update on sbtest1  (cost=0.43..8.45 rows=0 width=0)
	  ->  Index Scan using sbtest1_pkey on sbtest1  (cost=0.43..8.45 rows=1 width=490)
	        Index Cond: (id = 6342585)

table 2 : explain UPDATE sbtest2 SET c='foobar' WHERE id=649230
	Update on sbtest2  (cost=0.43..8.45 rows=0 width=0)
	  ->  Index Scan using sbtest2_pkey on sbtest2  (cost=0.43..8.45 rows=1 width=490)
	        Index Cond: (id = 649230)

table 3 : explain UPDATE sbtest3 SET c='foobar' WHERE id=8401760
	Update on sbtest3  (cost=0.43..8.45 rows=0 width=0)
	  ->  Index Scan using sbtest3_pkey on sbtest3  (cost=0.43..8.45 rows=1 width=490)
	        Index Cond: (id = 8401760)

table 4 : explain UPDATE sbtest4 SET c='foobar' WHERE id=477997
	Update on sbtest4  (cost=0.43..8.45 rows=0 width=0)
	  ->  Index Scan using sbtest4_pkey on sbtest4  (cost=0.43..8.45 rows=1 width=490)
	        Index Cond: (id = 477997)

table 5 : explain UPDATE sbtest5 SET c='foobar' WHERE id=8617241
	Update on sbtest5  (cost=0.43..8.45 rows=0 width=0)
	  ->  Index Scan using sbtest5_pkey on sbtest5  (cost=0.43..8.45 rows=1 width=490)
	        Index Cond: (id = 8617241)

table 6 : explain UPDATE sbtest6 SET c='foobar' WHERE id=8391495
	Update on sbtest6  (cost=0.43..8.45 rows=0 width=0)
	  ->  Index Scan using sbtest6_pkey on sbtest6  (cost=0.43..8.45 rows=1 width=490)
	        Index Cond: (id = 8391495)

table 7 : explain UPDATE sbtest7 SET c='foobar' WHERE id=9283474
	Update on sbtest7  (cost=0.43..8.45 rows=0 width=0)
	  ->  Index Scan using sbtest7_pkey on sbtest7  (cost=0.43..8.45 rows=1 width=490)
	        Index Cond: (id = 9283474)

table 8 : explain UPDATE sbtest8 SET c='foobar' WHERE id=4707361
	Update on sbtest8  (cost=0.43..8.45 rows=0 width=0)
	  ->  Index Scan using sbtest8_pkey on sbtest8  (cost=0.43..8.45 rows=1 width=490)
	        Index Cond: (id = 4707361)

explain: for deletes :: explain DELETE FROM sbtest%u WHERE id=%u
explain: for inserts :: explain INSERT INTO sbtest%u (id, k, c, pad) VALUES (%u, 13, 'foobar', 'foobar')
explain: for deletes :: explain DELETE FROM sbtest%u WHERE id=%u
for deletes
table 1 : explain DELETE FROM sbtest1 WHERE id=9208586
	Delete on sbtest1  (cost=0.43..8.45 rows=0 width=0)
	  ->  Index Scan using sbtest1_pkey on sbtest1  (cost=0.43..8.45 rows=1 width=6)
	        Index Cond: (id = 9208586)

table 2 : explain DELETE FROM sbtest2 WHERE id=6893482
	Delete on sbtest2  (cost=0.43..8.45 rows=0 width=0)
	  ->  Index Scan using sbtest2_pkey on sbtest2  (cost=0.43..8.45 rows=1 width=6)
	        Index Cond: (id = 6893482)

table 3 : explain DELETE FROM sbtest3 WHERE id=4304479
	Delete on sbtest3  (cost=0.43..8.45 rows=0 width=0)
	  ->  Index Scan using sbtest3_pkey on sbtest3  (cost=0.43..8.45 rows=1 width=6)
	        Index Cond: (id = 4304479)

table 4 : explain DELETE FROM sbtest4 WHERE id=3832033
	Delete on sbtest4  (cost=0.43..8.45 rows=0 width=0)
	  ->  Index Scan using sbtest4_pkey on sbtest4  (cost=0.43..8.45 rows=1 width=6)
	        Index Cond: (id = 3832033)

table 5 : explain DELETE FROM sbtest5 WHERE id=733308
	Delete on sbtest5  (cost=0.43..8.45 rows=0 width=0)
	  ->  Index Scan using sbtest5_pkey on sbtest5  (cost=0.43..8.45 rows=1 width=6)
	        Index Cond: (id = 733308)

table 6 : explain DELETE FROM sbtest6 WHERE id=3828507
	Delete on sbtest6  (cost=0.43..8.45 rows=0 width=0)
	  ->  Index Scan using sbtest6_pkey on sbtest6  (cost=0.43..8.45 rows=1 width=6)
	        Index Cond: (id = 3828507)

table 7 : explain DELETE FROM sbtest7 WHERE id=8362417
	Delete on sbtest7  (cost=0.43..8.45 rows=0 width=0)
	  ->  Index Scan using sbtest7_pkey on sbtest7  (cost=0.43..8.45 rows=1 width=6)
	        Index Cond: (id = 8362417)

table 8 : explain DELETE FROM sbtest8 WHERE id=1332201
	Delete on sbtest8  (cost=0.43..8.45 rows=0 width=0)
	  ->  Index Scan using sbtest8_pkey on sbtest8  (cost=0.43..8.45 rows=1 width=6)
	        Index Cond: (id = 1332201)

for deletes
table 1 : explain DELETE FROM sbtest1 WHERE id=6426719
	Delete on sbtest1  (cost=0.43..8.45 rows=0 width=0)
	  ->  Index Scan using sbtest1_pkey on sbtest1  (cost=0.43..8.45 rows=1 width=6)
	        Index Cond: (id = 6426719)

table 2 : explain DELETE FROM sbtest2 WHERE id=7292687
	Delete on sbtest2  (cost=0.43..8.45 rows=0 width=0)
	  ->  Index Scan using sbtest2_pkey on sbtest2  (cost=0.43..8.45 rows=1 width=6)
	        Index Cond: (id = 7292687)

table 3 : explain DELETE FROM sbtest3 WHERE id=5471751
	Delete on sbtest3  (cost=0.43..8.45 rows=0 width=0)
	  ->  Index Scan using sbtest3_pkey on sbtest3  (cost=0.43..8.45 rows=1 width=6)
	        Index Cond: (id = 5471751)

table 4 : explain DELETE FROM sbtest4 WHERE id=2596507
	Delete on sbtest4  (cost=0.43..8.45 rows=0 width=0)
	  ->  Index Scan using sbtest4_pkey on sbtest4  (cost=0.43..8.45 rows=1 width=6)
	        Index Cond: (id = 2596507)

table 5 : explain DELETE FROM sbtest5 WHERE id=6610833
	Delete on sbtest5  (cost=0.43..8.45 rows=0 width=0)
	  ->  Index Scan using sbtest5_pkey on sbtest5  (cost=0.43..8.45 rows=1 width=6)
	        Index Cond: (id = 6610833)

table 6 : explain DELETE FROM sbtest6 WHERE id=2293740
	Delete on sbtest6  (cost=0.43..8.45 rows=0 width=0)
	  ->  Index Scan using sbtest6_pkey on sbtest6  (cost=0.43..8.45 rows=1 width=6)
	        Index Cond: (id = 2293740)

table 7 : explain DELETE FROM sbtest7 WHERE id=9325996
	Delete on sbtest7  (cost=0.43..8.45 rows=0 width=0)
	  ->  Index Scan using sbtest7_pkey on sbtest7  (cost=0.43..8.45 rows=1 width=6)
	        Index Cond: (id = 9325996)

table 8 : explain DELETE FROM sbtest8 WHERE id=3789076
	Delete on sbtest8  (cost=0.43..8.45 rows=0 width=0)
	  ->  Index Scan using sbtest8_pkey on sbtest8  (cost=0.43..8.45 rows=1 width=6)
	        Index Cond: (id = 3789076)

for non_index_updates
table 1 : explain UPDATE sbtest1 SET c='foobar' WHERE id=5142846
	Update on sbtest1  (cost=0.43..8.45 rows=0 width=0)
	  ->  Index Scan using sbtest1_pkey on sbtest1  (cost=0.43..8.45 rows=1 width=490)
	        Index Cond: (id = 5142846)

table 2 : explain UPDATE sbtest2 SET c='foobar' WHERE id=5025985
	Update on sbtest2  (cost=0.43..8.45 rows=0 width=0)
	  ->  Index Scan using sbtest2_pkey on sbtest2  (cost=0.43..8.45 rows=1 width=490)
	        Index Cond: (id = 5025985)

table 3 : explain UPDATE sbtest3 SET c='foobar' WHERE id=3549029
	Update on sbtest3  (cost=0.43..8.45 rows=0 width=0)
	  ->  Index Scan using sbtest3_pkey on sbtest3  (cost=0.43..8.45 rows=1 width=490)
	        Index Cond: (id = 3549029)

table 4 : explain UPDATE sbtest4 SET c='foobar' WHERE id=7837417
	Update on sbtest4  (cost=0.43..8.45 rows=0 width=0)
	  ->  Index Scan using sbtest4_pkey on sbtest4  (cost=0.43..8.45 rows=1 width=490)
	        Index Cond: (id = 7837417)

table 5 : explain UPDATE sbtest5 SET c='foobar' WHERE id=4390180
	Update on sbtest5  (cost=0.43..8.45 rows=0 width=0)
	  ->  Index Scan using sbtest5_pkey on sbtest5  (cost=0.43..8.45 rows=1 width=490)
	        Index Cond: (id = 4390180)

table 6 : explain UPDATE sbtest6 SET c='foobar' WHERE id=3204091
	Update on sbtest6  (cost=0.43..8.45 rows=0 width=0)
	  ->  Index Scan using sbtest6_pkey on sbtest6  (cost=0.43..8.45 rows=1 width=490)
	        Index Cond: (id = 3204091)

table 7 : explain UPDATE sbtest7 SET c='foobar' WHERE id=9910338
	Update on sbtest7  (cost=0.43..8.45 rows=0 width=0)
	  ->  Index Scan using sbtest7_pkey on sbtest7  (cost=0.43..8.45 rows=1 width=490)
	        Index Cond: (id = 9910338)

table 8 : explain UPDATE sbtest8 SET c='foobar' WHERE id=4389878
	Update on sbtest8  (cost=0.43..8.45 rows=0 width=0)
	  ->  Index Scan using sbtest8_pkey on sbtest8  (cost=0.43..8.45 rows=1 width=490)
	        Index Cond: (id = 4389878)

for: order_ranges
table 1 : explain SELECT c FROM sbtest1 WHERE id BETWEEN 6463891 AND 6463990 ORDER BY c
	Sort  (cost=379.28..379.52 rows=97 width=121)
	  Sort Key: c
	  ->  Index Scan using sbtest1_pkey on sbtest1  (cost=0.43..376.08 rows=97 width=121)
	        Index Cond: ((id >= 6463891) AND (id <= 6463990))

table 2 : explain SELECT c FROM sbtest2 WHERE id BETWEEN 2306720 AND 2306819 ORDER BY c
	Sort  (cost=386.38..386.63 rows=99 width=121)
	  Sort Key: c
	  ->  Index Scan using sbtest2_pkey on sbtest2  (cost=0.43..383.10 rows=99 width=121)
	        Index Cond: ((id >= 2306720) AND (id <= 2306819))

table 3 : explain SELECT c FROM sbtest3 WHERE id BETWEEN 1054762 AND 1054861 ORDER BY c
	Sort  (cost=405.06..405.32 rows=104 width=121)
	  Sort Key: c
	  ->  Index Scan using sbtest3_pkey on sbtest3  (cost=0.43..401.58 rows=104 width=121)
	        Index Cond: ((id >= 1054762) AND (id <= 1054861))

table 4 : explain SELECT c FROM sbtest4 WHERE id BETWEEN 6697376 AND 6697475 ORDER BY c
	Sort  (cost=376.89..377.13 rows=97 width=121)
	  Sort Key: c
	  ->  Index Scan using sbtest4_pkey on sbtest4  (cost=0.43..373.69 rows=97 width=121)
	        Index Cond: ((id >= 6697376) AND (id <= 6697475))

table 5 : explain SELECT c FROM sbtest5 WHERE id BETWEEN 1028873 AND 1028972 ORDER BY c
	Sort  (cost=402.02..402.28 rows=103 width=121)
	  Sort Key: c
	  ->  Index Scan using sbtest5_pkey on sbtest5  (cost=0.43..398.58 rows=103 width=121)
	        Index Cond: ((id >= 1028873) AND (id <= 1028972))

table 6 : explain SELECT c FROM sbtest6 WHERE id BETWEEN 8181147 AND 8181246 ORDER BY c
	Sort  (cost=362.36..362.59 rows=93 width=121)
	  Sort Key: c
	  ->  Index Scan using sbtest6_pkey on sbtest6  (cost=0.43..359.32 rows=93 width=121)
	        Index Cond: ((id >= 8181147) AND (id <= 8181246))

table 7 : explain SELECT c FROM sbtest7 WHERE id BETWEEN 884648 AND 884747 ORDER BY c
	Sort  (cost=351.48..351.70 rows=90 width=121)
	  Sort Key: c
	  ->  Index Scan using sbtest7_pkey on sbtest7  (cost=0.43..348.56 rows=90 width=121)
	        Index Cond: ((id >= 884648) AND (id <= 884747))

table 8 : explain SELECT c FROM sbtest8 WHERE id BETWEEN 2667271 AND 2667370 ORDER BY c
	Sort  (cost=394.86..395.12 rows=102 width=121)
	  Sort Key: c
	  ->  Index Scan using sbtest8_pkey on sbtest8  (cost=0.43..391.46 rows=102 width=121)
	        Index Cond: ((id >= 2667271) AND (id <= 2667370))

explain: for inserts :: explain INSERT INTO sbtest%u (id, k, c, pad) VALUES (%u, 13, 'foobar', 'foobar')
for inserts
table 1 : explain INSERT INTO sbtest1 (id, k, c, pad) VALUES (1815056, 13, 'foobar', 'foobar')
	Insert on sbtest1  (cost=0.00..0.01 rows=0 width=0)
	  ->  Result  (cost=0.00..0.01 rows=1 width=736)

table 2 : explain INSERT INTO sbtest2 (id, k, c, pad) VALUES (4692813, 13, 'foobar', 'foobar')
	Insert on sbtest2  (cost=0.00..0.01 rows=0 width=0)
	  ->  Result  (cost=0.00..0.01 rows=1 width=736)

table 3 : explain INSERT INTO sbtest3 (id, k, c, pad) VALUES (8926717, 13, 'foobar', 'foobar')
	Insert on sbtest3  (cost=0.00..0.01 rows=0 width=0)
	  ->  Result  (cost=0.00..0.01 rows=1 width=736)

table 4 : explain INSERT INTO sbtest4 (id, k, c, pad) VALUES (269810, 13, 'foobar', 'foobar')
	Insert on sbtest4  (cost=0.00..0.01 rows=0 width=0)
	  ->  Result  (cost=0.00..0.01 rows=1 width=736)

table 5 : explain INSERT INTO sbtest5 (id, k, c, pad) VALUES (7020818, 13, 'foobar', 'foobar')
	Insert on sbtest5  (cost=0.00..0.01 rows=0 width=0)
	  ->  Result  (cost=0.00..0.01 rows=1 width=736)

table 6 : explain INSERT INTO sbtest6 (id, k, c, pad) VALUES (1435699, 13, 'foobar', 'foobar')
	Insert on sbtest6  (cost=0.00..0.01 rows=0 width=0)
	  ->  Result  (cost=0.00..0.01 rows=1 width=736)

table 7 : explain INSERT INTO sbtest7 (id, k, c, pad) VALUES (7400960, 13, 'foobar', 'foobar')
	Insert on sbtest7  (cost=0.00..0.01 rows=0 width=0)
	  ->  Result  (cost=0.00..0.01 rows=1 width=736)

table 8 : explain INSERT INTO sbtest8 (id, k, c, pad) VALUES (472015, 13, 'foobar', 'foobar')
	Insert on sbtest8  (cost=0.00..0.01 rows=0 width=0)
	  ->  Result  (cost=0.00..0.01 rows=1 width=736)

explain: for deletes :: explain DELETE FROM sbtest%u WHERE id=%u
for deletes
table 1 : explain DELETE FROM sbtest1 WHERE id=4297878
	Delete on sbtest1  (cost=0.43..8.45 rows=0 width=0)
	  ->  Index Scan using sbtest1_pkey on sbtest1  (cost=0.43..8.45 rows=1 width=6)
	        Index Cond: (id = 4297878)

table 2 : explain DELETE FROM sbtest2 WHERE id=123010
	Delete on sbtest2  (cost=0.43..8.45 rows=0 width=0)
	  ->  Index Scan using sbtest2_pkey on sbtest2  (cost=0.43..8.45 rows=1 width=6)
	        Index Cond: (id = 123010)

table 3 : explain DELETE FROM sbtest3 WHERE id=1231622
	Delete on sbtest3  (cost=0.43..8.45 rows=0 width=0)
	  ->  Index Scan using sbtest3_pkey on sbtest3  (cost=0.43..8.45 rows=1 width=6)
	        Index Cond: (id = 1231622)

table 4 : explain DELETE FROM sbtest4 WHERE id=1402471
	Delete on sbtest4  (cost=0.43..8.45 rows=0 width=0)
	  ->  Index Scan using sbtest4_pkey on sbtest4  (cost=0.43..8.45 rows=1 width=6)
	        Index Cond: (id = 1402471)

table 5 : explain DELETE FROM sbtest5 WHERE id=9855740
	Delete on sbtest5  (cost=0.43..8.45 rows=0 width=0)
	  ->  Index Scan using sbtest5_pkey on sbtest5  (cost=0.43..8.45 rows=1 width=6)
	        Index Cond: (id = 9855740)

table 6 : explain DELETE FROM sbtest6 WHERE id=4892876
	Delete on sbtest6  (cost=0.43..8.45 rows=0 width=0)
	  ->  Index Scan using sbtest6_pkey on sbtest6  (cost=0.43..8.45 rows=1 width=6)
	        Index Cond: (id = 4892876)

table 7 : explain DELETE FROM sbtest7 WHERE id=7317752
	Delete on sbtest7  (cost=0.43..8.45 rows=0 width=0)
	  ->  Index Scan using sbtest7_pkey on sbtest7  (cost=0.43..8.45 rows=1 width=6)
	        Index Cond: (id = 7317752)

table 8 : explain DELETE FROM sbtest8 WHERE id=3323641
	Delete on sbtest8  (cost=0.43..8.45 rows=0 width=0)
	  ->  Index Scan using sbtest8_pkey on sbtest8  (cost=0.43..8.45 rows=1 width=6)
	        Index Cond: (id = 3323641)

explain: for inserts :: explain INSERT INTO sbtest%u (id, k, c, pad) VALUES (%u, 13, 'foobar', 'foobar')
explain: for inserts :: explain INSERT INTO sbtest%u (id, k, c, pad) VALUES (%u, 13, 'foobar', 'foobar')
for inserts
table 1 : explain INSERT INTO sbtest1 (id, k, c, pad) VALUES (9026288, 13, 'foobar', 'foobar')
	Insert on sbtest1  (cost=0.00..0.01 rows=0 width=0)
	  ->  Result  (cost=0.00..0.01 rows=1 width=736)

table 2 : explain INSERT INTO sbtest2 (id, k, c, pad) VALUES (5104530, 13, 'foobar', 'foobar')
	Insert on sbtest2  (cost=0.00..0.01 rows=0 width=0)
	  ->  Result  (cost=0.00..0.01 rows=1 width=736)

table 3 : explain INSERT INTO sbtest3 (id, k, c, pad) VALUES (1288750, 13, 'foobar', 'foobar')
	Insert on sbtest3  (cost=0.00..0.01 rows=0 width=0)
	  ->  Result  (cost=0.00..0.01 rows=1 width=736)

table 4 : explain INSERT INTO sbtest4 (id, k, c, pad) VALUES (649541, 13, 'foobar', 'foobar')
	Insert on sbtest4  (cost=0.00..0.01 rows=0 width=0)
	  ->  Result  (cost=0.00..0.01 rows=1 width=736)

table 5 : explain INSERT INTO sbtest5 (id, k, c, pad) VALUES (4364368, 13, 'foobar', 'foobar')
	Insert on sbtest5  (cost=0.00..0.01 rows=0 width=0)
	  ->  Result  (cost=0.00..0.01 rows=1 width=736)

table 6 : explain INSERT INTO sbtest6 (id, k, c, pad) VALUES (3172152, 13, 'foobar', 'foobar')
	Insert on sbtest6  (cost=0.00..0.01 rows=0 width=0)
	  ->  Result  (cost=0.00..0.01 rows=1 width=736)

table 7 : explain INSERT INTO sbtest7 (id, k, c, pad) VALUES (4083203, 13, 'foobar', 'foobar')
	Insert on sbtest7  (cost=0.00..0.01 rows=0 width=0)
	  ->  Result  (cost=0.00..0.01 rows=1 width=736)

table 8 : explain INSERT INTO sbtest8 (id, k, c, pad) VALUES (9228906, 13, 'foobar', 'foobar')
	Insert on sbtest8  (cost=0.00..0.01 rows=0 width=0)
	  ->  Result  (cost=0.00..0.01 rows=1 width=736)

for deletes
table 1 : explain DELETE FROM sbtest1 WHERE id=1097720
	Delete on sbtest1  (cost=0.43..8.45 rows=0 width=0)
	  ->  Index Scan using sbtest1_pkey on sbtest1  (cost=0.43..8.45 rows=1 width=6)
	        Index Cond: (id = 1097720)

table 2 : explain DELETE FROM sbtest2 WHERE id=1630816
	Delete on sbtest2  (cost=0.43..8.45 rows=0 width=0)
	  ->  Index Scan using sbtest2_pkey on sbtest2  (cost=0.43..8.45 rows=1 width=6)
	        Index Cond: (id = 1630816)

table 3 : explain DELETE FROM sbtest3 WHERE id=6157247
	Delete on sbtest3  (cost=0.43..8.45 rows=0 width=0)
	  ->  Index Scan using sbtest3_pkey on sbtest3  (cost=0.43..8.45 rows=1 width=6)
	        Index Cond: (id = 6157247)

table 4 : explain DELETE FROM sbtest4 WHERE id=7917827
	Delete on sbtest4  (cost=0.43..8.45 rows=0 width=0)
	  ->  Index Scan using sbtest4_pkey on sbtest4  (cost=0.43..8.45 rows=1 width=6)
	        Index Cond: (id = 7917827)

table 5 : explain DELETE FROM sbtest5 WHERE id=9326816
	Delete on sbtest5  (cost=0.43..8.45 rows=0 width=0)
	  ->  Index Scan using sbtest5_pkey on sbtest5  (cost=0.43..8.45 rows=1 width=6)
	        Index Cond: (id = 9326816)

table 6 : explain DELETE FROM sbtest6 WHERE id=6640524
	Delete on sbtest6  (cost=0.43..8.45 rows=0 width=0)
	  ->  Index Scan using sbtest6_pkey on sbtest6  (cost=0.43..8.45 rows=1 width=6)
	        Index Cond: (id = 6640524)

table 7 : explain DELETE FROM sbtest7 WHERE id=9832559
	Delete on sbtest7  (cost=0.43..8.45 rows=0 width=0)
	  ->  Index Scan using sbtest7_pkey on sbtest7  (cost=0.43..8.45 rows=1 width=6)
	        Index Cond: (id = 9832559)

table 8 : explain DELETE FROM sbtest8 WHERE id=919915
	Delete on sbtest8  (cost=0.43..8.45 rows=0 width=0)
	  ->  Index Scan using sbtest8_pkey on sbtest8  (cost=0.43..8.45 rows=1 width=6)
	        Index Cond: (id = 919915)

explain: for inserts :: explain INSERT INTO sbtest%u (id, k, c, pad) VALUES (%u, 13, 'foobar', 'foobar')
for inserts
table 1 : explain INSERT INTO sbtest1 (id, k, c, pad) VALUES (5414104, 13, 'foobar', 'foobar')
	Insert on sbtest1  (cost=0.00..0.01 rows=0 width=0)
	  ->  Result  (cost=0.00..0.01 rows=1 width=736)

table 2 : explain INSERT INTO sbtest2 (id, k, c, pad) VALUES (6938157, 13, 'foobar', 'foobar')
	Insert on sbtest2  (cost=0.00..0.01 rows=0 width=0)
	  ->  Result  (cost=0.00..0.01 rows=1 width=736)

table 3 : explain INSERT INTO sbtest3 (id, k, c, pad) VALUES (4837591, 13, 'foobar', 'foobar')
	Insert on sbtest3  (cost=0.00..0.01 rows=0 width=0)
	  ->  Result  (cost=0.00..0.01 rows=1 width=736)

table 4 : explain INSERT INTO sbtest4 (id, k, c, pad) VALUES (7867690, 13, 'foobar', 'foobar')
	Insert on sbtest4  (cost=0.00..0.01 rows=0 width=0)
	  ->  Result  (cost=0.00..0.01 rows=1 width=736)

table 5 : explain INSERT INTO sbtest5 (id, k, c, pad) VALUES (4124118, 13, 'foobar', 'foobar')
	Insert on sbtest5  (cost=0.00..0.01 rows=0 width=0)
	  ->  Result  (cost=0.00..0.01 rows=1 width=736)

table 6 : explain INSERT INTO sbtest6 (id, k, c, pad) VALUES (1736037, 13, 'foobar', 'foobar')
	Insert on sbtest6  (cost=0.00..0.01 rows=0 width=0)
	  ->  Result  (cost=0.00..0.01 rows=1 width=736)

table 7 : explain INSERT INTO sbtest7 (id, k, c, pad) VALUES (6438643, 13, 'foobar', 'foobar')
	Insert on sbtest7  (cost=0.00..0.01 rows=0 width=0)
	  ->  Result  (cost=0.00..0.01 rows=1 width=736)

table 8 : explain INSERT INTO sbtest8 (id, k, c, pad) VALUES (764601, 13, 'foobar', 'foobar')
	Insert on sbtest8  (cost=0.00..0.01 rows=0 width=0)
	  ->  Result  (cost=0.00..0.01 rows=1 width=736)
for deletes
table 1 : explain DELETE FROM sbtest1 WHERE id=8957018
	Delete on sbtest1  (cost=0.43..8.45 rows=0 width=0)
	  ->  Index Scan using sbtest1_pkey on sbtest1  (cost=0.43..8.45 rows=1 width=6)
	        Index Cond: (id = 8957018)

table 2 : explain DELETE FROM sbtest2 WHERE id=8116259
	Delete on sbtest2  (cost=0.43..8.45 rows=0 width=0)
	  ->  Index Scan using sbtest2_pkey on sbtest2  (cost=0.43..8.45 rows=1 width=6)
	        Index Cond: (id = 8116259)

table 3 : explain DELETE FROM sbtest3 WHERE id=6710324
	Delete on sbtest3  (cost=0.43..8.45 rows=0 width=0)
	  ->  Index Scan using sbtest3_pkey on sbtest3  (cost=0.43..8.45 rows=1 width=6)
	        Index Cond: (id = 6710324)

table 4 : explain DELETE FROM sbtest4 WHERE id=1681049
	Delete on sbtest4  (cost=0.43..8.45 rows=0 width=0)
	  ->  Index Scan using sbtest4_pkey on sbtest4  (cost=0.43..8.45 rows=1 width=6)
	        Index Cond: (id = 1681049)

table 5 : explain DELETE FROM sbtest5 WHERE id=1849394
	Delete on sbtest5  (cost=0.43..8.45 rows=0 width=0)
	  ->  Index Scan using sbtest5_pkey on sbtest5  (cost=0.43..8.45 rows=1 width=6)
	        Index Cond: (id = 1849394)

table 6 : explain DELETE FROM sbtest6 WHERE id=5465347
	Delete on sbtest6  (cost=0.43..8.45 rows=0 width=0)
	  ->  Index Scan using sbtest6_pkey on sbtest6  (cost=0.43..8.45 rows=1 width=6)
	        Index Cond: (id = 5465347)

table 7 : explain DELETE FROM sbtest7 WHERE id=979485
	Delete on sbtest7  (cost=0.43..8.45 rows=0 width=0)
	  ->  Index Scan using sbtest7_pkey on sbtest7  (cost=0.43..8.45 rows=1 width=6)
	        Index Cond: (id = 979485)

table 8 : explain DELETE FROM sbtest8 WHERE id=8105046
	Delete on sbtest8  (cost=0.43..8.45 rows=0 width=0)
	  ->  Index Scan using sbtest8_pkey on sbtest8  (cost=0.43..8.45 rows=1 width=6)
	        Index Cond: (id = 8105046)


for inserts
table 1 : explain INSERT INTO sbtest1 (id, k, c, pad) VALUES (9827563, 13, 'foobar', 'foobar')
	Insert on sbtest1  (cost=0.00..0.01 rows=0 width=0)
	  ->  Result  (cost=0.00..0.01 rows=1 width=736)

table 2 : explain INSERT INTO sbtest2 (id, k, c, pad) VALUES (5198998, 13, 'foobar', 'foobar')
	Insert on sbtest2  (cost=0.00..0.01 rows=0 width=0)
	  ->  Result  (cost=0.00..0.01 rows=1 width=736)

table 3 : explain INSERT INTO sbtest3 (id, k, c, pad) VALUES (2433132, 13, 'foobar', 'foobar')
	Insert on sbtest3  (cost=0.00..0.01 rows=0 width=0)
	  ->  Result  (cost=0.00..0.01 rows=1 width=736)

table 4 : explain INSERT INTO sbtest4 (id, k, c, pad) VALUES (3411177, 13, 'foobar', 'foobar')
	Insert on sbtest4  (cost=0.00..0.01 rows=0 width=0)
	  ->  Result  (cost=0.00..0.01 rows=1 width=736)

table 5 : explain INSERT INTO sbtest5 (id, k, c, pad) VALUES (7217000, 13, 'foobar', 'foobar')
	Insert on sbtest5  (cost=0.00..0.01 rows=0 width=0)
	  ->  Result  (cost=0.00..0.01 rows=1 width=736)

table 6 : explain INSERT INTO sbtest6 (id, k, c, pad) VALUES (9273403, 13, 'foobar', 'foobar')
	Insert on sbtest6  (cost=0.00..0.01 rows=0 width=0)
	  ->  Result  (cost=0.00..0.01 rows=1 width=736)

table 7 : explain INSERT INTO sbtest7 (id, k, c, pad) VALUES (9887555, 13, 'foobar', 'foobar')
	Insert on sbtest7  (cost=0.00..0.01 rows=0 width=0)
	  ->  Result  (cost=0.00..0.01 rows=1 width=736)

table 8 : explain INSERT INTO sbtest8 (id, k, c, pad) VALUES (4051735, 13, 'foobar', 'foobar')
	Insert on sbtest8  (cost=0.00..0.01 rows=0 width=0)
	  ->  Result  (cost=0.00..0.01 rows=1 width=736)

explain: for inserts :: explain INSERT INTO sbtest%u (id, k, c, pad) VALUES (%u, 13, 'foobar', 'foobar')
for inserts
table 1 : explain INSERT INTO sbtest1 (id, k, c, pad) VALUES (7641097, 13, 'foobar', 'foobar')
	Insert on sbtest1  (cost=0.00..0.01 rows=0 width=0)
	  ->  Result  (cost=0.00..0.01 rows=1 width=736)

table 2 : explain INSERT INTO sbtest2 (id, k, c, pad) VALUES (8655348, 13, 'foobar', 'foobar')
	Insert on sbtest2  (cost=0.00..0.01 rows=0 width=0)
	  ->  Result  (cost=0.00..0.01 rows=1 width=736)

table 3 : explain INSERT INTO sbtest3 (id, k, c, pad) VALUES (7293981, 13, 'foobar', 'foobar')
	Insert on sbtest3  (cost=0.00..0.01 rows=0 width=0)
	  ->  Result  (cost=0.00..0.01 rows=1 width=736)

table 4 : explain INSERT INTO sbtest4 (id, k, c, pad) VALUES (8615863, 13, 'foobar', 'foobar')
	Insert on sbtest4  (cost=0.00..0.01 rows=0 width=0)
	  ->  Result  (cost=0.00..0.01 rows=1 width=736)

table 5 : explain INSERT INTO sbtest5 (id, k, c, pad) VALUES (3805568, 13, 'foobar', 'foobar')
	Insert on sbtest5  (cost=0.00..0.01 rows=0 width=0)
	  ->  Result  (cost=0.00..0.01 rows=1 width=736)

table 6 : explain INSERT INTO sbtest6 (id, k, c, pad) VALUES (6516031, 13, 'foobar', 'foobar')
	Insert on sbtest6  (cost=0.00..0.01 rows=0 width=0)
	  ->  Result  (cost=0.00..0.01 rows=1 width=736)

table 7 : explain INSERT INTO sbtest7 (id, k, c, pad) VALUES (8834740, 13, 'foobar', 'foobar')
	Insert on sbtest7  (cost=0.00..0.01 rows=0 width=0)
	  ->  Result  (cost=0.00..0.01 rows=1 width=736)

table 8 : explain INSERT INTO sbtest8 (id, k, c, pad) VALUES (2398351, 13, 'foobar', 'foobar')
	Insert on sbtest8  (cost=0.00..0.01 rows=0 width=0)
	  ->  Result  (cost=0.00..0.01 rows=1 width=736)

for: distinct_ranges
table 1 : explain SELECT DISTINCT c FROM sbtest1 WHERE id BETWEEN 9749770 AND 9749869 ORDER BY c
	Unique  (cost=390.93..391.43 rows=100 width=121)
	  ->  Sort  (cost=390.93..391.18 rows=100 width=121)
	        Sort Key: c
	        ->  Index Scan using sbtest1_pkey on sbtest1  (cost=0.43..387.61 rows=100 width=121)
	              Index Cond: ((id >= 9749770) AND (id <= 9749869))

table 2 : explain SELECT DISTINCT c FROM sbtest2 WHERE id BETWEEN 1758856 AND 1758955 ORDER BY c
	Unique  (cost=382.52..383.01 rows=98 width=121)
	  ->  Sort  (cost=382.52..382.77 rows=98 width=121)
	        Sort Key: c
	        ->  Index Scan using sbtest2_pkey on sbtest2  (cost=0.43..379.28 rows=98 width=121)
	              Index Cond: ((id >= 1758856) AND (id <= 1758955))

table 3 : explain SELECT DISTINCT c FROM sbtest3 WHERE id BETWEEN 1185826 AND 1185925 ORDER BY c
	Unique  (cost=397.35..397.86 rows=102 width=121)
	  ->  Sort  (cost=397.35..397.61 rows=102 width=121)
	        Sort Key: c
	        ->  Index Scan using sbtest3_pkey on sbtest3  (cost=0.43..393.95 rows=102 width=121)
	              Index Cond: ((id >= 1185826) AND (id <= 1185925))

table 4 : explain SELECT DISTINCT c FROM sbtest4 WHERE id BETWEEN 2615862 AND 2615961 ORDER BY c
	Unique  (cost=396.11..396.62 rows=102 width=121)
	  ->  Sort  (cost=396.11..396.36 rows=102 width=121)
	        Sort Key: c
	        ->  Index Scan using sbtest4_pkey on sbtest4  (cost=0.43..392.70 rows=102 width=121)
	              Index Cond: ((id >= 2615862) AND (id <= 2615961))

table 5 : explain SELECT DISTINCT c FROM sbtest5 WHERE id BETWEEN 9021989 AND 9022088 ORDER BY c
	Unique  (cost=382.70..383.19 rows=98 width=121)
	  ->  Sort  (cost=382.70..382.95 rows=98 width=121)
	        Sort Key: c
	        ->  Index Scan using sbtest5_pkey on sbtest5  (cost=0.43..379.46 rows=98 width=121)
	              Index Cond: ((id >= 9021989) AND (id <= 9022088))

table 6 : explain SELECT DISTINCT c FROM sbtest6 WHERE id BETWEEN 785815 AND 785914 ORDER BY c
	Unique  (cost=385.47..385.97 rows=99 width=121)
	  ->  Sort  (cost=385.47..385.72 rows=99 width=121)
	        Sort Key: c
	        ->  Index Scan using sbtest6_pkey on sbtest6  (cost=0.43..382.19 rows=99 width=121)
	              Index Cond: ((id >= 785815) AND (id <= 785914))

table 7 : explain SELECT DISTINCT c FROM sbtest7 WHERE id BETWEEN 6541986 AND 6542085 ORDER BY c
	Unique  (cost=374.64..375.12 rows=96 width=121)
	  ->  Sort  (cost=374.64..374.88 rows=96 width=121)
	        Sort Key: c
	        ->  Index Scan using sbtest7_pkey on sbtest7  (cost=0.43..371.48 rows=96 width=121)
	              Index Cond: ((id >= 6541986) AND (id <= 6542085))

table 8 : explain SELECT DISTINCT c FROM sbtest8 WHERE id BETWEEN 4881489 AND 4881588 ORDER BY c
	Unique  (cost=437.01..437.57 rows=113 width=121)
	  ->  Sort  (cost=437.01..437.29 rows=113 width=121)
	        Sort Key: c
	        ->  Index Scan using sbtest8_pkey on sbtest8  (cost=0.43..433.15 rows=113 width=121)
	              Index Cond: ((id >= 4881489) AND (id <= 4881588))

explain: for inserts :: explain INSERT INTO sbtest%u (id, k, c, pad) VALUES (%u, 13, 'foobar', 'foobar')
explain: for index_updates :: explain UPDATE sbtest%u SET k=k+1 WHERE id=%u
for inserts
table 1 : explain INSERT INTO sbtest1 (id, k, c, pad) VALUES (6507978, 13, 'foobar', 'foobar')
	Insert on sbtest1  (cost=0.00..0.01 rows=0 width=0)
	  ->  Result  (cost=0.00..0.01 rows=1 width=736)

table 2 : explain INSERT INTO sbtest2 (id, k, c, pad) VALUES (2098555, 13, 'foobar', 'foobar')
	Insert on sbtest2  (cost=0.00..0.01 rows=0 width=0)
	  ->  Result  (cost=0.00..0.01 rows=1 width=736)

table 3 : explain INSERT INTO sbtest3 (id, k, c, pad) VALUES (3145758, 13, 'foobar', 'foobar')
	Insert on sbtest3  (cost=0.00..0.01 rows=0 width=0)
	  ->  Result  (cost=0.00..0.01 rows=1 width=736)

table 4 : explain INSERT INTO sbtest4 (id, k, c, pad) VALUES (3882581, 13, 'foobar', 'foobar')
	Insert on sbtest4  (cost=0.00..0.01 rows=0 width=0)
	  ->  Result  (cost=0.00..0.01 rows=1 width=736)

table 5 : explain INSERT INTO sbtest5 (id, k, c, pad) VALUES (5527471, 13, 'foobar', 'foobar')
	Insert on sbtest5  (cost=0.00..0.01 rows=0 width=0)
	  ->  Result  (cost=0.00..0.01 rows=1 width=736)

table 6 : explain INSERT INTO sbtest6 (id, k, c, pad) VALUES (3529917, 13, 'foobar', 'foobar')
	Insert on sbtest6  (cost=0.00..0.01 rows=0 width=0)
	  ->  Result  (cost=0.00..0.01 rows=1 width=736)

table 7 : explain INSERT INTO sbtest7 (id, k, c, pad) VALUES (666546, 13, 'foobar', 'foobar')
	Insert on sbtest7  (cost=0.00..0.01 rows=0 width=0)
	  ->  Result  (cost=0.00..0.01 rows=1 width=736)

table 8 : explain INSERT INTO sbtest8 (id, k, c, pad) VALUES (7744435, 13, 'foobar', 'foobar')
	Insert on sbtest8  (cost=0.00..0.01 rows=0 width=0)
	  ->  Result  (cost=0.00..0.01 rows=1 width=736)

for inserts
table 1 : explain INSERT INTO sbtest1 (id, k, c, pad) VALUES (698849, 13, 'foobar', 'foobar')
	Insert on sbtest1  (cost=0.00..0.01 rows=0 width=0)
	  ->  Result  (cost=0.00..0.01 rows=1 width=736)

table 2 : explain INSERT INTO sbtest2 (id, k, c, pad) VALUES (947076, 13, 'foobar', 'foobar')
	Insert on sbtest2  (cost=0.00..0.01 rows=0 width=0)
	  ->  Result  (cost=0.00..0.01 rows=1 width=736)

table 3 : explain INSERT INTO sbtest3 (id, k, c, pad) VALUES (7319002, 13, 'foobar', 'foobar')
	Insert on sbtest3  (cost=0.00..0.01 rows=0 width=0)
	  ->  Result  (cost=0.00..0.01 rows=1 width=736)

table 4 : explain INSERT INTO sbtest4 (id, k, c, pad) VALUES (394999, 13, 'foobar', 'foobar')
	Insert on sbtest4  (cost=0.00..0.01 rows=0 width=0)
	  ->  Result  (cost=0.00..0.01 rows=1 width=736)

table 5 : explain INSERT INTO sbtest5 (id, k, c, pad) VALUES (4455619, 13, 'foobar', 'foobar')
	Insert on sbtest5  (cost=0.00..0.01 rows=0 width=0)
	  ->  Result  (cost=0.00..0.01 rows=1 width=736)

table 6 : explain INSERT INTO sbtest6 (id, k, c, pad) VALUES (7389797, 13, 'foobar', 'foobar')
	Insert on sbtest6  (cost=0.00..0.01 rows=0 width=0)
	  ->  Result  (cost=0.00..0.01 rows=1 width=736)

table 7 : explain INSERT INTO sbtest7 (id, k, c, pad) VALUES (5055706, 13, 'foobar', 'foobar')
	Insert on sbtest7  (cost=0.00..0.01 rows=0 width=0)
	  ->  Result  (cost=0.00..0.01 rows=1 width=736)

table 8 : explain INSERT INTO sbtest8 (id, k, c, pad) VALUES (1833582, 13, 'foobar', 'foobar')
	Insert on sbtest8  (cost=0.00..0.01 rows=0 width=0)
	  ->  Result  (cost=0.00..0.01 rows=1 width=736)

for: distinct_ranges
table 1 : explain SELECT DISTINCT c FROM sbtest1 WHERE id BETWEEN 8075020 AND 8075119 ORDER BY c
	Unique  (cost=414.15..414.68 rows=106 width=121)
	  ->  Sort  (cost=414.15..414.41 rows=106 width=121)
	        Sort Key: c
	        ->  Index Scan using sbtest1_pkey on sbtest1  (cost=0.43..410.58 rows=106 width=121)
	              Index Cond: ((id >= 8075020) AND (id <= 8075119))

table 2 : explain SELECT DISTINCT c FROM sbtest2 WHERE id BETWEEN 6573724 AND 6573823 ORDER BY c
	Unique  (cost=370.89..371.36 rows=95 width=121)
	  ->  Sort  (cost=370.89..371.12 rows=95 width=121)
	        Sort Key: c
	        ->  Index Scan using sbtest2_pkey on sbtest2  (cost=0.43..367.77 rows=95 width=121)
	              Index Cond: ((id >= 6573724) AND (id <= 6573823))

table 3 : explain SELECT DISTINCT c FROM sbtest3 WHERE id BETWEEN 1019445 AND 1019544 ORDER BY c
	Unique  (cost=405.06..405.58 rows=104 width=121)
	  ->  Sort  (cost=405.06..405.32 rows=104 width=121)
	        Sort Key: c
	        ->  Index Scan using sbtest3_pkey on sbtest3  (cost=0.43..401.58 rows=104 width=121)
	              Index Cond: ((id >= 1019445) AND (id <= 1019544))

table 4 : explain SELECT DISTINCT c FROM sbtest4 WHERE id BETWEEN 9109771 AND 9109870 ORDER BY c
	Unique  (cost=415.32..415.86 rows=107 width=121)
	  ->  Sort  (cost=415.32..415.59 rows=107 width=121)
	        Sort Key: c
	        ->  Index Scan using sbtest4_pkey on sbtest4  (cost=0.43..411.72 rows=107 width=121)
	              Index Cond: ((id >= 9109771) AND (id <= 9109870))

table 5 : explain SELECT DISTINCT c FROM sbtest5 WHERE id BETWEEN 6803447 AND 6803546 ORDER BY c
	Unique  (cost=351.80..352.25 rows=90 width=121)
	  ->  Sort  (cost=351.80..352.02 rows=90 width=121)
	        Sort Key: c
	        ->  Index Scan using sbtest5_pkey on sbtest5  (cost=0.43..348.88 rows=90 width=121)
	              Index Cond: ((id >= 6803447) AND (id <= 6803546))

table 6 : explain SELECT DISTINCT c FROM sbtest6 WHERE id BETWEEN 1441095 AND 1441194 ORDER BY c
	Unique  (cost=389.32..389.82 rows=100 width=121)
	  ->  Sort  (cost=389.32..389.57 rows=100 width=121)
	        Sort Key: c
	        ->  Index Scan using sbtest6_pkey on sbtest6  (cost=0.43..386.00 rows=100 width=121)
	              Index Cond: ((id >= 1441095) AND (id <= 1441194))

table 7 : explain SELECT DISTINCT c FROM sbtest7 WHERE id BETWEEN 1481455 AND 1481554 ORDER BY c
	Unique  (cost=397.80..398.31 rows=102 width=121)
	  ->  Sort  (cost=397.80..398.05 rows=102 width=121)
	        Sort Key: c
	        ->  Index Scan using sbtest7_pkey on sbtest7  (cost=0.43..394.39 rows=102 width=121)
	              Index Cond: ((id >= 1481455) AND (id <= 1481554))

table 8 : explain SELECT DISTINCT c FROM sbtest8 WHERE id BETWEEN 8344911 AND 8345010 ORDER BY c
	Unique  (cost=356.50..356.96 rows=92 width=121)
	  ->  Sort  (cost=356.50..356.73 rows=92 width=121)
	        Sort Key: c
	        ->  Index Scan using sbtest8_pkey on sbtest8  (cost=0.43..353.50 rows=92 width=121)
	              Index Cond: ((id >= 8344911) AND (id <= 8345010))

for index_updates
table 1 : explain UPDATE sbtest1 SET k=k+1 WHERE id=3939722
	Update on sbtest1  (cost=0.43..8.46 rows=0 width=0)
	  ->  Index Scan using sbtest1_pkey on sbtest1  (cost=0.43..8.46 rows=1 width=10)
	        Index Cond: (id = 3939722)

table 2 : explain UPDATE sbtest2 SET k=k+1 WHERE id=9461241
	Update on sbtest2  (cost=0.43..8.46 rows=0 width=0)
	  ->  Index Scan using sbtest2_pkey on sbtest2  (cost=0.43..8.46 rows=1 width=10)
	        Index Cond: (id = 9461241)

table 3 : explain UPDATE sbtest3 SET k=k+1 WHERE id=727501
	Update on sbtest3  (cost=0.43..8.46 rows=0 width=0)
	  ->  Index Scan using sbtest3_pkey on sbtest3  (cost=0.43..8.46 rows=1 width=10)
	        Index Cond: (id = 727501)

table 4 : explain UPDATE sbtest4 SET k=k+1 WHERE id=1638131
	Update on sbtest4  (cost=0.43..8.46 rows=0 width=0)
	  ->  Index Scan using sbtest4_pkey on sbtest4  (cost=0.43..8.46 rows=1 width=10)
	        Index Cond: (id = 1638131)

table 5 : explain UPDATE sbtest5 SET k=k+1 WHERE id=408081
	Update on sbtest5  (cost=0.43..8.46 rows=0 width=0)
	  ->  Index Scan using sbtest5_pkey on sbtest5  (cost=0.43..8.46 rows=1 width=10)
	        Index Cond: (id = 408081)

table 6 : explain UPDATE sbtest6 SET k=k+1 WHERE id=4478791
	Update on sbtest6  (cost=0.43..8.46 rows=0 width=0)
	  ->  Index Scan using sbtest6_pkey on sbtest6  (cost=0.43..8.46 rows=1 width=10)
	        Index Cond: (id = 4478791)

table 7 : explain UPDATE sbtest7 SET k=k+1 WHERE id=8025283
	Update on sbtest7  (cost=0.43..8.46 rows=0 width=0)
	  ->  Index Scan using sbtest7_pkey on sbtest7  (cost=0.43..8.46 rows=1 width=10)
	        Index Cond: (id = 8025283)

table 8 : explain UPDATE sbtest8 SET k=k+1 WHERE id=9565632
	Update on sbtest8  (cost=0.43..8.46 rows=0 width=0)
	  ->  Index Scan using sbtest8_pkey on sbtest8  (cost=0.43..8.46 rows=1 width=10)
	        Index Cond: (id = 9565632)

explain: for inserts :: explain INSERT INTO sbtest%u (id, k, c, pad) VALUES (%u, 13, 'foobar', 'foobar')
explain: for non_index_updates :: explain UPDATE sbtest%u SET c='foobar' WHERE id=%u
explain: for index_updates :: explain UPDATE sbtest%u SET k=k+1 WHERE id=%u
explain: for non_index_updates :: explain UPDATE sbtest%u SET c='foobar' WHERE id=%u
for inserts
table 1 : explain INSERT INTO sbtest1 (id, k, c, pad) VALUES (2495499, 13, 'foobar', 'foobar')
	Insert on sbtest1  (cost=0.00..0.01 rows=0 width=0)
	  ->  Result  (cost=0.00..0.01 rows=1 width=736)

table 2 : explain INSERT INTO sbtest2 (id, k, c, pad) VALUES (4601261, 13, 'foobar', 'foobar')
	Insert on sbtest2  (cost=0.00..0.01 rows=0 width=0)
	  ->  Result  (cost=0.00..0.01 rows=1 width=736)

table 3 : explain INSERT INTO sbtest3 (id, k, c, pad) VALUES (6802723, 13, 'foobar', 'foobar')
	Insert on sbtest3  (cost=0.00..0.01 rows=0 width=0)
	  ->  Result  (cost=0.00..0.01 rows=1 width=736)

table 4 : explain INSERT INTO sbtest4 (id, k, c, pad) VALUES (3700011, 13, 'foobar', 'foobar')
	Insert on sbtest4  (cost=0.00..0.01 rows=0 width=0)
	  ->  Result  (cost=0.00..0.01 rows=1 width=736)

table 5 : explain INSERT INTO sbtest5 (id, k, c, pad) VALUES (848452, 13, 'foobar', 'foobar')
	Insert on sbtest5  (cost=0.00..0.01 rows=0 width=0)
	  ->  Result  (cost=0.00..0.01 rows=1 width=736)

table 6 : explain INSERT INTO sbtest6 (id, k, c, pad) VALUES (3726024, 13, 'foobar', 'foobar')
	Insert on sbtest6  (cost=0.00..0.01 rows=0 width=0)
	  ->  Result  (cost=0.00..0.01 rows=1 width=736)

table 7 : explain INSERT INTO sbtest7 (id, k, c, pad) VALUES (688921, 13, 'foobar', 'foobar')
	Insert on sbtest7  (cost=0.00..0.01 rows=0 width=0)
	  ->  Result  (cost=0.00..0.01 rows=1 width=736)

table 8 : explain INSERT INTO sbtest8 (id, k, c, pad) VALUES (4013396, 13, 'foobar', 'foobar')
	Insert on sbtest8  (cost=0.00..0.01 rows=0 width=0)
	  ->  Result  (cost=0.00..0.01 rows=1 width=736)

for non_index_updates
table 1 : explain UPDATE sbtest1 SET c='foobar' WHERE id=9486968
	Update on sbtest1  (cost=0.43..8.45 rows=0 width=0)
	  ->  Index Scan using sbtest1_pkey on sbtest1  (cost=0.43..8.45 rows=1 width=490)
	        Index Cond: (id = 9486968)

table 2 : explain UPDATE sbtest2 SET c='foobar' WHERE id=2516607
	Update on sbtest2  (cost=0.43..8.45 rows=0 width=0)
	  ->  Index Scan using sbtest2_pkey on sbtest2  (cost=0.43..8.45 rows=1 width=490)
	        Index Cond: (id = 2516607)

table 3 : explain UPDATE sbtest3 SET c='foobar' WHERE id=2069271
	Update on sbtest3  (cost=0.43..8.45 rows=0 width=0)
	  ->  Index Scan using sbtest3_pkey on sbtest3  (cost=0.43..8.45 rows=1 width=490)
	        Index Cond: (id = 2069271)

table 4 : explain UPDATE sbtest4 SET c='foobar' WHERE id=5280366
	Update on sbtest4  (cost=0.43..8.45 rows=0 width=0)
	  ->  Index Scan using sbtest4_pkey on sbtest4  (cost=0.43..8.45 rows=1 width=490)
	        Index Cond: (id = 5280366)

table 5 : explain UPDATE sbtest5 SET c='foobar' WHERE id=5545831
	Update on sbtest5  (cost=0.43..8.45 rows=0 width=0)
	  ->  Index Scan using sbtest5_pkey on sbtest5  (cost=0.43..8.45 rows=1 width=490)
	        Index Cond: (id = 5545831)

table 6 : explain UPDATE sbtest6 SET c='foobar' WHERE id=6621732
	Update on sbtest6  (cost=0.43..8.45 rows=0 width=0)
	  ->  Index Scan using sbtest6_pkey on sbtest6  (cost=0.43..8.45 rows=1 width=490)
	        Index Cond: (id = 6621732)

table 7 : explain UPDATE sbtest7 SET c='foobar' WHERE id=3769939
	Update on sbtest7  (cost=0.43..8.45 rows=0 width=0)
	  ->  Index Scan using sbtest7_pkey on sbtest7  (cost=0.43..8.45 rows=1 width=490)
	        Index Cond: (id = 3769939)

table 8 : explain UPDATE sbtest8 SET c='foobar' WHERE id=6698941
	Update on sbtest8  (cost=0.43..8.45 rows=0 width=0)
	  ->  Index Scan using sbtest8_pkey on sbtest8  (cost=0.43..8.45 rows=1 width=490)
	        Index Cond: (id = 6698941)

for index_updates
table 1 : explain UPDATE sbtest1 SET k=k+1 WHERE id=5900790
	Update on sbtest1  (cost=0.43..8.46 rows=0 width=0)
	  ->  Index Scan using sbtest1_pkey on sbtest1  (cost=0.43..8.46 rows=1 width=10)
	        Index Cond: (id = 5900790)

table 2 : explain UPDATE sbtest2 SET k=k+1 WHERE id=3290317
	Update on sbtest2  (cost=0.43..8.46 rows=0 width=0)
	  ->  Index Scan using sbtest2_pkey on sbtest2  (cost=0.43..8.46 rows=1 width=10)
	        Index Cond: (id = 3290317)

table 3 : explain UPDATE sbtest3 SET k=k+1 WHERE id=8750339
	Update on sbtest3  (cost=0.43..8.46 rows=0 width=0)
	  ->  Index Scan using sbtest3_pkey on sbtest3  (cost=0.43..8.46 rows=1 width=10)
	        Index Cond: (id = 8750339)

table 4 : explain UPDATE sbtest4 SET k=k+1 WHERE id=5314297
	Update on sbtest4  (cost=0.43..8.46 rows=0 width=0)
	  ->  Index Scan using sbtest4_pkey on sbtest4  (cost=0.43..8.46 rows=1 width=10)
	        Index Cond: (id = 5314297)

table 5 : explain UPDATE sbtest5 SET k=k+1 WHERE id=6240205
	Update on sbtest5  (cost=0.43..8.46 rows=0 width=0)
	  ->  Index Scan using sbtest5_pkey on sbtest5  (cost=0.43..8.46 rows=1 width=10)
	        Index Cond: (id = 6240205)

table 6 : explain UPDATE sbtest6 SET k=k+1 WHERE id=942643
	Update on sbtest6  (cost=0.43..8.46 rows=0 width=0)
	  ->  Index Scan using sbtest6_pkey on sbtest6  (cost=0.43..8.46 rows=1 width=10)
	        Index Cond: (id = 942643)

table 7 : explain UPDATE sbtest7 SET k=k+1 WHERE id=7908589
	Update on sbtest7  (cost=0.43..8.46 rows=0 width=0)
	  ->  Index Scan using sbtest7_pkey on sbtest7  (cost=0.43..8.46 rows=1 width=10)
	        Index Cond: (id = 7908589)

table 8 : explain UPDATE sbtest8 SET k=k+1 WHERE id=2933718
	Update on sbtest8  (cost=0.43..8.46 rows=0 width=0)
	  ->  Index Scan using sbtest8_pkey on sbtest8  (cost=0.43..8.46 rows=1 width=10)
	        Index Cond: (id = 2933718)

for non_index_updates
table 1 : explain UPDATE sbtest1 SET c='foobar' WHERE id=6369557
	Update on sbtest1  (cost=0.43..8.45 rows=0 width=0)
	  ->  Index Scan using sbtest1_pkey on sbtest1  (cost=0.43..8.45 rows=1 width=490)
	        Index Cond: (id = 6369557)

table 2 : explain UPDATE sbtest2 SET c='foobar' WHERE id=606259
	Update on sbtest2  (cost=0.43..8.45 rows=0 width=0)
	  ->  Index Scan using sbtest2_pkey on sbtest2  (cost=0.43..8.45 rows=1 width=490)
	        Index Cond: (id = 606259)

table 3 : explain UPDATE sbtest3 SET c='foobar' WHERE id=4423873
	Update on sbtest3  (cost=0.43..8.45 rows=0 width=0)
	  ->  Index Scan using sbtest3_pkey on sbtest3  (cost=0.43..8.45 rows=1 width=490)
	        Index Cond: (id = 4423873)

table 4 : explain UPDATE sbtest4 SET c='foobar' WHERE id=2102777
	Update on sbtest4  (cost=0.43..8.45 rows=0 width=0)
	  ->  Index Scan using sbtest4_pkey on sbtest4  (cost=0.43..8.45 rows=1 width=490)
	        Index Cond: (id = 2102777)

table 5 : explain UPDATE sbtest5 SET c='foobar' WHERE id=2543902
	Update on sbtest5  (cost=0.43..8.45 rows=0 width=0)
	  ->  Index Scan using sbtest5_pkey on sbtest5  (cost=0.43..8.45 rows=1 width=490)
	        Index Cond: (id = 2543902)

table 6 : explain UPDATE sbtest6 SET c='foobar' WHERE id=3641016
	Update on sbtest6  (cost=0.43..8.45 rows=0 width=0)
	  ->  Index Scan using sbtest6_pkey on sbtest6  (cost=0.43..8.45 rows=1 width=490)
	        Index Cond: (id = 3641016)

table 7 : explain UPDATE sbtest7 SET c='foobar' WHERE id=5028576
	Update on sbtest7  (cost=0.43..8.45 rows=0 width=0)
	  ->  Index Scan using sbtest7_pkey on sbtest7  (cost=0.43..8.45 rows=1 width=490)
	        Index Cond: (id = 5028576)

table 8 : explain UPDATE sbtest8 SET c='foobar' WHERE id=8366784
	Update on sbtest8  (cost=0.43..8.45 rows=0 width=0)
	  ->  Index Scan using sbtest8_pkey on sbtest8  (cost=0.43..8.45 rows=1 width=490)
	        Index Cond: (id = 8366784)

explain: for deletes :: explain DELETE FROM sbtest%u WHERE id=%u
explain: for deletes :: explain DELETE FROM sbtest%u WHERE id=%u
explain: for non_index_updates :: explain UPDATE sbtest%u SET c='foobar' WHERE id=%u
for deletes
table 1 : explain DELETE FROM sbtest1 WHERE id=8239606
	Delete on sbtest1  (cost=0.43..8.45 rows=0 width=0)
	  ->  Index Scan using sbtest1_pkey on sbtest1  (cost=0.43..8.45 rows=1 width=6)
	        Index Cond: (id = 8239606)

table 2 : explain DELETE FROM sbtest2 WHERE id=569976
	Delete on sbtest2  (cost=0.43..8.45 rows=0 width=0)
	  ->  Index Scan using sbtest2_pkey on sbtest2  (cost=0.43..8.45 rows=1 width=6)
	        Index Cond: (id = 569976)

table 3 : explain DELETE FROM sbtest3 WHERE id=2045686
	Delete on sbtest3  (cost=0.43..8.45 rows=0 width=0)
	  ->  Index Scan using sbtest3_pkey on sbtest3  (cost=0.43..8.45 rows=1 width=6)
	        Index Cond: (id = 2045686)

table 4 : explain DELETE FROM sbtest4 WHERE id=6708376
	Delete on sbtest4  (cost=0.43..8.45 rows=0 width=0)
	  ->  Index Scan using sbtest4_pkey on sbtest4  (cost=0.43..8.45 rows=1 width=6)
	        Index Cond: (id = 6708376)

table 5 : explain DELETE FROM sbtest5 WHERE id=865110
	Delete on sbtest5  (cost=0.43..8.45 rows=0 width=0)
	  ->  Index Scan using sbtest5_pkey on sbtest5  (cost=0.43..8.45 rows=1 width=6)
	        Index Cond: (id = 865110)

table 6 : explain DELETE FROM sbtest6 WHERE id=3360390
	Delete on sbtest6  (cost=0.43..8.45 rows=0 width=0)
	  ->  Index Scan using sbtest6_pkey on sbtest6  (cost=0.43..8.45 rows=1 width=6)
	        Index Cond: (id = 3360390)

table 7 : explain DELETE FROM sbtest7 WHERE id=5584791
	Delete on sbtest7  (cost=0.43..8.45 rows=0 width=0)
	  ->  Index Scan using sbtest7_pkey on sbtest7  (cost=0.43..8.45 rows=1 width=6)
	        Index Cond: (id = 5584791)

table 8 : explain DELETE FROM sbtest8 WHERE id=9138580
	Delete on sbtest8  (cost=0.43..8.45 rows=0 width=0)
	  ->  Index Scan using sbtest8_pkey on sbtest8  (cost=0.43..8.45 rows=1 width=6)
	        Index Cond: (id = 9138580)

for deletes
table 1 : explain DELETE FROM sbtest1 WHERE id=4936221
	Delete on sbtest1  (cost=0.43..8.45 rows=0 width=0)
	  ->  Index Scan using sbtest1_pkey on sbtest1  (cost=0.43..8.45 rows=1 width=6)
	        Index Cond: (id = 4936221)

table 2 : explain DELETE FROM sbtest2 WHERE id=2212772
	Delete on sbtest2  (cost=0.43..8.45 rows=0 width=0)
	  ->  Index Scan using sbtest2_pkey on sbtest2  (cost=0.43..8.45 rows=1 width=6)
	        Index Cond: (id = 2212772)

table 3 : explain DELETE FROM sbtest3 WHERE id=468878
	Delete on sbtest3  (cost=0.43..8.45 rows=0 width=0)
	  ->  Index Scan using sbtest3_pkey on sbtest3  (cost=0.43..8.45 rows=1 width=6)
	        Index Cond: (id = 468878)

table 4 : explain DELETE FROM sbtest4 WHERE id=2773107
	Delete on sbtest4  (cost=0.43..8.45 rows=0 width=0)
	  ->  Index Scan using sbtest4_pkey on sbtest4  (cost=0.43..8.45 rows=1 width=6)
	        Index Cond: (id = 2773107)

table 5 : explain DELETE FROM sbtest5 WHERE id=991529
	Delete on sbtest5  (cost=0.43..8.45 rows=0 width=0)
	  ->  Index Scan using sbtest5_pkey on sbtest5  (cost=0.43..8.45 rows=1 width=6)
	        Index Cond: (id = 991529)

table 6 : explain DELETE FROM sbtest6 WHERE id=6058299
	Delete on sbtest6  (cost=0.43..8.45 rows=0 width=0)
	  ->  Index Scan using sbtest6_pkey on sbtest6  (cost=0.43..8.45 rows=1 width=6)
	        Index Cond: (id = 6058299)

table 7 : explain DELETE FROM sbtest7 WHERE id=9854510
	Delete on sbtest7  (cost=0.43..8.45 rows=0 width=0)
	  ->  Index Scan using sbtest7_pkey on sbtest7  (cost=0.43..8.45 rows=1 width=6)
	        Index Cond: (id = 9854510)

table 8 : explain DELETE FROM sbtest8 WHERE id=6555234
	Delete on sbtest8  (cost=0.43..8.45 rows=0 width=0)
	  ->  Index Scan using sbtest8_pkey on sbtest8  (cost=0.43..8.45 rows=1 width=6)
	        Index Cond: (id = 6555234)

for non_index_updates
table 1 : explain UPDATE sbtest1 SET c='foobar' WHERE id=8804417
	Update on sbtest1  (cost=0.43..8.45 rows=0 width=0)
	  ->  Index Scan using sbtest1_pkey on sbtest1  (cost=0.43..8.45 rows=1 width=490)
	        Index Cond: (id = 8804417)

table 2 : explain UPDATE sbtest2 SET c='foobar' WHERE id=763852
	Update on sbtest2  (cost=0.43..8.45 rows=0 width=0)
	  ->  Index Scan using sbtest2_pkey on sbtest2  (cost=0.43..8.45 rows=1 width=490)
	        Index Cond: (id = 763852)

table 3 : explain UPDATE sbtest3 SET c='foobar' WHERE id=8624033
	Update on sbtest3  (cost=0.43..8.45 rows=0 width=0)
	  ->  Index Scan using sbtest3_pkey on sbtest3  (cost=0.43..8.45 rows=1 width=490)
	        Index Cond: (id = 8624033)

table 4 : explain UPDATE sbtest4 SET c='foobar' WHERE id=6472017
	Update on sbtest4  (cost=0.43..8.45 rows=0 width=0)
	  ->  Index Scan using sbtest4_pkey on sbtest4  (cost=0.43..8.45 rows=1 width=490)
	        Index Cond: (id = 6472017)

table 5 : explain UPDATE sbtest5 SET c='foobar' WHERE id=51139
	Update on sbtest5  (cost=0.43..8.45 rows=0 width=0)
	  ->  Index Scan using sbtest5_pkey on sbtest5  (cost=0.43..8.45 rows=1 width=490)
	        Index Cond: (id = 51139)

table 6 : explain UPDATE sbtest6 SET c='foobar' WHERE id=4717861
	Update on sbtest6  (cost=0.43..8.45 rows=0 width=0)
	  ->  Index Scan using sbtest6_pkey on sbtest6  (cost=0.43..8.45 rows=1 width=490)
	        Index Cond: (id = 4717861)

table 7 : explain UPDATE sbtest7 SET c='foobar' WHERE id=6389741
	Update on sbtest7  (cost=0.43..8.45 rows=0 width=0)
	  ->  Index Scan using sbtest7_pkey on sbtest7  (cost=0.43..8.45 rows=1 width=490)
	        Index Cond: (id = 6389741)

table 8 : explain UPDATE sbtest8 SET c='foobar' WHERE id=3383104
	Update on sbtest8  (cost=0.43..8.45 rows=0 width=0)
	  ->  Index Scan using sbtest8_pkey on sbtest8  (cost=0.43..8.45 rows=1 width=490)
	        Index Cond: (id = 3383104)

explain: for deletes :: explain DELETE FROM sbtest%u WHERE id=%u
explain: for inserts :: explain INSERT INTO sbtest%u (id, k, c, pad) VALUES (%u, 13, 'foobar', 'foobar')
explain: for inserts :: explain INSERT INTO sbtest%u (id, k, c, pad) VALUES (%u, 13, 'foobar', 'foobar')
for inserts
table 1 : explain INSERT INTO sbtest1 (id, k, c, pad) VALUES (9198263, 13, 'foobar', 'foobar')
	Insert on sbtest1  (cost=0.00..0.01 rows=0 width=0)
	  ->  Result  (cost=0.00..0.01 rows=1 width=736)

table 2 : explain INSERT INTO sbtest2 (id, k, c, pad) VALUES (3498202, 13, 'foobar', 'foobar')
	Insert on sbtest2  (cost=0.00..0.01 rows=0 width=0)
	  ->  Result  (cost=0.00..0.01 rows=1 width=736)

table 3 : explain INSERT INTO sbtest3 (id, k, c, pad) VALUES (622131, 13, 'foobar', 'foobar')
	Insert on sbtest3  (cost=0.00..0.01 rows=0 width=0)
	  ->  Result  (cost=0.00..0.01 rows=1 width=736)

table 4 : explain INSERT INTO sbtest4 (id, k, c, pad) VALUES (9104075, 13, 'foobar', 'foobar')
	Insert on sbtest4  (cost=0.00..0.01 rows=0 width=0)
	  ->  Result  (cost=0.00..0.01 rows=1 width=736)

table 5 : explain INSERT INTO sbtest5 (id, k, c, pad) VALUES (1278746, 13, 'foobar', 'foobar')
	Insert on sbtest5  (cost=0.00..0.01 rows=0 width=0)
	  ->  Result  (cost=0.00..0.01 rows=1 width=736)

table 6 : explain INSERT INTO sbtest6 (id, k, c, pad) VALUES (4010832, 13, 'foobar', 'foobar')
	Insert on sbtest6  (cost=0.00..0.01 rows=0 width=0)
	  ->  Result  (cost=0.00..0.01 rows=1 width=736)

table 7 : explain INSERT INTO sbtest7 (id, k, c, pad) VALUES (5717933, 13, 'foobar', 'foobar')
	Insert on sbtest7  (cost=0.00..0.01 rows=0 width=0)
	  ->  Result  (cost=0.00..0.01 rows=1 width=736)

table 8 : explain INSERT INTO sbtest8 (id, k, c, pad) VALUES (6821907, 13, 'foobar', 'foobar')
	Insert on sbtest8  (cost=0.00..0.01 rows=0 width=0)
	  ->  Result  (cost=0.00..0.01 rows=1 width=736)

for inserts
table 1 : explain INSERT INTO sbtest1 (id, k, c, pad) VALUES (6829668, 13, 'foobar', 'foobar')
	Insert on sbtest1  (cost=0.00..0.01 rows=0 width=0)
	  ->  Result  (cost=0.00..0.01 rows=1 width=736)

table 2 : explain INSERT INTO sbtest2 (id, k, c, pad) VALUES (3493191, 13, 'foobar', 'foobar')
	Insert on sbtest2  (cost=0.00..0.01 rows=0 width=0)
	  ->  Result  (cost=0.00..0.01 rows=1 width=736)

table 3 : explain INSERT INTO sbtest3 (id, k, c, pad) VALUES (6375783, 13, 'foobar', 'foobar')
	Insert on sbtest3  (cost=0.00..0.01 rows=0 width=0)
	  ->  Result  (cost=0.00..0.01 rows=1 width=736)

table 4 : explain INSERT INTO sbtest4 (id, k, c, pad) VALUES (3457197, 13, 'foobar', 'foobar')
	Insert on sbtest4  (cost=0.00..0.01 rows=0 width=0)
	  ->  Result  (cost=0.00..0.01 rows=1 width=736)

table 5 : explain INSERT INTO sbtest5 (id, k, c, pad) VALUES (1511518, 13, 'foobar', 'foobar')
	Insert on sbtest5  (cost=0.00..0.01 rows=0 width=0)
	  ->  Result  (cost=0.00..0.01 rows=1 width=736)

table 6 : explain INSERT INTO sbtest6 (id, k, c, pad) VALUES (8999839, 13, 'foobar', 'foobar')
	Insert on sbtest6  (cost=0.00..0.01 rows=0 width=0)
	  ->  Result  (cost=0.00..0.01 rows=1 width=736)

table 7 : explain INSERT INTO sbtest7 (id, k, c, pad) VALUES (6553386, 13, 'foobar', 'foobar')
	Insert on sbtest7  (cost=0.00..0.01 rows=0 width=0)
	  ->  Result  (cost=0.00..0.01 rows=1 width=736)

table 8 : explain INSERT INTO sbtest8 (id, k, c, pad) VALUES (8826436, 13, 'foobar', 'foobar')
	Insert on sbtest8  (cost=0.00..0.01 rows=0 width=0)
	  ->  Result  (cost=0.00..0.01 rows=1 width=736)

for deletes
table 1 : explain DELETE FROM sbtest1 WHERE id=2384756
	Delete on sbtest1  (cost=0.43..8.45 rows=0 width=0)
	  ->  Index Scan using sbtest1_pkey on sbtest1  (cost=0.43..8.45 rows=1 width=6)
	        Index Cond: (id = 2384756)

table 2 : explain DELETE FROM sbtest2 WHERE id=1851273
	Delete on sbtest2  (cost=0.43..8.45 rows=0 width=0)
	  ->  Index Scan using sbtest2_pkey on sbtest2  (cost=0.43..8.45 rows=1 width=6)
	        Index Cond: (id = 1851273)

table 3 : explain DELETE FROM sbtest3 WHERE id=9186450
	Delete on sbtest3  (cost=0.43..8.45 rows=0 width=0)
	  ->  Index Scan using sbtest3_pkey on sbtest3  (cost=0.43..8.45 rows=1 width=6)
	        Index Cond: (id = 9186450)

table 4 : explain DELETE FROM sbtest4 WHERE id=2338024
	Delete on sbtest4  (cost=0.43..8.45 rows=0 width=0)
	  ->  Index Scan using sbtest4_pkey on sbtest4  (cost=0.43..8.45 rows=1 width=6)
	        Index Cond: (id = 2338024)

table 5 : explain DELETE FROM sbtest5 WHERE id=9759093
	Delete on sbtest5  (cost=0.43..8.45 rows=0 width=0)
	  ->  Index Scan using sbtest5_pkey on sbtest5  (cost=0.43..8.45 rows=1 width=6)
	        Index Cond: (id = 9759093)

table 6 : explain DELETE FROM sbtest6 WHERE id=9645174
	Delete on sbtest6  (cost=0.43..8.45 rows=0 width=0)
	  ->  Index Scan using sbtest6_pkey on sbtest6  (cost=0.43..8.45 rows=1 width=6)
	        Index Cond: (id = 9645174)

table 7 : explain DELETE FROM sbtest7 WHERE id=6278286
	Delete on sbtest7  (cost=0.43..8.45 rows=0 width=0)
	  ->  Index Scan using sbtest7_pkey on sbtest7  (cost=0.43..8.45 rows=1 width=6)
	        Index Cond: (id = 6278286)

table 8 : explain DELETE FROM sbtest8 WHERE id=3705113
	Delete on sbtest8  (cost=0.43..8.45 rows=0 width=0)
	  ->  Index Scan using sbtest8_pkey on sbtest8  (cost=0.43..8.45 rows=1 width=6)
	        Index Cond: (id = 3705113)

explain: for inserts :: explain INSERT INTO sbtest%u (id, k, c, pad) VALUES (%u, 13, 'foobar', 'foobar')
for inserts
table 1 : explain INSERT INTO sbtest1 (id, k, c, pad) VALUES (6577777, 13, 'foobar', 'foobar')
	Insert on sbtest1  (cost=0.00..0.01 rows=0 width=0)
	  ->  Result  (cost=0.00..0.01 rows=1 width=736)

table 2 : explain INSERT INTO sbtest2 (id, k, c, pad) VALUES (7302041, 13, 'foobar', 'foobar')
	Insert on sbtest2  (cost=0.00..0.01 rows=0 width=0)
	  ->  Result  (cost=0.00..0.01 rows=1 width=736)

table 3 : explain INSERT INTO sbtest3 (id, k, c, pad) VALUES (6760989, 13, 'foobar', 'foobar')
	Insert on sbtest3  (cost=0.00..0.01 rows=0 width=0)
	  ->  Result  (cost=0.00..0.01 rows=1 width=736)

table 4 : explain INSERT INTO sbtest4 (id, k, c, pad) VALUES (182420, 13, 'foobar', 'foobar')
	Insert on sbtest4  (cost=0.00..0.01 rows=0 width=0)
	  ->  Result  (cost=0.00..0.01 rows=1 width=736)

table 5 : explain INSERT INTO sbtest5 (id, k, c, pad) VALUES (7723131, 13, 'foobar', 'foobar')
	Insert on sbtest5  (cost=0.00..0.01 rows=0 width=0)
	  ->  Result  (cost=0.00..0.01 rows=1 width=736)

table 6 : explain INSERT INTO sbtest6 (id, k, c, pad) VALUES (3316199, 13, 'foobar', 'foobar')
	Insert on sbtest6  (cost=0.00..0.01 rows=0 width=0)
	  ->  Result  (cost=0.00..0.01 rows=1 width=736)

table 7 : explain INSERT INTO sbtest7 (id, k, c, pad) VALUES (6555171, 13, 'foobar', 'foobar')
	Insert on sbtest7  (cost=0.00..0.01 rows=0 width=0)
	  ->  Result  (cost=0.00..0.01 rows=1 width=736)

table 8 : explain INSERT INTO sbtest8 (id, k, c, pad) VALUES (225360, 13, 'foobar', 'foobar')
	Insert on sbtest8  (cost=0.00..0.01 rows=0 width=0)
	  ->  Result  (cost=0.00..0.01 rows=1 width=736)

explain: for inserts :: explain INSERT INTO sbtest%u (id, k, c, pad) VALUES (%u, 13, 'foobar', 'foobar')
for non_index_updates
table 1 : explain UPDATE sbtest1 SET c='foobar' WHERE id=487909
	Update on sbtest1  (cost=0.43..8.45 rows=0 width=0)
	  ->  Index Scan using sbtest1_pkey on sbtest1  (cost=0.43..8.45 rows=1 width=490)
	        Index Cond: (id = 487909)

table 2 : explain UPDATE sbtest2 SET c='foobar' WHERE id=1651509
	Update on sbtest2  (cost=0.43..8.45 rows=0 width=0)
	  ->  Index Scan using sbtest2_pkey on sbtest2  (cost=0.43..8.45 rows=1 width=490)
	        Index Cond: (id = 1651509)

table 3 : explain UPDATE sbtest3 SET c='foobar' WHERE id=1084318
	Update on sbtest3  (cost=0.43..8.45 rows=0 width=0)
	  ->  Index Scan using sbtest3_pkey on sbtest3  (cost=0.43..8.45 rows=1 width=490)
	        Index Cond: (id = 1084318)

table 4 : explain UPDATE sbtest4 SET c='foobar' WHERE id=7065799
	Update on sbtest4  (cost=0.43..8.45 rows=0 width=0)
	  ->  Index Scan using sbtest4_pkey on sbtest4  (cost=0.43..8.45 rows=1 width=490)
	        Index Cond: (id = 7065799)

table 5 : explain UPDATE sbtest5 SET c='foobar' WHERE id=8454388
	Update on sbtest5  (cost=0.43..8.45 rows=0 width=0)
	  ->  Index Scan using sbtest5_pkey on sbtest5  (cost=0.43..8.45 rows=1 width=490)
	        Index Cond: (id = 8454388)

table 6 : explain UPDATE sbtest6 SET c='foobar' WHERE id=4502874
	Update on sbtest6  (cost=0.43..8.45 rows=0 width=0)
	  ->  Index Scan using sbtest6_pkey on sbtest6  (cost=0.43..8.45 rows=1 width=490)
	        Index Cond: (id = 4502874)

table 7 : explain UPDATE sbtest7 SET c='foobar' WHERE id=6071178
	Update on sbtest7  (cost=0.43..8.45 rows=0 width=0)
	  ->  Index Scan using sbtest7_pkey on sbtest7  (cost=0.43..8.45 rows=1 width=490)
	        Index Cond: (id = 6071178)

table 8 : explain UPDATE sbtest8 SET c='foobar' WHERE id=1307568
	Update on sbtest8  (cost=0.43..8.45 rows=0 width=0)
	  ->  Index Scan using sbtest8_pkey on sbtest8  (cost=0.43..8.45 rows=1 width=490)
	        Index Cond: (id = 1307568)

for inserts
table 1 : explain INSERT INTO sbtest1 (id, k, c, pad) VALUES (2503163, 13, 'foobar', 'foobar')
	Insert on sbtest1  (cost=0.00..0.01 rows=0 width=0)
	  ->  Result  (cost=0.00..0.01 rows=1 width=736)

table 2 : explain INSERT INTO sbtest2 (id, k, c, pad) VALUES (9915528, 13, 'foobar', 'foobar')
	Insert on sbtest2  (cost=0.00..0.01 rows=0 width=0)
	  ->  Result  (cost=0.00..0.01 rows=1 width=736)

table 3 : explain INSERT INTO sbtest3 (id, k, c, pad) VALUES (4156015, 13, 'foobar', 'foobar')
	Insert on sbtest3  (cost=0.00..0.01 rows=0 width=0)
	  ->  Result  (cost=0.00..0.01 rows=1 width=736)

table 4 : explain INSERT INTO sbtest4 (id, k, c, pad) VALUES (9210814, 13, 'foobar', 'foobar')
	Insert on sbtest4  (cost=0.00..0.01 rows=0 width=0)
	  ->  Result  (cost=0.00..0.01 rows=1 width=736)

table 5 : explain INSERT INTO sbtest5 (id, k, c, pad) VALUES (1749488, 13, 'foobar', 'foobar')
	Insert on sbtest5  (cost=0.00..0.01 rows=0 width=0)
	  ->  Result  (cost=0.00..0.01 rows=1 width=736)

table 6 : explain INSERT INTO sbtest6 (id, k, c, pad) VALUES (256230, 13, 'foobar', 'foobar')
	Insert on sbtest6  (cost=0.00..0.01 rows=0 width=0)
	  ->  Result  (cost=0.00..0.01 rows=1 width=736)

table 7 : explain INSERT INTO sbtest7 (id, k, c, pad) VALUES (1824506, 13, 'foobar', 'foobar')
	Insert on sbtest7  (cost=0.00..0.01 rows=0 width=0)
	  ->  Result  (cost=0.00..0.01 rows=1 width=736)

table 8 : explain INSERT INTO sbtest8 (id, k, c, pad) VALUES (3387679, 13, 'foobar', 'foobar')
	Insert on sbtest8  (cost=0.00..0.01 rows=0 width=0)
	  ->  Result  (cost=0.00..0.01 rows=1 width=736)

explain: for deletes :: explain DELETE FROM sbtest%u WHERE id=%u
for deletes
table 1 : explain DELETE FROM sbtest1 WHERE id=8774826
	Delete on sbtest1  (cost=0.43..8.45 rows=0 width=0)
	  ->  Index Scan using sbtest1_pkey on sbtest1  (cost=0.43..8.45 rows=1 width=6)
	        Index Cond: (id = 8774826)

table 2 : explain DELETE FROM sbtest2 WHERE id=1936295
	Delete on sbtest2  (cost=0.43..8.45 rows=0 width=0)
	  ->  Index Scan using sbtest2_pkey on sbtest2  (cost=0.43..8.45 rows=1 width=6)
	        Index Cond: (id = 1936295)

table 3 : explain DELETE FROM sbtest3 WHERE id=8505526
	Delete on sbtest3  (cost=0.43..8.45 rows=0 width=0)
	  ->  Index Scan using sbtest3_pkey on sbtest3  (cost=0.43..8.45 rows=1 width=6)
	        Index Cond: (id = 8505526)

table 4 : explain DELETE FROM sbtest4 WHERE id=8187747
	Delete on sbtest4  (cost=0.43..8.45 rows=0 width=0)
	  ->  Index Scan using sbtest4_pkey on sbtest4  (cost=0.43..8.45 rows=1 width=6)
	        Index Cond: (id = 8187747)

table 5 : explain DELETE FROM sbtest5 WHERE id=7515005
	Delete on sbtest5  (cost=0.43..8.45 rows=0 width=0)
	  ->  Index Scan using sbtest5_pkey on sbtest5  (cost=0.43..8.45 rows=1 width=6)
	        Index Cond: (id = 7515005)

table 6 : explain DELETE FROM sbtest6 WHERE id=8726204
	Delete on sbtest6  (cost=0.43..8.45 rows=0 width=0)
	  ->  Index Scan using sbtest6_pkey on sbtest6  (cost=0.43..8.45 rows=1 width=6)
	        Index Cond: (id = 8726204)

table 7 : explain DELETE FROM sbtest7 WHERE id=8542758
	Delete on sbtest7  (cost=0.43..8.45 rows=0 width=0)
	  ->  Index Scan using sbtest7_pkey on sbtest7  (cost=0.43..8.45 rows=1 width=6)
	        Index Cond: (id = 8542758)

table 8 : explain DELETE FROM sbtest8 WHERE id=2939465
	Delete on sbtest8  (cost=0.43..8.45 rows=0 width=0)
	  ->  Index Scan using sbtest8_pkey on sbtest8  (cost=0.43..8.45 rows=1 width=6)
	        Index Cond: (id = 2939465)

explain: for inserts :: explain INSERT INTO sbtest%u (id, k, c, pad) VALUES (%u, 13, 'foobar', 'foobar')
for inserts
table 1 : explain INSERT INTO sbtest1 (id, k, c, pad) VALUES (9004634, 13, 'foobar', 'foobar')
	Insert on sbtest1  (cost=0.00..0.01 rows=0 width=0)
	  ->  Result  (cost=0.00..0.01 rows=1 width=736)

table 2 : explain INSERT INTO sbtest2 (id, k, c, pad) VALUES (69261, 13, 'foobar', 'foobar')
	Insert on sbtest2  (cost=0.00..0.01 rows=0 width=0)
	  ->  Result  (cost=0.00..0.01 rows=1 width=736)

table 3 : explain INSERT INTO sbtest3 (id, k, c, pad) VALUES (4678732, 13, 'foobar', 'foobar')
	Insert on sbtest3  (cost=0.00..0.01 rows=0 width=0)
	  ->  Result  (cost=0.00..0.01 rows=1 width=736)

table 4 : explain INSERT INTO sbtest4 (id, k, c, pad) VALUES (8759241, 13, 'foobar', 'foobar')
	Insert on sbtest4  (cost=0.00..0.01 rows=0 width=0)
	  ->  Result  (cost=0.00..0.01 rows=1 width=736)

table 5 : explain INSERT INTO sbtest5 (id, k, c, pad) VALUES (4308781, 13, 'foobar', 'foobar')
	Insert on sbtest5  (cost=0.00..0.01 rows=0 width=0)
	  ->  Result  (cost=0.00..0.01 rows=1 width=736)

table 6 : explain INSERT INTO sbtest6 (id, k, c, pad) VALUES (4836673, 13, 'foobar', 'foobar')
	Insert on sbtest6  (cost=0.00..0.01 rows=0 width=0)
	  ->  Result  (cost=0.00..0.01 rows=1 width=736)

table 7 : explain INSERT INTO sbtest7 (id, k, c, pad) VALUES (6704420, 13, 'foobar', 'foobar')
	Insert on sbtest7  (cost=0.00..0.01 rows=0 width=0)
	  ->  Result  (cost=0.00..0.01 rows=1 width=736)

table 8 : explain INSERT INTO sbtest8 (id, k, c, pad) VALUES (8287264, 13, 'foobar', 'foobar')
	Insert on sbtest8  (cost=0.00..0.01 rows=0 width=0)
	  ->  Result  (cost=0.00..0.01 rows=1 width=736)

for inserts
table 1 : explain INSERT INTO sbtest1 (id, k, c, pad) VALUES (9350841, 13, 'foobar', 'foobar')
	Insert on sbtest1  (cost=0.00..0.01 rows=0 width=0)
	  ->  Result  (cost=0.00..0.01 rows=1 width=736)

table 2 : explain INSERT INTO sbtest2 (id, k, c, pad) VALUES (2394667, 13, 'foobar', 'foobar')
	Insert on sbtest2  (cost=0.00..0.01 rows=0 width=0)
	  ->  Result  (cost=0.00..0.01 rows=1 width=736)

table 3 : explain INSERT INTO sbtest3 (id, k, c, pad) VALUES (7674715, 13, 'foobar', 'foobar')
	Insert on sbtest3  (cost=0.00..0.01 rows=0 width=0)
	  ->  Result  (cost=0.00..0.01 rows=1 width=736)

table 4 : explain INSERT INTO sbtest4 (id, k, c, pad) VALUES (2330290, 13, 'foobar', 'foobar')
	Insert on sbtest4  (cost=0.00..0.01 rows=0 width=0)
	  ->  Result  (cost=0.00..0.01 rows=1 width=736)

table 5 : explain INSERT INTO sbtest5 (id, k, c, pad) VALUES (1189642, 13, 'foobar', 'foobar')
	Insert on sbtest5  (cost=0.00..0.01 rows=0 width=0)
	  ->  Result  (cost=0.00..0.01 rows=1 width=736)

table 6 : explain INSERT INTO sbtest6 (id, k, c, pad) VALUES (7493716, 13, 'foobar', 'foobar')
	Insert on sbtest6  (cost=0.00..0.01 rows=0 width=0)
	  ->  Result  (cost=0.00..0.01 rows=1 width=736)

table 7 : explain INSERT INTO sbtest7 (id, k, c, pad) VALUES (4911820, 13, 'foobar', 'foobar')
	Insert on sbtest7  (cost=0.00..0.01 rows=0 width=0)
	  ->  Result  (cost=0.00..0.01 rows=1 width=736)

table 8 : explain INSERT INTO sbtest8 (id, k, c, pad) VALUES (3621937, 13, 'foobar', 'foobar')
	Insert on sbtest8  (cost=0.00..0.01 rows=0 width=0)
	  ->  Result  (cost=0.00..0.01 rows=1 width=736)

explain: for inserts :: explain INSERT INTO sbtest%u (id, k, c, pad) VALUES (%u, 13, 'foobar', 'foobar')
for inserts
table 1 : explain INSERT INTO sbtest1 (id, k, c, pad) VALUES (6034475, 13, 'foobar', 'foobar')
	Insert on sbtest1  (cost=0.00..0.01 rows=0 width=0)
	  ->  Result  (cost=0.00..0.01 rows=1 width=736)

table 2 : explain INSERT INTO sbtest2 (id, k, c, pad) VALUES (3913648, 13, 'foobar', 'foobar')
	Insert on sbtest2  (cost=0.00..0.01 rows=0 width=0)
	  ->  Result  (cost=0.00..0.01 rows=1 width=736)

table 3 : explain INSERT INTO sbtest3 (id, k, c, pad) VALUES (9026204, 13, 'foobar', 'foobar')
	Insert on sbtest3  (cost=0.00..0.01 rows=0 width=0)
	  ->  Result  (cost=0.00..0.01 rows=1 width=736)

table 4 : explain INSERT INTO sbtest4 (id, k, c, pad) VALUES (157765, 13, 'foobar', 'foobar')
	Insert on sbtest4  (cost=0.00..0.01 rows=0 width=0)
	  ->  Result  (cost=0.00..0.01 rows=1 width=736)

table 5 : explain INSERT INTO sbtest5 (id, k, c, pad) VALUES (6851980, 13, 'foobar', 'foobar')
	Insert on sbtest5  (cost=0.00..0.01 rows=0 width=0)
	  ->  Result  (cost=0.00..0.01 rows=1 width=736)

table 6 : explain INSERT INTO sbtest6 (id, k, c, pad) VALUES (1309616, 13, 'foobar', 'foobar')
	Insert on sbtest6  (cost=0.00..0.01 rows=0 width=0)
	  ->  Result  (cost=0.00..0.01 rows=1 width=736)

table 7 : explain INSERT INTO sbtest7 (id, k, c, pad) VALUES (6928264, 13, 'foobar', 'foobar')
	Insert on sbtest7  (cost=0.00..0.01 rows=0 width=0)
	  ->  Result  (cost=0.00..0.01 rows=1 width=736)

table 8 : explain INSERT INTO sbtest8 (id, k, c, pad) VALUES (2643453, 13, 'foobar', 'foobar')
	Insert on sbtest8  (cost=0.00..0.01 rows=0 width=0)
	  ->  Result  (cost=0.00..0.01 rows=1 width=736)

Threads started!

Warming up for 5 seconds...

SQL statistics:
    queries performed:
        read:                            307319991
        write:                           87805820
        other:                           43902876
        total:                           439028687
    transactions:                        21951456 (23603.68 per sec.)
    queries:                             439028687 (472073.13 per sec.)
    ignored errors:                      2      (0.00 per sec.)
    reconnects:                          0      (0.00 per sec.)

Throughput:
    events/s (eps):                      23603.6798
    time elapsed:                        930.0084s
    total number of events:              21951456

Latency (ms):
         min:                                    1.38
         avg:                                    1.69
         max:                                   94.02
         95th percentile:                        1.93
         sum:                             37176551.96

Threads fairness:
    events (avg/stddev):           548786.0750/3391.86
    execution time (avg/stddev):   929.4138/0.01

