LUA_PATH=/home/mdcallag/git/mytools/bench/sysbench.lua/lua/?.lua /home/mdcallag/git/mytools/bench/sysbench.lua/lua/sysbench --db-driver=pgsql --range-size=1000 --table-size=10000000 --tables=8 --threads=40 --events=0 --warmup-time=5 --time=630 --pgsql_conn_id=true /home/mdcallag/git/mytools/bench/sysbench.lua/lua/oltp_read_only.lua run --pgsql-user=root --pgsql-password=pw --pgsql-host=127.0.0.1 --pgsql-db=ib --rand-type=uniform --simple-ranges=0 --sum-ranges=0 --order-ranges=1 --distinct-ranges=0
48 CPUs
sysbench 1.1.0-9072687 (using bundled LuaJIT 2.1.0-beta3)

Running the test with following options:
Number of threads: 40
Warmup time: 5s
Initializing random number generator from current time


Initializing worker threads...

explain: for point_selects :: explain SELECT c FROM sbtest%u WHERE id=%u
explain: for point_selects :: explain SELECT c FROM sbtest%u WHERE id=%u
explain: for point_selects :: explain SELECT c FROM sbtest%u WHERE id=%u
for point_selects
table 1 : explain SELECT c FROM sbtest1 WHERE id=4108636
	Index Scan using sbtest1_pkey on sbtest1  (cost=0.43..8.45 rows=1 width=121)
	  Index Cond: (id = 4108636)

table 2 : explain SELECT c FROM sbtest2 WHERE id=4706517
	Index Scan using sbtest2_pkey on sbtest2  (cost=0.43..8.45 rows=1 width=121)
	  Index Cond: (id = 4706517)

table 3 : explain SELECT c FROM sbtest3 WHERE id=5219040
	Index Scan using sbtest3_pkey on sbtest3  (cost=0.43..8.45 rows=1 width=121)
	  Index Cond: (id = 5219040)

table 4 : explain SELECT c FROM sbtest4 WHERE id=2586810
	Index Scan using sbtest4_pkey on sbtest4  (cost=0.43..8.45 rows=1 width=121)
	  Index Cond: (id = 2586810)

table 5 : explain SELECT c FROM sbtest5 WHERE id=6083091
	Index Scan using sbtest5_pkey on sbtest5  (cost=0.43..8.45 rows=1 width=121)
	  Index Cond: (id = 6083091)

table 6 : explain SELECT c FROM sbtest6 WHERE id=6045211
	Index Scan using sbtest6_pkey on sbtest6  (cost=0.43..8.45 rows=1 width=121)
	  Index Cond: (id = 6045211)

table 7 : explain SELECT c FROM sbtest7 WHERE id=6734860
	Index Scan using sbtest7_pkey on sbtest7  (cost=0.43..8.45 rows=1 width=121)
	  Index Cond: (id = 6734860)

table 8 : explain SELECT c FROM sbtest8 WHERE id=1860689
	Index Scan using sbtest8_pkey on sbtest8  (cost=0.43..8.45 rows=1 width=121)
	  Index Cond: (id = 1860689)

explain: for point_selects :: explain SELECT c FROM sbtest%u WHERE id=%u
for: simple_ranges
table 1 : explain SELECT c FROM sbtest1 WHERE id BETWEEN 8839653 AND 8840652
	Bitmap Heap Scan on sbtest1  (cost=30.31..3731.72 rows=963 width=121)
	  Recheck Cond: ((id >= 8839653) AND (id <= 8840652))
	  ->  Bitmap Index Scan on sbtest1_pkey  (cost=0.00..30.07 rows=963 width=0)
	        Index Cond: ((id >= 8839653) AND (id <= 8840652))

table 2 : explain SELECT c FROM sbtest2 WHERE id BETWEEN 98959 AND 99958
	Bitmap Heap Scan on sbtest2  (cost=31.82..4290.59 rows=1111 width=121)
	  Recheck Cond: ((id >= 98959) AND (id <= 99958))
	  ->  Bitmap Index Scan on sbtest2_pkey  (cost=0.00..31.54 rows=1111 width=0)
	        Index Cond: ((id >= 98959) AND (id <= 99958))

table 3 : explain SELECT c FROM sbtest3 WHERE id BETWEEN 133312 AND 134311
	Bitmap Heap Scan on sbtest3  (cost=32.14..4403.98 rows=1142 width=121)
	  Recheck Cond: ((id >= 133312) AND (id <= 134311))
	  ->  Bitmap Index Scan on sbtest3_pkey  (cost=0.00..31.86 rows=1142 width=0)
	        Index Cond: ((id >= 133312) AND (id <= 134311))

table 4 : explain SELECT c FROM sbtest4 WHERE id BETWEEN 9699380 AND 9700379
	Bitmap Heap Scan on sbtest4  (cost=30.44..3782.64 rows=976 width=121)
	  Recheck Cond: ((id >= 9699380) AND (id <= 9700379))
	  ->  Bitmap Index Scan on sbtest4_pkey  (cost=0.00..30.19 rows=976 width=0)
	        Index Cond: ((id >= 9699380) AND (id <= 9700379))

table 5 : explain SELECT c FROM sbtest5 WHERE id BETWEEN 59912 AND 60911
	Bitmap Heap Scan on sbtest5  (cost=30.10..3662.37 rows=943 width=121)
	  Recheck Cond: ((id >= 59912) AND (id <= 60911))
	  ->  Bitmap Index Scan on sbtest5_pkey  (cost=0.00..29.86 rows=943 width=0)
	        Index Cond: ((id >= 59912) AND (id <= 60911))

table 6 : explain SELECT c FROM sbtest6 WHERE id BETWEEN 141659 AND 142658
	Bitmap Heap Scan on sbtest6  (cost=29.94..3599.24 rows=927 width=121)
	  Recheck Cond: ((id >= 141659) AND (id <= 142658))
	  ->  Bitmap Index Scan on sbtest6_pkey  (cost=0.00..29.70 rows=927 width=0)
	        Index Cond: ((id >= 141659) AND (id <= 142658))

table 7 : explain SELECT c FROM sbtest7 WHERE id BETWEEN 7927891 AND 7928890
	Bitmap Heap Scan on sbtest7  (cost=30.15..3681.36 rows=948 width=121)
	  Recheck Cond: ((id >= 7927891) AND (id <= 7928890))
	  ->  Bitmap Index Scan on sbtest7_pkey  (cost=0.00..29.91 rows=948 width=0)
	        Index Cond: ((id >= 7927891) AND (id <= 7928890))

table 8 : explain SELECT c FROM sbtest8 WHERE id BETWEEN 5504221 AND 5505220
	Bitmap Heap Scan on sbtest8  (cost=30.79..3913.29 rows=1010 width=121)
	  Recheck Cond: ((id >= 5504221) AND (id <= 5505220))
	  ->  Bitmap Index Scan on sbtest8_pkey  (cost=0.00..30.54 rows=1010 width=0)
	        Index Cond: ((id >= 5504221) AND (id <= 5505220))

for point_selects
table 1 : explain SELECT c FROM sbtest1 WHERE id=927579
	Index Scan using sbtest1_pkey on sbtest1  (cost=0.43..8.45 rows=1 width=121)
	  Index Cond: (id = 927579)

table 2 : explain SELECT c FROM sbtest2 WHERE id=1369422
	Index Scan using sbtest2_pkey on sbtest2  (cost=0.43..8.45 rows=1 width=121)
	  Index Cond: (id = 1369422)

table 3 : explain SELECT c FROM sbtest3 WHERE id=5346445
	Index Scan using sbtest3_pkey on sbtest3  (cost=0.43..8.45 rows=1 width=121)
	  Index Cond: (id = 5346445)

table 4 : explain SELECT c FROM sbtest4 WHERE id=582768
	Index Scan using sbtest4_pkey on sbtest4  (cost=0.43..8.45 rows=1 width=121)
	  Index Cond: (id = 582768)

table 5 : explain SELECT c FROM sbtest5 WHERE id=574598
	Index Scan using sbtest5_pkey on sbtest5  (cost=0.43..8.45 rows=1 width=121)
	  Index Cond: (id = 574598)

table 6 : explain SELECT c FROM sbtest6 WHERE id=5664056
	Index Scan using sbtest6_pkey on sbtest6  (cost=0.43..8.45 rows=1 width=121)
	  Index Cond: (id = 5664056)

table 7 : explain SELECT c FROM sbtest7 WHERE id=9514345
	Index Scan using sbtest7_pkey on sbtest7  (cost=0.43..8.45 rows=1 width=121)
	  Index Cond: (id = 9514345)

table 8 : explain SELECT c FROM sbtest8 WHERE id=992446
	Index Scan using sbtest8_pkey on sbtest8  (cost=0.43..8.45 rows=1 width=121)
	  Index Cond: (id = 992446)

for point_selects
table 1 : explain SELECT c FROM sbtest1 WHERE id=7060199
	Index Scan using sbtest1_pkey on sbtest1  (cost=0.43..8.45 rows=1 width=121)
	  Index Cond: (id = 7060199)

table 2 : explain SELECT c FROM sbtest2 WHERE id=5686309
	Index Scan using sbtest2_pkey on sbtest2  (cost=0.43..8.45 rows=1 width=121)
	  Index Cond: (id = 5686309)

table 3 : explain SELECT c FROM sbtest3 WHERE id=9368561
	Index Scan using sbtest3_pkey on sbtest3  (cost=0.43..8.45 rows=1 width=121)
	  Index Cond: (id = 9368561)

table 4 : explain SELECT c FROM sbtest4 WHERE id=7254279
	Index Scan using sbtest4_pkey on sbtest4  (cost=0.43..8.45 rows=1 width=121)
	  Index Cond: (id = 7254279)

table 5 : explain SELECT c FROM sbtest5 WHERE id=9701414
	Index Scan using sbtest5_pkey on sbtest5  (cost=0.43..8.45 rows=1 width=121)
	  Index Cond: (id = 9701414)

table 6 : explain SELECT c FROM sbtest6 WHERE id=7715449
	Index Scan using sbtest6_pkey on sbtest6  (cost=0.43..8.45 rows=1 width=121)
	  Index Cond: (id = 7715449)

table 7 : explain SELECT c FROM sbtest7 WHERE id=8345970
	Index Scan using sbtest7_pkey on sbtest7  (cost=0.43..8.45 rows=1 width=121)
	  Index Cond: (id = 8345970)

table 8 : explain SELECT c FROM sbtest8 WHERE id=2330676
	Index Scan using sbtest8_pkey on sbtest8  (cost=0.43..8.45 rows=1 width=121)
	  Index Cond: (id = 2330676)

explain: for point_selects :: explain SELECT c FROM sbtest%u WHERE id=%u
for point_selects
table 1 : explain SELECT c FROM sbtest1 WHERE id=7075427
	Index Scan using sbtest1_pkey on sbtest1  (cost=0.43..8.45 rows=1 width=121)
	  Index Cond: (id = 7075427)

table 2 : explain SELECT c FROM sbtest2 WHERE id=6590541
	Index Scan using sbtest2_pkey on sbtest2  (cost=0.43..8.45 rows=1 width=121)
	  Index Cond: (id = 6590541)

table 3 : explain SELECT c FROM sbtest3 WHERE id=7215694
	Index Scan using sbtest3_pkey on sbtest3  (cost=0.43..8.45 rows=1 width=121)
	  Index Cond: (id = 7215694)

table 4 : explain SELECT c FROM sbtest4 WHERE id=6221239
	Index Scan using sbtest4_pkey on sbtest4  (cost=0.43..8.45 rows=1 width=121)
	  Index Cond: (id = 6221239)

table 5 : explain SELECT c FROM sbtest5 WHERE id=3390325
	Index Scan using sbtest5_pkey on sbtest5  (cost=0.43..8.45 rows=1 width=121)
	  Index Cond: (id = 3390325)

table 6 : explain SELECT c FROM sbtest6 WHERE id=1742488
	Index Scan using sbtest6_pkey on sbtest6  (cost=0.43..8.45 rows=1 width=121)
	  Index Cond: (id = 1742488)

table 7 : explain SELECT c FROM sbtest7 WHERE id=5797732
	Index Scan using sbtest7_pkey on sbtest7  (cost=0.43..8.45 rows=1 width=121)
	  Index Cond: (id = 5797732)

table 8 : explain SELECT c FROM sbtest8 WHERE id=9372844
	Index Scan using sbtest8_pkey on sbtest8  (cost=0.43..8.45 rows=1 width=121)
	  Index Cond: (id = 9372844)

for: simple_ranges
table 1 : explain SELECT c FROM sbtest1 WHERE id BETWEEN 5335866 AND 5336865
	Bitmap Heap Scan on sbtest1  (cost=31.75..4262.61 rows=1104 width=121)
	  Recheck Cond: ((id >= 5335866) AND (id <= 5336865))
	  ->  Bitmap Index Scan on sbtest1_pkey  (cost=0.00..31.47 rows=1104 width=0)
	        Index Cond: ((id >= 5335866) AND (id <= 5336865))

table 2 : explain SELECT c FROM sbtest2 WHERE id BETWEEN 5170081 AND 5171080
	Bitmap Heap Scan on sbtest2  (cost=30.81..3917.97 rows=1012 width=121)
	  Recheck Cond: ((id >= 5170081) AND (id <= 5171080))
	  ->  Bitmap Index Scan on sbtest2_pkey  (cost=0.00..30.55 rows=1012 width=0)
	        Index Cond: ((id >= 5170081) AND (id <= 5171080))

table 3 : explain SELECT c FROM sbtest3 WHERE id BETWEEN 926068 AND 927067
	Bitmap Heap Scan on sbtest3  (cost=25.98..3608.68 rows=931 width=121)
	  Recheck Cond: ((id >= 926068) AND (id <= 927067))
	  ->  Bitmap Index Scan on sbtest3_pkey  (cost=0.00..25.75 rows=931 width=0)
	        Index Cond: ((id >= 926068) AND (id <= 927067))

table 4 : explain SELECT c FROM sbtest4 WHERE id BETWEEN 122463 AND 123462
	Bitmap Heap Scan on sbtest4  (cost=31.48..4167.07 rows=1078 width=121)
	  Recheck Cond: ((id >= 122463) AND (id <= 123462))
	  ->  Bitmap Index Scan on sbtest4_pkey  (cost=0.00..31.21 rows=1078 width=0)
	        Index Cond: ((id >= 122463) AND (id <= 123462))

table 5 : explain SELECT c FROM sbtest5 WHERE id BETWEEN 8992940 AND 8993939
	Bitmap Heap Scan on sbtest5  (cost=30.35..3753.21 rows=967 width=121)
	  Recheck Cond: ((id >= 8992940) AND (id <= 8993939))
	  ->  Bitmap Index Scan on sbtest5_pkey  (cost=0.00..30.11 rows=967 width=0)
	        Index Cond: ((id >= 8992940) AND (id <= 8993939))

table 6 : explain SELECT c FROM sbtest6 WHERE id BETWEEN 6375318 AND 6376317
	Bitmap Heap Scan on sbtest6  (cost=25.73..3519.52 rows=907 width=121)
	  Recheck Cond: ((id >= 6375318) AND (id <= 6376317))
	  ->  Bitmap Index Scan on sbtest6_pkey  (cost=0.00..25.50 rows=907 width=0)
	        Index Cond: ((id >= 6375318) AND (id <= 6376317))

table 7 : explain SELECT c FROM sbtest7 WHERE id BETWEEN 4278449 AND 4279448
	Bitmap Heap Scan on sbtest7  (cost=29.87..3575.30 rows=920 width=121)
	  Recheck Cond: ((id >= 4278449) AND (id <= 4279448))
	  ->  Bitmap Index Scan on sbtest7_pkey  (cost=0.00..29.64 rows=920 width=0)
	        Index Cond: ((id >= 4278449) AND (id <= 4279448))

table 8 : explain SELECT c FROM sbtest8 WHERE id BETWEEN 1850616 AND 1851615
	Bitmap Heap Scan on sbtest8  (cost=31.40..4139.54 rows=1070 width=121)
	  Recheck Cond: ((id >= 1850616) AND (id <= 1851615))
	  ->  Bitmap Index Scan on sbtest8_pkey  (cost=0.00..31.14 rows=1070 width=0)
	        Index Cond: ((id >= 1850616) AND (id <= 1851615))

for: simple_ranges
table 1 : explain SELECT c FROM sbtest1 WHERE id BETWEEN 9911714 AND 9912713
	Bitmap Heap Scan on sbtest1  (cost=30.22..3701.52 rows=955 width=121)
	  Recheck Cond: ((id >= 9911714) AND (id <= 9912713))
	  ->  Bitmap Index Scan on sbtest1_pkey  (cost=0.00..29.98 rows=955 width=0)
	        Index Cond: ((id >= 9911714) AND (id <= 9912713))

table 2 : explain SELECT c FROM sbtest2 WHERE id BETWEEN 89952 AND 90951
	Bitmap Heap Scan on sbtest2  (cost=31.05..4008.41 rows=1036 width=121)
	  Recheck Cond: ((id >= 89952) AND (id <= 90951))
	  ->  Bitmap Index Scan on sbtest2_pkey  (cost=0.00..30.79 rows=1036 width=0)
	        Index Cond: ((id >= 89952) AND (id <= 90951))

table 3 : explain SELECT c FROM sbtest3 WHERE id BETWEEN 6457295 AND 6458294
	Bitmap Heap Scan on sbtest3  (cost=31.03..4001.46 rows=1034 width=121)
	  Recheck Cond: ((id >= 6457295) AND (id <= 6458294))
	  ->  Bitmap Index Scan on sbtest3_pkey  (cost=0.00..30.77 rows=1034 width=0)
	        Index Cond: ((id >= 6457295) AND (id <= 6458294))

table 4 : explain SELECT c FROM sbtest4 WHERE id BETWEEN 5174440 AND 5175439
	Bitmap Heap Scan on sbtest4  (cost=30.75..3895.85 rows=1006 width=121)
	  Recheck Cond: ((id >= 5174440) AND (id <= 5175439))
	  ->  Bitmap Index Scan on sbtest4_pkey  (cost=0.00..30.50 rows=1006 width=0)
	        Index Cond: ((id >= 5174440) AND (id <= 5175439))

table 5 : explain SELECT c FROM sbtest5 WHERE id BETWEEN 6260715 AND 6261714
	Bitmap Heap Scan on sbtest5  (cost=30.76..3904.46 rows=1007 width=121)
	  Recheck Cond: ((id >= 6260715) AND (id <= 6261714))
	  ->  Bitmap Index Scan on sbtest5_pkey  (cost=0.00..30.50 rows=1007 width=0)
	        Index Cond: ((id >= 6260715) AND (id <= 6261714))

table 6 : explain SELECT c FROM sbtest6 WHERE id BETWEEN 5376494 AND 5377493
	Bitmap Heap Scan on sbtest6  (cost=30.99..3988.37 rows=1030 width=121)
	  Recheck Cond: ((id >= 5376494) AND (id <= 5377493))
	  ->  Bitmap Index Scan on sbtest6_pkey  (cost=0.00..30.73 rows=1030 width=0)
	        Index Cond: ((id >= 5376494) AND (id <= 5377493))

table 7 : explain SELECT c FROM sbtest7 WHERE id BETWEEN 4374572 AND 4375571
	Bitmap Heap Scan on sbtest7  (cost=31.20..4066.89 rows=1050 width=121)
	  Recheck Cond: ((id >= 4374572) AND (id <= 4375571))
	  ->  Bitmap Index Scan on sbtest7_pkey  (cost=0.00..30.93 rows=1050 width=0)
	        Index Cond: ((id >= 4374572) AND (id <= 4375571))

table 8 : explain SELECT c FROM sbtest8 WHERE id BETWEEN 4562790 AND 4563789
	Bitmap Heap Scan on sbtest8  (cost=30.22..3705.50 rows=955 width=121)
	  Recheck Cond: ((id >= 4562790) AND (id <= 4563789))
	  ->  Bitmap Index Scan on sbtest8_pkey  (cost=0.00..29.98 rows=955 width=0)
	        Index Cond: ((id >= 4562790) AND (id <= 4563789))

for: simple_ranges
table 1 : explain SELECT c FROM sbtest1 WHERE id BETWEEN 4891292 AND 4892291
	Bitmap Heap Scan on sbtest1  (cost=31.02..3995.59 rows=1033 width=121)
	  Recheck Cond: ((id >= 4891292) AND (id <= 4892291))
	  ->  Bitmap Index Scan on sbtest1_pkey  (cost=0.00..30.76 rows=1033 width=0)
	        Index Cond: ((id >= 4891292) AND (id <= 4892291))

table 2 : explain SELECT c FROM sbtest2 WHERE id BETWEEN 3373111 AND 3374110
	Bitmap Heap Scan on sbtest2  (cost=30.66..3865.17 rows=998 width=121)
	  Recheck Cond: ((id >= 3373111) AND (id <= 3374110))
	  ->  Bitmap Index Scan on sbtest2_pkey  (cost=0.00..30.41 rows=998 width=0)
	        Index Cond: ((id >= 3373111) AND (id <= 3374110))

table 3 : explain SELECT c FROM sbtest3 WHERE id BETWEEN 7394544 AND 7395543
	Bitmap Heap Scan on sbtest3  (cost=30.77..3903.45 rows=1008 width=121)
	  Recheck Cond: ((id >= 7394544) AND (id <= 7395543))
	  ->  Bitmap Index Scan on sbtest3_pkey  (cost=0.00..30.51 rows=1008 width=0)
	        Index Cond: ((id >= 7394544) AND (id <= 7395543))

table 4 : explain SELECT c FROM sbtest4 WHERE id BETWEEN 2181719 AND 2182718
	Bitmap Heap Scan on sbtest4  (cost=30.53..3816.62 rows=985 width=121)
	  Recheck Cond: ((id >= 2181719) AND (id <= 2182718))
	  ->  Bitmap Index Scan on sbtest4_pkey  (cost=0.00..30.29 rows=985 width=0)
	        Index Cond: ((id >= 2181719) AND (id <= 2182718))

table 5 : explain SELECT c FROM sbtest5 WHERE id BETWEEN 434168 AND 435167
	Bitmap Heap Scan on sbtest5  (cost=30.16..3685.09 rows=949 width=121)
	  Recheck Cond: ((id >= 434168) AND (id <= 435167))
	  ->  Bitmap Index Scan on sbtest5_pkey  (cost=0.00..29.93 rows=949 width=0)
	        Index Cond: ((id >= 434168) AND (id <= 435167))

table 6 : explain SELECT c FROM sbtest6 WHERE id BETWEEN 9336700 AND 9337699
	Bitmap Heap Scan on sbtest6  (cost=30.50..3807.20 rows=982 width=121)
	  Recheck Cond: ((id >= 9336700) AND (id <= 9337699))
	  ->  Bitmap Index Scan on sbtest6_pkey  (cost=0.00..30.25 rows=982 width=0)
	        Index Cond: ((id >= 9336700) AND (id <= 9337699))

table 7 : explain SELECT c FROM sbtest7 WHERE id BETWEEN 1506704 AND 1507703
	Bitmap Heap Scan on sbtest7  (cost=25.48..3427.20 rows=882 width=121)
	  Recheck Cond: ((id >= 1506704) AND (id <= 1507703))
	  ->  Bitmap Index Scan on sbtest7_pkey  (cost=0.00..25.25 rows=882 width=0)
	        Index Cond: ((id >= 1506704) AND (id <= 1507703))

table 8 : explain SELECT c FROM sbtest8 WHERE id BETWEEN 4407990 AND 4408989
	Bitmap Heap Scan on sbtest8  (cost=30.24..3713.06 rows=957 width=121)
	  Recheck Cond: ((id >= 4407990) AND (id <= 4408989))
	  ->  Bitmap Index Scan on sbtest8_pkey  (cost=0.00..30.00 rows=957 width=0)
	        Index Cond: ((id >= 4407990) AND (id <= 4408989))

explain: for point_selects :: explain SELECT c FROM sbtest%u WHERE id=%u
for: sum_ranges
table 1 : explain SELECT SUM(k) FROM sbtest1 WHERE id BETWEEN 1837471 AND 1838470
	Aggregate  (cost=3956.72..3956.73 rows=1 width=8)
	  ->  Bitmap Heap Scan on sbtest1  (cost=30.91..3954.17 rows=1022 width=4)
	        Recheck Cond: ((id >= 1837471) AND (id <= 1838470))
	        ->  Bitmap Index Scan on sbtest1_pkey  (cost=0.00..30.65 rows=1022 width=0)
	              Index Cond: ((id >= 1837471) AND (id <= 1838470))

table 2 : explain SELECT SUM(k) FROM sbtest2 WHERE id BETWEEN 3857060 AND 3858059
	Aggregate  (cost=3618.28..3618.29 rows=1 width=8)
	  ->  Bitmap Heap Scan on sbtest2  (cost=29.99..3615.95 rows=932 width=4)
	        Recheck Cond: ((id >= 3857060) AND (id <= 3858059))
	        ->  Bitmap Index Scan on sbtest2_pkey  (cost=0.00..29.75 rows=932 width=0)
	              Index Cond: ((id >= 3857060) AND (id <= 3858059))

table 3 : explain SELECT SUM(k) FROM sbtest3 WHERE id BETWEEN 5800907 AND 5801906
	Aggregate  (cost=3717.12..3717.13 rows=1 width=8)
	  ->  Bitmap Heap Scan on sbtest3  (cost=30.25..3714.72 rows=958 width=4)
	        Recheck Cond: ((id >= 5800907) AND (id <= 5801906))
	        ->  Bitmap Index Scan on sbtest3_pkey  (cost=0.00..30.01 rows=958 width=0)
	              Index Cond: ((id >= 5800907) AND (id <= 5801906))

table 4 : explain SELECT SUM(k) FROM sbtest4 WHERE id BETWEEN 3451867 AND 3452866
	Aggregate  (cost=3837.96..3837.97 rows=1 width=8)
	  ->  Bitmap Heap Scan on sbtest4  (cost=30.58..3835.49 rows=990 width=4)
	        Recheck Cond: ((id >= 3451867) AND (id <= 3452866))
	        ->  Bitmap Index Scan on sbtest4_pkey  (cost=0.00..30.33 rows=990 width=0)
	              Index Cond: ((id >= 3451867) AND (id <= 3452866))

table 5 : explain SELECT SUM(k) FROM sbtest5 WHERE id BETWEEN 8901506 AND 8902505
	Aggregate  (cost=4239.25..4239.26 rows=1 width=8)
	  ->  Bitmap Heap Scan on sbtest5  (cost=31.66..4236.51 rows=1095 width=4)
	        Recheck Cond: ((id >= 8901506) AND (id <= 8902505))
	        ->  Bitmap Index Scan on sbtest5_pkey  (cost=0.00..31.39 rows=1095 width=0)
	              Index Cond: ((id >= 8901506) AND (id <= 8902505))

table 6 : explain SELECT SUM(k) FROM sbtest6 WHERE id BETWEEN 6220248 AND 6221247
	Aggregate  (cost=3858.78..3858.79 rows=1 width=8)
	  ->  Bitmap Heap Scan on sbtest6  (cost=30.63..3856.29 rows=995 width=4)
	        Recheck Cond: ((id >= 6220248) AND (id <= 6221247))
	        ->  Bitmap Index Scan on sbtest6_pkey  (cost=0.00..30.39 rows=995 width=0)
	              Index Cond: ((id >= 6220248) AND (id <= 6221247))

table 7 : explain SELECT SUM(k) FROM sbtest7 WHERE id BETWEEN 1544273 AND 1545272
	Aggregate  (cost=4137.46..4137.47 rows=1 width=8)
	  ->  Bitmap Heap Scan on sbtest7  (cost=31.38..4134.79 rows=1068 width=4)
	        Recheck Cond: ((id >= 1544273) AND (id <= 1545272))
	        ->  Bitmap Index Scan on sbtest7_pkey  (cost=0.00..31.11 rows=1068 width=0)
	              Index Cond: ((id >= 1544273) AND (id <= 1545272))

table 8 : explain SELECT SUM(k) FROM sbtest8 WHERE id BETWEEN 7630504 AND 7631503
	Aggregate  (cost=3741.94..3741.95 rows=1 width=8)
	  ->  Bitmap Heap Scan on sbtest8  (cost=30.32..3739.53 rows=964 width=4)
	        Recheck Cond: ((id >= 7630504) AND (id <= 7631503))
	        ->  Bitmap Index Scan on sbtest8_pkey  (cost=0.00..30.07 rows=964 width=0)
	              Index Cond: ((id >= 7630504) AND (id <= 7631503))

for: sum_ranges
table 1 : explain SELECT SUM(k) FROM sbtest1 WHERE id BETWEEN 8179853 AND 8180852
	Aggregate  (cost=4363.08..4363.09 rows=1 width=8)
	  ->  Bitmap Heap Scan on sbtest1  (cost=32.03..4360.26 rows=1131 width=4)
	        Recheck Cond: ((id >= 8179853) AND (id <= 8180852))
	        ->  Bitmap Index Scan on sbtest1_pkey  (cost=0.00..31.75 rows=1131 width=0)
	              Index Cond: ((id >= 8179853) AND (id <= 8180852))

table 2 : explain SELECT SUM(k) FROM sbtest2 WHERE id BETWEEN 9041088 AND 9042087
	Aggregate  (cost=3788.38..3788.39 rows=1 width=8)
	  ->  Bitmap Heap Scan on sbtest2  (cost=30.45..3785.94 rows=977 width=4)
	        Recheck Cond: ((id >= 9041088) AND (id <= 9042087))
	        ->  Bitmap Index Scan on sbtest2_pkey  (cost=0.00..30.20 rows=977 width=0)
	              Index Cond: ((id >= 9041088) AND (id <= 9042087))

table 3 : explain SELECT SUM(k) FROM sbtest3 WHERE id BETWEEN 7619709 AND 7620708
	Aggregate  (cost=4324.11..4324.12 rows=1 width=8)
	  ->  Bitmap Heap Scan on sbtest3  (cost=31.90..4321.31 rows=1119 width=4)
	        Recheck Cond: ((id >= 7619709) AND (id <= 7620708))
	        ->  Bitmap Index Scan on sbtest3_pkey  (cost=0.00..31.62 rows=1119 width=0)
	              Index Cond: ((id >= 7619709) AND (id <= 7620708))

table 4 : explain SELECT SUM(k) FROM sbtest4 WHERE id BETWEEN 655016 AND 656015
	Aggregate  (cost=4132.11..4132.12 rows=1 width=8)
	  ->  Bitmap Heap Scan on sbtest4  (cost=31.38..4129.44 rows=1068 width=4)
	        Recheck Cond: ((id >= 655016) AND (id <= 656015))
	        ->  Bitmap Index Scan on sbtest4_pkey  (cost=0.00..31.11 rows=1068 width=0)
	              Index Cond: ((id >= 655016) AND (id <= 656015))

table 5 : explain SELECT SUM(k) FROM sbtest5 WHERE id BETWEEN 569034 AND 570033
	Aggregate  (cost=3558.59..3558.60 rows=1 width=8)
	  ->  Bitmap Heap Scan on sbtest5  (cost=29.81..3556.30 rows=915 width=4)
	        Recheck Cond: ((id >= 569034) AND (id <= 570033))
	        ->  Bitmap Index Scan on sbtest5_pkey  (cost=0.00..29.58 rows=915 width=0)
	              Index Cond: ((id >= 569034) AND (id <= 570033))

table 6 : explain SELECT SUM(k) FROM sbtest6 WHERE id BETWEEN 9225528 AND 9226527
	Aggregate  (cost=3620.49..3620.50 rows=1 width=8)
	  ->  Bitmap Heap Scan on sbtest6  (cost=29.99..3618.16 rows=932 width=4)
	        Recheck Cond: ((id >= 9225528) AND (id <= 9226527))
	        ->  Bitmap Index Scan on sbtest6_pkey  (cost=0.00..29.75 rows=932 width=0)
	              Index Cond: ((id >= 9225528) AND (id <= 9226527))

table 7 : explain SELECT SUM(k) FROM sbtest7 WHERE id BETWEEN 9683631 AND 9684630
	Aggregate  (cost=4148.78..4148.79 rows=1 width=8)
	  ->  Bitmap Heap Scan on sbtest7  (cost=31.41..4146.10 rows=1071 width=4)
	        Recheck Cond: ((id >= 9683631) AND (id <= 9684630))
	        ->  Bitmap Index Scan on sbtest7_pkey  (cost=0.00..31.14 rows=1071 width=0)
	              Index Cond: ((id >= 9683631) AND (id <= 9684630))

table 8 : explain SELECT SUM(k) FROM sbtest8 WHERE id BETWEEN 7394365 AND 7395364
	Aggregate  (cost=4179.91..4179.92 rows=1 width=8)
	  ->  Bitmap Heap Scan on sbtest8  (cost=31.50..4177.21 rows=1080 width=4)
	        Recheck Cond: ((id >= 7394365) AND (id <= 7395364))
	        ->  Bitmap Index Scan on sbtest8_pkey  (cost=0.00..31.23 rows=1080 width=0)
	              Index Cond: ((id >= 7394365) AND (id <= 7395364))

for point_selects
table 1 : explain SELECT c FROM sbtest1 WHERE id=2283796
	Index Scan using sbtest1_pkey on sbtest1  (cost=0.43..8.45 rows=1 width=121)
	  Index Cond: (id = 2283796)

table 2 : explain SELECT c FROM sbtest2 WHERE id=9564101
	Index Scan using sbtest2_pkey on sbtest2  (cost=0.43..8.45 rows=1 width=121)
	  Index Cond: (id = 9564101)

table 3 : explain SELECT c FROM sbtest3 WHERE id=7745877
	Index Scan using sbtest3_pkey on sbtest3  (cost=0.43..8.45 rows=1 width=121)
	  Index Cond: (id = 7745877)

table 4 : explain SELECT c FROM sbtest4 WHERE id=4982393
	Index Scan using sbtest4_pkey on sbtest4  (cost=0.43..8.45 rows=1 width=121)
	  Index Cond: (id = 4982393)

table 5 : explain SELECT c FROM sbtest5 WHERE id=2518627
	Index Scan using sbtest5_pkey on sbtest5  (cost=0.43..8.45 rows=1 width=121)
	  Index Cond: (id = 2518627)

table 6 : explain SELECT c FROM sbtest6 WHERE id=5127972
	Index Scan using sbtest6_pkey on sbtest6  (cost=0.43..8.45 rows=1 width=121)
	  Index Cond: (id = 5127972)

table 7 : explain SELECT c FROM sbtest7 WHERE id=7053262
	Index Scan using sbtest7_pkey on sbtest7  (cost=0.43..8.45 rows=1 width=121)
	  Index Cond: (id = 7053262)

table 8 : explain SELECT c FROM sbtest8 WHERE id=4356392
	Index Scan using sbtest8_pkey on sbtest8  (cost=0.43..8.45 rows=1 width=121)
	  Index Cond: (id = 4356392)

explain: for point_selects :: explain SELECT c FROM sbtest%u WHERE id=%u
for: simple_ranges
table 1 : explain SELECT c FROM sbtest1 WHERE id BETWEEN 6860773 AND 6861772
	Bitmap Heap Scan on sbtest1  (cost=30.61..3844.88 rows=993 width=121)
	  Recheck Cond: ((id >= 6860773) AND (id <= 6861772))
	  ->  Bitmap Index Scan on sbtest1_pkey  (cost=0.00..30.36 rows=993 width=0)
	        Index Cond: ((id >= 6860773) AND (id <= 6861772))

table 2 : explain SELECT c FROM sbtest2 WHERE id BETWEEN 1352085 AND 1353084
	Bitmap Heap Scan on sbtest2  (cost=30.83..3925.50 rows=1014 width=121)
	  Recheck Cond: ((id >= 1352085) AND (id <= 1353084))
	  ->  Bitmap Index Scan on sbtest2_pkey  (cost=0.00..30.57 rows=1014 width=0)
	        Index Cond: ((id >= 1352085) AND (id <= 1353084))

table 3 : explain SELECT c FROM sbtest3 WHERE id BETWEEN 304506 AND 305505
	Bitmap Heap Scan on sbtest3  (cost=30.62..3850.64 rows=994 width=121)
	  Recheck Cond: ((id >= 304506) AND (id <= 305505))
	  ->  Bitmap Index Scan on sbtest3_pkey  (cost=0.00..30.37 rows=994 width=0)
	        Index Cond: ((id >= 304506) AND (id <= 305505))

table 4 : explain SELECT c FROM sbtest4 WHERE id BETWEEN 6244974 AND 6245973
	Bitmap Heap Scan on sbtest4  (cost=30.79..3910.93 rows=1010 width=121)
	  Recheck Cond: ((id >= 6244974) AND (id <= 6245973))
	  ->  Bitmap Index Scan on sbtest4_pkey  (cost=0.00..30.54 rows=1010 width=0)
	        Index Cond: ((id >= 6244974) AND (id <= 6245973))

table 5 : explain SELECT c FROM sbtest5 WHERE id BETWEEN 5772653 AND 5773652
	Bitmap Heap Scan on sbtest5  (cost=29.76..3537.35 rows=910 width=121)
	  Recheck Cond: ((id >= 5772653) AND (id <= 5773652))
	  ->  Bitmap Index Scan on sbtest5_pkey  (cost=0.00..29.54 rows=910 width=0)
	        Index Cond: ((id >= 5772653) AND (id <= 5773652))

table 6 : explain SELECT c FROM sbtest6 WHERE id BETWEEN 4908282 AND 4909281
	Bitmap Heap Scan on sbtest6  (cost=30.09..3655.99 rows=942 width=121)
	  Recheck Cond: ((id >= 4908282) AND (id <= 4909281))
	  ->  Bitmap Index Scan on sbtest6_pkey  (cost=0.00..29.86 rows=942 width=0)
	        Index Cond: ((id >= 4908282) AND (id <= 4909281))

table 7 : explain SELECT c FROM sbtest7 WHERE id BETWEEN 1470903 AND 1471902
	Bitmap Heap Scan on sbtest7  (cost=25.48..3427.20 rows=882 width=121)
	  Recheck Cond: ((id >= 1470903) AND (id <= 1471902))
	  ->  Bitmap Index Scan on sbtest7_pkey  (cost=0.00..25.25 rows=882 width=0)
	        Index Cond: ((id >= 1470903) AND (id <= 1471902))

table 8 : explain SELECT c FROM sbtest8 WHERE id BETWEEN 2251654 AND 2252653
	Bitmap Heap Scan on sbtest8  (cost=30.37..3758.43 rows=969 width=121)
	  Recheck Cond: ((id >= 2251654) AND (id <= 2252653))
	  ->  Bitmap Index Scan on sbtest8_pkey  (cost=0.00..30.12 rows=969 width=0)
	        Index Cond: ((id >= 2251654) AND (id <= 2252653))

for point_selects
table 1 : explain SELECT c FROM sbtest1 WHERE id=6817632
	Index Scan using sbtest1_pkey on sbtest1  (cost=0.43..8.45 rows=1 width=121)
	  Index Cond: (id = 6817632)

table 2 : explain SELECT c FROM sbtest2 WHERE id=3077169
	Index Scan using sbtest2_pkey on sbtest2  (cost=0.43..8.45 rows=1 width=121)
	  Index Cond: (id = 3077169)

table 3 : explain SELECT c FROM sbtest3 WHERE id=6445842
	Index Scan using sbtest3_pkey on sbtest3  (cost=0.43..8.45 rows=1 width=121)
	  Index Cond: (id = 6445842)

table 4 : explain SELECT c FROM sbtest4 WHERE id=1823660
	Index Scan using sbtest4_pkey on sbtest4  (cost=0.43..8.45 rows=1 width=121)
	  Index Cond: (id = 1823660)

table 5 : explain SELECT c FROM sbtest5 WHERE id=3178479
	Index Scan using sbtest5_pkey on sbtest5  (cost=0.43..8.45 rows=1 width=121)
	  Index Cond: (id = 3178479)

table 6 : explain SELECT c FROM sbtest6 WHERE id=3517348
	Index Scan using sbtest6_pkey on sbtest6  (cost=0.43..8.45 rows=1 width=121)
	  Index Cond: (id = 3517348)

table 7 : explain SELECT c FROM sbtest7 WHERE id=210485
	Index Scan using sbtest7_pkey on sbtest7  (cost=0.43..8.45 rows=1 width=121)
	  Index Cond: (id = 210485)

table 8 : explain SELECT c FROM sbtest8 WHERE id=8212974
	Index Scan using sbtest8_pkey on sbtest8  (cost=0.43..8.45 rows=1 width=121)
	  Index Cond: (id = 8212974)

explain: for point_selects :: explain SELECT c FROM sbtest%u WHERE id=%u
for: simple_ranges
table 1 : explain SELECT c FROM sbtest1 WHERE id BETWEEN 2162681 AND 2163680
	Bitmap Heap Scan on sbtest1  (cost=31.19..4055.82 rows=1049 width=121)
	  Recheck Cond: ((id >= 2162681) AND (id <= 2163680))
	  ->  Bitmap Index Scan on sbtest1_pkey  (cost=0.00..30.93 rows=1049 width=0)
	        Index Cond: ((id >= 2162681) AND (id <= 2163680))

table 2 : explain SELECT c FROM sbtest2 WHERE id BETWEEN 1624381 AND 1625380
	Bitmap Heap Scan on sbtest2  (cost=31.49..4170.28 rows=1079 width=121)
	  Recheck Cond: ((id >= 1624381) AND (id <= 1625380))
	  ->  Bitmap Index Scan on sbtest2_pkey  (cost=0.00..31.22 rows=1079 width=0)
	        Index Cond: ((id >= 1624381) AND (id <= 1625380))

table 3 : explain SELECT c FROM sbtest3 WHERE id BETWEEN 478562 AND 479561
	Bitmap Heap Scan on sbtest3  (cost=31.48..4167.14 rows=1078 width=121)
	  Recheck Cond: ((id >= 478562) AND (id <= 479561))
	  ->  Bitmap Index Scan on sbtest3_pkey  (cost=0.00..31.21 rows=1078 width=0)
	        Index Cond: ((id >= 478562) AND (id <= 479561))

table 4 : explain SELECT c FROM sbtest4 WHERE id BETWEEN 618143 AND 619142
	Bitmap Heap Scan on sbtest4  (cost=31.38..4129.44 rows=1068 width=121)
	  Recheck Cond: ((id >= 618143) AND (id <= 619142))
	  ->  Bitmap Index Scan on sbtest4_pkey  (cost=0.00..31.11 rows=1068 width=0)
	        Index Cond: ((id >= 618143) AND (id <= 619142))

table 5 : explain SELECT c FROM sbtest5 WHERE id BETWEEN 4957612 AND 4958611
	Bitmap Heap Scan on sbtest5  (cost=30.21..3704.02 rows=954 width=121)
	  Recheck Cond: ((id >= 4957612) AND (id <= 4958611))
	  ->  Bitmap Index Scan on sbtest5_pkey  (cost=0.00..29.97 rows=954 width=0)
	        Index Cond: ((id >= 4957612) AND (id <= 4958611))

table 6 : explain SELECT c FROM sbtest6 WHERE id BETWEEN 497679 AND 498678
	Bitmap Heap Scan on sbtest6  (cost=30.59..3841.19 rows=991 width=121)
	  Recheck Cond: ((id >= 497679) AND (id <= 498678))
	  ->  Bitmap Index Scan on sbtest6_pkey  (cost=0.00..30.34 rows=991 width=0)
	        Index Cond: ((id >= 497679) AND (id <= 498678))

table 7 : explain SELECT c FROM sbtest7 WHERE id BETWEEN 3467530 AND 3468529
	Bitmap Heap Scan on sbtest7  (cost=30.46..3794.88 rows=978 width=121)
	  Recheck Cond: ((id >= 3467530) AND (id <= 3468529))
	  ->  Bitmap Index Scan on sbtest7_pkey  (cost=0.00..30.21 rows=978 width=0)
	        Index Cond: ((id >= 3467530) AND (id <= 3468529))

table 8 : explain SELECT c FROM sbtest8 WHERE id BETWEEN 9338208 AND 9339207
	Bitmap Heap Scan on sbtest8  (cost=31.43..4150.84 rows=1073 width=121)
	  Recheck Cond: ((id >= 9338208) AND (id <= 9339207))
	  ->  Bitmap Index Scan on sbtest8_pkey  (cost=0.00..31.16 rows=1073 width=0)
	        Index Cond: ((id >= 9338208) AND (id <= 9339207))

for point_selects
table 1 : explain SELECT c FROM sbtest1 WHERE id=2550280
	Index Scan using sbtest1_pkey on sbtest1  (cost=0.43..8.45 rows=1 width=121)
	  Index Cond: (id = 2550280)

table 2 : explain SELECT c FROM sbtest2 WHERE id=1830432
	Index Scan using sbtest2_pkey on sbtest2  (cost=0.43..8.45 rows=1 width=121)
	  Index Cond: (id = 1830432)

table 3 : explain SELECT c FROM sbtest3 WHERE id=8409194
	Index Scan using sbtest3_pkey on sbtest3  (cost=0.43..8.45 rows=1 width=121)
	  Index Cond: (id = 8409194)

table 4 : explain SELECT c FROM sbtest4 WHERE id=5276827
	Index Scan using sbtest4_pkey on sbtest4  (cost=0.43..8.45 rows=1 width=121)
	  Index Cond: (id = 5276827)

table 5 : explain SELECT c FROM sbtest5 WHERE id=3254659
	Index Scan using sbtest5_pkey on sbtest5  (cost=0.43..8.45 rows=1 width=121)
	  Index Cond: (id = 3254659)

table 6 : explain SELECT c FROM sbtest6 WHERE id=3028124
	Index Scan using sbtest6_pkey on sbtest6  (cost=0.43..8.45 rows=1 width=121)
	  Index Cond: (id = 3028124)

table 7 : explain SELECT c FROM sbtest7 WHERE id=2252593
	Index Scan using sbtest7_pkey on sbtest7  (cost=0.43..8.45 rows=1 width=121)
	  Index Cond: (id = 2252593)

table 8 : explain SELECT c FROM sbtest8 WHERE id=8847450
	Index Scan using sbtest8_pkey on sbtest8  (cost=0.43..8.45 rows=1 width=121)
	  Index Cond: (id = 8847450)

explain: for point_selects :: explain SELECT c FROM sbtest%u WHERE id=%u
for: sum_ranges
table 1 : explain SELECT SUM(k) FROM sbtest1 WHERE id BETWEEN 7626544 AND 7627543
	Aggregate  (cost=3836.05..3836.06 rows=1 width=8)
	  ->  Bitmap Heap Scan on sbtest1  (cost=30.58..3833.57 rows=990 width=4)
	        Recheck Cond: ((id >= 7626544) AND (id <= 7627543))
	        ->  Bitmap Index Scan on sbtest1_pkey  (cost=0.00..30.33 rows=990 width=0)
	              Index Cond: ((id >= 7626544) AND (id <= 7627543))

table 2 : explain SELECT SUM(k) FROM sbtest2 WHERE id BETWEEN 9885685 AND 9886684
	Aggregate  (cost=3731.71..3731.72 rows=1 width=8)
	  ->  Bitmap Heap Scan on sbtest2  (cost=30.30..3729.30 rows=962 width=4)
	        Recheck Cond: ((id >= 9885685) AND (id <= 9886684))
	        ->  Bitmap Index Scan on sbtest2_pkey  (cost=0.00..30.05 rows=962 width=0)
	              Index Cond: ((id >= 9885685) AND (id <= 9886684))

table 3 : explain SELECT SUM(k) FROM sbtest3 WHERE id BETWEEN 3996284 AND 3997283
	Aggregate  (cost=4169.84..4169.85 rows=1 width=8)
	  ->  Bitmap Heap Scan on sbtest3  (cost=31.48..4167.14 rows=1078 width=4)
	        Recheck Cond: ((id >= 3996284) AND (id <= 3997283))
	        ->  Bitmap Index Scan on sbtest3_pkey  (cost=0.00..31.21 rows=1078 width=0)
	              Index Cond: ((id >= 3996284) AND (id <= 3997283))

table 4 : explain SELECT SUM(k) FROM sbtest4 WHERE id BETWEEN 5590232 AND 5591231
	Aggregate  (cost=3947.41..3947.42 rows=1 width=8)
	  ->  Bitmap Heap Scan on sbtest4  (cost=30.88..3944.87 rows=1019 width=4)
	        Recheck Cond: ((id >= 5590232) AND (id <= 5591231))
	        ->  Bitmap Index Scan on sbtest4_pkey  (cost=0.00..30.62 rows=1019 width=0)
	              Index Cond: ((id >= 5590232) AND (id <= 5591231))

table 5 : explain SELECT SUM(k) FROM sbtest5 WHERE id BETWEEN 526765 AND 527764
	Aggregate  (cost=3558.59..3558.60 rows=1 width=8)
	  ->  Bitmap Heap Scan on sbtest5  (cost=29.81..3556.30 rows=915 width=4)
	        Recheck Cond: ((id >= 526765) AND (id <= 527764))
	        ->  Bitmap Index Scan on sbtest5_pkey  (cost=0.00..29.58 rows=915 width=0)
	              Index Cond: ((id >= 526765) AND (id <= 527764))

table 6 : explain SELECT SUM(k) FROM sbtest6 WHERE id BETWEEN 6672033 AND 6673032
	Aggregate  (cost=3612.92..3612.93 rows=1 width=8)
	  ->  Bitmap Heap Scan on sbtest6  (cost=29.97..3610.59 rows=930 width=4)
	        Recheck Cond: ((id >= 6672033) AND (id <= 6673032))
	        ->  Bitmap Index Scan on sbtest6_pkey  (cost=0.00..29.73 rows=930 width=0)
	              Index Cond: ((id >= 6672033) AND (id <= 6673032))

table 7 : explain SELECT SUM(k) FROM sbtest7 WHERE id BETWEEN 155857 AND 156856
	Aggregate  (cost=4046.85..4046.86 rows=1 width=8)
	  ->  Bitmap Heap Scan on sbtest7  (cost=31.14..4044.24 rows=1044 width=4)
	        Recheck Cond: ((id >= 155857) AND (id <= 156856))
	        ->  Bitmap Index Scan on sbtest7_pkey  (cost=0.00..30.87 rows=1044 width=0)
	              Index Cond: ((id >= 155857) AND (id <= 156856))

table 8 : explain SELECT SUM(k) FROM sbtest8 WHERE id BETWEEN 3448232 AND 3449231
	Aggregate  (cost=3968.68..3968.69 rows=1 width=8)
	  ->  Bitmap Heap Scan on sbtest8  (cost=30.93..3966.12 rows=1024 width=4)
	        Recheck Cond: ((id >= 3448232) AND (id <= 3449231))
	        ->  Bitmap Index Scan on sbtest8_pkey  (cost=0.00..30.68 rows=1024 width=0)
	              Index Cond: ((id >= 3448232) AND (id <= 3449231))

for: order_ranges
table 1 : explain SELECT c FROM sbtest1 WHERE id BETWEEN 5838019 AND 5839018 ORDER BY c
	Sort  (cost=3894.31..3896.80 rows=993 width=121)
	  Sort Key: c
	  ->  Bitmap Heap Scan on sbtest1  (cost=30.61..3844.88 rows=993 width=121)
	        Recheck Cond: ((id >= 5838019) AND (id <= 5839018))
	        ->  Bitmap Index Scan on sbtest1_pkey  (cost=0.00..30.36 rows=993 width=0)
	              Index Cond: ((id >= 5838019) AND (id <= 5839018))

table 2 : explain SELECT c FROM sbtest2 WHERE id BETWEEN 2500648 AND 2501647 ORDER BY c
	Sort  (cost=4182.61..4185.28 rows=1068 width=121)
	  Sort Key: c
	  ->  Bitmap Heap Scan on sbtest2  (cost=31.38..4128.89 rows=1068 width=121)
	        Recheck Cond: ((id >= 2500648) AND (id <= 2501647))
	        ->  Bitmap Index Scan on sbtest2_pkey  (cost=0.00..31.11 rows=1068 width=0)
	              Index Cond: ((id >= 2500648) AND (id <= 2501647))

table 3 : explain SELECT c FROM sbtest3 WHERE id BETWEEN 2060234 AND 2061233 ORDER BY c
	Sort  (cost=3677.61..3679.95 rows=937 width=121)
	  Sort Key: c
	  ->  Bitmap Heap Scan on sbtest3  (cost=26.04..3631.36 rows=937 width=121)
	        Recheck Cond: ((id >= 2060234) AND (id <= 2061233))
	        ->  Bitmap Index Scan on sbtest3_pkey  (cost=0.00..25.80 rows=937 width=0)
	              Index Cond: ((id >= 2060234) AND (id <= 2061233))

table 4 : explain SELECT c FROM sbtest4 WHERE id BETWEEN 5570020 AND 5571019 ORDER BY c
	Sort  (cost=3995.78..3998.33 rows=1019 width=121)
	  Sort Key: c
	  ->  Bitmap Heap Scan on sbtest4  (cost=30.88..3944.87 rows=1019 width=121)
	        Recheck Cond: ((id >= 5570020) AND (id <= 5571019))
	        ->  Bitmap Index Scan on sbtest4_pkey  (cost=0.00..30.62 rows=1019 width=0)
	              Index Cond: ((id >= 5570020) AND (id <= 5571019))

table 5 : explain SELECT c FROM sbtest5 WHERE id BETWEEN 4324691 AND 4325690 ORDER BY c
	Sort  (cost=4123.35..4125.97 rows=1051 width=121)
	  Sort Key: c
	  ->  Bitmap Heap Scan on sbtest5  (cost=31.21..4070.60 rows=1051 width=121)
	        Recheck Cond: ((id >= 4324691) AND (id <= 4325690))
	        ->  Bitmap Index Scan on sbtest5_pkey  (cost=0.00..30.94 rows=1051 width=0)
	              Index Cond: ((id >= 4324691) AND (id <= 4325690))

table 6 : explain SELECT c FROM sbtest6 WHERE id BETWEEN 2647241 AND 2648240 ORDER BY c
	Sort  (cost=4078.20..4080.80 rows=1040 width=121)
	  Sort Key: c
	  ->  Bitmap Heap Scan on sbtest6  (cost=31.09..4026.08 rows=1040 width=121)
	        Recheck Cond: ((id >= 2647241) AND (id <= 2648240))
	        ->  Bitmap Index Scan on sbtest6_pkey  (cost=0.00..30.83 rows=1040 width=0)
	              Index Cond: ((id >= 2647241) AND (id <= 2648240))

table 7 : explain SELECT c FROM sbtest7 WHERE id BETWEEN 7777216 AND 7778215 ORDER BY c
	Sort  (cost=3720.54..3722.91 rows=946 width=121)
	  Sort Key: c
	  ->  Bitmap Heap Scan on sbtest7  (cost=30.13..3673.78 rows=946 width=121)
	        Recheck Cond: ((id >= 7777216) AND (id <= 7778215))
	        ->  Bitmap Index Scan on sbtest7_pkey  (cost=0.00..29.89 rows=946 width=0)
	              Index Cond: ((id >= 7777216) AND (id <= 7778215))

table 8 : explain SELECT c FROM sbtest8 WHERE id BETWEEN 724207 AND 725206 ORDER BY c
	Sort  (cost=4254.56..4257.28 rows=1086 width=121)
	  Sort Key: c
	  ->  Bitmap Heap Scan on sbtest8  (cost=31.57..4199.80 rows=1086 width=121)
	        Recheck Cond: ((id >= 724207) AND (id <= 725206))
	        ->  Bitmap Index Scan on sbtest8_pkey  (cost=0.00..31.29 rows=1086 width=0)
	              Index Cond: ((id >= 724207) AND (id <= 725206))

explain: for point_selects :: explain SELECT c FROM sbtest%u WHERE id=%u
for: order_ranges
table 1 : explain SELECT c FROM sbtest1 WHERE id BETWEEN 6840930 AND 6841929 ORDER BY c
	Sort  (cost=3894.31..3896.80 rows=993 width=121)
	  Sort Key: c
	  ->  Bitmap Heap Scan on sbtest1  (cost=30.61..3844.88 rows=993 width=121)
	        Recheck Cond: ((id >= 6840930) AND (id <= 6841929))
	        ->  Bitmap Index Scan on sbtest1_pkey  (cost=0.00..30.36 rows=993 width=0)
	              Index Cond: ((id >= 6840930) AND (id <= 6841929))

table 2 : explain SELECT c FROM sbtest2 WHERE id BETWEEN 3864809 AND 3865808 ORDER BY c
	Sort  (cost=3661.92..3664.25 rows=932 width=121)
	  Sort Key: c
	  ->  Bitmap Heap Scan on sbtest2  (cost=29.99..3615.95 rows=932 width=121)
	        Recheck Cond: ((id >= 3864809) AND (id <= 3865808))
	        ->  Bitmap Index Scan on sbtest2_pkey  (cost=0.00..29.75 rows=932 width=0)
	              Index Cond: ((id >= 3864809) AND (id <= 3865808))

table 3 : explain SELECT c FROM sbtest3 WHERE id BETWEEN 3284397 AND 3285396 ORDER BY c
	Sort  (cost=3907.79..3910.28 rows=996 width=121)
	  Sort Key: c
	  ->  Bitmap Heap Scan on sbtest3  (cost=30.64..3858.18 rows=996 width=121)
	        Recheck Cond: ((id >= 3284397) AND (id <= 3285396))
	        ->  Bitmap Index Scan on sbtest3_pkey  (cost=0.00..30.39 rows=996 width=0)
	              Index Cond: ((id >= 3284397) AND (id <= 3285396))

table 4 : explain SELECT c FROM sbtest4 WHERE id BETWEEN 378849 AND 379848 ORDER BY c
	Sort  (cost=4125.83..4128.46 rows=1053 width=121)
	  Sort Key: c
	  ->  Bitmap Heap Scan on sbtest4  (cost=31.23..4072.97 rows=1053 width=121)
	        Recheck Cond: ((id >= 378849) AND (id <= 379848))
	        ->  Bitmap Index Scan on sbtest4_pkey  (cost=0.00..30.96 rows=1053 width=0)
	              Index Cond: ((id >= 378849) AND (id <= 379848))

table 5 : explain SELECT c FROM sbtest5 WHERE id BETWEEN 6140341 AND 6141340 ORDER BY c
	Sort  (cost=4184.62..4187.29 rows=1067 width=121)
	  Sort Key: c
	  ->  Bitmap Heap Scan on sbtest5  (cost=31.37..4130.96 rows=1067 width=121)
	        Recheck Cond: ((id >= 6140341) AND (id <= 6141340))
	        ->  Bitmap Index Scan on sbtest5_pkey  (cost=0.00..31.11 rows=1067 width=0)
	              Index Cond: ((id >= 6140341) AND (id <= 6141340))

table 6 : explain SELECT c FROM sbtest6 WHERE id BETWEEN 6053971 AND 6054970 ORDER BY c
	Sort  (cost=3867.50..3869.96 rows=985 width=121)
	  Sort Key: c
	  ->  Bitmap Heap Scan on sbtest6  (cost=30.53..3818.53 rows=985 width=121)
	        Recheck Cond: ((id >= 6053971) AND (id <= 6054970))
	        ->  Bitmap Index Scan on sbtest6_pkey  (cost=0.00..30.29 rows=985 width=0)
	              Index Cond: ((id >= 6053971) AND (id <= 6054970))

table 7 : explain SELECT c FROM sbtest7 WHERE id BETWEEN 9239887 AND 9240886 ORDER BY c
	Sort  (cost=3866.49..3868.95 rows=984 width=121)
	  Sort Key: c
	  ->  Bitmap Heap Scan on sbtest7  (cost=30.52..3817.57 rows=984 width=121)
	        Recheck Cond: ((id >= 9239887) AND (id <= 9240886))
	        ->  Bitmap Index Scan on sbtest7_pkey  (cost=0.00..30.27 rows=984 width=0)
	              Index Cond: ((id >= 9239887) AND (id <= 9240886))

table 8 : explain SELECT c FROM sbtest8 WHERE id BETWEEN 6495184 AND 6496183 ORDER BY c
	Sort  (cost=3833.35..3835.79 rows=976 width=121)
	  Sort Key: c
	  ->  Bitmap Heap Scan on sbtest8  (cost=30.44..3784.88 rows=976 width=121)
	        Recheck Cond: ((id >= 6495184) AND (id <= 6496183))
	        ->  Bitmap Index Scan on sbtest8_pkey  (cost=0.00..30.19 rows=976 width=0)
	              Index Cond: ((id >= 6495184) AND (id <= 6496183))

explain: for point_selects :: explain SELECT c FROM sbtest%u WHERE id=%u
explain: for point_selects :: explain SELECT c FROM sbtest%u WHERE id=%u
for: simple_ranges
table 1 : explain SELECT c FROM sbtest1 WHERE id BETWEEN 3007754 AND 3008753
	Bitmap Heap Scan on sbtest1  (cost=30.45..3784.54 rows=977 width=121)
	  Recheck Cond: ((id >= 3007754) AND (id <= 3008753))
	  ->  Bitmap Index Scan on sbtest1_pkey  (cost=0.00..30.20 rows=977 width=0)
	        Index Cond: ((id >= 3007754) AND (id <= 3008753))

table 2 : explain SELECT c FROM sbtest2 WHERE id BETWEEN 2668114 AND 2669113
	Bitmap Heap Scan on sbtest2  (cost=30.89..3948.12 rows=1020 width=121)
	  Recheck Cond: ((id >= 2668114) AND (id <= 2669113))
	  ->  Bitmap Index Scan on sbtest2_pkey  (cost=0.00..30.64 rows=1020 width=0)
	        Index Cond: ((id >= 2668114) AND (id <= 2669113))

table 3 : explain SELECT c FROM sbtest3 WHERE id BETWEEN 6999392 AND 7000391
	Bitmap Heap Scan on sbtest3  (cost=30.94..3967.54 rows=1025 width=121)
	  Recheck Cond: ((id >= 6999392) AND (id <= 7000391))
	  ->  Bitmap Index Scan on sbtest3_pkey  (cost=0.00..30.68 rows=1025 width=0)
	        Index Cond: ((id >= 6999392) AND (id <= 7000391))

table 4 : explain SELECT c FROM sbtest4 WHERE id BETWEEN 9854175 AND 9855174
	Bitmap Heap Scan on sbtest4  (cost=25.82..3551.89 rows=916 width=121)
	  Recheck Cond: ((id >= 9854175) AND (id <= 9855174))
	  ->  Bitmap Index Scan on sbtest4_pkey  (cost=0.00..25.59 rows=916 width=0)
	        Index Cond: ((id >= 9854175) AND (id <= 9855174))

table 5 : explain SELECT c FROM sbtest5 WHERE id BETWEEN 3345198 AND 3346197
	Bitmap Heap Scan on sbtest5  (cost=30.54..3825.08 rows=986 width=121)
	  Recheck Cond: ((id >= 3345198) AND (id <= 3346197))
	  ->  Bitmap Index Scan on sbtest5_pkey  (cost=0.00..30.29 rows=986 width=0)
	        Index Cond: ((id >= 3345198) AND (id <= 3346197))

table 6 : explain SELECT c FROM sbtest6 WHERE id BETWEEN 2972312 AND 2973311
	Bitmap Heap Scan on sbtest6  (cost=30.33..3742.96 rows=965 width=121)
	  Recheck Cond: ((id >= 2972312) AND (id <= 2973311))
	  ->  Bitmap Index Scan on sbtest6_pkey  (cost=0.00..30.08 rows=965 width=0)
	        Index Cond: ((id >= 2972312) AND (id <= 2973311))

table 7 : explain SELECT c FROM sbtest7 WHERE id BETWEEN 2579317 AND 2580316
	Bitmap Heap Scan on sbtest7  (cost=35.90..4330.98 rows=1119 width=121)
	  Recheck Cond: ((id >= 2579317) AND (id <= 2580316))
	  ->  Bitmap Index Scan on sbtest7_pkey  (cost=0.00..35.62 rows=1119 width=0)
	        Index Cond: ((id >= 2579317) AND (id <= 2580316))

table 8 : explain SELECT c FROM sbtest8 WHERE id BETWEEN 6930009 AND 6931008
	Bitmap Heap Scan on sbtest8  (cost=31.21..4067.94 rows=1051 width=121)
	  Recheck Cond: ((id >= 6930009) AND (id <= 6931008))
	  ->  Bitmap Index Scan on sbtest8_pkey  (cost=0.00..30.94 rows=1051 width=0)
	        Index Cond: ((id >= 6930009) AND (id <= 6931008))

for: distinct_ranges
table 1 : explain SELECT DISTINCT c FROM sbtest1 WHERE id BETWEEN 4911155 AND 4912154 ORDER BY c
	Unique  (cost=4047.31..4052.47 rows=1033 width=121)
	  ->  Sort  (cost=4047.31..4049.89 rows=1033 width=121)
	        Sort Key: c
	        ->  Bitmap Heap Scan on sbtest1  (cost=31.02..3995.59 rows=1033 width=121)
	              Recheck Cond: ((id >= 4911155) AND (id <= 4912154))
	              ->  Bitmap Index Scan on sbtest1_pkey  (cost=0.00..30.76 rows=1033 width=0)
	                    Index Cond: ((id >= 4911155) AND (id <= 4912154))

table 2 : explain SELECT DISTINCT c FROM sbtest2 WHERE id BETWEEN 1975865 AND 1976864 ORDER BY c
	Unique  (cost=4087.06..4092.28 rows=1043 width=121)
	  ->  Sort  (cost=4087.06..4089.67 rows=1043 width=121)
	        Sort Key: c
	        ->  Bitmap Heap Scan on sbtest2  (cost=31.13..4034.78 rows=1043 width=121)
	              Recheck Cond: ((id >= 1975865) AND (id <= 1976864))
	              ->  Bitmap Index Scan on sbtest2_pkey  (cost=0.00..30.86 rows=1043 width=0)
	                    Index Cond: ((id >= 1975865) AND (id <= 1976864))

table 3 : explain SELECT DISTINCT c FROM sbtest3 WHERE id BETWEEN 2727851 AND 2728850 ORDER BY c
	Unique  (cost=4294.00..4299.49 rows=1097 width=121)
	  ->  Sort  (cost=4294.00..4296.75 rows=1097 width=121)
	        Sort Key: c
	        ->  Bitmap Heap Scan on sbtest3  (cost=31.68..4238.61 rows=1097 width=121)
	              Recheck Cond: ((id >= 2727851) AND (id <= 2728850))
	              ->  Bitmap Index Scan on sbtest3_pkey  (cost=0.00..31.40 rows=1097 width=0)
	                    Index Cond: ((id >= 2727851) AND (id <= 2728850))

table 4 : explain SELECT DISTINCT c FROM sbtest4 WHERE id BETWEEN 7358824 AND 7359823 ORDER BY c
	Unique  (cost=4137.30..4142.58 rows=1056 width=121)
	  ->  Sort  (cost=4137.30..4139.94 rows=1056 width=121)
	        Sort Key: c
	        ->  Bitmap Heap Scan on sbtest4  (cost=31.26..4084.27 rows=1056 width=121)
	              Recheck Cond: ((id >= 7358824) AND (id <= 7359823))
	              ->  Bitmap Index Scan on sbtest4_pkey  (cost=0.00..31.00 rows=1056 width=0)
	                    Index Cond: ((id >= 7358824) AND (id <= 7359823))

table 5 : explain SELECT DISTINCT c FROM sbtest5 WHERE id BETWEEN 4069087 AND 4070086 ORDER BY c
	Unique  (cost=3847.24..3852.14 rows=979 width=121)
	  ->  Sort  (cost=3847.24..3849.69 rows=979 width=121)
	        Sort Key: c
	        ->  Bitmap Heap Scan on sbtest5  (cost=30.47..3798.61 rows=979 width=121)
	              Recheck Cond: ((id >= 4069087) AND (id <= 4070086))
	              ->  Bitmap Index Scan on sbtest5_pkey  (cost=0.00..30.22 rows=979 width=0)
	                    Index Cond: ((id >= 4069087) AND (id <= 4070086))

table 6 : explain SELECT DISTINCT c FROM sbtest6 WHERE id BETWEEN 8254045 AND 8255044 ORDER BY c
	Unique  (cost=4147.07..4152.36 rows=1058 width=121)
	  ->  Sort  (cost=4147.07..4149.72 rows=1058 width=121)
	        Sort Key: c
	        ->  Bitmap Heap Scan on sbtest6  (cost=31.28..4093.92 rows=1058 width=121)
	              Recheck Cond: ((id >= 8254045) AND (id <= 8255044))
	              ->  Bitmap Index Scan on sbtest6_pkey  (cost=0.00..31.01 rows=1058 width=0)
	                    Index Cond: ((id >= 8254045) AND (id <= 8255044))

table 7 : explain SELECT DISTINCT c FROM sbtest7 WHERE id BETWEEN 1256717 AND 1257716 ORDER BY c
	Unique  (cost=3993.10..3998.18 rows=1017 width=121)
	  ->  Sort  (cost=3993.10..3995.64 rows=1017 width=121)
	        Sort Key: c
	        ->  Bitmap Heap Scan on sbtest7  (cost=30.86..3942.30 rows=1017 width=121)
	              Recheck Cond: ((id >= 1256717) AND (id <= 1257716))
	              ->  Bitmap Index Scan on sbtest7_pkey  (cost=0.00..30.61 rows=1017 width=0)
	                    Index Cond: ((id >= 1256717) AND (id <= 1257716))

table 8 : explain SELECT DISTINCT c FROM sbtest8 WHERE id BETWEEN 5519833 AND 5520832 ORDER BY c
	Unique  (cost=4227.80..4233.19 rows=1079 width=121)
	  ->  Sort  (cost=4227.80..4230.50 rows=1079 width=121)
	        Sort Key: c
	        ->  Bitmap Heap Scan on sbtest8  (cost=31.49..4173.44 rows=1079 width=121)
	              Recheck Cond: ((id >= 5519833) AND (id <= 5520832))
	              ->  Bitmap Index Scan on sbtest8_pkey  (cost=0.00..31.22 rows=1079 width=0)
	                    Index Cond: ((id >= 5519833) AND (id <= 5520832))

for: sum_ranges
table 1 : explain SELECT SUM(k) FROM sbtest1 WHERE id BETWEEN 7569562 AND 7570561
	Aggregate  (cost=3162.12..3162.13 rows=1 width=8)
	  ->  Bitmap Heap Scan on sbtest1  (cost=24.77..3160.08 rows=813 width=4)
	        Recheck Cond: ((id >= 7569562) AND (id <= 7570561))
	        ->  Bitmap Index Scan on sbtest1_pkey  (cost=0.00..24.57 rows=813 width=0)
	              Index Cond: ((id >= 7569562) AND (id <= 7570561))

table 2 : explain SELECT SUM(k) FROM sbtest2 WHERE id BETWEEN 1767471 AND 1768470
	Aggregate  (cost=4191.79..4191.80 rows=1 width=8)
	  ->  Bitmap Heap Scan on sbtest2  (cost=31.55..4189.08 rows=1084 width=4)
	        Recheck Cond: ((id >= 1767471) AND (id <= 1768470))
	        ->  Bitmap Index Scan on sbtest2_pkey  (cost=0.00..31.27 rows=1084 width=0)
	              Index Cond: ((id >= 1767471) AND (id <= 1768470))

table 3 : explain SELECT SUM(k) FROM sbtest3 WHERE id BETWEEN 3694625 AND 3695624
	Aggregate  (cost=4188.66..4188.67 rows=1 width=8)
	  ->  Bitmap Heap Scan on sbtest3  (cost=31.54..4185.95 rows=1083 width=4)
	        Recheck Cond: ((id >= 3694625) AND (id <= 3695624))
	        ->  Bitmap Index Scan on sbtest3_pkey  (cost=0.00..31.26 rows=1083 width=0)
	              Index Cond: ((id >= 3694625) AND (id <= 3695624))

table 4 : explain SELECT SUM(k) FROM sbtest4 WHERE id BETWEEN 1328265 AND 1329264
	Aggregate  (cost=3773.75..3773.76 rows=1 width=8)
	  ->  Bitmap Heap Scan on sbtest4  (cost=30.41..3771.32 rows=973 width=4)
	        Recheck Cond: ((id >= 1328265) AND (id <= 1329264))
	        ->  Bitmap Index Scan on sbtest4_pkey  (cost=0.00..30.16 rows=973 width=0)
	              Index Cond: ((id >= 1328265) AND (id <= 1329264))

table 5 : explain SELECT SUM(k) FROM sbtest5 WHERE id BETWEEN 3453143 AND 3454142
	Aggregate  (cost=3816.19..3816.20 rows=1 width=8)
	  ->  Bitmap Heap Scan on sbtest5  (cost=30.51..3813.74 rows=983 width=4)
	        Recheck Cond: ((id >= 3453143) AND (id <= 3454142))
	        ->  Bitmap Index Scan on sbtest5_pkey  (cost=0.00..30.26 rows=983 width=0)
	              Index Cond: ((id >= 3453143) AND (id <= 3454142))

table 6 : explain SELECT SUM(k) FROM sbtest6 WHERE id BETWEEN 7028664 AND 7029663
	Aggregate  (cost=3972.07..3972.08 rows=1 width=8)
	  ->  Bitmap Heap Scan on sbtest6  (cost=30.94..3969.51 rows=1025 width=4)
	        Recheck Cond: ((id >= 7028664) AND (id <= 7029663))
	        ->  Bitmap Index Scan on sbtest6_pkey  (cost=0.00..30.68 rows=1025 width=0)
	              Index Cond: ((id >= 7028664) AND (id <= 7029663))

table 7 : explain SELECT SUM(k) FROM sbtest7 WHERE id BETWEEN 1204532 AND 1205531
	Aggregate  (cost=3429.40..3429.41 rows=1 width=8)
	  ->  Bitmap Heap Scan on sbtest7  (cost=25.48..3427.20 rows=882 width=4)
	        Recheck Cond: ((id >= 1204532) AND (id <= 1205531))
	        ->  Bitmap Index Scan on sbtest7_pkey  (cost=0.00..25.25 rows=882 width=0)
	              Index Cond: ((id >= 1204532) AND (id <= 1205531))

table 8 : explain SELECT SUM(k) FROM sbtest8 WHERE id BETWEEN 306101 AND 307100
	Aggregate  (cost=3866.70..3866.71 rows=1 width=8)
	  ->  Bitmap Heap Scan on sbtest8  (cost=30.65..3864.21 rows=997 width=4)
	        Recheck Cond: ((id >= 306101) AND (id <= 307100))
	        ->  Bitmap Index Scan on sbtest8_pkey  (cost=0.00..30.40 rows=997 width=0)
	              Index Cond: ((id >= 306101) AND (id <= 307100))

explain: for point_selects :: explain SELECT c FROM sbtest%u WHERE id=%u
for point_selects
table 1 : explain SELECT c FROM sbtest1 WHERE id=5835195
	Index Scan using sbtest1_pkey on sbtest1  (cost=0.43..8.45 rows=1 width=121)
	  Index Cond: (id = 5835195)

table 2 : explain SELECT c FROM sbtest2 WHERE id=8030770
	Index Scan using sbtest2_pkey on sbtest2  (cost=0.43..8.45 rows=1 width=121)
	  Index Cond: (id = 8030770)

table 3 : explain SELECT c FROM sbtest3 WHERE id=3073017
	Index Scan using sbtest3_pkey on sbtest3  (cost=0.43..8.45 rows=1 width=121)
	  Index Cond: (id = 3073017)

table 4 : explain SELECT c FROM sbtest4 WHERE id=7601940
	Index Scan using sbtest4_pkey on sbtest4  (cost=0.43..8.45 rows=1 width=121)
	  Index Cond: (id = 7601940)

table 5 : explain SELECT c FROM sbtest5 WHERE id=7775862
	Index Scan using sbtest5_pkey on sbtest5  (cost=0.43..8.45 rows=1 width=121)
	  Index Cond: (id = 7775862)

table 6 : explain SELECT c FROM sbtest6 WHERE id=8313459
	Index Scan using sbtest6_pkey on sbtest6  (cost=0.43..8.45 rows=1 width=121)
	  Index Cond: (id = 8313459)

table 7 : explain SELECT c FROM sbtest7 WHERE id=2663121
	Index Scan using sbtest7_pkey on sbtest7  (cost=0.43..8.45 rows=1 width=121)
	  Index Cond: (id = 2663121)

table 8 : explain SELECT c FROM sbtest8 WHERE id=9096108
	Index Scan using sbtest8_pkey on sbtest8  (cost=0.43..8.45 rows=1 width=121)
	  Index Cond: (id = 9096108)

for point_selects
table 1 : explain SELECT c FROM sbtest1 WHERE id=2549342
	Index Scan using sbtest1_pkey on sbtest1  (cost=0.43..8.45 rows=1 width=121)
	  Index Cond: (id = 2549342)

table 2 : explain SELECT c FROM sbtest2 WHERE id=6654983
	Index Scan using sbtest2_pkey on sbtest2  (cost=0.43..8.45 rows=1 width=121)
	  Index Cond: (id = 6654983)

table 3 : explain SELECT c FROM sbtest3 WHERE id=59033
	Index Scan using sbtest3_pkey on sbtest3  (cost=0.43..8.45 rows=1 width=121)
	  Index Cond: (id = 59033)

table 4 : explain SELECT c FROM sbtest4 WHERE id=6964785
	Index Scan using sbtest4_pkey on sbtest4  (cost=0.43..8.45 rows=1 width=121)
	  Index Cond: (id = 6964785)

table 5 : explain SELECT c FROM sbtest5 WHERE id=5484668
	Index Scan using sbtest5_pkey on sbtest5  (cost=0.43..8.45 rows=1 width=121)
	  Index Cond: (id = 5484668)

table 6 : explain SELECT c FROM sbtest6 WHERE id=8669697
	Index Scan using sbtest6_pkey on sbtest6  (cost=0.43..8.45 rows=1 width=121)
	  Index Cond: (id = 8669697)

table 7 : explain SELECT c FROM sbtest7 WHERE id=7524492
	Index Scan using sbtest7_pkey on sbtest7  (cost=0.43..8.45 rows=1 width=121)
	  Index Cond: (id = 7524492)

table 8 : explain SELECT c FROM sbtest8 WHERE id=6692571
	Index Scan using sbtest8_pkey on sbtest8  (cost=0.43..8.45 rows=1 width=121)
	  Index Cond: (id = 6692571)

for: distinct_ranges
table 1 : explain SELECT DISTINCT c FROM sbtest1 WHERE id BETWEEN 2363528 AND 2364527 ORDER BY c
	Unique  (cost=3871.35..3876.28 rows=987 width=121)
	  ->  Sort  (cost=3871.35..3873.82 rows=987 width=121)
	        Sort Key: c
	        ->  Bitmap Heap Scan on sbtest1  (cost=30.55..3822.26 rows=987 width=121)
	              Recheck Cond: ((id >= 2363528) AND (id <= 2364527))
	              ->  Bitmap Index Scan on sbtest1_pkey  (cost=0.00..30.30 rows=987 width=0)
	                    Index Cond: ((id >= 2363528) AND (id <= 2364527))

table 2 : explain SELECT DISTINCT c FROM sbtest2 WHERE id BETWEEN 3259957 AND 3260956 ORDER BY c
	Unique  (cost=4140.58..4145.87 rows=1057 width=121)
	  ->  Sort  (cost=4140.58..4143.22 rows=1057 width=121)
	        Sort Key: c
	        ->  Bitmap Heap Scan on sbtest2  (cost=31.27..4087.49 rows=1057 width=121)
	              Recheck Cond: ((id >= 3259957) AND (id <= 3260956))
	              ->  Bitmap Index Scan on sbtest2_pkey  (cost=0.00..31.00 rows=1057 width=0)
	                    Index Cond: ((id >= 3259957) AND (id <= 3260956))

table 3 : explain SELECT DISTINCT c FROM sbtest3 WHERE id BETWEEN 549052 AND 550051 ORDER BY c
	Unique  (cost=4068.54..4073.73 rows=1038 width=121)
	  ->  Sort  (cost=4068.54..4071.13 rows=1038 width=121)
	        Sort Key: c
	        ->  Bitmap Heap Scan on sbtest3  (cost=31.07..4016.53 rows=1038 width=121)
	              Recheck Cond: ((id >= 549052) AND (id <= 550051))
	              ->  Bitmap Index Scan on sbtest3_pkey  (cost=0.00..30.82 rows=1038 width=0)
	                    Index Cond: ((id >= 549052) AND (id <= 550051))

table 4 : explain SELECT DISTINCT c FROM sbtest4 WHERE id BETWEEN 5826723 AND 5827722 ORDER BY c
	Unique  (cost=4079.95..4085.15 rows=1041 width=121)
	  ->  Sort  (cost=4079.95..4082.55 rows=1041 width=121)
	        Sort Key: c
	        ->  Bitmap Heap Scan on sbtest4  (cost=31.11..4027.77 rows=1041 width=121)
	              Recheck Cond: ((id >= 5826723) AND (id <= 5827722))
	              ->  Bitmap Index Scan on sbtest4_pkey  (cost=0.00..30.84 rows=1041 width=0)
	                    Index Cond: ((id >= 5826723) AND (id <= 5827722))

table 5 : explain SELECT DISTINCT c FROM sbtest5 WHERE id BETWEEN 3618855 AND 3619854 ORDER BY c
	Unique  (cost=4096.53..4101.75 rows=1044 width=121)
	  ->  Sort  (cost=4096.53..4099.14 rows=1044 width=121)
	        Sort Key: c
	        ->  Bitmap Heap Scan on sbtest5  (cost=31.14..4044.18 rows=1044 width=121)
	              Recheck Cond: ((id >= 3618855) AND (id <= 3619854))
	              ->  Bitmap Index Scan on sbtest5_pkey  (cost=0.00..30.87 rows=1044 width=0)
	                    Index Cond: ((id >= 3618855) AND (id <= 3619854))

table 6 : explain SELECT DISTINCT c FROM sbtest6 WHERE id BETWEEN 9846198 AND 9847197 ORDER BY c
	Unique  (cost=4089.68..4094.89 rows=1043 width=121)
	  ->  Sort  (cost=4089.68..4092.29 rows=1043 width=121)
	        Sort Key: c
	        ->  Bitmap Heap Scan on sbtest6  (cost=31.13..4037.39 rows=1043 width=121)
	              Recheck Cond: ((id >= 9846198) AND (id <= 9847197))
	              ->  Bitmap Index Scan on sbtest6_pkey  (cost=0.00..30.86 rows=1043 width=0)
	                    Index Cond: ((id >= 9846198) AND (id <= 9847197))

table 7 : explain SELECT DISTINCT c FROM sbtest7 WHERE id BETWEEN 6899301 AND 6900300 ORDER BY c
	Unique  (cost=3724.39..3729.12 rows=947 width=121)
	  ->  Sort  (cost=3724.39..3726.75 rows=947 width=121)
	        Sort Key: c
	        ->  Bitmap Heap Scan on sbtest7  (cost=30.14..3677.57 rows=947 width=121)
	              Recheck Cond: ((id >= 6899301) AND (id <= 6900300))
	              ->  Bitmap Index Scan on sbtest7_pkey  (cost=0.00..29.90 rows=947 width=0)
	                    Index Cond: ((id >= 6899301) AND (id <= 6900300))

table 8 : explain SELECT DISTINCT c FROM sbtest8 WHERE id BETWEEN 3667258 AND 3668257 ORDER BY c
	Unique  (cost=3944.53..3949.55 rows=1005 width=121)
	  ->  Sort  (cost=3944.53..3947.04 rows=1005 width=121)
	        Sort Key: c
	        ->  Bitmap Heap Scan on sbtest8  (cost=30.74..3894.42 rows=1005 width=121)
	              Recheck Cond: ((id >= 3667258) AND (id <= 3668257))
	              ->  Bitmap Index Scan on sbtest8_pkey  (cost=0.00..30.48 rows=1005 width=0)
	                    Index Cond: ((id >= 3667258) AND (id <= 3668257))

for: sum_ranges
table 1 : explain SELECT SUM(k) FROM sbtest1 WHERE id BETWEEN 6794908 AND 6795907
	Aggregate  (cost=3734.12..3734.13 rows=1 width=8)
	  ->  Bitmap Heap Scan on sbtest1  (cost=30.31..3731.72 rows=963 width=4)
	        Recheck Cond: ((id >= 6794908) AND (id <= 6795907))
	        ->  Bitmap Index Scan on sbtest1_pkey  (cost=0.00..30.07 rows=963 width=0)
	              Index Cond: ((id >= 6794908) AND (id <= 6795907))

table 2 : explain SELECT SUM(k) FROM sbtest2 WHERE id BETWEEN 2480850 AND 2481849
	Aggregate  (cost=4131.56..4131.57 rows=1 width=8)
	  ->  Bitmap Heap Scan on sbtest2  (cost=31.38..4128.89 rows=1068 width=4)
	        Recheck Cond: ((id >= 2480850) AND (id <= 2481849))
	        ->  Bitmap Index Scan on sbtest2_pkey  (cost=0.00..31.11 rows=1068 width=0)
	              Index Cond: ((id >= 2480850) AND (id <= 2481849))

table 3 : explain SELECT SUM(k) FROM sbtest3 WHERE id BETWEEN 7340422 AND 7341421
	Aggregate  (cost=3905.97..3905.98 rows=1 width=8)
	  ->  Bitmap Heap Scan on sbtest3  (cost=30.77..3903.45 rows=1008 width=4)
	        Recheck Cond: ((id >= 7340422) AND (id <= 7341421))
	        ->  Bitmap Index Scan on sbtest3_pkey  (cost=0.00..30.51 rows=1008 width=0)
	              Index Cond: ((id >= 7340422) AND (id <= 7341421))

table 4 : explain SELECT SUM(k) FROM sbtest4 WHERE id BETWEEN 2882135 AND 2883134
	Aggregate  (cost=3973.82..3973.83 rows=1 width=8)
	  ->  Bitmap Heap Scan on sbtest4  (cost=30.95..3971.25 rows=1026 width=4)
	        Recheck Cond: ((id >= 2882135) AND (id <= 2883134))
	        ->  Bitmap Index Scan on sbtest4_pkey  (cost=0.00..30.69 rows=1026 width=0)
	              Index Cond: ((id >= 2882135) AND (id <= 2883134))

table 5 : explain SELECT SUM(k) FROM sbtest5 WHERE id BETWEEN 542752 AND 543751
	Aggregate  (cost=3558.59..3558.60 rows=1 width=8)
	  ->  Bitmap Heap Scan on sbtest5  (cost=29.81..3556.30 rows=915 width=4)
	        Recheck Cond: ((id >= 542752) AND (id <= 543751))
	        ->  Bitmap Index Scan on sbtest5_pkey  (cost=0.00..29.58 rows=915 width=0)
	              Index Cond: ((id >= 542752) AND (id <= 543751))

table 6 : explain SELECT SUM(k) FROM sbtest6 WHERE id BETWEEN 8397618 AND 8398617
	Aggregate  (cost=3730.24..3730.25 rows=1 width=8)
	  ->  Bitmap Heap Scan on sbtest6  (cost=30.29..3727.84 rows=961 width=4)
	        Recheck Cond: ((id >= 8397618) AND (id <= 8398617))
	        ->  Bitmap Index Scan on sbtest6_pkey  (cost=0.00..30.04 rows=961 width=0)
	              Index Cond: ((id >= 8397618) AND (id <= 8398617))

table 7 : explain SELECT SUM(k) FROM sbtest7 WHERE id BETWEEN 902435 AND 903434
	Aggregate  (cost=4046.85..4046.86 rows=1 width=8)
	  ->  Bitmap Heap Scan on sbtest7  (cost=31.14..4044.24 rows=1044 width=4)
	        Recheck Cond: ((id >= 902435) AND (id <= 903434))
	        ->  Bitmap Index Scan on sbtest7_pkey  (cost=0.00..30.87 rows=1044 width=0)
	              Index Cond: ((id >= 902435) AND (id <= 903434))

table 8 : explain SELECT SUM(k) FROM sbtest8 WHERE id BETWEEN 7856647 AND 7857646
	Aggregate  (cost=3726.81..3726.82 rows=1 width=8)
	  ->  Bitmap Heap Scan on sbtest8  (cost=30.27..3724.41 rows=960 width=4)
	        Recheck Cond: ((id >= 7856647) AND (id <= 7857646))
	        ->  Bitmap Index Scan on sbtest8_pkey  (cost=0.00..30.04 rows=960 width=0)
	              Index Cond: ((id >= 7856647) AND (id <= 7857646))

for: simple_ranges
table 1 : explain SELECT c FROM sbtest1 WHERE id BETWEEN 2464987 AND 2465986
	Bitmap Heap Scan on sbtest1  (cost=30.67..3867.50 rows=999 width=121)
	  Recheck Cond: ((id >= 2464987) AND (id <= 2465986))
	  ->  Bitmap Index Scan on sbtest1_pkey  (cost=0.00..30.43 rows=999 width=0)
	        Index Cond: ((id >= 2464987) AND (id <= 2465986))

table 2 : explain SELECT c FROM sbtest2 WHERE id BETWEEN 7325180 AND 7326179
	Bitmap Heap Scan on sbtest2  (cost=31.31..4102.55 rows=1061 width=121)
	  Recheck Cond: ((id >= 7325180) AND (id <= 7326179))
	  ->  Bitmap Index Scan on sbtest2_pkey  (cost=0.00..31.04 rows=1061 width=0)
	        Index Cond: ((id >= 7325180) AND (id <= 7326179))

table 3 : explain SELECT c FROM sbtest3 WHERE id BETWEEN 8434085 AND 8435084
	Bitmap Heap Scan on sbtest3  (cost=30.84..3929.85 rows=1015 width=121)
	  Recheck Cond: ((id >= 8434085) AND (id <= 8435084))
	  ->  Bitmap Index Scan on sbtest3_pkey  (cost=0.00..30.58 rows=1015 width=0)
	        Index Cond: ((id >= 8434085) AND (id <= 8435084))

table 4 : explain SELECT c FROM sbtest4 WHERE id BETWEEN 3754964 AND 3755963
	Bitmap Heap Scan on sbtest4  (cost=30.49..3801.52 rows=981 width=121)
	  Recheck Cond: ((id >= 3754964) AND (id <= 3755963))
	  ->  Bitmap Index Scan on sbtest4_pkey  (cost=0.00..30.25 rows=981 width=0)
	        Index Cond: ((id >= 3754964) AND (id <= 3755963))

table 5 : explain SELECT c FROM sbtest5 WHERE id BETWEEN 1512855 AND 1513854
	Bitmap Heap Scan on sbtest5  (cost=31.61..4217.67 rows=1090 width=121)
	  Recheck Cond: ((id >= 1512855) AND (id <= 1513854))
	  ->  Bitmap Index Scan on sbtest5_pkey  (cost=0.00..31.33 rows=1090 width=0)
	        Index Cond: ((id >= 1512855) AND (id <= 1513854))

table 6 : explain SELECT c FROM sbtest6 WHERE id BETWEEN 6976219 AND 6977218
	Bitmap Heap Scan on sbtest6  (cost=30.09..3655.99 rows=942 width=121)
	  Recheck Cond: ((id >= 6976219) AND (id <= 6977218))
	  ->  Bitmap Index Scan on sbtest6_pkey  (cost=0.00..29.86 rows=942 width=0)
	        Index Cond: ((id >= 6976219) AND (id <= 6977218))

table 7 : explain SELECT c FROM sbtest7 WHERE id BETWEEN 8443038 AND 8444037
	Bitmap Heap Scan on sbtest7  (cost=30.07..3651.06 rows=940 width=121)
	  Recheck Cond: ((id >= 8443038) AND (id <= 8444037))
	  ->  Bitmap Index Scan on sbtest7_pkey  (cost=0.00..29.83 rows=940 width=0)
	        Index Cond: ((id >= 8443038) AND (id <= 8444037))

table 8 : explain SELECT c FROM sbtest8 WHERE id BETWEEN 9437330 AND 9438329
	Bitmap Heap Scan on sbtest8  (cost=30.16..3682.81 rows=949 width=121)
	  Recheck Cond: ((id >= 9437330) AND (id <= 9438329))
	  ->  Bitmap Index Scan on sbtest8_pkey  (cost=0.00..29.93 rows=949 width=0)
	        Index Cond: ((id >= 9437330) AND (id <= 9438329))

for: sum_ranges
table 1 : explain SELECT SUM(k) FROM sbtest1 WHERE id BETWEEN 3599444 AND 3600443
	Aggregate  (cost=4017.01..4017.02 rows=1 width=8)
	  ->  Bitmap Heap Scan on sbtest1  (cost=31.07..4014.42 rows=1038 width=4)
	        Recheck Cond: ((id >= 3599444) AND (id <= 3600443))
	        ->  Bitmap Index Scan on sbtest1_pkey  (cost=0.00..30.82 rows=1038 width=0)
	              Index Cond: ((id >= 3599444) AND (id <= 3600443))

table 2 : explain SELECT SUM(k) FROM sbtest2 WHERE id BETWEEN 2735392 AND 2736391
	Aggregate  (cost=3950.67..3950.68 rows=1 width=8)
	  ->  Bitmap Heap Scan on sbtest2  (cost=30.89..3948.12 rows=1020 width=4)
	        Recheck Cond: ((id >= 2735392) AND (id <= 2736391))
	        ->  Bitmap Index Scan on sbtest2_pkey  (cost=0.00..30.64 rows=1020 width=0)
	              Index Cond: ((id >= 2735392) AND (id <= 2736391))

table 3 : explain SELECT SUM(k) FROM sbtest3 WHERE id BETWEEN 625452 AND 626451
	Aggregate  (cost=3932.38..3932.39 rows=1 width=8)
	  ->  Bitmap Heap Scan on sbtest3  (cost=30.84..3929.85 rows=1015 width=4)
	        Recheck Cond: ((id >= 625452) AND (id <= 626451))
	        ->  Bitmap Index Scan on sbtest3_pkey  (cost=0.00..30.58 rows=1015 width=0)
	              Index Cond: ((id >= 625452) AND (id <= 626451))

table 4 : explain SELECT SUM(k) FROM sbtest4 WHERE id BETWEEN 6081027 AND 6082026
	Aggregate  (cost=4143.41..4143.42 rows=1 width=8)
	  ->  Bitmap Heap Scan on sbtest4  (cost=31.41..4140.73 rows=1071 width=4)
	        Recheck Cond: ((id >= 6081027) AND (id <= 6082026))
	        ->  Bitmap Index Scan on sbtest4_pkey  (cost=0.00..31.14 rows=1071 width=0)
	              Index Cond: ((id >= 6081027) AND (id <= 6082026))

table 5 : explain SELECT SUM(k) FROM sbtest5 WHERE id BETWEEN 6175592 AND 6176591
	Aggregate  (cost=4133.62..4133.63 rows=1 width=8)
	  ->  Bitmap Heap Scan on sbtest5  (cost=31.37..4130.96 rows=1067 width=4)
	        Recheck Cond: ((id >= 6175592) AND (id <= 6176591))
	        ->  Bitmap Index Scan on sbtest5_pkey  (cost=0.00..31.11 rows=1067 width=0)
	              Index Cond: ((id >= 6175592) AND (id <= 6176591))

table 6 : explain SELECT SUM(k) FROM sbtest6 WHERE id BETWEEN 172440 AND 173439
	Aggregate  (cost=3601.56..3601.57 rows=1 width=8)
	  ->  Bitmap Heap Scan on sbtest6  (cost=29.94..3599.24 rows=927 width=4)
	        Recheck Cond: ((id >= 172440) AND (id <= 173439))
	        ->  Bitmap Index Scan on sbtest6_pkey  (cost=0.00..29.70 rows=927 width=0)
	              Index Cond: ((id >= 172440) AND (id <= 173439))

table 7 : explain SELECT SUM(k) FROM sbtest7 WHERE id BETWEEN 69252 AND 70251
	Aggregate  (cost=4529.57..4529.58 rows=1 width=8)
	  ->  Bitmap Heap Scan on sbtest7  (cost=36.45..4526.64 rows=1172 width=4)
	        Recheck Cond: ((id >= 69252) AND (id <= 70251))
	        ->  Bitmap Index Scan on sbtest7_pkey  (cost=0.00..36.16 rows=1172 width=0)
	              Index Cond: ((id >= 69252) AND (id <= 70251))

table 8 : explain SELECT SUM(k) FROM sbtest8 WHERE id BETWEEN 4324292 AND 4325291
	Aggregate  (cost=3696.54..3696.55 rows=1 width=8)
	  ->  Bitmap Heap Scan on sbtest8  (cost=30.19..3694.16 rows=952 width=4)
	        Recheck Cond: ((id >= 4324292) AND (id <= 4325291))
	        ->  Bitmap Index Scan on sbtest8_pkey  (cost=0.00..29.95 rows=952 width=0)
	              Index Cond: ((id >= 4324292) AND (id <= 4325291))

explain: for point_selects :: explain SELECT c FROM sbtest%u WHERE id=%u
for: simple_ranges
table 1 : explain SELECT c FROM sbtest1 WHERE id BETWEEN 8172687 AND 8173686
	Bitmap Heap Scan on sbtest1  (cost=32.03..4360.26 rows=1131 width=121)
	  Recheck Cond: ((id >= 8172687) AND (id <= 8173686))
	  ->  Bitmap Index Scan on sbtest1_pkey  (cost=0.00..31.75 rows=1131 width=0)
	        Index Cond: ((id >= 8172687) AND (id <= 8173686))

table 2 : explain SELECT c FROM sbtest2 WHERE id BETWEEN 5975657 AND 5976656
	Bitmap Heap Scan on sbtest2  (cost=31.47..4162.75 rows=1077 width=121)
	  Recheck Cond: ((id >= 5975657) AND (id <= 5976656))
	  ->  Bitmap Index Scan on sbtest2_pkey  (cost=0.00..31.20 rows=1077 width=0)
	        Index Cond: ((id >= 5975657) AND (id <= 5976656))

table 3 : explain SELECT c FROM sbtest3 WHERE id BETWEEN 8789852 AND 8790851
	Bitmap Heap Scan on sbtest3  (cost=26.06..3638.92 rows=939 width=121)
	  Recheck Cond: ((id >= 8789852) AND (id <= 8790851))
	  ->  Bitmap Index Scan on sbtest3_pkey  (cost=0.00..25.82 rows=939 width=0)
	        Index Cond: ((id >= 8789852) AND (id <= 8790851))

table 4 : explain SELECT c FROM sbtest4 WHERE id BETWEEN 1974817 AND 1975816
	Bitmap Heap Scan on sbtest4  (cost=30.86..3937.33 rows=1017 width=121)
	  Recheck Cond: ((id >= 1974817) AND (id <= 1975816))
	  ->  Bitmap Index Scan on sbtest4_pkey  (cost=0.00..30.61 rows=1017 width=0)
	        Index Cond: ((id >= 1974817) AND (id <= 1975816))

table 5 : explain SELECT c FROM sbtest5 WHERE id BETWEEN 8856637 AND 8857636
	Bitmap Heap Scan on sbtest5  (cost=31.71..4255.35 rows=1100 width=121)
	  Recheck Cond: ((id >= 8856637) AND (id <= 8857636))
	  ->  Bitmap Index Scan on sbtest5_pkey  (cost=0.00..31.43 rows=1100 width=0)
	        Index Cond: ((id >= 8856637) AND (id <= 8857636))

table 6 : explain SELECT c FROM sbtest6 WHERE id BETWEEN 8420515 AND 8421514
	Bitmap Heap Scan on sbtest6  (cost=30.29..3727.84 rows=961 width=121)
	  Recheck Cond: ((id >= 8420515) AND (id <= 8421514))
	  ->  Bitmap Index Scan on sbtest6_pkey  (cost=0.00..30.04 rows=961 width=0)
	        Index Cond: ((id >= 8420515) AND (id <= 8421514))

table 7 : explain SELECT c FROM sbtest7 WHERE id BETWEEN 4704241 AND 4705240
	Bitmap Heap Scan on sbtest7  (cost=31.47..4168.73 rows=1077 width=121)
	  Recheck Cond: ((id >= 4704241) AND (id <= 4705240))
	  ->  Bitmap Index Scan on sbtest7_pkey  (cost=0.00..31.20 rows=1077 width=0)
	        Index Cond: ((id >= 4704241) AND (id <= 4705240))

table 8 : explain SELECT c FROM sbtest8 WHERE id BETWEEN 5004991 AND 5005990
	Bitmap Heap Scan on sbtest8  (cost=30.44..3784.88 rows=976 width=121)
	  Recheck Cond: ((id >= 5004991) AND (id <= 5005990))
	  ->  Bitmap Index Scan on sbtest8_pkey  (cost=0.00..30.19 rows=976 width=0)
	        Index Cond: ((id >= 5004991) AND (id <= 5005990))

for point_selects
table 1 : explain SELECT c FROM sbtest1 WHERE id=5184094
	Index Scan using sbtest1_pkey on sbtest1  (cost=0.43..8.45 rows=1 width=121)
	  Index Cond: (id = 5184094)

table 2 : explain SELECT c FROM sbtest2 WHERE id=4456293
	Index Scan using sbtest2_pkey on sbtest2  (cost=0.43..8.45 rows=1 width=121)
	  Index Cond: (id = 4456293)

table 3 : explain SELECT c FROM sbtest3 WHERE id=8493395
	Index Scan using sbtest3_pkey on sbtest3  (cost=0.43..8.45 rows=1 width=121)
	  Index Cond: (id = 8493395)

table 4 : explain SELECT c FROM sbtest4 WHERE id=322083
	Index Scan using sbtest4_pkey on sbtest4  (cost=0.43..8.45 rows=1 width=121)
	  Index Cond: (id = 322083)

table 5 : explain SELECT c FROM sbtest5 WHERE id=7400107
	Index Scan using sbtest5_pkey on sbtest5  (cost=0.43..8.45 rows=1 width=121)
	  Index Cond: (id = 7400107)

table 6 : explain SELECT c FROM sbtest6 WHERE id=5445158
	Index Scan using sbtest6_pkey on sbtest6  (cost=0.43..8.45 rows=1 width=121)
	  Index Cond: (id = 5445158)

table 7 : explain SELECT c FROM sbtest7 WHERE id=743059
	Index Scan using sbtest7_pkey on sbtest7  (cost=0.43..8.45 rows=1 width=121)
	  Index Cond: (id = 743059)

table 8 : explain SELECT c FROM sbtest8 WHERE id=1821032
	Index Scan using sbtest8_pkey on sbtest8  (cost=0.43..8.45 rows=1 width=121)
	  Index Cond: (id = 1821032)

for: order_ranges
table 1 : explain SELECT c FROM sbtest1 WHERE id BETWEEN 4267832 AND 4268831 ORDER BY c
	Sort  (cost=3963.18..3965.71 rows=1011 width=121)
	  Sort Key: c
	  ->  Bitmap Heap Scan on sbtest1  (cost=30.80..3912.73 rows=1011 width=121)
	        Recheck Cond: ((id >= 4267832) AND (id <= 4268831))
	        ->  Bitmap Index Scan on sbtest1_pkey  (cost=0.00..30.54 rows=1011 width=0)
	              Index Cond: ((id >= 4267832) AND (id <= 4268831))

table 2 : explain SELECT c FROM sbtest2 WHERE id BETWEEN 7081675 AND 7082674 ORDER BY c
	Sort  (cost=3865.10..3867.56 rows=985 width=121)
	  Sort Key: c
	  ->  Bitmap Heap Scan on sbtest2  (cost=30.53..3816.13 rows=985 width=121)
	        Recheck Cond: ((id >= 7081675) AND (id <= 7082674))
	        ->  Bitmap Index Scan on sbtest2_pkey  (cost=0.00..30.29 rows=985 width=0)
	              Index Cond: ((id >= 7081675) AND (id <= 7082674))

table 3 : explain SELECT c FROM sbtest3 WHERE id BETWEEN 7656659 AND 7657658 ORDER BY c
	Sort  (cost=4377.98..4380.77 rows=1119 width=121)
	  Sort Key: c
	  ->  Bitmap Heap Scan on sbtest3  (cost=31.90..4321.31 rows=1119 width=121)
	        Recheck Cond: ((id >= 7656659) AND (id <= 7657658))
	        ->  Bitmap Index Scan on sbtest3_pkey  (cost=0.00..31.62 rows=1119 width=0)
	              Index Cond: ((id >= 7656659) AND (id <= 7657658))

table 4 : explain SELECT c FROM sbtest4 WHERE id BETWEEN 4781145 AND 4782144 ORDER BY c
	Sort  (cost=4206.09..4208.78 rows=1074 width=121)
	  Sort Key: c
	  ->  Bitmap Heap Scan on sbtest4  (cost=31.44..4152.02 rows=1074 width=121)
	        Recheck Cond: ((id >= 4781145) AND (id <= 4782144))
	        ->  Bitmap Index Scan on sbtest4_pkey  (cost=0.00..31.18 rows=1074 width=0)
	              Index Cond: ((id >= 4781145) AND (id <= 4782144))

table 5 : explain SELECT c FROM sbtest5 WHERE id BETWEEN 1226519 AND 1227518 ORDER BY c
	Sort  (cost=4410.51..4413.32 rows=1125 width=121)
	  Sort Key: c
	  ->  Bitmap Heap Scan on sbtest5  (cost=35.97..4353.50 rows=1125 width=121)
	        Recheck Cond: ((id >= 1226519) AND (id <= 1227518))
	        ->  Bitmap Index Scan on sbtest5_pkey  (cost=0.00..35.69 rows=1125 width=0)
	              Index Cond: ((id >= 1226519) AND (id <= 1227518))

table 6 : explain SELECT c FROM sbtest6 WHERE id BETWEEN 986950 AND 987949 ORDER BY c
	Sort  (cost=4246.50..4249.21 rows=1084 width=121)
	  Sort Key: c
	  ->  Bitmap Heap Scan on sbtest6  (cost=31.55..4191.85 rows=1084 width=121)
	        Recheck Cond: ((id >= 986950) AND (id <= 987949))
	        ->  Bitmap Index Scan on sbtest6_pkey  (cost=0.00..31.27 rows=1084 width=0)
	              Index Cond: ((id >= 986950) AND (id <= 987949))

table 7 : explain SELECT c FROM sbtest7 WHERE id BETWEEN 5908299 AND 5909298 ORDER BY c
	Sort  (cost=4184.69..4187.35 rows=1067 width=121)
	  Sort Key: c
	  ->  Bitmap Heap Scan on sbtest7  (cost=31.37..4131.02 rows=1067 width=121)
	        Recheck Cond: ((id >= 5908299) AND (id <= 5909298))
	        ->  Bitmap Index Scan on sbtest7_pkey  (cost=0.00..31.11 rows=1067 width=0)
	              Index Cond: ((id >= 5908299) AND (id <= 5909298))

table 8 : explain SELECT c FROM sbtest8 WHERE id BETWEEN 5244815 AND 5245814 ORDER BY c
	Sort  (cost=4136.00..4138.63 rows=1055 width=121)
	  Sort Key: c
	  ->  Bitmap Heap Scan on sbtest8  (cost=31.25..4083.02 rows=1055 width=121)
	        Recheck Cond: ((id >= 5244815) AND (id <= 5245814))
	        ->  Bitmap Index Scan on sbtest8_pkey  (cost=0.00..30.98 rows=1055 width=0)
	              Index Cond: ((id >= 5244815) AND (id <= 5245814))

explain: for point_selects :: explain SELECT c FROM sbtest%u WHERE id=%u
for point_selects
table 1 : explain SELECT c FROM sbtest1 WHERE id=9602716
	Index Scan using sbtest1_pkey on sbtest1  (cost=0.43..8.45 rows=1 width=121)
	  Index Cond: (id = 9602716)

table 2 : explain SELECT c FROM sbtest2 WHERE id=9086437
	Index Scan using sbtest2_pkey on sbtest2  (cost=0.43..8.45 rows=1 width=121)
	  Index Cond: (id = 9086437)

table 3 : explain SELECT c FROM sbtest3 WHERE id=9532038
	Index Scan using sbtest3_pkey on sbtest3  (cost=0.43..8.45 rows=1 width=121)
	  Index Cond: (id = 9532038)

table 4 : explain SELECT c FROM sbtest4 WHERE id=1151420
	Index Scan using sbtest4_pkey on sbtest4  (cost=0.43..8.45 rows=1 width=121)
	  Index Cond: (id = 1151420)

table 5 : explain SELECT c FROM sbtest5 WHERE id=4753127
	Index Scan using sbtest5_pkey on sbtest5  (cost=0.43..8.45 rows=1 width=121)
	  Index Cond: (id = 4753127)

table 6 : explain SELECT c FROM sbtest6 WHERE id=5642290
	Index Scan using sbtest6_pkey on sbtest6  (cost=0.43..8.45 rows=1 width=121)
	  Index Cond: (id = 5642290)

table 7 : explain SELECT c FROM sbtest7 WHERE id=284606
	Index Scan using sbtest7_pkey on sbtest7  (cost=0.43..8.45 rows=1 width=121)
	  Index Cond: (id = 284606)

table 8 : explain SELECT c FROM sbtest8 WHERE id=2942377
	Index Scan using sbtest8_pkey on sbtest8  (cost=0.43..8.45 rows=1 width=121)
	  Index Cond: (id = 2942377)

for: order_ranges
table 1 : explain SELECT c FROM sbtest1 WHERE id BETWEEN 9646597 AND 9647596 ORDER BY c
	Sort  (cost=4272.63..4275.36 rows=1092 width=121)
	  Sort Key: c
	  ->  Bitmap Heap Scan on sbtest1  (cost=31.63..4217.52 rows=1092 width=121)
	        Recheck Cond: ((id >= 9646597) AND (id <= 9647596))
	        ->  Bitmap Index Scan on sbtest1_pkey  (cost=0.00..31.36 rows=1092 width=0)
	              Index Cond: ((id >= 9646597) AND (id <= 9647596))

table 2 : explain SELECT c FROM sbtest2 WHERE id BETWEEN 2330173 AND 2331172 ORDER BY c
	Sort  (cost=4132.94..4135.57 rows=1055 width=121)
	  Sort Key: c
	  ->  Bitmap Heap Scan on sbtest2  (cost=31.25..4079.96 rows=1055 width=121)
	        Recheck Cond: ((id >= 2330173) AND (id <= 2331172))
	        ->  Bitmap Index Scan on sbtest2_pkey  (cost=0.00..30.98 rows=1055 width=0)
	              Index Cond: ((id >= 2330173) AND (id <= 2331172))

table 3 : explain SELECT c FROM sbtest3 WHERE id BETWEEN 859720 AND 860719 ORDER BY c
	Sort  (cost=4076.19..4078.79 rows=1040 width=121)
	  Sort Key: c
	  ->  Bitmap Heap Scan on sbtest3  (cost=31.09..4024.07 rows=1040 width=121)
	        Recheck Cond: ((id >= 859720) AND (id <= 860719))
	        ->  Bitmap Index Scan on sbtest3_pkey  (cost=0.00..30.83 rows=1040 width=0)
	              Index Cond: ((id >= 859720) AND (id <= 860719))

table 4 : explain SELECT c FROM sbtest4 WHERE id BETWEEN 2214260 AND 2215259 ORDER BY c
	Sort  (cost=3865.59..3868.05 rows=985 width=121)
	  Sort Key: c
	  ->  Bitmap Heap Scan on sbtest4  (cost=30.53..3816.62 rows=985 width=121)
	        Recheck Cond: ((id >= 2214260) AND (id <= 2215259))
	        ->  Bitmap Index Scan on sbtest4_pkey  (cost=0.00..30.29 rows=985 width=0)
	              Index Cond: ((id >= 2214260) AND (id <= 2215259))

table 5 : explain SELECT c FROM sbtest5 WHERE id BETWEEN 1504393 AND 1505392 ORDER BY c
	Sort  (cost=4272.66..4275.38 rows=1090 width=121)
	  Sort Key: c
	  ->  Bitmap Heap Scan on sbtest5  (cost=31.61..4217.67 rows=1090 width=121)
	        Recheck Cond: ((id >= 1504393) AND (id <= 1505392))
	        ->  Bitmap Index Scan on sbtest5_pkey  (cost=0.00..31.33 rows=1090 width=0)
	              Index Cond: ((id >= 1504393) AND (id <= 1505392))

table 6 : explain SELECT c FROM sbtest6 WHERE id BETWEEN 4921095 AND 4922094 ORDER BY c
	Sort  (cost=3702.53..3704.88 rows=942 width=121)
	  Sort Key: c
	  ->  Bitmap Heap Scan on sbtest6  (cost=30.09..3655.99 rows=942 width=121)
	        Recheck Cond: ((id >= 4921095) AND (id <= 4922094))
	        ->  Bitmap Index Scan on sbtest6_pkey  (cost=0.00..29.86 rows=942 width=0)
	              Index Cond: ((id >= 4921095) AND (id <= 4922094))

table 7 : explain SELECT c FROM sbtest7 WHERE id BETWEEN 4325081 AND 4326080 ORDER BY c
	Sort  (cost=4119.58..4122.20 rows=1050 width=121)
	  Sort Key: c
	  ->  Bitmap Heap Scan on sbtest7  (cost=31.20..4066.89 rows=1050 width=121)
	        Recheck Cond: ((id >= 4325081) AND (id <= 4326080))
	        ->  Bitmap Index Scan on sbtest7_pkey  (cost=0.00..30.93 rows=1050 width=0)
	              Index Cond: ((id >= 4325081) AND (id <= 4326080))

table 8 : explain SELECT c FROM sbtest8 WHERE id BETWEEN 8807936 AND 8808935 ORDER BY c
	Sort  (cost=3633.73..3636.04 rows=924 width=121)
	  Sort Key: c
	  ->  Bitmap Heap Scan on sbtest8  (cost=29.91..3588.21 rows=924 width=121)
	        Recheck Cond: ((id >= 8807936) AND (id <= 8808935))
	        ->  Bitmap Index Scan on sbtest8_pkey  (cost=0.00..29.68 rows=924 width=0)
	              Index Cond: ((id >= 8807936) AND (id <= 8808935))

for: simple_ranges
table 1 : explain SELECT c FROM sbtest1 WHERE id BETWEEN 3270398 AND 3271397
	Bitmap Heap Scan on sbtest1  (cost=30.82..3920.26 rows=1013 width=121)
	  Recheck Cond: ((id >= 3270398) AND (id <= 3271397))
	  ->  Bitmap Index Scan on sbtest1_pkey  (cost=0.00..30.57 rows=1013 width=0)
	        Index Cond: ((id >= 3270398) AND (id <= 3271397))

table 2 : explain SELECT c FROM sbtest2 WHERE id BETWEEN 2828332 AND 2829331
	Bitmap Heap Scan on sbtest2  (cost=30.21..3699.09 rows=954 width=121)
	  Recheck Cond: ((id >= 2828332) AND (id <= 2829331))
	  ->  Bitmap Index Scan on sbtest2_pkey  (cost=0.00..29.97 rows=954 width=0)
	        Index Cond: ((id >= 2828332) AND (id <= 2829331))

table 3 : explain SELECT c FROM sbtest3 WHERE id BETWEEN 9931895 AND 9932894
	Bitmap Heap Scan on sbtest3  (cost=30.48..3797.80 rows=980 width=121)
	  Recheck Cond: ((id >= 9931895) AND (id <= 9932894))
	  ->  Bitmap Index Scan on sbtest3_pkey  (cost=0.00..30.23 rows=980 width=0)
	        Index Cond: ((id >= 9931895) AND (id <= 9932894))

table 4 : explain SELECT c FROM sbtest4 WHERE id BETWEEN 6660166 AND 6661165
	Bitmap Heap Scan on sbtest4  (cost=25.52..3438.33 rows=886 width=121)
	  Recheck Cond: ((id >= 6660166) AND (id <= 6661165))
	  ->  Bitmap Index Scan on sbtest4_pkey  (cost=0.00..25.29 rows=886 width=0)
	        Index Cond: ((id >= 6660166) AND (id <= 6661165))

table 5 : explain SELECT c FROM sbtest5 WHERE id BETWEEN 8416797 AND 8417796
	Bitmap Heap Scan on sbtest5  (cost=30.81..3923.35 rows=1012 width=121)
	  Recheck Cond: ((id >= 8416797) AND (id <= 8417796))
	  ->  Bitmap Index Scan on sbtest5_pkey  (cost=0.00..30.55 rows=1012 width=0)
	        Index Cond: ((id >= 8416797) AND (id <= 8417796))

table 6 : explain SELECT c FROM sbtest6 WHERE id BETWEEN 744536 AND 745535
	Bitmap Heap Scan on sbtest6  (cost=31.18..4056.24 rows=1048 width=121)
	  Recheck Cond: ((id >= 744536) AND (id <= 745535))
	  ->  Bitmap Index Scan on sbtest6_pkey  (cost=0.00..30.91 rows=1048 width=0)
	        Index Cond: ((id >= 744536) AND (id <= 745535))

table 7 : explain SELECT c FROM sbtest7 WHERE id BETWEEN 9687008 AND 9688007
	Bitmap Heap Scan on sbtest7  (cost=31.41..4146.10 rows=1071 width=121)
	  Recheck Cond: ((id >= 9687008) AND (id <= 9688007))
	  ->  Bitmap Index Scan on sbtest7_pkey  (cost=0.00..31.14 rows=1071 width=0)
	        Index Cond: ((id >= 9687008) AND (id <= 9688007))

table 8 : explain SELECT c FROM sbtest8 WHERE id BETWEEN 8765206 AND 8766205
	Bitmap Heap Scan on sbtest8  (cost=29.91..3588.21 rows=924 width=121)
	  Recheck Cond: ((id >= 8765206) AND (id <= 8766205))
	  ->  Bitmap Index Scan on sbtest8_pkey  (cost=0.00..29.68 rows=924 width=0)
	        Index Cond: ((id >= 8765206) AND (id <= 8766205))

explain: for point_selects :: explain SELECT c FROM sbtest%u WHERE id=%u
for: simple_ranges
table 1 : explain SELECT c FROM sbtest1 WHERE id BETWEEN 9464497 AND 9465496
	Bitmap Heap Scan on sbtest1  (cost=30.57..3829.80 rows=989 width=121)
	  Recheck Cond: ((id >= 9464497) AND (id <= 9465496))
	  ->  Bitmap Index Scan on sbtest1_pkey  (cost=0.00..30.32 rows=989 width=0)
	        Index Cond: ((id >= 9464497) AND (id <= 9465496))

table 2 : explain SELECT c FROM sbtest2 WHERE id BETWEEN 7470759 AND 7471758
	Bitmap Heap Scan on sbtest2  (cost=31.08..4019.71 rows=1039 width=121)
	  Recheck Cond: ((id >= 7470759) AND (id <= 7471758))
	  ->  Bitmap Index Scan on sbtest2_pkey  (cost=0.00..30.82 rows=1039 width=0)
	        Index Cond: ((id >= 7470759) AND (id <= 7471758))

table 3 : explain SELECT c FROM sbtest3 WHERE id BETWEEN 9688772 AND 9689771
	Bitmap Heap Scan on sbtest3  (cost=30.15..3676.94 rows=948 width=121)
	  Recheck Cond: ((id >= 9688772) AND (id <= 9689771))
	  ->  Bitmap Index Scan on sbtest3_pkey  (cost=0.00..29.91 rows=948 width=0)
	        Index Cond: ((id >= 9688772) AND (id <= 9689771))

table 4 : explain SELECT c FROM sbtest4 WHERE id BETWEEN 3962956 AND 3963955
	Bitmap Heap Scan on sbtest4  (cost=30.29..3726.00 rows=961 width=121)
	  Recheck Cond: ((id >= 3962956) AND (id <= 3963955))
	  ->  Bitmap Index Scan on sbtest4_pkey  (cost=0.00..30.04 rows=961 width=0)
	        Index Cond: ((id >= 3962956) AND (id <= 3963955))

table 5 : explain SELECT c FROM sbtest5 WHERE id BETWEEN 8732377 AND 8733376
	Bitmap Heap Scan on sbtest5  (cost=30.44..3787.26 rows=976 width=121)
	  Recheck Cond: ((id >= 8732377) AND (id <= 8733376))
	  ->  Bitmap Index Scan on sbtest5_pkey  (cost=0.00..30.19 rows=976 width=0)
	        Index Cond: ((id >= 8732377) AND (id <= 8733376))

table 6 : explain SELECT c FROM sbtest6 WHERE id BETWEEN 5440341 AND 5441340
	Bitmap Heap Scan on sbtest6  (cost=31.08..4022.31 rows=1039 width=121)
	  Recheck Cond: ((id >= 5440341) AND (id <= 5441340))
	  ->  Bitmap Index Scan on sbtest6_pkey  (cost=0.00..30.82 rows=1039 width=0)
	        Index Cond: ((id >= 5440341) AND (id <= 5441340))

table 7 : explain SELECT c FROM sbtest7 WHERE id BETWEEN 5040324 AND 5041323
	Bitmap Heap Scan on sbtest7  (cost=30.65..3866.72 rows=997 width=121)
	  Recheck Cond: ((id >= 5040324) AND (id <= 5041323))
	  ->  Bitmap Index Scan on sbtest7_pkey  (cost=0.00..30.40 rows=997 width=0)
	        Index Cond: ((id >= 5040324) AND (id <= 5041323))

table 8 : explain SELECT c FROM sbtest8 WHERE id BETWEEN 9399602 AND 9400601
	Bitmap Heap Scan on sbtest8  (cost=30.51..3811.33 rows=983 width=121)
	  Recheck Cond: ((id >= 9399602) AND (id <= 9400601))
	  ->  Bitmap Index Scan on sbtest8_pkey  (cost=0.00..30.26 rows=983 width=0)
	        Index Cond: ((id >= 9399602) AND (id <= 9400601))

for: distinct_ranges
table 1 : explain SELECT DISTINCT c FROM sbtest1 WHERE id BETWEEN 3623259 AND 3624258 ORDER BY c
	Unique  (cost=4066.42..4071.61 rows=1038 width=121)
	  ->  Sort  (cost=4066.42..4069.01 rows=1038 width=121)
	        Sort Key: c
	        ->  Bitmap Heap Scan on sbtest1  (cost=31.07..4014.42 rows=1038 width=121)
	              Recheck Cond: ((id >= 3623259) AND (id <= 3624258))
	              ->  Bitmap Index Scan on sbtest1_pkey  (cost=0.00..30.82 rows=1038 width=0)
	                    Index Cond: ((id >= 3623259) AND (id <= 3624258))

table 2 : explain SELECT DISTINCT c FROM sbtest2 WHERE id BETWEEN 4898797 AND 4899796 ORDER BY c
	Unique  (cost=3891.91..3896.87 rows=992 width=121)
	  ->  Sort  (cost=3891.91..3894.39 rows=992 width=121)
	        Sort Key: c
	        ->  Bitmap Heap Scan on sbtest2  (cost=30.60..3842.54 rows=992 width=121)
	              Recheck Cond: ((id >= 4898797) AND (id <= 4899796))
	              ->  Bitmap Index Scan on sbtest2_pkey  (cost=0.00..30.36 rows=992 width=0)
	                    Index Cond: ((id >= 4898797) AND (id <= 4899796))

table 3 : explain SELECT DISTINCT c FROM sbtest3 WHERE id BETWEEN 588120 AND 589119 ORDER BY c
	Unique  (cost=3980.53..3985.61 rows=1015 width=121)
	  ->  Sort  (cost=3980.53..3983.07 rows=1015 width=121)
	        Sort Key: c
	        ->  Bitmap Heap Scan on sbtest3  (cost=30.84..3929.85 rows=1015 width=121)
	              Recheck Cond: ((id >= 588120) AND (id <= 589119))
	              ->  Bitmap Index Scan on sbtest3_pkey  (cost=0.00..30.58 rows=1015 width=0)
	                    Index Cond: ((id >= 588120) AND (id <= 589119))

table 4 : explain SELECT DISTINCT c FROM sbtest4 WHERE id BETWEEN 3006647 AND 3007646 ORDER BY c
	Unique  (cost=4122.01..4127.27 rows=1052 width=121)
	  ->  Sort  (cost=4122.01..4124.64 rows=1052 width=121)
	        Sort Key: c
	        ->  Bitmap Heap Scan on sbtest4  (cost=31.22..4069.20 rows=1052 width=121)
	              Recheck Cond: ((id >= 3006647) AND (id <= 3007646))
	              ->  Bitmap Index Scan on sbtest4_pkey  (cost=0.00..30.95 rows=1052 width=0)
	                    Index Cond: ((id >= 3006647) AND (id <= 3007646))

table 5 : explain SELECT DISTINCT c FROM sbtest5 WHERE id BETWEEN 368426 AND 369425 ORDER BY c
	Unique  (cost=3504.95..3509.41 rows=891 width=121)
	  ->  Sort  (cost=3504.95..3507.18 rows=891 width=121)
	        Sort Key: c
	        ->  Bitmap Heap Scan on sbtest5  (cost=25.57..3461.30 rows=891 width=121)
	              Recheck Cond: ((id >= 368426) AND (id <= 369425))
	              ->  Bitmap Index Scan on sbtest5_pkey  (cost=0.00..25.34 rows=891 width=0)
	                    Index Cond: ((id >= 368426) AND (id <= 369425))

table 6 : explain SELECT DISTINCT c FROM sbtest6 WHERE id BETWEEN 1996141 AND 1997140 ORDER BY c
	Unique  (cost=4005.45..4010.56 rows=1021 width=121)
	  ->  Sort  (cost=4005.45..4008.00 rows=1021 width=121)
	        Sort Key: c
	        ->  Bitmap Heap Scan on sbtest6  (cost=30.90..3954.42 rows=1021 width=121)
	              Recheck Cond: ((id >= 1996141) AND (id <= 1997140))
	              ->  Bitmap Index Scan on sbtest6_pkey  (cost=0.00..30.64 rows=1021 width=0)
	                    Index Cond: ((id >= 1996141) AND (id <= 1997140))

table 7 : explain SELECT DISTINCT c FROM sbtest7 WHERE id BETWEEN 6563432 AND 6564431 ORDER BY c
	Unique  (cost=3778.17..3782.98 rows=961 width=121)
	  ->  Sort  (cost=3778.17..3780.58 rows=961 width=121)
	        Sort Key: c
	        ->  Bitmap Heap Scan on sbtest7  (cost=30.29..3730.56 rows=961 width=121)
	              Recheck Cond: ((id >= 6563432) AND (id <= 6564431))
	              ->  Bitmap Index Scan on sbtest7_pkey  (cost=0.00..30.04 rows=961 width=0)
	                    Index Cond: ((id >= 6563432) AND (id <= 6564431))

table 8 : explain SELECT DISTINCT c FROM sbtest8 WHERE id BETWEEN 3266490 AND 3267489 ORDER BY c
	Unique  (cost=3959.86..3964.90 rows=1009 width=121)
	  ->  Sort  (cost=3959.86..3962.38 rows=1009 width=121)
	        Sort Key: c
	        ->  Bitmap Heap Scan on sbtest8  (cost=30.78..3909.52 rows=1009 width=121)
	              Recheck Cond: ((id >= 3266490) AND (id <= 3267489))
	              ->  Bitmap Index Scan on sbtest8_pkey  (cost=0.00..30.52 rows=1009 width=0)
	                    Index Cond: ((id >= 3266490) AND (id <= 3267489))

for point_selects
table 1 : explain SELECT c FROM sbtest1 WHERE id=2809853
	Index Scan using sbtest1_pkey on sbtest1  (cost=0.43..8.45 rows=1 width=121)
	  Index Cond: (id = 2809853)

table 2 : explain SELECT c FROM sbtest2 WHERE id=3105212
	Index Scan using sbtest2_pkey on sbtest2  (cost=0.43..8.45 rows=1 width=121)
	  Index Cond: (id = 3105212)

table 3 : explain SELECT c FROM sbtest3 WHERE id=6608755
	Index Scan using sbtest3_pkey on sbtest3  (cost=0.43..8.45 rows=1 width=121)
	  Index Cond: (id = 6608755)

table 4 : explain SELECT c FROM sbtest4 WHERE id=8834749
	Index Scan using sbtest4_pkey on sbtest4  (cost=0.43..8.45 rows=1 width=121)
	  Index Cond: (id = 8834749)

table 5 : explain SELECT c FROM sbtest5 WHERE id=4202184
	Index Scan using sbtest5_pkey on sbtest5  (cost=0.43..8.45 rows=1 width=121)
	  Index Cond: (id = 4202184)

table 6 : explain SELECT c FROM sbtest6 WHERE id=9029692
	Index Scan using sbtest6_pkey on sbtest6  (cost=0.43..8.45 rows=1 width=121)
	  Index Cond: (id = 9029692)

table 7 : explain SELECT c FROM sbtest7 WHERE id=5073188
	Index Scan using sbtest7_pkey on sbtest7  (cost=0.43..8.45 rows=1 width=121)
	  Index Cond: (id = 5073188)

table 8 : explain SELECT c FROM sbtest8 WHERE id=6139568
	Index Scan using sbtest8_pkey on sbtest8  (cost=0.43..8.45 rows=1 width=121)
	  Index Cond: (id = 6139568)

explain: for point_selects :: explain SELECT c FROM sbtest%u WHERE id=%u
for: order_ranges
table 1 : explain SELECT c FROM sbtest1 WHERE id BETWEEN 2895807 AND 2896806 ORDER BY c
	Sort  (cost=4009.08..4011.63 rows=1023 width=121)
	  Sort Key: c
	  ->  Bitmap Heap Scan on sbtest1  (cost=30.92..3957.93 rows=1023 width=121)
	        Recheck Cond: ((id >= 2895807) AND (id <= 2896806))
	        ->  Bitmap Index Scan on sbtest1_pkey  (cost=0.00..30.66 rows=1023 width=0)
	              Index Cond: ((id >= 2895807) AND (id <= 2896806))

table 2 : explain SELECT c FROM sbtest2 WHERE id BETWEEN 2983061 AND 2984060 ORDER BY c
	Sort  (cost=3853.61..3856.07 rows=982 width=121)
	  Sort Key: c
	  ->  Bitmap Heap Scan on sbtest2  (cost=30.50..3804.81 rows=982 width=121)
	        Recheck Cond: ((id >= 2983061) AND (id <= 2984060))
	        ->  Bitmap Index Scan on sbtest2_pkey  (cost=0.00..30.25 rows=982 width=0)
	              Index Cond: ((id >= 2983061) AND (id <= 2984060))

table 3 : explain SELECT c FROM sbtest3 WHERE id BETWEEN 8403021 AND 8404020 ORDER BY c
	Sort  (cost=3980.53..3983.07 rows=1015 width=121)
	  Sort Key: c
	  ->  Bitmap Heap Scan on sbtest3  (cost=30.84..3929.85 rows=1015 width=121)
	        Recheck Cond: ((id >= 8403021) AND (id <= 8404020))
	        ->  Bitmap Index Scan on sbtest3_pkey  (cost=0.00..30.58 rows=1015 width=0)
	              Index Cond: ((id >= 8403021) AND (id <= 8404020))

table 4 : explain SELECT c FROM sbtest4 WHERE id BETWEEN 8564541 AND 8565540 ORDER BY c
	Sort  (cost=3980.47..3983.01 rows=1015 width=121)
	  Sort Key: c
	  ->  Bitmap Heap Scan on sbtest4  (cost=30.84..3929.79 rows=1015 width=121)
	        Recheck Cond: ((id >= 8564541) AND (id <= 8565540))
	        ->  Bitmap Index Scan on sbtest4_pkey  (cost=0.00..30.58 rows=1015 width=0)
	              Index Cond: ((id >= 8564541) AND (id <= 8565540))

table 5 : explain SELECT c FROM sbtest5 WHERE id BETWEEN 6418768 AND 6419767 ORDER BY c
	Sort  (cost=4031.38..4033.95 rows=1027 width=121)
	  Sort Key: c
	  ->  Bitmap Heap Scan on sbtest5  (cost=30.96..3980.01 rows=1027 width=121)
	        Recheck Cond: ((id >= 6418768) AND (id <= 6419767))
	        ->  Bitmap Index Scan on sbtest5_pkey  (cost=0.00..30.70 rows=1027 width=0)
	              Index Cond: ((id >= 6418768) AND (id <= 6419767))

table 6 : explain SELECT c FROM sbtest6 WHERE id BETWEEN 445823 AND 446822 ORDER BY c
	Sort  (cost=3890.50..3892.98 rows=991 width=121)
	  Sort Key: c
	  ->  Bitmap Heap Scan on sbtest6  (cost=30.59..3841.19 rows=991 width=121)
	        Recheck Cond: ((id >= 445823) AND (id <= 446822))
	        ->  Bitmap Index Scan on sbtest6_pkey  (cost=0.00..30.34 rows=991 width=0)
	              Index Cond: ((id >= 445823) AND (id <= 446822))

table 7 : explain SELECT c FROM sbtest7 WHERE id BETWEEN 8095920 AND 8096919 ORDER BY c
	Sort  (cost=3774.33..3776.73 rows=960 width=121)
	  Sort Key: c
	  ->  Bitmap Heap Scan on sbtest7  (cost=30.27..3726.78 rows=960 width=121)
	        Recheck Cond: ((id >= 8095920) AND (id <= 8096919))
	        ->  Bitmap Index Scan on sbtest7_pkey  (cost=0.00..30.04 rows=960 width=0)
	              Index Cond: ((id >= 8095920) AND (id <= 8096919))

table 8 : explain SELECT c FROM sbtest8 WHERE id BETWEEN 3896974 AND 3897973 ORDER BY c
	Sort  (cost=3545.18..3547.43 rows=902 width=121)
	  Sort Key: c
	  ->  Bitmap Heap Scan on sbtest8  (cost=25.68..3500.90 rows=902 width=121)
	        Recheck Cond: ((id >= 3896974) AND (id <= 3897973))
	        ->  Bitmap Index Scan on sbtest8_pkey  (cost=0.00..25.45 rows=902 width=0)
	              Index Cond: ((id >= 3896974) AND (id <= 3897973))

explain: for point_selects :: explain SELECT c FROM sbtest%u WHERE id=%u
explain: for point_selects :: explain SELECT c FROM sbtest%u WHERE id=%u
explain: for point_selects :: explain SELECT c FROM sbtest%u WHERE id=%u
for: sum_ranges
table 1 : explain SELECT SUM(k) FROM sbtest1 WHERE id BETWEEN 7773289 AND 7774288
	Aggregate  (cost=3836.05..3836.06 rows=1 width=8)
	  ->  Bitmap Heap Scan on sbtest1  (cost=30.58..3833.57 rows=990 width=4)
	        Recheck Cond: ((id >= 7773289) AND (id <= 7774288))
	        ->  Bitmap Index Scan on sbtest1_pkey  (cost=0.00..30.33 rows=990 width=0)
	              Index Cond: ((id >= 7773289) AND (id <= 7774288))

table 2 : explain SELECT SUM(k) FROM sbtest2 WHERE id BETWEEN 9245354 AND 9246353
	Aggregate  (cost=4078.83..4078.84 rows=1 width=8)
	  ->  Bitmap Heap Scan on sbtest2  (cost=31.24..4076.20 rows=1054 width=4)
	        Recheck Cond: ((id >= 9245354) AND (id <= 9246353))
	        ->  Bitmap Index Scan on sbtest2_pkey  (cost=0.00..30.97 rows=1054 width=0)
	              Index Cond: ((id >= 9245354) AND (id <= 9246353))

table 3 : explain SELECT SUM(k) FROM sbtest3 WHERE id BETWEEN 8444775 AND 8445774
	Aggregate  (cost=3932.38..3932.39 rows=1 width=8)
	  ->  Bitmap Heap Scan on sbtest3  (cost=30.84..3929.85 rows=1015 width=4)
	        Recheck Cond: ((id >= 8444775) AND (id <= 8445774))
	        ->  Bitmap Index Scan on sbtest3_pkey  (cost=0.00..30.58 rows=1015 width=0)
	              Index Cond: ((id >= 8444775) AND (id <= 8445774))

table 4 : explain SELECT SUM(k) FROM sbtest4 WHERE id BETWEEN 3601030 AND 3602029
	Aggregate  (cost=3992.67..3992.68 rows=1 width=8)
	  ->  Bitmap Heap Scan on sbtest4  (cost=31.00..3990.10 rows=1031 width=4)
	        Recheck Cond: ((id >= 3601030) AND (id <= 3602029))
	        ->  Bitmap Index Scan on sbtest4_pkey  (cost=0.00..30.75 rows=1031 width=0)
	              Index Cond: ((id >= 3601030) AND (id <= 3602029))

table 5 : explain SELECT SUM(k) FROM sbtest5 WHERE id BETWEEN 4427181 AND 4428180
	Aggregate  (cost=4080.78..4080.79 rows=1 width=8)
	  ->  Bitmap Heap Scan on sbtest5  (cost=31.23..4078.15 rows=1053 width=4)
	        Recheck Cond: ((id >= 4427181) AND (id <= 4428180))
	        ->  Bitmap Index Scan on sbtest5_pkey  (cost=0.00..30.96 rows=1053 width=0)
	              Index Cond: ((id >= 4427181) AND (id <= 4428180))

table 6 : explain SELECT SUM(k) FROM sbtest6 WHERE id BETWEEN 3683422 AND 3684421
	Aggregate  (cost=3889.00..3889.01 rows=1 width=8)
	  ->  Bitmap Heap Scan on sbtest6  (cost=30.72..3886.49 rows=1003 width=4)
	        Recheck Cond: ((id >= 3683422) AND (id <= 3684421))
	        ->  Bitmap Index Scan on sbtest6_pkey  (cost=0.00..30.46 rows=1003 width=0)
	              Index Cond: ((id >= 3683422) AND (id <= 3684421))

table 7 : explain SELECT SUM(k) FROM sbtest7 WHERE id BETWEEN 920794 AND 921793
	Aggregate  (cost=4046.85..4046.86 rows=1 width=8)
	  ->  Bitmap Heap Scan on sbtest7  (cost=31.14..4044.24 rows=1044 width=4)
	        Recheck Cond: ((id >= 920794) AND (id <= 921793))
	        ->  Bitmap Index Scan on sbtest7_pkey  (cost=0.00..30.87 rows=1044 width=0)
	              Index Cond: ((id >= 920794) AND (id <= 921793))

table 8 : explain SELECT SUM(k) FROM sbtest8 WHERE id BETWEEN 1340762 AND 1341761
	Aggregate  (cost=3998.88..3998.89 rows=1 width=8)
	  ->  Bitmap Heap Scan on sbtest8  (cost=31.01..3996.30 rows=1032 width=4)
	        Recheck Cond: ((id >= 1340762) AND (id <= 1341761))
	        ->  Bitmap Index Scan on sbtest8_pkey  (cost=0.00..30.75 rows=1032 width=0)
	              Index Cond: ((id >= 1340762) AND (id <= 1341761))

for: sum_ranges
table 1 : explain SELECT SUM(k) FROM sbtest1 WHERE id BETWEEN 4089979 AND 4090978
	Aggregate  (cost=4017.01..4017.02 rows=1 width=8)
	  ->  Bitmap Heap Scan on sbtest1  (cost=31.07..4014.42 rows=1038 width=4)
	        Recheck Cond: ((id >= 4089979) AND (id <= 4090978))
	        ->  Bitmap Index Scan on sbtest1_pkey  (cost=0.00..30.82 rows=1038 width=0)
	              Index Cond: ((id >= 4089979) AND (id <= 4090978))

table 2 : explain SELECT SUM(k) FROM sbtest2 WHERE id BETWEEN 6745645 AND 6746644
	Aggregate  (cost=3478.02..3478.03 rows=1 width=8)
	  ->  Bitmap Heap Scan on sbtest2  (cost=25.62..3475.78 rows=896 width=4)
	        Recheck Cond: ((id >= 6745645) AND (id <= 6746644))
	        ->  Bitmap Index Scan on sbtest2_pkey  (cost=0.00..25.39 rows=896 width=0)
	              Index Cond: ((id >= 6745645) AND (id <= 6746644))

table 3 : explain SELECT SUM(k) FROM sbtest3 WHERE id BETWEEN 9991387 AND 9992386
	Aggregate  (cost=3800.25..3800.26 rows=1 width=8)
	  ->  Bitmap Heap Scan on sbtest3  (cost=30.48..3797.80 rows=980 width=4)
	        Recheck Cond: ((id >= 9991387) AND (id <= 9992386))
	        ->  Bitmap Index Scan on sbtest3_pkey  (cost=0.00..30.23 rows=980 width=0)
	              Index Cond: ((id >= 9991387) AND (id <= 9992386))

table 4 : explain SELECT SUM(k) FROM sbtest4 WHERE id BETWEEN 8039840 AND 8040839
	Aggregate  (cost=4120.81..4120.82 rows=1 width=8)
	  ->  Bitmap Heap Scan on sbtest4  (cost=31.35..4118.15 rows=1065 width=4)
	        Recheck Cond: ((id >= 8039840) AND (id <= 8040839))
	        ->  Bitmap Index Scan on sbtest4_pkey  (cost=0.00..31.08 rows=1065 width=0)
	              Index Cond: ((id >= 8039840) AND (id <= 8040839))

table 5 : explain SELECT SUM(k) FROM sbtest5 WHERE id BETWEEN 6227113 AND 6228112
	Aggregate  (cost=3906.98..3906.99 rows=1 width=8)
	  ->  Bitmap Heap Scan on sbtest5  (cost=30.76..3904.46 rows=1007 width=4)
	        Recheck Cond: ((id >= 6227113) AND (id <= 6228112))
	        ->  Bitmap Index Scan on sbtest5_pkey  (cost=0.00..30.50 rows=1007 width=0)
	              Index Cond: ((id >= 6227113) AND (id <= 6228112))

table 6 : explain SELECT SUM(k) FROM sbtest6 WHERE id BETWEEN 7769047 AND 7770046
	Aggregate  (cost=3430.80..3430.81 rows=1 width=8)
	  ->  Bitmap Heap Scan on sbtest6  (cost=25.49..3428.59 rows=883 width=4)
	        Recheck Cond: ((id >= 7769047) AND (id <= 7770046))
	        ->  Bitmap Index Scan on sbtest6_pkey  (cost=0.00..25.26 rows=883 width=0)
	              Index Cond: ((id >= 7769047) AND (id <= 7770046))

table 7 : explain SELECT SUM(k) FROM sbtest7 WHERE id BETWEEN 1315323 AND 1316322
	Aggregate  (cost=3535.88..3535.89 rows=1 width=8)
	  ->  Bitmap Heap Scan on sbtest7  (cost=29.75..3533.60 rows=909 width=4)
	        Recheck Cond: ((id >= 1315323) AND (id <= 1316322))
	        ->  Bitmap Index Scan on sbtest7_pkey  (cost=0.00..29.52 rows=909 width=0)
	              Index Cond: ((id >= 1315323) AND (id <= 1316322))

table 8 : explain SELECT SUM(k) FROM sbtest8 WHERE id BETWEEN 9141361 AND 9142360
	Aggregate  (cost=3998.88..3998.89 rows=1 width=8)
	  ->  Bitmap Heap Scan on sbtest8  (cost=31.01..3996.30 rows=1032 width=4)
	        Recheck Cond: ((id >= 9141361) AND (id <= 9142360))
	        ->  Bitmap Index Scan on sbtest8_pkey  (cost=0.00..30.75 rows=1032 width=0)
	              Index Cond: ((id >= 9141361) AND (id <= 9142360))

for point_selects
table 1 : explain SELECT c FROM sbtest1 WHERE id=10121
	Index Scan using sbtest1_pkey on sbtest1  (cost=0.43..8.45 rows=1 width=121)
	  Index Cond: (id = 10121)

table 2 : explain SELECT c FROM sbtest2 WHERE id=8778427
	Index Scan using sbtest2_pkey on sbtest2  (cost=0.43..8.45 rows=1 width=121)
	  Index Cond: (id = 8778427)

table 3 : explain SELECT c FROM sbtest3 WHERE id=7014138
	Index Scan using sbtest3_pkey on sbtest3  (cost=0.43..8.45 rows=1 width=121)
	  Index Cond: (id = 7014138)

table 4 : explain SELECT c FROM sbtest4 WHERE id=4100246
	Index Scan using sbtest4_pkey on sbtest4  (cost=0.43..8.45 rows=1 width=121)
	  Index Cond: (id = 4100246)

table 5 : explain SELECT c FROM sbtest5 WHERE id=5849326
	Index Scan using sbtest5_pkey on sbtest5  (cost=0.43..8.45 rows=1 width=121)
	  Index Cond: (id = 5849326)

table 6 : explain SELECT c FROM sbtest6 WHERE id=1489126
	Index Scan using sbtest6_pkey on sbtest6  (cost=0.43..8.45 rows=1 width=121)
	  Index Cond: (id = 1489126)

table 7 : explain SELECT c FROM sbtest7 WHERE id=3109724
	Index Scan using sbtest7_pkey on sbtest7  (cost=0.43..8.45 rows=1 width=121)
	  Index Cond: (id = 3109724)

table 8 : explain SELECT c FROM sbtest8 WHERE id=8331009
	Index Scan using sbtest8_pkey on sbtest8  (cost=0.43..8.45 rows=1 width=121)
	  Index Cond: (id = 8331009)

for: simple_ranges
table 1 : explain SELECT c FROM sbtest1 WHERE id BETWEEN 3848077 AND 3849076
	Bitmap Heap Scan on sbtest1  (cost=30.71..3878.81 rows=1002 width=121)
	  Recheck Cond: ((id >= 3848077) AND (id <= 3849076))
	  ->  Bitmap Index Scan on sbtest1_pkey  (cost=0.00..30.45 rows=1002 width=0)
	        Index Cond: ((id >= 3848077) AND (id <= 3849076))

table 2 : explain SELECT c FROM sbtest2 WHERE id BETWEEN 8730411 AND 8731410
	Bitmap Heap Scan on sbtest2  (cost=30.20..3695.31 rows=953 width=121)
	  Recheck Cond: ((id >= 8730411) AND (id <= 8731410))
	  ->  Bitmap Index Scan on sbtest2_pkey  (cost=0.00..29.96 rows=953 width=0)
	        Index Cond: ((id >= 8730411) AND (id <= 8731410))

table 3 : explain SELECT c FROM sbtest3 WHERE id BETWEEN 8392261 AND 8393260
	Bitmap Heap Scan on sbtest3  (cost=30.84..3929.85 rows=1015 width=121)
	  Recheck Cond: ((id >= 8392261) AND (id <= 8393260))
	  ->  Bitmap Index Scan on sbtest3_pkey  (cost=0.00..30.58 rows=1015 width=0)
	        Index Cond: ((id >= 8392261) AND (id <= 8393260))

table 4 : explain SELECT c FROM sbtest4 WHERE id BETWEEN 4836765 AND 4837764
	Bitmap Heap Scan on sbtest4  (cost=31.44..4152.02 rows=1074 width=121)
	  Recheck Cond: ((id >= 4836765) AND (id <= 4837764))
	  ->  Bitmap Index Scan on sbtest4_pkey  (cost=0.00..31.18 rows=1074 width=0)
	        Index Cond: ((id >= 4836765) AND (id <= 4837764))

table 5 : explain SELECT c FROM sbtest5 WHERE id BETWEEN 5288244 AND 5289243
	Bitmap Heap Scan on sbtest5  (cost=31.78..4281.72 rows=1107 width=121)
	  Recheck Cond: ((id >= 5288244) AND (id <= 5289243))
	  ->  Bitmap Index Scan on sbtest5_pkey  (cost=0.00..31.50 rows=1107 width=0)
	        Index Cond: ((id >= 5288244) AND (id <= 5289243))

table 6 : explain SELECT c FROM sbtest6 WHERE id BETWEEN 2898646 AND 2899645
	Bitmap Heap Scan on sbtest6  (cost=30.33..3742.96 rows=965 width=121)
	  Recheck Cond: ((id >= 2898646) AND (id <= 2899645))
	  ->  Bitmap Index Scan on sbtest6_pkey  (cost=0.00..30.08 rows=965 width=0)
	        Index Cond: ((id >= 2898646) AND (id <= 2899645))

table 7 : explain SELECT c FROM sbtest7 WHERE id BETWEEN 232350 AND 233349
	Bitmap Heap Scan on sbtest7  (cost=29.88..3579.09 rows=921 width=121)
	  Recheck Cond: ((id >= 232350) AND (id <= 233349))
	  ->  Bitmap Index Scan on sbtest7_pkey  (cost=0.00..29.64 rows=921 width=0)
	        Index Cond: ((id >= 232350) AND (id <= 233349))

table 8 : explain SELECT c FROM sbtest8 WHERE id BETWEEN 9380644 AND 9381643
	Bitmap Heap Scan on sbtest8  (cost=31.43..4150.84 rows=1073 width=121)
	  Recheck Cond: ((id >= 9380644) AND (id <= 9381643))
	  ->  Bitmap Index Scan on sbtest8_pkey  (cost=0.00..31.16 rows=1073 width=0)
	        Index Cond: ((id >= 9380644) AND (id <= 9381643))

for: sum_ranges
table 1 : explain SELECT SUM(k) FROM sbtest1 WHERE id BETWEEN 6151009 AND 6152008
	Aggregate  (cost=3975.57..3975.58 rows=1 width=8)
	  ->  Bitmap Heap Scan on sbtest1  (cost=30.96..3973.00 rows=1027 width=4)
	        Recheck Cond: ((id >= 6151009) AND (id <= 6152008))
	        ->  Bitmap Index Scan on sbtest1_pkey  (cost=0.00..30.70 rows=1027 width=0)
	              Index Cond: ((id >= 6151009) AND (id <= 6152008))

table 2 : explain SELECT SUM(k) FROM sbtest2 WHERE id BETWEEN 9675702 AND 9676701
	Aggregate  (cost=3746.82..3746.83 rows=1 width=8)
	  ->  Bitmap Heap Scan on sbtest2  (cost=30.34..3744.41 rows=966 width=4)
	        Recheck Cond: ((id >= 9675702) AND (id <= 9676701))
	        ->  Bitmap Index Scan on sbtest2_pkey  (cost=0.00..30.09 rows=966 width=0)
	              Index Cond: ((id >= 9675702) AND (id <= 9676701))

table 3 : explain SELECT SUM(k) FROM sbtest3 WHERE id BETWEEN 5901200 AND 5902199
	Aggregate  (cost=3860.67..3860.68 rows=1 width=8)
	  ->  Bitmap Heap Scan on sbtest3  (cost=30.64..3858.18 rows=996 width=4)
	        Recheck Cond: ((id >= 5901200) AND (id <= 5902199))
	        ->  Bitmap Index Scan on sbtest3_pkey  (cost=0.00..30.39 rows=996 width=0)
	              Index Cond: ((id >= 5901200) AND (id <= 5902199))

table 4 : explain SELECT SUM(k) FROM sbtest4 WHERE id BETWEEN 1213998 AND 1214997
	Aggregate  (cost=3743.52..3743.53 rows=1 width=8)
	  ->  Bitmap Heap Scan on sbtest4  (cost=30.33..3741.11 rows=965 width=4)
	        Recheck Cond: ((id >= 1213998) AND (id <= 1214997))
	        ->  Bitmap Index Scan on sbtest4_pkey  (cost=0.00..30.08 rows=965 width=0)
	              Index Cond: ((id >= 1213998) AND (id <= 1214997))

table 5 : explain SELECT SUM(k) FROM sbtest5 WHERE id BETWEEN 1387410 AND 1388409
	Aggregate  (cost=3770.78..3770.79 rows=1 width=8)
	  ->  Bitmap Heap Scan on sbtest5  (cost=30.39..3768.35 rows=971 width=4)
	        Recheck Cond: ((id >= 1387410) AND (id <= 1388409))
	        ->  Bitmap Index Scan on sbtest5_pkey  (cost=0.00..30.14 rows=971 width=0)
	              Index Cond: ((id >= 1387410) AND (id <= 1388409))

table 6 : explain SELECT SUM(k) FROM sbtest6 WHERE id BETWEEN 3428134 AND 3429133
	Aggregate  (cost=4356.45..4356.46 rows=1 width=8)
	  ->  Bitmap Heap Scan on sbtest6  (cost=31.99..4353.63 rows=1127 width=4)
	        Recheck Cond: ((id >= 3428134) AND (id <= 3429133))
	        ->  Bitmap Index Scan on sbtest6_pkey  (cost=0.00..31.70 rows=1127 width=0)
	              Index Cond: ((id >= 3428134) AND (id <= 3429133))

table 7 : explain SELECT SUM(k) FROM sbtest7 WHERE id BETWEEN 5597966 AND 5598965
	Aggregate  (cost=4330.01..4330.02 rows=1 width=8)
	  ->  Bitmap Heap Scan on sbtest7  (cost=35.89..4327.21 rows=1118 width=4)
	        Recheck Cond: ((id >= 5597966) AND (id <= 5598965))
	        ->  Bitmap Index Scan on sbtest7_pkey  (cost=0.00..35.62 rows=1118 width=0)
	              Index Cond: ((id >= 5597966) AND (id <= 5598965))

table 8 : explain SELECT SUM(k) FROM sbtest8 WHERE id BETWEEN 7660481 AND 7661480
	Aggregate  (cost=3741.94..3741.95 rows=1 width=8)
	  ->  Bitmap Heap Scan on sbtest8  (cost=30.32..3739.53 rows=964 width=4)
	        Recheck Cond: ((id >= 7660481) AND (id <= 7661480))
	        ->  Bitmap Index Scan on sbtest8_pkey  (cost=0.00..30.07 rows=964 width=0)
	              Index Cond: ((id >= 7660481) AND (id <= 7661480))

for point_selects
table 1 : explain SELECT c FROM sbtest1 WHERE id=2114703
	Index Scan using sbtest1_pkey on sbtest1  (cost=0.43..8.45 rows=1 width=121)
	  Index Cond: (id = 2114703)

table 2 : explain SELECT c FROM sbtest2 WHERE id=9554251
	Index Scan using sbtest2_pkey on sbtest2  (cost=0.43..8.45 rows=1 width=121)
	  Index Cond: (id = 9554251)

table 3 : explain SELECT c FROM sbtest3 WHERE id=731578
	Index Scan using sbtest3_pkey on sbtest3  (cost=0.43..8.45 rows=1 width=121)
	  Index Cond: (id = 731578)

table 4 : explain SELECT c FROM sbtest4 WHERE id=3909674
	Index Scan using sbtest4_pkey on sbtest4  (cost=0.43..8.45 rows=1 width=121)
	  Index Cond: (id = 3909674)

table 5 : explain SELECT c FROM sbtest5 WHERE id=2656539
	Index Scan using sbtest5_pkey on sbtest5  (cost=0.43..8.45 rows=1 width=121)
	  Index Cond: (id = 2656539)

table 6 : explain SELECT c FROM sbtest6 WHERE id=6401312
	Index Scan using sbtest6_pkey on sbtest6  (cost=0.43..8.45 rows=1 width=121)
	  Index Cond: (id = 6401312)

table 7 : explain SELECT c FROM sbtest7 WHERE id=9809927
	Index Scan using sbtest7_pkey on sbtest7  (cost=0.43..8.45 rows=1 width=121)
	  Index Cond: (id = 9809927)

table 8 : explain SELECT c FROM sbtest8 WHERE id=6881853
	Index Scan using sbtest8_pkey on sbtest8  (cost=0.43..8.45 rows=1 width=121)
	  Index Cond: (id = 6881853)

explain: for point_selects :: explain SELECT c FROM sbtest%u WHERE id=%u
for: order_ranges
table 1 : explain SELECT c FROM sbtest1 WHERE id BETWEEN 1974982 AND 1975981 ORDER BY c
	Sort  (cost=3970.83..3973.37 rows=1013 width=121)
	  Sort Key: c
	  ->  Bitmap Heap Scan on sbtest1  (cost=30.82..3920.26 rows=1013 width=121)
	        Recheck Cond: ((id >= 1974982) AND (id <= 1975981))
	        ->  Bitmap Index Scan on sbtest1_pkey  (cost=0.00..30.57 rows=1013 width=0)
	              Index Cond: ((id >= 1974982) AND (id <= 1975981))

table 2 : explain SELECT c FROM sbtest2 WHERE id BETWEEN 7815905 AND 7816904 ORDER BY c
	Sort  (cost=3941.69..3944.20 rows=1005 width=121)
	  Sort Key: c
	  ->  Bitmap Heap Scan on sbtest2  (cost=30.74..3891.57 rows=1005 width=121)
	        Recheck Cond: ((id >= 7815905) AND (id <= 7816904))
	        ->  Bitmap Index Scan on sbtest2_pkey  (cost=0.00..30.48 rows=1005 width=0)
	              Index Cond: ((id >= 7815905) AND (id <= 7816904))

table 3 : explain SELECT c FROM sbtest3 WHERE id BETWEEN 6499416 AND 6500415 ORDER BY c
	Sort  (cost=3911.61..3914.11 rows=997 width=121)
	  Sort Key: c
	  ->  Bitmap Heap Scan on sbtest3  (cost=30.65..3861.96 rows=997 width=121)
	        Recheck Cond: ((id >= 6499416) AND (id <= 6500415))
	        ->  Bitmap Index Scan on sbtest3_pkey  (cost=0.00..30.40 rows=997 width=0)
	              Index Cond: ((id >= 6499416) AND (id <= 6500415))

table 4 : explain SELECT c FROM sbtest4 WHERE id BETWEEN 123250 AND 124249 ORDER BY c
	Sort  (cost=4221.37..4224.07 rows=1078 width=121)
	  Sort Key: c
	  ->  Bitmap Heap Scan on sbtest4  (cost=31.48..4167.07 rows=1078 width=121)
	        Recheck Cond: ((id >= 123250) AND (id <= 124249))
	        ->  Bitmap Index Scan on sbtest4_pkey  (cost=0.00..31.21 rows=1078 width=0)
	              Index Cond: ((id >= 123250) AND (id <= 124249))

table 5 : explain SELECT c FROM sbtest5 WHERE id BETWEEN 1774395 AND 1775394 ORDER BY c
	Sort  (cost=3812.69..3815.11 rows=970 width=121)
	  Sort Key: c
	  ->  Bitmap Heap Scan on sbtest5  (cost=30.38..3764.56 rows=970 width=121)
	        Recheck Cond: ((id >= 1774395) AND (id <= 1775394))
	        ->  Bitmap Index Scan on sbtest5_pkey  (cost=0.00..30.14 rows=970 width=0)
	              Index Cond: ((id >= 1774395) AND (id <= 1775394))

table 6 : explain SELECT c FROM sbtest6 WHERE id BETWEEN 3177930 AND 3178929 ORDER BY c
	Sort  (cost=3660.29..3662.62 rows=931 width=121)
	  Sort Key: c
	  ->  Bitmap Heap Scan on sbtest6  (cost=29.98..3614.38 rows=931 width=121)
	        Recheck Cond: ((id >= 3177930) AND (id <= 3178929))
	        ->  Bitmap Index Scan on sbtest6_pkey  (cost=0.00..29.75 rows=931 width=0)
	              Index Cond: ((id >= 3177930) AND (id <= 3178929))

table 7 : explain SELECT c FROM sbtest7 WHERE id BETWEEN 2399605 AND 2400604 ORDER BY c
	Sort  (cost=3805.06..3807.48 rows=968 width=121)
	  Sort Key: c
	  ->  Bitmap Heap Scan on sbtest7  (cost=30.36..3757.05 rows=968 width=121)
	        Recheck Cond: ((id >= 2399605) AND (id <= 2400604))
	        ->  Bitmap Index Scan on sbtest7_pkey  (cost=0.00..30.11 rows=968 width=0)
	              Index Cond: ((id >= 2399605) AND (id <= 2400604))

table 8 : explain SELECT c FROM sbtest8 WHERE id BETWEEN 748803 AND 749802 ORDER BY c
	Sort  (cost=4254.56..4257.28 rows=1086 width=121)
	  Sort Key: c
	  ->  Bitmap Heap Scan on sbtest8  (cost=31.57..4199.80 rows=1086 width=121)
	        Recheck Cond: ((id >= 748803) AND (id <= 749802))
	        ->  Bitmap Index Scan on sbtest8_pkey  (cost=0.00..31.29 rows=1086 width=0)
	              Index Cond: ((id >= 748803) AND (id <= 749802))

for: order_ranges
table 1 : explain SELECT c FROM sbtest1 WHERE id BETWEEN 4500723 AND 4501722 ORDER BY c
	Sort  (cost=3695.13..3697.48 rows=941 width=121)
	  Sort Key: c
	  ->  Bitmap Heap Scan on sbtest1  (cost=30.08..3648.65 rows=941 width=121)
	        Recheck Cond: ((id >= 4500723) AND (id <= 4501722))
	        ->  Bitmap Index Scan on sbtest1_pkey  (cost=0.00..29.84 rows=941 width=0)
	              Index Cond: ((id >= 4500723) AND (id <= 4501722))

table 2 : explain SELECT c FROM sbtest2 WHERE id BETWEEN 3104423 AND 3105422 ORDER BY c
	Sort  (cost=3654.08..3656.41 rows=931 width=121)
	  Sort Key: c
	  ->  Bitmap Heap Scan on sbtest2  (cost=25.98..3608.17 rows=931 width=121)
	        Recheck Cond: ((id >= 3104423) AND (id <= 3105422))
	        ->  Bitmap Index Scan on sbtest2_pkey  (cost=0.00..25.75 rows=931 width=0)
	              Index Cond: ((id >= 3104423) AND (id <= 3105422))

table 3 : explain SELECT c FROM sbtest3 WHERE id BETWEEN 7604195 AND 7605194 ORDER BY c
	Sort  (cost=4377.98..4380.77 rows=1119 width=121)
	  Sort Key: c
	  ->  Bitmap Heap Scan on sbtest3  (cost=31.90..4321.31 rows=1119 width=121)
	        Recheck Cond: ((id >= 7604195) AND (id <= 7605194))
	        ->  Bitmap Index Scan on sbtest3_pkey  (cost=0.00..31.62 rows=1119 width=0)
	              Index Cond: ((id >= 7604195) AND (id <= 7605194))

table 4 : explain SELECT c FROM sbtest4 WHERE id BETWEEN 4553962 AND 4554961 ORDER BY c
	Sort  (cost=3857.93..3860.39 rows=983 width=121)
	  Sort Key: c
	  ->  Bitmap Heap Scan on sbtest4  (cost=30.51..3809.07 rows=983 width=121)
	        Recheck Cond: ((id >= 4553962) AND (id <= 4554961))
	        ->  Bitmap Index Scan on sbtest4_pkey  (cost=0.00..30.26 rows=983 width=0)
	              Index Cond: ((id >= 4553962) AND (id <= 4554961))

table 5 : explain SELECT c FROM sbtest5 WHERE id BETWEEN 2762184 AND 2763183 ORDER BY c
	Sort  (cost=3954.69..3957.20 rows=1007 width=121)
	  Sort Key: c
	  ->  Bitmap Heap Scan on sbtest5  (cost=30.76..3904.46 rows=1007 width=121)
	        Recheck Cond: ((id >= 2762184) AND (id <= 2763183))
	        ->  Bitmap Index Scan on sbtest5_pkey  (cost=0.00..30.50 rows=1007 width=0)
	              Index Cond: ((id >= 2762184) AND (id <= 2763183))

table 6 : explain SELECT c FROM sbtest6 WHERE id BETWEEN 2186287 AND 2187286 ORDER BY c
	Sort  (cost=3729.40..3731.77 rows=949 width=121)
	  Sort Key: c
	  ->  Bitmap Heap Scan on sbtest6  (cost=30.16..3682.47 rows=949 width=121)
	        Recheck Cond: ((id >= 2186287) AND (id <= 2187286))
	        ->  Bitmap Index Scan on sbtest6_pkey  (cost=0.00..29.93 rows=949 width=0)
	              Index Cond: ((id >= 2186287) AND (id <= 2187286))

table 7 : explain SELECT c FROM sbtest7 WHERE id BETWEEN 6683541 AND 6684540 ORDER BY c
	Sort  (cost=3820.42..3822.85 rows=972 width=121)
	  Sort Key: c
	  ->  Bitmap Heap Scan on sbtest7  (cost=30.40..3772.18 rows=972 width=121)
	        Recheck Cond: ((id >= 6683541) AND (id <= 6684540))
	        ->  Bitmap Index Scan on sbtest7_pkey  (cost=0.00..30.15 rows=972 width=0)
	              Index Cond: ((id >= 6683541) AND (id <= 6684540))

table 8 : explain SELECT c FROM sbtest8 WHERE id BETWEEN 9915277 AND 9916276 ORDER BY c
	Sort  (cost=3913.87..3916.36 rows=997 width=121)
	  Sort Key: c
	  ->  Bitmap Heap Scan on sbtest8  (cost=30.65..3864.21 rows=997 width=121)
	        Recheck Cond: ((id >= 9915277) AND (id <= 9916276))
	        ->  Bitmap Index Scan on sbtest8_pkey  (cost=0.00..30.40 rows=997 width=0)
	              Index Cond: ((id >= 9915277) AND (id <= 9916276))

for point_selects
table 1 : explain SELECT c FROM sbtest1 WHERE id=2469403
	Index Scan using sbtest1_pkey on sbtest1  (cost=0.43..8.45 rows=1 width=121)
	  Index Cond: (id = 2469403)

table 2 : explain SELECT c FROM sbtest2 WHERE id=7385481
	Index Scan using sbtest2_pkey on sbtest2  (cost=0.43..8.45 rows=1 width=121)
	  Index Cond: (id = 7385481)

table 3 : explain SELECT c FROM sbtest3 WHERE id=688149
	Index Scan using sbtest3_pkey on sbtest3  (cost=0.43..8.45 rows=1 width=121)
	  Index Cond: (id = 688149)

table 4 : explain SELECT c FROM sbtest4 WHERE id=3607640
	Index Scan using sbtest4_pkey on sbtest4  (cost=0.43..8.45 rows=1 width=121)
	  Index Cond: (id = 3607640)

table 5 : explain SELECT c FROM sbtest5 WHERE id=6728229
	Index Scan using sbtest5_pkey on sbtest5  (cost=0.43..8.45 rows=1 width=121)
	  Index Cond: (id = 6728229)

table 6 : explain SELECT c FROM sbtest6 WHERE id=1299618
	Index Scan using sbtest6_pkey on sbtest6  (cost=0.43..8.45 rows=1 width=121)
	  Index Cond: (id = 1299618)

table 7 : explain SELECT c FROM sbtest7 WHERE id=6294787
	Index Scan using sbtest7_pkey on sbtest7  (cost=0.43..8.45 rows=1 width=121)
	  Index Cond: (id = 6294787)

table 8 : explain SELECT c FROM sbtest8 WHERE id=5033850
	Index Scan using sbtest8_pkey on sbtest8  (cost=0.43..8.45 rows=1 width=121)
	  Index Cond: (id = 5033850)

for: simple_ranges
table 1 : explain SELECT c FROM sbtest1 WHERE id BETWEEN 3214196 AND 3215195
	Bitmap Heap Scan on sbtest1  (cost=30.82..3920.26 rows=1013 width=121)
	  Recheck Cond: ((id >= 3214196) AND (id <= 3215195))
	  ->  Bitmap Index Scan on sbtest1_pkey  (cost=0.00..30.57 rows=1013 width=0)
	        Index Cond: ((id >= 3214196) AND (id <= 3215195))

table 2 : explain SELECT c FROM sbtest2 WHERE id BETWEEN 2850783 AND 2851782
	Bitmap Heap Scan on sbtest2  (cost=30.21..3699.09 rows=954 width=121)
	  Recheck Cond: ((id >= 2850783) AND (id <= 2851782))
	  ->  Bitmap Index Scan on sbtest2_pkey  (cost=0.00..29.97 rows=954 width=0)
	        Index Cond: ((id >= 2850783) AND (id <= 2851782))

table 3 : explain SELECT c FROM sbtest3 WHERE id BETWEEN 4473577 AND 4474576
	Bitmap Heap Scan on sbtest3  (cost=30.84..3929.85 rows=1015 width=121)
	  Recheck Cond: ((id >= 4473577) AND (id <= 4474576))
	  ->  Bitmap Index Scan on sbtest3_pkey  (cost=0.00..30.58 rows=1015 width=0)
	        Index Cond: ((id >= 4473577) AND (id <= 4474576))

table 4 : explain SELECT c FROM sbtest4 WHERE id BETWEEN 6833921 AND 6834920
	Bitmap Heap Scan on sbtest4  (cost=30.63..3854.35 rows=995 width=121)
	  Recheck Cond: ((id >= 6833921) AND (id <= 6834920))
	  ->  Bitmap Index Scan on sbtest4_pkey  (cost=0.00..30.39 rows=995 width=0)
	        Index Cond: ((id >= 6833921) AND (id <= 6834920))

table 5 : explain SELECT c FROM sbtest5 WHERE id BETWEEN 6028345 AND 6029344
	Bitmap Heap Scan on sbtest5  (cost=31.56..4198.82 rows=1085 width=121)
	  Recheck Cond: ((id >= 6028345) AND (id <= 6029344))
	  ->  Bitmap Index Scan on sbtest5_pkey  (cost=0.00..31.29 rows=1085 width=0)
	        Index Cond: ((id >= 6028345) AND (id <= 6029344))

table 6 : explain SELECT c FROM sbtest6 WHERE id BETWEEN 2291428 AND 2292427
	Bitmap Heap Scan on sbtest6  (cost=31.04..4007.23 rows=1035 width=121)
	  Recheck Cond: ((id >= 2291428) AND (id <= 2292427))
	  ->  Bitmap Index Scan on sbtest6_pkey  (cost=0.00..30.79 rows=1035 width=0)
	        Index Cond: ((id >= 2291428) AND (id <= 2292427))

table 7 : explain SELECT c FROM sbtest7 WHERE id BETWEEN 9091824 AND 9092823
	Bitmap Heap Scan on sbtest7  (cost=30.94..3972.51 rows=1025 width=121)
	  Recheck Cond: ((id >= 9091824) AND (id <= 9092823))
	  ->  Bitmap Index Scan on sbtest7_pkey  (cost=0.00..30.68 rows=1025 width=0)
	        Index Cond: ((id >= 9091824) AND (id <= 9092823))

table 8 : explain SELECT c FROM sbtest8 WHERE id BETWEEN 5454853 AND 5455852
	Bitmap Heap Scan on sbtest8  (cost=30.79..3913.29 rows=1010 width=121)
	  Recheck Cond: ((id >= 5454853) AND (id <= 5455852))
	  ->  Bitmap Index Scan on sbtest8_pkey  (cost=0.00..30.54 rows=1010 width=0)
	        Index Cond: ((id >= 5454853) AND (id <= 5455852))

for: sum_ranges
table 1 : explain SELECT SUM(k) FROM sbtest1 WHERE id BETWEEN 5062404 AND 5063403
	Aggregate  (cost=3794.53..3794.54 rows=1 width=8)
	  ->  Bitmap Heap Scan on sbtest1  (cost=30.47..3792.09 rows=979 width=4)
	        Recheck Cond: ((id >= 5062404) AND (id <= 5063403))
	        ->  Bitmap Index Scan on sbtest1_pkey  (cost=0.00..30.22 rows=979 width=0)
	              Index Cond: ((id >= 5062404) AND (id <= 5063403))

table 2 : explain SELECT SUM(k) FROM sbtest2 WHERE id BETWEEN 5704525 AND 5705524
	Aggregate  (cost=3780.82..3780.83 rows=1 width=8)
	  ->  Bitmap Heap Scan on sbtest2  (cost=30.43..3778.39 rows=975 width=4)
	        Recheck Cond: ((id >= 5704525) AND (id <= 5705524))
	        ->  Bitmap Index Scan on sbtest2_pkey  (cost=0.00..30.18 rows=975 width=0)
	              Index Cond: ((id >= 5704525) AND (id <= 5705524))

table 3 : explain SELECT SUM(k) FROM sbtest3 WHERE id BETWEEN 3158786 AND 3159785
	Aggregate  (cost=4271.45..4271.46 rows=1 width=8)
	  ->  Bitmap Heap Scan on sbtest3  (cost=31.76..4268.69 rows=1105 width=4)
	        Recheck Cond: ((id >= 3158786) AND (id <= 3159785))
	        ->  Bitmap Index Scan on sbtest3_pkey  (cost=0.00..31.48 rows=1105 width=0)
	              Index Cond: ((id >= 3158786) AND (id <= 3159785))

table 4 : explain SELECT SUM(k) FROM sbtest4 WHERE id BETWEEN 4388885 AND 4389884
	Aggregate  (cost=3777.53..3777.54 rows=1 width=8)
	  ->  Bitmap Heap Scan on sbtest4  (cost=30.42..3775.09 rows=974 width=4)
	        Recheck Cond: ((id >= 4388885) AND (id <= 4389884))
	        ->  Bitmap Index Scan on sbtest4_pkey  (cost=0.00..30.18 rows=974 width=0)
	              Index Cond: ((id >= 4388885) AND (id <= 4389884))

table 5 : explain SELECT SUM(k) FROM sbtest5 WHERE id BETWEEN 2041639 AND 2042638
	Aggregate  (cost=4088.33..4088.34 rows=1 width=8)
	  ->  Bitmap Heap Scan on sbtest5  (cost=31.25..4085.69 rows=1055 width=4)
	        Recheck Cond: ((id >= 2041639) AND (id <= 2042638))
	        ->  Bitmap Index Scan on sbtest5_pkey  (cost=0.00..30.98 rows=1055 width=0)
	              Index Cond: ((id >= 2041639) AND (id <= 2042638))

table 6 : explain SELECT SUM(k) FROM sbtest6 WHERE id BETWEEN 2649584 AND 2650583
	Aggregate  (cost=4028.68..4028.69 rows=1 width=8)
	  ->  Bitmap Heap Scan on sbtest6  (cost=31.09..4026.08 rows=1040 width=4)
	        Recheck Cond: ((id >= 2649584) AND (id <= 2650583))
	        ->  Bitmap Index Scan on sbtest6_pkey  (cost=0.00..30.83 rows=1040 width=0)
	              Index Cond: ((id >= 2649584) AND (id <= 2650583))

table 7 : explain SELECT SUM(k) FROM sbtest7 WHERE id BETWEEN 5788716 AND 5789715
	Aggregate  (cost=3944.84..3944.85 rows=1 width=8)
	  ->  Bitmap Heap Scan on sbtest7  (cost=30.86..3942.30 rows=1017 width=4)
	        Recheck Cond: ((id >= 5788716) AND (id <= 5789715))
	        ->  Bitmap Index Scan on sbtest7_pkey  (cost=0.00..30.61 rows=1017 width=0)
	              Index Cond: ((id >= 5788716) AND (id <= 5789715))

table 8 : explain SELECT SUM(k) FROM sbtest8 WHERE id BETWEEN 3128966 AND 3129965
	Aggregate  (cost=3919.59..3919.60 rows=1 width=8)
	  ->  Bitmap Heap Scan on sbtest8  (cost=30.80..3917.06 rows=1011 width=4)
	        Recheck Cond: ((id >= 3128966) AND (id <= 3129965))
	        ->  Bitmap Index Scan on sbtest8_pkey  (cost=0.00..30.54 rows=1011 width=0)
	              Index Cond: ((id >= 3128966) AND (id <= 3129965))

for: distinct_ranges
table 1 : explain SELECT DISTINCT c FROM sbtest1 WHERE id BETWEEN 6565703 AND 6566702 ORDER BY c
	Unique  (cost=3652.95..3657.60 rows=930 width=121)
	  ->  Sort  (cost=3652.95..3655.28 rows=930 width=121)
	        Sort Key: c
	        ->  Bitmap Heap Scan on sbtest1  (cost=29.97..3607.10 rows=930 width=121)
	              Recheck Cond: ((id >= 6565703) AND (id <= 6566702))
	              ->  Bitmap Index Scan on sbtest1_pkey  (cost=0.00..29.73 rows=930 width=0)
	                    Index Cond: ((id >= 6565703) AND (id <= 6566702))

table 2 : explain SELECT DISTINCT c FROM sbtest2 WHERE id BETWEEN 2461374 AND 2462373 ORDER BY c
	Unique  (cost=4025.87..4031.01 rows=1027 width=121)
	  ->  Sort  (cost=4025.87..4028.44 rows=1027 width=121)
	        Sort Key: c
	        ->  Bitmap Heap Scan on sbtest2  (cost=30.96..3974.50 rows=1027 width=121)
	              Recheck Cond: ((id >= 2461374) AND (id <= 2462373))
	              ->  Bitmap Index Scan on sbtest2_pkey  (cost=0.00..30.70 rows=1027 width=0)
	                    Index Cond: ((id >= 2461374) AND (id <= 2462373))

table 3 : explain SELECT DISTINCT c FROM sbtest3 WHERE id BETWEEN 756660 AND 757659 ORDER BY c
	Unique  (cost=3604.68..3609.27 rows=918 width=121)
	  ->  Sort  (cost=3604.68..3606.98 rows=918 width=121)
	        Sort Key: c
	        ->  Bitmap Heap Scan on sbtest3  (cost=25.84..3559.51 rows=918 width=121)
	              Recheck Cond: ((id >= 756660) AND (id <= 757659))
	              ->  Bitmap Index Scan on sbtest3_pkey  (cost=0.00..25.61 rows=918 width=0)
	                    Index Cond: ((id >= 756660) AND (id <= 757659))

table 4 : explain SELECT DISTINCT c FROM sbtest4 WHERE id BETWEEN 520710 AND 521709 ORDER BY c
	Unique  (cost=3650.69..3655.34 rows=930 width=121)
	  ->  Sort  (cost=3650.69..3653.02 rows=930 width=121)
	        Sort Key: c
	        ->  Bitmap Heap Scan on sbtest4  (cost=25.97..3604.84 rows=930 width=121)
	              Recheck Cond: ((id >= 520710) AND (id <= 521709))
	              ->  Bitmap Index Scan on sbtest4_pkey  (cost=0.00..25.73 rows=930 width=0)
	                    Index Cond: ((id >= 520710) AND (id <= 521709))

table 5 : explain SELECT DISTINCT c FROM sbtest5 WHERE id BETWEEN 8385317 AND 8386316 ORDER BY c
	Unique  (cost=4123.35..4128.60 rows=1051 width=121)
	  ->  Sort  (cost=4123.35..4125.97 rows=1051 width=121)
	        Sort Key: c
	        ->  Bitmap Heap Scan on sbtest5  (cost=31.21..4070.60 rows=1051 width=121)
	              Recheck Cond: ((id >= 8385317) AND (id <= 8386316))
	              ->  Bitmap Index Scan on sbtest5_pkey  (cost=0.00..30.94 rows=1051 width=0)
	                    Index Cond: ((id >= 8385317) AND (id <= 8386316))

table 6 : explain SELECT DISTINCT c FROM sbtest6 WHERE id BETWEEN 2777213 AND 2778212 ORDER BY c
	Unique  (cost=4036.09..4041.23 rows=1029 width=121)
	  ->  Sort  (cost=4036.09..4038.66 rows=1029 width=121)
	        Sort Key: c
	        ->  Bitmap Heap Scan on sbtest6  (cost=30.98..3984.60 rows=1029 width=121)
	              Recheck Cond: ((id >= 2777213) AND (id <= 2778212))
	              ->  Bitmap Index Scan on sbtest6_pkey  (cost=0.00..30.72 rows=1029 width=0)
	                    Index Cond: ((id >= 2777213) AND (id <= 2778212))

table 7 : explain SELECT DISTINCT c FROM sbtest7 WHERE id BETWEEN 8643574 AND 8644573 ORDER BY c
	Unique  (cost=3701.33..3706.03 rows=941 width=121)
	  ->  Sort  (cost=3701.33..3703.68 rows=941 width=121)
	        Sort Key: c
	        ->  Bitmap Heap Scan on sbtest7  (cost=30.08..3654.85 rows=941 width=121)
	              Recheck Cond: ((id >= 8643574) AND (id <= 8644573))
	              ->  Bitmap Index Scan on sbtest7_pkey  (cost=0.00..29.84 rows=941 width=0)
	                    Index Cond: ((id >= 8643574) AND (id <= 8644573))

table 8 : explain SELECT DISTINCT c FROM sbtest8 WHERE id BETWEEN 9889989 AND 9890988 ORDER BY c
	Unique  (cost=3844.85..3849.75 rows=979 width=121)
	  ->  Sort  (cost=3844.85..3847.30 rows=979 width=121)
	        Sort Key: c
	        ->  Bitmap Heap Scan on sbtest8  (cost=30.47..3796.22 rows=979 width=121)
	              Recheck Cond: ((id >= 9889989) AND (id <= 9890988))
	              ->  Bitmap Index Scan on sbtest8_pkey  (cost=0.00..30.22 rows=979 width=0)
	                    Index Cond: ((id >= 9889989) AND (id <= 9890988))

for: order_ranges
table 1 : explain SELECT c FROM sbtest1 WHERE id BETWEEN 3623642 AND 3624641 ORDER BY c
	Sort  (cost=4066.42..4069.01 rows=1038 width=121)
	  Sort Key: c
	  ->  Bitmap Heap Scan on sbtest1  (cost=31.07..4014.42 rows=1038 width=121)
	        Recheck Cond: ((id >= 3623642) AND (id <= 3624641))
	        ->  Bitmap Index Scan on sbtest1_pkey  (cost=0.00..30.82 rows=1038 width=0)
	              Index Cond: ((id >= 3623642) AND (id <= 3624641))

table 2 : explain SELECT c FROM sbtest2 WHERE id BETWEEN 7635229 AND 7636228 ORDER BY c
	Sort  (cost=3719.46..3721.83 rows=947 width=121)
	  Sort Key: c
	  ->  Bitmap Heap Scan on sbtest2  (cost=30.14..3672.64 rows=947 width=121)
	        Recheck Cond: ((id >= 7635229) AND (id <= 7636228))
	        ->  Bitmap Index Scan on sbtest2_pkey  (cost=0.00..29.90 rows=947 width=0)
	              Index Cond: ((id >= 7635229) AND (id <= 7636228))

table 3 : explain SELECT c FROM sbtest3 WHERE id BETWEEN 2101933 AND 2102932 ORDER BY c
	Sort  (cost=3485.60..3487.82 rows=887 width=121)
	  Sort Key: c
	  ->  Bitmap Heap Scan on sbtest3  (cost=25.53..3442.17 rows=887 width=121)
	        Recheck Cond: ((id >= 2101933) AND (id <= 2102932))
	        ->  Bitmap Index Scan on sbtest3_pkey  (cost=0.00..25.30 rows=887 width=0)
	              Index Cond: ((id >= 2101933) AND (id <= 2102932))

table 4 : explain SELECT c FROM sbtest4 WHERE id BETWEEN 3849517 AND 3850516 ORDER BY c
	Sort  (cost=3400.97..3403.13 rows=865 width=121)
	  Sort Key: c
	  ->  Bitmap Heap Scan on sbtest4  (cost=25.30..3358.77 rows=865 width=121)
	        Recheck Cond: ((id >= 3849517) AND (id <= 3850516))
	        ->  Bitmap Index Scan on sbtest4_pkey  (cost=0.00..25.08 rows=865 width=0)
	              Index Cond: ((id >= 3849517) AND (id <= 3850516))

table 5 : explain SELECT c FROM sbtest5 WHERE id BETWEEN 2732154 AND 2733153 ORDER BY c
	Sort  (cost=3954.69..3957.20 rows=1007 width=121)
	  Sort Key: c
	  ->  Bitmap Heap Scan on sbtest5  (cost=30.76..3904.46 rows=1007 width=121)
	        Recheck Cond: ((id >= 2732154) AND (id <= 2733153))
	        ->  Bitmap Index Scan on sbtest5_pkey  (cost=0.00..30.50 rows=1007 width=0)
	              Index Cond: ((id >= 2732154) AND (id <= 2733153))

table 6 : explain SELECT c FROM sbtest6 WHERE id BETWEEN 3097609 AND 3098608 ORDER BY c
	Sort  (cost=3660.29..3662.62 rows=931 width=121)
	  Sort Key: c
	  ->  Bitmap Heap Scan on sbtest6  (cost=29.98..3614.38 rows=931 width=121)
	        Recheck Cond: ((id >= 3097609) AND (id <= 3098608))
	        ->  Bitmap Index Scan on sbtest6_pkey  (cost=0.00..29.75 rows=931 width=0)
	              Index Cond: ((id >= 3097609) AND (id <= 3098608))

table 7 : explain SELECT c FROM sbtest7 WHERE id BETWEEN 9277430 AND 9278429 ORDER BY c
	Sort  (cost=3866.49..3868.95 rows=984 width=121)
	  Sort Key: c
	  ->  Bitmap Heap Scan on sbtest7  (cost=30.52..3817.57 rows=984 width=121)
	        Recheck Cond: ((id >= 9277430) AND (id <= 9278429))
	        ->  Bitmap Index Scan on sbtest7_pkey  (cost=0.00..30.27 rows=984 width=0)
	              Index Cond: ((id >= 9277430) AND (id <= 9278429))

table 8 : explain SELECT c FROM sbtest8 WHERE id BETWEEN 3625021 AND 3626020 ORDER BY c
	Sort  (cost=3944.53..3947.04 rows=1005 width=121)
	  Sort Key: c
	  ->  Bitmap Heap Scan on sbtest8  (cost=30.74..3894.42 rows=1005 width=121)
	        Recheck Cond: ((id >= 3625021) AND (id <= 3626020))
	        ->  Bitmap Index Scan on sbtest8_pkey  (cost=0.00..30.48 rows=1005 width=0)
	              Index Cond: ((id >= 3625021) AND (id <= 3626020))

for: sum_ranges
table 1 : explain SELECT SUM(k) FROM sbtest1 WHERE id BETWEEN 2314323 AND 2315322
	Aggregate  (cost=3824.73..3824.74 rows=1 width=8)
	  ->  Bitmap Heap Scan on sbtest1  (cost=30.55..3822.26 rows=987 width=4)
	        Recheck Cond: ((id >= 2314323) AND (id <= 2315322))
	        ->  Bitmap Index Scan on sbtest1_pkey  (cost=0.00..30.30 rows=987 width=0)
	              Index Cond: ((id >= 2314323) AND (id <= 2315322))

table 2 : explain SELECT SUM(k) FROM sbtest2 WHERE id BETWEEN 5222959 AND 5223958
	Aggregate  (cost=3875.22..3875.23 rows=1 width=8)
	  ->  Bitmap Heap Scan on sbtest2  (cost=30.68..3872.72 rows=1000 width=4)
	        Recheck Cond: ((id >= 5222959) AND (id <= 5223958))
	        ->  Bitmap Index Scan on sbtest2_pkey  (cost=0.00..30.43 rows=1000 width=0)
	              Index Cond: ((id >= 5222959) AND (id <= 5223958))

table 3 : explain SELECT SUM(k) FROM sbtest3 WHERE id BETWEEN 2211124 AND 2212123
	Aggregate  (cost=3875.77..3875.78 rows=1 width=8)
	  ->  Bitmap Heap Scan on sbtest3  (cost=30.68..3873.27 rows=1000 width=4)
	        Recheck Cond: ((id >= 2211124) AND (id <= 2212123))
	        ->  Bitmap Index Scan on sbtest3_pkey  (cost=0.00..30.43 rows=1000 width=0)
	              Index Cond: ((id >= 2211124) AND (id <= 2212123))

table 4 : explain SELECT SUM(k) FROM sbtest4 WHERE id BETWEEN 6846591 AND 6847590
	Aggregate  (cost=3856.84..3856.85 rows=1 width=8)
	  ->  Bitmap Heap Scan on sbtest4  (cost=30.63..3854.35 rows=995 width=4)
	        Recheck Cond: ((id >= 6846591) AND (id <= 6847590))
	        ->  Bitmap Index Scan on sbtest4_pkey  (cost=0.00..30.39 rows=995 width=0)
	              Index Cond: ((id >= 6846591) AND (id <= 6847590))

table 5 : explain SELECT SUM(k) FROM sbtest5 WHERE id BETWEEN 3635820 AND 3636819
	Aggregate  (cost=4046.79..4046.80 rows=1 width=8)
	  ->  Bitmap Heap Scan on sbtest5  (cost=31.14..4044.18 rows=1044 width=4)
	        Recheck Cond: ((id >= 3635820) AND (id <= 3636819))
	        ->  Bitmap Index Scan on sbtest5_pkey  (cost=0.00..30.87 rows=1044 width=0)
	              Index Cond: ((id >= 3635820) AND (id <= 3636819))

table 6 : explain SELECT SUM(k) FROM sbtest6 WHERE id BETWEEN 8424631 AND 8425630
	Aggregate  (cost=3730.24..3730.25 rows=1 width=8)
	  ->  Bitmap Heap Scan on sbtest6  (cost=30.29..3727.84 rows=961 width=4)
	        Recheck Cond: ((id >= 8424631) AND (id <= 8425630))
	        ->  Bitmap Index Scan on sbtest6_pkey  (cost=0.00..30.04 rows=961 width=0)
	              Index Cond: ((id >= 8424631) AND (id <= 8425630))

table 7 : explain SELECT SUM(k) FROM sbtest7 WHERE id BETWEEN 9828882 AND 9829881
	Aggregate  (cost=4069.51..4069.52 rows=1 width=8)
	  ->  Bitmap Heap Scan on sbtest7  (cost=31.20..4066.89 rows=1050 width=4)
	        Recheck Cond: ((id >= 9828882) AND (id <= 9829881))
	        ->  Bitmap Index Scan on sbtest7_pkey  (cost=0.00..30.93 rows=1050 width=0)
	              Index Cond: ((id >= 9828882) AND (id <= 9829881))

table 8 : explain SELECT SUM(k) FROM sbtest8 WHERE id BETWEEN 4170303 AND 4171302
	Aggregate  (cost=3688.97..3688.98 rows=1 width=8)
	  ->  Bitmap Heap Scan on sbtest8  (cost=30.17..3686.59 rows=950 width=4)
	        Recheck Cond: ((id >= 4170303) AND (id <= 4171302))
	        ->  Bitmap Index Scan on sbtest8_pkey  (cost=0.00..29.93 rows=950 width=0)
	              Index Cond: ((id >= 4170303) AND (id <= 4171302))

for: sum_ranges
table 1 : explain SELECT SUM(k) FROM sbtest1 WHERE id BETWEEN 9139327 AND 9140326
	Aggregate  (cost=3870.00..3870.01 rows=1 width=8)
	  ->  Bitmap Heap Scan on sbtest1  (cost=30.67..3867.50 rows=999 width=4)
	        Recheck Cond: ((id >= 9139327) AND (id <= 9140326))
	        ->  Bitmap Index Scan on sbtest1_pkey  (cost=0.00..30.43 rows=999 width=0)
	              Index Cond: ((id >= 9139327) AND (id <= 9140326))

table 2 : explain SELECT SUM(k) FROM sbtest2 WHERE id BETWEEN 4243036 AND 4244035
	Aggregate  (cost=4300.89..4300.90 rows=1 width=8)
	  ->  Bitmap Heap Scan on sbtest2  (cost=31.84..4298.10 rows=1113 width=4)
	        Recheck Cond: ((id >= 4243036) AND (id <= 4244035))
	        ->  Bitmap Index Scan on sbtest2_pkey  (cost=0.00..31.57 rows=1113 width=0)
	              Index Cond: ((id >= 4243036) AND (id <= 4244035))

table 3 : explain SELECT SUM(k) FROM sbtest3 WHERE id BETWEEN 7670681 AND 7671680
	Aggregate  (cost=4324.11..4324.12 rows=1 width=8)
	  ->  Bitmap Heap Scan on sbtest3  (cost=31.90..4321.31 rows=1119 width=4)
	        Recheck Cond: ((id >= 7670681) AND (id <= 7671680))
	        ->  Bitmap Index Scan on sbtest3_pkey  (cost=0.00..31.62 rows=1119 width=0)
	              Index Cond: ((id >= 7670681) AND (id <= 7671680))

table 4 : explain SELECT SUM(k) FROM sbtest4 WHERE id BETWEEN 2861006 AND 2862005
	Aggregate  (cost=3973.82..3973.83 rows=1 width=8)
	  ->  Bitmap Heap Scan on sbtest4  (cost=30.95..3971.25 rows=1026 width=4)
	        Recheck Cond: ((id >= 2861006) AND (id <= 2862005))
	        ->  Bitmap Index Scan on sbtest4_pkey  (cost=0.00..30.69 rows=1026 width=0)
	              Index Cond: ((id >= 2861006) AND (id <= 2862005))

table 5 : explain SELECT SUM(k) FROM sbtest5 WHERE id BETWEEN 6984065 AND 6985064
	Aggregate  (cost=3880.50..3880.51 rows=1 width=8)
	  ->  Bitmap Heap Scan on sbtest5  (cost=30.68..3878.00 rows=1000 width=4)
	        Recheck Cond: ((id >= 6984065) AND (id <= 6985064))
	        ->  Bitmap Index Scan on sbtest5_pkey  (cost=0.00..30.43 rows=1000 width=0)
	              Index Cond: ((id >= 6984065) AND (id <= 6985064))

table 6 : explain SELECT SUM(k) FROM sbtest6 WHERE id BETWEEN 8884990 AND 8885989
	Aggregate  (cost=4138.04..4138.05 rows=1 width=8)
	  ->  Bitmap Heap Scan on sbtest6  (cost=31.39..4135.37 rows=1069 width=4)
	        Recheck Cond: ((id >= 8884990) AND (id <= 8885989))
	        ->  Bitmap Index Scan on sbtest6_pkey  (cost=0.00..31.12 rows=1069 width=0)
	              Index Cond: ((id >= 8884990) AND (id <= 8885989))

table 7 : explain SELECT SUM(k) FROM sbtest7 WHERE id BETWEEN 9822600 AND 9823599
	Aggregate  (cost=4069.51..4069.52 rows=1 width=8)
	  ->  Bitmap Heap Scan on sbtest7  (cost=31.20..4066.89 rows=1050 width=4)
	        Recheck Cond: ((id >= 9822600) AND (id <= 9823599))
	        ->  Bitmap Index Scan on sbtest7_pkey  (cost=0.00..30.93 rows=1050 width=0)
	              Index Cond: ((id >= 9822600) AND (id <= 9823599))

table 8 : explain SELECT SUM(k) FROM sbtest8 WHERE id BETWEEN 5548483 AND 5549482
	Aggregate  (cost=4176.14..4176.15 rows=1 width=8)
	  ->  Bitmap Heap Scan on sbtest8  (cost=31.49..4173.44 rows=1079 width=4)
	        Recheck Cond: ((id >= 5548483) AND (id <= 5549482))
	        ->  Bitmap Index Scan on sbtest8_pkey  (cost=0.00..31.22 rows=1079 width=0)
	              Index Cond: ((id >= 5548483) AND (id <= 5549482))

for point_selects
table 1 : explain SELECT c FROM sbtest1 WHERE id=7237771
	Index Scan using sbtest1_pkey on sbtest1  (cost=0.43..8.45 rows=1 width=121)
	  Index Cond: (id = 7237771)

table 2 : explain SELECT c FROM sbtest2 WHERE id=5375695
	Index Scan using sbtest2_pkey on sbtest2  (cost=0.43..8.45 rows=1 width=121)
	  Index Cond: (id = 5375695)

table 3 : explain SELECT c FROM sbtest3 WHERE id=1536747
	Index Scan using sbtest3_pkey on sbtest3  (cost=0.43..8.45 rows=1 width=121)
	  Index Cond: (id = 1536747)

table 4 : explain SELECT c FROM sbtest4 WHERE id=3111988
	Index Scan using sbtest4_pkey on sbtest4  (cost=0.43..8.45 rows=1 width=121)
	  Index Cond: (id = 3111988)

table 5 : explain SELECT c FROM sbtest5 WHERE id=5786561
	Index Scan using sbtest5_pkey on sbtest5  (cost=0.43..8.45 rows=1 width=121)
	  Index Cond: (id = 5786561)

table 6 : explain SELECT c FROM sbtest6 WHERE id=3216656
	Index Scan using sbtest6_pkey on sbtest6  (cost=0.43..8.45 rows=1 width=121)
	  Index Cond: (id = 3216656)

table 7 : explain SELECT c FROM sbtest7 WHERE id=8658737
	Index Scan using sbtest7_pkey on sbtest7  (cost=0.43..8.45 rows=1 width=121)
	  Index Cond: (id = 8658737)

table 8 : explain SELECT c FROM sbtest8 WHERE id=5959323
	Index Scan using sbtest8_pkey on sbtest8  (cost=0.43..8.45 rows=1 width=121)
	  Index Cond: (id = 5959323)

for: distinct_ranges
table 1 : explain SELECT DISTINCT c FROM sbtest1 WHERE id BETWEEN 507383 AND 508382 ORDER BY c
	Unique  (cost=3752.62..3757.40 rows=956 width=121)
	  ->  Sort  (cost=3752.62..3755.01 rows=956 width=121)
	        Sort Key: c
	        ->  Bitmap Heap Scan on sbtest1  (cost=30.23..3705.30 rows=956 width=121)
	              Recheck Cond: ((id >= 507383) AND (id <= 508382))
	              ->  Bitmap Index Scan on sbtest1_pkey  (cost=0.00..30.00 rows=956 width=0)
	                    Index Cond: ((id >= 507383) AND (id <= 508382))

table 2 : explain SELECT DISTINCT c FROM sbtest2 WHERE id BETWEEN 2113332 AND 2114331 ORDER BY c
	Unique  (cost=4171.15..4176.48 rows=1065 width=121)
	  ->  Sort  (cost=4171.15..4173.81 rows=1065 width=121)
	        Sort Key: c
	        ->  Bitmap Heap Scan on sbtest2  (cost=31.35..4117.60 rows=1065 width=121)
	              Recheck Cond: ((id >= 2113332) AND (id <= 2114331))
	              ->  Bitmap Index Scan on sbtest2_pkey  (cost=0.00..31.08 rows=1065 width=0)
	                    Index Cond: ((id >= 2113332) AND (id <= 2114331))

table 3 : explain SELECT DISTINCT c FROM sbtest3 WHERE id BETWEEN 5079530 AND 5080529 ORDER BY c
	Unique  (cost=3850.32..3855.23 rows=981 width=121)
	  ->  Sort  (cost=3850.32..3852.78 rows=981 width=121)
	        Sort Key: c
	        ->  Bitmap Heap Scan on sbtest3  (cost=30.49..3801.58 rows=981 width=121)
	              Recheck Cond: ((id >= 5079530) AND (id <= 5080529))
	              ->  Bitmap Index Scan on sbtest3_pkey  (cost=0.00..30.25 rows=981 width=0)
	                    Index Cond: ((id >= 5079530) AND (id <= 5080529))

table 4 : explain SELECT DISTINCT c FROM sbtest4 WHERE id BETWEEN 9521858 AND 9522857 ORDER BY c
	Unique  (cost=3815.78..3820.64 rows=972 width=121)
	  ->  Sort  (cost=3815.78..3818.21 rows=972 width=121)
	        Sort Key: c
	        ->  Bitmap Heap Scan on sbtest4  (cost=30.40..3767.54 rows=972 width=121)
	              Recheck Cond: ((id >= 9521858) AND (id <= 9522857))
	              ->  Bitmap Index Scan on sbtest4_pkey  (cost=0.00..30.15 rows=972 width=0)
	                    Index Cond: ((id >= 9521858) AND (id <= 9522857))

table 5 : explain SELECT DISTINCT c FROM sbtest5 WHERE id BETWEEN 2768797 AND 2769796 ORDER BY c
	Unique  (cost=3954.69..3959.72 rows=1007 width=121)
	  ->  Sort  (cost=3954.69..3957.20 rows=1007 width=121)
	        Sort Key: c
	        ->  Bitmap Heap Scan on sbtest5  (cost=30.76..3904.46 rows=1007 width=121)
	              Recheck Cond: ((id >= 2768797) AND (id <= 2769796))
	              ->  Bitmap Index Scan on sbtest5_pkey  (cost=0.00..30.50 rows=1007 width=0)
	                    Index Cond: ((id >= 2768797) AND (id <= 2769796))

table 6 : explain SELECT DISTINCT c FROM sbtest6 WHERE id BETWEEN 3597282 AND 3598281 ORDER BY c
	Unique  (cost=3940.33..3945.35 rows=1004 width=121)
	  ->  Sort  (cost=3940.33..3942.84 rows=1004 width=121)
	        Sort Key: c
	        ->  Bitmap Heap Scan on sbtest6  (cost=30.73..3890.27 rows=1004 width=121)
	              Recheck Cond: ((id >= 3597282) AND (id <= 3598281))
	              ->  Bitmap Index Scan on sbtest6_pkey  (cost=0.00..30.47 rows=1004 width=0)
	                    Index Cond: ((id >= 3597282) AND (id <= 3598281))

table 7 : explain SELECT DISTINCT c FROM sbtest7 WHERE id BETWEEN 4503941 AND 4504940 ORDER BY c
	Unique  (cost=4337.76..4343.29 rows=1107 width=121)
	  ->  Sort  (cost=4337.76..4340.52 rows=1107 width=121)
	        Sort Key: c
	        ->  Bitmap Heap Scan on sbtest7  (cost=31.78..4281.78 rows=1107 width=121)
	              Recheck Cond: ((id >= 4503941) AND (id <= 4504940))
	              ->  Bitmap Index Scan on sbtest7_pkey  (cost=0.00..31.50 rows=1107 width=0)
	                    Index Cond: ((id >= 4503941) AND (id <= 4504940))

table 8 : explain SELECT DISTINCT c FROM sbtest8 WHERE id BETWEEN 1765749 AND 1766748 ORDER BY c
	Unique  (cost=4113.04..4118.28 rows=1049 width=121)
	  ->  Sort  (cost=4113.04..4115.66 rows=1049 width=121)
	        Sort Key: c
	        ->  Bitmap Heap Scan on sbtest8  (cost=31.19..4060.40 rows=1049 width=121)
	              Recheck Cond: ((id >= 1765749) AND (id <= 1766748))
	              ->  Bitmap Index Scan on sbtest8_pkey  (cost=0.00..30.93 rows=1049 width=0)
	                    Index Cond: ((id >= 1765749) AND (id <= 1766748))

for: sum_ranges
table 1 : explain SELECT SUM(k) FROM sbtest1 WHERE id BETWEEN 9731112 AND 9732111
	Aggregate  (cost=3843.59..3843.60 rows=1 width=8)
	  ->  Bitmap Heap Scan on sbtest1  (cost=30.60..3841.11 rows=992 width=4)
	        Recheck Cond: ((id >= 9731112) AND (id <= 9732111))
	        ->  Bitmap Index Scan on sbtest1_pkey  (cost=0.00..30.36 rows=992 width=0)
	              Index Cond: ((id >= 9731112) AND (id <= 9732111))

table 2 : explain SELECT SUM(k) FROM sbtest2 WHERE id BETWEEN 8446830 AND 8447829
	Aggregate  (cost=3992.15..3992.16 rows=1 width=8)
	  ->  Bitmap Heap Scan on sbtest2  (cost=31.00..3989.57 rows=1031 width=4)
	        Recheck Cond: ((id >= 8446830) AND (id <= 8447829))
	        ->  Bitmap Index Scan on sbtest2_pkey  (cost=0.00..30.75 rows=1031 width=0)
	              Index Cond: ((id >= 8446830) AND (id <= 8447829))

table 3 : explain SELECT SUM(k) FROM sbtest3 WHERE id BETWEEN 2762336 AND 2763335
	Aggregate  (cost=4241.35..4241.36 rows=1 width=8)
	  ->  Bitmap Heap Scan on sbtest3  (cost=31.68..4238.61 rows=1097 width=4)
	        Recheck Cond: ((id >= 2762336) AND (id <= 2763335))
	        ->  Bitmap Index Scan on sbtest3_pkey  (cost=0.00..31.40 rows=1097 width=0)
	              Index Cond: ((id >= 2762336) AND (id <= 2763335))

table 4 : explain SELECT SUM(k) FROM sbtest4 WHERE id BETWEEN 9737946 AND 9738945
	Aggregate  (cost=3785.08..3785.09 rows=1 width=8)
	  ->  Bitmap Heap Scan on sbtest4  (cost=30.44..3782.64 rows=976 width=4)
	        Recheck Cond: ((id >= 9737946) AND (id <= 9738945))
	        ->  Bitmap Index Scan on sbtest4_pkey  (cost=0.00..30.19 rows=976 width=0)
	              Index Cond: ((id >= 9737946) AND (id <= 9738945))

table 5 : explain SELECT SUM(k) FROM sbtest5 WHERE id BETWEEN 4421411 AND 4422410
	Aggregate  (cost=4080.78..4080.79 rows=1 width=8)
	  ->  Bitmap Heap Scan on sbtest5  (cost=31.23..4078.15 rows=1053 width=4)
	        Recheck Cond: ((id >= 4421411) AND (id <= 4422410))
	        ->  Bitmap Index Scan on sbtest5_pkey  (cost=0.00..30.96 rows=1053 width=0)
	              Index Cond: ((id >= 4421411) AND (id <= 4422410))

table 6 : explain SELECT SUM(k) FROM sbtest6 WHERE id BETWEEN 773082 AND 774081
	Aggregate  (cost=4058.86..4058.87 rows=1 width=8)
	  ->  Bitmap Heap Scan on sbtest6  (cost=31.18..4056.24 rows=1048 width=4)
	        Recheck Cond: ((id >= 773082) AND (id <= 774081))
	        ->  Bitmap Index Scan on sbtest6_pkey  (cost=0.00..30.91 rows=1048 width=0)
	              Index Cond: ((id >= 773082) AND (id <= 774081))

table 7 : explain SELECT SUM(k) FROM sbtest7 WHERE id BETWEEN 2849166 AND 2850165
	Aggregate  (cost=4186.51..4186.52 rows=1 width=8)
	  ->  Bitmap Heap Scan on sbtest7  (cost=31.52..4183.81 rows=1081 width=4)
	        Recheck Cond: ((id >= 2849166) AND (id <= 2850165))
	        ->  Bitmap Index Scan on sbtest7_pkey  (cost=0.00..31.25 rows=1081 width=0)
	              Index Cond: ((id >= 2849166) AND (id <= 2850165))

table 8 : explain SELECT SUM(k) FROM sbtest8 WHERE id BETWEEN 6060338 AND 6061337
	Aggregate  (cost=4153.52..4153.53 rows=1 width=8)
	  ->  Bitmap Heap Scan on sbtest8  (cost=31.43..4150.84 rows=1073 width=4)
	        Recheck Cond: ((id >= 6060338) AND (id <= 6061337))
	        ->  Bitmap Index Scan on sbtest8_pkey  (cost=0.00..31.16 rows=1073 width=0)
	              Index Cond: ((id >= 6060338) AND (id <= 6061337))

explain: for point_selects :: explain SELECT c FROM sbtest%u WHERE id=%u
for: simple_ranges
table 1 : explain SELECT c FROM sbtest1 WHERE id BETWEEN 7477659 AND 7478658
	Bitmap Heap Scan on sbtest1  (cost=30.67..3867.50 rows=999 width=121)
	  Recheck Cond: ((id >= 7477659) AND (id <= 7478658))
	  ->  Bitmap Index Scan on sbtest1_pkey  (cost=0.00..30.43 rows=999 width=0)
	        Index Cond: ((id >= 7477659) AND (id <= 7478658))

table 2 : explain SELECT c FROM sbtest2 WHERE id BETWEEN 5694890 AND 5695889
	Bitmap Heap Scan on sbtest2  (cost=30.43..3778.39 rows=975 width=121)
	  Recheck Cond: ((id >= 5694890) AND (id <= 5695889))
	  ->  Bitmap Index Scan on sbtest2_pkey  (cost=0.00..30.18 rows=975 width=0)
	        Index Cond: ((id >= 5694890) AND (id <= 5695889))

table 3 : explain SELECT c FROM sbtest3 WHERE id BETWEEN 1246461 AND 1247460
	Bitmap Heap Scan on sbtest3  (cost=31.01..3993.93 rows=1032 width=121)
	  Recheck Cond: ((id >= 1246461) AND (id <= 1247460))
	  ->  Bitmap Index Scan on sbtest3_pkey  (cost=0.00..30.75 rows=1032 width=0)
	        Index Cond: ((id >= 1246461) AND (id <= 1247460))

table 4 : explain SELECT c FROM sbtest4 WHERE id BETWEEN 8189580 AND 8190579
	Bitmap Heap Scan on sbtest4  (cost=30.53..3816.62 rows=985 width=121)
	  Recheck Cond: ((id >= 8189580) AND (id <= 8190579))
	  ->  Bitmap Index Scan on sbtest4_pkey  (cost=0.00..30.29 rows=985 width=0)
	        Index Cond: ((id >= 8189580) AND (id <= 8190579))

table 5 : explain SELECT c FROM sbtest5 WHERE id BETWEEN 2720424 AND 2721423
	Bitmap Heap Scan on sbtest5  (cost=30.76..3904.46 rows=1007 width=121)
	  Recheck Cond: ((id >= 2720424) AND (id <= 2721423))
	  ->  Bitmap Index Scan on sbtest5_pkey  (cost=0.00..30.50 rows=1007 width=0)
	        Index Cond: ((id >= 2720424) AND (id <= 2721423))

table 6 : explain SELECT c FROM sbtest6 WHERE id BETWEEN 1442223 AND 1443222
	Bitmap Heap Scan on sbtest6  (cost=31.46..4161.73 rows=1076 width=121)
	  Recheck Cond: ((id >= 1442223) AND (id <= 1443222))
	  ->  Bitmap Index Scan on sbtest6_pkey  (cost=0.00..31.19 rows=1076 width=0)
	        Index Cond: ((id >= 1442223) AND (id <= 1443222))

table 7 : explain SELECT c FROM sbtest7 WHERE id BETWEEN 1036746 AND 1037745
	Bitmap Heap Scan on sbtest7  (cost=30.49..3806.23 rows=981 width=121)
	  Recheck Cond: ((id >= 1036746) AND (id <= 1037745))
	  ->  Bitmap Index Scan on sbtest7_pkey  (cost=0.00..30.25 rows=981 width=0)
	        Index Cond: ((id >= 1036746) AND (id <= 1037745))

table 8 : explain SELECT c FROM sbtest8 WHERE id BETWEEN 1739638 AND 1740637
	Bitmap Heap Scan on sbtest8  (cost=31.19..4060.40 rows=1049 width=121)
	  Recheck Cond: ((id >= 1739638) AND (id <= 1740637))
	  ->  Bitmap Index Scan on sbtest8_pkey  (cost=0.00..30.93 rows=1049 width=0)
	        Index Cond: ((id >= 1739638) AND (id <= 1740637))

for: distinct_ranges
table 1 : explain SELECT DISTINCT c FROM sbtest1 WHERE id BETWEEN 5435757 AND 5436756 ORDER BY c
	Unique  (cost=4287.89..4293.37 rows=1096 width=121)
	  ->  Sort  (cost=4287.89..4290.63 rows=1096 width=121)
	        Sort Key: c
	        ->  Bitmap Heap Scan on sbtest1  (cost=31.67..4232.55 rows=1096 width=121)
	              Recheck Cond: ((id >= 5435757) AND (id <= 5436756))
	              ->  Bitmap Index Scan on sbtest1_pkey  (cost=0.00..31.39 rows=1096 width=0)
	                    Index Cond: ((id >= 5435757) AND (id <= 5436756))

table 2 : explain SELECT DISTINCT c FROM sbtest2 WHERE id BETWEEN 8475209 AND 8476208 ORDER BY c
	Unique  (cost=4041.17..4046.33 rows=1031 width=121)
	  ->  Sort  (cost=4041.17..4043.75 rows=1031 width=121)
	        Sort Key: c
	        ->  Bitmap Heap Scan on sbtest2  (cost=31.00..3989.57 rows=1031 width=121)
	              Recheck Cond: ((id >= 8475209) AND (id <= 8476208))
	              ->  Bitmap Index Scan on sbtest2_pkey  (cost=0.00..30.75 rows=1031 width=0)
	                    Index Cond: ((id >= 8475209) AND (id <= 8476208))

table 3 : explain SELECT DISTINCT c FROM sbtest3 WHERE id BETWEEN 4583883 AND 4584882 ORDER BY c
	Unique  (cost=3716.14..3720.87 rows=946 width=121)
	  ->  Sort  (cost=3716.14..3718.50 rows=946 width=121)
	        Sort Key: c
	        ->  Bitmap Heap Scan on sbtest3  (cost=30.13..3669.38 rows=946 width=121)
	              Recheck Cond: ((id >= 4583883) AND (id <= 4584882))
	              ->  Bitmap Index Scan on sbtest3_pkey  (cost=0.00..29.89 rows=946 width=0)
	                    Index Cond: ((id >= 4583883) AND (id <= 4584882))

table 4 : explain SELECT DISTINCT c FROM sbtest4 WHERE id BETWEEN 8032710 AND 8033709 ORDER BY c
	Unique  (cost=4171.70..4177.03 rows=1065 width=121)
	  ->  Sort  (cost=4171.70..4174.36 rows=1065 width=121)
	        Sort Key: c
	        ->  Bitmap Heap Scan on sbtest4  (cost=31.35..4118.15 rows=1065 width=121)
	              Recheck Cond: ((id >= 8032710) AND (id <= 8033709))
	              ->  Bitmap Index Scan on sbtest4_pkey  (cost=0.00..31.08 rows=1065 width=0)
	                    Index Cond: ((id >= 8032710) AND (id <= 8033709))

table 5 : explain SELECT DISTINCT c FROM sbtest5 WHERE id BETWEEN 8094675 AND 8095674 ORDER BY c
	Unique  (cost=4004.54..4009.64 rows=1020 width=121)
	  ->  Sort  (cost=4004.54..4007.09 rows=1020 width=121)
	        Sort Key: c
	        ->  Bitmap Heap Scan on sbtest5  (cost=30.89..3953.57 rows=1020 width=121)
	              Recheck Cond: ((id >= 8094675) AND (id <= 8095674))
	              ->  Bitmap Index Scan on sbtest5_pkey  (cost=0.00..30.64 rows=1020 width=0)
	                    Index Cond: ((id >= 8094675) AND (id <= 8095674))

table 6 : explain SELECT DISTINCT c FROM sbtest6 WHERE id BETWEEN 1097466 AND 1098465 ORDER BY c
	Unique  (cost=3936.50..3941.51 rows=1003 width=121)
	  ->  Sort  (cost=3936.50..3939.00 rows=1003 width=121)
	        Sort Key: c
	        ->  Bitmap Heap Scan on sbtest6  (cost=30.72..3886.49 rows=1003 width=121)
	              Recheck Cond: ((id >= 1097466) AND (id <= 1098465))
	              ->  Bitmap Index Scan on sbtest6_pkey  (cost=0.00..30.46 rows=1003 width=0)
	                    Index Cond: ((id >= 1097466) AND (id <= 1098465))

table 7 : explain SELECT DISTINCT c FROM sbtest7 WHERE id BETWEEN 5098913 AND 5099912 ORDER BY c
	Unique  (cost=4004.60..4009.70 rows=1020 width=121)
	  ->  Sort  (cost=4004.60..4007.15 rows=1020 width=121)
	        Sort Key: c
	        ->  Bitmap Heap Scan on sbtest7  (cost=30.89..3953.63 rows=1020 width=121)
	              Recheck Cond: ((id >= 5098913) AND (id <= 5099912))
	              ->  Bitmap Index Scan on sbtest7_pkey  (cost=0.00..30.64 rows=1020 width=0)
	                    Index Cond: ((id >= 5098913) AND (id <= 5099912))

table 8 : explain SELECT DISTINCT c FROM sbtest8 WHERE id BETWEEN 4256315 AND 4257314 ORDER BY c
	Unique  (cost=4185.73..4191.07 rows=1068 width=121)
	  ->  Sort  (cost=4185.73..4188.40 rows=1068 width=121)
	        Sort Key: c
	        ->  Bitmap Heap Scan on sbtest8  (cost=31.38..4132.01 rows=1068 width=121)
	              Recheck Cond: ((id >= 4256315) AND (id <= 4257314))
	              ->  Bitmap Index Scan on sbtest8_pkey  (cost=0.00..31.11 rows=1068 width=0)
	                    Index Cond: ((id >= 4256315) AND (id <= 4257314))

for: simple_ranges
table 1 : explain SELECT c FROM sbtest1 WHERE id BETWEEN 1203236 AND 1204235
	Bitmap Heap Scan on sbtest1  (cost=30.35..3746.81 rows=967 width=121)
	  Recheck Cond: ((id >= 1203236) AND (id <= 1204235))
	  ->  Bitmap Index Scan on sbtest1_pkey  (cost=0.00..30.11 rows=967 width=0)
	        Index Cond: ((id >= 1203236) AND (id <= 1204235))

table 2 : explain SELECT c FROM sbtest2 WHERE id BETWEEN 8589672 AND 8590671
	Bitmap Heap Scan on sbtest2  (cost=31.56..4192.84 rows=1085 width=121)
	  Recheck Cond: ((id >= 8589672) AND (id <= 8590671))
	  ->  Bitmap Index Scan on sbtest2_pkey  (cost=0.00..31.29 rows=1085 width=0)
	        Index Cond: ((id >= 8589672) AND (id <= 8590671))

table 3 : explain SELECT c FROM sbtest3 WHERE id BETWEEN 1172823 AND 1173822
	Bitmap Heap Scan on sbtest3  (cost=30.80..3914.76 rows=1011 width=121)
	  Recheck Cond: ((id >= 1172823) AND (id <= 1173822))
	  ->  Bitmap Index Scan on sbtest3_pkey  (cost=0.00..30.54 rows=1011 width=0)
	        Index Cond: ((id >= 1172823) AND (id <= 1173822))

table 4 : explain SELECT c FROM sbtest4 WHERE id BETWEEN 5774015 AND 5775014
	Bitmap Heap Scan on sbtest4  (cost=31.11..4027.77 rows=1041 width=121)
	  Recheck Cond: ((id >= 5774015) AND (id <= 5775014))
	  ->  Bitmap Index Scan on sbtest4_pkey  (cost=0.00..30.84 rows=1041 width=0)
	        Index Cond: ((id >= 5774015) AND (id <= 5775014))

table 5 : explain SELECT c FROM sbtest5 WHERE id BETWEEN 8698467 AND 8699466
	Bitmap Heap Scan on sbtest5  (cost=30.44..3787.26 rows=976 width=121)
	  Recheck Cond: ((id >= 8698467) AND (id <= 8699466))
	  ->  Bitmap Index Scan on sbtest5_pkey  (cost=0.00..30.19 rows=976 width=0)
	        Index Cond: ((id >= 8698467) AND (id <= 8699466))

table 6 : explain SELECT c FROM sbtest6 WHERE id BETWEEN 6940221 AND 6941220
	Bitmap Heap Scan on sbtest6  (cost=30.09..3655.99 rows=942 width=121)
	  Recheck Cond: ((id >= 6940221) AND (id <= 6941220))
	  ->  Bitmap Index Scan on sbtest6_pkey  (cost=0.00..29.86 rows=942 width=0)
	        Index Cond: ((id >= 6940221) AND (id <= 6941220))

table 7 : explain SELECT c FROM sbtest7 WHERE id BETWEEN 4574220 AND 4575219
	Bitmap Heap Scan on sbtest7  (cost=31.78..4281.78 rows=1107 width=121)
	  Recheck Cond: ((id >= 4574220) AND (id <= 4575219))
	  ->  Bitmap Index Scan on sbtest7_pkey  (cost=0.00..31.50 rows=1107 width=0)
	        Index Cond: ((id >= 4574220) AND (id <= 4575219))

table 8 : explain SELECT c FROM sbtest8 WHERE id BETWEEN 4018879 AND 4019878
	Bitmap Heap Scan on sbtest8  (cost=30.34..3747.09 rows=966 width=121)
	  Recheck Cond: ((id >= 4018879) AND (id <= 4019878))
	  ->  Bitmap Index Scan on sbtest8_pkey  (cost=0.00..30.09 rows=966 width=0)
	        Index Cond: ((id >= 4018879) AND (id <= 4019878))

for: order_ranges
table 1 : explain SELECT c FROM sbtest1 WHERE id BETWEEN 6974812 AND 6975811 ORDER BY c
	Sort  (cost=4005.25..4007.81 rows=1022 width=121)
	  Sort Key: c
	  ->  Bitmap Heap Scan on sbtest1  (cost=30.91..3954.17 rows=1022 width=121)
	        Recheck Cond: ((id >= 6974812) AND (id <= 6975811))
	        ->  Bitmap Index Scan on sbtest1_pkey  (cost=0.00..30.65 rows=1022 width=0)
	              Index Cond: ((id >= 6974812) AND (id <= 6975811))

table 2 : explain SELECT c FROM sbtest2 WHERE id BETWEEN 7806628 AND 7807627 ORDER BY c
	Sort  (cost=3941.69..3944.20 rows=1005 width=121)
	  Sort Key: c
	  ->  Bitmap Heap Scan on sbtest2  (cost=30.74..3891.57 rows=1005 width=121)
	        Recheck Cond: ((id >= 7806628) AND (id <= 7807627))
	        ->  Bitmap Index Scan on sbtest2_pkey  (cost=0.00..30.48 rows=1005 width=0)
	              Index Cond: ((id >= 7806628) AND (id <= 7807627))

table 3 : explain SELECT c FROM sbtest3 WHERE id BETWEEN 8841724 AND 8842723 ORDER BY c
	Sort  (cost=3685.28..3687.63 rows=939 width=121)
	  Sort Key: c
	  ->  Bitmap Heap Scan on sbtest3  (cost=26.06..3638.92 rows=939 width=121)
	        Recheck Cond: ((id >= 8841724) AND (id <= 8842723))
	        ->  Bitmap Index Scan on sbtest3_pkey  (cost=0.00..25.82 rows=939 width=0)
	              Index Cond: ((id >= 8841724) AND (id <= 8842723))

table 4 : explain SELECT c FROM sbtest4 WHERE id BETWEEN 6370422 AND 6371421 ORDER BY c
	Sort  (cost=4014.91..4017.47 rows=1024 width=121)
	  Sort Key: c
	  ->  Bitmap Heap Scan on sbtest4  (cost=30.93..3963.71 rows=1024 width=121)
	        Recheck Cond: ((id >= 6370422) AND (id <= 6371421))
	        ->  Bitmap Index Scan on sbtest4_pkey  (cost=0.00..30.68 rows=1024 width=0)
	              Index Cond: ((id >= 6370422) AND (id <= 6371421))

table 5 : explain SELECT c FROM sbtest5 WHERE id BETWEEN 8940735 AND 8941734 ORDER BY c
	Sort  (cost=4291.79..4294.53 rows=1095 width=121)
	  Sort Key: c
	  ->  Bitmap Heap Scan on sbtest5  (cost=31.66..4236.51 rows=1095 width=121)
	        Recheck Cond: ((id >= 8940735) AND (id <= 8941734))
	        ->  Bitmap Index Scan on sbtest5_pkey  (cost=0.00..31.39 rows=1095 width=0)
	              Index Cond: ((id >= 8940735) AND (id <= 8941734))

table 6 : explain SELECT c FROM sbtest6 WHERE id BETWEEN 2781331 AND 2782330 ORDER BY c
	Sort  (cost=4036.09..4038.66 rows=1029 width=121)
	  Sort Key: c
	  ->  Bitmap Heap Scan on sbtest6  (cost=30.98..3984.60 rows=1029 width=121)
	        Recheck Cond: ((id >= 2781331) AND (id <= 2782330))
	        ->  Bitmap Index Scan on sbtest6_pkey  (cost=0.00..30.72 rows=1029 width=0)
	              Index Cond: ((id >= 2781331) AND (id <= 2782330))

table 7 : explain SELECT c FROM sbtest7 WHERE id BETWEEN 1055155 AND 1056154 ORDER BY c
	Sort  (cost=3854.97..3857.43 rows=981 width=121)
	  Sort Key: c
	  ->  Bitmap Heap Scan on sbtest7  (cost=30.49..3806.23 rows=981 width=121)
	        Recheck Cond: ((id >= 1055155) AND (id <= 1056154))
	        ->  Bitmap Index Scan on sbtest7_pkey  (cost=0.00..30.25 rows=981 width=0)
	              Index Cond: ((id >= 1055155) AND (id <= 1056154))

table 8 : explain SELECT c FROM sbtest8 WHERE id BETWEEN 1120544 AND 1121543 ORDER BY c
	Sort  (cost=4105.38..4108.00 rows=1047 width=121)
	  Sort Key: c
	  ->  Bitmap Heap Scan on sbtest8  (cost=31.17..4052.86 rows=1047 width=121)
	        Recheck Cond: ((id >= 1120544) AND (id <= 1121543))
	        ->  Bitmap Index Scan on sbtest8_pkey  (cost=0.00..30.90 rows=1047 width=0)
	              Index Cond: ((id >= 1120544) AND (id <= 1121543))

for: simple_ranges
table 1 : explain SELECT c FROM sbtest1 WHERE id BETWEEN 212217 AND 213216
	Bitmap Heap Scan on sbtest1  (cost=29.99..3614.66 rows=932 width=121)
	  Recheck Cond: ((id >= 212217) AND (id <= 213216))
	  ->  Bitmap Index Scan on sbtest1_pkey  (cost=0.00..29.75 rows=932 width=0)
	        Index Cond: ((id >= 212217) AND (id <= 213216))

table 2 : explain SELECT c FROM sbtest2 WHERE id BETWEEN 1099973 AND 1100972
	Bitmap Heap Scan on sbtest2  (cost=25.73..3517.40 rows=907 width=121)
	  Recheck Cond: ((id >= 1099973) AND (id <= 1100972))
	  ->  Bitmap Index Scan on sbtest2_pkey  (cost=0.00..25.50 rows=907 width=0)
	        Index Cond: ((id >= 1099973) AND (id <= 1100972))

table 3 : explain SELECT c FROM sbtest3 WHERE id BETWEEN 5599919 AND 5600918
	Bitmap Heap Scan on sbtest3  (cost=30.66..3865.73 rows=998 width=121)
	  Recheck Cond: ((id >= 5599919) AND (id <= 5600918))
	  ->  Bitmap Index Scan on sbtest3_pkey  (cost=0.00..30.41 rows=998 width=0)
	        Index Cond: ((id >= 5599919) AND (id <= 5600918))

table 4 : explain SELECT c FROM sbtest4 WHERE id BETWEEN 1995742 AND 1996741
	Bitmap Heap Scan on sbtest4  (cost=30.86..3937.33 rows=1017 width=121)
	  Recheck Cond: ((id >= 1995742) AND (id <= 1996741))
	  ->  Bitmap Index Scan on sbtest4_pkey  (cost=0.00..30.61 rows=1017 width=0)
	        Index Cond: ((id >= 1995742) AND (id <= 1996741))

table 5 : explain SELECT c FROM sbtest5 WHERE id BETWEEN 4489777 AND 4490776
	Bitmap Heap Scan on sbtest5  (cost=30.81..3923.35 rows=1012 width=121)
	  Recheck Cond: ((id >= 4489777) AND (id <= 4490776))
	  ->  Bitmap Index Scan on sbtest5_pkey  (cost=0.00..30.55 rows=1012 width=0)
	        Index Cond: ((id >= 4489777) AND (id <= 4490776))

table 6 : explain SELECT c FROM sbtest6 WHERE id BETWEEN 111453 AND 112452
	Bitmap Heap Scan on sbtest6  (cost=29.94..3599.24 rows=927 width=121)
	  Recheck Cond: ((id >= 111453) AND (id <= 112452))
	  ->  Bitmap Index Scan on sbtest6_pkey  (cost=0.00..29.70 rows=927 width=0)
	        Index Cond: ((id >= 111453) AND (id <= 112452))

table 7 : explain SELECT c FROM sbtest7 WHERE id BETWEEN 3024359 AND 3025358
	Bitmap Heap Scan on sbtest7  (cost=30.27..3726.78 rows=960 width=121)
	  Recheck Cond: ((id >= 3024359) AND (id <= 3025358))
	  ->  Bitmap Index Scan on sbtest7_pkey  (cost=0.00..30.04 rows=960 width=0)
	        Index Cond: ((id >= 3024359) AND (id <= 3025358))

table 8 : explain SELECT c FROM sbtest8 WHERE id BETWEEN 1337144 AND 1338143
	Bitmap Heap Scan on sbtest8  (cost=31.01..3996.30 rows=1032 width=121)
	  Recheck Cond: ((id >= 1337144) AND (id <= 1338143))
	  ->  Bitmap Index Scan on sbtest8_pkey  (cost=0.00..30.75 rows=1032 width=0)
	        Index Cond: ((id >= 1337144) AND (id <= 1338143))

for: order_ranges
table 1 : explain SELECT c FROM sbtest1 WHERE id BETWEEN 9192748 AND 9193747 ORDER BY c
	Sort  (cost=3917.27..3919.77 rows=999 width=121)
	  Sort Key: c
	  ->  Bitmap Heap Scan on sbtest1  (cost=30.67..3867.50 rows=999 width=121)
	        Recheck Cond: ((id >= 9192748) AND (id <= 9193747))
	        ->  Bitmap Index Scan on sbtest1_pkey  (cost=0.00..30.43 rows=999 width=0)
	              Index Cond: ((id >= 9192748) AND (id <= 9193747))

table 2 : explain SELECT c FROM sbtest2 WHERE id BETWEEN 7248512 AND 7249511 ORDER BY c
	Sort  (cost=3573.48..3575.75 rows=910 width=121)
	  Sort Key: c
	  ->  Bitmap Heap Scan on sbtest2  (cost=25.76..3528.75 rows=910 width=121)
	        Recheck Cond: ((id >= 7248512) AND (id <= 7249511))
	        ->  Bitmap Index Scan on sbtest2_pkey  (cost=0.00..25.54 rows=910 width=0)
	              Index Cond: ((id >= 7248512) AND (id <= 7249511))

table 3 : explain SELECT c FROM sbtest3 WHERE id BETWEEN 3347844 AND 3348843 ORDER BY c
	Sort  (cost=3907.79..3910.28 rows=996 width=121)
	  Sort Key: c
	  ->  Bitmap Heap Scan on sbtest3  (cost=30.64..3858.18 rows=996 width=121)
	        Recheck Cond: ((id >= 3347844) AND (id <= 3348843))
	        ->  Bitmap Index Scan on sbtest3_pkey  (cost=0.00..30.39 rows=996 width=0)
	              Index Cond: ((id >= 3347844) AND (id <= 3348843))

table 4 : explain SELECT c FROM sbtest4 WHERE id BETWEEN 919954 AND 920953 ORDER BY c
	Sort  (cost=3769.77..3772.17 rows=960 width=121)
	  Sort Key: c
	  ->  Bitmap Heap Scan on sbtest4  (cost=30.27..3722.22 rows=960 width=121)
	        Recheck Cond: ((id >= 919954) AND (id <= 920953))
	        ->  Bitmap Index Scan on sbtest4_pkey  (cost=0.00..30.04 rows=960 width=0)
	              Index Cond: ((id >= 919954) AND (id <= 920953))

table 5 : explain SELECT c FROM sbtest5 WHERE id BETWEEN 4495557 AND 4496556 ORDER BY c
	Sort  (cost=3973.86..3976.39 rows=1012 width=121)
	  Sort Key: c
	  ->  Bitmap Heap Scan on sbtest5  (cost=30.81..3923.35 rows=1012 width=121)
	        Recheck Cond: ((id >= 4495557) AND (id <= 4496556))
	        ->  Bitmap Index Scan on sbtest5_pkey  (cost=0.00..30.55 rows=1012 width=0)
	              Index Cond: ((id >= 4495557) AND (id <= 4496556))

table 6 : explain SELECT c FROM sbtest6 WHERE id BETWEEN 550438 AND 551437 ORDER BY c
	Sort  (cost=3993.96..3996.51 rows=1018 width=121)
	  Sort Key: c
	  ->  Bitmap Heap Scan on sbtest6  (cost=30.87..3943.10 rows=1018 width=121)
	        Recheck Cond: ((id >= 550438) AND (id <= 551437))
	        ->  Bitmap Index Scan on sbtest6_pkey  (cost=0.00..30.61 rows=1018 width=0)
	              Index Cond: ((id >= 550438) AND (id <= 551437))

table 7 : explain SELECT c FROM sbtest7 WHERE id BETWEEN 1286273 AND 1287272 ORDER BY c
	Sort  (cost=3993.10..3995.64 rows=1017 width=121)
	  Sort Key: c
	  ->  Bitmap Heap Scan on sbtest7  (cost=30.86..3942.30 rows=1017 width=121)
	        Recheck Cond: ((id >= 1286273) AND (id <= 1287272))
	        ->  Bitmap Index Scan on sbtest7_pkey  (cost=0.00..30.61 rows=1017 width=0)
	              Index Cond: ((id >= 1286273) AND (id <= 1287272))

table 8 : explain SELECT c FROM sbtest8 WHERE id BETWEEN 6994187 AND 6995186 ORDER BY c
	Sort  (cost=4120.69..4123.32 rows=1051 width=121)
	  Sort Key: c
	  ->  Bitmap Heap Scan on sbtest8  (cost=31.21..4067.94 rows=1051 width=121)
	        Recheck Cond: ((id >= 6994187) AND (id <= 6995186))
	        ->  Bitmap Index Scan on sbtest8_pkey  (cost=0.00..30.94 rows=1051 width=0)
	              Index Cond: ((id >= 6994187) AND (id <= 6995186))

for: distinct_ranges
table 1 : explain SELECT DISTINCT c FROM sbtest1 WHERE id BETWEEN 7535492 AND 7536491 ORDER BY c
	Unique  (cost=3199.38..3203.45 rows=813 width=121)
	  ->  Sort  (cost=3199.38..3201.41 rows=813 width=121)
	        Sort Key: c
	        ->  Bitmap Heap Scan on sbtest1  (cost=24.77..3160.08 rows=813 width=121)
	              Recheck Cond: ((id >= 7535492) AND (id <= 7536491))
	              ->  Bitmap Index Scan on sbtest1_pkey  (cost=0.00..24.57 rows=813 width=0)
	                    Index Cond: ((id >= 7535492) AND (id <= 7536491))

table 2 : explain SELECT DISTINCT c FROM sbtest2 WHERE id BETWEEN 8742843 AND 8743842 ORDER BY c
	Unique  (cost=3742.47..3747.23 rows=953 width=121)
	  ->  Sort  (cost=3742.47..3744.85 rows=953 width=121)
	        Sort Key: c
	        ->  Bitmap Heap Scan on sbtest2  (cost=30.20..3695.31 rows=953 width=121)
	              Recheck Cond: ((id >= 8742843) AND (id <= 8743842))
	              ->  Bitmap Index Scan on sbtest2_pkey  (cost=0.00..29.96 rows=953 width=0)
	                    Index Cond: ((id >= 8742843) AND (id <= 8743842))

table 3 : explain SELECT DISTINCT c FROM sbtest3 WHERE id BETWEEN 1935736 AND 1936735 ORDER BY c
	Unique  (cost=3903.96..3908.93 rows=995 width=121)
	  ->  Sort  (cost=3903.96..3906.44 rows=995 width=121)
	        Sort Key: c
	        ->  Bitmap Heap Scan on sbtest3  (cost=30.63..3854.41 rows=995 width=121)
	              Recheck Cond: ((id >= 1935736) AND (id <= 1936735))
	              ->  Bitmap Index Scan on sbtest3_pkey  (cost=0.00..30.39 rows=995 width=0)
	                    Index Cond: ((id >= 1935736) AND (id <= 1936735))

table 4 : explain SELECT DISTINCT c FROM sbtest4 WHERE id BETWEEN 7628474 AND 7629473 ORDER BY c
	Unique  (cost=3742.93..3747.70 rows=953 width=121)
	  ->  Sort  (cost=3742.93..3745.31 rows=953 width=121)
	        Sort Key: c
	        ->  Bitmap Heap Scan on sbtest4  (cost=30.20..3695.78 rows=953 width=121)
	              Recheck Cond: ((id >= 7628474) AND (id <= 7629473))
	              ->  Bitmap Index Scan on sbtest4_pkey  (cost=0.00..29.96 rows=953 width=0)
	                    Index Cond: ((id >= 7628474) AND (id <= 7629473))

table 5 : explain SELECT DISTINCT c FROM sbtest5 WHERE id BETWEEN 8545602 AND 8546601 ORDER BY c
	Unique  (cost=3793.48..3798.31 rows=965 width=121)
	  ->  Sort  (cost=3793.48..3795.90 rows=965 width=121)
	        Sort Key: c
	        ->  Bitmap Heap Scan on sbtest5  (cost=30.33..3745.65 rows=965 width=121)
	              Recheck Cond: ((id >= 8545602) AND (id <= 8546601))
	              ->  Bitmap Index Scan on sbtest5_pkey  (cost=0.00..30.08 rows=965 width=0)
	                    Index Cond: ((id >= 8545602) AND (id <= 8546601))

table 6 : explain SELECT DISTINCT c FROM sbtest6 WHERE id BETWEEN 7943509 AND 7944508 ORDER BY c
	Unique  (cost=3894.34..3899.30 rows=992 width=121)
	  ->  Sort  (cost=3894.34..3896.82 rows=992 width=121)
	        Sort Key: c
	        ->  Bitmap Heap Scan on sbtest6  (cost=30.60..3844.96 rows=992 width=121)
	              Recheck Cond: ((id >= 7943509) AND (id <= 7944508))
	              ->  Bitmap Index Scan on sbtest6_pkey  (cost=0.00..30.36 rows=992 width=0)
	                    Index Cond: ((id >= 7943509) AND (id <= 7944508))

table 7 : explain SELECT DISTINCT c FROM sbtest7 WHERE id BETWEEN 3123041 AND 3124040 ORDER BY c
	Unique  (cost=4142.56..4147.84 rows=1056 width=121)
	  ->  Sort  (cost=4142.56..4145.20 rows=1056 width=121)
	        Sort Key: c
	        ->  Bitmap Heap Scan on sbtest7  (cost=31.26..4089.53 rows=1056 width=121)
	              Recheck Cond: ((id >= 3123041) AND (id <= 3124040))
	              ->  Bitmap Index Scan on sbtest7_pkey  (cost=0.00..31.00 rows=1056 width=0)
	                    Index Cond: ((id >= 3123041) AND (id <= 3124040))

table 8 : explain SELECT DISTINCT c FROM sbtest8 WHERE id BETWEEN 2030188 AND 2031187 ORDER BY c
	Unique  (cost=3864.03..3868.95 rows=984 width=121)
	  ->  Sort  (cost=3864.03..3866.49 rows=984 width=121)
	        Sort Key: c
	        ->  Bitmap Heap Scan on sbtest8  (cost=30.52..3815.11 rows=984 width=121)
	              Recheck Cond: ((id >= 2030188) AND (id <= 2031187))
	              ->  Bitmap Index Scan on sbtest8_pkey  (cost=0.00..30.27 rows=984 width=0)
	                    Index Cond: ((id >= 2030188) AND (id <= 2031187))

for: order_ranges
table 1 : explain SELECT c FROM sbtest1 WHERE id BETWEEN 7412802 AND 7413801 ORDER BY c
	Sort  (cost=3917.27..3919.77 rows=999 width=121)
	  Sort Key: c
	  ->  Bitmap Heap Scan on sbtest1  (cost=30.67..3867.50 rows=999 width=121)
	        Recheck Cond: ((id >= 7412802) AND (id <= 7413801))
	        ->  Bitmap Index Scan on sbtest1_pkey  (cost=0.00..30.43 rows=999 width=0)
	              Index Cond: ((id >= 7412802) AND (id <= 7413801))

table 2 : explain SELECT c FROM sbtest2 WHERE id BETWEEN 6050426 AND 6051425 ORDER BY c
	Sort  (cost=4071.77..4074.37 rows=1039 width=121)
	  Sort Key: c
	  ->  Bitmap Heap Scan on sbtest2  (cost=31.08..4019.71 rows=1039 width=121)
	        Recheck Cond: ((id >= 6050426) AND (id <= 6051425))
	        ->  Bitmap Index Scan on sbtest2_pkey  (cost=0.00..30.82 rows=1039 width=0)
	              Index Cond: ((id >= 6050426) AND (id <= 6051425))

table 3 : explain SELECT c FROM sbtest3 WHERE id BETWEEN 9978531 AND 9979530 ORDER BY c
	Sort  (cost=3846.49..3848.94 rows=980 width=121)
	  Sort Key: c
	  ->  Bitmap Heap Scan on sbtest3  (cost=30.48..3797.80 rows=980 width=121)
	        Recheck Cond: ((id >= 9978531) AND (id <= 9979530))
	        ->  Bitmap Index Scan on sbtest3_pkey  (cost=0.00..30.23 rows=980 width=0)
	              Index Cond: ((id >= 9978531) AND (id <= 9979530))

table 4 : explain SELECT c FROM sbtest4 WHERE id BETWEEN 9103082 AND 9104081 ORDER BY c
	Sort  (cost=3861.76..3864.22 rows=984 width=121)
	  Sort Key: c
	  ->  Bitmap Heap Scan on sbtest4  (cost=30.52..3812.84 rows=984 width=121)
	        Recheck Cond: ((id >= 9103082) AND (id <= 9104081))
	        ->  Bitmap Index Scan on sbtest4_pkey  (cost=0.00..30.27 rows=984 width=0)
	              Index Cond: ((id >= 9103082) AND (id <= 9104081))

table 5 : explain SELECT c FROM sbtest5 WHERE id BETWEEN 6615145 AND 6616144 ORDER BY c
	Sort  (cost=4088.87..4091.47 rows=1042 width=121)
	  Sort Key: c
	  ->  Bitmap Heap Scan on sbtest5  (cost=31.12..4036.64 rows=1042 width=121)
	        Recheck Cond: ((id >= 6615145) AND (id <= 6616144))
	        ->  Bitmap Index Scan on sbtest5_pkey  (cost=0.00..30.86 rows=1042 width=0)
	              Index Cond: ((id >= 6615145) AND (id <= 6616144))

table 6 : explain SELECT c FROM sbtest6 WHERE id BETWEEN 3571511 AND 3572510 ORDER BY c
	Sort  (cost=3725.56..3727.93 rows=948 width=121)
	  Sort Key: c
	  ->  Bitmap Heap Scan on sbtest6  (cost=30.15..3678.69 rows=948 width=121)
	        Recheck Cond: ((id >= 3571511) AND (id <= 3572510))
	        ->  Bitmap Index Scan on sbtest6_pkey  (cost=0.00..29.91 rows=948 width=0)
	              Index Cond: ((id >= 3571511) AND (id <= 3572510))

table 7 : explain SELECT c FROM sbtest7 WHERE id BETWEEN 5319064 AND 5320063 ORDER BY c
	Sort  (cost=3797.38..3799.79 rows=966 width=121)
	  Sort Key: c
	  ->  Bitmap Heap Scan on sbtest7  (cost=30.34..3749.48 rows=966 width=121)
	        Recheck Cond: ((id >= 5319064) AND (id <= 5320063))
	        ->  Bitmap Index Scan on sbtest7_pkey  (cost=0.00..30.09 rows=966 width=0)
	              Index Cond: ((id >= 5319064) AND (id <= 5320063))

table 8 : explain SELECT c FROM sbtest8 WHERE id BETWEEN 5633132 AND 5634131 ORDER BY c
	Sort  (cost=3756.61..3759.00 rows=956 width=121)
	  Sort Key: c
	  ->  Bitmap Heap Scan on sbtest8  (cost=30.23..3709.28 rows=956 width=121)
	        Recheck Cond: ((id >= 5633132) AND (id <= 5634131))
	        ->  Bitmap Index Scan on sbtest8_pkey  (cost=0.00..30.00 rows=956 width=0)
	              Index Cond: ((id >= 5633132) AND (id <= 5634131))

for: order_ranges
table 1 : explain SELECT c FROM sbtest1 WHERE id BETWEEN 1106128 AND 1107127 ORDER BY c
	Sort  (cost=4104.63..4107.25 rows=1048 width=121)
	  Sort Key: c
	  ->  Bitmap Heap Scan on sbtest1  (cost=31.18..4052.06 rows=1048 width=121)
	        Recheck Cond: ((id >= 1106128) AND (id <= 1107127))
	        ->  Bitmap Index Scan on sbtest1_pkey  (cost=0.00..30.91 rows=1048 width=0)
	              Index Cond: ((id >= 1106128) AND (id <= 1107127))

table 2 : explain SELECT c FROM sbtest2 WHERE id BETWEEN 6808476 AND 6809475 ORDER BY c
	Sort  (cost=3642.57..3644.89 rows=928 width=121)
	  Sort Key: c
	  ->  Bitmap Heap Scan on sbtest2  (cost=25.95..3596.83 rows=928 width=121)
	        Recheck Cond: ((id >= 6808476) AND (id <= 6809475))
	        ->  Bitmap Index Scan on sbtest2_pkey  (cost=0.00..25.71 rows=928 width=0)
	              Index Cond: ((id >= 6808476) AND (id <= 6809475))

table 3 : explain SELECT c FROM sbtest3 WHERE id BETWEEN 5729422 AND 5730421 ORDER BY c
	Sort  (cost=3923.10..3925.60 rows=1000 width=121)
	  Sort Key: c
	  ->  Bitmap Heap Scan on sbtest3  (cost=30.68..3873.27 rows=1000 width=121)
	        Recheck Cond: ((id >= 5729422) AND (id <= 5730421))
	        ->  Bitmap Index Scan on sbtest3_pkey  (cost=0.00..30.43 rows=1000 width=0)
	              Index Cond: ((id >= 5729422) AND (id <= 5730421))

table 4 : explain SELECT c FROM sbtest4 WHERE id BETWEEN 203323 AND 204322 ORDER BY c
	Sort  (cost=3911.56..3914.05 rows=997 width=121)
	  Sort Key: c
	  ->  Bitmap Heap Scan on sbtest4  (cost=30.65..3861.90 rows=997 width=121)
	        Recheck Cond: ((id >= 203323) AND (id <= 204322))
	        ->  Bitmap Index Scan on sbtest4_pkey  (cost=0.00..30.40 rows=997 width=0)
	              Index Cond: ((id >= 203323) AND (id <= 204322))

table 5 : explain SELECT c FROM sbtest5 WHERE id BETWEEN 3873266 AND 3874265 ORDER BY c
	Sort  (cost=4207.60..4210.28 rows=1073 width=121)
	  Sort Key: c
	  ->  Bitmap Heap Scan on sbtest5  (cost=31.43..4153.58 rows=1073 width=121)
	        Recheck Cond: ((id >= 3873266) AND (id <= 3874265))
	        ->  Bitmap Index Scan on sbtest5_pkey  (cost=0.00..31.16 rows=1073 width=0)
	              Index Cond: ((id >= 3873266) AND (id <= 3874265))

table 6 : explain SELECT c FROM sbtest6 WHERE id BETWEEN 7922290 AND 7923289 ORDER BY c
	Sort  (cost=3717.88..3720.25 rows=946 width=121)
	  Sort Key: c
	  ->  Bitmap Heap Scan on sbtest6  (cost=30.13..3671.12 rows=946 width=121)
	        Recheck Cond: ((id >= 7922290) AND (id <= 7923289))
	        ->  Bitmap Index Scan on sbtest6_pkey  (cost=0.00..29.89 rows=946 width=0)
	              Index Cond: ((id >= 7922290) AND (id <= 7923289))

table 7 : explain SELECT c FROM sbtest7 WHERE id BETWEEN 8540053 AND 8541052 ORDER BY c
	Sort  (cost=3820.42..3822.85 rows=972 width=121)
	  Sort Key: c
	  ->  Bitmap Heap Scan on sbtest7  (cost=30.40..3772.18 rows=972 width=121)
	        Recheck Cond: ((id >= 8540053) AND (id <= 8541052))
	        ->  Bitmap Index Scan on sbtest7_pkey  (cost=0.00..30.15 rows=972 width=0)
	              Index Cond: ((id >= 8540053) AND (id <= 8541052))

table 8 : explain SELECT c FROM sbtest8 WHERE id BETWEEN 5421834 AND 5422833 ORDER BY c
	Sort  (cost=3963.69..3966.21 rows=1010 width=121)
	  Sort Key: c
	  ->  Bitmap Heap Scan on sbtest8  (cost=30.79..3913.29 rows=1010 width=121)
	        Recheck Cond: ((id >= 5421834) AND (id <= 5422833))
	        ->  Bitmap Index Scan on sbtest8_pkey  (cost=0.00..30.54 rows=1010 width=0)
	              Index Cond: ((id >= 5421834) AND (id <= 5422833))

for: distinct_ranges
table 1 : explain SELECT DISTINCT c FROM sbtest1 WHERE id BETWEEN 3729186 AND 3730185 ORDER BY c
	Unique  (cost=3775.61..3780.42 rows=962 width=121)
	  ->  Sort  (cost=3775.61..3778.01 rows=962 width=121)
	        Sort Key: c
	        ->  Bitmap Heap Scan on sbtest1  (cost=30.30..3727.94 rows=962 width=121)
	              Recheck Cond: ((id >= 3729186) AND (id <= 3730185))
	              ->  Bitmap Index Scan on sbtest1_pkey  (cost=0.00..30.05 rows=962 width=0)
	                    Index Cond: ((id >= 3729186) AND (id <= 3730185))

table 2 : explain SELECT DISTINCT c FROM sbtest2 WHERE id BETWEEN 8410985 AND 8411984 ORDER BY c
	Unique  (cost=3696.45..3701.15 rows=941 width=121)
	  ->  Sort  (cost=3696.45..3698.80 rows=941 width=121)
	        Sort Key: c
	        ->  Bitmap Heap Scan on sbtest2  (cost=30.08..3649.97 rows=941 width=121)
	              Recheck Cond: ((id >= 8410985) AND (id <= 8411984))
	              ->  Bitmap Index Scan on sbtest2_pkey  (cost=0.00..29.84 rows=941 width=0)
	                    Index Cond: ((id >= 8410985) AND (id <= 8411984))

table 3 : explain SELECT DISTINCT c FROM sbtest3 WHERE id BETWEEN 521720 AND 522719 ORDER BY c
	Unique  (cost=4068.54..4073.73 rows=1038 width=121)
	  ->  Sort  (cost=4068.54..4071.13 rows=1038 width=121)
	        Sort Key: c
	        ->  Bitmap Heap Scan on sbtest3  (cost=31.07..4016.53 rows=1038 width=121)
	              Recheck Cond: ((id >= 521720) AND (id <= 522719))
	              ->  Bitmap Index Scan on sbtest3_pkey  (cost=0.00..30.82 rows=1038 width=0)
	                    Index Cond: ((id >= 521720) AND (id <= 522719))

table 4 : explain SELECT DISTINCT c FROM sbtest4 WHERE id BETWEEN 7709746 AND 7710745 ORDER BY c
	Unique  (cost=3995.78..4000.87 rows=1019 width=121)
	  ->  Sort  (cost=3995.78..3998.33 rows=1019 width=121)
	        Sort Key: c
	        ->  Bitmap Heap Scan on sbtest4  (cost=30.88..3944.87 rows=1019 width=121)
	              Recheck Cond: ((id >= 7709746) AND (id <= 7710745))
	              ->  Bitmap Index Scan on sbtest4_pkey  (cost=0.00..30.62 rows=1019 width=0)
	                    Index Cond: ((id >= 7709746) AND (id <= 7710745))

table 5 : explain SELECT DISTINCT c FROM sbtest5 WHERE id BETWEEN 7965698 AND 7966697 ORDER BY c
	Unique  (cost=4085.03..4090.24 rows=1041 width=121)
	  ->  Sort  (cost=4085.03..4087.64 rows=1041 width=121)
	        Sort Key: c
	        ->  Bitmap Heap Scan on sbtest5  (cost=31.11..4032.86 rows=1041 width=121)
	              Recheck Cond: ((id >= 7965698) AND (id <= 7966697))
	              ->  Bitmap Index Scan on sbtest5_pkey  (cost=0.00..30.84 rows=1041 width=0)
	                    Index Cond: ((id >= 7965698) AND (id <= 7966697))

table 6 : explain SELECT DISTINCT c FROM sbtest6 WHERE id BETWEEN 9564560 AND 9565559 ORDER BY c
	Unique  (cost=3955.65..3960.69 rows=1008 width=121)
	  ->  Sort  (cost=3955.65..3958.17 rows=1008 width=121)
	        Sort Key: c
	        ->  Bitmap Heap Scan on sbtest6  (cost=30.77..3905.37 rows=1008 width=121)
	              Recheck Cond: ((id >= 9564560) AND (id <= 9565559))
	              ->  Bitmap Index Scan on sbtest6_pkey  (cost=0.00..30.51 rows=1008 width=0)
	                    Index Cond: ((id >= 9564560) AND (id <= 9565559))

table 7 : explain SELECT DISTINCT c FROM sbtest7 WHERE id BETWEEN 1461919 AND 1462918 ORDER BY c
	Unique  (cost=3470.35..3474.76 rows=882 width=121)
	  ->  Sort  (cost=3470.35..3472.55 rows=882 width=121)
	        Sort Key: c
	        ->  Bitmap Heap Scan on sbtest7  (cost=25.48..3427.20 rows=882 width=121)
	              Recheck Cond: ((id >= 1461919) AND (id <= 1462918))
	              ->  Bitmap Index Scan on sbtest7_pkey  (cost=0.00..25.25 rows=882 width=0)
	                    Index Cond: ((id >= 1461919) AND (id <= 1462918))

table 8 : explain SELECT DISTINCT c FROM sbtest8 WHERE id BETWEEN 1902812 AND 1903811 ORDER BY c
	Unique  (cost=3940.70..3945.72 rows=1004 width=121)
	  ->  Sort  (cost=3940.70..3943.21 rows=1004 width=121)
	        Sort Key: c
	        ->  Bitmap Heap Scan on sbtest8  (cost=30.73..3890.64 rows=1004 width=121)
	              Recheck Cond: ((id >= 1902812) AND (id <= 1903811))
	              ->  Bitmap Index Scan on sbtest8_pkey  (cost=0.00..30.47 rows=1004 width=0)
	                    Index Cond: ((id >= 1902812) AND (id <= 1903811))

for: distinct_ranges
table 1 : explain SELECT DISTINCT c FROM sbtest1 WHERE id BETWEEN 6120801 AND 6121800 ORDER BY c
	Unique  (cost=4024.37..4029.51 rows=1027 width=121)
	  ->  Sort  (cost=4024.37..4026.94 rows=1027 width=121)
	        Sort Key: c
	        ->  Bitmap Heap Scan on sbtest1  (cost=30.96..3973.00 rows=1027 width=121)
	              Recheck Cond: ((id >= 6120801) AND (id <= 6121800))
	              ->  Bitmap Index Scan on sbtest1_pkey  (cost=0.00..30.70 rows=1027 width=0)
	                    Index Cond: ((id >= 6120801) AND (id <= 6121800))

table 2 : explain SELECT DISTINCT c FROM sbtest2 WHERE id BETWEEN 166775 AND 167774 ORDER BY c
	Unique  (cost=4346.79..4352.35 rows=1111 width=121)
	  ->  Sort  (cost=4346.79..4349.57 rows=1111 width=121)
	        Sort Key: c
	        ->  Bitmap Heap Scan on sbtest2  (cost=31.82..4290.59 rows=1111 width=121)
	              Recheck Cond: ((id >= 166775) AND (id <= 167774))
	              ->  Bitmap Index Scan on sbtest2_pkey  (cost=0.00..31.54 rows=1111 width=0)
	                    Index Cond: ((id >= 166775) AND (id <= 167774))

table 3 : explain SELECT DISTINCT c FROM sbtest3 WHERE id BETWEEN 1728171 AND 1729170 ORDER BY c
	Unique  (cost=4198.52..4203.88 rows=1072 width=121)
	  ->  Sort  (cost=4198.52..4201.20 rows=1072 width=121)
	        Sort Key: c
	        ->  Bitmap Heap Scan on sbtest3  (cost=31.42..4144.56 rows=1072 width=121)
	              Recheck Cond: ((id >= 1728171) AND (id <= 1729170))
	              ->  Bitmap Index Scan on sbtest3_pkey  (cost=0.00..31.15 rows=1072 width=0)
	                    Index Cond: ((id >= 1728171) AND (id <= 1729170))

table 4 : explain SELECT DISTINCT c FROM sbtest4 WHERE id BETWEEN 4281517 AND 4282516 ORDER BY c
	Unique  (cost=3773.61..3778.41 rows=961 width=121)
	  ->  Sort  (cost=3773.61..3776.01 rows=961 width=121)
	        Sort Key: c
	        ->  Bitmap Heap Scan on sbtest4  (cost=30.29..3726.00 rows=961 width=121)
	              Recheck Cond: ((id >= 4281517) AND (id <= 4282516))
	              ->  Bitmap Index Scan on sbtest4_pkey  (cost=0.00..30.04 rows=961 width=0)
	                    Index Cond: ((id >= 4281517) AND (id <= 4282516))

table 5 : explain SELECT DISTINCT c FROM sbtest5 WHERE id BETWEEN 9900238 AND 9901237 ORDER BY c
	Unique  (cost=3747.39..3752.15 rows=953 width=121)
	  ->  Sort  (cost=3747.39..3749.77 rows=953 width=121)
	        Sort Key: c
	        ->  Bitmap Heap Scan on sbtest5  (cost=30.20..3700.23 rows=953 width=121)
	              Recheck Cond: ((id >= 9900238) AND (id <= 9901237))
	              ->  Bitmap Index Scan on sbtest5_pkey  (cost=0.00..29.96 rows=953 width=0)
	                    Index Cond: ((id >= 9900238) AND (id <= 9901237))

table 6 : explain SELECT DISTINCT c FROM sbtest6 WHERE id BETWEEN 8919071 AND 8920070 ORDER BY c
	Unique  (cost=4384.04..4389.64 rows=1120 width=121)
	  ->  Sort  (cost=4384.04..4386.84 rows=1120 width=121)
	        Sort Key: c
	        ->  Bitmap Heap Scan on sbtest6  (cost=31.92..4327.31 rows=1120 width=121)
	              Recheck Cond: ((id >= 8919071) AND (id <= 8920070))
	              ->  Bitmap Index Scan on sbtest6_pkey  (cost=0.00..31.64 rows=1120 width=0)
	                    Index Cond: ((id >= 8919071) AND (id <= 8920070))

table 7 : explain SELECT DISTINCT c FROM sbtest7 WHERE id BETWEEN 3622662 AND 3623661 ORDER BY c
	Unique  (cost=4119.58..4124.83 rows=1050 width=121)
	  ->  Sort  (cost=4119.58..4122.20 rows=1050 width=121)
	        Sort Key: c
	        ->  Bitmap Heap Scan on sbtest7  (cost=31.20..4066.89 rows=1050 width=121)
	              Recheck Cond: ((id >= 3622662) AND (id <= 3623661))
	              ->  Bitmap Index Scan on sbtest7_pkey  (cost=0.00..30.93 rows=1050 width=0)
	                    Index Cond: ((id >= 3622662) AND (id <= 3623661))

table 8 : explain SELECT DISTINCT c FROM sbtest8 WHERE id BETWEEN 5714872 AND 5715871 ORDER BY c
	Unique  (cost=4220.15..4225.53 rows=1077 width=121)
	  ->  Sort  (cost=4220.15..4222.84 rows=1077 width=121)
	        Sort Key: c
	        ->  Bitmap Heap Scan on sbtest8  (cost=31.47..4165.91 rows=1077 width=121)
	              Recheck Cond: ((id >= 5714872) AND (id <= 5715871))
	              ->  Bitmap Index Scan on sbtest8_pkey  (cost=0.00..31.20 rows=1077 width=0)
	                    Index Cond: ((id >= 5714872) AND (id <= 5715871))

for point_selects
table 1 : explain SELECT c FROM sbtest1 WHERE id=9830445
	Index Scan using sbtest1_pkey on sbtest1  (cost=0.43..8.45 rows=1 width=121)
	  Index Cond: (id = 9830445)

table 2 : explain SELECT c FROM sbtest2 WHERE id=6883256
	Index Scan using sbtest2_pkey on sbtest2  (cost=0.43..8.45 rows=1 width=121)
	  Index Cond: (id = 6883256)

table 3 : explain SELECT c FROM sbtest3 WHERE id=6070749
	Index Scan using sbtest3_pkey on sbtest3  (cost=0.43..8.45 rows=1 width=121)
	  Index Cond: (id = 6070749)

table 4 : explain SELECT c FROM sbtest4 WHERE id=3254600
	Index Scan using sbtest4_pkey on sbtest4  (cost=0.43..8.45 rows=1 width=121)
	  Index Cond: (id = 3254600)

table 5 : explain SELECT c FROM sbtest5 WHERE id=2221682
	Index Scan using sbtest5_pkey on sbtest5  (cost=0.43..8.45 rows=1 width=121)
	  Index Cond: (id = 2221682)

table 6 : explain SELECT c FROM sbtest6 WHERE id=9862545
	Index Scan using sbtest6_pkey on sbtest6  (cost=0.43..8.45 rows=1 width=121)
	  Index Cond: (id = 9862545)

table 7 : explain SELECT c FROM sbtest7 WHERE id=399206
	Index Scan using sbtest7_pkey on sbtest7  (cost=0.43..8.45 rows=1 width=121)
	  Index Cond: (id = 399206)

table 8 : explain SELECT c FROM sbtest8 WHERE id=7103099
	Index Scan using sbtest8_pkey on sbtest8  (cost=0.43..8.45 rows=1 width=121)
	  Index Cond: (id = 7103099)

for: distinct_ranges
table 1 : explain SELECT DISTINCT c FROM sbtest1 WHERE id BETWEEN 4910064 AND 4911063 ORDER BY c
	Unique  (cost=4047.31..4052.47 rows=1033 width=121)
	  ->  Sort  (cost=4047.31..4049.89 rows=1033 width=121)
	        Sort Key: c
	        ->  Bitmap Heap Scan on sbtest1  (cost=31.02..3995.59 rows=1033 width=121)
	              Recheck Cond: ((id >= 4910064) AND (id <= 4911063))
	              ->  Bitmap Index Scan on sbtest1_pkey  (cost=0.00..30.76 rows=1033 width=0)
	                    Index Cond: ((id >= 4910064) AND (id <= 4911063))

table 2 : explain SELECT DISTINCT c FROM sbtest2 WHERE id BETWEEN 5351212 AND 5352211 ORDER BY c
	Unique  (cost=3734.80..3739.55 rows=951 width=121)
	  ->  Sort  (cost=3734.80..3737.18 rows=951 width=121)
	        Sort Key: c
	        ->  Bitmap Heap Scan on sbtest2  (cost=30.18..3687.76 rows=951 width=121)
	              Recheck Cond: ((id >= 5351212) AND (id <= 5352211))
	              ->  Bitmap Index Scan on sbtest2_pkey  (cost=0.00..29.94 rows=951 width=0)
	                    Index Cond: ((id >= 5351212) AND (id <= 5352211))

table 3 : explain SELECT DISTINCT c FROM sbtest3 WHERE id BETWEEN 5731489 AND 5732488 ORDER BY c
	Unique  (cost=3923.10..3928.10 rows=1000 width=121)
	  ->  Sort  (cost=3923.10..3925.60 rows=1000 width=121)
	        Sort Key: c
	        ->  Bitmap Heap Scan on sbtest3  (cost=30.68..3873.27 rows=1000 width=121)
	              Recheck Cond: ((id >= 5731489) AND (id <= 5732488))
	              ->  Bitmap Index Scan on sbtest3_pkey  (cost=0.00..30.43 rows=1000 width=0)
	                    Index Cond: ((id >= 5731489) AND (id <= 5732488))

table 4 : explain SELECT DISTINCT c FROM sbtest4 WHERE id BETWEEN 786116 AND 787115 ORDER BY c
	Unique  (cost=3666.05..3670.72 rows=934 width=121)
	  ->  Sort  (cost=3666.05..3668.38 rows=934 width=121)
	        Sort Key: c
	        ->  Bitmap Heap Scan on sbtest4  (cost=26.01..3619.96 rows=934 width=121)
	              Recheck Cond: ((id >= 786116) AND (id <= 787115))
	              ->  Bitmap Index Scan on sbtest4_pkey  (cost=0.00..25.77 rows=934 width=0)
	                    Index Cond: ((id >= 786116) AND (id <= 787115))

table 5 : explain SELECT DISTINCT c FROM sbtest5 WHERE id BETWEEN 6325905 AND 6326904 ORDER BY c
	Unique  (cost=4253.53..4258.95 rows=1085 width=121)
	  ->  Sort  (cost=4253.53..4256.24 rows=1085 width=121)
	        Sort Key: c
	        ->  Bitmap Heap Scan on sbtest5  (cost=31.56..4198.82 rows=1085 width=121)
	              Recheck Cond: ((id >= 6325905) AND (id <= 6326904))
	              ->  Bitmap Index Scan on sbtest5_pkey  (cost=0.00..31.29 rows=1085 width=0)
	                    Index Cond: ((id >= 6325905) AND (id <= 6326904))

table 6 : explain SELECT DISTINCT c FROM sbtest6 WHERE id BETWEEN 6751621 AND 6752620 ORDER BY c
	Unique  (cost=3890.50..3895.46 rows=991 width=121)
	  ->  Sort  (cost=3890.50..3892.98 rows=991 width=121)
	        Sort Key: c
	        ->  Bitmap Heap Scan on sbtest6  (cost=30.59..3841.19 rows=991 width=121)
	              Recheck Cond: ((id >= 6751621) AND (id <= 6752620))
	              ->  Bitmap Index Scan on sbtest6_pkey  (cost=0.00..30.34 rows=991 width=0)
	                    Index Cond: ((id >= 6751621) AND (id <= 6752620))

table 7 : explain SELECT DISTINCT c FROM sbtest7 WHERE id BETWEEN 5629989 AND 5630988 ORDER BY c
	Unique  (cost=4383.82..4389.41 rows=1118 width=121)
	  ->  Sort  (cost=4383.82..4386.61 rows=1118 width=121)
	        Sort Key: c
	        ->  Bitmap Heap Scan on sbtest7  (cost=35.89..4327.21 rows=1118 width=121)
	              Recheck Cond: ((id >= 5629989) AND (id <= 5630988))
	              ->  Bitmap Index Scan on sbtest7_pkey  (cost=0.00..35.62 rows=1118 width=0)
	                    Index Cond: ((id >= 5629989) AND (id <= 5630988))

table 8 : explain SELECT DISTINCT c FROM sbtest8 WHERE id BETWEEN 4655947 AND 4656946 ORDER BY c
	Unique  (cost=3729.74..3734.48 rows=949 width=121)
	  ->  Sort  (cost=3729.74..3732.11 rows=949 width=121)
	        Sort Key: c
	        ->  Bitmap Heap Scan on sbtest8  (cost=30.16..3682.81 rows=949 width=121)
	              Recheck Cond: ((id >= 4655947) AND (id <= 4656946))
	              ->  Bitmap Index Scan on sbtest8_pkey  (cost=0.00..29.93 rows=949 width=0)
	                    Index Cond: ((id >= 4655947) AND (id <= 4656946))

for point_selects
table 1 : explain SELECT c FROM sbtest1 WHERE id=9270670
	Index Scan using sbtest1_pkey on sbtest1  (cost=0.43..8.45 rows=1 width=121)
	  Index Cond: (id = 9270670)

table 2 : explain SELECT c FROM sbtest2 WHERE id=8010042
	Index Scan using sbtest2_pkey on sbtest2  (cost=0.43..8.45 rows=1 width=121)
	  Index Cond: (id = 8010042)

table 3 : explain SELECT c FROM sbtest3 WHERE id=3843885
	Index Scan using sbtest3_pkey on sbtest3  (cost=0.43..8.45 rows=1 width=121)
	  Index Cond: (id = 3843885)

table 4 : explain SELECT c FROM sbtest4 WHERE id=2777682
	Index Scan using sbtest4_pkey on sbtest4  (cost=0.43..8.45 rows=1 width=121)
	  Index Cond: (id = 2777682)

table 5 : explain SELECT c FROM sbtest5 WHERE id=6259222
	Index Scan using sbtest5_pkey on sbtest5  (cost=0.43..8.45 rows=1 width=121)
	  Index Cond: (id = 6259222)

table 6 : explain SELECT c FROM sbtest6 WHERE id=792982
	Index Scan using sbtest6_pkey on sbtest6  (cost=0.43..8.45 rows=1 width=121)
	  Index Cond: (id = 792982)

table 7 : explain SELECT c FROM sbtest7 WHERE id=5664978
	Index Scan using sbtest7_pkey on sbtest7  (cost=0.43..8.45 rows=1 width=121)
	  Index Cond: (id = 5664978)

table 8 : explain SELECT c FROM sbtest8 WHERE id=4845766
	Index Scan using sbtest8_pkey on sbtest8  (cost=0.43..8.45 rows=1 width=121)
	  Index Cond: (id = 4845766)

for: sum_ranges
table 1 : explain SELECT SUM(k) FROM sbtest1 WHERE id BETWEEN 1284169 AND 1285168
	Aggregate  (cost=4020.78..4020.79 rows=1 width=8)
	  ->  Bitmap Heap Scan on sbtest1  (cost=31.08..4018.18 rows=1039 width=4)
	        Recheck Cond: ((id >= 1284169) AND (id <= 1285168))
	        ->  Bitmap Index Scan on sbtest1_pkey  (cost=0.00..30.82 rows=1039 width=0)
	              Index Cond: ((id >= 1284169) AND (id <= 1285168))

table 2 : explain SELECT SUM(k) FROM sbtest2 WHERE id BETWEEN 362937 AND 363936
	Aggregate  (cost=3493.17..3493.18 rows=1 width=8)
	  ->  Bitmap Heap Scan on sbtest2  (cost=25.66..3490.92 rows=900 width=4)
	        Recheck Cond: ((id >= 362937) AND (id <= 363936))
	        ->  Bitmap Index Scan on sbtest2_pkey  (cost=0.00..25.43 rows=900 width=0)
	              Index Cond: ((id >= 362937) AND (id <= 363936))

table 3 : explain SELECT SUM(k) FROM sbtest3 WHERE id BETWEEN 3471832 AND 3472831
	Aggregate  (cost=4060.59..4060.60 rows=1 width=8)
	  ->  Bitmap Heap Scan on sbtest3  (cost=31.19..4057.97 rows=1049 width=4)
	        Recheck Cond: ((id >= 3471832) AND (id <= 3472831))
	        ->  Bitmap Index Scan on sbtest3_pkey  (cost=0.00..30.93 rows=1049 width=0)
	              Index Cond: ((id >= 3471832) AND (id <= 3472831))

table 4 : explain SELECT SUM(k) FROM sbtest4 WHERE id BETWEEN 2618341 AND 2619340
	Aggregate  (cost=3667.69..3667.70 rows=1 width=8)
	  ->  Bitmap Heap Scan on sbtest4  (cost=26.13..3665.33 rows=946 width=4)
	        Recheck Cond: ((id >= 2618341) AND (id <= 2619340))
	        ->  Bitmap Index Scan on sbtest4_pkey  (cost=0.00..25.89 rows=946 width=0)
	              Index Cond: ((id >= 2618341) AND (id <= 2619340))

table 5 : explain SELECT SUM(k) FROM sbtest5 WHERE id BETWEEN 171479 AND 172478
	Aggregate  (cost=4152.49..4152.50 rows=1 width=8)
	  ->  Bitmap Heap Scan on sbtest5  (cost=31.42..4149.81 rows=1072 width=4)
	        Recheck Cond: ((id >= 171479) AND (id <= 172478))
	        ->  Bitmap Index Scan on sbtest5_pkey  (cost=0.00..31.15 rows=1072 width=0)
	              Index Cond: ((id >= 171479) AND (id <= 172478))

table 6 : explain SELECT SUM(k) FROM sbtest6 WHERE id BETWEEN 564834 AND 565833
	Aggregate  (cost=3945.65..3945.66 rows=1 width=8)
	  ->  Bitmap Heap Scan on sbtest6  (cost=30.87..3943.10 rows=1018 width=4)
	        Recheck Cond: ((id >= 564834) AND (id <= 565833))
	        ->  Bitmap Index Scan on sbtest6_pkey  (cost=0.00..30.61 rows=1018 width=0)
	              Index Cond: ((id >= 564834) AND (id <= 565833))

table 7 : explain SELECT SUM(k) FROM sbtest7 WHERE id BETWEEN 5839447 AND 5840446
	Aggregate  (cost=3944.84..3944.85 rows=1 width=8)
	  ->  Bitmap Heap Scan on sbtest7  (cost=30.86..3942.30 rows=1017 width=4)
	        Recheck Cond: ((id >= 5839447) AND (id <= 5840446))
	        ->  Bitmap Index Scan on sbtest7_pkey  (cost=0.00..30.61 rows=1017 width=0)
	              Index Cond: ((id >= 5839447) AND (id <= 5840446))

table 8 : explain SELECT SUM(k) FROM sbtest8 WHERE id BETWEEN 7787174 AND 7788173
	Aggregate  (cost=4292.91..4292.92 rows=1 width=8)
	  ->  Bitmap Heap Scan on sbtest8  (cost=31.81..4290.13 rows=1110 width=4)
	        Recheck Cond: ((id >= 7787174) AND (id <= 7788173))
	        ->  Bitmap Index Scan on sbtest8_pkey  (cost=0.00..31.54 rows=1110 width=0)
	              Index Cond: ((id >= 7787174) AND (id <= 7788173))

for: order_ranges
table 1 : explain SELECT c FROM sbtest1 WHERE id BETWEEN 8543303 AND 8544302 ORDER BY c
	Sort  (cost=3660.62..3662.95 rows=932 width=121)
	  Sort Key: c
	  ->  Bitmap Heap Scan on sbtest1  (cost=29.99..3614.66 rows=932 width=121)
	        Recheck Cond: ((id >= 8543303) AND (id <= 8544302))
	        ->  Bitmap Index Scan on sbtest1_pkey  (cost=0.00..29.75 rows=932 width=0)
	              Index Cond: ((id >= 8543303) AND (id <= 8544302))

table 2 : explain SELECT c FROM sbtest2 WHERE id BETWEEN 4817213 AND 4818212 ORDER BY c
	Sort  (cost=3842.12..3844.57 rows=979 width=121)
	  Sort Key: c
	  ->  Bitmap Heap Scan on sbtest2  (cost=30.47..3793.49 rows=979 width=121)
	        Recheck Cond: ((id >= 4817213) AND (id <= 4818212))
	        ->  Bitmap Index Scan on sbtest2_pkey  (cost=0.00..30.22 rows=979 width=0)
	              Index Cond: ((id >= 4817213) AND (id <= 4818212))

table 3 : explain SELECT c FROM sbtest3 WHERE id BETWEEN 8257193 AND 8258192 ORDER BY c
	Sort  (cost=4034.11..4036.68 rows=1029 width=121)
	  Sort Key: c
	  ->  Bitmap Heap Scan on sbtest3  (cost=30.98..3982.62 rows=1029 width=121)
	        Recheck Cond: ((id >= 8257193) AND (id <= 8258192))
	        ->  Bitmap Index Scan on sbtest3_pkey  (cost=0.00..30.72 rows=1029 width=0)
	              Index Cond: ((id >= 8257193) AND (id <= 8258192))

table 4 : explain SELECT c FROM sbtest4 WHERE id BETWEEN 875795 AND 876794 ORDER BY c
	Sort  (cost=3666.05..3668.38 rows=934 width=121)
	  Sort Key: c
	  ->  Bitmap Heap Scan on sbtest4  (cost=26.01..3619.96 rows=934 width=121)
	        Recheck Cond: ((id >= 875795) AND (id <= 876794))
	        ->  Bitmap Index Scan on sbtest4_pkey  (cost=0.00..25.77 rows=934 width=0)
	              Index Cond: ((id >= 875795) AND (id <= 876794))

table 5 : explain SELECT c FROM sbtest5 WHERE id BETWEEN 34918 AND 35917 ORDER BY c
	Sort  (cost=3708.96..3711.32 rows=943 width=121)
	  Sort Key: c
	  ->  Bitmap Heap Scan on sbtest5  (cost=30.10..3662.37 rows=943 width=121)
	        Recheck Cond: ((id >= 34918) AND (id <= 35917))
	        ->  Bitmap Index Scan on sbtest5_pkey  (cost=0.00..29.86 rows=943 width=0)
	              Index Cond: ((id >= 34918) AND (id <= 35917))

table 6 : explain SELECT c FROM sbtest6 WHERE id BETWEEN 8559747 AND 8560746 ORDER BY c
	Sort  (cost=4089.68..4092.29 rows=1043 width=121)
	  Sort Key: c
	  ->  Bitmap Heap Scan on sbtest6  (cost=31.13..4037.39 rows=1043 width=121)
	        Recheck Cond: ((id >= 8559747) AND (id <= 8560746))
	        ->  Bitmap Index Scan on sbtest6_pkey  (cost=0.00..30.86 rows=1043 width=0)
	              Index Cond: ((id >= 8559747) AND (id <= 8560746))

table 7 : explain SELECT c FROM sbtest7 WHERE id BETWEEN 2713943 AND 2714942 ORDER BY c
	Sort  (cost=4046.77..4049.35 rows=1031 width=121)
	  Sort Key: c
	  ->  Bitmap Heap Scan on sbtest7  (cost=31.00..3995.17 rows=1031 width=121)
	        Recheck Cond: ((id >= 2713943) AND (id <= 2714942))
	        ->  Bitmap Index Scan on sbtest7_pkey  (cost=0.00..30.75 rows=1031 width=0)
	              Index Cond: ((id >= 2713943) AND (id <= 2714942))

table 8 : explain SELECT c FROM sbtest8 WHERE id BETWEEN 2541254 AND 2542253 ORDER BY c
	Sort  (cost=4254.56..4257.28 rows=1086 width=121)
	  Sort Key: c
	  ->  Bitmap Heap Scan on sbtest8  (cost=31.57..4199.80 rows=1086 width=121)
	        Recheck Cond: ((id >= 2541254) AND (id <= 2542253))
	        ->  Bitmap Index Scan on sbtest8_pkey  (cost=0.00..31.29 rows=1086 width=0)
	              Index Cond: ((id >= 2541254) AND (id <= 2542253))

explain: for point_selects :: explain SELECT c FROM sbtest%u WHERE id=%u
for point_selects
table 1 : explain SELECT c FROM sbtest1 WHERE id=7874539
	Index Scan using sbtest1_pkey on sbtest1  (cost=0.43..8.45 rows=1 width=121)
	  Index Cond: (id = 7874539)

table 2 : explain SELECT c FROM sbtest2 WHERE id=6595276
	Index Scan using sbtest2_pkey on sbtest2  (cost=0.43..8.45 rows=1 width=121)
	  Index Cond: (id = 6595276)

table 3 : explain SELECT c FROM sbtest3 WHERE id=9097104
	Index Scan using sbtest3_pkey on sbtest3  (cost=0.43..8.45 rows=1 width=121)
	  Index Cond: (id = 9097104)

table 4 : explain SELECT c FROM sbtest4 WHERE id=112429
	Index Scan using sbtest4_pkey on sbtest4  (cost=0.43..8.45 rows=1 width=121)
	  Index Cond: (id = 112429)

table 5 : explain SELECT c FROM sbtest5 WHERE id=9530091
	Index Scan using sbtest5_pkey on sbtest5  (cost=0.43..8.45 rows=1 width=121)
	  Index Cond: (id = 9530091)

table 6 : explain SELECT c FROM sbtest6 WHERE id=9122894
	Index Scan using sbtest6_pkey on sbtest6  (cost=0.43..8.45 rows=1 width=121)
	  Index Cond: (id = 9122894)

table 7 : explain SELECT c FROM sbtest7 WHERE id=8758992
	Index Scan using sbtest7_pkey on sbtest7  (cost=0.43..8.45 rows=1 width=121)
	  Index Cond: (id = 8758992)

table 8 : explain SELECT c FROM sbtest8 WHERE id=3728245
	Index Scan using sbtest8_pkey on sbtest8  (cost=0.43..8.45 rows=1 width=121)
	  Index Cond: (id = 3728245)

for: sum_ranges
table 1 : explain SELECT SUM(k) FROM sbtest1 WHERE id BETWEEN 1836175 AND 1837174
	Aggregate  (cost=3956.72..3956.73 rows=1 width=8)
	  ->  Bitmap Heap Scan on sbtest1  (cost=30.91..3954.17 rows=1022 width=4)
	        Recheck Cond: ((id >= 1836175) AND (id <= 1837174))
	        ->  Bitmap Index Scan on sbtest1_pkey  (cost=0.00..30.65 rows=1022 width=0)
	              Index Cond: ((id >= 1836175) AND (id <= 1837174))

table 2 : explain SELECT SUM(k) FROM sbtest2 WHERE id BETWEEN 6014588 AND 6015587
	Aggregate  (cost=4022.31..4022.32 rows=1 width=8)
	  ->  Bitmap Heap Scan on sbtest2  (cost=31.08..4019.71 rows=1039 width=4)
	        Recheck Cond: ((id >= 6014588) AND (id <= 6015587))
	        ->  Bitmap Index Scan on sbtest2_pkey  (cost=0.00..30.82 rows=1039 width=0)
	              Index Cond: ((id >= 6014588) AND (id <= 6015587))

table 3 : explain SELECT SUM(k) FROM sbtest3 WHERE id BETWEEN 7648139 AND 7649138
	Aggregate  (cost=4324.11..4324.12 rows=1 width=8)
	  ->  Bitmap Heap Scan on sbtest3  (cost=31.90..4321.31 rows=1119 width=4)
	        Recheck Cond: ((id >= 7648139) AND (id <= 7649138))
	        ->  Bitmap Index Scan on sbtest3_pkey  (cost=0.00..31.62 rows=1119 width=0)
	              Index Cond: ((id >= 7648139) AND (id <= 7649138))

table 4 : explain SELECT SUM(k) FROM sbtest4 WHERE id BETWEEN 3304261 AND 3305260
	Aggregate  (cost=3981.36..3981.37 rows=1 width=8)
	  ->  Bitmap Heap Scan on sbtest4  (cost=30.97..3978.79 rows=1028 width=4)
	        Recheck Cond: ((id >= 3304261) AND (id <= 3305260))
	        ->  Bitmap Index Scan on sbtest4_pkey  (cost=0.00..30.71 rows=1028 width=0)
	              Index Cond: ((id >= 3304261) AND (id <= 3305260))

table 5 : explain SELECT SUM(k) FROM sbtest5 WHERE id BETWEEN 1383531 AND 1384530
	Aggregate  (cost=3770.78..3770.79 rows=1 width=8)
	  ->  Bitmap Heap Scan on sbtest5  (cost=30.39..3768.35 rows=971 width=4)
	        Recheck Cond: ((id >= 1383531) AND (id <= 1384530))
	        ->  Bitmap Index Scan on sbtest5_pkey  (cost=0.00..30.14 rows=971 width=0)
	              Index Cond: ((id >= 1383531) AND (id <= 1384530))

table 6 : explain SELECT SUM(k) FROM sbtest6 WHERE id BETWEEN 3414974 AND 3415973
	Aggregate  (cost=4356.45..4356.46 rows=1 width=8)
	  ->  Bitmap Heap Scan on sbtest6  (cost=31.99..4353.63 rows=1127 width=4)
	        Recheck Cond: ((id >= 3414974) AND (id <= 3415973))
	        ->  Bitmap Index Scan on sbtest6_pkey  (cost=0.00..31.70 rows=1127 width=0)
	              Index Cond: ((id >= 3414974) AND (id <= 3415973))

table 7 : explain SELECT SUM(k) FROM sbtest7 WHERE id BETWEEN 8511556 AND 8512555
	Aggregate  (cost=3774.61..3774.62 rows=1 width=8)
	  ->  Bitmap Heap Scan on sbtest7  (cost=30.40..3772.18 rows=972 width=4)
	        Recheck Cond: ((id >= 8511556) AND (id <= 8512555))
	        ->  Bitmap Index Scan on sbtest7_pkey  (cost=0.00..30.15 rows=972 width=0)
	              Index Cond: ((id >= 8511556) AND (id <= 8512555))

table 8 : explain SELECT SUM(k) FROM sbtest8 WHERE id BETWEEN 2771579 AND 2772578
	Aggregate  (cost=3870.48..3870.49 rows=1 width=8)
	  ->  Bitmap Heap Scan on sbtest8  (cost=30.66..3867.99 rows=998 width=4)
	        Recheck Cond: ((id >= 2771579) AND (id <= 2772578))
	        ->  Bitmap Index Scan on sbtest8_pkey  (cost=0.00..30.41 rows=998 width=0)
	              Index Cond: ((id >= 2771579) AND (id <= 2772578))

for: distinct_ranges
table 1 : explain SELECT DISTINCT c FROM sbtest1 WHERE id BETWEEN 503800 AND 504799 ORDER BY c
	Unique  (cost=3752.62..3757.40 rows=956 width=121)
	  ->  Sort  (cost=3752.62..3755.01 rows=956 width=121)
	        Sort Key: c
	        ->  Bitmap Heap Scan on sbtest1  (cost=30.23..3705.30 rows=956 width=121)
	              Recheck Cond: ((id >= 503800) AND (id <= 504799))
	              ->  Bitmap Index Scan on sbtest1_pkey  (cost=0.00..30.00 rows=956 width=0)
	                    Index Cond: ((id >= 503800) AND (id <= 504799))

table 2 : explain SELECT DISTINCT c FROM sbtest2 WHERE id BETWEEN 4612884 AND 4613883 ORDER BY c
	Unique  (cost=4255.18..4260.62 rows=1087 width=121)
	  ->  Sort  (cost=4255.18..4257.90 rows=1087 width=121)
	        Sort Key: c
	        ->  Bitmap Heap Scan on sbtest2  (cost=31.58..4200.37 rows=1087 width=121)
	              Recheck Cond: ((id >= 4612884) AND (id <= 4613883))
	              ->  Bitmap Index Scan on sbtest2_pkey  (cost=0.00..31.30 rows=1087 width=0)
	                    Index Cond: ((id >= 4612884) AND (id <= 4613883))

table 3 : explain SELECT DISTINCT c FROM sbtest3 WHERE id BETWEEN 6673655 AND 6674654 ORDER BY c
	Unique  (cost=4018.80..4023.93 rows=1025 width=121)
	  ->  Sort  (cost=4018.80..4021.36 rows=1025 width=121)
	        Sort Key: c
	        ->  Bitmap Heap Scan on sbtest3  (cost=30.94..3967.54 rows=1025 width=121)
	              Recheck Cond: ((id >= 6673655) AND (id <= 6674654))
	              ->  Bitmap Index Scan on sbtest3_pkey  (cost=0.00..30.68 rows=1025 width=0)
	                    Index Cond: ((id >= 6673655) AND (id <= 6674654))

table 4 : explain SELECT DISTINCT c FROM sbtest4 WHERE id BETWEEN 4937986 AND 4938985 ORDER BY c
	Unique  (cost=3585.43..3590.00 rows=913 width=121)
	  ->  Sort  (cost=3585.43..3587.72 rows=913 width=121)
	        Sort Key: c
	        ->  Bitmap Heap Scan on sbtest4  (cost=25.79..3540.54 rows=913 width=121)
	              Recheck Cond: ((id >= 4937986) AND (id <= 4938985))
	              ->  Bitmap Index Scan on sbtest4_pkey  (cost=0.00..25.57 rows=913 width=0)
	                    Index Cond: ((id >= 4937986) AND (id <= 4938985))

table 5 : explain SELECT DISTINCT c FROM sbtest5 WHERE id BETWEEN 7254007 AND 7255006 ORDER BY c
	Unique  (cost=3470.30..3474.71 rows=882 width=121)
	  ->  Sort  (cost=3470.30..3472.51 rows=882 width=121)
	        Sort Key: c
	        ->  Bitmap Heap Scan on sbtest5  (cost=25.48..3427.15 rows=882 width=121)
	              Recheck Cond: ((id >= 7254007) AND (id <= 7255006))
	              ->  Bitmap Index Scan on sbtest5_pkey  (cost=0.00..25.25 rows=882 width=0)
	                    Index Cond: ((id >= 7254007) AND (id <= 7255006))

table 6 : explain SELECT DISTINCT c FROM sbtest6 WHERE id BETWEEN 5937701 AND 5938700 ORDER BY c
	Unique  (cost=4166.20..4171.51 rows=1063 width=121)
	  ->  Sort  (cost=4166.20..4168.86 rows=1063 width=121)
	        Sort Key: c
	        ->  Bitmap Heap Scan on sbtest6  (cost=31.33..4112.76 rows=1063 width=121)
	              Recheck Cond: ((id >= 5937701) AND (id <= 5938700))
	              ->  Bitmap Index Scan on sbtest6_pkey  (cost=0.00..31.07 rows=1063 width=0)
	                    Index Cond: ((id >= 5937701) AND (id <= 5938700))

table 7 : explain SELECT DISTINCT c FROM sbtest7 WHERE id BETWEEN 346661 AND 347660 ORDER BY c
	Unique  (cost=3674.42..3679.09 rows=934 width=121)
	  ->  Sort  (cost=3674.42..3676.75 rows=934 width=121)
	        Sort Key: c
	        ->  Bitmap Heap Scan on sbtest7  (cost=30.01..3628.34 rows=934 width=121)
	              Recheck Cond: ((id >= 346661) AND (id <= 347660))
	              ->  Bitmap Index Scan on sbtest7_pkey  (cost=0.00..29.77 rows=934 width=0)
	                    Index Cond: ((id >= 346661) AND (id <= 347660))

table 8 : explain SELECT DISTINCT c FROM sbtest8 WHERE id BETWEEN 7733236 AND 7734235 ORDER BY c
	Unique  (cost=4346.28..4351.83 rows=1110 width=121)
	  ->  Sort  (cost=4346.28..4349.05 rows=1110 width=121)
	        Sort Key: c
	        ->  Bitmap Heap Scan on sbtest8  (cost=31.81..4290.13 rows=1110 width=121)
	              Recheck Cond: ((id >= 7733236) AND (id <= 7734235))
	              ->  Bitmap Index Scan on sbtest8_pkey  (cost=0.00..31.54 rows=1110 width=0)
	                    Index Cond: ((id >= 7733236) AND (id <= 7734235))

for: distinct_ranges
table 1 : explain SELECT DISTINCT c FROM sbtest1 WHERE id BETWEEN 2590467 AND 2591466 ORDER BY c
	Unique  (cost=3660.62..3665.28 rows=932 width=121)
	  ->  Sort  (cost=3660.62..3662.95 rows=932 width=121)
	        Sort Key: c
	        ->  Bitmap Heap Scan on sbtest1  (cost=29.99..3614.66 rows=932 width=121)
	              Recheck Cond: ((id >= 2590467) AND (id <= 2591466))
	              ->  Bitmap Index Scan on sbtest1_pkey  (cost=0.00..29.75 rows=932 width=0)
	                    Index Cond: ((id >= 2590467) AND (id <= 2591466))

table 2 : explain SELECT DISTINCT c FROM sbtest2 WHERE id BETWEEN 8742059 AND 8743058 ORDER BY c
	Unique  (cost=3742.47..3747.23 rows=953 width=121)
	  ->  Sort  (cost=3742.47..3744.85 rows=953 width=121)
	        Sort Key: c
	        ->  Bitmap Heap Scan on sbtest2  (cost=30.20..3695.31 rows=953 width=121)
	              Recheck Cond: ((id >= 8742059) AND (id <= 8743058))
	              ->  Bitmap Index Scan on sbtest2_pkey  (cost=0.00..29.96 rows=953 width=0)
	                    Index Cond: ((id >= 8742059) AND (id <= 8743058))

table 3 : explain SELECT DISTINCT c FROM sbtest3 WHERE id BETWEEN 1123501 AND 1124500 ORDER BY c
	Unique  (cost=3965.22..3970.28 rows=1011 width=121)
	  ->  Sort  (cost=3965.22..3967.75 rows=1011 width=121)
	        Sort Key: c
	        ->  Bitmap Heap Scan on sbtest3  (cost=30.80..3914.76 rows=1011 width=121)
	              Recheck Cond: ((id >= 1123501) AND (id <= 1124500))
	              ->  Bitmap Index Scan on sbtest3_pkey  (cost=0.00..30.54 rows=1011 width=0)
	                    Index Cond: ((id >= 1123501) AND (id <= 1124500))

table 4 : explain SELECT DISTINCT c FROM sbtest4 WHERE id BETWEEN 8319967 AND 8320966 ORDER BY c
	Unique  (cost=3585.43..3590.00 rows=913 width=121)
	  ->  Sort  (cost=3585.43..3587.72 rows=913 width=121)
	        Sort Key: c
	        ->  Bitmap Heap Scan on sbtest4  (cost=25.79..3540.54 rows=913 width=121)
	              Recheck Cond: ((id >= 8319967) AND (id <= 8320966))
	              ->  Bitmap Index Scan on sbtest4_pkey  (cost=0.00..25.57 rows=913 width=0)
	                    Index Cond: ((id >= 8319967) AND (id <= 8320966))

table 5 : explain SELECT DISTINCT c FROM sbtest5 WHERE id BETWEEN 8426335 AND 8427334 ORDER BY c
	Unique  (cost=3973.86..3978.92 rows=1012 width=121)
	  ->  Sort  (cost=3973.86..3976.39 rows=1012 width=121)
	        Sort Key: c
	        ->  Bitmap Heap Scan on sbtest5  (cost=30.81..3923.35 rows=1012 width=121)
	              Recheck Cond: ((id >= 8426335) AND (id <= 8427334))
	              ->  Bitmap Index Scan on sbtest5_pkey  (cost=0.00..30.55 rows=1012 width=0)
	                    Index Cond: ((id >= 8426335) AND (id <= 8427334))

table 6 : explain SELECT DISTINCT c FROM sbtest6 WHERE id BETWEEN 7049074 AND 7050073 ORDER BY c
	Unique  (cost=4020.77..4025.89 rows=1025 width=121)
	  ->  Sort  (cost=4020.77..4023.33 rows=1025 width=121)
	        Sort Key: c
	        ->  Bitmap Heap Scan on sbtest6  (cost=30.94..3969.51 rows=1025 width=121)
	              Recheck Cond: ((id >= 7049074) AND (id <= 7050073))
	              ->  Bitmap Index Scan on sbtest6_pkey  (cost=0.00..30.68 rows=1025 width=0)
	                    Index Cond: ((id >= 7049074) AND (id <= 7050073))

table 7 : explain SELECT DISTINCT c FROM sbtest7 WHERE id BETWEEN 2747410 AND 2748409 ORDER BY c
	Unique  (cost=3724.39..3729.12 rows=947 width=121)
	  ->  Sort  (cost=3724.39..3726.75 rows=947 width=121)
	        Sort Key: c
	        ->  Bitmap Heap Scan on sbtest7  (cost=30.14..3677.57 rows=947 width=121)
	              Recheck Cond: ((id >= 2747410) AND (id <= 2748409))
	              ->  Bitmap Index Scan on sbtest7_pkey  (cost=0.00..29.90 rows=947 width=0)
	                    Index Cond: ((id >= 2747410) AND (id <= 2748409))

table 8 : explain SELECT DISTINCT c FROM sbtest8 WHERE id BETWEEN 633275 AND 634274 ORDER BY c
	Unique  (cost=3487.49..3491.93 rows=887 width=121)
	  ->  Sort  (cost=3487.49..3489.71 rows=887 width=121)
	        Sort Key: c
	        ->  Bitmap Heap Scan on sbtest8  (cost=25.53..3444.06 rows=887 width=121)
	              Recheck Cond: ((id >= 633275) AND (id <= 634274))
	              ->  Bitmap Index Scan on sbtest8_pkey  (cost=0.00..25.30 rows=887 width=0)
	                    Index Cond: ((id >= 633275) AND (id <= 634274))

for point_selects
table 1 : explain SELECT c FROM sbtest1 WHERE id=8445490
	Index Scan using sbtest1_pkey on sbtest1  (cost=0.43..8.45 rows=1 width=121)
	  Index Cond: (id = 8445490)

table 2 : explain SELECT c FROM sbtest2 WHERE id=6695708
	Index Scan using sbtest2_pkey on sbtest2  (cost=0.43..8.45 rows=1 width=121)
	  Index Cond: (id = 6695708)

table 3 : explain SELECT c FROM sbtest3 WHERE id=1775387
	Index Scan using sbtest3_pkey on sbtest3  (cost=0.43..8.45 rows=1 width=121)
	  Index Cond: (id = 1775387)

table 4 : explain SELECT c FROM sbtest4 WHERE id=3841642
	Index Scan using sbtest4_pkey on sbtest4  (cost=0.43..8.45 rows=1 width=121)
	  Index Cond: (id = 3841642)

table 5 : explain SELECT c FROM sbtest5 WHERE id=358002
	Index Scan using sbtest5_pkey on sbtest5  (cost=0.43..8.45 rows=1 width=121)
	  Index Cond: (id = 358002)

table 6 : explain SELECT c FROM sbtest6 WHERE id=2542400
	Index Scan using sbtest6_pkey on sbtest6  (cost=0.43..8.45 rows=1 width=121)
	  Index Cond: (id = 2542400)

table 7 : explain SELECT c FROM sbtest7 WHERE id=2949168
	Index Scan using sbtest7_pkey on sbtest7  (cost=0.43..8.45 rows=1 width=121)
	  Index Cond: (id = 2949168)

table 8 : explain SELECT c FROM sbtest8 WHERE id=2765575
	Index Scan using sbtest8_pkey on sbtest8  (cost=0.43..8.45 rows=1 width=121)
	  Index Cond: (id = 2765575)

for: sum_ranges
table 1 : explain SELECT SUM(k) FROM sbtest1 WHERE id BETWEEN 8392903 AND 8393902
	Aggregate  (cost=3726.57..3726.58 rows=1 width=8)
	  ->  Bitmap Heap Scan on sbtest1  (cost=30.29..3724.17 rows=961 width=4)
	        Recheck Cond: ((id >= 8392903) AND (id <= 8393902))
	        ->  Bitmap Index Scan on sbtest1_pkey  (cost=0.00..30.04 rows=961 width=0)
	              Index Cond: ((id >= 8392903) AND (id <= 8393902))

table 2 : explain SELECT SUM(k) FROM sbtest2 WHERE id BETWEEN 3876034 AND 3877033
	Aggregate  (cost=3618.28..3618.29 rows=1 width=8)
	  ->  Bitmap Heap Scan on sbtest2  (cost=29.99..3615.95 rows=932 width=4)
	        Recheck Cond: ((id >= 3876034) AND (id <= 3877033))
	        ->  Bitmap Index Scan on sbtest2_pkey  (cost=0.00..29.75 rows=932 width=0)
	              Index Cond: ((id >= 3876034) AND (id <= 3877033))

table 3 : explain SELECT SUM(k) FROM sbtest3 WHERE id BETWEEN 2482245 AND 2483244
	Aggregate  (cost=3921.06..3921.07 rows=1 width=8)
	  ->  Bitmap Heap Scan on sbtest3  (cost=30.81..3918.53 rows=1012 width=4)
	        Recheck Cond: ((id >= 2482245) AND (id <= 2483244))
	        ->  Bitmap Index Scan on sbtest3_pkey  (cost=0.00..30.55 rows=1012 width=0)
	              Index Cond: ((id >= 2482245) AND (id <= 2483244))

table 4 : explain SELECT SUM(k) FROM sbtest4 WHERE id BETWEEN 3519253 AND 3520252
	Aggregate  (cost=3837.96..3837.97 rows=1 width=8)
	  ->  Bitmap Heap Scan on sbtest4  (cost=30.58..3835.49 rows=990 width=4)
	        Recheck Cond: ((id >= 3519253) AND (id <= 3520252))
	        ->  Bitmap Index Scan on sbtest4_pkey  (cost=0.00..30.33 rows=990 width=0)
	              Index Cond: ((id >= 3519253) AND (id <= 3520252))

table 5 : explain SELECT SUM(k) FROM sbtest5 WHERE id BETWEEN 2514878 AND 2515877
	Aggregate  (cost=3672.31..3672.32 rows=1 width=8)
	  ->  Bitmap Heap Scan on sbtest5  (cost=30.12..3669.95 rows=945 width=4)
	        Recheck Cond: ((id >= 2514878) AND (id <= 2515877))
	        ->  Bitmap Index Scan on sbtest5_pkey  (cost=0.00..29.89 rows=945 width=0)
	              Index Cond: ((id >= 2514878) AND (id <= 2515877))

table 6 : explain SELECT SUM(k) FROM sbtest6 WHERE id BETWEEN 8916159 AND 8917158
	Aggregate  (cost=4330.11..4330.12 rows=1 width=8)
	  ->  Bitmap Heap Scan on sbtest6  (cost=31.92..4327.31 rows=1120 width=4)
	        Recheck Cond: ((id >= 8916159) AND (id <= 8917158))
	        ->  Bitmap Index Scan on sbtest6_pkey  (cost=0.00..31.64 rows=1120 width=0)
	              Index Cond: ((id >= 8916159) AND (id <= 8917158))

table 7 : explain SELECT SUM(k) FROM sbtest7 WHERE id BETWEEN 9822995 AND 9823994
	Aggregate  (cost=4069.51..4069.52 rows=1 width=8)
	  ->  Bitmap Heap Scan on sbtest7  (cost=31.20..4066.89 rows=1050 width=4)
	        Recheck Cond: ((id >= 9822995) AND (id <= 9823994))
	        ->  Bitmap Index Scan on sbtest7_pkey  (cost=0.00..30.93 rows=1050 width=0)
	              Index Cond: ((id >= 9822995) AND (id <= 9823994))

table 8 : explain SELECT SUM(k) FROM sbtest8 WHERE id BETWEEN 5118721 AND 5119720
	Aggregate  (cost=3787.32..3787.33 rows=1 width=8)
	  ->  Bitmap Heap Scan on sbtest8  (cost=30.44..3784.88 rows=976 width=4)
	        Recheck Cond: ((id >= 5118721) AND (id <= 5119720))
	        ->  Bitmap Index Scan on sbtest8_pkey  (cost=0.00..30.19 rows=976 width=0)
	              Index Cond: ((id >= 5118721) AND (id <= 5119720))

for: simple_ranges
table 1 : explain SELECT c FROM sbtest1 WHERE id BETWEEN 9195256 AND 9196255
	Bitmap Heap Scan on sbtest1  (cost=30.67..3867.50 rows=999 width=121)
	  Recheck Cond: ((id >= 9195256) AND (id <= 9196255))
	  ->  Bitmap Index Scan on sbtest1_pkey  (cost=0.00..30.43 rows=999 width=0)
	        Index Cond: ((id >= 9195256) AND (id <= 9196255))

table 2 : explain SELECT c FROM sbtest2 WHERE id BETWEEN 5407291 AND 5408290
	Bitmap Heap Scan on sbtest2  (cost=25.76..3528.75 rows=910 width=121)
	  Recheck Cond: ((id >= 5407291) AND (id <= 5408290))
	  ->  Bitmap Index Scan on sbtest2_pkey  (cost=0.00..25.54 rows=910 width=0)
	        Index Cond: ((id >= 5407291) AND (id <= 5408290))

table 3 : explain SELECT c FROM sbtest3 WHERE id BETWEEN 8627068 AND 8628067
	Bitmap Heap Scan on sbtest3  (cost=26.01..3620.02 rows=934 width=121)
	  Recheck Cond: ((id >= 8627068) AND (id <= 8628067))
	  ->  Bitmap Index Scan on sbtest3_pkey  (cost=0.00..25.77 rows=934 width=0)
	        Index Cond: ((id >= 8627068) AND (id <= 8628067))

table 4 : explain SELECT c FROM sbtest4 WHERE id BETWEEN 7605910 AND 7606909
	Bitmap Heap Scan on sbtest4  (cost=30.20..3695.78 rows=953 width=121)
	  Recheck Cond: ((id >= 7605910) AND (id <= 7606909))
	  ->  Bitmap Index Scan on sbtest4_pkey  (cost=0.00..29.96 rows=953 width=0)
	        Index Cond: ((id >= 7605910) AND (id <= 7606909))

table 5 : explain SELECT c FROM sbtest5 WHERE id BETWEEN 7196639 AND 7197638
	Bitmap Heap Scan on sbtest5  (cost=25.48..3427.15 rows=882 width=121)
	  Recheck Cond: ((id >= 7196639) AND (id <= 7197638))
	  ->  Bitmap Index Scan on sbtest5_pkey  (cost=0.00..25.25 rows=882 width=0)
	        Index Cond: ((id >= 7196639) AND (id <= 7197638))

table 6 : explain SELECT c FROM sbtest6 WHERE id BETWEEN 8931845 AND 8932844
	Bitmap Heap Scan on sbtest6  (cost=31.92..4327.31 rows=1120 width=121)
	  Recheck Cond: ((id >= 8931845) AND (id <= 8932844))
	  ->  Bitmap Index Scan on sbtest6_pkey  (cost=0.00..31.64 rows=1120 width=0)
	        Index Cond: ((id >= 8931845) AND (id <= 8932844))

table 7 : explain SELECT c FROM sbtest7 WHERE id BETWEEN 6085110 AND 6086109
	Bitmap Heap Scan on sbtest7  (cost=30.83..3930.96 rows=1014 width=121)
	  Recheck Cond: ((id >= 6085110) AND (id <= 6086109))
	  ->  Bitmap Index Scan on sbtest7_pkey  (cost=0.00..30.57 rows=1014 width=0)
	        Index Cond: ((id >= 6085110) AND (id <= 6086109))

table 8 : explain SELECT c FROM sbtest8 WHERE id BETWEEN 2866859 AND 2867858
	Bitmap Heap Scan on sbtest8  (cost=31.08..4022.70 rows=1039 width=121)
	  Recheck Cond: ((id >= 2866859) AND (id <= 2867858))
	  ->  Bitmap Index Scan on sbtest8_pkey  (cost=0.00..30.82 rows=1039 width=0)
	        Index Cond: ((id >= 2866859) AND (id <= 2867858))

for: distinct_ranges
table 1 : explain SELECT DISTINCT c FROM sbtest1 WHERE id BETWEEN 7829813 AND 7830812 ORDER BY c
	Unique  (cost=4016.72..4021.85 rows=1025 width=121)
	  ->  Sort  (cost=4016.72..4019.29 rows=1025 width=121)
	        Sort Key: c
	        ->  Bitmap Heap Scan on sbtest1  (cost=30.94..3965.47 rows=1025 width=121)
	              Recheck Cond: ((id >= 7829813) AND (id <= 7830812))
	              ->  Bitmap Index Scan on sbtest1_pkey  (cost=0.00..30.68 rows=1025 width=0)
	                    Index Cond: ((id >= 7829813) AND (id <= 7830812))

table 2 : explain SELECT DISTINCT c FROM sbtest2 WHERE id BETWEEN 8615644 AND 8616643 ORDER BY c
	Unique  (cost=4247.55..4252.97 rows=1085 width=121)
	  ->  Sort  (cost=4247.55..4250.26 rows=1085 width=121)
	        Sort Key: c
	        ->  Bitmap Heap Scan on sbtest2  (cost=31.56..4192.84 rows=1085 width=121)
	              Recheck Cond: ((id >= 8615644) AND (id <= 8616643))
	              ->  Bitmap Index Scan on sbtest2_pkey  (cost=0.00..31.29 rows=1085 width=0)
	                    Index Cond: ((id >= 8615644) AND (id <= 8616643))

table 3 : explain SELECT DISTINCT c FROM sbtest3 WHERE id BETWEEN 2898980 AND 2899979 ORDER BY c
	Unique  (cost=4278.73..4284.20 rows=1093 width=121)
	  ->  Sort  (cost=4278.73..4281.46 rows=1093 width=121)
	        Sort Key: c
	        ->  Bitmap Heap Scan on sbtest3  (cost=31.64..4223.57 rows=1093 width=121)
	              Recheck Cond: ((id >= 2898980) AND (id <= 2899979))
	              ->  Bitmap Index Scan on sbtest3_pkey  (cost=0.00..31.36 rows=1093 width=0)
	                    Index Cond: ((id >= 2898980) AND (id <= 2899979))

table 4 : explain SELECT DISTINCT c FROM sbtest4 WHERE id BETWEEN 9569673 AND 9570672 ORDER BY c
	Unique  (cost=3815.78..3820.64 rows=972 width=121)
	  ->  Sort  (cost=3815.78..3818.21 rows=972 width=121)
	        Sort Key: c
	        ->  Bitmap Heap Scan on sbtest4  (cost=30.40..3767.54 rows=972 width=121)
	              Recheck Cond: ((id >= 9569673) AND (id <= 9570672))
	              ->  Bitmap Index Scan on sbtest4_pkey  (cost=0.00..30.15 rows=972 width=0)
	                    Index Cond: ((id >= 9569673) AND (id <= 9570672))

table 5 : explain SELECT DISTINCT c FROM sbtest5 WHERE id BETWEEN 8966602 AND 8967601 ORDER BY c
	Unique  (cost=4291.79..4297.26 rows=1095 width=121)
	  ->  Sort  (cost=4291.79..4294.53 rows=1095 width=121)
	        Sort Key: c
	        ->  Bitmap Heap Scan on sbtest5  (cost=31.66..4236.51 rows=1095 width=121)
	              Recheck Cond: ((id >= 8966602) AND (id <= 8967601))
	              ->  Bitmap Index Scan on sbtest5_pkey  (cost=0.00..31.39 rows=1095 width=0)
	                    Index Cond: ((id >= 8966602) AND (id <= 8967601))

table 6 : explain SELECT DISTINCT c FROM sbtest6 WHERE id BETWEEN 7377381 AND 7378380 ORDER BY c
	Unique  (cost=3737.07..3741.83 rows=951 width=121)
	  ->  Sort  (cost=3737.07..3739.45 rows=951 width=121)
	        Sort Key: c
	        ->  Bitmap Heap Scan on sbtest6  (cost=30.18..3690.03 rows=951 width=121)
	              Recheck Cond: ((id >= 7377381) AND (id <= 7378380))
	              ->  Bitmap Index Scan on sbtest6_pkey  (cost=0.00..29.94 rows=951 width=0)
	                    Index Cond: ((id >= 7377381) AND (id <= 7378380))

table 7 : explain SELECT DISTINCT c FROM sbtest7 WHERE id BETWEEN 644670 AND 645669 ORDER BY c
	Unique  (cost=4138.73..4144.00 rows=1055 width=121)
	  ->  Sort  (cost=4138.73..4141.37 rows=1055 width=121)
	        Sort Key: c
	        ->  Bitmap Heap Scan on sbtest7  (cost=31.25..4085.75 rows=1055 width=121)
	              Recheck Cond: ((id >= 644670) AND (id <= 645669))
	              ->  Bitmap Index Scan on sbtest7_pkey  (cost=0.00..30.98 rows=1055 width=0)
	                    Index Cond: ((id >= 644670) AND (id <= 645669))

table 8 : explain SELECT DISTINCT c FROM sbtest8 WHERE id BETWEEN 64897 AND 65896 ORDER BY c
	Unique  (cost=3841.02..3845.91 rows=978 width=121)
	  ->  Sort  (cost=3841.02..3843.46 rows=978 width=121)
	        Sort Key: c
	        ->  Bitmap Heap Scan on sbtest8  (cost=30.46..3792.44 rows=978 width=121)
	              Recheck Cond: ((id >= 64897) AND (id <= 65896))
	              ->  Bitmap Index Scan on sbtest8_pkey  (cost=0.00..30.21 rows=978 width=0)
	                    Index Cond: ((id >= 64897) AND (id <= 65896))

explain: for point_selects :: explain SELECT c FROM sbtest%u WHERE id=%u
for: order_ranges
table 1 : explain SELECT c FROM sbtest1 WHERE id BETWEEN 5140319 AND 5141318 ORDER BY c
	Sort  (cost=3825.40..3827.84 rows=975 width=121)
	  Sort Key: c
	  ->  Bitmap Heap Scan on sbtest1  (cost=30.43..3777.00 rows=975 width=121)
	        Recheck Cond: ((id >= 5140319) AND (id <= 5141318))
	        ->  Bitmap Index Scan on sbtest1_pkey  (cost=0.00..30.18 rows=975 width=0)
	              Index Cond: ((id >= 5140319) AND (id <= 5141318))

table 2 : explain SELECT c FROM sbtest2 WHERE id BETWEEN 9672821 AND 9673820 ORDER BY c
	Sort  (cost=3792.30..3794.72 rows=966 width=121)
	  Sort Key: c
	  ->  Bitmap Heap Scan on sbtest2  (cost=30.34..3744.41 rows=966 width=121)
	        Recheck Cond: ((id >= 9672821) AND (id <= 9673820))
	        ->  Bitmap Index Scan on sbtest2_pkey  (cost=0.00..30.09 rows=966 width=0)
	              Index Cond: ((id >= 9672821) AND (id <= 9673820))

table 3 : explain SELECT c FROM sbtest3 WHERE id BETWEEN 9640128 AND 9641127 ORDER BY c
	Sort  (cost=3723.81..3726.18 rows=948 width=121)
	  Sort Key: c
	  ->  Bitmap Heap Scan on sbtest3  (cost=30.15..3676.94 rows=948 width=121)
	        Recheck Cond: ((id >= 9640128) AND (id <= 9641127))
	        ->  Bitmap Index Scan on sbtest3_pkey  (cost=0.00..29.91 rows=948 width=0)
	              Index Cond: ((id >= 9640128) AND (id <= 9641127))

table 4 : explain SELECT c FROM sbtest4 WHERE id BETWEEN 1926901 AND 1927900 ORDER BY c
	Sort  (cost=3988.13..3990.67 rows=1017 width=121)
	  Sort Key: c
	  ->  Bitmap Heap Scan on sbtest4  (cost=30.86..3937.33 rows=1017 width=121)
	        Recheck Cond: ((id >= 1926901) AND (id <= 1927900))
	        ->  Bitmap Index Scan on sbtest4_pkey  (cost=0.00..30.61 rows=1017 width=0)
	              Index Cond: ((id >= 1926901) AND (id <= 1927900))

table 5 : explain SELECT c FROM sbtest5 WHERE id BETWEEN 9513501 AND 9514500 ORDER BY c
	Sort  (cost=3831.88..3834.32 rows=975 width=121)
	  Sort Key: c
	  ->  Bitmap Heap Scan on sbtest5  (cost=30.43..3783.48 rows=975 width=121)
	        Recheck Cond: ((id >= 9513501) AND (id <= 9514500))
	        ->  Bitmap Index Scan on sbtest5_pkey  (cost=0.00..30.18 rows=975 width=0)
	              Index Cond: ((id >= 9513501) AND (id <= 9514500))

table 6 : explain SELECT c FROM sbtest6 WHERE id BETWEEN 2203009 AND 2204008 ORDER BY c
	Sort  (cost=4059.06..4061.64 rows=1035 width=121)
	  Sort Key: c
	  ->  Bitmap Heap Scan on sbtest6  (cost=31.04..4007.23 rows=1035 width=121)
	        Recheck Cond: ((id >= 2203009) AND (id <= 2204008))
	        ->  Bitmap Index Scan on sbtest6_pkey  (cost=0.00..30.79 rows=1035 width=0)
	              Index Cond: ((id >= 2203009) AND (id <= 2204008))

table 7 : explain SELECT c FROM sbtest7 WHERE id BETWEEN 5838947 AND 5839946 ORDER BY c
	Sort  (cost=3993.10..3995.64 rows=1017 width=121)
	  Sort Key: c
	  ->  Bitmap Heap Scan on sbtest7  (cost=30.86..3942.30 rows=1017 width=121)
	        Recheck Cond: ((id >= 5838947) AND (id <= 5839946))
	        ->  Bitmap Index Scan on sbtest7_pkey  (cost=0.00..30.61 rows=1017 width=0)
	              Index Cond: ((id >= 5838947) AND (id <= 5839946))

table 8 : explain SELECT c FROM sbtest8 WHERE id BETWEEN 5601880 AND 5602879 ORDER BY c
	Sort  (cost=4139.82..4142.46 rows=1056 width=121)
	  Sort Key: c
	  ->  Bitmap Heap Scan on sbtest8  (cost=31.26..4086.79 rows=1056 width=121)
	        Recheck Cond: ((id >= 5601880) AND (id <= 5602879))
	        ->  Bitmap Index Scan on sbtest8_pkey  (cost=0.00..31.00 rows=1056 width=0)
	              Index Cond: ((id >= 5601880) AND (id <= 5602879))

for point_selects
table 1 : explain SELECT c FROM sbtest1 WHERE id=5271746
	Index Scan using sbtest1_pkey on sbtest1  (cost=0.43..8.45 rows=1 width=121)
	  Index Cond: (id = 5271746)

table 2 : explain SELECT c FROM sbtest2 WHERE id=7247634
	Index Scan using sbtest2_pkey on sbtest2  (cost=0.43..8.45 rows=1 width=121)
	  Index Cond: (id = 7247634)

table 3 : explain SELECT c FROM sbtest3 WHERE id=9886290
	Index Scan using sbtest3_pkey on sbtest3  (cost=0.43..8.45 rows=1 width=121)
	  Index Cond: (id = 9886290)

table 4 : explain SELECT c FROM sbtest4 WHERE id=263603
	Index Scan using sbtest4_pkey on sbtest4  (cost=0.43..8.45 rows=1 width=121)
	  Index Cond: (id = 263603)

table 5 : explain SELECT c FROM sbtest5 WHERE id=7261473
	Index Scan using sbtest5_pkey on sbtest5  (cost=0.43..8.45 rows=1 width=121)
	  Index Cond: (id = 7261473)

table 6 : explain SELECT c FROM sbtest6 WHERE id=9311850
	Index Scan using sbtest6_pkey on sbtest6  (cost=0.43..8.45 rows=1 width=121)
	  Index Cond: (id = 9311850)

table 7 : explain SELECT c FROM sbtest7 WHERE id=622765
	Index Scan using sbtest7_pkey on sbtest7  (cost=0.43..8.45 rows=1 width=121)
	  Index Cond: (id = 622765)

table 8 : explain SELECT c FROM sbtest8 WHERE id=2597723
	Index Scan using sbtest8_pkey on sbtest8  (cost=0.43..8.45 rows=1 width=121)
	  Index Cond: (id = 2597723)

for point_selects
table 1 : explain SELECT c FROM sbtest1 WHERE id=6162724
	Index Scan using sbtest1_pkey on sbtest1  (cost=0.43..8.45 rows=1 width=121)
	  Index Cond: (id = 6162724)

table 2 : explain SELECT c FROM sbtest2 WHERE id=8211434
	Index Scan using sbtest2_pkey on sbtest2  (cost=0.43..8.45 rows=1 width=121)
	  Index Cond: (id = 8211434)

table 3 : explain SELECT c FROM sbtest3 WHERE id=5481598
	Index Scan using sbtest3_pkey on sbtest3  (cost=0.43..8.45 rows=1 width=121)
	  Index Cond: (id = 5481598)

table 4 : explain SELECT c FROM sbtest4 WHERE id=9250043
	Index Scan using sbtest4_pkey on sbtest4  (cost=0.43..8.45 rows=1 width=121)
	  Index Cond: (id = 9250043)

table 5 : explain SELECT c FROM sbtest5 WHERE id=3859348
	Index Scan using sbtest5_pkey on sbtest5  (cost=0.43..8.45 rows=1 width=121)
	  Index Cond: (id = 3859348)

table 6 : explain SELECT c FROM sbtest6 WHERE id=8114253
	Index Scan using sbtest6_pkey on sbtest6  (cost=0.43..8.45 rows=1 width=121)
	  Index Cond: (id = 8114253)

table 7 : explain SELECT c FROM sbtest7 WHERE id=5498225
	Index Scan using sbtest7_pkey on sbtest7  (cost=0.43..8.45 rows=1 width=121)
	  Index Cond: (id = 5498225)

table 8 : explain SELECT c FROM sbtest8 WHERE id=4162383
	Index Scan using sbtest8_pkey on sbtest8  (cost=0.43..8.45 rows=1 width=121)
	  Index Cond: (id = 4162383)

for: order_ranges
table 1 : explain SELECT c FROM sbtest1 WHERE id BETWEEN 5728249 AND 5729248 ORDER BY c
	Sort  (cost=3882.83..3885.31 rows=990 width=121)
	  Sort Key: c
	  ->  Bitmap Heap Scan on sbtest1  (cost=30.58..3833.57 rows=990 width=121)
	        Recheck Cond: ((id >= 5728249) AND (id <= 5729248))
	        ->  Bitmap Index Scan on sbtest1_pkey  (cost=0.00..30.33 rows=990 width=0)
	              Index Cond: ((id >= 5728249) AND (id <= 5729248))

table 2 : explain SELECT c FROM sbtest2 WHERE id BETWEEN 6378079 AND 6379078 ORDER BY c
	Sort  (cost=4155.87..4158.52 rows=1061 width=121)
	  Sort Key: c
	  ->  Bitmap Heap Scan on sbtest2  (cost=31.31..4102.55 rows=1061 width=121)
	        Recheck Cond: ((id >= 6378079) AND (id <= 6379078))
	        ->  Bitmap Index Scan on sbtest2_pkey  (cost=0.00..31.04 rows=1061 width=0)
	              Index Cond: ((id >= 6378079) AND (id <= 6379078))

table 3 : explain SELECT c FROM sbtest3 WHERE id BETWEEN 8032281 AND 8033280 ORDER BY c
	Sort  (cost=4106.78..4109.40 rows=1048 width=121)
	  Sort Key: c
	  ->  Bitmap Heap Scan on sbtest3  (cost=31.18..4054.20 rows=1048 width=121)
	        Recheck Cond: ((id >= 8032281) AND (id <= 8033280))
	        ->  Bitmap Index Scan on sbtest3_pkey  (cost=0.00..30.91 rows=1048 width=0)
	              Index Cond: ((id >= 8032281) AND (id <= 8033280))

table 4 : explain SELECT c FROM sbtest4 WHERE id BETWEEN 9448971 AND 9449970 ORDER BY c
	Sort  (cost=3769.77..3772.17 rows=960 width=121)
	  Sort Key: c
	  ->  Bitmap Heap Scan on sbtest4  (cost=30.27..3722.22 rows=960 width=121)
	        Recheck Cond: ((id >= 9448971) AND (id <= 9449970))
	        ->  Bitmap Index Scan on sbtest4_pkey  (cost=0.00..30.04 rows=960 width=0)
	              Index Cond: ((id >= 9448971) AND (id <= 9449970))

table 5 : explain SELECT c FROM sbtest5 WHERE id BETWEEN 6793766 AND 6794765 ORDER BY c
	Sort  (cost=4268.83..4271.55 rows=1089 width=121)
	  Sort Key: c
	  ->  Bitmap Heap Scan on sbtest5  (cost=31.60..4213.90 rows=1089 width=121)
	        Recheck Cond: ((id >= 6793766) AND (id <= 6794765))
	        ->  Bitmap Index Scan on sbtest5_pkey  (cost=0.00..31.32 rows=1089 width=0)
	              Index Cond: ((id >= 6793766) AND (id <= 6794765))

table 6 : explain SELECT c FROM sbtest6 WHERE id BETWEEN 5854144 AND 5855143 ORDER BY c
	Sort  (cost=3886.67..3889.15 rows=990 width=121)
	  Sort Key: c
	  ->  Bitmap Heap Scan on sbtest6  (cost=30.58..3837.41 rows=990 width=121)
	        Recheck Cond: ((id >= 5854144) AND (id <= 5855143))
	        ->  Bitmap Index Scan on sbtest6_pkey  (cost=0.00..30.33 rows=990 width=0)
	              Index Cond: ((id >= 5854144) AND (id <= 5855143))

table 7 : explain SELECT c FROM sbtest7 WHERE id BETWEEN 5617881 AND 5618880 ORDER BY c
	Sort  (cost=4383.82..4386.61 rows=1118 width=121)
	  Sort Key: c
	  ->  Bitmap Heap Scan on sbtest7  (cost=35.89..4327.21 rows=1118 width=121)
	        Recheck Cond: ((id >= 5617881) AND (id <= 5618880))
	        ->  Bitmap Index Scan on sbtest7_pkey  (cost=0.00..35.62 rows=1118 width=0)
	              Index Cond: ((id >= 5617881) AND (id <= 5618880))

table 8 : explain SELECT c FROM sbtest8 WHERE id BETWEEN 9730125 AND 9731124 ORDER BY c
	Sort  (cost=4147.47..4150.12 rows=1058 width=121)
	  Sort Key: c
	  ->  Bitmap Heap Scan on sbtest8  (cost=31.28..4094.33 rows=1058 width=121)
	        Recheck Cond: ((id >= 9730125) AND (id <= 9731124))
	        ->  Bitmap Index Scan on sbtest8_pkey  (cost=0.00..31.01 rows=1058 width=0)
	              Index Cond: ((id >= 9730125) AND (id <= 9731124))

for: simple_ranges
table 1 : explain SELECT c FROM sbtest1 WHERE id BETWEEN 2014941 AND 2015940
	Bitmap Heap Scan on sbtest1  (cost=30.73..3886.35 rows=1004 width=121)
	  Recheck Cond: ((id >= 2014941) AND (id <= 2015940))
	  ->  Bitmap Index Scan on sbtest1_pkey  (cost=0.00..30.47 rows=1004 width=0)
	        Index Cond: ((id >= 2014941) AND (id <= 2015940))

table 2 : explain SELECT c FROM sbtest2 WHERE id BETWEEN 7641430 AND 7642429
	Bitmap Heap Scan on sbtest2  (cost=30.14..3672.64 rows=947 width=121)
	  Recheck Cond: ((id >= 7641430) AND (id <= 7642429))
	  ->  Bitmap Index Scan on sbtest2_pkey  (cost=0.00..29.90 rows=947 width=0)
	        Index Cond: ((id >= 7641430) AND (id <= 7642429))

table 3 : explain SELECT c FROM sbtest3 WHERE id BETWEEN 4443628 AND 4444627
	Bitmap Heap Scan on sbtest3  (cost=30.61..3846.87 rows=993 width=121)
	  Recheck Cond: ((id >= 4443628) AND (id <= 4444627))
	  ->  Bitmap Index Scan on sbtest3_pkey  (cost=0.00..30.36 rows=993 width=0)
	        Index Cond: ((id >= 4443628) AND (id <= 4444627))

table 4 : explain SELECT c FROM sbtest4 WHERE id BETWEEN 3148554 AND 3149553
	Bitmap Heap Scan on sbtest4  (cost=30.78..3907.16 rows=1009 width=121)
	  Recheck Cond: ((id >= 3148554) AND (id <= 3149553))
	  ->  Bitmap Index Scan on sbtest4_pkey  (cost=0.00..30.52 rows=1009 width=0)
	        Index Cond: ((id >= 3148554) AND (id <= 3149553))

table 5 : explain SELECT c FROM sbtest5 WHERE id BETWEEN 2855894 AND 2856893
	Bitmap Heap Scan on sbtest5  (cost=31.52..4183.74 rows=1081 width=121)
	  Recheck Cond: ((id >= 2855894) AND (id <= 2856893))
	  ->  Bitmap Index Scan on sbtest5_pkey  (cost=0.00..31.25 rows=1081 width=0)
	        Index Cond: ((id >= 2855894) AND (id <= 2856893))

table 6 : explain SELECT c FROM sbtest6 WHERE id BETWEEN 919362 AND 920361
	Bitmap Heap Scan on sbtest6  (cost=31.55..4191.85 rows=1084 width=121)
	  Recheck Cond: ((id >= 919362) AND (id <= 920361))
	  ->  Bitmap Index Scan on sbtest6_pkey  (cost=0.00..31.27 rows=1084 width=0)
	        Index Cond: ((id >= 919362) AND (id <= 920361))

table 7 : explain SELECT c FROM sbtest7 WHERE id BETWEEN 6508941 AND 6509940
	Bitmap Heap Scan on sbtest7  (cost=30.29..3730.56 rows=961 width=121)
	  Recheck Cond: ((id >= 6508941) AND (id <= 6509940))
	  ->  Bitmap Index Scan on sbtest7_pkey  (cost=0.00..30.04 rows=961 width=0)
	        Index Cond: ((id >= 6508941) AND (id <= 6509940))

table 8 : explain SELECT c FROM sbtest8 WHERE id BETWEEN 3872367 AND 3873366
	Bitmap Heap Scan on sbtest8  (cost=30.61..3849.10 rows=993 width=121)
	  Recheck Cond: ((id >= 3872367) AND (id <= 3873366))
	  ->  Bitmap Index Scan on sbtest8_pkey  (cost=0.00..30.36 rows=993 width=0)
	        Index Cond: ((id >= 3872367) AND (id <= 3873366))

for: order_ranges
table 1 : explain SELECT c FROM sbtest1 WHERE id BETWEEN 1949972 AND 1950971 ORDER BY c
	Sort  (cost=3970.83..3973.37 rows=1013 width=121)
	  Sort Key: c
	  ->  Bitmap Heap Scan on sbtest1  (cost=30.82..3920.26 rows=1013 width=121)
	        Recheck Cond: ((id >= 1949972) AND (id <= 1950971))
	        ->  Bitmap Index Scan on sbtest1_pkey  (cost=0.00..30.57 rows=1013 width=0)
	              Index Cond: ((id >= 1949972) AND (id <= 1950971))

table 2 : explain SELECT c FROM sbtest2 WHERE id BETWEEN 893971 AND 894970 ORDER BY c
	Sort  (cost=3723.29..3725.66 rows=948 width=121)
	  Sort Key: c
	  ->  Bitmap Heap Scan on sbtest2  (cost=30.15..3676.42 rows=948 width=121)
	        Recheck Cond: ((id >= 893971) AND (id <= 894970))
	        ->  Bitmap Index Scan on sbtest2_pkey  (cost=0.00..29.91 rows=948 width=0)
	              Index Cond: ((id >= 893971) AND (id <= 894970))

table 3 : explain SELECT c FROM sbtest3 WHERE id BETWEEN 7007593 AND 7008592 ORDER BY c
	Sort  (cost=4018.80..4021.36 rows=1025 width=121)
	  Sort Key: c
	  ->  Bitmap Heap Scan on sbtest3  (cost=30.94..3967.54 rows=1025 width=121)
	        Recheck Cond: ((id >= 7007593) AND (id <= 7008592))
	        ->  Bitmap Index Scan on sbtest3_pkey  (cost=0.00..30.68 rows=1025 width=0)
	              Index Cond: ((id >= 7007593) AND (id <= 7008592))

table 4 : explain SELECT c FROM sbtest4 WHERE id BETWEEN 3042955 AND 3043954 ORDER BY c
	Sort  (cost=3968.99..3971.52 rows=1012 width=121)
	  Sort Key: c
	  ->  Bitmap Heap Scan on sbtest4  (cost=30.81..3918.47 rows=1012 width=121)
	        Recheck Cond: ((id >= 3042955) AND (id <= 3043954))
	        ->  Bitmap Index Scan on sbtest4_pkey  (cost=0.00..30.55 rows=1012 width=0)
	              Index Cond: ((id >= 3042955) AND (id <= 3043954))

table 5 : explain SELECT c FROM sbtest5 WHERE id BETWEEN 5211799 AND 5212798 ORDER BY c
	Sort  (cost=4203.77..4206.45 rows=1072 width=121)
	  Sort Key: c
	  ->  Bitmap Heap Scan on sbtest5  (cost=31.42..4149.81 rows=1072 width=121)
	        Recheck Cond: ((id >= 5211799) AND (id <= 5212798))
	        ->  Bitmap Index Scan on sbtest5_pkey  (cost=0.00..31.15 rows=1072 width=0)
	              Index Cond: ((id >= 5211799) AND (id <= 5212798))

table 6 : explain SELECT c FROM sbtest6 WHERE id BETWEEN 7211431 AND 7212430 ORDER BY c
	Sort  (cost=3982.47..3985.01 rows=1015 width=121)
	  Sort Key: c
	  ->  Bitmap Heap Scan on sbtest6  (cost=30.84..3931.78 rows=1015 width=121)
	        Recheck Cond: ((id >= 7211431) AND (id <= 7212430))
	        ->  Bitmap Index Scan on sbtest6_pkey  (cost=0.00..30.58 rows=1015 width=0)
	              Index Cond: ((id >= 7211431) AND (id <= 7212430))

table 7 : explain SELECT c FROM sbtest7 WHERE id BETWEEN 1292240 AND 1293239 ORDER BY c
	Sort  (cost=3993.10..3995.64 rows=1017 width=121)
	  Sort Key: c
	  ->  Bitmap Heap Scan on sbtest7  (cost=30.86..3942.30 rows=1017 width=121)
	        Recheck Cond: ((id >= 1292240) AND (id <= 1293239))
	        ->  Bitmap Index Scan on sbtest7_pkey  (cost=0.00..30.61 rows=1017 width=0)
	              Index Cond: ((id >= 1292240) AND (id <= 1293239))

table 8 : explain SELECT c FROM sbtest8 WHERE id BETWEEN 1115190 AND 1116189 ORDER BY c
	Sort  (cost=3729.74..3732.11 rows=949 width=121)
	  Sort Key: c
	  ->  Bitmap Heap Scan on sbtest8  (cost=30.16..3682.81 rows=949 width=121)
	        Recheck Cond: ((id >= 1115190) AND (id <= 1116189))
	        ->  Bitmap Index Scan on sbtest8_pkey  (cost=0.00..29.93 rows=949 width=0)
	              Index Cond: ((id >= 1115190) AND (id <= 1116189))

for: sum_ranges
table 1 : explain SELECT SUM(k) FROM sbtest1 WHERE id BETWEEN 5068054 AND 5069053
	Aggregate  (cost=3794.53..3794.54 rows=1 width=8)
	  ->  Bitmap Heap Scan on sbtest1  (cost=30.47..3792.09 rows=979 width=4)
	        Recheck Cond: ((id >= 5068054) AND (id <= 5069053))
	        ->  Bitmap Index Scan on sbtest1_pkey  (cost=0.00..30.22 rows=979 width=0)
	              Index Cond: ((id >= 5068054) AND (id <= 5069053))

table 2 : explain SELECT SUM(k) FROM sbtest2 WHERE id BETWEEN 2121190 AND 2122189
	Aggregate  (cost=4120.26..4120.27 rows=1 width=8)
	  ->  Bitmap Heap Scan on sbtest2  (cost=31.35..4117.60 rows=1065 width=4)
	        Recheck Cond: ((id >= 2121190) AND (id <= 2122189))
	        ->  Bitmap Index Scan on sbtest2_pkey  (cost=0.00..31.08 rows=1065 width=0)
	              Index Cond: ((id >= 2121190) AND (id <= 2122189))

table 3 : explain SELECT SUM(k) FROM sbtest3 WHERE id BETWEEN 6658927 AND 6659926
	Aggregate  (cost=3970.11..3970.12 rows=1 width=8)
	  ->  Bitmap Heap Scan on sbtest3  (cost=30.94..3967.54 rows=1025 width=4)
	        Recheck Cond: ((id >= 6658927) AND (id <= 6659926))
	        ->  Bitmap Index Scan on sbtest3_pkey  (cost=0.00..30.68 rows=1025 width=0)
	              Index Cond: ((id >= 6658927) AND (id <= 6659926))

table 4 : explain SELECT SUM(k) FROM sbtest4 WHERE id BETWEEN 6471421 AND 6472420
	Aggregate  (cost=3834.18..3834.19 rows=1 width=8)
	  ->  Bitmap Heap Scan on sbtest4  (cost=30.57..3831.71 rows=989 width=4)
	        Recheck Cond: ((id >= 6471421) AND (id <= 6472420))
	        ->  Bitmap Index Scan on sbtest4_pkey  (cost=0.00..30.32 rows=989 width=0)
	              Index Cond: ((id >= 6471421) AND (id <= 6472420))

table 5 : explain SELECT SUM(k) FROM sbtest5 WHERE id BETWEEN 6970175 AND 6971174
	Aggregate  (cost=3880.50..3880.51 rows=1 width=8)
	  ->  Bitmap Heap Scan on sbtest5  (cost=30.68..3878.00 rows=1000 width=4)
	        Recheck Cond: ((id >= 6970175) AND (id <= 6971174))
	        ->  Bitmap Index Scan on sbtest5_pkey  (cost=0.00..30.43 rows=1000 width=0)
	              Index Cond: ((id >= 6970175) AND (id <= 6971174))

table 6 : explain SELECT SUM(k) FROM sbtest6 WHERE id BETWEEN 631554 AND 632553
	Aggregate  (cost=3646.99..3647.00 rows=1 width=8)
	  ->  Bitmap Heap Scan on sbtest6  (cost=30.06..3644.65 rows=939 width=4)
	        Recheck Cond: ((id >= 631554) AND (id <= 632553))
	        ->  Bitmap Index Scan on sbtest6_pkey  (cost=0.00..29.82 rows=939 width=0)
	              Index Cond: ((id >= 631554) AND (id <= 632553))

table 7 : explain SELECT SUM(k) FROM sbtest7 WHERE id BETWEEN 8385838 AND 8386837
	Aggregate  (cost=3600.35..3600.36 rows=1 width=8)
	  ->  Bitmap Heap Scan on sbtest7  (cost=29.93..3598.03 rows=926 width=4)
	        Recheck Cond: ((id >= 8385838) AND (id <= 8386837))
	        ->  Bitmap Index Scan on sbtest7_pkey  (cost=0.00..29.69 rows=926 width=0)
	              Index Cond: ((id >= 8385838) AND (id <= 8386837))

table 8 : explain SELECT SUM(k) FROM sbtest8 WHERE id BETWEEN 3333739 AND 3334738
	Aggregate  (cost=3643.54..3643.55 rows=1 width=8)
	  ->  Bitmap Heap Scan on sbtest8  (cost=30.05..3641.20 rows=938 width=4)
	        Recheck Cond: ((id >= 3333739) AND (id <= 3334738))
	        ->  Bitmap Index Scan on sbtest8_pkey  (cost=0.00..29.82 rows=938 width=0)
	              Index Cond: ((id >= 3333739) AND (id <= 3334738))

for: simple_ranges
table 1 : explain SELECT c FROM sbtest1 WHERE id BETWEEN 1272085 AND 1273084
	Bitmap Heap Scan on sbtest1  (cost=30.35..3746.81 rows=967 width=121)
	  Recheck Cond: ((id >= 1272085) AND (id <= 1273084))
	  ->  Bitmap Index Scan on sbtest1_pkey  (cost=0.00..30.11 rows=967 width=0)
	        Index Cond: ((id >= 1272085) AND (id <= 1273084))

table 2 : explain SELECT c FROM sbtest2 WHERE id BETWEEN 9879776 AND 9880775
	Bitmap Heap Scan on sbtest2  (cost=30.30..3729.30 rows=962 width=121)
	  Recheck Cond: ((id >= 9879776) AND (id <= 9880775))
	  ->  Bitmap Index Scan on sbtest2_pkey  (cost=0.00..30.05 rows=962 width=0)
	        Index Cond: ((id >= 9879776) AND (id <= 9880775))

table 3 : explain SELECT c FROM sbtest3 WHERE id BETWEEN 6797303 AND 6798302
	Bitmap Heap Scan on sbtest3  (cost=30.43..3778.93 rows=975 width=121)
	  Recheck Cond: ((id >= 6797303) AND (id <= 6798302))
	  ->  Bitmap Index Scan on sbtest3_pkey  (cost=0.00..30.18 rows=975 width=0)
	        Index Cond: ((id >= 6797303) AND (id <= 6798302))

table 4 : explain SELECT c FROM sbtest4 WHERE id BETWEEN 5333644 AND 5334643
	Bitmap Heap Scan on sbtest4  (cost=30.78..3907.16 rows=1009 width=121)
	  Recheck Cond: ((id >= 5333644) AND (id <= 5334643))
	  ->  Bitmap Index Scan on sbtest4_pkey  (cost=0.00..30.52 rows=1009 width=0)
	        Index Cond: ((id >= 5333644) AND (id <= 5334643))

table 5 : explain SELECT c FROM sbtest5 WHERE id BETWEEN 2873003 AND 2874002
	Bitmap Heap Scan on sbtest5  (cost=31.52..4183.74 rows=1081 width=121)
	  Recheck Cond: ((id >= 2873003) AND (id <= 2874002))
	  ->  Bitmap Index Scan on sbtest5_pkey  (cost=0.00..31.25 rows=1081 width=0)
	        Index Cond: ((id >= 2873003) AND (id <= 2874002))

table 6 : explain SELECT c FROM sbtest6 WHERE id BETWEEN 6557757 AND 6558756
	Bitmap Heap Scan on sbtest6  (cost=30.65..3863.84 rows=997 width=121)
	  Recheck Cond: ((id >= 6557757) AND (id <= 6558756))
	  ->  Bitmap Index Scan on sbtest6_pkey  (cost=0.00..30.40 rows=997 width=0)
	        Index Cond: ((id >= 6557757) AND (id <= 6558756))

table 7 : explain SELECT c FROM sbtest7 WHERE id BETWEEN 9709718 AND 9710717
	Bitmap Heap Scan on sbtest7  (cost=30.56..3832.70 rows=988 width=121)
	  Recheck Cond: ((id >= 9709718) AND (id <= 9710717))
	  ->  Bitmap Index Scan on sbtest7_pkey  (cost=0.00..30.32 rows=988 width=0)
	        Index Cond: ((id >= 9709718) AND (id <= 9710717))

table 8 : explain SELECT c FROM sbtest8 WHERE id BETWEEN 5561387 AND 5562386
	Bitmap Heap Scan on sbtest8  (cost=31.49..4173.44 rows=1079 width=121)
	  Recheck Cond: ((id >= 5561387) AND (id <= 5562386))
	  ->  Bitmap Index Scan on sbtest8_pkey  (cost=0.00..31.22 rows=1079 width=0)
	        Index Cond: ((id >= 5561387) AND (id <= 5562386))

explain: for point_selects :: explain SELECT c FROM sbtest%u WHERE id=%u
for: simple_ranges
table 1 : explain SELECT c FROM sbtest1 WHERE id BETWEEN 2695545 AND 2696544
	Bitmap Heap Scan on sbtest1  (cost=25.42..3402.65 rows=877 width=121)
	  Recheck Cond: ((id >= 2695545) AND (id <= 2696544))
	  ->  Bitmap Index Scan on sbtest1_pkey  (cost=0.00..25.20 rows=877 width=0)
	        Index Cond: ((id >= 2695545) AND (id <= 2696544))

table 2 : explain SELECT c FROM sbtest2 WHERE id BETWEEN 7387599 AND 7388598
	Bitmap Heap Scan on sbtest2  (cost=31.31..4102.55 rows=1061 width=121)
	  Recheck Cond: ((id >= 7387599) AND (id <= 7388598))
	  ->  Bitmap Index Scan on sbtest2_pkey  (cost=0.00..31.04 rows=1061 width=0)
	        Index Cond: ((id >= 7387599) AND (id <= 7388598))

table 3 : explain SELECT c FROM sbtest3 WHERE id BETWEEN 8900940 AND 8901939
	Bitmap Heap Scan on sbtest3  (cost=30.83..3926.08 rows=1014 width=121)
	  Recheck Cond: ((id >= 8900940) AND (id <= 8901939))
	  ->  Bitmap Index Scan on sbtest3_pkey  (cost=0.00..30.57 rows=1014 width=0)
	        Index Cond: ((id >= 8900940) AND (id <= 8901939))

table 4 : explain SELECT c FROM sbtest4 WHERE id BETWEEN 6425364 AND 6426363
	Bitmap Heap Scan on sbtest4  (cost=30.57..3831.71 rows=989 width=121)
	  Recheck Cond: ((id >= 6425364) AND (id <= 6426363))
	  ->  Bitmap Index Scan on sbtest4_pkey  (cost=0.00..30.32 rows=989 width=0)
	        Index Cond: ((id >= 6425364) AND (id <= 6426363))

table 5 : explain SELECT c FROM sbtest5 WHERE id BETWEEN 1745318 AND 1746317
	Bitmap Heap Scan on sbtest5  (cost=30.38..3764.56 rows=970 width=121)
	  Recheck Cond: ((id >= 1745318) AND (id <= 1746317))
	  ->  Bitmap Index Scan on sbtest5_pkey  (cost=0.00..30.14 rows=970 width=0)
	        Index Cond: ((id >= 1745318) AND (id <= 1746317))

table 6 : explain SELECT c FROM sbtest6 WHERE id BETWEEN 4117034 AND 4118033
	Bitmap Heap Scan on sbtest6  (cost=30.78..3909.14 rows=1009 width=121)
	  Recheck Cond: ((id >= 4117034) AND (id <= 4118033))
	  ->  Bitmap Index Scan on sbtest6_pkey  (cost=0.00..30.52 rows=1009 width=0)
	        Index Cond: ((id >= 4117034) AND (id <= 4118033))

table 7 : explain SELECT c FROM sbtest7 WHERE id BETWEEN 992862 AND 993861
	Bitmap Heap Scan on sbtest7  (cost=31.14..4044.24 rows=1044 width=121)
	  Recheck Cond: ((id >= 992862) AND (id <= 993861))
	  ->  Bitmap Index Scan on sbtest7_pkey  (cost=0.00..30.87 rows=1044 width=0)
	        Index Cond: ((id >= 992862) AND (id <= 993861))

table 8 : explain SELECT c FROM sbtest8 WHERE id BETWEEN 5385131 AND 5386130
	Bitmap Heap Scan on sbtest8  (cost=30.72..3886.87 rows=1003 width=121)
	  Recheck Cond: ((id >= 5385131) AND (id <= 5386130))
	  ->  Bitmap Index Scan on sbtest8_pkey  (cost=0.00..30.46 rows=1003 width=0)
	        Index Cond: ((id >= 5385131) AND (id <= 5386130))

for: distinct_ranges
table 1 : explain SELECT DISTINCT c FROM sbtest1 WHERE id BETWEEN 7297598 AND 7298597 ORDER BY c
	Unique  (cost=4173.38..4178.71 rows=1066 width=121)
	  ->  Sort  (cost=4173.38..4176.05 rows=1066 width=121)
	        Sort Key: c
	        ->  Bitmap Heap Scan on sbtest1  (cost=31.36..4119.78 rows=1066 width=121)
	              Recheck Cond: ((id >= 7297598) AND (id <= 7298597))
	              ->  Bitmap Index Scan on sbtest1_pkey  (cost=0.00..31.09 rows=1066 width=0)
	                    Index Cond: ((id >= 7297598) AND (id <= 7298597))

table 2 : explain SELECT DISTINCT c FROM sbtest2 WHERE id BETWEEN 5755478 AND 5756477 ORDER BY c
	Unique  (cost=3826.79..3831.67 rows=975 width=121)
	  ->  Sort  (cost=3826.79..3829.23 rows=975 width=121)
	        Sort Key: c
	        ->  Bitmap Heap Scan on sbtest2  (cost=30.43..3778.39 rows=975 width=121)
	              Recheck Cond: ((id >= 5755478) AND (id <= 5756477))
	              ->  Bitmap Index Scan on sbtest2_pkey  (cost=0.00..30.18 rows=975 width=0)
	                    Index Cond: ((id >= 5755478) AND (id <= 5756477))

table 3 : explain SELECT DISTINCT c FROM sbtest3 WHERE id BETWEEN 2746695 AND 2747694 ORDER BY c
	Unique  (cost=4294.00..4299.49 rows=1097 width=121)
	  ->  Sort  (cost=4294.00..4296.75 rows=1097 width=121)
	        Sort Key: c
	        ->  Bitmap Heap Scan on sbtest3  (cost=31.68..4238.61 rows=1097 width=121)
	              Recheck Cond: ((id >= 2746695) AND (id <= 2747694))
	              ->  Bitmap Index Scan on sbtest3_pkey  (cost=0.00..31.40 rows=1097 width=0)
	                    Index Cond: ((id >= 2746695) AND (id <= 2747694))

table 4 : explain SELECT DISTINCT c FROM sbtest4 WHERE id BETWEEN 6289640 AND 6290639 ORDER BY c
	Unique  (cost=3961.33..3966.38 rows=1010 width=121)
	  ->  Sort  (cost=3961.33..3963.86 rows=1010 width=121)
	        Sort Key: c
	        ->  Bitmap Heap Scan on sbtest4  (cost=30.79..3910.93 rows=1010 width=121)
	              Recheck Cond: ((id >= 6289640) AND (id <= 6290639))
	              ->  Bitmap Index Scan on sbtest4_pkey  (cost=0.00..30.54 rows=1010 width=0)
	                    Index Cond: ((id >= 6289640) AND (id <= 6290639))

table 5 : explain SELECT DISTINCT c FROM sbtest5 WHERE id BETWEEN 2511973 AND 2512972 ORDER BY c
	Unique  (cost=3716.65..3721.37 rows=945 width=121)
	  ->  Sort  (cost=3716.65..3719.01 rows=945 width=121)
	        Sort Key: c
	        ->  Bitmap Heap Scan on sbtest5  (cost=30.12..3669.95 rows=945 width=121)
	              Recheck Cond: ((id >= 2511973) AND (id <= 2512972))
	              ->  Bitmap Index Scan on sbtest5_pkey  (cost=0.00..29.89 rows=945 width=0)
	                    Index Cond: ((id >= 2511973) AND (id <= 2512972))

table 6 : explain SELECT DISTINCT c FROM sbtest6 WHERE id BETWEEN 6065883 AND 6066882 ORDER BY c
	Unique  (cost=3867.50..3872.43 rows=985 width=121)
	  ->  Sort  (cost=3867.50..3869.96 rows=985 width=121)
	        Sort Key: c
	        ->  Bitmap Heap Scan on sbtest6  (cost=30.53..3818.53 rows=985 width=121)
	              Recheck Cond: ((id >= 6065883) AND (id <= 6066882))
	              ->  Bitmap Index Scan on sbtest6_pkey  (cost=0.00..30.29 rows=985 width=0)
	                    Index Cond: ((id >= 6065883) AND (id <= 6066882))

table 7 : explain SELECT DISTINCT c FROM sbtest7 WHERE id BETWEEN 6802983 AND 6803982 ORDER BY c
	Unique  (cost=3851.13..3856.03 rows=980 width=121)
	  ->  Sort  (cost=3851.13..3853.58 rows=980 width=121)
	        Sort Key: c
	        ->  Bitmap Heap Scan on sbtest7  (cost=30.48..3802.44 rows=980 width=121)
	              Recheck Cond: ((id >= 6802983) AND (id <= 6803982))
	              ->  Bitmap Index Scan on sbtest7_pkey  (cost=0.00..30.23 rows=980 width=0)
	                    Index Cond: ((id >= 6802983) AND (id <= 6803982))

table 8 : explain SELECT DISTINCT c FROM sbtest8 WHERE id BETWEEN 1385042 AND 1386041 ORDER BY c
	Unique  (cost=4047.96..4053.12 rows=1032 width=121)
	  ->  Sort  (cost=4047.96..4050.54 rows=1032 width=121)
	        Sort Key: c
	        ->  Bitmap Heap Scan on sbtest8  (cost=31.01..3996.30 rows=1032 width=121)
	              Recheck Cond: ((id >= 1385042) AND (id <= 1386041))
	              ->  Bitmap Index Scan on sbtest8_pkey  (cost=0.00..30.75 rows=1032 width=0)
	                    Index Cond: ((id >= 1385042) AND (id <= 1386041))

for point_selects
table 1 : explain SELECT c FROM sbtest1 WHERE id=4584962
	Index Scan using sbtest1_pkey on sbtest1  (cost=0.43..8.45 rows=1 width=121)
	  Index Cond: (id = 4584962)

table 2 : explain SELECT c FROM sbtest2 WHERE id=6459348
	Index Scan using sbtest2_pkey on sbtest2  (cost=0.43..8.45 rows=1 width=121)
	  Index Cond: (id = 6459348)

table 3 : explain SELECT c FROM sbtest3 WHERE id=5659077
	Index Scan using sbtest3_pkey on sbtest3  (cost=0.43..8.45 rows=1 width=121)
	  Index Cond: (id = 5659077)

table 4 : explain SELECT c FROM sbtest4 WHERE id=6230999
	Index Scan using sbtest4_pkey on sbtest4  (cost=0.43..8.45 rows=1 width=121)
	  Index Cond: (id = 6230999)

table 5 : explain SELECT c FROM sbtest5 WHERE id=92666
	Index Scan using sbtest5_pkey on sbtest5  (cost=0.43..8.45 rows=1 width=121)
	  Index Cond: (id = 92666)

table 6 : explain SELECT c FROM sbtest6 WHERE id=9802100
	Index Scan using sbtest6_pkey on sbtest6  (cost=0.43..8.45 rows=1 width=121)
	  Index Cond: (id = 9802100)

table 7 : explain SELECT c FROM sbtest7 WHERE id=3038098
	Index Scan using sbtest7_pkey on sbtest7  (cost=0.43..8.45 rows=1 width=121)
	  Index Cond: (id = 3038098)

table 8 : explain SELECT c FROM sbtest8 WHERE id=6685486
	Index Scan using sbtest8_pkey on sbtest8  (cost=0.43..8.45 rows=1 width=121)
	  Index Cond: (id = 6685486)

for: simple_ranges
table 1 : explain SELECT c FROM sbtest1 WHERE id BETWEEN 9007360 AND 9008359
	Bitmap Heap Scan on sbtest1  (cost=30.97..3976.77 rows=1028 width=121)
	  Recheck Cond: ((id >= 9007360) AND (id <= 9008359))
	  ->  Bitmap Index Scan on sbtest1_pkey  (cost=0.00..30.71 rows=1028 width=0)
	        Index Cond: ((id >= 9007360) AND (id <= 9008359))

table 2 : explain SELECT c FROM sbtest2 WHERE id BETWEEN 5337805 AND 5338804
	Bitmap Heap Scan on sbtest2  (cost=30.18..3687.76 rows=951 width=121)
	  Recheck Cond: ((id >= 5337805) AND (id <= 5338804))
	  ->  Bitmap Index Scan on sbtest2_pkey  (cost=0.00..29.94 rows=951 width=0)
	        Index Cond: ((id >= 5337805) AND (id <= 5338804))

table 3 : explain SELECT c FROM sbtest3 WHERE id BETWEEN 1478751 AND 1479750
	Bitmap Heap Scan on sbtest3  (cost=31.21..4065.50 rows=1051 width=121)
	  Recheck Cond: ((id >= 1478751) AND (id <= 1479750))
	  ->  Bitmap Index Scan on sbtest3_pkey  (cost=0.00..30.94 rows=1051 width=0)
	        Index Cond: ((id >= 1478751) AND (id <= 1479750))

table 4 : explain SELECT c FROM sbtest4 WHERE id BETWEEN 7383477 AND 7384476
	Bitmap Heap Scan on sbtest4  (cost=31.26..4084.27 rows=1056 width=121)
	  Recheck Cond: ((id >= 7383477) AND (id <= 7384476))
	  ->  Bitmap Index Scan on sbtest4_pkey  (cost=0.00..31.00 rows=1056 width=0)
	        Index Cond: ((id >= 7383477) AND (id <= 7384476))

table 5 : explain SELECT c FROM sbtest5 WHERE id BETWEEN 7518419 AND 7519418
	Bitmap Heap Scan on sbtest5  (cost=30.41..3775.91 rows=973 width=121)
	  Recheck Cond: ((id >= 7518419) AND (id <= 7519418))
	  ->  Bitmap Index Scan on sbtest5_pkey  (cost=0.00..30.16 rows=973 width=0)
	        Index Cond: ((id >= 7518419) AND (id <= 7519418))

table 6 : explain SELECT c FROM sbtest6 WHERE id BETWEEN 23125 AND 24124
	Bitmap Heap Scan on sbtest6  (cost=30.72..3886.49 rows=1003 width=121)
	  Recheck Cond: ((id >= 23125) AND (id <= 24124))
	  ->  Bitmap Index Scan on sbtest6_pkey  (cost=0.00..30.46 rows=1003 width=0)
	        Index Cond: ((id >= 23125) AND (id <= 24124))

table 7 : explain SELECT c FROM sbtest7 WHERE id BETWEEN 1539439 AND 1540438
	Bitmap Heap Scan on sbtest7  (cost=31.38..4134.79 rows=1068 width=121)
	  Recheck Cond: ((id >= 1539439) AND (id <= 1540438))
	  ->  Bitmap Index Scan on sbtest7_pkey  (cost=0.00..31.11 rows=1068 width=0)
	        Index Cond: ((id >= 1539439) AND (id <= 1540438))

table 8 : explain SELECT c FROM sbtest8 WHERE id BETWEEN 682299 AND 683298
	Bitmap Heap Scan on sbtest8  (cost=25.53..3444.06 rows=887 width=121)
	  Recheck Cond: ((id >= 682299) AND (id <= 683298))
	  ->  Bitmap Index Scan on sbtest8_pkey  (cost=0.00..25.30 rows=887 width=0)
	        Index Cond: ((id >= 682299) AND (id <= 683298))

explain: for point_selects :: explain SELECT c FROM sbtest%u WHERE id=%u
explain: for point_selects :: explain SELECT c FROM sbtest%u WHERE id=%u
for: order_ranges
table 1 : explain SELECT c FROM sbtest1 WHERE id BETWEEN 6241508 AND 6242507 ORDER BY c
	Sort  (cost=3741.13..3743.51 rows=953 width=121)
	  Sort Key: c
	  ->  Bitmap Heap Scan on sbtest1  (cost=30.20..3693.97 rows=953 width=121)
	        Recheck Cond: ((id >= 6241508) AND (id <= 6242507))
	        ->  Bitmap Index Scan on sbtest1_pkey  (cost=0.00..29.96 rows=953 width=0)
	              Index Cond: ((id >= 6241508) AND (id <= 6242507))

table 2 : explain SELECT c FROM sbtest2 WHERE id BETWEEN 760037 AND 761036 ORDER BY c
	Sort  (cost=3750.14..3752.52 rows=955 width=121)
	  Sort Key: c
	  ->  Bitmap Heap Scan on sbtest2  (cost=30.22..3702.87 rows=955 width=121)
	        Recheck Cond: ((id >= 760037) AND (id <= 761036))
	        ->  Bitmap Index Scan on sbtest2_pkey  (cost=0.00..29.98 rows=955 width=0)
	              Index Cond: ((id >= 760037) AND (id <= 761036))

table 3 : explain SELECT c FROM sbtest3 WHERE id BETWEEN 9127056 AND 9128055 ORDER BY c
	Sort  (cost=3984.36..3986.90 rows=1016 width=121)
	  Sort Key: c
	  ->  Bitmap Heap Scan on sbtest3  (cost=30.85..3933.62 rows=1016 width=121)
	        Recheck Cond: ((id >= 9127056) AND (id <= 9128055))
	        ->  Bitmap Index Scan on sbtest3_pkey  (cost=0.00..30.59 rows=1016 width=0)
	              Index Cond: ((id >= 9127056) AND (id <= 9128055))

table 4 : explain SELECT c FROM sbtest4 WHERE id BETWEEN 8775465 AND 8776464 ORDER BY c
	Sort  (cost=3976.64..3979.18 rows=1014 width=121)
	  Sort Key: c
	  ->  Bitmap Heap Scan on sbtest4  (cost=30.83..3926.01 rows=1014 width=121)
	        Recheck Cond: ((id >= 8775465) AND (id <= 8776464))
	        ->  Bitmap Index Scan on sbtest4_pkey  (cost=0.00..30.57 rows=1014 width=0)
	              Index Cond: ((id >= 8775465) AND (id <= 8776464))

table 5 : explain SELECT c FROM sbtest5 WHERE id BETWEEN 8131420 AND 8132419 ORDER BY c
	Sort  (cost=4004.54..4007.09 rows=1020 width=121)
	  Sort Key: c
	  ->  Bitmap Heap Scan on sbtest5  (cost=30.89..3953.57 rows=1020 width=121)
	        Recheck Cond: ((id >= 8131420) AND (id <= 8132419))
	        ->  Bitmap Index Scan on sbtest5_pkey  (cost=0.00..30.64 rows=1020 width=0)
	              Index Cond: ((id >= 8131420) AND (id <= 8132419))

table 6 : explain SELECT c FROM sbtest6 WHERE id BETWEEN 7950612 AND 7951611 ORDER BY c
	Sort  (cost=4101.16..4103.77 rows=1046 width=121)
	  Sort Key: c
	  ->  Bitmap Heap Scan on sbtest6  (cost=31.16..4048.70 rows=1046 width=121)
	        Recheck Cond: ((id >= 7950612) AND (id <= 7951611))
	        ->  Bitmap Index Scan on sbtest6_pkey  (cost=0.00..30.89 rows=1046 width=0)
	              Index Cond: ((id >= 7950612) AND (id <= 7951611))

table 7 : explain SELECT c FROM sbtest7 WHERE id BETWEEN 97748 AND 98747 ORDER BY c
	Sort  (cost=4096.59..4099.20 rows=1044 width=121)
	  Sort Key: c
	  ->  Bitmap Heap Scan on sbtest7  (cost=31.14..4044.24 rows=1044 width=121)
	        Recheck Cond: ((id >= 97748) AND (id <= 98747))
	        ->  Bitmap Index Scan on sbtest7_pkey  (cost=0.00..30.87 rows=1044 width=0)
	              Index Cond: ((id >= 97748) AND (id <= 98747))

table 8 : explain SELECT c FROM sbtest8 WHERE id BETWEEN 9284385 AND 9285384 ORDER BY c
	Sort  (cost=3710.54..3712.90 rows=944 width=121)
	  Sort Key: c
	  ->  Bitmap Heap Scan on sbtest8  (cost=30.11..3663.90 rows=944 width=121)
	        Recheck Cond: ((id >= 9284385) AND (id <= 9285384))
	        ->  Bitmap Index Scan on sbtest8_pkey  (cost=0.00..29.87 rows=944 width=0)
	              Index Cond: ((id >= 9284385) AND (id <= 9285384))

for point_selects
table 1 : explain SELECT c FROM sbtest1 WHERE id=4141247
	Index Scan using sbtest1_pkey on sbtest1  (cost=0.43..8.45 rows=1 width=121)
	  Index Cond: (id = 4141247)

table 2 : explain SELECT c FROM sbtest2 WHERE id=6994128
	Index Scan using sbtest2_pkey on sbtest2  (cost=0.43..8.45 rows=1 width=121)
	  Index Cond: (id = 6994128)

table 3 : explain SELECT c FROM sbtest3 WHERE id=2855116
	Index Scan using sbtest3_pkey on sbtest3  (cost=0.43..8.45 rows=1 width=121)
	  Index Cond: (id = 2855116)

table 4 : explain SELECT c FROM sbtest4 WHERE id=1761869
	Index Scan using sbtest4_pkey on sbtest4  (cost=0.43..8.45 rows=1 width=121)
	  Index Cond: (id = 1761869)

table 5 : explain SELECT c FROM sbtest5 WHERE id=3057190
	Index Scan using sbtest5_pkey on sbtest5  (cost=0.43..8.45 rows=1 width=121)
	  Index Cond: (id = 3057190)

table 6 : explain SELECT c FROM sbtest6 WHERE id=3353314
	Index Scan using sbtest6_pkey on sbtest6  (cost=0.43..8.45 rows=1 width=121)
	  Index Cond: (id = 3353314)

table 7 : explain SELECT c FROM sbtest7 WHERE id=4964843
	Index Scan using sbtest7_pkey on sbtest7  (cost=0.43..8.45 rows=1 width=121)
	  Index Cond: (id = 4964843)

table 8 : explain SELECT c FROM sbtest8 WHERE id=1498936
	Index Scan using sbtest8_pkey on sbtest8  (cost=0.43..8.45 rows=1 width=121)
	  Index Cond: (id = 1498936)

for: distinct_ranges
table 1 : explain SELECT DISTINCT c FROM sbtest1 WHERE id BETWEEN 6079393 AND 6080392 ORDER BY c
	Unique  (cost=4024.37..4029.51 rows=1027 width=121)
	  ->  Sort  (cost=4024.37..4026.94 rows=1027 width=121)
	        Sort Key: c
	        ->  Bitmap Heap Scan on sbtest1  (cost=30.96..3973.00 rows=1027 width=121)
	              Recheck Cond: ((id >= 6079393) AND (id <= 6080392))
	              ->  Bitmap Index Scan on sbtest1_pkey  (cost=0.00..30.70 rows=1027 width=0)
	                    Index Cond: ((id >= 6079393) AND (id <= 6080392))

table 2 : explain SELECT DISTINCT c FROM sbtest2 WHERE id BETWEEN 7910486 AND 7911485 ORDER BY c
	Unique  (cost=3807.63..3812.48 rows=970 width=121)
	  ->  Sort  (cost=3807.63..3810.06 rows=970 width=121)
	        Sort Key: c
	        ->  Bitmap Heap Scan on sbtest2  (cost=30.38..3759.51 rows=970 width=121)
	              Recheck Cond: ((id >= 7910486) AND (id <= 7911485))
	              ->  Bitmap Index Scan on sbtest2_pkey  (cost=0.00..30.14 rows=970 width=0)
	                    Index Cond: ((id >= 7910486) AND (id <= 7911485))

table 3 : explain SELECT DISTINCT c FROM sbtest3 WHERE id BETWEEN 4617929 AND 4618928 ORDER BY c
	Unique  (cost=3716.14..3720.87 rows=946 width=121)
	  ->  Sort  (cost=3716.14..3718.50 rows=946 width=121)
	        Sort Key: c
	        ->  Bitmap Heap Scan on sbtest3  (cost=30.13..3669.38 rows=946 width=121)
	              Recheck Cond: ((id >= 4617929) AND (id <= 4618928))
	              ->  Bitmap Index Scan on sbtest3_pkey  (cost=0.00..29.89 rows=946 width=0)
	                    Index Cond: ((id >= 4617929) AND (id <= 4618928))

table 4 : explain SELECT DISTINCT c FROM sbtest4 WHERE id BETWEEN 3240790 AND 3241789 ORDER BY c
	Unique  (cost=4030.22..4035.36 rows=1028 width=121)
	  ->  Sort  (cost=4030.22..4032.79 rows=1028 width=121)
	        Sort Key: c
	        ->  Bitmap Heap Scan on sbtest4  (cost=30.97..3978.79 rows=1028 width=121)
	              Recheck Cond: ((id >= 3240790) AND (id <= 3241789))
	              ->  Bitmap Index Scan on sbtest4_pkey  (cost=0.00..30.71 rows=1028 width=0)
	                    Index Cond: ((id >= 3240790) AND (id <= 3241789))

table 5 : explain SELECT DISTINCT c FROM sbtest5 WHERE id BETWEEN 1893900 AND 1894899 ORDER BY c
	Unique  (cost=4444.91..4450.58 rows=1134 width=121)
	  ->  Sort  (cost=4444.91..4447.74 rows=1134 width=121)
	        Sort Key: c
	        ->  Bitmap Heap Scan on sbtest5  (cost=36.06..4387.38 rows=1134 width=121)
	              Recheck Cond: ((id >= 1893900) AND (id <= 1894899))
	              ->  Bitmap Index Scan on sbtest5_pkey  (cost=0.00..35.78 rows=1134 width=0)
	                    Index Cond: ((id >= 1893900) AND (id <= 1894899))

table 6 : explain SELECT DISTINCT c FROM sbtest6 WHERE id BETWEEN 2285715 AND 2286714 ORDER BY c
	Unique  (cost=4059.06..4064.23 rows=1035 width=121)
	  ->  Sort  (cost=4059.06..4061.64 rows=1035 width=121)
	        Sort Key: c
	        ->  Bitmap Heap Scan on sbtest6  (cost=31.04..4007.23 rows=1035 width=121)
	              Recheck Cond: ((id >= 2285715) AND (id <= 2286714))
	              ->  Bitmap Index Scan on sbtest6_pkey  (cost=0.00..30.79 rows=1035 width=0)
	                    Index Cond: ((id >= 2285715) AND (id <= 2286714))

table 7 : explain SELECT DISTINCT c FROM sbtest7 WHERE id BETWEEN 636298 AND 637297 ORDER BY c
	Unique  (cost=4138.73..4144.00 rows=1055 width=121)
	  ->  Sort  (cost=4138.73..4141.37 rows=1055 width=121)
	        Sort Key: c
	        ->  Bitmap Heap Scan on sbtest7  (cost=31.25..4085.75 rows=1055 width=121)
	              Recheck Cond: ((id >= 636298) AND (id <= 637297))
	              ->  Bitmap Index Scan on sbtest7_pkey  (cost=0.00..30.98 rows=1055 width=0)
	                    Index Cond: ((id >= 636298) AND (id <= 637297))

table 8 : explain SELECT DISTINCT c FROM sbtest8 WHERE id BETWEEN 8881574 AND 8882573 ORDER BY c
	Unique  (cost=4143.65..4148.93 rows=1057 width=121)
	  ->  Sort  (cost=4143.65..4146.29 rows=1057 width=121)
	        Sort Key: c
	        ->  Bitmap Heap Scan on sbtest8  (cost=31.27..4090.56 rows=1057 width=121)
	              Recheck Cond: ((id >= 8881574) AND (id <= 8882573))
	              ->  Bitmap Index Scan on sbtest8_pkey  (cost=0.00..31.00 rows=1057 width=0)
	                    Index Cond: ((id >= 8881574) AND (id <= 8882573))

for: simple_ranges
table 1 : explain SELECT c FROM sbtest1 WHERE id BETWEEN 8425660 AND 8426659
	Bitmap Heap Scan on sbtest1  (cost=30.29..3724.17 rows=961 width=121)
	  Recheck Cond: ((id >= 8425660) AND (id <= 8426659))
	  ->  Bitmap Index Scan on sbtest1_pkey  (cost=0.00..30.04 rows=961 width=0)
	        Index Cond: ((id >= 8425660) AND (id <= 8426659))

table 2 : explain SELECT c FROM sbtest2 WHERE id BETWEEN 7519576 AND 7520575
	Bitmap Heap Scan on sbtest2  (cost=30.13..3668.87 rows=946 width=121)
	  Recheck Cond: ((id >= 7519576) AND (id <= 7520575))
	  ->  Bitmap Index Scan on sbtest2_pkey  (cost=0.00..29.89 rows=946 width=0)
	        Index Cond: ((id >= 7519576) AND (id <= 7520575))

table 3 : explain SELECT c FROM sbtest3 WHERE id BETWEEN 2956827 AND 2957826
	Bitmap Heap Scan on sbtest3  (cost=31.64..4223.57 rows=1093 width=121)
	  Recheck Cond: ((id >= 2956827) AND (id <= 2957826))
	  ->  Bitmap Index Scan on sbtest3_pkey  (cost=0.00..31.36 rows=1093 width=0)
	        Index Cond: ((id >= 2956827) AND (id <= 2957826))

table 4 : explain SELECT c FROM sbtest4 WHERE id BETWEEN 8522552 AND 8523551
	Bitmap Heap Scan on sbtest4  (cost=30.84..3929.79 rows=1015 width=121)
	  Recheck Cond: ((id >= 8522552) AND (id <= 8523551))
	  ->  Bitmap Index Scan on sbtest4_pkey  (cost=0.00..30.58 rows=1015 width=0)
	        Index Cond: ((id >= 8522552) AND (id <= 8523551))

table 5 : explain SELECT c FROM sbtest5 WHERE id BETWEEN 1561877 AND 1562876
	Bitmap Heap Scan on sbtest5  (cost=30.48..3802.39 rows=980 width=121)
	  Recheck Cond: ((id >= 1561877) AND (id <= 1562876))
	  ->  Bitmap Index Scan on sbtest5_pkey  (cost=0.00..30.23 rows=980 width=0)
	        Index Cond: ((id >= 1561877) AND (id <= 1562876))

table 6 : explain SELECT c FROM sbtest6 WHERE id BETWEEN 1878565 AND 1879564
	Bitmap Heap Scan on sbtest6  (cost=31.18..4056.24 rows=1048 width=121)
	  Recheck Cond: ((id >= 1878565) AND (id <= 1879564))
	  ->  Bitmap Index Scan on sbtest6_pkey  (cost=0.00..30.91 rows=1048 width=0)
	        Index Cond: ((id >= 1878565) AND (id <= 1879564))

table 7 : explain SELECT c FROM sbtest7 WHERE id BETWEEN 8417205 AND 8418204
	Bitmap Heap Scan on sbtest7  (cost=30.07..3651.06 rows=940 width=121)
	  Recheck Cond: ((id >= 8417205) AND (id <= 8418204))
	  ->  Bitmap Index Scan on sbtest7_pkey  (cost=0.00..29.83 rows=940 width=0)
	        Index Cond: ((id >= 8417205) AND (id <= 8418204))

table 8 : explain SELECT c FROM sbtest8 WHERE id BETWEEN 1209102 AND 1210101
	Bitmap Heap Scan on sbtest8  (cost=31.17..4052.86 rows=1047 width=121)
	  Recheck Cond: ((id >= 1209102) AND (id <= 1210101))
	  ->  Bitmap Index Scan on sbtest8_pkey  (cost=0.00..30.90 rows=1047 width=0)
	        Index Cond: ((id >= 1209102) AND (id <= 1210101))

explain: for point_selects :: explain SELECT c FROM sbtest%u WHERE id=%u
for: simple_ranges
table 1 : explain SELECT c FROM sbtest1 WHERE id BETWEEN 1092149 AND 1093148
	Bitmap Heap Scan on sbtest1  (cost=31.18..4052.06 rows=1048 width=121)
	  Recheck Cond: ((id >= 1092149) AND (id <= 1093148))
	  ->  Bitmap Index Scan on sbtest1_pkey  (cost=0.00..30.91 rows=1048 width=0)
	        Index Cond: ((id >= 1092149) AND (id <= 1093148))

table 2 : explain SELECT c FROM sbtest2 WHERE id BETWEEN 9472718 AND 9473717
	Bitmap Heap Scan on sbtest2  (cost=25.79..3540.10 rows=913 width=121)
	  Recheck Cond: ((id >= 9472718) AND (id <= 9473717))
	  ->  Bitmap Index Scan on sbtest2_pkey  (cost=0.00..25.57 rows=913 width=0)
	        Index Cond: ((id >= 9472718) AND (id <= 9473717))

table 3 : explain SELECT c FROM sbtest3 WHERE id BETWEEN 3174642 AND 3175641
	Bitmap Heap Scan on sbtest3  (cost=31.76..4268.69 rows=1105 width=121)
	  Recheck Cond: ((id >= 3174642) AND (id <= 3175641))
	  ->  Bitmap Index Scan on sbtest3_pkey  (cost=0.00..31.48 rows=1105 width=0)
	        Index Cond: ((id >= 3174642) AND (id <= 3175641))

table 4 : explain SELECT c FROM sbtest4 WHERE id BETWEEN 7722996 AND 7723995
	Bitmap Heap Scan on sbtest4  (cost=30.88..3944.87 rows=1019 width=121)
	  Recheck Cond: ((id >= 7722996) AND (id <= 7723995))
	  ->  Bitmap Index Scan on sbtest4_pkey  (cost=0.00..30.62 rows=1019 width=0)
	        Index Cond: ((id >= 7722996) AND (id <= 7723995))

table 5 : explain SELECT c FROM sbtest5 WHERE id BETWEEN 6004601 AND 6005600
	Bitmap Heap Scan on sbtest5  (cost=31.56..4198.82 rows=1085 width=121)
	  Recheck Cond: ((id >= 6004601) AND (id <= 6005600))
	  ->  Bitmap Index Scan on sbtest5_pkey  (cost=0.00..31.29 rows=1085 width=0)
	        Index Cond: ((id >= 6004601) AND (id <= 6005600))

table 6 : explain SELECT c FROM sbtest6 WHERE id BETWEEN 5733990 AND 5734989
	Bitmap Heap Scan on sbtest6  (cost=30.63..3856.29 rows=995 width=121)
	  Recheck Cond: ((id >= 5733990) AND (id <= 5734989))
	  ->  Bitmap Index Scan on sbtest6_pkey  (cost=0.00..30.39 rows=995 width=0)
	        Index Cond: ((id >= 5733990) AND (id <= 5734989))

table 7 : explain SELECT c FROM sbtest7 WHERE id BETWEEN 4235427 AND 4236426
	Bitmap Heap Scan on sbtest7  (cost=29.87..3575.30 rows=920 width=121)
	  Recheck Cond: ((id >= 4235427) AND (id <= 4236426))
	  ->  Bitmap Index Scan on sbtest7_pkey  (cost=0.00..29.64 rows=920 width=0)
	        Index Cond: ((id >= 4235427) AND (id <= 4236426))

table 8 : explain SELECT c FROM sbtest8 WHERE id BETWEEN 7561795 AND 7562794
	Bitmap Heap Scan on sbtest8  (cost=30.53..3818.89 rows=985 width=121)
	  Recheck Cond: ((id >= 7561795) AND (id <= 7562794))
	  ->  Bitmap Index Scan on sbtest8_pkey  (cost=0.00..30.29 rows=985 width=0)
	        Index Cond: ((id >= 7561795) AND (id <= 7562794))

for: distinct_ranges
table 1 : explain SELECT DISTINCT c FROM sbtest1 WHERE id BETWEEN 9842958 AND 9843957 ORDER BY c
	Unique  (cost=3836.89..3841.78 rows=978 width=121)
	  ->  Sort  (cost=3836.89..3839.34 rows=978 width=121)
	        Sort Key: c
	        ->  Bitmap Heap Scan on sbtest1  (cost=30.46..3788.32 rows=978 width=121)
	              Recheck Cond: ((id >= 9842958) AND (id <= 9843957))
	              ->  Bitmap Index Scan on sbtest1_pkey  (cost=0.00..30.21 rows=978 width=0)
	                    Index Cond: ((id >= 9842958) AND (id <= 9843957))

table 2 : explain SELECT DISTINCT c FROM sbtest2 WHERE id BETWEEN 5479387 AND 5480386 ORDER BY c
	Unique  (cost=3573.48..3578.03 rows=910 width=121)
	  ->  Sort  (cost=3573.48..3575.75 rows=910 width=121)
	        Sort Key: c
	        ->  Bitmap Heap Scan on sbtest2  (cost=25.76..3528.75 rows=910 width=121)
	              Recheck Cond: ((id >= 5479387) AND (id <= 5480386))
	              ->  Bitmap Index Scan on sbtest2_pkey  (cost=0.00..25.54 rows=910 width=0)
	                    Index Cond: ((id >= 5479387) AND (id <= 5480386))

table 3 : explain SELECT DISTINCT c FROM sbtest3 WHERE id BETWEEN 7783429 AND 7784428 ORDER BY c
	Unique  (cost=3930.76..3935.77 rows=1002 width=121)
	  ->  Sort  (cost=3930.76..3933.27 rows=1002 width=121)
	        Sort Key: c
	        ->  Bitmap Heap Scan on sbtest3  (cost=30.71..3880.82 rows=1002 width=121)
	              Recheck Cond: ((id >= 7783429) AND (id <= 7784428))
	              ->  Bitmap Index Scan on sbtest3_pkey  (cost=0.00..30.45 rows=1002 width=0)
	                    Index Cond: ((id >= 7783429) AND (id <= 7784428))

table 4 : explain SELECT DISTINCT c FROM sbtest4 WHERE id BETWEEN 86149 AND 87148 ORDER BY c
	Unique  (cost=3911.56..3916.54 rows=997 width=121)
	  ->  Sort  (cost=3911.56..3914.05 rows=997 width=121)
	        Sort Key: c
	        ->  Bitmap Heap Scan on sbtest4  (cost=30.65..3861.90 rows=997 width=121)
	              Recheck Cond: ((id >= 86149) AND (id <= 87148))
	              ->  Bitmap Index Scan on sbtest4_pkey  (cost=0.00..30.40 rows=997 width=0)
	                    Index Cond: ((id >= 86149) AND (id <= 87148))

table 5 : explain SELECT DISTINCT c FROM sbtest5 WHERE id BETWEEN 3237219 AND 3238218 ORDER BY c
	Unique  (cost=3743.55..3748.31 rows=952 width=121)
	  ->  Sort  (cost=3743.55..3745.93 rows=952 width=121)
	        Sort Key: c
	        ->  Bitmap Heap Scan on sbtest5  (cost=30.19..3696.45 rows=952 width=121)
	              Recheck Cond: ((id >= 3237219) AND (id <= 3238218))
	              ->  Bitmap Index Scan on sbtest5_pkey  (cost=0.00..29.95 rows=952 width=0)
	                    Index Cond: ((id >= 3237219) AND (id <= 3238218))

table 6 : explain SELECT DISTINCT c FROM sbtest6 WHERE id BETWEEN 5125721 AND 5126720 ORDER BY c
	Unique  (cost=3587.30..3591.86 rows=912 width=121)
	  ->  Sort  (cost=3587.30..3589.58 rows=912 width=121)
	        Sort Key: c
	        ->  Bitmap Heap Scan on sbtest6  (cost=29.78..3542.46 rows=912 width=121)
	              Recheck Cond: ((id >= 5125721) AND (id <= 5126720))
	              ->  Bitmap Index Scan on sbtest6_pkey  (cost=0.00..29.55 rows=912 width=0)
	                    Index Cond: ((id >= 5125721) AND (id <= 5126720))

table 7 : explain SELECT DISTINCT c FROM sbtest7 WHERE id BETWEEN 5355499 AND 5356498 ORDER BY c
	Unique  (cost=3797.38..3802.21 rows=966 width=121)
	  ->  Sort  (cost=3797.38..3799.79 rows=966 width=121)
	        Sort Key: c
	        ->  Bitmap Heap Scan on sbtest7  (cost=30.34..3749.48 rows=966 width=121)
	              Recheck Cond: ((id >= 5355499) AND (id <= 5356498))
	              ->  Bitmap Index Scan on sbtest7_pkey  (cost=0.00..30.09 rows=966 width=0)
	                    Index Cond: ((id >= 5355499) AND (id <= 5356498))

table 8 : explain SELECT DISTINCT c FROM sbtest8 WHERE id BETWEEN 6073227 AND 6074226 ORDER BY c
	Unique  (cost=4204.85..4210.22 rows=1073 width=121)
	  ->  Sort  (cost=4204.85..4207.54 rows=1073 width=121)
	        Sort Key: c
	        ->  Bitmap Heap Scan on sbtest8  (cost=31.43..4150.84 rows=1073 width=121)
	              Recheck Cond: ((id >= 6073227) AND (id <= 6074226))
	              ->  Bitmap Index Scan on sbtest8_pkey  (cost=0.00..31.16 rows=1073 width=0)
	                    Index Cond: ((id >= 6073227) AND (id <= 6074226))

explain: for point_selects :: explain SELECT c FROM sbtest%u WHERE id=%u
for: distinct_ranges
table 1 : explain SELECT DISTINCT c FROM sbtest1 WHERE id BETWEEN 255780 AND 256779 ORDER BY c
	Unique  (cost=3660.62..3665.28 rows=932 width=121)
	  ->  Sort  (cost=3660.62..3662.95 rows=932 width=121)
	        Sort Key: c
	        ->  Bitmap Heap Scan on sbtest1  (cost=29.99..3614.66 rows=932 width=121)
	              Recheck Cond: ((id >= 255780) AND (id <= 256779))
	              ->  Bitmap Index Scan on sbtest1_pkey  (cost=0.00..29.75 rows=932 width=0)
	                    Index Cond: ((id >= 255780) AND (id <= 256779))

table 2 : explain SELECT DISTINCT c FROM sbtest2 WHERE id BETWEEN 9645313 AND 9646312 ORDER BY c
	Unique  (cost=3792.30..3797.13 rows=966 width=121)
	  ->  Sort  (cost=3792.30..3794.72 rows=966 width=121)
	        Sort Key: c
	        ->  Bitmap Heap Scan on sbtest2  (cost=30.34..3744.41 rows=966 width=121)
	              Recheck Cond: ((id >= 9645313) AND (id <= 9646312))
	              ->  Bitmap Index Scan on sbtest2_pkey  (cost=0.00..30.09 rows=966 width=0)
	                    Index Cond: ((id >= 9645313) AND (id <= 9646312))

table 3 : explain SELECT DISTINCT c FROM sbtest3 WHERE id BETWEEN 7264824 AND 7265823 ORDER BY c
	Unique  (cost=3408.71..3413.05 rows=867 width=121)
	  ->  Sort  (cost=3408.71..3410.88 rows=867 width=121)
	        Sort Key: c
	        ->  Bitmap Heap Scan on sbtest3  (cost=25.32..3366.40 rows=867 width=121)
	              Recheck Cond: ((id >= 7264824) AND (id <= 7265823))
	              ->  Bitmap Index Scan on sbtest3_pkey  (cost=0.00..25.11 rows=867 width=0)
	                    Index Cond: ((id >= 7264824) AND (id <= 7265823))

table 4 : explain SELECT DISTINCT c FROM sbtest4 WHERE id BETWEEN 8235321 AND 8236320 ORDER BY c
	Unique  (cost=3865.59..3870.52 rows=985 width=121)
	  ->  Sort  (cost=3865.59..3868.05 rows=985 width=121)
	        Sort Key: c
	        ->  Bitmap Heap Scan on sbtest4  (cost=30.53..3816.62 rows=985 width=121)
	              Recheck Cond: ((id >= 8235321) AND (id <= 8236320))
	              ->  Bitmap Index Scan on sbtest4_pkey  (cost=0.00..30.29 rows=985 width=0)
	                    Index Cond: ((id >= 8235321) AND (id <= 8236320))

table 5 : explain SELECT DISTINCT c FROM sbtest5 WHERE id BETWEEN 646817 AND 647816 ORDER BY c
	Unique  (cost=3950.85..3955.88 rows=1006 width=121)
	  ->  Sort  (cost=3950.85..3953.37 rows=1006 width=121)
	        Sort Key: c
	        ->  Bitmap Heap Scan on sbtest5  (cost=30.75..3900.68 rows=1006 width=121)
	              Recheck Cond: ((id >= 646817) AND (id <= 647816))
	              ->  Bitmap Index Scan on sbtest5_pkey  (cost=0.00..30.50 rows=1006 width=0)
	                    Index Cond: ((id >= 646817) AND (id <= 647816))

table 6 : explain SELECT DISTINCT c FROM sbtest6 WHERE id BETWEEN 7799590 AND 7800589 ORDER BY c
	Unique  (cost=3471.80..3476.22 rows=883 width=121)
	  ->  Sort  (cost=3471.80..3474.01 rows=883 width=121)
	        Sort Key: c
	        ->  Bitmap Heap Scan on sbtest6  (cost=25.49..3428.59 rows=883 width=121)
	              Recheck Cond: ((id >= 7799590) AND (id <= 7800589))
	              ->  Bitmap Index Scan on sbtest6_pkey  (cost=0.00..25.26 rows=883 width=0)
	                    Index Cond: ((id >= 7799590) AND (id <= 7800589))

table 7 : explain SELECT DISTINCT c FROM sbtest7 WHERE id BETWEEN 5255543 AND 5256542 ORDER BY c
	Unique  (cost=3831.94..3836.81 rows=975 width=121)
	  ->  Sort  (cost=3831.94..3834.38 rows=975 width=121)
	        Sort Key: c
	        ->  Bitmap Heap Scan on sbtest7  (cost=30.43..3783.53 rows=975 width=121)
	              Recheck Cond: ((id >= 5255543) AND (id <= 5256542))
	              ->  Bitmap Index Scan on sbtest7_pkey  (cost=0.00..30.18 rows=975 width=0)
	                    Index Cond: ((id >= 5255543) AND (id <= 5256542))

table 8 : explain SELECT DISTINCT c FROM sbtest8 WHERE id BETWEEN 1940476 AND 1941475 ORDER BY c
	Unique  (cost=3940.70..3945.72 rows=1004 width=121)
	  ->  Sort  (cost=3940.70..3943.21 rows=1004 width=121)
	        Sort Key: c
	        ->  Bitmap Heap Scan on sbtest8  (cost=30.73..3890.64 rows=1004 width=121)
	              Recheck Cond: ((id >= 1940476) AND (id <= 1941475))
	              ->  Bitmap Index Scan on sbtest8_pkey  (cost=0.00..30.47 rows=1004 width=0)
	                    Index Cond: ((id >= 1940476) AND (id <= 1941475))

for point_selects
table 1 : explain SELECT c FROM sbtest1 WHERE id=8261310
	Index Scan using sbtest1_pkey on sbtest1  (cost=0.43..8.45 rows=1 width=121)
	  Index Cond: (id = 8261310)

table 2 : explain SELECT c FROM sbtest2 WHERE id=6407333
	Index Scan using sbtest2_pkey on sbtest2  (cost=0.43..8.45 rows=1 width=121)
	  Index Cond: (id = 6407333)

table 3 : explain SELECT c FROM sbtest3 WHERE id=224166
	Index Scan using sbtest3_pkey on sbtest3  (cost=0.43..8.45 rows=1 width=121)
	  Index Cond: (id = 224166)

table 4 : explain SELECT c FROM sbtest4 WHERE id=4819010
	Index Scan using sbtest4_pkey on sbtest4  (cost=0.43..8.45 rows=1 width=121)
	  Index Cond: (id = 4819010)

table 5 : explain SELECT c FROM sbtest5 WHERE id=4438056
	Index Scan using sbtest5_pkey on sbtest5  (cost=0.43..8.45 rows=1 width=121)
	  Index Cond: (id = 4438056)

table 6 : explain SELECT c FROM sbtest6 WHERE id=8748874
	Index Scan using sbtest6_pkey on sbtest6  (cost=0.43..8.45 rows=1 width=121)
	  Index Cond: (id = 8748874)

table 7 : explain SELECT c FROM sbtest7 WHERE id=8339016
	Index Scan using sbtest7_pkey on sbtest7  (cost=0.43..8.45 rows=1 width=121)
	  Index Cond: (id = 8339016)

table 8 : explain SELECT c FROM sbtest8 WHERE id=2770984
	Index Scan using sbtest8_pkey on sbtest8  (cost=0.43..8.45 rows=1 width=121)
	  Index Cond: (id = 2770984)

for point_selects
table 1 : explain SELECT c FROM sbtest1 WHERE id=7141407
	Index Scan using sbtest1_pkey on sbtest1  (cost=0.43..8.45 rows=1 width=121)
	  Index Cond: (id = 7141407)

table 2 : explain SELECT c FROM sbtest2 WHERE id=5991983
	Index Scan using sbtest2_pkey on sbtest2  (cost=0.43..8.45 rows=1 width=121)
	  Index Cond: (id = 5991983)

table 3 : explain SELECT c FROM sbtest3 WHERE id=1049939
	Index Scan using sbtest3_pkey on sbtest3  (cost=0.43..8.45 rows=1 width=121)
	  Index Cond: (id = 1049939)

table 4 : explain SELECT c FROM sbtest4 WHERE id=8065891
	Index Scan using sbtest4_pkey on sbtest4  (cost=0.43..8.45 rows=1 width=121)
	  Index Cond: (id = 8065891)

table 5 : explain SELECT c FROM sbtest5 WHERE id=5872205
	Index Scan using sbtest5_pkey on sbtest5  (cost=0.43..8.45 rows=1 width=121)
	  Index Cond: (id = 5872205)

table 6 : explain SELECT c FROM sbtest6 WHERE id=5232341
	Index Scan using sbtest6_pkey on sbtest6  (cost=0.43..8.45 rows=1 width=121)
	  Index Cond: (id = 5232341)

table 7 : explain SELECT c FROM sbtest7 WHERE id=984021
	Index Scan using sbtest7_pkey on sbtest7  (cost=0.43..8.45 rows=1 width=121)
	  Index Cond: (id = 984021)

table 8 : explain SELECT c FROM sbtest8 WHERE id=8318432
	Index Scan using sbtest8_pkey on sbtest8  (cost=0.43..8.45 rows=1 width=121)
	  Index Cond: (id = 8318432)

for: sum_ranges
table 1 : explain SELECT SUM(k) FROM sbtest1 WHERE id BETWEEN 8178016 AND 8179015
	Aggregate  (cost=4363.08..4363.09 rows=1 width=8)
	  ->  Bitmap Heap Scan on sbtest1  (cost=32.03..4360.26 rows=1131 width=4)
	        Recheck Cond: ((id >= 8178016) AND (id <= 8179015))
	        ->  Bitmap Index Scan on sbtest1_pkey  (cost=0.00..31.75 rows=1131 width=0)
	              Index Cond: ((id >= 8178016) AND (id <= 8179015))

table 2 : explain SELECT SUM(k) FROM sbtest2 WHERE id BETWEEN 6688241 AND 6689240
	Aggregate  (cost=3727.93..3727.94 rows=1 width=8)
	  ->  Bitmap Heap Scan on sbtest2  (cost=30.29..3725.53 rows=961 width=4)
	        Recheck Cond: ((id >= 6688241) AND (id <= 6689240))
	        ->  Bitmap Index Scan on sbtest2_pkey  (cost=0.00..30.04 rows=961 width=0)
	              Index Cond: ((id >= 6688241) AND (id <= 6689240))

table 3 : explain SELECT SUM(k) FROM sbtest3 WHERE id BETWEEN 8002093 AND 8003092
	Aggregate  (cost=4056.82..4056.83 rows=1 width=8)
	  ->  Bitmap Heap Scan on sbtest3  (cost=31.18..4054.20 rows=1048 width=4)
	        Recheck Cond: ((id >= 8002093) AND (id <= 8003092))
	        ->  Bitmap Index Scan on sbtest3_pkey  (cost=0.00..30.91 rows=1048 width=0)
	              Index Cond: ((id >= 8002093) AND (id <= 8003092))

table 4 : explain SELECT SUM(k) FROM sbtest4 WHERE id BETWEEN 660115 AND 661114
	Aggregate  (cost=4132.11..4132.12 rows=1 width=8)
	  ->  Bitmap Heap Scan on sbtest4  (cost=31.38..4129.44 rows=1068 width=4)
	        Recheck Cond: ((id >= 660115) AND (id <= 661114))
	        ->  Bitmap Index Scan on sbtest4_pkey  (cost=0.00..31.11 rows=1068 width=0)
	              Index Cond: ((id >= 660115) AND (id <= 661114))

table 5 : explain SELECT SUM(k) FROM sbtest5 WHERE id BETWEEN 5025432 AND 5026431
	Aggregate  (cost=3440.75..3440.76 rows=1 width=8)
	  ->  Bitmap Heap Scan on sbtest5  (cost=25.51..3438.53 rows=885 width=4)
	        Recheck Cond: ((id >= 5025432) AND (id <= 5026431))
	        ->  Bitmap Index Scan on sbtest5_pkey  (cost=0.00..25.29 rows=885 width=0)
	              Index Cond: ((id >= 5025432) AND (id <= 5026431))

table 6 : explain SELECT SUM(k) FROM sbtest6 WHERE id BETWEEN 8880515 AND 8881514
	Aggregate  (cost=4138.04..4138.05 rows=1 width=8)
	  ->  Bitmap Heap Scan on sbtest6  (cost=31.39..4135.37 rows=1069 width=4)
	        Recheck Cond: ((id >= 8880515) AND (id <= 8881514))
	        ->  Bitmap Index Scan on sbtest6_pkey  (cost=0.00..31.12 rows=1069 width=0)
	              Index Cond: ((id >= 8880515) AND (id <= 8881514))

table 7 : explain SELECT SUM(k) FROM sbtest7 WHERE id BETWEEN 7176551 AND 7177550
	Aggregate  (cost=3899.47..3899.48 rows=1 width=8)
	  ->  Bitmap Heap Scan on sbtest7  (cost=30.74..3896.96 rows=1005 width=4)
	        Recheck Cond: ((id >= 7176551) AND (id <= 7177550))
	        ->  Bitmap Index Scan on sbtest7_pkey  (cost=0.00..30.48 rows=1005 width=0)
	              Index Cond: ((id >= 7176551) AND (id <= 7177550))

table 8 : explain SELECT SUM(k) FROM sbtest8 WHERE id BETWEEN 4412885 AND 4413884
	Aggregate  (cost=3715.46..3715.47 rows=1 width=8)
	  ->  Bitmap Heap Scan on sbtest8  (cost=30.24..3713.06 rows=957 width=4)
	        Recheck Cond: ((id >= 4412885) AND (id <= 4413884))
	        ->  Bitmap Index Scan on sbtest8_pkey  (cost=0.00..30.00 rows=957 width=0)
	              Index Cond: ((id >= 4412885) AND (id <= 4413884))

for: sum_ranges
table 1 : explain SELECT SUM(k) FROM sbtest1 WHERE id BETWEEN 9792163 AND 9793162
	Aggregate  (cost=3843.59..3843.60 rows=1 width=8)
	  ->  Bitmap Heap Scan on sbtest1  (cost=30.60..3841.11 rows=992 width=4)
	        Recheck Cond: ((id >= 9792163) AND (id <= 9793162))
	        ->  Bitmap Index Scan on sbtest1_pkey  (cost=0.00..30.36 rows=992 width=0)
	              Index Cond: ((id >= 9792163) AND (id <= 9793162))

table 2 : explain SELECT SUM(k) FROM sbtest2 WHERE id BETWEEN 6272681 AND 6273680
	Aggregate  (cost=3848.79..3848.80 rows=1 width=8)
	  ->  Bitmap Heap Scan on sbtest2  (cost=30.61..3846.31 rows=993 width=4)
	        Recheck Cond: ((id >= 6272681) AND (id <= 6273680))
	        ->  Bitmap Index Scan on sbtest2_pkey  (cost=0.00..30.36 rows=993 width=0)
	              Index Cond: ((id >= 6272681) AND (id <= 6273680))

table 3 : explain SELECT SUM(k) FROM sbtest3 WHERE id BETWEEN 7705499 AND 7706498
	Aggregate  (cost=4030.44..4030.45 rows=1 width=8)
	  ->  Bitmap Heap Scan on sbtest3  (cost=31.11..4027.84 rows=1041 width=4)
	        Recheck Cond: ((id >= 7705499) AND (id <= 7706498))
	        ->  Bitmap Index Scan on sbtest3_pkey  (cost=0.00..30.84 rows=1041 width=0)
	              Index Cond: ((id >= 7705499) AND (id <= 7706498))

table 4 : explain SELECT SUM(k) FROM sbtest4 WHERE id BETWEEN 756693 AND 757692
	Aggregate  (cost=4192.36..4192.37 rows=1 width=8)
	  ->  Bitmap Heap Scan on sbtest4  (cost=31.55..4189.65 rows=1084 width=4)
	        Recheck Cond: ((id >= 756693) AND (id <= 757692))
	        ->  Bitmap Index Scan on sbtest4_pkey  (cost=0.00..31.27 rows=1084 width=0)
	              Index Cond: ((id >= 756693) AND (id <= 757692))

table 5 : explain SELECT SUM(k) FROM sbtest5 WHERE id BETWEEN 6751844 AND 6752843
	Aggregate  (cost=3857.81..3857.82 rows=1 width=8)
	  ->  Bitmap Heap Scan on sbtest5  (cost=30.62..3855.33 rows=994 width=4)
	        Recheck Cond: ((id >= 6751844) AND (id <= 6752843))
	        ->  Bitmap Index Scan on sbtest5_pkey  (cost=0.00..30.37 rows=994 width=0)
	              Index Cond: ((id >= 6751844) AND (id <= 6752843))

table 6 : explain SELECT SUM(k) FROM sbtest6 WHERE id BETWEEN 3325034 AND 3326033
	Aggregate  (cost=3896.56..3896.57 rows=1 width=8)
	  ->  Bitmap Heap Scan on sbtest6  (cost=30.74..3894.04 rows=1005 width=4)
	        Recheck Cond: ((id >= 3325034) AND (id <= 3326033))
	        ->  Bitmap Index Scan on sbtest6_pkey  (cost=0.00..30.48 rows=1005 width=0)
	              Index Cond: ((id >= 3325034) AND (id <= 3326033))

table 7 : explain SELECT SUM(k) FROM sbtest7 WHERE id BETWEEN 8690731 AND 8691730
	Aggregate  (cost=3657.20..3657.21 rows=1 width=8)
	  ->  Bitmap Heap Scan on sbtest7  (cost=30.08..3654.85 rows=941 width=4)
	        Recheck Cond: ((id >= 8690731) AND (id <= 8691730))
	        ->  Bitmap Index Scan on sbtest7_pkey  (cost=0.00..29.84 rows=941 width=0)
	              Index Cond: ((id >= 8690731) AND (id <= 8691730))

table 8 : explain SELECT SUM(k) FROM sbtest8 WHERE id BETWEEN 5286478 AND 5287477
	Aggregate  (cost=4085.66..4085.67 rows=1 width=8)
	  ->  Bitmap Heap Scan on sbtest8  (cost=31.25..4083.02 rows=1055 width=4)
	        Recheck Cond: ((id >= 5286478) AND (id <= 5287477))
	        ->  Bitmap Index Scan on sbtest8_pkey  (cost=0.00..30.98 rows=1055 width=0)
	              Index Cond: ((id >= 5286478) AND (id <= 5287477))

for: sum_ranges
table 1 : explain SELECT SUM(k) FROM sbtest1 WHERE id BETWEEN 9848571 AND 9849570
	Aggregate  (cost=3790.76..3790.77 rows=1 width=8)
	  ->  Bitmap Heap Scan on sbtest1  (cost=30.46..3788.32 rows=978 width=4)
	        Recheck Cond: ((id >= 9848571) AND (id <= 9849570))
	        ->  Bitmap Index Scan on sbtest1_pkey  (cost=0.00..30.21 rows=978 width=0)
	              Index Cond: ((id >= 9848571) AND (id <= 9849570))

table 2 : explain SELECT SUM(k) FROM sbtest2 WHERE id BETWEEN 9773551 AND 9774550
	Aggregate  (cost=4353.54..4353.55 rows=1 width=8)
	  ->  Bitmap Heap Scan on sbtest2  (cost=32.00..4350.72 rows=1128 width=4)
	        Recheck Cond: ((id >= 9773551) AND (id <= 9774550))
	        ->  Bitmap Index Scan on sbtest2_pkey  (cost=0.00..31.71 rows=1128 width=0)
	              Index Cond: ((id >= 9773551) AND (id <= 9774550))

table 3 : explain SELECT SUM(k) FROM sbtest3 WHERE id BETWEEN 8605458 AND 8606457
	Aggregate  (cost=3622.35..3622.36 rows=1 width=8)
	  ->  Bitmap Heap Scan on sbtest3  (cost=26.01..3620.02 rows=934 width=4)
	        Recheck Cond: ((id >= 8605458) AND (id <= 8606457))
	        ->  Bitmap Index Scan on sbtest3_pkey  (cost=0.00..25.77 rows=934 width=0)
	              Index Cond: ((id >= 8605458) AND (id <= 8606457))

table 4 : explain SELECT SUM(k) FROM sbtest4 WHERE id BETWEEN 2250898 AND 2251897
	Aggregate  (cost=3656.34..3656.35 rows=1 width=8)
	  ->  Bitmap Heap Scan on sbtest4  (cost=26.10..3653.99 rows=943 width=4)
	        Recheck Cond: ((id >= 2250898) AND (id <= 2251897))
	        ->  Bitmap Index Scan on sbtest4_pkey  (cost=0.00..25.86 rows=943 width=0)
	              Index Cond: ((id >= 2250898) AND (id <= 2251897))

table 5 : explain SELECT SUM(k) FROM sbtest5 WHERE id BETWEEN 8740710 AND 8741709
	Aggregate  (cost=3789.70..3789.71 rows=1 width=8)
	  ->  Bitmap Heap Scan on sbtest5  (cost=30.44..3787.26 rows=976 width=4)
	        Recheck Cond: ((id >= 8740710) AND (id <= 8741709))
	        ->  Bitmap Index Scan on sbtest5_pkey  (cost=0.00..30.19 rows=976 width=0)
	              Index Cond: ((id >= 8740710) AND (id <= 8741709))

table 6 : explain SELECT SUM(k) FROM sbtest6 WHERE id BETWEEN 8728039 AND 8729038
	Aggregate  (cost=3926.77..3926.78 rows=1 width=8)
	  ->  Bitmap Heap Scan on sbtest6  (cost=30.82..3924.24 rows=1013 width=4)
	        Recheck Cond: ((id >= 8728039) AND (id <= 8729038))
	        ->  Bitmap Index Scan on sbtest6_pkey  (cost=0.00..30.57 rows=1013 width=0)
	              Index Cond: ((id >= 8728039) AND (id <= 8729038))

table 7 : explain SELECT SUM(k) FROM sbtest7 WHERE id BETWEEN 9042513 AND 9043512
	Aggregate  (cost=3975.07..3975.08 rows=1 width=8)
	  ->  Bitmap Heap Scan on sbtest7  (cost=30.94..3972.51 rows=1025 width=4)
	        Recheck Cond: ((id >= 9042513) AND (id <= 9043512))
	        ->  Bitmap Index Scan on sbtest7_pkey  (cost=0.00..30.68 rows=1025 width=0)
	              Index Cond: ((id >= 9042513) AND (id <= 9043512))

table 8 : explain SELECT SUM(k) FROM sbtest8 WHERE id BETWEEN 8932309 AND 8933308
	Aggregate  (cost=3840.25..3840.26 rows=1 width=8)
	  ->  Bitmap Heap Scan on sbtest8  (cost=30.58..3837.77 rows=990 width=4)
	        Recheck Cond: ((id >= 8932309) AND (id <= 8933308))
	        ->  Bitmap Index Scan on sbtest8_pkey  (cost=0.00..30.33 rows=990 width=0)
	              Index Cond: ((id >= 8932309) AND (id <= 8933308))

explain: for point_selects :: explain SELECT c FROM sbtest%u WHERE id=%u
for: sum_ranges
table 1 : explain SELECT SUM(k) FROM sbtest1 WHERE id BETWEEN 9324311 AND 9325310
	Aggregate  (cost=3715.24..3715.25 rows=1 width=8)
	  ->  Bitmap Heap Scan on sbtest1  (cost=30.25..3712.84 rows=958 width=4)
	        Recheck Cond: ((id >= 9324311) AND (id <= 9325310))
	        ->  Bitmap Index Scan on sbtest1_pkey  (cost=0.00..30.01 rows=958 width=0)
	              Index Cond: ((id >= 9324311) AND (id <= 9325310))

table 2 : explain SELECT SUM(k) FROM sbtest2 WHERE id BETWEEN 3817424 AND 3818423
	Aggregate  (cost=3618.28..3618.29 rows=1 width=8)
	  ->  Bitmap Heap Scan on sbtest2  (cost=29.99..3615.95 rows=932 width=4)
	        Recheck Cond: ((id >= 3817424) AND (id <= 3818423))
	        ->  Bitmap Index Scan on sbtest2_pkey  (cost=0.00..29.75 rows=932 width=0)
	              Index Cond: ((id >= 3817424) AND (id <= 3818423))

table 3 : explain SELECT SUM(k) FROM sbtest3 WHERE id BETWEEN 1811656 AND 1812655
	Aggregate  (cost=3800.25..3800.26 rows=1 width=8)
	  ->  Bitmap Heap Scan on sbtest3  (cost=30.48..3797.80 rows=980 width=4)
	        Recheck Cond: ((id >= 1811656) AND (id <= 1812655))
	        ->  Bitmap Index Scan on sbtest3_pkey  (cost=0.00..30.23 rows=980 width=0)
	              Index Cond: ((id >= 1811656) AND (id <= 1812655))

table 4 : explain SELECT SUM(k) FROM sbtest4 WHERE id BETWEEN 9450137 AND 9451136
	Aggregate  (cost=3724.62..3724.63 rows=1 width=8)
	  ->  Bitmap Heap Scan on sbtest4  (cost=30.27..3722.22 rows=960 width=4)
	        Recheck Cond: ((id >= 9450137) AND (id <= 9451136))
	        ->  Bitmap Index Scan on sbtest4_pkey  (cost=0.00..30.04 rows=960 width=0)
	              Index Cond: ((id >= 9450137) AND (id <= 9451136))

table 5 : explain SELECT SUM(k) FROM sbtest5 WHERE id BETWEEN 2117486 AND 2118485
	Aggregate  (cost=4393.98..4393.99 rows=1 width=8)
	  ->  Bitmap Heap Scan on sbtest5  (cost=36.07..4391.14 rows=1135 width=4)
	        Recheck Cond: ((id >= 2117486) AND (id <= 2118485))
	        ->  Bitmap Index Scan on sbtest5_pkey  (cost=0.00..35.79 rows=1135 width=0)
	              Index Cond: ((id >= 2117486) AND (id <= 2118485))

table 6 : explain SELECT SUM(k) FROM sbtest6 WHERE id BETWEEN 7582893 AND 7583892
	Aggregate  (cost=3654.56..3654.57 rows=1 width=8)
	  ->  Bitmap Heap Scan on sbtest6  (cost=30.08..3652.21 rows=941 width=4)
	        Recheck Cond: ((id >= 7582893) AND (id <= 7583892))
	        ->  Bitmap Index Scan on sbtest6_pkey  (cost=0.00..29.84 rows=941 width=0)
	              Index Cond: ((id >= 7582893) AND (id <= 7583892))

table 7 : explain SELECT SUM(k) FROM sbtest7 WHERE id BETWEEN 8780407 AND 8781406
	Aggregate  (cost=4035.52..4035.53 rows=1 width=8)
	  ->  Bitmap Heap Scan on sbtest7  (cost=31.11..4032.92 rows=1041 width=4)
	        Recheck Cond: ((id >= 8780407) AND (id <= 8781406))
	        ->  Bitmap Index Scan on sbtest7_pkey  (cost=0.00..30.84 rows=1041 width=0)
	              Index Cond: ((id >= 8780407) AND (id <= 8781406))

table 8 : explain SELECT SUM(k) FROM sbtest8 WHERE id BETWEEN 8792679 AND 8793678
	Aggregate  (cost=3590.52..3590.53 rows=1 width=8)
	  ->  Bitmap Heap Scan on sbtest8  (cost=29.91..3588.21 rows=924 width=4)
	        Recheck Cond: ((id >= 8792679) AND (id <= 8793678))
	        ->  Bitmap Index Scan on sbtest8_pkey  (cost=0.00..29.68 rows=924 width=0)
	              Index Cond: ((id >= 8792679) AND (id <= 8793678))

for: simple_ranges
table 1 : explain SELECT c FROM sbtest1 WHERE id BETWEEN 6823068 AND 6824067
	Bitmap Heap Scan on sbtest1  (cost=30.61..3844.88 rows=993 width=121)
	  Recheck Cond: ((id >= 6823068) AND (id <= 6824067))
	  ->  Bitmap Index Scan on sbtest1_pkey  (cost=0.00..30.36 rows=993 width=0)
	        Index Cond: ((id >= 6823068) AND (id <= 6824067))

table 2 : explain SELECT c FROM sbtest2 WHERE id BETWEEN 967721 AND 968720
	Bitmap Heap Scan on sbtest2  (cost=30.34..3744.41 rows=966 width=121)
	  Recheck Cond: ((id >= 967721) AND (id <= 968720))
	  ->  Bitmap Index Scan on sbtest2_pkey  (cost=0.00..30.09 rows=966 width=0)
	        Index Cond: ((id >= 967721) AND (id <= 968720))

table 3 : explain SELECT c FROM sbtest3 WHERE id BETWEEN 3777951 AND 3778950
	Bitmap Heap Scan on sbtest3  (cost=30.73..3888.36 rows=1004 width=121)
	  Recheck Cond: ((id >= 3777951) AND (id <= 3778950))
	  ->  Bitmap Index Scan on sbtest3_pkey  (cost=0.00..30.47 rows=1004 width=0)
	        Index Cond: ((id >= 3777951) AND (id <= 3778950))

table 4 : explain SELECT c FROM sbtest4 WHERE id BETWEEN 2848890 AND 2849889
	Bitmap Heap Scan on sbtest4  (cost=30.95..3971.25 rows=1026 width=121)
	  Recheck Cond: ((id >= 2848890) AND (id <= 2849889))
	  ->  Bitmap Index Scan on sbtest4_pkey  (cost=0.00..30.69 rows=1026 width=0)
	        Index Cond: ((id >= 2848890) AND (id <= 2849889))

table 5 : explain SELECT c FROM sbtest5 WHERE id BETWEEN 5023183 AND 5024182
	Bitmap Heap Scan on sbtest5  (cost=25.51..3438.53 rows=885 width=121)
	  Recheck Cond: ((id >= 5023183) AND (id <= 5024182))
	  ->  Bitmap Index Scan on sbtest5_pkey  (cost=0.00..25.29 rows=885 width=0)
	        Index Cond: ((id >= 5023183) AND (id <= 5024182))

table 6 : explain SELECT c FROM sbtest6 WHERE id BETWEEN 9348321 AND 9349320
	Bitmap Heap Scan on sbtest6  (cost=30.50..3807.20 rows=982 width=121)
	  Recheck Cond: ((id >= 9348321) AND (id <= 9349320))
	  ->  Bitmap Index Scan on sbtest6_pkey  (cost=0.00..30.25 rows=982 width=0)
	        Index Cond: ((id >= 9348321) AND (id <= 9349320))

table 7 : explain SELECT c FROM sbtest7 WHERE id BETWEEN 7165399 AND 7166398
	Bitmap Heap Scan on sbtest7  (cost=30.11..3666.21 rows=944 width=121)
	  Recheck Cond: ((id >= 7165399) AND (id <= 7166398))
	  ->  Bitmap Index Scan on sbtest7_pkey  (cost=0.00..29.87 rows=944 width=0)
	        Index Cond: ((id >= 7165399) AND (id <= 7166398))

table 8 : explain SELECT c FROM sbtest8 WHERE id BETWEEN 5248392 AND 5249391
	Bitmap Heap Scan on sbtest8  (cost=31.25..4083.02 rows=1055 width=121)
	  Recheck Cond: ((id >= 5248392) AND (id <= 5249391))
	  ->  Bitmap Index Scan on sbtest8_pkey  (cost=0.00..30.98 rows=1055 width=0)
	        Index Cond: ((id >= 5248392) AND (id <= 5249391))

for: simple_ranges
table 1 : explain SELECT c FROM sbtest1 WHERE id BETWEEN 6783490 AND 6784489
	Bitmap Heap Scan on sbtest1  (cost=30.31..3731.72 rows=963 width=121)
	  Recheck Cond: ((id >= 6783490) AND (id <= 6784489))
	  ->  Bitmap Index Scan on sbtest1_pkey  (cost=0.00..30.07 rows=963 width=0)
	        Index Cond: ((id >= 6783490) AND (id <= 6784489))

table 2 : explain SELECT c FROM sbtest2 WHERE id BETWEEN 701768 AND 702767
	Bitmap Heap Scan on sbtest2  (cost=30.22..3702.87 rows=955 width=121)
	  Recheck Cond: ((id >= 701768) AND (id <= 702767))
	  ->  Bitmap Index Scan on sbtest2_pkey  (cost=0.00..29.98 rows=955 width=0)
	        Index Cond: ((id >= 701768) AND (id <= 702767))

table 3 : explain SELECT c FROM sbtest3 WHERE id BETWEEN 7075525 AND 7076524
	Bitmap Heap Scan on sbtest3  (cost=30.94..3967.54 rows=1025 width=121)
	  Recheck Cond: ((id >= 7075525) AND (id <= 7076524))
	  ->  Bitmap Index Scan on sbtest3_pkey  (cost=0.00..30.68 rows=1025 width=0)
	        Index Cond: ((id >= 7075525) AND (id <= 7076524))

table 4 : explain SELECT c FROM sbtest4 WHERE id BETWEEN 652654 AND 653653
	Bitmap Heap Scan on sbtest4  (cost=31.38..4129.44 rows=1068 width=121)
	  Recheck Cond: ((id >= 652654) AND (id <= 653653))
	  ->  Bitmap Index Scan on sbtest4_pkey  (cost=0.00..31.11 rows=1068 width=0)
	        Index Cond: ((id >= 652654) AND (id <= 653653))

table 5 : explain SELECT c FROM sbtest5 WHERE id BETWEEN 5913705 AND 5914704
	Bitmap Heap Scan on sbtest5  (cost=29.93..3597.98 rows=926 width=121)
	  Recheck Cond: ((id >= 5913705) AND (id <= 5914704))
	  ->  Bitmap Index Scan on sbtest5_pkey  (cost=0.00..29.69 rows=926 width=0)
	        Index Cond: ((id >= 5913705) AND (id <= 5914704))

table 6 : explain SELECT c FROM sbtest6 WHERE id BETWEEN 4384603 AND 4385602
	Bitmap Heap Scan on sbtest6  (cost=30.32..3739.18 rows=964 width=121)
	  Recheck Cond: ((id >= 4384603) AND (id <= 4385602))
	  ->  Bitmap Index Scan on sbtest6_pkey  (cost=0.00..30.07 rows=964 width=0)
	        Index Cond: ((id >= 4384603) AND (id <= 4385602))

table 7 : explain SELECT c FROM sbtest7 WHERE id BETWEEN 2631419 AND 2632418
	Bitmap Heap Scan on sbtest7  (cost=31.00..3995.17 rows=1031 width=121)
	  Recheck Cond: ((id >= 2631419) AND (id <= 2632418))
	  ->  Bitmap Index Scan on sbtest7_pkey  (cost=0.00..30.75 rows=1031 width=0)
	        Index Cond: ((id >= 2631419) AND (id <= 2632418))

table 8 : explain SELECT c FROM sbtest8 WHERE id BETWEEN 7428361 AND 7429360
	Bitmap Heap Scan on sbtest8  (cost=30.75..3898.19 rows=1006 width=121)
	  Recheck Cond: ((id >= 7428361) AND (id <= 7429360))
	  ->  Bitmap Index Scan on sbtest8_pkey  (cost=0.00..30.50 rows=1006 width=0)
	        Index Cond: ((id >= 7428361) AND (id <= 7429360))

for: sum_ranges
table 1 : explain SELECT SUM(k) FROM sbtest1 WHERE id BETWEEN 5455192 AND 5456191
	Aggregate  (cost=4235.29..4235.30 rows=1 width=8)
	  ->  Bitmap Heap Scan on sbtest1  (cost=31.67..4232.55 rows=1096 width=4)
	        Recheck Cond: ((id >= 5455192) AND (id <= 5456191))
	        ->  Bitmap Index Scan on sbtest1_pkey  (cost=0.00..31.39 rows=1096 width=0)
	              Index Cond: ((id >= 5455192) AND (id <= 5456191))

table 2 : explain SELECT SUM(k) FROM sbtest2 WHERE id BETWEEN 4525323 AND 4526322
	Aggregate  (cost=3837.47..3837.48 rows=1 width=8)
	  ->  Bitmap Heap Scan on sbtest2  (cost=30.58..3834.99 rows=990 width=4)
	        Recheck Cond: ((id >= 4525323) AND (id <= 4526322))
	        ->  Bitmap Index Scan on sbtest2_pkey  (cost=0.00..30.33 rows=990 width=0)
	              Index Cond: ((id >= 4525323) AND (id <= 4526322))

table 3 : explain SELECT SUM(k) FROM sbtest3 WHERE id BETWEEN 9141727 AND 9142726
	Aggregate  (cost=3936.16..3936.17 rows=1 width=8)
	  ->  Bitmap Heap Scan on sbtest3  (cost=30.85..3933.62 rows=1016 width=4)
	        Recheck Cond: ((id >= 9141727) AND (id <= 9142726))
	        ->  Bitmap Index Scan on sbtest3_pkey  (cost=0.00..30.59 rows=1016 width=0)
	              Index Cond: ((id >= 9141727) AND (id <= 9142726))

table 4 : explain SELECT SUM(k) FROM sbtest4 WHERE id BETWEEN 2484471 AND 2485470
	Aggregate  (cost=4297.71..4297.72 rows=1 width=8)
	  ->  Bitmap Heap Scan on sbtest4  (cost=31.83..4294.93 rows=1112 width=4)
	        Recheck Cond: ((id >= 2484471) AND (id <= 2485470))
	        ->  Bitmap Index Scan on sbtest4_pkey  (cost=0.00..31.55 rows=1112 width=0)
	              Index Cond: ((id >= 2484471) AND (id <= 2485470))

table 5 : explain SELECT SUM(k) FROM sbtest5 WHERE id BETWEEN 9487648 AND 9488647
	Aggregate  (cost=3785.92..3785.93 rows=1 width=8)
	  ->  Bitmap Heap Scan on sbtest5  (cost=30.43..3783.48 rows=975 width=4)
	        Recheck Cond: ((id >= 9487648) AND (id <= 9488647))
	        ->  Bitmap Index Scan on sbtest5_pkey  (cost=0.00..30.18 rows=975 width=0)
	              Index Cond: ((id >= 9487648) AND (id <= 9488647))

table 6 : explain SELECT SUM(k) FROM sbtest6 WHERE id BETWEEN 1874038 AND 1875037
	Aggregate  (cost=4058.86..4058.87 rows=1 width=8)
	  ->  Bitmap Heap Scan on sbtest6  (cost=31.18..4056.24 rows=1048 width=4)
	        Recheck Cond: ((id >= 1874038) AND (id <= 1875037))
	        ->  Bitmap Index Scan on sbtest6_pkey  (cost=0.00..30.91 rows=1048 width=0)
	              Index Cond: ((id >= 1874038) AND (id <= 1875037))

table 7 : explain SELECT SUM(k) FROM sbtest7 WHERE id BETWEEN 3832715 AND 3833714
	Aggregate  (cost=3895.69..3895.70 rows=1 width=8)
	  ->  Bitmap Heap Scan on sbtest7  (cost=30.73..3893.18 rows=1004 width=4)
	        Recheck Cond: ((id >= 3832715) AND (id <= 3833714))
	        ->  Bitmap Index Scan on sbtest7_pkey  (cost=0.00..30.47 rows=1004 width=0)
	              Index Cond: ((id >= 3832715) AND (id <= 3833714))

table 8 : explain SELECT SUM(k) FROM sbtest8 WHERE id BETWEEN 644531 AND 645530
	Aggregate  (cost=3446.28..3446.29 rows=1 width=8)
	  ->  Bitmap Heap Scan on sbtest8  (cost=25.53..3444.06 rows=887 width=4)
	        Recheck Cond: ((id >= 644531) AND (id <= 645530))
	        ->  Bitmap Index Scan on sbtest8_pkey  (cost=0.00..25.30 rows=887 width=0)
	              Index Cond: ((id >= 644531) AND (id <= 645530))

for: sum_ranges
table 1 : explain SELECT SUM(k) FROM sbtest1 WHERE id BETWEEN 6931393 AND 6932392
	Aggregate  (cost=3956.72..3956.73 rows=1 width=8)
	  ->  Bitmap Heap Scan on sbtest1  (cost=30.91..3954.17 rows=1022 width=4)
	        Recheck Cond: ((id >= 6931393) AND (id <= 6932392))
	        ->  Bitmap Index Scan on sbtest1_pkey  (cost=0.00..30.65 rows=1022 width=0)
	              Index Cond: ((id >= 6931393) AND (id <= 6932392))

table 2 : explain SELECT SUM(k) FROM sbtest2 WHERE id BETWEEN 6411465 AND 6412464
	Aggregate  (cost=3818.59..3818.60 rows=1 width=8)
	  ->  Bitmap Heap Scan on sbtest2  (cost=30.53..3816.13 rows=985 width=4)
	        Recheck Cond: ((id >= 6411465) AND (id <= 6412464))
	        ->  Bitmap Index Scan on sbtest2_pkey  (cost=0.00..30.29 rows=985 width=0)
	              Index Cond: ((id >= 6411465) AND (id <= 6412464))

table 3 : explain SELECT SUM(k) FROM sbtest3 WHERE id BETWEEN 2855619 AND 2856618
	Aggregate  (cost=3705.78..3705.79 rows=1 width=8)
	  ->  Bitmap Heap Scan on sbtest3  (cost=30.22..3703.39 rows=955 width=4)
	        Recheck Cond: ((id >= 2855619) AND (id <= 2856618))
	        ->  Bitmap Index Scan on sbtest3_pkey  (cost=0.00..29.98 rows=955 width=0)
	              Index Cond: ((id >= 2855619) AND (id <= 2856618))

table 4 : explain SELECT SUM(k) FROM sbtest4 WHERE id BETWEEN 7131057 AND 7132056
	Aggregate  (cost=4113.28..4113.29 rows=1 width=8)
	  ->  Bitmap Heap Scan on sbtest4  (cost=31.33..4110.62 rows=1063 width=4)
	        Recheck Cond: ((id >= 7131057) AND (id <= 7132056))
	        ->  Bitmap Index Scan on sbtest4_pkey  (cost=0.00..31.07 rows=1063 width=0)
	              Index Cond: ((id >= 7131057) AND (id <= 7132056))

table 5 : explain SELECT SUM(k) FROM sbtest5 WHERE id BETWEEN 6690005 AND 6691004
	Aggregate  (cost=3857.81..3857.82 rows=1 width=8)
	  ->  Bitmap Heap Scan on sbtest5  (cost=30.62..3855.33 rows=994 width=4)
	        Recheck Cond: ((id >= 6690005) AND (id <= 6691004))
	        ->  Bitmap Index Scan on sbtest5_pkey  (cost=0.00..30.37 rows=994 width=0)
	              Index Cond: ((id >= 6690005) AND (id <= 6691004))

table 6 : explain SELECT SUM(k) FROM sbtest6 WHERE id BETWEEN 78450 AND 79449
	Aggregate  (cost=3889.00..3889.01 rows=1 width=8)
	  ->  Bitmap Heap Scan on sbtest6  (cost=30.72..3886.49 rows=1003 width=4)
	        Recheck Cond: ((id >= 78450) AND (id <= 79449))
	        ->  Bitmap Index Scan on sbtest6_pkey  (cost=0.00..30.46 rows=1003 width=0)
	              Index Cond: ((id >= 78450) AND (id <= 79449))

table 7 : explain SELECT SUM(k) FROM sbtest7 WHERE id BETWEEN 3667606 AND 3668605
	Aggregate  (cost=4069.51..4069.52 rows=1 width=8)
	  ->  Bitmap Heap Scan on sbtest7  (cost=31.20..4066.89 rows=1050 width=4)
	        Recheck Cond: ((id >= 3667606) AND (id <= 3668605))
	        ->  Bitmap Index Scan on sbtest7_pkey  (cost=0.00..30.93 rows=1050 width=0)
	              Index Cond: ((id >= 3667606) AND (id <= 3668605))

table 8 : explain SELECT SUM(k) FROM sbtest8 WHERE id BETWEEN 7842099 AND 7843098
	Aggregate  (cost=3726.81..3726.82 rows=1 width=8)
	  ->  Bitmap Heap Scan on sbtest8  (cost=30.27..3724.41 rows=960 width=4)
	        Recheck Cond: ((id >= 7842099) AND (id <= 7843098))
	        ->  Bitmap Index Scan on sbtest8_pkey  (cost=0.00..30.04 rows=960 width=0)
	              Index Cond: ((id >= 7842099) AND (id <= 7843098))

for: order_ranges
table 1 : explain SELECT c FROM sbtest1 WHERE id BETWEEN 3479981 AND 3480980 ORDER BY c
	Sort  (cost=3741.13..3743.51 rows=953 width=121)
	  Sort Key: c
	  ->  Bitmap Heap Scan on sbtest1  (cost=30.20..3693.97 rows=953 width=121)
	        Recheck Cond: ((id >= 3479981) AND (id <= 3480980))
	        ->  Bitmap Index Scan on sbtest1_pkey  (cost=0.00..29.96 rows=953 width=0)
	              Index Cond: ((id >= 3479981) AND (id <= 3480980))

table 2 : explain SELECT c FROM sbtest2 WHERE id BETWEEN 1843890 AND 1844889 ORDER BY c
	Sort  (cost=3999.09..4001.64 rows=1020 width=121)
	  Sort Key: c
	  ->  Bitmap Heap Scan on sbtest2  (cost=30.89..3948.12 rows=1020 width=121)
	        Recheck Cond: ((id >= 1843890) AND (id <= 1844889))
	        ->  Bitmap Index Scan on sbtest2_pkey  (cost=0.00..30.64 rows=1020 width=0)
	              Index Cond: ((id >= 1843890) AND (id <= 1844889))

table 3 : explain SELECT c FROM sbtest3 WHERE id BETWEEN 7849491 AND 7850490 ORDER BY c
	Sort  (cost=3930.76..3933.27 rows=1002 width=121)
	  Sort Key: c
	  ->  Bitmap Heap Scan on sbtest3  (cost=30.71..3880.82 rows=1002 width=121)
	        Recheck Cond: ((id >= 7849491) AND (id <= 7850490))
	        ->  Bitmap Index Scan on sbtest3_pkey  (cost=0.00..30.45 rows=1002 width=0)
	              Index Cond: ((id >= 7849491) AND (id <= 7850490))

table 4 : explain SELECT c FROM sbtest4 WHERE id BETWEEN 4482282 AND 4483281 ORDER BY c
	Sort  (cost=3896.24..3898.72 rows=993 width=121)
	  Sort Key: c
	  ->  Bitmap Heap Scan on sbtest4  (cost=30.61..3846.81 rows=993 width=121)
	        Recheck Cond: ((id >= 4482282) AND (id <= 4483281))
	        ->  Bitmap Index Scan on sbtest4_pkey  (cost=0.00..30.36 rows=993 width=0)
	              Index Cond: ((id >= 4482282) AND (id <= 4483281))

table 5 : explain SELECT c FROM sbtest5 WHERE id BETWEEN 4884706 AND 4885705 ORDER BY c
	Sort  (cost=3751.23..3753.62 rows=954 width=121)
	  Sort Key: c
	  ->  Bitmap Heap Scan on sbtest5  (cost=30.21..3704.02 rows=954 width=121)
	        Recheck Cond: ((id >= 4884706) AND (id <= 4885705))
	        ->  Bitmap Index Scan on sbtest5_pkey  (cost=0.00..29.97 rows=954 width=0)
	              Index Cond: ((id >= 4884706) AND (id <= 4885705))

table 6 : explain SELECT c FROM sbtest6 WHERE id BETWEEN 4068331 AND 4069330 ORDER BY c
	Sort  (cost=3813.81..3816.24 rows=971 width=121)
	  Sort Key: c
	  ->  Bitmap Heap Scan on sbtest6  (cost=30.39..3765.64 rows=971 width=121)
	        Recheck Cond: ((id >= 4068331) AND (id <= 4069330))
	        ->  Bitmap Index Scan on sbtest6_pkey  (cost=0.00..30.14 rows=971 width=0)
	              Index Cond: ((id >= 4068331) AND (id <= 4069330))

table 7 : explain SELECT c FROM sbtest7 WHERE id BETWEEN 3739358 AND 3740357 ORDER BY c
	Sort  (cost=4016.10..4018.66 rows=1023 width=121)
	  Sort Key: c
	  ->  Bitmap Heap Scan on sbtest7  (cost=30.92..3964.96 rows=1023 width=121)
	        Recheck Cond: ((id >= 3739358) AND (id <= 3740357))
	        ->  Bitmap Index Scan on sbtest7_pkey  (cost=0.00..30.66 rows=1023 width=0)
	              Index Cond: ((id >= 3739358) AND (id <= 3740357))

table 8 : explain SELECT c FROM sbtest8 WHERE id BETWEEN 3102975 AND 3103974 ORDER BY c
	Sort  (cost=3967.52..3970.05 rows=1011 width=121)
	  Sort Key: c
	  ->  Bitmap Heap Scan on sbtest8  (cost=30.80..3917.06 rows=1011 width=121)
	        Recheck Cond: ((id >= 3102975) AND (id <= 3103974))
	        ->  Bitmap Index Scan on sbtest8_pkey  (cost=0.00..30.54 rows=1011 width=0)
	              Index Cond: ((id >= 3102975) AND (id <= 3103974))

for: order_ranges
table 1 : explain SELECT c FROM sbtest1 WHERE id BETWEEN 7799271 AND 7800270 ORDER BY c
	Sort  (cost=3882.83..3885.31 rows=990 width=121)
	  Sort Key: c
	  ->  Bitmap Heap Scan on sbtest1  (cost=30.58..3833.57 rows=990 width=121)
	        Recheck Cond: ((id >= 7799271) AND (id <= 7800270))
	        ->  Bitmap Index Scan on sbtest1_pkey  (cost=0.00..30.33 rows=990 width=0)
	              Index Cond: ((id >= 7799271) AND (id <= 7800270))

table 2 : explain SELECT c FROM sbtest2 WHERE id BETWEEN 7507130 AND 7508129 ORDER BY c
	Sort  (cost=4071.77..4074.37 rows=1039 width=121)
	  Sort Key: c
	  ->  Bitmap Heap Scan on sbtest2  (cost=31.08..4019.71 rows=1039 width=121)
	        Recheck Cond: ((id >= 7507130) AND (id <= 7508129))
	        ->  Bitmap Index Scan on sbtest2_pkey  (cost=0.00..30.82 rows=1039 width=0)
	              Index Cond: ((id >= 7507130) AND (id <= 7508129))

table 3 : explain SELECT c FROM sbtest3 WHERE id BETWEEN 1236265 AND 1237264 ORDER BY c
	Sort  (cost=4045.58..4048.16 rows=1032 width=121)
	  Sort Key: c
	  ->  Bitmap Heap Scan on sbtest3  (cost=31.01..3993.93 rows=1032 width=121)
	        Recheck Cond: ((id >= 1236265) AND (id <= 1237264))
	        ->  Bitmap Index Scan on sbtest3_pkey  (cost=0.00..30.75 rows=1032 width=0)
	              Index Cond: ((id >= 1236265) AND (id <= 1237264))

table 4 : explain SELECT c FROM sbtest4 WHERE id BETWEEN 7021151 AND 7022150 ORDER BY c
	Sort  (cost=3857.93..3860.39 rows=983 width=121)
	  Sort Key: c
	  ->  Bitmap Heap Scan on sbtest4  (cost=30.51..3809.07 rows=983 width=121)
	        Recheck Cond: ((id >= 7021151) AND (id <= 7022150))
	        ->  Bitmap Index Scan on sbtest4_pkey  (cost=0.00..30.26 rows=983 width=0)
	              Index Cond: ((id >= 7021151) AND (id <= 7022150))

table 5 : explain SELECT c FROM sbtest5 WHERE id BETWEEN 3280271 AND 3281270 ORDER BY c
	Sort  (cost=3743.55..3745.93 rows=952 width=121)
	  Sort Key: c
	  ->  Bitmap Heap Scan on sbtest5  (cost=30.19..3696.45 rows=952 width=121)
	        Recheck Cond: ((id >= 3280271) AND (id <= 3281270))
	        ->  Bitmap Index Scan on sbtest5_pkey  (cost=0.00..29.95 rows=952 width=0)
	              Index Cond: ((id >= 3280271) AND (id <= 3281270))

table 6 : explain SELECT c FROM sbtest6 WHERE id BETWEEN 1278821 AND 1279820 ORDER BY c
	Sort  (cost=4070.54..4073.14 rows=1038 width=121)
	  Sort Key: c
	  ->  Bitmap Heap Scan on sbtest6  (cost=31.07..4018.54 rows=1038 width=121)
	        Recheck Cond: ((id >= 1278821) AND (id <= 1279820))
	        ->  Bitmap Index Scan on sbtest6_pkey  (cost=0.00..30.82 rows=1038 width=0)
	              Index Cond: ((id >= 1278821) AND (id <= 1279820))

table 7 : explain SELECT c FROM sbtest7 WHERE id BETWEEN 7275247 AND 7276246 ORDER BY c
	Sort  (cost=3797.38..3799.79 rows=966 width=121)
	  Sort Key: c
	  ->  Bitmap Heap Scan on sbtest7  (cost=30.34..3749.48 rows=966 width=121)
	        Recheck Cond: ((id >= 7275247) AND (id <= 7276246))
	        ->  Bitmap Index Scan on sbtest7_pkey  (cost=0.00..30.09 rows=966 width=0)
	              Index Cond: ((id >= 7275247) AND (id <= 7276246))

table 8 : explain SELECT c FROM sbtest8 WHERE id BETWEEN 7966670 AND 7967669 ORDER BY c
	Sort  (cost=3775.80..3778.20 rows=961 width=121)
	  Sort Key: c
	  ->  Bitmap Heap Scan on sbtest8  (cost=30.29..3728.19 rows=961 width=121)
	        Recheck Cond: ((id >= 7966670) AND (id <= 7967669))
	        ->  Bitmap Index Scan on sbtest8_pkey  (cost=0.00..30.04 rows=961 width=0)
	              Index Cond: ((id >= 7966670) AND (id <= 7967669))

for: simple_ranges
table 1 : explain SELECT c FROM sbtest1 WHERE id BETWEEN 4113273 AND 4114272
	Bitmap Heap Scan on sbtest1  (cost=31.07..4014.42 rows=1038 width=121)
	  Recheck Cond: ((id >= 4113273) AND (id <= 4114272))
	  ->  Bitmap Index Scan on sbtest1_pkey  (cost=0.00..30.82 rows=1038 width=0)
	        Index Cond: ((id >= 4113273) AND (id <= 4114272))

table 2 : explain SELECT c FROM sbtest2 WHERE id BETWEEN 3011390 AND 3012389
	Bitmap Heap Scan on sbtest2  (cost=30.50..3804.81 rows=982 width=121)
	  Recheck Cond: ((id >= 3011390) AND (id <= 3012389))
	  ->  Bitmap Index Scan on sbtest2_pkey  (cost=0.00..30.25 rows=982 width=0)
	        Index Cond: ((id >= 3011390) AND (id <= 3012389))

table 3 : explain SELECT c FROM sbtest3 WHERE id BETWEEN 6604756 AND 6605755
	Bitmap Heap Scan on sbtest3  (cost=30.94..3967.54 rows=1025 width=121)
	  Recheck Cond: ((id >= 6604756) AND (id <= 6605755))
	  ->  Bitmap Index Scan on sbtest3_pkey  (cost=0.00..30.68 rows=1025 width=0)
	        Index Cond: ((id >= 6604756) AND (id <= 6605755))

table 4 : explain SELECT c FROM sbtest4 WHERE id BETWEEN 3071388 AND 3072387
	Bitmap Heap Scan on sbtest4  (cost=30.81..3918.47 rows=1012 width=121)
	  Recheck Cond: ((id >= 3071388) AND (id <= 3072387))
	  ->  Bitmap Index Scan on sbtest4_pkey  (cost=0.00..30.55 rows=1012 width=0)
	        Index Cond: ((id >= 3071388) AND (id <= 3072387))

table 5 : explain SELECT c FROM sbtest5 WHERE id BETWEEN 7969158 AND 7970157
	Bitmap Heap Scan on sbtest5  (cost=31.11..4032.86 rows=1041 width=121)
	  Recheck Cond: ((id >= 7969158) AND (id <= 7970157))
	  ->  Bitmap Index Scan on sbtest5_pkey  (cost=0.00..30.84 rows=1041 width=0)
	        Index Cond: ((id >= 7969158) AND (id <= 7970157))

table 6 : explain SELECT c FROM sbtest6 WHERE id BETWEEN 4462504 AND 4463503
	Bitmap Heap Scan on sbtest6  (cost=31.58..4203.15 rows=1087 width=121)
	  Recheck Cond: ((id >= 4462504) AND (id <= 4463503))
	  ->  Bitmap Index Scan on sbtest6_pkey  (cost=0.00..31.30 rows=1087 width=0)
	        Index Cond: ((id >= 4462504) AND (id <= 4463503))

table 7 : explain SELECT c FROM sbtest7 WHERE id BETWEEN 9224338 AND 9225337
	Bitmap Heap Scan on sbtest7  (cost=30.52..3817.57 rows=984 width=121)
	  Recheck Cond: ((id >= 9224338) AND (id <= 9225337))
	  ->  Bitmap Index Scan on sbtest7_pkey  (cost=0.00..30.27 rows=984 width=0)
	        Index Cond: ((id >= 9224338) AND (id <= 9225337))

table 8 : explain SELECT c FROM sbtest8 WHERE id BETWEEN 4349011 AND 4350010
	Bitmap Heap Scan on sbtest8  (cost=30.19..3694.16 rows=952 width=121)
	  Recheck Cond: ((id >= 4349011) AND (id <= 4350010))
	  ->  Bitmap Index Scan on sbtest8_pkey  (cost=0.00..29.95 rows=952 width=0)
	        Index Cond: ((id >= 4349011) AND (id <= 4350010))

for point_selects
table 1 : explain SELECT c FROM sbtest1 WHERE id=612777
	Index Scan using sbtest1_pkey on sbtest1  (cost=0.43..8.45 rows=1 width=121)
	  Index Cond: (id = 612777)

table 2 : explain SELECT c FROM sbtest2 WHERE id=4579479
	Index Scan using sbtest2_pkey on sbtest2  (cost=0.43..8.45 rows=1 width=121)
	  Index Cond: (id = 4579479)

table 3 : explain SELECT c FROM sbtest3 WHERE id=5229825
	Index Scan using sbtest3_pkey on sbtest3  (cost=0.43..8.45 rows=1 width=121)
	  Index Cond: (id = 5229825)

table 4 : explain SELECT c FROM sbtest4 WHERE id=2906345
	Index Scan using sbtest4_pkey on sbtest4  (cost=0.43..8.45 rows=1 width=121)
	  Index Cond: (id = 2906345)

table 5 : explain SELECT c FROM sbtest5 WHERE id=6335192
	Index Scan using sbtest5_pkey on sbtest5  (cost=0.43..8.45 rows=1 width=121)
	  Index Cond: (id = 6335192)

table 6 : explain SELECT c FROM sbtest6 WHERE id=2595307
	Index Scan using sbtest6_pkey on sbtest6  (cost=0.43..8.45 rows=1 width=121)
	  Index Cond: (id = 2595307)

table 7 : explain SELECT c FROM sbtest7 WHERE id=878222
	Index Scan using sbtest7_pkey on sbtest7  (cost=0.43..8.45 rows=1 width=121)
	  Index Cond: (id = 878222)

table 8 : explain SELECT c FROM sbtest8 WHERE id=8916112
	Index Scan using sbtest8_pkey on sbtest8  (cost=0.43..8.45 rows=1 width=121)
	  Index Cond: (id = 8916112)

for: order_ranges
table 1 : explain SELECT c FROM sbtest1 WHERE id BETWEEN 3012995 AND 3013994 ORDER BY c
	Sort  (cost=3833.06..3835.50 rows=977 width=121)
	  Sort Key: c
	  ->  Bitmap Heap Scan on sbtest1  (cost=30.45..3784.54 rows=977 width=121)
	        Recheck Cond: ((id >= 3012995) AND (id <= 3013994))
	        ->  Bitmap Index Scan on sbtest1_pkey  (cost=0.00..30.20 rows=977 width=0)
	              Index Cond: ((id >= 3012995) AND (id <= 3013994))

table 2 : explain SELECT c FROM sbtest2 WHERE id BETWEEN 4446528 AND 4447527 ORDER BY c
	Sort  (cost=3822.96..3825.40 rows=974 width=121)
	  Sort Key: c
	  ->  Bitmap Heap Scan on sbtest2  (cost=30.42..3774.61 rows=974 width=121)
	        Recheck Cond: ((id >= 4446528) AND (id <= 4447527))
	        ->  Bitmap Index Scan on sbtest2_pkey  (cost=0.00..30.18 rows=974 width=0)
	              Index Cond: ((id >= 4446528) AND (id <= 4447527))

table 3 : explain SELECT c FROM sbtest3 WHERE id BETWEEN 3091735 AND 3092734 ORDER BY c
	Sort  (cost=3746.82..3749.21 rows=954 width=121)
	  Sort Key: c
	  ->  Bitmap Heap Scan on sbtest3  (cost=30.21..3699.61 rows=954 width=121)
	        Recheck Cond: ((id >= 3091735) AND (id <= 3092734))
	        ->  Bitmap Index Scan on sbtest3_pkey  (cost=0.00..29.97 rows=954 width=0)
	              Index Cond: ((id >= 3091735) AND (id <= 3092734))

table 4 : explain SELECT c FROM sbtest4 WHERE id BETWEEN 1776187 AND 1777186 ORDER BY c
	Sort  (cost=3635.34..3637.66 rows=926 width=121)
	  Sort Key: c
	  ->  Bitmap Heap Scan on sbtest4  (cost=25.93..3589.71 rows=926 width=121)
	        Recheck Cond: ((id >= 1776187) AND (id <= 1777186))
	        ->  Bitmap Index Scan on sbtest4_pkey  (cost=0.00..25.69 rows=926 width=0)
	              Index Cond: ((id >= 1776187) AND (id <= 1777186))

table 5 : explain SELECT c FROM sbtest5 WHERE id BETWEEN 401711 AND 402710 ORDER BY c
	Sort  (cost=3504.95..3507.18 rows=891 width=121)
	  Sort Key: c
	  ->  Bitmap Heap Scan on sbtest5  (cost=25.57..3461.30 rows=891 width=121)
	        Recheck Cond: ((id >= 401711) AND (id <= 402710))
	        ->  Bitmap Index Scan on sbtest5_pkey  (cost=0.00..25.34 rows=891 width=0)
	              Index Cond: ((id >= 401711) AND (id <= 402710))

table 6 : explain SELECT c FROM sbtest6 WHERE id BETWEEN 9545289 AND 9546288 ORDER BY c
	Sort  (cost=3955.65..3958.17 rows=1008 width=121)
	  Sort Key: c
	  ->  Bitmap Heap Scan on sbtest6  (cost=30.77..3905.37 rows=1008 width=121)
	        Recheck Cond: ((id >= 9545289) AND (id <= 9546288))
	        ->  Bitmap Index Scan on sbtest6_pkey  (cost=0.00..30.51 rows=1008 width=0)
	              Index Cond: ((id >= 9545289) AND (id <= 9546288))

table 7 : explain SELECT c FROM sbtest7 WHERE id BETWEEN 7420198 AND 7421197 ORDER BY c
	Sort  (cost=3966.25..3968.78 rows=1010 width=121)
	  Sort Key: c
	  ->  Bitmap Heap Scan on sbtest7  (cost=30.79..3915.85 rows=1010 width=121)
	        Recheck Cond: ((id >= 7420198) AND (id <= 7421197))
	        ->  Bitmap Index Scan on sbtest7_pkey  (cost=0.00..30.54 rows=1010 width=0)
	              Index Cond: ((id >= 7420198) AND (id <= 7421197))

table 8 : explain SELECT c FROM sbtest8 WHERE id BETWEEN 3912414 AND 3913413 ORDER BY c
	Sort  (cost=3545.18..3547.43 rows=902 width=121)
	  Sort Key: c
	  ->  Bitmap Heap Scan on sbtest8  (cost=25.68..3500.90 rows=902 width=121)
	        Recheck Cond: ((id >= 3912414) AND (id <= 3913413))
	        ->  Bitmap Index Scan on sbtest8_pkey  (cost=0.00..25.45 rows=902 width=0)
	              Index Cond: ((id >= 3912414) AND (id <= 3913413))

for: sum_ranges
table 1 : explain SELECT SUM(k) FROM sbtest1 WHERE id BETWEEN 3927042 AND 3928041
	Aggregate  (cost=3862.46..3862.47 rows=1 width=8)
	  ->  Bitmap Heap Scan on sbtest1  (cost=30.65..3859.96 rows=997 width=4)
	        Recheck Cond: ((id >= 3927042) AND (id <= 3928041))
	        ->  Bitmap Index Scan on sbtest1_pkey  (cost=0.00..30.40 rows=997 width=0)
	              Index Cond: ((id >= 3927042) AND (id <= 3928041))

table 2 : explain SELECT SUM(k) FROM sbtest2 WHERE id BETWEEN 9008867 AND 9009866
	Aggregate  (cost=3965.76..3965.77 rows=1 width=8)
	  ->  Bitmap Heap Scan on sbtest2  (cost=30.93..3963.20 rows=1024 width=4)
	        Recheck Cond: ((id >= 9008867) AND (id <= 9009866))
	        ->  Bitmap Index Scan on sbtest2_pkey  (cost=0.00..30.68 rows=1024 width=0)
	              Index Cond: ((id >= 9008867) AND (id <= 9009866))

table 3 : explain SELECT SUM(k) FROM sbtest3 WHERE id BETWEEN 6696343 AND 6697342
	Aggregate  (cost=4286.50..4286.51 rows=1 width=8)
	  ->  Bitmap Heap Scan on sbtest3  (cost=31.80..4283.73 rows=1109 width=4)
	        Recheck Cond: ((id >= 6696343) AND (id <= 6697342))
	        ->  Bitmap Index Scan on sbtest3_pkey  (cost=0.00..31.52 rows=1109 width=0)
	              Index Cond: ((id >= 6696343) AND (id <= 6697342))

table 4 : explain SELECT SUM(k) FROM sbtest4 WHERE id BETWEEN 8099105 AND 8100104
	Aggregate  (cost=3728.40..3728.41 rows=1 width=8)
	  ->  Bitmap Heap Scan on sbtest4  (cost=30.29..3726.00 rows=961 width=4)
	        Recheck Cond: ((id >= 8099105) AND (id <= 8100104))
	        ->  Bitmap Index Scan on sbtest4_pkey  (cost=0.00..30.04 rows=961 width=0)
	              Index Cond: ((id >= 8099105) AND (id <= 8100104))

table 5 : explain SELECT SUM(k) FROM sbtest5 WHERE id BETWEEN 946972 AND 947971
	Aggregate  (cost=4167.58..4167.59 rows=1 width=8)
	  ->  Bitmap Heap Scan on sbtest5  (cost=31.46..4164.89 rows=1076 width=4)
	        Recheck Cond: ((id >= 946972) AND (id <= 947971))
	        ->  Bitmap Index Scan on sbtest5_pkey  (cost=0.00..31.19 rows=1076 width=0)
	              Index Cond: ((id >= 946972) AND (id <= 947971))

table 6 : explain SELECT SUM(k) FROM sbtest6 WHERE id BETWEEN 5798761 AND 5799760
	Aggregate  (cost=3839.89..3839.90 rows=1 width=8)
	  ->  Bitmap Heap Scan on sbtest6  (cost=30.58..3837.41 rows=990 width=4)
	        Recheck Cond: ((id >= 5798761) AND (id <= 5799760))
	        ->  Bitmap Index Scan on sbtest6_pkey  (cost=0.00..30.33 rows=990 width=0)
	              Index Cond: ((id >= 5798761) AND (id <= 5799760))

table 7 : explain SELECT SUM(k) FROM sbtest7 WHERE id BETWEEN 3126153 AND 3127152
	Aggregate  (cost=4092.17..4092.18 rows=1 width=8)
	  ->  Bitmap Heap Scan on sbtest7  (cost=31.26..4089.53 rows=1056 width=4)
	        Recheck Cond: ((id >= 3126153) AND (id <= 3127152))
	        ->  Bitmap Index Scan on sbtest7_pkey  (cost=0.00..31.00 rows=1056 width=0)
	              Index Cond: ((id >= 3126153) AND (id <= 3127152))

table 8 : explain SELECT SUM(k) FROM sbtest8 WHERE id BETWEEN 8707163 AND 8708162
	Aggregate  (cost=3590.52..3590.53 rows=1 width=8)
	  ->  Bitmap Heap Scan on sbtest8  (cost=29.91..3588.21 rows=924 width=4)
	        Recheck Cond: ((id >= 8707163) AND (id <= 8708162))
	        ->  Bitmap Index Scan on sbtest8_pkey  (cost=0.00..29.68 rows=924 width=0)
	              Index Cond: ((id >= 8707163) AND (id <= 8708162))

for: sum_ranges
table 1 : explain SELECT SUM(k) FROM sbtest1 WHERE id BETWEEN 518189 AND 519188
	Aggregate  (cost=3688.80..3688.81 rows=1 width=8)
	  ->  Bitmap Heap Scan on sbtest1  (cost=30.18..3686.42 rows=951 width=4)
	        Recheck Cond: ((id >= 518189) AND (id <= 519188))
	        ->  Bitmap Index Scan on sbtest1_pkey  (cost=0.00..29.94 rows=951 width=0)
	              Index Cond: ((id >= 518189) AND (id <= 519188))

table 2 : explain SELECT SUM(k) FROM sbtest2 WHERE id BETWEEN 3668113 AND 3669112
	Aggregate  (cost=4124.03..4124.04 rows=1 width=8)
	  ->  Bitmap Heap Scan on sbtest2  (cost=31.36..4121.36 rows=1066 width=4)
	        Recheck Cond: ((id >= 3668113) AND (id <= 3669112))
	        ->  Bitmap Index Scan on sbtest2_pkey  (cost=0.00..31.09 rows=1066 width=0)
	              Index Cond: ((id >= 3668113) AND (id <= 3669112))

table 3 : explain SELECT SUM(k) FROM sbtest3 WHERE id BETWEEN 2074680 AND 2075679
	Aggregate  (cost=3633.70..3633.71 rows=1 width=8)
	  ->  Bitmap Heap Scan on sbtest3  (cost=26.04..3631.36 rows=937 width=4)
	        Recheck Cond: ((id >= 2074680) AND (id <= 2075679))
	        ->  Bitmap Index Scan on sbtest3_pkey  (cost=0.00..25.80 rows=937 width=0)
	              Index Cond: ((id >= 2074680) AND (id <= 2075679))

table 4 : explain SELECT SUM(k) FROM sbtest4 WHERE id BETWEEN 990382 AND 991381
	Aggregate  (cost=3728.40..3728.41 rows=1 width=8)
	  ->  Bitmap Heap Scan on sbtest4  (cost=30.29..3726.00 rows=961 width=4)
	        Recheck Cond: ((id >= 990382) AND (id <= 991381))
	        ->  Bitmap Index Scan on sbtest4_pkey  (cost=0.00..30.04 rows=961 width=0)
	              Index Cond: ((id >= 990382) AND (id <= 991381))

table 5 : explain SELECT SUM(k) FROM sbtest5 WHERE id BETWEEN 1764296 AND 1765295
	Aggregate  (cost=3766.99..3767.00 rows=1 width=8)
	  ->  Bitmap Heap Scan on sbtest5  (cost=30.38..3764.56 rows=970 width=4)
	        Recheck Cond: ((id >= 1764296) AND (id <= 1765295))
	        ->  Bitmap Index Scan on sbtest5_pkey  (cost=0.00..30.14 rows=970 width=0)
	              Index Cond: ((id >= 1764296) AND (id <= 1765295))

table 6 : explain SELECT SUM(k) FROM sbtest6 WHERE id BETWEEN 9922916 AND 9923915
	Aggregate  (cost=3779.41..3779.42 rows=1 width=8)
	  ->  Bitmap Heap Scan on sbtest6  (cost=30.42..3776.97 rows=974 width=4)
	        Recheck Cond: ((id >= 9922916) AND (id <= 9923915))
	        ->  Bitmap Index Scan on sbtest6_pkey  (cost=0.00..30.18 rows=974 width=0)
	              Index Cond: ((id >= 9922916) AND (id <= 9923915))

table 7 : explain SELECT SUM(k) FROM sbtest7 WHERE id BETWEEN 1615193 AND 1616192
	Aggregate  (cost=4137.46..4137.47 rows=1 width=8)
	  ->  Bitmap Heap Scan on sbtest7  (cost=31.38..4134.79 rows=1068 width=4)
	        Recheck Cond: ((id >= 1615193) AND (id <= 1616192))
	        ->  Bitmap Index Scan on sbtest7_pkey  (cost=0.00..31.11 rows=1068 width=0)
	              Index Cond: ((id >= 1615193) AND (id <= 1616192))

table 8 : explain SELECT SUM(k) FROM sbtest8 WHERE id BETWEEN 2944258 AND 2945257
	Aggregate  (cost=4221.35..4221.36 rows=1 width=8)
	  ->  Bitmap Heap Scan on sbtest8  (cost=31.62..4218.62 rows=1091 width=4)
	        Recheck Cond: ((id >= 2944258) AND (id <= 2945257))
	        ->  Bitmap Index Scan on sbtest8_pkey  (cost=0.00..31.34 rows=1091 width=0)
	              Index Cond: ((id >= 2944258) AND (id <= 2945257))

for: distinct_ranges
table 1 : explain SELECT DISTINCT c FROM sbtest1 WHERE id BETWEEN 5012126 AND 5013125 ORDER BY c
	Unique  (cost=3840.72..3845.61 rows=979 width=121)
	  ->  Sort  (cost=3840.72..3843.17 rows=979 width=121)
	        Sort Key: c
	        ->  Bitmap Heap Scan on sbtest1  (cost=30.47..3792.09 rows=979 width=121)
	              Recheck Cond: ((id >= 5012126) AND (id <= 5013125))
	              ->  Bitmap Index Scan on sbtest1_pkey  (cost=0.00..30.22 rows=979 width=0)
	                    Index Cond: ((id >= 5012126) AND (id <= 5013125))

table 2 : explain SELECT DISTINCT c FROM sbtest2 WHERE id BETWEEN 268076 AND 269075 ORDER BY c
	Unique  (cost=3922.54..3927.54 rows=1000 width=121)
	  ->  Sort  (cost=3922.54..3925.04 rows=1000 width=121)
	        Sort Key: c
	        ->  Bitmap Heap Scan on sbtest2  (cost=30.68..3872.72 rows=1000 width=121)
	              Recheck Cond: ((id >= 268076) AND (id <= 269075))
	              ->  Bitmap Index Scan on sbtest2_pkey  (cost=0.00..30.43 rows=1000 width=0)
	                    Index Cond: ((id >= 268076) AND (id <= 269075))

table 3 : explain SELECT DISTINCT c FROM sbtest3 WHERE id BETWEEN 8791221 AND 8792220 ORDER BY c
	Unique  (cost=3685.28..3689.98 rows=939 width=121)
	  ->  Sort  (cost=3685.28..3687.63 rows=939 width=121)
	        Sort Key: c
	        ->  Bitmap Heap Scan on sbtest3  (cost=26.06..3638.92 rows=939 width=121)
	              Recheck Cond: ((id >= 8791221) AND (id <= 8792220))
	              ->  Bitmap Index Scan on sbtest3_pkey  (cost=0.00..25.82 rows=939 width=0)
	                    Index Cond: ((id >= 8791221) AND (id <= 8792220))

table 4 : explain SELECT DISTINCT c FROM sbtest4 WHERE id BETWEEN 9407252 AND 9408251 ORDER BY c
	Unique  (cost=3769.77..3774.57 rows=960 width=121)
	  ->  Sort  (cost=3769.77..3772.17 rows=960 width=121)
	        Sort Key: c
	        ->  Bitmap Heap Scan on sbtest4  (cost=30.27..3722.22 rows=960 width=121)
	              Recheck Cond: ((id >= 9407252) AND (id <= 9408251))
	              ->  Bitmap Index Scan on sbtest4_pkey  (cost=0.00..30.04 rows=960 width=0)
	                    Index Cond: ((id >= 9407252) AND (id <= 9408251))

table 5 : explain SELECT DISTINCT c FROM sbtest5 WHERE id BETWEEN 5724222 AND 5725221 ORDER BY c
	Unique  (cost=3582.07..3586.62 rows=910 width=121)
	  ->  Sort  (cost=3582.07..3584.35 rows=910 width=121)
	        Sort Key: c
	        ->  Bitmap Heap Scan on sbtest5  (cost=29.76..3537.35 rows=910 width=121)
	              Recheck Cond: ((id >= 5724222) AND (id <= 5725221))
	              ->  Bitmap Index Scan on sbtest5_pkey  (cost=0.00..29.54 rows=910 width=0)
	                    Index Cond: ((id >= 5724222) AND (id <= 5725221))

table 6 : explain SELECT DISTINCT c FROM sbtest6 WHERE id BETWEEN 3753136 AND 3754135 ORDER BY c
	Unique  (cost=3936.50..3941.51 rows=1003 width=121)
	  ->  Sort  (cost=3936.50..3939.00 rows=1003 width=121)
	        Sort Key: c
	        ->  Bitmap Heap Scan on sbtest6  (cost=30.72..3886.49 rows=1003 width=121)
	              Recheck Cond: ((id >= 3753136) AND (id <= 3754135))
	              ->  Bitmap Index Scan on sbtest6_pkey  (cost=0.00..30.46 rows=1003 width=0)
	                    Index Cond: ((id >= 3753136) AND (id <= 3754135))

table 7 : explain SELECT DISTINCT c FROM sbtest7 WHERE id BETWEEN 3153437 AND 3154436 ORDER BY c
	Unique  (cost=4142.56..4147.84 rows=1056 width=121)
	  ->  Sort  (cost=4142.56..4145.20 rows=1056 width=121)
	        Sort Key: c
	        ->  Bitmap Heap Scan on sbtest7  (cost=31.26..4089.53 rows=1056 width=121)
	              Recheck Cond: ((id >= 3153437) AND (id <= 3154436))
	              ->  Bitmap Index Scan on sbtest7_pkey  (cost=0.00..31.00 rows=1056 width=0)
	                    Index Cond: ((id >= 3153437) AND (id <= 3154436))

table 8 : explain SELECT DISTINCT c FROM sbtest8 WHERE id BETWEEN 2097141 AND 2098140 ORDER BY c
	Unique  (cost=3864.03..3868.95 rows=984 width=121)
	  ->  Sort  (cost=3864.03..3866.49 rows=984 width=121)
	        Sort Key: c
	        ->  Bitmap Heap Scan on sbtest8  (cost=30.52..3815.11 rows=984 width=121)
	              Recheck Cond: ((id >= 2097141) AND (id <= 2098140))
	              ->  Bitmap Index Scan on sbtest8_pkey  (cost=0.00..30.27 rows=984 width=0)
	                    Index Cond: ((id >= 2097141) AND (id <= 2098140))

for point_selects
table 1 : explain SELECT c FROM sbtest1 WHERE id=9538155
	Index Scan using sbtest1_pkey on sbtest1  (cost=0.43..8.45 rows=1 width=121)
	  Index Cond: (id = 9538155)

table 2 : explain SELECT c FROM sbtest2 WHERE id=5812407
	Index Scan using sbtest2_pkey on sbtest2  (cost=0.43..8.45 rows=1 width=121)
	  Index Cond: (id = 5812407)

table 3 : explain SELECT c FROM sbtest3 WHERE id=9966089
	Index Scan using sbtest3_pkey on sbtest3  (cost=0.43..8.45 rows=1 width=121)
	  Index Cond: (id = 9966089)

table 4 : explain SELECT c FROM sbtest4 WHERE id=1439413
	Index Scan using sbtest4_pkey on sbtest4  (cost=0.43..8.45 rows=1 width=121)
	  Index Cond: (id = 1439413)

table 5 : explain SELECT c FROM sbtest5 WHERE id=3393613
	Index Scan using sbtest5_pkey on sbtest5  (cost=0.43..8.45 rows=1 width=121)
	  Index Cond: (id = 3393613)

table 6 : explain SELECT c FROM sbtest6 WHERE id=2593157
	Index Scan using sbtest6_pkey on sbtest6  (cost=0.43..8.45 rows=1 width=121)
	  Index Cond: (id = 2593157)

table 7 : explain SELECT c FROM sbtest7 WHERE id=568240
	Index Scan using sbtest7_pkey on sbtest7  (cost=0.43..8.45 rows=1 width=121)
	  Index Cond: (id = 568240)

table 8 : explain SELECT c FROM sbtest8 WHERE id=990794
	Index Scan using sbtest8_pkey on sbtest8  (cost=0.43..8.45 rows=1 width=121)
	  Index Cond: (id = 990794)

for: order_ranges
table 1 : explain SELECT c FROM sbtest1 WHERE id BETWEEN 1735642 AND 1736641 ORDER BY c
	Sort  (cost=4043.49..4046.07 rows=1032 width=121)
	  Sort Key: c
	  ->  Bitmap Heap Scan on sbtest1  (cost=31.01..3991.83 rows=1032 width=121)
	        Recheck Cond: ((id >= 1735642) AND (id <= 1736641))
	        ->  Bitmap Index Scan on sbtest1_pkey  (cost=0.00..30.75 rows=1032 width=0)
	              Index Cond: ((id >= 1735642) AND (id <= 1736641))

table 2 : explain SELECT c FROM sbtest2 WHERE id BETWEEN 4690005 AND 4691004 ORDER BY c
	Sort  (cost=3730.96..3733.34 rows=950 width=121)
	  Sort Key: c
	  ->  Bitmap Heap Scan on sbtest2  (cost=30.17..3683.98 rows=950 width=121)
	        Recheck Cond: ((id >= 4690005) AND (id <= 4691004))
	        ->  Bitmap Index Scan on sbtest2_pkey  (cost=0.00..29.93 rows=950 width=0)
	              Index Cond: ((id >= 4690005) AND (id <= 4691004))

table 3 : explain SELECT c FROM sbtest3 WHERE id BETWEEN 2155563 AND 2156562 ORDER BY c
	Sort  (cost=3485.60..3487.82 rows=887 width=121)
	  Sort Key: c
	  ->  Bitmap Heap Scan on sbtest3  (cost=25.53..3442.17 rows=887 width=121)
	        Recheck Cond: ((id >= 2155563) AND (id <= 2156562))
	        ->  Bitmap Index Scan on sbtest3_pkey  (cost=0.00..25.30 rows=887 width=0)
	              Index Cond: ((id >= 2155563) AND (id <= 2156562))

table 4 : explain SELECT c FROM sbtest4 WHERE id BETWEEN 4413147 AND 4414146 ORDER BY c
	Sort  (cost=3823.44..3825.88 rows=974 width=121)
	  Sort Key: c
	  ->  Bitmap Heap Scan on sbtest4  (cost=30.42..3775.09 rows=974 width=121)
	        Recheck Cond: ((id >= 4413147) AND (id <= 4414146))
	        ->  Bitmap Index Scan on sbtest4_pkey  (cost=0.00..30.18 rows=974 width=0)
	              Index Cond: ((id >= 4413147) AND (id <= 4414146))

table 5 : explain SELECT c FROM sbtest5 WHERE id BETWEEN 3187425 AND 3188424 ORDER BY c
	Sort  (cost=4100.36..4102.97 rows=1045 width=121)
	  Sort Key: c
	  ->  Bitmap Heap Scan on sbtest5  (cost=31.15..4047.96 rows=1045 width=121)
	        Recheck Cond: ((id >= 3187425) AND (id <= 3188424))
	        ->  Bitmap Index Scan on sbtest5_pkey  (cost=0.00..30.89 rows=1045 width=0)
	              Index Cond: ((id >= 3187425) AND (id <= 3188424))

table 6 : explain SELECT c FROM sbtest6 WHERE id BETWEEN 9806175 AND 9807174 ORDER BY c
	Sort  (cost=4089.68..4092.29 rows=1043 width=121)
	  Sort Key: c
	  ->  Bitmap Heap Scan on sbtest6  (cost=31.13..4037.39 rows=1043 width=121)
	        Recheck Cond: ((id >= 9806175) AND (id <= 9807174))
	        ->  Bitmap Index Scan on sbtest6_pkey  (cost=0.00..30.86 rows=1043 width=0)
	              Index Cond: ((id >= 9806175) AND (id <= 9807174))

table 7 : explain SELECT c FROM sbtest7 WHERE id BETWEEN 4379874 AND 4380873 ORDER BY c
	Sort  (cost=4119.58..4122.20 rows=1050 width=121)
	  Sort Key: c
	  ->  Bitmap Heap Scan on sbtest7  (cost=31.20..4066.89 rows=1050 width=121)
	        Recheck Cond: ((id >= 4379874) AND (id <= 4380873))
	        ->  Bitmap Index Scan on sbtest7_pkey  (cost=0.00..30.93 rows=1050 width=0)
	              Index Cond: ((id >= 4379874) AND (id <= 4380873))

table 8 : explain SELECT c FROM sbtest8 WHERE id BETWEEN 6052729 AND 6053728 ORDER BY c
	Sort  (cost=4204.85..4207.54 rows=1073 width=121)
	  Sort Key: c
	  ->  Bitmap Heap Scan on sbtest8  (cost=31.43..4150.84 rows=1073 width=121)
	        Recheck Cond: ((id >= 6052729) AND (id <= 6053728))
	        ->  Bitmap Index Scan on sbtest8_pkey  (cost=0.00..31.16 rows=1073 width=0)
	              Index Cond: ((id >= 6052729) AND (id <= 6053728))

for: distinct_ranges
table 1 : explain SELECT DISTINCT c FROM sbtest1 WHERE id BETWEEN 5540344 AND 5541343 ORDER BY c
	Unique  (cost=3798.59..3803.43 rows=968 width=121)
	  ->  Sort  (cost=3798.59..3801.01 rows=968 width=121)
	        Sort Key: c
	        ->  Bitmap Heap Scan on sbtest1  (cost=30.36..3750.59 rows=968 width=121)
	              Recheck Cond: ((id >= 5540344) AND (id <= 5541343))
	              ->  Bitmap Index Scan on sbtest1_pkey  (cost=0.00..30.11 rows=968 width=0)
	                    Index Cond: ((id >= 5540344) AND (id <= 5541343))

table 2 : explain SELECT DISTINCT c FROM sbtest2 WHERE id BETWEEN 4287867 AND 4288866 ORDER BY c
	Unique  (cost=3926.37..3931.38 rows=1001 width=121)
	  ->  Sort  (cost=3926.37..3928.88 rows=1001 width=121)
	        Sort Key: c
	        ->  Bitmap Heap Scan on sbtest2  (cost=30.70..3876.49 rows=1001 width=121)
	              Recheck Cond: ((id >= 4287867) AND (id <= 4288866))
	              ->  Bitmap Index Scan on sbtest2_pkey  (cost=0.00..30.44 rows=1001 width=0)
	                    Index Cond: ((id >= 4287867) AND (id <= 4288866))

table 3 : explain SELECT DISTINCT c FROM sbtest3 WHERE id BETWEEN 5522529 AND 5523528 ORDER BY c
	Unique  (cost=3919.27..3924.27 rows=999 width=121)
	  ->  Sort  (cost=3919.27..3921.77 rows=999 width=121)
	        Sort Key: c
	        ->  Bitmap Heap Scan on sbtest3  (cost=30.67..3869.50 rows=999 width=121)
	              Recheck Cond: ((id >= 5522529) AND (id <= 5523528))
	              ->  Bitmap Index Scan on sbtest3_pkey  (cost=0.00..30.43 rows=999 width=0)
	                    Index Cond: ((id >= 5522529) AND (id <= 5523528))

table 4 : explain SELECT DISTINCT c FROM sbtest4 WHERE id BETWEEN 4271120 AND 4272119 ORDER BY c
	Unique  (cost=3773.61..3778.41 rows=961 width=121)
	  ->  Sort  (cost=3773.61..3776.01 rows=961 width=121)
	        Sort Key: c
	        ->  Bitmap Heap Scan on sbtest4  (cost=30.29..3726.00 rows=961 width=121)
	              Recheck Cond: ((id >= 4271120) AND (id <= 4272119))
	              ->  Bitmap Index Scan on sbtest4_pkey  (cost=0.00..30.04 rows=961 width=0)
	                    Index Cond: ((id >= 4271120) AND (id <= 4272119))

table 5 : explain SELECT DISTINCT c FROM sbtest5 WHERE id BETWEEN 1939988 AND 1940987 ORDER BY c
	Unique  (cost=4069.71..4074.89 rows=1037 width=121)
	  ->  Sort  (cost=4069.71..4072.30 rows=1037 width=121)
	        Sort Key: c
	        ->  Bitmap Heap Scan on sbtest5  (cost=31.06..4017.76 rows=1037 width=121)
	              Recheck Cond: ((id >= 1939988) AND (id <= 1940987))
	              ->  Bitmap Index Scan on sbtest5_pkey  (cost=0.00..30.80 rows=1037 width=0)
	                    Index Cond: ((id >= 1939988) AND (id <= 1940987))

table 6 : explain SELECT DISTINCT c FROM sbtest6 WHERE id BETWEEN 7009654 AND 7010653 ORDER BY c
	Unique  (cost=3702.53..3707.24 rows=942 width=121)
	  ->  Sort  (cost=3702.53..3704.88 rows=942 width=121)
	        Sort Key: c
	        ->  Bitmap Heap Scan on sbtest6  (cost=30.09..3655.99 rows=942 width=121)
	              Recheck Cond: ((id >= 7009654) AND (id <= 7010653))
	              ->  Bitmap Index Scan on sbtest6_pkey  (cost=0.00..29.86 rows=942 width=0)
	                    Index Cond: ((id >= 7009654) AND (id <= 7010653))

table 7 : explain SELECT DISTINCT c FROM sbtest7 WHERE id BETWEEN 3572400 AND 3573399 ORDER BY c
	Unique  (cost=4134.90..4140.17 rows=1054 width=121)
	  ->  Sort  (cost=4134.90..4137.53 rows=1054 width=121)
	        Sort Key: c
	        ->  Bitmap Heap Scan on sbtest7  (cost=31.24..4081.98 rows=1054 width=121)
	              Recheck Cond: ((id >= 3572400) AND (id <= 3573399))
	              ->  Bitmap Index Scan on sbtest7_pkey  (cost=0.00..30.97 rows=1054 width=0)
	                    Index Cond: ((id >= 3572400) AND (id <= 3573399))

table 8 : explain SELECT DISTINCT c FROM sbtest8 WHERE id BETWEEN 6926240 AND 6927239 ORDER BY c
	Unique  (cost=4120.69..4125.94 rows=1051 width=121)
	  ->  Sort  (cost=4120.69..4123.32 rows=1051 width=121)
	        Sort Key: c
	        ->  Bitmap Heap Scan on sbtest8  (cost=31.21..4067.94 rows=1051 width=121)
	              Recheck Cond: ((id >= 6926240) AND (id <= 6927239))
	              ->  Bitmap Index Scan on sbtest8_pkey  (cost=0.00..30.94 rows=1051 width=0)
	                    Index Cond: ((id >= 6926240) AND (id <= 6927239))

for point_selects
table 1 : explain SELECT c FROM sbtest1 WHERE id=7573614
	Index Scan using sbtest1_pkey on sbtest1  (cost=0.43..8.45 rows=1 width=121)
	  Index Cond: (id = 7573614)

table 2 : explain SELECT c FROM sbtest2 WHERE id=7475442
	Index Scan using sbtest2_pkey on sbtest2  (cost=0.43..8.45 rows=1 width=121)
	  Index Cond: (id = 7475442)

table 3 : explain SELECT c FROM sbtest3 WHERE id=2396616
	Index Scan using sbtest3_pkey on sbtest3  (cost=0.43..8.45 rows=1 width=121)
	  Index Cond: (id = 2396616)

table 4 : explain SELECT c FROM sbtest4 WHERE id=805897
	Index Scan using sbtest4_pkey on sbtest4  (cost=0.43..8.45 rows=1 width=121)
	  Index Cond: (id = 805897)

table 5 : explain SELECT c FROM sbtest5 WHERE id=7355139
	Index Scan using sbtest5_pkey on sbtest5  (cost=0.43..8.45 rows=1 width=121)
	  Index Cond: (id = 7355139)

table 6 : explain SELECT c FROM sbtest6 WHERE id=2207024
	Index Scan using sbtest6_pkey on sbtest6  (cost=0.43..8.45 rows=1 width=121)
	  Index Cond: (id = 2207024)

table 7 : explain SELECT c FROM sbtest7 WHERE id=4381066
	Index Scan using sbtest7_pkey on sbtest7  (cost=0.43..8.45 rows=1 width=121)
	  Index Cond: (id = 4381066)

table 8 : explain SELECT c FROM sbtest8 WHERE id=5737955
	Index Scan using sbtest8_pkey on sbtest8  (cost=0.43..8.45 rows=1 width=121)
	  Index Cond: (id = 5737955)

for point_selects
table 1 : explain SELECT c FROM sbtest1 WHERE id=2409309
	Index Scan using sbtest1_pkey on sbtest1  (cost=0.43..8.45 rows=1 width=121)
	  Index Cond: (id = 2409309)

table 2 : explain SELECT c FROM sbtest2 WHERE id=8843738
	Index Scan using sbtest2_pkey on sbtest2  (cost=0.43..8.45 rows=1 width=121)
	  Index Cond: (id = 8843738)

table 3 : explain SELECT c FROM sbtest3 WHERE id=2644502
	Index Scan using sbtest3_pkey on sbtest3  (cost=0.43..8.45 rows=1 width=121)
	  Index Cond: (id = 2644502)

table 4 : explain SELECT c FROM sbtest4 WHERE id=1486143
	Index Scan using sbtest4_pkey on sbtest4  (cost=0.43..8.45 rows=1 width=121)
	  Index Cond: (id = 1486143)

table 5 : explain SELECT c FROM sbtest5 WHERE id=6764148
	Index Scan using sbtest5_pkey on sbtest5  (cost=0.43..8.45 rows=1 width=121)
	  Index Cond: (id = 6764148)

table 6 : explain SELECT c FROM sbtest6 WHERE id=1843868
	Index Scan using sbtest6_pkey on sbtest6  (cost=0.43..8.45 rows=1 width=121)
	  Index Cond: (id = 1843868)

table 7 : explain SELECT c FROM sbtest7 WHERE id=9688069
	Index Scan using sbtest7_pkey on sbtest7  (cost=0.43..8.45 rows=1 width=121)
	  Index Cond: (id = 9688069)

table 8 : explain SELECT c FROM sbtest8 WHERE id=170531
	Index Scan using sbtest8_pkey on sbtest8  (cost=0.43..8.45 rows=1 width=121)
	  Index Cond: (id = 170531)

explain: for point_selects :: explain SELECT c FROM sbtest%u WHERE id=%u
for: distinct_ranges
table 1 : explain SELECT DISTINCT c FROM sbtest1 WHERE id BETWEEN 6138519 AND 6139518 ORDER BY c
	Unique  (cost=4024.37..4029.51 rows=1027 width=121)
	  ->  Sort  (cost=4024.37..4026.94 rows=1027 width=121)
	        Sort Key: c
	        ->  Bitmap Heap Scan on sbtest1  (cost=30.96..3973.00 rows=1027 width=121)
	              Recheck Cond: ((id >= 6138519) AND (id <= 6139518))
	              ->  Bitmap Index Scan on sbtest1_pkey  (cost=0.00..30.70 rows=1027 width=0)
	                    Index Cond: ((id >= 6138519) AND (id <= 6139518))

table 2 : explain SELECT DISTINCT c FROM sbtest2 WHERE id BETWEEN 7155837 AND 7156836 ORDER BY c
	Unique  (cost=4045.00..4050.16 rows=1032 width=121)
	  ->  Sort  (cost=4045.00..4047.58 rows=1032 width=121)
	        Sort Key: c
	        ->  Bitmap Heap Scan on sbtest2  (cost=31.01..3993.34 rows=1032 width=121)
	              Recheck Cond: ((id >= 7155837) AND (id <= 7156836))
	              ->  Bitmap Index Scan on sbtest2_pkey  (cost=0.00..30.75 rows=1032 width=0)
	                    Index Cond: ((id >= 7155837) AND (id <= 7156836))

table 3 : explain SELECT DISTINCT c FROM sbtest3 WHERE id BETWEEN 735974 AND 736973 ORDER BY c
	Unique  (cost=3604.68..3609.27 rows=918 width=121)
	  ->  Sort  (cost=3604.68..3606.98 rows=918 width=121)
	        Sort Key: c
	        ->  Bitmap Heap Scan on sbtest3  (cost=25.84..3559.51 rows=918 width=121)
	              Recheck Cond: ((id >= 735974) AND (id <= 736973))
	              ->  Bitmap Index Scan on sbtest3_pkey  (cost=0.00..25.61 rows=918 width=0)
	                    Index Cond: ((id >= 735974) AND (id <= 736973))

table 4 : explain SELECT DISTINCT c FROM sbtest4 WHERE id BETWEEN 1254390 AND 1255389 ORDER BY c
	Unique  (cost=3788.94..3793.77 rows=965 width=121)
	  ->  Sort  (cost=3788.94..3791.36 rows=965 width=121)
	        Sort Key: c
	        ->  Bitmap Heap Scan on sbtest4  (cost=30.33..3741.11 rows=965 width=121)
	              Recheck Cond: ((id >= 1254390) AND (id <= 1255389))
	              ->  Bitmap Index Scan on sbtest4_pkey  (cost=0.00..30.08 rows=965 width=0)
	                    Index Cond: ((id >= 1254390) AND (id <= 1255389))

table 5 : explain SELECT DISTINCT c FROM sbtest5 WHERE id BETWEEN 431767 AND 432766 ORDER BY c
	Unique  (cost=3732.02..3736.76 rows=949 width=121)
	  ->  Sort  (cost=3732.02..3734.39 rows=949 width=121)
	        Sort Key: c
	        ->  Bitmap Heap Scan on sbtest5  (cost=30.16..3685.09 rows=949 width=121)
	              Recheck Cond: ((id >= 431767) AND (id <= 432766))
	              ->  Bitmap Index Scan on sbtest5_pkey  (cost=0.00..29.93 rows=949 width=0)
	                    Index Cond: ((id >= 431767) AND (id <= 432766))

table 6 : explain SELECT DISTINCT c FROM sbtest6 WHERE id BETWEEN 9498411 AND 9499410 ORDER BY c
	Unique  (cost=3725.56..3730.30 rows=948 width=121)
	  ->  Sort  (cost=3725.56..3727.93 rows=948 width=121)
	        Sort Key: c
	        ->  Bitmap Heap Scan on sbtest6  (cost=30.15..3678.69 rows=948 width=121)
	              Recheck Cond: ((id >= 9498411) AND (id <= 9499410))
	              ->  Bitmap Index Scan on sbtest6_pkey  (cost=0.00..29.91 rows=948 width=0)
	                    Index Cond: ((id >= 9498411) AND (id <= 9499410))

table 7 : explain SELECT DISTINCT c FROM sbtest7 WHERE id BETWEEN 2872224 AND 2873223 ORDER BY c
	Unique  (cost=4238.28..4243.69 rows=1081 width=121)
	  ->  Sort  (cost=4238.28..4240.98 rows=1081 width=121)
	        Sort Key: c
	        ->  Bitmap Heap Scan on sbtest7  (cost=31.52..4183.81 rows=1081 width=121)
	              Recheck Cond: ((id >= 2872224) AND (id <= 2873223))
	              ->  Bitmap Index Scan on sbtest7_pkey  (cost=0.00..31.25 rows=1081 width=0)
	                    Index Cond: ((id >= 2872224) AND (id <= 2873223))

table 8 : explain SELECT DISTINCT c FROM sbtest8 WHERE id BETWEEN 7351567 AND 7352566 ORDER BY c
	Unique  (cost=4231.62..4237.02 rows=1080 width=121)
	  ->  Sort  (cost=4231.62..4234.32 rows=1080 width=121)
	        Sort Key: c
	        ->  Bitmap Heap Scan on sbtest8  (cost=31.50..4177.21 rows=1080 width=121)
	              Recheck Cond: ((id >= 7351567) AND (id <= 7352566))
	              ->  Bitmap Index Scan on sbtest8_pkey  (cost=0.00..31.23 rows=1080 width=0)
	                    Index Cond: ((id >= 7351567) AND (id <= 7352566))

for: order_ranges
table 1 : explain SELECT c FROM sbtest1 WHERE id BETWEEN 2175649 AND 2176648 ORDER BY c
	Sort  (cost=3848.38..3850.83 rows=981 width=121)
	  Sort Key: c
	  ->  Bitmap Heap Scan on sbtest1  (cost=30.49..3799.63 rows=981 width=121)
	        Recheck Cond: ((id >= 2175649) AND (id <= 2176648))
	        ->  Bitmap Index Scan on sbtest1_pkey  (cost=0.00..30.25 rows=981 width=0)
	              Index Cond: ((id >= 2175649) AND (id <= 2176648))

table 2 : explain SELECT c FROM sbtest2 WHERE id BETWEEN 4109621 AND 4110620 ORDER BY c
	Sort  (cost=3677.27..3679.61 rows=936 width=121)
	  Sort Key: c
	  ->  Bitmap Heap Scan on sbtest2  (cost=30.03..3631.07 rows=936 width=121)
	        Recheck Cond: ((id >= 4109621) AND (id <= 4110620))
	        ->  Bitmap Index Scan on sbtest2_pkey  (cost=0.00..29.79 rows=936 width=0)
	              Index Cond: ((id >= 4109621) AND (id <= 4110620))

table 3 : explain SELECT c FROM sbtest3 WHERE id BETWEEN 4374335 AND 4375334 ORDER BY c
	Sort  (cost=3896.29..3898.78 rows=993 width=121)
	  Sort Key: c
	  ->  Bitmap Heap Scan on sbtest3  (cost=30.61..3846.87 rows=993 width=121)
	        Recheck Cond: ((id >= 4374335) AND (id <= 4375334))
	        ->  Bitmap Index Scan on sbtest3_pkey  (cost=0.00..30.36 rows=993 width=0)
	              Index Cond: ((id >= 4374335) AND (id <= 4375334))

table 4 : explain SELECT c FROM sbtest4 WHERE id BETWEEN 1527518 AND 1528517 ORDER BY c
	Sort  (cost=3877.08..3879.55 rows=988 width=121)
	  Sort Key: c
	  ->  Bitmap Heap Scan on sbtest4  (cost=30.56..3827.94 rows=988 width=121)
	        Recheck Cond: ((id >= 1527518) AND (id <= 1528517))
	        ->  Bitmap Index Scan on sbtest4_pkey  (cost=0.00..30.32 rows=988 width=0)
	              Index Cond: ((id >= 1527518) AND (id <= 1528517))

table 5 : explain SELECT c FROM sbtest5 WHERE id BETWEEN 8420467 AND 8421466 ORDER BY c
	Sort  (cost=3973.86..3976.39 rows=1012 width=121)
	  Sort Key: c
	  ->  Bitmap Heap Scan on sbtest5  (cost=30.81..3923.35 rows=1012 width=121)
	        Recheck Cond: ((id >= 8420467) AND (id <= 8421466))
	        ->  Bitmap Index Scan on sbtest5_pkey  (cost=0.00..30.55 rows=1012 width=0)
	              Index Cond: ((id >= 8420467) AND (id <= 8421466))

table 6 : explain SELECT c FROM sbtest6 WHERE id BETWEEN 6197274 AND 6198273 ORDER BY c
	Sort  (cost=3905.84..3908.32 rows=995 width=121)
	  Sort Key: c
	  ->  Bitmap Heap Scan on sbtest6  (cost=30.63..3856.29 rows=995 width=121)
	        Recheck Cond: ((id >= 6197274) AND (id <= 6198273))
	        ->  Bitmap Index Scan on sbtest6_pkey  (cost=0.00..30.39 rows=995 width=0)
	              Index Cond: ((id >= 6197274) AND (id <= 6198273))

table 7 : explain SELECT c FROM sbtest7 WHERE id BETWEEN 7663917 AND 7664916 ORDER BY c
	Sort  (cost=3743.60..3745.98 rows=952 width=121)
	  Sort Key: c
	  ->  Bitmap Heap Scan on sbtest7  (cost=30.19..3696.50 rows=952 width=121)
	        Recheck Cond: ((id >= 7663917) AND (id <= 7664916))
	        ->  Bitmap Index Scan on sbtest7_pkey  (cost=0.00..29.95 rows=952 width=0)
	              Index Cond: ((id >= 7663917) AND (id <= 7664916))

table 8 : explain SELECT c FROM sbtest8 WHERE id BETWEEN 9359168 AND 9360167 ORDER BY c
	Sort  (cost=4204.85..4207.54 rows=1073 width=121)
	  Sort Key: c
	  ->  Bitmap Heap Scan on sbtest8  (cost=31.43..4150.84 rows=1073 width=121)
	        Recheck Cond: ((id >= 9359168) AND (id <= 9360167))
	        ->  Bitmap Index Scan on sbtest8_pkey  (cost=0.00..31.16 rows=1073 width=0)
	              Index Cond: ((id >= 9359168) AND (id <= 9360167))

for: simple_ranges
table 1 : explain SELECT c FROM sbtest1 WHERE id BETWEEN 5574401 AND 5575400
	Bitmap Heap Scan on sbtest1  (cost=30.66..3863.73 rows=998 width=121)
	  Recheck Cond: ((id >= 5574401) AND (id <= 5575400))
	  ->  Bitmap Index Scan on sbtest1_pkey  (cost=0.00..30.41 rows=998 width=0)
	        Index Cond: ((id >= 5574401) AND (id <= 5575400))

table 2 : explain SELECT c FROM sbtest2 WHERE id BETWEEN 7404357 AND 7405356
	Bitmap Heap Scan on sbtest2  (cost=31.31..4102.55 rows=1061 width=121)
	  Recheck Cond: ((id >= 7404357) AND (id <= 7405356))
	  ->  Bitmap Index Scan on sbtest2_pkey  (cost=0.00..31.04 rows=1061 width=0)
	        Index Cond: ((id >= 7404357) AND (id <= 7405356))

table 3 : explain SELECT c FROM sbtest3 WHERE id BETWEEN 2723387 AND 2724386
	Bitmap Heap Scan on sbtest3  (cost=31.68..4238.61 rows=1097 width=121)
	  Recheck Cond: ((id >= 2723387) AND (id <= 2724386))
	  ->  Bitmap Index Scan on sbtest3_pkey  (cost=0.00..31.40 rows=1097 width=0)
	        Index Cond: ((id >= 2723387) AND (id <= 2724386))

table 4 : explain SELECT c FROM sbtest4 WHERE id BETWEEN 7761077 AND 7762076
	Bitmap Heap Scan on sbtest4  (cost=30.88..3944.87 rows=1019 width=121)
	  Recheck Cond: ((id >= 7761077) AND (id <= 7762076))
	  ->  Bitmap Index Scan on sbtest4_pkey  (cost=0.00..30.62 rows=1019 width=0)
	        Index Cond: ((id >= 7761077) AND (id <= 7762076))

table 5 : explain SELECT c FROM sbtest5 WHERE id BETWEEN 6430612 AND 6431611
	Bitmap Heap Scan on sbtest5  (cost=30.96..3980.01 rows=1027 width=121)
	  Recheck Cond: ((id >= 6430612) AND (id <= 6431611))
	  ->  Bitmap Index Scan on sbtest5_pkey  (cost=0.00..30.70 rows=1027 width=0)
	        Index Cond: ((id >= 6430612) AND (id <= 6431611))

table 6 : explain SELECT c FROM sbtest6 WHERE id BETWEEN 9770168 AND 9771167
	Bitmap Heap Scan on sbtest6  (cost=30.80..3916.69 rows=1011 width=121)
	  Recheck Cond: ((id >= 9770168) AND (id <= 9771167))
	  ->  Bitmap Index Scan on sbtest6_pkey  (cost=0.00..30.54 rows=1011 width=0)
	        Index Cond: ((id >= 9770168) AND (id <= 9771167))

table 7 : explain SELECT c FROM sbtest7 WHERE id BETWEEN 2400170 AND 2401169
	Bitmap Heap Scan on sbtest7  (cost=30.36..3757.05 rows=968 width=121)
	  Recheck Cond: ((id >= 2400170) AND (id <= 2401169))
	  ->  Bitmap Index Scan on sbtest7_pkey  (cost=0.00..30.11 rows=968 width=0)
	        Index Cond: ((id >= 2400170) AND (id <= 2401169))

table 8 : explain SELECT c FROM sbtest8 WHERE id BETWEEN 2814453 AND 2815452
	Bitmap Heap Scan on sbtest8  (cost=31.08..4022.70 rows=1039 width=121)
	  Recheck Cond: ((id >= 2814453) AND (id <= 2815452))
	  ->  Bitmap Index Scan on sbtest8_pkey  (cost=0.00..30.82 rows=1039 width=0)
	        Index Cond: ((id >= 2814453) AND (id <= 2815452))

for: order_ranges
table 1 : explain SELECT c FROM sbtest1 WHERE id BETWEEN 9017024 AND 9018023 ORDER BY c
	Sort  (cost=4028.19..4030.76 rows=1028 width=121)
	  Sort Key: c
	  ->  Bitmap Heap Scan on sbtest1  (cost=30.97..3976.77 rows=1028 width=121)
	        Recheck Cond: ((id >= 9017024) AND (id <= 9018023))
	        ->  Bitmap Index Scan on sbtest1_pkey  (cost=0.00..30.71 rows=1028 width=0)
	              Index Cond: ((id >= 9017024) AND (id <= 9018023))

table 2 : explain SELECT c FROM sbtest2 WHERE id BETWEEN 3870513 AND 3871512 ORDER BY c
	Sort  (cost=3661.92..3664.25 rows=932 width=121)
	  Sort Key: c
	  ->  Bitmap Heap Scan on sbtest2  (cost=29.99..3615.95 rows=932 width=121)
	        Recheck Cond: ((id >= 3870513) AND (id <= 3871512))
	        ->  Bitmap Index Scan on sbtest2_pkey  (cost=0.00..29.75 rows=932 width=0)
	              Index Cond: ((id >= 3870513) AND (id <= 3871512))

table 3 : explain SELECT c FROM sbtest3 WHERE id BETWEEN 8403157 AND 8404156 ORDER BY c
	Sort  (cost=3980.53..3983.07 rows=1015 width=121)
	  Sort Key: c
	  ->  Bitmap Heap Scan on sbtest3  (cost=30.84..3929.85 rows=1015 width=121)
	        Recheck Cond: ((id >= 8403157) AND (id <= 8404156))
	        ->  Bitmap Index Scan on sbtest3_pkey  (cost=0.00..30.58 rows=1015 width=0)
	              Index Cond: ((id >= 8403157) AND (id <= 8404156))

table 4 : explain SELECT c FROM sbtest4 WHERE id BETWEEN 99026 AND 100025 ORDER BY c
	Sort  (cost=3911.56..3914.05 rows=997 width=121)
	  Sort Key: c
	  ->  Bitmap Heap Scan on sbtest4  (cost=30.65..3861.90 rows=997 width=121)
	        Recheck Cond: ((id >= 99026) AND (id <= 100025))
	        ->  Bitmap Index Scan on sbtest4_pkey  (cost=0.00..30.40 rows=997 width=0)
	              Index Cond: ((id >= 99026) AND (id <= 100025))

table 5 : explain SELECT c FROM sbtest5 WHERE id BETWEEN 1888496 AND 1889495 ORDER BY c
	Sort  (cost=4444.91..4447.74 rows=1134 width=121)
	  Sort Key: c
	  ->  Bitmap Heap Scan on sbtest5  (cost=36.06..4387.38 rows=1134 width=121)
	        Recheck Cond: ((id >= 1888496) AND (id <= 1889495))
	        ->  Bitmap Index Scan on sbtest5_pkey  (cost=0.00..35.78 rows=1134 width=0)
	              Index Cond: ((id >= 1888496) AND (id <= 1889495))

table 6 : explain SELECT c FROM sbtest6 WHERE id BETWEEN 9316546 AND 9317545 ORDER BY c
	Sort  (cost=3856.00..3858.45 rows=982 width=121)
	  Sort Key: c
	  ->  Bitmap Heap Scan on sbtest6  (cost=30.50..3807.20 rows=982 width=121)
	        Recheck Cond: ((id >= 9316546) AND (id <= 9317545))
	        ->  Bitmap Index Scan on sbtest6_pkey  (cost=0.00..30.25 rows=982 width=0)
	              Index Cond: ((id >= 9316546) AND (id <= 9317545))

table 7 : explain SELECT c FROM sbtest7 WHERE id BETWEEN 8517141 AND 8518140 ORDER BY c
	Sort  (cost=3820.42..3822.85 rows=972 width=121)
	  Sort Key: c
	  ->  Bitmap Heap Scan on sbtest7  (cost=30.40..3772.18 rows=972 width=121)
	        Recheck Cond: ((id >= 8517141) AND (id <= 8518140))
	        ->  Bitmap Index Scan on sbtest7_pkey  (cost=0.00..30.15 rows=972 width=0)
	              Index Cond: ((id >= 8517141) AND (id <= 8518140))

table 8 : explain SELECT c FROM sbtest8 WHERE id BETWEEN 6586297 AND 6587296 ORDER BY c
	Sort  (cost=3818.00..3820.43 rows=972 width=121)
	  Sort Key: c
	  ->  Bitmap Heap Scan on sbtest8  (cost=30.40..3769.77 rows=972 width=121)
	        Recheck Cond: ((id >= 6586297) AND (id <= 6587296))
	        ->  Bitmap Index Scan on sbtest8_pkey  (cost=0.00..30.15 rows=972 width=0)
	              Index Cond: ((id >= 6586297) AND (id <= 6587296))

explain: for point_selects :: explain SELECT c FROM sbtest%u WHERE id=%u
for: distinct_ranges
table 1 : explain SELECT DISTINCT c FROM sbtest1 WHERE id BETWEEN 4265640 AND 4266639 ORDER BY c
	Unique  (cost=3963.18..3968.24 rows=1011 width=121)
	  ->  Sort  (cost=3963.18..3965.71 rows=1011 width=121)
	        Sort Key: c
	        ->  Bitmap Heap Scan on sbtest1  (cost=30.80..3912.73 rows=1011 width=121)
	              Recheck Cond: ((id >= 4265640) AND (id <= 4266639))
	              ->  Bitmap Index Scan on sbtest1_pkey  (cost=0.00..30.54 rows=1011 width=0)
	                    Index Cond: ((id >= 4265640) AND (id <= 4266639))

table 2 : explain SELECT DISTINCT c FROM sbtest2 WHERE id BETWEEN 9746116 AND 9747115 ORDER BY c
	Unique  (cost=4407.91..4413.55 rows=1128 width=121)
	  ->  Sort  (cost=4407.91..4410.73 rows=1128 width=121)
	        Sort Key: c
	        ->  Bitmap Heap Scan on sbtest2  (cost=32.00..4350.72 rows=1128 width=121)
	              Recheck Cond: ((id >= 9746116) AND (id <= 9747115))
	              ->  Bitmap Index Scan on sbtest2_pkey  (cost=0.00..31.71 rows=1128 width=0)
	                    Index Cond: ((id >= 9746116) AND (id <= 9747115))

table 3 : explain SELECT DISTINCT c FROM sbtest3 WHERE id BETWEEN 9266120 AND 9267119 ORDER BY c
	Unique  (cost=3558.60..3563.13 rows=906 width=121)
	  ->  Sort  (cost=3558.60..3560.87 rows=906 width=121)
	        Sort Key: c
	        ->  Bitmap Heap Scan on sbtest3  (cost=25.72..3514.10 rows=906 width=121)
	              Recheck Cond: ((id >= 9266120) AND (id <= 9267119))
	              ->  Bitmap Index Scan on sbtest3_pkey  (cost=0.00..25.50 rows=906 width=0)
	                    Index Cond: ((id >= 9266120) AND (id <= 9267119))

table 4 : explain SELECT DISTINCT c FROM sbtest4 WHERE id BETWEEN 2273781 AND 2274780 ORDER BY c
	Unique  (cost=3700.58..3705.29 rows=943 width=121)
	  ->  Sort  (cost=3700.58..3702.93 rows=943 width=121)
	        Sort Key: c
	        ->  Bitmap Heap Scan on sbtest4  (cost=26.10..3653.99 rows=943 width=121)
	              Recheck Cond: ((id >= 2273781) AND (id <= 2274780))
	              ->  Bitmap Index Scan on sbtest4_pkey  (cost=0.00..25.86 rows=943 width=0)
	                    Index Cond: ((id >= 2273781) AND (id <= 2274780))

table 5 : explain SELECT DISTINCT c FROM sbtest5 WHERE id BETWEEN 4676506 AND 4677505 ORDER BY c
	Unique  (cost=3808.85..3813.69 rows=969 width=121)
	  ->  Sort  (cost=3808.85..3811.27 rows=969 width=121)
	        Sort Key: c
	        ->  Bitmap Heap Scan on sbtest5  (cost=30.37..3760.78 rows=969 width=121)
	              Recheck Cond: ((id >= 4676506) AND (id <= 4677505))
	              ->  Bitmap Index Scan on sbtest5_pkey  (cost=0.00..30.12 rows=969 width=0)
	                    Index Cond: ((id >= 4676506) AND (id <= 4677505))

table 6 : explain SELECT DISTINCT c FROM sbtest6 WHERE id BETWEEN 7524007 AND 7525006 ORDER BY c
	Unique  (cost=3698.69..3703.39 rows=941 width=121)
	  ->  Sort  (cost=3698.69..3701.04 rows=941 width=121)
	        Sort Key: c
	        ->  Bitmap Heap Scan on sbtest6  (cost=30.08..3652.21 rows=941 width=121)
	              Recheck Cond: ((id >= 7524007) AND (id <= 7525006))
	              ->  Bitmap Index Scan on sbtest6_pkey  (cost=0.00..29.84 rows=941 width=0)
	                    Index Cond: ((id >= 7524007) AND (id <= 7525006))

table 7 : explain SELECT DISTINCT c FROM sbtest7 WHERE id BETWEEN 7118329 AND 7119328 ORDER BY c
	Unique  (cost=3712.86..3717.58 rows=944 width=121)
	  ->  Sort  (cost=3712.86..3715.22 rows=944 width=121)
	        Sort Key: c
	        ->  Bitmap Heap Scan on sbtest7  (cost=30.11..3666.21 rows=944 width=121)
	              Recheck Cond: ((id >= 7118329) AND (id <= 7119328))
	              ->  Bitmap Index Scan on sbtest7_pkey  (cost=0.00..29.87 rows=944 width=0)
	                    Index Cond: ((id >= 7118329) AND (id <= 7119328))

table 8 : explain SELECT DISTINCT c FROM sbtest8 WHERE id BETWEEN 9870347 AND 9871346 ORDER BY c
	Unique  (cost=3844.85..3849.75 rows=979 width=121)
	  ->  Sort  (cost=3844.85..3847.30 rows=979 width=121)
	        Sort Key: c
	        ->  Bitmap Heap Scan on sbtest8  (cost=30.47..3796.22 rows=979 width=121)
	              Recheck Cond: ((id >= 9870347) AND (id <= 9871346))
	              ->  Bitmap Index Scan on sbtest8_pkey  (cost=0.00..30.22 rows=979 width=0)
	                    Index Cond: ((id >= 9870347) AND (id <= 9871346))

for: simple_ranges
table 1 : explain SELECT c FROM sbtest1 WHERE id BETWEEN 4954855 AND 4955854
	Bitmap Heap Scan on sbtest1  (cost=31.02..3995.59 rows=1033 width=121)
	  Recheck Cond: ((id >= 4954855) AND (id <= 4955854))
	  ->  Bitmap Index Scan on sbtest1_pkey  (cost=0.00..30.76 rows=1033 width=0)
	        Index Cond: ((id >= 4954855) AND (id <= 4955854))

table 2 : explain SELECT c FROM sbtest2 WHERE id BETWEEN 838620 AND 839619
	Bitmap Heap Scan on sbtest2  (cost=30.15..3676.42 rows=948 width=121)
	  Recheck Cond: ((id >= 838620) AND (id <= 839619))
	  ->  Bitmap Index Scan on sbtest2_pkey  (cost=0.00..29.91 rows=948 width=0)
	        Index Cond: ((id >= 838620) AND (id <= 839619))

table 3 : explain SELECT c FROM sbtest3 WHERE id BETWEEN 3596461 AND 3597460
	Bitmap Heap Scan on sbtest3  (cost=30.84..3929.85 rows=1015 width=121)
	  Recheck Cond: ((id >= 3596461) AND (id <= 3597460))
	  ->  Bitmap Index Scan on sbtest3_pkey  (cost=0.00..30.58 rows=1015 width=0)
	        Index Cond: ((id >= 3596461) AND (id <= 3597460))

table 4 : explain SELECT c FROM sbtest4 WHERE id BETWEEN 7649623 AND 7650622
	Bitmap Heap Scan on sbtest4  (cost=30.20..3695.78 rows=953 width=121)
	  Recheck Cond: ((id >= 7649623) AND (id <= 7650622))
	  ->  Bitmap Index Scan on sbtest4_pkey  (cost=0.00..29.96 rows=953 width=0)
	        Index Cond: ((id >= 7649623) AND (id <= 7650622))

table 5 : explain SELECT c FROM sbtest5 WHERE id BETWEEN 6406837 AND 6407836
	Bitmap Heap Scan on sbtest5  (cost=30.96..3980.01 rows=1027 width=121)
	  Recheck Cond: ((id >= 6406837) AND (id <= 6407836))
	  ->  Bitmap Index Scan on sbtest5_pkey  (cost=0.00..30.70 rows=1027 width=0)
	        Index Cond: ((id >= 6406837) AND (id <= 6407836))

table 6 : explain SELECT c FROM sbtest6 WHERE id BETWEEN 106812 AND 107811
	Bitmap Heap Scan on sbtest6  (cost=29.94..3599.24 rows=927 width=121)
	  Recheck Cond: ((id >= 106812) AND (id <= 107811))
	  ->  Bitmap Index Scan on sbtest6_pkey  (cost=0.00..29.70 rows=927 width=0)
	        Index Cond: ((id >= 106812) AND (id <= 107811))

table 7 : explain SELECT c FROM sbtest7 WHERE id BETWEEN 8973811 AND 8974810
	Bitmap Heap Scan on sbtest7  (cost=30.62..3855.38 rows=994 width=121)
	  Recheck Cond: ((id >= 8973811) AND (id <= 8974810))
	  ->  Bitmap Index Scan on sbtest7_pkey  (cost=0.00..30.37 rows=994 width=0)
	        Index Cond: ((id >= 8973811) AND (id <= 8974810))

table 8 : explain SELECT c FROM sbtest8 WHERE id BETWEEN 9989542 AND 9990541
	Bitmap Heap Scan on sbtest8  (cost=30.65..3864.21 rows=997 width=121)
	  Recheck Cond: ((id >= 9989542) AND (id <= 9990541))
	  ->  Bitmap Index Scan on sbtest8_pkey  (cost=0.00..30.40 rows=997 width=0)
	        Index Cond: ((id >= 9989542) AND (id <= 9990541))

for: distinct_ranges
table 1 : explain SELECT DISTINCT c FROM sbtest1 WHERE id BETWEEN 9808095 AND 9809094 ORDER BY c
	Unique  (cost=3836.89..3841.78 rows=978 width=121)
	  ->  Sort  (cost=3836.89..3839.34 rows=978 width=121)
	        Sort Key: c
	        ->  Bitmap Heap Scan on sbtest1  (cost=30.46..3788.32 rows=978 width=121)
	              Recheck Cond: ((id >= 9808095) AND (id <= 9809094))
	              ->  Bitmap Index Scan on sbtest1_pkey  (cost=0.00..30.21 rows=978 width=0)
	                    Index Cond: ((id >= 9808095) AND (id <= 9809094))

table 2 : explain SELECT DISTINCT c FROM sbtest2 WHERE id BETWEEN 4078077 AND 4079076 ORDER BY c
	Unique  (cost=4018.22..4023.35 rows=1025 width=121)
	  ->  Sort  (cost=4018.22..4020.78 rows=1025 width=121)
	        Sort Key: c
	        ->  Bitmap Heap Scan on sbtest2  (cost=30.94..3966.96 rows=1025 width=121)
	              Recheck Cond: ((id >= 4078077) AND (id <= 4079076))
	              ->  Bitmap Index Scan on sbtest2_pkey  (cost=0.00..30.68 rows=1025 width=0)
	                    Index Cond: ((id >= 4078077) AND (id <= 4079076))

table 3 : explain SELECT DISTINCT c FROM sbtest3 WHERE id BETWEEN 1221087 AND 1222086 ORDER BY c
	Unique  (cost=4045.58..4050.74 rows=1032 width=121)
	  ->  Sort  (cost=4045.58..4048.16 rows=1032 width=121)
	        Sort Key: c
	        ->  Bitmap Heap Scan on sbtest3  (cost=31.01..3993.93 rows=1032 width=121)
	              Recheck Cond: ((id >= 1221087) AND (id <= 1222086))
	              ->  Bitmap Index Scan on sbtest3_pkey  (cost=0.00..30.75 rows=1032 width=0)
	                    Index Cond: ((id >= 1221087) AND (id <= 1222086))

table 4 : explain SELECT DISTINCT c FROM sbtest4 WHERE id BETWEEN 4605087 AND 4606086 ORDER BY c
	Unique  (cost=3857.93..3862.84 rows=983 width=121)
	  ->  Sort  (cost=3857.93..3860.39 rows=983 width=121)
	        Sort Key: c
	        ->  Bitmap Heap Scan on sbtest4  (cost=30.51..3809.07 rows=983 width=121)
	              Recheck Cond: ((id >= 4605087) AND (id <= 4606086))
	              ->  Bitmap Index Scan on sbtest4_pkey  (cost=0.00..30.26 rows=983 width=0)
	                    Index Cond: ((id >= 4605087) AND (id <= 4606086))

table 5 : explain SELECT DISTINCT c FROM sbtest5 WHERE id BETWEEN 1922771 AND 1923770 ORDER BY c
	Unique  (cost=4069.71..4074.89 rows=1037 width=121)
	  ->  Sort  (cost=4069.71..4072.30 rows=1037 width=121)
	        Sort Key: c
	        ->  Bitmap Heap Scan on sbtest5  (cost=31.06..4017.76 rows=1037 width=121)
	              Recheck Cond: ((id >= 1922771) AND (id <= 1923770))
	              ->  Bitmap Index Scan on sbtest5_pkey  (cost=0.00..30.80 rows=1037 width=0)
	                    Index Cond: ((id >= 1922771) AND (id <= 1923770))

table 6 : explain SELECT DISTINCT c FROM sbtest6 WHERE id BETWEEN 5248541 AND 5249540 ORDER BY c
	Unique  (cost=3733.24..3737.99 rows=950 width=121)
	  ->  Sort  (cost=3733.24..3735.61 rows=950 width=121)
	        Sort Key: c
	        ->  Bitmap Heap Scan on sbtest6  (cost=30.17..3686.25 rows=950 width=121)
	              Recheck Cond: ((id >= 5248541) AND (id <= 5249540))
	              ->  Bitmap Index Scan on sbtest6_pkey  (cost=0.00..29.93 rows=950 width=0)
	                    Index Cond: ((id >= 5248541) AND (id <= 5249540))

table 7 : explain SELECT DISTINCT c FROM sbtest7 WHERE id BETWEEN 6841690 AND 6842689 ORDER BY c
	Unique  (cost=3851.13..3856.03 rows=980 width=121)
	  ->  Sort  (cost=3851.13..3853.58 rows=980 width=121)
	        Sort Key: c
	        ->  Bitmap Heap Scan on sbtest7  (cost=30.48..3802.44 rows=980 width=121)
	              Recheck Cond: ((id >= 6841690) AND (id <= 6842689))
	              ->  Bitmap Index Scan on sbtest7_pkey  (cost=0.00..30.23 rows=980 width=0)
	                    Index Cond: ((id >= 6841690) AND (id <= 6842689))

table 8 : explain SELECT DISTINCT c FROM sbtest8 WHERE id BETWEEN 6652618 AND 6653617 ORDER BY c
	Unique  (cost=4143.65..4148.93 rows=1057 width=121)
	  ->  Sort  (cost=4143.65..4146.29 rows=1057 width=121)
	        Sort Key: c
	        ->  Bitmap Heap Scan on sbtest8  (cost=31.27..4090.56 rows=1057 width=121)
	              Recheck Cond: ((id >= 6652618) AND (id <= 6653617))
	              ->  Bitmap Index Scan on sbtest8_pkey  (cost=0.00..31.00 rows=1057 width=0)
	                    Index Cond: ((id >= 6652618) AND (id <= 6653617))

for: distinct_ranges
table 1 : explain SELECT DISTINCT c FROM sbtest1 WHERE id BETWEEN 1237558 AND 1238557 ORDER BY c
	Unique  (cost=3794.76..3799.60 rows=967 width=121)
	  ->  Sort  (cost=3794.76..3797.18 rows=967 width=121)
	        Sort Key: c
	        ->  Bitmap Heap Scan on sbtest1  (cost=30.35..3746.81 rows=967 width=121)
	              Recheck Cond: ((id >= 1237558) AND (id <= 1238557))
	              ->  Bitmap Index Scan on sbtest1_pkey  (cost=0.00..30.11 rows=967 width=0)
	                    Index Cond: ((id >= 1237558) AND (id <= 1238557))

table 2 : explain SELECT DISTINCT c FROM sbtest2 WHERE id BETWEEN 2791824 AND 2792823 ORDER BY c
	Unique  (cost=3746.30..3751.07 rows=954 width=121)
	  ->  Sort  (cost=3746.30..3748.69 rows=954 width=121)
	        Sort Key: c
	        ->  Bitmap Heap Scan on sbtest2  (cost=30.21..3699.09 rows=954 width=121)
	              Recheck Cond: ((id >= 2791824) AND (id <= 2792823))
	              ->  Bitmap Index Scan on sbtest2_pkey  (cost=0.00..29.97 rows=954 width=0)
	                    Index Cond: ((id >= 2791824) AND (id <= 2792823))

table 3 : explain SELECT DISTINCT c FROM sbtest3 WHERE id BETWEEN 8894520 AND 8895519 ORDER BY c
	Unique  (cost=3976.70..3981.77 rows=1014 width=121)
	  ->  Sort  (cost=3976.70..3979.24 rows=1014 width=121)
	        Sort Key: c
	        ->  Bitmap Heap Scan on sbtest3  (cost=30.83..3926.08 rows=1014 width=121)
	              Recheck Cond: ((id >= 8894520) AND (id <= 8895519))
	              ->  Bitmap Index Scan on sbtest3_pkey  (cost=0.00..30.57 rows=1014 width=0)
	                    Index Cond: ((id >= 8894520) AND (id <= 8895519))

table 4 : explain SELECT DISTINCT c FROM sbtest4 WHERE id BETWEEN 8084092 AND 8085091 ORDER BY c
	Unique  (cost=3773.61..3778.41 rows=961 width=121)
	  ->  Sort  (cost=3773.61..3776.01 rows=961 width=121)
	        Sort Key: c
	        ->  Bitmap Heap Scan on sbtest4  (cost=30.29..3726.00 rows=961 width=121)
	              Recheck Cond: ((id >= 8084092) AND (id <= 8085091))
	              ->  Bitmap Index Scan on sbtest4_pkey  (cost=0.00..30.04 rows=961 width=0)
	                    Index Cond: ((id >= 8084092) AND (id <= 8085091))

table 5 : explain SELECT DISTINCT c FROM sbtest5 WHERE id BETWEEN 2642519 AND 2643518 ORDER BY c
	Unique  (cost=3797.32..3802.15 rows=966 width=121)
	  ->  Sort  (cost=3797.32..3799.74 rows=966 width=121)
	        Sort Key: c
	        ->  Bitmap Heap Scan on sbtest5  (cost=30.34..3749.43 rows=966 width=121)
	              Recheck Cond: ((id >= 2642519) AND (id <= 2643518))
	              ->  Bitmap Index Scan on sbtest5_pkey  (cost=0.00..30.09 rows=966 width=0)
	                    Index Cond: ((id >= 2642519) AND (id <= 2643518))

table 6 : explain SELECT DISTINCT c FROM sbtest6 WHERE id BETWEEN 9549401 AND 9550400 ORDER BY c
	Unique  (cost=3955.65..3960.69 rows=1008 width=121)
	  ->  Sort  (cost=3955.65..3958.17 rows=1008 width=121)
	        Sort Key: c
	        ->  Bitmap Heap Scan on sbtest6  (cost=30.77..3905.37 rows=1008 width=121)
	              Recheck Cond: ((id >= 9549401) AND (id <= 9550400))
	              ->  Bitmap Index Scan on sbtest6_pkey  (cost=0.00..30.51 rows=1008 width=0)
	                    Index Cond: ((id >= 9549401) AND (id <= 9550400))

table 7 : explain SELECT DISTINCT c FROM sbtest7 WHERE id BETWEEN 3832596 AND 3833595 ORDER BY c
	Unique  (cost=3943.24..3948.26 rows=1004 width=121)
	  ->  Sort  (cost=3943.24..3945.75 rows=1004 width=121)
	        Sort Key: c
	        ->  Bitmap Heap Scan on sbtest7  (cost=30.73..3893.18 rows=1004 width=121)
	              Recheck Cond: ((id >= 3832596) AND (id <= 3833595))
	              ->  Bitmap Index Scan on sbtest7_pkey  (cost=0.00..30.47 rows=1004 width=0)
	                    Index Cond: ((id >= 3832596) AND (id <= 3833595))

table 8 : explain SELECT DISTINCT c FROM sbtest8 WHERE id BETWEEN 1204038 AND 1205037 ORDER BY c
	Unique  (cost=4105.38..4110.62 rows=1047 width=121)
	  ->  Sort  (cost=4105.38..4108.00 rows=1047 width=121)
	        Sort Key: c
	        ->  Bitmap Heap Scan on sbtest8  (cost=31.17..4052.86 rows=1047 width=121)
	              Recheck Cond: ((id >= 1204038) AND (id <= 1205037))
	              ->  Bitmap Index Scan on sbtest8_pkey  (cost=0.00..30.90 rows=1047 width=0)
	                    Index Cond: ((id >= 1204038) AND (id <= 1205037))

for: order_ranges
table 1 : explain SELECT c FROM sbtest1 WHERE id BETWEEN 1472387 AND 1473386 ORDER BY c
	Sort  (cost=3767.95..3770.35 rows=960 width=121)
	  Sort Key: c
	  ->  Bitmap Heap Scan on sbtest1  (cost=30.27..3720.39 rows=960 width=121)
	        Recheck Cond: ((id >= 1472387) AND (id <= 1473386))
	        ->  Bitmap Index Scan on sbtest1_pkey  (cost=0.00..30.04 rows=960 width=0)
	              Index Cond: ((id >= 1472387) AND (id <= 1473386))

table 2 : explain SELECT c FROM sbtest2 WHERE id BETWEEN 4294413 AND 4295412 ORDER BY c
	Sort  (cost=3926.37..3928.88 rows=1001 width=121)
	  Sort Key: c
	  ->  Bitmap Heap Scan on sbtest2  (cost=30.70..3876.49 rows=1001 width=121)
	        Recheck Cond: ((id >= 4294413) AND (id <= 4295412))
	        ->  Bitmap Index Scan on sbtest2_pkey  (cost=0.00..30.44 rows=1001 width=0)
	              Index Cond: ((id >= 4294413) AND (id <= 4295412))

table 3 : explain SELECT c FROM sbtest3 WHERE id BETWEEN 4945385 AND 4946384 ORDER BY c
	Sort  (cost=3957.56..3960.09 rows=1009 width=121)
	  Sort Key: c
	  ->  Bitmap Heap Scan on sbtest3  (cost=30.78..3907.22 rows=1009 width=121)
	        Recheck Cond: ((id >= 4945385) AND (id <= 4946384))
	        ->  Bitmap Index Scan on sbtest3_pkey  (cost=0.00..30.52 rows=1009 width=0)
	              Index Cond: ((id >= 4945385) AND (id <= 4946384))

table 4 : explain SELECT c FROM sbtest4 WHERE id BETWEEN 261270 AND 262269 ORDER BY c
	Sort  (cost=3911.56..3914.05 rows=997 width=121)
	  Sort Key: c
	  ->  Bitmap Heap Scan on sbtest4  (cost=30.65..3861.90 rows=997 width=121)
	        Recheck Cond: ((id >= 261270) AND (id <= 262269))
	        ->  Bitmap Index Scan on sbtest4_pkey  (cost=0.00..30.40 rows=997 width=0)
	              Index Cond: ((id >= 261270) AND (id <= 262269))

table 5 : explain SELECT c FROM sbtest5 WHERE id BETWEEN 4322275 AND 4323274 ORDER BY c
	Sort  (cost=4123.35..4125.97 rows=1051 width=121)
	  Sort Key: c
	  ->  Bitmap Heap Scan on sbtest5  (cost=31.21..4070.60 rows=1051 width=121)
	        Recheck Cond: ((id >= 4322275) AND (id <= 4323274))
	        ->  Bitmap Index Scan on sbtest5_pkey  (cost=0.00..30.94 rows=1051 width=0)
	              Index Cond: ((id >= 4322275) AND (id <= 4323274))

table 6 : explain SELECT c FROM sbtest6 WHERE id BETWEEN 4122921 AND 4123920 ORDER BY c
	Sort  (cost=3959.48..3962.01 rows=1009 width=121)
	  Sort Key: c
	  ->  Bitmap Heap Scan on sbtest6  (cost=30.78..3909.14 rows=1009 width=121)
	        Recheck Cond: ((id >= 4122921) AND (id <= 4123920))
	        ->  Bitmap Index Scan on sbtest6_pkey  (cost=0.00..30.52 rows=1009 width=0)
	              Index Cond: ((id >= 4122921) AND (id <= 4123920))

table 7 : explain SELECT c FROM sbtest7 WHERE id BETWEEN 1835363 AND 1836362 ORDER BY c
	Sort  (cost=4180.86..4183.52 rows=1066 width=121)
	  Sort Key: c
	  ->  Bitmap Heap Scan on sbtest7  (cost=31.36..4127.25 rows=1066 width=121)
	        Recheck Cond: ((id >= 1835363) AND (id <= 1836362))
	        ->  Bitmap Index Scan on sbtest7_pkey  (cost=0.00..31.09 rows=1066 width=0)
	              Index Cond: ((id >= 1835363) AND (id <= 1836362))

table 8 : explain SELECT c FROM sbtest8 WHERE id BETWEEN 2687004 AND 2688003 ORDER BY c
	Sort  (cost=3971.35..3973.88 rows=1012 width=121)
	  Sort Key: c
	  ->  Bitmap Heap Scan on sbtest8  (cost=30.81..3920.84 rows=1012 width=121)
	        Recheck Cond: ((id >= 2687004) AND (id <= 2688003))
	        ->  Bitmap Index Scan on sbtest8_pkey  (cost=0.00..30.55 rows=1012 width=0)
	              Index Cond: ((id >= 2687004) AND (id <= 2688003))

for: sum_ranges
table 1 : explain SELECT SUM(k) FROM sbtest1 WHERE id BETWEEN 4473180 AND 4474179
	Aggregate  (cost=3786.99..3787.00 rows=1 width=8)
	  ->  Bitmap Heap Scan on sbtest1  (cost=30.45..3784.54 rows=977 width=4)
	        Recheck Cond: ((id >= 4473180) AND (id <= 4474179))
	        ->  Bitmap Index Scan on sbtest1_pkey  (cost=0.00..30.20 rows=977 width=0)
	              Index Cond: ((id >= 4473180) AND (id <= 4474179))

table 2 : explain SELECT SUM(k) FROM sbtest2 WHERE id BETWEEN 7595303 AND 7596302
	Aggregate  (cost=3671.23..3671.24 rows=1 width=8)
	  ->  Bitmap Heap Scan on sbtest2  (cost=30.13..3668.87 rows=946 width=4)
	        Recheck Cond: ((id >= 7595303) AND (id <= 7596302))
	        ->  Bitmap Index Scan on sbtest2_pkey  (cost=0.00..29.89 rows=946 width=0)
	              Index Cond: ((id >= 7595303) AND (id <= 7596302))

table 3 : explain SELECT SUM(k) FROM sbtest3 WHERE id BETWEEN 451761 AND 452760
	Aggregate  (cost=4169.84..4169.85 rows=1 width=8)
	  ->  Bitmap Heap Scan on sbtest3  (cost=31.48..4167.14 rows=1078 width=4)
	        Recheck Cond: ((id >= 451761) AND (id <= 452760))
	        ->  Bitmap Index Scan on sbtest3_pkey  (cost=0.00..31.21 rows=1078 width=0)
	              Index Cond: ((id >= 451761) AND (id <= 452760))

table 4 : explain SELECT SUM(k) FROM sbtest4 WHERE id BETWEEN 4924055 AND 4925054
	Aggregate  (cost=3542.82..3542.83 rows=1 width=8)
	  ->  Bitmap Heap Scan on sbtest4  (cost=25.79..3540.54 rows=913 width=4)
	        Recheck Cond: ((id >= 4924055) AND (id <= 4925054))
	        ->  Bitmap Index Scan on sbtest4_pkey  (cost=0.00..25.57 rows=913 width=0)
	              Index Cond: ((id >= 4924055) AND (id <= 4925054))

table 5 : explain SELECT SUM(k) FROM sbtest5 WHERE id BETWEEN 5770664 AND 5771663
	Aggregate  (cost=3539.62..3539.63 rows=1 width=8)
	  ->  Bitmap Heap Scan on sbtest5  (cost=29.76..3537.35 rows=910 width=4)
	        Recheck Cond: ((id >= 5770664) AND (id <= 5771663))
	        ->  Bitmap Index Scan on sbtest5_pkey  (cost=0.00..29.54 rows=910 width=0)
	              Index Cond: ((id >= 5770664) AND (id <= 5771663))

table 6 : explain SELECT SUM(k) FROM sbtest6 WHERE id BETWEEN 9191575 AND 9192574
	Aggregate  (cost=3620.49..3620.50 rows=1 width=8)
	  ->  Bitmap Heap Scan on sbtest6  (cost=29.99..3618.16 rows=932 width=4)
	        Recheck Cond: ((id >= 9191575) AND (id <= 9192574))
	        ->  Bitmap Index Scan on sbtest6_pkey  (cost=0.00..29.75 rows=932 width=0)
	              Index Cond: ((id >= 9191575) AND (id <= 9192574))

table 7 : explain SELECT SUM(k) FROM sbtest7 WHERE id BETWEEN 7582564 AND 7583563
	Aggregate  (cost=3698.88..3698.89 rows=1 width=8)
	  ->  Bitmap Heap Scan on sbtest7  (cost=30.19..3696.50 rows=952 width=4)
	        Recheck Cond: ((id >= 7582564) AND (id <= 7583563))
	        ->  Bitmap Index Scan on sbtest7_pkey  (cost=0.00..29.95 rows=952 width=0)
	              Index Cond: ((id >= 7582564) AND (id <= 7583563))

table 8 : explain SELECT SUM(k) FROM sbtest8 WHERE id BETWEEN 8585103 AND 8586102
	Aggregate  (cost=3934.70..3934.71 rows=1 width=8)
	  ->  Bitmap Heap Scan on sbtest8  (cost=30.84..3932.16 rows=1015 width=4)
	        Recheck Cond: ((id >= 8585103) AND (id <= 8586102))
	        ->  Bitmap Index Scan on sbtest8_pkey  (cost=0.00..30.58 rows=1015 width=0)
	              Index Cond: ((id >= 8585103) AND (id <= 8586102))

for: order_ranges
table 1 : explain SELECT c FROM sbtest1 WHERE id BETWEEN 2536814 AND 2537813 ORDER BY c
	Sort  (cost=3767.95..3770.35 rows=960 width=121)
	  Sort Key: c
	  ->  Bitmap Heap Scan on sbtest1  (cost=30.27..3720.39 rows=960 width=121)
	        Recheck Cond: ((id >= 2536814) AND (id <= 2537813))
	        ->  Bitmap Index Scan on sbtest1_pkey  (cost=0.00..30.04 rows=960 width=0)
	              Index Cond: ((id >= 2536814) AND (id <= 2537813))

table 2 : explain SELECT c FROM sbtest2 WHERE id BETWEEN 1285509 AND 1286508 ORDER BY c
	Sort  (cost=4037.35..4039.92 rows=1030 width=121)
	  Sort Key: c
	  ->  Bitmap Heap Scan on sbtest2  (cost=30.99..3985.81 rows=1030 width=121)
	        Recheck Cond: ((id >= 1285509) AND (id <= 1286508))
	        ->  Bitmap Index Scan on sbtest2_pkey  (cost=0.00..30.73 rows=1030 width=0)
	              Index Cond: ((id >= 1285509) AND (id <= 1286508))

table 3 : explain SELECT c FROM sbtest3 WHERE id BETWEEN 3302549 AND 3303548 ORDER BY c
	Sort  (cost=3907.79..3910.28 rows=996 width=121)
	  Sort Key: c
	  ->  Bitmap Heap Scan on sbtest3  (cost=30.64..3858.18 rows=996 width=121)
	        Recheck Cond: ((id >= 3302549) AND (id <= 3303548))
	        ->  Bitmap Index Scan on sbtest3_pkey  (cost=0.00..30.39 rows=996 width=0)
	              Index Cond: ((id >= 3302549) AND (id <= 3303548))

table 4 : explain SELECT c FROM sbtest4 WHERE id BETWEEN 9311326 AND 9312325 ORDER BY c
	Sort  (cost=4408.51..4411.33 rows=1128 width=121)
	  Sort Key: c
	  ->  Bitmap Heap Scan on sbtest4  (cost=32.00..4351.32 rows=1128 width=121)
	        Recheck Cond: ((id >= 9311326) AND (id <= 9312325))
	        ->  Bitmap Index Scan on sbtest4_pkey  (cost=0.00..31.71 rows=1128 width=0)
	              Index Cond: ((id >= 9311326) AND (id <= 9312325))

table 5 : explain SELECT c FROM sbtest5 WHERE id BETWEEN 1338513 AND 1339512 ORDER BY c
	Sort  (cost=3816.53..3818.95 rows=971 width=121)
	  Sort Key: c
	  ->  Bitmap Heap Scan on sbtest5  (cost=30.39..3768.35 rows=971 width=121)
	        Recheck Cond: ((id >= 1338513) AND (id <= 1339512))
	        ->  Bitmap Index Scan on sbtest5_pkey  (cost=0.00..30.14 rows=971 width=0)
	              Index Cond: ((id >= 1338513) AND (id <= 1339512))

table 6 : explain SELECT c FROM sbtest6 WHERE id BETWEEN 8585283 AND 8586282 ORDER BY c
	Sort  (cost=4089.68..4092.29 rows=1043 width=121)
	  Sort Key: c
	  ->  Bitmap Heap Scan on sbtest6  (cost=31.13..4037.39 rows=1043 width=121)
	        Recheck Cond: ((id >= 8585283) AND (id <= 8586282))
	        ->  Bitmap Index Scan on sbtest6_pkey  (cost=0.00..30.86 rows=1043 width=0)
	              Index Cond: ((id >= 8585283) AND (id <= 8586282))

table 7 : explain SELECT c FROM sbtest7 WHERE id BETWEEN 7597922 AND 7598921 ORDER BY c
	Sort  (cost=3743.60..3745.98 rows=952 width=121)
	  Sort Key: c
	  ->  Bitmap Heap Scan on sbtest7  (cost=30.19..3696.50 rows=952 width=121)
	        Recheck Cond: ((id >= 7597922) AND (id <= 7598921))
	        ->  Bitmap Index Scan on sbtest7_pkey  (cost=0.00..29.95 rows=952 width=0)
	              Index Cond: ((id >= 7597922) AND (id <= 7598921))

table 8 : explain SELECT c FROM sbtest8 WHERE id BETWEEN 565516 AND 566515 ORDER BY c
	Sort  (cost=3933.03..3935.54 rows=1002 width=121)
	  Sort Key: c
	  ->  Bitmap Heap Scan on sbtest8  (cost=30.71..3883.09 rows=1002 width=121)
	        Recheck Cond: ((id >= 565516) AND (id <= 566515))
	        ->  Bitmap Index Scan on sbtest8_pkey  (cost=0.00..30.45 rows=1002 width=0)
	              Index Cond: ((id >= 565516) AND (id <= 566515))

for: simple_ranges
table 1 : explain SELECT c FROM sbtest1 WHERE id BETWEEN 6509241 AND 6510240
	Bitmap Heap Scan on sbtest1  (cost=29.97..3607.10 rows=930 width=121)
	  Recheck Cond: ((id >= 6509241) AND (id <= 6510240))
	  ->  Bitmap Index Scan on sbtest1_pkey  (cost=0.00..29.73 rows=930 width=0)
	        Index Cond: ((id >= 6509241) AND (id <= 6510240))

table 2 : explain SELECT c FROM sbtest2 WHERE id BETWEEN 1290573 AND 1291572
	Bitmap Heap Scan on sbtest2  (cost=30.99..3985.81 rows=1030 width=121)
	  Recheck Cond: ((id >= 1290573) AND (id <= 1291572))
	  ->  Bitmap Index Scan on sbtest2_pkey  (cost=0.00..30.73 rows=1030 width=0)
	        Index Cond: ((id >= 1290573) AND (id <= 1291572))

table 3 : explain SELECT c FROM sbtest3 WHERE id BETWEEN 8208181 AND 8209180
	Bitmap Heap Scan on sbtest3  (cost=30.98..3982.62 rows=1029 width=121)
	  Recheck Cond: ((id >= 8208181) AND (id <= 8209180))
	  ->  Bitmap Index Scan on sbtest3_pkey  (cost=0.00..30.72 rows=1029 width=0)
	        Index Cond: ((id >= 8208181) AND (id <= 8209180))

table 4 : explain SELECT c FROM sbtest4 WHERE id BETWEEN 9329185 AND 9330184
	Bitmap Heap Scan on sbtest4  (cost=32.00..4351.32 rows=1128 width=121)
	  Recheck Cond: ((id >= 9329185) AND (id <= 9330184))
	  ->  Bitmap Index Scan on sbtest4_pkey  (cost=0.00..31.71 rows=1128 width=0)
	        Index Cond: ((id >= 9329185) AND (id <= 9330184))

table 5 : explain SELECT c FROM sbtest5 WHERE id BETWEEN 6654923 AND 6655922
	Bitmap Heap Scan on sbtest5  (cost=31.12..4036.64 rows=1042 width=121)
	  Recheck Cond: ((id >= 6654923) AND (id <= 6655922))
	  ->  Bitmap Index Scan on sbtest5_pkey  (cost=0.00..30.86 rows=1042 width=0)
	        Index Cond: ((id >= 6654923) AND (id <= 6655922))

table 6 : explain SELECT c FROM sbtest6 WHERE id BETWEEN 2820181 AND 2821180
	Bitmap Heap Scan on sbtest6  (cost=31.18..4056.24 rows=1048 width=121)
	  Recheck Cond: ((id >= 2820181) AND (id <= 2821180))
	  ->  Bitmap Index Scan on sbtest6_pkey  (cost=0.00..30.91 rows=1048 width=0)
	        Index Cond: ((id >= 2820181) AND (id <= 2821180))

table 7 : explain SELECT c FROM sbtest7 WHERE id BETWEEN 6698307 AND 6699306
	Bitmap Heap Scan on sbtest7  (cost=30.40..3772.18 rows=972 width=121)
	  Recheck Cond: ((id >= 6698307) AND (id <= 6699306))
	  ->  Bitmap Index Scan on sbtest7_pkey  (cost=0.00..30.15 rows=972 width=0)
	        Index Cond: ((id >= 6698307) AND (id <= 6699306))

table 8 : explain SELECT c FROM sbtest8 WHERE id BETWEEN 5928373 AND 5929372
	Bitmap Heap Scan on sbtest8  (cost=31.14..4041.55 rows=1044 width=121)
	  Recheck Cond: ((id >= 5928373) AND (id <= 5929372))
	  ->  Bitmap Index Scan on sbtest8_pkey  (cost=0.00..30.87 rows=1044 width=0)
	        Index Cond: ((id >= 5928373) AND (id <= 5929372))

explain: for point_selects :: explain SELECT c FROM sbtest%u WHERE id=%u
explain: for point_selects :: explain SELECT c FROM sbtest%u WHERE id=%u
for: simple_ranges
table 1 : explain SELECT c FROM sbtest1 WHERE id BETWEEN 1412187 AND 1413186
	Bitmap Heap Scan on sbtest1  (cost=30.27..3720.39 rows=960 width=121)
	  Recheck Cond: ((id >= 1412187) AND (id <= 1413186))
	  ->  Bitmap Index Scan on sbtest1_pkey  (cost=0.00..30.04 rows=960 width=0)
	        Index Cond: ((id >= 1412187) AND (id <= 1413186))

table 2 : explain SELECT c FROM sbtest2 WHERE id BETWEEN 80249 AND 81248
	Bitmap Heap Scan on sbtest2  (cost=31.05..4008.41 rows=1036 width=121)
	  Recheck Cond: ((id >= 80249) AND (id <= 81248))
	  ->  Bitmap Index Scan on sbtest2_pkey  (cost=0.00..30.79 rows=1036 width=0)
	        Index Cond: ((id >= 80249) AND (id <= 81248))

table 3 : explain SELECT c FROM sbtest3 WHERE id BETWEEN 8914126 AND 8915125
	Bitmap Heap Scan on sbtest3  (cost=30.83..3926.08 rows=1014 width=121)
	  Recheck Cond: ((id >= 8914126) AND (id <= 8915125))
	  ->  Bitmap Index Scan on sbtest3_pkey  (cost=0.00..30.57 rows=1014 width=0)
	        Index Cond: ((id >= 8914126) AND (id <= 8915125))

table 4 : explain SELECT c FROM sbtest4 WHERE id BETWEEN 4092253 AND 4093252
	Bitmap Heap Scan on sbtest4  (cost=31.75..4264.86 rows=1104 width=121)
	  Recheck Cond: ((id >= 4092253) AND (id <= 4093252))
	  ->  Bitmap Index Scan on sbtest4_pkey  (cost=0.00..31.47 rows=1104 width=0)
	        Index Cond: ((id >= 4092253) AND (id <= 4093252))

table 5 : explain SELECT c FROM sbtest5 WHERE id BETWEEN 3489557 AND 3490556
	Bitmap Heap Scan on sbtest5  (cost=30.51..3813.74 rows=983 width=121)
	  Recheck Cond: ((id >= 3489557) AND (id <= 3490556))
	  ->  Bitmap Index Scan on sbtest5_pkey  (cost=0.00..30.26 rows=983 width=0)
	        Index Cond: ((id >= 3489557) AND (id <= 3490556))

table 6 : explain SELECT c FROM sbtest6 WHERE id BETWEEN 7831797 AND 7832796
	Bitmap Heap Scan on sbtest6  (cost=25.49..3428.59 rows=883 width=121)
	  Recheck Cond: ((id >= 7831797) AND (id <= 7832796))
	  ->  Bitmap Index Scan on sbtest6_pkey  (cost=0.00..25.26 rows=883 width=0)
	        Index Cond: ((id >= 7831797) AND (id <= 7832796))

table 7 : explain SELECT c FROM sbtest7 WHERE id BETWEEN 2327932 AND 2328931
	Bitmap Heap Scan on sbtest7  (cost=30.55..3828.92 rows=987 width=121)
	  Recheck Cond: ((id >= 2327932) AND (id <= 2328931))
	  ->  Bitmap Index Scan on sbtest7_pkey  (cost=0.00..30.30 rows=987 width=0)
	        Index Cond: ((id >= 2327932) AND (id <= 2328931))

table 8 : explain SELECT c FROM sbtest8 WHERE id BETWEEN 8664678 AND 8665677
	Bitmap Heap Scan on sbtest8  (cost=30.78..3909.52 rows=1009 width=121)
	  Recheck Cond: ((id >= 8664678) AND (id <= 8665677))
	  ->  Bitmap Index Scan on sbtest8_pkey  (cost=0.00..30.52 rows=1009 width=0)
	        Index Cond: ((id >= 8664678) AND (id <= 8665677))

explain: for point_selects :: explain SELECT c FROM sbtest%u WHERE id=%u
explain: for point_selects :: explain SELECT c FROM sbtest%u WHERE id=%u
for point_selects
table 1 : explain SELECT c FROM sbtest1 WHERE id=1163807
	Index Scan using sbtest1_pkey on sbtest1  (cost=0.43..8.45 rows=1 width=121)
	  Index Cond: (id = 1163807)

table 2 : explain SELECT c FROM sbtest2 WHERE id=7264403
	Index Scan using sbtest2_pkey on sbtest2  (cost=0.43..8.45 rows=1 width=121)
	  Index Cond: (id = 7264403)

table 3 : explain SELECT c FROM sbtest3 WHERE id=8414799
	Index Scan using sbtest3_pkey on sbtest3  (cost=0.43..8.45 rows=1 width=121)
	  Index Cond: (id = 8414799)

table 4 : explain SELECT c FROM sbtest4 WHERE id=3508035
	Index Scan using sbtest4_pkey on sbtest4  (cost=0.43..8.45 rows=1 width=121)
	  Index Cond: (id = 3508035)

table 5 : explain SELECT c FROM sbtest5 WHERE id=3454990
	Index Scan using sbtest5_pkey on sbtest5  (cost=0.43..8.45 rows=1 width=121)
	  Index Cond: (id = 3454990)

table 6 : explain SELECT c FROM sbtest6 WHERE id=6459823
	Index Scan using sbtest6_pkey on sbtest6  (cost=0.43..8.45 rows=1 width=121)
	  Index Cond: (id = 6459823)

table 7 : explain SELECT c FROM sbtest7 WHERE id=8524295
	Index Scan using sbtest7_pkey on sbtest7  (cost=0.43..8.45 rows=1 width=121)
	  Index Cond: (id = 8524295)

table 8 : explain SELECT c FROM sbtest8 WHERE id=1738474
	Index Scan using sbtest8_pkey on sbtest8  (cost=0.43..8.45 rows=1 width=121)
	  Index Cond: (id = 1738474)

for: order_ranges
table 1 : explain SELECT c FROM sbtest1 WHERE id BETWEEN 9340034 AND 9341033 ORDER BY c
	Sort  (cost=3760.28..3762.68 rows=958 width=121)
	  Sort Key: c
	  ->  Bitmap Heap Scan on sbtest1  (cost=30.25..3712.84 rows=958 width=121)
	        Recheck Cond: ((id >= 9340034) AND (id <= 9341033))
	        ->  Bitmap Index Scan on sbtest1_pkey  (cost=0.00..30.01 rows=958 width=0)
	              Index Cond: ((id >= 9340034) AND (id <= 9341033))

table 2 : explain SELECT c FROM sbtest2 WHERE id BETWEEN 3625321 AND 3626320 ORDER BY c
	Sort  (cost=4174.97..4177.64 rows=1066 width=121)
	  Sort Key: c
	  ->  Bitmap Heap Scan on sbtest2  (cost=31.36..4121.36 rows=1066 width=121)
	        Recheck Cond: ((id >= 3625321) AND (id <= 3626320))
	        ->  Bitmap Index Scan on sbtest2_pkey  (cost=0.00..31.09 rows=1066 width=0)
	              Index Cond: ((id >= 3625321) AND (id <= 3626320))

table 3 : explain SELECT c FROM sbtest3 WHERE id BETWEEN 7553883 AND 7554882 ORDER BY c
	Sort  (cost=3838.83..3841.27 rows=978 width=121)
	  Sort Key: c
	  ->  Bitmap Heap Scan on sbtest3  (cost=30.46..3790.25 rows=978 width=121)
	        Recheck Cond: ((id >= 7553883) AND (id <= 7554882))
	        ->  Bitmap Index Scan on sbtest3_pkey  (cost=0.00..30.21 rows=978 width=0)
	              Index Cond: ((id >= 7553883) AND (id <= 7554882))

table 4 : explain SELECT c FROM sbtest4 WHERE id BETWEEN 4430334 AND 4431333 ORDER BY c
	Sort  (cost=3823.44..3825.88 rows=974 width=121)
	  Sort Key: c
	  ->  Bitmap Heap Scan on sbtest4  (cost=30.42..3775.09 rows=974 width=121)
	        Recheck Cond: ((id >= 4430334) AND (id <= 4431333))
	        ->  Bitmap Index Scan on sbtest4_pkey  (cost=0.00..30.18 rows=974 width=0)
	              Index Cond: ((id >= 4430334) AND (id <= 4431333))

table 5 : explain SELECT c FROM sbtest5 WHERE id BETWEEN 5972416 AND 5973415 ORDER BY c
	Sort  (cost=3643.61..3645.93 rows=926 width=121)
	  Sort Key: c
	  ->  Bitmap Heap Scan on sbtest5  (cost=29.93..3597.98 rows=926 width=121)
	        Recheck Cond: ((id >= 5972416) AND (id <= 5973415))
	        ->  Bitmap Index Scan on sbtest5_pkey  (cost=0.00..29.69 rows=926 width=0)
	              Index Cond: ((id >= 5972416) AND (id <= 5973415))

table 6 : explain SELECT c FROM sbtest6 WHERE id BETWEEN 7986727 AND 7987726 ORDER BY c
	Sort  (cost=4101.16..4103.77 rows=1046 width=121)
	  Sort Key: c
	  ->  Bitmap Heap Scan on sbtest6  (cost=31.16..4048.70 rows=1046 width=121)
	        Recheck Cond: ((id >= 7986727) AND (id <= 7987726))
	        ->  Bitmap Index Scan on sbtest6_pkey  (cost=0.00..30.89 rows=1046 width=0)
	              Index Cond: ((id >= 7986727) AND (id <= 7987726))

table 7 : explain SELECT c FROM sbtest7 WHERE id BETWEEN 2954805 AND 2955804 ORDER BY c
	Sort  (cost=4310.98..4313.73 rows=1100 width=121)
	  Sort Key: c
	  ->  Bitmap Heap Scan on sbtest7  (cost=31.71..4255.41 rows=1100 width=121)
	        Recheck Cond: ((id >= 2954805) AND (id <= 2955804))
	        ->  Bitmap Index Scan on sbtest7_pkey  (cost=0.00..31.43 rows=1100 width=0)
	              Index Cond: ((id >= 2954805) AND (id <= 2955804))

table 8 : explain SELECT c FROM sbtest8 WHERE id BETWEEN 2448797 AND 2449796 ORDER BY c
	Sort  (cost=3706.70..3709.06 rows=943 width=121)
	  Sort Key: c
	  ->  Bitmap Heap Scan on sbtest8  (cost=30.10..3660.11 rows=943 width=121)
	        Recheck Cond: ((id >= 2448797) AND (id <= 2449796))
	        ->  Bitmap Index Scan on sbtest8_pkey  (cost=0.00..29.86 rows=943 width=0)
	              Index Cond: ((id >= 2448797) AND (id <= 2449796))

explain: for point_selects :: explain SELECT c FROM sbtest%u WHERE id=%u
explain: for point_selects :: explain SELECT c FROM sbtest%u WHERE id=%u
for: sum_ranges
table 1 : explain SELECT SUM(k) FROM sbtest1 WHERE id BETWEEN 6242179 AND 6243178
	Aggregate  (cost=3696.35..3696.36 rows=1 width=8)
	  ->  Bitmap Heap Scan on sbtest1  (cost=30.20..3693.97 rows=953 width=4)
	        Recheck Cond: ((id >= 6242179) AND (id <= 6243178))
	        ->  Bitmap Index Scan on sbtest1_pkey  (cost=0.00..29.96 rows=953 width=0)
	              Index Cond: ((id >= 6242179) AND (id <= 6243178))

table 2 : explain SELECT SUM(k) FROM sbtest2 WHERE id BETWEEN 3190061 AND 3191060
	Aggregate  (cost=4090.13..4090.14 rows=1 width=8)
	  ->  Bitmap Heap Scan on sbtest2  (cost=31.27..4087.49 rows=1057 width=4)
	        Recheck Cond: ((id >= 3190061) AND (id <= 3191060))
	        ->  Bitmap Index Scan on sbtest2_pkey  (cost=0.00..31.00 rows=1057 width=0)
	              Index Cond: ((id >= 3190061) AND (id <= 3191060))

table 3 : explain SELECT SUM(k) FROM sbtest3 WHERE id BETWEEN 3532296 AND 3533295
	Aggregate  (cost=4004.05..4004.06 rows=1 width=8)
	  ->  Bitmap Heap Scan on sbtest3  (cost=31.03..4001.46 rows=1034 width=4)
	        Recheck Cond: ((id >= 3532296) AND (id <= 3533295))
	        ->  Bitmap Index Scan on sbtest3_pkey  (cost=0.00..30.77 rows=1034 width=0)
	              Index Cond: ((id >= 3532296) AND (id <= 3533295))

table 4 : explain SELECT SUM(k) FROM sbtest4 WHERE id BETWEEN 1432889 AND 1433888
	Aggregate  (cost=3554.18..3554.19 rows=1 width=8)
	  ->  Bitmap Heap Scan on sbtest4  (cost=25.82..3551.89 rows=916 width=4)
	        Recheck Cond: ((id >= 1432889) AND (id <= 1433888))
	        ->  Bitmap Index Scan on sbtest4_pkey  (cost=0.00..25.59 rows=916 width=0)
	              Index Cond: ((id >= 1432889) AND (id <= 1433888))

table 5 : explain SELECT SUM(k) FROM sbtest5 WHERE id BETWEEN 8585635 AND 8586634
	Aggregate  (cost=3748.06..3748.07 rows=1 width=8)
	  ->  Bitmap Heap Scan on sbtest5  (cost=30.33..3745.65 rows=965 width=4)
	        Recheck Cond: ((id >= 8585635) AND (id <= 8586634))
	        ->  Bitmap Index Scan on sbtest5_pkey  (cost=0.00..30.08 rows=965 width=0)
	              Index Cond: ((id >= 8585635) AND (id <= 8586634))

table 6 : explain SELECT SUM(k) FROM sbtest6 WHERE id BETWEEN 8137763 AND 8138762
	Aggregate  (cost=3820.99..3821.00 rows=1 width=8)
	  ->  Bitmap Heap Scan on sbtest6  (cost=30.53..3818.53 rows=985 width=4)
	        Recheck Cond: ((id >= 8137763) AND (id <= 8138762))
	        ->  Bitmap Index Scan on sbtest6_pkey  (cost=0.00..30.29 rows=985 width=0)
	              Index Cond: ((id >= 8137763) AND (id <= 8138762))

table 7 : explain SELECT SUM(k) FROM sbtest7 WHERE id BETWEEN 3362591 AND 3363590
	Aggregate  (cost=4027.97..4027.98 rows=1 width=8)
	  ->  Bitmap Heap Scan on sbtest7  (cost=31.08..4025.37 rows=1039 width=4)
	        Recheck Cond: ((id >= 3362591) AND (id <= 3363590))
	        ->  Bitmap Index Scan on sbtest7_pkey  (cost=0.00..30.82 rows=1039 width=0)
	              Index Cond: ((id >= 3362591) AND (id <= 3363590))

table 8 : explain SELECT SUM(k) FROM sbtest8 WHERE id BETWEEN 2152336 AND 2153335
	Aggregate  (cost=4206.28..4206.29 rows=1 width=8)
	  ->  Bitmap Heap Scan on sbtest8  (cost=31.58..4203.57 rows=1087 width=4)
	        Recheck Cond: ((id >= 2152336) AND (id <= 2153335))
	        ->  Bitmap Index Scan on sbtest8_pkey  (cost=0.00..31.30 rows=1087 width=0)
	              Index Cond: ((id >= 2152336) AND (id <= 2153335))

for: sum_ranges
table 1 : explain SELECT SUM(k) FROM sbtest1 WHERE id BETWEEN 7412586 AND 7413585
	Aggregate  (cost=3870.00..3870.01 rows=1 width=8)
	  ->  Bitmap Heap Scan on sbtest1  (cost=30.67..3867.50 rows=999 width=4)
	        Recheck Cond: ((id >= 7412586) AND (id <= 7413585))
	        ->  Bitmap Index Scan on sbtest1_pkey  (cost=0.00..30.43 rows=999 width=0)
	              Index Cond: ((id >= 7412586) AND (id <= 7413585))

table 2 : explain SELECT SUM(k) FROM sbtest2 WHERE id BETWEEN 7653204 AND 7654203
	Aggregate  (cost=3675.01..3675.02 rows=1 width=8)
	  ->  Bitmap Heap Scan on sbtest2  (cost=30.14..3672.64 rows=947 width=4)
	        Recheck Cond: ((id >= 7653204) AND (id <= 7654203))
	        ->  Bitmap Index Scan on sbtest2_pkey  (cost=0.00..29.90 rows=947 width=0)
	              Index Cond: ((id >= 7653204) AND (id <= 7654203))

table 3 : explain SELECT SUM(k) FROM sbtest3 WHERE id BETWEEN 945500 AND 946499
	Aggregate  (cost=3611.00..3611.01 rows=1 width=8)
	  ->  Bitmap Heap Scan on sbtest3  (cost=25.98..3608.68 rows=931 width=4)
	        Recheck Cond: ((id >= 945500) AND (id <= 946499))
	        ->  Bitmap Index Scan on sbtest3_pkey  (cost=0.00..25.75 rows=931 width=0)
	              Index Cond: ((id >= 945500) AND (id <= 946499))

table 4 : explain SELECT SUM(k) FROM sbtest4 WHERE id BETWEEN 972432 AND 973431
	Aggregate  (cost=3724.62..3724.63 rows=1 width=8)
	  ->  Bitmap Heap Scan on sbtest4  (cost=30.27..3722.22 rows=960 width=4)
	        Recheck Cond: ((id >= 972432) AND (id <= 973431))
	        ->  Bitmap Index Scan on sbtest4_pkey  (cost=0.00..30.04 rows=960 width=0)
	              Index Cond: ((id >= 972432) AND (id <= 973431))

table 5 : explain SELECT SUM(k) FROM sbtest5 WHERE id BETWEEN 2746331 AND 2747330
	Aggregate  (cost=3906.98..3906.99 rows=1 width=8)
	  ->  Bitmap Heap Scan on sbtest5  (cost=30.76..3904.46 rows=1007 width=4)
	        Recheck Cond: ((id >= 2746331) AND (id <= 2747330))
	        ->  Bitmap Index Scan on sbtest5_pkey  (cost=0.00..30.50 rows=1007 width=0)
	              Index Cond: ((id >= 2746331) AND (id <= 2747330))

table 6 : explain SELECT SUM(k) FROM sbtest6 WHERE id BETWEEN 2830652 AND 2831651
	Aggregate  (cost=4058.86..4058.87 rows=1 width=8)
	  ->  Bitmap Heap Scan on sbtest6  (cost=31.18..4056.24 rows=1048 width=4)
	        Recheck Cond: ((id >= 2830652) AND (id <= 2831651))
	        ->  Bitmap Index Scan on sbtest6_pkey  (cost=0.00..30.91 rows=1048 width=0)
	              Index Cond: ((id >= 2830652) AND (id <= 2831651))

table 7 : explain SELECT SUM(k) FROM sbtest7 WHERE id BETWEEN 6508826 AND 6509825
	Aggregate  (cost=3732.97..3732.98 rows=1 width=8)
	  ->  Bitmap Heap Scan on sbtest7  (cost=30.29..3730.56 rows=961 width=4)
	        Recheck Cond: ((id >= 6508826) AND (id <= 6509825))
	        ->  Bitmap Index Scan on sbtest7_pkey  (cost=0.00..30.04 rows=961 width=0)
	              Index Cond: ((id >= 6508826) AND (id <= 6509825))

table 8 : explain SELECT SUM(k) FROM sbtest8 WHERE id BETWEEN 2614038 AND 2615037
	Aggregate  (cost=3923.37..3923.38 rows=1 width=8)
	  ->  Bitmap Heap Scan on sbtest8  (cost=30.81..3920.84 rows=1012 width=4)
	        Recheck Cond: ((id >= 2614038) AND (id <= 2615037))
	        ->  Bitmap Index Scan on sbtest8_pkey  (cost=0.00..30.55 rows=1012 width=0)
	              Index Cond: ((id >= 2614038) AND (id <= 2615037))

for: simple_ranges
table 1 : explain SELECT c FROM sbtest1 WHERE id BETWEEN 4437098 AND 4438097
	Bitmap Heap Scan on sbtest1  (cost=30.45..3784.54 rows=977 width=121)
	  Recheck Cond: ((id >= 4437098) AND (id <= 4438097))
	  ->  Bitmap Index Scan on sbtest1_pkey  (cost=0.00..30.20 rows=977 width=0)
	        Index Cond: ((id >= 4437098) AND (id <= 4438097))

table 2 : explain SELECT c FROM sbtest2 WHERE id BETWEEN 7481064 AND 7482063
	Bitmap Heap Scan on sbtest2  (cost=31.08..4019.71 rows=1039 width=121)
	  Recheck Cond: ((id >= 7481064) AND (id <= 7482063))
	  ->  Bitmap Index Scan on sbtest2_pkey  (cost=0.00..30.82 rows=1039 width=0)
	        Index Cond: ((id >= 7481064) AND (id <= 7482063))

table 3 : explain SELECT c FROM sbtest3 WHERE id BETWEEN 6898036 AND 6899035
	Bitmap Heap Scan on sbtest3  (cost=30.35..3748.72 rows=967 width=121)
	  Recheck Cond: ((id >= 6898036) AND (id <= 6899035))
	  ->  Bitmap Index Scan on sbtest3_pkey  (cost=0.00..30.11 rows=967 width=0)
	        Index Cond: ((id >= 6898036) AND (id <= 6899035))

table 4 : explain SELECT c FROM sbtest4 WHERE id BETWEEN 2417972 AND 2418971
	Bitmap Heap Scan on sbtest4  (cost=30.32..3737.33 rows=964 width=121)
	  Recheck Cond: ((id >= 2417972) AND (id <= 2418971))
	  ->  Bitmap Index Scan on sbtest4_pkey  (cost=0.00..30.07 rows=964 width=0)
	        Index Cond: ((id >= 2417972) AND (id <= 2418971))

table 5 : explain SELECT c FROM sbtest5 WHERE id BETWEEN 3431623 AND 3432622
	Bitmap Heap Scan on sbtest5  (cost=30.51..3813.74 rows=983 width=121)
	  Recheck Cond: ((id >= 3431623) AND (id <= 3432622))
	  ->  Bitmap Index Scan on sbtest5_pkey  (cost=0.00..30.26 rows=983 width=0)
	        Index Cond: ((id >= 3431623) AND (id <= 3432622))

table 6 : explain SELECT c FROM sbtest6 WHERE id BETWEEN 7361741 AND 7362740
	Bitmap Heap Scan on sbtest6  (cost=30.18..3690.03 rows=951 width=121)
	  Recheck Cond: ((id >= 7361741) AND (id <= 7362740))
	  ->  Bitmap Index Scan on sbtest6_pkey  (cost=0.00..29.94 rows=951 width=0)
	        Index Cond: ((id >= 7361741) AND (id <= 7362740))

table 7 : explain SELECT c FROM sbtest7 WHERE id BETWEEN 9548171 AND 9549170
	Bitmap Heap Scan on sbtest7  (cost=30.86..3942.30 rows=1017 width=121)
	  Recheck Cond: ((id >= 9548171) AND (id <= 9549170))
	  ->  Bitmap Index Scan on sbtest7_pkey  (cost=0.00..30.61 rows=1017 width=0)
	        Index Cond: ((id >= 9548171) AND (id <= 9549170))

table 8 : explain SELECT c FROM sbtest8 WHERE id BETWEEN 5604802 AND 5605801
	Bitmap Heap Scan on sbtest8  (cost=30.23..3709.28 rows=956 width=121)
	  Recheck Cond: ((id >= 5604802) AND (id <= 5605801))
	  ->  Bitmap Index Scan on sbtest8_pkey  (cost=0.00..30.00 rows=956 width=0)
	        Index Cond: ((id >= 5604802) AND (id <= 5605801))

for point_selects
table 1 : explain SELECT c FROM sbtest1 WHERE id=2653802
	Index Scan using sbtest1_pkey on sbtest1  (cost=0.43..8.45 rows=1 width=121)
	  Index Cond: (id = 2653802)

table 2 : explain SELECT c FROM sbtest2 WHERE id=8350253
	Index Scan using sbtest2_pkey on sbtest2  (cost=0.43..8.45 rows=1 width=121)
	  Index Cond: (id = 8350253)

table 3 : explain SELECT c FROM sbtest3 WHERE id=2506343
	Index Scan using sbtest3_pkey on sbtest3  (cost=0.43..8.45 rows=1 width=121)
	  Index Cond: (id = 2506343)

table 4 : explain SELECT c FROM sbtest4 WHERE id=1128216
	Index Scan using sbtest4_pkey on sbtest4  (cost=0.43..8.45 rows=1 width=121)
	  Index Cond: (id = 1128216)

table 5 : explain SELECT c FROM sbtest5 WHERE id=6082867
	Index Scan using sbtest5_pkey on sbtest5  (cost=0.43..8.45 rows=1 width=121)
	  Index Cond: (id = 6082867)

table 6 : explain SELECT c FROM sbtest6 WHERE id=6416831
	Index Scan using sbtest6_pkey on sbtest6  (cost=0.43..8.45 rows=1 width=121)
	  Index Cond: (id = 6416831)

table 7 : explain SELECT c FROM sbtest7 WHERE id=2875805
	Index Scan using sbtest7_pkey on sbtest7  (cost=0.43..8.45 rows=1 width=121)
	  Index Cond: (id = 2875805)

table 8 : explain SELECT c FROM sbtest8 WHERE id=931991
	Index Scan using sbtest8_pkey on sbtest8  (cost=0.43..8.45 rows=1 width=121)
	  Index Cond: (id = 931991)

for: distinct_ranges
table 1 : explain SELECT DISTINCT c FROM sbtest1 WHERE id BETWEEN 1717255 AND 1718254 ORDER BY c
	Unique  (cost=4043.49..4048.65 rows=1032 width=121)
	  ->  Sort  (cost=4043.49..4046.07 rows=1032 width=121)
	        Sort Key: c
	        ->  Bitmap Heap Scan on sbtest1  (cost=31.01..3991.83 rows=1032 width=121)
	              Recheck Cond: ((id >= 1717255) AND (id <= 1718254))
	              ->  Bitmap Index Scan on sbtest1_pkey  (cost=0.00..30.75 rows=1032 width=0)
	                    Index Cond: ((id >= 1717255) AND (id <= 1718254))

table 2 : explain SELECT DISTINCT c FROM sbtest2 WHERE id BETWEEN 8468276 AND 8469275 ORDER BY c
	Unique  (cost=4041.17..4046.33 rows=1031 width=121)
	  ->  Sort  (cost=4041.17..4043.75 rows=1031 width=121)
	        Sort Key: c
	        ->  Bitmap Heap Scan on sbtest2  (cost=31.00..3989.57 rows=1031 width=121)
	              Recheck Cond: ((id >= 8468276) AND (id <= 8469275))
	              ->  Bitmap Index Scan on sbtest2_pkey  (cost=0.00..30.75 rows=1031 width=0)
	                    Index Cond: ((id >= 8468276) AND (id <= 8469275))

table 3 : explain SELECT DISTINCT c FROM sbtest3 WHERE id BETWEEN 4348627 AND 4349626 ORDER BY c
	Unique  (cost=3535.55..3540.05 rows=900 width=121)
	  ->  Sort  (cost=3535.55..3537.80 rows=900 width=121)
	        Sort Key: c
	        ->  Bitmap Heap Scan on sbtest3  (cost=25.66..3491.39 rows=900 width=121)
	              Recheck Cond: ((id >= 4348627) AND (id <= 4349626))
	              ->  Bitmap Index Scan on sbtest3_pkey  (cost=0.00..25.43 rows=900 width=0)
	                    Index Cond: ((id >= 4348627) AND (id <= 4349626))

table 4 : explain SELECT DISTINCT c FROM sbtest4 WHERE id BETWEEN 8813008 AND 8814007 ORDER BY c
	Unique  (cost=3861.76..3866.68 rows=984 width=121)
	  ->  Sort  (cost=3861.76..3864.22 rows=984 width=121)
	        Sort Key: c
	        ->  Bitmap Heap Scan on sbtest4  (cost=30.52..3812.84 rows=984 width=121)
	              Recheck Cond: ((id >= 8813008) AND (id <= 8814007))
	              ->  Bitmap Index Scan on sbtest4_pkey  (cost=0.00..30.27 rows=984 width=0)
	                    Index Cond: ((id >= 8813008) AND (id <= 8814007))

table 5 : explain SELECT DISTINCT c FROM sbtest5 WHERE id BETWEEN 4509904 AND 4510903 ORDER BY c
	Unique  (cost=3973.86..3978.92 rows=1012 width=121)
	  ->  Sort  (cost=3973.86..3976.39 rows=1012 width=121)
	        Sort Key: c
	        ->  Bitmap Heap Scan on sbtest5  (cost=30.81..3923.35 rows=1012 width=121)
	              Recheck Cond: ((id >= 4509904) AND (id <= 4510903))
	              ->  Bitmap Index Scan on sbtest5_pkey  (cost=0.00..30.55 rows=1012 width=0)
	                    Index Cond: ((id >= 4509904) AND (id <= 4510903))

table 6 : explain SELECT DISTINCT c FROM sbtest6 WHERE id BETWEEN 3588937 AND 3589936 ORDER BY c
	Unique  (cost=3940.33..3945.35 rows=1004 width=121)
	  ->  Sort  (cost=3940.33..3942.84 rows=1004 width=121)
	        Sort Key: c
	        ->  Bitmap Heap Scan on sbtest6  (cost=30.73..3890.27 rows=1004 width=121)
	              Recheck Cond: ((id >= 3588937) AND (id <= 3589936))
	              ->  Bitmap Index Scan on sbtest6_pkey  (cost=0.00..30.47 rows=1004 width=0)
	                    Index Cond: ((id >= 3588937) AND (id <= 3589936))

table 7 : explain SELECT DISTINCT c FROM sbtest7 WHERE id BETWEEN 1545035 AND 1546034 ORDER BY c
	Unique  (cost=4188.51..4193.85 rows=1068 width=121)
	  ->  Sort  (cost=4188.51..4191.18 rows=1068 width=121)
	        Sort Key: c
	        ->  Bitmap Heap Scan on sbtest7  (cost=31.38..4134.79 rows=1068 width=121)
	              Recheck Cond: ((id >= 1545035) AND (id <= 1546034))
	              ->  Bitmap Index Scan on sbtest7_pkey  (cost=0.00..31.11 rows=1068 width=0)
	                    Index Cond: ((id >= 1545035) AND (id <= 1546034))

table 8 : explain SELECT DISTINCT c FROM sbtest8 WHERE id BETWEEN 3081787 AND 3082786 ORDER BY c
	Unique  (cost=3894.70..3899.66 rows=992 width=121)
	  ->  Sort  (cost=3894.70..3897.18 rows=992 width=121)
	        Sort Key: c
	        ->  Bitmap Heap Scan on sbtest8  (cost=30.60..3845.33 rows=992 width=121)
	              Recheck Cond: ((id >= 3081787) AND (id <= 3082786))
	              ->  Bitmap Index Scan on sbtest8_pkey  (cost=0.00..30.36 rows=992 width=0)
	                    Index Cond: ((id >= 3081787) AND (id <= 3082786))

for: sum_ranges
table 1 : explain SELECT SUM(k) FROM sbtest1 WHERE id BETWEEN 2501388 AND 2502387
	Aggregate  (cost=3722.79..3722.80 rows=1 width=8)
	  ->  Bitmap Heap Scan on sbtest1  (cost=30.27..3720.39 rows=960 width=4)
	        Recheck Cond: ((id >= 2501388) AND (id <= 2502387))
	        ->  Bitmap Index Scan on sbtest1_pkey  (cost=0.00..30.04 rows=960 width=0)
	              Index Cond: ((id >= 2501388) AND (id <= 2502387))

table 2 : explain SELECT SUM(k) FROM sbtest2 WHERE id BETWEEN 3945444 AND 3946443
	Aggregate  (cost=3958.21..3958.22 rows=1 width=8)
	  ->  Bitmap Heap Scan on sbtest2  (cost=30.91..3955.66 rows=1022 width=4)
	        Recheck Cond: ((id >= 3945444) AND (id <= 3946443))
	        ->  Bitmap Index Scan on sbtest2_pkey  (cost=0.00..30.65 rows=1022 width=0)
	              Index Cond: ((id >= 3945444) AND (id <= 3946443))

table 3 : explain SELECT SUM(k) FROM sbtest3 WHERE id BETWEEN 6694612 AND 6695611
	Aggregate  (cost=4286.50..4286.51 rows=1 width=8)
	  ->  Bitmap Heap Scan on sbtest3  (cost=31.80..4283.73 rows=1109 width=4)
	        Recheck Cond: ((id >= 6694612) AND (id <= 6695611))
	        ->  Bitmap Index Scan on sbtest3_pkey  (cost=0.00..31.52 rows=1109 width=0)
	              Index Cond: ((id >= 6694612) AND (id <= 6695611))

table 4 : explain SELECT SUM(k) FROM sbtest4 WHERE id BETWEEN 811558 AND 812557
	Aggregate  (cost=3622.30..3622.31 rows=1 width=8)
	  ->  Bitmap Heap Scan on sbtest4  (cost=26.01..3619.96 rows=934 width=4)
	        Recheck Cond: ((id >= 811558) AND (id <= 812557))
	        ->  Bitmap Index Scan on sbtest4_pkey  (cost=0.00..25.77 rows=934 width=0)
	              Index Cond: ((id >= 811558) AND (id <= 812557))

table 5 : explain SELECT SUM(k) FROM sbtest5 WHERE id BETWEEN 9411955 AND 9412954
	Aggregate  (cost=4314.63..4314.64 rows=1 width=8)
	  ->  Bitmap Heap Scan on sbtest5  (cost=31.86..4311.85 rows=1115 width=4)
	        Recheck Cond: ((id >= 9411955) AND (id <= 9412954))
	        ->  Bitmap Index Scan on sbtest5_pkey  (cost=0.00..31.58 rows=1115 width=0)
	              Index Cond: ((id >= 9411955) AND (id <= 9412954))

table 6 : explain SELECT SUM(k) FROM sbtest6 WHERE id BETWEEN 441430 AND 442429
	Aggregate  (cost=3843.67..3843.68 rows=1 width=8)
	  ->  Bitmap Heap Scan on sbtest6  (cost=30.59..3841.19 rows=991 width=4)
	        Recheck Cond: ((id >= 441430) AND (id <= 442429))
	        ->  Bitmap Index Scan on sbtest6_pkey  (cost=0.00..30.34 rows=991 width=0)
	              Index Cond: ((id >= 441430) AND (id <= 442429))

table 7 : explain SELECT SUM(k) FROM sbtest7 WHERE id BETWEEN 3994389 AND 3995388
	Aggregate  (cost=3770.83..3770.84 rows=1 width=8)
	  ->  Bitmap Heap Scan on sbtest7  (cost=30.39..3768.40 rows=971 width=4)
	        Recheck Cond: ((id >= 3994389) AND (id <= 3995388))
	        ->  Bitmap Index Scan on sbtest7_pkey  (cost=0.00..30.14 rows=971 width=0)
	              Index Cond: ((id >= 3994389) AND (id <= 3995388))

table 8 : explain SELECT SUM(k) FROM sbtest8 WHERE id BETWEEN 685315 AND 686314
	Aggregate  (cost=3446.28..3446.29 rows=1 width=8)
	  ->  Bitmap Heap Scan on sbtest8  (cost=25.53..3444.06 rows=887 width=4)
	        Recheck Cond: ((id >= 685315) AND (id <= 686314))
	        ->  Bitmap Index Scan on sbtest8_pkey  (cost=0.00..25.30 rows=887 width=0)
	              Index Cond: ((id >= 685315) AND (id <= 686314))

for point_selects
table 1 : explain SELECT c FROM sbtest1 WHERE id=803978
	Index Scan using sbtest1_pkey on sbtest1  (cost=0.43..8.45 rows=1 width=121)
	  Index Cond: (id = 803978)

table 2 : explain SELECT c FROM sbtest2 WHERE id=3449860
	Index Scan using sbtest2_pkey on sbtest2  (cost=0.43..8.45 rows=1 width=121)
	  Index Cond: (id = 3449860)

table 3 : explain SELECT c FROM sbtest3 WHERE id=7414998
	Index Scan using sbtest3_pkey on sbtest3  (cost=0.43..8.45 rows=1 width=121)
	  Index Cond: (id = 7414998)

table 4 : explain SELECT c FROM sbtest4 WHERE id=439380
	Index Scan using sbtest4_pkey on sbtest4  (cost=0.43..8.45 rows=1 width=121)
	  Index Cond: (id = 439380)

table 5 : explain SELECT c FROM sbtest5 WHERE id=5836558
	Index Scan using sbtest5_pkey on sbtest5  (cost=0.43..8.45 rows=1 width=121)
	  Index Cond: (id = 5836558)

table 6 : explain SELECT c FROM sbtest6 WHERE id=7296444
	Index Scan using sbtest6_pkey on sbtest6  (cost=0.43..8.45 rows=1 width=121)
	  Index Cond: (id = 7296444)

table 7 : explain SELECT c FROM sbtest7 WHERE id=1171870
	Index Scan using sbtest7_pkey on sbtest7  (cost=0.43..8.45 rows=1 width=121)
	  Index Cond: (id = 1171870)

table 8 : explain SELECT c FROM sbtest8 WHERE id=8124158
	Index Scan using sbtest8_pkey on sbtest8  (cost=0.43..8.45 rows=1 width=121)
	  Index Cond: (id = 8124158)

for: order_ranges
table 1 : explain SELECT c FROM sbtest1 WHERE id BETWEEN 5986002 AND 5987001 ORDER BY c
	Sort  (cost=3974.66..3977.19 rows=1014 width=121)
	  Sort Key: c
	  ->  Bitmap Heap Scan on sbtest1  (cost=30.83..3924.03 rows=1014 width=121)
	        Recheck Cond: ((id >= 5986002) AND (id <= 5987001))
	        ->  Bitmap Index Scan on sbtest1_pkey  (cost=0.00..30.57 rows=1014 width=0)
	              Index Cond: ((id >= 5986002) AND (id <= 5987001))

table 2 : explain SELECT c FROM sbtest2 WHERE id BETWEEN 6377175 AND 6378174 ORDER BY c
	Sort  (cost=4155.87..4158.52 rows=1061 width=121)
	  Sort Key: c
	  ->  Bitmap Heap Scan on sbtest2  (cost=31.31..4102.55 rows=1061 width=121)
	        Recheck Cond: ((id >= 6377175) AND (id <= 6378174))
	        ->  Bitmap Index Scan on sbtest2_pkey  (cost=0.00..31.04 rows=1061 width=0)
	              Index Cond: ((id >= 6377175) AND (id <= 6378174))

table 3 : explain SELECT c FROM sbtest3 WHERE id BETWEEN 4431352 AND 4432351 ORDER BY c
	Sort  (cost=3896.29..3898.78 rows=993 width=121)
	  Sort Key: c
	  ->  Bitmap Heap Scan on sbtest3  (cost=30.61..3846.87 rows=993 width=121)
	        Recheck Cond: ((id >= 4431352) AND (id <= 4432351))
	        ->  Bitmap Index Scan on sbtest3_pkey  (cost=0.00..30.36 rows=993 width=0)
	              Index Cond: ((id >= 4431352) AND (id <= 4432351))

table 4 : explain SELECT c FROM sbtest4 WHERE id BETWEEN 5878661 AND 5879660 ORDER BY c
	Sort  (cost=4026.39..4028.96 rows=1027 width=121)
	  Sort Key: c
	  ->  Bitmap Heap Scan on sbtest4  (cost=30.96..3975.02 rows=1027 width=121)
	        Recheck Cond: ((id >= 5878661) AND (id <= 5879660))
	        ->  Bitmap Index Scan on sbtest4_pkey  (cost=0.00..30.70 rows=1027 width=0)
	              Index Cond: ((id >= 5878661) AND (id <= 5879660))

table 5 : explain SELECT c FROM sbtest5 WHERE id BETWEEN 8050669 AND 8051668 ORDER BY c
	Sort  (cost=4142.50..4145.14 rows=1056 width=121)
	  Sort Key: c
	  ->  Bitmap Heap Scan on sbtest5  (cost=31.26..4089.46 rows=1056 width=121)
	        Recheck Cond: ((id >= 8050669) AND (id <= 8051668))
	        ->  Bitmap Index Scan on sbtest5_pkey  (cost=0.00..31.00 rows=1056 width=0)
	              Index Cond: ((id >= 8050669) AND (id <= 8051668))

table 6 : explain SELECT c FROM sbtest6 WHERE id BETWEEN 378253 AND 379252 ORDER BY c
	Sort  (cost=4456.75..4459.60 rows=1138 width=121)
	  Sort Key: c
	  ->  Bitmap Heap Scan on sbtest6  (cost=36.10..4398.99 rows=1138 width=121)
	        Recheck Cond: ((id >= 378253) AND (id <= 379252))
	        ->  Bitmap Index Scan on sbtest6_pkey  (cost=0.00..35.82 rows=1138 width=0)
	              Index Cond: ((id >= 378253) AND (id <= 379252))

table 7 : explain SELECT c FROM sbtest7 WHERE id BETWEEN 4099495 AND 4100494 ORDER BY c
	Sort  (cost=3770.49..3772.89 rows=959 width=121)
	  Sort Key: c
	  ->  Bitmap Heap Scan on sbtest7  (cost=30.26..3722.99 rows=959 width=121)
	        Recheck Cond: ((id >= 4099495) AND (id <= 4100494))
	        ->  Bitmap Index Scan on sbtest7_pkey  (cost=0.00..30.02 rows=959 width=0)
	              Index Cond: ((id >= 4099495) AND (id <= 4100494))

table 8 : explain SELECT c FROM sbtest8 WHERE id BETWEEN 5684973 AND 5685972 ORDER BY c
	Sort  (cost=3756.61..3759.00 rows=956 width=121)
	  Sort Key: c
	  ->  Bitmap Heap Scan on sbtest8  (cost=30.23..3709.28 rows=956 width=121)
	        Recheck Cond: ((id >= 5684973) AND (id <= 5685972))
	        ->  Bitmap Index Scan on sbtest8_pkey  (cost=0.00..30.00 rows=956 width=0)
	              Index Cond: ((id >= 5684973) AND (id <= 5685972))

explain: for point_selects :: explain SELECT c FROM sbtest%u WHERE id=%u
for point_selects
table 1 : explain SELECT c FROM sbtest1 WHERE id=7071941
	Index Scan using sbtest1_pkey on sbtest1  (cost=0.43..8.45 rows=1 width=121)
	  Index Cond: (id = 7071941)

table 2 : explain SELECT c FROM sbtest2 WHERE id=7321692
	Index Scan using sbtest2_pkey on sbtest2  (cost=0.43..8.45 rows=1 width=121)
	  Index Cond: (id = 7321692)

table 3 : explain SELECT c FROM sbtest3 WHERE id=230408
	Index Scan using sbtest3_pkey on sbtest3  (cost=0.43..8.45 rows=1 width=121)
	  Index Cond: (id = 230408)

table 4 : explain SELECT c FROM sbtest4 WHERE id=3290002
	Index Scan using sbtest4_pkey on sbtest4  (cost=0.43..8.45 rows=1 width=121)
	  Index Cond: (id = 3290002)

table 5 : explain SELECT c FROM sbtest5 WHERE id=8198781
	Index Scan using sbtest5_pkey on sbtest5  (cost=0.43..8.45 rows=1 width=121)
	  Index Cond: (id = 8198781)

table 6 : explain SELECT c FROM sbtest6 WHERE id=4506207
	Index Scan using sbtest6_pkey on sbtest6  (cost=0.43..8.45 rows=1 width=121)
	  Index Cond: (id = 4506207)

table 7 : explain SELECT c FROM sbtest7 WHERE id=5821232
	Index Scan using sbtest7_pkey on sbtest7  (cost=0.43..8.45 rows=1 width=121)
	  Index Cond: (id = 5821232)

table 8 : explain SELECT c FROM sbtest8 WHERE id=7756450
	Index Scan using sbtest8_pkey on sbtest8  (cost=0.43..8.45 rows=1 width=121)
	  Index Cond: (id = 7756450)

explain: for point_selects :: explain SELECT c FROM sbtest%u WHERE id=%u
for: distinct_ranges
table 1 : explain SELECT DISTINCT c FROM sbtest1 WHERE id BETWEEN 6011657 AND 6012656 ORDER BY c
	Unique  (cost=3974.66..3979.73 rows=1014 width=121)
	  ->  Sort  (cost=3974.66..3977.19 rows=1014 width=121)
	        Sort Key: c
	        ->  Bitmap Heap Scan on sbtest1  (cost=30.83..3924.03 rows=1014 width=121)
	              Recheck Cond: ((id >= 6011657) AND (id <= 6012656))
	              ->  Bitmap Index Scan on sbtest1_pkey  (cost=0.00..30.57 rows=1014 width=0)
	                    Index Cond: ((id >= 6011657) AND (id <= 6012656))

table 2 : explain SELECT DISTINCT c FROM sbtest2 WHERE id BETWEEN 5011627 AND 5012626 ORDER BY c
	Unique  (cost=4220.81..4226.20 rows=1078 width=121)
	  ->  Sort  (cost=4220.81..4223.51 rows=1078 width=121)
	        Sort Key: c
	        ->  Bitmap Heap Scan on sbtest2  (cost=31.48..4166.51 rows=1078 width=121)
	              Recheck Cond: ((id >= 5011627) AND (id <= 5012626))
	              ->  Bitmap Index Scan on sbtest2_pkey  (cost=0.00..31.21 rows=1078 width=0)
	                    Index Cond: ((id >= 5011627) AND (id <= 5012626))

table 3 : explain SELECT DISTINCT c FROM sbtest3 WHERE id BETWEEN 8137233 AND 8138232 ORDER BY c
	Unique  (cost=3869.48..3874.41 rows=986 width=121)
	  ->  Sort  (cost=3869.48..3871.95 rows=986 width=121)
	        Sort Key: c
	        ->  Bitmap Heap Scan on sbtest3  (cost=30.54..3820.45 rows=986 width=121)
	              Recheck Cond: ((id >= 8137233) AND (id <= 8138232))
	              ->  Bitmap Index Scan on sbtest3_pkey  (cost=0.00..30.29 rows=986 width=0)
	                    Index Cond: ((id >= 8137233) AND (id <= 8138232))

table 4 : explain SELECT DISTINCT c FROM sbtest4 WHERE id BETWEEN 4645250 AND 4646249 ORDER BY c
	Unique  (cost=3861.76..3866.68 rows=984 width=121)
	  ->  Sort  (cost=3861.76..3864.22 rows=984 width=121)
	        Sort Key: c
	        ->  Bitmap Heap Scan on sbtest4  (cost=30.52..3812.84 rows=984 width=121)
	              Recheck Cond: ((id >= 4645250) AND (id <= 4646249))
	              ->  Bitmap Index Scan on sbtest4_pkey  (cost=0.00..30.27 rows=984 width=0)
	                    Index Cond: ((id >= 4645250) AND (id <= 4646249))

table 5 : explain SELECT DISTINCT c FROM sbtest5 WHERE id BETWEEN 2209725 AND 2210724 ORDER BY c
	Unique  (cost=3920.16..3925.15 rows=998 width=121)
	  ->  Sort  (cost=3920.16..3922.66 rows=998 width=121)
	        Sort Key: c
	        ->  Bitmap Heap Scan on sbtest5  (cost=30.66..3870.45 rows=998 width=121)
	              Recheck Cond: ((id >= 2209725) AND (id <= 2210724))
	              ->  Bitmap Index Scan on sbtest5_pkey  (cost=0.00..30.41 rows=998 width=0)
	                    Index Cond: ((id >= 2209725) AND (id <= 2210724))

table 6 : explain SELECT DISTINCT c FROM sbtest6 WHERE id BETWEEN 414461 AND 415460 ORDER BY c
	Unique  (cost=3890.50..3895.46 rows=991 width=121)
	  ->  Sort  (cost=3890.50..3892.98 rows=991 width=121)
	        Sort Key: c
	        ->  Bitmap Heap Scan on sbtest6  (cost=30.59..3841.19 rows=991 width=121)
	              Recheck Cond: ((id >= 414461) AND (id <= 415460))
	              ->  Bitmap Index Scan on sbtest6_pkey  (cost=0.00..30.34 rows=991 width=0)
	                    Index Cond: ((id >= 414461) AND (id <= 415460))

table 7 : explain SELECT DISTINCT c FROM sbtest7 WHERE id BETWEEN 1523977 AND 1524976 ORDER BY c
	Unique  (cost=3470.35..3474.76 rows=882 width=121)
	  ->  Sort  (cost=3470.35..3472.55 rows=882 width=121)
	        Sort Key: c
	        ->  Bitmap Heap Scan on sbtest7  (cost=25.48..3427.20 rows=882 width=121)
	              Recheck Cond: ((id >= 1523977) AND (id <= 1524976))
	              ->  Bitmap Index Scan on sbtest7_pkey  (cost=0.00..25.25 rows=882 width=0)
	                    Index Cond: ((id >= 1523977) AND (id <= 1524976))

table 8 : explain SELECT DISTINCT c FROM sbtest8 WHERE id BETWEEN 3870992 AND 3871991 ORDER BY c
	Unique  (cost=3898.53..3903.50 rows=993 width=121)
	  ->  Sort  (cost=3898.53..3901.02 rows=993 width=121)
	        Sort Key: c
	        ->  Bitmap Heap Scan on sbtest8  (cost=30.61..3849.10 rows=993 width=121)
	              Recheck Cond: ((id >= 3870992) AND (id <= 3871991))
	              ->  Bitmap Index Scan on sbtest8_pkey  (cost=0.00..30.36 rows=993 width=0)
	                    Index Cond: ((id >= 3870992) AND (id <= 3871991))

for: distinct_ranges
table 1 : explain SELECT DISTINCT c FROM sbtest1 WHERE id BETWEEN 7556391 AND 7557390 ORDER BY c
	Unique  (cost=3199.38..3203.45 rows=813 width=121)
	  ->  Sort  (cost=3199.38..3201.41 rows=813 width=121)
	        Sort Key: c
	        ->  Bitmap Heap Scan on sbtest1  (cost=24.77..3160.08 rows=813 width=121)
	              Recheck Cond: ((id >= 7556391) AND (id <= 7557390))
	              ->  Bitmap Index Scan on sbtest1_pkey  (cost=0.00..24.57 rows=813 width=0)
	                    Index Cond: ((id >= 7556391) AND (id <= 7557390))

table 2 : explain SELECT DISTINCT c FROM sbtest2 WHERE id BETWEEN 8049426 AND 8050425 ORDER BY c
	Unique  (cost=3650.25..3654.90 rows=930 width=121)
	  ->  Sort  (cost=3650.25..3652.57 rows=930 width=121)
	        Sort Key: c
	        ->  Bitmap Heap Scan on sbtest2  (cost=25.97..3604.39 rows=930 width=121)
	              Recheck Cond: ((id >= 8049426) AND (id <= 8050425))
	              ->  Bitmap Index Scan on sbtest2_pkey  (cost=0.00..25.73 rows=930 width=0)
	                    Index Cond: ((id >= 8049426) AND (id <= 8050425))

table 3 : explain SELECT DISTINCT c FROM sbtest3 WHERE id BETWEEN 7120658 AND 7121657 ORDER BY c
	Unique  (cost=3792.83..3797.66 rows=966 width=121)
	  ->  Sort  (cost=3792.83..3795.25 rows=966 width=121)
	        Sort Key: c
	        ->  Bitmap Heap Scan on sbtest3  (cost=30.34..3744.94 rows=966 width=121)
	              Recheck Cond: ((id >= 7120658) AND (id <= 7121657))
	              ->  Bitmap Index Scan on sbtest3_pkey  (cost=0.00..30.09 rows=966 width=0)
	                    Index Cond: ((id >= 7120658) AND (id <= 7121657))

table 4 : explain SELECT DISTINCT c FROM sbtest4 WHERE id BETWEEN 7595451 AND 7596450 ORDER BY c
	Unique  (cost=3742.93..3747.70 rows=953 width=121)
	  ->  Sort  (cost=3742.93..3745.31 rows=953 width=121)
	        Sort Key: c
	        ->  Bitmap Heap Scan on sbtest4  (cost=30.20..3695.78 rows=953 width=121)
	              Recheck Cond: ((id >= 7595451) AND (id <= 7596450))
	              ->  Bitmap Index Scan on sbtest4_pkey  (cost=0.00..29.96 rows=953 width=0)
	                    Index Cond: ((id >= 7595451) AND (id <= 7596450))

table 5 : explain SELECT DISTINCT c FROM sbtest5 WHERE id BETWEEN 2444127 AND 2445126 ORDER BY c
	Unique  (cost=3985.37..3990.44 rows=1015 width=121)
	  ->  Sort  (cost=3985.37..3987.91 rows=1015 width=121)
	        Sort Key: c
	        ->  Bitmap Heap Scan on sbtest5  (cost=30.84..3934.68 rows=1015 width=121)
	              Recheck Cond: ((id >= 2444127) AND (id <= 2445126))
	              ->  Bitmap Index Scan on sbtest5_pkey  (cost=0.00..30.58 rows=1015 width=0)
	                    Index Cond: ((id >= 2444127) AND (id <= 2445126))

table 6 : explain SELECT DISTINCT c FROM sbtest6 WHERE id BETWEEN 5118790 AND 5119789 ORDER BY c
	Unique  (cost=3587.30..3591.86 rows=912 width=121)
	  ->  Sort  (cost=3587.30..3589.58 rows=912 width=121)
	        Sort Key: c
	        ->  Bitmap Heap Scan on sbtest6  (cost=29.78..3542.46 rows=912 width=121)
	              Recheck Cond: ((id >= 5118790) AND (id <= 5119789))
	              ->  Bitmap Index Scan on sbtest6_pkey  (cost=0.00..29.55 rows=912 width=0)
	                    Index Cond: ((id >= 5118790) AND (id <= 5119789))

table 7 : explain SELECT DISTINCT c FROM sbtest7 WHERE id BETWEEN 7066451 AND 7067450 ORDER BY c
	Unique  (cost=3755.12..3759.90 rows=955 width=121)
	  ->  Sort  (cost=3755.12..3757.51 rows=955 width=121)
	        Sort Key: c
	        ->  Bitmap Heap Scan on sbtest7  (cost=30.22..3707.85 rows=955 width=121)
	              Recheck Cond: ((id >= 7066451) AND (id <= 7067450))
	              ->  Bitmap Index Scan on sbtest7_pkey  (cost=0.00..29.98 rows=955 width=0)
	                    Index Cond: ((id >= 7066451) AND (id <= 7067450))

table 8 : explain SELECT DISTINCT c FROM sbtest8 WHERE id BETWEEN 4143725 AND 4144724 ORDER BY c
	Unique  (cost=3733.58..3738.33 rows=950 width=121)
	  ->  Sort  (cost=3733.58..3735.95 rows=950 width=121)
	        Sort Key: c
	        ->  Bitmap Heap Scan on sbtest8  (cost=30.17..3686.59 rows=950 width=121)
	              Recheck Cond: ((id >= 4143725) AND (id <= 4144724))
	              ->  Bitmap Index Scan on sbtest8_pkey  (cost=0.00..29.93 rows=950 width=0)
	                    Index Cond: ((id >= 4143725) AND (id <= 4144724))

for point_selects
table 1 : explain SELECT c FROM sbtest1 WHERE id=1766386
	Index Scan using sbtest1_pkey on sbtest1  (cost=0.43..8.45 rows=1 width=121)
	  Index Cond: (id = 1766386)

table 2 : explain SELECT c FROM sbtest2 WHERE id=4545747
	Index Scan using sbtest2_pkey on sbtest2  (cost=0.43..8.45 rows=1 width=121)
	  Index Cond: (id = 4545747)

table 3 : explain SELECT c FROM sbtest3 WHERE id=5831024
	Index Scan using sbtest3_pkey on sbtest3  (cost=0.43..8.45 rows=1 width=121)
	  Index Cond: (id = 5831024)

table 4 : explain SELECT c FROM sbtest4 WHERE id=6850450
	Index Scan using sbtest4_pkey on sbtest4  (cost=0.43..8.45 rows=1 width=121)
	  Index Cond: (id = 6850450)

table 5 : explain SELECT c FROM sbtest5 WHERE id=3172711
	Index Scan using sbtest5_pkey on sbtest5  (cost=0.43..8.45 rows=1 width=121)
	  Index Cond: (id = 3172711)

table 6 : explain SELECT c FROM sbtest6 WHERE id=3317414
	Index Scan using sbtest6_pkey on sbtest6  (cost=0.43..8.45 rows=1 width=121)
	  Index Cond: (id = 3317414)

table 7 : explain SELECT c FROM sbtest7 WHERE id=8404517
	Index Scan using sbtest7_pkey on sbtest7  (cost=0.43..8.45 rows=1 width=121)
	  Index Cond: (id = 8404517)

table 8 : explain SELECT c FROM sbtest8 WHERE id=2654453
	Index Scan using sbtest8_pkey on sbtest8  (cost=0.43..8.45 rows=1 width=121)
	  Index Cond: (id = 2654453)
for: sum_ranges
table 1 : explain SELECT SUM(k) FROM sbtest1 WHERE id BETWEEN 281736 AND 282735
	Aggregate  (cost=3616.99..3617.00 rows=1 width=8)
	  ->  Bitmap Heap Scan on sbtest1  (cost=29.99..3614.66 rows=932 width=4)
	        Recheck Cond: ((id >= 281736) AND (id <= 282735))
	        ->  Bitmap Index Scan on sbtest1_pkey  (cost=0.00..29.75 rows=932 width=0)
	              Index Cond: ((id >= 281736) AND (id <= 282735))

table 2 : explain SELECT SUM(k) FROM sbtest2 WHERE id BETWEEN 724894 AND 725893
	Aggregate  (cost=3705.25..3705.26 rows=1 width=8)
	  ->  Bitmap Heap Scan on sbtest2  (cost=30.22..3702.87 rows=955 width=4)
	        Recheck Cond: ((id >= 724894) AND (id <= 725893))
	        ->  Bitmap Index Scan on sbtest2_pkey  (cost=0.00..29.98 rows=955 width=0)
	              Index Cond: ((id >= 724894) AND (id <= 725893))

table 3 : explain SELECT SUM(k) FROM sbtest3 WHERE id BETWEEN 6898339 AND 6899338
	Aggregate  (cost=3751.13..3751.14 rows=1 width=8)
	  ->  Bitmap Heap Scan on sbtest3  (cost=30.35..3748.72 rows=967 width=4)
	        Recheck Cond: ((id >= 6898339) AND (id <= 6899338))
	        ->  Bitmap Index Scan on sbtest3_pkey  (cost=0.00..30.11 rows=967 width=0)
	              Index Cond: ((id >= 6898339) AND (id <= 6899338))

table 4 : explain SELECT SUM(k) FROM sbtest4 WHERE id BETWEEN 8281632 AND 8282631
	Aggregate  (cost=3819.08..3819.09 rows=1 width=8)
	  ->  Bitmap Heap Scan on sbtest4  (cost=30.53..3816.62 rows=985 width=4)
	        Recheck Cond: ((id >= 8281632) AND (id <= 8282631))
	        ->  Bitmap Index Scan on sbtest4_pkey  (cost=0.00..30.29 rows=985 width=0)
	              Index Cond: ((id >= 8281632) AND (id <= 8282631))

table 5 : explain SELECT SUM(k) FROM sbtest5 WHERE id BETWEEN 2508787 AND 2509786
	Aggregate  (cost=3672.31..3672.32 rows=1 width=8)
	  ->  Bitmap Heap Scan on sbtest5  (cost=30.12..3669.95 rows=945 width=4)
	        Recheck Cond: ((id >= 2508787) AND (id <= 2509786))
	        ->  Bitmap Index Scan on sbtest5_pkey  (cost=0.00..29.89 rows=945 width=0)
	              Index Cond: ((id >= 2508787) AND (id <= 2509786))

table 6 : explain SELECT SUM(k) FROM sbtest6 WHERE id BETWEEN 1312203 AND 1313202
	Aggregate  (cost=3392.87..3392.88 rows=1 width=8)
	  ->  Bitmap Heap Scan on sbtest6  (cost=25.38..3390.68 rows=873 width=4)
	        Recheck Cond: ((id >= 1312203) AND (id <= 1313202))
	        ->  Bitmap Index Scan on sbtest6_pkey  (cost=0.00..25.16 rows=873 width=0)
	              Index Cond: ((id >= 1312203) AND (id <= 1313202))

table 7 : explain SELECT SUM(k) FROM sbtest7 WHERE id BETWEEN 7464235 AND 7465234
	Aggregate  (cost=3918.38..3918.39 rows=1 width=8)
	  ->  Bitmap Heap Scan on sbtest7  (cost=30.79..3915.85 rows=1010 width=4)
	        Recheck Cond: ((id >= 7464235) AND (id <= 7465234))
	        ->  Bitmap Index Scan on sbtest7_pkey  (cost=0.00..30.54 rows=1010 width=0)
	              Index Cond: ((id >= 7464235) AND (id <= 7465234))

table 8 : explain SELECT SUM(k) FROM sbtest8 WHERE id BETWEEN 8772321 AND 8773320
	Aggregate  (cost=3590.52..3590.53 rows=1 width=8)
	  ->  Bitmap Heap Scan on sbtest8  (cost=29.91..3588.21 rows=924 width=4)
	        Recheck Cond: ((id >= 8772321) AND (id <= 8773320))
	        ->  Bitmap Index Scan on sbtest8_pkey  (cost=0.00..29.68 rows=924 width=0)
	              Index Cond: ((id >= 8772321) AND (id <= 8773320))


for point_selects
table 1 : explain SELECT c FROM sbtest1 WHERE id=5202598
	Index Scan using sbtest1_pkey on sbtest1  (cost=0.43..8.45 rows=1 width=121)
	  Index Cond: (id = 5202598)

table 2 : explain SELECT c FROM sbtest2 WHERE id=8030121
	Index Scan using sbtest2_pkey on sbtest2  (cost=0.43..8.45 rows=1 width=121)
	  Index Cond: (id = 8030121)

table 3 : explain SELECT c FROM sbtest3 WHERE id=7188403
	Index Scan using sbtest3_pkey on sbtest3  (cost=0.43..8.45 rows=1 width=121)
	  Index Cond: (id = 7188403)

table 4 : explain SELECT c FROM sbtest4 WHERE id=9175590
	Index Scan using sbtest4_pkey on sbtest4  (cost=0.43..8.45 rows=1 width=121)
	  Index Cond: (id = 9175590)

table 5 : explain SELECT c FROM sbtest5 WHERE id=4881958
	Index Scan using sbtest5_pkey on sbtest5  (cost=0.43..8.45 rows=1 width=121)
	  Index Cond: (id = 4881958)

table 6 : explain SELECT c FROM sbtest6 WHERE id=5598197
	Index Scan using sbtest6_pkey on sbtest6  (cost=0.43..8.45 rows=1 width=121)
	  Index Cond: (id = 5598197)

table 7 : explain SELECT c FROM sbtest7 WHERE id=7320781
	Index Scan using sbtest7_pkey on sbtest7  (cost=0.43..8.45 rows=1 width=121)
	  Index Cond: (id = 7320781)

table 8 : explain SELECT c FROM sbtest8 WHERE id=9887179
	Index Scan using sbtest8_pkey on sbtest8  (cost=0.43..8.45 rows=1 width=121)
	  Index Cond: (id = 9887179)

for: simple_ranges
table 1 : explain SELECT c FROM sbtest1 WHERE id BETWEEN 7934489 AND 7935488
	Bitmap Heap Scan on sbtest1  (cost=31.36..4119.78 rows=1066 width=121)
	  Recheck Cond: ((id >= 7934489) AND (id <= 7935488))
	  ->  Bitmap Index Scan on sbtest1_pkey  (cost=0.00..31.09 rows=1066 width=0)
	        Index Cond: ((id >= 7934489) AND (id <= 7935488))

table 2 : explain SELECT c FROM sbtest2 WHERE id BETWEEN 7608821 AND 7609820
	Bitmap Heap Scan on sbtest2  (cost=30.13..3668.87 rows=946 width=121)
	  Recheck Cond: ((id >= 7608821) AND (id <= 7609820))
	  ->  Bitmap Index Scan on sbtest2_pkey  (cost=0.00..29.89 rows=946 width=0)
	        Index Cond: ((id >= 7608821) AND (id <= 7609820))

table 3 : explain SELECT c FROM sbtest3 WHERE id BETWEEN 4891716 AND 4892715
	Bitmap Heap Scan on sbtest3  (cost=30.78..3907.22 rows=1009 width=121)
	  Recheck Cond: ((id >= 4891716) AND (id <= 4892715))
	  ->  Bitmap Index Scan on sbtest3_pkey  (cost=0.00..30.52 rows=1009 width=0)
	        Index Cond: ((id >= 4891716) AND (id <= 4892715))

table 4 : explain SELECT c FROM sbtest4 WHERE id BETWEEN 7751534 AND 7752533
	Bitmap Heap Scan on sbtest4  (cost=30.88..3944.87 rows=1019 width=121)
	  Recheck Cond: ((id >= 7751534) AND (id <= 7752533))
	  ->  Bitmap Index Scan on sbtest4_pkey  (cost=0.00..30.62 rows=1019 width=0)
	        Index Cond: ((id >= 7751534) AND (id <= 7752533))

table 5 : explain SELECT c FROM sbtest5 WHERE id BETWEEN 5630624 AND 5631623
	Bitmap Heap Scan on sbtest5  (cost=30.82..3927.13 rows=1013 width=121)
	  Recheck Cond: ((id >= 5630624) AND (id <= 5631623))
	  ->  Bitmap Index Scan on sbtest5_pkey  (cost=0.00..30.57 rows=1013 width=0)
	        Index Cond: ((id >= 5630624) AND (id <= 5631623))

table 6 : explain SELECT c FROM sbtest6 WHERE id BETWEEN 1243502 AND 1244501
	Bitmap Heap Scan on sbtest6  (cost=31.07..4018.54 rows=1038 width=121)
	  Recheck Cond: ((id >= 1243502) AND (id <= 1244501))
	  ->  Bitmap Index Scan on sbtest6_pkey  (cost=0.00..30.82 rows=1038 width=0)
	        Index Cond: ((id >= 1243502) AND (id <= 1244501))

table 7 : explain SELECT c FROM sbtest7 WHERE id BETWEEN 4871793 AND 4872792
	Bitmap Heap Scan on sbtest7  (cost=30.36..3757.05 rows=968 width=121)
	  Recheck Cond: ((id >= 4871793) AND (id <= 4872792))
	  ->  Bitmap Index Scan on sbtest7_pkey  (cost=0.00..30.11 rows=968 width=0)
	        Index Cond: ((id >= 4871793) AND (id <= 4872792))

table 8 : explain SELECT c FROM sbtest8 WHERE id BETWEEN 8021710 AND 8022709
	Bitmap Heap Scan on sbtest8  (cost=30.77..3905.74 rows=1008 width=121)
	  Recheck Cond: ((id >= 8021710) AND (id <= 8022709))
	  ->  Bitmap Index Scan on sbtest8_pkey  (cost=0.00..30.51 rows=1008 width=0)
	        Index Cond: ((id >= 8021710) AND (id <= 8022709))

for: sum_ranges
table 1 : explain SELECT SUM(k) FROM sbtest1 WHERE id BETWEEN 8046784 AND 8047783
	Aggregate  (cost=3719.02..3719.03 rows=1 width=8)
	  ->  Bitmap Heap Scan on sbtest1  (cost=30.26..3716.62 rows=959 width=4)
	        Recheck Cond: ((id >= 8046784) AND (id <= 8047783))
	        ->  Bitmap Index Scan on sbtest1_pkey  (cost=0.00..30.02 rows=959 width=0)
	              Index Cond: ((id >= 8046784) AND (id <= 8047783))

table 2 : explain SELECT SUM(k) FROM sbtest2 WHERE id BETWEEN 4952245 AND 4953244
	Aggregate  (cost=3845.02..3845.03 rows=1 width=8)
	  ->  Bitmap Heap Scan on sbtest2  (cost=30.60..3842.54 rows=992 width=4)
	        Recheck Cond: ((id >= 4952245) AND (id <= 4953244))
	        ->  Bitmap Index Scan on sbtest2_pkey  (cost=0.00..30.36 rows=992 width=0)
	              Index Cond: ((id >= 4952245) AND (id <= 4953244))

table 3 : explain SELECT SUM(k) FROM sbtest3 WHERE id BETWEEN 7781446 AND 7782445
	Aggregate  (cost=3883.32..3883.33 rows=1 width=8)
	  ->  Bitmap Heap Scan on sbtest3  (cost=30.71..3880.82 rows=1002 width=4)
	        Recheck Cond: ((id >= 7781446) AND (id <= 7782445))
	        ->  Bitmap Index Scan on sbtest3_pkey  (cost=0.00..30.45 rows=1002 width=0)
	              Index Cond: ((id >= 7781446) AND (id <= 7782445))

table 4 : explain SELECT SUM(k) FROM sbtest4 WHERE id BETWEEN 6752680 AND 6753679
	Aggregate  (cost=3720.84..3720.85 rows=1 width=8)
	  ->  Bitmap Heap Scan on sbtest4  (cost=30.26..3718.44 rows=959 width=4)
	        Recheck Cond: ((id >= 6752680) AND (id <= 6753679))
	        ->  Bitmap Index Scan on sbtest4_pkey  (cost=0.00..30.02 rows=959 width=0)
	              Index Cond: ((id >= 6752680) AND (id <= 6753679))

table 5 : explain SELECT SUM(k) FROM sbtest5 WHERE id BETWEEN 5099900 AND 5100899
	Aggregate  (cost=4250.56..4250.57 rows=1 width=8)
	  ->  Bitmap Heap Scan on sbtest5  (cost=31.69..4247.81 rows=1098 width=4)
	        Recheck Cond: ((id >= 5099900) AND (id <= 5100899))
	        ->  Bitmap Index Scan on sbtest5_pkey  (cost=0.00..31.41 rows=1098 width=0)
	              Index Cond: ((id >= 5099900) AND (id <= 5100899))

table 6 : explain SELECT SUM(k) FROM sbtest6 WHERE id BETWEEN 3628742 AND 3629741
	Aggregate  (cost=3892.78..3892.79 rows=1 width=8)
	  ->  Bitmap Heap Scan on sbtest6  (cost=30.73..3890.27 rows=1004 width=4)
	        Recheck Cond: ((id >= 3628742) AND (id <= 3629741))
	        ->  Bitmap Index Scan on sbtest6_pkey  (cost=0.00..30.47 rows=1004 width=0)
	              Index Cond: ((id >= 3628742) AND (id <= 3629741))

table 7 : explain SELECT SUM(k) FROM sbtest7 WHERE id BETWEEN 915617 AND 916616
	Aggregate  (cost=4046.85..4046.86 rows=1 width=8)
	  ->  Bitmap Heap Scan on sbtest7  (cost=31.14..4044.24 rows=1044 width=4)
	        Recheck Cond: ((id >= 915617) AND (id <= 916616))
	        ->  Bitmap Index Scan on sbtest7_pkey  (cost=0.00..30.87 rows=1044 width=0)
	              Index Cond: ((id >= 915617) AND (id <= 916616))

table 8 : explain SELECT SUM(k) FROM sbtest8 WHERE id BETWEEN 3486327 AND 3487326
	Aggregate  (cost=3783.54..3783.55 rows=1 width=8)
	  ->  Bitmap Heap Scan on sbtest8  (cost=30.43..3781.10 rows=975 width=4)
	        Recheck Cond: ((id >= 3486327) AND (id <= 3487326))
	        ->  Bitmap Index Scan on sbtest8_pkey  (cost=0.00..30.18 rows=975 width=0)
	              Index Cond: ((id >= 3486327) AND (id <= 3487326))

for: simple_ranges
table 1 : explain SELECT c FROM sbtest1 WHERE id BETWEEN 2143736 AND 2144735
	Bitmap Heap Scan on sbtest1  (cost=31.19..4055.82 rows=1049 width=121)
	  Recheck Cond: ((id >= 2143736) AND (id <= 2144735))
	  ->  Bitmap Index Scan on sbtest1_pkey  (cost=0.00..30.93 rows=1049 width=0)
	        Index Cond: ((id >= 2143736) AND (id <= 2144735))

table 2 : explain SELECT c FROM sbtest2 WHERE id BETWEEN 1551265 AND 1552264
	Bitmap Heap Scan on sbtest2  (cost=30.51..3808.58 rows=983 width=121)
	  Recheck Cond: ((id >= 1551265) AND (id <= 1552264))
	  ->  Bitmap Index Scan on sbtest2_pkey  (cost=0.00..30.26 rows=983 width=0)
	        Index Cond: ((id >= 1551265) AND (id <= 1552264))

table 3 : explain SELECT c FROM sbtest3 WHERE id BETWEEN 7437297 AND 7438296
	Bitmap Heap Scan on sbtest3  (cost=31.72..4253.65 rows=1101 width=121)
	  Recheck Cond: ((id >= 7437297) AND (id <= 7438296))
	  ->  Bitmap Index Scan on sbtest3_pkey  (cost=0.00..31.44 rows=1101 width=0)
	        Index Cond: ((id >= 7437297) AND (id <= 7438296))

table 4 : explain SELECT c FROM sbtest4 WHERE id BETWEEN 20197 AND 21196
	Bitmap Heap Scan on sbtest4  (cost=30.65..3861.90 rows=997 width=121)
	  Recheck Cond: ((id >= 20197) AND (id <= 21196))
	  ->  Bitmap Index Scan on sbtest4_pkey  (cost=0.00..30.40 rows=997 width=0)
	        Index Cond: ((id >= 20197) AND (id <= 21196))

table 5 : explain SELECT c FROM sbtest5 WHERE id BETWEEN 3229862 AND 3230861
	Bitmap Heap Scan on sbtest5  (cost=30.19..3696.45 rows=952 width=121)
	  Recheck Cond: ((id >= 3229862) AND (id <= 3230861))
	  ->  Bitmap Index Scan on sbtest5_pkey  (cost=0.00..29.95 rows=952 width=0)
	        Index Cond: ((id >= 3229862) AND (id <= 3230861))

table 6 : explain SELECT c FROM sbtest6 WHERE id BETWEEN 1025406 AND 1026405
	Bitmap Heap Scan on sbtest6  (cost=30.53..3818.53 rows=985 width=121)
	  Recheck Cond: ((id >= 1025406) AND (id <= 1026405))
	  ->  Bitmap Index Scan on sbtest6_pkey  (cost=0.00..30.29 rows=985 width=0)
	        Index Cond: ((id >= 1025406) AND (id <= 1026405))

table 7 : explain SELECT c FROM sbtest7 WHERE id BETWEEN 5935143 AND 5936142
	Bitmap Heap Scan on sbtest7  (cost=31.37..4131.02 rows=1067 width=121)
	  Recheck Cond: ((id >= 5935143) AND (id <= 5936142))
	  ->  Bitmap Index Scan on sbtest7_pkey  (cost=0.00..31.11 rows=1067 width=0)
	        Index Cond: ((id >= 5935143) AND (id <= 5936142))

table 8 : explain SELECT c FROM sbtest8 WHERE id BETWEEN 6376885 AND 6377884
	Bitmap Heap Scan on sbtest8  (cost=30.24..3713.06 rows=957 width=121)
	  Recheck Cond: ((id >= 6376885) AND (id <= 6377884))
	  ->  Bitmap Index Scan on sbtest8_pkey  (cost=0.00..30.00 rows=957 width=0)
	        Index Cond: ((id >= 6376885) AND (id <= 6377884))

for: distinct_ranges
table 1 : explain SELECT DISTINCT c FROM sbtest1 WHERE id BETWEEN 7731761 AND 7732760 ORDER BY c
	Unique  (cost=3882.83..3887.78 rows=990 width=121)
	  ->  Sort  (cost=3882.83..3885.31 rows=990 width=121)
	        Sort Key: c
	        ->  Bitmap Heap Scan on sbtest1  (cost=30.58..3833.57 rows=990 width=121)
	              Recheck Cond: ((id >= 7731761) AND (id <= 7732760))
	              ->  Bitmap Index Scan on sbtest1_pkey  (cost=0.00..30.33 rows=990 width=0)
	                    Index Cond: ((id >= 7731761) AND (id <= 7732760))

table 2 : explain SELECT DISTINCT c FROM sbtest2 WHERE id BETWEEN 5577838 AND 5578837 ORDER BY c
	Unique  (cost=3780.80..3785.62 rows=963 width=121)
	  ->  Sort  (cost=3780.80..3783.21 rows=963 width=121)
	        Sort Key: c
	        ->  Bitmap Heap Scan on sbtest2  (cost=30.31..3733.08 rows=963 width=121)
	              Recheck Cond: ((id >= 5577838) AND (id <= 5578837))
	              ->  Bitmap Index Scan on sbtest2_pkey  (cost=0.00..30.07 rows=963 width=0)
	                    Index Cond: ((id >= 5577838) AND (id <= 5578837))

table 3 : explain SELECT DISTINCT c FROM sbtest3 WHERE id BETWEEN 9987075 AND 9988074 ORDER BY c
	Unique  (cost=3846.49..3851.39 rows=980 width=121)
	  ->  Sort  (cost=3846.49..3848.94 rows=980 width=121)
	        Sort Key: c
	        ->  Bitmap Heap Scan on sbtest3  (cost=30.48..3797.80 rows=980 width=121)
	              Recheck Cond: ((id >= 9987075) AND (id <= 9988074))
	              ->  Bitmap Index Scan on sbtest3_pkey  (cost=0.00..30.23 rows=980 width=0)
	                    Index Cond: ((id >= 9987075) AND (id <= 9988074))

table 4 : explain SELECT DISTINCT c FROM sbtest4 WHERE id BETWEEN 1664439 AND 1665438 ORDER BY c
	Unique  (cost=3926.87..3931.88 rows=1001 width=121)
	  ->  Sort  (cost=3926.87..3929.38 rows=1001 width=121)
	        Sort Key: c
	        ->  Bitmap Heap Scan on sbtest4  (cost=30.70..3876.99 rows=1001 width=121)
	              Recheck Cond: ((id >= 1664439) AND (id <= 1665438))
	              ->  Bitmap Index Scan on sbtest4_pkey  (cost=0.00..30.44 rows=1001 width=0)
	                    Index Cond: ((id >= 1664439) AND (id <= 1665438))

table 5 : explain SELECT DISTINCT c FROM sbtest5 WHERE id BETWEEN 1941022 AND 1942021 ORDER BY c
	Unique  (cost=4069.71..4074.89 rows=1037 width=121)
	  ->  Sort  (cost=4069.71..4072.30 rows=1037 width=121)
	        Sort Key: c
	        ->  Bitmap Heap Scan on sbtest5  (cost=31.06..4017.76 rows=1037 width=121)
	              Recheck Cond: ((id >= 1941022) AND (id <= 1942021))
	              ->  Bitmap Index Scan on sbtest5_pkey  (cost=0.00..30.80 rows=1037 width=0)
	                    Index Cond: ((id >= 1941022) AND (id <= 1942021))

table 6 : explain SELECT DISTINCT c FROM sbtest6 WHERE id BETWEEN 1724325 AND 1725324 ORDER BY c
	Unique  (cost=4196.80..4202.15 rows=1071 width=121)
	  ->  Sort  (cost=4196.80..4199.47 rows=1071 width=121)
	        Sort Key: c
	        ->  Bitmap Heap Scan on sbtest6  (cost=31.41..4142.90 rows=1071 width=121)
	              Recheck Cond: ((id >= 1724325) AND (id <= 1725324))
	              ->  Bitmap Index Scan on sbtest6_pkey  (cost=0.00..31.14 rows=1071 width=0)
	                    Index Cond: ((id >= 1724325) AND (id <= 1725324))

table 7 : explain SELECT DISTINCT c FROM sbtest7 WHERE id BETWEEN 218652 AND 219651 ORDER BY c
	Unique  (cost=3624.43..3629.04 rows=921 width=121)
	  ->  Sort  (cost=3624.43..3626.73 rows=921 width=121)
	        Sort Key: c
	        ->  Bitmap Heap Scan on sbtest7  (cost=29.88..3579.09 rows=921 width=121)
	              Recheck Cond: ((id >= 218652) AND (id <= 219651))
	              ->  Bitmap Index Scan on sbtest7_pkey  (cost=0.00..29.64 rows=921 width=0)
	                    Index Cond: ((id >= 218652) AND (id <= 219651))

table 8 : explain SELECT DISTINCT c FROM sbtest8 WHERE id BETWEEN 5139147 AND 5140146 ORDER BY c
	Unique  (cost=3833.35..3838.23 rows=976 width=121)
	  ->  Sort  (cost=3833.35..3835.79 rows=976 width=121)
	        Sort Key: c
	        ->  Bitmap Heap Scan on sbtest8  (cost=30.44..3784.88 rows=976 width=121)
	              Recheck Cond: ((id >= 5139147) AND (id <= 5140146))
	              ->  Bitmap Index Scan on sbtest8_pkey  (cost=0.00..30.19 rows=976 width=0)
	                    Index Cond: ((id >= 5139147) AND (id <= 5140146))

for: order_ranges
table 1 : explain SELECT c FROM sbtest1 WHERE id BETWEEN 9593090 AND 9594089 ORDER BY c
	Sort  (cost=3959.36..3961.88 rows=1010 width=121)
	  Sort Key: c
	  ->  Bitmap Heap Scan on sbtest1  (cost=30.79..3908.96 rows=1010 width=121)
	        Recheck Cond: ((id >= 9593090) AND (id <= 9594089))
	        ->  Bitmap Index Scan on sbtest1_pkey  (cost=0.00..30.54 rows=1010 width=0)
	              Index Cond: ((id >= 9593090) AND (id <= 9594089))

table 2 : explain SELECT c FROM sbtest2 WHERE id BETWEEN 458515 AND 459514 ORDER BY c
	Sort  (cost=3677.27..3679.61 rows=936 width=121)
	  Sort Key: c
	  ->  Bitmap Heap Scan on sbtest2  (cost=30.03..3631.07 rows=936 width=121)
	        Recheck Cond: ((id >= 458515) AND (id <= 459514))
	        ->  Bitmap Index Scan on sbtest2_pkey  (cost=0.00..29.79 rows=936 width=0)
	              Index Cond: ((id >= 458515) AND (id <= 459514))

table 3 : explain SELECT c FROM sbtest3 WHERE id BETWEEN 8999482 AND 9000481 ORDER BY c
	Sort  (cost=3658.42..3660.75 rows=932 width=121)
	  Sort Key: c
	  ->  Bitmap Heap Scan on sbtest3  (cost=25.99..3612.46 rows=932 width=121)
	        Recheck Cond: ((id >= 8999482) AND (id <= 9000481))
	        ->  Bitmap Index Scan on sbtest3_pkey  (cost=0.00..25.75 rows=932 width=0)
	              Index Cond: ((id >= 8999482) AND (id <= 9000481))

table 4 : explain SELECT c FROM sbtest4 WHERE id BETWEEN 917757 AND 918756 ORDER BY c
	Sort  (cost=3769.77..3772.17 rows=960 width=121)
	  Sort Key: c
	  ->  Bitmap Heap Scan on sbtest4  (cost=30.27..3722.22 rows=960 width=121)
	        Recheck Cond: ((id >= 917757) AND (id <= 918756))
	        ->  Bitmap Index Scan on sbtest4_pkey  (cost=0.00..30.04 rows=960 width=0)
	              Index Cond: ((id >= 917757) AND (id <= 918756))

table 5 : explain SELECT c FROM sbtest5 WHERE id BETWEEN 9202909 AND 9203908 ORDER BY c
	Sort  (cost=3697.43..3699.78 rows=940 width=121)
	  Sort Key: c
	  ->  Bitmap Heap Scan on sbtest5  (cost=30.07..3651.01 rows=940 width=121)
	        Recheck Cond: ((id >= 9202909) AND (id <= 9203908))
	        ->  Bitmap Index Scan on sbtest5_pkey  (cost=0.00..29.83 rows=940 width=0)
	              Index Cond: ((id >= 9202909) AND (id <= 9203908))

table 6 : explain SELECT c FROM sbtest6 WHERE id BETWEEN 6749452 AND 6750451 ORDER BY c
	Sort  (cost=3890.50..3892.98 rows=991 width=121)
	  Sort Key: c
	  ->  Bitmap Heap Scan on sbtest6  (cost=30.59..3841.19 rows=991 width=121)
	        Recheck Cond: ((id >= 6749452) AND (id <= 6750451))
	        ->  Bitmap Index Scan on sbtest6_pkey  (cost=0.00..30.34 rows=991 width=0)
	              Index Cond: ((id >= 6749452) AND (id <= 6750451))

table 7 : explain SELECT c FROM sbtest7 WHERE id BETWEEN 5835349 AND 5836348 ORDER BY c
	Sort  (cost=3993.10..3995.64 rows=1017 width=121)
	  Sort Key: c
	  ->  Bitmap Heap Scan on sbtest7  (cost=30.86..3942.30 rows=1017 width=121)
	        Recheck Cond: ((id >= 5835349) AND (id <= 5836348))
	        ->  Bitmap Index Scan on sbtest7_pkey  (cost=0.00..30.61 rows=1017 width=0)
	              Index Cond: ((id >= 5835349) AND (id <= 5836348))

table 8 : explain SELECT c FROM sbtest8 WHERE id BETWEEN 6639095 AND 6640094 ORDER BY c
	Sort  (cost=4143.65..4146.29 rows=1057 width=121)
	  Sort Key: c
	  ->  Bitmap Heap Scan on sbtest8  (cost=31.27..4090.56 rows=1057 width=121)
	        Recheck Cond: ((id >= 6639095) AND (id <= 6640094))
	        ->  Bitmap Index Scan on sbtest8_pkey  (cost=0.00..31.00 rows=1057 width=0)
	              Index Cond: ((id >= 6639095) AND (id <= 6640094))

for: simple_ranges
table 1 : explain SELECT c FROM sbtest1 WHERE id BETWEEN 7481984 AND 7482983
	Bitmap Heap Scan on sbtest1  (cost=30.67..3867.50 rows=999 width=121)
	  Recheck Cond: ((id >= 7481984) AND (id <= 7482983))
	  ->  Bitmap Index Scan on sbtest1_pkey  (cost=0.00..30.43 rows=999 width=0)
	        Index Cond: ((id >= 7481984) AND (id <= 7482983))

table 2 : explain SELECT c FROM sbtest2 WHERE id BETWEEN 4671820 AND 4672819
	Bitmap Heap Scan on sbtest2  (cost=31.58..4200.37 rows=1087 width=121)
	  Recheck Cond: ((id >= 4671820) AND (id <= 4672819))
	  ->  Bitmap Index Scan on sbtest2_pkey  (cost=0.00..31.30 rows=1087 width=0)
	        Index Cond: ((id >= 4671820) AND (id <= 4672819))

table 3 : explain SELECT c FROM sbtest3 WHERE id BETWEEN 8498247 AND 8499246
	Bitmap Heap Scan on sbtest3  (cost=30.37..3756.27 rows=969 width=121)
	  Recheck Cond: ((id >= 8498247) AND (id <= 8499246))
	  ->  Bitmap Index Scan on sbtest3_pkey  (cost=0.00..30.12 rows=969 width=0)
	        Index Cond: ((id >= 8498247) AND (id <= 8499246))

table 4 : explain SELECT c FROM sbtest4 WHERE id BETWEEN 5869896 AND 5870895
	Bitmap Heap Scan on sbtest4  (cost=30.96..3975.02 rows=1027 width=121)
	  Recheck Cond: ((id >= 5869896) AND (id <= 5870895))
	  ->  Bitmap Index Scan on sbtest4_pkey  (cost=0.00..30.70 rows=1027 width=0)
	        Index Cond: ((id >= 5869896) AND (id <= 5870895))

table 5 : explain SELECT c FROM sbtest5 WHERE id BETWEEN 2805483 AND 2806482
	Bitmap Heap Scan on sbtest5  (cost=30.76..3904.46 rows=1007 width=121)
	  Recheck Cond: ((id >= 2805483) AND (id <= 2806482))
	  ->  Bitmap Index Scan on sbtest5_pkey  (cost=0.00..30.50 rows=1007 width=0)
	        Index Cond: ((id >= 2805483) AND (id <= 2806482))

table 6 : explain SELECT c FROM sbtest6 WHERE id BETWEEN 3908929 AND 3909928
	Bitmap Heap Scan on sbtest6  (cost=30.71..3882.72 rows=1002 width=121)
	  Recheck Cond: ((id >= 3908929) AND (id <= 3909928))
	  ->  Bitmap Index Scan on sbtest6_pkey  (cost=0.00..30.45 rows=1002 width=0)
	        Index Cond: ((id >= 3908929) AND (id <= 3909928))

table 7 : explain SELECT c FROM sbtest7 WHERE id BETWEEN 6066706 AND 6067705
	Bitmap Heap Scan on sbtest7  (cost=30.83..3930.96 rows=1014 width=121)
	  Recheck Cond: ((id >= 6066706) AND (id <= 6067705))
	  ->  Bitmap Index Scan on sbtest7_pkey  (cost=0.00..30.57 rows=1014 width=0)
	        Index Cond: ((id >= 6066706) AND (id <= 6067705))

table 8 : explain SELECT c FROM sbtest8 WHERE id BETWEEN 3525126 AND 3526125
	Bitmap Heap Scan on sbtest8  (cost=30.43..3781.10 rows=975 width=121)
	  Recheck Cond: ((id >= 3525126) AND (id <= 3526125))
	  ->  Bitmap Index Scan on sbtest8_pkey  (cost=0.00..30.18 rows=975 width=0)
	        Index Cond: ((id >= 3525126) AND (id <= 3526125))

for: simple_ranges
table 1 : explain SELECT c FROM sbtest1 WHERE id BETWEEN 3283362 AND 3284361
	Bitmap Heap Scan on sbtest1  (cost=30.82..3920.26 rows=1013 width=121)
	  Recheck Cond: ((id >= 3283362) AND (id <= 3284361))
	  ->  Bitmap Index Scan on sbtest1_pkey  (cost=0.00..30.57 rows=1013 width=0)
	        Index Cond: ((id >= 3283362) AND (id <= 3284361))

table 2 : explain SELECT c FROM sbtest2 WHERE id BETWEEN 7617240 AND 7618239
	Bitmap Heap Scan on sbtest2  (cost=30.14..3672.64 rows=947 width=121)
	  Recheck Cond: ((id >= 7617240) AND (id <= 7618239))
	  ->  Bitmap Index Scan on sbtest2_pkey  (cost=0.00..29.90 rows=947 width=0)
	        Index Cond: ((id >= 7617240) AND (id <= 7618239))

table 3 : explain SELECT c FROM sbtest3 WHERE id BETWEEN 9807244 AND 9808243
	Bitmap Heap Scan on sbtest3  (cost=30.94..3967.54 rows=1025 width=121)
	  Recheck Cond: ((id >= 9807244) AND (id <= 9808243))
	  ->  Bitmap Index Scan on sbtest3_pkey  (cost=0.00..30.68 rows=1025 width=0)
	        Index Cond: ((id >= 9807244) AND (id <= 9808243))

table 4 : explain SELECT c FROM sbtest4 WHERE id BETWEEN 6918519 AND 6919518
	Bitmap Heap Scan on sbtest4  (cost=30.98..3982.56 rows=1029 width=121)
	  Recheck Cond: ((id >= 6918519) AND (id <= 6919518))
	  ->  Bitmap Index Scan on sbtest4_pkey  (cost=0.00..30.72 rows=1029 width=0)
	        Index Cond: ((id >= 6918519) AND (id <= 6919518))

table 5 : explain SELECT c FROM sbtest5 WHERE id BETWEEN 3108261 AND 3109260
	Bitmap Heap Scan on sbtest5  (cost=31.15..4047.96 rows=1045 width=121)
	  Recheck Cond: ((id >= 3108261) AND (id <= 3109260))
	  ->  Bitmap Index Scan on sbtest5_pkey  (cost=0.00..30.89 rows=1045 width=0)
	        Index Cond: ((id >= 3108261) AND (id <= 3109260))

table 6 : explain SELECT c FROM sbtest6 WHERE id BETWEEN 9329895 AND 9330894
	Bitmap Heap Scan on sbtest6  (cost=30.50..3807.20 rows=982 width=121)
	  Recheck Cond: ((id >= 9329895) AND (id <= 9330894))
	  ->  Bitmap Index Scan on sbtest6_pkey  (cost=0.00..30.25 rows=982 width=0)
	        Index Cond: ((id >= 9329895) AND (id <= 9330894))

table 7 : explain SELECT c FROM sbtest7 WHERE id BETWEEN 3734521 AND 3735520
	Bitmap Heap Scan on sbtest7  (cost=30.92..3964.96 rows=1023 width=121)
	  Recheck Cond: ((id >= 3734521) AND (id <= 3735520))
	  ->  Bitmap Index Scan on sbtest7_pkey  (cost=0.00..30.66 rows=1023 width=0)
	        Index Cond: ((id >= 3734521) AND (id <= 3735520))

table 8 : explain SELECT c FROM sbtest8 WHERE id BETWEEN 6476244 AND 6477243
	Bitmap Heap Scan on sbtest8  (cost=30.44..3784.88 rows=976 width=121)
	  Recheck Cond: ((id >= 6476244) AND (id <= 6477243))
	  ->  Bitmap Index Scan on sbtest8_pkey  (cost=0.00..30.19 rows=976 width=0)
	        Index Cond: ((id >= 6476244) AND (id <= 6477243))

for point_selects
table 1 : explain SELECT c FROM sbtest1 WHERE id=155669
	Index Scan using sbtest1_pkey on sbtest1  (cost=0.43..8.45 rows=1 width=121)
	  Index Cond: (id = 155669)

table 2 : explain SELECT c FROM sbtest2 WHERE id=7529312
	Index Scan using sbtest2_pkey on sbtest2  (cost=0.43..8.45 rows=1 width=121)
	  Index Cond: (id = 7529312)

table 3 : explain SELECT c FROM sbtest3 WHERE id=5794403
	Index Scan using sbtest3_pkey on sbtest3  (cost=0.43..8.45 rows=1 width=121)
	  Index Cond: (id = 5794403)

table 4 : explain SELECT c FROM sbtest4 WHERE id=3934151
	Index Scan using sbtest4_pkey on sbtest4  (cost=0.43..8.45 rows=1 width=121)
	  Index Cond: (id = 3934151)

table 5 : explain SELECT c FROM sbtest5 WHERE id=3131655
	Index Scan using sbtest5_pkey on sbtest5  (cost=0.43..8.45 rows=1 width=121)
	  Index Cond: (id = 3131655)

table 6 : explain SELECT c FROM sbtest6 WHERE id=2778590
	Index Scan using sbtest6_pkey on sbtest6  (cost=0.43..8.45 rows=1 width=121)
	  Index Cond: (id = 2778590)

table 7 : explain SELECT c FROM sbtest7 WHERE id=293615
	Index Scan using sbtest7_pkey on sbtest7  (cost=0.43..8.45 rows=1 width=121)
	  Index Cond: (id = 293615)

table 8 : explain SELECT c FROM sbtest8 WHERE id=1783989
	Index Scan using sbtest8_pkey on sbtest8  (cost=0.43..8.45 rows=1 width=121)
	  Index Cond: (id = 1783989)

for: order_ranges
table 1 : explain SELECT c FROM sbtest1 WHERE id BETWEEN 8918644 AND 8919643 ORDER BY c
	Sort  (cost=4016.72..4019.29 rows=1025 width=121)
	  Sort Key: c
	  ->  Bitmap Heap Scan on sbtest1  (cost=30.94..3965.47 rows=1025 width=121)
	        Recheck Cond: ((id >= 8918644) AND (id <= 8919643))
	        ->  Bitmap Index Scan on sbtest1_pkey  (cost=0.00..30.68 rows=1025 width=0)
	              Index Cond: ((id >= 8918644) AND (id <= 8919643))

table 2 : explain SELECT c FROM sbtest2 WHERE id BETWEEN 7754468 AND 7755467 ORDER BY c
	Sort  (cost=3941.69..3944.20 rows=1005 width=121)
	  Sort Key: c
	  ->  Bitmap Heap Scan on sbtest2  (cost=30.74..3891.57 rows=1005 width=121)
	        Recheck Cond: ((id >= 7754468) AND (id <= 7755467))
	        ->  Bitmap Index Scan on sbtest2_pkey  (cost=0.00..30.48 rows=1005 width=0)
	              Index Cond: ((id >= 7754468) AND (id <= 7755467))

table 3 : explain SELECT c FROM sbtest3 WHERE id BETWEEN 1986465 AND 1987464 ORDER BY c
	Sort  (cost=3677.61..3679.95 rows=937 width=121)
	  Sort Key: c
	  ->  Bitmap Heap Scan on sbtest3  (cost=26.04..3631.36 rows=937 width=121)
	        Recheck Cond: ((id >= 1986465) AND (id <= 1987464))
	        ->  Bitmap Index Scan on sbtest3_pkey  (cost=0.00..25.80 rows=937 width=0)
	              Index Cond: ((id >= 1986465) AND (id <= 1987464))

table 4 : explain SELECT c FROM sbtest4 WHERE id BETWEEN 868215 AND 869214 ORDER BY c
	Sort  (cost=3666.05..3668.38 rows=934 width=121)
	  Sort Key: c
	  ->  Bitmap Heap Scan on sbtest4  (cost=26.01..3619.96 rows=934 width=121)
	        Recheck Cond: ((id >= 868215) AND (id <= 869214))
	        ->  Bitmap Index Scan on sbtest4_pkey  (cost=0.00..25.77 rows=934 width=0)
	              Index Cond: ((id >= 868215) AND (id <= 869214))

table 5 : explain SELECT c FROM sbtest5 WHERE id BETWEEN 3848169 AND 3849168 ORDER BY c
	Sort  (cost=4207.60..4210.28 rows=1073 width=121)
	  Sort Key: c
	  ->  Bitmap Heap Scan on sbtest5  (cost=31.43..4153.58 rows=1073 width=121)
	        Recheck Cond: ((id >= 3848169) AND (id <= 3849168))
	        ->  Bitmap Index Scan on sbtest5_pkey  (cost=0.00..31.16 rows=1073 width=0)
	              Index Cond: ((id >= 3848169) AND (id <= 3849168))

table 6 : explain SELECT c FROM sbtest6 WHERE id BETWEEN 2592998 AND 2593997 ORDER BY c
	Sort  (cost=4101.16..4103.77 rows=1046 width=121)
	  Sort Key: c
	  ->  Bitmap Heap Scan on sbtest6  (cost=31.16..4048.70 rows=1046 width=121)
	        Recheck Cond: ((id >= 2592998) AND (id <= 2593997))
	        ->  Bitmap Index Scan on sbtest6_pkey  (cost=0.00..30.89 rows=1046 width=0)
	              Index Cond: ((id >= 2592998) AND (id <= 2593997))

table 7 : explain SELECT c FROM sbtest7 WHERE id BETWEEN 4965068 AND 4966067 ORDER BY c
	Sort  (cost=3805.06..3807.48 rows=968 width=121)
	  Sort Key: c
	  ->  Bitmap Heap Scan on sbtest7  (cost=30.36..3757.05 rows=968 width=121)
	        Recheck Cond: ((id >= 4965068) AND (id <= 4966067))
	        ->  Bitmap Index Scan on sbtest7_pkey  (cost=0.00..30.11 rows=968 width=0)
	              Index Cond: ((id >= 4965068) AND (id <= 4966067))

table 8 : explain SELECT c FROM sbtest8 WHERE id BETWEEN 559475 AND 560474 ORDER BY c
	Sort  (cost=3933.03..3935.54 rows=1002 width=121)
	  Sort Key: c
	  ->  Bitmap Heap Scan on sbtest8  (cost=30.71..3883.09 rows=1002 width=121)
	        Recheck Cond: ((id >= 559475) AND (id <= 560474))
	        ->  Bitmap Index Scan on sbtest8_pkey  (cost=0.00..30.45 rows=1002 width=0)
	              Index Cond: ((id >= 559475) AND (id <= 560474))

for: simple_ranges
table 1 : explain SELECT c FROM sbtest1 WHERE id BETWEEN 4858619 AND 4859618
	Bitmap Heap Scan on sbtest1  (cost=30.32..3735.49 rows=964 width=121)
	  Recheck Cond: ((id >= 4858619) AND (id <= 4859618))
	  ->  Bitmap Index Scan on sbtest1_pkey  (cost=0.00..30.07 rows=964 width=0)
	        Index Cond: ((id >= 4858619) AND (id <= 4859618))

table 2 : explain SELECT c FROM sbtest2 WHERE id BETWEEN 4183480 AND 4184479
	Bitmap Heap Scan on sbtest2  (cost=30.03..3631.07 rows=936 width=121)
	  Recheck Cond: ((id >= 4183480) AND (id <= 4184479))
	  ->  Bitmap Index Scan on sbtest2_pkey  (cost=0.00..29.79 rows=936 width=0)
	        Index Cond: ((id >= 4183480) AND (id <= 4184479))

table 3 : explain SELECT c FROM sbtest3 WHERE id BETWEEN 6368224 AND 6369223
	Bitmap Heap Scan on sbtest3  (cost=30.66..3865.73 rows=998 width=121)
	  Recheck Cond: ((id >= 6368224) AND (id <= 6369223))
	  ->  Bitmap Index Scan on sbtest3_pkey  (cost=0.00..30.41 rows=998 width=0)
	        Index Cond: ((id >= 6368224) AND (id <= 6369223))

table 4 : explain SELECT c FROM sbtest4 WHERE id BETWEEN 8732892 AND 8733891
	Bitmap Heap Scan on sbtest4  (cost=30.83..3926.01 rows=1014 width=121)
	  Recheck Cond: ((id >= 8732892) AND (id <= 8733891))
	  ->  Bitmap Index Scan on sbtest4_pkey  (cost=0.00..30.57 rows=1014 width=0)
	        Index Cond: ((id >= 8732892) AND (id <= 8733891))

table 5 : explain SELECT c FROM sbtest5 WHERE id BETWEEN 4958019 AND 4959018
	Bitmap Heap Scan on sbtest5  (cost=30.21..3704.02 rows=954 width=121)
	  Recheck Cond: ((id >= 4958019) AND (id <= 4959018))
	  ->  Bitmap Index Scan on sbtest5_pkey  (cost=0.00..29.97 rows=954 width=0)
	        Index Cond: ((id >= 4958019) AND (id <= 4959018))

table 6 : explain SELECT c FROM sbtest6 WHERE id BETWEEN 6903904 AND 6904903
	Bitmap Heap Scan on sbtest6  (cost=30.09..3655.99 rows=942 width=121)
	  Recheck Cond: ((id >= 6903904) AND (id <= 6904903))
	  ->  Bitmap Index Scan on sbtest6_pkey  (cost=0.00..29.86 rows=942 width=0)
	        Index Cond: ((id >= 6903904) AND (id <= 6904903))

table 7 : explain SELECT c FROM sbtest7 WHERE id BETWEEN 8330148 AND 8331147
	Bitmap Heap Scan on sbtest7  (cost=29.93..3598.03 rows=926 width=121)
	  Recheck Cond: ((id >= 8330148) AND (id <= 8331147))
	  ->  Bitmap Index Scan on sbtest7_pkey  (cost=0.00..29.69 rows=926 width=0)
	        Index Cond: ((id >= 8330148) AND (id <= 8331147))

table 8 : explain SELECT c FROM sbtest8 WHERE id BETWEEN 3736586 AND 3737585
	Bitmap Heap Scan on sbtest8  (cost=31.56..4196.03 rows=1085 width=121)
	  Recheck Cond: ((id >= 3736586) AND (id <= 3737585))
	  ->  Bitmap Index Scan on sbtest8_pkey  (cost=0.00..31.29 rows=1085 width=0)
	        Index Cond: ((id >= 3736586) AND (id <= 3737585))

for point_selects
table 1 : explain SELECT c FROM sbtest1 WHERE id=3439217
	Index Scan using sbtest1_pkey on sbtest1  (cost=0.43..8.45 rows=1 width=121)
	  Index Cond: (id = 3439217)

table 2 : explain SELECT c FROM sbtest2 WHERE id=2239423
	Index Scan using sbtest2_pkey on sbtest2  (cost=0.43..8.45 rows=1 width=121)
	  Index Cond: (id = 2239423)

table 3 : explain SELECT c FROM sbtest3 WHERE id=4225890
	Index Scan using sbtest3_pkey on sbtest3  (cost=0.43..8.45 rows=1 width=121)
	  Index Cond: (id = 4225890)

table 4 : explain SELECT c FROM sbtest4 WHERE id=7107408
	Index Scan using sbtest4_pkey on sbtest4  (cost=0.43..8.45 rows=1 width=121)
	  Index Cond: (id = 7107408)

table 5 : explain SELECT c FROM sbtest5 WHERE id=9145911
	Index Scan using sbtest5_pkey on sbtest5  (cost=0.43..8.45 rows=1 width=121)
	  Index Cond: (id = 9145911)

table 6 : explain SELECT c FROM sbtest6 WHERE id=2531563
	Index Scan using sbtest6_pkey on sbtest6  (cost=0.43..8.45 rows=1 width=121)
	  Index Cond: (id = 2531563)

table 7 : explain SELECT c FROM sbtest7 WHERE id=916126
	Index Scan using sbtest7_pkey on sbtest7  (cost=0.43..8.45 rows=1 width=121)
	  Index Cond: (id = 916126)

table 8 : explain SELECT c FROM sbtest8 WHERE id=4546135
	Index Scan using sbtest8_pkey on sbtest8  (cost=0.43..8.45 rows=1 width=121)
	  Index Cond: (id = 4546135)

for: order_ranges
table 1 : explain SELECT c FROM sbtest1 WHERE id BETWEEN 3035510 AND 3036509 ORDER BY c
	Sort  (cost=3833.06..3835.50 rows=977 width=121)
	  Sort Key: c
	  ->  Bitmap Heap Scan on sbtest1  (cost=30.45..3784.54 rows=977 width=121)
	        Recheck Cond: ((id >= 3035510) AND (id <= 3036509))
	        ->  Bitmap Index Scan on sbtest1_pkey  (cost=0.00..30.20 rows=977 width=0)
	              Index Cond: ((id >= 3035510) AND (id <= 3036509))

table 2 : explain SELECT c FROM sbtest2 WHERE id BETWEEN 4646666 AND 4647665 ORDER BY c
	Sort  (cost=4255.18..4257.90 rows=1087 width=121)
	  Sort Key: c
	  ->  Bitmap Heap Scan on sbtest2  (cost=31.58..4200.37 rows=1087 width=121)
	        Recheck Cond: ((id >= 4646666) AND (id <= 4647665))
	        ->  Bitmap Index Scan on sbtest2_pkey  (cost=0.00..31.30 rows=1087 width=0)
	              Index Cond: ((id >= 4646666) AND (id <= 4647665))

table 3 : explain SELECT c FROM sbtest3 WHERE id BETWEEN 6032251 AND 6033250 ORDER BY c
	Sort  (cost=3976.70..3979.24 rows=1014 width=121)
	  Sort Key: c
	  ->  Bitmap Heap Scan on sbtest3  (cost=30.83..3926.08 rows=1014 width=121)
	        Recheck Cond: ((id >= 6032251) AND (id <= 6033250))
	        ->  Bitmap Index Scan on sbtest3_pkey  (cost=0.00..30.57 rows=1014 width=0)
	              Index Cond: ((id >= 6032251) AND (id <= 6033250))

table 4 : explain SELECT c FROM sbtest4 WHERE id BETWEEN 3854720 AND 3855719 ORDER BY c
	Sort  (cost=3400.97..3403.13 rows=865 width=121)
	  Sort Key: c
	  ->  Bitmap Heap Scan on sbtest4  (cost=25.30..3358.77 rows=865 width=121)
	        Recheck Cond: ((id >= 3854720) AND (id <= 3855719))
	        ->  Bitmap Index Scan on sbtest4_pkey  (cost=0.00..25.08 rows=865 width=0)
	              Index Cond: ((id >= 3854720) AND (id <= 3855719))

table 5 : explain SELECT c FROM sbtest5 WHERE id BETWEEN 8581837 AND 8582836 ORDER BY c
	Sort  (cost=3793.48..3795.90 rows=965 width=121)
	  Sort Key: c
	  ->  Bitmap Heap Scan on sbtest5  (cost=30.33..3745.65 rows=965 width=121)
	        Recheck Cond: ((id >= 8581837) AND (id <= 8582836))
	        ->  Bitmap Index Scan on sbtest5_pkey  (cost=0.00..30.08 rows=965 width=0)
	              Index Cond: ((id >= 8581837) AND (id <= 8582836))

table 6 : explain SELECT c FROM sbtest6 WHERE id BETWEEN 6587791 AND 6588790 ORDER BY c
	Sort  (cost=3913.50..3915.99 rows=997 width=121)
	  Sort Key: c
	  ->  Bitmap Heap Scan on sbtest6  (cost=30.65..3863.84 rows=997 width=121)
	        Recheck Cond: ((id >= 6587791) AND (id <= 6588790))
	        ->  Bitmap Index Scan on sbtest6_pkey  (cost=0.00..30.40 rows=997 width=0)
	              Index Cond: ((id >= 6587791) AND (id <= 6588790))

table 7 : explain SELECT c FROM sbtest7 WHERE id BETWEEN 6814971 AND 6815970 ORDER BY c
	Sort  (cost=3851.13..3853.58 rows=980 width=121)
	  Sort Key: c
	  ->  Bitmap Heap Scan on sbtest7  (cost=30.48..3802.44 rows=980 width=121)
	        Recheck Cond: ((id >= 6814971) AND (id <= 6815970))
	        ->  Bitmap Index Scan on sbtest7_pkey  (cost=0.00..30.23 rows=980 width=0)
	              Index Cond: ((id >= 6814971) AND (id <= 6815970))

table 8 : explain SELECT c FROM sbtest8 WHERE id BETWEEN 5763916 AND 5764915 ORDER BY c
	Sort  (cost=4220.15..4222.84 rows=1077 width=121)
	  Sort Key: c
	  ->  Bitmap Heap Scan on sbtest8  (cost=31.47..4165.91 rows=1077 width=121)
	        Recheck Cond: ((id >= 5763916) AND (id <= 5764915))
	        ->  Bitmap Index Scan on sbtest8_pkey  (cost=0.00..31.20 rows=1077 width=0)
	              Index Cond: ((id >= 5763916) AND (id <= 5764915))

for: sum_ranges
table 1 : explain SELECT SUM(k) FROM sbtest1 WHERE id BETWEEN 9104935 AND 9105934
	Aggregate  (cost=3870.00..3870.01 rows=1 width=8)
	  ->  Bitmap Heap Scan on sbtest1  (cost=30.67..3867.50 rows=999 width=4)
	        Recheck Cond: ((id >= 9104935) AND (id <= 9105934))
	        ->  Bitmap Index Scan on sbtest1_pkey  (cost=0.00..30.43 rows=999 width=0)
	              Index Cond: ((id >= 9104935) AND (id <= 9105934))

table 2 : explain SELECT SUM(k) FROM sbtest2 WHERE id BETWEEN 9190754 AND 9191753
	Aggregate  (cost=4067.53..4067.54 rows=1 width=8)
	  ->  Bitmap Heap Scan on sbtest2  (cost=31.21..4064.90 rows=1051 width=4)
	        Recheck Cond: ((id >= 9190754) AND (id <= 9191753))
	        ->  Bitmap Index Scan on sbtest2_pkey  (cost=0.00..30.94 rows=1051 width=0)
	              Index Cond: ((id >= 9190754) AND (id <= 9191753))

table 3 : explain SELECT SUM(k) FROM sbtest3 WHERE id BETWEEN 5351554 AND 5352553
	Aggregate  (cost=4226.30..4226.31 rows=1 width=8)
	  ->  Bitmap Heap Scan on sbtest3  (cost=31.64..4223.57 rows=1093 width=4)
	        Recheck Cond: ((id >= 5351554) AND (id <= 5352553))
	        ->  Bitmap Index Scan on sbtest3_pkey  (cost=0.00..31.36 rows=1093 width=0)
	              Index Cond: ((id >= 5351554) AND (id <= 5352553))

table 4 : explain SELECT SUM(k) FROM sbtest4 WHERE id BETWEEN 7317036 AND 7318035
	Aggregate  (cost=4086.91..4086.92 rows=1 width=8)
	  ->  Bitmap Heap Scan on sbtest4  (cost=31.26..4084.27 rows=1056 width=4)
	        Recheck Cond: ((id >= 7317036) AND (id <= 7318035))
	        ->  Bitmap Index Scan on sbtest4_pkey  (cost=0.00..31.00 rows=1056 width=0)
	              Index Cond: ((id >= 7317036) AND (id <= 7318035))

table 5 : explain SELECT SUM(k) FROM sbtest5 WHERE id BETWEEN 6799790 AND 6800789
	Aggregate  (cost=4216.62..4216.63 rows=1 width=8)
	  ->  Bitmap Heap Scan on sbtest5  (cost=31.60..4213.90 rows=1089 width=4)
	        Recheck Cond: ((id >= 6799790) AND (id <= 6800789))
	        ->  Bitmap Index Scan on sbtest5_pkey  (cost=0.00..31.32 rows=1089 width=0)
	              Index Cond: ((id >= 6799790) AND (id <= 6800789))

table 6 : explain SELECT SUM(k) FROM sbtest6 WHERE id BETWEEN 2655106 AND 2656105
	Aggregate  (cost=4028.68..4028.69 rows=1 width=8)
	  ->  Bitmap Heap Scan on sbtest6  (cost=31.09..4026.08 rows=1040 width=4)
	        Recheck Cond: ((id >= 2655106) AND (id <= 2656105))
	        ->  Bitmap Index Scan on sbtest6_pkey  (cost=0.00..30.83 rows=1040 width=0)
	              Index Cond: ((id >= 2655106) AND (id <= 2656105))

table 7 : explain SELECT SUM(k) FROM sbtest7 WHERE id BETWEEN 7387257 AND 7388256
	Aggregate  (cost=3918.38..3918.39 rows=1 width=8)
	  ->  Bitmap Heap Scan on sbtest7  (cost=30.79..3915.85 rows=1010 width=4)
	        Recheck Cond: ((id >= 7387257) AND (id <= 7388256))
	        ->  Bitmap Index Scan on sbtest7_pkey  (cost=0.00..30.54 rows=1010 width=0)
	              Index Cond: ((id >= 7387257) AND (id <= 7388256))

table 8 : explain SELECT SUM(k) FROM sbtest8 WHERE id BETWEEN 368790 AND 369789
	Aggregate  (cost=3881.82..3881.83 rows=1 width=8)
	  ->  Bitmap Heap Scan on sbtest8  (cost=30.70..3879.31 rows=1001 width=4)
	        Recheck Cond: ((id >= 368790) AND (id <= 369789))
	        ->  Bitmap Index Scan on sbtest8_pkey  (cost=0.00..30.44 rows=1001 width=0)
	              Index Cond: ((id >= 368790) AND (id <= 369789))

for: distinct_ranges
table 1 : explain SELECT DISTINCT c FROM sbtest1 WHERE id BETWEEN 6824364 AND 6825363 ORDER BY c
	Unique  (cost=3894.31..3899.28 rows=993 width=121)
	  ->  Sort  (cost=3894.31..3896.80 rows=993 width=121)
	        Sort Key: c
	        ->  Bitmap Heap Scan on sbtest1  (cost=30.61..3844.88 rows=993 width=121)
	              Recheck Cond: ((id >= 6824364) AND (id <= 6825363))
	              ->  Bitmap Index Scan on sbtest1_pkey  (cost=0.00..30.36 rows=993 width=0)
	                    Index Cond: ((id >= 6824364) AND (id <= 6825363))

table 2 : explain SELECT DISTINCT c FROM sbtest2 WHERE id BETWEEN 2690350 AND 2691349 ORDER BY c
	Unique  (cost=3999.09..4004.19 rows=1020 width=121)
	  ->  Sort  (cost=3999.09..4001.64 rows=1020 width=121)
	        Sort Key: c
	        ->  Bitmap Heap Scan on sbtest2  (cost=30.89..3948.12 rows=1020 width=121)
	              Recheck Cond: ((id >= 2690350) AND (id <= 2691349))
	              ->  Bitmap Index Scan on sbtest2_pkey  (cost=0.00..30.64 rows=1020 width=0)
	                    Index Cond: ((id >= 2690350) AND (id <= 2691349))

table 3 : explain SELECT DISTINCT c FROM sbtest3 WHERE id BETWEEN 4433752 AND 4434751 ORDER BY c
	Unique  (cost=3896.29..3901.26 rows=993 width=121)
	  ->  Sort  (cost=3896.29..3898.78 rows=993 width=121)
	        Sort Key: c
	        ->  Bitmap Heap Scan on sbtest3  (cost=30.61..3846.87 rows=993 width=121)
	              Recheck Cond: ((id >= 4433752) AND (id <= 4434751))
	              ->  Bitmap Index Scan on sbtest3_pkey  (cost=0.00..30.36 rows=993 width=0)
	                    Index Cond: ((id >= 4433752) AND (id <= 4434751))

table 4 : explain SELECT DISTINCT c FROM sbtest4 WHERE id BETWEEN 8705689 AND 8706688 ORDER BY c
	Unique  (cost=3976.64..3981.71 rows=1014 width=121)
	  ->  Sort  (cost=3976.64..3979.18 rows=1014 width=121)
	        Sort Key: c
	        ->  Bitmap Heap Scan on sbtest4  (cost=30.83..3926.01 rows=1014 width=121)
	              Recheck Cond: ((id >= 8705689) AND (id <= 8706688))
	              ->  Bitmap Index Scan on sbtest4_pkey  (cost=0.00..30.57 rows=1014 width=0)
	                    Index Cond: ((id >= 8705689) AND (id <= 8706688))

table 5 : explain SELECT DISTINCT c FROM sbtest5 WHERE id BETWEEN 4174075 AND 4175074 ORDER BY c
	Unique  (cost=4215.25..4220.63 rows=1075 width=121)
	  ->  Sort  (cost=4215.25..4217.94 rows=1075 width=121)
	        Sort Key: c
	        ->  Bitmap Heap Scan on sbtest5  (cost=31.45..4161.12 rows=1075 width=121)
	              Recheck Cond: ((id >= 4174075) AND (id <= 4175074))
	              ->  Bitmap Index Scan on sbtest5_pkey  (cost=0.00..31.18 rows=1075 width=0)
	                    Index Cond: ((id >= 4174075) AND (id <= 4175074))

table 6 : explain SELECT DISTINCT c FROM sbtest6 WHERE id BETWEEN 4491178 AND 4492177 ORDER BY c
	Unique  (cost=3925.00..3930.00 rows=1000 width=121)
	  ->  Sort  (cost=3925.00..3927.50 rows=1000 width=121)
	        Sort Key: c
	        ->  Bitmap Heap Scan on sbtest6  (cost=30.68..3875.17 rows=1000 width=121)
	              Recheck Cond: ((id >= 4491178) AND (id <= 4492177))
	              ->  Bitmap Index Scan on sbtest6_pkey  (cost=0.00..30.43 rows=1000 width=0)
	                    Index Cond: ((id >= 4491178) AND (id <= 4492177))

table 7 : explain SELECT DISTINCT c FROM sbtest7 WHERE id BETWEEN 2398822 AND 2399821 ORDER BY c
	Unique  (cost=3805.06..3809.90 rows=968 width=121)
	  ->  Sort  (cost=3805.06..3807.48 rows=968 width=121)
	        Sort Key: c
	        ->  Bitmap Heap Scan on sbtest7  (cost=30.36..3757.05 rows=968 width=121)
	              Recheck Cond: ((id >= 2398822) AND (id <= 2399821))
	              ->  Bitmap Index Scan on sbtest7_pkey  (cost=0.00..30.11 rows=968 width=0)
	                    Index Cond: ((id >= 2398822) AND (id <= 2399821))

table 8 : explain SELECT DISTINCT c FROM sbtest8 WHERE id BETWEEN 7646774 AND 7647773 ORDER BY c
	Unique  (cost=3787.31..3792.13 rows=964 width=121)
	  ->  Sort  (cost=3787.31..3789.72 rows=964 width=121)
	        Sort Key: c
	        ->  Bitmap Heap Scan on sbtest8  (cost=30.32..3739.53 rows=964 width=121)
	              Recheck Cond: ((id >= 7646774) AND (id <= 7647773))
	              ->  Bitmap Index Scan on sbtest8_pkey  (cost=0.00..30.07 rows=964 width=0)
	                    Index Cond: ((id >= 7646774) AND (id <= 7647773))

for: sum_ranges
table 1 : explain SELECT SUM(k) FROM sbtest1 WHERE id BETWEEN 4115739 AND 4116738
	Aggregate  (cost=4017.01..4017.02 rows=1 width=8)
	  ->  Bitmap Heap Scan on sbtest1  (cost=31.07..4014.42 rows=1038 width=4)
	        Recheck Cond: ((id >= 4115739) AND (id <= 4116738))
	        ->  Bitmap Index Scan on sbtest1_pkey  (cost=0.00..30.82 rows=1038 width=0)
	              Index Cond: ((id >= 4115739) AND (id <= 4116738))

table 2 : explain SELECT SUM(k) FROM sbtest2 WHERE id BETWEEN 1396589 AND 1397588
	Aggregate  (cost=3928.04..3928.05 rows=1 width=8)
	  ->  Bitmap Heap Scan on sbtest2  (cost=30.83..3925.50 rows=1014 width=4)
	        Recheck Cond: ((id >= 1396589) AND (id <= 1397588))
	        ->  Bitmap Index Scan on sbtest2_pkey  (cost=0.00..30.57 rows=1014 width=0)
	              Index Cond: ((id >= 1396589) AND (id <= 1397588))

table 3 : explain SELECT SUM(k) FROM sbtest3 WHERE id BETWEEN 8527462 AND 8528461
	Aggregate  (cost=3758.69..3758.70 rows=1 width=8)
	  ->  Bitmap Heap Scan on sbtest3  (cost=30.37..3756.27 rows=969 width=4)
	        Recheck Cond: ((id >= 8527462) AND (id <= 8528461))
	        ->  Bitmap Index Scan on sbtest3_pkey  (cost=0.00..30.12 rows=969 width=0)
	              Index Cond: ((id >= 8527462) AND (id <= 8528461))

table 4 : explain SELECT SUM(k) FROM sbtest4 WHERE id BETWEEN 622799 AND 623798
	Aggregate  (cost=4132.11..4132.12 rows=1 width=8)
	  ->  Bitmap Heap Scan on sbtest4  (cost=31.38..4129.44 rows=1068 width=4)
	        Recheck Cond: ((id >= 622799) AND (id <= 623798))
	        ->  Bitmap Index Scan on sbtest4_pkey  (cost=0.00..31.11 rows=1068 width=0)
	              Index Cond: ((id >= 622799) AND (id <= 623798))

table 5 : explain SELECT SUM(k) FROM sbtest5 WHERE id BETWEEN 2860102 AND 2861101
	Aggregate  (cost=4186.45..4186.46 rows=1 width=8)
	  ->  Bitmap Heap Scan on sbtest5  (cost=31.52..4183.74 rows=1081 width=4)
	        Recheck Cond: ((id >= 2860102) AND (id <= 2861101))
	        ->  Bitmap Index Scan on sbtest5_pkey  (cost=0.00..31.25 rows=1081 width=0)
	              Index Cond: ((id >= 2860102) AND (id <= 2861101))

table 6 : explain SELECT SUM(k) FROM sbtest6 WHERE id BETWEEN 6767280 AND 6768279
	Aggregate  (cost=3843.67..3843.68 rows=1 width=8)
	  ->  Bitmap Heap Scan on sbtest6  (cost=30.59..3841.19 rows=991 width=4)
	        Recheck Cond: ((id >= 6767280) AND (id <= 6768279))
	        ->  Bitmap Index Scan on sbtest6_pkey  (cost=0.00..30.34 rows=991 width=0)
	              Index Cond: ((id >= 6767280) AND (id <= 6768279))

table 7 : explain SELECT SUM(k) FROM sbtest7 WHERE id BETWEEN 9378190 AND 9379189
	Aggregate  (cost=3740.54..3740.55 rows=1 width=8)
	  ->  Bitmap Heap Scan on sbtest7  (cost=30.31..3738.13 rows=963 width=4)
	        Recheck Cond: ((id >= 9378190) AND (id <= 9379189))
	        ->  Bitmap Index Scan on sbtest7_pkey  (cost=0.00..30.07 rows=963 width=0)
	              Index Cond: ((id >= 9378190) AND (id <= 9379189))

table 8 : explain SELECT SUM(k) FROM sbtest8 WHERE id BETWEEN 1839141 AND 1840140
	Aggregate  (cost=4142.22..4142.23 rows=1 width=8)
	  ->  Bitmap Heap Scan on sbtest8  (cost=31.40..4139.54 rows=1070 width=4)
	        Recheck Cond: ((id >= 1839141) AND (id <= 1840140))
	        ->  Bitmap Index Scan on sbtest8_pkey  (cost=0.00..31.14 rows=1070 width=0)
	              Index Cond: ((id >= 1839141) AND (id <= 1840140))

for: sum_ranges
table 1 : explain SELECT SUM(k) FROM sbtest1 WHERE id BETWEEN 4888485 AND 4889484
	Aggregate  (cost=3998.18..3998.19 rows=1 width=8)
	  ->  Bitmap Heap Scan on sbtest1  (cost=31.02..3995.59 rows=1033 width=4)
	        Recheck Cond: ((id >= 4888485) AND (id <= 4889484))
	        ->  Bitmap Index Scan on sbtest1_pkey  (cost=0.00..30.76 rows=1033 width=0)
	              Index Cond: ((id >= 4888485) AND (id <= 4889484))

table 2 : explain SELECT SUM(k) FROM sbtest2 WHERE id BETWEEN 8841209 AND 8842208
	Aggregate  (cost=3995.92..3995.93 rows=1 width=8)
	  ->  Bitmap Heap Scan on sbtest2  (cost=31.01..3993.34 rows=1032 width=4)
	        Recheck Cond: ((id >= 8841209) AND (id <= 8842208))
	        ->  Bitmap Index Scan on sbtest2_pkey  (cost=0.00..30.75 rows=1032 width=0)
	              Index Cond: ((id >= 8841209) AND (id <= 8842208))

table 3 : explain SELECT SUM(k) FROM sbtest3 WHERE id BETWEEN 8182314 AND 8183313
	Aggregate  (cost=3985.19..3985.20 rows=1 width=8)
	  ->  Bitmap Heap Scan on sbtest3  (cost=30.98..3982.62 rows=1029 width=4)
	        Recheck Cond: ((id >= 8182314) AND (id <= 8183313))
	        ->  Bitmap Index Scan on sbtest3_pkey  (cost=0.00..30.72 rows=1029 width=0)
	              Index Cond: ((id >= 8182314) AND (id <= 8183313))

table 4 : explain SELECT SUM(k) FROM sbtest4 WHERE id BETWEEN 279925 AND 280924
	Aggregate  (cost=3864.39..3864.40 rows=1 width=8)
	  ->  Bitmap Heap Scan on sbtest4  (cost=30.65..3861.90 rows=997 width=4)
	        Recheck Cond: ((id >= 279925) AND (id <= 280924))
	        ->  Bitmap Index Scan on sbtest4_pkey  (cost=0.00..30.40 rows=997 width=0)
	              Index Cond: ((id >= 279925) AND (id <= 280924))

table 5 : explain SELECT SUM(k) FROM sbtest5 WHERE id BETWEEN 5184304 AND 5185303
	Aggregate  (cost=4152.49..4152.50 rows=1 width=8)
	  ->  Bitmap Heap Scan on sbtest5  (cost=31.42..4149.81 rows=1072 width=4)
	        Recheck Cond: ((id >= 5184304) AND (id <= 5185303))
	        ->  Bitmap Index Scan on sbtest5_pkey  (cost=0.00..31.15 rows=1072 width=0)
	              Index Cond: ((id >= 5184304) AND (id <= 5185303))

table 6 : explain SELECT SUM(k) FROM sbtest6 WHERE id BETWEEN 7123125 AND 7124124
	Aggregate  (cost=3934.32..3934.33 rows=1 width=8)
	  ->  Bitmap Heap Scan on sbtest6  (cost=30.84..3931.78 rows=1015 width=4)
	        Recheck Cond: ((id >= 7123125) AND (id <= 7124124))
	        ->  Bitmap Index Scan on sbtest6_pkey  (cost=0.00..30.58 rows=1015 width=0)
	              Index Cond: ((id >= 7123125) AND (id <= 7124124))

table 7 : explain SELECT SUM(k) FROM sbtest7 WHERE id BETWEEN 5369370 AND 5370369
	Aggregate  (cost=3751.90..3751.91 rows=1 width=8)
	  ->  Bitmap Heap Scan on sbtest7  (cost=30.34..3749.48 rows=966 width=4)
	        Recheck Cond: ((id >= 5369370) AND (id <= 5370369))
	        ->  Bitmap Index Scan on sbtest7_pkey  (cost=0.00..30.09 rows=966 width=0)
	              Index Cond: ((id >= 5369370) AND (id <= 5370369))

table 8 : explain SELECT SUM(k) FROM sbtest8 WHERE id BETWEEN 4458906 AND 4459905
	Aggregate  (cost=3715.46..3715.47 rows=1 width=8)
	  ->  Bitmap Heap Scan on sbtest8  (cost=30.24..3713.06 rows=957 width=4)
	        Recheck Cond: ((id >= 4458906) AND (id <= 4459905))
	        ->  Bitmap Index Scan on sbtest8_pkey  (cost=0.00..30.00 rows=957 width=0)
	              Index Cond: ((id >= 4458906) AND (id <= 4459905))

for: sum_ranges
table 1 : explain SELECT SUM(k) FROM sbtest1 WHERE id BETWEEN 3413044 AND 3414043
	Aggregate  (cost=3990.64..3990.65 rows=1 width=8)
	  ->  Bitmap Heap Scan on sbtest1  (cost=31.00..3988.06 rows=1031 width=4)
	        Recheck Cond: ((id >= 3413044) AND (id <= 3414043))
	        ->  Bitmap Index Scan on sbtest1_pkey  (cost=0.00..30.75 rows=1031 width=0)
	              Index Cond: ((id >= 3413044) AND (id <= 3414043))

table 2 : explain SELECT SUM(k) FROM sbtest2 WHERE id BETWEEN 4212352 AND 4213351
	Aggregate  (cost=4300.89..4300.90 rows=1 width=8)
	  ->  Bitmap Heap Scan on sbtest2  (cost=31.84..4298.10 rows=1113 width=4)
	        Recheck Cond: ((id >= 4212352) AND (id <= 4213351))
	        ->  Bitmap Index Scan on sbtest2_pkey  (cost=0.00..31.57 rows=1113 width=0)
	              Index Cond: ((id >= 4212352) AND (id <= 4213351))

table 3 : explain SELECT SUM(k) FROM sbtest3 WHERE id BETWEEN 6648864 AND 6649863
	Aggregate  (cost=3970.11..3970.12 rows=1 width=8)
	  ->  Bitmap Heap Scan on sbtest3  (cost=30.94..3967.54 rows=1025 width=4)
	        Recheck Cond: ((id >= 6648864) AND (id <= 6649863))
	        ->  Bitmap Index Scan on sbtest3_pkey  (cost=0.00..30.68 rows=1025 width=0)
	              Index Cond: ((id >= 6648864) AND (id <= 6649863))

table 4 : explain SELECT SUM(k) FROM sbtest4 WHERE id BETWEEN 4620733 AND 4621732
	Aggregate  (cost=3811.53..3811.54 rows=1 width=8)
	  ->  Bitmap Heap Scan on sbtest4  (cost=30.51..3809.07 rows=983 width=4)
	        Recheck Cond: ((id >= 4620733) AND (id <= 4621732))
	        ->  Bitmap Index Scan on sbtest4_pkey  (cost=0.00..30.26 rows=983 width=0)
	              Index Cond: ((id >= 4620733) AND (id <= 4621732))

table 5 : explain SELECT SUM(k) FROM sbtest5 WHERE id BETWEEN 5583450 AND 5584449
	Aggregate  (cost=3929.66..3929.67 rows=1 width=8)
	  ->  Bitmap Heap Scan on sbtest5  (cost=30.82..3927.13 rows=1013 width=4)
	        Recheck Cond: ((id >= 5583450) AND (id <= 5584449))
	        ->  Bitmap Index Scan on sbtest5_pkey  (cost=0.00..30.57 rows=1013 width=0)
	              Index Cond: ((id >= 5583450) AND (id <= 5584449))

table 6 : explain SELECT SUM(k) FROM sbtest6 WHERE id BETWEEN 55777 AND 56776
	Aggregate  (cost=3889.00..3889.01 rows=1 width=8)
	  ->  Bitmap Heap Scan on sbtest6  (cost=30.72..3886.49 rows=1003 width=4)
	        Recheck Cond: ((id >= 55777) AND (id <= 56776))
	        ->  Bitmap Index Scan on sbtest6_pkey  (cost=0.00..30.46 rows=1003 width=0)
	              Index Cond: ((id >= 55777) AND (id <= 56776))

table 7 : explain SELECT SUM(k) FROM sbtest7 WHERE id BETWEEN 5553895 AND 5554894
	Aggregate  (cost=4016.64..4016.65 rows=1 width=8)
	  ->  Bitmap Heap Scan on sbtest7  (cost=31.05..4014.05 rows=1036 width=4)
	        Recheck Cond: ((id >= 5553895) AND (id <= 5554894))
	        ->  Bitmap Index Scan on sbtest7_pkey  (cost=0.00..30.79 rows=1036 width=0)
	              Index Cond: ((id >= 5553895) AND (id <= 5554894))

table 8 : explain SELECT SUM(k) FROM sbtest8 WHERE id BETWEEN 8353204 AND 8354203
	Aggregate  (cost=3957.35..3957.36 rows=1 width=8)
	  ->  Bitmap Heap Scan on sbtest8  (cost=30.90..3954.80 rows=1021 width=4)
	        Recheck Cond: ((id >= 8353204) AND (id <= 8354203))
	        ->  Bitmap Index Scan on sbtest8_pkey  (cost=0.00..30.64 rows=1021 width=0)
	              Index Cond: ((id >= 8353204) AND (id <= 8354203))

for: simple_ranges
table 1 : explain SELECT c FROM sbtest1 WHERE id BETWEEN 9307958 AND 9308957
	Bitmap Heap Scan on sbtest1  (cost=30.25..3712.84 rows=958 width=121)
	  Recheck Cond: ((id >= 9307958) AND (id <= 9308957))
	  ->  Bitmap Index Scan on sbtest1_pkey  (cost=0.00..30.01 rows=958 width=0)
	        Index Cond: ((id >= 9307958) AND (id <= 9308957))

table 2 : explain SELECT c FROM sbtest2 WHERE id BETWEEN 1915151 AND 1916150
	Bitmap Heap Scan on sbtest2  (cost=31.13..4034.78 rows=1043 width=121)
	  Recheck Cond: ((id >= 1915151) AND (id <= 1916150))
	  ->  Bitmap Index Scan on sbtest2_pkey  (cost=0.00..30.86 rows=1043 width=0)
	        Index Cond: ((id >= 1915151) AND (id <= 1916150))

table 3 : explain SELECT c FROM sbtest3 WHERE id BETWEEN 7370654 AND 7371653
	Bitmap Heap Scan on sbtest3  (cost=30.77..3903.45 rows=1008 width=121)
	  Recheck Cond: ((id >= 7370654) AND (id <= 7371653))
	  ->  Bitmap Index Scan on sbtest3_pkey  (cost=0.00..30.51 rows=1008 width=0)
	        Index Cond: ((id >= 7370654) AND (id <= 7371653))

table 4 : explain SELECT c FROM sbtest4 WHERE id BETWEEN 9949123 AND 9950122
	Bitmap Heap Scan on sbtest4  (cost=31.57..4197.17 rows=1086 width=121)
	  Recheck Cond: ((id >= 9949123) AND (id <= 9950122))
	  ->  Bitmap Index Scan on sbtest4_pkey  (cost=0.00..31.29 rows=1086 width=0)
	        Index Cond: ((id >= 9949123) AND (id <= 9950122))

table 5 : explain SELECT c FROM sbtest5 WHERE id BETWEEN 3571653 AND 3572652
	Bitmap Heap Scan on sbtest5  (cost=31.75..4270.42 rows=1104 width=121)
	  Recheck Cond: ((id >= 3571653) AND (id <= 3572652))
	  ->  Bitmap Index Scan on sbtest5_pkey  (cost=0.00..31.47 rows=1104 width=0)
	        Index Cond: ((id >= 3571653) AND (id <= 3572652))

table 6 : explain SELECT c FROM sbtest6 WHERE id BETWEEN 4992994 AND 4993993
	Bitmap Heap Scan on sbtest6  (cost=31.64..4225.73 rows=1093 width=121)
	  Recheck Cond: ((id >= 4992994) AND (id <= 4993993))
	  ->  Bitmap Index Scan on sbtest6_pkey  (cost=0.00..31.36 rows=1093 width=0)
	        Index Cond: ((id >= 4992994) AND (id <= 4993993))

table 7 : explain SELECT c FROM sbtest7 WHERE id BETWEEN 9287797 AND 9288796
	Bitmap Heap Scan on sbtest7  (cost=30.52..3817.57 rows=984 width=121)
	  Recheck Cond: ((id >= 9287797) AND (id <= 9288796))
	  ->  Bitmap Index Scan on sbtest7_pkey  (cost=0.00..30.27 rows=984 width=0)
	        Index Cond: ((id >= 9287797) AND (id <= 9288796))

table 8 : explain SELECT c FROM sbtest8 WHERE id BETWEEN 9232693 AND 9233692
	Bitmap Heap Scan on sbtest8  (cost=30.11..3663.90 rows=944 width=121)
	  Recheck Cond: ((id >= 9232693) AND (id <= 9233692))
	  ->  Bitmap Index Scan on sbtest8_pkey  (cost=0.00..29.87 rows=944 width=0)
	        Index Cond: ((id >= 9232693) AND (id <= 9233692))

for: simple_ranges
table 1 : explain SELECT c FROM sbtest1 WHERE id BETWEEN 2529680 AND 2530679
	Bitmap Heap Scan on sbtest1  (cost=30.27..3720.39 rows=960 width=121)
	  Recheck Cond: ((id >= 2529680) AND (id <= 2530679))
	  ->  Bitmap Index Scan on sbtest1_pkey  (cost=0.00..30.04 rows=960 width=0)
	        Index Cond: ((id >= 2529680) AND (id <= 2530679))

table 2 : explain SELECT c FROM sbtest2 WHERE id BETWEEN 7557250 AND 7558249
	Bitmap Heap Scan on sbtest2  (cost=30.13..3668.87 rows=946 width=121)
	  Recheck Cond: ((id >= 7557250) AND (id <= 7558249))
	  ->  Bitmap Index Scan on sbtest2_pkey  (cost=0.00..29.89 rows=946 width=0)
	        Index Cond: ((id >= 7557250) AND (id <= 7558249))

table 3 : explain SELECT c FROM sbtest3 WHERE id BETWEEN 2926640 AND 2927639
	Bitmap Heap Scan on sbtest3  (cost=31.64..4223.57 rows=1093 width=121)
	  Recheck Cond: ((id >= 2926640) AND (id <= 2927639))
	  ->  Bitmap Index Scan on sbtest3_pkey  (cost=0.00..31.36 rows=1093 width=0)
	        Index Cond: ((id >= 2926640) AND (id <= 2927639))

table 4 : explain SELECT c FROM sbtest4 WHERE id BETWEEN 2483298 AND 2484297
	Bitmap Heap Scan on sbtest4  (cost=31.83..4294.93 rows=1112 width=121)
	  Recheck Cond: ((id >= 2483298) AND (id <= 2484297))
	  ->  Bitmap Index Scan on sbtest4_pkey  (cost=0.00..31.55 rows=1112 width=0)
	        Index Cond: ((id >= 2483298) AND (id <= 2484297))

table 5 : explain SELECT c FROM sbtest5 WHERE id BETWEEN 2774078 AND 2775077
	Bitmap Heap Scan on sbtest5  (cost=30.76..3904.46 rows=1007 width=121)
	  Recheck Cond: ((id >= 2774078) AND (id <= 2775077))
	  ->  Bitmap Index Scan on sbtest5_pkey  (cost=0.00..30.50 rows=1007 width=0)
	        Index Cond: ((id >= 2774078) AND (id <= 2775077))

table 6 : explain SELECT c FROM sbtest6 WHERE id BETWEEN 4397029 AND 4398028
	Bitmap Heap Scan on sbtest6  (cost=31.58..4203.15 rows=1087 width=121)
	  Recheck Cond: ((id >= 4397029) AND (id <= 4398028))
	  ->  Bitmap Index Scan on sbtest6_pkey  (cost=0.00..31.30 rows=1087 width=0)
	        Index Cond: ((id >= 4397029) AND (id <= 4398028))

table 7 : explain SELECT c FROM sbtest7 WHERE id BETWEEN 1086680 AND 1087679
	Bitmap Heap Scan on sbtest7  (cost=30.49..3806.23 rows=981 width=121)
	  Recheck Cond: ((id >= 1086680) AND (id <= 1087679))
	  ->  Bitmap Index Scan on sbtest7_pkey  (cost=0.00..30.25 rows=981 width=0)
	        Index Cond: ((id >= 1086680) AND (id <= 1087679))

table 8 : explain SELECT c FROM sbtest8 WHERE id BETWEEN 6223670 AND 6224669
	Bitmap Heap Scan on sbtest8  (cost=30.05..3641.20 rows=938 width=121)
	  Recheck Cond: ((id >= 6223670) AND (id <= 6224669))
	  ->  Bitmap Index Scan on sbtest8_pkey  (cost=0.00..29.82 rows=938 width=0)
	        Index Cond: ((id >= 6223670) AND (id <= 6224669))

for: order_ranges
table 1 : explain SELECT c FROM sbtest1 WHERE id BETWEEN 2669402 AND 2670401 ORDER BY c
	Sort  (cost=3660.62..3662.95 rows=932 width=121)
	  Sort Key: c
	  ->  Bitmap Heap Scan on sbtest1  (cost=29.99..3614.66 rows=932 width=121)
	        Recheck Cond: ((id >= 2669402) AND (id <= 2670401))
	        ->  Bitmap Index Scan on sbtest1_pkey  (cost=0.00..29.75 rows=932 width=0)
	              Index Cond: ((id >= 2669402) AND (id <= 2670401))

table 2 : explain SELECT c FROM sbtest2 WHERE id BETWEEN 9156853 AND 9157852 ORDER BY c
	Sort  (cost=4117.65..4120.28 rows=1051 width=121)
	  Sort Key: c
	  ->  Bitmap Heap Scan on sbtest2  (cost=31.21..4064.90 rows=1051 width=121)
	        Recheck Cond: ((id >= 9156853) AND (id <= 9157852))
	        ->  Bitmap Index Scan on sbtest2_pkey  (cost=0.00..30.94 rows=1051 width=0)
	              Index Cond: ((id >= 9156853) AND (id <= 9157852))

table 3 : explain SELECT c FROM sbtest3 WHERE id BETWEEN 9780569 AND 9781568 ORDER BY c
	Sort  (cost=3623.88..3626.19 rows=923 width=121)
	  Sort Key: c
	  ->  Bitmap Heap Scan on sbtest3  (cost=25.90..3578.42 rows=923 width=121)
	        Recheck Cond: ((id >= 9780569) AND (id <= 9781568))
	        ->  Bitmap Index Scan on sbtest3_pkey  (cost=0.00..25.66 rows=923 width=0)
	              Index Cond: ((id >= 9780569) AND (id <= 9781568))

table 4 : explain SELECT c FROM sbtest4 WHERE id BETWEEN 2658549 AND 2659548 ORDER BY c
	Sort  (cost=3623.83..3626.13 rows=923 width=121)
	  Sort Key: c
	  ->  Bitmap Heap Scan on sbtest4  (cost=25.90..3578.37 rows=923 width=121)
	        Recheck Cond: ((id >= 2658549) AND (id <= 2659548))
	        ->  Bitmap Index Scan on sbtest4_pkey  (cost=0.00..25.66 rows=923 width=0)
	              Index Cond: ((id >= 2658549) AND (id <= 2659548))

table 5 : explain SELECT c FROM sbtest5 WHERE id BETWEEN 9593066 AND 9594065 ORDER BY c
	Sort  (cost=3977.70..3980.23 rows=1013 width=121)
	  Sort Key: c
	  ->  Bitmap Heap Scan on sbtest5  (cost=30.82..3927.13 rows=1013 width=121)
	        Recheck Cond: ((id >= 9593066) AND (id <= 9594065))
	        ->  Bitmap Index Scan on sbtest5_pkey  (cost=0.00..30.57 rows=1013 width=0)
	              Index Cond: ((id >= 9593066) AND (id <= 9594065))

table 6 : explain SELECT c FROM sbtest6 WHERE id BETWEEN 228233 AND 229232 ORDER BY c
	Sort  (cost=3679.49..3681.83 rows=936 width=121)
	  Sort Key: c
	  ->  Bitmap Heap Scan on sbtest6  (cost=30.03..3633.30 rows=936 width=121)
	        Recheck Cond: ((id >= 228233) AND (id <= 229232))
	        ->  Bitmap Index Scan on sbtest6_pkey  (cost=0.00..29.79 rows=936 width=0)
	              Index Cond: ((id >= 228233) AND (id <= 229232))

table 7 : explain SELECT c FROM sbtest7 WHERE id BETWEEN 5772671 AND 5773670 ORDER BY c
	Sort  (cost=3993.10..3995.64 rows=1017 width=121)
	  Sort Key: c
	  ->  Bitmap Heap Scan on sbtest7  (cost=30.86..3942.30 rows=1017 width=121)
	        Recheck Cond: ((id >= 5772671) AND (id <= 5773670))
	        ->  Bitmap Index Scan on sbtest7_pkey  (cost=0.00..30.61 rows=1017 width=0)
	              Index Cond: ((id >= 5772671) AND (id <= 5773670))

table 8 : explain SELECT c FROM sbtest8 WHERE id BETWEEN 9851260 AND 9852259 ORDER BY c
	Sort  (cost=3844.85..3847.30 rows=979 width=121)
	  Sort Key: c
	  ->  Bitmap Heap Scan on sbtest8  (cost=30.47..3796.22 rows=979 width=121)
	        Recheck Cond: ((id >= 9851260) AND (id <= 9852259))
	        ->  Bitmap Index Scan on sbtest8_pkey  (cost=0.00..30.22 rows=979 width=0)
	              Index Cond: ((id >= 9851260) AND (id <= 9852259))

for: order_ranges
table 1 : explain SELECT c FROM sbtest1 WHERE id BETWEEN 7787043 AND 7788042 ORDER BY c
	Sort  (cost=3882.83..3885.31 rows=990 width=121)
	  Sort Key: c
	  ->  Bitmap Heap Scan on sbtest1  (cost=30.58..3833.57 rows=990 width=121)
	        Recheck Cond: ((id >= 7787043) AND (id <= 7788042))
	        ->  Bitmap Index Scan on sbtest1_pkey  (cost=0.00..30.33 rows=990 width=0)
	              Index Cond: ((id >= 7787043) AND (id <= 7788042))

table 2 : explain SELECT c FROM sbtest2 WHERE id BETWEEN 1733058 AND 1734057 ORDER BY c
	Sort  (cost=4243.73..4246.44 rows=1084 width=121)
	  Sort Key: c
	  ->  Bitmap Heap Scan on sbtest2  (cost=31.55..4189.08 rows=1084 width=121)
	        Recheck Cond: ((id >= 1733058) AND (id <= 1734057))
	        ->  Bitmap Index Scan on sbtest2_pkey  (cost=0.00..31.27 rows=1084 width=0)
	              Index Cond: ((id >= 1733058) AND (id <= 1734057))

table 3 : explain SELECT c FROM sbtest3 WHERE id BETWEEN 7206947 AND 7207946 ORDER BY c
	Sort  (cost=3408.71..3410.88 rows=867 width=121)
	  Sort Key: c
	  ->  Bitmap Heap Scan on sbtest3  (cost=25.32..3366.40 rows=867 width=121)
	        Recheck Cond: ((id >= 7206947) AND (id <= 7207946))
	        ->  Bitmap Index Scan on sbtest3_pkey  (cost=0.00..25.11 rows=867 width=0)
	              Index Cond: ((id >= 7206947) AND (id <= 7207946))

table 4 : explain SELECT c FROM sbtest4 WHERE id BETWEEN 8971509 AND 8972508 ORDER BY c
	Sort  (cost=4236.65..4239.36 rows=1082 width=121)
	  Sort Key: c
	  ->  Bitmap Heap Scan on sbtest4  (cost=31.53..4182.12 rows=1082 width=121)
	        Recheck Cond: ((id >= 8971509) AND (id <= 8972508))
	        ->  Bitmap Index Scan on sbtest4_pkey  (cost=0.00..31.25 rows=1082 width=0)
	              Index Cond: ((id >= 8971509) AND (id <= 8972508))

table 5 : explain SELECT c FROM sbtest5 WHERE id BETWEEN 3354691 AND 3355690 ORDER BY c
	Sort  (cost=3874.11..3876.58 rows=986 width=121)
	  Sort Key: c
	  ->  Bitmap Heap Scan on sbtest5  (cost=30.54..3825.08 rows=986 width=121)
	        Recheck Cond: ((id >= 3354691) AND (id <= 3355690))
	        ->  Bitmap Index Scan on sbtest5_pkey  (cost=0.00..30.29 rows=986 width=0)
	              Index Cond: ((id >= 3354691) AND (id <= 3355690))

table 6 : explain SELECT c FROM sbtest6 WHERE id BETWEEN 3741236 AND 3742235 ORDER BY c
	Sort  (cost=3936.50..3939.00 rows=1003 width=121)
	  Sort Key: c
	  ->  Bitmap Heap Scan on sbtest6  (cost=30.72..3886.49 rows=1003 width=121)
	        Recheck Cond: ((id >= 3741236) AND (id <= 3742235))
	        ->  Bitmap Index Scan on sbtest6_pkey  (cost=0.00..30.46 rows=1003 width=0)
	              Index Cond: ((id >= 3741236) AND (id <= 3742235))

table 7 : explain SELECT c FROM sbtest7 WHERE id BETWEEN 975092 AND 976091 ORDER BY c
	Sort  (cost=4096.59..4099.20 rows=1044 width=121)
	  Sort Key: c
	  ->  Bitmap Heap Scan on sbtest7  (cost=31.14..4044.24 rows=1044 width=121)
	        Recheck Cond: ((id >= 975092) AND (id <= 976091))
	        ->  Bitmap Index Scan on sbtest7_pkey  (cost=0.00..30.87 rows=1044 width=0)
	              Index Cond: ((id >= 975092) AND (id <= 976091))

table 8 : explain SELECT c FROM sbtest8 WHERE id BETWEEN 5617699 AND 5618698 ORDER BY c
	Sort  (cost=3756.61..3759.00 rows=956 width=121)
	  Sort Key: c
	  ->  Bitmap Heap Scan on sbtest8  (cost=30.23..3709.28 rows=956 width=121)
	        Recheck Cond: ((id >= 5617699) AND (id <= 5618698))
	        ->  Bitmap Index Scan on sbtest8_pkey  (cost=0.00..30.00 rows=956 width=0)
	              Index Cond: ((id >= 5617699) AND (id <= 5618698))

for point_selects
table 1 : explain SELECT c FROM sbtest1 WHERE id=1213134
	Index Scan using sbtest1_pkey on sbtest1  (cost=0.43..8.45 rows=1 width=121)
	  Index Cond: (id = 1213134)

table 2 : explain SELECT c FROM sbtest2 WHERE id=4704628
	Index Scan using sbtest2_pkey on sbtest2  (cost=0.43..8.45 rows=1 width=121)
	  Index Cond: (id = 4704628)

table 3 : explain SELECT c FROM sbtest3 WHERE id=776897
	Index Scan using sbtest3_pkey on sbtest3  (cost=0.43..8.45 rows=1 width=121)
	  Index Cond: (id = 776897)

table 4 : explain SELECT c FROM sbtest4 WHERE id=4791833
	Index Scan using sbtest4_pkey on sbtest4  (cost=0.43..8.45 rows=1 width=121)
	  Index Cond: (id = 4791833)

table 5 : explain SELECT c FROM sbtest5 WHERE id=1238173
	Index Scan using sbtest5_pkey on sbtest5  (cost=0.43..8.45 rows=1 width=121)
	  Index Cond: (id = 1238173)

table 6 : explain SELECT c FROM sbtest6 WHERE id=5849930
	Index Scan using sbtest6_pkey on sbtest6  (cost=0.43..8.45 rows=1 width=121)
	  Index Cond: (id = 5849930)

table 7 : explain SELECT c FROM sbtest7 WHERE id=521190
	Index Scan using sbtest7_pkey on sbtest7  (cost=0.43..8.45 rows=1 width=121)
	  Index Cond: (id = 521190)

table 8 : explain SELECT c FROM sbtest8 WHERE id=1169356
	Index Scan using sbtest8_pkey on sbtest8  (cost=0.43..8.45 rows=1 width=121)
	  Index Cond: (id = 1169356)

for: sum_ranges
table 1 : explain SELECT SUM(k) FROM sbtest1 WHERE id BETWEEN 4617580 AND 4618579
	Aggregate  (cost=4126.20..4126.21 rows=1 width=8)
	  ->  Bitmap Heap Scan on sbtest1  (cost=31.37..4123.54 rows=1067 width=4)
	        Recheck Cond: ((id >= 4617580) AND (id <= 4618579))
	        ->  Bitmap Index Scan on sbtest1_pkey  (cost=0.00..31.11 rows=1067 width=0)
	              Index Cond: ((id >= 4617580) AND (id <= 4618579))

table 2 : explain SELECT SUM(k) FROM sbtest2 WHERE id BETWEEN 1289233 AND 1290232
	Aggregate  (cost=3988.38..3988.39 rows=1 width=8)
	  ->  Bitmap Heap Scan on sbtest2  (cost=30.99..3985.81 rows=1030 width=4)
	        Recheck Cond: ((id >= 1289233) AND (id <= 1290232))
	        ->  Bitmap Index Scan on sbtest2_pkey  (cost=0.00..30.73 rows=1030 width=0)
	              Index Cond: ((id >= 1289233) AND (id <= 1290232))

table 3 : explain SELECT SUM(k) FROM sbtest3 WHERE id BETWEEN 4286333 AND 4287332
	Aggregate  (cost=3493.64..3493.65 rows=1 width=8)
	  ->  Bitmap Heap Scan on sbtest3  (cost=25.66..3491.39 rows=900 width=4)
	        Recheck Cond: ((id >= 4286333) AND (id <= 4287332))
	        ->  Bitmap Index Scan on sbtest3_pkey  (cost=0.00..25.43 rows=900 width=0)
	              Index Cond: ((id >= 4286333) AND (id <= 4287332))

table 4 : explain SELECT SUM(k) FROM sbtest4 WHERE id BETWEEN 1473932 AND 1474931
	Aggregate  (cost=3554.18..3554.19 rows=1 width=8)
	  ->  Bitmap Heap Scan on sbtest4  (cost=25.82..3551.89 rows=916 width=4)
	        Recheck Cond: ((id >= 1473932) AND (id <= 1474931))
	        ->  Bitmap Index Scan on sbtest4_pkey  (cost=0.00..25.59 rows=916 width=0)
	              Index Cond: ((id >= 1473932) AND (id <= 1474931))

table 5 : explain SELECT SUM(k) FROM sbtest5 WHERE id BETWEEN 4624526 AND 4625525
	Aggregate  (cost=3763.20..3763.21 rows=1 width=8)
	  ->  Bitmap Heap Scan on sbtest5  (cost=30.37..3760.78 rows=969 width=4)
	        Recheck Cond: ((id >= 4624526) AND (id <= 4625525))
	        ->  Bitmap Index Scan on sbtest5_pkey  (cost=0.00..30.12 rows=969 width=0)
	              Index Cond: ((id >= 4624526) AND (id <= 4625525))

table 6 : explain SELECT SUM(k) FROM sbtest6 WHERE id BETWEEN 8499298 AND 8500297
	Aggregate  (cost=4213.40..4213.41 rows=1 width=8)
	  ->  Bitmap Heap Scan on sbtest6  (cost=31.60..4210.68 rows=1089 width=4)
	        Recheck Cond: ((id >= 8499298) AND (id <= 8500297))
	        ->  Bitmap Index Scan on sbtest6_pkey  (cost=0.00..31.32 rows=1089 width=0)
	              Index Cond: ((id >= 8499298) AND (id <= 8500297))

table 7 : explain SELECT SUM(k) FROM sbtest7 WHERE id BETWEEN 2630359 AND 2631358
	Aggregate  (cost=3997.75..3997.76 rows=1 width=8)
	  ->  Bitmap Heap Scan on sbtest7  (cost=31.00..3995.17 rows=1031 width=4)
	        Recheck Cond: ((id >= 2630359) AND (id <= 2631358))
	        ->  Bitmap Index Scan on sbtest7_pkey  (cost=0.00..30.75 rows=1031 width=0)
	              Index Cond: ((id >= 2630359) AND (id <= 2631358))

table 8 : explain SELECT SUM(k) FROM sbtest8 WHERE id BETWEEN 3025610 AND 3026609
	Aggregate  (cost=3847.81..3847.82 rows=1 width=8)
	  ->  Bitmap Heap Scan on sbtest8  (cost=30.60..3845.33 rows=992 width=4)
	        Recheck Cond: ((id >= 3025610) AND (id <= 3026609))
	        ->  Bitmap Index Scan on sbtest8_pkey  (cost=0.00..30.36 rows=992 width=0)
	              Index Cond: ((id >= 3025610) AND (id <= 3026609))

for point_selects
table 1 : explain SELECT c FROM sbtest1 WHERE id=4574183
	Index Scan using sbtest1_pkey on sbtest1  (cost=0.43..8.45 rows=1 width=121)
	  Index Cond: (id = 4574183)

table 2 : explain SELECT c FROM sbtest2 WHERE id=9413701
	Index Scan using sbtest2_pkey on sbtest2  (cost=0.43..8.45 rows=1 width=121)
	  Index Cond: (id = 9413701)

table 3 : explain SELECT c FROM sbtest3 WHERE id=4752091
	Index Scan using sbtest3_pkey on sbtest3  (cost=0.43..8.45 rows=1 width=121)
	  Index Cond: (id = 4752091)

table 4 : explain SELECT c FROM sbtest4 WHERE id=6063554
	Index Scan using sbtest4_pkey on sbtest4  (cost=0.43..8.45 rows=1 width=121)
	  Index Cond: (id = 6063554)

table 5 : explain SELECT c FROM sbtest5 WHERE id=1265165
	Index Scan using sbtest5_pkey on sbtest5  (cost=0.43..8.45 rows=1 width=121)
	  Index Cond: (id = 1265165)

table 6 : explain SELECT c FROM sbtest6 WHERE id=9762007
	Index Scan using sbtest6_pkey on sbtest6  (cost=0.43..8.45 rows=1 width=121)
	  Index Cond: (id = 9762007)

table 7 : explain SELECT c FROM sbtest7 WHERE id=2485835
	Index Scan using sbtest7_pkey on sbtest7  (cost=0.43..8.45 rows=1 width=121)
	  Index Cond: (id = 2485835)

table 8 : explain SELECT c FROM sbtest8 WHERE id=9114715
	Index Scan using sbtest8_pkey on sbtest8  (cost=0.43..8.45 rows=1 width=121)
	  Index Cond: (id = 9114715)

for: order_ranges
table 1 : explain SELECT c FROM sbtest1 WHERE id BETWEEN 9882263 AND 9883262 ORDER BY c
	Sort  (cost=3836.89..3839.34 rows=978 width=121)
	  Sort Key: c
	  ->  Bitmap Heap Scan on sbtest1  (cost=30.46..3788.32 rows=978 width=121)
	        Recheck Cond: ((id >= 9882263) AND (id <= 9883262))
	        ->  Bitmap Index Scan on sbtest1_pkey  (cost=0.00..30.21 rows=978 width=0)
	              Index Cond: ((id >= 9882263) AND (id <= 9883262))

table 2 : explain SELECT c FROM sbtest2 WHERE id BETWEEN 8217084 AND 8218083 ORDER BY c
	Sort  (cost=3868.93..3871.40 rows=986 width=121)
	  Sort Key: c
	  ->  Bitmap Heap Scan on sbtest2  (cost=30.54..3819.90 rows=986 width=121)
	        Recheck Cond: ((id >= 8217084) AND (id <= 8218083))
	        ->  Bitmap Index Scan on sbtest2_pkey  (cost=0.00..30.29 rows=986 width=0)
	              Index Cond: ((id >= 8217084) AND (id <= 8218083))

table 3 : explain SELECT c FROM sbtest3 WHERE id BETWEEN 9342167 AND 9343166 ORDER BY c
	Sort  (cost=3712.30..3714.67 rows=945 width=121)
	  Sort Key: c
	  ->  Bitmap Heap Scan on sbtest3  (cost=30.12..3665.60 rows=945 width=121)
	        Recheck Cond: ((id >= 9342167) AND (id <= 9343166))
	        ->  Bitmap Index Scan on sbtest3_pkey  (cost=0.00..29.89 rows=945 width=0)
	              Index Cond: ((id >= 9342167) AND (id <= 9343166))

table 4 : explain SELECT c FROM sbtest4 WHERE id BETWEEN 849163 AND 850162 ORDER BY c
	Sort  (cost=3666.05..3668.38 rows=934 width=121)
	  Sort Key: c
	  ->  Bitmap Heap Scan on sbtest4  (cost=26.01..3619.96 rows=934 width=121)
	        Recheck Cond: ((id >= 849163) AND (id <= 850162))
	        ->  Bitmap Index Scan on sbtest4_pkey  (cost=0.00..25.77 rows=934 width=0)
	              Index Cond: ((id >= 849163) AND (id <= 850162))

table 5 : explain SELECT c FROM sbtest5 WHERE id BETWEEN 7570765 AND 7571764 ORDER BY c
	Sort  (cost=3824.21..3826.64 rows=973 width=121)
	  Sort Key: c
	  ->  Bitmap Heap Scan on sbtest5  (cost=30.41..3775.91 rows=973 width=121)
	        Recheck Cond: ((id >= 7570765) AND (id <= 7571764))
	        ->  Bitmap Index Scan on sbtest5_pkey  (cost=0.00..30.16 rows=973 width=0)
	              Index Cond: ((id >= 7570765) AND (id <= 7571764))

table 6 : explain SELECT c FROM sbtest6 WHERE id BETWEEN 4142859 AND 4143858 ORDER BY c
	Sort  (cost=3959.48..3962.01 rows=1009 width=121)
	  Sort Key: c
	  ->  Bitmap Heap Scan on sbtest6  (cost=30.78..3909.14 rows=1009 width=121)
	        Recheck Cond: ((id >= 4142859) AND (id <= 4143858))
	        ->  Bitmap Index Scan on sbtest6_pkey  (cost=0.00..30.52 rows=1009 width=0)
	              Index Cond: ((id >= 4142859) AND (id <= 4143858))

table 7 : explain SELECT c FROM sbtest7 WHERE id BETWEEN 4182232 AND 4183231 ORDER BY c
	Sort  (cost=3770.49..3772.89 rows=959 width=121)
	  Sort Key: c
	  ->  Bitmap Heap Scan on sbtest7  (cost=30.26..3722.99 rows=959 width=121)
	        Recheck Cond: ((id >= 4182232) AND (id <= 4183231))
	        ->  Bitmap Index Scan on sbtest7_pkey  (cost=0.00..30.02 rows=959 width=0)
	              Index Cond: ((id >= 4182232) AND (id <= 4183231))

table 8 : explain SELECT c FROM sbtest8 WHERE id BETWEEN 7084059 AND 7085058 ORDER BY c
	Sort  (cost=3737.42..3739.79 rows=951 width=121)
	  Sort Key: c
	  ->  Bitmap Heap Scan on sbtest8  (cost=30.18..3690.37 rows=951 width=121)
	        Recheck Cond: ((id >= 7084059) AND (id <= 7085058))
	        ->  Bitmap Index Scan on sbtest8_pkey  (cost=0.00..29.94 rows=951 width=0)
	              Index Cond: ((id >= 7084059) AND (id <= 7085058))

for: order_ranges
table 1 : explain SELECT c FROM sbtest1 WHERE id BETWEEN 4955350 AND 4956349 ORDER BY c
	Sort  (cost=4047.31..4049.89 rows=1033 width=121)
	  Sort Key: c
	  ->  Bitmap Heap Scan on sbtest1  (cost=31.02..3995.59 rows=1033 width=121)
	        Recheck Cond: ((id >= 4955350) AND (id <= 4956349))
	        ->  Bitmap Index Scan on sbtest1_pkey  (cost=0.00..30.76 rows=1033 width=0)
	              Index Cond: ((id >= 4955350) AND (id <= 4956349))

table 2 : explain SELECT c FROM sbtest2 WHERE id BETWEEN 6507802 AND 6508801 ORDER BY c
	Sort  (cost=3738.63..3741.01 rows=952 width=121)
	  Sort Key: c
	  ->  Bitmap Heap Scan on sbtest2  (cost=30.19..3691.53 rows=952 width=121)
	        Recheck Cond: ((id >= 6507802) AND (id <= 6508801))
	        ->  Bitmap Index Scan on sbtest2_pkey  (cost=0.00..29.95 rows=952 width=0)
	              Index Cond: ((id >= 6507802) AND (id <= 6508801))

table 3 : explain SELECT c FROM sbtest3 WHERE id BETWEEN 3886064 AND 3887063 ORDER BY c
	Sort  (cost=3877.14..3879.61 rows=988 width=121)
	  Sort Key: c
	  ->  Bitmap Heap Scan on sbtest3  (cost=30.56..3828.00 rows=988 width=121)
	        Recheck Cond: ((id >= 3886064) AND (id <= 3887063))
	        ->  Bitmap Index Scan on sbtest3_pkey  (cost=0.00..30.32 rows=988 width=0)
	              Index Cond: ((id >= 3886064) AND (id <= 3887063))

table 4 : explain SELECT c FROM sbtest4 WHERE id BETWEEN 9601023 AND 9602022 ORDER BY c
	Sort  (cost=3953.67..3956.19 rows=1008 width=121)
	  Sort Key: c
	  ->  Bitmap Heap Scan on sbtest4  (cost=30.77..3903.39 rows=1008 width=121)
	        Recheck Cond: ((id >= 9601023) AND (id <= 9602022))
	        ->  Bitmap Index Scan on sbtest4_pkey  (cost=0.00..30.51 rows=1008 width=0)
	              Index Cond: ((id >= 9601023) AND (id <= 9602022))

table 5 : explain SELECT c FROM sbtest5 WHERE id BETWEEN 50307 AND 51306 ORDER BY c
	Sort  (cost=3708.96..3711.32 rows=943 width=121)
	  Sort Key: c
	  ->  Bitmap Heap Scan on sbtest5  (cost=30.10..3662.37 rows=943 width=121)
	        Recheck Cond: ((id >= 50307) AND (id <= 51306))
	        ->  Bitmap Index Scan on sbtest5_pkey  (cost=0.00..29.86 rows=943 width=0)
	              Index Cond: ((id >= 50307) AND (id <= 51306))

table 6 : explain SELECT c FROM sbtest6 WHERE id BETWEEN 8697584 AND 8698583 ORDER BY c
	Sort  (cost=4189.15..4191.82 rows=1069 width=121)
	  Sort Key: c
	  ->  Bitmap Heap Scan on sbtest6  (cost=31.39..4135.37 rows=1069 width=121)
	        Recheck Cond: ((id >= 8697584) AND (id <= 8698583))
	        ->  Bitmap Index Scan on sbtest6_pkey  (cost=0.00..31.12 rows=1069 width=0)
	              Index Cond: ((id >= 8697584) AND (id <= 8698583))

table 7 : explain SELECT c FROM sbtest7 WHERE id BETWEEN 1267585 AND 1268584 ORDER BY c
	Sort  (cost=3993.10..3995.64 rows=1017 width=121)
	  Sort Key: c
	  ->  Bitmap Heap Scan on sbtest7  (cost=30.86..3942.30 rows=1017 width=121)
	        Recheck Cond: ((id >= 1267585) AND (id <= 1268584))
	        ->  Bitmap Index Scan on sbtest7_pkey  (cost=0.00..30.61 rows=1017 width=0)
	              Index Cond: ((id >= 1267585) AND (id <= 1268584))

table 8 : explain SELECT c FROM sbtest8 WHERE id BETWEEN 1512352 AND 1513351 ORDER BY c
	Sort  (cost=3787.31..3789.72 rows=964 width=121)
	  Sort Key: c
	  ->  Bitmap Heap Scan on sbtest8  (cost=30.32..3739.53 rows=964 width=121)
	        Recheck Cond: ((id >= 1512352) AND (id <= 1513351))
	        ->  Bitmap Index Scan on sbtest8_pkey  (cost=0.00..30.07 rows=964 width=0)
	              Index Cond: ((id >= 1512352) AND (id <= 1513351))

for: sum_ranges
table 1 : explain SELECT SUM(k) FROM sbtest1 WHERE id BETWEEN 3096131 AND 3097130
	Aggregate  (cost=3786.99..3787.00 rows=1 width=8)
	  ->  Bitmap Heap Scan on sbtest1  (cost=30.45..3784.54 rows=977 width=4)
	        Recheck Cond: ((id >= 3096131) AND (id <= 3097130))
	        ->  Bitmap Index Scan on sbtest1_pkey  (cost=0.00..30.20 rows=977 width=0)
	              Index Cond: ((id >= 3096131) AND (id <= 3097130))

table 2 : explain SELECT SUM(k) FROM sbtest2 WHERE id BETWEEN 7054474 AND 7055473
	Aggregate  (cost=3818.59..3818.60 rows=1 width=8)
	  ->  Bitmap Heap Scan on sbtest2  (cost=30.53..3816.13 rows=985 width=4)
	        Recheck Cond: ((id >= 7054474) AND (id <= 7055473))
	        ->  Bitmap Index Scan on sbtest2_pkey  (cost=0.00..30.29 rows=985 width=0)
	              Index Cond: ((id >= 7054474) AND (id <= 7055473))

table 3 : explain SELECT SUM(k) FROM sbtest3 WHERE id BETWEEN 7678618 AND 7679617
	Aggregate  (cost=4324.11..4324.12 rows=1 width=8)
	  ->  Bitmap Heap Scan on sbtest3  (cost=31.90..4321.31 rows=1119 width=4)
	        Recheck Cond: ((id >= 7678618) AND (id <= 7679617))
	        ->  Bitmap Index Scan on sbtest3_pkey  (cost=0.00..31.62 rows=1119 width=0)
	              Index Cond: ((id >= 7678618) AND (id <= 7679617))

table 4 : explain SELECT SUM(k) FROM sbtest4 WHERE id BETWEEN 5562032 AND 5563031
	Aggregate  (cost=3947.41..3947.42 rows=1 width=8)
	  ->  Bitmap Heap Scan on sbtest4  (cost=30.88..3944.87 rows=1019 width=4)
	        Recheck Cond: ((id >= 5562032) AND (id <= 5563031))
	        ->  Bitmap Index Scan on sbtest4_pkey  (cost=0.00..30.62 rows=1019 width=0)
	              Index Cond: ((id >= 5562032) AND (id <= 5563031))

table 5 : explain SELECT SUM(k) FROM sbtest5 WHERE id BETWEEN 3063242 AND 3064241
	Aggregate  (cost=3641.99..3642.00 rows=1 width=8)
	  ->  Bitmap Heap Scan on sbtest5  (cost=30.04..3639.65 rows=937 width=4)
	        Recheck Cond: ((id >= 3063242) AND (id <= 3064241))
	        ->  Bitmap Index Scan on sbtest5_pkey  (cost=0.00..29.80 rows=937 width=0)
	              Index Cond: ((id >= 3063242) AND (id <= 3064241))

table 6 : explain SELECT SUM(k) FROM sbtest6 WHERE id BETWEEN 6460218 AND 6461217
	Aggregate  (cost=3631.85..3631.86 rows=1 width=8)
	  ->  Bitmap Heap Scan on sbtest6  (cost=30.02..3629.51 rows=935 width=4)
	        Recheck Cond: ((id >= 6460218) AND (id <= 6461217))
	        ->  Bitmap Index Scan on sbtest6_pkey  (cost=0.00..29.79 rows=935 width=0)
	              Index Cond: ((id >= 6460218) AND (id <= 6461217))

table 7 : explain SELECT SUM(k) FROM sbtest7 WHERE id BETWEEN 9452478 AND 9453477
	Aggregate  (cost=3918.38..3918.39 rows=1 width=8)
	  ->  Bitmap Heap Scan on sbtest7  (cost=30.79..3915.85 rows=1010 width=4)
	        Recheck Cond: ((id >= 9452478) AND (id <= 9453477))
	        ->  Bitmap Index Scan on sbtest7_pkey  (cost=0.00..30.54 rows=1010 width=0)
	              Index Cond: ((id >= 9452478) AND (id <= 9453477))

table 8 : explain SELECT SUM(k) FROM sbtest8 WHERE id BETWEEN 9738956 AND 9739955
	Aggregate  (cost=4096.97..4096.98 rows=1 width=8)
	  ->  Bitmap Heap Scan on sbtest8  (cost=31.28..4094.33 rows=1058 width=4)
	        Recheck Cond: ((id >= 9738956) AND (id <= 9739955))
	        ->  Bitmap Index Scan on sbtest8_pkey  (cost=0.00..31.01 rows=1058 width=0)
	              Index Cond: ((id >= 9738956) AND (id <= 9739955))

for: sum_ranges
table 1 : explain SELECT SUM(k) FROM sbtest1 WHERE id BETWEEN 6966900 AND 6967899
	Aggregate  (cost=3956.72..3956.73 rows=1 width=8)
	  ->  Bitmap Heap Scan on sbtest1  (cost=30.91..3954.17 rows=1022 width=4)
	        Recheck Cond: ((id >= 6966900) AND (id <= 6967899))
	        ->  Bitmap Index Scan on sbtest1_pkey  (cost=0.00..30.65 rows=1022 width=0)
	              Index Cond: ((id >= 6966900) AND (id <= 6967899))

table 2 : explain SELECT SUM(k) FROM sbtest2 WHERE id BETWEEN 83671 AND 84670
	Aggregate  (cost=4011.00..4011.01 rows=1 width=8)
	  ->  Bitmap Heap Scan on sbtest2  (cost=31.05..4008.41 rows=1036 width=4)
	        Recheck Cond: ((id >= 83671) AND (id <= 84670))
	        ->  Bitmap Index Scan on sbtest2_pkey  (cost=0.00..30.79 rows=1036 width=0)
	              Index Cond: ((id >= 83671) AND (id <= 84670))

table 3 : explain SELECT SUM(k) FROM sbtest3 WHERE id BETWEEN 6721510 AND 6722509
	Aggregate  (cost=4286.50..4286.51 rows=1 width=8)
	  ->  Bitmap Heap Scan on sbtest3  (cost=31.80..4283.73 rows=1109 width=4)
	        Recheck Cond: ((id >= 6721510) AND (id <= 6722509))
	        ->  Bitmap Index Scan on sbtest3_pkey  (cost=0.00..31.52 rows=1109 width=0)
	              Index Cond: ((id >= 6721510) AND (id <= 6722509))

table 4 : explain SELECT SUM(k) FROM sbtest4 WHERE id BETWEEN 6474619 AND 6475618
	Aggregate  (cost=3834.18..3834.19 rows=1 width=8)
	  ->  Bitmap Heap Scan on sbtest4  (cost=30.57..3831.71 rows=989 width=4)
	        Recheck Cond: ((id >= 6474619) AND (id <= 6475618))
	        ->  Bitmap Index Scan on sbtest4_pkey  (cost=0.00..30.32 rows=989 width=0)
	              Index Cond: ((id >= 6474619) AND (id <= 6475618))

table 5 : explain SELECT SUM(k) FROM sbtest5 WHERE id BETWEEN 6080108 AND 6081107
	Aggregate  (cost=4201.54..4201.55 rows=1 width=8)
	  ->  Bitmap Heap Scan on sbtest5  (cost=31.56..4198.82 rows=1085 width=4)
	        Recheck Cond: ((id >= 6080108) AND (id <= 6081107))
	        ->  Bitmap Index Scan on sbtest5_pkey  (cost=0.00..31.29 rows=1085 width=0)
	              Index Cond: ((id >= 6080108) AND (id <= 6081107))

table 6 : explain SELECT SUM(k) FROM sbtest6 WHERE id BETWEEN 4538108 AND 4539107
	Aggregate  (cost=3877.67..3877.68 rows=1 width=8)
	  ->  Bitmap Heap Scan on sbtest6  (cost=30.68..3875.17 rows=1000 width=4)
	        Recheck Cond: ((id >= 4538108) AND (id <= 4539107))
	        ->  Bitmap Index Scan on sbtest6_pkey  (cost=0.00..30.43 rows=1000 width=0)
	              Index Cond: ((id >= 4538108) AND (id <= 4539107))

table 7 : explain SELECT SUM(k) FROM sbtest7 WHERE id BETWEEN 4456870 AND 4457869
	Aggregate  (cost=3679.94..3679.95 rows=1 width=8)
	  ->  Bitmap Heap Scan on sbtest7  (cost=30.14..3677.57 rows=947 width=4)
	        Recheck Cond: ((id >= 4456870) AND (id <= 4457869))
	        ->  Bitmap Index Scan on sbtest7_pkey  (cost=0.00..29.90 rows=947 width=0)
	              Index Cond: ((id >= 4456870) AND (id <= 4457869))

table 8 : explain SELECT SUM(k) FROM sbtest8 WHERE id BETWEEN 2508214 AND 2509213
	Aggregate  (cost=4202.52..4202.53 rows=1 width=8)
	  ->  Bitmap Heap Scan on sbtest8  (cost=31.57..4199.80 rows=1086 width=4)
	        Recheck Cond: ((id >= 2508214) AND (id <= 2509213))
	        ->  Bitmap Index Scan on sbtest8_pkey  (cost=0.00..31.29 rows=1086 width=0)
	              Index Cond: ((id >= 2508214) AND (id <= 2509213))

for: distinct_ranges
table 1 : explain SELECT DISTINCT c FROM sbtest1 WHERE id BETWEEN 7058038 AND 7059037 ORDER BY c
	Unique  (cost=4253.55..4258.98 rows=1087 width=121)
	  ->  Sort  (cost=4253.55..4256.27 rows=1087 width=121)
	        Sort Key: c
	        ->  Bitmap Heap Scan on sbtest1  (cost=31.58..4198.73 rows=1087 width=121)
	              Recheck Cond: ((id >= 7058038) AND (id <= 7059037))
	              ->  Bitmap Index Scan on sbtest1_pkey  (cost=0.00..31.30 rows=1087 width=0)
	                    Index Cond: ((id >= 7058038) AND (id <= 7059037))

table 2 : explain SELECT DISTINCT c FROM sbtest2 WHERE id BETWEEN 7080310 AND 7081309 ORDER BY c
	Unique  (cost=3865.10..3870.03 rows=985 width=121)
	  ->  Sort  (cost=3865.10..3867.56 rows=985 width=121)
	        Sort Key: c
	        ->  Bitmap Heap Scan on sbtest2  (cost=30.53..3816.13 rows=985 width=121)
	              Recheck Cond: ((id >= 7080310) AND (id <= 7081309))
	              ->  Bitmap Index Scan on sbtest2_pkey  (cost=0.00..30.29 rows=985 width=0)
	                    Index Cond: ((id >= 7080310) AND (id <= 7081309))

table 3 : explain SELECT DISTINCT c FROM sbtest3 WHERE id BETWEEN 491388 AND 492387 ORDER BY c
	Unique  (cost=4068.54..4073.73 rows=1038 width=121)
	  ->  Sort  (cost=4068.54..4071.13 rows=1038 width=121)
	        Sort Key: c
	        ->  Bitmap Heap Scan on sbtest3  (cost=31.07..4016.53 rows=1038 width=121)
	              Recheck Cond: ((id >= 491388) AND (id <= 492387))
	              ->  Bitmap Index Scan on sbtest3_pkey  (cost=0.00..30.82 rows=1038 width=0)
	                    Index Cond: ((id >= 491388) AND (id <= 492387))

table 4 : explain SELECT DISTINCT c FROM sbtest4 WHERE id BETWEEN 9630685 AND 9631684 ORDER BY c
	Unique  (cost=3953.67..3958.71 rows=1008 width=121)
	  ->  Sort  (cost=3953.67..3956.19 rows=1008 width=121)
	        Sort Key: c
	        ->  Bitmap Heap Scan on sbtest4  (cost=30.77..3903.39 rows=1008 width=121)
	              Recheck Cond: ((id >= 9630685) AND (id <= 9631684))
	              ->  Bitmap Index Scan on sbtest4_pkey  (cost=0.00..30.51 rows=1008 width=0)
	                    Index Cond: ((id >= 9630685) AND (id <= 9631684))

table 5 : explain SELECT DISTINCT c FROM sbtest5 WHERE id BETWEEN 3815659 AND 3816658 ORDER BY c
	Unique  (cost=4207.60..4212.96 rows=1073 width=121)
	  ->  Sort  (cost=4207.60..4210.28 rows=1073 width=121)
	        Sort Key: c
	        ->  Bitmap Heap Scan on sbtest5  (cost=31.43..4153.58 rows=1073 width=121)
	              Recheck Cond: ((id >= 3815659) AND (id <= 3816658))
	              ->  Bitmap Index Scan on sbtest5_pkey  (cost=0.00..31.16 rows=1073 width=0)
	                    Index Cond: ((id >= 3815659) AND (id <= 3816658))

table 6 : explain SELECT DISTINCT c FROM sbtest6 WHERE id BETWEEN 1533619 AND 1534618 ORDER BY c
	Unique  (cost=4013.11..4018.22 rows=1023 width=121)
	  ->  Sort  (cost=4013.11..4015.67 rows=1023 width=121)
	        Sort Key: c
	        ->  Bitmap Heap Scan on sbtest6  (cost=30.92..3961.97 rows=1023 width=121)
	              Recheck Cond: ((id >= 1533619) AND (id <= 1534618))
	              ->  Bitmap Index Scan on sbtest6_pkey  (cost=0.00..30.66 rows=1023 width=0)
	                    Index Cond: ((id >= 1533619) AND (id <= 1534618))

table 7 : explain SELECT DISTINCT c FROM sbtest7 WHERE id BETWEEN 4584122 AND 4585121 ORDER BY c
	Unique  (cost=4337.76..4343.29 rows=1107 width=121)
	  ->  Sort  (cost=4337.76..4340.52 rows=1107 width=121)
	        Sort Key: c
	        ->  Bitmap Heap Scan on sbtest7  (cost=31.78..4281.78 rows=1107 width=121)
	              Recheck Cond: ((id >= 4584122) AND (id <= 4585121))
	              ->  Bitmap Index Scan on sbtest7_pkey  (cost=0.00..31.50 rows=1107 width=0)
	                    Index Cond: ((id >= 4584122) AND (id <= 4585121))

table 8 : explain SELECT DISTINCT c FROM sbtest8 WHERE id BETWEEN 8966679 AND 8967678 ORDER BY c
	Unique  (cost=3887.03..3891.98 rows=990 width=121)
	  ->  Sort  (cost=3887.03..3889.51 rows=990 width=121)
	        Sort Key: c
	        ->  Bitmap Heap Scan on sbtest8  (cost=30.58..3837.77 rows=990 width=121)
	              Recheck Cond: ((id >= 8966679) AND (id <= 8967678))
	              ->  Bitmap Index Scan on sbtest8_pkey  (cost=0.00..30.33 rows=990 width=0)
	                    Index Cond: ((id >= 8966679) AND (id <= 8967678))

for: distinct_ranges
table 1 : explain SELECT DISTINCT c FROM sbtest1 WHERE id BETWEEN 9852699 AND 9853698 ORDER BY c
	Unique  (cost=3836.89..3841.78 rows=978 width=121)
	  ->  Sort  (cost=3836.89..3839.34 rows=978 width=121)
	        Sort Key: c
	        ->  Bitmap Heap Scan on sbtest1  (cost=30.46..3788.32 rows=978 width=121)
	              Recheck Cond: ((id >= 9852699) AND (id <= 9853698))
	              ->  Bitmap Index Scan on sbtest1_pkey  (cost=0.00..30.21 rows=978 width=0)
	                    Index Cond: ((id >= 9852699) AND (id <= 9853698))

table 2 : explain SELECT DISTINCT c FROM sbtest2 WHERE id BETWEEN 4166372 AND 4167371 ORDER BY c
	Unique  (cost=3677.27..3681.95 rows=936 width=121)
	  ->  Sort  (cost=3677.27..3679.61 rows=936 width=121)
	        Sort Key: c
	        ->  Bitmap Heap Scan on sbtest2  (cost=30.03..3631.07 rows=936 width=121)
	              Recheck Cond: ((id >= 4166372) AND (id <= 4167371))
	              ->  Bitmap Index Scan on sbtest2_pkey  (cost=0.00..29.79 rows=936 width=0)
	                    Index Cond: ((id >= 4166372) AND (id <= 4167371))

table 3 : explain SELECT DISTINCT c FROM sbtest3 WHERE id BETWEEN 7989981 AND 7990980 ORDER BY c
	Unique  (cost=4106.78..4112.02 rows=1048 width=121)
	  ->  Sort  (cost=4106.78..4109.40 rows=1048 width=121)
	        Sort Key: c
	        ->  Bitmap Heap Scan on sbtest3  (cost=31.18..4054.20 rows=1048 width=121)
	              Recheck Cond: ((id >= 7989981) AND (id <= 7990980))
	              ->  Bitmap Index Scan on sbtest3_pkey  (cost=0.00..30.91 rows=1048 width=0)
	                    Index Cond: ((id >= 7989981) AND (id <= 7990980))

table 4 : explain SELECT DISTINCT c FROM sbtest4 WHERE id BETWEEN 7575028 AND 7576027 ORDER BY c
	Unique  (cost=4160.24..4165.55 rows=1062 width=121)
	  ->  Sort  (cost=4160.24..4162.89 rows=1062 width=121)
	        Sort Key: c
	        ->  Bitmap Heap Scan on sbtest4  (cost=31.32..4106.86 rows=1062 width=121)
	              Recheck Cond: ((id >= 7575028) AND (id <= 7576027))
	              ->  Bitmap Index Scan on sbtest4_pkey  (cost=0.00..31.05 rows=1062 width=0)
	                    Index Cond: ((id >= 7575028) AND (id <= 7576027))

table 5 : explain SELECT DISTINCT c FROM sbtest5 WHERE id BETWEEN 6483961 AND 6484960 ORDER BY c
	Unique  (cost=4085.03..4090.24 rows=1041 width=121)
	  ->  Sort  (cost=4085.03..4087.64 rows=1041 width=121)
	        Sort Key: c
	        ->  Bitmap Heap Scan on sbtest5  (cost=31.11..4032.86 rows=1041 width=121)
	              Recheck Cond: ((id >= 6483961) AND (id <= 6484960))
	              ->  Bitmap Index Scan on sbtest5_pkey  (cost=0.00..30.84 rows=1041 width=0)
	                    Index Cond: ((id >= 6483961) AND (id <= 6484960))

table 6 : explain SELECT DISTINCT c FROM sbtest6 WHERE id BETWEEN 3215520 AND 3216519 ORDER BY c
	Unique  (cost=4074.37..4079.56 rows=1039 width=121)
	  ->  Sort  (cost=4074.37..4076.97 rows=1039 width=121)
	        Sort Key: c
	        ->  Bitmap Heap Scan on sbtest6  (cost=31.08..4022.31 rows=1039 width=121)
	              Recheck Cond: ((id >= 3215520) AND (id <= 3216519))
	              ->  Bitmap Index Scan on sbtest6_pkey  (cost=0.00..30.82 rows=1039 width=0)
	                    Index Cond: ((id >= 3215520) AND (id <= 3216519))

table 7 : explain SELECT DISTINCT c FROM sbtest7 WHERE id BETWEEN 6142607 AND 6143606 ORDER BY c
	Unique  (cost=3981.59..3986.66 rows=1014 width=121)
	  ->  Sort  (cost=3981.59..3984.13 rows=1014 width=121)
	        Sort Key: c
	        ->  Bitmap Heap Scan on sbtest7  (cost=30.83..3930.96 rows=1014 width=121)
	              Recheck Cond: ((id >= 6142607) AND (id <= 6143606))
	              ->  Bitmap Index Scan on sbtest7_pkey  (cost=0.00..30.57 rows=1014 width=0)
	                    Index Cond: ((id >= 6142607) AND (id <= 6143606))

table 8 : explain SELECT DISTINCT c FROM sbtest8 WHERE id BETWEEN 4109796 AND 4110795 ORDER BY c
	Unique  (cost=3733.58..3738.33 rows=950 width=121)
	  ->  Sort  (cost=3733.58..3735.95 rows=950 width=121)
	        Sort Key: c
	        ->  Bitmap Heap Scan on sbtest8  (cost=30.17..3686.59 rows=950 width=121)
	              Recheck Cond: ((id >= 4109796) AND (id <= 4110795))
	              ->  Bitmap Index Scan on sbtest8_pkey  (cost=0.00..29.93 rows=950 width=0)
	                    Index Cond: ((id >= 4109796) AND (id <= 4110795))

for: distinct_ranges
table 1 : explain SELECT DISTINCT c FROM sbtest1 WHERE id BETWEEN 3144610 AND 3145609 ORDER BY c
	Unique  (cost=4169.57..4174.89 rows=1065 width=121)
	  ->  Sort  (cost=4169.57..4172.23 rows=1065 width=121)
	        Sort Key: c
	        ->  Bitmap Heap Scan on sbtest1  (cost=31.35..4116.01 rows=1065 width=121)
	              Recheck Cond: ((id >= 3144610) AND (id <= 3145609))
	              ->  Bitmap Index Scan on sbtest1_pkey  (cost=0.00..31.08 rows=1065 width=0)
	                    Index Cond: ((id >= 3144610) AND (id <= 3145609))

table 2 : explain SELECT DISTINCT c FROM sbtest2 WHERE id BETWEEN 4733857 AND 4734856 ORDER BY c
	Unique  (cost=3730.96..3735.71 rows=950 width=121)
	  ->  Sort  (cost=3730.96..3733.34 rows=950 width=121)
	        Sort Key: c
	        ->  Bitmap Heap Scan on sbtest2  (cost=30.17..3683.98 rows=950 width=121)
	              Recheck Cond: ((id >= 4733857) AND (id <= 4734856))
	              ->  Bitmap Index Scan on sbtest2_pkey  (cost=0.00..29.93 rows=950 width=0)
	                    Index Cond: ((id >= 4733857) AND (id <= 4734856))

table 3 : explain SELECT DISTINCT c FROM sbtest3 WHERE id BETWEEN 7846158 AND 7847157 ORDER BY c
	Unique  (cost=3930.76..3935.77 rows=1002 width=121)
	  ->  Sort  (cost=3930.76..3933.27 rows=1002 width=121)
	        Sort Key: c
	        ->  Bitmap Heap Scan on sbtest3  (cost=30.71..3880.82 rows=1002 width=121)
	              Recheck Cond: ((id >= 7846158) AND (id <= 7847157))
	              ->  Bitmap Index Scan on sbtest3_pkey  (cost=0.00..30.45 rows=1002 width=0)
	                    Index Cond: ((id >= 7846158) AND (id <= 7847157))

table 4 : explain SELECT DISTINCT c FROM sbtest4 WHERE id BETWEEN 5196937 AND 5197936 ORDER BY c
	Unique  (cost=3946.02..3951.05 rows=1006 width=121)
	  ->  Sort  (cost=3946.02..3948.53 rows=1006 width=121)
	        Sort Key: c
	        ->  Bitmap Heap Scan on sbtest4  (cost=30.75..3895.85 rows=1006 width=121)
	              Recheck Cond: ((id >= 5196937) AND (id <= 5197936))
	              ->  Bitmap Index Scan on sbtest4_pkey  (cost=0.00..30.50 rows=1006 width=0)
	                    Index Cond: ((id >= 5196937) AND (id <= 5197936))

table 5 : explain SELECT DISTINCT c FROM sbtest5 WHERE id BETWEEN 5076685 AND 5077684 ORDER BY c
	Unique  (cost=3481.85..3486.28 rows=885 width=121)
	  ->  Sort  (cost=3481.85..3484.07 rows=885 width=121)
	        Sort Key: c
	        ->  Bitmap Heap Scan on sbtest5  (cost=25.51..3438.53 rows=885 width=121)
	              Recheck Cond: ((id >= 5076685) AND (id <= 5077684))
	              ->  Bitmap Index Scan on sbtest5_pkey  (cost=0.00..25.29 rows=885 width=0)
	                    Index Cond: ((id >= 5076685) AND (id <= 5077684))

table 6 : explain SELECT DISTINCT c FROM sbtest6 WHERE id BETWEEN 2549408 AND 2550407 ORDER BY c
	Unique  (cost=4452.94..4458.62 rows=1137 width=121)
	  ->  Sort  (cost=4452.94..4455.78 rows=1137 width=121)
	        Sort Key: c
	        ->  Bitmap Heap Scan on sbtest6  (cost=36.09..4395.23 rows=1137 width=121)
	              Recheck Cond: ((id >= 2549408) AND (id <= 2550407))
	              ->  Bitmap Index Scan on sbtest6_pkey  (cost=0.00..35.81 rows=1137 width=0)
	                    Index Cond: ((id >= 2549408) AND (id <= 2550407))

table 7 : explain SELECT DISTINCT c FROM sbtest7 WHERE id BETWEEN 139267 AND 140266 ORDER BY c
	Unique  (cost=4096.59..4101.81 rows=1044 width=121)
	  ->  Sort  (cost=4096.59..4099.20 rows=1044 width=121)
	        Sort Key: c
	        ->  Bitmap Heap Scan on sbtest7  (cost=31.14..4044.24 rows=1044 width=121)
	              Recheck Cond: ((id >= 139267) AND (id <= 140266))
	              ->  Bitmap Index Scan on sbtest7_pkey  (cost=0.00..30.87 rows=1044 width=0)
	                    Index Cond: ((id >= 139267) AND (id <= 140266))

table 8 : explain SELECT DISTINCT c FROM sbtest8 WHERE id BETWEEN 8103288 AND 8104287 ORDER BY c
	Unique  (cost=3956.03..3961.07 rows=1008 width=121)
	  ->  Sort  (cost=3956.03..3958.55 rows=1008 width=121)
	        Sort Key: c
	        ->  Bitmap Heap Scan on sbtest8  (cost=30.77..3905.74 rows=1008 width=121)
	              Recheck Cond: ((id >= 8103288) AND (id <= 8104287))
	              ->  Bitmap Index Scan on sbtest8_pkey  (cost=0.00..30.51 rows=1008 width=0)
	                    Index Cond: ((id >= 8103288) AND (id <= 8104287))

for: distinct_ranges
table 1 : explain SELECT DISTINCT c FROM sbtest1 WHERE id BETWEEN 3106559 AND 3107558 ORDER BY c
	Unique  (cost=4169.57..4174.89 rows=1065 width=121)
	  ->  Sort  (cost=4169.57..4172.23 rows=1065 width=121)
	        Sort Key: c
	        ->  Bitmap Heap Scan on sbtest1  (cost=31.35..4116.01 rows=1065 width=121)
	              Recheck Cond: ((id >= 3106559) AND (id <= 3107558))
	              ->  Bitmap Index Scan on sbtest1_pkey  (cost=0.00..31.08 rows=1065 width=0)
	                    Index Cond: ((id >= 3106559) AND (id <= 3107558))

table 2 : explain SELECT DISTINCT c FROM sbtest2 WHERE id BETWEEN 627366 AND 628365 ORDER BY c
	Unique  (cost=4014.40..4019.52 rows=1024 width=121)
	  ->  Sort  (cost=4014.40..4016.96 rows=1024 width=121)
	        Sort Key: c
	        ->  Bitmap Heap Scan on sbtest2  (cost=30.93..3963.20 rows=1024 width=121)
	              Recheck Cond: ((id >= 627366) AND (id <= 628365))
	              ->  Bitmap Index Scan on sbtest2_pkey  (cost=0.00..30.68 rows=1024 width=0)
	                    Index Cond: ((id >= 627366) AND (id <= 628365))

table 3 : explain SELECT DISTINCT c FROM sbtest3 WHERE id BETWEEN 4707985 AND 4708984 ORDER BY c
	Unique  (cost=3846.49..3851.39 rows=980 width=121)
	  ->  Sort  (cost=3846.49..3848.94 rows=980 width=121)
	        Sort Key: c
	        ->  Bitmap Heap Scan on sbtest3  (cost=30.48..3797.80 rows=980 width=121)
	              Recheck Cond: ((id >= 4707985) AND (id <= 4708984))
	              ->  Bitmap Index Scan on sbtest3_pkey  (cost=0.00..30.23 rows=980 width=0)
	                    Index Cond: ((id >= 4707985) AND (id <= 4708984))

table 4 : explain SELECT DISTINCT c FROM sbtest4 WHERE id BETWEEN 1931535 AND 1932534 ORDER BY c
	Unique  (cost=3988.13..3993.21 rows=1017 width=121)
	  ->  Sort  (cost=3988.13..3990.67 rows=1017 width=121)
	        Sort Key: c
	        ->  Bitmap Heap Scan on sbtest4  (cost=30.86..3937.33 rows=1017 width=121)
	              Recheck Cond: ((id >= 1931535) AND (id <= 1932534))
	              ->  Bitmap Index Scan on sbtest4_pkey  (cost=0.00..30.61 rows=1017 width=0)
	                    Index Cond: ((id >= 1931535) AND (id <= 1932534))

table 5 : explain SELECT DISTINCT c FROM sbtest5 WHERE id BETWEEN 818953 AND 819952 ORDER BY c
	Unique  (cost=3566.68..3571.21 rows=906 width=121)
	  ->  Sort  (cost=3566.68..3568.95 rows=906 width=121)
	        Sort Key: c
	        ->  Bitmap Heap Scan on sbtest5  (cost=29.72..3522.18 rows=906 width=121)
	              Recheck Cond: ((id >= 818953) AND (id <= 819952))
	              ->  Bitmap Index Scan on sbtest5_pkey  (cost=0.00..29.50 rows=906 width=0)
	                    Index Cond: ((id >= 818953) AND (id <= 819952))

table 6 : explain SELECT DISTINCT c FROM sbtest6 WHERE id BETWEEN 6996911 AND 6997910 ORDER BY c
	Unique  (cost=3702.53..3707.24 rows=942 width=121)
	  ->  Sort  (cost=3702.53..3704.88 rows=942 width=121)
	        Sort Key: c
	        ->  Bitmap Heap Scan on sbtest6  (cost=30.09..3655.99 rows=942 width=121)
	              Recheck Cond: ((id >= 6996911) AND (id <= 6997910))
	              ->  Bitmap Index Scan on sbtest6_pkey  (cost=0.00..29.86 rows=942 width=0)
	                    Index Cond: ((id >= 6996911) AND (id <= 6997910))

table 7 : explain SELECT DISTINCT c FROM sbtest7 WHERE id BETWEEN 8412221 AND 8413220 ORDER BY c
	Unique  (cost=3697.48..3702.18 rows=940 width=121)
	  ->  Sort  (cost=3697.48..3699.83 rows=940 width=121)
	        Sort Key: c
	        ->  Bitmap Heap Scan on sbtest7  (cost=30.07..3651.06 rows=940 width=121)
	              Recheck Cond: ((id >= 8412221) AND (id <= 8413220))
	              ->  Bitmap Index Scan on sbtest7_pkey  (cost=0.00..29.83 rows=940 width=0)
	                    Index Cond: ((id >= 8412221) AND (id <= 8413220))

table 8 : explain SELECT DISTINCT c FROM sbtest8 WHERE id BETWEEN 1031959 AND 1032958 ORDER BY c
	Unique  (cost=3729.74..3734.48 rows=949 width=121)
	  ->  Sort  (cost=3729.74..3732.11 rows=949 width=121)
	        Sort Key: c
	        ->  Bitmap Heap Scan on sbtest8  (cost=30.16..3682.81 rows=949 width=121)
	              Recheck Cond: ((id >= 1031959) AND (id <= 1032958))
	              ->  Bitmap Index Scan on sbtest8_pkey  (cost=0.00..29.93 rows=949 width=0)
	                    Index Cond: ((id >= 1031959) AND (id <= 1032958))

for: order_ranges
table 1 : explain SELECT c FROM sbtest1 WHERE id BETWEEN 360334 AND 361333 ORDER BY c
	Sort  (cost=4062.60..4065.19 rows=1037 width=121)
	  Sort Key: c
	  ->  Bitmap Heap Scan on sbtest1  (cost=31.06..4010.65 rows=1037 width=121)
	        Recheck Cond: ((id >= 360334) AND (id <= 361333))
	        ->  Bitmap Index Scan on sbtest1_pkey  (cost=0.00..30.80 rows=1037 width=0)
	              Index Cond: ((id >= 360334) AND (id <= 361333))

table 2 : explain SELECT c FROM sbtest2 WHERE id BETWEEN 1593355 AND 1594354 ORDER BY c
	Sort  (cost=3857.44..3859.90 rows=983 width=121)
	  Sort Key: c
	  ->  Bitmap Heap Scan on sbtest2  (cost=30.51..3808.58 rows=983 width=121)
	        Recheck Cond: ((id >= 1593355) AND (id <= 1594354))
	        ->  Bitmap Index Scan on sbtest2_pkey  (cost=0.00..30.26 rows=983 width=0)
	              Index Cond: ((id >= 1593355) AND (id <= 1594354))

table 3 : explain SELECT c FROM sbtest3 WHERE id BETWEEN 363122 AND 364121 ORDER BY c
	Sort  (cost=3900.13..3902.61 rows=994 width=121)
	  Sort Key: c
	  ->  Bitmap Heap Scan on sbtest3  (cost=30.62..3850.64 rows=994 width=121)
	        Recheck Cond: ((id >= 363122) AND (id <= 364121))
	        ->  Bitmap Index Scan on sbtest3_pkey  (cost=0.00..30.37 rows=994 width=0)
	              Index Cond: ((id >= 363122) AND (id <= 364121))

table 4 : explain SELECT c FROM sbtest4 WHERE id BETWEEN 4024462 AND 4025461 ORDER BY c
	Sort  (cost=3773.61..3776.01 rows=961 width=121)
	  Sort Key: c
	  ->  Bitmap Heap Scan on sbtest4  (cost=30.29..3726.00 rows=961 width=121)
	        Recheck Cond: ((id >= 4024462) AND (id <= 4025461))
	        ->  Bitmap Index Scan on sbtest4_pkey  (cost=0.00..30.04 rows=961 width=0)
	              Index Cond: ((id >= 4024462) AND (id <= 4025461))

table 5 : explain SELECT c FROM sbtest5 WHERE id BETWEEN 9794818 AND 9795817 ORDER BY c
	Sort  (cost=3793.48..3795.90 rows=965 width=121)
	  Sort Key: c
	  ->  Bitmap Heap Scan on sbtest5  (cost=30.33..3745.65 rows=965 width=121)
	        Recheck Cond: ((id >= 9794818) AND (id <= 9795817))
	        ->  Bitmap Index Scan on sbtest5_pkey  (cost=0.00..30.08 rows=965 width=0)
	              Index Cond: ((id >= 9794818) AND (id <= 9795817))

table 6 : explain SELECT c FROM sbtest6 WHERE id BETWEEN 9955129 AND 9956128 ORDER BY c
	Sort  (cost=3825.32..3827.75 rows=974 width=121)
	  Sort Key: c
	  ->  Bitmap Heap Scan on sbtest6  (cost=30.42..3776.97 rows=974 width=121)
	        Recheck Cond: ((id >= 9955129) AND (id <= 9956128))
	        ->  Bitmap Index Scan on sbtest6_pkey  (cost=0.00..30.18 rows=974 width=0)
	              Index Cond: ((id >= 9955129) AND (id <= 9956128))

table 7 : explain SELECT c FROM sbtest7 WHERE id BETWEEN 5128200 AND 5129199 ORDER BY c
	Sort  (cost=4004.60..4007.15 rows=1020 width=121)
	  Sort Key: c
	  ->  Bitmap Heap Scan on sbtest7  (cost=30.89..3953.63 rows=1020 width=121)
	        Recheck Cond: ((id >= 5128200) AND (id <= 5129199))
	        ->  Bitmap Index Scan on sbtest7_pkey  (cost=0.00..30.64 rows=1020 width=0)
	              Index Cond: ((id >= 5128200) AND (id <= 5129199))

table 8 : explain SELECT c FROM sbtest8 WHERE id BETWEEN 7901839 AND 7902838 ORDER BY c
	Sort  (cost=3771.96..3774.36 rows=960 width=121)
	  Sort Key: c
	  ->  Bitmap Heap Scan on sbtest8  (cost=30.27..3724.41 rows=960 width=121)
	        Recheck Cond: ((id >= 7901839) AND (id <= 7902838))
	        ->  Bitmap Index Scan on sbtest8_pkey  (cost=0.00..30.04 rows=960 width=0)
	              Index Cond: ((id >= 7901839) AND (id <= 7902838))

for: order_ranges
table 1 : explain SELECT c FROM sbtest1 WHERE id BETWEEN 9913359 AND 9914358 ORDER BY c
	Sort  (cost=3748.79..3751.18 rows=955 width=121)
	  Sort Key: c
	  ->  Bitmap Heap Scan on sbtest1  (cost=30.22..3701.52 rows=955 width=121)
	        Recheck Cond: ((id >= 9913359) AND (id <= 9914358))
	        ->  Bitmap Index Scan on sbtest1_pkey  (cost=0.00..29.98 rows=955 width=0)
	              Index Cond: ((id >= 9913359) AND (id <= 9914358))

table 2 : explain SELECT c FROM sbtest2 WHERE id BETWEEN 5158289 AND 5159288 ORDER BY c
	Sort  (cost=3968.48..3971.01 rows=1012 width=121)
	  Sort Key: c
	  ->  Bitmap Heap Scan on sbtest2  (cost=30.81..3917.97 rows=1012 width=121)
	        Recheck Cond: ((id >= 5158289) AND (id <= 5159288))
	        ->  Bitmap Index Scan on sbtest2_pkey  (cost=0.00..30.55 rows=1012 width=0)
	              Index Cond: ((id >= 5158289) AND (id <= 5159288))

table 3 : explain SELECT c FROM sbtest3 WHERE id BETWEEN 1067744 AND 1068743 ORDER BY c
	Sort  (cost=3884.80..3887.28 rows=990 width=121)
	  Sort Key: c
	  ->  Bitmap Heap Scan on sbtest3  (cost=30.58..3835.54 rows=990 width=121)
	        Recheck Cond: ((id >= 1067744) AND (id <= 1068743))
	        ->  Bitmap Index Scan on sbtest3_pkey  (cost=0.00..30.33 rows=990 width=0)
	              Index Cond: ((id >= 1067744) AND (id <= 1068743))

table 4 : explain SELECT c FROM sbtest4 WHERE id BETWEEN 9064697 AND 9065696 ORDER BY c
	Sort  (cost=3976.64..3979.18 rows=1014 width=121)
	  Sort Key: c
	  ->  Bitmap Heap Scan on sbtest4  (cost=30.83..3926.01 rows=1014 width=121)
	        Recheck Cond: ((id >= 9064697) AND (id <= 9065696))
	        ->  Bitmap Index Scan on sbtest4_pkey  (cost=0.00..30.57 rows=1014 width=0)
	              Index Cond: ((id >= 9064697) AND (id <= 9065696))

table 5 : explain SELECT c FROM sbtest5 WHERE id BETWEEN 5582923 AND 5583922 ORDER BY c
	Sort  (cost=3977.70..3980.23 rows=1013 width=121)
	  Sort Key: c
	  ->  Bitmap Heap Scan on sbtest5  (cost=30.82..3927.13 rows=1013 width=121)
	        Recheck Cond: ((id >= 5582923) AND (id <= 5583922))
	        ->  Bitmap Index Scan on sbtest5_pkey  (cost=0.00..30.57 rows=1013 width=0)
	              Index Cond: ((id >= 5582923) AND (id <= 5583922))

table 6 : explain SELECT c FROM sbtest6 WHERE id BETWEEN 4576545 AND 4577544 ORDER BY c
	Sort  (cost=3925.00..3927.50 rows=1000 width=121)
	  Sort Key: c
	  ->  Bitmap Heap Scan on sbtest6  (cost=30.68..3875.17 rows=1000 width=121)
	        Recheck Cond: ((id >= 4576545) AND (id <= 4577544))
	        ->  Bitmap Index Scan on sbtest6_pkey  (cost=0.00..30.43 rows=1000 width=0)
	              Index Cond: ((id >= 4576545) AND (id <= 4577544))

table 7 : explain SELECT c FROM sbtest7 WHERE id BETWEEN 5641750 AND 5642749 ORDER BY c
	Sort  (cost=4383.82..4386.61 rows=1118 width=121)
	  Sort Key: c
	  ->  Bitmap Heap Scan on sbtest7  (cost=35.89..4327.21 rows=1118 width=121)
	        Recheck Cond: ((id >= 5641750) AND (id <= 5642749))
	        ->  Bitmap Index Scan on sbtest7_pkey  (cost=0.00..35.62 rows=1118 width=0)
	              Index Cond: ((id >= 5641750) AND (id <= 5642749))

table 8 : explain SELECT c FROM sbtest8 WHERE id BETWEEN 8500131 AND 8501130 ORDER BY c
	Sort  (cost=3687.50..3689.85 rows=938 width=121)
	  Sort Key: c
	  ->  Bitmap Heap Scan on sbtest8  (cost=30.05..3641.20 rows=938 width=121)
	        Recheck Cond: ((id >= 8500131) AND (id <= 8501130))
	        ->  Bitmap Index Scan on sbtest8_pkey  (cost=0.00..29.82 rows=938 width=0)
	              Index Cond: ((id >= 8500131) AND (id <= 8501130))

for: order_ranges
table 1 : explain SELECT c FROM sbtest1 WHERE id BETWEEN 4618656 AND 4619655 ORDER BY c
	Sort  (cost=4177.20..4179.87 rows=1067 width=121)
	  Sort Key: c
	  ->  Bitmap Heap Scan on sbtest1  (cost=31.37..4123.54 rows=1067 width=121)
	        Recheck Cond: ((id >= 4618656) AND (id <= 4619655))
	        ->  Bitmap Index Scan on sbtest1_pkey  (cost=0.00..31.11 rows=1067 width=0)
	              Index Cond: ((id >= 4618656) AND (id <= 4619655))

table 2 : explain SELECT c FROM sbtest2 WHERE id BETWEEN 1343237 AND 1344236 ORDER BY c
	Sort  (cost=3976.13..3978.67 rows=1014 width=121)
	  Sort Key: c
	  ->  Bitmap Heap Scan on sbtest2  (cost=30.83..3925.50 rows=1014 width=121)
	        Recheck Cond: ((id >= 1343237) AND (id <= 1344236))
	        ->  Bitmap Index Scan on sbtest2_pkey  (cost=0.00..30.57 rows=1014 width=0)
	              Index Cond: ((id >= 1343237) AND (id <= 1344236))

table 3 : explain SELECT c FROM sbtest3 WHERE id BETWEEN 6929220 AND 6930219 ORDER BY c
	Sort  (cost=3796.67..3799.08 rows=967 width=121)
	  Sort Key: c
	  ->  Bitmap Heap Scan on sbtest3  (cost=30.35..3748.72 rows=967 width=121)
	        Recheck Cond: ((id >= 6929220) AND (id <= 6930219))
	        ->  Bitmap Index Scan on sbtest3_pkey  (cost=0.00..30.11 rows=967 width=0)
	              Index Cond: ((id >= 6929220) AND (id <= 6930219))

table 4 : explain SELECT c FROM sbtest4 WHERE id BETWEEN 8275161 AND 8276160 ORDER BY c
	Sort  (cost=3865.59..3868.05 rows=985 width=121)
	  Sort Key: c
	  ->  Bitmap Heap Scan on sbtest4  (cost=30.53..3816.62 rows=985 width=121)
	        Recheck Cond: ((id >= 8275161) AND (id <= 8276160))
	        ->  Bitmap Index Scan on sbtest4_pkey  (cost=0.00..30.29 rows=985 width=0)
	              Index Cond: ((id >= 8275161) AND (id <= 8276160))

table 5 : explain SELECT c FROM sbtest5 WHERE id BETWEEN 3437008 AND 3438007 ORDER BY c
	Sort  (cost=3862.60..3865.05 rows=983 width=121)
	  Sort Key: c
	  ->  Bitmap Heap Scan on sbtest5  (cost=30.51..3813.74 rows=983 width=121)
	        Recheck Cond: ((id >= 3437008) AND (id <= 3438007))
	        ->  Bitmap Index Scan on sbtest5_pkey  (cost=0.00..30.26 rows=983 width=0)
	              Index Cond: ((id >= 3437008) AND (id <= 3438007))

table 6 : explain SELECT c FROM sbtest6 WHERE id BETWEEN 3702374 AND 3703373 ORDER BY c
	Sort  (cost=3936.50..3939.00 rows=1003 width=121)
	  Sort Key: c
	  ->  Bitmap Heap Scan on sbtest6  (cost=30.72..3886.49 rows=1003 width=121)
	        Recheck Cond: ((id >= 3702374) AND (id <= 3703373))
	        ->  Bitmap Index Scan on sbtest6_pkey  (cost=0.00..30.46 rows=1003 width=0)
	              Index Cond: ((id >= 3702374) AND (id <= 3703373))

table 7 : explain SELECT c FROM sbtest7 WHERE id BETWEEN 6966759 AND 6967758 ORDER BY c
	Sort  (cost=3824.26..3826.69 rows=973 width=121)
	  Sort Key: c
	  ->  Bitmap Heap Scan on sbtest7  (cost=30.41..3775.97 rows=973 width=121)
	        Recheck Cond: ((id >= 6966759) AND (id <= 6967758))
	        ->  Bitmap Index Scan on sbtest7_pkey  (cost=0.00..30.16 rows=973 width=0)
	              Index Cond: ((id >= 6966759) AND (id <= 6967758))

table 8 : explain SELECT c FROM sbtest8 WHERE id BETWEEN 7836437 AND 7837436 ORDER BY c
	Sort  (cost=3771.96..3774.36 rows=960 width=121)
	  Sort Key: c
	  ->  Bitmap Heap Scan on sbtest8  (cost=30.27..3724.41 rows=960 width=121)
	        Recheck Cond: ((id >= 7836437) AND (id <= 7837436))
	        ->  Bitmap Index Scan on sbtest8_pkey  (cost=0.00..30.04 rows=960 width=0)
	              Index Cond: ((id >= 7836437) AND (id <= 7837436))

for: distinct_ranges
table 1 : explain SELECT DISTINCT c FROM sbtest1 WHERE id BETWEEN 8312939 AND 8313938 ORDER BY c
	Unique  (cost=4131.37..4136.65 rows=1055 width=121)
	  ->  Sort  (cost=4131.37..4134.01 rows=1055 width=121)
	        Sort Key: c
	        ->  Bitmap Heap Scan on sbtest1  (cost=31.25..4078.40 rows=1055 width=121)
	              Recheck Cond: ((id >= 8312939) AND (id <= 8313938))
	              ->  Bitmap Index Scan on sbtest1_pkey  (cost=0.00..30.98 rows=1055 width=0)
	                    Index Cond: ((id >= 8312939) AND (id <= 8313938))

table 2 : explain SELECT DISTINCT c FROM sbtest2 WHERE id BETWEEN 9681159 AND 9682158 ORDER BY c
	Unique  (cost=3792.30..3797.13 rows=966 width=121)
	  ->  Sort  (cost=3792.30..3794.72 rows=966 width=121)
	        Sort Key: c
	        ->  Bitmap Heap Scan on sbtest2  (cost=30.34..3744.41 rows=966 width=121)
	              Recheck Cond: ((id >= 9681159) AND (id <= 9682158))
	              ->  Bitmap Index Scan on sbtest2_pkey  (cost=0.00..30.09 rows=966 width=0)
	                    Index Cond: ((id >= 9681159) AND (id <= 9682158))

table 3 : explain SELECT DISTINCT c FROM sbtest3 WHERE id BETWEEN 7644518 AND 7645517 ORDER BY c
	Unique  (cost=4377.98..4383.57 rows=1119 width=121)
	  ->  Sort  (cost=4377.98..4380.77 rows=1119 width=121)
	        Sort Key: c
	        ->  Bitmap Heap Scan on sbtest3  (cost=31.90..4321.31 rows=1119 width=121)
	              Recheck Cond: ((id >= 7644518) AND (id <= 7645517))
	              ->  Bitmap Index Scan on sbtest3_pkey  (cost=0.00..31.62 rows=1119 width=0)
	                    Index Cond: ((id >= 7644518) AND (id <= 7645517))

table 4 : explain SELECT DISTINCT c FROM sbtest4 WHERE id BETWEEN 5238307 AND 5239306 ORDER BY c
	Unique  (cost=3957.50..3962.55 rows=1009 width=121)
	  ->  Sort  (cost=3957.50..3960.03 rows=1009 width=121)
	        Sort Key: c
	        ->  Bitmap Heap Scan on sbtest4  (cost=30.78..3907.16 rows=1009 width=121)
	              Recheck Cond: ((id >= 5238307) AND (id <= 5239306))
	              ->  Bitmap Index Scan on sbtest4_pkey  (cost=0.00..30.52 rows=1009 width=0)
	                    Index Cond: ((id >= 5238307) AND (id <= 5239306))

table 5 : explain SELECT DISTINCT c FROM sbtest5 WHERE id BETWEEN 5388586 AND 5389585 ORDER BY c
	Unique  (cost=3512.65..3517.12 rows=893 width=121)
	  ->  Sort  (cost=3512.65..3514.88 rows=893 width=121)
	        Sort Key: c
	        ->  Bitmap Heap Scan on sbtest5  (cost=25.59..3468.88 rows=893 width=121)
	              Recheck Cond: ((id >= 5388586) AND (id <= 5389585))
	              ->  Bitmap Index Scan on sbtest5_pkey  (cost=0.00..25.36 rows=893 width=0)
	                    Index Cond: ((id >= 5388586) AND (id <= 5389585))

table 6 : explain SELECT DISTINCT c FROM sbtest6 WHERE id BETWEEN 9080958 AND 9081957 ORDER BY c
	Unique  (cost=4296.18..4301.67 rows=1097 width=121)
	  ->  Sort  (cost=4296.18..4298.92 rows=1097 width=121)
	        Sort Key: c
	        ->  Bitmap Heap Scan on sbtest6  (cost=31.68..4240.79 rows=1097 width=121)
	              Recheck Cond: ((id >= 9080958) AND (id <= 9081957))
	              ->  Bitmap Index Scan on sbtest6_pkey  (cost=0.00..31.40 rows=1097 width=0)
	                    Index Cond: ((id >= 9080958) AND (id <= 9081957))

table 7 : explain SELECT DISTINCT c FROM sbtest7 WHERE id BETWEEN 7700496 AND 7701495 ORDER BY c
	Unique  (cost=3720.54..3725.27 rows=946 width=121)
	  ->  Sort  (cost=3720.54..3722.91 rows=946 width=121)
	        Sort Key: c
	        ->  Bitmap Heap Scan on sbtest7  (cost=30.13..3673.78 rows=946 width=121)
	              Recheck Cond: ((id >= 7700496) AND (id <= 7701495))
	              ->  Bitmap Index Scan on sbtest7_pkey  (cost=0.00..29.89 rows=946 width=0)
	                    Index Cond: ((id >= 7700496) AND (id <= 7701495))

table 8 : explain SELECT DISTINCT c FROM sbtest8 WHERE id BETWEEN 3337785 AND 3338784 ORDER BY c
	Unique  (cost=3687.50..3692.19 rows=938 width=121)
	  ->  Sort  (cost=3687.50..3689.85 rows=938 width=121)
	        Sort Key: c
	        ->  Bitmap Heap Scan on sbtest8  (cost=30.05..3641.20 rows=938 width=121)
	              Recheck Cond: ((id >= 3337785) AND (id <= 3338784))
	              ->  Bitmap Index Scan on sbtest8_pkey  (cost=0.00..29.82 rows=938 width=0)
	                    Index Cond: ((id >= 3337785) AND (id <= 3338784))

for: order_ranges
table 1 : explain SELECT c FROM sbtest1 WHERE id BETWEEN 7443744 AND 7444743 ORDER BY c
	Sort  (cost=3917.27..3919.77 rows=999 width=121)
	  Sort Key: c
	  ->  Bitmap Heap Scan on sbtest1  (cost=30.67..3867.50 rows=999 width=121)
	        Recheck Cond: ((id >= 7443744) AND (id <= 7444743))
	        ->  Bitmap Index Scan on sbtest1_pkey  (cost=0.00..30.43 rows=999 width=0)
	              Index Cond: ((id >= 7443744) AND (id <= 7444743))

table 2 : explain SELECT c FROM sbtest2 WHERE id BETWEEN 6396887 AND 6397886 ORDER BY c
	Sort  (cost=3865.10..3867.56 rows=985 width=121)
	  Sort Key: c
	  ->  Bitmap Heap Scan on sbtest2  (cost=30.53..3816.13 rows=985 width=121)
	        Recheck Cond: ((id >= 6396887) AND (id <= 6397886))
	        ->  Bitmap Index Scan on sbtest2_pkey  (cost=0.00..30.29 rows=985 width=0)
	              Index Cond: ((id >= 6396887) AND (id <= 6397886))

table 3 : explain SELECT c FROM sbtest3 WHERE id BETWEEN 8847190 AND 8848189 ORDER BY c
	Sort  (cost=3685.28..3687.63 rows=939 width=121)
	  Sort Key: c
	  ->  Bitmap Heap Scan on sbtest3  (cost=26.06..3638.92 rows=939 width=121)
	        Recheck Cond: ((id >= 8847190) AND (id <= 8848189))
	        ->  Bitmap Index Scan on sbtest3_pkey  (cost=0.00..25.82 rows=939 width=0)
	              Index Cond: ((id >= 8847190) AND (id <= 8848189))

table 4 : explain SELECT c FROM sbtest4 WHERE id BETWEEN 3962782 AND 3963781 ORDER BY c
	Sort  (cost=3773.61..3776.01 rows=961 width=121)
	  Sort Key: c
	  ->  Bitmap Heap Scan on sbtest4  (cost=30.29..3726.00 rows=961 width=121)
	        Recheck Cond: ((id >= 3962782) AND (id <= 3963781))
	        ->  Bitmap Index Scan on sbtest4_pkey  (cost=0.00..30.04 rows=961 width=0)
	              Index Cond: ((id >= 3962782) AND (id <= 3963781))

table 5 : explain SELECT c FROM sbtest5 WHERE id BETWEEN 4602377 AND 4603376 ORDER BY c
	Sort  (cost=3808.85..3811.27 rows=969 width=121)
	  Sort Key: c
	  ->  Bitmap Heap Scan on sbtest5  (cost=30.37..3760.78 rows=969 width=121)
	        Recheck Cond: ((id >= 4602377) AND (id <= 4603376))
	        ->  Bitmap Index Scan on sbtest5_pkey  (cost=0.00..30.12 rows=969 width=0)
	              Index Cond: ((id >= 4602377) AND (id <= 4603376))

table 6 : explain SELECT c FROM sbtest6 WHERE id BETWEEN 5162936 AND 5163935 ORDER BY c
	Sort  (cost=3587.30..3589.58 rows=912 width=121)
	  Sort Key: c
	  ->  Bitmap Heap Scan on sbtest6  (cost=29.78..3542.46 rows=912 width=121)
	        Recheck Cond: ((id >= 5162936) AND (id <= 5163935))
	        ->  Bitmap Index Scan on sbtest6_pkey  (cost=0.00..29.55 rows=912 width=0)
	              Index Cond: ((id >= 5162936) AND (id <= 5163935))

table 7 : explain SELECT c FROM sbtest7 WHERE id BETWEEN 2991188 AND 2992187 ORDER BY c
	Sort  (cost=4310.98..4313.73 rows=1100 width=121)
	  Sort Key: c
	  ->  Bitmap Heap Scan on sbtest7  (cost=31.71..4255.41 rows=1100 width=121)
	        Recheck Cond: ((id >= 2991188) AND (id <= 2992187))
	        ->  Bitmap Index Scan on sbtest7_pkey  (cost=0.00..31.43 rows=1100 width=0)
	              Index Cond: ((id >= 2991188) AND (id <= 2992187))

table 8 : explain SELECT c FROM sbtest8 WHERE id BETWEEN 5071253 AND 5072252 ORDER BY c
	Sort  (cost=3948.36..3950.88 rows=1006 width=121)
	  Sort Key: c
	  ->  Bitmap Heap Scan on sbtest8  (cost=30.75..3898.19 rows=1006 width=121)
	        Recheck Cond: ((id >= 5071253) AND (id <= 5072252))
	        ->  Bitmap Index Scan on sbtest8_pkey  (cost=0.00..30.50 rows=1006 width=0)
	              Index Cond: ((id >= 5071253) AND (id <= 5072252))

for: distinct_ranges
table 1 : explain SELECT DISTINCT c FROM sbtest1 WHERE id BETWEEN 342041 AND 343040 ORDER BY c
	Unique  (cost=4062.60..4067.78 rows=1037 width=121)
	  ->  Sort  (cost=4062.60..4065.19 rows=1037 width=121)
	        Sort Key: c
	        ->  Bitmap Heap Scan on sbtest1  (cost=31.06..4010.65 rows=1037 width=121)
	              Recheck Cond: ((id >= 342041) AND (id <= 343040))
	              ->  Bitmap Index Scan on sbtest1_pkey  (cost=0.00..30.80 rows=1037 width=0)
	                    Index Cond: ((id >= 342041) AND (id <= 343040))

table 2 : explain SELECT DISTINCT c FROM sbtest2 WHERE id BETWEEN 2828232 AND 2829231 ORDER BY c
	Unique  (cost=3746.30..3751.07 rows=954 width=121)
	  ->  Sort  (cost=3746.30..3748.69 rows=954 width=121)
	        Sort Key: c
	        ->  Bitmap Heap Scan on sbtest2  (cost=30.21..3699.09 rows=954 width=121)
	              Recheck Cond: ((id >= 2828232) AND (id <= 2829231))
	              ->  Bitmap Index Scan on sbtest2_pkey  (cost=0.00..29.97 rows=954 width=0)
	                    Index Cond: ((id >= 2828232) AND (id <= 2829231))

table 3 : explain SELECT DISTINCT c FROM sbtest3 WHERE id BETWEEN 414187 AND 415186 ORDER BY c
	Unique  (cost=4221.44..4226.83 rows=1078 width=121)
	  ->  Sort  (cost=4221.44..4224.14 rows=1078 width=121)
	        Sort Key: c
	        ->  Bitmap Heap Scan on sbtest3  (cost=31.48..4167.14 rows=1078 width=121)
	              Recheck Cond: ((id >= 414187) AND (id <= 415186))
	              ->  Bitmap Index Scan on sbtest3_pkey  (cost=0.00..31.21 rows=1078 width=0)
	                    Index Cond: ((id >= 414187) AND (id <= 415186))

table 4 : explain SELECT DISTINCT c FROM sbtest4 WHERE id BETWEEN 9082112 AND 9083111 ORDER BY c
	Unique  (cost=3976.64..3981.71 rows=1014 width=121)
	  ->  Sort  (cost=3976.64..3979.18 rows=1014 width=121)
	        Sort Key: c
	        ->  Bitmap Heap Scan on sbtest4  (cost=30.83..3926.01 rows=1014 width=121)
	              Recheck Cond: ((id >= 9082112) AND (id <= 9083111))
	              ->  Bitmap Index Scan on sbtest4_pkey  (cost=0.00..30.57 rows=1014 width=0)
	                    Index Cond: ((id >= 9082112) AND (id <= 9083111))

table 5 : explain SELECT DISTINCT c FROM sbtest5 WHERE id BETWEEN 2135665 AND 2136664 ORDER BY c
	Unique  (cost=4448.73..4454.41 rows=1135 width=121)
	  ->  Sort  (cost=4448.73..4451.57 rows=1135 width=121)
	        Sort Key: c
	        ->  Bitmap Heap Scan on sbtest5  (cost=36.07..4391.14 rows=1135 width=121)
	              Recheck Cond: ((id >= 2135665) AND (id <= 2136664))
	              ->  Bitmap Index Scan on sbtest5_pkey  (cost=0.00..35.79 rows=1135 width=0)
	                    Index Cond: ((id >= 2135665) AND (id <= 2136664))

table 6 : explain SELECT DISTINCT c FROM sbtest6 WHERE id BETWEEN 4659847 AND 4660846 ORDER BY c
	Unique  (cost=3775.45..3780.25 rows=961 width=121)
	  ->  Sort  (cost=3775.45..3777.85 rows=961 width=121)
	        Sort Key: c
	        ->  Bitmap Heap Scan on sbtest6  (cost=30.29..3727.84 rows=961 width=121)
	              Recheck Cond: ((id >= 4659847) AND (id <= 4660846))
	              ->  Bitmap Index Scan on sbtest6_pkey  (cost=0.00..30.04 rows=961 width=0)
	                    Index Cond: ((id >= 4659847) AND (id <= 4660846))

table 7 : explain SELECT DISTINCT c FROM sbtest7 WHERE id BETWEEN 9359302 AND 9360301 ORDER BY c
	Unique  (cost=3785.86..3790.67 rows=963 width=121)
	  ->  Sort  (cost=3785.86..3788.26 rows=963 width=121)
	        Sort Key: c
	        ->  Bitmap Heap Scan on sbtest7  (cost=30.31..3738.13 rows=963 width=121)
	              Recheck Cond: ((id >= 9359302) AND (id <= 9360301))
	              ->  Bitmap Index Scan on sbtest7_pkey  (cost=0.00..30.07 rows=963 width=0)
	                    Index Cond: ((id >= 9359302) AND (id <= 9360301))

table 8 : explain SELECT DISTINCT c FROM sbtest8 WHERE id BETWEEN 6756535 AND 6757534 ORDER BY c
	Unique  (cost=4143.65..4148.93 rows=1057 width=121)
	  ->  Sort  (cost=4143.65..4146.29 rows=1057 width=121)
	        Sort Key: c
	        ->  Bitmap Heap Scan on sbtest8  (cost=31.27..4090.56 rows=1057 width=121)
	              Recheck Cond: ((id >= 6756535) AND (id <= 6757534))
	              ->  Bitmap Index Scan on sbtest8_pkey  (cost=0.00..31.00 rows=1057 width=0)
	                    Index Cond: ((id >= 6756535) AND (id <= 6757534))

for: distinct_ranges
table 1 : explain SELECT DISTINCT c FROM sbtest1 WHERE id BETWEEN 2034589 AND 2035588 ORDER BY c
	Unique  (cost=3936.41..3941.43 rows=1004 width=121)
	  ->  Sort  (cost=3936.41..3938.92 rows=1004 width=121)
	        Sort Key: c
	        ->  Bitmap Heap Scan on sbtest1  (cost=30.73..3886.35 rows=1004 width=121)
	              Recheck Cond: ((id >= 2034589) AND (id <= 2035588))
	              ->  Bitmap Index Scan on sbtest1_pkey  (cost=0.00..30.47 rows=1004 width=0)
	                    Index Cond: ((id >= 2034589) AND (id <= 2035588))

table 2 : explain SELECT DISTINCT c FROM sbtest2 WHERE id BETWEEN 2085113 AND 2086112 ORDER BY c
	Unique  (cost=4010.57..4015.69 rows=1023 width=121)
	  ->  Sort  (cost=4010.57..4013.13 rows=1023 width=121)
	        Sort Key: c
	        ->  Bitmap Heap Scan on sbtest2  (cost=30.92..3959.43 rows=1023 width=121)
	              Recheck Cond: ((id >= 2085113) AND (id <= 2086112))
	              ->  Bitmap Index Scan on sbtest2_pkey  (cost=0.00..30.66 rows=1023 width=0)
	                    Index Cond: ((id >= 2085113) AND (id <= 2086112))

table 3 : explain SELECT DISTINCT c FROM sbtest3 WHERE id BETWEEN 3402926 AND 3403925 ORDER BY c
	Unique  (cost=4110.60..4115.85 rows=1049 width=121)
	  ->  Sort  (cost=4110.60..4113.23 rows=1049 width=121)
	        Sort Key: c
	        ->  Bitmap Heap Scan on sbtest3  (cost=31.19..4057.97 rows=1049 width=121)
	              Recheck Cond: ((id >= 3402926) AND (id <= 3403925))
	              ->  Bitmap Index Scan on sbtest3_pkey  (cost=0.00..30.93 rows=1049 width=0)
	                    Index Cond: ((id >= 3402926) AND (id <= 3403925))

table 4 : explain SELECT DISTINCT c FROM sbtest4 WHERE id BETWEEN 8966493 AND 8967492 ORDER BY c
	Unique  (cost=4236.65..4242.06 rows=1082 width=121)
	  ->  Sort  (cost=4236.65..4239.36 rows=1082 width=121)
	        Sort Key: c
	        ->  Bitmap Heap Scan on sbtest4  (cost=31.53..4182.12 rows=1082 width=121)
	              Recheck Cond: ((id >= 8966493) AND (id <= 8967492))
	              ->  Bitmap Index Scan on sbtest4_pkey  (cost=0.00..31.25 rows=1082 width=0)
	                    Index Cond: ((id >= 8966493) AND (id <= 8967492))

table 5 : explain SELECT DISTINCT c FROM sbtest5 WHERE id BETWEEN 3012747 AND 3013746 ORDER BY c
	Unique  (cost=3685.90..3690.59 rows=937 width=121)
	  ->  Sort  (cost=3685.90..3688.24 rows=937 width=121)
	        Sort Key: c
	        ->  Bitmap Heap Scan on sbtest5  (cost=30.04..3639.65 rows=937 width=121)
	              Recheck Cond: ((id >= 3012747) AND (id <= 3013746))
	              ->  Bitmap Index Scan on sbtest5_pkey  (cost=0.00..29.80 rows=937 width=0)
	                    Index Cond: ((id >= 3012747) AND (id <= 3013746))

table 6 : explain SELECT DISTINCT c FROM sbtest6 WHERE id BETWEEN 5008240 AND 5009239 ORDER BY c
	Unique  (cost=4280.90..4286.36 rows=1093 width=121)
	  ->  Sort  (cost=4280.90..4283.63 rows=1093 width=121)
	        Sort Key: c
	        ->  Bitmap Heap Scan on sbtest6  (cost=31.64..4225.73 rows=1093 width=121)
	              Recheck Cond: ((id >= 5008240) AND (id <= 5009239))
	              ->  Bitmap Index Scan on sbtest6_pkey  (cost=0.00..31.36 rows=1093 width=0)
	                    Index Cond: ((id >= 5008240) AND (id <= 5009239))

table 7 : explain SELECT DISTINCT c FROM sbtest7 WHERE id BETWEEN 3633267 AND 3634266 ORDER BY c
	Unique  (cost=4119.58..4124.83 rows=1050 width=121)
	  ->  Sort  (cost=4119.58..4122.20 rows=1050 width=121)
	        Sort Key: c
	        ->  Bitmap Heap Scan on sbtest7  (cost=31.20..4066.89 rows=1050 width=121)
	              Recheck Cond: ((id >= 3633267) AND (id <= 3634266))
	              ->  Bitmap Index Scan on sbtest7_pkey  (cost=0.00..30.93 rows=1050 width=0)
	                    Index Cond: ((id >= 3633267) AND (id <= 3634266))

table 8 : explain SELECT DISTINCT c FROM sbtest8 WHERE id BETWEEN 2187858 AND 2188857 ORDER BY c
	Unique  (cost=4258.38..4263.82 rows=1087 width=121)
	  ->  Sort  (cost=4258.38..4261.10 rows=1087 width=121)
	        Sort Key: c
	        ->  Bitmap Heap Scan on sbtest8  (cost=31.58..4203.57 rows=1087 width=121)
	              Recheck Cond: ((id >= 2187858) AND (id <= 2188857))
	              ->  Bitmap Index Scan on sbtest8_pkey  (cost=0.00..31.30 rows=1087 width=0)
	                    Index Cond: ((id >= 2187858) AND (id <= 2188857))

for: distinct_ranges
table 1 : explain SELECT DISTINCT c FROM sbtest1 WHERE id BETWEEN 8389263 AND 8390262 ORDER BY c
	Unique  (cost=4131.37..4136.65 rows=1055 width=121)
	  ->  Sort  (cost=4131.37..4134.01 rows=1055 width=121)
	        Sort Key: c
	        ->  Bitmap Heap Scan on sbtest1  (cost=31.25..4078.40 rows=1055 width=121)
	              Recheck Cond: ((id >= 8389263) AND (id <= 8390262))
	              ->  Bitmap Index Scan on sbtest1_pkey  (cost=0.00..30.98 rows=1055 width=0)
	                    Index Cond: ((id >= 8389263) AND (id <= 8390262))

table 2 : explain SELECT DISTINCT c FROM sbtest2 WHERE id BETWEEN 8038518 AND 8039517 ORDER BY c
	Unique  (cost=3650.25..3654.90 rows=930 width=121)
	  ->  Sort  (cost=3650.25..3652.57 rows=930 width=121)
	        Sort Key: c
	        ->  Bitmap Heap Scan on sbtest2  (cost=25.97..3604.39 rows=930 width=121)
	              Recheck Cond: ((id >= 8038518) AND (id <= 8039517))
	              ->  Bitmap Index Scan on sbtest2_pkey  (cost=0.00..25.73 rows=930 width=0)
	                    Index Cond: ((id >= 8038518) AND (id <= 8039517))

table 3 : explain SELECT DISTINCT c FROM sbtest3 WHERE id BETWEEN 8730414 AND 8731413 ORDER BY c
	Unique  (cost=4080.01..4085.22 rows=1041 width=121)
	  ->  Sort  (cost=4080.01..4082.61 rows=1041 width=121)
	        Sort Key: c
	        ->  Bitmap Heap Scan on sbtest3  (cost=31.11..4027.84 rows=1041 width=121)
	              Recheck Cond: ((id >= 8730414) AND (id <= 8731413))
	              ->  Bitmap Index Scan on sbtest3_pkey  (cost=0.00..30.84 rows=1041 width=0)
	                    Index Cond: ((id >= 8730414) AND (id <= 8731413))

table 4 : explain SELECT DISTINCT c FROM sbtest4 WHERE id BETWEEN 3946934 AND 3947933 ORDER BY c
	Unique  (cost=3400.97..3405.30 rows=865 width=121)
	  ->  Sort  (cost=3400.97..3403.13 rows=865 width=121)
	        Sort Key: c
	        ->  Bitmap Heap Scan on sbtest4  (cost=25.30..3358.77 rows=865 width=121)
	              Recheck Cond: ((id >= 3946934) AND (id <= 3947933))
	              ->  Bitmap Index Scan on sbtest4_pkey  (cost=0.00..25.08 rows=865 width=0)
	                    Index Cond: ((id >= 3946934) AND (id <= 3947933))

table 5 : explain SELECT DISTINCT c FROM sbtest5 WHERE id BETWEEN 3871924 AND 3872923 ORDER BY c
	Unique  (cost=4207.60..4212.96 rows=1073 width=121)
	  ->  Sort  (cost=4207.60..4210.28 rows=1073 width=121)
	        Sort Key: c
	        ->  Bitmap Heap Scan on sbtest5  (cost=31.43..4153.58 rows=1073 width=121)
	              Recheck Cond: ((id >= 3871924) AND (id <= 3872923))
	              ->  Bitmap Index Scan on sbtest5_pkey  (cost=0.00..31.16 rows=1073 width=0)
	                    Index Cond: ((id >= 3871924) AND (id <= 3872923))

table 6 : explain SELECT DISTINCT c FROM sbtest6 WHERE id BETWEEN 1841338 AND 1842337 ORDER BY c
	Unique  (cost=4108.81..4114.05 rows=1048 width=121)
	  ->  Sort  (cost=4108.81..4111.43 rows=1048 width=121)
	        Sort Key: c
	        ->  Bitmap Heap Scan on sbtest6  (cost=31.18..4056.24 rows=1048 width=121)
	              Recheck Cond: ((id >= 1841338) AND (id <= 1842337))
	              ->  Bitmap Index Scan on sbtest6_pkey  (cost=0.00..30.91 rows=1048 width=0)
	                    Index Cond: ((id >= 1841338) AND (id <= 1842337))

table 7 : explain SELECT DISTINCT c FROM sbtest7 WHERE id BETWEEN 8441832 AND 8442831 ORDER BY c
	Unique  (cost=3697.48..3702.18 rows=940 width=121)
	  ->  Sort  (cost=3697.48..3699.83 rows=940 width=121)
	        Sort Key: c
	        ->  Bitmap Heap Scan on sbtest7  (cost=30.07..3651.06 rows=940 width=121)
	              Recheck Cond: ((id >= 8441832) AND (id <= 8442831))
	              ->  Bitmap Index Scan on sbtest7_pkey  (cost=0.00..29.83 rows=940 width=0)
	                    Index Cond: ((id >= 8441832) AND (id <= 8442831))

table 8 : explain SELECT DISTINCT c FROM sbtest8 WHERE id BETWEEN 1655015 AND 1656014 ORDER BY c
	Unique  (cost=3963.69..3968.74 rows=1010 width=121)
	  ->  Sort  (cost=3963.69..3966.21 rows=1010 width=121)
	        Sort Key: c
	        ->  Bitmap Heap Scan on sbtest8  (cost=30.79..3913.29 rows=1010 width=121)
	              Recheck Cond: ((id >= 1655015) AND (id <= 1656014))
	              ->  Bitmap Index Scan on sbtest8_pkey  (cost=0.00..30.54 rows=1010 width=0)
	                    Index Cond: ((id >= 1655015) AND (id <= 1656014))

for: distinct_ranges
table 1 : explain SELECT DISTINCT c FROM sbtest1 WHERE id BETWEEN 9444319 AND 9445318 ORDER BY c
	Unique  (cost=3879.00..3883.95 rows=989 width=121)
	  ->  Sort  (cost=3879.00..3881.48 rows=989 width=121)
	        Sort Key: c
	        ->  Bitmap Heap Scan on sbtest1  (cost=30.57..3829.80 rows=989 width=121)
	              Recheck Cond: ((id >= 9444319) AND (id <= 9445318))
	              ->  Bitmap Index Scan on sbtest1_pkey  (cost=0.00..30.32 rows=989 width=0)
	                    Index Cond: ((id >= 9444319) AND (id <= 9445318))

table 2 : explain SELECT DISTINCT c FROM sbtest2 WHERE id BETWEEN 7901463 AND 7902462 ORDER BY c
	Unique  (cost=3807.63..3812.48 rows=970 width=121)
	  ->  Sort  (cost=3807.63..3810.06 rows=970 width=121)
	        Sort Key: c
	        ->  Bitmap Heap Scan on sbtest2  (cost=30.38..3759.51 rows=970 width=121)
	              Recheck Cond: ((id >= 7901463) AND (id <= 7902462))
	              ->  Bitmap Index Scan on sbtest2_pkey  (cost=0.00..30.14 rows=970 width=0)
	                    Index Cond: ((id >= 7901463) AND (id <= 7902462))

table 3 : explain SELECT DISTINCT c FROM sbtest3 WHERE id BETWEEN 7789824 AND 7790823 ORDER BY c
	Unique  (cost=3930.76..3935.77 rows=1002 width=121)
	  ->  Sort  (cost=3930.76..3933.27 rows=1002 width=121)
	        Sort Key: c
	        ->  Bitmap Heap Scan on sbtest3  (cost=30.71..3880.82 rows=1002 width=121)
	              Recheck Cond: ((id >= 7789824) AND (id <= 7790823))
	              ->  Bitmap Index Scan on sbtest3_pkey  (cost=0.00..30.45 rows=1002 width=0)
	                    Index Cond: ((id >= 7789824) AND (id <= 7790823))

table 4 : explain SELECT DISTINCT c FROM sbtest4 WHERE id BETWEEN 5981470 AND 5982469 ORDER BY c
	Unique  (cost=3988.13..3993.21 rows=1017 width=121)
	  ->  Sort  (cost=3988.13..3990.67 rows=1017 width=121)
	        Sort Key: c
	        ->  Bitmap Heap Scan on sbtest4  (cost=30.86..3937.33 rows=1017 width=121)
	              Recheck Cond: ((id >= 5981470) AND (id <= 5982469))
	              ->  Bitmap Index Scan on sbtest4_pkey  (cost=0.00..30.61 rows=1017 width=0)
	                    Index Cond: ((id >= 5981470) AND (id <= 5982469))

table 5 : explain SELECT DISTINCT c FROM sbtest5 WHERE id BETWEEN 3849992 AND 3850991 ORDER BY c
	Unique  (cost=4207.60..4212.96 rows=1073 width=121)
	  ->  Sort  (cost=4207.60..4210.28 rows=1073 width=121)
	        Sort Key: c
	        ->  Bitmap Heap Scan on sbtest5  (cost=31.43..4153.58 rows=1073 width=121)
	              Recheck Cond: ((id >= 3849992) AND (id <= 3850991))
	              ->  Bitmap Index Scan on sbtest5_pkey  (cost=0.00..31.16 rows=1073 width=0)
	                    Index Cond: ((id >= 3849992) AND (id <= 3850991))

table 6 : explain SELECT DISTINCT c FROM sbtest6 WHERE id BETWEEN 4841643 AND 4842642 ORDER BY c
	Unique  (cost=3829.16..3834.03 rows=975 width=121)
	  ->  Sort  (cost=3829.16..3831.59 rows=975 width=121)
	        Sort Key: c
	        ->  Bitmap Heap Scan on sbtest6  (cost=30.43..3780.75 rows=975 width=121)
	              Recheck Cond: ((id >= 4841643) AND (id <= 4842642))
	              ->  Bitmap Index Scan on sbtest6_pkey  (cost=0.00..30.18 rows=975 width=0)
	                    Index Cond: ((id >= 4841643) AND (id <= 4842642))

table 7 : explain SELECT DISTINCT c FROM sbtest7 WHERE id BETWEEN 8554660 AND 8555659 ORDER BY c
	Unique  (cost=3820.42..3825.28 rows=972 width=121)
	  ->  Sort  (cost=3820.42..3822.85 rows=972 width=121)
	        Sort Key: c
	        ->  Bitmap Heap Scan on sbtest7  (cost=30.40..3772.18 rows=972 width=121)
	              Recheck Cond: ((id >= 8554660) AND (id <= 8555659))
	              ->  Bitmap Index Scan on sbtest7_pkey  (cost=0.00..30.15 rows=972 width=0)
	                    Index Cond: ((id >= 8554660) AND (id <= 8555659))

table 8 : explain SELECT DISTINCT c FROM sbtest8 WHERE id BETWEEN 840006 AND 841005 ORDER BY c
	Unique  (cost=3871.70..3876.63 rows=986 width=121)
	  ->  Sort  (cost=3871.70..3874.16 rows=986 width=121)
	        Sort Key: c
	        ->  Bitmap Heap Scan on sbtest8  (cost=30.54..3822.67 rows=986 width=121)
	              Recheck Cond: ((id >= 840006) AND (id <= 841005))
	              ->  Bitmap Index Scan on sbtest8_pkey  (cost=0.00..30.29 rows=986 width=0)
	                    Index Cond: ((id >= 840006) AND (id <= 841005))

for: simple_ranges
table 1 : explain SELECT c FROM sbtest1 WHERE id BETWEEN 362470 AND 363469
	Bitmap Heap Scan on sbtest1  (cost=31.06..4010.65 rows=1037 width=121)
	  Recheck Cond: ((id >= 362470) AND (id <= 363469))
	  ->  Bitmap Index Scan on sbtest1_pkey  (cost=0.00..30.80 rows=1037 width=0)
	        Index Cond: ((id >= 362470) AND (id <= 363469))

table 2 : explain SELECT c FROM sbtest2 WHERE id BETWEEN 7145595 AND 7146594
	Bitmap Heap Scan on sbtest2  (cost=31.01..3993.34 rows=1032 width=121)
	  Recheck Cond: ((id >= 7145595) AND (id <= 7146594))
	  ->  Bitmap Index Scan on sbtest2_pkey  (cost=0.00..30.75 rows=1032 width=0)
	        Index Cond: ((id >= 7145595) AND (id <= 7146594))

table 3 : explain SELECT c FROM sbtest3 WHERE id BETWEEN 7692511 AND 7693510
	Bitmap Heap Scan on sbtest3  (cost=31.11..4027.84 rows=1041 width=121)
	  Recheck Cond: ((id >= 7692511) AND (id <= 7693510))
	  ->  Bitmap Index Scan on sbtest3_pkey  (cost=0.00..30.84 rows=1041 width=0)
	        Index Cond: ((id >= 7692511) AND (id <= 7693510))

table 4 : explain SELECT c FROM sbtest4 WHERE id BETWEEN 9656380 AND 9657379
	Bitmap Heap Scan on sbtest4  (cost=30.77..3903.39 rows=1008 width=121)
	  Recheck Cond: ((id >= 9656380) AND (id <= 9657379))
	  ->  Bitmap Index Scan on sbtest4_pkey  (cost=0.00..30.51 rows=1008 width=0)
	        Index Cond: ((id >= 9656380) AND (id <= 9657379))

table 5 : explain SELECT c FROM sbtest5 WHERE id BETWEEN 2233187 AND 2234186
	Bitmap Heap Scan on sbtest5  (cost=30.66..3870.45 rows=998 width=121)
	  Recheck Cond: ((id >= 2233187) AND (id <= 2234186))
	  ->  Bitmap Index Scan on sbtest5_pkey  (cost=0.00..30.41 rows=998 width=0)
	        Index Cond: ((id >= 2233187) AND (id <= 2234186))

table 6 : explain SELECT c FROM sbtest6 WHERE id BETWEEN 3736072 AND 3737071
	Bitmap Heap Scan on sbtest6  (cost=30.72..3886.49 rows=1003 width=121)
	  Recheck Cond: ((id >= 3736072) AND (id <= 3737071))
	  ->  Bitmap Index Scan on sbtest6_pkey  (cost=0.00..30.46 rows=1003 width=0)
	        Index Cond: ((id >= 3736072) AND (id <= 3737071))

table 7 : explain SELECT c FROM sbtest7 WHERE id BETWEEN 2417705 AND 2418704
	Bitmap Heap Scan on sbtest7  (cost=30.36..3757.05 rows=968 width=121)
	  Recheck Cond: ((id >= 2417705) AND (id <= 2418704))
	  ->  Bitmap Index Scan on sbtest7_pkey  (cost=0.00..30.11 rows=968 width=0)
	        Index Cond: ((id >= 2417705) AND (id <= 2418704))

table 8 : explain SELECT c FROM sbtest8 WHERE id BETWEEN 4845641 AND 4846640
	Bitmap Heap Scan on sbtest8  (cost=30.84..3932.16 rows=1015 width=121)
	  Recheck Cond: ((id >= 4845641) AND (id <= 4846640))
	  ->  Bitmap Index Scan on sbtest8_pkey  (cost=0.00..30.58 rows=1015 width=0)
	        Index Cond: ((id >= 4845641) AND (id <= 4846640))

for: distinct_ranges
table 1 : explain SELECT DISTINCT c FROM sbtest1 WHERE id BETWEEN 9875122 AND 9876121 ORDER BY c
	Unique  (cost=3836.89..3841.78 rows=978 width=121)
	  ->  Sort  (cost=3836.89..3839.34 rows=978 width=121)
	        Sort Key: c
	        ->  Bitmap Heap Scan on sbtest1  (cost=30.46..3788.32 rows=978 width=121)
	              Recheck Cond: ((id >= 9875122) AND (id <= 9876121))
	              ->  Bitmap Index Scan on sbtest1_pkey  (cost=0.00..30.21 rows=978 width=0)
	                    Index Cond: ((id >= 9875122) AND (id <= 9876121))

table 2 : explain SELECT DISTINCT c FROM sbtest2 WHERE id BETWEEN 2414450 AND 2415449 ORDER BY c
	Unique  (cost=4025.87..4031.01 rows=1027 width=121)
	  ->  Sort  (cost=4025.87..4028.44 rows=1027 width=121)
	        Sort Key: c
	        ->  Bitmap Heap Scan on sbtest2  (cost=30.96..3974.50 rows=1027 width=121)
	              Recheck Cond: ((id >= 2414450) AND (id <= 2415449))
	              ->  Bitmap Index Scan on sbtest2_pkey  (cost=0.00..30.70 rows=1027 width=0)
	                    Index Cond: ((id >= 2414450) AND (id <= 2415449))

table 3 : explain SELECT DISTINCT c FROM sbtest3 WHERE id BETWEEN 8522704 AND 8523703 ORDER BY c
	Unique  (cost=3804.33..3809.18 rows=969 width=121)
	  ->  Sort  (cost=3804.33..3806.76 rows=969 width=121)
	        Sort Key: c
	        ->  Bitmap Heap Scan on sbtest3  (cost=30.37..3756.27 rows=969 width=121)
	              Recheck Cond: ((id >= 8522704) AND (id <= 8523703))
	              ->  Bitmap Index Scan on sbtest3_pkey  (cost=0.00..30.12 rows=969 width=0)
	                    Index Cond: ((id >= 8522704) AND (id <= 8523703))

table 4 : explain SELECT DISTINCT c FROM sbtest4 WHERE id BETWEEN 4467298 AND 4468297 ORDER BY c
	Unique  (cost=3896.24..3901.20 rows=993 width=121)
	  ->  Sort  (cost=3896.24..3898.72 rows=993 width=121)
	        Sort Key: c
	        ->  Bitmap Heap Scan on sbtest4  (cost=30.61..3846.81 rows=993 width=121)
	              Recheck Cond: ((id >= 4467298) AND (id <= 4468297))
	              ->  Bitmap Index Scan on sbtest4_pkey  (cost=0.00..30.36 rows=993 width=0)
	                    Index Cond: ((id >= 4467298) AND (id <= 4468297))

table 5 : explain SELECT DISTINCT c FROM sbtest5 WHERE id BETWEEN 4494452 AND 4495451 ORDER BY c
	Unique  (cost=3973.86..3978.92 rows=1012 width=121)
	  ->  Sort  (cost=3973.86..3976.39 rows=1012 width=121)
	        Sort Key: c
	        ->  Bitmap Heap Scan on sbtest5  (cost=30.81..3923.35 rows=1012 width=121)
	              Recheck Cond: ((id >= 4494452) AND (id <= 4495451))
	              ->  Bitmap Index Scan on sbtest5_pkey  (cost=0.00..30.55 rows=1012 width=0)
	                    Index Cond: ((id >= 4494452) AND (id <= 4495451))

table 6 : explain SELECT DISTINCT c FROM sbtest6 WHERE id BETWEEN 7431487 AND 7432486 ORDER BY c
	Unique  (cost=3717.88..3722.61 rows=946 width=121)
	  ->  Sort  (cost=3717.88..3720.25 rows=946 width=121)
	        Sort Key: c
	        ->  Bitmap Heap Scan on sbtest6  (cost=30.13..3671.12 rows=946 width=121)
	              Recheck Cond: ((id >= 7431487) AND (id <= 7432486))
	              ->  Bitmap Index Scan on sbtest6_pkey  (cost=0.00..29.89 rows=946 width=0)
	                    Index Cond: ((id >= 7431487) AND (id <= 7432486))

table 7 : explain SELECT DISTINCT c FROM sbtest7 WHERE id BETWEEN 2234039 AND 2235038 ORDER BY c
	Unique  (cost=3662.89..3667.54 rows=931 width=121)
	  ->  Sort  (cost=3662.89..3665.21 rows=931 width=121)
	        Sort Key: c
	        ->  Bitmap Heap Scan on sbtest7  (cost=29.98..3616.97 rows=931 width=121)
	              Recheck Cond: ((id >= 2234039) AND (id <= 2235038))
	              ->  Bitmap Index Scan on sbtest7_pkey  (cost=0.00..29.75 rows=931 width=0)
	                    Index Cond: ((id >= 2234039) AND (id <= 2235038))

table 8 : explain SELECT DISTINCT c FROM sbtest8 WHERE id BETWEEN 4280796 AND 4281795 ORDER BY c
	Unique  (cost=4185.73..4191.07 rows=1068 width=121)
	  ->  Sort  (cost=4185.73..4188.40 rows=1068 width=121)
	        Sort Key: c
	        ->  Bitmap Heap Scan on sbtest8  (cost=31.38..4132.01 rows=1068 width=121)
	              Recheck Cond: ((id >= 4280796) AND (id <= 4281795))
	              ->  Bitmap Index Scan on sbtest8_pkey  (cost=0.00..31.11 rows=1068 width=0)
	                    Index Cond: ((id >= 4280796) AND (id <= 4281795))

for: simple_ranges
table 1 : explain SELECT c FROM sbtest1 WHERE id BETWEEN 7419151 AND 7420150
	Bitmap Heap Scan on sbtest1  (cost=30.67..3867.50 rows=999 width=121)
	  Recheck Cond: ((id >= 7419151) AND (id <= 7420150))
	  ->  Bitmap Index Scan on sbtest1_pkey  (cost=0.00..30.43 rows=999 width=0)
	        Index Cond: ((id >= 7419151) AND (id <= 7420150))

table 2 : explain SELECT c FROM sbtest2 WHERE id BETWEEN 804240 AND 805239
	Bitmap Heap Scan on sbtest2  (cost=30.15..3676.42 rows=948 width=121)
	  Recheck Cond: ((id >= 804240) AND (id <= 805239))
	  ->  Bitmap Index Scan on sbtest2_pkey  (cost=0.00..29.91 rows=948 width=0)
	        Index Cond: ((id >= 804240) AND (id <= 805239))

table 3 : explain SELECT c FROM sbtest3 WHERE id BETWEEN 7950661 AND 7951660
	Bitmap Heap Scan on sbtest3  (cost=31.65..4227.33 rows=1094 width=121)
	  Recheck Cond: ((id >= 7950661) AND (id <= 7951660))
	  ->  Bitmap Index Scan on sbtest3_pkey  (cost=0.00..31.37 rows=1094 width=0)
	        Index Cond: ((id >= 7950661) AND (id <= 7951660))

table 4 : explain SELECT c FROM sbtest4 WHERE id BETWEEN 4396948 AND 4397947
	Bitmap Heap Scan on sbtest4  (cost=30.42..3775.09 rows=974 width=121)
	  Recheck Cond: ((id >= 4396948) AND (id <= 4397947))
	  ->  Bitmap Index Scan on sbtest4_pkey  (cost=0.00..30.18 rows=974 width=0)
	        Index Cond: ((id >= 4396948) AND (id <= 4397947))

table 5 : explain SELECT c FROM sbtest5 WHERE id BETWEEN 215717 AND 216716
	Bitmap Heap Scan on sbtest5  (cost=30.26..3722.94 rows=959 width=121)
	  Recheck Cond: ((id >= 215717) AND (id <= 216716))
	  ->  Bitmap Index Scan on sbtest5_pkey  (cost=0.00..30.02 rows=959 width=0)
	        Index Cond: ((id >= 215717) AND (id <= 216716))

table 6 : explain SELECT c FROM sbtest6 WHERE id BETWEEN 1258036 AND 1259035
	Bitmap Heap Scan on sbtest6  (cost=31.07..4018.54 rows=1038 width=121)
	  Recheck Cond: ((id >= 1258036) AND (id <= 1259035))
	  ->  Bitmap Index Scan on sbtest6_pkey  (cost=0.00..30.82 rows=1038 width=0)
	        Index Cond: ((id >= 1258036) AND (id <= 1259035))

table 7 : explain SELECT c FROM sbtest7 WHERE id BETWEEN 5176909 AND 5177908
	Bitmap Heap Scan on sbtest7  (cost=30.43..3783.53 rows=975 width=121)
	  Recheck Cond: ((id >= 5176909) AND (id <= 5177908))
	  ->  Bitmap Index Scan on sbtest7_pkey  (cost=0.00..30.18 rows=975 width=0)
	        Index Cond: ((id >= 5176909) AND (id <= 5177908))

table 8 : explain SELECT c FROM sbtest8 WHERE id BETWEEN 1933879 AND 1934878
	Bitmap Heap Scan on sbtest8  (cost=30.73..3890.64 rows=1004 width=121)
	  Recheck Cond: ((id >= 1933879) AND (id <= 1934878))
	  ->  Bitmap Index Scan on sbtest8_pkey  (cost=0.00..30.47 rows=1004 width=0)
	        Index Cond: ((id >= 1933879) AND (id <= 1934878))

for: sum_ranges
table 1 : explain SELECT SUM(k) FROM sbtest1 WHERE id BETWEEN 3659187 AND 3660186
	Aggregate  (cost=4017.01..4017.02 rows=1 width=8)
	  ->  Bitmap Heap Scan on sbtest1  (cost=31.07..4014.42 rows=1038 width=4)
	        Recheck Cond: ((id >= 3659187) AND (id <= 3660186))
	        ->  Bitmap Index Scan on sbtest1_pkey  (cost=0.00..30.82 rows=1038 width=0)
	              Index Cond: ((id >= 3659187) AND (id <= 3660186))

table 2 : explain SELECT SUM(k) FROM sbtest2 WHERE id BETWEEN 6488334 AND 6489333
	Aggregate  (cost=3693.91..3693.92 rows=1 width=8)
	  ->  Bitmap Heap Scan on sbtest2  (cost=30.19..3691.53 rows=952 width=4)
	        Recheck Cond: ((id >= 6488334) AND (id <= 6489333))
	        ->  Bitmap Index Scan on sbtest2_pkey  (cost=0.00..29.95 rows=952 width=0)
	              Index Cond: ((id >= 6488334) AND (id <= 6489333))

table 3 : explain SELECT SUM(k) FROM sbtest3 WHERE id BETWEEN 6312276 AND 6313275
	Aggregate  (cost=3868.22..3868.23 rows=1 width=8)
	  ->  Bitmap Heap Scan on sbtest3  (cost=30.66..3865.73 rows=998 width=4)
	        Recheck Cond: ((id >= 6312276) AND (id <= 6313275))
	        ->  Bitmap Index Scan on sbtest3_pkey  (cost=0.00..30.41 rows=998 width=0)
	              Index Cond: ((id >= 6312276) AND (id <= 6313275))

table 4 : explain SELECT SUM(k) FROM sbtest4 WHERE id BETWEEN 2878548 AND 2879547
	Aggregate  (cost=3973.82..3973.83 rows=1 width=8)
	  ->  Bitmap Heap Scan on sbtest4  (cost=30.95..3971.25 rows=1026 width=4)
	        Recheck Cond: ((id >= 2878548) AND (id <= 2879547))
	        ->  Bitmap Index Scan on sbtest4_pkey  (cost=0.00..30.69 rows=1026 width=0)
	              Index Cond: ((id >= 2878548) AND (id <= 2879547))

table 5 : explain SELECT SUM(k) FROM sbtest5 WHERE id BETWEEN 792875 AND 793874
	Aggregate  (cost=3524.45..3524.46 rows=1 width=8)
	  ->  Bitmap Heap Scan on sbtest5  (cost=29.72..3522.18 rows=906 width=4)
	        Recheck Cond: ((id >= 792875) AND (id <= 793874))
	        ->  Bitmap Index Scan on sbtest5_pkey  (cost=0.00..29.50 rows=906 width=0)
	              Index Cond: ((id >= 792875) AND (id <= 793874))

table 6 : explain SELECT SUM(k) FROM sbtest6 WHERE id BETWEEN 5755441 AND 5756440
	Aggregate  (cost=3858.78..3858.79 rows=1 width=8)
	  ->  Bitmap Heap Scan on sbtest6  (cost=30.63..3856.29 rows=995 width=4)
	        Recheck Cond: ((id >= 5755441) AND (id <= 5756440))
	        ->  Bitmap Index Scan on sbtest6_pkey  (cost=0.00..30.39 rows=995 width=0)
	              Index Cond: ((id >= 5755441) AND (id <= 5756440))

table 7 : explain SELECT SUM(k) FROM sbtest7 WHERE id BETWEEN 1140006 AND 1141005
	Aggregate  (cost=3429.40..3429.41 rows=1 width=8)
	  ->  Bitmap Heap Scan on sbtest7  (cost=25.48..3427.20 rows=882 width=4)
	        Recheck Cond: ((id >= 1140006) AND (id <= 1141005))
	        ->  Bitmap Index Scan on sbtest7_pkey  (cost=0.00..25.25 rows=882 width=0)
	              Index Cond: ((id >= 1140006) AND (id <= 1141005))

table 8 : explain SELECT SUM(k) FROM sbtest8 WHERE id BETWEEN 9656863 AND 9657862
	Aggregate  (cost=3832.69..3832.70 rows=1 width=8)
	  ->  Bitmap Heap Scan on sbtest8  (cost=30.56..3830.22 rows=988 width=4)
	        Recheck Cond: ((id >= 9656863) AND (id <= 9657862))
	        ->  Bitmap Index Scan on sbtest8_pkey  (cost=0.00..30.32 rows=988 width=0)
	              Index Cond: ((id >= 9656863) AND (id <= 9657862))

for: sum_ranges
table 1 : explain SELECT SUM(k) FROM sbtest1 WHERE id BETWEEN 9317534 AND 9318533
	Aggregate  (cost=3715.24..3715.25 rows=1 width=8)
	  ->  Bitmap Heap Scan on sbtest1  (cost=30.25..3712.84 rows=958 width=4)
	        Recheck Cond: ((id >= 9317534) AND (id <= 9318533))
	        ->  Bitmap Index Scan on sbtest1_pkey  (cost=0.00..30.01 rows=958 width=0)
	              Index Cond: ((id >= 9317534) AND (id <= 9318533))

table 2 : explain SELECT SUM(k) FROM sbtest2 WHERE id BETWEEN 1666877 AND 1667876
	Aggregate  (cost=4172.97..4172.98 rows=1 width=8)
	  ->  Bitmap Heap Scan on sbtest2  (cost=31.49..4170.28 rows=1079 width=4)
	        Recheck Cond: ((id >= 1666877) AND (id <= 1667876))
	        ->  Bitmap Index Scan on sbtest2_pkey  (cost=0.00..31.22 rows=1079 width=0)
	              Index Cond: ((id >= 1666877) AND (id <= 1667876))

table 3 : explain SELECT SUM(k) FROM sbtest3 WHERE id BETWEEN 8476967 AND 8477966
	Aggregate  (cost=3758.69..3758.70 rows=1 width=8)
	  ->  Bitmap Heap Scan on sbtest3  (cost=30.37..3756.27 rows=969 width=4)
	        Recheck Cond: ((id >= 8476967) AND (id <= 8477966))
	        ->  Bitmap Index Scan on sbtest3_pkey  (cost=0.00..30.12 rows=969 width=0)
	              Index Cond: ((id >= 8476967) AND (id <= 8477966))

table 4 : explain SELECT SUM(k) FROM sbtest4 WHERE id BETWEEN 432402 AND 433401
	Aggregate  (cost=3951.19..3951.20 rows=1 width=8)
	  ->  Bitmap Heap Scan on sbtest4  (cost=30.89..3948.64 rows=1020 width=4)
	        Recheck Cond: ((id >= 432402) AND (id <= 433401))
	        ->  Bitmap Index Scan on sbtest4_pkey  (cost=0.00..30.64 rows=1020 width=0)
	              Index Cond: ((id >= 432402) AND (id <= 433401))

table 5 : explain SELECT SUM(k) FROM sbtest5 WHERE id BETWEEN 3229009 AND 3230008
	Aggregate  (cost=3698.83..3698.84 rows=1 width=8)
	  ->  Bitmap Heap Scan on sbtest5  (cost=30.19..3696.45 rows=952 width=4)
	        Recheck Cond: ((id >= 3229009) AND (id <= 3230008))
	        ->  Bitmap Index Scan on sbtest5_pkey  (cost=0.00..29.95 rows=952 width=0)
	              Index Cond: ((id >= 3229009) AND (id <= 3230008))

table 6 : explain SELECT SUM(k) FROM sbtest6 WHERE id BETWEEN 6564998 AND 6565997
	Aggregate  (cost=3866.34..3866.35 rows=1 width=8)
	  ->  Bitmap Heap Scan on sbtest6  (cost=30.65..3863.84 rows=997 width=4)
	        Recheck Cond: ((id >= 6564998) AND (id <= 6565997))
	        ->  Bitmap Index Scan on sbtest6_pkey  (cost=0.00..30.40 rows=997 width=0)
	              Index Cond: ((id >= 6564998) AND (id <= 6565997))

table 7 : explain SELECT SUM(k) FROM sbtest7 WHERE id BETWEEN 3187897 AND 3188896
	Aggregate  (cost=4092.17..4092.18 rows=1 width=8)
	  ->  Bitmap Heap Scan on sbtest7  (cost=31.26..4089.53 rows=1056 width=4)
	        Recheck Cond: ((id >= 3187897) AND (id <= 3188896))
	        ->  Bitmap Index Scan on sbtest7_pkey  (cost=0.00..31.00 rows=1056 width=0)
	              Index Cond: ((id >= 3187897) AND (id <= 3188896))

table 8 : explain SELECT SUM(k) FROM sbtest8 WHERE id BETWEEN 6129552 AND 6130551
	Aggregate  (cost=3544.85..3544.86 rows=1 width=8)
	  ->  Bitmap Heap Scan on sbtest8  (cost=25.79..3542.57 rows=913 width=4)
	        Recheck Cond: ((id >= 6129552) AND (id <= 6130551))
	        ->  Bitmap Index Scan on sbtest8_pkey  (cost=0.00..25.57 rows=913 width=0)
	              Index Cond: ((id >= 6129552) AND (id <= 6130551))

for: order_ranges
table 1 : explain SELECT c FROM sbtest1 WHERE id BETWEEN 3412513 AND 3413512 ORDER BY c
	Sort  (cost=4039.66..4042.24 rows=1031 width=121)
	  Sort Key: c
	  ->  Bitmap Heap Scan on sbtest1  (cost=31.00..3988.06 rows=1031 width=121)
	        Recheck Cond: ((id >= 3412513) AND (id <= 3413512))
	        ->  Bitmap Index Scan on sbtest1_pkey  (cost=0.00..30.75 rows=1031 width=0)
	              Index Cond: ((id >= 3412513) AND (id <= 3413512))

table 2 : explain SELECT c FROM sbtest2 WHERE id BETWEEN 1041954 AND 1042953 ORDER BY c
	Sort  (cost=3561.96..3564.23 rows=907 width=121)
	  Sort Key: c
	  ->  Bitmap Heap Scan on sbtest2  (cost=25.73..3517.40 rows=907 width=121)
	        Recheck Cond: ((id >= 1041954) AND (id <= 1042953))
	        ->  Bitmap Index Scan on sbtest2_pkey  (cost=0.00..25.50 rows=907 width=0)
	              Index Cond: ((id >= 1041954) AND (id <= 1042953))

table 3 : explain SELECT c FROM sbtest3 WHERE id BETWEEN 8138344 AND 8139343 ORDER BY c
	Sort  (cost=3869.48..3871.95 rows=986 width=121)
	  Sort Key: c
	  ->  Bitmap Heap Scan on sbtest3  (cost=30.54..3820.45 rows=986 width=121)
	        Recheck Cond: ((id >= 8138344) AND (id <= 8139343))
	        ->  Bitmap Index Scan on sbtest3_pkey  (cost=0.00..30.29 rows=986 width=0)
	              Index Cond: ((id >= 8138344) AND (id <= 8139343))

table 4 : explain SELECT c FROM sbtest4 WHERE id BETWEEN 4709236 AND 4710235 ORDER BY c
	Sort  (cost=3865.59..3868.05 rows=985 width=121)
	  Sort Key: c
	  ->  Bitmap Heap Scan on sbtest4  (cost=30.53..3816.62 rows=985 width=121)
	        Recheck Cond: ((id >= 4709236) AND (id <= 4710235))
	        ->  Bitmap Index Scan on sbtest4_pkey  (cost=0.00..30.29 rows=985 width=0)
	              Index Cond: ((id >= 4709236) AND (id <= 4710235))

table 5 : explain SELECT c FROM sbtest5 WHERE id BETWEEN 9954625 AND 9955624 ORDER BY c
	Sort  (cost=3747.39..3749.77 rows=953 width=121)
	  Sort Key: c
	  ->  Bitmap Heap Scan on sbtest5  (cost=30.20..3700.23 rows=953 width=121)
	        Recheck Cond: ((id >= 9954625) AND (id <= 9955624))
	        ->  Bitmap Index Scan on sbtest5_pkey  (cost=0.00..29.96 rows=953 width=0)
	              Index Cond: ((id >= 9954625) AND (id <= 9955624))

table 6 : explain SELECT c FROM sbtest6 WHERE id BETWEEN 5186814 AND 5187813 ORDER BY c
	Sort  (cost=3587.30..3589.58 rows=912 width=121)
	  Sort Key: c
	  ->  Bitmap Heap Scan on sbtest6  (cost=29.78..3542.46 rows=912 width=121)
	        Recheck Cond: ((id >= 5186814) AND (id <= 5187813))
	        ->  Bitmap Index Scan on sbtest6_pkey  (cost=0.00..29.55 rows=912 width=0)
	              Index Cond: ((id >= 5186814) AND (id <= 5187813))

table 7 : explain SELECT c FROM sbtest7 WHERE id BETWEEN 6512417 AND 6513416 ORDER BY c
	Sort  (cost=3778.17..3780.58 rows=961 width=121)
	  Sort Key: c
	  ->  Bitmap Heap Scan on sbtest7  (cost=30.29..3730.56 rows=961 width=121)
	        Recheck Cond: ((id >= 6512417) AND (id <= 6513416))
	        ->  Bitmap Index Scan on sbtest7_pkey  (cost=0.00..30.04 rows=961 width=0)
	              Index Cond: ((id >= 6512417) AND (id <= 6513416))

table 8 : explain SELECT c FROM sbtest8 WHERE id BETWEEN 9222805 AND 9223804 ORDER BY c
	Sort  (cost=3710.54..3712.90 rows=944 width=121)
	  Sort Key: c
	  ->  Bitmap Heap Scan on sbtest8  (cost=30.11..3663.90 rows=944 width=121)
	        Recheck Cond: ((id >= 9222805) AND (id <= 9223804))
	        ->  Bitmap Index Scan on sbtest8_pkey  (cost=0.00..29.87 rows=944 width=0)
	              Index Cond: ((id >= 9222805) AND (id <= 9223804))

for: order_ranges
table 1 : explain SELECT c FROM sbtest1 WHERE id BETWEEN 7076048 AND 7077047 ORDER BY c
	Sort  (cost=4253.55..4256.27 rows=1087 width=121)
	  Sort Key: c
	  ->  Bitmap Heap Scan on sbtest1  (cost=31.58..4198.73 rows=1087 width=121)
	        Recheck Cond: ((id >= 7076048) AND (id <= 7077047))
	        ->  Bitmap Index Scan on sbtest1_pkey  (cost=0.00..31.30 rows=1087 width=0)
	              Index Cond: ((id >= 7076048) AND (id <= 7077047))

table 2 : explain SELECT c FROM sbtest2 WHERE id BETWEEN 4340679 AND 4341678 ORDER BY c
	Sort  (cost=3926.37..3928.88 rows=1001 width=121)
	  Sort Key: c
	  ->  Bitmap Heap Scan on sbtest2  (cost=30.70..3876.49 rows=1001 width=121)
	        Recheck Cond: ((id >= 4340679) AND (id <= 4341678))
	        ->  Bitmap Index Scan on sbtest2_pkey  (cost=0.00..30.44 rows=1001 width=0)
	              Index Cond: ((id >= 4340679) AND (id <= 4341678))

table 3 : explain SELECT c FROM sbtest3 WHERE id BETWEEN 65592 AND 66591 ORDER BY c
	Sort  (cost=4030.28..4032.85 rows=1028 width=121)
	  Sort Key: c
	  ->  Bitmap Heap Scan on sbtest3  (cost=30.97..3978.85 rows=1028 width=121)
	        Recheck Cond: ((id >= 65592) AND (id <= 66591))
	        ->  Bitmap Index Scan on sbtest3_pkey  (cost=0.00..30.71 rows=1028 width=0)
	              Index Cond: ((id >= 65592) AND (id <= 66591))

table 4 : explain SELECT c FROM sbtest4 WHERE id BETWEEN 7763682 AND 7764681 ORDER BY c
	Sort  (cost=3995.78..3998.33 rows=1019 width=121)
	  Sort Key: c
	  ->  Bitmap Heap Scan on sbtest4  (cost=30.88..3944.87 rows=1019 width=121)
	        Recheck Cond: ((id >= 7763682) AND (id <= 7764681))
	        ->  Bitmap Index Scan on sbtest4_pkey  (cost=0.00..30.62 rows=1019 width=0)
	              Index Cond: ((id >= 7763682) AND (id <= 7764681))

table 5 : explain SELECT c FROM sbtest5 WHERE id BETWEEN 3601930 AND 3602929 ORDER BY c
	Sort  (cost=4096.53..4099.14 rows=1044 width=121)
	  Sort Key: c
	  ->  Bitmap Heap Scan on sbtest5  (cost=31.14..4044.18 rows=1044 width=121)
	        Recheck Cond: ((id >= 3601930) AND (id <= 3602929))
	        ->  Bitmap Index Scan on sbtest5_pkey  (cost=0.00..30.87 rows=1044 width=0)
	              Index Cond: ((id >= 3601930) AND (id <= 3602929))

table 6 : explain SELECT c FROM sbtest6 WHERE id BETWEEN 7407868 AND 7408867 ORDER BY c
	Sort  (cost=3737.07..3739.45 rows=951 width=121)
	  Sort Key: c
	  ->  Bitmap Heap Scan on sbtest6  (cost=30.18..3690.03 rows=951 width=121)
	        Recheck Cond: ((id >= 7407868) AND (id <= 7408867))
	        ->  Bitmap Index Scan on sbtest6_pkey  (cost=0.00..29.94 rows=951 width=0)
	              Index Cond: ((id >= 7407868) AND (id <= 7408867))

table 7 : explain SELECT c FROM sbtest7 WHERE id BETWEEN 4874910 AND 4875909 ORDER BY c
	Sort  (cost=3805.06..3807.48 rows=968 width=121)
	  Sort Key: c
	  ->  Bitmap Heap Scan on sbtest7  (cost=30.36..3757.05 rows=968 width=121)
	        Recheck Cond: ((id >= 4874910) AND (id <= 4875909))
	        ->  Bitmap Index Scan on sbtest7_pkey  (cost=0.00..30.11 rows=968 width=0)
	              Index Cond: ((id >= 4874910) AND (id <= 4875909))

table 8 : explain SELECT c FROM sbtest8 WHERE id BETWEEN 5131104 AND 5132103 ORDER BY c
	Sort  (cost=3833.35..3835.79 rows=976 width=121)
	  Sort Key: c
	  ->  Bitmap Heap Scan on sbtest8  (cost=30.44..3784.88 rows=976 width=121)
	        Recheck Cond: ((id >= 5131104) AND (id <= 5132103))
	        ->  Bitmap Index Scan on sbtest8_pkey  (cost=0.00..30.19 rows=976 width=0)
	              Index Cond: ((id >= 5131104) AND (id <= 5132103))

for: distinct_ranges
table 1 : explain SELECT DISTINCT c FROM sbtest1 WHERE id BETWEEN 4722879 AND 4723878 ORDER BY c
	Unique  (cost=3725.80..3730.54 rows=949 width=121)
	  ->  Sort  (cost=3725.80..3728.17 rows=949 width=121)
	        Sort Key: c
	        ->  Bitmap Heap Scan on sbtest1  (cost=30.16..3678.87 rows=949 width=121)
	              Recheck Cond: ((id >= 4722879) AND (id <= 4723878))
	              ->  Bitmap Index Scan on sbtest1_pkey  (cost=0.00..29.93 rows=949 width=0)
	                    Index Cond: ((id >= 4722879) AND (id <= 4723878))

table 2 : explain SELECT DISTINCT c FROM sbtest2 WHERE id BETWEEN 2614752 AND 2615751 ORDER BY c
	Unique  (cost=4178.79..4184.13 rows=1067 width=121)
	  ->  Sort  (cost=4178.79..4181.46 rows=1067 width=121)
	        Sort Key: c
	        ->  Bitmap Heap Scan on sbtest2  (cost=31.37..4125.13 rows=1067 width=121)
	              Recheck Cond: ((id >= 2614752) AND (id <= 2615751))
	              ->  Bitmap Index Scan on sbtest2_pkey  (cost=0.00..31.11 rows=1067 width=0)
	                    Index Cond: ((id >= 2614752) AND (id <= 2615751))

table 3 : explain SELECT DISTINCT c FROM sbtest3 WHERE id BETWEEN 6442383 AND 6443382 ORDER BY c
	Unique  (cost=4053.24..4058.41 rows=1034 width=121)
	  ->  Sort  (cost=4053.24..4055.82 rows=1034 width=121)
	        Sort Key: c
	        ->  Bitmap Heap Scan on sbtest3  (cost=31.03..4001.46 rows=1034 width=121)
	              Recheck Cond: ((id >= 6442383) AND (id <= 6443382))
	              ->  Bitmap Index Scan on sbtest3_pkey  (cost=0.00..30.77 rows=1034 width=0)
	                    Index Cond: ((id >= 6442383) AND (id <= 6443382))

table 4 : explain SELECT DISTINCT c FROM sbtest4 WHERE id BETWEEN 7202543 AND 7203542 ORDER BY c
	Unique  (cost=4164.06..4169.37 rows=1063 width=121)
	  ->  Sort  (cost=4164.06..4166.72 rows=1063 width=121)
	        Sort Key: c
	        ->  Bitmap Heap Scan on sbtest4  (cost=31.33..4110.62 rows=1063 width=121)
	              Recheck Cond: ((id >= 7202543) AND (id <= 7203542))
	              ->  Bitmap Index Scan on sbtest4_pkey  (cost=0.00..31.07 rows=1063 width=0)
	                    Index Cond: ((id >= 7202543) AND (id <= 7203542))

table 5 : explain SELECT DISTINCT c FROM sbtest5 WHERE id BETWEEN 1773141 AND 1774140 ORDER BY c
	Unique  (cost=3812.69..3817.54 rows=970 width=121)
	  ->  Sort  (cost=3812.69..3815.11 rows=970 width=121)
	        Sort Key: c
	        ->  Bitmap Heap Scan on sbtest5  (cost=30.38..3764.56 rows=970 width=121)
	              Recheck Cond: ((id >= 1773141) AND (id <= 1774140))
	              ->  Bitmap Index Scan on sbtest5_pkey  (cost=0.00..30.14 rows=970 width=0)
	                    Index Cond: ((id >= 1773141) AND (id <= 1774140))

table 6 : explain SELECT DISTINCT c FROM sbtest6 WHERE id BETWEEN 3605280 AND 3606279 ORDER BY c
	Unique  (cost=3940.33..3945.35 rows=1004 width=121)
	  ->  Sort  (cost=3940.33..3942.84 rows=1004 width=121)
	        Sort Key: c
	        ->  Bitmap Heap Scan on sbtest6  (cost=30.73..3890.27 rows=1004 width=121)
	              Recheck Cond: ((id >= 3605280) AND (id <= 3606279))
	              ->  Bitmap Index Scan on sbtest6_pkey  (cost=0.00..30.47 rows=1004 width=0)
	                    Index Cond: ((id >= 3605280) AND (id <= 3606279))

table 7 : explain SELECT DISTINCT c FROM sbtest7 WHERE id BETWEEN 5391071 AND 5392070 ORDER BY c
	Unique  (cost=3712.86..3717.58 rows=944 width=121)
	  ->  Sort  (cost=3712.86..3715.22 rows=944 width=121)
	        Sort Key: c
	        ->  Bitmap Heap Scan on sbtest7  (cost=30.11..3666.21 rows=944 width=121)
	              Recheck Cond: ((id >= 5391071) AND (id <= 5392070))
	              ->  Bitmap Index Scan on sbtest7_pkey  (cost=0.00..29.87 rows=944 width=0)
	                    Index Cond: ((id >= 5391071) AND (id <= 5392070))

table 8 : explain SELECT DISTINCT c FROM sbtest8 WHERE id BETWEEN 4260089 AND 4261088 ORDER BY c
	Unique  (cost=4185.73..4191.07 rows=1068 width=121)
	  ->  Sort  (cost=4185.73..4188.40 rows=1068 width=121)
	        Sort Key: c
	        ->  Bitmap Heap Scan on sbtest8  (cost=31.38..4132.01 rows=1068 width=121)
	              Recheck Cond: ((id >= 4260089) AND (id <= 4261088))
	              ->  Bitmap Index Scan on sbtest8_pkey  (cost=0.00..31.11 rows=1068 width=0)
	                    Index Cond: ((id >= 4260089) AND (id <= 4261088))

for: distinct_ranges
table 1 : explain SELECT DISTINCT c FROM sbtest1 WHERE id BETWEEN 3513269 AND 3514268 ORDER BY c
	Unique  (cost=3741.13..3745.89 rows=953 width=121)
	  ->  Sort  (cost=3741.13..3743.51 rows=953 width=121)
	        Sort Key: c
	        ->  Bitmap Heap Scan on sbtest1  (cost=30.20..3693.97 rows=953 width=121)
	              Recheck Cond: ((id >= 3513269) AND (id <= 3514268))
	              ->  Bitmap Index Scan on sbtest1_pkey  (cost=0.00..29.96 rows=953 width=0)
	                    Index Cond: ((id >= 3513269) AND (id <= 3514268))

table 2 : explain SELECT DISTINCT c FROM sbtest2 WHERE id BETWEEN 4071377 AND 4072376 ORDER BY c
	Unique  (cost=4018.22..4023.35 rows=1025 width=121)
	  ->  Sort  (cost=4018.22..4020.78 rows=1025 width=121)
	        Sort Key: c
	        ->  Bitmap Heap Scan on sbtest2  (cost=30.94..3966.96 rows=1025 width=121)
	              Recheck Cond: ((id >= 4071377) AND (id <= 4072376))
	              ->  Bitmap Index Scan on sbtest2_pkey  (cost=0.00..30.68 rows=1025 width=0)
	                    Index Cond: ((id >= 4071377) AND (id <= 4072376))

table 3 : explain SELECT DISTINCT c FROM sbtest3 WHERE id BETWEEN 7952248 AND 7953247 ORDER BY c
	Unique  (cost=4282.55..4288.02 rows=1094 width=121)
	  ->  Sort  (cost=4282.55..4285.28 rows=1094 width=121)
	        Sort Key: c
	        ->  Bitmap Heap Scan on sbtest3  (cost=31.65..4227.33 rows=1094 width=121)
	              Recheck Cond: ((id >= 7952248) AND (id <= 7953247))
	              ->  Bitmap Index Scan on sbtest3_pkey  (cost=0.00..31.37 rows=1094 width=0)
	                    Index Cond: ((id >= 7952248) AND (id <= 7953247))

table 4 : explain SELECT DISTINCT c FROM sbtest4 WHERE id BETWEEN 8401753 AND 8402752 ORDER BY c
	Unique  (cost=3746.77..3751.54 rows=954 width=121)
	  ->  Sort  (cost=3746.77..3749.15 rows=954 width=121)
	        Sort Key: c
	        ->  Bitmap Heap Scan on sbtest4  (cost=30.21..3699.55 rows=954 width=121)
	              Recheck Cond: ((id >= 8401753) AND (id <= 8402752))
	              ->  Bitmap Index Scan on sbtest4_pkey  (cost=0.00..29.97 rows=954 width=0)
	                    Index Cond: ((id >= 8401753) AND (id <= 8402752))

table 5 : explain SELECT DISTINCT c FROM sbtest5 WHERE id BETWEEN 3085402 AND 3086401 ORDER BY c
	Unique  (cost=3685.90..3690.59 rows=937 width=121)
	  ->  Sort  (cost=3685.90..3688.24 rows=937 width=121)
	        Sort Key: c
	        ->  Bitmap Heap Scan on sbtest5  (cost=30.04..3639.65 rows=937 width=121)
	              Recheck Cond: ((id >= 3085402) AND (id <= 3086401))
	              ->  Bitmap Index Scan on sbtest5_pkey  (cost=0.00..29.80 rows=937 width=0)
	                    Index Cond: ((id >= 3085402) AND (id <= 3086401))

table 6 : explain SELECT DISTINCT c FROM sbtest6 WHERE id BETWEEN 8284991 AND 8285990 ORDER BY c
	Unique  (cost=4147.07..4152.36 rows=1058 width=121)
	  ->  Sort  (cost=4147.07..4149.72 rows=1058 width=121)
	        Sort Key: c
	        ->  Bitmap Heap Scan on sbtest6  (cost=31.28..4093.92 rows=1058 width=121)
	              Recheck Cond: ((id >= 8284991) AND (id <= 8285990))
	              ->  Bitmap Index Scan on sbtest6_pkey  (cost=0.00..31.01 rows=1058 width=0)
	                    Index Cond: ((id >= 8284991) AND (id <= 8285990))

table 7 : explain SELECT DISTINCT c FROM sbtest7 WHERE id BETWEEN 6566579 AND 6567578 ORDER BY c
	Unique  (cost=4422.05..4427.69 rows=1128 width=121)
	  ->  Sort  (cost=4422.05..4424.87 rows=1128 width=121)
	        Sort Key: c
	        ->  Bitmap Heap Scan on sbtest7  (cost=36.00..4364.86 rows=1128 width=121)
	              Recheck Cond: ((id >= 6566579) AND (id <= 6567578))
	              ->  Bitmap Index Scan on sbtest7_pkey  (cost=0.00..35.72 rows=1128 width=0)
	                    Index Cond: ((id >= 6566579) AND (id <= 6567578))

table 8 : explain SELECT DISTINCT c FROM sbtest8 WHERE id BETWEEN 2533705 AND 2534704 ORDER BY c
	Unique  (cost=4254.56..4259.99 rows=1086 width=121)
	  ->  Sort  (cost=4254.56..4257.28 rows=1086 width=121)
	        Sort Key: c
	        ->  Bitmap Heap Scan on sbtest8  (cost=31.57..4199.80 rows=1086 width=121)
	              Recheck Cond: ((id >= 2533705) AND (id <= 2534704))
	              ->  Bitmap Index Scan on sbtest8_pkey  (cost=0.00..31.29 rows=1086 width=0)
	                    Index Cond: ((id >= 2533705) AND (id <= 2534704))

Threads started!

Warming up for 5 seconds...

SQL statistics:
    queries performed:
        read:                            90910756
        write:                           0
        other:                           16529259
        total:                           107440015
    transactions:                        8264649 (13118.33 per sec.)
    queries:                             107440015 (170537.67 per sec.)
    ignored errors:                      0      (0.00 per sec.)
    reconnects:                          0      (0.00 per sec.)

Throughput:
    events/s (eps):                      13118.3338
    time elapsed:                        630.0076s
    total number of events:              8264649

Latency (ms):
         min:                                    0.53
         avg:                                    3.05
         max:                                   26.96
         95th percentile:                        3.19
         sum:                             25191172.50

Threads fairness:
    events (avg/stddev):           206616.0000/492.18
    execution time (avg/stddev):   629.7793/0.00

