LUA_PATH=/home/mdcallag/git/mytools/bench/sysbench.lua/lua/?.lua /home/mdcallag/git/mytools/bench/sysbench.lua/lua/sysbench --db-driver=pgsql --range-size=10000 --table-size=10000000 --tables=8 --threads=40 --events=0 --warmup-time=5 --time=630 --pgsql_conn_id=true /home/mdcallag/git/mytools/bench/sysbench.lua/lua/oltp_read_only.lua run --pgsql-user=root --pgsql-password=pw --pgsql-host=127.0.0.1 --pgsql-db=ib --rand-type=uniform
48 CPUs
sysbench 1.1.0-9072687 (using bundled LuaJIT 2.1.0-beta3)

Running the test with following options:
Number of threads: 40
Warmup time: 5s
Initializing random number generator from current time


Initializing worker threads...

explain: for point_selects :: explain SELECT c FROM sbtest%u WHERE id=%u
for point_selects
table 1 : explain SELECT c FROM sbtest1 WHERE id=9992564
	Index Scan using sbtest1_pkey on sbtest1  (cost=0.43..8.45 rows=1 width=121)
	  Index Cond: (id = 9992564)

table 2 : explain SELECT c FROM sbtest2 WHERE id=8024420
	Index Scan using sbtest2_pkey on sbtest2  (cost=0.43..8.45 rows=1 width=121)
	  Index Cond: (id = 8024420)

table 3 : explain SELECT c FROM sbtest3 WHERE id=4945424
	Index Scan using sbtest3_pkey on sbtest3  (cost=0.43..8.45 rows=1 width=121)
	  Index Cond: (id = 4945424)

table 4 : explain SELECT c FROM sbtest4 WHERE id=2634627
	Index Scan using sbtest4_pkey on sbtest4  (cost=0.43..8.45 rows=1 width=121)
	  Index Cond: (id = 2634627)

table 5 : explain SELECT c FROM sbtest5 WHERE id=5957464
	Index Scan using sbtest5_pkey on sbtest5  (cost=0.43..8.45 rows=1 width=121)
	  Index Cond: (id = 5957464)

table 6 : explain SELECT c FROM sbtest6 WHERE id=9398331
	Index Scan using sbtest6_pkey on sbtest6  (cost=0.43..8.45 rows=1 width=121)
	  Index Cond: (id = 9398331)

table 7 : explain SELECT c FROM sbtest7 WHERE id=2725569
	Index Scan using sbtest7_pkey on sbtest7  (cost=0.43..8.45 rows=1 width=121)
	  Index Cond: (id = 2725569)

table 8 : explain SELECT c FROM sbtest8 WHERE id=8546317
	Index Scan using sbtest8_pkey on sbtest8  (cost=0.43..8.45 rows=1 width=121)
	  Index Cond: (id = 8546317)

explain: for point_selects :: explain SELECT c FROM sbtest%u WHERE id=%u
explain: for point_selects :: explain SELECT c FROM sbtest%u WHERE id=%u
explain: for point_selects :: explain SELECT c FROM sbtest%u WHERE id=%u
for: simple_ranges
table 1 : explain SELECT c FROM sbtest1 WHERE id BETWEEN 3600436 AND 3610435
	Bitmap Heap Scan on sbtest1  (cost=286.84..35714.65 rows=10381 width=121)
	  Recheck Cond: ((id >= 3600436) AND (id <= 3610435))
	  ->  Bitmap Index Scan on sbtest1_pkey  (cost=0.00..284.25 rows=10381 width=0)
	        Index Cond: ((id >= 3600436) AND (id <= 3610435))

table 2 : explain SELECT c FROM sbtest2 WHERE id BETWEEN 6140928 AND 6150927
	Bitmap Heap Scan on sbtest2  (cost=275.05..34609.88 rows=10011 width=121)
	  Recheck Cond: ((id >= 6140928) AND (id <= 6150927))
	  ->  Bitmap Index Scan on sbtest2_pkey  (cost=0.00..272.55 rows=10011 width=0)
	        Index Cond: ((id >= 6140928) AND (id <= 6150927))

table 3 : explain SELECT c FROM sbtest3 WHERE id BETWEEN 9880770 AND 9890769
	Bitmap Heap Scan on sbtest3  (cost=281.54..35392.78 rows=10254 width=121)
	  Recheck Cond: ((id >= 9880770) AND (id <= 9890769))
	  ->  Bitmap Index Scan on sbtest3_pkey  (cost=0.00..278.98 rows=10254 width=0)
	        Index Cond: ((id >= 9880770) AND (id <= 9890769))

table 4 : explain SELECT c FROM sbtest4 WHERE id BETWEEN 4704606 AND 4714605
	Bitmap Heap Scan on sbtest4  (cost=269.39..34113.50 rows=9849 width=121)
	  Recheck Cond: ((id >= 4704606) AND (id <= 4714605))
	  ->  Bitmap Index Scan on sbtest4_pkey  (cost=0.00..266.93 rows=9849 width=0)
	        Index Cond: ((id >= 4704606) AND (id <= 4714605))

table 5 : explain SELECT c FROM sbtest5 WHERE id BETWEEN 4223035 AND 4233034
	Bitmap Heap Scan on sbtest5  (cost=264.21..32682.08 rows=9344 width=121)
	  Recheck Cond: ((id >= 4223035) AND (id <= 4233034))
	  ->  Bitmap Index Scan on sbtest5_pkey  (cost=0.00..261.88 rows=9344 width=0)
	        Index Cond: ((id >= 4223035) AND (id <= 4233034))

table 6 : explain SELECT c FROM sbtest6 WHERE id BETWEEN 5132307 AND 5142306
	Bitmap Heap Scan on sbtest6  (cost=257.93..31875.83 rows=9121 width=121)
	  Recheck Cond: ((id >= 5132307) AND (id <= 5142306))
	  ->  Bitmap Index Scan on sbtest6_pkey  (cost=0.00..255.65 rows=9121 width=0)
	        Index Cond: ((id >= 5132307) AND (id <= 5142306))

table 7 : explain SELECT c FROM sbtest7 WHERE id BETWEEN 9784587 AND 9794586
	Bitmap Heap Scan on sbtest7  (cost=281.71..34398.97 rows=9880 width=121)
	  Recheck Cond: ((id >= 9784587) AND (id <= 9794586))
	  ->  Bitmap Index Scan on sbtest7_pkey  (cost=0.00..279.24 rows=9880 width=0)
	        Index Cond: ((id >= 9784587) AND (id <= 9794586))

table 8 : explain SELECT c FROM sbtest8 WHERE id BETWEEN 5371698 AND 5381697
	Bitmap Heap Scan on sbtest8  (cost=279.24..34775.78 rows=10030 width=121)
	  Recheck Cond: ((id >= 5371698) AND (id <= 5381697))
	  ->  Bitmap Index Scan on sbtest8_pkey  (cost=0.00..276.74 rows=10030 width=0)
	        Index Cond: ((id >= 5371698) AND (id <= 5381697))

explain: for point_selects :: explain SELECT c FROM sbtest%u WHERE id=%u
explain: for point_selects :: explain SELECT c FROM sbtest%u WHERE id=%u
for point_selects
table 1 : explain SELECT c FROM sbtest1 WHERE id=2734103
	Index Scan using sbtest1_pkey on sbtest1  (cost=0.43..8.45 rows=1 width=121)
	  Index Cond: (id = 2734103)

table 2 : explain SELECT c FROM sbtest2 WHERE id=5581157
	Index Scan using sbtest2_pkey on sbtest2  (cost=0.43..8.45 rows=1 width=121)
	  Index Cond: (id = 5581157)

table 3 : explain SELECT c FROM sbtest3 WHERE id=9527733
	Index Scan using sbtest3_pkey on sbtest3  (cost=0.43..8.45 rows=1 width=121)
	  Index Cond: (id = 9527733)

table 4 : explain SELECT c FROM sbtest4 WHERE id=2318251
	Index Scan using sbtest4_pkey on sbtest4  (cost=0.43..8.45 rows=1 width=121)
	  Index Cond: (id = 2318251)

table 5 : explain SELECT c FROM sbtest5 WHERE id=7092678
	Index Scan using sbtest5_pkey on sbtest5  (cost=0.43..8.45 rows=1 width=121)
	  Index Cond: (id = 7092678)

table 6 : explain SELECT c FROM sbtest6 WHERE id=5315250
	Index Scan using sbtest6_pkey on sbtest6  (cost=0.43..8.45 rows=1 width=121)
	  Index Cond: (id = 5315250)

table 7 : explain SELECT c FROM sbtest7 WHERE id=4172036
	Index Scan using sbtest7_pkey on sbtest7  (cost=0.43..8.45 rows=1 width=121)
	  Index Cond: (id = 4172036)

table 8 : explain SELECT c FROM sbtest8 WHERE id=7376006
	Index Scan using sbtest8_pkey on sbtest8  (cost=0.43..8.45 rows=1 width=121)
	  Index Cond: (id = 7376006)

for point_selects
table 1 : explain SELECT c FROM sbtest1 WHERE id=5633172
	Index Scan using sbtest1_pkey on sbtest1  (cost=0.43..8.45 rows=1 width=121)
	  Index Cond: (id = 5633172)

table 2 : explain SELECT c FROM sbtest2 WHERE id=4994460
	Index Scan using sbtest2_pkey on sbtest2  (cost=0.43..8.45 rows=1 width=121)
	  Index Cond: (id = 4994460)

table 3 : explain SELECT c FROM sbtest3 WHERE id=2227079
	Index Scan using sbtest3_pkey on sbtest3  (cost=0.43..8.45 rows=1 width=121)
	  Index Cond: (id = 2227079)

table 4 : explain SELECT c FROM sbtest4 WHERE id=6314741
	Index Scan using sbtest4_pkey on sbtest4  (cost=0.43..8.45 rows=1 width=121)
	  Index Cond: (id = 6314741)

table 5 : explain SELECT c FROM sbtest5 WHERE id=3137265
	Index Scan using sbtest5_pkey on sbtest5  (cost=0.43..8.45 rows=1 width=121)
	  Index Cond: (id = 3137265)

table 6 : explain SELECT c FROM sbtest6 WHERE id=3993038
	Index Scan using sbtest6_pkey on sbtest6  (cost=0.43..8.45 rows=1 width=121)
	  Index Cond: (id = 3993038)

table 7 : explain SELECT c FROM sbtest7 WHERE id=1768232
	Index Scan using sbtest7_pkey on sbtest7  (cost=0.43..8.45 rows=1 width=121)
	  Index Cond: (id = 1768232)

table 8 : explain SELECT c FROM sbtest8 WHERE id=1575661
	Index Scan using sbtest8_pkey on sbtest8  (cost=0.43..8.45 rows=1 width=121)
	  Index Cond: (id = 1575661)

for: simple_ranges
table 1 : explain SELECT c FROM sbtest1 WHERE id BETWEEN 90462 AND 100461
	Bitmap Heap Scan on sbtest1  (cost=272.09..33651.66 rows=9722 width=121)
	  Recheck Cond: ((id >= 90462) AND (id <= 100461))
	  ->  Bitmap Index Scan on sbtest1_pkey  (cost=0.00..269.66 rows=9722 width=0)
	        Index Cond: ((id >= 90462) AND (id <= 100461))

table 2 : explain SELECT c FROM sbtest2 WHERE id BETWEEN 5521263 AND 5531262
	Bitmap Heap Scan on sbtest2  (cost=267.18..33421.28 rows=9634 width=121)
	  Recheck Cond: ((id >= 5521263) AND (id <= 5531262))
	  ->  Bitmap Index Scan on sbtest2_pkey  (cost=0.00..264.78 rows=9634 width=0)
	        Index Cond: ((id >= 5521263) AND (id <= 5531262))

table 3 : explain SELECT c FROM sbtest3 WHERE id BETWEEN 3270151 AND 3280150
	Bitmap Heap Scan on sbtest3  (cost=282.72..35750.23 rows=10369 width=121)
	  Recheck Cond: ((id >= 3270151) AND (id <= 3280150))
	  ->  Bitmap Index Scan on sbtest3_pkey  (cost=0.00..280.12 rows=10369 width=0)
	        Index Cond: ((id >= 3270151) AND (id <= 3280150))

table 4 : explain SELECT c FROM sbtest4 WHERE id BETWEEN 2022773 AND 2032772
	Bitmap Heap Scan on sbtest4  (cost=269.42..34123.21 rows=9852 width=121)
	  Recheck Cond: ((id >= 2022773) AND (id <= 2032772))
	  ->  Bitmap Index Scan on sbtest4_pkey  (cost=0.00..266.95 rows=9852 width=0)
	        Index Cond: ((id >= 2022773) AND (id <= 2032772))

table 5 : explain SELECT c FROM sbtest5 WHERE id BETWEEN 3933799 AND 3943798
	Bitmap Heap Scan on sbtest5  (cost=289.87..35682.17 rows=10286 width=121)
	  Recheck Cond: ((id >= 3933799) AND (id <= 3943798))
	  ->  Bitmap Index Scan on sbtest5_pkey  (cost=0.00..287.30 rows=10286 width=0)
	        Index Cond: ((id >= 3933799) AND (id <= 3943798))

table 6 : explain SELECT c FROM sbtest6 WHERE id BETWEEN 3160886 AND 3170885
	Bitmap Heap Scan on sbtest6  (cost=263.85..32478.59 rows=9309 width=121)
	  Recheck Cond: ((id >= 3160886) AND (id <= 3170885))
	  ->  Bitmap Index Scan on sbtest6_pkey  (cost=0.00..261.53 rows=9309 width=0)
	        Index Cond: ((id >= 3160886) AND (id <= 3170885))

table 7 : explain SELECT c FROM sbtest7 WHERE id BETWEEN 2231164 AND 2241163
	Bitmap Heap Scan on sbtest7  (cost=269.28..33018.70 rows=9448 width=121)
	  Recheck Cond: ((id >= 2231164) AND (id <= 2241163))
	  ->  Bitmap Index Scan on sbtest7_pkey  (cost=0.00..266.92 rows=9448 width=0)
	        Index Cond: ((id >= 2231164) AND (id <= 2241163))

table 8 : explain SELECT c FROM sbtest8 WHERE id BETWEEN 8697993 AND 8707992
	Bitmap Heap Scan on sbtest8  (cost=272.53..33937.38 rows=9765 width=121)
	  Recheck Cond: ((id >= 8697993) AND (id <= 8707992))
	  ->  Bitmap Index Scan on sbtest8_pkey  (cost=0.00..270.08 rows=9765 width=0)
	        Index Cond: ((id >= 8697993) AND (id <= 8707992))

explain: for point_selects :: explain SELECT c FROM sbtest%u WHERE id=%u
explain: for point_selects :: explain SELECT c FROM sbtest%u WHERE id=%u
explain: for point_selects :: explain SELECT c FROM sbtest%u WHERE id=%u
explain: for point_selects :: explain SELECT c FROM sbtest%u WHERE id=%u
for point_selects
table 1 : explain SELECT c FROM sbtest1 WHERE id=4332315
	Index Scan using sbtest1_pkey on sbtest1  (cost=0.43..8.45 rows=1 width=121)
	  Index Cond: (id = 4332315)

table 2 : explain SELECT c FROM sbtest2 WHERE id=1096576
	Index Scan using sbtest2_pkey on sbtest2  (cost=0.43..8.45 rows=1 width=121)
	  Index Cond: (id = 1096576)

table 3 : explain SELECT c FROM sbtest3 WHERE id=4378147
	Index Scan using sbtest3_pkey on sbtest3  (cost=0.43..8.45 rows=1 width=121)
	  Index Cond: (id = 4378147)

table 4 : explain SELECT c FROM sbtest4 WHERE id=2404907
	Index Scan using sbtest4_pkey on sbtest4  (cost=0.43..8.45 rows=1 width=121)
	  Index Cond: (id = 2404907)

table 5 : explain SELECT c FROM sbtest5 WHERE id=3208919
	Index Scan using sbtest5_pkey on sbtest5  (cost=0.43..8.45 rows=1 width=121)
	  Index Cond: (id = 3208919)

table 6 : explain SELECT c FROM sbtest6 WHERE id=3747027
	Index Scan using sbtest6_pkey on sbtest6  (cost=0.43..8.45 rows=1 width=121)
	  Index Cond: (id = 3747027)

table 7 : explain SELECT c FROM sbtest7 WHERE id=1966499
	Index Scan using sbtest7_pkey on sbtest7  (cost=0.43..8.45 rows=1 width=121)
	  Index Cond: (id = 1966499)

table 8 : explain SELECT c FROM sbtest8 WHERE id=7791515
	Index Scan using sbtest8_pkey on sbtest8  (cost=0.43..8.45 rows=1 width=121)
	  Index Cond: (id = 7791515)

for point_selects
table 1 : explain SELECT c FROM sbtest1 WHERE id=7492581
	Index Scan using sbtest1_pkey on sbtest1  (cost=0.43..8.45 rows=1 width=121)
	  Index Cond: (id = 7492581)

table 2 : explain SELECT c FROM sbtest2 WHERE id=3557926
	Index Scan using sbtest2_pkey on sbtest2  (cost=0.43..8.45 rows=1 width=121)
	  Index Cond: (id = 3557926)

table 3 : explain SELECT c FROM sbtest3 WHERE id=7869476
	Index Scan using sbtest3_pkey on sbtest3  (cost=0.43..8.45 rows=1 width=121)
	  Index Cond: (id = 7869476)

table 4 : explain SELECT c FROM sbtest4 WHERE id=1432080
	Index Scan using sbtest4_pkey on sbtest4  (cost=0.43..8.45 rows=1 width=121)
	  Index Cond: (id = 1432080)

table 5 : explain SELECT c FROM sbtest5 WHERE id=5655184
	Index Scan using sbtest5_pkey on sbtest5  (cost=0.43..8.45 rows=1 width=121)
	  Index Cond: (id = 5655184)

table 6 : explain SELECT c FROM sbtest6 WHERE id=7243187
	Index Scan using sbtest6_pkey on sbtest6  (cost=0.43..8.45 rows=1 width=121)
	  Index Cond: (id = 7243187)

table 7 : explain SELECT c FROM sbtest7 WHERE id=2131293
	Index Scan using sbtest7_pkey on sbtest7  (cost=0.43..8.45 rows=1 width=121)
	  Index Cond: (id = 2131293)

table 8 : explain SELECT c FROM sbtest8 WHERE id=7444167
	Index Scan using sbtest8_pkey on sbtest8  (cost=0.43..8.45 rows=1 width=121)
	  Index Cond: (id = 7444167)

for: simple_ranges
table 1 : explain SELECT c FROM sbtest1 WHERE id BETWEEN 1548168 AND 1558167
	Bitmap Heap Scan on sbtest1  (cost=273.68..34139.53 rows=9878 width=121)
	  Recheck Cond: ((id >= 1548168) AND (id <= 1558167))
	  ->  Bitmap Index Scan on sbtest1_pkey  (cost=0.00..271.21 rows=9878 width=0)
	        Index Cond: ((id >= 1548168) AND (id <= 1558167))

table 2 : explain SELECT c FROM sbtest2 WHERE id BETWEEN 5081097 AND 5091096
	Bitmap Heap Scan on sbtest2  (cost=280.12..34939.84 rows=10116 width=121)
	  Recheck Cond: ((id >= 5081097) AND (id <= 5091096))
	  ->  Bitmap Index Scan on sbtest2_pkey  (cost=0.00..277.59 rows=10116 width=0)
	        Index Cond: ((id >= 5081097) AND (id <= 5091096))

table 3 : explain SELECT c FROM sbtest3 WHERE id BETWEEN 2165820 AND 2175819
	Bitmap Heap Scan on sbtest3  (cost=243.31..30991.31 rows=8866 width=121)
	  Recheck Cond: ((id >= 2165820) AND (id <= 2175819))
	  ->  Bitmap Index Scan on sbtest3_pkey  (cost=0.00..241.09 rows=8866 width=0)
	        Index Cond: ((id >= 2165820) AND (id <= 2175819))

table 4 : explain SELECT c FROM sbtest4 WHERE id BETWEEN 9623424 AND 9633423
	Bitmap Heap Scan on sbtest4  (cost=275.72..34832.09 rows=10077 width=121)
	  Recheck Cond: ((id >= 9623424) AND (id <= 9633423))
	  ->  Bitmap Index Scan on sbtest4_pkey  (cost=0.00..273.20 rows=10077 width=0)
	        Index Cond: ((id >= 9623424) AND (id <= 9633423))

table 5 : explain SELECT c FROM sbtest5 WHERE id BETWEEN 1148565 AND 1158564
	Bitmap Heap Scan on sbtest5  (cost=319.71..38702.09 rows=11246 width=121)
	  Recheck Cond: ((id >= 1148565) AND (id <= 1158564))
	  ->  Bitmap Index Scan on sbtest5_pkey  (cost=0.00..316.90 rows=11246 width=0)
	        Index Cond: ((id >= 1148565) AND (id <= 1158564))

table 6 : explain SELECT c FROM sbtest6 WHERE id BETWEEN 4082270 AND 4092269
	Bitmap Heap Scan on sbtest6  (cost=283.91..34969.14 rows=10095 width=121)
	  Recheck Cond: ((id >= 4082270) AND (id <= 4092269))
	  ->  Bitmap Index Scan on sbtest6_pkey  (cost=0.00..281.38 rows=10095 width=0)
	        Index Cond: ((id >= 4082270) AND (id <= 4092269))

table 7 : explain SELECT c FROM sbtest7 WHERE id BETWEEN 2562951 AND 2572950
	Bitmap Heap Scan on sbtest7  (cost=319.16..38540.46 rows=11193 width=121)
	  Recheck Cond: ((id >= 2562951) AND (id <= 2572950))
	  ->  Bitmap Index Scan on sbtest7_pkey  (cost=0.00..316.37 rows=11193 width=0)
	        Index Cond: ((id >= 2562951) AND (id <= 2572950))

table 8 : explain SELECT c FROM sbtest8 WHERE id BETWEEN 6501490 AND 6511489
	Bitmap Heap Scan on sbtest8  (cost=272.23..33846.31 rows=9736 width=121)
	  Recheck Cond: ((id >= 6501490) AND (id <= 6511489))
	  ->  Bitmap Index Scan on sbtest8_pkey  (cost=0.00..269.80 rows=9736 width=0)
	        Index Cond: ((id >= 6501490) AND (id <= 6511489))

for point_selects
table 1 : explain SELECT c FROM sbtest1 WHERE id=385736
	Index Scan using sbtest1_pkey on sbtest1  (cost=0.43..8.45 rows=1 width=121)
	  Index Cond: (id = 385736)

table 2 : explain SELECT c FROM sbtest2 WHERE id=849136
	Index Scan using sbtest2_pkey on sbtest2  (cost=0.43..8.45 rows=1 width=121)
	  Index Cond: (id = 849136)

table 3 : explain SELECT c FROM sbtest3 WHERE id=6692532
	Index Scan using sbtest3_pkey on sbtest3  (cost=0.43..8.45 rows=1 width=121)
	  Index Cond: (id = 6692532)

table 4 : explain SELECT c FROM sbtest4 WHERE id=8159056
	Index Scan using sbtest4_pkey on sbtest4  (cost=0.43..8.45 rows=1 width=121)
	  Index Cond: (id = 8159056)

table 5 : explain SELECT c FROM sbtest5 WHERE id=4869683
	Index Scan using sbtest5_pkey on sbtest5  (cost=0.43..8.45 rows=1 width=121)
	  Index Cond: (id = 4869683)

table 6 : explain SELECT c FROM sbtest6 WHERE id=8308119
	Index Scan using sbtest6_pkey on sbtest6  (cost=0.43..8.45 rows=1 width=121)
	  Index Cond: (id = 8308119)

table 7 : explain SELECT c FROM sbtest7 WHERE id=8121462
	Index Scan using sbtest7_pkey on sbtest7  (cost=0.43..8.45 rows=1 width=121)
	  Index Cond: (id = 8121462)

table 8 : explain SELECT c FROM sbtest8 WHERE id=696680
	Index Scan using sbtest8_pkey on sbtest8  (cost=0.43..8.45 rows=1 width=121)
	  Index Cond: (id = 696680)

for: simple_ranges
table 1 : explain SELECT c FROM sbtest1 WHERE id BETWEEN 7376777 AND 7386776
	Bitmap Heap Scan on sbtest1  (cost=297.72..36593.77 rows=10662 width=121)
	  Recheck Cond: ((id >= 7376777) AND (id <= 7386776))
	  ->  Bitmap Index Scan on sbtest1_pkey  (cost=0.00..295.06 rows=10662 width=0)
	        Index Cond: ((id >= 7376777) AND (id <= 7386776))

table 2 : explain SELECT c FROM sbtest2 WHERE id BETWEEN 1400403 AND 1410402
	Bitmap Heap Scan on sbtest2  (cost=273.73..34205.91 rows=9882 width=121)
	  Recheck Cond: ((id >= 1400403) AND (id <= 1410402))
	  ->  Bitmap Index Scan on sbtest2_pkey  (cost=0.00..271.25 rows=9882 width=0)
	        Index Cond: ((id >= 1400403) AND (id <= 1410402))

table 3 : explain SELECT c FROM sbtest3 WHERE id BETWEEN 3712764 AND 3722763
	Bitmap Heap Scan on sbtest3  (cost=295.43..37186.36 rows=10829 width=121)
	  Recheck Cond: ((id >= 3712764) AND (id <= 3722763))
	  ->  Bitmap Index Scan on sbtest3_pkey  (cost=0.00..292.73 rows=10829 width=0)
	        Index Cond: ((id >= 3712764) AND (id <= 3722763))

table 4 : explain SELECT c FROM sbtest4 WHERE id BETWEEN 5443214 AND 5453213
	Bitmap Heap Scan on sbtest4  (cost=281.71..35442.43 rows=10271 width=121)
	  Recheck Cond: ((id >= 5443214) AND (id <= 5453213))
	  ->  Bitmap Index Scan on sbtest4_pkey  (cost=0.00..279.15 rows=10271 width=0)
	        Index Cond: ((id >= 5443214) AND (id <= 5453213))

table 5 : explain SELECT c FROM sbtest5 WHERE id BETWEEN 222217 AND 232216
	Bitmap Heap Scan on sbtest5  (cost=270.76..33478.55 rows=9593 width=121)
	  Recheck Cond: ((id >= 222217) AND (id <= 232216))
	  ->  Bitmap Index Scan on sbtest5_pkey  (cost=0.00..268.37 rows=9593 width=0)
	        Index Cond: ((id >= 222217) AND (id <= 232216))

table 6 : explain SELECT c FROM sbtest6 WHERE id BETWEEN 2724738 AND 2734737
	Bitmap Heap Scan on sbtest6  (cost=289.87..35574.59 rows=10286 width=121)
	  Recheck Cond: ((id >= 2724738) AND (id <= 2734737))
	  ->  Bitmap Index Scan on sbtest6_pkey  (cost=0.00..287.30 rows=10286 width=0)
	        Index Cond: ((id >= 2724738) AND (id <= 2734737))

table 7 : explain SELECT c FROM sbtest7 WHERE id BETWEEN 2593266 AND 2603265
	Bitmap Heap Scan on sbtest7  (cost=319.16..38540.46 rows=11193 width=121)
	  Recheck Cond: ((id >= 2593266) AND (id <= 2603265))
	  ->  Bitmap Index Scan on sbtest7_pkey  (cost=0.00..316.37 rows=11193 width=0)
	        Index Cond: ((id >= 2593266) AND (id <= 2603265))

table 8 : explain SELECT c FROM sbtest8 WHERE id BETWEEN 9984947 AND 9994946
	Bitmap Heap Scan on sbtest8  (cost=278.60..34577.97 rows=9967 width=121)
	  Recheck Cond: ((id >= 9984947) AND (id <= 9994946))
	  ->  Bitmap Index Scan on sbtest8_pkey  (cost=0.00..276.11 rows=9967 width=0)
	        Index Cond: ((id >= 9984947) AND (id <= 9994946))

for: simple_ranges
table 1 : explain SELECT c FROM sbtest1 WHERE id BETWEEN 2469164 AND 2479163
	Bitmap Heap Scan on sbtest1  (cost=273.01..33932.87 rows=9812 width=121)
	  Recheck Cond: ((id >= 2469164) AND (id <= 2479163))
	  ->  Bitmap Index Scan on sbtest1_pkey  (cost=0.00..270.56 rows=9812 width=0)
	        Index Cond: ((id >= 2469164) AND (id <= 2479163))

table 2 : explain SELECT c FROM sbtest2 WHERE id BETWEEN 1305845 AND 1315844
	Bitmap Heap Scan on sbtest2  (cost=280.90..35178.38 rows=10192 width=121)
	  Recheck Cond: ((id >= 1305845) AND (id <= 1315844))
	  ->  Bitmap Index Scan on sbtest2_pkey  (cost=0.00..278.36 rows=10192 width=0)
	        Index Cond: ((id >= 1305845) AND (id <= 1315844))

table 3 : explain SELECT c FROM sbtest3 WHERE id BETWEEN 9808590 AND 9818589
	Bitmap Heap Scan on sbtest3  (cost=281.54..35392.78 rows=10254 width=121)
	  Recheck Cond: ((id >= 9808590) AND (id <= 9818589))
	  ->  Bitmap Index Scan on sbtest3_pkey  (cost=0.00..278.98 rows=10254 width=0)
	        Index Cond: ((id >= 9808590) AND (id <= 9818589))

table 4 : explain SELECT c FROM sbtest4 WHERE id BETWEEN 9678717 AND 9688716
	Bitmap Heap Scan on sbtest4  (cost=275.72..34832.09 rows=10077 width=121)
	  Recheck Cond: ((id >= 9678717) AND (id <= 9688716))
	  ->  Bitmap Index Scan on sbtest4_pkey  (cost=0.00..273.20 rows=10077 width=0)
	        Index Cond: ((id >= 9678717) AND (id <= 9688716))

table 5 : explain SELECT c FROM sbtest5 WHERE id BETWEEN 4367066 AND 4377065
	Bitmap Heap Scan on sbtest5  (cost=296.14..36382.62 rows=10508 width=121)
	  Recheck Cond: ((id >= 4367066) AND (id <= 4377065))
	  ->  Bitmap Index Scan on sbtest5_pkey  (cost=0.00..293.51 rows=10508 width=0)
	        Index Cond: ((id >= 4367066) AND (id <= 4377065))

table 6 : explain SELECT c FROM sbtest6 WHERE id BETWEEN 3855024 AND 3865023
	Bitmap Heap Scan on sbtest6  (cost=284.85..35260.33 rows=10187 width=121)
	  Recheck Cond: ((id >= 3855024) AND (id <= 3865023))
	  ->  Bitmap Index Scan on sbtest6_pkey  (cost=0.00..282.31 rows=10187 width=0)
	        Index Cond: ((id >= 3855024) AND (id <= 3865023))

table 7 : explain SELECT c FROM sbtest7 WHERE id BETWEEN 7936733 AND 7946732
	Bitmap Heap Scan on sbtest7  (cost=269.65..33133.33 rows=9484 width=121)
	  Recheck Cond: ((id >= 7936733) AND (id <= 7946732))
	  ->  Bitmap Index Scan on sbtest7_pkey  (cost=0.00..267.28 rows=9484 width=0)
	        Index Cond: ((id >= 7936733) AND (id <= 7946732))

table 8 : explain SELECT c FROM sbtest8 WHERE id BETWEEN 8619148 AND 8629147
	Bitmap Heap Scan on sbtest8  (cost=283.81..34951.54 rows=10085 width=121)
	  Recheck Cond: ((id >= 8619148) AND (id <= 8629147))
	  ->  Bitmap Index Scan on sbtest8_pkey  (cost=0.00..281.29 rows=10085 width=0)
	        Index Cond: ((id >= 8619148) AND (id <= 8629147))

for point_selects
table 1 : explain SELECT c FROM sbtest1 WHERE id=6565395
	Index Scan using sbtest1_pkey on sbtest1  (cost=0.43..8.45 rows=1 width=121)
	  Index Cond: (id = 6565395)

table 2 : explain SELECT c FROM sbtest2 WHERE id=8789124
	Index Scan using sbtest2_pkey on sbtest2  (cost=0.43..8.45 rows=1 width=121)
	  Index Cond: (id = 8789124)

table 3 : explain SELECT c FROM sbtest3 WHERE id=7952774
	Index Scan using sbtest3_pkey on sbtest3  (cost=0.43..8.45 rows=1 width=121)
	  Index Cond: (id = 7952774)

table 4 : explain SELECT c FROM sbtest4 WHERE id=2582058
	Index Scan using sbtest4_pkey on sbtest4  (cost=0.43..8.45 rows=1 width=121)
	  Index Cond: (id = 2582058)

table 5 : explain SELECT c FROM sbtest5 WHERE id=4690205
	Index Scan using sbtest5_pkey on sbtest5  (cost=0.43..8.45 rows=1 width=121)
	  Index Cond: (id = 4690205)

table 6 : explain SELECT c FROM sbtest6 WHERE id=182991
	Index Scan using sbtest6_pkey on sbtest6  (cost=0.43..8.45 rows=1 width=121)
	  Index Cond: (id = 182991)

table 7 : explain SELECT c FROM sbtest7 WHERE id=8386394
	Index Scan using sbtest7_pkey on sbtest7  (cost=0.43..8.45 rows=1 width=121)
	  Index Cond: (id = 8386394)

table 8 : explain SELECT c FROM sbtest8 WHERE id=6221596
	Index Scan using sbtest8_pkey on sbtest8  (cost=0.43..8.45 rows=1 width=121)
	  Index Cond: (id = 6221596)

for point_selects
table 1 : explain SELECT c FROM sbtest1 WHERE id=5141053
	Index Scan using sbtest1_pkey on sbtest1  (cost=0.43..8.45 rows=1 width=121)
	  Index Cond: (id = 5141053)

table 2 : explain SELECT c FROM sbtest2 WHERE id=1920258
	Index Scan using sbtest2_pkey on sbtest2  (cost=0.43..8.45 rows=1 width=121)
	  Index Cond: (id = 1920258)

table 3 : explain SELECT c FROM sbtest3 WHERE id=2540510
	Index Scan using sbtest3_pkey on sbtest3  (cost=0.43..8.45 rows=1 width=121)
	  Index Cond: (id = 2540510)

table 4 : explain SELECT c FROM sbtest4 WHERE id=8858994
	Index Scan using sbtest4_pkey on sbtest4  (cost=0.43..8.45 rows=1 width=121)
	  Index Cond: (id = 8858994)

table 5 : explain SELECT c FROM sbtest5 WHERE id=9286463
	Index Scan using sbtest5_pkey on sbtest5  (cost=0.43..8.45 rows=1 width=121)
	  Index Cond: (id = 9286463)

table 6 : explain SELECT c FROM sbtest6 WHERE id=6577917
	Index Scan using sbtest6_pkey on sbtest6  (cost=0.43..8.45 rows=1 width=121)
	  Index Cond: (id = 6577917)

table 7 : explain SELECT c FROM sbtest7 WHERE id=3429930
	Index Scan using sbtest7_pkey on sbtest7  (cost=0.43..8.45 rows=1 width=121)
	  Index Cond: (id = 3429930)

table 8 : explain SELECT c FROM sbtest8 WHERE id=6877553
	Index Scan using sbtest8_pkey on sbtest8  (cost=0.43..8.45 rows=1 width=121)
	  Index Cond: (id = 6877553)

explain: for point_selects :: explain SELECT c FROM sbtest%u WHERE id=%u
for: simple_ranges
table 1 : explain SELECT c FROM sbtest1 WHERE id BETWEEN 1805591 AND 1815590
	Bitmap Heap Scan on sbtest1  (cost=285.16..35204.06 rows=10217 width=121)
	  Recheck Cond: ((id >= 1805591) AND (id <= 1815590))
	  ->  Bitmap Index Scan on sbtest1_pkey  (cost=0.00..282.61 rows=10217 width=0)
	        Index Cond: ((id >= 1805591) AND (id <= 1815590))

table 2 : explain SELECT c FROM sbtest2 WHERE id BETWEEN 1801378 AND 1811377
	Bitmap Heap Scan on sbtest2  (cost=281.11..35239.61 rows=10212 width=121)
	  Recheck Cond: ((id >= 1801378) AND (id <= 1811377))
	  ->  Bitmap Index Scan on sbtest2_pkey  (cost=0.00..278.56 rows=10212 width=0)
	        Index Cond: ((id >= 1801378) AND (id <= 1811377))

table 3 : explain SELECT c FROM sbtest3 WHERE id BETWEEN 2884379 AND 2894378
	Bitmap Heap Scan on sbtest3  (cost=262.35..33180.27 rows=9553 width=121)
	  Recheck Cond: ((id >= 2884379) AND (id <= 2894378))
	  ->  Bitmap Index Scan on sbtest3_pkey  (cost=0.00..259.96 rows=9553 width=0)
	        Index Cond: ((id >= 2884379) AND (id <= 2894378))

table 4 : explain SELECT c FROM sbtest4 WHERE id BETWEEN 4791491 AND 4801490
	Bitmap Heap Scan on sbtest4  (cost=294.56..36921.72 rows=10744 width=121)
	  Recheck Cond: ((id >= 4791491) AND (id <= 4801490))
	  ->  Bitmap Index Scan on sbtest4_pkey  (cost=0.00..291.88 rows=10744 width=0)
	        Index Cond: ((id >= 4791491) AND (id <= 4801490))

table 5 : explain SELECT c FROM sbtest5 WHERE id BETWEEN 9351095 AND 9361094
	Bitmap Heap Scan on sbtest5  (cost=263.89..32583.68 rows=9313 width=121)
	  Recheck Cond: ((id >= 9351095) AND (id <= 9361094))
	  ->  Bitmap Index Scan on sbtest5_pkey  (cost=0.00..261.56 rows=9313 width=0)
	        Index Cond: ((id >= 9351095) AND (id <= 9361094))

table 6 : explain SELECT c FROM sbtest6 WHERE id BETWEEN 760243 AND 770242
	Bitmap Heap Scan on sbtest6  (cost=295.89..36191.62 rows=10483 width=121)
	  Recheck Cond: ((id >= 760243) AND (id <= 770242))
	  ->  Bitmap Index Scan on sbtest6_pkey  (cost=0.00..293.26 rows=10483 width=0)
	        Index Cond: ((id >= 760243) AND (id <= 770242))

table 7 : explain SELECT c FROM sbtest7 WHERE id BETWEEN 7886400 AND 7896399
	Bitmap Heap Scan on sbtest7  (cost=269.65..33133.33 rows=9484 width=121)
	  Recheck Cond: ((id >= 7886400) AND (id <= 7896399))
	  ->  Bitmap Index Scan on sbtest7_pkey  (cost=0.00..267.28 rows=9484 width=0)
	        Index Cond: ((id >= 7886400) AND (id <= 7896399))

table 8 : explain SELECT c FROM sbtest8 WHERE id BETWEEN 2139763 AND 2149762
	Bitmap Heap Scan on sbtest8  (cost=303.86..37420.67 rows=10871 width=121)
	  Recheck Cond: ((id >= 2139763) AND (id <= 2149762))
	  ->  Bitmap Index Scan on sbtest8_pkey  (cost=0.00..301.15 rows=10871 width=0)
	        Index Cond: ((id >= 2139763) AND (id <= 2149762))

for: simple_ranges
table 1 : explain SELECT c FROM sbtest1 WHERE id BETWEEN 8404083 AND 8414082
	Bitmap Heap Scan on sbtest1  (cost=266.98..33307.87 rows=9614 width=121)
	  Recheck Cond: ((id >= 8404083) AND (id <= 8414082))
	  ->  Bitmap Index Scan on sbtest1_pkey  (cost=0.00..264.57 rows=9614 width=0)
	        Index Cond: ((id >= 8404083) AND (id <= 8414082))

table 2 : explain SELECT c FROM sbtest2 WHERE id BETWEEN 5653874 AND 5663873
	Bitmap Heap Scan on sbtest2  (cost=273.96..34277.06 rows=9905 width=121)
	  Recheck Cond: ((id >= 5653874) AND (id <= 5663873))
	  ->  Bitmap Index Scan on sbtest2_pkey  (cost=0.00..271.49 rows=9905 width=0)
	        Index Cond: ((id >= 5653874) AND (id <= 5663873))

table 3 : explain SELECT c FROM sbtest3 WHERE id BETWEEN 6902360 AND 6912359
	Bitmap Heap Scan on sbtest3  (cost=263.57..33556.96 rows=9672 width=121)
	  Recheck Cond: ((id >= 6902360) AND (id <= 6912359))
	  ->  Bitmap Index Scan on sbtest3_pkey  (cost=0.00..261.16 rows=9672 width=0)
	        Index Cond: ((id >= 6902360) AND (id <= 6912359))

table 4 : explain SELECT c FROM sbtest4 WHERE id BETWEEN 4292939 AND 4302938
	Bitmap Heap Scan on sbtest4  (cost=262.92..33353.94 rows=9608 width=121)
	  Recheck Cond: ((id >= 4292939) AND (id <= 4302938))
	  ->  Bitmap Index Scan on sbtest4_pkey  (cost=0.00..260.51 rows=9608 width=0)
	        Index Cond: ((id >= 4292939) AND (id <= 4302938))

table 5 : explain SELECT c FROM sbtest5 WHERE id BETWEEN 5305782 AND 5315781
	Bitmap Heap Scan on sbtest5  (cost=313.87..38142.50 rows=11067 width=121)
	  Recheck Cond: ((id >= 5305782) AND (id <= 5315781))
	  ->  Bitmap Index Scan on sbtest5_pkey  (cost=0.00..311.11 rows=11067 width=0)
	        Index Cond: ((id >= 5305782) AND (id <= 5315781))

table 6 : explain SELECT c FROM sbtest6 WHERE id BETWEEN 7020272 AND 7030271
	Bitmap Heap Scan on sbtest6  (cost=289.17..35361.33 rows=10218 width=121)
	  Recheck Cond: ((id >= 7020272) AND (id <= 7030271))
	  ->  Bitmap Index Scan on sbtest6_pkey  (cost=0.00..286.62 rows=10218 width=0)
	        Index Cond: ((id >= 7020272) AND (id <= 7030271))

table 7 : explain SELECT c FROM sbtest7 WHERE id BETWEEN 2360759 AND 2370758
	Bitmap Heap Scan on sbtest7  (cost=275.66..33761.97 rows=9680 width=121)
	  Recheck Cond: ((id >= 2360759) AND (id <= 2370758))
	  ->  Bitmap Index Scan on sbtest7_pkey  (cost=0.00..273.24 rows=9680 width=0)
	        Index Cond: ((id >= 2360759) AND (id <= 2370758))

table 8 : explain SELECT c FROM sbtest8 WHERE id BETWEEN 7352285 AND 7362284
	Bitmap Heap Scan on sbtest8  (cost=303.17..37208.74 rows=10803 width=121)
	  Recheck Cond: ((id >= 7352285) AND (id <= 7362284))
	  ->  Bitmap Index Scan on sbtest8_pkey  (cost=0.00..300.46 rows=10803 width=0)
	        Index Cond: ((id >= 7352285) AND (id <= 7362284))

for: sum_ranges
table 1 : explain SELECT SUM(k) FROM sbtest1 WHERE id BETWEEN 1814537 AND 1824536
	Aggregate  (cost=35229.61..35229.62 rows=1 width=8)
	  ->  Bitmap Heap Scan on sbtest1  (cost=285.16..35204.06 rows=10217 width=4)
	        Recheck Cond: ((id >= 1814537) AND (id <= 1824536))
	        ->  Bitmap Index Scan on sbtest1_pkey  (cost=0.00..282.61 rows=10217 width=0)
	              Index Cond: ((id >= 1814537) AND (id <= 1824536))

table 2 : explain SELECT SUM(k) FROM sbtest2 WHERE id BETWEEN 1025219 AND 1035218
	Aggregate  (cost=31647.96..31647.97 rows=1 width=8)
	  ->  Bitmap Heap Scan on sbtest2  (cost=249.40..31625.29 rows=9070 width=4)
	        Recheck Cond: ((id >= 1025219) AND (id <= 1035218))
	        ->  Bitmap Index Scan on sbtest2_pkey  (cost=0.00..247.13 rows=9070 width=0)
	              Index Cond: ((id >= 1025219) AND (id <= 1035218))

table 3 : explain SELECT SUM(k) FROM sbtest3 WHERE id BETWEEN 9238401 AND 9248400
	Aggregate  (cost=31623.62..31623.63 rows=1 width=8)
	  ->  Bitmap Heap Scan on sbtest3  (cost=249.26..31600.98 rows=9056 width=4)
	        Recheck Cond: ((id >= 9238401) AND (id <= 9248400))
	        ->  Bitmap Index Scan on sbtest3_pkey  (cost=0.00..247.00 rows=9056 width=0)
	              Index Cond: ((id >= 9238401) AND (id <= 9248400))

table 4 : explain SELECT SUM(k) FROM sbtest4 WHERE id BETWEEN 1071594 AND 1081593
	Aggregate  (cost=34902.51..34902.52 rows=1 width=8)
	  ->  Bitmap Heap Scan on sbtest4  (cost=275.87..34877.28 rows=10091 width=4)
	        Recheck Cond: ((id >= 1071594) AND (id <= 1081593))
	        ->  Bitmap Index Scan on sbtest4_pkey  (cost=0.00..273.34 rows=10091 width=0)
	              Index Cond: ((id >= 1071594) AND (id <= 1081593))

table 5 : explain SELECT SUM(k) FROM sbtest5 WHERE id BETWEEN 9311651 AND 9321650
	Aggregate  (cost=32606.96..32606.97 rows=1 width=8)
	  ->  Bitmap Heap Scan on sbtest5  (cost=263.89..32583.68 rows=9313 width=4)
	        Recheck Cond: ((id >= 9311651) AND (id <= 9321650))
	        ->  Bitmap Index Scan on sbtest5_pkey  (cost=0.00..261.56 rows=9313 width=0)
	              Index Cond: ((id >= 9311651) AND (id <= 9321650))

table 6 : explain SELECT SUM(k) FROM sbtest6 WHERE id BETWEEN 2298024 AND 2308023
	Aggregate  (cost=34929.56..34929.57 rows=1 width=8)
	  ->  Bitmap Heap Scan on sbtest6  (cost=283.69..34904.38 rows=10074 width=4)
	        Recheck Cond: ((id >= 2298024) AND (id <= 2308023))
	        ->  Bitmap Index Scan on sbtest6_pkey  (cost=0.00..281.18 rows=10074 width=0)
	              Index Cond: ((id >= 2298024) AND (id <= 2308023))

table 7 : explain SELECT SUM(k) FROM sbtest7 WHERE id BETWEEN 2957345 AND 2967344
	Aggregate  (cost=37972.62..37972.63 rows=1 width=8)
	  ->  Bitmap Heap Scan on sbtest7  (cost=313.22..37945.11 rows=11003 width=4)
	        Recheck Cond: ((id >= 2957345) AND (id <= 2967344))
	        ->  Bitmap Index Scan on sbtest7_pkey  (cost=0.00..310.46 rows=11003 width=0)
	              Index Cond: ((id >= 2957345) AND (id <= 2967344))

table 8 : explain SELECT SUM(k) FROM sbtest8 WHERE id BETWEEN 3177046 AND 3187045
	Aggregate  (cost=35028.60..35028.61 rows=1 width=8)
	  ->  Bitmap Heap Scan on sbtest8  (cost=283.97..35003.35 rows=10101 width=4)
	        Recheck Cond: ((id >= 3177046) AND (id <= 3187045))
	        ->  Bitmap Index Scan on sbtest8_pkey  (cost=0.00..281.44 rows=10101 width=0)
	              Index Cond: ((id >= 3177046) AND (id <= 3187045))

explain: for point_selects :: explain SELECT c FROM sbtest%u WHERE id=%u
for point_selects
table 1 : explain SELECT c FROM sbtest1 WHERE id=3643608
	Index Scan using sbtest1_pkey on sbtest1  (cost=0.43..8.45 rows=1 width=121)
	  Index Cond: (id = 3643608)

table 2 : explain SELECT c FROM sbtest2 WHERE id=4008795
	Index Scan using sbtest2_pkey on sbtest2  (cost=0.43..8.45 rows=1 width=121)
	  Index Cond: (id = 4008795)

table 3 : explain SELECT c FROM sbtest3 WHERE id=5383782
	Index Scan using sbtest3_pkey on sbtest3  (cost=0.43..8.45 rows=1 width=121)
	  Index Cond: (id = 5383782)

table 4 : explain SELECT c FROM sbtest4 WHERE id=8239364
	Index Scan using sbtest4_pkey on sbtest4  (cost=0.43..8.45 rows=1 width=121)
	  Index Cond: (id = 8239364)

table 5 : explain SELECT c FROM sbtest5 WHERE id=289813
	Index Scan using sbtest5_pkey on sbtest5  (cost=0.43..8.45 rows=1 width=121)
	  Index Cond: (id = 289813)

table 6 : explain SELECT c FROM sbtest6 WHERE id=625060
	Index Scan using sbtest6_pkey on sbtest6  (cost=0.43..8.45 rows=1 width=121)
	  Index Cond: (id = 625060)

table 7 : explain SELECT c FROM sbtest7 WHERE id=4498616
	Index Scan using sbtest7_pkey on sbtest7  (cost=0.43..8.45 rows=1 width=121)
	  Index Cond: (id = 4498616)

table 8 : explain SELECT c FROM sbtest8 WHERE id=9742869
	Index Scan using sbtest8_pkey on sbtest8  (cost=0.43..8.45 rows=1 width=121)
	  Index Cond: (id = 9742869)

for point_selects
table 1 : explain SELECT c FROM sbtest1 WHERE id=2840876
	Index Scan using sbtest1_pkey on sbtest1  (cost=0.43..8.45 rows=1 width=121)
	  Index Cond: (id = 2840876)

table 2 : explain SELECT c FROM sbtest2 WHERE id=864295
	Index Scan using sbtest2_pkey on sbtest2  (cost=0.43..8.45 rows=1 width=121)
	  Index Cond: (id = 864295)

table 3 : explain SELECT c FROM sbtest3 WHERE id=3123794
	Index Scan using sbtest3_pkey on sbtest3  (cost=0.43..8.45 rows=1 width=121)
	  Index Cond: (id = 3123794)

table 4 : explain SELECT c FROM sbtest4 WHERE id=3552378
	Index Scan using sbtest4_pkey on sbtest4  (cost=0.43..8.45 rows=1 width=121)
	  Index Cond: (id = 3552378)

table 5 : explain SELECT c FROM sbtest5 WHERE id=8895694
	Index Scan using sbtest5_pkey on sbtest5  (cost=0.43..8.45 rows=1 width=121)
	  Index Cond: (id = 8895694)

table 6 : explain SELECT c FROM sbtest6 WHERE id=6491703
	Index Scan using sbtest6_pkey on sbtest6  (cost=0.43..8.45 rows=1 width=121)
	  Index Cond: (id = 6491703)

table 7 : explain SELECT c FROM sbtest7 WHERE id=6028220
	Index Scan using sbtest7_pkey on sbtest7  (cost=0.43..8.45 rows=1 width=121)
	  Index Cond: (id = 6028220)

table 8 : explain SELECT c FROM sbtest8 WHERE id=7884056
	Index Scan using sbtest8_pkey on sbtest8  (cost=0.43..8.45 rows=1 width=121)
	  Index Cond: (id = 7884056)

for: simple_ranges
table 1 : explain SELECT c FROM sbtest1 WHERE id BETWEEN 3620086 AND 3630085
	Bitmap Heap Scan on sbtest1  (cost=286.84..35714.65 rows=10381 width=121)
	  Recheck Cond: ((id >= 3620086) AND (id <= 3630085))
	  ->  Bitmap Index Scan on sbtest1_pkey  (cost=0.00..284.25 rows=10381 width=0)
	        Index Cond: ((id >= 3620086) AND (id <= 3630085))

table 2 : explain SELECT c FROM sbtest2 WHERE id BETWEEN 5388933 AND 5398932
	Bitmap Heap Scan on sbtest2  (cost=253.72..31730.52 rows=9101 width=121)
	  Recheck Cond: ((id >= 5388933) AND (id <= 5398932))
	  ->  Bitmap Index Scan on sbtest2_pkey  (cost=0.00..251.44 rows=9101 width=0)
	        Index Cond: ((id >= 5388933) AND (id <= 5398932))

table 3 : explain SELECT c FROM sbtest3 WHERE id BETWEEN 5142226 AND 5152225
	Bitmap Heap Scan on sbtest3  (cost=275.74..34840.41 rows=10079 width=121)
	  Recheck Cond: ((id >= 5142226) AND (id <= 5152225))
	  ->  Bitmap Index Scan on sbtest3_pkey  (cost=0.00..273.23 rows=10079 width=0)
	        Index Cond: ((id >= 5142226) AND (id <= 5152225))

table 4 : explain SELECT c FROM sbtest4 WHERE id BETWEEN 8854630 AND 8864629
	Bitmap Heap Scan on sbtest4  (cost=269.32..34094.05 rows=9842 width=121)
	  Recheck Cond: ((id >= 8854630) AND (id <= 8864629))
	  ->  Bitmap Index Scan on sbtest4_pkey  (cost=0.00..266.86 rows=9842 width=0)
	        Index Cond: ((id >= 8854630) AND (id <= 8864629))

table 5 : explain SELECT c FROM sbtest5 WHERE id BETWEEN 3757390 AND 3767389
	Bitmap Heap Scan on sbtest5  (cost=275.57..33734.20 rows=9672 width=121)
	  Recheck Cond: ((id >= 3757390) AND (id <= 3767389))
	  ->  Bitmap Index Scan on sbtest5_pkey  (cost=0.00..273.16 rows=9672 width=0)
	        Index Cond: ((id >= 3757390) AND (id <= 3767389))

table 6 : explain SELECT c FROM sbtest6 WHERE id BETWEEN 8025485 AND 8035484
	Bitmap Heap Scan on sbtest6  (cost=295.65..36120.70 rows=10460 width=121)
	  Recheck Cond: ((id >= 8025485) AND (id <= 8035484))
	  ->  Bitmap Index Scan on sbtest6_pkey  (cost=0.00..293.04 rows=10460 width=0)
	        Index Cond: ((id >= 8025485) AND (id <= 8035484))

table 7 : explain SELECT c FROM sbtest7 WHERE id BETWEEN 2487083 AND 2497082
	Bitmap Heap Scan on sbtest7  (cost=294.51..35885.77 rows=10349 width=121)
	  Recheck Cond: ((id >= 2487083) AND (id <= 2497082))
	  ->  Bitmap Index Scan on sbtest7_pkey  (cost=0.00..291.93 rows=10349 width=0)
	        Index Cond: ((id >= 2487083) AND (id <= 2497082))

table 8 : explain SELECT c FROM sbtest8 WHERE id BETWEEN 6615604 AND 6625603
	Bitmap Heap Scan on sbtest8  (cost=296.78..36477.76 rows=10570 width=121)
	  Recheck Cond: ((id >= 6615604) AND (id <= 6625603))
	  ->  Bitmap Index Scan on sbtest8_pkey  (cost=0.00..294.13 rows=10570 width=0)
	        Index Cond: ((id >= 6615604) AND (id <= 6625603))

for: simple_ranges
table 1 : explain SELECT c FROM sbtest1 WHERE id BETWEEN 5121256 AND 5131255
	Bitmap Heap Scan on sbtest1  (cost=272.37..33738.97 rows=9750 width=121)
	  Recheck Cond: ((id >= 5121256) AND (id <= 5131255))
	  ->  Bitmap Index Scan on sbtest1_pkey  (cost=0.00..269.94 rows=9750 width=0)
	        Index Cond: ((id >= 5121256) AND (id <= 5131255))

table 2 : explain SELECT c FROM sbtest2 WHERE id BETWEEN 1495801 AND 1505800
	Bitmap Heap Scan on sbtest2  (cost=255.29..32213.39 rows=9254 width=121)
	  Recheck Cond: ((id >= 1495801) AND (id <= 1505800))
	  ->  Bitmap Index Scan on sbtest2_pkey  (cost=0.00..252.98 rows=9254 width=0)
	        Index Cond: ((id >= 1495801) AND (id <= 1505800))

table 3 : explain SELECT c FROM sbtest3 WHERE id BETWEEN 3333608 AND 3343607
	Bitmap Heap Scan on sbtest3  (cost=274.51..34465.55 rows=9959 width=121)
	  Recheck Cond: ((id >= 3333608) AND (id <= 3343607))
	  ->  Bitmap Index Scan on sbtest3_pkey  (cost=0.00..272.03 rows=9959 width=0)
	        Index Cond: ((id >= 3333608) AND (id <= 3343607))

table 4 : explain SELECT c FROM sbtest4 WHERE id BETWEEN 5818891 AND 5828890
	Bitmap Heap Scan on sbtest4  (cost=283.13..35873.74 rows=10409 width=121)
	  Recheck Cond: ((id >= 5818891) AND (id <= 5828890))
	  ->  Bitmap Index Scan on sbtest4_pkey  (cost=0.00..280.53 rows=10409 width=0)
	        Index Cond: ((id >= 5818891) AND (id <= 5828890))

table 5 : explain SELECT c FROM sbtest5 WHERE id BETWEEN 1925772 AND 1935771
	Bitmap Heap Scan on sbtest5  (cost=294.74..35952.01 rows=10371 width=121)
	  Recheck Cond: ((id >= 1925772) AND (id <= 1935771))
	  ->  Bitmap Index Scan on sbtest5_pkey  (cost=0.00..292.15 rows=10371 width=0)
	        Index Cond: ((id >= 1925772) AND (id <= 1935771))

table 6 : explain SELECT c FROM sbtest6 WHERE id BETWEEN 1664525 AND 1674524
	Bitmap Heap Scan on sbtest6  (cost=276.43..33901.12 rows=9756 width=121)
	  Recheck Cond: ((id >= 1664525) AND (id <= 1674524))
	  ->  Bitmap Index Scan on sbtest6_pkey  (cost=0.00..274.00 rows=9756 width=0)
	        Index Cond: ((id >= 1664525) AND (id <= 1674524))

table 7 : explain SELECT c FROM sbtest7 WHERE id BETWEEN 8274893 AND 8284892
	Bitmap Heap Scan on sbtest7  (cost=287.64..34998.72 rows=10069 width=121)
	  Recheck Cond: ((id >= 8274893) AND (id <= 8284892))
	  ->  Bitmap Index Scan on sbtest7_pkey  (cost=0.00..285.12 rows=10069 width=0)
	        Index Cond: ((id >= 8274893) AND (id <= 8284892))

table 8 : explain SELECT c FROM sbtest8 WHERE id BETWEEN 4525560 AND 4535559
	Bitmap Heap Scan on sbtest8  (cost=266.29..33243.09 rows=9547 width=121)
	  Recheck Cond: ((id >= 4525560) AND (id <= 4535559))
	  ->  Bitmap Index Scan on sbtest8_pkey  (cost=0.00..263.91 rows=9547 width=0)
	        Index Cond: ((id >= 4525560) AND (id <= 4535559))

for: simple_ranges
table 1 : explain SELECT c FROM sbtest1 WHERE id BETWEEN 7118978 AND 7128977
	Bitmap Heap Scan on sbtest1  (cost=274.04..34249.25 rows=9913 width=121)
	  Recheck Cond: ((id >= 7118978) AND (id <= 7128977))
	  ->  Bitmap Index Scan on sbtest1_pkey  (cost=0.00..271.56 rows=9913 width=0)
	        Index Cond: ((id >= 7118978) AND (id <= 7128977))

table 2 : explain SELECT c FROM sbtest2 WHERE id BETWEEN 2949946 AND 2959945
	Bitmap Heap Scan on sbtest2  (cost=255.39..32245.98 rows=9264 width=121)
	  Recheck Cond: ((id >= 2949946) AND (id <= 2959945))
	  ->  Bitmap Index Scan on sbtest2_pkey  (cost=0.00..253.07 rows=9264 width=0)
	        Index Cond: ((id >= 2949946) AND (id <= 2959945))

table 3 : explain SELECT c FROM sbtest3 WHERE id BETWEEN 6091998 AND 6101997
	Bitmap Heap Scan on sbtest3  (cost=261.79..33007.95 rows=9498 width=121)
	  Recheck Cond: ((id >= 6091998) AND (id <= 6101997))
	  ->  Bitmap Index Scan on sbtest3_pkey  (cost=0.00..259.42 rows=9498 width=0)
	        Index Cond: ((id >= 6091998) AND (id <= 6101997))

table 4 : explain SELECT c FROM sbtest4 WHERE id BETWEEN 7134756 AND 7144755
	Bitmap Heap Scan on sbtest4  (cost=289.43..36577.93 rows=10634 width=121)
	  Recheck Cond: ((id >= 7134756) AND (id <= 7144755))
	  ->  Bitmap Index Scan on sbtest4_pkey  (cost=0.00..286.78 rows=10634 width=0)
	        Index Cond: ((id >= 7134756) AND (id <= 7144755))

table 5 : explain SELECT c FROM sbtest5 WHERE id BETWEEN 8483886 AND 8493885
	Bitmap Heap Scan on sbtest5  (cost=276.75..34099.81 rows=9787 width=121)
	  Recheck Cond: ((id >= 8483886) AND (id <= 8493885))
	  ->  Bitmap Index Scan on sbtest5_pkey  (cost=0.00..274.31 rows=9787 width=0)
	        Index Cond: ((id >= 8483886) AND (id <= 8493885))

table 6 : explain SELECT c FROM sbtest6 WHERE id BETWEEN 2439033 AND 2449032
	Bitmap Heap Scan on sbtest6  (cost=246.82..30899.67 rows=8818 width=121)
	  Recheck Cond: ((id >= 2439033) AND (id <= 2449032))
	  ->  Bitmap Index Scan on sbtest6_pkey  (cost=0.00..244.62 rows=8818 width=0)
	        Index Cond: ((id >= 2439033) AND (id <= 2449032))

table 7 : explain SELECT c FROM sbtest7 WHERE id BETWEEN 630395 AND 640394
	Bitmap Heap Scan on sbtest7  (cost=300.53..36508.16 rows=10546 width=121)
	  Recheck Cond: ((id >= 630395) AND (id <= 640394))
	  ->  Bitmap Index Scan on sbtest7_pkey  (cost=0.00..297.90 rows=10546 width=0)
	        Index Cond: ((id >= 630395) AND (id <= 640394))

table 8 : explain SELECT c FROM sbtest8 WHERE id BETWEEN 4068798 AND 4078797
	Bitmap Heap Scan on sbtest8  (cost=271.40..33589.21 rows=9655 width=121)
	  Recheck Cond: ((id >= 4068798) AND (id <= 4078797))
	  ->  Bitmap Index Scan on sbtest8_pkey  (cost=0.00..268.99 rows=9655 width=0)
	        Index Cond: ((id >= 4068798) AND (id <= 4078797))

explain: for point_selects :: explain SELECT c FROM sbtest%u WHERE id=%u
for: sum_ranges
table 1 : explain SELECT SUM(k) FROM sbtest1 WHERE id BETWEEN 4822439 AND 4832438
	Aggregate  (cost=33422.64..33422.65 rows=1 width=8)
	  ->  Bitmap Heap Scan on sbtest1  (cost=267.28..33398.53 rows=9643 width=4)
	        Recheck Cond: ((id >= 4822439) AND (id <= 4832438))
	        ->  Bitmap Index Scan on sbtest1_pkey  (cost=0.00..264.87 rows=9643 width=0)
	              Index Cond: ((id >= 4822439) AND (id <= 4832438))

table 2 : explain SELECT SUM(k) FROM sbtest2 WHERE id BETWEEN 1737585 AND 1747584
	Aggregate  (cost=37233.20..37233.21 rows=1 width=8)
	  ->  Bitmap Heap Scan on sbtest2  (cost=299.56..37206.10 rows=10841 width=4)
	        Recheck Cond: ((id >= 1737585) AND (id <= 1747584))
	        ->  Bitmap Index Scan on sbtest2_pkey  (cost=0.00..296.84 rows=10841 width=0)
	              Index Cond: ((id >= 1737585) AND (id <= 1747584))

table 3 : explain SELECT SUM(k) FROM sbtest3 WHERE id BETWEEN 1331298 AND 1341297
	Aggregate  (cost=33773.45..33773.46 rows=1 width=8)
	  ->  Bitmap Heap Scan on sbtest3  (cost=268.19..33749.12 rows=9732 width=4)
	        Recheck Cond: ((id >= 1331298) AND (id <= 1341297))
	        ->  Bitmap Index Scan on sbtest3_pkey  (cost=0.00..265.75 rows=9732 width=0)
	              Index Cond: ((id >= 1331298) AND (id <= 1341297))

table 4 : explain SELECT SUM(k) FROM sbtest4 WHERE id BETWEEN 7061671 AND 7071670
	Aggregate  (cost=34066.81..34066.82 rows=1 width=8)
	  ->  Bitmap Heap Scan on sbtest4  (cost=269.15..34042.25 rows=9826 width=4)
	        Recheck Cond: ((id >= 7061671) AND (id <= 7071670))
	        ->  Bitmap Index Scan on sbtest4_pkey  (cost=0.00..266.69 rows=9826 width=0)
	              Index Cond: ((id >= 7061671) AND (id <= 7071670))

table 5 : explain SELECT SUM(k) FROM sbtest5 WHERE id BETWEEN 4181919 AND 4191918
	Aggregate  (cost=32705.44..32705.45 rows=1 width=8)
	  ->  Bitmap Heap Scan on sbtest5  (cost=264.21..32682.08 rows=9344 width=4)
	        Recheck Cond: ((id >= 4181919) AND (id <= 4191918))
	        ->  Bitmap Index Scan on sbtest5_pkey  (cost=0.00..261.88 rows=9344 width=0)
	              Index Cond: ((id >= 4181919) AND (id <= 4191918))

table 6 : explain SELECT SUM(k) FROM sbtest6 WHERE id BETWEEN 8182295 AND 8192294
	Aggregate  (cost=36594.89..36594.90 rows=1 width=8)
	  ->  Bitmap Heap Scan on sbtest6  (cost=297.12..36568.38 rows=10603 width=4)
	        Recheck Cond: ((id >= 8182295) AND (id <= 8192294))
	        ->  Bitmap Index Scan on sbtest6_pkey  (cost=0.00..294.46 rows=10603 width=0)
	              Index Cond: ((id >= 8182295) AND (id <= 8192294))

table 7 : explain SELECT SUM(k) FROM sbtest7 WHERE id BETWEEN 5238114 AND 5248113
	Aggregate  (cost=34011.65..34011.66 rows=1 width=8)
	  ->  Bitmap Heap Scan on sbtest7  (cost=276.38..33987.28 rows=9751 width=4)
	        Recheck Cond: ((id >= 5238114) AND (id <= 5248113))
	        ->  Bitmap Index Scan on sbtest7_pkey  (cost=0.00..273.94 rows=9751 width=0)
	              Index Cond: ((id >= 5238114) AND (id <= 5248113))

table 8 : explain SELECT SUM(k) FROM sbtest8 WHERE id BETWEEN 1712276 AND 1722275
	Aggregate  (cost=36248.61..36248.62 rows=1 width=8)
	  ->  Bitmap Heap Scan on sbtest8  (cost=291.95..36222.38 rows=10489 width=4)
	        Recheck Cond: ((id >= 1712276) AND (id <= 1722275))
	        ->  Bitmap Index Scan on sbtest8_pkey  (cost=0.00..289.32 rows=10489 width=0)
	              Index Cond: ((id >= 1712276) AND (id <= 1722275))

for point_selects
table 1 : explain SELECT c FROM sbtest1 WHERE id=3589563
	Index Scan using sbtest1_pkey on sbtest1  (cost=0.43..8.45 rows=1 width=121)
	  Index Cond: (id = 3589563)

table 2 : explain SELECT c FROM sbtest2 WHERE id=5513498
	Index Scan using sbtest2_pkey on sbtest2  (cost=0.43..8.45 rows=1 width=121)
	  Index Cond: (id = 5513498)

table 3 : explain SELECT c FROM sbtest3 WHERE id=7766573
	Index Scan using sbtest3_pkey on sbtest3  (cost=0.43..8.45 rows=1 width=121)
	  Index Cond: (id = 7766573)

table 4 : explain SELECT c FROM sbtest4 WHERE id=7789317
	Index Scan using sbtest4_pkey on sbtest4  (cost=0.43..8.45 rows=1 width=121)
	  Index Cond: (id = 7789317)

table 5 : explain SELECT c FROM sbtest5 WHERE id=6997759
	Index Scan using sbtest5_pkey on sbtest5  (cost=0.43..8.45 rows=1 width=121)
	  Index Cond: (id = 6997759)

table 6 : explain SELECT c FROM sbtest6 WHERE id=6798303
	Index Scan using sbtest6_pkey on sbtest6  (cost=0.43..8.45 rows=1 width=121)
	  Index Cond: (id = 6798303)

table 7 : explain SELECT c FROM sbtest7 WHERE id=2775025
	Index Scan using sbtest7_pkey on sbtest7  (cost=0.43..8.45 rows=1 width=121)
	  Index Cond: (id = 2775025)

table 8 : explain SELECT c FROM sbtest8 WHERE id=7957279
	Index Scan using sbtest8_pkey on sbtest8  (cost=0.43..8.45 rows=1 width=121)
	  Index Cond: (id = 7957279)

for: order_ranges
table 1 : explain SELECT c FROM sbtest1 WHERE id BETWEEN 8383285 AND 8393284 ORDER BY c
	Sort  (cost=36765.68..36791.91 rows=10493 width=121)
	  Sort Key: c
	  ->  Bitmap Heap Scan on sbtest1  (cost=291.99..36064.90 rows=10493 width=121)
	        Recheck Cond: ((id >= 8383285) AND (id <= 8393284))
	        ->  Bitmap Index Scan on sbtest1_pkey  (cost=0.00..289.37 rows=10493 width=0)
	              Index Cond: ((id >= 8383285) AND (id <= 8393284))

table 2 : explain SELECT c FROM sbtest2 WHERE id BETWEEN 6407063 AND 6417062 ORDER BY c
	Sort  (cost=34759.07..34783.70 rows=9851 width=121)
	  Sort Key: c
	  ->  Bitmap Heap Scan on sbtest2  (cost=273.41..34105.66 rows=9851 width=121)
	        Recheck Cond: ((id >= 6407063) AND (id <= 6417062))
	        ->  Bitmap Index Scan on sbtest2_pkey  (cost=0.00..270.94 rows=9851 width=0)
	              Index Cond: ((id >= 6407063) AND (id <= 6417062))

table 3 : explain SELECT c FROM sbtest3 WHERE id BETWEEN 5848374 AND 5858373 ORDER BY c
	Sort  (cost=33914.88..33938.84 rows=9585 width=121)
	  Sort Key: c
	  ->  Bitmap Heap Scan on sbtest3  (cost=262.68..33280.99 rows=9585 width=121)
	        Recheck Cond: ((id >= 5848374) AND (id <= 5858373))
	        ->  Bitmap Index Scan on sbtest3_pkey  (cost=0.00..260.29 rows=9585 width=0)
	              Index Cond: ((id >= 5848374) AND (id <= 5858373))

table 4 : explain SELECT c FROM sbtest4 WHERE id BETWEEN 4983845 AND 4993844 ORDER BY c
	Sort  (cost=36219.13..36244.88 rows=10300 width=121)
	  Sort Key: c
	  ->  Bitmap Heap Scan on sbtest4  (cost=282.01..35532.62 rows=10300 width=121)
	        Recheck Cond: ((id >= 4983845) AND (id <= 4993844))
	        ->  Bitmap Index Scan on sbtest4_pkey  (cost=0.00..279.44 rows=10300 width=0)
	              Index Cond: ((id >= 4983845) AND (id <= 4993844))

table 5 : explain SELECT c FROM sbtest5 WHERE id BETWEEN 6253241 AND 6263240 ORDER BY c
	Sort  (cost=35652.46..35677.63 rows=10066 width=121)
	  Sort Key: c
	  ->  Bitmap Heap Scan on sbtest5  (cost=283.61..34983.21 rows=10066 width=121)
	        Recheck Cond: ((id >= 6253241) AND (id <= 6263240))
	        ->  Bitmap Index Scan on sbtest5_pkey  (cost=0.00..281.09 rows=10066 width=0)
	              Index Cond: ((id >= 6253241) AND (id <= 6263240))

table 6 : explain SELECT c FROM sbtest6 WHERE id BETWEEN 6237660 AND 6247659 ORDER BY c
	Sort  (cost=35188.79..35213.68 rows=9955 width=121)
	  Sort Key: c
	  ->  Bitmap Heap Scan on sbtest6  (cost=278.47..34527.72 rows=9955 width=121)
	        Recheck Cond: ((id >= 6237660) AND (id <= 6247659))
	        ->  Bitmap Index Scan on sbtest6_pkey  (cost=0.00..275.99 rows=9955 width=0)
	              Index Cond: ((id >= 6237660) AND (id <= 6247659))

table 7 : explain SELECT c FROM sbtest7 WHERE id BETWEEN 6208255 AND 6218254 ORDER BY c
	Sort  (cost=35598.26..35623.38 rows=10047 width=121)
	  Sort Key: c
	  ->  Bitmap Heap Scan on sbtest7  (cost=287.42..34930.41 rows=10047 width=121)
	        Recheck Cond: ((id >= 6208255) AND (id <= 6218254))
	        ->  Bitmap Index Scan on sbtest7_pkey  (cost=0.00..284.91 rows=10047 width=0)
	              Index Cond: ((id >= 6208255) AND (id <= 6218254))

table 8 : explain SELECT c FROM sbtest8 WHERE id BETWEEN 9390348 AND 9400347 ORDER BY c
	Sort  (cost=37503.91..37530.59 rows=10670 width=121)
	  Sort Key: c
	  ->  Bitmap Heap Scan on sbtest8  (cost=297.80..36790.02 rows=10670 width=121)
	        Recheck Cond: ((id >= 9390348) AND (id <= 9400347))
	        ->  Bitmap Index Scan on sbtest8_pkey  (cost=0.00..295.13 rows=10670 width=0)
	              Index Cond: ((id >= 9390348) AND (id <= 9400347))

explain: for point_selects :: explain SELECT c FROM sbtest%u WHERE id=%u
explain: for point_selects :: explain SELECT c FROM sbtest%u WHERE id=%u
for: sum_ranges
table 1 : explain SELECT SUM(k) FROM sbtest1 WHERE id BETWEEN 8154895 AND 8164894
	Aggregate  (cost=38617.57..38617.58 rows=1 width=8)
	  ->  Bitmap Heap Scan on sbtest1  (cost=312.35..38589.29 rows=11309 width=4)
	        Recheck Cond: ((id >= 8154895) AND (id <= 8164894))
	        ->  Bitmap Index Scan on sbtest1_pkey  (cost=0.00..309.53 rows=11309 width=0)
	              Index Cond: ((id >= 8154895) AND (id <= 8164894))

table 2 : explain SELECT SUM(k) FROM sbtest2 WHERE id BETWEEN 7466143 AND 7476142
	Aggregate  (cost=35826.27..35826.28 rows=1 width=8)
	  ->  Bitmap Heap Scan on sbtest2  (cost=286.93..35800.30 rows=10390 width=4)
	        Recheck Cond: ((id >= 7466143) AND (id <= 7476142))
	        ->  Bitmap Index Scan on sbtest2_pkey  (cost=0.00..284.33 rows=10390 width=0)
	              Index Cond: ((id >= 7466143) AND (id <= 7476142))

table 3 : explain SELECT SUM(k) FROM sbtest3 WHERE id BETWEEN 9285442 AND 9295441
	Aggregate  (cost=32565.13..32565.14 rows=1 width=8)
	  ->  Bitmap Heap Scan on sbtest3  (cost=256.29..32541.75 rows=9352 width=4)
	        Recheck Cond: ((id >= 9285442) AND (id <= 9295441))
	        ->  Bitmap Index Scan on sbtest3_pkey  (cost=0.00..253.95 rows=9352 width=0)
	              Index Cond: ((id >= 9285442) AND (id <= 9295441))

table 4 : explain SELECT SUM(k) FROM sbtest4 WHERE id BETWEEN 3815406 AND 3825405
	Aggregate  (cost=34011.69..34011.70 rows=1 width=8)
	  ->  Bitmap Heap Scan on sbtest4  (cost=268.97..33987.17 rows=9808 width=4)
	        Recheck Cond: ((id >= 3815406) AND (id <= 3825405))
	        ->  Bitmap Index Scan on sbtest4_pkey  (cost=0.00..266.51 rows=9808 width=0)
	              Index Cond: ((id >= 3815406) AND (id <= 3825405))

table 5 : explain SELECT SUM(k) FROM sbtest5 WHERE id BETWEEN 9269697 AND 9279696
	Aggregate  (cost=32879.35..32879.36 rows=1 width=8)
	  ->  Bitmap Heap Scan on sbtest5  (cost=264.77..32855.85 rows=9399 width=4)
	        Recheck Cond: ((id >= 9269697) AND (id <= 9279696))
	        ->  Bitmap Index Scan on sbtest5_pkey  (cost=0.00..262.43 rows=9399 width=0)
	              Index Cond: ((id >= 9269697) AND (id <= 9279696))

table 6 : explain SELECT SUM(k) FROM sbtest6 WHERE id BETWEEN 6545240 AND 6555239
	Aggregate  (cost=34598.05..34598.06 rows=1 width=8)
	  ->  Bitmap Heap Scan on sbtest6  (cost=278.63..34573.12 rows=9970 width=4)
	        Recheck Cond: ((id >= 6545240) AND (id <= 6555239))
	        ->  Bitmap Index Scan on sbtest6_pkey  (cost=0.00..276.13 rows=9970 width=0)
	              Index Cond: ((id >= 6545240) AND (id <= 6555239))

table 7 : explain SELECT SUM(k) FROM sbtest7 WHERE id BETWEEN 5711813 AND 5721812
	Aggregate  (cost=35141.02..35141.03 rows=1 width=8)
	  ->  Bitmap Heap Scan on sbtest7  (cost=288.02..35115.76 rows=10106 width=4)
	        Recheck Cond: ((id >= 5711813) AND (id <= 5721812))
	        ->  Bitmap Index Scan on sbtest7_pkey  (cost=0.00..285.50 rows=10106 width=0)
	              Index Cond: ((id >= 5711813) AND (id <= 5721812))

table 8 : explain SELECT SUM(k) FROM sbtest8 WHERE id BETWEEN 4597000 AND 4606999
	Aggregate  (cost=33266.96..33266.97 rows=1 width=8)
	  ->  Bitmap Heap Scan on sbtest8  (cost=266.29..33243.09 rows=9547 width=4)
	        Recheck Cond: ((id >= 4597000) AND (id <= 4606999))
	        ->  Bitmap Index Scan on sbtest8_pkey  (cost=0.00..263.91 rows=9547 width=0)
	              Index Cond: ((id >= 4597000) AND (id <= 4606999))

for: sum_ranges
table 1 : explain SELECT SUM(k) FROM sbtest1 WHERE id BETWEEN 6990937 AND 7000936
	Aggregate  (cost=36216.14..36216.15 rows=1 width=8)
	  ->  Bitmap Heap Scan on sbtest1  (cost=292.40..36189.81 rows=10533 width=4)
	        Recheck Cond: ((id >= 6990937) AND (id <= 7000936))
	        ->  Bitmap Index Scan on sbtest1_pkey  (cost=0.00..289.76 rows=10533 width=0)
	              Index Cond: ((id >= 6990937) AND (id <= 7000936))

table 2 : explain SELECT SUM(k) FROM sbtest2 WHERE id BETWEEN 2331966 AND 2341965
	Aggregate  (cost=36328.47..36328.48 rows=1 width=8)
	  ->  Bitmap Heap Scan on sbtest2  (cost=292.58..36302.10 rows=10551 width=4)
	        Recheck Cond: ((id >= 2331966) AND (id <= 2341965))
	        ->  Bitmap Index Scan on sbtest2_pkey  (cost=0.00..289.94 rows=10551 width=0)
	              Index Cond: ((id >= 2331966) AND (id <= 2341965))

table 3 : explain SELECT SUM(k) FROM sbtest3 WHERE id BETWEEN 2210905 AND 2220904
	Aggregate  (cost=34603.69..34603.70 rows=1 width=8)
	  ->  Bitmap Heap Scan on sbtest3  (cost=274.88..34578.70 rows=9995 width=4)
	        Recheck Cond: ((id >= 2210905) AND (id <= 2220904))
	        ->  Bitmap Index Scan on sbtest3_pkey  (cost=0.00..272.38 rows=9995 width=0)
	              Index Cond: ((id >= 2210905) AND (id <= 2220904))

table 4 : explain SELECT SUM(k) FROM sbtest4 WHERE id BETWEEN 2392864 AND 2402863
	Aggregate  (cost=33485.19..33485.20 rows=1 width=8)
	  ->  Bitmap Heap Scan on sbtest4  (cost=263.27..33461.09 rows=9642 width=4)
	        Recheck Cond: ((id >= 2392864) AND (id <= 2402863))
	        ->  Bitmap Index Scan on sbtest4_pkey  (cost=0.00..260.86 rows=9642 width=0)
	              Index Cond: ((id >= 2392864) AND (id <= 2402863))

table 5 : explain SELECT SUM(k) FROM sbtest5 WHERE id BETWEEN 3636491 AND 3646490
	Aggregate  (cost=36198.36..36198.37 rows=1 width=8)
	  ->  Bitmap Heap Scan on sbtest5  (cost=295.46..36172.25 rows=10441 width=4)
	        Recheck Cond: ((id >= 3636491) AND (id <= 3646490))
	        ->  Bitmap Index Scan on sbtest5_pkey  (cost=0.00..292.84 rows=10441 width=0)
	              Index Cond: ((id >= 3636491) AND (id <= 3646490))

table 6 : explain SELECT SUM(k) FROM sbtest6 WHERE id BETWEEN 8228663 AND 8238662
	Aggregate  (cost=36565.91..36565.92 rows=1 width=8)
	  ->  Bitmap Heap Scan on sbtest6  (cost=297.02..36539.42 rows=10594 width=4)
	        Recheck Cond: ((id >= 8228663) AND (id <= 8238662))
	        ->  Bitmap Index Scan on sbtest6_pkey  (cost=0.00..294.38 rows=10594 width=0)
	              Index Cond: ((id >= 8228663) AND (id <= 8238662))

table 7 : explain SELECT SUM(k) FROM sbtest7 WHERE id BETWEEN 7630906 AND 7640905
	Aggregate  (cost=33278.25..33278.26 rows=1 width=8)
	  ->  Bitmap Heap Scan on sbtest7  (cost=270.04..33254.45 rows=9522 width=4)
	        Recheck Cond: ((id >= 7630906) AND (id <= 7640905))
	        ->  Bitmap Index Scan on sbtest7_pkey  (cost=0.00..267.66 rows=9522 width=0)
	              Index Cond: ((id >= 7630906) AND (id <= 7640905))

table 8 : explain SELECT SUM(k) FROM sbtest8 WHERE id BETWEEN 5222314 AND 5232313
	Aggregate  (cost=36446.14..36446.15 rows=1 width=8)
	  ->  Bitmap Heap Scan on sbtest8  (cost=296.58..36419.76 rows=10551 width=4)
	        Recheck Cond: ((id >= 5222314) AND (id <= 5232313))
	        ->  Bitmap Index Scan on sbtest8_pkey  (cost=0.00..293.94 rows=10551 width=0)
	              Index Cond: ((id >= 5222314) AND (id <= 5232313))

for point_selects
table 1 : explain SELECT c FROM sbtest1 WHERE id=6176301
	Index Scan using sbtest1_pkey on sbtest1  (cost=0.43..8.45 rows=1 width=121)
	  Index Cond: (id = 6176301)

table 2 : explain SELECT c FROM sbtest2 WHERE id=1811567
	Index Scan using sbtest2_pkey on sbtest2  (cost=0.43..8.45 rows=1 width=121)
	  Index Cond: (id = 1811567)

table 3 : explain SELECT c FROM sbtest3 WHERE id=1450824
	Index Scan using sbtest3_pkey on sbtest3  (cost=0.43..8.45 rows=1 width=121)
	  Index Cond: (id = 1450824)

table 4 : explain SELECT c FROM sbtest4 WHERE id=2632438
	Index Scan using sbtest4_pkey on sbtest4  (cost=0.43..8.45 rows=1 width=121)
	  Index Cond: (id = 2632438)

table 5 : explain SELECT c FROM sbtest5 WHERE id=5733990
	Index Scan using sbtest5_pkey on sbtest5  (cost=0.43..8.45 rows=1 width=121)
	  Index Cond: (id = 5733990)

table 6 : explain SELECT c FROM sbtest6 WHERE id=1679940
	Index Scan using sbtest6_pkey on sbtest6  (cost=0.43..8.45 rows=1 width=121)
	  Index Cond: (id = 1679940)

table 7 : explain SELECT c FROM sbtest7 WHERE id=4432030
	Index Scan using sbtest7_pkey on sbtest7  (cost=0.43..8.45 rows=1 width=121)
	  Index Cond: (id = 4432030)

table 8 : explain SELECT c FROM sbtest8 WHERE id=3553051
	Index Scan using sbtest8_pkey on sbtest8  (cost=0.43..8.45 rows=1 width=121)
	  Index Cond: (id = 3553051)

explain: for point_selects :: explain SELECT c FROM sbtest%u WHERE id=%u
for point_selects
table 1 : explain SELECT c FROM sbtest1 WHERE id=8036456
	Index Scan using sbtest1_pkey on sbtest1  (cost=0.43..8.45 rows=1 width=121)
	  Index Cond: (id = 8036456)

table 2 : explain SELECT c FROM sbtest2 WHERE id=8015557
	Index Scan using sbtest2_pkey on sbtest2  (cost=0.43..8.45 rows=1 width=121)
	  Index Cond: (id = 8015557)

table 3 : explain SELECT c FROM sbtest3 WHERE id=2059687
	Index Scan using sbtest3_pkey on sbtest3  (cost=0.43..8.45 rows=1 width=121)
	  Index Cond: (id = 2059687)

table 4 : explain SELECT c FROM sbtest4 WHERE id=3840026
	Index Scan using sbtest4_pkey on sbtest4  (cost=0.43..8.45 rows=1 width=121)
	  Index Cond: (id = 3840026)

table 5 : explain SELECT c FROM sbtest5 WHERE id=9411634
	Index Scan using sbtest5_pkey on sbtest5  (cost=0.43..8.45 rows=1 width=121)
	  Index Cond: (id = 9411634)

table 6 : explain SELECT c FROM sbtest6 WHERE id=9884565
	Index Scan using sbtest6_pkey on sbtest6  (cost=0.43..8.45 rows=1 width=121)
	  Index Cond: (id = 9884565)

table 7 : explain SELECT c FROM sbtest7 WHERE id=4087372
	Index Scan using sbtest7_pkey on sbtest7  (cost=0.43..8.45 rows=1 width=121)
	  Index Cond: (id = 4087372)

table 8 : explain SELECT c FROM sbtest8 WHERE id=9023319
	Index Scan using sbtest8_pkey on sbtest8  (cost=0.43..8.45 rows=1 width=121)
	  Index Cond: (id = 9023319)

for: sum_ranges
table 1 : explain SELECT SUM(k) FROM sbtest1 WHERE id BETWEEN 455511 AND 465510
	Aggregate  (cost=33166.55..33166.56 rows=1 width=8)
	  ->  Bitmap Heap Scan on sbtest1  (cost=266.44..33142.65 rows=9561 width=4)
	        Recheck Cond: ((id >= 455511) AND (id <= 465510))
	        ->  Bitmap Index Scan on sbtest1_pkey  (cost=0.00..264.05 rows=9561 width=0)
	              Index Cond: ((id >= 455511) AND (id <= 465510))

table 2 : explain SELECT SUM(k) FROM sbtest2 WHERE id BETWEEN 8165653 AND 8175652
	Aggregate  (cost=34162.65..34162.66 rows=1 width=8)
	  ->  Bitmap Heap Scan on sbtest2  (cost=273.51..34138.00 rows=9861 width=4)
	        Recheck Cond: ((id >= 8165653) AND (id <= 8175652))
	        ->  Bitmap Index Scan on sbtest2_pkey  (cost=0.00..271.05 rows=9861 width=0)
	              Index Cond: ((id >= 8165653) AND (id <= 8175652))

table 3 : explain SELECT SUM(k) FROM sbtest3 WHERE id BETWEEN 678119 AND 688118
	Aggregate  (cost=32019.30..32019.31 rows=1 width=8)
	  ->  Bitmap Heap Scan on sbtest3  (cost=250.54..31996.35 rows=9181 width=4)
	        Recheck Cond: ((id >= 678119) AND (id <= 688118))
	        ->  Bitmap Index Scan on sbtest3_pkey  (cost=0.00..248.25 rows=9181 width=0)
	              Index Cond: ((id >= 678119) AND (id <= 688118))

table 4 : explain SELECT SUM(k) FROM sbtest4 WHERE id BETWEEN 1184543 AND 1194542
	Aggregate  (cost=34121.90..34121.91 rows=1 width=8)
	  ->  Bitmap Heap Scan on sbtest4  (cost=269.33..34097.29 rows=9843 width=4)
	        Recheck Cond: ((id >= 1184543) AND (id <= 1194542))
	        ->  Bitmap Index Scan on sbtest4_pkey  (cost=0.00..266.87 rows=9843 width=0)
	              Index Cond: ((id >= 1184543) AND (id <= 1194542))

table 5 : explain SELECT SUM(k) FROM sbtest5 WHERE id BETWEEN 3495318 AND 3505317
	Aggregate  (cost=35180.78..35180.79 rows=1 width=8)
	  ->  Bitmap Heap Scan on sbtest5  (cost=284.16..35155.48 rows=10120 width=4)
	        Recheck Cond: ((id >= 3495318) AND (id <= 3505317))
	        ->  Bitmap Index Scan on sbtest5_pkey  (cost=0.00..281.63 rows=10120 width=0)
	              Index Cond: ((id >= 3495318) AND (id <= 3505317))

table 6 : explain SELECT SUM(k) FROM sbtest6 WHERE id BETWEEN 4615375 AND 4625374
	Aggregate  (cost=33452.66..33452.67 rows=1 width=8)
	  ->  Bitmap Heap Scan on sbtest6  (cost=270.92..33428.64 rows=9608 width=4)
	        Recheck Cond: ((id >= 4615375) AND (id <= 4625374))
	        ->  Bitmap Index Scan on sbtest6_pkey  (cost=0.00..268.51 rows=9608 width=0)
	              Index Cond: ((id >= 4615375) AND (id <= 4625374))

table 7 : explain SELECT SUM(k) FROM sbtest7 WHERE id BETWEEN 7233809 AND 7243808
	Aggregate  (cost=34978.31..34978.32 rows=1 width=8)
	  ->  Bitmap Heap Scan on sbtest7  (cost=287.49..34953.17 rows=10054 width=4)
	        Recheck Cond: ((id >= 7233809) AND (id <= 7243808))
	        ->  Bitmap Index Scan on sbtest7_pkey  (cost=0.00..284.98 rows=10054 width=0)
	              Index Cond: ((id >= 7233809) AND (id <= 7243808))

table 8 : explain SELECT SUM(k) FROM sbtest8 WHERE id BETWEEN 413255 AND 423254
	Aggregate  (cost=37148.92..37148.93 rows=1 width=8)
	  ->  Bitmap Heap Scan on sbtest8  (cost=302.88..37121.99 rows=10775 width=4)
	        Recheck Cond: ((id >= 413255) AND (id <= 423254))
	        ->  Bitmap Index Scan on sbtest8_pkey  (cost=0.00..300.19 rows=10775 width=0)
	              Index Cond: ((id >= 413255) AND (id <= 423254))

for: sum_ranges
table 1 : explain SELECT SUM(k) FROM sbtest1 WHERE id BETWEEN 8050535 AND 8060534
	Aggregate  (cost=33257.34..33257.35 rows=1 width=8)
	  ->  Bitmap Heap Scan on sbtest1  (cost=266.73..33233.37 rows=9590 width=4)
	        Recheck Cond: ((id >= 8050535) AND (id <= 8060534))
	        ->  Bitmap Index Scan on sbtest1_pkey  (cost=0.00..264.33 rows=9590 width=0)
	              Index Cond: ((id >= 8050535) AND (id <= 8060534))

table 2 : explain SELECT SUM(k) FROM sbtest2 WHERE id BETWEEN 4321454 AND 4331453
	Aggregate  (cost=34648.63..34648.64 rows=1 width=8)
	  ->  Bitmap Heap Scan on sbtest2  (cost=279.09..34623.59 rows=10015 width=4)
	        Recheck Cond: ((id >= 4321454) AND (id <= 4331453))
	        ->  Bitmap Index Scan on sbtest2_pkey  (cost=0.00..276.58 rows=10015 width=0)
	              Index Cond: ((id >= 4321454) AND (id <= 4331453))

table 3 : explain SELECT SUM(k) FROM sbtest3 WHERE id BETWEEN 3294517 AND 3304516
	Aggregate  (cost=34490.45..34490.46 rows=1 width=8)
	  ->  Bitmap Heap Scan on sbtest3  (cost=274.51..34465.55 rows=9959 width=4)
	        Recheck Cond: ((id >= 3294517) AND (id <= 3304516))
	        ->  Bitmap Index Scan on sbtest3_pkey  (cost=0.00..272.03 rows=9959 width=0)
	              Index Cond: ((id >= 3294517) AND (id <= 3304516))

table 4 : explain SELECT SUM(k) FROM sbtest4 WHERE id BETWEEN 5597801 AND 5607800
	Aggregate  (cost=35226.17..35226.18 rows=1 width=8)
	  ->  Bitmap Heap Scan on sbtest4  (cost=280.91..35200.69 rows=10193 width=4)
	        Recheck Cond: ((id >= 5597801) AND (id <= 5607800))
	        ->  Bitmap Index Scan on sbtest4_pkey  (cost=0.00..278.37 rows=10193 width=0)
	              Index Cond: ((id >= 5597801) AND (id <= 5607800))

table 5 : explain SELECT SUM(k) FROM sbtest5 WHERE id BETWEEN 4984131 AND 4994130
	Aggregate  (cost=31107.46..31107.47 rows=1 width=8)
	  ->  Bitmap Heap Scan on sbtest5  (cost=251.13..31085.34 rows=8848 width=4)
	        Recheck Cond: ((id >= 4984131) AND (id <= 4994130))
	        ->  Bitmap Index Scan on sbtest5_pkey  (cost=0.00..248.92 rows=8848 width=0)
	              Index Cond: ((id >= 4984131) AND (id <= 4994130))

table 6 : explain SELECT SUM(k) FROM sbtest6 WHERE id BETWEEN 4860913 AND 4870912
	Aggregate  (cost=33892.24..33892.25 rows=1 width=8)
	  ->  Bitmap Heap Scan on sbtest6  (cost=272.34..33867.87 rows=9747 width=4)
	        Recheck Cond: ((id >= 4860913) AND (id <= 4870912))
	        ->  Bitmap Index Scan on sbtest6_pkey  (cost=0.00..269.91 rows=9747 width=0)
	              Index Cond: ((id >= 4860913) AND (id <= 4870912))

table 7 : explain SELECT SUM(k) FROM sbtest7 WHERE id BETWEEN 9534568 AND 9544567
	Aggregate  (cost=35345.86..35345.87 rows=1 width=8)
	  ->  Bitmap Heap Scan on sbtest7  (cost=288.68..35320.43 rows=10170 width=4)
	        Recheck Cond: ((id >= 9534568) AND (id <= 9544567))
	        ->  Bitmap Index Scan on sbtest7_pkey  (cost=0.00..286.13 rows=10170 width=0)
	              Index Cond: ((id >= 9534568) AND (id <= 9544567))

table 8 : explain SELECT SUM(k) FROM sbtest8 WHERE id BETWEEN 4833707 AND 4843706
	Aggregate  (cost=35177.66..35177.67 rows=1 width=8)
	  ->  Bitmap Heap Scan on sbtest8  (cost=284.45..35152.29 rows=10148 width=4)
	        Recheck Cond: ((id >= 4833707) AND (id <= 4843706))
	        ->  Bitmap Index Scan on sbtest8_pkey  (cost=0.00..281.92 rows=10148 width=0)
	              Index Cond: ((id >= 4833707) AND (id <= 4843706))

for: distinct_ranges
table 1 : explain SELECT DISTINCT c FROM sbtest1 WHERE id BETWEEN 2058489 AND 2068488 ORDER BY c
	Unique  (cost=35313.83..35364.02 rows=10039 width=121)
	  ->  Sort  (cost=35313.83..35338.92 rows=10039 width=121)
	        Sort Key: c
	        ->  Bitmap Heap Scan on sbtest1  (cost=279.33..34646.57 rows=10039 width=121)
	              Recheck Cond: ((id >= 2058489) AND (id <= 2068488))
	              ->  Bitmap Index Scan on sbtest1_pkey  (cost=0.00..276.82 rows=10039 width=0)
	                    Index Cond: ((id >= 2058489) AND (id <= 2068488))

table 2 : explain SELECT DISTINCT c FROM sbtest2 WHERE id BETWEEN 7741877 AND 7751876 ORDER BY c
	Unique  (cost=35414.62..35464.89 rows=10054 width=121)
	  ->  Sort  (cost=35414.62..35439.76 rows=10054 width=121)
	        Sort Key: c
	        ->  Bitmap Heap Scan on sbtest2  (cost=279.49..34746.26 rows=10054 width=121)
	              Recheck Cond: ((id >= 7741877) AND (id <= 7751876))
	              ->  Bitmap Index Scan on sbtest2_pkey  (cost=0.00..276.98 rows=10054 width=0)
	                    Index Cond: ((id >= 7741877) AND (id <= 7751876))

table 3 : explain SELECT DISTINCT c FROM sbtest3 WHERE id BETWEEN 272805 AND 282804 ORDER BY c
	Unique  (cost=34831.48..34880.82 rows=9868 width=121)
	  ->  Sort  (cost=34831.48..34856.15 rows=9868 width=121)
	        Sort Key: c
	        ->  Bitmap Heap Scan on sbtest3  (cost=269.58..34176.81 rows=9868 width=121)
	              Recheck Cond: ((id >= 272805) AND (id <= 282804))
	              ->  Bitmap Index Scan on sbtest3_pkey  (cost=0.00..267.12 rows=9868 width=0)
	                    Index Cond: ((id >= 272805) AND (id <= 282804))

table 4 : explain SELECT DISTINCT c FROM sbtest4 WHERE id BETWEEN 3354437 AND 3364436 ORDER BY c
	Unique  (cost=32030.67..32075.70 rows=9006 width=121)
	  ->  Sort  (cost=32030.67..32053.18 rows=9006 width=121)
	        Sort Key: c
	        ->  Bitmap Heap Scan on sbtest4  (cost=248.75..31439.12 rows=9006 width=121)
	              Recheck Cond: ((id >= 3354437) AND (id <= 3364436))
	              ->  Bitmap Index Scan on sbtest4_pkey  (cost=0.00..246.50 rows=9006 width=0)
	                    Index Cond: ((id >= 3354437) AND (id <= 3364436))

table 5 : explain SELECT DISTINCT c FROM sbtest5 WHERE id BETWEEN 4786806 AND 4796805 ORDER BY c
	Unique  (cost=33975.85..34023.60 rows=9551 width=121)
	  ->  Sort  (cost=33975.85..33999.72 rows=9551 width=121)
	        Sort Key: c
	        ->  Bitmap Heap Scan on sbtest5  (cost=270.33..33344.46 rows=9551 width=121)
	              Recheck Cond: ((id >= 4786806) AND (id <= 4796805))
	              ->  Bitmap Index Scan on sbtest5_pkey  (cost=0.00..267.94 rows=9551 width=0)
	                    Index Cond: ((id >= 4786806) AND (id <= 4796805))

table 6 : explain SELECT DISTINCT c FROM sbtest6 WHERE id BETWEEN 5879929 AND 5889928 ORDER BY c
	Unique  (cost=35022.86..35072.38 rows=9904 width=121)
	  ->  Sort  (cost=35022.86..35047.62 rows=9904 width=121)
	        Sort Key: c
	        ->  Bitmap Heap Scan on sbtest6  (cost=277.95..34365.54 rows=9904 width=121)
	              Recheck Cond: ((id >= 5879929) AND (id <= 5889928))
	              ->  Bitmap Index Scan on sbtest6_pkey  (cost=0.00..275.48 rows=9904 width=0)
	                    Index Cond: ((id >= 5879929) AND (id <= 5889928))

table 7 : explain SELECT DISTINCT c FROM sbtest7 WHERE id BETWEEN 878151 AND 888150 ORDER BY c
	Unique  (cost=33121.96..33168.41 rows=9289 width=121)
	  ->  Sort  (cost=33121.96..33145.18 rows=9289 width=121)
	        Sort Key: c
	        ->  Bitmap Heap Scan on sbtest7  (cost=263.65..32509.76 rows=9289 width=121)
	              Recheck Cond: ((id >= 878151) AND (id <= 888150))
	              ->  Bitmap Index Scan on sbtest7_pkey  (cost=0.00..261.32 rows=9289 width=0)
	                    Index Cond: ((id >= 878151) AND (id <= 888150))

table 8 : explain SELECT DISTINCT c FROM sbtest8 WHERE id BETWEEN 2468769 AND 2478768 ORDER BY c
	Unique  (cost=33493.58..33540.72 rows=9429 width=121)
	  ->  Sort  (cost=33493.58..33517.15 rows=9429 width=121)
	        Sort Key: c
	        ->  Bitmap Heap Scan on sbtest8  (cost=265.08..32871.13 rows=9429 width=121)
	              Recheck Cond: ((id >= 2468769) AND (id <= 2478768))
	              ->  Bitmap Index Scan on sbtest8_pkey  (cost=0.00..262.73 rows=9429 width=0)
	                    Index Cond: ((id >= 2468769) AND (id <= 2478768))

for: sum_ranges
table 1 : explain SELECT SUM(k) FROM sbtest1 WHERE id BETWEEN 9912831 AND 9922830
	Aggregate  (cost=33114.67..33114.68 rows=1 width=8)
	  ->  Bitmap Heap Scan on sbtest1  (cost=266.27..33090.81 rows=9545 width=4)
	        Recheck Cond: ((id >= 9912831) AND (id <= 9922830))
	        ->  Bitmap Index Scan on sbtest1_pkey  (cost=0.00..263.88 rows=9545 width=0)
	              Index Cond: ((id >= 9912831) AND (id <= 9922830))

table 2 : explain SELECT SUM(k) FROM sbtest2 WHERE id BETWEEN 8434869 AND 8444868
	Aggregate  (cost=35042.59..35042.60 rows=1 width=8)
	  ->  Bitmap Heap Scan on sbtest2  (cost=280.38..35017.24 rows=10141 width=4)
	        Recheck Cond: ((id >= 8434869) AND (id <= 8444868))
	        ->  Bitmap Index Scan on sbtest2_pkey  (cost=0.00..277.84 rows=10141 width=0)
	              Index Cond: ((id >= 8434869) AND (id <= 8444868))

table 3 : explain SELECT SUM(k) FROM sbtest3 WHERE id BETWEEN 6901761 AND 6911760
	Aggregate  (cost=33581.14..33581.15 rows=1 width=8)
	  ->  Bitmap Heap Scan on sbtest3  (cost=263.57..33556.96 rows=9672 width=4)
	        Recheck Cond: ((id >= 6901761) AND (id <= 6911760))
	        ->  Bitmap Index Scan on sbtest3_pkey  (cost=0.00..261.16 rows=9672 width=0)
	              Index Cond: ((id >= 6901761) AND (id <= 6911760))

table 4 : explain SELECT SUM(k) FROM sbtest4 WHERE id BETWEEN 1151548 AND 1161547
	Aggregate  (cost=35613.14..35613.15 rows=1 width=8)
	  ->  Bitmap Heap Scan on sbtest4  (cost=282.18..35587.34 rows=10317 width=4)
	        Recheck Cond: ((id >= 1151548) AND (id <= 1161547))
	        ->  Bitmap Index Scan on sbtest4_pkey  (cost=0.00..279.61 rows=10317 width=0)
	              Index Cond: ((id >= 1151548) AND (id <= 1161547))

table 5 : explain SELECT SUM(k) FROM sbtest5 WHERE id BETWEEN 8015480 AND 8025479
	Aggregate  (cost=36583.68..36583.69 rows=1 width=8)
	  ->  Bitmap Heap Scan on sbtest5  (cost=296.72..36557.27 rows=10564 width=4)
	        Recheck Cond: ((id >= 8015480) AND (id <= 8025479))
	        ->  Bitmap Index Scan on sbtest5_pkey  (cost=0.00..294.07 rows=10564 width=0)
	              Index Cond: ((id >= 8015480) AND (id <= 8025479))

table 6 : explain SELECT SUM(k) FROM sbtest6 WHERE id BETWEEN 3649992 AND 3659991
	Aggregate  (cost=34816.12..34816.13 rows=1 width=8)
	  ->  Bitmap Heap Scan on sbtest6  (cost=283.32..34791.02 rows=10038 width=4)
	        Recheck Cond: ((id >= 3649992) AND (id <= 3659991))
	        ->  Bitmap Index Scan on sbtest6_pkey  (cost=0.00..280.81 rows=10038 width=0)
	              Index Cond: ((id >= 3649992) AND (id <= 3659991))

table 7 : explain SELECT SUM(k) FROM sbtest7 WHERE id BETWEEN 9047622 AND 9057621
	Aggregate  (cost=35590.31..35590.32 rows=1 width=8)
	  ->  Bitmap Heap Scan on sbtest7  (cost=293.47..35564.70 rows=10247 width=4)
	        Recheck Cond: ((id >= 9047622) AND (id <= 9057621))
	        ->  Bitmap Index Scan on sbtest7_pkey  (cost=0.00..290.91 rows=10247 width=0)
	              Index Cond: ((id >= 9047622) AND (id <= 9057621))

table 8 : explain SELECT SUM(k) FROM sbtest8 WHERE id BETWEEN 3689493 AND 3699492
	Aggregate  (cost=37373.97..37373.98 rows=1 width=8)
	  ->  Bitmap Heap Scan on sbtest8  (cost=303.63..37346.85 rows=10848 width=4)
	        Recheck Cond: ((id >= 3689493) AND (id <= 3699492))
	        ->  Bitmap Index Scan on sbtest8_pkey  (cost=0.00..300.92 rows=10848 width=0)
	              Index Cond: ((id >= 3689493) AND (id <= 3699492))

explain: for point_selects :: explain SELECT c FROM sbtest%u WHERE id=%u
explain: for point_selects :: explain SELECT c FROM sbtest%u WHERE id=%u
for: simple_ranges
table 1 : explain SELECT c FROM sbtest1 WHERE id BETWEEN 7608313 AND 7618312
	Bitmap Heap Scan on sbtest1  (cost=254.60..31955.59 rows=9187 width=121)
	  Recheck Cond: ((id >= 7608313) AND (id <= 7618312))
	  ->  Bitmap Index Scan on sbtest1_pkey  (cost=0.00..252.31 rows=9187 width=0)
	        Index Cond: ((id >= 7608313) AND (id <= 7618312))

table 2 : explain SELECT c FROM sbtest2 WHERE id BETWEEN 8111936 AND 8121935
	Bitmap Heap Scan on sbtest2  (cost=255.79..32369.79 rows=9303 width=121)
	  Recheck Cond: ((id >= 8111936) AND (id <= 8121935))
	  ->  Bitmap Index Scan on sbtest2_pkey  (cost=0.00..253.47 rows=9303 width=0)
	        Index Cond: ((id >= 8111936) AND (id <= 8121935))

table 3 : explain SELECT c FROM sbtest3 WHERE id BETWEEN 3217223 AND 3227222
	Bitmap Heap Scan on sbtest3  (cost=282.72..35750.23 rows=10369 width=121)
	  Recheck Cond: ((id >= 3217223) AND (id <= 3227222))
	  ->  Bitmap Index Scan on sbtest3_pkey  (cost=0.00..280.12 rows=10369 width=0)
	        Index Cond: ((id >= 3217223) AND (id <= 3227222))

table 4 : explain SELECT c FROM sbtest4 WHERE id BETWEEN 2371571 AND 2381570
	Bitmap Heap Scan on sbtest4  (cost=263.27..33461.09 rows=9642 width=121)
	  Recheck Cond: ((id >= 2371571) AND (id <= 2381570))
	  ->  Bitmap Index Scan on sbtest4_pkey  (cost=0.00..260.86 rows=9642 width=0)
	        Index Cond: ((id >= 2371571) AND (id <= 2381570))

table 5 : explain SELECT c FROM sbtest5 WHERE id BETWEEN 4391819 AND 4401818
	Bitmap Heap Scan on sbtest5  (cost=296.33..36440.83 rows=10526 width=121)
	  Recheck Cond: ((id >= 4391819) AND (id <= 4401818))
	  ->  Bitmap Index Scan on sbtest5_pkey  (cost=0.00..293.69 rows=10526 width=0)
	        Index Cond: ((id >= 4391819) AND (id <= 4401818))

table 6 : explain SELECT c FROM sbtest6 WHERE id BETWEEN 3140275 AND 3150274
	Bitmap Heap Scan on sbtest6  (cost=263.85..32478.59 rows=9309 width=121)
	  Recheck Cond: ((id >= 3140275) AND (id <= 3150274))
	  ->  Bitmap Index Scan on sbtest6_pkey  (cost=0.00..261.53 rows=9309 width=0)
	        Index Cond: ((id >= 3140275) AND (id <= 3150274))

table 7 : explain SELECT c FROM sbtest7 WHERE id BETWEEN 2033343 AND 2043342
	Bitmap Heap Scan on sbtest7  (cost=270.10..33274.08 rows=9528 width=121)
	  Recheck Cond: ((id >= 2033343) AND (id <= 2043342))
	  ->  Bitmap Index Scan on sbtest7_pkey  (cost=0.00..267.71 rows=9528 width=0)
	        Index Cond: ((id >= 2033343) AND (id <= 2043342))

table 8 : explain SELECT c FROM sbtest8 WHERE id BETWEEN 6967639 AND 6977638
	Bitmap Heap Scan on sbtest8  (cost=292.16..36286.87 rows=10510 width=121)
	  Recheck Cond: ((id >= 6967639) AND (id <= 6977638))
	  ->  Bitmap Index Scan on sbtest8_pkey  (cost=0.00..289.54 rows=10510 width=0)
	        Index Cond: ((id >= 6967639) AND (id <= 6977638))

explain: for point_selects :: explain SELECT c FROM sbtest%u WHERE id=%u
for: simple_ranges
table 1 : explain SELECT c FROM sbtest1 WHERE id BETWEEN 5349030 AND 5359029
	Bitmap Heap Scan on sbtest1  (cost=305.57..37755.81 rows=11038 width=121)
	  Recheck Cond: ((id >= 5349030) AND (id <= 5359029))
	  ->  Bitmap Index Scan on sbtest1_pkey  (cost=0.00..302.81 rows=11038 width=0)
	        Index Cond: ((id >= 5349030) AND (id <= 5359029))

table 2 : explain SELECT c FROM sbtest2 WHERE id BETWEEN 9348626 AND 9358625
	Bitmap Heap Scan on sbtest2  (cost=279.66..34801.11 rows=10071 width=121)
	  Recheck Cond: ((id >= 9348626) AND (id <= 9358625))
	  ->  Bitmap Index Scan on sbtest2_pkey  (cost=0.00..277.15 rows=10071 width=0)
	        Index Cond: ((id >= 9348626) AND (id <= 9358625))

table 3 : explain SELECT c FROM sbtest3 WHERE id BETWEEN 2994042 AND 3004041
	Bitmap Heap Scan on sbtest3  (cost=262.22..33141.25 rows=9540 width=121)
	  Recheck Cond: ((id >= 2994042) AND (id <= 3004041))
	  ->  Bitmap Index Scan on sbtest3_pkey  (cost=0.00..259.83 rows=9540 width=0)
	        Index Cond: ((id >= 2994042) AND (id <= 3004041))

table 4 : explain SELECT c FROM sbtest4 WHERE id BETWEEN 327511 AND 337510
	Bitmap Heap Scan on sbtest4  (cost=288.35..36247.35 rows=10528 width=121)
	  Recheck Cond: ((id >= 327511) AND (id <= 337510))
	  ->  Bitmap Index Scan on sbtest4_pkey  (cost=0.00..285.71 rows=10528 width=0)
	        Index Cond: ((id >= 327511) AND (id <= 337510))

table 5 : explain SELECT c FROM sbtest5 WHERE id BETWEEN 9190440 AND 9200439
	Bitmap Heap Scan on sbtest5  (cost=264.77..32855.85 rows=9399 width=121)
	  Recheck Cond: ((id >= 9190440) AND (id <= 9200439))
	  ->  Bitmap Index Scan on sbtest5_pkey  (cost=0.00..262.43 rows=9399 width=0)
	        Index Cond: ((id >= 9190440) AND (id <= 9200439))

table 6 : explain SELECT c FROM sbtest6 WHERE id BETWEEN 6427465 AND 6437464
	Bitmap Heap Scan on sbtest6  (cost=264.28..32609.30 rows=9351 width=121)
	  Recheck Cond: ((id >= 6427465) AND (id <= 6437464))
	  ->  Bitmap Index Scan on sbtest6_pkey  (cost=0.00..261.94 rows=9351 width=0)
	        Index Cond: ((id >= 6427465) AND (id <= 6437464))

table 7 : explain SELECT c FROM sbtest7 WHERE id BETWEEN 9291146 AND 9301145
	Bitmap Heap Scan on sbtest7  (cost=281.24..34255.54 rows=9835 width=121)
	  Recheck Cond: ((id >= 9291146) AND (id <= 9301145))
	  ->  Bitmap Index Scan on sbtest7_pkey  (cost=0.00..278.79 rows=9835 width=0)
	        Index Cond: ((id >= 9291146) AND (id <= 9301145))

table 8 : explain SELECT c FROM sbtest8 WHERE id BETWEEN 1548232 AND 1558231
	Bitmap Heap Scan on sbtest8  (cost=285.98..35618.02 rows=10297 width=121)
	  Recheck Cond: ((id >= 1548232) AND (id <= 1558231))
	  ->  Bitmap Index Scan on sbtest8_pkey  (cost=0.00..283.41 rows=10297 width=0)
	        Index Cond: ((id >= 1548232) AND (id <= 1558231))

for: sum_ranges
table 1 : explain SELECT SUM(k) FROM sbtest1 WHERE id BETWEEN 2945220 AND 2955219
	Aggregate  (cost=35358.25..35358.26 rows=1 width=8)
	  ->  Bitmap Heap Scan on sbtest1  (cost=285.58..35332.60 rows=10258 width=4)
	        Recheck Cond: ((id >= 2945220) AND (id <= 2955219))
	        ->  Bitmap Index Scan on sbtest1_pkey  (cost=0.00..283.01 rows=10258 width=0)
	              Index Cond: ((id >= 2945220) AND (id <= 2955219))

table 2 : explain SELECT SUM(k) FROM sbtest2 WHERE id BETWEEN 6924978 AND 6934977
	Aggregate  (cost=33325.22..33325.23 rows=1 width=8)
	  ->  Bitmap Heap Scan on sbtest2  (cost=266.79..33301.23 rows=9596 width=4)
	        Recheck Cond: ((id >= 6924978) AND (id <= 6934977))
	        ->  Bitmap Index Scan on sbtest2_pkey  (cost=0.00..264.40 rows=9596 width=0)
	              Index Cond: ((id >= 6924978) AND (id <= 6934977))

table 3 : explain SELECT SUM(k) FROM sbtest3 WHERE id BETWEEN 8604962 AND 8614961
	Aggregate  (cost=32519.46..32519.47 rows=1 width=8)
	  ->  Bitmap Heap Scan on sbtest3  (cost=256.14..32496.12 rows=9337 width=4)
	        Recheck Cond: ((id >= 8604962) AND (id <= 8614961))
	        ->  Bitmap Index Scan on sbtest3_pkey  (cost=0.00..253.81 rows=9337 width=0)
	              Index Cond: ((id >= 8604962) AND (id <= 8614961))

table 4 : explain SELECT SUM(k) FROM sbtest4 WHERE id BETWEEN 1368142 AND 1378141
	Aggregate  (cost=33752.21..33752.22 rows=1 width=8)
	  ->  Bitmap Heap Scan on sbtest4  (cost=268.13..33727.90 rows=9726 width=4)
	        Recheck Cond: ((id >= 1368142) AND (id <= 1378141))
	        ->  Bitmap Index Scan on sbtest4_pkey  (cost=0.00..265.69 rows=9726 width=0)
	              Index Cond: ((id >= 1368142) AND (id <= 1378141))

table 5 : explain SELECT SUM(k) FROM sbtest5 WHERE id BETWEEN 9624179 AND 9634178
	Aggregate  (cost=35227.08..35227.09 rows=1 width=8)
	  ->  Bitmap Heap Scan on sbtest5  (cost=288.31..35201.74 rows=10134 width=4)
	        Recheck Cond: ((id >= 9624179) AND (id <= 9634178))
	        ->  Bitmap Index Scan on sbtest5_pkey  (cost=0.00..285.78 rows=10134 width=0)
	              Index Cond: ((id >= 9624179) AND (id <= 9634178))

table 6 : explain SELECT SUM(k) FROM sbtest6 WHERE id BETWEEN 9655196 AND 9665195
	Aggregate  (cost=34331.83..34331.84 rows=1 width=8)
	  ->  Bitmap Heap Scan on sbtest6  (cost=277.76..34307.12 rows=9885 width=4)
	        Recheck Cond: ((id >= 9655196) AND (id <= 9665195))
	        ->  Bitmap Index Scan on sbtest6_pkey  (cost=0.00..275.29 rows=9885 width=0)
	              Index Cond: ((id >= 9655196) AND (id <= 9665195))

table 7 : explain SELECT SUM(k) FROM sbtest7 WHERE id BETWEEN 4459977 AND 4469976
	Aggregate  (cost=33107.87..33107.88 rows=1 width=8)
	  ->  Bitmap Heap Scan on sbtest7  (cost=269.48..33084.20 rows=9468 width=4)
	        Recheck Cond: ((id >= 4459977) AND (id <= 4469976))
	        ->  Bitmap Index Scan on sbtest7_pkey  (cost=0.00..267.12 rows=9468 width=0)
	              Index Cond: ((id >= 4459977) AND (id <= 4469976))

table 8 : explain SELECT SUM(k) FROM sbtest8 WHERE id BETWEEN 1527609 AND 1537608
	Aggregate  (cost=35643.76..35643.77 rows=1 width=8)
	  ->  Bitmap Heap Scan on sbtest8  (cost=285.98..35618.02 rows=10297 width=4)
	        Recheck Cond: ((id >= 1527609) AND (id <= 1537608))
	        ->  Bitmap Index Scan on sbtest8_pkey  (cost=0.00..283.41 rows=10297 width=0)
	              Index Cond: ((id >= 1527609) AND (id <= 1537608))

for point_selects
table 1 : explain SELECT c FROM sbtest1 WHERE id=6440920
	Index Scan using sbtest1_pkey on sbtest1  (cost=0.43..8.45 rows=1 width=121)
	  Index Cond: (id = 6440920)

table 2 : explain SELECT c FROM sbtest2 WHERE id=5076405
	Index Scan using sbtest2_pkey on sbtest2  (cost=0.43..8.45 rows=1 width=121)
	  Index Cond: (id = 5076405)

table 3 : explain SELECT c FROM sbtest3 WHERE id=7614084
	Index Scan using sbtest3_pkey on sbtest3  (cost=0.43..8.45 rows=1 width=121)
	  Index Cond: (id = 7614084)

table 4 : explain SELECT c FROM sbtest4 WHERE id=3852183
	Index Scan using sbtest4_pkey on sbtest4  (cost=0.43..8.45 rows=1 width=121)
	  Index Cond: (id = 3852183)

table 5 : explain SELECT c FROM sbtest5 WHERE id=5299730
	Index Scan using sbtest5_pkey on sbtest5  (cost=0.43..8.45 rows=1 width=121)
	  Index Cond: (id = 5299730)

table 6 : explain SELECT c FROM sbtest6 WHERE id=7336017
	Index Scan using sbtest6_pkey on sbtest6  (cost=0.43..8.45 rows=1 width=121)
	  Index Cond: (id = 7336017)

table 7 : explain SELECT c FROM sbtest7 WHERE id=3956335
	Index Scan using sbtest7_pkey on sbtest7  (cost=0.43..8.45 rows=1 width=121)
	  Index Cond: (id = 3956335)

table 8 : explain SELECT c FROM sbtest8 WHERE id=4683062
	Index Scan using sbtest8_pkey on sbtest8  (cost=0.43..8.45 rows=1 width=121)
	  Index Cond: (id = 4683062)

for: sum_ranges
table 1 : explain SELECT SUM(k) FROM sbtest1 WHERE id BETWEEN 1298453 AND 1308452
	Aggregate  (cost=35769.49..35769.50 rows=1 width=8)
	  ->  Bitmap Heap Scan on sbtest1  (cost=286.93..35743.51 rows=10390 width=4)
	        Recheck Cond: ((id >= 1298453) AND (id <= 1308452))
	        ->  Bitmap Index Scan on sbtest1_pkey  (cost=0.00..284.33 rows=10390 width=0)
	              Index Cond: ((id >= 1298453) AND (id <= 1308452))

table 2 : explain SELECT SUM(k) FROM sbtest2 WHERE id BETWEEN 3482423 AND 3492422
	Aggregate  (cost=33025.45..33025.46 rows=1 width=8)
	  ->  Bitmap Heap Scan on sbtest2  (cost=261.83..33001.70 rows=9502 width=4)
	        Recheck Cond: ((id >= 3482423) AND (id <= 3492422))
	        ->  Bitmap Index Scan on sbtest2_pkey  (cost=0.00..259.45 rows=9502 width=0)
	              Index Cond: ((id >= 3482423) AND (id <= 3492422))

table 3 : explain SELECT SUM(k) FROM sbtest3 WHERE id BETWEEN 8356774 AND 8366773
	Aggregate  (cost=35663.39..35663.40 rows=1 width=8)
	  ->  Bitmap Heap Scan on sbtest3  (cost=282.34..35637.56 rows=10332 width=4)
	        Recheck Cond: ((id >= 8356774) AND (id <= 8366773))
	        ->  Bitmap Index Scan on sbtest3_pkey  (cost=0.00..279.75 rows=10332 width=0)
	              Index Cond: ((id >= 8356774) AND (id <= 8366773))

table 4 : explain SELECT SUM(k) FROM sbtest4 WHERE id BETWEEN 7560330 AND 7570329
	Aggregate  (cost=36572.42..36572.43 rows=1 width=8)
	  ->  Bitmap Heap Scan on sbtest4  (cost=289.33..36545.86 rows=10624 width=4)
	        Recheck Cond: ((id >= 7560330) AND (id <= 7570329))
	        ->  Bitmap Index Scan on sbtest4_pkey  (cost=0.00..286.68 rows=10624 width=0)
	              Index Cond: ((id >= 7560330) AND (id <= 7570329))

table 5 : explain SELECT SUM(k) FROM sbtest5 WHERE id BETWEEN 2562684 AND 2572683
	Aggregate  (cost=33026.90..33026.91 rows=1 width=8)
	  ->  Bitmap Heap Scan on sbtest5  (cost=265.25..33003.29 rows=9445 width=4)
	        Recheck Cond: ((id >= 2562684) AND (id <= 2572683))
	        ->  Bitmap Index Scan on sbtest5_pkey  (cost=0.00..262.88 rows=9445 width=0)
	              Index Cond: ((id >= 2562684) AND (id <= 2572683))

table 6 : explain SELECT SUM(k) FROM sbtest6 WHERE id BETWEEN 6135959 AND 6145958
	Aggregate  (cost=35916.94..35916.95 rows=1 width=8)
	  ->  Bitmap Heap Scan on sbtest6  (cost=290.91..35890.97 rows=10388 width=4)
	        Recheck Cond: ((id >= 6135959) AND (id <= 6145958))
	        ->  Bitmap Index Scan on sbtest6_pkey  (cost=0.00..288.31 rows=10388 width=0)
	              Index Cond: ((id >= 6135959) AND (id <= 6145958))

table 7 : explain SELECT SUM(k) FROM sbtest7 WHERE id BETWEEN 6568021 AND 6578020
	Aggregate  (cost=38847.84..38847.85 rows=1 width=8)
	  ->  Bitmap Heap Scan on sbtest7  (cost=320.09..38819.64 rows=11283 width=4)
	        Recheck Cond: ((id >= 6568021) AND (id <= 6578020))
	        ->  Bitmap Index Scan on sbtest7_pkey  (cost=0.00..317.26 rows=11283 width=0)
	              Index Cond: ((id >= 6568021) AND (id <= 6578020))

table 8 : explain SELECT SUM(k) FROM sbtest8 WHERE id BETWEEN 1024891 AND 1034890
	Aggregate  (cost=33084.16..33084.17 rows=1 width=8)
	  ->  Bitmap Heap Scan on sbtest8  (cost=265.70..33060.44 rows=9489 width=4)
	        Recheck Cond: ((id >= 1024891) AND (id <= 1034890))
	        ->  Bitmap Index Scan on sbtest8_pkey  (cost=0.00..263.32 rows=9489 width=0)
	              Index Cond: ((id >= 1024891) AND (id <= 1034890))

explain: for point_selects :: explain SELECT c FROM sbtest%u WHERE id=%u
for: order_ranges
table 1 : explain SELECT c FROM sbtest1 WHERE id BETWEEN 8720591 AND 8730590 ORDER BY c
	Sort  (cost=35330.30..35355.41 rows=10044 width=121)
	  Sort Key: c
	  ->  Bitmap Heap Scan on sbtest1  (cost=279.39..34662.67 rows=10044 width=121)
	        Recheck Cond: ((id >= 8720591) AND (id <= 8730590))
	        ->  Bitmap Index Scan on sbtest1_pkey  (cost=0.00..276.88 rows=10044 width=0)
	              Index Cond: ((id >= 8720591) AND (id <= 8730590))

table 2 : explain SELECT c FROM sbtest2 WHERE id BETWEEN 6946552 AND 6956551 ORDER BY c
	Sort  (cost=33935.92..33959.91 rows=9596 width=121)
	  Sort Key: c
	  ->  Bitmap Heap Scan on sbtest2  (cost=266.79..33301.23 rows=9596 width=121)
	        Recheck Cond: ((id >= 6946552) AND (id <= 6956551))
	        ->  Bitmap Index Scan on sbtest2_pkey  (cost=0.00..264.40 rows=9596 width=0)
	              Index Cond: ((id >= 6946552) AND (id <= 6956551))

table 3 : explain SELECT c FROM sbtest3 WHERE id BETWEEN 1885856 AND 1895855 ORDER BY c
	Sort  (cost=35090.44..35115.31 rows=9947 width=121)
	  Sort Key: c
	  ->  Bitmap Heap Scan on sbtest3  (cost=274.39..34429.96 rows=9947 width=121)
	        Recheck Cond: ((id >= 1885856) AND (id <= 1895855))
	        ->  Bitmap Index Scan on sbtest3_pkey  (cost=0.00..271.91 rows=9947 width=0)
	              Index Cond: ((id >= 1885856) AND (id <= 1895855))

table 4 : explain SELECT c FROM sbtest4 WHERE id BETWEEN 1023893 AND 1033892 ORDER BY c
	Sort  (cost=35548.37..35573.60 rows=10091 width=121)
	  Sort Key: c
	  ->  Bitmap Heap Scan on sbtest4  (cost=275.87..34877.28 rows=10091 width=121)
	        Recheck Cond: ((id >= 1023893) AND (id <= 1033892))
	        ->  Bitmap Index Scan on sbtest4_pkey  (cost=0.00..273.34 rows=10091 width=0)
	              Index Cond: ((id >= 1023893) AND (id <= 1033892))

table 5 : explain SELECT c FROM sbtest5 WHERE id BETWEEN 4147678 AND 4157677 ORDER BY c
	Sort  (cost=37855.74..37882.61 rows=10747 width=121)
	  Sort Key: c
	  ->  Bitmap Heap Scan on sbtest5  (cost=302.59..37136.14 rows=10747 width=121)
	        Recheck Cond: ((id >= 4147678) AND (id <= 4157677))
	        ->  Bitmap Index Scan on sbtest5_pkey  (cost=0.00..299.91 rows=10747 width=0)
	              Index Cond: ((id >= 4147678) AND (id <= 4157677))

table 6 : explain SELECT c FROM sbtest6 WHERE id BETWEEN 6435437 AND 6445436 ORDER BY c
	Sort  (cost=33226.04..33249.42 rows=9351 width=121)
	  Sort Key: c
	  ->  Bitmap Heap Scan on sbtest6  (cost=264.28..32609.30 rows=9351 width=121)
	        Recheck Cond: ((id >= 6435437) AND (id <= 6445436))
	        ->  Bitmap Index Scan on sbtest6_pkey  (cost=0.00..261.94 rows=9351 width=0)
	              Index Cond: ((id >= 6435437) AND (id <= 6445436))

table 7 : explain SELECT c FROM sbtest7 WHERE id BETWEEN 146268 AND 156267 ORDER BY c
	Sort  (cost=36884.28..36910.39 rows=10445 width=121)
	  Sort Key: c
	  ->  Bitmap Heap Scan on sbtest7  (cost=295.50..36187.05 rows=10445 width=121)
	        Recheck Cond: ((id >= 146268) AND (id <= 156267))
	        ->  Bitmap Index Scan on sbtest7_pkey  (cost=0.00..292.88 rows=10445 width=0)
	              Index Cond: ((id >= 146268) AND (id <= 156267))

table 8 : explain SELECT c FROM sbtest8 WHERE id BETWEEN 9907375 AND 9917374 ORDER BY c
	Sort  (cost=35239.92..35264.84 rows=9967 width=121)
	  Sort Key: c
	  ->  Bitmap Heap Scan on sbtest8  (cost=278.60..34577.97 rows=9967 width=121)
	        Recheck Cond: ((id >= 9907375) AND (id <= 9917374))
	        ->  Bitmap Index Scan on sbtest8_pkey  (cost=0.00..276.11 rows=9967 width=0)
	              Index Cond: ((id >= 9907375) AND (id <= 9917374))

for: sum_ranges
table 1 : explain SELECT SUM(k) FROM sbtest1 WHERE id BETWEEN 3798994 AND 3808993
	Aggregate  (cost=34623.31..34623.32 rows=1 width=8)
	  ->  Bitmap Heap Scan on sbtest1  (cost=279.18..34598.25 rows=10024 width=4)
	        Recheck Cond: ((id >= 3798994) AND (id <= 3808993))
	        ->  Bitmap Index Scan on sbtest1_pkey  (cost=0.00..276.68 rows=10024 width=0)
	              Index Cond: ((id >= 3798994) AND (id <= 3808993))

table 2 : explain SELECT SUM(k) FROM sbtest2 WHERE id BETWEEN 5398632 AND 5408631
	Aggregate  (cost=31753.27..31753.28 rows=1 width=8)
	  ->  Bitmap Heap Scan on sbtest2  (cost=253.72..31730.52 rows=9101 width=4)
	        Recheck Cond: ((id >= 5398632) AND (id <= 5408631))
	        ->  Bitmap Index Scan on sbtest2_pkey  (cost=0.00..251.44 rows=9101 width=0)
	              Index Cond: ((id >= 5398632) AND (id <= 5408631))

table 3 : explain SELECT SUM(k) FROM sbtest3 WHERE id BETWEEN 4853527 AND 4863526
	Aggregate  (cost=35337.78..35337.79 rows=1 width=8)
	  ->  Bitmap Heap Scan on sbtest3  (cost=281.27..35312.21 rows=10228 width=4)
	        Recheck Cond: ((id >= 4853527) AND (id <= 4863526))
	        ->  Bitmap Index Scan on sbtest3_pkey  (cost=0.00..278.71 rows=10228 width=0)
	              Index Cond: ((id >= 4853527) AND (id <= 4863526))

table 4 : explain SELECT SUM(k) FROM sbtest4 WHERE id BETWEEN 5480164 AND 5490163
	Aggregate  (cost=35468.11..35468.12 rows=1 width=8)
	  ->  Bitmap Heap Scan on sbtest4  (cost=281.71..35442.43 rows=10271 width=4)
	        Recheck Cond: ((id >= 5480164) AND (id <= 5490163))
	        ->  Bitmap Index Scan on sbtest4_pkey  (cost=0.00..279.15 rows=10271 width=0)
	              Index Cond: ((id >= 5480164) AND (id <= 5490163))

table 5 : explain SELECT SUM(k) FROM sbtest5 WHERE id BETWEEN 1208450 AND 1218449
	Aggregate  (cost=38730.21..38730.22 rows=1 width=8)
	  ->  Bitmap Heap Scan on sbtest5  (cost=319.71..38702.09 rows=11246 width=4)
	        Recheck Cond: ((id >= 1208450) AND (id <= 1218449))
	        ->  Bitmap Index Scan on sbtest5_pkey  (cost=0.00..316.90 rows=11246 width=0)
	              Index Cond: ((id >= 1208450) AND (id <= 1218449))

table 6 : explain SELECT SUM(k) FROM sbtest6 WHERE id BETWEEN 2448619 AND 2458618
	Aggregate  (cost=30921.72..30921.73 rows=1 width=8)
	  ->  Bitmap Heap Scan on sbtest6  (cost=246.82..30899.67 rows=8818 width=4)
	        Recheck Cond: ((id >= 2448619) AND (id <= 2458618))
	        ->  Bitmap Index Scan on sbtest6_pkey  (cost=0.00..244.62 rows=8818 width=0)
	              Index Cond: ((id >= 2448619) AND (id <= 2458618))

table 7 : explain SELECT SUM(k) FROM sbtest7 WHERE id BETWEEN 1149208 AND 1159207
	Aggregate  (cost=31019.72..31019.73 rows=1 width=8)
	  ->  Bitmap Heap Scan on sbtest7  (cost=250.84..30997.67 rows=8820 width=4)
	        Recheck Cond: ((id >= 1149208) AND (id <= 1159207))
	        ->  Bitmap Index Scan on sbtest7_pkey  (cost=0.00..248.63 rows=8820 width=0)
	              Index Cond: ((id >= 1149208) AND (id <= 1159207))

table 8 : explain SELECT SUM(k) FROM sbtest8 WHERE id BETWEEN 4437816 AND 4447815
	Aggregate  (cost=33341.98..33341.99 rows=1 width=8)
	  ->  Bitmap Heap Scan on sbtest8  (cost=266.53..33318.05 rows=9570 width=4)
	        Recheck Cond: ((id >= 4437816) AND (id <= 4447815))
	        ->  Bitmap Index Scan on sbtest8_pkey  (cost=0.00..264.13 rows=9570 width=0)
	              Index Cond: ((id >= 4437816) AND (id <= 4447815))

for: simple_ranges
table 1 : explain SELECT c FROM sbtest1 WHERE id BETWEEN 3299037 AND 3309036
	Bitmap Heap Scan on sbtest1  (cost=323.12..39424.14 rows=11579 width=121)
	  Recheck Cond: ((id >= 3299037) AND (id <= 3309036))
	  ->  Bitmap Index Scan on sbtest1_pkey  (cost=0.00..320.23 rows=11579 width=0)
	        Index Cond: ((id >= 3299037) AND (id <= 3309036))

table 2 : explain SELECT c FROM sbtest2 WHERE id BETWEEN 8336177 AND 8346176
	Bitmap Heap Scan on sbtest2  (cost=260.87..32705.83 rows=9408 width=121)
	  Recheck Cond: ((id >= 8336177) AND (id <= 8346176))
	  ->  Bitmap Index Scan on sbtest2_pkey  (cost=0.00..258.51 rows=9408 width=0)
	        Index Cond: ((id >= 8336177) AND (id <= 8346176))

table 3 : explain SELECT c FROM sbtest3 WHERE id BETWEEN 143354 AND 153353
	Bitmap Heap Scan on sbtest3  (cost=313.48..39016.47 rows=11419 width=121)
	  Recheck Cond: ((id >= 143354) AND (id <= 153353))
	  ->  Bitmap Index Scan on sbtest3_pkey  (cost=0.00..310.62 rows=11419 width=0)
	        Index Cond: ((id >= 143354) AND (id <= 153353))

table 4 : explain SELECT c FROM sbtest4 WHERE id BETWEEN 9611170 AND 9621169
	Bitmap Heap Scan on sbtest4  (cost=275.72..34832.09 rows=10077 width=121)
	  Recheck Cond: ((id >= 9611170) AND (id <= 9621169))
	  ->  Bitmap Index Scan on sbtest4_pkey  (cost=0.00..273.20 rows=10077 width=0)
	        Index Cond: ((id >= 9611170) AND (id <= 9621169))

table 5 : explain SELECT c FROM sbtest5 WHERE id BETWEEN 9949926 AND 9959925
	Bitmap Heap Scan on sbtest5  (cost=270.11..33275.74 rows=9529 width=121)
	  Recheck Cond: ((id >= 9949926) AND (id <= 9959925))
	  ->  Bitmap Index Scan on sbtest5_pkey  (cost=0.00..267.73 rows=9529 width=0)
	        Index Cond: ((id >= 9949926) AND (id <= 9959925))

table 6 : explain SELECT c FROM sbtest6 WHERE id BETWEEN 7130624 AND 7140623
	Bitmap Heap Scan on sbtest6  (cost=284.51..35156.82 rows=10154 width=121)
	  Recheck Cond: ((id >= 7130624) AND (id <= 7140623))
	  ->  Bitmap Index Scan on sbtest6_pkey  (cost=0.00..281.98 rows=10154 width=0)
	        Index Cond: ((id >= 7130624) AND (id <= 7140623))

table 7 : explain SELECT c FROM sbtest7 WHERE id BETWEEN 498182 AND 508181
	Bitmap Heap Scan on sbtest7  (cost=282.42..34620.49 rows=9950 width=121)
	  Recheck Cond: ((id >= 498182) AND (id <= 508181))
	  ->  Bitmap Index Scan on sbtest7_pkey  (cost=0.00..279.94 rows=9950 width=0)
	        Index Cond: ((id >= 498182) AND (id <= 508181))

table 8 : explain SELECT c FROM sbtest8 WHERE id BETWEEN 1589871 AND 1599870
	Bitmap Heap Scan on sbtest8  (cost=285.98..35618.02 rows=10297 width=121)
	  Recheck Cond: ((id >= 1589871) AND (id <= 1599870))
	  ->  Bitmap Index Scan on sbtest8_pkey  (cost=0.00..283.41 rows=10297 width=0)
	        Index Cond: ((id >= 1589871) AND (id <= 1599870))

for: order_ranges
table 1 : explain SELECT c FROM sbtest1 WHERE id BETWEEN 6419322 AND 6429321 ORDER BY c
	Sort  (cost=34126.11..34150.29 rows=9671 width=121)
	  Sort Key: c
	  ->  Bitmap Heap Scan on sbtest1  (cost=267.56..33485.92 rows=9671 width=121)
	        Recheck Cond: ((id >= 6419322) AND (id <= 6429321))
	        ->  Bitmap Index Scan on sbtest1_pkey  (cost=0.00..265.15 rows=9671 width=0)
	              Index Cond: ((id >= 6419322) AND (id <= 6429321))

table 2 : explain SELECT c FROM sbtest2 WHERE id BETWEEN 6654827 AND 6664826 ORDER BY c
	Sort  (cost=34330.79..34355.09 rows=9718 width=121)
	  Sort Key: c
	  ->  Bitmap Heap Scan on sbtest2  (cost=268.04..33687.15 rows=9718 width=121)
	        Recheck Cond: ((id >= 6654827) AND (id <= 6664826))
	        ->  Bitmap Index Scan on sbtest2_pkey  (cost=0.00..265.62 rows=9718 width=0)
	              Index Cond: ((id >= 6654827) AND (id <= 6664826))

table 3 : explain SELECT c FROM sbtest3 WHERE id BETWEEN 8956648 AND 8966647 ORDER BY c
	Sort  (cost=35705.47..35730.82 rows=10139 width=121)
	  Sort Key: c
	  ->  Bitmap Heap Scan on sbtest3  (cost=276.36..35030.84 rows=10139 width=121)
	        Recheck Cond: ((id >= 8956648) AND (id <= 8966647))
	        ->  Bitmap Index Scan on sbtest3_pkey  (cost=0.00..273.82 rows=10139 width=0)
	              Index Cond: ((id >= 8956648) AND (id <= 8966647))

table 4 : explain SELECT c FROM sbtest4 WHERE id BETWEEN 1161264 AND 1171263 ORDER BY c
	Sort  (cost=36275.11..36300.90 rows=10317 width=121)
	  Sort Key: c
	  ->  Bitmap Heap Scan on sbtest4  (cost=282.18..35587.34 rows=10317 width=121)
	        Recheck Cond: ((id >= 1161264) AND (id <= 1171263))
	        ->  Bitmap Index Scan on sbtest4_pkey  (cost=0.00..279.61 rows=10317 width=0)
	              Index Cond: ((id >= 1161264) AND (id <= 1171263))

table 5 : explain SELECT c FROM sbtest5 WHERE id BETWEEN 4744408 AND 4754407 ORDER BY c
	Sort  (cost=38820.09..38847.71 rows=11047 width=121)
	  Sort Key: c
	  ->  Bitmap Heap Scan on sbtest5  (cost=313.67..38078.21 rows=11047 width=121)
	        Recheck Cond: ((id >= 4744408) AND (id <= 4754407))
	        ->  Bitmap Index Scan on sbtest5_pkey  (cost=0.00..310.91 rows=11047 width=0)
	              Index Cond: ((id >= 4744408) AND (id <= 4754407))

table 6 : explain SELECT c FROM sbtest6 WHERE id BETWEEN 4266491 AND 4276490 ORDER BY c
	Sort  (cost=34284.03..34308.22 rows=9676 width=121)
	  Sort Key: c
	  ->  Bitmap Heap Scan on sbtest6  (cost=271.61..33643.47 rows=9676 width=121)
	        Recheck Cond: ((id >= 4266491) AND (id <= 4276490))
	        ->  Bitmap Index Scan on sbtest6_pkey  (cost=0.00..269.19 rows=9676 width=0)
	              Index Cond: ((id >= 4266491) AND (id <= 4276490))

table 7 : explain SELECT c FROM sbtest7 WHERE id BETWEEN 7364932 AND 7374931 ORDER BY c
	Sort  (cost=34322.67..34346.81 rows=9656 width=121)
	  Sort Key: c
	  ->  Bitmap Heap Scan on sbtest7  (cost=275.41..33683.58 rows=9656 width=121)
	        Recheck Cond: ((id >= 7364932) AND (id <= 7374931))
	        ->  Bitmap Index Scan on sbtest7_pkey  (cost=0.00..273.00 rows=9656 width=0)
	              Index Cond: ((id >= 7364932) AND (id <= 7374931))

table 8 : explain SELECT c FROM sbtest8 WHERE id BETWEEN 4567863 AND 4577862 ORDER BY c
	Sort  (cost=33874.19..33898.06 rows=9547 width=121)
	  Sort Key: c
	  ->  Bitmap Heap Scan on sbtest8  (cost=266.29..33243.09 rows=9547 width=121)
	        Recheck Cond: ((id >= 4567863) AND (id <= 4577862))
	        ->  Bitmap Index Scan on sbtest8_pkey  (cost=0.00..263.91 rows=9547 width=0)
	              Index Cond: ((id >= 4567863) AND (id <= 4577862))

for: simple_ranges
table 1 : explain SELECT c FROM sbtest1 WHERE id BETWEEN 8257456 AND 8267455
	Bitmap Heap Scan on sbtest1  (cost=278.94..34524.13 rows=10000 width=121)
	  Recheck Cond: ((id >= 8257456) AND (id <= 8267455))
	  ->  Bitmap Index Scan on sbtest1_pkey  (cost=0.00..276.44 rows=10000 width=0)
	        Index Cond: ((id >= 8257456) AND (id <= 8267455))

table 2 : explain SELECT c FROM sbtest2 WHERE id BETWEEN 455436 AND 465435
	Bitmap Heap Scan on sbtest2  (cost=260.40..32559.40 rows=9362 width=121)
	  Recheck Cond: ((id >= 455436) AND (id <= 465435))
	  ->  Bitmap Index Scan on sbtest2_pkey  (cost=0.00..258.06 rows=9362 width=0)
	        Index Cond: ((id >= 455436) AND (id <= 465435))

table 3 : explain SELECT c FROM sbtest3 WHERE id BETWEEN 8462201 AND 8472200
	Bitmap Heap Scan on sbtest3  (cost=267.75..33612.89 rows=9689 width=121)
	  Recheck Cond: ((id >= 8462201) AND (id <= 8472200))
	  ->  Bitmap Index Scan on sbtest3_pkey  (cost=0.00..265.32 rows=9689 width=0)
	        Index Cond: ((id >= 8462201) AND (id <= 8472200))

table 4 : explain SELECT c FROM sbtest4 WHERE id BETWEEN 3832424 AND 3842423
	Bitmap Heap Scan on sbtest4  (cost=237.13..30306.38 rows=8653 width=121)
	  Recheck Cond: ((id >= 3832424) AND (id <= 3842423))
	  ->  Bitmap Index Scan on sbtest4_pkey  (cost=0.00..234.97 rows=8653 width=0)
	        Index Cond: ((id >= 3832424) AND (id <= 3842423))

table 5 : explain SELECT c FROM sbtest5 WHERE id BETWEEN 5291379 AND 5301378
	Bitmap Heap Scan on sbtest5  (cost=313.87..38142.50 rows=11067 width=121)
	  Recheck Cond: ((id >= 5291379) AND (id <= 5301378))
	  ->  Bitmap Index Scan on sbtest5_pkey  (cost=0.00..311.11 rows=11067 width=0)
	        Index Cond: ((id >= 5291379) AND (id <= 5301378))

table 6 : explain SELECT c FROM sbtest6 WHERE id BETWEEN 5607215 AND 5617214
	Bitmap Heap Scan on sbtest6  (cost=257.69..31800.49 rows=9098 width=121)
	  Recheck Cond: ((id >= 5607215) AND (id <= 5617214))
	  ->  Bitmap Index Scan on sbtest6_pkey  (cost=0.00..255.42 rows=9098 width=0)
	        Index Cond: ((id >= 5607215) AND (id <= 5617214))

table 7 : explain SELECT c FROM sbtest7 WHERE id BETWEEN 9275776 AND 9285775
	Bitmap Heap Scan on sbtest7  (cost=281.24..34255.54 rows=9835 width=121)
	  Recheck Cond: ((id >= 9275776) AND (id <= 9285775))
	  ->  Bitmap Index Scan on sbtest7_pkey  (cost=0.00..278.79 rows=9835 width=0)
	        Index Cond: ((id >= 9275776) AND (id <= 9285775))

table 8 : explain SELECT c FROM sbtest8 WHERE id BETWEEN 7190713 AND 7200712
	Bitmap Heap Scan on sbtest8  (cost=252.67..31494.75 rows=8999 width=121)
	  Recheck Cond: ((id >= 7190713) AND (id <= 7200712))
	  ->  Bitmap Index Scan on sbtest8_pkey  (cost=0.00..250.43 rows=8999 width=0)
	        Index Cond: ((id >= 7190713) AND (id <= 7200712))

for point_selects
table 1 : explain SELECT c FROM sbtest1 WHERE id=6498334
	Index Scan using sbtest1_pkey on sbtest1  (cost=0.43..8.45 rows=1 width=121)
	  Index Cond: (id = 6498334)

table 2 : explain SELECT c FROM sbtest2 WHERE id=8726015
	Index Scan using sbtest2_pkey on sbtest2  (cost=0.43..8.45 rows=1 width=121)
	  Index Cond: (id = 8726015)

table 3 : explain SELECT c FROM sbtest3 WHERE id=7013066
	Index Scan using sbtest3_pkey on sbtest3  (cost=0.43..8.45 rows=1 width=121)
	  Index Cond: (id = 7013066)

table 4 : explain SELECT c FROM sbtest4 WHERE id=9110017
	Index Scan using sbtest4_pkey on sbtest4  (cost=0.43..8.45 rows=1 width=121)
	  Index Cond: (id = 9110017)

table 5 : explain SELECT c FROM sbtest5 WHERE id=2346426
	Index Scan using sbtest5_pkey on sbtest5  (cost=0.43..8.45 rows=1 width=121)
	  Index Cond: (id = 2346426)

table 6 : explain SELECT c FROM sbtest6 WHERE id=9404299
	Index Scan using sbtest6_pkey on sbtest6  (cost=0.43..8.45 rows=1 width=121)
	  Index Cond: (id = 9404299)

table 7 : explain SELECT c FROM sbtest7 WHERE id=7399179
	Index Scan using sbtest7_pkey on sbtest7  (cost=0.43..8.45 rows=1 width=121)
	  Index Cond: (id = 7399179)

table 8 : explain SELECT c FROM sbtest8 WHERE id=8613091
	Index Scan using sbtest8_pkey on sbtest8  (cost=0.43..8.45 rows=1 width=121)
	  Index Cond: (id = 8613091)

for point_selects
table 1 : explain SELECT c FROM sbtest1 WHERE id=1244085
	Index Scan using sbtest1_pkey on sbtest1  (cost=0.43..8.45 rows=1 width=121)
	  Index Cond: (id = 1244085)

table 2 : explain SELECT c FROM sbtest2 WHERE id=298954
	Index Scan using sbtest2_pkey on sbtest2  (cost=0.43..8.45 rows=1 width=121)
	  Index Cond: (id = 298954)

table 3 : explain SELECT c FROM sbtest3 WHERE id=2500021
	Index Scan using sbtest3_pkey on sbtest3  (cost=0.43..8.45 rows=1 width=121)
	  Index Cond: (id = 2500021)

table 4 : explain SELECT c FROM sbtest4 WHERE id=8154767
	Index Scan using sbtest4_pkey on sbtest4  (cost=0.43..8.45 rows=1 width=121)
	  Index Cond: (id = 8154767)

table 5 : explain SELECT c FROM sbtest5 WHERE id=5414057
	Index Scan using sbtest5_pkey on sbtest5  (cost=0.43..8.45 rows=1 width=121)
	  Index Cond: (id = 5414057)

table 6 : explain SELECT c FROM sbtest6 WHERE id=2003001
	Index Scan using sbtest6_pkey on sbtest6  (cost=0.43..8.45 rows=1 width=121)
	  Index Cond: (id = 2003001)

table 7 : explain SELECT c FROM sbtest7 WHERE id=8309674
	Index Scan using sbtest7_pkey on sbtest7  (cost=0.43..8.45 rows=1 width=121)
	  Index Cond: (id = 8309674)

table 8 : explain SELECT c FROM sbtest8 WHERE id=1710006
	Index Scan using sbtest8_pkey on sbtest8  (cost=0.43..8.45 rows=1 width=121)
	  Index Cond: (id = 1710006)

for: distinct_ranges
table 1 : explain SELECT DISTINCT c FROM sbtest1 WHERE id BETWEEN 9602644 AND 9612643 ORDER BY c
	Unique  (cost=38128.39..38182.99 rows=10921 width=121)
	  ->  Sort  (cost=38128.39..38155.69 rows=10921 width=121)
	        Sort Key: c
	        ->  Bitmap Heap Scan on sbtest1  (cost=304.38..37395.87 rows=10921 width=121)
	              Recheck Cond: ((id >= 9602644) AND (id <= 9612643))
	              ->  Bitmap Index Scan on sbtest1_pkey  (cost=0.00..301.65 rows=10921 width=0)
	                    Index Cond: ((id >= 9602644) AND (id <= 9612643))

table 2 : explain SELECT DISTINCT c FROM sbtest2 WHERE id BETWEEN 8943537 AND 8953536 ORDER BY c
	Unique  (cost=38936.86..38992.65 rows=11158 width=121)
	  ->  Sort  (cost=38936.86..38964.75 rows=11158 width=121)
	        Sort Key: c
	        ->  Bitmap Heap Scan on sbtest2  (cost=306.80..38186.72 rows=11158 width=121)
	              Recheck Cond: ((id >= 8943537) AND (id <= 8953536))
	              ->  Bitmap Index Scan on sbtest2_pkey  (cost=0.00..304.01 rows=11158 width=0)
	                    Index Cond: ((id >= 8943537) AND (id <= 8953536))

table 3 : explain SELECT DISTINCT c FROM sbtest3 WHERE id BETWEEN 1303929 AND 1313928 ORDER BY c
	Unique  (cost=34393.79..34442.45 rows=9732 width=121)
	  ->  Sort  (cost=34393.79..34418.12 rows=9732 width=121)
	        Sort Key: c
	        ->  Bitmap Heap Scan on sbtest3  (cost=268.19..33749.12 rows=9732 width=121)
	              Recheck Cond: ((id >= 1303929) AND (id <= 1313928))
	              ->  Bitmap Index Scan on sbtest3_pkey  (cost=0.00..265.75 rows=9732 width=0)
	                    Index Cond: ((id >= 1303929) AND (id <= 1313928))

table 4 : explain SELECT DISTINCT c FROM sbtest4 WHERE id BETWEEN 3319086 AND 3329085 ORDER BY c
	Unique  (cost=34342.29..34390.87 rows=9717 width=121)
	  ->  Sort  (cost=34342.29..34366.58 rows=9717 width=121)
	        Sort Key: c
	        ->  Bitmap Heap Scan on sbtest4  (cost=268.03..33698.72 rows=9717 width=121)
	              Recheck Cond: ((id >= 3319086) AND (id <= 3329085))
	              ->  Bitmap Index Scan on sbtest4_pkey  (cost=0.00..265.61 rows=9717 width=0)
	                    Index Cond: ((id >= 3319086) AND (id <= 3329085))

table 5 : explain SELECT DISTINCT c FROM sbtest5 WHERE id BETWEEN 7523121 AND 7533120 ORDER BY c
	Unique  (cost=34571.62..34620.28 rows=9733 width=121)
	  ->  Sort  (cost=34571.62..34595.95 rows=9733 width=121)
	        Sort Key: c
	        ->  Bitmap Heap Scan on sbtest5  (cost=276.20..33926.87 rows=9733 width=121)
	              Recheck Cond: ((id >= 7523121) AND (id <= 7533120))
	              ->  Bitmap Index Scan on sbtest5_pkey  (cost=0.00..273.76 rows=9733 width=0)
	                    Index Cond: ((id >= 7523121) AND (id <= 7533120))

table 6 : explain SELECT DISTINCT c FROM sbtest6 WHERE id BETWEEN 1955163 AND 1965162 ORDER BY c
	Unique  (cost=33446.52..33493.62 rows=9419 width=121)
	  ->  Sort  (cost=33446.52..33470.07 rows=9419 width=121)
	        Sort Key: c
	        ->  Bitmap Heap Scan on sbtest6  (cost=264.98..32824.80 rows=9419 width=121)
	              Recheck Cond: ((id >= 1955163) AND (id <= 1965162))
	              ->  Bitmap Index Scan on sbtest6_pkey  (cost=0.00..262.62 rows=9419 width=0)
	                    Index Cond: ((id >= 1955163) AND (id <= 1965162))

table 7 : explain SELECT DISTINCT c FROM sbtest7 WHERE id BETWEEN 9941862 AND 9951861 ORDER BY c
	Unique  (cost=33786.58..33834.04 rows=9492 width=121)
	  ->  Sort  (cost=33786.58..33810.31 rows=9492 width=121)
	        Sort Key: c
	        ->  Bitmap Heap Scan on sbtest7  (cost=269.73..33159.52 rows=9492 width=121)
	              Recheck Cond: ((id >= 9941862) AND (id <= 9951861))
	              ->  Bitmap Index Scan on sbtest7_pkey  (cost=0.00..267.36 rows=9492 width=0)
	                    Index Cond: ((id >= 9941862) AND (id <= 9951861))

table 8 : explain SELECT DISTINCT c FROM sbtest8 WHERE id BETWEEN 4552742 AND 4562741 ORDER BY c
	Unique  (cost=33874.19..33921.92 rows=9547 width=121)
	  ->  Sort  (cost=33874.19..33898.06 rows=9547 width=121)
	        Sort Key: c
	        ->  Bitmap Heap Scan on sbtest8  (cost=266.29..33243.09 rows=9547 width=121)
	              Recheck Cond: ((id >= 4552742) AND (id <= 4562741))
	              ->  Bitmap Index Scan on sbtest8_pkey  (cost=0.00..263.91 rows=9547 width=0)
	                    Index Cond: ((id >= 4552742) AND (id <= 4562741))

for point_selects
table 1 : explain SELECT c FROM sbtest1 WHERE id=2926797
	Index Scan using sbtest1_pkey on sbtest1  (cost=0.43..8.45 rows=1 width=121)
	  Index Cond: (id = 2926797)

table 2 : explain SELECT c FROM sbtest2 WHERE id=9715385
	Index Scan using sbtest2_pkey on sbtest2  (cost=0.43..8.45 rows=1 width=121)
	  Index Cond: (id = 9715385)

table 3 : explain SELECT c FROM sbtest3 WHERE id=6962734
	Index Scan using sbtest3_pkey on sbtest3  (cost=0.43..8.45 rows=1 width=121)
	  Index Cond: (id = 6962734)

table 4 : explain SELECT c FROM sbtest4 WHERE id=3382246
	Index Scan using sbtest4_pkey on sbtest4  (cost=0.43..8.45 rows=1 width=121)
	  Index Cond: (id = 3382246)

table 5 : explain SELECT c FROM sbtest5 WHERE id=560249
	Index Scan using sbtest5_pkey on sbtest5  (cost=0.43..8.45 rows=1 width=121)
	  Index Cond: (id = 560249)

table 6 : explain SELECT c FROM sbtest6 WHERE id=6787671
	Index Scan using sbtest6_pkey on sbtest6  (cost=0.43..8.45 rows=1 width=121)
	  Index Cond: (id = 6787671)

table 7 : explain SELECT c FROM sbtest7 WHERE id=7854892
	Index Scan using sbtest7_pkey on sbtest7  (cost=0.43..8.45 rows=1 width=121)
	  Index Cond: (id = 7854892)

table 8 : explain SELECT c FROM sbtest8 WHERE id=9082763
	Index Scan using sbtest8_pkey on sbtest8  (cost=0.43..8.45 rows=1 width=121)
	  Index Cond: (id = 9082763)

for point_selects
table 1 : explain SELECT c FROM sbtest1 WHERE id=1829892
	Index Scan using sbtest1_pkey on sbtest1  (cost=0.43..8.45 rows=1 width=121)
	  Index Cond: (id = 1829892)

table 2 : explain SELECT c FROM sbtest2 WHERE id=5936997
	Index Scan using sbtest2_pkey on sbtest2  (cost=0.43..8.45 rows=1 width=121)
	  Index Cond: (id = 5936997)

table 3 : explain SELECT c FROM sbtest3 WHERE id=2644600
	Index Scan using sbtest3_pkey on sbtest3  (cost=0.43..8.45 rows=1 width=121)
	  Index Cond: (id = 2644600)

table 4 : explain SELECT c FROM sbtest4 WHERE id=9050098
	Index Scan using sbtest4_pkey on sbtest4  (cost=0.43..8.45 rows=1 width=121)
	  Index Cond: (id = 9050098)

table 5 : explain SELECT c FROM sbtest5 WHERE id=9123534
	Index Scan using sbtest5_pkey on sbtest5  (cost=0.43..8.45 rows=1 width=121)
	  Index Cond: (id = 9123534)

table 6 : explain SELECT c FROM sbtest6 WHERE id=2295737
	Index Scan using sbtest6_pkey on sbtest6  (cost=0.43..8.45 rows=1 width=121)
	  Index Cond: (id = 2295737)

table 7 : explain SELECT c FROM sbtest7 WHERE id=9625954
	Index Scan using sbtest7_pkey on sbtest7  (cost=0.43..8.45 rows=1 width=121)
	  Index Cond: (id = 9625954)

table 8 : explain SELECT c FROM sbtest8 WHERE id=3331323
	Index Scan using sbtest8_pkey on sbtest8  (cost=0.43..8.45 rows=1 width=121)
	  Index Cond: (id = 3331323)

for: order_ranges
table 1 : explain SELECT c FROM sbtest1 WHERE id BETWEEN 7201034 AND 7211033 ORDER BY c
	Sort  (cost=33136.64..33160.05 rows=9364 width=121)
	  Sort Key: c
	  ->  Bitmap Heap Scan on sbtest1  (cost=260.42..32518.95 rows=9364 width=121)
	        Recheck Cond: ((id >= 7201034) AND (id <= 7211033))
	        ->  Bitmap Index Scan on sbtest1_pkey  (cost=0.00..258.07 rows=9364 width=0)
	              Index Cond: ((id >= 7201034) AND (id <= 7211033))

table 2 : explain SELECT c FROM sbtest2 WHERE id BETWEEN 4641585 AND 4651584 ORDER BY c
	Sort  (cost=38027.61..38054.79 rows=10871 width=121)
	  Sort Key: c
	  ->  Bitmap Heap Scan on sbtest2  (cost=299.86..37298.81 rows=10871 width=121)
	        Recheck Cond: ((id >= 4641585) AND (id <= 4651584))
	        ->  Bitmap Index Scan on sbtest2_pkey  (cost=0.00..297.15 rows=10871 width=0)
	              Index Cond: ((id >= 4641585) AND (id <= 4651584))

table 3 : explain SELECT c FROM sbtest3 WHERE id BETWEEN 6924354 AND 6934353 ORDER BY c
	Sort  (cost=34197.23..34221.41 rows=9672 width=121)
	  Sort Key: c
	  ->  Bitmap Heap Scan on sbtest3  (cost=263.57..33556.96 rows=9672 width=121)
	        Recheck Cond: ((id >= 6924354) AND (id <= 6934353))
	        ->  Bitmap Index Scan on sbtest3_pkey  (cost=0.00..261.16 rows=9672 width=0)
	              Index Cond: ((id >= 6924354) AND (id <= 6934353))

table 4 : explain SELECT c FROM sbtest4 WHERE id BETWEEN 5662104 AND 5672103 ORDER BY c
	Sort  (cost=34786.64..34811.27 rows=9855 width=121)
	  Sort Key: c
	  ->  Bitmap Heap Scan on sbtest4  (cost=269.45..34132.92 rows=9855 width=121)
	        Recheck Cond: ((id >= 5662104) AND (id <= 5672103))
	        ->  Bitmap Index Scan on sbtest4_pkey  (cost=0.00..266.99 rows=9855 width=0)
	              Index Cond: ((id >= 5662104) AND (id <= 5672103))

table 5 : explain SELECT c FROM sbtest5 WHERE id BETWEEN 4157628 AND 4167627 ORDER BY c
	Sort  (cost=37855.74..37882.61 rows=10747 width=121)
	  Sort Key: c
	  ->  Bitmap Heap Scan on sbtest5  (cost=302.59..37136.14 rows=10747 width=121)
	        Recheck Cond: ((id >= 4157628) AND (id <= 4167627))
	        ->  Bitmap Index Scan on sbtest5_pkey  (cost=0.00..299.91 rows=10747 width=0)
	              Index Cond: ((id >= 4157628) AND (id <= 4167627))

table 6 : explain SELECT c FROM sbtest6 WHERE id BETWEEN 5109030 AND 5119029 ORDER BY c
	Sort  (cost=32475.76..32498.57 rows=9121 width=121)
	  Sort Key: c
	  ->  Bitmap Heap Scan on sbtest6  (cost=257.93..31875.83 rows=9121 width=121)
	        Recheck Cond: ((id >= 5109030) AND (id <= 5119029))
	        ->  Bitmap Index Scan on sbtest6_pkey  (cost=0.00..255.65 rows=9121 width=0)
	              Index Cond: ((id >= 5109030) AND (id <= 5119029))

table 7 : explain SELECT c FROM sbtest7 WHERE id BETWEEN 8185745 AND 8195744 ORDER BY c
	Sort  (cost=35531.64..35556.71 rows=10026 width=121)
	  Sort Key: c
	  ->  Bitmap Heap Scan on sbtest7  (cost=287.20..34865.34 rows=10026 width=121)
	        Recheck Cond: ((id >= 8185745) AND (id <= 8195744))
	        ->  Bitmap Index Scan on sbtest7_pkey  (cost=0.00..284.69 rows=10026 width=0)
	              Index Cond: ((id >= 8185745) AND (id <= 8195744))

table 8 : explain SELECT c FROM sbtest8 WHERE id BETWEEN 6278234 AND 6288233 ORDER BY c
	Sort  (cost=33325.89..33349.34 rows=9379 width=121)
	  Sort Key: c
	  ->  Bitmap Heap Scan on sbtest8  (cost=260.57..32707.10 rows=9379 width=121)
	        Recheck Cond: ((id >= 6278234) AND (id <= 6288233))
	        ->  Bitmap Index Scan on sbtest8_pkey  (cost=0.00..258.23 rows=9379 width=0)
	              Index Cond: ((id >= 6278234) AND (id <= 6288233))

for: order_ranges
table 1 : explain SELECT c FROM sbtest1 WHERE id BETWEEN 6902824 AND 6912823 ORDER BY c
	Sort  (cost=35894.31..35919.86 rows=10220 width=121)
	  Sort Key: c
	  ->  Bitmap Heap Scan on sbtest1  (cost=285.19..35213.70 rows=10220 width=121)
	        Recheck Cond: ((id >= 6902824) AND (id <= 6912823))
	        ->  Bitmap Index Scan on sbtest1_pkey  (cost=0.00..282.63 rows=10220 width=0)
	              Index Cond: ((id >= 6902824) AND (id <= 6912823))

table 2 : explain SELECT c FROM sbtest2 WHERE id BETWEEN 9117687 AND 9127686 ORDER BY c
	Sort  (cost=36892.09..36918.38 rows=10514 width=121)
	  Sort Key: c
	  ->  Bitmap Heap Scan on sbtest2  (cost=292.20..36189.76 rows=10514 width=121)
	        Recheck Cond: ((id >= 9117687) AND (id <= 9127686))
	        ->  Bitmap Index Scan on sbtest2_pkey  (cost=0.00..289.57 rows=10514 width=0)
	              Index Cond: ((id >= 9117687) AND (id <= 9127686))

table 3 : explain SELECT c FROM sbtest3 WHERE id BETWEEN 9384821 AND 9394820 ORDER BY c
	Sort  (cost=33698.72..33722.51 rows=9518 width=121)
	  Sort Key: c
	  ->  Bitmap Heap Scan on sbtest3  (cost=261.99..33069.75 rows=9518 width=121)
	        Recheck Cond: ((id >= 9384821) AND (id <= 9394820))
	        ->  Bitmap Index Scan on sbtest3_pkey  (cost=0.00..259.62 rows=9518 width=0)
	              Index Cond: ((id >= 9384821) AND (id <= 9394820))

table 4 : explain SELECT c FROM sbtest4 WHERE id BETWEEN 1723801 AND 1733800 ORDER BY c
	Sort  (cost=32846.72..32869.86 rows=9256 width=121)
	  Sort Key: c
	  ->  Bitmap Heap Scan on sbtest4  (cost=255.31..32236.92 rows=9256 width=121)
	        Recheck Cond: ((id >= 1723801) AND (id <= 1733800))
	        ->  Bitmap Index Scan on sbtest4_pkey  (cost=0.00..253.00 rows=9256 width=0)
	              Index Cond: ((id >= 1723801) AND (id <= 1733800))

table 5 : explain SELECT c FROM sbtest5 WHERE id BETWEEN 3742982 AND 3752981 ORDER BY c
	Sort  (cost=34374.46..34398.64 rows=9672 width=121)
	  Sort Key: c
	  ->  Bitmap Heap Scan on sbtest5  (cost=275.57..33734.20 rows=9672 width=121)
	        Recheck Cond: ((id >= 3742982) AND (id <= 3752981))
	        ->  Bitmap Index Scan on sbtest5_pkey  (cost=0.00..273.16 rows=9672 width=0)
	              Index Cond: ((id >= 3742982) AND (id <= 3752981))

table 6 : explain SELECT c FROM sbtest6 WHERE id BETWEEN 1057632 AND 1067631 ORDER BY c
	Sort  (cost=34840.14..34864.76 rows=9847 width=121)
	  Sort Key: c
	  ->  Bitmap Heap Scan on sbtest6  (cost=277.37..34187.01 rows=9847 width=121)
	        Recheck Cond: ((id >= 1057632) AND (id <= 1067631))
	        ->  Bitmap Index Scan on sbtest6_pkey  (cost=0.00..274.91 rows=9847 width=0)
	              Index Cond: ((id >= 1057632) AND (id <= 1067631))

table 7 : explain SELECT c FROM sbtest7 WHERE id BETWEEN 3637478 AND 3647477 ORDER BY c
	Sort  (cost=37053.88..37080.12 rows=10496 width=121)
	  Sort Key: c
	  ->  Bitmap Heap Scan on sbtest7  (cost=300.02..36352.87 rows=10496 width=121)
	        Recheck Cond: ((id >= 3637478) AND (id <= 3647477))
	        ->  Bitmap Index Scan on sbtest7_pkey  (cost=0.00..297.40 rows=10496 width=0)
	              Index Cond: ((id >= 3637478) AND (id <= 3647477))

table 8 : explain SELECT c FROM sbtest8 WHERE id BETWEEN 2694 AND 12693 ORDER BY c
	Sort  (cost=34637.66..34662.12 rows=9781 width=121)
	  Sort Key: c
	  ->  Bitmap Heap Scan on sbtest8  (cost=272.69..33989.39 rows=9781 width=121)
	        Recheck Cond: ((id >= 2694) AND (id <= 12693))
	        ->  Bitmap Index Scan on sbtest8_pkey  (cost=0.00..270.25 rows=9781 width=0)
	              Index Cond: ((id >= 2694) AND (id <= 12693))

for: simple_ranges
table 1 : explain SELECT c FROM sbtest1 WHERE id BETWEEN 6023984 AND 6033983
	Bitmap Heap Scan on sbtest1  (cost=280.40..34971.72 rows=10143 width=121)
	  Recheck Cond: ((id >= 6023984) AND (id <= 6033983))
	  ->  Bitmap Index Scan on sbtest1_pkey  (cost=0.00..277.87 rows=10143 width=0)
	        Index Cond: ((id >= 6023984) AND (id <= 6033983))

table 2 : explain SELECT c FROM sbtest2 WHERE id BETWEEN 4169021 AND 4179020
	Bitmap Heap Scan on sbtest2  (cost=260.36..32549.64 rows=9359 width=121)
	  Recheck Cond: ((id >= 4169021) AND (id <= 4179020))
	  ->  Bitmap Index Scan on sbtest2_pkey  (cost=0.00..258.03 rows=9359 width=0)
	        Index Cond: ((id >= 4169021) AND (id <= 4179020))

table 3 : explain SELECT c FROM sbtest3 WHERE id BETWEEN 8735441 AND 8745440
	Bitmap Heap Scan on sbtest3  (cost=287.15..35886.13 rows=10411 width=121)
	  Recheck Cond: ((id >= 8735441) AND (id <= 8745440))
	  ->  Bitmap Index Scan on sbtest3_pkey  (cost=0.00..284.55 rows=10411 width=0)
	        Index Cond: ((id >= 8735441) AND (id <= 8745440))

table 4 : explain SELECT c FROM sbtest4 WHERE id BETWEEN 1687796 AND 1697795
	Bitmap Heap Scan on sbtest4  (cost=275.07..34631.81 rows=10013 width=121)
	  Recheck Cond: ((id >= 1687796) AND (id <= 1697795))
	  ->  Bitmap Index Scan on sbtest4_pkey  (cost=0.00..272.56 rows=10013 width=0)
	        Index Cond: ((id >= 1687796) AND (id <= 1697795))

table 5 : explain SELECT c FROM sbtest5 WHERE id BETWEEN 5110058 AND 5120057
	Bitmap Heap Scan on sbtest5  (cost=309.01..37874.78 rows=10983 width=121)
	  Recheck Cond: ((id >= 5110058) AND (id <= 5120057))
	  ->  Bitmap Index Scan on sbtest5_pkey  (cost=0.00..306.26 rows=10983 width=0)
	        Index Cond: ((id >= 5110058) AND (id <= 5120057))

table 6 : explain SELECT c FROM sbtest6 WHERE id BETWEEN 4185512 AND 4195511
	Bitmap Heap Scan on sbtest6  (cost=271.61..33643.47 rows=9676 width=121)
	  Recheck Cond: ((id >= 4185512) AND (id <= 4195511))
	  ->  Bitmap Index Scan on sbtest6_pkey  (cost=0.00..269.19 rows=9676 width=0)
	        Index Cond: ((id >= 4185512) AND (id <= 4195511))

table 7 : explain SELECT c FROM sbtest7 WHERE id BETWEEN 9034519 AND 9044518
	Bitmap Heap Scan on sbtest7  (cost=293.47..35564.70 rows=10247 width=121)
	  Recheck Cond: ((id >= 9034519) AND (id <= 9044518))
	  ->  Bitmap Index Scan on sbtest7_pkey  (cost=0.00..290.91 rows=10247 width=0)
	        Index Cond: ((id >= 9034519) AND (id <= 9044518))

table 8 : explain SELECT c FROM sbtest8 WHERE id BETWEEN 8879900 AND 8889899
	Bitmap Heap Scan on sbtest8  (cost=296.83..36493.86 rows=10575 width=121)
	  Recheck Cond: ((id >= 8879900) AND (id <= 8889899))
	  ->  Bitmap Index Scan on sbtest8_pkey  (cost=0.00..294.19 rows=10575 width=0)
	        Index Cond: ((id >= 8879900) AND (id <= 8889899))

for point_selects
table 1 : explain SELECT c FROM sbtest1 WHERE id=15688
	Index Scan using sbtest1_pkey on sbtest1  (cost=0.43..8.45 rows=1 width=121)
	  Index Cond: (id = 15688)

table 2 : explain SELECT c FROM sbtest2 WHERE id=1394718
	Index Scan using sbtest2_pkey on sbtest2  (cost=0.43..8.45 rows=1 width=121)
	  Index Cond: (id = 1394718)

table 3 : explain SELECT c FROM sbtest3 WHERE id=231990
	Index Scan using sbtest3_pkey on sbtest3  (cost=0.43..8.45 rows=1 width=121)
	  Index Cond: (id = 231990)

table 4 : explain SELECT c FROM sbtest4 WHERE id=9890027
	Index Scan using sbtest4_pkey on sbtest4  (cost=0.43..8.45 rows=1 width=121)
	  Index Cond: (id = 9890027)

table 5 : explain SELECT c FROM sbtest5 WHERE id=9178151
	Index Scan using sbtest5_pkey on sbtest5  (cost=0.43..8.45 rows=1 width=121)
	  Index Cond: (id = 9178151)

table 6 : explain SELECT c FROM sbtest6 WHERE id=6744596
	Index Scan using sbtest6_pkey on sbtest6  (cost=0.43..8.45 rows=1 width=121)
	  Index Cond: (id = 6744596)

table 7 : explain SELECT c FROM sbtest7 WHERE id=5410587
	Index Scan using sbtest7_pkey on sbtest7  (cost=0.43..8.45 rows=1 width=121)
	  Index Cond: (id = 5410587)

table 8 : explain SELECT c FROM sbtest8 WHERE id=3777563
	Index Scan using sbtest8_pkey on sbtest8  (cost=0.43..8.45 rows=1 width=121)
	  Index Cond: (id = 3777563)

for: distinct_ranges
table 1 : explain SELECT DISTINCT c FROM sbtest1 WHERE id BETWEEN 9398161 AND 9408160 ORDER BY c
	Unique  (cost=34556.99..34606.01 rows=9804 width=121)
	  ->  Sort  (cost=34556.99..34581.50 rows=9804 width=121)
	        Sort Key: c
	        ->  Bitmap Heap Scan on sbtest1  (cost=272.93..33907.03 rows=9804 width=121)
	              Recheck Cond: ((id >= 9398161) AND (id <= 9408160))
	              ->  Bitmap Index Scan on sbtest1_pkey  (cost=0.00..270.48 rows=9804 width=0)
	                    Index Cond: ((id >= 9398161) AND (id <= 9408160))

table 2 : explain SELECT DISTINCT c FROM sbtest2 WHERE id BETWEEN 9354514 AND 9364513 ORDER BY c
	Unique  (cost=35470.73..35521.08 rows=10071 width=121)
	  ->  Sort  (cost=35470.73..35495.90 rows=10071 width=121)
	        Sort Key: c
	        ->  Bitmap Heap Scan on sbtest2  (cost=279.66..34801.11 rows=10071 width=121)
	              Recheck Cond: ((id >= 9354514) AND (id <= 9364513))
	              ->  Bitmap Index Scan on sbtest2_pkey  (cost=0.00..277.15 rows=10071 width=0)
	                    Index Cond: ((id >= 9354514) AND (id <= 9364513))

table 3 : explain SELECT DISTINCT c FROM sbtest3 WHERE id BETWEEN 1131685 AND 1141684 ORDER BY c
	Unique  (cost=35599.76..35650.29 rows=10106 width=121)
	  ->  Sort  (cost=35599.76..35625.02 rows=10106 width=121)
	        Sort Key: c
	        ->  Bitmap Heap Scan on sbtest3  (cost=276.02..34927.56 rows=10106 width=121)
	              Recheck Cond: ((id >= 1131685) AND (id <= 1141684))
	              ->  Bitmap Index Scan on sbtest3_pkey  (cost=0.00..273.50 rows=10106 width=0)
	                    Index Cond: ((id >= 1131685) AND (id <= 1141684))

table 4 : explain SELECT DISTINCT c FROM sbtest4 WHERE id BETWEEN 9761062 AND 9771061 ORDER BY c
	Unique  (cost=34465.04..34513.82 rows=9755 width=121)
	  ->  Sort  (cost=34465.04..34489.43 rows=9755 width=121)
	        Sort Key: c
	        ->  Bitmap Heap Scan on sbtest4  (cost=268.42..33818.68 rows=9755 width=121)
	              Recheck Cond: ((id >= 9761062) AND (id <= 9771061))
	              ->  Bitmap Index Scan on sbtest4_pkey  (cost=0.00..265.99 rows=9755 width=0)
	                    Index Cond: ((id >= 9761062) AND (id <= 9771061))

table 5 : explain SELECT DISTINCT c FROM sbtest5 WHERE id BETWEEN 827140 AND 837139 ORDER BY c
	Unique  (cost=32360.14..32405.43 rows=9058 width=121)
	  ->  Sort  (cost=32360.14..32382.79 rows=9058 width=121)
	        Sort Key: c
	        ->  Bitmap Heap Scan on sbtest5  (cost=257.28..31764.81 rows=9058 width=121)
	              Recheck Cond: ((id >= 827140) AND (id <= 837139))
	              ->  Bitmap Index Scan on sbtest5_pkey  (cost=0.00..255.01 rows=9058 width=0)
	                    Index Cond: ((id >= 827140) AND (id <= 837139))

table 6 : explain SELECT DISTINCT c FROM sbtest6 WHERE id BETWEEN 331540 AND 341539 ORDER BY c
	Unique  (cost=39763.62..39820.53 rows=11382 width=121)
	  ->  Sort  (cost=39763.62..39792.08 rows=11382 width=121)
	        Sort Key: c
	        ->  Bitmap Heap Scan on sbtest6  (cost=321.10..38996.79 rows=11382 width=121)
	              Recheck Cond: ((id >= 331540) AND (id <= 341539))
	              ->  Bitmap Index Scan on sbtest6_pkey  (cost=0.00..318.25 rows=11382 width=0)
	                    Index Cond: ((id >= 331540) AND (id <= 341539))

table 7 : explain SELECT DISTINCT c FROM sbtest7 WHERE id BETWEEN 205777 AND 215776 ORDER BY c
	Unique  (cost=32860.01..32906.05 rows=9209 width=121)
	  ->  Sort  (cost=32860.01..32883.03 rows=9209 width=121)
	        Sort Key: c
	        ->  Bitmap Heap Scan on sbtest7  (cost=262.83..32253.65 rows=9209 width=121)
	              Recheck Cond: ((id >= 205777) AND (id <= 215776))
	              ->  Bitmap Index Scan on sbtest7_pkey  (cost=0.00..260.53 rows=9209 width=0)
	                    Index Cond: ((id >= 205777) AND (id <= 215776))

table 8 : explain SELECT DISTINCT c FROM sbtest8 WHERE id BETWEEN 4846443 AND 4856442 ORDER BY c
	Unique  (cost=35827.58..35878.32 rows=10148 width=121)
	  ->  Sort  (cost=35827.58..35852.95 rows=10148 width=121)
	        Sort Key: c
	        ->  Bitmap Heap Scan on sbtest8  (cost=284.45..35152.29 rows=10148 width=121)
	              Recheck Cond: ((id >= 4846443) AND (id <= 4856442))
	              ->  Bitmap Index Scan on sbtest8_pkey  (cost=0.00..281.92 rows=10148 width=0)
	                    Index Cond: ((id >= 4846443) AND (id <= 4856442))

for: order_ranges
table 1 : explain SELECT c FROM sbtest1 WHERE id BETWEEN 2748513 AND 2758512 ORDER BY c
	Sort  (cost=31196.53..31218.45 rows=8769 width=121)
	  Sort Key: c
	  ->  Bitmap Heap Scan on sbtest1  (cost=242.32..30622.23 rows=8769 width=121)
	        Recheck Cond: ((id >= 2748513) AND (id <= 2758512))
	        ->  Bitmap Index Scan on sbtest1_pkey  (cost=0.00..240.12 rows=8769 width=0)
	              Index Cond: ((id >= 2748513) AND (id <= 2758512))

table 2 : explain SELECT c FROM sbtest2 WHERE id BETWEEN 3143040 AND 3153039 ORDER BY c
	Sort  (cost=33012.98..33036.26 rows=9312 width=121)
	  Sort Key: c
	  ->  Bitmap Heap Scan on sbtest2  (cost=255.88..32399.09 rows=9312 width=121)
	        Recheck Cond: ((id >= 3143040) AND (id <= 3153039))
	        ->  Bitmap Index Scan on sbtest2_pkey  (cost=0.00..253.56 rows=9312 width=0)
	              Index Cond: ((id >= 3143040) AND (id <= 3153039))

table 3 : explain SELECT c FROM sbtest3 WHERE id BETWEEN 9307233 AND 9317232 ORDER BY c
	Sort  (cost=33479.06..33502.68 rows=9450 width=121)
	  Sort Key: c
	  ->  Bitmap Heap Scan on sbtest3  (cost=261.30..32855.07 rows=9450 width=121)
	        Recheck Cond: ((id >= 9307233) AND (id <= 9317232))
	        ->  Bitmap Index Scan on sbtest3_pkey  (cost=0.00..258.94 rows=9450 width=0)
	              Index Cond: ((id >= 9307233) AND (id <= 9317232))

table 4 : explain SELECT c FROM sbtest4 WHERE id BETWEEN 4374229 AND 4384228 ORDER BY c
	Sort  (cost=34415.22..34439.57 rows=9739 width=121)
	  Sort Key: c
	  ->  Bitmap Heap Scan on sbtest4  (cost=268.26..33770.04 rows=9739 width=121)
	        Recheck Cond: ((id >= 4374229) AND (id <= 4384228))
	        ->  Bitmap Index Scan on sbtest4_pkey  (cost=0.00..265.82 rows=9739 width=0)
	              Index Cond: ((id >= 4374229) AND (id <= 4384228))

table 5 : explain SELECT c FROM sbtest5 WHERE id BETWEEN 9181897 AND 9191896 ORDER BY c
	Sort  (cost=33476.11..33499.61 rows=9399 width=121)
	  Sort Key: c
	  ->  Bitmap Heap Scan on sbtest5  (cost=264.77..32855.85 rows=9399 width=121)
	        Recheck Cond: ((id >= 9181897) AND (id <= 9191896))
	        ->  Bitmap Index Scan on sbtest5_pkey  (cost=0.00..262.43 rows=9399 width=0)
	              Index Cond: ((id >= 9181897) AND (id <= 9191896))

table 6 : explain SELECT c FROM sbtest6 WHERE id BETWEEN 7011483 AND 7021482 ORDER BY c
	Sort  (cost=33686.83..33710.56 rows=9493 width=121)
	  Sort Key: c
	  ->  Bitmap Heap Scan on sbtest6  (cost=265.74..33059.69 rows=9493 width=121)
	        Recheck Cond: ((id >= 7011483) AND (id <= 7021482))
	        ->  Bitmap Index Scan on sbtest6_pkey  (cost=0.00..263.37 rows=9493 width=0)
	              Index Cond: ((id >= 7011483) AND (id <= 7021482))

table 7 : explain SELECT c FROM sbtest7 WHERE id BETWEEN 5156239 AND 5166238 ORDER BY c
	Sort  (cost=36087.10..36112.60 rows=10198 width=121)
	  Sort Key: c
	  ->  Bitmap Heap Scan on sbtest7  (cost=288.96..35408.12 rows=10198 width=121)
	        Recheck Cond: ((id >= 5156239) AND (id <= 5166238))
	        ->  Bitmap Index Scan on sbtest7_pkey  (cost=0.00..286.42 rows=10198 width=0)
	              Index Cond: ((id >= 5156239) AND (id <= 5166238))

table 8 : explain SELECT c FROM sbtest8 WHERE id BETWEEN 6539263 AND 6549262 ORDER BY c
	Sort  (cost=34448.04..34472.34 rows=9723 width=121)
	  Sort Key: c
	  ->  Bitmap Heap Scan on sbtest8  (cost=272.10..33804.02 rows=9723 width=121)
	        Recheck Cond: ((id >= 6539263) AND (id <= 6549262))
	        ->  Bitmap Index Scan on sbtest8_pkey  (cost=0.00..269.67 rows=9723 width=0)
	              Index Cond: ((id >= 6539263) AND (id <= 6549262))

for: order_ranges
table 1 : explain SELECT c FROM sbtest1 WHERE id BETWEEN 6649381 AND 6659380 ORDER BY c
	Sort  (cost=34427.93..34452.34 rows=9763 width=121)
	  Sort Key: c
	  ->  Bitmap Heap Scan on sbtest1  (cost=272.51..33780.98 rows=9763 width=121)
	        Recheck Cond: ((id >= 6649381) AND (id <= 6659380))
	        ->  Bitmap Index Scan on sbtest1_pkey  (cost=0.00..270.06 rows=9763 width=0)
	              Index Cond: ((id >= 6649381) AND (id <= 6659380))

table 2 : explain SELECT c FROM sbtest2 WHERE id BETWEEN 8471426 AND 8481425 ORDER BY c
	Sort  (cost=36233.42..36259.19 rows=10309 width=121)
	  Sort Key: c
	  ->  Bitmap Heap Scan on sbtest2  (cost=286.10..35546.24 rows=10309 width=121)
	        Recheck Cond: ((id >= 8471426) AND (id <= 8481425))
	        ->  Bitmap Index Scan on sbtest2_pkey  (cost=0.00..283.53 rows=10309 width=0)
	              Index Cond: ((id >= 8471426) AND (id <= 8481425))

table 3 : explain SELECT c FROM sbtest3 WHERE id BETWEEN 6009375 AND 6019374 ORDER BY c
	Sort  (cost=35702.17..35727.52 rows=10138 width=121)
	  Sort Key: c
	  ->  Bitmap Heap Scan on sbtest3  (cost=276.35..35027.61 rows=10138 width=121)
	        Recheck Cond: ((id >= 6009375) AND (id <= 6019374))
	        ->  Bitmap Index Scan on sbtest3_pkey  (cost=0.00..273.81 rows=10138 width=0)
	              Index Cond: ((id >= 6009375) AND (id <= 6019374))

table 4 : explain SELECT c FROM sbtest4 WHERE id BETWEEN 1176350 AND 1186349 ORDER BY c
	Sort  (cost=36275.11..36300.90 rows=10317 width=121)
	  Sort Key: c
	  ->  Bitmap Heap Scan on sbtest4  (cost=282.18..35587.34 rows=10317 width=121)
	        Recheck Cond: ((id >= 1176350) AND (id <= 1186349))
	        ->  Bitmap Index Scan on sbtest4_pkey  (cost=0.00..279.61 rows=10317 width=0)
	              Index Cond: ((id >= 1176350) AND (id <= 1186349))

table 5 : explain SELECT c FROM sbtest5 WHERE id BETWEEN 136568 AND 146567 ORDER BY c
	Sort  (cost=37773.13..37799.94 rows=10721 width=121)
	  Sort Key: c
	  ->  Bitmap Heap Scan on sbtest5  (cost=302.33..37055.46 rows=10721 width=121)
	        Recheck Cond: ((id >= 136568) AND (id <= 146567))
	        ->  Bitmap Index Scan on sbtest5_pkey  (cost=0.00..299.65 rows=10721 width=0)
	              Index Cond: ((id >= 136568) AND (id <= 146567))

table 6 : explain SELECT c FROM sbtest6 WHERE id BETWEEN 9361627 AND 9371626 ORDER BY c
	Sort  (cost=34747.07..34771.62 rows=9818 width=121)
	  Sort Key: c
	  ->  Bitmap Heap Scan on sbtest6  (cost=277.07..34096.08 rows=9818 width=121)
	        Recheck Cond: ((id >= 9361627) AND (id <= 9371626))
	        ->  Bitmap Index Scan on sbtest6_pkey  (cost=0.00..274.62 rows=9818 width=0)
	              Index Cond: ((id >= 9361627) AND (id <= 9371626))

table 7 : explain SELECT c FROM sbtest7 WHERE id BETWEEN 2190225 AND 2200224 ORDER BY c
	Sort  (cost=33202.55..33225.84 rows=9314 width=121)
	  Sort Key: c
	  ->  Bitmap Heap Scan on sbtest7  (cost=263.90..32588.52 rows=9314 width=121)
	        Recheck Cond: ((id >= 2190225) AND (id <= 2200224))
	        ->  Bitmap Index Scan on sbtest7_pkey  (cost=0.00..261.57 rows=9314 width=0)
	              Index Cond: ((id >= 2190225) AND (id <= 2200224))

table 8 : explain SELECT c FROM sbtest8 WHERE id BETWEEN 2676329 AND 2686328 ORDER BY c
	Sort  (cost=35731.57..35756.87 rows=10119 width=121)
	  Sort Key: c
	  ->  Bitmap Heap Scan on sbtest8  (cost=284.15..35058.42 rows=10119 width=121)
	        Recheck Cond: ((id >= 2676329) AND (id <= 2686328))
	        ->  Bitmap Index Scan on sbtest8_pkey  (cost=0.00..281.62 rows=10119 width=0)
	              Index Cond: ((id >= 2676329) AND (id <= 2686328))

for: distinct_ranges
table 1 : explain SELECT DISTINCT c FROM sbtest1 WHERE id BETWEEN 5380229 AND 5390228 ORDER BY c
	Unique  (cost=38255.73..38310.54 rows=10962 width=121)
	  ->  Sort  (cost=38255.73..38283.14 rows=10962 width=121)
	        Sort Key: c
	        ->  Bitmap Heap Scan on sbtest1  (cost=304.80..37520.17 rows=10962 width=121)
	              Recheck Cond: ((id >= 5380229) AND (id <= 5390228))
	              ->  Bitmap Index Scan on sbtest1_pkey  (cost=0.00..302.06 rows=10962 width=0)
	                    Index Cond: ((id >= 5380229) AND (id <= 5390228))

table 2 : explain SELECT DISTINCT c FROM sbtest2 WHERE id BETWEEN 4762788 AND 4772787 ORDER BY c
	Unique  (cost=33622.85..33670.35 rows=9500 width=121)
	  ->  Sort  (cost=33622.85..33646.60 rows=9500 width=121)
	        Sort Key: c
	        ->  Bitmap Heap Scan on sbtest2  (cost=261.81..32995.20 rows=9500 width=121)
	              Recheck Cond: ((id >= 4762788) AND (id <= 4772787))
	              ->  Bitmap Index Scan on sbtest2_pkey  (cost=0.00..259.44 rows=9500 width=0)
	                    Index Cond: ((id >= 4762788) AND (id <= 4772787))

table 3 : explain SELECT DISTINCT c FROM sbtest3 WHERE id BETWEEN 3445626 AND 3455625 ORDER BY c
	Unique  (cost=36821.07..36873.50 rows=10486 width=121)
	  ->  Sort  (cost=36821.07..36847.29 rows=10486 width=121)
	        Sort Key: c
	        ->  Bitmap Heap Scan on sbtest3  (cost=287.92..36120.81 rows=10486 width=121)
	              Recheck Cond: ((id >= 3445626) AND (id <= 3455625))
	              ->  Bitmap Index Scan on sbtest3_pkey  (cost=0.00..285.30 rows=10486 width=0)
	                    Index Cond: ((id >= 3445626) AND (id <= 3455625))

table 4 : explain SELECT DISTINCT c FROM sbtest4 WHERE id BETWEEN 1371020 AND 1381019 ORDER BY c
	Unique  (cost=34372.13..34420.76 rows=9726 width=121)
	  ->  Sort  (cost=34372.13..34396.44 rows=9726 width=121)
	        Sort Key: c
	        ->  Bitmap Heap Scan on sbtest4  (cost=268.13..33727.90 rows=9726 width=121)
	              Recheck Cond: ((id >= 1371020) AND (id <= 1381019))
	              ->  Bitmap Index Scan on sbtest4_pkey  (cost=0.00..265.69 rows=9726 width=0)
	                    Index Cond: ((id >= 1371020) AND (id <= 1381019))

table 5 : explain SELECT DISTINCT c FROM sbtest5 WHERE id BETWEEN 4842981 AND 4852980 ORDER BY c
	Unique  (cost=33975.85..34023.60 rows=9551 width=121)
	  ->  Sort  (cost=33975.85..33999.72 rows=9551 width=121)
	        Sort Key: c
	        ->  Bitmap Heap Scan on sbtest5  (cost=270.33..33344.46 rows=9551 width=121)
	              Recheck Cond: ((id >= 4842981) AND (id <= 4852980))
	              ->  Bitmap Index Scan on sbtest5_pkey  (cost=0.00..267.94 rows=9551 width=0)
	                    Index Cond: ((id >= 4842981) AND (id <= 4852980))

table 6 : explain SELECT DISTINCT c FROM sbtest6 WHERE id BETWEEN 6954832 AND 6964831 ORDER BY c
	Unique  (cost=33453.19..33500.30 rows=9421 width=121)
	  ->  Sort  (cost=33453.19..33476.75 rows=9421 width=121)
	        Sort Key: c
	        ->  Bitmap Heap Scan on sbtest6  (cost=265.00..32831.33 rows=9421 width=121)
	              Recheck Cond: ((id >= 6954832) AND (id <= 6964831))
	              ->  Bitmap Index Scan on sbtest6_pkey  (cost=0.00..262.65 rows=9421 width=0)
	                    Index Cond: ((id >= 6954832) AND (id <= 6964831))

table 7 : explain SELECT DISTINCT c FROM sbtest7 WHERE id BETWEEN 8016768 AND 8026767 ORDER BY c
	Unique  (cost=36176.82..36227.95 rows=10226 width=121)
	  ->  Sort  (cost=36176.82..36202.39 rows=10226 width=121)
	        Sort Key: c
	        ->  Bitmap Heap Scan on sbtest7  (cost=289.25..35495.78 rows=10226 width=121)
	              Recheck Cond: ((id >= 8016768) AND (id <= 8026767))
	              ->  Bitmap Index Scan on sbtest7_pkey  (cost=0.00..286.69 rows=10226 width=0)
	                    Index Cond: ((id >= 8016768) AND (id <= 8026767))

table 8 : explain SELECT DISTINCT c FROM sbtest8 WHERE id BETWEEN 1971912 AND 1981911 ORDER BY c
	Unique  (cost=35468.89..35519.08 rows=10038 width=121)
	  ->  Sort  (cost=35468.89..35493.99 rows=10038 width=121)
	        Sort Key: c
	        ->  Bitmap Heap Scan on sbtest8  (cost=279.32..34801.71 rows=10038 width=121)
	              Recheck Cond: ((id >= 1971912) AND (id <= 1981911))
	              ->  Bitmap Index Scan on sbtest8_pkey  (cost=0.00..276.81 rows=10038 width=0)
	                    Index Cond: ((id >= 1971912) AND (id <= 1981911))

explain: for point_selects :: explain SELECT c FROM sbtest%u WHERE id=%u
for: sum_ranges
table 1 : explain SELECT SUM(k) FROM sbtest1 WHERE id BETWEEN 5878531 AND 5888530
	Aggregate  (cost=34383.79..34383.80 rows=1 width=8)
	  ->  Bitmap Heap Scan on sbtest1  (cost=274.40..34358.92 rows=9948 width=4)
	        Recheck Cond: ((id >= 5878531) AND (id <= 5888530))
	        ->  Bitmap Index Scan on sbtest1_pkey  (cost=0.00..271.92 rows=9948 width=0)
	              Index Cond: ((id >= 5878531) AND (id <= 5888530))

table 2 : explain SELECT SUM(k) FROM sbtest2 WHERE id BETWEEN 1242172 AND 1252171
	Aggregate  (cost=35539.79..35539.80 rows=1 width=8)
	  ->  Bitmap Heap Scan on sbtest2  (cost=285.99..35514.05 rows=10298 width=4)
	        Recheck Cond: ((id >= 1242172) AND (id <= 1252171))
	        ->  Bitmap Index Scan on sbtest2_pkey  (cost=0.00..283.42 rows=10298 width=0)
	              Index Cond: ((id >= 1242172) AND (id <= 1252171))

table 3 : explain SELECT SUM(k) FROM sbtest3 WHERE id BETWEEN 1924871 AND 1934870
	Aggregate  (cost=34454.82..34454.83 rows=1 width=8)
	  ->  Bitmap Heap Scan on sbtest3  (cost=274.39..34429.96 rows=9947 width=4)
	        Recheck Cond: ((id >= 1924871) AND (id <= 1934870))
	        ->  Bitmap Index Scan on sbtest3_pkey  (cost=0.00..271.91 rows=9947 width=0)
	              Index Cond: ((id >= 1924871) AND (id <= 1934870))

table 4 : explain SELECT SUM(k) FROM sbtest4 WHERE id BETWEEN 2785583 AND 2795582
	Aggregate  (cost=32997.45..32997.46 rows=1 width=8)
	  ->  Bitmap Heap Scan on sbtest4  (cost=261.69..32973.73 rows=9488 width=4)
	        Recheck Cond: ((id >= 2785583) AND (id <= 2795582))
	        ->  Bitmap Index Scan on sbtest4_pkey  (cost=0.00..259.31 rows=9488 width=0)
	              Index Cond: ((id >= 2785583) AND (id <= 2795582))

table 5 : explain SELECT SUM(k) FROM sbtest5 WHERE id BETWEEN 1996298 AND 2006297
	Aggregate  (cost=35977.94..35977.95 rows=1 width=8)
	  ->  Bitmap Heap Scan on sbtest5  (cost=294.74..35952.01 rows=10371 width=4)
	        Recheck Cond: ((id >= 1996298) AND (id <= 2006297))
	        ->  Bitmap Index Scan on sbtest5_pkey  (cost=0.00..292.15 rows=10371 width=0)
	              Index Cond: ((id >= 1996298) AND (id <= 2006297))

table 6 : explain SELECT SUM(k) FROM sbtest6 WHERE id BETWEEN 5192225 AND 5202224
	Aggregate  (cost=33089.95..33089.96 rows=1 width=8)
	  ->  Bitmap Heap Scan on sbtest6  (cost=265.76..33066.21 rows=9495 width=4)
	        Recheck Cond: ((id >= 5192225) AND (id <= 5202224))
	        ->  Bitmap Index Scan on sbtest6_pkey  (cost=0.00..263.38 rows=9495 width=0)
	              Index Cond: ((id >= 5192225) AND (id <= 5202224))

table 7 : explain SELECT SUM(k) FROM sbtest7 WHERE id BETWEEN 8282786 AND 8292785
	Aggregate  (cost=33265.15..33265.16 rows=1 width=8)
	  ->  Bitmap Heap Scan on sbtest7  (cost=269.99..33241.36 rows=9518 width=4)
	        Recheck Cond: ((id >= 8282786) AND (id <= 8292785))
	        ->  Bitmap Index Scan on sbtest7_pkey  (cost=0.00..267.62 rows=9518 width=0)
	              Index Cond: ((id >= 8282786) AND (id <= 8292785))

table 8 : explain SELECT SUM(k) FROM sbtest8 WHERE id BETWEEN 1497648 AND 1507647
	Aggregate  (cost=33557.93..33557.94 rows=1 width=8)
	  ->  Bitmap Heap Scan on sbtest8  (cost=271.21..33533.83 rows=9637 width=4)
	        Recheck Cond: ((id >= 1497648) AND (id <= 1507647))
	        ->  Bitmap Index Scan on sbtest8_pkey  (cost=0.00..268.81 rows=9637 width=0)
	              Index Cond: ((id >= 1497648) AND (id <= 1507647))

for: simple_ranges
table 1 : explain SELECT c FROM sbtest1 WHERE id BETWEEN 1304189 AND 1314188
	Bitmap Heap Scan on sbtest1  (cost=286.93..35743.51 rows=10390 width=121)
	  Recheck Cond: ((id >= 1304189) AND (id <= 1314188))
	  ->  Bitmap Index Scan on sbtest1_pkey  (cost=0.00..284.33 rows=10390 width=0)
	        Index Cond: ((id >= 1304189) AND (id <= 1314188))

table 2 : explain SELECT c FROM sbtest2 WHERE id BETWEEN 984802 AND 994801
	Bitmap Heap Scan on sbtest2  (cost=267.46..33505.62 rows=9661 width=121)
	  Recheck Cond: ((id >= 984802) AND (id <= 994801))
	  ->  Bitmap Index Scan on sbtest2_pkey  (cost=0.00..265.05 rows=9661 width=0)
	        Index Cond: ((id >= 984802) AND (id <= 994801))

table 3 : explain SELECT c FROM sbtest3 WHERE id BETWEEN 5858034 AND 5868033
	Bitmap Heap Scan on sbtest3  (cost=262.68..33280.99 rows=9585 width=121)
	  Recheck Cond: ((id >= 5858034) AND (id <= 5868033))
	  ->  Bitmap Index Scan on sbtest3_pkey  (cost=0.00..260.29 rows=9585 width=0)
	        Index Cond: ((id >= 5858034) AND (id <= 5868033))

table 4 : explain SELECT c FROM sbtest4 WHERE id BETWEEN 94202 AND 104201
	Bitmap Heap Scan on sbtest4  (cost=281.77..35461.75 rows=10277 width=121)
	  Recheck Cond: ((id >= 94202) AND (id <= 104201))
	  ->  Bitmap Index Scan on sbtest4_pkey  (cost=0.00..279.20 rows=10277 width=0)
	        Index Cond: ((id >= 94202) AND (id <= 104201))

table 5 : explain SELECT c FROM sbtest5 WHERE id BETWEEN 6829667 AND 6839666
	Bitmap Heap Scan on sbtest5  (cost=308.08..37591.47 rows=10892 width=121)
	  Recheck Cond: ((id >= 6829667) AND (id <= 6839666))
	  ->  Bitmap Index Scan on sbtest5_pkey  (cost=0.00..305.36 rows=10892 width=0)
	        Index Cond: ((id >= 6829667) AND (id <= 6839666))

table 6 : explain SELECT c FROM sbtest6 WHERE id BETWEEN 8896728 AND 8906727
	Bitmap Heap Scan on sbtest6  (cost=302.02..36845.78 rows=10691 width=121)
	  Recheck Cond: ((id >= 8896728) AND (id <= 8906727))
	  ->  Bitmap Index Scan on sbtest6_pkey  (cost=0.00..299.34 rows=10691 width=0)
	        Index Cond: ((id >= 8896728) AND (id <= 8906727))

table 7 : explain SELECT c FROM sbtest7 WHERE id BETWEEN 908382 AND 918381
	Bitmap Heap Scan on sbtest7  (cost=295.42..36164.39 rows=10438 width=121)
	  Recheck Cond: ((id >= 908382) AND (id <= 918381))
	  ->  Bitmap Index Scan on sbtest7_pkey  (cost=0.00..292.81 rows=10438 width=0)
	        Index Cond: ((id >= 908382) AND (id <= 918381))

table 8 : explain SELECT c FROM sbtest8 WHERE id BETWEEN 4575452 AND 4585451
	Bitmap Heap Scan on sbtest8  (cost=266.29..33243.09 rows=9547 width=121)
	  Recheck Cond: ((id >= 4575452) AND (id <= 4585451))
	  ->  Bitmap Index Scan on sbtest8_pkey  (cost=0.00..263.91 rows=9547 width=0)
	        Index Cond: ((id >= 4575452) AND (id <= 4585451))

for: simple_ranges
table 1 : explain SELECT c FROM sbtest1 WHERE id BETWEEN 5621420 AND 5631419
	Bitmap Heap Scan on sbtest1  (cost=278.69..34449.98 rows=9976 width=121)
	  Recheck Cond: ((id >= 5621420) AND (id <= 5631419))
	  ->  Bitmap Index Scan on sbtest1_pkey  (cost=0.00..276.19 rows=9976 width=0)
	        Index Cond: ((id >= 5621420) AND (id <= 5631419))

table 2 : explain SELECT c FROM sbtest2 WHERE id BETWEEN 5690448 AND 5700447
	Bitmap Heap Scan on sbtest2  (cost=272.80..33921.16 rows=9792 width=121)
	  Recheck Cond: ((id >= 5690448) AND (id <= 5700447))
	  ->  Bitmap Index Scan on sbtest2_pkey  (cost=0.00..270.36 rows=9792 width=0)
	        Index Cond: ((id >= 5690448) AND (id <= 5700447))

table 3 : explain SELECT c FROM sbtest3 WHERE id BETWEEN 8076559 AND 8086558
	Bitmap Heap Scan on sbtest3  (cost=269.48..34144.44 rows=9858 width=121)
	  Recheck Cond: ((id >= 8076559) AND (id <= 8086558))
	  ->  Bitmap Index Scan on sbtest3_pkey  (cost=0.00..267.01 rows=9858 width=0)
	        Index Cond: ((id >= 8076559) AND (id <= 8086558))

table 4 : explain SELECT c FROM sbtest4 WHERE id BETWEEN 6673333 AND 6683332
	Bitmap Heap Scan on sbtest4  (cost=243.20..30953.72 rows=8855 width=121)
	  Recheck Cond: ((id >= 6673333) AND (id <= 6683332))
	  ->  Bitmap Index Scan on sbtest4_pkey  (cost=0.00..240.99 rows=8855 width=0)
	        Index Cond: ((id >= 6673333) AND (id <= 6683332))

table 5 : explain SELECT c FROM sbtest5 WHERE id BETWEEN 4621734 AND 4631733
	Bitmap Heap Scan on sbtest5  (cost=275.74..33783.21 rows=9688 width=121)
	  Recheck Cond: ((id >= 4621734) AND (id <= 4631733))
	  ->  Bitmap Index Scan on sbtest5_pkey  (cost=0.00..273.31 rows=9688 width=0)
	        Index Cond: ((id >= 4621734) AND (id <= 4631733))

table 6 : explain SELECT c FROM sbtest6 WHERE id BETWEEN 562775 AND 572774
	Bitmap Heap Scan on sbtest6  (cost=284.76..35231.23 rows=10178 width=121)
	  Recheck Cond: ((id >= 562775) AND (id <= 572774))
	  ->  Bitmap Index Scan on sbtest6_pkey  (cost=0.00..282.21 rows=10178 width=0)
	        Index Cond: ((id >= 562775) AND (id <= 572774))

table 7 : explain SELECT c FROM sbtest7 WHERE id BETWEEN 4506863 AND 4516862
	Bitmap Heap Scan on sbtest7  (cost=313.94..38167.01 rows=11074 width=121)
	  Recheck Cond: ((id >= 4506863) AND (id <= 4516862))
	  ->  Bitmap Index Scan on sbtest7_pkey  (cost=0.00..311.18 rows=11074 width=0)
	        Index Cond: ((id >= 4506863) AND (id <= 4516862))

table 8 : explain SELECT c FROM sbtest8 WHERE id BETWEEN 2423291 AND 2433290
	Bitmap Heap Scan on sbtest8  (cost=265.08..32871.13 rows=9429 width=121)
	  Recheck Cond: ((id >= 2423291) AND (id <= 2433290))
	  ->  Bitmap Index Scan on sbtest8_pkey  (cost=0.00..262.73 rows=9429 width=0)
	        Index Cond: ((id >= 2423291) AND (id <= 2433290))

for: simple_ranges
table 1 : explain SELECT c FROM sbtest1 WHERE id BETWEEN 8421832 AND 8431831
	Bitmap Heap Scan on sbtest1  (cost=266.98..33307.87 rows=9614 width=121)
	  Recheck Cond: ((id >= 8421832) AND (id <= 8431831))
	  ->  Bitmap Index Scan on sbtest1_pkey  (cost=0.00..264.57 rows=9614 width=0)
	        Index Cond: ((id >= 8421832) AND (id <= 8431831))

table 2 : explain SELECT c FROM sbtest2 WHERE id BETWEEN 6815845 AND 6825844
	Bitmap Heap Scan on sbtest2  (cost=255.53..32291.59 rows=9278 width=121)
	  Recheck Cond: ((id >= 6815845) AND (id <= 6825844))
	  ->  Bitmap Index Scan on sbtest2_pkey  (cost=0.00..253.22 rows=9278 width=0)
	        Index Cond: ((id >= 6815845) AND (id <= 6825844))

table 3 : explain SELECT c FROM sbtest3 WHERE id BETWEEN 1415025 AND 1425024
	Bitmap Heap Scan on sbtest3  (cost=288.21..36210.77 rows=10515 width=121)
	  Recheck Cond: ((id >= 1415025) AND (id <= 1425024))
	  ->  Bitmap Index Scan on sbtest3_pkey  (cost=0.00..285.58 rows=10515 width=0)
	        Index Cond: ((id >= 1415025) AND (id <= 1425024))

table 4 : explain SELECT c FROM sbtest4 WHERE id BETWEEN 2985724 AND 2995723
	Bitmap Heap Scan on sbtest4  (cost=288.22..36208.81 rows=10516 width=121)
	  Recheck Cond: ((id >= 2985724) AND (id <= 2995723))
	  ->  Bitmap Index Scan on sbtest4_pkey  (cost=0.00..285.59 rows=10516 width=0)
	        Index Cond: ((id >= 2985724) AND (id <= 2995723))

table 5 : explain SELECT c FROM sbtest5 WHERE id BETWEEN 5734847 AND 5744846
	Bitmap Heap Scan on sbtest5  (cost=257.74..31906.30 rows=9103 width=121)
	  Recheck Cond: ((id >= 5734847) AND (id <= 5744846))
	  ->  Bitmap Index Scan on sbtest5_pkey  (cost=0.00..255.47 rows=9103 width=0)
	        Index Cond: ((id >= 5734847) AND (id <= 5744846))

table 6 : explain SELECT c FROM sbtest6 WHERE id BETWEEN 3038657 AND 3048656
	Bitmap Heap Scan on sbtest6  (cost=282.81..34635.46 rows=9988 width=121)
	  Recheck Cond: ((id >= 3038657) AND (id <= 3048656))
	  ->  Bitmap Index Scan on sbtest6_pkey  (cost=0.00..280.31 rows=9988 width=0)
	        Index Cond: ((id >= 3038657) AND (id <= 3048656))

table 7 : explain SELECT c FROM sbtest7 WHERE id BETWEEN 3637935 AND 3647934
	Bitmap Heap Scan on sbtest7  (cost=300.02..36352.87 rows=10496 width=121)
	  Recheck Cond: ((id >= 3637935) AND (id <= 3647934))
	  ->  Bitmap Index Scan on sbtest7_pkey  (cost=0.00..297.40 rows=10496 width=0)
	        Index Cond: ((id >= 3637935) AND (id <= 3647934))

table 8 : explain SELECT c FROM sbtest8 WHERE id BETWEEN 2486491 AND 2496490
	Bitmap Heap Scan on sbtest8  (cost=265.08..32871.13 rows=9429 width=121)
	  Recheck Cond: ((id >= 2486491) AND (id <= 2496490))
	  ->  Bitmap Index Scan on sbtest8_pkey  (cost=0.00..262.73 rows=9429 width=0)
	        Index Cond: ((id >= 2486491) AND (id <= 2496490))

for: order_ranges
table 1 : explain SELECT c FROM sbtest1 WHERE id BETWEEN 1058053 AND 1068052 ORDER BY c
	Sort  (cost=37509.97..37536.78 rows=10726 width=121)
	  Sort Key: c
	  ->  Bitmap Heap Scan on sbtest1  (cost=298.38..36791.92 rows=10726 width=121)
	        Recheck Cond: ((id >= 1058053) AND (id <= 1068052))
	        ->  Bitmap Index Scan on sbtest1_pkey  (cost=0.00..295.69 rows=10726 width=0)
	              Index Cond: ((id >= 1058053) AND (id <= 1068052))

table 2 : explain SELECT c FROM sbtest2 WHERE id BETWEEN 7138182 AND 7148181 ORDER BY c
	Sort  (cost=36253.16..36278.95 rows=10315 width=121)
	  Sort Key: c
	  ->  Bitmap Heap Scan on sbtest2  (cost=286.16..35565.54 rows=10315 width=121)
	        Recheck Cond: ((id >= 7138182) AND (id <= 7148181))
	        ->  Bitmap Index Scan on sbtest2_pkey  (cost=0.00..283.58 rows=10315 width=0)
	              Index Cond: ((id >= 7138182) AND (id <= 7148181))

table 3 : explain SELECT c FROM sbtest3 WHERE id BETWEEN 9758459 AND 9768458 ORDER BY c
	Sort  (cost=32751.56..32774.62 rows=9226 width=121)
	  Sort Key: c
	  ->  Bitmap Heap Scan on sbtest3  (cost=255.00..32143.96 rows=9226 width=121)
	        Recheck Cond: ((id >= 9758459) AND (id <= 9768458))
	        ->  Bitmap Index Scan on sbtest3_pkey  (cost=0.00..252.69 rows=9226 width=0)
	              Index Cond: ((id >= 9758459) AND (id <= 9768458))

table 4 : explain SELECT c FROM sbtest4 WHERE id BETWEEN 8366287 AND 8376286 ORDER BY c
	Sort  (cost=32428.60..32451.42 rows=9128 width=121)
	  Sort Key: c
	  ->  Bitmap Heap Scan on sbtest4  (cost=250.00..31828.16 rows=9128 width=121)
	        Recheck Cond: ((id >= 8366287) AND (id <= 8376286))
	        ->  Bitmap Index Scan on sbtest4_pkey  (cost=0.00..247.72 rows=9128 width=0)
	              Index Cond: ((id >= 8366287) AND (id <= 8376286))

table 5 : explain SELECT c FROM sbtest5 WHERE id BETWEEN 3333705 AND 3343704 ORDER BY c
	Sort  (cost=34975.41..35000.06 rows=9857 width=121)
	  Sort Key: c
	  ->  Bitmap Heap Scan on sbtest5  (cost=277.47..34321.55 rows=9857 width=121)
	        Recheck Cond: ((id >= 3333705) AND (id <= 3343704))
	        ->  Bitmap Index Scan on sbtest5_pkey  (cost=0.00..275.00 rows=9857 width=0)
	              Index Cond: ((id >= 3333705) AND (id <= 3343704))

table 6 : explain SELECT c FROM sbtest6 WHERE id BETWEEN 352770 AND 362769 ORDER BY c
	Sort  (cost=39763.62..39792.08 rows=11382 width=121)
	  Sort Key: c
	  ->  Bitmap Heap Scan on sbtest6  (cost=321.10..38996.79 rows=11382 width=121)
	        Recheck Cond: ((id >= 352770) AND (id <= 362769))
	        ->  Bitmap Index Scan on sbtest6_pkey  (cost=0.00..318.25 rows=11382 width=0)
	              Index Cond: ((id >= 352770) AND (id <= 362769))

table 7 : explain SELECT c FROM sbtest7 WHERE id BETWEEN 9990053 AND 10000052 ORDER BY c
	Sort  (cost=33622.46..33646.06 rows=9442 width=121)
	  Sort Key: c
	  ->  Bitmap Heap Scan on sbtest7  (cost=269.22..32999.05 rows=9442 width=121)
	        Recheck Cond: ((id >= 9990053) AND (id <= 10000052))
	        ->  Bitmap Index Scan on sbtest7_pkey  (cost=0.00..266.86 rows=9442 width=0)
	              Index Cond: ((id >= 9990053) AND (id <= 10000052))

table 8 : explain SELECT c FROM sbtest8 WHERE id BETWEEN 7193792 AND 7203791 ORDER BY c
	Sort  (cost=32085.78..32108.28 rows=8999 width=121)
	  Sort Key: c
	  ->  Bitmap Heap Scan on sbtest8  (cost=252.67..31494.75 rows=8999 width=121)
	        Recheck Cond: ((id >= 7193792) AND (id <= 7203791))
	        ->  Bitmap Index Scan on sbtest8_pkey  (cost=0.00..250.43 rows=8999 width=0)
	              Index Cond: ((id >= 7193792) AND (id <= 7203791))

for: distinct_ranges
table 1 : explain SELECT DISTINCT c FROM sbtest1 WHERE id BETWEEN 1865629 AND 1875628 ORDER BY c
	Unique  (cost=35884.45..35935.53 rows=10217 width=121)
	  ->  Sort  (cost=35884.45..35909.99 rows=10217 width=121)
	        Sort Key: c
	        ->  Bitmap Heap Scan on sbtest1  (cost=285.16..35204.06 rows=10217 width=121)
	              Recheck Cond: ((id >= 1865629) AND (id <= 1875628))
	              ->  Bitmap Index Scan on sbtest1_pkey  (cost=0.00..282.61 rows=10217 width=0)
	                    Index Cond: ((id >= 1865629) AND (id <= 1875628))

table 2 : explain SELECT DISTINCT c FROM sbtest2 WHERE id BETWEEN 695629 AND 705628 ORDER BY c
	Unique  (cost=34178.24..34226.59 rows=9671 width=121)
	  ->  Sort  (cost=34178.24..34202.41 rows=9671 width=121)
	        Sort Key: c
	        ->  Bitmap Heap Scan on sbtest2  (cost=267.56..33538.04 rows=9671 width=121)
	              Recheck Cond: ((id >= 695629) AND (id <= 705628))
	              ->  Bitmap Index Scan on sbtest2_pkey  (cost=0.00..265.15 rows=9671 width=0)
	                    Index Cond: ((id >= 695629) AND (id <= 705628))

table 3 : explain SELECT DISTINCT c FROM sbtest3 WHERE id BETWEEN 2527675 AND 2537674 ORDER BY c
	Unique  (cost=35193.04..35242.93 rows=9979 width=121)
	  ->  Sort  (cost=35193.04..35217.99 rows=9979 width=121)
	        Sort Key: c
	        ->  Bitmap Heap Scan on sbtest3  (cost=274.72..34530.20 rows=9979 width=121)
	              Recheck Cond: ((id >= 2527675) AND (id <= 2537674))
	              ->  Bitmap Index Scan on sbtest3_pkey  (cost=0.00..272.23 rows=9979 width=0)
	                    Index Cond: ((id >= 2527675) AND (id <= 2537674))

table 4 : explain SELECT DISTINCT c FROM sbtest4 WHERE id BETWEEN 2965490 AND 2975489 ORDER BY c
	Unique  (cost=36911.30..36963.88 rows=10516 width=121)
	  ->  Sort  (cost=36911.30..36937.59 rows=10516 width=121)
	        Sort Key: c
	        ->  Bitmap Heap Scan on sbtest4  (cost=288.22..36208.81 rows=10516 width=121)
	              Recheck Cond: ((id >= 2965490) AND (id <= 2975489))
	              ->  Bitmap Index Scan on sbtest4_pkey  (cost=0.00..285.59 rows=10516 width=0)
	                    Index Cond: ((id >= 2965490) AND (id <= 2975489))

table 5 : explain SELECT DISTINCT c FROM sbtest5 WHERE id BETWEEN 7728359 AND 7738358 ORDER BY c
	Unique  (cost=36849.32..36901.50 rows=10435 width=121)
	  ->  Sort  (cost=36849.32..36875.41 rows=10435 width=121)
	        Sort Key: c
	        ->  Bitmap Heap Scan on sbtest5  (cost=295.39..36152.83 rows=10435 width=121)
	              Recheck Cond: ((id >= 7728359) AND (id <= 7738358))
	              ->  Bitmap Index Scan on sbtest5_pkey  (cost=0.00..292.79 rows=10435 width=0)
	                    Index Cond: ((id >= 7728359) AND (id <= 7738358))

table 6 : explain SELECT DISTINCT c FROM sbtest6 WHERE id BETWEEN 2132360 AND 2142359 ORDER BY c
	Unique  (cost=33666.83..33714.26 rows=9487 width=121)
	  ->  Sort  (cost=33666.83..33690.54 rows=9487 width=121)
	        Sort Key: c
	        ->  Bitmap Heap Scan on sbtest6  (cost=265.68..33040.13 rows=9487 width=121)
	              Recheck Cond: ((id >= 2132360) AND (id <= 2142359))
	              ->  Bitmap Index Scan on sbtest6_pkey  (cost=0.00..263.31 rows=9487 width=0)
	                    Index Cond: ((id >= 2132360) AND (id <= 2142359))

table 7 : explain SELECT DISTINCT c FROM sbtest7 WHERE id BETWEEN 6864936 AND 6874935 ORDER BY c
	Unique  (cost=33722.89..33770.25 rows=9472 width=121)
	  ->  Sort  (cost=33722.89..33746.57 rows=9472 width=121)
	        Sort Key: c
	        ->  Bitmap Heap Scan on sbtest7  (cost=269.52..33097.29 rows=9472 width=121)
	              Recheck Cond: ((id >= 6864936) AND (id <= 6874935))
	              ->  Bitmap Index Scan on sbtest7_pkey  (cost=0.00..267.16 rows=9472 width=0)
	                    Index Cond: ((id >= 6864936) AND (id <= 6874935))

table 8 : explain SELECT DISTINCT c FROM sbtest8 WHERE id BETWEEN 1802892 AND 1812891 ORDER BY c
	Unique  (cost=37296.33..37349.35 rows=10605 width=121)
	  ->  Sort  (cost=37296.33..37322.84 rows=10605 width=121)
	        Sort Key: c
	        ->  Bitmap Heap Scan on sbtest8  (cost=297.14..36587.25 rows=10605 width=121)
	              Recheck Cond: ((id >= 1802892) AND (id <= 1812891))
	              ->  Bitmap Index Scan on sbtest8_pkey  (cost=0.00..294.49 rows=10605 width=0)
	                    Index Cond: ((id >= 1802892) AND (id <= 1812891))

for point_selects
table 1 : explain SELECT c FROM sbtest1 WHERE id=3978066
	Index Scan using sbtest1_pkey on sbtest1  (cost=0.43..8.45 rows=1 width=121)
	  Index Cond: (id = 3978066)

table 2 : explain SELECT c FROM sbtest2 WHERE id=3199490
	Index Scan using sbtest2_pkey on sbtest2  (cost=0.43..8.45 rows=1 width=121)
	  Index Cond: (id = 3199490)

table 3 : explain SELECT c FROM sbtest3 WHERE id=7991635
	Index Scan using sbtest3_pkey on sbtest3  (cost=0.43..8.45 rows=1 width=121)
	  Index Cond: (id = 7991635)

table 4 : explain SELECT c FROM sbtest4 WHERE id=1438878
	Index Scan using sbtest4_pkey on sbtest4  (cost=0.43..8.45 rows=1 width=121)
	  Index Cond: (id = 1438878)

table 5 : explain SELECT c FROM sbtest5 WHERE id=1727759
	Index Scan using sbtest5_pkey on sbtest5  (cost=0.43..8.45 rows=1 width=121)
	  Index Cond: (id = 1727759)

table 6 : explain SELECT c FROM sbtest6 WHERE id=4418611
	Index Scan using sbtest6_pkey on sbtest6  (cost=0.43..8.45 rows=1 width=121)
	  Index Cond: (id = 4418611)

table 7 : explain SELECT c FROM sbtest7 WHERE id=3611460
	Index Scan using sbtest7_pkey on sbtest7  (cost=0.43..8.45 rows=1 width=121)
	  Index Cond: (id = 3611460)

table 8 : explain SELECT c FROM sbtest8 WHERE id=195820
	Index Scan using sbtest8_pkey on sbtest8  (cost=0.43..8.45 rows=1 width=121)
	  Index Cond: (id = 195820)

for: distinct_ranges
table 1 : explain SELECT DISTINCT c FROM sbtest1 WHERE id BETWEEN 1678882 AND 1688881 ORDER BY c
	Unique  (cost=35653.22..35703.95 rows=10145 width=121)
	  ->  Sort  (cost=35653.22..35678.59 rows=10145 width=121)
	        Sort Key: c
	        ->  Bitmap Heap Scan on sbtest1  (cost=280.42..34978.15 rows=10145 width=121)
	              Recheck Cond: ((id >= 1678882) AND (id <= 1688881))
	              ->  Bitmap Index Scan on sbtest1_pkey  (cost=0.00..277.88 rows=10145 width=0)
	                    Index Cond: ((id >= 1678882) AND (id <= 1688881))

table 2 : explain SELECT DISTINCT c FROM sbtest2 WHERE id BETWEEN 29415 AND 39414 ORDER BY c
	Unique  (cost=36394.72..36446.51 rows=10359 width=121)
	  ->  Sort  (cost=36394.72..36420.61 rows=10359 width=121)
	        Sort Key: c
	        ->  Bitmap Heap Scan on sbtest2  (cost=286.61..35703.84 rows=10359 width=121)
	              Recheck Cond: ((id >= 29415) AND (id <= 39414))
	              ->  Bitmap Index Scan on sbtest2_pkey  (cost=0.00..284.03 rows=10359 width=0)
	                    Index Cond: ((id >= 29415) AND (id <= 39414))

table 3 : explain SELECT DISTINCT c FROM sbtest3 WHERE id BETWEEN 4756784 AND 4766783 ORDER BY c
	Unique  (cost=34619.35..34668.36 rows=9802 width=121)
	  ->  Sort  (cost=34619.35..34643.85 rows=9802 width=121)
	        Sort Key: c
	        ->  Bitmap Heap Scan on sbtest3  (cost=268.91..33969.53 rows=9802 width=121)
	              Recheck Cond: ((id >= 4756784) AND (id <= 4766783))
	              ->  Bitmap Index Scan on sbtest3_pkey  (cost=0.00..266.45 rows=9802 width=0)
	                    Index Cond: ((id >= 4756784) AND (id <= 4766783))

table 4 : explain SELECT DISTINCT c FROM sbtest4 WHERE id BETWEEN 8046957 AND 8056956 ORDER BY c
	Unique  (cost=37355.58..37408.85 rows=10654 width=121)
	  ->  Sort  (cost=37355.58..37382.21 rows=10654 width=121)
	        Sort Key: c
	        ->  Bitmap Heap Scan on sbtest4  (cost=293.64..36642.87 rows=10654 width=121)
	              Recheck Cond: ((id >= 8046957) AND (id <= 8056956))
	              ->  Bitmap Index Scan on sbtest4_pkey  (cost=0.00..290.98 rows=10654 width=0)
	                    Index Cond: ((id >= 8046957) AND (id <= 8056956))

table 5 : explain SELECT DISTINCT c FROM sbtest5 WHERE id BETWEEN 6994617 AND 7004616 ORDER BY c
	Unique  (cost=35442.74..35492.74 rows=10001 width=121)
	  ->  Sort  (cost=35442.74..35467.74 rows=10001 width=121)
	        Sort Key: c
	        ->  Bitmap Heap Scan on sbtest5  (cost=282.95..34778.28 rows=10001 width=121)
	              Recheck Cond: ((id >= 6994617) AND (id <= 7004616))
	              ->  Bitmap Index Scan on sbtest5_pkey  (cost=0.00..280.44 rows=10001 width=0)
	                    Index Cond: ((id >= 6994617) AND (id <= 7004616))

table 6 : explain SELECT DISTINCT c FROM sbtest6 WHERE id BETWEEN 6777091 AND 6787090 ORDER BY c
	Unique  (cost=35039.45..35088.99 rows=9909 width=121)
	  ->  Sort  (cost=35039.45..35064.22 rows=9909 width=121)
	        Sort Key: c
	        ->  Bitmap Heap Scan on sbtest6  (cost=278.00..34381.76 rows=9909 width=121)
	              Recheck Cond: ((id >= 6777091) AND (id <= 6787090))
	              ->  Bitmap Index Scan on sbtest6_pkey  (cost=0.00..275.53 rows=9909 width=0)
	                    Index Cond: ((id >= 6777091) AND (id <= 6787090))

table 7 : explain SELECT DISTINCT c FROM sbtest7 WHERE id BETWEEN 3619640 AND 3629639 ORDER BY c
	Unique  (cost=37053.88..37106.36 rows=10496 width=121)
	  ->  Sort  (cost=37053.88..37080.12 rows=10496 width=121)
	        Sort Key: c
	        ->  Bitmap Heap Scan on sbtest7  (cost=300.02..36352.87 rows=10496 width=121)
	              Recheck Cond: ((id >= 3619640) AND (id <= 3629639))
	              ->  Bitmap Index Scan on sbtest7_pkey  (cost=0.00..297.40 rows=10496 width=0)
	                    Index Cond: ((id >= 3619640) AND (id <= 3629639))

table 8 : explain SELECT DISTINCT c FROM sbtest8 WHERE id BETWEEN 3853650 AND 3863649 ORDER BY c
	Unique  (cost=35103.80..35153.43 rows=9925 width=121)
	  ->  Sort  (cost=35103.80..35128.61 rows=9925 width=121)
	        Sort Key: c
	        ->  Bitmap Heap Scan on sbtest8  (cost=278.17..34444.94 rows=9925 width=121)
	              Recheck Cond: ((id >= 3853650) AND (id <= 3863649))
	              ->  Bitmap Index Scan on sbtest8_pkey  (cost=0.00..275.69 rows=9925 width=0)
	                    Index Cond: ((id >= 3853650) AND (id <= 3863649))

for: sum_ranges
table 1 : explain SELECT SUM(k) FROM sbtest1 WHERE id BETWEEN 1472280 AND 1482279
	Aggregate  (cost=33354.58..33354.59 rows=1 width=8)
	  ->  Bitmap Heap Scan on sbtest1  (cost=267.05..33330.53 rows=9621 width=4)
	        Recheck Cond: ((id >= 1472280) AND (id <= 1482279))
	        ->  Bitmap Index Scan on sbtest1_pkey  (cost=0.00..264.65 rows=9621 width=0)
	              Index Cond: ((id >= 1472280) AND (id <= 1482279))

table 2 : explain SELECT SUM(k) FROM sbtest2 WHERE id BETWEEN 1439320 AND 1449319
	Aggregate  (cost=32236.53..32236.54 rows=1 width=8)
	  ->  Bitmap Heap Scan on sbtest2  (cost=255.29..32213.39 rows=9254 width=4)
	        Recheck Cond: ((id >= 1439320) AND (id <= 1449319))
	        ->  Bitmap Index Scan on sbtest2_pkey  (cost=0.00..252.98 rows=9254 width=0)
	              Index Cond: ((id >= 1439320) AND (id <= 1449319))

table 3 : explain SELECT SUM(k) FROM sbtest3 WHERE id BETWEEN 8334934 AND 8344933
	Aggregate  (cost=36607.32..36607.33 rows=1 width=8)
	  ->  Bitmap Heap Scan on sbtest3  (cost=293.42..36580.74 rows=10633 width=4)
	        Recheck Cond: ((id >= 8334934) AND (id <= 8344933))
	        ->  Bitmap Index Scan on sbtest3_pkey  (cost=0.00..290.76 rows=10633 width=0)
	              Index Cond: ((id >= 8334934) AND (id <= 8344933))

table 4 : explain SELECT SUM(k) FROM sbtest4 WHERE id BETWEEN 1406938 AND 1416937
	Aggregate  (cost=31949.04..31949.05 rows=1 width=8)
	  ->  Bitmap Heap Scan on sbtest4  (cost=250.31..31926.15 rows=9159 width=4)
	        Recheck Cond: ((id >= 1406938) AND (id <= 1416937))
	        ->  Bitmap Index Scan on sbtest4_pkey  (cost=0.00..248.03 rows=9159 width=0)
	              Index Cond: ((id >= 1406938) AND (id <= 1416937))

table 5 : explain SELECT SUM(k) FROM sbtest5 WHERE id BETWEEN 234838 AND 244837
	Aggregate  (cost=33502.53..33502.54 rows=1 width=8)
	  ->  Bitmap Heap Scan on sbtest5  (cost=270.76..33478.55 rows=9593 width=4)
	        Recheck Cond: ((id >= 234838) AND (id <= 244837))
	        ->  Bitmap Index Scan on sbtest5_pkey  (cost=0.00..268.37 rows=9593 width=0)
	              Index Cond: ((id >= 234838) AND (id <= 244837))

table 6 : explain SELECT SUM(k) FROM sbtest6 WHERE id BETWEEN 7017135 AND 7027134
	Aggregate  (cost=34565.58..34565.59 rows=1 width=8)
	  ->  Bitmap Heap Scan on sbtest6  (cost=278.51..34540.68 rows=9959 width=4)
	        Recheck Cond: ((id >= 7017135) AND (id <= 7027134))
	        ->  Bitmap Index Scan on sbtest6_pkey  (cost=0.00..276.03 rows=9959 width=0)
	              Index Cond: ((id >= 7017135) AND (id <= 7027134))

table 7 : explain SELECT SUM(k) FROM sbtest7 WHERE id BETWEEN 707831 AND 717830
	Aggregate  (cost=35746.14..35746.15 rows=1 width=8)
	  ->  Bitmap Heap Scan on sbtest7  (cost=293.97..35720.40 rows=10296 width=4)
	        Recheck Cond: ((id >= 707831) AND (id <= 717830))
	        ->  Bitmap Index Scan on sbtest7_pkey  (cost=0.00..291.40 rows=10296 width=0)
	              Index Cond: ((id >= 707831) AND (id <= 717830))

table 8 : explain SELECT SUM(k) FROM sbtest8 WHERE id BETWEEN 4523795 AND 4533794
	Aggregate  (cost=33266.96..33266.97 rows=1 width=8)
	  ->  Bitmap Heap Scan on sbtest8  (cost=266.29..33243.09 rows=9547 width=4)
	        Recheck Cond: ((id >= 4523795) AND (id <= 4533794))
	        ->  Bitmap Index Scan on sbtest8_pkey  (cost=0.00..263.91 rows=9547 width=0)
	              Index Cond: ((id >= 4523795) AND (id <= 4533794))

for: order_ranges
table 1 : explain SELECT c FROM sbtest1 WHERE id BETWEEN 3112032 AND 3122031 ORDER BY c
	Sort  (cost=37284.17..37310.81 rows=10655 width=121)
	  Sort Key: c
	  ->  Bitmap Heap Scan on sbtest1  (cost=297.65..36571.40 rows=10655 width=121)
	        Recheck Cond: ((id >= 3112032) AND (id <= 3122031))
	        ->  Bitmap Index Scan on sbtest1_pkey  (cost=0.00..294.99 rows=10655 width=0)
	              Index Cond: ((id >= 3112032) AND (id <= 3122031))

table 2 : explain SELECT c FROM sbtest2 WHERE id BETWEEN 974121 AND 984120 ORDER BY c
	Sort  (cost=34145.08..34169.23 rows=9661 width=121)
	  Sort Key: c
	  ->  Bitmap Heap Scan on sbtest2  (cost=267.46..33505.62 rows=9661 width=121)
	        Recheck Cond: ((id >= 974121) AND (id <= 984120))
	        ->  Bitmap Index Scan on sbtest2_pkey  (cost=0.00..265.05 rows=9661 width=0)
	              Index Cond: ((id >= 974121) AND (id <= 984120))

table 3 : explain SELECT c FROM sbtest3 WHERE id BETWEEN 1543765 AND 1553764 ORDER BY c
	Sort  (cost=35811.84..35837.27 rows=10171 width=121)
	  Sort Key: c
	  ->  Bitmap Heap Scan on sbtest3  (cost=280.69..35134.85 rows=10171 width=121)
	        Recheck Cond: ((id >= 1543765) AND (id <= 1553764))
	        ->  Bitmap Index Scan on sbtest3_pkey  (cost=0.00..278.15 rows=10171 width=0)
	              Index Cond: ((id >= 1543765) AND (id <= 1553764))

table 4 : explain SELECT c FROM sbtest4 WHERE id BETWEEN 7727212 AND 7737211 ORDER BY c
	Sort  (cost=35885.90..35911.39 rows=10195 width=121)
	  Sort Key: c
	  ->  Bitmap Heap Scan on sbtest4  (cost=280.93..35207.14 rows=10195 width=121)
	        Recheck Cond: ((id >= 7727212) AND (id <= 7737211))
	        ->  Bitmap Index Scan on sbtest4_pkey  (cost=0.00..278.38 rows=10195 width=0)
	              Index Cond: ((id >= 7727212) AND (id <= 7737211))

table 5 : explain SELECT c FROM sbtest5 WHERE id BETWEEN 5984625 AND 5994624 ORDER BY c
	Sort  (cost=33006.35..33029.48 rows=9255 width=121)
	  Sort Key: c
	  ->  Bitmap Heap Scan on sbtest5  (cost=263.30..32396.63 rows=9255 width=121)
	        Recheck Cond: ((id >= 5984625) AND (id <= 5994624))
	        ->  Bitmap Index Scan on sbtest5_pkey  (cost=0.00..260.99 rows=9255 width=0)
	              Index Cond: ((id >= 5984625) AND (id <= 5994624))

table 6 : explain SELECT c FROM sbtest6 WHERE id BETWEEN 1641111 AND 1651110 ORDER BY c
	Sort  (cost=34547.56..34571.95 rows=9756 width=121)
	  Sort Key: c
	  ->  Bitmap Heap Scan on sbtest6  (cost=276.43..33901.12 rows=9756 width=121)
	        Recheck Cond: ((id >= 1641111) AND (id <= 1651110))
	        ->  Bitmap Index Scan on sbtest6_pkey  (cost=0.00..274.00 rows=9756 width=0)
	              Index Cond: ((id >= 1641111) AND (id <= 1651110))

table 7 : explain SELECT c FROM sbtest7 WHERE id BETWEEN 1072661 AND 1082660 ORDER BY c
	Sort  (cost=34817.67..34842.18 rows=9807 width=121)
	  Sort Key: c
	  ->  Bitmap Heap Scan on sbtest7  (cost=280.96..34167.48 rows=9807 width=121)
	        Recheck Cond: ((id >= 1072661) AND (id <= 1082660))
	        ->  Bitmap Index Scan on sbtest7_pkey  (cost=0.00..278.50 rows=9807 width=0)
	              Index Cond: ((id >= 1072661) AND (id <= 1082660))

table 8 : explain SELECT c FROM sbtest8 WHERE id BETWEEN 7327316 AND 7337315 ORDER BY c
	Sort  (cost=37932.49..37959.50 rows=10803 width=121)
	  Sort Key: c
	  ->  Bitmap Heap Scan on sbtest8  (cost=303.17..37208.74 rows=10803 width=121)
	        Recheck Cond: ((id >= 7327316) AND (id <= 7337315))
	        ->  Bitmap Index Scan on sbtest8_pkey  (cost=0.00..300.46 rows=10803 width=0)
	              Index Cond: ((id >= 7327316) AND (id <= 7337315))

explain: for point_selects :: explain SELECT c FROM sbtest%u WHERE id=%u
for: order_ranges
table 1 : explain SELECT c FROM sbtest1 WHERE id BETWEEN 9253615 AND 9263614 ORDER BY c
	Sort  (cost=35204.99..35230.01 rows=10005 width=121)
	  Sort Key: c
	  ->  Bitmap Heap Scan on sbtest1  (cost=278.99..34540.24 rows=10005 width=121)
	        Recheck Cond: ((id >= 9253615) AND (id <= 9263614))
	        ->  Bitmap Index Scan on sbtest1_pkey  (cost=0.00..276.49 rows=10005 width=0)
	              Index Cond: ((id >= 9253615) AND (id <= 9263614))

table 2 : explain SELECT c FROM sbtest2 WHERE id BETWEEN 6891144 AND 6901143 ORDER BY c
	Sort  (cost=32902.99..32926.19 rows=9278 width=121)
	  Sort Key: c
	  ->  Bitmap Heap Scan on sbtest2  (cost=255.53..32291.59 rows=9278 width=121)
	        Recheck Cond: ((id >= 6891144) AND (id <= 6901143))
	        ->  Bitmap Index Scan on sbtest2_pkey  (cost=0.00..253.22 rows=9278 width=0)
	              Index Cond: ((id >= 6891144) AND (id <= 6901143))

table 3 : explain SELECT c FROM sbtest3 WHERE id BETWEEN 8303450 AND 8313449 ORDER BY c
	Sort  (cost=37291.89..37318.47 rows=10633 width=121)
	  Sort Key: c
	  ->  Bitmap Heap Scan on sbtest3  (cost=293.42..36580.74 rows=10633 width=121)
	        Recheck Cond: ((id >= 8303450) AND (id <= 8313449))
	        ->  Bitmap Index Scan on sbtest3_pkey  (cost=0.00..290.76 rows=10633 width=0)
	              Index Cond: ((id >= 8303450) AND (id <= 8313449))

table 4 : explain SELECT c FROM sbtest4 WHERE id BETWEEN 6498407 AND 6508406 ORDER BY c
	Sort  (cost=34886.03..34910.74 rows=9886 width=121)
	  Sort Key: c
	  ->  Bitmap Heap Scan on sbtest4  (cost=269.77..34230.03 rows=9886 width=121)
	        Recheck Cond: ((id >= 6498407) AND (id <= 6508406))
	        ->  Bitmap Index Scan on sbtest4_pkey  (cost=0.00..267.30 rows=9886 width=0)
	              Index Cond: ((id >= 6498407) AND (id <= 6508406))

table 5 : explain SELECT c FROM sbtest5 WHERE id BETWEEN 7367869 AND 7377868 ORDER BY c
	Sort  (cost=35416.02..35441.00 rows=9992 width=121)
	  Sort Key: c
	  ->  Bitmap Heap Scan on sbtest5  (cost=282.85..34752.23 rows=9992 width=121)
	        Recheck Cond: ((id >= 7367869) AND (id <= 7377868))
	        ->  Bitmap Index Scan on sbtest5_pkey  (cost=0.00..280.36 rows=9992 width=0)
	              Index Cond: ((id >= 7367869) AND (id <= 7377868))

table 6 : explain SELECT c FROM sbtest6 WHERE id BETWEEN 4912214 AND 4922213 ORDER BY c
	Sort  (cost=33459.87..33483.42 rows=9423 width=121)
	  Sort Key: c
	  ->  Bitmap Heap Scan on sbtest6  (cost=265.02..32837.86 rows=9423 width=121)
	        Recheck Cond: ((id >= 4912214) AND (id <= 4922213))
	        ->  Bitmap Index Scan on sbtest6_pkey  (cost=0.00..262.67 rows=9423 width=0)
	              Index Cond: ((id >= 4912214) AND (id <= 4922213))

table 7 : explain SELECT c FROM sbtest7 WHERE id BETWEEN 6121978 AND 6131977 ORDER BY c
	Sort  (cost=35904.35..35929.70 rows=10142 width=121)
	  Sort Key: c
	  ->  Bitmap Heap Scan on sbtest7  (cost=288.39..35229.50 rows=10142 width=121)
	        Recheck Cond: ((id >= 6121978) AND (id <= 6131977))
	        ->  Bitmap Index Scan on sbtest7_pkey  (cost=0.00..285.86 rows=10142 width=0)
	              Index Cond: ((id >= 6121978) AND (id <= 6131977))

table 8 : explain SELECT c FROM sbtest8 WHERE id BETWEEN 6062142 AND 6072141 ORDER BY c
	Sort  (cost=37698.20..37725.02 rows=10731 width=121)
	  Sort Key: c
	  ->  Bitmap Heap Scan on sbtest8  (cost=298.43..36979.78 rows=10731 width=121)
	        Recheck Cond: ((id >= 6062142) AND (id <= 6072141))
	        ->  Bitmap Index Scan on sbtest8_pkey  (cost=0.00..295.75 rows=10731 width=0)
	              Index Cond: ((id >= 6062142) AND (id <= 6072141))

for: distinct_ranges
table 1 : explain SELECT DISTINCT c FROM sbtest1 WHERE id BETWEEN 333948 AND 343947 ORDER BY c
	Unique  (cost=36374.33..36426.19 rows=10371 width=121)
	  ->  Sort  (cost=36374.33..36400.26 rows=10371 width=121)
	        Sort Key: c
	        ->  Bitmap Heap Scan on sbtest1  (cost=286.74..35682.58 rows=10371 width=121)
	              Recheck Cond: ((id >= 333948) AND (id <= 343947))
	              ->  Bitmap Index Scan on sbtest1_pkey  (cost=0.00..284.15 rows=10371 width=0)
	                    Index Cond: ((id >= 333948) AND (id <= 343947))

table 2 : explain SELECT DISTINCT c FROM sbtest2 WHERE id BETWEEN 9930164 AND 9940163 ORDER BY c
	Unique  (cost=33995.64..34043.71 rows=9614 width=121)
	  ->  Sort  (cost=33995.64..34019.67 rows=9614 width=121)
	        Sort Key: c
	        ->  Bitmap Heap Scan on sbtest2  (cost=266.98..33359.63 rows=9614 width=121)
	              Recheck Cond: ((id >= 9930164) AND (id <= 9940163))
	              ->  Bitmap Index Scan on sbtest2_pkey  (cost=0.00..264.57 rows=9614 width=0)
	                    Index Cond: ((id >= 9930164) AND (id <= 9940163))

table 3 : explain SELECT DISTINCT c FROM sbtest3 WHERE id BETWEEN 5721151 AND 5731150 ORDER BY c
	Unique  (cost=35246.03..35296.01 rows=9996 width=121)
	  ->  Sort  (cost=35246.03..35271.02 rows=9996 width=121)
	        Sort Key: c
	        ->  Bitmap Heap Scan on sbtest3  (cost=274.89..34581.94 rows=9996 width=121)
	              Recheck Cond: ((id >= 5721151) AND (id <= 5731150))
	              ->  Bitmap Index Scan on sbtest3_pkey  (cost=0.00..272.40 rows=9996 width=0)
	                    Index Cond: ((id >= 5721151) AND (id <= 5731150))

table 4 : explain SELECT DISTINCT c FROM sbtest4 WHERE id BETWEEN 7075104 AND 7085103 ORDER BY c
	Unique  (cost=34693.83..34742.96 rows=9826 width=121)
	  ->  Sort  (cost=34693.83..34718.39 rows=9826 width=121)
	        Sort Key: c
	        ->  Bitmap Heap Scan on sbtest4  (cost=269.15..34042.25 rows=9826 width=121)
	              Recheck Cond: ((id >= 7075104) AND (id <= 7085103))
	              ->  Bitmap Index Scan on sbtest4_pkey  (cost=0.00..266.69 rows=9826 width=0)
	                    Index Cond: ((id >= 7075104) AND (id <= 7085103))

table 5 : explain SELECT DISTINCT c FROM sbtest5 WHERE id BETWEEN 2154632 AND 2164631 ORDER BY c
	Unique  (cost=39783.93..39840.67 rows=11349 width=121)
	  ->  Sort  (cost=39783.93..39812.30 rows=11349 width=121)
	        Sort Key: c
	        ->  Bitmap Heap Scan on sbtest5  (cost=320.76..39019.55 rows=11349 width=121)
	              Recheck Cond: ((id >= 2154632) AND (id <= 2164631))
	              ->  Bitmap Index Scan on sbtest5_pkey  (cost=0.00..317.93 rows=11349 width=0)
	                    Index Cond: ((id >= 2154632) AND (id <= 2164631))

table 6 : explain SELECT DISTINCT c FROM sbtest6 WHERE id BETWEEN 8729983 AND 8739982 ORDER BY c
	Unique  (cost=35746.54..35797.18 rows=10128 width=121)
	  ->  Sort  (cost=35746.54..35771.86 rows=10128 width=121)
	        Sort Key: c
	        ->  Bitmap Heap Scan on sbtest6  (cost=284.25..35072.72 rows=10128 width=121)
	              Recheck Cond: ((id >= 8729983) AND (id <= 8739982))
	              ->  Bitmap Index Scan on sbtest6_pkey  (cost=0.00..281.71 rows=10128 width=0)
	                    Index Cond: ((id >= 8729983) AND (id <= 8739982))

table 7 : explain SELECT DISTINCT c FROM sbtest7 WHERE id BETWEEN 8401561 AND 8411560 ORDER BY c
	Unique  (cost=33488.29..33535.29 rows=9400 width=121)
	  ->  Sort  (cost=33488.29..33511.79 rows=9400 width=121)
	        Sort Key: c
	        ->  Bitmap Heap Scan on sbtest7  (cost=268.79..32867.96 rows=9400 width=121)
	              Recheck Cond: ((id >= 8401561) AND (id <= 8411560))
	              ->  Bitmap Index Scan on sbtest7_pkey  (cost=0.00..266.44 rows=9400 width=0)
	                    Index Cond: ((id >= 8401561) AND (id <= 8411560))

table 8 : explain SELECT DISTINCT c FROM sbtest8 WHERE id BETWEEN 1077078 AND 1087077 ORDER BY c
	Unique  (cost=33687.28..33734.73 rows=9489 width=121)
	  ->  Sort  (cost=33687.28..33711.01 rows=9489 width=121)
	        Sort Key: c
	        ->  Bitmap Heap Scan on sbtest8  (cost=265.70..33060.44 rows=9489 width=121)
	              Recheck Cond: ((id >= 1077078) AND (id <= 1087077))
	              ->  Bitmap Index Scan on sbtest8_pkey  (cost=0.00..263.32 rows=9489 width=0)
	                    Index Cond: ((id >= 1077078) AND (id <= 1087077))

for: order_ranges
table 1 : explain SELECT c FROM sbtest1 WHERE id BETWEEN 8094215 AND 8104214 ORDER BY c
	Sort  (cost=33867.62..33891.59 rows=9590 width=121)
	  Sort Key: c
	  ->  Bitmap Heap Scan on sbtest1  (cost=266.73..33233.37 rows=9590 width=121)
	        Recheck Cond: ((id >= 8094215) AND (id <= 8104214))
	        ->  Bitmap Index Scan on sbtest1_pkey  (cost=0.00..264.33 rows=9590 width=0)
	              Index Cond: ((id >= 8094215) AND (id <= 8104214))

table 2 : explain SELECT c FROM sbtest2 WHERE id BETWEEN 8525043 AND 8535042 ORDER BY c
	Sort  (cost=36486.89..36512.86 rows=10388 width=121)
	  Sort Key: c
	  ->  Bitmap Heap Scan on sbtest2  (cost=286.91..35793.87 rows=10388 width=121)
	        Recheck Cond: ((id >= 8525043) AND (id <= 8535042))
	        ->  Bitmap Index Scan on sbtest2_pkey  (cost=0.00..284.31 rows=10388 width=0)
	              Index Cond: ((id >= 8525043) AND (id <= 8535042))

table 3 : explain SELECT c FROM sbtest3 WHERE id BETWEEN 8391354 AND 8401353 ORDER BY c
	Sort  (cost=35752.46..35777.85 rows=10153 width=121)
	  Sort Key: c
	  ->  Bitmap Heap Scan on sbtest3  (cost=280.50..35076.80 rows=10153 width=121)
	        Recheck Cond: ((id >= 8391354) AND (id <= 8401353))
	        ->  Bitmap Index Scan on sbtest3_pkey  (cost=0.00..277.96 rows=10153 width=0)
	              Index Cond: ((id >= 8391354) AND (id <= 8401353))

table 4 : explain SELECT c FROM sbtest4 WHERE id BETWEEN 7065972 AND 7075971 ORDER BY c
	Sort  (cost=34693.83..34718.39 rows=9826 width=121)
	  Sort Key: c
	  ->  Bitmap Heap Scan on sbtest4  (cost=269.15..34042.25 rows=9826 width=121)
	        Recheck Cond: ((id >= 7065972) AND (id <= 7075971))
	        ->  Bitmap Index Scan on sbtest4_pkey  (cost=0.00..266.69 rows=9826 width=0)
	              Index Cond: ((id >= 7065972) AND (id <= 7075971))

table 5 : explain SELECT c FROM sbtest5 WHERE id BETWEEN 6834509 AND 6844508 ORDER BY c
	Sort  (cost=38321.83..38349.06 rows=10892 width=121)
	  Sort Key: c
	  ->  Bitmap Heap Scan on sbtest5  (cost=308.08..37591.47 rows=10892 width=121)
	        Recheck Cond: ((id >= 6834509) AND (id <= 6844508))
	        ->  Bitmap Index Scan on sbtest5_pkey  (cost=0.00..305.36 rows=10892 width=0)
	              Index Cond: ((id >= 6834509) AND (id <= 6844508))

table 6 : explain SELECT c FROM sbtest6 WHERE id BETWEEN 8175754 AND 8185753 ORDER BY c
	Sort  (cost=37277.31..37303.81 rows=10603 width=121)
	  Sort Key: c
	  ->  Bitmap Heap Scan on sbtest6  (cost=297.12..36568.38 rows=10603 width=121)
	        Recheck Cond: ((id >= 8175754) AND (id <= 8185753))
	        ->  Bitmap Index Scan on sbtest6_pkey  (cost=0.00..294.46 rows=10603 width=0)
	              Index Cond: ((id >= 8175754) AND (id <= 8185753))

table 7 : explain SELECT c FROM sbtest7 WHERE id BETWEEN 6695351 AND 6705350 ORDER BY c
	Sort  (cost=34539.90..34564.21 rows=9723 width=121)
	  Sort Key: c
	  ->  Bitmap Heap Scan on sbtest7  (cost=276.10..33895.89 rows=9723 width=121)
	        Recheck Cond: ((id >= 6695351) AND (id <= 6705350))
	        ->  Bitmap Index Scan on sbtest7_pkey  (cost=0.00..273.67 rows=9723 width=0)
	              Index Cond: ((id >= 6695351) AND (id <= 6705350))

table 8 : explain SELECT c FROM sbtest8 WHERE id BETWEEN 8611446 AND 8621445 ORDER BY c
	Sort  (cost=35622.19..35647.40 rows=10085 width=121)
	  Sort Key: c
	  ->  Bitmap Heap Scan on sbtest8  (cost=283.81..34951.54 rows=10085 width=121)
	        Recheck Cond: ((id >= 8611446) AND (id <= 8621445))
	        ->  Bitmap Index Scan on sbtest8_pkey  (cost=0.00..281.29 rows=10085 width=0)
	              Index Cond: ((id >= 8611446) AND (id <= 8621445))

for: simple_ranges
table 1 : explain SELECT c FROM sbtest1 WHERE id BETWEEN 5816477 AND 5826476
	Bitmap Heap Scan on sbtest1  (cost=274.24..34307.33 rows=9932 width=121)
	  Recheck Cond: ((id >= 5816477) AND (id <= 5826476))
	  ->  Bitmap Index Scan on sbtest1_pkey  (cost=0.00..271.75 rows=9932 width=0)
	        Index Cond: ((id >= 5816477) AND (id <= 5826476))

table 2 : explain SELECT c FROM sbtest2 WHERE id BETWEEN 4207670 AND 4217669
	Bitmap Heap Scan on sbtest2  (cost=306.51..38097.50 rows=11129 width=121)
	  Recheck Cond: ((id >= 4207670) AND (id <= 4217669))
	  ->  Bitmap Index Scan on sbtest2_pkey  (cost=0.00..303.73 rows=11129 width=0)
	        Index Cond: ((id >= 4207670) AND (id <= 4217669))

table 3 : explain SELECT c FROM sbtest3 WHERE id BETWEEN 2857651 AND 2867650
	Bitmap Heap Scan on sbtest3  (cost=262.35..33180.27 rows=9553 width=121)
	  Recheck Cond: ((id >= 2857651) AND (id <= 2867650))
	  ->  Bitmap Index Scan on sbtest3_pkey  (cost=0.00..259.96 rows=9553 width=0)
	        Index Cond: ((id >= 2857651) AND (id <= 2867650))

table 4 : explain SELECT c FROM sbtest4 WHERE id BETWEEN 8803266 AND 8813265
	Bitmap Heap Scan on sbtest4  (cost=269.32..34094.05 rows=9842 width=121)
	  Recheck Cond: ((id >= 8803266) AND (id <= 8813265))
	  ->  Bitmap Index Scan on sbtest4_pkey  (cost=0.00..266.86 rows=9842 width=0)
	        Index Cond: ((id >= 8803266) AND (id <= 8813265))

table 5 : explain SELECT c FROM sbtest5 WHERE id BETWEEN 5455984 AND 5465983
	Bitmap Heap Scan on sbtest5  (cost=252.00..31359.03 rows=8933 width=121)
	  Recheck Cond: ((id >= 5455984) AND (id <= 5465983))
	  ->  Bitmap Index Scan on sbtest5_pkey  (cost=0.00..249.76 rows=8933 width=0)
	        Index Cond: ((id >= 5455984) AND (id <= 5465983))

table 6 : explain SELECT c FROM sbtest6 WHERE id BETWEEN 1632272 AND 1642271
	Bitmap Heap Scan on sbtest6  (cost=276.43..33901.12 rows=9756 width=121)
	  Recheck Cond: ((id >= 1632272) AND (id <= 1642271))
	  ->  Bitmap Index Scan on sbtest6_pkey  (cost=0.00..274.00 rows=9756 width=0)
	        Index Cond: ((id >= 1632272) AND (id <= 1642271))

table 7 : explain SELECT c FROM sbtest7 WHERE id BETWEEN 5463023 AND 5473022
	Bitmap Heap Scan on sbtest7  (cost=269.21..32995.78 rows=9441 width=121)
	  Recheck Cond: ((id >= 5463023) AND (id <= 5473022))
	  ->  Bitmap Index Scan on sbtest7_pkey  (cost=0.00..266.84 rows=9441 width=0)
	        Index Cond: ((id >= 5463023) AND (id <= 5473022))

table 8 : explain SELECT c FROM sbtest8 WHERE id BETWEEN 4587801 AND 4597800
	Bitmap Heap Scan on sbtest8  (cost=266.29..33243.09 rows=9547 width=121)
	  Recheck Cond: ((id >= 4587801) AND (id <= 4597800))
	  ->  Bitmap Index Scan on sbtest8_pkey  (cost=0.00..263.91 rows=9547 width=0)
	        Index Cond: ((id >= 4587801) AND (id <= 4597800))

for: distinct_ranges
table 1 : explain SELECT DISTINCT c FROM sbtest1 WHERE id BETWEEN 951107 AND 961106 ORDER BY c
	Unique  (cost=38249.11..38303.91 rows=10959 width=121)
	  ->  Sort  (cost=38249.11..38276.51 rows=10959 width=121)
	        Sort Key: c
	        ->  Bitmap Heap Scan on sbtest1  (cost=304.76..37513.77 rows=10959 width=121)
	              Recheck Cond: ((id >= 951107) AND (id <= 961106))
	              ->  Bitmap Index Scan on sbtest1_pkey  (cost=0.00..302.03 rows=10959 width=0)
	                    Index Cond: ((id >= 951107) AND (id <= 961106))

table 2 : explain SELECT DISTINCT c FROM sbtest2 WHERE id BETWEEN 638797 AND 648796 ORDER BY c
	Unique  (cost=36018.54..36069.75 rows=10243 width=121)
	  ->  Sort  (cost=36018.54..36044.14 rows=10243 width=121)
	        Sort Key: c
	        ->  Bitmap Heap Scan on sbtest2  (cost=281.43..35336.23 rows=10243 width=121)
	              Recheck Cond: ((id >= 638797) AND (id <= 648796))
	              ->  Bitmap Index Scan on sbtest2_pkey  (cost=0.00..278.87 rows=10243 width=0)
	                    Index Cond: ((id >= 638797) AND (id <= 648796))

table 3 : explain SELECT DISTINCT c FROM sbtest3 WHERE id BETWEEN 6099398 AND 6109397 ORDER BY c
	Unique  (cost=33618.84..33666.30 rows=9493 width=121)
	  ->  Sort  (cost=33618.84..33642.57 rows=9493 width=121)
	        Sort Key: c
	        ->  Bitmap Heap Scan on sbtest3  (cost=261.74..32991.70 rows=9493 width=121)
	              Recheck Cond: ((id >= 6099398) AND (id <= 6109397))
	              ->  Bitmap Index Scan on sbtest3_pkey  (cost=0.00..259.37 rows=9493 width=0)
	                    Index Cond: ((id >= 6099398) AND (id <= 6109397))

table 4 : explain SELECT DISTINCT c FROM sbtest4 WHERE id BETWEEN 4087850 AND 4097849 ORDER BY c
	Unique  (cost=38591.50..38646.72 rows=11043 width=121)
	  ->  Sort  (cost=38591.50..38619.11 rows=11043 width=121)
	        Sort Key: c
	        ->  Bitmap Heap Scan on sbtest4  (cost=301.63..37849.92 rows=11043 width=121)
	              Recheck Cond: ((id >= 4087850) AND (id <= 4097849))
	              ->  Bitmap Index Scan on sbtest4_pkey  (cost=0.00..298.87 rows=11043 width=0)
	                    Index Cond: ((id >= 4087850) AND (id <= 4097849))

table 5 : explain SELECT DISTINCT c FROM sbtest5 WHERE id BETWEEN 5304668 AND 5314667 ORDER BY c
	Unique  (cost=38885.86..38941.20 rows=11067 width=121)
	  ->  Sort  (cost=38885.86..38913.53 rows=11067 width=121)
	        Sort Key: c
	        ->  Bitmap Heap Scan on sbtest5  (cost=313.87..38142.50 rows=11067 width=121)
	              Recheck Cond: ((id >= 5304668) AND (id <= 5314667))
	              ->  Bitmap Index Scan on sbtest5_pkey  (cost=0.00..311.11 rows=11067 width=0)
	                    Index Cond: ((id >= 5304668) AND (id <= 5314667))

table 6 : explain SELECT DISTINCT c FROM sbtest6 WHERE id BETWEEN 1690053 AND 1700052 ORDER BY c
	Unique  (cost=35129.10..35178.79 rows=9937 width=121)
	  ->  Sort  (cost=35129.10..35153.94 rows=9937 width=121)
	        Sort Key: c
	        ->  Bitmap Heap Scan on sbtest6  (cost=278.29..34469.35 rows=9937 width=121)
	              Recheck Cond: ((id >= 1690053) AND (id <= 1700052))
	              ->  Bitmap Index Scan on sbtest6_pkey  (cost=0.00..275.81 rows=9937 width=0)
	                    Index Cond: ((id >= 1690053) AND (id <= 1700052))

table 7 : explain SELECT DISTINCT c FROM sbtest7 WHERE id BETWEEN 2207229 AND 2217228 ORDER BY c
	Unique  (cost=33202.55..33249.12 rows=9314 width=121)
	  ->  Sort  (cost=33202.55..33225.84 rows=9314 width=121)
	        Sort Key: c
	        ->  Bitmap Heap Scan on sbtest7  (cost=263.90..32588.52 rows=9314 width=121)
	              Recheck Cond: ((id >= 2207229) AND (id <= 2217228))
	              ->  Bitmap Index Scan on sbtest7_pkey  (cost=0.00..261.57 rows=9314 width=0)
	                    Index Cond: ((id >= 2207229) AND (id <= 2217228))

table 8 : explain SELECT DISTINCT c FROM sbtest8 WHERE id BETWEEN 3221080 AND 3231079 ORDER BY c
	Unique  (cost=35648.68..35699.15 rows=10093 width=121)
	  ->  Sort  (cost=35648.68..35673.92 rows=10093 width=121)
	        Sort Key: c
	        ->  Bitmap Heap Scan on sbtest8  (cost=283.89..34977.45 rows=10093 width=121)
	              Recheck Cond: ((id >= 3221080) AND (id <= 3231079))
	              ->  Bitmap Index Scan on sbtest8_pkey  (cost=0.00..281.37 rows=10093 width=0)
	                    Index Cond: ((id >= 3221080) AND (id <= 3231079))

for: sum_ranges
table 1 : explain SELECT SUM(k) FROM sbtest1 WHERE id BETWEEN 3937606 AND 3947605
	Aggregate  (cost=34449.12..34449.13 rows=1 width=8)
	  ->  Bitmap Heap Scan on sbtest1  (cost=278.61..34424.20 rows=9968 width=4)
	        Recheck Cond: ((id >= 3937606) AND (id <= 3947605))
	        ->  Bitmap Index Scan on sbtest1_pkey  (cost=0.00..276.12 rows=9968 width=0)
	              Index Cond: ((id >= 3937606) AND (id <= 3947605))

table 2 : explain SELECT SUM(k) FROM sbtest2 WHERE id BETWEEN 8073525 AND 8083524
	Aggregate  (cost=32393.04..32393.05 rows=1 width=8)
	  ->  Bitmap Heap Scan on sbtest2  (cost=255.79..32369.79 rows=9303 width=4)
	        Recheck Cond: ((id >= 8073525) AND (id <= 8083524))
	        ->  Bitmap Index Scan on sbtest2_pkey  (cost=0.00..253.47 rows=9303 width=0)
	              Index Cond: ((id >= 8073525) AND (id <= 8083524))

table 3 : explain SELECT SUM(k) FROM sbtest3 WHERE id BETWEEN 3623507 AND 3633506
	Aggregate  (cost=35082.04..35082.05 rows=1 width=8)
	  ->  Bitmap Heap Scan on sbtest3  (cost=276.45..35056.67 rows=10148 width=4)
	        Recheck Cond: ((id >= 3623507) AND (id <= 3633506))
	        ->  Bitmap Index Scan on sbtest3_pkey  (cost=0.00..273.92 rows=10148 width=0)
	              Index Cond: ((id >= 3623507) AND (id <= 3633506))

table 4 : explain SELECT SUM(k) FROM sbtest4 WHERE id BETWEEN 9113069 AND 9123068
	Aggregate  (cost=34105.70..34105.71 rows=1 width=8)
	  ->  Bitmap Heap Scan on sbtest4  (cost=269.27..34081.10 rows=9838 width=4)
	        Recheck Cond: ((id >= 9113069) AND (id <= 9123068))
	        ->  Bitmap Index Scan on sbtest4_pkey  (cost=0.00..266.81 rows=9838 width=0)
	              Index Cond: ((id >= 9113069) AND (id <= 9123068))

table 5 : explain SELECT SUM(k) FROM sbtest5 WHERE id BETWEEN 3893396 AND 3903395
	Aggregate  (cost=35707.89..35707.90 rows=1 width=8)
	  ->  Bitmap Heap Scan on sbtest5  (cost=289.87..35682.17 rows=10286 width=4)
	        Recheck Cond: ((id >= 3893396) AND (id <= 3903395))
	        ->  Bitmap Index Scan on sbtest5_pkey  (cost=0.00..287.30 rows=10286 width=0)
	              Index Cond: ((id >= 3893396) AND (id <= 3903395))

table 6 : explain SELECT SUM(k) FROM sbtest6 WHERE id BETWEEN 9486415 AND 9496414
	Aggregate  (cost=33037.71..33037.72 rows=1 width=8)
	  ->  Bitmap Heap Scan on sbtest6  (cost=265.58..33014.02 rows=9478 width=4)
	        Recheck Cond: ((id >= 9486415) AND (id <= 9496414))
	        ->  Bitmap Index Scan on sbtest6_pkey  (cost=0.00..263.21 rows=9478 width=0)
	              Index Cond: ((id >= 9486415) AND (id <= 9496414))

table 7 : explain SELECT SUM(k) FROM sbtest7 WHERE id BETWEEN 4317764 AND 4327763
	Aggregate  (cost=36382.35..36382.36 rows=1 width=8)
	  ->  Bitmap Heap Scan on sbtest7  (cost=300.03..36356.11 rows=10497 width=4)
	        Recheck Cond: ((id >= 4317764) AND (id <= 4327763))
	        ->  Bitmap Index Scan on sbtest7_pkey  (cost=0.00..297.41 rows=10497 width=0)
	              Index Cond: ((id >= 4317764) AND (id <= 4327763))

table 8 : explain SELECT SUM(k) FROM sbtest8 WHERE id BETWEEN 6339496 AND 6349495
	Aggregate  (cost=33351.76..33351.77 rows=1 width=8)
	  ->  Bitmap Heap Scan on sbtest8  (cost=266.56..33327.83 rows=9573 width=4)
	        Recheck Cond: ((id >= 6339496) AND (id <= 6349495))
	        ->  Bitmap Index Scan on sbtest8_pkey  (cost=0.00..264.17 rows=9573 width=0)
	              Index Cond: ((id >= 6339496) AND (id <= 6349495))

for: sum_ranges
table 1 : explain SELECT SUM(k) FROM sbtest1 WHERE id BETWEEN 1609113 AND 1619112
	Aggregate  (cost=34299.85..34299.86 rows=1 width=8)
	  ->  Bitmap Heap Scan on sbtest1  (cost=274.13..34275.05 rows=9921 width=4)
	        Recheck Cond: ((id >= 1609113) AND (id <= 1619112))
	        ->  Bitmap Index Scan on sbtest1_pkey  (cost=0.00..271.65 rows=9921 width=0)
	              Index Cond: ((id >= 1609113) AND (id <= 1619112))

table 2 : explain SELECT SUM(k) FROM sbtest2 WHERE id BETWEEN 2351340 AND 2361339
	Aggregate  (cost=36328.47..36328.48 rows=1 width=8)
	  ->  Bitmap Heap Scan on sbtest2  (cost=292.58..36302.10 rows=10551 width=4)
	        Recheck Cond: ((id >= 2351340) AND (id <= 2361339))
	        ->  Bitmap Index Scan on sbtest2_pkey  (cost=0.00..289.94 rows=10551 width=0)
	              Index Cond: ((id >= 2351340) AND (id <= 2361339))

table 3 : explain SELECT SUM(k) FROM sbtest3 WHERE id BETWEEN 1929971 AND 1939970
	Aggregate  (cost=34454.82..34454.83 rows=1 width=8)
	  ->  Bitmap Heap Scan on sbtest3  (cost=274.39..34429.96 rows=9947 width=4)
	        Recheck Cond: ((id >= 1929971) AND (id <= 1939970))
	        ->  Bitmap Index Scan on sbtest3_pkey  (cost=0.00..271.91 rows=9947 width=0)
	              Index Cond: ((id >= 1929971) AND (id <= 1939970))

table 4 : explain SELECT SUM(k) FROM sbtest4 WHERE id BETWEEN 8692608 AND 8702607
	Aggregate  (cost=33920.89..33920.90 rows=1 width=8)
	  ->  Bitmap Heap Scan on sbtest4  (cost=268.67..33896.45 rows=9779 width=4)
	        Recheck Cond: ((id >= 8692608) AND (id <= 8702607))
	        ->  Bitmap Index Scan on sbtest4_pkey  (cost=0.00..266.23 rows=9779 width=0)
	              Index Cond: ((id >= 8692608) AND (id <= 8702607))

table 5 : explain SELECT SUM(k) FROM sbtest5 WHERE id BETWEEN 651748 AND 661747
	Aggregate  (cost=34985.58..34985.59 rows=1 width=8)
	  ->  Bitmap Heap Scan on sbtest5  (cost=283.53..34960.43 rows=10058 width=4)
	        Recheck Cond: ((id >= 651748) AND (id <= 661747))
	        ->  Bitmap Index Scan on sbtest5_pkey  (cost=0.00..281.01 rows=10058 width=0)
	              Index Cond: ((id >= 651748) AND (id <= 661747))

table 6 : explain SELECT SUM(k) FROM sbtest6 WHERE id BETWEEN 4843440 AND 4853439
	Aggregate  (cost=33892.24..33892.25 rows=1 width=8)
	  ->  Bitmap Heap Scan on sbtest6  (cost=272.34..33867.87 rows=9747 width=4)
	        Recheck Cond: ((id >= 4843440) AND (id <= 4853439))
	        ->  Bitmap Index Scan on sbtest6_pkey  (cost=0.00..269.91 rows=9747 width=0)
	              Index Cond: ((id >= 4843440) AND (id <= 4853439))

table 7 : explain SELECT SUM(k) FROM sbtest7 WHERE id BETWEEN 7723839 AND 7733838
	Aggregate  (cost=33075.10..33075.11 rows=1 width=8)
	  ->  Bitmap Heap Scan on sbtest7  (cost=269.38..33051.45 rows=9458 width=4)
	        Recheck Cond: ((id >= 7723839) AND (id <= 7733838))
	        ->  Bitmap Index Scan on sbtest7_pkey  (cost=0.00..267.01 rows=9458 width=0)
	              Index Cond: ((id >= 7723839) AND (id <= 7733838))

table 8 : explain SELECT SUM(k) FROM sbtest8 WHERE id BETWEEN 3302172 AND 3312171
	Aggregate  (cost=32743.63..32743.64 rows=1 width=8)
	  ->  Bitmap Heap Scan on sbtest8  (cost=260.61..32720.17 rows=9383 width=4)
	        Recheck Cond: ((id >= 3302172) AND (id <= 3312171))
	        ->  Bitmap Index Scan on sbtest8_pkey  (cost=0.00..258.26 rows=9383 width=0)
	              Index Cond: ((id >= 3302172) AND (id <= 3312171))

for: sum_ranges
table 1 : explain SELECT SUM(k) FROM sbtest1 WHERE id BETWEEN 5320288 AND 5330287
	Aggregate  (cost=37783.40..37783.41 rows=1 width=8)
	  ->  Bitmap Heap Scan on sbtest1  (cost=305.57..37755.81 rows=11038 width=4)
	        Recheck Cond: ((id >= 5320288) AND (id <= 5330287))
	        ->  Bitmap Index Scan on sbtest1_pkey  (cost=0.00..302.81 rows=11038 width=0)
	              Index Cond: ((id >= 5320288) AND (id <= 5330287))

table 2 : explain SELECT SUM(k) FROM sbtest2 WHERE id BETWEEN 2886405 AND 2896404
	Aggregate  (cost=32269.14..32269.15 rows=1 width=8)
	  ->  Bitmap Heap Scan on sbtest2  (cost=255.39..32245.98 rows=9264 width=4)
	        Recheck Cond: ((id >= 2886405) AND (id <= 2896404))
	        ->  Bitmap Index Scan on sbtest2_pkey  (cost=0.00..253.07 rows=9264 width=0)
	              Index Cond: ((id >= 2886405) AND (id <= 2896404))

table 3 : explain SELECT SUM(k) FROM sbtest3 WHERE id BETWEEN 2152014 AND 2162013
	Aggregate  (cost=31013.47..31013.48 rows=1 width=8)
	  ->  Bitmap Heap Scan on sbtest3  (cost=243.31..30991.31 rows=8866 width=4)
	        Recheck Cond: ((id >= 2152014) AND (id <= 2162013))
	        ->  Bitmap Index Scan on sbtest3_pkey  (cost=0.00..241.09 rows=8866 width=0)
	              Index Cond: ((id >= 2152014) AND (id <= 2162013))

table 4 : explain SELECT SUM(k) FROM sbtest4 WHERE id BETWEEN 6349914 AND 6359913
	Aggregate  (cost=35364.92..35364.93 rows=1 width=8)
	  ->  Bitmap Heap Scan on sbtest4  (cost=281.37..35339.32 rows=10238 width=4)
	        Recheck Cond: ((id >= 6349914) AND (id <= 6359913))
	        ->  Bitmap Index Scan on sbtest4_pkey  (cost=0.00..278.81 rows=10238 width=0)
	              Index Cond: ((id >= 6349914) AND (id <= 6359913))

table 5 : explain SELECT SUM(k) FROM sbtest5 WHERE id BETWEEN 4020736 AND 4030735
	Aggregate  (cost=34143.89..34143.90 rows=1 width=8)
	  ->  Bitmap Heap Scan on sbtest5  (cost=276.82..34119.40 rows=9794 width=4)
	        Recheck Cond: ((id >= 4020736) AND (id <= 4030735))
	        ->  Bitmap Index Scan on sbtest5_pkey  (cost=0.00..274.38 rows=9794 width=0)
	              Index Cond: ((id >= 4020736) AND (id <= 4030735))

table 6 : explain SELECT SUM(k) FROM sbtest6 WHERE id BETWEEN 3279921 AND 3289920
	Aggregate  (cost=35800.66..35800.67 rows=1 width=8)
	  ->  Bitmap Heap Scan on sbtest6  (cost=290.52..35774.78 rows=10350 width=4)
	        Recheck Cond: ((id >= 3279921) AND (id <= 3289920))
	        ->  Bitmap Index Scan on sbtest6_pkey  (cost=0.00..287.94 rows=10350 width=0)
	              Index Cond: ((id >= 3279921) AND (id <= 3289920))

table 7 : explain SELECT SUM(k) FROM sbtest7 WHERE id BETWEEN 5143157 AND 5153156
	Aggregate  (cost=35433.61..35433.62 rows=1 width=8)
	  ->  Bitmap Heap Scan on sbtest7  (cost=288.96..35408.12 rows=10198 width=4)
	        Recheck Cond: ((id >= 5143157) AND (id <= 5153156))
	        ->  Bitmap Index Scan on sbtest7_pkey  (cost=0.00..286.42 rows=10198 width=0)
	              Index Cond: ((id >= 5143157) AND (id <= 5153156))

table 8 : explain SELECT SUM(k) FROM sbtest8 WHERE id BETWEEN 5197198 AND 5207197
	Aggregate  (cost=33948.78..33948.79 rows=1 width=8)
	  ->  Bitmap Heap Scan on sbtest8  (cost=272.49..33924.37 rows=9761 width=4)
	        Recheck Cond: ((id >= 5197198) AND (id <= 5207197))
	        ->  Bitmap Index Scan on sbtest8_pkey  (cost=0.00..270.05 rows=9761 width=0)
	              Index Cond: ((id >= 5197198) AND (id <= 5207197))

for: sum_ranges
table 1 : explain SELECT SUM(k) FROM sbtest1 WHERE id BETWEEN 2903682 AND 2913681
	Aggregate  (cost=35358.25..35358.26 rows=1 width=8)
	  ->  Bitmap Heap Scan on sbtest1  (cost=285.58..35332.60 rows=10258 width=4)
	        Recheck Cond: ((id >= 2903682) AND (id <= 2913681))
	        ->  Bitmap Index Scan on sbtest1_pkey  (cost=0.00..283.01 rows=10258 width=0)
	              Index Cond: ((id >= 2903682) AND (id <= 2913681))

table 2 : explain SELECT SUM(k) FROM sbtest2 WHERE id BETWEEN 5740202 AND 5750201
	Aggregate  (cost=33811.97..33811.98 rows=1 width=8)
	  ->  Bitmap Heap Scan on sbtest2  (cost=268.37..33787.59 rows=9750 width=4)
	        Recheck Cond: ((id >= 5740202) AND (id <= 5750201))
	        ->  Bitmap Index Scan on sbtest2_pkey  (cost=0.00..265.94 rows=9750 width=0)
	              Index Cond: ((id >= 5740202) AND (id <= 5750201))

table 3 : explain SELECT SUM(k) FROM sbtest3 WHERE id BETWEEN 1096968 AND 1106967
	Aggregate  (cost=34952.83..34952.84 rows=1 width=8)
	  ->  Bitmap Heap Scan on sbtest3  (cost=276.02..34927.56 rows=10106 width=4)
	        Recheck Cond: ((id >= 1096968) AND (id <= 1106967))
	        ->  Bitmap Index Scan on sbtest3_pkey  (cost=0.00..273.50 rows=10106 width=0)
	              Index Cond: ((id >= 1096968) AND (id <= 1106967))

table 4 : explain SELECT SUM(k) FROM sbtest4 WHERE id BETWEEN 7847394 AND 7857393
	Aggregate  (cost=33195.92..33195.93 rows=1 width=8)
	  ->  Bitmap Heap Scan on sbtest4  (cost=262.33..33172.04 rows=9551 width=4)
	        Recheck Cond: ((id >= 7847394) AND (id <= 7857393))
	        ->  Bitmap Index Scan on sbtest4_pkey  (cost=0.00..259.94 rows=9551 width=0)
	              Index Cond: ((id >= 7847394) AND (id <= 7857393))

table 5 : explain SELECT SUM(k) FROM sbtest5 WHERE id BETWEEN 628317 AND 638316
	Aggregate  (cost=34238.52..34238.53 rows=1 width=8)
	  ->  Bitmap Heap Scan on sbtest5  (cost=277.12..34213.97 rows=9823 width=4)
	        Recheck Cond: ((id >= 628317) AND (id <= 638316))
	        ->  Bitmap Index Scan on sbtest5_pkey  (cost=0.00..274.67 rows=9823 width=0)
	              Index Cond: ((id >= 628317) AND (id <= 638316))

table 6 : explain SELECT SUM(k) FROM sbtest6 WHERE id BETWEEN 9962477 AND 9972476
	Aggregate  (cost=33866.22..33866.23 rows=1 width=8)
	  ->  Bitmap Heap Scan on sbtest6  (cost=272.26..33841.87 rows=9739 width=4)
	        Recheck Cond: ((id >= 9962477) AND (id <= 9972476))
	        ->  Bitmap Index Scan on sbtest6_pkey  (cost=0.00..269.82 rows=9739 width=0)
	              Index Cond: ((id >= 9962477) AND (id <= 9972476))

table 7 : explain SELECT SUM(k) FROM sbtest7 WHERE id BETWEEN 4319504 AND 4329503
	Aggregate  (cost=36382.35..36382.36 rows=1 width=8)
	  ->  Bitmap Heap Scan on sbtest7  (cost=300.03..36356.11 rows=10497 width=4)
	        Recheck Cond: ((id >= 4319504) AND (id <= 4329503))
	        ->  Bitmap Index Scan on sbtest7_pkey  (cost=0.00..297.41 rows=10497 width=0)
	              Index Cond: ((id >= 4319504) AND (id <= 4329503))

table 8 : explain SELECT SUM(k) FROM sbtest8 WHERE id BETWEEN 1697902 AND 1707901
	Aggregate  (cost=35028.60..35028.61 rows=1 width=8)
	  ->  Bitmap Heap Scan on sbtest8  (cost=283.97..35003.35 rows=10101 width=4)
	        Recheck Cond: ((id >= 1697902) AND (id <= 1707901))
	        ->  Bitmap Index Scan on sbtest8_pkey  (cost=0.00..281.44 rows=10101 width=0)
	              Index Cond: ((id >= 1697902) AND (id <= 1707901))

for: distinct_ranges
table 1 : explain SELECT DISTINCT c FROM sbtest1 WHERE id BETWEEN 7520153 AND 7530152 ORDER BY c
	Unique  (cost=29087.70..29128.34 rows=8127 width=121)
	  ->  Sort  (cost=29087.70..29108.02 rows=8127 width=121)
	        Sort Key: c
	        ->  Bitmap Heap Scan on sbtest1  (cost=227.74..28559.91 rows=8127 width=121)
	              Recheck Cond: ((id >= 7520153) AND (id <= 7530152))
	              ->  Bitmap Index Scan on sbtest1_pkey  (cost=0.00..225.70 rows=8127 width=0)
	                    Index Cond: ((id >= 7520153) AND (id <= 7530152))

table 2 : explain SELECT DISTINCT c FROM sbtest2 WHERE id BETWEEN 5744799 AND 5754798 ORDER BY c
	Unique  (cost=34433.59..34482.34 rows=9750 width=121)
	  ->  Sort  (cost=34433.59..34457.96 rows=9750 width=121)
	        Sort Key: c
	        ->  Bitmap Heap Scan on sbtest2  (cost=268.37..33787.59 rows=9750 width=121)
	              Recheck Cond: ((id >= 5744799) AND (id <= 5754798))
	              ->  Bitmap Index Scan on sbtest2_pkey  (cost=0.00..265.94 rows=9750 width=0)
	                    Index Cond: ((id >= 5744799) AND (id <= 5754798))

table 3 : explain SELECT DISTINCT c FROM sbtest3 WHERE id BETWEEN 6274310 AND 6284309 ORDER BY c
	Unique  (cost=36656.59..36708.77 rows=10435 width=121)
	  ->  Sort  (cost=36656.59..36682.68 rows=10435 width=121)
	        Sort Key: c
	        ->  Bitmap Heap Scan on sbtest3  (cost=287.39..35960.10 rows=10435 width=121)
	              Recheck Cond: ((id >= 6274310) AND (id <= 6284309))
	              ->  Bitmap Index Scan on sbtest3_pkey  (cost=0.00..284.79 rows=10435 width=0)
	                    Index Cond: ((id >= 6274310) AND (id <= 6284309))

table 4 : explain SELECT DISTINCT c FROM sbtest4 WHERE id BETWEEN 6695502 AND 6705501 ORDER BY c
	Unique  (cost=31534.26..31578.54 rows=8855 width=121)
	  ->  Sort  (cost=31534.26..31556.40 rows=8855 width=121)
	        Sort Key: c
	        ->  Bitmap Heap Scan on sbtest4  (cost=243.20..30953.72 rows=8855 width=121)
	              Recheck Cond: ((id >= 6695502) AND (id <= 6705501))
	              ->  Bitmap Index Scan on sbtest4_pkey  (cost=0.00..240.99 rows=8855 width=0)
	                    Index Cond: ((id >= 6695502) AND (id <= 6705501))

table 5 : explain SELECT DISTINCT c FROM sbtest5 WHERE id BETWEEN 5335528 AND 5345527 ORDER BY c
	Unique  (cost=38885.86..38941.20 rows=11067 width=121)
	  ->  Sort  (cost=38885.86..38913.53 rows=11067 width=121)
	        Sort Key: c
	        ->  Bitmap Heap Scan on sbtest5  (cost=313.87..38142.50 rows=11067 width=121)
	              Recheck Cond: ((id >= 5335528) AND (id <= 5345527))
	              ->  Bitmap Index Scan on sbtest5_pkey  (cost=0.00..311.11 rows=11067 width=0)
	                    Index Cond: ((id >= 5335528) AND (id <= 5345527))

table 6 : explain SELECT DISTINCT c FROM sbtest6 WHERE id BETWEEN 5620361 AND 5630360 ORDER BY c
	Unique  (cost=32398.75..32444.24 rows=9098 width=121)
	  ->  Sort  (cost=32398.75..32421.49 rows=9098 width=121)
	        Sort Key: c
	        ->  Bitmap Heap Scan on sbtest6  (cost=257.69..31800.49 rows=9098 width=121)
	              Recheck Cond: ((id >= 5620361) AND (id <= 5630360))
	              ->  Bitmap Index Scan on sbtest6_pkey  (cost=0.00..255.42 rows=9098 width=0)
	                    Index Cond: ((id >= 5620361) AND (id <= 5630360))

table 7 : explain SELECT DISTINCT c FROM sbtest7 WHERE id BETWEEN 6751904 AND 6761903 ORDER BY c
	Unique  (cost=34683.49..34732.32 rows=9767 width=121)
	  ->  Sort  (cost=34683.49..34707.91 rows=9767 width=121)
	        Sort Key: c
	        ->  Bitmap Heap Scan on sbtest7  (cost=276.55..34036.25 rows=9767 width=121)
	              Recheck Cond: ((id >= 6751904) AND (id <= 6761903))
	              ->  Bitmap Index Scan on sbtest7_pkey  (cost=0.00..274.11 rows=9767 width=0)
	                    Index Cond: ((id >= 6751904) AND (id <= 6761903))

table 8 : explain SELECT DISTINCT c FROM sbtest8 WHERE id BETWEEN 5667764 AND 5677763 ORDER BY c
	Unique  (cost=33914.18..33961.98 rows=9559 width=121)
	  ->  Sort  (cost=33914.18..33938.08 rows=9559 width=121)
	        Sort Key: c
	        ->  Bitmap Heap Scan on sbtest8  (cost=266.41..33282.21 rows=9559 width=121)
	              Recheck Cond: ((id >= 5667764) AND (id <= 5677763))
	              ->  Bitmap Index Scan on sbtest8_pkey  (cost=0.00..264.03 rows=9559 width=0)
	                    Index Cond: ((id >= 5667764) AND (id <= 5677763))

for: order_ranges
table 1 : explain SELECT c FROM sbtest1 WHERE id BETWEEN 7647399 AND 7657398 ORDER BY c
	Sort  (cost=34864.34..34889.09 rows=9900 width=121)
	  Sort Key: c
	  ->  Bitmap Heap Scan on sbtest1  (cost=273.91..34207.31 rows=9900 width=121)
	        Recheck Cond: ((id >= 7647399) AND (id <= 7657398))
	        ->  Bitmap Index Scan on sbtest1_pkey  (cost=0.00..271.44 rows=9900 width=0)
	              Index Cond: ((id >= 7647399) AND (id <= 7657398))

table 2 : explain SELECT c FROM sbtest2 WHERE id BETWEEN 310548 AND 320547 ORDER BY c
	Sort  (cost=31990.80..32013.29 rows=8999 width=121)
	  Sort Key: c
	  ->  Bitmap Heap Scan on sbtest2  (cost=248.67..31399.76 rows=8999 width=121)
	        Recheck Cond: ((id >= 310548) AND (id <= 320547))
	        ->  Bitmap Index Scan on sbtest2_pkey  (cost=0.00..246.43 rows=8999 width=0)
	              Index Cond: ((id >= 310548) AND (id <= 320547))

table 3 : explain SELECT c FROM sbtest3 WHERE id BETWEEN 7823615 AND 7833614 ORDER BY c
	Sort  (cost=35338.66..35363.72 rows=10025 width=121)
	  Sort Key: c
	  ->  Bitmap Heap Scan on sbtest3  (cost=275.19..34672.43 rows=10025 width=121)
	        Recheck Cond: ((id >= 7823615) AND (id <= 7833614))
	        ->  Bitmap Index Scan on sbtest3_pkey  (cost=0.00..272.69 rows=10025 width=0)
	              Index Cond: ((id >= 7823615) AND (id <= 7833614))

table 4 : explain SELECT c FROM sbtest4 WHERE id BETWEEN 9956799 AND 9966798 ORDER BY c
	Sort  (cost=38004.99..38032.14 rows=10859 width=121)
	  Sort Key: c
	  ->  Bitmap Heap Scan on sbtest4  (cost=295.74..37277.08 rows=10859 width=121)
	        Recheck Cond: ((id >= 9956799) AND (id <= 9966798))
	        ->  Bitmap Index Scan on sbtest4_pkey  (cost=0.00..293.03 rows=10859 width=0)
	              Index Cond: ((id >= 9956799) AND (id <= 9966798))

table 5 : explain SELECT c FROM sbtest5 WHERE id BETWEEN 5468193 AND 5478192 ORDER BY c
	Sort  (cost=31968.83..31991.18 rows=8940 width=121)
	  Sort Key: c
	  ->  Bitmap Heap Scan on sbtest5  (cost=252.07..31382.09 rows=8940 width=121)
	        Recheck Cond: ((id >= 5468193) AND (id <= 5478192))
	        ->  Bitmap Index Scan on sbtest5_pkey  (cost=0.00..249.84 rows=8940 width=0)
	              Index Cond: ((id >= 5468193) AND (id <= 5478192))

table 6 : explain SELECT c FROM sbtest6 WHERE id BETWEEN 1071059 AND 1081058 ORDER BY c
	Sort  (cost=34840.14..34864.76 rows=9847 width=121)
	  Sort Key: c
	  ->  Bitmap Heap Scan on sbtest6  (cost=277.37..34187.01 rows=9847 width=121)
	        Recheck Cond: ((id >= 1071059) AND (id <= 1081058))
	        ->  Bitmap Index Scan on sbtest6_pkey  (cost=0.00..274.91 rows=9847 width=0)
	              Index Cond: ((id >= 1071059) AND (id <= 1081058))

table 7 : explain SELECT c FROM sbtest7 WHERE id BETWEEN 3716205 AND 3726204 ORDER BY c
	Sort  (cost=36186.78..36212.35 rows=10229 width=121)
	  Sort Key: c
	  ->  Bitmap Heap Scan on sbtest7  (cost=289.28..35505.51 rows=10229 width=121)
	        Recheck Cond: ((id >= 3716205) AND (id <= 3726204))
	        ->  Bitmap Index Scan on sbtest7_pkey  (cost=0.00..286.73 rows=10229 width=0)
	              Index Cond: ((id >= 3716205) AND (id <= 3726204))

table 8 : explain SELECT c FROM sbtest8 WHERE id BETWEEN 7319651 AND 7329650 ORDER BY c
	Sort  (cost=37932.49..37959.50 rows=10803 width=121)
	  Sort Key: c
	  ->  Bitmap Heap Scan on sbtest8  (cost=303.17..37208.74 rows=10803 width=121)
	        Recheck Cond: ((id >= 7319651) AND (id <= 7329650))
	        ->  Bitmap Index Scan on sbtest8_pkey  (cost=0.00..300.46 rows=10803 width=0)
	              Index Cond: ((id >= 7319651) AND (id <= 7329650))

for: distinct_ranges
table 1 : explain SELECT DISTINCT c FROM sbtest1 WHERE id BETWEEN 7889213 AND 7899212 ORDER BY c
	Unique  (cost=35989.73..36040.98 rows=10250 width=121)
	  ->  Sort  (cost=35989.73..36015.35 rows=10250 width=121)
	        Sort Key: c
	        ->  Bitmap Heap Scan on sbtest1  (cost=285.50..35306.91 rows=10250 width=121)
	              Recheck Cond: ((id >= 7889213) AND (id <= 7899212))
	              ->  Bitmap Index Scan on sbtest1_pkey  (cost=0.00..282.94 rows=10250 width=0)
	                    Index Cond: ((id >= 7889213) AND (id <= 7899212))

table 2 : explain SELECT DISTINCT c FROM sbtest2 WHERE id BETWEEN 3743463 AND 3753462 ORDER BY c
	Unique  (cost=35675.43..35726.11 rows=10135 width=121)
	  ->  Sort  (cost=35675.43..35700.77 rows=10135 width=121)
	        Sort Key: c
	        ->  Bitmap Heap Scan on sbtest2  (cost=280.32..35001.10 rows=10135 width=121)
	              Recheck Cond: ((id >= 3743463) AND (id <= 3753462))
	              ->  Bitmap Index Scan on sbtest2_pkey  (cost=0.00..277.79 rows=10135 width=0)
	                    Index Cond: ((id >= 3743463) AND (id <= 3753462))

table 3 : explain SELECT DISTINCT c FROM sbtest3 WHERE id BETWEEN 7699526 AND 7709525 ORDER BY c
	Unique  (cost=36574.27..36626.31 rows=10409 width=121)
	  ->  Sort  (cost=36574.27..36600.29 rows=10409 width=121)
	        Sort Key: c
	        ->  Bitmap Heap Scan on sbtest3  (cost=287.13..35879.70 rows=10409 width=121)
	              Recheck Cond: ((id >= 7699526) AND (id <= 7709525))
	              ->  Bitmap Index Scan on sbtest3_pkey  (cost=0.00..284.53 rows=10409 width=0)
	                    Index Cond: ((id >= 7699526) AND (id <= 7709525))

table 4 : explain SELECT DISTINCT c FROM sbtest4 WHERE id BETWEEN 8174132 AND 8184131 ORDER BY c
	Unique  (cost=34092.51..34140.71 rows=9640 width=121)
	  ->  Sort  (cost=34092.51..34116.61 rows=9640 width=121)
	        Sort Key: c
	        ->  Bitmap Heap Scan on sbtest4  (cost=263.25..33454.60 rows=9640 width=121)
	              Recheck Cond: ((id >= 8174132) AND (id <= 8184131))
	              ->  Bitmap Index Scan on sbtest4_pkey  (cost=0.00..260.83 rows=9640 width=0)
	                    Index Cond: ((id >= 8174132) AND (id <= 8184131))

table 5 : explain SELECT DISTINCT c FROM sbtest5 WHERE id BETWEEN 5871802 AND 5881801 ORDER BY c
	Unique  (cost=35232.86..35282.54 rows=9936 width=121)
	  ->  Sort  (cost=35232.86..35257.70 rows=9936 width=121)
	        Sort Key: c
	        ->  Bitmap Heap Scan on sbtest5  (cost=282.28..34573.19 rows=9936 width=121)
	              Recheck Cond: ((id >= 5871802) AND (id <= 5881801))
	              ->  Bitmap Index Scan on sbtest5_pkey  (cost=0.00..279.80 rows=9936 width=0)
	                    Index Cond: ((id >= 5871802) AND (id <= 5881801))

table 6 : explain SELECT DISTINCT c FROM sbtest6 WHERE id BETWEEN 3136219 AND 3146218 ORDER BY c
	Unique  (cost=33092.26..33138.80 rows=9309 width=121)
	  ->  Sort  (cost=33092.26..33115.53 rows=9309 width=121)
	        Sort Key: c
	        ->  Bitmap Heap Scan on sbtest6  (cost=263.85..32478.59 rows=9309 width=121)
	              Recheck Cond: ((id >= 3136219) AND (id <= 3146218))
	              ->  Bitmap Index Scan on sbtest6_pkey  (cost=0.00..261.53 rows=9309 width=0)
	                    Index Cond: ((id >= 3136219) AND (id <= 3146218))

table 7 : explain SELECT DISTINCT c FROM sbtest7 WHERE id BETWEEN 4694842 AND 4704841 ORDER BY c
	Unique  (cost=37921.16..37974.99 rows=10766 width=121)
	  ->  Sort  (cost=37921.16..37948.07 rows=10766 width=121)
	        Sort Key: c
	        ->  Bitmap Heap Scan on sbtest7  (cost=306.79..37200.15 rows=10766 width=121)
	              Recheck Cond: ((id >= 4694842) AND (id <= 4704841))
	              ->  Bitmap Index Scan on sbtest7_pkey  (cost=0.00..304.09 rows=10766 width=0)
	                    Index Cond: ((id >= 4694842) AND (id <= 4704841))

table 8 : explain SELECT DISTINCT c FROM sbtest8 WHERE id BETWEEN 5178877 AND 5188876 ORDER BY c
	Unique  (cost=34571.18..34619.98 rows=9761 width=121)
	  ->  Sort  (cost=34571.18..34595.58 rows=9761 width=121)
	        Sort Key: c
	        ->  Bitmap Heap Scan on sbtest8  (cost=272.49..33924.37 rows=9761 width=121)
	              Recheck Cond: ((id >= 5178877) AND (id <= 5188876))
	              ->  Bitmap Index Scan on sbtest8_pkey  (cost=0.00..270.05 rows=9761 width=0)
	                    Index Cond: ((id >= 5178877) AND (id <= 5188876))

for: distinct_ranges
table 1 : explain SELECT DISTINCT c FROM sbtest1 WHERE id BETWEEN 5735116 AND 5745115 ORDER BY c
	Unique  (cost=34854.44..34903.92 rows=9897 width=121)
	  ->  Sort  (cost=34854.44..34879.18 rows=9897 width=121)
	        Sort Key: c
	        ->  Bitmap Heap Scan on sbtest1  (cost=273.88..34197.63 rows=9897 width=121)
	              Recheck Cond: ((id >= 5735116) AND (id <= 5745115))
	              ->  Bitmap Index Scan on sbtest1_pkey  (cost=0.00..271.41 rows=9897 width=0)
	                    Index Cond: ((id >= 5735116) AND (id <= 5745115))

table 2 : explain SELECT DISTINCT c FROM sbtest2 WHERE id BETWEEN 5234828 AND 5244827 ORDER BY c
	Unique  (cost=35232.14..35282.13 rows=9998 width=121)
	  ->  Sort  (cost=35232.14..35257.14 rows=9998 width=121)
	        Sort Key: c
	        ->  Bitmap Heap Scan on sbtest2  (cost=274.91..34567.91 rows=9998 width=121)
	              Recheck Cond: ((id >= 5234828) AND (id <= 5244827))
	              ->  Bitmap Index Scan on sbtest2_pkey  (cost=0.00..272.42 rows=9998 width=0)
	                    Index Cond: ((id >= 5234828) AND (id <= 5244827))

table 3 : explain SELECT DISTINCT c FROM sbtest3 WHERE id BETWEEN 5446848 AND 5456847 ORDER BY c
	Unique  (cost=31048.52..31092.05 rows=8707 width=121)
	  ->  Sort  (cost=31048.52..31070.29 rows=8707 width=121)
	        Sort Key: c
	        ->  Bitmap Heap Scan on sbtest3  (cost=237.68..30478.74 rows=8707 width=121)
	              Recheck Cond: ((id >= 5446848) AND (id <= 5456847))
	              ->  Bitmap Index Scan on sbtest3_pkey  (cost=0.00..235.50 rows=8707 width=0)
	                    Index Cond: ((id >= 5446848) AND (id <= 5456847))

table 4 : explain SELECT DISTINCT c FROM sbtest4 WHERE id BETWEEN 3241854 AND 3251853 ORDER BY c
	Unique  (cost=36156.45..36207.85 rows=10280 width=121)
	  ->  Sort  (cost=36156.45..36182.15 rows=10280 width=121)
	        Sort Key: c
	        ->  Bitmap Heap Scan on sbtest4  (cost=281.81..35471.41 rows=10280 width=121)
	              Recheck Cond: ((id >= 3241854) AND (id <= 3251853))
	              ->  Bitmap Index Scan on sbtest4_pkey  (cost=0.00..279.24 rows=10280 width=0)
	                    Index Cond: ((id >= 3241854) AND (id <= 3251853))

table 5 : explain SELECT DISTINCT c FROM sbtest5 WHERE id BETWEEN 1626997 AND 1636996 ORDER BY c
	Unique  (cost=34096.30..34144.24 rows=9588 width=121)
	  ->  Sort  (cost=34096.30..34120.27 rows=9588 width=121)
	        Sort Key: c
	        ->  Bitmap Heap Scan on sbtest5  (cost=270.71..33462.20 rows=9588 width=121)
	              Recheck Cond: ((id >= 1626997) AND (id <= 1636996))
	              ->  Bitmap Index Scan on sbtest5_pkey  (cost=0.00..268.31 rows=9588 width=0)
	                    Index Cond: ((id >= 1626997) AND (id <= 1636996))

table 6 : explain SELECT DISTINCT c FROM sbtest6 WHERE id BETWEEN 9848620 AND 9858619 ORDER BY c
	Unique  (cost=36733.22..36785.38 rows=10433 width=121)
	  ->  Sort  (cost=36733.22..36759.30 rows=10433 width=121)
	        Sort Key: c
	        ->  Bitmap Heap Scan on sbtest6  (cost=295.37..36036.88 rows=10433 width=121)
	              Recheck Cond: ((id >= 9848620) AND (id <= 9858619))
	              ->  Bitmap Index Scan on sbtest6_pkey  (cost=0.00..292.76 rows=10433 width=0)
	                    Index Cond: ((id >= 9848620) AND (id <= 9858619))

table 7 : explain SELECT DISTINCT c FROM sbtest7 WHERE id BETWEEN 6751219 AND 6761218 ORDER BY c
	Unique  (cost=34663.47..34712.28 rows=9761 width=121)
	  ->  Sort  (cost=34663.47..34687.88 rows=9761 width=121)
	        Sort Key: c
	        ->  Bitmap Heap Scan on sbtest7  (cost=276.49..34016.67 rows=9761 width=121)
	              Recheck Cond: ((id >= 6751219) AND (id <= 6761218))
	              ->  Bitmap Index Scan on sbtest7_pkey  (cost=0.00..274.05 rows=9761 width=0)
	                    Index Cond: ((id >= 6751219) AND (id <= 6761218))

table 8 : explain SELECT DISTINCT c FROM sbtest8 WHERE id BETWEEN 453674 AND 463673 ORDER BY c
	Unique  (cost=37843.66..37897.54 rows=10775 width=121)
	  ->  Sort  (cost=37843.66..37870.60 rows=10775 width=121)
	        Sort Key: c
	        ->  Bitmap Heap Scan on sbtest8  (cost=302.88..37121.99 rows=10775 width=121)
	              Recheck Cond: ((id >= 453674) AND (id <= 463673))
	              ->  Bitmap Index Scan on sbtest8_pkey  (cost=0.00..300.19 rows=10775 width=0)
	                    Index Cond: ((id >= 453674) AND (id <= 463673))

for: sum_ranges
table 1 : explain SELECT SUM(k) FROM sbtest1 WHERE id BETWEEN 803460 AND 813459
	Aggregate  (cost=35708.50..35708.51 rows=1 width=8)
	  ->  Bitmap Heap Scan on sbtest1  (cost=286.74..35682.58 rows=10371 width=4)
	        Recheck Cond: ((id >= 803460) AND (id <= 813459))
	        ->  Bitmap Index Scan on sbtest1_pkey  (cost=0.00..284.15 rows=10371 width=0)
	              Index Cond: ((id >= 803460) AND (id <= 813459))

table 2 : explain SELECT SUM(k) FROM sbtest2 WHERE id BETWEEN 1932860 AND 1942859
	Aggregate  (cost=35935.66..35935.67 rows=1 width=8)
	  ->  Bitmap Heap Scan on sbtest2  (cost=287.30..35909.59 rows=10426 width=4)
	        Recheck Cond: ((id >= 1932860) AND (id <= 1942859))
	        ->  Bitmap Index Scan on sbtest2_pkey  (cost=0.00..284.69 rows=10426 width=0)
	              Index Cond: ((id >= 1932860) AND (id <= 1942859))

table 3 : explain SELECT SUM(k) FROM sbtest3 WHERE id BETWEEN 5263148 AND 5273147
	Aggregate  (cost=34253.33..34253.34 rows=1 width=8)
	  ->  Bitmap Heap Scan on sbtest3  (cost=269.76..34228.61 rows=9885 width=4)
	        Recheck Cond: ((id >= 5263148) AND (id <= 5273147))
	        ->  Bitmap Index Scan on sbtest3_pkey  (cost=0.00..267.29 rows=9885 width=0)
	              Index Cond: ((id >= 5263148) AND (id <= 5273147))

table 4 : explain SELECT SUM(k) FROM sbtest4 WHERE id BETWEEN 4512857 AND 4522856
	Aggregate  (cost=34410.16..34410.17 rows=1 width=8)
	  ->  Bitmap Heap Scan on sbtest4  (cost=270.27..34385.32 rows=9935 width=4)
	        Recheck Cond: ((id >= 4512857) AND (id <= 4522856))
	        ->  Bitmap Index Scan on sbtest4_pkey  (cost=0.00..267.79 rows=9935 width=0)
	              Index Cond: ((id >= 4512857) AND (id <= 4522856))

table 5 : explain SELECT SUM(k) FROM sbtest5 WHERE id BETWEEN 5470755 AND 5480754
	Aggregate  (cost=32011.31..32011.32 rows=1 width=8)
	  ->  Bitmap Heap Scan on sbtest5  (cost=258.00..31988.49 rows=9128 width=4)
	        Recheck Cond: ((id >= 5470755) AND (id <= 5480754))
	        ->  Bitmap Index Scan on sbtest5_pkey  (cost=0.00..255.72 rows=9128 width=0)
	              Index Cond: ((id >= 5470755) AND (id <= 5480754))

table 6 : explain SELECT SUM(k) FROM sbtest6 WHERE id BETWEEN 8224267 AND 8234266
	Aggregate  (cost=36594.89..36594.90 rows=1 width=8)
	  ->  Bitmap Heap Scan on sbtest6  (cost=297.12..36568.38 rows=10603 width=4)
	        Recheck Cond: ((id >= 8224267) AND (id <= 8234266))
	        ->  Bitmap Index Scan on sbtest6_pkey  (cost=0.00..294.46 rows=10603 width=0)
	              Index Cond: ((id >= 8224267) AND (id <= 8234266))

table 7 : explain SELECT SUM(k) FROM sbtest7 WHERE id BETWEEN 3844651 AND 3854650
	Aggregate  (cost=34936.00..34936.01 rows=1 width=8)
	  ->  Bitmap Heap Scan on sbtest7  (cost=287.36..34910.90 rows=10041 width=4)
	        Recheck Cond: ((id >= 3844651) AND (id <= 3854650))
	        ->  Bitmap Index Scan on sbtest7_pkey  (cost=0.00..284.84 rows=10041 width=0)
	              Index Cond: ((id >= 3844651) AND (id <= 3854650))

table 8 : explain SELECT SUM(k) FROM sbtest8 WHERE id BETWEEN 6782182 AND 6792181
	Aggregate  (cost=36520.30..36520.31 rows=1 width=8)
	  ->  Bitmap Heap Scan on sbtest8  (cost=296.83..36493.86 rows=10575 width=4)
	        Recheck Cond: ((id >= 6782182) AND (id <= 6792181))
	        ->  Bitmap Index Scan on sbtest8_pkey  (cost=0.00..294.19 rows=10575 width=0)
	              Index Cond: ((id >= 6782182) AND (id <= 6792181))

explain: for point_selects :: explain SELECT c FROM sbtest%u WHERE id=%uexplain: for point_selects :: explain SELECT c FROM sbtest%u WHERE id=%u

explain: for point_selects :: explain SELECT c FROM sbtest%u WHERE id=%u
explain: for point_selects :: explain SELECT c FROM sbtest%u WHERE id=%u
explain: for point_selects :: explain SELECT c FROM sbtest%u WHERE id=%u
for: order_ranges
table 1 : explain SELECT c FROM sbtest1 WHERE id BETWEEN 5223313 AND 5233312 ORDER BY c
	Sort  (cost=34619.75..34644.31 rows=9823 width=121)
	  Sort Key: c
	  ->  Bitmap Heap Scan on sbtest1  (cost=273.12..33968.39 rows=9823 width=121)
	        Recheck Cond: ((id >= 5223313) AND (id <= 5233312))
	        ->  Bitmap Index Scan on sbtest1_pkey  (cost=0.00..270.67 rows=9823 width=0)
	              Index Cond: ((id >= 5223313) AND (id <= 5233312))

table 2 : explain SELECT c FROM sbtest2 WHERE id BETWEEN 1888613 AND 1898612 ORDER BY c
	Sort  (cost=35879.99..35905.49 rows=10199 width=121)
	  Sort Key: c
	  ->  Bitmap Heap Scan on sbtest2  (cost=280.97..35200.93 rows=10199 width=121)
	        Recheck Cond: ((id >= 1888613) AND (id <= 1898612))
	        ->  Bitmap Index Scan on sbtest2_pkey  (cost=0.00..278.43 rows=10199 width=0)
	              Index Cond: ((id >= 1888613) AND (id <= 1898612))

table 3 : explain SELECT c FROM sbtest3 WHERE id BETWEEN 5093885 AND 5103884 ORDER BY c
	Sort  (cost=35510.62..35535.82 rows=10079 width=121)
	  Sort Key: c
	  ->  Bitmap Heap Scan on sbtest3  (cost=275.74..34840.41 rows=10079 width=121)
	        Recheck Cond: ((id >= 5093885) AND (id <= 5103884))
	        ->  Bitmap Index Scan on sbtest3_pkey  (cost=0.00..273.23 rows=10079 width=0)
	              Index Cond: ((id >= 5093885) AND (id <= 5103884))

table 4 : explain SELECT c FROM sbtest4 WHERE id BETWEEN 1501615 AND 1511614 ORDER BY c
	Sort  (cost=34481.61..34506.01 rows=9760 width=121)
	  Sort Key: c
	  ->  Bitmap Heap Scan on sbtest4  (cost=268.48..33834.88 rows=9760 width=121)
	        Recheck Cond: ((id >= 1501615) AND (id <= 1511614))
	        ->  Bitmap Index Scan on sbtest4_pkey  (cost=0.00..266.04 rows=9760 width=0)
	              Index Cond: ((id >= 1501615) AND (id <= 1511614))

table 5 : explain SELECT c FROM sbtest5 WHERE id BETWEEN 2971822 AND 2981821 ORDER BY c
	Sort  (cost=37915.23..37942.14 rows=10766 width=121)
	  Sort Key: c
	  ->  Bitmap Heap Scan on sbtest5  (cost=302.79..37194.22 rows=10766 width=121)
	        Recheck Cond: ((id >= 2971822) AND (id <= 2981821))
	        ->  Bitmap Index Scan on sbtest5_pkey  (cost=0.00..300.09 rows=10766 width=0)
	              Index Cond: ((id >= 2971822) AND (id <= 2981821))

table 6 : explain SELECT c FROM sbtest6 WHERE id BETWEEN 8778012 AND 8788011 ORDER BY c
	Sort  (cost=35746.54..35771.86 rows=10128 width=121)
	  Sort Key: c
	  ->  Bitmap Heap Scan on sbtest6  (cost=284.25..35072.72 rows=10128 width=121)
	        Recheck Cond: ((id >= 8778012) AND (id <= 8788011))
	        ->  Bitmap Index Scan on sbtest6_pkey  (cost=0.00..281.71 rows=10128 width=0)
	              Index Cond: ((id >= 8778012) AND (id <= 8788011))

table 7 : explain SELECT c FROM sbtest7 WHERE id BETWEEN 9064286 AND 9074285 ORDER BY c
	Sort  (cost=36247.29..36272.91 rows=10247 width=121)
	  Sort Key: c
	  ->  Bitmap Heap Scan on sbtest7  (cost=293.47..35564.70 rows=10247 width=121)
	        Recheck Cond: ((id >= 9064286) AND (id <= 9074285))
	        ->  Bitmap Index Scan on sbtest7_pkey  (cost=0.00..290.91 rows=10247 width=0)
	              Index Cond: ((id >= 9064286) AND (id <= 9074285))

table 8 : explain SELECT c FROM sbtest8 WHERE id BETWEEN 7916432 AND 7926431 ORDER BY c
	Sort  (cost=34090.94..34114.98 rows=9614 width=121)
	  Sort Key: c
	  ->  Bitmap Heap Scan on sbtest8  (cost=266.98..33454.93 rows=9614 width=121)
	        Recheck Cond: ((id >= 7916432) AND (id <= 7926431))
	        ->  Bitmap Index Scan on sbtest8_pkey  (cost=0.00..264.57 rows=9614 width=0)
	              Index Cond: ((id >= 7916432) AND (id <= 7926431))

for: order_ranges
table 1 : explain SELECT c FROM sbtest1 WHERE id BETWEEN 1968688 AND 1978687 ORDER BY c
	Sort  (cost=35537.94..35563.22 rows=10109 width=121)
	  Sort Key: c
	  ->  Bitmap Heap Scan on sbtest1  (cost=280.05..34865.53 rows=10109 width=121)
	        Recheck Cond: ((id >= 1968688) AND (id <= 1978687))
	        ->  Bitmap Index Scan on sbtest1_pkey  (cost=0.00..277.53 rows=10109 width=0)
	              Index Cond: ((id >= 1968688) AND (id <= 1978687))

table 2 : explain SELECT c FROM sbtest2 WHERE id BETWEEN 5508873 AND 5518872 ORDER BY c
	Sort  (cost=34058.76..34082.85 rows=9634 width=121)
	  Sort Key: c
	  ->  Bitmap Heap Scan on sbtest2  (cost=267.18..33421.28 rows=9634 width=121)
	        Recheck Cond: ((id >= 5508873) AND (id <= 5518872))
	        ->  Bitmap Index Scan on sbtest2_pkey  (cost=0.00..264.78 rows=9634 width=0)
	              Index Cond: ((id >= 5508873) AND (id <= 5518872))

table 3 : explain SELECT c FROM sbtest3 WHERE id BETWEEN 3116236 AND 3126235 ORDER BY c
	Sort  (cost=38629.56..38657.20 rows=11054 width=121)
	  Sort Key: c
	  ->  Bitmap Heap Scan on sbtest3  (cost=301.74..37887.16 rows=11054 width=121)
	        Recheck Cond: ((id >= 3116236) AND (id <= 3126235))
	        ->  Bitmap Index Scan on sbtest3_pkey  (cost=0.00..298.98 rows=11054 width=0)
	              Index Cond: ((id >= 3116236) AND (id <= 3126235))

table 4 : explain SELECT c FROM sbtest4 WHERE id BETWEEN 9836035 AND 9846034 ORDER BY c
	Sort  (cost=32532.19..32555.09 rows=9160 width=121)
	  Sort Key: c
	  ->  Bitmap Heap Scan on sbtest4  (cost=250.33..31929.41 rows=9160 width=121)
	        Recheck Cond: ((id >= 9836035) AND (id <= 9846034))
	        ->  Bitmap Index Scan on sbtest4_pkey  (cost=0.00..248.04 rows=9160 width=0)
	              Index Cond: ((id >= 9836035) AND (id <= 9846034))

table 5 : explain SELECT c FROM sbtest5 WHERE id BETWEEN 9335644 AND 9345643 ORDER BY c
	Sort  (cost=33197.64..33220.92 rows=9313 width=121)
	  Sort Key: c
	  ->  Bitmap Heap Scan on sbtest5  (cost=263.89..32583.68 rows=9313 width=121)
	        Recheck Cond: ((id >= 9335644) AND (id <= 9345643))
	        ->  Bitmap Index Scan on sbtest5_pkey  (cost=0.00..261.56 rows=9313 width=0)
	              Index Cond: ((id >= 9335644) AND (id <= 9345643))

table 6 : explain SELECT c FROM sbtest6 WHERE id BETWEEN 9625170 AND 9635169 ORDER BY c
	Sort  (cost=34963.04..34987.75 rows=9885 width=121)
	  Sort Key: c
	  ->  Bitmap Heap Scan on sbtest6  (cost=277.76..34307.12 rows=9885 width=121)
	        Recheck Cond: ((id >= 9625170) AND (id <= 9635169))
	        ->  Bitmap Index Scan on sbtest6_pkey  (cost=0.00..275.29 rows=9885 width=0)
	              Index Cond: ((id >= 9625170) AND (id <= 9635169))

table 7 : explain SELECT c FROM sbtest7 WHERE id BETWEEN 432270 AND 442269 ORDER BY c
	Sort  (cost=33953.96..33977.81 rows=9543 width=121)
	  Sort Key: c
	  ->  Bitmap Heap Scan on sbtest7  (cost=270.25..33323.15 rows=9543 width=121)
	        Recheck Cond: ((id >= 432270) AND (id <= 442269))
	        ->  Bitmap Index Scan on sbtest7_pkey  (cost=0.00..267.87 rows=9543 width=0)
	              Index Cond: ((id >= 432270) AND (id <= 442269))

table 8 : explain SELECT c FROM sbtest8 WHERE id BETWEEN 7682542 AND 7692541 ORDER BY c
	Sort  (cost=34194.94..34219.05 rows=9645 width=121)
	  Sort Key: c
	  ->  Bitmap Heap Scan on sbtest8  (cost=271.30..33556.65 rows=9645 width=121)
	        Recheck Cond: ((id >= 7682542) AND (id <= 7692541))
	        ->  Bitmap Index Scan on sbtest8_pkey  (cost=0.00..268.88 rows=9645 width=0)
	              Index Cond: ((id >= 7682542) AND (id <= 7692541))

for: order_ranges
table 1 : explain SELECT c FROM sbtest1 WHERE id BETWEEN 7754023 AND 7764022 ORDER BY c
	Sort  (cost=34870.94..34895.69 rows=9902 width=121)
	  Sort Key: c
	  ->  Bitmap Heap Scan on sbtest1  (cost=273.93..34213.76 rows=9902 width=121)
	        Recheck Cond: ((id >= 7754023) AND (id <= 7764022))
	        ->  Bitmap Index Scan on sbtest1_pkey  (cost=0.00..271.45 rows=9902 width=0)
	              Index Cond: ((id >= 7754023) AND (id <= 7764022))

table 2 : explain SELECT c FROM sbtest2 WHERE id BETWEEN 2274643 AND 2284642 ORDER BY c
	Sort  (cost=34483.37..34507.78 rows=9766 width=121)
	  Sort Key: c
	  ->  Bitmap Heap Scan on sbtest2  (cost=268.54..33836.19 rows=9766 width=121)
	        Recheck Cond: ((id >= 2274643) AND (id <= 2284642))
	        ->  Bitmap Index Scan on sbtest2_pkey  (cost=0.00..266.09 rows=9766 width=0)
	              Index Cond: ((id >= 2274643) AND (id <= 2284642))

table 3 : explain SELECT c FROM sbtest3 WHERE id BETWEEN 7077155 AND 7087154 ORDER BY c
	Sort  (cost=35279.08..35304.09 rows=10006 width=121)
	  Sort Key: c
	  ->  Bitmap Heap Scan on sbtest3  (cost=275.00..34614.25 rows=10006 width=121)
	        Recheck Cond: ((id >= 7077155) AND (id <= 7087154))
	        ->  Bitmap Index Scan on sbtest3_pkey  (cost=0.00..272.50 rows=10006 width=0)
	              Index Cond: ((id >= 7077155) AND (id <= 7087154))

table 4 : explain SELECT c FROM sbtest4 WHERE id BETWEEN 5526146 AND 5536145 ORDER BY c
	Sort  (cost=36113.62..36139.29 rows=10267 width=121)
	  Sort Key: c
	  ->  Bitmap Heap Scan on sbtest4  (cost=281.67..35429.55 rows=10267 width=121)
	        Recheck Cond: ((id >= 5526146) AND (id <= 5536145))
	        ->  Bitmap Index Scan on sbtest4_pkey  (cost=0.00..279.11 rows=10267 width=0)
	              Index Cond: ((id >= 5526146) AND (id <= 5536145))

table 5 : explain SELECT c FROM sbtest5 WHERE id BETWEEN 4908761 AND 4918760 ORDER BY c
	Sort  (cost=33949.09..33972.95 rows=9543 width=121)
	  Sort Key: c
	  ->  Bitmap Heap Scan on sbtest5  (cost=270.25..33318.29 rows=9543 width=121)
	        Recheck Cond: ((id >= 4908761) AND (id <= 4918760))
	        ->  Bitmap Index Scan on sbtest5_pkey  (cost=0.00..267.87 rows=9543 width=0)
	              Index Cond: ((id >= 4908761) AND (id <= 4918760))

table 6 : explain SELECT c FROM sbtest6 WHERE id BETWEEN 8401492 AND 8411491 ORDER BY c
	Sort  (cost=34087.51..34111.55 rows=9615 width=121)
	  Sort Key: c
	  ->  Bitmap Heap Scan on sbtest6  (cost=270.99..33451.43 rows=9615 width=121)
	        Recheck Cond: ((id >= 8401492) AND (id <= 8411491))
	        ->  Bitmap Index Scan on sbtest6_pkey  (cost=0.00..268.58 rows=9615 width=0)
	              Index Cond: ((id >= 8401492) AND (id <= 8411491))

table 7 : explain SELECT c FROM sbtest7 WHERE id BETWEEN 180438 AND 190437 ORDER BY c
	Sort  (cost=33125.32..33148.54 rows=9290 width=121)
	  Sort Key: c
	  ->  Bitmap Heap Scan on sbtest7  (cost=263.66..32513.04 rows=9290 width=121)
	        Recheck Cond: ((id >= 180438) AND (id <= 190437))
	        ->  Bitmap Index Scan on sbtest7_pkey  (cost=0.00..261.33 rows=9290 width=0)
	              Index Cond: ((id >= 180438) AND (id <= 190437))

table 8 : explain SELECT c FROM sbtest8 WHERE id BETWEEN 7580270 AND 7590269 ORDER BY c
	Sort  (cost=34861.25..34885.88 rows=9850 width=121)
	  Sort Key: c
	  ->  Bitmap Heap Scan on sbtest8  (cost=277.40..34207.91 rows=9850 width=121)
	        Recheck Cond: ((id >= 7580270) AND (id <= 7590269))
	        ->  Bitmap Index Scan on sbtest8_pkey  (cost=0.00..274.94 rows=9850 width=0)
	              Index Cond: ((id >= 7580270) AND (id <= 7590269))

for: distinct_ranges
table 1 : explain SELECT DISTINCT c FROM sbtest1 WHERE id BETWEEN 2356575 AND 2366574 ORDER BY c
	Unique  (cost=34775.13..34824.49 rows=9872 width=121)
	  ->  Sort  (cost=34775.13..34799.81 rows=9872 width=121)
	        Sort Key: c
	        ->  Bitmap Heap Scan on sbtest1  (cost=273.62..34120.17 rows=9872 width=121)
	              Recheck Cond: ((id >= 2356575) AND (id <= 2366574))
	              ->  Bitmap Index Scan on sbtest1_pkey  (cost=0.00..271.16 rows=9872 width=0)
	                    Index Cond: ((id >= 2356575) AND (id <= 2366574))

table 2 : explain SELECT DISTINCT c FROM sbtest2 WHERE id BETWEEN 8287176 AND 8297175 ORDER BY c
	Unique  (cost=38277.03..38331.78 rows=10949 width=121)
	  ->  Sort  (cost=38277.03..38304.40 rows=10949 width=121)
	        Sort Key: c
	        ->  Bitmap Heap Scan on sbtest2  (cost=304.66..37542.43 rows=10949 width=121)
	              Recheck Cond: ((id >= 8287176) AND (id <= 8297175))
	              ->  Bitmap Index Scan on sbtest2_pkey  (cost=0.00..301.93 rows=10949 width=0)
	                    Index Cond: ((id >= 8287176) AND (id <= 8297175))

table 3 : explain SELECT DISTINCT c FROM sbtest3 WHERE id BETWEEN 9309665 AND 9319664 ORDER BY c
	Unique  (cost=33479.06..33526.31 rows=9450 width=121)
	  ->  Sort  (cost=33479.06..33502.68 rows=9450 width=121)
	        Sort Key: c
	        ->  Bitmap Heap Scan on sbtest3  (cost=261.30..32855.07 rows=9450 width=121)
	              Recheck Cond: ((id >= 9309665) AND (id <= 9319664))
	              ->  Bitmap Index Scan on sbtest3_pkey  (cost=0.00..258.94 rows=9450 width=0)
	                    Index Cond: ((id >= 9309665) AND (id <= 9319664))

table 4 : explain SELECT DISTINCT c FROM sbtest4 WHERE id BETWEEN 5853104 AND 5863103 ORDER BY c
	Unique  (cost=36136.68..36188.05 rows=10274 width=121)
	  ->  Sort  (cost=36136.68..36162.37 rows=10274 width=121)
	        Sort Key: c
	        ->  Bitmap Heap Scan on sbtest4  (cost=281.74..35452.09 rows=10274 width=121)
	              Recheck Cond: ((id >= 5853104) AND (id <= 5863103))
	              ->  Bitmap Index Scan on sbtest4_pkey  (cost=0.00..279.18 rows=10274 width=0)
	                    Index Cond: ((id >= 5853104) AND (id <= 5863103))

table 5 : explain SELECT DISTINCT c FROM sbtest5 WHERE id BETWEEN 3146299 AND 3156298 ORDER BY c
	Unique  (cost=36892.36..36944.60 rows=10448 width=121)
	  ->  Sort  (cost=36892.36..36918.48 rows=10448 width=121)
	        Sort Key: c
	        ->  Bitmap Heap Scan on sbtest5  (cost=295.53..36194.91 rows=10448 width=121)
	              Recheck Cond: ((id >= 3146299) AND (id <= 3156298))
	              ->  Bitmap Index Scan on sbtest5_pkey  (cost=0.00..292.92 rows=10448 width=0)
	                    Index Cond: ((id >= 3146299) AND (id <= 3156298))

table 6 : explain SELECT DISTINCT c FROM sbtest6 WHERE id BETWEEN 5175911 AND 5185910 ORDER BY c
	Unique  (cost=32475.76..32521.37 rows=9121 width=121)
	  ->  Sort  (cost=32475.76..32498.57 rows=9121 width=121)
	        Sort Key: c
	        ->  Bitmap Heap Scan on sbtest6  (cost=257.93..31875.83 rows=9121 width=121)
	              Recheck Cond: ((id >= 5175911) AND (id <= 5185910))
	              ->  Bitmap Index Scan on sbtest6_pkey  (cost=0.00..255.65 rows=9121 width=0)
	                    Index Cond: ((id >= 5175911) AND (id <= 5185910))

table 7 : explain SELECT DISTINCT c FROM sbtest7 WHERE id BETWEEN 3164563 AND 3174562 ORDER BY c
	Unique  (cost=37245.94..37298.72 rows=10556 width=121)
	  ->  Sort  (cost=37245.94..37272.33 rows=10556 width=121)
	        Sort Key: c
	        ->  Bitmap Heap Scan on sbtest7  (cost=300.63..36540.49 rows=10556 width=121)
	              Recheck Cond: ((id >= 3164563) AND (id <= 3174562))
	              ->  Bitmap Index Scan on sbtest7_pkey  (cost=0.00..298.00 rows=10556 width=0)
	                    Index Cond: ((id >= 3164563) AND (id <= 3174562))

table 8 : explain SELECT DISTINCT c FROM sbtest8 WHERE id BETWEEN 5145757 AND 5155756 ORDER BY c
	Unique  (cost=34571.18..34619.98 rows=9761 width=121)
	  ->  Sort  (cost=34571.18..34595.58 rows=9761 width=121)
	        Sort Key: c
	        ->  Bitmap Heap Scan on sbtest8  (cost=272.49..33924.37 rows=9761 width=121)
	              Recheck Cond: ((id >= 5145757) AND (id <= 5155756))
	              ->  Bitmap Index Scan on sbtest8_pkey  (cost=0.00..270.05 rows=9761 width=0)
	                    Index Cond: ((id >= 5145757) AND (id <= 5155756))

explain: for point_selects :: explain SELECT c FROM sbtest%u WHERE id=%u
for: order_ranges
table 1 : explain SELECT c FROM sbtest1 WHERE id BETWEEN 1433480 AND 1443479 ORDER BY c
	Sort  (cost=33894.11..33918.11 rows=9598 width=121)
	  Sort Key: c
	  ->  Bitmap Heap Scan on sbtest1  (cost=266.81..33259.27 rows=9598 width=121)
	        Recheck Cond: ((id >= 1433480) AND (id <= 1443479))
	        ->  Bitmap Index Scan on sbtest1_pkey  (cost=0.00..264.42 rows=9598 width=0)
	              Index Cond: ((id >= 1433480) AND (id <= 1443479))

table 2 : explain SELECT c FROM sbtest2 WHERE id BETWEEN 1721533 AND 1731532 ORDER BY c
	Sort  (cost=37932.67..37959.78 rows=10841 width=121)
	  Sort Key: c
	  ->  Bitmap Heap Scan on sbtest2  (cost=299.56..37206.10 rows=10841 width=121)
	        Recheck Cond: ((id >= 1721533) AND (id <= 1731532))
	        ->  Bitmap Index Scan on sbtest2_pkey  (cost=0.00..296.84 rows=10841 width=0)
	              Index Cond: ((id >= 1721533) AND (id <= 1731532))

table 3 : explain SELECT c FROM sbtest3 WHERE id BETWEEN 6631518 AND 6641517 ORDER BY c
	Sort  (cost=36059.42..36085.04 rows=10249 width=121)
	  Sort Key: c
	  ->  Bitmap Heap Scan on sbtest3  (cost=281.49..35376.67 rows=10249 width=121)
	        Recheck Cond: ((id >= 6631518) AND (id <= 6641517))
	        ->  Bitmap Index Scan on sbtest3_pkey  (cost=0.00..278.93 rows=10249 width=0)
	              Index Cond: ((id >= 6631518) AND (id <= 6641517))

table 4 : explain SELECT c FROM sbtest4 WHERE id BETWEEN 1051393 AND 1061392 ORDER BY c
	Sort  (cost=35548.37..35573.60 rows=10091 width=121)
	  Sort Key: c
	  ->  Bitmap Heap Scan on sbtest4  (cost=275.87..34877.28 rows=10091 width=121)
	        Recheck Cond: ((id >= 1051393) AND (id <= 1061392))
	        ->  Bitmap Index Scan on sbtest4_pkey  (cost=0.00..273.34 rows=10091 width=0)
	              Index Cond: ((id >= 1051393) AND (id <= 1061392))

table 5 : explain SELECT c FROM sbtest5 WHERE id BETWEEN 2168311 AND 2178310 ORDER BY c
	Sort  (cost=39783.93..39812.30 rows=11349 width=121)
	  Sort Key: c
	  ->  Bitmap Heap Scan on sbtest5  (cost=320.76..39019.55 rows=11349 width=121)
	        Recheck Cond: ((id >= 2168311) AND (id <= 2178310))
	        ->  Bitmap Index Scan on sbtest5_pkey  (cost=0.00..317.93 rows=11349 width=0)
	              Index Cond: ((id >= 2168311) AND (id <= 2178310))

table 6 : explain SELECT c FROM sbtest6 WHERE id BETWEEN 2031010 AND 2041009 ORDER BY c
	Sort  (cost=36005.42..36030.94 rows=10207 width=121)
	  Sort Key: c
	  ->  Bitmap Heap Scan on sbtest6  (cost=289.06..35325.77 rows=10207 width=121)
	        Recheck Cond: ((id >= 2031010) AND (id <= 2041009))
	        ->  Bitmap Index Scan on sbtest6_pkey  (cost=0.00..286.50 rows=10207 width=0)
	              Index Cond: ((id >= 2031010) AND (id <= 2041009))

table 7 : explain SELECT c FROM sbtest7 WHERE id BETWEEN 3888550 AND 3898549 ORDER BY c
	Sort  (cost=36967.83..36994.01 rows=10470 width=121)
	  Sort Key: c
	  ->  Bitmap Heap Scan on sbtest7  (cost=299.75..36268.75 rows=10470 width=121)
	        Recheck Cond: ((id >= 3888550) AND (id <= 3898549))
	        ->  Bitmap Index Scan on sbtest7_pkey  (cost=0.00..297.13 rows=10470 width=0)
	              Index Cond: ((id >= 3888550) AND (id <= 3898549))

table 8 : explain SELECT c FROM sbtest8 WHERE id BETWEEN 4465077 AND 4475076 ORDER BY c
	Sort  (cost=33950.84..33974.76 rows=9570 width=121)
	  Sort Key: c
	  ->  Bitmap Heap Scan on sbtest8  (cost=266.53..33318.05 rows=9570 width=121)
	        Recheck Cond: ((id >= 4465077) AND (id <= 4475076))
	        ->  Bitmap Index Scan on sbtest8_pkey  (cost=0.00..264.13 rows=9570 width=0)
	              Index Cond: ((id >= 4465077) AND (id <= 4475076))

for point_selects
table 1 : explain SELECT c FROM sbtest1 WHERE id=2773951
	Index Scan using sbtest1_pkey on sbtest1  (cost=0.43..8.45 rows=1 width=121)
	  Index Cond: (id = 2773951)

table 2 : explain SELECT c FROM sbtest2 WHERE id=62739
	Index Scan using sbtest2_pkey on sbtest2  (cost=0.43..8.45 rows=1 width=121)
	  Index Cond: (id = 62739)

table 3 : explain SELECT c FROM sbtest3 WHERE id=9629308
	Index Scan using sbtest3_pkey on sbtest3  (cost=0.43..8.45 rows=1 width=121)
	  Index Cond: (id = 9629308)

table 4 : explain SELECT c FROM sbtest4 WHERE id=8251588
	Index Scan using sbtest4_pkey on sbtest4  (cost=0.43..8.45 rows=1 width=121)
	  Index Cond: (id = 8251588)

table 5 : explain SELECT c FROM sbtest5 WHERE id=2487865
	Index Scan using sbtest5_pkey on sbtest5  (cost=0.43..8.45 rows=1 width=121)
	  Index Cond: (id = 2487865)

table 6 : explain SELECT c FROM sbtest6 WHERE id=4939892
	Index Scan using sbtest6_pkey on sbtest6  (cost=0.43..8.45 rows=1 width=121)
	  Index Cond: (id = 4939892)

table 7 : explain SELECT c FROM sbtest7 WHERE id=8626847
	Index Scan using sbtest7_pkey on sbtest7  (cost=0.43..8.45 rows=1 width=121)
	  Index Cond: (id = 8626847)

table 8 : explain SELECT c FROM sbtest8 WHERE id=8949056
	Index Scan using sbtest8_pkey on sbtest8  (cost=0.43..8.45 rows=1 width=121)
	  Index Cond: (id = 8949056)

for point_selects
table 1 : explain SELECT c FROM sbtest1 WHERE id=4828203
	Index Scan using sbtest1_pkey on sbtest1  (cost=0.43..8.45 rows=1 width=121)
	  Index Cond: (id = 4828203)

table 2 : explain SELECT c FROM sbtest2 WHERE id=219037
	Index Scan using sbtest2_pkey on sbtest2  (cost=0.43..8.45 rows=1 width=121)
	  Index Cond: (id = 219037)

table 3 : explain SELECT c FROM sbtest3 WHERE id=6353258
	Index Scan using sbtest3_pkey on sbtest3  (cost=0.43..8.45 rows=1 width=121)
	  Index Cond: (id = 6353258)

table 4 : explain SELECT c FROM sbtest4 WHERE id=9440921
	Index Scan using sbtest4_pkey on sbtest4  (cost=0.43..8.45 rows=1 width=121)
	  Index Cond: (id = 9440921)

table 5 : explain SELECT c FROM sbtest5 WHERE id=5556792
	Index Scan using sbtest5_pkey on sbtest5  (cost=0.43..8.45 rows=1 width=121)
	  Index Cond: (id = 5556792)

table 6 : explain SELECT c FROM sbtest6 WHERE id=9072407
	Index Scan using sbtest6_pkey on sbtest6  (cost=0.43..8.45 rows=1 width=121)
	  Index Cond: (id = 9072407)

table 7 : explain SELECT c FROM sbtest7 WHERE id=649437
	Index Scan using sbtest7_pkey on sbtest7  (cost=0.43..8.45 rows=1 width=121)
	  Index Cond: (id = 649437)

table 8 : explain SELECT c FROM sbtest8 WHERE id=8584951
	Index Scan using sbtest8_pkey on sbtest8  (cost=0.43..8.45 rows=1 width=121)
	  Index Cond: (id = 8584951)

for: sum_ranges
table 1 : explain SELECT SUM(k) FROM sbtest1 WHERE id BETWEEN 2796955 AND 2806954
	Aggregate  (cost=33905.65..33905.66 rows=1 width=8)
	  ->  Bitmap Heap Scan on sbtest1  (cost=272.83..33881.16 rows=9795 width=4)
	        Recheck Cond: ((id >= 2796955) AND (id <= 2806954))
	        ->  Bitmap Index Scan on sbtest1_pkey  (cost=0.00..270.38 rows=9795 width=0)
	              Index Cond: ((id >= 2796955) AND (id <= 2806954))

table 2 : explain SELECT SUM(k) FROM sbtest2 WHERE id BETWEEN 1156760 AND 1166759
	Aggregate  (cost=37524.27..37524.28 rows=1 width=8)
	  ->  Bitmap Heap Scan on sbtest2  (cost=300.53..37496.93 rows=10936 width=4)
	        Recheck Cond: ((id >= 1156760) AND (id <= 1166759))
	        ->  Bitmap Index Scan on sbtest2_pkey  (cost=0.00..297.80 rows=10936 width=0)
	              Index Cond: ((id >= 1156760) AND (id <= 1166759))

table 3 : explain SELECT SUM(k) FROM sbtest3 WHERE id BETWEEN 8078910 AND 8088909
	Aggregate  (cost=34169.08..34169.09 rows=1 width=8)
	  ->  Bitmap Heap Scan on sbtest3  (cost=269.48..34144.44 rows=9858 width=4)
	        Recheck Cond: ((id >= 8078910) AND (id <= 8088909))
	        ->  Bitmap Index Scan on sbtest3_pkey  (cost=0.00..267.01 rows=9858 width=0)
	              Index Cond: ((id >= 8078910) AND (id <= 8088909))

table 4 : explain SELECT SUM(k) FROM sbtest4 WHERE id BETWEEN 1528105 AND 1538104
	Aggregate  (cost=34225.58..34225.59 rows=1 width=8)
	  ->  Bitmap Heap Scan on sbtest4  (cost=269.66..34200.89 rows=9876 width=4)
	        Recheck Cond: ((id >= 1528105) AND (id <= 1538104))
	        ->  Bitmap Index Scan on sbtest4_pkey  (cost=0.00..267.19 rows=9876 width=0)
	              Index Cond: ((id >= 1528105) AND (id <= 1538104))

table 5 : explain SELECT SUM(k) FROM sbtest5 WHERE id BETWEEN 9075531 AND 9085530
	Aggregate  (cost=34744.64..34744.65 rows=1 width=8)
	  ->  Bitmap Heap Scan on sbtest5  (cost=282.75..34719.69 rows=9982 width=4)
	        Recheck Cond: ((id >= 9075531) AND (id <= 9085530))
	        ->  Bitmap Index Scan on sbtest5_pkey  (cost=0.00..280.25 rows=9982 width=0)
	              Index Cond: ((id >= 9075531) AND (id <= 9085530))

table 6 : explain SELECT SUM(k) FROM sbtest6 WHERE id BETWEEN 1273481 AND 1283480
	Aggregate  (cost=35891.09..35891.10 rows=1 width=8)
	  ->  Bitmap Heap Scan on sbtest6  (cost=290.82..35865.14 rows=10379 width=4)
	        Recheck Cond: ((id >= 1273481) AND (id <= 1283480))
	        ->  Bitmap Index Scan on sbtest6_pkey  (cost=0.00..288.23 rows=10379 width=0)
	              Index Cond: ((id >= 1273481) AND (id <= 1283480))

table 7 : explain SELECT SUM(k) FROM sbtest7 WHERE id BETWEEN 9403671 AND 9413670
	Aggregate  (cost=34573.65..34573.66 rows=1 width=8)
	  ->  Bitmap Heap Scan on sbtest7  (cost=282.19..34548.83 rows=9927 width=4)
	        Recheck Cond: ((id >= 9403671) AND (id <= 9413670))
	        ->  Bitmap Index Scan on sbtest7_pkey  (cost=0.00..279.70 rows=9927 width=0)
	              Index Cond: ((id >= 9403671) AND (id <= 9413670))

table 8 : explain SELECT SUM(k) FROM sbtest8 WHERE id BETWEEN 152748 AND 162747
	Aggregate  (cost=32095.46..32095.47 rows=1 width=8)
	  ->  Bitmap Heap Scan on sbtest8  (cost=258.52..32072.51 rows=9179 width=4)
	        Recheck Cond: ((id >= 152748) AND (id <= 162747))
	        ->  Bitmap Index Scan on sbtest8_pkey  (cost=0.00..256.23 rows=9179 width=0)
	              Index Cond: ((id >= 152748) AND (id <= 162747))

for point_selects
table 1 : explain SELECT c FROM sbtest1 WHERE id=8420074
	Index Scan using sbtest1_pkey on sbtest1  (cost=0.43..8.45 rows=1 width=121)
	  Index Cond: (id = 8420074)

table 2 : explain SELECT c FROM sbtest2 WHERE id=7628313
	Index Scan using sbtest2_pkey on sbtest2  (cost=0.43..8.45 rows=1 width=121)
	  Index Cond: (id = 7628313)

table 3 : explain SELECT c FROM sbtest3 WHERE id=7056750
	Index Scan using sbtest3_pkey on sbtest3  (cost=0.43..8.45 rows=1 width=121)
	  Index Cond: (id = 7056750)

table 4 : explain SELECT c FROM sbtest4 WHERE id=358598
	Index Scan using sbtest4_pkey on sbtest4  (cost=0.43..8.45 rows=1 width=121)
	  Index Cond: (id = 358598)

table 5 : explain SELECT c FROM sbtest5 WHERE id=7337951
	Index Scan using sbtest5_pkey on sbtest5  (cost=0.43..8.45 rows=1 width=121)
	  Index Cond: (id = 7337951)

table 6 : explain SELECT c FROM sbtest6 WHERE id=3253853
	Index Scan using sbtest6_pkey on sbtest6  (cost=0.43..8.45 rows=1 width=121)
	  Index Cond: (id = 3253853)

table 7 : explain SELECT c FROM sbtest7 WHERE id=5261918
	Index Scan using sbtest7_pkey on sbtest7  (cost=0.43..8.45 rows=1 width=121)
	  Index Cond: (id = 5261918)

table 8 : explain SELECT c FROM sbtest8 WHERE id=4275363
	Index Scan using sbtest8_pkey on sbtest8  (cost=0.43..8.45 rows=1 width=121)
	  Index Cond: (id = 4275363)

for point_selects
table 1 : explain SELECT c FROM sbtest1 WHERE id=8907067
	Index Scan using sbtest1_pkey on sbtest1  (cost=0.43..8.45 rows=1 width=121)
	  Index Cond: (id = 8907067)

table 2 : explain SELECT c FROM sbtest2 WHERE id=8118621
	Index Scan using sbtest2_pkey on sbtest2  (cost=0.43..8.45 rows=1 width=121)
	  Index Cond: (id = 8118621)

table 3 : explain SELECT c FROM sbtest3 WHERE id=4614062
	Index Scan using sbtest3_pkey on sbtest3  (cost=0.43..8.45 rows=1 width=121)
	  Index Cond: (id = 4614062)

table 4 : explain SELECT c FROM sbtest4 WHERE id=4608039
	Index Scan using sbtest4_pkey on sbtest4  (cost=0.43..8.45 rows=1 width=121)
	  Index Cond: (id = 4608039)

table 5 : explain SELECT c FROM sbtest5 WHERE id=3000488
	Index Scan using sbtest5_pkey on sbtest5  (cost=0.43..8.45 rows=1 width=121)
	  Index Cond: (id = 3000488)

table 6 : explain SELECT c FROM sbtest6 WHERE id=5020981
	Index Scan using sbtest6_pkey on sbtest6  (cost=0.43..8.45 rows=1 width=121)
	  Index Cond: (id = 5020981)

table 7 : explain SELECT c FROM sbtest7 WHERE id=1962945
	Index Scan using sbtest7_pkey on sbtest7  (cost=0.43..8.45 rows=1 width=121)
	  Index Cond: (id = 1962945)

table 8 : explain SELECT c FROM sbtest8 WHERE id=4434046
	Index Scan using sbtest8_pkey on sbtest8  (cost=0.43..8.45 rows=1 width=121)
	  Index Cond: (id = 4434046)

for point_selects
table 1 : explain SELECT c FROM sbtest1 WHERE id=6996777
	Index Scan using sbtest1_pkey on sbtest1  (cost=0.43..8.45 rows=1 width=121)
	  Index Cond: (id = 6996777)

table 2 : explain SELECT c FROM sbtest2 WHERE id=6778552
	Index Scan using sbtest2_pkey on sbtest2  (cost=0.43..8.45 rows=1 width=121)
	  Index Cond: (id = 6778552)

table 3 : explain SELECT c FROM sbtest3 WHERE id=7956567
	Index Scan using sbtest3_pkey on sbtest3  (cost=0.43..8.45 rows=1 width=121)
	  Index Cond: (id = 7956567)

table 4 : explain SELECT c FROM sbtest4 WHERE id=1293907
	Index Scan using sbtest4_pkey on sbtest4  (cost=0.43..8.45 rows=1 width=121)
	  Index Cond: (id = 1293907)

table 5 : explain SELECT c FROM sbtest5 WHERE id=202614
	Index Scan using sbtest5_pkey on sbtest5  (cost=0.43..8.45 rows=1 width=121)
	  Index Cond: (id = 202614)

table 6 : explain SELECT c FROM sbtest6 WHERE id=1241128
	Index Scan using sbtest6_pkey on sbtest6  (cost=0.43..8.45 rows=1 width=121)
	  Index Cond: (id = 1241128)

table 7 : explain SELECT c FROM sbtest7 WHERE id=912711
	Index Scan using sbtest7_pkey on sbtest7  (cost=0.43..8.45 rows=1 width=121)
	  Index Cond: (id = 912711)

table 8 : explain SELECT c FROM sbtest8 WHERE id=5764768
	Index Scan using sbtest8_pkey on sbtest8  (cost=0.43..8.45 rows=1 width=121)
	  Index Cond: (id = 5764768)

for: distinct_ranges
table 1 : explain SELECT DISTINCT c FROM sbtest1 WHERE id BETWEEN 1603855 AND 1613854 ORDER BY c
	Unique  (cost=34933.62..34983.23 rows=9921 width=121)
	  ->  Sort  (cost=34933.62..34958.42 rows=9921 width=121)
	        Sort Key: c
	        ->  Bitmap Heap Scan on sbtest1  (cost=274.13..34275.05 rows=9921 width=121)
	              Recheck Cond: ((id >= 1603855) AND (id <= 1613854))
	              ->  Bitmap Index Scan on sbtest1_pkey  (cost=0.00..271.65 rows=9921 width=0)
	                    Index Cond: ((id >= 1603855) AND (id <= 1613854))

table 2 : explain SELECT DISTINCT c FROM sbtest2 WHERE id BETWEEN 1092007 AND 1102006 ORDER BY c
	Unique  (cost=32221.50..32266.85 rows=9070 width=121)
	  ->  Sort  (cost=32221.50..32244.17 rows=9070 width=121)
	        Sort Key: c
	        ->  Bitmap Heap Scan on sbtest2  (cost=249.40..31625.29 rows=9070 width=121)
	              Recheck Cond: ((id >= 1092007) AND (id <= 1102006))
	              ->  Bitmap Index Scan on sbtest2_pkey  (cost=0.00..247.13 rows=9070 width=0)
	                    Index Cond: ((id >= 1092007) AND (id <= 1102006))

table 3 : explain SELECT DISTINCT c FROM sbtest3 WHERE id BETWEEN 8358977 AND 8368976 ORDER BY c
	Unique  (cost=35986.81..36037.94 rows=10226 width=121)
	  ->  Sort  (cost=35986.81..36012.37 rows=10226 width=121)
	        Sort Key: c
	        ->  Bitmap Heap Scan on sbtest3  (cost=281.25..35305.76 rows=10226 width=121)
	              Recheck Cond: ((id >= 8358977) AND (id <= 8368976))
	              ->  Bitmap Index Scan on sbtest3_pkey  (cost=0.00..278.69 rows=10226 width=0)
	                    Index Cond: ((id >= 8358977) AND (id <= 8368976))

table 4 : explain SELECT DISTINCT c FROM sbtest4 WHERE id BETWEEN 3168485 AND 3178484 ORDER BY c
	Unique  (cost=35535.16..35585.60 rows=10087 width=121)
	  ->  Sort  (cost=35535.16..35560.38 rows=10087 width=121)
	        Sort Key: c
	        ->  Bitmap Heap Scan on sbtest4  (cost=275.83..34864.37 rows=10087 width=121)
	              Recheck Cond: ((id >= 3168485) AND (id <= 3178484))
	              ->  Bitmap Index Scan on sbtest4_pkey  (cost=0.00..273.31 rows=10087 width=0)
	                    Index Cond: ((id >= 3168485) AND (id <= 3178484))

table 5 : explain SELECT DISTINCT c FROM sbtest5 WHERE id BETWEEN 6076449 AND 6086448 ORDER BY c
	Unique  (cost=38199.81..38254.08 rows=10854 width=121)
	  ->  Sort  (cost=38199.81..38226.94 rows=10854 width=121)
	        Sort Key: c
	        ->  Bitmap Heap Scan on sbtest5  (cost=307.69..37472.27 rows=10854 width=121)
	              Recheck Cond: ((id >= 6076449) AND (id <= 6086448))
	              ->  Bitmap Index Scan on sbtest5_pkey  (cost=0.00..304.98 rows=10854 width=0)
	                    Index Cond: ((id >= 6076449) AND (id <= 6086448))

table 6 : explain SELECT DISTINCT c FROM sbtest6 WHERE id BETWEEN 5711269 AND 5721268 ORDER BY c
	Unique  (cost=35162.26..35212.00 rows=9947 width=121)
	  ->  Sort  (cost=35162.26..35187.13 rows=9947 width=121)
	        Sort Key: c
	        ->  Bitmap Heap Scan on sbtest6  (cost=278.39..34501.78 rows=9947 width=121)
	              Recheck Cond: ((id >= 5711269) AND (id <= 5721268))
	              ->  Bitmap Index Scan on sbtest6_pkey  (cost=0.00..275.91 rows=9947 width=0)
	                    Index Cond: ((id >= 5711269) AND (id <= 5721268))

table 7 : explain SELECT DISTINCT c FROM sbtest7 WHERE id BETWEEN 7273362 AND 7283361 ORDER BY c
	Unique  (cost=34322.67..34370.95 rows=9656 width=121)
	  ->  Sort  (cost=34322.67..34346.81 rows=9656 width=121)
	        Sort Key: c
	        ->  Bitmap Heap Scan on sbtest7  (cost=275.41..33683.58 rows=9656 width=121)
	              Recheck Cond: ((id >= 7273362) AND (id <= 7283361))
	              ->  Bitmap Index Scan on sbtest7_pkey  (cost=0.00..273.00 rows=9656 width=0)
	                    Index Cond: ((id >= 7273362) AND (id <= 7283361))

table 8 : explain SELECT DISTINCT c FROM sbtest8 WHERE id BETWEEN 4450581 AND 4460580 ORDER BY c
	Unique  (cost=33950.84..33998.69 rows=9570 width=121)
	  ->  Sort  (cost=33950.84..33974.76 rows=9570 width=121)
	        Sort Key: c
	        ->  Bitmap Heap Scan on sbtest8  (cost=266.53..33318.05 rows=9570 width=121)
	              Recheck Cond: ((id >= 4450581) AND (id <= 4460580))
	              ->  Bitmap Index Scan on sbtest8_pkey  (cost=0.00..264.13 rows=9570 width=0)
	                    Index Cond: ((id >= 4450581) AND (id <= 4460580))

for: simple_ranges
table 1 : explain SELECT c FROM sbtest1 WHERE id BETWEEN 9532881 AND 9542880
	Bitmap Heap Scan on sbtest1  (cost=279.95..34833.35 rows=10099 width=121)
	  Recheck Cond: ((id >= 9532881) AND (id <= 9542880))
	  ->  Bitmap Index Scan on sbtest1_pkey  (cost=0.00..277.43 rows=10099 width=0)
	        Index Cond: ((id >= 9532881) AND (id <= 9542880))

table 2 : explain SELECT c FROM sbtest2 WHERE id BETWEEN 7682787 AND 7692786
	Bitmap Heap Scan on sbtest2  (cost=261.49..32897.70 rows=9469 width=121)
	  Recheck Cond: ((id >= 7682787) AND (id <= 7692786))
	  ->  Bitmap Index Scan on sbtest2_pkey  (cost=0.00..259.12 rows=9469 width=0)
	        Index Cond: ((id >= 7682787) AND (id <= 7692786))

table 3 : explain SELECT c FROM sbtest3 WHERE id BETWEEN 7392686 AND 7402685
	Bitmap Heap Scan on sbtest3  (cost=280.94..35212.26 rows=10196 width=121)
	  Recheck Cond: ((id >= 7392686) AND (id <= 7402685))
	  ->  Bitmap Index Scan on sbtest3_pkey  (cost=0.00..278.40 rows=10196 width=0)
	        Index Cond: ((id >= 7392686) AND (id <= 7402685))

table 4 : explain SELECT c FROM sbtest4 WHERE id BETWEEN 6688796 AND 6698795
	Bitmap Heap Scan on sbtest4  (cost=243.20..30953.72 rows=8855 width=121)
	  Recheck Cond: ((id >= 6688796) AND (id <= 6698795))
	  ->  Bitmap Index Scan on sbtest4_pkey  (cost=0.00..240.99 rows=8855 width=0)
	        Index Cond: ((id >= 6688796) AND (id <= 6698795))

table 5 : explain SELECT c FROM sbtest5 WHERE id BETWEEN 54919 AND 64918
	Bitmap Heap Scan on sbtest5  (cost=265.11..32963.96 rows=9432 width=121)
	  Recheck Cond: ((id >= 54919) AND (id <= 64918))
	  ->  Bitmap Index Scan on sbtest5_pkey  (cost=0.00..262.75 rows=9432 width=0)
	        Index Cond: ((id >= 54919) AND (id <= 64918))

table 6 : explain SELECT c FROM sbtest6 WHERE id BETWEEN 6175132 AND 6185131
	Bitmap Heap Scan on sbtest6  (cost=289.75..35539.07 rows=10275 width=121)
	  Recheck Cond: ((id >= 6175132) AND (id <= 6185131))
	  ->  Bitmap Index Scan on sbtest6_pkey  (cost=0.00..287.19 rows=10275 width=0)
	        Index Cond: ((id >= 6175132) AND (id <= 6185131))

table 7 : explain SELECT c FROM sbtest7 WHERE id BETWEEN 5714755 AND 5724754
	Bitmap Heap Scan on sbtest7  (cost=288.02..35115.76 rows=10106 width=121)
	  Recheck Cond: ((id >= 5714755) AND (id <= 5724754))
	  ->  Bitmap Index Scan on sbtest7_pkey  (cost=0.00..285.50 rows=10106 width=0)
	        Index Cond: ((id >= 5714755) AND (id <= 5724754))

table 8 : explain SELECT c FROM sbtest8 WHERE id BETWEEN 8238126 AND 8248125
	Bitmap Heap Scan on sbtest8  (cost=290.83..35880.42 rows=10380 width=121)
	  Recheck Cond: ((id >= 8238126) AND (id <= 8248125))
	  ->  Bitmap Index Scan on sbtest8_pkey  (cost=0.00..288.24 rows=10380 width=0)
	        Index Cond: ((id >= 8238126) AND (id <= 8248125))

for: distinct_ranges
table 1 : explain SELECT DISTINCT c FROM sbtest1 WHERE id BETWEEN 3841556 AND 3851555 ORDER BY c
	Unique  (cost=35264.41..35314.53 rows=10024 width=121)
	  ->  Sort  (cost=35264.41..35289.47 rows=10024 width=121)
	        Sort Key: c
	        ->  Bitmap Heap Scan on sbtest1  (cost=279.18..34598.25 rows=10024 width=121)
	              Recheck Cond: ((id >= 3841556) AND (id <= 3851555))
	              ->  Bitmap Index Scan on sbtest1_pkey  (cost=0.00..276.68 rows=10024 width=0)
	                    Index Cond: ((id >= 3841556) AND (id <= 3851555))

table 2 : explain SELECT DISTINCT c FROM sbtest2 WHERE id BETWEEN 6009418 AND 6019417 ORDER BY c
	Unique  (cost=36503.42..36555.39 rows=10394 width=121)
	  ->  Sort  (cost=36503.42..36529.41 rows=10394 width=121)
	        Sort Key: c
	        ->  Bitmap Heap Scan on sbtest2  (cost=286.97..35809.96 rows=10394 width=121)
	              Recheck Cond: ((id >= 6009418) AND (id <= 6019417))
	              ->  Bitmap Index Scan on sbtest2_pkey  (cost=0.00..284.38 rows=10394 width=0)
	                    Index Cond: ((id >= 6009418) AND (id <= 6019417))

table 3 : explain SELECT DISTINCT c FROM sbtest3 WHERE id BETWEEN 7253961 AND 7263960 ORDER BY c
	Unique  (cost=30910.77..30954.10 rows=8665 width=121)
	  ->  Sort  (cost=30910.77..30932.43 rows=8665 width=121)
	        Sort Key: c
	        ->  Bitmap Heap Scan on sbtest3  (cost=237.25..30344.04 rows=8665 width=121)
	              Recheck Cond: ((id >= 7253961) AND (id <= 7263960))
	              ->  Bitmap Index Scan on sbtest3_pkey  (cost=0.00..235.09 rows=8665 width=0)
	                    Index Cond: ((id >= 7253961) AND (id <= 7263960))

table 4 : explain SELECT DISTINCT c FROM sbtest4 WHERE id BETWEEN 4961076 AND 4971075 ORDER BY c
	Unique  (cost=36219.13..36270.63 rows=10300 width=121)
	  ->  Sort  (cost=36219.13..36244.88 rows=10300 width=121)
	        Sort Key: c
	        ->  Bitmap Heap Scan on sbtest4  (cost=282.01..35532.62 rows=10300 width=121)
	              Recheck Cond: ((id >= 4961076) AND (id <= 4971075))
	              ->  Bitmap Index Scan on sbtest4_pkey  (cost=0.00..279.44 rows=10300 width=0)
	                    Index Cond: ((id >= 4961076) AND (id <= 4971075))

table 5 : explain SELECT DISTINCT c FROM sbtest5 WHERE id BETWEEN 9710346 AND 9720345 ORDER BY c
	Unique  (cost=32767.17..32813.09 rows=9183 width=121)
	  ->  Sort  (cost=32767.17..32790.13 rows=9183 width=121)
	        Sort Key: c
	        ->  Bitmap Heap Scan on sbtest5  (cost=258.56..32162.71 rows=9183 width=121)
	              Recheck Cond: ((id >= 9710346) AND (id <= 9720345))
	              ->  Bitmap Index Scan on sbtest5_pkey  (cost=0.00..256.26 rows=9183 width=0)
	                    Index Cond: ((id >= 9710346) AND (id <= 9720345))

table 6 : explain SELECT DISTINCT c FROM sbtest6 WHERE id BETWEEN 9550028 AND 9560027 ORDER BY c
	Unique  (cost=35590.77..35641.17 rows=10079 width=121)
	  ->  Sort  (cost=35590.77..35615.97 rows=10079 width=121)
	        Sort Key: c
	        ->  Bitmap Heap Scan on sbtest6  (cost=283.74..34920.57 rows=10079 width=121)
	              Recheck Cond: ((id >= 9550028) AND (id <= 9560027))
	              ->  Bitmap Index Scan on sbtest6_pkey  (cost=0.00..281.23 rows=10079 width=0)
	                    Index Cond: ((id >= 9550028) AND (id <= 9560027))

table 7 : explain SELECT DISTINCT c FROM sbtest7 WHERE id BETWEEN 8221072 AND 8231071 ORDER BY c
	Unique  (cost=35668.19..35718.53 rows=10069 width=121)
	  ->  Sort  (cost=35668.19..35693.36 rows=10069 width=121)
	        Sort Key: c
	        ->  Bitmap Heap Scan on sbtest7  (cost=287.64..34998.72 rows=10069 width=121)
	              Recheck Cond: ((id >= 8221072) AND (id <= 8231071))
	              ->  Bitmap Index Scan on sbtest7_pkey  (cost=0.00..285.12 rows=10069 width=0)
	                    Index Cond: ((id >= 8221072) AND (id <= 8231071))

table 8 : explain SELECT DISTINCT c FROM sbtest8 WHERE id BETWEEN 9383261 AND 9393260 ORDER BY c
	Unique  (cost=37688.33..37741.97 rows=10728 width=121)
	  ->  Sort  (cost=37688.33..37715.15 rows=10728 width=121)
	        Sort Key: c
	        ->  Bitmap Heap Scan on sbtest8  (cost=298.40..36970.14 rows=10728 width=121)
	              Recheck Cond: ((id >= 9383261) AND (id <= 9393260))
	              ->  Bitmap Index Scan on sbtest8_pkey  (cost=0.00..295.71 rows=10728 width=0)
	                    Index Cond: ((id >= 9383261) AND (id <= 9393260))

explain: for point_selects :: explain SELECT c FROM sbtest%u WHERE id=%u
for: sum_ranges
table 1 : explain SELECT SUM(k) FROM sbtest1 WHERE id BETWEEN 8389138 AND 8399137
	Aggregate  (cost=34377.34..34377.35 rows=1 width=8)
	  ->  Bitmap Heap Scan on sbtest1  (cost=274.38..34352.47 rows=9946 width=4)
	        Recheck Cond: ((id >= 8389138) AND (id <= 8399137))
	        ->  Bitmap Index Scan on sbtest1_pkey  (cost=0.00..271.90 rows=9946 width=0)
	              Index Cond: ((id >= 8389138) AND (id <= 8399137))

table 2 : explain SELECT SUM(k) FROM sbtest2 WHERE id BETWEEN 6794986 AND 6804985
	Aggregate  (cost=31763.10..31763.11 rows=1 width=8)
	  ->  Bitmap Heap Scan on sbtest2  (cost=253.76..31740.34 rows=9105 width=4)
	        Recheck Cond: ((id >= 6794986) AND (id <= 6804985))
	        ->  Bitmap Index Scan on sbtest2_pkey  (cost=0.00..251.49 rows=9105 width=0)
	              Index Cond: ((id >= 6794986) AND (id <= 6804985))

table 3 : explain SELECT SUM(k) FROM sbtest3 WHERE id BETWEEN 8180492 AND 8190491
	Aggregate  (cost=35528.04..35528.05 rows=1 width=8)
	  ->  Bitmap Heap Scan on sbtest3  (cost=281.90..35502.32 rows=10289 width=4)
	        Recheck Cond: ((id >= 8180492) AND (id <= 8190491))
	        ->  Bitmap Index Scan on sbtest3_pkey  (cost=0.00..279.32 rows=10289 width=0)
	              Index Cond: ((id >= 8180492) AND (id <= 8190491))

table 4 : explain SELECT SUM(k) FROM sbtest4 WHERE id BETWEEN 521116 AND 531115
	Aggregate  (cost=32403.64..32403.65 rows=1 width=8)
	  ->  Bitmap Heap Scan on sbtest4  (cost=255.77..32380.39 rows=9301 width=4)
	        Recheck Cond: ((id >= 521116) AND (id <= 531115))
	        ->  Bitmap Index Scan on sbtest4_pkey  (cost=0.00..253.44 rows=9301 width=0)
	              Index Cond: ((id >= 521116) AND (id <= 531115))

table 5 : explain SELECT SUM(k) FROM sbtest5 WHERE id BETWEEN 5538381 AND 5548380
	Aggregate  (cost=33741.30..33741.31 rows=1 width=8)
	  ->  Bitmap Heap Scan on sbtest5  (cost=271.53..33717.13 rows=9668 width=4)
	        Recheck Cond: ((id >= 5538381) AND (id <= 5548380))
	        ->  Bitmap Index Scan on sbtest5_pkey  (cost=0.00..269.12 rows=9668 width=0)
	              Index Cond: ((id >= 5538381) AND (id <= 5548380))

table 6 : explain SELECT SUM(k) FROM sbtest6 WHERE id BETWEEN 999032 AND 1009031
	Aggregate  (cost=34211.63..34211.64 rows=1 width=8)
	  ->  Bitmap Heap Scan on sbtest6  (cost=277.37..34187.01 rows=9847 width=4)
	        Recheck Cond: ((id >= 999032) AND (id <= 1009031))
	        ->  Bitmap Index Scan on sbtest6_pkey  (cost=0.00..274.91 rows=9847 width=0)
	              Index Cond: ((id >= 999032) AND (id <= 1009031))

table 7 : explain SELECT SUM(k) FROM sbtest7 WHERE id BETWEEN 3648511 AND 3658510
	Aggregate  (cost=36379.11..36379.12 rows=1 width=8)
	  ->  Bitmap Heap Scan on sbtest7  (cost=300.02..36352.87 rows=10496 width=4)
	        Recheck Cond: ((id >= 3648511) AND (id <= 3658510))
	        ->  Bitmap Index Scan on sbtest7_pkey  (cost=0.00..297.40 rows=10496 width=0)
	              Index Cond: ((id >= 3648511) AND (id <= 3658510))

table 8 : explain SELECT SUM(k) FROM sbtest8 WHERE id BETWEEN 2920250 AND 2930249
	Aggregate  (cost=37560.29..37560.30 rows=1 width=8)
	  ->  Bitmap Heap Scan on sbtest8  (cost=304.24..37533.02 rows=10908 width=4)
	        Recheck Cond: ((id >= 2920250) AND (id <= 2930249))
	        ->  Bitmap Index Scan on sbtest8_pkey  (cost=0.00..301.51 rows=10908 width=0)
	              Index Cond: ((id >= 2920250) AND (id <= 2930249))

for point_selects
table 1 : explain SELECT c FROM sbtest1 WHERE id=343041
	Index Scan using sbtest1_pkey on sbtest1  (cost=0.43..8.45 rows=1 width=121)
	  Index Cond: (id = 343041)

table 2 : explain SELECT c FROM sbtest2 WHERE id=3537874
	Index Scan using sbtest2_pkey on sbtest2  (cost=0.43..8.45 rows=1 width=121)
	  Index Cond: (id = 3537874)

table 3 : explain SELECT c FROM sbtest3 WHERE id=4760915
	Index Scan using sbtest3_pkey on sbtest3  (cost=0.43..8.45 rows=1 width=121)
	  Index Cond: (id = 4760915)

table 4 : explain SELECT c FROM sbtest4 WHERE id=4935651
	Index Scan using sbtest4_pkey on sbtest4  (cost=0.43..8.45 rows=1 width=121)
	  Index Cond: (id = 4935651)

table 5 : explain SELECT c FROM sbtest5 WHERE id=2352093
	Index Scan using sbtest5_pkey on sbtest5  (cost=0.43..8.45 rows=1 width=121)
	  Index Cond: (id = 2352093)

table 6 : explain SELECT c FROM sbtest6 WHERE id=9582702
	Index Scan using sbtest6_pkey on sbtest6  (cost=0.43..8.45 rows=1 width=121)
	  Index Cond: (id = 9582702)

table 7 : explain SELECT c FROM sbtest7 WHERE id=2896522
	Index Scan using sbtest7_pkey on sbtest7  (cost=0.43..8.45 rows=1 width=121)
	  Index Cond: (id = 2896522)

table 8 : explain SELECT c FROM sbtest8 WHERE id=4540222
	Index Scan using sbtest8_pkey on sbtest8  (cost=0.43..8.45 rows=1 width=121)
	  Index Cond: (id = 4540222)

for: order_ranges
table 1 : explain SELECT c FROM sbtest1 WHERE id BETWEEN 7405567 AND 7415566 ORDER BY c
	Sort  (cost=35145.57..35170.53 rows=9986 width=121)
	  Sort Key: c
	  ->  Bitmap Heap Scan on sbtest1  (cost=278.79..34482.21 rows=9986 width=121)
	        Recheck Cond: ((id >= 7405567) AND (id <= 7415566))
	        ->  Bitmap Index Scan on sbtest1_pkey  (cost=0.00..276.30 rows=9986 width=0)
	              Index Cond: ((id >= 7405567) AND (id <= 7415566))

table 2 : explain SELECT c FROM sbtest2 WHERE id BETWEEN 706987 AND 716986 ORDER BY c
	Sort  (cost=33772.40..33796.26 rows=9546 width=121)
	  Sort Key: c
	  ->  Bitmap Heap Scan on sbtest2  (cost=262.28..33141.38 rows=9546 width=121)
	        Recheck Cond: ((id >= 706987) AND (id <= 716986))
	        ->  Bitmap Index Scan on sbtest2_pkey  (cost=0.00..259.90 rows=9546 width=0)
	              Index Cond: ((id >= 706987) AND (id <= 716986))

table 3 : explain SELECT c FROM sbtest3 WHERE id BETWEEN 6545754 AND 6555753 ORDER BY c
	Sort  (cost=35176.51..35201.44 rows=9974 width=121)
	  Sort Key: c
	  ->  Bitmap Heap Scan on sbtest3  (cost=274.67..34514.04 rows=9974 width=121)
	        Recheck Cond: ((id >= 6545754) AND (id <= 6555753))
	        ->  Bitmap Index Scan on sbtest3_pkey  (cost=0.00..272.18 rows=9974 width=0)
	              Index Cond: ((id >= 6545754) AND (id <= 6555753))

table 4 : explain SELECT c FROM sbtest4 WHERE id BETWEEN 4431789 AND 4441788 ORDER BY c
	Sort  (cost=34415.22..34439.57 rows=9739 width=121)
	  Sort Key: c
	  ->  Bitmap Heap Scan on sbtest4  (cost=268.26..33770.04 rows=9739 width=121)
	        Recheck Cond: ((id >= 4431789) AND (id <= 4441788))
	        ->  Bitmap Index Scan on sbtest4_pkey  (cost=0.00..265.82 rows=9739 width=0)
	              Index Cond: ((id >= 4431789) AND (id <= 4441788))

table 5 : explain SELECT c FROM sbtest5 WHERE id BETWEEN 1719243 AND 1729242 ORDER BY c
	Sort  (cost=34163.15..34187.17 rows=9608 width=121)
	  Sort Key: c
	  ->  Bitmap Heap Scan on sbtest5  (cost=270.92..33527.58 rows=9608 width=121)
	        Recheck Cond: ((id >= 1719243) AND (id <= 1729242))
	        ->  Bitmap Index Scan on sbtest5_pkey  (cost=0.00..268.51 rows=9608 width=0)
	              Index Cond: ((id >= 1719243) AND (id <= 1729242))

table 6 : explain SELECT c FROM sbtest6 WHERE id BETWEEN 5233688 AND 5243687 ORDER BY c
	Sort  (cost=33693.49..33717.23 rows=9495 width=121)
	  Sort Key: c
	  ->  Bitmap Heap Scan on sbtest6  (cost=265.76..33066.21 rows=9495 width=121)
	        Recheck Cond: ((id >= 5233688) AND (id <= 5243687))
	        ->  Bitmap Index Scan on sbtest6_pkey  (cost=0.00..263.38 rows=9495 width=0)
	              Index Cond: ((id >= 5233688) AND (id <= 5243687))

table 7 : explain SELECT c FROM sbtest7 WHERE id BETWEEN 1490023 AND 1500022 ORDER BY c
	Sort  (cost=31558.81..31580.85 rows=8815 width=121)
	  Sort Key: c
	  ->  Bitmap Heap Scan on sbtest7  (cost=250.79..30981.17 rows=8815 width=121)
	        Recheck Cond: ((id >= 1490023) AND (id <= 1500022))
	        ->  Bitmap Index Scan on sbtest7_pkey  (cost=0.00..248.59 rows=8815 width=0)
	              Index Cond: ((id >= 1490023) AND (id <= 1500022))

table 8 : explain SELECT c FROM sbtest8 WHERE id BETWEEN 7254405 AND 7264404 ORDER BY c
	Sort  (cost=37494.04..37520.71 rows=10667 width=121)
	  Sort Key: c
	  ->  Bitmap Heap Scan on sbtest8  (cost=297.77..36780.37 rows=10667 width=121)
	        Recheck Cond: ((id >= 7254405) AND (id <= 7264404))
	        ->  Bitmap Index Scan on sbtest8_pkey  (cost=0.00..295.11 rows=10667 width=0)
	              Index Cond: ((id >= 7254405) AND (id <= 7264404))

for: distinct_ranges
table 1 : explain SELECT DISTINCT c FROM sbtest1 WHERE id BETWEEN 7178911 AND 7188910 ORDER BY c
	Unique  (cost=34900.63..34950.19 rows=9911 width=121)
	  ->  Sort  (cost=34900.63..34925.41 rows=9911 width=121)
	        Sort Key: c
	        ->  Bitmap Heap Scan on sbtest1  (cost=274.02..34242.80 rows=9911 width=121)
	              Recheck Cond: ((id >= 7178911) AND (id <= 7188910))
	              ->  Bitmap Index Scan on sbtest1_pkey  (cost=0.00..271.55 rows=9911 width=0)
	                    Index Cond: ((id >= 7178911) AND (id <= 7188910))

table 2 : explain SELECT DISTINCT c FROM sbtest2 WHERE id BETWEEN 4751549 AND 4761548 ORDER BY c
	Unique  (cost=33622.85..33670.35 rows=9500 width=121)
	  ->  Sort  (cost=33622.85..33646.60 rows=9500 width=121)
	        Sort Key: c
	        ->  Bitmap Heap Scan on sbtest2  (cost=261.81..32995.20 rows=9500 width=121)
	              Recheck Cond: ((id >= 4751549) AND (id <= 4761548))
	              ->  Bitmap Index Scan on sbtest2_pkey  (cost=0.00..259.44 rows=9500 width=0)
	                    Index Cond: ((id >= 4751549) AND (id <= 4761548))

table 3 : explain SELECT DISTINCT c FROM sbtest3 WHERE id BETWEEN 2828555 AND 2838554 ORDER BY c
	Unique  (cost=33811.80..33859.57 rows=9553 width=121)
	  ->  Sort  (cost=33811.80..33835.69 rows=9553 width=121)
	        Sort Key: c
	        ->  Bitmap Heap Scan on sbtest3  (cost=262.35..33180.27 rows=9553 width=121)
	              Recheck Cond: ((id >= 2828555) AND (id <= 2838554))
	              ->  Bitmap Index Scan on sbtest3_pkey  (cost=0.00..259.96 rows=9553 width=0)
	                    Index Cond: ((id >= 2828555) AND (id <= 2838554))

table 4 : explain SELECT DISTINCT c FROM sbtest4 WHERE id BETWEEN 2925239 AND 2935238 ORDER BY c
	Unique  (cost=36166.33..36217.75 rows=10283 width=121)
	  ->  Sort  (cost=36166.33..36192.04 rows=10283 width=121)
	        Sort Key: c
	        ->  Bitmap Heap Scan on sbtest4  (cost=281.84..35481.07 rows=10283 width=121)
	              Recheck Cond: ((id >= 2925239) AND (id <= 2935238))
	              ->  Bitmap Index Scan on sbtest4_pkey  (cost=0.00..279.26 rows=10283 width=0)
	                    Index Cond: ((id >= 2925239) AND (id <= 2935238))

table 5 : explain SELECT DISTINCT c FROM sbtest5 WHERE id BETWEEN 9466671 AND 9476670 ORDER BY c
	Unique  (cost=39142.54..39198.28 rows=11148 width=121)
	  ->  Sort  (cost=39142.54..39170.41 rows=11148 width=121)
	        Sort Key: c
	        ->  Bitmap Heap Scan on sbtest5  (cost=314.70..38393.14 rows=11148 width=121)
	              Recheck Cond: ((id >= 9466671) AND (id <= 9476670))
	              ->  Bitmap Index Scan on sbtest5_pkey  (cost=0.00..311.92 rows=11148 width=0)
	                    Index Cond: ((id >= 9466671) AND (id <= 9476670))

table 6 : explain SELECT DISTINCT c FROM sbtest6 WHERE id BETWEEN 768282 AND 778281 ORDER BY c
	Unique  (cost=36891.66..36944.08 rows=10483 width=121)
	  ->  Sort  (cost=36891.66..36917.87 rows=10483 width=121)
	        Sort Key: c
	        ->  Bitmap Heap Scan on sbtest6  (cost=295.89..36191.62 rows=10483 width=121)
	              Recheck Cond: ((id >= 768282) AND (id <= 778281))
	              ->  Bitmap Index Scan on sbtest6_pkey  (cost=0.00..293.26 rows=10483 width=0)
	                    Index Cond: ((id >= 768282) AND (id <= 778281))

table 7 : explain SELECT DISTINCT c FROM sbtest7 WHERE id BETWEEN 9011016 AND 9021015 ORDER BY c
	Unique  (cost=36247.29..36298.53 rows=10247 width=121)
	  ->  Sort  (cost=36247.29..36272.91 rows=10247 width=121)
	        Sort Key: c
	        ->  Bitmap Heap Scan on sbtest7  (cost=293.47..35564.70 rows=10247 width=121)
	              Recheck Cond: ((id >= 9011016) AND (id <= 9021015))
	              ->  Bitmap Index Scan on sbtest7_pkey  (cost=0.00..290.91 rows=10247 width=0)
	                    Index Cond: ((id >= 9011016) AND (id <= 9021015))

table 8 : explain SELECT DISTINCT c FROM sbtest8 WHERE id BETWEEN 1980955 AND 1990954 ORDER BY c
	Unique  (cost=35468.89..35519.08 rows=10038 width=121)
	  ->  Sort  (cost=35468.89..35493.99 rows=10038 width=121)
	        Sort Key: c
	        ->  Bitmap Heap Scan on sbtest8  (cost=279.32..34801.71 rows=10038 width=121)
	              Recheck Cond: ((id >= 1980955) AND (id <= 1990954))
	              ->  Bitmap Index Scan on sbtest8_pkey  (cost=0.00..276.81 rows=10038 width=0)
	                    Index Cond: ((id >= 1980955) AND (id <= 1990954))

for: simple_ranges
table 1 : explain SELECT c FROM sbtest1 WHERE id BETWEEN 310947 AND 320946
	Bitmap Heap Scan on sbtest1  (cost=286.74..35682.58 rows=10371 width=121)
	  Recheck Cond: ((id >= 310947) AND (id <= 320946))
	  ->  Bitmap Index Scan on sbtest1_pkey  (cost=0.00..284.15 rows=10371 width=0)
	        Index Cond: ((id >= 310947) AND (id <= 320946))

table 2 : explain SELECT c FROM sbtest2 WHERE id BETWEEN 3664356 AND 3674355
	Bitmap Heap Scan on sbtest2  (cost=293.73..36651.56 rows=10663 width=121)
	  Recheck Cond: ((id >= 3664356) AND (id <= 3674355))
	  ->  Bitmap Index Scan on sbtest2_pkey  (cost=0.00..291.06 rows=10663 width=0)
	        Index Cond: ((id >= 3664356) AND (id <= 3674355))

table 3 : explain SELECT c FROM sbtest3 WHERE id BETWEEN 5862627 AND 5872626
	Bitmap Heap Scan on sbtest3  (cost=262.68..33280.99 rows=9585 width=121)
	  Recheck Cond: ((id >= 5862627) AND (id <= 5872626))
	  ->  Bitmap Index Scan on sbtest3_pkey  (cost=0.00..260.29 rows=9585 width=0)
	        Index Cond: ((id >= 5862627) AND (id <= 5872626))

table 4 : explain SELECT c FROM sbtest4 WHERE id BETWEEN 5845492 AND 5855491
	Bitmap Heap Scan on sbtest4  (cost=281.74..35452.09 rows=10274 width=121)
	  Recheck Cond: ((id >= 5845492) AND (id <= 5855491))
	  ->  Bitmap Index Scan on sbtest4_pkey  (cost=0.00..279.18 rows=10274 width=0)
	        Index Cond: ((id >= 5845492) AND (id <= 5855491))

table 5 : explain SELECT c FROM sbtest5 WHERE id BETWEEN 2461521 AND 2471520
	Bitmap Heap Scan on sbtest5  (cost=288.46..35250.46 rows=10149 width=121)
	  Recheck Cond: ((id >= 2461521) AND (id <= 2471520))
	  ->  Bitmap Index Scan on sbtest5_pkey  (cost=0.00..285.93 rows=10149 width=0)
	        Index Cond: ((id >= 2461521) AND (id <= 2471520))

table 6 : explain SELECT c FROM sbtest6 WHERE id BETWEEN 9257150 AND 9267149
	Bitmap Heap Scan on sbtest6  (cost=263.96..32511.29 rows=9320 width=121)
	  Recheck Cond: ((id >= 9257150) AND (id <= 9267149))
	  ->  Bitmap Index Scan on sbtest6_pkey  (cost=0.00..261.63 rows=9320 width=0)
	        Index Cond: ((id >= 9257150) AND (id <= 9267149))

table 7 : explain SELECT c FROM sbtest7 WHERE id BETWEEN 5869648 AND 5879647
	Bitmap Heap Scan on sbtest7  (cost=301.80..36895.97 rows=10670 width=121)
	  Recheck Cond: ((id >= 5869648) AND (id <= 5879647))
	  ->  Bitmap Index Scan on sbtest7_pkey  (cost=0.00..299.13 rows=10670 width=0)
	        Index Cond: ((id >= 5869648) AND (id <= 5879647))

table 8 : explain SELECT c FROM sbtest8 WHERE id BETWEEN 6708223 AND 6718222
	Bitmap Heap Scan on sbtest8  (cost=296.83..36493.86 rows=10575 width=121)
	  Recheck Cond: ((id >= 6708223) AND (id <= 6718222))
	  ->  Bitmap Index Scan on sbtest8_pkey  (cost=0.00..294.19 rows=10575 width=0)
	        Index Cond: ((id >= 6708223) AND (id <= 6718222))

explain: for point_selects :: explain SELECT c FROM sbtest%u WHERE id=%u
for: distinct_ranges
table 1 : explain SELECT DISTINCT c FROM sbtest1 WHERE id BETWEEN 9958633 AND 9968632 ORDER BY c
	Unique  (cost=33721.76..33769.48 rows=9545 width=121)
	  ->  Sort  (cost=33721.76..33745.62 rows=9545 width=121)
	        Sort Key: c
	        ->  Bitmap Heap Scan on sbtest1  (cost=266.27..33090.81 rows=9545 width=121)
	              Recheck Cond: ((id >= 9958633) AND (id <= 9968632))
	              ->  Bitmap Index Scan on sbtest1_pkey  (cost=0.00..263.88 rows=9545 width=0)
	                    Index Cond: ((id >= 9958633) AND (id <= 9968632))

table 2 : explain SELECT DISTINCT c FROM sbtest2 WHERE id BETWEEN 2102684 AND 2112683 ORDER BY c
	Unique  (cost=37319.05..37372.29 rows=10649 width=121)
	  ->  Sort  (cost=37319.05..37345.67 rows=10649 width=121)
	        Sort Key: c
	        ->  Bitmap Heap Scan on sbtest2  (cost=293.59..36606.71 rows=10649 width=121)
	              Recheck Cond: ((id >= 2102684) AND (id <= 2112683))
	              ->  Bitmap Index Scan on sbtest2_pkey  (cost=0.00..290.93 rows=10649 width=0)
	                    Index Cond: ((id >= 2102684) AND (id <= 2112683))

table 3 : explain SELECT DISTINCT c FROM sbtest3 WHERE id BETWEEN 3374132 AND 3384131 ORDER BY c
	Unique  (cost=35285.69..35335.73 rows=10008 width=121)
	  ->  Sort  (cost=35285.69..35310.71 rows=10008 width=121)
	        Sort Key: c
	        ->  Bitmap Heap Scan on sbtest3  (cost=275.02..34620.71 rows=10008 width=121)
	              Recheck Cond: ((id >= 3374132) AND (id <= 3384131))
	              ->  Bitmap Index Scan on sbtest3_pkey  (cost=0.00..272.51 rows=10008 width=0)
	                    Index Cond: ((id >= 3374132) AND (id <= 3384131))

table 4 : explain SELECT DISTINCT c FROM sbtest4 WHERE id BETWEEN 7492096 AND 7502095 ORDER BY c
	Unique  (cost=37256.34..37309.46 rows=10624 width=121)
	  ->  Sort  (cost=37256.34..37282.90 rows=10624 width=121)
	        Sort Key: c
	        ->  Bitmap Heap Scan on sbtest4  (cost=289.33..36545.86 rows=10624 width=121)
	              Recheck Cond: ((id >= 7492096) AND (id <= 7502095))
	              ->  Bitmap Index Scan on sbtest4_pkey  (cost=0.00..286.68 rows=10624 width=0)
	                    Index Cond: ((id >= 7492096) AND (id <= 7502095))

table 5 : explain SELECT DISTINCT c FROM sbtest5 WHERE id BETWEEN 5712655 AND 5722654 ORDER BY c
	Unique  (cost=32504.91..32550.43 rows=9103 width=121)
	  ->  Sort  (cost=32504.91..32527.67 rows=9103 width=121)
	        Sort Key: c
	        ->  Bitmap Heap Scan on sbtest5  (cost=257.74..31906.30 rows=9103 width=121)
	              Recheck Cond: ((id >= 5712655) AND (id <= 5722654))
	              ->  Bitmap Index Scan on sbtest5_pkey  (cost=0.00..255.47 rows=9103 width=0)
	                    Index Cond: ((id >= 5712655) AND (id <= 5722654))

table 6 : explain SELECT DISTINCT c FROM sbtest6 WHERE id BETWEEN 1504144 AND 1514143 ORDER BY c
	Unique  (cost=36071.63..36122.77 rows=10228 width=121)
	  ->  Sort  (cost=36071.63..36097.20 rows=10228 width=121)
	        Sort Key: c
	        ->  Bitmap Heap Scan on sbtest6  (cost=289.27..35390.44 rows=10228 width=121)
	              Recheck Cond: ((id >= 1504144) AND (id <= 1514143))
	              ->  Bitmap Index Scan on sbtest6_pkey  (cost=0.00..286.71 rows=10228 width=0)
	                    Index Cond: ((id >= 1504144) AND (id <= 1514143))

table 7 : explain SELECT DISTINCT c FROM sbtest7 WHERE id BETWEEN 5810716 AND 5820715 ORDER BY c
	Unique  (cost=35997.35..36048.20 rows=10170 width=121)
	  ->  Sort  (cost=35997.35..36022.77 rows=10170 width=121)
	        Sort Key: c
	        ->  Bitmap Heap Scan on sbtest7  (cost=288.68..35320.43 rows=10170 width=121)
	              Recheck Cond: ((id >= 5810716) AND (id <= 5820715))
	              ->  Bitmap Index Scan on sbtest7_pkey  (cost=0.00..286.13 rows=10170 width=0)
	                    Index Cond: ((id >= 5810716) AND (id <= 5820715))

table 8 : explain SELECT DISTINCT c FROM sbtest8 WHERE id BETWEEN 1278569 AND 1288568 ORDER BY c
	Unique  (cost=34527.95..34576.69 rows=9748 width=121)
	  ->  Sort  (cost=34527.95..34552.32 rows=9748 width=121)
	        Sort Key: c
	        ->  Bitmap Heap Scan on sbtest8  (cost=272.35..33882.10 rows=9748 width=121)
	              Recheck Cond: ((id >= 1278569) AND (id <= 1288568))
	              ->  Bitmap Index Scan on sbtest8_pkey  (cost=0.00..269.92 rows=9748 width=0)
	                    Index Cond: ((id >= 1278569) AND (id <= 1288568))

for: simple_ranges
table 1 : explain SELECT c FROM sbtest1 WHERE id BETWEEN 5709497 AND 5719496
	Bitmap Heap Scan on sbtest1  (cost=273.88..34197.63 rows=9897 width=121)
	  Recheck Cond: ((id >= 5709497) AND (id <= 5719496))
	  ->  Bitmap Index Scan on sbtest1_pkey  (cost=0.00..271.41 rows=9897 width=0)
	        Index Cond: ((id >= 5709497) AND (id <= 5719496))

table 2 : explain SELECT c FROM sbtest2 WHERE id BETWEEN 2586656 AND 2596655
	Bitmap Heap Scan on sbtest2  (cost=293.86..36690.02 rows=10676 width=121)
	  Recheck Cond: ((id >= 2586656) AND (id <= 2596655))
	  ->  Bitmap Index Scan on sbtest2_pkey  (cost=0.00..291.19 rows=10676 width=0)
	        Index Cond: ((id >= 2586656) AND (id <= 2596655))

table 3 : explain SELECT c FROM sbtest3 WHERE id BETWEEN 5115486 AND 5125485
	Bitmap Heap Scan on sbtest3  (cost=275.74..34840.41 rows=10079 width=121)
	  Recheck Cond: ((id >= 5115486) AND (id <= 5125485))
	  ->  Bitmap Index Scan on sbtest3_pkey  (cost=0.00..273.23 rows=10079 width=0)
	        Index Cond: ((id >= 5115486) AND (id <= 5125485))

table 4 : explain SELECT c FROM sbtest4 WHERE id BETWEEN 7648724 AND 7658723
	Bitmap Heap Scan on sbtest4  (cost=262.11..33103.78 rows=9529 width=121)
	  Recheck Cond: ((id >= 7648724) AND (id <= 7658723))
	  ->  Bitmap Index Scan on sbtest4_pkey  (cost=0.00..259.73 rows=9529 width=0)
	        Index Cond: ((id >= 7648724) AND (id <= 7658723))

table 5 : explain SELECT c FROM sbtest5 WHERE id BETWEEN 2890558 AND 2900557
	Bitmap Heap Scan on sbtest5  (cost=307.22..37330.43 rows=10808 width=121)
	  Recheck Cond: ((id >= 2890558) AND (id <= 2900557))
	  ->  Bitmap Index Scan on sbtest5_pkey  (cost=0.00..304.51 rows=10808 width=0)
	        Index Cond: ((id >= 2890558) AND (id <= 2900557))

table 6 : explain SELECT c FROM sbtest6 WHERE id BETWEEN 8888745 AND 8898744
	Bitmap Heap Scan on sbtest6  (cost=302.02..36845.78 rows=10691 width=121)
	  Recheck Cond: ((id >= 8888745) AND (id <= 8898744))
	  ->  Bitmap Index Scan on sbtest6_pkey  (cost=0.00..299.34 rows=10691 width=0)
	        Index Cond: ((id >= 8888745) AND (id <= 8898744))

table 7 : explain SELECT c FROM sbtest7 WHERE id BETWEEN 1006151 AND 1016150
	Bitmap Heap Scan on sbtest7  (cost=280.96..34167.48 rows=9807 width=121)
	  Recheck Cond: ((id >= 1006151) AND (id <= 1016150))
	  ->  Bitmap Index Scan on sbtest7_pkey  (cost=0.00..278.50 rows=9807 width=0)
	        Index Cond: ((id >= 1006151) AND (id <= 1016150))

table 8 : explain SELECT c FROM sbtest8 WHERE id BETWEEN 4176539 AND 4186538
	Bitmap Heap Scan on sbtest8  (cost=265.80..33093.06 rows=9499 width=121)
	  Recheck Cond: ((id >= 4176539) AND (id <= 4186538))
	  ->  Bitmap Index Scan on sbtest8_pkey  (cost=0.00..263.43 rows=9499 width=0)
	        Index Cond: ((id >= 4176539) AND (id <= 4186538))

for: simple_ranges
table 1 : explain SELECT c FROM sbtest1 WHERE id BETWEEN 670579 AND 680578
	Bitmap Heap Scan on sbtest1  (cost=298.61..36862.21 rows=10749 width=121)
	  Recheck Cond: ((id >= 670579) AND (id <= 680578))
	  ->  Bitmap Index Scan on sbtest1_pkey  (cost=0.00..295.93 rows=10749 width=0)
	        Index Cond: ((id >= 670579) AND (id <= 680578))

table 2 : explain SELECT c FROM sbtest2 WHERE id BETWEEN 4455374 AND 4465373
	Bitmap Heap Scan on sbtest2  (cost=268.24..33745.49 rows=9737 width=121)
	  Recheck Cond: ((id >= 4455374) AND (id <= 4465373))
	  ->  Bitmap Index Scan on sbtest2_pkey  (cost=0.00..265.81 rows=9737 width=0)
	        Index Cond: ((id >= 4455374) AND (id <= 4465373))

table 3 : explain SELECT c FROM sbtest3 WHERE id BETWEEN 143498 AND 153497
	Bitmap Heap Scan on sbtest3  (cost=313.48..39016.47 rows=11419 width=121)
	  Recheck Cond: ((id >= 143498) AND (id <= 153497))
	  ->  Bitmap Index Scan on sbtest3_pkey  (cost=0.00..310.62 rows=11419 width=0)
	        Index Cond: ((id >= 143498) AND (id <= 153497))

table 4 : explain SELECT c FROM sbtest4 WHERE id BETWEEN 6368609 AND 6378608
	Bitmap Heap Scan on sbtest4  (cost=281.37..35339.32 rows=10238 width=121)
	  Recheck Cond: ((id >= 6368609) AND (id <= 6378608))
	  ->  Bitmap Index Scan on sbtest4_pkey  (cost=0.00..278.81 rows=10238 width=0)
	        Index Cond: ((id >= 6368609) AND (id <= 6378608))

table 5 : explain SELECT c FROM sbtest5 WHERE id BETWEEN 6596154 AND 6606153
	Bitmap Heap Scan on sbtest5  (cost=295.25..36110.72 rows=10421 width=121)
	  Recheck Cond: ((id >= 6596154) AND (id <= 6606153))
	  ->  Bitmap Index Scan on sbtest5_pkey  (cost=0.00..292.65 rows=10421 width=0)
	        Index Cond: ((id >= 6596154) AND (id <= 6606153))

table 6 : explain SELECT c FROM sbtest6 WHERE id BETWEEN 2251949 AND 2261948
	Bitmap Heap Scan on sbtest6  (cost=290.52..35774.78 rows=10350 width=121)
	  Recheck Cond: ((id >= 2251949) AND (id <= 2261948))
	  ->  Bitmap Index Scan on sbtest6_pkey  (cost=0.00..287.94 rows=10350 width=0)
	        Index Cond: ((id >= 2251949) AND (id <= 2261948))

table 7 : explain SELECT c FROM sbtest7 WHERE id BETWEEN 4563320 AND 4573319
	Bitmap Heap Scan on sbtest7  (cost=313.94..38167.01 rows=11074 width=121)
	  Recheck Cond: ((id >= 4563320) AND (id <= 4573319))
	  ->  Bitmap Index Scan on sbtest7_pkey  (cost=0.00..311.18 rows=11074 width=0)
	        Index Cond: ((id >= 4563320) AND (id <= 4573319))

table 8 : explain SELECT c FROM sbtest8 WHERE id BETWEEN 7602869 AND 7612868
	Bitmap Heap Scan on sbtest8  (cost=272.17..33826.79 rows=9730 width=121)
	  Recheck Cond: ((id >= 7602869) AND (id <= 7612868))
	  ->  Bitmap Index Scan on sbtest8_pkey  (cost=0.00..269.74 rows=9730 width=0)
	        Index Cond: ((id >= 7602869) AND (id <= 7612868))

for: simple_ranges
table 1 : explain SELECT c FROM sbtest1 WHERE id BETWEEN 910176 AND 920175
	Bitmap Heap Scan on sbtest1  (cost=304.76..37513.77 rows=10959 width=121)
	  Recheck Cond: ((id >= 910176) AND (id <= 920175))
	  ->  Bitmap Index Scan on sbtest1_pkey  (cost=0.00..302.03 rows=10959 width=0)
	        Index Cond: ((id >= 910176) AND (id <= 920175))

table 2 : explain SELECT c FROM sbtest2 WHERE id BETWEEN 1305962 AND 1315961
	Bitmap Heap Scan on sbtest2  (cost=280.88..35171.94 rows=10190 width=121)
	  Recheck Cond: ((id >= 1305962) AND (id <= 1315961))
	  ->  Bitmap Index Scan on sbtest2_pkey  (cost=0.00..278.33 rows=10190 width=0)
	        Index Cond: ((id >= 1305962) AND (id <= 1315961))

table 3 : explain SELECT c FROM sbtest3 WHERE id BETWEEN 533736 AND 543735
	Bitmap Heap Scan on sbtest3  (cost=282.86..35795.27 rows=10383 width=121)
	  Recheck Cond: ((id >= 533736) AND (id <= 543735))
	  ->  Bitmap Index Scan on sbtest3_pkey  (cost=0.00..280.26 rows=10383 width=0)
	        Index Cond: ((id >= 533736) AND (id <= 543735))

table 4 : explain SELECT c FROM sbtest4 WHERE id BETWEEN 7509489 AND 7519488
	Bitmap Heap Scan on sbtest4  (cost=289.33..36545.86 rows=10624 width=121)
	  Recheck Cond: ((id >= 7509489) AND (id <= 7519488))
	  ->  Bitmap Index Scan on sbtest4_pkey  (cost=0.00..286.68 rows=10624 width=0)
	        Index Cond: ((id >= 7509489) AND (id <= 7519488))

table 5 : explain SELECT c FROM sbtest5 WHERE id BETWEEN 7622010 AND 7632009
	Bitmap Heap Scan on sbtest5  (cost=265.12..32967.24 rows=9433 width=121)
	  Recheck Cond: ((id >= 7622010) AND (id <= 7632009))
	  ->  Bitmap Index Scan on sbtest5_pkey  (cost=0.00..262.76 rows=9433 width=0)
	        Index Cond: ((id >= 7622010) AND (id <= 7632009))

table 6 : explain SELECT c FROM sbtest6 WHERE id BETWEEN 1622054 AND 1632053
	Bitmap Heap Scan on sbtest6  (cost=276.43..33901.12 rows=9756 width=121)
	  Recheck Cond: ((id >= 1622054) AND (id <= 1632053))
	  ->  Bitmap Index Scan on sbtest6_pkey  (cost=0.00..274.00 rows=9756 width=0)
	        Index Cond: ((id >= 1622054) AND (id <= 1632053))

table 7 : explain SELECT c FROM sbtest7 WHERE id BETWEEN 9908975 AND 9918974
	Bitmap Heap Scan on sbtest7  (cost=269.73..33159.52 rows=9492 width=121)
	  Recheck Cond: ((id >= 9908975) AND (id <= 9918974))
	  ->  Bitmap Index Scan on sbtest7_pkey  (cost=0.00..267.36 rows=9492 width=0)
	        Index Cond: ((id >= 9908975) AND (id <= 9918974))

table 8 : explain SELECT c FROM sbtest8 WHERE id BETWEEN 8868590 AND 8878589
	Bitmap Heap Scan on sbtest8  (cost=296.83..36493.86 rows=10575 width=121)
	  Recheck Cond: ((id >= 8868590) AND (id <= 8878589))
	  ->  Bitmap Index Scan on sbtest8_pkey  (cost=0.00..294.19 rows=10575 width=0)
	        Index Cond: ((id >= 8868590) AND (id <= 8878589))

for: simple_ranges
table 1 : explain SELECT c FROM sbtest1 WHERE id BETWEEN 6264795 AND 6274794
	Bitmap Heap Scan on sbtest1  (cost=266.11..33042.17 rows=9529 width=121)
	  Recheck Cond: ((id >= 6264795) AND (id <= 6274794))
	  ->  Bitmap Index Scan on sbtest1_pkey  (cost=0.00..263.73 rows=9529 width=0)
	        Index Cond: ((id >= 6264795) AND (id <= 6274794))

table 2 : explain SELECT c FROM sbtest2 WHERE id BETWEEN 5999406 AND 6009405
	Bitmap Heap Scan on sbtest2  (cost=286.97..35809.96 rows=10394 width=121)
	  Recheck Cond: ((id >= 5999406) AND (id <= 6009405))
	  ->  Bitmap Index Scan on sbtest2_pkey  (cost=0.00..284.38 rows=10394 width=0)
	        Index Cond: ((id >= 5999406) AND (id <= 6009405))

table 3 : explain SELECT c FROM sbtest3 WHERE id BETWEEN 8528334 AND 8538333
	Bitmap Heap Scan on sbtest3  (cost=267.75..33612.89 rows=9689 width=121)
	  Recheck Cond: ((id >= 8528334) AND (id <= 8538333))
	  ->  Bitmap Index Scan on sbtest3_pkey  (cost=0.00..265.32 rows=9689 width=0)
	        Index Cond: ((id >= 8528334) AND (id <= 8538333))

table 4 : explain SELECT c FROM sbtest4 WHERE id BETWEEN 3403849 AND 3413848
	Bitmap Heap Scan on sbtest4  (cost=248.75..31439.12 rows=9006 width=121)
	  Recheck Cond: ((id >= 3403849) AND (id <= 3413848))
	  ->  Bitmap Index Scan on sbtest4_pkey  (cost=0.00..246.50 rows=9006 width=0)
	        Index Cond: ((id >= 3403849) AND (id <= 3413848))

table 5 : explain SELECT c FROM sbtest5 WHERE id BETWEEN 1509607 AND 1519606
	Bitmap Heap Scan on sbtest5  (cost=308.20..37630.11 rows=10904 width=121)
	  Recheck Cond: ((id >= 1509607) AND (id <= 1519606))
	  ->  Bitmap Index Scan on sbtest5_pkey  (cost=0.00..305.48 rows=10904 width=0)
	        Index Cond: ((id >= 1509607) AND (id <= 1519606))

table 6 : explain SELECT c FROM sbtest6 WHERE id BETWEEN 3353408 AND 3363407
	Bitmap Heap Scan on sbtest6  (cost=283.41..34816.93 rows=10046 width=121)
	  Recheck Cond: ((id >= 3353408) AND (id <= 3363407))
	  ->  Bitmap Index Scan on sbtest6_pkey  (cost=0.00..280.90 rows=10046 width=0)
	        Index Cond: ((id >= 3353408) AND (id <= 3363407))

table 7 : explain SELECT c FROM sbtest7 WHERE id BETWEEN 9591603 AND 9601602
	Bitmap Heap Scan on sbtest7  (cost=288.68..35320.43 rows=10170 width=121)
	  Recheck Cond: ((id >= 9591603) AND (id <= 9601602))
	  ->  Bitmap Index Scan on sbtest7_pkey  (cost=0.00..286.13 rows=10170 width=0)
	        Index Cond: ((id >= 9591603) AND (id <= 9601602))

table 8 : explain SELECT c FROM sbtest8 WHERE id BETWEEN 2703305 AND 2713304
	Bitmap Heap Scan on sbtest8  (cost=278.73..34620.13 rows=9980 width=121)
	  Recheck Cond: ((id >= 2703305) AND (id <= 2713304))
	  ->  Bitmap Index Scan on sbtest8_pkey  (cost=0.00..276.24 rows=9980 width=0)
	        Index Cond: ((id >= 2703305) AND (id <= 2713304))

for: distinct_ranges
table 1 : explain SELECT DISTINCT c FROM sbtest1 WHERE id BETWEEN 5576623 AND 5586622 ORDER BY c
	Unique  (cost=35112.60..35162.48 rows=9976 width=121)
	  ->  Sort  (cost=35112.60..35137.54 rows=9976 width=121)
	        Sort Key: c
	        ->  Bitmap Heap Scan on sbtest1  (cost=278.69..34449.98 rows=9976 width=121)
	              Recheck Cond: ((id >= 5576623) AND (id <= 5586622))
	              ->  Bitmap Index Scan on sbtest1_pkey  (cost=0.00..276.19 rows=9976 width=0)
	                    Index Cond: ((id >= 5576623) AND (id <= 5586622))

table 2 : explain SELECT DISTINCT c FROM sbtest2 WHERE id BETWEEN 4915220 AND 4925219 ORDER BY c
	Unique  (cost=34977.53..35027.13 rows=9919 width=121)
	  ->  Sort  (cost=34977.53..35002.33 rows=9919 width=121)
	        Sort Key: c
	        ->  Bitmap Heap Scan on sbtest2  (cost=274.10..34319.11 rows=9919 width=121)
	              Recheck Cond: ((id >= 4915220) AND (id <= 4925219))
	              ->  Bitmap Index Scan on sbtest2_pkey  (cost=0.00..271.62 rows=9919 width=0)
	                    Index Cond: ((id >= 4915220) AND (id <= 4925219))

table 3 : explain SELECT DISTINCT c FROM sbtest3 WHERE id BETWEEN 6543282 AND 6553281 ORDER BY c
	Unique  (cost=35176.51..35226.38 rows=9974 width=121)
	  ->  Sort  (cost=35176.51..35201.44 rows=9974 width=121)
	        Sort Key: c
	        ->  Bitmap Heap Scan on sbtest3  (cost=274.67..34514.04 rows=9974 width=121)
	              Recheck Cond: ((id >= 6543282) AND (id <= 6553281))
	              ->  Bitmap Index Scan on sbtest3_pkey  (cost=0.00..272.18 rows=9974 width=0)
	                    Index Cond: ((id >= 6543282) AND (id <= 6553281))

table 4 : explain SELECT DISTINCT c FROM sbtest4 WHERE id BETWEEN 3184264 AND 3194263 ORDER BY c
	Unique  (cost=35535.16..35585.60 rows=10087 width=121)
	  ->  Sort  (cost=35535.16..35560.38 rows=10087 width=121)
	        Sort Key: c
	        ->  Bitmap Heap Scan on sbtest4  (cost=275.83..34864.37 rows=10087 width=121)
	              Recheck Cond: ((id >= 3184264) AND (id <= 3194263))
	              ->  Bitmap Index Scan on sbtest4_pkey  (cost=0.00..273.31 rows=10087 width=0)
	                    Index Cond: ((id >= 3184264) AND (id <= 3194263))

table 5 : explain SELECT DISTINCT c FROM sbtest5 WHERE id BETWEEN 6182076 AND 6192075 ORDER BY c
	Unique  (cost=36228.23..36279.44 rows=10243 width=121)
	  ->  Sort  (cost=36228.23..36253.83 rows=10243 width=121)
	        Sort Key: c
	        ->  Bitmap Heap Scan on sbtest5  (cost=289.43..35545.92 rows=10243 width=121)
	              Recheck Cond: ((id >= 6182076) AND (id <= 6192075))
	              ->  Bitmap Index Scan on sbtest5_pkey  (cost=0.00..286.87 rows=10243 width=0)
	                    Index Cond: ((id >= 6182076) AND (id <= 6192075))

table 6 : explain SELECT DISTINCT c FROM sbtest6 WHERE id BETWEEN 141663 AND 151662 ORDER BY c
	Unique  (cost=32967.87..33014.23 rows=9272 width=121)
	  ->  Sort  (cost=32967.87..32991.05 rows=9272 width=121)
	        Sort Key: c
	        ->  Bitmap Heap Scan on sbtest6  (cost=259.47..32356.91 rows=9272 width=121)
	              Recheck Cond: ((id >= 141663) AND (id <= 151662))
	              ->  Bitmap Index Scan on sbtest6_pkey  (cost=0.00..257.16 rows=9272 width=0)
	                    Index Cond: ((id >= 141663) AND (id <= 151662))

table 7 : explain SELECT DISTINCT c FROM sbtest7 WHERE id BETWEEN 5628819 AND 5638818 ORDER BY c
	Unique  (cost=39260.36..39316.28 rows=11183 width=121)
	  ->  Sort  (cost=39260.36..39288.32 rows=11183 width=121)
	        Sort Key: c
	        ->  Bitmap Heap Scan on sbtest7  (cost=319.06..38508.36 rows=11183 width=121)
	              Recheck Cond: ((id >= 5628819) AND (id <= 5638818))
	              ->  Bitmap Index Scan on sbtest7_pkey  (cost=0.00..316.26 rows=11183 width=0)
	                    Index Cond: ((id >= 5628819) AND (id <= 5638818))

table 8 : explain SELECT DISTINCT c FROM sbtest8 WHERE id BETWEEN 92904 AND 102903 ORDER BY c
	Unique  (cost=34501.25..34549.95 rows=9739 width=121)
	  ->  Sort  (cost=34501.25..34525.60 rows=9739 width=121)
	        Sort Key: c
	        ->  Bitmap Heap Scan on sbtest8  (cost=272.26..33856.06 rows=9739 width=121)
	              Recheck Cond: ((id >= 92904) AND (id <= 102903))
	              ->  Bitmap Index Scan on sbtest8_pkey  (cost=0.00..269.82 rows=9739 width=0)
	                    Index Cond: ((id >= 92904) AND (id <= 102903))

for point_selects
table 1 : explain SELECT c FROM sbtest1 WHERE id=860272
	Index Scan using sbtest1_pkey on sbtest1  (cost=0.43..8.45 rows=1 width=121)
	  Index Cond: (id = 860272)

table 2 : explain SELECT c FROM sbtest2 WHERE id=3768649
	Index Scan using sbtest2_pkey on sbtest2  (cost=0.43..8.45 rows=1 width=121)
	  Index Cond: (id = 3768649)

table 3 : explain SELECT c FROM sbtest3 WHERE id=9643110
	Index Scan using sbtest3_pkey on sbtest3  (cost=0.43..8.45 rows=1 width=121)
	  Index Cond: (id = 9643110)

table 4 : explain SELECT c FROM sbtest4 WHERE id=2446243
	Index Scan using sbtest4_pkey on sbtest4  (cost=0.43..8.45 rows=1 width=121)
	  Index Cond: (id = 2446243)

table 5 : explain SELECT c FROM sbtest5 WHERE id=5655246
	Index Scan using sbtest5_pkey on sbtest5  (cost=0.43..8.45 rows=1 width=121)
	  Index Cond: (id = 5655246)

table 6 : explain SELECT c FROM sbtest6 WHERE id=2457825
	Index Scan using sbtest6_pkey on sbtest6  (cost=0.43..8.45 rows=1 width=121)
	  Index Cond: (id = 2457825)

table 7 : explain SELECT c FROM sbtest7 WHERE id=2035482
	Index Scan using sbtest7_pkey on sbtest7  (cost=0.43..8.45 rows=1 width=121)
	  Index Cond: (id = 2035482)

table 8 : explain SELECT c FROM sbtest8 WHERE id=2298635
	Index Scan using sbtest8_pkey on sbtest8  (cost=0.43..8.45 rows=1 width=121)
	  Index Cond: (id = 2298635)

for: order_ranges
table 1 : explain SELECT c FROM sbtest1 WHERE id BETWEEN 4401685 AND 4411684 ORDER BY c
	Sort  (cost=34441.15..34465.57 rows=9767 width=121)
	  Sort Key: c
	  ->  Bitmap Heap Scan on sbtest1  (cost=272.55..33793.91 rows=9767 width=121)
	        Recheck Cond: ((id >= 4401685) AND (id <= 4411684))
	        ->  Bitmap Index Scan on sbtest1_pkey  (cost=0.00..270.11 rows=9767 width=0)
	              Index Cond: ((id >= 4401685) AND (id <= 4411684))

table 2 : explain SELECT c FROM sbtest2 WHERE id BETWEEN 3756349 AND 3766348 ORDER BY c
	Sort  (cost=35675.43..35700.77 rows=10135 width=121)
	  Sort Key: c
	  ->  Bitmap Heap Scan on sbtest2  (cost=280.32..35001.10 rows=10135 width=121)
	        Recheck Cond: ((id >= 3756349) AND (id <= 3766348))
	        ->  Bitmap Index Scan on sbtest2_pkey  (cost=0.00..277.79 rows=10135 width=0)
	              Index Cond: ((id >= 3756349) AND (id <= 3766348))

table 3 : explain SELECT c FROM sbtest3 WHERE id BETWEEN 4998839 AND 5008838 ORDER BY c
	Sort  (cost=34077.67..34101.75 rows=9635 width=121)
	  Sort Key: c
	  ->  Bitmap Heap Scan on sbtest3  (cost=263.19..33440.12 rows=9635 width=121)
	        Recheck Cond: ((id >= 4998839) AND (id <= 5008838))
	        ->  Bitmap Index Scan on sbtest3_pkey  (cost=0.00..260.79 rows=9635 width=0)
	              Index Cond: ((id >= 4998839) AND (id <= 5008838))

table 4 : explain SELECT c FROM sbtest4 WHERE id BETWEEN 8368780 AND 8378779 ORDER BY c
	Sort  (cost=32428.60..32451.42 rows=9128 width=121)
	  Sort Key: c
	  ->  Bitmap Heap Scan on sbtest4  (cost=250.00..31828.16 rows=9128 width=121)
	        Recheck Cond: ((id >= 8368780) AND (id <= 8378779))
	        ->  Bitmap Index Scan on sbtest4_pkey  (cost=0.00..247.72 rows=9128 width=0)
	              Index Cond: ((id >= 8368780) AND (id <= 8378779))

table 5 : explain SELECT c FROM sbtest5 WHERE id BETWEEN 2679158 AND 2689157 ORDER BY c
	Sort  (cost=34330.39..34354.54 rows=9660 width=121)
	  Sort Key: c
	  ->  Bitmap Heap Scan on sbtest5  (cost=271.45..33691.00 rows=9660 width=121)
	        Recheck Cond: ((id >= 2679158) AND (id <= 2689157))
	        ->  Bitmap Index Scan on sbtest5_pkey  (cost=0.00..269.04 rows=9660 width=0)
	              Index Cond: ((id >= 2679158) AND (id <= 2689157))

table 6 : explain SELECT c FROM sbtest6 WHERE id BETWEEN 4201748 AND 4211747 ORDER BY c
	Sort  (cost=34284.03..34308.22 rows=9676 width=121)
	  Sort Key: c
	  ->  Bitmap Heap Scan on sbtest6  (cost=271.61..33643.47 rows=9676 width=121)
	        Recheck Cond: ((id >= 4201748) AND (id <= 4211747))
	        ->  Bitmap Index Scan on sbtest6_pkey  (cost=0.00..269.19 rows=9676 width=0)
	              Index Cond: ((id >= 4201748) AND (id <= 4211747))

table 7 : explain SELECT c FROM sbtest7 WHERE id BETWEEN 6714854 AND 6724853 ORDER BY c
	Sort  (cost=34539.90..34564.21 rows=9723 width=121)
	  Sort Key: c
	  ->  Bitmap Heap Scan on sbtest7  (cost=276.10..33895.89 rows=9723 width=121)
	        Recheck Cond: ((id >= 6714854) AND (id <= 6724853))
	        ->  Bitmap Index Scan on sbtest7_pkey  (cost=0.00..273.67 rows=9723 width=0)
	              Index Cond: ((id >= 6714854) AND (id <= 6724853))

table 8 : explain SELECT c FROM sbtest8 WHERE id BETWEEN 3559814 AND 3569813 ORDER BY c
	Sort  (cost=34547.90..34572.29 rows=9754 width=121)
	  Sort Key: c
	  ->  Bitmap Heap Scan on sbtest8  (cost=272.41..33901.61 rows=9754 width=121)
	        Recheck Cond: ((id >= 3559814) AND (id <= 3569813))
	        ->  Bitmap Index Scan on sbtest8_pkey  (cost=0.00..269.98 rows=9754 width=0)
	              Index Cond: ((id >= 3559814) AND (id <= 3569813))

for: order_ranges
table 1 : explain SELECT c FROM sbtest1 WHERE id BETWEEN 1396764 AND 1406763 ORDER BY c
	Sort  (cost=33894.11..33918.11 rows=9598 width=121)
	  Sort Key: c
	  ->  Bitmap Heap Scan on sbtest1  (cost=266.81..33259.27 rows=9598 width=121)
	        Recheck Cond: ((id >= 1396764) AND (id <= 1406763))
	        ->  Bitmap Index Scan on sbtest1_pkey  (cost=0.00..264.42 rows=9598 width=0)
	              Index Cond: ((id >= 1396764) AND (id <= 1406763))

table 2 : explain SELECT c FROM sbtest2 WHERE id BETWEEN 8561767 AND 8571766 ORDER BY c
	Sort  (cost=37952.40..37979.52 rows=10848 width=121)
	  Sort Key: c
	  ->  Bitmap Heap Scan on sbtest2  (cost=299.63..37225.30 rows=10848 width=121)
	        Recheck Cond: ((id >= 8561767) AND (id <= 8571766))
	        ->  Bitmap Index Scan on sbtest2_pkey  (cost=0.00..296.92 rows=10848 width=0)
	              Index Cond: ((id >= 8561767) AND (id <= 8571766))

table 3 : explain SELECT c FROM sbtest3 WHERE id BETWEEN 9635872 AND 9645871 ORDER BY c
	Sort  (cost=33572.19..33595.88 rows=9478 width=121)
	  Sort Key: c
	  ->  Bitmap Heap Scan on sbtest3  (cost=261.58..32946.15 rows=9478 width=121)
	        Recheck Cond: ((id >= 9635872) AND (id <= 9645871))
	        ->  Bitmap Index Scan on sbtest3_pkey  (cost=0.00..259.21 rows=9478 width=0)
	              Index Cond: ((id >= 9635872) AND (id <= 9645871))

table 4 : explain SELECT c FROM sbtest4 WHERE id BETWEEN 3171164 AND 3181163 ORDER BY c
	Sort  (cost=35535.16..35560.38 rows=10087 width=121)
	  Sort Key: c
	  ->  Bitmap Heap Scan on sbtest4  (cost=275.83..34864.37 rows=10087 width=121)
	        Recheck Cond: ((id >= 3171164) AND (id <= 3181163))
	        ->  Bitmap Index Scan on sbtest4_pkey  (cost=0.00..273.31 rows=10087 width=0)
	              Index Cond: ((id >= 3171164) AND (id <= 3181163))

table 5 : explain SELECT c FROM sbtest5 WHERE id BETWEEN 933064 AND 943063 ORDER BY c
	Sort  (cost=34738.52..34762.98 rows=9784 width=121)
	  Sort Key: c
	  ->  Bitmap Heap Scan on sbtest5  (cost=276.72..34090.03 rows=9784 width=121)
	        Recheck Cond: ((id >= 933064) AND (id <= 943063))
	        ->  Bitmap Index Scan on sbtest5_pkey  (cost=0.00..274.28 rows=9784 width=0)
	              Index Cond: ((id >= 933064) AND (id <= 943063))

table 6 : explain SELECT c FROM sbtest6 WHERE id BETWEEN 7554146 AND 7564145 ORDER BY c
	Sort  (cost=33413.06..33436.58 rows=9408 width=121)
	  Sort Key: c
	  ->  Bitmap Heap Scan on sbtest6  (cost=264.87..32792.15 rows=9408 width=121)
	        Recheck Cond: ((id >= 7554146) AND (id <= 7564145))
	        ->  Bitmap Index Scan on sbtest6_pkey  (cost=0.00..262.51 rows=9408 width=0)
	              Index Cond: ((id >= 7554146) AND (id <= 7564145))

table 7 : explain SELECT c FROM sbtest7 WHERE id BETWEEN 911477 AND 921476 ORDER BY c
	Sort  (cost=36861.10..36887.20 rows=10438 width=121)
	  Sort Key: c
	  ->  Bitmap Heap Scan on sbtest7  (cost=295.42..36164.39 rows=10438 width=121)
	        Recheck Cond: ((id >= 911477) AND (id <= 921476))
	        ->  Bitmap Index Scan on sbtest7_pkey  (cost=0.00..292.81 rows=10438 width=0)
	              Index Cond: ((id >= 911477) AND (id <= 921476))

table 8 : explain SELECT c FROM sbtest8 WHERE id BETWEEN 4891295 AND 4901294 ORDER BY c
	Sort  (cost=35827.58..35852.95 rows=10148 width=121)
	  Sort Key: c
	  ->  Bitmap Heap Scan on sbtest8  (cost=284.45..35152.29 rows=10148 width=121)
	        Recheck Cond: ((id >= 4891295) AND (id <= 4901294))
	        ->  Bitmap Index Scan on sbtest8_pkey  (cost=0.00..281.92 rows=10148 width=0)
	              Index Cond: ((id >= 4891295) AND (id <= 4901294))

for: sum_ranges
table 1 : explain SELECT SUM(k) FROM sbtest1 WHERE id BETWEEN 4138442 AND 4148441
	Aggregate  (cost=35747.02..35747.03 rows=1 width=8)
	  ->  Bitmap Heap Scan on sbtest1  (cost=286.86..35721.06 rows=10383 width=4)
	        Recheck Cond: ((id >= 4138442) AND (id <= 4148441))
	        ->  Bitmap Index Scan on sbtest1_pkey  (cost=0.00..284.26 rows=10383 width=0)
	              Index Cond: ((id >= 4138442) AND (id <= 4148441))

table 2 : explain SELECT SUM(k) FROM sbtest2 WHERE id BETWEEN 1924830 AND 1934829
	Aggregate  (cost=35935.66..35935.67 rows=1 width=8)
	  ->  Bitmap Heap Scan on sbtest2  (cost=287.30..35909.59 rows=10426 width=4)
	        Recheck Cond: ((id >= 1924830) AND (id <= 1934829))
	        ->  Bitmap Index Scan on sbtest2_pkey  (cost=0.00..284.69 rows=10426 width=0)
	              Index Cond: ((id >= 1924830) AND (id <= 1934829))

table 3 : explain SELECT SUM(k) FROM sbtest3 WHERE id BETWEEN 1970883 AND 1980882
	Aggregate  (cost=34454.82..34454.83 rows=1 width=8)
	  ->  Bitmap Heap Scan on sbtest3  (cost=274.39..34429.96 rows=9947 width=4)
	        Recheck Cond: ((id >= 1970883) AND (id <= 1980882))
	        ->  Bitmap Index Scan on sbtest3_pkey  (cost=0.00..271.91 rows=9947 width=0)
	              Index Cond: ((id >= 1970883) AND (id <= 1980882))

table 4 : explain SELECT SUM(k) FROM sbtest4 WHERE id BETWEEN 2979016 AND 2989015
	Aggregate  (cost=36235.10..36235.11 rows=1 width=8)
	  ->  Bitmap Heap Scan on sbtest4  (cost=288.22..36208.81 rows=10516 width=4)
	        Recheck Cond: ((id >= 2979016) AND (id <= 2989015))
	        ->  Bitmap Index Scan on sbtest4_pkey  (cost=0.00..285.59 rows=10516 width=0)
	              Index Cond: ((id >= 2979016) AND (id <= 2989015))

table 5 : explain SELECT SUM(k) FROM sbtest5 WHERE id BETWEEN 1160697 AND 1170696
	Aggregate  (cost=38730.21..38730.22 rows=1 width=8)
	  ->  Bitmap Heap Scan on sbtest5  (cost=319.71..38702.09 rows=11246 width=4)
	        Recheck Cond: ((id >= 1160697) AND (id <= 1170696))
	        ->  Bitmap Index Scan on sbtest5_pkey  (cost=0.00..316.90 rows=11246 width=0)
	              Index Cond: ((id >= 1160697) AND (id <= 1170696))

table 6 : explain SELECT SUM(k) FROM sbtest6 WHERE id BETWEEN 7292866 AND 7302865
	Aggregate  (cost=36230.72..36230.73 rows=1 width=8)
	  ->  Bitmap Heap Scan on sbtest6  (cost=295.93..36204.50 rows=10487 width=4)
	        Recheck Cond: ((id >= 7292866) AND (id <= 7302865))
	        ->  Bitmap Index Scan on sbtest6_pkey  (cost=0.00..293.31 rows=10487 width=0)
	              Index Cond: ((id >= 7292866) AND (id <= 7302865))

table 7 : explain SELECT SUM(k) FROM sbtest7 WHERE id BETWEEN 3358837 AND 3368836
	Aggregate  (cost=36047.84..36047.85 rows=1 width=8)
	  ->  Bitmap Heap Scan on sbtest7  (cost=294.95..36021.86 rows=10392 width=4)
	        Recheck Cond: ((id >= 3358837) AND (id <= 3368836))
	        ->  Bitmap Index Scan on sbtest7_pkey  (cost=0.00..292.36 rows=10392 width=0)
	              Index Cond: ((id >= 3358837) AND (id <= 3368836))

table 8 : explain SELECT SUM(k) FROM sbtest8 WHERE id BETWEEN 6997779 AND 7007778
	Aggregate  (cost=35038.32..35038.33 rows=1 width=8)
	  ->  Bitmap Heap Scan on sbtest8  (cost=284.00..35013.06 rows=10104 width=4)
	        Recheck Cond: ((id >= 6997779) AND (id <= 7007778))
	        ->  Bitmap Index Scan on sbtest8_pkey  (cost=0.00..281.48 rows=10104 width=0)
	              Index Cond: ((id >= 6997779) AND (id <= 7007778))

for: sum_ranges
table 1 : explain SELECT SUM(k) FROM sbtest1 WHERE id BETWEEN 4780963 AND 4790962
	Aggregate  (cost=33370.78..33370.79 rows=1 width=8)
	  ->  Bitmap Heap Scan on sbtest1  (cost=267.10..33346.72 rows=9626 width=4)
	        Recheck Cond: ((id >= 4780963) AND (id <= 4790962))
	        ->  Bitmap Index Scan on sbtest1_pkey  (cost=0.00..264.69 rows=9626 width=0)
	              Index Cond: ((id >= 4780963) AND (id <= 4790962))

table 2 : explain SELECT SUM(k) FROM sbtest2 WHERE id BETWEEN 7693442 AND 7703441
	Aggregate  (cost=32921.37..32921.38 rows=1 width=8)
	  ->  Bitmap Heap Scan on sbtest2  (cost=261.49..32897.70 rows=9469 width=4)
	        Recheck Cond: ((id >= 7693442) AND (id <= 7703441))
	        ->  Bitmap Index Scan on sbtest2_pkey  (cost=0.00..259.12 rows=9469 width=0)
	              Index Cond: ((id >= 7693442) AND (id <= 7703441))

table 3 : explain SELECT SUM(k) FROM sbtest3 WHERE id BETWEEN 3597480 AND 3607479
	Aggregate  (cost=35082.04..35082.05 rows=1 width=8)
	  ->  Bitmap Heap Scan on sbtest3  (cost=276.45..35056.67 rows=10148 width=4)
	        Recheck Cond: ((id >= 3597480) AND (id <= 3607479))
	        ->  Bitmap Index Scan on sbtest3_pkey  (cost=0.00..273.92 rows=10148 width=0)
	              Index Cond: ((id >= 3597480) AND (id <= 3607479))

table 4 : explain SELECT SUM(k) FROM sbtest4 WHERE id BETWEEN 7148976 AND 7158975
	Aggregate  (cost=36604.51..36604.52 rows=1 width=8)
	  ->  Bitmap Heap Scan on sbtest4  (cost=289.43..36577.93 rows=10634 width=4)
	        Recheck Cond: ((id >= 7148976) AND (id <= 7158975))
	        ->  Bitmap Index Scan on sbtest4_pkey  (cost=0.00..286.78 rows=10634 width=0)
	              Index Cond: ((id >= 7148976) AND (id <= 7158975))

table 5 : explain SELECT SUM(k) FROM sbtest5 WHERE id BETWEEN 2659621 AND 2669620
	Aggregate  (cost=33715.15..33715.16 rows=1 width=8)
	  ->  Bitmap Heap Scan on sbtest5  (cost=271.45..33691.00 rows=9660 width=4)
	        Recheck Cond: ((id >= 2659621) AND (id <= 2669620))
	        ->  Bitmap Index Scan on sbtest5_pkey  (cost=0.00..269.04 rows=9660 width=0)
	              Index Cond: ((id >= 2659621) AND (id <= 2669620))

table 6 : explain SELECT SUM(k) FROM sbtest6 WHERE id BETWEEN 6274864 AND 6284863
	Aggregate  (cost=34000.33..34000.34 rows=1 width=8)
	  ->  Bitmap Heap Scan on sbtest6  (cost=276.68..33975.88 rows=9780 width=4)
	        Recheck Cond: ((id >= 6274864) AND (id <= 6284863))
	        ->  Bitmap Index Scan on sbtest6_pkey  (cost=0.00..274.24 rows=9780 width=0)
	              Index Cond: ((id >= 6274864) AND (id <= 6284863))

table 7 : explain SELECT SUM(k) FROM sbtest7 WHERE id BETWEEN 8883238 AND 8893237
	Aggregate  (cost=35397.88..35397.89 rows=1 width=8)
	  ->  Bitmap Heap Scan on sbtest7  (cost=288.85..35372.41 rows=10187 width=4)
	        Recheck Cond: ((id >= 8883238) AND (id <= 8893237))
	        ->  Bitmap Index Scan on sbtest7_pkey  (cost=0.00..286.31 rows=10187 width=0)
	              Index Cond: ((id >= 8883238) AND (id <= 8893237))

table 8 : explain SELECT SUM(k) FROM sbtest8 WHERE id BETWEEN 3918218 AND 3928217
	Aggregate  (cost=31576.38..31576.39 rows=1 width=8)
	  ->  Bitmap Heap Scan on sbtest8  (cost=252.87..31553.83 rows=9018 width=4)
	        Recheck Cond: ((id >= 3918218) AND (id <= 3928217))
	        ->  Bitmap Index Scan on sbtest8_pkey  (cost=0.00..250.62 rows=9018 width=0)
	              Index Cond: ((id >= 3918218) AND (id <= 3928217))

for: sum_ranges
table 1 : explain SELECT SUM(k) FROM sbtest1 WHERE id BETWEEN 8235219 AND 8245218
	Aggregate  (cost=34549.13..34549.14 rows=1 width=8)
	  ->  Bitmap Heap Scan on sbtest1  (cost=278.94..34524.13 rows=10000 width=4)
	        Recheck Cond: ((id >= 8235219) AND (id <= 8245218))
	        ->  Bitmap Index Scan on sbtest1_pkey  (cost=0.00..276.44 rows=10000 width=0)
	              Index Cond: ((id >= 8235219) AND (id <= 8245218))

table 2 : explain SELECT SUM(k) FROM sbtest2 WHERE id BETWEEN 9597242 AND 9607241
	Aggregate  (cost=34874.74..34874.75 rows=1 width=8)
	  ->  Bitmap Heap Scan on sbtest2  (cost=279.83..34849.52 rows=10087 width=4)
	        Recheck Cond: ((id >= 9597242) AND (id <= 9607241))
	        ->  Bitmap Index Scan on sbtest2_pkey  (cost=0.00..277.31 rows=10087 width=0)
	              Index Cond: ((id >= 9597242) AND (id <= 9607241))

table 3 : explain SELECT SUM(k) FROM sbtest3 WHERE id BETWEEN 3346633 AND 3356632
	Aggregate  (cost=34490.45..34490.46 rows=1 width=8)
	  ->  Bitmap Heap Scan on sbtest3  (cost=274.51..34465.55 rows=9959 width=4)
	        Recheck Cond: ((id >= 3346633) AND (id <= 3356632))
	        ->  Bitmap Index Scan on sbtest3_pkey  (cost=0.00..272.03 rows=9959 width=0)
	              Index Cond: ((id >= 3346633) AND (id <= 3356632))

table 4 : explain SELECT SUM(k) FROM sbtest4 WHERE id BETWEEN 8603059 AND 8613058
	Aggregate  (cost=33647.58..33647.59 rows=1 width=8)
	  ->  Bitmap Heap Scan on sbtest4  (cost=263.80..33623.35 rows=9694 width=4)
	        Recheck Cond: ((id >= 8603059) AND (id <= 8613058))
	        ->  Bitmap Index Scan on sbtest4_pkey  (cost=0.00..261.38 rows=9694 width=0)
	              Index Cond: ((id >= 8603059) AND (id <= 8613058))

table 5 : explain SELECT SUM(k) FROM sbtest5 WHERE id BETWEEN 9025905 AND 9035904
	Aggregate  (cost=33738.03..33738.04 rows=1 width=8)
	  ->  Bitmap Heap Scan on sbtest5  (cost=271.52..33713.86 rows=9667 width=4)
	        Recheck Cond: ((id >= 9025905) AND (id <= 9035904))
	        ->  Bitmap Index Scan on sbtest5_pkey  (cost=0.00..269.11 rows=9667 width=0)
	              Index Cond: ((id >= 9025905) AND (id <= 9035904))

table 6 : explain SELECT SUM(k) FROM sbtest6 WHERE id BETWEEN 2330080 AND 2340079
	Aggregate  (cost=34929.56..34929.57 rows=1 width=8)
	  ->  Bitmap Heap Scan on sbtest6  (cost=283.69..34904.38 rows=10074 width=4)
	        Recheck Cond: ((id >= 2330080) AND (id <= 2340079))
	        ->  Bitmap Index Scan on sbtest6_pkey  (cost=0.00..281.18 rows=10074 width=0)
	              Index Cond: ((id >= 2330080) AND (id <= 2340079))

table 7 : explain SELECT SUM(k) FROM sbtest7 WHERE id BETWEEN 4525912 AND 4535911
	Aggregate  (cost=38194.69..38194.70 rows=1 width=8)
	  ->  Bitmap Heap Scan on sbtest7  (cost=313.94..38167.01 rows=11074 width=4)
	        Recheck Cond: ((id >= 4525912) AND (id <= 4535911))
	        ->  Bitmap Index Scan on sbtest7_pkey  (cost=0.00..311.18 rows=11074 width=0)
	              Index Cond: ((id >= 4525912) AND (id <= 4535911))

table 8 : explain SELECT SUM(k) FROM sbtest8 WHERE id BETWEEN 51511 AND 61510
	Aggregate  (cost=34013.84..34013.85 rows=1 width=8)
	  ->  Bitmap Heap Scan on sbtest8  (cost=272.69..33989.39 rows=9781 width=4)
	        Recheck Cond: ((id >= 51511) AND (id <= 61510))
	        ->  Bitmap Index Scan on sbtest8_pkey  (cost=0.00..270.25 rows=9781 width=0)
	              Index Cond: ((id >= 51511) AND (id <= 61510))

for: simple_ranges
table 1 : explain SELECT c FROM sbtest1 WHERE id BETWEEN 576795 AND 586794
	Bitmap Heap Scan on sbtest1  (cost=265.87..32967.62 rows=9506 width=121)
	  Recheck Cond: ((id >= 576795) AND (id <= 586794))
	  ->  Bitmap Index Scan on sbtest1_pkey  (cost=0.00..263.50 rows=9506 width=0)
	        Index Cond: ((id >= 576795) AND (id <= 586794))

table 2 : explain SELECT c FROM sbtest2 WHERE id BETWEEN 2716860 AND 2726859
	Bitmap Heap Scan on sbtest2  (cost=280.94..35191.27 rows=10196 width=121)
	  Recheck Cond: ((id >= 2716860) AND (id <= 2726859))
	  ->  Bitmap Index Scan on sbtest2_pkey  (cost=0.00..278.40 rows=10196 width=0)
	        Index Cond: ((id >= 2716860) AND (id <= 2726859))

table 3 : explain SELECT c FROM sbtest3 WHERE id BETWEEN 5878937 AND 5888936
	Bitmap Heap Scan on sbtest3  (cost=262.68..33280.99 rows=9585 width=121)
	  Recheck Cond: ((id >= 5878937) AND (id <= 5888936))
	  ->  Bitmap Index Scan on sbtest3_pkey  (cost=0.00..260.29 rows=9585 width=0)
	        Index Cond: ((id >= 5878937) AND (id <= 5888936))

table 4 : explain SELECT c FROM sbtest4 WHERE id BETWEEN 2366465 AND 2376464
	Bitmap Heap Scan on sbtest4  (cost=263.27..33461.09 rows=9642 width=121)
	  Recheck Cond: ((id >= 2366465) AND (id <= 2376464))
	  ->  Bitmap Index Scan on sbtest4_pkey  (cost=0.00..260.86 rows=9642 width=0)
	        Index Cond: ((id >= 2366465) AND (id <= 2376464))

table 5 : explain SELECT c FROM sbtest5 WHERE id BETWEEN 690147 AND 700146
	Bitmap Heap Scan on sbtest5  (cost=283.53..34960.43 rows=10058 width=121)
	  Recheck Cond: ((id >= 690147) AND (id <= 700146))
	  ->  Bitmap Index Scan on sbtest5_pkey  (cost=0.00..281.01 rows=10058 width=0)
	        Index Cond: ((id >= 690147) AND (id <= 700146))

table 6 : explain SELECT c FROM sbtest6 WHERE id BETWEEN 4097907 AND 4107906
	Bitmap Heap Scan on sbtest6  (cost=283.91..34969.14 rows=10095 width=121)
	  Recheck Cond: ((id >= 4097907) AND (id <= 4107906))
	  ->  Bitmap Index Scan on sbtest6_pkey  (cost=0.00..281.38 rows=10095 width=0)
	        Index Cond: ((id >= 4097907) AND (id <= 4107906))

table 7 : explain SELECT c FROM sbtest7 WHERE id BETWEEN 6999331 AND 7009330
	Bitmap Heap Scan on sbtest7  (cost=276.16..33915.48 rows=9729 width=121)
	  Recheck Cond: ((id >= 6999331) AND (id <= 7009330))
	  ->  Bitmap Index Scan on sbtest7_pkey  (cost=0.00..273.73 rows=9729 width=0)
	        Index Cond: ((id >= 6999331) AND (id <= 7009330))

table 8 : explain SELECT c FROM sbtest8 WHERE id BETWEEN 1780725 AND 1790724
	Bitmap Heap Scan on sbtest8  (cost=291.95..36222.38 rows=10489 width=121)
	  Recheck Cond: ((id >= 1780725) AND (id <= 1790724))
	  ->  Bitmap Index Scan on sbtest8_pkey  (cost=0.00..289.32 rows=10489 width=0)
	        Index Cond: ((id >= 1780725) AND (id <= 1790724))

for: sum_ranges
table 1 : explain SELECT SUM(k) FROM sbtest1 WHERE id BETWEEN 9733950 AND 9743949
	Aggregate  (cost=34296.63..34296.64 rows=1 width=8)
	  ->  Bitmap Heap Scan on sbtest1  (cost=274.12..34271.83 rows=9920 width=4)
	        Recheck Cond: ((id >= 9733950) AND (id <= 9743949))
	        ->  Bitmap Index Scan on sbtest1_pkey  (cost=0.00..271.63 rows=9920 width=0)
	              Index Cond: ((id >= 9733950) AND (id <= 9743949))

table 2 : explain SELECT SUM(k) FROM sbtest2 WHERE id BETWEEN 4032086 AND 4042085
	Aggregate  (cost=35394.83..35394.84 rows=1 width=8)
	  ->  Bitmap Heap Scan on sbtest2  (cost=285.52..35369.20 rows=10252 width=4)
	        Recheck Cond: ((id >= 4032086) AND (id <= 4042085))
	        ->  Bitmap Index Scan on sbtest2_pkey  (cost=0.00..282.95 rows=10252 width=0)
	              Index Cond: ((id >= 4032086) AND (id <= 4042085))

table 3 : explain SELECT SUM(k) FROM sbtest3 WHERE id BETWEEN 1310869 AND 1320868
	Aggregate  (cost=33773.45..33773.46 rows=1 width=8)
	  ->  Bitmap Heap Scan on sbtest3  (cost=268.19..33749.12 rows=9732 width=4)
	        Recheck Cond: ((id >= 1310869) AND (id <= 1320868))
	        ->  Bitmap Index Scan on sbtest3_pkey  (cost=0.00..265.75 rows=9732 width=0)
	              Index Cond: ((id >= 1310869) AND (id <= 1320868))

table 4 : explain SELECT SUM(k) FROM sbtest4 WHERE id BETWEEN 5839921 AND 5849920
	Aggregate  (cost=35477.78..35477.79 rows=1 width=8)
	  ->  Bitmap Heap Scan on sbtest4  (cost=281.74..35452.09 rows=10274 width=4)
	        Recheck Cond: ((id >= 5839921) AND (id <= 5849920))
	        ->  Bitmap Index Scan on sbtest4_pkey  (cost=0.00..279.18 rows=10274 width=0)
	              Index Cond: ((id >= 5839921) AND (id <= 5849920))

table 5 : explain SELECT SUM(k) FROM sbtest5 WHERE id BETWEEN 726696 AND 736695
	Aggregate  (cost=32961.32..32961.33 rows=1 width=8)
	  ->  Bitmap Heap Scan on sbtest5  (cost=265.03..32937.76 rows=9424 width=4)
	        Recheck Cond: ((id >= 726696) AND (id <= 736695))
	        ->  Bitmap Index Scan on sbtest5_pkey  (cost=0.00..262.68 rows=9424 width=0)
	              Index Cond: ((id >= 726696) AND (id <= 736695))

table 6 : explain SELECT SUM(k) FROM sbtest6 WHERE id BETWEEN 6389654 AND 6399653
	Aggregate  (cost=32321.20..32321.21 rows=1 width=8)
	  ->  Bitmap Heap Scan on sbtest6  (cost=259.29..32298.06 rows=9254 width=4)
	        Recheck Cond: ((id >= 6389654) AND (id <= 6399653))
	        ->  Bitmap Index Scan on sbtest6_pkey  (cost=0.00..256.98 rows=9254 width=0)
	              Index Cond: ((id >= 6389654) AND (id <= 6399653))

table 7 : explain SELECT SUM(k) FROM sbtest7 WHERE id BETWEEN 5469987 AND 5479986
	Aggregate  (cost=33019.38..33019.39 rows=1 width=8)
	  ->  Bitmap Heap Scan on sbtest7  (cost=269.21..32995.78 rows=9441 width=4)
	        Recheck Cond: ((id >= 5469987) AND (id <= 5479986))
	        ->  Bitmap Index Scan on sbtest7_pkey  (cost=0.00..266.84 rows=9441 width=0)
	              Index Cond: ((id >= 5469987) AND (id <= 5479986))

table 8 : explain SELECT SUM(k) FROM sbtest8 WHERE id BETWEEN 5927621 AND 5937620
	Aggregate  (cost=36083.98..36083.99 rows=1 width=8)
	  ->  Bitmap Heap Scan on sbtest8  (cost=291.40..36057.89 rows=10436 width=4)
	        Recheck Cond: ((id >= 5927621) AND (id <= 5937620))
	        ->  Bitmap Index Scan on sbtest8_pkey  (cost=0.00..288.80 rows=10436 width=0)
	              Index Cond: ((id >= 5927621) AND (id <= 5937620))

for point_selects
table 1 : explain SELECT c FROM sbtest1 WHERE id=5164512
	Index Scan using sbtest1_pkey on sbtest1  (cost=0.43..8.45 rows=1 width=121)
	  Index Cond: (id = 5164512)

table 2 : explain SELECT c FROM sbtest2 WHERE id=8090345
	Index Scan using sbtest2_pkey on sbtest2  (cost=0.43..8.45 rows=1 width=121)
	  Index Cond: (id = 8090345)

table 3 : explain SELECT c FROM sbtest3 WHERE id=2190022
	Index Scan using sbtest3_pkey on sbtest3  (cost=0.43..8.45 rows=1 width=121)
	  Index Cond: (id = 2190022)

table 4 : explain SELECT c FROM sbtest4 WHERE id=330493
	Index Scan using sbtest4_pkey on sbtest4  (cost=0.43..8.45 rows=1 width=121)
	  Index Cond: (id = 330493)

table 5 : explain SELECT c FROM sbtest5 WHERE id=965632
	Index Scan using sbtest5_pkey on sbtest5  (cost=0.43..8.45 rows=1 width=121)
	  Index Cond: (id = 965632)

table 6 : explain SELECT c FROM sbtest6 WHERE id=9839366
	Index Scan using sbtest6_pkey on sbtest6  (cost=0.43..8.45 rows=1 width=121)
	  Index Cond: (id = 9839366)

table 7 : explain SELECT c FROM sbtest7 WHERE id=1349718
	Index Scan using sbtest7_pkey on sbtest7  (cost=0.43..8.45 rows=1 width=121)
	  Index Cond: (id = 1349718)

table 8 : explain SELECT c FROM sbtest8 WHERE id=6242105
	Index Scan using sbtest8_pkey on sbtest8  (cost=0.43..8.45 rows=1 width=121)
	  Index Cond: (id = 6242105)

for: sum_ranges
table 1 : explain SELECT SUM(k) FROM sbtest1 WHERE id BETWEEN 9045721 AND 9055720
	Aggregate  (cost=35422.56..35422.57 rows=1 width=8)
	  ->  Bitmap Heap Scan on sbtest1  (cost=285.79..35396.86 rows=10279 width=4)
	        Recheck Cond: ((id >= 9045721) AND (id <= 9055720))
	        ->  Bitmap Index Scan on sbtest1_pkey  (cost=0.00..283.23 rows=10279 width=0)
	              Index Cond: ((id >= 9045721) AND (id <= 9055720))

table 2 : explain SELECT SUM(k) FROM sbtest2 WHERE id BETWEEN 3065350 AND 3075349
	Aggregate  (cost=34042.83..34042.84 rows=1 width=8)
	  ->  Bitmap Heap Scan on sbtest2  (cost=273.12..34018.28 rows=9823 width=4)
	        Recheck Cond: ((id >= 3065350) AND (id <= 3075349))
	        ->  Bitmap Index Scan on sbtest2_pkey  (cost=0.00..270.67 rows=9823 width=0)
	              Index Cond: ((id >= 3065350) AND (id <= 3075349))

table 3 : explain SELECT SUM(k) FROM sbtest3 WHERE id BETWEEN 3890951 AND 3900950
	Aggregate  (cost=34246.82..34246.83 rows=1 width=8)
	  ->  Bitmap Heap Scan on sbtest3  (cost=269.73..34222.12 rows=9882 width=4)
	        Recheck Cond: ((id >= 3890951) AND (id <= 3900950))
	        ->  Bitmap Index Scan on sbtest3_pkey  (cost=0.00..267.25 rows=9882 width=0)
	              Index Cond: ((id >= 3890951) AND (id <= 3900950))

table 4 : explain SELECT SUM(k) FROM sbtest4 WHERE id BETWEEN 7599501 AND 7609500
	Aggregate  (cost=33127.60..33127.61 rows=1 width=8)
	  ->  Bitmap Heap Scan on sbtest4  (cost=262.11..33103.78 rows=9529 width=4)
	        Recheck Cond: ((id >= 7599501) AND (id <= 7609500))
	        ->  Bitmap Index Scan on sbtest4_pkey  (cost=0.00..259.73 rows=9529 width=0)
	              Index Cond: ((id >= 7599501) AND (id <= 7609500))

table 5 : explain SELECT SUM(k) FROM sbtest5 WHERE id BETWEEN 1407276 AND 1417275
	Aggregate  (cost=33866.24..33866.25 rows=1 width=8)
	  ->  Bitmap Heap Scan on sbtest5  (cost=275.92..33841.98 rows=9706 width=4)
	        Recheck Cond: ((id >= 1407276) AND (id <= 1417275))
	        ->  Bitmap Index Scan on sbtest5_pkey  (cost=0.00..273.50 rows=9706 width=0)
	              Index Cond: ((id >= 1407276) AND (id <= 1417275))

table 6 : explain SELECT SUM(k) FROM sbtest6 WHERE id BETWEEN 5113483 AND 5123482
	Aggregate  (cost=31898.63..31898.64 rows=1 width=8)
	  ->  Bitmap Heap Scan on sbtest6  (cost=257.93..31875.83 rows=9121 width=4)
	        Recheck Cond: ((id >= 5113483) AND (id <= 5123482))
	        ->  Bitmap Index Scan on sbtest6_pkey  (cost=0.00..255.65 rows=9121 width=0)
	              Index Cond: ((id >= 5113483) AND (id <= 5123482))

table 7 : explain SELECT SUM(k) FROM sbtest7 WHERE id BETWEEN 7240560 AND 7250559
	Aggregate  (cost=34978.31..34978.32 rows=1 width=8)
	  ->  Bitmap Heap Scan on sbtest7  (cost=287.49..34953.17 rows=10054 width=4)
	        Recheck Cond: ((id >= 7240560) AND (id <= 7250559))
	        ->  Bitmap Index Scan on sbtest7_pkey  (cost=0.00..284.98 rows=10054 width=0)
	              Index Cond: ((id >= 7240560) AND (id <= 7250559))

table 8 : explain SELECT SUM(k) FROM sbtest8 WHERE id BETWEEN 2128449 AND 2138448
	Aggregate  (cost=37447.85..37447.86 rows=1 width=8)
	  ->  Bitmap Heap Scan on sbtest8  (cost=303.86..37420.67 rows=10871 width=4)
	        Recheck Cond: ((id >= 2128449) AND (id <= 2138448))
	        ->  Bitmap Index Scan on sbtest8_pkey  (cost=0.00..301.15 rows=10871 width=0)
	              Index Cond: ((id >= 2128449) AND (id <= 2138448))

for: distinct_ranges
table 1 : explain SELECT DISTINCT c FROM sbtest1 WHERE id BETWEEN 3255645 AND 3265644 ORDER BY c
	Unique  (cost=35613.74..35664.40 rows=10133 width=121)
	  ->  Sort  (cost=35613.74..35639.07 rows=10133 width=121)
	        Sort Key: c
	        ->  Bitmap Heap Scan on sbtest1  (cost=280.30..34939.55 rows=10133 width=121)
	              Recheck Cond: ((id >= 3255645) AND (id <= 3265644))
	              ->  Bitmap Index Scan on sbtest1_pkey  (cost=0.00..277.76 rows=10133 width=0)
	                    Index Cond: ((id >= 3255645) AND (id <= 3265644))

table 2 : explain SELECT DISTINCT c FROM sbtest2 WHERE id BETWEEN 5087179 AND 5097178 ORDER BY c
	Unique  (cost=35612.78..35663.36 rows=10116 width=121)
	  ->  Sort  (cost=35612.78..35638.07 rows=10116 width=121)
	        Sort Key: c
	        ->  Bitmap Heap Scan on sbtest2  (cost=280.12..34939.84 rows=10116 width=121)
	              Recheck Cond: ((id >= 5087179) AND (id <= 5097178))
	              ->  Bitmap Index Scan on sbtest2_pkey  (cost=0.00..277.59 rows=10116 width=0)
	                    Index Cond: ((id >= 5087179) AND (id <= 5097178))

table 3 : explain SELECT DISTINCT c FROM sbtest3 WHERE id BETWEEN 6729049 AND 6739048 ORDER BY c
	Unique  (cost=38737.41..38792.85 rows=11088 width=121)
	  ->  Sort  (cost=38737.41..38765.13 rows=11088 width=121)
	        Sort Key: c
	        ->  Bitmap Heap Scan on sbtest3  (cost=302.09..37992.48 rows=11088 width=121)
	              Recheck Cond: ((id >= 6729049) AND (id <= 6739048))
	              ->  Bitmap Index Scan on sbtest3_pkey  (cost=0.00..299.31 rows=11088 width=0)
	                    Index Cond: ((id >= 6729049) AND (id <= 6739048))

table 4 : explain SELECT DISTINCT c FROM sbtest4 WHERE id BETWEEN 363054 AND 373053 ORDER BY c
	Unique  (cost=36950.72..37003.36 rows=10528 width=121)
	  ->  Sort  (cost=36950.72..36977.04 rows=10528 width=121)
	        Sort Key: c
	        ->  Bitmap Heap Scan on sbtest4  (cost=288.35..36247.35 rows=10528 width=121)
	              Recheck Cond: ((id >= 363054) AND (id <= 373053))
	              ->  Bitmap Index Scan on sbtest4_pkey  (cost=0.00..285.71 rows=10528 width=0)
	                    Index Cond: ((id >= 363054) AND (id <= 373053))

table 5 : explain SELECT DISTINCT c FROM sbtest5 WHERE id BETWEEN 632452 AND 642451 ORDER BY c
	Unique  (cost=35629.09..35679.38 rows=10058 width=121)
	  ->  Sort  (cost=35629.09..35654.24 rows=10058 width=121)
	        Sort Key: c
	        ->  Bitmap Heap Scan on sbtest5  (cost=283.53..34960.43 rows=10058 width=121)
	              Recheck Cond: ((id >= 632452) AND (id <= 642451))
	              ->  Bitmap Index Scan on sbtest5_pkey  (cost=0.00..281.01 rows=10058 width=0)
	                    Index Cond: ((id >= 632452) AND (id <= 642451))

table 6 : explain SELECT DISTINCT c FROM sbtest6 WHERE id BETWEEN 722725 AND 732724 ORDER BY c
	Unique  (cost=36891.66..36944.08 rows=10483 width=121)
	  ->  Sort  (cost=36891.66..36917.87 rows=10483 width=121)
	        Sort Key: c
	        ->  Bitmap Heap Scan on sbtest6  (cost=295.89..36191.62 rows=10483 width=121)
	              Recheck Cond: ((id >= 722725) AND (id <= 732724))
	              ->  Bitmap Index Scan on sbtest6_pkey  (cost=0.00..293.26 rows=10483 width=0)
	                    Index Cond: ((id >= 722725) AND (id <= 732724))

table 7 : explain SELECT DISTINCT c FROM sbtest7 WHERE id BETWEEN 2902631 AND 2912630 ORDER BY c
	Unique  (cost=38076.28..38130.35 rows=10814 width=121)
	  ->  Sort  (cost=38076.28..38103.32 rows=10814 width=121)
	        Sort Key: c
	        ->  Bitmap Heap Scan on sbtest7  (cost=307.28..37351.71 rows=10814 width=121)
	              Recheck Cond: ((id >= 2902631) AND (id <= 2912630))
	              ->  Bitmap Index Scan on sbtest7_pkey  (cost=0.00..304.57 rows=10814 width=0)
	                    Index Cond: ((id >= 2902631) AND (id <= 2912630))

table 8 : explain SELECT DISTINCT c FROM sbtest8 WHERE id BETWEEN 5756390 AND 5766389 ORDER BY c
	Unique  (cost=37814.08..37867.91 rows=10766 width=121)
	  ->  Sort  (cost=37814.08..37841.00 rows=10766 width=121)
	        Sort Key: c
	        ->  Bitmap Heap Scan on sbtest8  (cost=302.79..37093.07 rows=10766 width=121)
	              Recheck Cond: ((id >= 5756390) AND (id <= 5766389))
	              ->  Bitmap Index Scan on sbtest8_pkey  (cost=0.00..300.09 rows=10766 width=0)
	                    Index Cond: ((id >= 5756390) AND (id <= 5766389))

for point_selects
table 1 : explain SELECT c FROM sbtest1 WHERE id=5685878
	Index Scan using sbtest1_pkey on sbtest1  (cost=0.43..8.45 rows=1 width=121)
	  Index Cond: (id = 5685878)

table 2 : explain SELECT c FROM sbtest2 WHERE id=5769336
	Index Scan using sbtest2_pkey on sbtest2  (cost=0.43..8.45 rows=1 width=121)
	  Index Cond: (id = 5769336)

table 3 : explain SELECT c FROM sbtest3 WHERE id=6551557
	Index Scan using sbtest3_pkey on sbtest3  (cost=0.43..8.45 rows=1 width=121)
	  Index Cond: (id = 6551557)

table 4 : explain SELECT c FROM sbtest4 WHERE id=9230837
	Index Scan using sbtest4_pkey on sbtest4  (cost=0.43..8.45 rows=1 width=121)
	  Index Cond: (id = 9230837)

table 5 : explain SELECT c FROM sbtest5 WHERE id=2974162
	Index Scan using sbtest5_pkey on sbtest5  (cost=0.43..8.45 rows=1 width=121)
	  Index Cond: (id = 2974162)

table 6 : explain SELECT c FROM sbtest6 WHERE id=1925613
	Index Scan using sbtest6_pkey on sbtest6  (cost=0.43..8.45 rows=1 width=121)
	  Index Cond: (id = 1925613)

table 7 : explain SELECT c FROM sbtest7 WHERE id=993332
	Index Scan using sbtest7_pkey on sbtest7  (cost=0.43..8.45 rows=1 width=121)
	  Index Cond: (id = 993332)

table 8 : explain SELECT c FROM sbtest8 WHERE id=331796
	Index Scan using sbtest8_pkey on sbtest8  (cost=0.43..8.45 rows=1 width=121)
	  Index Cond: (id = 331796)

explain: for point_selects :: explain SELECT c FROM sbtest%u WHERE id=%u
for: order_ranges
table 1 : explain SELECT c FROM sbtest1 WHERE id BETWEEN 8854563 AND 8864562 ORDER BY c
	Sort  (cost=33983.61..34007.67 rows=9626 width=121)
	  Sort Key: c
	  ->  Bitmap Heap Scan on sbtest1  (cost=267.10..33346.72 rows=9626 width=121)
	        Recheck Cond: ((id >= 8854563) AND (id <= 8864562))
	        ->  Bitmap Index Scan on sbtest1_pkey  (cost=0.00..264.69 rows=9626 width=0)
	              Index Cond: ((id >= 8854563) AND (id <= 8864562))

table 2 : explain SELECT c FROM sbtest2 WHERE id BETWEEN 1584608 AND 1594607 ORDER BY c
	Sort  (cost=34679.57..34704.13 rows=9826 width=121)
	  Sort Key: c
	  ->  Bitmap Heap Scan on sbtest2  (cost=273.15..34027.98 rows=9826 width=121)
	        Recheck Cond: ((id >= 1584608) AND (id <= 1594607))
	        ->  Bitmap Index Scan on sbtest2_pkey  (cost=0.00..270.69 rows=9826 width=0)
	              Index Cond: ((id >= 1584608) AND (id <= 1594607))

table 3 : explain SELECT c FROM sbtest3 WHERE id BETWEEN 3813831 AND 3823830 ORDER BY c
	Sort  (cost=35401.43..35426.54 rows=10044 width=121)
	  Sort Key: c
	  ->  Bitmap Heap Scan on sbtest3  (cost=275.39..34733.80 rows=10044 width=121)
	        Recheck Cond: ((id >= 3813831) AND (id <= 3823830))
	        ->  Bitmap Index Scan on sbtest3_pkey  (cost=0.00..272.88 rows=10044 width=0)
	              Index Cond: ((id >= 3813831) AND (id <= 3823830))

table 4 : explain SELECT c FROM sbtest4 WHERE id BETWEEN 4670114 AND 4680113 ORDER BY c
	Sort  (cost=34766.77..34791.39 rows=9849 width=121)
	  Sort Key: c
	  ->  Bitmap Heap Scan on sbtest4  (cost=269.39..34113.50 rows=9849 width=121)
	        Recheck Cond: ((id >= 4670114) AND (id <= 4680113))
	        ->  Bitmap Index Scan on sbtest4_pkey  (cost=0.00..266.93 rows=9849 width=0)
	              Index Cond: ((id >= 4670114) AND (id <= 4680113))

table 5 : explain SELECT c FROM sbtest5 WHERE id BETWEEN 9708040 AND 9718039 ORDER BY c
	Sort  (cost=32767.17..32790.13 rows=9183 width=121)
	  Sort Key: c
	  ->  Bitmap Heap Scan on sbtest5  (cost=258.56..32162.71 rows=9183 width=121)
	        Recheck Cond: ((id >= 9708040) AND (id <= 9718039))
	        ->  Bitmap Index Scan on sbtest5_pkey  (cost=0.00..256.26 rows=9183 width=0)
	              Index Cond: ((id >= 9708040) AND (id <= 9718039))

table 6 : explain SELECT c FROM sbtest6 WHERE id BETWEEN 4949620 AND 4959619 ORDER BY c
	Sort  (cost=33459.87..33483.42 rows=9423 width=121)
	  Sort Key: c
	  ->  Bitmap Heap Scan on sbtest6  (cost=265.02..32837.86 rows=9423 width=121)
	        Recheck Cond: ((id >= 4949620) AND (id <= 4959619))
	        ->  Bitmap Index Scan on sbtest6_pkey  (cost=0.00..262.67 rows=9423 width=0)
	              Index Cond: ((id >= 4949620) AND (id <= 4959619))

table 7 : explain SELECT c FROM sbtest7 WHERE id BETWEEN 2597890 AND 2607889 ORDER BY c
	Sort  (cost=39293.21..39321.19 rows=11193 width=121)
	  Sort Key: c
	  ->  Bitmap Heap Scan on sbtest7  (cost=319.16..38540.46 rows=11193 width=121)
	        Recheck Cond: ((id >= 2597890) AND (id <= 2607889))
	        ->  Bitmap Index Scan on sbtest7_pkey  (cost=0.00..316.37 rows=11193 width=0)
	              Index Cond: ((id >= 2597890) AND (id <= 2607889))

table 8 : explain SELECT c FROM sbtest8 WHERE id BETWEEN 3282103 AND 3292102 ORDER BY c
	Sort  (cost=33339.25..33362.71 rows=9383 width=121)
	  Sort Key: c
	  ->  Bitmap Heap Scan on sbtest8  (cost=260.61..32720.17 rows=9383 width=121)
	        Recheck Cond: ((id >= 3282103) AND (id <= 3292102))
	        ->  Bitmap Index Scan on sbtest8_pkey  (cost=0.00..258.26 rows=9383 width=0)
	              Index Cond: ((id >= 3282103) AND (id <= 3292102))

for: sum_ranges
table 1 : explain SELECT SUM(k) FROM sbtest1 WHERE id BETWEEN 2516414 AND 2526413
	Aggregate  (cost=33296.23..33296.24 rows=1 width=8)
	  ->  Bitmap Heap Scan on sbtest1  (cost=266.86..33272.23 rows=9602 width=4)
	        Recheck Cond: ((id >= 2516414) AND (id <= 2526413))
	        ->  Bitmap Index Scan on sbtest1_pkey  (cost=0.00..264.45 rows=9602 width=0)
	              Index Cond: ((id >= 2516414) AND (id <= 2526413))

table 2 : explain SELECT SUM(k) FROM sbtest2 WHERE id BETWEEN 6413507 AND 6423506
	Aggregate  (cost=34130.28..34130.29 rows=1 width=8)
	  ->  Bitmap Heap Scan on sbtest2  (cost=273.41..34105.66 rows=9851 width=4)
	        Recheck Cond: ((id >= 6413507) AND (id <= 6423506))
	        ->  Bitmap Index Scan on sbtest2_pkey  (cost=0.00..270.94 rows=9851 width=0)
	              Index Cond: ((id >= 6413507) AND (id <= 6423506))

table 3 : explain SELECT SUM(k) FROM sbtest3 WHERE id BETWEEN 808371 AND 818370
	Aggregate  (cost=35867.10..35867.11 rows=1 width=8)
	  ->  Bitmap Heap Scan on sbtest3  (cost=287.00..35841.11 rows=10397 width=4)
	        Recheck Cond: ((id >= 808371) AND (id <= 818370))
	        ->  Bitmap Index Scan on sbtest3_pkey  (cost=0.00..284.41 rows=10397 width=0)
	              Index Cond: ((id >= 808371) AND (id <= 818370))

table 4 : explain SELECT SUM(k) FROM sbtest4 WHERE id BETWEEN 3932581 AND 3942580
	Aggregate  (cost=30324.72..30324.73 rows=1 width=8)
	  ->  Bitmap Heap Scan on sbtest4  (cost=237.12..30303.09 rows=8652 width=4)
	        Recheck Cond: ((id >= 3932581) AND (id <= 3942580))
	        ->  Bitmap Index Scan on sbtest4_pkey  (cost=0.00..234.95 rows=8652 width=0)
	              Index Cond: ((id >= 3932581) AND (id <= 3942580))

table 5 : explain SELECT SUM(k) FROM sbtest5 WHERE id BETWEEN 8086153 AND 8096152
	Aggregate  (cost=35539.03..35539.04 rows=1 width=8)
	  ->  Bitmap Heap Scan on sbtest5  (cost=289.31..35513.45 rows=10232 width=4)
	        Recheck Cond: ((id >= 8086153) AND (id <= 8096152))
	        ->  Bitmap Index Scan on sbtest5_pkey  (cost=0.00..286.75 rows=10232 width=0)
	              Index Cond: ((id >= 8086153) AND (id <= 8096152))

table 6 : explain SELECT SUM(k) FROM sbtest6 WHERE id BETWEEN 8645346 AND 8655345
	Aggregate  (cost=36856.43..36856.44 rows=1 width=8)
	  ->  Bitmap Heap Scan on sbtest6  (cost=301.97..36829.71 rows=10686 width=4)
	        Recheck Cond: ((id >= 8645346) AND (id <= 8655345))
	        ->  Bitmap Index Scan on sbtest6_pkey  (cost=0.00..299.30 rows=10686 width=0)
	              Index Cond: ((id >= 8645346) AND (id <= 8655345))

table 7 : explain SELECT SUM(k) FROM sbtest7 WHERE id BETWEEN 3451913 AND 3461912
	Aggregate  (cost=34112.90..34112.91 rows=1 width=8)
	  ->  Bitmap Heap Scan on sbtest7  (cost=276.71..34088.44 rows=9783 width=4)
	        Recheck Cond: ((id >= 3451913) AND (id <= 3461912))
	        ->  Bitmap Index Scan on sbtest7_pkey  (cost=0.00..274.26 rows=9783 width=0)
	              Index Cond: ((id >= 3451913) AND (id <= 3461912))

table 8 : explain SELECT SUM(k) FROM sbtest8 WHERE id BETWEEN 7957649 AND 7967648
	Aggregate  (cost=33478.97..33478.98 rows=1 width=8)
	  ->  Bitmap Heap Scan on sbtest8  (cost=266.98..33454.93 rows=9614 width=4)
	        Recheck Cond: ((id >= 7957649) AND (id <= 7967648))
	        ->  Bitmap Index Scan on sbtest8_pkey  (cost=0.00..264.57 rows=9614 width=0)
	              Index Cond: ((id >= 7957649) AND (id <= 7967648))

for: order_ranges
table 1 : explain SELECT c FROM sbtest1 WHERE id BETWEEN 9781377 AND 9791376 ORDER BY c
	Sort  (cost=34930.32..34955.12 rows=9920 width=121)
	  Sort Key: c
	  ->  Bitmap Heap Scan on sbtest1  (cost=274.12..34271.83 rows=9920 width=121)
	        Recheck Cond: ((id >= 9781377) AND (id <= 9791376))
	        ->  Bitmap Index Scan on sbtest1_pkey  (cost=0.00..271.63 rows=9920 width=0)
	              Index Cond: ((id >= 9781377) AND (id <= 9791376))

table 2 : explain SELECT c FROM sbtest2 WHERE id BETWEEN 9525956 AND 9535955 ORDER BY c
	Sort  (cost=38355.52..38382.96 rows=10974 width=121)
	  Sort Key: c
	  ->  Bitmap Heap Scan on sbtest2  (cost=304.92..37619.07 rows=10974 width=121)
	        Recheck Cond: ((id >= 9525956) AND (id <= 9535955))
	        ->  Bitmap Index Scan on sbtest2_pkey  (cost=0.00..302.18 rows=10974 width=0)
	              Index Cond: ((id >= 9525956) AND (id <= 9535955))

table 3 : explain SELECT c FROM sbtest3 WHERE id BETWEEN 3792674 AND 3802673 ORDER BY c
	Sort  (cost=35401.43..35426.54 rows=10044 width=121)
	  Sort Key: c
	  ->  Bitmap Heap Scan on sbtest3  (cost=275.39..34733.80 rows=10044 width=121)
	        Recheck Cond: ((id >= 3792674) AND (id <= 3802673))
	        ->  Bitmap Index Scan on sbtest3_pkey  (cost=0.00..272.88 rows=10044 width=0)
	              Index Cond: ((id >= 3792674) AND (id <= 3802673))

table 4 : explain SELECT c FROM sbtest4 WHERE id BETWEEN 8505500 AND 8515499 ORDER BY c
	Sort  (cost=35730.08..35755.45 rows=10148 width=121)
	  Sort Key: c
	  ->  Bitmap Heap Scan on sbtest4  (cost=276.45..35054.79 rows=10148 width=121)
	        Recheck Cond: ((id >= 8505500) AND (id <= 8515499))
	        ->  Bitmap Index Scan on sbtest4_pkey  (cost=0.00..273.92 rows=10148 width=0)
	              Index Cond: ((id >= 8505500) AND (id <= 8515499))

table 5 : explain SELECT c FROM sbtest5 WHERE id BETWEEN 1680228 AND 1690227 ORDER BY c
	Sort  (cost=34096.30..34120.27 rows=9588 width=121)
	  Sort Key: c
	  ->  Bitmap Heap Scan on sbtest5  (cost=270.71..33462.20 rows=9588 width=121)
	        Recheck Cond: ((id >= 1680228) AND (id <= 1690227))
	        ->  Bitmap Index Scan on sbtest5_pkey  (cost=0.00..268.31 rows=9588 width=0)
	              Index Cond: ((id >= 1680228) AND (id <= 1690227))

table 6 : explain SELECT c FROM sbtest6 WHERE id BETWEEN 9779293 AND 9789292 ORDER BY c
	Sort  (cost=35703.42..35728.70 rows=10114 width=121)
	  Sort Key: c
	  ->  Bitmap Heap Scan on sbtest6  (cost=284.10..35030.63 rows=10114 width=121)
	        Recheck Cond: ((id >= 9779293) AND (id <= 9789292))
	        ->  Bitmap Index Scan on sbtest6_pkey  (cost=0.00..281.57 rows=10114 width=0)
	              Index Cond: ((id >= 9779293) AND (id <= 9789292))

table 7 : explain SELECT c FROM sbtest7 WHERE id BETWEEN 5758861 AND 5768860 ORDER BY c
	Sort  (cost=35787.95..35813.22 rows=10106 width=121)
	  Sort Key: c
	  ->  Bitmap Heap Scan on sbtest7  (cost=288.02..35115.76 rows=10106 width=121)
	        Recheck Cond: ((id >= 5758861) AND (id <= 5768860))
	        ->  Bitmap Index Scan on sbtest7_pkey  (cost=0.00..285.50 rows=10106 width=0)
	              Index Cond: ((id >= 5758861) AND (id <= 5768860))

table 8 : explain SELECT c FROM sbtest8 WHERE id BETWEEN 1513720 AND 1523719 ORDER BY c
	Sort  (cost=35830.99..35856.36 rows=10150 width=121)
	  Sort Key: c
	  ->  Bitmap Heap Scan on sbtest8  (cost=284.47..35155.55 rows=10150 width=121)
	        Recheck Cond: ((id >= 1513720) AND (id <= 1523719))
	        ->  Bitmap Index Scan on sbtest8_pkey  (cost=0.00..281.94 rows=10150 width=0)
	              Index Cond: ((id >= 1513720) AND (id <= 1523719))

for: order_ranges
table 1 : explain SELECT c FROM sbtest1 WHERE id BETWEEN 9100456 AND 9110455 ORDER BY c
	Sort  (cost=35145.57..35170.53 rows=9986 width=121)
	  Sort Key: c
	  ->  Bitmap Heap Scan on sbtest1  (cost=278.79..34482.21 rows=9986 width=121)
	        Recheck Cond: ((id >= 9100456) AND (id <= 9110455))
	        ->  Bitmap Index Scan on sbtest1_pkey  (cost=0.00..276.30 rows=9986 width=0)
	              Index Cond: ((id >= 9100456) AND (id <= 9110455))

table 2 : explain SELECT c FROM sbtest2 WHERE id BETWEEN 1448688 AND 1458687 ORDER BY c
	Sort  (cost=32823.04..32846.17 rows=9254 width=121)
	  Sort Key: c
	  ->  Bitmap Heap Scan on sbtest2  (cost=255.29..32213.39 rows=9254 width=121)
	        Recheck Cond: ((id >= 1448688) AND (id <= 1458687))
	        ->  Bitmap Index Scan on sbtest2_pkey  (cost=0.00..252.98 rows=9254 width=0)
	              Index Cond: ((id >= 1448688) AND (id <= 1458687))

table 3 : explain SELECT c FROM sbtest3 WHERE id BETWEEN 1131939 AND 1141938 ORDER BY c
	Sort  (cost=35599.76..35625.02 rows=10106 width=121)
	  Sort Key: c
	  ->  Bitmap Heap Scan on sbtest3  (cost=276.02..34927.56 rows=10106 width=121)
	        Recheck Cond: ((id >= 1131939) AND (id <= 1141938))
	        ->  Bitmap Index Scan on sbtest3_pkey  (cost=0.00..273.50 rows=10106 width=0)
	              Index Cond: ((id >= 1131939) AND (id <= 1141938))

table 4 : explain SELECT c FROM sbtest4 WHERE id BETWEEN 4192294 AND 4202293 ORDER BY c
	Sort  (cost=37388.38..37415.04 rows=10664 width=121)
	  Sort Key: c
	  ->  Bitmap Heap Scan on sbtest4  (cost=293.74..36674.93 rows=10664 width=121)
	        Recheck Cond: ((id >= 4192294) AND (id <= 4202293))
	        ->  Bitmap Index Scan on sbtest4_pkey  (cost=0.00..291.07 rows=10664 width=0)
	              Index Cond: ((id >= 4192294) AND (id <= 4202293))

table 5 : explain SELECT c FROM sbtest5 WHERE id BETWEEN 661166 AND 671165 ORDER BY c
	Sort  (cost=35629.09..35654.24 rows=10058 width=121)
	  Sort Key: c
	  ->  Bitmap Heap Scan on sbtest5  (cost=283.53..34960.43 rows=10058 width=121)
	        Recheck Cond: ((id >= 661166) AND (id <= 671165))
	        ->  Bitmap Index Scan on sbtest5_pkey  (cost=0.00..281.01 rows=10058 width=0)
	              Index Cond: ((id >= 661166) AND (id <= 671165))

table 6 : explain SELECT c FROM sbtest6 WHERE id BETWEEN 4465257 AND 4475256 ORDER BY c
	Sort  (cost=38143.23..38170.42 rows=10874 width=121)
	  Sort Key: c
	  ->  Bitmap Heap Scan on sbtest6  (cost=303.89..37414.21 rows=10874 width=121)
	        Recheck Cond: ((id >= 4465257) AND (id <= 4475256))
	        ->  Bitmap Index Scan on sbtest6_pkey  (cost=0.00..301.18 rows=10874 width=0)
	              Index Cond: ((id >= 4465257) AND (id <= 4475256))

table 7 : explain SELECT c FROM sbtest7 WHERE id BETWEEN 5901562 AND 5911561 ORDER BY c
	Sort  (cost=37609.86..37636.54 rows=10670 width=121)
	  Sort Key: c
	  ->  Bitmap Heap Scan on sbtest7  (cost=301.80..36895.97 rows=10670 width=121)
	        Recheck Cond: ((id >= 5901562) AND (id <= 5911561))
	        ->  Bitmap Index Scan on sbtest7_pkey  (cost=0.00..299.13 rows=10670 width=0)
	              Index Cond: ((id >= 5901562) AND (id <= 5911561))

table 8 : explain SELECT c FROM sbtest8 WHERE id BETWEEN 7710334 AND 7720333 ORDER BY c
	Sort  (cost=38708.42..38736.03 rows=11046 width=121)
	  Sort Key: c
	  ->  Bitmap Heap Scan on sbtest8  (cost=309.66..37966.61 rows=11046 width=121)
	        Recheck Cond: ((id >= 7710334) AND (id <= 7720333))
	        ->  Bitmap Index Scan on sbtest8_pkey  (cost=0.00..306.90 rows=11046 width=0)
	              Index Cond: ((id >= 7710334) AND (id <= 7720333))

for: simple_ranges
table 1 : explain SELECT c FROM sbtest1 WHERE id BETWEEN 5354926 AND 5364925
	Bitmap Heap Scan on sbtest1  (cost=305.57..37755.81 rows=11038 width=121)
	  Recheck Cond: ((id >= 5354926) AND (id <= 5364925))
	  ->  Bitmap Index Scan on sbtest1_pkey  (cost=0.00..302.81 rows=11038 width=0)
	        Index Cond: ((id >= 5354926) AND (id <= 5364925))

table 2 : explain SELECT c FROM sbtest2 WHERE id BETWEEN 2511264 AND 2521263
	Bitmap Heap Scan on sbtest2  (cost=293.95..36715.65 rows=10684 width=121)
	  Recheck Cond: ((id >= 2511264) AND (id <= 2521263))
	  ->  Bitmap Index Scan on sbtest2_pkey  (cost=0.00..291.28 rows=10684 width=0)
	        Index Cond: ((id >= 2511264) AND (id <= 2521263))

table 3 : explain SELECT c FROM sbtest3 WHERE id BETWEEN 3262638 AND 3272637
	Bitmap Heap Scan on sbtest3  (cost=282.72..35750.23 rows=10369 width=121)
	  Recheck Cond: ((id >= 3262638) AND (id <= 3272637))
	  ->  Bitmap Index Scan on sbtest3_pkey  (cost=0.00..280.12 rows=10369 width=0)
	        Index Cond: ((id >= 3262638) AND (id <= 3272637))

table 4 : explain SELECT c FROM sbtest4 WHERE id BETWEEN 9496389 AND 9506388
	Bitmap Heap Scan on sbtest4  (cost=268.06..33708.44 rows=9720 width=121)
	  Recheck Cond: ((id >= 9496389) AND (id <= 9506388))
	  ->  Bitmap Index Scan on sbtest4_pkey  (cost=0.00..265.63 rows=9720 width=0)
	        Index Cond: ((id >= 9496389) AND (id <= 9506388))

table 5 : explain SELECT c FROM sbtest5 WHERE id BETWEEN 4229253 AND 4239252
	Bitmap Heap Scan on sbtest5  (cost=264.21..32682.08 rows=9344 width=121)
	  Recheck Cond: ((id >= 4229253) AND (id <= 4239252))
	  ->  Bitmap Index Scan on sbtest5_pkey  (cost=0.00..261.88 rows=9344 width=0)
	        Index Cond: ((id >= 4229253) AND (id <= 4239252))

table 6 : explain SELECT c FROM sbtest6 WHERE id BETWEEN 5692685 AND 5702684
	Bitmap Heap Scan on sbtest6  (cost=278.39..34501.78 rows=9947 width=121)
	  Recheck Cond: ((id >= 5692685) AND (id <= 5702684))
	  ->  Bitmap Index Scan on sbtest6_pkey  (cost=0.00..275.91 rows=9947 width=0)
	        Index Cond: ((id >= 5692685) AND (id <= 5702684))

table 7 : explain SELECT c FROM sbtest7 WHERE id BETWEEN 9430304 AND 9440303
	Bitmap Heap Scan on sbtest7  (cost=288.00..35109.26 rows=10104 width=121)
	  Recheck Cond: ((id >= 9430304) AND (id <= 9440303))
	  ->  Bitmap Index Scan on sbtest7_pkey  (cost=0.00..285.48 rows=10104 width=0)
	        Index Cond: ((id >= 9430304) AND (id <= 9440303))

table 8 : explain SELECT c FROM sbtest8 WHERE id BETWEEN 8888574 AND 8898573
	Bitmap Heap Scan on sbtest8  (cost=296.83..36493.86 rows=10575 width=121)
	  Recheck Cond: ((id >= 8888574) AND (id <= 8898573))
	  ->  Bitmap Index Scan on sbtest8_pkey  (cost=0.00..294.19 rows=10575 width=0)
	        Index Cond: ((id >= 8888574) AND (id <= 8898573))

for: order_ranges
table 1 : explain SELECT c FROM sbtest1 WHERE id BETWEEN 5792426 AND 5802425 ORDER BY c
	Sort  (cost=34966.71..34991.54 rows=9932 width=121)
	  Sort Key: c
	  ->  Bitmap Heap Scan on sbtest1  (cost=274.24..34307.33 rows=9932 width=121)
	        Recheck Cond: ((id >= 5792426) AND (id <= 5802425))
	        ->  Bitmap Index Scan on sbtest1_pkey  (cost=0.00..271.75 rows=9932 width=0)
	              Index Cond: ((id >= 5792426) AND (id <= 5802425))

table 2 : explain SELECT c FROM sbtest2 WHERE id BETWEEN 843697 AND 853696 ORDER BY c
	Sort  (cost=33549.66..33573.35 rows=9477 width=121)
	  Sort Key: c
	  ->  Bitmap Heap Scan on sbtest2  (cost=261.57..32923.69 rows=9477 width=121)
	        Recheck Cond: ((id >= 843697) AND (id <= 853696))
	        ->  Bitmap Index Scan on sbtest2_pkey  (cost=0.00..259.20 rows=9477 width=0)
	              Index Cond: ((id >= 843697) AND (id <= 853696))

table 3 : explain SELECT c FROM sbtest3 WHERE id BETWEEN 2230907 AND 2240906 ORDER BY c
	Sort  (cost=35242.72..35267.71 rows=9995 width=121)
	  Sort Key: c
	  ->  Bitmap Heap Scan on sbtest3  (cost=274.88..34578.70 rows=9995 width=121)
	        Recheck Cond: ((id >= 2230907) AND (id <= 2240906))
	        ->  Bitmap Index Scan on sbtest3_pkey  (cost=0.00..272.38 rows=9995 width=0)
	              Index Cond: ((id >= 2230907) AND (id <= 2240906))

table 4 : explain SELECT c FROM sbtest4 WHERE id BETWEEN 3465204 AND 3475203 ORDER BY c
	Sort  (cost=34922.43..34947.17 rows=9897 width=121)
	  Sort Key: c
	  ->  Bitmap Heap Scan on sbtest4  (cost=269.88..34265.62 rows=9897 width=121)
	        Recheck Cond: ((id >= 3465204) AND (id <= 3475203))
	        ->  Bitmap Index Scan on sbtest4_pkey  (cost=0.00..267.41 rows=9897 width=0)
	              Index Cond: ((id >= 3465204) AND (id <= 3475203))

table 5 : explain SELECT c FROM sbtest5 WHERE id BETWEEN 5416367 AND 5426366 ORDER BY c
	Sort  (cost=31945.25..31967.59 rows=8933 width=121)
	  Sort Key: c
	  ->  Bitmap Heap Scan on sbtest5  (cost=252.00..31359.03 rows=8933 width=121)
	        Recheck Cond: ((id >= 5416367) AND (id <= 5426366))
	        ->  Bitmap Index Scan on sbtest5_pkey  (cost=0.00..249.76 rows=8933 width=0)
	              Index Cond: ((id >= 5416367) AND (id <= 5426366))

table 6 : explain SELECT c FROM sbtest6 WHERE id BETWEEN 446300 AND 456299 ORDER BY c
	Sort  (cost=35056.03..35080.82 rows=9914 width=121)
	  Sort Key: c
	  ->  Bitmap Heap Scan on sbtest6  (cost=278.05..34397.98 rows=9914 width=121)
	        Recheck Cond: ((id >= 446300) AND (id <= 456299))
	        ->  Bitmap Index Scan on sbtest6_pkey  (cost=0.00..275.57 rows=9914 width=0)
	              Index Cond: ((id >= 446300) AND (id <= 456299))

table 7 : explain SELECT c FROM sbtest7 WHERE id BETWEEN 6603394 AND 6613393 ORDER BY c
	Sort  (cost=39579.09..39607.29 rows=11283 width=121)
	  Sort Key: c
	  ->  Bitmap Heap Scan on sbtest7  (cost=320.09..38819.64 rows=11283 width=121)
	        Recheck Cond: ((id >= 6603394) AND (id <= 6613393))
	        ->  Bitmap Index Scan on sbtest7_pkey  (cost=0.00..317.26 rows=11283 width=0)
	              Index Cond: ((id >= 6603394) AND (id <= 6613393))

table 8 : explain SELECT c FROM sbtest8 WHERE id BETWEEN 1531025 AND 1541024 ORDER BY c
	Sort  (cost=36304.31..36330.06 rows=10297 width=121)
	  Sort Key: c
	  ->  Bitmap Heap Scan on sbtest8  (cost=285.98..35618.02 rows=10297 width=121)
	        Recheck Cond: ((id >= 1531025) AND (id <= 1541024))
	        ->  Bitmap Index Scan on sbtest8_pkey  (cost=0.00..283.41 rows=10297 width=0)
	              Index Cond: ((id >= 1531025) AND (id <= 1541024))

for: distinct_ranges
table 1 : explain SELECT DISTINCT c FROM sbtest1 WHERE id BETWEEN 2471999 AND 2481998 ORDER BY c
	Unique  (cost=34231.97..34280.49 rows=9703 width=121)
	  ->  Sort  (cost=34231.97..34256.23 rows=9703 width=121)
	        Sort Key: c
	        ->  Bitmap Heap Scan on sbtest1  (cost=267.89..33589.43 rows=9703 width=121)
	              Recheck Cond: ((id >= 2471999) AND (id <= 2481998))
	              ->  Bitmap Index Scan on sbtest1_pkey  (cost=0.00..265.46 rows=9703 width=0)
	                    Index Cond: ((id >= 2471999) AND (id <= 2481998))

table 2 : explain SELECT DISTINCT c FROM sbtest2 WHERE id BETWEEN 6848891 AND 6858890 ORDER BY c
	Unique  (cost=32902.99..32949.38 rows=9278 width=121)
	  ->  Sort  (cost=32902.99..32926.19 rows=9278 width=121)
	        Sort Key: c
	        ->  Bitmap Heap Scan on sbtest2  (cost=255.53..32291.59 rows=9278 width=121)
	              Recheck Cond: ((id >= 6848891) AND (id <= 6858890))
	              ->  Bitmap Index Scan on sbtest2_pkey  (cost=0.00..253.22 rows=9278 width=0)
	                    Index Cond: ((id >= 6848891) AND (id <= 6858890))

table 3 : explain SELECT DISTINCT c FROM sbtest3 WHERE id BETWEEN 9375710 AND 9385709 ORDER BY c
	Unique  (cost=33479.06..33526.31 rows=9450 width=121)
	  ->  Sort  (cost=33479.06..33502.68 rows=9450 width=121)
	        Sort Key: c
	        ->  Bitmap Heap Scan on sbtest3  (cost=261.30..32855.07 rows=9450 width=121)
	              Recheck Cond: ((id >= 9375710) AND (id <= 9385709))
	              ->  Bitmap Index Scan on sbtest3_pkey  (cost=0.00..258.94 rows=9450 width=0)
	                    Index Cond: ((id >= 9375710) AND (id <= 9385709))

table 4 : explain SELECT DISTINCT c FROM sbtest4 WHERE id BETWEEN 9093840 AND 9103839 ORDER BY c
	Unique  (cost=34733.56..34782.75 rows=9838 width=121)
	  ->  Sort  (cost=34733.56..34758.16 rows=9838 width=121)
	        Sort Key: c
	        ->  Bitmap Heap Scan on sbtest4  (cost=269.27..34081.10 rows=9838 width=121)
	              Recheck Cond: ((id >= 9093840) AND (id <= 9103839))
	              ->  Bitmap Index Scan on sbtest4_pkey  (cost=0.00..266.81 rows=9838 width=0)
	                    Index Cond: ((id >= 9093840) AND (id <= 9103839))

table 5 : explain SELECT DISTINCT c FROM sbtest5 WHERE id BETWEEN 2888575 AND 2898574 ORDER BY c
	Unique  (cost=38077.64..38131.71 rows=10815 width=121)
	  ->  Sort  (cost=38077.64..38104.67 rows=10815 width=121)
	        Sort Key: c
	        ->  Bitmap Heap Scan on sbtest5  (cost=307.29..37352.99 rows=10815 width=121)
	              Recheck Cond: ((id >= 2888575) AND (id <= 2898574))
	              ->  Bitmap Index Scan on sbtest5_pkey  (cost=0.00..304.58 rows=10815 width=0)
	                    Index Cond: ((id >= 2888575) AND (id <= 2898574))

table 6 : explain SELECT DISTINCT c FROM sbtest6 WHERE id BETWEEN 8727772 AND 8737771 ORDER BY c
	Unique  (cost=35746.54..35797.18 rows=10128 width=121)
	  ->  Sort  (cost=35746.54..35771.86 rows=10128 width=121)
	        Sort Key: c
	        ->  Bitmap Heap Scan on sbtest6  (cost=284.25..35072.72 rows=10128 width=121)
	              Recheck Cond: ((id >= 8727772) AND (id <= 8737771))
	              ->  Bitmap Index Scan on sbtest6_pkey  (cost=0.00..281.71 rows=10128 width=0)
	                    Index Cond: ((id >= 8727772) AND (id <= 8737771))

table 7 : explain SELECT DISTINCT c FROM sbtest7 WHERE id BETWEEN 2389172 AND 2399171 ORDER BY c
	Unique  (cost=34402.83..34451.23 rows=9680 width=121)
	  ->  Sort  (cost=34402.83..34427.03 rows=9680 width=121)
	        Sort Key: c
	        ->  Bitmap Heap Scan on sbtest7  (cost=275.66..33761.97 rows=9680 width=121)
	              Recheck Cond: ((id >= 2389172) AND (id <= 2399171))
	              ->  Bitmap Index Scan on sbtest7_pkey  (cost=0.00..273.24 rows=9680 width=0)
	                    Index Cond: ((id >= 2389172) AND (id <= 2399171))

table 8 : explain SELECT DISTINCT c FROM sbtest8 WHERE id BETWEEN 2288233 AND 2298232 ORDER BY c
	Unique  (cost=34394.71..34443.24 rows=9706 width=121)
	  ->  Sort  (cost=34394.71..34418.98 rows=9706 width=121)
	        Sort Key: c
	        ->  Bitmap Heap Scan on sbtest8  (cost=271.92..33751.95 rows=9706 width=121)
	              Recheck Cond: ((id >= 2288233) AND (id <= 2298232))
	              ->  Bitmap Index Scan on sbtest8_pkey  (cost=0.00..269.50 rows=9706 width=0)
	                    Index Cond: ((id >= 2288233) AND (id <= 2298232))

for: sum_ranges
table 1 : explain SELECT SUM(k) FROM sbtest1 WHERE id BETWEEN 8702547 AND 8712546
	Aggregate  (cost=34687.78..34687.79 rows=1 width=8)
	  ->  Bitmap Heap Scan on sbtest1  (cost=279.39..34662.67 rows=10044 width=4)
	        Recheck Cond: ((id >= 8702547) AND (id <= 8712546))
	        ->  Bitmap Index Scan on sbtest1_pkey  (cost=0.00..276.88 rows=10044 width=0)
	              Index Cond: ((id >= 8702547) AND (id <= 8712546))

table 2 : explain SELECT SUM(k) FROM sbtest2 WHERE id BETWEEN 8232406 AND 8242405
	Aggregate  (cost=35178.07..35178.08 rows=1 width=8)
	  ->  Bitmap Heap Scan on sbtest2  (cost=280.82..35152.61 rows=10184 width=4)
	        Recheck Cond: ((id >= 8232406) AND (id <= 8242405))
	        ->  Bitmap Index Scan on sbtest2_pkey  (cost=0.00..278.28 rows=10184 width=0)
	              Index Cond: ((id >= 8232406) AND (id <= 8242405))

table 3 : explain SELECT SUM(k) FROM sbtest3 WHERE id BETWEEN 3658228 AND 3668227
	Aggregate  (cost=35082.04..35082.05 rows=1 width=8)
	  ->  Bitmap Heap Scan on sbtest3  (cost=276.45..35056.67 rows=10148 width=4)
	        Recheck Cond: ((id >= 3658228) AND (id <= 3668227))
	        ->  Bitmap Index Scan on sbtest3_pkey  (cost=0.00..273.92 rows=10148 width=0)
	              Index Cond: ((id >= 3658228) AND (id <= 3668227))

table 4 : explain SELECT SUM(k) FROM sbtest4 WHERE id BETWEEN 400607 AND 410606
	Aggregate  (cost=35251.98..35251.99 rows=1 width=8)
	  ->  Bitmap Heap Scan on sbtest4  (cost=281.00..35226.48 rows=10201 width=4)
	        Recheck Cond: ((id >= 400607) AND (id <= 410606))
	        ->  Bitmap Index Scan on sbtest4_pkey  (cost=0.00..278.44 rows=10201 width=0)
	              Index Cond: ((id >= 400607) AND (id <= 410606))

table 5 : explain SELECT SUM(k) FROM sbtest5 WHERE id BETWEEN 6985870 AND 6995869
	Aggregate  (cost=34803.28..34803.29 rows=1 width=8)
	  ->  Bitmap Heap Scan on sbtest5  (cost=282.95..34778.28 rows=10001 width=4)
	        Recheck Cond: ((id >= 6985870) AND (id <= 6995869))
	        ->  Bitmap Index Scan on sbtest5_pkey  (cost=0.00..280.44 rows=10001 width=0)
	              Index Cond: ((id >= 6985870) AND (id <= 6995869))

table 6 : explain SELECT SUM(k) FROM sbtest6 WHERE id BETWEEN 9941948 AND 9951947
	Aggregate  (cost=33866.22..33866.23 rows=1 width=8)
	  ->  Bitmap Heap Scan on sbtest6  (cost=272.26..33841.87 rows=9739 width=4)
	        Recheck Cond: ((id >= 9941948) AND (id <= 9951947))
	        ->  Bitmap Index Scan on sbtest6_pkey  (cost=0.00..269.82 rows=9739 width=0)
	              Index Cond: ((id >= 9941948) AND (id <= 9951947))

table 7 : explain SELECT SUM(k) FROM sbtest7 WHERE id BETWEEN 8474008 AND 8484007
	Aggregate  (cost=32891.46..32891.47 rows=1 width=8)
	  ->  Bitmap Heap Scan on sbtest7  (cost=268.79..32867.96 rows=9400 width=4)
	        Recheck Cond: ((id >= 8474008) AND (id <= 8484007))
	        ->  Bitmap Index Scan on sbtest7_pkey  (cost=0.00..266.44 rows=9400 width=0)
	              Index Cond: ((id >= 8474008) AND (id <= 8484007))

table 8 : explain SELECT SUM(k) FROM sbtest8 WHERE id BETWEEN 1026507 AND 1036506
	Aggregate  (cost=33084.16..33084.17 rows=1 width=8)
	  ->  Bitmap Heap Scan on sbtest8  (cost=265.70..33060.44 rows=9489 width=4)
	        Recheck Cond: ((id >= 1026507) AND (id <= 1036506))
	        ->  Bitmap Index Scan on sbtest8_pkey  (cost=0.00..263.32 rows=9489 width=0)
	              Index Cond: ((id >= 1026507) AND (id <= 1036506))

explain: for point_selects :: explain SELECT c FROM sbtest%u WHERE id=%u
for: distinct_ranges
table 1 : explain SELECT DISTINCT c FROM sbtest1 WHERE id BETWEEN 8971906 AND 8981905 ORDER BY c
	Unique  (cost=36002.87..36054.14 rows=10254 width=121)
	  ->  Sort  (cost=36002.87..36028.51 rows=10254 width=121)
	        Sort Key: c
	        ->  Bitmap Heap Scan on sbtest1  (cost=285.54..35319.75 rows=10254 width=121)
	              Recheck Cond: ((id >= 8971906) AND (id <= 8981905))
	              ->  Bitmap Index Scan on sbtest1_pkey  (cost=0.00..282.98 rows=10254 width=0)
	                    Index Cond: ((id >= 8971906) AND (id <= 8981905))

table 2 : explain SELECT DISTINCT c FROM sbtest2 WHERE id BETWEEN 6194899 AND 6204898 ORDER BY c
	Unique  (cost=35003.97..35053.61 rows=9927 width=121)
	  ->  Sort  (cost=35003.97..35028.79 rows=9927 width=121)
	        Sort Key: c
	        ->  Bitmap Heap Scan on sbtest2  (cost=274.19..34344.96 rows=9927 width=121)
	              Recheck Cond: ((id >= 6194899) AND (id <= 6204898))
	              ->  Bitmap Index Scan on sbtest2_pkey  (cost=0.00..271.70 rows=9927 width=0)
	                    Index Cond: ((id >= 6194899) AND (id <= 6204898))

table 3 : explain SELECT DISTINCT c FROM sbtest3 WHERE id BETWEEN 8807164 AND 8817163 ORDER BY c
	Unique  (cost=33288.51..33335.47 rows=9392 width=121)
	  ->  Sort  (cost=33288.51..33311.99 rows=9392 width=121)
	        Sort Key: c
	        ->  Bitmap Heap Scan on sbtest3  (cost=256.70..32668.77 rows=9392 width=121)
	              Recheck Cond: ((id >= 8807164) AND (id <= 8817163))
	              ->  Bitmap Index Scan on sbtest3_pkey  (cost=0.00..254.36 rows=9392 width=0)
	                    Index Cond: ((id >= 8807164) AND (id <= 8817163))

table 4 : explain SELECT DISTINCT c FROM sbtest4 WHERE id BETWEEN 5365712 AND 5375711 ORDER BY c
	Unique  (cost=34521.38..34570.24 rows=9772 width=121)
	  ->  Sort  (cost=34521.38..34545.81 rows=9772 width=121)
	        Sort Key: c
	        ->  Bitmap Heap Scan on sbtest4  (cost=268.60..33873.77 rows=9772 width=121)
	              Recheck Cond: ((id >= 5365712) AND (id <= 5375711))
	              ->  Bitmap Index Scan on sbtest4_pkey  (cost=0.00..266.16 rows=9772 width=0)
	                    Index Cond: ((id >= 5365712) AND (id <= 5375711))

table 5 : explain SELECT DISTINCT c FROM sbtest5 WHERE id BETWEEN 4077576 AND 4087575 ORDER BY c
	Unique  (cost=35419.35..35469.31 rows=9993 width=121)
	  ->  Sort  (cost=35419.35..35444.33 rows=9993 width=121)
	        Sort Key: c
	        ->  Bitmap Heap Scan on sbtest5  (cost=282.86..34755.48 rows=9993 width=121)
	              Recheck Cond: ((id >= 4077576) AND (id <= 4087575))
	              ->  Bitmap Index Scan on sbtest5_pkey  (cost=0.00..280.37 rows=9993 width=0)
	                    Index Cond: ((id >= 4077576) AND (id <= 4087575))

table 6 : explain SELECT DISTINCT c FROM sbtest6 WHERE id BETWEEN 7480037 AND 7490036 ORDER BY c
	Unique  (cost=33580.04..33627.34 rows=9460 width=121)
	  ->  Sort  (cost=33580.04..33603.69 rows=9460 width=121)
	        Sort Key: c
	        ->  Bitmap Heap Scan on sbtest6  (cost=265.40..32955.32 rows=9460 width=121)
	              Recheck Cond: ((id >= 7480037) AND (id <= 7490036))
	              ->  Bitmap Index Scan on sbtest6_pkey  (cost=0.00..263.04 rows=9460 width=0)
	                    Index Cond: ((id >= 7480037) AND (id <= 7490036))

table 7 : explain SELECT DISTINCT c FROM sbtest7 WHERE id BETWEEN 779909 AND 789908 ORDER BY c
	Unique  (cost=36406.62..36458.10 rows=10296 width=121)
	  ->  Sort  (cost=36406.62..36432.36 rows=10296 width=121)
	        Sort Key: c
	        ->  Bitmap Heap Scan on sbtest7  (cost=293.97..35720.40 rows=10296 width=121)
	              Recheck Cond: ((id >= 779909) AND (id <= 789908))
	              ->  Bitmap Index Scan on sbtest7_pkey  (cost=0.00..291.40 rows=10296 width=0)
	                    Index Cond: ((id >= 779909) AND (id <= 789908))

table 8 : explain SELECT DISTINCT c FROM sbtest8 WHERE id BETWEEN 9412067 AND 9422066 ORDER BY c
	Unique  (cost=33690.62..33738.07 rows=9490 width=121)
	  ->  Sort  (cost=33690.62..33714.34 rows=9490 width=121)
	        Sort Key: c
	        ->  Bitmap Heap Scan on sbtest8  (cost=265.71..33063.70 rows=9490 width=121)
	              Recheck Cond: ((id >= 9412067) AND (id <= 9422066))
	              ->  Bitmap Index Scan on sbtest8_pkey  (cost=0.00..263.33 rows=9490 width=0)
	                    Index Cond: ((id >= 9412067) AND (id <= 9422066))

for: distinct_ranges
table 1 : explain SELECT DISTINCT c FROM sbtest1 WHERE id BETWEEN 6694212 AND 6704211 ORDER BY c
	Unique  (cost=34000.16..34048.31 rows=9631 width=121)
	  ->  Sort  (cost=34000.16..34024.24 rows=9631 width=121)
	        Sort Key: c
	        ->  Bitmap Heap Scan on sbtest1  (cost=267.15..33362.90 rows=9631 width=121)
	              Recheck Cond: ((id >= 6694212) AND (id <= 6704211))
	              ->  Bitmap Index Scan on sbtest1_pkey  (cost=0.00..264.75 rows=9631 width=0)
	                    Index Cond: ((id >= 6694212) AND (id <= 6704211))

table 2 : explain SELECT DISTINCT c FROM sbtest2 WHERE id BETWEEN 3346875 AND 3356874 ORDER BY c
	Unique  (cost=35182.60..35232.52 rows=9983 width=121)
	  ->  Sort  (cost=35182.60..35207.56 rows=9983 width=121)
	        Sort Key: c
	        ->  Bitmap Heap Scan on sbtest2  (cost=274.76..34519.47 rows=9983 width=121)
	              Recheck Cond: ((id >= 3346875) AND (id <= 3356874))
	              ->  Bitmap Index Scan on sbtest2_pkey  (cost=0.00..272.26 rows=9983 width=0)
	                    Index Cond: ((id >= 3346875) AND (id <= 3356874))

table 3 : explain SELECT DISTINCT c FROM sbtest3 WHERE id BETWEEN 7058482 AND 7068481 ORDER BY c
	Unique  (cost=36059.42..36110.67 rows=10249 width=121)
	  ->  Sort  (cost=36059.42..36085.04 rows=10249 width=121)
	        Sort Key: c
	        ->  Bitmap Heap Scan on sbtest3  (cost=281.49..35376.67 rows=10249 width=121)
	              Recheck Cond: ((id >= 7058482) AND (id <= 7068481))
	              ->  Bitmap Index Scan on sbtest3_pkey  (cost=0.00..278.93 rows=10249 width=0)
	                    Index Cond: ((id >= 7058482) AND (id <= 7068481))

table 4 : explain SELECT DISTINCT c FROM sbtest4 WHERE id BETWEEN 7121181 AND 7131180 ORDER BY c
	Unique  (cost=37289.15..37342.32 rows=10634 width=121)
	  ->  Sort  (cost=37289.15..37315.73 rows=10634 width=121)
	        Sort Key: c
	        ->  Bitmap Heap Scan on sbtest4  (cost=289.43..36577.93 rows=10634 width=121)
	              Recheck Cond: ((id >= 7121181) AND (id <= 7131180))
	              ->  Bitmap Index Scan on sbtest4_pkey  (cost=0.00..286.78 rows=10634 width=0)
	                    Index Cond: ((id >= 7121181) AND (id <= 7131180))

table 5 : explain SELECT DISTINCT c FROM sbtest5 WHERE id BETWEEN 2101871 AND 2111870 ORDER BY c
	Unique  (cost=37687.31..37740.78 rows=10695 width=121)
	  ->  Sort  (cost=37687.31..37714.04 rows=10695 width=121)
	        Sort Key: c
	        ->  Bitmap Heap Scan on sbtest5  (cost=302.06..36971.56 rows=10695 width=121)
	              Recheck Cond: ((id >= 2101871) AND (id <= 2111870))
	              ->  Bitmap Index Scan on sbtest5_pkey  (cost=0.00..299.38 rows=10695 width=0)
	                    Index Cond: ((id >= 2101871) AND (id <= 2111870))

table 6 : explain SELECT DISTINCT c FROM sbtest6 WHERE id BETWEEN 6011233 AND 6021232 ORDER BY c
	Unique  (cost=34860.06..34909.32 rows=9853 width=121)
	  ->  Sort  (cost=34860.06..34884.69 rows=9853 width=121)
	        Sort Key: c
	        ->  Bitmap Heap Scan on sbtest6  (cost=277.43..34206.49 rows=9853 width=121)
	              Recheck Cond: ((id >= 6011233) AND (id <= 6021232))
	              ->  Bitmap Index Scan on sbtest6_pkey  (cost=0.00..274.96 rows=9853 width=0)
	                    Index Cond: ((id >= 6011233) AND (id <= 6021232))

table 7 : explain SELECT DISTINCT c FROM sbtest7 WHERE id BETWEEN 7386761 AND 7396760 ORDER BY c
	Unique  (cost=35754.62..35805.09 rows=10095 width=121)
	  ->  Sort  (cost=35754.62..35779.86 rows=10095 width=121)
	        Sort Key: c
	        ->  Bitmap Heap Scan on sbtest7  (cost=287.91..35083.23 rows=10095 width=121)
	              Recheck Cond: ((id >= 7386761) AND (id <= 7396760))
	              ->  Bitmap Index Scan on sbtest7_pkey  (cost=0.00..285.38 rows=10095 width=0)
	                    Index Cond: ((id >= 7386761) AND (id <= 7396760))

table 8 : explain SELECT DISTINCT c FROM sbtest8 WHERE id BETWEEN 3247373 AND 3257372 ORDER BY c
	Unique  (cost=35648.68..35699.15 rows=10093 width=121)
	  ->  Sort  (cost=35648.68..35673.92 rows=10093 width=121)
	        Sort Key: c
	        ->  Bitmap Heap Scan on sbtest8  (cost=283.89..34977.45 rows=10093 width=121)
	              Recheck Cond: ((id >= 3247373) AND (id <= 3257372))
	              ->  Bitmap Index Scan on sbtest8_pkey  (cost=0.00..281.37 rows=10093 width=0)
	                    Index Cond: ((id >= 3247373) AND (id <= 3257372))

for point_selects
table 1 : explain SELECT c FROM sbtest1 WHERE id=2069449
	Index Scan using sbtest1_pkey on sbtest1  (cost=0.43..8.45 rows=1 width=121)
	  Index Cond: (id = 2069449)

table 2 : explain SELECT c FROM sbtest2 WHERE id=9239846
	Index Scan using sbtest2_pkey on sbtest2  (cost=0.43..8.45 rows=1 width=121)
	  Index Cond: (id = 9239846)

table 3 : explain SELECT c FROM sbtest3 WHERE id=8193992
	Index Scan using sbtest3_pkey on sbtest3  (cost=0.43..8.45 rows=1 width=121)
	  Index Cond: (id = 8193992)

table 4 : explain SELECT c FROM sbtest4 WHERE id=9355644
	Index Scan using sbtest4_pkey on sbtest4  (cost=0.43..8.45 rows=1 width=121)
	  Index Cond: (id = 9355644)

table 5 : explain SELECT c FROM sbtest5 WHERE id=3658641
	Index Scan using sbtest5_pkey on sbtest5  (cost=0.43..8.45 rows=1 width=121)
	  Index Cond: (id = 3658641)

table 6 : explain SELECT c FROM sbtest6 WHERE id=1191781
	Index Scan using sbtest6_pkey on sbtest6  (cost=0.43..8.45 rows=1 width=121)
	  Index Cond: (id = 1191781)

table 7 : explain SELECT c FROM sbtest7 WHERE id=8459518
	Index Scan using sbtest7_pkey on sbtest7  (cost=0.43..8.45 rows=1 width=121)
	  Index Cond: (id = 8459518)

table 8 : explain SELECT c FROM sbtest8 WHERE id=8974597
	Index Scan using sbtest8_pkey on sbtest8  (cost=0.43..8.45 rows=1 width=121)
	  Index Cond: (id = 8974597)

for: distinct_ranges
table 1 : explain SELECT DISTINCT c FROM sbtest1 WHERE id BETWEEN 5486714 AND 5496713 ORDER BY c
	Unique  (cost=34145.97..34194.35 rows=9677 width=121)
	  ->  Sort  (cost=34145.97..34170.16 rows=9677 width=121)
	        Sort Key: c
	        ->  Bitmap Heap Scan on sbtest1  (cost=267.62..33505.33 rows=9677 width=121)
	              Recheck Cond: ((id >= 5486714) AND (id <= 5496713))
	              ->  Bitmap Index Scan on sbtest1_pkey  (cost=0.00..265.20 rows=9677 width=0)
	                    Index Cond: ((id >= 5486714) AND (id <= 5496713))

table 2 : explain SELECT DISTINCT c FROM sbtest2 WHERE id BETWEEN 513050 AND 523049 ORDER BY c
	Unique  (cost=36440.85..36492.72 rows=10374 width=121)
	  ->  Sort  (cost=36440.85..36466.79 rows=10374 width=121)
	        Sort Key: c
	        ->  Bitmap Heap Scan on sbtest2  (cost=286.77..35748.87 rows=10374 width=121)
	              Recheck Cond: ((id >= 513050) AND (id <= 523049))
	              ->  Bitmap Index Scan on sbtest2_pkey  (cost=0.00..284.18 rows=10374 width=0)
	                    Index Cond: ((id >= 513050) AND (id <= 523049))

table 3 : explain SELECT DISTINCT c FROM sbtest3 WHERE id BETWEEN 9446074 AND 9456073 ORDER BY c
	Unique  (cost=35894.39..35945.38 rows=10197 width=121)
	  ->  Sort  (cost=35894.39..35919.89 rows=10197 width=121)
	        Sort Key: c
	        ->  Bitmap Heap Scan on sbtest3  (cost=280.95..35215.49 rows=10197 width=121)
	              Recheck Cond: ((id >= 9446074) AND (id <= 9456073))
	              ->  Bitmap Index Scan on sbtest3_pkey  (cost=0.00..278.41 rows=10197 width=0)
	                    Index Cond: ((id >= 9446074) AND (id <= 9456073))

table 4 : explain SELECT DISTINCT c FROM sbtest4 WHERE id BETWEEN 5221613 AND 5231612 ORDER BY c
	Unique  (cost=35459.12..35509.44 rows=10063 width=121)
	  ->  Sort  (cost=35459.12..35484.28 rows=10063 width=121)
	        Sort Key: c
	        ->  Bitmap Heap Scan on sbtest4  (cost=275.58..34790.09 rows=10063 width=121)
	              Recheck Cond: ((id >= 5221613) AND (id <= 5231612))
	              ->  Bitmap Index Scan on sbtest4_pkey  (cost=0.00..273.06 rows=10063 width=0)
	                    Index Cond: ((id >= 5221613) AND (id <= 5231612))

table 5 : explain SELECT DISTINCT c FROM sbtest5 WHERE id BETWEEN 1776493 AND 1786492 ORDER BY c
	Unique  (cost=34468.05..34516.55 rows=9701 width=121)
	  ->  Sort  (cost=34468.05..34492.30 rows=9701 width=121)
	        Sort Key: c
	        ->  Bitmap Heap Scan on sbtest5  (cost=275.87..33825.65 rows=9701 width=121)
	              Recheck Cond: ((id >= 1776493) AND (id <= 1786492))
	              ->  Bitmap Index Scan on sbtest5_pkey  (cost=0.00..273.44 rows=9701 width=0)
	                    Index Cond: ((id >= 1776493) AND (id <= 1786492))

table 6 : explain SELECT DISTINCT c FROM sbtest6 WHERE id BETWEEN 6655096 AND 6665095 ORDER BY c
	Unique  (cost=33072.21..33118.73 rows=9303 width=121)
	  ->  Sort  (cost=33072.21..33095.47 rows=9303 width=121)
	        Sort Key: c
	        ->  Bitmap Heap Scan on sbtest6  (cost=263.79..32458.98 rows=9303 width=121)
	              Recheck Cond: ((id >= 6655096) AND (id <= 6665095))
	              ->  Bitmap Index Scan on sbtest6_pkey  (cost=0.00..261.46 rows=9303 width=0)
	                    Index Cond: ((id >= 6655096) AND (id <= 6665095))

table 7 : explain SELECT DISTINCT c FROM sbtest7 WHERE id BETWEEN 4281137 AND 4291136 ORDER BY c
	Unique  (cost=32813.00..32858.97 rows=9195 width=121)
	  ->  Sort  (cost=32813.00..32835.99 rows=9195 width=121)
	        Sort Key: c
	        ->  Bitmap Heap Scan on sbtest7  (cost=262.68..32207.66 rows=9195 width=121)
	              Recheck Cond: ((id >= 4281137) AND (id <= 4291136))
	              ->  Bitmap Index Scan on sbtest7_pkey  (cost=0.00..260.38 rows=9195 width=0)
	                    Index Cond: ((id >= 4281137) AND (id <= 4291136))

table 8 : explain SELECT DISTINCT c FROM sbtest8 WHERE id BETWEEN 2940701 AND 2950700 ORDER BY c
	Unique  (cost=38264.57..38319.11 rows=10908 width=121)
	  ->  Sort  (cost=38264.57..38291.84 rows=10908 width=121)
	        Sort Key: c
	        ->  Bitmap Heap Scan on sbtest8  (cost=304.24..37533.02 rows=10908 width=121)
	              Recheck Cond: ((id >= 2940701) AND (id <= 2950700))
	              ->  Bitmap Index Scan on sbtest8_pkey  (cost=0.00..301.51 rows=10908 width=0)
	                    Index Cond: ((id >= 2940701) AND (id <= 2950700))

for point_selects
table 1 : explain SELECT c FROM sbtest1 WHERE id=5939902
	Index Scan using sbtest1_pkey on sbtest1  (cost=0.43..8.45 rows=1 width=121)
	  Index Cond: (id = 5939902)

table 2 : explain SELECT c FROM sbtest2 WHERE id=6111382
	Index Scan using sbtest2_pkey on sbtest2  (cost=0.43..8.45 rows=1 width=121)
	  Index Cond: (id = 6111382)

table 3 : explain SELECT c FROM sbtest3 WHERE id=1943094
	Index Scan using sbtest3_pkey on sbtest3  (cost=0.43..8.45 rows=1 width=121)
	  Index Cond: (id = 1943094)

table 4 : explain SELECT c FROM sbtest4 WHERE id=181712
	Index Scan using sbtest4_pkey on sbtest4  (cost=0.43..8.45 rows=1 width=121)
	  Index Cond: (id = 181712)

table 5 : explain SELECT c FROM sbtest5 WHERE id=2362543
	Index Scan using sbtest5_pkey on sbtest5  (cost=0.43..8.45 rows=1 width=121)
	  Index Cond: (id = 2362543)

table 6 : explain SELECT c FROM sbtest6 WHERE id=7964032
	Index Scan using sbtest6_pkey on sbtest6  (cost=0.43..8.45 rows=1 width=121)
	  Index Cond: (id = 7964032)

table 7 : explain SELECT c FROM sbtest7 WHERE id=9278043
	Index Scan using sbtest7_pkey on sbtest7  (cost=0.43..8.45 rows=1 width=121)
	  Index Cond: (id = 9278043)

table 8 : explain SELECT c FROM sbtest8 WHERE id=3166639
	Index Scan using sbtest8_pkey on sbtest8  (cost=0.43..8.45 rows=1 width=121)
	  Index Cond: (id = 3166639)

for: distinct_ranges
table 1 : explain SELECT DISTINCT c FROM sbtest1 WHERE id BETWEEN 8958374 AND 8968373 ORDER BY c
	Unique  (cost=36002.87..36054.14 rows=10254 width=121)
	  ->  Sort  (cost=36002.87..36028.51 rows=10254 width=121)
	        Sort Key: c
	        ->  Bitmap Heap Scan on sbtest1  (cost=285.54..35319.75 rows=10254 width=121)
	              Recheck Cond: ((id >= 8958374) AND (id <= 8968373))
	              ->  Bitmap Index Scan on sbtest1_pkey  (cost=0.00..282.98 rows=10254 width=0)
	                    Index Cond: ((id >= 8958374) AND (id <= 8968373))

table 2 : explain SELECT DISTINCT c FROM sbtest2 WHERE id BETWEEN 3102250 AND 3112249 ORDER BY c
	Unique  (cost=33012.98..33059.54 rows=9312 width=121)
	  ->  Sort  (cost=33012.98..33036.26 rows=9312 width=121)
	        Sort Key: c
	        ->  Bitmap Heap Scan on sbtest2  (cost=255.88..32399.09 rows=9312 width=121)
	              Recheck Cond: ((id >= 3102250) AND (id <= 3112249))
	              ->  Bitmap Index Scan on sbtest2_pkey  (cost=0.00..253.56 rows=9312 width=0)
	                    Index Cond: ((id >= 3102250) AND (id <= 3112249))

table 3 : explain SELECT DISTINCT c FROM sbtest3 WHERE id BETWEEN 2004997 AND 2014996 ORDER BY c
	Unique  (cost=33201.85..33248.68 rows=9365 width=121)
	  ->  Sort  (cost=33201.85..33225.27 rows=9365 width=121)
	        Sort Key: c
	        ->  Bitmap Heap Scan on sbtest3  (cost=256.43..32584.09 rows=9365 width=121)
	              Recheck Cond: ((id >= 2004997) AND (id <= 2014996))
	              ->  Bitmap Index Scan on sbtest3_pkey  (cost=0.00..254.09 rows=9365 width=0)
	                    Index Cond: ((id >= 2004997) AND (id <= 2014996))

table 4 : explain SELECT DISTINCT c FROM sbtest4 WHERE id BETWEEN 7360151 AND 7370150 ORDER BY c
	Unique  (cost=37069.05..37121.87 rows=10565 width=121)
	  ->  Sort  (cost=37069.05..37095.46 rows=10565 width=121)
	        Sort Key: c
	        ->  Bitmap Heap Scan on sbtest4  (cost=288.73..36362.93 rows=10565 width=121)
	              Recheck Cond: ((id >= 7360151) AND (id <= 7370150))
	              ->  Bitmap Index Scan on sbtest4_pkey  (cost=0.00..286.08 rows=10565 width=0)
	                    Index Cond: ((id >= 7360151) AND (id <= 7370150))

table 5 : explain SELECT DISTINCT c FROM sbtest5 WHERE id BETWEEN 1607370 AND 1617369 ORDER BY c
	Unique  (cost=34791.98..34840.98 rows=9801 width=121)
	  ->  Sort  (cost=34791.98..34816.48 rows=9801 width=121)
	        Sort Key: c
	        ->  Bitmap Heap Scan on sbtest5  (cost=276.90..34142.23 rows=9801 width=121)
	              Recheck Cond: ((id >= 1607370) AND (id <= 1617369))
	              ->  Bitmap Index Scan on sbtest5_pkey  (cost=0.00..274.44 rows=9801 width=0)
	                    Index Cond: ((id >= 1607370) AND (id <= 1617369))

table 6 : explain SELECT DISTINCT c FROM sbtest6 WHERE id BETWEEN 7050415 AND 7060414 ORDER BY c
	Unique  (cost=36134.43..36185.66 rows=10247 width=121)
	  ->  Sort  (cost=36134.43..36160.04 rows=10247 width=121)
	        Sort Key: c
	        ->  Bitmap Heap Scan on sbtest6  (cost=289.47..35451.83 rows=10247 width=121)
	              Recheck Cond: ((id >= 7050415) AND (id <= 7060414))
	              ->  Bitmap Index Scan on sbtest6_pkey  (cost=0.00..286.91 rows=10247 width=0)
	                    Index Cond: ((id >= 7050415) AND (id <= 7060414))

table 7 : explain SELECT DISTINCT c FROM sbtest7 WHERE id BETWEEN 3332497 AND 3342496 ORDER BY c
	Unique  (cost=36715.18..36767.14 rows=10392 width=121)
	  ->  Sort  (cost=36715.18..36741.16 rows=10392 width=121)
	        Sort Key: c
	        ->  Bitmap Heap Scan on sbtest7  (cost=294.95..36021.86 rows=10392 width=121)
	              Recheck Cond: ((id >= 3332497) AND (id <= 3342496))
	              ->  Bitmap Index Scan on sbtest7_pkey  (cost=0.00..292.36 rows=10392 width=0)
	                    Index Cond: ((id >= 3332497) AND (id <= 3342496))

table 8 : explain SELECT DISTINCT c FROM sbtest8 WHERE id BETWEEN 6021489 AND 6031488 ORDER BY c
	Unique  (cost=37698.20..37751.85 rows=10731 width=121)
	  ->  Sort  (cost=37698.20..37725.02 rows=10731 width=121)
	        Sort Key: c
	        ->  Bitmap Heap Scan on sbtest8  (cost=298.43..36979.78 rows=10731 width=121)
	              Recheck Cond: ((id >= 6021489) AND (id <= 6031488))
	              ->  Bitmap Index Scan on sbtest8_pkey  (cost=0.00..295.75 rows=10731 width=0)
	                    Index Cond: ((id >= 6021489) AND (id <= 6031488))

for: sum_ranges
table 1 : explain SELECT SUM(k) FROM sbtest1 WHERE id BETWEEN 6882918 AND 6892917
	Aggregate  (cost=34335.39..34335.40 rows=1 width=8)
	  ->  Bitmap Heap Scan on sbtest1  (cost=274.25..34310.55 rows=9933 width=4)
	        Recheck Cond: ((id >= 6882918) AND (id <= 6892917))
	        ->  Bitmap Index Scan on sbtest1_pkey  (cost=0.00..271.76 rows=9933 width=0)
	              Index Cond: ((id >= 6882918) AND (id <= 6892917))

table 2 : explain SELECT SUM(k) FROM sbtest2 WHERE id BETWEEN 3028602 AND 3038601
	Aggregate  (cost=34042.83..34042.84 rows=1 width=8)
	  ->  Bitmap Heap Scan on sbtest2  (cost=273.12..34018.28 rows=9823 width=4)
	        Recheck Cond: ((id >= 3028602) AND (id <= 3038601))
	        ->  Bitmap Index Scan on sbtest2_pkey  (cost=0.00..270.67 rows=9823 width=0)
	              Index Cond: ((id >= 3028602) AND (id <= 3038601))

table 3 : explain SELECT SUM(k) FROM sbtest3 WHERE id BETWEEN 9968750 AND 9978749
	Aggregate  (cost=33990.79..33990.80 rows=1 width=8)
	  ->  Bitmap Heap Scan on sbtest3  (cost=268.90..33966.29 rows=9801 width=4)
	        Recheck Cond: ((id >= 9968750) AND (id <= 9978749))
	        ->  Bitmap Index Scan on sbtest3_pkey  (cost=0.00..266.44 rows=9801 width=0)
	              Index Cond: ((id >= 9968750) AND (id <= 9978749))

table 4 : explain SELECT SUM(k) FROM sbtest4 WHERE id BETWEEN 5787043 AND 5797042
	Aggregate  (cost=35899.76..35899.77 rows=1 width=8)
	  ->  Bitmap Heap Scan on sbtest4  (cost=283.13..35873.74 rows=10409 width=4)
	        Recheck Cond: ((id >= 5787043) AND (id <= 5797042))
	        ->  Bitmap Index Scan on sbtest4_pkey  (cost=0.00..280.53 rows=10409 width=0)
	              Index Cond: ((id >= 5787043) AND (id <= 5797042))

table 5 : explain SELECT SUM(k) FROM sbtest5 WHERE id BETWEEN 6513584 AND 6523583
	Aggregate  (cost=36084.93..36084.94 rows=1 width=8)
	  ->  Bitmap Heap Scan on sbtest5  (cost=295.09..36058.92 rows=10405 width=4)
	        Recheck Cond: ((id >= 6513584) AND (id <= 6523583))
	        ->  Bitmap Index Scan on sbtest5_pkey  (cost=0.00..292.49 rows=10405 width=0)
	              Index Cond: ((id >= 6513584) AND (id <= 6523583))

table 6 : explain SELECT SUM(k) FROM sbtest6 WHERE id BETWEEN 8506923 AND 8516922
	Aggregate  (cost=37506.40..37506.41 rows=1 width=8)
	  ->  Bitmap Heap Scan on sbtest6  (cost=308.10..37479.16 rows=10894 width=4)
	        Recheck Cond: ((id >= 8506923) AND (id <= 8516922))
	        ->  Bitmap Index Scan on sbtest6_pkey  (cost=0.00..305.38 rows=10894 width=0)
	              Index Cond: ((id >= 8506923) AND (id <= 8516922))

table 7 : explain SELECT SUM(k) FROM sbtest7 WHERE id BETWEEN 5237137 AND 5247136
	Aggregate  (cost=34011.65..34011.66 rows=1 width=8)
	  ->  Bitmap Heap Scan on sbtest7  (cost=276.38..33987.28 rows=9751 width=4)
	        Recheck Cond: ((id >= 5237137) AND (id <= 5247136))
	        ->  Bitmap Index Scan on sbtest7_pkey  (cost=0.00..273.94 rows=9751 width=0)
	              Index Cond: ((id >= 5237137) AND (id <= 5247136))

table 8 : explain SELECT SUM(k) FROM sbtest8 WHERE id BETWEEN 5634981 AND 5644980
	Aggregate  (cost=33306.10..33306.11 rows=1 width=8)
	  ->  Bitmap Heap Scan on sbtest8  (cost=266.41..33282.21 rows=9559 width=4)
	        Recheck Cond: ((id >= 5634981) AND (id <= 5644980))
	        ->  Bitmap Index Scan on sbtest8_pkey  (cost=0.00..264.03 rows=9559 width=0)
	              Index Cond: ((id >= 5634981) AND (id <= 5644980))

for: order_ranges
table 1 : explain SELECT c FROM sbtest1 WHERE id BETWEEN 338461 AND 348460 ORDER BY c
	Sort  (cost=36374.33..36400.26 rows=10371 width=121)
	  Sort Key: c
	  ->  Bitmap Heap Scan on sbtest1  (cost=286.74..35682.58 rows=10371 width=121)
	        Recheck Cond: ((id >= 338461) AND (id <= 348460))
	        ->  Bitmap Index Scan on sbtest1_pkey  (cost=0.00..284.15 rows=10371 width=0)
	              Index Cond: ((id >= 338461) AND (id <= 348460))

table 2 : explain SELECT c FROM sbtest2 WHERE id BETWEEN 5013071 AND 5023070 ORDER BY c
	Sort  (cost=37745.98..37772.93 rows=10782 width=121)
	  Sort Key: c
	  ->  Bitmap Heap Scan on sbtest2  (cost=298.95..37023.78 rows=10782 width=121)
	        Recheck Cond: ((id >= 5013071) AND (id <= 5023070))
	        ->  Bitmap Index Scan on sbtest2_pkey  (cost=0.00..296.25 rows=10782 width=0)
	              Index Cond: ((id >= 5013071) AND (id <= 5023070))

table 3 : explain SELECT c FROM sbtest3 WHERE id BETWEEN 4689823 AND 4699822 ORDER BY c
	Sort  (cost=34619.35..34643.85 rows=9802 width=121)
	  Sort Key: c
	  ->  Bitmap Heap Scan on sbtest3  (cost=268.91..33969.53 rows=9802 width=121)
	        Recheck Cond: ((id >= 4689823) AND (id <= 4699822))
	        ->  Bitmap Index Scan on sbtest3_pkey  (cost=0.00..266.45 rows=9802 width=0)
	              Index Cond: ((id >= 4689823) AND (id <= 4699822))

table 4 : explain SELECT c FROM sbtest4 WHERE id BETWEEN 1340824 AND 1350823 ORDER BY c
	Sort  (cost=34372.13..34396.44 rows=9726 width=121)
	  Sort Key: c
	  ->  Bitmap Heap Scan on sbtest4  (cost=268.13..33727.90 rows=9726 width=121)
	        Recheck Cond: ((id >= 1340824) AND (id <= 1350823))
	        ->  Bitmap Index Scan on sbtest4_pkey  (cost=0.00..265.69 rows=9726 width=0)
	              Index Cond: ((id >= 1340824) AND (id <= 1350823))

table 5 : explain SELECT c FROM sbtest5 WHERE id BETWEEN 3695571 AND 3705570 ORDER BY c
	Sort  (cost=34374.46..34398.64 rows=9672 width=121)
	  Sort Key: c
	  ->  Bitmap Heap Scan on sbtest5  (cost=275.57..33734.20 rows=9672 width=121)
	        Recheck Cond: ((id >= 3695571) AND (id <= 3705570))
	        ->  Bitmap Index Scan on sbtest5_pkey  (cost=0.00..273.16 rows=9672 width=0)
	              Index Cond: ((id >= 3695571) AND (id <= 3705570))

table 6 : explain SELECT c FROM sbtest6 WHERE id BETWEEN 814205 AND 824204 ORDER BY c
	Sort  (cost=35726.58..35751.89 rows=10121 width=121)
	  Sort Key: c
	  ->  Bitmap Heap Scan on sbtest6  (cost=284.18..35053.28 rows=10121 width=121)
	        Recheck Cond: ((id >= 814205) AND (id <= 824204))
	        ->  Bitmap Index Scan on sbtest6_pkey  (cost=0.00..281.65 rows=10121 width=0)
	              Index Cond: ((id >= 814205) AND (id <= 824204))

table 7 : explain SELECT c FROM sbtest7 WHERE id BETWEEN 6659682 AND 6669681 ORDER BY c
	Sort  (cost=34539.90..34564.21 rows=9723 width=121)
	  Sort Key: c
	  ->  Bitmap Heap Scan on sbtest7  (cost=276.10..33895.89 rows=9723 width=121)
	        Recheck Cond: ((id >= 6659682) AND (id <= 6669681))
	        ->  Bitmap Index Scan on sbtest7_pkey  (cost=0.00..273.67 rows=9723 width=0)
	              Index Cond: ((id >= 6659682) AND (id <= 6669681))

table 8 : explain SELECT c FROM sbtest8 WHERE id BETWEEN 5789128 AND 5799127 ORDER BY c
	Sort  (cost=37814.08..37841.00 rows=10766 width=121)
	  Sort Key: c
	  ->  Bitmap Heap Scan on sbtest8  (cost=302.79..37093.07 rows=10766 width=121)
	        Recheck Cond: ((id >= 5789128) AND (id <= 5799127))
	        ->  Bitmap Index Scan on sbtest8_pkey  (cost=0.00..300.09 rows=10766 width=0)
	              Index Cond: ((id >= 5789128) AND (id <= 5799127))

explain: for point_selects :: explain SELECT c FROM sbtest%u WHERE id=%u
for: order_ranges
table 1 : explain SELECT c FROM sbtest1 WHERE id BETWEEN 3939863 AND 3949862 ORDER BY c
	Sort  (cost=35086.23..35111.15 rows=9968 width=121)
	  Sort Key: c
	  ->  Bitmap Heap Scan on sbtest1  (cost=278.61..34424.20 rows=9968 width=121)
	        Recheck Cond: ((id >= 3939863) AND (id <= 3949862))
	        ->  Bitmap Index Scan on sbtest1_pkey  (cost=0.00..276.12 rows=9968 width=0)
	              Index Cond: ((id >= 3939863) AND (id <= 3949862))

table 2 : explain SELECT c FROM sbtest2 WHERE id BETWEEN 368972 AND 378971 ORDER BY c
	Sort  (cost=31990.80..32013.29 rows=8999 width=121)
	  Sort Key: c
	  ->  Bitmap Heap Scan on sbtest2  (cost=248.67..31399.76 rows=8999 width=121)
	        Recheck Cond: ((id >= 368972) AND (id <= 378971))
	        ->  Bitmap Index Scan on sbtest2_pkey  (cost=0.00..246.43 rows=8999 width=0)
	              Index Cond: ((id >= 368972) AND (id <= 378971))

table 3 : explain SELECT c FROM sbtest3 WHERE id BETWEEN 9127768 AND 9137767 ORDER BY c
	Sort  (cost=35775.56..35800.96 rows=10160 width=121)
	  Sort Key: c
	  ->  Bitmap Heap Scan on sbtest3  (cost=280.58..35099.38 rows=10160 width=121)
	        Recheck Cond: ((id >= 9127768) AND (id <= 9137767))
	        ->  Bitmap Index Scan on sbtest3_pkey  (cost=0.00..278.04 rows=10160 width=0)
	              Index Cond: ((id >= 9127768) AND (id <= 9137767))

table 4 : explain SELECT c FROM sbtest4 WHERE id BETWEEN 6448931 AND 6458930 ORDER BY c
	Sort  (cost=34886.03..34910.74 rows=9886 width=121)
	  Sort Key: c
	  ->  Bitmap Heap Scan on sbtest4  (cost=269.77..34230.03 rows=9886 width=121)
	        Recheck Cond: ((id >= 6448931) AND (id <= 6458930))
	        ->  Bitmap Index Scan on sbtest4_pkey  (cost=0.00..267.30 rows=9886 width=0)
	              Index Cond: ((id >= 6448931) AND (id <= 6458930))

table 5 : explain SELECT c FROM sbtest5 WHERE id BETWEEN 4435429 AND 4445428 ORDER BY c
	Sort  (cost=37144.06..37170.37 rows=10526 width=121)
	  Sort Key: c
	  ->  Bitmap Heap Scan on sbtest5  (cost=296.33..36440.83 rows=10526 width=121)
	        Recheck Cond: ((id >= 4435429) AND (id <= 4445428))
	        ->  Bitmap Index Scan on sbtest5_pkey  (cost=0.00..293.69 rows=10526 width=0)
	              Index Cond: ((id >= 4435429) AND (id <= 4445428))

table 6 : explain SELECT c FROM sbtest6 WHERE id BETWEEN 7119684 AND 7129683 ORDER BY c
	Sort  (cost=35832.56..35857.95 rows=10154 width=121)
	  Sort Key: c
	  ->  Bitmap Heap Scan on sbtest6  (cost=284.51..35156.82 rows=10154 width=121)
	        Recheck Cond: ((id >= 7119684) AND (id <= 7129683))
	        ->  Bitmap Index Scan on sbtest6_pkey  (cost=0.00..281.98 rows=10154 width=0)
	              Index Cond: ((id >= 7119684) AND (id <= 7129683))

table 7 : explain SELECT c FROM sbtest7 WHERE id BETWEEN 1026381 AND 1036380 ORDER BY c
	Sort  (cost=34817.67..34842.18 rows=9807 width=121)
	  Sort Key: c
	  ->  Bitmap Heap Scan on sbtest7  (cost=280.96..34167.48 rows=9807 width=121)
	        Recheck Cond: ((id >= 1026381) AND (id <= 1036380))
	        ->  Bitmap Index Scan on sbtest7_pkey  (cost=0.00..278.50 rows=9807 width=0)
	              Index Cond: ((id >= 1026381) AND (id <= 1036380))

table 8 : explain SELECT c FROM sbtest8 WHERE id BETWEEN 8036354 AND 8046353 ORDER BY c
	Sort  (cost=35618.77..35643.98 rows=10083 width=121)
	  Sort Key: c
	  ->  Bitmap Heap Scan on sbtest8  (cost=283.79..34948.27 rows=10083 width=121)
	        Recheck Cond: ((id >= 8036354) AND (id <= 8046353))
	        ->  Bitmap Index Scan on sbtest8_pkey  (cost=0.00..281.26 rows=10083 width=0)
	              Index Cond: ((id >= 8036354) AND (id <= 8046353))

for: simple_ranges
table 1 : explain SELECT c FROM sbtest1 WHERE id BETWEEN 6483804 AND 6493803
	Bitmap Heap Scan on sbtest1  (cost=259.88..32353.24 rows=9312 width=121)
	  Recheck Cond: ((id >= 6483804) AND (id <= 6493803))
	  ->  Bitmap Index Scan on sbtest1_pkey  (cost=0.00..257.56 rows=9312 width=0)
	        Index Cond: ((id >= 6483804) AND (id <= 6493803))

table 2 : explain SELECT c FROM sbtest2 WHERE id BETWEEN 9137923 AND 9147922
	Bitmap Heap Scan on sbtest2  (cost=292.20..36189.76 rows=10514 width=121)
	  Recheck Cond: ((id >= 9137923) AND (id <= 9147922))
	  ->  Bitmap Index Scan on sbtest2_pkey  (cost=0.00..289.57 rows=10514 width=0)
	        Index Cond: ((id >= 9137923) AND (id <= 9147922))

table 3 : explain SELECT c FROM sbtest3 WHERE id BETWEEN 779519 AND 789518
	Bitmap Heap Scan on sbtest3  (cost=268.86..33956.57 rows=9798 width=121)
	  Recheck Cond: ((id >= 779519) AND (id <= 789518))
	  ->  Bitmap Index Scan on sbtest3_pkey  (cost=0.00..266.42 rows=9798 width=0)
	        Index Cond: ((id >= 779519) AND (id <= 789518))

table 4 : explain SELECT c FROM sbtest4 WHERE id BETWEEN 7950070 AND 7960069
	Bitmap Heap Scan on sbtest4  (cost=289.55..36610.02 rows=10645 width=121)
	  Recheck Cond: ((id >= 7950070) AND (id <= 7960069))
	  ->  Bitmap Index Scan on sbtest4_pkey  (cost=0.00..286.88 rows=10645 width=0)
	        Index Cond: ((id >= 7950070) AND (id <= 7960069))

table 5 : explain SELECT c FROM sbtest5 WHERE id BETWEEN 8304098 AND 8314097
	Bitmap Heap Scan on sbtest5  (cost=296.14..36382.62 rows=10508 width=121)
	  Recheck Cond: ((id >= 8304098) AND (id <= 8314097))
	  ->  Bitmap Index Scan on sbtest5_pkey  (cost=0.00..293.51 rows=10508 width=0)
	        Index Cond: ((id >= 8304098) AND (id <= 8314097))

table 6 : explain SELECT c FROM sbtest6 WHERE id BETWEEN 6794964 AND 6804963
	Bitmap Heap Scan on sbtest6  (cost=278.00..34381.76 rows=9909 width=121)
	  Recheck Cond: ((id >= 6794964) AND (id <= 6804963))
	  ->  Bitmap Index Scan on sbtest6_pkey  (cost=0.00..275.53 rows=9909 width=0)
	        Index Cond: ((id >= 6794964) AND (id <= 6804963))

table 7 : explain SELECT c FROM sbtest7 WHERE id BETWEEN 8673177 AND 8683176
	Bitmap Heap Scan on sbtest7  (cost=268.90..32900.75 rows=9411 width=121)
	  Recheck Cond: ((id >= 8673177) AND (id <= 8683176))
	  ->  Bitmap Index Scan on sbtest7_pkey  (cost=0.00..266.55 rows=9411 width=0)
	        Index Cond: ((id >= 8673177) AND (id <= 8683176))

table 8 : explain SELECT c FROM sbtest8 WHERE id BETWEEN 749650 AND 759649
	Bitmap Heap Scan on sbtest8  (cost=303.77..37391.79 rows=10862 width=121)
	  Recheck Cond: ((id >= 749650) AND (id <= 759649))
	  ->  Bitmap Index Scan on sbtest8_pkey  (cost=0.00..301.06 rows=10862 width=0)
	        Index Cond: ((id >= 749650) AND (id <= 759649))

for: order_ranges
table 1 : explain SELECT c FROM sbtest1 WHERE id BETWEEN 1970011 AND 1980010 ORDER BY c
	Sort  (cost=35498.44..35523.68 rows=10097 width=121)
	  Sort Key: c
	  ->  Bitmap Heap Scan on sbtest1  (cost=279.93..34826.91 rows=10097 width=121)
	        Recheck Cond: ((id >= 1970011) AND (id <= 1980010))
	        ->  Bitmap Index Scan on sbtest1_pkey  (cost=0.00..277.41 rows=10097 width=0)
	              Index Cond: ((id >= 1970011) AND (id <= 1980010))

table 2 : explain SELECT c FROM sbtest2 WHERE id BETWEEN 4958890 AND 4968889 ORDER BY c
	Sort  (cost=34977.53..35002.33 rows=9919 width=121)
	  Sort Key: c
	  ->  Bitmap Heap Scan on sbtest2  (cost=274.10..34319.11 rows=9919 width=121)
	        Recheck Cond: ((id >= 4958890) AND (id <= 4968889))
	        ->  Bitmap Index Scan on sbtest2_pkey  (cost=0.00..271.62 rows=9919 width=0)
	              Index Cond: ((id >= 4958890) AND (id <= 4968889))

table 3 : explain SELECT c FROM sbtest3 WHERE id BETWEEN 6607648 AND 6617647 ORDER BY c
	Sort  (cost=36059.42..36085.04 rows=10249 width=121)
	  Sort Key: c
	  ->  Bitmap Heap Scan on sbtest3  (cost=281.49..35376.67 rows=10249 width=121)
	        Recheck Cond: ((id >= 6607648) AND (id <= 6617647))
	        ->  Bitmap Index Scan on sbtest3_pkey  (cost=0.00..278.93 rows=10249 width=0)
	              Index Cond: ((id >= 6607648) AND (id <= 6617647))

table 4 : explain SELECT c FROM sbtest4 WHERE id BETWEEN 1090990 AND 1100989 ORDER BY c
	Sort  (cost=36275.11..36300.90 rows=10317 width=121)
	  Sort Key: c
	  ->  Bitmap Heap Scan on sbtest4  (cost=282.18..35587.34 rows=10317 width=121)
	        Recheck Cond: ((id >= 1090990) AND (id <= 1100989))
	        ->  Bitmap Index Scan on sbtest4_pkey  (cost=0.00..279.61 rows=10317 width=0)
	              Index Cond: ((id >= 1090990) AND (id <= 1100989))

table 5 : explain SELECT c FROM sbtest5 WHERE id BETWEEN 9991090 AND 10001089 ORDER BY c
	Sort  (cost=30484.16..30505.39 rows=8492 width=121)
	  Sort Key: c
	  ->  Bitmap Heap Scan on sbtest5  (cost=239.48..29929.97 rows=8492 width=121)
	        Recheck Cond: ((id >= 9991090) AND (id <= 10001089))
	        ->  Bitmap Index Scan on sbtest5_pkey  (cost=0.00..237.36 rows=8492 width=0)
	              Index Cond: ((id >= 9991090) AND (id <= 10001089))

table 6 : explain SELECT c FROM sbtest6 WHERE id BETWEEN 2670486 AND 2680485 ORDER BY c
	Sort  (cost=36623.58..36649.58 rows=10400 width=121)
	  Sort Key: c
	  ->  Bitmap Heap Scan on sbtest6  (cost=291.04..35929.67 rows=10400 width=121)
	        Recheck Cond: ((id >= 2670486) AND (id <= 2680485))
	        ->  Bitmap Index Scan on sbtest6_pkey  (cost=0.00..288.44 rows=10400 width=0)
	              Index Cond: ((id >= 2670486) AND (id <= 2680485))

table 7 : explain SELECT c FROM sbtest7 WHERE id BETWEEN 8580267 AND 8590266 ORDER BY c
	Sort  (cost=34523.12..34547.41 rows=9717 width=121)
	  Sort Key: c
	  ->  Bitmap Heap Scan on sbtest7  (cost=276.03..33879.55 rows=9717 width=121)
	        Recheck Cond: ((id >= 8580267) AND (id <= 8590266))
	        ->  Bitmap Index Scan on sbtest7_pkey  (cost=0.00..273.61 rows=9717 width=0)
	              Index Cond: ((id >= 8580267) AND (id <= 8590266))

table 8 : explain SELECT c FROM sbtest8 WHERE id BETWEEN 3963470 AND 3973469 ORDER BY c
	Sort  (cost=32146.25..32168.80 rows=9018 width=121)
	  Sort Key: c
	  ->  Bitmap Heap Scan on sbtest8  (cost=252.87..31553.83 rows=9018 width=121)
	        Recheck Cond: ((id >= 3963470) AND (id <= 3973469))
	        ->  Bitmap Index Scan on sbtest8_pkey  (cost=0.00..250.62 rows=9018 width=0)
	              Index Cond: ((id >= 3963470) AND (id <= 3973469))

for: simple_ranges
table 1 : explain SELECT c FROM sbtest1 WHERE id BETWEEN 4510151 AND 4520150
	Bitmap Heap Scan on sbtest1  (cost=260.92..32671.60 rows=9413 width=121)
	  Recheck Cond: ((id >= 4510151) AND (id <= 4520150))
	  ->  Bitmap Index Scan on sbtest1_pkey  (cost=0.00..258.56 rows=9413 width=0)
	        Index Cond: ((id >= 4510151) AND (id <= 4520150))

table 2 : explain SELECT c FROM sbtest2 WHERE id BETWEEN 5185333 AND 5195332
	Bitmap Heap Scan on sbtest2  (cost=274.91..34567.91 rows=9998 width=121)
	  Recheck Cond: ((id >= 5185333) AND (id <= 5195332))
	  ->  Bitmap Index Scan on sbtest2_pkey  (cost=0.00..272.42 rows=9998 width=0)
	        Index Cond: ((id >= 5185333) AND (id <= 5195332))

table 3 : explain SELECT c FROM sbtest3 WHERE id BETWEEN 1784301 AND 1794300
	Bitmap Heap Scan on sbtest3  (cost=268.90..33966.29 rows=9801 width=121)
	  Recheck Cond: ((id >= 1784301) AND (id <= 1794300))
	  ->  Bitmap Index Scan on sbtest3_pkey  (cost=0.00..266.44 rows=9801 width=0)
	        Index Cond: ((id >= 1784301) AND (id <= 1794300))

table 4 : explain SELECT c FROM sbtest4 WHERE id BETWEEN 9089727 AND 9099726
	Bitmap Heap Scan on sbtest4  (cost=270.01..34307.68 rows=9910 width=121)
	  Recheck Cond: ((id >= 9089727) AND (id <= 9099726))
	  ->  Bitmap Index Scan on sbtest4_pkey  (cost=0.00..267.54 rows=9910 width=0)
	        Index Cond: ((id >= 9089727) AND (id <= 9099726))

table 5 : explain SELECT c FROM sbtest5 WHERE id BETWEEN 9901443 AND 9911442
	Bitmap Heap Scan on sbtest5  (cost=270.11..33275.74 rows=9529 width=121)
	  Recheck Cond: ((id >= 9901443) AND (id <= 9911442))
	  ->  Bitmap Index Scan on sbtest5_pkey  (cost=0.00..267.73 rows=9529 width=0)
	        Index Cond: ((id >= 9901443) AND (id <= 9911442))

table 6 : explain SELECT c FROM sbtest6 WHERE id BETWEEN 9532394 AND 9542393
	Bitmap Heap Scan on sbtest6  (cost=283.74..34920.57 rows=10079 width=121)
	  Recheck Cond: ((id >= 9532394) AND (id <= 9542393))
	  ->  Bitmap Index Scan on sbtest6_pkey  (cost=0.00..281.23 rows=10079 width=0)
	        Index Cond: ((id >= 9532394) AND (id <= 9542393))

table 7 : explain SELECT c FROM sbtest7 WHERE id BETWEEN 221216 AND 231215
	Bitmap Heap Scan on sbtest7  (cost=262.83..32253.65 rows=9209 width=121)
	  Recheck Cond: ((id >= 221216) AND (id <= 231215))
	  ->  Bitmap Index Scan on sbtest7_pkey  (cost=0.00..260.53 rows=9209 width=0)
	        Index Cond: ((id >= 221216) AND (id <= 231215))

table 8 : explain SELECT c FROM sbtest8 WHERE id BETWEEN 8676590 AND 8686589
	Bitmap Heap Scan on sbtest8  (cost=283.81..34951.54 rows=10085 width=121)
	  Recheck Cond: ((id >= 8676590) AND (id <= 8686589))
	  ->  Bitmap Index Scan on sbtest8_pkey  (cost=0.00..281.29 rows=10085 width=0)
	        Index Cond: ((id >= 8676590) AND (id <= 8686589))

for: simple_ranges
table 1 : explain SELECT c FROM sbtest1 WHERE id BETWEEN 5264062 AND 5274061
	Bitmap Heap Scan on sbtest1  (cost=273.12..33968.39 rows=9823 width=121)
	  Recheck Cond: ((id >= 5264062) AND (id <= 5274061))
	  ->  Bitmap Index Scan on sbtest1_pkey  (cost=0.00..270.67 rows=9823 width=0)
	        Index Cond: ((id >= 5264062) AND (id <= 5274061))

table 2 : explain SELECT c FROM sbtest2 WHERE id BETWEEN 405471 AND 415470
	Bitmap Heap Scan on sbtest2  (cost=260.40..32559.40 rows=9362 width=121)
	  Recheck Cond: ((id >= 405471) AND (id <= 415470))
	  ->  Bitmap Index Scan on sbtest2_pkey  (cost=0.00..258.06 rows=9362 width=0)
	        Index Cond: ((id >= 405471) AND (id <= 415470))

table 3 : explain SELECT c FROM sbtest3 WHERE id BETWEEN 1111747 AND 1121746
	Bitmap Heap Scan on sbtest3  (cost=276.02..34927.56 rows=10106 width=121)
	  Recheck Cond: ((id >= 1111747) AND (id <= 1121746))
	  ->  Bitmap Index Scan on sbtest3_pkey  (cost=0.00..273.50 rows=10106 width=0)
	        Index Cond: ((id >= 1111747) AND (id <= 1121746))

table 4 : explain SELECT c FROM sbtest4 WHERE id BETWEEN 7113199 AND 7123198
	Bitmap Heap Scan on sbtest4  (cost=289.43..36577.93 rows=10634 width=121)
	  Recheck Cond: ((id >= 7113199) AND (id <= 7123198))
	  ->  Bitmap Index Scan on sbtest4_pkey  (cost=0.00..286.78 rows=10634 width=0)
	        Index Cond: ((id >= 7113199) AND (id <= 7123198))

table 5 : explain SELECT c FROM sbtest5 WHERE id BETWEEN 9336708 AND 9346707
	Bitmap Heap Scan on sbtest5  (cost=263.89..32583.68 rows=9313 width=121)
	  Recheck Cond: ((id >= 9336708) AND (id <= 9346707))
	  ->  Bitmap Index Scan on sbtest5_pkey  (cost=0.00..261.56 rows=9313 width=0)
	        Index Cond: ((id >= 9336708) AND (id <= 9346707))

table 6 : explain SELECT c FROM sbtest6 WHERE id BETWEEN 1180385 AND 1190384
	Bitmap Heap Scan on sbtest6  (cost=283.27..34774.83 rows=10033 width=121)
	  Recheck Cond: ((id >= 1180385) AND (id <= 1190384))
	  ->  Bitmap Index Scan on sbtest6_pkey  (cost=0.00..280.76 rows=10033 width=0)
	        Index Cond: ((id >= 1180385) AND (id <= 1190384))

table 7 : explain SELECT c FROM sbtest7 WHERE id BETWEEN 2812514 AND 2822513
	Bitmap Heap Scan on sbtest7  (cost=269.53..33097.32 rows=9473 width=121)
	  Recheck Cond: ((id >= 2812514) AND (id <= 2822513))
	  ->  Bitmap Index Scan on sbtest7_pkey  (cost=0.00..267.17 rows=9473 width=0)
	        Index Cond: ((id >= 2812514) AND (id <= 2822513))

table 8 : explain SELECT c FROM sbtest8 WHERE id BETWEEN 6007864 AND 6017863
	Bitmap Heap Scan on sbtest8  (cost=298.43..36979.78 rows=10731 width=121)
	  Recheck Cond: ((id >= 6007864) AND (id <= 6017863))
	  ->  Bitmap Index Scan on sbtest8_pkey  (cost=0.00..295.75 rows=10731 width=0)
	        Index Cond: ((id >= 6007864) AND (id <= 6017863))

for point_selects
table 1 : explain SELECT c FROM sbtest1 WHERE id=3727268
	Index Scan using sbtest1_pkey on sbtest1  (cost=0.43..8.45 rows=1 width=121)
	  Index Cond: (id = 3727268)

table 2 : explain SELECT c FROM sbtest2 WHERE id=4344715
	Index Scan using sbtest2_pkey on sbtest2  (cost=0.43..8.45 rows=1 width=121)
	  Index Cond: (id = 4344715)

table 3 : explain SELECT c FROM sbtest3 WHERE id=6618053
	Index Scan using sbtest3_pkey on sbtest3  (cost=0.43..8.45 rows=1 width=121)
	  Index Cond: (id = 6618053)

table 4 : explain SELECT c FROM sbtest4 WHERE id=1181459
	Index Scan using sbtest4_pkey on sbtest4  (cost=0.43..8.45 rows=1 width=121)
	  Index Cond: (id = 1181459)

table 5 : explain SELECT c FROM sbtest5 WHERE id=2699677
	Index Scan using sbtest5_pkey on sbtest5  (cost=0.43..8.45 rows=1 width=121)
	  Index Cond: (id = 2699677)

table 6 : explain SELECT c FROM sbtest6 WHERE id=6302477
	Index Scan using sbtest6_pkey on sbtest6  (cost=0.43..8.45 rows=1 width=121)
	  Index Cond: (id = 6302477)

table 7 : explain SELECT c FROM sbtest7 WHERE id=9120987
	Index Scan using sbtest7_pkey on sbtest7  (cost=0.43..8.45 rows=1 width=121)
	  Index Cond: (id = 9120987)

table 8 : explain SELECT c FROM sbtest8 WHERE id=8340080
	Index Scan using sbtest8_pkey on sbtest8  (cost=0.43..8.45 rows=1 width=121)
	  Index Cond: (id = 8340080)

for: distinct_ranges
table 1 : explain SELECT DISTINCT c FROM sbtest1 WHERE id BETWEEN 6160257 AND 6170256 ORDER BY c
	Unique  (cost=36058.73..36110.08 rows=10271 width=121)
	  ->  Sort  (cost=36058.73..36084.40 rows=10271 width=121)
	        Sort Key: c
	        ->  Bitmap Heap Scan on sbtest1  (cost=285.71..35374.36 rows=10271 width=121)
	              Recheck Cond: ((id >= 6160257) AND (id <= 6170256))
	              ->  Bitmap Index Scan on sbtest1_pkey  (cost=0.00..283.15 rows=10271 width=0)
	                    Index Cond: ((id >= 6160257) AND (id <= 6170256))

table 2 : explain SELECT DISTINCT c FROM sbtest2 WHERE id BETWEEN 1004182 AND 1014181 ORDER BY c
	Unique  (cost=33476.55..33523.82 rows=9455 width=121)
	  ->  Sort  (cost=33476.55..33500.18 rows=9455 width=121)
	        Sort Key: c
	        ->  Bitmap Heap Scan on sbtest2  (cost=261.35..32852.19 rows=9455 width=121)
	              Recheck Cond: ((id >= 1004182) AND (id <= 1014181))
	              ->  Bitmap Index Scan on sbtest2_pkey  (cost=0.00..258.99 rows=9455 width=0)
	                    Index Cond: ((id >= 1004182) AND (id <= 1014181))

table 3 : explain SELECT DISTINCT c FROM sbtest3 WHERE id BETWEEN 2130147 AND 2140146 ORDER BY c
	Unique  (cost=31572.66..31616.99 rows=8866 width=121)
	  ->  Sort  (cost=31572.66..31594.82 rows=8866 width=121)
	        Sort Key: c
	        ->  Bitmap Heap Scan on sbtest3  (cost=243.31..30991.31 rows=8866 width=121)
	              Recheck Cond: ((id >= 2130147) AND (id <= 2140146))
	              ->  Bitmap Index Scan on sbtest3_pkey  (cost=0.00..241.09 rows=8866 width=0)
	                    Index Cond: ((id >= 2130147) AND (id <= 2140146))

table 4 : explain SELECT DISTINCT c FROM sbtest4 WHERE id BETWEEN 1219463 AND 1229462 ORDER BY c
	Unique  (cost=34115.84..34164.08 rows=9648 width=121)
	  ->  Sort  (cost=34115.84..34139.96 rows=9648 width=121)
	        Sort Key: c
	        ->  Bitmap Heap Scan on sbtest4  (cost=263.33..33477.34 rows=9648 width=121)
	              Recheck Cond: ((id >= 1219463) AND (id <= 1229462))
	              ->  Bitmap Index Scan on sbtest4_pkey  (cost=0.00..260.92 rows=9648 width=0)
	                    Index Cond: ((id >= 1219463) AND (id <= 1229462))

table 5 : explain SELECT DISTINCT c FROM sbtest5 WHERE id BETWEEN 6804825 AND 6814824 ORDER BY c
	Unique  (cost=38321.83..38376.29 rows=10892 width=121)
	  ->  Sort  (cost=38321.83..38349.06 rows=10892 width=121)
	        Sort Key: c
	        ->  Bitmap Heap Scan on sbtest5  (cost=308.08..37591.47 rows=10892 width=121)
	              Recheck Cond: ((id >= 6804825) AND (id <= 6814824))
	              ->  Bitmap Index Scan on sbtest5_pkey  (cost=0.00..305.36 rows=10892 width=0)
	                    Index Cond: ((id >= 6804825) AND (id <= 6814824))

table 6 : explain SELECT DISTINCT c FROM sbtest6 WHERE id BETWEEN 9108843 AND 9118842 ORDER BY c
	Unique  (cost=34953.08..35002.49 rows=9882 width=121)
	  ->  Sort  (cost=34953.08..34977.79 rows=9882 width=121)
	        Sort Key: c
	        ->  Bitmap Heap Scan on sbtest6  (cost=277.73..34297.39 rows=9882 width=121)
	              Recheck Cond: ((id >= 9108843) AND (id <= 9118842))
	              ->  Bitmap Index Scan on sbtest6_pkey  (cost=0.00..275.25 rows=9882 width=0)
	                    Index Cond: ((id >= 9108843) AND (id <= 9118842))

table 7 : explain SELECT DISTINCT c FROM sbtest7 WHERE id BETWEEN 2653473 AND 2663472 ORDER BY c
	Unique  (cost=36446.51..36498.06 rows=10309 width=121)
	  ->  Sort  (cost=36446.51..36472.29 rows=10309 width=121)
	        Sort Key: c
	        ->  Bitmap Heap Scan on sbtest7  (cost=294.10..35759.34 rows=10309 width=121)
	              Recheck Cond: ((id >= 2653473) AND (id <= 2663472))
	              ->  Bitmap Index Scan on sbtest7_pkey  (cost=0.00..291.53 rows=10309 width=0)
	                    Index Cond: ((id >= 2653473) AND (id <= 2663472))

table 8 : explain SELECT DISTINCT c FROM sbtest8 WHERE id BETWEEN 4602447 AND 4612446 ORDER BY c
	Unique  (cost=33804.09..33851.71 rows=9525 width=121)
	  ->  Sort  (cost=33804.09..33827.90 rows=9525 width=121)
	        Sort Key: c
	        ->  Bitmap Heap Scan on sbtest8  (cost=266.07..33174.61 rows=9525 width=121)
	              Recheck Cond: ((id >= 4602447) AND (id <= 4612446))
	              ->  Bitmap Index Scan on sbtest8_pkey  (cost=0.00..263.69 rows=9525 width=0)
	                    Index Cond: ((id >= 4602447) AND (id <= 4612446))

for: order_ranges
table 1 : explain SELECT c FROM sbtest1 WHERE id BETWEEN 6156279 AND 6166278 ORDER BY c
	Sort  (cost=36058.73..36084.40 rows=10271 width=121)
	  Sort Key: c
	  ->  Bitmap Heap Scan on sbtest1  (cost=285.71..35374.36 rows=10271 width=121)
	        Recheck Cond: ((id >= 6156279) AND (id <= 6166278))
	        ->  Bitmap Index Scan on sbtest1_pkey  (cost=0.00..283.15 rows=10271 width=0)
	              Index Cond: ((id >= 6156279) AND (id <= 6166278))

table 2 : explain SELECT c FROM sbtest2 WHERE id BETWEEN 739431 AND 749430 ORDER BY c
	Sort  (cost=33772.40..33796.26 rows=9546 width=121)
	  Sort Key: c
	  ->  Bitmap Heap Scan on sbtest2  (cost=262.28..33141.38 rows=9546 width=121)
	        Recheck Cond: ((id >= 739431) AND (id <= 749430))
	        ->  Bitmap Index Scan on sbtest2_pkey  (cost=0.00..259.90 rows=9546 width=0)
	              Index Cond: ((id >= 739431) AND (id <= 749430))

table 3 : explain SELECT c FROM sbtest3 WHERE id BETWEEN 4111029 AND 4121028 ORDER BY c
	Sort  (cost=35844.93..35870.38 rows=10182 width=121)
	  Sort Key: c
	  ->  Bitmap Heap Scan on sbtest3  (cost=280.80..35167.12 rows=10182 width=121)
	        Recheck Cond: ((id >= 4111029) AND (id <= 4121028))
	        ->  Bitmap Index Scan on sbtest3_pkey  (cost=0.00..278.25 rows=10182 width=0)
	              Index Cond: ((id >= 4111029) AND (id <= 4121028))

table 4 : explain SELECT c FROM sbtest4 WHERE id BETWEEN 2263000 AND 2272999 ORDER BY c
	Sort  (cost=33396.75..33420.31 rows=9426 width=121)
	  Sort Key: c
	  ->  Bitmap Heap Scan on sbtest4  (cost=257.05..32774.52 rows=9426 width=121)
	        Recheck Cond: ((id >= 2263000) AND (id <= 2272999))
	        ->  Bitmap Index Scan on sbtest4_pkey  (cost=0.00..254.69 rows=9426 width=0)
	              Index Cond: ((id >= 2263000) AND (id <= 2272999))

table 5 : explain SELECT c FROM sbtest5 WHERE id BETWEEN 4811264 AND 4821263 ORDER BY c
	Sort  (cost=33975.85..33999.72 rows=9551 width=121)
	  Sort Key: c
	  ->  Bitmap Heap Scan on sbtest5  (cost=270.33..33344.46 rows=9551 width=121)
	        Recheck Cond: ((id >= 4811264) AND (id <= 4821263))
	        ->  Bitmap Index Scan on sbtest5_pkey  (cost=0.00..267.94 rows=9551 width=0)
	              Index Cond: ((id >= 4811264) AND (id <= 4821263))

table 6 : explain SELECT c FROM sbtest6 WHERE id BETWEEN 7846141 AND 7856140 ORDER BY c
	Sort  (cost=33563.37..33587.00 rows=9455 width=121)
	  Sort Key: c
	  ->  Bitmap Heap Scan on sbtest6  (cost=265.35..32939.01 rows=9455 width=121)
	        Recheck Cond: ((id >= 7846141) AND (id <= 7856140))
	        ->  Bitmap Index Scan on sbtest6_pkey  (cost=0.00..262.99 rows=9455 width=0)
	              Index Cond: ((id >= 7846141) AND (id <= 7856140))

table 7 : explain SELECT c FROM sbtest7 WHERE id BETWEEN 74008 AND 84007 ORDER BY c
	Sort  (cost=40969.94..40999.24 rows=11720 width=121)
	  Sort Key: c
	  ->  Bitmap Heap Scan on sbtest7  (cost=332.56..40177.86 rows=11720 width=121)
	        Recheck Cond: ((id >= 74008) AND (id <= 84007))
	        ->  Bitmap Index Scan on sbtest7_pkey  (cost=0.00..329.63 rows=11720 width=0)
	              Index Cond: ((id >= 74008) AND (id <= 84007))

table 8 : explain SELECT c FROM sbtest8 WHERE id BETWEEN 1483090 AND 1493089 ORDER BY c
	Sort  (cost=34171.53..34195.62 rows=9637 width=121)
	  Sort Key: c
	  ->  Bitmap Heap Scan on sbtest8  (cost=271.21..33533.83 rows=9637 width=121)
	        Recheck Cond: ((id >= 1483090) AND (id <= 1493089))
	        ->  Bitmap Index Scan on sbtest8_pkey  (cost=0.00..268.81 rows=9637 width=0)
	              Index Cond: ((id >= 1483090) AND (id <= 1493089))

for: distinct_ranges
table 1 : explain SELECT DISTINCT c FROM sbtest1 WHERE id BETWEEN 2739603 AND 2749602 ORDER BY c
	Unique  (cost=31196.53..31240.37 rows=8769 width=121)
	  ->  Sort  (cost=31196.53..31218.45 rows=8769 width=121)
	        Sort Key: c
	        ->  Bitmap Heap Scan on sbtest1  (cost=242.32..30622.23 rows=8769 width=121)
	              Recheck Cond: ((id >= 2739603) AND (id <= 2749602))
	              ->  Bitmap Index Scan on sbtest1_pkey  (cost=0.00..240.12 rows=8769 width=0)
	                    Index Cond: ((id >= 2739603) AND (id <= 2749602))

table 2 : explain SELECT DISTINCT c FROM sbtest2 WHERE id BETWEEN 2321843 AND 2331842 ORDER BY c
	Unique  (cost=37007.17..37059.93 rows=10551 width=121)
	  ->  Sort  (cost=37007.17..37033.55 rows=10551 width=121)
	        Sort Key: c
	        ->  Bitmap Heap Scan on sbtest2  (cost=292.58..36302.10 rows=10551 width=121)
	              Recheck Cond: ((id >= 2321843) AND (id <= 2331842))
	              ->  Bitmap Index Scan on sbtest2_pkey  (cost=0.00..289.94 rows=10551 width=0)
	                    Index Cond: ((id >= 2321843) AND (id <= 2331842))

table 3 : explain SELECT DISTINCT c FROM sbtest3 WHERE id BETWEEN 760745 AND 770744 ORDER BY c
	Unique  (cost=32600.66..32646.57 rows=9181 width=121)
	  ->  Sort  (cost=32600.66..32623.61 rows=9181 width=121)
	        Sort Key: c
	        ->  Bitmap Heap Scan on sbtest3  (cost=250.54..31996.35 rows=9181 width=121)
	              Recheck Cond: ((id >= 760745) AND (id <= 770744))
	              ->  Bitmap Index Scan on sbtest3_pkey  (cost=0.00..248.25 rows=9181 width=0)
	                    Index Cond: ((id >= 760745) AND (id <= 770744))

table 4 : explain SELECT DISTINCT c FROM sbtest4 WHERE id BETWEEN 4988653 AND 4998652 ORDER BY c
	Unique  (cost=36219.13..36270.63 rows=10300 width=121)
	  ->  Sort  (cost=36219.13..36244.88 rows=10300 width=121)
	        Sort Key: c
	        ->  Bitmap Heap Scan on sbtest4  (cost=282.01..35532.62 rows=10300 width=121)
	              Recheck Cond: ((id >= 4988653) AND (id <= 4998652))
	              ->  Bitmap Index Scan on sbtest4_pkey  (cost=0.00..279.44 rows=10300 width=0)
	                    Index Cond: ((id >= 4988653) AND (id <= 4998652))

table 5 : explain SELECT DISTINCT c FROM sbtest5 WHERE id BETWEEN 9789381 AND 9799380 ORDER BY c
	Unique  (cost=33999.25..34047.04 rows=9558 width=121)
	  ->  Sort  (cost=33999.25..34023.15 rows=9558 width=121)
	        Sort Key: c
	        ->  Bitmap Heap Scan on sbtest5  (cost=270.40..33367.35 rows=9558 width=121)
	              Recheck Cond: ((id >= 9789381) AND (id <= 9799380))
	              ->  Bitmap Index Scan on sbtest5_pkey  (cost=0.00..268.01 rows=9558 width=0)
	                    Index Cond: ((id >= 9789381) AND (id <= 9799380))

table 6 : explain SELECT DISTINCT c FROM sbtest6 WHERE id BETWEEN 6770900 AND 6780899 ORDER BY c
	Unique  (cost=35039.45..35088.99 rows=9909 width=121)
	  ->  Sort  (cost=35039.45..35064.22 rows=9909 width=121)
	        Sort Key: c
	        ->  Bitmap Heap Scan on sbtest6  (cost=278.00..34381.76 rows=9909 width=121)
	              Recheck Cond: ((id >= 6770900) AND (id <= 6780899))
	              ->  Bitmap Index Scan on sbtest6_pkey  (cost=0.00..275.53 rows=9909 width=0)
	                    Index Cond: ((id >= 6770900) AND (id <= 6780899))

table 7 : explain SELECT DISTINCT c FROM sbtest7 WHERE id BETWEEN 6923730 AND 6933729 ORDER BY c
	Unique  (cost=33722.89..33770.25 rows=9472 width=121)
	  ->  Sort  (cost=33722.89..33746.57 rows=9472 width=121)
	        Sort Key: c
	        ->  Bitmap Heap Scan on sbtest7  (cost=269.52..33097.29 rows=9472 width=121)
	              Recheck Cond: ((id >= 6923730) AND (id <= 6933729))
	              ->  Bitmap Index Scan on sbtest7_pkey  (cost=0.00..267.16 rows=9472 width=0)
	                    Index Cond: ((id >= 6923730) AND (id <= 6933729))

table 8 : explain SELECT DISTINCT c FROM sbtest8 WHERE id BETWEEN 7655359 AND 7665358 ORDER BY c
	Unique  (cost=34194.94..34243.16 rows=9645 width=121)
	  ->  Sort  (cost=34194.94..34219.05 rows=9645 width=121)
	        Sort Key: c
	        ->  Bitmap Heap Scan on sbtest8  (cost=271.30..33556.65 rows=9645 width=121)
	              Recheck Cond: ((id >= 7655359) AND (id <= 7665358))
	              ->  Bitmap Index Scan on sbtest8_pkey  (cost=0.00..268.88 rows=9645 width=0)
	                    Index Cond: ((id >= 7655359) AND (id <= 7665358))

for: simple_ranges
table 1 : explain SELECT c FROM sbtest1 WHERE id BETWEEN 692194 AND 702193
	Bitmap Heap Scan on sbtest1  (cost=298.61..36862.21 rows=10749 width=121)
	  Recheck Cond: ((id >= 692194) AND (id <= 702193))
	  ->  Bitmap Index Scan on sbtest1_pkey  (cost=0.00..295.93 rows=10749 width=0)
	        Index Cond: ((id >= 692194) AND (id <= 702193))

table 2 : explain SELECT c FROM sbtest2 WHERE id BETWEEN 6263636 AND 6273635
	Bitmap Heap Scan on sbtest2  (cost=274.19..34344.96 rows=9927 width=121)
	  Recheck Cond: ((id >= 6263636) AND (id <= 6273635))
	  ->  Bitmap Index Scan on sbtest2_pkey  (cost=0.00..271.70 rows=9927 width=0)
	        Index Cond: ((id >= 6263636) AND (id <= 6273635))

table 3 : explain SELECT c FROM sbtest3 WHERE id BETWEEN 2025285 AND 2035284
	Bitmap Heap Scan on sbtest3  (cost=256.43..32584.09 rows=9365 width=121)
	  Recheck Cond: ((id >= 2025285) AND (id <= 2035284))
	  ->  Bitmap Index Scan on sbtest3_pkey  (cost=0.00..254.09 rows=9365 width=0)
	        Index Cond: ((id >= 2025285) AND (id <= 2035284))

table 4 : explain SELECT c FROM sbtest4 WHERE id BETWEEN 8052761 AND 8062760
	Bitmap Heap Scan on sbtest4  (cost=293.64..36642.87 rows=10654 width=121)
	  Recheck Cond: ((id >= 8052761) AND (id <= 8062760))
	  ->  Bitmap Index Scan on sbtest4_pkey  (cost=0.00..290.98 rows=10654 width=0)
	        Index Cond: ((id >= 8052761) AND (id <= 8062760))

table 5 : explain SELECT c FROM sbtest5 WHERE id BETWEEN 4627086 AND 4637085
	Bitmap Heap Scan on sbtest5  (cost=275.74..33783.21 rows=9688 width=121)
	  Recheck Cond: ((id >= 4627086) AND (id <= 4637085))
	  ->  Bitmap Index Scan on sbtest5_pkey  (cost=0.00..273.31 rows=9688 width=0)
	        Index Cond: ((id >= 4627086) AND (id <= 4637085))

table 6 : explain SELECT c FROM sbtest6 WHERE id BETWEEN 8633835 AND 8643834
	Bitmap Heap Scan on sbtest6  (cost=301.97..36829.71 rows=10686 width=121)
	  Recheck Cond: ((id >= 8633835) AND (id <= 8643834))
	  ->  Bitmap Index Scan on sbtest6_pkey  (cost=0.00..299.30 rows=10686 width=0)
	        Index Cond: ((id >= 8633835) AND (id <= 8643834))

table 7 : explain SELECT c FROM sbtest7 WHERE id BETWEEN 9400016 AND 9410015
	Bitmap Heap Scan on sbtest7  (cost=276.42..34000.33 rows=9755 width=121)
	  Recheck Cond: ((id >= 9400016) AND (id <= 9410015))
	  ->  Bitmap Index Scan on sbtest7_pkey  (cost=0.00..273.99 rows=9755 width=0)
	        Index Cond: ((id >= 9400016) AND (id <= 9410015))

table 8 : explain SELECT c FROM sbtest8 WHERE id BETWEEN 9637494 AND 9647493
	Bitmap Heap Scan on sbtest8  (cost=277.73..34311.81 rows=9882 width=121)
	  Recheck Cond: ((id >= 9637494) AND (id <= 9647493))
	  ->  Bitmap Index Scan on sbtest8_pkey  (cost=0.00..275.25 rows=9882 width=0)
	        Index Cond: ((id >= 9637494) AND (id <= 9647493))

for: sum_ranges
table 1 : explain SELECT SUM(k) FROM sbtest1 WHERE id BETWEEN 1357387 AND 1367386
	Aggregate  (cost=35769.49..35769.50 rows=1 width=8)
	  ->  Bitmap Heap Scan on sbtest1  (cost=286.93..35743.51 rows=10390 width=4)
	        Recheck Cond: ((id >= 1357387) AND (id <= 1367386))
	        ->  Bitmap Index Scan on sbtest1_pkey  (cost=0.00..284.33 rows=10390 width=0)
	              Index Cond: ((id >= 1357387) AND (id <= 1367386))

table 2 : explain SELECT SUM(k) FROM sbtest2 WHERE id BETWEEN 654925 AND 664924
	Aggregate  (cost=35361.84..35361.85 rows=1 width=8)
	  ->  Bitmap Heap Scan on sbtest2  (cost=281.43..35336.23 rows=10243 width=4)
	        Recheck Cond: ((id >= 654925) AND (id <= 664924))
	        ->  Bitmap Index Scan on sbtest2_pkey  (cost=0.00..278.87 rows=10243 width=0)
	              Index Cond: ((id >= 654925) AND (id <= 664924))

table 3 : explain SELECT SUM(k) FROM sbtest3 WHERE id BETWEEN 9547259 AND 9557258
	Aggregate  (cost=36719.66..36719.67 rows=1 width=8)
	  ->  Bitmap Heap Scan on sbtest3  (cost=293.79..36692.99 rows=10669 width=4)
	        Recheck Cond: ((id >= 9547259) AND (id <= 9557258))
	        ->  Bitmap Index Scan on sbtest3_pkey  (cost=0.00..291.12 rows=10669 width=0)
	              Index Cond: ((id >= 9547259) AND (id <= 9557258))

table 4 : explain SELECT SUM(k) FROM sbtest4 WHERE id BETWEEN 6266485 AND 6276484
	Aggregate  (cost=34925.12..34925.13 rows=1 width=8)
	  ->  Bitmap Heap Scan on sbtest4  (cost=275.94..34899.87 rows=10098 width=4)
	        Recheck Cond: ((id >= 6266485) AND (id <= 6276484))
	        ->  Bitmap Index Scan on sbtest4_pkey  (cost=0.00..273.42 rows=10098 width=0)
	              Index Cond: ((id >= 6266485) AND (id <= 6276484))

table 5 : explain SELECT SUM(k) FROM sbtest5 WHERE id BETWEEN 9385644 AND 9395643
	Aggregate  (cost=35171.03..35171.04 rows=1 width=8)
	  ->  Bitmap Heap Scan on sbtest5  (cost=284.13..35145.74 rows=10117 width=4)
	        Recheck Cond: ((id >= 9385644) AND (id <= 9395643))
	        ->  Bitmap Index Scan on sbtest5_pkey  (cost=0.00..281.61 rows=10117 width=0)
	              Index Cond: ((id >= 9385644) AND (id <= 9395643))

table 6 : explain SELECT SUM(k) FROM sbtest6 WHERE id BETWEEN 9628036 AND 9638035
	Aggregate  (cost=34331.83..34331.84 rows=1 width=8)
	  ->  Bitmap Heap Scan on sbtest6  (cost=277.76..34307.12 rows=9885 width=4)
	        Recheck Cond: ((id >= 9628036) AND (id <= 9638035))
	        ->  Bitmap Index Scan on sbtest6_pkey  (cost=0.00..275.29 rows=9885 width=0)
	              Index Cond: ((id >= 9628036) AND (id <= 9638035))

table 7 : explain SELECT SUM(k) FROM sbtest7 WHERE id BETWEEN 7190137 AND 7200136
	Aggregate  (cost=34978.31..34978.32 rows=1 width=8)
	  ->  Bitmap Heap Scan on sbtest7  (cost=287.49..34953.17 rows=10054 width=4)
	        Recheck Cond: ((id >= 7190137) AND (id <= 7200136))
	        ->  Bitmap Index Scan on sbtest7_pkey  (cost=0.00..284.98 rows=10054 width=0)
	              Index Cond: ((id >= 7190137) AND (id <= 7200136))

table 8 : explain SELECT SUM(k) FROM sbtest8 WHERE id BETWEEN 2580404 AND 2590403
	Aggregate  (cost=37425.37..37425.38 rows=1 width=8)
	  ->  Bitmap Heap Scan on sbtest8  (cost=303.79..37398.21 rows=10864 width=4)
	        Recheck Cond: ((id >= 2580404) AND (id <= 2590403))
	        ->  Bitmap Index Scan on sbtest8_pkey  (cost=0.00..301.07 rows=10864 width=0)
	              Index Cond: ((id >= 2580404) AND (id <= 2590403))

for: distinct_ranges
table 1 : explain SELECT DISTINCT c FROM sbtest1 WHERE id BETWEEN 5069983 AND 5079982 ORDER BY c
	Unique  (cost=34520.55..34569.51 rows=9792 width=121)
	  ->  Sort  (cost=34520.55..34545.03 rows=9792 width=121)
	        Sort Key: c
	        ->  Bitmap Heap Scan on sbtest1  (cost=272.80..33871.47 rows=9792 width=121)
	              Recheck Cond: ((id >= 5069983) AND (id <= 5079982))
	              ->  Bitmap Index Scan on sbtest1_pkey  (cost=0.00..270.36 rows=9792 width=0)
	                    Index Cond: ((id >= 5069983) AND (id <= 5079982))

table 2 : explain SELECT DISTINCT c FROM sbtest2 WHERE id BETWEEN 7564935 AND 7574934 ORDER BY c
	Unique  (cost=33479.87..33527.15 rows=9456 width=121)
	  ->  Sort  (cost=33479.87..33503.51 rows=9456 width=121)
	        Sort Key: c
	        ->  Bitmap Heap Scan on sbtest2  (cost=261.36..32855.44 rows=9456 width=121)
	              Recheck Cond: ((id >= 7564935) AND (id <= 7574934))
	              ->  Bitmap Index Scan on sbtest2_pkey  (cost=0.00..259.00 rows=9456 width=0)
	                    Index Cond: ((id >= 7564935) AND (id <= 7574934))

table 3 : explain SELECT DISTINCT c FROM sbtest3 WHERE id BETWEEN 6765252 AND 6775251 ORDER BY c
	Unique  (cost=38737.41..38792.85 rows=11088 width=121)
	  ->  Sort  (cost=38737.41..38765.13 rows=11088 width=121)
	        Sort Key: c
	        ->  Bitmap Heap Scan on sbtest3  (cost=302.09..37992.48 rows=11088 width=121)
	              Recheck Cond: ((id >= 6765252) AND (id <= 6775251))
	              ->  Bitmap Index Scan on sbtest3_pkey  (cost=0.00..299.31 rows=11088 width=0)
	                    Index Cond: ((id >= 6765252) AND (id <= 6775251))

table 4 : explain SELECT DISTINCT c FROM sbtest4 WHERE id BETWEEN 8668349 AND 8678348 ORDER BY c
	Unique  (cost=34265.23..34313.70 rows=9694 width=121)
	  ->  Sort  (cost=34265.23..34289.47 rows=9694 width=121)
	        Sort Key: c
	        ->  Bitmap Heap Scan on sbtest4  (cost=263.80..33623.35 rows=9694 width=121)
	              Recheck Cond: ((id >= 8668349) AND (id <= 8678348))
	              ->  Bitmap Index Scan on sbtest4_pkey  (cost=0.00..261.38 rows=9694 width=0)
	                    Index Cond: ((id >= 8668349) AND (id <= 8678348))

table 5 : explain SELECT DISTINCT c FROM sbtest5 WHERE id BETWEEN 6581957 AND 6591956 ORDER BY c
	Unique  (cost=36806.18..36858.28 rows=10421 width=121)
	  ->  Sort  (cost=36806.18..36832.23 rows=10421 width=121)
	        Sort Key: c
	        ->  Bitmap Heap Scan on sbtest5  (cost=295.25..36110.72 rows=10421 width=121)
	              Recheck Cond: ((id >= 6581957) AND (id <= 6591956))
	              ->  Bitmap Index Scan on sbtest5_pkey  (cost=0.00..292.65 rows=10421 width=0)
	                    Index Cond: ((id >= 6581957) AND (id <= 6591956))

table 6 : explain SELECT DISTINCT c FROM sbtest6 WHERE id BETWEEN 2795068 AND 2805067 ORDER BY c
	Unique  (cost=36884.97..36937.37 rows=10480 width=121)
	  ->  Sort  (cost=36884.97..36911.17 rows=10480 width=121)
	        Sort Key: c
	        ->  Bitmap Heap Scan on sbtest6  (cost=295.86..36185.15 rows=10480 width=121)
	              Recheck Cond: ((id >= 2795068) AND (id <= 2805067))
	              ->  Bitmap Index Scan on sbtest6_pkey  (cost=0.00..293.24 rows=10480 width=0)
	                    Index Cond: ((id >= 2795068) AND (id <= 2805067))

table 7 : explain SELECT DISTINCT c FROM sbtest7 WHERE id BETWEEN 223723 AND 233722 ORDER BY c
	Unique  (cost=32860.01..32906.05 rows=9209 width=121)
	  ->  Sort  (cost=32860.01..32883.03 rows=9209 width=121)
	        Sort Key: c
	        ->  Bitmap Heap Scan on sbtest7  (cost=262.83..32253.65 rows=9209 width=121)
	              Recheck Cond: ((id >= 223723) AND (id <= 233722))
	              ->  Bitmap Index Scan on sbtest7_pkey  (cost=0.00..260.53 rows=9209 width=0)
	                    Index Cond: ((id >= 223723) AND (id <= 233722))

table 8 : explain SELECT DISTINCT c FROM sbtest8 WHERE id BETWEEN 4233721 AND 4243720 ORDER BY c
	Unique  (cost=37536.82..37590.22 rows=10680 width=121)
	  ->  Sort  (cost=37536.82..37563.52 rows=10680 width=121)
	        Sort Key: c
	        ->  Bitmap Heap Scan on sbtest8  (cost=297.91..36822.19 rows=10680 width=121)
	              Recheck Cond: ((id >= 4233721) AND (id <= 4243720))
	              ->  Bitmap Index Scan on sbtest8_pkey  (cost=0.00..295.24 rows=10680 width=0)
	                    Index Cond: ((id >= 4233721) AND (id <= 4243720))

explain: for point_selects :: explain SELECT c FROM sbtest%u WHERE id=%u
for: sum_ranges
table 1 : explain SELECT SUM(k) FROM sbtest1 WHERE id BETWEEN 6685096 AND 6695095
	Aggregate  (cost=33760.11..33760.12 rows=1 width=8)
	  ->  Bitmap Heap Scan on sbtest1  (cost=272.36..33735.73 rows=9749 width=4)
	        Recheck Cond: ((id >= 6685096) AND (id <= 6695095))
	        ->  Bitmap Index Scan on sbtest1_pkey  (cost=0.00..269.93 rows=9749 width=0)
	              Index Cond: ((id >= 6685096) AND (id <= 6695095))

table 2 : explain SELECT SUM(k) FROM sbtest2 WHERE id BETWEEN 3014811 AND 3024810
	Aggregate  (cost=34042.83..34042.84 rows=1 width=8)
	  ->  Bitmap Heap Scan on sbtest2  (cost=273.12..34018.28 rows=9823 width=4)
	        Recheck Cond: ((id >= 3014811) AND (id <= 3024810))
	        ->  Bitmap Index Scan on sbtest2_pkey  (cost=0.00..270.67 rows=9823 width=0)
	              Index Cond: ((id >= 3014811) AND (id <= 3024810))

table 3 : explain SELECT SUM(k) FROM sbtest3 WHERE id BETWEEN 677902 AND 687901
	Aggregate  (cost=32019.30..32019.31 rows=1 width=8)
	  ->  Bitmap Heap Scan on sbtest3  (cost=250.54..31996.35 rows=9181 width=4)
	        Recheck Cond: ((id >= 677902) AND (id <= 687901))
	        ->  Bitmap Index Scan on sbtest3_pkey  (cost=0.00..248.25 rows=9181 width=0)
	              Index Cond: ((id >= 677902) AND (id <= 687901))

table 4 : explain SELECT SUM(k) FROM sbtest4 WHERE id BETWEEN 9895201 AND 9905200
	Aggregate  (cost=31952.31..31952.32 rows=1 width=8)
	  ->  Bitmap Heap Scan on sbtest4  (cost=250.33..31929.41 rows=9160 width=4)
	        Recheck Cond: ((id >= 9895201) AND (id <= 9905200))
	        ->  Bitmap Index Scan on sbtest4_pkey  (cost=0.00..248.04 rows=9160 width=0)
	              Index Cond: ((id >= 9895201) AND (id <= 9905200))

table 5 : explain SELECT SUM(k) FROM sbtest5 WHERE id BETWEEN 2231256 AND 2241255
	Aggregate  (cost=34754.41..34754.42 rows=1 width=8)
	  ->  Bitmap Heap Scan on sbtest5  (cost=282.78..34729.45 rows=9985 width=4)
	        Recheck Cond: ((id >= 2231256) AND (id <= 2241255))
	        ->  Bitmap Index Scan on sbtest5_pkey  (cost=0.00..280.29 rows=9985 width=0)
	              Index Cond: ((id >= 2231256) AND (id <= 2241255))

table 6 : explain SELECT SUM(k) FROM sbtest6 WHERE id BETWEEN 9836046 AND 9846045
	Aggregate  (cost=36062.96..36062.97 rows=1 width=8)
	  ->  Bitmap Heap Scan on sbtest6  (cost=295.37..36036.88 rows=10433 width=4)
	        Recheck Cond: ((id >= 9836046) AND (id <= 9846045))
	        ->  Bitmap Index Scan on sbtest6_pkey  (cost=0.00..292.76 rows=10433 width=0)
	              Index Cond: ((id >= 9836046) AND (id <= 9846045))

table 7 : explain SELECT SUM(k) FROM sbtest7 WHERE id BETWEEN 2977802 AND 2987801
	Aggregate  (cost=37972.62..37972.63 rows=1 width=8)
	  ->  Bitmap Heap Scan on sbtest7  (cost=313.22..37945.11 rows=11003 width=4)
	        Recheck Cond: ((id >= 2977802) AND (id <= 2987801))
	        ->  Bitmap Index Scan on sbtest7_pkey  (cost=0.00..310.46 rows=11003 width=0)
	              Index Cond: ((id >= 2977802) AND (id <= 2987801))

table 8 : explain SELECT SUM(k) FROM sbtest8 WHERE id BETWEEN 3138938 AND 3148937
	Aggregate  (cost=35044.81..35044.82 rows=1 width=8)
	  ->  Bitmap Heap Scan on sbtest8  (cost=284.02..35019.54 rows=10106 width=4)
	        Recheck Cond: ((id >= 3138938) AND (id <= 3148937))
	        ->  Bitmap Index Scan on sbtest8_pkey  (cost=0.00..281.50 rows=10106 width=0)
	              Index Cond: ((id >= 3138938) AND (id <= 3148937))

for: distinct_ranges
table 1 : explain SELECT DISTINCT c FROM sbtest1 WHERE id BETWEEN 5509384 AND 5519383 ORDER BY c
	Unique  (cost=34145.97..34194.35 rows=9677 width=121)
	  ->  Sort  (cost=34145.97..34170.16 rows=9677 width=121)
	        Sort Key: c
	        ->  Bitmap Heap Scan on sbtest1  (cost=267.62..33505.33 rows=9677 width=121)
	              Recheck Cond: ((id >= 5509384) AND (id <= 5519383))
	              ->  Bitmap Index Scan on sbtest1_pkey  (cost=0.00..265.20 rows=9677 width=0)
	                    Index Cond: ((id >= 5509384) AND (id <= 5519383))

table 2 : explain SELECT DISTINCT c FROM sbtest2 WHERE id BETWEEN 8684688 AND 8694687 ORDER BY c
	Unique  (cost=37742.71..37796.61 rows=10781 width=121)
	  ->  Sort  (cost=37742.71..37769.66 rows=10781 width=121)
	        Sort Key: c
	        ->  Bitmap Heap Scan on sbtest2  (cost=298.94..37020.58 rows=10781 width=121)
	              Recheck Cond: ((id >= 8684688) AND (id <= 8694687))
	              ->  Bitmap Index Scan on sbtest2_pkey  (cost=0.00..296.25 rows=10781 width=0)
	                    Index Cond: ((id >= 8684688) AND (id <= 8694687))

table 3 : explain SELECT DISTINCT c FROM sbtest3 WHERE id BETWEEN 1056301 AND 1066300 ORDER BY c
	Unique  (cost=34934.17..34983.67 rows=9900 width=121)
	  ->  Sort  (cost=34934.17..34958.92 rows=9900 width=121)
	        Sort Key: c
	        ->  Bitmap Heap Scan on sbtest3  (cost=269.91..34277.15 rows=9900 width=121)
	              Recheck Cond: ((id >= 1056301) AND (id <= 1066300))
	              ->  Bitmap Index Scan on sbtest3_pkey  (cost=0.00..267.44 rows=9900 width=0)
	                    Index Cond: ((id >= 1056301) AND (id <= 1066300))

table 4 : explain SELECT DISTINCT c FROM sbtest4 WHERE id BETWEEN 8445728 AND 8455727 ORDER BY c
	Unique  (cost=33766.79..33814.48 rows=9539 width=121)
	  ->  Sort  (cost=33766.79..33790.64 rows=9539 width=121)
	        Sort Key: c
	        ->  Bitmap Heap Scan on sbtest4  (cost=262.21..33136.28 rows=9539 width=121)
	              Recheck Cond: ((id >= 8445728) AND (id <= 8455727))
	              ->  Bitmap Index Scan on sbtest4_pkey  (cost=0.00..259.82 rows=9539 width=0)
	                    Index Cond: ((id >= 8445728) AND (id <= 8455727))

table 5 : explain SELECT DISTINCT c FROM sbtest5 WHERE id BETWEEN 1138260 AND 1148259 ORDER BY c
	Unique  (cost=38242.65..38296.99 rows=10867 width=121)
	  ->  Sort  (cost=38242.65..38269.82 rows=10867 width=121)
	        Sort Key: c
	        ->  Bitmap Heap Scan on sbtest5  (cost=307.82..37514.15 rows=10867 width=121)
	              Recheck Cond: ((id >= 1138260) AND (id <= 1148259))
	              ->  Bitmap Index Scan on sbtest5_pkey  (cost=0.00..305.11 rows=10867 width=0)
	                    Index Cond: ((id >= 1138260) AND (id <= 1148259))

table 6 : explain SELECT DISTINCT c FROM sbtest6 WHERE id BETWEEN 1055784 AND 1065783 ORDER BY c
	Unique  (cost=34840.14..34889.37 rows=9847 width=121)
	  ->  Sort  (cost=34840.14..34864.76 rows=9847 width=121)
	        Sort Key: c
	        ->  Bitmap Heap Scan on sbtest6  (cost=277.37..34187.01 rows=9847 width=121)
	              Recheck Cond: ((id >= 1055784) AND (id <= 1065783))
	              ->  Bitmap Index Scan on sbtest6_pkey  (cost=0.00..274.91 rows=9847 width=0)
	                    Index Cond: ((id >= 1055784) AND (id <= 1065783))

table 7 : explain SELECT DISTINCT c FROM sbtest7 WHERE id BETWEEN 9118958 AND 9128957 ORDER BY c
	Unique  (cost=35511.68..35561.78 rows=10020 width=121)
	  ->  Sort  (cost=35511.68..35536.73 rows=10020 width=121)
	        Sort Key: c
	        ->  Bitmap Heap Scan on sbtest7  (cost=287.14..34845.82 rows=10020 width=121)
	              Recheck Cond: ((id >= 9118958) AND (id <= 9128957))
	              ->  Bitmap Index Scan on sbtest7_pkey  (cost=0.00..284.63 rows=10020 width=0)
	                    Index Cond: ((id >= 9118958) AND (id <= 9128957))

table 8 : explain SELECT DISTINCT c FROM sbtest8 WHERE id BETWEEN 4494097 AND 4504096 ORDER BY c
	Unique  (cost=33950.84..33998.69 rows=9570 width=121)
	  ->  Sort  (cost=33950.84..33974.76 rows=9570 width=121)
	        Sort Key: c
	        ->  Bitmap Heap Scan on sbtest8  (cost=266.53..33318.05 rows=9570 width=121)
	              Recheck Cond: ((id >= 4494097) AND (id <= 4504096))
	              ->  Bitmap Index Scan on sbtest8_pkey  (cost=0.00..264.13 rows=9570 width=0)
	                    Index Cond: ((id >= 4494097) AND (id <= 4504096))

explain: for point_selects :: explain SELECT c FROM sbtest%u WHERE id=%u
explain: for point_selects :: explain SELECT c FROM sbtest%u WHERE id=%u
for: sum_ranges
table 1 : explain SELECT SUM(k) FROM sbtest1 WHERE id BETWEEN 8884471 AND 8894470
	Aggregate  (cost=33370.78..33370.79 rows=1 width=8)
	  ->  Bitmap Heap Scan on sbtest1  (cost=267.10..33346.72 rows=9626 width=4)
	        Recheck Cond: ((id >= 8884471) AND (id <= 8894470))
	        ->  Bitmap Index Scan on sbtest1_pkey  (cost=0.00..264.69 rows=9626 width=0)
	              Index Cond: ((id >= 8884471) AND (id <= 8894470))

table 2 : explain SELECT SUM(k) FROM sbtest2 WHERE id BETWEEN 4035896 AND 4045895
	Aggregate  (cost=35394.83..35394.84 rows=1 width=8)
	  ->  Bitmap Heap Scan on sbtest2  (cost=285.52..35369.20 rows=10252 width=4)
	        Recheck Cond: ((id >= 4035896) AND (id <= 4045895))
	        ->  Bitmap Index Scan on sbtest2_pkey  (cost=0.00..282.95 rows=10252 width=0)
	              Index Cond: ((id >= 4035896) AND (id <= 4045895))

table 3 : explain SELECT SUM(k) FROM sbtest3 WHERE id BETWEEN 8559981 AND 8569980
	Aggregate  (cost=32799.77..32799.78 rows=1 width=8)
	  ->  Bitmap Heap Scan on sbtest3  (cost=257.05..32776.21 rows=9426 width=4)
	        Recheck Cond: ((id >= 8559981) AND (id <= 8569980))
	        ->  Bitmap Index Scan on sbtest3_pkey  (cost=0.00..254.69 rows=9426 width=0)
	              Index Cond: ((id >= 8559981) AND (id <= 8569980))

table 4 : explain SELECT SUM(k) FROM sbtest4 WHERE id BETWEEN 9168301 AND 9178300
	Aggregate  (cost=34105.70..34105.71 rows=1 width=8)
	  ->  Bitmap Heap Scan on sbtest4  (cost=269.27..34081.10 rows=9838 width=4)
	        Recheck Cond: ((id >= 9168301) AND (id <= 9178300))
	        ->  Bitmap Index Scan on sbtest4_pkey  (cost=0.00..266.81 rows=9838 width=0)
	              Index Cond: ((id >= 9168301) AND (id <= 9178300))

table 5 : explain SELECT SUM(k) FROM sbtest5 WHERE id BETWEEN 4609961 AND 4619960
	Aggregate  (cost=33807.43..33807.44 rows=1 width=8)
	  ->  Bitmap Heap Scan on sbtest5  (cost=275.74..33783.21 rows=9688 width=4)
	        Recheck Cond: ((id >= 4609961) AND (id <= 4619960))
	        ->  Bitmap Index Scan on sbtest5_pkey  (cost=0.00..273.31 rows=9688 width=0)
	              Index Cond: ((id >= 4609961) AND (id <= 4619960))

table 6 : explain SELECT SUM(k) FROM sbtest6 WHERE id BETWEEN 317258 AND 327257
	Aggregate  (cost=39025.24..39025.25 rows=1 width=8)
	  ->  Bitmap Heap Scan on sbtest6  (cost=321.10..38996.79 rows=11382 width=4)
	        Recheck Cond: ((id >= 317258) AND (id <= 327257))
	        ->  Bitmap Index Scan on sbtest6_pkey  (cost=0.00..318.25 rows=11382 width=0)
	              Index Cond: ((id >= 317258) AND (id <= 327257))

table 7 : explain SELECT SUM(k) FROM sbtest7 WHERE id BETWEEN 9980556 AND 9990555
	Aggregate  (cost=33183.25..33183.26 rows=1 width=8)
	  ->  Bitmap Heap Scan on sbtest7  (cost=269.73..33159.52 rows=9492 width=4)
	        Recheck Cond: ((id >= 9980556) AND (id <= 9990555))
	        ->  Bitmap Index Scan on sbtest7_pkey  (cost=0.00..267.36 rows=9492 width=0)
	              Index Cond: ((id >= 9980556) AND (id <= 9990555))

table 8 : explain SELECT SUM(k) FROM sbtest8 WHERE id BETWEEN 2593188 AND 2603187
	Aggregate  (cost=35877.27..35877.28 rows=1 width=8)
	  ->  Bitmap Heap Scan on sbtest8  (cost=290.73..35851.34 rows=10370 width=4)
	        Recheck Cond: ((id >= 2593188) AND (id <= 2603187))
	        ->  Bitmap Index Scan on sbtest8_pkey  (cost=0.00..288.13 rows=10370 width=0)
	              Index Cond: ((id >= 2593188) AND (id <= 2603187))

for: order_ranges
table 1 : explain SELECT c FROM sbtest1 WHERE id BETWEEN 6587049 AND 6597048 ORDER BY c
	Sort  (cost=33731.70..33755.57 rows=9548 width=121)
	  Sort Key: c
	  ->  Bitmap Heap Scan on sbtest1  (cost=266.30..33100.53 rows=9548 width=121)
	        Recheck Cond: ((id >= 6587049) AND (id <= 6597048))
	        ->  Bitmap Index Scan on sbtest1_pkey  (cost=0.00..263.92 rows=9548 width=0)
	              Index Cond: ((id >= 6587049) AND (id <= 6597048))

table 2 : explain SELECT c FROM sbtest2 WHERE id BETWEEN 6399633 AND 6409632 ORDER BY c
	Sort  (cost=34759.07..34783.70 rows=9851 width=121)
	  Sort Key: c
	  ->  Bitmap Heap Scan on sbtest2  (cost=273.41..34105.66 rows=9851 width=121)
	        Recheck Cond: ((id >= 6399633) AND (id <= 6409632))
	        ->  Bitmap Index Scan on sbtest2_pkey  (cost=0.00..270.94 rows=9851 width=0)
	              Index Cond: ((id >= 6399633) AND (id <= 6409632))

table 3 : explain SELECT c FROM sbtest3 WHERE id BETWEEN 9546210 AND 9556209 ORDER BY c
	Sort  (cost=37406.81..37433.48 rows=10669 width=121)
	  Sort Key: c
	  ->  Bitmap Heap Scan on sbtest3  (cost=293.79..36692.99 rows=10669 width=121)
	        Recheck Cond: ((id >= 9546210) AND (id <= 9556209))
	        ->  Bitmap Index Scan on sbtest3_pkey  (cost=0.00..291.12 rows=10669 width=0)
	              Index Cond: ((id >= 9546210) AND (id <= 9556209))

table 4 : explain SELECT c FROM sbtest4 WHERE id BETWEEN 9733572 AND 9743571 ORDER BY c
	Sort  (cost=34465.04..34489.43 rows=9755 width=121)
	  Sort Key: c
	  ->  Bitmap Heap Scan on sbtest4  (cost=268.42..33818.68 rows=9755 width=121)
	        Recheck Cond: ((id >= 9733572) AND (id <= 9743571))
	        ->  Bitmap Index Scan on sbtest4_pkey  (cost=0.00..265.99 rows=9755 width=0)
	              Index Cond: ((id >= 9733572) AND (id <= 9743571))

table 5 : explain SELECT c FROM sbtest5 WHERE id BETWEEN 8334696 AND 8344695 ORDER BY c
	Sort  (cost=37084.51..37110.78 rows=10508 width=121)
	  Sort Key: c
	  ->  Bitmap Heap Scan on sbtest5  (cost=296.14..36382.62 rows=10508 width=121)
	        Recheck Cond: ((id >= 8334696) AND (id <= 8344695))
	        ->  Bitmap Index Scan on sbtest5_pkey  (cost=0.00..293.51 rows=10508 width=0)
	              Index Cond: ((id >= 8334696) AND (id <= 8344695))

table 6 : explain SELECT c FROM sbtest6 WHERE id BETWEEN 5056041 AND 5066040 ORDER BY c
	Sort  (cost=38337.69..38365.03 rows=10934 width=121)
	  Sort Key: c
	  ->  Bitmap Heap Scan on sbtest6  (cost=308.51..37604.21 rows=10934 width=121)
	        Recheck Cond: ((id >= 5056041) AND (id <= 5066040))
	        ->  Bitmap Index Scan on sbtest6_pkey  (cost=0.00..305.78 rows=10934 width=0)
	              Index Cond: ((id >= 5056041) AND (id <= 5066040))

table 7 : explain SELECT c FROM sbtest7 WHERE id BETWEEN 8655276 AND 8665275 ORDER BY c
	Sort  (cost=33521.89..33545.41 rows=9411 width=121)
	  Sort Key: c
	  ->  Bitmap Heap Scan on sbtest7  (cost=268.90..32900.75 rows=9411 width=121)
	        Recheck Cond: ((id >= 8655276) AND (id <= 8665275))
	        ->  Bitmap Index Scan on sbtest7_pkey  (cost=0.00..266.55 rows=9411 width=0)
	              Index Cond: ((id >= 8655276) AND (id <= 8665275))

table 8 : explain SELECT c FROM sbtest8 WHERE id BETWEEN 9648870 AND 9658869 ORDER BY c
	Sort  (cost=34967.51..34992.22 rows=9882 width=121)
	  Sort Key: c
	  ->  Bitmap Heap Scan on sbtest8  (cost=277.73..34311.81 rows=9882 width=121)
	        Recheck Cond: ((id >= 9648870) AND (id <= 9658869))
	        ->  Bitmap Index Scan on sbtest8_pkey  (cost=0.00..275.25 rows=9882 width=0)
	              Index Cond: ((id >= 9648870) AND (id <= 9658869))

for: sum_ranges
table 1 : explain SELECT SUM(k) FROM sbtest1 WHERE id BETWEEN 5401171 AND 5411170
	Aggregate  (cost=37547.58..37547.59 rows=1 width=8)
	  ->  Bitmap Heap Scan on sbtest1  (cost=304.80..37520.17 rows=10962 width=4)
	        Recheck Cond: ((id >= 5401171) AND (id <= 5411170))
	        ->  Bitmap Index Scan on sbtest1_pkey  (cost=0.00..302.06 rows=10962 width=0)
	              Index Cond: ((id >= 5401171) AND (id <= 5411170))

table 2 : explain SELECT SUM(k) FROM sbtest2 WHERE id BETWEEN 7624906 AND 7634905
	Aggregate  (cost=32921.37..32921.38 rows=1 width=8)
	  ->  Bitmap Heap Scan on sbtest2  (cost=261.49..32897.70 rows=9469 width=4)
	        Recheck Cond: ((id >= 7624906) AND (id <= 7634905))
	        ->  Bitmap Index Scan on sbtest2_pkey  (cost=0.00..259.12 rows=9469 width=0)
	              Index Cond: ((id >= 7624906) AND (id <= 7634905))

table 3 : explain SELECT SUM(k) FROM sbtest3 WHERE id BETWEEN 646293 AND 656292
	Aggregate  (cost=35072.36..35072.37 rows=1 width=8)
	  ->  Bitmap Heap Scan on sbtest3  (cost=276.42..35047.00 rows=10145 width=4)
	        Recheck Cond: ((id >= 646293) AND (id <= 656292))
	        ->  Bitmap Index Scan on sbtest3_pkey  (cost=0.00..273.88 rows=10145 width=0)
	              Index Cond: ((id >= 646293) AND (id <= 656292))

table 4 : explain SELECT SUM(k) FROM sbtest4 WHERE id BETWEEN 4721507 AND 4731506
	Aggregate  (cost=34138.12..34138.13 rows=1 width=8)
	  ->  Bitmap Heap Scan on sbtest4  (cost=269.39..34113.50 rows=9849 width=4)
	        Recheck Cond: ((id >= 4721507) AND (id <= 4731506))
	        ->  Bitmap Index Scan on sbtest4_pkey  (cost=0.00..266.93 rows=9849 width=0)
	              Index Cond: ((id >= 4721507) AND (id <= 4731506))

table 5 : explain SELECT SUM(k) FROM sbtest5 WHERE id BETWEEN 465690 AND 475689
	Aggregate  (cost=33165.26..33165.27 rows=1 width=8)
	  ->  Bitmap Heap Scan on sbtest5  (cost=269.68..33141.55 rows=9487 width=4)
	        Recheck Cond: ((id >= 465690) AND (id <= 475689))
	        ->  Bitmap Index Scan on sbtest5_pkey  (cost=0.00..267.31 rows=9487 width=0)
	              Index Cond: ((id >= 465690) AND (id <= 475689))

table 6 : explain SELECT SUM(k) FROM sbtest6 WHERE id BETWEEN 4618032 AND 4628031
	Aggregate  (cost=33452.66..33452.67 rows=1 width=8)
	  ->  Bitmap Heap Scan on sbtest6  (cost=270.92..33428.64 rows=9608 width=4)
	        Recheck Cond: ((id >= 4618032) AND (id <= 4628031))
	        ->  Bitmap Index Scan on sbtest6_pkey  (cost=0.00..268.51 rows=9608 width=0)
	              Index Cond: ((id >= 4618032) AND (id <= 4628031))

table 7 : explain SELECT SUM(k) FROM sbtest7 WHERE id BETWEEN 1824884 AND 1834883
	Aggregate  (cost=32963.63..32963.64 rows=1 width=8)
	  ->  Bitmap Heap Scan on sbtest7  (cost=269.02..32940.07 rows=9423 width=4)
	        Recheck Cond: ((id >= 1824884) AND (id <= 1834883))
	        ->  Bitmap Index Scan on sbtest7_pkey  (cost=0.00..266.67 rows=9423 width=0)
	              Index Cond: ((id >= 1824884) AND (id <= 1834883))

table 8 : explain SELECT SUM(k) FROM sbtest8 WHERE id BETWEEN 8914199 AND 8924198
	Aggregate  (cost=34375.53..34375.54 rows=1 width=8)
	  ->  Bitmap Heap Scan on sbtest8  (cost=277.86..34350.79 rows=9895 width=4)
	        Recheck Cond: ((id >= 8914199) AND (id <= 8924198))
	        ->  Bitmap Index Scan on sbtest8_pkey  (cost=0.00..275.38 rows=9895 width=0)
	              Index Cond: ((id >= 8914199) AND (id <= 8924198))

for: order_ranges
table 1 : explain SELECT c FROM sbtest1 WHERE id BETWEEN 9024256 AND 9034255 ORDER BY c
	Sort  (cost=36081.82..36107.52 rows=10279 width=121)
	  Sort Key: c
	  ->  Bitmap Heap Scan on sbtest1  (cost=285.79..35396.86 rows=10279 width=121)
	        Recheck Cond: ((id >= 9024256) AND (id <= 9034255))
	        ->  Bitmap Index Scan on sbtest1_pkey  (cost=0.00..283.23 rows=10279 width=0)
	              Index Cond: ((id >= 9024256) AND (id <= 9034255))

table 2 : explain SELECT c FROM sbtest2 WHERE id BETWEEN 5745721 AND 5755720 ORDER BY c
	Sort  (cost=34433.59..34457.96 rows=9750 width=121)
	  Sort Key: c
	  ->  Bitmap Heap Scan on sbtest2  (cost=268.37..33787.59 rows=9750 width=121)
	        Recheck Cond: ((id >= 5745721) AND (id <= 5755720))
	        ->  Bitmap Index Scan on sbtest2_pkey  (cost=0.00..265.94 rows=9750 width=0)
	              Index Cond: ((id >= 5745721) AND (id <= 5755720))

table 3 : explain SELECT c FROM sbtest3 WHERE id BETWEEN 5659036 AND 5669035 ORDER BY c
	Sort  (cost=35186.43..35211.37 rows=9977 width=121)
	  Sort Key: c
	  ->  Bitmap Heap Scan on sbtest3  (cost=274.70..34523.74 rows=9977 width=121)
	        Recheck Cond: ((id >= 5659036) AND (id <= 5669035))
	        ->  Bitmap Index Scan on sbtest3_pkey  (cost=0.00..272.20 rows=9977 width=0)
	              Index Cond: ((id >= 5659036) AND (id <= 5669035))

table 4 : explain SELECT c FROM sbtest4 WHERE id BETWEEN 4581421 AND 4591420 ORDER BY c
	Sort  (cost=34703.76..34728.34 rows=9829 width=121)
	  Sort Key: c
	  ->  Bitmap Heap Scan on sbtest4  (cost=269.18..34051.96 rows=9829 width=121)
	        Recheck Cond: ((id >= 4581421) AND (id <= 4591420))
	        ->  Bitmap Index Scan on sbtest4_pkey  (cost=0.00..266.73 rows=9829 width=0)
	              Index Cond: ((id >= 4581421) AND (id <= 4591420))

table 5 : explain SELECT c FROM sbtest5 WHERE id BETWEEN 9564849 AND 9574848 ORDER BY c
	Sort  (cost=34618.33..34642.70 rows=9747 width=121)
	  Sort Key: c
	  ->  Bitmap Heap Scan on sbtest5  (cost=276.34..33972.56 rows=9747 width=121)
	        Recheck Cond: ((id >= 9564849) AND (id <= 9574848))
	        ->  Bitmap Index Scan on sbtest5_pkey  (cost=0.00..273.91 rows=9747 width=0)
	              Index Cond: ((id >= 9564849) AND (id <= 9574848))

table 6 : explain SELECT c FROM sbtest6 WHERE id BETWEEN 7748460 AND 7758459 ORDER BY c
	Sort  (cost=31497.69..31519.75 rows=8824 width=121)
	  Sort Key: c
	  ->  Bitmap Heap Scan on sbtest6  (cost=246.88..30919.40 rows=8824 width=121)
	        Recheck Cond: ((id >= 7748460) AND (id <= 7758459))
	        ->  Bitmap Index Scan on sbtest6_pkey  (cost=0.00..244.68 rows=8824 width=0)
	              Index Cond: ((id >= 7748460) AND (id <= 7758459))

table 7 : explain SELECT c FROM sbtest7 WHERE id BETWEEN 8567036 AND 8577035 ORDER BY c
	Sort  (cost=34523.12..34547.41 rows=9717 width=121)
	  Sort Key: c
	  ->  Bitmap Heap Scan on sbtest7  (cost=276.03..33879.55 rows=9717 width=121)
	        Recheck Cond: ((id >= 8567036) AND (id <= 8577035))
	        ->  Bitmap Index Scan on sbtest7_pkey  (cost=0.00..273.61 rows=9717 width=0)
	              Index Cond: ((id >= 8567036) AND (id <= 8577035))

table 8 : explain SELECT c FROM sbtest8 WHERE id BETWEEN 4379775 AND 4389774 ORDER BY c
	Sort  (cost=33780.75..33804.55 rows=9518 width=121)
	  Sort Key: c
	  ->  Bitmap Heap Scan on sbtest8  (cost=265.99..33151.78 rows=9518 width=121)
	        Recheck Cond: ((id >= 4379775) AND (id <= 4389774))
	        ->  Bitmap Index Scan on sbtest8_pkey  (cost=0.00..263.62 rows=9518 width=0)
	              Index Cond: ((id >= 4379775) AND (id <= 4389774))

for: simple_ranges
table 1 : explain SELECT c FROM sbtest1 WHERE id BETWEEN 2113005 AND 2123004
	Bitmap Heap Scan on sbtest1  (cost=291.93..36048.86 rows=10487 width=121)
	  Recheck Cond: ((id >= 2113005) AND (id <= 2123004))
	  ->  Bitmap Index Scan on sbtest1_pkey  (cost=0.00..289.31 rows=10487 width=0)
	        Index Cond: ((id >= 2113005) AND (id <= 2123004))

table 2 : explain SELECT c FROM sbtest2 WHERE id BETWEEN 8982296 AND 8992295
	Bitmap Heap Scan on sbtest2  (cost=306.80..38186.72 rows=11158 width=121)
	  Recheck Cond: ((id >= 8982296) AND (id <= 8992295))
	  ->  Bitmap Index Scan on sbtest2_pkey  (cost=0.00..304.01 rows=11158 width=0)
	        Index Cond: ((id >= 8982296) AND (id <= 8992295))

table 3 : explain SELECT c FROM sbtest3 WHERE id BETWEEN 2816038 AND 2826037
	Bitmap Heap Scan on sbtest3  (cost=262.35..33180.27 rows=9553 width=121)
	  Recheck Cond: ((id >= 2816038) AND (id <= 2826037))
	  ->  Bitmap Index Scan on sbtest3_pkey  (cost=0.00..259.96 rows=9553 width=0)
	        Index Cond: ((id >= 2816038) AND (id <= 2826037))

table 4 : explain SELECT c FROM sbtest4 WHERE id BETWEEN 8087920 AND 8097919
	Bitmap Heap Scan on sbtest4  (cost=262.95..33363.68 rows=9611 width=121)
	  Recheck Cond: ((id >= 8087920) AND (id <= 8097919))
	  ->  Bitmap Index Scan on sbtest4_pkey  (cost=0.00..260.55 rows=9611 width=0)
	        Index Cond: ((id >= 8087920) AND (id <= 8097919))

table 5 : explain SELECT c FROM sbtest5 WHERE id BETWEEN 1936066 AND 1946065
	Bitmap Heap Scan on sbtest5  (cost=294.74..35952.01 rows=10371 width=121)
	  Recheck Cond: ((id >= 1936066) AND (id <= 1946065))
	  ->  Bitmap Index Scan on sbtest5_pkey  (cost=0.00..292.15 rows=10371 width=0)
	        Index Cond: ((id >= 1936066) AND (id <= 1946065))

table 6 : explain SELECT c FROM sbtest6 WHERE id BETWEEN 8972671 AND 8982670
	Bitmap Heap Scan on sbtest6  (cost=315.19..38418.08 rows=11196 width=121)
	  Recheck Cond: ((id >= 8972671) AND (id <= 8982670))
	  ->  Bitmap Index Scan on sbtest6_pkey  (cost=0.00..312.40 rows=11196 width=0)
	        Index Cond: ((id >= 8972671) AND (id <= 8982670))

table 7 : explain SELECT c FROM sbtest7 WHERE id BETWEEN 89577 AND 99576
	Bitmap Heap Scan on sbtest7  (cost=295.50..36187.05 rows=10445 width=121)
	  Recheck Cond: ((id >= 89577) AND (id <= 99576))
	  ->  Bitmap Index Scan on sbtest7_pkey  (cost=0.00..292.88 rows=10445 width=0)
	        Index Cond: ((id >= 89577) AND (id <= 99576))

table 8 : explain SELECT c FROM sbtest8 WHERE id BETWEEN 1431068 AND 1441067
	Bitmap Heap Scan on sbtest8  (cost=271.21..33533.83 rows=9637 width=121)
	  Recheck Cond: ((id >= 1431068) AND (id <= 1441067))
	  ->  Bitmap Index Scan on sbtest8_pkey  (cost=0.00..268.81 rows=9637 width=0)
	        Index Cond: ((id >= 1431068) AND (id <= 1441067))

for: order_ranges
table 1 : explain SELECT c FROM sbtest1 WHERE id BETWEEN 8156932 AND 8166931 ORDER BY c
	Sort  (cost=39350.68..39378.96 rows=11309 width=121)
	  Sort Key: c
	  ->  Bitmap Heap Scan on sbtest1  (cost=312.35..38589.29 rows=11309 width=121)
	        Recheck Cond: ((id >= 8156932) AND (id <= 8166931))
	        ->  Bitmap Index Scan on sbtest1_pkey  (cost=0.00..309.53 rows=11309 width=0)
	              Index Cond: ((id >= 8156932) AND (id <= 8166931))

table 2 : explain SELECT c FROM sbtest2 WHERE id BETWEEN 1297608 AND 1307607 ORDER BY c
	Sort  (cost=36200.41..36226.16 rows=10298 width=121)
	  Sort Key: c
	  ->  Bitmap Heap Scan on sbtest2  (cost=285.99..35514.05 rows=10298 width=121)
	        Recheck Cond: ((id >= 1297608) AND (id <= 1307607))
	        ->  Bitmap Index Scan on sbtest2_pkey  (cost=0.00..283.42 rows=10298 width=0)
	              Index Cond: ((id >= 1297608) AND (id <= 1307607))

table 3 : explain SELECT c FROM sbtest3 WHERE id BETWEEN 5016958 AND 5026957 ORDER BY c
	Sort  (cost=34077.67..34101.75 rows=9635 width=121)
	  Sort Key: c
	  ->  Bitmap Heap Scan on sbtest3  (cost=263.19..33440.12 rows=9635 width=121)
	        Recheck Cond: ((id >= 5016958) AND (id <= 5026957))
	        ->  Bitmap Index Scan on sbtest3_pkey  (cost=0.00..260.79 rows=9635 width=0)
	              Index Cond: ((id >= 5016958) AND (id <= 5026957))

table 4 : explain SELECT c FROM sbtest4 WHERE id BETWEEN 6396896 AND 6406895 ORDER BY c
	Sort  (cost=36021.26..36046.85 rows=10238 width=121)
	  Sort Key: c
	  ->  Bitmap Heap Scan on sbtest4  (cost=281.37..35339.32 rows=10238 width=121)
	        Recheck Cond: ((id >= 6396896) AND (id <= 6406895))
	        ->  Bitmap Index Scan on sbtest4_pkey  (cost=0.00..278.81 rows=10238 width=0)
	              Index Cond: ((id >= 6396896) AND (id <= 6406895))

table 5 : explain SELECT c FROM sbtest5 WHERE id BETWEEN 1702060 AND 1712059 ORDER BY c
	Sort  (cost=34096.30..34120.27 rows=9588 width=121)
	  Sort Key: c
	  ->  Bitmap Heap Scan on sbtest5  (cost=270.71..33462.20 rows=9588 width=121)
	        Recheck Cond: ((id >= 1702060) AND (id <= 1712059))
	        ->  Bitmap Index Scan on sbtest5_pkey  (cost=0.00..268.31 rows=9588 width=0)
	              Index Cond: ((id >= 1702060) AND (id <= 1712059))

table 6 : explain SELECT c FROM sbtest6 WHERE id BETWEEN 1424452 AND 1434451 ORDER BY c
	Sort  (cost=37794.89..37821.80 rows=10765 width=121)
	  Sort Key: c
	  ->  Bitmap Heap Scan on sbtest6  (cost=302.78..37073.95 rows=10765 width=121)
	        Recheck Cond: ((id >= 1424452) AND (id <= 1434451))
	        ->  Bitmap Index Scan on sbtest6_pkey  (cost=0.00..300.08 rows=10765 width=0)
	              Index Cond: ((id >= 1424452) AND (id <= 1434451))

table 7 : explain SELECT c FROM sbtest7 WHERE id BETWEEN 3260325 AND 3270324 ORDER BY c
	Sort  (cost=39826.08..39854.48 rows=11360 width=121)
	  Sort Key: c
	  ->  Bitmap Heap Scan on sbtest7  (cost=324.88..39060.89 rows=11360 width=121)
	        Recheck Cond: ((id >= 3260325) AND (id <= 3270324))
	        ->  Bitmap Index Scan on sbtest7_pkey  (cost=0.00..322.04 rows=11360 width=0)
	              Index Cond: ((id >= 3260325) AND (id <= 3270324))

table 8 : explain SELECT c FROM sbtest8 WHERE id BETWEEN 3306619 AND 3316618 ORDER BY c
	Sort  (cost=33339.25..33362.71 rows=9383 width=121)
	  Sort Key: c
	  ->  Bitmap Heap Scan on sbtest8  (cost=260.61..32720.17 rows=9383 width=121)
	        Recheck Cond: ((id >= 3306619) AND (id <= 3316618))
	        ->  Bitmap Index Scan on sbtest8_pkey  (cost=0.00..258.26 rows=9383 width=0)
	              Index Cond: ((id >= 3306619) AND (id <= 3316618))

for point_selects
table 1 : explain SELECT c FROM sbtest1 WHERE id=3324859
	Index Scan using sbtest1_pkey on sbtest1  (cost=0.43..8.45 rows=1 width=121)
	  Index Cond: (id = 3324859)

table 2 : explain SELECT c FROM sbtest2 WHERE id=7003673
	Index Scan using sbtest2_pkey on sbtest2  (cost=0.43..8.45 rows=1 width=121)
	  Index Cond: (id = 7003673)

table 3 : explain SELECT c FROM sbtest3 WHERE id=9679167
	Index Scan using sbtest3_pkey on sbtest3  (cost=0.43..8.45 rows=1 width=121)
	  Index Cond: (id = 9679167)

table 4 : explain SELECT c FROM sbtest4 WHERE id=4176671
	Index Scan using sbtest4_pkey on sbtest4  (cost=0.43..8.45 rows=1 width=121)
	  Index Cond: (id = 4176671)

table 5 : explain SELECT c FROM sbtest5 WHERE id=3343183
	Index Scan using sbtest5_pkey on sbtest5  (cost=0.43..8.45 rows=1 width=121)
	  Index Cond: (id = 3343183)

table 6 : explain SELECT c FROM sbtest6 WHERE id=7863582
	Index Scan using sbtest6_pkey on sbtest6  (cost=0.43..8.45 rows=1 width=121)
	  Index Cond: (id = 7863582)

table 7 : explain SELECT c FROM sbtest7 WHERE id=4817030
	Index Scan using sbtest7_pkey on sbtest7  (cost=0.43..8.45 rows=1 width=121)
	  Index Cond: (id = 4817030)

table 8 : explain SELECT c FROM sbtest8 WHERE id=8549276
	Index Scan using sbtest8_pkey on sbtest8  (cost=0.43..8.45 rows=1 width=121)
	  Index Cond: (id = 8549276)

for: distinct_ranges
table 1 : explain SELECT DISTINCT c FROM sbtest1 WHERE id BETWEEN 3915376 AND 3925375 ORDER BY c
	Unique  (cost=35086.23..35136.07 rows=9968 width=121)
	  ->  Sort  (cost=35086.23..35111.15 rows=9968 width=121)
	        Sort Key: c
	        ->  Bitmap Heap Scan on sbtest1  (cost=278.61..34424.20 rows=9968 width=121)
	              Recheck Cond: ((id >= 3915376) AND (id <= 3925375))
	              ->  Bitmap Index Scan on sbtest1_pkey  (cost=0.00..276.12 rows=9968 width=0)
	                    Index Cond: ((id >= 3915376) AND (id <= 3925375))

table 2 : explain SELECT DISTINCT c FROM sbtest2 WHERE id BETWEEN 9853060 AND 9863059 ORDER BY c
	Unique  (cost=34022.28..34070.39 rows=9623 width=121)
	  ->  Sort  (cost=34022.28..34046.33 rows=9623 width=121)
	        Sort Key: c
	        ->  Bitmap Heap Scan on sbtest2  (cost=267.07..33385.60 rows=9623 width=121)
	              Recheck Cond: ((id >= 9853060) AND (id <= 9863059))
	              ->  Bitmap Index Scan on sbtest2_pkey  (cost=0.00..264.67 rows=9623 width=0)
	                    Index Cond: ((id >= 9853060) AND (id <= 9863059))

table 3 : explain SELECT DISTINCT c FROM sbtest3 WHERE id BETWEEN 9388692 AND 9398691 ORDER BY c
	Unique  (cost=34635.91..34684.94 rows=9807 width=121)
	  ->  Sort  (cost=34635.91..34660.43 rows=9807 width=121)
	        Sort Key: c
	        ->  Bitmap Heap Scan on sbtest3  (cost=268.96..33985.73 rows=9807 width=121)
	              Recheck Cond: ((id >= 9388692) AND (id <= 9398691))
	              ->  Bitmap Index Scan on sbtest3_pkey  (cost=0.00..266.50 rows=9807 width=0)
	                    Index Cond: ((id >= 9388692) AND (id <= 9398691))

table 4 : explain SELECT DISTINCT c FROM sbtest4 WHERE id BETWEEN 9367541 AND 9377540 ORDER BY c
	Unique  (cost=39352.96..39409.37 rows=11283 width=121)
	  ->  Sort  (cost=39352.96..39381.17 rows=11283 width=121)
	        Sort Key: c
	        ->  Bitmap Heap Scan on sbtest4  (cost=308.09..38593.51 rows=11283 width=121)
	              Recheck Cond: ((id >= 9367541) AND (id <= 9377540))
	              ->  Bitmap Index Scan on sbtest4_pkey  (cost=0.00..305.26 rows=11283 width=0)
	                    Index Cond: ((id >= 9367541) AND (id <= 9377540))

table 5 : explain SELECT DISTINCT c FROM sbtest5 WHERE id BETWEEN 3897887 AND 3907886 ORDER BY c
	Unique  (cost=36367.65..36419.08 rows=10286 width=121)
	  ->  Sort  (cost=36367.65..36393.37 rows=10286 width=121)
	        Sort Key: c
	        ->  Bitmap Heap Scan on sbtest5  (cost=289.87..35682.17 rows=10286 width=121)
	              Recheck Cond: ((id >= 3897887) AND (id <= 3907886))
	              ->  Bitmap Index Scan on sbtest5_pkey  (cost=0.00..287.30 rows=10286 width=0)
	                    Index Cond: ((id >= 3897887) AND (id <= 3907886))

table 6 : explain SELECT DISTINCT c FROM sbtest6 WHERE id BETWEEN 6923196 AND 6933195 ORDER BY c
	Unique  (cost=33453.19..33500.30 rows=9421 width=121)
	  ->  Sort  (cost=33453.19..33476.75 rows=9421 width=121)
	        Sort Key: c
	        ->  Bitmap Heap Scan on sbtest6  (cost=265.00..32831.33 rows=9421 width=121)
	              Recheck Cond: ((id >= 6923196) AND (id <= 6933195))
	              ->  Bitmap Index Scan on sbtest6_pkey  (cost=0.00..262.65 rows=9421 width=0)
	                    Index Cond: ((id >= 6923196) AND (id <= 6933195))

table 7 : explain SELECT DISTINCT c FROM sbtest7 WHERE id BETWEEN 8156252 AND 8166251 ORDER BY c
	Unique  (cost=34155.41..34203.43 rows=9604 width=121)
	  ->  Sort  (cost=34155.41..34179.42 rows=9604 width=121)
	        Sort Key: c
	        ->  Bitmap Heap Scan on sbtest7  (cost=274.88..33520.14 rows=9604 width=121)
	              Recheck Cond: ((id >= 8156252) AND (id <= 8166251))
	              ->  Bitmap Index Scan on sbtest7_pkey  (cost=0.00..272.48 rows=9604 width=0)
	                    Index Cond: ((id >= 8156252) AND (id <= 8166251))

table 8 : explain SELECT DISTINCT c FROM sbtest8 WHERE id BETWEEN 213828 AND 223827 ORDER BY c
	Unique  (cost=35243.24..35293.08 rows=9968 width=121)
	  ->  Sort  (cost=35243.24..35268.16 rows=9968 width=121)
	        Sort Key: c
	        ->  Bitmap Heap Scan on sbtest8  (cost=278.61..34581.21 rows=9968 width=121)
	              Recheck Cond: ((id >= 213828) AND (id <= 223827))
	              ->  Bitmap Index Scan on sbtest8_pkey  (cost=0.00..276.12 rows=9968 width=0)
	                    Index Cond: ((id >= 213828) AND (id <= 223827))

for: order_ranges
table 1 : explain SELECT c FROM sbtest1 WHERE id BETWEEN 3110113 AND 3120112 ORDER BY c
	Sort  (cost=37284.17..37310.81 rows=10655 width=121)
	  Sort Key: c
	  ->  Bitmap Heap Scan on sbtest1  (cost=297.65..36571.40 rows=10655 width=121)
	        Recheck Cond: ((id >= 3110113) AND (id <= 3120112))
	        ->  Bitmap Index Scan on sbtest1_pkey  (cost=0.00..294.99 rows=10655 width=0)
	              Index Cond: ((id >= 3110113) AND (id <= 3120112))

table 2 : explain SELECT c FROM sbtest2 WHERE id BETWEEN 9154570 AND 9164569 ORDER BY c
	Sort  (cost=36892.09..36918.38 rows=10514 width=121)
	  Sort Key: c
	  ->  Bitmap Heap Scan on sbtest2  (cost=292.20..36189.76 rows=10514 width=121)
	        Recheck Cond: ((id >= 9154570) AND (id <= 9164569))
	        ->  Bitmap Index Scan on sbtest2_pkey  (cost=0.00..289.57 rows=10514 width=0)
	              Index Cond: ((id >= 9154570) AND (id <= 9164569))

table 3 : explain SELECT c FROM sbtest3 WHERE id BETWEEN 8101792 AND 8111791 ORDER BY c
	Sort  (cost=34798.37..34823.02 rows=9858 width=121)
	  Sort Key: c
	  ->  Bitmap Heap Scan on sbtest3  (cost=269.48..34144.44 rows=9858 width=121)
	        Recheck Cond: ((id >= 8101792) AND (id <= 8111791))
	        ->  Bitmap Index Scan on sbtest3_pkey  (cost=0.00..267.01 rows=9858 width=0)
	              Index Cond: ((id >= 8101792) AND (id <= 8111791))

table 4 : explain SELECT c FROM sbtest4 WHERE id BETWEEN 473439 AND 483438 ORDER BY c
	Sort  (cost=35905.68..35931.19 rows=10201 width=121)
	  Sort Key: c
	  ->  Bitmap Heap Scan on sbtest4  (cost=281.00..35226.48 rows=10201 width=121)
	        Recheck Cond: ((id >= 473439) AND (id <= 483438))
	        ->  Bitmap Index Scan on sbtest4_pkey  (cost=0.00..278.44 rows=10201 width=0)
	              Index Cond: ((id >= 473439) AND (id <= 483438))

table 5 : explain SELECT c FROM sbtest5 WHERE id BETWEEN 5868657 AND 5878656 ORDER BY c
	Sort  (cost=35232.86..35257.70 rows=9936 width=121)
	  Sort Key: c
	  ->  Bitmap Heap Scan on sbtest5  (cost=282.28..34573.19 rows=9936 width=121)
	        Recheck Cond: ((id >= 5868657) AND (id <= 5878656))
	        ->  Bitmap Index Scan on sbtest5_pkey  (cost=0.00..279.80 rows=9936 width=0)
	              Index Cond: ((id >= 5868657) AND (id <= 5878656))

table 6 : explain SELECT c FROM sbtest6 WHERE id BETWEEN 9221575 AND 9231574 ORDER BY c
	Sort  (cost=33125.76..33149.06 rows=9320 width=121)
	  Sort Key: c
	  ->  Bitmap Heap Scan on sbtest6  (cost=263.96..32511.29 rows=9320 width=121)
	        Recheck Cond: ((id >= 9221575) AND (id <= 9231574))
	        ->  Bitmap Index Scan on sbtest6_pkey  (cost=0.00..261.63 rows=9320 width=0)
	              Index Cond: ((id >= 9221575) AND (id <= 9231574))

table 7 : explain SELECT c FROM sbtest7 WHERE id BETWEEN 9536049 AND 9546048 ORDER BY c
	Sort  (cost=35997.35..36022.77 rows=10170 width=121)
	  Sort Key: c
	  ->  Bitmap Heap Scan on sbtest7  (cost=288.68..35320.43 rows=10170 width=121)
	        Recheck Cond: ((id >= 9536049) AND (id <= 9546048))
	        ->  Bitmap Index Scan on sbtest7_pkey  (cost=0.00..286.13 rows=10170 width=0)
	              Index Cond: ((id >= 9536049) AND (id <= 9546048))

table 8 : explain SELECT c FROM sbtest8 WHERE id BETWEEN 187776 AND 197775 ORDER BY c
	Sort  (cost=32676.68..32699.63 rows=9179 width=121)
	  Sort Key: c
	  ->  Bitmap Heap Scan on sbtest8  (cost=258.52..32072.51 rows=9179 width=121)
	        Recheck Cond: ((id >= 187776) AND (id <= 197775))
	        ->  Bitmap Index Scan on sbtest8_pkey  (cost=0.00..256.23 rows=9179 width=0)
	              Index Cond: ((id >= 187776) AND (id <= 197775))

for: distinct_ranges
table 1 : explain SELECT DISTINCT c FROM sbtest1 WHERE id BETWEEN 710644 AND 720643 ORDER BY c
	Unique  (cost=37876.15..37930.36 rows=10842 width=121)
	  ->  Sort  (cost=37876.15..37903.26 rows=10842 width=121)
	        Sort Key: c
	        ->  Bitmap Heap Scan on sbtest1  (cost=299.57..37149.50 rows=10842 width=121)
	              Recheck Cond: ((id >= 710644) AND (id <= 720643))
	              ->  Bitmap Index Scan on sbtest1_pkey  (cost=0.00..296.86 rows=10842 width=0)
	                    Index Cond: ((id >= 710644) AND (id <= 720643))

table 2 : explain SELECT DISTINCT c FROM sbtest2 WHERE id BETWEEN 2659192 AND 2669191 ORDER BY c
	Unique  (cost=37164.74..37217.74 rows=10600 width=121)
	  ->  Sort  (cost=37164.74..37191.24 rows=10600 width=121)
	        Sort Key: c
	        ->  Bitmap Heap Scan on sbtest2  (cost=293.08..36456.04 rows=10600 width=121)
	              Recheck Cond: ((id >= 2659192) AND (id <= 2669191))
	              ->  Bitmap Index Scan on sbtest2_pkey  (cost=0.00..290.44 rows=10600 width=0)
	                    Index Cond: ((id >= 2659192) AND (id <= 2669191))

table 3 : explain SELECT DISTINCT c FROM sbtest3 WHERE id BETWEEN 4381259 AND 4391258 ORDER BY c
	Unique  (cost=35047.44..35097.11 rows=9934 width=121)
	  ->  Sort  (cost=35047.44..35072.28 rows=9934 width=121)
	        Sort Key: c
	        ->  Bitmap Heap Scan on sbtest3  (cost=274.26..34387.92 rows=9934 width=121)
	              Recheck Cond: ((id >= 4381259) AND (id <= 4391258))
	              ->  Bitmap Index Scan on sbtest3_pkey  (cost=0.00..271.78 rows=9934 width=0)
	                    Index Cond: ((id >= 4381259) AND (id <= 4391258))

table 4 : explain SELECT DISTINCT c FROM sbtest4 WHERE id BETWEEN 2869534 AND 2879533 ORDER BY c
	Unique  (cost=36080.57..36131.85 rows=10256 width=121)
	  ->  Sort  (cost=36080.57..36106.21 rows=10256 width=121)
	        Sort Key: c
	        ->  Bitmap Heap Scan on sbtest4  (cost=281.56..35397.31 rows=10256 width=121)
	              Recheck Cond: ((id >= 2869534) AND (id <= 2879533))
	              ->  Bitmap Index Scan on sbtest4_pkey  (cost=0.00..279.00 rows=10256 width=0)
	                    Index Cond: ((id >= 2869534) AND (id <= 2879533))

table 5 : explain SELECT DISTINCT c FROM sbtest5 WHERE id BETWEEN 7268479 AND 7278478 ORDER BY c
	Unique  (cost=31587.72..31631.84 rows=8824 width=121)
	  ->  Sort  (cost=31587.72..31609.78 rows=8824 width=121)
	        Sort Key: c
	        ->  Bitmap Heap Scan on sbtest5  (cost=250.88..31009.43 rows=8824 width=121)
	              Recheck Cond: ((id >= 7268479) AND (id <= 7278478))
	              ->  Bitmap Index Scan on sbtest5_pkey  (cost=0.00..248.68 rows=8824 width=0)
	                    Index Cond: ((id >= 7268479) AND (id <= 7278478))

table 6 : explain SELECT DISTINCT c FROM sbtest6 WHERE id BETWEEN 8757600 AND 8767599 ORDER BY c
	Unique  (cost=35746.54..35797.18 rows=10128 width=121)
	  ->  Sort  (cost=35746.54..35771.86 rows=10128 width=121)
	        Sort Key: c
	        ->  Bitmap Heap Scan on sbtest6  (cost=284.25..35072.72 rows=10128 width=121)
	              Recheck Cond: ((id >= 8757600) AND (id <= 8767599))
	              ->  Bitmap Index Scan on sbtest6_pkey  (cost=0.00..281.71 rows=10128 width=0)
	                    Index Cond: ((id >= 8757600) AND (id <= 8767599))

table 7 : explain SELECT DISTINCT c FROM sbtest7 WHERE id BETWEEN 2804371 AND 2814370 ORDER BY c
	Unique  (cost=33722.99..33770.36 rows=9473 width=121)
	  ->  Sort  (cost=33722.99..33746.67 rows=9473 width=121)
	        Sort Key: c
	        ->  Bitmap Heap Scan on sbtest7  (cost=269.53..33097.32 rows=9473 width=121)
	              Recheck Cond: ((id >= 2804371) AND (id <= 2814370))
	              ->  Bitmap Index Scan on sbtest7_pkey  (cost=0.00..267.17 rows=9473 width=0)
	                    Index Cond: ((id >= 2804371) AND (id <= 2814370))

table 8 : explain SELECT DISTINCT c FROM sbtest8 WHERE id BETWEEN 8025154 AND 8035153 ORDER BY c
	Unique  (cost=35618.77..35669.19 rows=10083 width=121)
	  ->  Sort  (cost=35618.77..35643.98 rows=10083 width=121)
	        Sort Key: c
	        ->  Bitmap Heap Scan on sbtest8  (cost=283.79..34948.27 rows=10083 width=121)
	              Recheck Cond: ((id >= 8025154) AND (id <= 8035153))
	              ->  Bitmap Index Scan on sbtest8_pkey  (cost=0.00..281.26 rows=10083 width=0)
	                    Index Cond: ((id >= 8025154) AND (id <= 8035153))

for point_selects
table 1 : explain SELECT c FROM sbtest1 WHERE id=8686584
	Index Scan using sbtest1_pkey on sbtest1  (cost=0.43..8.45 rows=1 width=121)
	  Index Cond: (id = 8686584)

table 2 : explain SELECT c FROM sbtest2 WHERE id=4405508
	Index Scan using sbtest2_pkey on sbtest2  (cost=0.43..8.45 rows=1 width=121)
	  Index Cond: (id = 4405508)

table 3 : explain SELECT c FROM sbtest3 WHERE id=1509363
	Index Scan using sbtest3_pkey on sbtest3  (cost=0.43..8.45 rows=1 width=121)
	  Index Cond: (id = 1509363)

table 4 : explain SELECT c FROM sbtest4 WHERE id=8424276
	Index Scan using sbtest4_pkey on sbtest4  (cost=0.43..8.45 rows=1 width=121)
	  Index Cond: (id = 8424276)

table 5 : explain SELECT c FROM sbtest5 WHERE id=1418612
	Index Scan using sbtest5_pkey on sbtest5  (cost=0.43..8.45 rows=1 width=121)
	  Index Cond: (id = 1418612)

table 6 : explain SELECT c FROM sbtest6 WHERE id=2091067
	Index Scan using sbtest6_pkey on sbtest6  (cost=0.43..8.45 rows=1 width=121)
	  Index Cond: (id = 2091067)

table 7 : explain SELECT c FROM sbtest7 WHERE id=2386053
	Index Scan using sbtest7_pkey on sbtest7  (cost=0.43..8.45 rows=1 width=121)
	  Index Cond: (id = 2386053)

table 8 : explain SELECT c FROM sbtest8 WHERE id=2373567
	Index Scan using sbtest8_pkey on sbtest8  (cost=0.43..8.45 rows=1 width=121)
	  Index Cond: (id = 2373567)

for point_selects
table 1 : explain SELECT c FROM sbtest1 WHERE id=1513292
	Index Scan using sbtest1_pkey on sbtest1  (cost=0.43..8.45 rows=1 width=121)
	  Index Cond: (id = 1513292)

table 2 : explain SELECT c FROM sbtest2 WHERE id=9248838
	Index Scan using sbtest2_pkey on sbtest2  (cost=0.43..8.45 rows=1 width=121)
	  Index Cond: (id = 9248838)

table 3 : explain SELECT c FROM sbtest3 WHERE id=1567963
	Index Scan using sbtest3_pkey on sbtest3  (cost=0.43..8.45 rows=1 width=121)
	  Index Cond: (id = 1567963)

table 4 : explain SELECT c FROM sbtest4 WHERE id=919898
	Index Scan using sbtest4_pkey on sbtest4  (cost=0.43..8.45 rows=1 width=121)
	  Index Cond: (id = 919898)

table 5 : explain SELECT c FROM sbtest5 WHERE id=8994660
	Index Scan using sbtest5_pkey on sbtest5  (cost=0.43..8.45 rows=1 width=121)
	  Index Cond: (id = 8994660)

table 6 : explain SELECT c FROM sbtest6 WHERE id=4883175
	Index Scan using sbtest6_pkey on sbtest6  (cost=0.43..8.45 rows=1 width=121)
	  Index Cond: (id = 4883175)

table 7 : explain SELECT c FROM sbtest7 WHERE id=5929914
	Index Scan using sbtest7_pkey on sbtest7  (cost=0.43..8.45 rows=1 width=121)
	  Index Cond: (id = 5929914)

table 8 : explain SELECT c FROM sbtest8 WHERE id=6780639
	Index Scan using sbtest8_pkey on sbtest8  (cost=0.43..8.45 rows=1 width=121)
	  Index Cond: (id = 6780639)

explain: for point_selects :: explain SELECT c FROM sbtest%u WHERE id=%u
for: distinct_ranges
table 1 : explain SELECT DISTINCT c FROM sbtest1 WHERE id BETWEEN 7144592 AND 7154591 ORDER BY c
	Unique  (cost=34907.23..34956.79 rows=9913 width=121)
	  ->  Sort  (cost=34907.23..34932.01 rows=9913 width=121)
	        Sort Key: c
	        ->  Bitmap Heap Scan on sbtest1  (cost=274.04..34249.25 rows=9913 width=121)
	              Recheck Cond: ((id >= 7144592) AND (id <= 7154591))
	              ->  Bitmap Index Scan on sbtest1_pkey  (cost=0.00..271.56 rows=9913 width=0)
	                    Index Cond: ((id >= 7144592) AND (id <= 7154591))

table 2 : explain SELECT DISTINCT c FROM sbtest2 WHERE id BETWEEN 2240109 AND 2250108 ORDER BY c
	Unique  (cost=34483.37..34532.20 rows=9766 width=121)
	  ->  Sort  (cost=34483.37..34507.78 rows=9766 width=121)
	        Sort Key: c
	        ->  Bitmap Heap Scan on sbtest2  (cost=268.54..33836.19 rows=9766 width=121)
	              Recheck Cond: ((id >= 2240109) AND (id <= 2250108))
	              ->  Bitmap Index Scan on sbtest2_pkey  (cost=0.00..266.09 rows=9766 width=0)
	                    Index Cond: ((id >= 2240109) AND (id <= 2250108))

table 3 : explain SELECT DISTINCT c FROM sbtest3 WHERE id BETWEEN 2176391 AND 2186390 ORDER BY c
	Unique  (cost=31572.66..31616.99 rows=8866 width=121)
	  ->  Sort  (cost=31572.66..31594.82 rows=8866 width=121)
	        Sort Key: c
	        ->  Bitmap Heap Scan on sbtest3  (cost=243.31..30991.31 rows=8866 width=121)
	              Recheck Cond: ((id >= 2176391) AND (id <= 2186390))
	              ->  Bitmap Index Scan on sbtest3_pkey  (cost=0.00..241.09 rows=8866 width=0)
	                    Index Cond: ((id >= 2176391) AND (id <= 2186390))

table 4 : explain SELECT DISTINCT c FROM sbtest4 WHERE id BETWEEN 7339100 AND 7349099 ORDER BY c
	Unique  (cost=37069.05..37121.87 rows=10565 width=121)
	  ->  Sort  (cost=37069.05..37095.46 rows=10565 width=121)
	        Sort Key: c
	        ->  Bitmap Heap Scan on sbtest4  (cost=288.73..36362.93 rows=10565 width=121)
	              Recheck Cond: ((id >= 7339100) AND (id <= 7349099))
	              ->  Bitmap Index Scan on sbtest4_pkey  (cost=0.00..286.08 rows=10565 width=0)
	                    Index Cond: ((id >= 7339100) AND (id <= 7349099))

table 5 : explain SELECT DISTINCT c FROM sbtest5 WHERE id BETWEEN 1455532 AND 1465531 ORDER BY c
	Unique  (cost=38361.36..38415.88 rows=10904 width=121)
	  ->  Sort  (cost=38361.36..38388.62 rows=10904 width=121)
	        Sort Key: c
	        ->  Bitmap Heap Scan on sbtest5  (cost=308.20..37630.11 rows=10904 width=121)
	              Recheck Cond: ((id >= 1455532) AND (id <= 1465531))
	              ->  Bitmap Index Scan on sbtest5_pkey  (cost=0.00..305.48 rows=10904 width=0)
	                    Index Cond: ((id >= 1455532) AND (id <= 1465531))

table 6 : explain SELECT DISTINCT c FROM sbtest6 WHERE id BETWEEN 589604 AND 599603 ORDER BY c
	Unique  (cost=35908.74..35959.63 rows=10178 width=121)
	  ->  Sort  (cost=35908.74..35934.18 rows=10178 width=121)
	        Sort Key: c
	        ->  Bitmap Heap Scan on sbtest6  (cost=284.76..35231.23 rows=10178 width=121)
	              Recheck Cond: ((id >= 589604) AND (id <= 599603))
	              ->  Bitmap Index Scan on sbtest6_pkey  (cost=0.00..282.21 rows=10178 width=0)
	                    Index Cond: ((id >= 589604) AND (id <= 599603))

table 7 : explain SELECT DISTINCT c FROM sbtest7 WHERE id BETWEEN 8778631 AND 8788630 ORDER BY c
	Unique  (cost=36764.96..36817.00 rows=10408 width=121)
	  ->  Sort  (cost=36764.96..36790.98 rows=10408 width=121)
	        Sort Key: c
	        ->  Bitmap Heap Scan on sbtest7  (cost=295.12..36070.47 rows=10408 width=121)
	              Recheck Cond: ((id >= 8778631) AND (id <= 8788630))
	              ->  Bitmap Index Scan on sbtest7_pkey  (cost=0.00..292.51 rows=10408 width=0)
	                    Index Cond: ((id >= 8778631) AND (id <= 8788630))

table 8 : explain SELECT DISTINCT c FROM sbtest8 WHERE id BETWEEN 6562889 AND 6572888 ORDER BY c
	Unique  (cost=34448.04..34496.65 rows=9723 width=121)
	  ->  Sort  (cost=34448.04..34472.34 rows=9723 width=121)
	        Sort Key: c
	        ->  Bitmap Heap Scan on sbtest8  (cost=272.10..33804.02 rows=9723 width=121)
	              Recheck Cond: ((id >= 6562889) AND (id <= 6572888))
	              ->  Bitmap Index Scan on sbtest8_pkey  (cost=0.00..269.67 rows=9723 width=0)
	                    Index Cond: ((id >= 6562889) AND (id <= 6572888))

for: simple_ranges
table 1 : explain SELECT c FROM sbtest1 WHERE id BETWEEN 5142912 AND 5152911
	Bitmap Heap Scan on sbtest1  (cost=272.37..33738.97 rows=9750 width=121)
	  Recheck Cond: ((id >= 5142912) AND (id <= 5152911))
	  ->  Bitmap Index Scan on sbtest1_pkey  (cost=0.00..269.94 rows=9750 width=0)
	        Index Cond: ((id >= 5142912) AND (id <= 5152911))

table 2 : explain SELECT c FROM sbtest2 WHERE id BETWEEN 4997947 AND 5007946
	Bitmap Heap Scan on sbtest2  (cost=298.95..37023.78 rows=10782 width=121)
	  Recheck Cond: ((id >= 4997947) AND (id <= 5007946))
	  ->  Bitmap Index Scan on sbtest2_pkey  (cost=0.00..296.25 rows=10782 width=0)
	        Index Cond: ((id >= 4997947) AND (id <= 5007946))

table 3 : explain SELECT c FROM sbtest3 WHERE id BETWEEN 1277381 AND 1287380
	Bitmap Heap Scan on sbtest3  (cost=281.17..35279.98 rows=10218 width=121)
	  Recheck Cond: ((id >= 1277381) AND (id <= 1287380))
	  ->  Bitmap Index Scan on sbtest3_pkey  (cost=0.00..278.62 rows=10218 width=0)
	        Index Cond: ((id >= 1277381) AND (id <= 1287380))

table 4 : explain SELECT c FROM sbtest4 WHERE id BETWEEN 3762990 AND 3772989
	Bitmap Heap Scan on sbtest4  (cost=268.97..33987.17 rows=9808 width=121)
	  Recheck Cond: ((id >= 3762990) AND (id <= 3772989))
	  ->  Bitmap Index Scan on sbtest4_pkey  (cost=0.00..266.51 rows=9808 width=0)
	        Index Cond: ((id >= 3762990) AND (id <= 3772989))

table 5 : explain SELECT c FROM sbtest5 WHERE id BETWEEN 5507869 AND 5517868
	Bitmap Heap Scan on sbtest5  (cost=271.53..33717.13 rows=9668 width=121)
	  Recheck Cond: ((id >= 5507869) AND (id <= 5517868))
	  ->  Bitmap Index Scan on sbtest5_pkey  (cost=0.00..269.12 rows=9668 width=0)
	        Index Cond: ((id >= 5507869) AND (id <= 5517868))

table 6 : explain SELECT c FROM sbtest6 WHERE id BETWEEN 4474745 AND 4484744
	Bitmap Heap Scan on sbtest6  (cost=295.61..36107.81 rows=10456 width=121)
	  Recheck Cond: ((id >= 4474745) AND (id <= 4484744))
	  ->  Bitmap Index Scan on sbtest6_pkey  (cost=0.00..293.00 rows=10456 width=0)
	        Index Cond: ((id >= 4474745) AND (id <= 4484744))

table 7 : explain SELECT c FROM sbtest7 WHERE id BETWEEN 6906331 AND 6916330
	Bitmap Heap Scan on sbtest7  (cost=269.52..33097.29 rows=9472 width=121)
	  Recheck Cond: ((id >= 6906331) AND (id <= 6916330))
	  ->  Bitmap Index Scan on sbtest7_pkey  (cost=0.00..267.16 rows=9472 width=0)
	        Index Cond: ((id >= 6906331) AND (id <= 6916330))

table 8 : explain SELECT c FROM sbtest8 WHERE id BETWEEN 289926 AND 299925
	Bitmap Heap Scan on sbtest8  (cost=278.61..34581.21 rows=9968 width=121)
	  Recheck Cond: ((id >= 289926) AND (id <= 299925))
	  ->  Bitmap Index Scan on sbtest8_pkey  (cost=0.00..276.12 rows=9968 width=0)
	        Index Cond: ((id >= 289926) AND (id <= 299925))

explain: for point_selects :: explain SELECT c FROM sbtest%u WHERE id=%u
for: sum_ranges
table 1 : explain SELECT SUM(k) FROM sbtest1 WHERE id BETWEEN 5943620 AND 5953619
	Aggregate  (cost=34383.79..34383.80 rows=1 width=8)
	  ->  Bitmap Heap Scan on sbtest1  (cost=274.40..34358.92 rows=9948 width=4)
	        Recheck Cond: ((id >= 5943620) AND (id <= 5953619))
	        ->  Bitmap Index Scan on sbtest1_pkey  (cost=0.00..271.92 rows=9948 width=0)
	              Index Cond: ((id >= 5943620) AND (id <= 5953619))

table 2 : explain SELECT SUM(k) FROM sbtest2 WHERE id BETWEEN 9761886 AND 9771885
	Aggregate  (cost=38594.55..38594.56 rows=1 width=8)
	  ->  Bitmap Heap Scan on sbtest2  (cost=312.06..38566.35 rows=11280 width=4)
	        Recheck Cond: ((id >= 9761886) AND (id <= 9771885))
	        ->  Bitmap Index Scan on sbtest2_pkey  (cost=0.00..309.24 rows=11280 width=0)
	              Index Cond: ((id >= 9761886) AND (id <= 9771885))

table 3 : explain SELECT SUM(k) FROM sbtest3 WHERE id BETWEEN 9796590 AND 9806589
	Aggregate  (cost=34256.56..34256.57 rows=1 width=8)
	  ->  Bitmap Heap Scan on sbtest3  (cost=269.77..34231.85 rows=9886 width=4)
	        Recheck Cond: ((id >= 9796590) AND (id <= 9806589))
	        ->  Bitmap Index Scan on sbtest3_pkey  (cost=0.00..267.30 rows=9886 width=0)
	              Index Cond: ((id >= 9796590) AND (id <= 9806589))

table 4 : explain SELECT SUM(k) FROM sbtest4 WHERE id BETWEEN 4351137 AND 4361136
	Aggregate  (cost=33794.38..33794.39 rows=1 width=8)
	  ->  Bitmap Heap Scan on sbtest4  (cost=268.26..33770.04 rows=9739 width=4)
	        Recheck Cond: ((id >= 4351137) AND (id <= 4361136))
	        ->  Bitmap Index Scan on sbtest4_pkey  (cost=0.00..265.82 rows=9739 width=0)
	              Index Cond: ((id >= 4351137) AND (id <= 4361136))

table 5 : explain SELECT SUM(k) FROM sbtest5 WHERE id BETWEEN 8400569 AND 8410568
	Aggregate  (cost=35164.53..35164.54 rows=1 width=8)
	  ->  Bitmap Heap Scan on sbtest5  (cost=284.11..35139.24 rows=10115 width=4)
	        Recheck Cond: ((id >= 8400569) AND (id <= 8410568))
	        ->  Bitmap Index Scan on sbtest5_pkey  (cost=0.00..281.58 rows=10115 width=0)
	              Index Cond: ((id >= 8400569) AND (id <= 8410568))

table 6 : explain SELECT SUM(k) FROM sbtest6 WHERE id BETWEEN 7811161 AND 7821160
	Aggregate  (cost=30941.46..30941.47 rows=1 width=8)
	  ->  Bitmap Heap Scan on sbtest6  (cost=246.88..30919.40 rows=8824 width=4)
	        Recheck Cond: ((id >= 7811161) AND (id <= 7821160))
	        ->  Bitmap Index Scan on sbtest6_pkey  (cost=0.00..244.68 rows=8824 width=0)
	              Index Cond: ((id >= 7811161) AND (id <= 7821160))

table 7 : explain SELECT SUM(k) FROM sbtest7 WHERE id BETWEEN 4058543 AND 4068542
	Aggregate  (cost=33871.17..33871.18 rows=1 width=8)
	  ->  Bitmap Heap Scan on sbtest7  (cost=275.93..33846.90 rows=9707 width=4)
	        Recheck Cond: ((id >= 4058543) AND (id <= 4068542))
	        ->  Bitmap Index Scan on sbtest7_pkey  (cost=0.00..273.50 rows=9707 width=0)
	              Index Cond: ((id >= 4058543) AND (id <= 4068542))

table 8 : explain SELECT SUM(k) FROM sbtest8 WHERE id BETWEEN 7570878 AND 7580877
	Aggregate  (cost=34232.53..34232.54 rows=1 width=8)
	  ->  Bitmap Heap Scan on sbtest8  (cost=277.40..34207.91 rows=9850 width=4)
	        Recheck Cond: ((id >= 7570878) AND (id <= 7580877))
	        ->  Bitmap Index Scan on sbtest8_pkey  (cost=0.00..274.94 rows=9850 width=0)
	              Index Cond: ((id >= 7570878) AND (id <= 7580877))

for: distinct_ranges
table 1 : explain SELECT DISTINCT c FROM sbtest1 WHERE id BETWEEN 7988204 AND 7998203 ORDER BY c
	Unique  (cost=37290.72..37344.00 rows=10657 width=121)
	  ->  Sort  (cost=37290.72..37317.36 rows=10657 width=121)
	        Sort Key: c
	        ->  Bitmap Heap Scan on sbtest1  (cost=297.67..36577.79 rows=10657 width=121)
	              Recheck Cond: ((id >= 7988204) AND (id <= 7998203))
	              ->  Bitmap Index Scan on sbtest1_pkey  (cost=0.00..295.00 rows=10657 width=0)
	                    Index Cond: ((id >= 7988204) AND (id <= 7998203))

table 2 : explain SELECT DISTINCT c FROM sbtest2 WHERE id BETWEEN 942325 AND 952324 ORDER BY c
	Unique  (cost=34145.08..34193.39 rows=9661 width=121)
	  ->  Sort  (cost=34145.08..34169.23 rows=9661 width=121)
	        Sort Key: c
	        ->  Bitmap Heap Scan on sbtest2  (cost=267.46..33505.62 rows=9661 width=121)
	              Recheck Cond: ((id >= 942325) AND (id <= 952324))
	              ->  Bitmap Index Scan on sbtest2_pkey  (cost=0.00..265.05 rows=9661 width=0)
	                    Index Cond: ((id >= 942325) AND (id <= 952324))

table 3 : explain SELECT DISTINCT c FROM sbtest3 WHERE id BETWEEN 5047233 AND 5057232 ORDER BY c
	Unique  (cost=34077.67..34125.84 rows=9635 width=121)
	  ->  Sort  (cost=34077.67..34101.75 rows=9635 width=121)
	        Sort Key: c
	        ->  Bitmap Heap Scan on sbtest3  (cost=263.19..33440.12 rows=9635 width=121)
	              Recheck Cond: ((id >= 5047233) AND (id <= 5057232))
	              ->  Bitmap Index Scan on sbtest3_pkey  (cost=0.00..260.79 rows=9635 width=0)
	                    Index Cond: ((id >= 5047233) AND (id <= 5057232))

table 4 : explain SELECT DISTINCT c FROM sbtest4 WHERE id BETWEEN 3194357 AND 3204356 ORDER BY c
	Unique  (cost=35535.16..35585.60 rows=10087 width=121)
	  ->  Sort  (cost=35535.16..35560.38 rows=10087 width=121)
	        Sort Key: c
	        ->  Bitmap Heap Scan on sbtest4  (cost=275.83..34864.37 rows=10087 width=121)
	              Recheck Cond: ((id >= 3194357) AND (id <= 3204356))
	              ->  Bitmap Index Scan on sbtest4_pkey  (cost=0.00..273.31 rows=10087 width=0)
	                    Index Cond: ((id >= 3194357) AND (id <= 3204356))

table 5 : explain SELECT DISTINCT c FROM sbtest5 WHERE id BETWEEN 2003729 AND 2013728 ORDER BY c
	Unique  (cost=36643.77..36695.63 rows=10371 width=121)
	  ->  Sort  (cost=36643.77..36669.70 rows=10371 width=121)
	        Sort Key: c
	        ->  Bitmap Heap Scan on sbtest5  (cost=294.74..35952.01 rows=10371 width=121)
	              Recheck Cond: ((id >= 2003729) AND (id <= 2013728))
	              ->  Bitmap Index Scan on sbtest5_pkey  (cost=0.00..292.15 rows=10371 width=0)
	                    Index Cond: ((id >= 2003729) AND (id <= 2013728))

table 6 : explain SELECT DISTINCT c FROM sbtest6 WHERE id BETWEEN 8367448 AND 8377447 ORDER BY c
	Unique  (cost=34087.51..34135.59 rows=9615 width=121)
	  ->  Sort  (cost=34087.51..34111.55 rows=9615 width=121)
	        Sort Key: c
	        ->  Bitmap Heap Scan on sbtest6  (cost=270.99..33451.43 rows=9615 width=121)
	              Recheck Cond: ((id >= 8367448) AND (id <= 8377447))
	              ->  Bitmap Index Scan on sbtest6_pkey  (cost=0.00..268.58 rows=9615 width=0)
	                    Index Cond: ((id >= 8367448) AND (id <= 8377447))

table 7 : explain SELECT DISTINCT c FROM sbtest7 WHERE id BETWEEN 1720358 AND 1730357 ORDER BY c
	Unique  (cost=34596.64..34645.34 rows=9740 width=121)
	  ->  Sort  (cost=34596.64..34620.99 rows=9740 width=121)
	        Sort Key: c
	        ->  Bitmap Heap Scan on sbtest7  (cost=276.27..33951.38 rows=9740 width=121)
	              Recheck Cond: ((id >= 1720358) AND (id <= 1730357))
	              ->  Bitmap Index Scan on sbtest7_pkey  (cost=0.00..273.83 rows=9740 width=0)
	                    Index Cond: ((id >= 1720358) AND (id <= 1730357))

table 8 : explain SELECT DISTINCT c FROM sbtest8 WHERE id BETWEEN 4200554 AND 4210553 ORDER BY c
	Unique  (cost=37487.46..37540.79 rows=10665 width=121)
	  ->  Sort  (cost=37487.46..37514.12 rows=10665 width=121)
	        Sort Key: c
	        ->  Bitmap Heap Scan on sbtest8  (cost=297.75..36773.94 rows=10665 width=121)
	              Recheck Cond: ((id >= 4200554) AND (id <= 4210553))
	              ->  Bitmap Index Scan on sbtest8_pkey  (cost=0.00..295.08 rows=10665 width=0)
	                    Index Cond: ((id >= 4200554) AND (id <= 4210553))

for: simple_ranges
table 1 : explain SELECT c FROM sbtest1 WHERE id BETWEEN 4127329 AND 4137328
	Bitmap Heap Scan on sbtest1  (cost=286.86..35721.06 rows=10383 width=121)
	  Recheck Cond: ((id >= 4127329) AND (id <= 4137328))
	  ->  Bitmap Index Scan on sbtest1_pkey  (cost=0.00..284.26 rows=10383 width=0)
	        Index Cond: ((id >= 4127329) AND (id <= 4137328))

table 2 : explain SELECT c FROM sbtest2 WHERE id BETWEEN 8986994 AND 8996993
	Bitmap Heap Scan on sbtest2  (cost=306.80..38186.72 rows=11158 width=121)
	  Recheck Cond: ((id >= 8986994) AND (id <= 8996993))
	  ->  Bitmap Index Scan on sbtest2_pkey  (cost=0.00..304.01 rows=11158 width=0)
	        Index Cond: ((id >= 8986994) AND (id <= 8996993))

table 3 : explain SELECT c FROM sbtest3 WHERE id BETWEEN 2035116 AND 2045115
	Bitmap Heap Scan on sbtest3  (cost=256.43..32584.09 rows=9365 width=121)
	  Recheck Cond: ((id >= 2035116) AND (id <= 2045115))
	  ->  Bitmap Index Scan on sbtest3_pkey  (cost=0.00..254.09 rows=9365 width=0)
	        Index Cond: ((id >= 2035116) AND (id <= 2045115))

table 4 : explain SELECT c FROM sbtest4 WHERE id BETWEEN 2554858 AND 2564857
	Bitmap Heap Scan on sbtest4  (cost=257.40..32881.90 rows=9460 width=121)
	  Recheck Cond: ((id >= 2554858) AND (id <= 2564857))
	  ->  Bitmap Index Scan on sbtest4_pkey  (cost=0.00..255.04 rows=9460 width=0)
	        Index Cond: ((id >= 2554858) AND (id <= 2564857))

table 5 : explain SELECT c FROM sbtest5 WHERE id BETWEEN 5095478 AND 5105477
	Bitmap Heap Scan on sbtest5  (cost=309.01..37874.78 rows=10983 width=121)
	  Recheck Cond: ((id >= 5095478) AND (id <= 5105477))
	  ->  Bitmap Index Scan on sbtest5_pkey  (cost=0.00..306.26 rows=10983 width=0)
	        Index Cond: ((id >= 5095478) AND (id <= 5105477))

table 6 : explain SELECT c FROM sbtest6 WHERE id BETWEEN 4589183 AND 4599182
	Bitmap Heap Scan on sbtest6  (cost=270.92..33428.64 rows=9608 width=121)
	  Recheck Cond: ((id >= 4589183) AND (id <= 4599182))
	  ->  Bitmap Index Scan on sbtest6_pkey  (cost=0.00..268.51 rows=9608 width=0)
	        Index Cond: ((id >= 4589183) AND (id <= 4599182))

table 7 : explain SELECT c FROM sbtest7 WHERE id BETWEEN 3935437 AND 3945436
	Bitmap Heap Scan on sbtest7  (cost=299.75..36268.75 rows=10470 width=121)
	  Recheck Cond: ((id >= 3935437) AND (id <= 3945436))
	  ->  Bitmap Index Scan on sbtest7_pkey  (cost=0.00..297.13 rows=10470 width=0)
	        Index Cond: ((id >= 3935437) AND (id <= 3945436))

table 8 : explain SELECT c FROM sbtest8 WHERE id BETWEEN 1734619 AND 1744618
	Bitmap Heap Scan on sbtest8  (cost=291.95..36222.38 rows=10489 width=121)
	  Recheck Cond: ((id >= 1734619) AND (id <= 1744618))
	  ->  Bitmap Index Scan on sbtest8_pkey  (cost=0.00..289.32 rows=10489 width=0)
	        Index Cond: ((id >= 1734619) AND (id <= 1744618))

for: simple_ranges
table 1 : explain SELECT c FROM sbtest1 WHERE id BETWEEN 4597378 AND 4607377
	Bitmap Heap Scan on sbtest1  (cost=297.79..36612.97 rows=10669 width=121)
	  Recheck Cond: ((id >= 4597378) AND (id <= 4607377))
	  ->  Bitmap Index Scan on sbtest1_pkey  (cost=0.00..295.12 rows=10669 width=0)
	        Index Cond: ((id >= 4597378) AND (id <= 4607377))

table 2 : explain SELECT c FROM sbtest2 WHERE id BETWEEN 6594814 AND 6604813
	Bitmap Heap Scan on sbtest2  (cost=268.04..33687.15 rows=9718 width=121)
	  Recheck Cond: ((id >= 6594814) AND (id <= 6604813))
	  ->  Bitmap Index Scan on sbtest2_pkey  (cost=0.00..265.62 rows=9718 width=0)
	        Index Cond: ((id >= 6594814) AND (id <= 6604813))

table 3 : explain SELECT c FROM sbtest3 WHERE id BETWEEN 6581135 AND 6591134
	Bitmap Heap Scan on sbtest3  (cost=274.69..34520.50 rows=9976 width=121)
	  Recheck Cond: ((id >= 6581135) AND (id <= 6591134))
	  ->  Bitmap Index Scan on sbtest3_pkey  (cost=0.00..272.19 rows=9976 width=0)
	        Index Cond: ((id >= 6581135) AND (id <= 6591134))

table 4 : explain SELECT c FROM sbtest4 WHERE id BETWEEN 2530781 AND 2540780
	Bitmap Heap Scan on sbtest4  (cost=257.40..32881.90 rows=9460 width=121)
	  Recheck Cond: ((id >= 2530781) AND (id <= 2540780))
	  ->  Bitmap Index Scan on sbtest4_pkey  (cost=0.00..255.04 rows=9460 width=0)
	        Index Cond: ((id >= 2530781) AND (id <= 2540780))

table 5 : explain SELECT c FROM sbtest5 WHERE id BETWEEN 6403000 AND 6412999
	Bitmap Heap Scan on sbtest5  (cost=289.74..35643.26 rows=10274 width=121)
	  Recheck Cond: ((id >= 6403000) AND (id <= 6412999))
	  ->  Bitmap Index Scan on sbtest5_pkey  (cost=0.00..287.18 rows=10274 width=0)
	        Index Cond: ((id >= 6403000) AND (id <= 6412999))

table 6 : explain SELECT c FROM sbtest6 WHERE id BETWEEN 9615454 AND 9625453
	Bitmap Heap Scan on sbtest6  (cost=277.76..34307.12 rows=9885 width=121)
	  Recheck Cond: ((id >= 9615454) AND (id <= 9625453))
	  ->  Bitmap Index Scan on sbtest6_pkey  (cost=0.00..275.29 rows=9885 width=0)
	        Index Cond: ((id >= 9615454) AND (id <= 9625453))

table 7 : explain SELECT c FROM sbtest7 WHERE id BETWEEN 7694444 AND 7704443
	Bitmap Heap Scan on sbtest7  (cost=269.38..33051.45 rows=9458 width=121)
	  Recheck Cond: ((id >= 7694444) AND (id <= 7704443))
	  ->  Bitmap Index Scan on sbtest7_pkey  (cost=0.00..267.01 rows=9458 width=0)
	        Index Cond: ((id >= 7694444) AND (id <= 7704443))

table 8 : explain SELECT c FROM sbtest8 WHERE id BETWEEN 8478382 AND 8488381
	Bitmap Heap Scan on sbtest8  (cost=260.53..32694.04 rows=9375 width=121)
	  Recheck Cond: ((id >= 8478382) AND (id <= 8488381))
	  ->  Bitmap Index Scan on sbtest8_pkey  (cost=0.00..258.19 rows=9375 width=0)
	        Index Cond: ((id >= 8478382) AND (id <= 8488381))

explain: for point_selects :: explain SELECT c FROM sbtest%u WHERE id=%u
for point_selects
table 1 : explain SELECT c FROM sbtest1 WHERE id=7139137
	Index Scan using sbtest1_pkey on sbtest1  (cost=0.43..8.45 rows=1 width=121)
	  Index Cond: (id = 7139137)

table 2 : explain SELECT c FROM sbtest2 WHERE id=325171
	Index Scan using sbtest2_pkey on sbtest2  (cost=0.43..8.45 rows=1 width=121)
	  Index Cond: (id = 325171)

table 3 : explain SELECT c FROM sbtest3 WHERE id=1445117
	Index Scan using sbtest3_pkey on sbtest3  (cost=0.43..8.45 rows=1 width=121)
	  Index Cond: (id = 1445117)

table 4 : explain SELECT c FROM sbtest4 WHERE id=1308525
	Index Scan using sbtest4_pkey on sbtest4  (cost=0.43..8.45 rows=1 width=121)
	  Index Cond: (id = 1308525)

table 5 : explain SELECT c FROM sbtest5 WHERE id=316330
	Index Scan using sbtest5_pkey on sbtest5  (cost=0.43..8.45 rows=1 width=121)
	  Index Cond: (id = 316330)

table 6 : explain SELECT c FROM sbtest6 WHERE id=4853663
	Index Scan using sbtest6_pkey on sbtest6  (cost=0.43..8.45 rows=1 width=121)
	  Index Cond: (id = 4853663)

table 7 : explain SELECT c FROM sbtest7 WHERE id=1751688
	Index Scan using sbtest7_pkey on sbtest7  (cost=0.43..8.45 rows=1 width=121)
	  Index Cond: (id = 1751688)

table 8 : explain SELECT c FROM sbtest8 WHERE id=103982
	Index Scan using sbtest8_pkey on sbtest8  (cost=0.43..8.45 rows=1 width=121)
	  Index Cond: (id = 103982)

for: sum_ranges
table 1 : explain SELECT SUM(k) FROM sbtest1 WHERE id BETWEEN 735945 AND 745944
	Aggregate  (cost=37176.61..37176.62 rows=1 width=8)
	  ->  Bitmap Heap Scan on sbtest1  (cost=299.57..37149.50 rows=10842 width=4)
	        Recheck Cond: ((id >= 735945) AND (id <= 745944))
	        ->  Bitmap Index Scan on sbtest1_pkey  (cost=0.00..296.86 rows=10842 width=0)
	              Index Cond: ((id >= 735945) AND (id <= 745944))

table 2 : explain SELECT SUM(k) FROM sbtest2 WHERE id BETWEEN 4132378 AND 4142377
	Aggregate  (cost=32573.03..32573.04 rows=1 width=8)
	  ->  Bitmap Heap Scan on sbtest2  (cost=260.36..32549.64 rows=9359 width=4)
	        Recheck Cond: ((id >= 4132378) AND (id <= 4142377))
	        ->  Bitmap Index Scan on sbtest2_pkey  (cost=0.00..258.03 rows=9359 width=0)
	              Index Cond: ((id >= 4132378) AND (id <= 4142377))

table 3 : explain SELECT SUM(k) FROM sbtest3 WHERE id BETWEEN 4221753 AND 4231752
	Aggregate  (cost=34243.58..34243.59 rows=1 width=8)
	  ->  Bitmap Heap Scan on sbtest3  (cost=269.72..34218.88 rows=9881 width=4)
	        Recheck Cond: ((id >= 4221753) AND (id <= 4231752))
	        ->  Bitmap Index Scan on sbtest3_pkey  (cost=0.00..267.25 rows=9881 width=0)
	              Index Cond: ((id >= 4221753) AND (id <= 4231752))

table 4 : explain SELECT SUM(k) FROM sbtest4 WHERE id BETWEEN 4327232 AND 4337231
	Aggregate  (cost=33377.96..33377.97 rows=1 width=8)
	  ->  Bitmap Heap Scan on sbtest4  (cost=262.92..33353.94 rows=9608 width=4)
	        Recheck Cond: ((id >= 4327232) AND (id <= 4337231))
	        ->  Bitmap Index Scan on sbtest4_pkey  (cost=0.00..260.51 rows=9608 width=0)
	              Index Cond: ((id >= 4327232) AND (id <= 4337231))

table 5 : explain SELECT SUM(k) FROM sbtest5 WHERE id BETWEEN 9255819 AND 9265818
	Aggregate  (cost=32879.35..32879.36 rows=1 width=8)
	  ->  Bitmap Heap Scan on sbtest5  (cost=264.77..32855.85 rows=9399 width=4)
	        Recheck Cond: ((id >= 9255819) AND (id <= 9265818))
	        ->  Bitmap Index Scan on sbtest5_pkey  (cost=0.00..262.43 rows=9399 width=0)
	              Index Cond: ((id >= 9255819) AND (id <= 9265818))

table 6 : explain SELECT SUM(k) FROM sbtest6 WHERE id BETWEEN 2537308 AND 2547307
	Aggregate  (cost=38986.95..38986.96 rows=1 width=8)
	  ->  Bitmap Heap Scan on sbtest6  (cost=320.98..38958.52 rows=11370 width=4)
	        Recheck Cond: ((id >= 2537308) AND (id <= 2547307))
	        ->  Bitmap Index Scan on sbtest6_pkey  (cost=0.00..318.13 rows=11370 width=0)
	              Index Cond: ((id >= 2537308) AND (id <= 2547307))

table 7 : explain SELECT SUM(k) FROM sbtest7 WHERE id BETWEEN 2825224 AND 2835223
	Aggregate  (cost=34492.16..34492.17 rows=1 width=8)
	  ->  Bitmap Heap Scan on sbtest7  (cost=281.93..34467.41 rows=9902 width=4)
	        Recheck Cond: ((id >= 2825224) AND (id <= 2835223))
	        ->  Bitmap Index Scan on sbtest7_pkey  (cost=0.00..279.45 rows=9902 width=0)
	              Index Cond: ((id >= 2825224) AND (id <= 2835223))

table 8 : explain SELECT SUM(k) FROM sbtest8 WHERE id BETWEEN 8556456 AND 8566455
	Aggregate  (cost=35171.18..35171.19 rows=1 width=8)
	  ->  Bitmap Heap Scan on sbtest8  (cost=284.43..35145.81 rows=10146 width=4)
	        Recheck Cond: ((id >= 8556456) AND (id <= 8566455))
	        ->  Bitmap Index Scan on sbtest8_pkey  (cost=0.00..281.90 rows=10146 width=0)
	              Index Cond: ((id >= 8556456) AND (id <= 8566455))

for: order_ranges
table 1 : explain SELECT c FROM sbtest1 WHERE id BETWEEN 4785752 AND 4795751 ORDER BY c
	Sort  (cost=34036.67..34060.77 rows=9643 width=121)
	  Sort Key: c
	  ->  Bitmap Heap Scan on sbtest1  (cost=267.28..33398.53 rows=9643 width=121)
	        Recheck Cond: ((id >= 4785752) AND (id <= 4795751))
	        ->  Bitmap Index Scan on sbtest1_pkey  (cost=0.00..264.87 rows=9643 width=0)
	              Index Cond: ((id >= 4785752) AND (id <= 4795751))

table 2 : explain SELECT c FROM sbtest2 WHERE id BETWEEN 1214660 AND 1224659 ORDER BY c
	Sort  (cost=36200.41..36226.16 rows=10298 width=121)
	  Sort Key: c
	  ->  Bitmap Heap Scan on sbtest2  (cost=285.99..35514.05 rows=10298 width=121)
	        Recheck Cond: ((id >= 1214660) AND (id <= 1224659))
	        ->  Bitmap Index Scan on sbtest2_pkey  (cost=0.00..283.42 rows=10298 width=0)
	              Index Cond: ((id >= 1214660) AND (id <= 1224659))

table 3 : explain SELECT c FROM sbtest3 WHERE id BETWEEN 4700090 AND 4710089 ORDER BY c
	Sort  (cost=34619.35..34643.85 rows=9802 width=121)
	  Sort Key: c
	  ->  Bitmap Heap Scan on sbtest3  (cost=268.91..33969.53 rows=9802 width=121)
	        Recheck Cond: ((id >= 4700090) AND (id <= 4710089))
	        ->  Bitmap Index Scan on sbtest3_pkey  (cost=0.00..266.45 rows=9802 width=0)
	              Index Cond: ((id >= 4700090) AND (id <= 4710089))

table 4 : explain SELECT c FROM sbtest4 WHERE id BETWEEN 2989948 AND 2999947 ORDER BY c
	Sort  (cost=36911.30..36937.59 rows=10516 width=121)
	  Sort Key: c
	  ->  Bitmap Heap Scan on sbtest4  (cost=288.22..36208.81 rows=10516 width=121)
	        Recheck Cond: ((id >= 2989948) AND (id <= 2999947))
	        ->  Bitmap Index Scan on sbtest4_pkey  (cost=0.00..285.59 rows=10516 width=0)
	              Index Cond: ((id >= 2989948) AND (id <= 2999947))

table 5 : explain SELECT c FROM sbtest5 WHERE id BETWEEN 9368333 AND 9378332 ORDER BY c
	Sort  (cost=33197.64..33220.92 rows=9313 width=121)
	  Sort Key: c
	  ->  Bitmap Heap Scan on sbtest5  (cost=263.89..32583.68 rows=9313 width=121)
	        Recheck Cond: ((id >= 9368333) AND (id <= 9378332))
	        ->  Bitmap Index Scan on sbtest5_pkey  (cost=0.00..261.56 rows=9313 width=0)
	              Index Cond: ((id >= 9368333) AND (id <= 9378332))

table 6 : explain SELECT c FROM sbtest6 WHERE id BETWEEN 1358811 AND 1368810 ORDER BY c
	Sort  (cost=31191.57..31213.40 rows=8731 width=121)
	  Sort Key: c
	  ->  Bitmap Heap Scan on sbtest6  (cost=245.93..30620.04 rows=8731 width=121)
	        Recheck Cond: ((id >= 1358811) AND (id <= 1368810))
	        ->  Bitmap Index Scan on sbtest6_pkey  (cost=0.00..243.75 rows=8731 width=0)
	              Index Cond: ((id >= 1358811) AND (id <= 1368810))

table 7 : explain SELECT c FROM sbtest7 WHERE id BETWEEN 2340433 AND 2350432 ORDER BY c
	Sort  (cost=34402.83..34427.03 rows=9680 width=121)
	  Sort Key: c
	  ->  Bitmap Heap Scan on sbtest7  (cost=275.66..33761.97 rows=9680 width=121)
	        Recheck Cond: ((id >= 2340433) AND (id <= 2350432))
	        ->  Bitmap Index Scan on sbtest7_pkey  (cost=0.00..273.24 rows=9680 width=0)
	              Index Cond: ((id >= 2340433) AND (id <= 2350432))

table 8 : explain SELECT c FROM sbtest8 WHERE id BETWEEN 1751438 AND 1761437 ORDER BY c
	Sort  (cost=36922.87..36949.09 rows=10489 width=121)
	  Sort Key: c
	  ->  Bitmap Heap Scan on sbtest8  (cost=291.95..36222.38 rows=10489 width=121)
	        Recheck Cond: ((id >= 1751438) AND (id <= 1761437))
	        ->  Bitmap Index Scan on sbtest8_pkey  (cost=0.00..289.32 rows=10489 width=0)
	              Index Cond: ((id >= 1751438) AND (id <= 1761437))

for point_selects
table 1 : explain SELECT c FROM sbtest1 WHERE id=7323122
	Index Scan using sbtest1_pkey on sbtest1  (cost=0.43..8.45 rows=1 width=121)
	  Index Cond: (id = 7323122)

table 2 : explain SELECT c FROM sbtest2 WHERE id=8011240
	Index Scan using sbtest2_pkey on sbtest2  (cost=0.43..8.45 rows=1 width=121)
	  Index Cond: (id = 8011240)

table 3 : explain SELECT c FROM sbtest3 WHERE id=9824926
	Index Scan using sbtest3_pkey on sbtest3  (cost=0.43..8.45 rows=1 width=121)
	  Index Cond: (id = 9824926)

table 4 : explain SELECT c FROM sbtest4 WHERE id=4841503
	Index Scan using sbtest4_pkey on sbtest4  (cost=0.43..8.45 rows=1 width=121)
	  Index Cond: (id = 4841503)

table 5 : explain SELECT c FROM sbtest5 WHERE id=2447624
	Index Scan using sbtest5_pkey on sbtest5  (cost=0.43..8.45 rows=1 width=121)
	  Index Cond: (id = 2447624)

table 6 : explain SELECT c FROM sbtest6 WHERE id=8800166
	Index Scan using sbtest6_pkey on sbtest6  (cost=0.43..8.45 rows=1 width=121)
	  Index Cond: (id = 8800166)

table 7 : explain SELECT c FROM sbtest7 WHERE id=2531304
	Index Scan using sbtest7_pkey on sbtest7  (cost=0.43..8.45 rows=1 width=121)
	  Index Cond: (id = 2531304)

table 8 : explain SELECT c FROM sbtest8 WHERE id=6319392
	Index Scan using sbtest8_pkey on sbtest8  (cost=0.43..8.45 rows=1 width=121)
	  Index Cond: (id = 6319392)

for: sum_ranges
table 1 : explain SELECT SUM(k) FROM sbtest1 WHERE id BETWEEN 8250489 AND 8260488
	Aggregate  (cost=34549.13..34549.14 rows=1 width=8)
	  ->  Bitmap Heap Scan on sbtest1  (cost=278.94..34524.13 rows=10000 width=4)
	        Recheck Cond: ((id >= 8250489) AND (id <= 8260488))
	        ->  Bitmap Index Scan on sbtest1_pkey  (cost=0.00..276.44 rows=10000 width=0)
	              Index Cond: ((id >= 8250489) AND (id <= 8260488))

table 2 : explain SELECT SUM(k) FROM sbtest2 WHERE id BETWEEN 8243175 AND 8253174
	Aggregate  (cost=37569.81..37569.82 rows=1 width=8)
	  ->  Bitmap Heap Scan on sbtest2  (cost=304.66..37542.43 rows=10949 width=4)
	        Recheck Cond: ((id >= 8243175) AND (id <= 8253174))
	        ->  Bitmap Index Scan on sbtest2_pkey  (cost=0.00..301.93 rows=10949 width=0)
	              Index Cond: ((id >= 8243175) AND (id <= 8253174))

table 3 : explain SELECT SUM(k) FROM sbtest3 WHERE id BETWEEN 1929574 AND 1939573
	Aggregate  (cost=34454.82..34454.83 rows=1 width=8)
	  ->  Bitmap Heap Scan on sbtest3  (cost=274.39..34429.96 rows=9947 width=4)
	        Recheck Cond: ((id >= 1929574) AND (id <= 1939573))
	        ->  Bitmap Index Scan on sbtest3_pkey  (cost=0.00..271.91 rows=9947 width=0)
	              Index Cond: ((id >= 1929574) AND (id <= 1939573))

table 4 : explain SELECT SUM(k) FROM sbtest4 WHERE id BETWEEN 8276012 AND 8286011
	Aggregate  (cost=33794.38..33794.39 rows=1 width=8)
	  ->  Bitmap Heap Scan on sbtest4  (cost=268.26..33770.04 rows=9739 width=4)
	        Recheck Cond: ((id >= 8276012) AND (id <= 8286011))
	        ->  Bitmap Index Scan on sbtest4_pkey  (cost=0.00..265.82 rows=9739 width=0)
	              Index Cond: ((id >= 8276012) AND (id <= 8286011))

table 5 : explain SELECT SUM(k) FROM sbtest5 WHERE id BETWEEN 4312435 AND 4322434
	Aggregate  (cost=36408.89..36408.90 rows=1 width=8)
	  ->  Bitmap Heap Scan on sbtest5  (cost=296.14..36382.62 rows=10508 width=4)
	        Recheck Cond: ((id >= 4312435) AND (id <= 4322434))
	        ->  Bitmap Index Scan on sbtest5_pkey  (cost=0.00..293.51 rows=10508 width=0)
	              Index Cond: ((id >= 4312435) AND (id <= 4322434))

table 6 : explain SELECT SUM(k) FROM sbtest6 WHERE id BETWEEN 6486714 AND 6496713
	Aggregate  (cost=32632.68..32632.69 rows=1 width=8)
	  ->  Bitmap Heap Scan on sbtest6  (cost=264.28..32609.30 rows=9351 width=4)
	        Recheck Cond: ((id >= 6486714) AND (id <= 6496713))
	        ->  Bitmap Index Scan on sbtest6_pkey  (cost=0.00..261.94 rows=9351 width=0)
	              Index Cond: ((id >= 6486714) AND (id <= 6496713))

table 7 : explain SELECT SUM(k) FROM sbtest7 WHERE id BETWEEN 1949617 AND 1959616
	Aggregate  (cost=35456.38..35456.39 rows=1 width=8)
	  ->  Bitmap Heap Scan on sbtest7  (cost=289.05..35430.87 rows=10206 width=4)
	        Recheck Cond: ((id >= 1949617) AND (id <= 1959616))
	        ->  Bitmap Index Scan on sbtest7_pkey  (cost=0.00..286.50 rows=10206 width=0)
	              Index Cond: ((id >= 1949617) AND (id <= 1959616))

table 8 : explain SELECT SUM(k) FROM sbtest8 WHERE id BETWEEN 3660116 AND 3670115
	Aggregate  (cost=34865.74..34865.75 rows=1 width=8)
	  ->  Bitmap Heap Scan on sbtest8  (cost=279.46..34840.61 rows=10051 width=4)
	        Recheck Cond: ((id >= 3660116) AND (id <= 3670115))
	        ->  Bitmap Index Scan on sbtest8_pkey  (cost=0.00..276.94 rows=10051 width=0)
	              Index Cond: ((id >= 3660116) AND (id <= 3670115))

for point_selects
table 1 : explain SELECT c FROM sbtest1 WHERE id=3024776
	Index Scan using sbtest1_pkey on sbtest1  (cost=0.43..8.45 rows=1 width=121)
	  Index Cond: (id = 3024776)

table 2 : explain SELECT c FROM sbtest2 WHERE id=7089061
	Index Scan using sbtest2_pkey on sbtest2  (cost=0.43..8.45 rows=1 width=121)
	  Index Cond: (id = 7089061)

table 3 : explain SELECT c FROM sbtest3 WHERE id=5454653
	Index Scan using sbtest3_pkey on sbtest3  (cost=0.43..8.45 rows=1 width=121)
	  Index Cond: (id = 5454653)

table 4 : explain SELECT c FROM sbtest4 WHERE id=4163192
	Index Scan using sbtest4_pkey on sbtest4  (cost=0.43..8.45 rows=1 width=121)
	  Index Cond: (id = 4163192)

table 5 : explain SELECT c FROM sbtest5 WHERE id=2368290
	Index Scan using sbtest5_pkey on sbtest5  (cost=0.43..8.45 rows=1 width=121)
	  Index Cond: (id = 2368290)

table 6 : explain SELECT c FROM sbtest6 WHERE id=1383002
	Index Scan using sbtest6_pkey on sbtest6  (cost=0.43..8.45 rows=1 width=121)
	  Index Cond: (id = 1383002)

table 7 : explain SELECT c FROM sbtest7 WHERE id=297414
	Index Scan using sbtest7_pkey on sbtest7  (cost=0.43..8.45 rows=1 width=121)
	  Index Cond: (id = 297414)

table 8 : explain SELECT c FROM sbtest8 WHERE id=2272979
	Index Scan using sbtest8_pkey on sbtest8  (cost=0.43..8.45 rows=1 width=121)
	  Index Cond: (id = 2272979)

for: sum_ranges
table 1 : explain SELECT SUM(k) FROM sbtest1 WHERE id BETWEEN 2854687 AND 2864686
	Aggregate  (cost=35261.77..35261.78 rows=1 width=8)
	  ->  Bitmap Heap Scan on sbtest1  (cost=285.26..35236.20 rows=10227 width=4)
	        Recheck Cond: ((id >= 2854687) AND (id <= 2864686))
	        ->  Bitmap Index Scan on sbtest1_pkey  (cost=0.00..282.70 rows=10227 width=0)
	              Index Cond: ((id >= 2854687) AND (id <= 2864686))

table 2 : explain SELECT SUM(k) FROM sbtest2 WHERE id BETWEEN 9364304 AND 9374303
	Aggregate  (cost=34826.29..34826.30 rows=1 width=8)
	  ->  Bitmap Heap Scan on sbtest2  (cost=279.66..34801.11 rows=10071 width=4)
	        Recheck Cond: ((id >= 9364304) AND (id <= 9374303))
	        ->  Bitmap Index Scan on sbtest2_pkey  (cost=0.00..277.15 rows=10071 width=0)
	              Index Cond: ((id >= 9364304) AND (id <= 9374303))

table 3 : explain SELECT SUM(k) FROM sbtest3 WHERE id BETWEEN 7471539 AND 7481538
	Aggregate  (cost=37774.20..37774.21 rows=1 width=8)
	  ->  Bitmap Heap Scan on sbtest3  (cost=301.28..37746.68 rows=11009 width=4)
	        Recheck Cond: ((id >= 7471539) AND (id <= 7481538))
	        ->  Bitmap Index Scan on sbtest3_pkey  (cost=0.00..298.53 rows=11009 width=0)
	              Index Cond: ((id >= 7471539) AND (id <= 7481538))

table 4 : explain SELECT SUM(k) FROM sbtest4 WHERE id BETWEEN 9304592 AND 9314591
	Aggregate  (cost=38621.71..38621.72 rows=1 width=8)
	  ->  Bitmap Heap Scan on sbtest4  (cost=308.09..38593.51 rows=11283 width=4)
	        Recheck Cond: ((id >= 9304592) AND (id <= 9314591))
	        ->  Bitmap Index Scan on sbtest4_pkey  (cost=0.00..305.26 rows=11283 width=0)
	              Index Cond: ((id >= 9304592) AND (id <= 9314591))

table 5 : explain SELECT SUM(k) FROM sbtest5 WHERE id BETWEEN 8581589 AND 8591588
	Aggregate  (cost=33817.23..33817.24 rows=1 width=8)
	  ->  Bitmap Heap Scan on sbtest5  (cost=275.77..33793.00 rows=9691 width=4)
	        Recheck Cond: ((id >= 8581589) AND (id <= 8591588))
	        ->  Bitmap Index Scan on sbtest5_pkey  (cost=0.00..273.34 rows=9691 width=0)
	              Index Cond: ((id >= 8581589) AND (id <= 8591588))

table 6 : explain SELECT SUM(k) FROM sbtest6 WHERE id BETWEEN 9856441 AND 9866440
	Aggregate  (cost=36062.96..36062.97 rows=1 width=8)
	  ->  Bitmap Heap Scan on sbtest6  (cost=295.37..36036.88 rows=10433 width=4)
	        Recheck Cond: ((id >= 9856441) AND (id <= 9866440))
	        ->  Bitmap Index Scan on sbtest6_pkey  (cost=0.00..292.76 rows=10433 width=0)
	              Index Cond: ((id >= 9856441) AND (id <= 9866440))

table 7 : explain SELECT SUM(k) FROM sbtest7 WHERE id BETWEEN 9268047 AND 9278046
	Aggregate  (cost=34280.13..34280.14 rows=1 width=8)
	  ->  Bitmap Heap Scan on sbtest7  (cost=281.24..34255.54 rows=9835 width=4)
	        Recheck Cond: ((id >= 9268047) AND (id <= 9278046))
	        ->  Bitmap Index Scan on sbtest7_pkey  (cost=0.00..278.79 rows=9835 width=0)
	              Index Cond: ((id >= 9268047) AND (id <= 9278046))

table 8 : explain SELECT SUM(k) FROM sbtest8 WHERE id BETWEEN 2925827 AND 2935826
	Aggregate  (cost=37560.29..37560.30 rows=1 width=8)
	  ->  Bitmap Heap Scan on sbtest8  (cost=304.24..37533.02 rows=10908 width=4)
	        Recheck Cond: ((id >= 2925827) AND (id <= 2935826))
	        ->  Bitmap Index Scan on sbtest8_pkey  (cost=0.00..301.51 rows=10908 width=0)
	              Index Cond: ((id >= 2925827) AND (id <= 2935826))

for: simple_ranges
table 1 : explain SELECT c FROM sbtest1 WHERE id BETWEEN 3282284 AND 3292283
	Bitmap Heap Scan on sbtest1  (cost=292.05..36084.12 rows=10499 width=121)
	  Recheck Cond: ((id >= 3282284) AND (id <= 3292283))
	  ->  Bitmap Index Scan on sbtest1_pkey  (cost=0.00..289.43 rows=10499 width=0)
	        Index Cond: ((id >= 3282284) AND (id <= 3292283))

table 2 : explain SELECT c FROM sbtest2 WHERE id BETWEEN 2756964 AND 2766963
	Bitmap Heap Scan on sbtest2  (cost=279.98..34897.90 rows=10102 width=121)
	  Recheck Cond: ((id >= 2756964) AND (id <= 2766963))
	  ->  Bitmap Index Scan on sbtest2_pkey  (cost=0.00..277.45 rows=10102 width=0)
	        Index Cond: ((id >= 2756964) AND (id <= 2766963))

table 3 : explain SELECT c FROM sbtest3 WHERE id BETWEEN 3817768 AND 3827767
	Bitmap Heap Scan on sbtest3  (cost=275.39..34733.80 rows=10044 width=121)
	  Recheck Cond: ((id >= 3817768) AND (id <= 3827767))
	  ->  Bitmap Index Scan on sbtest3_pkey  (cost=0.00..272.88 rows=10044 width=0)
	        Index Cond: ((id >= 3817768) AND (id <= 3827767))

table 4 : explain SELECT c FROM sbtest4 WHERE id BETWEEN 6036266 AND 6046265
	Bitmap Heap Scan on sbtest4  (cost=294.20..36812.79 rows=10709 width=121)
	  Recheck Cond: ((id >= 6036266) AND (id <= 6046265))
	  ->  Bitmap Index Scan on sbtest4_pkey  (cost=0.00..291.53 rows=10709 width=0)
	        Index Cond: ((id >= 6036266) AND (id <= 6046265))

table 5 : explain SELECT c FROM sbtest5 WHERE id BETWEEN 4906071 AND 4916070
	Bitmap Heap Scan on sbtest5  (cost=270.25..33318.29 rows=9543 width=121)
	  Recheck Cond: ((id >= 4906071) AND (id <= 4916070))
	  ->  Bitmap Index Scan on sbtest5_pkey  (cost=0.00..267.87 rows=9543 width=0)
	        Index Cond: ((id >= 4906071) AND (id <= 4916070))

table 6 : explain SELECT c FROM sbtest6 WHERE id BETWEEN 9090296 AND 9100295
	Bitmap Heap Scan on sbtest6  (cost=277.73..34297.39 rows=9882 width=121)
	  Recheck Cond: ((id >= 9090296) AND (id <= 9100295))
	  ->  Bitmap Index Scan on sbtest6_pkey  (cost=0.00..275.25 rows=9882 width=0)
	        Index Cond: ((id >= 9090296) AND (id <= 9100295))

table 7 : explain SELECT c FROM sbtest7 WHERE id BETWEEN 5643901 AND 5653900
	Bitmap Heap Scan on sbtest7  (cost=319.06..38508.36 rows=11183 width=121)
	  Recheck Cond: ((id >= 5643901) AND (id <= 5653900))
	  ->  Bitmap Index Scan on sbtest7_pkey  (cost=0.00..316.26 rows=11183 width=0)
	        Index Cond: ((id >= 5643901) AND (id <= 5653900))

table 8 : explain SELECT c FROM sbtest8 WHERE id BETWEEN 1312184 AND 1322183
	Bitmap Heap Scan on sbtest8  (cost=284.35..35119.92 rows=10138 width=121)
	  Recheck Cond: ((id >= 1312184) AND (id <= 1322183))
	  ->  Bitmap Index Scan on sbtest8_pkey  (cost=0.00..281.81 rows=10138 width=0)
	        Index Cond: ((id >= 1312184) AND (id <= 1322183))

for: distinct_ranges
table 1 : explain SELECT DISTINCT c FROM sbtest1 WHERE id BETWEEN 8585763 AND 8595762 ORDER BY c
	Unique  (cost=32977.09..33023.67 rows=9315 width=121)
	  ->  Sort  (cost=32977.09..33000.38 rows=9315 width=121)
	        Sort Key: c
	        ->  Bitmap Heap Scan on sbtest1  (cost=259.91..32362.99 rows=9315 width=121)
	              Recheck Cond: ((id >= 8585763) AND (id <= 8595762))
	              ->  Bitmap Index Scan on sbtest1_pkey  (cost=0.00..257.58 rows=9315 width=0)
	                    Index Cond: ((id >= 8585763) AND (id <= 8595762))

table 2 : explain SELECT DISTINCT c FROM sbtest2 WHERE id BETWEEN 8060993 AND 8070992 ORDER BY c
	Unique  (cost=32983.02..33029.53 rows=9303 width=121)
	  ->  Sort  (cost=32983.02..33006.27 rows=9303 width=121)
	        Sort Key: c
	        ->  Bitmap Heap Scan on sbtest2  (cost=255.79..32369.79 rows=9303 width=121)
	              Recheck Cond: ((id >= 8060993) AND (id <= 8070992))
	              ->  Bitmap Index Scan on sbtest2_pkey  (cost=0.00..253.47 rows=9303 width=0)
	                    Index Cond: ((id >= 8060993) AND (id <= 8070992))

table 3 : explain SELECT DISTINCT c FROM sbtest3 WHERE id BETWEEN 3841416 AND 3851415 ORDER BY c
	Unique  (cost=35401.43..35451.65 rows=10044 width=121)
	  ->  Sort  (cost=35401.43..35426.54 rows=10044 width=121)
	        Sort Key: c
	        ->  Bitmap Heap Scan on sbtest3  (cost=275.39..34733.80 rows=10044 width=121)
	              Recheck Cond: ((id >= 3841416) AND (id <= 3851415))
	              ->  Bitmap Index Scan on sbtest3_pkey  (cost=0.00..272.88 rows=10044 width=0)
	                    Index Cond: ((id >= 3841416) AND (id <= 3851415))

table 4 : explain SELECT DISTINCT c FROM sbtest4 WHERE id BETWEEN 2227170 AND 2237169 ORDER BY c
	Unique  (cost=33396.75..33443.88 rows=9426 width=121)
	  ->  Sort  (cost=33396.75..33420.31 rows=9426 width=121)
	        Sort Key: c
	        ->  Bitmap Heap Scan on sbtest4  (cost=257.05..32774.52 rows=9426 width=121)
	              Recheck Cond: ((id >= 2227170) AND (id <= 2237169))
	              ->  Bitmap Index Scan on sbtest4_pkey  (cost=0.00..254.69 rows=9426 width=0)
	                    Index Cond: ((id >= 2227170) AND (id <= 2237169))

table 5 : explain SELECT DISTINCT c FROM sbtest5 WHERE id BETWEEN 6391742 AND 6401741 ORDER BY c
	Unique  (cost=36327.85..36379.22 rows=10274 width=121)
	  ->  Sort  (cost=36327.85..36353.54 rows=10274 width=121)
	        Sort Key: c
	        ->  Bitmap Heap Scan on sbtest5  (cost=289.74..35643.26 rows=10274 width=121)
	              Recheck Cond: ((id >= 6391742) AND (id <= 6401741))
	              ->  Bitmap Index Scan on sbtest5_pkey  (cost=0.00..287.18 rows=10274 width=0)
	                    Index Cond: ((id >= 6391742) AND (id <= 6401741))

table 6 : explain SELECT DISTINCT c FROM sbtest6 WHERE id BETWEEN 5688671 AND 5698670 ORDER BY c
	Unique  (cost=34903.30..34952.64 rows=9867 width=121)
	  ->  Sort  (cost=34903.30..34927.97 rows=9867 width=121)
	        Sort Key: c
	        ->  Bitmap Heap Scan on sbtest6  (cost=277.57..34248.71 rows=9867 width=121)
	              Recheck Cond: ((id >= 5688671) AND (id <= 5698670))
	              ->  Bitmap Index Scan on sbtest6_pkey  (cost=0.00..275.11 rows=9867 width=0)
	                    Index Cond: ((id >= 5688671) AND (id <= 5698670))

table 7 : explain SELECT DISTINCT c FROM sbtest7 WHERE id BETWEEN 2930611 AND 2940610 ORDER BY c
	Unique  (cost=38683.72..38738.73 rows=11003 width=121)
	  ->  Sort  (cost=38683.72..38711.23 rows=11003 width=121)
	        Sort Key: c
	        ->  Bitmap Heap Scan on sbtest7  (cost=313.22..37945.11 rows=11003 width=121)
	              Recheck Cond: ((id >= 2930611) AND (id <= 2940610))
	              ->  Bitmap Index Scan on sbtest7_pkey  (cost=0.00..310.46 rows=11003 width=0)
	                    Index Cond: ((id >= 2930611) AND (id <= 2940610))

table 8 : explain SELECT DISTINCT c FROM sbtest8 WHERE id BETWEEN 9523674 AND 9533673 ORDER BY c
	Unique  (cost=36433.95..36485.63 rows=10336 width=121)
	  ->  Sort  (cost=36433.95..36459.79 rows=10336 width=121)
	        Sort Key: c
	        ->  Bitmap Heap Scan on sbtest8  (cost=290.38..35744.78 rows=10336 width=121)
	              Recheck Cond: ((id >= 9523674) AND (id <= 9533673))
	              ->  Bitmap Index Scan on sbtest8_pkey  (cost=0.00..287.80 rows=10336 width=0)
	                    Index Cond: ((id >= 9523674) AND (id <= 9533673))

for: order_ranges
table 1 : explain SELECT c FROM sbtest1 WHERE id BETWEEN 6248752 AND 6258751 ORDER BY c
	Sort  (cost=33671.95..33695.77 rows=9529 width=121)
	  Sort Key: c
	  ->  Bitmap Heap Scan on sbtest1  (cost=266.11..33042.17 rows=9529 width=121)
	        Recheck Cond: ((id >= 6248752) AND (id <= 6258751))
	        ->  Bitmap Index Scan on sbtest1_pkey  (cost=0.00..263.73 rows=9529 width=0)
	              Index Cond: ((id >= 6248752) AND (id <= 6258751))

table 2 : explain SELECT c FROM sbtest2 WHERE id BETWEEN 3281583 AND 3291582 ORDER BY c
	Sort  (cost=35182.60..35207.56 rows=9983 width=121)
	  Sort Key: c
	  ->  Bitmap Heap Scan on sbtest2  (cost=274.76..34519.47 rows=9983 width=121)
	        Recheck Cond: ((id >= 3281583) AND (id <= 3291582))
	        ->  Bitmap Index Scan on sbtest2_pkey  (cost=0.00..272.26 rows=9983 width=0)
	              Index Cond: ((id >= 3281583) AND (id <= 3291582))

table 3 : explain SELECT c FROM sbtest3 WHERE id BETWEEN 8417959 AND 8427958 ORDER BY c
	Sort  (cost=35752.46..35777.85 rows=10153 width=121)
	  Sort Key: c
	  ->  Bitmap Heap Scan on sbtest3  (cost=280.50..35076.80 rows=10153 width=121)
	        Recheck Cond: ((id >= 8417959) AND (id <= 8427958))
	        ->  Bitmap Index Scan on sbtest3_pkey  (cost=0.00..277.96 rows=10153 width=0)
	              Index Cond: ((id >= 8417959) AND (id <= 8427958))

table 4 : explain SELECT c FROM sbtest4 WHERE id BETWEEN 3828004 AND 3838003 ORDER BY c
	Sort  (cost=32545.54..32568.45 rows=9164 width=121)
	  Sort Key: c
	  ->  Bitmap Heap Scan on sbtest4  (cost=250.37..31942.47 rows=9164 width=121)
	        Recheck Cond: ((id >= 3828004) AND (id <= 3838003))
	        ->  Bitmap Index Scan on sbtest4_pkey  (cost=0.00..248.07 rows=9164 width=0)
	              Index Cond: ((id >= 3828004) AND (id <= 3838003))

table 5 : explain SELECT c FROM sbtest5 WHERE id BETWEEN 6575558 AND 6585557 ORDER BY c
	Sort  (cost=36806.18..36832.23 rows=10421 width=121)
	  Sort Key: c
	  ->  Bitmap Heap Scan on sbtest5  (cost=295.25..36110.72 rows=10421 width=121)
	        Recheck Cond: ((id >= 6575558) AND (id <= 6585557))
	        ->  Bitmap Index Scan on sbtest5_pkey  (cost=0.00..292.65 rows=10421 width=0)
	              Index Cond: ((id >= 6575558) AND (id <= 6585557))

table 6 : explain SELECT c FROM sbtest6 WHERE id BETWEEN 8028276 AND 8038275 ORDER BY c
	Sort  (cost=36819.04..36845.19 rows=10460 width=121)
	  Sort Key: c
	  ->  Bitmap Heap Scan on sbtest6  (cost=295.65..36120.70 rows=10460 width=121)
	        Recheck Cond: ((id >= 8028276) AND (id <= 8038275))
	        ->  Bitmap Index Scan on sbtest6_pkey  (cost=0.00..293.04 rows=10460 width=0)
	              Index Cond: ((id >= 8028276) AND (id <= 8038275))

table 7 : explain SELECT c FROM sbtest7 WHERE id BETWEEN 2959685 AND 2969684 ORDER BY c
	Sort  (cost=38683.72..38711.23 rows=11003 width=121)
	  Sort Key: c
	  ->  Bitmap Heap Scan on sbtest7  (cost=313.22..37945.11 rows=11003 width=121)
	        Recheck Cond: ((id >= 2959685) AND (id <= 2969684))
	        ->  Bitmap Index Scan on sbtest7_pkey  (cost=0.00..310.46 rows=11003 width=0)
	              Index Cond: ((id >= 2959685) AND (id <= 2969684))

table 8 : explain SELECT c FROM sbtest8 WHERE id BETWEEN 9468988 AND 9478987 ORDER BY c
	Sort  (cost=33690.62..33714.34 rows=9490 width=121)
	  Sort Key: c
	  ->  Bitmap Heap Scan on sbtest8  (cost=265.71..33063.70 rows=9490 width=121)
	        Recheck Cond: ((id >= 9468988) AND (id <= 9478987))
	        ->  Bitmap Index Scan on sbtest8_pkey  (cost=0.00..263.33 rows=9490 width=0)
	              Index Cond: ((id >= 9468988) AND (id <= 9478987))

for point_selects
table 1 : explain SELECT c FROM sbtest1 WHERE id=5559523
	Index Scan using sbtest1_pkey on sbtest1  (cost=0.43..8.45 rows=1 width=121)
	  Index Cond: (id = 5559523)

table 2 : explain SELECT c FROM sbtest2 WHERE id=4663269
	Index Scan using sbtest2_pkey on sbtest2  (cost=0.43..8.45 rows=1 width=121)
	  Index Cond: (id = 4663269)

table 3 : explain SELECT c FROM sbtest3 WHERE id=4602041
	Index Scan using sbtest3_pkey on sbtest3  (cost=0.43..8.45 rows=1 width=121)
	  Index Cond: (id = 4602041)

table 4 : explain SELECT c FROM sbtest4 WHERE id=5887132
	Index Scan using sbtest4_pkey on sbtest4  (cost=0.43..8.45 rows=1 width=121)
	  Index Cond: (id = 5887132)

table 5 : explain SELECT c FROM sbtest5 WHERE id=6298988
	Index Scan using sbtest5_pkey on sbtest5  (cost=0.43..8.45 rows=1 width=121)
	  Index Cond: (id = 6298988)

table 6 : explain SELECT c FROM sbtest6 WHERE id=3294624
	Index Scan using sbtest6_pkey on sbtest6  (cost=0.43..8.45 rows=1 width=121)
	  Index Cond: (id = 3294624)

table 7 : explain SELECT c FROM sbtest7 WHERE id=3725441
	Index Scan using sbtest7_pkey on sbtest7  (cost=0.43..8.45 rows=1 width=121)
	  Index Cond: (id = 3725441)

table 8 : explain SELECT c FROM sbtest8 WHERE id=4152764
	Index Scan using sbtest8_pkey on sbtest8  (cost=0.43..8.45 rows=1 width=121)
	  Index Cond: (id = 4152764)

for: simple_ranges
table 1 : explain SELECT c FROM sbtest1 WHERE id BETWEEN 4455623 AND 4465622
	Bitmap Heap Scan on sbtest1  (cost=272.55..33793.91 rows=9767 width=121)
	  Recheck Cond: ((id >= 4455623) AND (id <= 4465622))
	  ->  Bitmap Index Scan on sbtest1_pkey  (cost=0.00..270.11 rows=9767 width=0)
	        Index Cond: ((id >= 4455623) AND (id <= 4465622))

table 2 : explain SELECT c FROM sbtest2 WHERE id BETWEEN 379073 AND 389072
	Bitmap Heap Scan on sbtest2  (cost=248.67..31399.76 rows=8999 width=121)
	  Recheck Cond: ((id >= 379073) AND (id <= 389072))
	  ->  Bitmap Index Scan on sbtest2_pkey  (cost=0.00..246.43 rows=8999 width=0)
	        Index Cond: ((id >= 379073) AND (id <= 389072))

table 3 : explain SELECT c FROM sbtest3 WHERE id BETWEEN 6484332 AND 6494331
	Bitmap Heap Scan on sbtest3  (cost=281.06..35244.52 rows=10207 width=121)
	  Recheck Cond: ((id >= 6484332) AND (id <= 6494331))
	  ->  Bitmap Index Scan on sbtest3_pkey  (cost=0.00..278.50 rows=10207 width=0)
	        Index Cond: ((id >= 6484332) AND (id <= 6494331))

table 4 : explain SELECT c FROM sbtest4 WHERE id BETWEEN 6682024 AND 6692023
	Bitmap Heap Scan on sbtest4  (cost=243.20..30953.72 rows=8855 width=121)
	  Recheck Cond: ((id >= 6682024) AND (id <= 6692023))
	  ->  Bitmap Index Scan on sbtest4_pkey  (cost=0.00..240.99 rows=8855 width=0)
	        Index Cond: ((id >= 6682024) AND (id <= 6692023))

table 5 : explain SELECT c FROM sbtest5 WHERE id BETWEEN 9948059 AND 9958058
	Bitmap Heap Scan on sbtest5  (cost=270.11..33275.74 rows=9529 width=121)
	  Recheck Cond: ((id >= 9948059) AND (id <= 9958058))
	  ->  Bitmap Index Scan on sbtest5_pkey  (cost=0.00..267.73 rows=9529 width=0)
	        Index Cond: ((id >= 9948059) AND (id <= 9958058))

table 6 : explain SELECT c FROM sbtest6 WHERE id BETWEEN 7758469 AND 7768468
	Bitmap Heap Scan on sbtest6  (cost=246.88..30919.40 rows=8824 width=121)
	  Recheck Cond: ((id >= 7758469) AND (id <= 7768468))
	  ->  Bitmap Index Scan on sbtest6_pkey  (cost=0.00..244.68 rows=8824 width=0)
	        Index Cond: ((id >= 7758469) AND (id <= 7768468))

table 7 : explain SELECT c FROM sbtest7 WHERE id BETWEEN 6264849 AND 6274848
	Bitmap Heap Scan on sbtest7  (cost=300.62..36537.26 rows=10555 width=121)
	  Recheck Cond: ((id >= 6264849) AND (id <= 6274848))
	  ->  Bitmap Index Scan on sbtest7_pkey  (cost=0.00..297.99 rows=10555 width=0)
	        Index Cond: ((id >= 6264849) AND (id <= 6274848))

table 8 : explain SELECT c FROM sbtest8 WHERE id BETWEEN 7122471 AND 7132470
	Bitmap Heap Scan on sbtest8  (cost=252.67..31494.75 rows=8999 width=121)
	  Recheck Cond: ((id >= 7122471) AND (id <= 7132470))
	  ->  Bitmap Index Scan on sbtest8_pkey  (cost=0.00..250.43 rows=8999 width=0)
	        Index Cond: ((id >= 7122471) AND (id <= 7132470))

for: simple_ranges
table 1 : explain SELECT c FROM sbtest1 WHERE id BETWEEN 899000 AND 908999
	Bitmap Heap Scan on sbtest1  (cost=304.76..37513.77 rows=10959 width=121)
	  Recheck Cond: ((id >= 899000) AND (id <= 908999))
	  ->  Bitmap Index Scan on sbtest1_pkey  (cost=0.00..302.03 rows=10959 width=0)
	        Index Cond: ((id >= 899000) AND (id <= 908999))

table 2 : explain SELECT c FROM sbtest2 WHERE id BETWEEN 6356540 AND 6366539
	Bitmap Heap Scan on sbtest2  (cost=293.17..36478.50 rows=10608 width=121)
	  Recheck Cond: ((id >= 6356540) AND (id <= 6366539))
	  ->  Bitmap Index Scan on sbtest2_pkey  (cost=0.00..290.51 rows=10608 width=0)
	        Index Cond: ((id >= 6356540) AND (id <= 6366539))

table 3 : explain SELECT c FROM sbtest3 WHERE id BETWEEN 3347429 AND 3357428
	Bitmap Heap Scan on sbtest3  (cost=274.51..34465.55 rows=9959 width=121)
	  Recheck Cond: ((id >= 3347429) AND (id <= 3357428))
	  ->  Bitmap Index Scan on sbtest3_pkey  (cost=0.00..272.03 rows=9959 width=0)
	        Index Cond: ((id >= 3347429) AND (id <= 3357428))

table 4 : explain SELECT c FROM sbtest4 WHERE id BETWEEN 9740401 AND 9750400
	Bitmap Heap Scan on sbtest4  (cost=268.42..33818.68 rows=9755 width=121)
	  Recheck Cond: ((id >= 9740401) AND (id <= 9750400))
	  ->  Bitmap Index Scan on sbtest4_pkey  (cost=0.00..265.99 rows=9755 width=0)
	        Index Cond: ((id >= 9740401) AND (id <= 9750400))

table 5 : explain SELECT c FROM sbtest5 WHERE id BETWEEN 5201688 AND 5211687
	Bitmap Heap Scan on sbtest5  (cost=302.30..37049.01 rows=10719 width=121)
	  Recheck Cond: ((id >= 5201688) AND (id <= 5211687))
	  ->  Bitmap Index Scan on sbtest5_pkey  (cost=0.00..299.62 rows=10719 width=0)
	        Index Cond: ((id >= 5201688) AND (id <= 5211687))

table 6 : explain SELECT c FROM sbtest6 WHERE id BETWEEN 6193818 AND 6203817
	Bitmap Heap Scan on sbtest6  (cost=278.47..34527.72 rows=9955 width=121)
	  Recheck Cond: ((id >= 6193818) AND (id <= 6203817))
	  ->  Bitmap Index Scan on sbtest6_pkey  (cost=0.00..275.99 rows=9955 width=0)
	        Index Cond: ((id >= 6193818) AND (id <= 6203817))

table 7 : explain SELECT c FROM sbtest7 WHERE id BETWEEN 1504839 AND 1514838
	Bitmap Heap Scan on sbtest7  (cost=250.79..30981.17 rows=8815 width=121)
	  Recheck Cond: ((id >= 1504839) AND (id <= 1514838))
	  ->  Bitmap Index Scan on sbtest7_pkey  (cost=0.00..248.59 rows=8815 width=0)
	        Index Cond: ((id >= 1504839) AND (id <= 1514838))

table 8 : explain SELECT c FROM sbtest8 WHERE id BETWEEN 2885048 AND 2895047
	Bitmap Heap Scan on sbtest8  (cost=296.73..36464.85 rows=10565 width=121)
	  Recheck Cond: ((id >= 2885048) AND (id <= 2895047))
	  ->  Bitmap Index Scan on sbtest8_pkey  (cost=0.00..294.08 rows=10565 width=0)
	        Index Cond: ((id >= 2885048) AND (id <= 2895047))

for: order_ranges
table 1 : explain SELECT c FROM sbtest1 WHERE id BETWEEN 6665441 AND 6675440 ORDER BY c
	Sort  (cost=34427.93..34452.34 rows=9763 width=121)
	  Sort Key: c
	  ->  Bitmap Heap Scan on sbtest1  (cost=272.51..33780.98 rows=9763 width=121)
	        Recheck Cond: ((id >= 6665441) AND (id <= 6675440))
	        ->  Bitmap Index Scan on sbtest1_pkey  (cost=0.00..270.06 rows=9763 width=0)
	              Index Cond: ((id >= 6665441) AND (id <= 6675440))

table 2 : explain SELECT c FROM sbtest2 WHERE id BETWEEN 3251290 AND 3261289 ORDER BY c
	Sort  (cost=37069.51..37095.94 rows=10570 width=121)
	  Sort Key: c
	  ->  Bitmap Heap Scan on sbtest2  (cost=292.78..36363.03 rows=10570 width=121)
	        Recheck Cond: ((id >= 3251290) AND (id <= 3261289))
	        ->  Bitmap Index Scan on sbtest2_pkey  (cost=0.00..290.13 rows=10570 width=0)
	              Index Cond: ((id >= 3251290) AND (id <= 3261289))

table 3 : explain SELECT c FROM sbtest3 WHERE id BETWEEN 7451881 AND 7461880 ORDER BY c
	Sort  (cost=38485.74..38513.26 rows=11009 width=121)
	  Sort Key: c
	  ->  Bitmap Heap Scan on sbtest3  (cost=301.28..37746.68 rows=11009 width=121)
	        Recheck Cond: ((id >= 7451881) AND (id <= 7461880))
	        ->  Bitmap Index Scan on sbtest3_pkey  (cost=0.00..298.53 rows=11009 width=0)
	              Index Cond: ((id >= 7451881) AND (id <= 7461880))

table 4 : explain SELECT c FROM sbtest4 WHERE id BETWEEN 7055243 AND 7065242 ORDER BY c
	Sort  (cost=34693.83..34718.39 rows=9826 width=121)
	  Sort Key: c
	  ->  Bitmap Heap Scan on sbtest4  (cost=269.15..34042.25 rows=9826 width=121)
	        Recheck Cond: ((id >= 7055243) AND (id <= 7065242))
	        ->  Bitmap Index Scan on sbtest4_pkey  (cost=0.00..266.69 rows=9826 width=0)
	              Index Cond: ((id >= 7055243) AND (id <= 7065242))

table 5 : explain SELECT c FROM sbtest5 WHERE id BETWEEN 4479593 AND 4489592 ORDER BY c
	Sort  (cost=35825.39..35850.69 rows=10119 width=121)
	  Sort Key: c
	  ->  Bitmap Heap Scan on sbtest5  (cost=284.15..35152.23 rows=10119 width=121)
	        Recheck Cond: ((id >= 4479593) AND (id <= 4489592))
	        ->  Bitmap Index Scan on sbtest5_pkey  (cost=0.00..281.62 rows=10119 width=0)
	              Index Cond: ((id >= 4479593) AND (id <= 4489592))

table 6 : explain SELECT c FROM sbtest6 WHERE id BETWEEN 7931996 AND 7941995 ORDER BY c
	Sort  (cost=33563.37..33587.00 rows=9455 width=121)
	  Sort Key: c
	  ->  Bitmap Heap Scan on sbtest6  (cost=265.35..32939.01 rows=9455 width=121)
	        Recheck Cond: ((id >= 7931996) AND (id <= 7941995))
	        ->  Bitmap Index Scan on sbtest6_pkey  (cost=0.00..262.99 rows=9455 width=0)
	              Index Cond: ((id >= 7931996) AND (id <= 7941995))

table 7 : explain SELECT c FROM sbtest7 WHERE id BETWEEN 4026347 AND 4036346 ORDER BY c
	Sort  (cost=34489.74..34514.00 rows=9707 width=121)
	  Sort Key: c
	  ->  Bitmap Heap Scan on sbtest7  (cost=275.93..33846.90 rows=9707 width=121)
	        Recheck Cond: ((id >= 4026347) AND (id <= 4036346))
	        ->  Bitmap Index Scan on sbtest7_pkey  (cost=0.00..273.50 rows=9707 width=0)
	              Index Cond: ((id >= 4026347) AND (id <= 4036346))

table 8 : explain SELECT c FROM sbtest8 WHERE id BETWEEN 7322012 AND 7332011 ORDER BY c
	Sort  (cost=37932.49..37959.50 rows=10803 width=121)
	  Sort Key: c
	  ->  Bitmap Heap Scan on sbtest8  (cost=303.17..37208.74 rows=10803 width=121)
	        Recheck Cond: ((id >= 7322012) AND (id <= 7332011))
	        ->  Bitmap Index Scan on sbtest8_pkey  (cost=0.00..300.46 rows=10803 width=0)
	              Index Cond: ((id >= 7322012) AND (id <= 7332011))

for: order_ranges
table 1 : explain SELECT c FROM sbtest1 WHERE id BETWEEN 3880805 AND 3890804 ORDER BY c
	Sort  (cost=35086.23..35111.15 rows=9968 width=121)
	  Sort Key: c
	  ->  Bitmap Heap Scan on sbtest1  (cost=278.61..34424.20 rows=9968 width=121)
	        Recheck Cond: ((id >= 3880805) AND (id <= 3890804))
	        ->  Bitmap Index Scan on sbtest1_pkey  (cost=0.00..276.12 rows=9968 width=0)
	              Index Cond: ((id >= 3880805) AND (id <= 3890804))

table 2 : explain SELECT c FROM sbtest2 WHERE id BETWEEN 8122081 AND 8132080 ORDER BY c
	Sort  (cost=32983.02..33006.27 rows=9303 width=121)
	  Sort Key: c
	  ->  Bitmap Heap Scan on sbtest2  (cost=255.79..32369.79 rows=9303 width=121)
	        Recheck Cond: ((id >= 8122081) AND (id <= 8132080))
	        ->  Bitmap Index Scan on sbtest2_pkey  (cost=0.00..253.47 rows=9303 width=0)
	              Index Cond: ((id >= 8122081) AND (id <= 8132080))

table 3 : explain SELECT c FROM sbtest3 WHERE id BETWEEN 176274 AND 186273 ORDER BY c
	Sort  (cost=39234.51..39262.63 rows=11245 width=121)
	  Sort Key: c
	  ->  Bitmap Heap Scan on sbtest3  (cost=307.70..38477.89 rows=11245 width=121)
	        Recheck Cond: ((id >= 176274) AND (id <= 186273))
	        ->  Bitmap Index Scan on sbtest3_pkey  (cost=0.00..304.88 rows=11245 width=0)
	              Index Cond: ((id >= 176274) AND (id <= 186273))

table 4 : explain SELECT c FROM sbtest4 WHERE id BETWEEN 3125654 AND 3135653 ORDER BY c
	Sort  (cost=35561.57..35586.81 rows=10095 width=121)
	  Sort Key: c
	  ->  Bitmap Heap Scan on sbtest4  (cost=275.91..34890.19 rows=10095 width=121)
	        Recheck Cond: ((id >= 3125654) AND (id <= 3135653))
	        ->  Bitmap Index Scan on sbtest4_pkey  (cost=0.00..273.38 rows=10095 width=0)
	              Index Cond: ((id >= 3125654) AND (id <= 3135653))

table 5 : explain SELECT c FROM sbtest5 WHERE id BETWEEN 8392805 AND 8402804 ORDER BY c
	Sort  (cost=35812.10..35837.39 rows=10115 width=121)
	  Sort Key: c
	  ->  Bitmap Heap Scan on sbtest5  (cost=284.11..35139.24 rows=10115 width=121)
	        Recheck Cond: ((id >= 8392805) AND (id <= 8402804))
	        ->  Bitmap Index Scan on sbtest5_pkey  (cost=0.00..281.58 rows=10115 width=0)
	              Index Cond: ((id >= 8392805) AND (id <= 8402804))

table 6 : explain SELECT c FROM sbtest6 WHERE id BETWEEN 5478560 AND 5488559 ORDER BY c
	Sort  (cost=36577.39..36603.35 rows=10386 width=121)
	  Sort Key: c
	  ->  Bitmap Heap Scan on sbtest6  (cost=290.89..35884.52 rows=10386 width=121)
	        Recheck Cond: ((id >= 5478560) AND (id <= 5488559))
	        ->  Bitmap Index Scan on sbtest6_pkey  (cost=0.00..288.30 rows=10386 width=0)
	              Index Cond: ((id >= 5478560) AND (id <= 5488559))

table 7 : explain SELECT c FROM sbtest7 WHERE id BETWEEN 4728429 AND 4738428 ORDER BY c
	Sort  (cost=37921.16..37948.07 rows=10766 width=121)
	  Sort Key: c
	  ->  Bitmap Heap Scan on sbtest7  (cost=306.79..37200.15 rows=10766 width=121)
	        Recheck Cond: ((id >= 4728429) AND (id <= 4738428))
	        ->  Bitmap Index Scan on sbtest7_pkey  (cost=0.00..304.09 rows=10766 width=0)
	              Index Cond: ((id >= 4728429) AND (id <= 4738428))

table 8 : explain SELECT c FROM sbtest8 WHERE id BETWEEN 2445152 AND 2455151 ORDER BY c
	Sort  (cost=33493.58..33517.15 rows=9429 width=121)
	  Sort Key: c
	  ->  Bitmap Heap Scan on sbtest8  (cost=265.08..32871.13 rows=9429 width=121)
	        Recheck Cond: ((id >= 2445152) AND (id <= 2455151))
	        ->  Bitmap Index Scan on sbtest8_pkey  (cost=0.00..262.73 rows=9429 width=0)
	              Index Cond: ((id >= 2445152) AND (id <= 2455151))

for: sum_ranges
table 1 : explain SELECT SUM(k) FROM sbtest1 WHERE id BETWEEN 7994759 AND 8004758
	Aggregate  (cost=36604.43..36604.44 rows=1 width=8)
	  ->  Bitmap Heap Scan on sbtest1  (cost=297.67..36577.79 rows=10657 width=4)
	        Recheck Cond: ((id >= 7994759) AND (id <= 8004758))
	        ->  Bitmap Index Scan on sbtest1_pkey  (cost=0.00..295.00 rows=10657 width=0)
	              Index Cond: ((id >= 7994759) AND (id <= 8004758))

table 2 : explain SELECT SUM(k) FROM sbtest2 WHERE id BETWEEN 9152536 AND 9162535
	Aggregate  (cost=36216.04..36216.05 rows=1 width=8)
	  ->  Bitmap Heap Scan on sbtest2  (cost=292.20..36189.76 rows=10514 width=4)
	        Recheck Cond: ((id >= 9152536) AND (id <= 9162535))
	        ->  Bitmap Index Scan on sbtest2_pkey  (cost=0.00..289.57 rows=10514 width=0)
	              Index Cond: ((id >= 9152536) AND (id <= 9162535))

table 3 : explain SELECT SUM(k) FROM sbtest3 WHERE id BETWEEN 5367300 AND 5377299
	Aggregate  (cost=34133.42..34133.43 rows=1 width=8)
	  ->  Bitmap Heap Scan on sbtest3  (cost=269.36..34108.80 rows=9846 width=4)
	        Recheck Cond: ((id >= 5367300) AND (id <= 5377299))
	        ->  Bitmap Index Scan on sbtest3_pkey  (cost=0.00..266.90 rows=9846 width=0)
	              Index Cond: ((id >= 5367300) AND (id <= 5377299))

table 4 : explain SELECT SUM(k) FROM sbtest4 WHERE id BETWEEN 3764764 AND 3774763
	Aggregate  (cost=34011.69..34011.70 rows=1 width=8)
	  ->  Bitmap Heap Scan on sbtest4  (cost=268.97..33987.17 rows=9808 width=4)
	        Recheck Cond: ((id >= 3764764) AND (id <= 3774763))
	        ->  Bitmap Index Scan on sbtest4_pkey  (cost=0.00..266.51 rows=9808 width=0)
	              Index Cond: ((id >= 3764764) AND (id <= 3774763))

table 5 : explain SELECT SUM(k) FROM sbtest5 WHERE id BETWEEN 120102 AND 130101
	Aggregate  (cost=37082.27..37082.28 rows=1 width=8)
	  ->  Bitmap Heap Scan on sbtest5  (cost=302.33..37055.46 rows=10721 width=4)
	        Recheck Cond: ((id >= 120102) AND (id <= 130101))
	        ->  Bitmap Index Scan on sbtest5_pkey  (cost=0.00..299.65 rows=10721 width=0)
	              Index Cond: ((id >= 120102) AND (id <= 130101))

table 6 : explain SELECT SUM(k) FROM sbtest6 WHERE id BETWEEN 7527647 AND 7537646
	Aggregate  (cost=32815.67..32815.68 rows=1 width=8)
	  ->  Bitmap Heap Scan on sbtest6  (cost=264.87..32792.15 rows=9408 width=4)
	        Recheck Cond: ((id >= 7527647) AND (id <= 7537646))
	        ->  Bitmap Index Scan on sbtest6_pkey  (cost=0.00..262.51 rows=9408 width=0)
	              Index Cond: ((id >= 7527647) AND (id <= 7537646))

table 7 : explain SELECT SUM(k) FROM sbtest7 WHERE id BETWEEN 2640775 AND 2650774
	Aggregate  (cost=35785.11..35785.12 rows=1 width=8)
	  ->  Bitmap Heap Scan on sbtest7  (cost=294.10..35759.34 rows=10309 width=4)
	        Recheck Cond: ((id >= 2640775) AND (id <= 2650774))
	        ->  Bitmap Index Scan on sbtest7_pkey  (cost=0.00..291.53 rows=10309 width=0)
	              Index Cond: ((id >= 2640775) AND (id <= 2650774))

table 8 : explain SELECT SUM(k) FROM sbtest8 WHERE id BETWEEN 1416366 AND 1426365
	Aggregate  (cost=33557.93..33557.94 rows=1 width=8)
	  ->  Bitmap Heap Scan on sbtest8  (cost=271.21..33533.83 rows=9637 width=4)
	        Recheck Cond: ((id >= 1416366) AND (id <= 1426365))
	        ->  Bitmap Index Scan on sbtest8_pkey  (cost=0.00..268.81 rows=9637 width=0)
	              Index Cond: ((id >= 1416366) AND (id <= 1426365))

for: simple_ranges
table 1 : explain SELECT c FROM sbtest1 WHERE id BETWEEN 4656553 AND 4666552
	Bitmap Heap Scan on sbtest1  (cost=297.79..36612.97 rows=10669 width=121)
	  Recheck Cond: ((id >= 4656553) AND (id <= 4666552))
	  ->  Bitmap Index Scan on sbtest1_pkey  (cost=0.00..295.12 rows=10669 width=0)
	        Index Cond: ((id >= 4656553) AND (id <= 4666552))

table 2 : explain SELECT c FROM sbtest2 WHERE id BETWEEN 4892110 AND 4902109
	Bitmap Heap Scan on sbtest2  (cost=274.10..34319.11 rows=9919 width=121)
	  Recheck Cond: ((id >= 4892110) AND (id <= 4902109))
	  ->  Bitmap Index Scan on sbtest2_pkey  (cost=0.00..271.62 rows=9919 width=0)
	        Index Cond: ((id >= 4892110) AND (id <= 4902109))

table 3 : explain SELECT c FROM sbtest3 WHERE id BETWEEN 5500125 AND 5510124
	Bitmap Heap Scan on sbtest3  (cost=274.81..34556.08 rows=9988 width=121)
	  Recheck Cond: ((id >= 5500125) AND (id <= 5510124))
	  ->  Bitmap Index Scan on sbtest3_pkey  (cost=0.00..272.31 rows=9988 width=0)
	        Index Cond: ((id >= 5500125) AND (id <= 5510124))

table 4 : explain SELECT c FROM sbtest4 WHERE id BETWEEN 9115150 AND 9125149
	Bitmap Heap Scan on sbtest4  (cost=269.27..34081.10 rows=9838 width=121)
	  Recheck Cond: ((id >= 9115150) AND (id <= 9125149))
	  ->  Bitmap Index Scan on sbtest4_pkey  (cost=0.00..266.81 rows=9838 width=0)
	        Index Cond: ((id >= 9115150) AND (id <= 9125149))

table 5 : explain SELECT c FROM sbtest5 WHERE id BETWEEN 8755480 AND 8765479
	Bitmap Heap Scan on sbtest5  (cost=276.48..34011.74 rows=9760 width=121)
	  Recheck Cond: ((id >= 8755480) AND (id <= 8765479))
	  ->  Bitmap Index Scan on sbtest5_pkey  (cost=0.00..274.04 rows=9760 width=0)
	        Index Cond: ((id >= 8755480) AND (id <= 8765479))

table 6 : explain SELECT c FROM sbtest6 WHERE id BETWEEN 4597975 AND 4607974
	Bitmap Heap Scan on sbtest6  (cost=270.92..33428.64 rows=9608 width=121)
	  Recheck Cond: ((id >= 4597975) AND (id <= 4607974))
	  ->  Bitmap Index Scan on sbtest6_pkey  (cost=0.00..268.51 rows=9608 width=0)
	        Index Cond: ((id >= 4597975) AND (id <= 4607974))

table 7 : explain SELECT c FROM sbtest7 WHERE id BETWEEN 2506934 AND 2516933
	Bitmap Heap Scan on sbtest7  (cost=294.51..35885.77 rows=10349 width=121)
	  Recheck Cond: ((id >= 2506934) AND (id <= 2516933))
	  ->  Bitmap Index Scan on sbtest7_pkey  (cost=0.00..291.93 rows=10349 width=0)
	        Index Cond: ((id >= 2506934) AND (id <= 2516933))

table 8 : explain SELECT c FROM sbtest8 WHERE id BETWEEN 651727 AND 661726
	Bitmap Heap Scan on sbtest8  (cost=247.38..31086.72 rows=8873 width=121)
	  Recheck Cond: ((id >= 651727) AND (id <= 661726))
	  ->  Bitmap Index Scan on sbtest8_pkey  (cost=0.00..245.17 rows=8873 width=0)
	        Index Cond: ((id >= 651727) AND (id <= 661726))

for: distinct_ranges
table 1 : explain SELECT DISTINCT c FROM sbtest1 WHERE id BETWEEN 8028605 AND 8038604 ORDER BY c
	Unique  (cost=33867.62..33915.57 rows=9590 width=121)
	  ->  Sort  (cost=33867.62..33891.59 rows=9590 width=121)
	        Sort Key: c
	        ->  Bitmap Heap Scan on sbtest1  (cost=266.73..33233.37 rows=9590 width=121)
	              Recheck Cond: ((id >= 8028605) AND (id <= 8038604))
	              ->  Bitmap Index Scan on sbtest1_pkey  (cost=0.00..264.33 rows=9590 width=0)
	                    Index Cond: ((id >= 8028605) AND (id <= 8038604))

table 2 : explain SELECT DISTINCT c FROM sbtest2 WHERE id BETWEEN 9371707 AND 9381706 ORDER BY c
	Unique  (cost=35470.73..35521.08 rows=10071 width=121)
	  ->  Sort  (cost=35470.73..35495.90 rows=10071 width=121)
	        Sort Key: c
	        ->  Bitmap Heap Scan on sbtest2  (cost=279.66..34801.11 rows=10071 width=121)
	              Recheck Cond: ((id >= 9371707) AND (id <= 9381706))
	              ->  Bitmap Index Scan on sbtest2_pkey  (cost=0.00..277.15 rows=10071 width=0)
	                    Index Cond: ((id >= 9371707) AND (id <= 9381706))

table 3 : explain SELECT DISTINCT c FROM sbtest3 WHERE id BETWEEN 3716247 AND 3726246 ORDER BY c
	Unique  (cost=37912.04..37966.19 rows=10829 width=121)
	  ->  Sort  (cost=37912.04..37939.12 rows=10829 width=121)
	        Sort Key: c
	        ->  Bitmap Heap Scan on sbtest3  (cost=295.43..37186.36 rows=10829 width=121)
	              Recheck Cond: ((id >= 3716247) AND (id <= 3726246))
	              ->  Bitmap Index Scan on sbtest3_pkey  (cost=0.00..292.73 rows=10829 width=0)
	                    Index Cond: ((id >= 3716247) AND (id <= 3726246))

table 4 : explain SELECT DISTINCT c FROM sbtest4 WHERE id BETWEEN 9984909 AND 9994908 ORDER BY c
	Unique  (cost=38004.99..38059.28 rows=10859 width=121)
	  ->  Sort  (cost=38004.99..38032.14 rows=10859 width=121)
	        Sort Key: c
	        ->  Bitmap Heap Scan on sbtest4  (cost=295.74..37277.08 rows=10859 width=121)
	              Recheck Cond: ((id >= 9984909) AND (id <= 9994908))
	              ->  Bitmap Index Scan on sbtest4_pkey  (cost=0.00..293.03 rows=10859 width=0)
	                    Index Cond: ((id >= 9984909) AND (id <= 9994908))

table 5 : explain SELECT DISTINCT c FROM sbtest5 WHERE id BETWEEN 1687488 AND 1697487 ORDER BY c
	Unique  (cost=34096.30..34144.24 rows=9588 width=121)
	  ->  Sort  (cost=34096.30..34120.27 rows=9588 width=121)
	        Sort Key: c
	        ->  Bitmap Heap Scan on sbtest5  (cost=270.71..33462.20 rows=9588 width=121)
	              Recheck Cond: ((id >= 1687488) AND (id <= 1697487))
	              ->  Bitmap Index Scan on sbtest5_pkey  (cost=0.00..268.31 rows=9588 width=0)
	                    Index Cond: ((id >= 1687488) AND (id <= 1697487))

table 6 : explain SELECT DISTINCT c FROM sbtest6 WHERE id BETWEEN 504918 AND 514917 ORDER BY c
	Unique  (cost=35908.74..35959.63 rows=10178 width=121)
	  ->  Sort  (cost=35908.74..35934.18 rows=10178 width=121)
	        Sort Key: c
	        ->  Bitmap Heap Scan on sbtest6  (cost=284.76..35231.23 rows=10178 width=121)
	              Recheck Cond: ((id >= 504918) AND (id <= 514917))
	              ->  Bitmap Index Scan on sbtest6_pkey  (cost=0.00..282.21 rows=10178 width=0)
	                    Index Cond: ((id >= 504918) AND (id <= 514917))

table 7 : explain SELECT DISTINCT c FROM sbtest7 WHERE id BETWEEN 2686008 AND 2696007 ORDER BY c
	Unique  (cost=36446.51..36498.06 rows=10309 width=121)
	  ->  Sort  (cost=36446.51..36472.29 rows=10309 width=121)
	        Sort Key: c
	        ->  Bitmap Heap Scan on sbtest7  (cost=294.10..35759.34 rows=10309 width=121)
	              Recheck Cond: ((id >= 2686008) AND (id <= 2696007))
	              ->  Bitmap Index Scan on sbtest7_pkey  (cost=0.00..291.53 rows=10309 width=0)
	                    Index Cond: ((id >= 2686008) AND (id <= 2696007))

table 8 : explain SELECT DISTINCT c FROM sbtest8 WHERE id BETWEEN 6199061 AND 6209060 ORDER BY c
	Unique  (cost=33325.89..33372.79 rows=9379 width=121)
	  ->  Sort  (cost=33325.89..33349.34 rows=9379 width=121)
	        Sort Key: c
	        ->  Bitmap Heap Scan on sbtest8  (cost=260.57..32707.10 rows=9379 width=121)
	              Recheck Cond: ((id >= 6199061) AND (id <= 6209060))
	              ->  Bitmap Index Scan on sbtest8_pkey  (cost=0.00..258.23 rows=9379 width=0)
	                    Index Cond: ((id >= 6199061) AND (id <= 6209060))

for: distinct_ranges
table 1 : explain SELECT DISTINCT c FROM sbtest1 WHERE id BETWEEN 4692203 AND 4702202 ORDER BY c
	Unique  (cost=33549.19..33596.65 rows=9491 width=121)
	  ->  Sort  (cost=33549.19..33572.92 rows=9491 width=121)
	        Sort Key: c
	        ->  Bitmap Heap Scan on sbtest1  (cost=265.72..32922.20 rows=9491 width=121)
	              Recheck Cond: ((id >= 4692203) AND (id <= 4702202))
	              ->  Bitmap Index Scan on sbtest1_pkey  (cost=0.00..263.34 rows=9491 width=0)
	                    Index Cond: ((id >= 4692203) AND (id <= 4702202))

table 2 : explain SELECT DISTINCT c FROM sbtest2 WHERE id BETWEEN 6351455 AND 6361454 ORDER BY c
	Unique  (cost=37187.80..37240.84 rows=10608 width=121)
	  ->  Sort  (cost=37187.80..37214.32 rows=10608 width=121)
	        Sort Key: c
	        ->  Bitmap Heap Scan on sbtest2  (cost=293.17..36478.50 rows=10608 width=121)
	              Recheck Cond: ((id >= 6351455) AND (id <= 6361454))
	              ->  Bitmap Index Scan on sbtest2_pkey  (cost=0.00..290.51 rows=10608 width=0)
	                    Index Cond: ((id >= 6351455) AND (id <= 6361454))

table 3 : explain SELECT DISTINCT c FROM sbtest3 WHERE id BETWEEN 2283180 AND 2293179 ORDER BY c
	Unique  (cost=35242.72..35292.70 rows=9995 width=121)
	  ->  Sort  (cost=35242.72..35267.71 rows=9995 width=121)
	        Sort Key: c
	        ->  Bitmap Heap Scan on sbtest3  (cost=274.88..34578.70 rows=9995 width=121)
	              Recheck Cond: ((id >= 2283180) AND (id <= 2293179))
	              ->  Bitmap Index Scan on sbtest3_pkey  (cost=0.00..272.38 rows=9995 width=0)
	                    Index Cond: ((id >= 2283180) AND (id <= 2293179))

table 4 : explain SELECT DISTINCT c FROM sbtest4 WHERE id BETWEEN 2329407 AND 2339406 ORDER BY c
	Unique  (cost=34099.15..34147.36 rows=9642 width=121)
	  ->  Sort  (cost=34099.15..34123.26 rows=9642 width=121)
	        Sort Key: c
	        ->  Bitmap Heap Scan on sbtest4  (cost=263.27..33461.09 rows=9642 width=121)
	              Recheck Cond: ((id >= 2329407) AND (id <= 2339406))
	              ->  Bitmap Index Scan on sbtest4_pkey  (cost=0.00..260.86 rows=9642 width=0)
	                    Index Cond: ((id >= 2329407) AND (id <= 2339406))

table 5 : explain SELECT DISTINCT c FROM sbtest5 WHERE id BETWEEN 828869 AND 838868 ORDER BY c
	Unique  (cost=32360.14..32405.43 rows=9058 width=121)
	  ->  Sort  (cost=32360.14..32382.79 rows=9058 width=121)
	        Sort Key: c
	        ->  Bitmap Heap Scan on sbtest5  (cost=257.28..31764.81 rows=9058 width=121)
	              Recheck Cond: ((id >= 828869) AND (id <= 838868))
	              ->  Bitmap Index Scan on sbtest5_pkey  (cost=0.00..255.01 rows=9058 width=0)
	                    Index Cond: ((id >= 828869) AND (id <= 838868))

table 6 : explain SELECT DISTINCT c FROM sbtest6 WHERE id BETWEEN 7699426 AND 7709425 ORDER BY c
	Unique  (cost=36498.09..36549.90 rows=10361 width=121)
	  ->  Sort  (cost=36498.09..36523.99 rows=10361 width=121)
	        Sort Key: c
	        ->  Bitmap Heap Scan on sbtest6  (cost=290.64..35807.07 rows=10361 width=121)
	              Recheck Cond: ((id >= 7699426) AND (id <= 7709425))
	              ->  Bitmap Index Scan on sbtest6_pkey  (cost=0.00..288.05 rows=10361 width=0)
	                    Index Cond: ((id >= 7699426) AND (id <= 7709425))

table 7 : explain SELECT DISTINCT c FROM sbtest7 WHERE id BETWEEN 2181251 AND 2191250 ORDER BY c
	Unique  (cost=33202.55..33249.12 rows=9314 width=121)
	  ->  Sort  (cost=33202.55..33225.84 rows=9314 width=121)
	        Sort Key: c
	        ->  Bitmap Heap Scan on sbtest7  (cost=263.90..32588.52 rows=9314 width=121)
	              Recheck Cond: ((id >= 2181251) AND (id <= 2191250))
	              ->  Bitmap Index Scan on sbtest7_pkey  (cost=0.00..261.57 rows=9314 width=0)
	                    Index Cond: ((id >= 2181251) AND (id <= 2191250))

table 8 : explain SELECT DISTINCT c FROM sbtest8 WHERE id BETWEEN 9206191 AND 9216190 ORDER BY c
	Unique  (cost=33517.04..33564.22 rows=9437 width=121)
	  ->  Sort  (cost=33517.04..33540.63 rows=9437 width=121)
	        Sort Key: c
	        ->  Bitmap Heap Scan on sbtest8  (cost=265.16..32894.00 rows=9437 width=121)
	              Recheck Cond: ((id >= 9206191) AND (id <= 9216190))
	              ->  Bitmap Index Scan on sbtest8_pkey  (cost=0.00..262.81 rows=9437 width=0)
	                    Index Cond: ((id >= 9206191) AND (id <= 9216190))

for: sum_ranges
table 1 : explain SELECT SUM(k) FROM sbtest1 WHERE id BETWEEN 3941832 AND 3951831
	Aggregate  (cost=34449.12..34449.13 rows=1 width=8)
	  ->  Bitmap Heap Scan on sbtest1  (cost=278.61..34424.20 rows=9968 width=4)
	        Recheck Cond: ((id >= 3941832) AND (id <= 3951831))
	        ->  Bitmap Index Scan on sbtest1_pkey  (cost=0.00..276.12 rows=9968 width=0)
	              Index Cond: ((id >= 3941832) AND (id <= 3951831))

table 2 : explain SELECT SUM(k) FROM sbtest2 WHERE id BETWEEN 4649837 AND 4659836
	Aggregate  (cost=37325.99..37326.00 rows=1 width=8)
	  ->  Bitmap Heap Scan on sbtest2  (cost=299.86..37298.81 rows=10871 width=4)
	        Recheck Cond: ((id >= 4649837) AND (id <= 4659836))
	        ->  Bitmap Index Scan on sbtest2_pkey  (cost=0.00..297.15 rows=10871 width=0)
	              Index Cond: ((id >= 4649837) AND (id <= 4659836))

table 3 : explain SELECT SUM(k) FROM sbtest3 WHERE id BETWEEN 1670598 AND 1680597
	Aggregate  (cost=33148.84..33148.85 rows=1 width=8)
	  ->  Bitmap Heap Scan on sbtest3  (cost=262.17..33125.00 rows=9535 width=4)
	        Recheck Cond: ((id >= 1670598) AND (id <= 1680597))
	        ->  Bitmap Index Scan on sbtest3_pkey  (cost=0.00..259.79 rows=9535 width=0)
	              Index Cond: ((id >= 1670598) AND (id <= 1680597))

table 4 : explain SELECT SUM(k) FROM sbtest4 WHERE id BETWEEN 2625894 AND 2635893
	Aggregate  (cost=32184.97..32184.98 rows=1 width=8)
	  ->  Bitmap Heap Scan on sbtest4  (cost=255.06..32161.89 rows=9232 width=4)
	        Recheck Cond: ((id >= 2625894) AND (id <= 2635893))
	        ->  Bitmap Index Scan on sbtest4_pkey  (cost=0.00..252.75 rows=9232 width=0)
	              Index Cond: ((id >= 2625894) AND (id <= 2635893))

table 5 : explain SELECT SUM(k) FROM sbtest5 WHERE id BETWEEN 6610632 AND 6620631
	Aggregate  (cost=36136.78..36136.79 rows=1 width=8)
	  ->  Bitmap Heap Scan on sbtest5  (cost=295.25..36110.72 rows=10421 width=4)
	        Recheck Cond: ((id >= 6610632) AND (id <= 6620631))
	        ->  Bitmap Index Scan on sbtest5_pkey  (cost=0.00..292.65 rows=10421 width=0)
	              Index Cond: ((id >= 6610632) AND (id <= 6620631))

table 6 : explain SELECT SUM(k) FROM sbtest6 WHERE id BETWEEN 1848682 AND 1858681
	Aggregate  (cost=36208.12..36208.13 rows=1 width=8)
	  ->  Bitmap Heap Scan on sbtest6  (cost=295.84..36181.93 rows=10479 width=4)
	        Recheck Cond: ((id >= 1848682) AND (id <= 1858681))
	        ->  Bitmap Index Scan on sbtest6_pkey  (cost=0.00..293.23 rows=10479 width=0)
	              Index Cond: ((id >= 1848682) AND (id <= 1858681))

table 7 : explain SELECT SUM(k) FROM sbtest7 WHERE id BETWEEN 797932 AND 807931
	Aggregate  (cost=32532.98..32532.99 rows=1 width=8)
	  ->  Bitmap Heap Scan on sbtest7  (cost=263.65..32509.76 rows=9289 width=4)
	        Recheck Cond: ((id >= 797932) AND (id <= 807931))
	        ->  Bitmap Index Scan on sbtest7_pkey  (cost=0.00..261.32 rows=9289 width=0)
	              Index Cond: ((id >= 797932) AND (id <= 807931))

table 8 : explain SELECT SUM(k) FROM sbtest8 WHERE id BETWEEN 3582274 AND 3592273
	Aggregate  (cost=34265.03..34265.04 rows=1 width=8)
	  ->  Bitmap Heap Scan on sbtest8  (cost=277.50..34240.38 rows=9860 width=4)
	        Recheck Cond: ((id >= 3582274) AND (id <= 3592273))
	        ->  Bitmap Index Scan on sbtest8_pkey  (cost=0.00..275.04 rows=9860 width=0)
	              Index Cond: ((id >= 3582274) AND (id <= 3592273))

for: distinct_ranges
table 1 : explain SELECT DISTINCT c FROM sbtest1 WHERE id BETWEEN 2527613 AND 2537612 ORDER BY c
	Unique  (cost=33907.36..33955.37 rows=9602 width=121)
	  ->  Sort  (cost=33907.36..33931.36 rows=9602 width=121)
	        Sort Key: c
	        ->  Bitmap Heap Scan on sbtest1  (cost=266.86..33272.23 rows=9602 width=121)
	              Recheck Cond: ((id >= 2527613) AND (id <= 2537612))
	              ->  Bitmap Index Scan on sbtest1_pkey  (cost=0.00..264.45 rows=9602 width=0)
	                    Index Cond: ((id >= 2527613) AND (id <= 2537612))

table 2 : explain SELECT DISTINCT c FROM sbtest2 WHERE id BETWEEN 2221121 AND 2231120 ORDER BY c
	Unique  (cost=34483.37..34532.20 rows=9766 width=121)
	  ->  Sort  (cost=34483.37..34507.78 rows=9766 width=121)
	        Sort Key: c
	        ->  Bitmap Heap Scan on sbtest2  (cost=268.54..33836.19 rows=9766 width=121)
	              Recheck Cond: ((id >= 2221121) AND (id <= 2231120))
	              ->  Bitmap Index Scan on sbtest2_pkey  (cost=0.00..266.09 rows=9766 width=0)
	                    Index Cond: ((id >= 2221121) AND (id <= 2231120))

table 3 : explain SELECT DISTINCT c FROM sbtest3 WHERE id BETWEEN 8293680 AND 8303679 ORDER BY c
	Unique  (cost=37291.89..37345.05 rows=10633 width=121)
	  ->  Sort  (cost=37291.89..37318.47 rows=10633 width=121)
	        Sort Key: c
	        ->  Bitmap Heap Scan on sbtest3  (cost=293.42..36580.74 rows=10633 width=121)
	              Recheck Cond: ((id >= 8293680) AND (id <= 8303679))
	              ->  Bitmap Index Scan on sbtest3_pkey  (cost=0.00..290.76 rows=10633 width=0)
	                    Index Cond: ((id >= 8293680) AND (id <= 8303679))

table 4 : explain SELECT DISTINCT c FROM sbtest4 WHERE id BETWEEN 9546730 AND 9556729 ORDER BY c
	Unique  (cost=34352.23..34400.83 rows=9720 width=121)
	  ->  Sort  (cost=34352.23..34376.53 rows=9720 width=121)
	        Sort Key: c
	        ->  Bitmap Heap Scan on sbtest4  (cost=268.06..33708.44 rows=9720 width=121)
	              Recheck Cond: ((id >= 9546730) AND (id <= 9556729))
	              ->  Bitmap Index Scan on sbtest4_pkey  (cost=0.00..265.63 rows=9720 width=0)
	                    Index Cond: ((id >= 9546730) AND (id <= 9556729))

table 5 : explain SELECT DISTINCT c FROM sbtest5 WHERE id BETWEEN 3809092 AND 3819091 ORDER BY c
	Unique  (cost=37799.64..37853.29 rows=10730 width=121)
	  ->  Sort  (cost=37799.64..37826.46 rows=10730 width=121)
	        Sort Key: c
	        ->  Bitmap Heap Scan on sbtest5  (cost=302.42..37081.30 rows=10730 width=121)
	              Recheck Cond: ((id >= 3809092) AND (id <= 3819091))
	              ->  Bitmap Index Scan on sbtest5_pkey  (cost=0.00..299.74 rows=10730 width=0)
	                    Index Cond: ((id >= 3809092) AND (id <= 3819091))

table 6 : explain SELECT DISTINCT c FROM sbtest6 WHERE id BETWEEN 8581543 AND 8591542 ORDER BY c
	Unique  (cost=36722.62..36774.78 rows=10431 width=121)
	  ->  Sort  (cost=36722.62..36748.70 rows=10431 width=121)
	        Sort Key: c
	        ->  Bitmap Heap Scan on sbtest6  (cost=291.35..36026.43 rows=10431 width=121)
	              Recheck Cond: ((id >= 8581543) AND (id <= 8591542))
	              ->  Bitmap Index Scan on sbtest6_pkey  (cost=0.00..288.75 rows=10431 width=0)
	                    Index Cond: ((id >= 8581543) AND (id <= 8591542))

table 7 : explain SELECT DISTINCT c FROM sbtest7 WHERE id BETWEEN 8176086 AND 8186085 ORDER BY c
	Unique  (cost=34155.41..34203.43 rows=9604 width=121)
	  ->  Sort  (cost=34155.41..34179.42 rows=9604 width=121)
	        Sort Key: c
	        ->  Bitmap Heap Scan on sbtest7  (cost=274.88..33520.14 rows=9604 width=121)
	              Recheck Cond: ((id >= 8176086) AND (id <= 8186085))
	              ->  Bitmap Index Scan on sbtest7_pkey  (cost=0.00..272.48 rows=9604 width=0)
	                    Index Cond: ((id >= 8176086) AND (id <= 8186085))

table 8 : explain SELECT DISTINCT c FROM sbtest8 WHERE id BETWEEN 3007129 AND 3017128 ORDER BY c
	Unique  (cost=35090.53..35140.13 rows=9921 width=121)
	  ->  Sort  (cost=35090.53..35115.33 rows=9921 width=121)
	        Sort Key: c
	        ->  Bitmap Heap Scan on sbtest8  (cost=278.13..34431.96 rows=9921 width=121)
	              Recheck Cond: ((id >= 3007129) AND (id <= 3017128))
	              ->  Bitmap Index Scan on sbtest8_pkey  (cost=0.00..275.65 rows=9921 width=0)
	                    Index Cond: ((id >= 3007129) AND (id <= 3017128))

for: sum_ranges
table 1 : explain SELECT SUM(k) FROM sbtest1 WHERE id BETWEEN 6055000 AND 6064999
	Aggregate  (cost=34997.08..34997.09 rows=1 width=8)
	  ->  Bitmap Heap Scan on sbtest1  (cost=280.40..34971.72 rows=10143 width=4)
	        Recheck Cond: ((id >= 6055000) AND (id <= 6064999))
	        ->  Bitmap Index Scan on sbtest1_pkey  (cost=0.00..277.87 rows=10143 width=0)
	              Index Cond: ((id >= 6055000) AND (id <= 6064999))

table 2 : explain SELECT SUM(k) FROM sbtest2 WHERE id BETWEEN 1843267 AND 1853266
	Aggregate  (cost=35226.43..35226.44 rows=1 width=8)
	  ->  Bitmap Heap Scan on sbtest2  (cost=280.97..35200.93 rows=10199 width=4)
	        Recheck Cond: ((id >= 1843267) AND (id <= 1853266))
	        ->  Bitmap Index Scan on sbtest2_pkey  (cost=0.00..278.43 rows=10199 width=0)
	              Index Cond: ((id >= 1843267) AND (id <= 1853266))

table 3 : explain SELECT SUM(k) FROM sbtest3 WHERE id BETWEEN 9571127 AND 9581126
	Aggregate  (cost=36719.66..36719.67 rows=1 width=8)
	  ->  Bitmap Heap Scan on sbtest3  (cost=293.79..36692.99 rows=10669 width=4)
	        Recheck Cond: ((id >= 9571127) AND (id <= 9581126))
	        ->  Bitmap Index Scan on sbtest3_pkey  (cost=0.00..291.12 rows=10669 width=0)
	              Index Cond: ((id >= 9571127) AND (id <= 9581126))

table 4 : explain SELECT SUM(k) FROM sbtest4 WHERE id BETWEEN 6734706 AND 6744705
	Aggregate  (cost=33329.22..33329.23 rows=1 width=8)
	  ->  Bitmap Heap Scan on sbtest4  (cost=262.76..33305.24 rows=9593 width=4)
	        Recheck Cond: ((id >= 6734706) AND (id <= 6744705))
	        ->  Bitmap Index Scan on sbtest4_pkey  (cost=0.00..260.37 rows=9593 width=0)
	              Index Cond: ((id >= 6734706) AND (id <= 6744705))

table 5 : explain SELECT SUM(k) FROM sbtest5 WHERE id BETWEEN 7944865 AND 7954864
	Aggregate  (cost=36101.13..36101.14 rows=1 width=8)
	  ->  Bitmap Heap Scan on sbtest5  (cost=295.14..36075.11 rows=10410 width=4)
	        Recheck Cond: ((id >= 7944865) AND (id <= 7954864))
	        ->  Bitmap Index Scan on sbtest5_pkey  (cost=0.00..292.54 rows=10410 width=0)
	              Index Cond: ((id >= 7944865) AND (id <= 7954864))

table 6 : explain SELECT SUM(k) FROM sbtest6 WHERE id BETWEEN 5809976 AND 5819975
	Aggregate  (cost=34390.30..34390.31 rows=1 width=8)
	  ->  Bitmap Heap Scan on sbtest6  (cost=277.95..34365.54 rows=9904 width=4)
	        Recheck Cond: ((id >= 5809976) AND (id <= 5819975))
	        ->  Bitmap Index Scan on sbtest6_pkey  (cost=0.00..275.48 rows=9904 width=0)
	              Index Cond: ((id >= 5809976) AND (id <= 5819975))

table 7 : explain SELECT SUM(k) FROM sbtest7 WHERE id BETWEEN 9345146 AND 9355145
	Aggregate  (cost=33635.76..33635.77 rows=1 width=8)
	  ->  Bitmap Heap Scan on sbtest7  (cost=275.17..33611.67 rows=9633 width=4)
	        Recheck Cond: ((id >= 9345146) AND (id <= 9355145))
	        ->  Bitmap Index Scan on sbtest7_pkey  (cost=0.00..272.76 rows=9633 width=0)
	              Index Cond: ((id >= 9345146) AND (id <= 9355145))

table 8 : explain SELECT SUM(k) FROM sbtest8 WHERE id BETWEEN 4523653 AND 4533652
	Aggregate  (cost=33266.96..33266.97 rows=1 width=8)
	  ->  Bitmap Heap Scan on sbtest8  (cost=266.29..33243.09 rows=9547 width=4)
	        Recheck Cond: ((id >= 4523653) AND (id <= 4533652))
	        ->  Bitmap Index Scan on sbtest8_pkey  (cost=0.00..263.91 rows=9547 width=0)
	              Index Cond: ((id >= 4523653) AND (id <= 4533652))

for: order_ranges
table 1 : explain SELECT c FROM sbtest1 WHERE id BETWEEN 7688840 AND 7698839 ORDER BY c
	Sort  (cost=34864.34..34889.09 rows=9900 width=121)
	  Sort Key: c
	  ->  Bitmap Heap Scan on sbtest1  (cost=273.91..34207.31 rows=9900 width=121)
	        Recheck Cond: ((id >= 7688840) AND (id <= 7698839))
	        ->  Bitmap Index Scan on sbtest1_pkey  (cost=0.00..271.44 rows=9900 width=0)
	              Index Cond: ((id >= 7688840) AND (id <= 7698839))

table 2 : explain SELECT c FROM sbtest2 WHERE id BETWEEN 3750617 AND 3760616 ORDER BY c
	Sort  (cost=35675.43..35700.77 rows=10135 width=121)
	  Sort Key: c
	  ->  Bitmap Heap Scan on sbtest2  (cost=280.32..35001.10 rows=10135 width=121)
	        Recheck Cond: ((id >= 3750617) AND (id <= 3760616))
	        ->  Bitmap Index Scan on sbtest2_pkey  (cost=0.00..277.79 rows=10135 width=0)
	              Index Cond: ((id >= 3750617) AND (id <= 3760616))

table 3 : explain SELECT c FROM sbtest3 WHERE id BETWEEN 9451399 AND 9461398 ORDER BY c
	Sort  (cost=35894.39..35919.89 rows=10197 width=121)
	  Sort Key: c
	  ->  Bitmap Heap Scan on sbtest3  (cost=280.95..35215.49 rows=10197 width=121)
	        Recheck Cond: ((id >= 9451399) AND (id <= 9461398))
	        ->  Bitmap Index Scan on sbtest3_pkey  (cost=0.00..278.41 rows=10197 width=0)
	              Index Cond: ((id >= 9451399) AND (id <= 9461398))

table 4 : explain SELECT c FROM sbtest4 WHERE id BETWEEN 2856854 AND 2866853 ORDER BY c
	Sort  (cost=36080.57..36106.21 rows=10256 width=121)
	  Sort Key: c
	  ->  Bitmap Heap Scan on sbtest4  (cost=281.56..35397.31 rows=10256 width=121)
	        Recheck Cond: ((id >= 2856854) AND (id <= 2866853))
	        ->  Bitmap Index Scan on sbtest4_pkey  (cost=0.00..279.00 rows=10256 width=0)
	              Index Cond: ((id >= 2856854) AND (id <= 2866853))

table 5 : explain SELECT c FROM sbtest5 WHERE id BETWEEN 9182765 AND 9192764 ORDER BY c
	Sort  (cost=33476.11..33499.61 rows=9399 width=121)
	  Sort Key: c
	  ->  Bitmap Heap Scan on sbtest5  (cost=264.77..32855.85 rows=9399 width=121)
	        Recheck Cond: ((id >= 9182765) AND (id <= 9192764))
	        ->  Bitmap Index Scan on sbtest5_pkey  (cost=0.00..262.43 rows=9399 width=0)
	              Index Cond: ((id >= 9182765) AND (id <= 9192764))

table 6 : explain SELECT c FROM sbtest6 WHERE id BETWEEN 8719764 AND 8729763 ORDER BY c
	Sort  (cost=35746.54..35771.86 rows=10128 width=121)
	  Sort Key: c
	  ->  Bitmap Heap Scan on sbtest6  (cost=284.25..35072.72 rows=10128 width=121)
	        Recheck Cond: ((id >= 8719764) AND (id <= 8729763))
	        ->  Bitmap Index Scan on sbtest6_pkey  (cost=0.00..281.71 rows=10128 width=0)
	              Index Cond: ((id >= 8719764) AND (id <= 8729763))

table 7 : explain SELECT c FROM sbtest7 WHERE id BETWEEN 5353348 AND 5363347 ORDER BY c
	Sort  (cost=34332.69..34356.84 rows=9659 width=121)
	  Sort Key: c
	  ->  Bitmap Heap Scan on sbtest7  (cost=275.44..33693.38 rows=9659 width=121)
	        Recheck Cond: ((id >= 5353348) AND (id <= 5363347))
	        ->  Bitmap Index Scan on sbtest7_pkey  (cost=0.00..273.03 rows=9659 width=0)
	              Index Cond: ((id >= 5353348) AND (id <= 5363347))

table 8 : explain SELECT c FROM sbtest8 WHERE id BETWEEN 9231010 AND 9241009 ORDER BY c
	Sort  (cost=33517.04..33540.63 rows=9437 width=121)
	  Sort Key: c
	  ->  Bitmap Heap Scan on sbtest8  (cost=265.16..32894.00 rows=9437 width=121)
	        Recheck Cond: ((id >= 9231010) AND (id <= 9241009))
	        ->  Bitmap Index Scan on sbtest8_pkey  (cost=0.00..262.81 rows=9437 width=0)
	              Index Cond: ((id >= 9231010) AND (id <= 9241009))

for: sum_ranges
table 1 : explain SELECT SUM(k) FROM sbtest1 WHERE id BETWEEN 763649 AND 773648
	Aggregate  (cost=37176.61..37176.62 rows=1 width=8)
	  ->  Bitmap Heap Scan on sbtest1  (cost=299.57..37149.50 rows=10842 width=4)
	        Recheck Cond: ((id >= 763649) AND (id <= 773648))
	        ->  Bitmap Index Scan on sbtest1_pkey  (cost=0.00..296.86 rows=10842 width=0)
	              Index Cond: ((id >= 763649) AND (id <= 773648))

table 2 : explain SELECT SUM(k) FROM sbtest2 WHERE id BETWEEN 4590200 AND 4600199
	Aggregate  (cost=37325.99..37326.00 rows=1 width=8)
	  ->  Bitmap Heap Scan on sbtest2  (cost=299.86..37298.81 rows=10871 width=4)
	        Recheck Cond: ((id >= 4590200) AND (id <= 4600199))
	        ->  Bitmap Index Scan on sbtest2_pkey  (cost=0.00..297.15 rows=10871 width=0)
	              Index Cond: ((id >= 4590200) AND (id <= 4600199))

table 3 : explain SELECT SUM(k) FROM sbtest3 WHERE id BETWEEN 7322020 AND 7332019
	Aggregate  (cost=34884.99..34885.00 rows=1 width=8)
	  ->  Bitmap Heap Scan on sbtest3  (cost=275.81..34859.78 rows=10085 width=4)
	        Recheck Cond: ((id >= 7322020) AND (id <= 7332019))
	        ->  Bitmap Index Scan on sbtest3_pkey  (cost=0.00..273.29 rows=10085 width=0)
	              Index Cond: ((id >= 7322020) AND (id <= 7332019))

table 4 : explain SELECT SUM(k) FROM sbtest4 WHERE id BETWEEN 7003741 AND 7013740
	Aggregate  (cost=35160.87..35160.88 rows=1 width=8)
	  ->  Bitmap Heap Scan on sbtest4  (cost=276.72..35135.44 rows=10174 width=4)
	        Recheck Cond: ((id >= 7003741) AND (id <= 7013740))
	        ->  Bitmap Index Scan on sbtest4_pkey  (cost=0.00..274.18 rows=10174 width=0)
	              Index Cond: ((id >= 7003741) AND (id <= 7013740))

table 5 : explain SELECT SUM(k) FROM sbtest5 WHERE id BETWEEN 3273248 AND 3283247
	Aggregate  (cost=33260.27..33260.28 rows=1 width=8)
	  ->  Bitmap Heap Scan on sbtest5  (cost=269.98..33236.48 rows=9517 width=4)
	        Recheck Cond: ((id >= 3273248) AND (id <= 3283247))
	        ->  Bitmap Index Scan on sbtest5_pkey  (cost=0.00..267.61 rows=9517 width=0)
	              Index Cond: ((id >= 3273248) AND (id <= 3283247))

table 6 : explain SELECT SUM(k) FROM sbtest6 WHERE id BETWEEN 5930402 AND 5940401
	Aggregate  (cost=36691.49..36691.50 rows=1 width=8)
	  ->  Bitmap Heap Scan on sbtest6  (cost=297.43..36664.91 rows=10634 width=4)
	        Recheck Cond: ((id >= 5930402) AND (id <= 5940401))
	        ->  Bitmap Index Scan on sbtest6_pkey  (cost=0.00..294.78 rows=10634 width=0)
	              Index Cond: ((id >= 5930402) AND (id <= 5940401))

table 7 : explain SELECT SUM(k) FROM sbtest7 WHERE id BETWEEN 9919767 AND 9929766
	Aggregate  (cost=33183.25..33183.26 rows=1 width=8)
	  ->  Bitmap Heap Scan on sbtest7  (cost=269.73..33159.52 rows=9492 width=4)
	        Recheck Cond: ((id >= 9919767) AND (id <= 9929766))
	        ->  Bitmap Index Scan on sbtest7_pkey  (cost=0.00..267.36 rows=9492 width=0)
	              Index Cond: ((id >= 9919767) AND (id <= 9929766))

table 8 : explain SELECT SUM(k) FROM sbtest8 WHERE id BETWEEN 5409650 AND 5419649
	Aggregate  (cost=34999.44..34999.45 rows=1 width=8)
	  ->  Bitmap Heap Scan on sbtest8  (cost=283.88..34974.21 rows=10092 width=4)
	        Recheck Cond: ((id >= 5409650) AND (id <= 5419649))
	        ->  Bitmap Index Scan on sbtest8_pkey  (cost=0.00..281.36 rows=10092 width=0)
	              Index Cond: ((id >= 5409650) AND (id <= 5419649))

explain: for point_selects :: explain SELECT c FROM sbtest%u WHERE id=%u
for: order_ranges
table 1 : explain SELECT c FROM sbtest1 WHERE id BETWEEN 9730378 AND 9740377 ORDER BY c
	Sort  (cost=34930.32..34955.12 rows=9920 width=121)
	  Sort Key: c
	  ->  Bitmap Heap Scan on sbtest1  (cost=274.12..34271.83 rows=9920 width=121)
	        Recheck Cond: ((id >= 9730378) AND (id <= 9740377))
	        ->  Bitmap Index Scan on sbtest1_pkey  (cost=0.00..271.63 rows=9920 width=0)
	              Index Cond: ((id >= 9730378) AND (id <= 9740377))

table 2 : explain SELECT c FROM sbtest2 WHERE id BETWEEN 6812508 AND 6822507 ORDER BY c
	Sort  (cost=32902.99..32926.19 rows=9278 width=121)
	  Sort Key: c
	  ->  Bitmap Heap Scan on sbtest2  (cost=255.53..32291.59 rows=9278 width=121)
	        Recheck Cond: ((id >= 6812508) AND (id <= 6822507))
	        ->  Bitmap Index Scan on sbtest2_pkey  (cost=0.00..253.22 rows=9278 width=0)
	              Index Cond: ((id >= 6812508) AND (id <= 6822507))

table 3 : explain SELECT c FROM sbtest3 WHERE id BETWEEN 713027 AND 723026 ORDER BY c
	Sort  (cost=32600.66..32623.61 rows=9181 width=121)
	  Sort Key: c
	  ->  Bitmap Heap Scan on sbtest3  (cost=250.54..31996.35 rows=9181 width=121)
	        Recheck Cond: ((id >= 713027) AND (id <= 723026))
	        ->  Bitmap Index Scan on sbtest3_pkey  (cost=0.00..248.25 rows=9181 width=0)
	              Index Cond: ((id >= 713027) AND (id <= 723026))

table 4 : explain SELECT c FROM sbtest4 WHERE id BETWEEN 5280797 AND 5290796 ORDER BY c
	Sort  (cost=35538.47..35563.69 rows=10088 width=121)
	  Sort Key: c
	  ->  Bitmap Heap Scan on sbtest4  (cost=275.84..34867.60 rows=10088 width=121)
	        Recheck Cond: ((id >= 5280797) AND (id <= 5290796))
	        ->  Bitmap Index Scan on sbtest4_pkey  (cost=0.00..273.31 rows=10088 width=0)
	              Index Cond: ((id >= 5280797) AND (id <= 5290796))

table 5 : explain SELECT c FROM sbtest5 WHERE id BETWEEN 5027421 AND 5037420 ORDER BY c
	Sort  (cost=31665.37..31687.49 rows=8848 width=121)
	  Sort Key: c
	  ->  Bitmap Heap Scan on sbtest5  (cost=251.13..31085.34 rows=8848 width=121)
	        Recheck Cond: ((id >= 5027421) AND (id <= 5037420))
	        ->  Bitmap Index Scan on sbtest5_pkey  (cost=0.00..248.92 rows=8848 width=0)
	              Index Cond: ((id >= 5027421) AND (id <= 5037420))

table 6 : explain SELECT c FROM sbtest6 WHERE id BETWEEN 7777326 AND 7787325 ORDER BY c
	Sort  (cost=31497.69..31519.75 rows=8824 width=121)
	  Sort Key: c
	  ->  Bitmap Heap Scan on sbtest6  (cost=246.88..30919.40 rows=8824 width=121)
	        Recheck Cond: ((id >= 7777326) AND (id <= 7787325))
	        ->  Bitmap Index Scan on sbtest6_pkey  (cost=0.00..244.68 rows=8824 width=0)
	              Index Cond: ((id >= 7777326) AND (id <= 7787325))

table 7 : explain SELECT c FROM sbtest7 WHERE id BETWEEN 5018198 AND 5028197 ORDER BY c
	Sort  (cost=35331.12..35356.04 rows=9965 width=121)
	  Sort Key: c
	  ->  Bitmap Heap Scan on sbtest7  (cost=282.58..34669.31 rows=9965 width=121)
	        Recheck Cond: ((id >= 5018198) AND (id <= 5028197))
	        ->  Bitmap Index Scan on sbtest7_pkey  (cost=0.00..280.08 rows=9965 width=0)
	              Index Cond: ((id >= 5018198) AND (id <= 5028197))

table 8 : explain SELECT c FROM sbtest8 WHERE id BETWEEN 6040711 AND 6050710 ORDER BY c
	Sort  (cost=37698.20..37725.02 rows=10731 width=121)
	  Sort Key: c
	  ->  Bitmap Heap Scan on sbtest8  (cost=298.43..36979.78 rows=10731 width=121)
	        Recheck Cond: ((id >= 6040711) AND (id <= 6050710))
	        ->  Bitmap Index Scan on sbtest8_pkey  (cost=0.00..295.75 rows=10731 width=0)
	              Index Cond: ((id >= 6040711) AND (id <= 6050710))

for: order_ranges
table 1 : explain SELECT c FROM sbtest1 WHERE id BETWEEN 2215427 AND 2225426 ORDER BY c
	Sort  (cost=34573.51..34598.03 rows=9809 width=121)
	  Sort Key: c
	  ->  Bitmap Heap Scan on sbtest1  (cost=272.98..33923.18 rows=9809 width=121)
	        Recheck Cond: ((id >= 2215427) AND (id <= 2225426))
	        ->  Bitmap Index Scan on sbtest1_pkey  (cost=0.00..270.53 rows=9809 width=0)
	              Index Cond: ((id >= 2215427) AND (id <= 2225426))

table 2 : explain SELECT c FROM sbtest2 WHERE id BETWEEN 6186648 AND 6196647 ORDER BY c
	Sort  (cost=35003.97..35028.79 rows=9927 width=121)
	  Sort Key: c
	  ->  Bitmap Heap Scan on sbtest2  (cost=274.19..34344.96 rows=9927 width=121)
	        Recheck Cond: ((id >= 6186648) AND (id <= 6196647))
	        ->  Bitmap Index Scan on sbtest2_pkey  (cost=0.00..271.70 rows=9927 width=0)
	              Index Cond: ((id >= 6186648) AND (id <= 6196647))

table 3 : explain SELECT c FROM sbtest3 WHERE id BETWEEN 4478648 AND 4488647 ORDER BY c
	Sort  (cost=35731.97..35757.34 rows=10148 width=121)
	  Sort Key: c
	  ->  Bitmap Heap Scan on sbtest3  (cost=276.45..35056.67 rows=10148 width=121)
	        Recheck Cond: ((id >= 4478648) AND (id <= 4488647))
	        ->  Bitmap Index Scan on sbtest3_pkey  (cost=0.00..273.92 rows=10148 width=0)
	              Index Cond: ((id >= 4478648) AND (id <= 4488647))

table 4 : explain SELECT c FROM sbtest4 WHERE id BETWEEN 621258 AND 631257 ORDER BY c
	Sort  (cost=37450.78..37477.49 rows=10684 width=121)
	  Sort Key: c
	  ->  Bitmap Heap Scan on sbtest4  (cost=293.95..36735.86 rows=10684 width=121)
	        Recheck Cond: ((id >= 621258) AND (id <= 631257))
	        ->  Bitmap Index Scan on sbtest4_pkey  (cost=0.00..291.28 rows=10684 width=0)
	              Index Cond: ((id >= 621258) AND (id <= 631257))

table 5 : explain SELECT c FROM sbtest5 WHERE id BETWEEN 1872506 AND 1882505 ORDER BY c
	Sort  (cost=39764.15..39792.51 rows=11342 width=121)
	  Sort Key: c
	  ->  Bitmap Heap Scan on sbtest5  (cost=320.69..39000.31 rows=11342 width=121)
	        Recheck Cond: ((id >= 1872506) AND (id <= 1882505))
	        ->  Bitmap Index Scan on sbtest5_pkey  (cost=0.00..317.86 rows=11342 width=0)
	              Index Cond: ((id >= 1872506) AND (id <= 1882505))

table 6 : explain SELECT c FROM sbtest6 WHERE id BETWEEN 4281761 AND 4291760 ORDER BY c
	Sort  (cost=34210.74..34234.87 rows=9653 width=121)
	  Sort Key: c
	  ->  Bitmap Heap Scan on sbtest6  (cost=271.38..33571.87 rows=9653 width=121)
	        Recheck Cond: ((id >= 4281761) AND (id <= 4291760))
	        ->  Bitmap Index Scan on sbtest6_pkey  (cost=0.00..268.96 rows=9653 width=0)
	              Index Cond: ((id >= 4281761) AND (id <= 4291760))

table 7 : explain SELECT c FROM sbtest7 WHERE id BETWEEN 3183550 AND 3193549 ORDER BY c
	Sort  (cost=37245.94..37272.33 rows=10556 width=121)
	  Sort Key: c
	  ->  Bitmap Heap Scan on sbtest7  (cost=300.63..36540.49 rows=10556 width=121)
	        Recheck Cond: ((id >= 3183550) AND (id <= 3193549))
	        ->  Bitmap Index Scan on sbtest7_pkey  (cost=0.00..298.00 rows=10556 width=0)
	              Index Cond: ((id >= 3183550) AND (id <= 3193549))

table 8 : explain SELECT c FROM sbtest8 WHERE id BETWEEN 8295515 AND 8305514 ORDER BY c
	Sort  (cost=36384.40..36410.21 rows=10321 width=121)
	  Sort Key: c
	  ->  Bitmap Heap Scan on sbtest8  (cost=290.23..35696.34 rows=10321 width=121)
	        Recheck Cond: ((id >= 8295515) AND (id <= 8305514))
	        ->  Bitmap Index Scan on sbtest8_pkey  (cost=0.00..287.65 rows=10321 width=0)
	              Index Cond: ((id >= 8295515) AND (id <= 8305514))

for: distinct_ranges
table 1 : explain SELECT DISTINCT c FROM sbtest1 WHERE id BETWEEN 7309290 AND 7319289 ORDER BY c
	Unique  (cost=37307.07..37360.38 rows=10662 width=121)
	  ->  Sort  (cost=37307.07..37333.72 rows=10662 width=121)
	        Sort Key: c
	        ->  Bitmap Heap Scan on sbtest1  (cost=297.72..36593.77 rows=10662 width=121)
	              Recheck Cond: ((id >= 7309290) AND (id <= 7319289))
	              ->  Bitmap Index Scan on sbtest1_pkey  (cost=0.00..295.06 rows=10662 width=0)
	                    Index Cond: ((id >= 7309290) AND (id <= 7319289))

table 2 : explain SELECT DISTINCT c FROM sbtest2 WHERE id BETWEEN 3216997 AND 3226996 ORDER BY c
	Unique  (cost=37069.51..37122.36 rows=10570 width=121)
	  ->  Sort  (cost=37069.51..37095.94 rows=10570 width=121)
	        Sort Key: c
	        ->  Bitmap Heap Scan on sbtest2  (cost=292.78..36363.03 rows=10570 width=121)
	              Recheck Cond: ((id >= 3216997) AND (id <= 3226996))
	              ->  Bitmap Index Scan on sbtest2_pkey  (cost=0.00..290.13 rows=10570 width=0)
	                    Index Cond: ((id >= 3216997) AND (id <= 3226996))

table 3 : explain SELECT DISTINCT c FROM sbtest3 WHERE id BETWEEN 6498714 AND 6508713 ORDER BY c
	Unique  (cost=35176.51..35226.38 rows=9974 width=121)
	  ->  Sort  (cost=35176.51..35201.44 rows=9974 width=121)
	        Sort Key: c
	        ->  Bitmap Heap Scan on sbtest3  (cost=274.67..34514.04 rows=9974 width=121)
	              Recheck Cond: ((id >= 6498714) AND (id <= 6508713))
	              ->  Bitmap Index Scan on sbtest3_pkey  (cost=0.00..272.18 rows=9974 width=0)
	                    Index Cond: ((id >= 6498714) AND (id <= 6508713))

table 4 : explain SELECT DISTINCT c FROM sbtest4 WHERE id BETWEEN 9168616 AND 9178615 ORDER BY c
	Unique  (cost=34733.56..34782.75 rows=9838 width=121)
	  ->  Sort  (cost=34733.56..34758.16 rows=9838 width=121)
	        Sort Key: c
	        ->  Bitmap Heap Scan on sbtest4  (cost=269.27..34081.10 rows=9838 width=121)
	              Recheck Cond: ((id >= 9168616) AND (id <= 9178615))
	              ->  Bitmap Index Scan on sbtest4_pkey  (cost=0.00..266.81 rows=9838 width=0)
	                    Index Cond: ((id >= 9168616) AND (id <= 9178615))

table 5 : explain SELECT DISTINCT c FROM sbtest5 WHERE id BETWEEN 3295796 AND 3305795 ORDER BY c
	Unique  (cost=34541.58..34590.20 rows=9724 width=121)
	  ->  Sort  (cost=34541.58..34565.89 rows=9724 width=121)
	        Sort Key: c
	        ->  Bitmap Heap Scan on sbtest5  (cost=276.11..33897.49 rows=9724 width=121)
	              Recheck Cond: ((id >= 3295796) AND (id <= 3305795))
	              ->  Bitmap Index Scan on sbtest5_pkey  (cost=0.00..273.68 rows=9724 width=0)
	                    Index Cond: ((id >= 3295796) AND (id <= 3305795))

table 6 : explain SELECT DISTINCT c FROM sbtest6 WHERE id BETWEEN 8782726 AND 8792725 ORDER BY c
	Unique  (cost=35746.54..35797.18 rows=10128 width=121)
	  ->  Sort  (cost=35746.54..35771.86 rows=10128 width=121)
	        Sort Key: c
	        ->  Bitmap Heap Scan on sbtest6  (cost=284.25..35072.72 rows=10128 width=121)
	              Recheck Cond: ((id >= 8782726) AND (id <= 8792725))
	              ->  Bitmap Index Scan on sbtest6_pkey  (cost=0.00..281.71 rows=10128 width=0)
	                    Index Cond: ((id >= 8782726) AND (id <= 8792725))

table 7 : explain SELECT DISTINCT c FROM sbtest7 WHERE id BETWEEN 2782321 AND 2792320 ORDER BY c
	Unique  (cost=33722.99..33770.36 rows=9473 width=121)
	  ->  Sort  (cost=33722.99..33746.67 rows=9473 width=121)
	        Sort Key: c
	        ->  Bitmap Heap Scan on sbtest7  (cost=269.53..33097.32 rows=9473 width=121)
	              Recheck Cond: ((id >= 2782321) AND (id <= 2792320))
	              ->  Bitmap Index Scan on sbtest7_pkey  (cost=0.00..267.17 rows=9473 width=0)
	                    Index Cond: ((id >= 2782321) AND (id <= 2792320))

table 8 : explain SELECT DISTINCT c FROM sbtest8 WHERE id BETWEEN 7330699 AND 7340698 ORDER BY c
	Unique  (cost=37932.49..37986.51 rows=10803 width=121)
	  ->  Sort  (cost=37932.49..37959.50 rows=10803 width=121)
	        Sort Key: c
	        ->  Bitmap Heap Scan on sbtest8  (cost=303.17..37208.74 rows=10803 width=121)
	              Recheck Cond: ((id >= 7330699) AND (id <= 7340698))
	              ->  Bitmap Index Scan on sbtest8_pkey  (cost=0.00..300.46 rows=10803 width=0)
	                    Index Cond: ((id >= 7330699) AND (id <= 7340698))

for: distinct_ranges
table 1 : explain SELECT DISTINCT c FROM sbtest1 WHERE id BETWEEN 5682502 AND 5692501 ORDER BY c
	Unique  (cost=34854.44..34903.92 rows=9897 width=121)
	  ->  Sort  (cost=34854.44..34879.18 rows=9897 width=121)
	        Sort Key: c
	        ->  Bitmap Heap Scan on sbtest1  (cost=273.88..34197.63 rows=9897 width=121)
	              Recheck Cond: ((id >= 5682502) AND (id <= 5692501))
	              ->  Bitmap Index Scan on sbtest1_pkey  (cost=0.00..271.41 rows=9897 width=0)
	                    Index Cond: ((id >= 5682502) AND (id <= 5692501))

table 2 : explain SELECT DISTINCT c FROM sbtest2 WHERE id BETWEEN 3154423 AND 3164422 ORDER BY c
	Unique  (cost=33012.98..33059.54 rows=9312 width=121)
	  ->  Sort  (cost=33012.98..33036.26 rows=9312 width=121)
	        Sort Key: c
	        ->  Bitmap Heap Scan on sbtest2  (cost=255.88..32399.09 rows=9312 width=121)
	              Recheck Cond: ((id >= 3154423) AND (id <= 3164422))
	              ->  Bitmap Index Scan on sbtest2_pkey  (cost=0.00..253.56 rows=9312 width=0)
	                    Index Cond: ((id >= 3154423) AND (id <= 3164422))

table 3 : explain SELECT DISTINCT c FROM sbtest3 WHERE id BETWEEN 4167124 AND 4177123 ORDER BY c
	Unique  (cost=34874.51..34923.91 rows=9881 width=121)
	  ->  Sort  (cost=34874.51..34899.21 rows=9881 width=121)
	        Sort Key: c
	        ->  Bitmap Heap Scan on sbtest3  (cost=269.72..34218.88 rows=9881 width=121)
	              Recheck Cond: ((id >= 4167124) AND (id <= 4177123))
	              ->  Bitmap Index Scan on sbtest3_pkey  (cost=0.00..267.25 rows=9881 width=0)
	                    Index Cond: ((id >= 4167124) AND (id <= 4177123))

table 4 : explain SELECT DISTINCT c FROM sbtest4 WHERE id BETWEEN 8881194 AND 8891193 ORDER BY c
	Unique  (cost=34746.81..34796.02 rows=9842 width=121)
	  ->  Sort  (cost=34746.81..34771.41 rows=9842 width=121)
	        Sort Key: c
	        ->  Bitmap Heap Scan on sbtest4  (cost=269.32..34094.05 rows=9842 width=121)
	              Recheck Cond: ((id >= 8881194) AND (id <= 8891193))
	              ->  Bitmap Index Scan on sbtest4_pkey  (cost=0.00..266.86 rows=9842 width=0)
	                    Index Cond: ((id >= 8881194) AND (id <= 8891193))

table 5 : explain SELECT DISTINCT c FROM sbtest5 WHERE id BETWEEN 7053796 AND 7063795 ORDER BY c
	Unique  (cost=35422.68..35472.65 rows=9994 width=121)
	  ->  Sort  (cost=35422.68..35447.66 rows=9994 width=121)
	        Sort Key: c
	        ->  Bitmap Heap Scan on sbtest5  (cost=282.87..34758.73 rows=9994 width=121)
	              Recheck Cond: ((id >= 7053796) AND (id <= 7063795))
	              ->  Bitmap Index Scan on sbtest5_pkey  (cost=0.00..280.38 rows=9994 width=0)
	                    Index Cond: ((id >= 7053796) AND (id <= 7063795))

table 6 : explain SELECT DISTINCT c FROM sbtest6 WHERE id BETWEEN 3761361 AND 3771360 ORDER BY c
	Unique  (cost=35428.29..35478.43 rows=10028 width=121)
	  ->  Sort  (cost=35428.29..35453.36 rows=10028 width=121)
	        Sort Key: c
	        ->  Bitmap Heap Scan on sbtest6  (cost=283.22..34761.85 rows=10028 width=121)
	              Recheck Cond: ((id >= 3761361) AND (id <= 3771360))
	              ->  Bitmap Index Scan on sbtest6_pkey  (cost=0.00..280.71 rows=10028 width=0)
	                    Index Cond: ((id >= 3761361) AND (id <= 3771360))

table 7 : explain SELECT DISTINCT c FROM sbtest7 WHERE id BETWEEN 106712 AND 116711 ORDER BY c
	Unique  (cost=36884.28..36936.51 rows=10445 width=121)
	  ->  Sort  (cost=36884.28..36910.39 rows=10445 width=121)
	        Sort Key: c
	        ->  Bitmap Heap Scan on sbtest7  (cost=295.50..36187.05 rows=10445 width=121)
	              Recheck Cond: ((id >= 106712) AND (id <= 116711))
	              ->  Bitmap Index Scan on sbtest7_pkey  (cost=0.00..292.88 rows=10445 width=0)
	                    Index Cond: ((id >= 106712) AND (id <= 116711))

table 8 : explain SELECT DISTINCT c FROM sbtest8 WHERE id BETWEEN 8632827 AND 8642826 ORDER BY c
	Unique  (cost=35622.19..35672.61 rows=10085 width=121)
	  ->  Sort  (cost=35622.19..35647.40 rows=10085 width=121)
	        Sort Key: c
	        ->  Bitmap Heap Scan on sbtest8  (cost=283.81..34951.54 rows=10085 width=121)
	              Recheck Cond: ((id >= 8632827) AND (id <= 8642826))
	              ->  Bitmap Index Scan on sbtest8_pkey  (cost=0.00..281.29 rows=10085 width=0)
	                    Index Cond: ((id >= 8632827) AND (id <= 8642826))

for: order_ranges
table 1 : explain SELECT c FROM sbtest1 WHERE id BETWEEN 4433912 AND 4443911 ORDER BY c
	Sort  (cost=34441.15..34465.57 rows=9767 width=121)
	  Sort Key: c
	  ->  Bitmap Heap Scan on sbtest1  (cost=272.55..33793.91 rows=9767 width=121)
	        Recheck Cond: ((id >= 4433912) AND (id <= 4443911))
	        ->  Bitmap Index Scan on sbtest1_pkey  (cost=0.00..270.11 rows=9767 width=0)
	              Index Cond: ((id >= 4433912) AND (id <= 4443911))

table 2 : explain SELECT c FROM sbtest2 WHERE id BETWEEN 3040633 AND 3050632 ORDER BY c
	Sort  (cost=34669.64..34694.20 rows=9823 width=121)
	  Sort Key: c
	  ->  Bitmap Heap Scan on sbtest2  (cost=273.12..34018.28 rows=9823 width=121)
	        Recheck Cond: ((id >= 3040633) AND (id <= 3050632))
	        ->  Bitmap Index Scan on sbtest2_pkey  (cost=0.00..270.67 rows=9823 width=0)
	              Index Cond: ((id >= 3040633) AND (id <= 3050632))

table 3 : explain SELECT c FROM sbtest3 WHERE id BETWEEN 1249375 AND 1259374 ORDER BY c
	Sort  (cost=36280.34..36306.13 rows=10318 width=121)
	  Sort Key: c
	  ->  Bitmap Heap Scan on sbtest3  (cost=282.19..35592.49 rows=10318 width=121)
	        Recheck Cond: ((id >= 1249375) AND (id <= 1259374))
	        ->  Bitmap Index Scan on sbtest3_pkey  (cost=0.00..279.62 rows=10318 width=0)
	              Index Cond: ((id >= 1249375) AND (id <= 1259374))

table 4 : explain SELECT c FROM sbtest4 WHERE id BETWEEN 466980 AND 476979 ORDER BY c
	Sort  (cost=35905.68..35931.19 rows=10201 width=121)
	  Sort Key: c
	  ->  Bitmap Heap Scan on sbtest4  (cost=281.00..35226.48 rows=10201 width=121)
	        Recheck Cond: ((id >= 466980) AND (id <= 476979))
	        ->  Bitmap Index Scan on sbtest4_pkey  (cost=0.00..278.44 rows=10201 width=0)
	              Index Cond: ((id >= 466980) AND (id <= 476979))

table 5 : explain SELECT c FROM sbtest5 WHERE id BETWEEN 1784248 AND 1794247 ORDER BY c
	Sort  (cost=34468.05..34492.30 rows=9701 width=121)
	  Sort Key: c
	  ->  Bitmap Heap Scan on sbtest5  (cost=275.87..33825.65 rows=9701 width=121)
	        Recheck Cond: ((id >= 1784248) AND (id <= 1794247))
	        ->  Bitmap Index Scan on sbtest5_pkey  (cost=0.00..273.44 rows=9701 width=0)
	              Index Cond: ((id >= 1784248) AND (id <= 1794247))

table 6 : explain SELECT c FROM sbtest6 WHERE id BETWEEN 7620067 AND 7630066 ORDER BY c
	Sort  (cost=33844.22..33868.07 rows=9540 width=121)
	  Sort Key: c
	  ->  Bitmap Heap Scan on sbtest6  (cost=270.22..33213.64 rows=9540 width=121)
	        Recheck Cond: ((id >= 7620067) AND (id <= 7630066))
	        ->  Bitmap Index Scan on sbtest6_pkey  (cost=0.00..267.83 rows=9540 width=0)
	              Index Cond: ((id >= 7620067) AND (id <= 7630066))

table 7 : explain SELECT c FROM sbtest7 WHERE id BETWEEN 5684052 AND 5694051 ORDER BY c
	Sort  (cost=35787.95..35813.22 rows=10106 width=121)
	  Sort Key: c
	  ->  Bitmap Heap Scan on sbtest7  (cost=288.02..35115.76 rows=10106 width=121)
	        Recheck Cond: ((id >= 5684052) AND (id <= 5694051))
	        ->  Bitmap Index Scan on sbtest7_pkey  (cost=0.00..285.50 rows=10106 width=0)
	              Index Cond: ((id >= 5684052) AND (id <= 5694051))

table 8 : explain SELECT c FROM sbtest8 WHERE id BETWEEN 8586102 AND 8596101 ORDER BY c
	Sort  (cost=35820.96..35846.32 rows=10146 width=121)
	  Sort Key: c
	  ->  Bitmap Heap Scan on sbtest8  (cost=284.43..35145.81 rows=10146 width=121)
	        Recheck Cond: ((id >= 8586102) AND (id <= 8596101))
	        ->  Bitmap Index Scan on sbtest8_pkey  (cost=0.00..281.90 rows=10146 width=0)
	              Index Cond: ((id >= 8586102) AND (id <= 8596101))

for: distinct_ranges
table 1 : explain SELECT DISTINCT c FROM sbtest1 WHERE id BETWEEN 2896413 AND 2906412 ORDER BY c
	Unique  (cost=36002.87..36054.14 rows=10254 width=121)
	  ->  Sort  (cost=36002.87..36028.51 rows=10254 width=121)
	        Sort Key: c
	        ->  Bitmap Heap Scan on sbtest1  (cost=285.54..35319.75 rows=10254 width=121)
	              Recheck Cond: ((id >= 2896413) AND (id <= 2906412))
	              ->  Bitmap Index Scan on sbtest1_pkey  (cost=0.00..282.98 rows=10254 width=0)
	                    Index Cond: ((id >= 2896413) AND (id <= 2906412))

table 2 : explain SELECT DISTINCT c FROM sbtest2 WHERE id BETWEEN 5101022 AND 5111021 ORDER BY c
	Unique  (cost=35612.78..35663.36 rows=10116 width=121)
	  ->  Sort  (cost=35612.78..35638.07 rows=10116 width=121)
	        Sort Key: c
	        ->  Bitmap Heap Scan on sbtest2  (cost=280.12..34939.84 rows=10116 width=121)
	              Recheck Cond: ((id >= 5101022) AND (id <= 5111021))
	              ->  Bitmap Index Scan on sbtest2_pkey  (cost=0.00..277.59 rows=10116 width=0)
	                    Index Cond: ((id >= 5101022) AND (id <= 5111021))

table 3 : explain SELECT DISTINCT c FROM sbtest3 WHERE id BETWEEN 3068738 AND 3078737 ORDER BY c
	Unique  (cost=33771.83..33819.53 rows=9540 width=121)
	  ->  Sort  (cost=33771.83..33795.68 rows=9540 width=121)
	        Sort Key: c
	        ->  Bitmap Heap Scan on sbtest3  (cost=262.22..33141.25 rows=9540 width=121)
	              Recheck Cond: ((id >= 3068738) AND (id <= 3078737))
	              ->  Bitmap Index Scan on sbtest3_pkey  (cost=0.00..259.83 rows=9540 width=0)
	                    Index Cond: ((id >= 3068738) AND (id <= 3078737))

table 4 : explain SELECT DISTINCT c FROM sbtest4 WHERE id BETWEEN 6771984 AND 6781983 ORDER BY c
	Unique  (cost=33939.71..33987.68 rows=9593 width=121)
	  ->  Sort  (cost=33939.71..33963.69 rows=9593 width=121)
	        Sort Key: c
	        ->  Bitmap Heap Scan on sbtest4  (cost=262.76..33305.24 rows=9593 width=121)
	              Recheck Cond: ((id >= 6771984) AND (id <= 6781983))
	              ->  Bitmap Index Scan on sbtest4_pkey  (cost=0.00..260.37 rows=9593 width=0)
	                    Index Cond: ((id >= 6771984) AND (id <= 6781983))

table 5 : explain SELECT DISTINCT c FROM sbtest5 WHERE id BETWEEN 1855108 AND 1865107 ORDER BY c
	Unique  (cost=39764.15..39820.86 rows=11342 width=121)
	  ->  Sort  (cost=39764.15..39792.51 rows=11342 width=121)
	        Sort Key: c
	        ->  Bitmap Heap Scan on sbtest5  (cost=320.69..39000.31 rows=11342 width=121)
	              Recheck Cond: ((id >= 1855108) AND (id <= 1865107))
	              ->  Bitmap Index Scan on sbtest5_pkey  (cost=0.00..317.86 rows=11342 width=0)
	                    Index Cond: ((id >= 1855108) AND (id <= 1865107))

table 6 : explain SELECT DISTINCT c FROM sbtest6 WHERE id BETWEEN 3482414 AND 3492413 ORDER BY c
	Unique  (cost=33640.06..33687.45 rows=9478 width=121)
	  ->  Sort  (cost=33640.06..33663.75 rows=9478 width=121)
	        Sort Key: c
	        ->  Bitmap Heap Scan on sbtest6  (cost=265.58..33014.02 rows=9478 width=121)
	              Recheck Cond: ((id >= 3482414) AND (id <= 3492413))
	              ->  Bitmap Index Scan on sbtest6_pkey  (cost=0.00..263.21 rows=9478 width=0)
	                    Index Cond: ((id >= 3482414) AND (id <= 3492413))

table 7 : explain SELECT DISTINCT c FROM sbtest7 WHERE id BETWEEN 9511743 AND 9521742 ORDER BY c
	Unique  (cost=35997.35..36048.20 rows=10170 width=121)
	  ->  Sort  (cost=35997.35..36022.77 rows=10170 width=121)
	        Sort Key: c
	        ->  Bitmap Heap Scan on sbtest7  (cost=288.68..35320.43 rows=10170 width=121)
	              Recheck Cond: ((id >= 9511743) AND (id <= 9521742))
	              ->  Bitmap Index Scan on sbtest7_pkey  (cost=0.00..286.13 rows=10170 width=0)
	                    Index Cond: ((id >= 9511743) AND (id <= 9521742))

table 8 : explain SELECT DISTINCT c FROM sbtest8 WHERE id BETWEEN 5267220 AND 5277219 ORDER BY c
	Unique  (cost=37124.84..37177.59 rows=10551 width=121)
	  ->  Sort  (cost=37124.84..37151.22 rows=10551 width=121)
	        Sort Key: c
	        ->  Bitmap Heap Scan on sbtest8  (cost=296.58..36419.76 rows=10551 width=121)
	              Recheck Cond: ((id >= 5267220) AND (id <= 5277219))
	              ->  Bitmap Index Scan on sbtest8_pkey  (cost=0.00..293.94 rows=10551 width=0)
	                    Index Cond: ((id >= 5267220) AND (id <= 5277219))

for point_selects
table 1 : explain SELECT c FROM sbtest1 WHERE id=2553553
	Index Scan using sbtest1_pkey on sbtest1  (cost=0.43..8.45 rows=1 width=121)
	  Index Cond: (id = 2553553)

table 2 : explain SELECT c FROM sbtest2 WHERE id=8231493
	Index Scan using sbtest2_pkey on sbtest2  (cost=0.43..8.45 rows=1 width=121)
	  Index Cond: (id = 8231493)

table 3 : explain SELECT c FROM sbtest3 WHERE id=2558393
	Index Scan using sbtest3_pkey on sbtest3  (cost=0.43..8.45 rows=1 width=121)
	  Index Cond: (id = 2558393)

table 4 : explain SELECT c FROM sbtest4 WHERE id=5842844
	Index Scan using sbtest4_pkey on sbtest4  (cost=0.43..8.45 rows=1 width=121)
	  Index Cond: (id = 5842844)

table 5 : explain SELECT c FROM sbtest5 WHERE id=691358
	Index Scan using sbtest5_pkey on sbtest5  (cost=0.43..8.45 rows=1 width=121)
	  Index Cond: (id = 691358)

table 6 : explain SELECT c FROM sbtest6 WHERE id=7383305
	Index Scan using sbtest6_pkey on sbtest6  (cost=0.43..8.45 rows=1 width=121)
	  Index Cond: (id = 7383305)

table 7 : explain SELECT c FROM sbtest7 WHERE id=7035521
	Index Scan using sbtest7_pkey on sbtest7  (cost=0.43..8.45 rows=1 width=121)
	  Index Cond: (id = 7035521)

table 8 : explain SELECT c FROM sbtest8 WHERE id=5059008
	Index Scan using sbtest8_pkey on sbtest8  (cost=0.43..8.45 rows=1 width=121)
	  Index Cond: (id = 5059008)

for: distinct_ranges
table 1 : explain SELECT DISTINCT c FROM sbtest1 WHERE id BETWEEN 3136522 AND 3146521 ORDER BY c
	Unique  (cost=37284.17..37337.45 rows=10655 width=121)
	  ->  Sort  (cost=37284.17..37310.81 rows=10655 width=121)
	        Sort Key: c
	        ->  Bitmap Heap Scan on sbtest1  (cost=297.65..36571.40 rows=10655 width=121)
	              Recheck Cond: ((id >= 3136522) AND (id <= 3146521))
	              ->  Bitmap Index Scan on sbtest1_pkey  (cost=0.00..294.99 rows=10655 width=0)
	                    Index Cond: ((id >= 3136522) AND (id <= 3146521))

table 2 : explain SELECT DISTINCT c FROM sbtest2 WHERE id BETWEEN 4863089 AND 4873088 ORDER BY c
	Unique  (cost=34557.00..34605.94 rows=9788 width=121)
	  ->  Sort  (cost=34557.00..34581.47 rows=9788 width=121)
	        Sort Key: c
	        ->  Bitmap Heap Scan on sbtest2  (cost=272.76..33908.21 rows=9788 width=121)
	              Recheck Cond: ((id >= 4863089) AND (id <= 4873088))
	              ->  Bitmap Index Scan on sbtest2_pkey  (cost=0.00..270.31 rows=9788 width=0)
	                    Index Cond: ((id >= 4863089) AND (id <= 4873088))

table 3 : explain SELECT DISTINCT c FROM sbtest3 WHERE id BETWEEN 3645563 AND 3655562 ORDER BY c
	Unique  (cost=35731.97..35782.71 rows=10148 width=121)
	  ->  Sort  (cost=35731.97..35757.34 rows=10148 width=121)
	        Sort Key: c
	        ->  Bitmap Heap Scan on sbtest3  (cost=276.45..35056.67 rows=10148 width=121)
	              Recheck Cond: ((id >= 3645563) AND (id <= 3655562))
	              ->  Bitmap Index Scan on sbtest3_pkey  (cost=0.00..273.92 rows=10148 width=0)
	                    Index Cond: ((id >= 3645563) AND (id <= 3655562))

table 4 : explain SELECT DISTINCT c FROM sbtest4 WHERE id BETWEEN 4792491 AND 4802490 ORDER BY c
	Unique  (cost=37641.10..37694.82 rows=10744 width=121)
	  ->  Sort  (cost=37641.10..37667.96 rows=10744 width=121)
	        Sort Key: c
	        ->  Bitmap Heap Scan on sbtest4  (cost=294.56..36921.72 rows=10744 width=121)
	              Recheck Cond: ((id >= 4792491) AND (id <= 4802490))
	              ->  Bitmap Index Scan on sbtest4_pkey  (cost=0.00..291.88 rows=10744 width=0)
	                    Index Cond: ((id >= 4792491) AND (id <= 4802490))

table 5 : explain SELECT DISTINCT c FROM sbtest5 WHERE id BETWEEN 618691 AND 628690 ORDER BY c
	Unique  (cost=32646.15..32691.88 rows=9146 width=121)
	  ->  Sort  (cost=32646.15..32669.02 rows=9146 width=121)
	        Sort Key: c
	        ->  Bitmap Heap Scan on sbtest5  (cost=258.18..32044.40 rows=9146 width=121)
	              Recheck Cond: ((id >= 618691) AND (id <= 628690))
	              ->  Bitmap Index Scan on sbtest5_pkey  (cost=0.00..255.90 rows=9146 width=0)
	                    Index Cond: ((id >= 618691) AND (id <= 628690))

table 6 : explain SELECT DISTINCT c FROM sbtest6 WHERE id BETWEEN 85275 AND 95274 ORDER BY c
	Unique  (cost=35428.29..35478.43 rows=10028 width=121)
	  ->  Sort  (cost=35428.29..35453.36 rows=10028 width=121)
	        Sort Key: c
	        ->  Bitmap Heap Scan on sbtest6  (cost=283.22..34761.85 rows=10028 width=121)
	              Recheck Cond: ((id >= 85275) AND (id <= 95274))
	              ->  Bitmap Index Scan on sbtest6_pkey  (cost=0.00..280.71 rows=10028 width=0)
	                    Index Cond: ((id >= 85275) AND (id <= 95274))

table 7 : explain SELECT DISTINCT c FROM sbtest7 WHERE id BETWEEN 2665315 AND 2675314 ORDER BY c
	Unique  (cost=36446.51..36498.06 rows=10309 width=121)
	  ->  Sort  (cost=36446.51..36472.29 rows=10309 width=121)
	        Sort Key: c
	        ->  Bitmap Heap Scan on sbtest7  (cost=294.10..35759.34 rows=10309 width=121)
	              Recheck Cond: ((id >= 2665315) AND (id <= 2675314))
	              ->  Bitmap Index Scan on sbtest7_pkey  (cost=0.00..291.53 rows=10309 width=0)
	                    Index Cond: ((id >= 2665315) AND (id <= 2675314))

table 8 : explain SELECT DISTINCT c FROM sbtest8 WHERE id BETWEEN 8728030 AND 8738029 ORDER BY c
	Unique  (cost=32880.99..32927.20 rows=9242 width=121)
	  ->  Sort  (cost=32880.99..32904.09 rows=9242 width=121)
	        Sort Key: c
	        ->  Bitmap Heap Scan on sbtest8  (cost=259.17..32272.22 rows=9242 width=121)
	              Recheck Cond: ((id >= 8728030) AND (id <= 8738029))
	              ->  Bitmap Index Scan on sbtest8_pkey  (cost=0.00..256.86 rows=9242 width=0)
	                    Index Cond: ((id >= 8728030) AND (id <= 8738029))

for: simple_ranges
table 1 : explain SELECT c FROM sbtest1 WHERE id BETWEEN 6854425 AND 6864424
	Bitmap Heap Scan on sbtest1  (cost=274.25..34310.55 rows=9933 width=121)
	  Recheck Cond: ((id >= 6854425) AND (id <= 6864424))
	  ->  Bitmap Index Scan on sbtest1_pkey  (cost=0.00..271.76 rows=9933 width=0)
	        Index Cond: ((id >= 6854425) AND (id <= 6864424))

table 2 : explain SELECT c FROM sbtest2 WHERE id BETWEEN 5223119 AND 5233118
	Bitmap Heap Scan on sbtest2  (cost=274.91..34567.91 rows=9998 width=121)
	  Recheck Cond: ((id >= 5223119) AND (id <= 5233118))
	  ->  Bitmap Index Scan on sbtest2_pkey  (cost=0.00..272.42 rows=9998 width=0)
	        Index Cond: ((id >= 5223119) AND (id <= 5233118))

table 3 : explain SELECT c FROM sbtest3 WHERE id BETWEEN 6734546 AND 6744545
	Bitmap Heap Scan on sbtest3  (cost=302.09..37992.48 rows=11088 width=121)
	  Recheck Cond: ((id >= 6734546) AND (id <= 6744545))
	  ->  Bitmap Index Scan on sbtest3_pkey  (cost=0.00..299.31 rows=11088 width=0)
	        Index Cond: ((id >= 6734546) AND (id <= 6744545))

table 4 : explain SELECT c FROM sbtest4 WHERE id BETWEEN 3161486 AND 3171485
	Bitmap Heap Scan on sbtest4  (cost=275.83..34864.37 rows=10087 width=121)
	  Recheck Cond: ((id >= 3161486) AND (id <= 3171485))
	  ->  Bitmap Index Scan on sbtest4_pkey  (cost=0.00..273.31 rows=10087 width=0)
	        Index Cond: ((id >= 3161486) AND (id <= 3171485))

table 5 : explain SELECT c FROM sbtest5 WHERE id BETWEEN 5162589 AND 5172588
	Bitmap Heap Scan on sbtest5  (cost=309.01..37874.78 rows=10983 width=121)
	  Recheck Cond: ((id >= 5162589) AND (id <= 5172588))
	  ->  Bitmap Index Scan on sbtest5_pkey  (cost=0.00..306.26 rows=10983 width=0)
	        Index Cond: ((id >= 5162589) AND (id <= 5172588))

table 6 : explain SELECT c FROM sbtest6 WHERE id BETWEEN 803757 AND 813756
	Bitmap Heap Scan on sbtest6  (cost=284.18..35053.28 rows=10121 width=121)
	  Recheck Cond: ((id >= 803757) AND (id <= 813756))
	  ->  Bitmap Index Scan on sbtest6_pkey  (cost=0.00..281.65 rows=10121 width=0)
	        Index Cond: ((id >= 803757) AND (id <= 813756))

table 7 : explain SELECT c FROM sbtest7 WHERE id BETWEEN 7540777 AND 7550776
	Bitmap Heap Scan on sbtest7  (cost=293.54..35587.40 rows=10254 width=121)
	  Recheck Cond: ((id >= 7540777) AND (id <= 7550776))
	  ->  Bitmap Index Scan on sbtest7_pkey  (cost=0.00..290.98 rows=10254 width=0)
	        Index Cond: ((id >= 7540777) AND (id <= 7550776))

table 8 : explain SELECT c FROM sbtest8 WHERE id BETWEEN 7423893 AND 7433892
	Bitmap Heap Scan on sbtest8  (cost=279.55..34869.77 rows=10060 width=121)
	  Recheck Cond: ((id >= 7423893) AND (id <= 7433892))
	  ->  Bitmap Index Scan on sbtest8_pkey  (cost=0.00..277.04 rows=10060 width=0)
	        Index Cond: ((id >= 7423893) AND (id <= 7433892))

for: sum_ranges
table 1 : explain SELECT SUM(k) FROM sbtest1 WHERE id BETWEEN 3784340 AND 3794339
	Aggregate  (cost=34623.31..34623.32 rows=1 width=8)
	  ->  Bitmap Heap Scan on sbtest1  (cost=279.18..34598.25 rows=10024 width=4)
	        Recheck Cond: ((id >= 3784340) AND (id <= 3794339))
	        ->  Bitmap Index Scan on sbtest1_pkey  (cost=0.00..276.68 rows=10024 width=0)
	              Index Cond: ((id >= 3784340) AND (id <= 3794339))

table 2 : explain SELECT SUM(k) FROM sbtest2 WHERE id BETWEEN 5616994 AND 5626993
	Aggregate  (cost=34301.83..34301.84 rows=1 width=8)
	  ->  Bitmap Heap Scan on sbtest2  (cost=273.96..34277.06 rows=9905 width=4)
	        Recheck Cond: ((id >= 5616994) AND (id <= 5626993))
	        ->  Bitmap Index Scan on sbtest2_pkey  (cost=0.00..271.49 rows=9905 width=0)
	              Index Cond: ((id >= 5616994) AND (id <= 5626993))

table 3 : explain SELECT SUM(k) FROM sbtest3 WHERE id BETWEEN 9343955 AND 9353954
	Aggregate  (cost=32878.70..32878.71 rows=1 width=8)
	  ->  Bitmap Heap Scan on sbtest3  (cost=261.30..32855.07 rows=9450 width=4)
	        Recheck Cond: ((id >= 9343955) AND (id <= 9353954))
	        ->  Bitmap Index Scan on sbtest3_pkey  (cost=0.00..258.94 rows=9450 width=0)
	              Index Cond: ((id >= 9343955) AND (id <= 9353954))

table 4 : explain SELECT SUM(k) FROM sbtest4 WHERE id BETWEEN 3783424 AND 3793423
	Aggregate  (cost=34011.69..34011.70 rows=1 width=8)
	  ->  Bitmap Heap Scan on sbtest4  (cost=268.97..33987.17 rows=9808 width=4)
	        Recheck Cond: ((id >= 3783424) AND (id <= 3793423))
	        ->  Bitmap Index Scan on sbtest4_pkey  (cost=0.00..266.51 rows=9808 width=0)
	              Index Cond: ((id >= 3783424) AND (id <= 3793423))

table 5 : explain SELECT SUM(k) FROM sbtest5 WHERE id BETWEEN 2201211 AND 2211210
	Aggregate  (cost=34754.41..34754.42 rows=1 width=8)
	  ->  Bitmap Heap Scan on sbtest5  (cost=282.78..34729.45 rows=9985 width=4)
	        Recheck Cond: ((id >= 2201211) AND (id <= 2211210))
	        ->  Bitmap Index Scan on sbtest5_pkey  (cost=0.00..280.29 rows=9985 width=0)
	              Index Cond: ((id >= 2201211) AND (id <= 2211210))

table 6 : explain SELECT SUM(k) FROM sbtest6 WHERE id BETWEEN 2265346 AND 2275345
	Aggregate  (cost=35800.66..35800.67 rows=1 width=8)
	  ->  Bitmap Heap Scan on sbtest6  (cost=290.52..35774.78 rows=10350 width=4)
	        Recheck Cond: ((id >= 2265346) AND (id <= 2275345))
	        ->  Bitmap Index Scan on sbtest6_pkey  (cost=0.00..287.94 rows=10350 width=0)
	              Index Cond: ((id >= 2265346) AND (id <= 2275345))

table 7 : explain SELECT SUM(k) FROM sbtest7 WHERE id BETWEEN 3651252 AND 3661251
	Aggregate  (cost=36379.11..36379.12 rows=1 width=8)
	  ->  Bitmap Heap Scan on sbtest7  (cost=300.02..36352.87 rows=10496 width=4)
	        Recheck Cond: ((id >= 3651252) AND (id <= 3661251))
	        ->  Bitmap Index Scan on sbtest7_pkey  (cost=0.00..297.40 rows=10496 width=0)
	              Index Cond: ((id >= 3651252) AND (id <= 3661251))

table 8 : explain SELECT SUM(k) FROM sbtest8 WHERE id BETWEEN 9588136 AND 9598135
	Aggregate  (cost=35770.62..35770.63 rows=1 width=8)
	  ->  Bitmap Heap Scan on sbtest8  (cost=290.38..35744.78 rows=10336 width=4)
	        Recheck Cond: ((id >= 9588136) AND (id <= 9598135))
	        ->  Bitmap Index Scan on sbtest8_pkey  (cost=0.00..287.80 rows=10336 width=0)
	              Index Cond: ((id >= 9588136) AND (id <= 9598135))

for: order_ranges
table 1 : explain SELECT c FROM sbtest1 WHERE id BETWEEN 8024806 AND 8034805 ORDER BY c
	Sort  (cost=33867.62..33891.59 rows=9590 width=121)
	  Sort Key: c
	  ->  Bitmap Heap Scan on sbtest1  (cost=266.73..33233.37 rows=9590 width=121)
	        Recheck Cond: ((id >= 8024806) AND (id <= 8034805))
	        ->  Bitmap Index Scan on sbtest1_pkey  (cost=0.00..264.33 rows=9590 width=0)
	              Index Cond: ((id >= 8024806) AND (id <= 8034805))

table 2 : explain SELECT c FROM sbtest2 WHERE id BETWEEN 9761135 AND 9771134 ORDER BY c
	Sort  (cost=39325.58..39353.78 rows=11280 width=121)
	  Sort Key: c
	  ->  Bitmap Heap Scan on sbtest2  (cost=312.06..38566.35 rows=11280 width=121)
	        Recheck Cond: ((id >= 9761135) AND (id <= 9771134))
	        ->  Bitmap Index Scan on sbtest2_pkey  (cost=0.00..309.24 rows=11280 width=0)
	              Index Cond: ((id >= 9761135) AND (id <= 9771134))

table 3 : explain SELECT c FROM sbtest3 WHERE id BETWEEN 8276679 AND 8286678 ORDER BY c
	Sort  (cost=37291.89..37318.47 rows=10633 width=121)
	  Sort Key: c
	  ->  Bitmap Heap Scan on sbtest3  (cost=293.42..36580.74 rows=10633 width=121)
	        Recheck Cond: ((id >= 8276679) AND (id <= 8286678))
	        ->  Bitmap Index Scan on sbtest3_pkey  (cost=0.00..290.76 rows=10633 width=0)
	              Index Cond: ((id >= 8276679) AND (id <= 8286678))

table 4 : explain SELECT c FROM sbtest4 WHERE id BETWEEN 28782 AND 38781 ORDER BY c
	Sort  (cost=35144.92..35169.83 rows=9965 width=121)
	  Sort Key: c
	  ->  Bitmap Heap Scan on sbtest4  (cost=274.58..34483.11 rows=9965 width=121)
	        Recheck Cond: ((id >= 28782) AND (id <= 38781))
	        ->  Bitmap Index Scan on sbtest4_pkey  (cost=0.00..272.08 rows=9965 width=0)
	              Index Cond: ((id >= 28782) AND (id <= 38781))

table 5 : explain SELECT c FROM sbtest5 WHERE id BETWEEN 5213292 AND 5223291 ORDER BY c
	Sort  (cost=37766.53..37793.33 rows=10719 width=121)
	  Sort Key: c
	  ->  Bitmap Heap Scan on sbtest5  (cost=302.30..37049.01 rows=10719 width=121)
	        Recheck Cond: ((id >= 5213292) AND (id <= 5223291))
	        ->  Bitmap Index Scan on sbtest5_pkey  (cost=0.00..299.62 rows=10719 width=0)
	              Index Cond: ((id >= 5213292) AND (id <= 5223291))

table 6 : explain SELECT c FROM sbtest6 WHERE id BETWEEN 5626683 AND 5636682 ORDER BY c
	Sort  (cost=32398.75..32421.49 rows=9098 width=121)
	  Sort Key: c
	  ->  Bitmap Heap Scan on sbtest6  (cost=257.69..31800.49 rows=9098 width=121)
	        Recheck Cond: ((id >= 5626683) AND (id <= 5636682))
	        ->  Bitmap Index Scan on sbtest6_pkey  (cost=0.00..255.42 rows=9098 width=0)
	              Index Cond: ((id >= 5626683) AND (id <= 5636682))

table 7 : explain SELECT c FROM sbtest7 WHERE id BETWEEN 9064256 AND 9074255 ORDER BY c
	Sort  (cost=36247.29..36272.91 rows=10247 width=121)
	  Sort Key: c
	  ->  Bitmap Heap Scan on sbtest7  (cost=293.47..35564.70 rows=10247 width=121)
	        Recheck Cond: ((id >= 9064256) AND (id <= 9074255))
	        ->  Bitmap Index Scan on sbtest7_pkey  (cost=0.00..290.91 rows=10247 width=0)
	              Index Cond: ((id >= 9064256) AND (id <= 9074255))

table 8 : explain SELECT c FROM sbtest8 WHERE id BETWEEN 744454 AND 754453 ORDER BY c
	Sort  (cost=38119.92..38147.08 rows=10862 width=121)
	  Sort Key: c
	  ->  Bitmap Heap Scan on sbtest8  (cost=303.77..37391.79 rows=10862 width=121)
	        Recheck Cond: ((id >= 744454) AND (id <= 754453))
	        ->  Bitmap Index Scan on sbtest8_pkey  (cost=0.00..301.06 rows=10862 width=0)
	              Index Cond: ((id >= 744454) AND (id <= 754453))

for: distinct_ranges
table 1 : explain SELECT DISTINCT c FROM sbtest1 WHERE id BETWEEN 631249 AND 641248 ORDER BY c
	Unique  (cost=37581.96..37635.70 rows=10749 width=121)
	  ->  Sort  (cost=37581.96..37608.83 rows=10749 width=121)
	        Sort Key: c
	        ->  Bitmap Heap Scan on sbtest1  (cost=298.61..36862.21 rows=10749 width=121)
	              Recheck Cond: ((id >= 631249) AND (id <= 641248))
	              ->  Bitmap Index Scan on sbtest1_pkey  (cost=0.00..295.93 rows=10749 width=0)
	                    Index Cond: ((id >= 631249) AND (id <= 641248))

table 2 : explain SELECT DISTINCT c FROM sbtest2 WHERE id BETWEEN 643338 AND 653337 ORDER BY c
	Unique  (cost=36018.54..36069.75 rows=10243 width=121)
	  ->  Sort  (cost=36018.54..36044.14 rows=10243 width=121)
	        Sort Key: c
	        ->  Bitmap Heap Scan on sbtest2  (cost=281.43..35336.23 rows=10243 width=121)
	              Recheck Cond: ((id >= 643338) AND (id <= 653337))
	              ->  Bitmap Index Scan on sbtest2_pkey  (cost=0.00..278.87 rows=10243 width=0)
	                    Index Cond: ((id >= 643338) AND (id <= 653337))

table 3 : explain SELECT DISTINCT c FROM sbtest3 WHERE id BETWEEN 4762585 AND 4772584 ORDER BY c
	Unique  (cost=34619.35..34668.36 rows=9802 width=121)
	  ->  Sort  (cost=34619.35..34643.85 rows=9802 width=121)
	        Sort Key: c
	        ->  Bitmap Heap Scan on sbtest3  (cost=268.91..33969.53 rows=9802 width=121)
	              Recheck Cond: ((id >= 4762585) AND (id <= 4772584))
	              ->  Bitmap Index Scan on sbtest3_pkey  (cost=0.00..266.45 rows=9802 width=0)
	                    Index Cond: ((id >= 4762585) AND (id <= 4772584))

table 4 : explain SELECT DISTINCT c FROM sbtest4 WHERE id BETWEEN 3448805 AND 3458804 ORDER BY c
	Unique  (cost=34922.43..34971.91 rows=9897 width=121)
	  ->  Sort  (cost=34922.43..34947.17 rows=9897 width=121)
	        Sort Key: c
	        ->  Bitmap Heap Scan on sbtest4  (cost=269.88..34265.62 rows=9897 width=121)
	              Recheck Cond: ((id >= 3448805) AND (id <= 3458804))
	              ->  Bitmap Index Scan on sbtest4_pkey  (cost=0.00..267.41 rows=9897 width=0)
	                    Index Cond: ((id >= 3448805) AND (id <= 3458804))

table 5 : explain SELECT DISTINCT c FROM sbtest5 WHERE id BETWEEN 5495355 AND 5505354 ORDER BY c
	Unique  (cost=34357.10..34405.44 rows=9668 width=121)
	  ->  Sort  (cost=34357.10..34381.27 rows=9668 width=121)
	        Sort Key: c
	        ->  Bitmap Heap Scan on sbtest5  (cost=271.53..33717.13 rows=9668 width=121)
	              Recheck Cond: ((id >= 5495355) AND (id <= 5505354))
	              ->  Bitmap Index Scan on sbtest5_pkey  (cost=0.00..269.12 rows=9668 width=0)
	                    Index Cond: ((id >= 5495355) AND (id <= 5505354))

table 6 : explain SELECT DISTINCT c FROM sbtest6 WHERE id BETWEEN 1955580 AND 1965579 ORDER BY c
	Unique  (cost=33446.52..33493.62 rows=9419 width=121)
	  ->  Sort  (cost=33446.52..33470.07 rows=9419 width=121)
	        Sort Key: c
	        ->  Bitmap Heap Scan on sbtest6  (cost=264.98..32824.80 rows=9419 width=121)
	              Recheck Cond: ((id >= 1955580) AND (id <= 1965579))
	              ->  Bitmap Index Scan on sbtest6_pkey  (cost=0.00..262.62 rows=9419 width=0)
	                    Index Cond: ((id >= 1955580) AND (id <= 1965579))

table 7 : explain SELECT DISTINCT c FROM sbtest7 WHERE id BETWEEN 7672088 AND 7682087 ORDER BY c
	Unique  (cost=33786.58..33834.04 rows=9492 width=121)
	  ->  Sort  (cost=33786.58..33810.31 rows=9492 width=121)
	        Sort Key: c
	        ->  Bitmap Heap Scan on sbtest7  (cost=269.73..33159.52 rows=9492 width=121)
	              Recheck Cond: ((id >= 7672088) AND (id <= 7682087))
	              ->  Bitmap Index Scan on sbtest7_pkey  (cost=0.00..267.36 rows=9492 width=0)
	                    Index Cond: ((id >= 7672088) AND (id <= 7682087))

table 8 : explain SELECT DISTINCT c FROM sbtest8 WHERE id BETWEEN 839097 AND 849096 ORDER BY c
	Unique  (cost=34881.18..34930.46 rows=9856 width=121)
	  ->  Sort  (cost=34881.18..34905.82 rows=9856 width=121)
	        Sort Key: c
	        ->  Bitmap Heap Scan on sbtest8  (cost=277.46..34227.39 rows=9856 width=121)
	              Recheck Cond: ((id >= 839097) AND (id <= 849096))
	              ->  Bitmap Index Scan on sbtest8_pkey  (cost=0.00..275.00 rows=9856 width=0)
	                    Index Cond: ((id >= 839097) AND (id <= 849096))

Threads started!

Warming up for 5 seconds...

SQL statistics:
    queries performed:
        read:                            3843000
        write:                           0
        other:                           549028
        total:                           4392028
    transactions:                        274534 (435.70 per sec.)
    queries:                             4392028 (6970.46 per sec.)
    ignored errors:                      0      (0.00 per sec.)
    reconnects:                          0      (0.00 per sec.)

Throughput:
    events/s (eps):                      435.7048
    time elapsed:                        630.0920s
    total number of events:              274534

Latency (ms):
         min:                                   53.81
         avg:                                   91.80
         max:                                  118.09
         95th percentile:                       95.81
         sum:                             25203271.70

Threads fairness:
    events (avg/stddev):           6863.3250/23.52
    execution time (avg/stddev):   630.0818/0.04

