LUA_PATH=/home/mdcallag/git/mytools/bench/sysbench.lua/lua/?.lua /home/mdcallag/git/mytools/bench/sysbench.lua/lua/sysbench --db-driver=pgsql --range-size=1000 --table-size=10000000 --tables=8 --threads=40 --events=0 --warmup-time=5 --time=630 --pgsql_conn_id=true /home/mdcallag/git/mytools/bench/sysbench.lua/lua/oltp_read_only.lua run --pgsql-user=root --pgsql-password=pw --pgsql-host=127.0.0.1 --pgsql-db=ib --rand-type=uniform --simple-ranges=1 --sum-ranges=0 --order-ranges=0 --distinct-ranges=0
48 CPUs
sysbench 1.1.0-9072687 (using bundled LuaJIT 2.1.0-beta3)

Running the test with following options:
Number of threads: 40
Warmup time: 5s
Initializing random number generator from current time


Initializing worker threads...

explain: for point_selects :: explain SELECT c FROM sbtest%u WHERE id=%u
explain: for point_selects :: explain SELECT c FROM sbtest%u WHERE id=%u
explain: for point_selects :: explain SELECT c FROM sbtest%u WHERE id=%u
explain: for point_selects :: explain SELECT c FROM sbtest%u WHERE id=%u
explain: for point_selects :: explain SELECT c FROM sbtest%u WHERE id=%u
explain: for point_selects :: explain SELECT c FROM sbtest%u WHERE id=%u
explain: for point_selects :: explain SELECT c FROM sbtest%u WHERE id=%u
explain: for point_selects :: explain SELECT c FROM sbtest%u WHERE id=%u
for point_selects
table 1 : explain SELECT c FROM sbtest1 WHERE id=2251217
	Index Scan using sbtest1_pkey on sbtest1  (cost=0.43..8.45 rows=1 width=121)
	  Index Cond: (id = 2251217)

table 2 : explain SELECT c FROM sbtest2 WHERE id=7547649
	Index Scan using sbtest2_pkey on sbtest2  (cost=0.43..8.45 rows=1 width=121)
	  Index Cond: (id = 7547649)

table 3 : explain SELECT c FROM sbtest3 WHERE id=4808708
	Index Scan using sbtest3_pkey on sbtest3  (cost=0.43..8.45 rows=1 width=121)
	  Index Cond: (id = 4808708)

table 4 : explain SELECT c FROM sbtest4 WHERE id=3728872
	Index Scan using sbtest4_pkey on sbtest4  (cost=0.43..8.45 rows=1 width=121)
	  Index Cond: (id = 3728872)

table 5 : explain SELECT c FROM sbtest5 WHERE id=7268818
	Index Scan using sbtest5_pkey on sbtest5  (cost=0.43..8.45 rows=1 width=121)
	  Index Cond: (id = 7268818)

table 6 : explain SELECT c FROM sbtest6 WHERE id=8924295
	Index Scan using sbtest6_pkey on sbtest6  (cost=0.43..8.45 rows=1 width=121)
	  Index Cond: (id = 8924295)

table 7 : explain SELECT c FROM sbtest7 WHERE id=710741
	Index Scan using sbtest7_pkey on sbtest7  (cost=0.43..8.45 rows=1 width=121)
	  Index Cond: (id = 710741)

table 8 : explain SELECT c FROM sbtest8 WHERE id=6716526
	Index Scan using sbtest8_pkey on sbtest8  (cost=0.43..8.45 rows=1 width=121)
	  Index Cond: (id = 6716526)

for point_selects
table 1 : explain SELECT c FROM sbtest1 WHERE id=8323638
	Index Scan using sbtest1_pkey on sbtest1  (cost=0.43..8.45 rows=1 width=121)
	  Index Cond: (id = 8323638)

table 2 : explain SELECT c FROM sbtest2 WHERE id=3636071
	Index Scan using sbtest2_pkey on sbtest2  (cost=0.43..8.45 rows=1 width=121)
	  Index Cond: (id = 3636071)

table 3 : explain SELECT c FROM sbtest3 WHERE id=5762754
	Index Scan using sbtest3_pkey on sbtest3  (cost=0.43..8.45 rows=1 width=121)
	  Index Cond: (id = 5762754)

table 4 : explain SELECT c FROM sbtest4 WHERE id=6789845
	Index Scan using sbtest4_pkey on sbtest4  (cost=0.43..8.45 rows=1 width=121)
	  Index Cond: (id = 6789845)

table 5 : explain SELECT c FROM sbtest5 WHERE id=9773243
	Index Scan using sbtest5_pkey on sbtest5  (cost=0.43..8.45 rows=1 width=121)
	  Index Cond: (id = 9773243)

table 6 : explain SELECT c FROM sbtest6 WHERE id=6532073
	Index Scan using sbtest6_pkey on sbtest6  (cost=0.43..8.45 rows=1 width=121)
	  Index Cond: (id = 6532073)

table 7 : explain SELECT c FROM sbtest7 WHERE id=2071791
	Index Scan using sbtest7_pkey on sbtest7  (cost=0.43..8.45 rows=1 width=121)
	  Index Cond: (id = 2071791)

table 8 : explain SELECT c FROM sbtest8 WHERE id=6435808
	Index Scan using sbtest8_pkey on sbtest8  (cost=0.43..8.45 rows=1 width=121)
	  Index Cond: (id = 6435808)

for point_selects
table 1 : explain SELECT c FROM sbtest1 WHERE id=7367637
	Index Scan using sbtest1_pkey on sbtest1  (cost=0.43..8.45 rows=1 width=121)
	  Index Cond: (id = 7367637)

table 2 : explain SELECT c FROM sbtest2 WHERE id=4505821
	Index Scan using sbtest2_pkey on sbtest2  (cost=0.43..8.45 rows=1 width=121)
	  Index Cond: (id = 4505821)

table 3 : explain SELECT c FROM sbtest3 WHERE id=2700813
	Index Scan using sbtest3_pkey on sbtest3  (cost=0.43..8.45 rows=1 width=121)
	  Index Cond: (id = 2700813)

table 4 : explain SELECT c FROM sbtest4 WHERE id=7550280
	Index Scan using sbtest4_pkey on sbtest4  (cost=0.43..8.45 rows=1 width=121)
	  Index Cond: (id = 7550280)

table 5 : explain SELECT c FROM sbtest5 WHERE id=5201993
	Index Scan using sbtest5_pkey on sbtest5  (cost=0.43..8.45 rows=1 width=121)
	  Index Cond: (id = 5201993)

table 6 : explain SELECT c FROM sbtest6 WHERE id=7221475
	Index Scan using sbtest6_pkey on sbtest6  (cost=0.43..8.45 rows=1 width=121)
	  Index Cond: (id = 7221475)

table 7 : explain SELECT c FROM sbtest7 WHERE id=4260154
	Index Scan using sbtest7_pkey on sbtest7  (cost=0.43..8.45 rows=1 width=121)
	  Index Cond: (id = 4260154)

table 8 : explain SELECT c FROM sbtest8 WHERE id=8365705
	Index Scan using sbtest8_pkey on sbtest8  (cost=0.43..8.45 rows=1 width=121)
	  Index Cond: (id = 8365705)

for: simple_ranges
table 1 : explain SELECT c FROM sbtest1 WHERE id BETWEEN 4296249 AND 4297248
	Bitmap Heap Scan on sbtest1  (cost=30.76..3897.65 rows=1007 width=121)
	  Recheck Cond: ((id >= 4296249) AND (id <= 4297248))
	  ->  Bitmap Index Scan on sbtest1_pkey  (cost=0.00..30.50 rows=1007 width=0)
	        Index Cond: ((id >= 4296249) AND (id <= 4297248))

table 2 : explain SELECT c FROM sbtest2 WHERE id BETWEEN 9068945 AND 9069944
	Bitmap Heap Scan on sbtest2  (cost=30.45..3785.94 rows=977 width=121)
	  Recheck Cond: ((id >= 9068945) AND (id <= 9069944))
	  ->  Bitmap Index Scan on sbtest2_pkey  (cost=0.00..30.20 rows=977 width=0)
	        Index Cond: ((id >= 9068945) AND (id <= 9069944))

table 3 : explain SELECT c FROM sbtest3 WHERE id BETWEEN 2541824 AND 2542823
	Bitmap Heap Scan on sbtest3  (cost=30.66..3865.73 rows=998 width=121)
	  Recheck Cond: ((id >= 2541824) AND (id <= 2542823))
	  ->  Bitmap Index Scan on sbtest3_pkey  (cost=0.00..30.41 rows=998 width=0)
	        Index Cond: ((id >= 2541824) AND (id <= 2542823))

table 4 : explain SELECT c FROM sbtest4 WHERE id BETWEEN 9423908 AND 9424907
	Bitmap Heap Scan on sbtest4  (cost=30.27..3722.22 rows=960 width=121)
	  Recheck Cond: ((id >= 9423908) AND (id <= 9424907))
	  ->  Bitmap Index Scan on sbtest4_pkey  (cost=0.00..30.04 rows=960 width=0)
	        Index Cond: ((id >= 9423908) AND (id <= 9424907))

table 5 : explain SELECT c FROM sbtest5 WHERE id BETWEEN 8623632 AND 8624631
	Bitmap Heap Scan on sbtest5  (cost=30.74..3896.90 rows=1005 width=121)
	  Recheck Cond: ((id >= 8623632) AND (id <= 8624631))
	  ->  Bitmap Index Scan on sbtest5_pkey  (cost=0.00..30.48 rows=1005 width=0)
	        Index Cond: ((id >= 8623632) AND (id <= 8624631))

table 6 : explain SELECT c FROM sbtest6 WHERE id BETWEEN 8050278 AND 8051277
	Bitmap Heap Scan on sbtest6  (cost=30.53..3818.53 rows=985 width=121)
	  Recheck Cond: ((id >= 8050278) AND (id <= 8051277))
	  ->  Bitmap Index Scan on sbtest6_pkey  (cost=0.00..30.29 rows=985 width=0)
	        Index Cond: ((id >= 8050278) AND (id <= 8051277))

table 7 : explain SELECT c FROM sbtest7 WHERE id BETWEEN 4141314 AND 4142313
	Bitmap Heap Scan on sbtest7  (cost=30.26..3722.99 rows=959 width=121)
	  Recheck Cond: ((id >= 4141314) AND (id <= 4142313))
	  ->  Bitmap Index Scan on sbtest7_pkey  (cost=0.00..30.02 rows=959 width=0)
	        Index Cond: ((id >= 4141314) AND (id <= 4142313))

table 8 : explain SELECT c FROM sbtest8 WHERE id BETWEEN 498833 AND 499832
	Bitmap Heap Scan on sbtest8  (cost=31.47..4165.91 rows=1077 width=121)
	  Recheck Cond: ((id >= 498833) AND (id <= 499832))
	  ->  Bitmap Index Scan on sbtest8_pkey  (cost=0.00..31.20 rows=1077 width=0)
	        Index Cond: ((id >= 498833) AND (id <= 499832))

for point_selects
table 1 : explain SELECT c FROM sbtest1 WHERE id=4470362
	Index Scan using sbtest1_pkey on sbtest1  (cost=0.43..8.45 rows=1 width=121)
	  Index Cond: (id = 4470362)

table 2 : explain SELECT c FROM sbtest2 WHERE id=1766995
	Index Scan using sbtest2_pkey on sbtest2  (cost=0.43..8.45 rows=1 width=121)
	  Index Cond: (id = 1766995)

table 3 : explain SELECT c FROM sbtest3 WHERE id=3771478
	Index Scan using sbtest3_pkey on sbtest3  (cost=0.43..8.45 rows=1 width=121)
	  Index Cond: (id = 3771478)

table 4 : explain SELECT c FROM sbtest4 WHERE id=3954304
	Index Scan using sbtest4_pkey on sbtest4  (cost=0.43..8.45 rows=1 width=121)
	  Index Cond: (id = 3954304)

table 5 : explain SELECT c FROM sbtest5 WHERE id=5873691
	Index Scan using sbtest5_pkey on sbtest5  (cost=0.43..8.45 rows=1 width=121)
	  Index Cond: (id = 5873691)

table 6 : explain SELECT c FROM sbtest6 WHERE id=3289681
	Index Scan using sbtest6_pkey on sbtest6  (cost=0.43..8.45 rows=1 width=121)
	  Index Cond: (id = 3289681)

table 7 : explain SELECT c FROM sbtest7 WHERE id=694569
	Index Scan using sbtest7_pkey on sbtest7  (cost=0.43..8.45 rows=1 width=121)
	  Index Cond: (id = 694569)

table 8 : explain SELECT c FROM sbtest8 WHERE id=1733557
	Index Scan using sbtest8_pkey on sbtest8  (cost=0.43..8.45 rows=1 width=121)
	  Index Cond: (id = 1733557)

for: simple_ranges
table 1 : explain SELECT c FROM sbtest1 WHERE id BETWEEN 9907771 AND 9908770
	Bitmap Heap Scan on sbtest1  (cost=30.22..3701.52 rows=955 width=121)
	  Recheck Cond: ((id >= 9907771) AND (id <= 9908770))
	  ->  Bitmap Index Scan on sbtest1_pkey  (cost=0.00..29.98 rows=955 width=0)
	        Index Cond: ((id >= 9907771) AND (id <= 9908770))

table 2 : explain SELECT c FROM sbtest2 WHERE id BETWEEN 9983762 AND 9984761
	Bitmap Heap Scan on sbtest2  (cost=30.29..3725.53 rows=961 width=121)
	  Recheck Cond: ((id >= 9983762) AND (id <= 9984761))
	  ->  Bitmap Index Scan on sbtest2_pkey  (cost=0.00..30.04 rows=961 width=0)
	        Index Cond: ((id >= 9983762) AND (id <= 9984761))

table 3 : explain SELECT c FROM sbtest3 WHERE id BETWEEN 2739789 AND 2740788
	Bitmap Heap Scan on sbtest3  (cost=31.68..4238.61 rows=1097 width=121)
	  Recheck Cond: ((id >= 2739789) AND (id <= 2740788))
	  ->  Bitmap Index Scan on sbtest3_pkey  (cost=0.00..31.40 rows=1097 width=0)
	        Index Cond: ((id >= 2739789) AND (id <= 2740788))

table 4 : explain SELECT c FROM sbtest4 WHERE id BETWEEN 6834922 AND 6835921
	Bitmap Heap Scan on sbtest4  (cost=30.63..3854.35 rows=995 width=121)
	  Recheck Cond: ((id >= 6834922) AND (id <= 6835921))
	  ->  Bitmap Index Scan on sbtest4_pkey  (cost=0.00..30.39 rows=995 width=0)
	        Index Cond: ((id >= 6834922) AND (id <= 6835921))

table 5 : explain SELECT c FROM sbtest5 WHERE id BETWEEN 741631 AND 742630
	Bitmap Heap Scan on sbtest5  (cost=29.72..3522.18 rows=906 width=121)
	  Recheck Cond: ((id >= 741631) AND (id <= 742630))
	  ->  Bitmap Index Scan on sbtest5_pkey  (cost=0.00..29.50 rows=906 width=0)
	        Index Cond: ((id >= 741631) AND (id <= 742630))

table 6 : explain SELECT c FROM sbtest6 WHERE id BETWEEN 4515987 AND 4516986
	Bitmap Heap Scan on sbtest6  (cost=30.68..3875.17 rows=1000 width=121)
	  Recheck Cond: ((id >= 4515987) AND (id <= 4516986))
	  ->  Bitmap Index Scan on sbtest6_pkey  (cost=0.00..30.43 rows=1000 width=0)
	        Index Cond: ((id >= 4515987) AND (id <= 4516986))

table 7 : explain SELECT c FROM sbtest7 WHERE id BETWEEN 8201989 AND 8202988
	Bitmap Heap Scan on sbtest7  (cost=30.76..3904.51 rows=1007 width=121)
	  Recheck Cond: ((id >= 8201989) AND (id <= 8202988))
	  ->  Bitmap Index Scan on sbtest7_pkey  (cost=0.00..30.50 rows=1007 width=0)
	        Index Cond: ((id >= 8201989) AND (id <= 8202988))

table 8 : explain SELECT c FROM sbtest8 WHERE id BETWEEN 6863113 AND 6864112
	Bitmap Heap Scan on sbtest8  (cost=25.61..3474.38 rows=895 width=121)
	  Recheck Cond: ((id >= 6863113) AND (id <= 6864112))
	  ->  Bitmap Index Scan on sbtest8_pkey  (cost=0.00..25.39 rows=895 width=0)
	        Index Cond: ((id >= 6863113) AND (id <= 6864112))

for point_selects
table 1 : explain SELECT c FROM sbtest1 WHERE id=6231944
	Index Scan using sbtest1_pkey on sbtest1  (cost=0.43..8.45 rows=1 width=121)
	  Index Cond: (id = 6231944)

table 2 : explain SELECT c FROM sbtest2 WHERE id=9053528
	Index Scan using sbtest2_pkey on sbtest2  (cost=0.43..8.45 rows=1 width=121)
	  Index Cond: (id = 9053528)

table 3 : explain SELECT c FROM sbtest3 WHERE id=7775830
	Index Scan using sbtest3_pkey on sbtest3  (cost=0.43..8.45 rows=1 width=121)
	  Index Cond: (id = 7775830)

table 4 : explain SELECT c FROM sbtest4 WHERE id=896212
	Index Scan using sbtest4_pkey on sbtest4  (cost=0.43..8.45 rows=1 width=121)
	  Index Cond: (id = 896212)

table 5 : explain SELECT c FROM sbtest5 WHERE id=5005891
	Index Scan using sbtest5_pkey on sbtest5  (cost=0.43..8.45 rows=1 width=121)
	  Index Cond: (id = 5005891)

table 6 : explain SELECT c FROM sbtest6 WHERE id=4392761
	Index Scan using sbtest6_pkey on sbtest6  (cost=0.43..8.45 rows=1 width=121)
	  Index Cond: (id = 4392761)

table 7 : explain SELECT c FROM sbtest7 WHERE id=213116
	Index Scan using sbtest7_pkey on sbtest7  (cost=0.43..8.45 rows=1 width=121)
	  Index Cond: (id = 213116)

table 8 : explain SELECT c FROM sbtest8 WHERE id=2968322
	Index Scan using sbtest8_pkey on sbtest8  (cost=0.43..8.45 rows=1 width=121)
	  Index Cond: (id = 2968322)

for: simple_ranges
table 1 : explain SELECT c FROM sbtest1 WHERE id BETWEEN 2163262 AND 2164261
	Bitmap Heap Scan on sbtest1  (cost=31.19..4055.82 rows=1049 width=121)
	  Recheck Cond: ((id >= 2163262) AND (id <= 2164261))
	  ->  Bitmap Index Scan on sbtest1_pkey  (cost=0.00..30.93 rows=1049 width=0)
	        Index Cond: ((id >= 2163262) AND (id <= 2164261))

table 2 : explain SELECT c FROM sbtest2 WHERE id BETWEEN 4276264 AND 4277263
	Bitmap Heap Scan on sbtest2  (cost=31.84..4298.10 rows=1113 width=121)
	  Recheck Cond: ((id >= 4276264) AND (id <= 4277263))
	  ->  Bitmap Index Scan on sbtest2_pkey  (cost=0.00..31.57 rows=1113 width=0)
	        Index Cond: ((id >= 4276264) AND (id <= 4277263))

table 3 : explain SELECT c FROM sbtest3 WHERE id BETWEEN 5036487 AND 5037486
	Bitmap Heap Scan on sbtest3  (cost=30.32..3737.39 rows=964 width=121)
	  Recheck Cond: ((id >= 5036487) AND (id <= 5037486))
	  ->  Bitmap Index Scan on sbtest3_pkey  (cost=0.00..30.07 rows=964 width=0)
	        Index Cond: ((id >= 5036487) AND (id <= 5037486))

table 4 : explain SELECT c FROM sbtest4 WHERE id BETWEEN 8425875 AND 8426874
	Bitmap Heap Scan on sbtest4  (cost=30.21..3699.55 rows=954 width=121)
	  Recheck Cond: ((id >= 8425875) AND (id <= 8426874))
	  ->  Bitmap Index Scan on sbtest4_pkey  (cost=0.00..29.97 rows=954 width=0)
	        Index Cond: ((id >= 8425875) AND (id <= 8426874))

table 5 : explain SELECT c FROM sbtest5 WHERE id BETWEEN 3387008 AND 3388007
	Bitmap Heap Scan on sbtest5  (cost=30.54..3825.08 rows=986 width=121)
	  Recheck Cond: ((id >= 3387008) AND (id <= 3388007))
	  ->  Bitmap Index Scan on sbtest5_pkey  (cost=0.00..30.29 rows=986 width=0)
	        Index Cond: ((id >= 3387008) AND (id <= 3388007))

table 6 : explain SELECT c FROM sbtest6 WHERE id BETWEEN 4200435 AND 4201434
	Bitmap Heap Scan on sbtest6  (cost=30.36..3754.30 rows=968 width=121)
	  Recheck Cond: ((id >= 4200435) AND (id <= 4201434))
	  ->  Bitmap Index Scan on sbtest6_pkey  (cost=0.00..30.11 rows=968 width=0)
	        Index Cond: ((id >= 4200435) AND (id <= 4201434))

table 7 : explain SELECT c FROM sbtest7 WHERE id BETWEEN 8672884 AND 8673883
	Bitmap Heap Scan on sbtest7  (cost=30.08..3654.85 rows=941 width=121)
	  Recheck Cond: ((id >= 8672884) AND (id <= 8673883))
	  ->  Bitmap Index Scan on sbtest7_pkey  (cost=0.00..29.84 rows=941 width=0)
	        Index Cond: ((id >= 8672884) AND (id <= 8673883))

table 8 : explain SELECT c FROM sbtest8 WHERE id BETWEEN 1116724 AND 1117723
	Bitmap Heap Scan on sbtest8  (cost=30.62..3852.88 rows=994 width=121)
	  Recheck Cond: ((id >= 1116724) AND (id <= 1117723))
	  ->  Bitmap Index Scan on sbtest8_pkey  (cost=0.00..30.37 rows=994 width=0)
	        Index Cond: ((id >= 1116724) AND (id <= 1117723))

for point_selects
table 1 : explain SELECT c FROM sbtest1 WHERE id=1508857
	Index Scan using sbtest1_pkey on sbtest1  (cost=0.43..8.45 rows=1 width=121)
	  Index Cond: (id = 1508857)

table 2 : explain SELECT c FROM sbtest2 WHERE id=2740763
	Index Scan using sbtest2_pkey on sbtest2  (cost=0.43..8.45 rows=1 width=121)
	  Index Cond: (id = 2740763)

table 3 : explain SELECT c FROM sbtest3 WHERE id=2132525
	Index Scan using sbtest3_pkey on sbtest3  (cost=0.43..8.45 rows=1 width=121)
	  Index Cond: (id = 2132525)

table 4 : explain SELECT c FROM sbtest4 WHERE id=4543296
	Index Scan using sbtest4_pkey on sbtest4  (cost=0.43..8.45 rows=1 width=121)
	  Index Cond: (id = 4543296)

table 5 : explain SELECT c FROM sbtest5 WHERE id=7523630
	Index Scan using sbtest5_pkey on sbtest5  (cost=0.43..8.45 rows=1 width=121)
	  Index Cond: (id = 7523630)

table 6 : explain SELECT c FROM sbtest6 WHERE id=5446407
	Index Scan using sbtest6_pkey on sbtest6  (cost=0.43..8.45 rows=1 width=121)
	  Index Cond: (id = 5446407)

table 7 : explain SELECT c FROM sbtest7 WHERE id=6422494
	Index Scan using sbtest7_pkey on sbtest7  (cost=0.43..8.45 rows=1 width=121)
	  Index Cond: (id = 6422494)

table 8 : explain SELECT c FROM sbtest8 WHERE id=1596675
	Index Scan using sbtest8_pkey on sbtest8  (cost=0.43..8.45 rows=1 width=121)
	  Index Cond: (id = 1596675)

for: simple_ranges
table 1 : explain SELECT c FROM sbtest1 WHERE id BETWEEN 5778459 AND 5779458
	Bitmap Heap Scan on sbtest1  (cost=30.61..3844.88 rows=993 width=121)
	  Recheck Cond: ((id >= 5778459) AND (id <= 5779458))
	  ->  Bitmap Index Scan on sbtest1_pkey  (cost=0.00..30.36 rows=993 width=0)
	        Index Cond: ((id >= 5778459) AND (id <= 5779458))

table 2 : explain SELECT c FROM sbtest2 WHERE id BETWEEN 8569986 AND 8570985
	Bitmap Heap Scan on sbtest2  (cost=31.56..4192.84 rows=1085 width=121)
	  Recheck Cond: ((id >= 8569986) AND (id <= 8570985))
	  ->  Bitmap Index Scan on sbtest2_pkey  (cost=0.00..31.29 rows=1085 width=0)
	        Index Cond: ((id >= 8569986) AND (id <= 8570985))

table 3 : explain SELECT c FROM sbtest3 WHERE id BETWEEN 4781861 AND 4782860
	Bitmap Heap Scan on sbtest3  (cost=30.92..3960.01 rows=1023 width=121)
	  Recheck Cond: ((id >= 4781861) AND (id <= 4782860))
	  ->  Bitmap Index Scan on sbtest3_pkey  (cost=0.00..30.66 rows=1023 width=0)
	        Index Cond: ((id >= 4781861) AND (id <= 4782860))

table 4 : explain SELECT c FROM sbtest4 WHERE id BETWEEN 5991586 AND 5992585
	Bitmap Heap Scan on sbtest4  (cost=30.86..3937.33 rows=1017 width=121)
	  Recheck Cond: ((id >= 5991586) AND (id <= 5992585))
	  ->  Bitmap Index Scan on sbtest4_pkey  (cost=0.00..30.61 rows=1017 width=0)
	        Index Cond: ((id >= 5991586) AND (id <= 5992585))

table 5 : explain SELECT c FROM sbtest5 WHERE id BETWEEN 7571215 AND 7572214
	Bitmap Heap Scan on sbtest5  (cost=30.41..3775.91 rows=973 width=121)
	  Recheck Cond: ((id >= 7571215) AND (id <= 7572214))
	  ->  Bitmap Index Scan on sbtest5_pkey  (cost=0.00..30.16 rows=973 width=0)
	        Index Cond: ((id >= 7571215) AND (id <= 7572214))

table 6 : explain SELECT c FROM sbtest6 WHERE id BETWEEN 7253797 AND 7254796
	Bitmap Heap Scan on sbtest6  (cost=31.19..4060.01 rows=1049 width=121)
	  Recheck Cond: ((id >= 7253797) AND (id <= 7254796))
	  ->  Bitmap Index Scan on sbtest6_pkey  (cost=0.00..30.93 rows=1049 width=0)
	        Index Cond: ((id >= 7253797) AND (id <= 7254796))

table 7 : explain SELECT c FROM sbtest7 WHERE id BETWEEN 8551997 AND 8552996
	Bitmap Heap Scan on sbtest7  (cost=30.40..3772.18 rows=972 width=121)
	  Recheck Cond: ((id >= 8551997) AND (id <= 8552996))
	  ->  Bitmap Index Scan on sbtest7_pkey  (cost=0.00..30.15 rows=972 width=0)
	        Index Cond: ((id >= 8551997) AND (id <= 8552996))

table 8 : explain SELECT c FROM sbtest8 WHERE id BETWEEN 8947254 AND 8948253
	Bitmap Heap Scan on sbtest8  (cost=30.58..3837.77 rows=990 width=121)
	  Recheck Cond: ((id >= 8947254) AND (id <= 8948253))
	  ->  Bitmap Index Scan on sbtest8_pkey  (cost=0.00..30.33 rows=990 width=0)
	        Index Cond: ((id >= 8947254) AND (id <= 8948253))

for point_selects
table 1 : explain SELECT c FROM sbtest1 WHERE id=7901796
	Index Scan using sbtest1_pkey on sbtest1  (cost=0.43..8.45 rows=1 width=121)
	  Index Cond: (id = 7901796)

table 2 : explain SELECT c FROM sbtest2 WHERE id=9823822
	Index Scan using sbtest2_pkey on sbtest2  (cost=0.43..8.45 rows=1 width=121)
	  Index Cond: (id = 9823822)

table 3 : explain SELECT c FROM sbtest3 WHERE id=3760683
	Index Scan using sbtest3_pkey on sbtest3  (cost=0.43..8.45 rows=1 width=121)
	  Index Cond: (id = 3760683)

table 4 : explain SELECT c FROM sbtest4 WHERE id=3367113
	Index Scan using sbtest4_pkey on sbtest4  (cost=0.43..8.45 rows=1 width=121)
	  Index Cond: (id = 3367113)

table 5 : explain SELECT c FROM sbtest5 WHERE id=750132
	Index Scan using sbtest5_pkey on sbtest5  (cost=0.43..8.45 rows=1 width=121)
	  Index Cond: (id = 750132)

table 6 : explain SELECT c FROM sbtest6 WHERE id=7798070
	Index Scan using sbtest6_pkey on sbtest6  (cost=0.43..8.45 rows=1 width=121)
	  Index Cond: (id = 7798070)

table 7 : explain SELECT c FROM sbtest7 WHERE id=3832449
	Index Scan using sbtest7_pkey on sbtest7  (cost=0.43..8.45 rows=1 width=121)
	  Index Cond: (id = 3832449)

table 8 : explain SELECT c FROM sbtest8 WHERE id=8709754
	Index Scan using sbtest8_pkey on sbtest8  (cost=0.43..8.45 rows=1 width=121)
	  Index Cond: (id = 8709754)

for: simple_ranges
table 1 : explain SELECT c FROM sbtest1 WHERE id BETWEEN 8664121 AND 8665120
	Bitmap Heap Scan on sbtest1  (cost=31.25..4078.40 rows=1055 width=121)
	  Recheck Cond: ((id >= 8664121) AND (id <= 8665120))
	  ->  Bitmap Index Scan on sbtest1_pkey  (cost=0.00..30.98 rows=1055 width=0)
	        Index Cond: ((id >= 8664121) AND (id <= 8665120))

table 2 : explain SELECT c FROM sbtest2 WHERE id BETWEEN 5807244 AND 5808243
	Bitmap Heap Scan on sbtest2  (cost=30.52..3812.35 rows=984 width=121)
	  Recheck Cond: ((id >= 5807244) AND (id <= 5808243))
	  ->  Bitmap Index Scan on sbtest2_pkey  (cost=0.00..30.27 rows=984 width=0)
	        Index Cond: ((id >= 5807244) AND (id <= 5808243))

table 3 : explain SELECT c FROM sbtest3 WHERE id BETWEEN 9337288 AND 9338287
	Bitmap Heap Scan on sbtest3  (cost=30.12..3665.60 rows=945 width=121)
	  Recheck Cond: ((id >= 9337288) AND (id <= 9338287))
	  ->  Bitmap Index Scan on sbtest3_pkey  (cost=0.00..29.89 rows=945 width=0)
	        Index Cond: ((id >= 9337288) AND (id <= 9338287))

table 4 : explain SELECT c FROM sbtest4 WHERE id BETWEEN 1362574 AND 1363573
	Bitmap Heap Scan on sbtest4  (cost=30.41..3771.32 rows=973 width=121)
	  Recheck Cond: ((id >= 1362574) AND (id <= 1363573))
	  ->  Bitmap Index Scan on sbtest4_pkey  (cost=0.00..30.16 rows=973 width=0)
	        Index Cond: ((id >= 1362574) AND (id <= 1363573))

table 5 : explain SELECT c FROM sbtest5 WHERE id BETWEEN 6073112 AND 6074111
	Bitmap Heap Scan on sbtest5  (cost=31.56..4198.82 rows=1085 width=121)
	  Recheck Cond: ((id >= 6073112) AND (id <= 6074111))
	  ->  Bitmap Index Scan on sbtest5_pkey  (cost=0.00..31.29 rows=1085 width=0)
	        Index Cond: ((id >= 6073112) AND (id <= 6074111))

table 6 : explain SELECT c FROM sbtest6 WHERE id BETWEEN 9940654 AND 9941653
	Bitmap Heap Scan on sbtest6  (cost=30.42..3776.97 rows=974 width=121)
	  Recheck Cond: ((id >= 9940654) AND (id <= 9941653))
	  ->  Bitmap Index Scan on sbtest6_pkey  (cost=0.00..30.18 rows=974 width=0)
	        Index Cond: ((id >= 9940654) AND (id <= 9941653))

table 7 : explain SELECT c FROM sbtest7 WHERE id BETWEEN 9283620 AND 9284619
	Bitmap Heap Scan on sbtest7  (cost=30.52..3817.57 rows=984 width=121)
	  Recheck Cond: ((id >= 9283620) AND (id <= 9284619))
	  ->  Bitmap Index Scan on sbtest7_pkey  (cost=0.00..30.27 rows=984 width=0)
	        Index Cond: ((id >= 9283620) AND (id <= 9284619))

table 8 : explain SELECT c FROM sbtest8 WHERE id BETWEEN 1915354 AND 1916353
	Bitmap Heap Scan on sbtest8  (cost=30.73..3890.64 rows=1004 width=121)
	  Recheck Cond: ((id >= 1915354) AND (id <= 1916353))
	  ->  Bitmap Index Scan on sbtest8_pkey  (cost=0.00..30.47 rows=1004 width=0)
	        Index Cond: ((id >= 1915354) AND (id <= 1916353))

for: sum_ranges
table 1 : explain SELECT SUM(k) FROM sbtest1 WHERE id BETWEEN 7874766 AND 7875765
	Aggregate  (cost=3968.03..3968.04 rows=1 width=8)
	  ->  Bitmap Heap Scan on sbtest1  (cost=30.94..3965.47 rows=1025 width=4)
	        Recheck Cond: ((id >= 7874766) AND (id <= 7875765))
	        ->  Bitmap Index Scan on sbtest1_pkey  (cost=0.00..30.68 rows=1025 width=0)
	              Index Cond: ((id >= 7874766) AND (id <= 7875765))

table 2 : explain SELECT SUM(k) FROM sbtest2 WHERE id BETWEEN 3063831 AND 3064830
	Aggregate  (cost=3807.26..3807.27 rows=1 width=8)
	  ->  Bitmap Heap Scan on sbtest2  (cost=30.50..3804.81 rows=982 width=4)
	        Recheck Cond: ((id >= 3063831) AND (id <= 3064830))
	        ->  Bitmap Index Scan on sbtest2_pkey  (cost=0.00..30.25 rows=982 width=0)
	              Index Cond: ((id >= 3063831) AND (id <= 3064830))

table 3 : explain SELECT SUM(k) FROM sbtest3 WHERE id BETWEEN 6774172 AND 6775171
	Aggregate  (cost=4286.50..4286.51 rows=1 width=8)
	  ->  Bitmap Heap Scan on sbtest3  (cost=31.80..4283.73 rows=1109 width=4)
	        Recheck Cond: ((id >= 6774172) AND (id <= 6775171))
	        ->  Bitmap Index Scan on sbtest3_pkey  (cost=0.00..31.52 rows=1109 width=0)
	              Index Cond: ((id >= 6774172) AND (id <= 6775171))

table 4 : explain SELECT SUM(k) FROM sbtest4 WHERE id BETWEEN 5274333 AND 5275332
	Aggregate  (cost=3909.68..3909.69 rows=1 width=8)
	  ->  Bitmap Heap Scan on sbtest4  (cost=30.78..3907.16 rows=1009 width=4)
	        Recheck Cond: ((id >= 5274333) AND (id <= 5275332))
	        ->  Bitmap Index Scan on sbtest4_pkey  (cost=0.00..30.52 rows=1009 width=0)
	              Index Cond: ((id >= 5274333) AND (id <= 5275332))

table 5 : explain SELECT SUM(k) FROM sbtest5 WHERE id BETWEEN 93652 AND 94651
	Aggregate  (cost=3664.73..3664.74 rows=1 width=8)
	  ->  Bitmap Heap Scan on sbtest5  (cost=30.10..3662.37 rows=943 width=4)
	        Recheck Cond: ((id >= 93652) AND (id <= 94651))
	        ->  Bitmap Index Scan on sbtest5_pkey  (cost=0.00..29.86 rows=943 width=0)
	              Index Cond: ((id >= 93652) AND (id <= 94651))

table 6 : explain SELECT SUM(k) FROM sbtest6 WHERE id BETWEEN 8399751 AND 8400750
	Aggregate  (cost=3730.24..3730.25 rows=1 width=8)
	  ->  Bitmap Heap Scan on sbtest6  (cost=30.29..3727.84 rows=961 width=4)
	        Recheck Cond: ((id >= 8399751) AND (id <= 8400750))
	        ->  Bitmap Index Scan on sbtest6_pkey  (cost=0.00..30.04 rows=961 width=0)
	              Index Cond: ((id >= 8399751) AND (id <= 8400750))

table 7 : explain SELECT SUM(k) FROM sbtest7 WHERE id BETWEEN 7232198 AND 7233197
	Aggregate  (cost=3899.47..3899.48 rows=1 width=8)
	  ->  Bitmap Heap Scan on sbtest7  (cost=30.74..3896.96 rows=1005 width=4)
	        Recheck Cond: ((id >= 7232198) AND (id <= 7233197))
	        ->  Bitmap Index Scan on sbtest7_pkey  (cost=0.00..30.48 rows=1005 width=0)
	              Index Cond: ((id >= 7232198) AND (id <= 7233197))

table 8 : explain SELECT SUM(k) FROM sbtest8 WHERE id BETWEEN 1977440 AND 1978439
	Aggregate  (cost=3893.15..3893.16 rows=1 width=8)
	  ->  Bitmap Heap Scan on sbtest8  (cost=30.73..3890.64 rows=1004 width=4)
	        Recheck Cond: ((id >= 1977440) AND (id <= 1978439))
	        ->  Bitmap Index Scan on sbtest8_pkey  (cost=0.00..30.47 rows=1004 width=0)
	              Index Cond: ((id >= 1977440) AND (id <= 1978439))

for: simple_ranges
table 1 : explain SELECT c FROM sbtest1 WHERE id BETWEEN 2356099 AND 2357098
	Bitmap Heap Scan on sbtest1  (cost=30.55..3822.26 rows=987 width=121)
	  Recheck Cond: ((id >= 2356099) AND (id <= 2357098))
	  ->  Bitmap Index Scan on sbtest1_pkey  (cost=0.00..30.30 rows=987 width=0)
	        Index Cond: ((id >= 2356099) AND (id <= 2357098))

table 2 : explain SELECT c FROM sbtest2 WHERE id BETWEEN 1487526 AND 1488525
	Bitmap Heap Scan on sbtest2  (cost=25.92..3585.49 rows=925 width=121)
	  Recheck Cond: ((id >= 1487526) AND (id <= 1488525))
	  ->  Bitmap Index Scan on sbtest2_pkey  (cost=0.00..25.68 rows=925 width=0)
	        Index Cond: ((id >= 1487526) AND (id <= 1488525))

table 3 : explain SELECT c FROM sbtest3 WHERE id BETWEEN 3160680 AND 3161679
	Bitmap Heap Scan on sbtest3  (cost=31.76..4268.69 rows=1105 width=121)
	  Recheck Cond: ((id >= 3160680) AND (id <= 3161679))
	  ->  Bitmap Index Scan on sbtest3_pkey  (cost=0.00..31.48 rows=1105 width=0)
	        Index Cond: ((id >= 3160680) AND (id <= 3161679))

table 4 : explain SELECT c FROM sbtest4 WHERE id BETWEEN 8774658 AND 8775657
	Bitmap Heap Scan on sbtest4  (cost=30.83..3926.01 rows=1014 width=121)
	  Recheck Cond: ((id >= 8774658) AND (id <= 8775657))
	  ->  Bitmap Index Scan on sbtest4_pkey  (cost=0.00..30.57 rows=1014 width=0)
	        Index Cond: ((id >= 8774658) AND (id <= 8775657))

table 5 : explain SELECT c FROM sbtest5 WHERE id BETWEEN 735812 AND 736811
	Bitmap Heap Scan on sbtest5  (cost=29.72..3522.18 rows=906 width=121)
	  Recheck Cond: ((id >= 735812) AND (id <= 736811))
	  ->  Bitmap Index Scan on sbtest5_pkey  (cost=0.00..29.50 rows=906 width=0)
	        Index Cond: ((id >= 735812) AND (id <= 736811))

table 6 : explain SELECT c FROM sbtest6 WHERE id BETWEEN 3018703 AND 3019702
	Bitmap Heap Scan on sbtest6  (cost=30.67..3871.39 rows=999 width=121)
	  Recheck Cond: ((id >= 3018703) AND (id <= 3019702))
	  ->  Bitmap Index Scan on sbtest6_pkey  (cost=0.00..30.43 rows=999 width=0)
	        Index Cond: ((id >= 3018703) AND (id <= 3019702))

table 7 : explain SELECT c FROM sbtest7 WHERE id BETWEEN 6555359 AND 6556358
	Bitmap Heap Scan on sbtest7  (cost=30.29..3730.56 rows=961 width=121)
	  Recheck Cond: ((id >= 6555359) AND (id <= 6556358))
	  ->  Bitmap Index Scan on sbtest7_pkey  (cost=0.00..30.04 rows=961 width=0)
	        Index Cond: ((id >= 6555359) AND (id <= 6556358))

table 8 : explain SELECT c FROM sbtest8 WHERE id BETWEEN 1968030 AND 1969029
	Bitmap Heap Scan on sbtest8  (cost=30.73..3890.64 rows=1004 width=121)
	  Recheck Cond: ((id >= 1968030) AND (id <= 1969029))
	  ->  Bitmap Index Scan on sbtest8_pkey  (cost=0.00..30.47 rows=1004 width=0)
	        Index Cond: ((id >= 1968030) AND (id <= 1969029))

for: simple_ranges
table 1 : explain SELECT c FROM sbtest1 WHERE id BETWEEN 7762226 AND 7763225
	Bitmap Heap Scan on sbtest1  (cost=30.58..3833.57 rows=990 width=121)
	  Recheck Cond: ((id >= 7762226) AND (id <= 7763225))
	  ->  Bitmap Index Scan on sbtest1_pkey  (cost=0.00..30.33 rows=990 width=0)
	        Index Cond: ((id >= 7762226) AND (id <= 7763225))

table 2 : explain SELECT c FROM sbtest2 WHERE id BETWEEN 1097367 AND 1098366
	Bitmap Heap Scan on sbtest2  (cost=25.73..3517.40 rows=907 width=121)
	  Recheck Cond: ((id >= 1097367) AND (id <= 1098366))
	  ->  Bitmap Index Scan on sbtest2_pkey  (cost=0.00..25.50 rows=907 width=0)
	        Index Cond: ((id >= 1097367) AND (id <= 1098366))

table 3 : explain SELECT c FROM sbtest3 WHERE id BETWEEN 6662757 AND 6663756
	Bitmap Heap Scan on sbtest3  (cost=30.94..3967.54 rows=1025 width=121)
	  Recheck Cond: ((id >= 6662757) AND (id <= 6663756))
	  ->  Bitmap Index Scan on sbtest3_pkey  (cost=0.00..30.68 rows=1025 width=0)
	        Index Cond: ((id >= 6662757) AND (id <= 6663756))

table 4 : explain SELECT c FROM sbtest4 WHERE id BETWEEN 2586142 AND 2587141
	Bitmap Heap Scan on sbtest4  (cost=26.13..3665.33 rows=946 width=121)
	  Recheck Cond: ((id >= 2586142) AND (id <= 2587141))
	  ->  Bitmap Index Scan on sbtest4_pkey  (cost=0.00..25.89 rows=946 width=0)
	        Index Cond: ((id >= 2586142) AND (id <= 2587141))

table 5 : explain SELECT c FROM sbtest5 WHERE id BETWEEN 9308370 AND 9309369
	Bitmap Heap Scan on sbtest5  (cost=29.98..3616.92 rows=931 width=121)
	  Recheck Cond: ((id >= 9308370) AND (id <= 9309369))
	  ->  Bitmap Index Scan on sbtest5_pkey  (cost=0.00..29.75 rows=931 width=0)
	        Index Cond: ((id >= 9308370) AND (id <= 9309369))

table 6 : explain SELECT c FROM sbtest6 WHERE id BETWEEN 9263348 AND 9264347
	Bitmap Heap Scan on sbtest6  (cost=29.99..3618.16 rows=932 width=121)
	  Recheck Cond: ((id >= 9263348) AND (id <= 9264347))
	  ->  Bitmap Index Scan on sbtest6_pkey  (cost=0.00..29.75 rows=932 width=0)
	        Index Cond: ((id >= 9263348) AND (id <= 9264347))

table 7 : explain SELECT c FROM sbtest7 WHERE id BETWEEN 9549101 AND 9550100
	Bitmap Heap Scan on sbtest7  (cost=30.86..3942.30 rows=1017 width=121)
	  Recheck Cond: ((id >= 9549101) AND (id <= 9550100))
	  ->  Bitmap Index Scan on sbtest7_pkey  (cost=0.00..30.61 rows=1017 width=0)
	        Index Cond: ((id >= 9549101) AND (id <= 9550100))

table 8 : explain SELECT c FROM sbtest8 WHERE id BETWEEN 9991655 AND 9992654
	Bitmap Heap Scan on sbtest8  (cost=30.65..3864.21 rows=997 width=121)
	  Recheck Cond: ((id >= 9991655) AND (id <= 9992654))
	  ->  Bitmap Index Scan on sbtest8_pkey  (cost=0.00..30.40 rows=997 width=0)
	        Index Cond: ((id >= 9991655) AND (id <= 9992654))

for: sum_ranges
table 1 : explain SELECT SUM(k) FROM sbtest1 WHERE id BETWEEN 9505285 AND 9506284
	Aggregate  (cost=3911.48..3911.49 rows=1 width=8)
	  ->  Bitmap Heap Scan on sbtest1  (cost=30.79..3908.96 rows=1010 width=4)
	        Recheck Cond: ((id >= 9505285) AND (id <= 9506284))
	        ->  Bitmap Index Scan on sbtest1_pkey  (cost=0.00..30.54 rows=1010 width=0)
	              Index Cond: ((id >= 9505285) AND (id <= 9506284))

table 2 : explain SELECT SUM(k) FROM sbtest2 WHERE id BETWEEN 9930638 AND 9931637
	Aggregate  (cost=3727.93..3727.94 rows=1 width=8)
	  ->  Bitmap Heap Scan on sbtest2  (cost=30.29..3725.53 rows=961 width=4)
	        Recheck Cond: ((id >= 9930638) AND (id <= 9931637))
	        ->  Bitmap Index Scan on sbtest2_pkey  (cost=0.00..30.04 rows=961 width=0)
	              Index Cond: ((id >= 9930638) AND (id <= 9931637))

table 3 : explain SELECT SUM(k) FROM sbtest3 WHERE id BETWEEN 2193815 AND 2194814
	Aggregate  (cost=3444.39..3444.40 rows=1 width=8)
	  ->  Bitmap Heap Scan on sbtest3  (cost=25.53..3442.17 rows=887 width=4)
	        Recheck Cond: ((id >= 2193815) AND (id <= 2194814))
	        ->  Bitmap Index Scan on sbtest3_pkey  (cost=0.00..25.30 rows=887 width=0)
	              Index Cond: ((id >= 2193815) AND (id <= 2194814))

table 4 : explain SELECT SUM(k) FROM sbtest4 WHERE id BETWEEN 8117394 AND 8118393
	Aggregate  (cost=3728.40..3728.41 rows=1 width=8)
	  ->  Bitmap Heap Scan on sbtest4  (cost=30.29..3726.00 rows=961 width=4)
	        Recheck Cond: ((id >= 8117394) AND (id <= 8118393))
	        ->  Bitmap Index Scan on sbtest4_pkey  (cost=0.00..30.04 rows=961 width=0)
	              Index Cond: ((id >= 8117394) AND (id <= 8118393))

table 5 : explain SELECT SUM(k) FROM sbtest5 WHERE id BETWEEN 3889733 AND 3890732
	Aggregate  (cost=3990.13..3990.14 rows=1 width=8)
	  ->  Bitmap Heap Scan on sbtest5  (cost=30.98..3987.56 rows=1029 width=4)
	        Recheck Cond: ((id >= 3889733) AND (id <= 3890732))
	        ->  Bitmap Index Scan on sbtest5_pkey  (cost=0.00..30.72 rows=1029 width=0)
	              Index Cond: ((id >= 3889733) AND (id <= 3890732))

table 6 : explain SELECT SUM(k) FROM sbtest6 WHERE id BETWEEN 5563727 AND 5564726
	Aggregate  (cost=4318.82..4318.83 rows=1 width=8)
	  ->  Bitmap Heap Scan on sbtest6  (cost=31.88..4316.03 rows=1117 width=4)
	        Recheck Cond: ((id >= 5563727) AND (id <= 5564726))
	        ->  Bitmap Index Scan on sbtest6_pkey  (cost=0.00..31.61 rows=1117 width=0)
	              Index Cond: ((id >= 5563727) AND (id <= 5564726))

table 7 : explain SELECT SUM(k) FROM sbtest7 WHERE id BETWEEN 3678174 AND 3679173
	Aggregate  (cost=4069.51..4069.52 rows=1 width=8)
	  ->  Bitmap Heap Scan on sbtest7  (cost=31.20..4066.89 rows=1050 width=4)
	        Recheck Cond: ((id >= 3678174) AND (id <= 3679173))
	        ->  Bitmap Index Scan on sbtest7_pkey  (cost=0.00..30.93 rows=1050 width=0)
	              Index Cond: ((id >= 3678174) AND (id <= 3679173))

table 8 : explain SELECT SUM(k) FROM sbtest8 WHERE id BETWEEN 9748129 AND 9749128
	Aggregate  (cost=4096.97..4096.98 rows=1 width=8)
	  ->  Bitmap Heap Scan on sbtest8  (cost=31.28..4094.33 rows=1058 width=4)
	        Recheck Cond: ((id >= 9748129) AND (id <= 9749128))
	        ->  Bitmap Index Scan on sbtest8_pkey  (cost=0.00..31.01 rows=1058 width=0)
	              Index Cond: ((id >= 9748129) AND (id <= 9749128))

for point_selects
table 1 : explain SELECT c FROM sbtest1 WHERE id=2999426
	Index Scan using sbtest1_pkey on sbtest1  (cost=0.43..8.45 rows=1 width=121)
	  Index Cond: (id = 2999426)

table 2 : explain SELECT c FROM sbtest2 WHERE id=8330646
	Index Scan using sbtest2_pkey on sbtest2  (cost=0.43..8.45 rows=1 width=121)
	  Index Cond: (id = 8330646)

table 3 : explain SELECT c FROM sbtest3 WHERE id=1061621
	Index Scan using sbtest3_pkey on sbtest3  (cost=0.43..8.45 rows=1 width=121)
	  Index Cond: (id = 1061621)

table 4 : explain SELECT c FROM sbtest4 WHERE id=9889400
	Index Scan using sbtest4_pkey on sbtest4  (cost=0.43..8.45 rows=1 width=121)
	  Index Cond: (id = 9889400)

table 5 : explain SELECT c FROM sbtest5 WHERE id=723940
	Index Scan using sbtest5_pkey on sbtest5  (cost=0.43..8.45 rows=1 width=121)
	  Index Cond: (id = 723940)

table 6 : explain SELECT c FROM sbtest6 WHERE id=5834933
	Index Scan using sbtest6_pkey on sbtest6  (cost=0.43..8.45 rows=1 width=121)
	  Index Cond: (id = 5834933)

table 7 : explain SELECT c FROM sbtest7 WHERE id=1720599
	Index Scan using sbtest7_pkey on sbtest7  (cost=0.43..8.45 rows=1 width=121)
	  Index Cond: (id = 1720599)

table 8 : explain SELECT c FROM sbtest8 WHERE id=6067550
	Index Scan using sbtest8_pkey on sbtest8  (cost=0.43..8.45 rows=1 width=121)
	  Index Cond: (id = 6067550)

for: sum_ranges
table 1 : explain SELECT SUM(k) FROM sbtest1 WHERE id BETWEEN 531947 AND 532946
	Aggregate  (cost=3688.80..3688.81 rows=1 width=8)
	  ->  Bitmap Heap Scan on sbtest1  (cost=30.18..3686.42 rows=951 width=4)
	        Recheck Cond: ((id >= 531947) AND (id <= 532946))
	        ->  Bitmap Index Scan on sbtest1_pkey  (cost=0.00..29.94 rows=951 width=0)
	              Index Cond: ((id >= 531947) AND (id <= 532946))

table 2 : explain SELECT SUM(k) FROM sbtest2 WHERE id BETWEEN 6927872 AND 6928871
	Aggregate  (cost=3724.15..3724.16 rows=1 width=8)
	  ->  Bitmap Heap Scan on sbtest2  (cost=30.27..3721.75 rows=960 width=4)
	        Recheck Cond: ((id >= 6927872) AND (id <= 6928871))
	        ->  Bitmap Index Scan on sbtest2_pkey  (cost=0.00..30.04 rows=960 width=0)
	              Index Cond: ((id >= 6927872) AND (id <= 6928871))

table 3 : explain SELECT SUM(k) FROM sbtest3 WHERE id BETWEEN 8827952 AND 8828951
	Aggregate  (cost=3641.27..3641.28 rows=1 width=8)
	  ->  Bitmap Heap Scan on sbtest3  (cost=26.06..3638.92 rows=939 width=4)
	        Recheck Cond: ((id >= 8827952) AND (id <= 8828951))
	        ->  Bitmap Index Scan on sbtest3_pkey  (cost=0.00..25.82 rows=939 width=0)
	              Index Cond: ((id >= 8827952) AND (id <= 8828951))

table 4 : explain SELECT SUM(k) FROM sbtest4 WHERE id BETWEEN 3901283 AND 3902282
	Aggregate  (cost=3360.94..3360.95 rows=1 width=8)
	  ->  Bitmap Heap Scan on sbtest4  (cost=25.30..3358.77 rows=865 width=4)
	        Recheck Cond: ((id >= 3901283) AND (id <= 3902282))
	        ->  Bitmap Index Scan on sbtest4_pkey  (cost=0.00..25.08 rows=865 width=0)
	              Index Cond: ((id >= 3901283) AND (id <= 3902282))

table 5 : explain SELECT SUM(k) FROM sbtest5 WHERE id BETWEEN 6758118 AND 6759117
	Aggregate  (cost=3857.81..3857.82 rows=1 width=8)
	  ->  Bitmap Heap Scan on sbtest5  (cost=30.62..3855.33 rows=994 width=4)
	        Recheck Cond: ((id >= 6758118) AND (id <= 6759117))
	        ->  Bitmap Index Scan on sbtest5_pkey  (cost=0.00..30.37 rows=994 width=0)
	              Index Cond: ((id >= 6758118) AND (id <= 6759117))

table 6 : explain SELECT SUM(k) FROM sbtest6 WHERE id BETWEEN 3525609 AND 3526608
	Aggregate  (cost=3681.06..3681.07 rows=1 width=8)
	  ->  Bitmap Heap Scan on sbtest6  (cost=30.15..3678.69 rows=948 width=4)
	        Recheck Cond: ((id >= 3525609) AND (id <= 3526608))
	        ->  Bitmap Index Scan on sbtest6_pkey  (cost=0.00..29.91 rows=948 width=0)
	              Index Cond: ((id >= 3525609) AND (id <= 3526608))

table 7 : explain SELECT SUM(k) FROM sbtest7 WHERE id BETWEEN 2935815 AND 2936814
	Aggregate  (cost=4258.16..4258.17 rows=1 width=8)
	  ->  Bitmap Heap Scan on sbtest7  (cost=31.71..4255.41 rows=1100 width=4)
	        Recheck Cond: ((id >= 2935815) AND (id <= 2936814))
	        ->  Bitmap Index Scan on sbtest7_pkey  (cost=0.00..31.43 rows=1100 width=0)
	              Index Cond: ((id >= 2935815) AND (id <= 2936814))

table 8 : explain SELECT SUM(k) FROM sbtest8 WHERE id BETWEEN 9498608 AND 9499607
	Aggregate  (cost=3685.18..3685.19 rows=1 width=8)
	  ->  Bitmap Heap Scan on sbtest8  (cost=30.16..3682.81 rows=949 width=4)
	        Recheck Cond: ((id >= 9498608) AND (id <= 9499607))
	        ->  Bitmap Index Scan on sbtest8_pkey  (cost=0.00..29.93 rows=949 width=0)
	              Index Cond: ((id >= 9498608) AND (id <= 9499607))

explain: for point_selects :: explain SELECT c FROM sbtest%u WHERE id=%u
explain: for point_selects :: explain SELECT c FROM sbtest%u WHERE id=%u
for: order_ranges
table 1 : explain SELECT c FROM sbtest1 WHERE id BETWEEN 4213989 AND 4214988 ORDER BY c
	Sort  (cost=3963.18..3965.71 rows=1011 width=121)
	  Sort Key: c
	  ->  Bitmap Heap Scan on sbtest1  (cost=30.80..3912.73 rows=1011 width=121)
	        Recheck Cond: ((id >= 4213989) AND (id <= 4214988))
	        ->  Bitmap Index Scan on sbtest1_pkey  (cost=0.00..30.54 rows=1011 width=0)
	              Index Cond: ((id >= 4213989) AND (id <= 4214988))

table 2 : explain SELECT c FROM sbtest2 WHERE id BETWEEN 4377834 AND 4378833 ORDER BY c
	Sort  (cost=3926.37..3928.88 rows=1001 width=121)
	  Sort Key: c
	  ->  Bitmap Heap Scan on sbtest2  (cost=30.70..3876.49 rows=1001 width=121)
	        Recheck Cond: ((id >= 4377834) AND (id <= 4378833))
	        ->  Bitmap Index Scan on sbtest2_pkey  (cost=0.00..30.44 rows=1001 width=0)
	              Index Cond: ((id >= 4377834) AND (id <= 4378833))

table 3 : explain SELECT c FROM sbtest3 WHERE id BETWEEN 1298983 AND 1299982 ORDER BY c
	Sort  (cost=3819.67..3822.10 rows=973 width=121)
	  Sort Key: c
	  ->  Bitmap Heap Scan on sbtest3  (cost=30.41..3771.37 rows=973 width=121)
	        Recheck Cond: ((id >= 1298983) AND (id <= 1299982))
	        ->  Bitmap Index Scan on sbtest3_pkey  (cost=0.00..30.16 rows=973 width=0)
	              Index Cond: ((id >= 1298983) AND (id <= 1299982))

table 4 : explain SELECT c FROM sbtest4 WHERE id BETWEEN 3467055 AND 3468054 ORDER BY c
	Sort  (cost=3884.74..3887.22 rows=990 width=121)
	  Sort Key: c
	  ->  Bitmap Heap Scan on sbtest4  (cost=30.58..3835.49 rows=990 width=121)
	        Recheck Cond: ((id >= 3467055) AND (id <= 3468054))
	        ->  Bitmap Index Scan on sbtest4_pkey  (cost=0.00..30.33 rows=990 width=0)
	              Index Cond: ((id >= 3467055) AND (id <= 3468054))

table 5 : explain SELECT c FROM sbtest5 WHERE id BETWEEN 2683252 AND 2684251 ORDER BY c
	Sort  (cost=3797.32..3799.74 rows=966 width=121)
	  Sort Key: c
	  ->  Bitmap Heap Scan on sbtest5  (cost=30.34..3749.43 rows=966 width=121)
	        Recheck Cond: ((id >= 2683252) AND (id <= 2684251))
	        ->  Bitmap Index Scan on sbtest5_pkey  (cost=0.00..30.09 rows=966 width=0)
	              Index Cond: ((id >= 2683252) AND (id <= 2684251))

table 6 : explain SELECT c FROM sbtest6 WHERE id BETWEEN 5102224 AND 5103223 ORDER BY c
	Sort  (cost=3587.30..3589.58 rows=912 width=121)
	  Sort Key: c
	  ->  Bitmap Heap Scan on sbtest6  (cost=29.78..3542.46 rows=912 width=121)
	        Recheck Cond: ((id >= 5102224) AND (id <= 5103223))
	        ->  Bitmap Index Scan on sbtest6_pkey  (cost=0.00..29.55 rows=912 width=0)
	              Index Cond: ((id >= 5102224) AND (id <= 5103223))

table 7 : explain SELECT c FROM sbtest7 WHERE id BETWEEN 8398120 AND 8399119 ORDER BY c
	Sort  (cost=3697.48..3699.83 rows=940 width=121)
	  Sort Key: c
	  ->  Bitmap Heap Scan on sbtest7  (cost=30.07..3651.06 rows=940 width=121)
	        Recheck Cond: ((id >= 8398120) AND (id <= 8399119))
	        ->  Bitmap Index Scan on sbtest7_pkey  (cost=0.00..29.83 rows=940 width=0)
	              Index Cond: ((id >= 8398120) AND (id <= 8399119))

table 8 : explain SELECT c FROM sbtest8 WHERE id BETWEEN 7331317 AND 7332316 ORDER BY c
	Sort  (cost=4231.62..4234.32 rows=1080 width=121)
	  Sort Key: c
	  ->  Bitmap Heap Scan on sbtest8  (cost=31.50..4177.21 rows=1080 width=121)
	        Recheck Cond: ((id >= 7331317) AND (id <= 7332316))
	        ->  Bitmap Index Scan on sbtest8_pkey  (cost=0.00..31.23 rows=1080 width=0)
	              Index Cond: ((id >= 7331317) AND (id <= 7332316))

for: simple_ranges
table 1 : explain SELECT c FROM sbtest1 WHERE id BETWEEN 8095924 AND 8096923
	Bitmap Heap Scan on sbtest1  (cost=30.26..3716.62 rows=959 width=121)
	  Recheck Cond: ((id >= 8095924) AND (id <= 8096923))
	  ->  Bitmap Index Scan on sbtest1_pkey  (cost=0.00..30.02 rows=959 width=0)
	        Index Cond: ((id >= 8095924) AND (id <= 8096923))

table 2 : explain SELECT c FROM sbtest2 WHERE id BETWEEN 4572303 AND 4573302
	Bitmap Heap Scan on sbtest2  (cost=30.58..3834.99 rows=990 width=121)
	  Recheck Cond: ((id >= 4572303) AND (id <= 4573302))
	  ->  Bitmap Index Scan on sbtest2_pkey  (cost=0.00..30.33 rows=990 width=0)
	        Index Cond: ((id >= 4572303) AND (id <= 4573302))

table 3 : explain SELECT c FROM sbtest3 WHERE id BETWEEN 7860118 AND 7861117
	Bitmap Heap Scan on sbtest3  (cost=30.71..3880.82 rows=1002 width=121)
	  Recheck Cond: ((id >= 7860118) AND (id <= 7861117))
	  ->  Bitmap Index Scan on sbtest3_pkey  (cost=0.00..30.45 rows=1002 width=0)
	        Index Cond: ((id >= 7860118) AND (id <= 7861117))

table 4 : explain SELECT c FROM sbtest4 WHERE id BETWEEN 6468364 AND 6469363
	Bitmap Heap Scan on sbtest4  (cost=30.57..3831.71 rows=989 width=121)
	  Recheck Cond: ((id >= 6468364) AND (id <= 6469363))
	  ->  Bitmap Index Scan on sbtest4_pkey  (cost=0.00..30.32 rows=989 width=0)
	        Index Cond: ((id >= 6468364) AND (id <= 6469363))

table 5 : explain SELECT c FROM sbtest5 WHERE id BETWEEN 8240415 AND 8241414
	Bitmap Heap Scan on sbtest5  (cost=29.96..3609.35 rows=929 width=121)
	  Recheck Cond: ((id >= 8240415) AND (id <= 8241414))
	  ->  Bitmap Index Scan on sbtest5_pkey  (cost=0.00..29.72 rows=929 width=0)
	        Index Cond: ((id >= 8240415) AND (id <= 8241414))

table 6 : explain SELECT c FROM sbtest6 WHERE id BETWEEN 9150913 AND 9151912
	Bitmap Heap Scan on sbtest6  (cost=30.56..3829.86 rows=988 width=121)
	  Recheck Cond: ((id >= 9150913) AND (id <= 9151912))
	  ->  Bitmap Index Scan on sbtest6_pkey  (cost=0.00..30.32 rows=988 width=0)
	        Index Cond: ((id >= 9150913) AND (id <= 9151912))

table 7 : explain SELECT c FROM sbtest7 WHERE id BETWEEN 847541 AND 848540
	Bitmap Heap Scan on sbtest7  (cost=29.96..3609.40 rows=929 width=121)
	  Recheck Cond: ((id >= 847541) AND (id <= 848540))
	  ->  Bitmap Index Scan on sbtest7_pkey  (cost=0.00..29.72 rows=929 width=0)
	        Index Cond: ((id >= 847541) AND (id <= 848540))

table 8 : explain SELECT c FROM sbtest8 WHERE id BETWEEN 1167994 AND 1168993
	Bitmap Heap Scan on sbtest8  (cost=31.17..4052.86 rows=1047 width=121)
	  Recheck Cond: ((id >= 1167994) AND (id <= 1168993))
	  ->  Bitmap Index Scan on sbtest8_pkey  (cost=0.00..30.90 rows=1047 width=0)
	        Index Cond: ((id >= 1167994) AND (id <= 1168993))

for: sum_ranges
table 1 : explain SELECT SUM(k) FROM sbtest1 WHERE id BETWEEN 6419084 AND 6420083
	Aggregate  (cost=3749.23..3749.24 rows=1 width=8)
	  ->  Bitmap Heap Scan on sbtest1  (cost=30.35..3746.81 rows=967 width=4)
	        Recheck Cond: ((id >= 6419084) AND (id <= 6420083))
	        ->  Bitmap Index Scan on sbtest1_pkey  (cost=0.00..30.11 rows=967 width=0)
	              Index Cond: ((id >= 6419084) AND (id <= 6420083))

table 2 : explain SELECT SUM(k) FROM sbtest2 WHERE id BETWEEN 6822795 AND 6823794
	Aggregate  (cost=3599.15..3599.16 rows=1 width=8)
	  ->  Bitmap Heap Scan on sbtest2  (cost=25.95..3596.83 rows=928 width=4)
	        Recheck Cond: ((id >= 6822795) AND (id <= 6823794))
	        ->  Bitmap Index Scan on sbtest2_pkey  (cost=0.00..25.71 rows=928 width=0)
	              Index Cond: ((id >= 6822795) AND (id <= 6823794))

table 3 : explain SELECT SUM(k) FROM sbtest3 WHERE id BETWEEN 2117052 AND 2118051
	Aggregate  (cost=3444.39..3444.40 rows=1 width=8)
	  ->  Bitmap Heap Scan on sbtest3  (cost=25.53..3442.17 rows=887 width=4)
	        Recheck Cond: ((id >= 2117052) AND (id <= 2118051))
	        ->  Bitmap Index Scan on sbtest3_pkey  (cost=0.00..25.30 rows=887 width=0)
	              Index Cond: ((id >= 2117052) AND (id <= 2118051))

table 4 : explain SELECT SUM(k) FROM sbtest4 WHERE id BETWEEN 5774961 AND 5775960
	Aggregate  (cost=4030.38..4030.39 rows=1 width=8)
	  ->  Bitmap Heap Scan on sbtest4  (cost=31.11..4027.77 rows=1041 width=4)
	        Recheck Cond: ((id >= 5774961) AND (id <= 5775960))
	        ->  Bitmap Index Scan on sbtest4_pkey  (cost=0.00..30.84 rows=1041 width=0)
	              Index Cond: ((id >= 5774961) AND (id <= 5775960))

table 5 : explain SELECT SUM(k) FROM sbtest5 WHERE id BETWEEN 2824327 AND 2825326
	Aggregate  (cost=4186.45..4186.46 rows=1 width=8)
	  ->  Bitmap Heap Scan on sbtest5  (cost=31.52..4183.74 rows=1081 width=4)
	        Recheck Cond: ((id >= 2824327) AND (id <= 2825326))
	        ->  Bitmap Index Scan on sbtest5_pkey  (cost=0.00..31.25 rows=1081 width=0)
	              Index Cond: ((id >= 2824327) AND (id <= 2825326))

table 6 : explain SELECT SUM(k) FROM sbtest6 WHERE id BETWEEN 3475482 AND 3476481
	Aggregate  (cost=4356.45..4356.46 rows=1 width=8)
	  ->  Bitmap Heap Scan on sbtest6  (cost=31.99..4353.63 rows=1127 width=4)
	        Recheck Cond: ((id >= 3475482) AND (id <= 3476481))
	        ->  Bitmap Index Scan on sbtest6_pkey  (cost=0.00..31.70 rows=1127 width=0)
	              Index Cond: ((id >= 3475482) AND (id <= 3476481))

table 7 : explain SELECT SUM(k) FROM sbtest7 WHERE id BETWEEN 4518716 AND 4519715
	Aggregate  (cost=4284.55..4284.56 rows=1 width=8)
	  ->  Bitmap Heap Scan on sbtest7  (cost=31.78..4281.78 rows=1107 width=4)
	        Recheck Cond: ((id >= 4518716) AND (id <= 4519715))
	        ->  Bitmap Index Scan on sbtest7_pkey  (cost=0.00..31.50 rows=1107 width=0)
	              Index Cond: ((id >= 4518716) AND (id <= 4519715))

table 8 : explain SELECT SUM(k) FROM sbtest8 WHERE id BETWEEN 7026740 AND 7027739
	Aggregate  (cost=3692.75..3692.76 rows=1 width=8)
	  ->  Bitmap Heap Scan on sbtest8  (cost=30.18..3690.37 rows=951 width=4)
	        Recheck Cond: ((id >= 7026740) AND (id <= 7027739))
	        ->  Bitmap Index Scan on sbtest8_pkey  (cost=0.00..29.94 rows=951 width=0)
	              Index Cond: ((id >= 7026740) AND (id <= 7027739))

for: sum_ranges
table 1 : explain SELECT SUM(k) FROM sbtest1 WHERE id BETWEEN 1687043 AND 1688042
	Aggregate  (cost=3994.41..3994.42 rows=1 width=8)
	  ->  Bitmap Heap Scan on sbtest1  (cost=31.01..3991.83 rows=1032 width=4)
	        Recheck Cond: ((id >= 1687043) AND (id <= 1688042))
	        ->  Bitmap Index Scan on sbtest1_pkey  (cost=0.00..30.75 rows=1032 width=0)
	              Index Cond: ((id >= 1687043) AND (id <= 1688042))

table 2 : explain SELECT SUM(k) FROM sbtest2 WHERE id BETWEEN 8181464 AND 8182463
	Aggregate  (cost=3822.37..3822.38 rows=1 width=8)
	  ->  Bitmap Heap Scan on sbtest2  (cost=30.54..3819.90 rows=986 width=4)
	        Recheck Cond: ((id >= 8181464) AND (id <= 8182463))
	        ->  Bitmap Index Scan on sbtest2_pkey  (cost=0.00..30.29 rows=986 width=0)
	              Index Cond: ((id >= 8181464) AND (id <= 8182463))

table 3 : explain SELECT SUM(k) FROM sbtest3 WHERE id BETWEEN 8528971 AND 8529970
	Aggregate  (cost=3758.69..3758.70 rows=1 width=8)
	  ->  Bitmap Heap Scan on sbtest3  (cost=30.37..3756.27 rows=969 width=4)
	        Recheck Cond: ((id >= 8528971) AND (id <= 8529970))
	        ->  Bitmap Index Scan on sbtest3_pkey  (cost=0.00..30.12 rows=969 width=0)
	              Index Cond: ((id >= 8528971) AND (id <= 8529970))

table 4 : explain SELECT SUM(k) FROM sbtest4 WHERE id BETWEEN 2493933 AND 2494932
	Aggregate  (cost=4297.71..4297.72 rows=1 width=8)
	  ->  Bitmap Heap Scan on sbtest4  (cost=31.83..4294.93 rows=1112 width=4)
	        Recheck Cond: ((id >= 2493933) AND (id <= 2494932))
	        ->  Bitmap Index Scan on sbtest4_pkey  (cost=0.00..31.55 rows=1112 width=0)
	              Index Cond: ((id >= 2493933) AND (id <= 2494932))

table 5 : explain SELECT SUM(k) FROM sbtest5 WHERE id BETWEEN 6999746 AND 7000745
	Aggregate  (cost=3880.50..3880.51 rows=1 width=8)
	  ->  Bitmap Heap Scan on sbtest5  (cost=30.68..3878.00 rows=1000 width=4)
	        Recheck Cond: ((id >= 6999746) AND (id <= 7000745))
	        ->  Bitmap Index Scan on sbtest5_pkey  (cost=0.00..30.43 rows=1000 width=0)
	              Index Cond: ((id >= 6999746) AND (id <= 7000745))

table 6 : explain SELECT SUM(k) FROM sbtest6 WHERE id BETWEEN 8018105 AND 8019104
	Aggregate  (cost=4051.31..4051.32 rows=1 width=8)
	  ->  Bitmap Heap Scan on sbtest6  (cost=31.16..4048.70 rows=1046 width=4)
	        Recheck Cond: ((id >= 8018105) AND (id <= 8019104))
	        ->  Bitmap Index Scan on sbtest6_pkey  (cost=0.00..30.89 rows=1046 width=0)
	              Index Cond: ((id >= 8018105) AND (id <= 8019104))

table 7 : explain SELECT SUM(k) FROM sbtest7 WHERE id BETWEEN 5361165 AND 5362164
	Aggregate  (cost=3751.90..3751.91 rows=1 width=8)
	  ->  Bitmap Heap Scan on sbtest7  (cost=30.34..3749.48 rows=966 width=4)
	        Recheck Cond: ((id >= 5361165) AND (id <= 5362164))
	        ->  Bitmap Index Scan on sbtest7_pkey  (cost=0.00..30.09 rows=966 width=0)
	              Index Cond: ((id >= 5361165) AND (id <= 5362164))

table 8 : explain SELECT SUM(k) FROM sbtest8 WHERE id BETWEEN 4399903 AND 4400902
	Aggregate  (cost=3715.46..3715.47 rows=1 width=8)
	  ->  Bitmap Heap Scan on sbtest8  (cost=30.24..3713.06 rows=957 width=4)
	        Recheck Cond: ((id >= 4399903) AND (id <= 4400902))
	        ->  Bitmap Index Scan on sbtest8_pkey  (cost=0.00..30.00 rows=957 width=0)
	              Index Cond: ((id >= 4399903) AND (id <= 4400902))

for: sum_ranges
table 1 : explain SELECT SUM(k) FROM sbtest1 WHERE id BETWEEN 8145175 AND 8146174
	Aggregate  (cost=4363.08..4363.09 rows=1 width=8)
	  ->  Bitmap Heap Scan on sbtest1  (cost=32.03..4360.26 rows=1131 width=4)
	        Recheck Cond: ((id >= 8145175) AND (id <= 8146174))
	        ->  Bitmap Index Scan on sbtest1_pkey  (cost=0.00..31.75 rows=1131 width=0)
	              Index Cond: ((id >= 8145175) AND (id <= 8146174))

table 2 : explain SELECT SUM(k) FROM sbtest2 WHERE id BETWEEN 9024178 AND 9025177
	Aggregate  (cost=3788.38..3788.39 rows=1 width=8)
	  ->  Bitmap Heap Scan on sbtest2  (cost=30.45..3785.94 rows=977 width=4)
	        Recheck Cond: ((id >= 9024178) AND (id <= 9025177))
	        ->  Bitmap Index Scan on sbtest2_pkey  (cost=0.00..30.20 rows=977 width=0)
	              Index Cond: ((id >= 9024178) AND (id <= 9025177))

table 3 : explain SELECT SUM(k) FROM sbtest3 WHERE id BETWEEN 543544 AND 544543
	Aggregate  (cost=4019.13..4019.14 rows=1 width=8)
	  ->  Bitmap Heap Scan on sbtest3  (cost=31.07..4016.53 rows=1038 width=4)
	        Recheck Cond: ((id >= 543544) AND (id <= 544543))
	        ->  Bitmap Index Scan on sbtest3_pkey  (cost=0.00..30.82 rows=1038 width=0)
	              Index Cond: ((id >= 543544) AND (id <= 544543))

table 4 : explain SELECT SUM(k) FROM sbtest4 WHERE id BETWEEN 1858639 AND 1859638
	Aggregate  (cost=3758.64..3758.65 rows=1 width=8)
	  ->  Bitmap Heap Scan on sbtest4  (cost=30.37..3756.21 rows=969 width=4)
	        Recheck Cond: ((id >= 1858639) AND (id <= 1859638))
	        ->  Bitmap Index Scan on sbtest4_pkey  (cost=0.00..30.12 rows=969 width=0)
	              Index Cond: ((id >= 1858639) AND (id <= 1859638))

table 5 : explain SELECT SUM(k) FROM sbtest5 WHERE id BETWEEN 4315311 AND 4316310
	Aggregate  (cost=4073.23..4073.24 rows=1 width=8)
	  ->  Bitmap Heap Scan on sbtest5  (cost=31.21..4070.60 rows=1051 width=4)
	        Recheck Cond: ((id >= 4315311) AND (id <= 4316310))
	        ->  Bitmap Index Scan on sbtest5_pkey  (cost=0.00..30.94 rows=1051 width=0)
	              Index Cond: ((id >= 4315311) AND (id <= 4316310))

table 6 : explain SELECT SUM(k) FROM sbtest6 WHERE id BETWEEN 3078667 AND 3079666
	Aggregate  (cost=3873.89..3873.90 rows=1 width=8)
	  ->  Bitmap Heap Scan on sbtest6  (cost=30.67..3871.39 rows=999 width=4)
	        Recheck Cond: ((id >= 3078667) AND (id <= 3079666))
	        ->  Bitmap Index Scan on sbtest6_pkey  (cost=0.00..30.43 rows=999 width=0)
	              Index Cond: ((id >= 3078667) AND (id <= 3079666))

table 7 : explain SELECT SUM(k) FROM sbtest7 WHERE id BETWEEN 4108096 AND 4109095
	Aggregate  (cost=3725.39..3725.40 rows=1 width=8)
	  ->  Bitmap Heap Scan on sbtest7  (cost=30.26..3722.99 rows=959 width=4)
	        Recheck Cond: ((id >= 4108096) AND (id <= 4109095))
	        ->  Bitmap Index Scan on sbtest7_pkey  (cost=0.00..30.02 rows=959 width=0)
	              Index Cond: ((id >= 4108096) AND (id <= 4109095))

table 8 : explain SELECT SUM(k) FROM sbtest8 WHERE id BETWEEN 6006033 AND 6007032
	Aggregate  (cost=4153.52..4153.53 rows=1 width=8)
	  ->  Bitmap Heap Scan on sbtest8  (cost=31.43..4150.84 rows=1073 width=4)
	        Recheck Cond: ((id >= 6006033) AND (id <= 6007032))
	        ->  Bitmap Index Scan on sbtest8_pkey  (cost=0.00..31.16 rows=1073 width=0)
	              Index Cond: ((id >= 6006033) AND (id <= 6007032))

explain: for point_selects :: explain SELECT c FROM sbtest%u WHERE id=%u
for: sum_ranges
table 1 : explain SELECT SUM(k) FROM sbtest1 WHERE id BETWEEN 2739305 AND 2740304
	Aggregate  (cost=3404.84..3404.85 rows=1 width=8)
	  ->  Bitmap Heap Scan on sbtest1  (cost=25.42..3402.65 rows=877 width=4)
	        Recheck Cond: ((id >= 2739305) AND (id <= 2740304))
	        ->  Bitmap Index Scan on sbtest1_pkey  (cost=0.00..25.20 rows=877 width=0)
	              Index Cond: ((id >= 2739305) AND (id <= 2740304))

table 2 : explain SELECT SUM(k) FROM sbtest2 WHERE id BETWEEN 3984022 AND 3985021
	Aggregate  (cost=3958.21..3958.22 rows=1 width=8)
	  ->  Bitmap Heap Scan on sbtest2  (cost=30.91..3955.66 rows=1022 width=4)
	        Recheck Cond: ((id >= 3984022) AND (id <= 3985021))
	        ->  Bitmap Index Scan on sbtest2_pkey  (cost=0.00..30.65 rows=1022 width=0)
	              Index Cond: ((id >= 3984022) AND (id <= 3985021))

table 3 : explain SELECT SUM(k) FROM sbtest3 WHERE id BETWEEN 3159600 AND 3160599
	Aggregate  (cost=4271.45..4271.46 rows=1 width=8)
	  ->  Bitmap Heap Scan on sbtest3  (cost=31.76..4268.69 rows=1105 width=4)
	        Recheck Cond: ((id >= 3159600) AND (id <= 3160599))
	        ->  Bitmap Index Scan on sbtest3_pkey  (cost=0.00..31.48 rows=1105 width=0)
	              Index Cond: ((id >= 3159600) AND (id <= 3160599))

table 4 : explain SELECT SUM(k) FROM sbtest4 WHERE id BETWEEN 5401544 AND 5402543
	Aggregate  (cost=3788.86..3788.87 rows=1 width=8)
	  ->  Bitmap Heap Scan on sbtest4  (cost=30.45..3786.42 rows=977 width=4)
	        Recheck Cond: ((id >= 5401544) AND (id <= 5402543))
	        ->  Bitmap Index Scan on sbtest4_pkey  (cost=0.00..30.20 rows=977 width=0)
	              Index Cond: ((id >= 5401544) AND (id <= 5402543))

table 5 : explain SELECT SUM(k) FROM sbtest5 WHERE id BETWEEN 1275826 AND 1276825
	Aggregate  (cost=4009.02..4009.03 rows=1 width=8)
	  ->  Bitmap Heap Scan on sbtest5  (cost=31.03..4006.44 rows=1034 width=4)
	        Recheck Cond: ((id >= 1275826) AND (id <= 1276825))
	        ->  Bitmap Index Scan on sbtest5_pkey  (cost=0.00..30.77 rows=1034 width=0)
	              Index Cond: ((id >= 1275826) AND (id <= 1276825))

table 6 : explain SELECT SUM(k) FROM sbtest6 WHERE id BETWEEN 3438150 AND 3439149
	Aggregate  (cost=4356.45..4356.46 rows=1 width=8)
	  ->  Bitmap Heap Scan on sbtest6  (cost=31.99..4353.63 rows=1127 width=4)
	        Recheck Cond: ((id >= 3438150) AND (id <= 3439149))
	        ->  Bitmap Index Scan on sbtest6_pkey  (cost=0.00..31.70 rows=1127 width=0)
	              Index Cond: ((id >= 3438150) AND (id <= 3439149))

table 7 : explain SELECT SUM(k) FROM sbtest7 WHERE id BETWEEN 3434287 AND 3435286
	Aggregate  (cost=3797.33..3797.34 rows=1 width=8)
	  ->  Bitmap Heap Scan on sbtest7  (cost=30.46..3794.88 rows=978 width=4)
	        Recheck Cond: ((id >= 3434287) AND (id <= 3435286))
	        ->  Bitmap Index Scan on sbtest7_pkey  (cost=0.00..30.21 rows=978 width=0)
	              Index Cond: ((id >= 3434287) AND (id <= 3435286))

table 8 : explain SELECT SUM(k) FROM sbtest8 WHERE id BETWEEN 153750 AND 154749
	Aggregate  (cost=3567.79..3567.80 rows=1 width=8)
	  ->  Bitmap Heap Scan on sbtest8  (cost=29.84..3565.50 rows=918 width=4)
	        Recheck Cond: ((id >= 153750) AND (id <= 154749))
	        ->  Bitmap Index Scan on sbtest8_pkey  (cost=0.00..29.61 rows=918 width=0)
	              Index Cond: ((id >= 153750) AND (id <= 154749))

for: order_ranges
table 1 : explain SELECT c FROM sbtest1 WHERE id BETWEEN 3310421 AND 3311420 ORDER BY c
	Sort  (cost=4524.48..4527.37 rows=1158 width=121)
	  Sort Key: c
	  ->  Bitmap Heap Scan on sbtest1  (cost=36.30..4465.55 rows=1158 width=121)
	        Recheck Cond: ((id >= 3310421) AND (id <= 3311420))
	        ->  Bitmap Index Scan on sbtest1_pkey  (cost=0.00..36.02 rows=1158 width=0)
	              Index Cond: ((id >= 3310421) AND (id <= 3311420))

table 2 : explain SELECT c FROM sbtest2 WHERE id BETWEEN 8912721 AND 8913720 ORDER BY c
	Sort  (cost=4045.00..4047.58 rows=1032 width=121)
	  Sort Key: c
	  ->  Bitmap Heap Scan on sbtest2  (cost=31.01..3993.34 rows=1032 width=121)
	        Recheck Cond: ((id >= 8912721) AND (id <= 8913720))
	        ->  Bitmap Index Scan on sbtest2_pkey  (cost=0.00..30.75 rows=1032 width=0)
	              Index Cond: ((id >= 8912721) AND (id <= 8913720))

table 3 : explain SELECT c FROM sbtest3 WHERE id BETWEEN 5798455 AND 5799454 ORDER BY c
	Sort  (cost=3762.16..3764.56 rows=958 width=121)
	  Sort Key: c
	  ->  Bitmap Heap Scan on sbtest3  (cost=30.25..3714.72 rows=958 width=121)
	        Recheck Cond: ((id >= 5798455) AND (id <= 5799454))
	        ->  Bitmap Index Scan on sbtest3_pkey  (cost=0.00..30.01 rows=958 width=0)
	              Index Cond: ((id >= 5798455) AND (id <= 5799454))

table 4 : explain SELECT c FROM sbtest4 WHERE id BETWEEN 6435838 AND 6436837 ORDER BY c
	Sort  (cost=3880.91..3883.39 rows=989 width=121)
	  Sort Key: c
	  ->  Bitmap Heap Scan on sbtest4  (cost=30.57..3831.71 rows=989 width=121)
	        Recheck Cond: ((id >= 6435838) AND (id <= 6436837))
	        ->  Bitmap Index Scan on sbtest4_pkey  (cost=0.00..30.32 rows=989 width=0)
	              Index Cond: ((id >= 6435838) AND (id <= 6436837))

table 5 : explain SELECT c FROM sbtest5 WHERE id BETWEEN 2446525 AND 2447524 ORDER BY c
	Sort  (cost=3985.37..3987.91 rows=1015 width=121)
	  Sort Key: c
	  ->  Bitmap Heap Scan on sbtest5  (cost=30.84..3934.68 rows=1015 width=121)
	        Recheck Cond: ((id >= 2446525) AND (id <= 2447524))
	        ->  Bitmap Index Scan on sbtest5_pkey  (cost=0.00..30.58 rows=1015 width=0)
	              Index Cond: ((id >= 2446525) AND (id <= 2447524))

table 6 : explain SELECT c FROM sbtest6 WHERE id BETWEEN 9855958 AND 9856957 ORDER BY c
	Sort  (cost=4089.68..4092.29 rows=1043 width=121)
	  Sort Key: c
	  ->  Bitmap Heap Scan on sbtest6  (cost=31.13..4037.39 rows=1043 width=121)
	        Recheck Cond: ((id >= 9855958) AND (id <= 9856957))
	        ->  Bitmap Index Scan on sbtest6_pkey  (cost=0.00..30.86 rows=1043 width=0)
	              Index Cond: ((id >= 9855958) AND (id <= 9856957))

table 7 : explain SELECT c FROM sbtest7 WHERE id BETWEEN 5252659 AND 5253658 ORDER BY c
	Sort  (cost=3831.94..3834.38 rows=975 width=121)
	  Sort Key: c
	  ->  Bitmap Heap Scan on sbtest7  (cost=30.43..3783.53 rows=975 width=121)
	        Recheck Cond: ((id >= 5252659) AND (id <= 5253658))
	        ->  Bitmap Index Scan on sbtest7_pkey  (cost=0.00..30.18 rows=975 width=0)
	              Index Cond: ((id >= 5252659) AND (id <= 5253658))

table 8 : explain SELECT c FROM sbtest8 WHERE id BETWEEN 382383 AND 383382 ORDER BY c
	Sort  (cost=3929.20..3931.70 rows=1001 width=121)
	  Sort Key: c
	  ->  Bitmap Heap Scan on sbtest8  (cost=30.70..3879.31 rows=1001 width=121)
	        Recheck Cond: ((id >= 382383) AND (id <= 383382))
	        ->  Bitmap Index Scan on sbtest8_pkey  (cost=0.00..30.44 rows=1001 width=0)
	              Index Cond: ((id >= 382383) AND (id <= 383382))

explain: for point_selects :: explain SELECT c FROM sbtest%u WHERE id=%u
explain: for point_selects :: explain SELECT c FROM sbtest%u WHERE id=%u
for: distinct_ranges
table 1 : explain SELECT DISTINCT c FROM sbtest1 WHERE id BETWEEN 8839366 AND 8840365 ORDER BY c
	Unique  (cost=3779.44..3784.26 rows=963 width=121)
	  ->  Sort  (cost=3779.44..3781.85 rows=963 width=121)
	        Sort Key: c
	        ->  Bitmap Heap Scan on sbtest1  (cost=30.31..3731.72 rows=963 width=121)
	              Recheck Cond: ((id >= 8839366) AND (id <= 8840365))
	              ->  Bitmap Index Scan on sbtest1_pkey  (cost=0.00..30.07 rows=963 width=0)
	                    Index Cond: ((id >= 8839366) AND (id <= 8840365))

table 2 : explain SELECT DISTINCT c FROM sbtest2 WHERE id BETWEEN 4485169 AND 4486168 ORDER BY c
	Unique  (cost=3884.25..3889.20 rows=990 width=121)
	  ->  Sort  (cost=3884.25..3886.73 rows=990 width=121)
	        Sort Key: c
	        ->  Bitmap Heap Scan on sbtest2  (cost=30.58..3834.99 rows=990 width=121)
	              Recheck Cond: ((id >= 4485169) AND (id <= 4486168))
	              ->  Bitmap Index Scan on sbtest2_pkey  (cost=0.00..30.33 rows=990 width=0)
	                    Index Cond: ((id >= 4485169) AND (id <= 4486168))

table 3 : explain SELECT DISTINCT c FROM sbtest3 WHERE id BETWEEN 4300776 AND 4301775 ORDER BY c
	Unique  (cost=3535.55..3540.05 rows=900 width=121)
	  ->  Sort  (cost=3535.55..3537.80 rows=900 width=121)
	        Sort Key: c
	        ->  Bitmap Heap Scan on sbtest3  (cost=25.66..3491.39 rows=900 width=121)
	              Recheck Cond: ((id >= 4300776) AND (id <= 4301775))
	              ->  Bitmap Index Scan on sbtest3_pkey  (cost=0.00..25.43 rows=900 width=0)
	                    Index Cond: ((id >= 4300776) AND (id <= 4301775))

table 4 : explain SELECT DISTINCT c FROM sbtest4 WHERE id BETWEEN 8868539 AND 8869538 ORDER BY c
	Unique  (cost=3861.76..3866.68 rows=984 width=121)
	  ->  Sort  (cost=3861.76..3864.22 rows=984 width=121)
	        Sort Key: c
	        ->  Bitmap Heap Scan on sbtest4  (cost=30.52..3812.84 rows=984 width=121)
	              Recheck Cond: ((id >= 8868539) AND (id <= 8869538))
	              ->  Bitmap Index Scan on sbtest4_pkey  (cost=0.00..30.27 rows=984 width=0)
	                    Index Cond: ((id >= 8868539) AND (id <= 8869538))

table 5 : explain SELECT DISTINCT c FROM sbtest5 WHERE id BETWEEN 9180104 AND 9181103 ORDER BY c
	Unique  (cost=3697.43..3702.13 rows=940 width=121)
	  ->  Sort  (cost=3697.43..3699.78 rows=940 width=121)
	        Sort Key: c
	        ->  Bitmap Heap Scan on sbtest5  (cost=30.07..3651.01 rows=940 width=121)
	              Recheck Cond: ((id >= 9180104) AND (id <= 9181103))
	              ->  Bitmap Index Scan on sbtest5_pkey  (cost=0.00..29.83 rows=940 width=0)
	                    Index Cond: ((id >= 9180104) AND (id <= 9181103))

table 6 : explain SELECT DISTINCT c FROM sbtest6 WHERE id BETWEEN 6191593 AND 6192592 ORDER BY c
	Unique  (cost=3905.84..3910.81 rows=995 width=121)
	  ->  Sort  (cost=3905.84..3908.32 rows=995 width=121)
	        Sort Key: c
	        ->  Bitmap Heap Scan on sbtest6  (cost=30.63..3856.29 rows=995 width=121)
	              Recheck Cond: ((id >= 6191593) AND (id <= 6192592))
	              ->  Bitmap Index Scan on sbtest6_pkey  (cost=0.00..30.39 rows=995 width=0)
	                    Index Cond: ((id >= 6191593) AND (id <= 6192592))

table 7 : explain SELECT DISTINCT c FROM sbtest7 WHERE id BETWEEN 4458230 AND 4459229 ORDER BY c
	Unique  (cost=3724.39..3729.12 rows=947 width=121)
	  ->  Sort  (cost=3724.39..3726.75 rows=947 width=121)
	        Sort Key: c
	        ->  Bitmap Heap Scan on sbtest7  (cost=30.14..3677.57 rows=947 width=121)
	              Recheck Cond: ((id >= 4458230) AND (id <= 4459229))
	              ->  Bitmap Index Scan on sbtest7_pkey  (cost=0.00..29.90 rows=947 width=0)
	                    Index Cond: ((id >= 4458230) AND (id <= 4459229))

table 8 : explain SELECT DISTINCT c FROM sbtest8 WHERE id BETWEEN 985841 AND 986840 ORDER BY c
	Unique  (cost=3852.52..3857.43 rows=981 width=121)
	  ->  Sort  (cost=3852.52..3854.97 rows=981 width=121)
	        Sort Key: c
	        ->  Bitmap Heap Scan on sbtest8  (cost=30.49..3803.78 rows=981 width=121)
	              Recheck Cond: ((id >= 985841) AND (id <= 986840))
	              ->  Bitmap Index Scan on sbtest8_pkey  (cost=0.00..30.25 rows=981 width=0)
	                    Index Cond: ((id >= 985841) AND (id <= 986840))

explain: for point_selects :: explain SELECT c FROM sbtest%u WHERE id=%u
for point_selects
table 1 : explain SELECT c FROM sbtest1 WHERE id=6695860
	Index Scan using sbtest1_pkey on sbtest1  (cost=0.43..8.45 rows=1 width=121)
	  Index Cond: (id = 6695860)

table 2 : explain SELECT c FROM sbtest2 WHERE id=9446501
	Index Scan using sbtest2_pkey on sbtest2  (cost=0.43..8.45 rows=1 width=121)
	  Index Cond: (id = 9446501)

table 3 : explain SELECT c FROM sbtest3 WHERE id=4492092
	Index Scan using sbtest3_pkey on sbtest3  (cost=0.43..8.45 rows=1 width=121)
	  Index Cond: (id = 4492092)

table 4 : explain SELECT c FROM sbtest4 WHERE id=9385835
	Index Scan using sbtest4_pkey on sbtest4  (cost=0.43..8.45 rows=1 width=121)
	  Index Cond: (id = 9385835)

table 5 : explain SELECT c FROM sbtest5 WHERE id=6888312
	Index Scan using sbtest5_pkey on sbtest5  (cost=0.43..8.45 rows=1 width=121)
	  Index Cond: (id = 6888312)

table 6 : explain SELECT c FROM sbtest6 WHERE id=5051680
	Index Scan using sbtest6_pkey on sbtest6  (cost=0.43..8.45 rows=1 width=121)
	  Index Cond: (id = 5051680)

table 7 : explain SELECT c FROM sbtest7 WHERE id=9663132
	Index Scan using sbtest7_pkey on sbtest7  (cost=0.43..8.45 rows=1 width=121)
	  Index Cond: (id = 9663132)

table 8 : explain SELECT c FROM sbtest8 WHERE id=6276961
	Index Scan using sbtest8_pkey on sbtest8  (cost=0.43..8.45 rows=1 width=121)
	  Index Cond: (id = 6276961)

explain: for point_selects :: explain SELECT c FROM sbtest%u WHERE id=%u
explain: for point_selects :: explain SELECT c FROM sbtest%u WHERE id=%u
for: order_ranges
table 1 : explain SELECT c FROM sbtest1 WHERE id BETWEEN 9029201 AND 9030200 ORDER BY c
	Sort  (cost=4028.19..4030.76 rows=1028 width=121)
	  Sort Key: c
	  ->  Bitmap Heap Scan on sbtest1  (cost=30.97..3976.77 rows=1028 width=121)
	        Recheck Cond: ((id >= 9029201) AND (id <= 9030200))
	        ->  Bitmap Index Scan on sbtest1_pkey  (cost=0.00..30.71 rows=1028 width=0)
	              Index Cond: ((id >= 9029201) AND (id <= 9030200))

table 2 : explain SELECT c FROM sbtest2 WHERE id BETWEEN 219454 AND 220453 ORDER BY c
	Sort  (cost=3922.54..3925.04 rows=1000 width=121)
	  Sort Key: c
	  ->  Bitmap Heap Scan on sbtest2  (cost=30.68..3872.72 rows=1000 width=121)
	        Recheck Cond: ((id >= 219454) AND (id <= 220453))
	        ->  Bitmap Index Scan on sbtest2_pkey  (cost=0.00..30.43 rows=1000 width=0)
	              Index Cond: ((id >= 219454) AND (id <= 220453))

table 3 : explain SELECT c FROM sbtest3 WHERE id BETWEEN 6598713 AND 6599712 ORDER BY c
	Sort  (cost=4018.80..4021.36 rows=1025 width=121)
	  Sort Key: c
	  ->  Bitmap Heap Scan on sbtest3  (cost=30.94..3967.54 rows=1025 width=121)
	        Recheck Cond: ((id >= 6598713) AND (id <= 6599712))
	        ->  Bitmap Index Scan on sbtest3_pkey  (cost=0.00..30.68 rows=1025 width=0)
	              Index Cond: ((id >= 6598713) AND (id <= 6599712))

table 4 : explain SELECT c FROM sbtest4 WHERE id BETWEEN 1018163 AND 1019162 ORDER BY c
	Sort  (cost=3957.50..3960.03 rows=1009 width=121)
	  Sort Key: c
	  ->  Bitmap Heap Scan on sbtest4  (cost=30.78..3907.16 rows=1009 width=121)
	        Recheck Cond: ((id >= 1018163) AND (id <= 1019162))
	        ->  Bitmap Index Scan on sbtest4_pkey  (cost=0.00..30.52 rows=1009 width=0)
	              Index Cond: ((id >= 1018163) AND (id <= 1019162))

table 5 : explain SELECT c FROM sbtest5 WHERE id BETWEEN 5814545 AND 5815544 ORDER BY c
	Sort  (cost=3904.81..3907.30 rows=994 width=121)
	  Sort Key: c
	  ->  Bitmap Heap Scan on sbtest5  (cost=30.62..3855.33 rows=994 width=121)
	        Recheck Cond: ((id >= 5814545) AND (id <= 5815544))
	        ->  Bitmap Index Scan on sbtest5_pkey  (cost=0.00..30.37 rows=994 width=0)
	              Index Cond: ((id >= 5814545) AND (id <= 5815544))

table 6 : explain SELECT c FROM sbtest6 WHERE id BETWEEN 5095159 AND 5096158 ORDER BY c
	Sort  (cost=3587.30..3589.58 rows=912 width=121)
	  Sort Key: c
	  ->  Bitmap Heap Scan on sbtest6  (cost=29.78..3542.46 rows=912 width=121)
	        Recheck Cond: ((id >= 5095159) AND (id <= 5096158))
	        ->  Bitmap Index Scan on sbtest6_pkey  (cost=0.00..29.55 rows=912 width=0)
	              Index Cond: ((id >= 5095159) AND (id <= 5096158))

table 7 : explain SELECT c FROM sbtest7 WHERE id BETWEEN 5584277 AND 5585276 ORDER BY c
	Sort  (cost=4383.82..4386.61 rows=1118 width=121)
	  Sort Key: c
	  ->  Bitmap Heap Scan on sbtest7  (cost=35.89..4327.21 rows=1118 width=121)
	        Recheck Cond: ((id >= 5584277) AND (id <= 5585276))
	        ->  Bitmap Index Scan on sbtest7_pkey  (cost=0.00..35.62 rows=1118 width=0)
	              Index Cond: ((id >= 5584277) AND (id <= 5585276))

table 8 : explain SELECT c FROM sbtest8 WHERE id BETWEEN 2918360 AND 2919359 ORDER BY c
	Sort  (cost=4273.67..4276.40 rows=1091 width=121)
	  Sort Key: c
	  ->  Bitmap Heap Scan on sbtest8  (cost=31.62..4218.62 rows=1091 width=121)
	        Recheck Cond: ((id >= 2918360) AND (id <= 2919359))
	        ->  Bitmap Index Scan on sbtest8_pkey  (cost=0.00..31.34 rows=1091 width=0)
	              Index Cond: ((id >= 2918360) AND (id <= 2919359))

for: order_ranges
table 1 : explain SELECT c FROM sbtest1 WHERE id BETWEEN 4625309 AND 4626308 ORDER BY c
	Sort  (cost=4177.20..4179.87 rows=1067 width=121)
	  Sort Key: c
	  ->  Bitmap Heap Scan on sbtest1  (cost=31.37..4123.54 rows=1067 width=121)
	        Recheck Cond: ((id >= 4625309) AND (id <= 4626308))
	        ->  Bitmap Index Scan on sbtest1_pkey  (cost=0.00..31.11 rows=1067 width=0)
	              Index Cond: ((id >= 4625309) AND (id <= 4626308))

table 2 : explain SELECT c FROM sbtest2 WHERE id BETWEEN 4404218 AND 4405217 ORDER BY c
	Sort  (cost=3822.96..3825.40 rows=974 width=121)
	  Sort Key: c
	  ->  Bitmap Heap Scan on sbtest2  (cost=30.42..3774.61 rows=974 width=121)
	        Recheck Cond: ((id >= 4404218) AND (id <= 4405217))
	        ->  Bitmap Index Scan on sbtest2_pkey  (cost=0.00..30.18 rows=974 width=0)
	              Index Cond: ((id >= 4404218) AND (id <= 4405217))

table 3 : explain SELECT c FROM sbtest3 WHERE id BETWEEN 7423691 AND 7424690 ORDER BY c
	Sort  (cost=4309.28..4312.03 rows=1101 width=121)
	  Sort Key: c
	  ->  Bitmap Heap Scan on sbtest3  (cost=31.72..4253.65 rows=1101 width=121)
	        Recheck Cond: ((id >= 7423691) AND (id <= 7424690))
	        ->  Bitmap Index Scan on sbtest3_pkey  (cost=0.00..31.44 rows=1101 width=0)
	              Index Cond: ((id >= 7423691) AND (id <= 7424690))

table 4 : explain SELECT c FROM sbtest4 WHERE id BETWEEN 9750207 AND 9751206 ORDER BY c
	Sort  (cost=3831.11..3833.55 rows=976 width=121)
	  Sort Key: c
	  ->  Bitmap Heap Scan on sbtest4  (cost=30.44..3782.64 rows=976 width=121)
	        Recheck Cond: ((id >= 9750207) AND (id <= 9751206))
	        ->  Bitmap Index Scan on sbtest4_pkey  (cost=0.00..30.19 rows=976 width=0)
	              Index Cond: ((id >= 9750207) AND (id <= 9751206))

table 5 : explain SELECT c FROM sbtest5 WHERE id BETWEEN 3223821 AND 3224820 ORDER BY c
	Sort  (cost=3743.55..3745.93 rows=952 width=121)
	  Sort Key: c
	  ->  Bitmap Heap Scan on sbtest5  (cost=30.19..3696.45 rows=952 width=121)
	        Recheck Cond: ((id >= 3223821) AND (id <= 3224820))
	        ->  Bitmap Index Scan on sbtest5_pkey  (cost=0.00..29.95 rows=952 width=0)
	              Index Cond: ((id >= 3223821) AND (id <= 3224820))

table 6 : explain SELECT c FROM sbtest6 WHERE id BETWEEN 7558375 AND 7559374 ORDER BY c
	Sort  (cost=3698.69..3701.04 rows=941 width=121)
	  Sort Key: c
	  ->  Bitmap Heap Scan on sbtest6  (cost=30.08..3652.21 rows=941 width=121)
	        Recheck Cond: ((id >= 7558375) AND (id <= 7559374))
	        ->  Bitmap Index Scan on sbtest6_pkey  (cost=0.00..29.84 rows=941 width=0)
	              Index Cond: ((id >= 7558375) AND (id <= 7559374))

table 7 : explain SELECT c FROM sbtest7 WHERE id BETWEEN 4174657 AND 4175656 ORDER BY c
	Sort  (cost=3770.49..3772.89 rows=959 width=121)
	  Sort Key: c
	  ->  Bitmap Heap Scan on sbtest7  (cost=30.26..3722.99 rows=959 width=121)
	        Recheck Cond: ((id >= 4174657) AND (id <= 4175656))
	        ->  Bitmap Index Scan on sbtest7_pkey  (cost=0.00..30.02 rows=959 width=0)
	              Index Cond: ((id >= 4174657) AND (id <= 4175656))

table 8 : explain SELECT c FROM sbtest8 WHERE id BETWEEN 4759114 AND 4760113 ORDER BY c
	Sort  (cost=3917.70..3920.20 rows=998 width=121)
	  Sort Key: c
	  ->  Bitmap Heap Scan on sbtest8  (cost=30.66..3867.99 rows=998 width=121)
	        Recheck Cond: ((id >= 4759114) AND (id <= 4760113))
	        ->  Bitmap Index Scan on sbtest8_pkey  (cost=0.00..30.41 rows=998 width=0)
	              Index Cond: ((id >= 4759114) AND (id <= 4760113))

for: distinct_ranges
table 1 : explain SELECT DISTINCT c FROM sbtest1 WHERE id BETWEEN 8083542 AND 8084541 ORDER BY c
	Unique  (cost=3764.12..3768.91 rows=959 width=121)
	  ->  Sort  (cost=3764.12..3766.51 rows=959 width=121)
	        Sort Key: c
	        ->  Bitmap Heap Scan on sbtest1  (cost=30.26..3716.62 rows=959 width=121)
	              Recheck Cond: ((id >= 8083542) AND (id <= 8084541))
	              ->  Bitmap Index Scan on sbtest1_pkey  (cost=0.00..30.02 rows=959 width=0)
	                    Index Cond: ((id >= 8083542) AND (id <= 8084541))

table 2 : explain SELECT DISTINCT c FROM sbtest2 WHERE id BETWEEN 2894565 AND 2895564 ORDER BY c
	Unique  (cost=3634.90..3639.53 rows=926 width=121)
	  ->  Sort  (cost=3634.90..3637.21 rows=926 width=121)
	        Sort Key: c
	        ->  Bitmap Heap Scan on sbtest2  (cost=25.93..3589.27 rows=926 width=121)
	              Recheck Cond: ((id >= 2894565) AND (id <= 2895564))
	              ->  Bitmap Index Scan on sbtest2_pkey  (cost=0.00..25.69 rows=926 width=0)
	                    Index Cond: ((id >= 2894565) AND (id <= 2895564))

table 3 : explain SELECT DISTINCT c FROM sbtest3 WHERE id BETWEEN 8762657 AND 8763656 ORDER BY c
	Unique  (cost=4080.01..4085.22 rows=1041 width=121)
	  ->  Sort  (cost=4080.01..4082.61 rows=1041 width=121)
	        Sort Key: c
	        ->  Bitmap Heap Scan on sbtest3  (cost=31.11..4027.84 rows=1041 width=121)
	              Recheck Cond: ((id >= 8762657) AND (id <= 8763656))
	              ->  Bitmap Index Scan on sbtest3_pkey  (cost=0.00..30.84 rows=1041 width=0)
	                    Index Cond: ((id >= 8762657) AND (id <= 8763656))

table 4 : explain SELECT DISTINCT c FROM sbtest4 WHERE id BETWEEN 2150912 AND 2151911 ORDER BY c
	Unique  (cost=3865.59..3870.52 rows=985 width=121)
	  ->  Sort  (cost=3865.59..3868.05 rows=985 width=121)
	        Sort Key: c
	        ->  Bitmap Heap Scan on sbtest4  (cost=30.53..3816.62 rows=985 width=121)
	              Recheck Cond: ((id >= 2150912) AND (id <= 2151911))
	              ->  Bitmap Index Scan on sbtest4_pkey  (cost=0.00..30.29 rows=985 width=0)
	                    Index Cond: ((id >= 2150912) AND (id <= 2151911))

table 5 : explain SELECT DISTINCT c FROM sbtest5 WHERE id BETWEEN 4444286 AND 4445285 ORDER BY c
	Unique  (cost=4131.01..4136.27 rows=1053 width=121)
	  ->  Sort  (cost=4131.01..4133.64 rows=1053 width=121)
	        Sort Key: c
	        ->  Bitmap Heap Scan on sbtest5  (cost=31.23..4078.15 rows=1053 width=121)
	              Recheck Cond: ((id >= 4444286) AND (id <= 4445285))
	              ->  Bitmap Index Scan on sbtest5_pkey  (cost=0.00..30.96 rows=1053 width=0)
	                    Index Cond: ((id >= 4444286) AND (id <= 4445285))

table 6 : explain SELECT DISTINCT c FROM sbtest6 WHERE id BETWEEN 3705917 AND 3706916 ORDER BY c
	Unique  (cost=3936.50..3941.51 rows=1003 width=121)
	  ->  Sort  (cost=3936.50..3939.00 rows=1003 width=121)
	        Sort Key: c
	        ->  Bitmap Heap Scan on sbtest6  (cost=30.72..3886.49 rows=1003 width=121)
	              Recheck Cond: ((id >= 3705917) AND (id <= 3706916))
	              ->  Bitmap Index Scan on sbtest6_pkey  (cost=0.00..30.46 rows=1003 width=0)
	                    Index Cond: ((id >= 3705917) AND (id <= 3706916))

table 7 : explain SELECT DISTINCT c FROM sbtest7 WHERE id BETWEEN 652946 AND 653945 ORDER BY c
	Unique  (cost=4138.73..4144.00 rows=1055 width=121)
	  ->  Sort  (cost=4138.73..4141.37 rows=1055 width=121)
	        Sort Key: c
	        ->  Bitmap Heap Scan on sbtest7  (cost=31.25..4085.75 rows=1055 width=121)
	              Recheck Cond: ((id >= 652946) AND (id <= 653945))
	              ->  Bitmap Index Scan on sbtest7_pkey  (cost=0.00..30.98 rows=1055 width=0)
	                    Index Cond: ((id >= 652946) AND (id <= 653945))

table 8 : explain SELECT DISTINCT c FROM sbtest8 WHERE id BETWEEN 7365852 AND 7366851 ORDER BY c
	Unique  (cost=4231.62..4237.02 rows=1080 width=121)
	  ->  Sort  (cost=4231.62..4234.32 rows=1080 width=121)
	        Sort Key: c
	        ->  Bitmap Heap Scan on sbtest8  (cost=31.50..4177.21 rows=1080 width=121)
	              Recheck Cond: ((id >= 7365852) AND (id <= 7366851))
	              ->  Bitmap Index Scan on sbtest8_pkey  (cost=0.00..31.23 rows=1080 width=0)
	                    Index Cond: ((id >= 7365852) AND (id <= 7366851))

for: order_ranges
table 1 : explain SELECT c FROM sbtest1 WHERE id BETWEEN 5054203 AND 5055202 ORDER BY c
	Sort  (cost=3840.72..3843.17 rows=979 width=121)
	  Sort Key: c
	  ->  Bitmap Heap Scan on sbtest1  (cost=30.47..3792.09 rows=979 width=121)
	        Recheck Cond: ((id >= 5054203) AND (id <= 5055202))
	        ->  Bitmap Index Scan on sbtest1_pkey  (cost=0.00..30.22 rows=979 width=0)
	              Index Cond: ((id >= 5054203) AND (id <= 5055202))

table 2 : explain SELECT c FROM sbtest2 WHERE id BETWEEN 8681200 AND 8682199 ORDER BY c
	Sort  (cost=4220.81..4223.51 rows=1078 width=121)
	  Sort Key: c
	  ->  Bitmap Heap Scan on sbtest2  (cost=31.48..4166.51 rows=1078 width=121)
	        Recheck Cond: ((id >= 8681200) AND (id <= 8682199))
	        ->  Bitmap Index Scan on sbtest2_pkey  (cost=0.00..31.21 rows=1078 width=0)
	              Index Cond: ((id >= 8681200) AND (id <= 8682199))

table 3 : explain SELECT c FROM sbtest3 WHERE id BETWEEN 1310297 AND 1311296 ORDER BY c
	Sort  (cost=3819.67..3822.10 rows=973 width=121)
	  Sort Key: c
	  ->  Bitmap Heap Scan on sbtest3  (cost=30.41..3771.37 rows=973 width=121)
	        Recheck Cond: ((id >= 1310297) AND (id <= 1311296))
	        ->  Bitmap Index Scan on sbtest3_pkey  (cost=0.00..30.16 rows=973 width=0)
	              Index Cond: ((id >= 1310297) AND (id <= 1311296))

table 4 : explain SELECT c FROM sbtest4 WHERE id BETWEEN 6885792 AND 6886791 ORDER BY c
	Sort  (cost=3903.90..3906.38 rows=995 width=121)
	  Sort Key: c
	  ->  Bitmap Heap Scan on sbtest4  (cost=30.63..3854.35 rows=995 width=121)
	        Recheck Cond: ((id >= 6885792) AND (id <= 6886791))
	        ->  Bitmap Index Scan on sbtest4_pkey  (cost=0.00..30.39 rows=995 width=0)
	              Index Cond: ((id >= 6885792) AND (id <= 6886791))

table 5 : explain SELECT c FROM sbtest5 WHERE id BETWEEN 5620979 AND 5621978 ORDER BY c
	Sort  (cost=3977.70..3980.23 rows=1013 width=121)
	  Sort Key: c
	  ->  Bitmap Heap Scan on sbtest5  (cost=30.82..3927.13 rows=1013 width=121)
	        Recheck Cond: ((id >= 5620979) AND (id <= 5621978))
	        ->  Bitmap Index Scan on sbtest5_pkey  (cost=0.00..30.57 rows=1013 width=0)
	              Index Cond: ((id >= 5620979) AND (id <= 5621978))

table 6 : explain SELECT c FROM sbtest6 WHERE id BETWEEN 4753471 AND 4754470 ORDER BY c
	Sort  (cost=3978.64..3981.17 rows=1014 width=121)
	  Sort Key: c
	  ->  Bitmap Heap Scan on sbtest6  (cost=30.83..3928.01 rows=1014 width=121)
	        Recheck Cond: ((id >= 4753471) AND (id <= 4754470))
	        ->  Bitmap Index Scan on sbtest6_pkey  (cost=0.00..30.57 rows=1014 width=0)
	              Index Cond: ((id >= 4753471) AND (id <= 4754470))

table 7 : explain SELECT c FROM sbtest7 WHERE id BETWEEN 6564754 AND 6565753 ORDER BY c
	Sort  (cost=4341.58..4344.35 rows=1108 width=121)
	  Sort Key: c
	  ->  Bitmap Heap Scan on sbtest7  (cost=31.79..4285.55 rows=1108 width=121)
	        Recheck Cond: ((id >= 6564754) AND (id <= 6565753))
	        ->  Bitmap Index Scan on sbtest7_pkey  (cost=0.00..31.51 rows=1108 width=0)
	              Index Cond: ((id >= 6564754) AND (id <= 6565753))

table 8 : explain SELECT c FROM sbtest8 WHERE id BETWEEN 1259226 AND 1260225 ORDER BY c
	Sort  (cost=3829.51..3831.95 rows=975 width=121)
	  Sort Key: c
	  ->  Bitmap Heap Scan on sbtest8  (cost=30.43..3781.10 rows=975 width=121)
	        Recheck Cond: ((id >= 1259226) AND (id <= 1260225))
	        ->  Bitmap Index Scan on sbtest8_pkey  (cost=0.00..30.18 rows=975 width=0)
	              Index Cond: ((id >= 1259226) AND (id <= 1260225))

for: sum_ranges
table 1 : explain SELECT SUM(k) FROM sbtest1 WHERE id BETWEEN 6646692 AND 6647691
	Aggregate  (cost=3783.21..3783.22 rows=1 width=8)
	  ->  Bitmap Heap Scan on sbtest1  (cost=30.44..3780.77 rows=976 width=4)
	        Recheck Cond: ((id >= 6646692) AND (id <= 6647691))
	        ->  Bitmap Index Scan on sbtest1_pkey  (cost=0.00..30.19 rows=976 width=0)
	              Index Cond: ((id >= 6646692) AND (id <= 6647691))

table 2 : explain SELECT SUM(k) FROM sbtest2 WHERE id BETWEEN 1191301 AND 1192300
	Aggregate  (cost=4225.66..4225.67 rows=1 width=8)
	  ->  Bitmap Heap Scan on sbtest2  (cost=31.64..4222.93 rows=1093 width=4)
	        Recheck Cond: ((id >= 1191301) AND (id <= 1192300))
	        ->  Bitmap Index Scan on sbtest2_pkey  (cost=0.00..31.36 rows=1093 width=0)
	              Index Cond: ((id >= 1191301) AND (id <= 1192300))

table 3 : explain SELECT SUM(k) FROM sbtest3 WHERE id BETWEEN 7549037 AND 7550036
	Aggregate  (cost=3792.70..3792.71 rows=1 width=8)
	  ->  Bitmap Heap Scan on sbtest3  (cost=30.46..3790.25 rows=978 width=4)
	        Recheck Cond: ((id >= 7549037) AND (id <= 7550036))
	        ->  Bitmap Index Scan on sbtest3_pkey  (cost=0.00..30.21 rows=978 width=0)
	              Index Cond: ((id >= 7549037) AND (id <= 7550036))

table 4 : explain SELECT SUM(k) FROM sbtest4 WHERE id BETWEEN 9233084 AND 9234083
	Aggregate  (cost=3618.52..3618.53 rows=1 width=8)
	  ->  Bitmap Heap Scan on sbtest4  (cost=26.00..3616.18 rows=933 width=4)
	        Recheck Cond: ((id >= 9233084) AND (id <= 9234083))
	        ->  Bitmap Index Scan on sbtest4_pkey  (cost=0.00..25.76 rows=933 width=0)
	              Index Cond: ((id >= 9233084) AND (id <= 9234083))

table 5 : explain SELECT SUM(k) FROM sbtest5 WHERE id BETWEEN 4171375 AND 4172374
	Aggregate  (cost=4163.81..4163.82 rows=1 width=8)
	  ->  Bitmap Heap Scan on sbtest5  (cost=31.45..4161.12 rows=1075 width=4)
	        Recheck Cond: ((id >= 4171375) AND (id <= 4172374))
	        ->  Bitmap Index Scan on sbtest5_pkey  (cost=0.00..31.18 rows=1075 width=0)
	              Index Cond: ((id >= 4171375) AND (id <= 4172374))

table 6 : explain SELECT SUM(k) FROM sbtest6 WHERE id BETWEEN 7138976 AND 7139975
	Aggregate  (cost=3934.32..3934.33 rows=1 width=8)
	  ->  Bitmap Heap Scan on sbtest6  (cost=30.84..3931.78 rows=1015 width=4)
	        Recheck Cond: ((id >= 7138976) AND (id <= 7139975))
	        ->  Bitmap Index Scan on sbtest6_pkey  (cost=0.00..30.58 rows=1015 width=0)
	              Index Cond: ((id >= 7138976) AND (id <= 7139975))

table 7 : explain SELECT SUM(k) FROM sbtest7 WHERE id BETWEEN 8885516 AND 8886515
	Aggregate  (cost=3952.40..3952.41 rows=1 width=8)
	  ->  Bitmap Heap Scan on sbtest7  (cost=30.88..3949.85 rows=1019 width=4)
	        Recheck Cond: ((id >= 8885516) AND (id <= 8886515))
	        ->  Bitmap Index Scan on sbtest7_pkey  (cost=0.00..30.62 rows=1019 width=0)
	              Index Cond: ((id >= 8885516) AND (id <= 8886515))

table 8 : explain SELECT SUM(k) FROM sbtest8 WHERE id BETWEEN 3630616 AND 3631615
	Aggregate  (cost=3896.93..3896.94 rows=1 width=8)
	  ->  Bitmap Heap Scan on sbtest8  (cost=30.74..3894.42 rows=1005 width=4)
	        Recheck Cond: ((id >= 3630616) AND (id <= 3631615))
	        ->  Bitmap Index Scan on sbtest8_pkey  (cost=0.00..30.48 rows=1005 width=0)
	              Index Cond: ((id >= 3630616) AND (id <= 3631615))

for: order_ranges
table 1 : explain SELECT c FROM sbtest1 WHERE id BETWEEN 1551389 AND 1552388 ORDER BY c
	Sort  (cost=3875.18..3877.65 rows=988 width=121)
	  Sort Key: c
	  ->  Bitmap Heap Scan on sbtest1  (cost=30.56..3826.03 rows=988 width=121)
	        Recheck Cond: ((id >= 1551389) AND (id <= 1552388))
	        ->  Bitmap Index Scan on sbtest1_pkey  (cost=0.00..30.32 rows=988 width=0)
	              Index Cond: ((id >= 1551389) AND (id <= 1552388))

table 2 : explain SELECT c FROM sbtest2 WHERE id BETWEEN 8843739 AND 8844738 ORDER BY c
	Sort  (cost=4045.00..4047.58 rows=1032 width=121)
	  Sort Key: c
	  ->  Bitmap Heap Scan on sbtest2  (cost=31.01..3993.34 rows=1032 width=121)
	        Recheck Cond: ((id >= 8843739) AND (id <= 8844738))
	        ->  Bitmap Index Scan on sbtest2_pkey  (cost=0.00..30.75 rows=1032 width=0)
	              Index Cond: ((id >= 8843739) AND (id <= 8844738))

table 3 : explain SELECT c FROM sbtest3 WHERE id BETWEEN 4060643 AND 4061642 ORDER BY c
	Sort  (cost=3992.01..3994.56 rows=1018 width=121)
	  Sort Key: c
	  ->  Bitmap Heap Scan on sbtest3  (cost=30.87..3941.16 rows=1018 width=121)
	        Recheck Cond: ((id >= 4060643) AND (id <= 4061642))
	        ->  Bitmap Index Scan on sbtest3_pkey  (cost=0.00..30.61 rows=1018 width=0)
	              Index Cond: ((id >= 4060643) AND (id <= 4061642))

table 4 : explain SELECT c FROM sbtest4 WHERE id BETWEEN 692738 AND 693737 ORDER BY c
	Sort  (cost=4244.29..4247.00 rows=1084 width=121)
	  Sort Key: c
	  ->  Bitmap Heap Scan on sbtest4  (cost=31.55..4189.65 rows=1084 width=121)
	        Recheck Cond: ((id >= 692738) AND (id <= 693737))
	        ->  Bitmap Index Scan on sbtest4_pkey  (cost=0.00..31.27 rows=1084 width=0)
	              Index Cond: ((id >= 692738) AND (id <= 693737))

table 5 : explain SELECT c FROM sbtest5 WHERE id BETWEEN 9998491 AND 9999490 ORDER BY c
	Sort  (cost=3747.39..3749.77 rows=953 width=121)
	  Sort Key: c
	  ->  Bitmap Heap Scan on sbtest5  (cost=30.20..3700.23 rows=953 width=121)
	        Recheck Cond: ((id >= 9998491) AND (id <= 9999490))
	        ->  Bitmap Index Scan on sbtest5_pkey  (cost=0.00..29.96 rows=953 width=0)
	              Index Cond: ((id >= 9998491) AND (id <= 9999490))

table 6 : explain SELECT c FROM sbtest6 WHERE id BETWEEN 856893 AND 857892 ORDER BY c
	Sort  (cost=3970.98..3973.51 rows=1012 width=121)
	  Sort Key: c
	  ->  Bitmap Heap Scan on sbtest6  (cost=30.81..3920.46 rows=1012 width=121)
	        Recheck Cond: ((id >= 856893) AND (id <= 857892))
	        ->  Bitmap Index Scan on sbtest6_pkey  (cost=0.00..30.55 rows=1012 width=0)
	              Index Cond: ((id >= 856893) AND (id <= 857892))

table 7 : explain SELECT c FROM sbtest7 WHERE id BETWEEN 9613489 AND 9614488 ORDER BY c
	Sort  (cost=4200.00..4202.68 rows=1071 width=121)
	  Sort Key: c
	  ->  Bitmap Heap Scan on sbtest7  (cost=31.41..4146.10 rows=1071 width=121)
	        Recheck Cond: ((id >= 9613489) AND (id <= 9614488))
	        ->  Bitmap Index Scan on sbtest7_pkey  (cost=0.00..31.14 rows=1071 width=0)
	              Index Cond: ((id >= 9613489) AND (id <= 9614488))

table 8 : explain SELECT c FROM sbtest8 WHERE id BETWEEN 3694903 AND 3695902 ORDER BY c
	Sort  (cost=4250.74..4253.45 rows=1085 width=121)
	  Sort Key: c
	  ->  Bitmap Heap Scan on sbtest8  (cost=31.56..4196.03 rows=1085 width=121)
	        Recheck Cond: ((id >= 3694903) AND (id <= 3695902))
	        ->  Bitmap Index Scan on sbtest8_pkey  (cost=0.00..31.29 rows=1085 width=0)
	              Index Cond: ((id >= 3694903) AND (id <= 3695902))

for: simple_ranges
table 1 : explain SELECT c FROM sbtest1 WHERE id BETWEEN 7011019 AND 7012018
	Bitmap Heap Scan on sbtest1  (cost=31.58..4198.73 rows=1087 width=121)
	  Recheck Cond: ((id >= 7011019) AND (id <= 7012018))
	  ->  Bitmap Index Scan on sbtest1_pkey  (cost=0.00..31.30 rows=1087 width=0)
	        Index Cond: ((id >= 7011019) AND (id <= 7012018))

table 2 : explain SELECT c FROM sbtest2 WHERE id BETWEEN 1339128 AND 1340127
	Bitmap Heap Scan on sbtest2  (cost=30.83..3925.50 rows=1014 width=121)
	  Recheck Cond: ((id >= 1339128) AND (id <= 1340127))
	  ->  Bitmap Index Scan on sbtest2_pkey  (cost=0.00..30.57 rows=1014 width=0)
	        Index Cond: ((id >= 1339128) AND (id <= 1340127))

table 3 : explain SELECT c FROM sbtest3 WHERE id BETWEEN 7335402 AND 7336401
	Bitmap Heap Scan on sbtest3  (cost=30.77..3903.45 rows=1008 width=121)
	  Recheck Cond: ((id >= 7335402) AND (id <= 7336401))
	  ->  Bitmap Index Scan on sbtest3_pkey  (cost=0.00..30.51 rows=1008 width=0)
	        Index Cond: ((id >= 7335402) AND (id <= 7336401))

table 4 : explain SELECT c FROM sbtest4 WHERE id BETWEEN 7863957 AND 7864956
	Bitmap Heap Scan on sbtest4  (cost=30.22..3703.33 rows=955 width=121)
	  Recheck Cond: ((id >= 7863957) AND (id <= 7864956))
	  ->  Bitmap Index Scan on sbtest4_pkey  (cost=0.00..29.98 rows=955 width=0)
	        Index Cond: ((id >= 7863957) AND (id <= 7864956))

table 5 : explain SELECT c FROM sbtest5 WHERE id BETWEEN 6691235 AND 6692234
	Bitmap Heap Scan on sbtest5  (cost=30.62..3855.33 rows=994 width=121)
	  Recheck Cond: ((id >= 6691235) AND (id <= 6692234))
	  ->  Bitmap Index Scan on sbtest5_pkey  (cost=0.00..30.37 rows=994 width=0)
	        Index Cond: ((id >= 6691235) AND (id <= 6692234))

table 6 : explain SELECT c FROM sbtest6 WHERE id BETWEEN 1113617 AND 1114616
	Bitmap Heap Scan on sbtest6  (cost=30.72..3886.49 rows=1003 width=121)
	  Recheck Cond: ((id >= 1113617) AND (id <= 1114616))
	  ->  Bitmap Index Scan on sbtest6_pkey  (cost=0.00..30.46 rows=1003 width=0)
	        Index Cond: ((id >= 1113617) AND (id <= 1114616))

table 7 : explain SELECT c FROM sbtest7 WHERE id BETWEEN 6857453 AND 6858452
	Bitmap Heap Scan on sbtest7  (cost=30.47..3798.66 rows=979 width=121)
	  Recheck Cond: ((id >= 6857453) AND (id <= 6858452))
	  ->  Bitmap Index Scan on sbtest7_pkey  (cost=0.00..30.22 rows=979 width=0)
	        Index Cond: ((id >= 6857453) AND (id <= 6858452))

table 8 : explain SELECT c FROM sbtest8 WHERE id BETWEEN 1400875 AND 1401874
	Bitmap Heap Scan on sbtest8  (cost=31.01..3996.30 rows=1032 width=121)
	  Recheck Cond: ((id >= 1400875) AND (id <= 1401874))
	  ->  Bitmap Index Scan on sbtest8_pkey  (cost=0.00..30.75 rows=1032 width=0)
	        Index Cond: ((id >= 1400875) AND (id <= 1401874))

for: order_ranges
table 1 : explain SELECT c FROM sbtest1 WHERE id BETWEEN 4377197 AND 4378196 ORDER BY c
	Sort  (cost=3833.06..3835.50 rows=977 width=121)
	  Sort Key: c
	  ->  Bitmap Heap Scan on sbtest1  (cost=30.45..3784.54 rows=977 width=121)
	        Recheck Cond: ((id >= 4377197) AND (id <= 4378196))
	        ->  Bitmap Index Scan on sbtest1_pkey  (cost=0.00..30.20 rows=977 width=0)
	              Index Cond: ((id >= 4377197) AND (id <= 4378196))

table 2 : explain SELECT c FROM sbtest2 WHERE id BETWEEN 4062238 AND 4063237 ORDER BY c
	Sort  (cost=4018.22..4020.78 rows=1025 width=121)
	  Sort Key: c
	  ->  Bitmap Heap Scan on sbtest2  (cost=30.94..3966.96 rows=1025 width=121)
	        Recheck Cond: ((id >= 4062238) AND (id <= 4063237))
	        ->  Bitmap Index Scan on sbtest2_pkey  (cost=0.00..30.68 rows=1025 width=0)
	              Index Cond: ((id >= 4062238) AND (id <= 4063237))

table 3 : explain SELECT c FROM sbtest3 WHERE id BETWEEN 4821322 AND 4822321 ORDER BY c
	Sort  (cost=4011.15..4013.71 rows=1023 width=121)
	  Sort Key: c
	  ->  Bitmap Heap Scan on sbtest3  (cost=30.92..3960.01 rows=1023 width=121)
	        Recheck Cond: ((id >= 4821322) AND (id <= 4822321))
	        ->  Bitmap Index Scan on sbtest3_pkey  (cost=0.00..30.66 rows=1023 width=0)
	              Index Cond: ((id >= 4821322) AND (id <= 4822321))

table 4 : explain SELECT c FROM sbtest4 WHERE id BETWEEN 2912277 AND 2913276 ORDER BY c
	Sort  (cost=4022.57..4025.13 rows=1026 width=121)
	  Sort Key: c
	  ->  Bitmap Heap Scan on sbtest4  (cost=30.95..3971.25 rows=1026 width=121)
	        Recheck Cond: ((id >= 2912277) AND (id <= 2913276))
	        ->  Bitmap Index Scan on sbtest4_pkey  (cost=0.00..30.69 rows=1026 width=0)
	              Index Cond: ((id >= 2912277) AND (id <= 2913276))

table 5 : explain SELECT c FROM sbtest5 WHERE id BETWEEN 778795 AND 779794 ORDER BY c
	Sort  (cost=3566.68..3568.95 rows=906 width=121)
	  Sort Key: c
	  ->  Bitmap Heap Scan on sbtest5  (cost=29.72..3522.18 rows=906 width=121)
	        Recheck Cond: ((id >= 778795) AND (id <= 779794))
	        ->  Bitmap Index Scan on sbtest5_pkey  (cost=0.00..29.50 rows=906 width=0)
	              Index Cond: ((id >= 778795) AND (id <= 779794))

table 6 : explain SELECT c FROM sbtest6 WHERE id BETWEEN 4047654 AND 4048653 ORDER BY c
	Sort  (cost=3813.81..3816.24 rows=971 width=121)
	  Sort Key: c
	  ->  Bitmap Heap Scan on sbtest6  (cost=30.39..3765.64 rows=971 width=121)
	        Recheck Cond: ((id >= 4047654) AND (id <= 4048653))
	        ->  Bitmap Index Scan on sbtest6_pkey  (cost=0.00..30.14 rows=971 width=0)
	              Index Cond: ((id >= 4047654) AND (id <= 4048653))

table 7 : explain SELECT c FROM sbtest7 WHERE id BETWEEN 5462421 AND 5463420 ORDER BY c
	Sort  (cost=3712.86..3715.22 rows=944 width=121)
	  Sort Key: c
	  ->  Bitmap Heap Scan on sbtest7  (cost=30.11..3666.21 rows=944 width=121)
	        Recheck Cond: ((id >= 5462421) AND (id <= 5463420))
	        ->  Bitmap Index Scan on sbtest7_pkey  (cost=0.00..29.87 rows=944 width=0)
	              Index Cond: ((id >= 5462421) AND (id <= 5463420))

table 8 : explain SELECT c FROM sbtest8 WHERE id BETWEEN 7480476 AND 7481475 ORDER BY c
	Sort  (cost=3948.36..3950.88 rows=1006 width=121)
	  Sort Key: c
	  ->  Bitmap Heap Scan on sbtest8  (cost=30.75..3898.19 rows=1006 width=121)
	        Recheck Cond: ((id >= 7480476) AND (id <= 7481475))
	        ->  Bitmap Index Scan on sbtest8_pkey  (cost=0.00..30.50 rows=1006 width=0)
	              Index Cond: ((id >= 7480476) AND (id <= 7481475))

for: distinct_ranges
table 1 : explain SELECT DISTINCT c FROM sbtest1 WHERE id BETWEEN 3724399 AND 3725398 ORDER BY c
	Unique  (cost=3775.61..3780.42 rows=962 width=121)
	  ->  Sort  (cost=3775.61..3778.01 rows=962 width=121)
	        Sort Key: c
	        ->  Bitmap Heap Scan on sbtest1  (cost=30.30..3727.94 rows=962 width=121)
	              Recheck Cond: ((id >= 3724399) AND (id <= 3725398))
	              ->  Bitmap Index Scan on sbtest1_pkey  (cost=0.00..30.05 rows=962 width=0)
	                    Index Cond: ((id >= 3724399) AND (id <= 3725398))

table 2 : explain SELECT DISTINCT c FROM sbtest2 WHERE id BETWEEN 7176281 AND 7177280 ORDER BY c
	Unique  (cost=4045.00..4050.16 rows=1032 width=121)
	  ->  Sort  (cost=4045.00..4047.58 rows=1032 width=121)
	        Sort Key: c
	        ->  Bitmap Heap Scan on sbtest2  (cost=31.01..3993.34 rows=1032 width=121)
	              Recheck Cond: ((id >= 7176281) AND (id <= 7177280))
	              ->  Bitmap Index Scan on sbtest2_pkey  (cost=0.00..30.75 rows=1032 width=0)
	                    Index Cond: ((id >= 7176281) AND (id <= 7177280))

table 3 : explain SELECT DISTINCT c FROM sbtest3 WHERE id BETWEEN 4640068 AND 4641067 ORDER BY c
	Unique  (cost=3716.14..3720.87 rows=946 width=121)
	  ->  Sort  (cost=3716.14..3718.50 rows=946 width=121)
	        Sort Key: c
	        ->  Bitmap Heap Scan on sbtest3  (cost=30.13..3669.38 rows=946 width=121)
	              Recheck Cond: ((id >= 4640068) AND (id <= 4641067))
	              ->  Bitmap Index Scan on sbtest3_pkey  (cost=0.00..29.89 rows=946 width=0)
	                    Index Cond: ((id >= 4640068) AND (id <= 4641067))

table 4 : explain SELECT DISTINCT c FROM sbtest4 WHERE id BETWEEN 7478957 AND 7479956 ORDER BY c
	Unique  (cost=3999.61..4004.71 rows=1020 width=121)
	  ->  Sort  (cost=3999.61..4002.16 rows=1020 width=121)
	        Sort Key: c
	        ->  Bitmap Heap Scan on sbtest4  (cost=30.89..3948.64 rows=1020 width=121)
	              Recheck Cond: ((id >= 7478957) AND (id <= 7479956))
	              ->  Bitmap Index Scan on sbtest4_pkey  (cost=0.00..30.64 rows=1020 width=0)
	                    Index Cond: ((id >= 7478957) AND (id <= 7479956))

table 5 : explain SELECT DISTINCT c FROM sbtest5 WHERE id BETWEEN 9784680 AND 9785679 ORDER BY c
	Unique  (cost=3612.84..3617.43 rows=918 width=121)
	  ->  Sort  (cost=3612.84..3615.14 rows=918 width=121)
	        Sort Key: c
	        ->  Bitmap Heap Scan on sbtest5  (cost=29.84..3567.67 rows=918 width=121)
	              Recheck Cond: ((id >= 9784680) AND (id <= 9785679))
	              ->  Bitmap Index Scan on sbtest5_pkey  (cost=0.00..29.61 rows=918 width=0)
	                    Index Cond: ((id >= 9784680) AND (id <= 9785679))

table 6 : explain SELECT DISTINCT c FROM sbtest6 WHERE id BETWEEN 506891 AND 507890 ORDER BY c
	Unique  (cost=3993.96..3999.05 rows=1018 width=121)
	  ->  Sort  (cost=3993.96..3996.51 rows=1018 width=121)
	        Sort Key: c
	        ->  Bitmap Heap Scan on sbtest6  (cost=30.87..3943.10 rows=1018 width=121)
	              Recheck Cond: ((id >= 506891) AND (id <= 507890))
	              ->  Bitmap Index Scan on sbtest6_pkey  (cost=0.00..30.61 rows=1018 width=0)
	                    Index Cond: ((id >= 506891) AND (id <= 507890))

table 7 : explain SELECT DISTINCT c FROM sbtest7 WHERE id BETWEEN 6650674 AND 6651673 ORDER BY c
	Unique  (cost=4422.05..4427.69 rows=1128 width=121)
	  ->  Sort  (cost=4422.05..4424.87 rows=1128 width=121)
	        Sort Key: c
	        ->  Bitmap Heap Scan on sbtest7  (cost=36.00..4364.86 rows=1128 width=121)
	              Recheck Cond: ((id >= 6650674) AND (id <= 6651673))
	              ->  Bitmap Index Scan on sbtest7_pkey  (cost=0.00..35.72 rows=1128 width=0)
	                    Index Cond: ((id >= 6650674) AND (id <= 6651673))

table 8 : explain SELECT DISTINCT c FROM sbtest8 WHERE id BETWEEN 7266594 AND 7267593 ORDER BY c
	Unique  (cost=4181.90..4187.24 rows=1067 width=121)
	  ->  Sort  (cost=4181.90..4184.57 rows=1067 width=121)
	        Sort Key: c
	        ->  Bitmap Heap Scan on sbtest8  (cost=31.37..4128.24 rows=1067 width=121)
	              Recheck Cond: ((id >= 7266594) AND (id <= 7267593))
	              ->  Bitmap Index Scan on sbtest8_pkey  (cost=0.00..31.11 rows=1067 width=0)
	                    Index Cond: ((id >= 7266594) AND (id <= 7267593))

for point_selects
table 1 : explain SELECT c FROM sbtest1 WHERE id=1105157
	Index Scan using sbtest1_pkey on sbtest1  (cost=0.43..8.45 rows=1 width=121)
	  Index Cond: (id = 1105157)

table 2 : explain SELECT c FROM sbtest2 WHERE id=6953432
	Index Scan using sbtest2_pkey on sbtest2  (cost=0.43..8.45 rows=1 width=121)
	  Index Cond: (id = 6953432)

table 3 : explain SELECT c FROM sbtest3 WHERE id=2757734
	Index Scan using sbtest3_pkey on sbtest3  (cost=0.43..8.45 rows=1 width=121)
	  Index Cond: (id = 2757734)

table 4 : explain SELECT c FROM sbtest4 WHERE id=9928856
	Index Scan using sbtest4_pkey on sbtest4  (cost=0.43..8.45 rows=1 width=121)
	  Index Cond: (id = 9928856)

table 5 : explain SELECT c FROM sbtest5 WHERE id=7471330
	Index Scan using sbtest5_pkey on sbtest5  (cost=0.43..8.45 rows=1 width=121)
	  Index Cond: (id = 7471330)

table 6 : explain SELECT c FROM sbtest6 WHERE id=4080974
	Index Scan using sbtest6_pkey on sbtest6  (cost=0.43..8.45 rows=1 width=121)
	  Index Cond: (id = 4080974)

table 7 : explain SELECT c FROM sbtest7 WHERE id=5721375
	Index Scan using sbtest7_pkey on sbtest7  (cost=0.43..8.45 rows=1 width=121)
	  Index Cond: (id = 5721375)

table 8 : explain SELECT c FROM sbtest8 WHERE id=7559720
	Index Scan using sbtest8_pkey on sbtest8  (cost=0.43..8.45 rows=1 width=121)
	  Index Cond: (id = 7559720)

for: distinct_ranges
table 1 : explain SELECT DISTINCT c FROM sbtest1 WHERE id BETWEEN 6286758 AND 6287757 ORDER BY c
	Unique  (cost=3760.28..3765.07 rows=958 width=121)
	  ->  Sort  (cost=3760.28..3762.68 rows=958 width=121)
	        Sort Key: c
	        ->  Bitmap Heap Scan on sbtest1  (cost=30.25..3712.84 rows=958 width=121)
	              Recheck Cond: ((id >= 6286758) AND (id <= 6287757))
	              ->  Bitmap Index Scan on sbtest1_pkey  (cost=0.00..30.01 rows=958 width=0)
	                    Index Cond: ((id >= 6286758) AND (id <= 6287757))

table 2 : explain SELECT DISTINCT c FROM sbtest2 WHERE id BETWEEN 4919413 AND 4920412 ORDER BY c
	Unique  (cost=3891.91..3896.87 rows=992 width=121)
	  ->  Sort  (cost=3891.91..3894.39 rows=992 width=121)
	        Sort Key: c
	        ->  Bitmap Heap Scan on sbtest2  (cost=30.60..3842.54 rows=992 width=121)
	              Recheck Cond: ((id >= 4919413) AND (id <= 4920412))
	              ->  Bitmap Index Scan on sbtest2_pkey  (cost=0.00..30.36 rows=992 width=0)
	                    Index Cond: ((id >= 4919413) AND (id <= 4920412))

table 3 : explain SELECT DISTINCT c FROM sbtest3 WHERE id BETWEEN 7138900 AND 7139899 ORDER BY c
	Unique  (cost=3792.83..3797.66 rows=966 width=121)
	  ->  Sort  (cost=3792.83..3795.25 rows=966 width=121)
	        Sort Key: c
	        ->  Bitmap Heap Scan on sbtest3  (cost=30.34..3744.94 rows=966 width=121)
	              Recheck Cond: ((id >= 7138900) AND (id <= 7139899))
	              ->  Bitmap Index Scan on sbtest3_pkey  (cost=0.00..30.09 rows=966 width=0)
	                    Index Cond: ((id >= 7138900) AND (id <= 7139899))

table 4 : explain SELECT DISTINCT c FROM sbtest4 WHERE id BETWEEN 5181751 AND 5182750 ORDER BY c
	Unique  (cost=3946.02..3951.05 rows=1006 width=121)
	  ->  Sort  (cost=3946.02..3948.53 rows=1006 width=121)
	        Sort Key: c
	        ->  Bitmap Heap Scan on sbtest4  (cost=30.75..3895.85 rows=1006 width=121)
	              Recheck Cond: ((id >= 5181751) AND (id <= 5182750))
	              ->  Bitmap Index Scan on sbtest4_pkey  (cost=0.00..30.50 rows=1006 width=0)
	                    Index Cond: ((id >= 5181751) AND (id <= 5182750))

table 5 : explain SELECT DISTINCT c FROM sbtest5 WHERE id BETWEEN 7805171 AND 7806170 ORDER BY c
	Unique  (cost=3735.86..3740.61 rows=950 width=121)
	  ->  Sort  (cost=3735.86..3738.24 rows=950 width=121)
	        Sort Key: c
	        ->  Bitmap Heap Scan on sbtest5  (cost=30.17..3688.88 rows=950 width=121)
	              Recheck Cond: ((id >= 7805171) AND (id <= 7806170))
	              ->  Bitmap Index Scan on sbtest5_pkey  (cost=0.00..29.93 rows=950 width=0)
	                    Index Cond: ((id >= 7805171) AND (id <= 7806170))

table 6 : explain SELECT DISTINCT c FROM sbtest6 WHERE id BETWEEN 5751087 AND 5752086 ORDER BY c
	Unique  (cost=3905.84..3910.81 rows=995 width=121)
	  ->  Sort  (cost=3905.84..3908.32 rows=995 width=121)
	        Sort Key: c
	        ->  Bitmap Heap Scan on sbtest6  (cost=30.63..3856.29 rows=995 width=121)
	              Recheck Cond: ((id >= 5751087) AND (id <= 5752086))
	              ->  Bitmap Index Scan on sbtest6_pkey  (cost=0.00..30.39 rows=995 width=0)
	                    Index Cond: ((id >= 5751087) AND (id <= 5752086))

table 7 : explain SELECT DISTINCT c FROM sbtest7 WHERE id BETWEEN 6579667 AND 6580666 ORDER BY c
	Unique  (cost=4422.05..4427.69 rows=1128 width=121)
	  ->  Sort  (cost=4422.05..4424.87 rows=1128 width=121)
	        Sort Key: c
	        ->  Bitmap Heap Scan on sbtest7  (cost=36.00..4364.86 rows=1128 width=121)
	              Recheck Cond: ((id >= 6579667) AND (id <= 6580666))
	              ->  Bitmap Index Scan on sbtest7_pkey  (cost=0.00..35.72 rows=1128 width=0)
	                    Index Cond: ((id >= 6579667) AND (id <= 6580666))

table 8 : explain SELECT DISTINCT c FROM sbtest8 WHERE id BETWEEN 476195 AND 477194 ORDER BY c
	Unique  (cost=4220.15..4225.53 rows=1077 width=121)
	  ->  Sort  (cost=4220.15..4222.84 rows=1077 width=121)
	        Sort Key: c
	        ->  Bitmap Heap Scan on sbtest8  (cost=31.47..4165.91 rows=1077 width=121)
	              Recheck Cond: ((id >= 476195) AND (id <= 477194))
	              ->  Bitmap Index Scan on sbtest8_pkey  (cost=0.00..31.20 rows=1077 width=0)
	                    Index Cond: ((id >= 476195) AND (id <= 477194))

for: distinct_ranges
table 1 : explain SELECT DISTINCT c FROM sbtest1 WHERE id BETWEEN 8066330 AND 8067329 ORDER BY c
	Unique  (cost=3764.12..3768.91 rows=959 width=121)
	  ->  Sort  (cost=3764.12..3766.51 rows=959 width=121)
	        Sort Key: c
	        ->  Bitmap Heap Scan on sbtest1  (cost=30.26..3716.62 rows=959 width=121)
	              Recheck Cond: ((id >= 8066330) AND (id <= 8067329))
	              ->  Bitmap Index Scan on sbtest1_pkey  (cost=0.00..30.02 rows=959 width=0)
	                    Index Cond: ((id >= 8066330) AND (id <= 8067329))

table 2 : explain SELECT DISTINCT c FROM sbtest2 WHERE id BETWEEN 9835246 AND 9836245 ORDER BY c
	Unique  (cost=3776.97..3781.78 rows=962 width=121)
	  ->  Sort  (cost=3776.97..3779.38 rows=962 width=121)
	        Sort Key: c
	        ->  Bitmap Heap Scan on sbtest2  (cost=30.30..3729.30 rows=962 width=121)
	              Recheck Cond: ((id >= 9835246) AND (id <= 9836245))
	              ->  Bitmap Index Scan on sbtest2_pkey  (cost=0.00..30.05 rows=962 width=0)
	                    Index Cond: ((id >= 9835246) AND (id <= 9836245))

table 3 : explain SELECT DISTINCT c FROM sbtest3 WHERE id BETWEEN 2231777 AND 2232776 ORDER BY c
	Unique  (cost=3923.10..3928.10 rows=1000 width=121)
	  ->  Sort  (cost=3923.10..3925.60 rows=1000 width=121)
	        Sort Key: c
	        ->  Bitmap Heap Scan on sbtest3  (cost=30.68..3873.27 rows=1000 width=121)
	              Recheck Cond: ((id >= 2231777) AND (id <= 2232776))
	              ->  Bitmap Index Scan on sbtest3_pkey  (cost=0.00..30.43 rows=1000 width=0)
	                    Index Cond: ((id >= 2231777) AND (id <= 2232776))

table 4 : explain SELECT DISTINCT c FROM sbtest4 WHERE id BETWEEN 5205449 AND 5206448 ORDER BY c
	Unique  (cost=3946.02..3951.05 rows=1006 width=121)
	  ->  Sort  (cost=3946.02..3948.53 rows=1006 width=121)
	        Sort Key: c
	        ->  Bitmap Heap Scan on sbtest4  (cost=30.75..3895.85 rows=1006 width=121)
	              Recheck Cond: ((id >= 5205449) AND (id <= 5206448))
	              ->  Bitmap Index Scan on sbtest4_pkey  (cost=0.00..30.50 rows=1006 width=0)
	                    Index Cond: ((id >= 5205449) AND (id <= 5206448))

table 5 : explain SELECT DISTINCT c FROM sbtest5 WHERE id BETWEEN 4812073 AND 4813072 ORDER BY c
	Unique  (cost=3755.07..3759.85 rows=955 width=121)
	  ->  Sort  (cost=3755.07..3757.46 rows=955 width=121)
	        Sort Key: c
	        ->  Bitmap Heap Scan on sbtest5  (cost=30.22..3707.80 rows=955 width=121)
	              Recheck Cond: ((id >= 4812073) AND (id <= 4813072))
	              ->  Bitmap Index Scan on sbtest5_pkey  (cost=0.00..29.98 rows=955 width=0)
	                    Index Cond: ((id >= 4812073) AND (id <= 4813072))

table 6 : explain SELECT DISTINCT c FROM sbtest6 WHERE id BETWEEN 6502754 AND 6503753 ORDER BY c
	Unique  (cost=3913.50..3918.49 rows=997 width=121)
	  ->  Sort  (cost=3913.50..3915.99 rows=997 width=121)
	        Sort Key: c
	        ->  Bitmap Heap Scan on sbtest6  (cost=30.65..3863.84 rows=997 width=121)
	              Recheck Cond: ((id >= 6502754) AND (id <= 6503753))
	              ->  Bitmap Index Scan on sbtest6_pkey  (cost=0.00..30.40 rows=997 width=0)
	                    Index Cond: ((id >= 6502754) AND (id <= 6503753))

table 7 : explain SELECT DISTINCT c FROM sbtest7 WHERE id BETWEEN 1588919 AND 1589918 ORDER BY c
	Unique  (cost=4188.51..4193.85 rows=1068 width=121)
	  ->  Sort  (cost=4188.51..4191.18 rows=1068 width=121)
	        Sort Key: c
	        ->  Bitmap Heap Scan on sbtest7  (cost=31.38..4134.79 rows=1068 width=121)
	              Recheck Cond: ((id >= 1588919) AND (id <= 1589918))
	              ->  Bitmap Index Scan on sbtest7_pkey  (cost=0.00..31.11 rows=1068 width=0)
	                    Index Cond: ((id >= 1588919) AND (id <= 1589918))

table 8 : explain SELECT DISTINCT c FROM sbtest8 WHERE id BETWEEN 3972493 AND 3973492 ORDER BY c
	Unique  (cost=3545.18..3549.69 rows=902 width=121)
	  ->  Sort  (cost=3545.18..3547.43 rows=902 width=121)
	        Sort Key: c
	        ->  Bitmap Heap Scan on sbtest8  (cost=25.68..3500.90 rows=902 width=121)
	              Recheck Cond: ((id >= 3972493) AND (id <= 3973492))
	              ->  Bitmap Index Scan on sbtest8_pkey  (cost=0.00..25.45 rows=902 width=0)
	                    Index Cond: ((id >= 3972493) AND (id <= 3973492))

for: order_ranges
table 1 : explain SELECT c FROM sbtest1 WHERE id BETWEEN 4332029 AND 4333028 ORDER BY c
	Sort  (cost=3947.88..3950.40 rows=1007 width=121)
	  Sort Key: c
	  ->  Bitmap Heap Scan on sbtest1  (cost=30.76..3897.65 rows=1007 width=121)
	        Recheck Cond: ((id >= 4332029) AND (id <= 4333028))
	        ->  Bitmap Index Scan on sbtest1_pkey  (cost=0.00..30.50 rows=1007 width=0)
	              Index Cond: ((id >= 4332029) AND (id <= 4333028))

table 2 : explain SELECT c FROM sbtest2 WHERE id BETWEEN 5599903 AND 5600902 ORDER BY c
	Sort  (cost=3884.25..3886.73 rows=990 width=121)
	  Sort Key: c
	  ->  Bitmap Heap Scan on sbtest2  (cost=30.58..3834.99 rows=990 width=121)
	        Recheck Cond: ((id >= 5599903) AND (id <= 5600902))
	        ->  Bitmap Index Scan on sbtest2_pkey  (cost=0.00..30.33 rows=990 width=0)
	              Index Cond: ((id >= 5599903) AND (id <= 5600902))

table 3 : explain SELECT c FROM sbtest3 WHERE id BETWEEN 5127394 AND 5128393 ORDER BY c
	Sort  (cost=3953.74..3956.26 rows=1008 width=121)
	  Sort Key: c
	  ->  Bitmap Heap Scan on sbtest3  (cost=30.77..3903.45 rows=1008 width=121)
	        Recheck Cond: ((id >= 5127394) AND (id <= 5128393))
	        ->  Bitmap Index Scan on sbtest3_pkey  (cost=0.00..30.51 rows=1008 width=0)
	              Index Cond: ((id >= 5127394) AND (id <= 5128393))

table 4 : explain SELECT c FROM sbtest4 WHERE id BETWEEN 3343746 AND 3344745 ORDER BY c
	Sort  (cost=3539.35..3541.60 rows=901 width=121)
	  Sort Key: c
	  ->  Bitmap Heap Scan on sbtest4  (cost=25.67..3495.13 rows=901 width=121)
	        Recheck Cond: ((id >= 3343746) AND (id <= 3344745))
	        ->  Bitmap Index Scan on sbtest4_pkey  (cost=0.00..25.44 rows=901 width=0)
	              Index Cond: ((id >= 3343746) AND (id <= 3344745))

table 5 : explain SELECT c FROM sbtest5 WHERE id BETWEEN 5445681 AND 5446680 ORDER BY c
	Sort  (cost=3512.65..3514.88 rows=893 width=121)
	  Sort Key: c
	  ->  Bitmap Heap Scan on sbtest5  (cost=25.59..3468.88 rows=893 width=121)
	        Recheck Cond: ((id >= 5445681) AND (id <= 5446680))
	        ->  Bitmap Index Scan on sbtest5_pkey  (cost=0.00..25.36 rows=893 width=0)
	              Index Cond: ((id >= 5445681) AND (id <= 5446680))

table 6 : explain SELECT c FROM sbtest6 WHERE id BETWEEN 7708482 AND 7709481 ORDER BY c
	Sort  (cost=4062.88..4065.47 rows=1036 width=121)
	  Sort Key: c
	  ->  Bitmap Heap Scan on sbtest6  (cost=31.05..4011.00 rows=1036 width=121)
	        Recheck Cond: ((id >= 7708482) AND (id <= 7709481))
	        ->  Bitmap Index Scan on sbtest6_pkey  (cost=0.00..30.79 rows=1036 width=0)
	              Index Cond: ((id >= 7708482) AND (id <= 7709481))

table 7 : explain SELECT c FROM sbtest7 WHERE id BETWEEN 4075287 AND 4076286 ORDER BY c
	Sort  (cost=3816.58..3819.01 rows=971 width=121)
	  Sort Key: c
	  ->  Bitmap Heap Scan on sbtest7  (cost=30.39..3768.40 rows=971 width=121)
	        Recheck Cond: ((id >= 4075287) AND (id <= 4076286))
	        ->  Bitmap Index Scan on sbtest7_pkey  (cost=0.00..30.14 rows=971 width=0)
	              Index Cond: ((id >= 4075287) AND (id <= 4076286))

table 8 : explain SELECT c FROM sbtest8 WHERE id BETWEEN 2229338 AND 2230337 ORDER BY c
	Sort  (cost=3806.49..3808.92 rows=969 width=121)
	  Sort Key: c
	  ->  Bitmap Heap Scan on sbtest8  (cost=30.37..3758.43 rows=969 width=121)
	        Recheck Cond: ((id >= 2229338) AND (id <= 2230337))
	        ->  Bitmap Index Scan on sbtest8_pkey  (cost=0.00..30.12 rows=969 width=0)
	              Index Cond: ((id >= 2229338) AND (id <= 2230337))

for point_selects
table 1 : explain SELECT c FROM sbtest1 WHERE id=9721205
	Index Scan using sbtest1_pkey on sbtest1  (cost=0.43..8.45 rows=1 width=121)
	  Index Cond: (id = 9721205)

table 2 : explain SELECT c FROM sbtest2 WHERE id=710675
	Index Scan using sbtest2_pkey on sbtest2  (cost=0.43..8.45 rows=1 width=121)
	  Index Cond: (id = 710675)

table 3 : explain SELECT c FROM sbtest3 WHERE id=7456123
	Index Scan using sbtest3_pkey on sbtest3  (cost=0.43..8.45 rows=1 width=121)
	  Index Cond: (id = 7456123)

table 4 : explain SELECT c FROM sbtest4 WHERE id=540516
	Index Scan using sbtest4_pkey on sbtest4  (cost=0.43..8.45 rows=1 width=121)
	  Index Cond: (id = 540516)

table 5 : explain SELECT c FROM sbtest5 WHERE id=6177548
	Index Scan using sbtest5_pkey on sbtest5  (cost=0.43..8.45 rows=1 width=121)
	  Index Cond: (id = 6177548)

table 6 : explain SELECT c FROM sbtest6 WHERE id=8562791
	Index Scan using sbtest6_pkey on sbtest6  (cost=0.43..8.45 rows=1 width=121)
	  Index Cond: (id = 8562791)

table 7 : explain SELECT c FROM sbtest7 WHERE id=333727
	Index Scan using sbtest7_pkey on sbtest7  (cost=0.43..8.45 rows=1 width=121)
	  Index Cond: (id = 333727)

table 8 : explain SELECT c FROM sbtest8 WHERE id=3400522
	Index Scan using sbtest8_pkey on sbtest8  (cost=0.43..8.45 rows=1 width=121)
	  Index Cond: (id = 3400522)

for point_selects
table 1 : explain SELECT c FROM sbtest1 WHERE id=339343
	Index Scan using sbtest1_pkey on sbtest1  (cost=0.43..8.45 rows=1 width=121)
	  Index Cond: (id = 339343)

table 2 : explain SELECT c FROM sbtest2 WHERE id=5260393
	Index Scan using sbtest2_pkey on sbtest2  (cost=0.43..8.45 rows=1 width=121)
	  Index Cond: (id = 5260393)

table 3 : explain SELECT c FROM sbtest3 WHERE id=5605300
	Index Scan using sbtest3_pkey on sbtest3  (cost=0.43..8.45 rows=1 width=121)
	  Index Cond: (id = 5605300)

table 4 : explain SELECT c FROM sbtest4 WHERE id=3567425
	Index Scan using sbtest4_pkey on sbtest4  (cost=0.43..8.45 rows=1 width=121)
	  Index Cond: (id = 3567425)

table 5 : explain SELECT c FROM sbtest5 WHERE id=408221
	Index Scan using sbtest5_pkey on sbtest5  (cost=0.43..8.45 rows=1 width=121)
	  Index Cond: (id = 408221)

table 6 : explain SELECT c FROM sbtest6 WHERE id=6363417
	Index Scan using sbtest6_pkey on sbtest6  (cost=0.43..8.45 rows=1 width=121)
	  Index Cond: (id = 6363417)

table 7 : explain SELECT c FROM sbtest7 WHERE id=2263013
	Index Scan using sbtest7_pkey on sbtest7  (cost=0.43..8.45 rows=1 width=121)
	  Index Cond: (id = 2263013)

table 8 : explain SELECT c FROM sbtest8 WHERE id=5612431
	Index Scan using sbtest8_pkey on sbtest8  (cost=0.43..8.45 rows=1 width=121)
	  Index Cond: (id = 5612431)

for: distinct_ranges
table 1 : explain SELECT DISTINCT c FROM sbtest1 WHERE id BETWEEN 8585383 AND 8586382 ORDER BY c
	Unique  (cost=3660.62..3665.28 rows=932 width=121)
	  ->  Sort  (cost=3660.62..3662.95 rows=932 width=121)
	        Sort Key: c
	        ->  Bitmap Heap Scan on sbtest1  (cost=29.99..3614.66 rows=932 width=121)
	              Recheck Cond: ((id >= 8585383) AND (id <= 8586382))
	              ->  Bitmap Index Scan on sbtest1_pkey  (cost=0.00..29.75 rows=932 width=0)
	                    Index Cond: ((id >= 8585383) AND (id <= 8586382))

table 2 : explain SELECT DISTINCT c FROM sbtest2 WHERE id BETWEEN 9518706 AND 9519705 ORDER BY c
	Unique  (cost=4293.36..4298.85 rows=1097 width=121)
	  ->  Sort  (cost=4293.36..4296.10 rows=1097 width=121)
	        Sort Key: c
	        ->  Bitmap Heap Scan on sbtest2  (cost=31.68..4237.97 rows=1097 width=121)
	              Recheck Cond: ((id >= 9518706) AND (id <= 9519705))
	              ->  Bitmap Index Scan on sbtest2_pkey  (cost=0.00..31.40 rows=1097 width=0)
	                    Index Cond: ((id >= 9518706) AND (id <= 9519705))

table 3 : explain SELECT DISTINCT c FROM sbtest3 WHERE id BETWEEN 7385053 AND 7386052 ORDER BY c
	Unique  (cost=3953.74..3958.78 rows=1008 width=121)
	  ->  Sort  (cost=3953.74..3956.26 rows=1008 width=121)
	        Sort Key: c
	        ->  Bitmap Heap Scan on sbtest3  (cost=30.77..3903.45 rows=1008 width=121)
	              Recheck Cond: ((id >= 7385053) AND (id <= 7386052))
	              ->  Bitmap Index Scan on sbtest3_pkey  (cost=0.00..30.51 rows=1008 width=0)
	                    Index Cond: ((id >= 7385053) AND (id <= 7386052))

table 4 : explain SELECT DISTINCT c FROM sbtest4 WHERE id BETWEEN 2126031 AND 2127030 ORDER BY c
	Unique  (cost=3865.59..3870.52 rows=985 width=121)
	  ->  Sort  (cost=3865.59..3868.05 rows=985 width=121)
	        Sort Key: c
	        ->  Bitmap Heap Scan on sbtest4  (cost=30.53..3816.62 rows=985 width=121)
	              Recheck Cond: ((id >= 2126031) AND (id <= 2127030))
	              ->  Bitmap Index Scan on sbtest4_pkey  (cost=0.00..30.29 rows=985 width=0)
	                    Index Cond: ((id >= 2126031) AND (id <= 2127030))

table 5 : explain SELECT DISTINCT c FROM sbtest5 WHERE id BETWEEN 756083 AND 757082 ORDER BY c
	Unique  (cost=3566.68..3571.21 rows=906 width=121)
	  ->  Sort  (cost=3566.68..3568.95 rows=906 width=121)
	        Sort Key: c
	        ->  Bitmap Heap Scan on sbtest5  (cost=29.72..3522.18 rows=906 width=121)
	              Recheck Cond: ((id >= 756083) AND (id <= 757082))
	              ->  Bitmap Index Scan on sbtest5_pkey  (cost=0.00..29.50 rows=906 width=0)
	                    Index Cond: ((id >= 756083) AND (id <= 757082))

table 6 : explain SELECT DISTINCT c FROM sbtest6 WHERE id BETWEEN 5615614 AND 5616613 ORDER BY c
	Unique  (cost=3579.61..3584.16 rows=910 width=121)
	  ->  Sort  (cost=3579.61..3581.88 rows=910 width=121)
	        Sort Key: c
	        ->  Bitmap Heap Scan on sbtest6  (cost=29.76..3534.88 rows=910 width=121)
	              Recheck Cond: ((id >= 5615614) AND (id <= 5616613))
	              ->  Bitmap Index Scan on sbtest6_pkey  (cost=0.00..29.54 rows=910 width=0)
	                    Index Cond: ((id >= 5615614) AND (id <= 5616613))

table 7 : explain SELECT DISTINCT c FROM sbtest7 WHERE id BETWEEN 5907805 AND 5908804 ORDER BY c
	Unique  (cost=4184.69..4190.02 rows=1067 width=121)
	  ->  Sort  (cost=4184.69..4187.35 rows=1067 width=121)
	        Sort Key: c
	        ->  Bitmap Heap Scan on sbtest7  (cost=31.37..4131.02 rows=1067 width=121)
	              Recheck Cond: ((id >= 5907805) AND (id <= 5908804))
	              ->  Bitmap Index Scan on sbtest7_pkey  (cost=0.00..31.11 rows=1067 width=0)
	                    Index Cond: ((id >= 5907805) AND (id <= 5908804))

table 8 : explain SELECT DISTINCT c FROM sbtest8 WHERE id BETWEEN 8395168 AND 8396167 ORDER BY c
	Unique  (cost=4005.83..4010.94 rows=1021 width=121)
	  ->  Sort  (cost=4005.83..4008.38 rows=1021 width=121)
	        Sort Key: c
	        ->  Bitmap Heap Scan on sbtest8  (cost=30.90..3954.80 rows=1021 width=121)
	              Recheck Cond: ((id >= 8395168) AND (id <= 8396167))
	              ->  Bitmap Index Scan on sbtest8_pkey  (cost=0.00..30.64 rows=1021 width=0)
	                    Index Cond: ((id >= 8395168) AND (id <= 8396167))

for: simple_ranges
table 1 : explain SELECT c FROM sbtest1 WHERE id BETWEEN 6740486 AND 6741485
	Bitmap Heap Scan on sbtest1  (cost=30.31..3731.72 rows=963 width=121)
	  Recheck Cond: ((id >= 6740486) AND (id <= 6741485))
	  ->  Bitmap Index Scan on sbtest1_pkey  (cost=0.00..30.07 rows=963 width=0)
	        Index Cond: ((id >= 6740486) AND (id <= 6741485))

table 2 : explain SELECT c FROM sbtest2 WHERE id BETWEEN 1831518 AND 1832517
	Bitmap Heap Scan on sbtest2  (cost=30.89..3948.12 rows=1020 width=121)
	  Recheck Cond: ((id >= 1831518) AND (id <= 1832517))
	  ->  Bitmap Index Scan on sbtest2_pkey  (cost=0.00..30.64 rows=1020 width=0)
	        Index Cond: ((id >= 1831518) AND (id <= 1832517))

table 3 : explain SELECT c FROM sbtest3 WHERE id BETWEEN 815542 AND 816541
	Bitmap Heap Scan on sbtest3  (cost=31.09..4024.07 rows=1040 width=121)
	  Recheck Cond: ((id >= 815542) AND (id <= 816541))
	  ->  Bitmap Index Scan on sbtest3_pkey  (cost=0.00..30.83 rows=1040 width=0)
	        Index Cond: ((id >= 815542) AND (id <= 816541))

table 4 : explain SELECT c FROM sbtest4 WHERE id BETWEEN 9027471 AND 9028470
	Bitmap Heap Scan on sbtest4  (cost=30.83..3926.01 rows=1014 width=121)
	  Recheck Cond: ((id >= 9027471) AND (id <= 9028470))
	  ->  Bitmap Index Scan on sbtest4_pkey  (cost=0.00..30.57 rows=1014 width=0)
	        Index Cond: ((id >= 9027471) AND (id <= 9028470))

table 5 : explain SELECT c FROM sbtest5 WHERE id BETWEEN 7946785 AND 7947784
	Bitmap Heap Scan on sbtest5  (cost=31.11..4032.86 rows=1041 width=121)
	  Recheck Cond: ((id >= 7946785) AND (id <= 7947784))
	  ->  Bitmap Index Scan on sbtest5_pkey  (cost=0.00..30.84 rows=1041 width=0)
	        Index Cond: ((id >= 7946785) AND (id <= 7947784))

table 6 : explain SELECT c FROM sbtest6 WHERE id BETWEEN 1679720 AND 1680719
	Bitmap Heap Scan on sbtest6  (cost=30.44..3784.53 rows=976 width=121)
	  Recheck Cond: ((id >= 1679720) AND (id <= 1680719))
	  ->  Bitmap Index Scan on sbtest6_pkey  (cost=0.00..30.19 rows=976 width=0)
	        Index Cond: ((id >= 1679720) AND (id <= 1680719))

table 7 : explain SELECT c FROM sbtest7 WHERE id BETWEEN 9587118 AND 9588117
	Bitmap Heap Scan on sbtest7  (cost=30.86..3942.30 rows=1017 width=121)
	  Recheck Cond: ((id >= 9587118) AND (id <= 9588117))
	  ->  Bitmap Index Scan on sbtest7_pkey  (cost=0.00..30.61 rows=1017 width=0)
	        Index Cond: ((id >= 9587118) AND (id <= 9588117))

table 8 : explain SELECT c FROM sbtest8 WHERE id BETWEEN 4122276 AND 4123275
	Bitmap Heap Scan on sbtest8  (cost=30.17..3686.59 rows=950 width=121)
	  Recheck Cond: ((id >= 4122276) AND (id <= 4123275))
	  ->  Bitmap Index Scan on sbtest8_pkey  (cost=0.00..29.93 rows=950 width=0)
	        Index Cond: ((id >= 4122276) AND (id <= 4123275))

for point_selects
table 1 : explain SELECT c FROM sbtest1 WHERE id=290881
	Index Scan using sbtest1_pkey on sbtest1  (cost=0.43..8.45 rows=1 width=121)
	  Index Cond: (id = 290881)

table 2 : explain SELECT c FROM sbtest2 WHERE id=5051341
	Index Scan using sbtest2_pkey on sbtest2  (cost=0.43..8.45 rows=1 width=121)
	  Index Cond: (id = 5051341)

table 3 : explain SELECT c FROM sbtest3 WHERE id=550436
	Index Scan using sbtest3_pkey on sbtest3  (cost=0.43..8.45 rows=1 width=121)
	  Index Cond: (id = 550436)

table 4 : explain SELECT c FROM sbtest4 WHERE id=4061328
	Index Scan using sbtest4_pkey on sbtest4  (cost=0.43..8.45 rows=1 width=121)
	  Index Cond: (id = 4061328)

table 5 : explain SELECT c FROM sbtest5 WHERE id=8075296
	Index Scan using sbtest5_pkey on sbtest5  (cost=0.43..8.45 rows=1 width=121)
	  Index Cond: (id = 8075296)

table 6 : explain SELECT c FROM sbtest6 WHERE id=9071960
	Index Scan using sbtest6_pkey on sbtest6  (cost=0.43..8.45 rows=1 width=121)
	  Index Cond: (id = 9071960)

table 7 : explain SELECT c FROM sbtest7 WHERE id=4686684
	Index Scan using sbtest7_pkey on sbtest7  (cost=0.43..8.45 rows=1 width=121)
	  Index Cond: (id = 4686684)

table 8 : explain SELECT c FROM sbtest8 WHERE id=1465870
	Index Scan using sbtest8_pkey on sbtest8  (cost=0.43..8.45 rows=1 width=121)
	  Index Cond: (id = 1465870)

explain: for point_selects :: explain SELECT c FROM sbtest%u WHERE id=%u
for: distinct_ranges
table 1 : explain SELECT DISTINCT c FROM sbtest1 WHERE id BETWEEN 4071816 AND 4072815 ORDER BY c
	Unique  (cost=3829.23..3834.11 rows=976 width=121)
	  ->  Sort  (cost=3829.23..3831.67 rows=976 width=121)
	        Sort Key: c
	        ->  Bitmap Heap Scan on sbtest1  (cost=30.44..3780.77 rows=976 width=121)
	              Recheck Cond: ((id >= 4071816) AND (id <= 4072815))
	              ->  Bitmap Index Scan on sbtest1_pkey  (cost=0.00..30.19 rows=976 width=0)
	                    Index Cond: ((id >= 4071816) AND (id <= 4072815))

table 2 : explain SELECT DISTINCT c FROM sbtest2 WHERE id BETWEEN 1030290 AND 1031289 ORDER BY c
	Unique  (cost=3561.96..3566.50 rows=907 width=121)
	  ->  Sort  (cost=3561.96..3564.23 rows=907 width=121)
	        Sort Key: c
	        ->  Bitmap Heap Scan on sbtest2  (cost=25.73..3517.40 rows=907 width=121)
	              Recheck Cond: ((id >= 1030290) AND (id <= 1031289))
	              ->  Bitmap Index Scan on sbtest2_pkey  (cost=0.00..25.50 rows=907 width=0)
	                    Index Cond: ((id >= 1030290) AND (id <= 1031289))

table 3 : explain SELECT DISTINCT c FROM sbtest3 WHERE id BETWEEN 3932840 AND 3933839 ORDER BY c
	Unique  (cost=3877.14..3882.08 rows=988 width=121)
	  ->  Sort  (cost=3877.14..3879.61 rows=988 width=121)
	        Sort Key: c
	        ->  Bitmap Heap Scan on sbtest3  (cost=30.56..3828.00 rows=988 width=121)
	              Recheck Cond: ((id >= 3932840) AND (id <= 3933839))
	              ->  Bitmap Index Scan on sbtest3_pkey  (cost=0.00..30.32 rows=988 width=0)
	                    Index Cond: ((id >= 3932840) AND (id <= 3933839))

table 4 : explain SELECT DISTINCT c FROM sbtest4 WHERE id BETWEEN 5244715 AND 5245714 ORDER BY c
	Unique  (cost=3957.50..3962.55 rows=1009 width=121)
	  ->  Sort  (cost=3957.50..3960.03 rows=1009 width=121)
	        Sort Key: c
	        ->  Bitmap Heap Scan on sbtest4  (cost=30.78..3907.16 rows=1009 width=121)
	              Recheck Cond: ((id >= 5244715) AND (id <= 5245714))
	              ->  Bitmap Index Scan on sbtest4_pkey  (cost=0.00..30.52 rows=1009 width=0)
	                    Index Cond: ((id >= 5244715) AND (id <= 5245714))

table 5 : explain SELECT DISTINCT c FROM sbtest5 WHERE id BETWEEN 4553159 AND 4554158 ORDER BY c
	Unique  (cost=3973.86..3978.92 rows=1012 width=121)
	  ->  Sort  (cost=3973.86..3976.39 rows=1012 width=121)
	        Sort Key: c
	        ->  Bitmap Heap Scan on sbtest5  (cost=30.81..3923.35 rows=1012 width=121)
	              Recheck Cond: ((id >= 4553159) AND (id <= 4554158))
	              ->  Bitmap Index Scan on sbtest5_pkey  (cost=0.00..30.55 rows=1012 width=0)
	                    Index Cond: ((id >= 4553159) AND (id <= 4554158))

table 6 : explain SELECT DISTINCT c FROM sbtest6 WHERE id BETWEEN 6018978 AND 6019977 ORDER BY c
	Unique  (cost=3867.50..3872.43 rows=985 width=121)
	  ->  Sort  (cost=3867.50..3869.96 rows=985 width=121)
	        Sort Key: c
	        ->  Bitmap Heap Scan on sbtest6  (cost=30.53..3818.53 rows=985 width=121)
	              Recheck Cond: ((id >= 6018978) AND (id <= 6019977))
	              ->  Bitmap Index Scan on sbtest6_pkey  (cost=0.00..30.29 rows=985 width=0)
	                    Index Cond: ((id >= 6018978) AND (id <= 6019977))

table 7 : explain SELECT DISTINCT c FROM sbtest7 WHERE id BETWEEN 4874557 AND 4875556 ORDER BY c
	Unique  (cost=3805.06..3809.90 rows=968 width=121)
	  ->  Sort  (cost=3805.06..3807.48 rows=968 width=121)
	        Sort Key: c
	        ->  Bitmap Heap Scan on sbtest7  (cost=30.36..3757.05 rows=968 width=121)
	              Recheck Cond: ((id >= 4874557) AND (id <= 4875556))
	              ->  Bitmap Index Scan on sbtest7_pkey  (cost=0.00..30.11 rows=968 width=0)
	                    Index Cond: ((id >= 4874557) AND (id <= 4875556))

table 8 : explain SELECT DISTINCT c FROM sbtest8 WHERE id BETWEEN 8160351 AND 8161350 ORDER BY c
	Unique  (cost=4017.32..4022.44 rows=1024 width=121)
	  ->  Sort  (cost=4017.32..4019.88 rows=1024 width=121)
	        Sort Key: c
	        ->  Bitmap Heap Scan on sbtest8  (cost=30.93..3966.12 rows=1024 width=121)
	              Recheck Cond: ((id >= 8160351) AND (id <= 8161350))
	              ->  Bitmap Index Scan on sbtest8_pkey  (cost=0.00..30.68 rows=1024 width=0)
	                    Index Cond: ((id >= 8160351) AND (id <= 8161350))

for: distinct_ranges
table 1 : explain SELECT DISTINCT c FROM sbtest1 WHERE id BETWEEN 8254916 AND 8255915 ORDER BY c
	Unique  (cost=3921.10..3926.10 rows=1000 width=121)
	  ->  Sort  (cost=3921.10..3923.60 rows=1000 width=121)
	        Sort Key: c
	        ->  Bitmap Heap Scan on sbtest1  (cost=30.68..3871.27 rows=1000 width=121)
	              Recheck Cond: ((id >= 8254916) AND (id <= 8255915))
	              ->  Bitmap Index Scan on sbtest1_pkey  (cost=0.00..30.43 rows=1000 width=0)
	                    Index Cond: ((id >= 8254916) AND (id <= 8255915))

table 2 : explain SELECT DISTINCT c FROM sbtest2 WHERE id BETWEEN 6882998 AND 6883997 ORDER BY c
	Unique  (cost=3642.57..3647.21 rows=928 width=121)
	  ->  Sort  (cost=3642.57..3644.89 rows=928 width=121)
	        Sort Key: c
	        ->  Bitmap Heap Scan on sbtest2  (cost=25.95..3596.83 rows=928 width=121)
	              Recheck Cond: ((id >= 6882998) AND (id <= 6883997))
	              ->  Bitmap Index Scan on sbtest2_pkey  (cost=0.00..25.71 rows=928 width=0)
	                    Index Cond: ((id >= 6882998) AND (id <= 6883997))

table 3 : explain SELECT DISTINCT c FROM sbtest3 WHERE id BETWEEN 9542328 AND 9543327 ORDER BY c
	Unique  (cost=4179.41..4184.75 rows=1067 width=121)
	  ->  Sort  (cost=4179.41..4182.08 rows=1067 width=121)
	        Sort Key: c
	        ->  Bitmap Heap Scan on sbtest3  (cost=31.37..4125.74 rows=1067 width=121)
	              Recheck Cond: ((id >= 9542328) AND (id <= 9543327))
	              ->  Bitmap Index Scan on sbtest3_pkey  (cost=0.00..31.11 rows=1067 width=0)
	                    Index Cond: ((id >= 9542328) AND (id <= 9543327))

table 4 : explain SELECT DISTINCT c FROM sbtest4 WHERE id BETWEEN 7691677 AND 7692676 ORDER BY c
	Unique  (cost=3995.78..4000.87 rows=1019 width=121)
	  ->  Sort  (cost=3995.78..3998.33 rows=1019 width=121)
	        Sort Key: c
	        ->  Bitmap Heap Scan on sbtest4  (cost=30.88..3944.87 rows=1019 width=121)
	              Recheck Cond: ((id >= 7691677) AND (id <= 7692676))
	              ->  Bitmap Index Scan on sbtest4_pkey  (cost=0.00..30.62 rows=1019 width=0)
	                    Index Cond: ((id >= 7691677) AND (id <= 7692676))

table 5 : explain SELECT DISTINCT c FROM sbtest5 WHERE id BETWEEN 1083012 AND 1084011 ORDER BY c
	Unique  (cost=3766.60..3771.39 rows=958 width=121)
	  ->  Sort  (cost=3766.60..3768.99 rows=958 width=121)
	        Sort Key: c
	        ->  Bitmap Heap Scan on sbtest5  (cost=30.25..3719.16 rows=958 width=121)
	              Recheck Cond: ((id >= 1083012) AND (id <= 1084011))
	              ->  Bitmap Index Scan on sbtest5_pkey  (cost=0.00..30.01 rows=958 width=0)
	                    Index Cond: ((id >= 1083012) AND (id <= 1084011))

table 6 : explain SELECT DISTINCT c FROM sbtest6 WHERE id BETWEEN 2773344 AND 2774343 ORDER BY c
	Unique  (cost=4036.09..4041.23 rows=1029 width=121)
	  ->  Sort  (cost=4036.09..4038.66 rows=1029 width=121)
	        Sort Key: c
	        ->  Bitmap Heap Scan on sbtest6  (cost=30.98..3984.60 rows=1029 width=121)
	              Recheck Cond: ((id >= 2773344) AND (id <= 2774343))
	              ->  Bitmap Index Scan on sbtest6_pkey  (cost=0.00..30.72 rows=1029 width=0)
	                    Index Cond: ((id >= 2773344) AND (id <= 2774343))

table 7 : explain SELECT DISTINCT c FROM sbtest7 WHERE id BETWEEN 8003535 AND 8004534 ORDER BY c
	Unique  (cost=4016.10..4021.22 rows=1023 width=121)
	  ->  Sort  (cost=4016.10..4018.66 rows=1023 width=121)
	        Sort Key: c
	        ->  Bitmap Heap Scan on sbtest7  (cost=30.92..3964.96 rows=1023 width=121)
	              Recheck Cond: ((id >= 8003535) AND (id <= 8004534))
	              ->  Bitmap Index Scan on sbtest7_pkey  (cost=0.00..30.66 rows=1023 width=0)
	                    Index Cond: ((id >= 8003535) AND (id <= 8004534))

table 8 : explain SELECT DISTINCT c FROM sbtest8 WHERE id BETWEEN 7343078 AND 7344077 ORDER BY c
	Unique  (cost=4231.62..4237.02 rows=1080 width=121)
	  ->  Sort  (cost=4231.62..4234.32 rows=1080 width=121)
	        Sort Key: c
	        ->  Bitmap Heap Scan on sbtest8  (cost=31.50..4177.21 rows=1080 width=121)
	              Recheck Cond: ((id >= 7343078) AND (id <= 7344077))
	              ->  Bitmap Index Scan on sbtest8_pkey  (cost=0.00..31.23 rows=1080 width=0)
	                    Index Cond: ((id >= 7343078) AND (id <= 7344077))

for: simple_ranges
table 1 : explain SELECT c FROM sbtest1 WHERE id BETWEEN 2735094 AND 2736093
	Bitmap Heap Scan on sbtest1  (cost=25.42..3402.65 rows=877 width=121)
	  Recheck Cond: ((id >= 2735094) AND (id <= 2736093))
	  ->  Bitmap Index Scan on sbtest1_pkey  (cost=0.00..25.20 rows=877 width=0)
	        Index Cond: ((id >= 2735094) AND (id <= 2736093))

table 2 : explain SELECT c FROM sbtest2 WHERE id BETWEEN 9550661 AND 9551660
	Bitmap Heap Scan on sbtest2  (cost=31.68..4237.97 rows=1097 width=121)
	  Recheck Cond: ((id >= 9550661) AND (id <= 9551660))
	  ->  Bitmap Index Scan on sbtest2_pkey  (cost=0.00..31.40 rows=1097 width=0)
	        Index Cond: ((id >= 9550661) AND (id <= 9551660))

table 3 : explain SELECT c FROM sbtest3 WHERE id BETWEEN 3548299 AND 3549298
	Bitmap Heap Scan on sbtest3  (cost=31.03..4001.46 rows=1034 width=121)
	  Recheck Cond: ((id >= 3548299) AND (id <= 3549298))
	  ->  Bitmap Index Scan on sbtest3_pkey  (cost=0.00..30.77 rows=1034 width=0)
	        Index Cond: ((id >= 3548299) AND (id <= 3549298))

table 4 : explain SELECT c FROM sbtest4 WHERE id BETWEEN 2761391 AND 2762390
	Bitmap Heap Scan on sbtest4  (cost=30.16..3680.66 rows=949 width=121)
	  Recheck Cond: ((id >= 2761391) AND (id <= 2762390))
	  ->  Bitmap Index Scan on sbtest4_pkey  (cost=0.00..29.93 rows=949 width=0)
	        Index Cond: ((id >= 2761391) AND (id <= 2762390))

table 5 : explain SELECT c FROM sbtest5 WHERE id BETWEEN 3853525 AND 3854524
	Bitmap Heap Scan on sbtest5  (cost=31.43..4153.58 rows=1073 width=121)
	  Recheck Cond: ((id >= 3853525) AND (id <= 3854524))
	  ->  Bitmap Index Scan on sbtest5_pkey  (cost=0.00..31.16 rows=1073 width=0)
	        Index Cond: ((id >= 3853525) AND (id <= 3854524))

table 6 : explain SELECT c FROM sbtest6 WHERE id BETWEEN 7641287 AND 7642286
	Bitmap Heap Scan on sbtest6  (cost=31.05..4011.00 rows=1036 width=121)
	  Recheck Cond: ((id >= 7641287) AND (id <= 7642286))
	  ->  Bitmap Index Scan on sbtest6_pkey  (cost=0.00..30.79 rows=1036 width=0)
	        Index Cond: ((id >= 7641287) AND (id <= 7642286))

table 7 : explain SELECT c FROM sbtest7 WHERE id BETWEEN 1651347 AND 1652346
	Bitmap Heap Scan on sbtest7  (cost=30.53..3821.35 rows=985 width=121)
	  Recheck Cond: ((id >= 1651347) AND (id <= 1652346))
	  ->  Bitmap Index Scan on sbtest7_pkey  (cost=0.00..30.29 rows=985 width=0)
	        Index Cond: ((id >= 1651347) AND (id <= 1652346))

table 8 : explain SELECT c FROM sbtest8 WHERE id BETWEEN 6494126 AND 6495125
	Bitmap Heap Scan on sbtest8  (cost=30.44..3784.88 rows=976 width=121)
	  Recheck Cond: ((id >= 6494126) AND (id <= 6495125))
	  ->  Bitmap Index Scan on sbtest8_pkey  (cost=0.00..30.19 rows=976 width=0)
	        Index Cond: ((id >= 6494126) AND (id <= 6495125))

for: sum_ranges
table 1 : explain SELECT SUM(k) FROM sbtest1 WHERE id BETWEEN 6010820 AND 6011819
	Aggregate  (cost=3926.57..3926.58 rows=1 width=8)
	  ->  Bitmap Heap Scan on sbtest1  (cost=30.83..3924.03 rows=1014 width=4)
	        Recheck Cond: ((id >= 6010820) AND (id <= 6011819))
	        ->  Bitmap Index Scan on sbtest1_pkey  (cost=0.00..30.57 rows=1014 width=0)
	              Index Cond: ((id >= 6010820) AND (id <= 6011819))

table 2 : explain SELECT SUM(k) FROM sbtest2 WHERE id BETWEEN 8392863 AND 8393862
	Aggregate  (cost=3652.32..3652.33 rows=1 width=8)
	  ->  Bitmap Heap Scan on sbtest2  (cost=30.08..3649.97 rows=941 width=4)
	        Recheck Cond: ((id >= 8392863) AND (id <= 8393862))
	        ->  Bitmap Index Scan on sbtest2_pkey  (cost=0.00..29.84 rows=941 width=0)
	              Index Cond: ((id >= 8392863) AND (id <= 8393862))

table 3 : explain SELECT SUM(k) FROM sbtest3 WHERE id BETWEEN 544161 AND 545160
	Aggregate  (cost=4019.13..4019.14 rows=1 width=8)
	  ->  Bitmap Heap Scan on sbtest3  (cost=31.07..4016.53 rows=1038 width=4)
	        Recheck Cond: ((id >= 544161) AND (id <= 545160))
	        ->  Bitmap Index Scan on sbtest3_pkey  (cost=0.00..30.82 rows=1038 width=0)
	              Index Cond: ((id >= 544161) AND (id <= 545160))

table 4 : explain SELECT SUM(k) FROM sbtest4 WHERE id BETWEEN 9238736 AND 9239735
	Aggregate  (cost=3618.52..3618.53 rows=1 width=8)
	  ->  Bitmap Heap Scan on sbtest4  (cost=26.00..3616.18 rows=933 width=4)
	        Recheck Cond: ((id >= 9238736) AND (id <= 9239735))
	        ->  Bitmap Index Scan on sbtest4_pkey  (cost=0.00..25.76 rows=933 width=0)
	              Index Cond: ((id >= 9238736) AND (id <= 9239735))

table 5 : explain SELECT SUM(k) FROM sbtest5 WHERE id BETWEEN 4785286 AND 4786285
	Aggregate  (cost=3710.19..3710.20 rows=1 width=8)
	  ->  Bitmap Heap Scan on sbtest5  (cost=30.22..3707.80 rows=955 width=4)
	        Recheck Cond: ((id >= 4785286) AND (id <= 4786285))
	        ->  Bitmap Index Scan on sbtest5_pkey  (cost=0.00..29.98 rows=955 width=0)
	              Index Cond: ((id >= 4785286) AND (id <= 4786285))

table 6 : explain SELECT SUM(k) FROM sbtest6 WHERE id BETWEEN 1813030 AND 1814029
	Aggregate  (cost=4058.86..4058.87 rows=1 width=8)
	  ->  Bitmap Heap Scan on sbtest6  (cost=31.18..4056.24 rows=1048 width=4)
	        Recheck Cond: ((id >= 1813030) AND (id <= 1814029))
	        ->  Bitmap Index Scan on sbtest6_pkey  (cost=0.00..30.91 rows=1048 width=0)
	              Index Cond: ((id >= 1813030) AND (id <= 1814029))

table 7 : explain SELECT SUM(k) FROM sbtest7 WHERE id BETWEEN 966585 AND 967584
	Aggregate  (cost=4046.85..4046.86 rows=1 width=8)
	  ->  Bitmap Heap Scan on sbtest7  (cost=31.14..4044.24 rows=1044 width=4)
	        Recheck Cond: ((id >= 966585) AND (id <= 967584))
	        ->  Bitmap Index Scan on sbtest7_pkey  (cost=0.00..30.87 rows=1044 width=0)
	              Index Cond: ((id >= 966585) AND (id <= 967584))

table 8 : explain SELECT SUM(k) FROM sbtest8 WHERE id BETWEEN 8692801 AND 8693800
	Aggregate  (cost=3912.04..3912.05 rows=1 width=8)
	  ->  Bitmap Heap Scan on sbtest8  (cost=30.78..3909.52 rows=1009 width=4)
	        Recheck Cond: ((id >= 8692801) AND (id <= 8693800))
	        ->  Bitmap Index Scan on sbtest8_pkey  (cost=0.00..30.52 rows=1009 width=0)
	              Index Cond: ((id >= 8692801) AND (id <= 8693800))

for point_selects
table 1 : explain SELECT c FROM sbtest1 WHERE id=8396108
	Index Scan using sbtest1_pkey on sbtest1  (cost=0.43..8.45 rows=1 width=121)
	  Index Cond: (id = 8396108)

table 2 : explain SELECT c FROM sbtest2 WHERE id=2799152
	Index Scan using sbtest2_pkey on sbtest2  (cost=0.43..8.45 rows=1 width=121)
	  Index Cond: (id = 2799152)

table 3 : explain SELECT c FROM sbtest3 WHERE id=1044646
	Index Scan using sbtest3_pkey on sbtest3  (cost=0.43..8.45 rows=1 width=121)
	  Index Cond: (id = 1044646)

table 4 : explain SELECT c FROM sbtest4 WHERE id=8514356
	Index Scan using sbtest4_pkey on sbtest4  (cost=0.43..8.45 rows=1 width=121)
	  Index Cond: (id = 8514356)

table 5 : explain SELECT c FROM sbtest5 WHERE id=4132015
	Index Scan using sbtest5_pkey on sbtest5  (cost=0.43..8.45 rows=1 width=121)
	  Index Cond: (id = 4132015)

table 6 : explain SELECT c FROM sbtest6 WHERE id=9101096
	Index Scan using sbtest6_pkey on sbtest6  (cost=0.43..8.45 rows=1 width=121)
	  Index Cond: (id = 9101096)

table 7 : explain SELECT c FROM sbtest7 WHERE id=9604951
	Index Scan using sbtest7_pkey on sbtest7  (cost=0.43..8.45 rows=1 width=121)
	  Index Cond: (id = 9604951)

table 8 : explain SELECT c FROM sbtest8 WHERE id=9633286
	Index Scan using sbtest8_pkey on sbtest8  (cost=0.43..8.45 rows=1 width=121)
	  Index Cond: (id = 9633286)

for point_selects
table 1 : explain SELECT c FROM sbtest1 WHERE id=7238348
	Index Scan using sbtest1_pkey on sbtest1  (cost=0.43..8.45 rows=1 width=121)
	  Index Cond: (id = 7238348)

table 2 : explain SELECT c FROM sbtest2 WHERE id=3124848
	Index Scan using sbtest2_pkey on sbtest2  (cost=0.43..8.45 rows=1 width=121)
	  Index Cond: (id = 3124848)

table 3 : explain SELECT c FROM sbtest3 WHERE id=656878
	Index Scan using sbtest3_pkey on sbtest3  (cost=0.43..8.45 rows=1 width=121)
	  Index Cond: (id = 656878)

table 4 : explain SELECT c FROM sbtest4 WHERE id=8383478
	Index Scan using sbtest4_pkey on sbtest4  (cost=0.43..8.45 rows=1 width=121)
	  Index Cond: (id = 8383478)

table 5 : explain SELECT c FROM sbtest5 WHERE id=4226379
	Index Scan using sbtest5_pkey on sbtest5  (cost=0.43..8.45 rows=1 width=121)
	  Index Cond: (id = 4226379)

table 6 : explain SELECT c FROM sbtest6 WHERE id=3629182
	Index Scan using sbtest6_pkey on sbtest6  (cost=0.43..8.45 rows=1 width=121)
	  Index Cond: (id = 3629182)

table 7 : explain SELECT c FROM sbtest7 WHERE id=3848295
	Index Scan using sbtest7_pkey on sbtest7  (cost=0.43..8.45 rows=1 width=121)
	  Index Cond: (id = 3848295)

table 8 : explain SELECT c FROM sbtest8 WHERE id=6271936
	Index Scan using sbtest8_pkey on sbtest8  (cost=0.43..8.45 rows=1 width=121)
	  Index Cond: (id = 6271936)

for: simple_ranges
table 1 : explain SELECT c FROM sbtest1 WHERE id BETWEEN 2851305 AND 2852304
	Bitmap Heap Scan on sbtest1  (cost=30.92..3957.93 rows=1023 width=121)
	  Recheck Cond: ((id >= 2851305) AND (id <= 2852304))
	  ->  Bitmap Index Scan on sbtest1_pkey  (cost=0.00..30.66 rows=1023 width=0)
	        Index Cond: ((id >= 2851305) AND (id <= 2852304))

table 2 : explain SELECT c FROM sbtest2 WHERE id BETWEEN 3449938 AND 3450937
	Bitmap Heap Scan on sbtest2  (cost=25.94..3593.05 rows=927 width=121)
	  Recheck Cond: ((id >= 3449938) AND (id <= 3450937))
	  ->  Bitmap Index Scan on sbtest2_pkey  (cost=0.00..25.70 rows=927 width=0)
	        Index Cond: ((id >= 3449938) AND (id <= 3450937))

table 3 : explain SELECT c FROM sbtest3 WHERE id BETWEEN 9789133 AND 9790132
	Bitmap Heap Scan on sbtest3  (cost=25.90..3578.42 rows=923 width=121)
	  Recheck Cond: ((id >= 9789133) AND (id <= 9790132))
	  ->  Bitmap Index Scan on sbtest3_pkey  (cost=0.00..25.66 rows=923 width=0)
	        Index Cond: ((id >= 9789133) AND (id <= 9790132))

table 4 : explain SELECT c FROM sbtest4 WHERE id BETWEEN 7062549 AND 7063548
	Bitmap Heap Scan on sbtest4  (cost=30.51..3809.07 rows=983 width=121)
	  Recheck Cond: ((id >= 7062549) AND (id <= 7063548))
	  ->  Bitmap Index Scan on sbtest4_pkey  (cost=0.00..30.26 rows=983 width=0)
	        Index Cond: ((id >= 7062549) AND (id <= 7063548))

table 5 : explain SELECT c FROM sbtest5 WHERE id BETWEEN 3226040 AND 3227039
	Bitmap Heap Scan on sbtest5  (cost=30.19..3696.45 rows=952 width=121)
	  Recheck Cond: ((id >= 3226040) AND (id <= 3227039))
	  ->  Bitmap Index Scan on sbtest5_pkey  (cost=0.00..29.95 rows=952 width=0)
	        Index Cond: ((id >= 3226040) AND (id <= 3227039))

table 6 : explain SELECT c FROM sbtest6 WHERE id BETWEEN 3927318 AND 3928317
	Bitmap Heap Scan on sbtest6  (cost=30.71..3882.72 rows=1002 width=121)
	  Recheck Cond: ((id >= 3927318) AND (id <= 3928317))
	  ->  Bitmap Index Scan on sbtest6_pkey  (cost=0.00..30.45 rows=1002 width=0)
	        Index Cond: ((id >= 3927318) AND (id <= 3928317))

table 7 : explain SELECT c FROM sbtest7 WHERE id BETWEEN 1310967 AND 1311966
	Bitmap Heap Scan on sbtest7  (cost=29.75..3533.60 rows=909 width=121)
	  Recheck Cond: ((id >= 1310967) AND (id <= 1311966))
	  ->  Bitmap Index Scan on sbtest7_pkey  (cost=0.00..29.52 rows=909 width=0)
	        Index Cond: ((id >= 1310967) AND (id <= 1311966))

table 8 : explain SELECT c FROM sbtest8 WHERE id BETWEEN 4973028 AND 4974027
	Bitmap Heap Scan on sbtest8  (cost=30.44..3784.88 rows=976 width=121)
	  Recheck Cond: ((id >= 4973028) AND (id <= 4974027))
	  ->  Bitmap Index Scan on sbtest8_pkey  (cost=0.00..30.19 rows=976 width=0)
	        Index Cond: ((id >= 4973028) AND (id <= 4974027))

for: sum_ranges
table 1 : explain SELECT SUM(k) FROM sbtest1 WHERE id BETWEEN 8635458 AND 8636457
	Aggregate  (cost=4081.03..4081.04 rows=1 width=8)
	  ->  Bitmap Heap Scan on sbtest1  (cost=31.25..4078.40 rows=1055 width=4)
	        Recheck Cond: ((id >= 8635458) AND (id <= 8636457))
	        ->  Bitmap Index Scan on sbtest1_pkey  (cost=0.00..30.98 rows=1055 width=0)
	              Index Cond: ((id >= 8635458) AND (id <= 8636457))

table 2 : explain SELECT SUM(k) FROM sbtest2 WHERE id BETWEEN 4808453 AND 4809452
	Aggregate  (cost=3795.93..3795.94 rows=1 width=8)
	  ->  Bitmap Heap Scan on sbtest2  (cost=30.47..3793.49 rows=979 width=4)
	        Recheck Cond: ((id >= 4808453) AND (id <= 4809452))
	        ->  Bitmap Index Scan on sbtest2_pkey  (cost=0.00..30.22 rows=979 width=0)
	              Index Cond: ((id >= 4808453) AND (id <= 4809452))

table 3 : explain SELECT SUM(k) FROM sbtest3 WHERE id BETWEEN 4882668 AND 4883667
	Aggregate  (cost=3909.74..3909.75 rows=1 width=8)
	  ->  Bitmap Heap Scan on sbtest3  (cost=30.78..3907.22 rows=1009 width=4)
	        Recheck Cond: ((id >= 4882668) AND (id <= 4883667))
	        ->  Bitmap Index Scan on sbtest3_pkey  (cost=0.00..30.52 rows=1009 width=0)
	              Index Cond: ((id >= 4882668) AND (id <= 4883667))

table 4 : explain SELECT SUM(k) FROM sbtest4 WHERE id BETWEEN 6643925 AND 6644924
	Aggregate  (cost=3440.55..3440.56 rows=1 width=8)
	  ->  Bitmap Heap Scan on sbtest4  (cost=25.52..3438.33 rows=886 width=4)
	        Recheck Cond: ((id >= 6643925) AND (id <= 6644924))
	        ->  Bitmap Index Scan on sbtest4_pkey  (cost=0.00..25.29 rows=886 width=0)
	              Index Cond: ((id >= 6643925) AND (id <= 6644924))

table 5 : explain SELECT SUM(k) FROM sbtest5 WHERE id BETWEEN 9266022 AND 9267021
	Aggregate  (cost=3653.36..3653.37 rows=1 width=8)
	  ->  Bitmap Heap Scan on sbtest5  (cost=30.07..3651.01 rows=940 width=4)
	        Recheck Cond: ((id >= 9266022) AND (id <= 9267021))
	        ->  Bitmap Index Scan on sbtest5_pkey  (cost=0.00..29.83 rows=940 width=0)
	              Index Cond: ((id >= 9266022) AND (id <= 9267021))

table 6 : explain SELECT SUM(k) FROM sbtest6 WHERE id BETWEEN 3378522 AND 3379521
	Aggregate  (cost=3896.56..3896.57 rows=1 width=8)
	  ->  Bitmap Heap Scan on sbtest6  (cost=30.74..3894.04 rows=1005 width=4)
	        Recheck Cond: ((id >= 3378522) AND (id <= 3379521))
	        ->  Bitmap Index Scan on sbtest6_pkey  (cost=0.00..30.48 rows=1005 width=0)
	              Index Cond: ((id >= 3378522) AND (id <= 3379521))

table 7 : explain SELECT SUM(k) FROM sbtest7 WHERE id BETWEEN 2327466 AND 2328465
	Aggregate  (cost=3831.38..3831.39 rows=1 width=8)
	  ->  Bitmap Heap Scan on sbtest7  (cost=30.55..3828.92 rows=987 width=4)
	        Recheck Cond: ((id >= 2327466) AND (id <= 2328465))
	        ->  Bitmap Index Scan on sbtest7_pkey  (cost=0.00..30.30 rows=987 width=0)
	              Index Cond: ((id >= 2327466) AND (id <= 2328465))

table 8 : explain SELECT SUM(k) FROM sbtest8 WHERE id BETWEEN 8385728 AND 8386727
	Aggregate  (cost=3957.35..3957.36 rows=1 width=8)
	  ->  Bitmap Heap Scan on sbtest8  (cost=30.90..3954.80 rows=1021 width=4)
	        Recheck Cond: ((id >= 8385728) AND (id <= 8386727))
	        ->  Bitmap Index Scan on sbtest8_pkey  (cost=0.00..30.64 rows=1021 width=0)
	              Index Cond: ((id >= 8385728) AND (id <= 8386727))

for: simple_ranges
table 1 : explain SELECT c FROM sbtest1 WHERE id BETWEEN 2406825 AND 2407824
	Bitmap Heap Scan on sbtest1  (cost=30.67..3867.50 rows=999 width=121)
	  Recheck Cond: ((id >= 2406825) AND (id <= 2407824))
	  ->  Bitmap Index Scan on sbtest1_pkey  (cost=0.00..30.43 rows=999 width=0)
	        Index Cond: ((id >= 2406825) AND (id <= 2407824))

table 2 : explain SELECT c FROM sbtest2 WHERE id BETWEEN 9668656 AND 9669655
	Bitmap Heap Scan on sbtest2  (cost=30.34..3744.41 rows=966 width=121)
	  Recheck Cond: ((id >= 9668656) AND (id <= 9669655))
	  ->  Bitmap Index Scan on sbtest2_pkey  (cost=0.00..30.09 rows=966 width=0)
	        Index Cond: ((id >= 9668656) AND (id <= 9669655))

table 3 : explain SELECT c FROM sbtest3 WHERE id BETWEEN 7282516 AND 7283515
	Bitmap Heap Scan on sbtest3  (cost=25.32..3366.40 rows=867 width=121)
	  Recheck Cond: ((id >= 7282516) AND (id <= 7283515))
	  ->  Bitmap Index Scan on sbtest3_pkey  (cost=0.00..25.11 rows=867 width=0)
	        Index Cond: ((id >= 7282516) AND (id <= 7283515))

table 4 : explain SELECT c FROM sbtest4 WHERE id BETWEEN 9960250 AND 9961249
	Bitmap Heap Scan on sbtest4  (cost=31.57..4197.17 rows=1086 width=121)
	  Recheck Cond: ((id >= 9960250) AND (id <= 9961249))
	  ->  Bitmap Index Scan on sbtest4_pkey  (cost=0.00..31.29 rows=1086 width=0)
	        Index Cond: ((id >= 9960250) AND (id <= 9961249))

table 5 : explain SELECT c FROM sbtest5 WHERE id BETWEEN 2900244 AND 2901243
	Bitmap Heap Scan on sbtest5  (cost=31.47..4168.67 rows=1077 width=121)
	  Recheck Cond: ((id >= 2900244) AND (id <= 2901243))
	  ->  Bitmap Index Scan on sbtest5_pkey  (cost=0.00..31.20 rows=1077 width=0)
	        Index Cond: ((id >= 2900244) AND (id <= 2901243))

table 6 : explain SELECT c FROM sbtest6 WHERE id BETWEEN 8185249 AND 8186248
	Bitmap Heap Scan on sbtest6  (cost=31.30..4101.46 rows=1060 width=121)
	  Recheck Cond: ((id >= 8185249) AND (id <= 8186248))
	  ->  Bitmap Index Scan on sbtest6_pkey  (cost=0.00..31.04 rows=1060 width=0)
	        Index Cond: ((id >= 8185249) AND (id <= 8186248))

table 7 : explain SELECT c FROM sbtest7 WHERE id BETWEEN 2358198 AND 2359197
	Bitmap Heap Scan on sbtest7  (cost=30.36..3757.05 rows=968 width=121)
	  Recheck Cond: ((id >= 2358198) AND (id <= 2359197))
	  ->  Bitmap Index Scan on sbtest7_pkey  (cost=0.00..30.11 rows=968 width=0)
	        Index Cond: ((id >= 2358198) AND (id <= 2359197))

table 8 : explain SELECT c FROM sbtest8 WHERE id BETWEEN 5616557 AND 5617556
	Bitmap Heap Scan on sbtest8  (cost=30.23..3709.28 rows=956 width=121)
	  Recheck Cond: ((id >= 5616557) AND (id <= 5617556))
	  ->  Bitmap Index Scan on sbtest8_pkey  (cost=0.00..30.00 rows=956 width=0)
	        Index Cond: ((id >= 5616557) AND (id <= 5617556))

for: sum_ranges
table 1 : explain SELECT SUM(k) FROM sbtest1 WHERE id BETWEEN 5234119 AND 5235118
	Aggregate  (cost=3805.86..3805.87 rows=1 width=8)
	  ->  Bitmap Heap Scan on sbtest1  (cost=30.50..3803.40 rows=982 width=4)
	        Recheck Cond: ((id >= 5234119) AND (id <= 5235118))
	        ->  Bitmap Index Scan on sbtest1_pkey  (cost=0.00..30.25 rows=982 width=0)
	              Index Cond: ((id >= 5234119) AND (id <= 5235118))

table 2 : explain SELECT SUM(k) FROM sbtest2 WHERE id BETWEEN 1841722 AND 1842721
	Aggregate  (cost=3950.67..3950.68 rows=1 width=8)
	  ->  Bitmap Heap Scan on sbtest2  (cost=30.89..3948.12 rows=1020 width=4)
	        Recheck Cond: ((id >= 1841722) AND (id <= 1842721))
	        ->  Bitmap Index Scan on sbtest2_pkey  (cost=0.00..30.64 rows=1020 width=0)
	              Index Cond: ((id >= 1841722) AND (id <= 1842721))

table 3 : explain SELECT SUM(k) FROM sbtest3 WHERE id BETWEEN 436155 AND 437154
	Aggregate  (cost=4169.84..4169.85 rows=1 width=8)
	  ->  Bitmap Heap Scan on sbtest3  (cost=31.48..4167.14 rows=1078 width=4)
	        Recheck Cond: ((id >= 436155) AND (id <= 437154))
	        ->  Bitmap Index Scan on sbtest3_pkey  (cost=0.00..31.21 rows=1078 width=0)
	              Index Cond: ((id >= 436155) AND (id <= 437154))

table 4 : explain SELECT SUM(k) FROM sbtest4 WHERE id BETWEEN 8707056 AND 8708055
	Aggregate  (cost=3928.55..3928.56 rows=1 width=8)
	  ->  Bitmap Heap Scan on sbtest4  (cost=30.83..3926.01 rows=1014 width=4)
	        Recheck Cond: ((id >= 8707056) AND (id <= 8708055))
	        ->  Bitmap Index Scan on sbtest4_pkey  (cost=0.00..30.57 rows=1014 width=0)
	              Index Cond: ((id >= 8707056) AND (id <= 8708055))

table 5 : explain SELECT SUM(k) FROM sbtest5 WHERE id BETWEEN 4230250 AND 4231249
	Aggregate  (cost=3630.62..3630.63 rows=1 width=8)
	  ->  Bitmap Heap Scan on sbtest5  (cost=30.01..3628.29 rows=934 width=4)
	        Recheck Cond: ((id >= 4230250) AND (id <= 4231249))
	        ->  Bitmap Index Scan on sbtest5_pkey  (cost=0.00..29.77 rows=934 width=0)
	              Index Cond: ((id >= 4230250) AND (id <= 4231249))

table 6 : explain SELECT SUM(k) FROM sbtest6 WHERE id BETWEEN 3271410 AND 3272409
	Aggregate  (cost=4024.91..4024.92 rows=1 width=8)
	  ->  Bitmap Heap Scan on sbtest6  (cost=31.08..4022.31 rows=1039 width=4)
	        Recheck Cond: ((id >= 3271410) AND (id <= 3272409))
	        ->  Bitmap Index Scan on sbtest6_pkey  (cost=0.00..30.82 rows=1039 width=0)
	              Index Cond: ((id >= 3271410) AND (id <= 3272409))

table 7 : explain SELECT SUM(k) FROM sbtest7 WHERE id BETWEEN 1871075 AND 1872074
	Aggregate  (cost=4129.91..4129.92 rows=1 width=8)
	  ->  Bitmap Heap Scan on sbtest7  (cost=31.36..4127.25 rows=1066 width=4)
	        Recheck Cond: ((id >= 1871075) AND (id <= 1872074))
	        ->  Bitmap Index Scan on sbtest7_pkey  (cost=0.00..31.09 rows=1066 width=0)
	              Index Cond: ((id >= 1871075) AND (id <= 1872074))

table 8 : explain SELECT SUM(k) FROM sbtest8 WHERE id BETWEEN 8623028 AND 8624027
	Aggregate  (cost=3912.04..3912.05 rows=1 width=8)
	  ->  Bitmap Heap Scan on sbtest8  (cost=30.78..3909.52 rows=1009 width=4)
	        Recheck Cond: ((id >= 8623028) AND (id <= 8624027))
	        ->  Bitmap Index Scan on sbtest8_pkey  (cost=0.00..30.52 rows=1009 width=0)
	              Index Cond: ((id >= 8623028) AND (id <= 8624027))

for point_selects
table 1 : explain SELECT c FROM sbtest1 WHERE id=5508943
	Index Scan using sbtest1_pkey on sbtest1  (cost=0.43..8.45 rows=1 width=121)
	  Index Cond: (id = 5508943)

table 2 : explain SELECT c FROM sbtest2 WHERE id=1062283
	Index Scan using sbtest2_pkey on sbtest2  (cost=0.43..8.45 rows=1 width=121)
	  Index Cond: (id = 1062283)

table 3 : explain SELECT c FROM sbtest3 WHERE id=3824252
	Index Scan using sbtest3_pkey on sbtest3  (cost=0.43..8.45 rows=1 width=121)
	  Index Cond: (id = 3824252)

table 4 : explain SELECT c FROM sbtest4 WHERE id=6062057
	Index Scan using sbtest4_pkey on sbtest4  (cost=0.43..8.45 rows=1 width=121)
	  Index Cond: (id = 6062057)

table 5 : explain SELECT c FROM sbtest5 WHERE id=3433534
	Index Scan using sbtest5_pkey on sbtest5  (cost=0.43..8.45 rows=1 width=121)
	  Index Cond: (id = 3433534)

table 6 : explain SELECT c FROM sbtest6 WHERE id=2032823
	Index Scan using sbtest6_pkey on sbtest6  (cost=0.43..8.45 rows=1 width=121)
	  Index Cond: (id = 2032823)

table 7 : explain SELECT c FROM sbtest7 WHERE id=3673536
	Index Scan using sbtest7_pkey on sbtest7  (cost=0.43..8.45 rows=1 width=121)
	  Index Cond: (id = 3673536)

table 8 : explain SELECT c FROM sbtest8 WHERE id=4861911
	Index Scan using sbtest8_pkey on sbtest8  (cost=0.43..8.45 rows=1 width=121)
	  Index Cond: (id = 4861911)

for: simple_ranges
table 1 : explain SELECT c FROM sbtest1 WHERE id BETWEEN 1865671 AND 1866670
	Bitmap Heap Scan on sbtest1  (cost=30.91..3954.17 rows=1022 width=121)
	  Recheck Cond: ((id >= 1865671) AND (id <= 1866670))
	  ->  Bitmap Index Scan on sbtest1_pkey  (cost=0.00..30.65 rows=1022 width=0)
	        Index Cond: ((id >= 1865671) AND (id <= 1866670))

table 2 : explain SELECT c FROM sbtest2 WHERE id BETWEEN 3809235 AND 3810234
	Bitmap Heap Scan on sbtest2  (cost=29.99..3615.95 rows=932 width=121)
	  Recheck Cond: ((id >= 3809235) AND (id <= 3810234))
	  ->  Bitmap Index Scan on sbtest2_pkey  (cost=0.00..29.75 rows=932 width=0)
	        Index Cond: ((id >= 3809235) AND (id <= 3810234))

table 3 : explain SELECT c FROM sbtest3 WHERE id BETWEEN 3897629 AND 3898628
	Bitmap Heap Scan on sbtest3  (cost=30.56..3828.00 rows=988 width=121)
	  Recheck Cond: ((id >= 3897629) AND (id <= 3898628))
	  ->  Bitmap Index Scan on sbtest3_pkey  (cost=0.00..30.32 rows=988 width=0)
	        Index Cond: ((id >= 3897629) AND (id <= 3898628))

table 4 : explain SELECT c FROM sbtest4 WHERE id BETWEEN 8758869 AND 8759868
	Bitmap Heap Scan on sbtest4  (cost=30.83..3926.01 rows=1014 width=121)
	  Recheck Cond: ((id >= 8758869) AND (id <= 8759868))
	  ->  Bitmap Index Scan on sbtest4_pkey  (cost=0.00..30.57 rows=1014 width=0)
	        Index Cond: ((id >= 8758869) AND (id <= 8759868))

table 5 : explain SELECT c FROM sbtest5 WHERE id BETWEEN 3711741 AND 3712740
	Bitmap Heap Scan on sbtest5  (cost=30.35..3753.21 rows=967 width=121)
	  Recheck Cond: ((id >= 3711741) AND (id <= 3712740))
	  ->  Bitmap Index Scan on sbtest5_pkey  (cost=0.00..30.11 rows=967 width=0)
	        Index Cond: ((id >= 3711741) AND (id <= 3712740))

table 6 : explain SELECT c FROM sbtest6 WHERE id BETWEEN 7335695 AND 7336694
	Bitmap Heap Scan on sbtest6  (cost=30.18..3690.03 rows=951 width=121)
	  Recheck Cond: ((id >= 7335695) AND (id <= 7336694))
	  ->  Bitmap Index Scan on sbtest6_pkey  (cost=0.00..29.94 rows=951 width=0)
	        Index Cond: ((id >= 7335695) AND (id <= 7336694))

table 7 : explain SELECT c FROM sbtest7 WHERE id BETWEEN 5096432 AND 5097431
	Bitmap Heap Scan on sbtest7  (cost=30.89..3953.63 rows=1020 width=121)
	  Recheck Cond: ((id >= 5096432) AND (id <= 5097431))
	  ->  Bitmap Index Scan on sbtest7_pkey  (cost=0.00..30.64 rows=1020 width=0)
	        Index Cond: ((id >= 5096432) AND (id <= 5097431))

table 8 : explain SELECT c FROM sbtest8 WHERE id BETWEEN 4571583 AND 4572582
	Bitmap Heap Scan on sbtest8  (cost=30.22..3705.50 rows=955 width=121)
	  Recheck Cond: ((id >= 4571583) AND (id <= 4572582))
	  ->  Bitmap Index Scan on sbtest8_pkey  (cost=0.00..29.98 rows=955 width=0)
	        Index Cond: ((id >= 4571583) AND (id <= 4572582))

for: simple_ranges
table 1 : explain SELECT c FROM sbtest1 WHERE id BETWEEN 1961323 AND 1962322
	Bitmap Heap Scan on sbtest1  (cost=30.82..3920.26 rows=1013 width=121)
	  Recheck Cond: ((id >= 1961323) AND (id <= 1962322))
	  ->  Bitmap Index Scan on sbtest1_pkey  (cost=0.00..30.57 rows=1013 width=0)
	        Index Cond: ((id >= 1961323) AND (id <= 1962322))

table 2 : explain SELECT c FROM sbtest2 WHERE id BETWEEN 51058 AND 52057
	Bitmap Heap Scan on sbtest2  (cost=31.05..4008.41 rows=1036 width=121)
	  Recheck Cond: ((id >= 51058) AND (id <= 52057))
	  ->  Bitmap Index Scan on sbtest2_pkey  (cost=0.00..30.79 rows=1036 width=0)
	        Index Cond: ((id >= 51058) AND (id <= 52057))

table 3 : explain SELECT c FROM sbtest3 WHERE id BETWEEN 7082271 AND 7083270
	Bitmap Heap Scan on sbtest3  (cost=30.78..3907.22 rows=1009 width=121)
	  Recheck Cond: ((id >= 7082271) AND (id <= 7083270))
	  ->  Bitmap Index Scan on sbtest3_pkey  (cost=0.00..30.52 rows=1009 width=0)
	        Index Cond: ((id >= 7082271) AND (id <= 7083270))

table 4 : explain SELECT c FROM sbtest4 WHERE id BETWEEN 8245531 AND 8246530
	Bitmap Heap Scan on sbtest4  (cost=30.53..3816.62 rows=985 width=121)
	  Recheck Cond: ((id >= 8245531) AND (id <= 8246530))
	  ->  Bitmap Index Scan on sbtest4_pkey  (cost=0.00..30.29 rows=985 width=0)
	        Index Cond: ((id >= 8245531) AND (id <= 8246530))

table 5 : explain SELECT c FROM sbtest5 WHERE id BETWEEN 782249 AND 783248
	Bitmap Heap Scan on sbtest5  (cost=29.72..3522.18 rows=906 width=121)
	  Recheck Cond: ((id >= 782249) AND (id <= 783248))
	  ->  Bitmap Index Scan on sbtest5_pkey  (cost=0.00..29.50 rows=906 width=0)
	        Index Cond: ((id >= 782249) AND (id <= 783248))

table 6 : explain SELECT c FROM sbtest6 WHERE id BETWEEN 8190884 AND 8191883
	Bitmap Heap Scan on sbtest6  (cost=31.30..4101.46 rows=1060 width=121)
	  Recheck Cond: ((id >= 8190884) AND (id <= 8191883))
	  ->  Bitmap Index Scan on sbtest6_pkey  (cost=0.00..31.04 rows=1060 width=0)
	        Index Cond: ((id >= 8190884) AND (id <= 8191883))

table 7 : explain SELECT c FROM sbtest7 WHERE id BETWEEN 7199581 AND 7200580
	Bitmap Heap Scan on sbtest7  (cost=30.74..3896.96 rows=1005 width=121)
	  Recheck Cond: ((id >= 7199581) AND (id <= 7200580))
	  ->  Bitmap Index Scan on sbtest7_pkey  (cost=0.00..30.48 rows=1005 width=0)
	        Index Cond: ((id >= 7199581) AND (id <= 7200580))

table 8 : explain SELECT c FROM sbtest8 WHERE id BETWEEN 7018680 AND 7019679
	Bitmap Heap Scan on sbtest8  (cost=30.18..3690.37 rows=951 width=121)
	  Recheck Cond: ((id >= 7018680) AND (id <= 7019679))
	  ->  Bitmap Index Scan on sbtest8_pkey  (cost=0.00..29.94 rows=951 width=0)
	        Index Cond: ((id >= 7018680) AND (id <= 7019679))

for: order_ranges
table 1 : explain SELECT c FROM sbtest1 WHERE id BETWEEN 4854341 AND 4855340 ORDER BY c
	Sort  (cost=3783.27..3785.68 rows=964 width=121)
	  Sort Key: c
	  ->  Bitmap Heap Scan on sbtest1  (cost=30.32..3735.49 rows=964 width=121)
	        Recheck Cond: ((id >= 4854341) AND (id <= 4855340))
	        ->  Bitmap Index Scan on sbtest1_pkey  (cost=0.00..30.07 rows=964 width=0)
	              Index Cond: ((id >= 4854341) AND (id <= 4855340))

table 2 : explain SELECT c FROM sbtest2 WHERE id BETWEEN 5477551 AND 5478550 ORDER BY c
	Sort  (cost=3573.48..3575.75 rows=910 width=121)
	  Sort Key: c
	  ->  Bitmap Heap Scan on sbtest2  (cost=25.76..3528.75 rows=910 width=121)
	        Recheck Cond: ((id >= 5477551) AND (id <= 5478550))
	        ->  Bitmap Index Scan on sbtest2_pkey  (cost=0.00..25.54 rows=910 width=0)
	              Index Cond: ((id >= 5477551) AND (id <= 5478550))

table 3 : explain SELECT c FROM sbtest3 WHERE id BETWEEN 8232648 AND 8233647 ORDER BY c
	Sort  (cost=4034.11..4036.68 rows=1029 width=121)
	  Sort Key: c
	  ->  Bitmap Heap Scan on sbtest3  (cost=30.98..3982.62 rows=1029 width=121)
	        Recheck Cond: ((id >= 8232648) AND (id <= 8233647))
	        ->  Bitmap Index Scan on sbtest3_pkey  (cost=0.00..30.72 rows=1029 width=0)
	              Index Cond: ((id >= 8232648) AND (id <= 8233647))

table 4 : explain SELECT c FROM sbtest4 WHERE id BETWEEN 1343855 AND 1344854 ORDER BY c
	Sort  (cost=3819.61..3822.04 rows=973 width=121)
	  Sort Key: c
	  ->  Bitmap Heap Scan on sbtest4  (cost=30.41..3771.32 rows=973 width=121)
	        Recheck Cond: ((id >= 1343855) AND (id <= 1344854))
	        ->  Bitmap Index Scan on sbtest4_pkey  (cost=0.00..30.16 rows=973 width=0)
	              Index Cond: ((id >= 1343855) AND (id <= 1344854))

table 5 : explain SELECT c FROM sbtest5 WHERE id BETWEEN 9425270 AND 9426269 ORDER BY c
	Sort  (cost=4368.28..4371.07 rows=1115 width=121)
	  Sort Key: c
	  ->  Bitmap Heap Scan on sbtest5  (cost=31.86..4311.85 rows=1115 width=121)
	        Recheck Cond: ((id >= 9425270) AND (id <= 9426269))
	        ->  Bitmap Index Scan on sbtest5_pkey  (cost=0.00..31.58 rows=1115 width=0)
	              Index Cond: ((id >= 9425270) AND (id <= 9426269))

table 6 : explain SELECT c FROM sbtest6 WHERE id BETWEEN 2709211 AND 2710210 ORDER BY c
	Sort  (cost=4036.09..4038.66 rows=1029 width=121)
	  Sort Key: c
	  ->  Bitmap Heap Scan on sbtest6  (cost=30.98..3984.60 rows=1029 width=121)
	        Recheck Cond: ((id >= 2709211) AND (id <= 2710210))
	        ->  Bitmap Index Scan on sbtest6_pkey  (cost=0.00..30.72 rows=1029 width=0)
	              Index Cond: ((id >= 2709211) AND (id <= 2710210))

table 7 : explain SELECT c FROM sbtest7 WHERE id BETWEEN 7424439 AND 7425438 ORDER BY c
	Sort  (cost=3966.25..3968.78 rows=1010 width=121)
	  Sort Key: c
	  ->  Bitmap Heap Scan on sbtest7  (cost=30.79..3915.85 rows=1010 width=121)
	        Recheck Cond: ((id >= 7424439) AND (id <= 7425438))
	        ->  Bitmap Index Scan on sbtest7_pkey  (cost=0.00..30.54 rows=1010 width=0)
	              Index Cond: ((id >= 7424439) AND (id <= 7425438))

table 8 : explain SELECT c FROM sbtest8 WHERE id BETWEEN 6116559 AND 6117558 ORDER BY c
	Sort  (cost=3587.46..3589.74 rows=913 width=121)
	  Sort Key: c
	  ->  Bitmap Heap Scan on sbtest8  (cost=25.79..3542.57 rows=913 width=121)
	        Recheck Cond: ((id >= 6116559) AND (id <= 6117558))
	        ->  Bitmap Index Scan on sbtest8_pkey  (cost=0.00..25.57 rows=913 width=0)
	              Index Cond: ((id >= 6116559) AND (id <= 6117558))

explain: for point_selects :: explain SELECT c FROM sbtest%u WHERE id=%u
for: simple_ranges
table 1 : explain SELECT c FROM sbtest1 WHERE id BETWEEN 2071477 AND 2072476
	Bitmap Heap Scan on sbtest1  (cost=30.73..3886.35 rows=1004 width=121)
	  Recheck Cond: ((id >= 2071477) AND (id <= 2072476))
	  ->  Bitmap Index Scan on sbtest1_pkey  (cost=0.00..30.47 rows=1004 width=0)
	        Index Cond: ((id >= 2071477) AND (id <= 2072476))

table 2 : explain SELECT c FROM sbtest2 WHERE id BETWEEN 8352439 AND 8353438
	Bitmap Heap Scan on sbtest2  (cost=30.08..3649.97 rows=941 width=121)
	  Recheck Cond: ((id >= 8352439) AND (id <= 8353438))
	  ->  Bitmap Index Scan on sbtest2_pkey  (cost=0.00..29.84 rows=941 width=0)
	        Index Cond: ((id >= 8352439) AND (id <= 8353438))

table 3 : explain SELECT c FROM sbtest3 WHERE id BETWEEN 5088855 AND 5089854
	Bitmap Heap Scan on sbtest3  (cost=30.77..3903.45 rows=1008 width=121)
	  Recheck Cond: ((id >= 5088855) AND (id <= 5089854))
	  ->  Bitmap Index Scan on sbtest3_pkey  (cost=0.00..30.51 rows=1008 width=0)
	        Index Cond: ((id >= 5088855) AND (id <= 5089854))

table 4 : explain SELECT c FROM sbtest4 WHERE id BETWEEN 5072015 AND 5073014
	Bitmap Heap Scan on sbtest4  (cost=31.81..4287.41 rows=1110 width=121)
	  Recheck Cond: ((id >= 5072015) AND (id <= 5073014))
	  ->  Bitmap Index Scan on sbtest4_pkey  (cost=0.00..31.54 rows=1110 width=0)
	        Index Cond: ((id >= 5072015) AND (id <= 5073014))

table 5 : explain SELECT c FROM sbtest5 WHERE id BETWEEN 2001215 AND 2002214
	Bitmap Heap Scan on sbtest5  (cost=31.06..4017.76 rows=1037 width=121)
	  Recheck Cond: ((id >= 2001215) AND (id <= 2002214))
	  ->  Bitmap Index Scan on sbtest5_pkey  (cost=0.00..30.80 rows=1037 width=0)
	        Index Cond: ((id >= 2001215) AND (id <= 2002214))

table 6 : explain SELECT c FROM sbtest6 WHERE id BETWEEN 6105846 AND 6106845
	Bitmap Heap Scan on sbtest6  (cost=31.08..4022.31 rows=1039 width=121)
	  Recheck Cond: ((id >= 6105846) AND (id <= 6106845))
	  ->  Bitmap Index Scan on sbtest6_pkey  (cost=0.00..30.82 rows=1039 width=0)
	        Index Cond: ((id >= 6105846) AND (id <= 6106845))

table 7 : explain SELECT c FROM sbtest7 WHERE id BETWEEN 8395698 AND 8396697
	Bitmap Heap Scan on sbtest7  (cost=30.07..3651.06 rows=940 width=121)
	  Recheck Cond: ((id >= 8395698) AND (id <= 8396697))
	  ->  Bitmap Index Scan on sbtest7_pkey  (cost=0.00..29.83 rows=940 width=0)
	        Index Cond: ((id >= 8395698) AND (id <= 8396697))

table 8 : explain SELECT c FROM sbtest8 WHERE id BETWEEN 6549780 AND 6550779
	Bitmap Heap Scan on sbtest8  (cost=30.40..3769.77 rows=972 width=121)
	  Recheck Cond: ((id >= 6549780) AND (id <= 6550779))
	  ->  Bitmap Index Scan on sbtest8_pkey  (cost=0.00..30.15 rows=972 width=0)
	        Index Cond: ((id >= 6549780) AND (id <= 6550779))

explain: for point_selects :: explain SELECT c FROM sbtest%u WHERE id=%u
for: order_ranges
table 1 : explain SELECT c FROM sbtest1 WHERE id BETWEEN 3369506 AND 3370505 ORDER BY c
	Sort  (cost=4524.48..4527.37 rows=1158 width=121)
	  Sort Key: c
	  ->  Bitmap Heap Scan on sbtest1  (cost=36.30..4465.55 rows=1158 width=121)
	        Recheck Cond: ((id >= 3369506) AND (id <= 3370505))
	        ->  Bitmap Index Scan on sbtest1_pkey  (cost=0.00..36.02 rows=1158 width=0)
	              Index Cond: ((id >= 3369506) AND (id <= 3370505))

table 2 : explain SELECT c FROM sbtest2 WHERE id BETWEEN 4049490 AND 4050489 ORDER BY c
	Sort  (cost=4018.22..4020.78 rows=1025 width=121)
	  Sort Key: c
	  ->  Bitmap Heap Scan on sbtest2  (cost=30.94..3966.96 rows=1025 width=121)
	        Recheck Cond: ((id >= 4049490) AND (id <= 4050489))
	        ->  Bitmap Index Scan on sbtest2_pkey  (cost=0.00..30.68 rows=1025 width=0)
	              Index Cond: ((id >= 4049490) AND (id <= 4050489))

table 3 : explain SELECT c FROM sbtest3 WHERE id BETWEEN 2802791 AND 2803790 ORDER BY c
	Sort  (cost=3750.66..3753.05 rows=955 width=121)
	  Sort Key: c
	  ->  Bitmap Heap Scan on sbtest3  (cost=30.22..3703.39 rows=955 width=121)
	        Recheck Cond: ((id >= 2802791) AND (id <= 2803790))
	        ->  Bitmap Index Scan on sbtest3_pkey  (cost=0.00..29.98 rows=955 width=0)
	              Index Cond: ((id >= 2802791) AND (id <= 2803790))

table 4 : explain SELECT c FROM sbtest4 WHERE id BETWEEN 7711344 AND 7712343 ORDER BY c
	Sort  (cost=3995.78..3998.33 rows=1019 width=121)
	  Sort Key: c
	  ->  Bitmap Heap Scan on sbtest4  (cost=30.88..3944.87 rows=1019 width=121)
	        Recheck Cond: ((id >= 7711344) AND (id <= 7712343))
	        ->  Bitmap Index Scan on sbtest4_pkey  (cost=0.00..30.62 rows=1019 width=0)
	              Index Cond: ((id >= 7711344) AND (id <= 7712343))

table 5 : explain SELECT c FROM sbtest5 WHERE id BETWEEN 9851202 AND 9852201 ORDER BY c
	Sort  (cost=3793.48..3795.90 rows=965 width=121)
	  Sort Key: c
	  ->  Bitmap Heap Scan on sbtest5  (cost=30.33..3745.65 rows=965 width=121)
	        Recheck Cond: ((id >= 9851202) AND (id <= 9852201))
	        ->  Bitmap Index Scan on sbtest5_pkey  (cost=0.00..30.08 rows=965 width=0)
	              Index Cond: ((id >= 9851202) AND (id <= 9852201))

table 6 : explain SELECT c FROM sbtest6 WHERE id BETWEEN 1719610 AND 1720609 ORDER BY c
	Sort  (cost=4196.80..4199.47 rows=1071 width=121)
	  Sort Key: c
	  ->  Bitmap Heap Scan on sbtest6  (cost=31.41..4142.90 rows=1071 width=121)
	        Recheck Cond: ((id >= 1719610) AND (id <= 1720609))
	        ->  Bitmap Index Scan on sbtest6_pkey  (cost=0.00..31.14 rows=1071 width=0)
	              Index Cond: ((id >= 1719610) AND (id <= 1720609))

table 7 : explain SELECT c FROM sbtest7 WHERE id BETWEEN 3607384 AND 3608383 ORDER BY c
	Sort  (cost=4119.58..4122.20 rows=1050 width=121)
	  Sort Key: c
	  ->  Bitmap Heap Scan on sbtest7  (cost=31.20..4066.89 rows=1050 width=121)
	        Recheck Cond: ((id >= 3607384) AND (id <= 3608383))
	        ->  Bitmap Index Scan on sbtest7_pkey  (cost=0.00..30.93 rows=1050 width=0)
	              Index Cond: ((id >= 3607384) AND (id <= 3608383))

table 8 : explain SELECT c FROM sbtest8 WHERE id BETWEEN 5264386 AND 5265385 ORDER BY c
	Sort  (cost=4136.00..4138.63 rows=1055 width=121)
	  Sort Key: c
	  ->  Bitmap Heap Scan on sbtest8  (cost=31.25..4083.02 rows=1055 width=121)
	        Recheck Cond: ((id >= 5264386) AND (id <= 5265385))
	        ->  Bitmap Index Scan on sbtest8_pkey  (cost=0.00..30.98 rows=1055 width=0)
	              Index Cond: ((id >= 5264386) AND (id <= 5265385))

for point_selects
table 1 : explain SELECT c FROM sbtest1 WHERE id=8113917
	Index Scan using sbtest1_pkey on sbtest1  (cost=0.43..8.45 rows=1 width=121)
	  Index Cond: (id = 8113917)

table 2 : explain SELECT c FROM sbtest2 WHERE id=2771743
	Index Scan using sbtest2_pkey on sbtest2  (cost=0.43..8.45 rows=1 width=121)
	  Index Cond: (id = 2771743)

table 3 : explain SELECT c FROM sbtest3 WHERE id=8725992
	Index Scan using sbtest3_pkey on sbtest3  (cost=0.43..8.45 rows=1 width=121)
	  Index Cond: (id = 8725992)

table 4 : explain SELECT c FROM sbtest4 WHERE id=8179960
	Index Scan using sbtest4_pkey on sbtest4  (cost=0.43..8.45 rows=1 width=121)
	  Index Cond: (id = 8179960)

table 5 : explain SELECT c FROM sbtest5 WHERE id=8195309
	Index Scan using sbtest5_pkey on sbtest5  (cost=0.43..8.45 rows=1 width=121)
	  Index Cond: (id = 8195309)

table 6 : explain SELECT c FROM sbtest6 WHERE id=2060552
	Index Scan using sbtest6_pkey on sbtest6  (cost=0.43..8.45 rows=1 width=121)
	  Index Cond: (id = 2060552)

table 7 : explain SELECT c FROM sbtest7 WHERE id=5468666
	Index Scan using sbtest7_pkey on sbtest7  (cost=0.43..8.45 rows=1 width=121)
	  Index Cond: (id = 5468666)

table 8 : explain SELECT c FROM sbtest8 WHERE id=930548
	Index Scan using sbtest8_pkey on sbtest8  (cost=0.43..8.45 rows=1 width=121)
	  Index Cond: (id = 930548)

for: distinct_ranges
table 1 : explain SELECT DISTINCT c FROM sbtest1 WHERE id BETWEEN 9624353 AND 9625352 ORDER BY c
	Unique  (cost=4272.63..4278.09 rows=1092 width=121)
	  ->  Sort  (cost=4272.63..4275.36 rows=1092 width=121)
	        Sort Key: c
	        ->  Bitmap Heap Scan on sbtest1  (cost=31.63..4217.52 rows=1092 width=121)
	              Recheck Cond: ((id >= 9624353) AND (id <= 9625352))
	              ->  Bitmap Index Scan on sbtest1_pkey  (cost=0.00..31.36 rows=1092 width=0)
	                    Index Cond: ((id >= 9624353) AND (id <= 9625352))

table 2 : explain SELECT DISTINCT c FROM sbtest2 WHERE id BETWEEN 3945597 AND 3946596 ORDER BY c
	Unique  (cost=4006.74..4011.85 rows=1022 width=121)
	  ->  Sort  (cost=4006.74..4009.30 rows=1022 width=121)
	        Sort Key: c
	        ->  Bitmap Heap Scan on sbtest2  (cost=30.91..3955.66 rows=1022 width=121)
	              Recheck Cond: ((id >= 3945597) AND (id <= 3946596))
	              ->  Bitmap Index Scan on sbtest2_pkey  (cost=0.00..30.65 rows=1022 width=0)
	                    Index Cond: ((id >= 3945597) AND (id <= 3946596))

table 3 : explain SELECT DISTINCT c FROM sbtest3 WHERE id BETWEEN 6563671 AND 6564670 ORDER BY c
	Unique  (cost=3911.61..3916.60 rows=997 width=121)
	  ->  Sort  (cost=3911.61..3914.11 rows=997 width=121)
	        Sort Key: c
	        ->  Bitmap Heap Scan on sbtest3  (cost=30.65..3861.96 rows=997 width=121)
	              Recheck Cond: ((id >= 6563671) AND (id <= 6564670))
	              ->  Bitmap Index Scan on sbtest3_pkey  (cost=0.00..30.40 rows=997 width=0)
	                    Index Cond: ((id >= 6563671) AND (id <= 6564670))

table 4 : explain SELECT DISTINCT c FROM sbtest4 WHERE id BETWEEN 2511355 AND 2512354 ORDER BY c
	Unique  (cost=4351.19..4356.75 rows=1112 width=121)
	  ->  Sort  (cost=4351.19..4353.97 rows=1112 width=121)
	        Sort Key: c
	        ->  Bitmap Heap Scan on sbtest4  (cost=31.83..4294.93 rows=1112 width=121)
	              Recheck Cond: ((id >= 2511355) AND (id <= 2512354))
	              ->  Bitmap Index Scan on sbtest4_pkey  (cost=0.00..31.55 rows=1112 width=0)
	                    Index Cond: ((id >= 2511355) AND (id <= 2512354))

table 5 : explain SELECT DISTINCT c FROM sbtest5 WHERE id BETWEEN 2855446 AND 2856445 ORDER BY c
	Unique  (cost=4238.22..4243.62 rows=1081 width=121)
	  ->  Sort  (cost=4238.22..4240.92 rows=1081 width=121)
	        Sort Key: c
	        ->  Bitmap Heap Scan on sbtest5  (cost=31.52..4183.74 rows=1081 width=121)
	              Recheck Cond: ((id >= 2855446) AND (id <= 2856445))
	              ->  Bitmap Index Scan on sbtest5_pkey  (cost=0.00..31.25 rows=1081 width=0)
	                    Index Cond: ((id >= 2855446) AND (id <= 2856445))

table 6 : explain SELECT DISTINCT c FROM sbtest6 WHERE id BETWEEN 1626959 AND 1627958 ORDER BY c
	Unique  (cost=3832.99..3837.87 rows=976 width=121)
	  ->  Sort  (cost=3832.99..3835.43 rows=976 width=121)
	        Sort Key: c
	        ->  Bitmap Heap Scan on sbtest6  (cost=30.44..3784.53 rows=976 width=121)
	              Recheck Cond: ((id >= 1626959) AND (id <= 1627958))
	              ->  Bitmap Index Scan on sbtest6_pkey  (cost=0.00..30.19 rows=976 width=0)
	                    Index Cond: ((id >= 1626959) AND (id <= 1627958))

table 7 : explain SELECT DISTINCT c FROM sbtest7 WHERE id BETWEEN 4759801 AND 4760800 ORDER BY c
	Unique  (cost=4222.97..4228.35 rows=1077 width=121)
	  ->  Sort  (cost=4222.97..4225.66 rows=1077 width=121)
	        Sort Key: c
	        ->  Bitmap Heap Scan on sbtest7  (cost=31.47..4168.73 rows=1077 width=121)
	              Recheck Cond: ((id >= 4759801) AND (id <= 4760800))
	              ->  Bitmap Index Scan on sbtest7_pkey  (cost=0.00..31.20 rows=1077 width=0)
	                    Index Cond: ((id >= 4759801) AND (id <= 4760800))

table 8 : explain SELECT DISTINCT c FROM sbtest8 WHERE id BETWEEN 441060 AND 442059 ORDER BY c
	Unique  (cost=4220.15..4225.53 rows=1077 width=121)
	  ->  Sort  (cost=4220.15..4222.84 rows=1077 width=121)
	        Sort Key: c
	        ->  Bitmap Heap Scan on sbtest8  (cost=31.47..4165.91 rows=1077 width=121)
	              Recheck Cond: ((id >= 441060) AND (id <= 442059))
	              ->  Bitmap Index Scan on sbtest8_pkey  (cost=0.00..31.20 rows=1077 width=0)
	                    Index Cond: ((id >= 441060) AND (id <= 442059))

for: sum_ranges
table 1 : explain SELECT SUM(k) FROM sbtest1 WHERE id BETWEEN 4661586 AND 4662585
	Aggregate  (cost=4126.20..4126.21 rows=1 width=8)
	  ->  Bitmap Heap Scan on sbtest1  (cost=31.37..4123.54 rows=1067 width=4)
	        Recheck Cond: ((id >= 4661586) AND (id <= 4662585))
	        ->  Bitmap Index Scan on sbtest1_pkey  (cost=0.00..31.11 rows=1067 width=0)
	              Index Cond: ((id >= 4661586) AND (id <= 4662585))

table 2 : explain SELECT SUM(k) FROM sbtest2 WHERE id BETWEEN 8359857 AND 8360856
	Aggregate  (cost=3652.32..3652.33 rows=1 width=8)
	  ->  Bitmap Heap Scan on sbtest2  (cost=30.08..3649.97 rows=941 width=4)
	        Recheck Cond: ((id >= 8359857) AND (id <= 8360856))
	        ->  Bitmap Index Scan on sbtest2_pkey  (cost=0.00..29.84 rows=941 width=0)
	              Index Cond: ((id >= 8359857) AND (id <= 8360856))

table 3 : explain SELECT SUM(k) FROM sbtest3 WHERE id BETWEEN 4042427 AND 4043426
	Aggregate  (cost=4169.84..4169.85 rows=1 width=8)
	  ->  Bitmap Heap Scan on sbtest3  (cost=31.48..4167.14 rows=1078 width=4)
	        Recheck Cond: ((id >= 4042427) AND (id <= 4043426))
	        ->  Bitmap Index Scan on sbtest3_pkey  (cost=0.00..31.21 rows=1078 width=0)
	              Index Cond: ((id >= 4042427) AND (id <= 4043426))

table 4 : explain SELECT SUM(k) FROM sbtest4 WHERE id BETWEEN 575013 AND 576012
	Aggregate  (cost=3607.17..3607.18 rows=1 width=8)
	  ->  Bitmap Heap Scan on sbtest4  (cost=25.97..3604.84 rows=930 width=4)
	        Recheck Cond: ((id >= 575013) AND (id <= 576012))
	        ->  Bitmap Index Scan on sbtest4_pkey  (cost=0.00..25.73 rows=930 width=0)
	              Index Cond: ((id >= 575013) AND (id <= 576012))

table 5 : explain SELECT SUM(k) FROM sbtest5 WHERE id BETWEEN 6447169 AND 6448168
	Aggregate  (cost=3982.57..3982.58 rows=1 width=8)
	  ->  Bitmap Heap Scan on sbtest5  (cost=30.96..3980.01 rows=1027 width=4)
	        Recheck Cond: ((id >= 6447169) AND (id <= 6448168))
	        ->  Bitmap Index Scan on sbtest5_pkey  (cost=0.00..30.70 rows=1027 width=0)
	              Index Cond: ((id >= 6447169) AND (id <= 6448168))

table 6 : explain SELECT SUM(k) FROM sbtest6 WHERE id BETWEEN 7068201 AND 7069200
	Aggregate  (cost=3972.07..3972.08 rows=1 width=8)
	  ->  Bitmap Heap Scan on sbtest6  (cost=30.94..3969.51 rows=1025 width=4)
	        Recheck Cond: ((id >= 7068201) AND (id <= 7069200))
	        ->  Bitmap Index Scan on sbtest6_pkey  (cost=0.00..30.68 rows=1025 width=0)
	              Index Cond: ((id >= 7068201) AND (id <= 7069200))

table 7 : explain SELECT SUM(k) FROM sbtest7 WHERE id BETWEEN 2212009 AND 2213008
	Aggregate  (cost=3619.30..3619.31 rows=1 width=8)
	  ->  Bitmap Heap Scan on sbtest7  (cost=29.98..3616.97 rows=931 width=4)
	        Recheck Cond: ((id >= 2212009) AND (id <= 2213008))
	        ->  Bitmap Index Scan on sbtest7_pkey  (cost=0.00..29.75 rows=931 width=0)
	              Index Cond: ((id >= 2212009) AND (id <= 2213008))

table 8 : explain SELECT SUM(k) FROM sbtest8 WHERE id BETWEEN 9947844 AND 9948843
	Aggregate  (cost=3866.70..3866.71 rows=1 width=8)
	  ->  Bitmap Heap Scan on sbtest8  (cost=30.65..3864.21 rows=997 width=4)
	        Recheck Cond: ((id >= 9947844) AND (id <= 9948843))
	        ->  Bitmap Index Scan on sbtest8_pkey  (cost=0.00..30.40 rows=997 width=0)
	              Index Cond: ((id >= 9947844) AND (id <= 9948843))

for: order_ranges
table 1 : explain SELECT c FROM sbtest1 WHERE id BETWEEN 6629493 AND 6630492 ORDER BY c
	Sort  (cost=3829.23..3831.67 rows=976 width=121)
	  Sort Key: c
	  ->  Bitmap Heap Scan on sbtest1  (cost=30.44..3780.77 rows=976 width=121)
	        Recheck Cond: ((id >= 6629493) AND (id <= 6630492))
	        ->  Bitmap Index Scan on sbtest1_pkey  (cost=0.00..30.19 rows=976 width=0)
	              Index Cond: ((id >= 6629493) AND (id <= 6630492))

table 2 : explain SELECT c FROM sbtest2 WHERE id BETWEEN 3131299 AND 3132298 ORDER BY c
	Sort  (cost=3654.08..3656.41 rows=931 width=121)
	  Sort Key: c
	  ->  Bitmap Heap Scan on sbtest2  (cost=25.98..3608.17 rows=931 width=121)
	        Recheck Cond: ((id >= 3131299) AND (id <= 3132298))
	        ->  Bitmap Index Scan on sbtest2_pkey  (cost=0.00..25.75 rows=931 width=0)
	              Index Cond: ((id >= 3131299) AND (id <= 3132298))

table 3 : explain SELECT c FROM sbtest3 WHERE id BETWEEN 2133189 AND 2134188 ORDER BY c
	Sort  (cost=3485.60..3487.82 rows=887 width=121)
	  Sort Key: c
	  ->  Bitmap Heap Scan on sbtest3  (cost=25.53..3442.17 rows=887 width=121)
	        Recheck Cond: ((id >= 2133189) AND (id <= 2134188))
	        ->  Bitmap Index Scan on sbtest3_pkey  (cost=0.00..25.30 rows=887 width=0)
	              Index Cond: ((id >= 2133189) AND (id <= 2134188))

table 4 : explain SELECT c FROM sbtest4 WHERE id BETWEEN 4761473 AND 4762472 ORDER BY c
	Sort  (cost=4206.09..4208.78 rows=1074 width=121)
	  Sort Key: c
	  ->  Bitmap Heap Scan on sbtest4  (cost=31.44..4152.02 rows=1074 width=121)
	        Recheck Cond: ((id >= 4761473) AND (id <= 4762472))
	        ->  Bitmap Index Scan on sbtest4_pkey  (cost=0.00..31.18 rows=1074 width=0)
	              Index Cond: ((id >= 4761473) AND (id <= 4762472))

table 5 : explain SELECT c FROM sbtest5 WHERE id BETWEEN 1061135 AND 1062134 ORDER BY c
	Sort  (cost=3766.60..3768.99 rows=958 width=121)
	  Sort Key: c
	  ->  Bitmap Heap Scan on sbtest5  (cost=30.25..3719.16 rows=958 width=121)
	        Recheck Cond: ((id >= 1061135) AND (id <= 1062134))
	        ->  Bitmap Index Scan on sbtest5_pkey  (cost=0.00..30.01 rows=958 width=0)
	              Index Cond: ((id >= 1061135) AND (id <= 1062134))

table 6 : explain SELECT c FROM sbtest6 WHERE id BETWEEN 8887554 AND 8888553 ORDER BY c
	Sort  (cost=4189.15..4191.82 rows=1069 width=121)
	  Sort Key: c
	  ->  Bitmap Heap Scan on sbtest6  (cost=31.39..4135.37 rows=1069 width=121)
	        Recheck Cond: ((id >= 8887554) AND (id <= 8888553))
	        ->  Bitmap Index Scan on sbtest6_pkey  (cost=0.00..31.12 rows=1069 width=0)
	              Index Cond: ((id >= 8887554) AND (id <= 8888553))

table 7 : explain SELECT c FROM sbtest7 WHERE id BETWEEN 131186 AND 132185 ORDER BY c
	Sort  (cost=4096.59..4099.20 rows=1044 width=121)
	  Sort Key: c
	  ->  Bitmap Heap Scan on sbtest7  (cost=31.14..4044.24 rows=1044 width=121)
	        Recheck Cond: ((id >= 131186) AND (id <= 132185))
	        ->  Bitmap Index Scan on sbtest7_pkey  (cost=0.00..30.87 rows=1044 width=0)
	              Index Cond: ((id >= 131186) AND (id <= 132185))

table 8 : explain SELECT c FROM sbtest8 WHERE id BETWEEN 6687385 AND 6688384 ORDER BY c
	Sort  (cost=4143.65..4146.29 rows=1057 width=121)
	  Sort Key: c
	  ->  Bitmap Heap Scan on sbtest8  (cost=31.27..4090.56 rows=1057 width=121)
	        Recheck Cond: ((id >= 6687385) AND (id <= 6688384))
	        ->  Bitmap Index Scan on sbtest8_pkey  (cost=0.00..31.00 rows=1057 width=0)
	              Index Cond: ((id >= 6687385) AND (id <= 6688384))

for: sum_ranges
table 1 : explain SELECT SUM(k) FROM sbtest1 WHERE id BETWEEN 3238311 AND 3239310
	Aggregate  (cost=3922.80..3922.81 rows=1 width=8)
	  ->  Bitmap Heap Scan on sbtest1  (cost=30.82..3920.26 rows=1013 width=4)
	        Recheck Cond: ((id >= 3238311) AND (id <= 3239310))
	        ->  Bitmap Index Scan on sbtest1_pkey  (cost=0.00..30.57 rows=1013 width=0)
	              Index Cond: ((id >= 3238311) AND (id <= 3239310))

table 2 : explain SELECT SUM(k) FROM sbtest2 WHERE id BETWEEN 9426846 AND 9427845
	Aggregate  (cost=3542.39..3542.40 rows=1 width=8)
	  ->  Bitmap Heap Scan on sbtest2  (cost=25.79..3540.10 rows=913 width=4)
	        Recheck Cond: ((id >= 9426846) AND (id <= 9427845))
	        ->  Bitmap Index Scan on sbtest2_pkey  (cost=0.00..25.57 rows=913 width=0)
	              Index Cond: ((id >= 9426846) AND (id <= 9427845))

table 3 : explain SELECT SUM(k) FROM sbtest3 WHERE id BETWEEN 4322002 AND 4323001
	Aggregate  (cost=3493.64..3493.65 rows=1 width=8)
	  ->  Bitmap Heap Scan on sbtest3  (cost=25.66..3491.39 rows=900 width=4)
	        Recheck Cond: ((id >= 4322002) AND (id <= 4323001))
	        ->  Bitmap Index Scan on sbtest3_pkey  (cost=0.00..25.43 rows=900 width=0)
	              Index Cond: ((id >= 4322002) AND (id <= 4323001))

table 4 : explain SELECT SUM(k) FROM sbtest4 WHERE id BETWEEN 6176250 AND 6177249
	Aggregate  (cost=4271.38..4271.39 rows=1 width=8)
	  ->  Bitmap Heap Scan on sbtest4  (cost=31.76..4268.62 rows=1105 width=4)
	        Recheck Cond: ((id >= 6176250) AND (id <= 6177249))
	        ->  Bitmap Index Scan on sbtest4_pkey  (cost=0.00..31.48 rows=1105 width=0)
	              Index Cond: ((id >= 6176250) AND (id <= 6177249))

table 5 : explain SELECT SUM(k) FROM sbtest5 WHERE id BETWEEN 7377196 AND 7378195
	Aggregate  (cost=3876.72..3876.73 rows=1 width=8)
	  ->  Bitmap Heap Scan on sbtest5  (cost=30.67..3874.23 rows=999 width=4)
	        Recheck Cond: ((id >= 7377196) AND (id <= 7378195))
	        ->  Bitmap Index Scan on sbtest5_pkey  (cost=0.00..30.43 rows=999 width=0)
	              Index Cond: ((id >= 7377196) AND (id <= 7378195))

table 6 : explain SELECT SUM(k) FROM sbtest6 WHERE id BETWEEN 9289060 AND 9290059
	Aggregate  (cost=3620.49..3620.50 rows=1 width=8)
	  ->  Bitmap Heap Scan on sbtest6  (cost=29.99..3618.16 rows=932 width=4)
	        Recheck Cond: ((id >= 9289060) AND (id <= 9290059))
	        ->  Bitmap Index Scan on sbtest6_pkey  (cost=0.00..29.75 rows=932 width=0)
	              Index Cond: ((id >= 9289060) AND (id <= 9290059))

table 7 : explain SELECT SUM(k) FROM sbtest7 WHERE id BETWEEN 6142797 AND 6143796
	Aggregate  (cost=3933.50..3933.51 rows=1 width=8)
	  ->  Bitmap Heap Scan on sbtest7  (cost=30.83..3930.96 rows=1014 width=4)
	        Recheck Cond: ((id >= 6142797) AND (id <= 6143796))
	        ->  Bitmap Index Scan on sbtest7_pkey  (cost=0.00..30.57 rows=1014 width=0)
	              Index Cond: ((id >= 6142797) AND (id <= 6143796))

table 8 : explain SELECT SUM(k) FROM sbtest8 WHERE id BETWEEN 2181006 AND 2182005
	Aggregate  (cost=4206.28..4206.29 rows=1 width=8)
	  ->  Bitmap Heap Scan on sbtest8  (cost=31.58..4203.57 rows=1087 width=4)
	        Recheck Cond: ((id >= 2181006) AND (id <= 2182005))
	        ->  Bitmap Index Scan on sbtest8_pkey  (cost=0.00..31.30 rows=1087 width=0)
	              Index Cond: ((id >= 2181006) AND (id <= 2182005))

for: distinct_ranges
table 1 : explain SELECT DISTINCT c FROM sbtest1 WHERE id BETWEEN 4215686 AND 4216685 ORDER BY c
	Unique  (cost=3963.18..3968.24 rows=1011 width=121)
	  ->  Sort  (cost=3963.18..3965.71 rows=1011 width=121)
	        Sort Key: c
	        ->  Bitmap Heap Scan on sbtest1  (cost=30.80..3912.73 rows=1011 width=121)
	              Recheck Cond: ((id >= 4215686) AND (id <= 4216685))
	              ->  Bitmap Index Scan on sbtest1_pkey  (cost=0.00..30.54 rows=1011 width=0)
	                    Index Cond: ((id >= 4215686) AND (id <= 4216685))

table 2 : explain SELECT DISTINCT c FROM sbtest2 WHERE id BETWEEN 3007138 AND 3008137 ORDER BY c
	Unique  (cost=3853.61..3858.52 rows=982 width=121)
	  ->  Sort  (cost=3853.61..3856.07 rows=982 width=121)
	        Sort Key: c
	        ->  Bitmap Heap Scan on sbtest2  (cost=30.50..3804.81 rows=982 width=121)
	              Recheck Cond: ((id >= 3007138) AND (id <= 3008137))
	              ->  Bitmap Index Scan on sbtest2_pkey  (cost=0.00..30.25 rows=982 width=0)
	                    Index Cond: ((id >= 3007138) AND (id <= 3008137))

table 3 : explain SELECT DISTINCT c FROM sbtest3 WHERE id BETWEEN 9744112 AND 9745111 ORDER BY c
	Unique  (cost=3623.88..3628.49 rows=923 width=121)
	  ->  Sort  (cost=3623.88..3626.19 rows=923 width=121)
	        Sort Key: c
	        ->  Bitmap Heap Scan on sbtest3  (cost=25.90..3578.42 rows=923 width=121)
	              Recheck Cond: ((id >= 9744112) AND (id <= 9745111))
	              ->  Bitmap Index Scan on sbtest3_pkey  (cost=0.00..25.66 rows=923 width=0)
	                    Index Cond: ((id >= 9744112) AND (id <= 9745111))

table 4 : explain SELECT DISTINCT c FROM sbtest4 WHERE id BETWEEN 1033937 AND 1034936 ORDER BY c
	Unique  (cost=3957.50..3962.55 rows=1009 width=121)
	  ->  Sort  (cost=3957.50..3960.03 rows=1009 width=121)
	        Sort Key: c
	        ->  Bitmap Heap Scan on sbtest4  (cost=30.78..3907.16 rows=1009 width=121)
	              Recheck Cond: ((id >= 1033937) AND (id <= 1034936))
	              ->  Bitmap Index Scan on sbtest4_pkey  (cost=0.00..30.52 rows=1009 width=0)
	                    Index Cond: ((id >= 1033937) AND (id <= 1034936))

table 5 : explain SELECT DISTINCT c FROM sbtest5 WHERE id BETWEEN 6223148 AND 6224147 ORDER BY c
	Unique  (cost=3954.69..3959.72 rows=1007 width=121)
	  ->  Sort  (cost=3954.69..3957.20 rows=1007 width=121)
	        Sort Key: c
	        ->  Bitmap Heap Scan on sbtest5  (cost=30.76..3904.46 rows=1007 width=121)
	              Recheck Cond: ((id >= 6223148) AND (id <= 6224147))
	              ->  Bitmap Index Scan on sbtest5_pkey  (cost=0.00..30.50 rows=1007 width=0)
	                    Index Cond: ((id >= 6223148) AND (id <= 6224147))

table 6 : explain SELECT DISTINCT c FROM sbtest6 WHERE id BETWEEN 4922882 AND 4923881 ORDER BY c
	Unique  (cost=3702.53..3707.24 rows=942 width=121)
	  ->  Sort  (cost=3702.53..3704.88 rows=942 width=121)
	        Sort Key: c
	        ->  Bitmap Heap Scan on sbtest6  (cost=30.09..3655.99 rows=942 width=121)
	              Recheck Cond: ((id >= 4922882) AND (id <= 4923881))
	              ->  Bitmap Index Scan on sbtest6_pkey  (cost=0.00..29.86 rows=942 width=0)
	                    Index Cond: ((id >= 4922882) AND (id <= 4923881))

table 7 : explain SELECT DISTINCT c FROM sbtest7 WHERE id BETWEEN 6708111 AND 6709110 ORDER BY c
	Unique  (cost=3820.42..3825.28 rows=972 width=121)
	  ->  Sort  (cost=3820.42..3822.85 rows=972 width=121)
	        Sort Key: c
	        ->  Bitmap Heap Scan on sbtest7  (cost=30.40..3772.18 rows=972 width=121)
	              Recheck Cond: ((id >= 6708111) AND (id <= 6709110))
	              ->  Bitmap Index Scan on sbtest7_pkey  (cost=0.00..30.15 rows=972 width=0)
	                    Index Cond: ((id >= 6708111) AND (id <= 6709110))

table 8 : explain SELECT DISTINCT c FROM sbtest8 WHERE id BETWEEN 8625317 AND 8626316 ORDER BY c
	Unique  (cost=3959.86..3964.90 rows=1009 width=121)
	  ->  Sort  (cost=3959.86..3962.38 rows=1009 width=121)
	        Sort Key: c
	        ->  Bitmap Heap Scan on sbtest8  (cost=30.78..3909.52 rows=1009 width=121)
	              Recheck Cond: ((id >= 8625317) AND (id <= 8626316))
	              ->  Bitmap Index Scan on sbtest8_pkey  (cost=0.00..30.52 rows=1009 width=0)
	                    Index Cond: ((id >= 8625317) AND (id <= 8626316))

explain: for point_selects :: explain SELECT c FROM sbtest%u WHERE id=%u
for: sum_ranges
table 1 : explain SELECT SUM(k) FROM sbtest1 WHERE id BETWEEN 3261241 AND 3262240
	Aggregate  (cost=3922.80..3922.81 rows=1 width=8)
	  ->  Bitmap Heap Scan on sbtest1  (cost=30.82..3920.26 rows=1013 width=4)
	        Recheck Cond: ((id >= 3261241) AND (id <= 3262240))
	        ->  Bitmap Index Scan on sbtest1_pkey  (cost=0.00..30.57 rows=1013 width=0)
	              Index Cond: ((id >= 3261241) AND (id <= 3262240))

table 2 : explain SELECT SUM(k) FROM sbtest2 WHERE id BETWEEN 8877656 AND 8878655
	Aggregate  (cost=3995.92..3995.93 rows=1 width=8)
	  ->  Bitmap Heap Scan on sbtest2  (cost=31.01..3993.34 rows=1032 width=4)
	        Recheck Cond: ((id >= 8877656) AND (id <= 8878655))
	        ->  Bitmap Index Scan on sbtest2_pkey  (cost=0.00..30.75 rows=1032 width=0)
	              Index Cond: ((id >= 8877656) AND (id <= 8878655))

table 3 : explain SELECT SUM(k) FROM sbtest3 WHERE id BETWEEN 2960555 AND 2961554
	Aggregate  (cost=4226.30..4226.31 rows=1 width=8)
	  ->  Bitmap Heap Scan on sbtest3  (cost=31.64..4223.57 rows=1093 width=4)
	        Recheck Cond: ((id >= 2960555) AND (id <= 2961554))
	        ->  Bitmap Index Scan on sbtest3_pkey  (cost=0.00..31.36 rows=1093 width=0)
	              Index Cond: ((id >= 2960555) AND (id <= 2961554))

table 4 : explain SELECT SUM(k) FROM sbtest4 WHERE id BETWEEN 6643438 AND 6644437
	Aggregate  (cost=3440.55..3440.56 rows=1 width=8)
	  ->  Bitmap Heap Scan on sbtest4  (cost=25.52..3438.33 rows=886 width=4)
	        Recheck Cond: ((id >= 6643438) AND (id <= 6644437))
	        ->  Bitmap Index Scan on sbtest4_pkey  (cost=0.00..25.29 rows=886 width=0)
	              Index Cond: ((id >= 6643438) AND (id <= 6644437))

table 5 : explain SELECT SUM(k) FROM sbtest5 WHERE id BETWEEN 370716 AND 371715
	Aggregate  (cost=3463.52..3463.53 rows=1 width=8)
	  ->  Bitmap Heap Scan on sbtest5  (cost=25.57..3461.30 rows=891 width=4)
	        Recheck Cond: ((id >= 370716) AND (id <= 371715))
	        ->  Bitmap Index Scan on sbtest5_pkey  (cost=0.00..25.34 rows=891 width=0)
	              Index Cond: ((id >= 370716) AND (id <= 371715))

table 6 : explain SELECT SUM(k) FROM sbtest6 WHERE id BETWEEN 9756972 AND 9757971
	Aggregate  (cost=3919.22..3919.23 rows=1 width=8)
	  ->  Bitmap Heap Scan on sbtest6  (cost=30.80..3916.69 rows=1011 width=4)
	        Recheck Cond: ((id >= 9756972) AND (id <= 9757971))
	        ->  Bitmap Index Scan on sbtest6_pkey  (cost=0.00..30.54 rows=1011 width=0)
	              Index Cond: ((id >= 9756972) AND (id <= 9757971))

table 7 : explain SELECT SUM(k) FROM sbtest7 WHERE id BETWEEN 4062900 AND 4063899
	Aggregate  (cost=3770.83..3770.84 rows=1 width=8)
	  ->  Bitmap Heap Scan on sbtest7  (cost=30.39..3768.40 rows=971 width=4)
	        Recheck Cond: ((id >= 4062900) AND (id <= 4063899))
	        ->  Bitmap Index Scan on sbtest7_pkey  (cost=0.00..30.14 rows=971 width=0)
	              Index Cond: ((id >= 4062900) AND (id <= 4063899))

table 8 : explain SELECT SUM(k) FROM sbtest8 WHERE id BETWEEN 7589119 AND 7590118
	Aggregate  (cost=3821.35..3821.36 rows=1 width=8)
	  ->  Bitmap Heap Scan on sbtest8  (cost=30.53..3818.89 rows=985 width=4)
	        Recheck Cond: ((id >= 7589119) AND (id <= 7590118))
	        ->  Bitmap Index Scan on sbtest8_pkey  (cost=0.00..30.29 rows=985 width=0)
	              Index Cond: ((id >= 7589119) AND (id <= 7590118))

explain: for point_selects :: explain SELECT c FROM sbtest%u WHERE id=%u
for: simple_ranges
table 1 : explain SELECT c FROM sbtest1 WHERE id BETWEEN 2725060 AND 2726059
	Bitmap Heap Scan on sbtest1  (cost=25.42..3402.65 rows=877 width=121)
	  Recheck Cond: ((id >= 2725060) AND (id <= 2726059))
	  ->  Bitmap Index Scan on sbtest1_pkey  (cost=0.00..25.20 rows=877 width=0)
	        Index Cond: ((id >= 2725060) AND (id <= 2726059))

table 2 : explain SELECT c FROM sbtest2 WHERE id BETWEEN 7095146 AND 7096145
	Bitmap Heap Scan on sbtest2  (cost=30.53..3816.13 rows=985 width=121)
	  Recheck Cond: ((id >= 7095146) AND (id <= 7096145))
	  ->  Bitmap Index Scan on sbtest2_pkey  (cost=0.00..30.29 rows=985 width=0)
	        Index Cond: ((id >= 7095146) AND (id <= 7096145))

table 3 : explain SELECT c FROM sbtest3 WHERE id BETWEEN 5184343 AND 5185342
	Bitmap Heap Scan on sbtest3  (cost=30.56..3828.00 rows=988 width=121)
	  Recheck Cond: ((id >= 5184343) AND (id <= 5185342))
	  ->  Bitmap Index Scan on sbtest3_pkey  (cost=0.00..30.32 rows=988 width=0)
	        Index Cond: ((id >= 5184343) AND (id <= 5185342))

table 4 : explain SELECT c FROM sbtest4 WHERE id BETWEEN 8408930 AND 8409929
	Bitmap Heap Scan on sbtest4  (cost=30.21..3699.55 rows=954 width=121)
	  Recheck Cond: ((id >= 8408930) AND (id <= 8409929))
	  ->  Bitmap Index Scan on sbtest4_pkey  (cost=0.00..29.97 rows=954 width=0)
	        Index Cond: ((id >= 8408930) AND (id <= 8409929))

table 5 : explain SELECT c FROM sbtest5 WHERE id BETWEEN 9152467 AND 9153466
	Bitmap Heap Scan on sbtest5  (cost=30.80..3919.57 rows=1011 width=121)
	  Recheck Cond: ((id >= 9152467) AND (id <= 9153466))
	  ->  Bitmap Index Scan on sbtest5_pkey  (cost=0.00..30.54 rows=1011 width=0)
	        Index Cond: ((id >= 9152467) AND (id <= 9153466))

table 6 : explain SELECT c FROM sbtest6 WHERE id BETWEEN 7578892 AND 7579891
	Bitmap Heap Scan on sbtest6  (cost=30.08..3652.21 rows=941 width=121)
	  Recheck Cond: ((id >= 7578892) AND (id <= 7579891))
	  ->  Bitmap Index Scan on sbtest6_pkey  (cost=0.00..29.84 rows=941 width=0)
	        Index Cond: ((id >= 7578892) AND (id <= 7579891))

table 7 : explain SELECT c FROM sbtest7 WHERE id BETWEEN 5662235 AND 5663234
	Bitmap Heap Scan on sbtest7  (cost=35.89..4327.21 rows=1118 width=121)
	  Recheck Cond: ((id >= 5662235) AND (id <= 5663234))
	  ->  Bitmap Index Scan on sbtest7_pkey  (cost=0.00..35.62 rows=1118 width=0)
	        Index Cond: ((id >= 5662235) AND (id <= 5663234))

table 8 : explain SELECT c FROM sbtest8 WHERE id BETWEEN 6579675 AND 6580674
	Bitmap Heap Scan on sbtest8  (cost=30.40..3769.77 rows=972 width=121)
	  Recheck Cond: ((id >= 6579675) AND (id <= 6580674))
	  ->  Bitmap Index Scan on sbtest8_pkey  (cost=0.00..30.15 rows=972 width=0)
	        Index Cond: ((id >= 6579675) AND (id <= 6580674))

for: sum_ranges
table 1 : explain SELECT SUM(k) FROM sbtest1 WHERE id BETWEEN 8544929 AND 8545928
	Aggregate  (cost=3616.99..3617.00 rows=1 width=8)
	  ->  Bitmap Heap Scan on sbtest1  (cost=29.99..3614.66 rows=932 width=4)
	        Recheck Cond: ((id >= 8544929) AND (id <= 8545928))
	        ->  Bitmap Index Scan on sbtest1_pkey  (cost=0.00..29.75 rows=932 width=0)
	              Index Cond: ((id >= 8544929) AND (id <= 8545928))

table 2 : explain SELECT SUM(k) FROM sbtest2 WHERE id BETWEEN 8488208 AND 8489207
	Aggregate  (cost=3992.15..3992.16 rows=1 width=8)
	  ->  Bitmap Heap Scan on sbtest2  (cost=31.00..3989.57 rows=1031 width=4)
	        Recheck Cond: ((id >= 8488208) AND (id <= 8489207))
	        ->  Bitmap Index Scan on sbtest2_pkey  (cost=0.00..30.75 rows=1031 width=0)
	              Index Cond: ((id >= 8488208) AND (id <= 8489207))

table 3 : explain SELECT SUM(k) FROM sbtest3 WHERE id BETWEEN 5034483 AND 5035482
	Aggregate  (cost=3739.80..3739.81 rows=1 width=8)
	  ->  Bitmap Heap Scan on sbtest3  (cost=30.32..3737.39 rows=964 width=4)
	        Recheck Cond: ((id >= 5034483) AND (id <= 5035482))
	        ->  Bitmap Index Scan on sbtest3_pkey  (cost=0.00..30.07 rows=964 width=0)
	              Index Cond: ((id >= 5034483) AND (id <= 5035482))

table 4 : explain SELECT SUM(k) FROM sbtest4 WHERE id BETWEEN 4057857 AND 4058856
	Aggregate  (cost=4267.62..4267.63 rows=1 width=8)
	  ->  Bitmap Heap Scan on sbtest4  (cost=31.75..4264.86 rows=1104 width=4)
	        Recheck Cond: ((id >= 4057857) AND (id <= 4058856))
	        ->  Bitmap Index Scan on sbtest4_pkey  (cost=0.00..31.47 rows=1104 width=0)
	              Index Cond: ((id >= 4057857) AND (id <= 4058856))

table 5 : explain SELECT SUM(k) FROM sbtest5 WHERE id BETWEEN 3384215 AND 3385214
	Aggregate  (cost=3827.55..3827.56 rows=1 width=8)
	  ->  Bitmap Heap Scan on sbtest5  (cost=30.54..3825.08 rows=986 width=4)
	        Recheck Cond: ((id >= 3384215) AND (id <= 3385214))
	        ->  Bitmap Index Scan on sbtest5_pkey  (cost=0.00..30.29 rows=986 width=0)
	              Index Cond: ((id >= 3384215) AND (id <= 3385214))

table 6 : explain SELECT SUM(k) FROM sbtest6 WHERE id BETWEEN 8697874 AND 8698873
	Aggregate  (cost=4138.04..4138.05 rows=1 width=8)
	  ->  Bitmap Heap Scan on sbtest6  (cost=31.39..4135.37 rows=1069 width=4)
	        Recheck Cond: ((id >= 8697874) AND (id <= 8698873))
	        ->  Bitmap Index Scan on sbtest6_pkey  (cost=0.00..31.12 rows=1069 width=0)
	              Index Cond: ((id >= 8697874) AND (id <= 8698873))

table 7 : explain SELECT SUM(k) FROM sbtest7 WHERE id BETWEEN 4687092 AND 4688091
	Aggregate  (cost=4171.42..4171.43 rows=1 width=8)
	  ->  Bitmap Heap Scan on sbtest7  (cost=31.47..4168.73 rows=1077 width=4)
	        Recheck Cond: ((id >= 4687092) AND (id <= 4688091))
	        ->  Bitmap Index Scan on sbtest7_pkey  (cost=0.00..31.20 rows=1077 width=0)
	              Index Cond: ((id >= 4687092) AND (id <= 4688091))

table 8 : explain SELECT SUM(k) FROM sbtest8 WHERE id BETWEEN 2695365 AND 2696364
	Aggregate  (cost=3870.48..3870.49 rows=1 width=8)
	  ->  Bitmap Heap Scan on sbtest8  (cost=30.66..3867.99 rows=998 width=4)
	        Recheck Cond: ((id >= 2695365) AND (id <= 2696364))
	        ->  Bitmap Index Scan on sbtest8_pkey  (cost=0.00..30.41 rows=998 width=0)
	              Index Cond: ((id >= 2695365) AND (id <= 2696364))

for: order_ranges
table 1 : explain SELECT c FROM sbtest1 WHERE id BETWEEN 8457147 AND 8458146 ORDER BY c
	Sort  (cost=3771.78..3774.18 rows=961 width=121)
	  Sort Key: c
	  ->  Bitmap Heap Scan on sbtest1  (cost=30.29..3724.17 rows=961 width=121)
	        Recheck Cond: ((id >= 8457147) AND (id <= 8458146))
	        ->  Bitmap Index Scan on sbtest1_pkey  (cost=0.00..30.04 rows=961 width=0)
	              Index Cond: ((id >= 8457147) AND (id <= 8458146))

table 2 : explain SELECT c FROM sbtest2 WHERE id BETWEEN 8137413 AND 8138412 ORDER BY c
	Sort  (cost=3704.12..3706.48 rows=943 width=121)
	  Sort Key: c
	  ->  Bitmap Heap Scan on sbtest2  (cost=30.10..3657.53 rows=943 width=121)
	        Recheck Cond: ((id >= 8137413) AND (id <= 8138412))
	        ->  Bitmap Index Scan on sbtest2_pkey  (cost=0.00..29.86 rows=943 width=0)
	              Index Cond: ((id >= 8137413) AND (id <= 8138412))

table 3 : explain SELECT c FROM sbtest3 WHERE id BETWEEN 9708333 AND 9709332 ORDER BY c
	Sort  (cost=3623.88..3626.19 rows=923 width=121)
	  Sort Key: c
	  ->  Bitmap Heap Scan on sbtest3  (cost=25.90..3578.42 rows=923 width=121)
	        Recheck Cond: ((id >= 9708333) AND (id <= 9709332))
	        ->  Bitmap Index Scan on sbtest3_pkey  (cost=0.00..25.66 rows=923 width=0)
	              Index Cond: ((id >= 9708333) AND (id <= 9709332))

table 4 : explain SELECT c FROM sbtest4 WHERE id BETWEEN 6097644 AND 6098643 ORDER BY c
	Sort  (cost=4194.63..4197.31 rows=1071 width=121)
	  Sort Key: c
	  ->  Bitmap Heap Scan on sbtest4  (cost=31.41..4140.73 rows=1071 width=121)
	        Recheck Cond: ((id >= 6097644) AND (id <= 6098643))
	        ->  Bitmap Index Scan on sbtest4_pkey  (cost=0.00..31.14 rows=1071 width=0)
	              Index Cond: ((id >= 6097644) AND (id <= 6098643))

table 5 : explain SELECT c FROM sbtest5 WHERE id BETWEEN 8955667 AND 8956666 ORDER BY c
	Sort  (cost=4291.79..4294.53 rows=1095 width=121)
	  Sort Key: c
	  ->  Bitmap Heap Scan on sbtest5  (cost=31.66..4236.51 rows=1095 width=121)
	        Recheck Cond: ((id >= 8955667) AND (id <= 8956666))
	        ->  Bitmap Index Scan on sbtest5_pkey  (cost=0.00..31.39 rows=1095 width=0)
	              Index Cond: ((id >= 8955667) AND (id <= 8956666))

table 6 : explain SELECT c FROM sbtest6 WHERE id BETWEEN 4028784 AND 4029783 ORDER BY c
	Sort  (cost=3813.81..3816.24 rows=971 width=121)
	  Sort Key: c
	  ->  Bitmap Heap Scan on sbtest6  (cost=30.39..3765.64 rows=971 width=121)
	        Recheck Cond: ((id >= 4028784) AND (id <= 4029783))
	        ->  Bitmap Index Scan on sbtest6_pkey  (cost=0.00..30.14 rows=971 width=0)
	              Index Cond: ((id >= 4028784) AND (id <= 4029783))

table 7 : explain SELECT c FROM sbtest7 WHERE id BETWEEN 3675472 AND 3676471 ORDER BY c
	Sort  (cost=4119.58..4122.20 rows=1050 width=121)
	  Sort Key: c
	  ->  Bitmap Heap Scan on sbtest7  (cost=31.20..4066.89 rows=1050 width=121)
	        Recheck Cond: ((id >= 3675472) AND (id <= 3676471))
	        ->  Bitmap Index Scan on sbtest7_pkey  (cost=0.00..30.93 rows=1050 width=0)
	              Index Cond: ((id >= 3675472) AND (id <= 3676471))

table 8 : explain SELECT c FROM sbtest8 WHERE id BETWEEN 5249919 AND 5250918 ORDER BY c
	Sort  (cost=4136.00..4138.63 rows=1055 width=121)
	  Sort Key: c
	  ->  Bitmap Heap Scan on sbtest8  (cost=31.25..4083.02 rows=1055 width=121)
	        Recheck Cond: ((id >= 5249919) AND (id <= 5250918))
	        ->  Bitmap Index Scan on sbtest8_pkey  (cost=0.00..30.98 rows=1055 width=0)
	              Index Cond: ((id >= 5249919) AND (id <= 5250918))

for: order_ranges
table 1 : explain SELECT c FROM sbtest1 WHERE id BETWEEN 281385 AND 282384 ORDER BY c
	Sort  (cost=3660.62..3662.95 rows=932 width=121)
	  Sort Key: c
	  ->  Bitmap Heap Scan on sbtest1  (cost=29.99..3614.66 rows=932 width=121)
	        Recheck Cond: ((id >= 281385) AND (id <= 282384))
	        ->  Bitmap Index Scan on sbtest1_pkey  (cost=0.00..29.75 rows=932 width=0)
	              Index Cond: ((id >= 281385) AND (id <= 282384))

table 2 : explain SELECT c FROM sbtest2 WHERE id BETWEEN 3709597 AND 3710596 ORDER BY c
	Sort  (cost=3972.31..3974.84 rows=1013 width=121)
	  Sort Key: c
	  ->  Bitmap Heap Scan on sbtest2  (cost=30.82..3921.74 rows=1013 width=121)
	        Recheck Cond: ((id >= 3709597) AND (id <= 3710596))
	        ->  Bitmap Index Scan on sbtest2_pkey  (cost=0.00..30.57 rows=1013 width=0)
	              Index Cond: ((id >= 3709597) AND (id <= 3710596))

table 3 : explain SELECT c FROM sbtest3 WHERE id BETWEEN 7256392 AND 7257391 ORDER BY c
	Sort  (cost=3408.71..3410.88 rows=867 width=121)
	  Sort Key: c
	  ->  Bitmap Heap Scan on sbtest3  (cost=25.32..3366.40 rows=867 width=121)
	        Recheck Cond: ((id >= 7256392) AND (id <= 7257391))
	        ->  Bitmap Index Scan on sbtest3_pkey  (cost=0.00..25.11 rows=867 width=0)
	              Index Cond: ((id >= 7256392) AND (id <= 7257391))

table 4 : explain SELECT c FROM sbtest4 WHERE id BETWEEN 7795062 AND 7796061 ORDER BY c
	Sort  (cost=3750.60..3752.99 rows=955 width=121)
	  Sort Key: c
	  ->  Bitmap Heap Scan on sbtest4  (cost=30.22..3703.33 rows=955 width=121)
	        Recheck Cond: ((id >= 7795062) AND (id <= 7796061))
	        ->  Bitmap Index Scan on sbtest4_pkey  (cost=0.00..29.98 rows=955 width=0)
	              Index Cond: ((id >= 7795062) AND (id <= 7796061))

table 5 : explain SELECT c FROM sbtest5 WHERE id BETWEEN 7761874 AND 7762873 ORDER BY c
	Sort  (cost=4092.70..4095.31 rows=1043 width=121)
	  Sort Key: c
	  ->  Bitmap Heap Scan on sbtest5  (cost=31.13..4040.41 rows=1043 width=121)
	        Recheck Cond: ((id >= 7761874) AND (id <= 7762873))
	        ->  Bitmap Index Scan on sbtest5_pkey  (cost=0.00..30.86 rows=1043 width=0)
	              Index Cond: ((id >= 7761874) AND (id <= 7762873))

table 6 : explain SELECT c FROM sbtest6 WHERE id BETWEEN 7524965 AND 7525964 ORDER BY c
	Sort  (cost=3698.69..3701.04 rows=941 width=121)
	  Sort Key: c
	  ->  Bitmap Heap Scan on sbtest6  (cost=30.08..3652.21 rows=941 width=121)
	        Recheck Cond: ((id >= 7524965) AND (id <= 7525964))
	        ->  Bitmap Index Scan on sbtest6_pkey  (cost=0.00..29.84 rows=941 width=0)
	              Index Cond: ((id >= 7524965) AND (id <= 7525964))

table 7 : explain SELECT c FROM sbtest7 WHERE id BETWEEN 459104 AND 460103 ORDER BY c
	Sort  (cost=3751.28..3753.67 rows=954 width=121)
	  Sort Key: c
	  ->  Bitmap Heap Scan on sbtest7  (cost=30.21..3704.07 rows=954 width=121)
	        Recheck Cond: ((id >= 459104) AND (id <= 460103))
	        ->  Bitmap Index Scan on sbtest7_pkey  (cost=0.00..29.97 rows=954 width=0)
	              Index Cond: ((id >= 459104) AND (id <= 460103))

table 8 : explain SELECT c FROM sbtest8 WHERE id BETWEEN 144187 AND 145186 ORDER BY c
	Sort  (cost=3610.67..3612.97 rows=918 width=121)
	  Sort Key: c
	  ->  Bitmap Heap Scan on sbtest8  (cost=29.84..3565.50 rows=918 width=121)
	        Recheck Cond: ((id >= 144187) AND (id <= 145186))
	        ->  Bitmap Index Scan on sbtest8_pkey  (cost=0.00..29.61 rows=918 width=0)
	              Index Cond: ((id >= 144187) AND (id <= 145186))

for point_selects
table 1 : explain SELECT c FROM sbtest1 WHERE id=5272690
	Index Scan using sbtest1_pkey on sbtest1  (cost=0.43..8.45 rows=1 width=121)
	  Index Cond: (id = 5272690)

table 2 : explain SELECT c FROM sbtest2 WHERE id=7863158
	Index Scan using sbtest2_pkey on sbtest2  (cost=0.43..8.45 rows=1 width=121)
	  Index Cond: (id = 7863158)

table 3 : explain SELECT c FROM sbtest3 WHERE id=9000133
	Index Scan using sbtest3_pkey on sbtest3  (cost=0.43..8.45 rows=1 width=121)
	  Index Cond: (id = 9000133)

table 4 : explain SELECT c FROM sbtest4 WHERE id=4517437
	Index Scan using sbtest4_pkey on sbtest4  (cost=0.43..8.45 rows=1 width=121)
	  Index Cond: (id = 4517437)

table 5 : explain SELECT c FROM sbtest5 WHERE id=7042233
	Index Scan using sbtest5_pkey on sbtest5  (cost=0.43..8.45 rows=1 width=121)
	  Index Cond: (id = 7042233)

table 6 : explain SELECT c FROM sbtest6 WHERE id=509450
	Index Scan using sbtest6_pkey on sbtest6  (cost=0.43..8.45 rows=1 width=121)
	  Index Cond: (id = 509450)

table 7 : explain SELECT c FROM sbtest7 WHERE id=321976
	Index Scan using sbtest7_pkey on sbtest7  (cost=0.43..8.45 rows=1 width=121)
	  Index Cond: (id = 321976)

table 8 : explain SELECT c FROM sbtest8 WHERE id=3240556
	Index Scan using sbtest8_pkey on sbtest8  (cost=0.43..8.45 rows=1 width=121)
	  Index Cond: (id = 3240556)

explain: for point_selects :: explain SELECT c FROM sbtest%u WHERE id=%u
for: order_ranges
table 1 : explain SELECT c FROM sbtest1 WHERE id BETWEEN 7978728 AND 7979727 ORDER BY c
	Sort  (cost=4173.38..4176.05 rows=1066 width=121)
	  Sort Key: c
	  ->  Bitmap Heap Scan on sbtest1  (cost=31.36..4119.78 rows=1066 width=121)
	        Recheck Cond: ((id >= 7978728) AND (id <= 7979727))
	        ->  Bitmap Index Scan on sbtest1_pkey  (cost=0.00..31.09 rows=1066 width=0)
	              Index Cond: ((id >= 7978728) AND (id <= 7979727))

table 2 : explain SELECT c FROM sbtest2 WHERE id BETWEEN 4185141 AND 4186140 ORDER BY c
	Sort  (cost=3677.27..3679.61 rows=936 width=121)
	  Sort Key: c
	  ->  Bitmap Heap Scan on sbtest2  (cost=30.03..3631.07 rows=936 width=121)
	        Recheck Cond: ((id >= 4185141) AND (id <= 4186140))
	        ->  Bitmap Index Scan on sbtest2_pkey  (cost=0.00..29.79 rows=936 width=0)
	              Index Cond: ((id >= 4185141) AND (id <= 4186140))

table 3 : explain SELECT c FROM sbtest3 WHERE id BETWEEN 2472284 AND 2473283 ORDER BY c
	Sort  (cost=3969.05..3971.58 rows=1012 width=121)
	  Sort Key: c
	  ->  Bitmap Heap Scan on sbtest3  (cost=30.81..3918.53 rows=1012 width=121)
	        Recheck Cond: ((id >= 2472284) AND (id <= 2473283))
	        ->  Bitmap Index Scan on sbtest3_pkey  (cost=0.00..30.55 rows=1012 width=0)
	              Index Cond: ((id >= 2472284) AND (id <= 2473283))

table 4 : explain SELECT c FROM sbtest4 WHERE id BETWEEN 8808770 AND 8809769 ORDER BY c
	Sort  (cost=3861.76..3864.22 rows=984 width=121)
	  Sort Key: c
	  ->  Bitmap Heap Scan on sbtest4  (cost=30.52..3812.84 rows=984 width=121)
	        Recheck Cond: ((id >= 8808770) AND (id <= 8809769))
	        ->  Bitmap Index Scan on sbtest4_pkey  (cost=0.00..30.27 rows=984 width=0)
	              Index Cond: ((id >= 8808770) AND (id <= 8809769))

table 5 : explain SELECT c FROM sbtest5 WHERE id BETWEEN 4974003 AND 4975002 ORDER BY c
	Sort  (cost=3751.23..3753.62 rows=954 width=121)
	  Sort Key: c
	  ->  Bitmap Heap Scan on sbtest5  (cost=30.21..3704.02 rows=954 width=121)
	        Recheck Cond: ((id >= 4974003) AND (id <= 4975002))
	        ->  Bitmap Index Scan on sbtest5_pkey  (cost=0.00..29.97 rows=954 width=0)
	              Index Cond: ((id >= 4974003) AND (id <= 4975002))

table 6 : explain SELECT c FROM sbtest6 WHERE id BETWEEN 9165043 AND 9166042 ORDER BY c
	Sort  (cost=3879.00..3881.47 rows=988 width=121)
	  Sort Key: c
	  ->  Bitmap Heap Scan on sbtest6  (cost=30.56..3829.86 rows=988 width=121)
	        Recheck Cond: ((id >= 9165043) AND (id <= 9166042))
	        ->  Bitmap Index Scan on sbtest6_pkey  (cost=0.00..30.32 rows=988 width=0)
	              Index Cond: ((id >= 9165043) AND (id <= 9166042))

table 7 : explain SELECT c FROM sbtest7 WHERE id BETWEEN 8055960 AND 8056959 ORDER BY c
	Sort  (cost=4016.10..4018.66 rows=1023 width=121)
	  Sort Key: c
	  ->  Bitmap Heap Scan on sbtest7  (cost=30.92..3964.96 rows=1023 width=121)
	        Recheck Cond: ((id >= 8055960) AND (id <= 8056959))
	        ->  Bitmap Index Scan on sbtest7_pkey  (cost=0.00..30.66 rows=1023 width=0)
	              Index Cond: ((id >= 8055960) AND (id <= 8056959))

table 8 : explain SELECT c FROM sbtest8 WHERE id BETWEEN 3705554 AND 3706553 ORDER BY c
	Sort  (cost=4250.74..4253.45 rows=1085 width=121)
	  Sort Key: c
	  ->  Bitmap Heap Scan on sbtest8  (cost=31.56..4196.03 rows=1085 width=121)
	        Recheck Cond: ((id >= 3705554) AND (id <= 3706553))
	        ->  Bitmap Index Scan on sbtest8_pkey  (cost=0.00..31.29 rows=1085 width=0)
	              Index Cond: ((id >= 3705554) AND (id <= 3706553))

explain: for point_selects :: explain SELECT c FROM sbtest%u WHERE id=%u
for: distinct_ranges
table 1 : explain SELECT DISTINCT c FROM sbtest1 WHERE id BETWEEN 9103403 AND 9104402 ORDER BY c
	Unique  (cost=3917.27..3922.27 rows=999 width=121)
	  ->  Sort  (cost=3917.27..3919.77 rows=999 width=121)
	        Sort Key: c
	        ->  Bitmap Heap Scan on sbtest1  (cost=30.67..3867.50 rows=999 width=121)
	              Recheck Cond: ((id >= 9103403) AND (id <= 9104402))
	              ->  Bitmap Index Scan on sbtest1_pkey  (cost=0.00..30.43 rows=999 width=0)
	                    Index Cond: ((id >= 9103403) AND (id <= 9104402))

table 2 : explain SELECT DISTINCT c FROM sbtest2 WHERE id BETWEEN 8138352 AND 8139351 ORDER BY c
	Unique  (cost=3868.93..3873.86 rows=986 width=121)
	  ->  Sort  (cost=3868.93..3871.40 rows=986 width=121)
	        Sort Key: c
	        ->  Bitmap Heap Scan on sbtest2  (cost=30.54..3819.90 rows=986 width=121)
	              Recheck Cond: ((id >= 8138352) AND (id <= 8139351))
	              ->  Bitmap Index Scan on sbtest2_pkey  (cost=0.00..30.29 rows=986 width=0)
	                    Index Cond: ((id >= 8138352) AND (id <= 8139351))

table 3 : explain SELECT DISTINCT c FROM sbtest3 WHERE id BETWEEN 664592 AND 665591 ORDER BY c
	Unique  (cost=3980.53..3985.61 rows=1015 width=121)
	  ->  Sort  (cost=3980.53..3983.07 rows=1015 width=121)
	        Sort Key: c
	        ->  Bitmap Heap Scan on sbtest3  (cost=30.84..3929.85 rows=1015 width=121)
	              Recheck Cond: ((id >= 664592) AND (id <= 665591))
	              ->  Bitmap Index Scan on sbtest3_pkey  (cost=0.00..30.58 rows=1015 width=0)
	                    Index Cond: ((id >= 664592) AND (id <= 665591))

table 4 : explain SELECT DISTINCT c FROM sbtest4 WHERE id BETWEEN 9102424 AND 9103423 ORDER BY c
	Unique  (cost=3861.76..3866.68 rows=984 width=121)
	  ->  Sort  (cost=3861.76..3864.22 rows=984 width=121)
	        Sort Key: c
	        ->  Bitmap Heap Scan on sbtest4  (cost=30.52..3812.84 rows=984 width=121)
	              Recheck Cond: ((id >= 9102424) AND (id <= 9103423))
	              ->  Bitmap Index Scan on sbtest4_pkey  (cost=0.00..30.27 rows=984 width=0)
	                    Index Cond: ((id >= 9102424) AND (id <= 9103423))

table 5 : explain SELECT DISTINCT c FROM sbtest5 WHERE id BETWEEN 4178147 AND 4179146 ORDER BY c
	Unique  (cost=3908.65..3913.62 rows=995 width=121)
	  ->  Sort  (cost=3908.65..3911.14 rows=995 width=121)
	        Sort Key: c
	        ->  Bitmap Heap Scan on sbtest5  (cost=30.63..3859.11 rows=995 width=121)
	              Recheck Cond: ((id >= 4178147) AND (id <= 4179146))
	              ->  Bitmap Index Scan on sbtest5_pkey  (cost=0.00..30.39 rows=995 width=0)
	                    Index Cond: ((id >= 4178147) AND (id <= 4179146))

table 6 : explain SELECT DISTINCT c FROM sbtest6 WHERE id BETWEEN 7148082 AND 7149081 ORDER BY c
	Unique  (cost=3982.47..3987.54 rows=1015 width=121)
	  ->  Sort  (cost=3982.47..3985.01 rows=1015 width=121)
	        Sort Key: c
	        ->  Bitmap Heap Scan on sbtest6  (cost=30.84..3931.78 rows=1015 width=121)
	              Recheck Cond: ((id >= 7148082) AND (id <= 7149081))
	              ->  Bitmap Index Scan on sbtest6_pkey  (cost=0.00..30.58 rows=1015 width=0)
	                    Index Cond: ((id >= 7148082) AND (id <= 7149081))

table 7 : explain SELECT DISTINCT c FROM sbtest7 WHERE id BETWEEN 6082141 AND 6083140 ORDER BY c
	Unique  (cost=3981.59..3986.66 rows=1014 width=121)
	  ->  Sort  (cost=3981.59..3984.13 rows=1014 width=121)
	        Sort Key: c
	        ->  Bitmap Heap Scan on sbtest7  (cost=30.83..3930.96 rows=1014 width=121)
	              Recheck Cond: ((id >= 6082141) AND (id <= 6083140))
	              ->  Bitmap Index Scan on sbtest7_pkey  (cost=0.00..30.57 rows=1014 width=0)
	                    Index Cond: ((id >= 6082141) AND (id <= 6083140))

table 8 : explain SELECT DISTINCT c FROM sbtest8 WHERE id BETWEEN 9696341 AND 9697340 ORDER BY c
	Unique  (cost=3879.36..3884.30 rows=988 width=121)
	  ->  Sort  (cost=3879.36..3881.83 rows=988 width=121)
	        Sort Key: c
	        ->  Bitmap Heap Scan on sbtest8  (cost=30.56..3830.22 rows=988 width=121)
	              Recheck Cond: ((id >= 9696341) AND (id <= 9697340))
	              ->  Bitmap Index Scan on sbtest8_pkey  (cost=0.00..30.32 rows=988 width=0)
	                    Index Cond: ((id >= 9696341) AND (id <= 9697340))

for: sum_ranges
table 1 : explain SELECT SUM(k) FROM sbtest1 WHERE id BETWEEN 3023049 AND 3024048
	Aggregate  (cost=3786.99..3787.00 rows=1 width=8)
	  ->  Bitmap Heap Scan on sbtest1  (cost=30.45..3784.54 rows=977 width=4)
	        Recheck Cond: ((id >= 3023049) AND (id <= 3024048))
	        ->  Bitmap Index Scan on sbtest1_pkey  (cost=0.00..30.20 rows=977 width=0)
	              Index Cond: ((id >= 3023049) AND (id <= 3024048))

table 2 : explain SELECT SUM(k) FROM sbtest2 WHERE id BETWEEN 6461464 AND 6462463
	Aggregate  (cost=3818.59..3818.60 rows=1 width=8)
	  ->  Bitmap Heap Scan on sbtest2  (cost=30.53..3816.13 rows=985 width=4)
	        Recheck Cond: ((id >= 6461464) AND (id <= 6462463))
	        ->  Bitmap Index Scan on sbtest2_pkey  (cost=0.00..30.29 rows=985 width=0)
	              Index Cond: ((id >= 6461464) AND (id <= 6462463))

table 3 : explain SELECT SUM(k) FROM sbtest3 WHERE id BETWEEN 2008673 AND 2009672
	Aggregate  (cost=3633.70..3633.71 rows=1 width=8)
	  ->  Bitmap Heap Scan on sbtest3  (cost=26.04..3631.36 rows=937 width=4)
	        Recheck Cond: ((id >= 2008673) AND (id <= 2009672))
	        ->  Bitmap Index Scan on sbtest3_pkey  (cost=0.00..25.80 rows=937 width=0)
	              Index Cond: ((id >= 2008673) AND (id <= 2009672))

table 4 : explain SELECT SUM(k) FROM sbtest4 WHERE id BETWEEN 1513357 AND 1514356
	Aggregate  (cost=3830.41..3830.42 rows=1 width=8)
	  ->  Bitmap Heap Scan on sbtest4  (cost=30.56..3827.94 rows=988 width=4)
	        Recheck Cond: ((id >= 1513357) AND (id <= 1514356))
	        ->  Bitmap Index Scan on sbtest4_pkey  (cost=0.00..30.32 rows=988 width=0)
	              Index Cond: ((id >= 1513357) AND (id <= 1514356))

table 5 : explain SELECT SUM(k) FROM sbtest5 WHERE id BETWEEN 5720147 AND 5721146
	Aggregate  (cost=3539.62..3539.63 rows=1 width=8)
	  ->  Bitmap Heap Scan on sbtest5  (cost=29.76..3537.35 rows=910 width=4)
	        Recheck Cond: ((id >= 5720147) AND (id <= 5721146))
	        ->  Bitmap Index Scan on sbtest5_pkey  (cost=0.00..29.54 rows=910 width=0)
	              Index Cond: ((id >= 5720147) AND (id <= 5721146))

table 6 : explain SELECT SUM(k) FROM sbtest6 WHERE id BETWEEN 5515601 AND 5516600
	Aggregate  (cost=4318.82..4318.83 rows=1 width=8)
	  ->  Bitmap Heap Scan on sbtest6  (cost=31.88..4316.03 rows=1117 width=4)
	        Recheck Cond: ((id >= 5515601) AND (id <= 5516600))
	        ->  Bitmap Index Scan on sbtest6_pkey  (cost=0.00..31.61 rows=1117 width=0)
	              Index Cond: ((id >= 5515601) AND (id <= 5516600))

table 7 : explain SELECT SUM(k) FROM sbtest7 WHERE id BETWEEN 8548783 AND 8549782
	Aggregate  (cost=3774.61..3774.62 rows=1 width=8)
	  ->  Bitmap Heap Scan on sbtest7  (cost=30.40..3772.18 rows=972 width=4)
	        Recheck Cond: ((id >= 8548783) AND (id <= 8549782))
	        ->  Bitmap Index Scan on sbtest7_pkey  (cost=0.00..30.15 rows=972 width=0)
	              Index Cond: ((id >= 8548783) AND (id <= 8549782))

table 8 : explain SELECT SUM(k) FROM sbtest8 WHERE id BETWEEN 3320021 AND 3321020
	Aggregate  (cost=3643.54..3643.55 rows=1 width=8)
	  ->  Bitmap Heap Scan on sbtest8  (cost=30.05..3641.20 rows=938 width=4)
	        Recheck Cond: ((id >= 3320021) AND (id <= 3321020))
	        ->  Bitmap Index Scan on sbtest8_pkey  (cost=0.00..29.82 rows=938 width=0)
	              Index Cond: ((id >= 3320021) AND (id <= 3321020))

for: distinct_ranges
table 1 : explain SELECT DISTINCT c FROM sbtest1 WHERE id BETWEEN 2005717 AND 2006716 ORDER BY c
	Unique  (cost=3936.41..3941.43 rows=1004 width=121)
	  ->  Sort  (cost=3936.41..3938.92 rows=1004 width=121)
	        Sort Key: c
	        ->  Bitmap Heap Scan on sbtest1  (cost=30.73..3886.35 rows=1004 width=121)
	              Recheck Cond: ((id >= 2005717) AND (id <= 2006716))
	              ->  Bitmap Index Scan on sbtest1_pkey  (cost=0.00..30.47 rows=1004 width=0)
	                    Index Cond: ((id >= 2005717) AND (id <= 2006716))

table 2 : explain SELECT DISTINCT c FROM sbtest2 WHERE id BETWEEN 2390 AND 3389 ORDER BY c
	Unique  (cost=4060.30..4065.48 rows=1036 width=121)
	  ->  Sort  (cost=4060.30..4062.89 rows=1036 width=121)
	        Sort Key: c
	        ->  Bitmap Heap Scan on sbtest2  (cost=31.05..4008.41 rows=1036 width=121)
	              Recheck Cond: ((id >= 2390) AND (id <= 3389))
	              ->  Bitmap Index Scan on sbtest2_pkey  (cost=0.00..30.79 rows=1036 width=0)
	                    Index Cond: ((id >= 2390) AND (id <= 3389))

table 3 : explain SELECT DISTINCT c FROM sbtest3 WHERE id BETWEEN 9296332 AND 9297331 ORDER BY c
	Unique  (cost=3712.30..3717.03 rows=945 width=121)
	  ->  Sort  (cost=3712.30..3714.67 rows=945 width=121)
	        Sort Key: c
	        ->  Bitmap Heap Scan on sbtest3  (cost=30.12..3665.60 rows=945 width=121)
	              Recheck Cond: ((id >= 9296332) AND (id <= 9297331))
	              ->  Bitmap Index Scan on sbtest3_pkey  (cost=0.00..29.89 rows=945 width=0)
	                    Index Cond: ((id >= 9296332) AND (id <= 9297331))

table 4 : explain SELECT DISTINCT c FROM sbtest4 WHERE id BETWEEN 7537727 AND 7538726 ORDER BY c
	Unique  (cost=4160.24..4165.55 rows=1062 width=121)
	  ->  Sort  (cost=4160.24..4162.89 rows=1062 width=121)
	        Sort Key: c
	        ->  Bitmap Heap Scan on sbtest4  (cost=31.32..4106.86 rows=1062 width=121)
	              Recheck Cond: ((id >= 7537727) AND (id <= 7538726))
	              ->  Bitmap Index Scan on sbtest4_pkey  (cost=0.00..31.05 rows=1062 width=0)
	                    Index Cond: ((id >= 7537727) AND (id <= 7538726))

table 5 : explain SELECT DISTINCT c FROM sbtest5 WHERE id BETWEEN 7404269 AND 7405268 ORDER BY c
	Unique  (cost=3985.37..3990.44 rows=1015 width=121)
	  ->  Sort  (cost=3985.37..3987.91 rows=1015 width=121)
	        Sort Key: c
	        ->  Bitmap Heap Scan on sbtest5  (cost=30.84..3934.68 rows=1015 width=121)
	              Recheck Cond: ((id >= 7404269) AND (id <= 7405268))
	              ->  Bitmap Index Scan on sbtest5_pkey  (cost=0.00..30.58 rows=1015 width=0)
	                    Index Cond: ((id >= 7404269) AND (id <= 7405268))

table 6 : explain SELECT DISTINCT c FROM sbtest6 WHERE id BETWEEN 8691178 AND 8692177 ORDER BY c
	Unique  (cost=4189.15..4194.49 rows=1069 width=121)
	  ->  Sort  (cost=4189.15..4191.82 rows=1069 width=121)
	        Sort Key: c
	        ->  Bitmap Heap Scan on sbtest6  (cost=31.39..4135.37 rows=1069 width=121)
	              Recheck Cond: ((id >= 8691178) AND (id <= 8692177))
	              ->  Bitmap Index Scan on sbtest6_pkey  (cost=0.00..31.12 rows=1069 width=0)
	                    Index Cond: ((id >= 8691178) AND (id <= 8692177))

table 7 : explain SELECT DISTINCT c FROM sbtest7 WHERE id BETWEEN 5236181 AND 5237180 ORDER BY c
	Unique  (cost=3831.94..3836.81 rows=975 width=121)
	  ->  Sort  (cost=3831.94..3834.38 rows=975 width=121)
	        Sort Key: c
	        ->  Bitmap Heap Scan on sbtest7  (cost=30.43..3783.53 rows=975 width=121)
	              Recheck Cond: ((id >= 5236181) AND (id <= 5237180))
	              ->  Bitmap Index Scan on sbtest7_pkey  (cost=0.00..30.18 rows=975 width=0)
	                    Index Cond: ((id >= 5236181) AND (id <= 5237180))

table 8 : explain SELECT DISTINCT c FROM sbtest8 WHERE id BETWEEN 7810649 AND 7811648 ORDER BY c
	Unique  (cost=3771.96..3776.76 rows=960 width=121)
	  ->  Sort  (cost=3771.96..3774.36 rows=960 width=121)
	        Sort Key: c
	        ->  Bitmap Heap Scan on sbtest8  (cost=30.27..3724.41 rows=960 width=121)
	              Recheck Cond: ((id >= 7810649) AND (id <= 7811648))
	              ->  Bitmap Index Scan on sbtest8_pkey  (cost=0.00..30.04 rows=960 width=0)
	                    Index Cond: ((id >= 7810649) AND (id <= 7811648))

for: order_ranges
table 1 : explain SELECT c FROM sbtest1 WHERE id BETWEEN 3964691 AND 3965690 ORDER BY c
	Sort  (cost=3909.62..3912.11 rows=997 width=121)
	  Sort Key: c
	  ->  Bitmap Heap Scan on sbtest1  (cost=30.65..3859.96 rows=997 width=121)
	        Recheck Cond: ((id >= 3964691) AND (id <= 3965690))
	        ->  Bitmap Index Scan on sbtest1_pkey  (cost=0.00..30.40 rows=997 width=0)
	              Index Cond: ((id >= 3964691) AND (id <= 3965690))

table 2 : explain SELECT c FROM sbtest2 WHERE id BETWEEN 8747399 AND 8748398 ORDER BY c
	Sort  (cost=3742.47..3744.85 rows=953 width=121)
	  Sort Key: c
	  ->  Bitmap Heap Scan on sbtest2  (cost=30.20..3695.31 rows=953 width=121)
	        Recheck Cond: ((id >= 8747399) AND (id <= 8748398))
	        ->  Bitmap Index Scan on sbtest2_pkey  (cost=0.00..29.96 rows=953 width=0)
	              Index Cond: ((id >= 8747399) AND (id <= 8748398))

table 3 : explain SELECT c FROM sbtest3 WHERE id BETWEEN 2717647 AND 2718646 ORDER BY c
	Sort  (cost=4294.00..4296.75 rows=1097 width=121)
	  Sort Key: c
	  ->  Bitmap Heap Scan on sbtest3  (cost=31.68..4238.61 rows=1097 width=121)
	        Recheck Cond: ((id >= 2717647) AND (id <= 2718646))
	        ->  Bitmap Index Scan on sbtest3_pkey  (cost=0.00..31.40 rows=1097 width=0)
	              Index Cond: ((id >= 2717647) AND (id <= 2718646))

table 4 : explain SELECT c FROM sbtest4 WHERE id BETWEEN 7157051 AND 7158050 ORDER BY c
	Sort  (cost=4164.06..4166.72 rows=1063 width=121)
	  Sort Key: c
	  ->  Bitmap Heap Scan on sbtest4  (cost=31.33..4110.62 rows=1063 width=121)
	        Recheck Cond: ((id >= 7157051) AND (id <= 7158050))
	        ->  Bitmap Index Scan on sbtest4_pkey  (cost=0.00..31.07 rows=1063 width=0)
	              Index Cond: ((id >= 7157051) AND (id <= 7158050))

table 5 : explain SELECT c FROM sbtest5 WHERE id BETWEEN 1116681 AND 1117680 ORDER BY c
	Sort  (cost=3766.60..3768.99 rows=958 width=121)
	  Sort Key: c
	  ->  Bitmap Heap Scan on sbtest5  (cost=30.25..3719.16 rows=958 width=121)
	        Recheck Cond: ((id >= 1116681) AND (id <= 1117680))
	        ->  Bitmap Index Scan on sbtest5_pkey  (cost=0.00..30.01 rows=958 width=0)
	              Index Cond: ((id >= 1116681) AND (id <= 1117680))

table 6 : explain SELECT c FROM sbtest6 WHERE id BETWEEN 3460911 AND 3461910 ORDER BY c
	Sort  (cost=4410.76..4413.58 rows=1127 width=121)
	  Sort Key: c
	  ->  Bitmap Heap Scan on sbtest6  (cost=31.99..4353.63 rows=1127 width=121)
	        Recheck Cond: ((id >= 3460911) AND (id <= 3461910))
	        ->  Bitmap Index Scan on sbtest6_pkey  (cost=0.00..31.70 rows=1127 width=0)
	              Index Cond: ((id >= 3460911) AND (id <= 3461910))

table 7 : explain SELECT c FROM sbtest7 WHERE id BETWEEN 9215105 AND 9216104 ORDER BY c
	Sort  (cost=3866.49..3868.95 rows=984 width=121)
	  Sort Key: c
	  ->  Bitmap Heap Scan on sbtest7  (cost=30.52..3817.57 rows=984 width=121)
	        Recheck Cond: ((id >= 9215105) AND (id <= 9216104))
	        ->  Bitmap Index Scan on sbtest7_pkey  (cost=0.00..30.27 rows=984 width=0)
	              Index Cond: ((id >= 9215105) AND (id <= 9216104))

table 8 : explain SELECT c FROM sbtest8 WHERE id BETWEEN 9888785 AND 9889784 ORDER BY c
	Sort  (cost=3844.85..3847.30 rows=979 width=121)
	  Sort Key: c
	  ->  Bitmap Heap Scan on sbtest8  (cost=30.47..3796.22 rows=979 width=121)
	        Recheck Cond: ((id >= 9888785) AND (id <= 9889784))
	        ->  Bitmap Index Scan on sbtest8_pkey  (cost=0.00..30.22 rows=979 width=0)
	              Index Cond: ((id >= 9888785) AND (id <= 9889784))

explain: for point_selects :: explain SELECT c FROM sbtest%u WHERE id=%u
for: distinct_ranges
table 1 : explain SELECT DISTINCT c FROM sbtest1 WHERE id BETWEEN 7012793 AND 7013792 ORDER BY c
	Unique  (cost=4253.55..4258.98 rows=1087 width=121)
	  ->  Sort  (cost=4253.55..4256.27 rows=1087 width=121)
	        Sort Key: c
	        ->  Bitmap Heap Scan on sbtest1  (cost=31.58..4198.73 rows=1087 width=121)
	              Recheck Cond: ((id >= 7012793) AND (id <= 7013792))
	              ->  Bitmap Index Scan on sbtest1_pkey  (cost=0.00..31.30 rows=1087 width=0)
	                    Index Cond: ((id >= 7012793) AND (id <= 7013792))

table 2 : explain SELECT DISTINCT c FROM sbtest2 WHERE id BETWEEN 5614098 AND 5615097 ORDER BY c
	Unique  (cost=3884.25..3889.20 rows=990 width=121)
	  ->  Sort  (cost=3884.25..3886.73 rows=990 width=121)
	        Sort Key: c
	        ->  Bitmap Heap Scan on sbtest2  (cost=30.58..3834.99 rows=990 width=121)
	              Recheck Cond: ((id >= 5614098) AND (id <= 5615097))
	              ->  Bitmap Index Scan on sbtest2_pkey  (cost=0.00..30.33 rows=990 width=0)
	                    Index Cond: ((id >= 5614098) AND (id <= 5615097))

table 3 : explain SELECT DISTINCT c FROM sbtest3 WHERE id BETWEEN 8010323 AND 8011322 ORDER BY c
	Unique  (cost=4106.78..4112.02 rows=1048 width=121)
	  ->  Sort  (cost=4106.78..4109.40 rows=1048 width=121)
	        Sort Key: c
	        ->  Bitmap Heap Scan on sbtest3  (cost=31.18..4054.20 rows=1048 width=121)
	              Recheck Cond: ((id >= 8010323) AND (id <= 8011322))
	              ->  Bitmap Index Scan on sbtest3_pkey  (cost=0.00..30.91 rows=1048 width=0)
	                    Index Cond: ((id >= 8010323) AND (id <= 8011322))

table 4 : explain SELECT DISTINCT c FROM sbtest4 WHERE id BETWEEN 9218383 AND 9219382 ORDER BY c
	Unique  (cost=3662.21..3666.87 rows=933 width=121)
	  ->  Sort  (cost=3662.21..3664.54 rows=933 width=121)
	        Sort Key: c
	        ->  Bitmap Heap Scan on sbtest4  (cost=26.00..3616.18 rows=933 width=121)
	              Recheck Cond: ((id >= 9218383) AND (id <= 9219382))
	              ->  Bitmap Index Scan on sbtest4_pkey  (cost=0.00..25.76 rows=933 width=0)
	                    Index Cond: ((id >= 9218383) AND (id <= 9219382))

table 5 : explain SELECT DISTINCT c FROM sbtest5 WHERE id BETWEEN 2782882 AND 2783881 ORDER BY c
	Unique  (cost=3954.69..3959.72 rows=1007 width=121)
	  ->  Sort  (cost=3954.69..3957.20 rows=1007 width=121)
	        Sort Key: c
	        ->  Bitmap Heap Scan on sbtest5  (cost=30.76..3904.46 rows=1007 width=121)
	              Recheck Cond: ((id >= 2782882) AND (id <= 2783881))
	              ->  Bitmap Index Scan on sbtest5_pkey  (cost=0.00..30.50 rows=1007 width=0)
	                    Index Cond: ((id >= 2782882) AND (id <= 2783881))

table 6 : explain SELECT DISTINCT c FROM sbtest6 WHERE id BETWEEN 8237739 AND 8238738 ORDER BY c
	Unique  (cost=4147.07..4152.36 rows=1058 width=121)
	  ->  Sort  (cost=4147.07..4149.72 rows=1058 width=121)
	        Sort Key: c
	        ->  Bitmap Heap Scan on sbtest6  (cost=31.28..4093.92 rows=1058 width=121)
	              Recheck Cond: ((id >= 8237739) AND (id <= 8238738))
	              ->  Bitmap Index Scan on sbtest6_pkey  (cost=0.00..31.01 rows=1058 width=0)
	                    Index Cond: ((id >= 8237739) AND (id <= 8238738))

table 7 : explain SELECT DISTINCT c FROM sbtest7 WHERE id BETWEEN 2250477 AND 2251476 ORDER BY c
	Unique  (cost=3878.00..3882.94 rows=987 width=121)
	  ->  Sort  (cost=3878.00..3880.47 rows=987 width=121)
	        Sort Key: c
	        ->  Bitmap Heap Scan on sbtest7  (cost=30.55..3828.92 rows=987 width=121)
	              Recheck Cond: ((id >= 2250477) AND (id <= 2251476))
	              ->  Bitmap Index Scan on sbtest7_pkey  (cost=0.00..30.30 rows=987 width=0)
	                    Index Cond: ((id >= 2250477) AND (id <= 2251476))

table 8 : explain SELECT DISTINCT c FROM sbtest8 WHERE id BETWEEN 2085356 AND 2086355 ORDER BY c
	Unique  (cost=3864.03..3868.95 rows=984 width=121)
	  ->  Sort  (cost=3864.03..3866.49 rows=984 width=121)
	        Sort Key: c
	        ->  Bitmap Heap Scan on sbtest8  (cost=30.52..3815.11 rows=984 width=121)
	              Recheck Cond: ((id >= 2085356) AND (id <= 2086355))
	              ->  Bitmap Index Scan on sbtest8_pkey  (cost=0.00..30.27 rows=984 width=0)
	                    Index Cond: ((id >= 2085356) AND (id <= 2086355))

for point_selects
table 1 : explain SELECT c FROM sbtest1 WHERE id=9723851
	Index Scan using sbtest1_pkey on sbtest1  (cost=0.43..8.45 rows=1 width=121)
	  Index Cond: (id = 9723851)

table 2 : explain SELECT c FROM sbtest2 WHERE id=4732126
	Index Scan using sbtest2_pkey on sbtest2  (cost=0.43..8.45 rows=1 width=121)
	  Index Cond: (id = 4732126)

table 3 : explain SELECT c FROM sbtest3 WHERE id=1171301
	Index Scan using sbtest3_pkey on sbtest3  (cost=0.43..8.45 rows=1 width=121)
	  Index Cond: (id = 1171301)

table 4 : explain SELECT c FROM sbtest4 WHERE id=3489856
	Index Scan using sbtest4_pkey on sbtest4  (cost=0.43..8.45 rows=1 width=121)
	  Index Cond: (id = 3489856)

table 5 : explain SELECT c FROM sbtest5 WHERE id=7600324
	Index Scan using sbtest5_pkey on sbtest5  (cost=0.43..8.45 rows=1 width=121)
	  Index Cond: (id = 7600324)

table 6 : explain SELECT c FROM sbtest6 WHERE id=7546399
	Index Scan using sbtest6_pkey on sbtest6  (cost=0.43..8.45 rows=1 width=121)
	  Index Cond: (id = 7546399)

table 7 : explain SELECT c FROM sbtest7 WHERE id=5099891
	Index Scan using sbtest7_pkey on sbtest7  (cost=0.43..8.45 rows=1 width=121)
	  Index Cond: (id = 5099891)

table 8 : explain SELECT c FROM sbtest8 WHERE id=7728809
	Index Scan using sbtest8_pkey on sbtest8  (cost=0.43..8.45 rows=1 width=121)
	  Index Cond: (id = 7728809)

for: simple_ranges
table 1 : explain SELECT c FROM sbtest1 WHERE id BETWEEN 2353299 AND 2354298
	Bitmap Heap Scan on sbtest1  (cost=30.55..3822.26 rows=987 width=121)
	  Recheck Cond: ((id >= 2353299) AND (id <= 2354298))
	  ->  Bitmap Index Scan on sbtest1_pkey  (cost=0.00..30.30 rows=987 width=0)
	        Index Cond: ((id >= 2353299) AND (id <= 2354298))

table 2 : explain SELECT c FROM sbtest2 WHERE id BETWEEN 1605037 AND 1606036
	Bitmap Heap Scan on sbtest2  (cost=30.51..3808.58 rows=983 width=121)
	  Recheck Cond: ((id >= 1605037) AND (id <= 1606036))
	  ->  Bitmap Index Scan on sbtest2_pkey  (cost=0.00..30.26 rows=983 width=0)
	        Index Cond: ((id >= 1605037) AND (id <= 1606036))

table 3 : explain SELECT c FROM sbtest3 WHERE id BETWEEN 2371912 AND 2372911
	Bitmap Heap Scan on sbtest3  (cost=31.09..4024.07 rows=1040 width=121)
	  Recheck Cond: ((id >= 2371912) AND (id <= 2372911))
	  ->  Bitmap Index Scan on sbtest3_pkey  (cost=0.00..30.83 rows=1040 width=0)
	        Index Cond: ((id >= 2371912) AND (id <= 2372911))

table 4 : explain SELECT c FROM sbtest4 WHERE id BETWEEN 4635261 AND 4636260
	Bitmap Heap Scan on sbtest4  (cost=30.51..3809.07 rows=983 width=121)
	  Recheck Cond: ((id >= 4635261) AND (id <= 4636260))
	  ->  Bitmap Index Scan on sbtest4_pkey  (cost=0.00..30.26 rows=983 width=0)
	        Index Cond: ((id >= 4635261) AND (id <= 4636260))

table 5 : explain SELECT c FROM sbtest5 WHERE id BETWEEN 1932243 AND 1933242
	Bitmap Heap Scan on sbtest5  (cost=31.06..4017.76 rows=1037 width=121)
	  Recheck Cond: ((id >= 1932243) AND (id <= 1933242))
	  ->  Bitmap Index Scan on sbtest5_pkey  (cost=0.00..30.80 rows=1037 width=0)
	        Index Cond: ((id >= 1932243) AND (id <= 1933242))

table 6 : explain SELECT c FROM sbtest6 WHERE id BETWEEN 5098677 AND 5099676
	Bitmap Heap Scan on sbtest6  (cost=29.78..3542.46 rows=912 width=121)
	  Recheck Cond: ((id >= 5098677) AND (id <= 5099676))
	  ->  Bitmap Index Scan on sbtest6_pkey  (cost=0.00..29.55 rows=912 width=0)
	        Index Cond: ((id >= 5098677) AND (id <= 5099676))

table 7 : explain SELECT c FROM sbtest7 WHERE id BETWEEN 1803585 AND 1804584
	Bitmap Heap Scan on sbtest7  (cost=30.06..3647.28 rows=939 width=121)
	  Recheck Cond: ((id >= 1803585) AND (id <= 1804584))
	  ->  Bitmap Index Scan on sbtest7_pkey  (cost=0.00..29.82 rows=939 width=0)
	        Index Cond: ((id >= 1803585) AND (id <= 1804584))

table 8 : explain SELECT c FROM sbtest8 WHERE id BETWEEN 6682315 AND 6683314
	Bitmap Heap Scan on sbtest8  (cost=31.27..4090.56 rows=1057 width=121)
	  Recheck Cond: ((id >= 6682315) AND (id <= 6683314))
	  ->  Bitmap Index Scan on sbtest8_pkey  (cost=0.00..31.00 rows=1057 width=0)
	        Index Cond: ((id >= 6682315) AND (id <= 6683314))

for point_selects
table 1 : explain SELECT c FROM sbtest1 WHERE id=3359018
	Index Scan using sbtest1_pkey on sbtest1  (cost=0.43..8.45 rows=1 width=121)
	  Index Cond: (id = 3359018)

table 2 : explain SELECT c FROM sbtest2 WHERE id=7325569
	Index Scan using sbtest2_pkey on sbtest2  (cost=0.43..8.45 rows=1 width=121)
	  Index Cond: (id = 7325569)

table 3 : explain SELECT c FROM sbtest3 WHERE id=7629568
	Index Scan using sbtest3_pkey on sbtest3  (cost=0.43..8.45 rows=1 width=121)
	  Index Cond: (id = 7629568)

table 4 : explain SELECT c FROM sbtest4 WHERE id=3105113
	Index Scan using sbtest4_pkey on sbtest4  (cost=0.43..8.45 rows=1 width=121)
	  Index Cond: (id = 3105113)

table 5 : explain SELECT c FROM sbtest5 WHERE id=3774703
	Index Scan using sbtest5_pkey on sbtest5  (cost=0.43..8.45 rows=1 width=121)
	  Index Cond: (id = 3774703)

table 6 : explain SELECT c FROM sbtest6 WHERE id=6056299
	Index Scan using sbtest6_pkey on sbtest6  (cost=0.43..8.45 rows=1 width=121)
	  Index Cond: (id = 6056299)

table 7 : explain SELECT c FROM sbtest7 WHERE id=4831671
	Index Scan using sbtest7_pkey on sbtest7  (cost=0.43..8.45 rows=1 width=121)
	  Index Cond: (id = 4831671)

table 8 : explain SELECT c FROM sbtest8 WHERE id=6500314
	Index Scan using sbtest8_pkey on sbtest8  (cost=0.43..8.45 rows=1 width=121)
	  Index Cond: (id = 6500314)

for: distinct_ranges
table 1 : explain SELECT DISTINCT c FROM sbtest1 WHERE id BETWEEN 9572080 AND 9573079 ORDER BY c
	Unique  (cost=3959.36..3964.41 rows=1010 width=121)
	  ->  Sort  (cost=3959.36..3961.88 rows=1010 width=121)
	        Sort Key: c
	        ->  Bitmap Heap Scan on sbtest1  (cost=30.79..3908.96 rows=1010 width=121)
	              Recheck Cond: ((id >= 9572080) AND (id <= 9573079))
	              ->  Bitmap Index Scan on sbtest1_pkey  (cost=0.00..30.54 rows=1010 width=0)
	                    Index Cond: ((id >= 9572080) AND (id <= 9573079))

table 2 : explain SELECT DISTINCT c FROM sbtest2 WHERE id BETWEEN 7185431 AND 7186430 ORDER BY c
	Unique  (cost=4045.00..4050.16 rows=1032 width=121)
	  ->  Sort  (cost=4045.00..4047.58 rows=1032 width=121)
	        Sort Key: c
	        ->  Bitmap Heap Scan on sbtest2  (cost=31.01..3993.34 rows=1032 width=121)
	              Recheck Cond: ((id >= 7185431) AND (id <= 7186430))
	              ->  Bitmap Index Scan on sbtest2_pkey  (cost=0.00..30.75 rows=1032 width=0)
	                    Index Cond: ((id >= 7185431) AND (id <= 7186430))

table 3 : explain SELECT DISTINCT c FROM sbtest3 WHERE id BETWEEN 4150174 AND 4151173 ORDER BY c
	Unique  (cost=3992.01..3997.10 rows=1018 width=121)
	  ->  Sort  (cost=3992.01..3994.56 rows=1018 width=121)
	        Sort Key: c
	        ->  Bitmap Heap Scan on sbtest3  (cost=30.87..3941.16 rows=1018 width=121)
	              Recheck Cond: ((id >= 4150174) AND (id <= 4151173))
	              ->  Bitmap Index Scan on sbtest3_pkey  (cost=0.00..30.61 rows=1018 width=0)
	                    Index Cond: ((id >= 4150174) AND (id <= 4151173))

table 4 : explain SELECT DISTINCT c FROM sbtest4 WHERE id BETWEEN 4900921 AND 4901920 ORDER BY c
	Unique  (cost=3585.43..3590.00 rows=913 width=121)
	  ->  Sort  (cost=3585.43..3587.72 rows=913 width=121)
	        Sort Key: c
	        ->  Bitmap Heap Scan on sbtest4  (cost=25.79..3540.54 rows=913 width=121)
	              Recheck Cond: ((id >= 4900921) AND (id <= 4901920))
	              ->  Bitmap Index Scan on sbtest4_pkey  (cost=0.00..25.57 rows=913 width=0)
	                    Index Cond: ((id >= 4900921) AND (id <= 4901920))

table 5 : explain SELECT DISTINCT c FROM sbtest5 WHERE id BETWEEN 588310 AND 589309 ORDER BY c
	Unique  (cost=3601.31..3605.88 rows=915 width=121)
	  ->  Sort  (cost=3601.31..3603.59 rows=915 width=121)
	        Sort Key: c
	        ->  Bitmap Heap Scan on sbtest5  (cost=29.81..3556.30 rows=915 width=121)
	              Recheck Cond: ((id >= 588310) AND (id <= 589309))
	              ->  Bitmap Index Scan on sbtest5_pkey  (cost=0.00..29.58 rows=915 width=0)
	                    Index Cond: ((id >= 588310) AND (id <= 589309))

table 6 : explain SELECT DISTINCT c FROM sbtest6 WHERE id BETWEEN 4557124 AND 4558123 ORDER BY c
	Unique  (cost=3925.00..3930.00 rows=1000 width=121)
	  ->  Sort  (cost=3925.00..3927.50 rows=1000 width=121)
	        Sort Key: c
	        ->  Bitmap Heap Scan on sbtest6  (cost=30.68..3875.17 rows=1000 width=121)
	              Recheck Cond: ((id >= 4557124) AND (id <= 4558123))
	              ->  Bitmap Index Scan on sbtest6_pkey  (cost=0.00..30.43 rows=1000 width=0)
	                    Index Cond: ((id >= 4557124) AND (id <= 4558123))

table 7 : explain SELECT DISTINCT c FROM sbtest7 WHERE id BETWEEN 4920920 AND 4921919 ORDER BY c
	Unique  (cost=3805.06..3809.90 rows=968 width=121)
	  ->  Sort  (cost=3805.06..3807.48 rows=968 width=121)
	        Sort Key: c
	        ->  Bitmap Heap Scan on sbtest7  (cost=30.36..3757.05 rows=968 width=121)
	              Recheck Cond: ((id >= 4920920) AND (id <= 4921919))
	              ->  Bitmap Index Scan on sbtest7_pkey  (cost=0.00..30.11 rows=968 width=0)
	                    Index Cond: ((id >= 4920920) AND (id <= 4921919))

table 8 : explain SELECT DISTINCT c FROM sbtest8 WHERE id BETWEEN 5242232 AND 5243231 ORDER BY c
	Unique  (cost=4136.00..4141.27 rows=1055 width=121)
	  ->  Sort  (cost=4136.00..4138.63 rows=1055 width=121)
	        Sort Key: c
	        ->  Bitmap Heap Scan on sbtest8  (cost=31.25..4083.02 rows=1055 width=121)
	              Recheck Cond: ((id >= 5242232) AND (id <= 5243231))
	              ->  Bitmap Index Scan on sbtest8_pkey  (cost=0.00..30.98 rows=1055 width=0)
	                    Index Cond: ((id >= 5242232) AND (id <= 5243231))

explain: for point_selects :: explain SELECT c FROM sbtest%u WHERE id=%u
for point_selects
table 1 : explain SELECT c FROM sbtest1 WHERE id=1029970
	Index Scan using sbtest1_pkey on sbtest1  (cost=0.43..8.45 rows=1 width=121)
	  Index Cond: (id = 1029970)

table 2 : explain SELECT c FROM sbtest2 WHERE id=8734265
	Index Scan using sbtest2_pkey on sbtest2  (cost=0.43..8.45 rows=1 width=121)
	  Index Cond: (id = 8734265)

table 3 : explain SELECT c FROM sbtest3 WHERE id=4351421
	Index Scan using sbtest3_pkey on sbtest3  (cost=0.43..8.45 rows=1 width=121)
	  Index Cond: (id = 4351421)

table 4 : explain SELECT c FROM sbtest4 WHERE id=4518629
	Index Scan using sbtest4_pkey on sbtest4  (cost=0.43..8.45 rows=1 width=121)
	  Index Cond: (id = 4518629)

table 5 : explain SELECT c FROM sbtest5 WHERE id=6340093
	Index Scan using sbtest5_pkey on sbtest5  (cost=0.43..8.45 rows=1 width=121)
	  Index Cond: (id = 6340093)

table 6 : explain SELECT c FROM sbtest6 WHERE id=4391426
	Index Scan using sbtest6_pkey on sbtest6  (cost=0.43..8.45 rows=1 width=121)
	  Index Cond: (id = 4391426)

table 7 : explain SELECT c FROM sbtest7 WHERE id=5922372
	Index Scan using sbtest7_pkey on sbtest7  (cost=0.43..8.45 rows=1 width=121)
	  Index Cond: (id = 5922372)

table 8 : explain SELECT c FROM sbtest8 WHERE id=4927526
	Index Scan using sbtest8_pkey on sbtest8  (cost=0.43..8.45 rows=1 width=121)
	  Index Cond: (id = 4927526)

explain: for point_selects :: explain SELECT c FROM sbtest%u WHERE id=%u
explain: for point_selects :: explain SELECT c FROM sbtest%u WHERE id=%u
for point_selects
table 1 : explain SELECT c FROM sbtest1 WHERE id=2839113
	Index Scan using sbtest1_pkey on sbtest1  (cost=0.43..8.45 rows=1 width=121)
	  Index Cond: (id = 2839113)

table 2 : explain SELECT c FROM sbtest2 WHERE id=1015883
	Index Scan using sbtest2_pkey on sbtest2  (cost=0.43..8.45 rows=1 width=121)
	  Index Cond: (id = 1015883)

table 3 : explain SELECT c FROM sbtest3 WHERE id=248122
	Index Scan using sbtest3_pkey on sbtest3  (cost=0.43..8.45 rows=1 width=121)
	  Index Cond: (id = 248122)

table 4 : explain SELECT c FROM sbtest4 WHERE id=8163617
	Index Scan using sbtest4_pkey on sbtest4  (cost=0.43..8.45 rows=1 width=121)
	  Index Cond: (id = 8163617)

table 5 : explain SELECT c FROM sbtest5 WHERE id=8141119
	Index Scan using sbtest5_pkey on sbtest5  (cost=0.43..8.45 rows=1 width=121)
	  Index Cond: (id = 8141119)

table 6 : explain SELECT c FROM sbtest6 WHERE id=1218682
	Index Scan using sbtest6_pkey on sbtest6  (cost=0.43..8.45 rows=1 width=121)
	  Index Cond: (id = 1218682)

table 7 : explain SELECT c FROM sbtest7 WHERE id=2746264
	Index Scan using sbtest7_pkey on sbtest7  (cost=0.43..8.45 rows=1 width=121)
	  Index Cond: (id = 2746264)

table 8 : explain SELECT c FROM sbtest8 WHERE id=4147994
	Index Scan using sbtest8_pkey on sbtest8  (cost=0.43..8.45 rows=1 width=121)
	  Index Cond: (id = 4147994)

for: simple_ranges
table 1 : explain SELECT c FROM sbtest1 WHERE id BETWEEN 9489696 AND 9490695
	Bitmap Heap Scan on sbtest1  (cost=30.57..3829.80 rows=989 width=121)
	  Recheck Cond: ((id >= 9489696) AND (id <= 9490695))
	  ->  Bitmap Index Scan on sbtest1_pkey  (cost=0.00..30.32 rows=989 width=0)
	        Index Cond: ((id >= 9489696) AND (id <= 9490695))

table 2 : explain SELECT c FROM sbtest2 WHERE id BETWEEN 2104560 AND 2105559
	Bitmap Heap Scan on sbtest2  (cost=31.35..4117.60 rows=1065 width=121)
	  Recheck Cond: ((id >= 2104560) AND (id <= 2105559))
	  ->  Bitmap Index Scan on sbtest2_pkey  (cost=0.00..31.08 rows=1065 width=0)
	        Index Cond: ((id >= 2104560) AND (id <= 2105559))

table 3 : explain SELECT c FROM sbtest3 WHERE id BETWEEN 5086866 AND 5087865
	Bitmap Heap Scan on sbtest3  (cost=30.77..3903.45 rows=1008 width=121)
	  Recheck Cond: ((id >= 5086866) AND (id <= 5087865))
	  ->  Bitmap Index Scan on sbtest3_pkey  (cost=0.00..30.51 rows=1008 width=0)
	        Index Cond: ((id >= 5086866) AND (id <= 5087865))

table 4 : explain SELECT c FROM sbtest4 WHERE id BETWEEN 1165291 AND 1166290
	Bitmap Heap Scan on sbtest4  (cost=31.01..3993.86 rows=1032 width=121)
	  Recheck Cond: ((id >= 1165291) AND (id <= 1166290))
	  ->  Bitmap Index Scan on sbtest4_pkey  (cost=0.00..30.75 rows=1032 width=0)
	        Index Cond: ((id >= 1165291) AND (id <= 1166290))

table 5 : explain SELECT c FROM sbtest5 WHERE id BETWEEN 7880361 AND 7881360
	Bitmap Heap Scan on sbtest5  (cost=30.17..3688.88 rows=950 width=121)
	  Recheck Cond: ((id >= 7880361) AND (id <= 7881360))
	  ->  Bitmap Index Scan on sbtest5_pkey  (cost=0.00..29.93 rows=950 width=0)
	        Index Cond: ((id >= 7880361) AND (id <= 7881360))

table 6 : explain SELECT c FROM sbtest6 WHERE id BETWEEN 2929009 AND 2930008
	Bitmap Heap Scan on sbtest6  (cost=30.33..3742.96 rows=965 width=121)
	  Recheck Cond: ((id >= 2929009) AND (id <= 2930008))
	  ->  Bitmap Index Scan on sbtest6_pkey  (cost=0.00..30.08 rows=965 width=0)
	        Index Cond: ((id >= 2929009) AND (id <= 2930008))

table 7 : explain SELECT c FROM sbtest7 WHERE id BETWEEN 4381747 AND 4382746
	Bitmap Heap Scan on sbtest7  (cost=31.20..4066.89 rows=1050 width=121)
	  Recheck Cond: ((id >= 4381747) AND (id <= 4382746))
	  ->  Bitmap Index Scan on sbtest7_pkey  (cost=0.00..30.93 rows=1050 width=0)
	        Index Cond: ((id >= 4381747) AND (id <= 4382746))

table 8 : explain SELECT c FROM sbtest8 WHERE id BETWEEN 2637090 AND 2638089
	Bitmap Heap Scan on sbtest8  (cost=30.81..3920.84 rows=1012 width=121)
	  Recheck Cond: ((id >= 2637090) AND (id <= 2638089))
	  ->  Bitmap Index Scan on sbtest8_pkey  (cost=0.00..30.55 rows=1012 width=0)
	        Index Cond: ((id >= 2637090) AND (id <= 2638089))

for: simple_ranges
table 1 : explain SELECT c FROM sbtest1 WHERE id BETWEEN 468028 AND 469027
	Bitmap Heap Scan on sbtest1  (cost=30.23..3705.30 rows=956 width=121)
	  Recheck Cond: ((id >= 468028) AND (id <= 469027))
	  ->  Bitmap Index Scan on sbtest1_pkey  (cost=0.00..30.00 rows=956 width=0)
	        Index Cond: ((id >= 468028) AND (id <= 469027))

table 2 : explain SELECT c FROM sbtest2 WHERE id BETWEEN 8232129 AND 8233128
	Bitmap Heap Scan on sbtest2  (cost=30.54..3819.90 rows=986 width=121)
	  Recheck Cond: ((id >= 8232129) AND (id <= 8233128))
	  ->  Bitmap Index Scan on sbtest2_pkey  (cost=0.00..30.29 rows=986 width=0)
	        Index Cond: ((id >= 8232129) AND (id <= 8233128))

table 3 : explain SELECT c FROM sbtest3 WHERE id BETWEEN 2558240 AND 2559239
	Bitmap Heap Scan on sbtest3  (cost=30.66..3865.73 rows=998 width=121)
	  Recheck Cond: ((id >= 2558240) AND (id <= 2559239))
	  ->  Bitmap Index Scan on sbtest3_pkey  (cost=0.00..30.41 rows=998 width=0)
	        Index Cond: ((id >= 2558240) AND (id <= 2559239))

table 4 : explain SELECT c FROM sbtest4 WHERE id BETWEEN 210571 AND 211570
	Bitmap Heap Scan on sbtest4  (cost=30.65..3861.90 rows=997 width=121)
	  Recheck Cond: ((id >= 210571) AND (id <= 211570))
	  ->  Bitmap Index Scan on sbtest4_pkey  (cost=0.00..30.40 rows=997 width=0)
	        Index Cond: ((id >= 210571) AND (id <= 211570))

table 5 : explain SELECT c FROM sbtest5 WHERE id BETWEEN 2157125 AND 2158124
	Bitmap Heap Scan on sbtest5  (cost=36.07..4391.14 rows=1135 width=121)
	  Recheck Cond: ((id >= 2157125) AND (id <= 2158124))
	  ->  Bitmap Index Scan on sbtest5_pkey  (cost=0.00..35.79 rows=1135 width=0)
	        Index Cond: ((id >= 2157125) AND (id <= 2158124))

table 6 : explain SELECT c FROM sbtest6 WHERE id BETWEEN 512126 AND 513125
	Bitmap Heap Scan on sbtest6  (cost=30.87..3943.10 rows=1018 width=121)
	  Recheck Cond: ((id >= 512126) AND (id <= 513125))
	  ->  Bitmap Index Scan on sbtest6_pkey  (cost=0.00..30.61 rows=1018 width=0)
	        Index Cond: ((id >= 512126) AND (id <= 513125))

table 7 : explain SELECT c FROM sbtest7 WHERE id BETWEEN 9044726 AND 9045725
	Bitmap Heap Scan on sbtest7  (cost=30.94..3972.51 rows=1025 width=121)
	  Recheck Cond: ((id >= 9044726) AND (id <= 9045725))
	  ->  Bitmap Index Scan on sbtest7_pkey  (cost=0.00..30.68 rows=1025 width=0)
	        Index Cond: ((id >= 9044726) AND (id <= 9045725))

table 8 : explain SELECT c FROM sbtest8 WHERE id BETWEEN 2568975 AND 2569974
	Bitmap Heap Scan on sbtest8  (cost=31.57..4199.80 rows=1086 width=121)
	  Recheck Cond: ((id >= 2568975) AND (id <= 2569974))
	  ->  Bitmap Index Scan on sbtest8_pkey  (cost=0.00..31.29 rows=1086 width=0)
	        Index Cond: ((id >= 2568975) AND (id <= 2569974))

for: order_ranges
table 1 : explain SELECT c FROM sbtest1 WHERE id BETWEEN 1286595 AND 1287594 ORDER BY c
	Sort  (cost=4070.24..4072.84 rows=1039 width=121)
	  Sort Key: c
	  ->  Bitmap Heap Scan on sbtest1  (cost=31.08..4018.18 rows=1039 width=121)
	        Recheck Cond: ((id >= 1286595) AND (id <= 1287594))
	        ->  Bitmap Index Scan on sbtest1_pkey  (cost=0.00..30.82 rows=1039 width=0)
	              Index Cond: ((id >= 1286595) AND (id <= 1287594))

table 2 : explain SELECT c FROM sbtest2 WHERE id BETWEEN 2104674 AND 2105673 ORDER BY c
	Sort  (cost=4171.15..4173.81 rows=1065 width=121)
	  Sort Key: c
	  ->  Bitmap Heap Scan on sbtest2  (cost=31.35..4117.60 rows=1065 width=121)
	        Recheck Cond: ((id >= 2104674) AND (id <= 2105673))
	        ->  Bitmap Index Scan on sbtest2_pkey  (cost=0.00..31.08 rows=1065 width=0)
	              Index Cond: ((id >= 2104674) AND (id <= 2105673))

table 3 : explain SELECT c FROM sbtest3 WHERE id BETWEEN 3001925 AND 3002924 ORDER BY c
	Sort  (cost=3746.82..3749.21 rows=954 width=121)
	  Sort Key: c
	  ->  Bitmap Heap Scan on sbtest3  (cost=30.21..3699.61 rows=954 width=121)
	        Recheck Cond: ((id >= 3001925) AND (id <= 3002924))
	        ->  Bitmap Index Scan on sbtest3_pkey  (cost=0.00..29.97 rows=954 width=0)
	              Index Cond: ((id >= 3001925) AND (id <= 3002924))

table 4 : explain SELECT c FROM sbtest4 WHERE id BETWEEN 8617251 AND 8618250 ORDER BY c
	Sort  (cost=3804.28..3806.70 rows=969 width=121)
	  Sort Key: c
	  ->  Bitmap Heap Scan on sbtest4  (cost=30.37..3756.21 rows=969 width=121)
	        Recheck Cond: ((id >= 8617251) AND (id <= 8618250))
	        ->  Bitmap Index Scan on sbtest4_pkey  (cost=0.00..30.12 rows=969 width=0)
	              Index Cond: ((id >= 8617251) AND (id <= 8618250))

table 5 : explain SELECT c FROM sbtest5 WHERE id BETWEEN 8096399 AND 8097398 ORDER BY c
	Sort  (cost=4004.54..4007.09 rows=1020 width=121)
	  Sort Key: c
	  ->  Bitmap Heap Scan on sbtest5  (cost=30.89..3953.57 rows=1020 width=121)
	        Recheck Cond: ((id >= 8096399) AND (id <= 8097398))
	        ->  Bitmap Index Scan on sbtest5_pkey  (cost=0.00..30.64 rows=1020 width=0)
	              Index Cond: ((id >= 8096399) AND (id <= 8097398))

table 6 : explain SELECT c FROM sbtest6 WHERE id BETWEEN 5675442 AND 5676441 ORDER BY c
	Sort  (cost=3579.61..3581.88 rows=910 width=121)
	  Sort Key: c
	  ->  Bitmap Heap Scan on sbtest6  (cost=29.76..3534.88 rows=910 width=121)
	        Recheck Cond: ((id >= 5675442) AND (id <= 5676441))
	        ->  Bitmap Index Scan on sbtest6_pkey  (cost=0.00..29.54 rows=910 width=0)
	              Index Cond: ((id >= 5675442) AND (id <= 5676441))

table 7 : explain SELECT c FROM sbtest7 WHERE id BETWEEN 6749926 AND 6750925 ORDER BY c
	Sort  (cost=3820.42..3822.85 rows=972 width=121)
	  Sort Key: c
	  ->  Bitmap Heap Scan on sbtest7  (cost=30.40..3772.18 rows=972 width=121)
	        Recheck Cond: ((id >= 6749926) AND (id <= 6750925))
	        ->  Bitmap Index Scan on sbtest7_pkey  (cost=0.00..30.15 rows=972 width=0)
	              Index Cond: ((id >= 6749926) AND (id <= 6750925))

table 8 : explain SELECT c FROM sbtest8 WHERE id BETWEEN 4788670 AND 4789669 ORDER BY c
	Sort  (cost=3917.70..3920.20 rows=998 width=121)
	  Sort Key: c
	  ->  Bitmap Heap Scan on sbtest8  (cost=30.66..3867.99 rows=998 width=121)
	        Recheck Cond: ((id >= 4788670) AND (id <= 4789669))
	        ->  Bitmap Index Scan on sbtest8_pkey  (cost=0.00..30.41 rows=998 width=0)
	              Index Cond: ((id >= 4788670) AND (id <= 4789669))

for: distinct_ranges
table 1 : explain SELECT DISTINCT c FROM sbtest1 WHERE id BETWEEN 1215315 AND 1216314 ORDER BY c
	Unique  (cost=3794.76..3799.60 rows=967 width=121)
	  ->  Sort  (cost=3794.76..3797.18 rows=967 width=121)
	        Sort Key: c
	        ->  Bitmap Heap Scan on sbtest1  (cost=30.35..3746.81 rows=967 width=121)
	              Recheck Cond: ((id >= 1215315) AND (id <= 1216314))
	              ->  Bitmap Index Scan on sbtest1_pkey  (cost=0.00..30.11 rows=967 width=0)
	                    Index Cond: ((id >= 1215315) AND (id <= 1216314))

table 2 : explain SELECT DISTINCT c FROM sbtest2 WHERE id BETWEEN 8791581 AND 8792580 ORDER BY c
	Unique  (cost=3742.47..3747.23 rows=953 width=121)
	  ->  Sort  (cost=3742.47..3744.85 rows=953 width=121)
	        Sort Key: c
	        ->  Bitmap Heap Scan on sbtest2  (cost=30.20..3695.31 rows=953 width=121)
	              Recheck Cond: ((id >= 8791581) AND (id <= 8792580))
	              ->  Bitmap Index Scan on sbtest2_pkey  (cost=0.00..29.96 rows=953 width=0)
	                    Index Cond: ((id >= 8791581) AND (id <= 8792580))

table 3 : explain SELECT DISTINCT c FROM sbtest3 WHERE id BETWEEN 1282696 AND 1283695 ORDER BY c
	Unique  (cost=4045.58..4050.74 rows=1032 width=121)
	  ->  Sort  (cost=4045.58..4048.16 rows=1032 width=121)
	        Sort Key: c
	        ->  Bitmap Heap Scan on sbtest3  (cost=31.01..3993.93 rows=1032 width=121)
	              Recheck Cond: ((id >= 1282696) AND (id <= 1283695))
	              ->  Bitmap Index Scan on sbtest3_pkey  (cost=0.00..30.75 rows=1032 width=0)
	                    Index Cond: ((id >= 1282696) AND (id <= 1283695))

table 4 : explain SELECT DISTINCT c FROM sbtest4 WHERE id BETWEEN 84326 AND 85325 ORDER BY c
	Unique  (cost=3911.56..3916.54 rows=997 width=121)
	  ->  Sort  (cost=3911.56..3914.05 rows=997 width=121)
	        Sort Key: c
	        ->  Bitmap Heap Scan on sbtest4  (cost=30.65..3861.90 rows=997 width=121)
	              Recheck Cond: ((id >= 84326) AND (id <= 85325))
	              ->  Bitmap Index Scan on sbtest4_pkey  (cost=0.00..30.40 rows=997 width=0)
	                    Index Cond: ((id >= 84326) AND (id <= 85325))

table 5 : explain SELECT DISTINCT c FROM sbtest5 WHERE id BETWEEN 9814761 AND 9815760 ORDER BY c
	Unique  (cost=3793.48..3798.31 rows=965 width=121)
	  ->  Sort  (cost=3793.48..3795.90 rows=965 width=121)
	        Sort Key: c
	        ->  Bitmap Heap Scan on sbtest5  (cost=30.33..3745.65 rows=965 width=121)
	              Recheck Cond: ((id >= 9814761) AND (id <= 9815760))
	              ->  Bitmap Index Scan on sbtest5_pkey  (cost=0.00..30.08 rows=965 width=0)
	                    Index Cond: ((id >= 9814761) AND (id <= 9815760))

table 6 : explain SELECT DISTINCT c FROM sbtest6 WHERE id BETWEEN 9503617 AND 9504616 ORDER BY c
	Unique  (cost=3955.65..3960.69 rows=1008 width=121)
	  ->  Sort  (cost=3955.65..3958.17 rows=1008 width=121)
	        Sort Key: c
	        ->  Bitmap Heap Scan on sbtest6  (cost=30.77..3905.37 rows=1008 width=121)
	              Recheck Cond: ((id >= 9503617) AND (id <= 9504616))
	              ->  Bitmap Index Scan on sbtest6_pkey  (cost=0.00..30.51 rows=1008 width=0)
	                    Index Cond: ((id >= 9503617) AND (id <= 9504616))

table 7 : explain SELECT DISTINCT c FROM sbtest7 WHERE id BETWEEN 5283408 AND 5284407 ORDER BY c
	Unique  (cost=3797.38..3802.21 rows=966 width=121)
	  ->  Sort  (cost=3797.38..3799.79 rows=966 width=121)
	        Sort Key: c
	        ->  Bitmap Heap Scan on sbtest7  (cost=30.34..3749.48 rows=966 width=121)
	              Recheck Cond: ((id >= 5283408) AND (id <= 5284407))
	              ->  Bitmap Index Scan on sbtest7_pkey  (cost=0.00..30.09 rows=966 width=0)
	                    Index Cond: ((id >= 5283408) AND (id <= 5284407))

table 8 : explain SELECT DISTINCT c FROM sbtest8 WHERE id BETWEEN 7486475 AND 7487474 ORDER BY c
	Unique  (cost=3948.36..3953.39 rows=1006 width=121)
	  ->  Sort  (cost=3948.36..3950.88 rows=1006 width=121)
	        Sort Key: c
	        ->  Bitmap Heap Scan on sbtest8  (cost=30.75..3898.19 rows=1006 width=121)
	              Recheck Cond: ((id >= 7486475) AND (id <= 7487474))
	              ->  Bitmap Index Scan on sbtest8_pkey  (cost=0.00..30.50 rows=1006 width=0)
	                    Index Cond: ((id >= 7486475) AND (id <= 7487474))

for point_selects
table 1 : explain SELECT c FROM sbtest1 WHERE id=7960596
	Index Scan using sbtest1_pkey on sbtest1  (cost=0.43..8.45 rows=1 width=121)
	  Index Cond: (id = 7960596)

table 2 : explain SELECT c FROM sbtest2 WHERE id=8346558
	Index Scan using sbtest2_pkey on sbtest2  (cost=0.43..8.45 rows=1 width=121)
	  Index Cond: (id = 8346558)

table 3 : explain SELECT c FROM sbtest3 WHERE id=4596241
	Index Scan using sbtest3_pkey on sbtest3  (cost=0.43..8.45 rows=1 width=121)
	  Index Cond: (id = 4596241)

table 4 : explain SELECT c FROM sbtest4 WHERE id=3534605
	Index Scan using sbtest4_pkey on sbtest4  (cost=0.43..8.45 rows=1 width=121)
	  Index Cond: (id = 3534605)

table 5 : explain SELECT c FROM sbtest5 WHERE id=8456673
	Index Scan using sbtest5_pkey on sbtest5  (cost=0.43..8.45 rows=1 width=121)
	  Index Cond: (id = 8456673)

table 6 : explain SELECT c FROM sbtest6 WHERE id=1611280
	Index Scan using sbtest6_pkey on sbtest6  (cost=0.43..8.45 rows=1 width=121)
	  Index Cond: (id = 1611280)

table 7 : explain SELECT c FROM sbtest7 WHERE id=6846907
	Index Scan using sbtest7_pkey on sbtest7  (cost=0.43..8.45 rows=1 width=121)
	  Index Cond: (id = 6846907)

table 8 : explain SELECT c FROM sbtest8 WHERE id=3223598
	Index Scan using sbtest8_pkey on sbtest8  (cost=0.43..8.45 rows=1 width=121)
	  Index Cond: (id = 3223598)

for: sum_ranges
table 1 : explain SELECT SUM(k) FROM sbtest1 WHERE id BETWEEN 9062762 AND 9063761
	Aggregate  (cost=3979.34..3979.35 rows=1 width=8)
	  ->  Bitmap Heap Scan on sbtest1  (cost=30.97..3976.77 rows=1028 width=4)
	        Recheck Cond: ((id >= 9062762) AND (id <= 9063761))
	        ->  Bitmap Index Scan on sbtest1_pkey  (cost=0.00..30.71 rows=1028 width=0)
	              Index Cond: ((id >= 9062762) AND (id <= 9063761))

table 2 : explain SELECT SUM(k) FROM sbtest2 WHERE id BETWEEN 4782252 AND 4783251
	Aggregate  (cost=3795.93..3795.94 rows=1 width=8)
	  ->  Bitmap Heap Scan on sbtest2  (cost=30.47..3793.49 rows=979 width=4)
	        Recheck Cond: ((id >= 4782252) AND (id <= 4783251))
	        ->  Bitmap Index Scan on sbtest2_pkey  (cost=0.00..30.22 rows=979 width=0)
	              Index Cond: ((id >= 4782252) AND (id <= 4783251))

table 3 : explain SELECT SUM(k) FROM sbtest3 WHERE id BETWEEN 5250931 AND 5251930
	Aggregate  (cost=3830.47..3830.48 rows=1 width=8)
	  ->  Bitmap Heap Scan on sbtest3  (cost=30.56..3828.00 rows=988 width=4)
	        Recheck Cond: ((id >= 5250931) AND (id <= 5251930))
	        ->  Bitmap Index Scan on sbtest3_pkey  (cost=0.00..30.32 rows=988 width=0)
	              Index Cond: ((id >= 5250931) AND (id <= 5251930))

table 4 : explain SELECT SUM(k) FROM sbtest4 WHERE id BETWEEN 364629 AND 365628
	Aggregate  (cost=4075.60..4075.61 rows=1 width=8)
	  ->  Bitmap Heap Scan on sbtest4  (cost=31.23..4072.97 rows=1053 width=4)
	        Recheck Cond: ((id >= 364629) AND (id <= 365628))
	        ->  Bitmap Index Scan on sbtest4_pkey  (cost=0.00..30.96 rows=1053 width=0)
	              Index Cond: ((id >= 364629) AND (id <= 365628))

table 5 : explain SELECT SUM(k) FROM sbtest5 WHERE id BETWEEN 2279515 AND 2280514
	Aggregate  (cost=3872.94..3872.95 rows=1 width=8)
	  ->  Bitmap Heap Scan on sbtest5  (cost=30.66..3870.45 rows=998 width=4)
	        Recheck Cond: ((id >= 2279515) AND (id <= 2280514))
	        ->  Bitmap Index Scan on sbtest5_pkey  (cost=0.00..30.41 rows=998 width=0)
	              Index Cond: ((id >= 2279515) AND (id <= 2280514))

table 6 : explain SELECT SUM(k) FROM sbtest6 WHERE id BETWEEN 1051797 AND 1052796
	Aggregate  (cost=3820.99..3821.00 rows=1 width=8)
	  ->  Bitmap Heap Scan on sbtest6  (cost=30.53..3818.53 rows=985 width=4)
	        Recheck Cond: ((id >= 1051797) AND (id <= 1052796))
	        ->  Bitmap Index Scan on sbtest6_pkey  (cost=0.00..30.29 rows=985 width=0)
	              Index Cond: ((id >= 1051797) AND (id <= 1052796))

table 7 : explain SELECT SUM(k) FROM sbtest7 WHERE id BETWEEN 9740540 AND 9741539
	Aggregate  (cost=3835.17..3835.18 rows=1 width=8)
	  ->  Bitmap Heap Scan on sbtest7  (cost=30.56..3832.70 rows=988 width=4)
	        Recheck Cond: ((id >= 9740540) AND (id <= 9741539))
	        ->  Bitmap Index Scan on sbtest7_pkey  (cost=0.00..30.32 rows=988 width=0)
	              Index Cond: ((id >= 9740540) AND (id <= 9741539))

table 8 : explain SELECT SUM(k) FROM sbtest8 WHERE id BETWEEN 4672439 AND 4673438
	Aggregate  (cost=3685.18..3685.19 rows=1 width=8)
	  ->  Bitmap Heap Scan on sbtest8  (cost=30.16..3682.81 rows=949 width=4)
	        Recheck Cond: ((id >= 4672439) AND (id <= 4673438))
	        ->  Bitmap Index Scan on sbtest8_pkey  (cost=0.00..29.93 rows=949 width=0)
	              Index Cond: ((id >= 4672439) AND (id <= 4673438))

explain: for point_selects :: explain SELECT c FROM sbtest%u WHERE id=%u
explain: for point_selects :: explain SELECT c FROM sbtest%u WHERE id=%u
for: sum_ranges
table 1 : explain SELECT SUM(k) FROM sbtest1 WHERE id BETWEEN 423023 AND 424022
	Aggregate  (cost=3707.69..3707.70 rows=1 width=8)
	  ->  Bitmap Heap Scan on sbtest1  (cost=30.23..3705.30 rows=956 width=4)
	        Recheck Cond: ((id >= 423023) AND (id <= 424022))
	        ->  Bitmap Index Scan on sbtest1_pkey  (cost=0.00..30.00 rows=956 width=0)
	              Index Cond: ((id >= 423023) AND (id <= 424022))

table 2 : explain SELECT SUM(k) FROM sbtest2 WHERE id BETWEEN 1596105 AND 1597104
	Aggregate  (cost=3811.04..3811.05 rows=1 width=8)
	  ->  Bitmap Heap Scan on sbtest2  (cost=30.51..3808.58 rows=983 width=4)
	        Recheck Cond: ((id >= 1596105) AND (id <= 1597104))
	        ->  Bitmap Index Scan on sbtest2_pkey  (cost=0.00..30.26 rows=983 width=0)
	              Index Cond: ((id >= 1596105) AND (id <= 1597104))

table 3 : explain SELECT SUM(k) FROM sbtest3 WHERE id BETWEEN 6101447 AND 6102446
	Aggregate  (cost=3683.09..3683.10 rows=1 width=8)
	  ->  Bitmap Heap Scan on sbtest3  (cost=30.16..3680.72 rows=949 width=4)
	        Recheck Cond: ((id >= 6101447) AND (id <= 6102446))
	        ->  Bitmap Index Scan on sbtest3_pkey  (cost=0.00..29.93 rows=949 width=0)
	              Index Cond: ((id >= 6101447) AND (id <= 6102446))

table 4 : explain SELECT SUM(k) FROM sbtest4 WHERE id BETWEEN 7190647 AND 7191646
	Aggregate  (cost=4113.28..4113.29 rows=1 width=8)
	  ->  Bitmap Heap Scan on sbtest4  (cost=31.33..4110.62 rows=1063 width=4)
	        Recheck Cond: ((id >= 7190647) AND (id <= 7191646))
	        ->  Bitmap Index Scan on sbtest4_pkey  (cost=0.00..31.07 rows=1063 width=0)
	              Index Cond: ((id >= 7190647) AND (id <= 7191646))

table 5 : explain SELECT SUM(k) FROM sbtest5 WHERE id BETWEEN 1134171 AND 1135170
	Aggregate  (cost=3721.55..3721.56 rows=1 width=8)
	  ->  Bitmap Heap Scan on sbtest5  (cost=30.25..3719.16 rows=958 width=4)
	        Recheck Cond: ((id >= 1134171) AND (id <= 1135170))
	        ->  Bitmap Index Scan on sbtest5_pkey  (cost=0.00..30.01 rows=958 width=0)
	              Index Cond: ((id >= 1134171) AND (id <= 1135170))

table 6 : explain SELECT SUM(k) FROM sbtest6 WHERE id BETWEEN 763901 AND 764900
	Aggregate  (cost=4058.86..4058.87 rows=1 width=8)
	  ->  Bitmap Heap Scan on sbtest6  (cost=31.18..4056.24 rows=1048 width=4)
	        Recheck Cond: ((id >= 763901) AND (id <= 764900))
	        ->  Bitmap Index Scan on sbtest6_pkey  (cost=0.00..30.91 rows=1048 width=0)
	              Index Cond: ((id >= 763901) AND (id <= 764900))

table 7 : explain SELECT SUM(k) FROM sbtest7 WHERE id BETWEEN 5907246 AND 5908245
	Aggregate  (cost=4133.69..4133.70 rows=1 width=8)
	  ->  Bitmap Heap Scan on sbtest7  (cost=31.37..4131.02 rows=1067 width=4)
	        Recheck Cond: ((id >= 5907246) AND (id <= 5908245))
	        ->  Bitmap Index Scan on sbtest7_pkey  (cost=0.00..31.11 rows=1067 width=0)
	              Index Cond: ((id >= 5907246) AND (id <= 5908245))

table 8 : explain SELECT SUM(k) FROM sbtest8 WHERE id BETWEEN 4996645 AND 4997644
	Aggregate  (cost=3787.32..3787.33 rows=1 width=8)
	  ->  Bitmap Heap Scan on sbtest8  (cost=30.44..3784.88 rows=976 width=4)
	        Recheck Cond: ((id >= 4996645) AND (id <= 4997644))
	        ->  Bitmap Index Scan on sbtest8_pkey  (cost=0.00..30.19 rows=976 width=0)
	              Index Cond: ((id >= 4996645) AND (id <= 4997644))

explain: for point_selects :: explain SELECT c FROM sbtest%u WHERE id=%u
for: simple_ranges
table 1 : explain SELECT c FROM sbtest1 WHERE id BETWEEN 6625872 AND 6626871
	Bitmap Heap Scan on sbtest1  (cost=30.44..3780.77 rows=976 width=121)
	  Recheck Cond: ((id >= 6625872) AND (id <= 6626871))
	  ->  Bitmap Index Scan on sbtest1_pkey  (cost=0.00..30.19 rows=976 width=0)
	        Index Cond: ((id >= 6625872) AND (id <= 6626871))

table 2 : explain SELECT c FROM sbtest2 WHERE id BETWEEN 5400929 AND 5401928
	Bitmap Heap Scan on sbtest2  (cost=25.76..3528.75 rows=910 width=121)
	  Recheck Cond: ((id >= 5400929) AND (id <= 5401928))
	  ->  Bitmap Index Scan on sbtest2_pkey  (cost=0.00..25.54 rows=910 width=0)
	        Index Cond: ((id >= 5400929) AND (id <= 5401928))

table 3 : explain SELECT c FROM sbtest3 WHERE id BETWEEN 6967598 AND 6968597
	Bitmap Heap Scan on sbtest3  (cost=30.35..3748.72 rows=967 width=121)
	  Recheck Cond: ((id >= 6967598) AND (id <= 6968597))
	  ->  Bitmap Index Scan on sbtest3_pkey  (cost=0.00..30.11 rows=967 width=0)
	        Index Cond: ((id >= 6967598) AND (id <= 6968597))

table 4 : explain SELECT c FROM sbtest4 WHERE id BETWEEN 6504094 AND 6505093
	Bitmap Heap Scan on sbtest4  (cost=30.57..3831.71 rows=989 width=121)
	  Recheck Cond: ((id >= 6504094) AND (id <= 6505093))
	  ->  Bitmap Index Scan on sbtest4_pkey  (cost=0.00..30.32 rows=989 width=0)
	        Index Cond: ((id >= 6504094) AND (id <= 6505093))

table 5 : explain SELECT c FROM sbtest5 WHERE id BETWEEN 2642473 AND 2643472
	Bitmap Heap Scan on sbtest5  (cost=30.34..3749.43 rows=966 width=121)
	  Recheck Cond: ((id >= 2642473) AND (id <= 2643472))
	  ->  Bitmap Index Scan on sbtest5_pkey  (cost=0.00..30.09 rows=966 width=0)
	        Index Cond: ((id >= 2642473) AND (id <= 2643472))

table 6 : explain SELECT c FROM sbtest6 WHERE id BETWEEN 2430789 AND 2431788
	Bitmap Heap Scan on sbtest6  (cost=25.48..3424.80 rows=882 width=121)
	  Recheck Cond: ((id >= 2430789) AND (id <= 2431788))
	  ->  Bitmap Index Scan on sbtest6_pkey  (cost=0.00..25.25 rows=882 width=0)
	        Index Cond: ((id >= 2430789) AND (id <= 2431788))

table 7 : explain SELECT c FROM sbtest7 WHERE id BETWEEN 9451557 AND 9452556
	Bitmap Heap Scan on sbtest7  (cost=30.79..3915.85 rows=1010 width=121)
	  Recheck Cond: ((id >= 9451557) AND (id <= 9452556))
	  ->  Bitmap Index Scan on sbtest7_pkey  (cost=0.00..30.54 rows=1010 width=0)
	        Index Cond: ((id >= 9451557) AND (id <= 9452556))

table 8 : explain SELECT c FROM sbtest8 WHERE id BETWEEN 1013457 AND 1014456
	Bitmap Heap Scan on sbtest8  (cost=30.16..3682.81 rows=949 width=121)
	  Recheck Cond: ((id >= 1013457) AND (id <= 1014456))
	  ->  Bitmap Index Scan on sbtest8_pkey  (cost=0.00..29.93 rows=949 width=0)
	        Index Cond: ((id >= 1013457) AND (id <= 1014456))

for: sum_ranges
table 1 : explain SELECT SUM(k) FROM sbtest1 WHERE id BETWEEN 5391013 AND 5392012
	Aggregate  (cost=4235.29..4235.30 rows=1 width=8)
	  ->  Bitmap Heap Scan on sbtest1  (cost=31.67..4232.55 rows=1096 width=4)
	        Recheck Cond: ((id >= 5391013) AND (id <= 5392012))
	        ->  Bitmap Index Scan on sbtest1_pkey  (cost=0.00..31.39 rows=1096 width=0)
	              Index Cond: ((id >= 5391013) AND (id <= 5392012))

table 2 : explain SELECT SUM(k) FROM sbtest2 WHERE id BETWEEN 1692885 AND 1693884
	Aggregate  (cost=4172.97..4172.98 rows=1 width=8)
	  ->  Bitmap Heap Scan on sbtest2  (cost=31.49..4170.28 rows=1079 width=4)
	        Recheck Cond: ((id >= 1692885) AND (id <= 1693884))
	        ->  Bitmap Index Scan on sbtest2_pkey  (cost=0.00..31.22 rows=1079 width=0)
	              Index Cond: ((id >= 1692885) AND (id <= 1693884))

table 3 : explain SELECT SUM(k) FROM sbtest3 WHERE id BETWEEN 3904749 AND 3905748
	Aggregate  (cost=3830.47..3830.48 rows=1 width=8)
	  ->  Bitmap Heap Scan on sbtest3  (cost=30.56..3828.00 rows=988 width=4)
	        Recheck Cond: ((id >= 3904749) AND (id <= 3905748))
	        ->  Bitmap Index Scan on sbtest3_pkey  (cost=0.00..30.32 rows=988 width=0)
	              Index Cond: ((id >= 3904749) AND (id <= 3905748))

table 4 : explain SELECT SUM(k) FROM sbtest4 WHERE id BETWEEN 7358060 AND 7359059
	Aggregate  (cost=4086.91..4086.92 rows=1 width=8)
	  ->  Bitmap Heap Scan on sbtest4  (cost=31.26..4084.27 rows=1056 width=4)
	        Recheck Cond: ((id >= 7358060) AND (id <= 7359059))
	        ->  Bitmap Index Scan on sbtest4_pkey  (cost=0.00..31.00 rows=1056 width=0)
	              Index Cond: ((id >= 7358060) AND (id <= 7359059))

table 5 : explain SELECT SUM(k) FROM sbtest5 WHERE id BETWEEN 3709985 AND 3710984
	Aggregate  (cost=3755.63..3755.64 rows=1 width=8)
	  ->  Bitmap Heap Scan on sbtest5  (cost=30.35..3753.21 rows=967 width=4)
	        Recheck Cond: ((id >= 3709985) AND (id <= 3710984))
	        ->  Bitmap Index Scan on sbtest5_pkey  (cost=0.00..30.11 rows=967 width=0)
	              Index Cond: ((id >= 3709985) AND (id <= 3710984))

table 6 : explain SELECT SUM(k) FROM sbtest6 WHERE id BETWEEN 3797446 AND 3798445
	Aggregate  (cost=3949.42..3949.43 rows=1 width=8)
	  ->  Bitmap Heap Scan on sbtest6  (cost=30.88..3946.88 rows=1019 width=4)
	        Recheck Cond: ((id >= 3797446) AND (id <= 3798445))
	        ->  Bitmap Index Scan on sbtest6_pkey  (cost=0.00..30.62 rows=1019 width=0)
	              Index Cond: ((id >= 3797446) AND (id <= 3798445))

table 7 : explain SELECT SUM(k) FROM sbtest7 WHERE id BETWEEN 2948002 AND 2949001
	Aggregate  (cost=4258.16..4258.17 rows=1 width=8)
	  ->  Bitmap Heap Scan on sbtest7  (cost=31.71..4255.41 rows=1100 width=4)
	        Recheck Cond: ((id >= 2948002) AND (id <= 2949001))
	        ->  Bitmap Index Scan on sbtest7_pkey  (cost=0.00..31.43 rows=1100 width=0)
	              Index Cond: ((id >= 2948002) AND (id <= 2949001))

table 8 : explain SELECT SUM(k) FROM sbtest8 WHERE id BETWEEN 3109464 AND 3110463
	Aggregate  (cost=3919.59..3919.60 rows=1 width=8)
	  ->  Bitmap Heap Scan on sbtest8  (cost=30.80..3917.06 rows=1011 width=4)
	        Recheck Cond: ((id >= 3109464) AND (id <= 3110463))
	        ->  Bitmap Index Scan on sbtest8_pkey  (cost=0.00..30.54 rows=1011 width=0)
	              Index Cond: ((id >= 3109464) AND (id <= 3110463))

for: simple_ranges
table 1 : explain SELECT c FROM sbtest1 WHERE id BETWEEN 3734868 AND 3735867
	Bitmap Heap Scan on sbtest1  (cost=30.30..3727.94 rows=962 width=121)
	  Recheck Cond: ((id >= 3734868) AND (id <= 3735867))
	  ->  Bitmap Index Scan on sbtest1_pkey  (cost=0.00..30.05 rows=962 width=0)
	        Index Cond: ((id >= 3734868) AND (id <= 3735867))

table 2 : explain SELECT c FROM sbtest2 WHERE id BETWEEN 4997288 AND 4998287
	Bitmap Heap Scan on sbtest2  (cost=31.48..4166.51 rows=1078 width=121)
	  Recheck Cond: ((id >= 4997288) AND (id <= 4998287))
	  ->  Bitmap Index Scan on sbtest2_pkey  (cost=0.00..31.21 rows=1078 width=0)
	        Index Cond: ((id >= 4997288) AND (id <= 4998287))

table 3 : explain SELECT c FROM sbtest3 WHERE id BETWEEN 7851165 AND 7852164
	Bitmap Heap Scan on sbtest3  (cost=30.71..3880.82 rows=1002 width=121)
	  Recheck Cond: ((id >= 7851165) AND (id <= 7852164))
	  ->  Bitmap Index Scan on sbtest3_pkey  (cost=0.00..30.45 rows=1002 width=0)
	        Index Cond: ((id >= 7851165) AND (id <= 7852164))

table 4 : explain SELECT c FROM sbtest4 WHERE id BETWEEN 5891367 AND 5892366
	Bitmap Heap Scan on sbtest4  (cost=30.96..3975.02 rows=1027 width=121)
	  Recheck Cond: ((id >= 5891367) AND (id <= 5892366))
	  ->  Bitmap Index Scan on sbtest4_pkey  (cost=0.00..30.70 rows=1027 width=0)
	        Index Cond: ((id >= 5891367) AND (id <= 5892366))

table 5 : explain SELECT c FROM sbtest5 WHERE id BETWEEN 3124052 AND 3125051
	Bitmap Heap Scan on sbtest5  (cost=31.15..4047.96 rows=1045 width=121)
	  Recheck Cond: ((id >= 3124052) AND (id <= 3125051))
	  ->  Bitmap Index Scan on sbtest5_pkey  (cost=0.00..30.89 rows=1045 width=0)
	        Index Cond: ((id >= 3124052) AND (id <= 3125051))

table 6 : explain SELECT c FROM sbtest6 WHERE id BETWEEN 2484131 AND 2485130
	Bitmap Heap Scan on sbtest6  (cost=25.48..3424.80 rows=882 width=121)
	  Recheck Cond: ((id >= 2484131) AND (id <= 2485130))
	  ->  Bitmap Index Scan on sbtest6_pkey  (cost=0.00..25.25 rows=882 width=0)
	        Index Cond: ((id >= 2484131) AND (id <= 2485130))

table 7 : explain SELECT c FROM sbtest7 WHERE id BETWEEN 5729355 AND 5730354
	Bitmap Heap Scan on sbtest7  (cost=30.80..3919.63 rows=1011 width=121)
	  Recheck Cond: ((id >= 5729355) AND (id <= 5730354))
	  ->  Bitmap Index Scan on sbtest7_pkey  (cost=0.00..30.54 rows=1011 width=0)
	        Index Cond: ((id >= 5729355) AND (id <= 5730354))

table 8 : explain SELECT c FROM sbtest8 WHERE id BETWEEN 2875290 AND 2876289
	Bitmap Heap Scan on sbtest8  (cost=31.08..4022.70 rows=1039 width=121)
	  Recheck Cond: ((id >= 2875290) AND (id <= 2876289))
	  ->  Bitmap Index Scan on sbtest8_pkey  (cost=0.00..30.82 rows=1039 width=0)
	        Index Cond: ((id >= 2875290) AND (id <= 2876289))

for: order_ranges
table 1 : explain SELECT c FROM sbtest1 WHERE id BETWEEN 5522045 AND 5523044 ORDER BY c
	Sort  (cost=3798.59..3801.01 rows=968 width=121)
	  Sort Key: c
	  ->  Bitmap Heap Scan on sbtest1  (cost=30.36..3750.59 rows=968 width=121)
	        Recheck Cond: ((id >= 5522045) AND (id <= 5523044))
	        ->  Bitmap Index Scan on sbtest1_pkey  (cost=0.00..30.11 rows=968 width=0)
	              Index Cond: ((id >= 5522045) AND (id <= 5523044))

table 2 : explain SELECT c FROM sbtest2 WHERE id BETWEEN 2558101 AND 2559100 ORDER BY c
	Sort  (cost=4182.61..4185.28 rows=1068 width=121)
	  Sort Key: c
	  ->  Bitmap Heap Scan on sbtest2  (cost=31.38..4128.89 rows=1068 width=121)
	        Recheck Cond: ((id >= 2558101) AND (id <= 2559100))
	        ->  Bitmap Index Scan on sbtest2_pkey  (cost=0.00..31.11 rows=1068 width=0)
	              Index Cond: ((id >= 2558101) AND (id <= 2559100))

table 3 : explain SELECT c FROM sbtest3 WHERE id BETWEEN 8151576 AND 8152575 ORDER BY c
	Sort  (cost=3869.48..3871.95 rows=986 width=121)
	  Sort Key: c
	  ->  Bitmap Heap Scan on sbtest3  (cost=30.54..3820.45 rows=986 width=121)
	        Recheck Cond: ((id >= 8151576) AND (id <= 8152575))
	        ->  Bitmap Index Scan on sbtest3_pkey  (cost=0.00..30.29 rows=986 width=0)
	              Index Cond: ((id >= 8151576) AND (id <= 8152575))

table 4 : explain SELECT c FROM sbtest4 WHERE id BETWEEN 2092645 AND 2093644 ORDER BY c
	Sort  (cost=3865.59..3868.05 rows=985 width=121)
	  Sort Key: c
	  ->  Bitmap Heap Scan on sbtest4  (cost=30.53..3816.62 rows=985 width=121)
	        Recheck Cond: ((id >= 2092645) AND (id <= 2093644))
	        ->  Bitmap Index Scan on sbtest4_pkey  (cost=0.00..30.29 rows=985 width=0)
	              Index Cond: ((id >= 2092645) AND (id <= 2093644))

table 5 : explain SELECT c FROM sbtest5 WHERE id BETWEEN 8912108 AND 8913107 ORDER BY c
	Sort  (cost=4291.79..4294.53 rows=1095 width=121)
	  Sort Key: c
	  ->  Bitmap Heap Scan on sbtest5  (cost=31.66..4236.51 rows=1095 width=121)
	        Recheck Cond: ((id >= 8912108) AND (id <= 8913107))
	        ->  Bitmap Index Scan on sbtest5_pkey  (cost=0.00..31.39 rows=1095 width=0)
	              Index Cond: ((id >= 8912108) AND (id <= 8913107))

table 6 : explain SELECT c FROM sbtest6 WHERE id BETWEEN 5740770 AND 5741769 ORDER BY c
	Sort  (cost=3905.84..3908.32 rows=995 width=121)
	  Sort Key: c
	  ->  Bitmap Heap Scan on sbtest6  (cost=30.63..3856.29 rows=995 width=121)
	        Recheck Cond: ((id >= 5740770) AND (id <= 5741769))
	        ->  Bitmap Index Scan on sbtest6_pkey  (cost=0.00..30.39 rows=995 width=0)
	              Index Cond: ((id >= 5740770) AND (id <= 5741769))

table 7 : explain SELECT c FROM sbtest7 WHERE id BETWEEN 4319895 AND 4320894 ORDER BY c
	Sort  (cost=4119.58..4122.20 rows=1050 width=121)
	  Sort Key: c
	  ->  Bitmap Heap Scan on sbtest7  (cost=31.20..4066.89 rows=1050 width=121)
	        Recheck Cond: ((id >= 4319895) AND (id <= 4320894))
	        ->  Bitmap Index Scan on sbtest7_pkey  (cost=0.00..30.93 rows=1050 width=0)
	              Index Cond: ((id >= 4319895) AND (id <= 4320894))

table 8 : explain SELECT c FROM sbtest8 WHERE id BETWEEN 1107530 AND 1108529 ORDER BY c
	Sort  (cost=3729.74..3732.11 rows=949 width=121)
	  Sort Key: c
	  ->  Bitmap Heap Scan on sbtest8  (cost=30.16..3682.81 rows=949 width=121)
	        Recheck Cond: ((id >= 1107530) AND (id <= 1108529))
	        ->  Bitmap Index Scan on sbtest8_pkey  (cost=0.00..29.93 rows=949 width=0)
	              Index Cond: ((id >= 1107530) AND (id <= 1108529))

for: simple_ranges
table 1 : explain SELECT c FROM sbtest1 WHERE id BETWEEN 5734503 AND 5735502
	Bitmap Heap Scan on sbtest1  (cost=30.58..3833.57 rows=990 width=121)
	  Recheck Cond: ((id >= 5734503) AND (id <= 5735502))
	  ->  Bitmap Index Scan on sbtest1_pkey  (cost=0.00..30.33 rows=990 width=0)
	        Index Cond: ((id >= 5734503) AND (id <= 5735502))

table 2 : explain SELECT c FROM sbtest2 WHERE id BETWEEN 1376780 AND 1377779
	Bitmap Heap Scan on sbtest2  (cost=30.83..3925.50 rows=1014 width=121)
	  Recheck Cond: ((id >= 1376780) AND (id <= 1377779))
	  ->  Bitmap Index Scan on sbtest2_pkey  (cost=0.00..30.57 rows=1014 width=0)
	        Index Cond: ((id >= 1376780) AND (id <= 1377779))

table 3 : explain SELECT c FROM sbtest3 WHERE id BETWEEN 7538285 AND 7539284
	Bitmap Heap Scan on sbtest3  (cost=30.46..3790.25 rows=978 width=121)
	  Recheck Cond: ((id >= 7538285) AND (id <= 7539284))
	  ->  Bitmap Index Scan on sbtest3_pkey  (cost=0.00..30.21 rows=978 width=0)
	        Index Cond: ((id >= 7538285) AND (id <= 7539284))

table 4 : explain SELECT c FROM sbtest4 WHERE id BETWEEN 4973304 AND 4974303
	Bitmap Heap Scan on sbtest4  (cost=30.99..3986.33 rows=1030 width=121)
	  Recheck Cond: ((id >= 4973304) AND (id <= 4974303))
	  ->  Bitmap Index Scan on sbtest4_pkey  (cost=0.00..30.73 rows=1030 width=0)
	        Index Cond: ((id >= 4973304) AND (id <= 4974303))

table 5 : explain SELECT c FROM sbtest5 WHERE id BETWEEN 1608251 AND 1609250
	Bitmap Heap Scan on sbtest5  (cost=30.48..3802.39 rows=980 width=121)
	  Recheck Cond: ((id >= 1608251) AND (id <= 1609250))
	  ->  Bitmap Index Scan on sbtest5_pkey  (cost=0.00..30.23 rows=980 width=0)
	        Index Cond: ((id >= 1608251) AND (id <= 1609250))

table 6 : explain SELECT c FROM sbtest6 WHERE id BETWEEN 1510275 AND 1511274
	Bitmap Heap Scan on sbtest6  (cost=30.92..3961.97 rows=1023 width=121)
	  Recheck Cond: ((id >= 1510275) AND (id <= 1511274))
	  ->  Bitmap Index Scan on sbtest6_pkey  (cost=0.00..30.66 rows=1023 width=0)
	        Index Cond: ((id >= 1510275) AND (id <= 1511274))

table 7 : explain SELECT c FROM sbtest7 WHERE id BETWEEN 1813116 AND 1814115
	Bitmap Heap Scan on sbtest7  (cost=30.06..3647.28 rows=939 width=121)
	  Recheck Cond: ((id >= 1813116) AND (id <= 1814115))
	  ->  Bitmap Index Scan on sbtest7_pkey  (cost=0.00..29.82 rows=939 width=0)
	        Index Cond: ((id >= 1813116) AND (id <= 1814115))

table 8 : explain SELECT c FROM sbtest8 WHERE id BETWEEN 7945600 AND 7946599
	Bitmap Heap Scan on sbtest8  (cost=30.29..3728.19 rows=961 width=121)
	  Recheck Cond: ((id >= 7945600) AND (id <= 7946599))
	  ->  Bitmap Index Scan on sbtest8_pkey  (cost=0.00..30.04 rows=961 width=0)
	        Index Cond: ((id >= 7945600) AND (id <= 7946599))

explain: for point_selects :: explain SELECT c FROM sbtest%u WHERE id=%u
explain: for point_selects :: explain SELECT c FROM sbtest%u WHERE id=%u
for: order_ranges
table 1 : explain SELECT c FROM sbtest1 WHERE id BETWEEN 8745401 AND 8746400 ORDER BY c
	Sort  (cost=3936.41..3938.92 rows=1004 width=121)
	  Sort Key: c
	  ->  Bitmap Heap Scan on sbtest1  (cost=30.73..3886.35 rows=1004 width=121)
	        Recheck Cond: ((id >= 8745401) AND (id <= 8746400))
	        ->  Bitmap Index Scan on sbtest1_pkey  (cost=0.00..30.47 rows=1004 width=0)
	              Index Cond: ((id >= 8745401) AND (id <= 8746400))

table 2 : explain SELECT c FROM sbtest2 WHERE id BETWEEN 5022404 AND 5023403 ORDER BY c
	Sort  (cost=4220.81..4223.51 rows=1078 width=121)
	  Sort Key: c
	  ->  Bitmap Heap Scan on sbtest2  (cost=31.48..4166.51 rows=1078 width=121)
	        Recheck Cond: ((id >= 5022404) AND (id <= 5023403))
	        ->  Bitmap Index Scan on sbtest2_pkey  (cost=0.00..31.21 rows=1078 width=0)
	              Index Cond: ((id >= 5022404) AND (id <= 5023403))

table 3 : explain SELECT c FROM sbtest3 WHERE id BETWEEN 18395 AND 19394 ORDER BY c
	Sort  (cost=4030.28..4032.85 rows=1028 width=121)
	  Sort Key: c
	  ->  Bitmap Heap Scan on sbtest3  (cost=30.97..3978.85 rows=1028 width=121)
	        Recheck Cond: ((id >= 18395) AND (id <= 19394))
	        ->  Bitmap Index Scan on sbtest3_pkey  (cost=0.00..30.71 rows=1028 width=0)
	              Index Cond: ((id >= 18395) AND (id <= 19394))

table 4 : explain SELECT c FROM sbtest4 WHERE id BETWEEN 9079617 AND 9080616 ORDER BY c
	Sort  (cost=3976.64..3979.18 rows=1014 width=121)
	  Sort Key: c
	  ->  Bitmap Heap Scan on sbtest4  (cost=30.83..3926.01 rows=1014 width=121)
	        Recheck Cond: ((id >= 9079617) AND (id <= 9080616))
	        ->  Bitmap Index Scan on sbtest4_pkey  (cost=0.00..30.57 rows=1014 width=0)
	              Index Cond: ((id >= 9079617) AND (id <= 9080616))

table 5 : explain SELECT c FROM sbtest5 WHERE id BETWEEN 3797431 AND 3798430 ORDER BY c
	Sort  (cost=4207.60..4210.28 rows=1073 width=121)
	  Sort Key: c
	  ->  Bitmap Heap Scan on sbtest5  (cost=31.43..4153.58 rows=1073 width=121)
	        Recheck Cond: ((id >= 3797431) AND (id <= 3798430))
	        ->  Bitmap Index Scan on sbtest5_pkey  (cost=0.00..31.16 rows=1073 width=0)
	              Index Cond: ((id >= 3797431) AND (id <= 3798430))

table 6 : explain SELECT c FROM sbtest6 WHERE id BETWEEN 4152886 AND 4153885 ORDER BY c
	Sort  (cost=3959.48..3962.01 rows=1009 width=121)
	  Sort Key: c
	  ->  Bitmap Heap Scan on sbtest6  (cost=30.78..3909.14 rows=1009 width=121)
	        Recheck Cond: ((id >= 4152886) AND (id <= 4153885))
	        ->  Bitmap Index Scan on sbtest6_pkey  (cost=0.00..30.52 rows=1009 width=0)
	              Index Cond: ((id >= 4152886) AND (id <= 4153885))

table 7 : explain SELECT c FROM sbtest7 WHERE id BETWEEN 2216873 AND 2217872 ORDER BY c
	Sort  (cost=3662.89..3665.21 rows=931 width=121)
	  Sort Key: c
	  ->  Bitmap Heap Scan on sbtest7  (cost=29.98..3616.97 rows=931 width=121)
	        Recheck Cond: ((id >= 2216873) AND (id <= 2217872))
	        ->  Bitmap Index Scan on sbtest7_pkey  (cost=0.00..29.75 rows=931 width=0)
	              Index Cond: ((id >= 2216873) AND (id <= 2217872))

table 8 : explain SELECT c FROM sbtest8 WHERE id BETWEEN 7228714 AND 7229713 ORDER BY c
	Sort  (cost=4181.90..4184.57 rows=1067 width=121)
	  Sort Key: c
	  ->  Bitmap Heap Scan on sbtest8  (cost=31.37..4128.24 rows=1067 width=121)
	        Recheck Cond: ((id >= 7228714) AND (id <= 7229713))
	        ->  Bitmap Index Scan on sbtest8_pkey  (cost=0.00..31.11 rows=1067 width=0)
	              Index Cond: ((id >= 7228714) AND (id <= 7229713))

for: sum_ranges
table 1 : explain SELECT SUM(k) FROM sbtest1 WHERE id BETWEEN 8505673 AND 8506672
	Aggregate  (cost=3616.99..3617.00 rows=1 width=8)
	  ->  Bitmap Heap Scan on sbtest1  (cost=29.99..3614.66 rows=932 width=4)
	        Recheck Cond: ((id >= 8505673) AND (id <= 8506672))
	        ->  Bitmap Index Scan on sbtest1_pkey  (cost=0.00..29.75 rows=932 width=0)
	              Index Cond: ((id >= 8505673) AND (id <= 8506672))

table 2 : explain SELECT SUM(k) FROM sbtest2 WHERE id BETWEEN 5996063 AND 5997062
	Aggregate  (cost=4022.31..4022.32 rows=1 width=8)
	  ->  Bitmap Heap Scan on sbtest2  (cost=31.08..4019.71 rows=1039 width=4)
	        Recheck Cond: ((id >= 5996063) AND (id <= 5997062))
	        ->  Bitmap Index Scan on sbtest2_pkey  (cost=0.00..30.82 rows=1039 width=0)
	              Index Cond: ((id >= 5996063) AND (id <= 5997062))

table 3 : explain SELECT SUM(k) FROM sbtest3 WHERE id BETWEEN 156687 AND 157686
	Aggregate  (cost=4406.83..4406.84 rows=1 width=8)
	  ->  Bitmap Heap Scan on sbtest3  (cost=32.14..4403.98 rows=1142 width=4)
	        Recheck Cond: ((id >= 156687) AND (id <= 157686))
	        ->  Bitmap Index Scan on sbtest3_pkey  (cost=0.00..31.86 rows=1142 width=0)
	              Index Cond: ((id >= 156687) AND (id <= 157686))

table 4 : explain SELECT SUM(k) FROM sbtest4 WHERE id BETWEEN 4745782 AND 4746781
	Aggregate  (cost=3819.08..3819.09 rows=1 width=8)
	  ->  Bitmap Heap Scan on sbtest4  (cost=30.53..3816.62 rows=985 width=4)
	        Recheck Cond: ((id >= 4745782) AND (id <= 4746781))
	        ->  Bitmap Index Scan on sbtest4_pkey  (cost=0.00..30.29 rows=985 width=0)
	              Index Cond: ((id >= 4745782) AND (id <= 4746781))

table 5 : explain SELECT SUM(k) FROM sbtest5 WHERE id BETWEEN 8080605 AND 8081604
	Aggregate  (cost=4092.10..4092.11 rows=1 width=8)
	  ->  Bitmap Heap Scan on sbtest5  (cost=31.26..4089.46 rows=1056 width=4)
	        Recheck Cond: ((id >= 8080605) AND (id <= 8081604))
	        ->  Bitmap Index Scan on sbtest5_pkey  (cost=0.00..31.00 rows=1056 width=0)
	              Index Cond: ((id >= 8080605) AND (id <= 8081604))

table 6 : explain SELECT SUM(k) FROM sbtest6 WHERE id BETWEEN 9205886 AND 9206885
	Aggregate  (cost=3620.49..3620.50 rows=1 width=8)
	  ->  Bitmap Heap Scan on sbtest6  (cost=29.99..3618.16 rows=932 width=4)
	        Recheck Cond: ((id >= 9205886) AND (id <= 9206885))
	        ->  Bitmap Index Scan on sbtest6_pkey  (cost=0.00..29.75 rows=932 width=0)
	              Index Cond: ((id >= 9205886) AND (id <= 9206885))

table 7 : explain SELECT SUM(k) FROM sbtest7 WHERE id BETWEEN 696281 AND 697280
	Aggregate  (cost=3993.97..3993.98 rows=1 width=8)
	  ->  Bitmap Heap Scan on sbtest7  (cost=30.99..3991.39 rows=1030 width=4)
	        Recheck Cond: ((id >= 696281) AND (id <= 697280))
	        ->  Bitmap Index Scan on sbtest7_pkey  (cost=0.00..30.73 rows=1030 width=0)
	              Index Cond: ((id >= 696281) AND (id <= 697280))

table 8 : explain SELECT SUM(k) FROM sbtest8 WHERE id BETWEEN 8818822 AND 8819821
	Aggregate  (cost=4093.20..4093.21 rows=1 width=8)
	  ->  Bitmap Heap Scan on sbtest8  (cost=31.27..4090.56 rows=1057 width=4)
	        Recheck Cond: ((id >= 8818822) AND (id <= 8819821))
	        ->  Bitmap Index Scan on sbtest8_pkey  (cost=0.00..31.00 rows=1057 width=0)
	              Index Cond: ((id >= 8818822) AND (id <= 8819821))

for: order_ranges
table 1 : explain SELECT c FROM sbtest1 WHERE id BETWEEN 780273 AND 781272 ORDER BY c
	Sort  (cost=4242.10..4244.81 rows=1084 width=121)
	  Sort Key: c
	  ->  Bitmap Heap Scan on sbtest1  (cost=31.55..4187.45 rows=1084 width=121)
	        Recheck Cond: ((id >= 780273) AND (id <= 781272))
	        ->  Bitmap Index Scan on sbtest1_pkey  (cost=0.00..31.27 rows=1084 width=0)
	              Index Cond: ((id >= 780273) AND (id <= 781272))

table 2 : explain SELECT c FROM sbtest2 WHERE id BETWEEN 3478086 AND 3479085 ORDER BY c
	Sort  (cost=3638.74..3641.05 rows=927 width=121)
	  Sort Key: c
	  ->  Bitmap Heap Scan on sbtest2  (cost=25.94..3593.05 rows=927 width=121)
	        Recheck Cond: ((id >= 3478086) AND (id <= 3479085))
	        ->  Bitmap Index Scan on sbtest2_pkey  (cost=0.00..25.70 rows=927 width=0)
	              Index Cond: ((id >= 3478086) AND (id <= 3479085))

table 3 : explain SELECT c FROM sbtest3 WHERE id BETWEEN 1890806 AND 1891805 ORDER BY c
	Sort  (cost=3903.96..3906.44 rows=995 width=121)
	  Sort Key: c
	  ->  Bitmap Heap Scan on sbtest3  (cost=30.63..3854.41 rows=995 width=121)
	        Recheck Cond: ((id >= 1890806) AND (id <= 1891805))
	        ->  Bitmap Index Scan on sbtest3_pkey  (cost=0.00..30.39 rows=995 width=0)
	              Index Cond: ((id >= 1890806) AND (id <= 1891805))

table 4 : explain SELECT c FROM sbtest4 WHERE id BETWEEN 9598922 AND 9599921 ORDER BY c
	Sort  (cost=3953.67..3956.19 rows=1008 width=121)
	  Sort Key: c
	  ->  Bitmap Heap Scan on sbtest4  (cost=30.77..3903.39 rows=1008 width=121)
	        Recheck Cond: ((id >= 9598922) AND (id <= 9599921))
	        ->  Bitmap Index Scan on sbtest4_pkey  (cost=0.00..30.51 rows=1008 width=0)
	              Index Cond: ((id >= 9598922) AND (id <= 9599921))

table 5 : explain SELECT c FROM sbtest5 WHERE id BETWEEN 2048725 AND 2049724 ORDER BY c
	Sort  (cost=4138.67..4141.31 rows=1055 width=121)
	  Sort Key: c
	  ->  Bitmap Heap Scan on sbtest5  (cost=31.25..4085.69 rows=1055 width=121)
	        Recheck Cond: ((id >= 2048725) AND (id <= 2049724))
	        ->  Bitmap Index Scan on sbtest5_pkey  (cost=0.00..30.98 rows=1055 width=0)
	              Index Cond: ((id >= 2048725) AND (id <= 2049724))

table 6 : explain SELECT c FROM sbtest6 WHERE id BETWEEN 8216639 AND 8217638 ORDER BY c
	Sort  (cost=4154.72..4157.37 rows=1060 width=121)
	  Sort Key: c
	  ->  Bitmap Heap Scan on sbtest6  (cost=31.30..4101.46 rows=1060 width=121)
	        Recheck Cond: ((id >= 8216639) AND (id <= 8217638))
	        ->  Bitmap Index Scan on sbtest6_pkey  (cost=0.00..31.04 rows=1060 width=0)
	              Index Cond: ((id >= 8216639) AND (id <= 8217638))

table 7 : explain SELECT c FROM sbtest7 WHERE id BETWEEN 9859479 AND 9860478 ORDER BY c
	Sort  (cost=4119.58..4122.20 rows=1050 width=121)
	  Sort Key: c
	  ->  Bitmap Heap Scan on sbtest7  (cost=31.20..4066.89 rows=1050 width=121)
	        Recheck Cond: ((id >= 9859479) AND (id <= 9860478))
	        ->  Bitmap Index Scan on sbtest7_pkey  (cost=0.00..30.93 rows=1050 width=0)
	              Index Cond: ((id >= 9859479) AND (id <= 9860478))

table 8 : explain SELECT c FROM sbtest8 WHERE id BETWEEN 8571293 AND 8572292 ORDER BY c
	Sort  (cost=3982.85..3985.38 rows=1015 width=121)
	  Sort Key: c
	  ->  Bitmap Heap Scan on sbtest8  (cost=30.84..3932.16 rows=1015 width=121)
	        Recheck Cond: ((id >= 8571293) AND (id <= 8572292))
	        ->  Bitmap Index Scan on sbtest8_pkey  (cost=0.00..30.58 rows=1015 width=0)
	              Index Cond: ((id >= 8571293) AND (id <= 8572292))

for: distinct_ranges
table 1 : explain SELECT DISTINCT c FROM sbtest1 WHERE id BETWEEN 8564178 AND 8565177 ORDER BY c
	Unique  (cost=3660.62..3665.28 rows=932 width=121)
	  ->  Sort  (cost=3660.62..3662.95 rows=932 width=121)
	        Sort Key: c
	        ->  Bitmap Heap Scan on sbtest1  (cost=29.99..3614.66 rows=932 width=121)
	              Recheck Cond: ((id >= 8564178) AND (id <= 8565177))
	              ->  Bitmap Index Scan on sbtest1_pkey  (cost=0.00..29.75 rows=932 width=0)
	                    Index Cond: ((id >= 8564178) AND (id <= 8565177))

table 2 : explain SELECT DISTINCT c FROM sbtest2 WHERE id BETWEEN 9919377 AND 9920376 ORDER BY c
	Unique  (cost=3773.14..3777.94 rows=961 width=121)
	  ->  Sort  (cost=3773.14..3775.54 rows=961 width=121)
	        Sort Key: c
	        ->  Bitmap Heap Scan on sbtest2  (cost=30.29..3725.53 rows=961 width=121)
	              Recheck Cond: ((id >= 9919377) AND (id <= 9920376))
	              ->  Bitmap Index Scan on sbtest2_pkey  (cost=0.00..30.04 rows=961 width=0)
	                    Index Cond: ((id >= 9919377) AND (id <= 9920376))

table 3 : explain SELECT DISTINCT c FROM sbtest3 WHERE id BETWEEN 4018566 AND 4019565 ORDER BY c
	Unique  (cost=4221.44..4226.83 rows=1078 width=121)
	  ->  Sort  (cost=4221.44..4224.14 rows=1078 width=121)
	        Sort Key: c
	        ->  Bitmap Heap Scan on sbtest3  (cost=31.48..4167.14 rows=1078 width=121)
	              Recheck Cond: ((id >= 4018566) AND (id <= 4019565))
	              ->  Bitmap Index Scan on sbtest3_pkey  (cost=0.00..31.21 rows=1078 width=0)
	                    Index Cond: ((id >= 4018566) AND (id <= 4019565))

table 4 : explain SELECT DISTINCT c FROM sbtest4 WHERE id BETWEEN 3294640 AND 3295639 ORDER BY c
	Unique  (cost=4030.22..4035.36 rows=1028 width=121)
	  ->  Sort  (cost=4030.22..4032.79 rows=1028 width=121)
	        Sort Key: c
	        ->  Bitmap Heap Scan on sbtest4  (cost=30.97..3978.79 rows=1028 width=121)
	              Recheck Cond: ((id >= 3294640) AND (id <= 3295639))
	              ->  Bitmap Index Scan on sbtest4_pkey  (cost=0.00..30.71 rows=1028 width=0)
	                    Index Cond: ((id >= 3294640) AND (id <= 3295639))

table 5 : explain SELECT DISTINCT c FROM sbtest5 WHERE id BETWEEN 6033284 AND 6034283 ORDER BY c
	Unique  (cost=4253.53..4258.95 rows=1085 width=121)
	  ->  Sort  (cost=4253.53..4256.24 rows=1085 width=121)
	        Sort Key: c
	        ->  Bitmap Heap Scan on sbtest5  (cost=31.56..4198.82 rows=1085 width=121)
	              Recheck Cond: ((id >= 6033284) AND (id <= 6034283))
	              ->  Bitmap Index Scan on sbtest5_pkey  (cost=0.00..31.29 rows=1085 width=0)
	                    Index Cond: ((id >= 6033284) AND (id <= 6034283))

table 6 : explain SELECT DISTINCT c FROM sbtest6 WHERE id BETWEEN 5896823 AND 5897822 ORDER BY c
	Unique  (cost=4166.20..4171.51 rows=1063 width=121)
	  ->  Sort  (cost=4166.20..4168.86 rows=1063 width=121)
	        Sort Key: c
	        ->  Bitmap Heap Scan on sbtest6  (cost=31.33..4112.76 rows=1063 width=121)
	              Recheck Cond: ((id >= 5896823) AND (id <= 5897822))
	              ->  Bitmap Index Scan on sbtest6_pkey  (cost=0.00..31.07 rows=1063 width=0)
	                    Index Cond: ((id >= 5896823) AND (id <= 5897822))

table 7 : explain SELECT DISTINCT c FROM sbtest7 WHERE id BETWEEN 9077541 AND 9078540 ORDER BY c
	Unique  (cost=4023.77..4028.89 rows=1025 width=121)
	  ->  Sort  (cost=4023.77..4026.33 rows=1025 width=121)
	        Sort Key: c
	        ->  Bitmap Heap Scan on sbtest7  (cost=30.94..3972.51 rows=1025 width=121)
	              Recheck Cond: ((id >= 9077541) AND (id <= 9078540))
	              ->  Bitmap Index Scan on sbtest7_pkey  (cost=0.00..30.68 rows=1025 width=0)
	                    Index Cond: ((id >= 9077541) AND (id <= 9078540))

table 8 : explain SELECT DISTINCT c FROM sbtest8 WHERE id BETWEEN 678403 AND 679402 ORDER BY c
	Unique  (cost=3487.49..3491.93 rows=887 width=121)
	  ->  Sort  (cost=3487.49..3489.71 rows=887 width=121)
	        Sort Key: c
	        ->  Bitmap Heap Scan on sbtest8  (cost=25.53..3444.06 rows=887 width=121)
	              Recheck Cond: ((id >= 678403) AND (id <= 679402))
	              ->  Bitmap Index Scan on sbtest8_pkey  (cost=0.00..25.30 rows=887 width=0)
	                    Index Cond: ((id >= 678403) AND (id <= 679402))

for point_selects
table 1 : explain SELECT c FROM sbtest1 WHERE id=1838943
	Index Scan using sbtest1_pkey on sbtest1  (cost=0.43..8.45 rows=1 width=121)
	  Index Cond: (id = 1838943)

table 2 : explain SELECT c FROM sbtest2 WHERE id=4653676
	Index Scan using sbtest2_pkey on sbtest2  (cost=0.43..8.45 rows=1 width=121)
	  Index Cond: (id = 4653676)

table 3 : explain SELECT c FROM sbtest3 WHERE id=3758536
	Index Scan using sbtest3_pkey on sbtest3  (cost=0.43..8.45 rows=1 width=121)
	  Index Cond: (id = 3758536)

table 4 : explain SELECT c FROM sbtest4 WHERE id=2222244
	Index Scan using sbtest4_pkey on sbtest4  (cost=0.43..8.45 rows=1 width=121)
	  Index Cond: (id = 2222244)

table 5 : explain SELECT c FROM sbtest5 WHERE id=5783502
	Index Scan using sbtest5_pkey on sbtest5  (cost=0.43..8.45 rows=1 width=121)
	  Index Cond: (id = 5783502)

table 6 : explain SELECT c FROM sbtest6 WHERE id=2876358
	Index Scan using sbtest6_pkey on sbtest6  (cost=0.43..8.45 rows=1 width=121)
	  Index Cond: (id = 2876358)

table 7 : explain SELECT c FROM sbtest7 WHERE id=2932723
	Index Scan using sbtest7_pkey on sbtest7  (cost=0.43..8.45 rows=1 width=121)
	  Index Cond: (id = 2932723)

table 8 : explain SELECT c FROM sbtest8 WHERE id=9540012
	Index Scan using sbtest8_pkey on sbtest8  (cost=0.43..8.45 rows=1 width=121)
	  Index Cond: (id = 9540012)

for point_selects
table 1 : explain SELECT c FROM sbtest1 WHERE id=5394703
	Index Scan using sbtest1_pkey on sbtest1  (cost=0.43..8.45 rows=1 width=121)
	  Index Cond: (id = 5394703)

table 2 : explain SELECT c FROM sbtest2 WHERE id=1028212
	Index Scan using sbtest2_pkey on sbtest2  (cost=0.43..8.45 rows=1 width=121)
	  Index Cond: (id = 1028212)

table 3 : explain SELECT c FROM sbtest3 WHERE id=9730948
	Index Scan using sbtest3_pkey on sbtest3  (cost=0.43..8.45 rows=1 width=121)
	  Index Cond: (id = 9730948)

table 4 : explain SELECT c FROM sbtest4 WHERE id=1028770
	Index Scan using sbtest4_pkey on sbtest4  (cost=0.43..8.45 rows=1 width=121)
	  Index Cond: (id = 1028770)

table 5 : explain SELECT c FROM sbtest5 WHERE id=1428520
	Index Scan using sbtest5_pkey on sbtest5  (cost=0.43..8.45 rows=1 width=121)
	  Index Cond: (id = 1428520)

table 6 : explain SELECT c FROM sbtest6 WHERE id=629982
	Index Scan using sbtest6_pkey on sbtest6  (cost=0.43..8.45 rows=1 width=121)
	  Index Cond: (id = 629982)

table 7 : explain SELECT c FROM sbtest7 WHERE id=6836317
	Index Scan using sbtest7_pkey on sbtest7  (cost=0.43..8.45 rows=1 width=121)
	  Index Cond: (id = 6836317)

table 8 : explain SELECT c FROM sbtest8 WHERE id=662206
	Index Scan using sbtest8_pkey on sbtest8  (cost=0.43..8.45 rows=1 width=121)
	  Index Cond: (id = 662206)

for point_selects
table 1 : explain SELECT c FROM sbtest1 WHERE id=2957731
	Index Scan using sbtest1_pkey on sbtest1  (cost=0.43..8.45 rows=1 width=121)
	  Index Cond: (id = 2957731)

table 2 : explain SELECT c FROM sbtest2 WHERE id=8730493
	Index Scan using sbtest2_pkey on sbtest2  (cost=0.43..8.45 rows=1 width=121)
	  Index Cond: (id = 8730493)

table 3 : explain SELECT c FROM sbtest3 WHERE id=8751342
	Index Scan using sbtest3_pkey on sbtest3  (cost=0.43..8.45 rows=1 width=121)
	  Index Cond: (id = 8751342)

table 4 : explain SELECT c FROM sbtest4 WHERE id=8904176
	Index Scan using sbtest4_pkey on sbtest4  (cost=0.43..8.45 rows=1 width=121)
	  Index Cond: (id = 8904176)

table 5 : explain SELECT c FROM sbtest5 WHERE id=5361500
	Index Scan using sbtest5_pkey on sbtest5  (cost=0.43..8.45 rows=1 width=121)
	  Index Cond: (id = 5361500)

table 6 : explain SELECT c FROM sbtest6 WHERE id=9445422
	Index Scan using sbtest6_pkey on sbtest6  (cost=0.43..8.45 rows=1 width=121)
	  Index Cond: (id = 9445422)

table 7 : explain SELECT c FROM sbtest7 WHERE id=1748645
	Index Scan using sbtest7_pkey on sbtest7  (cost=0.43..8.45 rows=1 width=121)
	  Index Cond: (id = 1748645)

table 8 : explain SELECT c FROM sbtest8 WHERE id=1241847
	Index Scan using sbtest8_pkey on sbtest8  (cost=0.43..8.45 rows=1 width=121)
	  Index Cond: (id = 1241847)

for point_selects
table 1 : explain SELECT c FROM sbtest1 WHERE id=5859525
	Index Scan using sbtest1_pkey on sbtest1  (cost=0.43..8.45 rows=1 width=121)
	  Index Cond: (id = 5859525)

table 2 : explain SELECT c FROM sbtest2 WHERE id=8452644
	Index Scan using sbtest2_pkey on sbtest2  (cost=0.43..8.45 rows=1 width=121)
	  Index Cond: (id = 8452644)

table 3 : explain SELECT c FROM sbtest3 WHERE id=9983624
	Index Scan using sbtest3_pkey on sbtest3  (cost=0.43..8.45 rows=1 width=121)
	  Index Cond: (id = 9983624)

table 4 : explain SELECT c FROM sbtest4 WHERE id=4671858
	Index Scan using sbtest4_pkey on sbtest4  (cost=0.43..8.45 rows=1 width=121)
	  Index Cond: (id = 4671858)

table 5 : explain SELECT c FROM sbtest5 WHERE id=9600434
	Index Scan using sbtest5_pkey on sbtest5  (cost=0.43..8.45 rows=1 width=121)
	  Index Cond: (id = 9600434)

table 6 : explain SELECT c FROM sbtest6 WHERE id=418736
	Index Scan using sbtest6_pkey on sbtest6  (cost=0.43..8.45 rows=1 width=121)
	  Index Cond: (id = 418736)

table 7 : explain SELECT c FROM sbtest7 WHERE id=825905
	Index Scan using sbtest7_pkey on sbtest7  (cost=0.43..8.45 rows=1 width=121)
	  Index Cond: (id = 825905)

table 8 : explain SELECT c FROM sbtest8 WHERE id=1532030
	Index Scan using sbtest8_pkey on sbtest8  (cost=0.43..8.45 rows=1 width=121)
	  Index Cond: (id = 1532030)

for point_selects
table 1 : explain SELECT c FROM sbtest1 WHERE id=2578164
	Index Scan using sbtest1_pkey on sbtest1  (cost=0.43..8.45 rows=1 width=121)
	  Index Cond: (id = 2578164)

table 2 : explain SELECT c FROM sbtest2 WHERE id=4214731
	Index Scan using sbtest2_pkey on sbtest2  (cost=0.43..8.45 rows=1 width=121)
	  Index Cond: (id = 4214731)

table 3 : explain SELECT c FROM sbtest3 WHERE id=7689687
	Index Scan using sbtest3_pkey on sbtest3  (cost=0.43..8.45 rows=1 width=121)
	  Index Cond: (id = 7689687)

table 4 : explain SELECT c FROM sbtest4 WHERE id=1060263
	Index Scan using sbtest4_pkey on sbtest4  (cost=0.43..8.45 rows=1 width=121)
	  Index Cond: (id = 1060263)

table 5 : explain SELECT c FROM sbtest5 WHERE id=5221660
	Index Scan using sbtest5_pkey on sbtest5  (cost=0.43..8.45 rows=1 width=121)
	  Index Cond: (id = 5221660)

table 6 : explain SELECT c FROM sbtest6 WHERE id=7945413
	Index Scan using sbtest6_pkey on sbtest6  (cost=0.43..8.45 rows=1 width=121)
	  Index Cond: (id = 7945413)

table 7 : explain SELECT c FROM sbtest7 WHERE id=9516615
	Index Scan using sbtest7_pkey on sbtest7  (cost=0.43..8.45 rows=1 width=121)
	  Index Cond: (id = 9516615)

table 8 : explain SELECT c FROM sbtest8 WHERE id=4470964
	Index Scan using sbtest8_pkey on sbtest8  (cost=0.43..8.45 rows=1 width=121)
	  Index Cond: (id = 4470964)

explain: for point_selects :: explain SELECT c FROM sbtest%u WHERE id=%u
for: distinct_ranges
table 1 : explain SELECT DISTINCT c FROM sbtest1 WHERE id BETWEEN 6835310 AND 6836309 ORDER BY c
	Unique  (cost=3894.31..3899.28 rows=993 width=121)
	  ->  Sort  (cost=3894.31..3896.80 rows=993 width=121)
	        Sort Key: c
	        ->  Bitmap Heap Scan on sbtest1  (cost=30.61..3844.88 rows=993 width=121)
	              Recheck Cond: ((id >= 6835310) AND (id <= 6836309))
	              ->  Bitmap Index Scan on sbtest1_pkey  (cost=0.00..30.36 rows=993 width=0)
	                    Index Cond: ((id >= 6835310) AND (id <= 6836309))

table 2 : explain SELECT DISTINCT c FROM sbtest2 WHERE id BETWEEN 3802144 AND 3803143 ORDER BY c
	Unique  (cost=3661.92..3666.58 rows=932 width=121)
	  ->  Sort  (cost=3661.92..3664.25 rows=932 width=121)
	        Sort Key: c
	        ->  Bitmap Heap Scan on sbtest2  (cost=29.99..3615.95 rows=932 width=121)
	              Recheck Cond: ((id >= 3802144) AND (id <= 3803143))
	              ->  Bitmap Index Scan on sbtest2_pkey  (cost=0.00..29.75 rows=932 width=0)
	                    Index Cond: ((id >= 3802144) AND (id <= 3803143))

table 3 : explain SELECT DISTINCT c FROM sbtest3 WHERE id BETWEEN 9290172 AND 9291171 ORDER BY c
	Unique  (cost=3712.30..3717.03 rows=945 width=121)
	  ->  Sort  (cost=3712.30..3714.67 rows=945 width=121)
	        Sort Key: c
	        ->  Bitmap Heap Scan on sbtest3  (cost=30.12..3665.60 rows=945 width=121)
	              Recheck Cond: ((id >= 9290172) AND (id <= 9291171))
	              ->  Bitmap Index Scan on sbtest3_pkey  (cost=0.00..29.89 rows=945 width=0)
	                    Index Cond: ((id >= 9290172) AND (id <= 9291171))

table 4 : explain SELECT DISTINCT c FROM sbtest4 WHERE id BETWEEN 6317883 AND 6318882 ORDER BY c
	Unique  (cost=4014.91..4020.03 rows=1024 width=121)
	  ->  Sort  (cost=4014.91..4017.47 rows=1024 width=121)
	        Sort Key: c
	        ->  Bitmap Heap Scan on sbtest4  (cost=30.93..3963.71 rows=1024 width=121)
	              Recheck Cond: ((id >= 6317883) AND (id <= 6318882))
	              ->  Bitmap Index Scan on sbtest4_pkey  (cost=0.00..30.68 rows=1024 width=0)
	                    Index Cond: ((id >= 6317883) AND (id <= 6318882))

table 5 : explain SELECT DISTINCT c FROM sbtest5 WHERE id BETWEEN 3789313 AND 3790312 ORDER BY c
	Unique  (cost=3801.17..3806.00 rows=967 width=121)
	  ->  Sort  (cost=3801.17..3803.58 rows=967 width=121)
	        Sort Key: c
	        ->  Bitmap Heap Scan on sbtest5  (cost=30.35..3753.21 rows=967 width=121)
	              Recheck Cond: ((id >= 3789313) AND (id <= 3790312))
	              ->  Bitmap Index Scan on sbtest5_pkey  (cost=0.00..30.11 rows=967 width=0)
	                    Index Cond: ((id >= 3789313) AND (id <= 3790312))

table 6 : explain SELECT DISTINCT c FROM sbtest6 WHERE id BETWEEN 9024505 AND 9025504 ORDER BY c
	Unique  (cost=4296.18..4301.67 rows=1097 width=121)
	  ->  Sort  (cost=4296.18..4298.92 rows=1097 width=121)
	        Sort Key: c
	        ->  Bitmap Heap Scan on sbtest6  (cost=31.68..4240.79 rows=1097 width=121)
	              Recheck Cond: ((id >= 9024505) AND (id <= 9025504))
	              ->  Bitmap Index Scan on sbtest6_pkey  (cost=0.00..31.40 rows=1097 width=0)
	                    Index Cond: ((id >= 9024505) AND (id <= 9025504))

table 7 : explain SELECT DISTINCT c FROM sbtest7 WHERE id BETWEEN 3637294 AND 3638293 ORDER BY c
	Unique  (cost=4119.58..4124.83 rows=1050 width=121)
	  ->  Sort  (cost=4119.58..4122.20 rows=1050 width=121)
	        Sort Key: c
	        ->  Bitmap Heap Scan on sbtest7  (cost=31.20..4066.89 rows=1050 width=121)
	              Recheck Cond: ((id >= 3637294) AND (id <= 3638293))
	              ->  Bitmap Index Scan on sbtest7_pkey  (cost=0.00..30.93 rows=1050 width=0)
	                    Index Cond: ((id >= 3637294) AND (id <= 3638293))

table 8 : explain SELECT DISTINCT c FROM sbtest8 WHERE id BETWEEN 8285598 AND 8286597 ORDER BY c
	Unique  (cost=4070.93..4076.12 rows=1038 width=121)
	  ->  Sort  (cost=4070.93..4073.53 rows=1038 width=121)
	        Sort Key: c
	        ->  Bitmap Heap Scan on sbtest8  (cost=31.07..4018.93 rows=1038 width=121)
	              Recheck Cond: ((id >= 8285598) AND (id <= 8286597))
	              ->  Bitmap Index Scan on sbtest8_pkey  (cost=0.00..30.82 rows=1038 width=0)
	                    Index Cond: ((id >= 8285598) AND (id <= 8286597))

for point_selects
table 1 : explain SELECT c FROM sbtest1 WHERE id=1401321
	Index Scan using sbtest1_pkey on sbtest1  (cost=0.43..8.45 rows=1 width=121)
	  Index Cond: (id = 1401321)

table 2 : explain SELECT c FROM sbtest2 WHERE id=7291717
	Index Scan using sbtest2_pkey on sbtest2  (cost=0.43..8.45 rows=1 width=121)
	  Index Cond: (id = 7291717)

table 3 : explain SELECT c FROM sbtest3 WHERE id=8858045
	Index Scan using sbtest3_pkey on sbtest3  (cost=0.43..8.45 rows=1 width=121)
	  Index Cond: (id = 8858045)

table 4 : explain SELECT c FROM sbtest4 WHERE id=4202909
	Index Scan using sbtest4_pkey on sbtest4  (cost=0.43..8.45 rows=1 width=121)
	  Index Cond: (id = 4202909)

table 5 : explain SELECT c FROM sbtest5 WHERE id=9546732
	Index Scan using sbtest5_pkey on sbtest5  (cost=0.43..8.45 rows=1 width=121)
	  Index Cond: (id = 9546732)

table 6 : explain SELECT c FROM sbtest6 WHERE id=2185773
	Index Scan using sbtest6_pkey on sbtest6  (cost=0.43..8.45 rows=1 width=121)
	  Index Cond: (id = 2185773)

table 7 : explain SELECT c FROM sbtest7 WHERE id=371247
	Index Scan using sbtest7_pkey on sbtest7  (cost=0.43..8.45 rows=1 width=121)
	  Index Cond: (id = 371247)

table 8 : explain SELECT c FROM sbtest8 WHERE id=3132378
	Index Scan using sbtest8_pkey on sbtest8  (cost=0.43..8.45 rows=1 width=121)
	  Index Cond: (id = 3132378)

for: distinct_ranges
table 1 : explain SELECT DISTINCT c FROM sbtest1 WHERE id BETWEEN 8751528 AND 8752527 ORDER BY c
	Unique  (cost=3936.41..3941.43 rows=1004 width=121)
	  ->  Sort  (cost=3936.41..3938.92 rows=1004 width=121)
	        Sort Key: c
	        ->  Bitmap Heap Scan on sbtest1  (cost=30.73..3886.35 rows=1004 width=121)
	              Recheck Cond: ((id >= 8751528) AND (id <= 8752527))
	              ->  Bitmap Index Scan on sbtest1_pkey  (cost=0.00..30.47 rows=1004 width=0)
	                    Index Cond: ((id >= 8751528) AND (id <= 8752527))

table 2 : explain SELECT DISTINCT c FROM sbtest2 WHERE id BETWEEN 6066006 AND 6067005 ORDER BY c
	Unique  (cost=4071.77..4076.96 rows=1039 width=121)
	  ->  Sort  (cost=4071.77..4074.37 rows=1039 width=121)
	        Sort Key: c
	        ->  Bitmap Heap Scan on sbtest2  (cost=31.08..4019.71 rows=1039 width=121)
	              Recheck Cond: ((id >= 6066006) AND (id <= 6067005))
	              ->  Bitmap Index Scan on sbtest2_pkey  (cost=0.00..30.82 rows=1039 width=0)
	                    Index Cond: ((id >= 6066006) AND (id <= 6067005))

table 3 : explain SELECT DISTINCT c FROM sbtest3 WHERE id BETWEEN 1604100 AND 1605099 ORDER BY c
	Unique  (cost=3746.82..3751.59 rows=954 width=121)
	  ->  Sort  (cost=3746.82..3749.21 rows=954 width=121)
	        Sort Key: c
	        ->  Bitmap Heap Scan on sbtest3  (cost=30.21..3699.61 rows=954 width=121)
	              Recheck Cond: ((id >= 1604100) AND (id <= 1605099))
	              ->  Bitmap Index Scan on sbtest3_pkey  (cost=0.00..29.97 rows=954 width=0)
	                    Index Cond: ((id >= 1604100) AND (id <= 1605099))

table 4 : explain SELECT DISTINCT c FROM sbtest4 WHERE id BETWEEN 8632922 AND 8633921 ORDER BY c
	Unique  (cost=3804.28..3809.12 rows=969 width=121)
	  ->  Sort  (cost=3804.28..3806.70 rows=969 width=121)
	        Sort Key: c
	        ->  Bitmap Heap Scan on sbtest4  (cost=30.37..3756.21 rows=969 width=121)
	              Recheck Cond: ((id >= 8632922) AND (id <= 8633921))
	              ->  Bitmap Index Scan on sbtest4_pkey  (cost=0.00..30.12 rows=969 width=0)
	                    Index Cond: ((id >= 8632922) AND (id <= 8633921))

table 5 : explain SELECT DISTINCT c FROM sbtest5 WHERE id BETWEEN 4600124 AND 4601123 ORDER BY c
	Unique  (cost=3808.85..3813.69 rows=969 width=121)
	  ->  Sort  (cost=3808.85..3811.27 rows=969 width=121)
	        Sort Key: c
	        ->  Bitmap Heap Scan on sbtest5  (cost=30.37..3760.78 rows=969 width=121)
	              Recheck Cond: ((id >= 4600124) AND (id <= 4601123))
	              ->  Bitmap Index Scan on sbtest5_pkey  (cost=0.00..30.12 rows=969 width=0)
	                    Index Cond: ((id >= 4600124) AND (id <= 4601123))

table 6 : explain SELECT DISTINCT c FROM sbtest6 WHERE id BETWEEN 2881700 AND 2882699 ORDER BY c
	Unique  (cost=3790.80..3795.62 rows=965 width=121)
	  ->  Sort  (cost=3790.80..3793.21 rows=965 width=121)
	        Sort Key: c
	        ->  Bitmap Heap Scan on sbtest6  (cost=30.33..3742.96 rows=965 width=121)
	              Recheck Cond: ((id >= 2881700) AND (id <= 2882699))
	              ->  Bitmap Index Scan on sbtest6_pkey  (cost=0.00..30.08 rows=965 width=0)
	                    Index Cond: ((id >= 2881700) AND (id <= 2882699))

table 7 : explain SELECT DISTINCT c FROM sbtest7 WHERE id BETWEEN 9992472 AND 9993471 ORDER BY c
	Unique  (cost=3732.07..3736.82 rows=949 width=121)
	  ->  Sort  (cost=3732.07..3734.44 rows=949 width=121)
	        Sort Key: c
	        ->  Bitmap Heap Scan on sbtest7  (cost=30.16..3685.14 rows=949 width=121)
	              Recheck Cond: ((id >= 9992472) AND (id <= 9993471))
	              ->  Bitmap Index Scan on sbtest7_pkey  (cost=0.00..29.93 rows=949 width=0)
	                    Index Cond: ((id >= 9992472) AND (id <= 9993471))

table 8 : explain SELECT DISTINCT c FROM sbtest8 WHERE id BETWEEN 9432406 AND 9433405 ORDER BY c
	Unique  (cost=3729.74..3734.48 rows=949 width=121)
	  ->  Sort  (cost=3729.74..3732.11 rows=949 width=121)
	        Sort Key: c
	        ->  Bitmap Heap Scan on sbtest8  (cost=30.16..3682.81 rows=949 width=121)
	              Recheck Cond: ((id >= 9432406) AND (id <= 9433405))
	              ->  Bitmap Index Scan on sbtest8_pkey  (cost=0.00..29.93 rows=949 width=0)
	                    Index Cond: ((id >= 9432406) AND (id <= 9433405))

for: distinct_ranges
table 1 : explain SELECT DISTINCT c FROM sbtest1 WHERE id BETWEEN 5340706 AND 5341705 ORDER BY c
	Unique  (cost=4318.41..4323.93 rows=1104 width=121)
	  ->  Sort  (cost=4318.41..4321.17 rows=1104 width=121)
	        Sort Key: c
	        ->  Bitmap Heap Scan on sbtest1  (cost=31.75..4262.61 rows=1104 width=121)
	              Recheck Cond: ((id >= 5340706) AND (id <= 5341705))
	              ->  Bitmap Index Scan on sbtest1_pkey  (cost=0.00..31.47 rows=1104 width=0)
	                    Index Cond: ((id >= 5340706) AND (id <= 5341705))

table 2 : explain SELECT DISTINCT c FROM sbtest2 WHERE id BETWEEN 6900768 AND 6901767 ORDER BY c
	Unique  (cost=3642.57..3647.21 rows=928 width=121)
	  ->  Sort  (cost=3642.57..3644.89 rows=928 width=121)
	        Sort Key: c
	        ->  Bitmap Heap Scan on sbtest2  (cost=25.95..3596.83 rows=928 width=121)
	              Recheck Cond: ((id >= 6900768) AND (id <= 6901767))
	              ->  Bitmap Index Scan on sbtest2_pkey  (cost=0.00..25.71 rows=928 width=0)
	                    Index Cond: ((id >= 6900768) AND (id <= 6901767))

table 3 : explain SELECT DISTINCT c FROM sbtest3 WHERE id BETWEEN 6515064 AND 6516063 ORDER BY c
	Unique  (cost=3911.61..3916.60 rows=997 width=121)
	  ->  Sort  (cost=3911.61..3914.11 rows=997 width=121)
	        Sort Key: c
	        ->  Bitmap Heap Scan on sbtest3  (cost=30.65..3861.96 rows=997 width=121)
	              Recheck Cond: ((id >= 6515064) AND (id <= 6516063))
	              ->  Bitmap Index Scan on sbtest3_pkey  (cost=0.00..30.40 rows=997 width=0)
	                    Index Cond: ((id >= 6515064) AND (id <= 6516063))

table 4 : explain SELECT DISTINCT c FROM sbtest4 WHERE id BETWEEN 3919494 AND 3920493 ORDER BY c
	Unique  (cost=3400.97..3405.30 rows=865 width=121)
	  ->  Sort  (cost=3400.97..3403.13 rows=865 width=121)
	        Sort Key: c
	        ->  Bitmap Heap Scan on sbtest4  (cost=25.30..3358.77 rows=865 width=121)
	              Recheck Cond: ((id >= 3919494) AND (id <= 3920493))
	              ->  Bitmap Index Scan on sbtest4_pkey  (cost=0.00..25.08 rows=865 width=0)
	                    Index Cond: ((id >= 3919494) AND (id <= 3920493))

table 5 : explain SELECT DISTINCT c FROM sbtest5 WHERE id BETWEEN 3469991 AND 3470990 ORDER BY c
	Unique  (cost=3862.60..3867.51 rows=983 width=121)
	  ->  Sort  (cost=3862.60..3865.05 rows=983 width=121)
	        Sort Key: c
	        ->  Bitmap Heap Scan on sbtest5  (cost=30.51..3813.74 rows=983 width=121)
	              Recheck Cond: ((id >= 3469991) AND (id <= 3470990))
	              ->  Bitmap Index Scan on sbtest5_pkey  (cost=0.00..30.26 rows=983 width=0)
	                    Index Cond: ((id >= 3469991) AND (id <= 3470990))

table 6 : explain SELECT DISTINCT c FROM sbtest6 WHERE id BETWEEN 6583950 AND 6584949 ORDER BY c
	Unique  (cost=3913.50..3918.49 rows=997 width=121)
	  ->  Sort  (cost=3913.50..3915.99 rows=997 width=121)
	        Sort Key: c
	        ->  Bitmap Heap Scan on sbtest6  (cost=30.65..3863.84 rows=997 width=121)
	              Recheck Cond: ((id >= 6583950) AND (id <= 6584949))
	              ->  Bitmap Index Scan on sbtest6_pkey  (cost=0.00..30.40 rows=997 width=0)
	                    Index Cond: ((id >= 6583950) AND (id <= 6584949))

table 7 : explain SELECT DISTINCT c FROM sbtest7 WHERE id BETWEEN 5495076 AND 5496075 ORDER BY c
	Unique  (cost=4065.93..4071.11 rows=1036 width=121)
	  ->  Sort  (cost=4065.93..4068.52 rows=1036 width=121)
	        Sort Key: c
	        ->  Bitmap Heap Scan on sbtest7  (cost=31.05..4014.05 rows=1036 width=121)
	              Recheck Cond: ((id >= 5495076) AND (id <= 5496075))
	              ->  Bitmap Index Scan on sbtest7_pkey  (cost=0.00..30.79 rows=1036 width=0)
	                    Index Cond: ((id >= 5495076) AND (id <= 5496075))

table 8 : explain SELECT DISTINCT c FROM sbtest8 WHERE id BETWEEN 3591481 AND 3592480 ORDER BY c
	Unique  (cost=3944.53..3949.55 rows=1005 width=121)
	  ->  Sort  (cost=3944.53..3947.04 rows=1005 width=121)
	        Sort Key: c
	        ->  Bitmap Heap Scan on sbtest8  (cost=30.74..3894.42 rows=1005 width=121)
	              Recheck Cond: ((id >= 3591481) AND (id <= 3592480))
	              ->  Bitmap Index Scan on sbtest8_pkey  (cost=0.00..30.48 rows=1005 width=0)
	                    Index Cond: ((id >= 3591481) AND (id <= 3592480))

for point_selects
table 1 : explain SELECT c FROM sbtest1 WHERE id=7351640
	Index Scan using sbtest1_pkey on sbtest1  (cost=0.43..8.45 rows=1 width=121)
	  Index Cond: (id = 7351640)

table 2 : explain SELECT c FROM sbtest2 WHERE id=1756135
	Index Scan using sbtest2_pkey on sbtest2  (cost=0.43..8.45 rows=1 width=121)
	  Index Cond: (id = 1756135)

table 3 : explain SELECT c FROM sbtest3 WHERE id=8323546
	Index Scan using sbtest3_pkey on sbtest3  (cost=0.43..8.45 rows=1 width=121)
	  Index Cond: (id = 8323546)

table 4 : explain SELECT c FROM sbtest4 WHERE id=8247102
	Index Scan using sbtest4_pkey on sbtest4  (cost=0.43..8.45 rows=1 width=121)
	  Index Cond: (id = 8247102)

table 5 : explain SELECT c FROM sbtest5 WHERE id=436647
	Index Scan using sbtest5_pkey on sbtest5  (cost=0.43..8.45 rows=1 width=121)
	  Index Cond: (id = 436647)

table 6 : explain SELECT c FROM sbtest6 WHERE id=4965769
	Index Scan using sbtest6_pkey on sbtest6  (cost=0.43..8.45 rows=1 width=121)
	  Index Cond: (id = 4965769)

table 7 : explain SELECT c FROM sbtest7 WHERE id=4097067
	Index Scan using sbtest7_pkey on sbtest7  (cost=0.43..8.45 rows=1 width=121)
	  Index Cond: (id = 4097067)

table 8 : explain SELECT c FROM sbtest8 WHERE id=1928523
	Index Scan using sbtest8_pkey on sbtest8  (cost=0.43..8.45 rows=1 width=121)
	  Index Cond: (id = 1928523)

for: simple_ranges
table 1 : explain SELECT c FROM sbtest1 WHERE id BETWEEN 6257512 AND 6258511
	Bitmap Heap Scan on sbtest1  (cost=30.20..3693.97 rows=953 width=121)
	  Recheck Cond: ((id >= 6257512) AND (id <= 6258511))
	  ->  Bitmap Index Scan on sbtest1_pkey  (cost=0.00..29.96 rows=953 width=0)
	        Index Cond: ((id >= 6257512) AND (id <= 6258511))

table 2 : explain SELECT c FROM sbtest2 WHERE id BETWEEN 6668785 AND 6669784
	Bitmap Heap Scan on sbtest2  (cost=30.40..3767.06 rows=972 width=121)
	  Recheck Cond: ((id >= 6668785) AND (id <= 6669784))
	  ->  Bitmap Index Scan on sbtest2_pkey  (cost=0.00..30.15 rows=972 width=0)
	        Index Cond: ((id >= 6668785) AND (id <= 6669784))

table 3 : explain SELECT c FROM sbtest3 WHERE id BETWEEN 8611647 AND 8612646
	Bitmap Heap Scan on sbtest3  (cost=26.01..3620.02 rows=934 width=121)
	  Recheck Cond: ((id >= 8611647) AND (id <= 8612646))
	  ->  Bitmap Index Scan on sbtest3_pkey  (cost=0.00..25.77 rows=934 width=0)
	        Index Cond: ((id >= 8611647) AND (id <= 8612646))

table 4 : explain SELECT c FROM sbtest4 WHERE id BETWEEN 1262273 AND 1263272
	Bitmap Heap Scan on sbtest4  (cost=30.33..3741.11 rows=965 width=121)
	  Recheck Cond: ((id >= 1262273) AND (id <= 1263272))
	  ->  Bitmap Index Scan on sbtest4_pkey  (cost=0.00..30.08 rows=965 width=0)
	        Index Cond: ((id >= 1262273) AND (id <= 1263272))

table 5 : explain SELECT c FROM sbtest5 WHERE id BETWEEN 7872564 AND 7873563
	Bitmap Heap Scan on sbtest5  (cost=30.17..3688.88 rows=950 width=121)
	  Recheck Cond: ((id >= 7872564) AND (id <= 7873563))
	  ->  Bitmap Index Scan on sbtest5_pkey  (cost=0.00..29.93 rows=950 width=0)
	        Index Cond: ((id >= 7872564) AND (id <= 7873563))

table 6 : explain SELECT c FROM sbtest6 WHERE id BETWEEN 9311825 AND 9312824
	Bitmap Heap Scan on sbtest6  (cost=30.50..3807.20 rows=982 width=121)
	  Recheck Cond: ((id >= 9311825) AND (id <= 9312824))
	  ->  Bitmap Index Scan on sbtest6_pkey  (cost=0.00..30.25 rows=982 width=0)
	        Index Cond: ((id >= 9311825) AND (id <= 9312824))

table 7 : explain SELECT c FROM sbtest7 WHERE id BETWEEN 6941695 AND 6942694
	Bitmap Heap Scan on sbtest7  (cost=30.14..3677.57 rows=947 width=121)
	  Recheck Cond: ((id >= 6941695) AND (id <= 6942694))
	  ->  Bitmap Index Scan on sbtest7_pkey  (cost=0.00..29.90 rows=947 width=0)
	        Index Cond: ((id >= 6941695) AND (id <= 6942694))

table 8 : explain SELECT c FROM sbtest8 WHERE id BETWEEN 3149497 AND 3150496
	Bitmap Heap Scan on sbtest8  (cost=30.80..3917.06 rows=1011 width=121)
	  Recheck Cond: ((id >= 3149497) AND (id <= 3150496))
	  ->  Bitmap Index Scan on sbtest8_pkey  (cost=0.00..30.54 rows=1011 width=0)
	        Index Cond: ((id >= 3149497) AND (id <= 3150496))

explain: for point_selects :: explain SELECT c FROM sbtest%u WHERE id=%u
for: simple_ranges
table 1 : explain SELECT c FROM sbtest1 WHERE id BETWEEN 2392231 AND 2393230
	Bitmap Heap Scan on sbtest1  (cost=30.67..3867.50 rows=999 width=121)
	  Recheck Cond: ((id >= 2392231) AND (id <= 2393230))
	  ->  Bitmap Index Scan on sbtest1_pkey  (cost=0.00..30.43 rows=999 width=0)
	        Index Cond: ((id >= 2392231) AND (id <= 2393230))

table 2 : explain SELECT c FROM sbtest2 WHERE id BETWEEN 5956115 AND 5957114
	Bitmap Heap Scan on sbtest2  (cost=31.47..4162.75 rows=1077 width=121)
	  Recheck Cond: ((id >= 5956115) AND (id <= 5957114))
	  ->  Bitmap Index Scan on sbtest2_pkey  (cost=0.00..31.20 rows=1077 width=0)
	        Index Cond: ((id >= 5956115) AND (id <= 5957114))

table 3 : explain SELECT c FROM sbtest3 WHERE id BETWEEN 4380820 AND 4381819
	Bitmap Heap Scan on sbtest3  (cost=30.61..3846.87 rows=993 width=121)
	  Recheck Cond: ((id >= 4380820) AND (id <= 4381819))
	  ->  Bitmap Index Scan on sbtest3_pkey  (cost=0.00..30.36 rows=993 width=0)
	        Index Cond: ((id >= 4380820) AND (id <= 4381819))

table 4 : explain SELECT c FROM sbtest4 WHERE id BETWEEN 9928621 AND 9929620
	Bitmap Heap Scan on sbtest4  (cost=31.57..4197.17 rows=1086 width=121)
	  Recheck Cond: ((id >= 9928621) AND (id <= 9929620))
	  ->  Bitmap Index Scan on sbtest4_pkey  (cost=0.00..31.29 rows=1086 width=0)
	        Index Cond: ((id >= 9928621) AND (id <= 9929620))

table 5 : explain SELECT c FROM sbtest5 WHERE id BETWEEN 6401590 AND 6402589
	Bitmap Heap Scan on sbtest5  (cost=30.96..3980.01 rows=1027 width=121)
	  Recheck Cond: ((id >= 6401590) AND (id <= 6402589))
	  ->  Bitmap Index Scan on sbtest5_pkey  (cost=0.00..30.70 rows=1027 width=0)
	        Index Cond: ((id >= 6401590) AND (id <= 6402589))

table 6 : explain SELECT c FROM sbtest6 WHERE id BETWEEN 6136854 AND 6137853
	Bitmap Heap Scan on sbtest6  (cost=31.08..4022.31 rows=1039 width=121)
	  Recheck Cond: ((id >= 6136854) AND (id <= 6137853))
	  ->  Bitmap Index Scan on sbtest6_pkey  (cost=0.00..30.82 rows=1039 width=0)
	        Index Cond: ((id >= 6136854) AND (id <= 6137853))

table 7 : explain SELECT c FROM sbtest7 WHERE id BETWEEN 9387350 AND 9388349
	Bitmap Heap Scan on sbtest7  (cost=30.31..3738.13 rows=963 width=121)
	  Recheck Cond: ((id >= 9387350) AND (id <= 9388349))
	  ->  Bitmap Index Scan on sbtest7_pkey  (cost=0.00..30.07 rows=963 width=0)
	        Index Cond: ((id >= 9387350) AND (id <= 9388349))

table 8 : explain SELECT c FROM sbtest8 WHERE id BETWEEN 4209512 AND 4210511
	Bitmap Heap Scan on sbtest8  (cost=31.38..4132.01 rows=1068 width=121)
	  Recheck Cond: ((id >= 4209512) AND (id <= 4210511))
	  ->  Bitmap Index Scan on sbtest8_pkey  (cost=0.00..31.11 rows=1068 width=0)
	        Index Cond: ((id >= 4209512) AND (id <= 4210511))

for: order_ranges
table 1 : explain SELECT c FROM sbtest1 WHERE id BETWEEN 555722 AND 556721 ORDER BY c
	Sort  (cost=3733.46..3735.84 rows=951 width=121)
	  Sort Key: c
	  ->  Bitmap Heap Scan on sbtest1  (cost=30.18..3686.42 rows=951 width=121)
	        Recheck Cond: ((id >= 555722) AND (id <= 556721))
	        ->  Bitmap Index Scan on sbtest1_pkey  (cost=0.00..29.94 rows=951 width=0)
	              Index Cond: ((id >= 555722) AND (id <= 556721))

table 2 : explain SELECT c FROM sbtest2 WHERE id BETWEEN 8026675 AND 8027674 ORDER BY c
	Sort  (cost=3654.08..3656.41 rows=931 width=121)
	  Sort Key: c
	  ->  Bitmap Heap Scan on sbtest2  (cost=25.98..3608.17 rows=931 width=121)
	        Recheck Cond: ((id >= 8026675) AND (id <= 8027674))
	        ->  Bitmap Index Scan on sbtest2_pkey  (cost=0.00..25.75 rows=931 width=0)
	              Index Cond: ((id >= 8026675) AND (id <= 8027674))

table 3 : explain SELECT c FROM sbtest3 WHERE id BETWEEN 8782159 AND 8783158 ORDER BY c
	Sort  (cost=3685.28..3687.63 rows=939 width=121)
	  Sort Key: c
	  ->  Bitmap Heap Scan on sbtest3  (cost=26.06..3638.92 rows=939 width=121)
	        Recheck Cond: ((id >= 8782159) AND (id <= 8783158))
	        ->  Bitmap Index Scan on sbtest3_pkey  (cost=0.00..25.82 rows=939 width=0)
	              Index Cond: ((id >= 8782159) AND (id <= 8783158))

table 4 : explain SELECT c FROM sbtest4 WHERE id BETWEEN 2438453 AND 2439452 ORDER BY c
	Sort  (cost=4351.19..4353.97 rows=1112 width=121)
	  Sort Key: c
	  ->  Bitmap Heap Scan on sbtest4  (cost=31.83..4294.93 rows=1112 width=121)
	        Recheck Cond: ((id >= 2438453) AND (id <= 2439452))
	        ->  Bitmap Index Scan on sbtest4_pkey  (cost=0.00..31.55 rows=1112 width=0)
	              Index Cond: ((id >= 2438453) AND (id <= 2439452))

table 5 : explain SELECT c FROM sbtest5 WHERE id BETWEEN 7123208 AND 7124207 ORDER BY c
	Sort  (cost=3570.53..3572.80 rows=907 width=121)
	  Sort Key: c
	  ->  Bitmap Heap Scan on sbtest5  (cost=29.73..3525.97 rows=907 width=121)
	        Recheck Cond: ((id >= 7123208) AND (id <= 7124207))
	        ->  Bitmap Index Scan on sbtest5_pkey  (cost=0.00..29.50 rows=907 width=0)
	              Index Cond: ((id >= 7123208) AND (id <= 7124207))

table 6 : explain SELECT c FROM sbtest6 WHERE id BETWEEN 2200221 AND 2201220 ORDER BY c
	Sort  (cost=4059.06..4061.64 rows=1035 width=121)
	  Sort Key: c
	  ->  Bitmap Heap Scan on sbtest6  (cost=31.04..4007.23 rows=1035 width=121)
	        Recheck Cond: ((id >= 2200221) AND (id <= 2201220))
	        ->  Bitmap Index Scan on sbtest6_pkey  (cost=0.00..30.79 rows=1035 width=0)
	              Index Cond: ((id >= 2200221) AND (id <= 2201220))

table 7 : explain SELECT c FROM sbtest7 WHERE id BETWEEN 7572189 AND 7573188 ORDER BY c
	Sort  (cost=3816.58..3819.01 rows=971 width=121)
	  Sort Key: c
	  ->  Bitmap Heap Scan on sbtest7  (cost=30.39..3768.40 rows=971 width=121)
	        Recheck Cond: ((id >= 7572189) AND (id <= 7573188))
	        ->  Bitmap Index Scan on sbtest7_pkey  (cost=0.00..30.14 rows=971 width=0)
	              Index Cond: ((id >= 7572189) AND (id <= 7573188))

table 8 : explain SELECT c FROM sbtest8 WHERE id BETWEEN 7902746 AND 7903745 ORDER BY c
	Sort  (cost=3771.96..3774.36 rows=960 width=121)
	  Sort Key: c
	  ->  Bitmap Heap Scan on sbtest8  (cost=30.27..3724.41 rows=960 width=121)
	        Recheck Cond: ((id >= 7902746) AND (id <= 7903745))
	        ->  Bitmap Index Scan on sbtest8_pkey  (cost=0.00..30.04 rows=960 width=0)
	              Index Cond: ((id >= 7902746) AND (id <= 7903745))

for: simple_ranges
table 1 : explain SELECT c FROM sbtest1 WHERE id BETWEEN 9557216 AND 9558215
	Bitmap Heap Scan on sbtest1  (cost=30.79..3908.96 rows=1010 width=121)
	  Recheck Cond: ((id >= 9557216) AND (id <= 9558215))
	  ->  Bitmap Index Scan on sbtest1_pkey  (cost=0.00..30.54 rows=1010 width=0)
	        Index Cond: ((id >= 9557216) AND (id <= 9558215))

table 2 : explain SELECT c FROM sbtest2 WHERE id BETWEEN 5718539 AND 5719538
	Bitmap Heap Scan on sbtest2  (cost=30.43..3778.39 rows=975 width=121)
	  Recheck Cond: ((id >= 5718539) AND (id <= 5719538))
	  ->  Bitmap Index Scan on sbtest2_pkey  (cost=0.00..30.18 rows=975 width=0)
	        Index Cond: ((id >= 5718539) AND (id <= 5719538))

table 3 : explain SELECT c FROM sbtest3 WHERE id BETWEEN 4654094 AND 4655093
	Bitmap Heap Scan on sbtest3  (cost=30.13..3669.38 rows=946 width=121)
	  Recheck Cond: ((id >= 4654094) AND (id <= 4655093))
	  ->  Bitmap Index Scan on sbtest3_pkey  (cost=0.00..29.89 rows=946 width=0)
	        Index Cond: ((id >= 4654094) AND (id <= 4655093))

table 4 : explain SELECT c FROM sbtest4 WHERE id BETWEEN 8454429 AND 8455428
	Bitmap Heap Scan on sbtest4  (cost=30.21..3699.55 rows=954 width=121)
	  Recheck Cond: ((id >= 8454429) AND (id <= 8455428))
	  ->  Bitmap Index Scan on sbtest4_pkey  (cost=0.00..29.97 rows=954 width=0)
	        Index Cond: ((id >= 8454429) AND (id <= 8455428))

table 5 : explain SELECT c FROM sbtest5 WHERE id BETWEEN 5684391 AND 5685390
	Bitmap Heap Scan on sbtest5  (cost=29.76..3537.35 rows=910 width=121)
	  Recheck Cond: ((id >= 5684391) AND (id <= 5685390))
	  ->  Bitmap Index Scan on sbtest5_pkey  (cost=0.00..29.54 rows=910 width=0)
	        Index Cond: ((id >= 5684391) AND (id <= 5685390))

table 6 : explain SELECT c FROM sbtest6 WHERE id BETWEEN 2551566 AND 2552565
	Bitmap Heap Scan on sbtest6  (cost=36.09..4395.23 rows=1137 width=121)
	  Recheck Cond: ((id >= 2551566) AND (id <= 2552565))
	  ->  Bitmap Index Scan on sbtest6_pkey  (cost=0.00..35.81 rows=1137 width=0)
	        Index Cond: ((id >= 2551566) AND (id <= 2552565))

table 7 : explain SELECT c FROM sbtest7 WHERE id BETWEEN 4767931 AND 4768930
	Bitmap Heap Scan on sbtest7  (cost=31.47..4168.73 rows=1077 width=121)
	  Recheck Cond: ((id >= 4767931) AND (id <= 4768930))
	  ->  Bitmap Index Scan on sbtest7_pkey  (cost=0.00..31.20 rows=1077 width=0)
	        Index Cond: ((id >= 4767931) AND (id <= 4768930))

table 8 : explain SELECT c FROM sbtest8 WHERE id BETWEEN 7831420 AND 7832419
	Bitmap Heap Scan on sbtest8  (cost=30.27..3724.41 rows=960 width=121)
	  Recheck Cond: ((id >= 7831420) AND (id <= 7832419))
	  ->  Bitmap Index Scan on sbtest8_pkey  (cost=0.00..30.04 rows=960 width=0)
	        Index Cond: ((id >= 7831420) AND (id <= 7832419))

for: sum_ranges
table 1 : explain SELECT SUM(k) FROM sbtest1 WHERE id BETWEEN 6554765 AND 6555764
	Aggregate  (cost=3609.42..3609.43 rows=1 width=8)
	  ->  Bitmap Heap Scan on sbtest1  (cost=29.97..3607.10 rows=930 width=4)
	        Recheck Cond: ((id >= 6554765) AND (id <= 6555764))
	        ->  Bitmap Index Scan on sbtest1_pkey  (cost=0.00..29.73 rows=930 width=0)
	              Index Cond: ((id >= 6554765) AND (id <= 6555764))

table 2 : explain SELECT SUM(k) FROM sbtest2 WHERE id BETWEEN 2355158 AND 2356157
	Aggregate  (cost=4082.60..4082.61 rows=1 width=8)
	  ->  Bitmap Heap Scan on sbtest2  (cost=31.25..4079.96 rows=1055 width=4)
	        Recheck Cond: ((id >= 2355158) AND (id <= 2356157))
	        ->  Bitmap Index Scan on sbtest2_pkey  (cost=0.00..30.98 rows=1055 width=0)
	              Index Cond: ((id >= 2355158) AND (id <= 2356157))

table 3 : explain SELECT SUM(k) FROM sbtest3 WHERE id BETWEEN 9696863 AND 9697862
	Aggregate  (cost=3580.73..3580.74 rows=1 width=8)
	  ->  Bitmap Heap Scan on sbtest3  (cost=25.90..3578.42 rows=923 width=4)
	        Recheck Cond: ((id >= 9696863) AND (id <= 9697862))
	        ->  Bitmap Index Scan on sbtest3_pkey  (cost=0.00..25.66 rows=923 width=0)
	              Index Cond: ((id >= 9696863) AND (id <= 9697862))

table 4 : explain SELECT SUM(k) FROM sbtest4 WHERE id BETWEEN 5442026 AND 5443025
	Aggregate  (cost=3977.59..3977.60 rows=1 width=8)
	  ->  Bitmap Heap Scan on sbtest4  (cost=30.96..3975.02 rows=1027 width=4)
	        Recheck Cond: ((id >= 5442026) AND (id <= 5443025))
	        ->  Bitmap Index Scan on sbtest4_pkey  (cost=0.00..30.70 rows=1027 width=0)
	              Index Cond: ((id >= 5442026) AND (id <= 5443025))

table 5 : explain SELECT SUM(k) FROM sbtest5 WHERE id BETWEEN 2569371 AND 2570370
	Aggregate  (cost=3672.31..3672.32 rows=1 width=8)
	  ->  Bitmap Heap Scan on sbtest5  (cost=30.12..3669.95 rows=945 width=4)
	        Recheck Cond: ((id >= 2569371) AND (id <= 2570370))
	        ->  Bitmap Index Scan on sbtest5_pkey  (cost=0.00..29.89 rows=945 width=0)
	              Index Cond: ((id >= 2569371) AND (id <= 2570370))

table 6 : explain SELECT SUM(k) FROM sbtest6 WHERE id BETWEEN 4382054 AND 4383053
	Aggregate  (cost=3741.59..3741.60 rows=1 width=8)
	  ->  Bitmap Heap Scan on sbtest6  (cost=30.32..3739.18 rows=964 width=4)
	        Recheck Cond: ((id >= 4382054) AND (id <= 4383053))
	        ->  Bitmap Index Scan on sbtest6_pkey  (cost=0.00..30.07 rows=964 width=0)
	              Index Cond: ((id >= 4382054) AND (id <= 4383053))

table 7 : explain SELECT SUM(k) FROM sbtest7 WHERE id BETWEEN 8646673 AND 8647672
	Aggregate  (cost=3657.20..3657.21 rows=1 width=8)
	  ->  Bitmap Heap Scan on sbtest7  (cost=30.08..3654.85 rows=941 width=4)
	        Recheck Cond: ((id >= 8646673) AND (id <= 8647672))
	        ->  Bitmap Index Scan on sbtest7_pkey  (cost=0.00..29.84 rows=941 width=0)
	              Index Cond: ((id >= 8646673) AND (id <= 8647672))

table 8 : explain SELECT SUM(k) FROM sbtest8 WHERE id BETWEEN 4920610 AND 4921609
	Aggregate  (cost=3787.32..3787.33 rows=1 width=8)
	  ->  Bitmap Heap Scan on sbtest8  (cost=30.44..3784.88 rows=976 width=4)
	        Recheck Cond: ((id >= 4920610) AND (id <= 4921609))
	        ->  Bitmap Index Scan on sbtest8_pkey  (cost=0.00..30.19 rows=976 width=0)
	              Index Cond: ((id >= 4920610) AND (id <= 4921609))

explain: for point_selects :: explain SELECT c FROM sbtest%u WHERE id=%u
for: sum_ranges
table 1 : explain SELECT SUM(k) FROM sbtest1 WHERE id BETWEEN 3973997 AND 3974996
	Aggregate  (cost=3862.46..3862.47 rows=1 width=8)
	  ->  Bitmap Heap Scan on sbtest1  (cost=30.65..3859.96 rows=997 width=4)
	        Recheck Cond: ((id >= 3973997) AND (id <= 3974996))
	        ->  Bitmap Index Scan on sbtest1_pkey  (cost=0.00..30.40 rows=997 width=0)
	              Index Cond: ((id >= 3973997) AND (id <= 3974996))

table 2 : explain SELECT SUM(k) FROM sbtest2 WHERE id BETWEEN 2527849 AND 2528848
	Aggregate  (cost=4131.56..4131.57 rows=1 width=8)
	  ->  Bitmap Heap Scan on sbtest2  (cost=31.38..4128.89 rows=1068 width=4)
	        Recheck Cond: ((id >= 2527849) AND (id <= 2528848))
	        ->  Bitmap Index Scan on sbtest2_pkey  (cost=0.00..31.11 rows=1068 width=0)
	              Index Cond: ((id >= 2527849) AND (id <= 2528848))

table 3 : explain SELECT SUM(k) FROM sbtest3 WHERE id BETWEEN 5130089 AND 5131088
	Aggregate  (cost=3905.97..3905.98 rows=1 width=8)
	  ->  Bitmap Heap Scan on sbtest3  (cost=30.77..3903.45 rows=1008 width=4)
	        Recheck Cond: ((id >= 5130089) AND (id <= 5131088))
	        ->  Bitmap Index Scan on sbtest3_pkey  (cost=0.00..30.51 rows=1008 width=0)
	              Index Cond: ((id >= 5130089) AND (id <= 5131088))

table 4 : explain SELECT SUM(k) FROM sbtest4 WHERE id BETWEEN 6313937 AND 6314936
	Aggregate  (cost=3966.27..3966.28 rows=1 width=8)
	  ->  Bitmap Heap Scan on sbtest4  (cost=30.93..3963.71 rows=1024 width=4)
	        Recheck Cond: ((id >= 6313937) AND (id <= 6314936))
	        ->  Bitmap Index Scan on sbtest4_pkey  (cost=0.00..30.68 rows=1024 width=0)
	              Index Cond: ((id >= 6313937) AND (id <= 6314936))

table 5 : explain SELECT SUM(k) FROM sbtest5 WHERE id BETWEEN 9731903 AND 9732902
	Aggregate  (cost=3569.96..3569.97 rows=1 width=8)
	  ->  Bitmap Heap Scan on sbtest5  (cost=29.84..3567.67 rows=918 width=4)
	        Recheck Cond: ((id >= 9731903) AND (id <= 9732902))
	        ->  Bitmap Index Scan on sbtest5_pkey  (cost=0.00..29.61 rows=918 width=0)
	              Index Cond: ((id >= 9731903) AND (id <= 9732902))

table 6 : explain SELECT SUM(k) FROM sbtest6 WHERE id BETWEEN 1507799 AND 1508798
	Aggregate  (cost=3964.52..3964.53 rows=1 width=8)
	  ->  Bitmap Heap Scan on sbtest6  (cost=30.92..3961.97 rows=1023 width=4)
	        Recheck Cond: ((id >= 1507799) AND (id <= 1508798))
	        ->  Bitmap Index Scan on sbtest6_pkey  (cost=0.00..30.66 rows=1023 width=0)
	              Index Cond: ((id >= 1507799) AND (id <= 1508798))

table 7 : explain SELECT SUM(k) FROM sbtest7 WHERE id BETWEEN 1870987 AND 1871986
	Aggregate  (cost=4129.91..4129.92 rows=1 width=8)
	  ->  Bitmap Heap Scan on sbtest7  (cost=31.36..4127.25 rows=1066 width=4)
	        Recheck Cond: ((id >= 1870987) AND (id <= 1871986))
	        ->  Bitmap Index Scan on sbtest7_pkey  (cost=0.00..31.09 rows=1066 width=0)
	              Index Cond: ((id >= 1870987) AND (id <= 1871986))

table 8 : explain SELECT SUM(k) FROM sbtest8 WHERE id BETWEEN 4924399 AND 4925398
	Aggregate  (cost=3787.32..3787.33 rows=1 width=8)
	  ->  Bitmap Heap Scan on sbtest8  (cost=30.44..3784.88 rows=976 width=4)
	        Recheck Cond: ((id >= 4924399) AND (id <= 4925398))
	        ->  Bitmap Index Scan on sbtest8_pkey  (cost=0.00..30.19 rows=976 width=0)
	              Index Cond: ((id >= 4924399) AND (id <= 4925398))

for point_selects
table 1 : explain SELECT c FROM sbtest1 WHERE id=8639890
	Index Scan using sbtest1_pkey on sbtest1  (cost=0.43..8.45 rows=1 width=121)
	  Index Cond: (id = 8639890)

table 2 : explain SELECT c FROM sbtest2 WHERE id=9976048
	Index Scan using sbtest2_pkey on sbtest2  (cost=0.43..8.45 rows=1 width=121)
	  Index Cond: (id = 9976048)

table 3 : explain SELECT c FROM sbtest3 WHERE id=5824973
	Index Scan using sbtest3_pkey on sbtest3  (cost=0.43..8.45 rows=1 width=121)
	  Index Cond: (id = 5824973)

table 4 : explain SELECT c FROM sbtest4 WHERE id=2234890
	Index Scan using sbtest4_pkey on sbtest4  (cost=0.43..8.45 rows=1 width=121)
	  Index Cond: (id = 2234890)

table 5 : explain SELECT c FROM sbtest5 WHERE id=2372886
	Index Scan using sbtest5_pkey on sbtest5  (cost=0.43..8.45 rows=1 width=121)
	  Index Cond: (id = 2372886)

table 6 : explain SELECT c FROM sbtest6 WHERE id=1194403
	Index Scan using sbtest6_pkey on sbtest6  (cost=0.43..8.45 rows=1 width=121)
	  Index Cond: (id = 1194403)

table 7 : explain SELECT c FROM sbtest7 WHERE id=922253
	Index Scan using sbtest7_pkey on sbtest7  (cost=0.43..8.45 rows=1 width=121)
	  Index Cond: (id = 922253)

table 8 : explain SELECT c FROM sbtest8 WHERE id=5900286
	Index Scan using sbtest8_pkey on sbtest8  (cost=0.43..8.45 rows=1 width=121)
	  Index Cond: (id = 5900286)

for: simple_ranges
table 1 : explain SELECT c FROM sbtest1 WHERE id BETWEEN 3244238 AND 3245237
	Bitmap Heap Scan on sbtest1  (cost=30.82..3920.26 rows=1013 width=121)
	  Recheck Cond: ((id >= 3244238) AND (id <= 3245237))
	  ->  Bitmap Index Scan on sbtest1_pkey  (cost=0.00..30.57 rows=1013 width=0)
	        Index Cond: ((id >= 3244238) AND (id <= 3245237))

table 2 : explain SELECT c FROM sbtest2 WHERE id BETWEEN 4437163 AND 4438162
	Bitmap Heap Scan on sbtest2  (cost=30.42..3774.61 rows=974 width=121)
	  Recheck Cond: ((id >= 4437163) AND (id <= 4438162))
	  ->  Bitmap Index Scan on sbtest2_pkey  (cost=0.00..30.18 rows=974 width=0)
	        Index Cond: ((id >= 4437163) AND (id <= 4438162))

table 3 : explain SELECT c FROM sbtest3 WHERE id BETWEEN 4638203 AND 4639202
	Bitmap Heap Scan on sbtest3  (cost=30.13..3669.38 rows=946 width=121)
	  Recheck Cond: ((id >= 4638203) AND (id <= 4639202))
	  ->  Bitmap Index Scan on sbtest3_pkey  (cost=0.00..29.89 rows=946 width=0)
	        Index Cond: ((id >= 4638203) AND (id <= 4639202))

table 4 : explain SELECT c FROM sbtest4 WHERE id BETWEEN 7742855 AND 7743854
	Bitmap Heap Scan on sbtest4  (cost=30.88..3944.87 rows=1019 width=121)
	  Recheck Cond: ((id >= 7742855) AND (id <= 7743854))
	  ->  Bitmap Index Scan on sbtest4_pkey  (cost=0.00..30.62 rows=1019 width=0)
	        Index Cond: ((id >= 7742855) AND (id <= 7743854))

table 5 : explain SELECT c FROM sbtest5 WHERE id BETWEEN 4213510 AND 4214509
	Bitmap Heap Scan on sbtest5  (cost=30.01..3628.29 rows=934 width=121)
	  Recheck Cond: ((id >= 4213510) AND (id <= 4214509))
	  ->  Bitmap Index Scan on sbtest5_pkey  (cost=0.00..29.77 rows=934 width=0)
	        Index Cond: ((id >= 4213510) AND (id <= 4214509))

table 6 : explain SELECT c FROM sbtest6 WHERE id BETWEEN 8519933 AND 8520932
	Bitmap Heap Scan on sbtest6  (cost=31.60..4210.68 rows=1089 width=121)
	  Recheck Cond: ((id >= 8519933) AND (id <= 8520932))
	  ->  Bitmap Index Scan on sbtest6_pkey  (cost=0.00..31.32 rows=1089 width=0)
	        Index Cond: ((id >= 8519933) AND (id <= 8520932))

table 7 : explain SELECT c FROM sbtest7 WHERE id BETWEEN 9042813 AND 9043812
	Bitmap Heap Scan on sbtest7  (cost=30.94..3972.51 rows=1025 width=121)
	  Recheck Cond: ((id >= 9042813) AND (id <= 9043812))
	  ->  Bitmap Index Scan on sbtest7_pkey  (cost=0.00..30.68 rows=1025 width=0)
	        Index Cond: ((id >= 9042813) AND (id <= 9043812))

table 8 : explain SELECT c FROM sbtest8 WHERE id BETWEEN 7769204 AND 7770203
	Bitmap Heap Scan on sbtest8  (cost=31.81..4290.13 rows=1110 width=121)
	  Recheck Cond: ((id >= 7769204) AND (id <= 7770203))
	  ->  Bitmap Index Scan on sbtest8_pkey  (cost=0.00..31.54 rows=1110 width=0)
	        Index Cond: ((id >= 7769204) AND (id <= 7770203))

for: distinct_ranges
table 1 : explain SELECT DISTINCT c FROM sbtest1 WHERE id BETWEEN 8265256 AND 8266255 ORDER BY c
	Unique  (cost=3921.10..3926.10 rows=1000 width=121)
	  ->  Sort  (cost=3921.10..3923.60 rows=1000 width=121)
	        Sort Key: c
	        ->  Bitmap Heap Scan on sbtest1  (cost=30.68..3871.27 rows=1000 width=121)
	              Recheck Cond: ((id >= 8265256) AND (id <= 8266255))
	              ->  Bitmap Index Scan on sbtest1_pkey  (cost=0.00..30.43 rows=1000 width=0)
	                    Index Cond: ((id >= 8265256) AND (id <= 8266255))

table 2 : explain SELECT DISTINCT c FROM sbtest2 WHERE id BETWEEN 9358401 AND 9359400 ORDER BY c
	Unique  (cost=3949.34..3954.38 rows=1007 width=121)
	  ->  Sort  (cost=3949.34..3951.86 rows=1007 width=121)
	        Sort Key: c
	        ->  Bitmap Heap Scan on sbtest2  (cost=30.76..3899.11 rows=1007 width=121)
	              Recheck Cond: ((id >= 9358401) AND (id <= 9359400))
	              ->  Bitmap Index Scan on sbtest2_pkey  (cost=0.00..30.50 rows=1007 width=0)
	                    Index Cond: ((id >= 9358401) AND (id <= 9359400))

table 3 : explain SELECT DISTINCT c FROM sbtest3 WHERE id BETWEEN 9618269 AND 9619268 ORDER BY c
	Unique  (cost=3723.81..3728.55 rows=948 width=121)
	  ->  Sort  (cost=3723.81..3726.18 rows=948 width=121)
	        Sort Key: c
	        ->  Bitmap Heap Scan on sbtest3  (cost=30.15..3676.94 rows=948 width=121)
	              Recheck Cond: ((id >= 9618269) AND (id <= 9619268))
	              ->  Bitmap Index Scan on sbtest3_pkey  (cost=0.00..29.91 rows=948 width=0)
	                    Index Cond: ((id >= 9618269) AND (id <= 9619268))

table 4 : explain SELECT DISTINCT c FROM sbtest4 WHERE id BETWEEN 4296357 AND 4297356 ORDER BY c
	Unique  (cost=3773.61..3778.41 rows=961 width=121)
	  ->  Sort  (cost=3773.61..3776.01 rows=961 width=121)
	        Sort Key: c
	        ->  Bitmap Heap Scan on sbtest4  (cost=30.29..3726.00 rows=961 width=121)
	              Recheck Cond: ((id >= 4296357) AND (id <= 4297356))
	              ->  Bitmap Index Scan on sbtest4_pkey  (cost=0.00..30.04 rows=961 width=0)
	                    Index Cond: ((id >= 4296357) AND (id <= 4297356))

table 5 : explain SELECT DISTINCT c FROM sbtest5 WHERE id BETWEEN 9401674 AND 9402673 ORDER BY c
	Unique  (cost=4368.28..4373.86 rows=1115 width=121)
	  ->  Sort  (cost=4368.28..4371.07 rows=1115 width=121)
	        Sort Key: c
	        ->  Bitmap Heap Scan on sbtest5  (cost=31.86..4311.85 rows=1115 width=121)
	              Recheck Cond: ((id >= 9401674) AND (id <= 9402673))
	              ->  Bitmap Index Scan on sbtest5_pkey  (cost=0.00..31.58 rows=1115 width=0)
	                    Index Cond: ((id >= 9401674) AND (id <= 9402673))

table 6 : explain SELECT DISTINCT c FROM sbtest6 WHERE id BETWEEN 8793615 AND 8794614 ORDER BY c
	Unique  (cost=3974.81..3979.87 rows=1013 width=121)
	  ->  Sort  (cost=3974.81..3977.34 rows=1013 width=121)
	        Sort Key: c
	        ->  Bitmap Heap Scan on sbtest6  (cost=30.82..3924.24 rows=1013 width=121)
	              Recheck Cond: ((id >= 8793615) AND (id <= 8794614))
	              ->  Bitmap Index Scan on sbtest6_pkey  (cost=0.00..30.57 rows=1013 width=0)
	                    Index Cond: ((id >= 8793615) AND (id <= 8794614))

table 7 : explain SELECT DISTINCT c FROM sbtest7 WHERE id BETWEEN 3715331 AND 3716330 ORDER BY c
	Unique  (cost=4016.10..4021.22 rows=1023 width=121)
	  ->  Sort  (cost=4016.10..4018.66 rows=1023 width=121)
	        Sort Key: c
	        ->  Bitmap Heap Scan on sbtest7  (cost=30.92..3964.96 rows=1023 width=121)
	              Recheck Cond: ((id >= 3715331) AND (id <= 3716330))
	              ->  Bitmap Index Scan on sbtest7_pkey  (cost=0.00..30.66 rows=1023 width=0)
	                    Index Cond: ((id >= 3715331) AND (id <= 3716330))

table 8 : explain SELECT DISTINCT c FROM sbtest8 WHERE id BETWEEN 3611011 AND 3612010 ORDER BY c
	Unique  (cost=3944.53..3949.55 rows=1005 width=121)
	  ->  Sort  (cost=3944.53..3947.04 rows=1005 width=121)
	        Sort Key: c
	        ->  Bitmap Heap Scan on sbtest8  (cost=30.74..3894.42 rows=1005 width=121)
	              Recheck Cond: ((id >= 3611011) AND (id <= 3612010))
	              ->  Bitmap Index Scan on sbtest8_pkey  (cost=0.00..30.48 rows=1005 width=0)
	                    Index Cond: ((id >= 3611011) AND (id <= 3612010))

for point_selects
table 1 : explain SELECT c FROM sbtest1 WHERE id=5554547
	Index Scan using sbtest1_pkey on sbtest1  (cost=0.43..8.45 rows=1 width=121)
	  Index Cond: (id = 5554547)

table 2 : explain SELECT c FROM sbtest2 WHERE id=7460144
	Index Scan using sbtest2_pkey on sbtest2  (cost=0.43..8.45 rows=1 width=121)
	  Index Cond: (id = 7460144)

table 3 : explain SELECT c FROM sbtest3 WHERE id=1301863
	Index Scan using sbtest3_pkey on sbtest3  (cost=0.43..8.45 rows=1 width=121)
	  Index Cond: (id = 1301863)

table 4 : explain SELECT c FROM sbtest4 WHERE id=2111947
	Index Scan using sbtest4_pkey on sbtest4  (cost=0.43..8.45 rows=1 width=121)
	  Index Cond: (id = 2111947)

table 5 : explain SELECT c FROM sbtest5 WHERE id=8430055
	Index Scan using sbtest5_pkey on sbtest5  (cost=0.43..8.45 rows=1 width=121)
	  Index Cond: (id = 8430055)

table 6 : explain SELECT c FROM sbtest6 WHERE id=8171397
	Index Scan using sbtest6_pkey on sbtest6  (cost=0.43..8.45 rows=1 width=121)
	  Index Cond: (id = 8171397)

table 7 : explain SELECT c FROM sbtest7 WHERE id=5034123
	Index Scan using sbtest7_pkey on sbtest7  (cost=0.43..8.45 rows=1 width=121)
	  Index Cond: (id = 5034123)

table 8 : explain SELECT c FROM sbtest8 WHERE id=1135439
	Index Scan using sbtest8_pkey on sbtest8  (cost=0.43..8.45 rows=1 width=121)
	  Index Cond: (id = 1135439)

for point_selects
table 1 : explain SELECT c FROM sbtest1 WHERE id=7401710
	Index Scan using sbtest1_pkey on sbtest1  (cost=0.43..8.45 rows=1 width=121)
	  Index Cond: (id = 7401710)

table 2 : explain SELECT c FROM sbtest2 WHERE id=1882236
	Index Scan using sbtest2_pkey on sbtest2  (cost=0.43..8.45 rows=1 width=121)
	  Index Cond: (id = 1882236)

table 3 : explain SELECT c FROM sbtest3 WHERE id=5325293
	Index Scan using sbtest3_pkey on sbtest3  (cost=0.43..8.45 rows=1 width=121)
	  Index Cond: (id = 5325293)

table 4 : explain SELECT c FROM sbtest4 WHERE id=4484549
	Index Scan using sbtest4_pkey on sbtest4  (cost=0.43..8.45 rows=1 width=121)
	  Index Cond: (id = 4484549)

table 5 : explain SELECT c FROM sbtest5 WHERE id=2041492
	Index Scan using sbtest5_pkey on sbtest5  (cost=0.43..8.45 rows=1 width=121)
	  Index Cond: (id = 2041492)

table 6 : explain SELECT c FROM sbtest6 WHERE id=774904
	Index Scan using sbtest6_pkey on sbtest6  (cost=0.43..8.45 rows=1 width=121)
	  Index Cond: (id = 774904)

table 7 : explain SELECT c FROM sbtest7 WHERE id=7914401
	Index Scan using sbtest7_pkey on sbtest7  (cost=0.43..8.45 rows=1 width=121)
	  Index Cond: (id = 7914401)

table 8 : explain SELECT c FROM sbtest8 WHERE id=5127960
	Index Scan using sbtest8_pkey on sbtest8  (cost=0.43..8.45 rows=1 width=121)
	  Index Cond: (id = 5127960)

for: sum_ranges
table 1 : explain SELECT SUM(k) FROM sbtest1 WHERE id BETWEEN 9822586 AND 9823585
	Aggregate  (cost=3790.76..3790.77 rows=1 width=8)
	  ->  Bitmap Heap Scan on sbtest1  (cost=30.46..3788.32 rows=978 width=4)
	        Recheck Cond: ((id >= 9822586) AND (id <= 9823585))
	        ->  Bitmap Index Scan on sbtest1_pkey  (cost=0.00..30.21 rows=978 width=0)
	              Index Cond: ((id >= 9822586) AND (id <= 9823585))

table 2 : explain SELECT SUM(k) FROM sbtest2 WHERE id BETWEEN 7691572 AND 7692571
	Aggregate  (cost=3675.01..3675.02 rows=1 width=8)
	  ->  Bitmap Heap Scan on sbtest2  (cost=30.14..3672.64 rows=947 width=4)
	        Recheck Cond: ((id >= 7691572) AND (id <= 7692571))
	        ->  Bitmap Index Scan on sbtest2_pkey  (cost=0.00..29.90 rows=947 width=0)
	              Index Cond: ((id >= 7691572) AND (id <= 7692571))

table 3 : explain SELECT SUM(k) FROM sbtest3 WHERE id BETWEEN 2482839 AND 2483838
	Aggregate  (cost=3921.06..3921.07 rows=1 width=8)
	  ->  Bitmap Heap Scan on sbtest3  (cost=30.81..3918.53 rows=1012 width=4)
	        Recheck Cond: ((id >= 2482839) AND (id <= 2483838))
	        ->  Bitmap Index Scan on sbtest3_pkey  (cost=0.00..30.55 rows=1012 width=0)
	              Index Cond: ((id >= 2482839) AND (id <= 2483838))

table 4 : explain SELECT SUM(k) FROM sbtest4 WHERE id BETWEEN 751947 AND 752946
	Aggregate  (cost=4192.36..4192.37 rows=1 width=8)
	  ->  Bitmap Heap Scan on sbtest4  (cost=31.55..4189.65 rows=1084 width=4)
	        Recheck Cond: ((id >= 751947) AND (id <= 752946))
	        ->  Bitmap Index Scan on sbtest4_pkey  (cost=0.00..31.27 rows=1084 width=0)
	              Index Cond: ((id >= 751947) AND (id <= 752946))

table 5 : explain SELECT SUM(k) FROM sbtest5 WHERE id BETWEEN 5986061 AND 5987060
	Aggregate  (cost=3600.30..3600.31 rows=1 width=8)
	  ->  Bitmap Heap Scan on sbtest5  (cost=29.93..3597.98 rows=926 width=4)
	        Recheck Cond: ((id >= 5986061) AND (id <= 5987060))
	        ->  Bitmap Index Scan on sbtest5_pkey  (cost=0.00..29.69 rows=926 width=0)
	              Index Cond: ((id >= 5986061) AND (id <= 5987060))

table 6 : explain SELECT SUM(k) FROM sbtest6 WHERE id BETWEEN 4410994 AND 4411993
	Aggregate  (cost=4205.87..4205.88 rows=1 width=8)
	  ->  Bitmap Heap Scan on sbtest6  (cost=31.58..4203.15 rows=1087 width=4)
	        Recheck Cond: ((id >= 4410994) AND (id <= 4411993))
	        ->  Bitmap Index Scan on sbtest6_pkey  (cost=0.00..31.30 rows=1087 width=0)
	              Index Cond: ((id >= 4410994) AND (id <= 4411993))

table 7 : explain SELECT SUM(k) FROM sbtest7 WHERE id BETWEEN 4122952 AND 4123951
	Aggregate  (cost=3725.39..3725.40 rows=1 width=8)
	  ->  Bitmap Heap Scan on sbtest7  (cost=30.26..3722.99 rows=959 width=4)
	        Recheck Cond: ((id >= 4122952) AND (id <= 4123951))
	        ->  Bitmap Index Scan on sbtest7_pkey  (cost=0.00..30.02 rows=959 width=0)
	              Index Cond: ((id >= 4122952) AND (id <= 4123951))

table 8 : explain SELECT SUM(k) FROM sbtest8 WHERE id BETWEEN 8507594 AND 8508593
	Aggregate  (cost=3934.70..3934.71 rows=1 width=8)
	  ->  Bitmap Heap Scan on sbtest8  (cost=30.84..3932.16 rows=1015 width=4)
	        Recheck Cond: ((id >= 8507594) AND (id <= 8508593))
	        ->  Bitmap Index Scan on sbtest8_pkey  (cost=0.00..30.58 rows=1015 width=0)
	              Index Cond: ((id >= 8507594) AND (id <= 8508593))

for: sum_ranges
table 1 : explain SELECT SUM(k) FROM sbtest1 WHERE id BETWEEN 2046463 AND 2047462
	Aggregate  (cost=3888.86..3888.87 rows=1 width=8)
	  ->  Bitmap Heap Scan on sbtest1  (cost=30.73..3886.35 rows=1004 width=4)
	        Recheck Cond: ((id >= 2046463) AND (id <= 2047462))
	        ->  Bitmap Index Scan on sbtest1_pkey  (cost=0.00..30.47 rows=1004 width=0)
	              Index Cond: ((id >= 2046463) AND (id <= 2047462))

table 2 : explain SELECT SUM(k) FROM sbtest2 WHERE id BETWEEN 6598878 AND 6599877
	Aggregate  (cost=3769.49..3769.50 rows=1 width=8)
	  ->  Bitmap Heap Scan on sbtest2  (cost=30.40..3767.06 rows=972 width=4)
	        Recheck Cond: ((id >= 6598878) AND (id <= 6599877))
	        ->  Bitmap Index Scan on sbtest2_pkey  (cost=0.00..30.15 rows=972 width=0)
	              Index Cond: ((id >= 6598878) AND (id <= 6599877))

table 3 : explain SELECT SUM(k) FROM sbtest3 WHERE id BETWEEN 4416339 AND 4417338
	Aggregate  (cost=3849.35..3849.36 rows=1 width=8)
	  ->  Bitmap Heap Scan on sbtest3  (cost=30.61..3846.87 rows=993 width=4)
	        Recheck Cond: ((id >= 4416339) AND (id <= 4417338))
	        ->  Bitmap Index Scan on sbtest3_pkey  (cost=0.00..30.36 rows=993 width=0)
	              Index Cond: ((id >= 4416339) AND (id <= 4417338))

table 4 : explain SELECT SUM(k) FROM sbtest4 WHERE id BETWEEN 9078450 AND 9079449
	Aggregate  (cost=3928.55..3928.56 rows=1 width=8)
	  ->  Bitmap Heap Scan on sbtest4  (cost=30.83..3926.01 rows=1014 width=4)
	        Recheck Cond: ((id >= 9078450) AND (id <= 9079449))
	        ->  Bitmap Index Scan on sbtest4_pkey  (cost=0.00..30.57 rows=1014 width=0)
	              Index Cond: ((id >= 9078450) AND (id <= 9079449))

table 5 : explain SELECT SUM(k) FROM sbtest5 WHERE id BETWEEN 6893022 AND 6894021
	Aggregate  (cost=3702.61..3702.62 rows=1 width=8)
	  ->  Bitmap Heap Scan on sbtest5  (cost=30.20..3700.23 rows=953 width=4)
	        Recheck Cond: ((id >= 6893022) AND (id <= 6894021))
	        ->  Bitmap Index Scan on sbtest5_pkey  (cost=0.00..29.96 rows=953 width=0)
	              Index Cond: ((id >= 6893022) AND (id <= 6894021))

table 6 : explain SELECT SUM(k) FROM sbtest6 WHERE id BETWEEN 3781851 AND 3782850
	Aggregate  (cost=3949.42..3949.43 rows=1 width=8)
	  ->  Bitmap Heap Scan on sbtest6  (cost=30.88..3946.88 rows=1019 width=4)
	        Recheck Cond: ((id >= 3781851) AND (id <= 3782850))
	        ->  Bitmap Index Scan on sbtest6_pkey  (cost=0.00..30.62 rows=1019 width=0)
	              Index Cond: ((id >= 3781851) AND (id <= 3782850))

table 7 : explain SELECT SUM(k) FROM sbtest7 WHERE id BETWEEN 5930636 AND 5931635
	Aggregate  (cost=4133.69..4133.70 rows=1 width=8)
	  ->  Bitmap Heap Scan on sbtest7  (cost=31.37..4131.02 rows=1067 width=4)
	        Recheck Cond: ((id >= 5930636) AND (id <= 5931635))
	        ->  Bitmap Index Scan on sbtest7_pkey  (cost=0.00..31.11 rows=1067 width=0)
	              Index Cond: ((id >= 5930636) AND (id <= 5931635))

table 8 : explain SELECT SUM(k) FROM sbtest8 WHERE id BETWEEN 4256451 AND 4257450
	Aggregate  (cost=4134.68..4134.69 rows=1 width=8)
	  ->  Bitmap Heap Scan on sbtest8  (cost=31.38..4132.01 rows=1068 width=4)
	        Recheck Cond: ((id >= 4256451) AND (id <= 4257450))
	        ->  Bitmap Index Scan on sbtest8_pkey  (cost=0.00..31.11 rows=1068 width=0)
	              Index Cond: ((id >= 4256451) AND (id <= 4257450))

for: simple_ranges
table 1 : explain SELECT c FROM sbtest1 WHERE id BETWEEN 9711111 AND 9712110
	Bitmap Heap Scan on sbtest1  (cost=30.60..3841.11 rows=992 width=121)
	  Recheck Cond: ((id >= 9711111) AND (id <= 9712110))
	  ->  Bitmap Index Scan on sbtest1_pkey  (cost=0.00..30.36 rows=992 width=0)
	        Index Cond: ((id >= 9711111) AND (id <= 9712110))

table 2 : explain SELECT c FROM sbtest2 WHERE id BETWEEN 9339076 AND 9340075
	Bitmap Heap Scan on sbtest2  (cost=30.76..3899.11 rows=1007 width=121)
	  Recheck Cond: ((id >= 9339076) AND (id <= 9340075))
	  ->  Bitmap Index Scan on sbtest2_pkey  (cost=0.00..30.50 rows=1007 width=0)
	        Index Cond: ((id >= 9339076) AND (id <= 9340075))

table 3 : explain SELECT c FROM sbtest3 WHERE id BETWEEN 1617720 AND 1618719
	Bitmap Heap Scan on sbtest3  (cost=30.21..3699.61 rows=954 width=121)
	  Recheck Cond: ((id >= 1617720) AND (id <= 1618719))
	  ->  Bitmap Index Scan on sbtest3_pkey  (cost=0.00..29.97 rows=954 width=0)
	        Index Cond: ((id >= 1617720) AND (id <= 1618719))

table 4 : explain SELECT c FROM sbtest4 WHERE id BETWEEN 699054 AND 700053
	Bitmap Heap Scan on sbtest4  (cost=31.55..4189.65 rows=1084 width=121)
	  Recheck Cond: ((id >= 699054) AND (id <= 700053))
	  ->  Bitmap Index Scan on sbtest4_pkey  (cost=0.00..31.27 rows=1084 width=0)
	        Index Cond: ((id >= 699054) AND (id <= 700053))

table 5 : explain SELECT c FROM sbtest5 WHERE id BETWEEN 2965874 AND 2966873
	Bitmap Heap Scan on sbtest5  (cost=31.47..4168.67 rows=1077 width=121)
	  Recheck Cond: ((id >= 2965874) AND (id <= 2966873))
	  ->  Bitmap Index Scan on sbtest5_pkey  (cost=0.00..31.20 rows=1077 width=0)
	        Index Cond: ((id >= 2965874) AND (id <= 2966873))

table 6 : explain SELECT c FROM sbtest6 WHERE id BETWEEN 8873120 AND 8874119
	Bitmap Heap Scan on sbtest6  (cost=31.39..4135.37 rows=1069 width=121)
	  Recheck Cond: ((id >= 8873120) AND (id <= 8874119))
	  ->  Bitmap Index Scan on sbtest6_pkey  (cost=0.00..31.12 rows=1069 width=0)
	        Index Cond: ((id >= 8873120) AND (id <= 8874119))

table 7 : explain SELECT c FROM sbtest7 WHERE id BETWEEN 5856769 AND 5857768
	Bitmap Heap Scan on sbtest7  (cost=30.86..3942.30 rows=1017 width=121)
	  Recheck Cond: ((id >= 5856769) AND (id <= 5857768))
	  ->  Bitmap Index Scan on sbtest7_pkey  (cost=0.00..30.61 rows=1017 width=0)
	        Index Cond: ((id >= 5856769) AND (id <= 5857768))

table 8 : explain SELECT c FROM sbtest8 WHERE id BETWEEN 8047091 AND 8048090
	Bitmap Heap Scan on sbtest8  (cost=30.77..3905.74 rows=1008 width=121)
	  Recheck Cond: ((id >= 8047091) AND (id <= 8048090))
	  ->  Bitmap Index Scan on sbtest8_pkey  (cost=0.00..30.51 rows=1008 width=0)
	        Index Cond: ((id >= 8047091) AND (id <= 8048090))

for: simple_ranges
table 1 : explain SELECT c FROM sbtest1 WHERE id BETWEEN 905458 AND 906457
	Bitmap Heap Scan on sbtest1  (cost=31.67..4232.55 rows=1096 width=121)
	  Recheck Cond: ((id >= 905458) AND (id <= 906457))
	  ->  Bitmap Index Scan on sbtest1_pkey  (cost=0.00..31.39 rows=1096 width=0)
	        Index Cond: ((id >= 905458) AND (id <= 906457))

table 2 : explain SELECT c FROM sbtest2 WHERE id BETWEEN 285718 AND 286717
	Bitmap Heap Scan on sbtest2  (cost=30.06..3642.41 rows=939 width=121)
	  Recheck Cond: ((id >= 285718) AND (id <= 286717))
	  ->  Bitmap Index Scan on sbtest2_pkey  (cost=0.00..29.82 rows=939 width=0)
	        Index Cond: ((id >= 285718) AND (id <= 286717))

table 3 : explain SELECT c FROM sbtest3 WHERE id BETWEEN 9803112 AND 9804111
	Bitmap Heap Scan on sbtest3  (cost=30.94..3967.54 rows=1025 width=121)
	  Recheck Cond: ((id >= 9803112) AND (id <= 9804111))
	  ->  Bitmap Index Scan on sbtest3_pkey  (cost=0.00..30.68 rows=1025 width=0)
	        Index Cond: ((id >= 9803112) AND (id <= 9804111))

table 4 : explain SELECT c FROM sbtest4 WHERE id BETWEEN 817896 AND 818895
	Bitmap Heap Scan on sbtest4  (cost=26.01..3619.96 rows=934 width=121)
	  Recheck Cond: ((id >= 817896) AND (id <= 818895))
	  ->  Bitmap Index Scan on sbtest4_pkey  (cost=0.00..25.77 rows=934 width=0)
	        Index Cond: ((id >= 817896) AND (id <= 818895))

table 5 : explain SELECT c FROM sbtest5 WHERE id BETWEEN 7957474 AND 7958473
	Bitmap Heap Scan on sbtest5  (cost=31.11..4032.86 rows=1041 width=121)
	  Recheck Cond: ((id >= 7957474) AND (id <= 7958473))
	  ->  Bitmap Index Scan on sbtest5_pkey  (cost=0.00..30.84 rows=1041 width=0)
	        Index Cond: ((id >= 7957474) AND (id <= 7958473))

table 6 : explain SELECT c FROM sbtest6 WHERE id BETWEEN 7718653 AND 7719652
	Bitmap Heap Scan on sbtest6  (cost=31.05..4011.00 rows=1036 width=121)
	  Recheck Cond: ((id >= 7718653) AND (id <= 7719652))
	  ->  Bitmap Index Scan on sbtest6_pkey  (cost=0.00..30.79 rows=1036 width=0)
	        Index Cond: ((id >= 7718653) AND (id <= 7719652))

table 7 : explain SELECT c FROM sbtest7 WHERE id BETWEEN 977737 AND 978736
	Bitmap Heap Scan on sbtest7  (cost=31.14..4044.24 rows=1044 width=121)
	  Recheck Cond: ((id >= 977737) AND (id <= 978736))
	  ->  Bitmap Index Scan on sbtest7_pkey  (cost=0.00..30.87 rows=1044 width=0)
	        Index Cond: ((id >= 977737) AND (id <= 978736))

table 8 : explain SELECT c FROM sbtest8 WHERE id BETWEEN 5321734 AND 5322733
	Bitmap Heap Scan on sbtest8  (cost=30.72..3886.87 rows=1003 width=121)
	  Recheck Cond: ((id >= 5321734) AND (id <= 5322733))
	  ->  Bitmap Index Scan on sbtest8_pkey  (cost=0.00..30.46 rows=1003 width=0)
	        Index Cond: ((id >= 5321734) AND (id <= 5322733))

for: sum_ranges
table 1 : explain SELECT SUM(k) FROM sbtest1 WHERE id BETWEEN 9971356 AND 9972355
	Aggregate  (cost=3703.91..3703.92 rows=1 width=8)
	  ->  Bitmap Heap Scan on sbtest1  (cost=30.22..3701.52 rows=955 width=4)
	        Recheck Cond: ((id >= 9971356) AND (id <= 9972355))
	        ->  Bitmap Index Scan on sbtest1_pkey  (cost=0.00..29.98 rows=955 width=0)
	              Index Cond: ((id >= 9971356) AND (id <= 9972355))

table 2 : explain SELECT SUM(k) FROM sbtest2 WHERE id BETWEEN 5503672 AND 5504671
	Aggregate  (cost=3735.49..3735.50 rows=1 width=8)
	  ->  Bitmap Heap Scan on sbtest2  (cost=30.31..3733.08 rows=963 width=4)
	        Recheck Cond: ((id >= 5503672) AND (id <= 5504671))
	        ->  Bitmap Index Scan on sbtest2_pkey  (cost=0.00..30.07 rows=963 width=0)
	              Index Cond: ((id >= 5503672) AND (id <= 5504671))

table 3 : explain SELECT SUM(k) FROM sbtest3 WHERE id BETWEEN 1166378 AND 1167377
	Aggregate  (cost=3917.29..3917.30 rows=1 width=8)
	  ->  Bitmap Heap Scan on sbtest3  (cost=30.80..3914.76 rows=1011 width=4)
	        Recheck Cond: ((id >= 1166378) AND (id <= 1167377))
	        ->  Bitmap Index Scan on sbtest3_pkey  (cost=0.00..30.54 rows=1011 width=0)
	              Index Cond: ((id >= 1166378) AND (id <= 1167377))

table 4 : explain SELECT SUM(k) FROM sbtest4 WHERE id BETWEEN 9063516 AND 9064515
	Aggregate  (cost=3928.55..3928.56 rows=1 width=8)
	  ->  Bitmap Heap Scan on sbtest4  (cost=30.83..3926.01 rows=1014 width=4)
	        Recheck Cond: ((id >= 9063516) AND (id <= 9064515))
	        ->  Bitmap Index Scan on sbtest4_pkey  (cost=0.00..30.57 rows=1014 width=0)
	              Index Cond: ((id >= 9063516) AND (id <= 9064515))

table 5 : explain SELECT SUM(k) FROM sbtest5 WHERE id BETWEEN 9689628 AND 9690627
	Aggregate  (cost=3569.96..3569.97 rows=1 width=8)
	  ->  Bitmap Heap Scan on sbtest5  (cost=29.84..3567.67 rows=918 width=4)
	        Recheck Cond: ((id >= 9689628) AND (id <= 9690627))
	        ->  Bitmap Index Scan on sbtest5_pkey  (cost=0.00..29.61 rows=918 width=0)
	              Index Cond: ((id >= 9689628) AND (id <= 9690627))

table 6 : explain SELECT SUM(k) FROM sbtest6 WHERE id BETWEEN 1098661 AND 1099660
	Aggregate  (cost=3889.00..3889.01 rows=1 width=8)
	  ->  Bitmap Heap Scan on sbtest6  (cost=30.72..3886.49 rows=1003 width=4)
	        Recheck Cond: ((id >= 1098661) AND (id <= 1099660))
	        ->  Bitmap Index Scan on sbtest6_pkey  (cost=0.00..30.46 rows=1003 width=0)
	              Index Cond: ((id >= 1098661) AND (id <= 1099660))

table 7 : explain SELECT SUM(k) FROM sbtest7 WHERE id BETWEEN 5806045 AND 5807044
	Aggregate  (cost=3944.84..3944.85 rows=1 width=8)
	  ->  Bitmap Heap Scan on sbtest7  (cost=30.86..3942.30 rows=1017 width=4)
	        Recheck Cond: ((id >= 5806045) AND (id <= 5807044))
	        ->  Bitmap Index Scan on sbtest7_pkey  (cost=0.00..30.61 rows=1017 width=0)
	              Index Cond: ((id >= 5806045) AND (id <= 5807044))

table 8 : explain SELECT SUM(k) FROM sbtest8 WHERE id BETWEEN 4729126 AND 4730125
	Aggregate  (cost=3870.48..3870.49 rows=1 width=8)
	  ->  Bitmap Heap Scan on sbtest8  (cost=30.66..3867.99 rows=998 width=4)
	        Recheck Cond: ((id >= 4729126) AND (id <= 4730125))
	        ->  Bitmap Index Scan on sbtest8_pkey  (cost=0.00..30.41 rows=998 width=0)
	              Index Cond: ((id >= 4729126) AND (id <= 4730125))

for: simple_ranges
table 1 : explain SELECT c FROM sbtest1 WHERE id BETWEEN 6210730 AND 6211729
	Bitmap Heap Scan on sbtest1  (cost=30.20..3693.97 rows=953 width=121)
	  Recheck Cond: ((id >= 6210730) AND (id <= 6211729))
	  ->  Bitmap Index Scan on sbtest1_pkey  (cost=0.00..29.96 rows=953 width=0)
	        Index Cond: ((id >= 6210730) AND (id <= 6211729))

table 2 : explain SELECT c FROM sbtest2 WHERE id BETWEEN 5190515 AND 5191514
	Bitmap Heap Scan on sbtest2  (cost=30.68..3872.72 rows=1000 width=121)
	  Recheck Cond: ((id >= 5190515) AND (id <= 5191514))
	  ->  Bitmap Index Scan on sbtest2_pkey  (cost=0.00..30.43 rows=1000 width=0)
	        Index Cond: ((id >= 5190515) AND (id <= 5191514))

table 3 : explain SELECT c FROM sbtest3 WHERE id BETWEEN 6821616 AND 6822615
	Bitmap Heap Scan on sbtest3  (cost=30.43..3778.93 rows=975 width=121)
	  Recheck Cond: ((id >= 6821616) AND (id <= 6822615))
	  ->  Bitmap Index Scan on sbtest3_pkey  (cost=0.00..30.18 rows=975 width=0)
	        Index Cond: ((id >= 6821616) AND (id <= 6822615))

table 4 : explain SELECT c FROM sbtest4 WHERE id BETWEEN 5711493 AND 5712492
	Bitmap Heap Scan on sbtest4  (cost=30.53..3816.62 rows=985 width=121)
	  Recheck Cond: ((id >= 5711493) AND (id <= 5712492))
	  ->  Bitmap Index Scan on sbtest4_pkey  (cost=0.00..30.29 rows=985 width=0)
	        Index Cond: ((id >= 5711493) AND (id <= 5712492))

table 5 : explain SELECT c FROM sbtest5 WHERE id BETWEEN 6140537 AND 6141536
	Bitmap Heap Scan on sbtest5  (cost=31.37..4130.96 rows=1067 width=121)
	  Recheck Cond: ((id >= 6140537) AND (id <= 6141536))
	  ->  Bitmap Index Scan on sbtest5_pkey  (cost=0.00..31.11 rows=1067 width=0)
	        Index Cond: ((id >= 6140537) AND (id <= 6141536))

table 6 : explain SELECT c FROM sbtest6 WHERE id BETWEEN 7011992 AND 7012991
	Bitmap Heap Scan on sbtest6  (cost=30.09..3655.99 rows=942 width=121)
	  Recheck Cond: ((id >= 7011992) AND (id <= 7012991))
	  ->  Bitmap Index Scan on sbtest6_pkey  (cost=0.00..29.86 rows=942 width=0)
	        Index Cond: ((id >= 7011992) AND (id <= 7012991))

table 7 : explain SELECT c FROM sbtest7 WHERE id BETWEEN 1312506 AND 1313505
	Bitmap Heap Scan on sbtest7  (cost=29.75..3533.60 rows=909 width=121)
	  Recheck Cond: ((id >= 1312506) AND (id <= 1313505))
	  ->  Bitmap Index Scan on sbtest7_pkey  (cost=0.00..29.52 rows=909 width=0)
	        Index Cond: ((id >= 1312506) AND (id <= 1313505))

table 8 : explain SELECT c FROM sbtest8 WHERE id BETWEEN 5870698 AND 5871697
	Bitmap Heap Scan on sbtest8  (cost=31.45..4158.37 rows=1075 width=121)
	  Recheck Cond: ((id >= 5870698) AND (id <= 5871697))
	  ->  Bitmap Index Scan on sbtest8_pkey  (cost=0.00..31.18 rows=1075 width=0)
	        Index Cond: ((id >= 5870698) AND (id <= 5871697))

for: simple_ranges
table 1 : explain SELECT c FROM sbtest1 WHERE id BETWEEN 2966817 AND 2967816
	Bitmap Heap Scan on sbtest1  (cost=30.95..3969.23 rows=1026 width=121)
	  Recheck Cond: ((id >= 2966817) AND (id <= 2967816))
	  ->  Bitmap Index Scan on sbtest1_pkey  (cost=0.00..30.69 rows=1026 width=0)
	        Index Cond: ((id >= 2966817) AND (id <= 2967816))

table 2 : explain SELECT c FROM sbtest2 WHERE id BETWEEN 4131796 AND 4132795
	Bitmap Heap Scan on sbtest2  (cost=30.03..3631.07 rows=936 width=121)
	  Recheck Cond: ((id >= 4131796) AND (id <= 4132795))
	  ->  Bitmap Index Scan on sbtest2_pkey  (cost=0.00..29.79 rows=936 width=0)
	        Index Cond: ((id >= 4131796) AND (id <= 4132795))

table 3 : explain SELECT c FROM sbtest3 WHERE id BETWEEN 5815333 AND 5816332
	Bitmap Heap Scan on sbtest3  (cost=30.25..3714.72 rows=958 width=121)
	  Recheck Cond: ((id >= 5815333) AND (id <= 5816332))
	  ->  Bitmap Index Scan on sbtest3_pkey  (cost=0.00..30.01 rows=958 width=0)
	        Index Cond: ((id >= 5815333) AND (id <= 5816332))

table 4 : explain SELECT c FROM sbtest4 WHERE id BETWEEN 6971232 AND 6972231
	Bitmap Heap Scan on sbtest4  (cost=30.98..3982.56 rows=1029 width=121)
	  Recheck Cond: ((id >= 6971232) AND (id <= 6972231))
	  ->  Bitmap Index Scan on sbtest4_pkey  (cost=0.00..30.72 rows=1029 width=0)
	        Index Cond: ((id >= 6971232) AND (id <= 6972231))

table 5 : explain SELECT c FROM sbtest5 WHERE id BETWEEN 4650141 AND 4651140
	Bitmap Heap Scan on sbtest5  (cost=30.37..3760.78 rows=969 width=121)
	  Recheck Cond: ((id >= 4650141) AND (id <= 4651140))
	  ->  Bitmap Index Scan on sbtest5_pkey  (cost=0.00..30.12 rows=969 width=0)
	        Index Cond: ((id >= 4650141) AND (id <= 4651140))

table 6 : explain SELECT c FROM sbtest6 WHERE id BETWEEN 6555125 AND 6556124
	Bitmap Heap Scan on sbtest6  (cost=30.65..3863.84 rows=997 width=121)
	  Recheck Cond: ((id >= 6555125) AND (id <= 6556124))
	  ->  Bitmap Index Scan on sbtest6_pkey  (cost=0.00..30.40 rows=997 width=0)
	        Index Cond: ((id >= 6555125) AND (id <= 6556124))

table 7 : explain SELECT c FROM sbtest7 WHERE id BETWEEN 9887577 AND 9888576
	Bitmap Heap Scan on sbtest7  (cost=31.20..4066.89 rows=1050 width=121)
	  Recheck Cond: ((id >= 9887577) AND (id <= 9888576))
	  ->  Bitmap Index Scan on sbtest7_pkey  (cost=0.00..30.93 rows=1050 width=0)
	        Index Cond: ((id >= 9887577) AND (id <= 9888576))

table 8 : explain SELECT c FROM sbtest8 WHERE id BETWEEN 5362789 AND 5363788
	Bitmap Heap Scan on sbtest8  (cost=30.72..3886.87 rows=1003 width=121)
	  Recheck Cond: ((id >= 5362789) AND (id <= 5363788))
	  ->  Bitmap Index Scan on sbtest8_pkey  (cost=0.00..30.46 rows=1003 width=0)
	        Index Cond: ((id >= 5362789) AND (id <= 5363788))

for: sum_ranges
table 1 : explain SELECT SUM(k) FROM sbtest1 WHERE id BETWEEN 1245476 AND 1246475
	Aggregate  (cost=3749.23..3749.24 rows=1 width=8)
	  ->  Bitmap Heap Scan on sbtest1  (cost=30.35..3746.81 rows=967 width=4)
	        Recheck Cond: ((id >= 1245476) AND (id <= 1246475))
	        ->  Bitmap Index Scan on sbtest1_pkey  (cost=0.00..30.11 rows=967 width=0)
	              Index Cond: ((id >= 1245476) AND (id <= 1246475))

table 2 : explain SELECT SUM(k) FROM sbtest2 WHERE id BETWEEN 3494669 AND 3495668
	Aggregate  (cost=3856.34..3856.35 rows=1 width=8)
	  ->  Bitmap Heap Scan on sbtest2  (cost=30.63..3853.86 rows=995 width=4)
	        Recheck Cond: ((id >= 3494669) AND (id <= 3495668))
	        ->  Bitmap Index Scan on sbtest2_pkey  (cost=0.00..30.39 rows=995 width=0)
	              Index Cond: ((id >= 3494669) AND (id <= 3495668))

table 3 : explain SELECT SUM(k) FROM sbtest3 WHERE id BETWEEN 2231609 AND 2232608
	Aggregate  (cost=3875.77..3875.78 rows=1 width=8)
	  ->  Bitmap Heap Scan on sbtest3  (cost=30.68..3873.27 rows=1000 width=4)
	        Recheck Cond: ((id >= 2231609) AND (id <= 2232608))
	        ->  Bitmap Index Scan on sbtest3_pkey  (cost=0.00..30.43 rows=1000 width=0)
	              Index Cond: ((id >= 2231609) AND (id <= 2232608))

table 4 : explain SELECT SUM(k) FROM sbtest4 WHERE id BETWEEN 5728172 AND 5729171
	Aggregate  (cost=3819.08..3819.09 rows=1 width=8)
	  ->  Bitmap Heap Scan on sbtest4  (cost=30.53..3816.62 rows=985 width=4)
	        Recheck Cond: ((id >= 5728172) AND (id <= 5729171))
	        ->  Bitmap Index Scan on sbtest4_pkey  (cost=0.00..30.29 rows=985 width=0)
	              Index Cond: ((id >= 5728172) AND (id <= 5729171))

table 5 : explain SELECT SUM(k) FROM sbtest5 WHERE id BETWEEN 4244120 AND 4245119
	Aggregate  (cost=3630.62..3630.63 rows=1 width=8)
	  ->  Bitmap Heap Scan on sbtest5  (cost=30.01..3628.29 rows=934 width=4)
	        Recheck Cond: ((id >= 4244120) AND (id <= 4245119))
	        ->  Bitmap Index Scan on sbtest5_pkey  (cost=0.00..29.77 rows=934 width=0)
	              Index Cond: ((id >= 4244120) AND (id <= 4245119))

table 6 : explain SELECT SUM(k) FROM sbtest6 WHERE id BETWEEN 2797312 AND 2798311
	Aggregate  (cost=4058.86..4058.87 rows=1 width=8)
	  ->  Bitmap Heap Scan on sbtest6  (cost=31.18..4056.24 rows=1048 width=4)
	        Recheck Cond: ((id >= 2797312) AND (id <= 2798311))
	        ->  Bitmap Index Scan on sbtest6_pkey  (cost=0.00..30.91 rows=1048 width=0)
	              Index Cond: ((id >= 2797312) AND (id <= 2798311))

table 7 : explain SELECT SUM(k) FROM sbtest7 WHERE id BETWEEN 5827209 AND 5828208
	Aggregate  (cost=3944.84..3944.85 rows=1 width=8)
	  ->  Bitmap Heap Scan on sbtest7  (cost=30.86..3942.30 rows=1017 width=4)
	        Recheck Cond: ((id >= 5827209) AND (id <= 5828208))
	        ->  Bitmap Index Scan on sbtest7_pkey  (cost=0.00..30.61 rows=1017 width=0)
	              Index Cond: ((id >= 5827209) AND (id <= 5828208))

table 8 : explain SELECT SUM(k) FROM sbtest8 WHERE id BETWEEN 1314817 AND 1315816
	Aggregate  (cost=3885.59..3885.60 rows=1 width=8)
	  ->  Bitmap Heap Scan on sbtest8  (cost=30.71..3883.09 rows=1002 width=4)
	        Recheck Cond: ((id >= 1314817) AND (id <= 1315816))
	        ->  Bitmap Index Scan on sbtest8_pkey  (cost=0.00..30.45 rows=1002 width=0)
	              Index Cond: ((id >= 1314817) AND (id <= 1315816))

explain: for point_selects :: explain SELECT c FROM sbtest%u WHERE id=%u
for point_selects
table 1 : explain SELECT c FROM sbtest1 WHERE id=9117663
	Index Scan using sbtest1_pkey on sbtest1  (cost=0.43..8.45 rows=1 width=121)
	  Index Cond: (id = 9117663)

table 2 : explain SELECT c FROM sbtest2 WHERE id=4943426
	Index Scan using sbtest2_pkey on sbtest2  (cost=0.43..8.45 rows=1 width=121)
	  Index Cond: (id = 4943426)

table 3 : explain SELECT c FROM sbtest3 WHERE id=4092579
	Index Scan using sbtest3_pkey on sbtest3  (cost=0.43..8.45 rows=1 width=121)
	  Index Cond: (id = 4092579)

table 4 : explain SELECT c FROM sbtest4 WHERE id=8798484
	Index Scan using sbtest4_pkey on sbtest4  (cost=0.43..8.45 rows=1 width=121)
	  Index Cond: (id = 8798484)

table 5 : explain SELECT c FROM sbtest5 WHERE id=2764660
	Index Scan using sbtest5_pkey on sbtest5  (cost=0.43..8.45 rows=1 width=121)
	  Index Cond: (id = 2764660)

table 6 : explain SELECT c FROM sbtest6 WHERE id=8941924
	Index Scan using sbtest6_pkey on sbtest6  (cost=0.43..8.45 rows=1 width=121)
	  Index Cond: (id = 8941924)

table 7 : explain SELECT c FROM sbtest7 WHERE id=2309365
	Index Scan using sbtest7_pkey on sbtest7  (cost=0.43..8.45 rows=1 width=121)
	  Index Cond: (id = 2309365)

table 8 : explain SELECT c FROM sbtest8 WHERE id=7459258
	Index Scan using sbtest8_pkey on sbtest8  (cost=0.43..8.45 rows=1 width=121)
	  Index Cond: (id = 7459258)

for: simple_ranges
table 1 : explain SELECT c FROM sbtest1 WHERE id BETWEEN 9265340 AND 9266339
	Bitmap Heap Scan on sbtest1  (cost=30.68..3871.27 rows=1000 width=121)
	  Recheck Cond: ((id >= 9265340) AND (id <= 9266339))
	  ->  Bitmap Index Scan on sbtest1_pkey  (cost=0.00..30.43 rows=1000 width=0)
	        Index Cond: ((id >= 9265340) AND (id <= 9266339))

table 2 : explain SELECT c FROM sbtest2 WHERE id BETWEEN 2374979 AND 2375978
	Bitmap Heap Scan on sbtest2  (cost=31.25..4079.96 rows=1055 width=121)
	  Recheck Cond: ((id >= 2374979) AND (id <= 2375978))
	  ->  Bitmap Index Scan on sbtest2_pkey  (cost=0.00..30.98 rows=1055 width=0)
	        Index Cond: ((id >= 2374979) AND (id <= 2375978))

table 3 : explain SELECT c FROM sbtest3 WHERE id BETWEEN 557725 AND 558724
	Bitmap Heap Scan on sbtest3  (cost=31.07..4016.53 rows=1038 width=121)
	  Recheck Cond: ((id >= 557725) AND (id <= 558724))
	  ->  Bitmap Index Scan on sbtest3_pkey  (cost=0.00..30.82 rows=1038 width=0)
	        Index Cond: ((id >= 557725) AND (id <= 558724))

table 4 : explain SELECT c FROM sbtest4 WHERE id BETWEEN 3107310 AND 3108309
	Bitmap Heap Scan on sbtest4  (cost=30.81..3918.47 rows=1012 width=121)
	  Recheck Cond: ((id >= 3107310) AND (id <= 3108309))
	  ->  Bitmap Index Scan on sbtest4_pkey  (cost=0.00..30.55 rows=1012 width=0)
	        Index Cond: ((id >= 3107310) AND (id <= 3108309))

table 5 : explain SELECT c FROM sbtest5 WHERE id BETWEEN 4597135 AND 4598134
	Bitmap Heap Scan on sbtest5  (cost=30.37..3760.78 rows=969 width=121)
	  Recheck Cond: ((id >= 4597135) AND (id <= 4598134))
	  ->  Bitmap Index Scan on sbtest5_pkey  (cost=0.00..30.12 rows=969 width=0)
	        Index Cond: ((id >= 4597135) AND (id <= 4598134))

table 6 : explain SELECT c FROM sbtest6 WHERE id BETWEEN 1424659 AND 1425658
	Bitmap Heap Scan on sbtest6  (cost=31.46..4161.73 rows=1076 width=121)
	  Recheck Cond: ((id >= 1424659) AND (id <= 1425658))
	  ->  Bitmap Index Scan on sbtest6_pkey  (cost=0.00..31.19 rows=1076 width=0)
	        Index Cond: ((id >= 1424659) AND (id <= 1425658))

table 7 : explain SELECT c FROM sbtest7 WHERE id BETWEEN 869837 AND 870836
	Bitmap Heap Scan on sbtest7  (cost=29.96..3609.40 rows=929 width=121)
	  Recheck Cond: ((id >= 869837) AND (id <= 870836))
	  ->  Bitmap Index Scan on sbtest7_pkey  (cost=0.00..29.72 rows=929 width=0)
	        Index Cond: ((id >= 869837) AND (id <= 870836))

table 8 : explain SELECT c FROM sbtest8 WHERE id BETWEEN 6266735 AND 6267734
	Bitmap Heap Scan on sbtest8  (cost=30.05..3641.20 rows=938 width=121)
	  Recheck Cond: ((id >= 6266735) AND (id <= 6267734))
	  ->  Bitmap Index Scan on sbtest8_pkey  (cost=0.00..29.82 rows=938 width=0)
	        Index Cond: ((id >= 6266735) AND (id <= 6267734))

for: order_ranges
table 1 : explain SELECT c FROM sbtest1 WHERE id BETWEEN 3360003 AND 3361002 ORDER BY c
	Sort  (cost=4524.48..4527.37 rows=1158 width=121)
	  Sort Key: c
	  ->  Bitmap Heap Scan on sbtest1  (cost=36.30..4465.55 rows=1158 width=121)
	        Recheck Cond: ((id >= 3360003) AND (id <= 3361002))
	        ->  Bitmap Index Scan on sbtest1_pkey  (cost=0.00..36.02 rows=1158 width=0)
	              Index Cond: ((id >= 3360003) AND (id <= 3361002))

table 2 : explain SELECT c FROM sbtest2 WHERE id BETWEEN 6249110 AND 6250109 ORDER BY c
	Sort  (cost=3895.74..3898.22 rows=993 width=121)
	  Sort Key: c
	  ->  Bitmap Heap Scan on sbtest2  (cost=30.61..3846.31 rows=993 width=121)
	        Recheck Cond: ((id >= 6249110) AND (id <= 6250109))
	        ->  Bitmap Index Scan on sbtest2_pkey  (cost=0.00..30.36 rows=993 width=0)
	              Index Cond: ((id >= 6249110) AND (id <= 6250109))

table 3 : explain SELECT c FROM sbtest3 WHERE id BETWEEN 3012972 AND 3013971 ORDER BY c
	Sort  (cost=3746.82..3749.21 rows=954 width=121)
	  Sort Key: c
	  ->  Bitmap Heap Scan on sbtest3  (cost=30.21..3699.61 rows=954 width=121)
	        Recheck Cond: ((id >= 3012972) AND (id <= 3013971))
	        ->  Bitmap Index Scan on sbtest3_pkey  (cost=0.00..29.97 rows=954 width=0)
	              Index Cond: ((id >= 3012972) AND (id <= 3013971))

table 4 : explain SELECT c FROM sbtest4 WHERE id BETWEEN 4922985 AND 4923984 ORDER BY c
	Sort  (cost=3585.43..3587.72 rows=913 width=121)
	  Sort Key: c
	  ->  Bitmap Heap Scan on sbtest4  (cost=25.79..3540.54 rows=913 width=121)
	        Recheck Cond: ((id >= 4922985) AND (id <= 4923984))
	        ->  Bitmap Index Scan on sbtest4_pkey  (cost=0.00..25.57 rows=913 width=0)
	              Index Cond: ((id >= 4922985) AND (id <= 4923984))

table 5 : explain SELECT c FROM sbtest5 WHERE id BETWEEN 636913 AND 637912 ORDER BY c
	Sort  (cost=3950.85..3953.37 rows=1006 width=121)
	  Sort Key: c
	  ->  Bitmap Heap Scan on sbtest5  (cost=30.75..3900.68 rows=1006 width=121)
	        Recheck Cond: ((id >= 636913) AND (id <= 637912))
	        ->  Bitmap Index Scan on sbtest5_pkey  (cost=0.00..30.50 rows=1006 width=0)
	              Index Cond: ((id >= 636913) AND (id <= 637912))

table 6 : explain SELECT c FROM sbtest6 WHERE id BETWEEN 2360136 AND 2361135 ORDER BY c
	Sort  (cost=3951.82..3954.34 rows=1007 width=121)
	  Sort Key: c
	  ->  Bitmap Heap Scan on sbtest6  (cost=30.76..3901.59 rows=1007 width=121)
	        Recheck Cond: ((id >= 2360136) AND (id <= 2361135))
	        ->  Bitmap Index Scan on sbtest6_pkey  (cost=0.00..30.50 rows=1007 width=0)
	              Index Cond: ((id >= 2360136) AND (id <= 2361135))

table 7 : explain SELECT c FROM sbtest7 WHERE id BETWEEN 877981 AND 878980 ORDER BY c
	Sort  (cost=3655.20..3657.52 rows=929 width=121)
	  Sort Key: c
	  ->  Bitmap Heap Scan on sbtest7  (cost=29.96..3609.40 rows=929 width=121)
	        Recheck Cond: ((id >= 877981) AND (id <= 878980))
	        ->  Bitmap Index Scan on sbtest7_pkey  (cost=0.00..29.72 rows=929 width=0)
	              Index Cond: ((id >= 877981) AND (id <= 878980))

table 8 : explain SELECT c FROM sbtest8 WHERE id BETWEEN 1597997 AND 1598996 ORDER BY c
	Sort  (cost=4040.30..4042.87 rows=1030 width=121)
	  Sort Key: c
	  ->  Bitmap Heap Scan on sbtest8  (cost=30.99..3988.76 rows=1030 width=121)
	        Recheck Cond: ((id >= 1597997) AND (id <= 1598996))
	        ->  Bitmap Index Scan on sbtest8_pkey  (cost=0.00..30.73 rows=1030 width=0)
	              Index Cond: ((id >= 1597997) AND (id <= 1598996))

for: order_ranges
table 1 : explain SELECT c FROM sbtest1 WHERE id BETWEEN 1931897 AND 1932896 ORDER BY c
	Sort  (cost=3970.83..3973.37 rows=1013 width=121)
	  Sort Key: c
	  ->  Bitmap Heap Scan on sbtest1  (cost=30.82..3920.26 rows=1013 width=121)
	        Recheck Cond: ((id >= 1931897) AND (id <= 1932896))
	        ->  Bitmap Index Scan on sbtest1_pkey  (cost=0.00..30.57 rows=1013 width=0)
	              Index Cond: ((id >= 1931897) AND (id <= 1932896))

table 2 : explain SELECT c FROM sbtest2 WHERE id BETWEEN 8598702 AND 8599701 ORDER BY c
	Sort  (cost=4247.55..4250.26 rows=1085 width=121)
	  Sort Key: c
	  ->  Bitmap Heap Scan on sbtest2  (cost=31.56..4192.84 rows=1085 width=121)
	        Recheck Cond: ((id >= 8598702) AND (id <= 8599701))
	        ->  Bitmap Index Scan on sbtest2_pkey  (cost=0.00..31.29 rows=1085 width=0)
	              Index Cond: ((id >= 8598702) AND (id <= 8599701))

table 3 : explain SELECT c FROM sbtest3 WHERE id BETWEEN 5461419 AND 5462418 ORDER BY c
	Sort  (cost=3424.09..3426.27 rows=871 width=121)
	  Sort Key: c
	  ->  Bitmap Heap Scan on sbtest3  (cost=25.36..3381.56 rows=871 width=121)
	        Recheck Cond: ((id >= 5461419) AND (id <= 5462418))
	        ->  Bitmap Index Scan on sbtest3_pkey  (cost=0.00..25.14 rows=871 width=0)
	              Index Cond: ((id >= 5461419) AND (id <= 5462418))

table 4 : explain SELECT c FROM sbtest4 WHERE id BETWEEN 528542 AND 529541 ORDER BY c
	Sort  (cost=3650.69..3653.02 rows=930 width=121)
	  Sort Key: c
	  ->  Bitmap Heap Scan on sbtest4  (cost=25.97..3604.84 rows=930 width=121)
	        Recheck Cond: ((id >= 528542) AND (id <= 529541))
	        ->  Bitmap Index Scan on sbtest4_pkey  (cost=0.00..25.73 rows=930 width=0)
	              Index Cond: ((id >= 528542) AND (id <= 529541))

table 5 : explain SELECT c FROM sbtest5 WHERE id BETWEEN 4432117 AND 4433116 ORDER BY c
	Sort  (cost=4131.01..4133.64 rows=1053 width=121)
	  Sort Key: c
	  ->  Bitmap Heap Scan on sbtest5  (cost=31.23..4078.15 rows=1053 width=121)
	        Recheck Cond: ((id >= 4432117) AND (id <= 4433116))
	        ->  Bitmap Index Scan on sbtest5_pkey  (cost=0.00..30.96 rows=1053 width=0)
	              Index Cond: ((id >= 4432117) AND (id <= 4433116))

table 6 : explain SELECT c FROM sbtest6 WHERE id BETWEEN 6933783 AND 6934782 ORDER BY c
	Sort  (cost=3702.53..3704.88 rows=942 width=121)
	  Sort Key: c
	  ->  Bitmap Heap Scan on sbtest6  (cost=30.09..3655.99 rows=942 width=121)
	        Recheck Cond: ((id >= 6933783) AND (id <= 6934782))
	        ->  Bitmap Index Scan on sbtest6_pkey  (cost=0.00..29.86 rows=942 width=0)
	              Index Cond: ((id >= 6933783) AND (id <= 6934782))

table 7 : explain SELECT c FROM sbtest7 WHERE id BETWEEN 7695989 AND 7696988 ORDER BY c
	Sort  (cost=3720.54..3722.91 rows=946 width=121)
	  Sort Key: c
	  ->  Bitmap Heap Scan on sbtest7  (cost=30.13..3673.78 rows=946 width=121)
	        Recheck Cond: ((id >= 7695989) AND (id <= 7696988))
	        ->  Bitmap Index Scan on sbtest7_pkey  (cost=0.00..29.89 rows=946 width=0)
	              Index Cond: ((id >= 7695989) AND (id <= 7696988))

table 8 : explain SELECT c FROM sbtest8 WHERE id BETWEEN 5821611 AND 5822610 ORDER BY c
	Sort  (cost=4212.50..4215.19 rows=1075 width=121)
	  Sort Key: c
	  ->  Bitmap Heap Scan on sbtest8  (cost=31.45..4158.37 rows=1075 width=121)
	        Recheck Cond: ((id >= 5821611) AND (id <= 5822610))
	        ->  Bitmap Index Scan on sbtest8_pkey  (cost=0.00..31.18 rows=1075 width=0)
	              Index Cond: ((id >= 5821611) AND (id <= 5822610))

for: order_ranges
table 1 : explain SELECT c FROM sbtest1 WHERE id BETWEEN 8086561 AND 8087560 ORDER BY c
	Sort  (cost=3764.12..3766.51 rows=959 width=121)
	  Sort Key: c
	  ->  Bitmap Heap Scan on sbtest1  (cost=30.26..3716.62 rows=959 width=121)
	        Recheck Cond: ((id >= 8086561) AND (id <= 8087560))
	        ->  Bitmap Index Scan on sbtest1_pkey  (cost=0.00..30.02 rows=959 width=0)
	              Index Cond: ((id >= 8086561) AND (id <= 8087560))

table 2 : explain SELECT c FROM sbtest2 WHERE id BETWEEN 3314604 AND 3315603 ORDER BY c
	Sort  (cost=3914.89..3917.38 rows=998 width=121)
	  Sort Key: c
	  ->  Bitmap Heap Scan on sbtest2  (cost=30.66..3865.17 rows=998 width=121)
	        Recheck Cond: ((id >= 3314604) AND (id <= 3315603))
	        ->  Bitmap Index Scan on sbtest2_pkey  (cost=0.00..30.41 rows=998 width=0)
	              Index Cond: ((id >= 3314604) AND (id <= 3315603))

table 3 : explain SELECT c FROM sbtest3 WHERE id BETWEEN 7546273 AND 7547272 ORDER BY c
	Sort  (cost=3838.83..3841.27 rows=978 width=121)
	  Sort Key: c
	  ->  Bitmap Heap Scan on sbtest3  (cost=30.46..3790.25 rows=978 width=121)
	        Recheck Cond: ((id >= 7546273) AND (id <= 7547272))
	        ->  Bitmap Index Scan on sbtest3_pkey  (cost=0.00..30.21 rows=978 width=0)
	              Index Cond: ((id >= 7546273) AND (id <= 7547272))

table 4 : explain SELECT c FROM sbtest4 WHERE id BETWEEN 7114680 AND 7115679 ORDER BY c
	Sort  (cost=4164.06..4166.72 rows=1063 width=121)
	  Sort Key: c
	  ->  Bitmap Heap Scan on sbtest4  (cost=31.33..4110.62 rows=1063 width=121)
	        Recheck Cond: ((id >= 7114680) AND (id <= 7115679))
	        ->  Bitmap Index Scan on sbtest4_pkey  (cost=0.00..31.07 rows=1063 width=0)
	              Index Cond: ((id >= 7114680) AND (id <= 7115679))

table 5 : explain SELECT c FROM sbtest5 WHERE id BETWEEN 312061 AND 313060 ORDER BY c
	Sort  (cost=3504.95..3507.18 rows=891 width=121)
	  Sort Key: c
	  ->  Bitmap Heap Scan on sbtest5  (cost=25.57..3461.30 rows=891 width=121)
	        Recheck Cond: ((id >= 312061) AND (id <= 313060))
	        ->  Bitmap Index Scan on sbtest5_pkey  (cost=0.00..25.34 rows=891 width=0)
	              Index Cond: ((id >= 312061) AND (id <= 313060))

table 6 : explain SELECT c FROM sbtest6 WHERE id BETWEEN 324284 AND 325283 ORDER BY c
	Sort  (cost=4456.75..4459.60 rows=1138 width=121)
	  Sort Key: c
	  ->  Bitmap Heap Scan on sbtest6  (cost=36.10..4398.99 rows=1138 width=121)
	        Recheck Cond: ((id >= 324284) AND (id <= 325283))
	        ->  Bitmap Index Scan on sbtest6_pkey  (cost=0.00..35.82 rows=1138 width=0)
	              Index Cond: ((id >= 324284) AND (id <= 325283))

table 7 : explain SELECT c FROM sbtest7 WHERE id BETWEEN 478824 AND 479823 ORDER BY c
	Sort  (cost=3751.28..3753.67 rows=954 width=121)
	  Sort Key: c
	  ->  Bitmap Heap Scan on sbtest7  (cost=30.21..3704.07 rows=954 width=121)
	        Recheck Cond: ((id >= 478824) AND (id <= 479823))
	        ->  Bitmap Index Scan on sbtest7_pkey  (cost=0.00..29.97 rows=954 width=0)
	              Index Cond: ((id >= 478824) AND (id <= 479823))

table 8 : explain SELECT c FROM sbtest8 WHERE id BETWEEN 5142926 AND 5143925 ORDER BY c
	Sort  (cost=3833.35..3835.79 rows=976 width=121)
	  Sort Key: c
	  ->  Bitmap Heap Scan on sbtest8  (cost=30.44..3784.88 rows=976 width=121)
	        Recheck Cond: ((id >= 5142926) AND (id <= 5143925))
	        ->  Bitmap Index Scan on sbtest8_pkey  (cost=0.00..30.19 rows=976 width=0)
	              Index Cond: ((id >= 5142926) AND (id <= 5143925))

for: sum_ranges
table 1 : explain SELECT SUM(k) FROM sbtest1 WHERE id BETWEEN 1932770 AND 1933769
	Aggregate  (cost=3922.80..3922.81 rows=1 width=8)
	  ->  Bitmap Heap Scan on sbtest1  (cost=30.82..3920.26 rows=1013 width=4)
	        Recheck Cond: ((id >= 1932770) AND (id <= 1933769))
	        ->  Bitmap Index Scan on sbtest1_pkey  (cost=0.00..30.57 rows=1013 width=0)
	              Index Cond: ((id >= 1932770) AND (id <= 1933769))

table 2 : explain SELECT SUM(k) FROM sbtest2 WHERE id BETWEEN 580352 AND 581351
	Aggregate  (cost=4014.77..4014.78 rows=1 width=8)
	  ->  Bitmap Heap Scan on sbtest2  (cost=31.06..4012.18 rows=1037 width=4)
	        Recheck Cond: ((id >= 580352) AND (id <= 581351))
	        ->  Bitmap Index Scan on sbtest2_pkey  (cost=0.00..30.80 rows=1037 width=0)
	              Index Cond: ((id >= 580352) AND (id <= 581351))

table 3 : explain SELECT SUM(k) FROM sbtest3 WHERE id BETWEEN 7079748 AND 7080747
	Aggregate  (cost=3970.11..3970.12 rows=1 width=8)
	  ->  Bitmap Heap Scan on sbtest3  (cost=30.94..3967.54 rows=1025 width=4)
	        Recheck Cond: ((id >= 7079748) AND (id <= 7080747))
	        ->  Bitmap Index Scan on sbtest3_pkey  (cost=0.00..30.68 rows=1025 width=0)
	              Index Cond: ((id >= 7079748) AND (id <= 7080747))

table 4 : explain SELECT SUM(k) FROM sbtest4 WHERE id BETWEEN 8305025 AND 8306024
	Aggregate  (cost=3542.82..3542.83 rows=1 width=8)
	  ->  Bitmap Heap Scan on sbtest4  (cost=25.79..3540.54 rows=913 width=4)
	        Recheck Cond: ((id >= 8305025) AND (id <= 8306024))
	        ->  Bitmap Index Scan on sbtest4_pkey  (cost=0.00..25.57 rows=913 width=0)
	              Index Cond: ((id >= 8305025) AND (id <= 8306024))

table 5 : explain SELECT SUM(k) FROM sbtest5 WHERE id BETWEEN 8811832 AND 8812831
	Aggregate  (cost=4258.10..4258.11 rows=1 width=8)
	  ->  Bitmap Heap Scan on sbtest5  (cost=31.71..4255.35 rows=1100 width=4)
	        Recheck Cond: ((id >= 8811832) AND (id <= 8812831))
	        ->  Bitmap Index Scan on sbtest5_pkey  (cost=0.00..31.43 rows=1100 width=0)
	              Index Cond: ((id >= 8811832) AND (id <= 8812831))

table 6 : explain SELECT SUM(k) FROM sbtest6 WHERE id BETWEEN 1669361 AND 1670360
	Aggregate  (cost=3786.97..3786.98 rows=1 width=8)
	  ->  Bitmap Heap Scan on sbtest6  (cost=30.44..3784.53 rows=976 width=4)
	        Recheck Cond: ((id >= 1669361) AND (id <= 1670360))
	        ->  Bitmap Index Scan on sbtest6_pkey  (cost=0.00..30.19 rows=976 width=0)
	              Index Cond: ((id >= 1669361) AND (id <= 1670360))

table 7 : explain SELECT SUM(k) FROM sbtest7 WHERE id BETWEEN 4079069 AND 4080068
	Aggregate  (cost=3770.83..3770.84 rows=1 width=8)
	  ->  Bitmap Heap Scan on sbtest7  (cost=30.39..3768.40 rows=971 width=4)
	        Recheck Cond: ((id >= 4079069) AND (id <= 4080068))
	        ->  Bitmap Index Scan on sbtest7_pkey  (cost=0.00..30.14 rows=971 width=0)
	              Index Cond: ((id >= 4079069) AND (id <= 4080068))

table 8 : explain SELECT SUM(k) FROM sbtest8 WHERE id BETWEEN 9850529 AND 9851528
	Aggregate  (cost=3798.67..3798.68 rows=1 width=8)
	  ->  Bitmap Heap Scan on sbtest8  (cost=30.47..3796.22 rows=979 width=4)
	        Recheck Cond: ((id >= 9850529) AND (id <= 9851528))
	        ->  Bitmap Index Scan on sbtest8_pkey  (cost=0.00..30.22 rows=979 width=0)
	              Index Cond: ((id >= 9850529) AND (id <= 9851528))

for: order_ranges
table 1 : explain SELECT c FROM sbtest1 WHERE id BETWEEN 4303858 AND 4304857 ORDER BY c
	Sort  (cost=3947.88..3950.40 rows=1007 width=121)
	  Sort Key: c
	  ->  Bitmap Heap Scan on sbtest1  (cost=30.76..3897.65 rows=1007 width=121)
	        Recheck Cond: ((id >= 4303858) AND (id <= 4304857))
	        ->  Bitmap Index Scan on sbtest1_pkey  (cost=0.00..30.50 rows=1007 width=0)
	              Index Cond: ((id >= 4303858) AND (id <= 4304857))

table 2 : explain SELECT c FROM sbtest2 WHERE id BETWEEN 3089699 AND 3090698 ORDER BY c
	Sort  (cost=3654.08..3656.41 rows=931 width=121)
	  Sort Key: c
	  ->  Bitmap Heap Scan on sbtest2  (cost=25.98..3608.17 rows=931 width=121)
	        Recheck Cond: ((id >= 3089699) AND (id <= 3090698))
	        ->  Bitmap Index Scan on sbtest2_pkey  (cost=0.00..25.75 rows=931 width=0)
	              Index Cond: ((id >= 3089699) AND (id <= 3090698))

table 3 : explain SELECT c FROM sbtest3 WHERE id BETWEEN 7126764 AND 7127763 ORDER BY c
	Sort  (cost=3792.83..3795.25 rows=966 width=121)
	  Sort Key: c
	  ->  Bitmap Heap Scan on sbtest3  (cost=30.34..3744.94 rows=966 width=121)
	        Recheck Cond: ((id >= 7126764) AND (id <= 7127763))
	        ->  Bitmap Index Scan on sbtest3_pkey  (cost=0.00..30.09 rows=966 width=0)
	              Index Cond: ((id >= 7126764) AND (id <= 7127763))

table 4 : explain SELECT c FROM sbtest4 WHERE id BETWEEN 4467841 AND 4468840 ORDER BY c
	Sort  (cost=3896.24..3898.72 rows=993 width=121)
	  Sort Key: c
	  ->  Bitmap Heap Scan on sbtest4  (cost=30.61..3846.81 rows=993 width=121)
	        Recheck Cond: ((id >= 4467841) AND (id <= 4468840))
	        ->  Bitmap Index Scan on sbtest4_pkey  (cost=0.00..30.36 rows=993 width=0)
	              Index Cond: ((id >= 4467841) AND (id <= 4468840))

table 5 : explain SELECT c FROM sbtest5 WHERE id BETWEEN 1957303 AND 1958302 ORDER BY c
	Sort  (cost=4069.71..4072.30 rows=1037 width=121)
	  Sort Key: c
	  ->  Bitmap Heap Scan on sbtest5  (cost=31.06..4017.76 rows=1037 width=121)
	        Recheck Cond: ((id >= 1957303) AND (id <= 1958302))
	        ->  Bitmap Index Scan on sbtest5_pkey  (cost=0.00..30.80 rows=1037 width=0)
	              Index Cond: ((id >= 1957303) AND (id <= 1958302))

table 6 : explain SELECT c FROM sbtest6 WHERE id BETWEEN 2384130 AND 2385129 ORDER BY c
	Sort  (cost=3951.82..3954.34 rows=1007 width=121)
	  Sort Key: c
	  ->  Bitmap Heap Scan on sbtest6  (cost=30.76..3901.59 rows=1007 width=121)
	        Recheck Cond: ((id >= 2384130) AND (id <= 2385129))
	        ->  Bitmap Index Scan on sbtest6_pkey  (cost=0.00..30.50 rows=1007 width=0)
	              Index Cond: ((id >= 2384130) AND (id <= 2385129))

table 7 : explain SELECT c FROM sbtest7 WHERE id BETWEEN 6702341 AND 6703340 ORDER BY c
	Sort  (cost=3820.42..3822.85 rows=972 width=121)
	  Sort Key: c
	  ->  Bitmap Heap Scan on sbtest7  (cost=30.40..3772.18 rows=972 width=121)
	        Recheck Cond: ((id >= 6702341) AND (id <= 6703340))
	        ->  Bitmap Index Scan on sbtest7_pkey  (cost=0.00..30.15 rows=972 width=0)
	              Index Cond: ((id >= 6702341) AND (id <= 6703340))

table 8 : explain SELECT c FROM sbtest8 WHERE id BETWEEN 6558153 AND 6559152 ORDER BY c
	Sort  (cost=3818.00..3820.43 rows=972 width=121)
	  Sort Key: c
	  ->  Bitmap Heap Scan on sbtest8  (cost=30.40..3769.77 rows=972 width=121)
	        Recheck Cond: ((id >= 6558153) AND (id <= 6559152))
	        ->  Bitmap Index Scan on sbtest8_pkey  (cost=0.00..30.15 rows=972 width=0)
	              Index Cond: ((id >= 6558153) AND (id <= 6559152))

for: order_ranges
table 1 : explain SELECT c FROM sbtest1 WHERE id BETWEEN 4184733 AND 4185732 ORDER BY c
	Sort  (cost=3963.18..3965.71 rows=1011 width=121)
	  Sort Key: c
	  ->  Bitmap Heap Scan on sbtest1  (cost=30.80..3912.73 rows=1011 width=121)
	        Recheck Cond: ((id >= 4184733) AND (id <= 4185732))
	        ->  Bitmap Index Scan on sbtest1_pkey  (cost=0.00..30.54 rows=1011 width=0)
	              Index Cond: ((id >= 4184733) AND (id <= 4185732))

table 2 : explain SELECT c FROM sbtest2 WHERE id BETWEEN 5609833 AND 5610832 ORDER BY c
	Sort  (cost=3884.25..3886.73 rows=990 width=121)
	  Sort Key: c
	  ->  Bitmap Heap Scan on sbtest2  (cost=30.58..3834.99 rows=990 width=121)
	        Recheck Cond: ((id >= 5609833) AND (id <= 5610832))
	        ->  Bitmap Index Scan on sbtest2_pkey  (cost=0.00..30.33 rows=990 width=0)
	              Index Cond: ((id >= 5609833) AND (id <= 5610832))

table 3 : explain SELECT c FROM sbtest3 WHERE id BETWEEN 1600520 AND 1601519 ORDER BY c
	Sort  (cost=3746.82..3749.21 rows=954 width=121)
	  Sort Key: c
	  ->  Bitmap Heap Scan on sbtest3  (cost=30.21..3699.61 rows=954 width=121)
	        Recheck Cond: ((id >= 1600520) AND (id <= 1601519))
	        ->  Bitmap Index Scan on sbtest3_pkey  (cost=0.00..29.97 rows=954 width=0)
	              Index Cond: ((id >= 1600520) AND (id <= 1601519))

table 4 : explain SELECT c FROM sbtest4 WHERE id BETWEEN 3286870 AND 3287869 ORDER BY c
	Sort  (cost=4030.22..4032.79 rows=1028 width=121)
	  Sort Key: c
	  ->  Bitmap Heap Scan on sbtest4  (cost=30.97..3978.79 rows=1028 width=121)
	        Recheck Cond: ((id >= 3286870) AND (id <= 3287869))
	        ->  Bitmap Index Scan on sbtest4_pkey  (cost=0.00..30.71 rows=1028 width=0)
	              Index Cond: ((id >= 3286870) AND (id <= 3287869))

table 5 : explain SELECT c FROM sbtest5 WHERE id BETWEEN 9745347 AND 9746346 ORDER BY c
	Sort  (cost=3612.84..3615.14 rows=918 width=121)
	  Sort Key: c
	  ->  Bitmap Heap Scan on sbtest5  (cost=29.84..3567.67 rows=918 width=121)
	        Recheck Cond: ((id >= 9745347) AND (id <= 9746346))
	        ->  Bitmap Index Scan on sbtest5_pkey  (cost=0.00..29.61 rows=918 width=0)
	              Index Cond: ((id >= 9745347) AND (id <= 9746346))

table 6 : explain SELECT c FROM sbtest6 WHERE id BETWEEN 69742 AND 70741 ORDER BY c
	Sort  (cost=3936.50..3939.00 rows=1003 width=121)
	  Sort Key: c
	  ->  Bitmap Heap Scan on sbtest6  (cost=30.72..3886.49 rows=1003 width=121)
	        Recheck Cond: ((id >= 69742) AND (id <= 70741))
	        ->  Bitmap Index Scan on sbtest6_pkey  (cost=0.00..30.46 rows=1003 width=0)
	              Index Cond: ((id >= 69742) AND (id <= 70741))

table 7 : explain SELECT c FROM sbtest7 WHERE id BETWEEN 7378152 AND 7379151 ORDER BY c
	Sort  (cost=3966.25..3968.78 rows=1010 width=121)
	  Sort Key: c
	  ->  Bitmap Heap Scan on sbtest7  (cost=30.79..3915.85 rows=1010 width=121)
	        Recheck Cond: ((id >= 7378152) AND (id <= 7379151))
	        ->  Bitmap Index Scan on sbtest7_pkey  (cost=0.00..30.54 rows=1010 width=0)
	              Index Cond: ((id >= 7378152) AND (id <= 7379151))

table 8 : explain SELECT c FROM sbtest8 WHERE id BETWEEN 425582 AND 426581 ORDER BY c
	Sort  (cost=4220.15..4222.84 rows=1077 width=121)
	  Sort Key: c
	  ->  Bitmap Heap Scan on sbtest8  (cost=31.47..4165.91 rows=1077 width=121)
	        Recheck Cond: ((id >= 425582) AND (id <= 426581))
	        ->  Bitmap Index Scan on sbtest8_pkey  (cost=0.00..31.20 rows=1077 width=0)
	              Index Cond: ((id >= 425582) AND (id <= 426581))

for: simple_ranges
table 1 : explain SELECT c FROM sbtest1 WHERE id BETWEEN 546677 AND 547676
	Bitmap Heap Scan on sbtest1  (cost=30.18..3686.42 rows=951 width=121)
	  Recheck Cond: ((id >= 546677) AND (id <= 547676))
	  ->  Bitmap Index Scan on sbtest1_pkey  (cost=0.00..29.94 rows=951 width=0)
	        Index Cond: ((id >= 546677) AND (id <= 547676))

table 2 : explain SELECT c FROM sbtest2 WHERE id BETWEEN 4243415 AND 4244414
	Bitmap Heap Scan on sbtest2  (cost=31.84..4298.10 rows=1113 width=121)
	  Recheck Cond: ((id >= 4243415) AND (id <= 4244414))
	  ->  Bitmap Index Scan on sbtest2_pkey  (cost=0.00..31.57 rows=1113 width=0)
	        Index Cond: ((id >= 4243415) AND (id <= 4244414))

table 3 : explain SELECT c FROM sbtest3 WHERE id BETWEEN 1777423 AND 1778422
	Bitmap Heap Scan on sbtest3  (cost=31.42..4144.56 rows=1072 width=121)
	  Recheck Cond: ((id >= 1777423) AND (id <= 1778422))
	  ->  Bitmap Index Scan on sbtest3_pkey  (cost=0.00..31.15 rows=1072 width=0)
	        Index Cond: ((id >= 1777423) AND (id <= 1778422))

table 4 : explain SELECT c FROM sbtest4 WHERE id BETWEEN 6034084 AND 6035083
	Bitmap Heap Scan on sbtest4  (cost=31.41..4140.73 rows=1071 width=121)
	  Recheck Cond: ((id >= 6034084) AND (id <= 6035083))
	  ->  Bitmap Index Scan on sbtest4_pkey  (cost=0.00..31.14 rows=1071 width=0)
	        Index Cond: ((id >= 6034084) AND (id <= 6035083))

table 5 : explain SELECT c FROM sbtest5 WHERE id BETWEEN 4214156 AND 4215155
	Bitmap Heap Scan on sbtest5  (cost=30.01..3628.29 rows=934 width=121)
	  Recheck Cond: ((id >= 4214156) AND (id <= 4215155))
	  ->  Bitmap Index Scan on sbtest5_pkey  (cost=0.00..29.77 rows=934 width=0)
	        Index Cond: ((id >= 4214156) AND (id <= 4215155))

table 6 : explain SELECT c FROM sbtest6 WHERE id BETWEEN 9479216 AND 9480215
	Bitmap Heap Scan on sbtest6  (cost=30.15..3678.69 rows=948 width=121)
	  Recheck Cond: ((id >= 9479216) AND (id <= 9480215))
	  ->  Bitmap Index Scan on sbtest6_pkey  (cost=0.00..29.91 rows=948 width=0)
	        Index Cond: ((id >= 9479216) AND (id <= 9480215))

table 7 : explain SELECT c FROM sbtest7 WHERE id BETWEEN 7642557 AND 7643556
	Bitmap Heap Scan on sbtest7  (cost=30.19..3696.50 rows=952 width=121)
	  Recheck Cond: ((id >= 7642557) AND (id <= 7643556))
	  ->  Bitmap Index Scan on sbtest7_pkey  (cost=0.00..29.95 rows=952 width=0)
	        Index Cond: ((id >= 7642557) AND (id <= 7643556))

table 8 : explain SELECT c FROM sbtest8 WHERE id BETWEEN 2268854 AND 2269853
	Bitmap Heap Scan on sbtest8  (cost=30.37..3758.43 rows=969 width=121)
	  Recheck Cond: ((id >= 2268854) AND (id <= 2269853))
	  ->  Bitmap Index Scan on sbtest8_pkey  (cost=0.00..30.12 rows=969 width=0)
	        Index Cond: ((id >= 2268854) AND (id <= 2269853))

for: order_ranges
table 1 : explain SELECT c FROM sbtest1 WHERE id BETWEEN 3900893 AND 3901892 ORDER BY c
	Sort  (cost=3909.62..3912.11 rows=997 width=121)
	  Sort Key: c
	  ->  Bitmap Heap Scan on sbtest1  (cost=30.65..3859.96 rows=997 width=121)
	        Recheck Cond: ((id >= 3900893) AND (id <= 3901892))
	        ->  Bitmap Index Scan on sbtest1_pkey  (cost=0.00..30.40 rows=997 width=0)
	              Index Cond: ((id >= 3900893) AND (id <= 3901892))

table 2 : explain SELECT c FROM sbtest2 WHERE id BETWEEN 7894325 AND 7895324 ORDER BY c
	Sort  (cost=3807.63..3810.06 rows=970 width=121)
	  Sort Key: c
	  ->  Bitmap Heap Scan on sbtest2  (cost=30.38..3759.51 rows=970 width=121)
	        Recheck Cond: ((id >= 7894325) AND (id <= 7895324))
	        ->  Bitmap Index Scan on sbtest2_pkey  (cost=0.00..30.14 rows=970 width=0)
	              Index Cond: ((id >= 7894325) AND (id <= 7895324))

table 3 : explain SELECT c FROM sbtest3 WHERE id BETWEEN 1057582 AND 1058581 ORDER BY c
	Sort  (cost=3884.80..3887.28 rows=990 width=121)
	  Sort Key: c
	  ->  Bitmap Heap Scan on sbtest3  (cost=30.58..3835.54 rows=990 width=121)
	        Recheck Cond: ((id >= 1057582) AND (id <= 1058581))
	        ->  Bitmap Index Scan on sbtest3_pkey  (cost=0.00..30.33 rows=990 width=0)
	              Index Cond: ((id >= 1057582) AND (id <= 1058581))

table 4 : explain SELECT c FROM sbtest4 WHERE id BETWEEN 4725633 AND 4726632 ORDER BY c
	Sort  (cost=3865.59..3868.05 rows=985 width=121)
	  Sort Key: c
	  ->  Bitmap Heap Scan on sbtest4  (cost=30.53..3816.62 rows=985 width=121)
	        Recheck Cond: ((id >= 4725633) AND (id <= 4726632))
	        ->  Bitmap Index Scan on sbtest4_pkey  (cost=0.00..30.29 rows=985 width=0)
	              Index Cond: ((id >= 4725633) AND (id <= 4726632))

table 5 : explain SELECT c FROM sbtest5 WHERE id BETWEEN 4874846 AND 4875845 ORDER BY c
	Sort  (cost=3751.23..3753.62 rows=954 width=121)
	  Sort Key: c
	  ->  Bitmap Heap Scan on sbtest5  (cost=30.21..3704.02 rows=954 width=121)
	        Recheck Cond: ((id >= 4874846) AND (id <= 4875845))
	        ->  Bitmap Index Scan on sbtest5_pkey  (cost=0.00..29.97 rows=954 width=0)
	              Index Cond: ((id >= 4874846) AND (id <= 4875845))

table 6 : explain SELECT c FROM sbtest6 WHERE id BETWEEN 9282184 AND 9283183 ORDER BY c
	Sort  (cost=3664.13..3666.46 rows=932 width=121)
	  Sort Key: c
	  ->  Bitmap Heap Scan on sbtest6  (cost=29.99..3618.16 rows=932 width=121)
	        Recheck Cond: ((id >= 9282184) AND (id <= 9283183))
	        ->  Bitmap Index Scan on sbtest6_pkey  (cost=0.00..29.75 rows=932 width=0)
	              Index Cond: ((id >= 9282184) AND (id <= 9283183))

table 7 : explain SELECT c FROM sbtest7 WHERE id BETWEEN 848224 AND 849223 ORDER BY c
	Sort  (cost=3655.20..3657.52 rows=929 width=121)
	  Sort Key: c
	  ->  Bitmap Heap Scan on sbtest7  (cost=29.96..3609.40 rows=929 width=121)
	        Recheck Cond: ((id >= 848224) AND (id <= 849223))
	        ->  Bitmap Index Scan on sbtest7_pkey  (cost=0.00..29.72 rows=929 width=0)
	              Index Cond: ((id >= 848224) AND (id <= 849223))

table 8 : explain SELECT c FROM sbtest8 WHERE id BETWEEN 7345693 AND 7346692 ORDER BY c
	Sort  (cost=4231.62..4234.32 rows=1080 width=121)
	  Sort Key: c
	  ->  Bitmap Heap Scan on sbtest8  (cost=31.50..4177.21 rows=1080 width=121)
	        Recheck Cond: ((id >= 7345693) AND (id <= 7346692))
	        ->  Bitmap Index Scan on sbtest8_pkey  (cost=0.00..31.23 rows=1080 width=0)
	              Index Cond: ((id >= 7345693) AND (id <= 7346692))

for: distinct_ranges
table 1 : explain SELECT DISTINCT c FROM sbtest1 WHERE id BETWEEN 7188501 AND 7189500 ORDER BY c
	Unique  (cost=3752.62..3757.40 rows=956 width=121)
	  ->  Sort  (cost=3752.62..3755.01 rows=956 width=121)
	        Sort Key: c
	        ->  Bitmap Heap Scan on sbtest1  (cost=30.23..3705.30 rows=956 width=121)
	              Recheck Cond: ((id >= 7188501) AND (id <= 7189500))
	              ->  Bitmap Index Scan on sbtest1_pkey  (cost=0.00..30.00 rows=956 width=0)
	                    Index Cond: ((id >= 7188501) AND (id <= 7189500))

table 2 : explain SELECT DISTINCT c FROM sbtest2 WHERE id BETWEEN 8005490 AND 8006489 ORDER BY c
	Unique  (cost=3654.08..3658.74 rows=931 width=121)
	  ->  Sort  (cost=3654.08..3656.41 rows=931 width=121)
	        Sort Key: c
	        ->  Bitmap Heap Scan on sbtest2  (cost=25.98..3608.17 rows=931 width=121)
	              Recheck Cond: ((id >= 8005490) AND (id <= 8006489))
	              ->  Bitmap Index Scan on sbtest2_pkey  (cost=0.00..25.75 rows=931 width=0)
	                    Index Cond: ((id >= 8005490) AND (id <= 8006489))

table 3 : explain SELECT DISTINCT c FROM sbtest3 WHERE id BETWEEN 4745232 AND 4746231 ORDER BY c
	Unique  (cost=3846.49..3851.39 rows=980 width=121)
	  ->  Sort  (cost=3846.49..3848.94 rows=980 width=121)
	        Sort Key: c
	        ->  Bitmap Heap Scan on sbtest3  (cost=30.48..3797.80 rows=980 width=121)
	              Recheck Cond: ((id >= 4745232) AND (id <= 4746231))
	              ->  Bitmap Index Scan on sbtest3_pkey  (cost=0.00..30.23 rows=980 width=0)
	                    Index Cond: ((id >= 4745232) AND (id <= 4746231))

table 4 : explain SELECT DISTINCT c FROM sbtest4 WHERE id BETWEEN 5888759 AND 5889758 ORDER BY c
	Unique  (cost=4026.39..4031.53 rows=1027 width=121)
	  ->  Sort  (cost=4026.39..4028.96 rows=1027 width=121)
	        Sort Key: c
	        ->  Bitmap Heap Scan on sbtest4  (cost=30.96..3975.02 rows=1027 width=121)
	              Recheck Cond: ((id >= 5888759) AND (id <= 5889758))
	              ->  Bitmap Index Scan on sbtest4_pkey  (cost=0.00..30.70 rows=1027 width=0)
	                    Index Cond: ((id >= 5888759) AND (id <= 5889758))

table 5 : explain SELECT DISTINCT c FROM sbtest5 WHERE id BETWEEN 5137375 AND 5138374 ORDER BY c
	Unique  (cost=4303.27..4308.76 rows=1098 width=121)
	  ->  Sort  (cost=4303.27..4306.01 rows=1098 width=121)
	        Sort Key: c
	        ->  Bitmap Heap Scan on sbtest5  (cost=31.69..4247.81 rows=1098 width=121)
	              Recheck Cond: ((id >= 5137375) AND (id <= 5138374))
	              ->  Bitmap Index Scan on sbtest5_pkey  (cost=0.00..31.41 rows=1098 width=0)
	                    Index Cond: ((id >= 5137375) AND (id <= 5138374))

table 6 : explain SELECT DISTINCT c FROM sbtest6 WHERE id BETWEEN 9731575 AND 9732574 ORDER BY c
	Unique  (cost=3967.15..3972.20 rows=1011 width=121)
	  ->  Sort  (cost=3967.15..3969.67 rows=1011 width=121)
	        Sort Key: c
	        ->  Bitmap Heap Scan on sbtest6  (cost=30.80..3916.69 rows=1011 width=121)
	              Recheck Cond: ((id >= 9731575) AND (id <= 9732574))
	              ->  Bitmap Index Scan on sbtest6_pkey  (cost=0.00..30.54 rows=1011 width=0)
	                    Index Cond: ((id >= 9731575) AND (id <= 9732574))

table 7 : explain SELECT DISTINCT c FROM sbtest7 WHERE id BETWEEN 6991393 AND 6992392 ORDER BY c
	Unique  (cost=3824.26..3829.12 rows=973 width=121)
	  ->  Sort  (cost=3824.26..3826.69 rows=973 width=121)
	        Sort Key: c
	        ->  Bitmap Heap Scan on sbtest7  (cost=30.41..3775.97 rows=973 width=121)
	              Recheck Cond: ((id >= 6991393) AND (id <= 6992392))
	              ->  Bitmap Index Scan on sbtest7_pkey  (cost=0.00..30.16 rows=973 width=0)
	                    Index Cond: ((id >= 6991393) AND (id <= 6992392))

table 8 : explain SELECT DISTINCT c FROM sbtest8 WHERE id BETWEEN 2987942 AND 2988941 ORDER BY c
	Unique  (cost=3894.70..3899.66 rows=992 width=121)
	  ->  Sort  (cost=3894.70..3897.18 rows=992 width=121)
	        Sort Key: c
	        ->  Bitmap Heap Scan on sbtest8  (cost=30.60..3845.33 rows=992 width=121)
	              Recheck Cond: ((id >= 2987942) AND (id <= 2988941))
	              ->  Bitmap Index Scan on sbtest8_pkey  (cost=0.00..30.36 rows=992 width=0)
	                    Index Cond: ((id >= 2987942) AND (id <= 2988941))

for: sum_ranges
table 1 : explain SELECT SUM(k) FROM sbtest1 WHERE id BETWEEN 7800480 AND 7801479
	Aggregate  (cost=3836.05..3836.06 rows=1 width=8)
	  ->  Bitmap Heap Scan on sbtest1  (cost=30.58..3833.57 rows=990 width=4)
	        Recheck Cond: ((id >= 7800480) AND (id <= 7801479))
	        ->  Bitmap Index Scan on sbtest1_pkey  (cost=0.00..30.33 rows=990 width=0)
	              Index Cond: ((id >= 7800480) AND (id <= 7801479))

table 2 : explain SELECT SUM(k) FROM sbtest2 WHERE id BETWEEN 4906952 AND 4907951
	Aggregate  (cost=3845.02..3845.03 rows=1 width=8)
	  ->  Bitmap Heap Scan on sbtest2  (cost=30.60..3842.54 rows=992 width=4)
	        Recheck Cond: ((id >= 4906952) AND (id <= 4907951))
	        ->  Bitmap Index Scan on sbtest2_pkey  (cost=0.00..30.36 rows=992 width=0)
	              Index Cond: ((id >= 4906952) AND (id <= 4907951))

table 3 : explain SELECT SUM(k) FROM sbtest3 WHERE id BETWEEN 6650859 AND 6651858
	Aggregate  (cost=3970.11..3970.12 rows=1 width=8)
	  ->  Bitmap Heap Scan on sbtest3  (cost=30.94..3967.54 rows=1025 width=4)
	        Recheck Cond: ((id >= 6650859) AND (id <= 6651858))
	        ->  Bitmap Index Scan on sbtest3_pkey  (cost=0.00..30.68 rows=1025 width=0)
	              Index Cond: ((id >= 6650859) AND (id <= 6651858))

table 4 : explain SELECT SUM(k) FROM sbtest4 WHERE id BETWEEN 4320389 AND 4321388
	Aggregate  (cost=3728.40..3728.41 rows=1 width=8)
	  ->  Bitmap Heap Scan on sbtest4  (cost=30.29..3726.00 rows=961 width=4)
	        Recheck Cond: ((id >= 4320389) AND (id <= 4321388))
	        ->  Bitmap Index Scan on sbtest4_pkey  (cost=0.00..30.04 rows=961 width=0)
	              Index Cond: ((id >= 4320389) AND (id <= 4321388))

table 5 : explain SELECT SUM(k) FROM sbtest5 WHERE id BETWEEN 3381702 AND 3382701
	Aggregate  (cost=3827.55..3827.56 rows=1 width=8)
	  ->  Bitmap Heap Scan on sbtest5  (cost=30.54..3825.08 rows=986 width=4)
	        Recheck Cond: ((id >= 3381702) AND (id <= 3382701))
	        ->  Bitmap Index Scan on sbtest5_pkey  (cost=0.00..30.29 rows=986 width=0)
	              Index Cond: ((id >= 3381702) AND (id <= 3382701))

table 6 : explain SELECT SUM(k) FROM sbtest6 WHERE id BETWEEN 2848778 AND 2849777
	Aggregate  (cost=4058.86..4058.87 rows=1 width=8)
	  ->  Bitmap Heap Scan on sbtest6  (cost=31.18..4056.24 rows=1048 width=4)
	        Recheck Cond: ((id >= 2848778) AND (id <= 2849777))
	        ->  Bitmap Index Scan on sbtest6_pkey  (cost=0.00..30.91 rows=1048 width=0)
	              Index Cond: ((id >= 2848778) AND (id <= 2849777))

table 7 : explain SELECT SUM(k) FROM sbtest7 WHERE id BETWEEN 6178404 AND 6179403
	Aggregate  (cost=3899.47..3899.48 rows=1 width=8)
	  ->  Bitmap Heap Scan on sbtest7  (cost=30.74..3896.96 rows=1005 width=4)
	        Recheck Cond: ((id >= 6178404) AND (id <= 6179403))
	        ->  Bitmap Index Scan on sbtest7_pkey  (cost=0.00..30.48 rows=1005 width=0)
	              Index Cond: ((id >= 6178404) AND (id <= 6179403))

table 8 : explain SELECT SUM(k) FROM sbtest8 WHERE id BETWEEN 4605206 AND 4606205
	Aggregate  (cost=3707.89..3707.90 rows=1 width=8)
	  ->  Bitmap Heap Scan on sbtest8  (cost=30.22..3705.50 rows=955 width=4)
	        Recheck Cond: ((id >= 4605206) AND (id <= 4606205))
	        ->  Bitmap Index Scan on sbtest8_pkey  (cost=0.00..29.98 rows=955 width=0)
	              Index Cond: ((id >= 4605206) AND (id <= 4606205))

for: simple_ranges
table 1 : explain SELECT c FROM sbtest1 WHERE id BETWEEN 3775223 AND 3776222
	Bitmap Heap Scan on sbtest1  (cost=30.30..3727.94 rows=962 width=121)
	  Recheck Cond: ((id >= 3775223) AND (id <= 3776222))
	  ->  Bitmap Index Scan on sbtest1_pkey  (cost=0.00..30.05 rows=962 width=0)
	        Index Cond: ((id >= 3775223) AND (id <= 3776222))

table 2 : explain SELECT c FROM sbtest2 WHERE id BETWEEN 5487502 AND 5488501
	Bitmap Heap Scan on sbtest2  (cost=25.76..3528.75 rows=910 width=121)
	  Recheck Cond: ((id >= 5487502) AND (id <= 5488501))
	  ->  Bitmap Index Scan on sbtest2_pkey  (cost=0.00..25.54 rows=910 width=0)
	        Index Cond: ((id >= 5487502) AND (id <= 5488501))

table 3 : explain SELECT c FROM sbtest3 WHERE id BETWEEN 9653641 AND 9654640
	Bitmap Heap Scan on sbtest3  (cost=30.15..3676.94 rows=948 width=121)
	  Recheck Cond: ((id >= 9653641) AND (id <= 9654640))
	  ->  Bitmap Index Scan on sbtest3_pkey  (cost=0.00..29.91 rows=948 width=0)
	        Index Cond: ((id >= 9653641) AND (id <= 9654640))

table 4 : explain SELECT c FROM sbtest4 WHERE id BETWEEN 1942752 AND 1943751
	Bitmap Heap Scan on sbtest4  (cost=30.86..3937.33 rows=1017 width=121)
	  Recheck Cond: ((id >= 1942752) AND (id <= 1943751))
	  ->  Bitmap Index Scan on sbtest4_pkey  (cost=0.00..30.61 rows=1017 width=0)
	        Index Cond: ((id >= 1942752) AND (id <= 1943751))

table 5 : explain SELECT c FROM sbtest5 WHERE id BETWEEN 7636787 AND 7637786
	Bitmap Heap Scan on sbtest5  (cost=30.10..3662.37 rows=943 width=121)
	  Recheck Cond: ((id >= 7636787) AND (id <= 7637786))
	  ->  Bitmap Index Scan on sbtest5_pkey  (cost=0.00..29.86 rows=943 width=0)
	        Index Cond: ((id >= 7636787) AND (id <= 7637786))

table 6 : explain SELECT c FROM sbtest6 WHERE id BETWEEN 3763904 AND 3764903
	Bitmap Heap Scan on sbtest6  (cost=30.72..3886.49 rows=1003 width=121)
	  Recheck Cond: ((id >= 3763904) AND (id <= 3764903))
	  ->  Bitmap Index Scan on sbtest6_pkey  (cost=0.00..30.46 rows=1003 width=0)
	        Index Cond: ((id >= 3763904) AND (id <= 3764903))

table 7 : explain SELECT c FROM sbtest7 WHERE id BETWEEN 3011251 AND 3012250
	Bitmap Heap Scan on sbtest7  (cost=31.71..4255.41 rows=1100 width=121)
	  Recheck Cond: ((id >= 3011251) AND (id <= 3012250))
	  ->  Bitmap Index Scan on sbtest7_pkey  (cost=0.00..31.43 rows=1100 width=0)
	        Index Cond: ((id >= 3011251) AND (id <= 3012250))

table 8 : explain SELECT c FROM sbtest8 WHERE id BETWEEN 4312196 AND 4313195
	Bitmap Heap Scan on sbtest8  (cost=30.19..3694.16 rows=952 width=121)
	  Recheck Cond: ((id >= 4312196) AND (id <= 4313195))
	  ->  Bitmap Index Scan on sbtest8_pkey  (cost=0.00..29.95 rows=952 width=0)
	        Index Cond: ((id >= 4312196) AND (id <= 4313195))

for: distinct_ranges
table 1 : explain SELECT DISTINCT c FROM sbtest1 WHERE id BETWEEN 1118356 AND 1119355 ORDER BY c
	Unique  (cost=4104.63..4109.87 rows=1048 width=121)
	  ->  Sort  (cost=4104.63..4107.25 rows=1048 width=121)
	        Sort Key: c
	        ->  Bitmap Heap Scan on sbtest1  (cost=31.18..4052.06 rows=1048 width=121)
	              Recheck Cond: ((id >= 1118356) AND (id <= 1119355))
	              ->  Bitmap Index Scan on sbtest1_pkey  (cost=0.00..30.91 rows=1048 width=0)
	                    Index Cond: ((id >= 1118356) AND (id <= 1119355))

table 2 : explain SELECT DISTINCT c FROM sbtest2 WHERE id BETWEEN 3917031 AND 3918030 ORDER BY c
	Unique  (cost=4006.74..4011.85 rows=1022 width=121)
	  ->  Sort  (cost=4006.74..4009.30 rows=1022 width=121)
	        Sort Key: c
	        ->  Bitmap Heap Scan on sbtest2  (cost=30.91..3955.66 rows=1022 width=121)
	              Recheck Cond: ((id >= 3917031) AND (id <= 3918030))
	              ->  Bitmap Index Scan on sbtest2_pkey  (cost=0.00..30.65 rows=1022 width=0)
	                    Index Cond: ((id >= 3917031) AND (id <= 3918030))

table 3 : explain SELECT DISTINCT c FROM sbtest3 WHERE id BETWEEN 6184555 AND 6185554 ORDER BY c
	Unique  (cost=3727.65..3732.39 rows=949 width=121)
	  ->  Sort  (cost=3727.65..3730.02 rows=949 width=121)
	        Sort Key: c
	        ->  Bitmap Heap Scan on sbtest3  (cost=30.16..3680.72 rows=949 width=121)
	              Recheck Cond: ((id >= 6184555) AND (id <= 6185554))
	              ->  Bitmap Index Scan on sbtest3_pkey  (cost=0.00..29.93 rows=949 width=0)
	                    Index Cond: ((id >= 6184555) AND (id <= 6185554))

table 4 : explain SELECT DISTINCT c FROM sbtest4 WHERE id BETWEEN 3373353 AND 3374352 ORDER BY c
	Unique  (cost=3539.35..3543.85 rows=901 width=121)
	  ->  Sort  (cost=3539.35..3541.60 rows=901 width=121)
	        Sort Key: c
	        ->  Bitmap Heap Scan on sbtest4  (cost=25.67..3495.13 rows=901 width=121)
	              Recheck Cond: ((id >= 3373353) AND (id <= 3374352))
	              ->  Bitmap Index Scan on sbtest4_pkey  (cost=0.00..25.44 rows=901 width=0)
	                    Index Cond: ((id >= 3373353) AND (id <= 3374352))

table 5 : explain SELECT DISTINCT c FROM sbtest5 WHERE id BETWEEN 11688 AND 12687 ORDER BY c
	Unique  (cost=3708.96..3713.68 rows=943 width=121)
	  ->  Sort  (cost=3708.96..3711.32 rows=943 width=121)
	        Sort Key: c
	        ->  Bitmap Heap Scan on sbtest5  (cost=30.10..3662.37 rows=943 width=121)
	              Recheck Cond: ((id >= 11688) AND (id <= 12687))
	              ->  Bitmap Index Scan on sbtest5_pkey  (cost=0.00..29.86 rows=943 width=0)
	                    Index Cond: ((id >= 11688) AND (id <= 12687))

table 6 : explain SELECT DISTINCT c FROM sbtest6 WHERE id BETWEEN 3377043 AND 3378042 ORDER BY c
	Unique  (cost=3944.16..3949.18 rows=1005 width=121)
	  ->  Sort  (cost=3944.16..3946.67 rows=1005 width=121)
	        Sort Key: c
	        ->  Bitmap Heap Scan on sbtest6  (cost=30.74..3894.04 rows=1005 width=121)
	              Recheck Cond: ((id >= 3377043) AND (id <= 3378042))
	              ->  Bitmap Index Scan on sbtest6_pkey  (cost=0.00..30.48 rows=1005 width=0)
	                    Index Cond: ((id >= 3377043) AND (id <= 3378042))

table 7 : explain SELECT DISTINCT c FROM sbtest7 WHERE id BETWEEN 2563249 AND 2564248 ORDER BY c
	Unique  (cost=4387.64..4393.24 rows=1119 width=121)
	  ->  Sort  (cost=4387.64..4390.44 rows=1119 width=121)
	        Sort Key: c
	        ->  Bitmap Heap Scan on sbtest7  (cost=35.90..4330.98 rows=1119 width=121)
	              Recheck Cond: ((id >= 2563249) AND (id <= 2564248))
	              ->  Bitmap Index Scan on sbtest7_pkey  (cost=0.00..35.62 rows=1119 width=0)
	                    Index Cond: ((id >= 2563249) AND (id <= 2564248))

table 8 : explain SELECT DISTINCT c FROM sbtest8 WHERE id BETWEEN 1348542 AND 1349541 ORDER BY c
	Unique  (cost=4047.96..4053.12 rows=1032 width=121)
	  ->  Sort  (cost=4047.96..4050.54 rows=1032 width=121)
	        Sort Key: c
	        ->  Bitmap Heap Scan on sbtest8  (cost=31.01..3996.30 rows=1032 width=121)
	              Recheck Cond: ((id >= 1348542) AND (id <= 1349541))
	              ->  Bitmap Index Scan on sbtest8_pkey  (cost=0.00..30.75 rows=1032 width=0)
	                    Index Cond: ((id >= 1348542) AND (id <= 1349541))

for: distinct_ranges
table 1 : explain SELECT DISTINCT c FROM sbtest1 WHERE id BETWEEN 1036611 AND 1037610 ORDER BY c
	Unique  (cost=4200.11..4205.48 rows=1073 width=121)
	  ->  Sort  (cost=4200.11..4202.79 rows=1073 width=121)
	        Sort Key: c
	        ->  Bitmap Heap Scan on sbtest1  (cost=31.43..4146.10 rows=1073 width=121)
	              Recheck Cond: ((id >= 1036611) AND (id <= 1037610))
	              ->  Bitmap Index Scan on sbtest1_pkey  (cost=0.00..31.16 rows=1073 width=0)
	                    Index Cond: ((id >= 1036611) AND (id <= 1037610))

table 2 : explain SELECT DISTINCT c FROM sbtest2 WHERE id BETWEEN 5762295 AND 5763294 ORDER BY c
	Unique  (cost=3826.79..3831.67 rows=975 width=121)
	  ->  Sort  (cost=3826.79..3829.23 rows=975 width=121)
	        Sort Key: c
	        ->  Bitmap Heap Scan on sbtest2  (cost=30.43..3778.39 rows=975 width=121)
	              Recheck Cond: ((id >= 5762295) AND (id <= 5763294))
	              ->  Bitmap Index Scan on sbtest2_pkey  (cost=0.00..30.18 rows=975 width=0)
	                    Index Cond: ((id >= 5762295) AND (id <= 5763294))

table 3 : explain SELECT DISTINCT c FROM sbtest3 WHERE id BETWEEN 5690774 AND 5691773 ORDER BY c
	Unique  (cost=3923.10..3928.10 rows=1000 width=121)
	  ->  Sort  (cost=3923.10..3925.60 rows=1000 width=121)
	        Sort Key: c
	        ->  Bitmap Heap Scan on sbtest3  (cost=30.68..3873.27 rows=1000 width=121)
	              Recheck Cond: ((id >= 5690774) AND (id <= 5691773))
	              ->  Bitmap Index Scan on sbtest3_pkey  (cost=0.00..30.43 rows=1000 width=0)
	                    Index Cond: ((id >= 5690774) AND (id <= 5691773))

table 4 : explain SELECT DISTINCT c FROM sbtest4 WHERE id BETWEEN 2922226 AND 2923225 ORDER BY c
	Unique  (cost=4022.57..4027.70 rows=1026 width=121)
	  ->  Sort  (cost=4022.57..4025.13 rows=1026 width=121)
	        Sort Key: c
	        ->  Bitmap Heap Scan on sbtest4  (cost=30.95..3971.25 rows=1026 width=121)
	              Recheck Cond: ((id >= 2922226) AND (id <= 2923225))
	              ->  Bitmap Index Scan on sbtest4_pkey  (cost=0.00..30.69 rows=1026 width=0)
	                    Index Cond: ((id >= 2922226) AND (id <= 2923225))

table 5 : explain SELECT DISTINCT c FROM sbtest5 WHERE id BETWEEN 8135386 AND 8136385 ORDER BY c
	Unique  (cost=4004.54..4009.64 rows=1020 width=121)
	  ->  Sort  (cost=4004.54..4007.09 rows=1020 width=121)
	        Sort Key: c
	        ->  Bitmap Heap Scan on sbtest5  (cost=30.89..3953.57 rows=1020 width=121)
	              Recheck Cond: ((id >= 8135386) AND (id <= 8136385))
	              ->  Bitmap Index Scan on sbtest5_pkey  (cost=0.00..30.64 rows=1020 width=0)
	                    Index Cond: ((id >= 8135386) AND (id <= 8136385))

table 6 : explain SELECT DISTINCT c FROM sbtest6 WHERE id BETWEEN 3060575 AND 3061574 ORDER BY c
	Unique  (cost=3921.17..3926.16 rows=999 width=121)
	  ->  Sort  (cost=3921.17..3923.66 rows=999 width=121)
	        Sort Key: c
	        ->  Bitmap Heap Scan on sbtest6  (cost=30.67..3871.39 rows=999 width=121)
	              Recheck Cond: ((id >= 3060575) AND (id <= 3061574))
	              ->  Bitmap Index Scan on sbtest6_pkey  (cost=0.00..30.43 rows=999 width=0)
	                    Index Cond: ((id >= 3060575) AND (id <= 3061574))

table 7 : explain SELECT DISTINCT c FROM sbtest7 WHERE id BETWEEN 7590221 AND 7591220 ORDER BY c
	Unique  (cost=3743.60..3748.36 rows=952 width=121)
	  ->  Sort  (cost=3743.60..3745.98 rows=952 width=121)
	        Sort Key: c
	        ->  Bitmap Heap Scan on sbtest7  (cost=30.19..3696.50 rows=952 width=121)
	              Recheck Cond: ((id >= 7590221) AND (id <= 7591220))
	              ->  Bitmap Index Scan on sbtest7_pkey  (cost=0.00..29.95 rows=952 width=0)
	                    Index Cond: ((id >= 7590221) AND (id <= 7591220))

table 8 : explain SELECT DISTINCT c FROM sbtest8 WHERE id BETWEEN 3193877 AND 3194876 ORDER BY c
	Unique  (cost=3959.86..3964.90 rows=1009 width=121)
	  ->  Sort  (cost=3959.86..3962.38 rows=1009 width=121)
	        Sort Key: c
	        ->  Bitmap Heap Scan on sbtest8  (cost=30.78..3909.52 rows=1009 width=121)
	              Recheck Cond: ((id >= 3193877) AND (id <= 3194876))
	              ->  Bitmap Index Scan on sbtest8_pkey  (cost=0.00..30.52 rows=1009 width=0)
	                    Index Cond: ((id >= 3193877) AND (id <= 3194876))

for point_selects
table 1 : explain SELECT c FROM sbtest1 WHERE id=1091629
	Index Scan using sbtest1_pkey on sbtest1  (cost=0.43..8.45 rows=1 width=121)
	  Index Cond: (id = 1091629)

table 2 : explain SELECT c FROM sbtest2 WHERE id=7832341
	Index Scan using sbtest2_pkey on sbtest2  (cost=0.43..8.45 rows=1 width=121)
	  Index Cond: (id = 7832341)

table 3 : explain SELECT c FROM sbtest3 WHERE id=9692922
	Index Scan using sbtest3_pkey on sbtest3  (cost=0.43..8.45 rows=1 width=121)
	  Index Cond: (id = 9692922)

table 4 : explain SELECT c FROM sbtest4 WHERE id=7081724
	Index Scan using sbtest4_pkey on sbtest4  (cost=0.43..8.45 rows=1 width=121)
	  Index Cond: (id = 7081724)

table 5 : explain SELECT c FROM sbtest5 WHERE id=8322853
	Index Scan using sbtest5_pkey on sbtest5  (cost=0.43..8.45 rows=1 width=121)
	  Index Cond: (id = 8322853)

table 6 : explain SELECT c FROM sbtest6 WHERE id=9074140
	Index Scan using sbtest6_pkey on sbtest6  (cost=0.43..8.45 rows=1 width=121)
	  Index Cond: (id = 9074140)

table 7 : explain SELECT c FROM sbtest7 WHERE id=2938177
	Index Scan using sbtest7_pkey on sbtest7  (cost=0.43..8.45 rows=1 width=121)
	  Index Cond: (id = 2938177)

table 8 : explain SELECT c FROM sbtest8 WHERE id=8324047
	Index Scan using sbtest8_pkey on sbtest8  (cost=0.43..8.45 rows=1 width=121)
	  Index Cond: (id = 8324047)

for: sum_ranges
table 1 : explain SELECT SUM(k) FROM sbtest1 WHERE id BETWEEN 9450742 AND 9451741
	Aggregate  (cost=3832.27..3832.28 rows=1 width=8)
	  ->  Bitmap Heap Scan on sbtest1  (cost=30.57..3829.80 rows=989 width=4)
	        Recheck Cond: ((id >= 9450742) AND (id <= 9451741))
	        ->  Bitmap Index Scan on sbtest1_pkey  (cost=0.00..30.32 rows=989 width=0)
	              Index Cond: ((id >= 9450742) AND (id <= 9451741))

table 2 : explain SELECT SUM(k) FROM sbtest2 WHERE id BETWEEN 8141447 AND 8142446
	Aggregate  (cost=3822.37..3822.38 rows=1 width=8)
	  ->  Bitmap Heap Scan on sbtest2  (cost=30.54..3819.90 rows=986 width=4)
	        Recheck Cond: ((id >= 8141447) AND (id <= 8142446))
	        ->  Bitmap Index Scan on sbtest2_pkey  (cost=0.00..30.29 rows=986 width=0)
	              Index Cond: ((id >= 8141447) AND (id <= 8142446))

table 3 : explain SELECT SUM(k) FROM sbtest3 WHERE id BETWEEN 3036401 AND 3037400
	Aggregate  (cost=3702.00..3702.01 rows=1 width=8)
	  ->  Bitmap Heap Scan on sbtest3  (cost=30.21..3699.61 rows=954 width=4)
	        Recheck Cond: ((id >= 3036401) AND (id <= 3037400))
	        ->  Bitmap Index Scan on sbtest3_pkey  (cost=0.00..29.97 rows=954 width=0)
	              Index Cond: ((id >= 3036401) AND (id <= 3037400))

table 4 : explain SELECT SUM(k) FROM sbtest4 WHERE id BETWEEN 6752824 AND 6753823
	Aggregate  (cost=3720.84..3720.85 rows=1 width=8)
	  ->  Bitmap Heap Scan on sbtest4  (cost=30.26..3718.44 rows=959 width=4)
	        Recheck Cond: ((id >= 6752824) AND (id <= 6753823))
	        ->  Bitmap Index Scan on sbtest4_pkey  (cost=0.00..30.02 rows=959 width=0)
	              Index Cond: ((id >= 6752824) AND (id <= 6753823))

table 5 : explain SELECT SUM(k) FROM sbtest5 WHERE id BETWEEN 7493087 AND 7494086
	Aggregate  (cost=3778.35..3778.36 rows=1 width=8)
	  ->  Bitmap Heap Scan on sbtest5  (cost=30.41..3775.91 rows=973 width=4)
	        Recheck Cond: ((id >= 7493087) AND (id <= 7494086))
	        ->  Bitmap Index Scan on sbtest5_pkey  (cost=0.00..30.16 rows=973 width=0)
	              Index Cond: ((id >= 7493087) AND (id <= 7494086))

table 6 : explain SELECT SUM(k) FROM sbtest6 WHERE id BETWEEN 9583390 AND 9584389
	Aggregate  (cost=3907.89..3907.90 rows=1 width=8)
	  ->  Bitmap Heap Scan on sbtest6  (cost=30.77..3905.37 rows=1008 width=4)
	        Recheck Cond: ((id >= 9583390) AND (id <= 9584389))
	        ->  Bitmap Index Scan on sbtest6_pkey  (cost=0.00..30.51 rows=1008 width=0)
	              Index Cond: ((id >= 9583390) AND (id <= 9584389))

table 7 : explain SELECT SUM(k) FROM sbtest7 WHERE id BETWEEN 1897870 AND 1898869
	Aggregate  (cost=4129.91..4129.92 rows=1 width=8)
	  ->  Bitmap Heap Scan on sbtest7  (cost=31.36..4127.25 rows=1066 width=4)
	        Recheck Cond: ((id >= 1897870) AND (id <= 1898869))
	        ->  Bitmap Index Scan on sbtest7_pkey  (cost=0.00..31.09 rows=1066 width=0)
	              Index Cond: ((id >= 1897870) AND (id <= 1898869))

table 8 : explain SELECT SUM(k) FROM sbtest8 WHERE id BETWEEN 9090237 AND 9091236
	Aggregate  (cost=4032.84..4032.85 rows=1 width=8)
	  ->  Bitmap Heap Scan on sbtest8  (cost=31.11..4030.24 rows=1041 width=4)
	        Recheck Cond: ((id >= 9090237) AND (id <= 9091236))
	        ->  Bitmap Index Scan on sbtest8_pkey  (cost=0.00..30.84 rows=1041 width=0)
	              Index Cond: ((id >= 9090237) AND (id <= 9091236))

explain: for point_selects :: explain SELECT c FROM sbtest%u WHERE id=%u
for: order_ranges
table 1 : explain SELECT c FROM sbtest1 WHERE id BETWEEN 4042123 AND 4043122 ORDER BY c
	Sort  (cost=3829.23..3831.67 rows=976 width=121)
	  Sort Key: c
	  ->  Bitmap Heap Scan on sbtest1  (cost=30.44..3780.77 rows=976 width=121)
	        Recheck Cond: ((id >= 4042123) AND (id <= 4043122))
	        ->  Bitmap Index Scan on sbtest1_pkey  (cost=0.00..30.19 rows=976 width=0)
	              Index Cond: ((id >= 4042123) AND (id <= 4043122))

table 2 : explain SELECT c FROM sbtest2 WHERE id BETWEEN 8689226 AND 8690225 ORDER BY c
	Sort  (cost=4220.81..4223.51 rows=1078 width=121)
	  Sort Key: c
	  ->  Bitmap Heap Scan on sbtest2  (cost=31.48..4166.51 rows=1078 width=121)
	        Recheck Cond: ((id >= 8689226) AND (id <= 8690225))
	        ->  Bitmap Index Scan on sbtest2_pkey  (cost=0.00..31.21 rows=1078 width=0)
	              Index Cond: ((id >= 8689226) AND (id <= 8690225))

table 3 : explain SELECT c FROM sbtest3 WHERE id BETWEEN 5464021 AND 5465020 ORDER BY c
	Sort  (cost=3424.09..3426.27 rows=871 width=121)
	  Sort Key: c
	  ->  Bitmap Heap Scan on sbtest3  (cost=25.36..3381.56 rows=871 width=121)
	        Recheck Cond: ((id >= 5464021) AND (id <= 5465020))
	        ->  Bitmap Index Scan on sbtest3_pkey  (cost=0.00..25.14 rows=871 width=0)
	              Index Cond: ((id >= 5464021) AND (id <= 5465020))

table 4 : explain SELECT c FROM sbtest4 WHERE id BETWEEN 4019362 AND 4020361 ORDER BY c
	Sort  (cost=3773.61..3776.01 rows=961 width=121)
	  Sort Key: c
	  ->  Bitmap Heap Scan on sbtest4  (cost=30.29..3726.00 rows=961 width=121)
	        Recheck Cond: ((id >= 4019362) AND (id <= 4020361))
	        ->  Bitmap Index Scan on sbtest4_pkey  (cost=0.00..30.04 rows=961 width=0)
	              Index Cond: ((id >= 4019362) AND (id <= 4020361))

table 5 : explain SELECT c FROM sbtest5 WHERE id BETWEEN 5375456 AND 5376455 ORDER BY c
	Sort  (cost=3512.65..3514.88 rows=893 width=121)
	  Sort Key: c
	  ->  Bitmap Heap Scan on sbtest5  (cost=25.59..3468.88 rows=893 width=121)
	        Recheck Cond: ((id >= 5375456) AND (id <= 5376455))
	        ->  Bitmap Index Scan on sbtest5_pkey  (cost=0.00..25.36 rows=893 width=0)
	              Index Cond: ((id >= 5375456) AND (id <= 5376455))

table 6 : explain SELECT c FROM sbtest6 WHERE id BETWEEN 6371611 AND 6372610 ORDER BY c
	Sort  (cost=3564.08..3566.35 rows=907 width=121)
	  Sort Key: c
	  ->  Bitmap Heap Scan on sbtest6  (cost=25.73..3519.52 rows=907 width=121)
	        Recheck Cond: ((id >= 6371611) AND (id <= 6372610))
	        ->  Bitmap Index Scan on sbtest6_pkey  (cost=0.00..25.50 rows=907 width=0)
	              Index Cond: ((id >= 6371611) AND (id <= 6372610))

table 7 : explain SELECT c FROM sbtest7 WHERE id BETWEEN 8776818 AND 8777817 ORDER BY c
	Sort  (cost=4085.09..4087.70 rows=1041 width=121)
	  Sort Key: c
	  ->  Bitmap Heap Scan on sbtest7  (cost=31.11..4032.92 rows=1041 width=121)
	        Recheck Cond: ((id >= 8776818) AND (id <= 8777817))
	        ->  Bitmap Index Scan on sbtest7_pkey  (cost=0.00..30.84 rows=1041 width=0)
	              Index Cond: ((id >= 8776818) AND (id <= 8777817))

table 8 : explain SELECT c FROM sbtest8 WHERE id BETWEEN 8020774 AND 8021773 ORDER BY c
	Sort  (cost=3956.03..3958.55 rows=1008 width=121)
	  Sort Key: c
	  ->  Bitmap Heap Scan on sbtest8  (cost=30.77..3905.74 rows=1008 width=121)
	        Recheck Cond: ((id >= 8020774) AND (id <= 8021773))
	        ->  Bitmap Index Scan on sbtest8_pkey  (cost=0.00..30.51 rows=1008 width=0)
	              Index Cond: ((id >= 8020774) AND (id <= 8021773))

for: sum_ranges
table 1 : explain SELECT SUM(k) FROM sbtest1 WHERE id BETWEEN 2164948 AND 2165947
	Aggregate  (cost=4058.44..4058.45 rows=1 width=8)
	  ->  Bitmap Heap Scan on sbtest1  (cost=31.19..4055.82 rows=1049 width=4)
	        Recheck Cond: ((id >= 2164948) AND (id <= 2165947))
	        ->  Bitmap Index Scan on sbtest1_pkey  (cost=0.00..30.93 rows=1049 width=0)
	              Index Cond: ((id >= 2164948) AND (id <= 2165947))

table 2 : explain SELECT SUM(k) FROM sbtest2 WHERE id BETWEEN 5328635 AND 5329634
	Aggregate  (cost=3690.13..3690.14 rows=1 width=8)
	  ->  Bitmap Heap Scan on sbtest2  (cost=30.18..3687.76 rows=951 width=4)
	        Recheck Cond: ((id >= 5328635) AND (id <= 5329634))
	        ->  Bitmap Index Scan on sbtest2_pkey  (cost=0.00..29.94 rows=951 width=0)
	              Index Cond: ((id >= 5328635) AND (id <= 5329634))

table 3 : explain SELECT SUM(k) FROM sbtest3 WHERE id BETWEEN 56105 AND 57104
	Aggregate  (cost=3981.42..3981.43 rows=1 width=8)
	  ->  Bitmap Heap Scan on sbtest3  (cost=30.97..3978.85 rows=1028 width=4)
	        Recheck Cond: ((id >= 56105) AND (id <= 57104))
	        ->  Bitmap Index Scan on sbtest3_pkey  (cost=0.00..30.71 rows=1028 width=0)
	              Index Cond: ((id >= 56105) AND (id <= 57104))

table 4 : explain SELECT SUM(k) FROM sbtest4 WHERE id BETWEEN 145936 AND 146935
	Aggregate  (cost=4169.77..4169.78 rows=1 width=8)
	  ->  Bitmap Heap Scan on sbtest4  (cost=31.48..4167.07 rows=1078 width=4)
	        Recheck Cond: ((id >= 145936) AND (id <= 146935))
	        ->  Bitmap Index Scan on sbtest4_pkey  (cost=0.00..31.21 rows=1078 width=0)
	              Index Cond: ((id >= 145936) AND (id <= 146935))

table 5 : explain SELECT SUM(k) FROM sbtest5 WHERE id BETWEEN 956460 AND 957459
	Aggregate  (cost=4167.58..4167.59 rows=1 width=8)
	  ->  Bitmap Heap Scan on sbtest5  (cost=31.46..4164.89 rows=1076 width=4)
	        Recheck Cond: ((id >= 956460) AND (id <= 957459))
	        ->  Bitmap Index Scan on sbtest5_pkey  (cost=0.00..31.19 rows=1076 width=0)
	              Index Cond: ((id >= 956460) AND (id <= 957459))

table 6 : explain SELECT SUM(k) FROM sbtest6 WHERE id BETWEEN 7081978 AND 7082977
	Aggregate  (cost=3972.07..3972.08 rows=1 width=8)
	  ->  Bitmap Heap Scan on sbtest6  (cost=30.94..3969.51 rows=1025 width=4)
	        Recheck Cond: ((id >= 7081978) AND (id <= 7082977))
	        ->  Bitmap Index Scan on sbtest6_pkey  (cost=0.00..30.68 rows=1025 width=0)
	              Index Cond: ((id >= 7081978) AND (id <= 7082977))

table 7 : explain SELECT SUM(k) FROM sbtest7 WHERE id BETWEEN 2993025 AND 2994024
	Aggregate  (cost=4258.16..4258.17 rows=1 width=8)
	  ->  Bitmap Heap Scan on sbtest7  (cost=31.71..4255.41 rows=1100 width=4)
	        Recheck Cond: ((id >= 2993025) AND (id <= 2994024))
	        ->  Bitmap Index Scan on sbtest7_pkey  (cost=0.00..31.43 rows=1100 width=0)
	              Index Cond: ((id >= 2993025) AND (id <= 2994024))

table 8 : explain SELECT SUM(k) FROM sbtest8 WHERE id BETWEEN 3991387 AND 3992386
	Aggregate  (cost=3624.61..3624.62 rows=1 width=8)
	  ->  Bitmap Heap Scan on sbtest8  (cost=30.00..3622.28 rows=933 width=4)
	        Recheck Cond: ((id >= 3991387) AND (id <= 3992386))
	        ->  Bitmap Index Scan on sbtest8_pkey  (cost=0.00..29.76 rows=933 width=0)
	              Index Cond: ((id >= 3991387) AND (id <= 3992386))

for: distinct_ranges
table 1 : explain SELECT DISTINCT c FROM sbtest1 WHERE id BETWEEN 8199501 AND 8200500 ORDER BY c
	Unique  (cost=3921.10..3926.10 rows=1000 width=121)
	  ->  Sort  (cost=3921.10..3923.60 rows=1000 width=121)
	        Sort Key: c
	        ->  Bitmap Heap Scan on sbtest1  (cost=30.68..3871.27 rows=1000 width=121)
	              Recheck Cond: ((id >= 8199501) AND (id <= 8200500))
	              ->  Bitmap Index Scan on sbtest1_pkey  (cost=0.00..30.43 rows=1000 width=0)
	                    Index Cond: ((id >= 8199501) AND (id <= 8200500))

table 2 : explain SELECT DISTINCT c FROM sbtest2 WHERE id BETWEEN 5062760 AND 5063759 ORDER BY c
	Unique  (cost=4220.81..4226.20 rows=1078 width=121)
	  ->  Sort  (cost=4220.81..4223.51 rows=1078 width=121)
	        Sort Key: c
	        ->  Bitmap Heap Scan on sbtest2  (cost=31.48..4166.51 rows=1078 width=121)
	              Recheck Cond: ((id >= 5062760) AND (id <= 5063759))
	              ->  Bitmap Index Scan on sbtest2_pkey  (cost=0.00..31.21 rows=1078 width=0)
	                    Index Cond: ((id >= 5062760) AND (id <= 5063759))

table 3 : explain SELECT DISTINCT c FROM sbtest3 WHERE id BETWEEN 2569067 AND 2570066 ORDER BY c
	Unique  (cost=3915.44..3920.43 rows=998 width=121)
	  ->  Sort  (cost=3915.44..3917.94 rows=998 width=121)
	        Sort Key: c
	        ->  Bitmap Heap Scan on sbtest3  (cost=30.66..3865.73 rows=998 width=121)
	              Recheck Cond: ((id >= 2569067) AND (id <= 2570066))
	              ->  Bitmap Index Scan on sbtest3_pkey  (cost=0.00..30.41 rows=998 width=0)
	                    Index Cond: ((id >= 2569067) AND (id <= 2570066))

table 4 : explain SELECT DISTINCT c FROM sbtest4 WHERE id BETWEEN 6805839 AND 6806838 ORDER BY c
	Unique  (cost=3765.94..3770.74 rows=959 width=121)
	  ->  Sort  (cost=3765.94..3768.34 rows=959 width=121)
	        Sort Key: c
	        ->  Bitmap Heap Scan on sbtest4  (cost=30.26..3718.44 rows=959 width=121)
	              Recheck Cond: ((id >= 6805839) AND (id <= 6806838))
	              ->  Bitmap Index Scan on sbtest4_pkey  (cost=0.00..30.02 rows=959 width=0)
	                    Index Cond: ((id >= 6805839) AND (id <= 6806838))

table 5 : explain SELECT DISTINCT c FROM sbtest5 WHERE id BETWEEN 3127317 AND 3128316 ORDER BY c
	Unique  (cost=4100.36..4105.59 rows=1045 width=121)
	  ->  Sort  (cost=4100.36..4102.97 rows=1045 width=121)
	        Sort Key: c
	        ->  Bitmap Heap Scan on sbtest5  (cost=31.15..4047.96 rows=1045 width=121)
	              Recheck Cond: ((id >= 3127317) AND (id <= 3128316))
	              ->  Bitmap Index Scan on sbtest5_pkey  (cost=0.00..30.89 rows=1045 width=0)
	                    Index Cond: ((id >= 3127317) AND (id <= 3128316))

table 6 : explain SELECT DISTINCT c FROM sbtest6 WHERE id BETWEEN 7594872 AND 7595871 ORDER BY c
	Unique  (cost=3698.69..3703.39 rows=941 width=121)
	  ->  Sort  (cost=3698.69..3701.04 rows=941 width=121)
	        Sort Key: c
	        ->  Bitmap Heap Scan on sbtest6  (cost=30.08..3652.21 rows=941 width=121)
	              Recheck Cond: ((id >= 7594872) AND (id <= 7595871))
	              ->  Bitmap Index Scan on sbtest6_pkey  (cost=0.00..29.84 rows=941 width=0)
	                    Index Cond: ((id >= 7594872) AND (id <= 7595871))

table 7 : explain SELECT DISTINCT c FROM sbtest7 WHERE id BETWEEN 4046120 AND 4047119 ORDER BY c
	Unique  (cost=3816.58..3821.43 rows=971 width=121)
	  ->  Sort  (cost=3816.58..3819.01 rows=971 width=121)
	        Sort Key: c
	        ->  Bitmap Heap Scan on sbtest7  (cost=30.39..3768.40 rows=971 width=121)
	              Recheck Cond: ((id >= 4046120) AND (id <= 4047119))
	              ->  Bitmap Index Scan on sbtest7_pkey  (cost=0.00..30.14 rows=971 width=0)
	                    Index Cond: ((id >= 4046120) AND (id <= 4047119))

table 8 : explain SELECT DISTINCT c FROM sbtest8 WHERE id BETWEEN 2761010 AND 2762009 ORDER BY c
	Unique  (cost=3917.70..3922.69 rows=998 width=121)
	  ->  Sort  (cost=3917.70..3920.20 rows=998 width=121)
	        Sort Key: c
	        ->  Bitmap Heap Scan on sbtest8  (cost=30.66..3867.99 rows=998 width=121)
	              Recheck Cond: ((id >= 2761010) AND (id <= 2762009))
	              ->  Bitmap Index Scan on sbtest8_pkey  (cost=0.00..30.41 rows=998 width=0)
	                    Index Cond: ((id >= 2761010) AND (id <= 2762009))

for point_selects
table 1 : explain SELECT c FROM sbtest1 WHERE id=6837851
	Index Scan using sbtest1_pkey on sbtest1  (cost=0.43..8.45 rows=1 width=121)
	  Index Cond: (id = 6837851)

table 2 : explain SELECT c FROM sbtest2 WHERE id=8613423
	Index Scan using sbtest2_pkey on sbtest2  (cost=0.43..8.45 rows=1 width=121)
	  Index Cond: (id = 8613423)

table 3 : explain SELECT c FROM sbtest3 WHERE id=635660
	Index Scan using sbtest3_pkey on sbtest3  (cost=0.43..8.45 rows=1 width=121)
	  Index Cond: (id = 635660)

table 4 : explain SELECT c FROM sbtest4 WHERE id=9345100
	Index Scan using sbtest4_pkey on sbtest4  (cost=0.43..8.45 rows=1 width=121)
	  Index Cond: (id = 9345100)

table 5 : explain SELECT c FROM sbtest5 WHERE id=7953365
	Index Scan using sbtest5_pkey on sbtest5  (cost=0.43..8.45 rows=1 width=121)
	  Index Cond: (id = 7953365)

table 6 : explain SELECT c FROM sbtest6 WHERE id=2117495
	Index Scan using sbtest6_pkey on sbtest6  (cost=0.43..8.45 rows=1 width=121)
	  Index Cond: (id = 2117495)

table 7 : explain SELECT c FROM sbtest7 WHERE id=9928793
	Index Scan using sbtest7_pkey on sbtest7  (cost=0.43..8.45 rows=1 width=121)
	  Index Cond: (id = 9928793)

table 8 : explain SELECT c FROM sbtest8 WHERE id=4268232
	Index Scan using sbtest8_pkey on sbtest8  (cost=0.43..8.45 rows=1 width=121)
	  Index Cond: (id = 4268232)

for: sum_ranges
table 1 : explain SELECT SUM(k) FROM sbtest1 WHERE id BETWEEN 2411464 AND 2412463
	Aggregate  (cost=3870.00..3870.01 rows=1 width=8)
	  ->  Bitmap Heap Scan on sbtest1  (cost=30.67..3867.50 rows=999 width=4)
	        Recheck Cond: ((id >= 2411464) AND (id <= 2412463))
	        ->  Bitmap Index Scan on sbtest1_pkey  (cost=0.00..30.43 rows=999 width=0)
	              Index Cond: ((id >= 2411464) AND (id <= 2412463))

table 2 : explain SELECT SUM(k) FROM sbtest2 WHERE id BETWEEN 1651198 AND 1652197
	Aggregate  (cost=4172.97..4172.98 rows=1 width=8)
	  ->  Bitmap Heap Scan on sbtest2  (cost=31.49..4170.28 rows=1079 width=4)
	        Recheck Cond: ((id >= 1651198) AND (id <= 1652197))
	        ->  Bitmap Index Scan on sbtest2_pkey  (cost=0.00..31.22 rows=1079 width=0)
	              Index Cond: ((id >= 1651198) AND (id <= 1652197))

table 3 : explain SELECT SUM(k) FROM sbtest3 WHERE id BETWEEN 1930472 AND 1931471
	Aggregate  (cost=3856.90..3856.91 rows=1 width=8)
	  ->  Bitmap Heap Scan on sbtest3  (cost=30.63..3854.41 rows=995 width=4)
	        Recheck Cond: ((id >= 1930472) AND (id <= 1931471))
	        ->  Bitmap Index Scan on sbtest3_pkey  (cost=0.00..30.39 rows=995 width=0)
	              Index Cond: ((id >= 1930472) AND (id <= 1931471))

table 4 : explain SELECT SUM(k) FROM sbtest4 WHERE id BETWEEN 3800920 AND 3801919
	Aggregate  (cost=3803.97..3803.98 rows=1 width=8)
	  ->  Bitmap Heap Scan on sbtest4  (cost=30.49..3801.52 rows=981 width=4)
	        Recheck Cond: ((id >= 3800920) AND (id <= 3801919))
	        ->  Bitmap Index Scan on sbtest4_pkey  (cost=0.00..30.25 rows=981 width=0)
	              Index Cond: ((id >= 3800920) AND (id <= 3801919))

table 5 : explain SELECT SUM(k) FROM sbtest5 WHERE id BETWEEN 9998359 AND 9999358
	Aggregate  (cost=3702.61..3702.62 rows=1 width=8)
	  ->  Bitmap Heap Scan on sbtest5  (cost=30.20..3700.23 rows=953 width=4)
	        Recheck Cond: ((id >= 9998359) AND (id <= 9999358))
	        ->  Bitmap Index Scan on sbtest5_pkey  (cost=0.00..29.96 rows=953 width=0)
	              Index Cond: ((id >= 9998359) AND (id <= 9999358))

table 6 : explain SELECT SUM(k) FROM sbtest6 WHERE id BETWEEN 6810902 AND 6811901
	Aggregate  (cost=3658.35..3658.36 rows=1 width=8)
	  ->  Bitmap Heap Scan on sbtest6  (cost=30.09..3655.99 rows=942 width=4)
	        Recheck Cond: ((id >= 6810902) AND (id <= 6811901))
	        ->  Bitmap Index Scan on sbtest6_pkey  (cost=0.00..29.86 rows=942 width=0)
	              Index Cond: ((id >= 6810902) AND (id <= 6811901))

table 7 : explain SELECT SUM(k) FROM sbtest7 WHERE id BETWEEN 9408477 AND 9409476
	Aggregate  (cost=3918.38..3918.39 rows=1 width=8)
	  ->  Bitmap Heap Scan on sbtest7  (cost=30.79..3915.85 rows=1010 width=4)
	        Recheck Cond: ((id >= 9408477) AND (id <= 9409476))
	        ->  Bitmap Index Scan on sbtest7_pkey  (cost=0.00..30.54 rows=1010 width=0)
	              Index Cond: ((id >= 9408477) AND (id <= 9409476))

table 8 : explain SELECT SUM(k) FROM sbtest8 WHERE id BETWEEN 4136901 AND 4137900
	Aggregate  (cost=3688.97..3688.98 rows=1 width=8)
	  ->  Bitmap Heap Scan on sbtest8  (cost=30.17..3686.59 rows=950 width=4)
	        Recheck Cond: ((id >= 4136901) AND (id <= 4137900))
	        ->  Bitmap Index Scan on sbtest8_pkey  (cost=0.00..29.93 rows=950 width=0)
	              Index Cond: ((id >= 4136901) AND (id <= 4137900))

for: sum_ranges
table 1 : explain SELECT SUM(k) FROM sbtest1 WHERE id BETWEEN 4529196 AND 4530195
	Aggregate  (cost=3651.01..3651.02 rows=1 width=8)
	  ->  Bitmap Heap Scan on sbtest1  (cost=30.08..3648.65 rows=941 width=4)
	        Recheck Cond: ((id >= 4529196) AND (id <= 4530195))
	        ->  Bitmap Index Scan on sbtest1_pkey  (cost=0.00..29.84 rows=941 width=0)
	              Index Cond: ((id >= 4529196) AND (id <= 4530195))

table 2 : explain SELECT SUM(k) FROM sbtest2 WHERE id BETWEEN 3012516 AND 3013515
	Aggregate  (cost=3807.26..3807.27 rows=1 width=8)
	  ->  Bitmap Heap Scan on sbtest2  (cost=30.50..3804.81 rows=982 width=4)
	        Recheck Cond: ((id >= 3012516) AND (id <= 3013515))
	        ->  Bitmap Index Scan on sbtest2_pkey  (cost=0.00..30.25 rows=982 width=0)
	              Index Cond: ((id >= 3012516) AND (id <= 3013515))

table 3 : explain SELECT SUM(k) FROM sbtest3 WHERE id BETWEEN 2141104 AND 2142103
	Aggregate  (cost=3444.39..3444.40 rows=1 width=8)
	  ->  Bitmap Heap Scan on sbtest3  (cost=25.53..3442.17 rows=887 width=4)
	        Recheck Cond: ((id >= 2141104) AND (id <= 2142103))
	        ->  Bitmap Index Scan on sbtest3_pkey  (cost=0.00..25.30 rows=887 width=0)
	              Index Cond: ((id >= 2141104) AND (id <= 2142103))

table 4 : explain SELECT SUM(k) FROM sbtest4 WHERE id BETWEEN 755476 AND 756475
	Aggregate  (cost=4192.36..4192.37 rows=1 width=8)
	  ->  Bitmap Heap Scan on sbtest4  (cost=31.55..4189.65 rows=1084 width=4)
	        Recheck Cond: ((id >= 755476) AND (id <= 756475))
	        ->  Bitmap Index Scan on sbtest4_pkey  (cost=0.00..31.27 rows=1084 width=0)
	              Index Cond: ((id >= 755476) AND (id <= 756475))

table 5 : explain SELECT SUM(k) FROM sbtest5 WHERE id BETWEEN 9896718 AND 9897717
	Aggregate  (cost=3702.61..3702.62 rows=1 width=8)
	  ->  Bitmap Heap Scan on sbtest5  (cost=30.20..3700.23 rows=953 width=4)
	        Recheck Cond: ((id >= 9896718) AND (id <= 9897717))
	        ->  Bitmap Index Scan on sbtest5_pkey  (cost=0.00..29.96 rows=953 width=0)
	              Index Cond: ((id >= 9896718) AND (id <= 9897717))

table 6 : explain SELECT SUM(k) FROM sbtest6 WHERE id BETWEEN 2782382 AND 2783381
	Aggregate  (cost=3987.17..3987.18 rows=1 width=8)
	  ->  Bitmap Heap Scan on sbtest6  (cost=30.98..3984.60 rows=1029 width=4)
	        Recheck Cond: ((id >= 2782382) AND (id <= 2783381))
	        ->  Bitmap Index Scan on sbtest6_pkey  (cost=0.00..30.72 rows=1029 width=0)
	              Index Cond: ((id >= 2782382) AND (id <= 2783381))

table 7 : explain SELECT SUM(k) FROM sbtest7 WHERE id BETWEEN 1619031 AND 1620030
	Aggregate  (cost=4137.46..4137.47 rows=1 width=8)
	  ->  Bitmap Heap Scan on sbtest7  (cost=31.38..4134.79 rows=1068 width=4)
	        Recheck Cond: ((id >= 1619031) AND (id <= 1620030))
	        ->  Bitmap Index Scan on sbtest7_pkey  (cost=0.00..31.11 rows=1068 width=0)
	              Index Cond: ((id >= 1619031) AND (id <= 1620030))

table 8 : explain SELECT SUM(k) FROM sbtest8 WHERE id BETWEEN 1468476 AND 1469475
	Aggregate  (cost=3741.94..3741.95 rows=1 width=8)
	  ->  Bitmap Heap Scan on sbtest8  (cost=30.32..3739.53 rows=964 width=4)
	        Recheck Cond: ((id >= 1468476) AND (id <= 1469475))
	        ->  Bitmap Index Scan on sbtest8_pkey  (cost=0.00..30.07 rows=964 width=0)
	              Index Cond: ((id >= 1468476) AND (id <= 1469475))

for: distinct_ranges
table 1 : explain SELECT DISTINCT c FROM sbtest1 WHERE id BETWEEN 6711475 AND 6712474 ORDER BY c
	Unique  (cost=3779.44..3784.26 rows=963 width=121)
	  ->  Sort  (cost=3779.44..3781.85 rows=963 width=121)
	        Sort Key: c
	        ->  Bitmap Heap Scan on sbtest1  (cost=30.31..3731.72 rows=963 width=121)
	              Recheck Cond: ((id >= 6711475) AND (id <= 6712474))
	              ->  Bitmap Index Scan on sbtest1_pkey  (cost=0.00..30.07 rows=963 width=0)
	                    Index Cond: ((id >= 6711475) AND (id <= 6712474))

table 2 : explain SELECT DISTINCT c FROM sbtest2 WHERE id BETWEEN 841207 AND 842206 ORDER BY c
	Unique  (cost=3723.29..3728.03 rows=948 width=121)
	  ->  Sort  (cost=3723.29..3725.66 rows=948 width=121)
	        Sort Key: c
	        ->  Bitmap Heap Scan on sbtest2  (cost=30.15..3676.42 rows=948 width=121)
	              Recheck Cond: ((id >= 841207) AND (id <= 842206))
	              ->  Bitmap Index Scan on sbtest2_pkey  (cost=0.00..29.91 rows=948 width=0)
	                    Index Cond: ((id >= 841207) AND (id <= 842206))

table 3 : explain SELECT DISTINCT c FROM sbtest3 WHERE id BETWEEN 5364558 AND 5365557 ORDER BY c
	Unique  (cost=4278.73..4284.20 rows=1093 width=121)
	  ->  Sort  (cost=4278.73..4281.46 rows=1093 width=121)
	        Sort Key: c
	        ->  Bitmap Heap Scan on sbtest3  (cost=31.64..4223.57 rows=1093 width=121)
	              Recheck Cond: ((id >= 5364558) AND (id <= 5365557))
	              ->  Bitmap Index Scan on sbtest3_pkey  (cost=0.00..31.36 rows=1093 width=0)
	                    Index Cond: ((id >= 5364558) AND (id <= 5365557))

table 4 : explain SELECT DISTINCT c FROM sbtest4 WHERE id BETWEEN 1613345 AND 1614344 ORDER BY c
	Unique  (cost=3926.87..3931.88 rows=1001 width=121)
	  ->  Sort  (cost=3926.87..3929.38 rows=1001 width=121)
	        Sort Key: c
	        ->  Bitmap Heap Scan on sbtest4  (cost=30.70..3876.99 rows=1001 width=121)
	              Recheck Cond: ((id >= 1613345) AND (id <= 1614344))
	              ->  Bitmap Index Scan on sbtest4_pkey  (cost=0.00..30.44 rows=1001 width=0)
	                    Index Cond: ((id >= 1613345) AND (id <= 1614344))

table 5 : explain SELECT DISTINCT c FROM sbtest5 WHERE id BETWEEN 8170384 AND 8171383 ORDER BY c
	Unique  (cost=4004.54..4009.64 rows=1020 width=121)
	  ->  Sort  (cost=4004.54..4007.09 rows=1020 width=121)
	        Sort Key: c
	        ->  Bitmap Heap Scan on sbtest5  (cost=30.89..3953.57 rows=1020 width=121)
	              Recheck Cond: ((id >= 8170384) AND (id <= 8171383))
	              ->  Bitmap Index Scan on sbtest5_pkey  (cost=0.00..30.64 rows=1020 width=0)
	                    Index Cond: ((id >= 8170384) AND (id <= 8171383))

table 6 : explain SELECT DISTINCT c FROM sbtest6 WHERE id BETWEEN 9411584 AND 9412583 ORDER BY c
	Unique  (cost=3725.56..3730.30 rows=948 width=121)
	  ->  Sort  (cost=3725.56..3727.93 rows=948 width=121)
	        Sort Key: c
	        ->  Bitmap Heap Scan on sbtest6  (cost=30.15..3678.69 rows=948 width=121)
	              Recheck Cond: ((id >= 9411584) AND (id <= 9412583))
	              ->  Bitmap Index Scan on sbtest6_pkey  (cost=0.00..29.91 rows=948 width=0)
	                    Index Cond: ((id >= 9411584) AND (id <= 9412583))

table 7 : explain SELECT DISTINCT c FROM sbtest7 WHERE id BETWEEN 8011016 AND 8012015 ORDER BY c
	Unique  (cost=4016.10..4021.22 rows=1023 width=121)
	  ->  Sort  (cost=4016.10..4018.66 rows=1023 width=121)
	        Sort Key: c
	        ->  Bitmap Heap Scan on sbtest7  (cost=30.92..3964.96 rows=1023 width=121)
	              Recheck Cond: ((id >= 8011016) AND (id <= 8012015))
	              ->  Bitmap Index Scan on sbtest7_pkey  (cost=0.00..30.66 rows=1023 width=0)
	                    Index Cond: ((id >= 8011016) AND (id <= 8012015))

table 8 : explain SELECT DISTINCT c FROM sbtest8 WHERE id BETWEEN 1391204 AND 1392203 ORDER BY c
	Unique  (cost=4047.96..4053.12 rows=1032 width=121)
	  ->  Sort  (cost=4047.96..4050.54 rows=1032 width=121)
	        Sort Key: c
	        ->  Bitmap Heap Scan on sbtest8  (cost=31.01..3996.30 rows=1032 width=121)
	              Recheck Cond: ((id >= 1391204) AND (id <= 1392203))
	              ->  Bitmap Index Scan on sbtest8_pkey  (cost=0.00..30.75 rows=1032 width=0)
	                    Index Cond: ((id >= 1391204) AND (id <= 1392203))

for: order_ranges
table 1 : explain SELECT c FROM sbtest1 WHERE id BETWEEN 200919 AND 201918 ORDER BY c
	Sort  (cost=3898.14..3900.63 rows=994 width=121)
	  Sort Key: c
	  ->  Bitmap Heap Scan on sbtest1  (cost=30.62..3848.65 rows=994 width=121)
	        Recheck Cond: ((id >= 200919) AND (id <= 201918))
	        ->  Bitmap Index Scan on sbtest1_pkey  (cost=0.00..30.37 rows=994 width=0)
	              Index Cond: ((id >= 200919) AND (id <= 201918))

table 2 : explain SELECT c FROM sbtest2 WHERE id BETWEEN 9037021 AND 9038020 ORDER BY c
	Sort  (cost=3834.46..3836.90 rows=977 width=121)
	  Sort Key: c
	  ->  Bitmap Heap Scan on sbtest2  (cost=30.45..3785.94 rows=977 width=121)
	        Recheck Cond: ((id >= 9037021) AND (id <= 9038020))
	        ->  Bitmap Index Scan on sbtest2_pkey  (cost=0.00..30.20 rows=977 width=0)
	              Index Cond: ((id >= 9037021) AND (id <= 9038020))

table 3 : explain SELECT c FROM sbtest3 WHERE id BETWEEN 7661822 AND 7662821 ORDER BY c
	Sort  (cost=4377.98..4380.77 rows=1119 width=121)
	  Sort Key: c
	  ->  Bitmap Heap Scan on sbtest3  (cost=31.90..4321.31 rows=1119 width=121)
	        Recheck Cond: ((id >= 7661822) AND (id <= 7662821))
	        ->  Bitmap Index Scan on sbtest3_pkey  (cost=0.00..31.62 rows=1119 width=0)
	              Index Cond: ((id >= 7661822) AND (id <= 7662821))

table 4 : explain SELECT c FROM sbtest4 WHERE id BETWEEN 4015345 AND 4016344 ORDER BY c
	Sort  (cost=3773.61..3776.01 rows=961 width=121)
	  Sort Key: c
	  ->  Bitmap Heap Scan on sbtest4  (cost=30.29..3726.00 rows=961 width=121)
	        Recheck Cond: ((id >= 4015345) AND (id <= 4016344))
	        ->  Bitmap Index Scan on sbtest4_pkey  (cost=0.00..30.04 rows=961 width=0)
	              Index Cond: ((id >= 4015345) AND (id <= 4016344))

table 5 : explain SELECT c FROM sbtest5 WHERE id BETWEEN 6344423 AND 6345422 ORDER BY c
	Sort  (cost=4253.53..4256.24 rows=1085 width=121)
	  Sort Key: c
	  ->  Bitmap Heap Scan on sbtest5  (cost=31.56..4198.82 rows=1085 width=121)
	        Recheck Cond: ((id >= 6344423) AND (id <= 6345422))
	        ->  Bitmap Index Scan on sbtest5_pkey  (cost=0.00..31.29 rows=1085 width=0)
	              Index Cond: ((id >= 6344423) AND (id <= 6345422))

table 6 : explain SELECT c FROM sbtest6 WHERE id BETWEEN 4222183 AND 4223182 ORDER BY c
	Sort  (cost=3802.31..3804.73 rows=968 width=121)
	  Sort Key: c
	  ->  Bitmap Heap Scan on sbtest6  (cost=30.36..3754.30 rows=968 width=121)
	        Recheck Cond: ((id >= 4222183) AND (id <= 4223182))
	        ->  Bitmap Index Scan on sbtest6_pkey  (cost=0.00..30.11 rows=968 width=0)
	              Index Cond: ((id >= 4222183) AND (id <= 4223182))

table 7 : explain SELECT c FROM sbtest7 WHERE id BETWEEN 4328454 AND 4329453 ORDER BY c
	Sort  (cost=4119.58..4122.20 rows=1050 width=121)
	  Sort Key: c
	  ->  Bitmap Heap Scan on sbtest7  (cost=31.20..4066.89 rows=1050 width=121)
	        Recheck Cond: ((id >= 4328454) AND (id <= 4329453))
	        ->  Bitmap Index Scan on sbtest7_pkey  (cost=0.00..30.93 rows=1050 width=0)
	              Index Cond: ((id >= 4328454) AND (id <= 4329453))

table 8 : explain SELECT c FROM sbtest8 WHERE id BETWEEN 4770604 AND 4771603 ORDER BY c
	Sort  (cost=3917.70..3920.20 rows=998 width=121)
	  Sort Key: c
	  ->  Bitmap Heap Scan on sbtest8  (cost=30.66..3867.99 rows=998 width=121)
	        Recheck Cond: ((id >= 4770604) AND (id <= 4771603))
	        ->  Bitmap Index Scan on sbtest8_pkey  (cost=0.00..30.41 rows=998 width=0)
	              Index Cond: ((id >= 4770604) AND (id <= 4771603))

for: simple_ranges
table 1 : explain SELECT c FROM sbtest1 WHERE id BETWEEN 8083361 AND 8084360
	Bitmap Heap Scan on sbtest1  (cost=30.26..3716.62 rows=959 width=121)
	  Recheck Cond: ((id >= 8083361) AND (id <= 8084360))
	  ->  Bitmap Index Scan on sbtest1_pkey  (cost=0.00..30.02 rows=959 width=0)
	        Index Cond: ((id >= 8083361) AND (id <= 8084360))

table 2 : explain SELECT c FROM sbtest2 WHERE id BETWEEN 3152770 AND 3153769
	Bitmap Heap Scan on sbtest2  (cost=25.98..3608.17 rows=931 width=121)
	  Recheck Cond: ((id >= 3152770) AND (id <= 3153769))
	  ->  Bitmap Index Scan on sbtest2_pkey  (cost=0.00..25.75 rows=931 width=0)
	        Index Cond: ((id >= 3152770) AND (id <= 3153769))

table 3 : explain SELECT c FROM sbtest3 WHERE id BETWEEN 6604253 AND 6605252
	Bitmap Heap Scan on sbtest3  (cost=30.94..3967.54 rows=1025 width=121)
	  Recheck Cond: ((id >= 6604253) AND (id <= 6605252))
	  ->  Bitmap Index Scan on sbtest3_pkey  (cost=0.00..30.68 rows=1025 width=0)
	        Index Cond: ((id >= 6604253) AND (id <= 6605252))

table 4 : explain SELECT c FROM sbtest4 WHERE id BETWEEN 6557858 AND 6558857
	Bitmap Heap Scan on sbtest4  (cost=32.21..4430.19 rows=1149 width=121)
	  Recheck Cond: ((id >= 6557858) AND (id <= 6558857))
	  ->  Bitmap Index Scan on sbtest4_pkey  (cost=0.00..31.93 rows=1149 width=0)
	        Index Cond: ((id >= 6557858) AND (id <= 6558857))

table 5 : explain SELECT c FROM sbtest5 WHERE id BETWEEN 1551032 AND 1552031
	Bitmap Heap Scan on sbtest5  (cost=30.48..3802.39 rows=980 width=121)
	  Recheck Cond: ((id >= 1551032) AND (id <= 1552031))
	  ->  Bitmap Index Scan on sbtest5_pkey  (cost=0.00..30.23 rows=980 width=0)
	        Index Cond: ((id >= 1551032) AND (id <= 1552031))

table 6 : explain SELECT c FROM sbtest6 WHERE id BETWEEN 5430653 AND 5431652
	Bitmap Heap Scan on sbtest6  (cost=31.08..4022.31 rows=1039 width=121)
	  Recheck Cond: ((id >= 5430653) AND (id <= 5431652))
	  ->  Bitmap Index Scan on sbtest6_pkey  (cost=0.00..30.82 rows=1039 width=0)
	        Index Cond: ((id >= 5430653) AND (id <= 5431652))

table 7 : explain SELECT c FROM sbtest7 WHERE id BETWEEN 2158415 AND 2159414
	Bitmap Heap Scan on sbtest7  (cost=29.98..3616.97 rows=931 width=121)
	  Recheck Cond: ((id >= 2158415) AND (id <= 2159414))
	  ->  Bitmap Index Scan on sbtest7_pkey  (cost=0.00..29.75 rows=931 width=0)
	        Index Cond: ((id >= 2158415) AND (id <= 2159414))

table 8 : explain SELECT c FROM sbtest8 WHERE id BETWEEN 4909045 AND 4910044
	Bitmap Heap Scan on sbtest8  (cost=30.84..3932.16 rows=1015 width=121)
	  Recheck Cond: ((id >= 4909045) AND (id <= 4910044))
	  ->  Bitmap Index Scan on sbtest8_pkey  (cost=0.00..30.58 rows=1015 width=0)
	        Index Cond: ((id >= 4909045) AND (id <= 4910044))

for: distinct_ranges
table 1 : explain SELECT DISTINCT c FROM sbtest1 WHERE id BETWEEN 7129102 AND 7130101 ORDER BY c
	Unique  (cost=3886.66..3891.61 rows=991 width=121)
	  ->  Sort  (cost=3886.66..3889.14 rows=991 width=121)
	        Sort Key: c
	        ->  Bitmap Heap Scan on sbtest1  (cost=30.59..3837.34 rows=991 width=121)
	              Recheck Cond: ((id >= 7129102) AND (id <= 7130101))
	              ->  Bitmap Index Scan on sbtest1_pkey  (cost=0.00..30.34 rows=991 width=0)
	                    Index Cond: ((id >= 7129102) AND (id <= 7130101))

table 2 : explain SELECT DISTINCT c FROM sbtest2 WHERE id BETWEEN 7180180 AND 7181179 ORDER BY c
	Unique  (cost=4045.00..4050.16 rows=1032 width=121)
	  ->  Sort  (cost=4045.00..4047.58 rows=1032 width=121)
	        Sort Key: c
	        ->  Bitmap Heap Scan on sbtest2  (cost=31.01..3993.34 rows=1032 width=121)
	              Recheck Cond: ((id >= 7180180) AND (id <= 7181179))
	              ->  Bitmap Index Scan on sbtest2_pkey  (cost=0.00..30.75 rows=1032 width=0)
	                    Index Cond: ((id >= 7180180) AND (id <= 7181179))

table 3 : explain SELECT DISTINCT c FROM sbtest3 WHERE id BETWEEN 4753292 AND 4754291 ORDER BY c
	Unique  (cost=3846.49..3851.39 rows=980 width=121)
	  ->  Sort  (cost=3846.49..3848.94 rows=980 width=121)
	        Sort Key: c
	        ->  Bitmap Heap Scan on sbtest3  (cost=30.48..3797.80 rows=980 width=121)
	              Recheck Cond: ((id >= 4753292) AND (id <= 4754291))
	              ->  Bitmap Index Scan on sbtest3_pkey  (cost=0.00..30.23 rows=980 width=0)
	                    Index Cond: ((id >= 4753292) AND (id <= 4754291))

table 4 : explain SELECT DISTINCT c FROM sbtest4 WHERE id BETWEEN 4492429 AND 4493428 ORDER BY c
	Unique  (cost=3896.24..3901.20 rows=993 width=121)
	  ->  Sort  (cost=3896.24..3898.72 rows=993 width=121)
	        Sort Key: c
	        ->  Bitmap Heap Scan on sbtest4  (cost=30.61..3846.81 rows=993 width=121)
	              Recheck Cond: ((id >= 4492429) AND (id <= 4493428))
	              ->  Bitmap Index Scan on sbtest4_pkey  (cost=0.00..30.36 rows=993 width=0)
	                    Index Cond: ((id >= 4492429) AND (id <= 4493428))

table 5 : explain SELECT DISTINCT c FROM sbtest5 WHERE id BETWEEN 8718450 AND 8719449 ORDER BY c
	Unique  (cost=3835.72..3840.60 rows=976 width=121)
	  ->  Sort  (cost=3835.72..3838.16 rows=976 width=121)
	        Sort Key: c
	        ->  Bitmap Heap Scan on sbtest5  (cost=30.44..3787.26 rows=976 width=121)
	              Recheck Cond: ((id >= 8718450) AND (id <= 8719449))
	              ->  Bitmap Index Scan on sbtest5_pkey  (cost=0.00..30.19 rows=976 width=0)
	                    Index Cond: ((id >= 8718450) AND (id <= 8719449))

table 6 : explain SELECT DISTINCT c FROM sbtest6 WHERE id BETWEEN 8993913 AND 8994912 ORDER BY c
	Unique  (cost=4384.04..4389.64 rows=1120 width=121)
	  ->  Sort  (cost=4384.04..4386.84 rows=1120 width=121)
	        Sort Key: c
	        ->  Bitmap Heap Scan on sbtest6  (cost=31.92..4327.31 rows=1120 width=121)
	              Recheck Cond: ((id >= 8993913) AND (id <= 8994912))
	              ->  Bitmap Index Scan on sbtest6_pkey  (cost=0.00..31.64 rows=1120 width=0)
	                    Index Cond: ((id >= 8993913) AND (id <= 8994912))

table 7 : explain SELECT DISTINCT c FROM sbtest7 WHERE id BETWEEN 3560122 AND 3561121 ORDER BY c
	Unique  (cost=4134.90..4140.17 rows=1054 width=121)
	  ->  Sort  (cost=4134.90..4137.53 rows=1054 width=121)
	        Sort Key: c
	        ->  Bitmap Heap Scan on sbtest7  (cost=31.24..4081.98 rows=1054 width=121)
	              Recheck Cond: ((id >= 3560122) AND (id <= 3561121))
	              ->  Bitmap Index Scan on sbtest7_pkey  (cost=0.00..30.97 rows=1054 width=0)
	                    Index Cond: ((id >= 3560122) AND (id <= 3561121))

table 8 : explain SELECT DISTINCT c FROM sbtest8 WHERE id BETWEEN 8922710 AND 8923709 ORDER BY c
	Unique  (cost=3887.03..3891.98 rows=990 width=121)
	  ->  Sort  (cost=3887.03..3889.51 rows=990 width=121)
	        Sort Key: c
	        ->  Bitmap Heap Scan on sbtest8  (cost=30.58..3837.77 rows=990 width=121)
	              Recheck Cond: ((id >= 8922710) AND (id <= 8923709))
	              ->  Bitmap Index Scan on sbtest8_pkey  (cost=0.00..30.33 rows=990 width=0)
	                    Index Cond: ((id >= 8922710) AND (id <= 8923709))

for: distinct_ranges
table 1 : explain SELECT DISTINCT c FROM sbtest1 WHERE id BETWEEN 1151815 AND 1152814 ORDER BY c
	Unique  (cost=4104.63..4109.87 rows=1048 width=121)
	  ->  Sort  (cost=4104.63..4107.25 rows=1048 width=121)
	        Sort Key: c
	        ->  Bitmap Heap Scan on sbtest1  (cost=31.18..4052.06 rows=1048 width=121)
	              Recheck Cond: ((id >= 1151815) AND (id <= 1152814))
	              ->  Bitmap Index Scan on sbtest1_pkey  (cost=0.00..30.91 rows=1048 width=0)
	                    Index Cond: ((id >= 1151815) AND (id <= 1152814))

table 2 : explain SELECT DISTINCT c FROM sbtest2 WHERE id BETWEEN 1411438 AND 1412437 ORDER BY c
	Unique  (cost=3631.06..3635.68 rows=925 width=121)
	  ->  Sort  (cost=3631.06..3633.37 rows=925 width=121)
	        Sort Key: c
	        ->  Bitmap Heap Scan on sbtest2  (cost=25.92..3585.49 rows=925 width=121)
	              Recheck Cond: ((id >= 1411438) AND (id <= 1412437))
	              ->  Bitmap Index Scan on sbtest2_pkey  (cost=0.00..25.68 rows=925 width=0)
	                    Index Cond: ((id >= 1411438) AND (id <= 1412437))

table 3 : explain SELECT DISTINCT c FROM sbtest3 WHERE id BETWEEN 8291717 AND 8292716 ORDER BY c
	Unique  (cost=4164.12..4169.44 rows=1063 width=121)
	  ->  Sort  (cost=4164.12..4166.78 rows=1063 width=121)
	        Sort Key: c
	        ->  Bitmap Heap Scan on sbtest3  (cost=31.33..4110.69 rows=1063 width=121)
	              Recheck Cond: ((id >= 8291717) AND (id <= 8292716))
	              ->  Bitmap Index Scan on sbtest3_pkey  (cost=0.00..31.07 rows=1063 width=0)
	                    Index Cond: ((id >= 8291717) AND (id <= 8292716))

table 4 : explain SELECT DISTINCT c FROM sbtest4 WHERE id BETWEEN 5414772 AND 5415771 ORDER BY c
	Unique  (cost=3834.94..3839.82 rows=977 width=121)
	  ->  Sort  (cost=3834.94..3837.38 rows=977 width=121)
	        Sort Key: c
	        ->  Bitmap Heap Scan on sbtest4  (cost=30.45..3786.42 rows=977 width=121)
	              Recheck Cond: ((id >= 5414772) AND (id <= 5415771))
	              ->  Bitmap Index Scan on sbtest4_pkey  (cost=0.00..30.20 rows=977 width=0)
	                    Index Cond: ((id >= 5414772) AND (id <= 5415771))

table 5 : explain SELECT DISTINCT c FROM sbtest5 WHERE id BETWEEN 1380486 AND 1381485 ORDER BY c
	Unique  (cost=3816.53..3821.38 rows=971 width=121)
	  ->  Sort  (cost=3816.53..3818.95 rows=971 width=121)
	        Sort Key: c
	        ->  Bitmap Heap Scan on sbtest5  (cost=30.39..3768.35 rows=971 width=121)
	              Recheck Cond: ((id >= 1380486) AND (id <= 1381485))
	              ->  Bitmap Index Scan on sbtest5_pkey  (cost=0.00..30.14 rows=971 width=0)
	                    Index Cond: ((id >= 1380486) AND (id <= 1381485))

table 6 : explain SELECT DISTINCT c FROM sbtest6 WHERE id BETWEEN 1057075 AND 1058074 ORDER BY c
	Unique  (cost=3867.50..3872.43 rows=985 width=121)
	  ->  Sort  (cost=3867.50..3869.96 rows=985 width=121)
	        Sort Key: c
	        ->  Bitmap Heap Scan on sbtest6  (cost=30.53..3818.53 rows=985 width=121)
	              Recheck Cond: ((id >= 1057075) AND (id <= 1058074))
	              ->  Bitmap Index Scan on sbtest6_pkey  (cost=0.00..30.29 rows=985 width=0)
	                    Index Cond: ((id >= 1057075) AND (id <= 1058074))

table 7 : explain SELECT DISTINCT c FROM sbtest7 WHERE id BETWEEN 4798371 AND 4799370 ORDER BY c
	Unique  (cost=4123.41..4128.66 rows=1051 width=121)
	  ->  Sort  (cost=4123.41..4126.04 rows=1051 width=121)
	        Sort Key: c
	        ->  Bitmap Heap Scan on sbtest7  (cost=31.21..4070.66 rows=1051 width=121)
	              Recheck Cond: ((id >= 4798371) AND (id <= 4799370))
	              ->  Bitmap Index Scan on sbtest7_pkey  (cost=0.00..30.94 rows=1051 width=0)
	                    Index Cond: ((id >= 4798371) AND (id <= 4799370))

table 8 : explain SELECT DISTINCT c FROM sbtest8 WHERE id BETWEEN 3525586 AND 3526585 ORDER BY c
	Unique  (cost=3829.51..3834.38 rows=975 width=121)
	  ->  Sort  (cost=3829.51..3831.95 rows=975 width=121)
	        Sort Key: c
	        ->  Bitmap Heap Scan on sbtest8  (cost=30.43..3781.10 rows=975 width=121)
	              Recheck Cond: ((id >= 3525586) AND (id <= 3526585))
	              ->  Bitmap Index Scan on sbtest8_pkey  (cost=0.00..30.18 rows=975 width=0)
	                    Index Cond: ((id >= 3525586) AND (id <= 3526585))

explain: for point_selects :: explain SELECT c FROM sbtest%u WHERE id=%u
explain: for point_selects :: explain SELECT c FROM sbtest%u WHERE id=%u
for: sum_ranges
table 1 : explain SELECT SUM(k) FROM sbtest1 WHERE id BETWEEN 3993711 AND 3994710
	Aggregate  (cost=3783.21..3783.22 rows=1 width=8)
	  ->  Bitmap Heap Scan on sbtest1  (cost=30.44..3780.77 rows=976 width=4)
	        Recheck Cond: ((id >= 3993711) AND (id <= 3994710))
	        ->  Bitmap Index Scan on sbtest1_pkey  (cost=0.00..30.19 rows=976 width=0)
	              Index Cond: ((id >= 3993711) AND (id <= 3994710))

table 2 : explain SELECT SUM(k) FROM sbtest2 WHERE id BETWEEN 9476923 AND 9477922
	Aggregate  (cost=3542.39..3542.40 rows=1 width=8)
	  ->  Bitmap Heap Scan on sbtest2  (cost=25.79..3540.10 rows=913 width=4)
	        Recheck Cond: ((id >= 9476923) AND (id <= 9477922))
	        ->  Bitmap Index Scan on sbtest2_pkey  (cost=0.00..25.57 rows=913 width=0)
	              Index Cond: ((id >= 9476923) AND (id <= 9477922))

table 3 : explain SELECT SUM(k) FROM sbtest3 WHERE id BETWEEN 9761246 AND 9762245
	Aggregate  (cost=3580.73..3580.74 rows=1 width=8)
	  ->  Bitmap Heap Scan on sbtest3  (cost=25.90..3578.42 rows=923 width=4)
	        Recheck Cond: ((id >= 9761246) AND (id <= 9762245))
	        ->  Bitmap Index Scan on sbtest3_pkey  (cost=0.00..25.66 rows=923 width=0)
	              Index Cond: ((id >= 9761246) AND (id <= 9762245))

table 4 : explain SELECT SUM(k) FROM sbtest4 WHERE id BETWEEN 8761761 AND 8762760
	Aggregate  (cost=3928.55..3928.56 rows=1 width=8)
	  ->  Bitmap Heap Scan on sbtest4  (cost=30.83..3926.01 rows=1014 width=4)
	        Recheck Cond: ((id >= 8761761) AND (id <= 8762760))
	        ->  Bitmap Index Scan on sbtest4_pkey  (cost=0.00..30.57 rows=1014 width=0)
	              Index Cond: ((id >= 8761761) AND (id <= 8762760))

table 5 : explain SELECT SUM(k) FROM sbtest5 WHERE id BETWEEN 9731453 AND 9732452
	Aggregate  (cost=3569.96..3569.97 rows=1 width=8)
	  ->  Bitmap Heap Scan on sbtest5  (cost=29.84..3567.67 rows=918 width=4)
	        Recheck Cond: ((id >= 9731453) AND (id <= 9732452))
	        ->  Bitmap Index Scan on sbtest5_pkey  (cost=0.00..29.61 rows=918 width=0)
	              Index Cond: ((id >= 9731453) AND (id <= 9732452))

table 6 : explain SELECT SUM(k) FROM sbtest6 WHERE id BETWEEN 9722830 AND 9723829
	Aggregate  (cost=3919.22..3919.23 rows=1 width=8)
	  ->  Bitmap Heap Scan on sbtest6  (cost=30.80..3916.69 rows=1011 width=4)
	        Recheck Cond: ((id >= 9722830) AND (id <= 9723829))
	        ->  Bitmap Index Scan on sbtest6_pkey  (cost=0.00..30.54 rows=1011 width=0)
	              Index Cond: ((id >= 9722830) AND (id <= 9723829))

table 7 : explain SELECT SUM(k) FROM sbtest7 WHERE id BETWEEN 3090974 AND 3091973
	Aggregate  (cost=3729.18..3729.19 rows=1 width=8)
	  ->  Bitmap Heap Scan on sbtest7  (cost=30.27..3726.78 rows=960 width=4)
	        Recheck Cond: ((id >= 3090974) AND (id <= 3091973))
	        ->  Bitmap Index Scan on sbtest7_pkey  (cost=0.00..30.04 rows=960 width=0)
	              Index Cond: ((id >= 3090974) AND (id <= 3091973))

table 8 : explain SELECT SUM(k) FROM sbtest8 WHERE id BETWEEN 313403 AND 314402
	Aggregate  (cost=3881.82..3881.83 rows=1 width=8)
	  ->  Bitmap Heap Scan on sbtest8  (cost=30.70..3879.31 rows=1001 width=4)
	        Recheck Cond: ((id >= 313403) AND (id <= 314402))
	        ->  Bitmap Index Scan on sbtest8_pkey  (cost=0.00..30.44 rows=1001 width=0)
	              Index Cond: ((id >= 313403) AND (id <= 314402))

for: distinct_ranges
table 1 : explain SELECT DISTINCT c FROM sbtest1 WHERE id BETWEEN 1823841 AND 1824840 ORDER BY c
	Unique  (cost=4005.25..4010.36 rows=1022 width=121)
	  ->  Sort  (cost=4005.25..4007.81 rows=1022 width=121)
	        Sort Key: c
	        ->  Bitmap Heap Scan on sbtest1  (cost=30.91..3954.17 rows=1022 width=121)
	              Recheck Cond: ((id >= 1823841) AND (id <= 1824840))
	              ->  Bitmap Index Scan on sbtest1_pkey  (cost=0.00..30.65 rows=1022 width=0)
	                    Index Cond: ((id >= 1823841) AND (id <= 1824840))

table 2 : explain SELECT DISTINCT c FROM sbtest2 WHERE id BETWEEN 9382830 AND 9383829 ORDER BY c
	Unique  (cost=3949.34..3954.38 rows=1007 width=121)
	  ->  Sort  (cost=3949.34..3951.86 rows=1007 width=121)
	        Sort Key: c
	        ->  Bitmap Heap Scan on sbtest2  (cost=30.76..3899.11 rows=1007 width=121)
	              Recheck Cond: ((id >= 9382830) AND (id <= 9383829))
	              ->  Bitmap Index Scan on sbtest2_pkey  (cost=0.00..30.50 rows=1007 width=0)
	                    Index Cond: ((id >= 9382830) AND (id <= 9383829))

table 3 : explain SELECT DISTINCT c FROM sbtest3 WHERE id BETWEEN 3015129 AND 3016128 ORDER BY c
	Unique  (cost=3746.82..3751.59 rows=954 width=121)
	  ->  Sort  (cost=3746.82..3749.21 rows=954 width=121)
	        Sort Key: c
	        ->  Bitmap Heap Scan on sbtest3  (cost=30.21..3699.61 rows=954 width=121)
	              Recheck Cond: ((id >= 3015129) AND (id <= 3016128))
	              ->  Bitmap Index Scan on sbtest3_pkey  (cost=0.00..29.97 rows=954 width=0)
	                    Index Cond: ((id >= 3015129) AND (id <= 3016128))

table 4 : explain SELECT DISTINCT c FROM sbtest4 WHERE id BETWEEN 1943520 AND 1944519 ORDER BY c
	Unique  (cost=3988.13..3993.21 rows=1017 width=121)
	  ->  Sort  (cost=3988.13..3990.67 rows=1017 width=121)
	        Sort Key: c
	        ->  Bitmap Heap Scan on sbtest4  (cost=30.86..3937.33 rows=1017 width=121)
	              Recheck Cond: ((id >= 1943520) AND (id <= 1944519))
	              ->  Bitmap Index Scan on sbtest4_pkey  (cost=0.00..30.61 rows=1017 width=0)
	                    Index Cond: ((id >= 1943520) AND (id <= 1944519))

table 5 : explain SELECT DISTINCT c FROM sbtest5 WHERE id BETWEEN 3942309 AND 3943308 ORDER BY c
	Unique  (cost=4039.04..4044.19 rows=1029 width=121)
	  ->  Sort  (cost=4039.04..4041.62 rows=1029 width=121)
	        Sort Key: c
	        ->  Bitmap Heap Scan on sbtest5  (cost=30.98..3987.56 rows=1029 width=121)
	              Recheck Cond: ((id >= 3942309) AND (id <= 3943308))
	              ->  Bitmap Index Scan on sbtest5_pkey  (cost=0.00..30.72 rows=1029 width=0)
	                    Index Cond: ((id >= 3942309) AND (id <= 3943308))

table 6 : explain SELECT DISTINCT c FROM sbtest6 WHERE id BETWEEN 3973457 AND 3974456 ORDER BY c
	Unique  (cost=3932.66..3937.67 rows=1002 width=121)
	  ->  Sort  (cost=3932.66..3935.17 rows=1002 width=121)
	        Sort Key: c
	        ->  Bitmap Heap Scan on sbtest6  (cost=30.71..3882.72 rows=1002 width=121)
	              Recheck Cond: ((id >= 3973457) AND (id <= 3974456))
	              ->  Bitmap Index Scan on sbtest6_pkey  (cost=0.00..30.45 rows=1002 width=0)
	                    Index Cond: ((id >= 3973457) AND (id <= 3974456))

table 7 : explain SELECT DISTINCT c FROM sbtest7 WHERE id BETWEEN 9801501 AND 9802500 ORDER BY c
	Unique  (cost=4119.58..4124.83 rows=1050 width=121)
	  ->  Sort  (cost=4119.58..4122.20 rows=1050 width=121)
	        Sort Key: c
	        ->  Bitmap Heap Scan on sbtest7  (cost=31.20..4066.89 rows=1050 width=121)
	              Recheck Cond: ((id >= 9801501) AND (id <= 9802500))
	              ->  Bitmap Index Scan on sbtest7_pkey  (cost=0.00..30.93 rows=1050 width=0)
	                    Index Cond: ((id >= 9801501) AND (id <= 9802500))

table 8 : explain SELECT DISTINCT c FROM sbtest8 WHERE id BETWEEN 5378764 AND 5379763 ORDER BY c
	Unique  (cost=3936.87..3941.88 rows=1003 width=121)
	  ->  Sort  (cost=3936.87..3939.37 rows=1003 width=121)
	        Sort Key: c
	        ->  Bitmap Heap Scan on sbtest8  (cost=30.72..3886.87 rows=1003 width=121)
	              Recheck Cond: ((id >= 5378764) AND (id <= 5379763))
	              ->  Bitmap Index Scan on sbtest8_pkey  (cost=0.00..30.46 rows=1003 width=0)
	                    Index Cond: ((id >= 5378764) AND (id <= 5379763))

for: order_ranges
table 1 : explain SELECT c FROM sbtest1 WHERE id BETWEEN 5924191 AND 5925190 ORDER BY c
	Sort  (cost=3901.97..3904.46 rows=995 width=121)
	  Sort Key: c
	  ->  Bitmap Heap Scan on sbtest1  (cost=30.63..3852.42 rows=995 width=121)
	        Recheck Cond: ((id >= 5924191) AND (id <= 5925190))
	        ->  Bitmap Index Scan on sbtest1_pkey  (cost=0.00..30.39 rows=995 width=0)
	              Index Cond: ((id >= 5924191) AND (id <= 5925190))

table 2 : explain SELECT c FROM sbtest2 WHERE id BETWEEN 9880785 AND 9881784 ORDER BY c
	Sort  (cost=3776.97..3779.38 rows=962 width=121)
	  Sort Key: c
	  ->  Bitmap Heap Scan on sbtest2  (cost=30.30..3729.30 rows=962 width=121)
	        Recheck Cond: ((id >= 9880785) AND (id <= 9881784))
	        ->  Bitmap Index Scan on sbtest2_pkey  (cost=0.00..30.05 rows=962 width=0)
	              Index Cond: ((id >= 9880785) AND (id <= 9881784))

table 3 : explain SELECT c FROM sbtest3 WHERE id BETWEEN 7204863 AND 7205862 ORDER BY c
	Sort  (cost=3408.71..3410.88 rows=867 width=121)
	  Sort Key: c
	  ->  Bitmap Heap Scan on sbtest3  (cost=25.32..3366.40 rows=867 width=121)
	        Recheck Cond: ((id >= 7204863) AND (id <= 7205862))
	        ->  Bitmap Index Scan on sbtest3_pkey  (cost=0.00..25.11 rows=867 width=0)
	              Index Cond: ((id >= 7204863) AND (id <= 7205862))

table 4 : explain SELECT c FROM sbtest4 WHERE id BETWEEN 8374849 AND 8375848 ORDER BY c
	Sort  (cost=3585.43..3587.72 rows=913 width=121)
	  Sort Key: c
	  ->  Bitmap Heap Scan on sbtest4  (cost=25.79..3540.54 rows=913 width=121)
	        Recheck Cond: ((id >= 8374849) AND (id <= 8375848))
	        ->  Bitmap Index Scan on sbtest4_pkey  (cost=0.00..25.57 rows=913 width=0)
	              Index Cond: ((id >= 8374849) AND (id <= 8375848))

table 5 : explain SELECT c FROM sbtest5 WHERE id BETWEEN 4874091 AND 4875090 ORDER BY c
	Sort  (cost=3751.23..3753.62 rows=954 width=121)
	  Sort Key: c
	  ->  Bitmap Heap Scan on sbtest5  (cost=30.21..3704.02 rows=954 width=121)
	        Recheck Cond: ((id >= 4874091) AND (id <= 4875090))
	        ->  Bitmap Index Scan on sbtest5_pkey  (cost=0.00..29.97 rows=954 width=0)
	              Index Cond: ((id >= 4874091) AND (id <= 4875090))

table 6 : explain SELECT c FROM sbtest6 WHERE id BETWEEN 5906827 AND 5907826 ORDER BY c
	Sort  (cost=4166.20..4168.86 rows=1063 width=121)
	  Sort Key: c
	  ->  Bitmap Heap Scan on sbtest6  (cost=31.33..4112.76 rows=1063 width=121)
	        Recheck Cond: ((id >= 5906827) AND (id <= 5907826))
	        ->  Bitmap Index Scan on sbtest6_pkey  (cost=0.00..31.07 rows=1063 width=0)
	              Index Cond: ((id >= 5906827) AND (id <= 5907826))

table 7 : explain SELECT c FROM sbtest7 WHERE id BETWEEN 7020168 AND 7021167 ORDER BY c
	Sort  (cost=3824.26..3826.69 rows=973 width=121)
	  Sort Key: c
	  ->  Bitmap Heap Scan on sbtest7  (cost=30.41..3775.97 rows=973 width=121)
	        Recheck Cond: ((id >= 7020168) AND (id <= 7021167))
	        ->  Bitmap Index Scan on sbtest7_pkey  (cost=0.00..30.16 rows=973 width=0)
	              Index Cond: ((id >= 7020168) AND (id <= 7021167))

table 8 : explain SELECT c FROM sbtest8 WHERE id BETWEEN 5202124 AND 5203123 ORDER BY c
	Sort  (cost=3833.35..3835.79 rows=976 width=121)
	  Sort Key: c
	  ->  Bitmap Heap Scan on sbtest8  (cost=30.44..3784.88 rows=976 width=121)
	        Recheck Cond: ((id >= 5202124) AND (id <= 5203123))
	        ->  Bitmap Index Scan on sbtest8_pkey  (cost=0.00..30.19 rows=976 width=0)
	              Index Cond: ((id >= 5202124) AND (id <= 5203123))

for: order_ranges
table 1 : explain SELECT c FROM sbtest1 WHERE id BETWEEN 8989883 AND 8990882 ORDER BY c
	Sort  (cost=4016.72..4019.29 rows=1025 width=121)
	  Sort Key: c
	  ->  Bitmap Heap Scan on sbtest1  (cost=30.94..3965.47 rows=1025 width=121)
	        Recheck Cond: ((id >= 8989883) AND (id <= 8990882))
	        ->  Bitmap Index Scan on sbtest1_pkey  (cost=0.00..30.68 rows=1025 width=0)
	              Index Cond: ((id >= 8989883) AND (id <= 8990882))

table 2 : explain SELECT c FROM sbtest2 WHERE id BETWEEN 7296798 AND 7297797 ORDER BY c
	Sort  (cost=3573.48..3575.75 rows=910 width=121)
	  Sort Key: c
	  ->  Bitmap Heap Scan on sbtest2  (cost=25.76..3528.75 rows=910 width=121)
	        Recheck Cond: ((id >= 7296798) AND (id <= 7297797))
	        ->  Bitmap Index Scan on sbtest2_pkey  (cost=0.00..25.54 rows=910 width=0)
	              Index Cond: ((id >= 7296798) AND (id <= 7297797))

table 3 : explain SELECT c FROM sbtest3 WHERE id BETWEEN 6378177 AND 6379176 ORDER BY c
	Sort  (cost=3915.44..3917.94 rows=998 width=121)
	  Sort Key: c
	  ->  Bitmap Heap Scan on sbtest3  (cost=30.66..3865.73 rows=998 width=121)
	        Recheck Cond: ((id >= 6378177) AND (id <= 6379176))
	        ->  Bitmap Index Scan on sbtest3_pkey  (cost=0.00..30.41 rows=998 width=0)
	              Index Cond: ((id >= 6378177) AND (id <= 6379176))

table 4 : explain SELECT c FROM sbtest4 WHERE id BETWEEN 8056442 AND 8057441 ORDER BY c
	Sort  (cost=4171.70..4174.36 rows=1065 width=121)
	  Sort Key: c
	  ->  Bitmap Heap Scan on sbtest4  (cost=31.35..4118.15 rows=1065 width=121)
	        Recheck Cond: ((id >= 8056442) AND (id <= 8057441))
	        ->  Bitmap Index Scan on sbtest4_pkey  (cost=0.00..31.08 rows=1065 width=0)
	              Index Cond: ((id >= 8056442) AND (id <= 8057441))

table 5 : explain SELECT c FROM sbtest5 WHERE id BETWEEN 9186473 AND 9187472 ORDER BY c
	Sort  (cost=3697.43..3699.78 rows=940 width=121)
	  Sort Key: c
	  ->  Bitmap Heap Scan on sbtest5  (cost=30.07..3651.01 rows=940 width=121)
	        Recheck Cond: ((id >= 9186473) AND (id <= 9187472))
	        ->  Bitmap Index Scan on sbtest5_pkey  (cost=0.00..29.83 rows=940 width=0)
	              Index Cond: ((id >= 9186473) AND (id <= 9187472))

table 6 : explain SELECT c FROM sbtest6 WHERE id BETWEEN 5407147 AND 5408146 ORDER BY c
	Sort  (cost=4074.37..4076.97 rows=1039 width=121)
	  Sort Key: c
	  ->  Bitmap Heap Scan on sbtest6  (cost=31.08..4022.31 rows=1039 width=121)
	        Recheck Cond: ((id >= 5407147) AND (id <= 5408146))
	        ->  Bitmap Index Scan on sbtest6_pkey  (cost=0.00..30.82 rows=1039 width=0)
	              Index Cond: ((id >= 5407147) AND (id <= 5408146))

table 7 : explain SELECT c FROM sbtest7 WHERE id BETWEEN 1985539 AND 1986538 ORDER BY c
	Sort  (cost=4008.43..4010.99 rows=1021 width=121)
	  Sort Key: c
	  ->  Bitmap Heap Scan on sbtest7  (cost=30.90..3957.40 rows=1021 width=121)
	        Recheck Cond: ((id >= 1985539) AND (id <= 1986538))
	        ->  Bitmap Index Scan on sbtest7_pkey  (cost=0.00..30.64 rows=1021 width=0)
	              Index Cond: ((id >= 1985539) AND (id <= 1986538))

table 8 : explain SELECT c FROM sbtest8 WHERE id BETWEEN 4543757 AND 4544756 ORDER BY c
	Sort  (cost=3752.77..3755.16 rows=955 width=121)
	  Sort Key: c
	  ->  Bitmap Heap Scan on sbtest8  (cost=30.22..3705.50 rows=955 width=121)
	        Recheck Cond: ((id >= 4543757) AND (id <= 4544756))
	        ->  Bitmap Index Scan on sbtest8_pkey  (cost=0.00..29.98 rows=955 width=0)
	              Index Cond: ((id >= 4543757) AND (id <= 4544756))

for: sum_ranges
table 1 : explain SELECT SUM(k) FROM sbtest1 WHERE id BETWEEN 7936482 AND 7937481
	Aggregate  (cost=4122.44..4122.45 rows=1 width=8)
	  ->  Bitmap Heap Scan on sbtest1  (cost=31.36..4119.78 rows=1066 width=4)
	        Recheck Cond: ((id >= 7936482) AND (id <= 7937481))
	        ->  Bitmap Index Scan on sbtest1_pkey  (cost=0.00..31.09 rows=1066 width=0)
	              Index Cond: ((id >= 7936482) AND (id <= 7937481))

table 2 : explain SELECT SUM(k) FROM sbtest2 WHERE id BETWEEN 9952919 AND 9953918
	Aggregate  (cost=3727.93..3727.94 rows=1 width=8)
	  ->  Bitmap Heap Scan on sbtest2  (cost=30.29..3725.53 rows=961 width=4)
	        Recheck Cond: ((id >= 9952919) AND (id <= 9953918))
	        ->  Bitmap Index Scan on sbtest2_pkey  (cost=0.00..30.04 rows=961 width=0)
	              Index Cond: ((id >= 9952919) AND (id <= 9953918))

table 3 : explain SELECT SUM(k) FROM sbtest3 WHERE id BETWEEN 1184078 AND 1185077
	Aggregate  (cost=3917.29..3917.30 rows=1 width=8)
	  ->  Bitmap Heap Scan on sbtest3  (cost=30.80..3914.76 rows=1011 width=4)
	        Recheck Cond: ((id >= 1184078) AND (id <= 1185077))
	        ->  Bitmap Index Scan on sbtest3_pkey  (cost=0.00..30.54 rows=1011 width=0)
	              Index Cond: ((id >= 1184078) AND (id <= 1185077))

table 4 : explain SELECT SUM(k) FROM sbtest4 WHERE id BETWEEN 5025647 AND 5026646
	Aggregate  (cost=3988.90..3988.91 rows=1 width=8)
	  ->  Bitmap Heap Scan on sbtest4  (cost=30.99..3986.33 rows=1030 width=4)
	        Recheck Cond: ((id >= 5025647) AND (id <= 5026646))
	        ->  Bitmap Index Scan on sbtest4_pkey  (cost=0.00..30.73 rows=1030 width=0)
	              Index Cond: ((id >= 5025647) AND (id <= 5026646))

table 5 : explain SELECT SUM(k) FROM sbtest5 WHERE id BETWEEN 299287 AND 300286
	Aggregate  (cost=3725.34..3725.35 rows=1 width=8)
	  ->  Bitmap Heap Scan on sbtest5  (cost=30.26..3722.94 rows=959 width=4)
	        Recheck Cond: ((id >= 299287) AND (id <= 300286))
	        ->  Bitmap Index Scan on sbtest5_pkey  (cost=0.00..30.02 rows=959 width=0)
	              Index Cond: ((id >= 299287) AND (id <= 300286))

table 6 : explain SELECT SUM(k) FROM sbtest6 WHERE id BETWEEN 108854 AND 109853
	Aggregate  (cost=3601.56..3601.57 rows=1 width=8)
	  ->  Bitmap Heap Scan on sbtest6  (cost=29.94..3599.24 rows=927 width=4)
	        Recheck Cond: ((id >= 108854) AND (id <= 109853))
	        ->  Bitmap Index Scan on sbtest6_pkey  (cost=0.00..29.70 rows=927 width=0)
	              Index Cond: ((id >= 108854) AND (id <= 109853))

table 7 : explain SELECT SUM(k) FROM sbtest7 WHERE id BETWEEN 6128831 AND 6129830
	Aggregate  (cost=3933.50..3933.51 rows=1 width=8)
	  ->  Bitmap Heap Scan on sbtest7  (cost=30.83..3930.96 rows=1014 width=4)
	        Recheck Cond: ((id >= 6128831) AND (id <= 6129830))
	        ->  Bitmap Index Scan on sbtest7_pkey  (cost=0.00..30.57 rows=1014 width=0)
	              Index Cond: ((id >= 6128831) AND (id <= 6129830))

table 8 : explain SELECT SUM(k) FROM sbtest8 WHERE id BETWEEN 1487992 AND 1488991
	Aggregate  (cost=3741.94..3741.95 rows=1 width=8)
	  ->  Bitmap Heap Scan on sbtest8  (cost=30.32..3739.53 rows=964 width=4)
	        Recheck Cond: ((id >= 1487992) AND (id <= 1488991))
	        ->  Bitmap Index Scan on sbtest8_pkey  (cost=0.00..30.07 rows=964 width=0)
	              Index Cond: ((id >= 1487992) AND (id <= 1488991))

explain: for point_selects :: explain SELECT c FROM sbtest%u WHERE id=%u
for: order_ranges
table 1 : explain SELECT c FROM sbtest1 WHERE id BETWEEN 9089698 AND 9090697 ORDER BY c
	Sort  (cost=4028.19..4030.76 rows=1028 width=121)
	  Sort Key: c
	  ->  Bitmap Heap Scan on sbtest1  (cost=30.97..3976.77 rows=1028 width=121)
	        Recheck Cond: ((id >= 9089698) AND (id <= 9090697))
	        ->  Bitmap Index Scan on sbtest1_pkey  (cost=0.00..30.71 rows=1028 width=0)
	              Index Cond: ((id >= 9089698) AND (id <= 9090697))

table 2 : explain SELECT c FROM sbtest2 WHERE id BETWEEN 4919124 AND 4920123 ORDER BY c
	Sort  (cost=3891.91..3894.39 rows=992 width=121)
	  Sort Key: c
	  ->  Bitmap Heap Scan on sbtest2  (cost=30.60..3842.54 rows=992 width=121)
	        Recheck Cond: ((id >= 4919124) AND (id <= 4920123))
	        ->  Bitmap Index Scan on sbtest2_pkey  (cost=0.00..30.36 rows=992 width=0)
	              Index Cond: ((id >= 4919124) AND (id <= 4920123))

table 3 : explain SELECT c FROM sbtest3 WHERE id BETWEEN 6416676 AND 6417675 ORDER BY c
	Sort  (cost=4053.24..4055.82 rows=1034 width=121)
	  Sort Key: c
	  ->  Bitmap Heap Scan on sbtest3  (cost=31.03..4001.46 rows=1034 width=121)
	        Recheck Cond: ((id >= 6416676) AND (id <= 6417675))
	        ->  Bitmap Index Scan on sbtest3_pkey  (cost=0.00..30.77 rows=1034 width=0)
	              Index Cond: ((id >= 6416676) AND (id <= 6417675))

table 4 : explain SELECT c FROM sbtest4 WHERE id BETWEEN 8914928 AND 8915927 ORDER BY c
	Sort  (cost=4236.65..4239.36 rows=1082 width=121)
	  Sort Key: c
	  ->  Bitmap Heap Scan on sbtest4  (cost=31.53..4182.12 rows=1082 width=121)
	        Recheck Cond: ((id >= 8914928) AND (id <= 8915927))
	        ->  Bitmap Index Scan on sbtest4_pkey  (cost=0.00..31.25 rows=1082 width=0)
	              Index Cond: ((id >= 8914928) AND (id <= 8915927))

table 5 : explain SELECT c FROM sbtest5 WHERE id BETWEEN 5760636 AND 5761635 ORDER BY c
	Sort  (cost=3582.07..3584.35 rows=910 width=121)
	  Sort Key: c
	  ->  Bitmap Heap Scan on sbtest5  (cost=29.76..3537.35 rows=910 width=121)
	        Recheck Cond: ((id >= 5760636) AND (id <= 5761635))
	        ->  Bitmap Index Scan on sbtest5_pkey  (cost=0.00..29.54 rows=910 width=0)
	              Index Cond: ((id >= 5760636) AND (id <= 5761635))

table 6 : explain SELECT c FROM sbtest6 WHERE id BETWEEN 5457964 AND 5458963 ORDER BY c
	Sort  (cost=4074.37..4076.97 rows=1039 width=121)
	  Sort Key: c
	  ->  Bitmap Heap Scan on sbtest6  (cost=31.08..4022.31 rows=1039 width=121)
	        Recheck Cond: ((id >= 5457964) AND (id <= 5458963))
	        ->  Bitmap Index Scan on sbtest6_pkey  (cost=0.00..30.82 rows=1039 width=0)
	              Index Cond: ((id >= 5457964) AND (id <= 5458963))

table 7 : explain SELECT c FROM sbtest7 WHERE id BETWEEN 1684099 AND 1685098 ORDER BY c
	Sort  (cost=3870.33..3872.79 rows=985 width=121)
	  Sort Key: c
	  ->  Bitmap Heap Scan on sbtest7  (cost=30.53..3821.35 rows=985 width=121)
	        Recheck Cond: ((id >= 1684099) AND (id <= 1685098))
	        ->  Bitmap Index Scan on sbtest7_pkey  (cost=0.00..30.29 rows=985 width=0)
	              Index Cond: ((id >= 1684099) AND (id <= 1685098))

table 8 : explain SELECT c FROM sbtest8 WHERE id BETWEEN 959393 AND 960392 ORDER BY c
	Sort  (cost=3852.52..3854.97 rows=981 width=121)
	  Sort Key: c
	  ->  Bitmap Heap Scan on sbtest8  (cost=30.49..3803.78 rows=981 width=121)
	        Recheck Cond: ((id >= 959393) AND (id <= 960392))
	        ->  Bitmap Index Scan on sbtest8_pkey  (cost=0.00..30.25 rows=981 width=0)
	              Index Cond: ((id >= 959393) AND (id <= 960392))

for: order_ranges
table 1 : explain SELECT c FROM sbtest1 WHERE id BETWEEN 3365083 AND 3366082 ORDER BY c
	Sort  (cost=4524.48..4527.37 rows=1158 width=121)
	  Sort Key: c
	  ->  Bitmap Heap Scan on sbtest1  (cost=36.30..4465.55 rows=1158 width=121)
	        Recheck Cond: ((id >= 3365083) AND (id <= 3366082))
	        ->  Bitmap Index Scan on sbtest1_pkey  (cost=0.00..36.02 rows=1158 width=0)
	              Index Cond: ((id >= 3365083) AND (id <= 3366082))

table 2 : explain SELECT c FROM sbtest2 WHERE id BETWEEN 6593725 AND 6594724 ORDER BY c
	Sort  (cost=3815.30..3817.73 rows=972 width=121)
	  Sort Key: c
	  ->  Bitmap Heap Scan on sbtest2  (cost=30.40..3767.06 rows=972 width=121)
	        Recheck Cond: ((id >= 6593725) AND (id <= 6594724))
	        ->  Bitmap Index Scan on sbtest2_pkey  (cost=0.00..30.15 rows=972 width=0)
	              Index Cond: ((id >= 6593725) AND (id <= 6594724))

table 3 : explain SELECT c FROM sbtest3 WHERE id BETWEEN 1315520 AND 1316519 ORDER BY c
	Sort  (cost=3819.67..3822.10 rows=973 width=121)
	  Sort Key: c
	  ->  Bitmap Heap Scan on sbtest3  (cost=30.41..3771.37 rows=973 width=121)
	        Recheck Cond: ((id >= 1315520) AND (id <= 1316519))
	        ->  Bitmap Index Scan on sbtest3_pkey  (cost=0.00..30.16 rows=973 width=0)
	              Index Cond: ((id >= 1315520) AND (id <= 1316519))

table 4 : explain SELECT c FROM sbtest4 WHERE id BETWEEN 6489369 AND 6490368 ORDER BY c
	Sort  (cost=3880.91..3883.39 rows=989 width=121)
	  Sort Key: c
	  ->  Bitmap Heap Scan on sbtest4  (cost=30.57..3831.71 rows=989 width=121)
	        Recheck Cond: ((id >= 6489369) AND (id <= 6490368))
	        ->  Bitmap Index Scan on sbtest4_pkey  (cost=0.00..30.32 rows=989 width=0)
	              Index Cond: ((id >= 6489369) AND (id <= 6490368))

table 5 : explain SELECT c FROM sbtest5 WHERE id BETWEEN 4829623 AND 4830622 ORDER BY c
	Sort  (cost=3755.07..3757.46 rows=955 width=121)
	  Sort Key: c
	  ->  Bitmap Heap Scan on sbtest5  (cost=30.22..3707.80 rows=955 width=121)
	        Recheck Cond: ((id >= 4829623) AND (id <= 4830622))
	        ->  Bitmap Index Scan on sbtest5_pkey  (cost=0.00..29.98 rows=955 width=0)
	              Index Cond: ((id >= 4829623) AND (id <= 4830622))

table 6 : explain SELECT c FROM sbtest6 WHERE id BETWEEN 4005454 AND 4006453 ORDER BY c
	Sort  (cost=3813.81..3816.24 rows=971 width=121)
	  Sort Key: c
	  ->  Bitmap Heap Scan on sbtest6  (cost=30.39..3765.64 rows=971 width=121)
	        Recheck Cond: ((id >= 4005454) AND (id <= 4006453))
	        ->  Bitmap Index Scan on sbtest6_pkey  (cost=0.00..30.14 rows=971 width=0)
	              Index Cond: ((id >= 4005454) AND (id <= 4006453))

table 7 : explain SELECT c FROM sbtest7 WHERE id BETWEEN 7933564 AND 7934563 ORDER BY c
	Sort  (cost=3728.23..3730.60 rows=948 width=121)
	  Sort Key: c
	  ->  Bitmap Heap Scan on sbtest7  (cost=30.15..3681.36 rows=948 width=121)
	        Recheck Cond: ((id >= 7933564) AND (id <= 7934563))
	        ->  Bitmap Index Scan on sbtest7_pkey  (cost=0.00..29.91 rows=948 width=0)
	              Index Cond: ((id >= 7933564) AND (id <= 7934563))

table 8 : explain SELECT c FROM sbtest8 WHERE id BETWEEN 6514329 AND 6515328 ORDER BY c
	Sort  (cost=3818.00..3820.43 rows=972 width=121)
	  Sort Key: c
	  ->  Bitmap Heap Scan on sbtest8  (cost=30.40..3769.77 rows=972 width=121)
	        Recheck Cond: ((id >= 6514329) AND (id <= 6515328))
	        ->  Bitmap Index Scan on sbtest8_pkey  (cost=0.00..30.15 rows=972 width=0)
	              Index Cond: ((id >= 6514329) AND (id <= 6515328))
for: order_ranges
table 1 : explain SELECT c FROM sbtest1 WHERE id BETWEEN 9006375 AND 9007374 ORDER BY c
	Sort  (cost=4028.19..4030.76 rows=1028 width=121)
	  Sort Key: c
	  ->  Bitmap Heap Scan on sbtest1  (cost=30.97..3976.77 rows=1028 width=121)
	        Recheck Cond: ((id >= 9006375) AND (id <= 9007374))
	        ->  Bitmap Index Scan on sbtest1_pkey  (cost=0.00..30.71 rows=1028 width=0)
	              Index Cond: ((id >= 9006375) AND (id <= 9007374))

table 2 : explain SELECT c FROM sbtest2 WHERE id BETWEEN 9016258 AND 9017257 ORDER BY c
	Sort  (cost=3834.46..3836.90 rows=977 width=121)
	  Sort Key: c
	  ->  Bitmap Heap Scan on sbtest2  (cost=30.45..3785.94 rows=977 width=121)
	        Recheck Cond: ((id >= 9016258) AND (id <= 9017257))
	        ->  Bitmap Index Scan on sbtest2_pkey  (cost=0.00..30.20 rows=977 width=0)
	              Index Cond: ((id >= 9016258) AND (id <= 9017257))

table 3 : explain SELECT c FROM sbtest3 WHERE id BETWEEN 6373503 AND 6374502 ORDER BY c
	Sort  (cost=3915.44..3917.94 rows=998 width=121)
	  Sort Key: c
	  ->  Bitmap Heap Scan on sbtest3  (cost=30.66..3865.73 rows=998 width=121)
	        Recheck Cond: ((id >= 6373503) AND (id <= 6374502))
	        ->  Bitmap Index Scan on sbtest3_pkey  (cost=0.00..30.41 rows=998 width=0)
	              Index Cond: ((id >= 6373503) AND (id <= 6374502))

table 4 : explain SELECT c FROM sbtest4 WHERE id BETWEEN 131508 AND 132507 ORDER BY c
	Sort  (cost=4221.37..4224.07 rows=1078 width=121)
	  Sort Key: c
	  ->  Bitmap Heap Scan on sbtest4  (cost=31.48..4167.07 rows=1078 width=121)
	        Recheck Cond: ((id >= 131508) AND (id <= 132507))
	        ->  Bitmap Index Scan on sbtest4_pkey  (cost=0.00..31.21 rows=1078 width=0)
	              Index Cond: ((id >= 131508) AND (id <= 132507))

table 5 : explain SELECT c FROM sbtest5 WHERE id BETWEEN 7500735 AND 7501734 ORDER BY c
	Sort  (cost=3824.21..3826.64 rows=973 width=121)
	  Sort Key: c
	  ->  Bitmap Heap Scan on sbtest5  (cost=30.41..3775.91 rows=973 width=121)
	        Recheck Cond: ((id >= 7500735) AND (id <= 7501734))
	        ->  Bitmap Index Scan on sbtest5_pkey  (cost=0.00..30.16 rows=973 width=0)
	              Index Cond: ((id >= 7500735) AND (id <= 7501734))

table 6 : explain SELECT c FROM sbtest6 WHERE id BETWEEN 7313818 AND 7314817 ORDER BY c
	Sort  (cost=3737.07..3739.45 rows=951 width=121)
	  Sort Key: c
	  ->  Bitmap Heap Scan on sbtest6  (cost=30.18..3690.03 rows=951 width=121)
	        Recheck Cond: ((id >= 7313818) AND (id <= 7314817))
	        ->  Bitmap Index Scan on sbtest6_pkey  (cost=0.00..29.94 rows=951 width=0)
	              Index Cond: ((id >= 7313818) AND (id <= 7314817))

table 7 : explain SELECT c FROM sbtest7 WHERE id BETWEEN 117682 AND 118681 ORDER BY c
	Sort  (cost=4096.59..4099.20 rows=1044 width=121)
	  Sort Key: c
	  ->  Bitmap Heap Scan on sbtest7  (cost=31.14..4044.24 rows=1044 width=121)
	        Recheck Cond: ((id >= 117682) AND (id <= 118681))
	        ->  Bitmap Index Scan on sbtest7_pkey  (cost=0.00..30.87 rows=1044 width=0)
	              Index Cond: ((id >= 117682) AND (id <= 118681))

table 8 : explain SELECT c FROM sbtest8 WHERE id BETWEEN 2526660 AND 2527659 ORDER BY c
	Sort  (cost=4254.56..4257.28 rows=1086 width=121)
	  Sort Key: c
	  ->  Bitmap Heap Scan on sbtest8  (cost=31.57..4199.80 rows=1086 width=121)
	        Recheck Cond: ((id >= 2526660) AND (id <= 2527659))
	        ->  Bitmap Index Scan on sbtest8_pkey  (cost=0.00..31.29 rows=1086 width=0)
	              Index Cond: ((id >= 2526660) AND (id <= 2527659))


for: simple_ranges
table 1 : explain SELECT c FROM sbtest1 WHERE id BETWEEN 1437059 AND 1438058
	Bitmap Heap Scan on sbtest1  (cost=30.27..3720.39 rows=960 width=121)
	  Recheck Cond: ((id >= 1437059) AND (id <= 1438058))
	  ->  Bitmap Index Scan on sbtest1_pkey  (cost=0.00..30.04 rows=960 width=0)
	        Index Cond: ((id >= 1437059) AND (id <= 1438058))

table 2 : explain SELECT c FROM sbtest2 WHERE id BETWEEN 3568745 AND 3569744
	Bitmap Heap Scan on sbtest2  (cost=30.63..3853.86 rows=995 width=121)
	  Recheck Cond: ((id >= 3568745) AND (id <= 3569744))
	  ->  Bitmap Index Scan on sbtest2_pkey  (cost=0.00..30.39 rows=995 width=0)
	        Index Cond: ((id >= 3568745) AND (id <= 3569744))

table 3 : explain SELECT c FROM sbtest3 WHERE id BETWEEN 5120082 AND 5121081
	Bitmap Heap Scan on sbtest3  (cost=30.77..3903.45 rows=1008 width=121)
	  Recheck Cond: ((id >= 5120082) AND (id <= 5121081))
	  ->  Bitmap Index Scan on sbtest3_pkey  (cost=0.00..30.51 rows=1008 width=0)
	        Index Cond: ((id >= 5120082) AND (id <= 5121081))

table 4 : explain SELECT c FROM sbtest4 WHERE id BETWEEN 653293 AND 654292
	Bitmap Heap Scan on sbtest4  (cost=31.38..4129.44 rows=1068 width=121)
	  Recheck Cond: ((id >= 653293) AND (id <= 654292))
	  ->  Bitmap Index Scan on sbtest4_pkey  (cost=0.00..31.11 rows=1068 width=0)
	        Index Cond: ((id >= 653293) AND (id <= 654292))

table 5 : explain SELECT c FROM sbtest5 WHERE id BETWEEN 4566309 AND 4567308
	Bitmap Heap Scan on sbtest5  (cost=30.81..3923.35 rows=1012 width=121)
	  Recheck Cond: ((id >= 4566309) AND (id <= 4567308))
	  ->  Bitmap Index Scan on sbtest5_pkey  (cost=0.00..30.55 rows=1012 width=0)
	        Index Cond: ((id >= 4566309) AND (id <= 4567308))

table 6 : explain SELECT c FROM sbtest6 WHERE id BETWEEN 4220577 AND 4221576
	Bitmap Heap Scan on sbtest6  (cost=30.36..3754.30 rows=968 width=121)
	  Recheck Cond: ((id >= 4220577) AND (id <= 4221576))
	  ->  Bitmap Index Scan on sbtest6_pkey  (cost=0.00..30.11 rows=968 width=0)
	        Index Cond: ((id >= 4220577) AND (id <= 4221576))

table 7 : explain SELECT c FROM sbtest7 WHERE id BETWEEN 4569972 AND 4570971
	Bitmap Heap Scan on sbtest7  (cost=31.78..4281.78 rows=1107 width=121)
	  Recheck Cond: ((id >= 4569972) AND (id <= 4570971))
	  ->  Bitmap Index Scan on sbtest7_pkey  (cost=0.00..31.50 rows=1107 width=0)
	        Index Cond: ((id >= 4569972) AND (id <= 4570971))

table 8 : explain SELECT c FROM sbtest8 WHERE id BETWEEN 4550711 AND 4551710
	Bitmap Heap Scan on sbtest8  (cost=30.22..3705.50 rows=955 width=121)
	  Recheck Cond: ((id >= 4550711) AND (id <= 4551710))
	  ->  Bitmap Index Scan on sbtest8_pkey  (cost=0.00..29.98 rows=955 width=0)
	        Index Cond: ((id >= 4550711) AND (id <= 4551710))

for: sum_ranges
table 1 : explain SELECT SUM(k) FROM sbtest1 WHERE id BETWEEN 5468461 AND 5469460
	Aggregate  (cost=4235.29..4235.30 rows=1 width=8)
	  ->  Bitmap Heap Scan on sbtest1  (cost=31.67..4232.55 rows=1096 width=4)
	        Recheck Cond: ((id >= 5468461) AND (id <= 5469460))
	        ->  Bitmap Index Scan on sbtest1_pkey  (cost=0.00..31.39 rows=1096 width=0)
	              Index Cond: ((id >= 5468461) AND (id <= 5469460))

table 2 : explain SELECT SUM(k) FROM sbtest2 WHERE id BETWEEN 5078895 AND 5079894
	Aggregate  (cost=3920.50..3920.51 rows=1 width=8)
	  ->  Bitmap Heap Scan on sbtest2  (cost=30.81..3917.97 rows=1012 width=4)
	        Recheck Cond: ((id >= 5078895) AND (id <= 5079894))
	        ->  Bitmap Index Scan on sbtest2_pkey  (cost=0.00..30.55 rows=1012 width=0)
	              Index Cond: ((id >= 5078895) AND (id <= 5079894))

table 3 : explain SELECT SUM(k) FROM sbtest3 WHERE id BETWEEN 9791126 AND 9792125
	Aggregate  (cost=3580.73..3580.74 rows=1 width=8)
	  ->  Bitmap Heap Scan on sbtest3  (cost=25.90..3578.42 rows=923 width=4)
	        Recheck Cond: ((id >= 9791126) AND (id <= 9792125))
	        ->  Bitmap Index Scan on sbtest3_pkey  (cost=0.00..25.66 rows=923 width=0)
	              Index Cond: ((id >= 9791126) AND (id <= 9792125))

table 4 : explain SELECT SUM(k) FROM sbtest4 WHERE id BETWEEN 968874 AND 969873
	Aggregate  (cost=3724.62..3724.63 rows=1 width=8)
	  ->  Bitmap Heap Scan on sbtest4  (cost=30.27..3722.22 rows=960 width=4)
	        Recheck Cond: ((id >= 968874) AND (id <= 969873))
	        ->  Bitmap Index Scan on sbtest4_pkey  (cost=0.00..30.04 rows=960 width=0)
	              Index Cond: ((id >= 968874) AND (id <= 969873))

table 5 : explain SELECT SUM(k) FROM sbtest5 WHERE id BETWEEN 2903617 AND 2904616
	Aggregate  (cost=4171.36..4171.37 rows=1 width=8)
	  ->  Bitmap Heap Scan on sbtest5  (cost=31.47..4168.67 rows=1077 width=4)
	        Recheck Cond: ((id >= 2903617) AND (id <= 2904616))
	        ->  Bitmap Index Scan on sbtest5_pkey  (cost=0.00..31.20 rows=1077 width=0)
	              Index Cond: ((id >= 2903617) AND (id <= 2904616))

table 6 : explain SELECT SUM(k) FROM sbtest6 WHERE id BETWEEN 1189408 AND 1190407
	Aggregate  (cost=3889.00..3889.01 rows=1 width=8)
	  ->  Bitmap Heap Scan on sbtest6  (cost=30.72..3886.49 rows=1003 width=4)
	        Recheck Cond: ((id >= 1189408) AND (id <= 1190407))
	        ->  Bitmap Index Scan on sbtest6_pkey  (cost=0.00..30.46 rows=1003 width=0)
	              Index Cond: ((id >= 1189408) AND (id <= 1190407))

table 7 : explain SELECT SUM(k) FROM sbtest7 WHERE id BETWEEN 7733789 AND 7734788
	Aggregate  (cost=3676.15..3676.16 rows=1 width=8)
	  ->  Bitmap Heap Scan on sbtest7  (cost=30.13..3673.78 rows=946 width=4)
	        Recheck Cond: ((id >= 7733789) AND (id <= 7734788))
	        ->  Bitmap Index Scan on sbtest7_pkey  (cost=0.00..29.89 rows=946 width=0)
	              Index Cond: ((id >= 7733789) AND (id <= 7734788))

table 8 : explain SELECT SUM(k) FROM sbtest8 WHERE id BETWEEN 4989964 AND 4990963
	Aggregate  (cost=3787.32..3787.33 rows=1 width=8)
	  ->  Bitmap Heap Scan on sbtest8  (cost=30.44..3784.88 rows=976 width=4)
	        Recheck Cond: ((id >= 4989964) AND (id <= 4990963))
	        ->  Bitmap Index Scan on sbtest8_pkey  (cost=0.00..30.19 rows=976 width=0)
	              Index Cond: ((id >= 4989964) AND (id <= 4990963))

for: distinct_ranges
table 1 : explain SELECT DISTINCT c FROM sbtest1 WHERE id BETWEEN 4548515 AND 4549514 ORDER BY c
	Unique  (cost=3695.13..3699.84 rows=941 width=121)
	  ->  Sort  (cost=3695.13..3697.48 rows=941 width=121)
	        Sort Key: c
	        ->  Bitmap Heap Scan on sbtest1  (cost=30.08..3648.65 rows=941 width=121)
	              Recheck Cond: ((id >= 4548515) AND (id <= 4549514))
	              ->  Bitmap Index Scan on sbtest1_pkey  (cost=0.00..29.84 rows=941 width=0)
	                    Index Cond: ((id >= 4548515) AND (id <= 4549514))

table 2 : explain SELECT DISTINCT c FROM sbtest2 WHERE id BETWEEN 7664782 AND 7665781 ORDER BY c
	Unique  (cost=3719.46..3724.20 rows=947 width=121)
	  ->  Sort  (cost=3719.46..3721.83 rows=947 width=121)
	        Sort Key: c
	        ->  Bitmap Heap Scan on sbtest2  (cost=30.14..3672.64 rows=947 width=121)
	              Recheck Cond: ((id >= 7664782) AND (id <= 7665781))
	              ->  Bitmap Index Scan on sbtest2_pkey  (cost=0.00..29.90 rows=947 width=0)
	                    Index Cond: ((id >= 7664782) AND (id <= 7665781))

table 3 : explain SELECT DISTINCT c FROM sbtest3 WHERE id BETWEEN 8090295 AND 8091294 ORDER BY c
	Unique  (cost=3869.48..3874.41 rows=986 width=121)
	  ->  Sort  (cost=3869.48..3871.95 rows=986 width=121)
	        Sort Key: c
	        ->  Bitmap Heap Scan on sbtest3  (cost=30.54..3820.45 rows=986 width=121)
	              Recheck Cond: ((id >= 8090295) AND (id <= 8091294))
	              ->  Bitmap Index Scan on sbtest3_pkey  (cost=0.00..30.29 rows=986 width=0)
	                    Index Cond: ((id >= 8090295) AND (id <= 8091294))

table 4 : explain SELECT DISTINCT c FROM sbtest4 WHERE id BETWEEN 527102 AND 528101 ORDER BY c
	Unique  (cost=3650.69..3655.34 rows=930 width=121)
	  ->  Sort  (cost=3650.69..3653.02 rows=930 width=121)
	        Sort Key: c
	        ->  Bitmap Heap Scan on sbtest4  (cost=25.97..3604.84 rows=930 width=121)
	              Recheck Cond: ((id >= 527102) AND (id <= 528101))
	              ->  Bitmap Index Scan on sbtest4_pkey  (cost=0.00..25.73 rows=930 width=0)
	                    Index Cond: ((id >= 527102) AND (id <= 528101))

table 5 : explain SELECT DISTINCT c FROM sbtest5 WHERE id BETWEEN 2861676 AND 2862675 ORDER BY c
	Unique  (cost=4238.22..4243.62 rows=1081 width=121)
	  ->  Sort  (cost=4238.22..4240.92 rows=1081 width=121)
	        Sort Key: c
	        ->  Bitmap Heap Scan on sbtest5  (cost=31.52..4183.74 rows=1081 width=121)
	              Recheck Cond: ((id >= 2861676) AND (id <= 2862675))
	              ->  Bitmap Index Scan on sbtest5_pkey  (cost=0.00..31.25 rows=1081 width=0)
	                    Index Cond: ((id >= 2861676) AND (id <= 2862675))

table 6 : explain SELECT DISTINCT c FROM sbtest6 WHERE id BETWEEN 1379799 AND 1380798 ORDER BY c
	Unique  (cost=3433.33..3437.69 rows=873 width=121)
	  ->  Sort  (cost=3433.33..3435.51 rows=873 width=121)
	        Sort Key: c
	        ->  Bitmap Heap Scan on sbtest6  (cost=25.38..3390.68 rows=873 width=121)
	              Recheck Cond: ((id >= 1379799) AND (id <= 1380798))
	              ->  Bitmap Index Scan on sbtest6_pkey  (cost=0.00..25.16 rows=873 width=0)
	                    Index Cond: ((id >= 1379799) AND (id <= 1380798))

table 7 : explain SELECT DISTINCT c FROM sbtest7 WHERE id BETWEEN 180805 AND 181804 ORDER BY c
	Unique  (cost=3762.81..3767.59 rows=957 width=121)
	  ->  Sort  (cost=3762.81..3765.20 rows=957 width=121)
	        Sort Key: c
	        ->  Bitmap Heap Scan on sbtest7  (cost=30.24..3715.42 rows=957 width=121)
	              Recheck Cond: ((id >= 180805) AND (id <= 181804))
	              ->  Bitmap Index Scan on sbtest7_pkey  (cost=0.00..30.00 rows=957 width=0)
	                    Index Cond: ((id >= 180805) AND (id <= 181804))

table 8 : explain SELECT DISTINCT c FROM sbtest8 WHERE id BETWEEN 1847947 AND 1848946 ORDER BY c
	Unique  (cost=4193.38..4198.73 rows=1070 width=121)
	  ->  Sort  (cost=4193.38..4196.05 rows=1070 width=121)
	        Sort Key: c
	        ->  Bitmap Heap Scan on sbtest8  (cost=31.40..4139.54 rows=1070 width=121)
	              Recheck Cond: ((id >= 1847947) AND (id <= 1848946))
	              ->  Bitmap Index Scan on sbtest8_pkey  (cost=0.00..31.14 rows=1070 width=0)
	                    Index Cond: ((id >= 1847947) AND (id <= 1848946))

for point_selects
table 1 : explain SELECT c FROM sbtest1 WHERE id=6546161
	Index Scan using sbtest1_pkey on sbtest1  (cost=0.43..8.45 rows=1 width=121)
	  Index Cond: (id = 6546161)

table 2 : explain SELECT c FROM sbtest2 WHERE id=844345
	Index Scan using sbtest2_pkey on sbtest2  (cost=0.43..8.45 rows=1 width=121)
	  Index Cond: (id = 844345)

table 3 : explain SELECT c FROM sbtest3 WHERE id=6577371
	Index Scan using sbtest3_pkey on sbtest3  (cost=0.43..8.45 rows=1 width=121)
	  Index Cond: (id = 6577371)

table 4 : explain SELECT c FROM sbtest4 WHERE id=1170934
	Index Scan using sbtest4_pkey on sbtest4  (cost=0.43..8.45 rows=1 width=121)
	  Index Cond: (id = 1170934)

table 5 : explain SELECT c FROM sbtest5 WHERE id=7309107
	Index Scan using sbtest5_pkey on sbtest5  (cost=0.43..8.45 rows=1 width=121)
	  Index Cond: (id = 7309107)

table 6 : explain SELECT c FROM sbtest6 WHERE id=9855463
	Index Scan using sbtest6_pkey on sbtest6  (cost=0.43..8.45 rows=1 width=121)
	  Index Cond: (id = 9855463)

table 7 : explain SELECT c FROM sbtest7 WHERE id=1640084
	Index Scan using sbtest7_pkey on sbtest7  (cost=0.43..8.45 rows=1 width=121)
	  Index Cond: (id = 1640084)

table 8 : explain SELECT c FROM sbtest8 WHERE id=6381063
	Index Scan using sbtest8_pkey on sbtest8  (cost=0.43..8.45 rows=1 width=121)
	  Index Cond: (id = 6381063)

for: distinct_ranges
table 1 : explain SELECT DISTINCT c FROM sbtest1 WHERE id BETWEEN 8138894 AND 8139893 ORDER BY c
	Unique  (cost=4417.62..4423.27 rows=1131 width=121)
	  ->  Sort  (cost=4417.62..4420.45 rows=1131 width=121)
	        Sort Key: c
	        ->  Bitmap Heap Scan on sbtest1  (cost=32.03..4360.26 rows=1131 width=121)
	              Recheck Cond: ((id >= 8138894) AND (id <= 8139893))
	              ->  Bitmap Index Scan on sbtest1_pkey  (cost=0.00..31.75 rows=1131 width=0)
	                    Index Cond: ((id >= 8138894) AND (id <= 8139893))

table 2 : explain SELECT DISTINCT c FROM sbtest2 WHERE id BETWEEN 4594318 AND 4595317 ORDER BY c
	Unique  (cost=4255.18..4260.62 rows=1087 width=121)
	  ->  Sort  (cost=4255.18..4257.90 rows=1087 width=121)
	        Sort Key: c
	        ->  Bitmap Heap Scan on sbtest2  (cost=31.58..4200.37 rows=1087 width=121)
	              Recheck Cond: ((id >= 4594318) AND (id <= 4595317))
	              ->  Bitmap Index Scan on sbtest2_pkey  (cost=0.00..31.30 rows=1087 width=0)
	                    Index Cond: ((id >= 4594318) AND (id <= 4595317))

table 3 : explain SELECT DISTINCT c FROM sbtest3 WHERE id BETWEEN 1356466 AND 1357465 ORDER BY c
	Unique  (cost=3819.67..3824.53 rows=973 width=121)
	  ->  Sort  (cost=3819.67..3822.10 rows=973 width=121)
	        Sort Key: c
	        ->  Bitmap Heap Scan on sbtest3  (cost=30.41..3771.37 rows=973 width=121)
	              Recheck Cond: ((id >= 1356466) AND (id <= 1357465))
	              ->  Bitmap Index Scan on sbtest3_pkey  (cost=0.00..30.16 rows=973 width=0)
	                    Index Cond: ((id >= 1356466) AND (id <= 1357465))

table 4 : explain SELECT DISTINCT c FROM sbtest4 WHERE id BETWEEN 4690495 AND 4691494 ORDER BY c
	Unique  (cost=3865.59..3870.52 rows=985 width=121)
	  ->  Sort  (cost=3865.59..3868.05 rows=985 width=121)
	        Sort Key: c
	        ->  Bitmap Heap Scan on sbtest4  (cost=30.53..3816.62 rows=985 width=121)
	              Recheck Cond: ((id >= 4690495) AND (id <= 4691494))
	              ->  Bitmap Index Scan on sbtest4_pkey  (cost=0.00..30.29 rows=985 width=0)
	                    Index Cond: ((id >= 4690495) AND (id <= 4691494))

table 5 : explain SELECT DISTINCT c FROM sbtest5 WHERE id BETWEEN 4930544 AND 4931543 ORDER BY c
	Unique  (cost=3751.23..3756.00 rows=954 width=121)
	  ->  Sort  (cost=3751.23..3753.62 rows=954 width=121)
	        Sort Key: c
	        ->  Bitmap Heap Scan on sbtest5  (cost=30.21..3704.02 rows=954 width=121)
	              Recheck Cond: ((id >= 4930544) AND (id <= 4931543))
	              ->  Bitmap Index Scan on sbtest5_pkey  (cost=0.00..29.97 rows=954 width=0)
	                    Index Cond: ((id >= 4930544) AND (id <= 4931543))

table 6 : explain SELECT DISTINCT c FROM sbtest6 WHERE id BETWEEN 2725986 AND 2726985 ORDER BY c
	Unique  (cost=4036.09..4041.23 rows=1029 width=121)
	  ->  Sort  (cost=4036.09..4038.66 rows=1029 width=121)
	        Sort Key: c
	        ->  Bitmap Heap Scan on sbtest6  (cost=30.98..3984.60 rows=1029 width=121)
	              Recheck Cond: ((id >= 2725986) AND (id <= 2726985))
	              ->  Bitmap Index Scan on sbtest6_pkey  (cost=0.00..30.72 rows=1029 width=0)
	                    Index Cond: ((id >= 2725986) AND (id <= 2726985))

table 7 : explain SELECT DISTINCT c FROM sbtest7 WHERE id BETWEEN 2102696 AND 2103695 ORDER BY c
	Unique  (cost=3747.44..3752.21 rows=953 width=121)
	  ->  Sort  (cost=3747.44..3749.82 rows=953 width=121)
	        Sort Key: c
	        ->  Bitmap Heap Scan on sbtest7  (cost=30.20..3700.28 rows=953 width=121)
	              Recheck Cond: ((id >= 2102696) AND (id <= 2103695))
	              ->  Bitmap Index Scan on sbtest7_pkey  (cost=0.00..29.96 rows=953 width=0)
	                    Index Cond: ((id >= 2102696) AND (id <= 2103695))

table 8 : explain SELECT DISTINCT c FROM sbtest8 WHERE id BETWEEN 7408989 AND 7409988 ORDER BY c
	Unique  (cost=3948.36..3953.39 rows=1006 width=121)
	  ->  Sort  (cost=3948.36..3950.88 rows=1006 width=121)
	        Sort Key: c
	        ->  Bitmap Heap Scan on sbtest8  (cost=30.75..3898.19 rows=1006 width=121)
	              Recheck Cond: ((id >= 7408989) AND (id <= 7409988))
	              ->  Bitmap Index Scan on sbtest8_pkey  (cost=0.00..30.50 rows=1006 width=0)
	                    Index Cond: ((id >= 7408989) AND (id <= 7409988))

for: distinct_ranges
table 1 : explain SELECT DISTINCT c FROM sbtest1 WHERE id BETWEEN 7741937 AND 7742936 ORDER BY c
	Unique  (cost=3882.83..3887.78 rows=990 width=121)
	  ->  Sort  (cost=3882.83..3885.31 rows=990 width=121)
	        Sort Key: c
	        ->  Bitmap Heap Scan on sbtest1  (cost=30.58..3833.57 rows=990 width=121)
	              Recheck Cond: ((id >= 7741937) AND (id <= 7742936))
	              ->  Bitmap Index Scan on sbtest1_pkey  (cost=0.00..30.33 rows=990 width=0)
	                    Index Cond: ((id >= 7741937) AND (id <= 7742936))

table 2 : explain SELECT DISTINCT c FROM sbtest2 WHERE id BETWEEN 5037431 AND 5038430 ORDER BY c
	Unique  (cost=4220.81..4226.20 rows=1078 width=121)
	  ->  Sort  (cost=4220.81..4223.51 rows=1078 width=121)
	        Sort Key: c
	        ->  Bitmap Heap Scan on sbtest2  (cost=31.48..4166.51 rows=1078 width=121)
	              Recheck Cond: ((id >= 5037431) AND (id <= 5038430))
	              ->  Bitmap Index Scan on sbtest2_pkey  (cost=0.00..31.21 rows=1078 width=0)
	                    Index Cond: ((id >= 5037431) AND (id <= 5038430))

table 3 : explain SELECT DISTINCT c FROM sbtest3 WHERE id BETWEEN 9608464 AND 9609463 ORDER BY c
	Unique  (cost=3723.81..3728.55 rows=948 width=121)
	  ->  Sort  (cost=3723.81..3726.18 rows=948 width=121)
	        Sort Key: c
	        ->  Bitmap Heap Scan on sbtest3  (cost=30.15..3676.94 rows=948 width=121)
	              Recheck Cond: ((id >= 9608464) AND (id <= 9609463))
	              ->  Bitmap Index Scan on sbtest3_pkey  (cost=0.00..29.91 rows=948 width=0)
	                    Index Cond: ((id >= 9608464) AND (id <= 9609463))

table 4 : explain SELECT DISTINCT c FROM sbtest4 WHERE id BETWEEN 563145 AND 564144 ORDER BY c
	Unique  (cost=3650.69..3655.34 rows=930 width=121)
	  ->  Sort  (cost=3650.69..3653.02 rows=930 width=121)
	        Sort Key: c
	        ->  Bitmap Heap Scan on sbtest4  (cost=25.97..3604.84 rows=930 width=121)
	              Recheck Cond: ((id >= 563145) AND (id <= 564144))
	              ->  Bitmap Index Scan on sbtest4_pkey  (cost=0.00..25.73 rows=930 width=0)
	                    Index Cond: ((id >= 563145) AND (id <= 564144))

table 5 : explain SELECT DISTINCT c FROM sbtest5 WHERE id BETWEEN 1593685 AND 1594684 ORDER BY c
	Unique  (cost=3851.08..3855.98 rows=980 width=121)
	  ->  Sort  (cost=3851.08..3853.53 rows=980 width=121)
	        Sort Key: c
	        ->  Bitmap Heap Scan on sbtest5  (cost=30.48..3802.39 rows=980 width=121)
	              Recheck Cond: ((id >= 1593685) AND (id <= 1594684))
	              ->  Bitmap Index Scan on sbtest5_pkey  (cost=0.00..30.23 rows=980 width=0)
	                    Index Cond: ((id >= 1593685) AND (id <= 1594684))

table 6 : explain SELECT DISTINCT c FROM sbtest6 WHERE id BETWEEN 1514970 AND 1515969 ORDER BY c
	Unique  (cost=4013.11..4018.22 rows=1023 width=121)
	  ->  Sort  (cost=4013.11..4015.67 rows=1023 width=121)
	        Sort Key: c
	        ->  Bitmap Heap Scan on sbtest6  (cost=30.92..3961.97 rows=1023 width=121)
	              Recheck Cond: ((id >= 1514970) AND (id <= 1515969))
	              ->  Bitmap Index Scan on sbtest6_pkey  (cost=0.00..30.66 rows=1023 width=0)
	                    Index Cond: ((id >= 1514970) AND (id <= 1515969))

table 7 : explain SELECT DISTINCT c FROM sbtest7 WHERE id BETWEEN 7909498 AND 7910497 ORDER BY c
	Unique  (cost=3728.23..3732.97 rows=948 width=121)
	  ->  Sort  (cost=3728.23..3730.60 rows=948 width=121)
	        Sort Key: c
	        ->  Bitmap Heap Scan on sbtest7  (cost=30.15..3681.36 rows=948 width=121)
	              Recheck Cond: ((id >= 7909498) AND (id <= 7910497))
	              ->  Bitmap Index Scan on sbtest7_pkey  (cost=0.00..29.91 rows=948 width=0)
	                    Index Cond: ((id >= 7909498) AND (id <= 7910497))

table 8 : explain SELECT DISTINCT c FROM sbtest8 WHERE id BETWEEN 9346746 AND 9347745 ORDER BY c
	Unique  (cost=4204.85..4210.22 rows=1073 width=121)
	  ->  Sort  (cost=4204.85..4207.54 rows=1073 width=121)
	        Sort Key: c
	        ->  Bitmap Heap Scan on sbtest8  (cost=31.43..4150.84 rows=1073 width=121)
	              Recheck Cond: ((id >= 9346746) AND (id <= 9347745))
	              ->  Bitmap Index Scan on sbtest8_pkey  (cost=0.00..31.16 rows=1073 width=0)
	                    Index Cond: ((id >= 9346746) AND (id <= 9347745))

for point_selects
table 1 : explain SELECT c FROM sbtest1 WHERE id=9561703
	Index Scan using sbtest1_pkey on sbtest1  (cost=0.43..8.45 rows=1 width=121)
	  Index Cond: (id = 9561703)

table 2 : explain SELECT c FROM sbtest2 WHERE id=2701277
	Index Scan using sbtest2_pkey on sbtest2  (cost=0.43..8.45 rows=1 width=121)
	  Index Cond: (id = 2701277)

table 3 : explain SELECT c FROM sbtest3 WHERE id=3324887
	Index Scan using sbtest3_pkey on sbtest3  (cost=0.43..8.45 rows=1 width=121)
	  Index Cond: (id = 3324887)

table 4 : explain SELECT c FROM sbtest4 WHERE id=816803
	Index Scan using sbtest4_pkey on sbtest4  (cost=0.43..8.45 rows=1 width=121)
	  Index Cond: (id = 816803)

table 5 : explain SELECT c FROM sbtest5 WHERE id=5972112
	Index Scan using sbtest5_pkey on sbtest5  (cost=0.43..8.45 rows=1 width=121)
	  Index Cond: (id = 5972112)

table 6 : explain SELECT c FROM sbtest6 WHERE id=6214332
	Index Scan using sbtest6_pkey on sbtest6  (cost=0.43..8.45 rows=1 width=121)
	  Index Cond: (id = 6214332)

table 7 : explain SELECT c FROM sbtest7 WHERE id=3982104
	Index Scan using sbtest7_pkey on sbtest7  (cost=0.43..8.45 rows=1 width=121)
	  Index Cond: (id = 3982104)

table 8 : explain SELECT c FROM sbtest8 WHERE id=7177405
	Index Scan using sbtest8_pkey on sbtest8  (cost=0.43..8.45 rows=1 width=121)
	  Index Cond: (id = 7177405)

for: order_ranges
table 1 : explain SELECT c FROM sbtest1 WHERE id BETWEEN 2219776 AND 2220775 ORDER BY c
	Sort  (cost=3848.38..3850.83 rows=981 width=121)
	  Sort Key: c
	  ->  Bitmap Heap Scan on sbtest1  (cost=30.49..3799.63 rows=981 width=121)
	        Recheck Cond: ((id >= 2219776) AND (id <= 2220775))
	        ->  Bitmap Index Scan on sbtest1_pkey  (cost=0.00..30.25 rows=981 width=0)
	              Index Cond: ((id >= 2219776) AND (id <= 2220775))

table 2 : explain SELECT c FROM sbtest2 WHERE id BETWEEN 6948005 AND 6949004 ORDER BY c
	Sort  (cost=3769.30..3771.70 rows=960 width=121)
	  Sort Key: c
	  ->  Bitmap Heap Scan on sbtest2  (cost=30.27..3721.75 rows=960 width=121)
	        Recheck Cond: ((id >= 6948005) AND (id <= 6949004))
	        ->  Bitmap Index Scan on sbtest2_pkey  (cost=0.00..30.04 rows=960 width=0)
	              Index Cond: ((id >= 6948005) AND (id <= 6949004))

table 3 : explain SELECT c FROM sbtest3 WHERE id BETWEEN 1676010 AND 1677009 ORDER BY c
	Sort  (cost=3746.82..3749.21 rows=954 width=121)
	  Sort Key: c
	  ->  Bitmap Heap Scan on sbtest3  (cost=30.21..3699.61 rows=954 width=121)
	        Recheck Cond: ((id >= 1676010) AND (id <= 1677009))
	        ->  Bitmap Index Scan on sbtest3_pkey  (cost=0.00..29.97 rows=954 width=0)
	              Index Cond: ((id >= 1676010) AND (id <= 1677009))

table 4 : explain SELECT c FROM sbtest4 WHERE id BETWEEN 1785119 AND 1786118 ORDER BY c
	Sort  (cost=3635.34..3637.66 rows=926 width=121)
	  Sort Key: c
	  ->  Bitmap Heap Scan on sbtest4  (cost=25.93..3589.71 rows=926 width=121)
	        Recheck Cond: ((id >= 1785119) AND (id <= 1786118))
	        ->  Bitmap Index Scan on sbtest4_pkey  (cost=0.00..25.69 rows=926 width=0)
	              Index Cond: ((id >= 1785119) AND (id <= 1786118))

table 5 : explain SELECT c FROM sbtest5 WHERE id BETWEEN 8372551 AND 8373550 ORDER BY c
	Sort  (cost=4123.35..4125.97 rows=1051 width=121)
	  Sort Key: c
	  ->  Bitmap Heap Scan on sbtest5  (cost=31.21..4070.60 rows=1051 width=121)
	        Recheck Cond: ((id >= 8372551) AND (id <= 8373550))
	        ->  Bitmap Index Scan on sbtest5_pkey  (cost=0.00..30.94 rows=1051 width=0)
	              Index Cond: ((id >= 8372551) AND (id <= 8373550))

table 6 : explain SELECT c FROM sbtest6 WHERE id BETWEEN 4572187 AND 4573186 ORDER BY c
	Sort  (cost=3925.00..3927.50 rows=1000 width=121)
	  Sort Key: c
	  ->  Bitmap Heap Scan on sbtest6  (cost=30.68..3875.17 rows=1000 width=121)
	        Recheck Cond: ((id >= 4572187) AND (id <= 4573186))
	        ->  Bitmap Index Scan on sbtest6_pkey  (cost=0.00..30.43 rows=1000 width=0)
	              Index Cond: ((id >= 4572187) AND (id <= 4573186))

table 7 : explain SELECT c FROM sbtest7 WHERE id BETWEEN 1028082 AND 1029081 ORDER BY c
	Sort  (cost=3854.97..3857.43 rows=981 width=121)
	  Sort Key: c
	  ->  Bitmap Heap Scan on sbtest7  (cost=30.49..3806.23 rows=981 width=121)
	        Recheck Cond: ((id >= 1028082) AND (id <= 1029081))
	        ->  Bitmap Index Scan on sbtest7_pkey  (cost=0.00..30.25 rows=981 width=0)
	              Index Cond: ((id >= 1028082) AND (id <= 1029081))

table 8 : explain SELECT c FROM sbtest8 WHERE id BETWEEN 794561 AND 795560 ORDER BY c
	Sort  (cost=4254.56..4257.28 rows=1086 width=121)
	  Sort Key: c
	  ->  Bitmap Heap Scan on sbtest8  (cost=31.57..4199.80 rows=1086 width=121)
	        Recheck Cond: ((id >= 794561) AND (id <= 795560))
	        ->  Bitmap Index Scan on sbtest8_pkey  (cost=0.00..31.29 rows=1086 width=0)
	              Index Cond: ((id >= 794561) AND (id <= 795560))

for: simple_ranges
table 1 : explain SELECT c FROM sbtest1 WHERE id BETWEEN 5730324 AND 5731323
	Bitmap Heap Scan on sbtest1  (cost=30.58..3833.57 rows=990 width=121)
	  Recheck Cond: ((id >= 5730324) AND (id <= 5731323))
	  ->  Bitmap Index Scan on sbtest1_pkey  (cost=0.00..30.33 rows=990 width=0)
	        Index Cond: ((id >= 5730324) AND (id <= 5731323))

table 2 : explain SELECT c FROM sbtest2 WHERE id BETWEEN 3749786 AND 3750785
	Bitmap Heap Scan on sbtest2  (cost=30.82..3921.74 rows=1013 width=121)
	  Recheck Cond: ((id >= 3749786) AND (id <= 3750785))
	  ->  Bitmap Index Scan on sbtest2_pkey  (cost=0.00..30.57 rows=1013 width=0)
	        Index Cond: ((id >= 3749786) AND (id <= 3750785))

table 3 : explain SELECT c FROM sbtest3 WHERE id BETWEEN 7030314 AND 7031313
	Bitmap Heap Scan on sbtest3  (cost=30.94..3967.54 rows=1025 width=121)
	  Recheck Cond: ((id >= 7030314) AND (id <= 7031313))
	  ->  Bitmap Index Scan on sbtest3_pkey  (cost=0.00..30.68 rows=1025 width=0)
	        Index Cond: ((id >= 7030314) AND (id <= 7031313))

table 4 : explain SELECT c FROM sbtest4 WHERE id BETWEEN 557085 AND 558084
	Bitmap Heap Scan on sbtest4  (cost=25.97..3604.84 rows=930 width=121)
	  Recheck Cond: ((id >= 557085) AND (id <= 558084))
	  ->  Bitmap Index Scan on sbtest4_pkey  (cost=0.00..25.73 rows=930 width=0)
	        Index Cond: ((id >= 557085) AND (id <= 558084))

table 5 : explain SELECT c FROM sbtest5 WHERE id BETWEEN 79487 AND 80486
	Bitmap Heap Scan on sbtest5  (cost=30.10..3662.37 rows=943 width=121)
	  Recheck Cond: ((id >= 79487) AND (id <= 80486))
	  ->  Bitmap Index Scan on sbtest5_pkey  (cost=0.00..29.86 rows=943 width=0)
	        Index Cond: ((id >= 79487) AND (id <= 80486))

table 6 : explain SELECT c FROM sbtest6 WHERE id BETWEEN 4884971 AND 4885970
	Bitmap Heap Scan on sbtest6  (cost=30.10..3659.78 rows=943 width=121)
	  Recheck Cond: ((id >= 4884971) AND (id <= 4885970))
	  ->  Bitmap Index Scan on sbtest6_pkey  (cost=0.00..29.86 rows=943 width=0)
	        Index Cond: ((id >= 4884971) AND (id <= 4885970))

table 7 : explain SELECT c FROM sbtest7 WHERE id BETWEEN 1457224 AND 1458223
	Bitmap Heap Scan on sbtest7  (cost=25.48..3427.20 rows=882 width=121)
	  Recheck Cond: ((id >= 1457224) AND (id <= 1458223))
	  ->  Bitmap Index Scan on sbtest7_pkey  (cost=0.00..25.25 rows=882 width=0)
	        Index Cond: ((id >= 1457224) AND (id <= 1458223))

table 8 : explain SELECT c FROM sbtest8 WHERE id BETWEEN 1609466 AND 1610465
	Bitmap Heap Scan on sbtest8  (cost=30.99..3988.76 rows=1030 width=121)
	  Recheck Cond: ((id >= 1609466) AND (id <= 1610465))
	  ->  Bitmap Index Scan on sbtest8_pkey  (cost=0.00..30.73 rows=1030 width=0)
	        Index Cond: ((id >= 1609466) AND (id <= 1610465))

for: sum_ranges
table 1 : explain SELECT SUM(k) FROM sbtest1 WHERE id BETWEEN 2772976 AND 2773975
	Aggregate  (cost=3404.84..3404.85 rows=1 width=8)
	  ->  Bitmap Heap Scan on sbtest1  (cost=25.42..3402.65 rows=877 width=4)
	        Recheck Cond: ((id >= 2772976) AND (id <= 2773975))
	        ->  Bitmap Index Scan on sbtest1_pkey  (cost=0.00..25.20 rows=877 width=0)
	              Index Cond: ((id >= 2772976) AND (id <= 2773975))

table 2 : explain SELECT SUM(k) FROM sbtest2 WHERE id BETWEEN 5994997 AND 5995996
	Aggregate  (cost=4022.31..4022.32 rows=1 width=8)
	  ->  Bitmap Heap Scan on sbtest2  (cost=31.08..4019.71 rows=1039 width=4)
	        Recheck Cond: ((id >= 5994997) AND (id <= 5995996))
	        ->  Bitmap Index Scan on sbtest2_pkey  (cost=0.00..30.82 rows=1039 width=0)
	              Index Cond: ((id >= 5994997) AND (id <= 5995996))

table 3 : explain SELECT SUM(k) FROM sbtest3 WHERE id BETWEEN 4139304 AND 4140303
	Aggregate  (cost=3943.70..3943.71 rows=1 width=8)
	  ->  Bitmap Heap Scan on sbtest3  (cost=30.87..3941.16 rows=1018 width=4)
	        Recheck Cond: ((id >= 4139304) AND (id <= 4140303))
	        ->  Bitmap Index Scan on sbtest3_pkey  (cost=0.00..30.61 rows=1018 width=0)
	              Index Cond: ((id >= 4139304) AND (id <= 4140303))

table 4 : explain SELECT SUM(k) FROM sbtest4 WHERE id BETWEEN 1043673 AND 1044672
	Aggregate  (cost=3909.68..3909.69 rows=1 width=8)
	  ->  Bitmap Heap Scan on sbtest4  (cost=30.78..3907.16 rows=1009 width=4)
	        Recheck Cond: ((id >= 1043673) AND (id <= 1044672))
	        ->  Bitmap Index Scan on sbtest4_pkey  (cost=0.00..30.52 rows=1009 width=0)
	              Index Cond: ((id >= 1043673) AND (id <= 1044672))

table 5 : explain SELECT SUM(k) FROM sbtest5 WHERE id BETWEEN 9605533 AND 9606532
	Aggregate  (cost=3929.66..3929.67 rows=1 width=8)
	  ->  Bitmap Heap Scan on sbtest5  (cost=30.82..3927.13 rows=1013 width=4)
	        Recheck Cond: ((id >= 9605533) AND (id <= 9606532))
	        ->  Bitmap Index Scan on sbtest5_pkey  (cost=0.00..30.57 rows=1013 width=0)
	              Index Cond: ((id >= 9605533) AND (id <= 9606532))

table 6 : explain SELECT SUM(k) FROM sbtest6 WHERE id BETWEEN 330825 AND 331824
	Aggregate  (cost=4401.83..4401.84 rows=1 width=8)
	  ->  Bitmap Heap Scan on sbtest6  (cost=36.10..4398.99 rows=1138 width=4)
	        Recheck Cond: ((id >= 330825) AND (id <= 331824))
	        ->  Bitmap Index Scan on sbtest6_pkey  (cost=0.00..35.82 rows=1138 width=0)
	              Index Cond: ((id >= 330825) AND (id <= 331824))

table 7 : explain SELECT SUM(k) FROM sbtest7 WHERE id BETWEEN 1200561 AND 1201560
	Aggregate  (cost=3429.40..3429.41 rows=1 width=8)
	  ->  Bitmap Heap Scan on sbtest7  (cost=25.48..3427.20 rows=882 width=4)
	        Recheck Cond: ((id >= 1200561) AND (id <= 1201560))
	        ->  Bitmap Index Scan on sbtest7_pkey  (cost=0.00..25.25 rows=882 width=0)
	              Index Cond: ((id >= 1200561) AND (id <= 1201560))

table 8 : explain SELECT SUM(k) FROM sbtest8 WHERE id BETWEEN 7667973 AND 7668972
	Aggregate  (cost=3741.94..3741.95 rows=1 width=8)
	  ->  Bitmap Heap Scan on sbtest8  (cost=30.32..3739.53 rows=964 width=4)
	        Recheck Cond: ((id >= 7667973) AND (id <= 7668972))
	        ->  Bitmap Index Scan on sbtest8_pkey  (cost=0.00..30.07 rows=964 width=0)
	              Index Cond: ((id >= 7667973) AND (id <= 7668972))

for: simple_ranges
table 1 : explain SELECT c FROM sbtest1 WHERE id BETWEEN 3232795 AND 3233794
	Bitmap Heap Scan on sbtest1  (cost=30.82..3920.26 rows=1013 width=121)
	  Recheck Cond: ((id >= 3232795) AND (id <= 3233794))
	  ->  Bitmap Index Scan on sbtest1_pkey  (cost=0.00..30.57 rows=1013 width=0)
	        Index Cond: ((id >= 3232795) AND (id <= 3233794))

table 2 : explain SELECT c FROM sbtest2 WHERE id BETWEEN 387058 AND 388057
	Bitmap Heap Scan on sbtest2  (cost=25.66..3490.92 rows=900 width=121)
	  Recheck Cond: ((id >= 387058) AND (id <= 388057))
	  ->  Bitmap Index Scan on sbtest2_pkey  (cost=0.00..25.43 rows=900 width=0)
	        Index Cond: ((id >= 387058) AND (id <= 388057))

table 3 : explain SELECT c FROM sbtest3 WHERE id BETWEEN 3379452 AND 3380451
	Bitmap Heap Scan on sbtest3  (cost=30.64..3858.18 rows=996 width=121)
	  Recheck Cond: ((id >= 3379452) AND (id <= 3380451))
	  ->  Bitmap Index Scan on sbtest3_pkey  (cost=0.00..30.39 rows=996 width=0)
	        Index Cond: ((id >= 3379452) AND (id <= 3380451))

table 4 : explain SELECT c FROM sbtest4 WHERE id BETWEEN 7998948 AND 7999947
	Bitmap Heap Scan on sbtest4  (cost=31.35..4118.15 rows=1065 width=121)
	  Recheck Cond: ((id >= 7998948) AND (id <= 7999947))
	  ->  Bitmap Index Scan on sbtest4_pkey  (cost=0.00..31.08 rows=1065 width=0)
	        Index Cond: ((id >= 7998948) AND (id <= 7999947))

table 5 : explain SELECT c FROM sbtest5 WHERE id BETWEEN 5920708 AND 5921707
	Bitmap Heap Scan on sbtest5  (cost=29.93..3597.98 rows=926 width=121)
	  Recheck Cond: ((id >= 5920708) AND (id <= 5921707))
	  ->  Bitmap Index Scan on sbtest5_pkey  (cost=0.00..29.69 rows=926 width=0)
	        Index Cond: ((id >= 5920708) AND (id <= 5921707))

table 6 : explain SELECT c FROM sbtest6 WHERE id BETWEEN 3882979 AND 3883978
	Bitmap Heap Scan on sbtest6  (cost=30.71..3882.72 rows=1002 width=121)
	  Recheck Cond: ((id >= 3882979) AND (id <= 3883978))
	  ->  Bitmap Index Scan on sbtest6_pkey  (cost=0.00..30.45 rows=1002 width=0)
	        Index Cond: ((id >= 3882979) AND (id <= 3883978))

table 7 : explain SELECT c FROM sbtest7 WHERE id BETWEEN 7889859 AND 7890858
	Bitmap Heap Scan on sbtest7  (cost=30.15..3681.36 rows=948 width=121)
	  Recheck Cond: ((id >= 7889859) AND (id <= 7890858))
	  ->  Bitmap Index Scan on sbtest7_pkey  (cost=0.00..29.91 rows=948 width=0)
	        Index Cond: ((id >= 7889859) AND (id <= 7890858))

table 8 : explain SELECT c FROM sbtest8 WHERE id BETWEEN 1075287 AND 1076286
	Bitmap Heap Scan on sbtest8  (cost=30.16..3682.81 rows=949 width=121)
	  Recheck Cond: ((id >= 1075287) AND (id <= 1076286))
	  ->  Bitmap Index Scan on sbtest8_pkey  (cost=0.00..29.93 rows=949 width=0)
	        Index Cond: ((id >= 1075287) AND (id <= 1076286))

for: distinct_ranges
table 1 : explain SELECT DISTINCT c FROM sbtest1 WHERE id BETWEEN 47484 AND 48483 ORDER BY c
	Unique  (cost=3813.91..3818.77 rows=972 width=121)
	  ->  Sort  (cost=3813.91..3816.34 rows=972 width=121)
	        Sort Key: c
	        ->  Bitmap Heap Scan on sbtest1  (cost=30.40..3765.68 rows=972 width=121)
	              Recheck Cond: ((id >= 47484) AND (id <= 48483))
	              ->  Bitmap Index Scan on sbtest1_pkey  (cost=0.00..30.15 rows=972 width=0)
	                    Index Cond: ((id >= 47484) AND (id <= 48483))

table 2 : explain SELECT DISTINCT c FROM sbtest2 WHERE id BETWEEN 5382956 AND 5383955 ORDER BY c
	Unique  (cost=3573.48..3578.03 rows=910 width=121)
	  ->  Sort  (cost=3573.48..3575.75 rows=910 width=121)
	        Sort Key: c
	        ->  Bitmap Heap Scan on sbtest2  (cost=25.76..3528.75 rows=910 width=121)
	              Recheck Cond: ((id >= 5382956) AND (id <= 5383955))
	              ->  Bitmap Index Scan on sbtest2_pkey  (cost=0.00..25.54 rows=910 width=0)
	                    Index Cond: ((id >= 5382956) AND (id <= 5383955))

table 3 : explain SELECT DISTINCT c FROM sbtest3 WHERE id BETWEEN 6997490 AND 6998489 ORDER BY c
	Unique  (cost=4018.80..4023.93 rows=1025 width=121)
	  ->  Sort  (cost=4018.80..4021.36 rows=1025 width=121)
	        Sort Key: c
	        ->  Bitmap Heap Scan on sbtest3  (cost=30.94..3967.54 rows=1025 width=121)
	              Recheck Cond: ((id >= 6997490) AND (id <= 6998489))
	              ->  Bitmap Index Scan on sbtest3_pkey  (cost=0.00..30.68 rows=1025 width=0)
	                    Index Cond: ((id >= 6997490) AND (id <= 6998489))

table 4 : explain SELECT DISTINCT c FROM sbtest4 WHERE id BETWEEN 367416 AND 368415 ORDER BY c
	Unique  (cost=4125.83..4131.10 rows=1053 width=121)
	  ->  Sort  (cost=4125.83..4128.46 rows=1053 width=121)
	        Sort Key: c
	        ->  Bitmap Heap Scan on sbtest4  (cost=31.23..4072.97 rows=1053 width=121)
	              Recheck Cond: ((id >= 367416) AND (id <= 368415))
	              ->  Bitmap Index Scan on sbtest4_pkey  (cost=0.00..30.96 rows=1053 width=0)
	                    Index Cond: ((id >= 367416) AND (id <= 368415))

table 5 : explain SELECT DISTINCT c FROM sbtest5 WHERE id BETWEEN 153249 AND 154248 ORDER BY c
	Unique  (cost=4203.77..4209.13 rows=1072 width=121)
	  ->  Sort  (cost=4203.77..4206.45 rows=1072 width=121)
	        Sort Key: c
	        ->  Bitmap Heap Scan on sbtest5  (cost=31.42..4149.81 rows=1072 width=121)
	              Recheck Cond: ((id >= 153249) AND (id <= 154248))
	              ->  Bitmap Index Scan on sbtest5_pkey  (cost=0.00..31.15 rows=1072 width=0)
	                    Index Cond: ((id >= 153249) AND (id <= 154248))

table 6 : explain SELECT DISTINCT c FROM sbtest6 WHERE id BETWEEN 744740 AND 745739 ORDER BY c
	Unique  (cost=4108.81..4114.05 rows=1048 width=121)
	  ->  Sort  (cost=4108.81..4111.43 rows=1048 width=121)
	        Sort Key: c
	        ->  Bitmap Heap Scan on sbtest6  (cost=31.18..4056.24 rows=1048 width=121)
	              Recheck Cond: ((id >= 744740) AND (id <= 745739))
	              ->  Bitmap Index Scan on sbtest6_pkey  (cost=0.00..30.91 rows=1048 width=0)
	                    Index Cond: ((id >= 744740) AND (id <= 745739))

table 7 : explain SELECT DISTINCT c FROM sbtest7 WHERE id BETWEEN 6333184 AND 6334183 ORDER BY c
	Unique  (cost=4138.73..4144.00 rows=1055 width=121)
	  ->  Sort  (cost=4138.73..4141.37 rows=1055 width=121)
	        Sort Key: c
	        ->  Bitmap Heap Scan on sbtest7  (cost=31.25..4085.75 rows=1055 width=121)
	              Recheck Cond: ((id >= 6333184) AND (id <= 6334183))
	              ->  Bitmap Index Scan on sbtest7_pkey  (cost=0.00..30.98 rows=1055 width=0)
	                    Index Cond: ((id >= 6333184) AND (id <= 6334183))

table 8 : explain SELECT DISTINCT c FROM sbtest8 WHERE id BETWEEN 5527849 AND 5528848 ORDER BY c
	Unique  (cost=4227.80..4233.19 rows=1079 width=121)
	  ->  Sort  (cost=4227.80..4230.50 rows=1079 width=121)
	        Sort Key: c
	        ->  Bitmap Heap Scan on sbtest8  (cost=31.49..4173.44 rows=1079 width=121)
	              Recheck Cond: ((id >= 5527849) AND (id <= 5528848))
	              ->  Bitmap Index Scan on sbtest8_pkey  (cost=0.00..31.22 rows=1079 width=0)
	                    Index Cond: ((id >= 5527849) AND (id <= 5528848))

for: distinct_ranges
table 1 : explain SELECT DISTINCT c FROM sbtest1 WHERE id BETWEEN 923771 AND 924770 ORDER BY c
	Unique  (cost=4287.89..4293.37 rows=1096 width=121)
	  ->  Sort  (cost=4287.89..4290.63 rows=1096 width=121)
	        Sort Key: c
	        ->  Bitmap Heap Scan on sbtest1  (cost=31.67..4232.55 rows=1096 width=121)
	              Recheck Cond: ((id >= 923771) AND (id <= 924770))
	              ->  Bitmap Index Scan on sbtest1_pkey  (cost=0.00..31.39 rows=1096 width=0)
	                    Index Cond: ((id >= 923771) AND (id <= 924770))

table 2 : explain SELECT DISTINCT c FROM sbtest2 WHERE id BETWEEN 9504485 AND 9505484 ORDER BY c
	Unique  (cost=3585.00..3589.56 rows=913 width=121)
	  ->  Sort  (cost=3585.00..3587.28 rows=913 width=121)
	        Sort Key: c
	        ->  Bitmap Heap Scan on sbtest2  (cost=25.79..3540.10 rows=913 width=121)
	              Recheck Cond: ((id >= 9504485) AND (id <= 9505484))
	              ->  Bitmap Index Scan on sbtest2_pkey  (cost=0.00..25.57 rows=913 width=0)
	                    Index Cond: ((id >= 9504485) AND (id <= 9505484))

table 3 : explain SELECT DISTINCT c FROM sbtest3 WHERE id BETWEEN 6675550 AND 6676549 ORDER BY c
	Unique  (cost=4018.80..4023.93 rows=1025 width=121)
	  ->  Sort  (cost=4018.80..4021.36 rows=1025 width=121)
	        Sort Key: c
	        ->  Bitmap Heap Scan on sbtest3  (cost=30.94..3967.54 rows=1025 width=121)
	              Recheck Cond: ((id >= 6675550) AND (id <= 6676549))
	              ->  Bitmap Index Scan on sbtest3_pkey  (cost=0.00..30.68 rows=1025 width=0)
	                    Index Cond: ((id >= 6675550) AND (id <= 6676549))

table 4 : explain SELECT DISTINCT c FROM sbtest4 WHERE id BETWEEN 3556547 AND 3557546 ORDER BY c
	Unique  (cost=4041.70..4046.85 rows=1031 width=121)
	  ->  Sort  (cost=4041.70..4044.27 rows=1031 width=121)
	        Sort Key: c
	        ->  Bitmap Heap Scan on sbtest4  (cost=31.00..3990.10 rows=1031 width=121)
	              Recheck Cond: ((id >= 3556547) AND (id <= 3557546))
	              ->  Bitmap Index Scan on sbtest4_pkey  (cost=0.00..30.75 rows=1031 width=0)
	                    Index Cond: ((id >= 3556547) AND (id <= 3557546))

table 5 : explain SELECT DISTINCT c FROM sbtest5 WHERE id BETWEEN 111336 AND 112335 ORDER BY c
	Unique  (cost=4203.77..4209.13 rows=1072 width=121)
	  ->  Sort  (cost=4203.77..4206.45 rows=1072 width=121)
	        Sort Key: c
	        ->  Bitmap Heap Scan on sbtest5  (cost=31.42..4149.81 rows=1072 width=121)
	              Recheck Cond: ((id >= 111336) AND (id <= 112335))
	              ->  Bitmap Index Scan on sbtest5_pkey  (cost=0.00..31.15 rows=1072 width=0)
	                    Index Cond: ((id >= 111336) AND (id <= 112335))

table 6 : explain SELECT DISTINCT c FROM sbtest6 WHERE id BETWEEN 9123271 AND 9124270 ORDER BY c
	Unique  (cost=3879.00..3883.94 rows=988 width=121)
	  ->  Sort  (cost=3879.00..3881.47 rows=988 width=121)
	        Sort Key: c
	        ->  Bitmap Heap Scan on sbtest6  (cost=30.56..3829.86 rows=988 width=121)
	              Recheck Cond: ((id >= 9123271) AND (id <= 9124270))
	              ->  Bitmap Index Scan on sbtest6_pkey  (cost=0.00..30.32 rows=988 width=0)
	                    Index Cond: ((id >= 9123271) AND (id <= 9124270))

table 7 : explain SELECT DISTINCT c FROM sbtest7 WHERE id BETWEEN 7076805 AND 7077804 ORDER BY c
	Unique  (cost=3712.86..3717.58 rows=944 width=121)
	  ->  Sort  (cost=3712.86..3715.22 rows=944 width=121)
	        Sort Key: c
	        ->  Bitmap Heap Scan on sbtest7  (cost=30.11..3666.21 rows=944 width=121)
	              Recheck Cond: ((id >= 7076805) AND (id <= 7077804))
	              ->  Bitmap Index Scan on sbtest7_pkey  (cost=0.00..29.87 rows=944 width=0)
	                    Index Cond: ((id >= 7076805) AND (id <= 7077804))

table 8 : explain SELECT DISTINCT c FROM sbtest8 WHERE id BETWEEN 6062333 AND 6063332 ORDER BY c
	Unique  (cost=4204.85..4210.22 rows=1073 width=121)
	  ->  Sort  (cost=4204.85..4207.54 rows=1073 width=121)
	        Sort Key: c
	        ->  Bitmap Heap Scan on sbtest8  (cost=31.43..4150.84 rows=1073 width=121)
	              Recheck Cond: ((id >= 6062333) AND (id <= 6063332))
	              ->  Bitmap Index Scan on sbtest8_pkey  (cost=0.00..31.16 rows=1073 width=0)
	                    Index Cond: ((id >= 6062333) AND (id <= 6063332))

for: sum_ranges
table 1 : explain SELECT SUM(k) FROM sbtest1 WHERE id BETWEEN 7080906 AND 7081905
	Aggregate  (cost=4201.45..4201.46 rows=1 width=8)
	  ->  Bitmap Heap Scan on sbtest1  (cost=31.58..4198.73 rows=1087 width=4)
	        Recheck Cond: ((id >= 7080906) AND (id <= 7081905))
	        ->  Bitmap Index Scan on sbtest1_pkey  (cost=0.00..31.30 rows=1087 width=0)
	              Index Cond: ((id >= 7080906) AND (id <= 7081905))

table 2 : explain SELECT SUM(k) FROM sbtest2 WHERE id BETWEEN 3460570 AND 3461569
	Aggregate  (cost=3595.37..3595.38 rows=1 width=8)
	  ->  Bitmap Heap Scan on sbtest2  (cost=25.94..3593.05 rows=927 width=4)
	        Recheck Cond: ((id >= 3460570) AND (id <= 3461569))
	        ->  Bitmap Index Scan on sbtest2_pkey  (cost=0.00..25.70 rows=927 width=0)
	              Index Cond: ((id >= 3460570) AND (id <= 3461569))

table 3 : explain SELECT SUM(k) FROM sbtest3 WHERE id BETWEEN 2646239 AND 2647238
	Aggregate  (cost=3751.13..3751.14 rows=1 width=8)
	  ->  Bitmap Heap Scan on sbtest3  (cost=30.35..3748.72 rows=967 width=4)
	        Recheck Cond: ((id >= 2646239) AND (id <= 2647238))
	        ->  Bitmap Index Scan on sbtest3_pkey  (cost=0.00..30.11 rows=967 width=0)
	              Index Cond: ((id >= 2646239) AND (id <= 2647238))

table 4 : explain SELECT SUM(k) FROM sbtest4 WHERE id BETWEEN 3080537 AND 3081536
	Aggregate  (cost=3921.00..3921.01 rows=1 width=8)
	  ->  Bitmap Heap Scan on sbtest4  (cost=30.81..3918.47 rows=1012 width=4)
	        Recheck Cond: ((id >= 3080537) AND (id <= 3081536))
	        ->  Bitmap Index Scan on sbtest4_pkey  (cost=0.00..30.55 rows=1012 width=0)
	              Index Cond: ((id >= 3080537) AND (id <= 3081536))

table 5 : explain SELECT SUM(k) FROM sbtest5 WHERE id BETWEEN 7041308 AND 7042307
	Aggregate  (cost=3880.50..3880.51 rows=1 width=8)
	  ->  Bitmap Heap Scan on sbtest5  (cost=30.68..3878.00 rows=1000 width=4)
	        Recheck Cond: ((id >= 7041308) AND (id <= 7042307))
	        ->  Bitmap Index Scan on sbtest5_pkey  (cost=0.00..30.43 rows=1000 width=0)
	              Index Cond: ((id >= 7041308) AND (id <= 7042307))

table 6 : explain SELECT SUM(k) FROM sbtest6 WHERE id BETWEEN 4411714 AND 4412713
	Aggregate  (cost=4205.87..4205.88 rows=1 width=8)
	  ->  Bitmap Heap Scan on sbtest6  (cost=31.58..4203.15 rows=1087 width=4)
	        Recheck Cond: ((id >= 4411714) AND (id <= 4412713))
	        ->  Bitmap Index Scan on sbtest6_pkey  (cost=0.00..31.30 rows=1087 width=0)
	              Index Cond: ((id >= 4411714) AND (id <= 4412713))

table 7 : explain SELECT SUM(k) FROM sbtest7 WHERE id BETWEEN 2512585 AND 2513584
	Aggregate  (cost=4012.86..4012.87 rows=1 width=8)
	  ->  Bitmap Heap Scan on sbtest7  (cost=31.04..4010.27 rows=1035 width=4)
	        Recheck Cond: ((id >= 2512585) AND (id <= 2513584))
	        ->  Bitmap Index Scan on sbtest7_pkey  (cost=0.00..30.79 rows=1035 width=0)
	              Index Cond: ((id >= 2512585) AND (id <= 2513584))

table 8 : explain SELECT SUM(k) FROM sbtest8 WHERE id BETWEEN 7429935 AND 7430934
	Aggregate  (cost=3900.71..3900.72 rows=1 width=8)
	  ->  Bitmap Heap Scan on sbtest8  (cost=30.75..3898.19 rows=1006 width=4)
	        Recheck Cond: ((id >= 7429935) AND (id <= 7430934))
	        ->  Bitmap Index Scan on sbtest8_pkey  (cost=0.00..30.50 rows=1006 width=0)
	              Index Cond: ((id >= 7429935) AND (id <= 7430934))

for: distinct_ranges
table 1 : explain SELECT DISTINCT c FROM sbtest1 WHERE id BETWEEN 1700166 AND 1701165 ORDER BY c
	Unique  (cost=4043.49..4048.65 rows=1032 width=121)
	  ->  Sort  (cost=4043.49..4046.07 rows=1032 width=121)
	        Sort Key: c
	        ->  Bitmap Heap Scan on sbtest1  (cost=31.01..3991.83 rows=1032 width=121)
	              Recheck Cond: ((id >= 1700166) AND (id <= 1701165))
	              ->  Bitmap Index Scan on sbtest1_pkey  (cost=0.00..30.75 rows=1032 width=0)
	                    Index Cond: ((id >= 1700166) AND (id <= 1701165))

table 2 : explain SELECT DISTINCT c FROM sbtest2 WHERE id BETWEEN 4637367 AND 4638366 ORDER BY c
	Unique  (cost=4255.18..4260.62 rows=1087 width=121)
	  ->  Sort  (cost=4255.18..4257.90 rows=1087 width=121)
	        Sort Key: c
	        ->  Bitmap Heap Scan on sbtest2  (cost=31.58..4200.37 rows=1087 width=121)
	              Recheck Cond: ((id >= 4637367) AND (id <= 4638366))
	              ->  Bitmap Index Scan on sbtest2_pkey  (cost=0.00..31.30 rows=1087 width=0)
	                    Index Cond: ((id >= 4637367) AND (id <= 4638366))

table 3 : explain SELECT DISTINCT c FROM sbtest3 WHERE id BETWEEN 7195153 AND 7196152 ORDER BY c
	Unique  (cost=3408.71..3413.05 rows=867 width=121)
	  ->  Sort  (cost=3408.71..3410.88 rows=867 width=121)
	        Sort Key: c
	        ->  Bitmap Heap Scan on sbtest3  (cost=25.32..3366.40 rows=867 width=121)
	              Recheck Cond: ((id >= 7195153) AND (id <= 7196152))
	              ->  Bitmap Index Scan on sbtest3_pkey  (cost=0.00..25.11 rows=867 width=0)
	                    Index Cond: ((id >= 7195153) AND (id <= 7196152))

table 4 : explain SELECT DISTINCT c FROM sbtest4 WHERE id BETWEEN 3343483 AND 3344482 ORDER BY c
	Unique  (cost=3539.35..3543.85 rows=901 width=121)
	  ->  Sort  (cost=3539.35..3541.60 rows=901 width=121)
	        Sort Key: c
	        ->  Bitmap Heap Scan on sbtest4  (cost=25.67..3495.13 rows=901 width=121)
	              Recheck Cond: ((id >= 3343483) AND (id <= 3344482))
	              ->  Bitmap Index Scan on sbtest4_pkey  (cost=0.00..25.44 rows=901 width=0)
	                    Index Cond: ((id >= 3343483) AND (id <= 3344482))

table 5 : explain SELECT DISTINCT c FROM sbtest5 WHERE id BETWEEN 3908137 AND 3909136 ORDER BY c
	Unique  (cost=4039.04..4044.19 rows=1029 width=121)
	  ->  Sort  (cost=4039.04..4041.62 rows=1029 width=121)
	        Sort Key: c
	        ->  Bitmap Heap Scan on sbtest5  (cost=30.98..3987.56 rows=1029 width=121)
	              Recheck Cond: ((id >= 3908137) AND (id <= 3909136))
	              ->  Bitmap Index Scan on sbtest5_pkey  (cost=0.00..30.72 rows=1029 width=0)
	                    Index Cond: ((id >= 3908137) AND (id <= 3909136))

table 6 : explain SELECT DISTINCT c FROM sbtest6 WHERE id BETWEEN 1913577 AND 1914576 ORDER BY c
	Unique  (cost=3702.53..3707.24 rows=942 width=121)
	  ->  Sort  (cost=3702.53..3704.88 rows=942 width=121)
	        Sort Key: c
	        ->  Bitmap Heap Scan on sbtest6  (cost=30.09..3655.99 rows=942 width=121)
	              Recheck Cond: ((id >= 1913577) AND (id <= 1914576))
	              ->  Bitmap Index Scan on sbtest6_pkey  (cost=0.00..29.86 rows=942 width=0)
	                    Index Cond: ((id >= 1913577) AND (id <= 1914576))

table 7 : explain SELECT DISTINCT c FROM sbtest7 WHERE id BETWEEN 7698657 AND 7699656 ORDER BY c
	Unique  (cost=3720.54..3725.27 rows=946 width=121)
	  ->  Sort  (cost=3720.54..3722.91 rows=946 width=121)
	        Sort Key: c
	        ->  Bitmap Heap Scan on sbtest7  (cost=30.13..3673.78 rows=946 width=121)
	              Recheck Cond: ((id >= 7698657) AND (id <= 7699656))
	              ->  Bitmap Index Scan on sbtest7_pkey  (cost=0.00..29.89 rows=946 width=0)
	                    Index Cond: ((id >= 7698657) AND (id <= 7699656))

table 8 : explain SELECT DISTINCT c FROM sbtest8 WHERE id BETWEEN 6298799 AND 6299798 ORDER BY c
	Unique  (cost=3760.45..3765.23 rows=957 width=121)
	  ->  Sort  (cost=3760.45..3762.84 rows=957 width=121)
	        Sort Key: c
	        ->  Bitmap Heap Scan on sbtest8  (cost=30.24..3713.06 rows=957 width=121)
	              Recheck Cond: ((id >= 6298799) AND (id <= 6299798))
	              ->  Bitmap Index Scan on sbtest8_pkey  (cost=0.00..30.00 rows=957 width=0)
	                    Index Cond: ((id >= 6298799) AND (id <= 6299798))

for point_selects
table 1 : explain SELECT c FROM sbtest1 WHERE id=6204869
	Index Scan using sbtest1_pkey on sbtest1  (cost=0.43..8.45 rows=1 width=121)
	  Index Cond: (id = 6204869)

table 2 : explain SELECT c FROM sbtest2 WHERE id=1126342
	Index Scan using sbtest2_pkey on sbtest2  (cost=0.43..8.45 rows=1 width=121)
	  Index Cond: (id = 1126342)

table 3 : explain SELECT c FROM sbtest3 WHERE id=4696293
	Index Scan using sbtest3_pkey on sbtest3  (cost=0.43..8.45 rows=1 width=121)
	  Index Cond: (id = 4696293)

table 4 : explain SELECT c FROM sbtest4 WHERE id=8936411
	Index Scan using sbtest4_pkey on sbtest4  (cost=0.43..8.45 rows=1 width=121)
	  Index Cond: (id = 8936411)

table 5 : explain SELECT c FROM sbtest5 WHERE id=5860138
	Index Scan using sbtest5_pkey on sbtest5  (cost=0.43..8.45 rows=1 width=121)
	  Index Cond: (id = 5860138)

table 6 : explain SELECT c FROM sbtest6 WHERE id=7437041
	Index Scan using sbtest6_pkey on sbtest6  (cost=0.43..8.45 rows=1 width=121)
	  Index Cond: (id = 7437041)

table 7 : explain SELECT c FROM sbtest7 WHERE id=6659654
	Index Scan using sbtest7_pkey on sbtest7  (cost=0.43..8.45 rows=1 width=121)
	  Index Cond: (id = 6659654)

table 8 : explain SELECT c FROM sbtest8 WHERE id=5045320
	Index Scan using sbtest8_pkey on sbtest8  (cost=0.43..8.45 rows=1 width=121)
	  Index Cond: (id = 5045320)

for: order_ranges
table 1 : explain SELECT c FROM sbtest1 WHERE id BETWEEN 2549090 AND 2550089 ORDER BY c
	Sort  (cost=3767.95..3770.35 rows=960 width=121)
	  Sort Key: c
	  ->  Bitmap Heap Scan on sbtest1  (cost=30.27..3720.39 rows=960 width=121)
	        Recheck Cond: ((id >= 2549090) AND (id <= 2550089))
	        ->  Bitmap Index Scan on sbtest1_pkey  (cost=0.00..30.04 rows=960 width=0)
	              Index Cond: ((id >= 2549090) AND (id <= 2550089))

table 2 : explain SELECT c FROM sbtest2 WHERE id BETWEEN 6448748 AND 6449747 ORDER BY c
	Sort  (cost=3865.10..3867.56 rows=985 width=121)
	  Sort Key: c
	  ->  Bitmap Heap Scan on sbtest2  (cost=30.53..3816.13 rows=985 width=121)
	        Recheck Cond: ((id >= 6448748) AND (id <= 6449747))
	        ->  Bitmap Index Scan on sbtest2_pkey  (cost=0.00..30.29 rows=985 width=0)
	              Index Cond: ((id >= 6448748) AND (id <= 6449747))

table 3 : explain SELECT c FROM sbtest3 WHERE id BETWEEN 1151898 AND 1152897 ORDER BY c
	Sort  (cost=3965.22..3967.75 rows=1011 width=121)
	  Sort Key: c
	  ->  Bitmap Heap Scan on sbtest3  (cost=30.80..3914.76 rows=1011 width=121)
	        Recheck Cond: ((id >= 1151898) AND (id <= 1152897))
	        ->  Bitmap Index Scan on sbtest3_pkey  (cost=0.00..30.54 rows=1011 width=0)
	              Index Cond: ((id >= 1151898) AND (id <= 1152897))

table 4 : explain SELECT c FROM sbtest4 WHERE id BETWEEN 9353720 AND 9354719 ORDER BY c
	Sort  (cost=4408.51..4411.33 rows=1128 width=121)
	  Sort Key: c
	  ->  Bitmap Heap Scan on sbtest4  (cost=32.00..4351.32 rows=1128 width=121)
	        Recheck Cond: ((id >= 9353720) AND (id <= 9354719))
	        ->  Bitmap Index Scan on sbtest4_pkey  (cost=0.00..31.71 rows=1128 width=0)
	              Index Cond: ((id >= 9353720) AND (id <= 9354719))

table 5 : explain SELECT c FROM sbtest5 WHERE id BETWEEN 963340 AND 964339 ORDER BY c
	Sort  (cost=4219.08..4221.77 rows=1076 width=121)
	  Sort Key: c
	  ->  Bitmap Heap Scan on sbtest5  (cost=31.46..4164.89 rows=1076 width=121)
	        Recheck Cond: ((id >= 963340) AND (id <= 964339))
	        ->  Bitmap Index Scan on sbtest5_pkey  (cost=0.00..31.19 rows=1076 width=0)
	              Index Cond: ((id >= 963340) AND (id <= 964339))

table 6 : explain SELECT c FROM sbtest6 WHERE id BETWEEN 5828833 AND 5829832 ORDER BY c
	Sort  (cost=3886.67..3889.15 rows=990 width=121)
	  Sort Key: c
	  ->  Bitmap Heap Scan on sbtest6  (cost=30.58..3837.41 rows=990 width=121)
	        Recheck Cond: ((id >= 5828833) AND (id <= 5829832))
	        ->  Bitmap Index Scan on sbtest6_pkey  (cost=0.00..30.33 rows=990 width=0)
	              Index Cond: ((id >= 5828833) AND (id <= 5829832))

table 7 : explain SELECT c FROM sbtest7 WHERE id BETWEEN 3550433 AND 3551432 ORDER BY c
	Sort  (cost=4134.90..4137.53 rows=1054 width=121)
	  Sort Key: c
	  ->  Bitmap Heap Scan on sbtest7  (cost=31.24..4081.98 rows=1054 width=121)
	        Recheck Cond: ((id >= 3550433) AND (id <= 3551432))
	        ->  Bitmap Index Scan on sbtest7_pkey  (cost=0.00..30.97 rows=1054 width=0)
	              Index Cond: ((id >= 3550433) AND (id <= 3551432))

table 8 : explain SELECT c FROM sbtest8 WHERE id BETWEEN 4345356 AND 4346355 ORDER BY c
	Sort  (cost=3741.26..3743.64 rows=952 width=121)
	  Sort Key: c
	  ->  Bitmap Heap Scan on sbtest8  (cost=30.19..3694.16 rows=952 width=121)
	        Recheck Cond: ((id >= 4345356) AND (id <= 4346355))
	        ->  Bitmap Index Scan on sbtest8_pkey  (cost=0.00..29.95 rows=952 width=0)
	              Index Cond: ((id >= 4345356) AND (id <= 4346355))

for: sum_ranges
table 1 : explain SELECT SUM(k) FROM sbtest1 WHERE id BETWEEN 8959969 AND 8960968
	Aggregate  (cost=3968.03..3968.04 rows=1 width=8)
	  ->  Bitmap Heap Scan on sbtest1  (cost=30.94..3965.47 rows=1025 width=4)
	        Recheck Cond: ((id >= 8959969) AND (id <= 8960968))
	        ->  Bitmap Index Scan on sbtest1_pkey  (cost=0.00..30.68 rows=1025 width=0)
	              Index Cond: ((id >= 8959969) AND (id <= 8960968))

table 2 : explain SELECT SUM(k) FROM sbtest2 WHERE id BETWEEN 8825734 AND 8826733
	Aggregate  (cost=3995.92..3995.93 rows=1 width=8)
	  ->  Bitmap Heap Scan on sbtest2  (cost=31.01..3993.34 rows=1032 width=4)
	        Recheck Cond: ((id >= 8825734) AND (id <= 8826733))
	        ->  Bitmap Index Scan on sbtest2_pkey  (cost=0.00..30.75 rows=1032 width=0)
	              Index Cond: ((id >= 8825734) AND (id <= 8826733))

table 3 : explain SELECT SUM(k) FROM sbtest3 WHERE id BETWEEN 928993 AND 929992
	Aggregate  (cost=3611.00..3611.01 rows=1 width=8)
	  ->  Bitmap Heap Scan on sbtest3  (cost=25.98..3608.68 rows=931 width=4)
	        Recheck Cond: ((id >= 928993) AND (id <= 929992))
	        ->  Bitmap Index Scan on sbtest3_pkey  (cost=0.00..25.75 rows=931 width=0)
	              Index Cond: ((id >= 928993) AND (id <= 929992))

table 4 : explain SELECT SUM(k) FROM sbtest4 WHERE id BETWEEN 5834819 AND 5835818
	Aggregate  (cost=3977.59..3977.60 rows=1 width=8)
	  ->  Bitmap Heap Scan on sbtest4  (cost=30.96..3975.02 rows=1027 width=4)
	        Recheck Cond: ((id >= 5834819) AND (id <= 5835818))
	        ->  Bitmap Index Scan on sbtest4_pkey  (cost=0.00..30.70 rows=1027 width=0)
	              Index Cond: ((id >= 5834819) AND (id <= 5835818))

table 5 : explain SELECT SUM(k) FROM sbtest5 WHERE id BETWEEN 4172549 AND 4173548
	Aggregate  (cost=4163.81..4163.82 rows=1 width=8)
	  ->  Bitmap Heap Scan on sbtest5  (cost=31.45..4161.12 rows=1075 width=4)
	        Recheck Cond: ((id >= 4172549) AND (id <= 4173548))
	        ->  Bitmap Index Scan on sbtest5_pkey  (cost=0.00..31.18 rows=1075 width=0)
	              Index Cond: ((id >= 4172549) AND (id <= 4173548))

table 6 : explain SELECT SUM(k) FROM sbtest6 WHERE id BETWEEN 4430655 AND 4431654
	Aggregate  (cost=4205.87..4205.88 rows=1 width=8)
	  ->  Bitmap Heap Scan on sbtest6  (cost=31.58..4203.15 rows=1087 width=4)
	        Recheck Cond: ((id >= 4430655) AND (id <= 4431654))
	        ->  Bitmap Index Scan on sbtest6_pkey  (cost=0.00..31.30 rows=1087 width=0)
	              Index Cond: ((id >= 4430655) AND (id <= 4431654))

table 7 : explain SELECT SUM(k) FROM sbtest7 WHERE id BETWEEN 1530655 AND 1531654
	Aggregate  (cost=3429.40..3429.41 rows=1 width=8)
	  ->  Bitmap Heap Scan on sbtest7  (cost=25.48..3427.20 rows=882 width=4)
	        Recheck Cond: ((id >= 1530655) AND (id <= 1531654))
	        ->  Bitmap Index Scan on sbtest7_pkey  (cost=0.00..25.25 rows=882 width=0)
	              Index Cond: ((id >= 1530655) AND (id <= 1531654))

table 8 : explain SELECT SUM(k) FROM sbtest8 WHERE id BETWEEN 5555507 AND 5556506
	Aggregate  (cost=4176.14..4176.15 rows=1 width=8)
	  ->  Bitmap Heap Scan on sbtest8  (cost=31.49..4173.44 rows=1079 width=4)
	        Recheck Cond: ((id >= 5555507) AND (id <= 5556506))
	        ->  Bitmap Index Scan on sbtest8_pkey  (cost=0.00..31.22 rows=1079 width=0)
	              Index Cond: ((id >= 5555507) AND (id <= 5556506))

for: order_ranges
table 1 : explain SELECT c FROM sbtest1 WHERE id BETWEEN 4074660 AND 4075659 ORDER BY c
	Sort  (cost=3829.23..3831.67 rows=976 width=121)
	  Sort Key: c
	  ->  Bitmap Heap Scan on sbtest1  (cost=30.44..3780.77 rows=976 width=121)
	        Recheck Cond: ((id >= 4074660) AND (id <= 4075659))
	        ->  Bitmap Index Scan on sbtest1_pkey  (cost=0.00..30.19 rows=976 width=0)
	              Index Cond: ((id >= 4074660) AND (id <= 4075659))

table 2 : explain SELECT c FROM sbtest2 WHERE id BETWEEN 8662461 AND 8663460 ORDER BY c
	Sort  (cost=4220.81..4223.51 rows=1078 width=121)
	  Sort Key: c
	  ->  Bitmap Heap Scan on sbtest2  (cost=31.48..4166.51 rows=1078 width=121)
	        Recheck Cond: ((id >= 8662461) AND (id <= 8663460))
	        ->  Bitmap Index Scan on sbtest2_pkey  (cost=0.00..31.21 rows=1078 width=0)
	              Index Cond: ((id >= 8662461) AND (id <= 8663460))

table 3 : explain SELECT c FROM sbtest3 WHERE id BETWEEN 1194891 AND 1195890 ORDER BY c
	Sort  (cost=4045.58..4048.16 rows=1032 width=121)
	  Sort Key: c
	  ->  Bitmap Heap Scan on sbtest3  (cost=31.01..3993.93 rows=1032 width=121)
	        Recheck Cond: ((id >= 1194891) AND (id <= 1195890))
	        ->  Bitmap Index Scan on sbtest3_pkey  (cost=0.00..30.75 rows=1032 width=0)
	              Index Cond: ((id >= 1194891) AND (id <= 1195890))

table 4 : explain SELECT c FROM sbtest4 WHERE id BETWEEN 6301132 AND 6302131 ORDER BY c
	Sort  (cost=3961.33..3963.86 rows=1010 width=121)
	  Sort Key: c
	  ->  Bitmap Heap Scan on sbtest4  (cost=30.79..3910.93 rows=1010 width=121)
	        Recheck Cond: ((id >= 6301132) AND (id <= 6302131))
	        ->  Bitmap Index Scan on sbtest4_pkey  (cost=0.00..30.54 rows=1010 width=0)
	              Index Cond: ((id >= 6301132) AND (id <= 6302131))

table 5 : explain SELECT c FROM sbtest5 WHERE id BETWEEN 2139599 AND 2140598 ORDER BY c
	Sort  (cost=4448.73..4451.57 rows=1135 width=121)
	  Sort Key: c
	  ->  Bitmap Heap Scan on sbtest5  (cost=36.07..4391.14 rows=1135 width=121)
	        Recheck Cond: ((id >= 2139599) AND (id <= 2140598))
	        ->  Bitmap Index Scan on sbtest5_pkey  (cost=0.00..35.79 rows=1135 width=0)
	              Index Cond: ((id >= 2139599) AND (id <= 2140598))

table 6 : explain SELECT c FROM sbtest6 WHERE id BETWEEN 1208650 AND 1209649 ORDER BY c
	Sort  (cost=4070.54..4073.14 rows=1038 width=121)
	  Sort Key: c
	  ->  Bitmap Heap Scan on sbtest6  (cost=31.07..4018.54 rows=1038 width=121)
	        Recheck Cond: ((id >= 1208650) AND (id <= 1209649))
	        ->  Bitmap Index Scan on sbtest6_pkey  (cost=0.00..30.82 rows=1038 width=0)
	              Index Cond: ((id >= 1208650) AND (id <= 1209649))

table 7 : explain SELECT c FROM sbtest7 WHERE id BETWEEN 1462202 AND 1463201 ORDER BY c
	Sort  (cost=3470.35..3472.55 rows=882 width=121)
	  Sort Key: c
	  ->  Bitmap Heap Scan on sbtest7  (cost=25.48..3427.20 rows=882 width=121)
	        Recheck Cond: ((id >= 1462202) AND (id <= 1463201))
	        ->  Bitmap Index Scan on sbtest7_pkey  (cost=0.00..25.25 rows=882 width=0)
	              Index Cond: ((id >= 1462202) AND (id <= 1463201))

table 8 : explain SELECT c FROM sbtest8 WHERE id BETWEEN 7480643 AND 7481642 ORDER BY c
	Sort  (cost=3948.36..3950.88 rows=1006 width=121)
	  Sort Key: c
	  ->  Bitmap Heap Scan on sbtest8  (cost=30.75..3898.19 rows=1006 width=121)
	        Recheck Cond: ((id >= 7480643) AND (id <= 7481642))
	        ->  Bitmap Index Scan on sbtest8_pkey  (cost=0.00..30.50 rows=1006 width=0)
	              Index Cond: ((id >= 7480643) AND (id <= 7481642))

for: order_ranges
table 1 : explain SELECT c FROM sbtest1 WHERE id BETWEEN 2110068 AND 2111067 ORDER BY c
	Sort  (cost=4108.45..4111.07 rows=1049 width=121)
	  Sort Key: c
	  ->  Bitmap Heap Scan on sbtest1  (cost=31.19..4055.82 rows=1049 width=121)
	        Recheck Cond: ((id >= 2110068) AND (id <= 2111067))
	        ->  Bitmap Index Scan on sbtest1_pkey  (cost=0.00..30.93 rows=1049 width=0)
	              Index Cond: ((id >= 2110068) AND (id <= 2111067))

table 2 : explain SELECT c FROM sbtest2 WHERE id BETWEEN 816209 AND 817208 ORDER BY c
	Sort  (cost=3723.29..3725.66 rows=948 width=121)
	  Sort Key: c
	  ->  Bitmap Heap Scan on sbtest2  (cost=30.15..3676.42 rows=948 width=121)
	        Recheck Cond: ((id >= 816209) AND (id <= 817208))
	        ->  Bitmap Index Scan on sbtest2_pkey  (cost=0.00..29.91 rows=948 width=0)
	              Index Cond: ((id >= 816209) AND (id <= 817208))

table 3 : explain SELECT c FROM sbtest3 WHERE id BETWEEN 6503608 AND 6504607 ORDER BY c
	Sort  (cost=3911.61..3914.11 rows=997 width=121)
	  Sort Key: c
	  ->  Bitmap Heap Scan on sbtest3  (cost=30.65..3861.96 rows=997 width=121)
	        Recheck Cond: ((id >= 6503608) AND (id <= 6504607))
	        ->  Bitmap Index Scan on sbtest3_pkey  (cost=0.00..30.40 rows=997 width=0)
	              Index Cond: ((id >= 6503608) AND (id <= 6504607))

table 4 : explain SELECT c FROM sbtest4 WHERE id BETWEEN 7028226 AND 7029225 ORDER BY c
	Sort  (cost=3857.93..3860.39 rows=983 width=121)
	  Sort Key: c
	  ->  Bitmap Heap Scan on sbtest4  (cost=30.51..3809.07 rows=983 width=121)
	        Recheck Cond: ((id >= 7028226) AND (id <= 7029225))
	        ->  Bitmap Index Scan on sbtest4_pkey  (cost=0.00..30.26 rows=983 width=0)
	              Index Cond: ((id >= 7028226) AND (id <= 7029225))

table 5 : explain SELECT c FROM sbtest5 WHERE id BETWEEN 7974014 AND 7975013 ORDER BY c
	Sort  (cost=4085.03..4087.64 rows=1041 width=121)
	  Sort Key: c
	  ->  Bitmap Heap Scan on sbtest5  (cost=31.11..4032.86 rows=1041 width=121)
	        Recheck Cond: ((id >= 7974014) AND (id <= 7975013))
	        ->  Bitmap Index Scan on sbtest5_pkey  (cost=0.00..30.84 rows=1041 width=0)
	              Index Cond: ((id >= 7974014) AND (id <= 7975013))

table 6 : explain SELECT c FROM sbtest6 WHERE id BETWEEN 9532827 AND 9533826 ORDER BY c
	Sort  (cost=3955.65..3958.17 rows=1008 width=121)
	  Sort Key: c
	  ->  Bitmap Heap Scan on sbtest6  (cost=30.77..3905.37 rows=1008 width=121)
	        Recheck Cond: ((id >= 9532827) AND (id <= 9533826))
	        ->  Bitmap Index Scan on sbtest6_pkey  (cost=0.00..30.51 rows=1008 width=0)
	              Index Cond: ((id >= 9532827) AND (id <= 9533826))

table 7 : explain SELECT c FROM sbtest7 WHERE id BETWEEN 6799991 AND 6800990 ORDER BY c
	Sort  (cost=3851.13..3853.58 rows=980 width=121)
	  Sort Key: c
	  ->  Bitmap Heap Scan on sbtest7  (cost=30.48..3802.44 rows=980 width=121)
	        Recheck Cond: ((id >= 6799991) AND (id <= 6800990))
	        ->  Bitmap Index Scan on sbtest7_pkey  (cost=0.00..30.23 rows=980 width=0)
	              Index Cond: ((id >= 6799991) AND (id <= 6800990))

table 8 : explain SELECT c FROM sbtest8 WHERE id BETWEEN 1719707 AND 1720706 ORDER BY c
	Sort  (cost=4113.04..4115.66 rows=1049 width=121)
	  Sort Key: c
	  ->  Bitmap Heap Scan on sbtest8  (cost=31.19..4060.40 rows=1049 width=121)
	        Recheck Cond: ((id >= 1719707) AND (id <= 1720706))
	        ->  Bitmap Index Scan on sbtest8_pkey  (cost=0.00..30.93 rows=1049 width=0)
	              Index Cond: ((id >= 1719707) AND (id <= 1720706))

for point_selects
table 1 : explain SELECT c FROM sbtest1 WHERE id=9851052
	Index Scan using sbtest1_pkey on sbtest1  (cost=0.43..8.45 rows=1 width=121)
	  Index Cond: (id = 9851052)

table 2 : explain SELECT c FROM sbtest2 WHERE id=54286
	Index Scan using sbtest2_pkey on sbtest2  (cost=0.43..8.45 rows=1 width=121)
	  Index Cond: (id = 54286)

table 3 : explain SELECT c FROM sbtest3 WHERE id=3769013
	Index Scan using sbtest3_pkey on sbtest3  (cost=0.43..8.45 rows=1 width=121)
	  Index Cond: (id = 3769013)

table 4 : explain SELECT c FROM sbtest4 WHERE id=1007107
	Index Scan using sbtest4_pkey on sbtest4  (cost=0.43..8.45 rows=1 width=121)
	  Index Cond: (id = 1007107)

table 5 : explain SELECT c FROM sbtest5 WHERE id=1879933
	Index Scan using sbtest5_pkey on sbtest5  (cost=0.43..8.45 rows=1 width=121)
	  Index Cond: (id = 1879933)

table 6 : explain SELECT c FROM sbtest6 WHERE id=1311697
	Index Scan using sbtest6_pkey on sbtest6  (cost=0.43..8.45 rows=1 width=121)
	  Index Cond: (id = 1311697)

table 7 : explain SELECT c FROM sbtest7 WHERE id=9987446
	Index Scan using sbtest7_pkey on sbtest7  (cost=0.43..8.45 rows=1 width=121)
	  Index Cond: (id = 9987446)

table 8 : explain SELECT c FROM sbtest8 WHERE id=2773744
	Index Scan using sbtest8_pkey on sbtest8  (cost=0.43..8.45 rows=1 width=121)
	  Index Cond: (id = 2773744)

for: distinct_ranges
table 1 : explain SELECT DISTINCT c FROM sbtest1 WHERE id BETWEEN 104767 AND 105766 ORDER BY c
	Unique  (cost=3898.14..3903.11 rows=994 width=121)
	  ->  Sort  (cost=3898.14..3900.63 rows=994 width=121)
	        Sort Key: c
	        ->  Bitmap Heap Scan on sbtest1  (cost=30.62..3848.65 rows=994 width=121)
	              Recheck Cond: ((id >= 104767) AND (id <= 105766))
	              ->  Bitmap Index Scan on sbtest1_pkey  (cost=0.00..30.37 rows=994 width=0)
	                    Index Cond: ((id >= 104767) AND (id <= 105766))

table 2 : explain SELECT DISTINCT c FROM sbtest2 WHERE id BETWEEN 1880971 AND 1881970 ORDER BY c
	Unique  (cost=3999.09..4004.19 rows=1020 width=121)
	  ->  Sort  (cost=3999.09..4001.64 rows=1020 width=121)
	        Sort Key: c
	        ->  Bitmap Heap Scan on sbtest2  (cost=30.89..3948.12 rows=1020 width=121)
	              Recheck Cond: ((id >= 1880971) AND (id <= 1881970))
	              ->  Bitmap Index Scan on sbtest2_pkey  (cost=0.00..30.64 rows=1020 width=0)
	                    Index Cond: ((id >= 1880971) AND (id <= 1881970))

table 3 : explain SELECT DISTINCT c FROM sbtest3 WHERE id BETWEEN 9972828 AND 9973827 ORDER BY c
	Unique  (cost=3846.49..3851.39 rows=980 width=121)
	  ->  Sort  (cost=3846.49..3848.94 rows=980 width=121)
	        Sort Key: c
	        ->  Bitmap Heap Scan on sbtest3  (cost=30.48..3797.80 rows=980 width=121)
	              Recheck Cond: ((id >= 9972828) AND (id <= 9973827))
	              ->  Bitmap Index Scan on sbtest3_pkey  (cost=0.00..30.23 rows=980 width=0)
	                    Index Cond: ((id >= 9972828) AND (id <= 9973827))

table 4 : explain SELECT DISTINCT c FROM sbtest4 WHERE id BETWEEN 4628774 AND 4629773 ORDER BY c
	Unique  (cost=3857.93..3862.84 rows=983 width=121)
	  ->  Sort  (cost=3857.93..3860.39 rows=983 width=121)
	        Sort Key: c
	        ->  Bitmap Heap Scan on sbtest4  (cost=30.51..3809.07 rows=983 width=121)
	              Recheck Cond: ((id >= 4628774) AND (id <= 4629773))
	              ->  Bitmap Index Scan on sbtest4_pkey  (cost=0.00..30.26 rows=983 width=0)
	                    Index Cond: ((id >= 4628774) AND (id <= 4629773))

table 5 : explain SELECT DISTINCT c FROM sbtest5 WHERE id BETWEEN 4012624 AND 4013623 ORDER BY c
	Unique  (cost=3847.24..3852.14 rows=979 width=121)
	  ->  Sort  (cost=3847.24..3849.69 rows=979 width=121)
	        Sort Key: c
	        ->  Bitmap Heap Scan on sbtest5  (cost=30.47..3798.61 rows=979 width=121)
	              Recheck Cond: ((id >= 4012624) AND (id <= 4013623))
	              ->  Bitmap Index Scan on sbtest5_pkey  (cost=0.00..30.22 rows=979 width=0)
	                    Index Cond: ((id >= 4012624) AND (id <= 4013623))

table 6 : explain SELECT DISTINCT c FROM sbtest6 WHERE id BETWEEN 6550671 AND 6551670 ORDER BY c
	Unique  (cost=3913.50..3918.49 rows=997 width=121)
	  ->  Sort  (cost=3913.50..3915.99 rows=997 width=121)
	        Sort Key: c
	        ->  Bitmap Heap Scan on sbtest6  (cost=30.65..3863.84 rows=997 width=121)
	              Recheck Cond: ((id >= 6550671) AND (id <= 6551670))
	              ->  Bitmap Index Scan on sbtest6_pkey  (cost=0.00..30.40 rows=997 width=0)
	                    Index Cond: ((id >= 6550671) AND (id <= 6551670))

table 7 : explain SELECT DISTINCT c FROM sbtest7 WHERE id BETWEEN 8877006 AND 8878005 ORDER BY c
	Unique  (cost=4000.76..4005.86 rows=1019 width=121)
	  ->  Sort  (cost=4000.76..4003.31 rows=1019 width=121)
	        Sort Key: c
	        ->  Bitmap Heap Scan on sbtest7  (cost=30.88..3949.85 rows=1019 width=121)
	              Recheck Cond: ((id >= 8877006) AND (id <= 8878005))
	              ->  Bitmap Index Scan on sbtest7_pkey  (cost=0.00..30.62 rows=1019 width=0)
	                    Index Cond: ((id >= 8877006) AND (id <= 8878005))

table 8 : explain SELECT DISTINCT c FROM sbtest8 WHERE id BETWEEN 1839627 AND 1840626 ORDER BY c
	Unique  (cost=4193.38..4198.73 rows=1070 width=121)
	  ->  Sort  (cost=4193.38..4196.05 rows=1070 width=121)
	        Sort Key: c
	        ->  Bitmap Heap Scan on sbtest8  (cost=31.40..4139.54 rows=1070 width=121)
	              Recheck Cond: ((id >= 1839627) AND (id <= 1840626))
	              ->  Bitmap Index Scan on sbtest8_pkey  (cost=0.00..31.14 rows=1070 width=0)
	                    Index Cond: ((id >= 1839627) AND (id <= 1840626))

for: order_ranges
table 1 : explain SELECT c FROM sbtest1 WHERE id BETWEEN 8112542 AND 8113541 ORDER BY c
	Sort  (cost=4417.62..4420.45 rows=1131 width=121)
	  Sort Key: c
	  ->  Bitmap Heap Scan on sbtest1  (cost=32.03..4360.26 rows=1131 width=121)
	        Recheck Cond: ((id >= 8112542) AND (id <= 8113541))
	        ->  Bitmap Index Scan on sbtest1_pkey  (cost=0.00..31.75 rows=1131 width=0)
	              Index Cond: ((id >= 8112542) AND (id <= 8113541))

table 2 : explain SELECT c FROM sbtest2 WHERE id BETWEEN 9796377 AND 9797376 ORDER BY c
	Sort  (cost=3776.97..3779.38 rows=962 width=121)
	  Sort Key: c
	  ->  Bitmap Heap Scan on sbtest2  (cost=30.30..3729.30 rows=962 width=121)
	        Recheck Cond: ((id >= 9796377) AND (id <= 9797376))
	        ->  Bitmap Index Scan on sbtest2_pkey  (cost=0.00..30.05 rows=962 width=0)
	              Index Cond: ((id >= 9796377) AND (id <= 9797376))

table 3 : explain SELECT c FROM sbtest3 WHERE id BETWEEN 2869553 AND 2870552 ORDER BY c
	Sort  (cost=3750.66..3753.05 rows=955 width=121)
	  Sort Key: c
	  ->  Bitmap Heap Scan on sbtest3  (cost=30.22..3703.39 rows=955 width=121)
	        Recheck Cond: ((id >= 2869553) AND (id <= 2870552))
	        ->  Bitmap Index Scan on sbtest3_pkey  (cost=0.00..29.98 rows=955 width=0)
	              Index Cond: ((id >= 2869553) AND (id <= 2870552))

table 4 : explain SELECT c FROM sbtest4 WHERE id BETWEEN 3825051 AND 3826050 ORDER BY c
	Sort  (cost=3850.27..3852.72 rows=981 width=121)
	  Sort Key: c
	  ->  Bitmap Heap Scan on sbtest4  (cost=30.49..3801.52 rows=981 width=121)
	        Recheck Cond: ((id >= 3825051) AND (id <= 3826050))
	        ->  Bitmap Index Scan on sbtest4_pkey  (cost=0.00..30.25 rows=981 width=0)
	              Index Cond: ((id >= 3825051) AND (id <= 3826050))

table 5 : explain SELECT c FROM sbtest5 WHERE id BETWEEN 4599234 AND 4600233 ORDER BY c
	Sort  (cost=3808.85..3811.27 rows=969 width=121)
	  Sort Key: c
	  ->  Bitmap Heap Scan on sbtest5  (cost=30.37..3760.78 rows=969 width=121)
	        Recheck Cond: ((id >= 4599234) AND (id <= 4600233))
	        ->  Bitmap Index Scan on sbtest5_pkey  (cost=0.00..30.12 rows=969 width=0)
	              Index Cond: ((id >= 4599234) AND (id <= 4600233))

table 6 : explain SELECT c FROM sbtest6 WHERE id BETWEEN 6044138 AND 6045137 ORDER BY c
	Sort  (cost=3867.50..3869.96 rows=985 width=121)
	  Sort Key: c
	  ->  Bitmap Heap Scan on sbtest6  (cost=30.53..3818.53 rows=985 width=121)
	        Recheck Cond: ((id >= 6044138) AND (id <= 6045137))
	        ->  Bitmap Index Scan on sbtest6_pkey  (cost=0.00..30.29 rows=985 width=0)
	              Index Cond: ((id >= 6044138) AND (id <= 6045137))

table 7 : explain SELECT c FROM sbtest7 WHERE id BETWEEN 9073669 AND 9074668 ORDER BY c
	Sort  (cost=4023.77..4026.33 rows=1025 width=121)
	  Sort Key: c
	  ->  Bitmap Heap Scan on sbtest7  (cost=30.94..3972.51 rows=1025 width=121)
	        Recheck Cond: ((id >= 9073669) AND (id <= 9074668))
	        ->  Bitmap Index Scan on sbtest7_pkey  (cost=0.00..30.68 rows=1025 width=0)
	              Index Cond: ((id >= 9073669) AND (id <= 9074668))

table 8 : explain SELECT c FROM sbtest8 WHERE id BETWEEN 2909578 AND 2910577 ORDER BY c
	Sort  (cost=4273.67..4276.40 rows=1091 width=121)
	  Sort Key: c
	  ->  Bitmap Heap Scan on sbtest8  (cost=31.62..4218.62 rows=1091 width=121)
	        Recheck Cond: ((id >= 2909578) AND (id <= 2910577))
	        ->  Bitmap Index Scan on sbtest8_pkey  (cost=0.00..31.34 rows=1091 width=0)
	              Index Cond: ((id >= 2909578) AND (id <= 2910577))

for: distinct_ranges
table 1 : explain SELECT DISTINCT c FROM sbtest1 WHERE id BETWEEN 5796508 AND 5797507 ORDER BY c
	Unique  (cost=3894.31..3899.28 rows=993 width=121)
	  ->  Sort  (cost=3894.31..3896.80 rows=993 width=121)
	        Sort Key: c
	        ->  Bitmap Heap Scan on sbtest1  (cost=30.61..3844.88 rows=993 width=121)
	              Recheck Cond: ((id >= 5796508) AND (id <= 5797507))
	              ->  Bitmap Index Scan on sbtest1_pkey  (cost=0.00..30.36 rows=993 width=0)
	                    Index Cond: ((id >= 5796508) AND (id <= 5797507))

table 2 : explain SELECT DISTINCT c FROM sbtest2 WHERE id BETWEEN 8565367 AND 8566366 ORDER BY c
	Unique  (cost=4247.55..4252.97 rows=1085 width=121)
	  ->  Sort  (cost=4247.55..4250.26 rows=1085 width=121)
	        Sort Key: c
	        ->  Bitmap Heap Scan on sbtest2  (cost=31.56..4192.84 rows=1085 width=121)
	              Recheck Cond: ((id >= 8565367) AND (id <= 8566366))
	              ->  Bitmap Index Scan on sbtest2_pkey  (cost=0.00..31.29 rows=1085 width=0)
	                    Index Cond: ((id >= 8565367) AND (id <= 8566366))

table 3 : explain SELECT DISTINCT c FROM sbtest3 WHERE id BETWEEN 9515877 AND 9516876 ORDER BY c
	Unique  (cost=4179.41..4184.75 rows=1067 width=121)
	  ->  Sort  (cost=4179.41..4182.08 rows=1067 width=121)
	        Sort Key: c
	        ->  Bitmap Heap Scan on sbtest3  (cost=31.37..4125.74 rows=1067 width=121)
	              Recheck Cond: ((id >= 9515877) AND (id <= 9516876))
	              ->  Bitmap Index Scan on sbtest3_pkey  (cost=0.00..31.11 rows=1067 width=0)
	                    Index Cond: ((id >= 9515877) AND (id <= 9516876))

table 4 : explain SELECT DISTINCT c FROM sbtest4 WHERE id BETWEEN 953014 AND 954013 ORDER BY c
	Unique  (cost=3769.77..3774.57 rows=960 width=121)
	  ->  Sort  (cost=3769.77..3772.17 rows=960 width=121)
	        Sort Key: c
	        ->  Bitmap Heap Scan on sbtest4  (cost=30.27..3722.22 rows=960 width=121)
	              Recheck Cond: ((id >= 953014) AND (id <= 954013))
	              ->  Bitmap Index Scan on sbtest4_pkey  (cost=0.00..30.04 rows=960 width=0)
	                    Index Cond: ((id >= 953014) AND (id <= 954013))

table 5 : explain SELECT DISTINCT c FROM sbtest5 WHERE id BETWEEN 1194341 AND 1195340 ORDER BY c
	Unique  (cost=4410.51..4416.14 rows=1125 width=121)
	  ->  Sort  (cost=4410.51..4413.32 rows=1125 width=121)
	        Sort Key: c
	        ->  Bitmap Heap Scan on sbtest5  (cost=35.97..4353.50 rows=1125 width=121)
	              Recheck Cond: ((id >= 1194341) AND (id <= 1195340))
	              ->  Bitmap Index Scan on sbtest5_pkey  (cost=0.00..35.69 rows=1125 width=0)
	                    Index Cond: ((id >= 1194341) AND (id <= 1195340))

table 6 : explain SELECT DISTINCT c FROM sbtest6 WHERE id BETWEEN 684740 AND 685739 ORDER BY c
	Unique  (cost=3691.01..3695.70 rows=939 width=121)
	  ->  Sort  (cost=3691.01..3693.36 rows=939 width=121)
	        Sort Key: c
	        ->  Bitmap Heap Scan on sbtest6  (cost=30.06..3644.65 rows=939 width=121)
	              Recheck Cond: ((id >= 684740) AND (id <= 685739))
	              ->  Bitmap Index Scan on sbtest6_pkey  (cost=0.00..29.82 rows=939 width=0)
	                    Index Cond: ((id >= 684740) AND (id <= 685739))

table 7 : explain SELECT DISTINCT c FROM sbtest7 WHERE id BETWEEN 1103948 AND 1104947 ORDER BY c
	Unique  (cost=3470.35..3474.76 rows=882 width=121)
	  ->  Sort  (cost=3470.35..3472.55 rows=882 width=121)
	        Sort Key: c
	        ->  Bitmap Heap Scan on sbtest7  (cost=25.48..3427.20 rows=882 width=121)
	              Recheck Cond: ((id >= 1103948) AND (id <= 1104947))
	              ->  Bitmap Index Scan on sbtest7_pkey  (cost=0.00..25.25 rows=882 width=0)
	                    Index Cond: ((id >= 1103948) AND (id <= 1104947))

table 8 : explain SELECT DISTINCT c FROM sbtest8 WHERE id BETWEEN 3563780 AND 3564779 ORDER BY c
	Unique  (cost=3829.51..3834.38 rows=975 width=121)
	  ->  Sort  (cost=3829.51..3831.95 rows=975 width=121)
	        Sort Key: c
	        ->  Bitmap Heap Scan on sbtest8  (cost=30.43..3781.10 rows=975 width=121)
	              Recheck Cond: ((id >= 3563780) AND (id <= 3564779))
	              ->  Bitmap Index Scan on sbtest8_pkey  (cost=0.00..30.18 rows=975 width=0)
	                    Index Cond: ((id >= 3563780) AND (id <= 3564779))

for: distinct_ranges
table 1 : explain SELECT DISTINCT c FROM sbtest1 WHERE id BETWEEN 9383631 AND 9384630 ORDER BY c
	Unique  (cost=3760.28..3765.07 rows=958 width=121)
	  ->  Sort  (cost=3760.28..3762.68 rows=958 width=121)
	        Sort Key: c
	        ->  Bitmap Heap Scan on sbtest1  (cost=30.25..3712.84 rows=958 width=121)
	              Recheck Cond: ((id >= 9383631) AND (id <= 9384630))
	              ->  Bitmap Index Scan on sbtest1_pkey  (cost=0.00..30.01 rows=958 width=0)
	                    Index Cond: ((id >= 9383631) AND (id <= 9384630))

table 2 : explain SELECT DISTINCT c FROM sbtest2 WHERE id BETWEEN 3368473 AND 3369472 ORDER BY c
	Unique  (cost=3914.89..3919.88 rows=998 width=121)
	  ->  Sort  (cost=3914.89..3917.38 rows=998 width=121)
	        Sort Key: c
	        ->  Bitmap Heap Scan on sbtest2  (cost=30.66..3865.17 rows=998 width=121)
	              Recheck Cond: ((id >= 3368473) AND (id <= 3369472))
	              ->  Bitmap Index Scan on sbtest2_pkey  (cost=0.00..30.41 rows=998 width=0)
	                    Index Cond: ((id >= 3368473) AND (id <= 3369472))

table 3 : explain SELECT DISTINCT c FROM sbtest3 WHERE id BETWEEN 9406204 AND 9407203 ORDER BY c
	Unique  (cost=3999.67..4004.77 rows=1020 width=121)
	  ->  Sort  (cost=3999.67..4002.22 rows=1020 width=121)
	        Sort Key: c
	        ->  Bitmap Heap Scan on sbtest3  (cost=30.89..3948.70 rows=1020 width=121)
	              Recheck Cond: ((id >= 9406204) AND (id <= 9407203))
	              ->  Bitmap Index Scan on sbtest3_pkey  (cost=0.00..30.64 rows=1020 width=0)
	                    Index Cond: ((id >= 9406204) AND (id <= 9407203))

table 4 : explain SELECT DISTINCT c FROM sbtest4 WHERE id BETWEEN 9273888 AND 9274887 ORDER BY c
	Unique  (cost=3662.21..3666.87 rows=933 width=121)
	  ->  Sort  (cost=3662.21..3664.54 rows=933 width=121)
	        Sort Key: c
	        ->  Bitmap Heap Scan on sbtest4  (cost=26.00..3616.18 rows=933 width=121)
	              Recheck Cond: ((id >= 9273888) AND (id <= 9274887))
	              ->  Bitmap Index Scan on sbtest4_pkey  (cost=0.00..25.76 rows=933 width=0)
	                    Index Cond: ((id >= 9273888) AND (id <= 9274887))

table 5 : explain SELECT DISTINCT c FROM sbtest5 WHERE id BETWEEN 3260201 AND 3261200 ORDER BY c
	Unique  (cost=3743.55..3748.31 rows=952 width=121)
	  ->  Sort  (cost=3743.55..3745.93 rows=952 width=121)
	        Sort Key: c
	        ->  Bitmap Heap Scan on sbtest5  (cost=30.19..3696.45 rows=952 width=121)
	              Recheck Cond: ((id >= 3260201) AND (id <= 3261200))
	              ->  Bitmap Index Scan on sbtest5_pkey  (cost=0.00..29.95 rows=952 width=0)
	                    Index Cond: ((id >= 3260201) AND (id <= 3261200))

table 6 : explain SELECT DISTINCT c FROM sbtest6 WHERE id BETWEEN 8974937 AND 8975936 ORDER BY c
	Unique  (cost=4384.04..4389.64 rows=1120 width=121)
	  ->  Sort  (cost=4384.04..4386.84 rows=1120 width=121)
	        Sort Key: c
	        ->  Bitmap Heap Scan on sbtest6  (cost=31.92..4327.31 rows=1120 width=121)
	              Recheck Cond: ((id >= 8974937) AND (id <= 8975936))
	              ->  Bitmap Index Scan on sbtest6_pkey  (cost=0.00..31.64 rows=1120 width=0)
	                    Index Cond: ((id >= 8974937) AND (id <= 8975936))

table 7 : explain SELECT DISTINCT c FROM sbtest7 WHERE id BETWEEN 4523976 AND 4524975 ORDER BY c
	Unique  (cost=4337.76..4343.29 rows=1107 width=121)
	  ->  Sort  (cost=4337.76..4340.52 rows=1107 width=121)
	        Sort Key: c
	        ->  Bitmap Heap Scan on sbtest7  (cost=31.78..4281.78 rows=1107 width=121)
	              Recheck Cond: ((id >= 4523976) AND (id <= 4524975))
	              ->  Bitmap Index Scan on sbtest7_pkey  (cost=0.00..31.50 rows=1107 width=0)
	                    Index Cond: ((id >= 4523976) AND (id <= 4524975))

table 8 : explain SELECT DISTINCT c FROM sbtest8 WHERE id BETWEEN 4314220 AND 4315219 ORDER BY c
	Unique  (cost=3741.26..3746.02 rows=952 width=121)
	  ->  Sort  (cost=3741.26..3743.64 rows=952 width=121)
	        Sort Key: c
	        ->  Bitmap Heap Scan on sbtest8  (cost=30.19..3694.16 rows=952 width=121)
	              Recheck Cond: ((id >= 4314220) AND (id <= 4315219))
	              ->  Bitmap Index Scan on sbtest8_pkey  (cost=0.00..29.95 rows=952 width=0)
	                    Index Cond: ((id >= 4314220) AND (id <= 4315219))

for: simple_ranges
table 1 : explain SELECT c FROM sbtest1 WHERE id BETWEEN 1008323 AND 1009322
	Bitmap Heap Scan on sbtest1  (cost=31.43..4146.10 rows=1073 width=121)
	  Recheck Cond: ((id >= 1008323) AND (id <= 1009322))
	  ->  Bitmap Index Scan on sbtest1_pkey  (cost=0.00..31.16 rows=1073 width=0)
	        Index Cond: ((id >= 1008323) AND (id <= 1009322))

table 2 : explain SELECT c FROM sbtest2 WHERE id BETWEEN 4159363 AND 4160362
	Bitmap Heap Scan on sbtest2  (cost=30.03..3631.07 rows=936 width=121)
	  Recheck Cond: ((id >= 4159363) AND (id <= 4160362))
	  ->  Bitmap Index Scan on sbtest2_pkey  (cost=0.00..29.79 rows=936 width=0)
	        Index Cond: ((id >= 4159363) AND (id <= 4160362))

table 3 : explain SELECT c FROM sbtest3 WHERE id BETWEEN 99283 AND 100282
	Bitmap Heap Scan on sbtest3  (cost=32.14..4403.98 rows=1142 width=121)
	  Recheck Cond: ((id >= 99283) AND (id <= 100282))
	  ->  Bitmap Index Scan on sbtest3_pkey  (cost=0.00..31.86 rows=1142 width=0)
	        Index Cond: ((id >= 99283) AND (id <= 100282))

table 4 : explain SELECT c FROM sbtest4 WHERE id BETWEEN 2230386 AND 2231385
	Bitmap Heap Scan on sbtest4  (cost=26.10..3653.99 rows=943 width=121)
	  Recheck Cond: ((id >= 2230386) AND (id <= 2231385))
	  ->  Bitmap Index Scan on sbtest4_pkey  (cost=0.00..25.86 rows=943 width=0)
	        Index Cond: ((id >= 2230386) AND (id <= 2231385))

table 5 : explain SELECT c FROM sbtest5 WHERE id BETWEEN 4078256 AND 4079255
	Bitmap Heap Scan on sbtest5  (cost=30.47..3798.61 rows=979 width=121)
	  Recheck Cond: ((id >= 4078256) AND (id <= 4079255))
	  ->  Bitmap Index Scan on sbtest5_pkey  (cost=0.00..30.22 rows=979 width=0)
	        Index Cond: ((id >= 4078256) AND (id <= 4079255))

table 6 : explain SELECT c FROM sbtest6 WHERE id BETWEEN 9603831 AND 9604830
	Bitmap Heap Scan on sbtest6  (cost=30.56..3829.86 rows=988 width=121)
	  Recheck Cond: ((id >= 9603831) AND (id <= 9604830))
	  ->  Bitmap Index Scan on sbtest6_pkey  (cost=0.00..30.32 rows=988 width=0)
	        Index Cond: ((id >= 9603831) AND (id <= 9604830))

table 7 : explain SELECT c FROM sbtest7 WHERE id BETWEEN 3315287 AND 3316286
	Bitmap Heap Scan on sbtest7  (cost=31.08..4025.37 rows=1039 width=121)
	  Recheck Cond: ((id >= 3315287) AND (id <= 3316286))
	  ->  Bitmap Index Scan on sbtest7_pkey  (cost=0.00..30.82 rows=1039 width=0)
	        Index Cond: ((id >= 3315287) AND (id <= 3316286))

table 8 : explain SELECT c FROM sbtest8 WHERE id BETWEEN 4049317 AND 4050316
	Bitmap Heap Scan on sbtest8  (cost=30.34..3747.09 rows=966 width=121)
	  Recheck Cond: ((id >= 4049317) AND (id <= 4050316))
	  ->  Bitmap Index Scan on sbtest8_pkey  (cost=0.00..30.09 rows=966 width=0)
	        Index Cond: ((id >= 4049317) AND (id <= 4050316))

for: distinct_ranges
table 1 : explain SELECT DISTINCT c FROM sbtest1 WHERE id BETWEEN 225156 AND 226155 ORDER BY c
	Unique  (cost=3660.62..3665.28 rows=932 width=121)
	  ->  Sort  (cost=3660.62..3662.95 rows=932 width=121)
	        Sort Key: c
	        ->  Bitmap Heap Scan on sbtest1  (cost=29.99..3614.66 rows=932 width=121)
	              Recheck Cond: ((id >= 225156) AND (id <= 226155))
	              ->  Bitmap Index Scan on sbtest1_pkey  (cost=0.00..29.75 rows=932 width=0)
	                    Index Cond: ((id >= 225156) AND (id <= 226155))

table 2 : explain SELECT DISTINCT c FROM sbtest2 WHERE id BETWEEN 6931006 AND 6932005 ORDER BY c
	Unique  (cost=3769.30..3774.10 rows=960 width=121)
	  ->  Sort  (cost=3769.30..3771.70 rows=960 width=121)
	        Sort Key: c
	        ->  Bitmap Heap Scan on sbtest2  (cost=30.27..3721.75 rows=960 width=121)
	              Recheck Cond: ((id >= 6931006) AND (id <= 6932005))
	              ->  Bitmap Index Scan on sbtest2_pkey  (cost=0.00..30.04 rows=960 width=0)
	                    Index Cond: ((id >= 6931006) AND (id <= 6932005))

table 3 : explain SELECT DISTINCT c FROM sbtest3 WHERE id BETWEEN 293295 AND 294294 ORDER BY c
	Unique  (cost=3900.13..3905.10 rows=994 width=121)
	  ->  Sort  (cost=3900.13..3902.61 rows=994 width=121)
	        Sort Key: c
	        ->  Bitmap Heap Scan on sbtest3  (cost=30.62..3850.64 rows=994 width=121)
	              Recheck Cond: ((id >= 293295) AND (id <= 294294))
	              ->  Bitmap Index Scan on sbtest3_pkey  (cost=0.00..30.37 rows=994 width=0)
	                    Index Cond: ((id >= 293295) AND (id <= 294294))

table 4 : explain SELECT DISTINCT c FROM sbtest4 WHERE id BETWEEN 1542257 AND 1543256 ORDER BY c
	Unique  (cost=3877.08..3882.02 rows=988 width=121)
	  ->  Sort  (cost=3877.08..3879.55 rows=988 width=121)
	        Sort Key: c
	        ->  Bitmap Heap Scan on sbtest4  (cost=30.56..3827.94 rows=988 width=121)
	              Recheck Cond: ((id >= 1542257) AND (id <= 1543256))
	              ->  Bitmap Index Scan on sbtest4_pkey  (cost=0.00..30.32 rows=988 width=0)
	                    Index Cond: ((id >= 1542257) AND (id <= 1543256))

table 5 : explain SELECT DISTINCT c FROM sbtest5 WHERE id BETWEEN 3821111 AND 3822110 ORDER BY c
	Unique  (cost=4207.60..4212.96 rows=1073 width=121)
	  ->  Sort  (cost=4207.60..4210.28 rows=1073 width=121)
	        Sort Key: c
	        ->  Bitmap Heap Scan on sbtest5  (cost=31.43..4153.58 rows=1073 width=121)
	              Recheck Cond: ((id >= 3821111) AND (id <= 3822110))
	              ->  Bitmap Index Scan on sbtest5_pkey  (cost=0.00..31.16 rows=1073 width=0)
	                    Index Cond: ((id >= 3821111) AND (id <= 3822110))

table 6 : explain SELECT DISTINCT c FROM sbtest6 WHERE id BETWEEN 516923 AND 517922 ORDER BY c
	Unique  (cost=3993.96..3999.05 rows=1018 width=121)
	  ->  Sort  (cost=3993.96..3996.51 rows=1018 width=121)
	        Sort Key: c
	        ->  Bitmap Heap Scan on sbtest6  (cost=30.87..3943.10 rows=1018 width=121)
	              Recheck Cond: ((id >= 516923) AND (id <= 517922))
	              ->  Bitmap Index Scan on sbtest6_pkey  (cost=0.00..30.61 rows=1018 width=0)
	                    Index Cond: ((id >= 516923) AND (id <= 517922))

table 7 : explain SELECT DISTINCT c FROM sbtest7 WHERE id BETWEEN 8722754 AND 8723753 ORDER BY c
	Unique  (cost=4085.09..4090.30 rows=1041 width=121)
	  ->  Sort  (cost=4085.09..4087.70 rows=1041 width=121)
	        Sort Key: c
	        ->  Bitmap Heap Scan on sbtest7  (cost=31.11..4032.92 rows=1041 width=121)
	              Recheck Cond: ((id >= 8722754) AND (id <= 8723753))
	              ->  Bitmap Index Scan on sbtest7_pkey  (cost=0.00..30.84 rows=1041 width=0)
	                    Index Cond: ((id >= 8722754) AND (id <= 8723753))

table 8 : explain SELECT DISTINCT c FROM sbtest8 WHERE id BETWEEN 2388146 AND 2389145 ORDER BY c
	Unique  (cost=3871.70..3876.63 rows=986 width=121)
	  ->  Sort  (cost=3871.70..3874.16 rows=986 width=121)
	        Sort Key: c
	        ->  Bitmap Heap Scan on sbtest8  (cost=30.54..3822.67 rows=986 width=121)
	              Recheck Cond: ((id >= 2388146) AND (id <= 2389145))
	              ->  Bitmap Index Scan on sbtest8_pkey  (cost=0.00..30.29 rows=986 width=0)
	                    Index Cond: ((id >= 2388146) AND (id <= 2389145))

for: simple_ranges
table 1 : explain SELECT c FROM sbtest1 WHERE id BETWEEN 6555882 AND 6556881
	Bitmap Heap Scan on sbtest1  (cost=29.97..3607.10 rows=930 width=121)
	  Recheck Cond: ((id >= 6555882) AND (id <= 6556881))
	  ->  Bitmap Index Scan on sbtest1_pkey  (cost=0.00..29.73 rows=930 width=0)
	        Index Cond: ((id >= 6555882) AND (id <= 6556881))

table 2 : explain SELECT c FROM sbtest2 WHERE id BETWEEN 2051644 AND 2052643
	Bitmap Heap Scan on sbtest2  (cost=30.92..3959.43 rows=1023 width=121)
	  Recheck Cond: ((id >= 2051644) AND (id <= 2052643))
	  ->  Bitmap Index Scan on sbtest2_pkey  (cost=0.00..30.66 rows=1023 width=0)
	        Index Cond: ((id >= 2051644) AND (id <= 2052643))

table 3 : explain SELECT c FROM sbtest3 WHERE id BETWEEN 1908859 AND 1909858
	Bitmap Heap Scan on sbtest3  (cost=30.63..3854.41 rows=995 width=121)
	  Recheck Cond: ((id >= 1908859) AND (id <= 1909858))
	  ->  Bitmap Index Scan on sbtest3_pkey  (cost=0.00..30.39 rows=995 width=0)
	        Index Cond: ((id >= 1908859) AND (id <= 1909858))

table 4 : explain SELECT c FROM sbtest4 WHERE id BETWEEN 2208343 AND 2209342
	Bitmap Heap Scan on sbtest4  (cost=30.53..3816.62 rows=985 width=121)
	  Recheck Cond: ((id >= 2208343) AND (id <= 2209342))
	  ->  Bitmap Index Scan on sbtest4_pkey  (cost=0.00..30.29 rows=985 width=0)
	        Index Cond: ((id >= 2208343) AND (id <= 2209342))

table 5 : explain SELECT c FROM sbtest5 WHERE id BETWEEN 540422 AND 541421
	Bitmap Heap Scan on sbtest5  (cost=29.81..3556.30 rows=915 width=121)
	  Recheck Cond: ((id >= 540422) AND (id <= 541421))
	  ->  Bitmap Index Scan on sbtest5_pkey  (cost=0.00..29.58 rows=915 width=0)
	        Index Cond: ((id >= 540422) AND (id <= 541421))

table 6 : explain SELECT c FROM sbtest6 WHERE id BETWEEN 4364438 AND 4365437
	Bitmap Heap Scan on sbtest6  (cost=30.32..3739.18 rows=964 width=121)
	  Recheck Cond: ((id >= 4364438) AND (id <= 4365437))
	  ->  Bitmap Index Scan on sbtest6_pkey  (cost=0.00..30.07 rows=964 width=0)
	        Index Cond: ((id >= 4364438) AND (id <= 4365437))

table 7 : explain SELECT c FROM sbtest7 WHERE id BETWEEN 4138052 AND 4139051
	Bitmap Heap Scan on sbtest7  (cost=30.26..3722.99 rows=959 width=121)
	  Recheck Cond: ((id >= 4138052) AND (id <= 4139051))
	  ->  Bitmap Index Scan on sbtest7_pkey  (cost=0.00..30.02 rows=959 width=0)
	        Index Cond: ((id >= 4138052) AND (id <= 4139051))

table 8 : explain SELECT c FROM sbtest8 WHERE id BETWEEN 4372644 AND 4373643
	Bitmap Heap Scan on sbtest8  (cost=30.19..3694.16 rows=952 width=121)
	  Recheck Cond: ((id >= 4372644) AND (id <= 4373643))
	  ->  Bitmap Index Scan on sbtest8_pkey  (cost=0.00..29.95 rows=952 width=0)
	        Index Cond: ((id >= 4372644) AND (id <= 4373643))

for: sum_ranges
table 1 : explain SELECT SUM(k) FROM sbtest1 WHERE id BETWEEN 8503300 AND 8504299
	Aggregate  (cost=3616.99..3617.00 rows=1 width=8)
	  ->  Bitmap Heap Scan on sbtest1  (cost=29.99..3614.66 rows=932 width=4)
	        Recheck Cond: ((id >= 8503300) AND (id <= 8504299))
	        ->  Bitmap Index Scan on sbtest1_pkey  (cost=0.00..29.75 rows=932 width=0)
	              Index Cond: ((id >= 8503300) AND (id <= 8504299))

table 2 : explain SELECT SUM(k) FROM sbtest2 WHERE id BETWEEN 7144181 AND 7145180
	Aggregate  (cost=3995.92..3995.93 rows=1 width=8)
	  ->  Bitmap Heap Scan on sbtest2  (cost=31.01..3993.34 rows=1032 width=4)
	        Recheck Cond: ((id >= 7144181) AND (id <= 7145180))
	        ->  Bitmap Index Scan on sbtest2_pkey  (cost=0.00..30.75 rows=1032 width=0)
	              Index Cond: ((id >= 7144181) AND (id <= 7145180))

table 3 : explain SELECT SUM(k) FROM sbtest3 WHERE id BETWEEN 8937899 AND 8938898
	Aggregate  (cost=3928.61..3928.62 rows=1 width=8)
	  ->  Bitmap Heap Scan on sbtest3  (cost=30.83..3926.08 rows=1014 width=4)
	        Recheck Cond: ((id >= 8937899) AND (id <= 8938898))
	        ->  Bitmap Index Scan on sbtest3_pkey  (cost=0.00..30.57 rows=1014 width=0)
	              Index Cond: ((id >= 8937899) AND (id <= 8938898))

table 4 : explain SELECT SUM(k) FROM sbtest4 WHERE id BETWEEN 4365090 AND 4366089
	Aggregate  (cost=3777.53..3777.54 rows=1 width=8)
	  ->  Bitmap Heap Scan on sbtest4  (cost=30.42..3775.09 rows=974 width=4)
	        Recheck Cond: ((id >= 4365090) AND (id <= 4366089))
	        ->  Bitmap Index Scan on sbtest4_pkey  (cost=0.00..30.18 rows=974 width=0)
	              Index Cond: ((id >= 4365090) AND (id <= 4366089))

table 5 : explain SELECT SUM(k) FROM sbtest5 WHERE id BETWEEN 9185146 AND 9186145
	Aggregate  (cost=3653.36..3653.37 rows=1 width=8)
	  ->  Bitmap Heap Scan on sbtest5  (cost=30.07..3651.01 rows=940 width=4)
	        Recheck Cond: ((id >= 9185146) AND (id <= 9186145))
	        ->  Bitmap Index Scan on sbtest5_pkey  (cost=0.00..29.83 rows=940 width=0)
	              Index Cond: ((id >= 9185146) AND (id <= 9186145))

table 6 : explain SELECT SUM(k) FROM sbtest6 WHERE id BETWEEN 4979541 AND 4980540
	Aggregate  (cost=3658.35..3658.36 rows=1 width=8)
	  ->  Bitmap Heap Scan on sbtest6  (cost=30.09..3655.99 rows=942 width=4)
	        Recheck Cond: ((id >= 4979541) AND (id <= 4980540))
	        ->  Bitmap Index Scan on sbtest6_pkey  (cost=0.00..29.86 rows=942 width=0)
	              Index Cond: ((id >= 4979541) AND (id <= 4980540))

table 7 : explain SELECT SUM(k) FROM sbtest7 WHERE id BETWEEN 7765910 AND 7766909
	Aggregate  (cost=3676.15..3676.16 rows=1 width=8)
	  ->  Bitmap Heap Scan on sbtest7  (cost=30.13..3673.78 rows=946 width=4)
	        Recheck Cond: ((id >= 7765910) AND (id <= 7766909))
	        ->  Bitmap Index Scan on sbtest7_pkey  (cost=0.00..29.89 rows=946 width=0)
	              Index Cond: ((id >= 7765910) AND (id <= 7766909))

table 8 : explain SELECT SUM(k) FROM sbtest8 WHERE id BETWEEN 4475091 AND 4476090
	Aggregate  (cost=3715.46..3715.47 rows=1 width=8)
	  ->  Bitmap Heap Scan on sbtest8  (cost=30.24..3713.06 rows=957 width=4)
	        Recheck Cond: ((id >= 4475091) AND (id <= 4476090))
	        ->  Bitmap Index Scan on sbtest8_pkey  (cost=0.00..30.00 rows=957 width=0)
	              Index Cond: ((id >= 4475091) AND (id <= 4476090))

for: sum_ranges
table 1 : explain SELECT SUM(k) FROM sbtest1 WHERE id BETWEEN 510872 AND 511871
	Aggregate  (cost=3696.35..3696.36 rows=1 width=8)
	  ->  Bitmap Heap Scan on sbtest1  (cost=30.20..3693.97 rows=953 width=4)
	        Recheck Cond: ((id >= 510872) AND (id <= 511871))
	        ->  Bitmap Index Scan on sbtest1_pkey  (cost=0.00..29.96 rows=953 width=0)
	              Index Cond: ((id >= 510872) AND (id <= 511871))

table 2 : explain SELECT SUM(k) FROM sbtest2 WHERE id BETWEEN 4848530 AND 4849529
	Aggregate  (cost=3795.93..3795.94 rows=1 width=8)
	  ->  Bitmap Heap Scan on sbtest2  (cost=30.47..3793.49 rows=979 width=4)
	        Recheck Cond: ((id >= 4848530) AND (id <= 4849529))
	        ->  Bitmap Index Scan on sbtest2_pkey  (cost=0.00..30.22 rows=979 width=0)
	              Index Cond: ((id >= 4848530) AND (id <= 4849529))

table 3 : explain SELECT SUM(k) FROM sbtest3 WHERE id BETWEEN 1078774 AND 1079773
	Aggregate  (cost=3838.02..3838.03 rows=1 width=8)
	  ->  Bitmap Heap Scan on sbtest3  (cost=30.58..3835.54 rows=990 width=4)
	        Recheck Cond: ((id >= 1078774) AND (id <= 1079773))
	        ->  Bitmap Index Scan on sbtest3_pkey  (cost=0.00..30.33 rows=990 width=0)
	              Index Cond: ((id >= 1078774) AND (id <= 1079773))

table 4 : explain SELECT SUM(k) FROM sbtest4 WHERE id BETWEEN 6081174 AND 6082173
	Aggregate  (cost=4143.41..4143.42 rows=1 width=8)
	  ->  Bitmap Heap Scan on sbtest4  (cost=31.41..4140.73 rows=1071 width=4)
	        Recheck Cond: ((id >= 6081174) AND (id <= 6082173))
	        ->  Bitmap Index Scan on sbtest4_pkey  (cost=0.00..31.14 rows=1071 width=0)
	              Index Cond: ((id >= 6081174) AND (id <= 6082173))

table 5 : explain SELECT SUM(k) FROM sbtest5 WHERE id BETWEEN 8975936 AND 8976935
	Aggregate  (cost=3755.63..3755.64 rows=1 width=8)
	  ->  Bitmap Heap Scan on sbtest5  (cost=30.35..3753.21 rows=967 width=4)
	        Recheck Cond: ((id >= 8975936) AND (id <= 8976935))
	        ->  Bitmap Index Scan on sbtest5_pkey  (cost=0.00..30.11 rows=967 width=0)
	              Index Cond: ((id >= 8975936) AND (id <= 8976935))

table 6 : explain SELECT SUM(k) FROM sbtest6 WHERE id BETWEEN 8382246 AND 8383245
	Aggregate  (cost=3730.24..3730.25 rows=1 width=8)
	  ->  Bitmap Heap Scan on sbtest6  (cost=30.29..3727.84 rows=961 width=4)
	        Recheck Cond: ((id >= 8382246) AND (id <= 8383245))
	        ->  Bitmap Index Scan on sbtest6_pkey  (cost=0.00..30.04 rows=961 width=0)
	              Index Cond: ((id >= 8382246) AND (id <= 8383245))

table 7 : explain SELECT SUM(k) FROM sbtest7 WHERE id BETWEEN 8075301 AND 8076300
	Aggregate  (cost=3967.52..3967.53 rows=1 width=8)
	  ->  Bitmap Heap Scan on sbtest7  (cost=30.92..3964.96 rows=1023 width=4)
	        Recheck Cond: ((id >= 8075301) AND (id <= 8076300))
	        ->  Bitmap Index Scan on sbtest7_pkey  (cost=0.00..30.66 rows=1023 width=0)
	              Index Cond: ((id >= 8075301) AND (id <= 8076300))

table 8 : explain SELECT SUM(k) FROM sbtest8 WHERE id BETWEEN 4415791 AND 4416790
	Aggregate  (cost=3715.46..3715.47 rows=1 width=8)
	  ->  Bitmap Heap Scan on sbtest8  (cost=30.24..3713.06 rows=957 width=4)
	        Recheck Cond: ((id >= 4415791) AND (id <= 4416790))
	        ->  Bitmap Index Scan on sbtest8_pkey  (cost=0.00..30.00 rows=957 width=0)
	              Index Cond: ((id >= 4415791) AND (id <= 4416790))

for: order_ranges
table 1 : explain SELECT c FROM sbtest1 WHERE id BETWEEN 1776891 AND 1777890 ORDER BY c
	Sort  (cost=4043.49..4046.07 rows=1032 width=121)
	  Sort Key: c
	  ->  Bitmap Heap Scan on sbtest1  (cost=31.01..3991.83 rows=1032 width=121)
	        Recheck Cond: ((id >= 1776891) AND (id <= 1777890))
	        ->  Bitmap Index Scan on sbtest1_pkey  (cost=0.00..30.75 rows=1032 width=0)
	              Index Cond: ((id >= 1776891) AND (id <= 1777890))

table 2 : explain SELECT c FROM sbtest2 WHERE id BETWEEN 7197494 AND 7198493 ORDER BY c
	Sort  (cost=4045.00..4047.58 rows=1032 width=121)
	  Sort Key: c
	  ->  Bitmap Heap Scan on sbtest2  (cost=31.01..3993.34 rows=1032 width=121)
	        Recheck Cond: ((id >= 7197494) AND (id <= 7198493))
	        ->  Bitmap Index Scan on sbtest2_pkey  (cost=0.00..30.75 rows=1032 width=0)
	              Index Cond: ((id >= 7197494) AND (id <= 7198493))

table 3 : explain SELECT c FROM sbtest3 WHERE id BETWEEN 7236323 AND 7237322 ORDER BY c
	Sort  (cost=3408.71..3410.88 rows=867 width=121)
	  Sort Key: c
	  ->  Bitmap Heap Scan on sbtest3  (cost=25.32..3366.40 rows=867 width=121)
	        Recheck Cond: ((id >= 7236323) AND (id <= 7237322))
	        ->  Bitmap Index Scan on sbtest3_pkey  (cost=0.00..25.11 rows=867 width=0)
	              Index Cond: ((id >= 7236323) AND (id <= 7237322))

table 4 : explain SELECT c FROM sbtest4 WHERE id BETWEEN 1046706 AND 1047705 ORDER BY c
	Sort  (cost=3957.50..3960.03 rows=1009 width=121)
	  Sort Key: c
	  ->  Bitmap Heap Scan on sbtest4  (cost=30.78..3907.16 rows=1009 width=121)
	        Recheck Cond: ((id >= 1046706) AND (id <= 1047705))
	        ->  Bitmap Index Scan on sbtest4_pkey  (cost=0.00..30.52 rows=1009 width=0)
	              Index Cond: ((id >= 1046706) AND (id <= 1047705))

table 5 : explain SELECT c FROM sbtest5 WHERE id BETWEEN 1530364 AND 1531363 ORDER BY c
	Sort  (cost=3851.08..3853.53 rows=980 width=121)
	  Sort Key: c
	  ->  Bitmap Heap Scan on sbtest5  (cost=30.48..3802.39 rows=980 width=121)
	        Recheck Cond: ((id >= 1530364) AND (id <= 1531363))
	        ->  Bitmap Index Scan on sbtest5_pkey  (cost=0.00..30.23 rows=980 width=0)
	              Index Cond: ((id >= 1530364) AND (id <= 1531363))

table 6 : explain SELECT c FROM sbtest6 WHERE id BETWEEN 5261366 AND 5262365 ORDER BY c
	Sort  (cost=3733.24..3735.61 rows=950 width=121)
	  Sort Key: c
	  ->  Bitmap Heap Scan on sbtest6  (cost=30.17..3686.25 rows=950 width=121)
	        Recheck Cond: ((id >= 5261366) AND (id <= 5262365))
	        ->  Bitmap Index Scan on sbtest6_pkey  (cost=0.00..29.93 rows=950 width=0)
	              Index Cond: ((id >= 5261366) AND (id <= 5262365))

table 7 : explain SELECT c FROM sbtest7 WHERE id BETWEEN 103328 AND 104327 ORDER BY c
	Sort  (cost=4096.59..4099.20 rows=1044 width=121)
	  Sort Key: c
	  ->  Bitmap Heap Scan on sbtest7  (cost=31.14..4044.24 rows=1044 width=121)
	        Recheck Cond: ((id >= 103328) AND (id <= 104327))
	        ->  Bitmap Index Scan on sbtest7_pkey  (cost=0.00..30.87 rows=1044 width=0)
	              Index Cond: ((id >= 103328) AND (id <= 104327))

table 8 : explain SELECT c FROM sbtest8 WHERE id BETWEEN 474566 AND 475565 ORDER BY c
	Sort  (cost=4220.15..4222.84 rows=1077 width=121)
	  Sort Key: c
	  ->  Bitmap Heap Scan on sbtest8  (cost=31.47..4165.91 rows=1077 width=121)
	        Recheck Cond: ((id >= 474566) AND (id <= 475565))
	        ->  Bitmap Index Scan on sbtest8_pkey  (cost=0.00..31.20 rows=1077 width=0)
	              Index Cond: ((id >= 474566) AND (id <= 475565))

for: order_ranges
table 1 : explain SELECT c FROM sbtest1 WHERE id BETWEEN 4165776 AND 4166775 ORDER BY c
	Sort  (cost=4066.42..4069.01 rows=1038 width=121)
	  Sort Key: c
	  ->  Bitmap Heap Scan on sbtest1  (cost=31.07..4014.42 rows=1038 width=121)
	        Recheck Cond: ((id >= 4165776) AND (id <= 4166775))
	        ->  Bitmap Index Scan on sbtest1_pkey  (cost=0.00..30.82 rows=1038 width=0)
	              Index Cond: ((id >= 4165776) AND (id <= 4166775))

table 2 : explain SELECT c FROM sbtest2 WHERE id BETWEEN 145200 AND 146199 ORDER BY c
	Sort  (cost=4346.79..4349.57 rows=1111 width=121)
	  Sort Key: c
	  ->  Bitmap Heap Scan on sbtest2  (cost=31.82..4290.59 rows=1111 width=121)
	        Recheck Cond: ((id >= 145200) AND (id <= 146199))
	        ->  Bitmap Index Scan on sbtest2_pkey  (cost=0.00..31.54 rows=1111 width=0)
	              Index Cond: ((id >= 145200) AND (id <= 146199))

table 3 : explain SELECT c FROM sbtest3 WHERE id BETWEEN 7338466 AND 7339465 ORDER BY c
	Sort  (cost=3953.74..3956.26 rows=1008 width=121)
	  Sort Key: c
	  ->  Bitmap Heap Scan on sbtest3  (cost=30.77..3903.45 rows=1008 width=121)
	        Recheck Cond: ((id >= 7338466) AND (id <= 7339465))
	        ->  Bitmap Index Scan on sbtest3_pkey  (cost=0.00..30.51 rows=1008 width=0)
	              Index Cond: ((id >= 7338466) AND (id <= 7339465))

table 4 : explain SELECT c FROM sbtest4 WHERE id BETWEEN 1663425 AND 1664424 ORDER BY c
	Sort  (cost=3926.87..3929.38 rows=1001 width=121)
	  Sort Key: c
	  ->  Bitmap Heap Scan on sbtest4  (cost=30.70..3876.99 rows=1001 width=121)
	        Recheck Cond: ((id >= 1663425) AND (id <= 1664424))
	        ->  Bitmap Index Scan on sbtest4_pkey  (cost=0.00..30.44 rows=1001 width=0)
	              Index Cond: ((id >= 1663425) AND (id <= 1664424))

table 5 : explain SELECT c FROM sbtest5 WHERE id BETWEEN 6678391 AND 6679390 ORDER BY c
	Sort  (cost=3904.81..3907.30 rows=994 width=121)
	  Sort Key: c
	  ->  Bitmap Heap Scan on sbtest5  (cost=30.62..3855.33 rows=994 width=121)
	        Recheck Cond: ((id >= 6678391) AND (id <= 6679390))
	        ->  Bitmap Index Scan on sbtest5_pkey  (cost=0.00..30.37 rows=994 width=0)
	              Index Cond: ((id >= 6678391) AND (id <= 6679390))

table 6 : explain SELECT c FROM sbtest6 WHERE id BETWEEN 2224761 AND 2225760 ORDER BY c
	Sort  (cost=4059.06..4061.64 rows=1035 width=121)
	  Sort Key: c
	  ->  Bitmap Heap Scan on sbtest6  (cost=31.04..4007.23 rows=1035 width=121)
	        Recheck Cond: ((id >= 2224761) AND (id <= 2225760))
	        ->  Bitmap Index Scan on sbtest6_pkey  (cost=0.00..30.79 rows=1035 width=0)
	              Index Cond: ((id >= 2224761) AND (id <= 2225760))

table 7 : explain SELECT c FROM sbtest7 WHERE id BETWEEN 6448752 AND 6449751 ORDER BY c
	Sort  (cost=3609.05..3611.34 rows=917 width=121)
	  Sort Key: c
	  ->  Bitmap Heap Scan on sbtest7  (cost=29.83..3563.93 rows=917 width=121)
	        Recheck Cond: ((id >= 6448752) AND (id <= 6449751))
	        ->  Bitmap Index Scan on sbtest7_pkey  (cost=0.00..29.61 rows=917 width=0)
	              Index Cond: ((id >= 6448752) AND (id <= 6449751))

table 8 : explain SELECT c FROM sbtest8 WHERE id BETWEEN 2662137 AND 2663136 ORDER BY c
	Sort  (cost=3971.35..3973.88 rows=1012 width=121)
	  Sort Key: c
	  ->  Bitmap Heap Scan on sbtest8  (cost=30.81..3920.84 rows=1012 width=121)
	        Recheck Cond: ((id >= 2662137) AND (id <= 2663136))
	        ->  Bitmap Index Scan on sbtest8_pkey  (cost=0.00..30.55 rows=1012 width=0)
	              Index Cond: ((id >= 2662137) AND (id <= 2663136))

for: distinct_ranges
table 1 : explain SELECT DISTINCT c FROM sbtest1 WHERE id BETWEEN 1189045 AND 1190044 ORDER BY c
	Unique  (cost=3794.76..3799.60 rows=967 width=121)
	  ->  Sort  (cost=3794.76..3797.18 rows=967 width=121)
	        Sort Key: c
	        ->  Bitmap Heap Scan on sbtest1  (cost=30.35..3746.81 rows=967 width=121)
	              Recheck Cond: ((id >= 1189045) AND (id <= 1190044))
	              ->  Bitmap Index Scan on sbtest1_pkey  (cost=0.00..30.11 rows=967 width=0)
	                    Index Cond: ((id >= 1189045) AND (id <= 1190044))

table 2 : explain SELECT DISTINCT c FROM sbtest2 WHERE id BETWEEN 6278279 AND 6279278 ORDER BY c
	Unique  (cost=3895.74..3900.71 rows=993 width=121)
	  ->  Sort  (cost=3895.74..3898.22 rows=993 width=121)
	        Sort Key: c
	        ->  Bitmap Heap Scan on sbtest2  (cost=30.61..3846.31 rows=993 width=121)
	              Recheck Cond: ((id >= 6278279) AND (id <= 6279278))
	              ->  Bitmap Index Scan on sbtest2_pkey  (cost=0.00..30.36 rows=993 width=0)
	                    Index Cond: ((id >= 6278279) AND (id <= 6279278))

table 3 : explain SELECT DISTINCT c FROM sbtest3 WHERE id BETWEEN 801946 AND 802945 ORDER BY c
	Unique  (cost=4076.19..4081.39 rows=1040 width=121)
	  ->  Sort  (cost=4076.19..4078.79 rows=1040 width=121)
	        Sort Key: c
	        ->  Bitmap Heap Scan on sbtest3  (cost=31.09..4024.07 rows=1040 width=121)
	              Recheck Cond: ((id >= 801946) AND (id <= 802945))
	              ->  Bitmap Index Scan on sbtest3_pkey  (cost=0.00..30.83 rows=1040 width=0)
	                    Index Cond: ((id >= 801946) AND (id <= 802945))

table 4 : explain SELECT DISTINCT c FROM sbtest4 WHERE id BETWEEN 1550843 AND 1551842 ORDER BY c
	Unique  (cost=3877.08..3882.02 rows=988 width=121)
	  ->  Sort  (cost=3877.08..3879.55 rows=988 width=121)
	        Sort Key: c
	        ->  Bitmap Heap Scan on sbtest4  (cost=30.56..3827.94 rows=988 width=121)
	              Recheck Cond: ((id >= 1550843) AND (id <= 1551842))
	              ->  Bitmap Index Scan on sbtest4_pkey  (cost=0.00..30.32 rows=988 width=0)
	                    Index Cond: ((id >= 1550843) AND (id <= 1551842))

table 5 : explain SELECT DISTINCT c FROM sbtest5 WHERE id BETWEEN 3926230 AND 3927229 ORDER BY c
	Unique  (cost=4039.04..4044.19 rows=1029 width=121)
	  ->  Sort  (cost=4039.04..4041.62 rows=1029 width=121)
	        Sort Key: c
	        ->  Bitmap Heap Scan on sbtest5  (cost=30.98..3987.56 rows=1029 width=121)
	              Recheck Cond: ((id >= 3926230) AND (id <= 3927229))
	              ->  Bitmap Index Scan on sbtest5_pkey  (cost=0.00..30.72 rows=1029 width=0)
	                    Index Cond: ((id >= 3926230) AND (id <= 3927229))

table 6 : explain SELECT DISTINCT c FROM sbtest6 WHERE id BETWEEN 5551157 AND 5552156 ORDER BY c
	Unique  (cost=4372.58..4378.17 rows=1117 width=121)
	  ->  Sort  (cost=4372.58..4375.37 rows=1117 width=121)
	        Sort Key: c
	        ->  Bitmap Heap Scan on sbtest6  (cost=31.88..4316.03 rows=1117 width=121)
	              Recheck Cond: ((id >= 5551157) AND (id <= 5552156))
	              ->  Bitmap Index Scan on sbtest6_pkey  (cost=0.00..31.61 rows=1117 width=0)
	                    Index Cond: ((id >= 5551157) AND (id <= 5552156))

table 7 : explain SELECT DISTINCT c FROM sbtest7 WHERE id BETWEEN 4227128 AND 4228127 ORDER BY c
	Unique  (cost=3620.59..3625.19 rows=920 width=121)
	  ->  Sort  (cost=3620.59..3622.89 rows=920 width=121)
	        Sort Key: c
	        ->  Bitmap Heap Scan on sbtest7  (cost=29.87..3575.30 rows=920 width=121)
	              Recheck Cond: ((id >= 4227128) AND (id <= 4228127))
	              ->  Bitmap Index Scan on sbtest7_pkey  (cost=0.00..29.64 rows=920 width=0)
	                    Index Cond: ((id >= 4227128) AND (id <= 4228127))

table 8 : explain SELECT DISTINCT c FROM sbtest8 WHERE id BETWEEN 5000305 AND 5001304 ORDER BY c
	Unique  (cost=3833.35..3838.23 rows=976 width=121)
	  ->  Sort  (cost=3833.35..3835.79 rows=976 width=121)
	        Sort Key: c
	        ->  Bitmap Heap Scan on sbtest8  (cost=30.44..3784.88 rows=976 width=121)
	              Recheck Cond: ((id >= 5000305) AND (id <= 5001304))
	              ->  Bitmap Index Scan on sbtest8_pkey  (cost=0.00..30.19 rows=976 width=0)
	                    Index Cond: ((id >= 5000305) AND (id <= 5001304))

for: distinct_ranges
table 1 : explain SELECT DISTINCT c FROM sbtest1 WHERE id BETWEEN 7447124 AND 7448123 ORDER BY c
	Unique  (cost=3917.27..3922.27 rows=999 width=121)
	  ->  Sort  (cost=3917.27..3919.77 rows=999 width=121)
	        Sort Key: c
	        ->  Bitmap Heap Scan on sbtest1  (cost=30.67..3867.50 rows=999 width=121)
	              Recheck Cond: ((id >= 7447124) AND (id <= 7448123))
	              ->  Bitmap Index Scan on sbtest1_pkey  (cost=0.00..30.43 rows=999 width=0)
	                    Index Cond: ((id >= 7447124) AND (id <= 7448123))

table 2 : explain SELECT DISTINCT c FROM sbtest2 WHERE id BETWEEN 6635818 AND 6636817 ORDER BY c
	Unique  (cost=3815.30..3820.16 rows=972 width=121)
	  ->  Sort  (cost=3815.30..3817.73 rows=972 width=121)
	        Sort Key: c
	        ->  Bitmap Heap Scan on sbtest2  (cost=30.40..3767.06 rows=972 width=121)
	              Recheck Cond: ((id >= 6635818) AND (id <= 6636817))
	              ->  Bitmap Index Scan on sbtest2_pkey  (cost=0.00..30.15 rows=972 width=0)
	                    Index Cond: ((id >= 6635818) AND (id <= 6636817))

table 3 : explain SELECT DISTINCT c FROM sbtest3 WHERE id BETWEEN 7631164 AND 7632163 ORDER BY c
	Unique  (cost=4377.98..4383.57 rows=1119 width=121)
	  ->  Sort  (cost=4377.98..4380.77 rows=1119 width=121)
	        Sort Key: c
	        ->  Bitmap Heap Scan on sbtest3  (cost=31.90..4321.31 rows=1119 width=121)
	              Recheck Cond: ((id >= 7631164) AND (id <= 7632163))
	              ->  Bitmap Index Scan on sbtest3_pkey  (cost=0.00..31.62 rows=1119 width=0)
	                    Index Cond: ((id >= 7631164) AND (id <= 7632163))

table 4 : explain SELECT DISTINCT c FROM sbtest4 WHERE id BETWEEN 9462527 AND 9463526 ORDER BY c
	Unique  (cost=3769.77..3774.57 rows=960 width=121)
	  ->  Sort  (cost=3769.77..3772.17 rows=960 width=121)
	        Sort Key: c
	        ->  Bitmap Heap Scan on sbtest4  (cost=30.27..3722.22 rows=960 width=121)
	              Recheck Cond: ((id >= 9462527) AND (id <= 9463526))
	              ->  Bitmap Index Scan on sbtest4_pkey  (cost=0.00..30.04 rows=960 width=0)
	                    Index Cond: ((id >= 9462527) AND (id <= 9463526))

table 5 : explain SELECT DISTINCT c FROM sbtest5 WHERE id BETWEEN 7234623 AND 7235622 ORDER BY c
	Unique  (cost=3470.30..3474.71 rows=882 width=121)
	  ->  Sort  (cost=3470.30..3472.51 rows=882 width=121)
	        Sort Key: c
	        ->  Bitmap Heap Scan on sbtest5  (cost=25.48..3427.15 rows=882 width=121)
	              Recheck Cond: ((id >= 7234623) AND (id <= 7235622))
	              ->  Bitmap Index Scan on sbtest5_pkey  (cost=0.00..25.25 rows=882 width=0)
	                    Index Cond: ((id >= 7234623) AND (id <= 7235622))

table 6 : explain SELECT DISTINCT c FROM sbtest6 WHERE id BETWEEN 1374594 AND 1375593 ORDER BY c
	Unique  (cost=3433.33..3437.69 rows=873 width=121)
	  ->  Sort  (cost=3433.33..3435.51 rows=873 width=121)
	        Sort Key: c
	        ->  Bitmap Heap Scan on sbtest6  (cost=25.38..3390.68 rows=873 width=121)
	              Recheck Cond: ((id >= 1374594) AND (id <= 1375593))
	              ->  Bitmap Index Scan on sbtest6_pkey  (cost=0.00..25.16 rows=873 width=0)
	                    Index Cond: ((id >= 1374594) AND (id <= 1375593))

table 7 : explain SELECT DISTINCT c FROM sbtest7 WHERE id BETWEEN 7994247 AND 7995246 ORDER BY c
	Unique  (cost=4016.10..4021.22 rows=1023 width=121)
	  ->  Sort  (cost=4016.10..4018.66 rows=1023 width=121)
	        Sort Key: c
	        ->  Bitmap Heap Scan on sbtest7  (cost=30.92..3964.96 rows=1023 width=121)
	              Recheck Cond: ((id >= 7994247) AND (id <= 7995246))
	              ->  Bitmap Index Scan on sbtest7_pkey  (cost=0.00..30.66 rows=1023 width=0)
	                    Index Cond: ((id >= 7994247) AND (id <= 7995246))

table 8 : explain SELECT DISTINCT c FROM sbtest8 WHERE id BETWEEN 4154639 AND 4155638 ORDER BY c
	Unique  (cost=3733.58..3738.33 rows=950 width=121)
	  ->  Sort  (cost=3733.58..3735.95 rows=950 width=121)
	        Sort Key: c
	        ->  Bitmap Heap Scan on sbtest8  (cost=30.17..3686.59 rows=950 width=121)
	              Recheck Cond: ((id >= 4154639) AND (id <= 4155638))
	              ->  Bitmap Index Scan on sbtest8_pkey  (cost=0.00..29.93 rows=950 width=0)
	                    Index Cond: ((id >= 4154639) AND (id <= 4155638))

Threads started!

Warming up for 5 seconds...

SQL statistics:
    queries performed:
        read:                            127453314
        write:                           0
        other:                           23173354
        total:                           150626668
    transactions:                        11586697 (18391.37 per sec.)
    queries:                             150626668 (239087.17 per sec.)
    ignored errors:                      0      (0.00 per sec.)
    reconnects:                          0      (0.00 per sec.)

Throughput:
    events/s (eps):                      18391.3690
    time elapsed:                        630.0074s
    total number of events:              11586697

Latency (ms):
         min:                                    0.50
         avg:                                    2.17
         max:                                   26.50
         95th percentile:                        2.35
         sum:                             25187249.84

Threads fairness:
    events (avg/stddev):           289667.2750/1107.92
    execution time (avg/stddev):   629.6812/0.01

