LUA_PATH=/home/mdcallag/git/mytools/bench/sysbench.lua/lua/?.lua /home/mdcallag/git/mytools/bench/sysbench.lua/lua/sysbench --db-driver=pgsql --range-size=100 --table-size=10000000 --tables=8 --threads=40 --events=0 --warmup-time=5 --time=630 --pgsql_conn_id=true /home/mdcallag/git/mytools/bench/sysbench.lua/lua/oltp_range_covered.lua run --pgsql-user=root --pgsql-password=pw --pgsql-host=127.0.0.1 --pgsql-db=ib --rand-type=uniform --random-points=100 --skip-trx --on-id=false --covered=false
48 CPUs
sysbench 1.1.0-9072687 (using bundled LuaJIT 2.1.0-beta3)

Running the test with following options:
Number of threads: 40
Warmup time: 5s
Initializing random number generator from current time


Initializing worker threads...

explain: for range-notcovered :: explain SELECT k, c FROM sbtest%d WHERE k BETWEEN 6101935 AND 6102035
explain: for range-notcovered :: explain SELECT k, c FROM sbtest%d WHERE k BETWEEN 1661505 AND 1661605
explain: for range-notcovered :: explain SELECT k, c FROM sbtest%d WHERE k BETWEEN 382864 AND 382964
explain: for range-notcovered :: explain SELECT k, c FROM sbtest%d WHERE k BETWEEN 3932444 AND 3932544
explain: for range-notcovered :: explain SELECT k, c FROM sbtest%d WHERE k BETWEEN 7884776 AND 7884876
explain: for range-notcovered :: explain SELECT k, c FROM sbtest%d WHERE k BETWEEN 4467670 AND 4467770explain: for range-notcovered :: explain SELECT k, c FROM sbtest%d WHERE k BETWEEN 7572654 AND 7572754explain: for range-notcovered :: explain SELECT k, c FROM sbtest%d WHERE k BETWEEN 5062200 AND 5062300
explain: for range-notcovered :: explain SELECT k, c FROM sbtest%d WHERE k BETWEEN 5358538 AND 5358638

explain: for range-notcovered :: explain SELECT k, c FROM sbtest%d WHERE k BETWEEN 5359968 AND 5360068
explain: for range-notcovered :: explain SELECT k, c FROM sbtest%d WHERE k BETWEEN 2149693 AND 2149793

explain: for range-notcovered :: explain SELECT k, c FROM sbtest%d WHERE k BETWEEN 4648538 AND 4648638
explain: for range-notcovered :: explain SELECT k, c FROM sbtest%d WHERE k BETWEEN 7181028 AND 7181128
explain: for range-notcovered :: explain SELECT k, c FROM sbtest%d WHERE k BETWEEN 6091113 AND 6091213
explain: for range-notcovered :: explain SELECT k, c FROM sbtest%d WHERE k BETWEEN 3209331 AND 3209431
for range-notcovered
table 1 : explain SELECT k, c FROM sbtest1 WHERE k BETWEEN 6101935 AND 6102035
	Bitmap Heap Scan on sbtest1  (cost=5.50..417.34 rows=104 width=125)
	  Recheck Cond: ((k >= 6101935) AND (k <= 6102035))
	  ->  Bitmap Index Scan on k_1  (cost=0.00..5.47 rows=104 width=0)
	        Index Cond: ((k >= 6101935) AND (k <= 6102035))

table 2 : explain SELECT k, c FROM sbtest2 WHERE k BETWEEN 6101935 AND 6102035
	Bitmap Heap Scan on sbtest2  (cost=5.53..429.21 rows=107 width=125)
	  Recheck Cond: ((k >= 6101935) AND (k <= 6102035))
	  ->  Bitmap Index Scan on k_2  (cost=0.00..5.50 rows=107 width=0)
	        Index Cond: ((k >= 6101935) AND (k <= 6102035))

table 3 : explain SELECT k, c FROM sbtest3 WHERE k BETWEEN 6101935 AND 6102035
	Bitmap Heap Scan on sbtest3  (cost=5.40..377.95 rows=94 width=125)
	  Recheck Cond: ((k >= 6101935) AND (k <= 6102035))
	  ->  Bitmap Index Scan on k_3  (cost=0.00..5.38 rows=94 width=0)
	        Index Cond: ((k >= 6101935) AND (k <= 6102035))

table 4 : explain SELECT k, c FROM sbtest4 WHERE k BETWEEN 6101935 AND 6102035
	Bitmap Heap Scan on sbtest4  (cost=5.47..405.57 rows=101 width=125)
	  Recheck Cond: ((k >= 6101935) AND (k <= 6102035))
	  ->  Bitmap Index Scan on k_4  (cost=0.00..5.44 rows=101 width=0)
	        Index Cond: ((k >= 6101935) AND (k <= 6102035))

table 5 : explain SELECT k, c FROM sbtest5 WHERE k BETWEEN 6101935 AND 6102035
	Bitmap Heap Scan on sbtest5  (cost=5.43..389.93 rows=97 width=125)
	  Recheck Cond: ((k >= 6101935) AND (k <= 6102035))
	  ->  Bitmap Index Scan on k_5  (cost=0.00..5.40 rows=97 width=0)
	        Index Cond: ((k >= 6101935) AND (k <= 6102035))

table 6 : explain SELECT k, c FROM sbtest6 WHERE k BETWEEN 6101935 AND 6102035
	Bitmap Heap Scan on sbtest6  (cost=5.44..393.79 rows=98 width=125)
	  Recheck Cond: ((k >= 6101935) AND (k <= 6102035))
	  ->  Bitmap Index Scan on k_6  (cost=0.00..5.42 rows=98 width=0)
	        Index Cond: ((k >= 6101935) AND (k <= 6102035))

table 7 : explain SELECT k, c FROM sbtest7 WHERE k BETWEEN 6101935 AND 6102035
	Bitmap Heap Scan on sbtest7  (cost=5.49..413.62 rows=103 width=125)
	  Recheck Cond: ((k >= 6101935) AND (k <= 6102035))
	  ->  Bitmap Index Scan on k_7  (cost=0.00..5.46 rows=103 width=0)
	        Index Cond: ((k >= 6101935) AND (k <= 6102035))

table 8 : explain SELECT k, c FROM sbtest8 WHERE k BETWEEN 6101935 AND 6102035
	Bitmap Heap Scan on sbtest8  (cost=5.54..433.26 rows=108 width=125)
	  Recheck Cond: ((k >= 6101935) AND (k <= 6102035))
	  ->  Bitmap Index Scan on k_8  (cost=0.00..5.51 rows=108 width=0)
	        Index Cond: ((k >= 6101935) AND (k <= 6102035))

explain: for range-notcovered :: explain SELECT k, c FROM sbtest%d WHERE k BETWEEN 6101935 AND 6102035
for range-notcovered
table 1 : explain SELECT k, c FROM sbtest1 WHERE k BETWEEN 1661505 AND 1661605
	Bitmap Heap Scan on sbtest1  (cost=5.49..413.39 rows=103 width=125)
	  Recheck Cond: ((k >= 1661505) AND (k <= 1661605))
	  ->  Bitmap Index Scan on k_1  (cost=0.00..5.46 rows=103 width=0)
	        Index Cond: ((k >= 1661505) AND (k <= 1661605))

table 2 : explain SELECT k, c FROM sbtest2 WHERE k BETWEEN 1661505 AND 1661605
	Bitmap Heap Scan on sbtest2  (cost=5.45..397.66 rows=99 width=125)
	  Recheck Cond: ((k >= 1661505) AND (k <= 1661605))
	  ->  Bitmap Index Scan on k_2  (cost=0.00..5.42 rows=99 width=0)
	        Index Cond: ((k >= 1661505) AND (k <= 1661605))

table 3 : explain SELECT k, c FROM sbtest3 WHERE k BETWEEN 1661505 AND 1661605
	Bitmap Heap Scan on sbtest3  (cost=5.44..393.74 rows=98 width=125)
	  Recheck Cond: ((k >= 1661505) AND (k <= 1661605))
	  ->  Bitmap Index Scan on k_3  (cost=0.00..5.42 rows=98 width=0)
	        Index Cond: ((k >= 1661505) AND (k <= 1661605))

table 4 : explain SELECT k, c FROM sbtest4 WHERE k BETWEEN 1661505 AND 1661605
	Bitmap Heap Scan on sbtest4  (cost=5.48..409.51 rows=102 width=125)
	  Recheck Cond: ((k >= 1661505) AND (k <= 1661605))
	  ->  Bitmap Index Scan on k_4  (cost=0.00..5.45 rows=102 width=0)
	        Index Cond: ((k >= 1661505) AND (k <= 1661605))

table 5 : explain SELECT k, c FROM sbtest5 WHERE k BETWEEN 1661505 AND 1661605
	Bitmap Heap Scan on sbtest5  (cost=5.57..445.18 rows=111 width=125)
	  Recheck Cond: ((k >= 1661505) AND (k <= 1661605))
	  ->  Bitmap Index Scan on k_5  (cost=0.00..5.54 rows=111 width=0)
	        Index Cond: ((k >= 1661505) AND (k <= 1661605))

table 6 : explain SELECT k, c FROM sbtest6 WHERE k BETWEEN 1661505 AND 1661605
	Bitmap Heap Scan on sbtest6  (cost=5.49..413.52 rows=103 width=125)
	  Recheck Cond: ((k >= 1661505) AND (k <= 1661605))
	  ->  Bitmap Index Scan on k_6  (cost=0.00..5.46 rows=103 width=0)
	        Index Cond: ((k >= 1661505) AND (k <= 1661605))

table 7 : explain SELECT k, c FROM sbtest7 WHERE k BETWEEN 1661505 AND 1661605
	Bitmap Heap Scan on sbtest7  (cost=5.46..401.78 rows=100 width=125)
	  Recheck Cond: ((k >= 1661505) AND (k <= 1661605))
	  ->  Bitmap Index Scan on k_7  (cost=0.00..5.43 rows=100 width=0)
	        Index Cond: ((k >= 1661505) AND (k <= 1661605))

table 8 : explain SELECT k, c FROM sbtest8 WHERE k BETWEEN 1661505 AND 1661605
	Bitmap Heap Scan on sbtest8  (cost=5.49..413.54 rows=103 width=125)
	  Recheck Cond: ((k >= 1661505) AND (k <= 1661605))
	  ->  Bitmap Index Scan on k_8  (cost=0.00..5.46 rows=103 width=0)
	        Index Cond: ((k >= 1661505) AND (k <= 1661605))

explain: for range-notcovered :: explain SELECT k, c FROM sbtest%d WHERE k BETWEEN 1661505 AND 1661605
explain: for range-notcovered :: explain SELECT k, c FROM sbtest%d WHERE k BETWEEN 5364173 AND 5364273
explain: for range-notcovered :: explain SELECT k, c FROM sbtest%d WHERE k BETWEEN 1804304 AND 1804404
explain: for range-notcovered :: explain SELECT k, c FROM sbtest%d WHERE k BETWEEN 4198112 AND 4198212
for range-notcovered
table 1 : explain SELECT k, c FROM sbtest1 WHERE k BETWEEN 5359968 AND 5360068
	Bitmap Heap Scan on sbtest1  (cost=5.40..377.89 rows=94 width=125)
	  Recheck Cond: ((k >= 5359968) AND (k <= 5360068))
	  ->  Bitmap Index Scan on k_1  (cost=0.00..5.38 rows=94 width=0)
	        Index Cond: ((k >= 5359968) AND (k <= 5360068))

table 2 : explain SELECT k, c FROM sbtest2 WHERE k BETWEEN 5359968 AND 5360068
	Bitmap Heap Scan on sbtest2  (cost=5.52..425.27 rows=106 width=125)
	  Recheck Cond: ((k >= 5359968) AND (k <= 5360068))
	  ->  Bitmap Index Scan on k_2  (cost=0.00..5.50 rows=106 width=0)
	        Index Cond: ((k >= 5359968) AND (k <= 5360068))

table 3 : explain SELECT k, c FROM sbtest3 WHERE k BETWEEN 5359968 AND 5360068
	Bitmap Heap Scan on sbtest3  (cost=5.43..389.79 rows=97 width=125)
	  Recheck Cond: ((k >= 5359968) AND (k <= 5360068))
	  ->  Bitmap Index Scan on k_3  (cost=0.00..5.40 rows=97 width=0)
	        Index Cond: ((k >= 5359968) AND (k <= 5360068))

table 4 : explain SELECT k, c FROM sbtest4 WHERE k BETWEEN 5359968 AND 5360068
	Bitmap Heap Scan on sbtest4  (cost=5.53..429.23 rows=107 width=125)
	  Recheck Cond: ((k >= 5359968) AND (k <= 5360068))
	  ->  Bitmap Index Scan on k_4  (cost=0.00..5.50 rows=107 width=0)
	        Index Cond: ((k >= 5359968) AND (k <= 5360068))

table 5 : explain SELECT k, c FROM sbtest5 WHERE k BETWEEN 5359968 AND 5360068
	Bitmap Heap Scan on sbtest5  (cost=5.38..370.18 rows=92 width=125)
	  Recheck Cond: ((k >= 5359968) AND (k <= 5360068))
	  ->  Bitmap Index Scan on k_5  (cost=0.00..5.35 rows=92 width=0)
	        Index Cond: ((k >= 5359968) AND (k <= 5360068))

table 6 : explain SELECT k, c FROM sbtest6 WHERE k BETWEEN 5359968 AND 5360068
	Bitmap Heap Scan on sbtest6  (cost=5.46..401.69 rows=100 width=125)
	  Recheck Cond: ((k >= 5359968) AND (k <= 5360068))
	  ->  Bitmap Index Scan on k_6  (cost=0.00..5.43 rows=100 width=0)
	        Index Cond: ((k >= 5359968) AND (k <= 5360068))

table 7 : explain SELECT k, c FROM sbtest7 WHERE k BETWEEN 5359968 AND 5360068
	Bitmap Heap Scan on sbtest7  (cost=5.54..433.35 rows=108 width=125)
	  Recheck Cond: ((k >= 5359968) AND (k <= 5360068))
	  ->  Bitmap Index Scan on k_7  (cost=0.00..5.51 rows=108 width=0)
	        Index Cond: ((k >= 5359968) AND (k <= 5360068))

table 8 : explain SELECT k, c FROM sbtest8 WHERE k BETWEEN 5359968 AND 5360068
	Bitmap Heap Scan on sbtest8  (cost=5.54..433.26 rows=108 width=125)
	  Recheck Cond: ((k >= 5359968) AND (k <= 5360068))
	  ->  Bitmap Index Scan on k_8  (cost=0.00..5.51 rows=108 width=0)
	        Index Cond: ((k >= 5359968) AND (k <= 5360068))

explain: for range-notcovered :: explain SELECT k, c FROM sbtest%d WHERE k BETWEEN 5359968 AND 5360068
for range-notcovered
table 1 : explain SELECT k, c FROM sbtest1 WHERE k BETWEEN 3932444 AND 3932544
	Bitmap Heap Scan on sbtest1  (cost=5.60..456.74 rows=114 width=125)
	  Recheck Cond: ((k >= 3932444) AND (k <= 3932544))
	  ->  Bitmap Index Scan on k_1  (cost=0.00..5.58 rows=114 width=0)
	        Index Cond: ((k >= 3932444) AND (k <= 3932544))

table 2 : explain SELECT k, c FROM sbtest2 WHERE k BETWEEN 3932444 AND 3932544
	Bitmap Heap Scan on sbtest2  (cost=5.48..409.50 rows=102 width=125)
	  Recheck Cond: ((k >= 3932444) AND (k <= 3932544))
	  ->  Bitmap Index Scan on k_2  (cost=0.00..5.45 rows=102 width=0)
	        Index Cond: ((k >= 3932444) AND (k <= 3932544))

table 3 : explain SELECT k, c FROM sbtest3 WHERE k BETWEEN 3932444 AND 3932544
	Bitmap Heap Scan on sbtest3  (cost=5.42..385.84 rows=96 width=125)
	  Recheck Cond: ((k >= 3932444) AND (k <= 3932544))
	  ->  Bitmap Index Scan on k_3  (cost=0.00..5.39 rows=96 width=0)
	        Index Cond: ((k >= 3932444) AND (k <= 3932544))

table 4 : explain SELECT k, c FROM sbtest4 WHERE k BETWEEN 3932444 AND 3932544
	Bitmap Heap Scan on sbtest4  (cost=5.48..409.51 rows=102 width=125)
	  Recheck Cond: ((k >= 3932444) AND (k <= 3932544))
	  ->  Bitmap Index Scan on k_4  (cost=0.00..5.45 rows=102 width=0)
	        Index Cond: ((k >= 3932444) AND (k <= 3932544))

table 5 : explain SELECT k, c FROM sbtest5 WHERE k BETWEEN 3932444 AND 3932544
	Bitmap Heap Scan on sbtest5  (cost=5.46..401.78 rows=100 width=125)
	  Recheck Cond: ((k >= 3932444) AND (k <= 3932544))
	  ->  Bitmap Index Scan on k_5  (cost=0.00..5.43 rows=100 width=0)
	        Index Cond: ((k >= 3932444) AND (k <= 3932544))

table 6 : explain SELECT k, c FROM sbtest6 WHERE k BETWEEN 3932444 AND 3932544
	Bitmap Heap Scan on sbtest6  (cost=5.59..452.95 rows=113 width=125)
	  Recheck Cond: ((k >= 3932444) AND (k <= 3932544))
	  ->  Bitmap Index Scan on k_6  (cost=0.00..5.56 rows=113 width=0)
	        Index Cond: ((k >= 3932444) AND (k <= 3932544))

table 7 : explain SELECT k, c FROM sbtest7 WHERE k BETWEEN 3932444 AND 3932544
	Bitmap Heap Scan on sbtest7  (cost=5.48..409.67 rows=102 width=125)
	  Recheck Cond: ((k >= 3932444) AND (k <= 3932544))
	  ->  Bitmap Index Scan on k_7  (cost=0.00..5.45 rows=102 width=0)
	        Index Cond: ((k >= 3932444) AND (k <= 3932544))

table 8 : explain SELECT k, c FROM sbtest8 WHERE k BETWEEN 3932444 AND 3932544
	Bitmap Heap Scan on sbtest8  (cost=5.41..381.96 rows=95 width=125)
	  Recheck Cond: ((k >= 3932444) AND (k <= 3932544))
	  ->  Bitmap Index Scan on k_8  (cost=0.00..5.38 rows=95 width=0)
	        Index Cond: ((k >= 3932444) AND (k <= 3932544))

explain: for range-notcovered :: explain SELECT k, c FROM sbtest%d WHERE k BETWEEN 3932444 AND 3932544
for range-notcovered
table 1 : explain SELECT k, c FROM sbtest1 WHERE k BETWEEN 5062200 AND 5062300
	Bitmap Heap Scan on sbtest1  (cost=5.46..401.56 rows=100 width=125)
	  Recheck Cond: ((k >= 5062200) AND (k <= 5062300))
	  ->  Bitmap Index Scan on k_1  (cost=0.00..5.43 rows=100 width=0)
	        Index Cond: ((k >= 5062200) AND (k <= 5062300))

table 2 : explain SELECT k, c FROM sbtest2 WHERE k BETWEEN 5062200 AND 5062300
	Bitmap Heap Scan on sbtest2  (cost=5.46..401.61 rows=100 width=125)
	  Recheck Cond: ((k >= 5062200) AND (k <= 5062300))
	  ->  Bitmap Index Scan on k_2  (cost=0.00..5.43 rows=100 width=0)
	        Index Cond: ((k >= 5062200) AND (k <= 5062300))

table 3 : explain SELECT k, c FROM sbtest3 WHERE k BETWEEN 5062200 AND 5062300
	Bitmap Heap Scan on sbtest3  (cost=5.62..464.70 rows=116 width=125)
	  Recheck Cond: ((k >= 5062200) AND (k <= 5062300))
	  ->  Bitmap Index Scan on k_3  (cost=0.00..5.59 rows=116 width=0)
	        Index Cond: ((k >= 5062200) AND (k <= 5062300))

table 4 : explain SELECT k, c FROM sbtest4 WHERE k BETWEEN 5062200 AND 5062300
	Bitmap Heap Scan on sbtest4  (cost=5.50..417.40 rows=104 width=125)
	  Recheck Cond: ((k >= 5062200) AND (k <= 5062300))
	  ->  Bitmap Index Scan on k_4  (cost=0.00..5.47 rows=104 width=0)
	        Index Cond: ((k >= 5062200) AND (k <= 5062300))

table 5 : explain SELECT k, c FROM sbtest5 WHERE k BETWEEN 5062200 AND 5062300
	Bitmap Heap Scan on sbtest5  (cost=5.38..370.18 rows=92 width=125)
	  Recheck Cond: ((k >= 5062200) AND (k <= 5062300))
	  ->  Bitmap Index Scan on k_5  (cost=0.00..5.35 rows=92 width=0)
	        Index Cond: ((k >= 5062200) AND (k <= 5062300))

table 6 : explain SELECT k, c FROM sbtest6 WHERE k BETWEEN 5062200 AND 5062300
	Bitmap Heap Scan on sbtest6  (cost=5.49..413.52 rows=103 width=125)
	  Recheck Cond: ((k >= 5062200) AND (k <= 5062300))
	  ->  Bitmap Index Scan on k_6  (cost=0.00..5.46 rows=103 width=0)
	        Index Cond: ((k >= 5062200) AND (k <= 5062300))

table 7 : explain SELECT k, c FROM sbtest7 WHERE k BETWEEN 5062200 AND 5062300
	Bitmap Heap Scan on sbtest7  (cost=5.49..413.62 rows=103 width=125)
	  Recheck Cond: ((k >= 5062200) AND (k <= 5062300))
	  ->  Bitmap Index Scan on k_7  (cost=0.00..5.46 rows=103 width=0)
	        Index Cond: ((k >= 5062200) AND (k <= 5062300))

table 8 : explain SELECT k, c FROM sbtest8 WHERE k BETWEEN 5062200 AND 5062300
	Bitmap Heap Scan on sbtest8  (cost=5.52..425.37 rows=106 width=125)
	  Recheck Cond: ((k >= 5062200) AND (k <= 5062300))
	  ->  Bitmap Index Scan on k_8  (cost=0.00..5.50 rows=106 width=0)
	        Index Cond: ((k >= 5062200) AND (k <= 5062300))

for range-notcovered
table 1 : explain SELECT k, c FROM sbtest1 WHERE k BETWEEN 4467670 AND 4467770
	Bitmap Heap Scan on sbtest1  (cost=5.47..405.51 rows=101 width=125)
	  Recheck Cond: ((k >= 4467670) AND (k <= 4467770))
	  ->  Bitmap Index Scan on k_1  (cost=0.00..5.44 rows=101 width=0)
	        Index Cond: ((k >= 4467670) AND (k <= 4467770))

table 2 : explain SELECT k, c FROM sbtest2 WHERE k BETWEEN 4467670 AND 4467770
	Bitmap Heap Scan on sbtest2  (cost=5.56..441.04 rows=110 width=125)
	  Recheck Cond: ((k >= 4467670) AND (k <= 4467770))
	  ->  Bitmap Index Scan on k_2  (cost=0.00..5.53 rows=110 width=0)
	        Index Cond: ((k >= 4467670) AND (k <= 4467770))

table 3 : explain SELECT k, c FROM sbtest3 WHERE k BETWEEN 4467670 AND 4467770
	Bitmap Heap Scan on sbtest3  (cost=5.47..405.57 rows=101 width=125)
	  Recheck Cond: ((k >= 4467670) AND (k <= 4467770))
	  ->  Bitmap Index Scan on k_3  (cost=0.00..5.44 rows=101 width=0)
	        Index Cond: ((k >= 4467670) AND (k <= 4467770))

table 4 : explain SELECT k, c FROM sbtest4 WHERE k BETWEEN 4467670 AND 4467770
	Bitmap Heap Scan on sbtest4  (cost=5.53..429.23 rows=107 width=125)
	  Recheck Cond: ((k >= 4467670) AND (k <= 4467770))
	  ->  Bitmap Index Scan on k_4  (cost=0.00..5.50 rows=107 width=0)
	        Index Cond: ((k >= 4467670) AND (k <= 4467770))

table 5 : explain SELECT k, c FROM sbtest5 WHERE k BETWEEN 4467670 AND 4467770
	Bitmap Heap Scan on sbtest5  (cost=5.56..441.23 rows=110 width=125)
	  Recheck Cond: ((k >= 4467670) AND (k <= 4467770))
	  ->  Bitmap Index Scan on k_5  (cost=0.00..5.53 rows=110 width=0)
	        Index Cond: ((k >= 4467670) AND (k <= 4467770))

table 6 : explain SELECT k, c FROM sbtest6 WHERE k BETWEEN 4467670 AND 4467770
	Bitmap Heap Scan on sbtest6  (cost=5.41..381.95 rows=95 width=125)
	  Recheck Cond: ((k >= 4467670) AND (k <= 4467770))
	  ->  Bitmap Index Scan on k_6  (cost=0.00..5.38 rows=95 width=0)
	        Index Cond: ((k >= 4467670) AND (k <= 4467770))

table 7 : explain SELECT k, c FROM sbtest7 WHERE k BETWEEN 4467670 AND 4467770
	Bitmap Heap Scan on sbtest7  (cost=5.50..417.56 rows=104 width=125)
	  Recheck Cond: ((k >= 4467670) AND (k <= 4467770))
	  ->  Bitmap Index Scan on k_7  (cost=0.00..5.47 rows=104 width=0)
	        Index Cond: ((k >= 4467670) AND (k <= 4467770))

table 8 : explain SELECT k, c FROM sbtest8 WHERE k BETWEEN 4467670 AND 4467770
	Bitmap Heap Scan on sbtest8  (cost=5.54..433.26 rows=108 width=125)
	  Recheck Cond: ((k >= 4467670) AND (k <= 4467770))
	  ->  Bitmap Index Scan on k_8  (cost=0.00..5.51 rows=108 width=0)
	        Index Cond: ((k >= 4467670) AND (k <= 4467770))
explain: for range-notcovered :: explain SELECT k, c FROM sbtest%d WHERE k BETWEEN 5062200 AND 5062300

explain: for range-notcovered :: explain SELECT k, c FROM sbtest%d WHERE k BETWEEN 3679004 AND 3679104
explain: for range-notcovered :: explain SELECT k, c FROM sbtest%d WHERE k BETWEEN 4467670 AND 4467770
for range-notcovered
table 1 : explain SELECT k, c FROM sbtest1 WHERE k BETWEEN 7884776 AND 7884876
	Bitmap Heap Scan on sbtest1  (cost=5.35..358.15 rows=89 width=125)
	  Recheck Cond: ((k >= 7884776) AND (k <= 7884876))
	  ->  Bitmap Index Scan on k_1  (cost=0.00..5.32 rows=89 width=0)
	        Index Cond: ((k >= 7884776) AND (k <= 7884876))

table 2 : explain SELECT k, c FROM sbtest2 WHERE k BETWEEN 7884776 AND 7884876
	Bitmap Heap Scan on sbtest2  (cost=5.55..437.10 rows=109 width=125)
	  Recheck Cond: ((k >= 7884776) AND (k <= 7884876))
	  ->  Bitmap Index Scan on k_2  (cost=0.00..5.52 rows=109 width=0)
	        Index Cond: ((k >= 7884776) AND (k <= 7884876))

table 3 : explain SELECT k, c FROM sbtest3 WHERE k BETWEEN 7884776 AND 7884876
	Bitmap Heap Scan on sbtest3  (cost=5.49..413.46 rows=103 width=125)
	  Recheck Cond: ((k >= 7884776) AND (k <= 7884876))
	  ->  Bitmap Index Scan on k_3  (cost=0.00..5.46 rows=103 width=0)
	        Index Cond: ((k >= 7884776) AND (k <= 7884876))

table 4 : explain SELECT k, c FROM sbtest4 WHERE k BETWEEN 7884776 AND 7884876
	Bitmap Heap Scan on sbtest4  (cost=5.48..409.51 rows=102 width=125)
	  Recheck Cond: ((k >= 7884776) AND (k <= 7884876))
	  ->  Bitmap Index Scan on k_4  (cost=0.00..5.45 rows=102 width=0)
	        Index Cond: ((k >= 7884776) AND (k <= 7884876))

table 5 : explain SELECT k, c FROM sbtest5 WHERE k BETWEEN 7884776 AND 7884876
	Bitmap Heap Scan on sbtest5  (cost=5.58..449.12 rows=112 width=125)
	  Recheck Cond: ((k >= 7884776) AND (k <= 7884876))
	  ->  Bitmap Index Scan on k_5  (cost=0.00..5.55 rows=112 width=0)
	        Index Cond: ((k >= 7884776) AND (k <= 7884876))

table 6 : explain SELECT k, c FROM sbtest6 WHERE k BETWEEN 7884776 AND 7884876
	Bitmap Heap Scan on sbtest6  (cost=5.40..378.00 rows=94 width=125)
	  Recheck Cond: ((k >= 7884776) AND (k <= 7884876))
	  ->  Bitmap Index Scan on k_6  (cost=0.00..5.38 rows=94 width=0)
	        Index Cond: ((k >= 7884776) AND (k <= 7884876))

table 7 : explain SELECT k, c FROM sbtest7 WHERE k BETWEEN 7884776 AND 7884876
	Bitmap Heap Scan on sbtest7  (cost=5.51..421.51 rows=105 width=125)
	  Recheck Cond: ((k >= 7884776) AND (k <= 7884876))
	  ->  Bitmap Index Scan on k_7  (cost=0.00..5.48 rows=105 width=0)
	        Index Cond: ((k >= 7884776) AND (k <= 7884876))

table 8 : explain SELECT k, c FROM sbtest8 WHERE k BETWEEN 7884776 AND 7884876
	Bitmap Heap Scan on sbtest8  (cost=5.45..397.75 rows=99 width=125)
	  Recheck Cond: ((k >= 7884776) AND (k <= 7884876))
	  ->  Bitmap Index Scan on k_8  (cost=0.00..5.42 rows=99 width=0)
	        Index Cond: ((k >= 7884776) AND (k <= 7884876))

explain: for range-notcovered :: explain SELECT k, c FROM sbtest%d WHERE k BETWEEN 3553595 AND 3553695
explain: for range-notcovered :: explain SELECT k, c FROM sbtest%d WHERE k BETWEEN 7884776 AND 7884876
for range-notcovered
table 1 : explain SELECT k, c FROM sbtest1 WHERE k BETWEEN 382864 AND 382964
	Bitmap Heap Scan on sbtest1  (cost=5.52..425.22 rows=106 width=125)
	  Recheck Cond: ((k >= 382864) AND (k <= 382964))
	  ->  Bitmap Index Scan on k_1  (cost=0.00..5.50 rows=106 width=0)
	        Index Cond: ((k >= 382864) AND (k <= 382964))

table 2 : explain SELECT k, c FROM sbtest2 WHERE k BETWEEN 382864 AND 382964
	Bitmap Heap Scan on sbtest2  (cost=5.48..409.50 rows=102 width=125)
	  Recheck Cond: ((k >= 382864) AND (k <= 382964))
	  ->  Bitmap Index Scan on k_2  (cost=0.00..5.45 rows=102 width=0)
	        Index Cond: ((k >= 382864) AND (k <= 382964))

table 3 : explain SELECT k, c FROM sbtest3 WHERE k BETWEEN 382864 AND 382964
	Bitmap Heap Scan on sbtest3  (cost=5.45..397.68 rows=99 width=125)
	  Recheck Cond: ((k >= 382864) AND (k <= 382964))
	  ->  Bitmap Index Scan on k_3  (cost=0.00..5.42 rows=99 width=0)
	        Index Cond: ((k >= 382864) AND (k <= 382964))

table 4 : explain SELECT k, c FROM sbtest4 WHERE k BETWEEN 382864 AND 382964
	Bitmap Heap Scan on sbtest4  (cost=5.48..409.51 rows=102 width=125)
	  Recheck Cond: ((k >= 382864) AND (k <= 382964))
	  ->  Bitmap Index Scan on k_4  (cost=0.00..5.45 rows=102 width=0)
	        Index Cond: ((k >= 382864) AND (k <= 382964))

table 5 : explain SELECT k, c FROM sbtest5 WHERE k BETWEEN 382864 AND 382964
	Bitmap Heap Scan on sbtest5  (cost=5.42..385.98 rows=96 width=125)
	  Recheck Cond: ((k >= 382864) AND (k <= 382964))
	  ->  Bitmap Index Scan on k_5  (cost=0.00..5.39 rows=96 width=0)
	        Index Cond: ((k >= 382864) AND (k <= 382964))

table 6 : explain SELECT k, c FROM sbtest6 WHERE k BETWEEN 382864 AND 382964
	Bitmap Heap Scan on sbtest6  (cost=5.41..381.95 rows=95 width=125)
	  Recheck Cond: ((k >= 382864) AND (k <= 382964))
	  ->  Bitmap Index Scan on k_6  (cost=0.00..5.38 rows=95 width=0)
	        Index Cond: ((k >= 382864) AND (k <= 382964))

table 7 : explain SELECT k, c FROM sbtest7 WHERE k BETWEEN 382864 AND 382964
	Bitmap Heap Scan on sbtest7  (cost=5.45..397.83 rows=99 width=125)
	  Recheck Cond: ((k >= 382864) AND (k <= 382964))
	  ->  Bitmap Index Scan on k_7  (cost=0.00..5.42 rows=99 width=0)
	        Index Cond: ((k >= 382864) AND (k <= 382964))

table 8 : explain SELECT k, c FROM sbtest8 WHERE k BETWEEN 382864 AND 382964
	Bitmap Heap Scan on sbtest8  (cost=5.36..362.21 rows=90 width=125)
	  Recheck Cond: ((k >= 382864) AND (k <= 382964))
	  ->  Bitmap Index Scan on k_8  (cost=0.00..5.33 rows=90 width=0)
	        Index Cond: ((k >= 382864) AND (k <= 382964))

explain: for range-notcovered :: explain SELECT k, c FROM sbtest%d WHERE k BETWEEN 382864 AND 382964
for range-notcovered
table 1 : explain SELECT k, c FROM sbtest1 WHERE k BETWEEN 6101935 AND 6102035
	Bitmap Heap Scan on sbtest1  (cost=5.50..417.34 rows=104 width=125)
	  Recheck Cond: ((k >= 6101935) AND (k <= 6102035))
	  ->  Bitmap Index Scan on k_1  (cost=0.00..5.47 rows=104 width=0)
	        Index Cond: ((k >= 6101935) AND (k <= 6102035))

table 2 : explain SELECT k, c FROM sbtest2 WHERE k BETWEEN 6101935 AND 6102035
	Bitmap Heap Scan on sbtest2  (cost=5.53..429.21 rows=107 width=125)
	  Recheck Cond: ((k >= 6101935) AND (k <= 6102035))
	  ->  Bitmap Index Scan on k_2  (cost=0.00..5.50 rows=107 width=0)
	        Index Cond: ((k >= 6101935) AND (k <= 6102035))

table 3 : explain SELECT k, c FROM sbtest3 WHERE k BETWEEN 6101935 AND 6102035
	Bitmap Heap Scan on sbtest3  (cost=5.40..377.95 rows=94 width=125)
	  Recheck Cond: ((k >= 6101935) AND (k <= 6102035))
	  ->  Bitmap Index Scan on k_3  (cost=0.00..5.38 rows=94 width=0)
	        Index Cond: ((k >= 6101935) AND (k <= 6102035))

table 4 : explain SELECT k, c FROM sbtest4 WHERE k BETWEEN 6101935 AND 6102035
	Bitmap Heap Scan on sbtest4  (cost=5.47..405.57 rows=101 width=125)
	  Recheck Cond: ((k >= 6101935) AND (k <= 6102035))
	  ->  Bitmap Index Scan on k_4  (cost=0.00..5.44 rows=101 width=0)
	        Index Cond: ((k >= 6101935) AND (k <= 6102035))

table 5 : explain SELECT k, c FROM sbtest5 WHERE k BETWEEN 6101935 AND 6102035
	Bitmap Heap Scan on sbtest5  (cost=5.43..389.93 rows=97 width=125)
	  Recheck Cond: ((k >= 6101935) AND (k <= 6102035))
	  ->  Bitmap Index Scan on k_5  (cost=0.00..5.40 rows=97 width=0)
	        Index Cond: ((k >= 6101935) AND (k <= 6102035))

table 6 : explain SELECT k, c FROM sbtest6 WHERE k BETWEEN 6101935 AND 6102035
	Bitmap Heap Scan on sbtest6  (cost=5.44..393.79 rows=98 width=125)
	  Recheck Cond: ((k >= 6101935) AND (k <= 6102035))
	  ->  Bitmap Index Scan on k_6  (cost=0.00..5.42 rows=98 width=0)
	        Index Cond: ((k >= 6101935) AND (k <= 6102035))

table 7 : explain SELECT k, c FROM sbtest7 WHERE k BETWEEN 6101935 AND 6102035
	Bitmap Heap Scan on sbtest7  (cost=5.49..413.62 rows=103 width=125)
	  Recheck Cond: ((k >= 6101935) AND (k <= 6102035))
	  ->  Bitmap Index Scan on k_7  (cost=0.00..5.46 rows=103 width=0)
	        Index Cond: ((k >= 6101935) AND (k <= 6102035))

table 8 : explain SELECT k, c FROM sbtest8 WHERE k BETWEEN 6101935 AND 6102035
	Bitmap Heap Scan on sbtest8  (cost=5.54..433.26 rows=108 width=125)
	  Recheck Cond: ((k >= 6101935) AND (k <= 6102035))
	  ->  Bitmap Index Scan on k_8  (cost=0.00..5.51 rows=108 width=0)
	        Index Cond: ((k >= 6101935) AND (k <= 6102035))

for range-notcovered
table 1 : explain SELECT k, c FROM sbtest1 WHERE k BETWEEN 1661505 AND 1661605
	Bitmap Heap Scan on sbtest1  (cost=5.49..413.39 rows=103 width=125)
	  Recheck Cond: ((k >= 1661505) AND (k <= 1661605))
	  ->  Bitmap Index Scan on k_1  (cost=0.00..5.46 rows=103 width=0)
	        Index Cond: ((k >= 1661505) AND (k <= 1661605))

table 2 : explain SELECT k, c FROM sbtest2 WHERE k BETWEEN 1661505 AND 1661605
	Bitmap Heap Scan on sbtest2  (cost=5.45..397.66 rows=99 width=125)
	  Recheck Cond: ((k >= 1661505) AND (k <= 1661605))
	  ->  Bitmap Index Scan on k_2  (cost=0.00..5.42 rows=99 width=0)
	        Index Cond: ((k >= 1661505) AND (k <= 1661605))

table 3 : explain SELECT k, c FROM sbtest3 WHERE k BETWEEN 1661505 AND 1661605
	Bitmap Heap Scan on sbtest3  (cost=5.44..393.74 rows=98 width=125)
	  Recheck Cond: ((k >= 1661505) AND (k <= 1661605))
	  ->  Bitmap Index Scan on k_3  (cost=0.00..5.42 rows=98 width=0)
	        Index Cond: ((k >= 1661505) AND (k <= 1661605))

table 4 : explain SELECT k, c FROM sbtest4 WHERE k BETWEEN 1661505 AND 1661605
	Bitmap Heap Scan on sbtest4  (cost=5.48..409.51 rows=102 width=125)
	  Recheck Cond: ((k >= 1661505) AND (k <= 1661605))
	  ->  Bitmap Index Scan on k_4  (cost=0.00..5.45 rows=102 width=0)
	        Index Cond: ((k >= 1661505) AND (k <= 1661605))

table 5 : explain SELECT k, c FROM sbtest5 WHERE k BETWEEN 1661505 AND 1661605
	Bitmap Heap Scan on sbtest5  (cost=5.57..445.18 rows=111 width=125)
	  Recheck Cond: ((k >= 1661505) AND (k <= 1661605))
	  ->  Bitmap Index Scan on k_5  (cost=0.00..5.54 rows=111 width=0)
	        Index Cond: ((k >= 1661505) AND (k <= 1661605))

table 6 : explain SELECT k, c FROM sbtest6 WHERE k BETWEEN 1661505 AND 1661605
	Bitmap Heap Scan on sbtest6  (cost=5.49..413.52 rows=103 width=125)
	  Recheck Cond: ((k >= 1661505) AND (k <= 1661605))
	  ->  Bitmap Index Scan on k_6  (cost=0.00..5.46 rows=103 width=0)
	        Index Cond: ((k >= 1661505) AND (k <= 1661605))

table 7 : explain SELECT k, c FROM sbtest7 WHERE k BETWEEN 1661505 AND 1661605
	Bitmap Heap Scan on sbtest7  (cost=5.46..401.78 rows=100 width=125)
	  Recheck Cond: ((k >= 1661505) AND (k <= 1661605))
	  ->  Bitmap Index Scan on k_7  (cost=0.00..5.43 rows=100 width=0)
	        Index Cond: ((k >= 1661505) AND (k <= 1661605))

table 8 : explain SELECT k, c FROM sbtest8 WHERE k BETWEEN 1661505 AND 1661605
	Bitmap Heap Scan on sbtest8  (cost=5.49..413.54 rows=103 width=125)
	  Recheck Cond: ((k >= 1661505) AND (k <= 1661605))
	  ->  Bitmap Index Scan on k_8  (cost=0.00..5.46 rows=103 width=0)
	        Index Cond: ((k >= 1661505) AND (k <= 1661605))

for range-notcovered
table 1 : explain SELECT k, c FROM sbtest1 WHERE k BETWEEN 5359968 AND 5360068
	Bitmap Heap Scan on sbtest1  (cost=5.40..377.89 rows=94 width=125)
	  Recheck Cond: ((k >= 5359968) AND (k <= 5360068))
	  ->  Bitmap Index Scan on k_1  (cost=0.00..5.38 rows=94 width=0)
	        Index Cond: ((k >= 5359968) AND (k <= 5360068))

table 2 : explain SELECT k, c FROM sbtest2 WHERE k BETWEEN 5359968 AND 5360068
	Bitmap Heap Scan on sbtest2  (cost=5.52..425.27 rows=106 width=125)
	  Recheck Cond: ((k >= 5359968) AND (k <= 5360068))
	  ->  Bitmap Index Scan on k_2  (cost=0.00..5.50 rows=106 width=0)
	        Index Cond: ((k >= 5359968) AND (k <= 5360068))

table 3 : explain SELECT k, c FROM sbtest3 WHERE k BETWEEN 5359968 AND 5360068
	Bitmap Heap Scan on sbtest3  (cost=5.43..389.79 rows=97 width=125)
	  Recheck Cond: ((k >= 5359968) AND (k <= 5360068))
	  ->  Bitmap Index Scan on k_3  (cost=0.00..5.40 rows=97 width=0)
	        Index Cond: ((k >= 5359968) AND (k <= 5360068))

table 4 : explain SELECT k, c FROM sbtest4 WHERE k BETWEEN 5359968 AND 5360068
	Bitmap Heap Scan on sbtest4  (cost=5.53..429.23 rows=107 width=125)
	  Recheck Cond: ((k >= 5359968) AND (k <= 5360068))
	  ->  Bitmap Index Scan on k_4  (cost=0.00..5.50 rows=107 width=0)
	        Index Cond: ((k >= 5359968) AND (k <= 5360068))

table 5 : explain SELECT k, c FROM sbtest5 WHERE k BETWEEN 5359968 AND 5360068
	Bitmap Heap Scan on sbtest5  (cost=5.38..370.18 rows=92 width=125)
	  Recheck Cond: ((k >= 5359968) AND (k <= 5360068))
	  ->  Bitmap Index Scan on k_5  (cost=0.00..5.35 rows=92 width=0)
	        Index Cond: ((k >= 5359968) AND (k <= 5360068))

table 6 : explain SELECT k, c FROM sbtest6 WHERE k BETWEEN 5359968 AND 5360068
	Bitmap Heap Scan on sbtest6  (cost=5.46..401.69 rows=100 width=125)
	  Recheck Cond: ((k >= 5359968) AND (k <= 5360068))
	  ->  Bitmap Index Scan on k_6  (cost=0.00..5.43 rows=100 width=0)
	        Index Cond: ((k >= 5359968) AND (k <= 5360068))

table 7 : explain SELECT k, c FROM sbtest7 WHERE k BETWEEN 5359968 AND 5360068
	Bitmap Heap Scan on sbtest7  (cost=5.54..433.35 rows=108 width=125)
	  Recheck Cond: ((k >= 5359968) AND (k <= 5360068))
	  ->  Bitmap Index Scan on k_7  (cost=0.00..5.51 rows=108 width=0)
	        Index Cond: ((k >= 5359968) AND (k <= 5360068))

table 8 : explain SELECT k, c FROM sbtest8 WHERE k BETWEEN 5359968 AND 5360068
	Bitmap Heap Scan on sbtest8  (cost=5.54..433.26 rows=108 width=125)
	  Recheck Cond: ((k >= 5359968) AND (k <= 5360068))
	  ->  Bitmap Index Scan on k_8  (cost=0.00..5.51 rows=108 width=0)
	        Index Cond: ((k >= 5359968) AND (k <= 5360068))

explain: for range-notcovered :: explain SELECT k, c FROM sbtest%d WHERE k BETWEEN 6101935 AND 6102035
explain: for range-notcovered :: explain SELECT k, c FROM sbtest%d WHERE k BETWEEN 1661505 AND 1661605
explain: for range-notcovered :: explain SELECT k, c FROM sbtest%d WHERE k BETWEEN 5359968 AND 5360068
for range-notcovered
table 1 : explain SELECT k, c FROM sbtest1 WHERE k BETWEEN 3932444 AND 3932544
	Bitmap Heap Scan on sbtest1  (cost=5.60..456.74 rows=114 width=125)
	  Recheck Cond: ((k >= 3932444) AND (k <= 3932544))
	  ->  Bitmap Index Scan on k_1  (cost=0.00..5.58 rows=114 width=0)
	        Index Cond: ((k >= 3932444) AND (k <= 3932544))

table 2 : explain SELECT k, c FROM sbtest2 WHERE k BETWEEN 3932444 AND 3932544
	Bitmap Heap Scan on sbtest2  (cost=5.48..409.50 rows=102 width=125)
	  Recheck Cond: ((k >= 3932444) AND (k <= 3932544))
	  ->  Bitmap Index Scan on k_2  (cost=0.00..5.45 rows=102 width=0)
	        Index Cond: ((k >= 3932444) AND (k <= 3932544))

table 3 : explain SELECT k, c FROM sbtest3 WHERE k BETWEEN 3932444 AND 3932544
	Bitmap Heap Scan on sbtest3  (cost=5.42..385.84 rows=96 width=125)
	  Recheck Cond: ((k >= 3932444) AND (k <= 3932544))
	  ->  Bitmap Index Scan on k_3  (cost=0.00..5.39 rows=96 width=0)
	        Index Cond: ((k >= 3932444) AND (k <= 3932544))

table 4 : explain SELECT k, c FROM sbtest4 WHERE k BETWEEN 3932444 AND 3932544
	Bitmap Heap Scan on sbtest4  (cost=5.48..409.51 rows=102 width=125)
	  Recheck Cond: ((k >= 3932444) AND (k <= 3932544))
	  ->  Bitmap Index Scan on k_4  (cost=0.00..5.45 rows=102 width=0)
	        Index Cond: ((k >= 3932444) AND (k <= 3932544))

table 5 : explain SELECT k, c FROM sbtest5 WHERE k BETWEEN 3932444 AND 3932544
	Bitmap Heap Scan on sbtest5  (cost=5.46..401.78 rows=100 width=125)
	  Recheck Cond: ((k >= 3932444) AND (k <= 3932544))
	  ->  Bitmap Index Scan on k_5  (cost=0.00..5.43 rows=100 width=0)
	        Index Cond: ((k >= 3932444) AND (k <= 3932544))

table 6 : explain SELECT k, c FROM sbtest6 WHERE k BETWEEN 3932444 AND 3932544
	Bitmap Heap Scan on sbtest6  (cost=5.59..452.95 rows=113 width=125)
	  Recheck Cond: ((k >= 3932444) AND (k <= 3932544))
	  ->  Bitmap Index Scan on k_6  (cost=0.00..5.56 rows=113 width=0)
	        Index Cond: ((k >= 3932444) AND (k <= 3932544))

table 7 : explain SELECT k, c FROM sbtest7 WHERE k BETWEEN 3932444 AND 3932544
	Bitmap Heap Scan on sbtest7  (cost=5.48..409.67 rows=102 width=125)
	  Recheck Cond: ((k >= 3932444) AND (k <= 3932544))
	  ->  Bitmap Index Scan on k_7  (cost=0.00..5.45 rows=102 width=0)
	        Index Cond: ((k >= 3932444) AND (k <= 3932544))

table 8 : explain SELECT k, c FROM sbtest8 WHERE k BETWEEN 3932444 AND 3932544
	Bitmap Heap Scan on sbtest8  (cost=5.41..381.96 rows=95 width=125)
	  Recheck Cond: ((k >= 3932444) AND (k <= 3932544))
	  ->  Bitmap Index Scan on k_8  (cost=0.00..5.38 rows=95 width=0)
	        Index Cond: ((k >= 3932444) AND (k <= 3932544))

for range-notcovered
table 1 : explain SELECT k, c FROM sbtest1 WHERE k BETWEEN 4648538 AND 4648638
	Bitmap Heap Scan on sbtest1  (cost=5.49..413.39 rows=103 width=125)
	  Recheck Cond: ((k >= 4648538) AND (k <= 4648638))
	  ->  Bitmap Index Scan on k_1  (cost=0.00..5.46 rows=103 width=0)
	        Index Cond: ((k >= 4648538) AND (k <= 4648638))

table 2 : explain SELECT k, c FROM sbtest2 WHERE k BETWEEN 4648538 AND 4648638
	Bitmap Heap Scan on sbtest2  (cost=5.51..421.33 rows=105 width=125)
	  Recheck Cond: ((k >= 4648538) AND (k <= 4648638))
	  ->  Bitmap Index Scan on k_2  (cost=0.00..5.48 rows=105 width=0)
	        Index Cond: ((k >= 4648538) AND (k <= 4648638))

table 3 : explain SELECT k, c FROM sbtest3 WHERE k BETWEEN 4648538 AND 4648638
	Bitmap Heap Scan on sbtest3  (cost=5.50..417.40 rows=104 width=125)
	  Recheck Cond: ((k >= 4648538) AND (k <= 4648638))
	  ->  Bitmap Index Scan on k_3  (cost=0.00..5.47 rows=104 width=0)
	        Index Cond: ((k >= 4648538) AND (k <= 4648638))

table 4 : explain SELECT k, c FROM sbtest4 WHERE k BETWEEN 4648538 AND 4648638
	Bitmap Heap Scan on sbtest4  (cost=5.48..409.51 rows=102 width=125)
	  Recheck Cond: ((k >= 4648538) AND (k <= 4648638))
	  ->  Bitmap Index Scan on k_4  (cost=0.00..5.45 rows=102 width=0)
	        Index Cond: ((k >= 4648538) AND (k <= 4648638))

table 5 : explain SELECT k, c FROM sbtest5 WHERE k BETWEEN 4648538 AND 4648638
	Bitmap Heap Scan on sbtest5  (cost=5.46..401.78 rows=100 width=125)
	  Recheck Cond: ((k >= 4648538) AND (k <= 4648638))
	  ->  Bitmap Index Scan on k_5  (cost=0.00..5.43 rows=100 width=0)
	        Index Cond: ((k >= 4648538) AND (k <= 4648638))

table 6 : explain SELECT k, c FROM sbtest6 WHERE k BETWEEN 4648538 AND 4648638
	Bitmap Heap Scan on sbtest6  (cost=5.55..437.19 rows=109 width=125)
	  Recheck Cond: ((k >= 4648538) AND (k <= 4648638))
	  ->  Bitmap Index Scan on k_6  (cost=0.00..5.52 rows=109 width=0)
	        Index Cond: ((k >= 4648538) AND (k <= 4648638))

table 7 : explain SELECT k, c FROM sbtest7 WHERE k BETWEEN 4648538 AND 4648638
	Bitmap Heap Scan on sbtest7  (cost=5.57..445.18 rows=111 width=125)
	  Recheck Cond: ((k >= 4648538) AND (k <= 4648638))
	  ->  Bitmap Index Scan on k_7  (cost=0.00..5.54 rows=111 width=0)
	        Index Cond: ((k >= 4648538) AND (k <= 4648638))

table 8 : explain SELECT k, c FROM sbtest8 WHERE k BETWEEN 4648538 AND 4648638
	Bitmap Heap Scan on sbtest8  (cost=5.52..425.37 rows=106 width=125)
	  Recheck Cond: ((k >= 4648538) AND (k <= 4648638))
	  ->  Bitmap Index Scan on k_8  (cost=0.00..5.50 rows=106 width=0)
	        Index Cond: ((k >= 4648538) AND (k <= 4648638))

explain: for range-notcovered :: explain SELECT k, c FROM sbtest%d WHERE k BETWEEN 3932444 AND 3932544
explain: for range-notcovered :: explain SELECT k, c FROM sbtest%d WHERE k BETWEEN 4648538 AND 4648638
for range-notcovered
table 1 : explain SELECT k, c FROM sbtest1 WHERE k BETWEEN 5062200 AND 5062300
	Bitmap Heap Scan on sbtest1  (cost=5.46..401.56 rows=100 width=125)
	  Recheck Cond: ((k >= 5062200) AND (k <= 5062300))
	  ->  Bitmap Index Scan on k_1  (cost=0.00..5.43 rows=100 width=0)
	        Index Cond: ((k >= 5062200) AND (k <= 5062300))

table 2 : explain SELECT k, c FROM sbtest2 WHERE k BETWEEN 5062200 AND 5062300
	Bitmap Heap Scan on sbtest2  (cost=5.46..401.61 rows=100 width=125)
	  Recheck Cond: ((k >= 5062200) AND (k <= 5062300))
	  ->  Bitmap Index Scan on k_2  (cost=0.00..5.43 rows=100 width=0)
	        Index Cond: ((k >= 5062200) AND (k <= 5062300))

table 3 : explain SELECT k, c FROM sbtest3 WHERE k BETWEEN 5062200 AND 5062300
	Bitmap Heap Scan on sbtest3  (cost=5.62..464.70 rows=116 width=125)
	  Recheck Cond: ((k >= 5062200) AND (k <= 5062300))
	  ->  Bitmap Index Scan on k_3  (cost=0.00..5.59 rows=116 width=0)
	        Index Cond: ((k >= 5062200) AND (k <= 5062300))

table 4 : explain SELECT k, c FROM sbtest4 WHERE k BETWEEN 5062200 AND 5062300
	Bitmap Heap Scan on sbtest4  (cost=5.50..417.40 rows=104 width=125)
	  Recheck Cond: ((k >= 5062200) AND (k <= 5062300))
	  ->  Bitmap Index Scan on k_4  (cost=0.00..5.47 rows=104 width=0)
	        Index Cond: ((k >= 5062200) AND (k <= 5062300))

table 5 : explain SELECT k, c FROM sbtest5 WHERE k BETWEEN 5062200 AND 5062300
	Bitmap Heap Scan on sbtest5  (cost=5.38..370.18 rows=92 width=125)
	  Recheck Cond: ((k >= 5062200) AND (k <= 5062300))
	  ->  Bitmap Index Scan on k_5  (cost=0.00..5.35 rows=92 width=0)
	        Index Cond: ((k >= 5062200) AND (k <= 5062300))

table 6 : explain SELECT k, c FROM sbtest6 WHERE k BETWEEN 5062200 AND 5062300
	Bitmap Heap Scan on sbtest6  (cost=5.49..413.52 rows=103 width=125)
	  Recheck Cond: ((k >= 5062200) AND (k <= 5062300))
	  ->  Bitmap Index Scan on k_6  (cost=0.00..5.46 rows=103 width=0)
	        Index Cond: ((k >= 5062200) AND (k <= 5062300))

table 7 : explain SELECT k, c FROM sbtest7 WHERE k BETWEEN 5062200 AND 5062300
	Bitmap Heap Scan on sbtest7  (cost=5.49..413.62 rows=103 width=125)
	  Recheck Cond: ((k >= 5062200) AND (k <= 5062300))
	  ->  Bitmap Index Scan on k_7  (cost=0.00..5.46 rows=103 width=0)
	        Index Cond: ((k >= 5062200) AND (k <= 5062300))

table 8 : explain SELECT k, c FROM sbtest8 WHERE k BETWEEN 5062200 AND 5062300
	Bitmap Heap Scan on sbtest8  (cost=5.52..425.37 rows=106 width=125)
	  Recheck Cond: ((k >= 5062200) AND (k <= 5062300))
	  ->  Bitmap Index Scan on k_8  (cost=0.00..5.50 rows=106 width=0)
	        Index Cond: ((k >= 5062200) AND (k <= 5062300))

for range-notcovered
table 1 : explain SELECT k, c FROM sbtest1 WHERE k BETWEEN 7572654 AND 7572754
	Bitmap Heap Scan on sbtest1  (cost=5.48..409.45 rows=102 width=125)
	  Recheck Cond: ((k >= 7572654) AND (k <= 7572754))
	  ->  Bitmap Index Scan on k_1  (cost=0.00..5.45 rows=102 width=0)
	        Index Cond: ((k >= 7572654) AND (k <= 7572754))

table 2 : explain SELECT k, c FROM sbtest2 WHERE k BETWEEN 7572654 AND 7572754
	Bitmap Heap Scan on sbtest2  (cost=5.47..405.55 rows=101 width=125)
	  Recheck Cond: ((k >= 7572654) AND (k <= 7572754))
	  ->  Bitmap Index Scan on k_2  (cost=0.00..5.44 rows=101 width=0)
	        Index Cond: ((k >= 7572654) AND (k <= 7572754))

table 3 : explain SELECT k, c FROM sbtest3 WHERE k BETWEEN 7572654 AND 7572754
	Bitmap Heap Scan on sbtest3  (cost=5.50..417.40 rows=104 width=125)
	  Recheck Cond: ((k >= 7572654) AND (k <= 7572754))
	  ->  Bitmap Index Scan on k_3  (cost=0.00..5.47 rows=104 width=0)
	        Index Cond: ((k >= 7572654) AND (k <= 7572754))

table 4 : explain SELECT k, c FROM sbtest4 WHERE k BETWEEN 7572654 AND 7572754
	Bitmap Heap Scan on sbtest4  (cost=5.57..445.00 rows=111 width=125)
	  Recheck Cond: ((k >= 7572654) AND (k <= 7572754))
	  ->  Bitmap Index Scan on k_4  (cost=0.00..5.54 rows=111 width=0)
	        Index Cond: ((k >= 7572654) AND (k <= 7572754))

table 5 : explain SELECT k, c FROM sbtest5 WHERE k BETWEEN 7572654 AND 7572754
	Bitmap Heap Scan on sbtest5  (cost=5.45..397.83 rows=99 width=125)
	  Recheck Cond: ((k >= 7572654) AND (k <= 7572754))
	  ->  Bitmap Index Scan on k_5  (cost=0.00..5.42 rows=99 width=0)
	        Index Cond: ((k >= 7572654) AND (k <= 7572754))

table 6 : explain SELECT k, c FROM sbtest6 WHERE k BETWEEN 7572654 AND 7572754
	Bitmap Heap Scan on sbtest6  (cost=5.53..429.30 rows=107 width=125)
	  Recheck Cond: ((k >= 7572654) AND (k <= 7572754))
	  ->  Bitmap Index Scan on k_6  (cost=0.00..5.50 rows=107 width=0)
	        Index Cond: ((k >= 7572654) AND (k <= 7572754))

table 7 : explain SELECT k, c FROM sbtest7 WHERE k BETWEEN 7572654 AND 7572754
	Bitmap Heap Scan on sbtest7  (cost=5.42..385.98 rows=96 width=125)
	  Recheck Cond: ((k >= 7572654) AND (k <= 7572754))
	  ->  Bitmap Index Scan on k_7  (cost=0.00..5.39 rows=96 width=0)
	        Index Cond: ((k >= 7572654) AND (k <= 7572754))

table 8 : explain SELECT k, c FROM sbtest8 WHERE k BETWEEN 7572654 AND 7572754
	Bitmap Heap Scan on sbtest8  (cost=5.63..468.73 rows=117 width=125)
	  Recheck Cond: ((k >= 7572654) AND (k <= 7572754))
	  ->  Bitmap Index Scan on k_8  (cost=0.00..5.60 rows=117 width=0)
	        Index Cond: ((k >= 7572654) AND (k <= 7572754))

explain: for range-notcovered :: explain SELECT k, c FROM sbtest%d WHERE k BETWEEN 5062200 AND 5062300
explain: for range-notcovered :: explain SELECT k, c FROM sbtest%d WHERE k BETWEEN 7572654 AND 7572754
explain: for range-notcovered :: explain SELECT k, c FROM sbtest%d WHERE k BETWEEN 4995921 AND 4996021
for range-notcovered
table 1 : explain SELECT k, c FROM sbtest1 WHERE k BETWEEN 4467670 AND 4467770
	Bitmap Heap Scan on sbtest1  (cost=5.47..405.51 rows=101 width=125)
	  Recheck Cond: ((k >= 4467670) AND (k <= 4467770))
	  ->  Bitmap Index Scan on k_1  (cost=0.00..5.44 rows=101 width=0)
	        Index Cond: ((k >= 4467670) AND (k <= 4467770))

table 2 : explain SELECT k, c FROM sbtest2 WHERE k BETWEEN 4467670 AND 4467770
	Bitmap Heap Scan on sbtest2  (cost=5.56..441.04 rows=110 width=125)
	  Recheck Cond: ((k >= 4467670) AND (k <= 4467770))
	  ->  Bitmap Index Scan on k_2  (cost=0.00..5.53 rows=110 width=0)
	        Index Cond: ((k >= 4467670) AND (k <= 4467770))

table 3 : explain SELECT k, c FROM sbtest3 WHERE k BETWEEN 4467670 AND 4467770
	Bitmap Heap Scan on sbtest3  (cost=5.47..405.57 rows=101 width=125)
	  Recheck Cond: ((k >= 4467670) AND (k <= 4467770))
	  ->  Bitmap Index Scan on k_3  (cost=0.00..5.44 rows=101 width=0)
	        Index Cond: ((k >= 4467670) AND (k <= 4467770))

table 4 : explain SELECT k, c FROM sbtest4 WHERE k BETWEEN 4467670 AND 4467770
	Bitmap Heap Scan on sbtest4  (cost=5.53..429.23 rows=107 width=125)
	  Recheck Cond: ((k >= 4467670) AND (k <= 4467770))
	  ->  Bitmap Index Scan on k_4  (cost=0.00..5.50 rows=107 width=0)
	        Index Cond: ((k >= 4467670) AND (k <= 4467770))

table 5 : explain SELECT k, c FROM sbtest5 WHERE k BETWEEN 4467670 AND 4467770
	Bitmap Heap Scan on sbtest5  (cost=5.56..441.23 rows=110 width=125)
	  Recheck Cond: ((k >= 4467670) AND (k <= 4467770))
	  ->  Bitmap Index Scan on k_5  (cost=0.00..5.53 rows=110 width=0)
	        Index Cond: ((k >= 4467670) AND (k <= 4467770))

table 6 : explain SELECT k, c FROM sbtest6 WHERE k BETWEEN 4467670 AND 4467770
	Bitmap Heap Scan on sbtest6  (cost=5.41..381.95 rows=95 width=125)
	  Recheck Cond: ((k >= 4467670) AND (k <= 4467770))
	  ->  Bitmap Index Scan on k_6  (cost=0.00..5.38 rows=95 width=0)
	        Index Cond: ((k >= 4467670) AND (k <= 4467770))

table 7 : explain SELECT k, c FROM sbtest7 WHERE k BETWEEN 4467670 AND 4467770
	Bitmap Heap Scan on sbtest7  (cost=5.50..417.56 rows=104 width=125)
	  Recheck Cond: ((k >= 4467670) AND (k <= 4467770))
	  ->  Bitmap Index Scan on k_7  (cost=0.00..5.47 rows=104 width=0)
	        Index Cond: ((k >= 4467670) AND (k <= 4467770))

table 8 : explain SELECT k, c FROM sbtest8 WHERE k BETWEEN 4467670 AND 4467770
	Bitmap Heap Scan on sbtest8  (cost=5.54..433.26 rows=108 width=125)
	  Recheck Cond: ((k >= 4467670) AND (k <= 4467770))
	  ->  Bitmap Index Scan on k_8  (cost=0.00..5.51 rows=108 width=0)
	        Index Cond: ((k >= 4467670) AND (k <= 4467770))

for range-notcovered
table 1 : explain SELECT k, c FROM sbtest1 WHERE k BETWEEN 7884776 AND 7884876
	Bitmap Heap Scan on sbtest1  (cost=5.35..358.15 rows=89 width=125)
	  Recheck Cond: ((k >= 7884776) AND (k <= 7884876))
	  ->  Bitmap Index Scan on k_1  (cost=0.00..5.32 rows=89 width=0)
	        Index Cond: ((k >= 7884776) AND (k <= 7884876))

table 2 : explain SELECT k, c FROM sbtest2 WHERE k BETWEEN 7884776 AND 7884876
	Bitmap Heap Scan on sbtest2  (cost=5.55..437.10 rows=109 width=125)
	  Recheck Cond: ((k >= 7884776) AND (k <= 7884876))
	  ->  Bitmap Index Scan on k_2  (cost=0.00..5.52 rows=109 width=0)
	        Index Cond: ((k >= 7884776) AND (k <= 7884876))

table 3 : explain SELECT k, c FROM sbtest3 WHERE k BETWEEN 7884776 AND 7884876
	Bitmap Heap Scan on sbtest3  (cost=5.49..413.46 rows=103 width=125)
	  Recheck Cond: ((k >= 7884776) AND (k <= 7884876))
	  ->  Bitmap Index Scan on k_3  (cost=0.00..5.46 rows=103 width=0)
	        Index Cond: ((k >= 7884776) AND (k <= 7884876))

table 4 : explain SELECT k, c FROM sbtest4 WHERE k BETWEEN 7884776 AND 7884876
	Bitmap Heap Scan on sbtest4  (cost=5.48..409.51 rows=102 width=125)
	  Recheck Cond: ((k >= 7884776) AND (k <= 7884876))
	  ->  Bitmap Index Scan on k_4  (cost=0.00..5.45 rows=102 width=0)
	        Index Cond: ((k >= 7884776) AND (k <= 7884876))

table 5 : explain SELECT k, c FROM sbtest5 WHERE k BETWEEN 7884776 AND 7884876
	Bitmap Heap Scan on sbtest5  (cost=5.58..449.12 rows=112 width=125)
	  Recheck Cond: ((k >= 7884776) AND (k <= 7884876))
	  ->  Bitmap Index Scan on k_5  (cost=0.00..5.55 rows=112 width=0)
	        Index Cond: ((k >= 7884776) AND (k <= 7884876))

table 6 : explain SELECT k, c FROM sbtest6 WHERE k BETWEEN 7884776 AND 7884876
	Bitmap Heap Scan on sbtest6  (cost=5.40..378.00 rows=94 width=125)
	  Recheck Cond: ((k >= 7884776) AND (k <= 7884876))
	  ->  Bitmap Index Scan on k_6  (cost=0.00..5.38 rows=94 width=0)
	        Index Cond: ((k >= 7884776) AND (k <= 7884876))

table 7 : explain SELECT k, c FROM sbtest7 WHERE k BETWEEN 7884776 AND 7884876
	Bitmap Heap Scan on sbtest7  (cost=5.51..421.51 rows=105 width=125)
	  Recheck Cond: ((k >= 7884776) AND (k <= 7884876))
	  ->  Bitmap Index Scan on k_7  (cost=0.00..5.48 rows=105 width=0)
	        Index Cond: ((k >= 7884776) AND (k <= 7884876))

table 8 : explain SELECT k, c FROM sbtest8 WHERE k BETWEEN 7884776 AND 7884876
	Bitmap Heap Scan on sbtest8  (cost=5.45..397.75 rows=99 width=125)
	  Recheck Cond: ((k >= 7884776) AND (k <= 7884876))
	  ->  Bitmap Index Scan on k_8  (cost=0.00..5.42 rows=99 width=0)
	        Index Cond: ((k >= 7884776) AND (k <= 7884876))

explain: for range-notcovered :: explain SELECT k, c FROM sbtest%d WHERE k BETWEEN 4467670 AND 4467770
explain: for range-notcovered :: explain SELECT k, c FROM sbtest%d WHERE k BETWEEN 7884776 AND 7884876
for range-notcovered
table 1 : explain SELECT k, c FROM sbtest1 WHERE k BETWEEN 2149693 AND 2149793
	Bitmap Heap Scan on sbtest1  (cost=5.44..393.67 rows=98 width=125)
	  Recheck Cond: ((k >= 2149693) AND (k <= 2149793))
	  ->  Bitmap Index Scan on k_1  (cost=0.00..5.42 rows=98 width=0)
	        Index Cond: ((k >= 2149693) AND (k <= 2149793))

table 2 : explain SELECT k, c FROM sbtest2 WHERE k BETWEEN 2149693 AND 2149793
	Bitmap Heap Scan on sbtest2  (cost=5.51..421.33 rows=105 width=125)
	  Recheck Cond: ((k >= 2149693) AND (k <= 2149793))
	  ->  Bitmap Index Scan on k_2  (cost=0.00..5.48 rows=105 width=0)
	        Index Cond: ((k >= 2149693) AND (k <= 2149793))

table 3 : explain SELECT k, c FROM sbtest3 WHERE k BETWEEN 2149693 AND 2149793
	Bitmap Heap Scan on sbtest3  (cost=5.41..381.90 rows=95 width=125)
	  Recheck Cond: ((k >= 2149693) AND (k <= 2149793))
	  ->  Bitmap Index Scan on k_3  (cost=0.00..5.38 rows=95 width=0)
	        Index Cond: ((k >= 2149693) AND (k <= 2149793))

table 4 : explain SELECT k, c FROM sbtest4 WHERE k BETWEEN 2149693 AND 2149793
	Bitmap Heap Scan on sbtest4  (cost=5.50..417.40 rows=104 width=125)
	  Recheck Cond: ((k >= 2149693) AND (k <= 2149793))
	  ->  Bitmap Index Scan on k_4  (cost=0.00..5.47 rows=104 width=0)
	        Index Cond: ((k >= 2149693) AND (k <= 2149793))

table 5 : explain SELECT k, c FROM sbtest5 WHERE k BETWEEN 2149693 AND 2149793
	Bitmap Heap Scan on sbtest5  (cost=5.55..437.29 rows=109 width=125)
	  Recheck Cond: ((k >= 2149693) AND (k <= 2149793))
	  ->  Bitmap Index Scan on k_5  (cost=0.00..5.52 rows=109 width=0)
	        Index Cond: ((k >= 2149693) AND (k <= 2149793))

table 6 : explain SELECT k, c FROM sbtest6 WHERE k BETWEEN 2149693 AND 2149793
	Bitmap Heap Scan on sbtest6  (cost=5.46..401.69 rows=100 width=125)
	  Recheck Cond: ((k >= 2149693) AND (k <= 2149793))
	  ->  Bitmap Index Scan on k_6  (cost=0.00..5.43 rows=100 width=0)
	        Index Cond: ((k >= 2149693) AND (k <= 2149793))

table 7 : explain SELECT k, c FROM sbtest7 WHERE k BETWEEN 2149693 AND 2149793
	Bitmap Heap Scan on sbtest7  (cost=5.45..397.83 rows=99 width=125)
	  Recheck Cond: ((k >= 2149693) AND (k <= 2149793))
	  ->  Bitmap Index Scan on k_7  (cost=0.00..5.42 rows=99 width=0)
	        Index Cond: ((k >= 2149693) AND (k <= 2149793))

table 8 : explain SELECT k, c FROM sbtest8 WHERE k BETWEEN 2149693 AND 2149793
	Bitmap Heap Scan on sbtest8  (cost=5.51..421.42 rows=105 width=125)
	  Recheck Cond: ((k >= 2149693) AND (k <= 2149793))
	  ->  Bitmap Index Scan on k_8  (cost=0.00..5.48 rows=105 width=0)
	        Index Cond: ((k >= 2149693) AND (k <= 2149793))

for range-notcovered
table 1 : explain SELECT k, c FROM sbtest1 WHERE k BETWEEN 382864 AND 382964
	Bitmap Heap Scan on sbtest1  (cost=5.52..425.22 rows=106 width=125)
	  Recheck Cond: ((k >= 382864) AND (k <= 382964))
	  ->  Bitmap Index Scan on k_1  (cost=0.00..5.50 rows=106 width=0)
	        Index Cond: ((k >= 382864) AND (k <= 382964))

table 2 : explain SELECT k, c FROM sbtest2 WHERE k BETWEEN 382864 AND 382964
	Bitmap Heap Scan on sbtest2  (cost=5.48..409.50 rows=102 width=125)
	  Recheck Cond: ((k >= 382864) AND (k <= 382964))
	  ->  Bitmap Index Scan on k_2  (cost=0.00..5.45 rows=102 width=0)
	        Index Cond: ((k >= 382864) AND (k <= 382964))

table 3 : explain SELECT k, c FROM sbtest3 WHERE k BETWEEN 382864 AND 382964
	Bitmap Heap Scan on sbtest3  (cost=5.45..397.68 rows=99 width=125)
	  Recheck Cond: ((k >= 382864) AND (k <= 382964))
	  ->  Bitmap Index Scan on k_3  (cost=0.00..5.42 rows=99 width=0)
	        Index Cond: ((k >= 382864) AND (k <= 382964))

table 4 : explain SELECT k, c FROM sbtest4 WHERE k BETWEEN 382864 AND 382964
	Bitmap Heap Scan on sbtest4  (cost=5.48..409.51 rows=102 width=125)
	  Recheck Cond: ((k >= 382864) AND (k <= 382964))
	  ->  Bitmap Index Scan on k_4  (cost=0.00..5.45 rows=102 width=0)
	        Index Cond: ((k >= 382864) AND (k <= 382964))

table 5 : explain SELECT k, c FROM sbtest5 WHERE k BETWEEN 382864 AND 382964
	Bitmap Heap Scan on sbtest5  (cost=5.42..385.98 rows=96 width=125)
	  Recheck Cond: ((k >= 382864) AND (k <= 382964))
	  ->  Bitmap Index Scan on k_5  (cost=0.00..5.39 rows=96 width=0)
	        Index Cond: ((k >= 382864) AND (k <= 382964))

table 6 : explain SELECT k, c FROM sbtest6 WHERE k BETWEEN 382864 AND 382964
	Bitmap Heap Scan on sbtest6  (cost=5.41..381.95 rows=95 width=125)
	  Recheck Cond: ((k >= 382864) AND (k <= 382964))
	  ->  Bitmap Index Scan on k_6  (cost=0.00..5.38 rows=95 width=0)
	        Index Cond: ((k >= 382864) AND (k <= 382964))

table 7 : explain SELECT k, c FROM sbtest7 WHERE k BETWEEN 382864 AND 382964
	Bitmap Heap Scan on sbtest7  (cost=5.45..397.83 rows=99 width=125)
	  Recheck Cond: ((k >= 382864) AND (k <= 382964))
	  ->  Bitmap Index Scan on k_7  (cost=0.00..5.42 rows=99 width=0)
	        Index Cond: ((k >= 382864) AND (k <= 382964))

table 8 : explain SELECT k, c FROM sbtest8 WHERE k BETWEEN 382864 AND 382964
	Bitmap Heap Scan on sbtest8  (cost=5.36..362.21 rows=90 width=125)
	  Recheck Cond: ((k >= 382864) AND (k <= 382964))
	  ->  Bitmap Index Scan on k_8  (cost=0.00..5.33 rows=90 width=0)
	        Index Cond: ((k >= 382864) AND (k <= 382964))

explain: for range-notcovered :: explain SELECT k, c FROM sbtest%d WHERE k BETWEEN 1004812 AND 1004912
explain: for range-notcovered :: explain SELECT k, c FROM sbtest%d WHERE k BETWEEN 382864 AND 382964
for range-notcovered
table 1 : explain SELECT k, c FROM sbtest1 WHERE k BETWEEN 6101935 AND 6102035
	Bitmap Heap Scan on sbtest1  (cost=5.50..417.34 rows=104 width=125)
	  Recheck Cond: ((k >= 6101935) AND (k <= 6102035))
	  ->  Bitmap Index Scan on k_1  (cost=0.00..5.47 rows=104 width=0)
	        Index Cond: ((k >= 6101935) AND (k <= 6102035))

table 2 : explain SELECT k, c FROM sbtest2 WHERE k BETWEEN 6101935 AND 6102035
	Bitmap Heap Scan on sbtest2  (cost=5.53..429.21 rows=107 width=125)
	  Recheck Cond: ((k >= 6101935) AND (k <= 6102035))
	  ->  Bitmap Index Scan on k_2  (cost=0.00..5.50 rows=107 width=0)
	        Index Cond: ((k >= 6101935) AND (k <= 6102035))

table 3 : explain SELECT k, c FROM sbtest3 WHERE k BETWEEN 6101935 AND 6102035
	Bitmap Heap Scan on sbtest3  (cost=5.40..377.95 rows=94 width=125)
	  Recheck Cond: ((k >= 6101935) AND (k <= 6102035))
	  ->  Bitmap Index Scan on k_3  (cost=0.00..5.38 rows=94 width=0)
	        Index Cond: ((k >= 6101935) AND (k <= 6102035))

table 4 : explain SELECT k, c FROM sbtest4 WHERE k BETWEEN 6101935 AND 6102035
	Bitmap Heap Scan on sbtest4  (cost=5.47..405.57 rows=101 width=125)
	  Recheck Cond: ((k >= 6101935) AND (k <= 6102035))
	  ->  Bitmap Index Scan on k_4  (cost=0.00..5.44 rows=101 width=0)
	        Index Cond: ((k >= 6101935) AND (k <= 6102035))

table 5 : explain SELECT k, c FROM sbtest5 WHERE k BETWEEN 6101935 AND 6102035
	Bitmap Heap Scan on sbtest5  (cost=5.43..389.93 rows=97 width=125)
	  Recheck Cond: ((k >= 6101935) AND (k <= 6102035))
	  ->  Bitmap Index Scan on k_5  (cost=0.00..5.40 rows=97 width=0)
	        Index Cond: ((k >= 6101935) AND (k <= 6102035))

table 6 : explain SELECT k, c FROM sbtest6 WHERE k BETWEEN 6101935 AND 6102035
	Bitmap Heap Scan on sbtest6  (cost=5.44..393.79 rows=98 width=125)
	  Recheck Cond: ((k >= 6101935) AND (k <= 6102035))
	  ->  Bitmap Index Scan on k_6  (cost=0.00..5.42 rows=98 width=0)
	        Index Cond: ((k >= 6101935) AND (k <= 6102035))

table 7 : explain SELECT k, c FROM sbtest7 WHERE k BETWEEN 6101935 AND 6102035
	Bitmap Heap Scan on sbtest7  (cost=5.49..413.62 rows=103 width=125)
	  Recheck Cond: ((k >= 6101935) AND (k <= 6102035))
	  ->  Bitmap Index Scan on k_7  (cost=0.00..5.46 rows=103 width=0)
	        Index Cond: ((k >= 6101935) AND (k <= 6102035))

table 8 : explain SELECT k, c FROM sbtest8 WHERE k BETWEEN 6101935 AND 6102035
	Bitmap Heap Scan on sbtest8  (cost=5.54..433.26 rows=108 width=125)
	  Recheck Cond: ((k >= 6101935) AND (k <= 6102035))
	  ->  Bitmap Index Scan on k_8  (cost=0.00..5.51 rows=108 width=0)
	        Index Cond: ((k >= 6101935) AND (k <= 6102035))

for range-notcovered
table 1 : explain SELECT k, c FROM sbtest1 WHERE k BETWEEN 1661505 AND 1661605
	Bitmap Heap Scan on sbtest1  (cost=5.49..413.39 rows=103 width=125)
	  Recheck Cond: ((k >= 1661505) AND (k <= 1661605))
	  ->  Bitmap Index Scan on k_1  (cost=0.00..5.46 rows=103 width=0)
	        Index Cond: ((k >= 1661505) AND (k <= 1661605))

table 2 : explain SELECT k, c FROM sbtest2 WHERE k BETWEEN 1661505 AND 1661605
	Bitmap Heap Scan on sbtest2  (cost=5.45..397.66 rows=99 width=125)
	  Recheck Cond: ((k >= 1661505) AND (k <= 1661605))
	  ->  Bitmap Index Scan on k_2  (cost=0.00..5.42 rows=99 width=0)
	        Index Cond: ((k >= 1661505) AND (k <= 1661605))

table 3 : explain SELECT k, c FROM sbtest3 WHERE k BETWEEN 1661505 AND 1661605
	Bitmap Heap Scan on sbtest3  (cost=5.44..393.74 rows=98 width=125)
	  Recheck Cond: ((k >= 1661505) AND (k <= 1661605))
	  ->  Bitmap Index Scan on k_3  (cost=0.00..5.42 rows=98 width=0)
	        Index Cond: ((k >= 1661505) AND (k <= 1661605))

table 4 : explain SELECT k, c FROM sbtest4 WHERE k BETWEEN 1661505 AND 1661605
	Bitmap Heap Scan on sbtest4  (cost=5.48..409.51 rows=102 width=125)
	  Recheck Cond: ((k >= 1661505) AND (k <= 1661605))
	  ->  Bitmap Index Scan on k_4  (cost=0.00..5.45 rows=102 width=0)
	        Index Cond: ((k >= 1661505) AND (k <= 1661605))

table 5 : explain SELECT k, c FROM sbtest5 WHERE k BETWEEN 1661505 AND 1661605
	Bitmap Heap Scan on sbtest5  (cost=5.57..445.18 rows=111 width=125)
	  Recheck Cond: ((k >= 1661505) AND (k <= 1661605))
	  ->  Bitmap Index Scan on k_5  (cost=0.00..5.54 rows=111 width=0)
	        Index Cond: ((k >= 1661505) AND (k <= 1661605))

table 6 : explain SELECT k, c FROM sbtest6 WHERE k BETWEEN 1661505 AND 1661605
	Bitmap Heap Scan on sbtest6  (cost=5.49..413.52 rows=103 width=125)
	  Recheck Cond: ((k >= 1661505) AND (k <= 1661605))
	  ->  Bitmap Index Scan on k_6  (cost=0.00..5.46 rows=103 width=0)
	        Index Cond: ((k >= 1661505) AND (k <= 1661605))

table 7 : explain SELECT k, c FROM sbtest7 WHERE k BETWEEN 1661505 AND 1661605
	Bitmap Heap Scan on sbtest7  (cost=5.46..401.78 rows=100 width=125)
	  Recheck Cond: ((k >= 1661505) AND (k <= 1661605))
	  ->  Bitmap Index Scan on k_7  (cost=0.00..5.43 rows=100 width=0)
	        Index Cond: ((k >= 1661505) AND (k <= 1661605))

table 8 : explain SELECT k, c FROM sbtest8 WHERE k BETWEEN 1661505 AND 1661605
	Bitmap Heap Scan on sbtest8  (cost=5.49..413.54 rows=103 width=125)
	  Recheck Cond: ((k >= 1661505) AND (k <= 1661605))
	  ->  Bitmap Index Scan on k_8  (cost=0.00..5.46 rows=103 width=0)
	        Index Cond: ((k >= 1661505) AND (k <= 1661605))

explain: for range-notcovered :: explain SELECT k, c FROM sbtest%d WHERE k BETWEEN 6101935 AND 6102035
for range-notcovered
table 1 : explain SELECT k, c FROM sbtest1 WHERE k BETWEEN 5359968 AND 5360068
	Bitmap Heap Scan on sbtest1  (cost=5.40..377.89 rows=94 width=125)
	  Recheck Cond: ((k >= 5359968) AND (k <= 5360068))
	  ->  Bitmap Index Scan on k_1  (cost=0.00..5.38 rows=94 width=0)
	        Index Cond: ((k >= 5359968) AND (k <= 5360068))

table 2 : explain SELECT k, c FROM sbtest2 WHERE k BETWEEN 5359968 AND 5360068
	Bitmap Heap Scan on sbtest2  (cost=5.52..425.27 rows=106 width=125)
	  Recheck Cond: ((k >= 5359968) AND (k <= 5360068))
	  ->  Bitmap Index Scan on k_2  (cost=0.00..5.50 rows=106 width=0)
	        Index Cond: ((k >= 5359968) AND (k <= 5360068))

table 3 : explain SELECT k, c FROM sbtest3 WHERE k BETWEEN 5359968 AND 5360068
	Bitmap Heap Scan on sbtest3  (cost=5.43..389.79 rows=97 width=125)
	  Recheck Cond: ((k >= 5359968) AND (k <= 5360068))
	  ->  Bitmap Index Scan on k_3  (cost=0.00..5.40 rows=97 width=0)
	        Index Cond: ((k >= 5359968) AND (k <= 5360068))

table 4 : explain SELECT k, c FROM sbtest4 WHERE k BETWEEN 5359968 AND 5360068
	Bitmap Heap Scan on sbtest4  (cost=5.53..429.23 rows=107 width=125)
	  Recheck Cond: ((k >= 5359968) AND (k <= 5360068))
	  ->  Bitmap Index Scan on k_4  (cost=0.00..5.50 rows=107 width=0)
	        Index Cond: ((k >= 5359968) AND (k <= 5360068))

table 5 : explain SELECT k, c FROM sbtest5 WHERE k BETWEEN 5359968 AND 5360068
	Bitmap Heap Scan on sbtest5  (cost=5.38..370.18 rows=92 width=125)
	  Recheck Cond: ((k >= 5359968) AND (k <= 5360068))
	  ->  Bitmap Index Scan on k_5  (cost=0.00..5.35 rows=92 width=0)
	        Index Cond: ((k >= 5359968) AND (k <= 5360068))

table 6 : explain SELECT k, c FROM sbtest6 WHERE k BETWEEN 5359968 AND 5360068
	Bitmap Heap Scan on sbtest6  (cost=5.46..401.69 rows=100 width=125)
	  Recheck Cond: ((k >= 5359968) AND (k <= 5360068))
	  ->  Bitmap Index Scan on k_6  (cost=0.00..5.43 rows=100 width=0)
	        Index Cond: ((k >= 5359968) AND (k <= 5360068))

table 7 : explain SELECT k, c FROM sbtest7 WHERE k BETWEEN 5359968 AND 5360068
	Bitmap Heap Scan on sbtest7  (cost=5.54..433.35 rows=108 width=125)
	  Recheck Cond: ((k >= 5359968) AND (k <= 5360068))
	  ->  Bitmap Index Scan on k_7  (cost=0.00..5.51 rows=108 width=0)
	        Index Cond: ((k >= 5359968) AND (k <= 5360068))

table 8 : explain SELECT k, c FROM sbtest8 WHERE k BETWEEN 5359968 AND 5360068
	Bitmap Heap Scan on sbtest8  (cost=5.54..433.26 rows=108 width=125)
	  Recheck Cond: ((k >= 5359968) AND (k <= 5360068))
	  ->  Bitmap Index Scan on k_8  (cost=0.00..5.51 rows=108 width=0)
	        Index Cond: ((k >= 5359968) AND (k <= 5360068))

for range-notcovered
table 1 : explain SELECT k, c FROM sbtest1 WHERE k BETWEEN 3932444 AND 3932544
	Bitmap Heap Scan on sbtest1  (cost=5.60..456.74 rows=114 width=125)
	  Recheck Cond: ((k >= 3932444) AND (k <= 3932544))
	  ->  Bitmap Index Scan on k_1  (cost=0.00..5.58 rows=114 width=0)
	        Index Cond: ((k >= 3932444) AND (k <= 3932544))

table 2 : explain SELECT k, c FROM sbtest2 WHERE k BETWEEN 3932444 AND 3932544
	Bitmap Heap Scan on sbtest2  (cost=5.48..409.50 rows=102 width=125)
	  Recheck Cond: ((k >= 3932444) AND (k <= 3932544))
	  ->  Bitmap Index Scan on k_2  (cost=0.00..5.45 rows=102 width=0)
	        Index Cond: ((k >= 3932444) AND (k <= 3932544))

table 3 : explain SELECT k, c FROM sbtest3 WHERE k BETWEEN 3932444 AND 3932544
	Bitmap Heap Scan on sbtest3  (cost=5.42..385.84 rows=96 width=125)
	  Recheck Cond: ((k >= 3932444) AND (k <= 3932544))
	  ->  Bitmap Index Scan on k_3  (cost=0.00..5.39 rows=96 width=0)
	        Index Cond: ((k >= 3932444) AND (k <= 3932544))

table 4 : explain SELECT k, c FROM sbtest4 WHERE k BETWEEN 3932444 AND 3932544
	Bitmap Heap Scan on sbtest4  (cost=5.48..409.51 rows=102 width=125)
	  Recheck Cond: ((k >= 3932444) AND (k <= 3932544))
	  ->  Bitmap Index Scan on k_4  (cost=0.00..5.45 rows=102 width=0)
	        Index Cond: ((k >= 3932444) AND (k <= 3932544))

table 5 : explain SELECT k, c FROM sbtest5 WHERE k BETWEEN 3932444 AND 3932544
	Bitmap Heap Scan on sbtest5  (cost=5.46..401.78 rows=100 width=125)
	  Recheck Cond: ((k >= 3932444) AND (k <= 3932544))
	  ->  Bitmap Index Scan on k_5  (cost=0.00..5.43 rows=100 width=0)
	        Index Cond: ((k >= 3932444) AND (k <= 3932544))

table 6 : explain SELECT k, c FROM sbtest6 WHERE k BETWEEN 3932444 AND 3932544
	Bitmap Heap Scan on sbtest6  (cost=5.59..452.95 rows=113 width=125)
	  Recheck Cond: ((k >= 3932444) AND (k <= 3932544))
	  ->  Bitmap Index Scan on k_6  (cost=0.00..5.56 rows=113 width=0)
	        Index Cond: ((k >= 3932444) AND (k <= 3932544))

table 7 : explain SELECT k, c FROM sbtest7 WHERE k BETWEEN 3932444 AND 3932544
	Bitmap Heap Scan on sbtest7  (cost=5.48..409.67 rows=102 width=125)
	  Recheck Cond: ((k >= 3932444) AND (k <= 3932544))
	  ->  Bitmap Index Scan on k_7  (cost=0.00..5.45 rows=102 width=0)
	        Index Cond: ((k >= 3932444) AND (k <= 3932544))

table 8 : explain SELECT k, c FROM sbtest8 WHERE k BETWEEN 3932444 AND 3932544
	Bitmap Heap Scan on sbtest8  (cost=5.41..381.96 rows=95 width=125)
	  Recheck Cond: ((k >= 3932444) AND (k <= 3932544))
	  ->  Bitmap Index Scan on k_8  (cost=0.00..5.38 rows=95 width=0)
	        Index Cond: ((k >= 3932444) AND (k <= 3932544))

explain: for range-notcovered :: explain SELECT k, c FROM sbtest%d WHERE k BETWEEN 1661505 AND 1661605
explain: for range-notcovered :: explain SELECT k, c FROM sbtest%d WHERE k BETWEEN 5359968 AND 5360068
for range-notcovered
table 1 : explain SELECT k, c FROM sbtest1 WHERE k BETWEEN 4648538 AND 4648638
	Bitmap Heap Scan on sbtest1  (cost=5.49..413.39 rows=103 width=125)
	  Recheck Cond: ((k >= 4648538) AND (k <= 4648638))
	  ->  Bitmap Index Scan on k_1  (cost=0.00..5.46 rows=103 width=0)
	        Index Cond: ((k >= 4648538) AND (k <= 4648638))

table 2 : explain SELECT k, c FROM sbtest2 WHERE k BETWEEN 4648538 AND 4648638
	Bitmap Heap Scan on sbtest2  (cost=5.51..421.33 rows=105 width=125)
	  Recheck Cond: ((k >= 4648538) AND (k <= 4648638))
	  ->  Bitmap Index Scan on k_2  (cost=0.00..5.48 rows=105 width=0)
	        Index Cond: ((k >= 4648538) AND (k <= 4648638))

table 3 : explain SELECT k, c FROM sbtest3 WHERE k BETWEEN 4648538 AND 4648638
	Bitmap Heap Scan on sbtest3  (cost=5.50..417.40 rows=104 width=125)
	  Recheck Cond: ((k >= 4648538) AND (k <= 4648638))
	  ->  Bitmap Index Scan on k_3  (cost=0.00..5.47 rows=104 width=0)
	        Index Cond: ((k >= 4648538) AND (k <= 4648638))

table 4 : explain SELECT k, c FROM sbtest4 WHERE k BETWEEN 4648538 AND 4648638
	Bitmap Heap Scan on sbtest4  (cost=5.48..409.51 rows=102 width=125)
	  Recheck Cond: ((k >= 4648538) AND (k <= 4648638))
	  ->  Bitmap Index Scan on k_4  (cost=0.00..5.45 rows=102 width=0)
	        Index Cond: ((k >= 4648538) AND (k <= 4648638))

table 5 : explain SELECT k, c FROM sbtest5 WHERE k BETWEEN 4648538 AND 4648638
	Bitmap Heap Scan on sbtest5  (cost=5.46..401.78 rows=100 width=125)
	  Recheck Cond: ((k >= 4648538) AND (k <= 4648638))
	  ->  Bitmap Index Scan on k_5  (cost=0.00..5.43 rows=100 width=0)
	        Index Cond: ((k >= 4648538) AND (k <= 4648638))

table 6 : explain SELECT k, c FROM sbtest6 WHERE k BETWEEN 4648538 AND 4648638
	Bitmap Heap Scan on sbtest6  (cost=5.55..437.19 rows=109 width=125)
	  Recheck Cond: ((k >= 4648538) AND (k <= 4648638))
	  ->  Bitmap Index Scan on k_6  (cost=0.00..5.52 rows=109 width=0)
	        Index Cond: ((k >= 4648538) AND (k <= 4648638))

table 7 : explain SELECT k, c FROM sbtest7 WHERE k BETWEEN 4648538 AND 4648638
	Bitmap Heap Scan on sbtest7  (cost=5.57..445.18 rows=111 width=125)
	  Recheck Cond: ((k >= 4648538) AND (k <= 4648638))
	  ->  Bitmap Index Scan on k_7  (cost=0.00..5.54 rows=111 width=0)
	        Index Cond: ((k >= 4648538) AND (k <= 4648638))

table 8 : explain SELECT k, c FROM sbtest8 WHERE k BETWEEN 4648538 AND 4648638
	Bitmap Heap Scan on sbtest8  (cost=5.52..425.37 rows=106 width=125)
	  Recheck Cond: ((k >= 4648538) AND (k <= 4648638))
	  ->  Bitmap Index Scan on k_8  (cost=0.00..5.50 rows=106 width=0)
	        Index Cond: ((k >= 4648538) AND (k <= 4648638))

explain: for range-notcovered :: explain SELECT k, c FROM sbtest%d WHERE k BETWEEN 3932444 AND 3932544
explain: for range-notcovered :: explain SELECT k, c FROM sbtest%d WHERE k BETWEEN 2149693 AND 2149793
explain: for range-notcovered :: explain SELECT k, c FROM sbtest%d WHERE k BETWEEN 4648538 AND 4648638
for range-notcovered
table 1 : explain SELECT k, c FROM sbtest1 WHERE k BETWEEN 5062200 AND 5062300
	Bitmap Heap Scan on sbtest1  (cost=5.46..401.56 rows=100 width=125)
	  Recheck Cond: ((k >= 5062200) AND (k <= 5062300))
	  ->  Bitmap Index Scan on k_1  (cost=0.00..5.43 rows=100 width=0)
	        Index Cond: ((k >= 5062200) AND (k <= 5062300))

table 2 : explain SELECT k, c FROM sbtest2 WHERE k BETWEEN 5062200 AND 5062300
	Bitmap Heap Scan on sbtest2  (cost=5.46..401.61 rows=100 width=125)
	  Recheck Cond: ((k >= 5062200) AND (k <= 5062300))
	  ->  Bitmap Index Scan on k_2  (cost=0.00..5.43 rows=100 width=0)
	        Index Cond: ((k >= 5062200) AND (k <= 5062300))

table 3 : explain SELECT k, c FROM sbtest3 WHERE k BETWEEN 5062200 AND 5062300
	Bitmap Heap Scan on sbtest3  (cost=5.62..464.70 rows=116 width=125)
	  Recheck Cond: ((k >= 5062200) AND (k <= 5062300))
	  ->  Bitmap Index Scan on k_3  (cost=0.00..5.59 rows=116 width=0)
	        Index Cond: ((k >= 5062200) AND (k <= 5062300))

table 4 : explain SELECT k, c FROM sbtest4 WHERE k BETWEEN 5062200 AND 5062300
	Bitmap Heap Scan on sbtest4  (cost=5.50..417.40 rows=104 width=125)
	  Recheck Cond: ((k >= 5062200) AND (k <= 5062300))
	  ->  Bitmap Index Scan on k_4  (cost=0.00..5.47 rows=104 width=0)
	        Index Cond: ((k >= 5062200) AND (k <= 5062300))

table 5 : explain SELECT k, c FROM sbtest5 WHERE k BETWEEN 5062200 AND 5062300
	Bitmap Heap Scan on sbtest5  (cost=5.38..370.18 rows=92 width=125)
	  Recheck Cond: ((k >= 5062200) AND (k <= 5062300))
	  ->  Bitmap Index Scan on k_5  (cost=0.00..5.35 rows=92 width=0)
	        Index Cond: ((k >= 5062200) AND (k <= 5062300))

table 6 : explain SELECT k, c FROM sbtest6 WHERE k BETWEEN 5062200 AND 5062300
	Bitmap Heap Scan on sbtest6  (cost=5.49..413.52 rows=103 width=125)
	  Recheck Cond: ((k >= 5062200) AND (k <= 5062300))
	  ->  Bitmap Index Scan on k_6  (cost=0.00..5.46 rows=103 width=0)
	        Index Cond: ((k >= 5062200) AND (k <= 5062300))

table 7 : explain SELECT k, c FROM sbtest7 WHERE k BETWEEN 5062200 AND 5062300
	Bitmap Heap Scan on sbtest7  (cost=5.49..413.62 rows=103 width=125)
	  Recheck Cond: ((k >= 5062200) AND (k <= 5062300))
	  ->  Bitmap Index Scan on k_7  (cost=0.00..5.46 rows=103 width=0)
	        Index Cond: ((k >= 5062200) AND (k <= 5062300))

table 8 : explain SELECT k, c FROM sbtest8 WHERE k BETWEEN 5062200 AND 5062300
	Bitmap Heap Scan on sbtest8  (cost=5.52..425.37 rows=106 width=125)
	  Recheck Cond: ((k >= 5062200) AND (k <= 5062300))
	  ->  Bitmap Index Scan on k_8  (cost=0.00..5.50 rows=106 width=0)
	        Index Cond: ((k >= 5062200) AND (k <= 5062300))

explain: for range-notcovered :: explain SELECT k, c FROM sbtest%d WHERE k BETWEEN 5062200 AND 5062300
for range-notcovered
table 1 : explain SELECT k, c FROM sbtest1 WHERE k BETWEEN 6091113 AND 6091213
	Bitmap Heap Scan on sbtest1  (cost=5.50..417.34 rows=104 width=125)
	  Recheck Cond: ((k >= 6091113) AND (k <= 6091213))
	  ->  Bitmap Index Scan on k_1  (cost=0.00..5.47 rows=104 width=0)
	        Index Cond: ((k >= 6091113) AND (k <= 6091213))

table 2 : explain SELECT k, c FROM sbtest2 WHERE k BETWEEN 6091113 AND 6091213
	Bitmap Heap Scan on sbtest2  (cost=5.53..429.21 rows=107 width=125)
	  Recheck Cond: ((k >= 6091113) AND (k <= 6091213))
	  ->  Bitmap Index Scan on k_2  (cost=0.00..5.50 rows=107 width=0)
	        Index Cond: ((k >= 6091113) AND (k <= 6091213))

table 3 : explain SELECT k, c FROM sbtest3 WHERE k BETWEEN 6091113 AND 6091213
	Bitmap Heap Scan on sbtest3  (cost=5.40..377.95 rows=94 width=125)
	  Recheck Cond: ((k >= 6091113) AND (k <= 6091213))
	  ->  Bitmap Index Scan on k_3  (cost=0.00..5.38 rows=94 width=0)
	        Index Cond: ((k >= 6091113) AND (k <= 6091213))

table 4 : explain SELECT k, c FROM sbtest4 WHERE k BETWEEN 6091113 AND 6091213
	Bitmap Heap Scan on sbtest4  (cost=5.47..405.57 rows=101 width=125)
	  Recheck Cond: ((k >= 6091113) AND (k <= 6091213))
	  ->  Bitmap Index Scan on k_4  (cost=0.00..5.44 rows=101 width=0)
	        Index Cond: ((k >= 6091113) AND (k <= 6091213))

table 5 : explain SELECT k, c FROM sbtest5 WHERE k BETWEEN 6091113 AND 6091213
	Bitmap Heap Scan on sbtest5  (cost=5.43..389.93 rows=97 width=125)
	  Recheck Cond: ((k >= 6091113) AND (k <= 6091213))
	  ->  Bitmap Index Scan on k_5  (cost=0.00..5.40 rows=97 width=0)
	        Index Cond: ((k >= 6091113) AND (k <= 6091213))

table 6 : explain SELECT k, c FROM sbtest6 WHERE k BETWEEN 6091113 AND 6091213
	Bitmap Heap Scan on sbtest6  (cost=5.44..393.79 rows=98 width=125)
	  Recheck Cond: ((k >= 6091113) AND (k <= 6091213))
	  ->  Bitmap Index Scan on k_6  (cost=0.00..5.42 rows=98 width=0)
	        Index Cond: ((k >= 6091113) AND (k <= 6091213))

table 7 : explain SELECT k, c FROM sbtest7 WHERE k BETWEEN 6091113 AND 6091213
	Bitmap Heap Scan on sbtest7  (cost=5.49..413.62 rows=103 width=125)
	  Recheck Cond: ((k >= 6091113) AND (k <= 6091213))
	  ->  Bitmap Index Scan on k_7  (cost=0.00..5.46 rows=103 width=0)
	        Index Cond: ((k >= 6091113) AND (k <= 6091213))

table 8 : explain SELECT k, c FROM sbtest8 WHERE k BETWEEN 6091113 AND 6091213
	Bitmap Heap Scan on sbtest8  (cost=5.54..433.26 rows=108 width=125)
	  Recheck Cond: ((k >= 6091113) AND (k <= 6091213))
	  ->  Bitmap Index Scan on k_8  (cost=0.00..5.51 rows=108 width=0)
	        Index Cond: ((k >= 6091113) AND (k <= 6091213))

for range-notcovered
table 1 : explain SELECT k, c FROM sbtest1 WHERE k BETWEEN 7181028 AND 7181128
	Bitmap Heap Scan on sbtest1  (cost=5.43..389.73 rows=97 width=125)
	  Recheck Cond: ((k >= 7181028) AND (k <= 7181128))
	  ->  Bitmap Index Scan on k_1  (cost=0.00..5.40 rows=97 width=0)
	        Index Cond: ((k >= 7181028) AND (k <= 7181128))

table 2 : explain SELECT k, c FROM sbtest2 WHERE k BETWEEN 7181028 AND 7181128
	Bitmap Heap Scan on sbtest2  (cost=5.39..373.98 rows=93 width=125)
	  Recheck Cond: ((k >= 7181028) AND (k <= 7181128))
	  ->  Bitmap Index Scan on k_2  (cost=0.00..5.36 rows=93 width=0)
	        Index Cond: ((k >= 7181028) AND (k <= 7181128))

table 3 : explain SELECT k, c FROM sbtest3 WHERE k BETWEEN 7181028 AND 7181128
	Bitmap Heap Scan on sbtest3  (cost=5.53..429.23 rows=107 width=125)
	  Recheck Cond: ((k >= 7181028) AND (k <= 7181128))
	  ->  Bitmap Index Scan on k_3  (cost=0.00..5.50 rows=107 width=0)
	        Index Cond: ((k >= 7181028) AND (k <= 7181128))

table 4 : explain SELECT k, c FROM sbtest4 WHERE k BETWEEN 7181028 AND 7181128
	Bitmap Heap Scan on sbtest4  (cost=5.40..377.95 rows=94 width=125)
	  Recheck Cond: ((k >= 7181028) AND (k <= 7181128))
	  ->  Bitmap Index Scan on k_4  (cost=0.00..5.38 rows=94 width=0)
	        Index Cond: ((k >= 7181028) AND (k <= 7181128))

table 5 : explain SELECT k, c FROM sbtest5 WHERE k BETWEEN 7181028 AND 7181128
	Bitmap Heap Scan on sbtest5  (cost=5.46..401.78 rows=100 width=125)
	  Recheck Cond: ((k >= 7181028) AND (k <= 7181128))
	  ->  Bitmap Index Scan on k_5  (cost=0.00..5.43 rows=100 width=0)
	        Index Cond: ((k >= 7181028) AND (k <= 7181128))

table 6 : explain SELECT k, c FROM sbtest6 WHERE k BETWEEN 7181028 AND 7181128
	Bitmap Heap Scan on sbtest6  (cost=5.49..413.52 rows=103 width=125)
	  Recheck Cond: ((k >= 7181028) AND (k <= 7181128))
	  ->  Bitmap Index Scan on k_6  (cost=0.00..5.46 rows=103 width=0)
	        Index Cond: ((k >= 7181028) AND (k <= 7181128))

table 7 : explain SELECT k, c FROM sbtest7 WHERE k BETWEEN 7181028 AND 7181128
	Bitmap Heap Scan on sbtest7  (cost=5.54..433.35 rows=108 width=125)
	  Recheck Cond: ((k >= 7181028) AND (k <= 7181128))
	  ->  Bitmap Index Scan on k_7  (cost=0.00..5.51 rows=108 width=0)
	        Index Cond: ((k >= 7181028) AND (k <= 7181128))

table 8 : explain SELECT k, c FROM sbtest8 WHERE k BETWEEN 7181028 AND 7181128
	Bitmap Heap Scan on sbtest8  (cost=5.51..421.42 rows=105 width=125)
	  Recheck Cond: ((k >= 7181028) AND (k <= 7181128))
	  ->  Bitmap Index Scan on k_8  (cost=0.00..5.48 rows=105 width=0)
	        Index Cond: ((k >= 7181028) AND (k <= 7181128))

for range-notcovered
table 1 : explain SELECT k, c FROM sbtest1 WHERE k BETWEEN 5358538 AND 5358638
	Bitmap Heap Scan on sbtest1  (cost=5.40..377.89 rows=94 width=125)
	  Recheck Cond: ((k >= 5358538) AND (k <= 5358638))
	  ->  Bitmap Index Scan on k_1  (cost=0.00..5.38 rows=94 width=0)
	        Index Cond: ((k >= 5358538) AND (k <= 5358638))

table 2 : explain SELECT k, c FROM sbtest2 WHERE k BETWEEN 5358538 AND 5358638
	Bitmap Heap Scan on sbtest2  (cost=5.52..425.27 rows=106 width=125)
	  Recheck Cond: ((k >= 5358538) AND (k <= 5358638))
	  ->  Bitmap Index Scan on k_2  (cost=0.00..5.50 rows=106 width=0)
	        Index Cond: ((k >= 5358538) AND (k <= 5358638))

table 3 : explain SELECT k, c FROM sbtest3 WHERE k BETWEEN 5358538 AND 5358638
	Bitmap Heap Scan on sbtest3  (cost=5.43..389.79 rows=97 width=125)
	  Recheck Cond: ((k >= 5358538) AND (k <= 5358638))
	  ->  Bitmap Index Scan on k_3  (cost=0.00..5.40 rows=97 width=0)
	        Index Cond: ((k >= 5358538) AND (k <= 5358638))

table 4 : explain SELECT k, c FROM sbtest4 WHERE k BETWEEN 5358538 AND 5358638
	Bitmap Heap Scan on sbtest4  (cost=5.53..429.23 rows=107 width=125)
	  Recheck Cond: ((k >= 5358538) AND (k <= 5358638))
	  ->  Bitmap Index Scan on k_4  (cost=0.00..5.50 rows=107 width=0)
	        Index Cond: ((k >= 5358538) AND (k <= 5358638))

table 5 : explain SELECT k, c FROM sbtest5 WHERE k BETWEEN 5358538 AND 5358638
	Bitmap Heap Scan on sbtest5  (cost=5.38..370.18 rows=92 width=125)
	  Recheck Cond: ((k >= 5358538) AND (k <= 5358638))
	  ->  Bitmap Index Scan on k_5  (cost=0.00..5.35 rows=92 width=0)
	        Index Cond: ((k >= 5358538) AND (k <= 5358638))

table 6 : explain SELECT k, c FROM sbtest6 WHERE k BETWEEN 5358538 AND 5358638
	Bitmap Heap Scan on sbtest6  (cost=5.46..401.69 rows=100 width=125)
	  Recheck Cond: ((k >= 5358538) AND (k <= 5358638))
	  ->  Bitmap Index Scan on k_6  (cost=0.00..5.43 rows=100 width=0)
	        Index Cond: ((k >= 5358538) AND (k <= 5358638))

table 7 : explain SELECT k, c FROM sbtest7 WHERE k BETWEEN 5358538 AND 5358638
	Bitmap Heap Scan on sbtest7  (cost=5.54..433.35 rows=108 width=125)
	  Recheck Cond: ((k >= 5358538) AND (k <= 5358638))
	  ->  Bitmap Index Scan on k_7  (cost=0.00..5.51 rows=108 width=0)
	        Index Cond: ((k >= 5358538) AND (k <= 5358638))

table 8 : explain SELECT k, c FROM sbtest8 WHERE k BETWEEN 5358538 AND 5358638
	Bitmap Heap Scan on sbtest8  (cost=5.54..433.26 rows=108 width=125)
	  Recheck Cond: ((k >= 5358538) AND (k <= 5358638))
	  ->  Bitmap Index Scan on k_8  (cost=0.00..5.51 rows=108 width=0)
	        Index Cond: ((k >= 5358538) AND (k <= 5358638))

explain: for range-notcovered :: explain SELECT k, c FROM sbtest%d WHERE k BETWEEN 6091113 AND 6091213
for range-notcovered
table 1 : explain SELECT k, c FROM sbtest1 WHERE k BETWEEN 4467670 AND 4467770
	Bitmap Heap Scan on sbtest1  (cost=5.47..405.51 rows=101 width=125)
	  Recheck Cond: ((k >= 4467670) AND (k <= 4467770))
	  ->  Bitmap Index Scan on k_1  (cost=0.00..5.44 rows=101 width=0)
	        Index Cond: ((k >= 4467670) AND (k <= 4467770))

table 2 : explain SELECT k, c FROM sbtest2 WHERE k BETWEEN 4467670 AND 4467770
	Bitmap Heap Scan on sbtest2  (cost=5.56..441.04 rows=110 width=125)
	  Recheck Cond: ((k >= 4467670) AND (k <= 4467770))
	  ->  Bitmap Index Scan on k_2  (cost=0.00..5.53 rows=110 width=0)
	        Index Cond: ((k >= 4467670) AND (k <= 4467770))

table 3 : explain SELECT k, c FROM sbtest3 WHERE k BETWEEN 4467670 AND 4467770
	Bitmap Heap Scan on sbtest3  (cost=5.47..405.57 rows=101 width=125)
	  Recheck Cond: ((k >= 4467670) AND (k <= 4467770))
	  ->  Bitmap Index Scan on k_3  (cost=0.00..5.44 rows=101 width=0)
	        Index Cond: ((k >= 4467670) AND (k <= 4467770))

table 4 : explain SELECT k, c FROM sbtest4 WHERE k BETWEEN 4467670 AND 4467770
	Bitmap Heap Scan on sbtest4  (cost=5.53..429.23 rows=107 width=125)
	  Recheck Cond: ((k >= 4467670) AND (k <= 4467770))
	  ->  Bitmap Index Scan on k_4  (cost=0.00..5.50 rows=107 width=0)
	        Index Cond: ((k >= 4467670) AND (k <= 4467770))

table 5 : explain SELECT k, c FROM sbtest5 WHERE k BETWEEN 4467670 AND 4467770
	Bitmap Heap Scan on sbtest5  (cost=5.56..441.23 rows=110 width=125)
	  Recheck Cond: ((k >= 4467670) AND (k <= 4467770))
	  ->  Bitmap Index Scan on k_5  (cost=0.00..5.53 rows=110 width=0)
	        Index Cond: ((k >= 4467670) AND (k <= 4467770))

table 6 : explain SELECT k, c FROM sbtest6 WHERE k BETWEEN 4467670 AND 4467770
	Bitmap Heap Scan on sbtest6  (cost=5.41..381.95 rows=95 width=125)
	  Recheck Cond: ((k >= 4467670) AND (k <= 4467770))
	  ->  Bitmap Index Scan on k_6  (cost=0.00..5.38 rows=95 width=0)
	        Index Cond: ((k >= 4467670) AND (k <= 4467770))

table 7 : explain SELECT k, c FROM sbtest7 WHERE k BETWEEN 4467670 AND 4467770
	Bitmap Heap Scan on sbtest7  (cost=5.50..417.56 rows=104 width=125)
	  Recheck Cond: ((k >= 4467670) AND (k <= 4467770))
	  ->  Bitmap Index Scan on k_7  (cost=0.00..5.47 rows=104 width=0)
	        Index Cond: ((k >= 4467670) AND (k <= 4467770))

table 8 : explain SELECT k, c FROM sbtest8 WHERE k BETWEEN 4467670 AND 4467770
	Bitmap Heap Scan on sbtest8  (cost=5.54..433.26 rows=108 width=125)
	  Recheck Cond: ((k >= 4467670) AND (k <= 4467770))
	  ->  Bitmap Index Scan on k_8  (cost=0.00..5.51 rows=108 width=0)
	        Index Cond: ((k >= 4467670) AND (k <= 4467770))

for range-notcovered
table 1 : explain SELECT k, c FROM sbtest1 WHERE k BETWEEN 7884776 AND 7884876
	Bitmap Heap Scan on sbtest1  (cost=5.35..358.15 rows=89 width=125)
	  Recheck Cond: ((k >= 7884776) AND (k <= 7884876))
	  ->  Bitmap Index Scan on k_1  (cost=0.00..5.32 rows=89 width=0)
	        Index Cond: ((k >= 7884776) AND (k <= 7884876))

table 2 : explain SELECT k, c FROM sbtest2 WHERE k BETWEEN 7884776 AND 7884876
	Bitmap Heap Scan on sbtest2  (cost=5.55..437.10 rows=109 width=125)
	  Recheck Cond: ((k >= 7884776) AND (k <= 7884876))
	  ->  Bitmap Index Scan on k_2  (cost=0.00..5.52 rows=109 width=0)
	        Index Cond: ((k >= 7884776) AND (k <= 7884876))

table 3 : explain SELECT k, c FROM sbtest3 WHERE k BETWEEN 7884776 AND 7884876
	Bitmap Heap Scan on sbtest3  (cost=5.49..413.46 rows=103 width=125)
	  Recheck Cond: ((k >= 7884776) AND (k <= 7884876))
	  ->  Bitmap Index Scan on k_3  (cost=0.00..5.46 rows=103 width=0)
	        Index Cond: ((k >= 7884776) AND (k <= 7884876))

table 4 : explain SELECT k, c FROM sbtest4 WHERE k BETWEEN 7884776 AND 7884876
	Bitmap Heap Scan on sbtest4  (cost=5.48..409.51 rows=102 width=125)
	  Recheck Cond: ((k >= 7884776) AND (k <= 7884876))
	  ->  Bitmap Index Scan on k_4  (cost=0.00..5.45 rows=102 width=0)
	        Index Cond: ((k >= 7884776) AND (k <= 7884876))

table 5 : explain SELECT k, c FROM sbtest5 WHERE k BETWEEN 7884776 AND 7884876
	Bitmap Heap Scan on sbtest5  (cost=5.58..449.12 rows=112 width=125)
	  Recheck Cond: ((k >= 7884776) AND (k <= 7884876))
	  ->  Bitmap Index Scan on k_5  (cost=0.00..5.55 rows=112 width=0)
	        Index Cond: ((k >= 7884776) AND (k <= 7884876))

table 6 : explain SELECT k, c FROM sbtest6 WHERE k BETWEEN 7884776 AND 7884876
	Bitmap Heap Scan on sbtest6  (cost=5.40..378.00 rows=94 width=125)
	  Recheck Cond: ((k >= 7884776) AND (k <= 7884876))
	  ->  Bitmap Index Scan on k_6  (cost=0.00..5.38 rows=94 width=0)
	        Index Cond: ((k >= 7884776) AND (k <= 7884876))

table 7 : explain SELECT k, c FROM sbtest7 WHERE k BETWEEN 7884776 AND 7884876
	Bitmap Heap Scan on sbtest7  (cost=5.51..421.51 rows=105 width=125)
	  Recheck Cond: ((k >= 7884776) AND (k <= 7884876))
	  ->  Bitmap Index Scan on k_7  (cost=0.00..5.48 rows=105 width=0)
	        Index Cond: ((k >= 7884776) AND (k <= 7884876))

table 8 : explain SELECT k, c FROM sbtest8 WHERE k BETWEEN 7884776 AND 7884876
	Bitmap Heap Scan on sbtest8  (cost=5.45..397.75 rows=99 width=125)
	  Recheck Cond: ((k >= 7884776) AND (k <= 7884876))
	  ->  Bitmap Index Scan on k_8  (cost=0.00..5.42 rows=99 width=0)
	        Index Cond: ((k >= 7884776) AND (k <= 7884876))

explain: for range-notcovered :: explain SELECT k, c FROM sbtest%d WHERE k BETWEEN 7181028 AND 7181128
explain: for range-notcovered :: explain SELECT k, c FROM sbtest%d WHERE k BETWEEN 5358538 AND 5358638
explain: for range-notcovered :: explain SELECT k, c FROM sbtest%d WHERE k BETWEEN 4467670 AND 4467770
explain: for range-notcovered :: explain SELECT k, c FROM sbtest%d WHERE k BETWEEN 7884776 AND 7884876
for range-notcovered
table 1 : explain SELECT k, c FROM sbtest1 WHERE k BETWEEN 382864 AND 382964
	Bitmap Heap Scan on sbtest1  (cost=5.52..425.22 rows=106 width=125)
	  Recheck Cond: ((k >= 382864) AND (k <= 382964))
	  ->  Bitmap Index Scan on k_1  (cost=0.00..5.50 rows=106 width=0)
	        Index Cond: ((k >= 382864) AND (k <= 382964))

table 2 : explain SELECT k, c FROM sbtest2 WHERE k BETWEEN 382864 AND 382964
	Bitmap Heap Scan on sbtest2  (cost=5.48..409.50 rows=102 width=125)
	  Recheck Cond: ((k >= 382864) AND (k <= 382964))
	  ->  Bitmap Index Scan on k_2  (cost=0.00..5.45 rows=102 width=0)
	        Index Cond: ((k >= 382864) AND (k <= 382964))

table 3 : explain SELECT k, c FROM sbtest3 WHERE k BETWEEN 382864 AND 382964
	Bitmap Heap Scan on sbtest3  (cost=5.45..397.68 rows=99 width=125)
	  Recheck Cond: ((k >= 382864) AND (k <= 382964))
	  ->  Bitmap Index Scan on k_3  (cost=0.00..5.42 rows=99 width=0)
	        Index Cond: ((k >= 382864) AND (k <= 382964))

table 4 : explain SELECT k, c FROM sbtest4 WHERE k BETWEEN 382864 AND 382964
	Bitmap Heap Scan on sbtest4  (cost=5.48..409.51 rows=102 width=125)
	  Recheck Cond: ((k >= 382864) AND (k <= 382964))
	  ->  Bitmap Index Scan on k_4  (cost=0.00..5.45 rows=102 width=0)
	        Index Cond: ((k >= 382864) AND (k <= 382964))

table 5 : explain SELECT k, c FROM sbtest5 WHERE k BETWEEN 382864 AND 382964
	Bitmap Heap Scan on sbtest5  (cost=5.42..385.98 rows=96 width=125)
	  Recheck Cond: ((k >= 382864) AND (k <= 382964))
	  ->  Bitmap Index Scan on k_5  (cost=0.00..5.39 rows=96 width=0)
	        Index Cond: ((k >= 382864) AND (k <= 382964))

table 6 : explain SELECT k, c FROM sbtest6 WHERE k BETWEEN 382864 AND 382964
	Bitmap Heap Scan on sbtest6  (cost=5.41..381.95 rows=95 width=125)
	  Recheck Cond: ((k >= 382864) AND (k <= 382964))
	  ->  Bitmap Index Scan on k_6  (cost=0.00..5.38 rows=95 width=0)
	        Index Cond: ((k >= 382864) AND (k <= 382964))

table 7 : explain SELECT k, c FROM sbtest7 WHERE k BETWEEN 382864 AND 382964
	Bitmap Heap Scan on sbtest7  (cost=5.45..397.83 rows=99 width=125)
	  Recheck Cond: ((k >= 382864) AND (k <= 382964))
	  ->  Bitmap Index Scan on k_7  (cost=0.00..5.42 rows=99 width=0)
	        Index Cond: ((k >= 382864) AND (k <= 382964))

table 8 : explain SELECT k, c FROM sbtest8 WHERE k BETWEEN 382864 AND 382964
	Bitmap Heap Scan on sbtest8  (cost=5.36..362.21 rows=90 width=125)
	  Recheck Cond: ((k >= 382864) AND (k <= 382964))
	  ->  Bitmap Index Scan on k_8  (cost=0.00..5.33 rows=90 width=0)
	        Index Cond: ((k >= 382864) AND (k <= 382964))

explain: for range-notcovered :: explain SELECT k, c FROM sbtest%d WHERE k BETWEEN 382864 AND 382964
for range-notcovered
table 1 : explain SELECT k, c FROM sbtest1 WHERE k BETWEEN 4648538 AND 4648638
	Bitmap Heap Scan on sbtest1  (cost=5.49..413.39 rows=103 width=125)
	  Recheck Cond: ((k >= 4648538) AND (k <= 4648638))
	  ->  Bitmap Index Scan on k_1  (cost=0.00..5.46 rows=103 width=0)
	        Index Cond: ((k >= 4648538) AND (k <= 4648638))

table 2 : explain SELECT k, c FROM sbtest2 WHERE k BETWEEN 4648538 AND 4648638
	Bitmap Heap Scan on sbtest2  (cost=5.51..421.33 rows=105 width=125)
	  Recheck Cond: ((k >= 4648538) AND (k <= 4648638))
	  ->  Bitmap Index Scan on k_2  (cost=0.00..5.48 rows=105 width=0)
	        Index Cond: ((k >= 4648538) AND (k <= 4648638))

table 3 : explain SELECT k, c FROM sbtest3 WHERE k BETWEEN 4648538 AND 4648638
	Bitmap Heap Scan on sbtest3  (cost=5.50..417.40 rows=104 width=125)
	  Recheck Cond: ((k >= 4648538) AND (k <= 4648638))
	  ->  Bitmap Index Scan on k_3  (cost=0.00..5.47 rows=104 width=0)
	        Index Cond: ((k >= 4648538) AND (k <= 4648638))

table 4 : explain SELECT k, c FROM sbtest4 WHERE k BETWEEN 4648538 AND 4648638
	Bitmap Heap Scan on sbtest4  (cost=5.48..409.51 rows=102 width=125)
	  Recheck Cond: ((k >= 4648538) AND (k <= 4648638))
	  ->  Bitmap Index Scan on k_4  (cost=0.00..5.45 rows=102 width=0)
	        Index Cond: ((k >= 4648538) AND (k <= 4648638))

table 5 : explain SELECT k, c FROM sbtest5 WHERE k BETWEEN 4648538 AND 4648638
	Bitmap Heap Scan on sbtest5  (cost=5.46..401.78 rows=100 width=125)
	  Recheck Cond: ((k >= 4648538) AND (k <= 4648638))
	  ->  Bitmap Index Scan on k_5  (cost=0.00..5.43 rows=100 width=0)
	        Index Cond: ((k >= 4648538) AND (k <= 4648638))

table 6 : explain SELECT k, c FROM sbtest6 WHERE k BETWEEN 4648538 AND 4648638
	Bitmap Heap Scan on sbtest6  (cost=5.55..437.19 rows=109 width=125)
	  Recheck Cond: ((k >= 4648538) AND (k <= 4648638))
	  ->  Bitmap Index Scan on k_6  (cost=0.00..5.52 rows=109 width=0)
	        Index Cond: ((k >= 4648538) AND (k <= 4648638))

table 7 : explain SELECT k, c FROM sbtest7 WHERE k BETWEEN 4648538 AND 4648638
	Bitmap Heap Scan on sbtest7  (cost=5.57..445.18 rows=111 width=125)
	  Recheck Cond: ((k >= 4648538) AND (k <= 4648638))
	  ->  Bitmap Index Scan on k_7  (cost=0.00..5.54 rows=111 width=0)
	        Index Cond: ((k >= 4648538) AND (k <= 4648638))

table 8 : explain SELECT k, c FROM sbtest8 WHERE k BETWEEN 4648538 AND 4648638
	Bitmap Heap Scan on sbtest8  (cost=5.52..425.37 rows=106 width=125)
	  Recheck Cond: ((k >= 4648538) AND (k <= 4648638))
	  ->  Bitmap Index Scan on k_8  (cost=0.00..5.50 rows=106 width=0)
	        Index Cond: ((k >= 4648538) AND (k <= 4648638))

explain: for range-notcovered :: explain SELECT k, c FROM sbtest%d WHERE k BETWEEN 4648538 AND 4648638
for range-notcovered
table 1 : explain SELECT k, c FROM sbtest1 WHERE k BETWEEN 1661505 AND 1661605
	Bitmap Heap Scan on sbtest1  (cost=5.49..413.39 rows=103 width=125)
	  Recheck Cond: ((k >= 1661505) AND (k <= 1661605))
	  ->  Bitmap Index Scan on k_1  (cost=0.00..5.46 rows=103 width=0)
	        Index Cond: ((k >= 1661505) AND (k <= 1661605))

table 2 : explain SELECT k, c FROM sbtest2 WHERE k BETWEEN 1661505 AND 1661605
	Bitmap Heap Scan on sbtest2  (cost=5.45..397.66 rows=99 width=125)
	  Recheck Cond: ((k >= 1661505) AND (k <= 1661605))
	  ->  Bitmap Index Scan on k_2  (cost=0.00..5.42 rows=99 width=0)
	        Index Cond: ((k >= 1661505) AND (k <= 1661605))

table 3 : explain SELECT k, c FROM sbtest3 WHERE k BETWEEN 1661505 AND 1661605
	Bitmap Heap Scan on sbtest3  (cost=5.44..393.74 rows=98 width=125)
	  Recheck Cond: ((k >= 1661505) AND (k <= 1661605))
	  ->  Bitmap Index Scan on k_3  (cost=0.00..5.42 rows=98 width=0)
	        Index Cond: ((k >= 1661505) AND (k <= 1661605))

table 4 : explain SELECT k, c FROM sbtest4 WHERE k BETWEEN 1661505 AND 1661605
	Bitmap Heap Scan on sbtest4  (cost=5.48..409.51 rows=102 width=125)
	  Recheck Cond: ((k >= 1661505) AND (k <= 1661605))
	  ->  Bitmap Index Scan on k_4  (cost=0.00..5.45 rows=102 width=0)
	        Index Cond: ((k >= 1661505) AND (k <= 1661605))

table 5 : explain SELECT k, c FROM sbtest5 WHERE k BETWEEN 1661505 AND 1661605
	Bitmap Heap Scan on sbtest5  (cost=5.57..445.18 rows=111 width=125)
	  Recheck Cond: ((k >= 1661505) AND (k <= 1661605))
	  ->  Bitmap Index Scan on k_5  (cost=0.00..5.54 rows=111 width=0)
	        Index Cond: ((k >= 1661505) AND (k <= 1661605))

table 6 : explain SELECT k, c FROM sbtest6 WHERE k BETWEEN 1661505 AND 1661605
	Bitmap Heap Scan on sbtest6  (cost=5.49..413.52 rows=103 width=125)
	  Recheck Cond: ((k >= 1661505) AND (k <= 1661605))
	  ->  Bitmap Index Scan on k_6  (cost=0.00..5.46 rows=103 width=0)
	        Index Cond: ((k >= 1661505) AND (k <= 1661605))

table 7 : explain SELECT k, c FROM sbtest7 WHERE k BETWEEN 1661505 AND 1661605
	Bitmap Heap Scan on sbtest7  (cost=5.46..401.78 rows=100 width=125)
	  Recheck Cond: ((k >= 1661505) AND (k <= 1661605))
	  ->  Bitmap Index Scan on k_7  (cost=0.00..5.43 rows=100 width=0)
	        Index Cond: ((k >= 1661505) AND (k <= 1661605))

table 8 : explain SELECT k, c FROM sbtest8 WHERE k BETWEEN 1661505 AND 1661605
	Bitmap Heap Scan on sbtest8  (cost=5.49..413.54 rows=103 width=125)
	  Recheck Cond: ((k >= 1661505) AND (k <= 1661605))
	  ->  Bitmap Index Scan on k_8  (cost=0.00..5.46 rows=103 width=0)
	        Index Cond: ((k >= 1661505) AND (k <= 1661605))

for range-notcovered
table 1 : explain SELECT k, c FROM sbtest1 WHERE k BETWEEN 6091113 AND 6091213
	Bitmap Heap Scan on sbtest1  (cost=5.50..417.34 rows=104 width=125)
	  Recheck Cond: ((k >= 6091113) AND (k <= 6091213))
	  ->  Bitmap Index Scan on k_1  (cost=0.00..5.47 rows=104 width=0)
	        Index Cond: ((k >= 6091113) AND (k <= 6091213))

table 2 : explain SELECT k, c FROM sbtest2 WHERE k BETWEEN 6091113 AND 6091213
	Bitmap Heap Scan on sbtest2  (cost=5.53..429.21 rows=107 width=125)
	  Recheck Cond: ((k >= 6091113) AND (k <= 6091213))
	  ->  Bitmap Index Scan on k_2  (cost=0.00..5.50 rows=107 width=0)
	        Index Cond: ((k >= 6091113) AND (k <= 6091213))

table 3 : explain SELECT k, c FROM sbtest3 WHERE k BETWEEN 6091113 AND 6091213
	Bitmap Heap Scan on sbtest3  (cost=5.40..377.95 rows=94 width=125)
	  Recheck Cond: ((k >= 6091113) AND (k <= 6091213))
	  ->  Bitmap Index Scan on k_3  (cost=0.00..5.38 rows=94 width=0)
	        Index Cond: ((k >= 6091113) AND (k <= 6091213))

table 4 : explain SELECT k, c FROM sbtest4 WHERE k BETWEEN 6091113 AND 6091213
	Bitmap Heap Scan on sbtest4  (cost=5.47..405.57 rows=101 width=125)
	  Recheck Cond: ((k >= 6091113) AND (k <= 6091213))
	  ->  Bitmap Index Scan on k_4  (cost=0.00..5.44 rows=101 width=0)
	        Index Cond: ((k >= 6091113) AND (k <= 6091213))

table 5 : explain SELECT k, c FROM sbtest5 WHERE k BETWEEN 6091113 AND 6091213
	Bitmap Heap Scan on sbtest5  (cost=5.43..389.93 rows=97 width=125)
	  Recheck Cond: ((k >= 6091113) AND (k <= 6091213))
	  ->  Bitmap Index Scan on k_5  (cost=0.00..5.40 rows=97 width=0)
	        Index Cond: ((k >= 6091113) AND (k <= 6091213))

table 6 : explain SELECT k, c FROM sbtest6 WHERE k BETWEEN 6091113 AND 6091213
	Bitmap Heap Scan on sbtest6  (cost=5.44..393.79 rows=98 width=125)
	  Recheck Cond: ((k >= 6091113) AND (k <= 6091213))
	  ->  Bitmap Index Scan on k_6  (cost=0.00..5.42 rows=98 width=0)
	        Index Cond: ((k >= 6091113) AND (k <= 6091213))

table 7 : explain SELECT k, c FROM sbtest7 WHERE k BETWEEN 6091113 AND 6091213
	Bitmap Heap Scan on sbtest7  (cost=5.49..413.62 rows=103 width=125)
	  Recheck Cond: ((k >= 6091113) AND (k <= 6091213))
	  ->  Bitmap Index Scan on k_7  (cost=0.00..5.46 rows=103 width=0)
	        Index Cond: ((k >= 6091113) AND (k <= 6091213))

table 8 : explain SELECT k, c FROM sbtest8 WHERE k BETWEEN 6091113 AND 6091213
	Bitmap Heap Scan on sbtest8  (cost=5.54..433.26 rows=108 width=125)
	  Recheck Cond: ((k >= 6091113) AND (k <= 6091213))
	  ->  Bitmap Index Scan on k_8  (cost=0.00..5.51 rows=108 width=0)
	        Index Cond: ((k >= 6091113) AND (k <= 6091213))

explain: for range-notcovered :: explain SELECT k, c FROM sbtest%d WHERE k BETWEEN 1661505 AND 1661605
explain: for range-notcovered :: explain SELECT k, c FROM sbtest%d WHERE k BETWEEN 6091113 AND 6091213
for range-notcovered
table 1 : explain SELECT k, c FROM sbtest1 WHERE k BETWEEN 7572654 AND 7572754
	Bitmap Heap Scan on sbtest1  (cost=5.48..409.45 rows=102 width=125)
	  Recheck Cond: ((k >= 7572654) AND (k <= 7572754))
	  ->  Bitmap Index Scan on k_1  (cost=0.00..5.45 rows=102 width=0)
	        Index Cond: ((k >= 7572654) AND (k <= 7572754))

table 2 : explain SELECT k, c FROM sbtest2 WHERE k BETWEEN 7572654 AND 7572754
	Bitmap Heap Scan on sbtest2  (cost=5.47..405.55 rows=101 width=125)
	  Recheck Cond: ((k >= 7572654) AND (k <= 7572754))
	  ->  Bitmap Index Scan on k_2  (cost=0.00..5.44 rows=101 width=0)
	        Index Cond: ((k >= 7572654) AND (k <= 7572754))

table 3 : explain SELECT k, c FROM sbtest3 WHERE k BETWEEN 7572654 AND 7572754
	Bitmap Heap Scan on sbtest3  (cost=5.50..417.40 rows=104 width=125)
	  Recheck Cond: ((k >= 7572654) AND (k <= 7572754))
	  ->  Bitmap Index Scan on k_3  (cost=0.00..5.47 rows=104 width=0)
	        Index Cond: ((k >= 7572654) AND (k <= 7572754))

table 4 : explain SELECT k, c FROM sbtest4 WHERE k BETWEEN 7572654 AND 7572754
	Bitmap Heap Scan on sbtest4  (cost=5.57..445.00 rows=111 width=125)
	  Recheck Cond: ((k >= 7572654) AND (k <= 7572754))
	  ->  Bitmap Index Scan on k_4  (cost=0.00..5.54 rows=111 width=0)
	        Index Cond: ((k >= 7572654) AND (k <= 7572754))

table 5 : explain SELECT k, c FROM sbtest5 WHERE k BETWEEN 7572654 AND 7572754
	Bitmap Heap Scan on sbtest5  (cost=5.45..397.83 rows=99 width=125)
	  Recheck Cond: ((k >= 7572654) AND (k <= 7572754))
	  ->  Bitmap Index Scan on k_5  (cost=0.00..5.42 rows=99 width=0)
	        Index Cond: ((k >= 7572654) AND (k <= 7572754))

table 6 : explain SELECT k, c FROM sbtest6 WHERE k BETWEEN 7572654 AND 7572754
	Bitmap Heap Scan on sbtest6  (cost=5.53..429.30 rows=107 width=125)
	  Recheck Cond: ((k >= 7572654) AND (k <= 7572754))
	  ->  Bitmap Index Scan on k_6  (cost=0.00..5.50 rows=107 width=0)
	        Index Cond: ((k >= 7572654) AND (k <= 7572754))

table 7 : explain SELECT k, c FROM sbtest7 WHERE k BETWEEN 7572654 AND 7572754
	Bitmap Heap Scan on sbtest7  (cost=5.42..385.98 rows=96 width=125)
	  Recheck Cond: ((k >= 7572654) AND (k <= 7572754))
	  ->  Bitmap Index Scan on k_7  (cost=0.00..5.39 rows=96 width=0)
	        Index Cond: ((k >= 7572654) AND (k <= 7572754))

table 8 : explain SELECT k, c FROM sbtest8 WHERE k BETWEEN 7572654 AND 7572754
	Bitmap Heap Scan on sbtest8  (cost=5.63..468.73 rows=117 width=125)
	  Recheck Cond: ((k >= 7572654) AND (k <= 7572754))
	  ->  Bitmap Index Scan on k_8  (cost=0.00..5.60 rows=117 width=0)
	        Index Cond: ((k >= 7572654) AND (k <= 7572754))

explain: for range-notcovered :: explain SELECT k, c FROM sbtest%d WHERE k BETWEEN 7572654 AND 7572754
for range-notcovered
table 1 : explain SELECT k, c FROM sbtest1 WHERE k BETWEEN 3932444 AND 3932544
	Bitmap Heap Scan on sbtest1  (cost=5.60..456.74 rows=114 width=125)
	  Recheck Cond: ((k >= 3932444) AND (k <= 3932544))
	  ->  Bitmap Index Scan on k_1  (cost=0.00..5.58 rows=114 width=0)
	        Index Cond: ((k >= 3932444) AND (k <= 3932544))

table 2 : explain SELECT k, c FROM sbtest2 WHERE k BETWEEN 3932444 AND 3932544
	Bitmap Heap Scan on sbtest2  (cost=5.48..409.50 rows=102 width=125)
	  Recheck Cond: ((k >= 3932444) AND (k <= 3932544))
	  ->  Bitmap Index Scan on k_2  (cost=0.00..5.45 rows=102 width=0)
	        Index Cond: ((k >= 3932444) AND (k <= 3932544))

table 3 : explain SELECT k, c FROM sbtest3 WHERE k BETWEEN 3932444 AND 3932544
	Bitmap Heap Scan on sbtest3  (cost=5.42..385.84 rows=96 width=125)
	  Recheck Cond: ((k >= 3932444) AND (k <= 3932544))
	  ->  Bitmap Index Scan on k_3  (cost=0.00..5.39 rows=96 width=0)
	        Index Cond: ((k >= 3932444) AND (k <= 3932544))

table 4 : explain SELECT k, c FROM sbtest4 WHERE k BETWEEN 3932444 AND 3932544
	Bitmap Heap Scan on sbtest4  (cost=5.48..409.51 rows=102 width=125)
	  Recheck Cond: ((k >= 3932444) AND (k <= 3932544))
	  ->  Bitmap Index Scan on k_4  (cost=0.00..5.45 rows=102 width=0)
	        Index Cond: ((k >= 3932444) AND (k <= 3932544))

table 5 : explain SELECT k, c FROM sbtest5 WHERE k BETWEEN 3932444 AND 3932544
	Bitmap Heap Scan on sbtest5  (cost=5.46..401.78 rows=100 width=125)
	  Recheck Cond: ((k >= 3932444) AND (k <= 3932544))
	  ->  Bitmap Index Scan on k_5  (cost=0.00..5.43 rows=100 width=0)
	        Index Cond: ((k >= 3932444) AND (k <= 3932544))

table 6 : explain SELECT k, c FROM sbtest6 WHERE k BETWEEN 3932444 AND 3932544
	Bitmap Heap Scan on sbtest6  (cost=5.59..452.95 rows=113 width=125)
	  Recheck Cond: ((k >= 3932444) AND (k <= 3932544))
	  ->  Bitmap Index Scan on k_6  (cost=0.00..5.56 rows=113 width=0)
	        Index Cond: ((k >= 3932444) AND (k <= 3932544))

table 7 : explain SELECT k, c FROM sbtest7 WHERE k BETWEEN 3932444 AND 3932544
	Bitmap Heap Scan on sbtest7  (cost=5.48..409.67 rows=102 width=125)
	  Recheck Cond: ((k >= 3932444) AND (k <= 3932544))
	  ->  Bitmap Index Scan on k_7  (cost=0.00..5.45 rows=102 width=0)
	        Index Cond: ((k >= 3932444) AND (k <= 3932544))

table 8 : explain SELECT k, c FROM sbtest8 WHERE k BETWEEN 3932444 AND 3932544
	Bitmap Heap Scan on sbtest8  (cost=5.41..381.96 rows=95 width=125)
	  Recheck Cond: ((k >= 3932444) AND (k <= 3932544))
	  ->  Bitmap Index Scan on k_8  (cost=0.00..5.38 rows=95 width=0)
	        Index Cond: ((k >= 3932444) AND (k <= 3932544))

explain: for range-notcovered :: explain SELECT k, c FROM sbtest%d WHERE k BETWEEN 3932444 AND 3932544
for range-notcovered
table 1 : explain SELECT k, c FROM sbtest1 WHERE k BETWEEN 2149693 AND 2149793
	Bitmap Heap Scan on sbtest1  (cost=5.44..393.67 rows=98 width=125)
	  Recheck Cond: ((k >= 2149693) AND (k <= 2149793))
	  ->  Bitmap Index Scan on k_1  (cost=0.00..5.42 rows=98 width=0)
	        Index Cond: ((k >= 2149693) AND (k <= 2149793))

table 2 : explain SELECT k, c FROM sbtest2 WHERE k BETWEEN 2149693 AND 2149793
	Bitmap Heap Scan on sbtest2  (cost=5.51..421.33 rows=105 width=125)
	  Recheck Cond: ((k >= 2149693) AND (k <= 2149793))
	  ->  Bitmap Index Scan on k_2  (cost=0.00..5.48 rows=105 width=0)
	        Index Cond: ((k >= 2149693) AND (k <= 2149793))

table 3 : explain SELECT k, c FROM sbtest3 WHERE k BETWEEN 2149693 AND 2149793
	Bitmap Heap Scan on sbtest3  (cost=5.41..381.90 rows=95 width=125)
	  Recheck Cond: ((k >= 2149693) AND (k <= 2149793))
	  ->  Bitmap Index Scan on k_3  (cost=0.00..5.38 rows=95 width=0)
	        Index Cond: ((k >= 2149693) AND (k <= 2149793))

table 4 : explain SELECT k, c FROM sbtest4 WHERE k BETWEEN 2149693 AND 2149793
	Bitmap Heap Scan on sbtest4  (cost=5.50..417.40 rows=104 width=125)
	  Recheck Cond: ((k >= 2149693) AND (k <= 2149793))
	  ->  Bitmap Index Scan on k_4  (cost=0.00..5.47 rows=104 width=0)
	        Index Cond: ((k >= 2149693) AND (k <= 2149793))

table 5 : explain SELECT k, c FROM sbtest5 WHERE k BETWEEN 2149693 AND 2149793
	Bitmap Heap Scan on sbtest5  (cost=5.55..437.29 rows=109 width=125)
	  Recheck Cond: ((k >= 2149693) AND (k <= 2149793))
	  ->  Bitmap Index Scan on k_5  (cost=0.00..5.52 rows=109 width=0)
	        Index Cond: ((k >= 2149693) AND (k <= 2149793))

table 6 : explain SELECT k, c FROM sbtest6 WHERE k BETWEEN 2149693 AND 2149793
	Bitmap Heap Scan on sbtest6  (cost=5.46..401.69 rows=100 width=125)
	  Recheck Cond: ((k >= 2149693) AND (k <= 2149793))
	  ->  Bitmap Index Scan on k_6  (cost=0.00..5.43 rows=100 width=0)
	        Index Cond: ((k >= 2149693) AND (k <= 2149793))

table 7 : explain SELECT k, c FROM sbtest7 WHERE k BETWEEN 2149693 AND 2149793
	Bitmap Heap Scan on sbtest7  (cost=5.45..397.83 rows=99 width=125)
	  Recheck Cond: ((k >= 2149693) AND (k <= 2149793))
	  ->  Bitmap Index Scan on k_7  (cost=0.00..5.42 rows=99 width=0)
	        Index Cond: ((k >= 2149693) AND (k <= 2149793))

table 8 : explain SELECT k, c FROM sbtest8 WHERE k BETWEEN 2149693 AND 2149793
	Bitmap Heap Scan on sbtest8  (cost=5.51..421.42 rows=105 width=125)
	  Recheck Cond: ((k >= 2149693) AND (k <= 2149793))
	  ->  Bitmap Index Scan on k_8  (cost=0.00..5.48 rows=105 width=0)
	        Index Cond: ((k >= 2149693) AND (k <= 2149793))

explain: for range-notcovered :: explain SELECT k, c FROM sbtest%d WHERE k BETWEEN 2149693 AND 2149793
for range-notcovered
table 1 : explain SELECT k, c FROM sbtest1 WHERE k BETWEEN 5358538 AND 5358638
	Bitmap Heap Scan on sbtest1  (cost=5.40..377.89 rows=94 width=125)
	  Recheck Cond: ((k >= 5358538) AND (k <= 5358638))
	  ->  Bitmap Index Scan on k_1  (cost=0.00..5.38 rows=94 width=0)
	        Index Cond: ((k >= 5358538) AND (k <= 5358638))

table 2 : explain SELECT k, c FROM sbtest2 WHERE k BETWEEN 5358538 AND 5358638
	Bitmap Heap Scan on sbtest2  (cost=5.52..425.27 rows=106 width=125)
	  Recheck Cond: ((k >= 5358538) AND (k <= 5358638))
	  ->  Bitmap Index Scan on k_2  (cost=0.00..5.50 rows=106 width=0)
	        Index Cond: ((k >= 5358538) AND (k <= 5358638))

table 3 : explain SELECT k, c FROM sbtest3 WHERE k BETWEEN 5358538 AND 5358638
	Bitmap Heap Scan on sbtest3  (cost=5.43..389.79 rows=97 width=125)
	  Recheck Cond: ((k >= 5358538) AND (k <= 5358638))
	  ->  Bitmap Index Scan on k_3  (cost=0.00..5.40 rows=97 width=0)
	        Index Cond: ((k >= 5358538) AND (k <= 5358638))

table 4 : explain SELECT k, c FROM sbtest4 WHERE k BETWEEN 5358538 AND 5358638
	Bitmap Heap Scan on sbtest4  (cost=5.53..429.23 rows=107 width=125)
	  Recheck Cond: ((k >= 5358538) AND (k <= 5358638))
	  ->  Bitmap Index Scan on k_4  (cost=0.00..5.50 rows=107 width=0)
	        Index Cond: ((k >= 5358538) AND (k <= 5358638))

table 5 : explain SELECT k, c FROM sbtest5 WHERE k BETWEEN 5358538 AND 5358638
	Bitmap Heap Scan on sbtest5  (cost=5.38..370.18 rows=92 width=125)
	  Recheck Cond: ((k >= 5358538) AND (k <= 5358638))
	  ->  Bitmap Index Scan on k_5  (cost=0.00..5.35 rows=92 width=0)
	        Index Cond: ((k >= 5358538) AND (k <= 5358638))

table 6 : explain SELECT k, c FROM sbtest6 WHERE k BETWEEN 5358538 AND 5358638
	Bitmap Heap Scan on sbtest6  (cost=5.46..401.69 rows=100 width=125)
	  Recheck Cond: ((k >= 5358538) AND (k <= 5358638))
	  ->  Bitmap Index Scan on k_6  (cost=0.00..5.43 rows=100 width=0)
	        Index Cond: ((k >= 5358538) AND (k <= 5358638))

table 7 : explain SELECT k, c FROM sbtest7 WHERE k BETWEEN 5358538 AND 5358638
	Bitmap Heap Scan on sbtest7  (cost=5.54..433.35 rows=108 width=125)
	  Recheck Cond: ((k >= 5358538) AND (k <= 5358638))
	  ->  Bitmap Index Scan on k_7  (cost=0.00..5.51 rows=108 width=0)
	        Index Cond: ((k >= 5358538) AND (k <= 5358638))

table 8 : explain SELECT k, c FROM sbtest8 WHERE k BETWEEN 5358538 AND 5358638
	Bitmap Heap Scan on sbtest8  (cost=5.54..433.26 rows=108 width=125)
	  Recheck Cond: ((k >= 5358538) AND (k <= 5358638))
	  ->  Bitmap Index Scan on k_8  (cost=0.00..5.51 rows=108 width=0)
	        Index Cond: ((k >= 5358538) AND (k <= 5358638))

for range-notcovered
table 1 : explain SELECT k, c FROM sbtest1 WHERE k BETWEEN 7181028 AND 7181128
	Bitmap Heap Scan on sbtest1  (cost=5.43..389.73 rows=97 width=125)
	  Recheck Cond: ((k >= 7181028) AND (k <= 7181128))
	  ->  Bitmap Index Scan on k_1  (cost=0.00..5.40 rows=97 width=0)
	        Index Cond: ((k >= 7181028) AND (k <= 7181128))

table 2 : explain SELECT k, c FROM sbtest2 WHERE k BETWEEN 7181028 AND 7181128
	Bitmap Heap Scan on sbtest2  (cost=5.39..373.98 rows=93 width=125)
	  Recheck Cond: ((k >= 7181028) AND (k <= 7181128))
	  ->  Bitmap Index Scan on k_2  (cost=0.00..5.36 rows=93 width=0)
	        Index Cond: ((k >= 7181028) AND (k <= 7181128))

table 3 : explain SELECT k, c FROM sbtest3 WHERE k BETWEEN 7181028 AND 7181128
	Bitmap Heap Scan on sbtest3  (cost=5.53..429.23 rows=107 width=125)
	  Recheck Cond: ((k >= 7181028) AND (k <= 7181128))
	  ->  Bitmap Index Scan on k_3  (cost=0.00..5.50 rows=107 width=0)
	        Index Cond: ((k >= 7181028) AND (k <= 7181128))

table 4 : explain SELECT k, c FROM sbtest4 WHERE k BETWEEN 7181028 AND 7181128
	Bitmap Heap Scan on sbtest4  (cost=5.40..377.95 rows=94 width=125)
	  Recheck Cond: ((k >= 7181028) AND (k <= 7181128))
	  ->  Bitmap Index Scan on k_4  (cost=0.00..5.38 rows=94 width=0)
	        Index Cond: ((k >= 7181028) AND (k <= 7181128))

table 5 : explain SELECT k, c FROM sbtest5 WHERE k BETWEEN 7181028 AND 7181128
	Bitmap Heap Scan on sbtest5  (cost=5.46..401.78 rows=100 width=125)
	  Recheck Cond: ((k >= 7181028) AND (k <= 7181128))
	  ->  Bitmap Index Scan on k_5  (cost=0.00..5.43 rows=100 width=0)
	        Index Cond: ((k >= 7181028) AND (k <= 7181128))

table 6 : explain SELECT k, c FROM sbtest6 WHERE k BETWEEN 7181028 AND 7181128
	Bitmap Heap Scan on sbtest6  (cost=5.49..413.52 rows=103 width=125)
	  Recheck Cond: ((k >= 7181028) AND (k <= 7181128))
	  ->  Bitmap Index Scan on k_6  (cost=0.00..5.46 rows=103 width=0)
	        Index Cond: ((k >= 7181028) AND (k <= 7181128))

table 7 : explain SELECT k, c FROM sbtest7 WHERE k BETWEEN 7181028 AND 7181128
	Bitmap Heap Scan on sbtest7  (cost=5.54..433.35 rows=108 width=125)
	  Recheck Cond: ((k >= 7181028) AND (k <= 7181128))
	  ->  Bitmap Index Scan on k_7  (cost=0.00..5.51 rows=108 width=0)
	        Index Cond: ((k >= 7181028) AND (k <= 7181128))

table 8 : explain SELECT k, c FROM sbtest8 WHERE k BETWEEN 7181028 AND 7181128
	Bitmap Heap Scan on sbtest8  (cost=5.51..421.42 rows=105 width=125)
	  Recheck Cond: ((k >= 7181028) AND (k <= 7181128))
	  ->  Bitmap Index Scan on k_8  (cost=0.00..5.48 rows=105 width=0)
	        Index Cond: ((k >= 7181028) AND (k <= 7181128))

for range-notcovered
table 1 : explain SELECT k, c FROM sbtest1 WHERE k BETWEEN 3209331 AND 3209431
	Bitmap Heap Scan on sbtest1  (cost=5.54..433.10 rows=108 width=125)
	  Recheck Cond: ((k >= 3209331) AND (k <= 3209431))
	  ->  Bitmap Index Scan on k_1  (cost=0.00..5.51 rows=108 width=0)
	        Index Cond: ((k >= 3209331) AND (k <= 3209431))

table 2 : explain SELECT k, c FROM sbtest2 WHERE k BETWEEN 3209331 AND 3209431
	Bitmap Heap Scan on sbtest2  (cost=5.55..437.10 rows=109 width=125)
	  Recheck Cond: ((k >= 3209331) AND (k <= 3209431))
	  ->  Bitmap Index Scan on k_2  (cost=0.00..5.52 rows=109 width=0)
	        Index Cond: ((k >= 3209331) AND (k <= 3209431))

table 3 : explain SELECT k, c FROM sbtest3 WHERE k BETWEEN 3209331 AND 3209431
	Bitmap Heap Scan on sbtest3  (cost=5.52..425.29 rows=106 width=125)
	  Recheck Cond: ((k >= 3209331) AND (k <= 3209431))
	  ->  Bitmap Index Scan on k_3  (cost=0.00..5.50 rows=106 width=0)
	        Index Cond: ((k >= 3209331) AND (k <= 3209431))

table 4 : explain SELECT k, c FROM sbtest4 WHERE k BETWEEN 3209331 AND 3209431
	Bitmap Heap Scan on sbtest4  (cost=5.55..437.12 rows=109 width=125)
	  Recheck Cond: ((k >= 3209331) AND (k <= 3209431))
	  ->  Bitmap Index Scan on k_4  (cost=0.00..5.52 rows=109 width=0)
	        Index Cond: ((k >= 3209331) AND (k <= 3209431))

table 5 : explain SELECT k, c FROM sbtest5 WHERE k BETWEEN 3209331 AND 3209431
	Bitmap Heap Scan on sbtest5  (cost=5.57..445.18 rows=111 width=125)
	  Recheck Cond: ((k >= 3209331) AND (k <= 3209431))
	  ->  Bitmap Index Scan on k_5  (cost=0.00..5.54 rows=111 width=0)
	        Index Cond: ((k >= 3209331) AND (k <= 3209431))

table 6 : explain SELECT k, c FROM sbtest6 WHERE k BETWEEN 3209331 AND 3209431
	Bitmap Heap Scan on sbtest6  (cost=5.46..401.69 rows=100 width=125)
	  Recheck Cond: ((k >= 3209331) AND (k <= 3209431))
	  ->  Bitmap Index Scan on k_6  (cost=0.00..5.43 rows=100 width=0)
	        Index Cond: ((k >= 3209331) AND (k <= 3209431))

table 7 : explain SELECT k, c FROM sbtest7 WHERE k BETWEEN 3209331 AND 3209431
	Bitmap Heap Scan on sbtest7  (cost=5.38..370.19 rows=92 width=125)
	  Recheck Cond: ((k >= 3209331) AND (k <= 3209431))
	  ->  Bitmap Index Scan on k_7  (cost=0.00..5.35 rows=92 width=0)
	        Index Cond: ((k >= 3209331) AND (k <= 3209431))

table 8 : explain SELECT k, c FROM sbtest8 WHERE k BETWEEN 3209331 AND 3209431
	Bitmap Heap Scan on sbtest8  (cost=5.48..409.59 rows=102 width=125)
	  Recheck Cond: ((k >= 3209331) AND (k <= 3209431))
	  ->  Bitmap Index Scan on k_8  (cost=0.00..5.45 rows=102 width=0)
	        Index Cond: ((k >= 3209331) AND (k <= 3209431))

explain: for range-notcovered :: explain SELECT k, c FROM sbtest%d WHERE k BETWEEN 7181028 AND 7181128
explain: for range-notcovered :: explain SELECT k, c FROM sbtest%d WHERE k BETWEEN 5358538 AND 5358638
for range-notcovered
table 1 : explain SELECT k, c FROM sbtest1 WHERE k BETWEEN 5364173 AND 5364273
	Bitmap Heap Scan on sbtest1  (cost=5.40..377.89 rows=94 width=125)
	  Recheck Cond: ((k >= 5364173) AND (k <= 5364273))
	  ->  Bitmap Index Scan on k_1  (cost=0.00..5.38 rows=94 width=0)
	        Index Cond: ((k >= 5364173) AND (k <= 5364273))

table 2 : explain SELECT k, c FROM sbtest2 WHERE k BETWEEN 5364173 AND 5364273
	Bitmap Heap Scan on sbtest2  (cost=5.52..425.27 rows=106 width=125)
	  Recheck Cond: ((k >= 5364173) AND (k <= 5364273))
	  ->  Bitmap Index Scan on k_2  (cost=0.00..5.50 rows=106 width=0)
	        Index Cond: ((k >= 5364173) AND (k <= 5364273))

table 3 : explain SELECT k, c FROM sbtest3 WHERE k BETWEEN 5364173 AND 5364273
	Bitmap Heap Scan on sbtest3  (cost=5.43..389.79 rows=97 width=125)
	  Recheck Cond: ((k >= 5364173) AND (k <= 5364273))
	  ->  Bitmap Index Scan on k_3  (cost=0.00..5.40 rows=97 width=0)
	        Index Cond: ((k >= 5364173) AND (k <= 5364273))

table 4 : explain SELECT k, c FROM sbtest4 WHERE k BETWEEN 5364173 AND 5364273
	Bitmap Heap Scan on sbtest4  (cost=5.53..429.23 rows=107 width=125)
	  Recheck Cond: ((k >= 5364173) AND (k <= 5364273))
	  ->  Bitmap Index Scan on k_4  (cost=0.00..5.50 rows=107 width=0)
	        Index Cond: ((k >= 5364173) AND (k <= 5364273))

table 5 : explain SELECT k, c FROM sbtest5 WHERE k BETWEEN 5364173 AND 5364273
	Bitmap Heap Scan on sbtest5  (cost=5.38..370.18 rows=92 width=125)
	  Recheck Cond: ((k >= 5364173) AND (k <= 5364273))
	  ->  Bitmap Index Scan on k_5  (cost=0.00..5.35 rows=92 width=0)
	        Index Cond: ((k >= 5364173) AND (k <= 5364273))

table 6 : explain SELECT k, c FROM sbtest6 WHERE k BETWEEN 5364173 AND 5364273
	Bitmap Heap Scan on sbtest6  (cost=5.46..401.69 rows=100 width=125)
	  Recheck Cond: ((k >= 5364173) AND (k <= 5364273))
	  ->  Bitmap Index Scan on k_6  (cost=0.00..5.43 rows=100 width=0)
	        Index Cond: ((k >= 5364173) AND (k <= 5364273))

table 7 : explain SELECT k, c FROM sbtest7 WHERE k BETWEEN 5364173 AND 5364273
	Bitmap Heap Scan on sbtest7  (cost=5.54..433.35 rows=108 width=125)
	  Recheck Cond: ((k >= 5364173) AND (k <= 5364273))
	  ->  Bitmap Index Scan on k_7  (cost=0.00..5.51 rows=108 width=0)
	        Index Cond: ((k >= 5364173) AND (k <= 5364273))

table 8 : explain SELECT k, c FROM sbtest8 WHERE k BETWEEN 5364173 AND 5364273
	Bitmap Heap Scan on sbtest8  (cost=5.54..433.26 rows=108 width=125)
	  Recheck Cond: ((k >= 5364173) AND (k <= 5364273))
	  ->  Bitmap Index Scan on k_8  (cost=0.00..5.51 rows=108 width=0)
	        Index Cond: ((k >= 5364173) AND (k <= 5364273))

for range-notcovered
table 1 : explain SELECT k, c FROM sbtest1 WHERE k BETWEEN 1661505 AND 1661605
	Bitmap Heap Scan on sbtest1  (cost=5.49..413.39 rows=103 width=125)
	  Recheck Cond: ((k >= 1661505) AND (k <= 1661605))
	  ->  Bitmap Index Scan on k_1  (cost=0.00..5.46 rows=103 width=0)
	        Index Cond: ((k >= 1661505) AND (k <= 1661605))

table 2 : explain SELECT k, c FROM sbtest2 WHERE k BETWEEN 1661505 AND 1661605
	Bitmap Heap Scan on sbtest2  (cost=5.45..397.66 rows=99 width=125)
	  Recheck Cond: ((k >= 1661505) AND (k <= 1661605))
	  ->  Bitmap Index Scan on k_2  (cost=0.00..5.42 rows=99 width=0)
	        Index Cond: ((k >= 1661505) AND (k <= 1661605))

table 3 : explain SELECT k, c FROM sbtest3 WHERE k BETWEEN 1661505 AND 1661605
	Bitmap Heap Scan on sbtest3  (cost=5.44..393.74 rows=98 width=125)
	  Recheck Cond: ((k >= 1661505) AND (k <= 1661605))
	  ->  Bitmap Index Scan on k_3  (cost=0.00..5.42 rows=98 width=0)
	        Index Cond: ((k >= 1661505) AND (k <= 1661605))

table 4 : explain SELECT k, c FROM sbtest4 WHERE k BETWEEN 1661505 AND 1661605
	Bitmap Heap Scan on sbtest4  (cost=5.48..409.51 rows=102 width=125)
	  Recheck Cond: ((k >= 1661505) AND (k <= 1661605))
	  ->  Bitmap Index Scan on k_4  (cost=0.00..5.45 rows=102 width=0)
	        Index Cond: ((k >= 1661505) AND (k <= 1661605))

table 5 : explain SELECT k, c FROM sbtest5 WHERE k BETWEEN 1661505 AND 1661605
	Bitmap Heap Scan on sbtest5  (cost=5.57..445.18 rows=111 width=125)
	  Recheck Cond: ((k >= 1661505) AND (k <= 1661605))
	  ->  Bitmap Index Scan on k_5  (cost=0.00..5.54 rows=111 width=0)
	        Index Cond: ((k >= 1661505) AND (k <= 1661605))

table 6 : explain SELECT k, c FROM sbtest6 WHERE k BETWEEN 1661505 AND 1661605
	Bitmap Heap Scan on sbtest6  (cost=5.49..413.52 rows=103 width=125)
	  Recheck Cond: ((k >= 1661505) AND (k <= 1661605))
	  ->  Bitmap Index Scan on k_6  (cost=0.00..5.46 rows=103 width=0)
	        Index Cond: ((k >= 1661505) AND (k <= 1661605))

table 7 : explain SELECT k, c FROM sbtest7 WHERE k BETWEEN 1661505 AND 1661605
	Bitmap Heap Scan on sbtest7  (cost=5.46..401.78 rows=100 width=125)
	  Recheck Cond: ((k >= 1661505) AND (k <= 1661605))
	  ->  Bitmap Index Scan on k_7  (cost=0.00..5.43 rows=100 width=0)
	        Index Cond: ((k >= 1661505) AND (k <= 1661605))

table 8 : explain SELECT k, c FROM sbtest8 WHERE k BETWEEN 1661505 AND 1661605
	Bitmap Heap Scan on sbtest8  (cost=5.49..413.54 rows=103 width=125)
	  Recheck Cond: ((k >= 1661505) AND (k <= 1661605))
	  ->  Bitmap Index Scan on k_8  (cost=0.00..5.46 rows=103 width=0)
	        Index Cond: ((k >= 1661505) AND (k <= 1661605))

explain: for range-notcovered :: explain SELECT k, c FROM sbtest%d WHERE k BETWEEN 3209331 AND 3209431
for range-notcovered
table 1 : explain SELECT k, c FROM sbtest1 WHERE k BETWEEN 6091113 AND 6091213
	Bitmap Heap Scan on sbtest1  (cost=5.50..417.34 rows=104 width=125)
	  Recheck Cond: ((k >= 6091113) AND (k <= 6091213))
	  ->  Bitmap Index Scan on k_1  (cost=0.00..5.47 rows=104 width=0)
	        Index Cond: ((k >= 6091113) AND (k <= 6091213))

table 2 : explain SELECT k, c FROM sbtest2 WHERE k BETWEEN 6091113 AND 6091213
	Bitmap Heap Scan on sbtest2  (cost=5.53..429.21 rows=107 width=125)
	  Recheck Cond: ((k >= 6091113) AND (k <= 6091213))
	  ->  Bitmap Index Scan on k_2  (cost=0.00..5.50 rows=107 width=0)
	        Index Cond: ((k >= 6091113) AND (k <= 6091213))

table 3 : explain SELECT k, c FROM sbtest3 WHERE k BETWEEN 6091113 AND 6091213
	Bitmap Heap Scan on sbtest3  (cost=5.40..377.95 rows=94 width=125)
	  Recheck Cond: ((k >= 6091113) AND (k <= 6091213))
	  ->  Bitmap Index Scan on k_3  (cost=0.00..5.38 rows=94 width=0)
	        Index Cond: ((k >= 6091113) AND (k <= 6091213))

table 4 : explain SELECT k, c FROM sbtest4 WHERE k BETWEEN 6091113 AND 6091213
	Bitmap Heap Scan on sbtest4  (cost=5.47..405.57 rows=101 width=125)
	  Recheck Cond: ((k >= 6091113) AND (k <= 6091213))
	  ->  Bitmap Index Scan on k_4  (cost=0.00..5.44 rows=101 width=0)
	        Index Cond: ((k >= 6091113) AND (k <= 6091213))

table 5 : explain SELECT k, c FROM sbtest5 WHERE k BETWEEN 6091113 AND 6091213
	Bitmap Heap Scan on sbtest5  (cost=5.43..389.93 rows=97 width=125)
	  Recheck Cond: ((k >= 6091113) AND (k <= 6091213))
	  ->  Bitmap Index Scan on k_5  (cost=0.00..5.40 rows=97 width=0)
	        Index Cond: ((k >= 6091113) AND (k <= 6091213))

table 6 : explain SELECT k, c FROM sbtest6 WHERE k BETWEEN 6091113 AND 6091213
	Bitmap Heap Scan on sbtest6  (cost=5.44..393.79 rows=98 width=125)
	  Recheck Cond: ((k >= 6091113) AND (k <= 6091213))
	  ->  Bitmap Index Scan on k_6  (cost=0.00..5.42 rows=98 width=0)
	        Index Cond: ((k >= 6091113) AND (k <= 6091213))

table 7 : explain SELECT k, c FROM sbtest7 WHERE k BETWEEN 6091113 AND 6091213
	Bitmap Heap Scan on sbtest7  (cost=5.49..413.62 rows=103 width=125)
	  Recheck Cond: ((k >= 6091113) AND (k <= 6091213))
	  ->  Bitmap Index Scan on k_7  (cost=0.00..5.46 rows=103 width=0)
	        Index Cond: ((k >= 6091113) AND (k <= 6091213))

table 8 : explain SELECT k, c FROM sbtest8 WHERE k BETWEEN 6091113 AND 6091213
	Bitmap Heap Scan on sbtest8  (cost=5.54..433.26 rows=108 width=125)
	  Recheck Cond: ((k >= 6091113) AND (k <= 6091213))
	  ->  Bitmap Index Scan on k_8  (cost=0.00..5.51 rows=108 width=0)
	        Index Cond: ((k >= 6091113) AND (k <= 6091213))

explain: for range-notcovered :: explain SELECT k, c FROM sbtest%d WHERE k BETWEEN 5364173 AND 5364273
explain: for range-notcovered :: explain SELECT k, c FROM sbtest%d WHERE k BETWEEN 1661505 AND 1661605
explain: for range-notcovered :: explain SELECT k, c FROM sbtest%d WHERE k BETWEEN 6091113 AND 6091213
for range-notcovered
table 1 : explain SELECT k, c FROM sbtest1 WHERE k BETWEEN 4648538 AND 4648638
	Bitmap Heap Scan on sbtest1  (cost=5.49..413.39 rows=103 width=125)
	  Recheck Cond: ((k >= 4648538) AND (k <= 4648638))
	  ->  Bitmap Index Scan on k_1  (cost=0.00..5.46 rows=103 width=0)
	        Index Cond: ((k >= 4648538) AND (k <= 4648638))

table 2 : explain SELECT k, c FROM sbtest2 WHERE k BETWEEN 4648538 AND 4648638
	Bitmap Heap Scan on sbtest2  (cost=5.51..421.33 rows=105 width=125)
	  Recheck Cond: ((k >= 4648538) AND (k <= 4648638))
	  ->  Bitmap Index Scan on k_2  (cost=0.00..5.48 rows=105 width=0)
	        Index Cond: ((k >= 4648538) AND (k <= 4648638))

table 3 : explain SELECT k, c FROM sbtest3 WHERE k BETWEEN 4648538 AND 4648638
	Bitmap Heap Scan on sbtest3  (cost=5.50..417.40 rows=104 width=125)
	  Recheck Cond: ((k >= 4648538) AND (k <= 4648638))
	  ->  Bitmap Index Scan on k_3  (cost=0.00..5.47 rows=104 width=0)
	        Index Cond: ((k >= 4648538) AND (k <= 4648638))

table 4 : explain SELECT k, c FROM sbtest4 WHERE k BETWEEN 4648538 AND 4648638
	Bitmap Heap Scan on sbtest4  (cost=5.48..409.51 rows=102 width=125)
	  Recheck Cond: ((k >= 4648538) AND (k <= 4648638))
	  ->  Bitmap Index Scan on k_4  (cost=0.00..5.45 rows=102 width=0)
	        Index Cond: ((k >= 4648538) AND (k <= 4648638))

table 5 : explain SELECT k, c FROM sbtest5 WHERE k BETWEEN 4648538 AND 4648638
	Bitmap Heap Scan on sbtest5  (cost=5.46..401.78 rows=100 width=125)
	  Recheck Cond: ((k >= 4648538) AND (k <= 4648638))
	  ->  Bitmap Index Scan on k_5  (cost=0.00..5.43 rows=100 width=0)
	        Index Cond: ((k >= 4648538) AND (k <= 4648638))

table 6 : explain SELECT k, c FROM sbtest6 WHERE k BETWEEN 4648538 AND 4648638
	Bitmap Heap Scan on sbtest6  (cost=5.55..437.19 rows=109 width=125)
	  Recheck Cond: ((k >= 4648538) AND (k <= 4648638))
	  ->  Bitmap Index Scan on k_6  (cost=0.00..5.52 rows=109 width=0)
	        Index Cond: ((k >= 4648538) AND (k <= 4648638))

table 7 : explain SELECT k, c FROM sbtest7 WHERE k BETWEEN 4648538 AND 4648638
	Bitmap Heap Scan on sbtest7  (cost=5.57..445.18 rows=111 width=125)
	  Recheck Cond: ((k >= 4648538) AND (k <= 4648638))
	  ->  Bitmap Index Scan on k_7  (cost=0.00..5.54 rows=111 width=0)
	        Index Cond: ((k >= 4648538) AND (k <= 4648638))

table 8 : explain SELECT k, c FROM sbtest8 WHERE k BETWEEN 4648538 AND 4648638
	Bitmap Heap Scan on sbtest8  (cost=5.52..425.37 rows=106 width=125)
	  Recheck Cond: ((k >= 4648538) AND (k <= 4648638))
	  ->  Bitmap Index Scan on k_8  (cost=0.00..5.50 rows=106 width=0)
	        Index Cond: ((k >= 4648538) AND (k <= 4648638))

for range-notcovered
table 1 : explain SELECT k, c FROM sbtest1 WHERE k BETWEEN 5062200 AND 5062300
	Bitmap Heap Scan on sbtest1  (cost=5.46..401.56 rows=100 width=125)
	  Recheck Cond: ((k >= 5062200) AND (k <= 5062300))
	  ->  Bitmap Index Scan on k_1  (cost=0.00..5.43 rows=100 width=0)
	        Index Cond: ((k >= 5062200) AND (k <= 5062300))

table 2 : explain SELECT k, c FROM sbtest2 WHERE k BETWEEN 5062200 AND 5062300
	Bitmap Heap Scan on sbtest2  (cost=5.46..401.61 rows=100 width=125)
	  Recheck Cond: ((k >= 5062200) AND (k <= 5062300))
	  ->  Bitmap Index Scan on k_2  (cost=0.00..5.43 rows=100 width=0)
	        Index Cond: ((k >= 5062200) AND (k <= 5062300))

table 3 : explain SELECT k, c FROM sbtest3 WHERE k BETWEEN 5062200 AND 5062300
	Bitmap Heap Scan on sbtest3  (cost=5.62..464.70 rows=116 width=125)
	  Recheck Cond: ((k >= 5062200) AND (k <= 5062300))
	  ->  Bitmap Index Scan on k_3  (cost=0.00..5.59 rows=116 width=0)
	        Index Cond: ((k >= 5062200) AND (k <= 5062300))

table 4 : explain SELECT k, c FROM sbtest4 WHERE k BETWEEN 5062200 AND 5062300
	Bitmap Heap Scan on sbtest4  (cost=5.50..417.40 rows=104 width=125)
	  Recheck Cond: ((k >= 5062200) AND (k <= 5062300))
	  ->  Bitmap Index Scan on k_4  (cost=0.00..5.47 rows=104 width=0)
	        Index Cond: ((k >= 5062200) AND (k <= 5062300))

table 5 : explain SELECT k, c FROM sbtest5 WHERE k BETWEEN 5062200 AND 5062300
	Bitmap Heap Scan on sbtest5  (cost=5.38..370.18 rows=92 width=125)
	  Recheck Cond: ((k >= 5062200) AND (k <= 5062300))
	  ->  Bitmap Index Scan on k_5  (cost=0.00..5.35 rows=92 width=0)
	        Index Cond: ((k >= 5062200) AND (k <= 5062300))

table 6 : explain SELECT k, c FROM sbtest6 WHERE k BETWEEN 5062200 AND 5062300
	Bitmap Heap Scan on sbtest6  (cost=5.49..413.52 rows=103 width=125)
	  Recheck Cond: ((k >= 5062200) AND (k <= 5062300))
	  ->  Bitmap Index Scan on k_6  (cost=0.00..5.46 rows=103 width=0)
	        Index Cond: ((k >= 5062200) AND (k <= 5062300))

table 7 : explain SELECT k, c FROM sbtest7 WHERE k BETWEEN 5062200 AND 5062300
	Bitmap Heap Scan on sbtest7  (cost=5.49..413.62 rows=103 width=125)
	  Recheck Cond: ((k >= 5062200) AND (k <= 5062300))
	  ->  Bitmap Index Scan on k_7  (cost=0.00..5.46 rows=103 width=0)
	        Index Cond: ((k >= 5062200) AND (k <= 5062300))

table 8 : explain SELECT k, c FROM sbtest8 WHERE k BETWEEN 5062200 AND 5062300
	Bitmap Heap Scan on sbtest8  (cost=5.52..425.37 rows=106 width=125)
	  Recheck Cond: ((k >= 5062200) AND (k <= 5062300))
	  ->  Bitmap Index Scan on k_8  (cost=0.00..5.50 rows=106 width=0)
	        Index Cond: ((k >= 5062200) AND (k <= 5062300))

explain: for range-notcovered :: explain SELECT k, c FROM sbtest%d WHERE k BETWEEN 4648538 AND 4648638
for range-notcovered
table 1 : explain SELECT k, c FROM sbtest1 WHERE k BETWEEN 4198112 AND 4198212
	Bitmap Heap Scan on sbtest1  (cost=5.54..433.10 rows=108 width=125)
	  Recheck Cond: ((k >= 4198112) AND (k <= 4198212))
	  ->  Bitmap Index Scan on k_1  (cost=0.00..5.51 rows=108 width=0)
	        Index Cond: ((k >= 4198112) AND (k <= 4198212))

table 2 : explain SELECT k, c FROM sbtest2 WHERE k BETWEEN 4198112 AND 4198212
	Bitmap Heap Scan on sbtest2  (cost=5.53..429.21 rows=107 width=125)
	  Recheck Cond: ((k >= 4198112) AND (k <= 4198212))
	  ->  Bitmap Index Scan on k_2  (cost=0.00..5.50 rows=107 width=0)
	        Index Cond: ((k >= 4198112) AND (k <= 4198212))

table 3 : explain SELECT k, c FROM sbtest3 WHERE k BETWEEN 4198112 AND 4198212
	Bitmap Heap Scan on sbtest3  (cost=5.52..425.29 rows=106 width=125)
	  Recheck Cond: ((k >= 4198112) AND (k <= 4198212))
	  ->  Bitmap Index Scan on k_3  (cost=0.00..5.50 rows=106 width=0)
	        Index Cond: ((k >= 4198112) AND (k <= 4198212))

table 4 : explain SELECT k, c FROM sbtest4 WHERE k BETWEEN 4198112 AND 4198212
	Bitmap Heap Scan on sbtest4  (cost=5.42..385.84 rows=96 width=125)
	  Recheck Cond: ((k >= 4198112) AND (k <= 4198212))
	  ->  Bitmap Index Scan on k_4  (cost=0.00..5.39 rows=96 width=0)
	        Index Cond: ((k >= 4198112) AND (k <= 4198212))

table 5 : explain SELECT k, c FROM sbtest5 WHERE k BETWEEN 4198112 AND 4198212
	Bitmap Heap Scan on sbtest5  (cost=5.44..393.88 rows=98 width=125)
	  Recheck Cond: ((k >= 4198112) AND (k <= 4198212))
	  ->  Bitmap Index Scan on k_5  (cost=0.00..5.42 rows=98 width=0)
	        Index Cond: ((k >= 4198112) AND (k <= 4198212))

table 6 : explain SELECT k, c FROM sbtest6 WHERE k BETWEEN 4198112 AND 4198212
	Bitmap Heap Scan on sbtest6  (cost=5.47..405.63 rows=101 width=125)
	  Recheck Cond: ((k >= 4198112) AND (k <= 4198212))
	  ->  Bitmap Index Scan on k_6  (cost=0.00..5.44 rows=101 width=0)
	        Index Cond: ((k >= 4198112) AND (k <= 4198212))

table 7 : explain SELECT k, c FROM sbtest7 WHERE k BETWEEN 4198112 AND 4198212
	Bitmap Heap Scan on sbtest7  (cost=5.40..378.09 rows=94 width=125)
	  Recheck Cond: ((k >= 4198112) AND (k <= 4198212))
	  ->  Bitmap Index Scan on k_7  (cost=0.00..5.38 rows=94 width=0)
	        Index Cond: ((k >= 4198112) AND (k <= 4198212))

table 8 : explain SELECT k, c FROM sbtest8 WHERE k BETWEEN 4198112 AND 4198212
	Bitmap Heap Scan on sbtest8  (cost=5.41..381.96 rows=95 width=125)
	  Recheck Cond: ((k >= 4198112) AND (k <= 4198212))
	  ->  Bitmap Index Scan on k_8  (cost=0.00..5.38 rows=95 width=0)
	        Index Cond: ((k >= 4198112) AND (k <= 4198212))

explain: for range-notcovered :: explain SELECT k, c FROM sbtest%d WHERE k BETWEEN 5062200 AND 5062300
for range-notcovered
table 1 : explain SELECT k, c FROM sbtest1 WHERE k BETWEEN 3932444 AND 3932544
	Bitmap Heap Scan on sbtest1  (cost=5.60..456.74 rows=114 width=125)
	  Recheck Cond: ((k >= 3932444) AND (k <= 3932544))
	  ->  Bitmap Index Scan on k_1  (cost=0.00..5.58 rows=114 width=0)
	        Index Cond: ((k >= 3932444) AND (k <= 3932544))

table 2 : explain SELECT k, c FROM sbtest2 WHERE k BETWEEN 3932444 AND 3932544
	Bitmap Heap Scan on sbtest2  (cost=5.48..409.50 rows=102 width=125)
	  Recheck Cond: ((k >= 3932444) AND (k <= 3932544))
	  ->  Bitmap Index Scan on k_2  (cost=0.00..5.45 rows=102 width=0)
	        Index Cond: ((k >= 3932444) AND (k <= 3932544))

table 3 : explain SELECT k, c FROM sbtest3 WHERE k BETWEEN 3932444 AND 3932544
	Bitmap Heap Scan on sbtest3  (cost=5.42..385.84 rows=96 width=125)
	  Recheck Cond: ((k >= 3932444) AND (k <= 3932544))
	  ->  Bitmap Index Scan on k_3  (cost=0.00..5.39 rows=96 width=0)
	        Index Cond: ((k >= 3932444) AND (k <= 3932544))

table 4 : explain SELECT k, c FROM sbtest4 WHERE k BETWEEN 3932444 AND 3932544
	Bitmap Heap Scan on sbtest4  (cost=5.48..409.51 rows=102 width=125)
	  Recheck Cond: ((k >= 3932444) AND (k <= 3932544))
	  ->  Bitmap Index Scan on k_4  (cost=0.00..5.45 rows=102 width=0)
	        Index Cond: ((k >= 3932444) AND (k <= 3932544))

table 5 : explain SELECT k, c FROM sbtest5 WHERE k BETWEEN 3932444 AND 3932544
	Bitmap Heap Scan on sbtest5  (cost=5.46..401.78 rows=100 width=125)
	  Recheck Cond: ((k >= 3932444) AND (k <= 3932544))
	  ->  Bitmap Index Scan on k_5  (cost=0.00..5.43 rows=100 width=0)
	        Index Cond: ((k >= 3932444) AND (k <= 3932544))

table 6 : explain SELECT k, c FROM sbtest6 WHERE k BETWEEN 3932444 AND 3932544
	Bitmap Heap Scan on sbtest6  (cost=5.59..452.95 rows=113 width=125)
	  Recheck Cond: ((k >= 3932444) AND (k <= 3932544))
	  ->  Bitmap Index Scan on k_6  (cost=0.00..5.56 rows=113 width=0)
	        Index Cond: ((k >= 3932444) AND (k <= 3932544))

table 7 : explain SELECT k, c FROM sbtest7 WHERE k BETWEEN 3932444 AND 3932544
	Bitmap Heap Scan on sbtest7  (cost=5.48..409.67 rows=102 width=125)
	  Recheck Cond: ((k >= 3932444) AND (k <= 3932544))
	  ->  Bitmap Index Scan on k_7  (cost=0.00..5.45 rows=102 width=0)
	        Index Cond: ((k >= 3932444) AND (k <= 3932544))

table 8 : explain SELECT k, c FROM sbtest8 WHERE k BETWEEN 3932444 AND 3932544
	Bitmap Heap Scan on sbtest8  (cost=5.41..381.96 rows=95 width=125)
	  Recheck Cond: ((k >= 3932444) AND (k <= 3932544))
	  ->  Bitmap Index Scan on k_8  (cost=0.00..5.38 rows=95 width=0)
	        Index Cond: ((k >= 3932444) AND (k <= 3932544))

for range-notcovered
table 1 : explain SELECT k, c FROM sbtest1 WHERE k BETWEEN 7572654 AND 7572754
	Bitmap Heap Scan on sbtest1  (cost=5.48..409.45 rows=102 width=125)
	  Recheck Cond: ((k >= 7572654) AND (k <= 7572754))
	  ->  Bitmap Index Scan on k_1  (cost=0.00..5.45 rows=102 width=0)
	        Index Cond: ((k >= 7572654) AND (k <= 7572754))

table 2 : explain SELECT k, c FROM sbtest2 WHERE k BETWEEN 7572654 AND 7572754
	Bitmap Heap Scan on sbtest2  (cost=5.47..405.55 rows=101 width=125)
	  Recheck Cond: ((k >= 7572654) AND (k <= 7572754))
	  ->  Bitmap Index Scan on k_2  (cost=0.00..5.44 rows=101 width=0)
	        Index Cond: ((k >= 7572654) AND (k <= 7572754))

table 3 : explain SELECT k, c FROM sbtest3 WHERE k BETWEEN 7572654 AND 7572754
	Bitmap Heap Scan on sbtest3  (cost=5.50..417.40 rows=104 width=125)
	  Recheck Cond: ((k >= 7572654) AND (k <= 7572754))
	  ->  Bitmap Index Scan on k_3  (cost=0.00..5.47 rows=104 width=0)
	        Index Cond: ((k >= 7572654) AND (k <= 7572754))

table 4 : explain SELECT k, c FROM sbtest4 WHERE k BETWEEN 7572654 AND 7572754
	Bitmap Heap Scan on sbtest4  (cost=5.57..445.00 rows=111 width=125)
	  Recheck Cond: ((k >= 7572654) AND (k <= 7572754))
	  ->  Bitmap Index Scan on k_4  (cost=0.00..5.54 rows=111 width=0)
	        Index Cond: ((k >= 7572654) AND (k <= 7572754))

table 5 : explain SELECT k, c FROM sbtest5 WHERE k BETWEEN 7572654 AND 7572754
	Bitmap Heap Scan on sbtest5  (cost=5.45..397.83 rows=99 width=125)
	  Recheck Cond: ((k >= 7572654) AND (k <= 7572754))
	  ->  Bitmap Index Scan on k_5  (cost=0.00..5.42 rows=99 width=0)
	        Index Cond: ((k >= 7572654) AND (k <= 7572754))

table 6 : explain SELECT k, c FROM sbtest6 WHERE k BETWEEN 7572654 AND 7572754
	Bitmap Heap Scan on sbtest6  (cost=5.53..429.30 rows=107 width=125)
	  Recheck Cond: ((k >= 7572654) AND (k <= 7572754))
	  ->  Bitmap Index Scan on k_6  (cost=0.00..5.50 rows=107 width=0)
	        Index Cond: ((k >= 7572654) AND (k <= 7572754))

table 7 : explain SELECT k, c FROM sbtest7 WHERE k BETWEEN 7572654 AND 7572754
	Bitmap Heap Scan on sbtest7  (cost=5.42..385.98 rows=96 width=125)
	  Recheck Cond: ((k >= 7572654) AND (k <= 7572754))
	  ->  Bitmap Index Scan on k_7  (cost=0.00..5.39 rows=96 width=0)
	        Index Cond: ((k >= 7572654) AND (k <= 7572754))

table 8 : explain SELECT k, c FROM sbtest8 WHERE k BETWEEN 7572654 AND 7572754
	Bitmap Heap Scan on sbtest8  (cost=5.63..468.73 rows=117 width=125)
	  Recheck Cond: ((k >= 7572654) AND (k <= 7572754))
	  ->  Bitmap Index Scan on k_8  (cost=0.00..5.60 rows=117 width=0)
	        Index Cond: ((k >= 7572654) AND (k <= 7572754))

explain: for range-notcovered :: explain SELECT k, c FROM sbtest%d WHERE k BETWEEN 4198112 AND 4198212
explain: for range-notcovered :: explain SELECT k, c FROM sbtest%d WHERE k BETWEEN 7572654 AND 7572754
explain: for range-notcovered :: explain SELECT k, c FROM sbtest%d WHERE k BETWEEN 3932444 AND 3932544
explain: for range-notcovered :: explain SELECT k, c FROM sbtest%d WHERE k BETWEEN 495695 AND 495795
for range-notcovered
table 1 : explain SELECT k, c FROM sbtest1 WHERE k BETWEEN 7884776 AND 7884876
	Bitmap Heap Scan on sbtest1  (cost=5.35..358.15 rows=89 width=125)
	  Recheck Cond: ((k >= 7884776) AND (k <= 7884876))
	  ->  Bitmap Index Scan on k_1  (cost=0.00..5.32 rows=89 width=0)
	        Index Cond: ((k >= 7884776) AND (k <= 7884876))

table 2 : explain SELECT k, c FROM sbtest2 WHERE k BETWEEN 7884776 AND 7884876
	Bitmap Heap Scan on sbtest2  (cost=5.55..437.10 rows=109 width=125)
	  Recheck Cond: ((k >= 7884776) AND (k <= 7884876))
	  ->  Bitmap Index Scan on k_2  (cost=0.00..5.52 rows=109 width=0)
	        Index Cond: ((k >= 7884776) AND (k <= 7884876))

table 3 : explain SELECT k, c FROM sbtest3 WHERE k BETWEEN 7884776 AND 7884876
	Bitmap Heap Scan on sbtest3  (cost=5.49..413.46 rows=103 width=125)
	  Recheck Cond: ((k >= 7884776) AND (k <= 7884876))
	  ->  Bitmap Index Scan on k_3  (cost=0.00..5.46 rows=103 width=0)
	        Index Cond: ((k >= 7884776) AND (k <= 7884876))

table 4 : explain SELECT k, c FROM sbtest4 WHERE k BETWEEN 7884776 AND 7884876
	Bitmap Heap Scan on sbtest4  (cost=5.48..409.51 rows=102 width=125)
	  Recheck Cond: ((k >= 7884776) AND (k <= 7884876))
	  ->  Bitmap Index Scan on k_4  (cost=0.00..5.45 rows=102 width=0)
	        Index Cond: ((k >= 7884776) AND (k <= 7884876))

table 5 : explain SELECT k, c FROM sbtest5 WHERE k BETWEEN 7884776 AND 7884876
	Bitmap Heap Scan on sbtest5  (cost=5.58..449.12 rows=112 width=125)
	  Recheck Cond: ((k >= 7884776) AND (k <= 7884876))
	  ->  Bitmap Index Scan on k_5  (cost=0.00..5.55 rows=112 width=0)
	        Index Cond: ((k >= 7884776) AND (k <= 7884876))

table 6 : explain SELECT k, c FROM sbtest6 WHERE k BETWEEN 7884776 AND 7884876
	Bitmap Heap Scan on sbtest6  (cost=5.40..378.00 rows=94 width=125)
	  Recheck Cond: ((k >= 7884776) AND (k <= 7884876))
	  ->  Bitmap Index Scan on k_6  (cost=0.00..5.38 rows=94 width=0)
	        Index Cond: ((k >= 7884776) AND (k <= 7884876))

table 7 : explain SELECT k, c FROM sbtest7 WHERE k BETWEEN 7884776 AND 7884876
	Bitmap Heap Scan on sbtest7  (cost=5.51..421.51 rows=105 width=125)
	  Recheck Cond: ((k >= 7884776) AND (k <= 7884876))
	  ->  Bitmap Index Scan on k_7  (cost=0.00..5.48 rows=105 width=0)
	        Index Cond: ((k >= 7884776) AND (k <= 7884876))

table 8 : explain SELECT k, c FROM sbtest8 WHERE k BETWEEN 7884776 AND 7884876
	Bitmap Heap Scan on sbtest8  (cost=5.45..397.75 rows=99 width=125)
	  Recheck Cond: ((k >= 7884776) AND (k <= 7884876))
	  ->  Bitmap Index Scan on k_8  (cost=0.00..5.42 rows=99 width=0)
	        Index Cond: ((k >= 7884776) AND (k <= 7884876))

for range-notcovered
table 1 : explain SELECT k, c FROM sbtest1 WHERE k BETWEEN 382864 AND 382964
	Bitmap Heap Scan on sbtest1  (cost=5.52..425.22 rows=106 width=125)
	  Recheck Cond: ((k >= 382864) AND (k <= 382964))
	  ->  Bitmap Index Scan on k_1  (cost=0.00..5.50 rows=106 width=0)
	        Index Cond: ((k >= 382864) AND (k <= 382964))

table 2 : explain SELECT k, c FROM sbtest2 WHERE k BETWEEN 382864 AND 382964
	Bitmap Heap Scan on sbtest2  (cost=5.48..409.50 rows=102 width=125)
	  Recheck Cond: ((k >= 382864) AND (k <= 382964))
	  ->  Bitmap Index Scan on k_2  (cost=0.00..5.45 rows=102 width=0)
	        Index Cond: ((k >= 382864) AND (k <= 382964))

table 3 : explain SELECT k, c FROM sbtest3 WHERE k BETWEEN 382864 AND 382964
	Bitmap Heap Scan on sbtest3  (cost=5.45..397.68 rows=99 width=125)
	  Recheck Cond: ((k >= 382864) AND (k <= 382964))
	  ->  Bitmap Index Scan on k_3  (cost=0.00..5.42 rows=99 width=0)
	        Index Cond: ((k >= 382864) AND (k <= 382964))

table 4 : explain SELECT k, c FROM sbtest4 WHERE k BETWEEN 382864 AND 382964
	Bitmap Heap Scan on sbtest4  (cost=5.48..409.51 rows=102 width=125)
	  Recheck Cond: ((k >= 382864) AND (k <= 382964))
	  ->  Bitmap Index Scan on k_4  (cost=0.00..5.45 rows=102 width=0)
	        Index Cond: ((k >= 382864) AND (k <= 382964))

table 5 : explain SELECT k, c FROM sbtest5 WHERE k BETWEEN 382864 AND 382964
	Bitmap Heap Scan on sbtest5  (cost=5.42..385.98 rows=96 width=125)
	  Recheck Cond: ((k >= 382864) AND (k <= 382964))
	  ->  Bitmap Index Scan on k_5  (cost=0.00..5.39 rows=96 width=0)
	        Index Cond: ((k >= 382864) AND (k <= 382964))

table 6 : explain SELECT k, c FROM sbtest6 WHERE k BETWEEN 382864 AND 382964
	Bitmap Heap Scan on sbtest6  (cost=5.41..381.95 rows=95 width=125)
	  Recheck Cond: ((k >= 382864) AND (k <= 382964))
	  ->  Bitmap Index Scan on k_6  (cost=0.00..5.38 rows=95 width=0)
	        Index Cond: ((k >= 382864) AND (k <= 382964))

table 7 : explain SELECT k, c FROM sbtest7 WHERE k BETWEEN 382864 AND 382964
	Bitmap Heap Scan on sbtest7  (cost=5.45..397.83 rows=99 width=125)
	  Recheck Cond: ((k >= 382864) AND (k <= 382964))
	  ->  Bitmap Index Scan on k_7  (cost=0.00..5.42 rows=99 width=0)
	        Index Cond: ((k >= 382864) AND (k <= 382964))

table 8 : explain SELECT k, c FROM sbtest8 WHERE k BETWEEN 382864 AND 382964
	Bitmap Heap Scan on sbtest8  (cost=5.36..362.21 rows=90 width=125)
	  Recheck Cond: ((k >= 382864) AND (k <= 382964))
	  ->  Bitmap Index Scan on k_8  (cost=0.00..5.33 rows=90 width=0)
	        Index Cond: ((k >= 382864) AND (k <= 382964))

for range-notcovered
table 1 : explain SELECT k, c FROM sbtest1 WHERE k BETWEEN 3209331 AND 3209431
	Bitmap Heap Scan on sbtest1  (cost=5.54..433.10 rows=108 width=125)
	  Recheck Cond: ((k >= 3209331) AND (k <= 3209431))
	  ->  Bitmap Index Scan on k_1  (cost=0.00..5.51 rows=108 width=0)
	        Index Cond: ((k >= 3209331) AND (k <= 3209431))

table 2 : explain SELECT k, c FROM sbtest2 WHERE k BETWEEN 3209331 AND 3209431
	Bitmap Heap Scan on sbtest2  (cost=5.55..437.10 rows=109 width=125)
	  Recheck Cond: ((k >= 3209331) AND (k <= 3209431))
	  ->  Bitmap Index Scan on k_2  (cost=0.00..5.52 rows=109 width=0)
	        Index Cond: ((k >= 3209331) AND (k <= 3209431))

table 3 : explain SELECT k, c FROM sbtest3 WHERE k BETWEEN 3209331 AND 3209431
	Bitmap Heap Scan on sbtest3  (cost=5.52..425.29 rows=106 width=125)
	  Recheck Cond: ((k >= 3209331) AND (k <= 3209431))
	  ->  Bitmap Index Scan on k_3  (cost=0.00..5.50 rows=106 width=0)
	        Index Cond: ((k >= 3209331) AND (k <= 3209431))

table 4 : explain SELECT k, c FROM sbtest4 WHERE k BETWEEN 3209331 AND 3209431
	Bitmap Heap Scan on sbtest4  (cost=5.55..437.12 rows=109 width=125)
	  Recheck Cond: ((k >= 3209331) AND (k <= 3209431))
	  ->  Bitmap Index Scan on k_4  (cost=0.00..5.52 rows=109 width=0)
	        Index Cond: ((k >= 3209331) AND (k <= 3209431))

table 5 : explain SELECT k, c FROM sbtest5 WHERE k BETWEEN 3209331 AND 3209431
	Bitmap Heap Scan on sbtest5  (cost=5.57..445.18 rows=111 width=125)
	  Recheck Cond: ((k >= 3209331) AND (k <= 3209431))
	  ->  Bitmap Index Scan on k_5  (cost=0.00..5.54 rows=111 width=0)
	        Index Cond: ((k >= 3209331) AND (k <= 3209431))

table 6 : explain SELECT k, c FROM sbtest6 WHERE k BETWEEN 3209331 AND 3209431
	Bitmap Heap Scan on sbtest6  (cost=5.46..401.69 rows=100 width=125)
	  Recheck Cond: ((k >= 3209331) AND (k <= 3209431))
	  ->  Bitmap Index Scan on k_6  (cost=0.00..5.43 rows=100 width=0)
	        Index Cond: ((k >= 3209331) AND (k <= 3209431))

table 7 : explain SELECT k, c FROM sbtest7 WHERE k BETWEEN 3209331 AND 3209431
	Bitmap Heap Scan on sbtest7  (cost=5.38..370.19 rows=92 width=125)
	  Recheck Cond: ((k >= 3209331) AND (k <= 3209431))
	  ->  Bitmap Index Scan on k_7  (cost=0.00..5.35 rows=92 width=0)
	        Index Cond: ((k >= 3209331) AND (k <= 3209431))

table 8 : explain SELECT k, c FROM sbtest8 WHERE k BETWEEN 3209331 AND 3209431
	Bitmap Heap Scan on sbtest8  (cost=5.48..409.59 rows=102 width=125)
	  Recheck Cond: ((k >= 3209331) AND (k <= 3209431))
	  ->  Bitmap Index Scan on k_8  (cost=0.00..5.45 rows=102 width=0)
	        Index Cond: ((k >= 3209331) AND (k <= 3209431))

for range-notcovered
table 1 : explain SELECT k, c FROM sbtest1 WHERE k BETWEEN 1661505 AND 1661605
	Bitmap Heap Scan on sbtest1  (cost=5.49..413.39 rows=103 width=125)
	  Recheck Cond: ((k >= 1661505) AND (k <= 1661605))
	  ->  Bitmap Index Scan on k_1  (cost=0.00..5.46 rows=103 width=0)
	        Index Cond: ((k >= 1661505) AND (k <= 1661605))

table 2 : explain SELECT k, c FROM sbtest2 WHERE k BETWEEN 1661505 AND 1661605
	Bitmap Heap Scan on sbtest2  (cost=5.45..397.66 rows=99 width=125)
	  Recheck Cond: ((k >= 1661505) AND (k <= 1661605))
	  ->  Bitmap Index Scan on k_2  (cost=0.00..5.42 rows=99 width=0)
	        Index Cond: ((k >= 1661505) AND (k <= 1661605))

table 3 : explain SELECT k, c FROM sbtest3 WHERE k BETWEEN 1661505 AND 1661605
	Bitmap Heap Scan on sbtest3  (cost=5.44..393.74 rows=98 width=125)
	  Recheck Cond: ((k >= 1661505) AND (k <= 1661605))
	  ->  Bitmap Index Scan on k_3  (cost=0.00..5.42 rows=98 width=0)
	        Index Cond: ((k >= 1661505) AND (k <= 1661605))

table 4 : explain SELECT k, c FROM sbtest4 WHERE k BETWEEN 1661505 AND 1661605
	Bitmap Heap Scan on sbtest4  (cost=5.48..409.51 rows=102 width=125)
	  Recheck Cond: ((k >= 1661505) AND (k <= 1661605))
	  ->  Bitmap Index Scan on k_4  (cost=0.00..5.45 rows=102 width=0)
	        Index Cond: ((k >= 1661505) AND (k <= 1661605))

table 5 : explain SELECT k, c FROM sbtest5 WHERE k BETWEEN 1661505 AND 1661605
	Bitmap Heap Scan on sbtest5  (cost=5.57..445.18 rows=111 width=125)
	  Recheck Cond: ((k >= 1661505) AND (k <= 1661605))
	  ->  Bitmap Index Scan on k_5  (cost=0.00..5.54 rows=111 width=0)
	        Index Cond: ((k >= 1661505) AND (k <= 1661605))

table 6 : explain SELECT k, c FROM sbtest6 WHERE k BETWEEN 1661505 AND 1661605
	Bitmap Heap Scan on sbtest6  (cost=5.49..413.52 rows=103 width=125)
	  Recheck Cond: ((k >= 1661505) AND (k <= 1661605))
	  ->  Bitmap Index Scan on k_6  (cost=0.00..5.46 rows=103 width=0)
	        Index Cond: ((k >= 1661505) AND (k <= 1661605))

table 7 : explain SELECT k, c FROM sbtest7 WHERE k BETWEEN 1661505 AND 1661605
	Bitmap Heap Scan on sbtest7  (cost=5.46..401.78 rows=100 width=125)
	  Recheck Cond: ((k >= 1661505) AND (k <= 1661605))
	  ->  Bitmap Index Scan on k_7  (cost=0.00..5.43 rows=100 width=0)
	        Index Cond: ((k >= 1661505) AND (k <= 1661605))

table 8 : explain SELECT k, c FROM sbtest8 WHERE k BETWEEN 1661505 AND 1661605
	Bitmap Heap Scan on sbtest8  (cost=5.49..413.54 rows=103 width=125)
	  Recheck Cond: ((k >= 1661505) AND (k <= 1661605))
	  ->  Bitmap Index Scan on k_8  (cost=0.00..5.46 rows=103 width=0)
	        Index Cond: ((k >= 1661505) AND (k <= 1661605))
for range-notcovered
table 1 : explain SELECT k, c FROM sbtest1 WHERE k BETWEEN 5364173 AND 5364273
	Bitmap Heap Scan on sbtest1  (cost=5.40..377.89 rows=94 width=125)
	  Recheck Cond: ((k >= 5364173) AND (k <= 5364273))
	  ->  Bitmap Index Scan on k_1  (cost=0.00..5.38 rows=94 width=0)
	        Index Cond: ((k >= 5364173) AND (k <= 5364273))

table 2 : explain SELECT k, c FROM sbtest2 WHERE k BETWEEN 5364173 AND 5364273
	Bitmap Heap Scan on sbtest2  (cost=5.52..425.27 rows=106 width=125)
	  Recheck Cond: ((k >= 5364173) AND (k <= 5364273))
	  ->  Bitmap Index Scan on k_2  (cost=0.00..5.50 rows=106 width=0)
	        Index Cond: ((k >= 5364173) AND (k <= 5364273))

table 3 : explain SELECT k, c FROM sbtest3 WHERE k BETWEEN 5364173 AND 5364273
	Bitmap Heap Scan on sbtest3  (cost=5.43..389.79 rows=97 width=125)
	  Recheck Cond: ((k >= 5364173) AND (k <= 5364273))
	  ->  Bitmap Index Scan on k_3  (cost=0.00..5.40 rows=97 width=0)
	        Index Cond: ((k >= 5364173) AND (k <= 5364273))

table 4 : explain SELECT k, c FROM sbtest4 WHERE k BETWEEN 5364173 AND 5364273
	Bitmap Heap Scan on sbtest4  (cost=5.53..429.23 rows=107 width=125)
	  Recheck Cond: ((k >= 5364173) AND (k <= 5364273))
	  ->  Bitmap Index Scan on k_4  (cost=0.00..5.50 rows=107 width=0)
	        Index Cond: ((k >= 5364173) AND (k <= 5364273))

table 5 : explain SELECT k, c FROM sbtest5 WHERE k BETWEEN 5364173 AND 5364273
	Bitmap Heap Scan on sbtest5  (cost=5.38..370.18 rows=92 width=125)
	  Recheck Cond: ((k >= 5364173) AND (k <= 5364273))
	  ->  Bitmap Index Scan on k_5  (cost=0.00..5.35 rows=92 width=0)
	        Index Cond: ((k >= 5364173) AND (k <= 5364273))

table 6 : explain SELECT k, c FROM sbtest6 WHERE k BETWEEN 5364173 AND 5364273
	Bitmap Heap Scan on sbtest6  (cost=5.46..401.69 rows=100 width=125)
	  Recheck Cond: ((k >= 5364173) AND (k <= 5364273))
	  ->  Bitmap Index Scan on k_6  (cost=0.00..5.43 rows=100 width=0)
	        Index Cond: ((k >= 5364173) AND (k <= 5364273))

table 7 : explain SELECT k, c FROM sbtest7 WHERE k BETWEEN 5364173 AND 5364273
	Bitmap Heap Scan on sbtest7  (cost=5.54..433.35 rows=108 width=125)
	  Recheck Cond: ((k >= 5364173) AND (k <= 5364273))
	  ->  Bitmap Index Scan on k_7  (cost=0.00..5.51 rows=108 width=0)
	        Index Cond: ((k >= 5364173) AND (k <= 5364273))

table 8 : explain SELECT k, c FROM sbtest8 WHERE k BETWEEN 5364173 AND 5364273
	Bitmap Heap Scan on sbtest8  (cost=5.54..433.26 rows=108 width=125)
	  Recheck Cond: ((k >= 5364173) AND (k <= 5364273))
	  ->  Bitmap Index Scan on k_8  (cost=0.00..5.51 rows=108 width=0)
	        Index Cond: ((k >= 5364173) AND (k <= 5364273))

for range-notcovered
table 1 : explain SELECT k, c FROM sbtest1 WHERE k BETWEEN 4467670 AND 4467770
	Bitmap Heap Scan on sbtest1  (cost=5.47..405.51 rows=101 width=125)
	  Recheck Cond: ((k >= 4467670) AND (k <= 4467770))
	  ->  Bitmap Index Scan on k_1  (cost=0.00..5.44 rows=101 width=0)
	        Index Cond: ((k >= 4467670) AND (k <= 4467770))

table 2 : explain SELECT k, c FROM sbtest2 WHERE k BETWEEN 4467670 AND 4467770
	Bitmap Heap Scan on sbtest2  (cost=5.56..441.04 rows=110 width=125)
	  Recheck Cond: ((k >= 4467670) AND (k <= 4467770))
	  ->  Bitmap Index Scan on k_2  (cost=0.00..5.53 rows=110 width=0)
	        Index Cond: ((k >= 4467670) AND (k <= 4467770))

table 3 : explain SELECT k, c FROM sbtest3 WHERE k BETWEEN 4467670 AND 4467770
	Bitmap Heap Scan on sbtest3  (cost=5.47..405.57 rows=101 width=125)
	  Recheck Cond: ((k >= 4467670) AND (k <= 4467770))
	  ->  Bitmap Index Scan on k_3  (cost=0.00..5.44 rows=101 width=0)
	        Index Cond: ((k >= 4467670) AND (k <= 4467770))

table 4 : explain SELECT k, c FROM sbtest4 WHERE k BETWEEN 4467670 AND 4467770
	Bitmap Heap Scan on sbtest4  (cost=5.53..429.23 rows=107 width=125)
	  Recheck Cond: ((k >= 4467670) AND (k <= 4467770))
	  ->  Bitmap Index Scan on k_4  (cost=0.00..5.50 rows=107 width=0)
	        Index Cond: ((k >= 4467670) AND (k <= 4467770))

table 5 : explain SELECT k, c FROM sbtest5 WHERE k BETWEEN 4467670 AND 4467770
	Bitmap Heap Scan on sbtest5  (cost=5.56..441.23 rows=110 width=125)
	  Recheck Cond: ((k >= 4467670) AND (k <= 4467770))
	  ->  Bitmap Index Scan on k_5  (cost=0.00..5.53 rows=110 width=0)
	        Index Cond: ((k >= 4467670) AND (k <= 4467770))

table 6 : explain SELECT k, c FROM sbtest6 WHERE k BETWEEN 4467670 AND 4467770
	Bitmap Heap Scan on sbtest6  (cost=5.41..381.95 rows=95 width=125)
	  Recheck Cond: ((k >= 4467670) AND (k <= 4467770))
	  ->  Bitmap Index Scan on k_6  (cost=0.00..5.38 rows=95 width=0)
	        Index Cond: ((k >= 4467670) AND (k <= 4467770))

table 7 : explain SELECT k, c FROM sbtest7 WHERE k BETWEEN 4467670 AND 4467770
	Bitmap Heap Scan on sbtest7  (cost=5.50..417.56 rows=104 width=125)
	  Recheck Cond: ((k >= 4467670) AND (k <= 4467770))
	  ->  Bitmap Index Scan on k_7  (cost=0.00..5.47 rows=104 width=0)
	        Index Cond: ((k >= 4467670) AND (k <= 4467770))

table 8 : explain SELECT k, c FROM sbtest8 WHERE k BETWEEN 4467670 AND 4467770
	Bitmap Heap Scan on sbtest8  (cost=5.54..433.26 rows=108 width=125)
	  Recheck Cond: ((k >= 4467670) AND (k <= 4467770))
	  ->  Bitmap Index Scan on k_8  (cost=0.00..5.51 rows=108 width=0)
	        Index Cond: ((k >= 4467670) AND (k <= 4467770))

explain: for range-notcovered :: explain SELECT k, c FROM sbtest%d WHERE k BETWEEN 382864 AND 382964
explain: for range-notcovered :: explain SELECT k, c FROM sbtest%d WHERE k BETWEEN 3209331 AND 3209431

for range-notcovered
table 1 : explain SELECT k, c FROM sbtest1 WHERE k BETWEEN 7181028 AND 7181128
	Bitmap Heap Scan on sbtest1  (cost=5.43..389.73 rows=97 width=125)
	  Recheck Cond: ((k >= 7181028) AND (k <= 7181128))
	  ->  Bitmap Index Scan on k_1  (cost=0.00..5.40 rows=97 width=0)
	        Index Cond: ((k >= 7181028) AND (k <= 7181128))

table 2 : explain SELECT k, c FROM sbtest2 WHERE k BETWEEN 7181028 AND 7181128
	Bitmap Heap Scan on sbtest2  (cost=5.39..373.98 rows=93 width=125)
	  Recheck Cond: ((k >= 7181028) AND (k <= 7181128))
	  ->  Bitmap Index Scan on k_2  (cost=0.00..5.36 rows=93 width=0)
	        Index Cond: ((k >= 7181028) AND (k <= 7181128))

table 3 : explain SELECT k, c FROM sbtest3 WHERE k BETWEEN 7181028 AND 7181128
	Bitmap Heap Scan on sbtest3  (cost=5.53..429.23 rows=107 width=125)
	  Recheck Cond: ((k >= 7181028) AND (k <= 7181128))
	  ->  Bitmap Index Scan on k_3  (cost=0.00..5.50 rows=107 width=0)
	        Index Cond: ((k >= 7181028) AND (k <= 7181128))

table 4 : explain SELECT k, c FROM sbtest4 WHERE k BETWEEN 7181028 AND 7181128
	Bitmap Heap Scan on sbtest4  (cost=5.40..377.95 rows=94 width=125)
	  Recheck Cond: ((k >= 7181028) AND (k <= 7181128))
	  ->  Bitmap Index Scan on k_4  (cost=0.00..5.38 rows=94 width=0)
	        Index Cond: ((k >= 7181028) AND (k <= 7181128))

table 5 : explain SELECT k, c FROM sbtest5 WHERE k BETWEEN 7181028 AND 7181128
	Bitmap Heap Scan on sbtest5  (cost=5.46..401.78 rows=100 width=125)
	  Recheck Cond: ((k >= 7181028) AND (k <= 7181128))
	  ->  Bitmap Index Scan on k_5  (cost=0.00..5.43 rows=100 width=0)
	        Index Cond: ((k >= 7181028) AND (k <= 7181128))

table 6 : explain SELECT k, c FROM sbtest6 WHERE k BETWEEN 7181028 AND 7181128
	Bitmap Heap Scan on sbtest6  (cost=5.49..413.52 rows=103 width=125)
	  Recheck Cond: ((k >= 7181028) AND (k <= 7181128))
	  ->  Bitmap Index Scan on k_6  (cost=0.00..5.46 rows=103 width=0)
	        Index Cond: ((k >= 7181028) AND (k <= 7181128))

table 7 : explain SELECT k, c FROM sbtest7 WHERE k BETWEEN 7181028 AND 7181128
	Bitmap Heap Scan on sbtest7  (cost=5.54..433.35 rows=108 width=125)
	  Recheck Cond: ((k >= 7181028) AND (k <= 7181128))
	  ->  Bitmap Index Scan on k_7  (cost=0.00..5.51 rows=108 width=0)
	        Index Cond: ((k >= 7181028) AND (k <= 7181128))

table 8 : explain SELECT k, c FROM sbtest8 WHERE k BETWEEN 7181028 AND 7181128
	Bitmap Heap Scan on sbtest8  (cost=5.51..421.42 rows=105 width=125)
	  Recheck Cond: ((k >= 7181028) AND (k <= 7181128))
	  ->  Bitmap Index Scan on k_8  (cost=0.00..5.48 rows=105 width=0)
	        Index Cond: ((k >= 7181028) AND (k <= 7181128))
for range-notcovered
table 1 : explain SELECT k, c FROM sbtest1 WHERE k BETWEEN 6101935 AND 6102035
	Bitmap Heap Scan on sbtest1  (cost=5.50..417.34 rows=104 width=125)
	  Recheck Cond: ((k >= 6101935) AND (k <= 6102035))
	  ->  Bitmap Index Scan on k_1  (cost=0.00..5.47 rows=104 width=0)
	        Index Cond: ((k >= 6101935) AND (k <= 6102035))

table 2 : explain SELECT k, c FROM sbtest2 WHERE k BETWEEN 6101935 AND 6102035
	Bitmap Heap Scan on sbtest2  (cost=5.53..429.21 rows=107 width=125)
	  Recheck Cond: ((k >= 6101935) AND (k <= 6102035))
	  ->  Bitmap Index Scan on k_2  (cost=0.00..5.50 rows=107 width=0)
	        Index Cond: ((k >= 6101935) AND (k <= 6102035))

table 3 : explain SELECT k, c FROM sbtest3 WHERE k BETWEEN 6101935 AND 6102035
	Bitmap Heap Scan on sbtest3  (cost=5.40..377.95 rows=94 width=125)
	  Recheck Cond: ((k >= 6101935) AND (k <= 6102035))
	  ->  Bitmap Index Scan on k_3  (cost=0.00..5.38 rows=94 width=0)
	        Index Cond: ((k >= 6101935) AND (k <= 6102035))

table 4 : explain SELECT k, c FROM sbtest4 WHERE k BETWEEN 6101935 AND 6102035
	Bitmap Heap Scan on sbtest4  (cost=5.47..405.57 rows=101 width=125)
	  Recheck Cond: ((k >= 6101935) AND (k <= 6102035))
	  ->  Bitmap Index Scan on k_4  (cost=0.00..5.44 rows=101 width=0)
	        Index Cond: ((k >= 6101935) AND (k <= 6102035))

table 5 : explain SELECT k, c FROM sbtest5 WHERE k BETWEEN 6101935 AND 6102035
	Bitmap Heap Scan on sbtest5  (cost=5.43..389.93 rows=97 width=125)
	  Recheck Cond: ((k >= 6101935) AND (k <= 6102035))
	  ->  Bitmap Index Scan on k_5  (cost=0.00..5.40 rows=97 width=0)
	        Index Cond: ((k >= 6101935) AND (k <= 6102035))

table 6 : explain SELECT k, c FROM sbtest6 WHERE k BETWEEN 6101935 AND 6102035
	Bitmap Heap Scan on sbtest6  (cost=5.44..393.79 rows=98 width=125)
	  Recheck Cond: ((k >= 6101935) AND (k <= 6102035))
	  ->  Bitmap Index Scan on k_6  (cost=0.00..5.42 rows=98 width=0)
	        Index Cond: ((k >= 6101935) AND (k <= 6102035))

table 7 : explain SELECT k, c FROM sbtest7 WHERE k BETWEEN 6101935 AND 6102035
	Bitmap Heap Scan on sbtest7  (cost=5.49..413.62 rows=103 width=125)
	  Recheck Cond: ((k >= 6101935) AND (k <= 6102035))
	  ->  Bitmap Index Scan on k_7  (cost=0.00..5.46 rows=103 width=0)
	        Index Cond: ((k >= 6101935) AND (k <= 6102035))

table 8 : explain SELECT k, c FROM sbtest8 WHERE k BETWEEN 6101935 AND 6102035
	Bitmap Heap Scan on sbtest8  (cost=5.54..433.26 rows=108 width=125)
	  Recheck Cond: ((k >= 6101935) AND (k <= 6102035))
	  ->  Bitmap Index Scan on k_8  (cost=0.00..5.51 rows=108 width=0)
	        Index Cond: ((k >= 6101935) AND (k <= 6102035))

explain: for range-notcovered :: explain SELECT k, c FROM sbtest%d WHERE k BETWEEN 5364173 AND 5364273

explain: for range-notcovered :: explain SELECT k, c FROM sbtest%d WHERE k BETWEEN 7884776 AND 7884876
for range-notcovered
table 1 : explain SELECT k, c FROM sbtest1 WHERE k BETWEEN 4648538 AND 4648638
	Bitmap Heap Scan on sbtest1  (cost=5.49..413.39 rows=103 width=125)
	  Recheck Cond: ((k >= 4648538) AND (k <= 4648638))
	  ->  Bitmap Index Scan on k_1  (cost=0.00..5.46 rows=103 width=0)
	        Index Cond: ((k >= 4648538) AND (k <= 4648638))

table 2 : explain SELECT k, c FROM sbtest2 WHERE k BETWEEN 4648538 AND 4648638
	Bitmap Heap Scan on sbtest2  (cost=5.51..421.33 rows=105 width=125)
	  Recheck Cond: ((k >= 4648538) AND (k <= 4648638))
	  ->  Bitmap Index Scan on k_2  (cost=0.00..5.48 rows=105 width=0)
	        Index Cond: ((k >= 4648538) AND (k <= 4648638))

table 3 : explain SELECT k, c FROM sbtest3 WHERE k BETWEEN 4648538 AND 4648638
	Bitmap Heap Scan on sbtest3  (cost=5.50..417.40 rows=104 width=125)
	  Recheck Cond: ((k >= 4648538) AND (k <= 4648638))
	  ->  Bitmap Index Scan on k_3  (cost=0.00..5.47 rows=104 width=0)
	        Index Cond: ((k >= 4648538) AND (k <= 4648638))

table 4 : explain SELECT k, c FROM sbtest4 WHERE k BETWEEN 4648538 AND 4648638
	Bitmap Heap Scan on sbtest4  (cost=5.48..409.51 rows=102 width=125)
	  Recheck Cond: ((k >= 4648538) AND (k <= 4648638))
	  ->  Bitmap Index Scan on k_4  (cost=0.00..5.45 rows=102 width=0)
	        Index Cond: ((k >= 4648538) AND (k <= 4648638))

table 5 : explain SELECT k, c FROM sbtest5 WHERE k BETWEEN 4648538 AND 4648638
	Bitmap Heap Scan on sbtest5  (cost=5.46..401.78 rows=100 width=125)
	  Recheck Cond: ((k >= 4648538) AND (k <= 4648638))
	  ->  Bitmap Index Scan on k_5  (cost=0.00..5.43 rows=100 width=0)
	        Index Cond: ((k >= 4648538) AND (k <= 4648638))

table 6 : explain SELECT k, c FROM sbtest6 WHERE k BETWEEN 4648538 AND 4648638
	Bitmap Heap Scan on sbtest6  (cost=5.55..437.19 rows=109 width=125)
	  Recheck Cond: ((k >= 4648538) AND (k <= 4648638))
	  ->  Bitmap Index Scan on k_6  (cost=0.00..5.52 rows=109 width=0)
	        Index Cond: ((k >= 4648538) AND (k <= 4648638))

table 7 : explain SELECT k, c FROM sbtest7 WHERE k BETWEEN 4648538 AND 4648638
	Bitmap Heap Scan on sbtest7  (cost=5.57..445.18 rows=111 width=125)
	  Recheck Cond: ((k >= 4648538) AND (k <= 4648638))
	  ->  Bitmap Index Scan on k_7  (cost=0.00..5.54 rows=111 width=0)
	        Index Cond: ((k >= 4648538) AND (k <= 4648638))

table 8 : explain SELECT k, c FROM sbtest8 WHERE k BETWEEN 4648538 AND 4648638
	Bitmap Heap Scan on sbtest8  (cost=5.52..425.37 rows=106 width=125)
	  Recheck Cond: ((k >= 4648538) AND (k <= 4648638))
	  ->  Bitmap Index Scan on k_8  (cost=0.00..5.50 rows=106 width=0)
	        Index Cond: ((k >= 4648538) AND (k <= 4648638))

explain: for range-notcovered :: explain SELECT k, c FROM sbtest%d WHERE k BETWEEN 1661505 AND 1661605explain: for range-notcovered :: explain SELECT k, c FROM sbtest%d WHERE k BETWEEN 4467670 AND 4467770
for range-notcovered
table 1 : explain SELECT k, c FROM sbtest1 WHERE k BETWEEN 2149693 AND 2149793
	Bitmap Heap Scan on sbtest1  (cost=5.44..393.67 rows=98 width=125)
	  Recheck Cond: ((k >= 2149693) AND (k <= 2149793))
	  ->  Bitmap Index Scan on k_1  (cost=0.00..5.42 rows=98 width=0)
	        Index Cond: ((k >= 2149693) AND (k <= 2149793))

table 2 : explain SELECT k, c FROM sbtest2 WHERE k BETWEEN 2149693 AND 2149793
	Bitmap Heap Scan on sbtest2  (cost=5.51..421.33 rows=105 width=125)
	  Recheck Cond: ((k >= 2149693) AND (k <= 2149793))
	  ->  Bitmap Index Scan on k_2  (cost=0.00..5.48 rows=105 width=0)
	        Index Cond: ((k >= 2149693) AND (k <= 2149793))

table 3 : explain SELECT k, c FROM sbtest3 WHERE k BETWEEN 2149693 AND 2149793
	Bitmap Heap Scan on sbtest3  (cost=5.41..381.90 rows=95 width=125)
	  Recheck Cond: ((k >= 2149693) AND (k <= 2149793))
	  ->  Bitmap Index Scan on k_3  (cost=0.00..5.38 rows=95 width=0)
	        Index Cond: ((k >= 2149693) AND (k <= 2149793))

table 4 : explain SELECT k, c FROM sbtest4 WHERE k BETWEEN 2149693 AND 2149793
	Bitmap Heap Scan on sbtest4  (cost=5.50..417.40 rows=104 width=125)
	  Recheck Cond: ((k >= 2149693) AND (k <= 2149793))
	  ->  Bitmap Index Scan on k_4  (cost=0.00..5.47 rows=104 width=0)
	        Index Cond: ((k >= 2149693) AND (k <= 2149793))

table 5 : explain SELECT k, c FROM sbtest5 WHERE k BETWEEN 2149693 AND 2149793
	Bitmap Heap Scan on sbtest5  (cost=5.55..437.29 rows=109 width=125)
	  Recheck Cond: ((k >= 2149693) AND (k <= 2149793))
	  ->  Bitmap Index Scan on k_5  (cost=0.00..5.52 rows=109 width=0)
	        Index Cond: ((k >= 2149693) AND (k <= 2149793))

table 6 : explain SELECT k, c FROM sbtest6 WHERE k BETWEEN 2149693 AND 2149793
	Bitmap Heap Scan on sbtest6  (cost=5.46..401.69 rows=100 width=125)
	  Recheck Cond: ((k >= 2149693) AND (k <= 2149793))
	  ->  Bitmap Index Scan on k_6  (cost=0.00..5.43 rows=100 width=0)
	        Index Cond: ((k >= 2149693) AND (k <= 2149793))

table 7 : explain SELECT k, c FROM sbtest7 WHERE k BETWEEN 2149693 AND 2149793
	Bitmap Heap Scan on sbtest7  (cost=5.45..397.83 rows=99 width=125)
	  Recheck Cond: ((k >= 2149693) AND (k <= 2149793))
	  ->  Bitmap Index Scan on k_7  (cost=0.00..5.42 rows=99 width=0)
	        Index Cond: ((k >= 2149693) AND (k <= 2149793))

table 8 : explain SELECT k, c FROM sbtest8 WHERE k BETWEEN 2149693 AND 2149793
	Bitmap Heap Scan on sbtest8  (cost=5.51..421.42 rows=105 width=125)
	  Recheck Cond: ((k >= 2149693) AND (k <= 2149793))
	  ->  Bitmap Index Scan on k_8  (cost=0.00..5.48 rows=105 width=0)
	        Index Cond: ((k >= 2149693) AND (k <= 2149793))

explain: for range-notcovered :: explain SELECT k, c FROM sbtest%d WHERE k BETWEEN 7181028 AND 7181128

for range-notcovered
table 1 : explain SELECT k, c FROM sbtest1 WHERE k BETWEEN 6091113 AND 6091213
	Bitmap Heap Scan on sbtest1  (cost=5.50..417.34 rows=104 width=125)
	  Recheck Cond: ((k >= 6091113) AND (k <= 6091213))
	  ->  Bitmap Index Scan on k_1  (cost=0.00..5.47 rows=104 width=0)
	        Index Cond: ((k >= 6091113) AND (k <= 6091213))

table 2 : explain SELECT k, c FROM sbtest2 WHERE k BETWEEN 6091113 AND 6091213
	Bitmap Heap Scan on sbtest2  (cost=5.53..429.21 rows=107 width=125)
	  Recheck Cond: ((k >= 6091113) AND (k <= 6091213))
	  ->  Bitmap Index Scan on k_2  (cost=0.00..5.50 rows=107 width=0)
	        Index Cond: ((k >= 6091113) AND (k <= 6091213))

table 3 : explain SELECT k, c FROM sbtest3 WHERE k BETWEEN 6091113 AND 6091213
	Bitmap Heap Scan on sbtest3  (cost=5.40..377.95 rows=94 width=125)
	  Recheck Cond: ((k >= 6091113) AND (k <= 6091213))
	  ->  Bitmap Index Scan on k_3  (cost=0.00..5.38 rows=94 width=0)
	        Index Cond: ((k >= 6091113) AND (k <= 6091213))

table 4 : explain SELECT k, c FROM sbtest4 WHERE k BETWEEN 6091113 AND 6091213
	Bitmap Heap Scan on sbtest4  (cost=5.47..405.57 rows=101 width=125)
	  Recheck Cond: ((k >= 6091113) AND (k <= 6091213))
	  ->  Bitmap Index Scan on k_4  (cost=0.00..5.44 rows=101 width=0)
	        Index Cond: ((k >= 6091113) AND (k <= 6091213))

table 5 : explain SELECT k, c FROM sbtest5 WHERE k BETWEEN 6091113 AND 6091213
	Bitmap Heap Scan on sbtest5  (cost=5.43..389.93 rows=97 width=125)
	  Recheck Cond: ((k >= 6091113) AND (k <= 6091213))
	  ->  Bitmap Index Scan on k_5  (cost=0.00..5.40 rows=97 width=0)
	        Index Cond: ((k >= 6091113) AND (k <= 6091213))

table 6 : explain SELECT k, c FROM sbtest6 WHERE k BETWEEN 6091113 AND 6091213
	Bitmap Heap Scan on sbtest6  (cost=5.44..393.79 rows=98 width=125)
	  Recheck Cond: ((k >= 6091113) AND (k <= 6091213))
	  ->  Bitmap Index Scan on k_6  (cost=0.00..5.42 rows=98 width=0)
	        Index Cond: ((k >= 6091113) AND (k <= 6091213))

table 7 : explain SELECT k, c FROM sbtest7 WHERE k BETWEEN 6091113 AND 6091213
	Bitmap Heap Scan on sbtest7  (cost=5.49..413.62 rows=103 width=125)
	  Recheck Cond: ((k >= 6091113) AND (k <= 6091213))
	  ->  Bitmap Index Scan on k_7  (cost=0.00..5.46 rows=103 width=0)
	        Index Cond: ((k >= 6091113) AND (k <= 6091213))

table 8 : explain SELECT k, c FROM sbtest8 WHERE k BETWEEN 6091113 AND 6091213
	Bitmap Heap Scan on sbtest8  (cost=5.54..433.26 rows=108 width=125)
	  Recheck Cond: ((k >= 6091113) AND (k <= 6091213))
	  ->  Bitmap Index Scan on k_8  (cost=0.00..5.51 rows=108 width=0)
	        Index Cond: ((k >= 6091113) AND (k <= 6091213))

explain: for range-notcovered :: explain SELECT k, c FROM sbtest%d WHERE k BETWEEN 4648538 AND 4648638
explain: for range-notcovered :: explain SELECT k, c FROM sbtest%d WHERE k BETWEEN 6101935 AND 6102035
explain: for range-notcovered :: explain SELECT k, c FROM sbtest%d WHERE k BETWEEN 6091113 AND 6091213
explain: for range-notcovered :: explain SELECT k, c FROM sbtest%d WHERE k BETWEEN 2149693 AND 2149793
for range-notcovered
table 1 : explain SELECT k, c FROM sbtest1 WHERE k BETWEEN 7572654 AND 7572754
	Bitmap Heap Scan on sbtest1  (cost=5.48..409.45 rows=102 width=125)
	  Recheck Cond: ((k >= 7572654) AND (k <= 7572754))
	  ->  Bitmap Index Scan on k_1  (cost=0.00..5.45 rows=102 width=0)
	        Index Cond: ((k >= 7572654) AND (k <= 7572754))

table 2 : explain SELECT k, c FROM sbtest2 WHERE k BETWEEN 7572654 AND 7572754
	Bitmap Heap Scan on sbtest2  (cost=5.47..405.55 rows=101 width=125)
	  Recheck Cond: ((k >= 7572654) AND (k <= 7572754))
	  ->  Bitmap Index Scan on k_2  (cost=0.00..5.44 rows=101 width=0)
	        Index Cond: ((k >= 7572654) AND (k <= 7572754))

table 3 : explain SELECT k, c FROM sbtest3 WHERE k BETWEEN 7572654 AND 7572754
	Bitmap Heap Scan on sbtest3  (cost=5.50..417.40 rows=104 width=125)
	  Recheck Cond: ((k >= 7572654) AND (k <= 7572754))
	  ->  Bitmap Index Scan on k_3  (cost=0.00..5.47 rows=104 width=0)
	        Index Cond: ((k >= 7572654) AND (k <= 7572754))

table 4 : explain SELECT k, c FROM sbtest4 WHERE k BETWEEN 7572654 AND 7572754
	Bitmap Heap Scan on sbtest4  (cost=5.57..445.00 rows=111 width=125)
	  Recheck Cond: ((k >= 7572654) AND (k <= 7572754))
	  ->  Bitmap Index Scan on k_4  (cost=0.00..5.54 rows=111 width=0)
	        Index Cond: ((k >= 7572654) AND (k <= 7572754))

table 5 : explain SELECT k, c FROM sbtest5 WHERE k BETWEEN 7572654 AND 7572754
	Bitmap Heap Scan on sbtest5  (cost=5.45..397.83 rows=99 width=125)
	  Recheck Cond: ((k >= 7572654) AND (k <= 7572754))
	  ->  Bitmap Index Scan on k_5  (cost=0.00..5.42 rows=99 width=0)
	        Index Cond: ((k >= 7572654) AND (k <= 7572754))

table 6 : explain SELECT k, c FROM sbtest6 WHERE k BETWEEN 7572654 AND 7572754
	Bitmap Heap Scan on sbtest6  (cost=5.53..429.30 rows=107 width=125)
	  Recheck Cond: ((k >= 7572654) AND (k <= 7572754))
	  ->  Bitmap Index Scan on k_6  (cost=0.00..5.50 rows=107 width=0)
	        Index Cond: ((k >= 7572654) AND (k <= 7572754))

table 7 : explain SELECT k, c FROM sbtest7 WHERE k BETWEEN 7572654 AND 7572754
	Bitmap Heap Scan on sbtest7  (cost=5.42..385.98 rows=96 width=125)
	  Recheck Cond: ((k >= 7572654) AND (k <= 7572754))
	  ->  Bitmap Index Scan on k_7  (cost=0.00..5.39 rows=96 width=0)
	        Index Cond: ((k >= 7572654) AND (k <= 7572754))

table 8 : explain SELECT k, c FROM sbtest8 WHERE k BETWEEN 7572654 AND 7572754
	Bitmap Heap Scan on sbtest8  (cost=5.63..468.73 rows=117 width=125)
	  Recheck Cond: ((k >= 7572654) AND (k <= 7572754))
	  ->  Bitmap Index Scan on k_8  (cost=0.00..5.60 rows=117 width=0)
	        Index Cond: ((k >= 7572654) AND (k <= 7572754))

for range-notcovered
table 1 : explain SELECT k, c FROM sbtest1 WHERE k BETWEEN 5359968 AND 5360068
	Bitmap Heap Scan on sbtest1  (cost=5.40..377.89 rows=94 width=125)
	  Recheck Cond: ((k >= 5359968) AND (k <= 5360068))
	  ->  Bitmap Index Scan on k_1  (cost=0.00..5.38 rows=94 width=0)
	        Index Cond: ((k >= 5359968) AND (k <= 5360068))

table 2 : explain SELECT k, c FROM sbtest2 WHERE k BETWEEN 5359968 AND 5360068
	Bitmap Heap Scan on sbtest2  (cost=5.52..425.27 rows=106 width=125)
	  Recheck Cond: ((k >= 5359968) AND (k <= 5360068))
	  ->  Bitmap Index Scan on k_2  (cost=0.00..5.50 rows=106 width=0)
	        Index Cond: ((k >= 5359968) AND (k <= 5360068))

table 3 : explain SELECT k, c FROM sbtest3 WHERE k BETWEEN 5359968 AND 5360068
	Bitmap Heap Scan on sbtest3  (cost=5.43..389.79 rows=97 width=125)
	  Recheck Cond: ((k >= 5359968) AND (k <= 5360068))
	  ->  Bitmap Index Scan on k_3  (cost=0.00..5.40 rows=97 width=0)
	        Index Cond: ((k >= 5359968) AND (k <= 5360068))

table 4 : explain SELECT k, c FROM sbtest4 WHERE k BETWEEN 5359968 AND 5360068
	Bitmap Heap Scan on sbtest4  (cost=5.53..429.23 rows=107 width=125)
	  Recheck Cond: ((k >= 5359968) AND (k <= 5360068))
	  ->  Bitmap Index Scan on k_4  (cost=0.00..5.50 rows=107 width=0)
	        Index Cond: ((k >= 5359968) AND (k <= 5360068))

table 5 : explain SELECT k, c FROM sbtest5 WHERE k BETWEEN 5359968 AND 5360068
	Bitmap Heap Scan on sbtest5  (cost=5.38..370.18 rows=92 width=125)
	  Recheck Cond: ((k >= 5359968) AND (k <= 5360068))
	  ->  Bitmap Index Scan on k_5  (cost=0.00..5.35 rows=92 width=0)
	        Index Cond: ((k >= 5359968) AND (k <= 5360068))

table 6 : explain SELECT k, c FROM sbtest6 WHERE k BETWEEN 5359968 AND 5360068
	Bitmap Heap Scan on sbtest6  (cost=5.46..401.69 rows=100 width=125)
	  Recheck Cond: ((k >= 5359968) AND (k <= 5360068))
	  ->  Bitmap Index Scan on k_6  (cost=0.00..5.43 rows=100 width=0)
	        Index Cond: ((k >= 5359968) AND (k <= 5360068))

table 7 : explain SELECT k, c FROM sbtest7 WHERE k BETWEEN 5359968 AND 5360068
	Bitmap Heap Scan on sbtest7  (cost=5.54..433.35 rows=108 width=125)
	  Recheck Cond: ((k >= 5359968) AND (k <= 5360068))
	  ->  Bitmap Index Scan on k_7  (cost=0.00..5.51 rows=108 width=0)
	        Index Cond: ((k >= 5359968) AND (k <= 5360068))

table 8 : explain SELECT k, c FROM sbtest8 WHERE k BETWEEN 5359968 AND 5360068
	Bitmap Heap Scan on sbtest8  (cost=5.54..433.26 rows=108 width=125)
	  Recheck Cond: ((k >= 5359968) AND (k <= 5360068))
	  ->  Bitmap Index Scan on k_8  (cost=0.00..5.51 rows=108 width=0)
	        Index Cond: ((k >= 5359968) AND (k <= 5360068))

explain: for range-notcovered :: explain SELECT k, c FROM sbtest%d WHERE k BETWEEN 7572654 AND 7572754
for range-notcovered
table 1 : explain SELECT k, c FROM sbtest1 WHERE k BETWEEN 5358538 AND 5358638
	Bitmap Heap Scan on sbtest1  (cost=5.40..377.89 rows=94 width=125)
	  Recheck Cond: ((k >= 5358538) AND (k <= 5358638))
	  ->  Bitmap Index Scan on k_1  (cost=0.00..5.38 rows=94 width=0)
	        Index Cond: ((k >= 5358538) AND (k <= 5358638))

table 2 : explain SELECT k, c FROM sbtest2 WHERE k BETWEEN 5358538 AND 5358638
	Bitmap Heap Scan on sbtest2  (cost=5.52..425.27 rows=106 width=125)
	  Recheck Cond: ((k >= 5358538) AND (k <= 5358638))
	  ->  Bitmap Index Scan on k_2  (cost=0.00..5.50 rows=106 width=0)
	        Index Cond: ((k >= 5358538) AND (k <= 5358638))

table 3 : explain SELECT k, c FROM sbtest3 WHERE k BETWEEN 5358538 AND 5358638
	Bitmap Heap Scan on sbtest3  (cost=5.43..389.79 rows=97 width=125)
	  Recheck Cond: ((k >= 5358538) AND (k <= 5358638))
	  ->  Bitmap Index Scan on k_3  (cost=0.00..5.40 rows=97 width=0)
	        Index Cond: ((k >= 5358538) AND (k <= 5358638))

table 4 : explain SELECT k, c FROM sbtest4 WHERE k BETWEEN 5358538 AND 5358638
	Bitmap Heap Scan on sbtest4  (cost=5.53..429.23 rows=107 width=125)
	  Recheck Cond: ((k >= 5358538) AND (k <= 5358638))
	  ->  Bitmap Index Scan on k_4  (cost=0.00..5.50 rows=107 width=0)
	        Index Cond: ((k >= 5358538) AND (k <= 5358638))

table 5 : explain SELECT k, c FROM sbtest5 WHERE k BETWEEN 5358538 AND 5358638
	Bitmap Heap Scan on sbtest5  (cost=5.38..370.18 rows=92 width=125)
	  Recheck Cond: ((k >= 5358538) AND (k <= 5358638))
	  ->  Bitmap Index Scan on k_5  (cost=0.00..5.35 rows=92 width=0)
	        Index Cond: ((k >= 5358538) AND (k <= 5358638))

table 6 : explain SELECT k, c FROM sbtest6 WHERE k BETWEEN 5358538 AND 5358638
	Bitmap Heap Scan on sbtest6  (cost=5.46..401.69 rows=100 width=125)
	  Recheck Cond: ((k >= 5358538) AND (k <= 5358638))
	  ->  Bitmap Index Scan on k_6  (cost=0.00..5.43 rows=100 width=0)
	        Index Cond: ((k >= 5358538) AND (k <= 5358638))

table 7 : explain SELECT k, c FROM sbtest7 WHERE k BETWEEN 5358538 AND 5358638
	Bitmap Heap Scan on sbtest7  (cost=5.54..433.35 rows=108 width=125)
	  Recheck Cond: ((k >= 5358538) AND (k <= 5358638))
	  ->  Bitmap Index Scan on k_7  (cost=0.00..5.51 rows=108 width=0)
	        Index Cond: ((k >= 5358538) AND (k <= 5358638))

table 8 : explain SELECT k, c FROM sbtest8 WHERE k BETWEEN 5358538 AND 5358638
	Bitmap Heap Scan on sbtest8  (cost=5.54..433.26 rows=108 width=125)
	  Recheck Cond: ((k >= 5358538) AND (k <= 5358638))
	  ->  Bitmap Index Scan on k_8  (cost=0.00..5.51 rows=108 width=0)
	        Index Cond: ((k >= 5358538) AND (k <= 5358638))

explain: for range-notcovered :: explain SELECT k, c FROM sbtest%d WHERE k BETWEEN 5358538 AND 5358638
explain: for range-notcovered :: explain SELECT k, c FROM sbtest%d WHERE k BETWEEN 5359968 AND 5360068
for range-notcovered
table 1 : explain SELECT k, c FROM sbtest1 WHERE k BETWEEN 5062200 AND 5062300
	Bitmap Heap Scan on sbtest1  (cost=5.46..401.56 rows=100 width=125)
	  Recheck Cond: ((k >= 5062200) AND (k <= 5062300))
	  ->  Bitmap Index Scan on k_1  (cost=0.00..5.43 rows=100 width=0)
	        Index Cond: ((k >= 5062200) AND (k <= 5062300))

table 2 : explain SELECT k, c FROM sbtest2 WHERE k BETWEEN 5062200 AND 5062300
	Bitmap Heap Scan on sbtest2  (cost=5.46..401.61 rows=100 width=125)
	  Recheck Cond: ((k >= 5062200) AND (k <= 5062300))
	  ->  Bitmap Index Scan on k_2  (cost=0.00..5.43 rows=100 width=0)
	        Index Cond: ((k >= 5062200) AND (k <= 5062300))

table 3 : explain SELECT k, c FROM sbtest3 WHERE k BETWEEN 5062200 AND 5062300
	Bitmap Heap Scan on sbtest3  (cost=5.62..464.70 rows=116 width=125)
	  Recheck Cond: ((k >= 5062200) AND (k <= 5062300))
	  ->  Bitmap Index Scan on k_3  (cost=0.00..5.59 rows=116 width=0)
	        Index Cond: ((k >= 5062200) AND (k <= 5062300))

table 4 : explain SELECT k, c FROM sbtest4 WHERE k BETWEEN 5062200 AND 5062300
	Bitmap Heap Scan on sbtest4  (cost=5.50..417.40 rows=104 width=125)
	  Recheck Cond: ((k >= 5062200) AND (k <= 5062300))
	  ->  Bitmap Index Scan on k_4  (cost=0.00..5.47 rows=104 width=0)
	        Index Cond: ((k >= 5062200) AND (k <= 5062300))

table 5 : explain SELECT k, c FROM sbtest5 WHERE k BETWEEN 5062200 AND 5062300
	Bitmap Heap Scan on sbtest5  (cost=5.38..370.18 rows=92 width=125)
	  Recheck Cond: ((k >= 5062200) AND (k <= 5062300))
	  ->  Bitmap Index Scan on k_5  (cost=0.00..5.35 rows=92 width=0)
	        Index Cond: ((k >= 5062200) AND (k <= 5062300))

table 6 : explain SELECT k, c FROM sbtest6 WHERE k BETWEEN 5062200 AND 5062300
	Bitmap Heap Scan on sbtest6  (cost=5.49..413.52 rows=103 width=125)
	  Recheck Cond: ((k >= 5062200) AND (k <= 5062300))
	  ->  Bitmap Index Scan on k_6  (cost=0.00..5.46 rows=103 width=0)
	        Index Cond: ((k >= 5062200) AND (k <= 5062300))

table 7 : explain SELECT k, c FROM sbtest7 WHERE k BETWEEN 5062200 AND 5062300
	Bitmap Heap Scan on sbtest7  (cost=5.49..413.62 rows=103 width=125)
	  Recheck Cond: ((k >= 5062200) AND (k <= 5062300))
	  ->  Bitmap Index Scan on k_7  (cost=0.00..5.46 rows=103 width=0)
	        Index Cond: ((k >= 5062200) AND (k <= 5062300))

table 8 : explain SELECT k, c FROM sbtest8 WHERE k BETWEEN 5062200 AND 5062300
	Bitmap Heap Scan on sbtest8  (cost=5.52..425.37 rows=106 width=125)
	  Recheck Cond: ((k >= 5062200) AND (k <= 5062300))
	  ->  Bitmap Index Scan on k_8  (cost=0.00..5.50 rows=106 width=0)
	        Index Cond: ((k >= 5062200) AND (k <= 5062300))

for range-notcovered
table 1 : explain SELECT k, c FROM sbtest1 WHERE k BETWEEN 3932444 AND 3932544
	Bitmap Heap Scan on sbtest1  (cost=5.60..456.74 rows=114 width=125)
	  Recheck Cond: ((k >= 3932444) AND (k <= 3932544))
	  ->  Bitmap Index Scan on k_1  (cost=0.00..5.58 rows=114 width=0)
	        Index Cond: ((k >= 3932444) AND (k <= 3932544))

table 2 : explain SELECT k, c FROM sbtest2 WHERE k BETWEEN 3932444 AND 3932544
	Bitmap Heap Scan on sbtest2  (cost=5.48..409.50 rows=102 width=125)
	  Recheck Cond: ((k >= 3932444) AND (k <= 3932544))
	  ->  Bitmap Index Scan on k_2  (cost=0.00..5.45 rows=102 width=0)
	        Index Cond: ((k >= 3932444) AND (k <= 3932544))

table 3 : explain SELECT k, c FROM sbtest3 WHERE k BETWEEN 3932444 AND 3932544
	Bitmap Heap Scan on sbtest3  (cost=5.42..385.84 rows=96 width=125)
	  Recheck Cond: ((k >= 3932444) AND (k <= 3932544))
	  ->  Bitmap Index Scan on k_3  (cost=0.00..5.39 rows=96 width=0)
	        Index Cond: ((k >= 3932444) AND (k <= 3932544))

table 4 : explain SELECT k, c FROM sbtest4 WHERE k BETWEEN 3932444 AND 3932544
	Bitmap Heap Scan on sbtest4  (cost=5.48..409.51 rows=102 width=125)
	  Recheck Cond: ((k >= 3932444) AND (k <= 3932544))
	  ->  Bitmap Index Scan on k_4  (cost=0.00..5.45 rows=102 width=0)
	        Index Cond: ((k >= 3932444) AND (k <= 3932544))

table 5 : explain SELECT k, c FROM sbtest5 WHERE k BETWEEN 3932444 AND 3932544
	Bitmap Heap Scan on sbtest5  (cost=5.46..401.78 rows=100 width=125)
	  Recheck Cond: ((k >= 3932444) AND (k <= 3932544))
	  ->  Bitmap Index Scan on k_5  (cost=0.00..5.43 rows=100 width=0)
	        Index Cond: ((k >= 3932444) AND (k <= 3932544))

table 6 : explain SELECT k, c FROM sbtest6 WHERE k BETWEEN 3932444 AND 3932544
	Bitmap Heap Scan on sbtest6  (cost=5.59..452.95 rows=113 width=125)
	  Recheck Cond: ((k >= 3932444) AND (k <= 3932544))
	  ->  Bitmap Index Scan on k_6  (cost=0.00..5.56 rows=113 width=0)
	        Index Cond: ((k >= 3932444) AND (k <= 3932544))

table 7 : explain SELECT k, c FROM sbtest7 WHERE k BETWEEN 3932444 AND 3932544
	Bitmap Heap Scan on sbtest7  (cost=5.48..409.67 rows=102 width=125)
	  Recheck Cond: ((k >= 3932444) AND (k <= 3932544))
	  ->  Bitmap Index Scan on k_7  (cost=0.00..5.45 rows=102 width=0)
	        Index Cond: ((k >= 3932444) AND (k <= 3932544))

table 8 : explain SELECT k, c FROM sbtest8 WHERE k BETWEEN 3932444 AND 3932544
	Bitmap Heap Scan on sbtest8  (cost=5.41..381.96 rows=95 width=125)
	  Recheck Cond: ((k >= 3932444) AND (k <= 3932544))
	  ->  Bitmap Index Scan on k_8  (cost=0.00..5.38 rows=95 width=0)
	        Index Cond: ((k >= 3932444) AND (k <= 3932544))

for range-notcovered
table 1 : explain SELECT k, c FROM sbtest1 WHERE k BETWEEN 382864 AND 382964
	Bitmap Heap Scan on sbtest1  (cost=5.52..425.22 rows=106 width=125)
	  Recheck Cond: ((k >= 382864) AND (k <= 382964))
	  ->  Bitmap Index Scan on k_1  (cost=0.00..5.50 rows=106 width=0)
	        Index Cond: ((k >= 382864) AND (k <= 382964))

table 2 : explain SELECT k, c FROM sbtest2 WHERE k BETWEEN 382864 AND 382964
	Bitmap Heap Scan on sbtest2  (cost=5.48..409.50 rows=102 width=125)
	  Recheck Cond: ((k >= 382864) AND (k <= 382964))
	  ->  Bitmap Index Scan on k_2  (cost=0.00..5.45 rows=102 width=0)
	        Index Cond: ((k >= 382864) AND (k <= 382964))

table 3 : explain SELECT k, c FROM sbtest3 WHERE k BETWEEN 382864 AND 382964
	Bitmap Heap Scan on sbtest3  (cost=5.45..397.68 rows=99 width=125)
	  Recheck Cond: ((k >= 382864) AND (k <= 382964))
	  ->  Bitmap Index Scan on k_3  (cost=0.00..5.42 rows=99 width=0)
	        Index Cond: ((k >= 382864) AND (k <= 382964))

table 4 : explain SELECT k, c FROM sbtest4 WHERE k BETWEEN 382864 AND 382964
	Bitmap Heap Scan on sbtest4  (cost=5.48..409.51 rows=102 width=125)
	  Recheck Cond: ((k >= 382864) AND (k <= 382964))
	  ->  Bitmap Index Scan on k_4  (cost=0.00..5.45 rows=102 width=0)
	        Index Cond: ((k >= 382864) AND (k <= 382964))

table 5 : explain SELECT k, c FROM sbtest5 WHERE k BETWEEN 382864 AND 382964
	Bitmap Heap Scan on sbtest5  (cost=5.42..385.98 rows=96 width=125)
	  Recheck Cond: ((k >= 382864) AND (k <= 382964))
	  ->  Bitmap Index Scan on k_5  (cost=0.00..5.39 rows=96 width=0)
	        Index Cond: ((k >= 382864) AND (k <= 382964))

table 6 : explain SELECT k, c FROM sbtest6 WHERE k BETWEEN 382864 AND 382964
	Bitmap Heap Scan on sbtest6  (cost=5.41..381.95 rows=95 width=125)
	  Recheck Cond: ((k >= 382864) AND (k <= 382964))
	  ->  Bitmap Index Scan on k_6  (cost=0.00..5.38 rows=95 width=0)
	        Index Cond: ((k >= 382864) AND (k <= 382964))

table 7 : explain SELECT k, c FROM sbtest7 WHERE k BETWEEN 382864 AND 382964
	Bitmap Heap Scan on sbtest7  (cost=5.45..397.83 rows=99 width=125)
	  Recheck Cond: ((k >= 382864) AND (k <= 382964))
	  ->  Bitmap Index Scan on k_7  (cost=0.00..5.42 rows=99 width=0)
	        Index Cond: ((k >= 382864) AND (k <= 382964))

table 8 : explain SELECT k, c FROM sbtest8 WHERE k BETWEEN 382864 AND 382964
	Bitmap Heap Scan on sbtest8  (cost=5.36..362.21 rows=90 width=125)
	  Recheck Cond: ((k >= 382864) AND (k <= 382964))
	  ->  Bitmap Index Scan on k_8  (cost=0.00..5.33 rows=90 width=0)
	        Index Cond: ((k >= 382864) AND (k <= 382964))

for range-notcovered
table 1 : explain SELECT k, c FROM sbtest1 WHERE k BETWEEN 3553595 AND 3553695
	Bitmap Heap Scan on sbtest1  (cost=5.49..413.39 rows=103 width=125)
	  Recheck Cond: ((k >= 3553595) AND (k <= 3553695))
	  ->  Bitmap Index Scan on k_1  (cost=0.00..5.46 rows=103 width=0)
	        Index Cond: ((k >= 3553595) AND (k <= 3553695))

table 2 : explain SELECT k, c FROM sbtest2 WHERE k BETWEEN 3553595 AND 3553695
	Bitmap Heap Scan on sbtest2  (cost=5.45..397.66 rows=99 width=125)
	  Recheck Cond: ((k >= 3553595) AND (k <= 3553695))
	  ->  Bitmap Index Scan on k_2  (cost=0.00..5.42 rows=99 width=0)
	        Index Cond: ((k >= 3553595) AND (k <= 3553695))

table 3 : explain SELECT k, c FROM sbtest3 WHERE k BETWEEN 3553595 AND 3553695
	Bitmap Heap Scan on sbtest3  (cost=5.55..437.12 rows=109 width=125)
	  Recheck Cond: ((k >= 3553595) AND (k <= 3553695))
	  ->  Bitmap Index Scan on k_3  (cost=0.00..5.52 rows=109 width=0)
	        Index Cond: ((k >= 3553595) AND (k <= 3553695))

table 4 : explain SELECT k, c FROM sbtest4 WHERE k BETWEEN 3553595 AND 3553695
	Bitmap Heap Scan on sbtest4  (cost=5.44..393.73 rows=98 width=125)
	  Recheck Cond: ((k >= 3553595) AND (k <= 3553695))
	  ->  Bitmap Index Scan on k_4  (cost=0.00..5.42 rows=98 width=0)
	        Index Cond: ((k >= 3553595) AND (k <= 3553695))

table 5 : explain SELECT k, c FROM sbtest5 WHERE k BETWEEN 3553595 AND 3553695
	Bitmap Heap Scan on sbtest5  (cost=5.46..401.78 rows=100 width=125)
	  Recheck Cond: ((k >= 3553595) AND (k <= 3553695))
	  ->  Bitmap Index Scan on k_5  (cost=0.00..5.43 rows=100 width=0)
	        Index Cond: ((k >= 3553595) AND (k <= 3553695))

table 6 : explain SELECT k, c FROM sbtest6 WHERE k BETWEEN 3553595 AND 3553695
	Bitmap Heap Scan on sbtest6  (cost=5.42..385.90 rows=96 width=125)
	  Recheck Cond: ((k >= 3553595) AND (k <= 3553695))
	  ->  Bitmap Index Scan on k_6  (cost=0.00..5.39 rows=96 width=0)
	        Index Cond: ((k >= 3553595) AND (k <= 3553695))

table 7 : explain SELECT k, c FROM sbtest7 WHERE k BETWEEN 3553595 AND 3553695
	Bitmap Heap Scan on sbtest7  (cost=5.48..409.67 rows=102 width=125)
	  Recheck Cond: ((k >= 3553595) AND (k <= 3553695))
	  ->  Bitmap Index Scan on k_7  (cost=0.00..5.45 rows=102 width=0)
	        Index Cond: ((k >= 3553595) AND (k <= 3553695))

table 8 : explain SELECT k, c FROM sbtest8 WHERE k BETWEEN 3553595 AND 3553695
	Bitmap Heap Scan on sbtest8  (cost=5.47..405.64 rows=101 width=125)
	  Recheck Cond: ((k >= 3553595) AND (k <= 3553695))
	  ->  Bitmap Index Scan on k_8  (cost=0.00..5.44 rows=101 width=0)
	        Index Cond: ((k >= 3553595) AND (k <= 3553695))
explain: for range-notcovered :: explain SELECT k, c FROM sbtest%d WHERE k BETWEEN 5062200 AND 5062300

for range-notcovered
table 1 : explain SELECT k, c FROM sbtest1 WHERE k BETWEEN 4198112 AND 4198212
	Bitmap Heap Scan on sbtest1  (cost=5.54..433.10 rows=108 width=125)
	  Recheck Cond: ((k >= 4198112) AND (k <= 4198212))
	  ->  Bitmap Index Scan on k_1  (cost=0.00..5.51 rows=108 width=0)
	        Index Cond: ((k >= 4198112) AND (k <= 4198212))

table 2 : explain SELECT k, c FROM sbtest2 WHERE k BETWEEN 4198112 AND 4198212
	Bitmap Heap Scan on sbtest2  (cost=5.53..429.21 rows=107 width=125)
	  Recheck Cond: ((k >= 4198112) AND (k <= 4198212))
	  ->  Bitmap Index Scan on k_2  (cost=0.00..5.50 rows=107 width=0)
	        Index Cond: ((k >= 4198112) AND (k <= 4198212))

table 3 : explain SELECT k, c FROM sbtest3 WHERE k BETWEEN 4198112 AND 4198212
	Bitmap Heap Scan on sbtest3  (cost=5.52..425.29 rows=106 width=125)
	  Recheck Cond: ((k >= 4198112) AND (k <= 4198212))
	  ->  Bitmap Index Scan on k_3  (cost=0.00..5.50 rows=106 width=0)
	        Index Cond: ((k >= 4198112) AND (k <= 4198212))

table 4 : explain SELECT k, c FROM sbtest4 WHERE k BETWEEN 4198112 AND 4198212
	Bitmap Heap Scan on sbtest4  (cost=5.42..385.84 rows=96 width=125)
	  Recheck Cond: ((k >= 4198112) AND (k <= 4198212))
	  ->  Bitmap Index Scan on k_4  (cost=0.00..5.39 rows=96 width=0)
	        Index Cond: ((k >= 4198112) AND (k <= 4198212))

table 5 : explain SELECT k, c FROM sbtest5 WHERE k BETWEEN 4198112 AND 4198212
	Bitmap Heap Scan on sbtest5  (cost=5.44..393.88 rows=98 width=125)
	  Recheck Cond: ((k >= 4198112) AND (k <= 4198212))
	  ->  Bitmap Index Scan on k_5  (cost=0.00..5.42 rows=98 width=0)
	        Index Cond: ((k >= 4198112) AND (k <= 4198212))

table 6 : explain SELECT k, c FROM sbtest6 WHERE k BETWEEN 4198112 AND 4198212
	Bitmap Heap Scan on sbtest6  (cost=5.47..405.63 rows=101 width=125)
	  Recheck Cond: ((k >= 4198112) AND (k <= 4198212))
	  ->  Bitmap Index Scan on k_6  (cost=0.00..5.44 rows=101 width=0)
	        Index Cond: ((k >= 4198112) AND (k <= 4198212))

table 7 : explain SELECT k, c FROM sbtest7 WHERE k BETWEEN 4198112 AND 4198212
	Bitmap Heap Scan on sbtest7  (cost=5.40..378.09 rows=94 width=125)
	  Recheck Cond: ((k >= 4198112) AND (k <= 4198212))
	  ->  Bitmap Index Scan on k_7  (cost=0.00..5.38 rows=94 width=0)
	        Index Cond: ((k >= 4198112) AND (k <= 4198212))

table 8 : explain SELECT k, c FROM sbtest8 WHERE k BETWEEN 4198112 AND 4198212
	Bitmap Heap Scan on sbtest8  (cost=5.41..381.96 rows=95 width=125)
	  Recheck Cond: ((k >= 4198112) AND (k <= 4198212))
	  ->  Bitmap Index Scan on k_8  (cost=0.00..5.38 rows=95 width=0)
	        Index Cond: ((k >= 4198112) AND (k <= 4198212))
for range-notcovered
table 1 : explain SELECT k, c FROM sbtest1 WHERE k BETWEEN 4995921 AND 4996021
	Bitmap Heap Scan on sbtest1  (cost=5.46..401.56 rows=100 width=125)
	  Recheck Cond: ((k >= 4995921) AND (k <= 4996021))
	  ->  Bitmap Index Scan on k_1  (cost=0.00..5.43 rows=100 width=0)
	        Index Cond: ((k >= 4995921) AND (k <= 4996021))

table 2 : explain SELECT k, c FROM sbtest2 WHERE k BETWEEN 4995921 AND 4996021
	Bitmap Heap Scan on sbtest2  (cost=5.46..401.61 rows=100 width=125)
	  Recheck Cond: ((k >= 4995921) AND (k <= 4996021))
	  ->  Bitmap Index Scan on k_2  (cost=0.00..5.43 rows=100 width=0)
	        Index Cond: ((k >= 4995921) AND (k <= 4996021))

table 3 : explain SELECT k, c FROM sbtest3 WHERE k BETWEEN 4995921 AND 4996021
	Bitmap Heap Scan on sbtest3  (cost=5.62..464.70 rows=116 width=125)
	  Recheck Cond: ((k >= 4995921) AND (k <= 4996021))
	  ->  Bitmap Index Scan on k_3  (cost=0.00..5.59 rows=116 width=0)
	        Index Cond: ((k >= 4995921) AND (k <= 4996021))

table 4 : explain SELECT k, c FROM sbtest4 WHERE k BETWEEN 4995921 AND 4996021
	Bitmap Heap Scan on sbtest4  (cost=5.44..393.73 rows=98 width=125)
	  Recheck Cond: ((k >= 4995921) AND (k <= 4996021))
	  ->  Bitmap Index Scan on k_4  (cost=0.00..5.42 rows=98 width=0)
	        Index Cond: ((k >= 4995921) AND (k <= 4996021))

table 5 : explain SELECT k, c FROM sbtest5 WHERE k BETWEEN 4995921 AND 4996021
	Bitmap Heap Scan on sbtest5  (cost=5.38..370.18 rows=92 width=125)
	  Recheck Cond: ((k >= 4995921) AND (k <= 4996021))
	  ->  Bitmap Index Scan on k_5  (cost=0.00..5.35 rows=92 width=0)
	        Index Cond: ((k >= 4995921) AND (k <= 4996021))

table 6 : explain SELECT k, c FROM sbtest6 WHERE k BETWEEN 4995921 AND 4996021
	Bitmap Heap Scan on sbtest6  (cost=5.51..421.41 rows=105 width=125)
	  Recheck Cond: ((k >= 4995921) AND (k <= 4996021))
	  ->  Bitmap Index Scan on k_6  (cost=0.00..5.48 rows=105 width=0)
	        Index Cond: ((k >= 4995921) AND (k <= 4996021))

table 7 : explain SELECT k, c FROM sbtest7 WHERE k BETWEEN 4995921 AND 4996021
	Bitmap Heap Scan on sbtest7  (cost=5.46..401.78 rows=100 width=125)
	  Recheck Cond: ((k >= 4995921) AND (k <= 4996021))
	  ->  Bitmap Index Scan on k_7  (cost=0.00..5.43 rows=100 width=0)
	        Index Cond: ((k >= 4995921) AND (k <= 4996021))

table 8 : explain SELECT k, c FROM sbtest8 WHERE k BETWEEN 4995921 AND 4996021
	Bitmap Heap Scan on sbtest8  (cost=5.42..385.91 rows=96 width=125)
	  Recheck Cond: ((k >= 4995921) AND (k <= 4996021))
	  ->  Bitmap Index Scan on k_8  (cost=0.00..5.39 rows=96 width=0)
	        Index Cond: ((k >= 4995921) AND (k <= 4996021))
explain: for range-notcovered :: explain SELECT k, c FROM sbtest%d WHERE k BETWEEN 382864 AND 382964
for range-notcovered
table 1 : explain SELECT k, c FROM sbtest1 WHERE k BETWEEN 3679004 AND 3679104
	Bitmap Heap Scan on sbtest1  (cost=5.45..397.62 rows=99 width=125)
	  Recheck Cond: ((k >= 3679004) AND (k <= 3679104))
	  ->  Bitmap Index Scan on k_1  (cost=0.00..5.42 rows=99 width=0)
	        Index Cond: ((k >= 3679004) AND (k <= 3679104))

table 2 : explain SELECT k, c FROM sbtest2 WHERE k BETWEEN 3679004 AND 3679104
	Bitmap Heap Scan on sbtest2  (cost=5.51..421.33 rows=105 width=125)
	  Recheck Cond: ((k >= 3679004) AND (k <= 3679104))
	  ->  Bitmap Index Scan on k_2  (cost=0.00..5.48 rows=105 width=0)
	        Index Cond: ((k >= 3679004) AND (k <= 3679104))

table 3 : explain SELECT k, c FROM sbtest3 WHERE k BETWEEN 3679004 AND 3679104
	Bitmap Heap Scan on sbtest3  (cost=5.44..393.74 rows=98 width=125)
	  Recheck Cond: ((k >= 3679004) AND (k <= 3679104))
	  ->  Bitmap Index Scan on k_3  (cost=0.00..5.42 rows=98 width=0)
	        Index Cond: ((k >= 3679004) AND (k <= 3679104))

table 4 : explain SELECT k, c FROM sbtest4 WHERE k BETWEEN 3679004 AND 3679104
	Bitmap Heap Scan on sbtest4  (cost=5.55..437.12 rows=109 width=125)
	  Recheck Cond: ((k >= 3679004) AND (k <= 3679104))
	  ->  Bitmap Index Scan on k_4  (cost=0.00..5.52 rows=109 width=0)
	        Index Cond: ((k >= 3679004) AND (k <= 3679104))

table 5 : explain SELECT k, c FROM sbtest5 WHERE k BETWEEN 3679004 AND 3679104
	Bitmap Heap Scan on sbtest5  (cost=5.46..401.78 rows=100 width=125)
	  Recheck Cond: ((k >= 3679004) AND (k <= 3679104))
	  ->  Bitmap Index Scan on k_5  (cost=0.00..5.43 rows=100 width=0)
	        Index Cond: ((k >= 3679004) AND (k <= 3679104))

table 6 : explain SELECT k, c FROM sbtest6 WHERE k BETWEEN 3679004 AND 3679104
	Bitmap Heap Scan on sbtest6  (cost=5.49..413.52 rows=103 width=125)
	  Recheck Cond: ((k >= 3679004) AND (k <= 3679104))
	  ->  Bitmap Index Scan on k_6  (cost=0.00..5.46 rows=103 width=0)
	        Index Cond: ((k >= 3679004) AND (k <= 3679104))

table 7 : explain SELECT k, c FROM sbtest7 WHERE k BETWEEN 3679004 AND 3679104
	Bitmap Heap Scan on sbtest7  (cost=5.56..441.23 rows=110 width=125)
	  Recheck Cond: ((k >= 3679004) AND (k <= 3679104))
	  ->  Bitmap Index Scan on k_7  (cost=0.00..5.53 rows=110 width=0)
	        Index Cond: ((k >= 3679004) AND (k <= 3679104))

table 8 : explain SELECT k, c FROM sbtest8 WHERE k BETWEEN 3679004 AND 3679104
	Bitmap Heap Scan on sbtest8  (cost=5.45..397.75 rows=99 width=125)
	  Recheck Cond: ((k >= 3679004) AND (k <= 3679104))
	  ->  Bitmap Index Scan on k_8  (cost=0.00..5.42 rows=99 width=0)
	        Index Cond: ((k >= 3679004) AND (k <= 3679104))

for range-notcovered
table 1 : explain SELECT k, c FROM sbtest1 WHERE k BETWEEN 3209331 AND 3209431
	Bitmap Heap Scan on sbtest1  (cost=5.54..433.10 rows=108 width=125)
	  Recheck Cond: ((k >= 3209331) AND (k <= 3209431))
	  ->  Bitmap Index Scan on k_1  (cost=0.00..5.51 rows=108 width=0)
	        Index Cond: ((k >= 3209331) AND (k <= 3209431))

table 2 : explain SELECT k, c FROM sbtest2 WHERE k BETWEEN 3209331 AND 3209431
	Bitmap Heap Scan on sbtest2  (cost=5.55..437.10 rows=109 width=125)
	  Recheck Cond: ((k >= 3209331) AND (k <= 3209431))
	  ->  Bitmap Index Scan on k_2  (cost=0.00..5.52 rows=109 width=0)
	        Index Cond: ((k >= 3209331) AND (k <= 3209431))

table 3 : explain SELECT k, c FROM sbtest3 WHERE k BETWEEN 3209331 AND 3209431
	Bitmap Heap Scan on sbtest3  (cost=5.52..425.29 rows=106 width=125)
	  Recheck Cond: ((k >= 3209331) AND (k <= 3209431))
	  ->  Bitmap Index Scan on k_3  (cost=0.00..5.50 rows=106 width=0)
	        Index Cond: ((k >= 3209331) AND (k <= 3209431))

table 4 : explain SELECT k, c FROM sbtest4 WHERE k BETWEEN 3209331 AND 3209431
	Bitmap Heap Scan on sbtest4  (cost=5.55..437.12 rows=109 width=125)
	  Recheck Cond: ((k >= 3209331) AND (k <= 3209431))
	  ->  Bitmap Index Scan on k_4  (cost=0.00..5.52 rows=109 width=0)
	        Index Cond: ((k >= 3209331) AND (k <= 3209431))

table 5 : explain SELECT k, c FROM sbtest5 WHERE k BETWEEN 3209331 AND 3209431
	Bitmap Heap Scan on sbtest5  (cost=5.57..445.18 rows=111 width=125)
	  Recheck Cond: ((k >= 3209331) AND (k <= 3209431))
	  ->  Bitmap Index Scan on k_5  (cost=0.00..5.54 rows=111 width=0)
	        Index Cond: ((k >= 3209331) AND (k <= 3209431))

table 6 : explain SELECT k, c FROM sbtest6 WHERE k BETWEEN 3209331 AND 3209431
	Bitmap Heap Scan on sbtest6  (cost=5.46..401.69 rows=100 width=125)
	  Recheck Cond: ((k >= 3209331) AND (k <= 3209431))
	  ->  Bitmap Index Scan on k_6  (cost=0.00..5.43 rows=100 width=0)
	        Index Cond: ((k >= 3209331) AND (k <= 3209431))

table 7 : explain SELECT k, c FROM sbtest7 WHERE k BETWEEN 3209331 AND 3209431
	Bitmap Heap Scan on sbtest7  (cost=5.38..370.19 rows=92 width=125)
	  Recheck Cond: ((k >= 3209331) AND (k <= 3209431))
	  ->  Bitmap Index Scan on k_7  (cost=0.00..5.35 rows=92 width=0)
	        Index Cond: ((k >= 3209331) AND (k <= 3209431))

table 8 : explain SELECT k, c FROM sbtest8 WHERE k BETWEEN 3209331 AND 3209431
	Bitmap Heap Scan on sbtest8  (cost=5.48..409.59 rows=102 width=125)
	  Recheck Cond: ((k >= 3209331) AND (k <= 3209431))
	  ->  Bitmap Index Scan on k_8  (cost=0.00..5.45 rows=102 width=0)
	        Index Cond: ((k >= 3209331) AND (k <= 3209431))


for range-notcovered
table 1 : explain SELECT k, c FROM sbtest1 WHERE k BETWEEN 5364173 AND 5364273
	Bitmap Heap Scan on sbtest1  (cost=5.40..377.89 rows=94 width=125)
	  Recheck Cond: ((k >= 5364173) AND (k <= 5364273))
	  ->  Bitmap Index Scan on k_1  (cost=0.00..5.38 rows=94 width=0)
	        Index Cond: ((k >= 5364173) AND (k <= 5364273))

table 2 : explain SELECT k, c FROM sbtest2 WHERE k BETWEEN 5364173 AND 5364273
	Bitmap Heap Scan on sbtest2  (cost=5.52..425.27 rows=106 width=125)
	  Recheck Cond: ((k >= 5364173) AND (k <= 5364273))
	  ->  Bitmap Index Scan on k_2  (cost=0.00..5.50 rows=106 width=0)
	        Index Cond: ((k >= 5364173) AND (k <= 5364273))

table 3 : explain SELECT k, c FROM sbtest3 WHERE k BETWEEN 5364173 AND 5364273
	Bitmap Heap Scan on sbtest3  (cost=5.43..389.79 rows=97 width=125)
	  Recheck Cond: ((k >= 5364173) AND (k <= 5364273))
	  ->  Bitmap Index Scan on k_3  (cost=0.00..5.40 rows=97 width=0)
	        Index Cond: ((k >= 5364173) AND (k <= 5364273))

table 4 : explain SELECT k, c FROM sbtest4 WHERE k BETWEEN 5364173 AND 5364273
	Bitmap Heap Scan on sbtest4  (cost=5.53..429.23 rows=107 width=125)
	  Recheck Cond: ((k >= 5364173) AND (k <= 5364273))
	  ->  Bitmap Index Scan on k_4  (cost=0.00..5.50 rows=107 width=0)
	        Index Cond: ((k >= 5364173) AND (k <= 5364273))

table 5 : explain SELECT k, c FROM sbtest5 WHERE k BETWEEN 5364173 AND 5364273
	Bitmap Heap Scan on sbtest5  (cost=5.38..370.18 rows=92 width=125)
	  Recheck Cond: ((k >= 5364173) AND (k <= 5364273))
	  ->  Bitmap Index Scan on k_5  (cost=0.00..5.35 rows=92 width=0)
	        Index Cond: ((k >= 5364173) AND (k <= 5364273))

table 6 : explain SELECT k, c FROM sbtest6 WHERE k BETWEEN 5364173 AND 5364273
	Bitmap Heap Scan on sbtest6  (cost=5.46..401.69 rows=100 width=125)
	  Recheck Cond: ((k >= 5364173) AND (k <= 5364273))
	  ->  Bitmap Index Scan on k_6  (cost=0.00..5.43 rows=100 width=0)
	        Index Cond: ((k >= 5364173) AND (k <= 5364273))

table 7 : explain SELECT k, c FROM sbtest7 WHERE k BETWEEN 5364173 AND 5364273
	Bitmap Heap Scan on sbtest7  (cost=5.54..433.35 rows=108 width=125)
	  Recheck Cond: ((k >= 5364173) AND (k <= 5364273))
	  ->  Bitmap Index Scan on k_7  (cost=0.00..5.51 rows=108 width=0)
	        Index Cond: ((k >= 5364173) AND (k <= 5364273))

table 8 : explain SELECT k, c FROM sbtest8 WHERE k BETWEEN 5364173 AND 5364273
	Bitmap Heap Scan on sbtest8  (cost=5.54..433.26 rows=108 width=125)
	  Recheck Cond: ((k >= 5364173) AND (k <= 5364273))
	  ->  Bitmap Index Scan on k_8  (cost=0.00..5.51 rows=108 width=0)
	        Index Cond: ((k >= 5364173) AND (k <= 5364273))


explain: for range-notcovered :: explain SELECT k, c FROM sbtest%d WHERE k BETWEEN 3679004 AND 3679104for range-notcovered
table 1 : explain SELECT k, c FROM sbtest1 WHERE k BETWEEN 4467670 AND 4467770
	Bitmap Heap Scan on sbtest1  (cost=5.47..405.51 rows=101 width=125)
	  Recheck Cond: ((k >= 4467670) AND (k <= 4467770))
	  ->  Bitmap Index Scan on k_1  (cost=0.00..5.44 rows=101 width=0)
	        Index Cond: ((k >= 4467670) AND (k <= 4467770))

table 2 : explain SELECT k, c FROM sbtest2 WHERE k BETWEEN 4467670 AND 4467770
	Bitmap Heap Scan on sbtest2  (cost=5.56..441.04 rows=110 width=125)
	  Recheck Cond: ((k >= 4467670) AND (k <= 4467770))
	  ->  Bitmap Index Scan on k_2  (cost=0.00..5.53 rows=110 width=0)
	        Index Cond: ((k >= 4467670) AND (k <= 4467770))

table 3 : explain SELECT k, c FROM sbtest3 WHERE k BETWEEN 4467670 AND 4467770
	Bitmap Heap Scan on sbtest3  (cost=5.47..405.57 rows=101 width=125)
	  Recheck Cond: ((k >= 4467670) AND (k <= 4467770))
	  ->  Bitmap Index Scan on k_3  (cost=0.00..5.44 rows=101 width=0)
	        Index Cond: ((k >= 4467670) AND (k <= 4467770))

table 4 : explain SELECT k, c FROM sbtest4 WHERE k BETWEEN 4467670 AND 4467770
	Bitmap Heap Scan on sbtest4  (cost=5.53..429.23 rows=107 width=125)
	  Recheck Cond: ((k >= 4467670) AND (k <= 4467770))
	  ->  Bitmap Index Scan on k_4  (cost=0.00..5.50 rows=107 width=0)
	        Index Cond: ((k >= 4467670) AND (k <= 4467770))

table 5 : explain SELECT k, c FROM sbtest5 WHERE k BETWEEN 4467670 AND 4467770
	Bitmap Heap Scan on sbtest5  (cost=5.56..441.23 rows=110 width=125)
	  Recheck Cond: ((k >= 4467670) AND (k <= 4467770))
	  ->  Bitmap Index Scan on k_5  (cost=0.00..5.53 rows=110 width=0)
	        Index Cond: ((k >= 4467670) AND (k <= 4467770))

table 6 : explain SELECT k, c FROM sbtest6 WHERE k BETWEEN 4467670 AND 4467770
	Bitmap Heap Scan on sbtest6  (cost=5.41..381.95 rows=95 width=125)
	  Recheck Cond: ((k >= 4467670) AND (k <= 4467770))
	  ->  Bitmap Index Scan on k_6  (cost=0.00..5.38 rows=95 width=0)
	        Index Cond: ((k >= 4467670) AND (k <= 4467770))

table 7 : explain SELECT k, c FROM sbtest7 WHERE k BETWEEN 4467670 AND 4467770
	Bitmap Heap Scan on sbtest7  (cost=5.50..417.56 rows=104 width=125)
	  Recheck Cond: ((k >= 4467670) AND (k <= 4467770))
	  ->  Bitmap Index Scan on k_7  (cost=0.00..5.47 rows=104 width=0)
	        Index Cond: ((k >= 4467670) AND (k <= 4467770))

table 8 : explain SELECT k, c FROM sbtest8 WHERE k BETWEEN 4467670 AND 4467770
	Bitmap Heap Scan on sbtest8  (cost=5.54..433.26 rows=108 width=125)
	  Recheck Cond: ((k >= 4467670) AND (k <= 4467770))
	  ->  Bitmap Index Scan on k_8  (cost=0.00..5.51 rows=108 width=0)
	        Index Cond: ((k >= 4467670) AND (k <= 4467770))
explain: for range-notcovered :: explain SELECT k, c FROM sbtest%d WHERE k BETWEEN 4995921 AND 4996021for range-notcovered
table 1 : explain SELECT k, c FROM sbtest1 WHERE k BETWEEN 1004812 AND 1004912
	Bitmap Heap Scan on sbtest1  (cost=5.49..413.39 rows=103 width=125)
	  Recheck Cond: ((k >= 1004812) AND (k <= 1004912))
	  ->  Bitmap Index Scan on k_1  (cost=0.00..5.46 rows=103 width=0)
	        Index Cond: ((k >= 1004812) AND (k <= 1004912))

table 2 : explain SELECT k, c FROM sbtest2 WHERE k BETWEEN 1004812 AND 1004912
	Bitmap Heap Scan on sbtest2  (cost=5.51..421.33 rows=105 width=125)
	  Recheck Cond: ((k >= 1004812) AND (k <= 1004912))
	  ->  Bitmap Index Scan on k_2  (cost=0.00..5.48 rows=105 width=0)
	        Index Cond: ((k >= 1004812) AND (k <= 1004912))

table 3 : explain SELECT k, c FROM sbtest3 WHERE k BETWEEN 1004812 AND 1004912
	Bitmap Heap Scan on sbtest3  (cost=5.49..413.46 rows=103 width=125)
	  Recheck Cond: ((k >= 1004812) AND (k <= 1004912))
	  ->  Bitmap Index Scan on k_3  (cost=0.00..5.46 rows=103 width=0)
	        Index Cond: ((k >= 1004812) AND (k <= 1004912))

table 4 : explain SELECT k, c FROM sbtest4 WHERE k BETWEEN 1004812 AND 1004912
	Bitmap Heap Scan on sbtest4  (cost=5.33..350.30 rows=87 width=125)
	  Recheck Cond: ((k >= 1004812) AND (k <= 1004912))
	  ->  Bitmap Index Scan on k_4  (cost=0.00..5.30 rows=87 width=0)
	        Index Cond: ((k >= 1004812) AND (k <= 1004912))

table 5 : explain SELECT k, c FROM sbtest5 WHERE k BETWEEN 1004812 AND 1004912
	Bitmap Heap Scan on sbtest5  (cost=5.50..417.56 rows=104 width=125)
	  Recheck Cond: ((k >= 1004812) AND (k <= 1004912))
	  ->  Bitmap Index Scan on k_5  (cost=0.00..5.47 rows=104 width=0)
	        Index Cond: ((k >= 1004812) AND (k <= 1004912))

table 6 : explain SELECT k, c FROM sbtest6 WHERE k BETWEEN 1004812 AND 1004912
	Bitmap Heap Scan on sbtest6  (cost=5.45..397.74 rows=99 width=125)
	  Recheck Cond: ((k >= 1004812) AND (k <= 1004912))
	  ->  Bitmap Index Scan on k_6  (cost=0.00..5.42 rows=99 width=0)
	        Index Cond: ((k >= 1004812) AND (k <= 1004912))

table 7 : explain SELECT k, c FROM sbtest7 WHERE k BETWEEN 1004812 AND 1004912
	Bitmap Heap Scan on sbtest7  (cost=5.37..366.23 rows=91 width=125)
	  Recheck Cond: ((k >= 1004812) AND (k <= 1004912))
	  ->  Bitmap Index Scan on k_7  (cost=0.00..5.34 rows=91 width=0)
	        Index Cond: ((k >= 1004812) AND (k <= 1004912))

table 8 : explain SELECT k, c FROM sbtest8 WHERE k BETWEEN 1004812 AND 1004912
	Bitmap Heap Scan on sbtest8  (cost=5.67..480.55 rows=120 width=125)
	  Recheck Cond: ((k >= 1004812) AND (k <= 1004912))
	  ->  Bitmap Index Scan on k_8  (cost=0.00..5.63 rows=120 width=0)
	        Index Cond: ((k >= 1004812) AND (k <= 1004912))


explain: for range-notcovered :: explain SELECT k, c FROM sbtest%d WHERE k BETWEEN 3209331 AND 3209431
for range-notcovered
table 1 : explain SELECT k, c FROM sbtest1 WHERE k BETWEEN 7884776 AND 7884876
	Bitmap Heap Scan on sbtest1  (cost=5.35..358.15 rows=89 width=125)
	  Recheck Cond: ((k >= 7884776) AND (k <= 7884876))
	  ->  Bitmap Index Scan on k_1  (cost=0.00..5.32 rows=89 width=0)
	        Index Cond: ((k >= 7884776) AND (k <= 7884876))

table 2 : explain SELECT k, c FROM sbtest2 WHERE k BETWEEN 7884776 AND 7884876
	Bitmap Heap Scan on sbtest2  (cost=5.55..437.10 rows=109 width=125)
	  Recheck Cond: ((k >= 7884776) AND (k <= 7884876))
	  ->  Bitmap Index Scan on k_2  (cost=0.00..5.52 rows=109 width=0)
	        Index Cond: ((k >= 7884776) AND (k <= 7884876))

table 3 : explain SELECT k, c FROM sbtest3 WHERE k BETWEEN 7884776 AND 7884876
	Bitmap Heap Scan on sbtest3  (cost=5.49..413.46 rows=103 width=125)
	  Recheck Cond: ((k >= 7884776) AND (k <= 7884876))
	  ->  Bitmap Index Scan on k_3  (cost=0.00..5.46 rows=103 width=0)
	        Index Cond: ((k >= 7884776) AND (k <= 7884876))

table 4 : explain SELECT k, c FROM sbtest4 WHERE k BETWEEN 7884776 AND 7884876
	Bitmap Heap Scan on sbtest4  (cost=5.48..409.51 rows=102 width=125)
	  Recheck Cond: ((k >= 7884776) AND (k <= 7884876))
	  ->  Bitmap Index Scan on k_4  (cost=0.00..5.45 rows=102 width=0)
	        Index Cond: ((k >= 7884776) AND (k <= 7884876))

table 5 : explain SELECT k, c FROM sbtest5 WHERE k BETWEEN 7884776 AND 7884876
	Bitmap Heap Scan on sbtest5  (cost=5.58..449.12 rows=112 width=125)
	  Recheck Cond: ((k >= 7884776) AND (k <= 7884876))
	  ->  Bitmap Index Scan on k_5  (cost=0.00..5.55 rows=112 width=0)
	        Index Cond: ((k >= 7884776) AND (k <= 7884876))

table 6 : explain SELECT k, c FROM sbtest6 WHERE k BETWEEN 7884776 AND 7884876
	Bitmap Heap Scan on sbtest6  (cost=5.40..378.00 rows=94 width=125)
	  Recheck Cond: ((k >= 7884776) AND (k <= 7884876))
	  ->  Bitmap Index Scan on k_6  (cost=0.00..5.38 rows=94 width=0)
	        Index Cond: ((k >= 7884776) AND (k <= 7884876))

table 7 : explain SELECT k, c FROM sbtest7 WHERE k BETWEEN 7884776 AND 7884876
	Bitmap Heap Scan on sbtest7  (cost=5.51..421.51 rows=105 width=125)
	  Recheck Cond: ((k >= 7884776) AND (k <= 7884876))
	  ->  Bitmap Index Scan on k_7  (cost=0.00..5.48 rows=105 width=0)
	        Index Cond: ((k >= 7884776) AND (k <= 7884876))

table 8 : explain SELECT k, c FROM sbtest8 WHERE k BETWEEN 7884776 AND 7884876
	Bitmap Heap Scan on sbtest8  (cost=5.45..397.75 rows=99 width=125)
	  Recheck Cond: ((k >= 7884776) AND (k <= 7884876))
	  ->  Bitmap Index Scan on k_8  (cost=0.00..5.42 rows=99 width=0)
	        Index Cond: ((k >= 7884776) AND (k <= 7884876))

for range-notcovered
table 1 : explain SELECT k, c FROM sbtest1 WHERE k BETWEEN 4648538 AND 4648638
	Bitmap Heap Scan on sbtest1  (cost=5.49..413.39 rows=103 width=125)
	  Recheck Cond: ((k >= 4648538) AND (k <= 4648638))
	  ->  Bitmap Index Scan on k_1  (cost=0.00..5.46 rows=103 width=0)
	        Index Cond: ((k >= 4648538) AND (k <= 4648638))

table 2 : explain SELECT k, c FROM sbtest2 WHERE k BETWEEN 4648538 AND 4648638
	Bitmap Heap Scan on sbtest2  (cost=5.51..421.33 rows=105 width=125)
	  Recheck Cond: ((k >= 4648538) AND (k <= 4648638))
	  ->  Bitmap Index Scan on k_2  (cost=0.00..5.48 rows=105 width=0)
	        Index Cond: ((k >= 4648538) AND (k <= 4648638))

table 3 : explain SELECT k, c FROM sbtest3 WHERE k BETWEEN 4648538 AND 4648638
	Bitmap Heap Scan on sbtest3  (cost=5.50..417.40 rows=104 width=125)
	  Recheck Cond: ((k >= 4648538) AND (k <= 4648638))
	  ->  Bitmap Index Scan on k_3  (cost=0.00..5.47 rows=104 width=0)
	        Index Cond: ((k >= 4648538) AND (k <= 4648638))

table 4 : explain SELECT k, c FROM sbtest4 WHERE k BETWEEN 4648538 AND 4648638
	Bitmap Heap Scan on sbtest4  (cost=5.48..409.51 rows=102 width=125)
	  Recheck Cond: ((k >= 4648538) AND (k <= 4648638))
	  ->  Bitmap Index Scan on k_4  (cost=0.00..5.45 rows=102 width=0)
	        Index Cond: ((k >= 4648538) AND (k <= 4648638))

table 5 : explain SELECT k, c FROM sbtest5 WHERE k BETWEEN 4648538 AND 4648638
	Bitmap Heap Scan on sbtest5  (cost=5.46..401.78 rows=100 width=125)
	  Recheck Cond: ((k >= 4648538) AND (k <= 4648638))
	  ->  Bitmap Index Scan on k_5  (cost=0.00..5.43 rows=100 width=0)
	        Index Cond: ((k >= 4648538) AND (k <= 4648638))

table 6 : explain SELECT k, c FROM sbtest6 WHERE k BETWEEN 4648538 AND 4648638
	Bitmap Heap Scan on sbtest6  (cost=5.55..437.19 rows=109 width=125)
	  Recheck Cond: ((k >= 4648538) AND (k <= 4648638))
	  ->  Bitmap Index Scan on k_6  (cost=0.00..5.52 rows=109 width=0)
	        Index Cond: ((k >= 4648538) AND (k <= 4648638))

table 7 : explain SELECT k, c FROM sbtest7 WHERE k BETWEEN 4648538 AND 4648638
	Bitmap Heap Scan on sbtest7  (cost=5.57..445.18 rows=111 width=125)
	  Recheck Cond: ((k >= 4648538) AND (k <= 4648638))
	  ->  Bitmap Index Scan on k_7  (cost=0.00..5.54 rows=111 width=0)
	        Index Cond: ((k >= 4648538) AND (k <= 4648638))

table 8 : explain SELECT k, c FROM sbtest8 WHERE k BETWEEN 4648538 AND 4648638
	Bitmap Heap Scan on sbtest8  (cost=5.52..425.37 rows=106 width=125)
	  Recheck Cond: ((k >= 4648538) AND (k <= 4648638))
	  ->  Bitmap Index Scan on k_8  (cost=0.00..5.50 rows=106 width=0)
	        Index Cond: ((k >= 4648538) AND (k <= 4648638))


explain: for range-notcovered :: explain SELECT k, c FROM sbtest%d WHERE k BETWEEN 5364173 AND 5364273

explain: for range-notcovered :: explain SELECT k, c FROM sbtest%d WHERE k BETWEEN 3932444 AND 3932544
explain: for range-notcovered :: explain SELECT k, c FROM sbtest%d WHERE k BETWEEN 4198112 AND 4198212
for range-notcovered
table 1 : explain SELECT k, c FROM sbtest1 WHERE k BETWEEN 6091113 AND 6091213
	Bitmap Heap Scan on sbtest1  (cost=5.50..417.34 rows=104 width=125)
	  Recheck Cond: ((k >= 6091113) AND (k <= 6091213))
	  ->  Bitmap Index Scan on k_1  (cost=0.00..5.47 rows=104 width=0)
	        Index Cond: ((k >= 6091113) AND (k <= 6091213))

table 2 : explain SELECT k, c FROM sbtest2 WHERE k BETWEEN 6091113 AND 6091213
	Bitmap Heap Scan on sbtest2  (cost=5.53..429.21 rows=107 width=125)
	  Recheck Cond: ((k >= 6091113) AND (k <= 6091213))
	  ->  Bitmap Index Scan on k_2  (cost=0.00..5.50 rows=107 width=0)
	        Index Cond: ((k >= 6091113) AND (k <= 6091213))

table 3 : explain SELECT k, c FROM sbtest3 WHERE k BETWEEN 6091113 AND 6091213
	Bitmap Heap Scan on sbtest3  (cost=5.40..377.95 rows=94 width=125)
	  Recheck Cond: ((k >= 6091113) AND (k <= 6091213))
	  ->  Bitmap Index Scan on k_3  (cost=0.00..5.38 rows=94 width=0)
	        Index Cond: ((k >= 6091113) AND (k <= 6091213))

table 4 : explain SELECT k, c FROM sbtest4 WHERE k BETWEEN 6091113 AND 6091213
	Bitmap Heap Scan on sbtest4  (cost=5.47..405.57 rows=101 width=125)
	  Recheck Cond: ((k >= 6091113) AND (k <= 6091213))
	  ->  Bitmap Index Scan on k_4  (cost=0.00..5.44 rows=101 width=0)
	        Index Cond: ((k >= 6091113) AND (k <= 6091213))

table 5 : explain SELECT k, c FROM sbtest5 WHERE k BETWEEN 6091113 AND 6091213
	Bitmap Heap Scan on sbtest5  (cost=5.43..389.93 rows=97 width=125)
	  Recheck Cond: ((k >= 6091113) AND (k <= 6091213))
	  ->  Bitmap Index Scan on k_5  (cost=0.00..5.40 rows=97 width=0)
	        Index Cond: ((k >= 6091113) AND (k <= 6091213))

table 6 : explain SELECT k, c FROM sbtest6 WHERE k BETWEEN 6091113 AND 6091213
	Bitmap Heap Scan on sbtest6  (cost=5.44..393.79 rows=98 width=125)
	  Recheck Cond: ((k >= 6091113) AND (k <= 6091213))
	  ->  Bitmap Index Scan on k_6  (cost=0.00..5.42 rows=98 width=0)
	        Index Cond: ((k >= 6091113) AND (k <= 6091213))

table 7 : explain SELECT k, c FROM sbtest7 WHERE k BETWEEN 6091113 AND 6091213
	Bitmap Heap Scan on sbtest7  (cost=5.49..413.62 rows=103 width=125)
	  Recheck Cond: ((k >= 6091113) AND (k <= 6091213))
	  ->  Bitmap Index Scan on k_7  (cost=0.00..5.46 rows=103 width=0)
	        Index Cond: ((k >= 6091113) AND (k <= 6091213))

table 8 : explain SELECT k, c FROM sbtest8 WHERE k BETWEEN 6091113 AND 6091213
	Bitmap Heap Scan on sbtest8  (cost=5.54..433.26 rows=108 width=125)
	  Recheck Cond: ((k >= 6091113) AND (k <= 6091213))
	  ->  Bitmap Index Scan on k_8  (cost=0.00..5.51 rows=108 width=0)
	        Index Cond: ((k >= 6091113) AND (k <= 6091213))

explain: for range-notcovered :: explain SELECT k, c FROM sbtest%d WHERE k BETWEEN 1004812 AND 1004912
explain: for range-notcovered :: explain SELECT k, c FROM sbtest%d WHERE k BETWEEN 4648538 AND 4648638
explain: for range-notcovered :: explain SELECT k, c FROM sbtest%d WHERE k BETWEEN 4467670 AND 4467770
explain: for range-notcovered :: explain SELECT k, c FROM sbtest%d WHERE k BETWEEN 6091113 AND 6091213
explain: for range-notcovered :: explain SELECT k, c FROM sbtest%d WHERE k BETWEEN 7884776 AND 7884876
for range-notcovered
table 1 : explain SELECT k, c FROM sbtest1 WHERE k BETWEEN 7572654 AND 7572754
	Bitmap Heap Scan on sbtest1  (cost=5.48..409.45 rows=102 width=125)
	  Recheck Cond: ((k >= 7572654) AND (k <= 7572754))
	  ->  Bitmap Index Scan on k_1  (cost=0.00..5.45 rows=102 width=0)
	        Index Cond: ((k >= 7572654) AND (k <= 7572754))

table 2 : explain SELECT k, c FROM sbtest2 WHERE k BETWEEN 7572654 AND 7572754
	Bitmap Heap Scan on sbtest2  (cost=5.47..405.55 rows=101 width=125)
	  Recheck Cond: ((k >= 7572654) AND (k <= 7572754))
	  ->  Bitmap Index Scan on k_2  (cost=0.00..5.44 rows=101 width=0)
	        Index Cond: ((k >= 7572654) AND (k <= 7572754))

table 3 : explain SELECT k, c FROM sbtest3 WHERE k BETWEEN 7572654 AND 7572754
	Bitmap Heap Scan on sbtest3  (cost=5.50..417.40 rows=104 width=125)
	  Recheck Cond: ((k >= 7572654) AND (k <= 7572754))
	  ->  Bitmap Index Scan on k_3  (cost=0.00..5.47 rows=104 width=0)
	        Index Cond: ((k >= 7572654) AND (k <= 7572754))

table 4 : explain SELECT k, c FROM sbtest4 WHERE k BETWEEN 7572654 AND 7572754
	Bitmap Heap Scan on sbtest4  (cost=5.57..445.00 rows=111 width=125)
	  Recheck Cond: ((k >= 7572654) AND (k <= 7572754))
	  ->  Bitmap Index Scan on k_4  (cost=0.00..5.54 rows=111 width=0)
	        Index Cond: ((k >= 7572654) AND (k <= 7572754))

table 5 : explain SELECT k, c FROM sbtest5 WHERE k BETWEEN 7572654 AND 7572754
	Bitmap Heap Scan on sbtest5  (cost=5.45..397.83 rows=99 width=125)
	  Recheck Cond: ((k >= 7572654) AND (k <= 7572754))
	  ->  Bitmap Index Scan on k_5  (cost=0.00..5.42 rows=99 width=0)
	        Index Cond: ((k >= 7572654) AND (k <= 7572754))

table 6 : explain SELECT k, c FROM sbtest6 WHERE k BETWEEN 7572654 AND 7572754
	Bitmap Heap Scan on sbtest6  (cost=5.53..429.30 rows=107 width=125)
	  Recheck Cond: ((k >= 7572654) AND (k <= 7572754))
	  ->  Bitmap Index Scan on k_6  (cost=0.00..5.50 rows=107 width=0)
	        Index Cond: ((k >= 7572654) AND (k <= 7572754))

table 7 : explain SELECT k, c FROM sbtest7 WHERE k BETWEEN 7572654 AND 7572754
	Bitmap Heap Scan on sbtest7  (cost=5.42..385.98 rows=96 width=125)
	  Recheck Cond: ((k >= 7572654) AND (k <= 7572754))
	  ->  Bitmap Index Scan on k_7  (cost=0.00..5.39 rows=96 width=0)
	        Index Cond: ((k >= 7572654) AND (k <= 7572754))

table 8 : explain SELECT k, c FROM sbtest8 WHERE k BETWEEN 7572654 AND 7572754
	Bitmap Heap Scan on sbtest8  (cost=5.63..468.73 rows=117 width=125)
	  Recheck Cond: ((k >= 7572654) AND (k <= 7572754))
	  ->  Bitmap Index Scan on k_8  (cost=0.00..5.60 rows=117 width=0)
	        Index Cond: ((k >= 7572654) AND (k <= 7572754))

for range-notcovered
table 1 : explain SELECT k, c FROM sbtest1 WHERE k BETWEEN 1661505 AND 1661605
	Bitmap Heap Scan on sbtest1  (cost=5.49..413.39 rows=103 width=125)
	  Recheck Cond: ((k >= 1661505) AND (k <= 1661605))
	  ->  Bitmap Index Scan on k_1  (cost=0.00..5.46 rows=103 width=0)
	        Index Cond: ((k >= 1661505) AND (k <= 1661605))

table 2 : explain SELECT k, c FROM sbtest2 WHERE k BETWEEN 1661505 AND 1661605
	Bitmap Heap Scan on sbtest2  (cost=5.45..397.66 rows=99 width=125)
	  Recheck Cond: ((k >= 1661505) AND (k <= 1661605))
	  ->  Bitmap Index Scan on k_2  (cost=0.00..5.42 rows=99 width=0)
	        Index Cond: ((k >= 1661505) AND (k <= 1661605))

table 3 : explain SELECT k, c FROM sbtest3 WHERE k BETWEEN 1661505 AND 1661605
	Bitmap Heap Scan on sbtest3  (cost=5.44..393.74 rows=98 width=125)
	  Recheck Cond: ((k >= 1661505) AND (k <= 1661605))
	  ->  Bitmap Index Scan on k_3  (cost=0.00..5.42 rows=98 width=0)
	        Index Cond: ((k >= 1661505) AND (k <= 1661605))

table 4 : explain SELECT k, c FROM sbtest4 WHERE k BETWEEN 1661505 AND 1661605
	Bitmap Heap Scan on sbtest4  (cost=5.48..409.51 rows=102 width=125)
	  Recheck Cond: ((k >= 1661505) AND (k <= 1661605))
	  ->  Bitmap Index Scan on k_4  (cost=0.00..5.45 rows=102 width=0)
	        Index Cond: ((k >= 1661505) AND (k <= 1661605))

table 5 : explain SELECT k, c FROM sbtest5 WHERE k BETWEEN 1661505 AND 1661605
	Bitmap Heap Scan on sbtest5  (cost=5.57..445.18 rows=111 width=125)
	  Recheck Cond: ((k >= 1661505) AND (k <= 1661605))
	  ->  Bitmap Index Scan on k_5  (cost=0.00..5.54 rows=111 width=0)
	        Index Cond: ((k >= 1661505) AND (k <= 1661605))

table 6 : explain SELECT k, c FROM sbtest6 WHERE k BETWEEN 1661505 AND 1661605
	Bitmap Heap Scan on sbtest6  (cost=5.49..413.52 rows=103 width=125)
	  Recheck Cond: ((k >= 1661505) AND (k <= 1661605))
	  ->  Bitmap Index Scan on k_6  (cost=0.00..5.46 rows=103 width=0)
	        Index Cond: ((k >= 1661505) AND (k <= 1661605))

table 7 : explain SELECT k, c FROM sbtest7 WHERE k BETWEEN 1661505 AND 1661605
	Bitmap Heap Scan on sbtest7  (cost=5.46..401.78 rows=100 width=125)
	  Recheck Cond: ((k >= 1661505) AND (k <= 1661605))
	  ->  Bitmap Index Scan on k_7  (cost=0.00..5.43 rows=100 width=0)
	        Index Cond: ((k >= 1661505) AND (k <= 1661605))

table 8 : explain SELECT k, c FROM sbtest8 WHERE k BETWEEN 1661505 AND 1661605
	Bitmap Heap Scan on sbtest8  (cost=5.49..413.54 rows=103 width=125)
	  Recheck Cond: ((k >= 1661505) AND (k <= 1661605))
	  ->  Bitmap Index Scan on k_8  (cost=0.00..5.46 rows=103 width=0)
	        Index Cond: ((k >= 1661505) AND (k <= 1661605))

for range-notcovered
table 1 : explain SELECT k, c FROM sbtest1 WHERE k BETWEEN 7181028 AND 7181128
	Bitmap Heap Scan on sbtest1  (cost=5.43..389.73 rows=97 width=125)
	  Recheck Cond: ((k >= 7181028) AND (k <= 7181128))
	  ->  Bitmap Index Scan on k_1  (cost=0.00..5.40 rows=97 width=0)
	        Index Cond: ((k >= 7181028) AND (k <= 7181128))

table 2 : explain SELECT k, c FROM sbtest2 WHERE k BETWEEN 7181028 AND 7181128
	Bitmap Heap Scan on sbtest2  (cost=5.39..373.98 rows=93 width=125)
	  Recheck Cond: ((k >= 7181028) AND (k <= 7181128))
	  ->  Bitmap Index Scan on k_2  (cost=0.00..5.36 rows=93 width=0)
	        Index Cond: ((k >= 7181028) AND (k <= 7181128))

table 3 : explain SELECT k, c FROM sbtest3 WHERE k BETWEEN 7181028 AND 7181128
	Bitmap Heap Scan on sbtest3  (cost=5.53..429.23 rows=107 width=125)
	  Recheck Cond: ((k >= 7181028) AND (k <= 7181128))
	  ->  Bitmap Index Scan on k_3  (cost=0.00..5.50 rows=107 width=0)
	        Index Cond: ((k >= 7181028) AND (k <= 7181128))

table 4 : explain SELECT k, c FROM sbtest4 WHERE k BETWEEN 7181028 AND 7181128
	Bitmap Heap Scan on sbtest4  (cost=5.40..377.95 rows=94 width=125)
	  Recheck Cond: ((k >= 7181028) AND (k <= 7181128))
	  ->  Bitmap Index Scan on k_4  (cost=0.00..5.38 rows=94 width=0)
	        Index Cond: ((k >= 7181028) AND (k <= 7181128))

table 5 : explain SELECT k, c FROM sbtest5 WHERE k BETWEEN 7181028 AND 7181128
	Bitmap Heap Scan on sbtest5  (cost=5.46..401.78 rows=100 width=125)
	  Recheck Cond: ((k >= 7181028) AND (k <= 7181128))
	  ->  Bitmap Index Scan on k_5  (cost=0.00..5.43 rows=100 width=0)
	        Index Cond: ((k >= 7181028) AND (k <= 7181128))

table 6 : explain SELECT k, c FROM sbtest6 WHERE k BETWEEN 7181028 AND 7181128
	Bitmap Heap Scan on sbtest6  (cost=5.49..413.52 rows=103 width=125)
	  Recheck Cond: ((k >= 7181028) AND (k <= 7181128))
	  ->  Bitmap Index Scan on k_6  (cost=0.00..5.46 rows=103 width=0)
	        Index Cond: ((k >= 7181028) AND (k <= 7181128))

table 7 : explain SELECT k, c FROM sbtest7 WHERE k BETWEEN 7181028 AND 7181128
	Bitmap Heap Scan on sbtest7  (cost=5.54..433.35 rows=108 width=125)
	  Recheck Cond: ((k >= 7181028) AND (k <= 7181128))
	  ->  Bitmap Index Scan on k_7  (cost=0.00..5.51 rows=108 width=0)
	        Index Cond: ((k >= 7181028) AND (k <= 7181128))

table 8 : explain SELECT k, c FROM sbtest8 WHERE k BETWEEN 7181028 AND 7181128
	Bitmap Heap Scan on sbtest8  (cost=5.51..421.42 rows=105 width=125)
	  Recheck Cond: ((k >= 7181028) AND (k <= 7181128))
	  ->  Bitmap Index Scan on k_8  (cost=0.00..5.48 rows=105 width=0)
	        Index Cond: ((k >= 7181028) AND (k <= 7181128))

explain: for range-notcovered :: explain SELECT k, c FROM sbtest%d WHERE k BETWEEN 7572654 AND 7572754
explain: for range-notcovered :: explain SELECT k, c FROM sbtest%d WHERE k BETWEEN 7181028 AND 7181128explain: for range-notcovered :: explain SELECT k, c FROM sbtest%d WHERE k BETWEEN 1661505 AND 1661605
explain: for range-notcovered :: explain SELECT k, c FROM sbtest%d WHERE k BETWEEN 2839463 AND 2839563

explain: for range-notcovered :: explain SELECT k, c FROM sbtest%d WHERE k BETWEEN 5118410 AND 5118510
for range-notcovered
table 1 : explain SELECT k, c FROM sbtest1 WHERE k BETWEEN 2149693 AND 2149793
	Bitmap Heap Scan on sbtest1  (cost=5.44..393.67 rows=98 width=125)
	  Recheck Cond: ((k >= 2149693) AND (k <= 2149793))
	  ->  Bitmap Index Scan on k_1  (cost=0.00..5.42 rows=98 width=0)
	        Index Cond: ((k >= 2149693) AND (k <= 2149793))

table 2 : explain SELECT k, c FROM sbtest2 WHERE k BETWEEN 2149693 AND 2149793
	Bitmap Heap Scan on sbtest2  (cost=5.51..421.33 rows=105 width=125)
	  Recheck Cond: ((k >= 2149693) AND (k <= 2149793))
	  ->  Bitmap Index Scan on k_2  (cost=0.00..5.48 rows=105 width=0)
	        Index Cond: ((k >= 2149693) AND (k <= 2149793))

table 3 : explain SELECT k, c FROM sbtest3 WHERE k BETWEEN 2149693 AND 2149793
	Bitmap Heap Scan on sbtest3  (cost=5.41..381.90 rows=95 width=125)
	  Recheck Cond: ((k >= 2149693) AND (k <= 2149793))
	  ->  Bitmap Index Scan on k_3  (cost=0.00..5.38 rows=95 width=0)
	        Index Cond: ((k >= 2149693) AND (k <= 2149793))

table 4 : explain SELECT k, c FROM sbtest4 WHERE k BETWEEN 2149693 AND 2149793
	Bitmap Heap Scan on sbtest4  (cost=5.50..417.40 rows=104 width=125)
	  Recheck Cond: ((k >= 2149693) AND (k <= 2149793))
	  ->  Bitmap Index Scan on k_4  (cost=0.00..5.47 rows=104 width=0)
	        Index Cond: ((k >= 2149693) AND (k <= 2149793))

table 5 : explain SELECT k, c FROM sbtest5 WHERE k BETWEEN 2149693 AND 2149793
	Bitmap Heap Scan on sbtest5  (cost=5.55..437.29 rows=109 width=125)
	  Recheck Cond: ((k >= 2149693) AND (k <= 2149793))
	  ->  Bitmap Index Scan on k_5  (cost=0.00..5.52 rows=109 width=0)
	        Index Cond: ((k >= 2149693) AND (k <= 2149793))

table 6 : explain SELECT k, c FROM sbtest6 WHERE k BETWEEN 2149693 AND 2149793
	Bitmap Heap Scan on sbtest6  (cost=5.46..401.69 rows=100 width=125)
	  Recheck Cond: ((k >= 2149693) AND (k <= 2149793))
	  ->  Bitmap Index Scan on k_6  (cost=0.00..5.43 rows=100 width=0)
	        Index Cond: ((k >= 2149693) AND (k <= 2149793))

table 7 : explain SELECT k, c FROM sbtest7 WHERE k BETWEEN 2149693 AND 2149793
	Bitmap Heap Scan on sbtest7  (cost=5.45..397.83 rows=99 width=125)
	  Recheck Cond: ((k >= 2149693) AND (k <= 2149793))
	  ->  Bitmap Index Scan on k_7  (cost=0.00..5.42 rows=99 width=0)
	        Index Cond: ((k >= 2149693) AND (k <= 2149793))

table 8 : explain SELECT k, c FROM sbtest8 WHERE k BETWEEN 2149693 AND 2149793
	Bitmap Heap Scan on sbtest8  (cost=5.51..421.42 rows=105 width=125)
	  Recheck Cond: ((k >= 2149693) AND (k <= 2149793))
	  ->  Bitmap Index Scan on k_8  (cost=0.00..5.48 rows=105 width=0)
	        Index Cond: ((k >= 2149693) AND (k <= 2149793))

for range-notcovered
table 1 : explain SELECT k, c FROM sbtest1 WHERE k BETWEEN 382864 AND 382964
	Bitmap Heap Scan on sbtest1  (cost=5.52..425.22 rows=106 width=125)
	  Recheck Cond: ((k >= 382864) AND (k <= 382964))
	  ->  Bitmap Index Scan on k_1  (cost=0.00..5.50 rows=106 width=0)
	        Index Cond: ((k >= 382864) AND (k <= 382964))

table 2 : explain SELECT k, c FROM sbtest2 WHERE k BETWEEN 382864 AND 382964
	Bitmap Heap Scan on sbtest2  (cost=5.48..409.50 rows=102 width=125)
	  Recheck Cond: ((k >= 382864) AND (k <= 382964))
	  ->  Bitmap Index Scan on k_2  (cost=0.00..5.45 rows=102 width=0)
	        Index Cond: ((k >= 382864) AND (k <= 382964))

table 3 : explain SELECT k, c FROM sbtest3 WHERE k BETWEEN 382864 AND 382964
	Bitmap Heap Scan on sbtest3  (cost=5.45..397.68 rows=99 width=125)
	  Recheck Cond: ((k >= 382864) AND (k <= 382964))
	  ->  Bitmap Index Scan on k_3  (cost=0.00..5.42 rows=99 width=0)
	        Index Cond: ((k >= 382864) AND (k <= 382964))

table 4 : explain SELECT k, c FROM sbtest4 WHERE k BETWEEN 382864 AND 382964
	Bitmap Heap Scan on sbtest4  (cost=5.48..409.51 rows=102 width=125)
	  Recheck Cond: ((k >= 382864) AND (k <= 382964))
	  ->  Bitmap Index Scan on k_4  (cost=0.00..5.45 rows=102 width=0)
	        Index Cond: ((k >= 382864) AND (k <= 382964))

table 5 : explain SELECT k, c FROM sbtest5 WHERE k BETWEEN 382864 AND 382964
	Bitmap Heap Scan on sbtest5  (cost=5.42..385.98 rows=96 width=125)
	  Recheck Cond: ((k >= 382864) AND (k <= 382964))
	  ->  Bitmap Index Scan on k_5  (cost=0.00..5.39 rows=96 width=0)
	        Index Cond: ((k >= 382864) AND (k <= 382964))

table 6 : explain SELECT k, c FROM sbtest6 WHERE k BETWEEN 382864 AND 382964
	Bitmap Heap Scan on sbtest6  (cost=5.41..381.95 rows=95 width=125)
	  Recheck Cond: ((k >= 382864) AND (k <= 382964))
	  ->  Bitmap Index Scan on k_6  (cost=0.00..5.38 rows=95 width=0)
	        Index Cond: ((k >= 382864) AND (k <= 382964))

table 7 : explain SELECT k, c FROM sbtest7 WHERE k BETWEEN 382864 AND 382964
	Bitmap Heap Scan on sbtest7  (cost=5.45..397.83 rows=99 width=125)
	  Recheck Cond: ((k >= 382864) AND (k <= 382964))
	  ->  Bitmap Index Scan on k_7  (cost=0.00..5.42 rows=99 width=0)
	        Index Cond: ((k >= 382864) AND (k <= 382964))

table 8 : explain SELECT k, c FROM sbtest8 WHERE k BETWEEN 382864 AND 382964
	Bitmap Heap Scan on sbtest8  (cost=5.36..362.21 rows=90 width=125)
	  Recheck Cond: ((k >= 382864) AND (k <= 382964))
	  ->  Bitmap Index Scan on k_8  (cost=0.00..5.33 rows=90 width=0)
	        Index Cond: ((k >= 382864) AND (k <= 382964))

explain: for range-notcovered :: explain SELECT k, c FROM sbtest%d WHERE k BETWEEN 2149693 AND 2149793
explain: for range-notcovered :: explain SELECT k, c FROM sbtest%d WHERE k BETWEEN 382864 AND 382964
explain: for range-notcovered :: explain SELECT k, c FROM sbtest%d WHERE k BETWEEN 8273721 AND 8273821
for range-notcovered
table 1 : explain SELECT k, c FROM sbtest1 WHERE k BETWEEN 6101935 AND 6102035
	Bitmap Heap Scan on sbtest1  (cost=5.50..417.34 rows=104 width=125)
	  Recheck Cond: ((k >= 6101935) AND (k <= 6102035))
	  ->  Bitmap Index Scan on k_1  (cost=0.00..5.47 rows=104 width=0)
	        Index Cond: ((k >= 6101935) AND (k <= 6102035))

table 2 : explain SELECT k, c FROM sbtest2 WHERE k BETWEEN 6101935 AND 6102035
	Bitmap Heap Scan on sbtest2  (cost=5.53..429.21 rows=107 width=125)
	  Recheck Cond: ((k >= 6101935) AND (k <= 6102035))
	  ->  Bitmap Index Scan on k_2  (cost=0.00..5.50 rows=107 width=0)
	        Index Cond: ((k >= 6101935) AND (k <= 6102035))

table 3 : explain SELECT k, c FROM sbtest3 WHERE k BETWEEN 6101935 AND 6102035
	Bitmap Heap Scan on sbtest3  (cost=5.40..377.95 rows=94 width=125)
	  Recheck Cond: ((k >= 6101935) AND (k <= 6102035))
	  ->  Bitmap Index Scan on k_3  (cost=0.00..5.38 rows=94 width=0)
	        Index Cond: ((k >= 6101935) AND (k <= 6102035))

table 4 : explain SELECT k, c FROM sbtest4 WHERE k BETWEEN 6101935 AND 6102035
	Bitmap Heap Scan on sbtest4  (cost=5.47..405.57 rows=101 width=125)
	  Recheck Cond: ((k >= 6101935) AND (k <= 6102035))
	  ->  Bitmap Index Scan on k_4  (cost=0.00..5.44 rows=101 width=0)
	        Index Cond: ((k >= 6101935) AND (k <= 6102035))

table 5 : explain SELECT k, c FROM sbtest5 WHERE k BETWEEN 6101935 AND 6102035
	Bitmap Heap Scan on sbtest5  (cost=5.43..389.93 rows=97 width=125)
	  Recheck Cond: ((k >= 6101935) AND (k <= 6102035))
	  ->  Bitmap Index Scan on k_5  (cost=0.00..5.40 rows=97 width=0)
	        Index Cond: ((k >= 6101935) AND (k <= 6102035))

table 6 : explain SELECT k, c FROM sbtest6 WHERE k BETWEEN 6101935 AND 6102035
	Bitmap Heap Scan on sbtest6  (cost=5.44..393.79 rows=98 width=125)
	  Recheck Cond: ((k >= 6101935) AND (k <= 6102035))
	  ->  Bitmap Index Scan on k_6  (cost=0.00..5.42 rows=98 width=0)
	        Index Cond: ((k >= 6101935) AND (k <= 6102035))

table 7 : explain SELECT k, c FROM sbtest7 WHERE k BETWEEN 6101935 AND 6102035
	Bitmap Heap Scan on sbtest7  (cost=5.49..413.62 rows=103 width=125)
	  Recheck Cond: ((k >= 6101935) AND (k <= 6102035))
	  ->  Bitmap Index Scan on k_7  (cost=0.00..5.46 rows=103 width=0)
	        Index Cond: ((k >= 6101935) AND (k <= 6102035))

table 8 : explain SELECT k, c FROM sbtest8 WHERE k BETWEEN 6101935 AND 6102035
	Bitmap Heap Scan on sbtest8  (cost=5.54..433.26 rows=108 width=125)
	  Recheck Cond: ((k >= 6101935) AND (k <= 6102035))
	  ->  Bitmap Index Scan on k_8  (cost=0.00..5.51 rows=108 width=0)
	        Index Cond: ((k >= 6101935) AND (k <= 6102035))

for range-notcovered
table 1 : explain SELECT k, c FROM sbtest1 WHERE k BETWEEN 5062200 AND 5062300
	Bitmap Heap Scan on sbtest1  (cost=5.46..401.56 rows=100 width=125)
	  Recheck Cond: ((k >= 5062200) AND (k <= 5062300))
	  ->  Bitmap Index Scan on k_1  (cost=0.00..5.43 rows=100 width=0)
	        Index Cond: ((k >= 5062200) AND (k <= 5062300))

table 2 : explain SELECT k, c FROM sbtest2 WHERE k BETWEEN 5062200 AND 5062300
	Bitmap Heap Scan on sbtest2  (cost=5.46..401.61 rows=100 width=125)
	  Recheck Cond: ((k >= 5062200) AND (k <= 5062300))
	  ->  Bitmap Index Scan on k_2  (cost=0.00..5.43 rows=100 width=0)
	        Index Cond: ((k >= 5062200) AND (k <= 5062300))

table 3 : explain SELECT k, c FROM sbtest3 WHERE k BETWEEN 5062200 AND 5062300
	Bitmap Heap Scan on sbtest3  (cost=5.62..464.70 rows=116 width=125)
	  Recheck Cond: ((k >= 5062200) AND (k <= 5062300))
	  ->  Bitmap Index Scan on k_3  (cost=0.00..5.59 rows=116 width=0)
	        Index Cond: ((k >= 5062200) AND (k <= 5062300))

table 4 : explain SELECT k, c FROM sbtest4 WHERE k BETWEEN 5062200 AND 5062300
	Bitmap Heap Scan on sbtest4  (cost=5.50..417.40 rows=104 width=125)
	  Recheck Cond: ((k >= 5062200) AND (k <= 5062300))
	  ->  Bitmap Index Scan on k_4  (cost=0.00..5.47 rows=104 width=0)
	        Index Cond: ((k >= 5062200) AND (k <= 5062300))

table 5 : explain SELECT k, c FROM sbtest5 WHERE k BETWEEN 5062200 AND 5062300
	Bitmap Heap Scan on sbtest5  (cost=5.38..370.18 rows=92 width=125)
	  Recheck Cond: ((k >= 5062200) AND (k <= 5062300))
	  ->  Bitmap Index Scan on k_5  (cost=0.00..5.35 rows=92 width=0)
	        Index Cond: ((k >= 5062200) AND (k <= 5062300))

table 6 : explain SELECT k, c FROM sbtest6 WHERE k BETWEEN 5062200 AND 5062300
	Bitmap Heap Scan on sbtest6  (cost=5.49..413.52 rows=103 width=125)
	  Recheck Cond: ((k >= 5062200) AND (k <= 5062300))
	  ->  Bitmap Index Scan on k_6  (cost=0.00..5.46 rows=103 width=0)
	        Index Cond: ((k >= 5062200) AND (k <= 5062300))

table 7 : explain SELECT k, c FROM sbtest7 WHERE k BETWEEN 5062200 AND 5062300
	Bitmap Heap Scan on sbtest7  (cost=5.49..413.62 rows=103 width=125)
	  Recheck Cond: ((k >= 5062200) AND (k <= 5062300))
	  ->  Bitmap Index Scan on k_7  (cost=0.00..5.46 rows=103 width=0)
	        Index Cond: ((k >= 5062200) AND (k <= 5062300))

table 8 : explain SELECT k, c FROM sbtest8 WHERE k BETWEEN 5062200 AND 5062300
	Bitmap Heap Scan on sbtest8  (cost=5.52..425.37 rows=106 width=125)
	  Recheck Cond: ((k >= 5062200) AND (k <= 5062300))
	  ->  Bitmap Index Scan on k_8  (cost=0.00..5.50 rows=106 width=0)
	        Index Cond: ((k >= 5062200) AND (k <= 5062300))

for range-notcovered
table 1 : explain SELECT k, c FROM sbtest1 WHERE k BETWEEN 3209331 AND 3209431
	Bitmap Heap Scan on sbtest1  (cost=5.54..433.10 rows=108 width=125)
	  Recheck Cond: ((k >= 3209331) AND (k <= 3209431))
	  ->  Bitmap Index Scan on k_1  (cost=0.00..5.51 rows=108 width=0)
	        Index Cond: ((k >= 3209331) AND (k <= 3209431))

table 2 : explain SELECT k, c FROM sbtest2 WHERE k BETWEEN 3209331 AND 3209431
	Bitmap Heap Scan on sbtest2  (cost=5.55..437.10 rows=109 width=125)
	  Recheck Cond: ((k >= 3209331) AND (k <= 3209431))
	  ->  Bitmap Index Scan on k_2  (cost=0.00..5.52 rows=109 width=0)
	        Index Cond: ((k >= 3209331) AND (k <= 3209431))

table 3 : explain SELECT k, c FROM sbtest3 WHERE k BETWEEN 3209331 AND 3209431
	Bitmap Heap Scan on sbtest3  (cost=5.52..425.29 rows=106 width=125)
	  Recheck Cond: ((k >= 3209331) AND (k <= 3209431))
	  ->  Bitmap Index Scan on k_3  (cost=0.00..5.50 rows=106 width=0)
	        Index Cond: ((k >= 3209331) AND (k <= 3209431))

table 4 : explain SELECT k, c FROM sbtest4 WHERE k BETWEEN 3209331 AND 3209431
	Bitmap Heap Scan on sbtest4  (cost=5.55..437.12 rows=109 width=125)
	  Recheck Cond: ((k >= 3209331) AND (k <= 3209431))
	  ->  Bitmap Index Scan on k_4  (cost=0.00..5.52 rows=109 width=0)
	        Index Cond: ((k >= 3209331) AND (k <= 3209431))

table 5 : explain SELECT k, c FROM sbtest5 WHERE k BETWEEN 3209331 AND 3209431
	Bitmap Heap Scan on sbtest5  (cost=5.57..445.18 rows=111 width=125)
	  Recheck Cond: ((k >= 3209331) AND (k <= 3209431))
	  ->  Bitmap Index Scan on k_5  (cost=0.00..5.54 rows=111 width=0)
	        Index Cond: ((k >= 3209331) AND (k <= 3209431))

table 6 : explain SELECT k, c FROM sbtest6 WHERE k BETWEEN 3209331 AND 3209431
	Bitmap Heap Scan on sbtest6  (cost=5.46..401.69 rows=100 width=125)
	  Recheck Cond: ((k >= 3209331) AND (k <= 3209431))
	  ->  Bitmap Index Scan on k_6  (cost=0.00..5.43 rows=100 width=0)
	        Index Cond: ((k >= 3209331) AND (k <= 3209431))

table 7 : explain SELECT k, c FROM sbtest7 WHERE k BETWEEN 3209331 AND 3209431
	Bitmap Heap Scan on sbtest7  (cost=5.38..370.19 rows=92 width=125)
	  Recheck Cond: ((k >= 3209331) AND (k <= 3209431))
	  ->  Bitmap Index Scan on k_7  (cost=0.00..5.35 rows=92 width=0)
	        Index Cond: ((k >= 3209331) AND (k <= 3209431))

table 8 : explain SELECT k, c FROM sbtest8 WHERE k BETWEEN 3209331 AND 3209431
	Bitmap Heap Scan on sbtest8  (cost=5.48..409.59 rows=102 width=125)
	  Recheck Cond: ((k >= 3209331) AND (k <= 3209431))
	  ->  Bitmap Index Scan on k_8  (cost=0.00..5.45 rows=102 width=0)
	        Index Cond: ((k >= 3209331) AND (k <= 3209431))

for range-notcovered
table 1 : explain SELECT k, c FROM sbtest1 WHERE k BETWEEN 4648538 AND 4648638
	Bitmap Heap Scan on sbtest1  (cost=5.49..413.39 rows=103 width=125)
	  Recheck Cond: ((k >= 4648538) AND (k <= 4648638))
	  ->  Bitmap Index Scan on k_1  (cost=0.00..5.46 rows=103 width=0)
	        Index Cond: ((k >= 4648538) AND (k <= 4648638))

table 2 : explain SELECT k, c FROM sbtest2 WHERE k BETWEEN 4648538 AND 4648638
	Bitmap Heap Scan on sbtest2  (cost=5.51..421.33 rows=105 width=125)
	  Recheck Cond: ((k >= 4648538) AND (k <= 4648638))
	  ->  Bitmap Index Scan on k_2  (cost=0.00..5.48 rows=105 width=0)
	        Index Cond: ((k >= 4648538) AND (k <= 4648638))

table 3 : explain SELECT k, c FROM sbtest3 WHERE k BETWEEN 4648538 AND 4648638
	Bitmap Heap Scan on sbtest3  (cost=5.50..417.40 rows=104 width=125)
	  Recheck Cond: ((k >= 4648538) AND (k <= 4648638))
	  ->  Bitmap Index Scan on k_3  (cost=0.00..5.47 rows=104 width=0)
	        Index Cond: ((k >= 4648538) AND (k <= 4648638))

table 4 : explain SELECT k, c FROM sbtest4 WHERE k BETWEEN 4648538 AND 4648638
	Bitmap Heap Scan on sbtest4  (cost=5.48..409.51 rows=102 width=125)
	  Recheck Cond: ((k >= 4648538) AND (k <= 4648638))
	  ->  Bitmap Index Scan on k_4  (cost=0.00..5.45 rows=102 width=0)
	        Index Cond: ((k >= 4648538) AND (k <= 4648638))

table 5 : explain SELECT k, c FROM sbtest5 WHERE k BETWEEN 4648538 AND 4648638
	Bitmap Heap Scan on sbtest5  (cost=5.46..401.78 rows=100 width=125)
	  Recheck Cond: ((k >= 4648538) AND (k <= 4648638))
	  ->  Bitmap Index Scan on k_5  (cost=0.00..5.43 rows=100 width=0)
	        Index Cond: ((k >= 4648538) AND (k <= 4648638))

table 6 : explain SELECT k, c FROM sbtest6 WHERE k BETWEEN 4648538 AND 4648638
	Bitmap Heap Scan on sbtest6  (cost=5.55..437.19 rows=109 width=125)
	  Recheck Cond: ((k >= 4648538) AND (k <= 4648638))
	  ->  Bitmap Index Scan on k_6  (cost=0.00..5.52 rows=109 width=0)
	        Index Cond: ((k >= 4648538) AND (k <= 4648638))

table 7 : explain SELECT k, c FROM sbtest7 WHERE k BETWEEN 4648538 AND 4648638
	Bitmap Heap Scan on sbtest7  (cost=5.57..445.18 rows=111 width=125)
	  Recheck Cond: ((k >= 4648538) AND (k <= 4648638))
	  ->  Bitmap Index Scan on k_7  (cost=0.00..5.54 rows=111 width=0)
	        Index Cond: ((k >= 4648538) AND (k <= 4648638))

table 8 : explain SELECT k, c FROM sbtest8 WHERE k BETWEEN 4648538 AND 4648638
	Bitmap Heap Scan on sbtest8  (cost=5.52..425.37 rows=106 width=125)
	  Recheck Cond: ((k >= 4648538) AND (k <= 4648638))
	  ->  Bitmap Index Scan on k_8  (cost=0.00..5.50 rows=106 width=0)
	        Index Cond: ((k >= 4648538) AND (k <= 4648638))

for range-notcovered
table 1 : explain SELECT k, c FROM sbtest1 WHERE k BETWEEN 4995921 AND 4996021
	Bitmap Heap Scan on sbtest1  (cost=5.46..401.56 rows=100 width=125)
	  Recheck Cond: ((k >= 4995921) AND (k <= 4996021))
	  ->  Bitmap Index Scan on k_1  (cost=0.00..5.43 rows=100 width=0)
	        Index Cond: ((k >= 4995921) AND (k <= 4996021))

table 2 : explain SELECT k, c FROM sbtest2 WHERE k BETWEEN 4995921 AND 4996021
	Bitmap Heap Scan on sbtest2  (cost=5.46..401.61 rows=100 width=125)
	  Recheck Cond: ((k >= 4995921) AND (k <= 4996021))
	  ->  Bitmap Index Scan on k_2  (cost=0.00..5.43 rows=100 width=0)
	        Index Cond: ((k >= 4995921) AND (k <= 4996021))

table 3 : explain SELECT k, c FROM sbtest3 WHERE k BETWEEN 4995921 AND 4996021
	Bitmap Heap Scan on sbtest3  (cost=5.62..464.70 rows=116 width=125)
	  Recheck Cond: ((k >= 4995921) AND (k <= 4996021))
	  ->  Bitmap Index Scan on k_3  (cost=0.00..5.59 rows=116 width=0)
	        Index Cond: ((k >= 4995921) AND (k <= 4996021))

table 4 : explain SELECT k, c FROM sbtest4 WHERE k BETWEEN 4995921 AND 4996021
	Bitmap Heap Scan on sbtest4  (cost=5.44..393.73 rows=98 width=125)
	  Recheck Cond: ((k >= 4995921) AND (k <= 4996021))
	  ->  Bitmap Index Scan on k_4  (cost=0.00..5.42 rows=98 width=0)
	        Index Cond: ((k >= 4995921) AND (k <= 4996021))

table 5 : explain SELECT k, c FROM sbtest5 WHERE k BETWEEN 4995921 AND 4996021
	Bitmap Heap Scan on sbtest5  (cost=5.38..370.18 rows=92 width=125)
	  Recheck Cond: ((k >= 4995921) AND (k <= 4996021))
	  ->  Bitmap Index Scan on k_5  (cost=0.00..5.35 rows=92 width=0)
	        Index Cond: ((k >= 4995921) AND (k <= 4996021))

table 6 : explain SELECT k, c FROM sbtest6 WHERE k BETWEEN 4995921 AND 4996021
	Bitmap Heap Scan on sbtest6  (cost=5.51..421.41 rows=105 width=125)
	  Recheck Cond: ((k >= 4995921) AND (k <= 4996021))
	  ->  Bitmap Index Scan on k_6  (cost=0.00..5.48 rows=105 width=0)
	        Index Cond: ((k >= 4995921) AND (k <= 4996021))

table 7 : explain SELECT k, c FROM sbtest7 WHERE k BETWEEN 4995921 AND 4996021
	Bitmap Heap Scan on sbtest7  (cost=5.46..401.78 rows=100 width=125)
	  Recheck Cond: ((k >= 4995921) AND (k <= 4996021))
	  ->  Bitmap Index Scan on k_7  (cost=0.00..5.43 rows=100 width=0)
	        Index Cond: ((k >= 4995921) AND (k <= 4996021))

table 8 : explain SELECT k, c FROM sbtest8 WHERE k BETWEEN 4995921 AND 4996021
	Bitmap Heap Scan on sbtest8  (cost=5.42..385.91 rows=96 width=125)
	  Recheck Cond: ((k >= 4995921) AND (k <= 4996021))
	  ->  Bitmap Index Scan on k_8  (cost=0.00..5.39 rows=96 width=0)
	        Index Cond: ((k >= 4995921) AND (k <= 4996021))
explain: for range-notcovered :: explain SELECT k, c FROM sbtest%d WHERE k BETWEEN 5062200 AND 5062300explain: for range-notcovered :: explain SELECT k, c FROM sbtest%d WHERE k BETWEEN 6101935 AND 6102035explain: for range-notcovered :: explain SELECT k, c FROM sbtest%d WHERE k BETWEEN 3209331 AND 3209431
for range-notcovered
table 1 : explain SELECT k, c FROM sbtest1 WHERE k BETWEEN 5364173 AND 5364273
	Bitmap Heap Scan on sbtest1  (cost=5.40..377.89 rows=94 width=125)
	  Recheck Cond: ((k >= 5364173) AND (k <= 5364273))
	  ->  Bitmap Index Scan on k_1  (cost=0.00..5.38 rows=94 width=0)
	        Index Cond: ((k >= 5364173) AND (k <= 5364273))

table 2 : explain SELECT k, c FROM sbtest2 WHERE k BETWEEN 5364173 AND 5364273
	Bitmap Heap Scan on sbtest2  (cost=5.52..425.27 rows=106 width=125)
	  Recheck Cond: ((k >= 5364173) AND (k <= 5364273))
	  ->  Bitmap Index Scan on k_2  (cost=0.00..5.50 rows=106 width=0)
	        Index Cond: ((k >= 5364173) AND (k <= 5364273))

table 3 : explain SELECT k, c FROM sbtest3 WHERE k BETWEEN 5364173 AND 5364273
	Bitmap Heap Scan on sbtest3  (cost=5.43..389.79 rows=97 width=125)
	  Recheck Cond: ((k >= 5364173) AND (k <= 5364273))
	  ->  Bitmap Index Scan on k_3  (cost=0.00..5.40 rows=97 width=0)
	        Index Cond: ((k >= 5364173) AND (k <= 5364273))

table 4 : explain SELECT k, c FROM sbtest4 WHERE k BETWEEN 5364173 AND 5364273
	Bitmap Heap Scan on sbtest4  (cost=5.53..429.23 rows=107 width=125)
	  Recheck Cond: ((k >= 5364173) AND (k <= 5364273))
	  ->  Bitmap Index Scan on k_4  (cost=0.00..5.50 rows=107 width=0)
	        Index Cond: ((k >= 5364173) AND (k <= 5364273))

table 5 : explain SELECT k, c FROM sbtest5 WHERE k BETWEEN 5364173 AND 5364273
	Bitmap Heap Scan on sbtest5  (cost=5.38..370.18 rows=92 width=125)
	  Recheck Cond: ((k >= 5364173) AND (k <= 5364273))
	  ->  Bitmap Index Scan on k_5  (cost=0.00..5.35 rows=92 width=0)
	        Index Cond: ((k >= 5364173) AND (k <= 5364273))

table 6 : explain SELECT k, c FROM sbtest6 WHERE k BETWEEN 5364173 AND 5364273
	Bitmap Heap Scan on sbtest6  (cost=5.46..401.69 rows=100 width=125)
	  Recheck Cond: ((k >= 5364173) AND (k <= 5364273))
	  ->  Bitmap Index Scan on k_6  (cost=0.00..5.43 rows=100 width=0)
	        Index Cond: ((k >= 5364173) AND (k <= 5364273))

table 7 : explain SELECT k, c FROM sbtest7 WHERE k BETWEEN 5364173 AND 5364273
	Bitmap Heap Scan on sbtest7  (cost=5.54..433.35 rows=108 width=125)
	  Recheck Cond: ((k >= 5364173) AND (k <= 5364273))
	  ->  Bitmap Index Scan on k_7  (cost=0.00..5.51 rows=108 width=0)
	        Index Cond: ((k >= 5364173) AND (k <= 5364273))

table 8 : explain SELECT k, c FROM sbtest8 WHERE k BETWEEN 5364173 AND 5364273
	Bitmap Heap Scan on sbtest8  (cost=5.54..433.26 rows=108 width=125)
	  Recheck Cond: ((k >= 5364173) AND (k <= 5364273))
	  ->  Bitmap Index Scan on k_8  (cost=0.00..5.51 rows=108 width=0)
	        Index Cond: ((k >= 5364173) AND (k <= 5364273))
explain: for range-notcovered :: explain SELECT k, c FROM sbtest%d WHERE k BETWEEN 4648538 AND 4648638

for range-notcovered
table 1 : explain SELECT k, c FROM sbtest1 WHERE k BETWEEN 5359968 AND 5360068
	Bitmap Heap Scan on sbtest1  (cost=5.40..377.89 rows=94 width=125)
	  Recheck Cond: ((k >= 5359968) AND (k <= 5360068))
	  ->  Bitmap Index Scan on k_1  (cost=0.00..5.38 rows=94 width=0)
	        Index Cond: ((k >= 5359968) AND (k <= 5360068))

table 2 : explain SELECT k, c FROM sbtest2 WHERE k BETWEEN 5359968 AND 5360068
	Bitmap Heap Scan on sbtest2  (cost=5.52..425.27 rows=106 width=125)
	  Recheck Cond: ((k >= 5359968) AND (k <= 5360068))
	  ->  Bitmap Index Scan on k_2  (cost=0.00..5.50 rows=106 width=0)
	        Index Cond: ((k >= 5359968) AND (k <= 5360068))

table 3 : explain SELECT k, c FROM sbtest3 WHERE k BETWEEN 5359968 AND 5360068
	Bitmap Heap Scan on sbtest3  (cost=5.43..389.79 rows=97 width=125)
	  Recheck Cond: ((k >= 5359968) AND (k <= 5360068))
	  ->  Bitmap Index Scan on k_3  (cost=0.00..5.40 rows=97 width=0)
	        Index Cond: ((k >= 5359968) AND (k <= 5360068))

table 4 : explain SELECT k, c FROM sbtest4 WHERE k BETWEEN 5359968 AND 5360068
	Bitmap Heap Scan on sbtest4  (cost=5.53..429.23 rows=107 width=125)
	  Recheck Cond: ((k >= 5359968) AND (k <= 5360068))
	  ->  Bitmap Index Scan on k_4  (cost=0.00..5.50 rows=107 width=0)
	        Index Cond: ((k >= 5359968) AND (k <= 5360068))

table 5 : explain SELECT k, c FROM sbtest5 WHERE k BETWEEN 5359968 AND 5360068
	Bitmap Heap Scan on sbtest5  (cost=5.38..370.18 rows=92 width=125)
	  Recheck Cond: ((k >= 5359968) AND (k <= 5360068))
	  ->  Bitmap Index Scan on k_5  (cost=0.00..5.35 rows=92 width=0)
	        Index Cond: ((k >= 5359968) AND (k <= 5360068))

table 6 : explain SELECT k, c FROM sbtest6 WHERE k BETWEEN 5359968 AND 5360068
	Bitmap Heap Scan on sbtest6  (cost=5.46..401.69 rows=100 width=125)
	  Recheck Cond: ((k >= 5359968) AND (k <= 5360068))
	  ->  Bitmap Index Scan on k_6  (cost=0.00..5.43 rows=100 width=0)
	        Index Cond: ((k >= 5359968) AND (k <= 5360068))

table 7 : explain SELECT k, c FROM sbtest7 WHERE k BETWEEN 5359968 AND 5360068
	Bitmap Heap Scan on sbtest7  (cost=5.54..433.35 rows=108 width=125)
	  Recheck Cond: ((k >= 5359968) AND (k <= 5360068))
	  ->  Bitmap Index Scan on k_7  (cost=0.00..5.51 rows=108 width=0)
	        Index Cond: ((k >= 5359968) AND (k <= 5360068))

table 8 : explain SELECT k, c FROM sbtest8 WHERE k BETWEEN 5359968 AND 5360068
	Bitmap Heap Scan on sbtest8  (cost=5.54..433.26 rows=108 width=125)
	  Recheck Cond: ((k >= 5359968) AND (k <= 5360068))
	  ->  Bitmap Index Scan on k_8  (cost=0.00..5.51 rows=108 width=0)
	        Index Cond: ((k >= 5359968) AND (k <= 5360068))


for range-notcovered
table 1 : explain SELECT k, c FROM sbtest1 WHERE k BETWEEN 4467670 AND 4467770
	Bitmap Heap Scan on sbtest1  (cost=5.47..405.51 rows=101 width=125)
	  Recheck Cond: ((k >= 4467670) AND (k <= 4467770))
	  ->  Bitmap Index Scan on k_1  (cost=0.00..5.44 rows=101 width=0)
	        Index Cond: ((k >= 4467670) AND (k <= 4467770))

table 2 : explain SELECT k, c FROM sbtest2 WHERE k BETWEEN 4467670 AND 4467770
	Bitmap Heap Scan on sbtest2  (cost=5.56..441.04 rows=110 width=125)
	  Recheck Cond: ((k >= 4467670) AND (k <= 4467770))
	  ->  Bitmap Index Scan on k_2  (cost=0.00..5.53 rows=110 width=0)
	        Index Cond: ((k >= 4467670) AND (k <= 4467770))

table 3 : explain SELECT k, c FROM sbtest3 WHERE k BETWEEN 4467670 AND 4467770
	Bitmap Heap Scan on sbtest3  (cost=5.47..405.57 rows=101 width=125)
	  Recheck Cond: ((k >= 4467670) AND (k <= 4467770))
	  ->  Bitmap Index Scan on k_3  (cost=0.00..5.44 rows=101 width=0)
	        Index Cond: ((k >= 4467670) AND (k <= 4467770))

table 4 : explain SELECT k, c FROM sbtest4 WHERE k BETWEEN 4467670 AND 4467770
	Bitmap Heap Scan on sbtest4  (cost=5.53..429.23 rows=107 width=125)
	  Recheck Cond: ((k >= 4467670) AND (k <= 4467770))
	  ->  Bitmap Index Scan on k_4  (cost=0.00..5.50 rows=107 width=0)
	        Index Cond: ((k >= 4467670) AND (k <= 4467770))

table 5 : explain SELECT k, c FROM sbtest5 WHERE k BETWEEN 4467670 AND 4467770
	Bitmap Heap Scan on sbtest5  (cost=5.56..441.23 rows=110 width=125)
	  Recheck Cond: ((k >= 4467670) AND (k <= 4467770))
	  ->  Bitmap Index Scan on k_5  (cost=0.00..5.53 rows=110 width=0)
	        Index Cond: ((k >= 4467670) AND (k <= 4467770))

table 6 : explain SELECT k, c FROM sbtest6 WHERE k BETWEEN 4467670 AND 4467770
	Bitmap Heap Scan on sbtest6  (cost=5.41..381.95 rows=95 width=125)
	  Recheck Cond: ((k >= 4467670) AND (k <= 4467770))
	  ->  Bitmap Index Scan on k_6  (cost=0.00..5.38 rows=95 width=0)
	        Index Cond: ((k >= 4467670) AND (k <= 4467770))

table 7 : explain SELECT k, c FROM sbtest7 WHERE k BETWEEN 4467670 AND 4467770
	Bitmap Heap Scan on sbtest7  (cost=5.50..417.56 rows=104 width=125)
	  Recheck Cond: ((k >= 4467670) AND (k <= 4467770))
	  ->  Bitmap Index Scan on k_7  (cost=0.00..5.47 rows=104 width=0)
	        Index Cond: ((k >= 4467670) AND (k <= 4467770))

table 8 : explain SELECT k, c FROM sbtest8 WHERE k BETWEEN 4467670 AND 4467770
	Bitmap Heap Scan on sbtest8  (cost=5.54..433.26 rows=108 width=125)
	  Recheck Cond: ((k >= 4467670) AND (k <= 4467770))
	  ->  Bitmap Index Scan on k_8  (cost=0.00..5.51 rows=108 width=0)
	        Index Cond: ((k >= 4467670) AND (k <= 4467770))


for range-notcovered
table 1 : explain SELECT k, c FROM sbtest1 WHERE k BETWEEN 5358538 AND 5358638
	Bitmap Heap Scan on sbtest1  (cost=5.40..377.89 rows=94 width=125)
	  Recheck Cond: ((k >= 5358538) AND (k <= 5358638))
	  ->  Bitmap Index Scan on k_1  (cost=0.00..5.38 rows=94 width=0)
	        Index Cond: ((k >= 5358538) AND (k <= 5358638))

table 2 : explain SELECT k, c FROM sbtest2 WHERE k BETWEEN 5358538 AND 5358638
	Bitmap Heap Scan on sbtest2  (cost=5.52..425.27 rows=106 width=125)
	  Recheck Cond: ((k >= 5358538) AND (k <= 5358638))
	  ->  Bitmap Index Scan on k_2  (cost=0.00..5.50 rows=106 width=0)
	        Index Cond: ((k >= 5358538) AND (k <= 5358638))

table 3 : explain SELECT k, c FROM sbtest3 WHERE k BETWEEN 5358538 AND 5358638
	Bitmap Heap Scan on sbtest3  (cost=5.43..389.79 rows=97 width=125)
	  Recheck Cond: ((k >= 5358538) AND (k <= 5358638))
	  ->  Bitmap Index Scan on k_3  (cost=0.00..5.40 rows=97 width=0)
	        Index Cond: ((k >= 5358538) AND (k <= 5358638))

table 4 : explain SELECT k, c FROM sbtest4 WHERE k BETWEEN 5358538 AND 5358638
	Bitmap Heap Scan on sbtest4  (cost=5.53..429.23 rows=107 width=125)
	  Recheck Cond: ((k >= 5358538) AND (k <= 5358638))
	  ->  Bitmap Index Scan on k_4  (cost=0.00..5.50 rows=107 width=0)
	        Index Cond: ((k >= 5358538) AND (k <= 5358638))

table 5 : explain SELECT k, c FROM sbtest5 WHERE k BETWEEN 5358538 AND 5358638
	Bitmap Heap Scan on sbtest5  (cost=5.38..370.18 rows=92 width=125)
	  Recheck Cond: ((k >= 5358538) AND (k <= 5358638))
	  ->  Bitmap Index Scan on k_5  (cost=0.00..5.35 rows=92 width=0)
	        Index Cond: ((k >= 5358538) AND (k <= 5358638))

table 6 : explain SELECT k, c FROM sbtest6 WHERE k BETWEEN 5358538 AND 5358638
	Bitmap Heap Scan on sbtest6  (cost=5.46..401.69 rows=100 width=125)
	  Recheck Cond: ((k >= 5358538) AND (k <= 5358638))
	  ->  Bitmap Index Scan on k_6  (cost=0.00..5.43 rows=100 width=0)
	        Index Cond: ((k >= 5358538) AND (k <= 5358638))

table 7 : explain SELECT k, c FROM sbtest7 WHERE k BETWEEN 5358538 AND 5358638
	Bitmap Heap Scan on sbtest7  (cost=5.54..433.35 rows=108 width=125)
	  Recheck Cond: ((k >= 5358538) AND (k <= 5358638))
	  ->  Bitmap Index Scan on k_7  (cost=0.00..5.51 rows=108 width=0)
	        Index Cond: ((k >= 5358538) AND (k <= 5358638))

table 8 : explain SELECT k, c FROM sbtest8 WHERE k BETWEEN 5358538 AND 5358638
	Bitmap Heap Scan on sbtest8  (cost=5.54..433.26 rows=108 width=125)
	  Recheck Cond: ((k >= 5358538) AND (k <= 5358638))
	  ->  Bitmap Index Scan on k_8  (cost=0.00..5.51 rows=108 width=0)
	        Index Cond: ((k >= 5358538) AND (k <= 5358638))

explain: for range-notcovered :: explain SELECT k, c FROM sbtest%d WHERE k BETWEEN 5364173 AND 5364273
for range-notcovered
table 1 : explain SELECT k, c FROM sbtest1 WHERE k BETWEEN 7572654 AND 7572754
	Bitmap Heap Scan on sbtest1  (cost=5.48..409.45 rows=102 width=125)
	  Recheck Cond: ((k >= 7572654) AND (k <= 7572754))
	  ->  Bitmap Index Scan on k_1  (cost=0.00..5.45 rows=102 width=0)
	        Index Cond: ((k >= 7572654) AND (k <= 7572754))

table 2 : explain SELECT k, c FROM sbtest2 WHERE k BETWEEN 7572654 AND 7572754
	Bitmap Heap Scan on sbtest2  (cost=5.47..405.55 rows=101 width=125)
	  Recheck Cond: ((k >= 7572654) AND (k <= 7572754))
	  ->  Bitmap Index Scan on k_2  (cost=0.00..5.44 rows=101 width=0)
	        Index Cond: ((k >= 7572654) AND (k <= 7572754))

table 3 : explain SELECT k, c FROM sbtest3 WHERE k BETWEEN 7572654 AND 7572754
	Bitmap Heap Scan on sbtest3  (cost=5.50..417.40 rows=104 width=125)
	  Recheck Cond: ((k >= 7572654) AND (k <= 7572754))
	  ->  Bitmap Index Scan on k_3  (cost=0.00..5.47 rows=104 width=0)
	        Index Cond: ((k >= 7572654) AND (k <= 7572754))

table 4 : explain SELECT k, c FROM sbtest4 WHERE k BETWEEN 7572654 AND 7572754
	Bitmap Heap Scan on sbtest4  (cost=5.57..445.00 rows=111 width=125)
	  Recheck Cond: ((k >= 7572654) AND (k <= 7572754))
	  ->  Bitmap Index Scan on k_4  (cost=0.00..5.54 rows=111 width=0)
	        Index Cond: ((k >= 7572654) AND (k <= 7572754))

table 5 : explain SELECT k, c FROM sbtest5 WHERE k BETWEEN 7572654 AND 7572754
	Bitmap Heap Scan on sbtest5  (cost=5.45..397.83 rows=99 width=125)
	  Recheck Cond: ((k >= 7572654) AND (k <= 7572754))
	  ->  Bitmap Index Scan on k_5  (cost=0.00..5.42 rows=99 width=0)
	        Index Cond: ((k >= 7572654) AND (k <= 7572754))

table 6 : explain SELECT k, c FROM sbtest6 WHERE k BETWEEN 7572654 AND 7572754
	Bitmap Heap Scan on sbtest6  (cost=5.53..429.30 rows=107 width=125)
	  Recheck Cond: ((k >= 7572654) AND (k <= 7572754))
	  ->  Bitmap Index Scan on k_6  (cost=0.00..5.50 rows=107 width=0)
	        Index Cond: ((k >= 7572654) AND (k <= 7572754))

table 7 : explain SELECT k, c FROM sbtest7 WHERE k BETWEEN 7572654 AND 7572754
	Bitmap Heap Scan on sbtest7  (cost=5.42..385.98 rows=96 width=125)
	  Recheck Cond: ((k >= 7572654) AND (k <= 7572754))
	  ->  Bitmap Index Scan on k_7  (cost=0.00..5.39 rows=96 width=0)
	        Index Cond: ((k >= 7572654) AND (k <= 7572754))

table 8 : explain SELECT k, c FROM sbtest8 WHERE k BETWEEN 7572654 AND 7572754
	Bitmap Heap Scan on sbtest8  (cost=5.63..468.73 rows=117 width=125)
	  Recheck Cond: ((k >= 7572654) AND (k <= 7572754))
	  ->  Bitmap Index Scan on k_8  (cost=0.00..5.60 rows=117 width=0)
	        Index Cond: ((k >= 7572654) AND (k <= 7572754))

explain: for range-notcovered :: explain SELECT k, c FROM sbtest%d WHERE k BETWEEN 4467670 AND 4467770
explain: for range-notcovered :: explain SELECT k, c FROM sbtest%d WHERE k BETWEEN 4995921 AND 4996021
explain: for range-notcovered :: explain SELECT k, c FROM sbtest%d WHERE k BETWEEN 5359968 AND 5360068
for range-notcovered
table 1 : explain SELECT k, c FROM sbtest1 WHERE k BETWEEN 3932444 AND 3932544
	Bitmap Heap Scan on sbtest1  (cost=5.60..456.74 rows=114 width=125)
	  Recheck Cond: ((k >= 3932444) AND (k <= 3932544))
	  ->  Bitmap Index Scan on k_1  (cost=0.00..5.58 rows=114 width=0)
	        Index Cond: ((k >= 3932444) AND (k <= 3932544))

table 2 : explain SELECT k, c FROM sbtest2 WHERE k BETWEEN 3932444 AND 3932544
	Bitmap Heap Scan on sbtest2  (cost=5.48..409.50 rows=102 width=125)
	  Recheck Cond: ((k >= 3932444) AND (k <= 3932544))
	  ->  Bitmap Index Scan on k_2  (cost=0.00..5.45 rows=102 width=0)
	        Index Cond: ((k >= 3932444) AND (k <= 3932544))

table 3 : explain SELECT k, c FROM sbtest3 WHERE k BETWEEN 3932444 AND 3932544
	Bitmap Heap Scan on sbtest3  (cost=5.42..385.84 rows=96 width=125)
	  Recheck Cond: ((k >= 3932444) AND (k <= 3932544))
	  ->  Bitmap Index Scan on k_3  (cost=0.00..5.39 rows=96 width=0)
	        Index Cond: ((k >= 3932444) AND (k <= 3932544))

table 4 : explain SELECT k, c FROM sbtest4 WHERE k BETWEEN 3932444 AND 3932544
	Bitmap Heap Scan on sbtest4  (cost=5.48..409.51 rows=102 width=125)
	  Recheck Cond: ((k >= 3932444) AND (k <= 3932544))
	  ->  Bitmap Index Scan on k_4  (cost=0.00..5.45 rows=102 width=0)
	        Index Cond: ((k >= 3932444) AND (k <= 3932544))

table 5 : explain SELECT k, c FROM sbtest5 WHERE k BETWEEN 3932444 AND 3932544
	Bitmap Heap Scan on sbtest5  (cost=5.46..401.78 rows=100 width=125)
	  Recheck Cond: ((k >= 3932444) AND (k <= 3932544))
	  ->  Bitmap Index Scan on k_5  (cost=0.00..5.43 rows=100 width=0)
	        Index Cond: ((k >= 3932444) AND (k <= 3932544))

table 6 : explain SELECT k, c FROM sbtest6 WHERE k BETWEEN 3932444 AND 3932544
	Bitmap Heap Scan on sbtest6  (cost=5.59..452.95 rows=113 width=125)
	  Recheck Cond: ((k >= 3932444) AND (k <= 3932544))
	  ->  Bitmap Index Scan on k_6  (cost=0.00..5.56 rows=113 width=0)
	        Index Cond: ((k >= 3932444) AND (k <= 3932544))

table 7 : explain SELECT k, c FROM sbtest7 WHERE k BETWEEN 3932444 AND 3932544
	Bitmap Heap Scan on sbtest7  (cost=5.48..409.67 rows=102 width=125)
	  Recheck Cond: ((k >= 3932444) AND (k <= 3932544))
	  ->  Bitmap Index Scan on k_7  (cost=0.00..5.45 rows=102 width=0)
	        Index Cond: ((k >= 3932444) AND (k <= 3932544))

table 8 : explain SELECT k, c FROM sbtest8 WHERE k BETWEEN 3932444 AND 3932544
	Bitmap Heap Scan on sbtest8  (cost=5.41..381.96 rows=95 width=125)
	  Recheck Cond: ((k >= 3932444) AND (k <= 3932544))
	  ->  Bitmap Index Scan on k_8  (cost=0.00..5.38 rows=95 width=0)
	        Index Cond: ((k >= 3932444) AND (k <= 3932544))

for range-notcovered
table 1 : explain SELECT k, c FROM sbtest1 WHERE k BETWEEN 4198112 AND 4198212
	Bitmap Heap Scan on sbtest1  (cost=5.54..433.10 rows=108 width=125)
	  Recheck Cond: ((k >= 4198112) AND (k <= 4198212))
	  ->  Bitmap Index Scan on k_1  (cost=0.00..5.51 rows=108 width=0)
	        Index Cond: ((k >= 4198112) AND (k <= 4198212))

table 2 : explain SELECT k, c FROM sbtest2 WHERE k BETWEEN 4198112 AND 4198212
	Bitmap Heap Scan on sbtest2  (cost=5.53..429.21 rows=107 width=125)
	  Recheck Cond: ((k >= 4198112) AND (k <= 4198212))
	  ->  Bitmap Index Scan on k_2  (cost=0.00..5.50 rows=107 width=0)
	        Index Cond: ((k >= 4198112) AND (k <= 4198212))

table 3 : explain SELECT k, c FROM sbtest3 WHERE k BETWEEN 4198112 AND 4198212
	Bitmap Heap Scan on sbtest3  (cost=5.52..425.29 rows=106 width=125)
	  Recheck Cond: ((k >= 4198112) AND (k <= 4198212))
	  ->  Bitmap Index Scan on k_3  (cost=0.00..5.50 rows=106 width=0)
	        Index Cond: ((k >= 4198112) AND (k <= 4198212))

table 4 : explain SELECT k, c FROM sbtest4 WHERE k BETWEEN 4198112 AND 4198212
	Bitmap Heap Scan on sbtest4  (cost=5.42..385.84 rows=96 width=125)
	  Recheck Cond: ((k >= 4198112) AND (k <= 4198212))
	  ->  Bitmap Index Scan on k_4  (cost=0.00..5.39 rows=96 width=0)
	        Index Cond: ((k >= 4198112) AND (k <= 4198212))

table 5 : explain SELECT k, c FROM sbtest5 WHERE k BETWEEN 4198112 AND 4198212
	Bitmap Heap Scan on sbtest5  (cost=5.44..393.88 rows=98 width=125)
	  Recheck Cond: ((k >= 4198112) AND (k <= 4198212))
	  ->  Bitmap Index Scan on k_5  (cost=0.00..5.42 rows=98 width=0)
	        Index Cond: ((k >= 4198112) AND (k <= 4198212))

table 6 : explain SELECT k, c FROM sbtest6 WHERE k BETWEEN 4198112 AND 4198212
	Bitmap Heap Scan on sbtest6  (cost=5.47..405.63 rows=101 width=125)
	  Recheck Cond: ((k >= 4198112) AND (k <= 4198212))
	  ->  Bitmap Index Scan on k_6  (cost=0.00..5.44 rows=101 width=0)
	        Index Cond: ((k >= 4198112) AND (k <= 4198212))

table 7 : explain SELECT k, c FROM sbtest7 WHERE k BETWEEN 4198112 AND 4198212
	Bitmap Heap Scan on sbtest7  (cost=5.40..378.09 rows=94 width=125)
	  Recheck Cond: ((k >= 4198112) AND (k <= 4198212))
	  ->  Bitmap Index Scan on k_7  (cost=0.00..5.38 rows=94 width=0)
	        Index Cond: ((k >= 4198112) AND (k <= 4198212))

table 8 : explain SELECT k, c FROM sbtest8 WHERE k BETWEEN 4198112 AND 4198212
	Bitmap Heap Scan on sbtest8  (cost=5.41..381.96 rows=95 width=125)
	  Recheck Cond: ((k >= 4198112) AND (k <= 4198212))
	  ->  Bitmap Index Scan on k_8  (cost=0.00..5.38 rows=95 width=0)
	        Index Cond: ((k >= 4198112) AND (k <= 4198212))

for range-notcovered
table 1 : explain SELECT k, c FROM sbtest1 WHERE k BETWEEN 7181028 AND 7181128
	Bitmap Heap Scan on sbtest1  (cost=5.43..389.73 rows=97 width=125)
	  Recheck Cond: ((k >= 7181028) AND (k <= 7181128))
	  ->  Bitmap Index Scan on k_1  (cost=0.00..5.40 rows=97 width=0)
	        Index Cond: ((k >= 7181028) AND (k <= 7181128))

table 2 : explain SELECT k, c FROM sbtest2 WHERE k BETWEEN 7181028 AND 7181128
	Bitmap Heap Scan on sbtest2  (cost=5.39..373.98 rows=93 width=125)
	  Recheck Cond: ((k >= 7181028) AND (k <= 7181128))
	  ->  Bitmap Index Scan on k_2  (cost=0.00..5.36 rows=93 width=0)
	        Index Cond: ((k >= 7181028) AND (k <= 7181128))

table 3 : explain SELECT k, c FROM sbtest3 WHERE k BETWEEN 7181028 AND 7181128
	Bitmap Heap Scan on sbtest3  (cost=5.53..429.23 rows=107 width=125)
	  Recheck Cond: ((k >= 7181028) AND (k <= 7181128))
	  ->  Bitmap Index Scan on k_3  (cost=0.00..5.50 rows=107 width=0)
	        Index Cond: ((k >= 7181028) AND (k <= 7181128))

table 4 : explain SELECT k, c FROM sbtest4 WHERE k BETWEEN 7181028 AND 7181128
	Bitmap Heap Scan on sbtest4  (cost=5.40..377.95 rows=94 width=125)
	  Recheck Cond: ((k >= 7181028) AND (k <= 7181128))
	  ->  Bitmap Index Scan on k_4  (cost=0.00..5.38 rows=94 width=0)
	        Index Cond: ((k >= 7181028) AND (k <= 7181128))

table 5 : explain SELECT k, c FROM sbtest5 WHERE k BETWEEN 7181028 AND 7181128
	Bitmap Heap Scan on sbtest5  (cost=5.46..401.78 rows=100 width=125)
	  Recheck Cond: ((k >= 7181028) AND (k <= 7181128))
	  ->  Bitmap Index Scan on k_5  (cost=0.00..5.43 rows=100 width=0)
	        Index Cond: ((k >= 7181028) AND (k <= 7181128))

table 6 : explain SELECT k, c FROM sbtest6 WHERE k BETWEEN 7181028 AND 7181128
	Bitmap Heap Scan on sbtest6  (cost=5.49..413.52 rows=103 width=125)
	  Recheck Cond: ((k >= 7181028) AND (k <= 7181128))
	  ->  Bitmap Index Scan on k_6  (cost=0.00..5.46 rows=103 width=0)
	        Index Cond: ((k >= 7181028) AND (k <= 7181128))

table 7 : explain SELECT k, c FROM sbtest7 WHERE k BETWEEN 7181028 AND 7181128
	Bitmap Heap Scan on sbtest7  (cost=5.54..433.35 rows=108 width=125)
	  Recheck Cond: ((k >= 7181028) AND (k <= 7181128))
	  ->  Bitmap Index Scan on k_7  (cost=0.00..5.51 rows=108 width=0)
	        Index Cond: ((k >= 7181028) AND (k <= 7181128))

table 8 : explain SELECT k, c FROM sbtest8 WHERE k BETWEEN 7181028 AND 7181128
	Bitmap Heap Scan on sbtest8  (cost=5.51..421.42 rows=105 width=125)
	  Recheck Cond: ((k >= 7181028) AND (k <= 7181128))
	  ->  Bitmap Index Scan on k_8  (cost=0.00..5.48 rows=105 width=0)
	        Index Cond: ((k >= 7181028) AND (k <= 7181128))


for range-notcovered
table 1 : explain SELECT k, c FROM sbtest1 WHERE k BETWEEN 6091113 AND 6091213
	Bitmap Heap Scan on sbtest1  (cost=5.50..417.34 rows=104 width=125)
	  Recheck Cond: ((k >= 6091113) AND (k <= 6091213))
	  ->  Bitmap Index Scan on k_1  (cost=0.00..5.47 rows=104 width=0)
	        Index Cond: ((k >= 6091113) AND (k <= 6091213))

table 2 : explain SELECT k, c FROM sbtest2 WHERE k BETWEEN 6091113 AND 6091213
	Bitmap Heap Scan on sbtest2  (cost=5.53..429.21 rows=107 width=125)
	  Recheck Cond: ((k >= 6091113) AND (k <= 6091213))
	  ->  Bitmap Index Scan on k_2  (cost=0.00..5.50 rows=107 width=0)
	        Index Cond: ((k >= 6091113) AND (k <= 6091213))

table 3 : explain SELECT k, c FROM sbtest3 WHERE k BETWEEN 6091113 AND 6091213
	Bitmap Heap Scan on sbtest3  (cost=5.40..377.95 rows=94 width=125)
	  Recheck Cond: ((k >= 6091113) AND (k <= 6091213))
	  ->  Bitmap Index Scan on k_3  (cost=0.00..5.38 rows=94 width=0)
	        Index Cond: ((k >= 6091113) AND (k <= 6091213))

table 4 : explain SELECT k, c FROM sbtest4 WHERE k BETWEEN 6091113 AND 6091213
	Bitmap Heap Scan on sbtest4  (cost=5.47..405.57 rows=101 width=125)
	  Recheck Cond: ((k >= 6091113) AND (k <= 6091213))
	  ->  Bitmap Index Scan on k_4  (cost=0.00..5.44 rows=101 width=0)
	        Index Cond: ((k >= 6091113) AND (k <= 6091213))

table 5 : explain SELECT k, c FROM sbtest5 WHERE k BETWEEN 6091113 AND 6091213
	Bitmap Heap Scan on sbtest5  (cost=5.43..389.93 rows=97 width=125)
	  Recheck Cond: ((k >= 6091113) AND (k <= 6091213))
	  ->  Bitmap Index Scan on k_5  (cost=0.00..5.40 rows=97 width=0)
	        Index Cond: ((k >= 6091113) AND (k <= 6091213))

table 6 : explain SELECT k, c FROM sbtest6 WHERE k BETWEEN 6091113 AND 6091213
	Bitmap Heap Scan on sbtest6  (cost=5.44..393.79 rows=98 width=125)
	  Recheck Cond: ((k >= 6091113) AND (k <= 6091213))
	  ->  Bitmap Index Scan on k_6  (cost=0.00..5.42 rows=98 width=0)
	        Index Cond: ((k >= 6091113) AND (k <= 6091213))

table 7 : explain SELECT k, c FROM sbtest7 WHERE k BETWEEN 6091113 AND 6091213
	Bitmap Heap Scan on sbtest7  (cost=5.49..413.62 rows=103 width=125)
	  Recheck Cond: ((k >= 6091113) AND (k <= 6091213))
	  ->  Bitmap Index Scan on k_7  (cost=0.00..5.46 rows=103 width=0)
	        Index Cond: ((k >= 6091113) AND (k <= 6091213))

table 8 : explain SELECT k, c FROM sbtest8 WHERE k BETWEEN 6091113 AND 6091213
	Bitmap Heap Scan on sbtest8  (cost=5.54..433.26 rows=108 width=125)
	  Recheck Cond: ((k >= 6091113) AND (k <= 6091213))
	  ->  Bitmap Index Scan on k_8  (cost=0.00..5.51 rows=108 width=0)
	        Index Cond: ((k >= 6091113) AND (k <= 6091213))
for range-notcovered
table 1 : explain SELECT k, c FROM sbtest1 WHERE k BETWEEN 1804304 AND 1804404
	Bitmap Heap Scan on sbtest1  (cost=5.40..377.89 rows=94 width=125)
	  Recheck Cond: ((k >= 1804304) AND (k <= 1804404))
	  ->  Bitmap Index Scan on k_1  (cost=0.00..5.38 rows=94 width=0)
	        Index Cond: ((k >= 1804304) AND (k <= 1804404))

table 2 : explain SELECT k, c FROM sbtest2 WHERE k BETWEEN 1804304 AND 1804404
	Bitmap Heap Scan on sbtest2  (cost=5.51..421.33 rows=105 width=125)
	  Recheck Cond: ((k >= 1804304) AND (k <= 1804404))
	  ->  Bitmap Index Scan on k_2  (cost=0.00..5.48 rows=105 width=0)
	        Index Cond: ((k >= 1804304) AND (k <= 1804404))

table 3 : explain SELECT k, c FROM sbtest3 WHERE k BETWEEN 1804304 AND 1804404
	Bitmap Heap Scan on sbtest3  (cost=5.45..397.68 rows=99 width=125)
	  Recheck Cond: ((k >= 1804304) AND (k <= 1804404))
	  ->  Bitmap Index Scan on k_3  (cost=0.00..5.42 rows=99 width=0)
	        Index Cond: ((k >= 1804304) AND (k <= 1804404))

table 4 : explain SELECT k, c FROM sbtest4 WHERE k BETWEEN 1804304 AND 1804404
	Bitmap Heap Scan on sbtest4  (cost=5.50..417.40 rows=104 width=125)
	  Recheck Cond: ((k >= 1804304) AND (k <= 1804404))
	  ->  Bitmap Index Scan on k_4  (cost=0.00..5.47 rows=104 width=0)
	        Index Cond: ((k >= 1804304) AND (k <= 1804404))

table 5 : explain SELECT k, c FROM sbtest5 WHERE k BETWEEN 1804304 AND 1804404
	Bitmap Heap Scan on sbtest5  (cost=5.51..421.51 rows=105 width=125)
	  Recheck Cond: ((k >= 1804304) AND (k <= 1804404))
	  ->  Bitmap Index Scan on k_5  (cost=0.00..5.48 rows=105 width=0)
	        Index Cond: ((k >= 1804304) AND (k <= 1804404))

table 6 : explain SELECT k, c FROM sbtest6 WHERE k BETWEEN 1804304 AND 1804404
	Bitmap Heap Scan on sbtest6  (cost=5.45..397.74 rows=99 width=125)
	  Recheck Cond: ((k >= 1804304) AND (k <= 1804404))
	  ->  Bitmap Index Scan on k_6  (cost=0.00..5.42 rows=99 width=0)
	        Index Cond: ((k >= 1804304) AND (k <= 1804404))

table 7 : explain SELECT k, c FROM sbtest7 WHERE k BETWEEN 1804304 AND 1804404
	Bitmap Heap Scan on sbtest7  (cost=5.44..393.88 rows=98 width=125)
	  Recheck Cond: ((k >= 1804304) AND (k <= 1804404))
	  ->  Bitmap Index Scan on k_7  (cost=0.00..5.42 rows=98 width=0)
	        Index Cond: ((k >= 1804304) AND (k <= 1804404))

table 8 : explain SELECT k, c FROM sbtest8 WHERE k BETWEEN 1804304 AND 1804404
	Bitmap Heap Scan on sbtest8  (cost=5.50..417.48 rows=104 width=125)
	  Recheck Cond: ((k >= 1804304) AND (k <= 1804404))
	  ->  Bitmap Index Scan on k_8  (cost=0.00..5.47 rows=104 width=0)
	        Index Cond: ((k >= 1804304) AND (k <= 1804404))

explain: for range-notcovered :: explain SELECT k, c FROM sbtest%d WHERE k BETWEEN 7181028 AND 7181128
for range-notcovered
table 1 : explain SELECT k, c FROM sbtest1 WHERE k BETWEEN 7884776 AND 7884876
	Bitmap Heap Scan on sbtest1  (cost=5.35..358.15 rows=89 width=125)
	  Recheck Cond: ((k >= 7884776) AND (k <= 7884876))
	  ->  Bitmap Index Scan on k_1  (cost=0.00..5.32 rows=89 width=0)
	        Index Cond: ((k >= 7884776) AND (k <= 7884876))

table 2 : explain SELECT k, c FROM sbtest2 WHERE k BETWEEN 7884776 AND 7884876
	Bitmap Heap Scan on sbtest2  (cost=5.55..437.10 rows=109 width=125)
	  Recheck Cond: ((k >= 7884776) AND (k <= 7884876))
	  ->  Bitmap Index Scan on k_2  (cost=0.00..5.52 rows=109 width=0)
	        Index Cond: ((k >= 7884776) AND (k <= 7884876))

table 3 : explain SELECT k, c FROM sbtest3 WHERE k BETWEEN 7884776 AND 7884876
	Bitmap Heap Scan on sbtest3  (cost=5.49..413.46 rows=103 width=125)
	  Recheck Cond: ((k >= 7884776) AND (k <= 7884876))
	  ->  Bitmap Index Scan on k_3  (cost=0.00..5.46 rows=103 width=0)
	        Index Cond: ((k >= 7884776) AND (k <= 7884876))

table 4 : explain SELECT k, c FROM sbtest4 WHERE k BETWEEN 7884776 AND 7884876
	Bitmap Heap Scan on sbtest4  (cost=5.48..409.51 rows=102 width=125)
	  Recheck Cond: ((k >= 7884776) AND (k <= 7884876))
	  ->  Bitmap Index Scan on k_4  (cost=0.00..5.45 rows=102 width=0)
	        Index Cond: ((k >= 7884776) AND (k <= 7884876))

table 5 : explain SELECT k, c FROM sbtest5 WHERE k BETWEEN 7884776 AND 7884876
	Bitmap Heap Scan on sbtest5  (cost=5.58..449.12 rows=112 width=125)
	  Recheck Cond: ((k >= 7884776) AND (k <= 7884876))
	  ->  Bitmap Index Scan on k_5  (cost=0.00..5.55 rows=112 width=0)
	        Index Cond: ((k >= 7884776) AND (k <= 7884876))

table 6 : explain SELECT k, c FROM sbtest6 WHERE k BETWEEN 7884776 AND 7884876
	Bitmap Heap Scan on sbtest6  (cost=5.40..378.00 rows=94 width=125)
	  Recheck Cond: ((k >= 7884776) AND (k <= 7884876))
	  ->  Bitmap Index Scan on k_6  (cost=0.00..5.38 rows=94 width=0)
	        Index Cond: ((k >= 7884776) AND (k <= 7884876))

table 7 : explain SELECT k, c FROM sbtest7 WHERE k BETWEEN 7884776 AND 7884876
	Bitmap Heap Scan on sbtest7  (cost=5.51..421.51 rows=105 width=125)
	  Recheck Cond: ((k >= 7884776) AND (k <= 7884876))
	  ->  Bitmap Index Scan on k_7  (cost=0.00..5.48 rows=105 width=0)
	        Index Cond: ((k >= 7884776) AND (k <= 7884876))

table 8 : explain SELECT k, c FROM sbtest8 WHERE k BETWEEN 7884776 AND 7884876
	Bitmap Heap Scan on sbtest8  (cost=5.45..397.75 rows=99 width=125)
	  Recheck Cond: ((k >= 7884776) AND (k <= 7884876))
	  ->  Bitmap Index Scan on k_8  (cost=0.00..5.42 rows=99 width=0)
	        Index Cond: ((k >= 7884776) AND (k <= 7884876))


explain: for range-notcovered :: explain SELECT k, c FROM sbtest%d WHERE k BETWEEN 3932444 AND 3932544
explain: for range-notcovered :: explain SELECT k, c FROM sbtest%d WHERE k BETWEEN 5358538 AND 5358638
explain: for range-notcovered :: explain SELECT k, c FROM sbtest%d WHERE k BETWEEN 4198112 AND 4198212
explain: for range-notcovered :: explain SELECT k, c FROM sbtest%d WHERE k BETWEEN 7572654 AND 7572754
explain: for range-notcovered :: explain SELECT k, c FROM sbtest%d WHERE k BETWEEN 3553595 AND 3553695explain: for range-notcovered :: explain SELECT k, c FROM sbtest%d WHERE k BETWEEN 7884776 AND 7884876explain: for range-notcovered :: explain SELECT k, c FROM sbtest%d WHERE k BETWEEN 6091113 AND 6091213
for range-notcovered
table 1 : explain SELECT k, c FROM sbtest1 WHERE k BETWEEN 382864 AND 382964
	Bitmap Heap Scan on sbtest1  (cost=5.52..425.22 rows=106 width=125)
	  Recheck Cond: ((k >= 382864) AND (k <= 382964))
	  ->  Bitmap Index Scan on k_1  (cost=0.00..5.50 rows=106 width=0)
	        Index Cond: ((k >= 382864) AND (k <= 382964))

table 2 : explain SELECT k, c FROM sbtest2 WHERE k BETWEEN 382864 AND 382964
	Bitmap Heap Scan on sbtest2  (cost=5.48..409.50 rows=102 width=125)
	  Recheck Cond: ((k >= 382864) AND (k <= 382964))
	  ->  Bitmap Index Scan on k_2  (cost=0.00..5.45 rows=102 width=0)
	        Index Cond: ((k >= 382864) AND (k <= 382964))

table 3 : explain SELECT k, c FROM sbtest3 WHERE k BETWEEN 382864 AND 382964
	Bitmap Heap Scan on sbtest3  (cost=5.45..397.68 rows=99 width=125)
	  Recheck Cond: ((k >= 382864) AND (k <= 382964))
	  ->  Bitmap Index Scan on k_3  (cost=0.00..5.42 rows=99 width=0)
	        Index Cond: ((k >= 382864) AND (k <= 382964))

table 4 : explain SELECT k, c FROM sbtest4 WHERE k BETWEEN 382864 AND 382964
	Bitmap Heap Scan on sbtest4  (cost=5.48..409.51 rows=102 width=125)
	  Recheck Cond: ((k >= 382864) AND (k <= 382964))
	  ->  Bitmap Index Scan on k_4  (cost=0.00..5.45 rows=102 width=0)
	        Index Cond: ((k >= 382864) AND (k <= 382964))

table 5 : explain SELECT k, c FROM sbtest5 WHERE k BETWEEN 382864 AND 382964
	Bitmap Heap Scan on sbtest5  (cost=5.42..385.98 rows=96 width=125)
	  Recheck Cond: ((k >= 382864) AND (k <= 382964))
	  ->  Bitmap Index Scan on k_5  (cost=0.00..5.39 rows=96 width=0)
	        Index Cond: ((k >= 382864) AND (k <= 382964))

table 6 : explain SELECT k, c FROM sbtest6 WHERE k BETWEEN 382864 AND 382964
	Bitmap Heap Scan on sbtest6  (cost=5.41..381.95 rows=95 width=125)
	  Recheck Cond: ((k >= 382864) AND (k <= 382964))
	  ->  Bitmap Index Scan on k_6  (cost=0.00..5.38 rows=95 width=0)
	        Index Cond: ((k >= 382864) AND (k <= 382964))

table 7 : explain SELECT k, c FROM sbtest7 WHERE k BETWEEN 382864 AND 382964
	Bitmap Heap Scan on sbtest7  (cost=5.45..397.83 rows=99 width=125)
	  Recheck Cond: ((k >= 382864) AND (k <= 382964))
	  ->  Bitmap Index Scan on k_7  (cost=0.00..5.42 rows=99 width=0)
	        Index Cond: ((k >= 382864) AND (k <= 382964))

table 8 : explain SELECT k, c FROM sbtest8 WHERE k BETWEEN 382864 AND 382964
	Bitmap Heap Scan on sbtest8  (cost=5.36..362.21 rows=90 width=125)
	  Recheck Cond: ((k >= 382864) AND (k <= 382964))
	  ->  Bitmap Index Scan on k_8  (cost=0.00..5.33 rows=90 width=0)
	        Index Cond: ((k >= 382864) AND (k <= 382964))



for range-notcovered
table 1 : explain SELECT k, c FROM sbtest1 WHERE k BETWEEN 1661505 AND 1661605
	Bitmap Heap Scan on sbtest1  (cost=5.49..413.39 rows=103 width=125)
	  Recheck Cond: ((k >= 1661505) AND (k <= 1661605))
	  ->  Bitmap Index Scan on k_1  (cost=0.00..5.46 rows=103 width=0)
	        Index Cond: ((k >= 1661505) AND (k <= 1661605))

table 2 : explain SELECT k, c FROM sbtest2 WHERE k BETWEEN 1661505 AND 1661605
	Bitmap Heap Scan on sbtest2  (cost=5.45..397.66 rows=99 width=125)
	  Recheck Cond: ((k >= 1661505) AND (k <= 1661605))
	  ->  Bitmap Index Scan on k_2  (cost=0.00..5.42 rows=99 width=0)
	        Index Cond: ((k >= 1661505) AND (k <= 1661605))

table 3 : explain SELECT k, c FROM sbtest3 WHERE k BETWEEN 1661505 AND 1661605
	Bitmap Heap Scan on sbtest3  (cost=5.44..393.74 rows=98 width=125)
	  Recheck Cond: ((k >= 1661505) AND (k <= 1661605))
	  ->  Bitmap Index Scan on k_3  (cost=0.00..5.42 rows=98 width=0)
	        Index Cond: ((k >= 1661505) AND (k <= 1661605))

table 4 : explain SELECT k, c FROM sbtest4 WHERE k BETWEEN 1661505 AND 1661605
	Bitmap Heap Scan on sbtest4  (cost=5.48..409.51 rows=102 width=125)
	  Recheck Cond: ((k >= 1661505) AND (k <= 1661605))
	  ->  Bitmap Index Scan on k_4  (cost=0.00..5.45 rows=102 width=0)
	        Index Cond: ((k >= 1661505) AND (k <= 1661605))

table 5 : explain SELECT k, c FROM sbtest5 WHERE k BETWEEN 1661505 AND 1661605
	Bitmap Heap Scan on sbtest5  (cost=5.57..445.18 rows=111 width=125)
	  Recheck Cond: ((k >= 1661505) AND (k <= 1661605))
	  ->  Bitmap Index Scan on k_5  (cost=0.00..5.54 rows=111 width=0)
	        Index Cond: ((k >= 1661505) AND (k <= 1661605))

table 6 : explain SELECT k, c FROM sbtest6 WHERE k BETWEEN 1661505 AND 1661605
	Bitmap Heap Scan on sbtest6  (cost=5.49..413.52 rows=103 width=125)
	  Recheck Cond: ((k >= 1661505) AND (k <= 1661605))
	  ->  Bitmap Index Scan on k_6  (cost=0.00..5.46 rows=103 width=0)
	        Index Cond: ((k >= 1661505) AND (k <= 1661605))

table 7 : explain SELECT k, c FROM sbtest7 WHERE k BETWEEN 1661505 AND 1661605
	Bitmap Heap Scan on sbtest7  (cost=5.46..401.78 rows=100 width=125)
	  Recheck Cond: ((k >= 1661505) AND (k <= 1661605))
	  ->  Bitmap Index Scan on k_7  (cost=0.00..5.43 rows=100 width=0)
	        Index Cond: ((k >= 1661505) AND (k <= 1661605))

table 8 : explain SELECT k, c FROM sbtest8 WHERE k BETWEEN 1661505 AND 1661605
	Bitmap Heap Scan on sbtest8  (cost=5.49..413.54 rows=103 width=125)
	  Recheck Cond: ((k >= 1661505) AND (k <= 1661605))
	  ->  Bitmap Index Scan on k_8  (cost=0.00..5.46 rows=103 width=0)
	        Index Cond: ((k >= 1661505) AND (k <= 1661605))

explain: for range-notcovered :: explain SELECT k, c FROM sbtest%d WHERE k BETWEEN 382864 AND 382964
for range-notcovered
table 1 : explain SELECT k, c FROM sbtest1 WHERE k BETWEEN 3679004 AND 3679104
	Bitmap Heap Scan on sbtest1  (cost=5.45..397.62 rows=99 width=125)
	  Recheck Cond: ((k >= 3679004) AND (k <= 3679104))
	  ->  Bitmap Index Scan on k_1  (cost=0.00..5.42 rows=99 width=0)
	        Index Cond: ((k >= 3679004) AND (k <= 3679104))

table 2 : explain SELECT k, c FROM sbtest2 WHERE k BETWEEN 3679004 AND 3679104
	Bitmap Heap Scan on sbtest2  (cost=5.51..421.33 rows=105 width=125)
	  Recheck Cond: ((k >= 3679004) AND (k <= 3679104))
	  ->  Bitmap Index Scan on k_2  (cost=0.00..5.48 rows=105 width=0)
	        Index Cond: ((k >= 3679004) AND (k <= 3679104))

table 3 : explain SELECT k, c FROM sbtest3 WHERE k BETWEEN 3679004 AND 3679104
	Bitmap Heap Scan on sbtest3  (cost=5.44..393.74 rows=98 width=125)
	  Recheck Cond: ((k >= 3679004) AND (k <= 3679104))
	  ->  Bitmap Index Scan on k_3  (cost=0.00..5.42 rows=98 width=0)
	        Index Cond: ((k >= 3679004) AND (k <= 3679104))

table 4 : explain SELECT k, c FROM sbtest4 WHERE k BETWEEN 3679004 AND 3679104
	Bitmap Heap Scan on sbtest4  (cost=5.55..437.12 rows=109 width=125)
	  Recheck Cond: ((k >= 3679004) AND (k <= 3679104))
	  ->  Bitmap Index Scan on k_4  (cost=0.00..5.52 rows=109 width=0)
	        Index Cond: ((k >= 3679004) AND (k <= 3679104))

table 5 : explain SELECT k, c FROM sbtest5 WHERE k BETWEEN 3679004 AND 3679104
	Bitmap Heap Scan on sbtest5  (cost=5.46..401.78 rows=100 width=125)
	  Recheck Cond: ((k >= 3679004) AND (k <= 3679104))
	  ->  Bitmap Index Scan on k_5  (cost=0.00..5.43 rows=100 width=0)
	        Index Cond: ((k >= 3679004) AND (k <= 3679104))

table 6 : explain SELECT k, c FROM sbtest6 WHERE k BETWEEN 3679004 AND 3679104
	Bitmap Heap Scan on sbtest6  (cost=5.49..413.52 rows=103 width=125)
	  Recheck Cond: ((k >= 3679004) AND (k <= 3679104))
	  ->  Bitmap Index Scan on k_6  (cost=0.00..5.46 rows=103 width=0)
	        Index Cond: ((k >= 3679004) AND (k <= 3679104))

table 7 : explain SELECT k, c FROM sbtest7 WHERE k BETWEEN 3679004 AND 3679104
	Bitmap Heap Scan on sbtest7  (cost=5.56..441.23 rows=110 width=125)
	  Recheck Cond: ((k >= 3679004) AND (k <= 3679104))
	  ->  Bitmap Index Scan on k_7  (cost=0.00..5.53 rows=110 width=0)
	        Index Cond: ((k >= 3679004) AND (k <= 3679104))

table 8 : explain SELECT k, c FROM sbtest8 WHERE k BETWEEN 3679004 AND 3679104
	Bitmap Heap Scan on sbtest8  (cost=5.45..397.75 rows=99 width=125)
	  Recheck Cond: ((k >= 3679004) AND (k <= 3679104))
	  ->  Bitmap Index Scan on k_8  (cost=0.00..5.42 rows=99 width=0)
	        Index Cond: ((k >= 3679004) AND (k <= 3679104))

for range-notcovered
table 1 : explain SELECT k, c FROM sbtest1 WHERE k BETWEEN 2149693 AND 2149793
	Bitmap Heap Scan on sbtest1  (cost=5.44..393.67 rows=98 width=125)
	  Recheck Cond: ((k >= 2149693) AND (k <= 2149793))
	  ->  Bitmap Index Scan on k_1  (cost=0.00..5.42 rows=98 width=0)
	        Index Cond: ((k >= 2149693) AND (k <= 2149793))

table 2 : explain SELECT k, c FROM sbtest2 WHERE k BETWEEN 2149693 AND 2149793
	Bitmap Heap Scan on sbtest2  (cost=5.51..421.33 rows=105 width=125)
	  Recheck Cond: ((k >= 2149693) AND (k <= 2149793))
	  ->  Bitmap Index Scan on k_2  (cost=0.00..5.48 rows=105 width=0)
	        Index Cond: ((k >= 2149693) AND (k <= 2149793))

table 3 : explain SELECT k, c FROM sbtest3 WHERE k BETWEEN 2149693 AND 2149793
	Bitmap Heap Scan on sbtest3  (cost=5.41..381.90 rows=95 width=125)
	  Recheck Cond: ((k >= 2149693) AND (k <= 2149793))
	  ->  Bitmap Index Scan on k_3  (cost=0.00..5.38 rows=95 width=0)
	        Index Cond: ((k >= 2149693) AND (k <= 2149793))

table 4 : explain SELECT k, c FROM sbtest4 WHERE k BETWEEN 2149693 AND 2149793
	Bitmap Heap Scan on sbtest4  (cost=5.50..417.40 rows=104 width=125)
	  Recheck Cond: ((k >= 2149693) AND (k <= 2149793))
	  ->  Bitmap Index Scan on k_4  (cost=0.00..5.47 rows=104 width=0)
	        Index Cond: ((k >= 2149693) AND (k <= 2149793))

table 5 : explain SELECT k, c FROM sbtest5 WHERE k BETWEEN 2149693 AND 2149793
	Bitmap Heap Scan on sbtest5  (cost=5.55..437.29 rows=109 width=125)
	  Recheck Cond: ((k >= 2149693) AND (k <= 2149793))
	  ->  Bitmap Index Scan on k_5  (cost=0.00..5.52 rows=109 width=0)
	        Index Cond: ((k >= 2149693) AND (k <= 2149793))

table 6 : explain SELECT k, c FROM sbtest6 WHERE k BETWEEN 2149693 AND 2149793
	Bitmap Heap Scan on sbtest6  (cost=5.46..401.69 rows=100 width=125)
	  Recheck Cond: ((k >= 2149693) AND (k <= 2149793))
	  ->  Bitmap Index Scan on k_6  (cost=0.00..5.43 rows=100 width=0)
	        Index Cond: ((k >= 2149693) AND (k <= 2149793))

table 7 : explain SELECT k, c FROM sbtest7 WHERE k BETWEEN 2149693 AND 2149793
	Bitmap Heap Scan on sbtest7  (cost=5.45..397.83 rows=99 width=125)
	  Recheck Cond: ((k >= 2149693) AND (k <= 2149793))
	  ->  Bitmap Index Scan on k_7  (cost=0.00..5.42 rows=99 width=0)
	        Index Cond: ((k >= 2149693) AND (k <= 2149793))

table 8 : explain SELECT k, c FROM sbtest8 WHERE k BETWEEN 2149693 AND 2149793
	Bitmap Heap Scan on sbtest8  (cost=5.51..421.42 rows=105 width=125)
	  Recheck Cond: ((k >= 2149693) AND (k <= 2149793))
	  ->  Bitmap Index Scan on k_8  (cost=0.00..5.48 rows=105 width=0)
	        Index Cond: ((k >= 2149693) AND (k <= 2149793))

for range-notcovered
table 1 : explain SELECT k, c FROM sbtest1 WHERE k BETWEEN 4648538 AND 4648638
	Bitmap Heap Scan on sbtest1  (cost=5.49..413.39 rows=103 width=125)
	  Recheck Cond: ((k >= 4648538) AND (k <= 4648638))
	  ->  Bitmap Index Scan on k_1  (cost=0.00..5.46 rows=103 width=0)
	        Index Cond: ((k >= 4648538) AND (k <= 4648638))

table 2 : explain SELECT k, c FROM sbtest2 WHERE k BETWEEN 4648538 AND 4648638
	Bitmap Heap Scan on sbtest2  (cost=5.51..421.33 rows=105 width=125)
	  Recheck Cond: ((k >= 4648538) AND (k <= 4648638))
	  ->  Bitmap Index Scan on k_2  (cost=0.00..5.48 rows=105 width=0)
	        Index Cond: ((k >= 4648538) AND (k <= 4648638))

table 3 : explain SELECT k, c FROM sbtest3 WHERE k BETWEEN 4648538 AND 4648638
	Bitmap Heap Scan on sbtest3  (cost=5.50..417.40 rows=104 width=125)
	  Recheck Cond: ((k >= 4648538) AND (k <= 4648638))
	  ->  Bitmap Index Scan on k_3  (cost=0.00..5.47 rows=104 width=0)
	        Index Cond: ((k >= 4648538) AND (k <= 4648638))

table 4 : explain SELECT k, c FROM sbtest4 WHERE k BETWEEN 4648538 AND 4648638
	Bitmap Heap Scan on sbtest4  (cost=5.48..409.51 rows=102 width=125)
	  Recheck Cond: ((k >= 4648538) AND (k <= 4648638))
	  ->  Bitmap Index Scan on k_4  (cost=0.00..5.45 rows=102 width=0)
	        Index Cond: ((k >= 4648538) AND (k <= 4648638))

table 5 : explain SELECT k, c FROM sbtest5 WHERE k BETWEEN 4648538 AND 4648638
	Bitmap Heap Scan on sbtest5  (cost=5.46..401.78 rows=100 width=125)
	  Recheck Cond: ((k >= 4648538) AND (k <= 4648638))
	  ->  Bitmap Index Scan on k_5  (cost=0.00..5.43 rows=100 width=0)
	        Index Cond: ((k >= 4648538) AND (k <= 4648638))

table 6 : explain SELECT k, c FROM sbtest6 WHERE k BETWEEN 4648538 AND 4648638
	Bitmap Heap Scan on sbtest6  (cost=5.55..437.19 rows=109 width=125)
	  Recheck Cond: ((k >= 4648538) AND (k <= 4648638))
	  ->  Bitmap Index Scan on k_6  (cost=0.00..5.52 rows=109 width=0)
	        Index Cond: ((k >= 4648538) AND (k <= 4648638))

table 7 : explain SELECT k, c FROM sbtest7 WHERE k BETWEEN 4648538 AND 4648638
	Bitmap Heap Scan on sbtest7  (cost=5.57..445.18 rows=111 width=125)
	  Recheck Cond: ((k >= 4648538) AND (k <= 4648638))
	  ->  Bitmap Index Scan on k_7  (cost=0.00..5.54 rows=111 width=0)
	        Index Cond: ((k >= 4648538) AND (k <= 4648638))

table 8 : explain SELECT k, c FROM sbtest8 WHERE k BETWEEN 4648538 AND 4648638
	Bitmap Heap Scan on sbtest8  (cost=5.52..425.37 rows=106 width=125)
	  Recheck Cond: ((k >= 4648538) AND (k <= 4648638))
	  ->  Bitmap Index Scan on k_8  (cost=0.00..5.50 rows=106 width=0)
	        Index Cond: ((k >= 4648538) AND (k <= 4648638))

for range-notcovered
table 1 : explain SELECT k, c FROM sbtest1 WHERE k BETWEEN 1004812 AND 1004912
	Bitmap Heap Scan on sbtest1  (cost=5.49..413.39 rows=103 width=125)
	  Recheck Cond: ((k >= 1004812) AND (k <= 1004912))
	  ->  Bitmap Index Scan on k_1  (cost=0.00..5.46 rows=103 width=0)
	        Index Cond: ((k >= 1004812) AND (k <= 1004912))

table 2 : explain SELECT k, c FROM sbtest2 WHERE k BETWEEN 1004812 AND 1004912
	Bitmap Heap Scan on sbtest2  (cost=5.51..421.33 rows=105 width=125)
	  Recheck Cond: ((k >= 1004812) AND (k <= 1004912))
	  ->  Bitmap Index Scan on k_2  (cost=0.00..5.48 rows=105 width=0)
	        Index Cond: ((k >= 1004812) AND (k <= 1004912))

table 3 : explain SELECT k, c FROM sbtest3 WHERE k BETWEEN 1004812 AND 1004912
	Bitmap Heap Scan on sbtest3  (cost=5.49..413.46 rows=103 width=125)
	  Recheck Cond: ((k >= 1004812) AND (k <= 1004912))
	  ->  Bitmap Index Scan on k_3  (cost=0.00..5.46 rows=103 width=0)
	        Index Cond: ((k >= 1004812) AND (k <= 1004912))

table 4 : explain SELECT k, c FROM sbtest4 WHERE k BETWEEN 1004812 AND 1004912
	Bitmap Heap Scan on sbtest4  (cost=5.33..350.30 rows=87 width=125)
	  Recheck Cond: ((k >= 1004812) AND (k <= 1004912))
	  ->  Bitmap Index Scan on k_4  (cost=0.00..5.30 rows=87 width=0)
	        Index Cond: ((k >= 1004812) AND (k <= 1004912))

table 5 : explain SELECT k, c FROM sbtest5 WHERE k BETWEEN 1004812 AND 1004912
	Bitmap Heap Scan on sbtest5  (cost=5.50..417.56 rows=104 width=125)
	  Recheck Cond: ((k >= 1004812) AND (k <= 1004912))
	  ->  Bitmap Index Scan on k_5  (cost=0.00..5.47 rows=104 width=0)
	        Index Cond: ((k >= 1004812) AND (k <= 1004912))

table 6 : explain SELECT k, c FROM sbtest6 WHERE k BETWEEN 1004812 AND 1004912
	Bitmap Heap Scan on sbtest6  (cost=5.45..397.74 rows=99 width=125)
	  Recheck Cond: ((k >= 1004812) AND (k <= 1004912))
	  ->  Bitmap Index Scan on k_6  (cost=0.00..5.42 rows=99 width=0)
	        Index Cond: ((k >= 1004812) AND (k <= 1004912))

table 7 : explain SELECT k, c FROM sbtest7 WHERE k BETWEEN 1004812 AND 1004912
	Bitmap Heap Scan on sbtest7  (cost=5.37..366.23 rows=91 width=125)
	  Recheck Cond: ((k >= 1004812) AND (k <= 1004912))
	  ->  Bitmap Index Scan on k_7  (cost=0.00..5.34 rows=91 width=0)
	        Index Cond: ((k >= 1004812) AND (k <= 1004912))

table 8 : explain SELECT k, c FROM sbtest8 WHERE k BETWEEN 1004812 AND 1004912
	Bitmap Heap Scan on sbtest8  (cost=5.67..480.55 rows=120 width=125)
	  Recheck Cond: ((k >= 1004812) AND (k <= 1004912))
	  ->  Bitmap Index Scan on k_8  (cost=0.00..5.63 rows=120 width=0)
	        Index Cond: ((k >= 1004812) AND (k <= 1004912))

explain: for range-notcovered :: explain SELECT k, c FROM sbtest%d WHERE k BETWEEN 3679004 AND 3679104
for range-notcovered
table 1 : explain SELECT k, c FROM sbtest1 WHERE k BETWEEN 5364173 AND 5364273
	Bitmap Heap Scan on sbtest1  (cost=5.40..377.89 rows=94 width=125)
	  Recheck Cond: ((k >= 5364173) AND (k <= 5364273))
	  ->  Bitmap Index Scan on k_1  (cost=0.00..5.38 rows=94 width=0)
	        Index Cond: ((k >= 5364173) AND (k <= 5364273))

table 2 : explain SELECT k, c FROM sbtest2 WHERE k BETWEEN 5364173 AND 5364273
	Bitmap Heap Scan on sbtest2  (cost=5.52..425.27 rows=106 width=125)
	  Recheck Cond: ((k >= 5364173) AND (k <= 5364273))
	  ->  Bitmap Index Scan on k_2  (cost=0.00..5.50 rows=106 width=0)
	        Index Cond: ((k >= 5364173) AND (k <= 5364273))

table 3 : explain SELECT k, c FROM sbtest3 WHERE k BETWEEN 5364173 AND 5364273
	Bitmap Heap Scan on sbtest3  (cost=5.43..389.79 rows=97 width=125)
	  Recheck Cond: ((k >= 5364173) AND (k <= 5364273))
	  ->  Bitmap Index Scan on k_3  (cost=0.00..5.40 rows=97 width=0)
	        Index Cond: ((k >= 5364173) AND (k <= 5364273))

table 4 : explain SELECT k, c FROM sbtest4 WHERE k BETWEEN 5364173 AND 5364273
	Bitmap Heap Scan on sbtest4  (cost=5.53..429.23 rows=107 width=125)
	  Recheck Cond: ((k >= 5364173) AND (k <= 5364273))
	  ->  Bitmap Index Scan on k_4  (cost=0.00..5.50 rows=107 width=0)
	        Index Cond: ((k >= 5364173) AND (k <= 5364273))

table 5 : explain SELECT k, c FROM sbtest5 WHERE k BETWEEN 5364173 AND 5364273
	Bitmap Heap Scan on sbtest5  (cost=5.38..370.18 rows=92 width=125)
	  Recheck Cond: ((k >= 5364173) AND (k <= 5364273))
	  ->  Bitmap Index Scan on k_5  (cost=0.00..5.35 rows=92 width=0)
	        Index Cond: ((k >= 5364173) AND (k <= 5364273))

table 6 : explain SELECT k, c FROM sbtest6 WHERE k BETWEEN 5364173 AND 5364273
	Bitmap Heap Scan on sbtest6  (cost=5.46..401.69 rows=100 width=125)
	  Recheck Cond: ((k >= 5364173) AND (k <= 5364273))
	  ->  Bitmap Index Scan on k_6  (cost=0.00..5.43 rows=100 width=0)
	        Index Cond: ((k >= 5364173) AND (k <= 5364273))

table 7 : explain SELECT k, c FROM sbtest7 WHERE k BETWEEN 5364173 AND 5364273
	Bitmap Heap Scan on sbtest7  (cost=5.54..433.35 rows=108 width=125)
	  Recheck Cond: ((k >= 5364173) AND (k <= 5364273))
	  ->  Bitmap Index Scan on k_7  (cost=0.00..5.51 rows=108 width=0)
	        Index Cond: ((k >= 5364173) AND (k <= 5364273))

table 8 : explain SELECT k, c FROM sbtest8 WHERE k BETWEEN 5364173 AND 5364273
	Bitmap Heap Scan on sbtest8  (cost=5.54..433.26 rows=108 width=125)
	  Recheck Cond: ((k >= 5364173) AND (k <= 5364273))
	  ->  Bitmap Index Scan on k_8  (cost=0.00..5.51 rows=108 width=0)
	        Index Cond: ((k >= 5364173) AND (k <= 5364273))

for range-notcovered
table 1 : explain SELECT k, c FROM sbtest1 WHERE k BETWEEN 495695 AND 495795
	Bitmap Heap Scan on sbtest1  (cost=5.49..413.39 rows=103 width=125)
	  Recheck Cond: ((k >= 495695) AND (k <= 495795))
	  ->  Bitmap Index Scan on k_1  (cost=0.00..5.46 rows=103 width=0)
	        Index Cond: ((k >= 495695) AND (k <= 495795))

table 2 : explain SELECT k, c FROM sbtest2 WHERE k BETWEEN 495695 AND 495795
	Bitmap Heap Scan on sbtest2  (cost=5.48..409.50 rows=102 width=125)
	  Recheck Cond: ((k >= 495695) AND (k <= 495795))
	  ->  Bitmap Index Scan on k_2  (cost=0.00..5.45 rows=102 width=0)
	        Index Cond: ((k >= 495695) AND (k <= 495795))

table 3 : explain SELECT k, c FROM sbtest3 WHERE k BETWEEN 495695 AND 495795
	Bitmap Heap Scan on sbtest3  (cost=5.49..413.46 rows=103 width=125)
	  Recheck Cond: ((k >= 495695) AND (k <= 495795))
	  ->  Bitmap Index Scan on k_3  (cost=0.00..5.46 rows=103 width=0)
	        Index Cond: ((k >= 495695) AND (k <= 495795))

table 4 : explain SELECT k, c FROM sbtest4 WHERE k BETWEEN 495695 AND 495795
	Bitmap Heap Scan on sbtest4  (cost=5.47..405.57 rows=101 width=125)
	  Recheck Cond: ((k >= 495695) AND (k <= 495795))
	  ->  Bitmap Index Scan on k_4  (cost=0.00..5.44 rows=101 width=0)
	        Index Cond: ((k >= 495695) AND (k <= 495795))

table 5 : explain SELECT k, c FROM sbtest5 WHERE k BETWEEN 495695 AND 495795
	Bitmap Heap Scan on sbtest5  (cost=5.44..393.88 rows=98 width=125)
	  Recheck Cond: ((k >= 495695) AND (k <= 495795))
	  ->  Bitmap Index Scan on k_5  (cost=0.00..5.42 rows=98 width=0)
	        Index Cond: ((k >= 495695) AND (k <= 495795))

table 6 : explain SELECT k, c FROM sbtest6 WHERE k BETWEEN 495695 AND 495795
	Bitmap Heap Scan on sbtest6  (cost=5.47..405.63 rows=101 width=125)
	  Recheck Cond: ((k >= 495695) AND (k <= 495795))
	  ->  Bitmap Index Scan on k_6  (cost=0.00..5.44 rows=101 width=0)
	        Index Cond: ((k >= 495695) AND (k <= 495795))

table 7 : explain SELECT k, c FROM sbtest7 WHERE k BETWEEN 495695 AND 495795
	Bitmap Heap Scan on sbtest7  (cost=5.42..385.98 rows=96 width=125)
	  Recheck Cond: ((k >= 495695) AND (k <= 495795))
	  ->  Bitmap Index Scan on k_7  (cost=0.00..5.39 rows=96 width=0)
	        Index Cond: ((k >= 495695) AND (k <= 495795))

table 8 : explain SELECT k, c FROM sbtest8 WHERE k BETWEEN 495695 AND 495795
	Bitmap Heap Scan on sbtest8  (cost=5.35..358.26 rows=89 width=125)
	  Recheck Cond: ((k >= 495695) AND (k <= 495795))
	  ->  Bitmap Index Scan on k_8  (cost=0.00..5.32 rows=89 width=0)
	        Index Cond: ((k >= 495695) AND (k <= 495795))

explain: for range-notcovered :: explain SELECT k, c FROM sbtest%d WHERE k BETWEEN 1804304 AND 1804404explain: for range-notcovered :: explain SELECT k, c FROM sbtest%d WHERE k BETWEEN 1004812 AND 1004912

explain: for range-notcovered :: explain SELECT k, c FROM sbtest%d WHERE k BETWEEN 2149693 AND 2149793
explain: for range-notcovered :: explain SELECT k, c FROM sbtest%d WHERE k BETWEEN 5364173 AND 5364273
explain: for range-notcovered :: explain SELECT k, c FROM sbtest%d WHERE k BETWEEN 495695 AND 495795
for range-notcovered
table 1 : explain SELECT k, c FROM sbtest1 WHERE k BETWEEN 7181028 AND 7181128
	Bitmap Heap Scan on sbtest1  (cost=5.43..389.73 rows=97 width=125)
	  Recheck Cond: ((k >= 7181028) AND (k <= 7181128))
	  ->  Bitmap Index Scan on k_1  (cost=0.00..5.40 rows=97 width=0)
	        Index Cond: ((k >= 7181028) AND (k <= 7181128))

table 2 : explain SELECT k, c FROM sbtest2 WHERE k BETWEEN 7181028 AND 7181128
	Bitmap Heap Scan on sbtest2  (cost=5.39..373.98 rows=93 width=125)
	  Recheck Cond: ((k >= 7181028) AND (k <= 7181128))
	  ->  Bitmap Index Scan on k_2  (cost=0.00..5.36 rows=93 width=0)
	        Index Cond: ((k >= 7181028) AND (k <= 7181128))

table 3 : explain SELECT k, c FROM sbtest3 WHERE k BETWEEN 7181028 AND 7181128
	Bitmap Heap Scan on sbtest3  (cost=5.53..429.23 rows=107 width=125)
	  Recheck Cond: ((k >= 7181028) AND (k <= 7181128))
	  ->  Bitmap Index Scan on k_3  (cost=0.00..5.50 rows=107 width=0)
	        Index Cond: ((k >= 7181028) AND (k <= 7181128))

table 4 : explain SELECT k, c FROM sbtest4 WHERE k BETWEEN 7181028 AND 7181128
	Bitmap Heap Scan on sbtest4  (cost=5.40..377.95 rows=94 width=125)
	  Recheck Cond: ((k >= 7181028) AND (k <= 7181128))
	  ->  Bitmap Index Scan on k_4  (cost=0.00..5.38 rows=94 width=0)
	        Index Cond: ((k >= 7181028) AND (k <= 7181128))

table 5 : explain SELECT k, c FROM sbtest5 WHERE k BETWEEN 7181028 AND 7181128
	Bitmap Heap Scan on sbtest5  (cost=5.46..401.78 rows=100 width=125)
	  Recheck Cond: ((k >= 7181028) AND (k <= 7181128))
	  ->  Bitmap Index Scan on k_5  (cost=0.00..5.43 rows=100 width=0)
	        Index Cond: ((k >= 7181028) AND (k <= 7181128))

table 6 : explain SELECT k, c FROM sbtest6 WHERE k BETWEEN 7181028 AND 7181128
	Bitmap Heap Scan on sbtest6  (cost=5.49..413.52 rows=103 width=125)
	  Recheck Cond: ((k >= 7181028) AND (k <= 7181128))
	  ->  Bitmap Index Scan on k_6  (cost=0.00..5.46 rows=103 width=0)
	        Index Cond: ((k >= 7181028) AND (k <= 7181128))

table 7 : explain SELECT k, c FROM sbtest7 WHERE k BETWEEN 7181028 AND 7181128
	Bitmap Heap Scan on sbtest7  (cost=5.54..433.35 rows=108 width=125)
	  Recheck Cond: ((k >= 7181028) AND (k <= 7181128))
	  ->  Bitmap Index Scan on k_7  (cost=0.00..5.51 rows=108 width=0)
	        Index Cond: ((k >= 7181028) AND (k <= 7181128))

table 8 : explain SELECT k, c FROM sbtest8 WHERE k BETWEEN 7181028 AND 7181128
	Bitmap Heap Scan on sbtest8  (cost=5.51..421.42 rows=105 width=125)
	  Recheck Cond: ((k >= 7181028) AND (k <= 7181128))
	  ->  Bitmap Index Scan on k_8  (cost=0.00..5.48 rows=105 width=0)
	        Index Cond: ((k >= 7181028) AND (k <= 7181128))

explain: for range-notcovered :: explain SELECT k, c FROM sbtest%d WHERE k BETWEEN 7181028 AND 7181128
for range-notcovered
table 1 : explain SELECT k, c FROM sbtest1 WHERE k BETWEEN 4995921 AND 4996021
	Bitmap Heap Scan on sbtest1  (cost=5.46..401.56 rows=100 width=125)
	  Recheck Cond: ((k >= 4995921) AND (k <= 4996021))
	  ->  Bitmap Index Scan on k_1  (cost=0.00..5.43 rows=100 width=0)
	        Index Cond: ((k >= 4995921) AND (k <= 4996021))

table 2 : explain SELECT k, c FROM sbtest2 WHERE k BETWEEN 4995921 AND 4996021
	Bitmap Heap Scan on sbtest2  (cost=5.46..401.61 rows=100 width=125)
	  Recheck Cond: ((k >= 4995921) AND (k <= 4996021))
	  ->  Bitmap Index Scan on k_2  (cost=0.00..5.43 rows=100 width=0)
	        Index Cond: ((k >= 4995921) AND (k <= 4996021))

table 3 : explain SELECT k, c FROM sbtest3 WHERE k BETWEEN 4995921 AND 4996021
	Bitmap Heap Scan on sbtest3  (cost=5.62..464.70 rows=116 width=125)
	  Recheck Cond: ((k >= 4995921) AND (k <= 4996021))
	  ->  Bitmap Index Scan on k_3  (cost=0.00..5.59 rows=116 width=0)
	        Index Cond: ((k >= 4995921) AND (k <= 4996021))

table 4 : explain SELECT k, c FROM sbtest4 WHERE k BETWEEN 4995921 AND 4996021
	Bitmap Heap Scan on sbtest4  (cost=5.44..393.73 rows=98 width=125)
	  Recheck Cond: ((k >= 4995921) AND (k <= 4996021))
	  ->  Bitmap Index Scan on k_4  (cost=0.00..5.42 rows=98 width=0)
	        Index Cond: ((k >= 4995921) AND (k <= 4996021))

table 5 : explain SELECT k, c FROM sbtest5 WHERE k BETWEEN 4995921 AND 4996021
	Bitmap Heap Scan on sbtest5  (cost=5.38..370.18 rows=92 width=125)
	  Recheck Cond: ((k >= 4995921) AND (k <= 4996021))
	  ->  Bitmap Index Scan on k_5  (cost=0.00..5.35 rows=92 width=0)
	        Index Cond: ((k >= 4995921) AND (k <= 4996021))

table 6 : explain SELECT k, c FROM sbtest6 WHERE k BETWEEN 4995921 AND 4996021
	Bitmap Heap Scan on sbtest6  (cost=5.51..421.41 rows=105 width=125)
	  Recheck Cond: ((k >= 4995921) AND (k <= 4996021))
	  ->  Bitmap Index Scan on k_6  (cost=0.00..5.48 rows=105 width=0)
	        Index Cond: ((k >= 4995921) AND (k <= 4996021))

table 7 : explain SELECT k, c FROM sbtest7 WHERE k BETWEEN 4995921 AND 4996021
	Bitmap Heap Scan on sbtest7  (cost=5.46..401.78 rows=100 width=125)
	  Recheck Cond: ((k >= 4995921) AND (k <= 4996021))
	  ->  Bitmap Index Scan on k_7  (cost=0.00..5.43 rows=100 width=0)
	        Index Cond: ((k >= 4995921) AND (k <= 4996021))

table 8 : explain SELECT k, c FROM sbtest8 WHERE k BETWEEN 4995921 AND 4996021
	Bitmap Heap Scan on sbtest8  (cost=5.42..385.91 rows=96 width=125)
	  Recheck Cond: ((k >= 4995921) AND (k <= 4996021))
	  ->  Bitmap Index Scan on k_8  (cost=0.00..5.39 rows=96 width=0)
	        Index Cond: ((k >= 4995921) AND (k <= 4996021))

for range-notcovered
table 1 : explain SELECT k, c FROM sbtest1 WHERE k BETWEEN 6091113 AND 6091213
	Bitmap Heap Scan on sbtest1  (cost=5.50..417.34 rows=104 width=125)
	  Recheck Cond: ((k >= 6091113) AND (k <= 6091213))
	  ->  Bitmap Index Scan on k_1  (cost=0.00..5.47 rows=104 width=0)
	        Index Cond: ((k >= 6091113) AND (k <= 6091213))

table 2 : explain SELECT k, c FROM sbtest2 WHERE k BETWEEN 6091113 AND 6091213
	Bitmap Heap Scan on sbtest2  (cost=5.53..429.21 rows=107 width=125)
	  Recheck Cond: ((k >= 6091113) AND (k <= 6091213))
	  ->  Bitmap Index Scan on k_2  (cost=0.00..5.50 rows=107 width=0)
	        Index Cond: ((k >= 6091113) AND (k <= 6091213))

table 3 : explain SELECT k, c FROM sbtest3 WHERE k BETWEEN 6091113 AND 6091213
	Bitmap Heap Scan on sbtest3  (cost=5.40..377.95 rows=94 width=125)
	  Recheck Cond: ((k >= 6091113) AND (k <= 6091213))
	  ->  Bitmap Index Scan on k_3  (cost=0.00..5.38 rows=94 width=0)
	        Index Cond: ((k >= 6091113) AND (k <= 6091213))

table 4 : explain SELECT k, c FROM sbtest4 WHERE k BETWEEN 6091113 AND 6091213
	Bitmap Heap Scan on sbtest4  (cost=5.47..405.57 rows=101 width=125)
	  Recheck Cond: ((k >= 6091113) AND (k <= 6091213))
	  ->  Bitmap Index Scan on k_4  (cost=0.00..5.44 rows=101 width=0)
	        Index Cond: ((k >= 6091113) AND (k <= 6091213))

table 5 : explain SELECT k, c FROM sbtest5 WHERE k BETWEEN 6091113 AND 6091213
	Bitmap Heap Scan on sbtest5  (cost=5.43..389.93 rows=97 width=125)
	  Recheck Cond: ((k >= 6091113) AND (k <= 6091213))
	  ->  Bitmap Index Scan on k_5  (cost=0.00..5.40 rows=97 width=0)
	        Index Cond: ((k >= 6091113) AND (k <= 6091213))

table 6 : explain SELECT k, c FROM sbtest6 WHERE k BETWEEN 6091113 AND 6091213
	Bitmap Heap Scan on sbtest6  (cost=5.44..393.79 rows=98 width=125)
	  Recheck Cond: ((k >= 6091113) AND (k <= 6091213))
	  ->  Bitmap Index Scan on k_6  (cost=0.00..5.42 rows=98 width=0)
	        Index Cond: ((k >= 6091113) AND (k <= 6091213))

table 7 : explain SELECT k, c FROM sbtest7 WHERE k BETWEEN 6091113 AND 6091213
	Bitmap Heap Scan on sbtest7  (cost=5.49..413.62 rows=103 width=125)
	  Recheck Cond: ((k >= 6091113) AND (k <= 6091213))
	  ->  Bitmap Index Scan on k_7  (cost=0.00..5.46 rows=103 width=0)
	        Index Cond: ((k >= 6091113) AND (k <= 6091213))

table 8 : explain SELECT k, c FROM sbtest8 WHERE k BETWEEN 6091113 AND 6091213
	Bitmap Heap Scan on sbtest8  (cost=5.54..433.26 rows=108 width=125)
	  Recheck Cond: ((k >= 6091113) AND (k <= 6091213))
	  ->  Bitmap Index Scan on k_8  (cost=0.00..5.51 rows=108 width=0)
	        Index Cond: ((k >= 6091113) AND (k <= 6091213))

for range-notcovered
table 1 : explain SELECT k, c FROM sbtest1 WHERE k BETWEEN 4467670 AND 4467770
	Bitmap Heap Scan on sbtest1  (cost=5.47..405.51 rows=101 width=125)
	  Recheck Cond: ((k >= 4467670) AND (k <= 4467770))
	  ->  Bitmap Index Scan on k_1  (cost=0.00..5.44 rows=101 width=0)
	        Index Cond: ((k >= 4467670) AND (k <= 4467770))

table 2 : explain SELECT k, c FROM sbtest2 WHERE k BETWEEN 4467670 AND 4467770
	Bitmap Heap Scan on sbtest2  (cost=5.56..441.04 rows=110 width=125)
	  Recheck Cond: ((k >= 4467670) AND (k <= 4467770))
	  ->  Bitmap Index Scan on k_2  (cost=0.00..5.53 rows=110 width=0)
	        Index Cond: ((k >= 4467670) AND (k <= 4467770))

table 3 : explain SELECT k, c FROM sbtest3 WHERE k BETWEEN 4467670 AND 4467770
	Bitmap Heap Scan on sbtest3  (cost=5.47..405.57 rows=101 width=125)
	  Recheck Cond: ((k >= 4467670) AND (k <= 4467770))
	  ->  Bitmap Index Scan on k_3  (cost=0.00..5.44 rows=101 width=0)
	        Index Cond: ((k >= 4467670) AND (k <= 4467770))

table 4 : explain SELECT k, c FROM sbtest4 WHERE k BETWEEN 4467670 AND 4467770
	Bitmap Heap Scan on sbtest4  (cost=5.53..429.23 rows=107 width=125)
	  Recheck Cond: ((k >= 4467670) AND (k <= 4467770))
	  ->  Bitmap Index Scan on k_4  (cost=0.00..5.50 rows=107 width=0)
	        Index Cond: ((k >= 4467670) AND (k <= 4467770))

table 5 : explain SELECT k, c FROM sbtest5 WHERE k BETWEEN 4467670 AND 4467770
	Bitmap Heap Scan on sbtest5  (cost=5.56..441.23 rows=110 width=125)
	  Recheck Cond: ((k >= 4467670) AND (k <= 4467770))
	  ->  Bitmap Index Scan on k_5  (cost=0.00..5.53 rows=110 width=0)
	        Index Cond: ((k >= 4467670) AND (k <= 4467770))

table 6 : explain SELECT k, c FROM sbtest6 WHERE k BETWEEN 4467670 AND 4467770
	Bitmap Heap Scan on sbtest6  (cost=5.41..381.95 rows=95 width=125)
	  Recheck Cond: ((k >= 4467670) AND (k <= 4467770))
	  ->  Bitmap Index Scan on k_6  (cost=0.00..5.38 rows=95 width=0)
	        Index Cond: ((k >= 4467670) AND (k <= 4467770))

table 7 : explain SELECT k, c FROM sbtest7 WHERE k BETWEEN 4467670 AND 4467770
	Bitmap Heap Scan on sbtest7  (cost=5.50..417.56 rows=104 width=125)
	  Recheck Cond: ((k >= 4467670) AND (k <= 4467770))
	  ->  Bitmap Index Scan on k_7  (cost=0.00..5.47 rows=104 width=0)
	        Index Cond: ((k >= 4467670) AND (k <= 4467770))

table 8 : explain SELECT k, c FROM sbtest8 WHERE k BETWEEN 4467670 AND 4467770
	Bitmap Heap Scan on sbtest8  (cost=5.54..433.26 rows=108 width=125)
	  Recheck Cond: ((k >= 4467670) AND (k <= 4467770))
	  ->  Bitmap Index Scan on k_8  (cost=0.00..5.51 rows=108 width=0)
	        Index Cond: ((k >= 4467670) AND (k <= 4467770))

explain: for range-notcovered :: explain SELECT k, c FROM sbtest%d WHERE k BETWEEN 6091113 AND 6091213
for range-notcovered
table 1 : explain SELECT k, c FROM sbtest1 WHERE k BETWEEN 7572654 AND 7572754
	Bitmap Heap Scan on sbtest1  (cost=5.48..409.45 rows=102 width=125)
	  Recheck Cond: ((k >= 7572654) AND (k <= 7572754))
	  ->  Bitmap Index Scan on k_1  (cost=0.00..5.45 rows=102 width=0)
	        Index Cond: ((k >= 7572654) AND (k <= 7572754))

table 2 : explain SELECT k, c FROM sbtest2 WHERE k BETWEEN 7572654 AND 7572754
	Bitmap Heap Scan on sbtest2  (cost=5.47..405.55 rows=101 width=125)
	  Recheck Cond: ((k >= 7572654) AND (k <= 7572754))
	  ->  Bitmap Index Scan on k_2  (cost=0.00..5.44 rows=101 width=0)
	        Index Cond: ((k >= 7572654) AND (k <= 7572754))

table 3 : explain SELECT k, c FROM sbtest3 WHERE k BETWEEN 7572654 AND 7572754
	Bitmap Heap Scan on sbtest3  (cost=5.50..417.40 rows=104 width=125)
	  Recheck Cond: ((k >= 7572654) AND (k <= 7572754))
	  ->  Bitmap Index Scan on k_3  (cost=0.00..5.47 rows=104 width=0)
	        Index Cond: ((k >= 7572654) AND (k <= 7572754))

table 4 : explain SELECT k, c FROM sbtest4 WHERE k BETWEEN 7572654 AND 7572754
	Bitmap Heap Scan on sbtest4  (cost=5.57..445.00 rows=111 width=125)
	  Recheck Cond: ((k >= 7572654) AND (k <= 7572754))
	  ->  Bitmap Index Scan on k_4  (cost=0.00..5.54 rows=111 width=0)
	        Index Cond: ((k >= 7572654) AND (k <= 7572754))

table 5 : explain SELECT k, c FROM sbtest5 WHERE k BETWEEN 7572654 AND 7572754
	Bitmap Heap Scan on sbtest5  (cost=5.45..397.83 rows=99 width=125)
	  Recheck Cond: ((k >= 7572654) AND (k <= 7572754))
	  ->  Bitmap Index Scan on k_5  (cost=0.00..5.42 rows=99 width=0)
	        Index Cond: ((k >= 7572654) AND (k <= 7572754))

table 6 : explain SELECT k, c FROM sbtest6 WHERE k BETWEEN 7572654 AND 7572754
	Bitmap Heap Scan on sbtest6  (cost=5.53..429.30 rows=107 width=125)
	  Recheck Cond: ((k >= 7572654) AND (k <= 7572754))
	  ->  Bitmap Index Scan on k_6  (cost=0.00..5.50 rows=107 width=0)
	        Index Cond: ((k >= 7572654) AND (k <= 7572754))

table 7 : explain SELECT k, c FROM sbtest7 WHERE k BETWEEN 7572654 AND 7572754
	Bitmap Heap Scan on sbtest7  (cost=5.42..385.98 rows=96 width=125)
	  Recheck Cond: ((k >= 7572654) AND (k <= 7572754))
	  ->  Bitmap Index Scan on k_7  (cost=0.00..5.39 rows=96 width=0)
	        Index Cond: ((k >= 7572654) AND (k <= 7572754))

table 8 : explain SELECT k, c FROM sbtest8 WHERE k BETWEEN 7572654 AND 7572754
	Bitmap Heap Scan on sbtest8  (cost=5.63..468.73 rows=117 width=125)
	  Recheck Cond: ((k >= 7572654) AND (k <= 7572754))
	  ->  Bitmap Index Scan on k_8  (cost=0.00..5.60 rows=117 width=0)
	        Index Cond: ((k >= 7572654) AND (k <= 7572754))

explain: for range-notcovered :: explain SELECT k, c FROM sbtest%d WHERE k BETWEEN 4995921 AND 4996021
explain: for range-notcovered :: explain SELECT k, c FROM sbtest%d WHERE k BETWEEN 7572654 AND 7572754
for range-notcovered
table 1 : explain SELECT k, c FROM sbtest1 WHERE k BETWEEN 382864 AND 382964
	Bitmap Heap Scan on sbtest1  (cost=5.52..425.22 rows=106 width=125)
	  Recheck Cond: ((k >= 382864) AND (k <= 382964))
	  ->  Bitmap Index Scan on k_1  (cost=0.00..5.50 rows=106 width=0)
	        Index Cond: ((k >= 382864) AND (k <= 382964))

table 2 : explain SELECT k, c FROM sbtest2 WHERE k BETWEEN 382864 AND 382964
	Bitmap Heap Scan on sbtest2  (cost=5.48..409.50 rows=102 width=125)
	  Recheck Cond: ((k >= 382864) AND (k <= 382964))
	  ->  Bitmap Index Scan on k_2  (cost=0.00..5.45 rows=102 width=0)
	        Index Cond: ((k >= 382864) AND (k <= 382964))

table 3 : explain SELECT k, c FROM sbtest3 WHERE k BETWEEN 382864 AND 382964
	Bitmap Heap Scan on sbtest3  (cost=5.45..397.68 rows=99 width=125)
	  Recheck Cond: ((k >= 382864) AND (k <= 382964))
	  ->  Bitmap Index Scan on k_3  (cost=0.00..5.42 rows=99 width=0)
	        Index Cond: ((k >= 382864) AND (k <= 382964))

table 4 : explain SELECT k, c FROM sbtest4 WHERE k BETWEEN 382864 AND 382964
	Bitmap Heap Scan on sbtest4  (cost=5.48..409.51 rows=102 width=125)
	  Recheck Cond: ((k >= 382864) AND (k <= 382964))
	  ->  Bitmap Index Scan on k_4  (cost=0.00..5.45 rows=102 width=0)
	        Index Cond: ((k >= 382864) AND (k <= 382964))

table 5 : explain SELECT k, c FROM sbtest5 WHERE k BETWEEN 382864 AND 382964
	Bitmap Heap Scan on sbtest5  (cost=5.42..385.98 rows=96 width=125)
	  Recheck Cond: ((k >= 382864) AND (k <= 382964))
	  ->  Bitmap Index Scan on k_5  (cost=0.00..5.39 rows=96 width=0)
	        Index Cond: ((k >= 382864) AND (k <= 382964))

table 6 : explain SELECT k, c FROM sbtest6 WHERE k BETWEEN 382864 AND 382964
	Bitmap Heap Scan on sbtest6  (cost=5.41..381.95 rows=95 width=125)
	  Recheck Cond: ((k >= 382864) AND (k <= 382964))
	  ->  Bitmap Index Scan on k_6  (cost=0.00..5.38 rows=95 width=0)
	        Index Cond: ((k >= 382864) AND (k <= 382964))

table 7 : explain SELECT k, c FROM sbtest7 WHERE k BETWEEN 382864 AND 382964
	Bitmap Heap Scan on sbtest7  (cost=5.45..397.83 rows=99 width=125)
	  Recheck Cond: ((k >= 382864) AND (k <= 382964))
	  ->  Bitmap Index Scan on k_7  (cost=0.00..5.42 rows=99 width=0)
	        Index Cond: ((k >= 382864) AND (k <= 382964))

table 8 : explain SELECT k, c FROM sbtest8 WHERE k BETWEEN 382864 AND 382964
	Bitmap Heap Scan on sbtest8  (cost=5.36..362.21 rows=90 width=125)
	  Recheck Cond: ((k >= 382864) AND (k <= 382964))
	  ->  Bitmap Index Scan on k_8  (cost=0.00..5.33 rows=90 width=0)
	        Index Cond: ((k >= 382864) AND (k <= 382964))

for range-notcovered
table 1 : explain SELECT k, c FROM sbtest1 WHERE k BETWEEN 6101935 AND 6102035
	Bitmap Heap Scan on sbtest1  (cost=5.50..417.34 rows=104 width=125)
	  Recheck Cond: ((k >= 6101935) AND (k <= 6102035))
	  ->  Bitmap Index Scan on k_1  (cost=0.00..5.47 rows=104 width=0)
	        Index Cond: ((k >= 6101935) AND (k <= 6102035))

table 2 : explain SELECT k, c FROM sbtest2 WHERE k BETWEEN 6101935 AND 6102035
	Bitmap Heap Scan on sbtest2  (cost=5.53..429.21 rows=107 width=125)
	  Recheck Cond: ((k >= 6101935) AND (k <= 6102035))
	  ->  Bitmap Index Scan on k_2  (cost=0.00..5.50 rows=107 width=0)
	        Index Cond: ((k >= 6101935) AND (k <= 6102035))

table 3 : explain SELECT k, c FROM sbtest3 WHERE k BETWEEN 6101935 AND 6102035
	Bitmap Heap Scan on sbtest3  (cost=5.40..377.95 rows=94 width=125)
	  Recheck Cond: ((k >= 6101935) AND (k <= 6102035))
	  ->  Bitmap Index Scan on k_3  (cost=0.00..5.38 rows=94 width=0)
	        Index Cond: ((k >= 6101935) AND (k <= 6102035))

table 4 : explain SELECT k, c FROM sbtest4 WHERE k BETWEEN 6101935 AND 6102035
	Bitmap Heap Scan on sbtest4  (cost=5.47..405.57 rows=101 width=125)
	  Recheck Cond: ((k >= 6101935) AND (k <= 6102035))
	  ->  Bitmap Index Scan on k_4  (cost=0.00..5.44 rows=101 width=0)
	        Index Cond: ((k >= 6101935) AND (k <= 6102035))

table 5 : explain SELECT k, c FROM sbtest5 WHERE k BETWEEN 6101935 AND 6102035
	Bitmap Heap Scan on sbtest5  (cost=5.43..389.93 rows=97 width=125)
	  Recheck Cond: ((k >= 6101935) AND (k <= 6102035))
	  ->  Bitmap Index Scan on k_5  (cost=0.00..5.40 rows=97 width=0)
	        Index Cond: ((k >= 6101935) AND (k <= 6102035))

table 6 : explain SELECT k, c FROM sbtest6 WHERE k BETWEEN 6101935 AND 6102035
	Bitmap Heap Scan on sbtest6  (cost=5.44..393.79 rows=98 width=125)
	  Recheck Cond: ((k >= 6101935) AND (k <= 6102035))
	  ->  Bitmap Index Scan on k_6  (cost=0.00..5.42 rows=98 width=0)
	        Index Cond: ((k >= 6101935) AND (k <= 6102035))

table 7 : explain SELECT k, c FROM sbtest7 WHERE k BETWEEN 6101935 AND 6102035
	Bitmap Heap Scan on sbtest7  (cost=5.49..413.62 rows=103 width=125)
	  Recheck Cond: ((k >= 6101935) AND (k <= 6102035))
	  ->  Bitmap Index Scan on k_7  (cost=0.00..5.46 rows=103 width=0)
	        Index Cond: ((k >= 6101935) AND (k <= 6102035))

table 8 : explain SELECT k, c FROM sbtest8 WHERE k BETWEEN 6101935 AND 6102035
	Bitmap Heap Scan on sbtest8  (cost=5.54..433.26 rows=108 width=125)
	  Recheck Cond: ((k >= 6101935) AND (k <= 6102035))
	  ->  Bitmap Index Scan on k_8  (cost=0.00..5.51 rows=108 width=0)
	        Index Cond: ((k >= 6101935) AND (k <= 6102035))

for range-notcovered
table 1 : explain SELECT k, c FROM sbtest1 WHERE k BETWEEN 3553595 AND 3553695
	Bitmap Heap Scan on sbtest1  (cost=5.49..413.39 rows=103 width=125)
	  Recheck Cond: ((k >= 3553595) AND (k <= 3553695))
	  ->  Bitmap Index Scan on k_1  (cost=0.00..5.46 rows=103 width=0)
	        Index Cond: ((k >= 3553595) AND (k <= 3553695))

table 2 : explain SELECT k, c FROM sbtest2 WHERE k BETWEEN 3553595 AND 3553695
	Bitmap Heap Scan on sbtest2  (cost=5.45..397.66 rows=99 width=125)
	  Recheck Cond: ((k >= 3553595) AND (k <= 3553695))
	  ->  Bitmap Index Scan on k_2  (cost=0.00..5.42 rows=99 width=0)
	        Index Cond: ((k >= 3553595) AND (k <= 3553695))

table 3 : explain SELECT k, c FROM sbtest3 WHERE k BETWEEN 3553595 AND 3553695
	Bitmap Heap Scan on sbtest3  (cost=5.55..437.12 rows=109 width=125)
	  Recheck Cond: ((k >= 3553595) AND (k <= 3553695))
	  ->  Bitmap Index Scan on k_3  (cost=0.00..5.52 rows=109 width=0)
	        Index Cond: ((k >= 3553595) AND (k <= 3553695))

table 4 : explain SELECT k, c FROM sbtest4 WHERE k BETWEEN 3553595 AND 3553695
	Bitmap Heap Scan on sbtest4  (cost=5.44..393.73 rows=98 width=125)
	  Recheck Cond: ((k >= 3553595) AND (k <= 3553695))
	  ->  Bitmap Index Scan on k_4  (cost=0.00..5.42 rows=98 width=0)
	        Index Cond: ((k >= 3553595) AND (k <= 3553695))

table 5 : explain SELECT k, c FROM sbtest5 WHERE k BETWEEN 3553595 AND 3553695
	Bitmap Heap Scan on sbtest5  (cost=5.46..401.78 rows=100 width=125)
	  Recheck Cond: ((k >= 3553595) AND (k <= 3553695))
	  ->  Bitmap Index Scan on k_5  (cost=0.00..5.43 rows=100 width=0)
	        Index Cond: ((k >= 3553595) AND (k <= 3553695))

table 6 : explain SELECT k, c FROM sbtest6 WHERE k BETWEEN 3553595 AND 3553695
	Bitmap Heap Scan on sbtest6  (cost=5.42..385.90 rows=96 width=125)
	  Recheck Cond: ((k >= 3553595) AND (k <= 3553695))
	  ->  Bitmap Index Scan on k_6  (cost=0.00..5.39 rows=96 width=0)
	        Index Cond: ((k >= 3553595) AND (k <= 3553695))

table 7 : explain SELECT k, c FROM sbtest7 WHERE k BETWEEN 3553595 AND 3553695
	Bitmap Heap Scan on sbtest7  (cost=5.48..409.67 rows=102 width=125)
	  Recheck Cond: ((k >= 3553595) AND (k <= 3553695))
	  ->  Bitmap Index Scan on k_7  (cost=0.00..5.45 rows=102 width=0)
	        Index Cond: ((k >= 3553595) AND (k <= 3553695))

table 8 : explain SELECT k, c FROM sbtest8 WHERE k BETWEEN 3553595 AND 3553695
	Bitmap Heap Scan on sbtest8  (cost=5.47..405.64 rows=101 width=125)
	  Recheck Cond: ((k >= 3553595) AND (k <= 3553695))
	  ->  Bitmap Index Scan on k_8  (cost=0.00..5.44 rows=101 width=0)
	        Index Cond: ((k >= 3553595) AND (k <= 3553695))
for range-notcovered
table 1 : explain SELECT k, c FROM sbtest1 WHERE k BETWEEN 4198112 AND 4198212
	Bitmap Heap Scan on sbtest1  (cost=5.54..433.10 rows=108 width=125)
	  Recheck Cond: ((k >= 4198112) AND (k <= 4198212))
	  ->  Bitmap Index Scan on k_1  (cost=0.00..5.51 rows=108 width=0)
	        Index Cond: ((k >= 4198112) AND (k <= 4198212))

table 2 : explain SELECT k, c FROM sbtest2 WHERE k BETWEEN 4198112 AND 4198212
	Bitmap Heap Scan on sbtest2  (cost=5.53..429.21 rows=107 width=125)
	  Recheck Cond: ((k >= 4198112) AND (k <= 4198212))
	  ->  Bitmap Index Scan on k_2  (cost=0.00..5.50 rows=107 width=0)
	        Index Cond: ((k >= 4198112) AND (k <= 4198212))

table 3 : explain SELECT k, c FROM sbtest3 WHERE k BETWEEN 4198112 AND 4198212
	Bitmap Heap Scan on sbtest3  (cost=5.52..425.29 rows=106 width=125)
	  Recheck Cond: ((k >= 4198112) AND (k <= 4198212))
	  ->  Bitmap Index Scan on k_3  (cost=0.00..5.50 rows=106 width=0)
	        Index Cond: ((k >= 4198112) AND (k <= 4198212))

table 4 : explain SELECT k, c FROM sbtest4 WHERE k BETWEEN 4198112 AND 4198212
	Bitmap Heap Scan on sbtest4  (cost=5.42..385.84 rows=96 width=125)
	  Recheck Cond: ((k >= 4198112) AND (k <= 4198212))
	  ->  Bitmap Index Scan on k_4  (cost=0.00..5.39 rows=96 width=0)
	        Index Cond: ((k >= 4198112) AND (k <= 4198212))

table 5 : explain SELECT k, c FROM sbtest5 WHERE k BETWEEN 4198112 AND 4198212
	Bitmap Heap Scan on sbtest5  (cost=5.44..393.88 rows=98 width=125)
	  Recheck Cond: ((k >= 4198112) AND (k <= 4198212))
	  ->  Bitmap Index Scan on k_5  (cost=0.00..5.42 rows=98 width=0)
	        Index Cond: ((k >= 4198112) AND (k <= 4198212))

table 6 : explain SELECT k, c FROM sbtest6 WHERE k BETWEEN 4198112 AND 4198212
	Bitmap Heap Scan on sbtest6  (cost=5.47..405.63 rows=101 width=125)
	  Recheck Cond: ((k >= 4198112) AND (k <= 4198212))
	  ->  Bitmap Index Scan on k_6  (cost=0.00..5.44 rows=101 width=0)
	        Index Cond: ((k >= 4198112) AND (k <= 4198212))

table 7 : explain SELECT k, c FROM sbtest7 WHERE k BETWEEN 4198112 AND 4198212
	Bitmap Heap Scan on sbtest7  (cost=5.40..378.09 rows=94 width=125)
	  Recheck Cond: ((k >= 4198112) AND (k <= 4198212))
	  ->  Bitmap Index Scan on k_7  (cost=0.00..5.38 rows=94 width=0)
	        Index Cond: ((k >= 4198112) AND (k <= 4198212))

table 8 : explain SELECT k, c FROM sbtest8 WHERE k BETWEEN 4198112 AND 4198212
	Bitmap Heap Scan on sbtest8  (cost=5.41..381.96 rows=95 width=125)
	  Recheck Cond: ((k >= 4198112) AND (k <= 4198212))
	  ->  Bitmap Index Scan on k_8  (cost=0.00..5.38 rows=95 width=0)
	        Index Cond: ((k >= 4198112) AND (k <= 4198212))
explain: for range-notcovered :: explain SELECT k, c FROM sbtest%d WHERE k BETWEEN 4467670 AND 4467770for range-notcovered
table 1 : explain SELECT k, c FROM sbtest1 WHERE k BETWEEN 5062200 AND 5062300
	Bitmap Heap Scan on sbtest1  (cost=5.46..401.56 rows=100 width=125)
	  Recheck Cond: ((k >= 5062200) AND (k <= 5062300))
	  ->  Bitmap Index Scan on k_1  (cost=0.00..5.43 rows=100 width=0)
	        Index Cond: ((k >= 5062200) AND (k <= 5062300))

table 2 : explain SELECT k, c FROM sbtest2 WHERE k BETWEEN 5062200 AND 5062300
	Bitmap Heap Scan on sbtest2  (cost=5.46..401.61 rows=100 width=125)
	  Recheck Cond: ((k >= 5062200) AND (k <= 5062300))
	  ->  Bitmap Index Scan on k_2  (cost=0.00..5.43 rows=100 width=0)
	        Index Cond: ((k >= 5062200) AND (k <= 5062300))

table 3 : explain SELECT k, c FROM sbtest3 WHERE k BETWEEN 5062200 AND 5062300
	Bitmap Heap Scan on sbtest3  (cost=5.62..464.70 rows=116 width=125)
	  Recheck Cond: ((k >= 5062200) AND (k <= 5062300))
	  ->  Bitmap Index Scan on k_3  (cost=0.00..5.59 rows=116 width=0)
	        Index Cond: ((k >= 5062200) AND (k <= 5062300))

table 4 : explain SELECT k, c FROM sbtest4 WHERE k BETWEEN 5062200 AND 5062300
	Bitmap Heap Scan on sbtest4  (cost=5.50..417.40 rows=104 width=125)
	  Recheck Cond: ((k >= 5062200) AND (k <= 5062300))
	  ->  Bitmap Index Scan on k_4  (cost=0.00..5.47 rows=104 width=0)
	        Index Cond: ((k >= 5062200) AND (k <= 5062300))

table 5 : explain SELECT k, c FROM sbtest5 WHERE k BETWEEN 5062200 AND 5062300
	Bitmap Heap Scan on sbtest5  (cost=5.38..370.18 rows=92 width=125)
	  Recheck Cond: ((k >= 5062200) AND (k <= 5062300))
	  ->  Bitmap Index Scan on k_5  (cost=0.00..5.35 rows=92 width=0)
	        Index Cond: ((k >= 5062200) AND (k <= 5062300))

table 6 : explain SELECT k, c FROM sbtest6 WHERE k BETWEEN 5062200 AND 5062300
	Bitmap Heap Scan on sbtest6  (cost=5.49..413.52 rows=103 width=125)
	  Recheck Cond: ((k >= 5062200) AND (k <= 5062300))
	  ->  Bitmap Index Scan on k_6  (cost=0.00..5.46 rows=103 width=0)
	        Index Cond: ((k >= 5062200) AND (k <= 5062300))

table 7 : explain SELECT k, c FROM sbtest7 WHERE k BETWEEN 5062200 AND 5062300
	Bitmap Heap Scan on sbtest7  (cost=5.49..413.62 rows=103 width=125)
	  Recheck Cond: ((k >= 5062200) AND (k <= 5062300))
	  ->  Bitmap Index Scan on k_7  (cost=0.00..5.46 rows=103 width=0)
	        Index Cond: ((k >= 5062200) AND (k <= 5062300))

table 8 : explain SELECT k, c FROM sbtest8 WHERE k BETWEEN 5062200 AND 5062300
	Bitmap Heap Scan on sbtest8  (cost=5.52..425.37 rows=106 width=125)
	  Recheck Cond: ((k >= 5062200) AND (k <= 5062300))
	  ->  Bitmap Index Scan on k_8  (cost=0.00..5.50 rows=106 width=0)
	        Index Cond: ((k >= 5062200) AND (k <= 5062300))



for range-notcovered
table 1 : explain SELECT k, c FROM sbtest1 WHERE k BETWEEN 7884776 AND 7884876
	Bitmap Heap Scan on sbtest1  (cost=5.35..358.15 rows=89 width=125)
	  Recheck Cond: ((k >= 7884776) AND (k <= 7884876))
	  ->  Bitmap Index Scan on k_1  (cost=0.00..5.32 rows=89 width=0)
	        Index Cond: ((k >= 7884776) AND (k <= 7884876))

table 2 : explain SELECT k, c FROM sbtest2 WHERE k BETWEEN 7884776 AND 7884876
	Bitmap Heap Scan on sbtest2  (cost=5.55..437.10 rows=109 width=125)
	  Recheck Cond: ((k >= 7884776) AND (k <= 7884876))
	  ->  Bitmap Index Scan on k_2  (cost=0.00..5.52 rows=109 width=0)
	        Index Cond: ((k >= 7884776) AND (k <= 7884876))

table 3 : explain SELECT k, c FROM sbtest3 WHERE k BETWEEN 7884776 AND 7884876
	Bitmap Heap Scan on sbtest3  (cost=5.49..413.46 rows=103 width=125)
	  Recheck Cond: ((k >= 7884776) AND (k <= 7884876))
	  ->  Bitmap Index Scan on k_3  (cost=0.00..5.46 rows=103 width=0)
	        Index Cond: ((k >= 7884776) AND (k <= 7884876))

table 4 : explain SELECT k, c FROM sbtest4 WHERE k BETWEEN 7884776 AND 7884876
	Bitmap Heap Scan on sbtest4  (cost=5.48..409.51 rows=102 width=125)
	  Recheck Cond: ((k >= 7884776) AND (k <= 7884876))
	  ->  Bitmap Index Scan on k_4  (cost=0.00..5.45 rows=102 width=0)
	        Index Cond: ((k >= 7884776) AND (k <= 7884876))

table 5 : explain SELECT k, c FROM sbtest5 WHERE k BETWEEN 7884776 AND 7884876
	Bitmap Heap Scan on sbtest5  (cost=5.58..449.12 rows=112 width=125)
	  Recheck Cond: ((k >= 7884776) AND (k <= 7884876))
	  ->  Bitmap Index Scan on k_5  (cost=0.00..5.55 rows=112 width=0)
	        Index Cond: ((k >= 7884776) AND (k <= 7884876))

table 6 : explain SELECT k, c FROM sbtest6 WHERE k BETWEEN 7884776 AND 7884876
	Bitmap Heap Scan on sbtest6  (cost=5.40..378.00 rows=94 width=125)
	  Recheck Cond: ((k >= 7884776) AND (k <= 7884876))
	  ->  Bitmap Index Scan on k_6  (cost=0.00..5.38 rows=94 width=0)
	        Index Cond: ((k >= 7884776) AND (k <= 7884876))

table 7 : explain SELECT k, c FROM sbtest7 WHERE k BETWEEN 7884776 AND 7884876
	Bitmap Heap Scan on sbtest7  (cost=5.51..421.51 rows=105 width=125)
	  Recheck Cond: ((k >= 7884776) AND (k <= 7884876))
	  ->  Bitmap Index Scan on k_7  (cost=0.00..5.48 rows=105 width=0)
	        Index Cond: ((k >= 7884776) AND (k <= 7884876))

table 8 : explain SELECT k, c FROM sbtest8 WHERE k BETWEEN 7884776 AND 7884876
	Bitmap Heap Scan on sbtest8  (cost=5.45..397.75 rows=99 width=125)
	  Recheck Cond: ((k >= 7884776) AND (k <= 7884876))
	  ->  Bitmap Index Scan on k_8  (cost=0.00..5.42 rows=99 width=0)
	        Index Cond: ((k >= 7884776) AND (k <= 7884876))


explain: for range-notcovered :: explain SELECT k, c FROM sbtest%d WHERE k BETWEEN 5062200 AND 5062300
explain: for range-notcovered :: explain SELECT k, c FROM sbtest%d WHERE k BETWEEN 6101935 AND 6102035
explain: for range-notcovered :: explain SELECT k, c FROM sbtest%d WHERE k BETWEEN 7884776 AND 7884876
for range-notcovered
table 1 : explain SELECT k, c FROM sbtest1 WHERE k BETWEEN 5359968 AND 5360068
	Bitmap Heap Scan on sbtest1  (cost=5.40..377.89 rows=94 width=125)
	  Recheck Cond: ((k >= 5359968) AND (k <= 5360068))
	  ->  Bitmap Index Scan on k_1  (cost=0.00..5.38 rows=94 width=0)
	        Index Cond: ((k >= 5359968) AND (k <= 5360068))

table 2 : explain SELECT k, c FROM sbtest2 WHERE k BETWEEN 5359968 AND 5360068
	Bitmap Heap Scan on sbtest2  (cost=5.52..425.27 rows=106 width=125)
	  Recheck Cond: ((k >= 5359968) AND (k <= 5360068))
	  ->  Bitmap Index Scan on k_2  (cost=0.00..5.50 rows=106 width=0)
	        Index Cond: ((k >= 5359968) AND (k <= 5360068))

table 3 : explain SELECT k, c FROM sbtest3 WHERE k BETWEEN 5359968 AND 5360068
	Bitmap Heap Scan on sbtest3  (cost=5.43..389.79 rows=97 width=125)
	  Recheck Cond: ((k >= 5359968) AND (k <= 5360068))
	  ->  Bitmap Index Scan on k_3  (cost=0.00..5.40 rows=97 width=0)
	        Index Cond: ((k >= 5359968) AND (k <= 5360068))

table 4 : explain SELECT k, c FROM sbtest4 WHERE k BETWEEN 5359968 AND 5360068
	Bitmap Heap Scan on sbtest4  (cost=5.53..429.23 rows=107 width=125)
	  Recheck Cond: ((k >= 5359968) AND (k <= 5360068))
	  ->  Bitmap Index Scan on k_4  (cost=0.00..5.50 rows=107 width=0)
	        Index Cond: ((k >= 5359968) AND (k <= 5360068))

table 5 : explain SELECT k, c FROM sbtest5 WHERE k BETWEEN 5359968 AND 5360068
	Bitmap Heap Scan on sbtest5  (cost=5.38..370.18 rows=92 width=125)
	  Recheck Cond: ((k >= 5359968) AND (k <= 5360068))
	  ->  Bitmap Index Scan on k_5  (cost=0.00..5.35 rows=92 width=0)
	        Index Cond: ((k >= 5359968) AND (k <= 5360068))

table 6 : explain SELECT k, c FROM sbtest6 WHERE k BETWEEN 5359968 AND 5360068
	Bitmap Heap Scan on sbtest6  (cost=5.46..401.69 rows=100 width=125)
	  Recheck Cond: ((k >= 5359968) AND (k <= 5360068))
	  ->  Bitmap Index Scan on k_6  (cost=0.00..5.43 rows=100 width=0)
	        Index Cond: ((k >= 5359968) AND (k <= 5360068))

table 7 : explain SELECT k, c FROM sbtest7 WHERE k BETWEEN 5359968 AND 5360068
	Bitmap Heap Scan on sbtest7  (cost=5.54..433.35 rows=108 width=125)
	  Recheck Cond: ((k >= 5359968) AND (k <= 5360068))
	  ->  Bitmap Index Scan on k_7  (cost=0.00..5.51 rows=108 width=0)
	        Index Cond: ((k >= 5359968) AND (k <= 5360068))

table 8 : explain SELECT k, c FROM sbtest8 WHERE k BETWEEN 5359968 AND 5360068
	Bitmap Heap Scan on sbtest8  (cost=5.54..433.26 rows=108 width=125)
	  Recheck Cond: ((k >= 5359968) AND (k <= 5360068))
	  ->  Bitmap Index Scan on k_8  (cost=0.00..5.51 rows=108 width=0)
	        Index Cond: ((k >= 5359968) AND (k <= 5360068))

explain: for range-notcovered :: explain SELECT k, c FROM sbtest%d WHERE k BETWEEN 4198112 AND 4198212
for range-notcovered
table 1 : explain SELECT k, c FROM sbtest1 WHERE k BETWEEN 5364173 AND 5364273
	Bitmap Heap Scan on sbtest1  (cost=5.40..377.89 rows=94 width=125)
	  Recheck Cond: ((k >= 5364173) AND (k <= 5364273))
	  ->  Bitmap Index Scan on k_1  (cost=0.00..5.38 rows=94 width=0)
	        Index Cond: ((k >= 5364173) AND (k <= 5364273))

table 2 : explain SELECT k, c FROM sbtest2 WHERE k BETWEEN 5364173 AND 5364273
	Bitmap Heap Scan on sbtest2  (cost=5.52..425.27 rows=106 width=125)
	  Recheck Cond: ((k >= 5364173) AND (k <= 5364273))
	  ->  Bitmap Index Scan on k_2  (cost=0.00..5.50 rows=106 width=0)
	        Index Cond: ((k >= 5364173) AND (k <= 5364273))

table 3 : explain SELECT k, c FROM sbtest3 WHERE k BETWEEN 5364173 AND 5364273
	Bitmap Heap Scan on sbtest3  (cost=5.43..389.79 rows=97 width=125)
	  Recheck Cond: ((k >= 5364173) AND (k <= 5364273))
	  ->  Bitmap Index Scan on k_3  (cost=0.00..5.40 rows=97 width=0)
	        Index Cond: ((k >= 5364173) AND (k <= 5364273))

table 4 : explain SELECT k, c FROM sbtest4 WHERE k BETWEEN 5364173 AND 5364273
	Bitmap Heap Scan on sbtest4  (cost=5.53..429.23 rows=107 width=125)
	  Recheck Cond: ((k >= 5364173) AND (k <= 5364273))
	  ->  Bitmap Index Scan on k_4  (cost=0.00..5.50 rows=107 width=0)
	        Index Cond: ((k >= 5364173) AND (k <= 5364273))

table 5 : explain SELECT k, c FROM sbtest5 WHERE k BETWEEN 5364173 AND 5364273
	Bitmap Heap Scan on sbtest5  (cost=5.38..370.18 rows=92 width=125)
	  Recheck Cond: ((k >= 5364173) AND (k <= 5364273))
	  ->  Bitmap Index Scan on k_5  (cost=0.00..5.35 rows=92 width=0)
	        Index Cond: ((k >= 5364173) AND (k <= 5364273))

table 6 : explain SELECT k, c FROM sbtest6 WHERE k BETWEEN 5364173 AND 5364273
	Bitmap Heap Scan on sbtest6  (cost=5.46..401.69 rows=100 width=125)
	  Recheck Cond: ((k >= 5364173) AND (k <= 5364273))
	  ->  Bitmap Index Scan on k_6  (cost=0.00..5.43 rows=100 width=0)
	        Index Cond: ((k >= 5364173) AND (k <= 5364273))

table 7 : explain SELECT k, c FROM sbtest7 WHERE k BETWEEN 5364173 AND 5364273
	Bitmap Heap Scan on sbtest7  (cost=5.54..433.35 rows=108 width=125)
	  Recheck Cond: ((k >= 5364173) AND (k <= 5364273))
	  ->  Bitmap Index Scan on k_7  (cost=0.00..5.51 rows=108 width=0)
	        Index Cond: ((k >= 5364173) AND (k <= 5364273))

table 8 : explain SELECT k, c FROM sbtest8 WHERE k BETWEEN 5364173 AND 5364273
	Bitmap Heap Scan on sbtest8  (cost=5.54..433.26 rows=108 width=125)
	  Recheck Cond: ((k >= 5364173) AND (k <= 5364273))
	  ->  Bitmap Index Scan on k_8  (cost=0.00..5.51 rows=108 width=0)
	        Index Cond: ((k >= 5364173) AND (k <= 5364273))

for range-notcovered
table 1 : explain SELECT k, c FROM sbtest1 WHERE k BETWEEN 5358538 AND 5358638
	Bitmap Heap Scan on sbtest1  (cost=5.40..377.89 rows=94 width=125)
	  Recheck Cond: ((k >= 5358538) AND (k <= 5358638))
	  ->  Bitmap Index Scan on k_1  (cost=0.00..5.38 rows=94 width=0)
	        Index Cond: ((k >= 5358538) AND (k <= 5358638))

table 2 : explain SELECT k, c FROM sbtest2 WHERE k BETWEEN 5358538 AND 5358638
	Bitmap Heap Scan on sbtest2  (cost=5.52..425.27 rows=106 width=125)
	  Recheck Cond: ((k >= 5358538) AND (k <= 5358638))
	  ->  Bitmap Index Scan on k_2  (cost=0.00..5.50 rows=106 width=0)
	        Index Cond: ((k >= 5358538) AND (k <= 5358638))

table 3 : explain SELECT k, c FROM sbtest3 WHERE k BETWEEN 5358538 AND 5358638
	Bitmap Heap Scan on sbtest3  (cost=5.43..389.79 rows=97 width=125)
	  Recheck Cond: ((k >= 5358538) AND (k <= 5358638))
	  ->  Bitmap Index Scan on k_3  (cost=0.00..5.40 rows=97 width=0)
	        Index Cond: ((k >= 5358538) AND (k <= 5358638))

table 4 : explain SELECT k, c FROM sbtest4 WHERE k BETWEEN 5358538 AND 5358638
	Bitmap Heap Scan on sbtest4  (cost=5.53..429.23 rows=107 width=125)
	  Recheck Cond: ((k >= 5358538) AND (k <= 5358638))
	  ->  Bitmap Index Scan on k_4  (cost=0.00..5.50 rows=107 width=0)
	        Index Cond: ((k >= 5358538) AND (k <= 5358638))

table 5 : explain SELECT k, c FROM sbtest5 WHERE k BETWEEN 5358538 AND 5358638
	Bitmap Heap Scan on sbtest5  (cost=5.38..370.18 rows=92 width=125)
	  Recheck Cond: ((k >= 5358538) AND (k <= 5358638))
	  ->  Bitmap Index Scan on k_5  (cost=0.00..5.35 rows=92 width=0)
	        Index Cond: ((k >= 5358538) AND (k <= 5358638))

table 6 : explain SELECT k, c FROM sbtest6 WHERE k BETWEEN 5358538 AND 5358638
	Bitmap Heap Scan on sbtest6  (cost=5.46..401.69 rows=100 width=125)
	  Recheck Cond: ((k >= 5358538) AND (k <= 5358638))
	  ->  Bitmap Index Scan on k_6  (cost=0.00..5.43 rows=100 width=0)
	        Index Cond: ((k >= 5358538) AND (k <= 5358638))

table 7 : explain SELECT k, c FROM sbtest7 WHERE k BETWEEN 5358538 AND 5358638
	Bitmap Heap Scan on sbtest7  (cost=5.54..433.35 rows=108 width=125)
	  Recheck Cond: ((k >= 5358538) AND (k <= 5358638))
	  ->  Bitmap Index Scan on k_7  (cost=0.00..5.51 rows=108 width=0)
	        Index Cond: ((k >= 5358538) AND (k <= 5358638))

table 8 : explain SELECT k, c FROM sbtest8 WHERE k BETWEEN 5358538 AND 5358638
	Bitmap Heap Scan on sbtest8  (cost=5.54..433.26 rows=108 width=125)
	  Recheck Cond: ((k >= 5358538) AND (k <= 5358638))
	  ->  Bitmap Index Scan on k_8  (cost=0.00..5.51 rows=108 width=0)
	        Index Cond: ((k >= 5358538) AND (k <= 5358638))

explain: for range-notcovered :: explain SELECT k, c FROM sbtest%d WHERE k BETWEEN 5359968 AND 5360068
for range-notcovered
table 1 : explain SELECT k, c FROM sbtest1 WHERE k BETWEEN 495695 AND 495795
	Bitmap Heap Scan on sbtest1  (cost=5.49..413.39 rows=103 width=125)
	  Recheck Cond: ((k >= 495695) AND (k <= 495795))
	  ->  Bitmap Index Scan on k_1  (cost=0.00..5.46 rows=103 width=0)
	        Index Cond: ((k >= 495695) AND (k <= 495795))

table 2 : explain SELECT k, c FROM sbtest2 WHERE k BETWEEN 495695 AND 495795
	Bitmap Heap Scan on sbtest2  (cost=5.48..409.50 rows=102 width=125)
	  Recheck Cond: ((k >= 495695) AND (k <= 495795))
	  ->  Bitmap Index Scan on k_2  (cost=0.00..5.45 rows=102 width=0)
	        Index Cond: ((k >= 495695) AND (k <= 495795))

table 3 : explain SELECT k, c FROM sbtest3 WHERE k BETWEEN 495695 AND 495795
	Bitmap Heap Scan on sbtest3  (cost=5.49..413.46 rows=103 width=125)
	  Recheck Cond: ((k >= 495695) AND (k <= 495795))
	  ->  Bitmap Index Scan on k_3  (cost=0.00..5.46 rows=103 width=0)
	        Index Cond: ((k >= 495695) AND (k <= 495795))

table 4 : explain SELECT k, c FROM sbtest4 WHERE k BETWEEN 495695 AND 495795
	Bitmap Heap Scan on sbtest4  (cost=5.47..405.57 rows=101 width=125)
	  Recheck Cond: ((k >= 495695) AND (k <= 495795))
	  ->  Bitmap Index Scan on k_4  (cost=0.00..5.44 rows=101 width=0)
	        Index Cond: ((k >= 495695) AND (k <= 495795))

table 5 : explain SELECT k, c FROM sbtest5 WHERE k BETWEEN 495695 AND 495795
	Bitmap Heap Scan on sbtest5  (cost=5.44..393.88 rows=98 width=125)
	  Recheck Cond: ((k >= 495695) AND (k <= 495795))
	  ->  Bitmap Index Scan on k_5  (cost=0.00..5.42 rows=98 width=0)
	        Index Cond: ((k >= 495695) AND (k <= 495795))

table 6 : explain SELECT k, c FROM sbtest6 WHERE k BETWEEN 495695 AND 495795
	Bitmap Heap Scan on sbtest6  (cost=5.47..405.63 rows=101 width=125)
	  Recheck Cond: ((k >= 495695) AND (k <= 495795))
	  ->  Bitmap Index Scan on k_6  (cost=0.00..5.44 rows=101 width=0)
	        Index Cond: ((k >= 495695) AND (k <= 495795))

table 7 : explain SELECT k, c FROM sbtest7 WHERE k BETWEEN 495695 AND 495795
	Bitmap Heap Scan on sbtest7  (cost=5.42..385.98 rows=96 width=125)
	  Recheck Cond: ((k >= 495695) AND (k <= 495795))
	  ->  Bitmap Index Scan on k_7  (cost=0.00..5.39 rows=96 width=0)
	        Index Cond: ((k >= 495695) AND (k <= 495795))

table 8 : explain SELECT k, c FROM sbtest8 WHERE k BETWEEN 495695 AND 495795
	Bitmap Heap Scan on sbtest8  (cost=5.35..358.26 rows=89 width=125)
	  Recheck Cond: ((k >= 495695) AND (k <= 495795))
	  ->  Bitmap Index Scan on k_8  (cost=0.00..5.32 rows=89 width=0)
	        Index Cond: ((k >= 495695) AND (k <= 495795))

explain: for range-notcovered :: explain SELECT k, c FROM sbtest%d WHERE k BETWEEN 5364173 AND 5364273
for range-notcovered
table 1 : explain SELECT k, c FROM sbtest1 WHERE k BETWEEN 7181028 AND 7181128
	Bitmap Heap Scan on sbtest1  (cost=5.43..389.73 rows=97 width=125)
	  Recheck Cond: ((k >= 7181028) AND (k <= 7181128))
	  ->  Bitmap Index Scan on k_1  (cost=0.00..5.40 rows=97 width=0)
	        Index Cond: ((k >= 7181028) AND (k <= 7181128))

table 2 : explain SELECT k, c FROM sbtest2 WHERE k BETWEEN 7181028 AND 7181128
	Bitmap Heap Scan on sbtest2  (cost=5.39..373.98 rows=93 width=125)
	  Recheck Cond: ((k >= 7181028) AND (k <= 7181128))
	  ->  Bitmap Index Scan on k_2  (cost=0.00..5.36 rows=93 width=0)
	        Index Cond: ((k >= 7181028) AND (k <= 7181128))

table 3 : explain SELECT k, c FROM sbtest3 WHERE k BETWEEN 7181028 AND 7181128
	Bitmap Heap Scan on sbtest3  (cost=5.53..429.23 rows=107 width=125)
	  Recheck Cond: ((k >= 7181028) AND (k <= 7181128))
	  ->  Bitmap Index Scan on k_3  (cost=0.00..5.50 rows=107 width=0)
	        Index Cond: ((k >= 7181028) AND (k <= 7181128))

table 4 : explain SELECT k, c FROM sbtest4 WHERE k BETWEEN 7181028 AND 7181128
	Bitmap Heap Scan on sbtest4  (cost=5.40..377.95 rows=94 width=125)
	  Recheck Cond: ((k >= 7181028) AND (k <= 7181128))
	  ->  Bitmap Index Scan on k_4  (cost=0.00..5.38 rows=94 width=0)
	        Index Cond: ((k >= 7181028) AND (k <= 7181128))

table 5 : explain SELECT k, c FROM sbtest5 WHERE k BETWEEN 7181028 AND 7181128
	Bitmap Heap Scan on sbtest5  (cost=5.46..401.78 rows=100 width=125)
	  Recheck Cond: ((k >= 7181028) AND (k <= 7181128))
	  ->  Bitmap Index Scan on k_5  (cost=0.00..5.43 rows=100 width=0)
	        Index Cond: ((k >= 7181028) AND (k <= 7181128))

table 6 : explain SELECT k, c FROM sbtest6 WHERE k BETWEEN 7181028 AND 7181128
	Bitmap Heap Scan on sbtest6  (cost=5.49..413.52 rows=103 width=125)
	  Recheck Cond: ((k >= 7181028) AND (k <= 7181128))
	  ->  Bitmap Index Scan on k_6  (cost=0.00..5.46 rows=103 width=0)
	        Index Cond: ((k >= 7181028) AND (k <= 7181128))

table 7 : explain SELECT k, c FROM sbtest7 WHERE k BETWEEN 7181028 AND 7181128
	Bitmap Heap Scan on sbtest7  (cost=5.54..433.35 rows=108 width=125)
	  Recheck Cond: ((k >= 7181028) AND (k <= 7181128))
	  ->  Bitmap Index Scan on k_7  (cost=0.00..5.51 rows=108 width=0)
	        Index Cond: ((k >= 7181028) AND (k <= 7181128))

table 8 : explain SELECT k, c FROM sbtest8 WHERE k BETWEEN 7181028 AND 7181128
	Bitmap Heap Scan on sbtest8  (cost=5.51..421.42 rows=105 width=125)
	  Recheck Cond: ((k >= 7181028) AND (k <= 7181128))
	  ->  Bitmap Index Scan on k_8  (cost=0.00..5.48 rows=105 width=0)
	        Index Cond: ((k >= 7181028) AND (k <= 7181128))

for range-notcovered
table 1 : explain SELECT k, c FROM sbtest1 WHERE k BETWEEN 3209331 AND 3209431
	Bitmap Heap Scan on sbtest1  (cost=5.54..433.10 rows=108 width=125)
	  Recheck Cond: ((k >= 3209331) AND (k <= 3209431))
	  ->  Bitmap Index Scan on k_1  (cost=0.00..5.51 rows=108 width=0)
	        Index Cond: ((k >= 3209331) AND (k <= 3209431))

table 2 : explain SELECT k, c FROM sbtest2 WHERE k BETWEEN 3209331 AND 3209431
	Bitmap Heap Scan on sbtest2  (cost=5.55..437.10 rows=109 width=125)
	  Recheck Cond: ((k >= 3209331) AND (k <= 3209431))
	  ->  Bitmap Index Scan on k_2  (cost=0.00..5.52 rows=109 width=0)
	        Index Cond: ((k >= 3209331) AND (k <= 3209431))

table 3 : explain SELECT k, c FROM sbtest3 WHERE k BETWEEN 3209331 AND 3209431
	Bitmap Heap Scan on sbtest3  (cost=5.52..425.29 rows=106 width=125)
	  Recheck Cond: ((k >= 3209331) AND (k <= 3209431))
	  ->  Bitmap Index Scan on k_3  (cost=0.00..5.50 rows=106 width=0)
	        Index Cond: ((k >= 3209331) AND (k <= 3209431))

table 4 : explain SELECT k, c FROM sbtest4 WHERE k BETWEEN 3209331 AND 3209431
	Bitmap Heap Scan on sbtest4  (cost=5.55..437.12 rows=109 width=125)
	  Recheck Cond: ((k >= 3209331) AND (k <= 3209431))
	  ->  Bitmap Index Scan on k_4  (cost=0.00..5.52 rows=109 width=0)
	        Index Cond: ((k >= 3209331) AND (k <= 3209431))

table 5 : explain SELECT k, c FROM sbtest5 WHERE k BETWEEN 3209331 AND 3209431
	Bitmap Heap Scan on sbtest5  (cost=5.57..445.18 rows=111 width=125)
	  Recheck Cond: ((k >= 3209331) AND (k <= 3209431))
	  ->  Bitmap Index Scan on k_5  (cost=0.00..5.54 rows=111 width=0)
	        Index Cond: ((k >= 3209331) AND (k <= 3209431))

table 6 : explain SELECT k, c FROM sbtest6 WHERE k BETWEEN 3209331 AND 3209431
	Bitmap Heap Scan on sbtest6  (cost=5.46..401.69 rows=100 width=125)
	  Recheck Cond: ((k >= 3209331) AND (k <= 3209431))
	  ->  Bitmap Index Scan on k_6  (cost=0.00..5.43 rows=100 width=0)
	        Index Cond: ((k >= 3209331) AND (k <= 3209431))

table 7 : explain SELECT k, c FROM sbtest7 WHERE k BETWEEN 3209331 AND 3209431
	Bitmap Heap Scan on sbtest7  (cost=5.38..370.19 rows=92 width=125)
	  Recheck Cond: ((k >= 3209331) AND (k <= 3209431))
	  ->  Bitmap Index Scan on k_7  (cost=0.00..5.35 rows=92 width=0)
	        Index Cond: ((k >= 3209331) AND (k <= 3209431))

table 8 : explain SELECT k, c FROM sbtest8 WHERE k BETWEEN 3209331 AND 3209431
	Bitmap Heap Scan on sbtest8  (cost=5.48..409.59 rows=102 width=125)
	  Recheck Cond: ((k >= 3209331) AND (k <= 3209431))
	  ->  Bitmap Index Scan on k_8  (cost=0.00..5.45 rows=102 width=0)
	        Index Cond: ((k >= 3209331) AND (k <= 3209431))
explain: for range-notcovered :: explain SELECT k, c FROM sbtest%d WHERE k BETWEEN 5358538 AND 5358638
explain: for range-notcovered :: explain SELECT k, c FROM sbtest%d WHERE k BETWEEN 495695 AND 495795

explain: for range-notcovered :: explain SELECT k, c FROM sbtest%d WHERE k BETWEEN 7181028 AND 7181128
explain: for range-notcovered :: explain SELECT k, c FROM sbtest%d WHERE k BETWEEN 3209331 AND 3209431
explain: for range-notcovered :: explain SELECT k, c FROM sbtest%d WHERE k BETWEEN 7705401 AND 7705501
for range-notcovered
table 1 : explain SELECT k, c FROM sbtest1 WHERE k BETWEEN 6091113 AND 6091213
	Bitmap Heap Scan on sbtest1  (cost=5.50..417.34 rows=104 width=125)
	  Recheck Cond: ((k >= 6091113) AND (k <= 6091213))
	  ->  Bitmap Index Scan on k_1  (cost=0.00..5.47 rows=104 width=0)
	        Index Cond: ((k >= 6091113) AND (k <= 6091213))

table 2 : explain SELECT k, c FROM sbtest2 WHERE k BETWEEN 6091113 AND 6091213
	Bitmap Heap Scan on sbtest2  (cost=5.53..429.21 rows=107 width=125)
	  Recheck Cond: ((k >= 6091113) AND (k <= 6091213))
	  ->  Bitmap Index Scan on k_2  (cost=0.00..5.50 rows=107 width=0)
	        Index Cond: ((k >= 6091113) AND (k <= 6091213))

table 3 : explain SELECT k, c FROM sbtest3 WHERE k BETWEEN 6091113 AND 6091213
	Bitmap Heap Scan on sbtest3  (cost=5.40..377.95 rows=94 width=125)
	  Recheck Cond: ((k >= 6091113) AND (k <= 6091213))
	  ->  Bitmap Index Scan on k_3  (cost=0.00..5.38 rows=94 width=0)
	        Index Cond: ((k >= 6091113) AND (k <= 6091213))

table 4 : explain SELECT k, c FROM sbtest4 WHERE k BETWEEN 6091113 AND 6091213
	Bitmap Heap Scan on sbtest4  (cost=5.47..405.57 rows=101 width=125)
	  Recheck Cond: ((k >= 6091113) AND (k <= 6091213))
	  ->  Bitmap Index Scan on k_4  (cost=0.00..5.44 rows=101 width=0)
	        Index Cond: ((k >= 6091113) AND (k <= 6091213))

table 5 : explain SELECT k, c FROM sbtest5 WHERE k BETWEEN 6091113 AND 6091213
	Bitmap Heap Scan on sbtest5  (cost=5.43..389.93 rows=97 width=125)
	  Recheck Cond: ((k >= 6091113) AND (k <= 6091213))
	  ->  Bitmap Index Scan on k_5  (cost=0.00..5.40 rows=97 width=0)
	        Index Cond: ((k >= 6091113) AND (k <= 6091213))

table 6 : explain SELECT k, c FROM sbtest6 WHERE k BETWEEN 6091113 AND 6091213
	Bitmap Heap Scan on sbtest6  (cost=5.44..393.79 rows=98 width=125)
	  Recheck Cond: ((k >= 6091113) AND (k <= 6091213))
	  ->  Bitmap Index Scan on k_6  (cost=0.00..5.42 rows=98 width=0)
	        Index Cond: ((k >= 6091113) AND (k <= 6091213))

table 7 : explain SELECT k, c FROM sbtest7 WHERE k BETWEEN 6091113 AND 6091213
	Bitmap Heap Scan on sbtest7  (cost=5.49..413.62 rows=103 width=125)
	  Recheck Cond: ((k >= 6091113) AND (k <= 6091213))
	  ->  Bitmap Index Scan on k_7  (cost=0.00..5.46 rows=103 width=0)
	        Index Cond: ((k >= 6091113) AND (k <= 6091213))

table 8 : explain SELECT k, c FROM sbtest8 WHERE k BETWEEN 6091113 AND 6091213
	Bitmap Heap Scan on sbtest8  (cost=5.54..433.26 rows=108 width=125)
	  Recheck Cond: ((k >= 6091113) AND (k <= 6091213))
	  ->  Bitmap Index Scan on k_8  (cost=0.00..5.51 rows=108 width=0)
	        Index Cond: ((k >= 6091113) AND (k <= 6091213))

for range-notcovered
table 1 : explain SELECT k, c FROM sbtest1 WHERE k BETWEEN 7572654 AND 7572754
	Bitmap Heap Scan on sbtest1  (cost=5.48..409.45 rows=102 width=125)
	  Recheck Cond: ((k >= 7572654) AND (k <= 7572754))
	  ->  Bitmap Index Scan on k_1  (cost=0.00..5.45 rows=102 width=0)
	        Index Cond: ((k >= 7572654) AND (k <= 7572754))

table 2 : explain SELECT k, c FROM sbtest2 WHERE k BETWEEN 7572654 AND 7572754
	Bitmap Heap Scan on sbtest2  (cost=5.47..405.55 rows=101 width=125)
	  Recheck Cond: ((k >= 7572654) AND (k <= 7572754))
	  ->  Bitmap Index Scan on k_2  (cost=0.00..5.44 rows=101 width=0)
	        Index Cond: ((k >= 7572654) AND (k <= 7572754))

table 3 : explain SELECT k, c FROM sbtest3 WHERE k BETWEEN 7572654 AND 7572754
	Bitmap Heap Scan on sbtest3  (cost=5.50..417.40 rows=104 width=125)
	  Recheck Cond: ((k >= 7572654) AND (k <= 7572754))
	  ->  Bitmap Index Scan on k_3  (cost=0.00..5.47 rows=104 width=0)
	        Index Cond: ((k >= 7572654) AND (k <= 7572754))

table 4 : explain SELECT k, c FROM sbtest4 WHERE k BETWEEN 7572654 AND 7572754
	Bitmap Heap Scan on sbtest4  (cost=5.57..445.00 rows=111 width=125)
	  Recheck Cond: ((k >= 7572654) AND (k <= 7572754))
	  ->  Bitmap Index Scan on k_4  (cost=0.00..5.54 rows=111 width=0)
	        Index Cond: ((k >= 7572654) AND (k <= 7572754))

table 5 : explain SELECT k, c FROM sbtest5 WHERE k BETWEEN 7572654 AND 7572754
	Bitmap Heap Scan on sbtest5  (cost=5.45..397.83 rows=99 width=125)
	  Recheck Cond: ((k >= 7572654) AND (k <= 7572754))
	  ->  Bitmap Index Scan on k_5  (cost=0.00..5.42 rows=99 width=0)
	        Index Cond: ((k >= 7572654) AND (k <= 7572754))

table 6 : explain SELECT k, c FROM sbtest6 WHERE k BETWEEN 7572654 AND 7572754
	Bitmap Heap Scan on sbtest6  (cost=5.53..429.30 rows=107 width=125)
	  Recheck Cond: ((k >= 7572654) AND (k <= 7572754))
	  ->  Bitmap Index Scan on k_6  (cost=0.00..5.50 rows=107 width=0)
	        Index Cond: ((k >= 7572654) AND (k <= 7572754))

table 7 : explain SELECT k, c FROM sbtest7 WHERE k BETWEEN 7572654 AND 7572754
	Bitmap Heap Scan on sbtest7  (cost=5.42..385.98 rows=96 width=125)
	  Recheck Cond: ((k >= 7572654) AND (k <= 7572754))
	  ->  Bitmap Index Scan on k_7  (cost=0.00..5.39 rows=96 width=0)
	        Index Cond: ((k >= 7572654) AND (k <= 7572754))

table 8 : explain SELECT k, c FROM sbtest8 WHERE k BETWEEN 7572654 AND 7572754
	Bitmap Heap Scan on sbtest8  (cost=5.63..468.73 rows=117 width=125)
	  Recheck Cond: ((k >= 7572654) AND (k <= 7572754))
	  ->  Bitmap Index Scan on k_8  (cost=0.00..5.60 rows=117 width=0)
	        Index Cond: ((k >= 7572654) AND (k <= 7572754))

for range-notcovered
table 1 : explain SELECT k, c FROM sbtest1 WHERE k BETWEEN 2149693 AND 2149793
	Bitmap Heap Scan on sbtest1  (cost=5.44..393.67 rows=98 width=125)
	  Recheck Cond: ((k >= 2149693) AND (k <= 2149793))
	  ->  Bitmap Index Scan on k_1  (cost=0.00..5.42 rows=98 width=0)
	        Index Cond: ((k >= 2149693) AND (k <= 2149793))

table 2 : explain SELECT k, c FROM sbtest2 WHERE k BETWEEN 2149693 AND 2149793
	Bitmap Heap Scan on sbtest2  (cost=5.51..421.33 rows=105 width=125)
	  Recheck Cond: ((k >= 2149693) AND (k <= 2149793))
	  ->  Bitmap Index Scan on k_2  (cost=0.00..5.48 rows=105 width=0)
	        Index Cond: ((k >= 2149693) AND (k <= 2149793))

table 3 : explain SELECT k, c FROM sbtest3 WHERE k BETWEEN 2149693 AND 2149793
	Bitmap Heap Scan on sbtest3  (cost=5.41..381.90 rows=95 width=125)
	  Recheck Cond: ((k >= 2149693) AND (k <= 2149793))
	  ->  Bitmap Index Scan on k_3  (cost=0.00..5.38 rows=95 width=0)
	        Index Cond: ((k >= 2149693) AND (k <= 2149793))

table 4 : explain SELECT k, c FROM sbtest4 WHERE k BETWEEN 2149693 AND 2149793
	Bitmap Heap Scan on sbtest4  (cost=5.50..417.40 rows=104 width=125)
	  Recheck Cond: ((k >= 2149693) AND (k <= 2149793))
	  ->  Bitmap Index Scan on k_4  (cost=0.00..5.47 rows=104 width=0)
	        Index Cond: ((k >= 2149693) AND (k <= 2149793))

table 5 : explain SELECT k, c FROM sbtest5 WHERE k BETWEEN 2149693 AND 2149793
	Bitmap Heap Scan on sbtest5  (cost=5.55..437.29 rows=109 width=125)
	  Recheck Cond: ((k >= 2149693) AND (k <= 2149793))
	  ->  Bitmap Index Scan on k_5  (cost=0.00..5.52 rows=109 width=0)
	        Index Cond: ((k >= 2149693) AND (k <= 2149793))

table 6 : explain SELECT k, c FROM sbtest6 WHERE k BETWEEN 2149693 AND 2149793
	Bitmap Heap Scan on sbtest6  (cost=5.46..401.69 rows=100 width=125)
	  Recheck Cond: ((k >= 2149693) AND (k <= 2149793))
	  ->  Bitmap Index Scan on k_6  (cost=0.00..5.43 rows=100 width=0)
	        Index Cond: ((k >= 2149693) AND (k <= 2149793))

table 7 : explain SELECT k, c FROM sbtest7 WHERE k BETWEEN 2149693 AND 2149793
	Bitmap Heap Scan on sbtest7  (cost=5.45..397.83 rows=99 width=125)
	  Recheck Cond: ((k >= 2149693) AND (k <= 2149793))
	  ->  Bitmap Index Scan on k_7  (cost=0.00..5.42 rows=99 width=0)
	        Index Cond: ((k >= 2149693) AND (k <= 2149793))

table 8 : explain SELECT k, c FROM sbtest8 WHERE k BETWEEN 2149693 AND 2149793
	Bitmap Heap Scan on sbtest8  (cost=5.51..421.42 rows=105 width=125)
	  Recheck Cond: ((k >= 2149693) AND (k <= 2149793))
	  ->  Bitmap Index Scan on k_8  (cost=0.00..5.48 rows=105 width=0)
	        Index Cond: ((k >= 2149693) AND (k <= 2149793))

for range-notcovered
table 1 : explain SELECT k, c FROM sbtest1 WHERE k BETWEEN 3932444 AND 3932544
	Bitmap Heap Scan on sbtest1  (cost=5.60..456.74 rows=114 width=125)
	  Recheck Cond: ((k >= 3932444) AND (k <= 3932544))
	  ->  Bitmap Index Scan on k_1  (cost=0.00..5.58 rows=114 width=0)
	        Index Cond: ((k >= 3932444) AND (k <= 3932544))

table 2 : explain SELECT k, c FROM sbtest2 WHERE k BETWEEN 3932444 AND 3932544
	Bitmap Heap Scan on sbtest2  (cost=5.48..409.50 rows=102 width=125)
	  Recheck Cond: ((k >= 3932444) AND (k <= 3932544))
	  ->  Bitmap Index Scan on k_2  (cost=0.00..5.45 rows=102 width=0)
	        Index Cond: ((k >= 3932444) AND (k <= 3932544))

table 3 : explain SELECT k, c FROM sbtest3 WHERE k BETWEEN 3932444 AND 3932544
	Bitmap Heap Scan on sbtest3  (cost=5.42..385.84 rows=96 width=125)
	  Recheck Cond: ((k >= 3932444) AND (k <= 3932544))
	  ->  Bitmap Index Scan on k_3  (cost=0.00..5.39 rows=96 width=0)
	        Index Cond: ((k >= 3932444) AND (k <= 3932544))

table 4 : explain SELECT k, c FROM sbtest4 WHERE k BETWEEN 3932444 AND 3932544
	Bitmap Heap Scan on sbtest4  (cost=5.48..409.51 rows=102 width=125)
	  Recheck Cond: ((k >= 3932444) AND (k <= 3932544))
	  ->  Bitmap Index Scan on k_4  (cost=0.00..5.45 rows=102 width=0)
	        Index Cond: ((k >= 3932444) AND (k <= 3932544))

table 5 : explain SELECT k, c FROM sbtest5 WHERE k BETWEEN 3932444 AND 3932544
	Bitmap Heap Scan on sbtest5  (cost=5.46..401.78 rows=100 width=125)
	  Recheck Cond: ((k >= 3932444) AND (k <= 3932544))
	  ->  Bitmap Index Scan on k_5  (cost=0.00..5.43 rows=100 width=0)
	        Index Cond: ((k >= 3932444) AND (k <= 3932544))

table 6 : explain SELECT k, c FROM sbtest6 WHERE k BETWEEN 3932444 AND 3932544
	Bitmap Heap Scan on sbtest6  (cost=5.59..452.95 rows=113 width=125)
	  Recheck Cond: ((k >= 3932444) AND (k <= 3932544))
	  ->  Bitmap Index Scan on k_6  (cost=0.00..5.56 rows=113 width=0)
	        Index Cond: ((k >= 3932444) AND (k <= 3932544))

table 7 : explain SELECT k, c FROM sbtest7 WHERE k BETWEEN 3932444 AND 3932544
	Bitmap Heap Scan on sbtest7  (cost=5.48..409.67 rows=102 width=125)
	  Recheck Cond: ((k >= 3932444) AND (k <= 3932544))
	  ->  Bitmap Index Scan on k_7  (cost=0.00..5.45 rows=102 width=0)
	        Index Cond: ((k >= 3932444) AND (k <= 3932544))

table 8 : explain SELECT k, c FROM sbtest8 WHERE k BETWEEN 3932444 AND 3932544
	Bitmap Heap Scan on sbtest8  (cost=5.41..381.96 rows=95 width=125)
	  Recheck Cond: ((k >= 3932444) AND (k <= 3932544))
	  ->  Bitmap Index Scan on k_8  (cost=0.00..5.38 rows=95 width=0)
	        Index Cond: ((k >= 3932444) AND (k <= 3932544))

explain: for range-notcovered :: explain SELECT k, c FROM sbtest%d WHERE k BETWEEN 4647253 AND 4647353
for range-notcovered
table 1 : explain SELECT k, c FROM sbtest1 WHERE k BETWEEN 5062200 AND 5062300
	Bitmap Heap Scan on sbtest1  (cost=5.46..401.56 rows=100 width=125)
	  Recheck Cond: ((k >= 5062200) AND (k <= 5062300))
	  ->  Bitmap Index Scan on k_1  (cost=0.00..5.43 rows=100 width=0)
	        Index Cond: ((k >= 5062200) AND (k <= 5062300))

table 2 : explain SELECT k, c FROM sbtest2 WHERE k BETWEEN 5062200 AND 5062300
	Bitmap Heap Scan on sbtest2  (cost=5.46..401.61 rows=100 width=125)
	  Recheck Cond: ((k >= 5062200) AND (k <= 5062300))
	  ->  Bitmap Index Scan on k_2  (cost=0.00..5.43 rows=100 width=0)
	        Index Cond: ((k >= 5062200) AND (k <= 5062300))

table 3 : explain SELECT k, c FROM sbtest3 WHERE k BETWEEN 5062200 AND 5062300
	Bitmap Heap Scan on sbtest3  (cost=5.62..464.70 rows=116 width=125)
	  Recheck Cond: ((k >= 5062200) AND (k <= 5062300))
	  ->  Bitmap Index Scan on k_3  (cost=0.00..5.59 rows=116 width=0)
	        Index Cond: ((k >= 5062200) AND (k <= 5062300))

table 4 : explain SELECT k, c FROM sbtest4 WHERE k BETWEEN 5062200 AND 5062300
	Bitmap Heap Scan on sbtest4  (cost=5.50..417.40 rows=104 width=125)
	  Recheck Cond: ((k >= 5062200) AND (k <= 5062300))
	  ->  Bitmap Index Scan on k_4  (cost=0.00..5.47 rows=104 width=0)
	        Index Cond: ((k >= 5062200) AND (k <= 5062300))

table 5 : explain SELECT k, c FROM sbtest5 WHERE k BETWEEN 5062200 AND 5062300
	Bitmap Heap Scan on sbtest5  (cost=5.38..370.18 rows=92 width=125)
	  Recheck Cond: ((k >= 5062200) AND (k <= 5062300))
	  ->  Bitmap Index Scan on k_5  (cost=0.00..5.35 rows=92 width=0)
	        Index Cond: ((k >= 5062200) AND (k <= 5062300))

table 6 : explain SELECT k, c FROM sbtest6 WHERE k BETWEEN 5062200 AND 5062300
	Bitmap Heap Scan on sbtest6  (cost=5.49..413.52 rows=103 width=125)
	  Recheck Cond: ((k >= 5062200) AND (k <= 5062300))
	  ->  Bitmap Index Scan on k_6  (cost=0.00..5.46 rows=103 width=0)
	        Index Cond: ((k >= 5062200) AND (k <= 5062300))

table 7 : explain SELECT k, c FROM sbtest7 WHERE k BETWEEN 5062200 AND 5062300
	Bitmap Heap Scan on sbtest7  (cost=5.49..413.62 rows=103 width=125)
	  Recheck Cond: ((k >= 5062200) AND (k <= 5062300))
	  ->  Bitmap Index Scan on k_7  (cost=0.00..5.46 rows=103 width=0)
	        Index Cond: ((k >= 5062200) AND (k <= 5062300))

table 8 : explain SELECT k, c FROM sbtest8 WHERE k BETWEEN 5062200 AND 5062300
	Bitmap Heap Scan on sbtest8  (cost=5.52..425.37 rows=106 width=125)
	  Recheck Cond: ((k >= 5062200) AND (k <= 5062300))
	  ->  Bitmap Index Scan on k_8  (cost=0.00..5.50 rows=106 width=0)
	        Index Cond: ((k >= 5062200) AND (k <= 5062300))

for range-notcovered
table 1 : explain SELECT k, c FROM sbtest1 WHERE k BETWEEN 3679004 AND 3679104
	Bitmap Heap Scan on sbtest1  (cost=5.45..397.62 rows=99 width=125)
	  Recheck Cond: ((k >= 3679004) AND (k <= 3679104))
	  ->  Bitmap Index Scan on k_1  (cost=0.00..5.42 rows=99 width=0)
	        Index Cond: ((k >= 3679004) AND (k <= 3679104))

table 2 : explain SELECT k, c FROM sbtest2 WHERE k BETWEEN 3679004 AND 3679104
	Bitmap Heap Scan on sbtest2  (cost=5.51..421.33 rows=105 width=125)
	  Recheck Cond: ((k >= 3679004) AND (k <= 3679104))
	  ->  Bitmap Index Scan on k_2  (cost=0.00..5.48 rows=105 width=0)
	        Index Cond: ((k >= 3679004) AND (k <= 3679104))

table 3 : explain SELECT k, c FROM sbtest3 WHERE k BETWEEN 3679004 AND 3679104
	Bitmap Heap Scan on sbtest3  (cost=5.44..393.74 rows=98 width=125)
	  Recheck Cond: ((k >= 3679004) AND (k <= 3679104))
	  ->  Bitmap Index Scan on k_3  (cost=0.00..5.42 rows=98 width=0)
	        Index Cond: ((k >= 3679004) AND (k <= 3679104))

table 4 : explain SELECT k, c FROM sbtest4 WHERE k BETWEEN 3679004 AND 3679104
	Bitmap Heap Scan on sbtest4  (cost=5.55..437.12 rows=109 width=125)
	  Recheck Cond: ((k >= 3679004) AND (k <= 3679104))
	  ->  Bitmap Index Scan on k_4  (cost=0.00..5.52 rows=109 width=0)
	        Index Cond: ((k >= 3679004) AND (k <= 3679104))

table 5 : explain SELECT k, c FROM sbtest5 WHERE k BETWEEN 3679004 AND 3679104
	Bitmap Heap Scan on sbtest5  (cost=5.46..401.78 rows=100 width=125)
	  Recheck Cond: ((k >= 3679004) AND (k <= 3679104))
	  ->  Bitmap Index Scan on k_5  (cost=0.00..5.43 rows=100 width=0)
	        Index Cond: ((k >= 3679004) AND (k <= 3679104))

table 6 : explain SELECT k, c FROM sbtest6 WHERE k BETWEEN 3679004 AND 3679104
	Bitmap Heap Scan on sbtest6  (cost=5.49..413.52 rows=103 width=125)
	  Recheck Cond: ((k >= 3679004) AND (k <= 3679104))
	  ->  Bitmap Index Scan on k_6  (cost=0.00..5.46 rows=103 width=0)
	        Index Cond: ((k >= 3679004) AND (k <= 3679104))

table 7 : explain SELECT k, c FROM sbtest7 WHERE k BETWEEN 3679004 AND 3679104
	Bitmap Heap Scan on sbtest7  (cost=5.56..441.23 rows=110 width=125)
	  Recheck Cond: ((k >= 3679004) AND (k <= 3679104))
	  ->  Bitmap Index Scan on k_7  (cost=0.00..5.53 rows=110 width=0)
	        Index Cond: ((k >= 3679004) AND (k <= 3679104))

table 8 : explain SELECT k, c FROM sbtest8 WHERE k BETWEEN 3679004 AND 3679104
	Bitmap Heap Scan on sbtest8  (cost=5.45..397.75 rows=99 width=125)
	  Recheck Cond: ((k >= 3679004) AND (k <= 3679104))
	  ->  Bitmap Index Scan on k_8  (cost=0.00..5.42 rows=99 width=0)
	        Index Cond: ((k >= 3679004) AND (k <= 3679104))

explain: for range-notcovered :: explain SELECT k, c FROM sbtest%d WHERE k BETWEEN 2149693 AND 2149793
for range-notcovered
table 1 : explain SELECT k, c FROM sbtest1 WHERE k BETWEEN 7884776 AND 7884876
	Bitmap Heap Scan on sbtest1  (cost=5.35..358.15 rows=89 width=125)
	  Recheck Cond: ((k >= 7884776) AND (k <= 7884876))
	  ->  Bitmap Index Scan on k_1  (cost=0.00..5.32 rows=89 width=0)
	        Index Cond: ((k >= 7884776) AND (k <= 7884876))

table 2 : explain SELECT k, c FROM sbtest2 WHERE k BETWEEN 7884776 AND 7884876
	Bitmap Heap Scan on sbtest2  (cost=5.55..437.10 rows=109 width=125)
	  Recheck Cond: ((k >= 7884776) AND (k <= 7884876))
	  ->  Bitmap Index Scan on k_2  (cost=0.00..5.52 rows=109 width=0)
	        Index Cond: ((k >= 7884776) AND (k <= 7884876))

table 3 : explain SELECT k, c FROM sbtest3 WHERE k BETWEEN 7884776 AND 7884876
	Bitmap Heap Scan on sbtest3  (cost=5.49..413.46 rows=103 width=125)
	  Recheck Cond: ((k >= 7884776) AND (k <= 7884876))
	  ->  Bitmap Index Scan on k_3  (cost=0.00..5.46 rows=103 width=0)
	        Index Cond: ((k >= 7884776) AND (k <= 7884876))

table 4 : explain SELECT k, c FROM sbtest4 WHERE k BETWEEN 7884776 AND 7884876
	Bitmap Heap Scan on sbtest4  (cost=5.48..409.51 rows=102 width=125)
	  Recheck Cond: ((k >= 7884776) AND (k <= 7884876))
	  ->  Bitmap Index Scan on k_4  (cost=0.00..5.45 rows=102 width=0)
	        Index Cond: ((k >= 7884776) AND (k <= 7884876))

table 5 : explain SELECT k, c FROM sbtest5 WHERE k BETWEEN 7884776 AND 7884876
	Bitmap Heap Scan on sbtest5  (cost=5.58..449.12 rows=112 width=125)
	  Recheck Cond: ((k >= 7884776) AND (k <= 7884876))
	  ->  Bitmap Index Scan on k_5  (cost=0.00..5.55 rows=112 width=0)
	        Index Cond: ((k >= 7884776) AND (k <= 7884876))

table 6 : explain SELECT k, c FROM sbtest6 WHERE k BETWEEN 7884776 AND 7884876
	Bitmap Heap Scan on sbtest6  (cost=5.40..378.00 rows=94 width=125)
	  Recheck Cond: ((k >= 7884776) AND (k <= 7884876))
	  ->  Bitmap Index Scan on k_6  (cost=0.00..5.38 rows=94 width=0)
	        Index Cond: ((k >= 7884776) AND (k <= 7884876))

table 7 : explain SELECT k, c FROM sbtest7 WHERE k BETWEEN 7884776 AND 7884876
	Bitmap Heap Scan on sbtest7  (cost=5.51..421.51 rows=105 width=125)
	  Recheck Cond: ((k >= 7884776) AND (k <= 7884876))
	  ->  Bitmap Index Scan on k_7  (cost=0.00..5.48 rows=105 width=0)
	        Index Cond: ((k >= 7884776) AND (k <= 7884876))

table 8 : explain SELECT k, c FROM sbtest8 WHERE k BETWEEN 7884776 AND 7884876
	Bitmap Heap Scan on sbtest8  (cost=5.45..397.75 rows=99 width=125)
	  Recheck Cond: ((k >= 7884776) AND (k <= 7884876))
	  ->  Bitmap Index Scan on k_8  (cost=0.00..5.42 rows=99 width=0)
	        Index Cond: ((k >= 7884776) AND (k <= 7884876))

for range-notcovered
table 1 : explain SELECT k, c FROM sbtest1 WHERE k BETWEEN 5118410 AND 5118510
	Bitmap Heap Scan on sbtest1  (cost=5.56..440.99 rows=110 width=125)
	  Recheck Cond: ((k >= 5118410) AND (k <= 5118510))
	  ->  Bitmap Index Scan on k_1  (cost=0.00..5.53 rows=110 width=0)
	        Index Cond: ((k >= 5118410) AND (k <= 5118510))

table 2 : explain SELECT k, c FROM sbtest2 WHERE k BETWEEN 5118410 AND 5118510
	Bitmap Heap Scan on sbtest2  (cost=5.46..401.61 rows=100 width=125)
	  Recheck Cond: ((k >= 5118410) AND (k <= 5118510))
	  ->  Bitmap Index Scan on k_2  (cost=0.00..5.43 rows=100 width=0)
	        Index Cond: ((k >= 5118410) AND (k <= 5118510))

table 3 : explain SELECT k, c FROM sbtest3 WHERE k BETWEEN 5118410 AND 5118510
	Bitmap Heap Scan on sbtest3  (cost=5.46..401.63 rows=100 width=125)
	  Recheck Cond: ((k >= 5118410) AND (k <= 5118510))
	  ->  Bitmap Index Scan on k_3  (cost=0.00..5.43 rows=100 width=0)
	        Index Cond: ((k >= 5118410) AND (k <= 5118510))

table 4 : explain SELECT k, c FROM sbtest4 WHERE k BETWEEN 5118410 AND 5118510
	Bitmap Heap Scan on sbtest4  (cost=5.50..417.40 rows=104 width=125)
	  Recheck Cond: ((k >= 5118410) AND (k <= 5118510))
	  ->  Bitmap Index Scan on k_4  (cost=0.00..5.47 rows=104 width=0)
	        Index Cond: ((k >= 5118410) AND (k <= 5118510))

table 5 : explain SELECT k, c FROM sbtest5 WHERE k BETWEEN 5118410 AND 5118510
	Bitmap Heap Scan on sbtest5  (cost=5.51..421.51 rows=105 width=125)
	  Recheck Cond: ((k >= 5118410) AND (k <= 5118510))
	  ->  Bitmap Index Scan on k_5  (cost=0.00..5.48 rows=105 width=0)
	        Index Cond: ((k >= 5118410) AND (k <= 5118510))

table 6 : explain SELECT k, c FROM sbtest6 WHERE k BETWEEN 5118410 AND 5118510
	Bitmap Heap Scan on sbtest6  (cost=5.47..405.63 rows=101 width=125)
	  Recheck Cond: ((k >= 5118410) AND (k <= 5118510))
	  ->  Bitmap Index Scan on k_6  (cost=0.00..5.44 rows=101 width=0)
	        Index Cond: ((k >= 5118410) AND (k <= 5118510))

table 7 : explain SELECT k, c FROM sbtest7 WHERE k BETWEEN 5118410 AND 5118510
	Bitmap Heap Scan on sbtest7  (cost=5.49..413.62 rows=103 width=125)
	  Recheck Cond: ((k >= 5118410) AND (k <= 5118510))
	  ->  Bitmap Index Scan on k_7  (cost=0.00..5.46 rows=103 width=0)
	        Index Cond: ((k >= 5118410) AND (k <= 5118510))

table 8 : explain SELECT k, c FROM sbtest8 WHERE k BETWEEN 5118410 AND 5118510
	Bitmap Heap Scan on sbtest8  (cost=5.52..425.37 rows=106 width=125)
	  Recheck Cond: ((k >= 5118410) AND (k <= 5118510))
	  ->  Bitmap Index Scan on k_8  (cost=0.00..5.50 rows=106 width=0)
	        Index Cond: ((k >= 5118410) AND (k <= 5118510))

for range-notcovered
table 1 : explain SELECT k, c FROM sbtest1 WHERE k BETWEEN 5364173 AND 5364273
	Bitmap Heap Scan on sbtest1  (cost=5.40..377.89 rows=94 width=125)
	  Recheck Cond: ((k >= 5364173) AND (k <= 5364273))
	  ->  Bitmap Index Scan on k_1  (cost=0.00..5.38 rows=94 width=0)
	        Index Cond: ((k >= 5364173) AND (k <= 5364273))

table 2 : explain SELECT k, c FROM sbtest2 WHERE k BETWEEN 5364173 AND 5364273
	Bitmap Heap Scan on sbtest2  (cost=5.52..425.27 rows=106 width=125)
	  Recheck Cond: ((k >= 5364173) AND (k <= 5364273))
	  ->  Bitmap Index Scan on k_2  (cost=0.00..5.50 rows=106 width=0)
	        Index Cond: ((k >= 5364173) AND (k <= 5364273))

table 3 : explain SELECT k, c FROM sbtest3 WHERE k BETWEEN 5364173 AND 5364273
	Bitmap Heap Scan on sbtest3  (cost=5.43..389.79 rows=97 width=125)
	  Recheck Cond: ((k >= 5364173) AND (k <= 5364273))
	  ->  Bitmap Index Scan on k_3  (cost=0.00..5.40 rows=97 width=0)
	        Index Cond: ((k >= 5364173) AND (k <= 5364273))

table 4 : explain SELECT k, c FROM sbtest4 WHERE k BETWEEN 5364173 AND 5364273
	Bitmap Heap Scan on sbtest4  (cost=5.53..429.23 rows=107 width=125)
	  Recheck Cond: ((k >= 5364173) AND (k <= 5364273))
	  ->  Bitmap Index Scan on k_4  (cost=0.00..5.50 rows=107 width=0)
	        Index Cond: ((k >= 5364173) AND (k <= 5364273))

table 5 : explain SELECT k, c FROM sbtest5 WHERE k BETWEEN 5364173 AND 5364273
	Bitmap Heap Scan on sbtest5  (cost=5.38..370.18 rows=92 width=125)
	  Recheck Cond: ((k >= 5364173) AND (k <= 5364273))
	  ->  Bitmap Index Scan on k_5  (cost=0.00..5.35 rows=92 width=0)
	        Index Cond: ((k >= 5364173) AND (k <= 5364273))

table 6 : explain SELECT k, c FROM sbtest6 WHERE k BETWEEN 5364173 AND 5364273
	Bitmap Heap Scan on sbtest6  (cost=5.46..401.69 rows=100 width=125)
	  Recheck Cond: ((k >= 5364173) AND (k <= 5364273))
	  ->  Bitmap Index Scan on k_6  (cost=0.00..5.43 rows=100 width=0)
	        Index Cond: ((k >= 5364173) AND (k <= 5364273))

table 7 : explain SELECT k, c FROM sbtest7 WHERE k BETWEEN 5364173 AND 5364273
	Bitmap Heap Scan on sbtest7  (cost=5.54..433.35 rows=108 width=125)
	  Recheck Cond: ((k >= 5364173) AND (k <= 5364273))
	  ->  Bitmap Index Scan on k_7  (cost=0.00..5.51 rows=108 width=0)
	        Index Cond: ((k >= 5364173) AND (k <= 5364273))

table 8 : explain SELECT k, c FROM sbtest8 WHERE k BETWEEN 5364173 AND 5364273
	Bitmap Heap Scan on sbtest8  (cost=5.54..433.26 rows=108 width=125)
	  Recheck Cond: ((k >= 5364173) AND (k <= 5364273))
	  ->  Bitmap Index Scan on k_8  (cost=0.00..5.51 rows=108 width=0)
	        Index Cond: ((k >= 5364173) AND (k <= 5364273))

for range-notcovered
table 1 : explain SELECT k, c FROM sbtest1 WHERE k BETWEEN 4467670 AND 4467770
	Bitmap Heap Scan on sbtest1  (cost=5.47..405.51 rows=101 width=125)
	  Recheck Cond: ((k >= 4467670) AND (k <= 4467770))
	  ->  Bitmap Index Scan on k_1  (cost=0.00..5.44 rows=101 width=0)
	        Index Cond: ((k >= 4467670) AND (k <= 4467770))

table 2 : explain SELECT k, c FROM sbtest2 WHERE k BETWEEN 4467670 AND 4467770
	Bitmap Heap Scan on sbtest2  (cost=5.56..441.04 rows=110 width=125)
	  Recheck Cond: ((k >= 4467670) AND (k <= 4467770))
	  ->  Bitmap Index Scan on k_2  (cost=0.00..5.53 rows=110 width=0)
	        Index Cond: ((k >= 4467670) AND (k <= 4467770))

table 3 : explain SELECT k, c FROM sbtest3 WHERE k BETWEEN 4467670 AND 4467770
	Bitmap Heap Scan on sbtest3  (cost=5.47..405.57 rows=101 width=125)
	  Recheck Cond: ((k >= 4467670) AND (k <= 4467770))
	  ->  Bitmap Index Scan on k_3  (cost=0.00..5.44 rows=101 width=0)
	        Index Cond: ((k >= 4467670) AND (k <= 4467770))

table 4 : explain SELECT k, c FROM sbtest4 WHERE k BETWEEN 4467670 AND 4467770
	Bitmap Heap Scan on sbtest4  (cost=5.53..429.23 rows=107 width=125)
	  Recheck Cond: ((k >= 4467670) AND (k <= 4467770))
	  ->  Bitmap Index Scan on k_4  (cost=0.00..5.50 rows=107 width=0)
	        Index Cond: ((k >= 4467670) AND (k <= 4467770))

table 5 : explain SELECT k, c FROM sbtest5 WHERE k BETWEEN 4467670 AND 4467770
	Bitmap Heap Scan on sbtest5  (cost=5.56..441.23 rows=110 width=125)
	  Recheck Cond: ((k >= 4467670) AND (k <= 4467770))
	  ->  Bitmap Index Scan on k_5  (cost=0.00..5.53 rows=110 width=0)
	        Index Cond: ((k >= 4467670) AND (k <= 4467770))

table 6 : explain SELECT k, c FROM sbtest6 WHERE k BETWEEN 4467670 AND 4467770
	Bitmap Heap Scan on sbtest6  (cost=5.41..381.95 rows=95 width=125)
	  Recheck Cond: ((k >= 4467670) AND (k <= 4467770))
	  ->  Bitmap Index Scan on k_6  (cost=0.00..5.38 rows=95 width=0)
	        Index Cond: ((k >= 4467670) AND (k <= 4467770))

table 7 : explain SELECT k, c FROM sbtest7 WHERE k BETWEEN 4467670 AND 4467770
	Bitmap Heap Scan on sbtest7  (cost=5.50..417.56 rows=104 width=125)
	  Recheck Cond: ((k >= 4467670) AND (k <= 4467770))
	  ->  Bitmap Index Scan on k_7  (cost=0.00..5.47 rows=104 width=0)
	        Index Cond: ((k >= 4467670) AND (k <= 4467770))

table 8 : explain SELECT k, c FROM sbtest8 WHERE k BETWEEN 4467670 AND 4467770
	Bitmap Heap Scan on sbtest8  (cost=5.54..433.26 rows=108 width=125)
	  Recheck Cond: ((k >= 4467670) AND (k <= 4467770))
	  ->  Bitmap Index Scan on k_8  (cost=0.00..5.51 rows=108 width=0)
	        Index Cond: ((k >= 4467670) AND (k <= 4467770))

for range-notcovered
table 1 : explain SELECT k, c FROM sbtest1 WHERE k BETWEEN 1004812 AND 1004912
	Bitmap Heap Scan on sbtest1  (cost=5.49..413.39 rows=103 width=125)
	  Recheck Cond: ((k >= 1004812) AND (k <= 1004912))
	  ->  Bitmap Index Scan on k_1  (cost=0.00..5.46 rows=103 width=0)
	        Index Cond: ((k >= 1004812) AND (k <= 1004912))

table 2 : explain SELECT k, c FROM sbtest2 WHERE k BETWEEN 1004812 AND 1004912
	Bitmap Heap Scan on sbtest2  (cost=5.51..421.33 rows=105 width=125)
	  Recheck Cond: ((k >= 1004812) AND (k <= 1004912))
	  ->  Bitmap Index Scan on k_2  (cost=0.00..5.48 rows=105 width=0)
	        Index Cond: ((k >= 1004812) AND (k <= 1004912))

table 3 : explain SELECT k, c FROM sbtest3 WHERE k BETWEEN 1004812 AND 1004912
	Bitmap Heap Scan on sbtest3  (cost=5.49..413.46 rows=103 width=125)
	  Recheck Cond: ((k >= 1004812) AND (k <= 1004912))
	  ->  Bitmap Index Scan on k_3  (cost=0.00..5.46 rows=103 width=0)
	        Index Cond: ((k >= 1004812) AND (k <= 1004912))

table 4 : explain SELECT k, c FROM sbtest4 WHERE k BETWEEN 1004812 AND 1004912
	Bitmap Heap Scan on sbtest4  (cost=5.33..350.30 rows=87 width=125)
	  Recheck Cond: ((k >= 1004812) AND (k <= 1004912))
	  ->  Bitmap Index Scan on k_4  (cost=0.00..5.30 rows=87 width=0)
	        Index Cond: ((k >= 1004812) AND (k <= 1004912))

table 5 : explain SELECT k, c FROM sbtest5 WHERE k BETWEEN 1004812 AND 1004912
	Bitmap Heap Scan on sbtest5  (cost=5.50..417.56 rows=104 width=125)
	  Recheck Cond: ((k >= 1004812) AND (k <= 1004912))
	  ->  Bitmap Index Scan on k_5  (cost=0.00..5.47 rows=104 width=0)
	        Index Cond: ((k >= 1004812) AND (k <= 1004912))

table 6 : explain SELECT k, c FROM sbtest6 WHERE k BETWEEN 1004812 AND 1004912
	Bitmap Heap Scan on sbtest6  (cost=5.45..397.74 rows=99 width=125)
	  Recheck Cond: ((k >= 1004812) AND (k <= 1004912))
	  ->  Bitmap Index Scan on k_6  (cost=0.00..5.42 rows=99 width=0)
	        Index Cond: ((k >= 1004812) AND (k <= 1004912))

table 7 : explain SELECT k, c FROM sbtest7 WHERE k BETWEEN 1004812 AND 1004912
	Bitmap Heap Scan on sbtest7  (cost=5.37..366.23 rows=91 width=125)
	  Recheck Cond: ((k >= 1004812) AND (k <= 1004912))
	  ->  Bitmap Index Scan on k_7  (cost=0.00..5.34 rows=91 width=0)
	        Index Cond: ((k >= 1004812) AND (k <= 1004912))

table 8 : explain SELECT k, c FROM sbtest8 WHERE k BETWEEN 1004812 AND 1004912
	Bitmap Heap Scan on sbtest8  (cost=5.67..480.55 rows=120 width=125)
	  Recheck Cond: ((k >= 1004812) AND (k <= 1004912))
	  ->  Bitmap Index Scan on k_8  (cost=0.00..5.63 rows=120 width=0)
	        Index Cond: ((k >= 1004812) AND (k <= 1004912))
explain: for range-notcovered :: explain SELECT k, c FROM sbtest%d WHERE k BETWEEN 5118410 AND 5118510for range-notcovered
table 1 : explain SELECT k, c FROM sbtest1 WHERE k BETWEEN 4995921 AND 4996021
	Bitmap Heap Scan on sbtest1  (cost=5.46..401.56 rows=100 width=125)
	  Recheck Cond: ((k >= 4995921) AND (k <= 4996021))
	  ->  Bitmap Index Scan on k_1  (cost=0.00..5.43 rows=100 width=0)
	        Index Cond: ((k >= 4995921) AND (k <= 4996021))

table 2 : explain SELECT k, c FROM sbtest2 WHERE k BETWEEN 4995921 AND 4996021
	Bitmap Heap Scan on sbtest2  (cost=5.46..401.61 rows=100 width=125)
	  Recheck Cond: ((k >= 4995921) AND (k <= 4996021))
	  ->  Bitmap Index Scan on k_2  (cost=0.00..5.43 rows=100 width=0)
	        Index Cond: ((k >= 4995921) AND (k <= 4996021))

table 3 : explain SELECT k, c FROM sbtest3 WHERE k BETWEEN 4995921 AND 4996021
	Bitmap Heap Scan on sbtest3  (cost=5.62..464.70 rows=116 width=125)
	  Recheck Cond: ((k >= 4995921) AND (k <= 4996021))
	  ->  Bitmap Index Scan on k_3  (cost=0.00..5.59 rows=116 width=0)
	        Index Cond: ((k >= 4995921) AND (k <= 4996021))

table 4 : explain SELECT k, c FROM sbtest4 WHERE k BETWEEN 4995921 AND 4996021
	Bitmap Heap Scan on sbtest4  (cost=5.44..393.73 rows=98 width=125)
	  Recheck Cond: ((k >= 4995921) AND (k <= 4996021))
	  ->  Bitmap Index Scan on k_4  (cost=0.00..5.42 rows=98 width=0)
	        Index Cond: ((k >= 4995921) AND (k <= 4996021))

table 5 : explain SELECT k, c FROM sbtest5 WHERE k BETWEEN 4995921 AND 4996021
	Bitmap Heap Scan on sbtest5  (cost=5.38..370.18 rows=92 width=125)
	  Recheck Cond: ((k >= 4995921) AND (k <= 4996021))
	  ->  Bitmap Index Scan on k_5  (cost=0.00..5.35 rows=92 width=0)
	        Index Cond: ((k >= 4995921) AND (k <= 4996021))

table 6 : explain SELECT k, c FROM sbtest6 WHERE k BETWEEN 4995921 AND 4996021
	Bitmap Heap Scan on sbtest6  (cost=5.51..421.41 rows=105 width=125)
	  Recheck Cond: ((k >= 4995921) AND (k <= 4996021))
	  ->  Bitmap Index Scan on k_6  (cost=0.00..5.48 rows=105 width=0)
	        Index Cond: ((k >= 4995921) AND (k <= 4996021))

table 7 : explain SELECT k, c FROM sbtest7 WHERE k BETWEEN 4995921 AND 4996021
	Bitmap Heap Scan on sbtest7  (cost=5.46..401.78 rows=100 width=125)
	  Recheck Cond: ((k >= 4995921) AND (k <= 4996021))
	  ->  Bitmap Index Scan on k_7  (cost=0.00..5.43 rows=100 width=0)
	        Index Cond: ((k >= 4995921) AND (k <= 4996021))

table 8 : explain SELECT k, c FROM sbtest8 WHERE k BETWEEN 4995921 AND 4996021
	Bitmap Heap Scan on sbtest8  (cost=5.42..385.91 rows=96 width=125)
	  Recheck Cond: ((k >= 4995921) AND (k <= 4996021))
	  ->  Bitmap Index Scan on k_8  (cost=0.00..5.39 rows=96 width=0)
	        Index Cond: ((k >= 4995921) AND (k <= 4996021))

explain: for range-notcovered :: explain SELECT k, c FROM sbtest%d WHERE k BETWEEN 5364173 AND 5364273for range-notcovered
table 1 : explain SELECT k, c FROM sbtest1 WHERE k BETWEEN 2839463 AND 2839563
	Bitmap Heap Scan on sbtest1  (cost=5.48..409.45 rows=102 width=125)
	  Recheck Cond: ((k >= 2839463) AND (k <= 2839563))
	  ->  Bitmap Index Scan on k_1  (cost=0.00..5.45 rows=102 width=0)
	        Index Cond: ((k >= 2839463) AND (k <= 2839563))

table 2 : explain SELECT k, c FROM sbtest2 WHERE k BETWEEN 2839463 AND 2839563
	Bitmap Heap Scan on sbtest2  (cost=5.47..405.55 rows=101 width=125)
	  Recheck Cond: ((k >= 2839463) AND (k <= 2839563))
	  ->  Bitmap Index Scan on k_2  (cost=0.00..5.44 rows=101 width=0)
	        Index Cond: ((k >= 2839463) AND (k <= 2839563))

table 3 : explain SELECT k, c FROM sbtest3 WHERE k BETWEEN 2839463 AND 2839563
	Bitmap Heap Scan on sbtest3  (cost=5.47..405.57 rows=101 width=125)
	  Recheck Cond: ((k >= 2839463) AND (k <= 2839563))
	  ->  Bitmap Index Scan on k_3  (cost=0.00..5.44 rows=101 width=0)
	        Index Cond: ((k >= 2839463) AND (k <= 2839563))

table 4 : explain SELECT k, c FROM sbtest4 WHERE k BETWEEN 2839463 AND 2839563
	Bitmap Heap Scan on sbtest4  (cost=5.59..452.88 rows=113 width=125)
	  Recheck Cond: ((k >= 2839463) AND (k <= 2839563))
	  ->  Bitmap Index Scan on k_4  (cost=0.00..5.56 rows=113 width=0)
	        Index Cond: ((k >= 2839463) AND (k <= 2839563))

table 5 : explain SELECT k, c FROM sbtest5 WHERE k BETWEEN 2839463 AND 2839563
	Bitmap Heap Scan on sbtest5  (cost=5.49..413.62 rows=103 width=125)
	  Recheck Cond: ((k >= 2839463) AND (k <= 2839563))
	  ->  Bitmap Index Scan on k_5  (cost=0.00..5.46 rows=103 width=0)
	        Index Cond: ((k >= 2839463) AND (k <= 2839563))

table 6 : explain SELECT k, c FROM sbtest6 WHERE k BETWEEN 2839463 AND 2839563
	Bitmap Heap Scan on sbtest6  (cost=5.53..429.30 rows=107 width=125)
	  Recheck Cond: ((k >= 2839463) AND (k <= 2839563))
	  ->  Bitmap Index Scan on k_6  (cost=0.00..5.50 rows=107 width=0)
	        Index Cond: ((k >= 2839463) AND (k <= 2839563))

table 7 : explain SELECT k, c FROM sbtest7 WHERE k BETWEEN 2839463 AND 2839563
	Bitmap Heap Scan on sbtest7  (cost=5.42..385.98 rows=96 width=125)
	  Recheck Cond: ((k >= 2839463) AND (k <= 2839563))
	  ->  Bitmap Index Scan on k_7  (cost=0.00..5.39 rows=96 width=0)
	        Index Cond: ((k >= 2839463) AND (k <= 2839563))

table 8 : explain SELECT k, c FROM sbtest8 WHERE k BETWEEN 2839463 AND 2839563
	Bitmap Heap Scan on sbtest8  (cost=5.47..405.64 rows=101 width=125)
	  Recheck Cond: ((k >= 2839463) AND (k <= 2839563))
	  ->  Bitmap Index Scan on k_8  (cost=0.00..5.44 rows=101 width=0)
	        Index Cond: ((k >= 2839463) AND (k <= 2839563))




explain: for range-notcovered :: explain SELECT k, c FROM sbtest%d WHERE k BETWEEN 3679004 AND 3679104
explain: for range-notcovered :: explain SELECT k, c FROM sbtest%d WHERE k BETWEEN 4995921 AND 4996021
for range-notcovered
table 1 : explain SELECT k, c FROM sbtest1 WHERE k BETWEEN 7181028 AND 7181128
	Bitmap Heap Scan on sbtest1  (cost=5.43..389.73 rows=97 width=125)
	  Recheck Cond: ((k >= 7181028) AND (k <= 7181128))
	  ->  Bitmap Index Scan on k_1  (cost=0.00..5.40 rows=97 width=0)
	        Index Cond: ((k >= 7181028) AND (k <= 7181128))

table 2 : explain SELECT k, c FROM sbtest2 WHERE k BETWEEN 7181028 AND 7181128
	Bitmap Heap Scan on sbtest2  (cost=5.39..373.98 rows=93 width=125)
	  Recheck Cond: ((k >= 7181028) AND (k <= 7181128))
	  ->  Bitmap Index Scan on k_2  (cost=0.00..5.36 rows=93 width=0)
	        Index Cond: ((k >= 7181028) AND (k <= 7181128))

table 3 : explain SELECT k, c FROM sbtest3 WHERE k BETWEEN 7181028 AND 7181128
	Bitmap Heap Scan on sbtest3  (cost=5.53..429.23 rows=107 width=125)
	  Recheck Cond: ((k >= 7181028) AND (k <= 7181128))
	  ->  Bitmap Index Scan on k_3  (cost=0.00..5.50 rows=107 width=0)
	        Index Cond: ((k >= 7181028) AND (k <= 7181128))

table 4 : explain SELECT k, c FROM sbtest4 WHERE k BETWEEN 7181028 AND 7181128
	Bitmap Heap Scan on sbtest4  (cost=5.40..377.95 rows=94 width=125)
	  Recheck Cond: ((k >= 7181028) AND (k <= 7181128))
	  ->  Bitmap Index Scan on k_4  (cost=0.00..5.38 rows=94 width=0)
	        Index Cond: ((k >= 7181028) AND (k <= 7181128))

table 5 : explain SELECT k, c FROM sbtest5 WHERE k BETWEEN 7181028 AND 7181128
	Bitmap Heap Scan on sbtest5  (cost=5.46..401.78 rows=100 width=125)
	  Recheck Cond: ((k >= 7181028) AND (k <= 7181128))
	  ->  Bitmap Index Scan on k_5  (cost=0.00..5.43 rows=100 width=0)
	        Index Cond: ((k >= 7181028) AND (k <= 7181128))

table 6 : explain SELECT k, c FROM sbtest6 WHERE k BETWEEN 7181028 AND 7181128
	Bitmap Heap Scan on sbtest6  (cost=5.49..413.52 rows=103 width=125)
	  Recheck Cond: ((k >= 7181028) AND (k <= 7181128))
	  ->  Bitmap Index Scan on k_6  (cost=0.00..5.46 rows=103 width=0)
	        Index Cond: ((k >= 7181028) AND (k <= 7181128))

table 7 : explain SELECT k, c FROM sbtest7 WHERE k BETWEEN 7181028 AND 7181128
	Bitmap Heap Scan on sbtest7  (cost=5.54..433.35 rows=108 width=125)
	  Recheck Cond: ((k >= 7181028) AND (k <= 7181128))
	  ->  Bitmap Index Scan on k_7  (cost=0.00..5.51 rows=108 width=0)
	        Index Cond: ((k >= 7181028) AND (k <= 7181128))

table 8 : explain SELECT k, c FROM sbtest8 WHERE k BETWEEN 7181028 AND 7181128
	Bitmap Heap Scan on sbtest8  (cost=5.51..421.42 rows=105 width=125)
	  Recheck Cond: ((k >= 7181028) AND (k <= 7181128))
	  ->  Bitmap Index Scan on k_8  (cost=0.00..5.48 rows=105 width=0)
	        Index Cond: ((k >= 7181028) AND (k <= 7181128))

explain: for range-notcovered :: explain SELECT k, c FROM sbtest%d WHERE k BETWEEN 6675946 AND 6676046
for range-notcovered
table 1 : explain SELECT k, c FROM sbtest1 WHERE k BETWEEN 495695 AND 495795
	Bitmap Heap Scan on sbtest1  (cost=5.49..413.39 rows=103 width=125)
	  Recheck Cond: ((k >= 495695) AND (k <= 495795))
	  ->  Bitmap Index Scan on k_1  (cost=0.00..5.46 rows=103 width=0)
	        Index Cond: ((k >= 495695) AND (k <= 495795))

table 2 : explain SELECT k, c FROM sbtest2 WHERE k BETWEEN 495695 AND 495795
	Bitmap Heap Scan on sbtest2  (cost=5.48..409.50 rows=102 width=125)
	  Recheck Cond: ((k >= 495695) AND (k <= 495795))
	  ->  Bitmap Index Scan on k_2  (cost=0.00..5.45 rows=102 width=0)
	        Index Cond: ((k >= 495695) AND (k <= 495795))

table 3 : explain SELECT k, c FROM sbtest3 WHERE k BETWEEN 495695 AND 495795
	Bitmap Heap Scan on sbtest3  (cost=5.49..413.46 rows=103 width=125)
	  Recheck Cond: ((k >= 495695) AND (k <= 495795))
	  ->  Bitmap Index Scan on k_3  (cost=0.00..5.46 rows=103 width=0)
	        Index Cond: ((k >= 495695) AND (k <= 495795))

table 4 : explain SELECT k, c FROM sbtest4 WHERE k BETWEEN 495695 AND 495795
	Bitmap Heap Scan on sbtest4  (cost=5.47..405.57 rows=101 width=125)
	  Recheck Cond: ((k >= 495695) AND (k <= 495795))
	  ->  Bitmap Index Scan on k_4  (cost=0.00..5.44 rows=101 width=0)
	        Index Cond: ((k >= 495695) AND (k <= 495795))

table 5 : explain SELECT k, c FROM sbtest5 WHERE k BETWEEN 495695 AND 495795
	Bitmap Heap Scan on sbtest5  (cost=5.44..393.88 rows=98 width=125)
	  Recheck Cond: ((k >= 495695) AND (k <= 495795))
	  ->  Bitmap Index Scan on k_5  (cost=0.00..5.42 rows=98 width=0)
	        Index Cond: ((k >= 495695) AND (k <= 495795))

table 6 : explain SELECT k, c FROM sbtest6 WHERE k BETWEEN 495695 AND 495795
	Bitmap Heap Scan on sbtest6  (cost=5.47..405.63 rows=101 width=125)
	  Recheck Cond: ((k >= 495695) AND (k <= 495795))
	  ->  Bitmap Index Scan on k_6  (cost=0.00..5.44 rows=101 width=0)
	        Index Cond: ((k >= 495695) AND (k <= 495795))

table 7 : explain SELECT k, c FROM sbtest7 WHERE k BETWEEN 495695 AND 495795
	Bitmap Heap Scan on sbtest7  (cost=5.42..385.98 rows=96 width=125)
	  Recheck Cond: ((k >= 495695) AND (k <= 495795))
	  ->  Bitmap Index Scan on k_7  (cost=0.00..5.39 rows=96 width=0)
	        Index Cond: ((k >= 495695) AND (k <= 495795))

table 8 : explain SELECT k, c FROM sbtest8 WHERE k BETWEEN 495695 AND 495795
	Bitmap Heap Scan on sbtest8  (cost=5.35..358.26 rows=89 width=125)
	  Recheck Cond: ((k >= 495695) AND (k <= 495795))
	  ->  Bitmap Index Scan on k_8  (cost=0.00..5.32 rows=89 width=0)
	        Index Cond: ((k >= 495695) AND (k <= 495795))

explain: for range-notcovered :: explain SELECT k, c FROM sbtest%d WHERE k BETWEEN 2839463 AND 2839563
for range-notcovered
table 1 : explain SELECT k, c FROM sbtest1 WHERE k BETWEEN 8273721 AND 8273821
	Bitmap Heap Scan on sbtest1  (cost=5.43..389.73 rows=97 width=125)
	  Recheck Cond: ((k >= 8273721) AND (k <= 8273821))
	  ->  Bitmap Index Scan on k_1  (cost=0.00..5.40 rows=97 width=0)
	        Index Cond: ((k >= 8273721) AND (k <= 8273821))

table 2 : explain SELECT k, c FROM sbtest2 WHERE k BETWEEN 8273721 AND 8273821
	Bitmap Heap Scan on sbtest2  (cost=5.41..381.88 rows=95 width=125)
	  Recheck Cond: ((k >= 8273721) AND (k <= 8273821))
	  ->  Bitmap Index Scan on k_2  (cost=0.00..5.38 rows=95 width=0)
	        Index Cond: ((k >= 8273721) AND (k <= 8273821))

table 3 : explain SELECT k, c FROM sbtest3 WHERE k BETWEEN 8273721 AND 8273821
	Bitmap Heap Scan on sbtest3  (cost=5.51..421.35 rows=105 width=125)
	  Recheck Cond: ((k >= 8273721) AND (k <= 8273821))
	  ->  Bitmap Index Scan on k_3  (cost=0.00..5.48 rows=105 width=0)
	        Index Cond: ((k >= 8273721) AND (k <= 8273821))

table 4 : explain SELECT k, c FROM sbtest4 WHERE k BETWEEN 8273721 AND 8273821
	Bitmap Heap Scan on sbtest4  (cost=5.53..429.23 rows=107 width=125)
	  Recheck Cond: ((k >= 8273721) AND (k <= 8273821))
	  ->  Bitmap Index Scan on k_4  (cost=0.00..5.50 rows=107 width=0)
	        Index Cond: ((k >= 8273721) AND (k <= 8273821))

table 5 : explain SELECT k, c FROM sbtest5 WHERE k BETWEEN 8273721 AND 8273821
	Bitmap Heap Scan on sbtest5  (cost=5.45..397.83 rows=99 width=125)
	  Recheck Cond: ((k >= 8273721) AND (k <= 8273821))
	  ->  Bitmap Index Scan on k_5  (cost=0.00..5.42 rows=99 width=0)
	        Index Cond: ((k >= 8273721) AND (k <= 8273821))

table 6 : explain SELECT k, c FROM sbtest6 WHERE k BETWEEN 8273721 AND 8273821
	Bitmap Heap Scan on sbtest6  (cost=5.49..413.52 rows=103 width=125)
	  Recheck Cond: ((k >= 8273721) AND (k <= 8273821))
	  ->  Bitmap Index Scan on k_6  (cost=0.00..5.46 rows=103 width=0)
	        Index Cond: ((k >= 8273721) AND (k <= 8273821))

table 7 : explain SELECT k, c FROM sbtest7 WHERE k BETWEEN 8273721 AND 8273821
	Bitmap Heap Scan on sbtest7  (cost=5.42..385.98 rows=96 width=125)
	  Recheck Cond: ((k >= 8273721) AND (k <= 8273821))
	  ->  Bitmap Index Scan on k_7  (cost=0.00..5.39 rows=96 width=0)
	        Index Cond: ((k >= 8273721) AND (k <= 8273821))

table 8 : explain SELECT k, c FROM sbtest8 WHERE k BETWEEN 8273721 AND 8273821
	Bitmap Heap Scan on sbtest8  (cost=5.51..421.42 rows=105 width=125)
	  Recheck Cond: ((k >= 8273721) AND (k <= 8273821))
	  ->  Bitmap Index Scan on k_8  (cost=0.00..5.48 rows=105 width=0)
	        Index Cond: ((k >= 8273721) AND (k <= 8273821))

explain: for range-notcovered :: explain SELECT k, c FROM sbtest%d WHERE k BETWEEN 1004812 AND 1004912
explain: for range-notcovered :: explain SELECT k, c FROM sbtest%d WHERE k BETWEEN 495695 AND 495795
for range-notcovered
table 1 : explain SELECT k, c FROM sbtest1 WHERE k BETWEEN 4198112 AND 4198212
	Bitmap Heap Scan on sbtest1  (cost=5.54..433.10 rows=108 width=125)
	  Recheck Cond: ((k >= 4198112) AND (k <= 4198212))
	  ->  Bitmap Index Scan on k_1  (cost=0.00..5.51 rows=108 width=0)
	        Index Cond: ((k >= 4198112) AND (k <= 4198212))

table 2 : explain SELECT k, c FROM sbtest2 WHERE k BETWEEN 4198112 AND 4198212
	Bitmap Heap Scan on sbtest2  (cost=5.53..429.21 rows=107 width=125)
	  Recheck Cond: ((k >= 4198112) AND (k <= 4198212))
	  ->  Bitmap Index Scan on k_2  (cost=0.00..5.50 rows=107 width=0)
	        Index Cond: ((k >= 4198112) AND (k <= 4198212))

table 3 : explain SELECT k, c FROM sbtest3 WHERE k BETWEEN 4198112 AND 4198212
	Bitmap Heap Scan on sbtest3  (cost=5.52..425.29 rows=106 width=125)
	  Recheck Cond: ((k >= 4198112) AND (k <= 4198212))
	  ->  Bitmap Index Scan on k_3  (cost=0.00..5.50 rows=106 width=0)
	        Index Cond: ((k >= 4198112) AND (k <= 4198212))

table 4 : explain SELECT k, c FROM sbtest4 WHERE k BETWEEN 4198112 AND 4198212
	Bitmap Heap Scan on sbtest4  (cost=5.42..385.84 rows=96 width=125)
	  Recheck Cond: ((k >= 4198112) AND (k <= 4198212))
	  ->  Bitmap Index Scan on k_4  (cost=0.00..5.39 rows=96 width=0)
	        Index Cond: ((k >= 4198112) AND (k <= 4198212))

table 5 : explain SELECT k, c FROM sbtest5 WHERE k BETWEEN 4198112 AND 4198212
	Bitmap Heap Scan on sbtest5  (cost=5.44..393.88 rows=98 width=125)
	  Recheck Cond: ((k >= 4198112) AND (k <= 4198212))
	  ->  Bitmap Index Scan on k_5  (cost=0.00..5.42 rows=98 width=0)
	        Index Cond: ((k >= 4198112) AND (k <= 4198212))

table 6 : explain SELECT k, c FROM sbtest6 WHERE k BETWEEN 4198112 AND 4198212
	Bitmap Heap Scan on sbtest6  (cost=5.47..405.63 rows=101 width=125)
	  Recheck Cond: ((k >= 4198112) AND (k <= 4198212))
	  ->  Bitmap Index Scan on k_6  (cost=0.00..5.44 rows=101 width=0)
	        Index Cond: ((k >= 4198112) AND (k <= 4198212))

table 7 : explain SELECT k, c FROM sbtest7 WHERE k BETWEEN 4198112 AND 4198212
	Bitmap Heap Scan on sbtest7  (cost=5.40..378.09 rows=94 width=125)
	  Recheck Cond: ((k >= 4198112) AND (k <= 4198212))
	  ->  Bitmap Index Scan on k_7  (cost=0.00..5.38 rows=94 width=0)
	        Index Cond: ((k >= 4198112) AND (k <= 4198212))

table 8 : explain SELECT k, c FROM sbtest8 WHERE k BETWEEN 4198112 AND 4198212
	Bitmap Heap Scan on sbtest8  (cost=5.41..381.96 rows=95 width=125)
	  Recheck Cond: ((k >= 4198112) AND (k <= 4198212))
	  ->  Bitmap Index Scan on k_8  (cost=0.00..5.38 rows=95 width=0)
	        Index Cond: ((k >= 4198112) AND (k <= 4198212))

explain: for range-notcovered :: explain SELECT k, c FROM sbtest%d WHERE k BETWEEN 8273721 AND 8273821
explain: for range-notcovered :: explain SELECT k, c FROM sbtest%d WHERE k BETWEEN 2383423 AND 2383523explain: for range-notcovered :: explain SELECT k, c FROM sbtest%d WHERE k BETWEEN 4198112 AND 4198212

for range-notcovered
table 1 : explain SELECT k, c FROM sbtest1 WHERE k BETWEEN 1804304 AND 1804404
	Bitmap Heap Scan on sbtest1  (cost=5.40..377.89 rows=94 width=125)
	  Recheck Cond: ((k >= 1804304) AND (k <= 1804404))
	  ->  Bitmap Index Scan on k_1  (cost=0.00..5.38 rows=94 width=0)
	        Index Cond: ((k >= 1804304) AND (k <= 1804404))

table 2 : explain SELECT k, c FROM sbtest2 WHERE k BETWEEN 1804304 AND 1804404
	Bitmap Heap Scan on sbtest2  (cost=5.51..421.33 rows=105 width=125)
	  Recheck Cond: ((k >= 1804304) AND (k <= 1804404))
	  ->  Bitmap Index Scan on k_2  (cost=0.00..5.48 rows=105 width=0)
	        Index Cond: ((k >= 1804304) AND (k <= 1804404))

table 3 : explain SELECT k, c FROM sbtest3 WHERE k BETWEEN 1804304 AND 1804404
	Bitmap Heap Scan on sbtest3  (cost=5.45..397.68 rows=99 width=125)
	  Recheck Cond: ((k >= 1804304) AND (k <= 1804404))
	  ->  Bitmap Index Scan on k_3  (cost=0.00..5.42 rows=99 width=0)
	        Index Cond: ((k >= 1804304) AND (k <= 1804404))

table 4 : explain SELECT k, c FROM sbtest4 WHERE k BETWEEN 1804304 AND 1804404
	Bitmap Heap Scan on sbtest4  (cost=5.50..417.40 rows=104 width=125)
	  Recheck Cond: ((k >= 1804304) AND (k <= 1804404))
	  ->  Bitmap Index Scan on k_4  (cost=0.00..5.47 rows=104 width=0)
	        Index Cond: ((k >= 1804304) AND (k <= 1804404))

table 5 : explain SELECT k, c FROM sbtest5 WHERE k BETWEEN 1804304 AND 1804404
	Bitmap Heap Scan on sbtest5  (cost=5.51..421.51 rows=105 width=125)
	  Recheck Cond: ((k >= 1804304) AND (k <= 1804404))
	  ->  Bitmap Index Scan on k_5  (cost=0.00..5.48 rows=105 width=0)
	        Index Cond: ((k >= 1804304) AND (k <= 1804404))

table 6 : explain SELECT k, c FROM sbtest6 WHERE k BETWEEN 1804304 AND 1804404
	Bitmap Heap Scan on sbtest6  (cost=5.45..397.74 rows=99 width=125)
	  Recheck Cond: ((k >= 1804304) AND (k <= 1804404))
	  ->  Bitmap Index Scan on k_6  (cost=0.00..5.42 rows=99 width=0)
	        Index Cond: ((k >= 1804304) AND (k <= 1804404))

table 7 : explain SELECT k, c FROM sbtest7 WHERE k BETWEEN 1804304 AND 1804404
	Bitmap Heap Scan on sbtest7  (cost=5.44..393.88 rows=98 width=125)
	  Recheck Cond: ((k >= 1804304) AND (k <= 1804404))
	  ->  Bitmap Index Scan on k_7  (cost=0.00..5.42 rows=98 width=0)
	        Index Cond: ((k >= 1804304) AND (k <= 1804404))

table 8 : explain SELECT k, c FROM sbtest8 WHERE k BETWEEN 1804304 AND 1804404
	Bitmap Heap Scan on sbtest8  (cost=5.50..417.48 rows=104 width=125)
	  Recheck Cond: ((k >= 1804304) AND (k <= 1804404))
	  ->  Bitmap Index Scan on k_8  (cost=0.00..5.47 rows=104 width=0)
	        Index Cond: ((k >= 1804304) AND (k <= 1804404))

for range-notcovered
table 1 : explain SELECT k, c FROM sbtest1 WHERE k BETWEEN 5358538 AND 5358638
	Bitmap Heap Scan on sbtest1  (cost=5.40..377.89 rows=94 width=125)
	  Recheck Cond: ((k >= 5358538) AND (k <= 5358638))
	  ->  Bitmap Index Scan on k_1  (cost=0.00..5.38 rows=94 width=0)
	        Index Cond: ((k >= 5358538) AND (k <= 5358638))

table 2 : explain SELECT k, c FROM sbtest2 WHERE k BETWEEN 5358538 AND 5358638
	Bitmap Heap Scan on sbtest2  (cost=5.52..425.27 rows=106 width=125)
	  Recheck Cond: ((k >= 5358538) AND (k <= 5358638))
	  ->  Bitmap Index Scan on k_2  (cost=0.00..5.50 rows=106 width=0)
	        Index Cond: ((k >= 5358538) AND (k <= 5358638))

table 3 : explain SELECT k, c FROM sbtest3 WHERE k BETWEEN 5358538 AND 5358638
	Bitmap Heap Scan on sbtest3  (cost=5.43..389.79 rows=97 width=125)
	  Recheck Cond: ((k >= 5358538) AND (k <= 5358638))
	  ->  Bitmap Index Scan on k_3  (cost=0.00..5.40 rows=97 width=0)
	        Index Cond: ((k >= 5358538) AND (k <= 5358638))

table 4 : explain SELECT k, c FROM sbtest4 WHERE k BETWEEN 5358538 AND 5358638
	Bitmap Heap Scan on sbtest4  (cost=5.53..429.23 rows=107 width=125)
	  Recheck Cond: ((k >= 5358538) AND (k <= 5358638))
	  ->  Bitmap Index Scan on k_4  (cost=0.00..5.50 rows=107 width=0)
	        Index Cond: ((k >= 5358538) AND (k <= 5358638))

table 5 : explain SELECT k, c FROM sbtest5 WHERE k BETWEEN 5358538 AND 5358638
	Bitmap Heap Scan on sbtest5  (cost=5.38..370.18 rows=92 width=125)
	  Recheck Cond: ((k >= 5358538) AND (k <= 5358638))
	  ->  Bitmap Index Scan on k_5  (cost=0.00..5.35 rows=92 width=0)
	        Index Cond: ((k >= 5358538) AND (k <= 5358638))

table 6 : explain SELECT k, c FROM sbtest6 WHERE k BETWEEN 5358538 AND 5358638
	Bitmap Heap Scan on sbtest6  (cost=5.46..401.69 rows=100 width=125)
	  Recheck Cond: ((k >= 5358538) AND (k <= 5358638))
	  ->  Bitmap Index Scan on k_6  (cost=0.00..5.43 rows=100 width=0)
	        Index Cond: ((k >= 5358538) AND (k <= 5358638))

table 7 : explain SELECT k, c FROM sbtest7 WHERE k BETWEEN 5358538 AND 5358638
	Bitmap Heap Scan on sbtest7  (cost=5.54..433.35 rows=108 width=125)
	  Recheck Cond: ((k >= 5358538) AND (k <= 5358638))
	  ->  Bitmap Index Scan on k_7  (cost=0.00..5.51 rows=108 width=0)
	        Index Cond: ((k >= 5358538) AND (k <= 5358638))

table 8 : explain SELECT k, c FROM sbtest8 WHERE k BETWEEN 5358538 AND 5358638
	Bitmap Heap Scan on sbtest8  (cost=5.54..433.26 rows=108 width=125)
	  Recheck Cond: ((k >= 5358538) AND (k <= 5358638))
	  ->  Bitmap Index Scan on k_8  (cost=0.00..5.51 rows=108 width=0)
	        Index Cond: ((k >= 5358538) AND (k <= 5358638))

explain: for range-notcovered :: explain SELECT k, c FROM sbtest%d WHERE k BETWEEN 1804304 AND 1804404
explain: for range-notcovered :: explain SELECT k, c FROM sbtest%d WHERE k BETWEEN 5358538 AND 5358638
for range-notcovered
table 1 : explain SELECT k, c FROM sbtest1 WHERE k BETWEEN 6101935 AND 6102035
	Bitmap Heap Scan on sbtest1  (cost=5.50..417.34 rows=104 width=125)
	  Recheck Cond: ((k >= 6101935) AND (k <= 6102035))
	  ->  Bitmap Index Scan on k_1  (cost=0.00..5.47 rows=104 width=0)
	        Index Cond: ((k >= 6101935) AND (k <= 6102035))

table 2 : explain SELECT k, c FROM sbtest2 WHERE k BETWEEN 6101935 AND 6102035
	Bitmap Heap Scan on sbtest2  (cost=5.53..429.21 rows=107 width=125)
	  Recheck Cond: ((k >= 6101935) AND (k <= 6102035))
	  ->  Bitmap Index Scan on k_2  (cost=0.00..5.50 rows=107 width=0)
	        Index Cond: ((k >= 6101935) AND (k <= 6102035))

table 3 : explain SELECT k, c FROM sbtest3 WHERE k BETWEEN 6101935 AND 6102035
	Bitmap Heap Scan on sbtest3  (cost=5.40..377.95 rows=94 width=125)
	  Recheck Cond: ((k >= 6101935) AND (k <= 6102035))
	  ->  Bitmap Index Scan on k_3  (cost=0.00..5.38 rows=94 width=0)
	        Index Cond: ((k >= 6101935) AND (k <= 6102035))

table 4 : explain SELECT k, c FROM sbtest4 WHERE k BETWEEN 6101935 AND 6102035
	Bitmap Heap Scan on sbtest4  (cost=5.47..405.57 rows=101 width=125)
	  Recheck Cond: ((k >= 6101935) AND (k <= 6102035))
	  ->  Bitmap Index Scan on k_4  (cost=0.00..5.44 rows=101 width=0)
	        Index Cond: ((k >= 6101935) AND (k <= 6102035))

table 5 : explain SELECT k, c FROM sbtest5 WHERE k BETWEEN 6101935 AND 6102035
	Bitmap Heap Scan on sbtest5  (cost=5.43..389.93 rows=97 width=125)
	  Recheck Cond: ((k >= 6101935) AND (k <= 6102035))
	  ->  Bitmap Index Scan on k_5  (cost=0.00..5.40 rows=97 width=0)
	        Index Cond: ((k >= 6101935) AND (k <= 6102035))

table 6 : explain SELECT k, c FROM sbtest6 WHERE k BETWEEN 6101935 AND 6102035
	Bitmap Heap Scan on sbtest6  (cost=5.44..393.79 rows=98 width=125)
	  Recheck Cond: ((k >= 6101935) AND (k <= 6102035))
	  ->  Bitmap Index Scan on k_6  (cost=0.00..5.42 rows=98 width=0)
	        Index Cond: ((k >= 6101935) AND (k <= 6102035))

table 7 : explain SELECT k, c FROM sbtest7 WHERE k BETWEEN 6101935 AND 6102035
	Bitmap Heap Scan on sbtest7  (cost=5.49..413.62 rows=103 width=125)
	  Recheck Cond: ((k >= 6101935) AND (k <= 6102035))
	  ->  Bitmap Index Scan on k_7  (cost=0.00..5.46 rows=103 width=0)
	        Index Cond: ((k >= 6101935) AND (k <= 6102035))

table 8 : explain SELECT k, c FROM sbtest8 WHERE k BETWEEN 6101935 AND 6102035
	Bitmap Heap Scan on sbtest8  (cost=5.54..433.26 rows=108 width=125)
	  Recheck Cond: ((k >= 6101935) AND (k <= 6102035))
	  ->  Bitmap Index Scan on k_8  (cost=0.00..5.51 rows=108 width=0)
	        Index Cond: ((k >= 6101935) AND (k <= 6102035))

for range-notcovered
table 1 : explain SELECT k, c FROM sbtest1 WHERE k BETWEEN 5118410 AND 5118510
	Bitmap Heap Scan on sbtest1  (cost=5.56..440.99 rows=110 width=125)
	  Recheck Cond: ((k >= 5118410) AND (k <= 5118510))
	  ->  Bitmap Index Scan on k_1  (cost=0.00..5.53 rows=110 width=0)
	        Index Cond: ((k >= 5118410) AND (k <= 5118510))

table 2 : explain SELECT k, c FROM sbtest2 WHERE k BETWEEN 5118410 AND 5118510
	Bitmap Heap Scan on sbtest2  (cost=5.46..401.61 rows=100 width=125)
	  Recheck Cond: ((k >= 5118410) AND (k <= 5118510))
	  ->  Bitmap Index Scan on k_2  (cost=0.00..5.43 rows=100 width=0)
	        Index Cond: ((k >= 5118410) AND (k <= 5118510))

table 3 : explain SELECT k, c FROM sbtest3 WHERE k BETWEEN 5118410 AND 5118510
	Bitmap Heap Scan on sbtest3  (cost=5.46..401.63 rows=100 width=125)
	  Recheck Cond: ((k >= 5118410) AND (k <= 5118510))
	  ->  Bitmap Index Scan on k_3  (cost=0.00..5.43 rows=100 width=0)
	        Index Cond: ((k >= 5118410) AND (k <= 5118510))

table 4 : explain SELECT k, c FROM sbtest4 WHERE k BETWEEN 5118410 AND 5118510
	Bitmap Heap Scan on sbtest4  (cost=5.50..417.40 rows=104 width=125)
	  Recheck Cond: ((k >= 5118410) AND (k <= 5118510))
	  ->  Bitmap Index Scan on k_4  (cost=0.00..5.47 rows=104 width=0)
	        Index Cond: ((k >= 5118410) AND (k <= 5118510))

table 5 : explain SELECT k, c FROM sbtest5 WHERE k BETWEEN 5118410 AND 5118510
	Bitmap Heap Scan on sbtest5  (cost=5.51..421.51 rows=105 width=125)
	  Recheck Cond: ((k >= 5118410) AND (k <= 5118510))
	  ->  Bitmap Index Scan on k_5  (cost=0.00..5.48 rows=105 width=0)
	        Index Cond: ((k >= 5118410) AND (k <= 5118510))

table 6 : explain SELECT k, c FROM sbtest6 WHERE k BETWEEN 5118410 AND 5118510
	Bitmap Heap Scan on sbtest6  (cost=5.47..405.63 rows=101 width=125)
	  Recheck Cond: ((k >= 5118410) AND (k <= 5118510))
	  ->  Bitmap Index Scan on k_6  (cost=0.00..5.44 rows=101 width=0)
	        Index Cond: ((k >= 5118410) AND (k <= 5118510))

table 7 : explain SELECT k, c FROM sbtest7 WHERE k BETWEEN 5118410 AND 5118510
	Bitmap Heap Scan on sbtest7  (cost=5.49..413.62 rows=103 width=125)
	  Recheck Cond: ((k >= 5118410) AND (k <= 5118510))
	  ->  Bitmap Index Scan on k_7  (cost=0.00..5.46 rows=103 width=0)
	        Index Cond: ((k >= 5118410) AND (k <= 5118510))

table 8 : explain SELECT k, c FROM sbtest8 WHERE k BETWEEN 5118410 AND 5118510
	Bitmap Heap Scan on sbtest8  (cost=5.52..425.37 rows=106 width=125)
	  Recheck Cond: ((k >= 5118410) AND (k <= 5118510))
	  ->  Bitmap Index Scan on k_8  (cost=0.00..5.50 rows=106 width=0)
	        Index Cond: ((k >= 5118410) AND (k <= 5118510))

for range-notcovered
table 1 : explain SELECT k, c FROM sbtest1 WHERE k BETWEEN 5364173 AND 5364273
	Bitmap Heap Scan on sbtest1  (cost=5.40..377.89 rows=94 width=125)
	  Recheck Cond: ((k >= 5364173) AND (k <= 5364273))
	  ->  Bitmap Index Scan on k_1  (cost=0.00..5.38 rows=94 width=0)
	        Index Cond: ((k >= 5364173) AND (k <= 5364273))

table 2 : explain SELECT k, c FROM sbtest2 WHERE k BETWEEN 5364173 AND 5364273
	Bitmap Heap Scan on sbtest2  (cost=5.52..425.27 rows=106 width=125)
	  Recheck Cond: ((k >= 5364173) AND (k <= 5364273))
	  ->  Bitmap Index Scan on k_2  (cost=0.00..5.50 rows=106 width=0)
	        Index Cond: ((k >= 5364173) AND (k <= 5364273))

table 3 : explain SELECT k, c FROM sbtest3 WHERE k BETWEEN 5364173 AND 5364273
	Bitmap Heap Scan on sbtest3  (cost=5.43..389.79 rows=97 width=125)
	  Recheck Cond: ((k >= 5364173) AND (k <= 5364273))
	  ->  Bitmap Index Scan on k_3  (cost=0.00..5.40 rows=97 width=0)
	        Index Cond: ((k >= 5364173) AND (k <= 5364273))

table 4 : explain SELECT k, c FROM sbtest4 WHERE k BETWEEN 5364173 AND 5364273
	Bitmap Heap Scan on sbtest4  (cost=5.53..429.23 rows=107 width=125)
	  Recheck Cond: ((k >= 5364173) AND (k <= 5364273))
	  ->  Bitmap Index Scan on k_4  (cost=0.00..5.50 rows=107 width=0)
	        Index Cond: ((k >= 5364173) AND (k <= 5364273))

table 5 : explain SELECT k, c FROM sbtest5 WHERE k BETWEEN 5364173 AND 5364273
	Bitmap Heap Scan on sbtest5  (cost=5.38..370.18 rows=92 width=125)
	  Recheck Cond: ((k >= 5364173) AND (k <= 5364273))
	  ->  Bitmap Index Scan on k_5  (cost=0.00..5.35 rows=92 width=0)
	        Index Cond: ((k >= 5364173) AND (k <= 5364273))

table 6 : explain SELECT k, c FROM sbtest6 WHERE k BETWEEN 5364173 AND 5364273
	Bitmap Heap Scan on sbtest6  (cost=5.46..401.69 rows=100 width=125)
	  Recheck Cond: ((k >= 5364173) AND (k <= 5364273))
	  ->  Bitmap Index Scan on k_6  (cost=0.00..5.43 rows=100 width=0)
	        Index Cond: ((k >= 5364173) AND (k <= 5364273))

table 7 : explain SELECT k, c FROM sbtest7 WHERE k BETWEEN 5364173 AND 5364273
	Bitmap Heap Scan on sbtest7  (cost=5.54..433.35 rows=108 width=125)
	  Recheck Cond: ((k >= 5364173) AND (k <= 5364273))
	  ->  Bitmap Index Scan on k_7  (cost=0.00..5.51 rows=108 width=0)
	        Index Cond: ((k >= 5364173) AND (k <= 5364273))

table 8 : explain SELECT k, c FROM sbtest8 WHERE k BETWEEN 5364173 AND 5364273
	Bitmap Heap Scan on sbtest8  (cost=5.54..433.26 rows=108 width=125)
	  Recheck Cond: ((k >= 5364173) AND (k <= 5364273))
	  ->  Bitmap Index Scan on k_8  (cost=0.00..5.51 rows=108 width=0)
	        Index Cond: ((k >= 5364173) AND (k <= 5364273))

for range-notcovered
table 1 : explain SELECT k, c FROM sbtest1 WHERE k BETWEEN 4995921 AND 4996021
	Bitmap Heap Scan on sbtest1  (cost=5.46..401.56 rows=100 width=125)
	  Recheck Cond: ((k >= 4995921) AND (k <= 4996021))
	  ->  Bitmap Index Scan on k_1  (cost=0.00..5.43 rows=100 width=0)
	        Index Cond: ((k >= 4995921) AND (k <= 4996021))

table 2 : explain SELECT k, c FROM sbtest2 WHERE k BETWEEN 4995921 AND 4996021
	Bitmap Heap Scan on sbtest2  (cost=5.46..401.61 rows=100 width=125)
	  Recheck Cond: ((k >= 4995921) AND (k <= 4996021))
	  ->  Bitmap Index Scan on k_2  (cost=0.00..5.43 rows=100 width=0)
	        Index Cond: ((k >= 4995921) AND (k <= 4996021))

table 3 : explain SELECT k, c FROM sbtest3 WHERE k BETWEEN 4995921 AND 4996021
	Bitmap Heap Scan on sbtest3  (cost=5.62..464.70 rows=116 width=125)
	  Recheck Cond: ((k >= 4995921) AND (k <= 4996021))
	  ->  Bitmap Index Scan on k_3  (cost=0.00..5.59 rows=116 width=0)
	        Index Cond: ((k >= 4995921) AND (k <= 4996021))

table 4 : explain SELECT k, c FROM sbtest4 WHERE k BETWEEN 4995921 AND 4996021
	Bitmap Heap Scan on sbtest4  (cost=5.44..393.73 rows=98 width=125)
	  Recheck Cond: ((k >= 4995921) AND (k <= 4996021))
	  ->  Bitmap Index Scan on k_4  (cost=0.00..5.42 rows=98 width=0)
	        Index Cond: ((k >= 4995921) AND (k <= 4996021))

table 5 : explain SELECT k, c FROM sbtest5 WHERE k BETWEEN 4995921 AND 4996021
	Bitmap Heap Scan on sbtest5  (cost=5.38..370.18 rows=92 width=125)
	  Recheck Cond: ((k >= 4995921) AND (k <= 4996021))
	  ->  Bitmap Index Scan on k_5  (cost=0.00..5.35 rows=92 width=0)
	        Index Cond: ((k >= 4995921) AND (k <= 4996021))

table 6 : explain SELECT k, c FROM sbtest6 WHERE k BETWEEN 4995921 AND 4996021
	Bitmap Heap Scan on sbtest6  (cost=5.51..421.41 rows=105 width=125)
	  Recheck Cond: ((k >= 4995921) AND (k <= 4996021))
	  ->  Bitmap Index Scan on k_6  (cost=0.00..5.48 rows=105 width=0)
	        Index Cond: ((k >= 4995921) AND (k <= 4996021))

table 7 : explain SELECT k, c FROM sbtest7 WHERE k BETWEEN 4995921 AND 4996021
	Bitmap Heap Scan on sbtest7  (cost=5.46..401.78 rows=100 width=125)
	  Recheck Cond: ((k >= 4995921) AND (k <= 4996021))
	  ->  Bitmap Index Scan on k_7  (cost=0.00..5.43 rows=100 width=0)
	        Index Cond: ((k >= 4995921) AND (k <= 4996021))

table 8 : explain SELECT k, c FROM sbtest8 WHERE k BETWEEN 4995921 AND 4996021
	Bitmap Heap Scan on sbtest8  (cost=5.42..385.91 rows=96 width=125)
	  Recheck Cond: ((k >= 4995921) AND (k <= 4996021))
	  ->  Bitmap Index Scan on k_8  (cost=0.00..5.39 rows=96 width=0)
	        Index Cond: ((k >= 4995921) AND (k <= 4996021))

explain: for range-notcovered :: explain SELECT k, c FROM sbtest%d WHERE k BETWEEN 6101935 AND 6102035
explain: for range-notcovered :: explain SELECT k, c FROM sbtest%d WHERE k BETWEEN 5118410 AND 5118510
for range-notcovered
table 1 : explain SELECT k, c FROM sbtest1 WHERE k BETWEEN 5359968 AND 5360068
	Bitmap Heap Scan on sbtest1  (cost=5.40..377.89 rows=94 width=125)
	  Recheck Cond: ((k >= 5359968) AND (k <= 5360068))
	  ->  Bitmap Index Scan on k_1  (cost=0.00..5.38 rows=94 width=0)
	        Index Cond: ((k >= 5359968) AND (k <= 5360068))

table 2 : explain SELECT k, c FROM sbtest2 WHERE k BETWEEN 5359968 AND 5360068
	Bitmap Heap Scan on sbtest2  (cost=5.52..425.27 rows=106 width=125)
	  Recheck Cond: ((k >= 5359968) AND (k <= 5360068))
	  ->  Bitmap Index Scan on k_2  (cost=0.00..5.50 rows=106 width=0)
	        Index Cond: ((k >= 5359968) AND (k <= 5360068))

table 3 : explain SELECT k, c FROM sbtest3 WHERE k BETWEEN 5359968 AND 5360068
	Bitmap Heap Scan on sbtest3  (cost=5.43..389.79 rows=97 width=125)
	  Recheck Cond: ((k >= 5359968) AND (k <= 5360068))
	  ->  Bitmap Index Scan on k_3  (cost=0.00..5.40 rows=97 width=0)
	        Index Cond: ((k >= 5359968) AND (k <= 5360068))

table 4 : explain SELECT k, c FROM sbtest4 WHERE k BETWEEN 5359968 AND 5360068
	Bitmap Heap Scan on sbtest4  (cost=5.53..429.23 rows=107 width=125)
	  Recheck Cond: ((k >= 5359968) AND (k <= 5360068))
	  ->  Bitmap Index Scan on k_4  (cost=0.00..5.50 rows=107 width=0)
	        Index Cond: ((k >= 5359968) AND (k <= 5360068))

table 5 : explain SELECT k, c FROM sbtest5 WHERE k BETWEEN 5359968 AND 5360068
	Bitmap Heap Scan on sbtest5  (cost=5.38..370.18 rows=92 width=125)
	  Recheck Cond: ((k >= 5359968) AND (k <= 5360068))
	  ->  Bitmap Index Scan on k_5  (cost=0.00..5.35 rows=92 width=0)
	        Index Cond: ((k >= 5359968) AND (k <= 5360068))

table 6 : explain SELECT k, c FROM sbtest6 WHERE k BETWEEN 5359968 AND 5360068
	Bitmap Heap Scan on sbtest6  (cost=5.46..401.69 rows=100 width=125)
	  Recheck Cond: ((k >= 5359968) AND (k <= 5360068))
	  ->  Bitmap Index Scan on k_6  (cost=0.00..5.43 rows=100 width=0)
	        Index Cond: ((k >= 5359968) AND (k <= 5360068))

table 7 : explain SELECT k, c FROM sbtest7 WHERE k BETWEEN 5359968 AND 5360068
	Bitmap Heap Scan on sbtest7  (cost=5.54..433.35 rows=108 width=125)
	  Recheck Cond: ((k >= 5359968) AND (k <= 5360068))
	  ->  Bitmap Index Scan on k_7  (cost=0.00..5.51 rows=108 width=0)
	        Index Cond: ((k >= 5359968) AND (k <= 5360068))

table 8 : explain SELECT k, c FROM sbtest8 WHERE k BETWEEN 5359968 AND 5360068
	Bitmap Heap Scan on sbtest8  (cost=5.54..433.26 rows=108 width=125)
	  Recheck Cond: ((k >= 5359968) AND (k <= 5360068))
	  ->  Bitmap Index Scan on k_8  (cost=0.00..5.51 rows=108 width=0)
	        Index Cond: ((k >= 5359968) AND (k <= 5360068))

explain: for range-notcovered :: explain SELECT k, c FROM sbtest%d WHERE k BETWEEN 4995921 AND 4996021
for range-notcovered
table 1 : explain SELECT k, c FROM sbtest1 WHERE k BETWEEN 2839463 AND 2839563
	Bitmap Heap Scan on sbtest1  (cost=5.48..409.45 rows=102 width=125)
	  Recheck Cond: ((k >= 2839463) AND (k <= 2839563))
	  ->  Bitmap Index Scan on k_1  (cost=0.00..5.45 rows=102 width=0)
	        Index Cond: ((k >= 2839463) AND (k <= 2839563))

table 2 : explain SELECT k, c FROM sbtest2 WHERE k BETWEEN 2839463 AND 2839563
	Bitmap Heap Scan on sbtest2  (cost=5.47..405.55 rows=101 width=125)
	  Recheck Cond: ((k >= 2839463) AND (k <= 2839563))
	  ->  Bitmap Index Scan on k_2  (cost=0.00..5.44 rows=101 width=0)
	        Index Cond: ((k >= 2839463) AND (k <= 2839563))

table 3 : explain SELECT k, c FROM sbtest3 WHERE k BETWEEN 2839463 AND 2839563
	Bitmap Heap Scan on sbtest3  (cost=5.47..405.57 rows=101 width=125)
	  Recheck Cond: ((k >= 2839463) AND (k <= 2839563))
	  ->  Bitmap Index Scan on k_3  (cost=0.00..5.44 rows=101 width=0)
	        Index Cond: ((k >= 2839463) AND (k <= 2839563))

table 4 : explain SELECT k, c FROM sbtest4 WHERE k BETWEEN 2839463 AND 2839563
	Bitmap Heap Scan on sbtest4  (cost=5.59..452.88 rows=113 width=125)
	  Recheck Cond: ((k >= 2839463) AND (k <= 2839563))
	  ->  Bitmap Index Scan on k_4  (cost=0.00..5.56 rows=113 width=0)
	        Index Cond: ((k >= 2839463) AND (k <= 2839563))

table 5 : explain SELECT k, c FROM sbtest5 WHERE k BETWEEN 2839463 AND 2839563
	Bitmap Heap Scan on sbtest5  (cost=5.49..413.62 rows=103 width=125)
	  Recheck Cond: ((k >= 2839463) AND (k <= 2839563))
	  ->  Bitmap Index Scan on k_5  (cost=0.00..5.46 rows=103 width=0)
	        Index Cond: ((k >= 2839463) AND (k <= 2839563))

table 6 : explain SELECT k, c FROM sbtest6 WHERE k BETWEEN 2839463 AND 2839563
	Bitmap Heap Scan on sbtest6  (cost=5.53..429.30 rows=107 width=125)
	  Recheck Cond: ((k >= 2839463) AND (k <= 2839563))
	  ->  Bitmap Index Scan on k_6  (cost=0.00..5.50 rows=107 width=0)
	        Index Cond: ((k >= 2839463) AND (k <= 2839563))

table 7 : explain SELECT k, c FROM sbtest7 WHERE k BETWEEN 2839463 AND 2839563
	Bitmap Heap Scan on sbtest7  (cost=5.42..385.98 rows=96 width=125)
	  Recheck Cond: ((k >= 2839463) AND (k <= 2839563))
	  ->  Bitmap Index Scan on k_7  (cost=0.00..5.39 rows=96 width=0)
	        Index Cond: ((k >= 2839463) AND (k <= 2839563))

table 8 : explain SELECT k, c FROM sbtest8 WHERE k BETWEEN 2839463 AND 2839563
	Bitmap Heap Scan on sbtest8  (cost=5.47..405.64 rows=101 width=125)
	  Recheck Cond: ((k >= 2839463) AND (k <= 2839563))
	  ->  Bitmap Index Scan on k_8  (cost=0.00..5.44 rows=101 width=0)
	        Index Cond: ((k >= 2839463) AND (k <= 2839563))

for range-notcovered
table 1 : explain SELECT k, c FROM sbtest1 WHERE k BETWEEN 3679004 AND 3679104
	Bitmap Heap Scan on sbtest1  (cost=5.45..397.62 rows=99 width=125)
	  Recheck Cond: ((k >= 3679004) AND (k <= 3679104))
	  ->  Bitmap Index Scan on k_1  (cost=0.00..5.42 rows=99 width=0)
	        Index Cond: ((k >= 3679004) AND (k <= 3679104))

table 2 : explain SELECT k, c FROM sbtest2 WHERE k BETWEEN 3679004 AND 3679104
	Bitmap Heap Scan on sbtest2  (cost=5.51..421.33 rows=105 width=125)
	  Recheck Cond: ((k >= 3679004) AND (k <= 3679104))
	  ->  Bitmap Index Scan on k_2  (cost=0.00..5.48 rows=105 width=0)
	        Index Cond: ((k >= 3679004) AND (k <= 3679104))

table 3 : explain SELECT k, c FROM sbtest3 WHERE k BETWEEN 3679004 AND 3679104
	Bitmap Heap Scan on sbtest3  (cost=5.44..393.74 rows=98 width=125)
	  Recheck Cond: ((k >= 3679004) AND (k <= 3679104))
	  ->  Bitmap Index Scan on k_3  (cost=0.00..5.42 rows=98 width=0)
	        Index Cond: ((k >= 3679004) AND (k <= 3679104))

table 4 : explain SELECT k, c FROM sbtest4 WHERE k BETWEEN 3679004 AND 3679104
	Bitmap Heap Scan on sbtest4  (cost=5.55..437.12 rows=109 width=125)
	  Recheck Cond: ((k >= 3679004) AND (k <= 3679104))
	  ->  Bitmap Index Scan on k_4  (cost=0.00..5.52 rows=109 width=0)
	        Index Cond: ((k >= 3679004) AND (k <= 3679104))

table 5 : explain SELECT k, c FROM sbtest5 WHERE k BETWEEN 3679004 AND 3679104
	Bitmap Heap Scan on sbtest5  (cost=5.46..401.78 rows=100 width=125)
	  Recheck Cond: ((k >= 3679004) AND (k <= 3679104))
	  ->  Bitmap Index Scan on k_5  (cost=0.00..5.43 rows=100 width=0)
	        Index Cond: ((k >= 3679004) AND (k <= 3679104))

table 6 : explain SELECT k, c FROM sbtest6 WHERE k BETWEEN 3679004 AND 3679104
	Bitmap Heap Scan on sbtest6  (cost=5.49..413.52 rows=103 width=125)
	  Recheck Cond: ((k >= 3679004) AND (k <= 3679104))
	  ->  Bitmap Index Scan on k_6  (cost=0.00..5.46 rows=103 width=0)
	        Index Cond: ((k >= 3679004) AND (k <= 3679104))

table 7 : explain SELECT k, c FROM sbtest7 WHERE k BETWEEN 3679004 AND 3679104
	Bitmap Heap Scan on sbtest7  (cost=5.56..441.23 rows=110 width=125)
	  Recheck Cond: ((k >= 3679004) AND (k <= 3679104))
	  ->  Bitmap Index Scan on k_7  (cost=0.00..5.53 rows=110 width=0)
	        Index Cond: ((k >= 3679004) AND (k <= 3679104))

table 8 : explain SELECT k, c FROM sbtest8 WHERE k BETWEEN 3679004 AND 3679104
	Bitmap Heap Scan on sbtest8  (cost=5.45..397.75 rows=99 width=125)
	  Recheck Cond: ((k >= 3679004) AND (k <= 3679104))
	  ->  Bitmap Index Scan on k_8  (cost=0.00..5.42 rows=99 width=0)
	        Index Cond: ((k >= 3679004) AND (k <= 3679104))

explain: for range-notcovered :: explain SELECT k, c FROM sbtest%d WHERE k BETWEEN 5359968 AND 5360068
explain: for range-notcovered :: explain SELECT k, c FROM sbtest%d WHERE k BETWEEN 2839463 AND 2839563
for range-notcovered
table 1 : explain SELECT k, c FROM sbtest1 WHERE k BETWEEN 2149693 AND 2149793
	Bitmap Heap Scan on sbtest1  (cost=5.44..393.67 rows=98 width=125)
	  Recheck Cond: ((k >= 2149693) AND (k <= 2149793))
	  ->  Bitmap Index Scan on k_1  (cost=0.00..5.42 rows=98 width=0)
	        Index Cond: ((k >= 2149693) AND (k <= 2149793))

table 2 : explain SELECT k, c FROM sbtest2 WHERE k BETWEEN 2149693 AND 2149793
	Bitmap Heap Scan on sbtest2  (cost=5.51..421.33 rows=105 width=125)
	  Recheck Cond: ((k >= 2149693) AND (k <= 2149793))
	  ->  Bitmap Index Scan on k_2  (cost=0.00..5.48 rows=105 width=0)
	        Index Cond: ((k >= 2149693) AND (k <= 2149793))

table 3 : explain SELECT k, c FROM sbtest3 WHERE k BETWEEN 2149693 AND 2149793
	Bitmap Heap Scan on sbtest3  (cost=5.41..381.90 rows=95 width=125)
	  Recheck Cond: ((k >= 2149693) AND (k <= 2149793))
	  ->  Bitmap Index Scan on k_3  (cost=0.00..5.38 rows=95 width=0)
	        Index Cond: ((k >= 2149693) AND (k <= 2149793))

table 4 : explain SELECT k, c FROM sbtest4 WHERE k BETWEEN 2149693 AND 2149793
	Bitmap Heap Scan on sbtest4  (cost=5.50..417.40 rows=104 width=125)
	  Recheck Cond: ((k >= 2149693) AND (k <= 2149793))
	  ->  Bitmap Index Scan on k_4  (cost=0.00..5.47 rows=104 width=0)
	        Index Cond: ((k >= 2149693) AND (k <= 2149793))

table 5 : explain SELECT k, c FROM sbtest5 WHERE k BETWEEN 2149693 AND 2149793
	Bitmap Heap Scan on sbtest5  (cost=5.55..437.29 rows=109 width=125)
	  Recheck Cond: ((k >= 2149693) AND (k <= 2149793))
	  ->  Bitmap Index Scan on k_5  (cost=0.00..5.52 rows=109 width=0)
	        Index Cond: ((k >= 2149693) AND (k <= 2149793))

table 6 : explain SELECT k, c FROM sbtest6 WHERE k BETWEEN 2149693 AND 2149793
	Bitmap Heap Scan on sbtest6  (cost=5.46..401.69 rows=100 width=125)
	  Recheck Cond: ((k >= 2149693) AND (k <= 2149793))
	  ->  Bitmap Index Scan on k_6  (cost=0.00..5.43 rows=100 width=0)
	        Index Cond: ((k >= 2149693) AND (k <= 2149793))

table 7 : explain SELECT k, c FROM sbtest7 WHERE k BETWEEN 2149693 AND 2149793
	Bitmap Heap Scan on sbtest7  (cost=5.45..397.83 rows=99 width=125)
	  Recheck Cond: ((k >= 2149693) AND (k <= 2149793))
	  ->  Bitmap Index Scan on k_7  (cost=0.00..5.42 rows=99 width=0)
	        Index Cond: ((k >= 2149693) AND (k <= 2149793))

table 8 : explain SELECT k, c FROM sbtest8 WHERE k BETWEEN 2149693 AND 2149793
	Bitmap Heap Scan on sbtest8  (cost=5.51..421.42 rows=105 width=125)
	  Recheck Cond: ((k >= 2149693) AND (k <= 2149793))
	  ->  Bitmap Index Scan on k_8  (cost=0.00..5.48 rows=105 width=0)
	        Index Cond: ((k >= 2149693) AND (k <= 2149793))

explain: for range-notcovered :: explain SELECT k, c FROM sbtest%d WHERE k BETWEEN 3679004 AND 3679104
for range-notcovered
table 1 : explain SELECT k, c FROM sbtest1 WHERE k BETWEEN 8273721 AND 8273821
	Bitmap Heap Scan on sbtest1  (cost=5.43..389.73 rows=97 width=125)
	  Recheck Cond: ((k >= 8273721) AND (k <= 8273821))
	  ->  Bitmap Index Scan on k_1  (cost=0.00..5.40 rows=97 width=0)
	        Index Cond: ((k >= 8273721) AND (k <= 8273821))

table 2 : explain SELECT k, c FROM sbtest2 WHERE k BETWEEN 8273721 AND 8273821
	Bitmap Heap Scan on sbtest2  (cost=5.41..381.88 rows=95 width=125)
	  Recheck Cond: ((k >= 8273721) AND (k <= 8273821))
	  ->  Bitmap Index Scan on k_2  (cost=0.00..5.38 rows=95 width=0)
	        Index Cond: ((k >= 8273721) AND (k <= 8273821))

table 3 : explain SELECT k, c FROM sbtest3 WHERE k BETWEEN 8273721 AND 8273821
	Bitmap Heap Scan on sbtest3  (cost=5.51..421.35 rows=105 width=125)
	  Recheck Cond: ((k >= 8273721) AND (k <= 8273821))
	  ->  Bitmap Index Scan on k_3  (cost=0.00..5.48 rows=105 width=0)
	        Index Cond: ((k >= 8273721) AND (k <= 8273821))

table 4 : explain SELECT k, c FROM sbtest4 WHERE k BETWEEN 8273721 AND 8273821
	Bitmap Heap Scan on sbtest4  (cost=5.53..429.23 rows=107 width=125)
	  Recheck Cond: ((k >= 8273721) AND (k <= 8273821))
	  ->  Bitmap Index Scan on k_4  (cost=0.00..5.50 rows=107 width=0)
	        Index Cond: ((k >= 8273721) AND (k <= 8273821))

table 5 : explain SELECT k, c FROM sbtest5 WHERE k BETWEEN 8273721 AND 8273821
	Bitmap Heap Scan on sbtest5  (cost=5.45..397.83 rows=99 width=125)
	  Recheck Cond: ((k >= 8273721) AND (k <= 8273821))
	  ->  Bitmap Index Scan on k_5  (cost=0.00..5.42 rows=99 width=0)
	        Index Cond: ((k >= 8273721) AND (k <= 8273821))

table 6 : explain SELECT k, c FROM sbtest6 WHERE k BETWEEN 8273721 AND 8273821
	Bitmap Heap Scan on sbtest6  (cost=5.49..413.52 rows=103 width=125)
	  Recheck Cond: ((k >= 8273721) AND (k <= 8273821))
	  ->  Bitmap Index Scan on k_6  (cost=0.00..5.46 rows=103 width=0)
	        Index Cond: ((k >= 8273721) AND (k <= 8273821))

table 7 : explain SELECT k, c FROM sbtest7 WHERE k BETWEEN 8273721 AND 8273821
	Bitmap Heap Scan on sbtest7  (cost=5.42..385.98 rows=96 width=125)
	  Recheck Cond: ((k >= 8273721) AND (k <= 8273821))
	  ->  Bitmap Index Scan on k_7  (cost=0.00..5.39 rows=96 width=0)
	        Index Cond: ((k >= 8273721) AND (k <= 8273821))

table 8 : explain SELECT k, c FROM sbtest8 WHERE k BETWEEN 8273721 AND 8273821
	Bitmap Heap Scan on sbtest8  (cost=5.51..421.42 rows=105 width=125)
	  Recheck Cond: ((k >= 8273721) AND (k <= 8273821))
	  ->  Bitmap Index Scan on k_8  (cost=0.00..5.48 rows=105 width=0)
	        Index Cond: ((k >= 8273721) AND (k <= 8273821))

for range-notcovered
table 1 : explain SELECT k, c FROM sbtest1 WHERE k BETWEEN 495695 AND 495795
	Bitmap Heap Scan on sbtest1  (cost=5.49..413.39 rows=103 width=125)
	  Recheck Cond: ((k >= 495695) AND (k <= 495795))
	  ->  Bitmap Index Scan on k_1  (cost=0.00..5.46 rows=103 width=0)
	        Index Cond: ((k >= 495695) AND (k <= 495795))

table 2 : explain SELECT k, c FROM sbtest2 WHERE k BETWEEN 495695 AND 495795
	Bitmap Heap Scan on sbtest2  (cost=5.48..409.50 rows=102 width=125)
	  Recheck Cond: ((k >= 495695) AND (k <= 495795))
	  ->  Bitmap Index Scan on k_2  (cost=0.00..5.45 rows=102 width=0)
	        Index Cond: ((k >= 495695) AND (k <= 495795))

table 3 : explain SELECT k, c FROM sbtest3 WHERE k BETWEEN 495695 AND 495795
	Bitmap Heap Scan on sbtest3  (cost=5.49..413.46 rows=103 width=125)
	  Recheck Cond: ((k >= 495695) AND (k <= 495795))
	  ->  Bitmap Index Scan on k_3  (cost=0.00..5.46 rows=103 width=0)
	        Index Cond: ((k >= 495695) AND (k <= 495795))

table 4 : explain SELECT k, c FROM sbtest4 WHERE k BETWEEN 495695 AND 495795
	Bitmap Heap Scan on sbtest4  (cost=5.47..405.57 rows=101 width=125)
	  Recheck Cond: ((k >= 495695) AND (k <= 495795))
	  ->  Bitmap Index Scan on k_4  (cost=0.00..5.44 rows=101 width=0)
	        Index Cond: ((k >= 495695) AND (k <= 495795))

table 5 : explain SELECT k, c FROM sbtest5 WHERE k BETWEEN 495695 AND 495795
	Bitmap Heap Scan on sbtest5  (cost=5.44..393.88 rows=98 width=125)
	  Recheck Cond: ((k >= 495695) AND (k <= 495795))
	  ->  Bitmap Index Scan on k_5  (cost=0.00..5.42 rows=98 width=0)
	        Index Cond: ((k >= 495695) AND (k <= 495795))

table 6 : explain SELECT k, c FROM sbtest6 WHERE k BETWEEN 495695 AND 495795
	Bitmap Heap Scan on sbtest6  (cost=5.47..405.63 rows=101 width=125)
	  Recheck Cond: ((k >= 495695) AND (k <= 495795))
	  ->  Bitmap Index Scan on k_6  (cost=0.00..5.44 rows=101 width=0)
	        Index Cond: ((k >= 495695) AND (k <= 495795))

table 7 : explain SELECT k, c FROM sbtest7 WHERE k BETWEEN 495695 AND 495795
	Bitmap Heap Scan on sbtest7  (cost=5.42..385.98 rows=96 width=125)
	  Recheck Cond: ((k >= 495695) AND (k <= 495795))
	  ->  Bitmap Index Scan on k_7  (cost=0.00..5.39 rows=96 width=0)
	        Index Cond: ((k >= 495695) AND (k <= 495795))

table 8 : explain SELECT k, c FROM sbtest8 WHERE k BETWEEN 495695 AND 495795
	Bitmap Heap Scan on sbtest8  (cost=5.35..358.26 rows=89 width=125)
	  Recheck Cond: ((k >= 495695) AND (k <= 495795))
	  ->  Bitmap Index Scan on k_8  (cost=0.00..5.32 rows=89 width=0)
	        Index Cond: ((k >= 495695) AND (k <= 495795))

for range-notcovered
table 1 : explain SELECT k, c FROM sbtest1 WHERE k BETWEEN 4198112 AND 4198212
	Bitmap Heap Scan on sbtest1  (cost=5.54..433.10 rows=108 width=125)
	  Recheck Cond: ((k >= 4198112) AND (k <= 4198212))
	  ->  Bitmap Index Scan on k_1  (cost=0.00..5.51 rows=108 width=0)
	        Index Cond: ((k >= 4198112) AND (k <= 4198212))

table 2 : explain SELECT k, c FROM sbtest2 WHERE k BETWEEN 4198112 AND 4198212
	Bitmap Heap Scan on sbtest2  (cost=5.53..429.21 rows=107 width=125)
	  Recheck Cond: ((k >= 4198112) AND (k <= 4198212))
	  ->  Bitmap Index Scan on k_2  (cost=0.00..5.50 rows=107 width=0)
	        Index Cond: ((k >= 4198112) AND (k <= 4198212))

table 3 : explain SELECT k, c FROM sbtest3 WHERE k BETWEEN 4198112 AND 4198212
	Bitmap Heap Scan on sbtest3  (cost=5.52..425.29 rows=106 width=125)
	  Recheck Cond: ((k >= 4198112) AND (k <= 4198212))
	  ->  Bitmap Index Scan on k_3  (cost=0.00..5.50 rows=106 width=0)
	        Index Cond: ((k >= 4198112) AND (k <= 4198212))

table 4 : explain SELECT k, c FROM sbtest4 WHERE k BETWEEN 4198112 AND 4198212
	Bitmap Heap Scan on sbtest4  (cost=5.42..385.84 rows=96 width=125)
	  Recheck Cond: ((k >= 4198112) AND (k <= 4198212))
	  ->  Bitmap Index Scan on k_4  (cost=0.00..5.39 rows=96 width=0)
	        Index Cond: ((k >= 4198112) AND (k <= 4198212))

table 5 : explain SELECT k, c FROM sbtest5 WHERE k BETWEEN 4198112 AND 4198212
	Bitmap Heap Scan on sbtest5  (cost=5.44..393.88 rows=98 width=125)
	  Recheck Cond: ((k >= 4198112) AND (k <= 4198212))
	  ->  Bitmap Index Scan on k_5  (cost=0.00..5.42 rows=98 width=0)
	        Index Cond: ((k >= 4198112) AND (k <= 4198212))

table 6 : explain SELECT k, c FROM sbtest6 WHERE k BETWEEN 4198112 AND 4198212
	Bitmap Heap Scan on sbtest6  (cost=5.47..405.63 rows=101 width=125)
	  Recheck Cond: ((k >= 4198112) AND (k <= 4198212))
	  ->  Bitmap Index Scan on k_6  (cost=0.00..5.44 rows=101 width=0)
	        Index Cond: ((k >= 4198112) AND (k <= 4198212))

table 7 : explain SELECT k, c FROM sbtest7 WHERE k BETWEEN 4198112 AND 4198212
	Bitmap Heap Scan on sbtest7  (cost=5.40..378.09 rows=94 width=125)
	  Recheck Cond: ((k >= 4198112) AND (k <= 4198212))
	  ->  Bitmap Index Scan on k_7  (cost=0.00..5.38 rows=94 width=0)
	        Index Cond: ((k >= 4198112) AND (k <= 4198212))

table 8 : explain SELECT k, c FROM sbtest8 WHERE k BETWEEN 4198112 AND 4198212
	Bitmap Heap Scan on sbtest8  (cost=5.41..381.96 rows=95 width=125)
	  Recheck Cond: ((k >= 4198112) AND (k <= 4198212))
	  ->  Bitmap Index Scan on k_8  (cost=0.00..5.38 rows=95 width=0)
	        Index Cond: ((k >= 4198112) AND (k <= 4198212))

explain: for range-notcovered :: explain SELECT k, c FROM sbtest%d WHERE k BETWEEN 8273721 AND 8273821
explain: for range-notcovered :: explain SELECT k, c FROM sbtest%d WHERE k BETWEEN 8239503 AND 8239603explain: for range-notcovered :: explain SELECT k, c FROM sbtest%d WHERE k BETWEEN 495695 AND 495795explain: for range-notcovered :: explain SELECT k, c FROM sbtest%d WHERE k BETWEEN 2149693 AND 2149793


explain: for range-notcovered :: explain SELECT k, c FROM sbtest%d WHERE k BETWEEN 4198112 AND 4198212
for range-notcovered
table 1 : explain SELECT k, c FROM sbtest1 WHERE k BETWEEN 1004812 AND 1004912
	Bitmap Heap Scan on sbtest1  (cost=5.49..413.39 rows=103 width=125)
	  Recheck Cond: ((k >= 1004812) AND (k <= 1004912))
	  ->  Bitmap Index Scan on k_1  (cost=0.00..5.46 rows=103 width=0)
	        Index Cond: ((k >= 1004812) AND (k <= 1004912))

table 2 : explain SELECT k, c FROM sbtest2 WHERE k BETWEEN 1004812 AND 1004912
	Bitmap Heap Scan on sbtest2  (cost=5.51..421.33 rows=105 width=125)
	  Recheck Cond: ((k >= 1004812) AND (k <= 1004912))
	  ->  Bitmap Index Scan on k_2  (cost=0.00..5.48 rows=105 width=0)
	        Index Cond: ((k >= 1004812) AND (k <= 1004912))

table 3 : explain SELECT k, c FROM sbtest3 WHERE k BETWEEN 1004812 AND 1004912
	Bitmap Heap Scan on sbtest3  (cost=5.49..413.46 rows=103 width=125)
	  Recheck Cond: ((k >= 1004812) AND (k <= 1004912))
	  ->  Bitmap Index Scan on k_3  (cost=0.00..5.46 rows=103 width=0)
	        Index Cond: ((k >= 1004812) AND (k <= 1004912))

table 4 : explain SELECT k, c FROM sbtest4 WHERE k BETWEEN 1004812 AND 1004912
	Bitmap Heap Scan on sbtest4  (cost=5.33..350.30 rows=87 width=125)
	  Recheck Cond: ((k >= 1004812) AND (k <= 1004912))
	  ->  Bitmap Index Scan on k_4  (cost=0.00..5.30 rows=87 width=0)
	        Index Cond: ((k >= 1004812) AND (k <= 1004912))

table 5 : explain SELECT k, c FROM sbtest5 WHERE k BETWEEN 1004812 AND 1004912
	Bitmap Heap Scan on sbtest5  (cost=5.50..417.56 rows=104 width=125)
	  Recheck Cond: ((k >= 1004812) AND (k <= 1004912))
	  ->  Bitmap Index Scan on k_5  (cost=0.00..5.47 rows=104 width=0)
	        Index Cond: ((k >= 1004812) AND (k <= 1004912))

table 6 : explain SELECT k, c FROM sbtest6 WHERE k BETWEEN 1004812 AND 1004912
	Bitmap Heap Scan on sbtest6  (cost=5.45..397.74 rows=99 width=125)
	  Recheck Cond: ((k >= 1004812) AND (k <= 1004912))
	  ->  Bitmap Index Scan on k_6  (cost=0.00..5.42 rows=99 width=0)
	        Index Cond: ((k >= 1004812) AND (k <= 1004912))

table 7 : explain SELECT k, c FROM sbtest7 WHERE k BETWEEN 1004812 AND 1004912
	Bitmap Heap Scan on sbtest7  (cost=5.37..366.23 rows=91 width=125)
	  Recheck Cond: ((k >= 1004812) AND (k <= 1004912))
	  ->  Bitmap Index Scan on k_7  (cost=0.00..5.34 rows=91 width=0)
	        Index Cond: ((k >= 1004812) AND (k <= 1004912))

table 8 : explain SELECT k, c FROM sbtest8 WHERE k BETWEEN 1004812 AND 1004912
	Bitmap Heap Scan on sbtest8  (cost=5.67..480.55 rows=120 width=125)
	  Recheck Cond: ((k >= 1004812) AND (k <= 1004912))
	  ->  Bitmap Index Scan on k_8  (cost=0.00..5.63 rows=120 width=0)
	        Index Cond: ((k >= 1004812) AND (k <= 1004912))

for range-notcovered
table 1 : explain SELECT k, c FROM sbtest1 WHERE k BETWEEN 1804304 AND 1804404
	Bitmap Heap Scan on sbtest1  (cost=5.40..377.89 rows=94 width=125)
	  Recheck Cond: ((k >= 1804304) AND (k <= 1804404))
	  ->  Bitmap Index Scan on k_1  (cost=0.00..5.38 rows=94 width=0)
	        Index Cond: ((k >= 1804304) AND (k <= 1804404))

table 2 : explain SELECT k, c FROM sbtest2 WHERE k BETWEEN 1804304 AND 1804404
	Bitmap Heap Scan on sbtest2  (cost=5.51..421.33 rows=105 width=125)
	  Recheck Cond: ((k >= 1804304) AND (k <= 1804404))
	  ->  Bitmap Index Scan on k_2  (cost=0.00..5.48 rows=105 width=0)
	        Index Cond: ((k >= 1804304) AND (k <= 1804404))

table 3 : explain SELECT k, c FROM sbtest3 WHERE k BETWEEN 1804304 AND 1804404
	Bitmap Heap Scan on sbtest3  (cost=5.45..397.68 rows=99 width=125)
	  Recheck Cond: ((k >= 1804304) AND (k <= 1804404))
	  ->  Bitmap Index Scan on k_3  (cost=0.00..5.42 rows=99 width=0)
	        Index Cond: ((k >= 1804304) AND (k <= 1804404))

table 4 : explain SELECT k, c FROM sbtest4 WHERE k BETWEEN 1804304 AND 1804404
	Bitmap Heap Scan on sbtest4  (cost=5.50..417.40 rows=104 width=125)
	  Recheck Cond: ((k >= 1804304) AND (k <= 1804404))
	  ->  Bitmap Index Scan on k_4  (cost=0.00..5.47 rows=104 width=0)
	        Index Cond: ((k >= 1804304) AND (k <= 1804404))

table 5 : explain SELECT k, c FROM sbtest5 WHERE k BETWEEN 1804304 AND 1804404
	Bitmap Heap Scan on sbtest5  (cost=5.51..421.51 rows=105 width=125)
	  Recheck Cond: ((k >= 1804304) AND (k <= 1804404))
	  ->  Bitmap Index Scan on k_5  (cost=0.00..5.48 rows=105 width=0)
	        Index Cond: ((k >= 1804304) AND (k <= 1804404))

table 6 : explain SELECT k, c FROM sbtest6 WHERE k BETWEEN 1804304 AND 1804404
	Bitmap Heap Scan on sbtest6  (cost=5.45..397.74 rows=99 width=125)
	  Recheck Cond: ((k >= 1804304) AND (k <= 1804404))
	  ->  Bitmap Index Scan on k_6  (cost=0.00..5.42 rows=99 width=0)
	        Index Cond: ((k >= 1804304) AND (k <= 1804404))

table 7 : explain SELECT k, c FROM sbtest7 WHERE k BETWEEN 1804304 AND 1804404
	Bitmap Heap Scan on sbtest7  (cost=5.44..393.88 rows=98 width=125)
	  Recheck Cond: ((k >= 1804304) AND (k <= 1804404))
	  ->  Bitmap Index Scan on k_7  (cost=0.00..5.42 rows=98 width=0)
	        Index Cond: ((k >= 1804304) AND (k <= 1804404))

table 8 : explain SELECT k, c FROM sbtest8 WHERE k BETWEEN 1804304 AND 1804404
	Bitmap Heap Scan on sbtest8  (cost=5.50..417.48 rows=104 width=125)
	  Recheck Cond: ((k >= 1804304) AND (k <= 1804404))
	  ->  Bitmap Index Scan on k_8  (cost=0.00..5.47 rows=104 width=0)
	        Index Cond: ((k >= 1804304) AND (k <= 1804404))

explain: for range-notcovered :: explain SELECT k, c FROM sbtest%d WHERE k BETWEEN 1004812 AND 1004912
explain: for range-notcovered :: explain SELECT k, c FROM sbtest%d WHERE k BETWEEN 1804304 AND 1804404
explain: for range-notcovered :: explain SELECT k, c FROM sbtest%d WHERE k BETWEEN 5375673 AND 5375773
explain: for range-notcovered :: explain SELECT k, c FROM sbtest%d WHERE k BETWEEN 6623764 AND 6623864
for range-notcovered
table 1 : explain SELECT k, c FROM sbtest1 WHERE k BETWEEN 5118410 AND 5118510
	Bitmap Heap Scan on sbtest1  (cost=5.56..440.99 rows=110 width=125)
	  Recheck Cond: ((k >= 5118410) AND (k <= 5118510))
	  ->  Bitmap Index Scan on k_1  (cost=0.00..5.53 rows=110 width=0)
	        Index Cond: ((k >= 5118410) AND (k <= 5118510))

table 2 : explain SELECT k, c FROM sbtest2 WHERE k BETWEEN 5118410 AND 5118510
	Bitmap Heap Scan on sbtest2  (cost=5.46..401.61 rows=100 width=125)
	  Recheck Cond: ((k >= 5118410) AND (k <= 5118510))
	  ->  Bitmap Index Scan on k_2  (cost=0.00..5.43 rows=100 width=0)
	        Index Cond: ((k >= 5118410) AND (k <= 5118510))

table 3 : explain SELECT k, c FROM sbtest3 WHERE k BETWEEN 5118410 AND 5118510
	Bitmap Heap Scan on sbtest3  (cost=5.46..401.63 rows=100 width=125)
	  Recheck Cond: ((k >= 5118410) AND (k <= 5118510))
	  ->  Bitmap Index Scan on k_3  (cost=0.00..5.43 rows=100 width=0)
	        Index Cond: ((k >= 5118410) AND (k <= 5118510))

table 4 : explain SELECT k, c FROM sbtest4 WHERE k BETWEEN 5118410 AND 5118510
	Bitmap Heap Scan on sbtest4  (cost=5.50..417.40 rows=104 width=125)
	  Recheck Cond: ((k >= 5118410) AND (k <= 5118510))
	  ->  Bitmap Index Scan on k_4  (cost=0.00..5.47 rows=104 width=0)
	        Index Cond: ((k >= 5118410) AND (k <= 5118510))

table 5 : explain SELECT k, c FROM sbtest5 WHERE k BETWEEN 5118410 AND 5118510
	Bitmap Heap Scan on sbtest5  (cost=5.51..421.51 rows=105 width=125)
	  Recheck Cond: ((k >= 5118410) AND (k <= 5118510))
	  ->  Bitmap Index Scan on k_5  (cost=0.00..5.48 rows=105 width=0)
	        Index Cond: ((k >= 5118410) AND (k <= 5118510))

table 6 : explain SELECT k, c FROM sbtest6 WHERE k BETWEEN 5118410 AND 5118510
	Bitmap Heap Scan on sbtest6  (cost=5.47..405.63 rows=101 width=125)
	  Recheck Cond: ((k >= 5118410) AND (k <= 5118510))
	  ->  Bitmap Index Scan on k_6  (cost=0.00..5.44 rows=101 width=0)
	        Index Cond: ((k >= 5118410) AND (k <= 5118510))

table 7 : explain SELECT k, c FROM sbtest7 WHERE k BETWEEN 5118410 AND 5118510
	Bitmap Heap Scan on sbtest7  (cost=5.49..413.62 rows=103 width=125)
	  Recheck Cond: ((k >= 5118410) AND (k <= 5118510))
	  ->  Bitmap Index Scan on k_7  (cost=0.00..5.46 rows=103 width=0)
	        Index Cond: ((k >= 5118410) AND (k <= 5118510))

table 8 : explain SELECT k, c FROM sbtest8 WHERE k BETWEEN 5118410 AND 5118510
	Bitmap Heap Scan on sbtest8  (cost=5.52..425.37 rows=106 width=125)
	  Recheck Cond: ((k >= 5118410) AND (k <= 5118510))
	  ->  Bitmap Index Scan on k_8  (cost=0.00..5.50 rows=106 width=0)
	        Index Cond: ((k >= 5118410) AND (k <= 5118510))

for range-notcovered
table 1 : explain SELECT k, c FROM sbtest1 WHERE k BETWEEN 2839463 AND 2839563
	Bitmap Heap Scan on sbtest1  (cost=5.48..409.45 rows=102 width=125)
	  Recheck Cond: ((k >= 2839463) AND (k <= 2839563))
	  ->  Bitmap Index Scan on k_1  (cost=0.00..5.45 rows=102 width=0)
	        Index Cond: ((k >= 2839463) AND (k <= 2839563))

table 2 : explain SELECT k, c FROM sbtest2 WHERE k BETWEEN 2839463 AND 2839563
	Bitmap Heap Scan on sbtest2  (cost=5.47..405.55 rows=101 width=125)
	  Recheck Cond: ((k >= 2839463) AND (k <= 2839563))
	  ->  Bitmap Index Scan on k_2  (cost=0.00..5.44 rows=101 width=0)
	        Index Cond: ((k >= 2839463) AND (k <= 2839563))

table 3 : explain SELECT k, c FROM sbtest3 WHERE k BETWEEN 2839463 AND 2839563
	Bitmap Heap Scan on sbtest3  (cost=5.47..405.57 rows=101 width=125)
	  Recheck Cond: ((k >= 2839463) AND (k <= 2839563))
	  ->  Bitmap Index Scan on k_3  (cost=0.00..5.44 rows=101 width=0)
	        Index Cond: ((k >= 2839463) AND (k <= 2839563))

table 4 : explain SELECT k, c FROM sbtest4 WHERE k BETWEEN 2839463 AND 2839563
	Bitmap Heap Scan on sbtest4  (cost=5.59..452.88 rows=113 width=125)
	  Recheck Cond: ((k >= 2839463) AND (k <= 2839563))
	  ->  Bitmap Index Scan on k_4  (cost=0.00..5.56 rows=113 width=0)
	        Index Cond: ((k >= 2839463) AND (k <= 2839563))

table 5 : explain SELECT k, c FROM sbtest5 WHERE k BETWEEN 2839463 AND 2839563
	Bitmap Heap Scan on sbtest5  (cost=5.49..413.62 rows=103 width=125)
	  Recheck Cond: ((k >= 2839463) AND (k <= 2839563))
	  ->  Bitmap Index Scan on k_5  (cost=0.00..5.46 rows=103 width=0)
	        Index Cond: ((k >= 2839463) AND (k <= 2839563))

table 6 : explain SELECT k, c FROM sbtest6 WHERE k BETWEEN 2839463 AND 2839563
	Bitmap Heap Scan on sbtest6  (cost=5.53..429.30 rows=107 width=125)
	  Recheck Cond: ((k >= 2839463) AND (k <= 2839563))
	  ->  Bitmap Index Scan on k_6  (cost=0.00..5.50 rows=107 width=0)
	        Index Cond: ((k >= 2839463) AND (k <= 2839563))

table 7 : explain SELECT k, c FROM sbtest7 WHERE k BETWEEN 2839463 AND 2839563
	Bitmap Heap Scan on sbtest7  (cost=5.42..385.98 rows=96 width=125)
	  Recheck Cond: ((k >= 2839463) AND (k <= 2839563))
	  ->  Bitmap Index Scan on k_7  (cost=0.00..5.39 rows=96 width=0)
	        Index Cond: ((k >= 2839463) AND (k <= 2839563))

table 8 : explain SELECT k, c FROM sbtest8 WHERE k BETWEEN 2839463 AND 2839563
	Bitmap Heap Scan on sbtest8  (cost=5.47..405.64 rows=101 width=125)
	  Recheck Cond: ((k >= 2839463) AND (k <= 2839563))
	  ->  Bitmap Index Scan on k_8  (cost=0.00..5.44 rows=101 width=0)
	        Index Cond: ((k >= 2839463) AND (k <= 2839563))
for range-notcovered
table 1 : explain SELECT k, c FROM sbtest1 WHERE k BETWEEN 4995921 AND 4996021
	Bitmap Heap Scan on sbtest1  (cost=5.46..401.56 rows=100 width=125)
	  Recheck Cond: ((k >= 4995921) AND (k <= 4996021))
	  ->  Bitmap Index Scan on k_1  (cost=0.00..5.43 rows=100 width=0)
	        Index Cond: ((k >= 4995921) AND (k <= 4996021))

table 2 : explain SELECT k, c FROM sbtest2 WHERE k BETWEEN 4995921 AND 4996021
	Bitmap Heap Scan on sbtest2  (cost=5.46..401.61 rows=100 width=125)
	  Recheck Cond: ((k >= 4995921) AND (k <= 4996021))
	  ->  Bitmap Index Scan on k_2  (cost=0.00..5.43 rows=100 width=0)
	        Index Cond: ((k >= 4995921) AND (k <= 4996021))

table 3 : explain SELECT k, c FROM sbtest3 WHERE k BETWEEN 4995921 AND 4996021
	Bitmap Heap Scan on sbtest3  (cost=5.62..464.70 rows=116 width=125)
	  Recheck Cond: ((k >= 4995921) AND (k <= 4996021))
	  ->  Bitmap Index Scan on k_3  (cost=0.00..5.59 rows=116 width=0)
	        Index Cond: ((k >= 4995921) AND (k <= 4996021))

table 4 : explain SELECT k, c FROM sbtest4 WHERE k BETWEEN 4995921 AND 4996021
	Bitmap Heap Scan on sbtest4  (cost=5.44..393.73 rows=98 width=125)
	  Recheck Cond: ((k >= 4995921) AND (k <= 4996021))
	  ->  Bitmap Index Scan on k_4  (cost=0.00..5.42 rows=98 width=0)
	        Index Cond: ((k >= 4995921) AND (k <= 4996021))

table 5 : explain SELECT k, c FROM sbtest5 WHERE k BETWEEN 4995921 AND 4996021
	Bitmap Heap Scan on sbtest5  (cost=5.38..370.18 rows=92 width=125)
	  Recheck Cond: ((k >= 4995921) AND (k <= 4996021))
	  ->  Bitmap Index Scan on k_5  (cost=0.00..5.35 rows=92 width=0)
	        Index Cond: ((k >= 4995921) AND (k <= 4996021))

table 6 : explain SELECT k, c FROM sbtest6 WHERE k BETWEEN 4995921 AND 4996021
	Bitmap Heap Scan on sbtest6  (cost=5.51..421.41 rows=105 width=125)
	  Recheck Cond: ((k >= 4995921) AND (k <= 4996021))
	  ->  Bitmap Index Scan on k_6  (cost=0.00..5.48 rows=105 width=0)
	        Index Cond: ((k >= 4995921) AND (k <= 4996021))

table 7 : explain SELECT k, c FROM sbtest7 WHERE k BETWEEN 4995921 AND 4996021
	Bitmap Heap Scan on sbtest7  (cost=5.46..401.78 rows=100 width=125)
	  Recheck Cond: ((k >= 4995921) AND (k <= 4996021))
	  ->  Bitmap Index Scan on k_7  (cost=0.00..5.43 rows=100 width=0)
	        Index Cond: ((k >= 4995921) AND (k <= 4996021))

table 8 : explain SELECT k, c FROM sbtest8 WHERE k BETWEEN 4995921 AND 4996021
	Bitmap Heap Scan on sbtest8  (cost=5.42..385.91 rows=96 width=125)
	  Recheck Cond: ((k >= 4995921) AND (k <= 4996021))
	  ->  Bitmap Index Scan on k_8  (cost=0.00..5.39 rows=96 width=0)
	        Index Cond: ((k >= 4995921) AND (k <= 4996021))


explain: for range-notcovered :: explain SELECT k, c FROM sbtest%d WHERE k BETWEEN 5118410 AND 5118510
explain: for range-notcovered :: explain SELECT k, c FROM sbtest%d WHERE k BETWEEN 2839463 AND 2839563
explain: for range-notcovered :: explain SELECT k, c FROM sbtest%d WHERE k BETWEEN 4995921 AND 4996021
for range-notcovered
table 1 : explain SELECT k, c FROM sbtest1 WHERE k BETWEEN 3679004 AND 3679104
	Bitmap Heap Scan on sbtest1  (cost=5.45..397.62 rows=99 width=125)
	  Recheck Cond: ((k >= 3679004) AND (k <= 3679104))
	  ->  Bitmap Index Scan on k_1  (cost=0.00..5.42 rows=99 width=0)
	        Index Cond: ((k >= 3679004) AND (k <= 3679104))

table 2 : explain SELECT k, c FROM sbtest2 WHERE k BETWEEN 3679004 AND 3679104
	Bitmap Heap Scan on sbtest2  (cost=5.51..421.33 rows=105 width=125)
	  Recheck Cond: ((k >= 3679004) AND (k <= 3679104))
	  ->  Bitmap Index Scan on k_2  (cost=0.00..5.48 rows=105 width=0)
	        Index Cond: ((k >= 3679004) AND (k <= 3679104))

table 3 : explain SELECT k, c FROM sbtest3 WHERE k BETWEEN 3679004 AND 3679104
	Bitmap Heap Scan on sbtest3  (cost=5.44..393.74 rows=98 width=125)
	  Recheck Cond: ((k >= 3679004) AND (k <= 3679104))
	  ->  Bitmap Index Scan on k_3  (cost=0.00..5.42 rows=98 width=0)
	        Index Cond: ((k >= 3679004) AND (k <= 3679104))

table 4 : explain SELECT k, c FROM sbtest4 WHERE k BETWEEN 3679004 AND 3679104
	Bitmap Heap Scan on sbtest4  (cost=5.55..437.12 rows=109 width=125)
	  Recheck Cond: ((k >= 3679004) AND (k <= 3679104))
	  ->  Bitmap Index Scan on k_4  (cost=0.00..5.52 rows=109 width=0)
	        Index Cond: ((k >= 3679004) AND (k <= 3679104))

table 5 : explain SELECT k, c FROM sbtest5 WHERE k BETWEEN 3679004 AND 3679104
	Bitmap Heap Scan on sbtest5  (cost=5.46..401.78 rows=100 width=125)
	  Recheck Cond: ((k >= 3679004) AND (k <= 3679104))
	  ->  Bitmap Index Scan on k_5  (cost=0.00..5.43 rows=100 width=0)
	        Index Cond: ((k >= 3679004) AND (k <= 3679104))

table 6 : explain SELECT k, c FROM sbtest6 WHERE k BETWEEN 3679004 AND 3679104
	Bitmap Heap Scan on sbtest6  (cost=5.49..413.52 rows=103 width=125)
	  Recheck Cond: ((k >= 3679004) AND (k <= 3679104))
	  ->  Bitmap Index Scan on k_6  (cost=0.00..5.46 rows=103 width=0)
	        Index Cond: ((k >= 3679004) AND (k <= 3679104))

table 7 : explain SELECT k, c FROM sbtest7 WHERE k BETWEEN 3679004 AND 3679104
	Bitmap Heap Scan on sbtest7  (cost=5.56..441.23 rows=110 width=125)
	  Recheck Cond: ((k >= 3679004) AND (k <= 3679104))
	  ->  Bitmap Index Scan on k_7  (cost=0.00..5.53 rows=110 width=0)
	        Index Cond: ((k >= 3679004) AND (k <= 3679104))

table 8 : explain SELECT k, c FROM sbtest8 WHERE k BETWEEN 3679004 AND 3679104
	Bitmap Heap Scan on sbtest8  (cost=5.45..397.75 rows=99 width=125)
	  Recheck Cond: ((k >= 3679004) AND (k <= 3679104))
	  ->  Bitmap Index Scan on k_8  (cost=0.00..5.42 rows=99 width=0)
	        Index Cond: ((k >= 3679004) AND (k <= 3679104))

for range-notcovered
table 1 : explain SELECT k, c FROM sbtest1 WHERE k BETWEEN 495695 AND 495795
	Bitmap Heap Scan on sbtest1  (cost=5.49..413.39 rows=103 width=125)
	  Recheck Cond: ((k >= 495695) AND (k <= 495795))
	  ->  Bitmap Index Scan on k_1  (cost=0.00..5.46 rows=103 width=0)
	        Index Cond: ((k >= 495695) AND (k <= 495795))

table 2 : explain SELECT k, c FROM sbtest2 WHERE k BETWEEN 495695 AND 495795
	Bitmap Heap Scan on sbtest2  (cost=5.48..409.50 rows=102 width=125)
	  Recheck Cond: ((k >= 495695) AND (k <= 495795))
	  ->  Bitmap Index Scan on k_2  (cost=0.00..5.45 rows=102 width=0)
	        Index Cond: ((k >= 495695) AND (k <= 495795))

table 3 : explain SELECT k, c FROM sbtest3 WHERE k BETWEEN 495695 AND 495795
	Bitmap Heap Scan on sbtest3  (cost=5.49..413.46 rows=103 width=125)
	  Recheck Cond: ((k >= 495695) AND (k <= 495795))
	  ->  Bitmap Index Scan on k_3  (cost=0.00..5.46 rows=103 width=0)
	        Index Cond: ((k >= 495695) AND (k <= 495795))

table 4 : explain SELECT k, c FROM sbtest4 WHERE k BETWEEN 495695 AND 495795
	Bitmap Heap Scan on sbtest4  (cost=5.47..405.57 rows=101 width=125)
	  Recheck Cond: ((k >= 495695) AND (k <= 495795))
	  ->  Bitmap Index Scan on k_4  (cost=0.00..5.44 rows=101 width=0)
	        Index Cond: ((k >= 495695) AND (k <= 495795))

table 5 : explain SELECT k, c FROM sbtest5 WHERE k BETWEEN 495695 AND 495795
	Bitmap Heap Scan on sbtest5  (cost=5.44..393.88 rows=98 width=125)
	  Recheck Cond: ((k >= 495695) AND (k <= 495795))
	  ->  Bitmap Index Scan on k_5  (cost=0.00..5.42 rows=98 width=0)
	        Index Cond: ((k >= 495695) AND (k <= 495795))

table 6 : explain SELECT k, c FROM sbtest6 WHERE k BETWEEN 495695 AND 495795
	Bitmap Heap Scan on sbtest6  (cost=5.47..405.63 rows=101 width=125)
	  Recheck Cond: ((k >= 495695) AND (k <= 495795))
	  ->  Bitmap Index Scan on k_6  (cost=0.00..5.44 rows=101 width=0)
	        Index Cond: ((k >= 495695) AND (k <= 495795))

table 7 : explain SELECT k, c FROM sbtest7 WHERE k BETWEEN 495695 AND 495795
	Bitmap Heap Scan on sbtest7  (cost=5.42..385.98 rows=96 width=125)
	  Recheck Cond: ((k >= 495695) AND (k <= 495795))
	  ->  Bitmap Index Scan on k_7  (cost=0.00..5.39 rows=96 width=0)
	        Index Cond: ((k >= 495695) AND (k <= 495795))

table 8 : explain SELECT k, c FROM sbtest8 WHERE k BETWEEN 495695 AND 495795
	Bitmap Heap Scan on sbtest8  (cost=5.35..358.26 rows=89 width=125)
	  Recheck Cond: ((k >= 495695) AND (k <= 495795))
	  ->  Bitmap Index Scan on k_8  (cost=0.00..5.32 rows=89 width=0)
	        Index Cond: ((k >= 495695) AND (k <= 495795))

for range-notcovered
table 1 : explain SELECT k, c FROM sbtest1 WHERE k BETWEEN 4198112 AND 4198212
	Bitmap Heap Scan on sbtest1  (cost=5.54..433.10 rows=108 width=125)
	  Recheck Cond: ((k >= 4198112) AND (k <= 4198212))
	  ->  Bitmap Index Scan on k_1  (cost=0.00..5.51 rows=108 width=0)
	        Index Cond: ((k >= 4198112) AND (k <= 4198212))

table 2 : explain SELECT k, c FROM sbtest2 WHERE k BETWEEN 4198112 AND 4198212
	Bitmap Heap Scan on sbtest2  (cost=5.53..429.21 rows=107 width=125)
	  Recheck Cond: ((k >= 4198112) AND (k <= 4198212))
	  ->  Bitmap Index Scan on k_2  (cost=0.00..5.50 rows=107 width=0)
	        Index Cond: ((k >= 4198112) AND (k <= 4198212))

table 3 : explain SELECT k, c FROM sbtest3 WHERE k BETWEEN 4198112 AND 4198212
	Bitmap Heap Scan on sbtest3  (cost=5.52..425.29 rows=106 width=125)
	  Recheck Cond: ((k >= 4198112) AND (k <= 4198212))
	  ->  Bitmap Index Scan on k_3  (cost=0.00..5.50 rows=106 width=0)
	        Index Cond: ((k >= 4198112) AND (k <= 4198212))

table 4 : explain SELECT k, c FROM sbtest4 WHERE k BETWEEN 4198112 AND 4198212
	Bitmap Heap Scan on sbtest4  (cost=5.42..385.84 rows=96 width=125)
	  Recheck Cond: ((k >= 4198112) AND (k <= 4198212))
	  ->  Bitmap Index Scan on k_4  (cost=0.00..5.39 rows=96 width=0)
	        Index Cond: ((k >= 4198112) AND (k <= 4198212))

table 5 : explain SELECT k, c FROM sbtest5 WHERE k BETWEEN 4198112 AND 4198212
	Bitmap Heap Scan on sbtest5  (cost=5.44..393.88 rows=98 width=125)
	  Recheck Cond: ((k >= 4198112) AND (k <= 4198212))
	  ->  Bitmap Index Scan on k_5  (cost=0.00..5.42 rows=98 width=0)
	        Index Cond: ((k >= 4198112) AND (k <= 4198212))

table 6 : explain SELECT k, c FROM sbtest6 WHERE k BETWEEN 4198112 AND 4198212
	Bitmap Heap Scan on sbtest6  (cost=5.47..405.63 rows=101 width=125)
	  Recheck Cond: ((k >= 4198112) AND (k <= 4198212))
	  ->  Bitmap Index Scan on k_6  (cost=0.00..5.44 rows=101 width=0)
	        Index Cond: ((k >= 4198112) AND (k <= 4198212))

table 7 : explain SELECT k, c FROM sbtest7 WHERE k BETWEEN 4198112 AND 4198212
	Bitmap Heap Scan on sbtest7  (cost=5.40..378.09 rows=94 width=125)
	  Recheck Cond: ((k >= 4198112) AND (k <= 4198212))
	  ->  Bitmap Index Scan on k_7  (cost=0.00..5.38 rows=94 width=0)
	        Index Cond: ((k >= 4198112) AND (k <= 4198212))

table 8 : explain SELECT k, c FROM sbtest8 WHERE k BETWEEN 4198112 AND 4198212
	Bitmap Heap Scan on sbtest8  (cost=5.41..381.96 rows=95 width=125)
	  Recheck Cond: ((k >= 4198112) AND (k <= 4198212))
	  ->  Bitmap Index Scan on k_8  (cost=0.00..5.38 rows=95 width=0)
	        Index Cond: ((k >= 4198112) AND (k <= 4198212))

for range-notcovered
table 1 : explain SELECT k, c FROM sbtest1 WHERE k BETWEEN 8273721 AND 8273821
	Bitmap Heap Scan on sbtest1  (cost=5.43..389.73 rows=97 width=125)
	  Recheck Cond: ((k >= 8273721) AND (k <= 8273821))
	  ->  Bitmap Index Scan on k_1  (cost=0.00..5.40 rows=97 width=0)
	        Index Cond: ((k >= 8273721) AND (k <= 8273821))

table 2 : explain SELECT k, c FROM sbtest2 WHERE k BETWEEN 8273721 AND 8273821
	Bitmap Heap Scan on sbtest2  (cost=5.41..381.88 rows=95 width=125)
	  Recheck Cond: ((k >= 8273721) AND (k <= 8273821))
	  ->  Bitmap Index Scan on k_2  (cost=0.00..5.38 rows=95 width=0)
	        Index Cond: ((k >= 8273721) AND (k <= 8273821))

table 3 : explain SELECT k, c FROM sbtest3 WHERE k BETWEEN 8273721 AND 8273821
	Bitmap Heap Scan on sbtest3  (cost=5.51..421.35 rows=105 width=125)
	  Recheck Cond: ((k >= 8273721) AND (k <= 8273821))
	  ->  Bitmap Index Scan on k_3  (cost=0.00..5.48 rows=105 width=0)
	        Index Cond: ((k >= 8273721) AND (k <= 8273821))

table 4 : explain SELECT k, c FROM sbtest4 WHERE k BETWEEN 8273721 AND 8273821
	Bitmap Heap Scan on sbtest4  (cost=5.53..429.23 rows=107 width=125)
	  Recheck Cond: ((k >= 8273721) AND (k <= 8273821))
	  ->  Bitmap Index Scan on k_4  (cost=0.00..5.50 rows=107 width=0)
	        Index Cond: ((k >= 8273721) AND (k <= 8273821))

table 5 : explain SELECT k, c FROM sbtest5 WHERE k BETWEEN 8273721 AND 8273821
	Bitmap Heap Scan on sbtest5  (cost=5.45..397.83 rows=99 width=125)
	  Recheck Cond: ((k >= 8273721) AND (k <= 8273821))
	  ->  Bitmap Index Scan on k_5  (cost=0.00..5.42 rows=99 width=0)
	        Index Cond: ((k >= 8273721) AND (k <= 8273821))

table 6 : explain SELECT k, c FROM sbtest6 WHERE k BETWEEN 8273721 AND 8273821
	Bitmap Heap Scan on sbtest6  (cost=5.49..413.52 rows=103 width=125)
	  Recheck Cond: ((k >= 8273721) AND (k <= 8273821))
	  ->  Bitmap Index Scan on k_6  (cost=0.00..5.46 rows=103 width=0)
	        Index Cond: ((k >= 8273721) AND (k <= 8273821))

table 7 : explain SELECT k, c FROM sbtest7 WHERE k BETWEEN 8273721 AND 8273821
	Bitmap Heap Scan on sbtest7  (cost=5.42..385.98 rows=96 width=125)
	  Recheck Cond: ((k >= 8273721) AND (k <= 8273821))
	  ->  Bitmap Index Scan on k_7  (cost=0.00..5.39 rows=96 width=0)
	        Index Cond: ((k >= 8273721) AND (k <= 8273821))

table 8 : explain SELECT k, c FROM sbtest8 WHERE k BETWEEN 8273721 AND 8273821
	Bitmap Heap Scan on sbtest8  (cost=5.51..421.42 rows=105 width=125)
	  Recheck Cond: ((k >= 8273721) AND (k <= 8273821))
	  ->  Bitmap Index Scan on k_8  (cost=0.00..5.48 rows=105 width=0)
	        Index Cond: ((k >= 8273721) AND (k <= 8273821))

for range-notcovered
table 1 : explain SELECT k, c FROM sbtest1 WHERE k BETWEEN 5358538 AND 5358638
	Bitmap Heap Scan on sbtest1  (cost=5.40..377.89 rows=94 width=125)
	  Recheck Cond: ((k >= 5358538) AND (k <= 5358638))
	  ->  Bitmap Index Scan on k_1  (cost=0.00..5.38 rows=94 width=0)
	        Index Cond: ((k >= 5358538) AND (k <= 5358638))

table 2 : explain SELECT k, c FROM sbtest2 WHERE k BETWEEN 5358538 AND 5358638
	Bitmap Heap Scan on sbtest2  (cost=5.52..425.27 rows=106 width=125)
	  Recheck Cond: ((k >= 5358538) AND (k <= 5358638))
	  ->  Bitmap Index Scan on k_2  (cost=0.00..5.50 rows=106 width=0)
	        Index Cond: ((k >= 5358538) AND (k <= 5358638))

table 3 : explain SELECT k, c FROM sbtest3 WHERE k BETWEEN 5358538 AND 5358638
	Bitmap Heap Scan on sbtest3  (cost=5.43..389.79 rows=97 width=125)
	  Recheck Cond: ((k >= 5358538) AND (k <= 5358638))
	  ->  Bitmap Index Scan on k_3  (cost=0.00..5.40 rows=97 width=0)
	        Index Cond: ((k >= 5358538) AND (k <= 5358638))

table 4 : explain SELECT k, c FROM sbtest4 WHERE k BETWEEN 5358538 AND 5358638
	Bitmap Heap Scan on sbtest4  (cost=5.53..429.23 rows=107 width=125)
	  Recheck Cond: ((k >= 5358538) AND (k <= 5358638))
	  ->  Bitmap Index Scan on k_4  (cost=0.00..5.50 rows=107 width=0)
	        Index Cond: ((k >= 5358538) AND (k <= 5358638))

table 5 : explain SELECT k, c FROM sbtest5 WHERE k BETWEEN 5358538 AND 5358638
	Bitmap Heap Scan on sbtest5  (cost=5.38..370.18 rows=92 width=125)
	  Recheck Cond: ((k >= 5358538) AND (k <= 5358638))
	  ->  Bitmap Index Scan on k_5  (cost=0.00..5.35 rows=92 width=0)
	        Index Cond: ((k >= 5358538) AND (k <= 5358638))

table 6 : explain SELECT k, c FROM sbtest6 WHERE k BETWEEN 5358538 AND 5358638
	Bitmap Heap Scan on sbtest6  (cost=5.46..401.69 rows=100 width=125)
	  Recheck Cond: ((k >= 5358538) AND (k <= 5358638))
	  ->  Bitmap Index Scan on k_6  (cost=0.00..5.43 rows=100 width=0)
	        Index Cond: ((k >= 5358538) AND (k <= 5358638))

table 7 : explain SELECT k, c FROM sbtest7 WHERE k BETWEEN 5358538 AND 5358638
	Bitmap Heap Scan on sbtest7  (cost=5.54..433.35 rows=108 width=125)
	  Recheck Cond: ((k >= 5358538) AND (k <= 5358638))
	  ->  Bitmap Index Scan on k_7  (cost=0.00..5.51 rows=108 width=0)
	        Index Cond: ((k >= 5358538) AND (k <= 5358638))

table 8 : explain SELECT k, c FROM sbtest8 WHERE k BETWEEN 5358538 AND 5358638
	Bitmap Heap Scan on sbtest8  (cost=5.54..433.26 rows=108 width=125)
	  Recheck Cond: ((k >= 5358538) AND (k <= 5358638))
	  ->  Bitmap Index Scan on k_8  (cost=0.00..5.51 rows=108 width=0)
	        Index Cond: ((k >= 5358538) AND (k <= 5358638))

explain: for range-notcovered :: explain SELECT k, c FROM sbtest%d WHERE k BETWEEN 495695 AND 495795
explain: for range-notcovered :: explain SELECT k, c FROM sbtest%d WHERE k BETWEEN 4198112 AND 4198212
explain: for range-notcovered :: explain SELECT k, c FROM sbtest%d WHERE k BETWEEN 8273721 AND 8273821
explain: for range-notcovered :: explain SELECT k, c FROM sbtest%d WHERE k BETWEEN 3679004 AND 3679104
for range-notcovered
table 1 : explain SELECT k, c FROM sbtest1 WHERE k BETWEEN 1004812 AND 1004912
	Bitmap Heap Scan on sbtest1  (cost=5.49..413.39 rows=103 width=125)
	  Recheck Cond: ((k >= 1004812) AND (k <= 1004912))
	  ->  Bitmap Index Scan on k_1  (cost=0.00..5.46 rows=103 width=0)
	        Index Cond: ((k >= 1004812) AND (k <= 1004912))

table 2 : explain SELECT k, c FROM sbtest2 WHERE k BETWEEN 1004812 AND 1004912
	Bitmap Heap Scan on sbtest2  (cost=5.51..421.33 rows=105 width=125)
	  Recheck Cond: ((k >= 1004812) AND (k <= 1004912))
	  ->  Bitmap Index Scan on k_2  (cost=0.00..5.48 rows=105 width=0)
	        Index Cond: ((k >= 1004812) AND (k <= 1004912))

table 3 : explain SELECT k, c FROM sbtest3 WHERE k BETWEEN 1004812 AND 1004912
	Bitmap Heap Scan on sbtest3  (cost=5.49..413.46 rows=103 width=125)
	  Recheck Cond: ((k >= 1004812) AND (k <= 1004912))
	  ->  Bitmap Index Scan on k_3  (cost=0.00..5.46 rows=103 width=0)
	        Index Cond: ((k >= 1004812) AND (k <= 1004912))

table 4 : explain SELECT k, c FROM sbtest4 WHERE k BETWEEN 1004812 AND 1004912
	Bitmap Heap Scan on sbtest4  (cost=5.33..350.30 rows=87 width=125)
	  Recheck Cond: ((k >= 1004812) AND (k <= 1004912))
	  ->  Bitmap Index Scan on k_4  (cost=0.00..5.30 rows=87 width=0)
	        Index Cond: ((k >= 1004812) AND (k <= 1004912))

table 5 : explain SELECT k, c FROM sbtest5 WHERE k BETWEEN 1004812 AND 1004912
	Bitmap Heap Scan on sbtest5  (cost=5.50..417.56 rows=104 width=125)
	  Recheck Cond: ((k >= 1004812) AND (k <= 1004912))
	  ->  Bitmap Index Scan on k_5  (cost=0.00..5.47 rows=104 width=0)
	        Index Cond: ((k >= 1004812) AND (k <= 1004912))

table 6 : explain SELECT k, c FROM sbtest6 WHERE k BETWEEN 1004812 AND 1004912
	Bitmap Heap Scan on sbtest6  (cost=5.45..397.74 rows=99 width=125)
	  Recheck Cond: ((k >= 1004812) AND (k <= 1004912))
	  ->  Bitmap Index Scan on k_6  (cost=0.00..5.42 rows=99 width=0)
	        Index Cond: ((k >= 1004812) AND (k <= 1004912))

table 7 : explain SELECT k, c FROM sbtest7 WHERE k BETWEEN 1004812 AND 1004912
	Bitmap Heap Scan on sbtest7  (cost=5.37..366.23 rows=91 width=125)
	  Recheck Cond: ((k >= 1004812) AND (k <= 1004912))
	  ->  Bitmap Index Scan on k_7  (cost=0.00..5.34 rows=91 width=0)
	        Index Cond: ((k >= 1004812) AND (k <= 1004912))

table 8 : explain SELECT k, c FROM sbtest8 WHERE k BETWEEN 1004812 AND 1004912
	Bitmap Heap Scan on sbtest8  (cost=5.67..480.55 rows=120 width=125)
	  Recheck Cond: ((k >= 1004812) AND (k <= 1004912))
	  ->  Bitmap Index Scan on k_8  (cost=0.00..5.63 rows=120 width=0)
	        Index Cond: ((k >= 1004812) AND (k <= 1004912))

explain: for range-notcovered :: explain SELECT k, c FROM sbtest%d WHERE k BETWEEN 5358538 AND 5358638
explain: for range-notcovered :: explain SELECT k, c FROM sbtest%d WHERE k BETWEEN 1004812 AND 1004912
for range-notcovered
table 1 : explain SELECT k, c FROM sbtest1 WHERE k BETWEEN 1804304 AND 1804404
	Bitmap Heap Scan on sbtest1  (cost=5.40..377.89 rows=94 width=125)
	  Recheck Cond: ((k >= 1804304) AND (k <= 1804404))
	  ->  Bitmap Index Scan on k_1  (cost=0.00..5.38 rows=94 width=0)
	        Index Cond: ((k >= 1804304) AND (k <= 1804404))

table 2 : explain SELECT k, c FROM sbtest2 WHERE k BETWEEN 1804304 AND 1804404
	Bitmap Heap Scan on sbtest2  (cost=5.51..421.33 rows=105 width=125)
	  Recheck Cond: ((k >= 1804304) AND (k <= 1804404))
	  ->  Bitmap Index Scan on k_2  (cost=0.00..5.48 rows=105 width=0)
	        Index Cond: ((k >= 1804304) AND (k <= 1804404))

table 3 : explain SELECT k, c FROM sbtest3 WHERE k BETWEEN 1804304 AND 1804404
	Bitmap Heap Scan on sbtest3  (cost=5.45..397.68 rows=99 width=125)
	  Recheck Cond: ((k >= 1804304) AND (k <= 1804404))
	  ->  Bitmap Index Scan on k_3  (cost=0.00..5.42 rows=99 width=0)
	        Index Cond: ((k >= 1804304) AND (k <= 1804404))

table 4 : explain SELECT k, c FROM sbtest4 WHERE k BETWEEN 1804304 AND 1804404
	Bitmap Heap Scan on sbtest4  (cost=5.50..417.40 rows=104 width=125)
	  Recheck Cond: ((k >= 1804304) AND (k <= 1804404))
	  ->  Bitmap Index Scan on k_4  (cost=0.00..5.47 rows=104 width=0)
	        Index Cond: ((k >= 1804304) AND (k <= 1804404))

table 5 : explain SELECT k, c FROM sbtest5 WHERE k BETWEEN 1804304 AND 1804404
	Bitmap Heap Scan on sbtest5  (cost=5.51..421.51 rows=105 width=125)
	  Recheck Cond: ((k >= 1804304) AND (k <= 1804404))
	  ->  Bitmap Index Scan on k_5  (cost=0.00..5.48 rows=105 width=0)
	        Index Cond: ((k >= 1804304) AND (k <= 1804404))

table 6 : explain SELECT k, c FROM sbtest6 WHERE k BETWEEN 1804304 AND 1804404
	Bitmap Heap Scan on sbtest6  (cost=5.45..397.74 rows=99 width=125)
	  Recheck Cond: ((k >= 1804304) AND (k <= 1804404))
	  ->  Bitmap Index Scan on k_6  (cost=0.00..5.42 rows=99 width=0)
	        Index Cond: ((k >= 1804304) AND (k <= 1804404))

table 7 : explain SELECT k, c FROM sbtest7 WHERE k BETWEEN 1804304 AND 1804404
	Bitmap Heap Scan on sbtest7  (cost=5.44..393.88 rows=98 width=125)
	  Recheck Cond: ((k >= 1804304) AND (k <= 1804404))
	  ->  Bitmap Index Scan on k_7  (cost=0.00..5.42 rows=98 width=0)
	        Index Cond: ((k >= 1804304) AND (k <= 1804404))

table 8 : explain SELECT k, c FROM sbtest8 WHERE k BETWEEN 1804304 AND 1804404
	Bitmap Heap Scan on sbtest8  (cost=5.50..417.48 rows=104 width=125)
	  Recheck Cond: ((k >= 1804304) AND (k <= 1804404))
	  ->  Bitmap Index Scan on k_8  (cost=0.00..5.47 rows=104 width=0)
	        Index Cond: ((k >= 1804304) AND (k <= 1804404))

explain: for range-notcovered :: explain SELECT k, c FROM sbtest%d WHERE k BETWEEN 643681 AND 643781
explain: for range-notcovered :: explain SELECT k, c FROM sbtest%d WHERE k BETWEEN 3176169 AND 3176269explain: for range-notcovered :: explain SELECT k, c FROM sbtest%d WHERE k BETWEEN 1804304 AND 1804404explain: for range-notcovered :: explain SELECT k, c FROM sbtest%d WHERE k BETWEEN 8385802 AND 8385902


for range-notcovered
table 1 : explain SELECT k, c FROM sbtest1 WHERE k BETWEEN 6101935 AND 6102035
	Bitmap Heap Scan on sbtest1  (cost=5.50..417.34 rows=104 width=125)
	  Recheck Cond: ((k >= 6101935) AND (k <= 6102035))
	  ->  Bitmap Index Scan on k_1  (cost=0.00..5.47 rows=104 width=0)
	        Index Cond: ((k >= 6101935) AND (k <= 6102035))

table 2 : explain SELECT k, c FROM sbtest2 WHERE k BETWEEN 6101935 AND 6102035
	Bitmap Heap Scan on sbtest2  (cost=5.53..429.21 rows=107 width=125)
	  Recheck Cond: ((k >= 6101935) AND (k <= 6102035))
	  ->  Bitmap Index Scan on k_2  (cost=0.00..5.50 rows=107 width=0)
	        Index Cond: ((k >= 6101935) AND (k <= 6102035))

table 3 : explain SELECT k, c FROM sbtest3 WHERE k BETWEEN 6101935 AND 6102035
	Bitmap Heap Scan on sbtest3  (cost=5.40..377.95 rows=94 width=125)
	  Recheck Cond: ((k >= 6101935) AND (k <= 6102035))
	  ->  Bitmap Index Scan on k_3  (cost=0.00..5.38 rows=94 width=0)
	        Index Cond: ((k >= 6101935) AND (k <= 6102035))

table 4 : explain SELECT k, c FROM sbtest4 WHERE k BETWEEN 6101935 AND 6102035
	Bitmap Heap Scan on sbtest4  (cost=5.47..405.57 rows=101 width=125)
	  Recheck Cond: ((k >= 6101935) AND (k <= 6102035))
	  ->  Bitmap Index Scan on k_4  (cost=0.00..5.44 rows=101 width=0)
	        Index Cond: ((k >= 6101935) AND (k <= 6102035))

table 5 : explain SELECT k, c FROM sbtest5 WHERE k BETWEEN 6101935 AND 6102035
	Bitmap Heap Scan on sbtest5  (cost=5.43..389.93 rows=97 width=125)
	  Recheck Cond: ((k >= 6101935) AND (k <= 6102035))
	  ->  Bitmap Index Scan on k_5  (cost=0.00..5.40 rows=97 width=0)
	        Index Cond: ((k >= 6101935) AND (k <= 6102035))

table 6 : explain SELECT k, c FROM sbtest6 WHERE k BETWEEN 6101935 AND 6102035
	Bitmap Heap Scan on sbtest6  (cost=5.44..393.79 rows=98 width=125)
	  Recheck Cond: ((k >= 6101935) AND (k <= 6102035))
	  ->  Bitmap Index Scan on k_6  (cost=0.00..5.42 rows=98 width=0)
	        Index Cond: ((k >= 6101935) AND (k <= 6102035))

table 7 : explain SELECT k, c FROM sbtest7 WHERE k BETWEEN 6101935 AND 6102035
	Bitmap Heap Scan on sbtest7  (cost=5.49..413.62 rows=103 width=125)
	  Recheck Cond: ((k >= 6101935) AND (k <= 6102035))
	  ->  Bitmap Index Scan on k_7  (cost=0.00..5.46 rows=103 width=0)
	        Index Cond: ((k >= 6101935) AND (k <= 6102035))

table 8 : explain SELECT k, c FROM sbtest8 WHERE k BETWEEN 6101935 AND 6102035
	Bitmap Heap Scan on sbtest8  (cost=5.54..433.26 rows=108 width=125)
	  Recheck Cond: ((k >= 6101935) AND (k <= 6102035))
	  ->  Bitmap Index Scan on k_8  (cost=0.00..5.51 rows=108 width=0)
	        Index Cond: ((k >= 6101935) AND (k <= 6102035))

for range-notcovered
table 1 : explain SELECT k, c FROM sbtest1 WHERE k BETWEEN 2149693 AND 2149793
	Bitmap Heap Scan on sbtest1  (cost=5.44..393.67 rows=98 width=125)
	  Recheck Cond: ((k >= 2149693) AND (k <= 2149793))
	  ->  Bitmap Index Scan on k_1  (cost=0.00..5.42 rows=98 width=0)
	        Index Cond: ((k >= 2149693) AND (k <= 2149793))

table 2 : explain SELECT k, c FROM sbtest2 WHERE k BETWEEN 2149693 AND 2149793
	Bitmap Heap Scan on sbtest2  (cost=5.51..421.33 rows=105 width=125)
	  Recheck Cond: ((k >= 2149693) AND (k <= 2149793))
	  ->  Bitmap Index Scan on k_2  (cost=0.00..5.48 rows=105 width=0)
	        Index Cond: ((k >= 2149693) AND (k <= 2149793))

table 3 : explain SELECT k, c FROM sbtest3 WHERE k BETWEEN 2149693 AND 2149793
	Bitmap Heap Scan on sbtest3  (cost=5.41..381.90 rows=95 width=125)
	  Recheck Cond: ((k >= 2149693) AND (k <= 2149793))
	  ->  Bitmap Index Scan on k_3  (cost=0.00..5.38 rows=95 width=0)
	        Index Cond: ((k >= 2149693) AND (k <= 2149793))

table 4 : explain SELECT k, c FROM sbtest4 WHERE k BETWEEN 2149693 AND 2149793
	Bitmap Heap Scan on sbtest4  (cost=5.50..417.40 rows=104 width=125)
	  Recheck Cond: ((k >= 2149693) AND (k <= 2149793))
	  ->  Bitmap Index Scan on k_4  (cost=0.00..5.47 rows=104 width=0)
	        Index Cond: ((k >= 2149693) AND (k <= 2149793))

table 5 : explain SELECT k, c FROM sbtest5 WHERE k BETWEEN 2149693 AND 2149793
	Bitmap Heap Scan on sbtest5  (cost=5.55..437.29 rows=109 width=125)
	  Recheck Cond: ((k >= 2149693) AND (k <= 2149793))
	  ->  Bitmap Index Scan on k_5  (cost=0.00..5.52 rows=109 width=0)
	        Index Cond: ((k >= 2149693) AND (k <= 2149793))

table 6 : explain SELECT k, c FROM sbtest6 WHERE k BETWEEN 2149693 AND 2149793
	Bitmap Heap Scan on sbtest6  (cost=5.46..401.69 rows=100 width=125)
	  Recheck Cond: ((k >= 2149693) AND (k <= 2149793))
	  ->  Bitmap Index Scan on k_6  (cost=0.00..5.43 rows=100 width=0)
	        Index Cond: ((k >= 2149693) AND (k <= 2149793))

table 7 : explain SELECT k, c FROM sbtest7 WHERE k BETWEEN 2149693 AND 2149793
	Bitmap Heap Scan on sbtest7  (cost=5.45..397.83 rows=99 width=125)
	  Recheck Cond: ((k >= 2149693) AND (k <= 2149793))
	  ->  Bitmap Index Scan on k_7  (cost=0.00..5.42 rows=99 width=0)
	        Index Cond: ((k >= 2149693) AND (k <= 2149793))

table 8 : explain SELECT k, c FROM sbtest8 WHERE k BETWEEN 2149693 AND 2149793
	Bitmap Heap Scan on sbtest8  (cost=5.51..421.42 rows=105 width=125)
	  Recheck Cond: ((k >= 2149693) AND (k <= 2149793))
	  ->  Bitmap Index Scan on k_8  (cost=0.00..5.48 rows=105 width=0)
	        Index Cond: ((k >= 2149693) AND (k <= 2149793))

explain: for range-notcovered :: explain SELECT k, c FROM sbtest%d WHERE k BETWEEN 3553595 AND 3553695for range-notcovered
table 1 : explain SELECT k, c FROM sbtest1 WHERE k BETWEEN 5359968 AND 5360068
	Bitmap Heap Scan on sbtest1  (cost=5.40..377.89 rows=94 width=125)
	  Recheck Cond: ((k >= 5359968) AND (k <= 5360068))
	  ->  Bitmap Index Scan on k_1  (cost=0.00..5.38 rows=94 width=0)
	        Index Cond: ((k >= 5359968) AND (k <= 5360068))

table 2 : explain SELECT k, c FROM sbtest2 WHERE k BETWEEN 5359968 AND 5360068
	Bitmap Heap Scan on sbtest2  (cost=5.52..425.27 rows=106 width=125)
	  Recheck Cond: ((k >= 5359968) AND (k <= 5360068))
	  ->  Bitmap Index Scan on k_2  (cost=0.00..5.50 rows=106 width=0)
	        Index Cond: ((k >= 5359968) AND (k <= 5360068))

table 3 : explain SELECT k, c FROM sbtest3 WHERE k BETWEEN 5359968 AND 5360068
	Bitmap Heap Scan on sbtest3  (cost=5.43..389.79 rows=97 width=125)
	  Recheck Cond: ((k >= 5359968) AND (k <= 5360068))
	  ->  Bitmap Index Scan on k_3  (cost=0.00..5.40 rows=97 width=0)
	        Index Cond: ((k >= 5359968) AND (k <= 5360068))

table 4 : explain SELECT k, c FROM sbtest4 WHERE k BETWEEN 5359968 AND 5360068
	Bitmap Heap Scan on sbtest4  (cost=5.53..429.23 rows=107 width=125)
	  Recheck Cond: ((k >= 5359968) AND (k <= 5360068))
	  ->  Bitmap Index Scan on k_4  (cost=0.00..5.50 rows=107 width=0)
	        Index Cond: ((k >= 5359968) AND (k <= 5360068))

table 5 : explain SELECT k, c FROM sbtest5 WHERE k BETWEEN 5359968 AND 5360068
	Bitmap Heap Scan on sbtest5  (cost=5.38..370.18 rows=92 width=125)
	  Recheck Cond: ((k >= 5359968) AND (k <= 5360068))
	  ->  Bitmap Index Scan on k_5  (cost=0.00..5.35 rows=92 width=0)
	        Index Cond: ((k >= 5359968) AND (k <= 5360068))

table 6 : explain SELECT k, c FROM sbtest6 WHERE k BETWEEN 5359968 AND 5360068
	Bitmap Heap Scan on sbtest6  (cost=5.46..401.69 rows=100 width=125)
	  Recheck Cond: ((k >= 5359968) AND (k <= 5360068))
	  ->  Bitmap Index Scan on k_6  (cost=0.00..5.43 rows=100 width=0)
	        Index Cond: ((k >= 5359968) AND (k <= 5360068))

table 7 : explain SELECT k, c FROM sbtest7 WHERE k BETWEEN 5359968 AND 5360068
	Bitmap Heap Scan on sbtest7  (cost=5.54..433.35 rows=108 width=125)
	  Recheck Cond: ((k >= 5359968) AND (k <= 5360068))
	  ->  Bitmap Index Scan on k_7  (cost=0.00..5.51 rows=108 width=0)
	        Index Cond: ((k >= 5359968) AND (k <= 5360068))

table 8 : explain SELECT k, c FROM sbtest8 WHERE k BETWEEN 5359968 AND 5360068
	Bitmap Heap Scan on sbtest8  (cost=5.54..433.26 rows=108 width=125)
	  Recheck Cond: ((k >= 5359968) AND (k <= 5360068))
	  ->  Bitmap Index Scan on k_8  (cost=0.00..5.51 rows=108 width=0)
	        Index Cond: ((k >= 5359968) AND (k <= 5360068))

for range-notcovered
table 1 : explain SELECT k, c FROM sbtest1 WHERE k BETWEEN 7705401 AND 7705501
	Bitmap Heap Scan on sbtest1  (cost=5.45..397.62 rows=99 width=125)
	  Recheck Cond: ((k >= 7705401) AND (k <= 7705501))
	  ->  Bitmap Index Scan on k_1  (cost=0.00..5.42 rows=99 width=0)
	        Index Cond: ((k >= 7705401) AND (k <= 7705501))

table 2 : explain SELECT k, c FROM sbtest2 WHERE k BETWEEN 7705401 AND 7705501
	Bitmap Heap Scan on sbtest2  (cost=5.39..373.98 rows=93 width=125)
	  Recheck Cond: ((k >= 7705401) AND (k <= 7705501))
	  ->  Bitmap Index Scan on k_2  (cost=0.00..5.36 rows=93 width=0)
	        Index Cond: ((k >= 7705401) AND (k <= 7705501))

table 3 : explain SELECT k, c FROM sbtest3 WHERE k BETWEEN 7705401 AND 7705501
	Bitmap Heap Scan on sbtest3  (cost=5.46..401.63 rows=100 width=125)
	  Recheck Cond: ((k >= 7705401) AND (k <= 7705501))
	  ->  Bitmap Index Scan on k_3  (cost=0.00..5.43 rows=100 width=0)
	        Index Cond: ((k >= 7705401) AND (k <= 7705501))

table 4 : explain SELECT k, c FROM sbtest4 WHERE k BETWEEN 7705401 AND 7705501
	Bitmap Heap Scan on sbtest4  (cost=5.49..413.46 rows=103 width=125)
	  Recheck Cond: ((k >= 7705401) AND (k <= 7705501))
	  ->  Bitmap Index Scan on k_4  (cost=0.00..5.46 rows=103 width=0)
	        Index Cond: ((k >= 7705401) AND (k <= 7705501))

table 5 : explain SELECT k, c FROM sbtest5 WHERE k BETWEEN 7705401 AND 7705501
	Bitmap Heap Scan on sbtest5  (cost=5.41..382.03 rows=95 width=125)
	  Recheck Cond: ((k >= 7705401) AND (k <= 7705501))
	  ->  Bitmap Index Scan on k_5  (cost=0.00..5.38 rows=95 width=0)
	        Index Cond: ((k >= 7705401) AND (k <= 7705501))

table 6 : explain SELECT k, c FROM sbtest6 WHERE k BETWEEN 7705401 AND 7705501
	Bitmap Heap Scan on sbtest6  (cost=5.49..413.52 rows=103 width=125)
	  Recheck Cond: ((k >= 7705401) AND (k <= 7705501))
	  ->  Bitmap Index Scan on k_6  (cost=0.00..5.46 rows=103 width=0)
	        Index Cond: ((k >= 7705401) AND (k <= 7705501))

table 7 : explain SELECT k, c FROM sbtest7 WHERE k BETWEEN 7705401 AND 7705501
	Bitmap Heap Scan on sbtest7  (cost=5.51..421.51 rows=105 width=125)
	  Recheck Cond: ((k >= 7705401) AND (k <= 7705501))
	  ->  Bitmap Index Scan on k_7  (cost=0.00..5.48 rows=105 width=0)
	        Index Cond: ((k >= 7705401) AND (k <= 7705501))

table 8 : explain SELECT k, c FROM sbtest8 WHERE k BETWEEN 7705401 AND 7705501
	Bitmap Heap Scan on sbtest8  (cost=5.48..409.59 rows=102 width=125)
	  Recheck Cond: ((k >= 7705401) AND (k <= 7705501))
	  ->  Bitmap Index Scan on k_8  (cost=0.00..5.45 rows=102 width=0)
	        Index Cond: ((k >= 7705401) AND (k <= 7705501))

for range-notcovered
table 1 : explain SELECT k, c FROM sbtest1 WHERE k BETWEEN 4995921 AND 4996021
	Bitmap Heap Scan on sbtest1  (cost=5.46..401.56 rows=100 width=125)
	  Recheck Cond: ((k >= 4995921) AND (k <= 4996021))
	  ->  Bitmap Index Scan on k_1  (cost=0.00..5.43 rows=100 width=0)
	        Index Cond: ((k >= 4995921) AND (k <= 4996021))

table 2 : explain SELECT k, c FROM sbtest2 WHERE k BETWEEN 4995921 AND 4996021
	Bitmap Heap Scan on sbtest2  (cost=5.46..401.61 rows=100 width=125)
	  Recheck Cond: ((k >= 4995921) AND (k <= 4996021))
	  ->  Bitmap Index Scan on k_2  (cost=0.00..5.43 rows=100 width=0)
	        Index Cond: ((k >= 4995921) AND (k <= 4996021))

table 3 : explain SELECT k, c FROM sbtest3 WHERE k BETWEEN 4995921 AND 4996021
	Bitmap Heap Scan on sbtest3  (cost=5.62..464.70 rows=116 width=125)
	  Recheck Cond: ((k >= 4995921) AND (k <= 4996021))
	  ->  Bitmap Index Scan on k_3  (cost=0.00..5.59 rows=116 width=0)
	        Index Cond: ((k >= 4995921) AND (k <= 4996021))

table 4 : explain SELECT k, c FROM sbtest4 WHERE k BETWEEN 4995921 AND 4996021
	Bitmap Heap Scan on sbtest4  (cost=5.44..393.73 rows=98 width=125)
	  Recheck Cond: ((k >= 4995921) AND (k <= 4996021))
	  ->  Bitmap Index Scan on k_4  (cost=0.00..5.42 rows=98 width=0)
	        Index Cond: ((k >= 4995921) AND (k <= 4996021))

table 5 : explain SELECT k, c FROM sbtest5 WHERE k BETWEEN 4995921 AND 4996021
	Bitmap Heap Scan on sbtest5  (cost=5.38..370.18 rows=92 width=125)
	  Recheck Cond: ((k >= 4995921) AND (k <= 4996021))
	  ->  Bitmap Index Scan on k_5  (cost=0.00..5.35 rows=92 width=0)
	        Index Cond: ((k >= 4995921) AND (k <= 4996021))

table 6 : explain SELECT k, c FROM sbtest6 WHERE k BETWEEN 4995921 AND 4996021
	Bitmap Heap Scan on sbtest6  (cost=5.51..421.41 rows=105 width=125)
	  Recheck Cond: ((k >= 4995921) AND (k <= 4996021))
	  ->  Bitmap Index Scan on k_6  (cost=0.00..5.48 rows=105 width=0)
	        Index Cond: ((k >= 4995921) AND (k <= 4996021))

table 7 : explain SELECT k, c FROM sbtest7 WHERE k BETWEEN 4995921 AND 4996021
	Bitmap Heap Scan on sbtest7  (cost=5.46..401.78 rows=100 width=125)
	  Recheck Cond: ((k >= 4995921) AND (k <= 4996021))
	  ->  Bitmap Index Scan on k_7  (cost=0.00..5.43 rows=100 width=0)
	        Index Cond: ((k >= 4995921) AND (k <= 4996021))

table 8 : explain SELECT k, c FROM sbtest8 WHERE k BETWEEN 4995921 AND 4996021
	Bitmap Heap Scan on sbtest8  (cost=5.42..385.91 rows=96 width=125)
	  Recheck Cond: ((k >= 4995921) AND (k <= 4996021))
	  ->  Bitmap Index Scan on k_8  (cost=0.00..5.39 rows=96 width=0)
	        Index Cond: ((k >= 4995921) AND (k <= 4996021))


for range-notcovered
table 1 : explain SELECT k, c FROM sbtest1 WHERE k BETWEEN 2839463 AND 2839563
	Bitmap Heap Scan on sbtest1  (cost=5.48..409.45 rows=102 width=125)
	  Recheck Cond: ((k >= 2839463) AND (k <= 2839563))
	  ->  Bitmap Index Scan on k_1  (cost=0.00..5.45 rows=102 width=0)
	        Index Cond: ((k >= 2839463) AND (k <= 2839563))

table 2 : explain SELECT k, c FROM sbtest2 WHERE k BETWEEN 2839463 AND 2839563
	Bitmap Heap Scan on sbtest2  (cost=5.47..405.55 rows=101 width=125)
	  Recheck Cond: ((k >= 2839463) AND (k <= 2839563))
	  ->  Bitmap Index Scan on k_2  (cost=0.00..5.44 rows=101 width=0)
	        Index Cond: ((k >= 2839463) AND (k <= 2839563))

table 3 : explain SELECT k, c FROM sbtest3 WHERE k BETWEEN 2839463 AND 2839563
	Bitmap Heap Scan on sbtest3  (cost=5.47..405.57 rows=101 width=125)
	  Recheck Cond: ((k >= 2839463) AND (k <= 2839563))
	  ->  Bitmap Index Scan on k_3  (cost=0.00..5.44 rows=101 width=0)
	        Index Cond: ((k >= 2839463) AND (k <= 2839563))

table 4 : explain SELECT k, c FROM sbtest4 WHERE k BETWEEN 2839463 AND 2839563
	Bitmap Heap Scan on sbtest4  (cost=5.59..452.88 rows=113 width=125)
	  Recheck Cond: ((k >= 2839463) AND (k <= 2839563))
	  ->  Bitmap Index Scan on k_4  (cost=0.00..5.56 rows=113 width=0)
	        Index Cond: ((k >= 2839463) AND (k <= 2839563))

table 5 : explain SELECT k, c FROM sbtest5 WHERE k BETWEEN 2839463 AND 2839563
	Bitmap Heap Scan on sbtest5  (cost=5.49..413.62 rows=103 width=125)
	  Recheck Cond: ((k >= 2839463) AND (k <= 2839563))
	  ->  Bitmap Index Scan on k_5  (cost=0.00..5.46 rows=103 width=0)
	        Index Cond: ((k >= 2839463) AND (k <= 2839563))

table 6 : explain SELECT k, c FROM sbtest6 WHERE k BETWEEN 2839463 AND 2839563
	Bitmap Heap Scan on sbtest6  (cost=5.53..429.30 rows=107 width=125)
	  Recheck Cond: ((k >= 2839463) AND (k <= 2839563))
	  ->  Bitmap Index Scan on k_6  (cost=0.00..5.50 rows=107 width=0)
	        Index Cond: ((k >= 2839463) AND (k <= 2839563))

table 7 : explain SELECT k, c FROM sbtest7 WHERE k BETWEEN 2839463 AND 2839563
	Bitmap Heap Scan on sbtest7  (cost=5.42..385.98 rows=96 width=125)
	  Recheck Cond: ((k >= 2839463) AND (k <= 2839563))
	  ->  Bitmap Index Scan on k_7  (cost=0.00..5.39 rows=96 width=0)
	        Index Cond: ((k >= 2839463) AND (k <= 2839563))

table 8 : explain SELECT k, c FROM sbtest8 WHERE k BETWEEN 2839463 AND 2839563
	Bitmap Heap Scan on sbtest8  (cost=5.47..405.64 rows=101 width=125)
	  Recheck Cond: ((k >= 2839463) AND (k <= 2839563))
	  ->  Bitmap Index Scan on k_8  (cost=0.00..5.44 rows=101 width=0)
	        Index Cond: ((k >= 2839463) AND (k <= 2839563))

for range-notcovered
table 1 : explain SELECT k, c FROM sbtest1 WHERE k BETWEEN 5118410 AND 5118510
	Bitmap Heap Scan on sbtest1  (cost=5.56..440.99 rows=110 width=125)
	  Recheck Cond: ((k >= 5118410) AND (k <= 5118510))
	  ->  Bitmap Index Scan on k_1  (cost=0.00..5.53 rows=110 width=0)
	        Index Cond: ((k >= 5118410) AND (k <= 5118510))

table 2 : explain SELECT k, c FROM sbtest2 WHERE k BETWEEN 5118410 AND 5118510
	Bitmap Heap Scan on sbtest2  (cost=5.46..401.61 rows=100 width=125)
	  Recheck Cond: ((k >= 5118410) AND (k <= 5118510))
	  ->  Bitmap Index Scan on k_2  (cost=0.00..5.43 rows=100 width=0)
	        Index Cond: ((k >= 5118410) AND (k <= 5118510))

table 3 : explain SELECT k, c FROM sbtest3 WHERE k BETWEEN 5118410 AND 5118510
	Bitmap Heap Scan on sbtest3  (cost=5.46..401.63 rows=100 width=125)
	  Recheck Cond: ((k >= 5118410) AND (k <= 5118510))
	  ->  Bitmap Index Scan on k_3  (cost=0.00..5.43 rows=100 width=0)
	        Index Cond: ((k >= 5118410) AND (k <= 5118510))

table 4 : explain SELECT k, c FROM sbtest4 WHERE k BETWEEN 5118410 AND 5118510
	Bitmap Heap Scan on sbtest4  (cost=5.50..417.40 rows=104 width=125)
	  Recheck Cond: ((k >= 5118410) AND (k <= 5118510))
	  ->  Bitmap Index Scan on k_4  (cost=0.00..5.47 rows=104 width=0)
	        Index Cond: ((k >= 5118410) AND (k <= 5118510))

table 5 : explain SELECT k, c FROM sbtest5 WHERE k BETWEEN 5118410 AND 5118510
	Bitmap Heap Scan on sbtest5  (cost=5.51..421.51 rows=105 width=125)
	  Recheck Cond: ((k >= 5118410) AND (k <= 5118510))
	  ->  Bitmap Index Scan on k_5  (cost=0.00..5.48 rows=105 width=0)
	        Index Cond: ((k >= 5118410) AND (k <= 5118510))

table 6 : explain SELECT k, c FROM sbtest6 WHERE k BETWEEN 5118410 AND 5118510
	Bitmap Heap Scan on sbtest6  (cost=5.47..405.63 rows=101 width=125)
	  Recheck Cond: ((k >= 5118410) AND (k <= 5118510))
	  ->  Bitmap Index Scan on k_6  (cost=0.00..5.44 rows=101 width=0)
	        Index Cond: ((k >= 5118410) AND (k <= 5118510))

table 7 : explain SELECT k, c FROM sbtest7 WHERE k BETWEEN 5118410 AND 5118510
	Bitmap Heap Scan on sbtest7  (cost=5.49..413.62 rows=103 width=125)
	  Recheck Cond: ((k >= 5118410) AND (k <= 5118510))
	  ->  Bitmap Index Scan on k_7  (cost=0.00..5.46 rows=103 width=0)
	        Index Cond: ((k >= 5118410) AND (k <= 5118510))

table 8 : explain SELECT k, c FROM sbtest8 WHERE k BETWEEN 5118410 AND 5118510
	Bitmap Heap Scan on sbtest8  (cost=5.52..425.37 rows=106 width=125)
	  Recheck Cond: ((k >= 5118410) AND (k <= 5118510))
	  ->  Bitmap Index Scan on k_8  (cost=0.00..5.50 rows=106 width=0)
	        Index Cond: ((k >= 5118410) AND (k <= 5118510))

explain: for range-notcovered :: explain SELECT k, c FROM sbtest%d WHERE k BETWEEN 4995921 AND 4996021
explain: for range-notcovered :: explain SELECT k, c FROM sbtest%d WHERE k BETWEEN 7705401 AND 7705501
explain: for range-notcovered :: explain SELECT k, c FROM sbtest%d WHERE k BETWEEN 2839463 AND 2839563
explain: for range-notcovered :: explain SELECT k, c FROM sbtest%d WHERE k BETWEEN 5118410 AND 5118510
for range-notcovered
table 1 : explain SELECT k, c FROM sbtest1 WHERE k BETWEEN 495695 AND 495795
	Bitmap Heap Scan on sbtest1  (cost=5.49..413.39 rows=103 width=125)
	  Recheck Cond: ((k >= 495695) AND (k <= 495795))
	  ->  Bitmap Index Scan on k_1  (cost=0.00..5.46 rows=103 width=0)
	        Index Cond: ((k >= 495695) AND (k <= 495795))

table 2 : explain SELECT k, c FROM sbtest2 WHERE k BETWEEN 495695 AND 495795
	Bitmap Heap Scan on sbtest2  (cost=5.48..409.50 rows=102 width=125)
	  Recheck Cond: ((k >= 495695) AND (k <= 495795))
	  ->  Bitmap Index Scan on k_2  (cost=0.00..5.45 rows=102 width=0)
	        Index Cond: ((k >= 495695) AND (k <= 495795))

table 3 : explain SELECT k, c FROM sbtest3 WHERE k BETWEEN 495695 AND 495795
	Bitmap Heap Scan on sbtest3  (cost=5.49..413.46 rows=103 width=125)
	  Recheck Cond: ((k >= 495695) AND (k <= 495795))
	  ->  Bitmap Index Scan on k_3  (cost=0.00..5.46 rows=103 width=0)
	        Index Cond: ((k >= 495695) AND (k <= 495795))

table 4 : explain SELECT k, c FROM sbtest4 WHERE k BETWEEN 495695 AND 495795
	Bitmap Heap Scan on sbtest4  (cost=5.47..405.57 rows=101 width=125)
	  Recheck Cond: ((k >= 495695) AND (k <= 495795))
	  ->  Bitmap Index Scan on k_4  (cost=0.00..5.44 rows=101 width=0)
	        Index Cond: ((k >= 495695) AND (k <= 495795))

table 5 : explain SELECT k, c FROM sbtest5 WHERE k BETWEEN 495695 AND 495795
	Bitmap Heap Scan on sbtest5  (cost=5.44..393.88 rows=98 width=125)
	  Recheck Cond: ((k >= 495695) AND (k <= 495795))
	  ->  Bitmap Index Scan on k_5  (cost=0.00..5.42 rows=98 width=0)
	        Index Cond: ((k >= 495695) AND (k <= 495795))

table 6 : explain SELECT k, c FROM sbtest6 WHERE k BETWEEN 495695 AND 495795
	Bitmap Heap Scan on sbtest6  (cost=5.47..405.63 rows=101 width=125)
	  Recheck Cond: ((k >= 495695) AND (k <= 495795))
	  ->  Bitmap Index Scan on k_6  (cost=0.00..5.44 rows=101 width=0)
	        Index Cond: ((k >= 495695) AND (k <= 495795))

table 7 : explain SELECT k, c FROM sbtest7 WHERE k BETWEEN 495695 AND 495795
	Bitmap Heap Scan on sbtest7  (cost=5.42..385.98 rows=96 width=125)
	  Recheck Cond: ((k >= 495695) AND (k <= 495795))
	  ->  Bitmap Index Scan on k_7  (cost=0.00..5.39 rows=96 width=0)
	        Index Cond: ((k >= 495695) AND (k <= 495795))

table 8 : explain SELECT k, c FROM sbtest8 WHERE k BETWEEN 495695 AND 495795
	Bitmap Heap Scan on sbtest8  (cost=5.35..358.26 rows=89 width=125)
	  Recheck Cond: ((k >= 495695) AND (k <= 495795))
	  ->  Bitmap Index Scan on k_8  (cost=0.00..5.32 rows=89 width=0)
	        Index Cond: ((k >= 495695) AND (k <= 495795))

for range-notcovered
table 1 : explain SELECT k, c FROM sbtest1 WHERE k BETWEEN 4647253 AND 4647353
	Bitmap Heap Scan on sbtest1  (cost=5.49..413.39 rows=103 width=125)
	  Recheck Cond: ((k >= 4647253) AND (k <= 4647353))
	  ->  Bitmap Index Scan on k_1  (cost=0.00..5.46 rows=103 width=0)
	        Index Cond: ((k >= 4647253) AND (k <= 4647353))

table 2 : explain SELECT k, c FROM sbtest2 WHERE k BETWEEN 4647253 AND 4647353
	Bitmap Heap Scan on sbtest2  (cost=5.51..421.33 rows=105 width=125)
	  Recheck Cond: ((k >= 4647253) AND (k <= 4647353))
	  ->  Bitmap Index Scan on k_2  (cost=0.00..5.48 rows=105 width=0)
	        Index Cond: ((k >= 4647253) AND (k <= 4647353))

table 3 : explain SELECT k, c FROM sbtest3 WHERE k BETWEEN 4647253 AND 4647353
	Bitmap Heap Scan on sbtest3  (cost=5.50..417.40 rows=104 width=125)
	  Recheck Cond: ((k >= 4647253) AND (k <= 4647353))
	  ->  Bitmap Index Scan on k_3  (cost=0.00..5.47 rows=104 width=0)
	        Index Cond: ((k >= 4647253) AND (k <= 4647353))

table 4 : explain SELECT k, c FROM sbtest4 WHERE k BETWEEN 4647253 AND 4647353
	Bitmap Heap Scan on sbtest4  (cost=5.48..409.51 rows=102 width=125)
	  Recheck Cond: ((k >= 4647253) AND (k <= 4647353))
	  ->  Bitmap Index Scan on k_4  (cost=0.00..5.45 rows=102 width=0)
	        Index Cond: ((k >= 4647253) AND (k <= 4647353))

table 5 : explain SELECT k, c FROM sbtest5 WHERE k BETWEEN 4647253 AND 4647353
	Bitmap Heap Scan on sbtest5  (cost=5.46..401.78 rows=100 width=125)
	  Recheck Cond: ((k >= 4647253) AND (k <= 4647353))
	  ->  Bitmap Index Scan on k_5  (cost=0.00..5.43 rows=100 width=0)
	        Index Cond: ((k >= 4647253) AND (k <= 4647353))

table 6 : explain SELECT k, c FROM sbtest6 WHERE k BETWEEN 4647253 AND 4647353
	Bitmap Heap Scan on sbtest6  (cost=5.55..437.19 rows=109 width=125)
	  Recheck Cond: ((k >= 4647253) AND (k <= 4647353))
	  ->  Bitmap Index Scan on k_6  (cost=0.00..5.52 rows=109 width=0)
	        Index Cond: ((k >= 4647253) AND (k <= 4647353))

table 7 : explain SELECT k, c FROM sbtest7 WHERE k BETWEEN 4647253 AND 4647353
	Bitmap Heap Scan on sbtest7  (cost=5.57..445.18 rows=111 width=125)
	  Recheck Cond: ((k >= 4647253) AND (k <= 4647353))
	  ->  Bitmap Index Scan on k_7  (cost=0.00..5.54 rows=111 width=0)
	        Index Cond: ((k >= 4647253) AND (k <= 4647353))

table 8 : explain SELECT k, c FROM sbtest8 WHERE k BETWEEN 4647253 AND 4647353
	Bitmap Heap Scan on sbtest8  (cost=5.52..425.37 rows=106 width=125)
	  Recheck Cond: ((k >= 4647253) AND (k <= 4647353))
	  ->  Bitmap Index Scan on k_8  (cost=0.00..5.50 rows=106 width=0)
	        Index Cond: ((k >= 4647253) AND (k <= 4647353))

for range-notcovered
table 1 : explain SELECT k, c FROM sbtest1 WHERE k BETWEEN 4198112 AND 4198212
	Bitmap Heap Scan on sbtest1  (cost=5.54..433.10 rows=108 width=125)
	  Recheck Cond: ((k >= 4198112) AND (k <= 4198212))
	  ->  Bitmap Index Scan on k_1  (cost=0.00..5.51 rows=108 width=0)
	        Index Cond: ((k >= 4198112) AND (k <= 4198212))

table 2 : explain SELECT k, c FROM sbtest2 WHERE k BETWEEN 4198112 AND 4198212
	Bitmap Heap Scan on sbtest2  (cost=5.53..429.21 rows=107 width=125)
	  Recheck Cond: ((k >= 4198112) AND (k <= 4198212))
	  ->  Bitmap Index Scan on k_2  (cost=0.00..5.50 rows=107 width=0)
	        Index Cond: ((k >= 4198112) AND (k <= 4198212))

table 3 : explain SELECT k, c FROM sbtest3 WHERE k BETWEEN 4198112 AND 4198212
	Bitmap Heap Scan on sbtest3  (cost=5.52..425.29 rows=106 width=125)
	  Recheck Cond: ((k >= 4198112) AND (k <= 4198212))
	  ->  Bitmap Index Scan on k_3  (cost=0.00..5.50 rows=106 width=0)
	        Index Cond: ((k >= 4198112) AND (k <= 4198212))

table 4 : explain SELECT k, c FROM sbtest4 WHERE k BETWEEN 4198112 AND 4198212
	Bitmap Heap Scan on sbtest4  (cost=5.42..385.84 rows=96 width=125)
	  Recheck Cond: ((k >= 4198112) AND (k <= 4198212))
	  ->  Bitmap Index Scan on k_4  (cost=0.00..5.39 rows=96 width=0)
	        Index Cond: ((k >= 4198112) AND (k <= 4198212))

table 5 : explain SELECT k, c FROM sbtest5 WHERE k BETWEEN 4198112 AND 4198212
	Bitmap Heap Scan on sbtest5  (cost=5.44..393.88 rows=98 width=125)
	  Recheck Cond: ((k >= 4198112) AND (k <= 4198212))
	  ->  Bitmap Index Scan on k_5  (cost=0.00..5.42 rows=98 width=0)
	        Index Cond: ((k >= 4198112) AND (k <= 4198212))

table 6 : explain SELECT k, c FROM sbtest6 WHERE k BETWEEN 4198112 AND 4198212
	Bitmap Heap Scan on sbtest6  (cost=5.47..405.63 rows=101 width=125)
	  Recheck Cond: ((k >= 4198112) AND (k <= 4198212))
	  ->  Bitmap Index Scan on k_6  (cost=0.00..5.44 rows=101 width=0)
	        Index Cond: ((k >= 4198112) AND (k <= 4198212))

table 7 : explain SELECT k, c FROM sbtest7 WHERE k BETWEEN 4198112 AND 4198212
	Bitmap Heap Scan on sbtest7  (cost=5.40..378.09 rows=94 width=125)
	  Recheck Cond: ((k >= 4198112) AND (k <= 4198212))
	  ->  Bitmap Index Scan on k_7  (cost=0.00..5.38 rows=94 width=0)
	        Index Cond: ((k >= 4198112) AND (k <= 4198212))

table 8 : explain SELECT k, c FROM sbtest8 WHERE k BETWEEN 4198112 AND 4198212
	Bitmap Heap Scan on sbtest8  (cost=5.41..381.96 rows=95 width=125)
	  Recheck Cond: ((k >= 4198112) AND (k <= 4198212))
	  ->  Bitmap Index Scan on k_8  (cost=0.00..5.38 rows=95 width=0)
	        Index Cond: ((k >= 4198112) AND (k <= 4198212))

for range-notcovered
table 1 : explain SELECT k, c FROM sbtest1 WHERE k BETWEEN 8273721 AND 8273821
	Bitmap Heap Scan on sbtest1  (cost=5.43..389.73 rows=97 width=125)
	  Recheck Cond: ((k >= 8273721) AND (k <= 8273821))
	  ->  Bitmap Index Scan on k_1  (cost=0.00..5.40 rows=97 width=0)
	        Index Cond: ((k >= 8273721) AND (k <= 8273821))

table 2 : explain SELECT k, c FROM sbtest2 WHERE k BETWEEN 8273721 AND 8273821
	Bitmap Heap Scan on sbtest2  (cost=5.41..381.88 rows=95 width=125)
	  Recheck Cond: ((k >= 8273721) AND (k <= 8273821))
	  ->  Bitmap Index Scan on k_2  (cost=0.00..5.38 rows=95 width=0)
	        Index Cond: ((k >= 8273721) AND (k <= 8273821))

table 3 : explain SELECT k, c FROM sbtest3 WHERE k BETWEEN 8273721 AND 8273821
	Bitmap Heap Scan on sbtest3  (cost=5.51..421.35 rows=105 width=125)
	  Recheck Cond: ((k >= 8273721) AND (k <= 8273821))
	  ->  Bitmap Index Scan on k_3  (cost=0.00..5.48 rows=105 width=0)
	        Index Cond: ((k >= 8273721) AND (k <= 8273821))

table 4 : explain SELECT k, c FROM sbtest4 WHERE k BETWEEN 8273721 AND 8273821
	Bitmap Heap Scan on sbtest4  (cost=5.53..429.23 rows=107 width=125)
	  Recheck Cond: ((k >= 8273721) AND (k <= 8273821))
	  ->  Bitmap Index Scan on k_4  (cost=0.00..5.50 rows=107 width=0)
	        Index Cond: ((k >= 8273721) AND (k <= 8273821))

table 5 : explain SELECT k, c FROM sbtest5 WHERE k BETWEEN 8273721 AND 8273821
	Bitmap Heap Scan on sbtest5  (cost=5.45..397.83 rows=99 width=125)
	  Recheck Cond: ((k >= 8273721) AND (k <= 8273821))
	  ->  Bitmap Index Scan on k_5  (cost=0.00..5.42 rows=99 width=0)
	        Index Cond: ((k >= 8273721) AND (k <= 8273821))

table 6 : explain SELECT k, c FROM sbtest6 WHERE k BETWEEN 8273721 AND 8273821
	Bitmap Heap Scan on sbtest6  (cost=5.49..413.52 rows=103 width=125)
	  Recheck Cond: ((k >= 8273721) AND (k <= 8273821))
	  ->  Bitmap Index Scan on k_6  (cost=0.00..5.46 rows=103 width=0)
	        Index Cond: ((k >= 8273721) AND (k <= 8273821))

table 7 : explain SELECT k, c FROM sbtest7 WHERE k BETWEEN 8273721 AND 8273821
	Bitmap Heap Scan on sbtest7  (cost=5.42..385.98 rows=96 width=125)
	  Recheck Cond: ((k >= 8273721) AND (k <= 8273821))
	  ->  Bitmap Index Scan on k_7  (cost=0.00..5.39 rows=96 width=0)
	        Index Cond: ((k >= 8273721) AND (k <= 8273821))

table 8 : explain SELECT k, c FROM sbtest8 WHERE k BETWEEN 8273721 AND 8273821
	Bitmap Heap Scan on sbtest8  (cost=5.51..421.42 rows=105 width=125)
	  Recheck Cond: ((k >= 8273721) AND (k <= 8273821))
	  ->  Bitmap Index Scan on k_8  (cost=0.00..5.48 rows=105 width=0)
	        Index Cond: ((k >= 8273721) AND (k <= 8273821))

for range-notcovered
table 1 : explain SELECT k, c FROM sbtest1 WHERE k BETWEEN 1004812 AND 1004912
	Bitmap Heap Scan on sbtest1  (cost=5.49..413.39 rows=103 width=125)
	  Recheck Cond: ((k >= 1004812) AND (k <= 1004912))
	  ->  Bitmap Index Scan on k_1  (cost=0.00..5.46 rows=103 width=0)
	        Index Cond: ((k >= 1004812) AND (k <= 1004912))

table 2 : explain SELECT k, c FROM sbtest2 WHERE k BETWEEN 1004812 AND 1004912
	Bitmap Heap Scan on sbtest2  (cost=5.51..421.33 rows=105 width=125)
	  Recheck Cond: ((k >= 1004812) AND (k <= 1004912))
	  ->  Bitmap Index Scan on k_2  (cost=0.00..5.48 rows=105 width=0)
	        Index Cond: ((k >= 1004812) AND (k <= 1004912))

table 3 : explain SELECT k, c FROM sbtest3 WHERE k BETWEEN 1004812 AND 1004912
	Bitmap Heap Scan on sbtest3  (cost=5.49..413.46 rows=103 width=125)
	  Recheck Cond: ((k >= 1004812) AND (k <= 1004912))
	  ->  Bitmap Index Scan on k_3  (cost=0.00..5.46 rows=103 width=0)
	        Index Cond: ((k >= 1004812) AND (k <= 1004912))

table 4 : explain SELECT k, c FROM sbtest4 WHERE k BETWEEN 1004812 AND 1004912
	Bitmap Heap Scan on sbtest4  (cost=5.33..350.30 rows=87 width=125)
	  Recheck Cond: ((k >= 1004812) AND (k <= 1004912))
	  ->  Bitmap Index Scan on k_4  (cost=0.00..5.30 rows=87 width=0)
	        Index Cond: ((k >= 1004812) AND (k <= 1004912))

table 5 : explain SELECT k, c FROM sbtest5 WHERE k BETWEEN 1004812 AND 1004912
	Bitmap Heap Scan on sbtest5  (cost=5.50..417.56 rows=104 width=125)
	  Recheck Cond: ((k >= 1004812) AND (k <= 1004912))
	  ->  Bitmap Index Scan on k_5  (cost=0.00..5.47 rows=104 width=0)
	        Index Cond: ((k >= 1004812) AND (k <= 1004912))

table 6 : explain SELECT k, c FROM sbtest6 WHERE k BETWEEN 1004812 AND 1004912
	Bitmap Heap Scan on sbtest6  (cost=5.45..397.74 rows=99 width=125)
	  Recheck Cond: ((k >= 1004812) AND (k <= 1004912))
	  ->  Bitmap Index Scan on k_6  (cost=0.00..5.42 rows=99 width=0)
	        Index Cond: ((k >= 1004812) AND (k <= 1004912))

table 7 : explain SELECT k, c FROM sbtest7 WHERE k BETWEEN 1004812 AND 1004912
	Bitmap Heap Scan on sbtest7  (cost=5.37..366.23 rows=91 width=125)
	  Recheck Cond: ((k >= 1004812) AND (k <= 1004912))
	  ->  Bitmap Index Scan on k_7  (cost=0.00..5.34 rows=91 width=0)
	        Index Cond: ((k >= 1004812) AND (k <= 1004912))

table 8 : explain SELECT k, c FROM sbtest8 WHERE k BETWEEN 1004812 AND 1004912
	Bitmap Heap Scan on sbtest8  (cost=5.67..480.55 rows=120 width=125)
	  Recheck Cond: ((k >= 1004812) AND (k <= 1004912))
	  ->  Bitmap Index Scan on k_8  (cost=0.00..5.63 rows=120 width=0)
	        Index Cond: ((k >= 1004812) AND (k <= 1004912))

explain: for range-notcovered :: explain SELECT k, c FROM sbtest%d WHERE k BETWEEN 4647253 AND 4647353
explain: for range-notcovered :: explain SELECT k, c FROM sbtest%d WHERE k BETWEEN 495695 AND 495795
for range-notcovered
table 1 : explain SELECT k, c FROM sbtest1 WHERE k BETWEEN 3679004 AND 3679104
	Bitmap Heap Scan on sbtest1  (cost=5.45..397.62 rows=99 width=125)
	  Recheck Cond: ((k >= 3679004) AND (k <= 3679104))
	  ->  Bitmap Index Scan on k_1  (cost=0.00..5.42 rows=99 width=0)
	        Index Cond: ((k >= 3679004) AND (k <= 3679104))

table 2 : explain SELECT k, c FROM sbtest2 WHERE k BETWEEN 3679004 AND 3679104
	Bitmap Heap Scan on sbtest2  (cost=5.51..421.33 rows=105 width=125)
	  Recheck Cond: ((k >= 3679004) AND (k <= 3679104))
	  ->  Bitmap Index Scan on k_2  (cost=0.00..5.48 rows=105 width=0)
	        Index Cond: ((k >= 3679004) AND (k <= 3679104))

table 3 : explain SELECT k, c FROM sbtest3 WHERE k BETWEEN 3679004 AND 3679104
	Bitmap Heap Scan on sbtest3  (cost=5.44..393.74 rows=98 width=125)
	  Recheck Cond: ((k >= 3679004) AND (k <= 3679104))
	  ->  Bitmap Index Scan on k_3  (cost=0.00..5.42 rows=98 width=0)
	        Index Cond: ((k >= 3679004) AND (k <= 3679104))

table 4 : explain SELECT k, c FROM sbtest4 WHERE k BETWEEN 3679004 AND 3679104
	Bitmap Heap Scan on sbtest4  (cost=5.55..437.12 rows=109 width=125)
	  Recheck Cond: ((k >= 3679004) AND (k <= 3679104))
	  ->  Bitmap Index Scan on k_4  (cost=0.00..5.52 rows=109 width=0)
	        Index Cond: ((k >= 3679004) AND (k <= 3679104))

table 5 : explain SELECT k, c FROM sbtest5 WHERE k BETWEEN 3679004 AND 3679104
	Bitmap Heap Scan on sbtest5  (cost=5.46..401.78 rows=100 width=125)
	  Recheck Cond: ((k >= 3679004) AND (k <= 3679104))
	  ->  Bitmap Index Scan on k_5  (cost=0.00..5.43 rows=100 width=0)
	        Index Cond: ((k >= 3679004) AND (k <= 3679104))

table 6 : explain SELECT k, c FROM sbtest6 WHERE k BETWEEN 3679004 AND 3679104
	Bitmap Heap Scan on sbtest6  (cost=5.49..413.52 rows=103 width=125)
	  Recheck Cond: ((k >= 3679004) AND (k <= 3679104))
	  ->  Bitmap Index Scan on k_6  (cost=0.00..5.46 rows=103 width=0)
	        Index Cond: ((k >= 3679004) AND (k <= 3679104))

table 7 : explain SELECT k, c FROM sbtest7 WHERE k BETWEEN 3679004 AND 3679104
	Bitmap Heap Scan on sbtest7  (cost=5.56..441.23 rows=110 width=125)
	  Recheck Cond: ((k >= 3679004) AND (k <= 3679104))
	  ->  Bitmap Index Scan on k_7  (cost=0.00..5.53 rows=110 width=0)
	        Index Cond: ((k >= 3679004) AND (k <= 3679104))

table 8 : explain SELECT k, c FROM sbtest8 WHERE k BETWEEN 3679004 AND 3679104
	Bitmap Heap Scan on sbtest8  (cost=5.45..397.75 rows=99 width=125)
	  Recheck Cond: ((k >= 3679004) AND (k <= 3679104))
	  ->  Bitmap Index Scan on k_8  (cost=0.00..5.42 rows=99 width=0)
	        Index Cond: ((k >= 3679004) AND (k <= 3679104))

explain: for range-notcovered :: explain SELECT k, c FROM sbtest%d WHERE k BETWEEN 1004812 AND 1004912
explain: for range-notcovered :: explain SELECT k, c FROM sbtest%d WHERE k BETWEEN 8273721 AND 8273821
for range-notcovered
table 1 : explain SELECT k, c FROM sbtest1 WHERE k BETWEEN 1804304 AND 1804404
	Bitmap Heap Scan on sbtest1  (cost=5.40..377.89 rows=94 width=125)
	  Recheck Cond: ((k >= 1804304) AND (k <= 1804404))
	  ->  Bitmap Index Scan on k_1  (cost=0.00..5.38 rows=94 width=0)
	        Index Cond: ((k >= 1804304) AND (k <= 1804404))

table 2 : explain SELECT k, c FROM sbtest2 WHERE k BETWEEN 1804304 AND 1804404
	Bitmap Heap Scan on sbtest2  (cost=5.51..421.33 rows=105 width=125)
	  Recheck Cond: ((k >= 1804304) AND (k <= 1804404))
	  ->  Bitmap Index Scan on k_2  (cost=0.00..5.48 rows=105 width=0)
	        Index Cond: ((k >= 1804304) AND (k <= 1804404))

table 3 : explain SELECT k, c FROM sbtest3 WHERE k BETWEEN 1804304 AND 1804404
	Bitmap Heap Scan on sbtest3  (cost=5.45..397.68 rows=99 width=125)
	  Recheck Cond: ((k >= 1804304) AND (k <= 1804404))
	  ->  Bitmap Index Scan on k_3  (cost=0.00..5.42 rows=99 width=0)
	        Index Cond: ((k >= 1804304) AND (k <= 1804404))

table 4 : explain SELECT k, c FROM sbtest4 WHERE k BETWEEN 1804304 AND 1804404
	Bitmap Heap Scan on sbtest4  (cost=5.50..417.40 rows=104 width=125)
	  Recheck Cond: ((k >= 1804304) AND (k <= 1804404))
	  ->  Bitmap Index Scan on k_4  (cost=0.00..5.47 rows=104 width=0)
	        Index Cond: ((k >= 1804304) AND (k <= 1804404))

table 5 : explain SELECT k, c FROM sbtest5 WHERE k BETWEEN 1804304 AND 1804404
	Bitmap Heap Scan on sbtest5  (cost=5.51..421.51 rows=105 width=125)
	  Recheck Cond: ((k >= 1804304) AND (k <= 1804404))
	  ->  Bitmap Index Scan on k_5  (cost=0.00..5.48 rows=105 width=0)
	        Index Cond: ((k >= 1804304) AND (k <= 1804404))

table 6 : explain SELECT k, c FROM sbtest6 WHERE k BETWEEN 1804304 AND 1804404
	Bitmap Heap Scan on sbtest6  (cost=5.45..397.74 rows=99 width=125)
	  Recheck Cond: ((k >= 1804304) AND (k <= 1804404))
	  ->  Bitmap Index Scan on k_6  (cost=0.00..5.42 rows=99 width=0)
	        Index Cond: ((k >= 1804304) AND (k <= 1804404))

table 7 : explain SELECT k, c FROM sbtest7 WHERE k BETWEEN 1804304 AND 1804404
	Bitmap Heap Scan on sbtest7  (cost=5.44..393.88 rows=98 width=125)
	  Recheck Cond: ((k >= 1804304) AND (k <= 1804404))
	  ->  Bitmap Index Scan on k_7  (cost=0.00..5.42 rows=98 width=0)
	        Index Cond: ((k >= 1804304) AND (k <= 1804404))

table 8 : explain SELECT k, c FROM sbtest8 WHERE k BETWEEN 1804304 AND 1804404
	Bitmap Heap Scan on sbtest8  (cost=5.50..417.48 rows=104 width=125)
	  Recheck Cond: ((k >= 1804304) AND (k <= 1804404))
	  ->  Bitmap Index Scan on k_8  (cost=0.00..5.47 rows=104 width=0)
	        Index Cond: ((k >= 1804304) AND (k <= 1804404))

explain: for range-notcovered :: explain SELECT k, c FROM sbtest%d WHERE k BETWEEN 3679004 AND 3679104
explain: for range-notcovered :: explain SELECT k, c FROM sbtest%d WHERE k BETWEEN 1804304 AND 1804404
for range-notcovered
table 1 : explain SELECT k, c FROM sbtest1 WHERE k BETWEEN 6675946 AND 6676046
	Bitmap Heap Scan on sbtest1  (cost=5.48..409.45 rows=102 width=125)
	  Recheck Cond: ((k >= 6675946) AND (k <= 6676046))
	  ->  Bitmap Index Scan on k_1  (cost=0.00..5.45 rows=102 width=0)
	        Index Cond: ((k >= 6675946) AND (k <= 6676046))

table 2 : explain SELECT k, c FROM sbtest2 WHERE k BETWEEN 6675946 AND 6676046
	Bitmap Heap Scan on sbtest2  (cost=5.45..397.66 rows=99 width=125)
	  Recheck Cond: ((k >= 6675946) AND (k <= 6676046))
	  ->  Bitmap Index Scan on k_2  (cost=0.00..5.42 rows=99 width=0)
	        Index Cond: ((k >= 6675946) AND (k <= 6676046))

table 3 : explain SELECT k, c FROM sbtest3 WHERE k BETWEEN 6675946 AND 6676046
	Bitmap Heap Scan on sbtest3  (cost=5.48..409.52 rows=102 width=125)
	  Recheck Cond: ((k >= 6675946) AND (k <= 6676046))
	  ->  Bitmap Index Scan on k_3  (cost=0.00..5.45 rows=102 width=0)
	        Index Cond: ((k >= 6675946) AND (k <= 6676046))

table 4 : explain SELECT k, c FROM sbtest4 WHERE k BETWEEN 6675946 AND 6676046
	Bitmap Heap Scan on sbtest4  (cost=5.44..393.73 rows=98 width=125)
	  Recheck Cond: ((k >= 6675946) AND (k <= 6676046))
	  ->  Bitmap Index Scan on k_4  (cost=0.00..5.42 rows=98 width=0)
	        Index Cond: ((k >= 6675946) AND (k <= 6676046))

table 5 : explain SELECT k, c FROM sbtest5 WHERE k BETWEEN 6675946 AND 6676046
	Bitmap Heap Scan on sbtest5  (cost=5.43..389.93 rows=97 width=125)
	  Recheck Cond: ((k >= 6675946) AND (k <= 6676046))
	  ->  Bitmap Index Scan on k_5  (cost=0.00..5.40 rows=97 width=0)
	        Index Cond: ((k >= 6675946) AND (k <= 6676046))

table 6 : explain SELECT k, c FROM sbtest6 WHERE k BETWEEN 6675946 AND 6676046
	Bitmap Heap Scan on sbtest6  (cost=5.52..425.36 rows=106 width=125)
	  Recheck Cond: ((k >= 6675946) AND (k <= 6676046))
	  ->  Bitmap Index Scan on k_6  (cost=0.00..5.50 rows=106 width=0)
	        Index Cond: ((k >= 6675946) AND (k <= 6676046))

table 7 : explain SELECT k, c FROM sbtest7 WHERE k BETWEEN 6675946 AND 6676046
	Bitmap Heap Scan on sbtest7  (cost=5.53..429.40 rows=107 width=125)
	  Recheck Cond: ((k >= 6675946) AND (k <= 6676046))
	  ->  Bitmap Index Scan on k_7  (cost=0.00..5.50 rows=107 width=0)
	        Index Cond: ((k >= 6675946) AND (k <= 6676046))

table 8 : explain SELECT k, c FROM sbtest8 WHERE k BETWEEN 6675946 AND 6676046
	Bitmap Heap Scan on sbtest8  (cost=5.46..401.70 rows=100 width=125)
	  Recheck Cond: ((k >= 6675946) AND (k <= 6676046))
	  ->  Bitmap Index Scan on k_8  (cost=0.00..5.43 rows=100 width=0)
	        Index Cond: ((k >= 6675946) AND (k <= 6676046))

explain: for range-notcovered :: explain SELECT k, c FROM sbtest%d WHERE k BETWEEN 6675946 AND 6676046
for range-notcovered
table 1 : explain SELECT k, c FROM sbtest1 WHERE k BETWEEN 4995921 AND 4996021
	Bitmap Heap Scan on sbtest1  (cost=5.46..401.56 rows=100 width=125)
	  Recheck Cond: ((k >= 4995921) AND (k <= 4996021))
	  ->  Bitmap Index Scan on k_1  (cost=0.00..5.43 rows=100 width=0)
	        Index Cond: ((k >= 4995921) AND (k <= 4996021))

table 2 : explain SELECT k, c FROM sbtest2 WHERE k BETWEEN 4995921 AND 4996021
	Bitmap Heap Scan on sbtest2  (cost=5.46..401.61 rows=100 width=125)
	  Recheck Cond: ((k >= 4995921) AND (k <= 4996021))
	  ->  Bitmap Index Scan on k_2  (cost=0.00..5.43 rows=100 width=0)
	        Index Cond: ((k >= 4995921) AND (k <= 4996021))

table 3 : explain SELECT k, c FROM sbtest3 WHERE k BETWEEN 4995921 AND 4996021
	Bitmap Heap Scan on sbtest3  (cost=5.62..464.70 rows=116 width=125)
	  Recheck Cond: ((k >= 4995921) AND (k <= 4996021))
	  ->  Bitmap Index Scan on k_3  (cost=0.00..5.59 rows=116 width=0)
	        Index Cond: ((k >= 4995921) AND (k <= 4996021))

table 4 : explain SELECT k, c FROM sbtest4 WHERE k BETWEEN 4995921 AND 4996021
	Bitmap Heap Scan on sbtest4  (cost=5.44..393.73 rows=98 width=125)
	  Recheck Cond: ((k >= 4995921) AND (k <= 4996021))
	  ->  Bitmap Index Scan on k_4  (cost=0.00..5.42 rows=98 width=0)
	        Index Cond: ((k >= 4995921) AND (k <= 4996021))

table 5 : explain SELECT k, c FROM sbtest5 WHERE k BETWEEN 4995921 AND 4996021
	Bitmap Heap Scan on sbtest5  (cost=5.38..370.18 rows=92 width=125)
	  Recheck Cond: ((k >= 4995921) AND (k <= 4996021))
	  ->  Bitmap Index Scan on k_5  (cost=0.00..5.35 rows=92 width=0)
	        Index Cond: ((k >= 4995921) AND (k <= 4996021))

table 6 : explain SELECT k, c FROM sbtest6 WHERE k BETWEEN 4995921 AND 4996021
	Bitmap Heap Scan on sbtest6  (cost=5.51..421.41 rows=105 width=125)
	  Recheck Cond: ((k >= 4995921) AND (k <= 4996021))
	  ->  Bitmap Index Scan on k_6  (cost=0.00..5.48 rows=105 width=0)
	        Index Cond: ((k >= 4995921) AND (k <= 4996021))

table 7 : explain SELECT k, c FROM sbtest7 WHERE k BETWEEN 4995921 AND 4996021
	Bitmap Heap Scan on sbtest7  (cost=5.46..401.78 rows=100 width=125)
	  Recheck Cond: ((k >= 4995921) AND (k <= 4996021))
	  ->  Bitmap Index Scan on k_7  (cost=0.00..5.43 rows=100 width=0)
	        Index Cond: ((k >= 4995921) AND (k <= 4996021))

table 8 : explain SELECT k, c FROM sbtest8 WHERE k BETWEEN 4995921 AND 4996021
	Bitmap Heap Scan on sbtest8  (cost=5.42..385.91 rows=96 width=125)
	  Recheck Cond: ((k >= 4995921) AND (k <= 4996021))
	  ->  Bitmap Index Scan on k_8  (cost=0.00..5.39 rows=96 width=0)
	        Index Cond: ((k >= 4995921) AND (k <= 4996021))

for range-notcovered
table 1 : explain SELECT k, c FROM sbtest1 WHERE k BETWEEN 5358538 AND 5358638
	Bitmap Heap Scan on sbtest1  (cost=5.40..377.89 rows=94 width=125)
	  Recheck Cond: ((k >= 5358538) AND (k <= 5358638))
	  ->  Bitmap Index Scan on k_1  (cost=0.00..5.38 rows=94 width=0)
	        Index Cond: ((k >= 5358538) AND (k <= 5358638))

table 2 : explain SELECT k, c FROM sbtest2 WHERE k BETWEEN 5358538 AND 5358638
	Bitmap Heap Scan on sbtest2  (cost=5.52..425.27 rows=106 width=125)
	  Recheck Cond: ((k >= 5358538) AND (k <= 5358638))
	  ->  Bitmap Index Scan on k_2  (cost=0.00..5.50 rows=106 width=0)
	        Index Cond: ((k >= 5358538) AND (k <= 5358638))

table 3 : explain SELECT k, c FROM sbtest3 WHERE k BETWEEN 5358538 AND 5358638
	Bitmap Heap Scan on sbtest3  (cost=5.43..389.79 rows=97 width=125)
	  Recheck Cond: ((k >= 5358538) AND (k <= 5358638))
	  ->  Bitmap Index Scan on k_3  (cost=0.00..5.40 rows=97 width=0)
	        Index Cond: ((k >= 5358538) AND (k <= 5358638))

table 4 : explain SELECT k, c FROM sbtest4 WHERE k BETWEEN 5358538 AND 5358638
	Bitmap Heap Scan on sbtest4  (cost=5.53..429.23 rows=107 width=125)
	  Recheck Cond: ((k >= 5358538) AND (k <= 5358638))
	  ->  Bitmap Index Scan on k_4  (cost=0.00..5.50 rows=107 width=0)
	        Index Cond: ((k >= 5358538) AND (k <= 5358638))

table 5 : explain SELECT k, c FROM sbtest5 WHERE k BETWEEN 5358538 AND 5358638
	Bitmap Heap Scan on sbtest5  (cost=5.38..370.18 rows=92 width=125)
	  Recheck Cond: ((k >= 5358538) AND (k <= 5358638))
	  ->  Bitmap Index Scan on k_5  (cost=0.00..5.35 rows=92 width=0)
	        Index Cond: ((k >= 5358538) AND (k <= 5358638))

table 6 : explain SELECT k, c FROM sbtest6 WHERE k BETWEEN 5358538 AND 5358638
	Bitmap Heap Scan on sbtest6  (cost=5.46..401.69 rows=100 width=125)
	  Recheck Cond: ((k >= 5358538) AND (k <= 5358638))
	  ->  Bitmap Index Scan on k_6  (cost=0.00..5.43 rows=100 width=0)
	        Index Cond: ((k >= 5358538) AND (k <= 5358638))

table 7 : explain SELECT k, c FROM sbtest7 WHERE k BETWEEN 5358538 AND 5358638
	Bitmap Heap Scan on sbtest7  (cost=5.54..433.35 rows=108 width=125)
	  Recheck Cond: ((k >= 5358538) AND (k <= 5358638))
	  ->  Bitmap Index Scan on k_7  (cost=0.00..5.51 rows=108 width=0)
	        Index Cond: ((k >= 5358538) AND (k <= 5358638))

table 8 : explain SELECT k, c FROM sbtest8 WHERE k BETWEEN 5358538 AND 5358638
	Bitmap Heap Scan on sbtest8  (cost=5.54..433.26 rows=108 width=125)
	  Recheck Cond: ((k >= 5358538) AND (k <= 5358638))
	  ->  Bitmap Index Scan on k_8  (cost=0.00..5.51 rows=108 width=0)
	        Index Cond: ((k >= 5358538) AND (k <= 5358638))

for range-notcovered
table 1 : explain SELECT k, c FROM sbtest1 WHERE k BETWEEN 5118410 AND 5118510
	Bitmap Heap Scan on sbtest1  (cost=5.56..440.99 rows=110 width=125)
	  Recheck Cond: ((k >= 5118410) AND (k <= 5118510))
	  ->  Bitmap Index Scan on k_1  (cost=0.00..5.53 rows=110 width=0)
	        Index Cond: ((k >= 5118410) AND (k <= 5118510))

table 2 : explain SELECT k, c FROM sbtest2 WHERE k BETWEEN 5118410 AND 5118510
	Bitmap Heap Scan on sbtest2  (cost=5.46..401.61 rows=100 width=125)
	  Recheck Cond: ((k >= 5118410) AND (k <= 5118510))
	  ->  Bitmap Index Scan on k_2  (cost=0.00..5.43 rows=100 width=0)
	        Index Cond: ((k >= 5118410) AND (k <= 5118510))

table 3 : explain SELECT k, c FROM sbtest3 WHERE k BETWEEN 5118410 AND 5118510
	Bitmap Heap Scan on sbtest3  (cost=5.46..401.63 rows=100 width=125)
	  Recheck Cond: ((k >= 5118410) AND (k <= 5118510))
	  ->  Bitmap Index Scan on k_3  (cost=0.00..5.43 rows=100 width=0)
	        Index Cond: ((k >= 5118410) AND (k <= 5118510))

table 4 : explain SELECT k, c FROM sbtest4 WHERE k BETWEEN 5118410 AND 5118510
	Bitmap Heap Scan on sbtest4  (cost=5.50..417.40 rows=104 width=125)
	  Recheck Cond: ((k >= 5118410) AND (k <= 5118510))
	  ->  Bitmap Index Scan on k_4  (cost=0.00..5.47 rows=104 width=0)
	        Index Cond: ((k >= 5118410) AND (k <= 5118510))

table 5 : explain SELECT k, c FROM sbtest5 WHERE k BETWEEN 5118410 AND 5118510
	Bitmap Heap Scan on sbtest5  (cost=5.51..421.51 rows=105 width=125)
	  Recheck Cond: ((k >= 5118410) AND (k <= 5118510))
	  ->  Bitmap Index Scan on k_5  (cost=0.00..5.48 rows=105 width=0)
	        Index Cond: ((k >= 5118410) AND (k <= 5118510))

table 6 : explain SELECT k, c FROM sbtest6 WHERE k BETWEEN 5118410 AND 5118510
	Bitmap Heap Scan on sbtest6  (cost=5.47..405.63 rows=101 width=125)
	  Recheck Cond: ((k >= 5118410) AND (k <= 5118510))
	  ->  Bitmap Index Scan on k_6  (cost=0.00..5.44 rows=101 width=0)
	        Index Cond: ((k >= 5118410) AND (k <= 5118510))

table 7 : explain SELECT k, c FROM sbtest7 WHERE k BETWEEN 5118410 AND 5118510
	Bitmap Heap Scan on sbtest7  (cost=5.49..413.62 rows=103 width=125)
	  Recheck Cond: ((k >= 5118410) AND (k <= 5118510))
	  ->  Bitmap Index Scan on k_7  (cost=0.00..5.46 rows=103 width=0)
	        Index Cond: ((k >= 5118410) AND (k <= 5118510))

table 8 : explain SELECT k, c FROM sbtest8 WHERE k BETWEEN 5118410 AND 5118510
	Bitmap Heap Scan on sbtest8  (cost=5.52..425.37 rows=106 width=125)
	  Recheck Cond: ((k >= 5118410) AND (k <= 5118510))
	  ->  Bitmap Index Scan on k_8  (cost=0.00..5.50 rows=106 width=0)
	        Index Cond: ((k >= 5118410) AND (k <= 5118510))

for range-notcovered
table 1 : explain SELECT k, c FROM sbtest1 WHERE k BETWEEN 2839463 AND 2839563
	Bitmap Heap Scan on sbtest1  (cost=5.48..409.45 rows=102 width=125)
	  Recheck Cond: ((k >= 2839463) AND (k <= 2839563))
	  ->  Bitmap Index Scan on k_1  (cost=0.00..5.45 rows=102 width=0)
	        Index Cond: ((k >= 2839463) AND (k <= 2839563))

table 2 : explain SELECT k, c FROM sbtest2 WHERE k BETWEEN 2839463 AND 2839563
	Bitmap Heap Scan on sbtest2  (cost=5.47..405.55 rows=101 width=125)
	  Recheck Cond: ((k >= 2839463) AND (k <= 2839563))
	  ->  Bitmap Index Scan on k_2  (cost=0.00..5.44 rows=101 width=0)
	        Index Cond: ((k >= 2839463) AND (k <= 2839563))

table 3 : explain SELECT k, c FROM sbtest3 WHERE k BETWEEN 2839463 AND 2839563
	Bitmap Heap Scan on sbtest3  (cost=5.47..405.57 rows=101 width=125)
	  Recheck Cond: ((k >= 2839463) AND (k <= 2839563))
	  ->  Bitmap Index Scan on k_3  (cost=0.00..5.44 rows=101 width=0)
	        Index Cond: ((k >= 2839463) AND (k <= 2839563))

table 4 : explain SELECT k, c FROM sbtest4 WHERE k BETWEEN 2839463 AND 2839563
	Bitmap Heap Scan on sbtest4  (cost=5.59..452.88 rows=113 width=125)
	  Recheck Cond: ((k >= 2839463) AND (k <= 2839563))
	  ->  Bitmap Index Scan on k_4  (cost=0.00..5.56 rows=113 width=0)
	        Index Cond: ((k >= 2839463) AND (k <= 2839563))

table 5 : explain SELECT k, c FROM sbtest5 WHERE k BETWEEN 2839463 AND 2839563
	Bitmap Heap Scan on sbtest5  (cost=5.49..413.62 rows=103 width=125)
	  Recheck Cond: ((k >= 2839463) AND (k <= 2839563))
	  ->  Bitmap Index Scan on k_5  (cost=0.00..5.46 rows=103 width=0)
	        Index Cond: ((k >= 2839463) AND (k <= 2839563))

table 6 : explain SELECT k, c FROM sbtest6 WHERE k BETWEEN 2839463 AND 2839563
	Bitmap Heap Scan on sbtest6  (cost=5.53..429.30 rows=107 width=125)
	  Recheck Cond: ((k >= 2839463) AND (k <= 2839563))
	  ->  Bitmap Index Scan on k_6  (cost=0.00..5.50 rows=107 width=0)
	        Index Cond: ((k >= 2839463) AND (k <= 2839563))

table 7 : explain SELECT k, c FROM sbtest7 WHERE k BETWEEN 2839463 AND 2839563
	Bitmap Heap Scan on sbtest7  (cost=5.42..385.98 rows=96 width=125)
	  Recheck Cond: ((k >= 2839463) AND (k <= 2839563))
	  ->  Bitmap Index Scan on k_7  (cost=0.00..5.39 rows=96 width=0)
	        Index Cond: ((k >= 2839463) AND (k <= 2839563))

table 8 : explain SELECT k, c FROM sbtest8 WHERE k BETWEEN 2839463 AND 2839563
	Bitmap Heap Scan on sbtest8  (cost=5.47..405.64 rows=101 width=125)
	  Recheck Cond: ((k >= 2839463) AND (k <= 2839563))
	  ->  Bitmap Index Scan on k_8  (cost=0.00..5.44 rows=101 width=0)
	        Index Cond: ((k >= 2839463) AND (k <= 2839563))

for range-notcovered
table 1 : explain SELECT k, c FROM sbtest1 WHERE k BETWEEN 7705401 AND 7705501
	Bitmap Heap Scan on sbtest1  (cost=5.45..397.62 rows=99 width=125)
	  Recheck Cond: ((k >= 7705401) AND (k <= 7705501))
	  ->  Bitmap Index Scan on k_1  (cost=0.00..5.42 rows=99 width=0)
	        Index Cond: ((k >= 7705401) AND (k <= 7705501))

table 2 : explain SELECT k, c FROM sbtest2 WHERE k BETWEEN 7705401 AND 7705501
	Bitmap Heap Scan on sbtest2  (cost=5.39..373.98 rows=93 width=125)
	  Recheck Cond: ((k >= 7705401) AND (k <= 7705501))
	  ->  Bitmap Index Scan on k_2  (cost=0.00..5.36 rows=93 width=0)
	        Index Cond: ((k >= 7705401) AND (k <= 7705501))

table 3 : explain SELECT k, c FROM sbtest3 WHERE k BETWEEN 7705401 AND 7705501
	Bitmap Heap Scan on sbtest3  (cost=5.46..401.63 rows=100 width=125)
	  Recheck Cond: ((k >= 7705401) AND (k <= 7705501))
	  ->  Bitmap Index Scan on k_3  (cost=0.00..5.43 rows=100 width=0)
	        Index Cond: ((k >= 7705401) AND (k <= 7705501))

table 4 : explain SELECT k, c FROM sbtest4 WHERE k BETWEEN 7705401 AND 7705501
	Bitmap Heap Scan on sbtest4  (cost=5.49..413.46 rows=103 width=125)
	  Recheck Cond: ((k >= 7705401) AND (k <= 7705501))
	  ->  Bitmap Index Scan on k_4  (cost=0.00..5.46 rows=103 width=0)
	        Index Cond: ((k >= 7705401) AND (k <= 7705501))

table 5 : explain SELECT k, c FROM sbtest5 WHERE k BETWEEN 7705401 AND 7705501
	Bitmap Heap Scan on sbtest5  (cost=5.41..382.03 rows=95 width=125)
	  Recheck Cond: ((k >= 7705401) AND (k <= 7705501))
	  ->  Bitmap Index Scan on k_5  (cost=0.00..5.38 rows=95 width=0)
	        Index Cond: ((k >= 7705401) AND (k <= 7705501))

table 6 : explain SELECT k, c FROM sbtest6 WHERE k BETWEEN 7705401 AND 7705501
	Bitmap Heap Scan on sbtest6  (cost=5.49..413.52 rows=103 width=125)
	  Recheck Cond: ((k >= 7705401) AND (k <= 7705501))
	  ->  Bitmap Index Scan on k_6  (cost=0.00..5.46 rows=103 width=0)
	        Index Cond: ((k >= 7705401) AND (k <= 7705501))

table 7 : explain SELECT k, c FROM sbtest7 WHERE k BETWEEN 7705401 AND 7705501
	Bitmap Heap Scan on sbtest7  (cost=5.51..421.51 rows=105 width=125)
	  Recheck Cond: ((k >= 7705401) AND (k <= 7705501))
	  ->  Bitmap Index Scan on k_7  (cost=0.00..5.48 rows=105 width=0)
	        Index Cond: ((k >= 7705401) AND (k <= 7705501))

table 8 : explain SELECT k, c FROM sbtest8 WHERE k BETWEEN 7705401 AND 7705501
	Bitmap Heap Scan on sbtest8  (cost=5.48..409.59 rows=102 width=125)
	  Recheck Cond: ((k >= 7705401) AND (k <= 7705501))
	  ->  Bitmap Index Scan on k_8  (cost=0.00..5.45 rows=102 width=0)
	        Index Cond: ((k >= 7705401) AND (k <= 7705501))

explain: for range-notcovered :: explain SELECT k, c FROM sbtest%d WHERE k BETWEEN 5118410 AND 5118510
explain: for range-notcovered :: explain SELECT k, c FROM sbtest%d WHERE k BETWEEN 2839463 AND 2839563
explain: for range-notcovered :: explain SELECT k, c FROM sbtest%d WHERE k BETWEEN 7705401 AND 7705501
for range-notcovered
table 1 : explain SELECT k, c FROM sbtest1 WHERE k BETWEEN 3209331 AND 3209431
	Bitmap Heap Scan on sbtest1  (cost=5.54..433.10 rows=108 width=125)
	  Recheck Cond: ((k >= 3209331) AND (k <= 3209431))
	  ->  Bitmap Index Scan on k_1  (cost=0.00..5.51 rows=108 width=0)
	        Index Cond: ((k >= 3209331) AND (k <= 3209431))

table 2 : explain SELECT k, c FROM sbtest2 WHERE k BETWEEN 3209331 AND 3209431
	Bitmap Heap Scan on sbtest2  (cost=5.55..437.10 rows=109 width=125)
	  Recheck Cond: ((k >= 3209331) AND (k <= 3209431))
	  ->  Bitmap Index Scan on k_2  (cost=0.00..5.52 rows=109 width=0)
	        Index Cond: ((k >= 3209331) AND (k <= 3209431))

table 3 : explain SELECT k, c FROM sbtest3 WHERE k BETWEEN 3209331 AND 3209431
	Bitmap Heap Scan on sbtest3  (cost=5.52..425.29 rows=106 width=125)
	  Recheck Cond: ((k >= 3209331) AND (k <= 3209431))
	  ->  Bitmap Index Scan on k_3  (cost=0.00..5.50 rows=106 width=0)
	        Index Cond: ((k >= 3209331) AND (k <= 3209431))

table 4 : explain SELECT k, c FROM sbtest4 WHERE k BETWEEN 3209331 AND 3209431
	Bitmap Heap Scan on sbtest4  (cost=5.55..437.12 rows=109 width=125)
	  Recheck Cond: ((k >= 3209331) AND (k <= 3209431))
	  ->  Bitmap Index Scan on k_4  (cost=0.00..5.52 rows=109 width=0)
	        Index Cond: ((k >= 3209331) AND (k <= 3209431))

table 5 : explain SELECT k, c FROM sbtest5 WHERE k BETWEEN 3209331 AND 3209431
	Bitmap Heap Scan on sbtest5  (cost=5.57..445.18 rows=111 width=125)
	  Recheck Cond: ((k >= 3209331) AND (k <= 3209431))
	  ->  Bitmap Index Scan on k_5  (cost=0.00..5.54 rows=111 width=0)
	        Index Cond: ((k >= 3209331) AND (k <= 3209431))

table 6 : explain SELECT k, c FROM sbtest6 WHERE k BETWEEN 3209331 AND 3209431
	Bitmap Heap Scan on sbtest6  (cost=5.46..401.69 rows=100 width=125)
	  Recheck Cond: ((k >= 3209331) AND (k <= 3209431))
	  ->  Bitmap Index Scan on k_6  (cost=0.00..5.43 rows=100 width=0)
	        Index Cond: ((k >= 3209331) AND (k <= 3209431))

table 7 : explain SELECT k, c FROM sbtest7 WHERE k BETWEEN 3209331 AND 3209431
	Bitmap Heap Scan on sbtest7  (cost=5.38..370.19 rows=92 width=125)
	  Recheck Cond: ((k >= 3209331) AND (k <= 3209431))
	  ->  Bitmap Index Scan on k_7  (cost=0.00..5.35 rows=92 width=0)
	        Index Cond: ((k >= 3209331) AND (k <= 3209431))

table 8 : explain SELECT k, c FROM sbtest8 WHERE k BETWEEN 3209331 AND 3209431
	Bitmap Heap Scan on sbtest8  (cost=5.48..409.59 rows=102 width=125)
	  Recheck Cond: ((k >= 3209331) AND (k <= 3209431))
	  ->  Bitmap Index Scan on k_8  (cost=0.00..5.45 rows=102 width=0)
	        Index Cond: ((k >= 3209331) AND (k <= 3209431))

for range-notcovered
table 1 : explain SELECT k, c FROM sbtest1 WHERE k BETWEEN 1004812 AND 1004912
	Bitmap Heap Scan on sbtest1  (cost=5.49..413.39 rows=103 width=125)
	  Recheck Cond: ((k >= 1004812) AND (k <= 1004912))
	  ->  Bitmap Index Scan on k_1  (cost=0.00..5.46 rows=103 width=0)
	        Index Cond: ((k >= 1004812) AND (k <= 1004912))

table 2 : explain SELECT k, c FROM sbtest2 WHERE k BETWEEN 1004812 AND 1004912
	Bitmap Heap Scan on sbtest2  (cost=5.51..421.33 rows=105 width=125)
	  Recheck Cond: ((k >= 1004812) AND (k <= 1004912))
	  ->  Bitmap Index Scan on k_2  (cost=0.00..5.48 rows=105 width=0)
	        Index Cond: ((k >= 1004812) AND (k <= 1004912))

table 3 : explain SELECT k, c FROM sbtest3 WHERE k BETWEEN 1004812 AND 1004912
	Bitmap Heap Scan on sbtest3  (cost=5.49..413.46 rows=103 width=125)
	  Recheck Cond: ((k >= 1004812) AND (k <= 1004912))
	  ->  Bitmap Index Scan on k_3  (cost=0.00..5.46 rows=103 width=0)
	        Index Cond: ((k >= 1004812) AND (k <= 1004912))

table 4 : explain SELECT k, c FROM sbtest4 WHERE k BETWEEN 1004812 AND 1004912
	Bitmap Heap Scan on sbtest4  (cost=5.33..350.30 rows=87 width=125)
	  Recheck Cond: ((k >= 1004812) AND (k <= 1004912))
	  ->  Bitmap Index Scan on k_4  (cost=0.00..5.30 rows=87 width=0)
	        Index Cond: ((k >= 1004812) AND (k <= 1004912))

table 5 : explain SELECT k, c FROM sbtest5 WHERE k BETWEEN 1004812 AND 1004912
	Bitmap Heap Scan on sbtest5  (cost=5.50..417.56 rows=104 width=125)
	  Recheck Cond: ((k >= 1004812) AND (k <= 1004912))
	  ->  Bitmap Index Scan on k_5  (cost=0.00..5.47 rows=104 width=0)
	        Index Cond: ((k >= 1004812) AND (k <= 1004912))

table 6 : explain SELECT k, c FROM sbtest6 WHERE k BETWEEN 1004812 AND 1004912
	Bitmap Heap Scan on sbtest6  (cost=5.45..397.74 rows=99 width=125)
	  Recheck Cond: ((k >= 1004812) AND (k <= 1004912))
	  ->  Bitmap Index Scan on k_6  (cost=0.00..5.42 rows=99 width=0)
	        Index Cond: ((k >= 1004812) AND (k <= 1004912))

table 7 : explain SELECT k, c FROM sbtest7 WHERE k BETWEEN 1004812 AND 1004912
	Bitmap Heap Scan on sbtest7  (cost=5.37..366.23 rows=91 width=125)
	  Recheck Cond: ((k >= 1004812) AND (k <= 1004912))
	  ->  Bitmap Index Scan on k_7  (cost=0.00..5.34 rows=91 width=0)
	        Index Cond: ((k >= 1004812) AND (k <= 1004912))

table 8 : explain SELECT k, c FROM sbtest8 WHERE k BETWEEN 1004812 AND 1004912
	Bitmap Heap Scan on sbtest8  (cost=5.67..480.55 rows=120 width=125)
	  Recheck Cond: ((k >= 1004812) AND (k <= 1004912))
	  ->  Bitmap Index Scan on k_8  (cost=0.00..5.63 rows=120 width=0)
	        Index Cond: ((k >= 1004812) AND (k <= 1004912))

for range-notcovered
table 1 : explain SELECT k, c FROM sbtest1 WHERE k BETWEEN 4647253 AND 4647353
	Bitmap Heap Scan on sbtest1  (cost=5.49..413.39 rows=103 width=125)
	  Recheck Cond: ((k >= 4647253) AND (k <= 4647353))
	  ->  Bitmap Index Scan on k_1  (cost=0.00..5.46 rows=103 width=0)
	        Index Cond: ((k >= 4647253) AND (k <= 4647353))

table 2 : explain SELECT k, c FROM sbtest2 WHERE k BETWEEN 4647253 AND 4647353
	Bitmap Heap Scan on sbtest2  (cost=5.51..421.33 rows=105 width=125)
	  Recheck Cond: ((k >= 4647253) AND (k <= 4647353))
	  ->  Bitmap Index Scan on k_2  (cost=0.00..5.48 rows=105 width=0)
	        Index Cond: ((k >= 4647253) AND (k <= 4647353))

table 3 : explain SELECT k, c FROM sbtest3 WHERE k BETWEEN 4647253 AND 4647353
	Bitmap Heap Scan on sbtest3  (cost=5.50..417.40 rows=104 width=125)
	  Recheck Cond: ((k >= 4647253) AND (k <= 4647353))
	  ->  Bitmap Index Scan on k_3  (cost=0.00..5.47 rows=104 width=0)
	        Index Cond: ((k >= 4647253) AND (k <= 4647353))

table 4 : explain SELECT k, c FROM sbtest4 WHERE k BETWEEN 4647253 AND 4647353
	Bitmap Heap Scan on sbtest4  (cost=5.48..409.51 rows=102 width=125)
	  Recheck Cond: ((k >= 4647253) AND (k <= 4647353))
	  ->  Bitmap Index Scan on k_4  (cost=0.00..5.45 rows=102 width=0)
	        Index Cond: ((k >= 4647253) AND (k <= 4647353))

table 5 : explain SELECT k, c FROM sbtest5 WHERE k BETWEEN 4647253 AND 4647353
	Bitmap Heap Scan on sbtest5  (cost=5.46..401.78 rows=100 width=125)
	  Recheck Cond: ((k >= 4647253) AND (k <= 4647353))
	  ->  Bitmap Index Scan on k_5  (cost=0.00..5.43 rows=100 width=0)
	        Index Cond: ((k >= 4647253) AND (k <= 4647353))

table 6 : explain SELECT k, c FROM sbtest6 WHERE k BETWEEN 4647253 AND 4647353
	Bitmap Heap Scan on sbtest6  (cost=5.55..437.19 rows=109 width=125)
	  Recheck Cond: ((k >= 4647253) AND (k <= 4647353))
	  ->  Bitmap Index Scan on k_6  (cost=0.00..5.52 rows=109 width=0)
	        Index Cond: ((k >= 4647253) AND (k <= 4647353))

table 7 : explain SELECT k, c FROM sbtest7 WHERE k BETWEEN 4647253 AND 4647353
	Bitmap Heap Scan on sbtest7  (cost=5.57..445.18 rows=111 width=125)
	  Recheck Cond: ((k >= 4647253) AND (k <= 4647353))
	  ->  Bitmap Index Scan on k_7  (cost=0.00..5.54 rows=111 width=0)
	        Index Cond: ((k >= 4647253) AND (k <= 4647353))

table 8 : explain SELECT k, c FROM sbtest8 WHERE k BETWEEN 4647253 AND 4647353
	Bitmap Heap Scan on sbtest8  (cost=5.52..425.37 rows=106 width=125)
	  Recheck Cond: ((k >= 4647253) AND (k <= 4647353))
	  ->  Bitmap Index Scan on k_8  (cost=0.00..5.50 rows=106 width=0)
	        Index Cond: ((k >= 4647253) AND (k <= 4647353))

explain: for range-notcovered :: explain SELECT k, c FROM sbtest%d WHERE k BETWEEN 9033111 AND 9033211
explain: for range-notcovered :: explain SELECT k, c FROM sbtest%d WHERE k BETWEEN 1004812 AND 1004912
for range-notcovered
table 1 : explain SELECT k, c FROM sbtest1 WHERE k BETWEEN 495695 AND 495795
	Bitmap Heap Scan on sbtest1  (cost=5.49..413.39 rows=103 width=125)
	  Recheck Cond: ((k >= 495695) AND (k <= 495795))
	  ->  Bitmap Index Scan on k_1  (cost=0.00..5.46 rows=103 width=0)
	        Index Cond: ((k >= 495695) AND (k <= 495795))

table 2 : explain SELECT k, c FROM sbtest2 WHERE k BETWEEN 495695 AND 495795
	Bitmap Heap Scan on sbtest2  (cost=5.48..409.50 rows=102 width=125)
	  Recheck Cond: ((k >= 495695) AND (k <= 495795))
	  ->  Bitmap Index Scan on k_2  (cost=0.00..5.45 rows=102 width=0)
	        Index Cond: ((k >= 495695) AND (k <= 495795))

table 3 : explain SELECT k, c FROM sbtest3 WHERE k BETWEEN 495695 AND 495795
	Bitmap Heap Scan on sbtest3  (cost=5.49..413.46 rows=103 width=125)
	  Recheck Cond: ((k >= 495695) AND (k <= 495795))
	  ->  Bitmap Index Scan on k_3  (cost=0.00..5.46 rows=103 width=0)
	        Index Cond: ((k >= 495695) AND (k <= 495795))

table 4 : explain SELECT k, c FROM sbtest4 WHERE k BETWEEN 495695 AND 495795
	Bitmap Heap Scan on sbtest4  (cost=5.47..405.57 rows=101 width=125)
	  Recheck Cond: ((k >= 495695) AND (k <= 495795))
	  ->  Bitmap Index Scan on k_4  (cost=0.00..5.44 rows=101 width=0)
	        Index Cond: ((k >= 495695) AND (k <= 495795))

table 5 : explain SELECT k, c FROM sbtest5 WHERE k BETWEEN 495695 AND 495795
	Bitmap Heap Scan on sbtest5  (cost=5.44..393.88 rows=98 width=125)
	  Recheck Cond: ((k >= 495695) AND (k <= 495795))
	  ->  Bitmap Index Scan on k_5  (cost=0.00..5.42 rows=98 width=0)
	        Index Cond: ((k >= 495695) AND (k <= 495795))

table 6 : explain SELECT k, c FROM sbtest6 WHERE k BETWEEN 495695 AND 495795
	Bitmap Heap Scan on sbtest6  (cost=5.47..405.63 rows=101 width=125)
	  Recheck Cond: ((k >= 495695) AND (k <= 495795))
	  ->  Bitmap Index Scan on k_6  (cost=0.00..5.44 rows=101 width=0)
	        Index Cond: ((k >= 495695) AND (k <= 495795))

table 7 : explain SELECT k, c FROM sbtest7 WHERE k BETWEEN 495695 AND 495795
	Bitmap Heap Scan on sbtest7  (cost=5.42..385.98 rows=96 width=125)
	  Recheck Cond: ((k >= 495695) AND (k <= 495795))
	  ->  Bitmap Index Scan on k_7  (cost=0.00..5.39 rows=96 width=0)
	        Index Cond: ((k >= 495695) AND (k <= 495795))

table 8 : explain SELECT k, c FROM sbtest8 WHERE k BETWEEN 495695 AND 495795
	Bitmap Heap Scan on sbtest8  (cost=5.35..358.26 rows=89 width=125)
	  Recheck Cond: ((k >= 495695) AND (k <= 495795))
	  ->  Bitmap Index Scan on k_8  (cost=0.00..5.32 rows=89 width=0)
	        Index Cond: ((k >= 495695) AND (k <= 495795))

explain: for range-notcovered :: explain SELECT k, c FROM sbtest%d WHERE k BETWEEN 4647253 AND 4647353
explain: for range-notcovered :: explain SELECT k, c FROM sbtest%d WHERE k BETWEEN 3209331 AND 3209431
for range-notcovered
table 1 : explain SELECT k, c FROM sbtest1 WHERE k BETWEEN 1804304 AND 1804404
	Bitmap Heap Scan on sbtest1  (cost=5.40..377.89 rows=94 width=125)
	  Recheck Cond: ((k >= 1804304) AND (k <= 1804404))
	  ->  Bitmap Index Scan on k_1  (cost=0.00..5.38 rows=94 width=0)
	        Index Cond: ((k >= 1804304) AND (k <= 1804404))

table 2 : explain SELECT k, c FROM sbtest2 WHERE k BETWEEN 1804304 AND 1804404
	Bitmap Heap Scan on sbtest2  (cost=5.51..421.33 rows=105 width=125)
	  Recheck Cond: ((k >= 1804304) AND (k <= 1804404))
	  ->  Bitmap Index Scan on k_2  (cost=0.00..5.48 rows=105 width=0)
	        Index Cond: ((k >= 1804304) AND (k <= 1804404))

table 3 : explain SELECT k, c FROM sbtest3 WHERE k BETWEEN 1804304 AND 1804404
	Bitmap Heap Scan on sbtest3  (cost=5.45..397.68 rows=99 width=125)
	  Recheck Cond: ((k >= 1804304) AND (k <= 1804404))
	  ->  Bitmap Index Scan on k_3  (cost=0.00..5.42 rows=99 width=0)
	        Index Cond: ((k >= 1804304) AND (k <= 1804404))

table 4 : explain SELECT k, c FROM sbtest4 WHERE k BETWEEN 1804304 AND 1804404
	Bitmap Heap Scan on sbtest4  (cost=5.50..417.40 rows=104 width=125)
	  Recheck Cond: ((k >= 1804304) AND (k <= 1804404))
	  ->  Bitmap Index Scan on k_4  (cost=0.00..5.47 rows=104 width=0)
	        Index Cond: ((k >= 1804304) AND (k <= 1804404))

table 5 : explain SELECT k, c FROM sbtest5 WHERE k BETWEEN 1804304 AND 1804404
	Bitmap Heap Scan on sbtest5  (cost=5.51..421.51 rows=105 width=125)
	  Recheck Cond: ((k >= 1804304) AND (k <= 1804404))
	  ->  Bitmap Index Scan on k_5  (cost=0.00..5.48 rows=105 width=0)
	        Index Cond: ((k >= 1804304) AND (k <= 1804404))

table 6 : explain SELECT k, c FROM sbtest6 WHERE k BETWEEN 1804304 AND 1804404
	Bitmap Heap Scan on sbtest6  (cost=5.45..397.74 rows=99 width=125)
	  Recheck Cond: ((k >= 1804304) AND (k <= 1804404))
	  ->  Bitmap Index Scan on k_6  (cost=0.00..5.42 rows=99 width=0)
	        Index Cond: ((k >= 1804304) AND (k <= 1804404))

table 7 : explain SELECT k, c FROM sbtest7 WHERE k BETWEEN 1804304 AND 1804404
	Bitmap Heap Scan on sbtest7  (cost=5.44..393.88 rows=98 width=125)
	  Recheck Cond: ((k >= 1804304) AND (k <= 1804404))
	  ->  Bitmap Index Scan on k_7  (cost=0.00..5.42 rows=98 width=0)
	        Index Cond: ((k >= 1804304) AND (k <= 1804404))

table 8 : explain SELECT k, c FROM sbtest8 WHERE k BETWEEN 1804304 AND 1804404
	Bitmap Heap Scan on sbtest8  (cost=5.50..417.48 rows=104 width=125)
	  Recheck Cond: ((k >= 1804304) AND (k <= 1804404))
	  ->  Bitmap Index Scan on k_8  (cost=0.00..5.47 rows=104 width=0)
	        Index Cond: ((k >= 1804304) AND (k <= 1804404))

explain: for range-notcovered :: explain SELECT k, c FROM sbtest%d WHERE k BETWEEN 495695 AND 495795
for range-notcovered
table 1 : explain SELECT k, c FROM sbtest1 WHERE k BETWEEN 3553595 AND 3553695
	Bitmap Heap Scan on sbtest1  (cost=5.49..413.39 rows=103 width=125)
	  Recheck Cond: ((k >= 3553595) AND (k <= 3553695))
	  ->  Bitmap Index Scan on k_1  (cost=0.00..5.46 rows=103 width=0)
	        Index Cond: ((k >= 3553595) AND (k <= 3553695))

table 2 : explain SELECT k, c FROM sbtest2 WHERE k BETWEEN 3553595 AND 3553695
	Bitmap Heap Scan on sbtest2  (cost=5.45..397.66 rows=99 width=125)
	  Recheck Cond: ((k >= 3553595) AND (k <= 3553695))
	  ->  Bitmap Index Scan on k_2  (cost=0.00..5.42 rows=99 width=0)
	        Index Cond: ((k >= 3553595) AND (k <= 3553695))

table 3 : explain SELECT k, c FROM sbtest3 WHERE k BETWEEN 3553595 AND 3553695
	Bitmap Heap Scan on sbtest3  (cost=5.55..437.12 rows=109 width=125)
	  Recheck Cond: ((k >= 3553595) AND (k <= 3553695))
	  ->  Bitmap Index Scan on k_3  (cost=0.00..5.52 rows=109 width=0)
	        Index Cond: ((k >= 3553595) AND (k <= 3553695))

table 4 : explain SELECT k, c FROM sbtest4 WHERE k BETWEEN 3553595 AND 3553695
	Bitmap Heap Scan on sbtest4  (cost=5.44..393.73 rows=98 width=125)
	  Recheck Cond: ((k >= 3553595) AND (k <= 3553695))
	  ->  Bitmap Index Scan on k_4  (cost=0.00..5.42 rows=98 width=0)
	        Index Cond: ((k >= 3553595) AND (k <= 3553695))

table 5 : explain SELECT k, c FROM sbtest5 WHERE k BETWEEN 3553595 AND 3553695
	Bitmap Heap Scan on sbtest5  (cost=5.46..401.78 rows=100 width=125)
	  Recheck Cond: ((k >= 3553595) AND (k <= 3553695))
	  ->  Bitmap Index Scan on k_5  (cost=0.00..5.43 rows=100 width=0)
	        Index Cond: ((k >= 3553595) AND (k <= 3553695))

table 6 : explain SELECT k, c FROM sbtest6 WHERE k BETWEEN 3553595 AND 3553695
	Bitmap Heap Scan on sbtest6  (cost=5.42..385.90 rows=96 width=125)
	  Recheck Cond: ((k >= 3553595) AND (k <= 3553695))
	  ->  Bitmap Index Scan on k_6  (cost=0.00..5.39 rows=96 width=0)
	        Index Cond: ((k >= 3553595) AND (k <= 3553695))

table 7 : explain SELECT k, c FROM sbtest7 WHERE k BETWEEN 3553595 AND 3553695
	Bitmap Heap Scan on sbtest7  (cost=5.48..409.67 rows=102 width=125)
	  Recheck Cond: ((k >= 3553595) AND (k <= 3553695))
	  ->  Bitmap Index Scan on k_7  (cost=0.00..5.45 rows=102 width=0)
	        Index Cond: ((k >= 3553595) AND (k <= 3553695))

table 8 : explain SELECT k, c FROM sbtest8 WHERE k BETWEEN 3553595 AND 3553695
	Bitmap Heap Scan on sbtest8  (cost=5.47..405.64 rows=101 width=125)
	  Recheck Cond: ((k >= 3553595) AND (k <= 3553695))
	  ->  Bitmap Index Scan on k_8  (cost=0.00..5.44 rows=101 width=0)
	        Index Cond: ((k >= 3553595) AND (k <= 3553695))

explain: for range-notcovered :: explain SELECT k, c FROM sbtest%d WHERE k BETWEEN 1804304 AND 1804404
explain: for range-notcovered :: explain SELECT k, c FROM sbtest%d WHERE k BETWEEN 3553595 AND 3553695
explain: for range-notcovered :: explain SELECT k, c FROM sbtest%d WHERE k BETWEEN 3986803 AND 3986903
for range-notcovered
table 1 : explain SELECT k, c FROM sbtest1 WHERE k BETWEEN 8273721 AND 8273821
	Bitmap Heap Scan on sbtest1  (cost=5.43..389.73 rows=97 width=125)
	  Recheck Cond: ((k >= 8273721) AND (k <= 8273821))
	  ->  Bitmap Index Scan on k_1  (cost=0.00..5.40 rows=97 width=0)
	        Index Cond: ((k >= 8273721) AND (k <= 8273821))

table 2 : explain SELECT k, c FROM sbtest2 WHERE k BETWEEN 8273721 AND 8273821
	Bitmap Heap Scan on sbtest2  (cost=5.41..381.88 rows=95 width=125)
	  Recheck Cond: ((k >= 8273721) AND (k <= 8273821))
	  ->  Bitmap Index Scan on k_2  (cost=0.00..5.38 rows=95 width=0)
	        Index Cond: ((k >= 8273721) AND (k <= 8273821))

table 3 : explain SELECT k, c FROM sbtest3 WHERE k BETWEEN 8273721 AND 8273821
	Bitmap Heap Scan on sbtest3  (cost=5.51..421.35 rows=105 width=125)
	  Recheck Cond: ((k >= 8273721) AND (k <= 8273821))
	  ->  Bitmap Index Scan on k_3  (cost=0.00..5.48 rows=105 width=0)
	        Index Cond: ((k >= 8273721) AND (k <= 8273821))

table 4 : explain SELECT k, c FROM sbtest4 WHERE k BETWEEN 8273721 AND 8273821
	Bitmap Heap Scan on sbtest4  (cost=5.53..429.23 rows=107 width=125)
	  Recheck Cond: ((k >= 8273721) AND (k <= 8273821))
	  ->  Bitmap Index Scan on k_4  (cost=0.00..5.50 rows=107 width=0)
	        Index Cond: ((k >= 8273721) AND (k <= 8273821))

table 5 : explain SELECT k, c FROM sbtest5 WHERE k BETWEEN 8273721 AND 8273821
	Bitmap Heap Scan on sbtest5  (cost=5.45..397.83 rows=99 width=125)
	  Recheck Cond: ((k >= 8273721) AND (k <= 8273821))
	  ->  Bitmap Index Scan on k_5  (cost=0.00..5.42 rows=99 width=0)
	        Index Cond: ((k >= 8273721) AND (k <= 8273821))

table 6 : explain SELECT k, c FROM sbtest6 WHERE k BETWEEN 8273721 AND 8273821
	Bitmap Heap Scan on sbtest6  (cost=5.49..413.52 rows=103 width=125)
	  Recheck Cond: ((k >= 8273721) AND (k <= 8273821))
	  ->  Bitmap Index Scan on k_6  (cost=0.00..5.46 rows=103 width=0)
	        Index Cond: ((k >= 8273721) AND (k <= 8273821))

table 7 : explain SELECT k, c FROM sbtest7 WHERE k BETWEEN 8273721 AND 8273821
	Bitmap Heap Scan on sbtest7  (cost=5.42..385.98 rows=96 width=125)
	  Recheck Cond: ((k >= 8273721) AND (k <= 8273821))
	  ->  Bitmap Index Scan on k_7  (cost=0.00..5.39 rows=96 width=0)
	        Index Cond: ((k >= 8273721) AND (k <= 8273821))

table 8 : explain SELECT k, c FROM sbtest8 WHERE k BETWEEN 8273721 AND 8273821
	Bitmap Heap Scan on sbtest8  (cost=5.51..421.42 rows=105 width=125)
	  Recheck Cond: ((k >= 8273721) AND (k <= 8273821))
	  ->  Bitmap Index Scan on k_8  (cost=0.00..5.48 rows=105 width=0)
	        Index Cond: ((k >= 8273721) AND (k <= 8273821))

for range-notcovered
table 1 : explain SELECT k, c FROM sbtest1 WHERE k BETWEEN 3679004 AND 3679104
	Bitmap Heap Scan on sbtest1  (cost=5.45..397.62 rows=99 width=125)
	  Recheck Cond: ((k >= 3679004) AND (k <= 3679104))
	  ->  Bitmap Index Scan on k_1  (cost=0.00..5.42 rows=99 width=0)
	        Index Cond: ((k >= 3679004) AND (k <= 3679104))

table 2 : explain SELECT k, c FROM sbtest2 WHERE k BETWEEN 3679004 AND 3679104
	Bitmap Heap Scan on sbtest2  (cost=5.51..421.33 rows=105 width=125)
	  Recheck Cond: ((k >= 3679004) AND (k <= 3679104))
	  ->  Bitmap Index Scan on k_2  (cost=0.00..5.48 rows=105 width=0)
	        Index Cond: ((k >= 3679004) AND (k <= 3679104))

table 3 : explain SELECT k, c FROM sbtest3 WHERE k BETWEEN 3679004 AND 3679104
	Bitmap Heap Scan on sbtest3  (cost=5.44..393.74 rows=98 width=125)
	  Recheck Cond: ((k >= 3679004) AND (k <= 3679104))
	  ->  Bitmap Index Scan on k_3  (cost=0.00..5.42 rows=98 width=0)
	        Index Cond: ((k >= 3679004) AND (k <= 3679104))

table 4 : explain SELECT k, c FROM sbtest4 WHERE k BETWEEN 3679004 AND 3679104
	Bitmap Heap Scan on sbtest4  (cost=5.55..437.12 rows=109 width=125)
	  Recheck Cond: ((k >= 3679004) AND (k <= 3679104))
	  ->  Bitmap Index Scan on k_4  (cost=0.00..5.52 rows=109 width=0)
	        Index Cond: ((k >= 3679004) AND (k <= 3679104))

table 5 : explain SELECT k, c FROM sbtest5 WHERE k BETWEEN 3679004 AND 3679104
	Bitmap Heap Scan on sbtest5  (cost=5.46..401.78 rows=100 width=125)
	  Recheck Cond: ((k >= 3679004) AND (k <= 3679104))
	  ->  Bitmap Index Scan on k_5  (cost=0.00..5.43 rows=100 width=0)
	        Index Cond: ((k >= 3679004) AND (k <= 3679104))

table 6 : explain SELECT k, c FROM sbtest6 WHERE k BETWEEN 3679004 AND 3679104
	Bitmap Heap Scan on sbtest6  (cost=5.49..413.52 rows=103 width=125)
	  Recheck Cond: ((k >= 3679004) AND (k <= 3679104))
	  ->  Bitmap Index Scan on k_6  (cost=0.00..5.46 rows=103 width=0)
	        Index Cond: ((k >= 3679004) AND (k <= 3679104))

table 7 : explain SELECT k, c FROM sbtest7 WHERE k BETWEEN 3679004 AND 3679104
	Bitmap Heap Scan on sbtest7  (cost=5.56..441.23 rows=110 width=125)
	  Recheck Cond: ((k >= 3679004) AND (k <= 3679104))
	  ->  Bitmap Index Scan on k_7  (cost=0.00..5.53 rows=110 width=0)
	        Index Cond: ((k >= 3679004) AND (k <= 3679104))

table 8 : explain SELECT k, c FROM sbtest8 WHERE k BETWEEN 3679004 AND 3679104
	Bitmap Heap Scan on sbtest8  (cost=5.45..397.75 rows=99 width=125)
	  Recheck Cond: ((k >= 3679004) AND (k <= 3679104))
	  ->  Bitmap Index Scan on k_8  (cost=0.00..5.42 rows=99 width=0)
	        Index Cond: ((k >= 3679004) AND (k <= 3679104))

for range-notcovered
table 1 : explain SELECT k, c FROM sbtest1 WHERE k BETWEEN 6675946 AND 6676046
	Bitmap Heap Scan on sbtest1  (cost=5.48..409.45 rows=102 width=125)
	  Recheck Cond: ((k >= 6675946) AND (k <= 6676046))
	  ->  Bitmap Index Scan on k_1  (cost=0.00..5.45 rows=102 width=0)
	        Index Cond: ((k >= 6675946) AND (k <= 6676046))

table 2 : explain SELECT k, c FROM sbtest2 WHERE k BETWEEN 6675946 AND 6676046
	Bitmap Heap Scan on sbtest2  (cost=5.45..397.66 rows=99 width=125)
	  Recheck Cond: ((k >= 6675946) AND (k <= 6676046))
	  ->  Bitmap Index Scan on k_2  (cost=0.00..5.42 rows=99 width=0)
	        Index Cond: ((k >= 6675946) AND (k <= 6676046))

table 3 : explain SELECT k, c FROM sbtest3 WHERE k BETWEEN 6675946 AND 6676046
	Bitmap Heap Scan on sbtest3  (cost=5.48..409.52 rows=102 width=125)
	  Recheck Cond: ((k >= 6675946) AND (k <= 6676046))
	  ->  Bitmap Index Scan on k_3  (cost=0.00..5.45 rows=102 width=0)
	        Index Cond: ((k >= 6675946) AND (k <= 6676046))

table 4 : explain SELECT k, c FROM sbtest4 WHERE k BETWEEN 6675946 AND 6676046
	Bitmap Heap Scan on sbtest4  (cost=5.44..393.73 rows=98 width=125)
	  Recheck Cond: ((k >= 6675946) AND (k <= 6676046))
	  ->  Bitmap Index Scan on k_4  (cost=0.00..5.42 rows=98 width=0)
	        Index Cond: ((k >= 6675946) AND (k <= 6676046))

table 5 : explain SELECT k, c FROM sbtest5 WHERE k BETWEEN 6675946 AND 6676046
	Bitmap Heap Scan on sbtest5  (cost=5.43..389.93 rows=97 width=125)
	  Recheck Cond: ((k >= 6675946) AND (k <= 6676046))
	  ->  Bitmap Index Scan on k_5  (cost=0.00..5.40 rows=97 width=0)
	        Index Cond: ((k >= 6675946) AND (k <= 6676046))

table 6 : explain SELECT k, c FROM sbtest6 WHERE k BETWEEN 6675946 AND 6676046
	Bitmap Heap Scan on sbtest6  (cost=5.52..425.36 rows=106 width=125)
	  Recheck Cond: ((k >= 6675946) AND (k <= 6676046))
	  ->  Bitmap Index Scan on k_6  (cost=0.00..5.50 rows=106 width=0)
	        Index Cond: ((k >= 6675946) AND (k <= 6676046))

table 7 : explain SELECT k, c FROM sbtest7 WHERE k BETWEEN 6675946 AND 6676046
	Bitmap Heap Scan on sbtest7  (cost=5.53..429.40 rows=107 width=125)
	  Recheck Cond: ((k >= 6675946) AND (k <= 6676046))
	  ->  Bitmap Index Scan on k_7  (cost=0.00..5.50 rows=107 width=0)
	        Index Cond: ((k >= 6675946) AND (k <= 6676046))

table 8 : explain SELECT k, c FROM sbtest8 WHERE k BETWEEN 6675946 AND 6676046
	Bitmap Heap Scan on sbtest8  (cost=5.46..401.70 rows=100 width=125)
	  Recheck Cond: ((k >= 6675946) AND (k <= 6676046))
	  ->  Bitmap Index Scan on k_8  (cost=0.00..5.43 rows=100 width=0)
	        Index Cond: ((k >= 6675946) AND (k <= 6676046))

explain: for range-notcovered :: explain SELECT k, c FROM sbtest%d WHERE k BETWEEN 3679004 AND 3679104
explain: for range-notcovered :: explain SELECT k, c FROM sbtest%d WHERE k BETWEEN 8273721 AND 8273821
explain: for range-notcovered :: explain SELECT k, c FROM sbtest%d WHERE k BETWEEN 6675946 AND 6676046
for range-notcovered
table 1 : explain SELECT k, c FROM sbtest1 WHERE k BETWEEN 5118410 AND 5118510
	Bitmap Heap Scan on sbtest1  (cost=5.56..440.99 rows=110 width=125)
	  Recheck Cond: ((k >= 5118410) AND (k <= 5118510))
	  ->  Bitmap Index Scan on k_1  (cost=0.00..5.53 rows=110 width=0)
	        Index Cond: ((k >= 5118410) AND (k <= 5118510))

table 2 : explain SELECT k, c FROM sbtest2 WHERE k BETWEEN 5118410 AND 5118510
	Bitmap Heap Scan on sbtest2  (cost=5.46..401.61 rows=100 width=125)
	  Recheck Cond: ((k >= 5118410) AND (k <= 5118510))
	  ->  Bitmap Index Scan on k_2  (cost=0.00..5.43 rows=100 width=0)
	        Index Cond: ((k >= 5118410) AND (k <= 5118510))

table 3 : explain SELECT k, c FROM sbtest3 WHERE k BETWEEN 5118410 AND 5118510
	Bitmap Heap Scan on sbtest3  (cost=5.46..401.63 rows=100 width=125)
	  Recheck Cond: ((k >= 5118410) AND (k <= 5118510))
	  ->  Bitmap Index Scan on k_3  (cost=0.00..5.43 rows=100 width=0)
	        Index Cond: ((k >= 5118410) AND (k <= 5118510))

table 4 : explain SELECT k, c FROM sbtest4 WHERE k BETWEEN 5118410 AND 5118510
	Bitmap Heap Scan on sbtest4  (cost=5.50..417.40 rows=104 width=125)
	  Recheck Cond: ((k >= 5118410) AND (k <= 5118510))
	  ->  Bitmap Index Scan on k_4  (cost=0.00..5.47 rows=104 width=0)
	        Index Cond: ((k >= 5118410) AND (k <= 5118510))

table 5 : explain SELECT k, c FROM sbtest5 WHERE k BETWEEN 5118410 AND 5118510
	Bitmap Heap Scan on sbtest5  (cost=5.51..421.51 rows=105 width=125)
	  Recheck Cond: ((k >= 5118410) AND (k <= 5118510))
	  ->  Bitmap Index Scan on k_5  (cost=0.00..5.48 rows=105 width=0)
	        Index Cond: ((k >= 5118410) AND (k <= 5118510))

table 6 : explain SELECT k, c FROM sbtest6 WHERE k BETWEEN 5118410 AND 5118510
	Bitmap Heap Scan on sbtest6  (cost=5.47..405.63 rows=101 width=125)
	  Recheck Cond: ((k >= 5118410) AND (k <= 5118510))
	  ->  Bitmap Index Scan on k_6  (cost=0.00..5.44 rows=101 width=0)
	        Index Cond: ((k >= 5118410) AND (k <= 5118510))

table 7 : explain SELECT k, c FROM sbtest7 WHERE k BETWEEN 5118410 AND 5118510
	Bitmap Heap Scan on sbtest7  (cost=5.49..413.62 rows=103 width=125)
	  Recheck Cond: ((k >= 5118410) AND (k <= 5118510))
	  ->  Bitmap Index Scan on k_7  (cost=0.00..5.46 rows=103 width=0)
	        Index Cond: ((k >= 5118410) AND (k <= 5118510))

table 8 : explain SELECT k, c FROM sbtest8 WHERE k BETWEEN 5118410 AND 5118510
	Bitmap Heap Scan on sbtest8  (cost=5.52..425.37 rows=106 width=125)
	  Recheck Cond: ((k >= 5118410) AND (k <= 5118510))
	  ->  Bitmap Index Scan on k_8  (cost=0.00..5.50 rows=106 width=0)
	        Index Cond: ((k >= 5118410) AND (k <= 5118510))

for range-notcovered
table 1 : explain SELECT k, c FROM sbtest1 WHERE k BETWEEN 2839463 AND 2839563
	Bitmap Heap Scan on sbtest1  (cost=5.48..409.45 rows=102 width=125)
	  Recheck Cond: ((k >= 2839463) AND (k <= 2839563))
	  ->  Bitmap Index Scan on k_1  (cost=0.00..5.45 rows=102 width=0)
	        Index Cond: ((k >= 2839463) AND (k <= 2839563))

table 2 : explain SELECT k, c FROM sbtest2 WHERE k BETWEEN 2839463 AND 2839563
	Bitmap Heap Scan on sbtest2  (cost=5.47..405.55 rows=101 width=125)
	  Recheck Cond: ((k >= 2839463) AND (k <= 2839563))
	  ->  Bitmap Index Scan on k_2  (cost=0.00..5.44 rows=101 width=0)
	        Index Cond: ((k >= 2839463) AND (k <= 2839563))

table 3 : explain SELECT k, c FROM sbtest3 WHERE k BETWEEN 2839463 AND 2839563
	Bitmap Heap Scan on sbtest3  (cost=5.47..405.57 rows=101 width=125)
	  Recheck Cond: ((k >= 2839463) AND (k <= 2839563))
	  ->  Bitmap Index Scan on k_3  (cost=0.00..5.44 rows=101 width=0)
	        Index Cond: ((k >= 2839463) AND (k <= 2839563))

table 4 : explain SELECT k, c FROM sbtest4 WHERE k BETWEEN 2839463 AND 2839563
	Bitmap Heap Scan on sbtest4  (cost=5.59..452.88 rows=113 width=125)
	  Recheck Cond: ((k >= 2839463) AND (k <= 2839563))
	  ->  Bitmap Index Scan on k_4  (cost=0.00..5.56 rows=113 width=0)
	        Index Cond: ((k >= 2839463) AND (k <= 2839563))

table 5 : explain SELECT k, c FROM sbtest5 WHERE k BETWEEN 2839463 AND 2839563
	Bitmap Heap Scan on sbtest5  (cost=5.49..413.62 rows=103 width=125)
	  Recheck Cond: ((k >= 2839463) AND (k <= 2839563))
	  ->  Bitmap Index Scan on k_5  (cost=0.00..5.46 rows=103 width=0)
	        Index Cond: ((k >= 2839463) AND (k <= 2839563))

table 6 : explain SELECT k, c FROM sbtest6 WHERE k BETWEEN 2839463 AND 2839563
	Bitmap Heap Scan on sbtest6  (cost=5.53..429.30 rows=107 width=125)
	  Recheck Cond: ((k >= 2839463) AND (k <= 2839563))
	  ->  Bitmap Index Scan on k_6  (cost=0.00..5.50 rows=107 width=0)
	        Index Cond: ((k >= 2839463) AND (k <= 2839563))

table 7 : explain SELECT k, c FROM sbtest7 WHERE k BETWEEN 2839463 AND 2839563
	Bitmap Heap Scan on sbtest7  (cost=5.42..385.98 rows=96 width=125)
	  Recheck Cond: ((k >= 2839463) AND (k <= 2839563))
	  ->  Bitmap Index Scan on k_7  (cost=0.00..5.39 rows=96 width=0)
	        Index Cond: ((k >= 2839463) AND (k <= 2839563))

table 8 : explain SELECT k, c FROM sbtest8 WHERE k BETWEEN 2839463 AND 2839563
	Bitmap Heap Scan on sbtest8  (cost=5.47..405.64 rows=101 width=125)
	  Recheck Cond: ((k >= 2839463) AND (k <= 2839563))
	  ->  Bitmap Index Scan on k_8  (cost=0.00..5.44 rows=101 width=0)
	        Index Cond: ((k >= 2839463) AND (k <= 2839563))

for range-notcovered
table 1 : explain SELECT k, c FROM sbtest1 WHERE k BETWEEN 8239503 AND 8239603
	Bitmap Heap Scan on sbtest1  (cost=5.48..409.45 rows=102 width=125)
	  Recheck Cond: ((k >= 8239503) AND (k <= 8239603))
	  ->  Bitmap Index Scan on k_1  (cost=0.00..5.45 rows=102 width=0)
	        Index Cond: ((k >= 8239503) AND (k <= 8239603))

table 2 : explain SELECT k, c FROM sbtest2 WHERE k BETWEEN 8239503 AND 8239603
	Bitmap Heap Scan on sbtest2  (cost=5.41..381.88 rows=95 width=125)
	  Recheck Cond: ((k >= 8239503) AND (k <= 8239603))
	  ->  Bitmap Index Scan on k_2  (cost=0.00..5.38 rows=95 width=0)
	        Index Cond: ((k >= 8239503) AND (k <= 8239603))

table 3 : explain SELECT k, c FROM sbtest3 WHERE k BETWEEN 8239503 AND 8239603
	Bitmap Heap Scan on sbtest3  (cost=5.51..421.35 rows=105 width=125)
	  Recheck Cond: ((k >= 8239503) AND (k <= 8239603))
	  ->  Bitmap Index Scan on k_3  (cost=0.00..5.48 rows=105 width=0)
	        Index Cond: ((k >= 8239503) AND (k <= 8239603))

table 4 : explain SELECT k, c FROM sbtest4 WHERE k BETWEEN 8239503 AND 8239603
	Bitmap Heap Scan on sbtest4  (cost=5.53..429.23 rows=107 width=125)
	  Recheck Cond: ((k >= 8239503) AND (k <= 8239603))
	  ->  Bitmap Index Scan on k_4  (cost=0.00..5.50 rows=107 width=0)
	        Index Cond: ((k >= 8239503) AND (k <= 8239603))

table 5 : explain SELECT k, c FROM sbtest5 WHERE k BETWEEN 8239503 AND 8239603
	Bitmap Heap Scan on sbtest5  (cost=5.45..397.83 rows=99 width=125)
	  Recheck Cond: ((k >= 8239503) AND (k <= 8239603))
	  ->  Bitmap Index Scan on k_5  (cost=0.00..5.42 rows=99 width=0)
	        Index Cond: ((k >= 8239503) AND (k <= 8239603))

table 6 : explain SELECT k, c FROM sbtest6 WHERE k BETWEEN 8239503 AND 8239603
	Bitmap Heap Scan on sbtest6  (cost=5.49..413.52 rows=103 width=125)
	  Recheck Cond: ((k >= 8239503) AND (k <= 8239603))
	  ->  Bitmap Index Scan on k_6  (cost=0.00..5.46 rows=103 width=0)
	        Index Cond: ((k >= 8239503) AND (k <= 8239603))

table 7 : explain SELECT k, c FROM sbtest7 WHERE k BETWEEN 8239503 AND 8239603
	Bitmap Heap Scan on sbtest7  (cost=5.42..385.98 rows=96 width=125)
	  Recheck Cond: ((k >= 8239503) AND (k <= 8239603))
	  ->  Bitmap Index Scan on k_7  (cost=0.00..5.39 rows=96 width=0)
	        Index Cond: ((k >= 8239503) AND (k <= 8239603))

table 8 : explain SELECT k, c FROM sbtest8 WHERE k BETWEEN 8239503 AND 8239603
	Bitmap Heap Scan on sbtest8  (cost=5.51..421.42 rows=105 width=125)
	  Recheck Cond: ((k >= 8239503) AND (k <= 8239603))
	  ->  Bitmap Index Scan on k_8  (cost=0.00..5.48 rows=105 width=0)
	        Index Cond: ((k >= 8239503) AND (k <= 8239603))
explain: for range-notcovered :: explain SELECT k, c FROM sbtest%d WHERE k BETWEEN 5118410 AND 5118510for range-notcovered
table 1 : explain SELECT k, c FROM sbtest1 WHERE k BETWEEN 7705401 AND 7705501
	Bitmap Heap Scan on sbtest1  (cost=5.45..397.62 rows=99 width=125)
	  Recheck Cond: ((k >= 7705401) AND (k <= 7705501))
	  ->  Bitmap Index Scan on k_1  (cost=0.00..5.42 rows=99 width=0)
	        Index Cond: ((k >= 7705401) AND (k <= 7705501))

table 2 : explain SELECT k, c FROM sbtest2 WHERE k BETWEEN 7705401 AND 7705501
	Bitmap Heap Scan on sbtest2  (cost=5.39..373.98 rows=93 width=125)
	  Recheck Cond: ((k >= 7705401) AND (k <= 7705501))
	  ->  Bitmap Index Scan on k_2  (cost=0.00..5.36 rows=93 width=0)
	        Index Cond: ((k >= 7705401) AND (k <= 7705501))

table 3 : explain SELECT k, c FROM sbtest3 WHERE k BETWEEN 7705401 AND 7705501
	Bitmap Heap Scan on sbtest3  (cost=5.46..401.63 rows=100 width=125)
	  Recheck Cond: ((k >= 7705401) AND (k <= 7705501))
	  ->  Bitmap Index Scan on k_3  (cost=0.00..5.43 rows=100 width=0)
	        Index Cond: ((k >= 7705401) AND (k <= 7705501))

table 4 : explain SELECT k, c FROM sbtest4 WHERE k BETWEEN 7705401 AND 7705501
	Bitmap Heap Scan on sbtest4  (cost=5.49..413.46 rows=103 width=125)
	  Recheck Cond: ((k >= 7705401) AND (k <= 7705501))
	  ->  Bitmap Index Scan on k_4  (cost=0.00..5.46 rows=103 width=0)
	        Index Cond: ((k >= 7705401) AND (k <= 7705501))

table 5 : explain SELECT k, c FROM sbtest5 WHERE k BETWEEN 7705401 AND 7705501
	Bitmap Heap Scan on sbtest5  (cost=5.41..382.03 rows=95 width=125)
	  Recheck Cond: ((k >= 7705401) AND (k <= 7705501))
	  ->  Bitmap Index Scan on k_5  (cost=0.00..5.38 rows=95 width=0)
	        Index Cond: ((k >= 7705401) AND (k <= 7705501))

table 6 : explain SELECT k, c FROM sbtest6 WHERE k BETWEEN 7705401 AND 7705501
	Bitmap Heap Scan on sbtest6  (cost=5.49..413.52 rows=103 width=125)
	  Recheck Cond: ((k >= 7705401) AND (k <= 7705501))
	  ->  Bitmap Index Scan on k_6  (cost=0.00..5.46 rows=103 width=0)
	        Index Cond: ((k >= 7705401) AND (k <= 7705501))

table 7 : explain SELECT k, c FROM sbtest7 WHERE k BETWEEN 7705401 AND 7705501
	Bitmap Heap Scan on sbtest7  (cost=5.51..421.51 rows=105 width=125)
	  Recheck Cond: ((k >= 7705401) AND (k <= 7705501))
	  ->  Bitmap Index Scan on k_7  (cost=0.00..5.48 rows=105 width=0)
	        Index Cond: ((k >= 7705401) AND (k <= 7705501))

table 8 : explain SELECT k, c FROM sbtest8 WHERE k BETWEEN 7705401 AND 7705501
	Bitmap Heap Scan on sbtest8  (cost=5.48..409.59 rows=102 width=125)
	  Recheck Cond: ((k >= 7705401) AND (k <= 7705501))
	  ->  Bitmap Index Scan on k_8  (cost=0.00..5.45 rows=102 width=0)
	        Index Cond: ((k >= 7705401) AND (k <= 7705501))



explain: for range-notcovered :: explain SELECT k, c FROM sbtest%d WHERE k BETWEEN 2839463 AND 2839563
explain: for range-notcovered :: explain SELECT k, c FROM sbtest%d WHERE k BETWEEN 7705401 AND 7705501
explain: for range-notcovered :: explain SELECT k, c FROM sbtest%d WHERE k BETWEEN 8239503 AND 8239603
for range-notcovered
table 1 : explain SELECT k, c FROM sbtest1 WHERE k BETWEEN 1004812 AND 1004912
	Bitmap Heap Scan on sbtest1  (cost=5.49..413.39 rows=103 width=125)
	  Recheck Cond: ((k >= 1004812) AND (k <= 1004912))
	  ->  Bitmap Index Scan on k_1  (cost=0.00..5.46 rows=103 width=0)
	        Index Cond: ((k >= 1004812) AND (k <= 1004912))

table 2 : explain SELECT k, c FROM sbtest2 WHERE k BETWEEN 1004812 AND 1004912
	Bitmap Heap Scan on sbtest2  (cost=5.51..421.33 rows=105 width=125)
	  Recheck Cond: ((k >= 1004812) AND (k <= 1004912))
	  ->  Bitmap Index Scan on k_2  (cost=0.00..5.48 rows=105 width=0)
	        Index Cond: ((k >= 1004812) AND (k <= 1004912))

table 3 : explain SELECT k, c FROM sbtest3 WHERE k BETWEEN 1004812 AND 1004912
	Bitmap Heap Scan on sbtest3  (cost=5.49..413.46 rows=103 width=125)
	  Recheck Cond: ((k >= 1004812) AND (k <= 1004912))
	  ->  Bitmap Index Scan on k_3  (cost=0.00..5.46 rows=103 width=0)
	        Index Cond: ((k >= 1004812) AND (k <= 1004912))

table 4 : explain SELECT k, c FROM sbtest4 WHERE k BETWEEN 1004812 AND 1004912
	Bitmap Heap Scan on sbtest4  (cost=5.33..350.30 rows=87 width=125)
	  Recheck Cond: ((k >= 1004812) AND (k <= 1004912))
	  ->  Bitmap Index Scan on k_4  (cost=0.00..5.30 rows=87 width=0)
	        Index Cond: ((k >= 1004812) AND (k <= 1004912))

table 5 : explain SELECT k, c FROM sbtest5 WHERE k BETWEEN 1004812 AND 1004912
	Bitmap Heap Scan on sbtest5  (cost=5.50..417.56 rows=104 width=125)
	  Recheck Cond: ((k >= 1004812) AND (k <= 1004912))
	  ->  Bitmap Index Scan on k_5  (cost=0.00..5.47 rows=104 width=0)
	        Index Cond: ((k >= 1004812) AND (k <= 1004912))

table 6 : explain SELECT k, c FROM sbtest6 WHERE k BETWEEN 1004812 AND 1004912
	Bitmap Heap Scan on sbtest6  (cost=5.45..397.74 rows=99 width=125)
	  Recheck Cond: ((k >= 1004812) AND (k <= 1004912))
	  ->  Bitmap Index Scan on k_6  (cost=0.00..5.42 rows=99 width=0)
	        Index Cond: ((k >= 1004812) AND (k <= 1004912))

table 7 : explain SELECT k, c FROM sbtest7 WHERE k BETWEEN 1004812 AND 1004912
	Bitmap Heap Scan on sbtest7  (cost=5.37..366.23 rows=91 width=125)
	  Recheck Cond: ((k >= 1004812) AND (k <= 1004912))
	  ->  Bitmap Index Scan on k_7  (cost=0.00..5.34 rows=91 width=0)
	        Index Cond: ((k >= 1004812) AND (k <= 1004912))

table 8 : explain SELECT k, c FROM sbtest8 WHERE k BETWEEN 1004812 AND 1004912
	Bitmap Heap Scan on sbtest8  (cost=5.67..480.55 rows=120 width=125)
	  Recheck Cond: ((k >= 1004812) AND (k <= 1004912))
	  ->  Bitmap Index Scan on k_8  (cost=0.00..5.63 rows=120 width=0)
	        Index Cond: ((k >= 1004812) AND (k <= 1004912))

for range-notcovered
table 1 : explain SELECT k, c FROM sbtest1 WHERE k BETWEEN 4647253 AND 4647353
	Bitmap Heap Scan on sbtest1  (cost=5.49..413.39 rows=103 width=125)
	  Recheck Cond: ((k >= 4647253) AND (k <= 4647353))
	  ->  Bitmap Index Scan on k_1  (cost=0.00..5.46 rows=103 width=0)
	        Index Cond: ((k >= 4647253) AND (k <= 4647353))

table 2 : explain SELECT k, c FROM sbtest2 WHERE k BETWEEN 4647253 AND 4647353
	Bitmap Heap Scan on sbtest2  (cost=5.51..421.33 rows=105 width=125)
	  Recheck Cond: ((k >= 4647253) AND (k <= 4647353))
	  ->  Bitmap Index Scan on k_2  (cost=0.00..5.48 rows=105 width=0)
	        Index Cond: ((k >= 4647253) AND (k <= 4647353))

table 3 : explain SELECT k, c FROM sbtest3 WHERE k BETWEEN 4647253 AND 4647353
	Bitmap Heap Scan on sbtest3  (cost=5.50..417.40 rows=104 width=125)
	  Recheck Cond: ((k >= 4647253) AND (k <= 4647353))
	  ->  Bitmap Index Scan on k_3  (cost=0.00..5.47 rows=104 width=0)
	        Index Cond: ((k >= 4647253) AND (k <= 4647353))

table 4 : explain SELECT k, c FROM sbtest4 WHERE k BETWEEN 4647253 AND 4647353
	Bitmap Heap Scan on sbtest4  (cost=5.48..409.51 rows=102 width=125)
	  Recheck Cond: ((k >= 4647253) AND (k <= 4647353))
	  ->  Bitmap Index Scan on k_4  (cost=0.00..5.45 rows=102 width=0)
	        Index Cond: ((k >= 4647253) AND (k <= 4647353))

table 5 : explain SELECT k, c FROM sbtest5 WHERE k BETWEEN 4647253 AND 4647353
	Bitmap Heap Scan on sbtest5  (cost=5.46..401.78 rows=100 width=125)
	  Recheck Cond: ((k >= 4647253) AND (k <= 4647353))
	  ->  Bitmap Index Scan on k_5  (cost=0.00..5.43 rows=100 width=0)
	        Index Cond: ((k >= 4647253) AND (k <= 4647353))

table 6 : explain SELECT k, c FROM sbtest6 WHERE k BETWEEN 4647253 AND 4647353
	Bitmap Heap Scan on sbtest6  (cost=5.55..437.19 rows=109 width=125)
	  Recheck Cond: ((k >= 4647253) AND (k <= 4647353))
	  ->  Bitmap Index Scan on k_6  (cost=0.00..5.52 rows=109 width=0)
	        Index Cond: ((k >= 4647253) AND (k <= 4647353))

table 7 : explain SELECT k, c FROM sbtest7 WHERE k BETWEEN 4647253 AND 4647353
	Bitmap Heap Scan on sbtest7  (cost=5.57..445.18 rows=111 width=125)
	  Recheck Cond: ((k >= 4647253) AND (k <= 4647353))
	  ->  Bitmap Index Scan on k_7  (cost=0.00..5.54 rows=111 width=0)
	        Index Cond: ((k >= 4647253) AND (k <= 4647353))

table 8 : explain SELECT k, c FROM sbtest8 WHERE k BETWEEN 4647253 AND 4647353
	Bitmap Heap Scan on sbtest8  (cost=5.52..425.37 rows=106 width=125)
	  Recheck Cond: ((k >= 4647253) AND (k <= 4647353))
	  ->  Bitmap Index Scan on k_8  (cost=0.00..5.50 rows=106 width=0)
	        Index Cond: ((k >= 4647253) AND (k <= 4647353))

for range-notcovered
table 1 : explain SELECT k, c FROM sbtest1 WHERE k BETWEEN 5375673 AND 5375773
	Bitmap Heap Scan on sbtest1  (cost=5.40..377.89 rows=94 width=125)
	  Recheck Cond: ((k >= 5375673) AND (k <= 5375773))
	  ->  Bitmap Index Scan on k_1  (cost=0.00..5.38 rows=94 width=0)
	        Index Cond: ((k >= 5375673) AND (k <= 5375773))

table 2 : explain SELECT k, c FROM sbtest2 WHERE k BETWEEN 5375673 AND 5375773
	Bitmap Heap Scan on sbtest2  (cost=5.52..425.27 rows=106 width=125)
	  Recheck Cond: ((k >= 5375673) AND (k <= 5375773))
	  ->  Bitmap Index Scan on k_2  (cost=0.00..5.50 rows=106 width=0)
	        Index Cond: ((k >= 5375673) AND (k <= 5375773))

table 3 : explain SELECT k, c FROM sbtest3 WHERE k BETWEEN 5375673 AND 5375773
	Bitmap Heap Scan on sbtest3  (cost=5.43..389.79 rows=97 width=125)
	  Recheck Cond: ((k >= 5375673) AND (k <= 5375773))
	  ->  Bitmap Index Scan on k_3  (cost=0.00..5.40 rows=97 width=0)
	        Index Cond: ((k >= 5375673) AND (k <= 5375773))

table 4 : explain SELECT k, c FROM sbtest4 WHERE k BETWEEN 5375673 AND 5375773
	Bitmap Heap Scan on sbtest4  (cost=5.53..429.23 rows=107 width=125)
	  Recheck Cond: ((k >= 5375673) AND (k <= 5375773))
	  ->  Bitmap Index Scan on k_4  (cost=0.00..5.50 rows=107 width=0)
	        Index Cond: ((k >= 5375673) AND (k <= 5375773))

table 5 : explain SELECT k, c FROM sbtest5 WHERE k BETWEEN 5375673 AND 5375773
	Bitmap Heap Scan on sbtest5  (cost=5.38..370.18 rows=92 width=125)
	  Recheck Cond: ((k >= 5375673) AND (k <= 5375773))
	  ->  Bitmap Index Scan on k_5  (cost=0.00..5.35 rows=92 width=0)
	        Index Cond: ((k >= 5375673) AND (k <= 5375773))

table 6 : explain SELECT k, c FROM sbtest6 WHERE k BETWEEN 5375673 AND 5375773
	Bitmap Heap Scan on sbtest6  (cost=5.46..401.69 rows=100 width=125)
	  Recheck Cond: ((k >= 5375673) AND (k <= 5375773))
	  ->  Bitmap Index Scan on k_6  (cost=0.00..5.43 rows=100 width=0)
	        Index Cond: ((k >= 5375673) AND (k <= 5375773))

table 7 : explain SELECT k, c FROM sbtest7 WHERE k BETWEEN 5375673 AND 5375773
	Bitmap Heap Scan on sbtest7  (cost=5.54..433.35 rows=108 width=125)
	  Recheck Cond: ((k >= 5375673) AND (k <= 5375773))
	  ->  Bitmap Index Scan on k_7  (cost=0.00..5.51 rows=108 width=0)
	        Index Cond: ((k >= 5375673) AND (k <= 5375773))

table 8 : explain SELECT k, c FROM sbtest8 WHERE k BETWEEN 5375673 AND 5375773
	Bitmap Heap Scan on sbtest8  (cost=5.54..433.26 rows=108 width=125)
	  Recheck Cond: ((k >= 5375673) AND (k <= 5375773))
	  ->  Bitmap Index Scan on k_8  (cost=0.00..5.51 rows=108 width=0)
	        Index Cond: ((k >= 5375673) AND (k <= 5375773))

for range-notcovered
table 1 : explain SELECT k, c FROM sbtest1 WHERE k BETWEEN 1804304 AND 1804404
	Bitmap Heap Scan on sbtest1  (cost=5.40..377.89 rows=94 width=125)
	  Recheck Cond: ((k >= 1804304) AND (k <= 1804404))
	  ->  Bitmap Index Scan on k_1  (cost=0.00..5.38 rows=94 width=0)
	        Index Cond: ((k >= 1804304) AND (k <= 1804404))

table 2 : explain SELECT k, c FROM sbtest2 WHERE k BETWEEN 1804304 AND 1804404
	Bitmap Heap Scan on sbtest2  (cost=5.51..421.33 rows=105 width=125)
	  Recheck Cond: ((k >= 1804304) AND (k <= 1804404))
	  ->  Bitmap Index Scan on k_2  (cost=0.00..5.48 rows=105 width=0)
	        Index Cond: ((k >= 1804304) AND (k <= 1804404))

table 3 : explain SELECT k, c FROM sbtest3 WHERE k BETWEEN 1804304 AND 1804404
	Bitmap Heap Scan on sbtest3  (cost=5.45..397.68 rows=99 width=125)
	  Recheck Cond: ((k >= 1804304) AND (k <= 1804404))
	  ->  Bitmap Index Scan on k_3  (cost=0.00..5.42 rows=99 width=0)
	        Index Cond: ((k >= 1804304) AND (k <= 1804404))

table 4 : explain SELECT k, c FROM sbtest4 WHERE k BETWEEN 1804304 AND 1804404
	Bitmap Heap Scan on sbtest4  (cost=5.50..417.40 rows=104 width=125)
	  Recheck Cond: ((k >= 1804304) AND (k <= 1804404))
	  ->  Bitmap Index Scan on k_4  (cost=0.00..5.47 rows=104 width=0)
	        Index Cond: ((k >= 1804304) AND (k <= 1804404))

table 5 : explain SELECT k, c FROM sbtest5 WHERE k BETWEEN 1804304 AND 1804404
	Bitmap Heap Scan on sbtest5  (cost=5.51..421.51 rows=105 width=125)
	  Recheck Cond: ((k >= 1804304) AND (k <= 1804404))
	  ->  Bitmap Index Scan on k_5  (cost=0.00..5.48 rows=105 width=0)
	        Index Cond: ((k >= 1804304) AND (k <= 1804404))

table 6 : explain SELECT k, c FROM sbtest6 WHERE k BETWEEN 1804304 AND 1804404
	Bitmap Heap Scan on sbtest6  (cost=5.45..397.74 rows=99 width=125)
	  Recheck Cond: ((k >= 1804304) AND (k <= 1804404))
	  ->  Bitmap Index Scan on k_6  (cost=0.00..5.42 rows=99 width=0)
	        Index Cond: ((k >= 1804304) AND (k <= 1804404))

table 7 : explain SELECT k, c FROM sbtest7 WHERE k BETWEEN 1804304 AND 1804404
	Bitmap Heap Scan on sbtest7  (cost=5.44..393.88 rows=98 width=125)
	  Recheck Cond: ((k >= 1804304) AND (k <= 1804404))
	  ->  Bitmap Index Scan on k_7  (cost=0.00..5.42 rows=98 width=0)
	        Index Cond: ((k >= 1804304) AND (k <= 1804404))

table 8 : explain SELECT k, c FROM sbtest8 WHERE k BETWEEN 1804304 AND 1804404
	Bitmap Heap Scan on sbtest8  (cost=5.50..417.48 rows=104 width=125)
	  Recheck Cond: ((k >= 1804304) AND (k <= 1804404))
	  ->  Bitmap Index Scan on k_8  (cost=0.00..5.47 rows=104 width=0)
	        Index Cond: ((k >= 1804304) AND (k <= 1804404))

explain: for range-notcovered :: explain SELECT k, c FROM sbtest%d WHERE k BETWEEN 4647253 AND 4647353
explain: for range-notcovered :: explain SELECT k, c FROM sbtest%d WHERE k BETWEEN 5375673 AND 5375773
explain: for range-notcovered :: explain SELECT k, c FROM sbtest%d WHERE k BETWEEN 1804304 AND 1804404
for range-notcovered
table 1 : explain SELECT k, c FROM sbtest1 WHERE k BETWEEN 3553595 AND 3553695
	Bitmap Heap Scan on sbtest1  (cost=5.49..413.39 rows=103 width=125)
	  Recheck Cond: ((k >= 3553595) AND (k <= 3553695))
	  ->  Bitmap Index Scan on k_1  (cost=0.00..5.46 rows=103 width=0)
	        Index Cond: ((k >= 3553595) AND (k <= 3553695))

table 2 : explain SELECT k, c FROM sbtest2 WHERE k BETWEEN 3553595 AND 3553695
	Bitmap Heap Scan on sbtest2  (cost=5.45..397.66 rows=99 width=125)
	  Recheck Cond: ((k >= 3553595) AND (k <= 3553695))
	  ->  Bitmap Index Scan on k_2  (cost=0.00..5.42 rows=99 width=0)
	        Index Cond: ((k >= 3553595) AND (k <= 3553695))

table 3 : explain SELECT k, c FROM sbtest3 WHERE k BETWEEN 3553595 AND 3553695
	Bitmap Heap Scan on sbtest3  (cost=5.55..437.12 rows=109 width=125)
	  Recheck Cond: ((k >= 3553595) AND (k <= 3553695))
	  ->  Bitmap Index Scan on k_3  (cost=0.00..5.52 rows=109 width=0)
	        Index Cond: ((k >= 3553595) AND (k <= 3553695))

table 4 : explain SELECT k, c FROM sbtest4 WHERE k BETWEEN 3553595 AND 3553695
	Bitmap Heap Scan on sbtest4  (cost=5.44..393.73 rows=98 width=125)
	  Recheck Cond: ((k >= 3553595) AND (k <= 3553695))
	  ->  Bitmap Index Scan on k_4  (cost=0.00..5.42 rows=98 width=0)
	        Index Cond: ((k >= 3553595) AND (k <= 3553695))

table 5 : explain SELECT k, c FROM sbtest5 WHERE k BETWEEN 3553595 AND 3553695
	Bitmap Heap Scan on sbtest5  (cost=5.46..401.78 rows=100 width=125)
	  Recheck Cond: ((k >= 3553595) AND (k <= 3553695))
	  ->  Bitmap Index Scan on k_5  (cost=0.00..5.43 rows=100 width=0)
	        Index Cond: ((k >= 3553595) AND (k <= 3553695))

table 6 : explain SELECT k, c FROM sbtest6 WHERE k BETWEEN 3553595 AND 3553695
	Bitmap Heap Scan on sbtest6  (cost=5.42..385.90 rows=96 width=125)
	  Recheck Cond: ((k >= 3553595) AND (k <= 3553695))
	  ->  Bitmap Index Scan on k_6  (cost=0.00..5.39 rows=96 width=0)
	        Index Cond: ((k >= 3553595) AND (k <= 3553695))

table 7 : explain SELECT k, c FROM sbtest7 WHERE k BETWEEN 3553595 AND 3553695
	Bitmap Heap Scan on sbtest7  (cost=5.48..409.67 rows=102 width=125)
	  Recheck Cond: ((k >= 3553595) AND (k <= 3553695))
	  ->  Bitmap Index Scan on k_7  (cost=0.00..5.45 rows=102 width=0)
	        Index Cond: ((k >= 3553595) AND (k <= 3553695))

table 8 : explain SELECT k, c FROM sbtest8 WHERE k BETWEEN 3553595 AND 3553695
	Bitmap Heap Scan on sbtest8  (cost=5.47..405.64 rows=101 width=125)
	  Recheck Cond: ((k >= 3553595) AND (k <= 3553695))
	  ->  Bitmap Index Scan on k_8  (cost=0.00..5.44 rows=101 width=0)
	        Index Cond: ((k >= 3553595) AND (k <= 3553695))

explain: for range-notcovered :: explain SELECT k, c FROM sbtest%d WHERE k BETWEEN 3553595 AND 3553695
for range-notcovered
table 1 : explain SELECT k, c FROM sbtest1 WHERE k BETWEEN 6623764 AND 6623864
	Bitmap Heap Scan on sbtest1  (cost=5.58..448.87 rows=112 width=125)
	  Recheck Cond: ((k >= 6623764) AND (k <= 6623864))
	  ->  Bitmap Index Scan on k_1  (cost=0.00..5.55 rows=112 width=0)
	        Index Cond: ((k >= 6623764) AND (k <= 6623864))

table 2 : explain SELECT k, c FROM sbtest2 WHERE k BETWEEN 6623764 AND 6623864
	Bitmap Heap Scan on sbtest2  (cost=5.45..397.66 rows=99 width=125)
	  Recheck Cond: ((k >= 6623764) AND (k <= 6623864))
	  ->  Bitmap Index Scan on k_2  (cost=0.00..5.42 rows=99 width=0)
	        Index Cond: ((k >= 6623764) AND (k <= 6623864))

table 3 : explain SELECT k, c FROM sbtest3 WHERE k BETWEEN 6623764 AND 6623864
	Bitmap Heap Scan on sbtest3  (cost=5.48..409.52 rows=102 width=125)
	  Recheck Cond: ((k >= 6623764) AND (k <= 6623864))
	  ->  Bitmap Index Scan on k_3  (cost=0.00..5.45 rows=102 width=0)
	        Index Cond: ((k >= 6623764) AND (k <= 6623864))

table 4 : explain SELECT k, c FROM sbtest4 WHERE k BETWEEN 6623764 AND 6623864
	Bitmap Heap Scan on sbtest4  (cost=5.46..401.62 rows=100 width=125)
	  Recheck Cond: ((k >= 6623764) AND (k <= 6623864))
	  ->  Bitmap Index Scan on k_4  (cost=0.00..5.43 rows=100 width=0)
	        Index Cond: ((k >= 6623764) AND (k <= 6623864))

table 5 : explain SELECT k, c FROM sbtest5 WHERE k BETWEEN 6623764 AND 6623864
	Bitmap Heap Scan on sbtest5  (cost=5.43..389.93 rows=97 width=125)
	  Recheck Cond: ((k >= 6623764) AND (k <= 6623864))
	  ->  Bitmap Index Scan on k_5  (cost=0.00..5.40 rows=97 width=0)
	        Index Cond: ((k >= 6623764) AND (k <= 6623864))

table 6 : explain SELECT k, c FROM sbtest6 WHERE k BETWEEN 6623764 AND 6623864
	Bitmap Heap Scan on sbtest6  (cost=5.52..425.36 rows=106 width=125)
	  Recheck Cond: ((k >= 6623764) AND (k <= 6623864))
	  ->  Bitmap Index Scan on k_6  (cost=0.00..5.50 rows=106 width=0)
	        Index Cond: ((k >= 6623764) AND (k <= 6623864))

table 7 : explain SELECT k, c FROM sbtest7 WHERE k BETWEEN 6623764 AND 6623864
	Bitmap Heap Scan on sbtest7  (cost=5.47..405.73 rows=101 width=125)
	  Recheck Cond: ((k >= 6623764) AND (k <= 6623864))
	  ->  Bitmap Index Scan on k_7  (cost=0.00..5.44 rows=101 width=0)
	        Index Cond: ((k >= 6623764) AND (k <= 6623864))

table 8 : explain SELECT k, c FROM sbtest8 WHERE k BETWEEN 6623764 AND 6623864
	Bitmap Heap Scan on sbtest8  (cost=5.49..413.54 rows=103 width=125)
	  Recheck Cond: ((k >= 6623764) AND (k <= 6623864))
	  ->  Bitmap Index Scan on k_8  (cost=0.00..5.46 rows=103 width=0)
	        Index Cond: ((k >= 6623764) AND (k <= 6623864))
for range-notcovered
table 1 : explain SELECT k, c FROM sbtest1 WHERE k BETWEEN 3679004 AND 3679104
	Bitmap Heap Scan on sbtest1  (cost=5.45..397.62 rows=99 width=125)
	  Recheck Cond: ((k >= 3679004) AND (k <= 3679104))
	  ->  Bitmap Index Scan on k_1  (cost=0.00..5.42 rows=99 width=0)
	        Index Cond: ((k >= 3679004) AND (k <= 3679104))

table 2 : explain SELECT k, c FROM sbtest2 WHERE k BETWEEN 3679004 AND 3679104
	Bitmap Heap Scan on sbtest2  (cost=5.51..421.33 rows=105 width=125)
	  Recheck Cond: ((k >= 3679004) AND (k <= 3679104))
	  ->  Bitmap Index Scan on k_2  (cost=0.00..5.48 rows=105 width=0)
	        Index Cond: ((k >= 3679004) AND (k <= 3679104))

table 3 : explain SELECT k, c FROM sbtest3 WHERE k BETWEEN 3679004 AND 3679104
	Bitmap Heap Scan on sbtest3  (cost=5.44..393.74 rows=98 width=125)
	  Recheck Cond: ((k >= 3679004) AND (k <= 3679104))
	  ->  Bitmap Index Scan on k_3  (cost=0.00..5.42 rows=98 width=0)
	        Index Cond: ((k >= 3679004) AND (k <= 3679104))

table 4 : explain SELECT k, c FROM sbtest4 WHERE k BETWEEN 3679004 AND 3679104
	Bitmap Heap Scan on sbtest4  (cost=5.55..437.12 rows=109 width=125)
	  Recheck Cond: ((k >= 3679004) AND (k <= 3679104))
	  ->  Bitmap Index Scan on k_4  (cost=0.00..5.52 rows=109 width=0)
	        Index Cond: ((k >= 3679004) AND (k <= 3679104))

table 5 : explain SELECT k, c FROM sbtest5 WHERE k BETWEEN 3679004 AND 3679104
	Bitmap Heap Scan on sbtest5  (cost=5.46..401.78 rows=100 width=125)
	  Recheck Cond: ((k >= 3679004) AND (k <= 3679104))
	  ->  Bitmap Index Scan on k_5  (cost=0.00..5.43 rows=100 width=0)
	        Index Cond: ((k >= 3679004) AND (k <= 3679104))

table 6 : explain SELECT k, c FROM sbtest6 WHERE k BETWEEN 3679004 AND 3679104
	Bitmap Heap Scan on sbtest6  (cost=5.49..413.52 rows=103 width=125)
	  Recheck Cond: ((k >= 3679004) AND (k <= 3679104))
	  ->  Bitmap Index Scan on k_6  (cost=0.00..5.46 rows=103 width=0)
	        Index Cond: ((k >= 3679004) AND (k <= 3679104))

table 7 : explain SELECT k, c FROM sbtest7 WHERE k BETWEEN 3679004 AND 3679104
	Bitmap Heap Scan on sbtest7  (cost=5.56..441.23 rows=110 width=125)
	  Recheck Cond: ((k >= 3679004) AND (k <= 3679104))
	  ->  Bitmap Index Scan on k_7  (cost=0.00..5.53 rows=110 width=0)
	        Index Cond: ((k >= 3679004) AND (k <= 3679104))

table 8 : explain SELECT k, c FROM sbtest8 WHERE k BETWEEN 3679004 AND 3679104
	Bitmap Heap Scan on sbtest8  (cost=5.45..397.75 rows=99 width=125)
	  Recheck Cond: ((k >= 3679004) AND (k <= 3679104))
	  ->  Bitmap Index Scan on k_8  (cost=0.00..5.42 rows=99 width=0)
	        Index Cond: ((k >= 3679004) AND (k <= 3679104))


for range-notcovered
table 1 : explain SELECT k, c FROM sbtest1 WHERE k BETWEEN 495695 AND 495795
	Bitmap Heap Scan on sbtest1  (cost=5.49..413.39 rows=103 width=125)
	  Recheck Cond: ((k >= 495695) AND (k <= 495795))
	  ->  Bitmap Index Scan on k_1  (cost=0.00..5.46 rows=103 width=0)
	        Index Cond: ((k >= 495695) AND (k <= 495795))

table 2 : explain SELECT k, c FROM sbtest2 WHERE k BETWEEN 495695 AND 495795
	Bitmap Heap Scan on sbtest2  (cost=5.48..409.50 rows=102 width=125)
	  Recheck Cond: ((k >= 495695) AND (k <= 495795))
	  ->  Bitmap Index Scan on k_2  (cost=0.00..5.45 rows=102 width=0)
	        Index Cond: ((k >= 495695) AND (k <= 495795))

table 3 : explain SELECT k, c FROM sbtest3 WHERE k BETWEEN 495695 AND 495795
	Bitmap Heap Scan on sbtest3  (cost=5.49..413.46 rows=103 width=125)
	  Recheck Cond: ((k >= 495695) AND (k <= 495795))
	  ->  Bitmap Index Scan on k_3  (cost=0.00..5.46 rows=103 width=0)
	        Index Cond: ((k >= 495695) AND (k <= 495795))

table 4 : explain SELECT k, c FROM sbtest4 WHERE k BETWEEN 495695 AND 495795
	Bitmap Heap Scan on sbtest4  (cost=5.47..405.57 rows=101 width=125)
	  Recheck Cond: ((k >= 495695) AND (k <= 495795))
	  ->  Bitmap Index Scan on k_4  (cost=0.00..5.44 rows=101 width=0)
	        Index Cond: ((k >= 495695) AND (k <= 495795))

table 5 : explain SELECT k, c FROM sbtest5 WHERE k BETWEEN 495695 AND 495795
	Bitmap Heap Scan on sbtest5  (cost=5.44..393.88 rows=98 width=125)
	  Recheck Cond: ((k >= 495695) AND (k <= 495795))
	  ->  Bitmap Index Scan on k_5  (cost=0.00..5.42 rows=98 width=0)
	        Index Cond: ((k >= 495695) AND (k <= 495795))

table 6 : explain SELECT k, c FROM sbtest6 WHERE k BETWEEN 495695 AND 495795
	Bitmap Heap Scan on sbtest6  (cost=5.47..405.63 rows=101 width=125)
	  Recheck Cond: ((k >= 495695) AND (k <= 495795))
	  ->  Bitmap Index Scan on k_6  (cost=0.00..5.44 rows=101 width=0)
	        Index Cond: ((k >= 495695) AND (k <= 495795))

table 7 : explain SELECT k, c FROM sbtest7 WHERE k BETWEEN 495695 AND 495795
	Bitmap Heap Scan on sbtest7  (cost=5.42..385.98 rows=96 width=125)
	  Recheck Cond: ((k >= 495695) AND (k <= 495795))
	  ->  Bitmap Index Scan on k_7  (cost=0.00..5.39 rows=96 width=0)
	        Index Cond: ((k >= 495695) AND (k <= 495795))

table 8 : explain SELECT k, c FROM sbtest8 WHERE k BETWEEN 495695 AND 495795
	Bitmap Heap Scan on sbtest8  (cost=5.35..358.26 rows=89 width=125)
	  Recheck Cond: ((k >= 495695) AND (k <= 495795))
	  ->  Bitmap Index Scan on k_8  (cost=0.00..5.32 rows=89 width=0)
	        Index Cond: ((k >= 495695) AND (k <= 495795))

for range-notcovered
table 1 : explain SELECT k, c FROM sbtest1 WHERE k BETWEEN 2383423 AND 2383523
	Bitmap Heap Scan on sbtest1  (cost=5.47..405.51 rows=101 width=125)
	  Recheck Cond: ((k >= 2383423) AND (k <= 2383523))
	  ->  Bitmap Index Scan on k_1  (cost=0.00..5.44 rows=101 width=0)
	        Index Cond: ((k >= 2383423) AND (k <= 2383523))

table 2 : explain SELECT k, c FROM sbtest2 WHERE k BETWEEN 2383423 AND 2383523
	Bitmap Heap Scan on sbtest2  (cost=5.48..409.50 rows=102 width=125)
	  Recheck Cond: ((k >= 2383423) AND (k <= 2383523))
	  ->  Bitmap Index Scan on k_2  (cost=0.00..5.45 rows=102 width=0)
	        Index Cond: ((k >= 2383423) AND (k <= 2383523))

table 3 : explain SELECT k, c FROM sbtest3 WHERE k BETWEEN 2383423 AND 2383523
	Bitmap Heap Scan on sbtest3  (cost=5.53..429.23 rows=107 width=125)
	  Recheck Cond: ((k >= 2383423) AND (k <= 2383523))
	  ->  Bitmap Index Scan on k_3  (cost=0.00..5.50 rows=107 width=0)
	        Index Cond: ((k >= 2383423) AND (k <= 2383523))

table 4 : explain SELECT k, c FROM sbtest4 WHERE k BETWEEN 2383423 AND 2383523
	Bitmap Heap Scan on sbtest4  (cost=5.44..393.73 rows=98 width=125)
	  Recheck Cond: ((k >= 2383423) AND (k <= 2383523))
	  ->  Bitmap Index Scan on k_4  (cost=0.00..5.42 rows=98 width=0)
	        Index Cond: ((k >= 2383423) AND (k <= 2383523))

table 5 : explain SELECT k, c FROM sbtest5 WHERE k BETWEEN 2383423 AND 2383523
	Bitmap Heap Scan on sbtest5  (cost=5.38..370.18 rows=92 width=125)
	  Recheck Cond: ((k >= 2383423) AND (k <= 2383523))
	  ->  Bitmap Index Scan on k_5  (cost=0.00..5.35 rows=92 width=0)
	        Index Cond: ((k >= 2383423) AND (k <= 2383523))

table 6 : explain SELECT k, c FROM sbtest6 WHERE k BETWEEN 2383423 AND 2383523
	Bitmap Heap Scan on sbtest6  (cost=5.43..389.85 rows=97 width=125)
	  Recheck Cond: ((k >= 2383423) AND (k <= 2383523))
	  ->  Bitmap Index Scan on k_6  (cost=0.00..5.40 rows=97 width=0)
	        Index Cond: ((k >= 2383423) AND (k <= 2383523))

table 7 : explain SELECT k, c FROM sbtest7 WHERE k BETWEEN 2383423 AND 2383523
	Bitmap Heap Scan on sbtest7  (cost=5.49..413.62 rows=103 width=125)
	  Recheck Cond: ((k >= 2383423) AND (k <= 2383523))
	  ->  Bitmap Index Scan on k_7  (cost=0.00..5.46 rows=103 width=0)
	        Index Cond: ((k >= 2383423) AND (k <= 2383523))

table 8 : explain SELECT k, c FROM sbtest8 WHERE k BETWEEN 2383423 AND 2383523
	Bitmap Heap Scan on sbtest8  (cost=5.46..401.70 rows=100 width=125)
	  Recheck Cond: ((k >= 2383423) AND (k <= 2383523))
	  ->  Bitmap Index Scan on k_8  (cost=0.00..5.43 rows=100 width=0)
	        Index Cond: ((k >= 2383423) AND (k <= 2383523))

for range-notcovered
table 1 : explain SELECT k, c FROM sbtest1 WHERE k BETWEEN 6675946 AND 6676046
	Bitmap Heap Scan on sbtest1  (cost=5.48..409.45 rows=102 width=125)
	  Recheck Cond: ((k >= 6675946) AND (k <= 6676046))
	  ->  Bitmap Index Scan on k_1  (cost=0.00..5.45 rows=102 width=0)
	        Index Cond: ((k >= 6675946) AND (k <= 6676046))

table 2 : explain SELECT k, c FROM sbtest2 WHERE k BETWEEN 6675946 AND 6676046
	Bitmap Heap Scan on sbtest2  (cost=5.45..397.66 rows=99 width=125)
	  Recheck Cond: ((k >= 6675946) AND (k <= 6676046))
	  ->  Bitmap Index Scan on k_2  (cost=0.00..5.42 rows=99 width=0)
	        Index Cond: ((k >= 6675946) AND (k <= 6676046))

table 3 : explain SELECT k, c FROM sbtest3 WHERE k BETWEEN 6675946 AND 6676046
	Bitmap Heap Scan on sbtest3  (cost=5.48..409.52 rows=102 width=125)
	  Recheck Cond: ((k >= 6675946) AND (k <= 6676046))
	  ->  Bitmap Index Scan on k_3  (cost=0.00..5.45 rows=102 width=0)
	        Index Cond: ((k >= 6675946) AND (k <= 6676046))

table 4 : explain SELECT k, c FROM sbtest4 WHERE k BETWEEN 6675946 AND 6676046
	Bitmap Heap Scan on sbtest4  (cost=5.44..393.73 rows=98 width=125)
	  Recheck Cond: ((k >= 6675946) AND (k <= 6676046))
	  ->  Bitmap Index Scan on k_4  (cost=0.00..5.42 rows=98 width=0)
	        Index Cond: ((k >= 6675946) AND (k <= 6676046))

table 5 : explain SELECT k, c FROM sbtest5 WHERE k BETWEEN 6675946 AND 6676046
	Bitmap Heap Scan on sbtest5  (cost=5.43..389.93 rows=97 width=125)
	  Recheck Cond: ((k >= 6675946) AND (k <= 6676046))
	  ->  Bitmap Index Scan on k_5  (cost=0.00..5.40 rows=97 width=0)
	        Index Cond: ((k >= 6675946) AND (k <= 6676046))

table 6 : explain SELECT k, c FROM sbtest6 WHERE k BETWEEN 6675946 AND 6676046
	Bitmap Heap Scan on sbtest6  (cost=5.52..425.36 rows=106 width=125)
	  Recheck Cond: ((k >= 6675946) AND (k <= 6676046))
	  ->  Bitmap Index Scan on k_6  (cost=0.00..5.50 rows=106 width=0)
	        Index Cond: ((k >= 6675946) AND (k <= 6676046))

table 7 : explain SELECT k, c FROM sbtest7 WHERE k BETWEEN 6675946 AND 6676046
	Bitmap Heap Scan on sbtest7  (cost=5.53..429.40 rows=107 width=125)
	  Recheck Cond: ((k >= 6675946) AND (k <= 6676046))
	  ->  Bitmap Index Scan on k_7  (cost=0.00..5.50 rows=107 width=0)
	        Index Cond: ((k >= 6675946) AND (k <= 6676046))

table 8 : explain SELECT k, c FROM sbtest8 WHERE k BETWEEN 6675946 AND 6676046
	Bitmap Heap Scan on sbtest8  (cost=5.46..401.70 rows=100 width=125)
	  Recheck Cond: ((k >= 6675946) AND (k <= 6676046))
	  ->  Bitmap Index Scan on k_8  (cost=0.00..5.43 rows=100 width=0)
	        Index Cond: ((k >= 6675946) AND (k <= 6676046))

explain: for range-notcovered :: explain SELECT k, c FROM sbtest%d WHERE k BETWEEN 6623764 AND 6623864
for range-notcovered
table 1 : explain SELECT k, c FROM sbtest1 WHERE k BETWEEN 5118410 AND 5118510
	Bitmap Heap Scan on sbtest1  (cost=5.56..440.99 rows=110 width=125)
	  Recheck Cond: ((k >= 5118410) AND (k <= 5118510))
	  ->  Bitmap Index Scan on k_1  (cost=0.00..5.53 rows=110 width=0)
	        Index Cond: ((k >= 5118410) AND (k <= 5118510))

table 2 : explain SELECT k, c FROM sbtest2 WHERE k BETWEEN 5118410 AND 5118510
	Bitmap Heap Scan on sbtest2  (cost=5.46..401.61 rows=100 width=125)
	  Recheck Cond: ((k >= 5118410) AND (k <= 5118510))
	  ->  Bitmap Index Scan on k_2  (cost=0.00..5.43 rows=100 width=0)
	        Index Cond: ((k >= 5118410) AND (k <= 5118510))

table 3 : explain SELECT k, c FROM sbtest3 WHERE k BETWEEN 5118410 AND 5118510
	Bitmap Heap Scan on sbtest3  (cost=5.46..401.63 rows=100 width=125)
	  Recheck Cond: ((k >= 5118410) AND (k <= 5118510))
	  ->  Bitmap Index Scan on k_3  (cost=0.00..5.43 rows=100 width=0)
	        Index Cond: ((k >= 5118410) AND (k <= 5118510))

table 4 : explain SELECT k, c FROM sbtest4 WHERE k BETWEEN 5118410 AND 5118510
	Bitmap Heap Scan on sbtest4  (cost=5.50..417.40 rows=104 width=125)
	  Recheck Cond: ((k >= 5118410) AND (k <= 5118510))
	  ->  Bitmap Index Scan on k_4  (cost=0.00..5.47 rows=104 width=0)
	        Index Cond: ((k >= 5118410) AND (k <= 5118510))

table 5 : explain SELECT k, c FROM sbtest5 WHERE k BETWEEN 5118410 AND 5118510
	Bitmap Heap Scan on sbtest5  (cost=5.51..421.51 rows=105 width=125)
	  Recheck Cond: ((k >= 5118410) AND (k <= 5118510))
	  ->  Bitmap Index Scan on k_5  (cost=0.00..5.48 rows=105 width=0)
	        Index Cond: ((k >= 5118410) AND (k <= 5118510))

table 6 : explain SELECT k, c FROM sbtest6 WHERE k BETWEEN 5118410 AND 5118510
	Bitmap Heap Scan on sbtest6  (cost=5.47..405.63 rows=101 width=125)
	  Recheck Cond: ((k >= 5118410) AND (k <= 5118510))
	  ->  Bitmap Index Scan on k_6  (cost=0.00..5.44 rows=101 width=0)
	        Index Cond: ((k >= 5118410) AND (k <= 5118510))

table 7 : explain SELECT k, c FROM sbtest7 WHERE k BETWEEN 5118410 AND 5118510
	Bitmap Heap Scan on sbtest7  (cost=5.49..413.62 rows=103 width=125)
	  Recheck Cond: ((k >= 5118410) AND (k <= 5118510))
	  ->  Bitmap Index Scan on k_7  (cost=0.00..5.46 rows=103 width=0)
	        Index Cond: ((k >= 5118410) AND (k <= 5118510))

table 8 : explain SELECT k, c FROM sbtest8 WHERE k BETWEEN 5118410 AND 5118510
	Bitmap Heap Scan on sbtest8  (cost=5.52..425.37 rows=106 width=125)
	  Recheck Cond: ((k >= 5118410) AND (k <= 5118510))
	  ->  Bitmap Index Scan on k_8  (cost=0.00..5.50 rows=106 width=0)
	        Index Cond: ((k >= 5118410) AND (k <= 5118510))

explain: for range-notcovered :: explain SELECT k, c FROM sbtest%d WHERE k BETWEEN 2383423 AND 2383523
for range-notcovered
table 1 : explain SELECT k, c FROM sbtest1 WHERE k BETWEEN 8239503 AND 8239603
	Bitmap Heap Scan on sbtest1  (cost=5.48..409.45 rows=102 width=125)
	  Recheck Cond: ((k >= 8239503) AND (k <= 8239603))
	  ->  Bitmap Index Scan on k_1  (cost=0.00..5.45 rows=102 width=0)
	        Index Cond: ((k >= 8239503) AND (k <= 8239603))

table 2 : explain SELECT k, c FROM sbtest2 WHERE k BETWEEN 8239503 AND 8239603
	Bitmap Heap Scan on sbtest2  (cost=5.41..381.88 rows=95 width=125)
	  Recheck Cond: ((k >= 8239503) AND (k <= 8239603))
	  ->  Bitmap Index Scan on k_2  (cost=0.00..5.38 rows=95 width=0)
	        Index Cond: ((k >= 8239503) AND (k <= 8239603))

table 3 : explain SELECT k, c FROM sbtest3 WHERE k BETWEEN 8239503 AND 8239603
	Bitmap Heap Scan on sbtest3  (cost=5.51..421.35 rows=105 width=125)
	  Recheck Cond: ((k >= 8239503) AND (k <= 8239603))
	  ->  Bitmap Index Scan on k_3  (cost=0.00..5.48 rows=105 width=0)
	        Index Cond: ((k >= 8239503) AND (k <= 8239603))

table 4 : explain SELECT k, c FROM sbtest4 WHERE k BETWEEN 8239503 AND 8239603
	Bitmap Heap Scan on sbtest4  (cost=5.53..429.23 rows=107 width=125)
	  Recheck Cond: ((k >= 8239503) AND (k <= 8239603))
	  ->  Bitmap Index Scan on k_4  (cost=0.00..5.50 rows=107 width=0)
	        Index Cond: ((k >= 8239503) AND (k <= 8239603))

table 5 : explain SELECT k, c FROM sbtest5 WHERE k BETWEEN 8239503 AND 8239603
	Bitmap Heap Scan on sbtest5  (cost=5.45..397.83 rows=99 width=125)
	  Recheck Cond: ((k >= 8239503) AND (k <= 8239603))
	  ->  Bitmap Index Scan on k_5  (cost=0.00..5.42 rows=99 width=0)
	        Index Cond: ((k >= 8239503) AND (k <= 8239603))

table 6 : explain SELECT k, c FROM sbtest6 WHERE k BETWEEN 8239503 AND 8239603
	Bitmap Heap Scan on sbtest6  (cost=5.49..413.52 rows=103 width=125)
	  Recheck Cond: ((k >= 8239503) AND (k <= 8239603))
	  ->  Bitmap Index Scan on k_6  (cost=0.00..5.46 rows=103 width=0)
	        Index Cond: ((k >= 8239503) AND (k <= 8239603))

table 7 : explain SELECT k, c FROM sbtest7 WHERE k BETWEEN 8239503 AND 8239603
	Bitmap Heap Scan on sbtest7  (cost=5.42..385.98 rows=96 width=125)
	  Recheck Cond: ((k >= 8239503) AND (k <= 8239603))
	  ->  Bitmap Index Scan on k_7  (cost=0.00..5.39 rows=96 width=0)
	        Index Cond: ((k >= 8239503) AND (k <= 8239603))

table 8 : explain SELECT k, c FROM sbtest8 WHERE k BETWEEN 8239503 AND 8239603
	Bitmap Heap Scan on sbtest8  (cost=5.51..421.42 rows=105 width=125)
	  Recheck Cond: ((k >= 8239503) AND (k <= 8239603))
	  ->  Bitmap Index Scan on k_8  (cost=0.00..5.48 rows=105 width=0)
	        Index Cond: ((k >= 8239503) AND (k <= 8239603))

explain: for range-notcovered :: explain SELECT k, c FROM sbtest%d WHERE k BETWEEN 6675946 AND 6676046
explain: for range-notcovered :: explain SELECT k, c FROM sbtest%d WHERE k BETWEEN 5118410 AND 5118510
for range-notcovered
table 1 : explain SELECT k, c FROM sbtest1 WHERE k BETWEEN 2839463 AND 2839563
	Bitmap Heap Scan on sbtest1  (cost=5.48..409.45 rows=102 width=125)
	  Recheck Cond: ((k >= 2839463) AND (k <= 2839563))
	  ->  Bitmap Index Scan on k_1  (cost=0.00..5.45 rows=102 width=0)
	        Index Cond: ((k >= 2839463) AND (k <= 2839563))

table 2 : explain SELECT k, c FROM sbtest2 WHERE k BETWEEN 2839463 AND 2839563
	Bitmap Heap Scan on sbtest2  (cost=5.47..405.55 rows=101 width=125)
	  Recheck Cond: ((k >= 2839463) AND (k <= 2839563))
	  ->  Bitmap Index Scan on k_2  (cost=0.00..5.44 rows=101 width=0)
	        Index Cond: ((k >= 2839463) AND (k <= 2839563))

table 3 : explain SELECT k, c FROM sbtest3 WHERE k BETWEEN 2839463 AND 2839563
	Bitmap Heap Scan on sbtest3  (cost=5.47..405.57 rows=101 width=125)
	  Recheck Cond: ((k >= 2839463) AND (k <= 2839563))
	  ->  Bitmap Index Scan on k_3  (cost=0.00..5.44 rows=101 width=0)
	        Index Cond: ((k >= 2839463) AND (k <= 2839563))

table 4 : explain SELECT k, c FROM sbtest4 WHERE k BETWEEN 2839463 AND 2839563
	Bitmap Heap Scan on sbtest4  (cost=5.59..452.88 rows=113 width=125)
	  Recheck Cond: ((k >= 2839463) AND (k <= 2839563))
	  ->  Bitmap Index Scan on k_4  (cost=0.00..5.56 rows=113 width=0)
	        Index Cond: ((k >= 2839463) AND (k <= 2839563))

table 5 : explain SELECT k, c FROM sbtest5 WHERE k BETWEEN 2839463 AND 2839563
	Bitmap Heap Scan on sbtest5  (cost=5.49..413.62 rows=103 width=125)
	  Recheck Cond: ((k >= 2839463) AND (k <= 2839563))
	  ->  Bitmap Index Scan on k_5  (cost=0.00..5.46 rows=103 width=0)
	        Index Cond: ((k >= 2839463) AND (k <= 2839563))

table 6 : explain SELECT k, c FROM sbtest6 WHERE k BETWEEN 2839463 AND 2839563
	Bitmap Heap Scan on sbtest6  (cost=5.53..429.30 rows=107 width=125)
	  Recheck Cond: ((k >= 2839463) AND (k <= 2839563))
	  ->  Bitmap Index Scan on k_6  (cost=0.00..5.50 rows=107 width=0)
	        Index Cond: ((k >= 2839463) AND (k <= 2839563))

table 7 : explain SELECT k, c FROM sbtest7 WHERE k BETWEEN 2839463 AND 2839563
	Bitmap Heap Scan on sbtest7  (cost=5.42..385.98 rows=96 width=125)
	  Recheck Cond: ((k >= 2839463) AND (k <= 2839563))
	  ->  Bitmap Index Scan on k_7  (cost=0.00..5.39 rows=96 width=0)
	        Index Cond: ((k >= 2839463) AND (k <= 2839563))

table 8 : explain SELECT k, c FROM sbtest8 WHERE k BETWEEN 2839463 AND 2839563
	Bitmap Heap Scan on sbtest8  (cost=5.47..405.64 rows=101 width=125)
	  Recheck Cond: ((k >= 2839463) AND (k <= 2839563))
	  ->  Bitmap Index Scan on k_8  (cost=0.00..5.44 rows=101 width=0)
	        Index Cond: ((k >= 2839463) AND (k <= 2839563))

explain: for range-notcovered :: explain SELECT k, c FROM sbtest%d WHERE k BETWEEN 8239503 AND 8239603
explain: for range-notcovered :: explain SELECT k, c FROM sbtest%d WHERE k BETWEEN 2839463 AND 2839563
for range-notcovered
table 1 : explain SELECT k, c FROM sbtest1 WHERE k BETWEEN 3209331 AND 3209431
	Bitmap Heap Scan on sbtest1  (cost=5.54..433.10 rows=108 width=125)
	  Recheck Cond: ((k >= 3209331) AND (k <= 3209431))
	  ->  Bitmap Index Scan on k_1  (cost=0.00..5.51 rows=108 width=0)
	        Index Cond: ((k >= 3209331) AND (k <= 3209431))

table 2 : explain SELECT k, c FROM sbtest2 WHERE k BETWEEN 3209331 AND 3209431
	Bitmap Heap Scan on sbtest2  (cost=5.55..437.10 rows=109 width=125)
	  Recheck Cond: ((k >= 3209331) AND (k <= 3209431))
	  ->  Bitmap Index Scan on k_2  (cost=0.00..5.52 rows=109 width=0)
	        Index Cond: ((k >= 3209331) AND (k <= 3209431))

table 3 : explain SELECT k, c FROM sbtest3 WHERE k BETWEEN 3209331 AND 3209431
	Bitmap Heap Scan on sbtest3  (cost=5.52..425.29 rows=106 width=125)
	  Recheck Cond: ((k >= 3209331) AND (k <= 3209431))
	  ->  Bitmap Index Scan on k_3  (cost=0.00..5.50 rows=106 width=0)
	        Index Cond: ((k >= 3209331) AND (k <= 3209431))

table 4 : explain SELECT k, c FROM sbtest4 WHERE k BETWEEN 3209331 AND 3209431
	Bitmap Heap Scan on sbtest4  (cost=5.55..437.12 rows=109 width=125)
	  Recheck Cond: ((k >= 3209331) AND (k <= 3209431))
	  ->  Bitmap Index Scan on k_4  (cost=0.00..5.52 rows=109 width=0)
	        Index Cond: ((k >= 3209331) AND (k <= 3209431))

table 5 : explain SELECT k, c FROM sbtest5 WHERE k BETWEEN 3209331 AND 3209431
	Bitmap Heap Scan on sbtest5  (cost=5.57..445.18 rows=111 width=125)
	  Recheck Cond: ((k >= 3209331) AND (k <= 3209431))
	  ->  Bitmap Index Scan on k_5  (cost=0.00..5.54 rows=111 width=0)
	        Index Cond: ((k >= 3209331) AND (k <= 3209431))

table 6 : explain SELECT k, c FROM sbtest6 WHERE k BETWEEN 3209331 AND 3209431
	Bitmap Heap Scan on sbtest6  (cost=5.46..401.69 rows=100 width=125)
	  Recheck Cond: ((k >= 3209331) AND (k <= 3209431))
	  ->  Bitmap Index Scan on k_6  (cost=0.00..5.43 rows=100 width=0)
	        Index Cond: ((k >= 3209331) AND (k <= 3209431))

table 7 : explain SELECT k, c FROM sbtest7 WHERE k BETWEEN 3209331 AND 3209431
	Bitmap Heap Scan on sbtest7  (cost=5.38..370.19 rows=92 width=125)
	  Recheck Cond: ((k >= 3209331) AND (k <= 3209431))
	  ->  Bitmap Index Scan on k_7  (cost=0.00..5.35 rows=92 width=0)
	        Index Cond: ((k >= 3209331) AND (k <= 3209431))

table 8 : explain SELECT k, c FROM sbtest8 WHERE k BETWEEN 3209331 AND 3209431
	Bitmap Heap Scan on sbtest8  (cost=5.48..409.59 rows=102 width=125)
	  Recheck Cond: ((k >= 3209331) AND (k <= 3209431))
	  ->  Bitmap Index Scan on k_8  (cost=0.00..5.45 rows=102 width=0)
	        Index Cond: ((k >= 3209331) AND (k <= 3209431))

for range-notcovered
table 1 : explain SELECT k, c FROM sbtest1 WHERE k BETWEEN 8273721 AND 8273821
	Bitmap Heap Scan on sbtest1  (cost=5.43..389.73 rows=97 width=125)
	  Recheck Cond: ((k >= 8273721) AND (k <= 8273821))
	  ->  Bitmap Index Scan on k_1  (cost=0.00..5.40 rows=97 width=0)
	        Index Cond: ((k >= 8273721) AND (k <= 8273821))

table 2 : explain SELECT k, c FROM sbtest2 WHERE k BETWEEN 8273721 AND 8273821
	Bitmap Heap Scan on sbtest2  (cost=5.41..381.88 rows=95 width=125)
	  Recheck Cond: ((k >= 8273721) AND (k <= 8273821))
	  ->  Bitmap Index Scan on k_2  (cost=0.00..5.38 rows=95 width=0)
	        Index Cond: ((k >= 8273721) AND (k <= 8273821))

table 3 : explain SELECT k, c FROM sbtest3 WHERE k BETWEEN 8273721 AND 8273821
	Bitmap Heap Scan on sbtest3  (cost=5.51..421.35 rows=105 width=125)
	  Recheck Cond: ((k >= 8273721) AND (k <= 8273821))
	  ->  Bitmap Index Scan on k_3  (cost=0.00..5.48 rows=105 width=0)
	        Index Cond: ((k >= 8273721) AND (k <= 8273821))

table 4 : explain SELECT k, c FROM sbtest4 WHERE k BETWEEN 8273721 AND 8273821
	Bitmap Heap Scan on sbtest4  (cost=5.53..429.23 rows=107 width=125)
	  Recheck Cond: ((k >= 8273721) AND (k <= 8273821))
	  ->  Bitmap Index Scan on k_4  (cost=0.00..5.50 rows=107 width=0)
	        Index Cond: ((k >= 8273721) AND (k <= 8273821))

table 5 : explain SELECT k, c FROM sbtest5 WHERE k BETWEEN 8273721 AND 8273821
	Bitmap Heap Scan on sbtest5  (cost=5.45..397.83 rows=99 width=125)
	  Recheck Cond: ((k >= 8273721) AND (k <= 8273821))
	  ->  Bitmap Index Scan on k_5  (cost=0.00..5.42 rows=99 width=0)
	        Index Cond: ((k >= 8273721) AND (k <= 8273821))

table 6 : explain SELECT k, c FROM sbtest6 WHERE k BETWEEN 8273721 AND 8273821
	Bitmap Heap Scan on sbtest6  (cost=5.49..413.52 rows=103 width=125)
	  Recheck Cond: ((k >= 8273721) AND (k <= 8273821))
	  ->  Bitmap Index Scan on k_6  (cost=0.00..5.46 rows=103 width=0)
	        Index Cond: ((k >= 8273721) AND (k <= 8273821))

table 7 : explain SELECT k, c FROM sbtest7 WHERE k BETWEEN 8273721 AND 8273821
	Bitmap Heap Scan on sbtest7  (cost=5.42..385.98 rows=96 width=125)
	  Recheck Cond: ((k >= 8273721) AND (k <= 8273821))
	  ->  Bitmap Index Scan on k_7  (cost=0.00..5.39 rows=96 width=0)
	        Index Cond: ((k >= 8273721) AND (k <= 8273821))

table 8 : explain SELECT k, c FROM sbtest8 WHERE k BETWEEN 8273721 AND 8273821
	Bitmap Heap Scan on sbtest8  (cost=5.51..421.42 rows=105 width=125)
	  Recheck Cond: ((k >= 8273721) AND (k <= 8273821))
	  ->  Bitmap Index Scan on k_8  (cost=0.00..5.48 rows=105 width=0)
	        Index Cond: ((k >= 8273721) AND (k <= 8273821))

for range-notcovered
table 1 : explain SELECT k, c FROM sbtest1 WHERE k BETWEEN 7705401 AND 7705501
	Bitmap Heap Scan on sbtest1  (cost=5.45..397.62 rows=99 width=125)
	  Recheck Cond: ((k >= 7705401) AND (k <= 7705501))
	  ->  Bitmap Index Scan on k_1  (cost=0.00..5.42 rows=99 width=0)
	        Index Cond: ((k >= 7705401) AND (k <= 7705501))

table 2 : explain SELECT k, c FROM sbtest2 WHERE k BETWEEN 7705401 AND 7705501
	Bitmap Heap Scan on sbtest2  (cost=5.39..373.98 rows=93 width=125)
	  Recheck Cond: ((k >= 7705401) AND (k <= 7705501))
	  ->  Bitmap Index Scan on k_2  (cost=0.00..5.36 rows=93 width=0)
	        Index Cond: ((k >= 7705401) AND (k <= 7705501))

table 3 : explain SELECT k, c FROM sbtest3 WHERE k BETWEEN 7705401 AND 7705501
	Bitmap Heap Scan on sbtest3  (cost=5.46..401.63 rows=100 width=125)
	  Recheck Cond: ((k >= 7705401) AND (k <= 7705501))
	  ->  Bitmap Index Scan on k_3  (cost=0.00..5.43 rows=100 width=0)
	        Index Cond: ((k >= 7705401) AND (k <= 7705501))

table 4 : explain SELECT k, c FROM sbtest4 WHERE k BETWEEN 7705401 AND 7705501
	Bitmap Heap Scan on sbtest4  (cost=5.49..413.46 rows=103 width=125)
	  Recheck Cond: ((k >= 7705401) AND (k <= 7705501))
	  ->  Bitmap Index Scan on k_4  (cost=0.00..5.46 rows=103 width=0)
	        Index Cond: ((k >= 7705401) AND (k <= 7705501))

table 5 : explain SELECT k, c FROM sbtest5 WHERE k BETWEEN 7705401 AND 7705501
	Bitmap Heap Scan on sbtest5  (cost=5.41..382.03 rows=95 width=125)
	  Recheck Cond: ((k >= 7705401) AND (k <= 7705501))
	  ->  Bitmap Index Scan on k_5  (cost=0.00..5.38 rows=95 width=0)
	        Index Cond: ((k >= 7705401) AND (k <= 7705501))

table 6 : explain SELECT k, c FROM sbtest6 WHERE k BETWEEN 7705401 AND 7705501
	Bitmap Heap Scan on sbtest6  (cost=5.49..413.52 rows=103 width=125)
	  Recheck Cond: ((k >= 7705401) AND (k <= 7705501))
	  ->  Bitmap Index Scan on k_6  (cost=0.00..5.46 rows=103 width=0)
	        Index Cond: ((k >= 7705401) AND (k <= 7705501))

table 7 : explain SELECT k, c FROM sbtest7 WHERE k BETWEEN 7705401 AND 7705501
	Bitmap Heap Scan on sbtest7  (cost=5.51..421.51 rows=105 width=125)
	  Recheck Cond: ((k >= 7705401) AND (k <= 7705501))
	  ->  Bitmap Index Scan on k_7  (cost=0.00..5.48 rows=105 width=0)
	        Index Cond: ((k >= 7705401) AND (k <= 7705501))

table 8 : explain SELECT k, c FROM sbtest8 WHERE k BETWEEN 7705401 AND 7705501
	Bitmap Heap Scan on sbtest8  (cost=5.48..409.59 rows=102 width=125)
	  Recheck Cond: ((k >= 7705401) AND (k <= 7705501))
	  ->  Bitmap Index Scan on k_8  (cost=0.00..5.45 rows=102 width=0)
	        Index Cond: ((k >= 7705401) AND (k <= 7705501))

for range-notcovered
table 1 : explain SELECT k, c FROM sbtest1 WHERE k BETWEEN 643681 AND 643781
	Bitmap Heap Scan on sbtest1  (cost=5.43..389.73 rows=97 width=125)
	  Recheck Cond: ((k >= 643681) AND (k <= 643781))
	  ->  Bitmap Index Scan on k_1  (cost=0.00..5.40 rows=97 width=0)
	        Index Cond: ((k >= 643681) AND (k <= 643781))

table 2 : explain SELECT k, c FROM sbtest2 WHERE k BETWEEN 643681 AND 643781
	Bitmap Heap Scan on sbtest2  (cost=5.47..405.55 rows=101 width=125)
	  Recheck Cond: ((k >= 643681) AND (k <= 643781))
	  ->  Bitmap Index Scan on k_2  (cost=0.00..5.44 rows=101 width=0)
	        Index Cond: ((k >= 643681) AND (k <= 643781))

table 3 : explain SELECT k, c FROM sbtest3 WHERE k BETWEEN 643681 AND 643781
	Bitmap Heap Scan on sbtest3  (cost=5.45..397.68 rows=99 width=125)
	  Recheck Cond: ((k >= 643681) AND (k <= 643781))
	  ->  Bitmap Index Scan on k_3  (cost=0.00..5.42 rows=99 width=0)
	        Index Cond: ((k >= 643681) AND (k <= 643781))

table 4 : explain SELECT k, c FROM sbtest4 WHERE k BETWEEN 643681 AND 643781
	Bitmap Heap Scan on sbtest4  (cost=5.51..421.35 rows=105 width=125)
	  Recheck Cond: ((k >= 643681) AND (k <= 643781))
	  ->  Bitmap Index Scan on k_4  (cost=0.00..5.48 rows=105 width=0)
	        Index Cond: ((k >= 643681) AND (k <= 643781))

table 5 : explain SELECT k, c FROM sbtest5 WHERE k BETWEEN 643681 AND 643781
	Bitmap Heap Scan on sbtest5  (cost=5.44..393.88 rows=98 width=125)
	  Recheck Cond: ((k >= 643681) AND (k <= 643781))
	  ->  Bitmap Index Scan on k_5  (cost=0.00..5.42 rows=98 width=0)
	        Index Cond: ((k >= 643681) AND (k <= 643781))

table 6 : explain SELECT k, c FROM sbtest6 WHERE k BETWEEN 643681 AND 643781
	Bitmap Heap Scan on sbtest6  (cost=5.56..441.13 rows=110 width=125)
	  Recheck Cond: ((k >= 643681) AND (k <= 643781))
	  ->  Bitmap Index Scan on k_6  (cost=0.00..5.53 rows=110 width=0)
	        Index Cond: ((k >= 643681) AND (k <= 643781))

table 7 : explain SELECT k, c FROM sbtest7 WHERE k BETWEEN 643681 AND 643781
	Bitmap Heap Scan on sbtest7  (cost=5.49..413.62 rows=103 width=125)
	  Recheck Cond: ((k >= 643681) AND (k <= 643781))
	  ->  Bitmap Index Scan on k_7  (cost=0.00..5.46 rows=103 width=0)
	        Index Cond: ((k >= 643681) AND (k <= 643781))

table 8 : explain SELECT k, c FROM sbtest8 WHERE k BETWEEN 643681 AND 643781
	Bitmap Heap Scan on sbtest8  (cost=5.47..405.64 rows=101 width=125)
	  Recheck Cond: ((k >= 643681) AND (k <= 643781))
	  ->  Bitmap Index Scan on k_8  (cost=0.00..5.44 rows=101 width=0)
	        Index Cond: ((k >= 643681) AND (k <= 643781))

for range-notcovered
table 1 : explain SELECT k, c FROM sbtest1 WHERE k BETWEEN 8385802 AND 8385902
	Bitmap Heap Scan on sbtest1  (cost=5.49..413.39 rows=103 width=125)
	  Recheck Cond: ((k >= 8385802) AND (k <= 8385902))
	  ->  Bitmap Index Scan on k_1  (cost=0.00..5.46 rows=103 width=0)
	        Index Cond: ((k >= 8385802) AND (k <= 8385902))

table 2 : explain SELECT k, c FROM sbtest2 WHERE k BETWEEN 8385802 AND 8385902
	Bitmap Heap Scan on sbtest2  (cost=5.44..393.72 rows=98 width=125)
	  Recheck Cond: ((k >= 8385802) AND (k <= 8385902))
	  ->  Bitmap Index Scan on k_2  (cost=0.00..5.42 rows=98 width=0)
	        Index Cond: ((k >= 8385802) AND (k <= 8385902))

table 3 : explain SELECT k, c FROM sbtest3 WHERE k BETWEEN 8385802 AND 8385902
	Bitmap Heap Scan on sbtest3  (cost=5.43..389.79 rows=97 width=125)
	  Recheck Cond: ((k >= 8385802) AND (k <= 8385902))
	  ->  Bitmap Index Scan on k_3  (cost=0.00..5.40 rows=97 width=0)
	        Index Cond: ((k >= 8385802) AND (k <= 8385902))

table 4 : explain SELECT k, c FROM sbtest4 WHERE k BETWEEN 8385802 AND 8385902
	Bitmap Heap Scan on sbtest4  (cost=5.47..405.57 rows=101 width=125)
	  Recheck Cond: ((k >= 8385802) AND (k <= 8385902))
	  ->  Bitmap Index Scan on k_4  (cost=0.00..5.44 rows=101 width=0)
	        Index Cond: ((k >= 8385802) AND (k <= 8385902))

table 5 : explain SELECT k, c FROM sbtest5 WHERE k BETWEEN 8385802 AND 8385902
	Bitmap Heap Scan on sbtest5  (cost=5.53..429.40 rows=107 width=125)
	  Recheck Cond: ((k >= 8385802) AND (k <= 8385902))
	  ->  Bitmap Index Scan on k_5  (cost=0.00..5.50 rows=107 width=0)
	        Index Cond: ((k >= 8385802) AND (k <= 8385902))

table 6 : explain SELECT k, c FROM sbtest6 WHERE k BETWEEN 8385802 AND 8385902
	Bitmap Heap Scan on sbtest6  (cost=5.39..374.05 rows=93 width=125)
	  Recheck Cond: ((k >= 8385802) AND (k <= 8385902))
	  ->  Bitmap Index Scan on k_6  (cost=0.00..5.36 rows=93 width=0)
	        Index Cond: ((k >= 8385802) AND (k <= 8385902))

table 7 : explain SELECT k, c FROM sbtest7 WHERE k BETWEEN 8385802 AND 8385902
	Bitmap Heap Scan on sbtest7  (cost=5.60..457.01 rows=114 width=125)
	  Recheck Cond: ((k >= 8385802) AND (k <= 8385902))
	  ->  Bitmap Index Scan on k_7  (cost=0.00..5.58 rows=114 width=0)
	        Index Cond: ((k >= 8385802) AND (k <= 8385902))

table 8 : explain SELECT k, c FROM sbtest8 WHERE k BETWEEN 8385802 AND 8385902
	Bitmap Heap Scan on sbtest8  (cost=5.47..405.64 rows=101 width=125)
	  Recheck Cond: ((k >= 8385802) AND (k <= 8385902))
	  ->  Bitmap Index Scan on k_8  (cost=0.00..5.44 rows=101 width=0)
	        Index Cond: ((k >= 8385802) AND (k <= 8385902))

explain: for range-notcovered :: explain SELECT k, c FROM sbtest%d WHERE k BETWEEN 8273721 AND 8273821
explain: for range-notcovered :: explain SELECT k, c FROM sbtest%d WHERE k BETWEEN 3209331 AND 3209431
for range-notcovered
table 1 : explain SELECT k, c FROM sbtest1 WHERE k BETWEEN 3176169 AND 3176269
	Bitmap Heap Scan on sbtest1  (cost=5.57..444.93 rows=111 width=125)
	  Recheck Cond: ((k >= 3176169) AND (k <= 3176269))
	  ->  Bitmap Index Scan on k_1  (cost=0.00..5.54 rows=111 width=0)
	        Index Cond: ((k >= 3176169) AND (k <= 3176269))

table 2 : explain SELECT k, c FROM sbtest2 WHERE k BETWEEN 3176169 AND 3176269
	Bitmap Heap Scan on sbtest2  (cost=5.55..437.10 rows=109 width=125)
	  Recheck Cond: ((k >= 3176169) AND (k <= 3176269))
	  ->  Bitmap Index Scan on k_2  (cost=0.00..5.52 rows=109 width=0)
	        Index Cond: ((k >= 3176169) AND (k <= 3176269))

table 3 : explain SELECT k, c FROM sbtest3 WHERE k BETWEEN 3176169 AND 3176269
	Bitmap Heap Scan on sbtest3  (cost=5.52..425.29 rows=106 width=125)
	  Recheck Cond: ((k >= 3176169) AND (k <= 3176269))
	  ->  Bitmap Index Scan on k_3  (cost=0.00..5.50 rows=106 width=0)
	        Index Cond: ((k >= 3176169) AND (k <= 3176269))

table 4 : explain SELECT k, c FROM sbtest4 WHERE k BETWEEN 3176169 AND 3176269
	Bitmap Heap Scan on sbtest4  (cost=5.55..437.12 rows=109 width=125)
	  Recheck Cond: ((k >= 3176169) AND (k <= 3176269))
	  ->  Bitmap Index Scan on k_4  (cost=0.00..5.52 rows=109 width=0)
	        Index Cond: ((k >= 3176169) AND (k <= 3176269))

table 5 : explain SELECT k, c FROM sbtest5 WHERE k BETWEEN 3176169 AND 3176269
	Bitmap Heap Scan on sbtest5  (cost=5.51..421.51 rows=105 width=125)
	  Recheck Cond: ((k >= 3176169) AND (k <= 3176269))
	  ->  Bitmap Index Scan on k_5  (cost=0.00..5.48 rows=105 width=0)
	        Index Cond: ((k >= 3176169) AND (k <= 3176269))

table 6 : explain SELECT k, c FROM sbtest6 WHERE k BETWEEN 3176169 AND 3176269
	Bitmap Heap Scan on sbtest6  (cost=5.46..401.69 rows=100 width=125)
	  Recheck Cond: ((k >= 3176169) AND (k <= 3176269))
	  ->  Bitmap Index Scan on k_6  (cost=0.00..5.43 rows=100 width=0)
	        Index Cond: ((k >= 3176169) AND (k <= 3176269))

table 7 : explain SELECT k, c FROM sbtest7 WHERE k BETWEEN 3176169 AND 3176269
	Bitmap Heap Scan on sbtest7  (cost=5.38..370.19 rows=92 width=125)
	  Recheck Cond: ((k >= 3176169) AND (k <= 3176269))
	  ->  Bitmap Index Scan on k_7  (cost=0.00..5.35 rows=92 width=0)
	        Index Cond: ((k >= 3176169) AND (k <= 3176269))

table 8 : explain SELECT k, c FROM sbtest8 WHERE k BETWEEN 3176169 AND 3176269
	Bitmap Heap Scan on sbtest8  (cost=5.48..409.59 rows=102 width=125)
	  Recheck Cond: ((k >= 3176169) AND (k <= 3176269))
	  ->  Bitmap Index Scan on k_8  (cost=0.00..5.45 rows=102 width=0)
	        Index Cond: ((k >= 3176169) AND (k <= 3176269))

explain: for range-notcovered :: explain SELECT k, c FROM sbtest%d WHERE k BETWEEN 7705401 AND 7705501
explain: for range-notcovered :: explain SELECT k, c FROM sbtest%d WHERE k BETWEEN 643681 AND 643781
explain: for range-notcovered :: explain SELECT k, c FROM sbtest%d WHERE k BETWEEN 8385802 AND 8385902
for range-notcovered
table 1 : explain SELECT k, c FROM sbtest1 WHERE k BETWEEN 1804304 AND 1804404
	Bitmap Heap Scan on sbtest1  (cost=5.40..377.89 rows=94 width=125)
	  Recheck Cond: ((k >= 1804304) AND (k <= 1804404))
	  ->  Bitmap Index Scan on k_1  (cost=0.00..5.38 rows=94 width=0)
	        Index Cond: ((k >= 1804304) AND (k <= 1804404))

table 2 : explain SELECT k, c FROM sbtest2 WHERE k BETWEEN 1804304 AND 1804404
	Bitmap Heap Scan on sbtest2  (cost=5.51..421.33 rows=105 width=125)
	  Recheck Cond: ((k >= 1804304) AND (k <= 1804404))
	  ->  Bitmap Index Scan on k_2  (cost=0.00..5.48 rows=105 width=0)
	        Index Cond: ((k >= 1804304) AND (k <= 1804404))

table 3 : explain SELECT k, c FROM sbtest3 WHERE k BETWEEN 1804304 AND 1804404
	Bitmap Heap Scan on sbtest3  (cost=5.45..397.68 rows=99 width=125)
	  Recheck Cond: ((k >= 1804304) AND (k <= 1804404))
	  ->  Bitmap Index Scan on k_3  (cost=0.00..5.42 rows=99 width=0)
	        Index Cond: ((k >= 1804304) AND (k <= 1804404))

table 4 : explain SELECT k, c FROM sbtest4 WHERE k BETWEEN 1804304 AND 1804404
	Bitmap Heap Scan on sbtest4  (cost=5.50..417.40 rows=104 width=125)
	  Recheck Cond: ((k >= 1804304) AND (k <= 1804404))
	  ->  Bitmap Index Scan on k_4  (cost=0.00..5.47 rows=104 width=0)
	        Index Cond: ((k >= 1804304) AND (k <= 1804404))

table 5 : explain SELECT k, c FROM sbtest5 WHERE k BETWEEN 1804304 AND 1804404
	Bitmap Heap Scan on sbtest5  (cost=5.51..421.51 rows=105 width=125)
	  Recheck Cond: ((k >= 1804304) AND (k <= 1804404))
	  ->  Bitmap Index Scan on k_5  (cost=0.00..5.48 rows=105 width=0)
	        Index Cond: ((k >= 1804304) AND (k <= 1804404))

table 6 : explain SELECT k, c FROM sbtest6 WHERE k BETWEEN 1804304 AND 1804404
	Bitmap Heap Scan on sbtest6  (cost=5.45..397.74 rows=99 width=125)
	  Recheck Cond: ((k >= 1804304) AND (k <= 1804404))
	  ->  Bitmap Index Scan on k_6  (cost=0.00..5.42 rows=99 width=0)
	        Index Cond: ((k >= 1804304) AND (k <= 1804404))

table 7 : explain SELECT k, c FROM sbtest7 WHERE k BETWEEN 1804304 AND 1804404
	Bitmap Heap Scan on sbtest7  (cost=5.44..393.88 rows=98 width=125)
	  Recheck Cond: ((k >= 1804304) AND (k <= 1804404))
	  ->  Bitmap Index Scan on k_7  (cost=0.00..5.42 rows=98 width=0)
	        Index Cond: ((k >= 1804304) AND (k <= 1804404))

table 8 : explain SELECT k, c FROM sbtest8 WHERE k BETWEEN 1804304 AND 1804404
	Bitmap Heap Scan on sbtest8  (cost=5.50..417.48 rows=104 width=125)
	  Recheck Cond: ((k >= 1804304) AND (k <= 1804404))
	  ->  Bitmap Index Scan on k_8  (cost=0.00..5.47 rows=104 width=0)
	        Index Cond: ((k >= 1804304) AND (k <= 1804404))

for range-notcovered
table 1 : explain SELECT k, c FROM sbtest1 WHERE k BETWEEN 4647253 AND 4647353
	Bitmap Heap Scan on sbtest1  (cost=5.49..413.39 rows=103 width=125)
	  Recheck Cond: ((k >= 4647253) AND (k <= 4647353))
	  ->  Bitmap Index Scan on k_1  (cost=0.00..5.46 rows=103 width=0)
	        Index Cond: ((k >= 4647253) AND (k <= 4647353))

table 2 : explain SELECT k, c FROM sbtest2 WHERE k BETWEEN 4647253 AND 4647353
	Bitmap Heap Scan on sbtest2  (cost=5.51..421.33 rows=105 width=125)
	  Recheck Cond: ((k >= 4647253) AND (k <= 4647353))
	  ->  Bitmap Index Scan on k_2  (cost=0.00..5.48 rows=105 width=0)
	        Index Cond: ((k >= 4647253) AND (k <= 4647353))

table 3 : explain SELECT k, c FROM sbtest3 WHERE k BETWEEN 4647253 AND 4647353
	Bitmap Heap Scan on sbtest3  (cost=5.50..417.40 rows=104 width=125)
	  Recheck Cond: ((k >= 4647253) AND (k <= 4647353))
	  ->  Bitmap Index Scan on k_3  (cost=0.00..5.47 rows=104 width=0)
	        Index Cond: ((k >= 4647253) AND (k <= 4647353))

table 4 : explain SELECT k, c FROM sbtest4 WHERE k BETWEEN 4647253 AND 4647353
	Bitmap Heap Scan on sbtest4  (cost=5.48..409.51 rows=102 width=125)
	  Recheck Cond: ((k >= 4647253) AND (k <= 4647353))
	  ->  Bitmap Index Scan on k_4  (cost=0.00..5.45 rows=102 width=0)
	        Index Cond: ((k >= 4647253) AND (k <= 4647353))

table 5 : explain SELECT k, c FROM sbtest5 WHERE k BETWEEN 4647253 AND 4647353
	Bitmap Heap Scan on sbtest5  (cost=5.46..401.78 rows=100 width=125)
	  Recheck Cond: ((k >= 4647253) AND (k <= 4647353))
	  ->  Bitmap Index Scan on k_5  (cost=0.00..5.43 rows=100 width=0)
	        Index Cond: ((k >= 4647253) AND (k <= 4647353))

table 6 : explain SELECT k, c FROM sbtest6 WHERE k BETWEEN 4647253 AND 4647353
	Bitmap Heap Scan on sbtest6  (cost=5.55..437.19 rows=109 width=125)
	  Recheck Cond: ((k >= 4647253) AND (k <= 4647353))
	  ->  Bitmap Index Scan on k_6  (cost=0.00..5.52 rows=109 width=0)
	        Index Cond: ((k >= 4647253) AND (k <= 4647353))

table 7 : explain SELECT k, c FROM sbtest7 WHERE k BETWEEN 4647253 AND 4647353
	Bitmap Heap Scan on sbtest7  (cost=5.57..445.18 rows=111 width=125)
	  Recheck Cond: ((k >= 4647253) AND (k <= 4647353))
	  ->  Bitmap Index Scan on k_7  (cost=0.00..5.54 rows=111 width=0)
	        Index Cond: ((k >= 4647253) AND (k <= 4647353))

table 8 : explain SELECT k, c FROM sbtest8 WHERE k BETWEEN 4647253 AND 4647353
	Bitmap Heap Scan on sbtest8  (cost=5.52..425.37 rows=106 width=125)
	  Recheck Cond: ((k >= 4647253) AND (k <= 4647353))
	  ->  Bitmap Index Scan on k_8  (cost=0.00..5.50 rows=106 width=0)
	        Index Cond: ((k >= 4647253) AND (k <= 4647353))

explain: for range-notcovered :: explain SELECT k, c FROM sbtest%d WHERE k BETWEEN 3176169 AND 3176269
for range-notcovered
table 1 : explain SELECT k, c FROM sbtest1 WHERE k BETWEEN 5375673 AND 5375773
	Bitmap Heap Scan on sbtest1  (cost=5.40..377.89 rows=94 width=125)
	  Recheck Cond: ((k >= 5375673) AND (k <= 5375773))
	  ->  Bitmap Index Scan on k_1  (cost=0.00..5.38 rows=94 width=0)
	        Index Cond: ((k >= 5375673) AND (k <= 5375773))

table 2 : explain SELECT k, c FROM sbtest2 WHERE k BETWEEN 5375673 AND 5375773
	Bitmap Heap Scan on sbtest2  (cost=5.52..425.27 rows=106 width=125)
	  Recheck Cond: ((k >= 5375673) AND (k <= 5375773))
	  ->  Bitmap Index Scan on k_2  (cost=0.00..5.50 rows=106 width=0)
	        Index Cond: ((k >= 5375673) AND (k <= 5375773))

table 3 : explain SELECT k, c FROM sbtest3 WHERE k BETWEEN 5375673 AND 5375773
	Bitmap Heap Scan on sbtest3  (cost=5.43..389.79 rows=97 width=125)
	  Recheck Cond: ((k >= 5375673) AND (k <= 5375773))
	  ->  Bitmap Index Scan on k_3  (cost=0.00..5.40 rows=97 width=0)
	        Index Cond: ((k >= 5375673) AND (k <= 5375773))

table 4 : explain SELECT k, c FROM sbtest4 WHERE k BETWEEN 5375673 AND 5375773
	Bitmap Heap Scan on sbtest4  (cost=5.53..429.23 rows=107 width=125)
	  Recheck Cond: ((k >= 5375673) AND (k <= 5375773))
	  ->  Bitmap Index Scan on k_4  (cost=0.00..5.50 rows=107 width=0)
	        Index Cond: ((k >= 5375673) AND (k <= 5375773))

table 5 : explain SELECT k, c FROM sbtest5 WHERE k BETWEEN 5375673 AND 5375773
	Bitmap Heap Scan on sbtest5  (cost=5.38..370.18 rows=92 width=125)
	  Recheck Cond: ((k >= 5375673) AND (k <= 5375773))
	  ->  Bitmap Index Scan on k_5  (cost=0.00..5.35 rows=92 width=0)
	        Index Cond: ((k >= 5375673) AND (k <= 5375773))

table 6 : explain SELECT k, c FROM sbtest6 WHERE k BETWEEN 5375673 AND 5375773
	Bitmap Heap Scan on sbtest6  (cost=5.46..401.69 rows=100 width=125)
	  Recheck Cond: ((k >= 5375673) AND (k <= 5375773))
	  ->  Bitmap Index Scan on k_6  (cost=0.00..5.43 rows=100 width=0)
	        Index Cond: ((k >= 5375673) AND (k <= 5375773))

table 7 : explain SELECT k, c FROM sbtest7 WHERE k BETWEEN 5375673 AND 5375773
	Bitmap Heap Scan on sbtest7  (cost=5.54..433.35 rows=108 width=125)
	  Recheck Cond: ((k >= 5375673) AND (k <= 5375773))
	  ->  Bitmap Index Scan on k_7  (cost=0.00..5.51 rows=108 width=0)
	        Index Cond: ((k >= 5375673) AND (k <= 5375773))

table 8 : explain SELECT k, c FROM sbtest8 WHERE k BETWEEN 5375673 AND 5375773
	Bitmap Heap Scan on sbtest8  (cost=5.54..433.26 rows=108 width=125)
	  Recheck Cond: ((k >= 5375673) AND (k <= 5375773))
	  ->  Bitmap Index Scan on k_8  (cost=0.00..5.51 rows=108 width=0)
	        Index Cond: ((k >= 5375673) AND (k <= 5375773))

explain: for range-notcovered :: explain SELECT k, c FROM sbtest%d WHERE k BETWEEN 4647253 AND 4647353
explain: for range-notcovered :: explain SELECT k, c FROM sbtest%d WHERE k BETWEEN 5375673 AND 5375773
for range-notcovered
table 1 : explain SELECT k, c FROM sbtest1 WHERE k BETWEEN 3553595 AND 3553695
	Bitmap Heap Scan on sbtest1  (cost=5.49..413.39 rows=103 width=125)
	  Recheck Cond: ((k >= 3553595) AND (k <= 3553695))
	  ->  Bitmap Index Scan on k_1  (cost=0.00..5.46 rows=103 width=0)
	        Index Cond: ((k >= 3553595) AND (k <= 3553695))

table 2 : explain SELECT k, c FROM sbtest2 WHERE k BETWEEN 3553595 AND 3553695
	Bitmap Heap Scan on sbtest2  (cost=5.45..397.66 rows=99 width=125)
	  Recheck Cond: ((k >= 3553595) AND (k <= 3553695))
	  ->  Bitmap Index Scan on k_2  (cost=0.00..5.42 rows=99 width=0)
	        Index Cond: ((k >= 3553595) AND (k <= 3553695))

table 3 : explain SELECT k, c FROM sbtest3 WHERE k BETWEEN 3553595 AND 3553695
	Bitmap Heap Scan on sbtest3  (cost=5.55..437.12 rows=109 width=125)
	  Recheck Cond: ((k >= 3553595) AND (k <= 3553695))
	  ->  Bitmap Index Scan on k_3  (cost=0.00..5.52 rows=109 width=0)
	        Index Cond: ((k >= 3553595) AND (k <= 3553695))

table 4 : explain SELECT k, c FROM sbtest4 WHERE k BETWEEN 3553595 AND 3553695
	Bitmap Heap Scan on sbtest4  (cost=5.44..393.73 rows=98 width=125)
	  Recheck Cond: ((k >= 3553595) AND (k <= 3553695))
	  ->  Bitmap Index Scan on k_4  (cost=0.00..5.42 rows=98 width=0)
	        Index Cond: ((k >= 3553595) AND (k <= 3553695))

table 5 : explain SELECT k, c FROM sbtest5 WHERE k BETWEEN 3553595 AND 3553695
	Bitmap Heap Scan on sbtest5  (cost=5.46..401.78 rows=100 width=125)
	  Recheck Cond: ((k >= 3553595) AND (k <= 3553695))
	  ->  Bitmap Index Scan on k_5  (cost=0.00..5.43 rows=100 width=0)
	        Index Cond: ((k >= 3553595) AND (k <= 3553695))

table 6 : explain SELECT k, c FROM sbtest6 WHERE k BETWEEN 3553595 AND 3553695
	Bitmap Heap Scan on sbtest6  (cost=5.42..385.90 rows=96 width=125)
	  Recheck Cond: ((k >= 3553595) AND (k <= 3553695))
	  ->  Bitmap Index Scan on k_6  (cost=0.00..5.39 rows=96 width=0)
	        Index Cond: ((k >= 3553595) AND (k <= 3553695))

table 7 : explain SELECT k, c FROM sbtest7 WHERE k BETWEEN 3553595 AND 3553695
	Bitmap Heap Scan on sbtest7  (cost=5.48..409.67 rows=102 width=125)
	  Recheck Cond: ((k >= 3553595) AND (k <= 3553695))
	  ->  Bitmap Index Scan on k_7  (cost=0.00..5.45 rows=102 width=0)
	        Index Cond: ((k >= 3553595) AND (k <= 3553695))

table 8 : explain SELECT k, c FROM sbtest8 WHERE k BETWEEN 3553595 AND 3553695
	Bitmap Heap Scan on sbtest8  (cost=5.47..405.64 rows=101 width=125)
	  Recheck Cond: ((k >= 3553595) AND (k <= 3553695))
	  ->  Bitmap Index Scan on k_8  (cost=0.00..5.44 rows=101 width=0)
	        Index Cond: ((k >= 3553595) AND (k <= 3553695))

explain: for range-notcovered :: explain SELECT k, c FROM sbtest%d WHERE k BETWEEN 3553595 AND 3553695
for range-notcovered
table 1 : explain SELECT k, c FROM sbtest1 WHERE k BETWEEN 5118410 AND 5118510
	Bitmap Heap Scan on sbtest1  (cost=5.56..440.99 rows=110 width=125)
	  Recheck Cond: ((k >= 5118410) AND (k <= 5118510))
	  ->  Bitmap Index Scan on k_1  (cost=0.00..5.53 rows=110 width=0)
	        Index Cond: ((k >= 5118410) AND (k <= 5118510))

table 2 : explain SELECT k, c FROM sbtest2 WHERE k BETWEEN 5118410 AND 5118510
	Bitmap Heap Scan on sbtest2  (cost=5.46..401.61 rows=100 width=125)
	  Recheck Cond: ((k >= 5118410) AND (k <= 5118510))
	  ->  Bitmap Index Scan on k_2  (cost=0.00..5.43 rows=100 width=0)
	        Index Cond: ((k >= 5118410) AND (k <= 5118510))

table 3 : explain SELECT k, c FROM sbtest3 WHERE k BETWEEN 5118410 AND 5118510
	Bitmap Heap Scan on sbtest3  (cost=5.46..401.63 rows=100 width=125)
	  Recheck Cond: ((k >= 5118410) AND (k <= 5118510))
	  ->  Bitmap Index Scan on k_3  (cost=0.00..5.43 rows=100 width=0)
	        Index Cond: ((k >= 5118410) AND (k <= 5118510))

table 4 : explain SELECT k, c FROM sbtest4 WHERE k BETWEEN 5118410 AND 5118510
	Bitmap Heap Scan on sbtest4  (cost=5.50..417.40 rows=104 width=125)
	  Recheck Cond: ((k >= 5118410) AND (k <= 5118510))
	  ->  Bitmap Index Scan on k_4  (cost=0.00..5.47 rows=104 width=0)
	        Index Cond: ((k >= 5118410) AND (k <= 5118510))

table 5 : explain SELECT k, c FROM sbtest5 WHERE k BETWEEN 5118410 AND 5118510
	Bitmap Heap Scan on sbtest5  (cost=5.51..421.51 rows=105 width=125)
	  Recheck Cond: ((k >= 5118410) AND (k <= 5118510))
	  ->  Bitmap Index Scan on k_5  (cost=0.00..5.48 rows=105 width=0)
	        Index Cond: ((k >= 5118410) AND (k <= 5118510))

table 6 : explain SELECT k, c FROM sbtest6 WHERE k BETWEEN 5118410 AND 5118510
	Bitmap Heap Scan on sbtest6  (cost=5.47..405.63 rows=101 width=125)
	  Recheck Cond: ((k >= 5118410) AND (k <= 5118510))
	  ->  Bitmap Index Scan on k_6  (cost=0.00..5.44 rows=101 width=0)
	        Index Cond: ((k >= 5118410) AND (k <= 5118510))

table 7 : explain SELECT k, c FROM sbtest7 WHERE k BETWEEN 5118410 AND 5118510
	Bitmap Heap Scan on sbtest7  (cost=5.49..413.62 rows=103 width=125)
	  Recheck Cond: ((k >= 5118410) AND (k <= 5118510))
	  ->  Bitmap Index Scan on k_7  (cost=0.00..5.46 rows=103 width=0)
	        Index Cond: ((k >= 5118410) AND (k <= 5118510))

table 8 : explain SELECT k, c FROM sbtest8 WHERE k BETWEEN 5118410 AND 5118510
	Bitmap Heap Scan on sbtest8  (cost=5.52..425.37 rows=106 width=125)
	  Recheck Cond: ((k >= 5118410) AND (k <= 5118510))
	  ->  Bitmap Index Scan on k_8  (cost=0.00..5.50 rows=106 width=0)
	        Index Cond: ((k >= 5118410) AND (k <= 5118510))

for range-notcovered
table 1 : explain SELECT k, c FROM sbtest1 WHERE k BETWEEN 8239503 AND 8239603
	Bitmap Heap Scan on sbtest1  (cost=5.48..409.45 rows=102 width=125)
	  Recheck Cond: ((k >= 8239503) AND (k <= 8239603))
	  ->  Bitmap Index Scan on k_1  (cost=0.00..5.45 rows=102 width=0)
	        Index Cond: ((k >= 8239503) AND (k <= 8239603))

table 2 : explain SELECT k, c FROM sbtest2 WHERE k BETWEEN 8239503 AND 8239603
	Bitmap Heap Scan on sbtest2  (cost=5.41..381.88 rows=95 width=125)
	  Recheck Cond: ((k >= 8239503) AND (k <= 8239603))
	  ->  Bitmap Index Scan on k_2  (cost=0.00..5.38 rows=95 width=0)
	        Index Cond: ((k >= 8239503) AND (k <= 8239603))

table 3 : explain SELECT k, c FROM sbtest3 WHERE k BETWEEN 8239503 AND 8239603
	Bitmap Heap Scan on sbtest3  (cost=5.51..421.35 rows=105 width=125)
	  Recheck Cond: ((k >= 8239503) AND (k <= 8239603))
	  ->  Bitmap Index Scan on k_3  (cost=0.00..5.48 rows=105 width=0)
	        Index Cond: ((k >= 8239503) AND (k <= 8239603))

table 4 : explain SELECT k, c FROM sbtest4 WHERE k BETWEEN 8239503 AND 8239603
	Bitmap Heap Scan on sbtest4  (cost=5.53..429.23 rows=107 width=125)
	  Recheck Cond: ((k >= 8239503) AND (k <= 8239603))
	  ->  Bitmap Index Scan on k_4  (cost=0.00..5.50 rows=107 width=0)
	        Index Cond: ((k >= 8239503) AND (k <= 8239603))

table 5 : explain SELECT k, c FROM sbtest5 WHERE k BETWEEN 8239503 AND 8239603
	Bitmap Heap Scan on sbtest5  (cost=5.45..397.83 rows=99 width=125)
	  Recheck Cond: ((k >= 8239503) AND (k <= 8239603))
	  ->  Bitmap Index Scan on k_5  (cost=0.00..5.42 rows=99 width=0)
	        Index Cond: ((k >= 8239503) AND (k <= 8239603))

table 6 : explain SELECT k, c FROM sbtest6 WHERE k BETWEEN 8239503 AND 8239603
	Bitmap Heap Scan on sbtest6  (cost=5.49..413.52 rows=103 width=125)
	  Recheck Cond: ((k >= 8239503) AND (k <= 8239603))
	  ->  Bitmap Index Scan on k_6  (cost=0.00..5.46 rows=103 width=0)
	        Index Cond: ((k >= 8239503) AND (k <= 8239603))

table 7 : explain SELECT k, c FROM sbtest7 WHERE k BETWEEN 8239503 AND 8239603
	Bitmap Heap Scan on sbtest7  (cost=5.42..385.98 rows=96 width=125)
	  Recheck Cond: ((k >= 8239503) AND (k <= 8239603))
	  ->  Bitmap Index Scan on k_7  (cost=0.00..5.39 rows=96 width=0)
	        Index Cond: ((k >= 8239503) AND (k <= 8239603))

table 8 : explain SELECT k, c FROM sbtest8 WHERE k BETWEEN 8239503 AND 8239603
	Bitmap Heap Scan on sbtest8  (cost=5.51..421.42 rows=105 width=125)
	  Recheck Cond: ((k >= 8239503) AND (k <= 8239603))
	  ->  Bitmap Index Scan on k_8  (cost=0.00..5.48 rows=105 width=0)
	        Index Cond: ((k >= 8239503) AND (k <= 8239603))

for range-notcovered
table 1 : explain SELECT k, c FROM sbtest1 WHERE k BETWEEN 2383423 AND 2383523
	Bitmap Heap Scan on sbtest1  (cost=5.47..405.51 rows=101 width=125)
	  Recheck Cond: ((k >= 2383423) AND (k <= 2383523))
	  ->  Bitmap Index Scan on k_1  (cost=0.00..5.44 rows=101 width=0)
	        Index Cond: ((k >= 2383423) AND (k <= 2383523))

table 2 : explain SELECT k, c FROM sbtest2 WHERE k BETWEEN 2383423 AND 2383523
	Bitmap Heap Scan on sbtest2  (cost=5.48..409.50 rows=102 width=125)
	  Recheck Cond: ((k >= 2383423) AND (k <= 2383523))
	  ->  Bitmap Index Scan on k_2  (cost=0.00..5.45 rows=102 width=0)
	        Index Cond: ((k >= 2383423) AND (k <= 2383523))

table 3 : explain SELECT k, c FROM sbtest3 WHERE k BETWEEN 2383423 AND 2383523
	Bitmap Heap Scan on sbtest3  (cost=5.53..429.23 rows=107 width=125)
	  Recheck Cond: ((k >= 2383423) AND (k <= 2383523))
	  ->  Bitmap Index Scan on k_3  (cost=0.00..5.50 rows=107 width=0)
	        Index Cond: ((k >= 2383423) AND (k <= 2383523))

table 4 : explain SELECT k, c FROM sbtest4 WHERE k BETWEEN 2383423 AND 2383523
	Bitmap Heap Scan on sbtest4  (cost=5.44..393.73 rows=98 width=125)
	  Recheck Cond: ((k >= 2383423) AND (k <= 2383523))
	  ->  Bitmap Index Scan on k_4  (cost=0.00..5.42 rows=98 width=0)
	        Index Cond: ((k >= 2383423) AND (k <= 2383523))

table 5 : explain SELECT k, c FROM sbtest5 WHERE k BETWEEN 2383423 AND 2383523
	Bitmap Heap Scan on sbtest5  (cost=5.38..370.18 rows=92 width=125)
	  Recheck Cond: ((k >= 2383423) AND (k <= 2383523))
	  ->  Bitmap Index Scan on k_5  (cost=0.00..5.35 rows=92 width=0)
	        Index Cond: ((k >= 2383423) AND (k <= 2383523))

table 6 : explain SELECT k, c FROM sbtest6 WHERE k BETWEEN 2383423 AND 2383523
	Bitmap Heap Scan on sbtest6  (cost=5.43..389.85 rows=97 width=125)
	  Recheck Cond: ((k >= 2383423) AND (k <= 2383523))
	  ->  Bitmap Index Scan on k_6  (cost=0.00..5.40 rows=97 width=0)
	        Index Cond: ((k >= 2383423) AND (k <= 2383523))

table 7 : explain SELECT k, c FROM sbtest7 WHERE k BETWEEN 2383423 AND 2383523
	Bitmap Heap Scan on sbtest7  (cost=5.49..413.62 rows=103 width=125)
	  Recheck Cond: ((k >= 2383423) AND (k <= 2383523))
	  ->  Bitmap Index Scan on k_7  (cost=0.00..5.46 rows=103 width=0)
	        Index Cond: ((k >= 2383423) AND (k <= 2383523))

table 8 : explain SELECT k, c FROM sbtest8 WHERE k BETWEEN 2383423 AND 2383523
	Bitmap Heap Scan on sbtest8  (cost=5.46..401.70 rows=100 width=125)
	  Recheck Cond: ((k >= 2383423) AND (k <= 2383523))
	  ->  Bitmap Index Scan on k_8  (cost=0.00..5.43 rows=100 width=0)
	        Index Cond: ((k >= 2383423) AND (k <= 2383523))

explain: for range-notcovered :: explain SELECT k, c FROM sbtest%d WHERE k BETWEEN 8239503 AND 8239603
for range-notcovered
table 1 : explain SELECT k, c FROM sbtest1 WHERE k BETWEEN 6675946 AND 6676046
	Bitmap Heap Scan on sbtest1  (cost=5.48..409.45 rows=102 width=125)
	  Recheck Cond: ((k >= 6675946) AND (k <= 6676046))
	  ->  Bitmap Index Scan on k_1  (cost=0.00..5.45 rows=102 width=0)
	        Index Cond: ((k >= 6675946) AND (k <= 6676046))

table 2 : explain SELECT k, c FROM sbtest2 WHERE k BETWEEN 6675946 AND 6676046
	Bitmap Heap Scan on sbtest2  (cost=5.45..397.66 rows=99 width=125)
	  Recheck Cond: ((k >= 6675946) AND (k <= 6676046))
	  ->  Bitmap Index Scan on k_2  (cost=0.00..5.42 rows=99 width=0)
	        Index Cond: ((k >= 6675946) AND (k <= 6676046))

table 3 : explain SELECT k, c FROM sbtest3 WHERE k BETWEEN 6675946 AND 6676046
	Bitmap Heap Scan on sbtest3  (cost=5.48..409.52 rows=102 width=125)
	  Recheck Cond: ((k >= 6675946) AND (k <= 6676046))
	  ->  Bitmap Index Scan on k_3  (cost=0.00..5.45 rows=102 width=0)
	        Index Cond: ((k >= 6675946) AND (k <= 6676046))

table 4 : explain SELECT k, c FROM sbtest4 WHERE k BETWEEN 6675946 AND 6676046
	Bitmap Heap Scan on sbtest4  (cost=5.44..393.73 rows=98 width=125)
	  Recheck Cond: ((k >= 6675946) AND (k <= 6676046))
	  ->  Bitmap Index Scan on k_4  (cost=0.00..5.42 rows=98 width=0)
	        Index Cond: ((k >= 6675946) AND (k <= 6676046))

table 5 : explain SELECT k, c FROM sbtest5 WHERE k BETWEEN 6675946 AND 6676046
	Bitmap Heap Scan on sbtest5  (cost=5.43..389.93 rows=97 width=125)
	  Recheck Cond: ((k >= 6675946) AND (k <= 6676046))
	  ->  Bitmap Index Scan on k_5  (cost=0.00..5.40 rows=97 width=0)
	        Index Cond: ((k >= 6675946) AND (k <= 6676046))

table 6 : explain SELECT k, c FROM sbtest6 WHERE k BETWEEN 6675946 AND 6676046
	Bitmap Heap Scan on sbtest6  (cost=5.52..425.36 rows=106 width=125)
	  Recheck Cond: ((k >= 6675946) AND (k <= 6676046))
	  ->  Bitmap Index Scan on k_6  (cost=0.00..5.50 rows=106 width=0)
	        Index Cond: ((k >= 6675946) AND (k <= 6676046))

table 7 : explain SELECT k, c FROM sbtest7 WHERE k BETWEEN 6675946 AND 6676046
	Bitmap Heap Scan on sbtest7  (cost=5.53..429.40 rows=107 width=125)
	  Recheck Cond: ((k >= 6675946) AND (k <= 6676046))
	  ->  Bitmap Index Scan on k_7  (cost=0.00..5.50 rows=107 width=0)
	        Index Cond: ((k >= 6675946) AND (k <= 6676046))

table 8 : explain SELECT k, c FROM sbtest8 WHERE k BETWEEN 6675946 AND 6676046
	Bitmap Heap Scan on sbtest8  (cost=5.46..401.70 rows=100 width=125)
	  Recheck Cond: ((k >= 6675946) AND (k <= 6676046))
	  ->  Bitmap Index Scan on k_8  (cost=0.00..5.43 rows=100 width=0)
	        Index Cond: ((k >= 6675946) AND (k <= 6676046))

explain: for range-notcovered :: explain SELECT k, c FROM sbtest%d WHERE k BETWEEN 4784034 AND 4784134
explain: for range-notcovered :: explain SELECT k, c FROM sbtest%d WHERE k BETWEEN 2383423 AND 2383523
explain: for range-notcovered :: explain SELECT k, c FROM sbtest%d WHERE k BETWEEN 6675946 AND 6676046
for range-notcovered
table 1 : explain SELECT k, c FROM sbtest1 WHERE k BETWEEN 6623764 AND 6623864
	Bitmap Heap Scan on sbtest1  (cost=5.58..448.87 rows=112 width=125)
	  Recheck Cond: ((k >= 6623764) AND (k <= 6623864))
	  ->  Bitmap Index Scan on k_1  (cost=0.00..5.55 rows=112 width=0)
	        Index Cond: ((k >= 6623764) AND (k <= 6623864))

table 2 : explain SELECT k, c FROM sbtest2 WHERE k BETWEEN 6623764 AND 6623864
	Bitmap Heap Scan on sbtest2  (cost=5.45..397.66 rows=99 width=125)
	  Recheck Cond: ((k >= 6623764) AND (k <= 6623864))
	  ->  Bitmap Index Scan on k_2  (cost=0.00..5.42 rows=99 width=0)
	        Index Cond: ((k >= 6623764) AND (k <= 6623864))

table 3 : explain SELECT k, c FROM sbtest3 WHERE k BETWEEN 6623764 AND 6623864
	Bitmap Heap Scan on sbtest3  (cost=5.48..409.52 rows=102 width=125)
	  Recheck Cond: ((k >= 6623764) AND (k <= 6623864))
	  ->  Bitmap Index Scan on k_3  (cost=0.00..5.45 rows=102 width=0)
	        Index Cond: ((k >= 6623764) AND (k <= 6623864))

table 4 : explain SELECT k, c FROM sbtest4 WHERE k BETWEEN 6623764 AND 6623864
	Bitmap Heap Scan on sbtest4  (cost=5.46..401.62 rows=100 width=125)
	  Recheck Cond: ((k >= 6623764) AND (k <= 6623864))
	  ->  Bitmap Index Scan on k_4  (cost=0.00..5.43 rows=100 width=0)
	        Index Cond: ((k >= 6623764) AND (k <= 6623864))

table 5 : explain SELECT k, c FROM sbtest5 WHERE k BETWEEN 6623764 AND 6623864
	Bitmap Heap Scan on sbtest5  (cost=5.43..389.93 rows=97 width=125)
	  Recheck Cond: ((k >= 6623764) AND (k <= 6623864))
	  ->  Bitmap Index Scan on k_5  (cost=0.00..5.40 rows=97 width=0)
	        Index Cond: ((k >= 6623764) AND (k <= 6623864))

table 6 : explain SELECT k, c FROM sbtest6 WHERE k BETWEEN 6623764 AND 6623864
	Bitmap Heap Scan on sbtest6  (cost=5.52..425.36 rows=106 width=125)
	  Recheck Cond: ((k >= 6623764) AND (k <= 6623864))
	  ->  Bitmap Index Scan on k_6  (cost=0.00..5.50 rows=106 width=0)
	        Index Cond: ((k >= 6623764) AND (k <= 6623864))

table 7 : explain SELECT k, c FROM sbtest7 WHERE k BETWEEN 6623764 AND 6623864
	Bitmap Heap Scan on sbtest7  (cost=5.47..405.73 rows=101 width=125)
	  Recheck Cond: ((k >= 6623764) AND (k <= 6623864))
	  ->  Bitmap Index Scan on k_7  (cost=0.00..5.44 rows=101 width=0)
	        Index Cond: ((k >= 6623764) AND (k <= 6623864))

table 8 : explain SELECT k, c FROM sbtest8 WHERE k BETWEEN 6623764 AND 6623864
	Bitmap Heap Scan on sbtest8  (cost=5.49..413.54 rows=103 width=125)
	  Recheck Cond: ((k >= 6623764) AND (k <= 6623864))
	  ->  Bitmap Index Scan on k_8  (cost=0.00..5.46 rows=103 width=0)
	        Index Cond: ((k >= 6623764) AND (k <= 6623864))

for range-notcovered
table 1 : explain SELECT k, c FROM sbtest1 WHERE k BETWEEN 2839463 AND 2839563
	Bitmap Heap Scan on sbtest1  (cost=5.48..409.45 rows=102 width=125)
	  Recheck Cond: ((k >= 2839463) AND (k <= 2839563))
	  ->  Bitmap Index Scan on k_1  (cost=0.00..5.45 rows=102 width=0)
	        Index Cond: ((k >= 2839463) AND (k <= 2839563))

table 2 : explain SELECT k, c FROM sbtest2 WHERE k BETWEEN 2839463 AND 2839563
	Bitmap Heap Scan on sbtest2  (cost=5.47..405.55 rows=101 width=125)
	  Recheck Cond: ((k >= 2839463) AND (k <= 2839563))
	  ->  Bitmap Index Scan on k_2  (cost=0.00..5.44 rows=101 width=0)
	        Index Cond: ((k >= 2839463) AND (k <= 2839563))

table 3 : explain SELECT k, c FROM sbtest3 WHERE k BETWEEN 2839463 AND 2839563
	Bitmap Heap Scan on sbtest3  (cost=5.47..405.57 rows=101 width=125)
	  Recheck Cond: ((k >= 2839463) AND (k <= 2839563))
	  ->  Bitmap Index Scan on k_3  (cost=0.00..5.44 rows=101 width=0)
	        Index Cond: ((k >= 2839463) AND (k <= 2839563))

table 4 : explain SELECT k, c FROM sbtest4 WHERE k BETWEEN 2839463 AND 2839563
	Bitmap Heap Scan on sbtest4  (cost=5.59..452.88 rows=113 width=125)
	  Recheck Cond: ((k >= 2839463) AND (k <= 2839563))
	  ->  Bitmap Index Scan on k_4  (cost=0.00..5.56 rows=113 width=0)
	        Index Cond: ((k >= 2839463) AND (k <= 2839563))

table 5 : explain SELECT k, c FROM sbtest5 WHERE k BETWEEN 2839463 AND 2839563
	Bitmap Heap Scan on sbtest5  (cost=5.49..413.62 rows=103 width=125)
	  Recheck Cond: ((k >= 2839463) AND (k <= 2839563))
	  ->  Bitmap Index Scan on k_5  (cost=0.00..5.46 rows=103 width=0)
	        Index Cond: ((k >= 2839463) AND (k <= 2839563))

table 6 : explain SELECT k, c FROM sbtest6 WHERE k BETWEEN 2839463 AND 2839563
	Bitmap Heap Scan on sbtest6  (cost=5.53..429.30 rows=107 width=125)
	  Recheck Cond: ((k >= 2839463) AND (k <= 2839563))
	  ->  Bitmap Index Scan on k_6  (cost=0.00..5.50 rows=107 width=0)
	        Index Cond: ((k >= 2839463) AND (k <= 2839563))

table 7 : explain SELECT k, c FROM sbtest7 WHERE k BETWEEN 2839463 AND 2839563
	Bitmap Heap Scan on sbtest7  (cost=5.42..385.98 rows=96 width=125)
	  Recheck Cond: ((k >= 2839463) AND (k <= 2839563))
	  ->  Bitmap Index Scan on k_7  (cost=0.00..5.39 rows=96 width=0)
	        Index Cond: ((k >= 2839463) AND (k <= 2839563))

table 8 : explain SELECT k, c FROM sbtest8 WHERE k BETWEEN 2839463 AND 2839563
	Bitmap Heap Scan on sbtest8  (cost=5.47..405.64 rows=101 width=125)
	  Recheck Cond: ((k >= 2839463) AND (k <= 2839563))
	  ->  Bitmap Index Scan on k_8  (cost=0.00..5.44 rows=101 width=0)
	        Index Cond: ((k >= 2839463) AND (k <= 2839563))

explain: for range-notcovered :: explain SELECT k, c FROM sbtest%d WHERE k BETWEEN 6623764 AND 6623864
for range-notcovered
table 1 : explain SELECT k, c FROM sbtest1 WHERE k BETWEEN 8273721 AND 8273821
	Bitmap Heap Scan on sbtest1  (cost=5.43..389.73 rows=97 width=125)
	  Recheck Cond: ((k >= 8273721) AND (k <= 8273821))
	  ->  Bitmap Index Scan on k_1  (cost=0.00..5.40 rows=97 width=0)
	        Index Cond: ((k >= 8273721) AND (k <= 8273821))

table 2 : explain SELECT k, c FROM sbtest2 WHERE k BETWEEN 8273721 AND 8273821
	Bitmap Heap Scan on sbtest2  (cost=5.41..381.88 rows=95 width=125)
	  Recheck Cond: ((k >= 8273721) AND (k <= 8273821))
	  ->  Bitmap Index Scan on k_2  (cost=0.00..5.38 rows=95 width=0)
	        Index Cond: ((k >= 8273721) AND (k <= 8273821))

table 3 : explain SELECT k, c FROM sbtest3 WHERE k BETWEEN 8273721 AND 8273821
	Bitmap Heap Scan on sbtest3  (cost=5.51..421.35 rows=105 width=125)
	  Recheck Cond: ((k >= 8273721) AND (k <= 8273821))
	  ->  Bitmap Index Scan on k_3  (cost=0.00..5.48 rows=105 width=0)
	        Index Cond: ((k >= 8273721) AND (k <= 8273821))

table 4 : explain SELECT k, c FROM sbtest4 WHERE k BETWEEN 8273721 AND 8273821
	Bitmap Heap Scan on sbtest4  (cost=5.53..429.23 rows=107 width=125)
	  Recheck Cond: ((k >= 8273721) AND (k <= 8273821))
	  ->  Bitmap Index Scan on k_4  (cost=0.00..5.50 rows=107 width=0)
	        Index Cond: ((k >= 8273721) AND (k <= 8273821))

table 5 : explain SELECT k, c FROM sbtest5 WHERE k BETWEEN 8273721 AND 8273821
	Bitmap Heap Scan on sbtest5  (cost=5.45..397.83 rows=99 width=125)
	  Recheck Cond: ((k >= 8273721) AND (k <= 8273821))
	  ->  Bitmap Index Scan on k_5  (cost=0.00..5.42 rows=99 width=0)
	        Index Cond: ((k >= 8273721) AND (k <= 8273821))

table 6 : explain SELECT k, c FROM sbtest6 WHERE k BETWEEN 8273721 AND 8273821
	Bitmap Heap Scan on sbtest6  (cost=5.49..413.52 rows=103 width=125)
	  Recheck Cond: ((k >= 8273721) AND (k <= 8273821))
	  ->  Bitmap Index Scan on k_6  (cost=0.00..5.46 rows=103 width=0)
	        Index Cond: ((k >= 8273721) AND (k <= 8273821))

table 7 : explain SELECT k, c FROM sbtest7 WHERE k BETWEEN 8273721 AND 8273821
	Bitmap Heap Scan on sbtest7  (cost=5.42..385.98 rows=96 width=125)
	  Recheck Cond: ((k >= 8273721) AND (k <= 8273821))
	  ->  Bitmap Index Scan on k_7  (cost=0.00..5.39 rows=96 width=0)
	        Index Cond: ((k >= 8273721) AND (k <= 8273821))

table 8 : explain SELECT k, c FROM sbtest8 WHERE k BETWEEN 8273721 AND 8273821
	Bitmap Heap Scan on sbtest8  (cost=5.51..421.42 rows=105 width=125)
	  Recheck Cond: ((k >= 8273721) AND (k <= 8273821))
	  ->  Bitmap Index Scan on k_8  (cost=0.00..5.48 rows=105 width=0)
	        Index Cond: ((k >= 8273721) AND (k <= 8273821))

for range-notcovered
table 1 : explain SELECT k, c FROM sbtest1 WHERE k BETWEEN 3209331 AND 3209431
	Bitmap Heap Scan on sbtest1  (cost=5.54..433.10 rows=108 width=125)
	  Recheck Cond: ((k >= 3209331) AND (k <= 3209431))
	  ->  Bitmap Index Scan on k_1  (cost=0.00..5.51 rows=108 width=0)
	        Index Cond: ((k >= 3209331) AND (k <= 3209431))

table 2 : explain SELECT k, c FROM sbtest2 WHERE k BETWEEN 3209331 AND 3209431
	Bitmap Heap Scan on sbtest2  (cost=5.55..437.10 rows=109 width=125)
	  Recheck Cond: ((k >= 3209331) AND (k <= 3209431))
	  ->  Bitmap Index Scan on k_2  (cost=0.00..5.52 rows=109 width=0)
	        Index Cond: ((k >= 3209331) AND (k <= 3209431))

table 3 : explain SELECT k, c FROM sbtest3 WHERE k BETWEEN 3209331 AND 3209431
	Bitmap Heap Scan on sbtest3  (cost=5.52..425.29 rows=106 width=125)
	  Recheck Cond: ((k >= 3209331) AND (k <= 3209431))
	  ->  Bitmap Index Scan on k_3  (cost=0.00..5.50 rows=106 width=0)
	        Index Cond: ((k >= 3209331) AND (k <= 3209431))

table 4 : explain SELECT k, c FROM sbtest4 WHERE k BETWEEN 3209331 AND 3209431
	Bitmap Heap Scan on sbtest4  (cost=5.55..437.12 rows=109 width=125)
	  Recheck Cond: ((k >= 3209331) AND (k <= 3209431))
	  ->  Bitmap Index Scan on k_4  (cost=0.00..5.52 rows=109 width=0)
	        Index Cond: ((k >= 3209331) AND (k <= 3209431))

table 5 : explain SELECT k, c FROM sbtest5 WHERE k BETWEEN 3209331 AND 3209431
	Bitmap Heap Scan on sbtest5  (cost=5.57..445.18 rows=111 width=125)
	  Recheck Cond: ((k >= 3209331) AND (k <= 3209431))
	  ->  Bitmap Index Scan on k_5  (cost=0.00..5.54 rows=111 width=0)
	        Index Cond: ((k >= 3209331) AND (k <= 3209431))

table 6 : explain SELECT k, c FROM sbtest6 WHERE k BETWEEN 3209331 AND 3209431
	Bitmap Heap Scan on sbtest6  (cost=5.46..401.69 rows=100 width=125)
	  Recheck Cond: ((k >= 3209331) AND (k <= 3209431))
	  ->  Bitmap Index Scan on k_6  (cost=0.00..5.43 rows=100 width=0)
	        Index Cond: ((k >= 3209331) AND (k <= 3209431))

table 7 : explain SELECT k, c FROM sbtest7 WHERE k BETWEEN 3209331 AND 3209431
	Bitmap Heap Scan on sbtest7  (cost=5.38..370.19 rows=92 width=125)
	  Recheck Cond: ((k >= 3209331) AND (k <= 3209431))
	  ->  Bitmap Index Scan on k_7  (cost=0.00..5.35 rows=92 width=0)
	        Index Cond: ((k >= 3209331) AND (k <= 3209431))

table 8 : explain SELECT k, c FROM sbtest8 WHERE k BETWEEN 3209331 AND 3209431
	Bitmap Heap Scan on sbtest8  (cost=5.48..409.59 rows=102 width=125)
	  Recheck Cond: ((k >= 3209331) AND (k <= 3209431))
	  ->  Bitmap Index Scan on k_8  (cost=0.00..5.45 rows=102 width=0)
	        Index Cond: ((k >= 3209331) AND (k <= 3209431))

for range-notcovered
table 1 : explain SELECT k, c FROM sbtest1 WHERE k BETWEEN 7705401 AND 7705501
	Bitmap Heap Scan on sbtest1  (cost=5.45..397.62 rows=99 width=125)
	  Recheck Cond: ((k >= 7705401) AND (k <= 7705501))
	  ->  Bitmap Index Scan on k_1  (cost=0.00..5.42 rows=99 width=0)
	        Index Cond: ((k >= 7705401) AND (k <= 7705501))

table 2 : explain SELECT k, c FROM sbtest2 WHERE k BETWEEN 7705401 AND 7705501
	Bitmap Heap Scan on sbtest2  (cost=5.39..373.98 rows=93 width=125)
	  Recheck Cond: ((k >= 7705401) AND (k <= 7705501))
	  ->  Bitmap Index Scan on k_2  (cost=0.00..5.36 rows=93 width=0)
	        Index Cond: ((k >= 7705401) AND (k <= 7705501))

table 3 : explain SELECT k, c FROM sbtest3 WHERE k BETWEEN 7705401 AND 7705501
	Bitmap Heap Scan on sbtest3  (cost=5.46..401.63 rows=100 width=125)
	  Recheck Cond: ((k >= 7705401) AND (k <= 7705501))
	  ->  Bitmap Index Scan on k_3  (cost=0.00..5.43 rows=100 width=0)
	        Index Cond: ((k >= 7705401) AND (k <= 7705501))

table 4 : explain SELECT k, c FROM sbtest4 WHERE k BETWEEN 7705401 AND 7705501
	Bitmap Heap Scan on sbtest4  (cost=5.49..413.46 rows=103 width=125)
	  Recheck Cond: ((k >= 7705401) AND (k <= 7705501))
	  ->  Bitmap Index Scan on k_4  (cost=0.00..5.46 rows=103 width=0)
	        Index Cond: ((k >= 7705401) AND (k <= 7705501))

table 5 : explain SELECT k, c FROM sbtest5 WHERE k BETWEEN 7705401 AND 7705501
	Bitmap Heap Scan on sbtest5  (cost=5.41..382.03 rows=95 width=125)
	  Recheck Cond: ((k >= 7705401) AND (k <= 7705501))
	  ->  Bitmap Index Scan on k_5  (cost=0.00..5.38 rows=95 width=0)
	        Index Cond: ((k >= 7705401) AND (k <= 7705501))

table 6 : explain SELECT k, c FROM sbtest6 WHERE k BETWEEN 7705401 AND 7705501
	Bitmap Heap Scan on sbtest6  (cost=5.49..413.52 rows=103 width=125)
	  Recheck Cond: ((k >= 7705401) AND (k <= 7705501))
	  ->  Bitmap Index Scan on k_6  (cost=0.00..5.46 rows=103 width=0)
	        Index Cond: ((k >= 7705401) AND (k <= 7705501))

table 7 : explain SELECT k, c FROM sbtest7 WHERE k BETWEEN 7705401 AND 7705501
	Bitmap Heap Scan on sbtest7  (cost=5.51..421.51 rows=105 width=125)
	  Recheck Cond: ((k >= 7705401) AND (k <= 7705501))
	  ->  Bitmap Index Scan on k_7  (cost=0.00..5.48 rows=105 width=0)
	        Index Cond: ((k >= 7705401) AND (k <= 7705501))

table 8 : explain SELECT k, c FROM sbtest8 WHERE k BETWEEN 7705401 AND 7705501
	Bitmap Heap Scan on sbtest8  (cost=5.48..409.59 rows=102 width=125)
	  Recheck Cond: ((k >= 7705401) AND (k <= 7705501))
	  ->  Bitmap Index Scan on k_8  (cost=0.00..5.45 rows=102 width=0)
	        Index Cond: ((k >= 7705401) AND (k <= 7705501))

explain: for range-notcovered :: explain SELECT k, c FROM sbtest%d WHERE k BETWEEN 8273721 AND 8273821
for range-notcovered
table 1 : explain SELECT k, c FROM sbtest1 WHERE k BETWEEN 643681 AND 643781
	Bitmap Heap Scan on sbtest1  (cost=5.43..389.73 rows=97 width=125)
	  Recheck Cond: ((k >= 643681) AND (k <= 643781))
	  ->  Bitmap Index Scan on k_1  (cost=0.00..5.40 rows=97 width=0)
	        Index Cond: ((k >= 643681) AND (k <= 643781))

table 2 : explain SELECT k, c FROM sbtest2 WHERE k BETWEEN 643681 AND 643781
	Bitmap Heap Scan on sbtest2  (cost=5.47..405.55 rows=101 width=125)
	  Recheck Cond: ((k >= 643681) AND (k <= 643781))
	  ->  Bitmap Index Scan on k_2  (cost=0.00..5.44 rows=101 width=0)
	        Index Cond: ((k >= 643681) AND (k <= 643781))

table 3 : explain SELECT k, c FROM sbtest3 WHERE k BETWEEN 643681 AND 643781
	Bitmap Heap Scan on sbtest3  (cost=5.45..397.68 rows=99 width=125)
	  Recheck Cond: ((k >= 643681) AND (k <= 643781))
	  ->  Bitmap Index Scan on k_3  (cost=0.00..5.42 rows=99 width=0)
	        Index Cond: ((k >= 643681) AND (k <= 643781))

table 4 : explain SELECT k, c FROM sbtest4 WHERE k BETWEEN 643681 AND 643781
	Bitmap Heap Scan on sbtest4  (cost=5.51..421.35 rows=105 width=125)
	  Recheck Cond: ((k >= 643681) AND (k <= 643781))
	  ->  Bitmap Index Scan on k_4  (cost=0.00..5.48 rows=105 width=0)
	        Index Cond: ((k >= 643681) AND (k <= 643781))

table 5 : explain SELECT k, c FROM sbtest5 WHERE k BETWEEN 643681 AND 643781
	Bitmap Heap Scan on sbtest5  (cost=5.44..393.88 rows=98 width=125)
	  Recheck Cond: ((k >= 643681) AND (k <= 643781))
	  ->  Bitmap Index Scan on k_5  (cost=0.00..5.42 rows=98 width=0)
	        Index Cond: ((k >= 643681) AND (k <= 643781))

table 6 : explain SELECT k, c FROM sbtest6 WHERE k BETWEEN 643681 AND 643781
	Bitmap Heap Scan on sbtest6  (cost=5.56..441.13 rows=110 width=125)
	  Recheck Cond: ((k >= 643681) AND (k <= 643781))
	  ->  Bitmap Index Scan on k_6  (cost=0.00..5.53 rows=110 width=0)
	        Index Cond: ((k >= 643681) AND (k <= 643781))

table 7 : explain SELECT k, c FROM sbtest7 WHERE k BETWEEN 643681 AND 643781
	Bitmap Heap Scan on sbtest7  (cost=5.49..413.62 rows=103 width=125)
	  Recheck Cond: ((k >= 643681) AND (k <= 643781))
	  ->  Bitmap Index Scan on k_7  (cost=0.00..5.46 rows=103 width=0)
	        Index Cond: ((k >= 643681) AND (k <= 643781))

table 8 : explain SELECT k, c FROM sbtest8 WHERE k BETWEEN 643681 AND 643781
	Bitmap Heap Scan on sbtest8  (cost=5.47..405.64 rows=101 width=125)
	  Recheck Cond: ((k >= 643681) AND (k <= 643781))
	  ->  Bitmap Index Scan on k_8  (cost=0.00..5.44 rows=101 width=0)
	        Index Cond: ((k >= 643681) AND (k <= 643781))

explain: for range-notcovered :: explain SELECT k, c FROM sbtest%d WHERE k BETWEEN 7705401 AND 7705501
for range-notcovered
table 1 : explain SELECT k, c FROM sbtest1 WHERE k BETWEEN 8385802 AND 8385902
	Bitmap Heap Scan on sbtest1  (cost=5.49..413.39 rows=103 width=125)
	  Recheck Cond: ((k >= 8385802) AND (k <= 8385902))
	  ->  Bitmap Index Scan on k_1  (cost=0.00..5.46 rows=103 width=0)
	        Index Cond: ((k >= 8385802) AND (k <= 8385902))

table 2 : explain SELECT k, c FROM sbtest2 WHERE k BETWEEN 8385802 AND 8385902
	Bitmap Heap Scan on sbtest2  (cost=5.44..393.72 rows=98 width=125)
	  Recheck Cond: ((k >= 8385802) AND (k <= 8385902))
	  ->  Bitmap Index Scan on k_2  (cost=0.00..5.42 rows=98 width=0)
	        Index Cond: ((k >= 8385802) AND (k <= 8385902))

table 3 : explain SELECT k, c FROM sbtest3 WHERE k BETWEEN 8385802 AND 8385902
	Bitmap Heap Scan on sbtest3  (cost=5.43..389.79 rows=97 width=125)
	  Recheck Cond: ((k >= 8385802) AND (k <= 8385902))
	  ->  Bitmap Index Scan on k_3  (cost=0.00..5.40 rows=97 width=0)
	        Index Cond: ((k >= 8385802) AND (k <= 8385902))

table 4 : explain SELECT k, c FROM sbtest4 WHERE k BETWEEN 8385802 AND 8385902
	Bitmap Heap Scan on sbtest4  (cost=5.47..405.57 rows=101 width=125)
	  Recheck Cond: ((k >= 8385802) AND (k <= 8385902))
	  ->  Bitmap Index Scan on k_4  (cost=0.00..5.44 rows=101 width=0)
	        Index Cond: ((k >= 8385802) AND (k <= 8385902))

table 5 : explain SELECT k, c FROM sbtest5 WHERE k BETWEEN 8385802 AND 8385902
	Bitmap Heap Scan on sbtest5  (cost=5.53..429.40 rows=107 width=125)
	  Recheck Cond: ((k >= 8385802) AND (k <= 8385902))
	  ->  Bitmap Index Scan on k_5  (cost=0.00..5.50 rows=107 width=0)
	        Index Cond: ((k >= 8385802) AND (k <= 8385902))

table 6 : explain SELECT k, c FROM sbtest6 WHERE k BETWEEN 8385802 AND 8385902
	Bitmap Heap Scan on sbtest6  (cost=5.39..374.05 rows=93 width=125)
	  Recheck Cond: ((k >= 8385802) AND (k <= 8385902))
	  ->  Bitmap Index Scan on k_6  (cost=0.00..5.36 rows=93 width=0)
	        Index Cond: ((k >= 8385802) AND (k <= 8385902))

table 7 : explain SELECT k, c FROM sbtest7 WHERE k BETWEEN 8385802 AND 8385902
	Bitmap Heap Scan on sbtest7  (cost=5.60..457.01 rows=114 width=125)
	  Recheck Cond: ((k >= 8385802) AND (k <= 8385902))
	  ->  Bitmap Index Scan on k_7  (cost=0.00..5.58 rows=114 width=0)
	        Index Cond: ((k >= 8385802) AND (k <= 8385902))

table 8 : explain SELECT k, c FROM sbtest8 WHERE k BETWEEN 8385802 AND 8385902
	Bitmap Heap Scan on sbtest8  (cost=5.47..405.64 rows=101 width=125)
	  Recheck Cond: ((k >= 8385802) AND (k <= 8385902))
	  ->  Bitmap Index Scan on k_8  (cost=0.00..5.44 rows=101 width=0)
	        Index Cond: ((k >= 8385802) AND (k <= 8385902))

explain: for range-notcovered :: explain SELECT k, c FROM sbtest%d WHERE k BETWEEN 3662354 AND 3662454
for range-notcovered
table 1 : explain SELECT k, c FROM sbtest1 WHERE k BETWEEN 4647253 AND 4647353
	Bitmap Heap Scan on sbtest1  (cost=5.49..413.39 rows=103 width=125)
	  Recheck Cond: ((k >= 4647253) AND (k <= 4647353))
	  ->  Bitmap Index Scan on k_1  (cost=0.00..5.46 rows=103 width=0)
	        Index Cond: ((k >= 4647253) AND (k <= 4647353))

table 2 : explain SELECT k, c FROM sbtest2 WHERE k BETWEEN 4647253 AND 4647353
	Bitmap Heap Scan on sbtest2  (cost=5.51..421.33 rows=105 width=125)
	  Recheck Cond: ((k >= 4647253) AND (k <= 4647353))
	  ->  Bitmap Index Scan on k_2  (cost=0.00..5.48 rows=105 width=0)
	        Index Cond: ((k >= 4647253) AND (k <= 4647353))

table 3 : explain SELECT k, c FROM sbtest3 WHERE k BETWEEN 4647253 AND 4647353
	Bitmap Heap Scan on sbtest3  (cost=5.50..417.40 rows=104 width=125)
	  Recheck Cond: ((k >= 4647253) AND (k <= 4647353))
	  ->  Bitmap Index Scan on k_3  (cost=0.00..5.47 rows=104 width=0)
	        Index Cond: ((k >= 4647253) AND (k <= 4647353))

table 4 : explain SELECT k, c FROM sbtest4 WHERE k BETWEEN 4647253 AND 4647353
	Bitmap Heap Scan on sbtest4  (cost=5.48..409.51 rows=102 width=125)
	  Recheck Cond: ((k >= 4647253) AND (k <= 4647353))
	  ->  Bitmap Index Scan on k_4  (cost=0.00..5.45 rows=102 width=0)
	        Index Cond: ((k >= 4647253) AND (k <= 4647353))

table 5 : explain SELECT k, c FROM sbtest5 WHERE k BETWEEN 4647253 AND 4647353
	Bitmap Heap Scan on sbtest5  (cost=5.46..401.78 rows=100 width=125)
	  Recheck Cond: ((k >= 4647253) AND (k <= 4647353))
	  ->  Bitmap Index Scan on k_5  (cost=0.00..5.43 rows=100 width=0)
	        Index Cond: ((k >= 4647253) AND (k <= 4647353))

table 6 : explain SELECT k, c FROM sbtest6 WHERE k BETWEEN 4647253 AND 4647353
	Bitmap Heap Scan on sbtest6  (cost=5.55..437.19 rows=109 width=125)
	  Recheck Cond: ((k >= 4647253) AND (k <= 4647353))
	  ->  Bitmap Index Scan on k_6  (cost=0.00..5.52 rows=109 width=0)
	        Index Cond: ((k >= 4647253) AND (k <= 4647353))

table 7 : explain SELECT k, c FROM sbtest7 WHERE k BETWEEN 4647253 AND 4647353
	Bitmap Heap Scan on sbtest7  (cost=5.57..445.18 rows=111 width=125)
	  Recheck Cond: ((k >= 4647253) AND (k <= 4647353))
	  ->  Bitmap Index Scan on k_7  (cost=0.00..5.54 rows=111 width=0)
	        Index Cond: ((k >= 4647253) AND (k <= 4647353))

table 8 : explain SELECT k, c FROM sbtest8 WHERE k BETWEEN 4647253 AND 4647353
	Bitmap Heap Scan on sbtest8  (cost=5.52..425.37 rows=106 width=125)
	  Recheck Cond: ((k >= 4647253) AND (k <= 4647353))
	  ->  Bitmap Index Scan on k_8  (cost=0.00..5.50 rows=106 width=0)
	        Index Cond: ((k >= 4647253) AND (k <= 4647353))
explain: for range-notcovered :: explain SELECT k, c FROM sbtest%d WHERE k BETWEEN 643681 AND 643781

for range-notcovered
table 1 : explain SELECT k, c FROM sbtest1 WHERE k BETWEEN 3176169 AND 3176269
	Bitmap Heap Scan on sbtest1  (cost=5.57..444.93 rows=111 width=125)
	  Recheck Cond: ((k >= 3176169) AND (k <= 3176269))
	  ->  Bitmap Index Scan on k_1  (cost=0.00..5.54 rows=111 width=0)
	        Index Cond: ((k >= 3176169) AND (k <= 3176269))

table 2 : explain SELECT k, c FROM sbtest2 WHERE k BETWEEN 3176169 AND 3176269
	Bitmap Heap Scan on sbtest2  (cost=5.55..437.10 rows=109 width=125)
	  Recheck Cond: ((k >= 3176169) AND (k <= 3176269))
	  ->  Bitmap Index Scan on k_2  (cost=0.00..5.52 rows=109 width=0)
	        Index Cond: ((k >= 3176169) AND (k <= 3176269))

table 3 : explain SELECT k, c FROM sbtest3 WHERE k BETWEEN 3176169 AND 3176269
	Bitmap Heap Scan on sbtest3  (cost=5.52..425.29 rows=106 width=125)
	  Recheck Cond: ((k >= 3176169) AND (k <= 3176269))
	  ->  Bitmap Index Scan on k_3  (cost=0.00..5.50 rows=106 width=0)
	        Index Cond: ((k >= 3176169) AND (k <= 3176269))

table 4 : explain SELECT k, c FROM sbtest4 WHERE k BETWEEN 3176169 AND 3176269
	Bitmap Heap Scan on sbtest4  (cost=5.55..437.12 rows=109 width=125)
	  Recheck Cond: ((k >= 3176169) AND (k <= 3176269))
	  ->  Bitmap Index Scan on k_4  (cost=0.00..5.52 rows=109 width=0)
	        Index Cond: ((k >= 3176169) AND (k <= 3176269))

table 5 : explain SELECT k, c FROM sbtest5 WHERE k BETWEEN 3176169 AND 3176269
	Bitmap Heap Scan on sbtest5  (cost=5.51..421.51 rows=105 width=125)
	  Recheck Cond: ((k >= 3176169) AND (k <= 3176269))
	  ->  Bitmap Index Scan on k_5  (cost=0.00..5.48 rows=105 width=0)
	        Index Cond: ((k >= 3176169) AND (k <= 3176269))

table 6 : explain SELECT k, c FROM sbtest6 WHERE k BETWEEN 3176169 AND 3176269
	Bitmap Heap Scan on sbtest6  (cost=5.46..401.69 rows=100 width=125)
	  Recheck Cond: ((k >= 3176169) AND (k <= 3176269))
	  ->  Bitmap Index Scan on k_6  (cost=0.00..5.43 rows=100 width=0)
	        Index Cond: ((k >= 3176169) AND (k <= 3176269))

table 7 : explain SELECT k, c FROM sbtest7 WHERE k BETWEEN 3176169 AND 3176269
	Bitmap Heap Scan on sbtest7  (cost=5.38..370.19 rows=92 width=125)
	  Recheck Cond: ((k >= 3176169) AND (k <= 3176269))
	  ->  Bitmap Index Scan on k_7  (cost=0.00..5.35 rows=92 width=0)
	        Index Cond: ((k >= 3176169) AND (k <= 3176269))

table 8 : explain SELECT k, c FROM sbtest8 WHERE k BETWEEN 3176169 AND 3176269
	Bitmap Heap Scan on sbtest8  (cost=5.48..409.59 rows=102 width=125)
	  Recheck Cond: ((k >= 3176169) AND (k <= 3176269))
	  ->  Bitmap Index Scan on k_8  (cost=0.00..5.45 rows=102 width=0)
	        Index Cond: ((k >= 3176169) AND (k <= 3176269))

explain: for range-notcovered :: explain SELECT k, c FROM sbtest%d WHERE k BETWEEN 8385802 AND 8385902
explain: for range-notcovered :: explain SELECT k, c FROM sbtest%d WHERE k BETWEEN 4647253 AND 4647353
explain: for range-notcovered :: explain SELECT k, c FROM sbtest%d WHERE k BETWEEN 3176169 AND 3176269
for range-notcovered
table 1 : explain SELECT k, c FROM sbtest1 WHERE k BETWEEN 5375673 AND 5375773
	Bitmap Heap Scan on sbtest1  (cost=5.40..377.89 rows=94 width=125)
	  Recheck Cond: ((k >= 5375673) AND (k <= 5375773))
	  ->  Bitmap Index Scan on k_1  (cost=0.00..5.38 rows=94 width=0)
	        Index Cond: ((k >= 5375673) AND (k <= 5375773))

table 2 : explain SELECT k, c FROM sbtest2 WHERE k BETWEEN 5375673 AND 5375773
	Bitmap Heap Scan on sbtest2  (cost=5.52..425.27 rows=106 width=125)
	  Recheck Cond: ((k >= 5375673) AND (k <= 5375773))
	  ->  Bitmap Index Scan on k_2  (cost=0.00..5.50 rows=106 width=0)
	        Index Cond: ((k >= 5375673) AND (k <= 5375773))

table 3 : explain SELECT k, c FROM sbtest3 WHERE k BETWEEN 5375673 AND 5375773
	Bitmap Heap Scan on sbtest3  (cost=5.43..389.79 rows=97 width=125)
	  Recheck Cond: ((k >= 5375673) AND (k <= 5375773))
	  ->  Bitmap Index Scan on k_3  (cost=0.00..5.40 rows=97 width=0)
	        Index Cond: ((k >= 5375673) AND (k <= 5375773))

table 4 : explain SELECT k, c FROM sbtest4 WHERE k BETWEEN 5375673 AND 5375773
	Bitmap Heap Scan on sbtest4  (cost=5.53..429.23 rows=107 width=125)
	  Recheck Cond: ((k >= 5375673) AND (k <= 5375773))
	  ->  Bitmap Index Scan on k_4  (cost=0.00..5.50 rows=107 width=0)
	        Index Cond: ((k >= 5375673) AND (k <= 5375773))

table 5 : explain SELECT k, c FROM sbtest5 WHERE k BETWEEN 5375673 AND 5375773
	Bitmap Heap Scan on sbtest5  (cost=5.38..370.18 rows=92 width=125)
	  Recheck Cond: ((k >= 5375673) AND (k <= 5375773))
	  ->  Bitmap Index Scan on k_5  (cost=0.00..5.35 rows=92 width=0)
	        Index Cond: ((k >= 5375673) AND (k <= 5375773))

table 6 : explain SELECT k, c FROM sbtest6 WHERE k BETWEEN 5375673 AND 5375773
	Bitmap Heap Scan on sbtest6  (cost=5.46..401.69 rows=100 width=125)
	  Recheck Cond: ((k >= 5375673) AND (k <= 5375773))
	  ->  Bitmap Index Scan on k_6  (cost=0.00..5.43 rows=100 width=0)
	        Index Cond: ((k >= 5375673) AND (k <= 5375773))

table 7 : explain SELECT k, c FROM sbtest7 WHERE k BETWEEN 5375673 AND 5375773
	Bitmap Heap Scan on sbtest7  (cost=5.54..433.35 rows=108 width=125)
	  Recheck Cond: ((k >= 5375673) AND (k <= 5375773))
	  ->  Bitmap Index Scan on k_7  (cost=0.00..5.51 rows=108 width=0)
	        Index Cond: ((k >= 5375673) AND (k <= 5375773))

table 8 : explain SELECT k, c FROM sbtest8 WHERE k BETWEEN 5375673 AND 5375773
	Bitmap Heap Scan on sbtest8  (cost=5.54..433.26 rows=108 width=125)
	  Recheck Cond: ((k >= 5375673) AND (k <= 5375773))
	  ->  Bitmap Index Scan on k_8  (cost=0.00..5.51 rows=108 width=0)
	        Index Cond: ((k >= 5375673) AND (k <= 5375773))

for range-notcovered
table 1 : explain SELECT k, c FROM sbtest1 WHERE k BETWEEN 3553595 AND 3553695
	Bitmap Heap Scan on sbtest1  (cost=5.49..413.39 rows=103 width=125)
	  Recheck Cond: ((k >= 3553595) AND (k <= 3553695))
	  ->  Bitmap Index Scan on k_1  (cost=0.00..5.46 rows=103 width=0)
	        Index Cond: ((k >= 3553595) AND (k <= 3553695))

table 2 : explain SELECT k, c FROM sbtest2 WHERE k BETWEEN 3553595 AND 3553695
	Bitmap Heap Scan on sbtest2  (cost=5.45..397.66 rows=99 width=125)
	  Recheck Cond: ((k >= 3553595) AND (k <= 3553695))
	  ->  Bitmap Index Scan on k_2  (cost=0.00..5.42 rows=99 width=0)
	        Index Cond: ((k >= 3553595) AND (k <= 3553695))

table 3 : explain SELECT k, c FROM sbtest3 WHERE k BETWEEN 3553595 AND 3553695
	Bitmap Heap Scan on sbtest3  (cost=5.55..437.12 rows=109 width=125)
	  Recheck Cond: ((k >= 3553595) AND (k <= 3553695))
	  ->  Bitmap Index Scan on k_3  (cost=0.00..5.52 rows=109 width=0)
	        Index Cond: ((k >= 3553595) AND (k <= 3553695))

table 4 : explain SELECT k, c FROM sbtest4 WHERE k BETWEEN 3553595 AND 3553695
	Bitmap Heap Scan on sbtest4  (cost=5.44..393.73 rows=98 width=125)
	  Recheck Cond: ((k >= 3553595) AND (k <= 3553695))
	  ->  Bitmap Index Scan on k_4  (cost=0.00..5.42 rows=98 width=0)
	        Index Cond: ((k >= 3553595) AND (k <= 3553695))

table 5 : explain SELECT k, c FROM sbtest5 WHERE k BETWEEN 3553595 AND 3553695
	Bitmap Heap Scan on sbtest5  (cost=5.46..401.78 rows=100 width=125)
	  Recheck Cond: ((k >= 3553595) AND (k <= 3553695))
	  ->  Bitmap Index Scan on k_5  (cost=0.00..5.43 rows=100 width=0)
	        Index Cond: ((k >= 3553595) AND (k <= 3553695))

table 6 : explain SELECT k, c FROM sbtest6 WHERE k BETWEEN 3553595 AND 3553695
	Bitmap Heap Scan on sbtest6  (cost=5.42..385.90 rows=96 width=125)
	  Recheck Cond: ((k >= 3553595) AND (k <= 3553695))
	  ->  Bitmap Index Scan on k_6  (cost=0.00..5.39 rows=96 width=0)
	        Index Cond: ((k >= 3553595) AND (k <= 3553695))

table 7 : explain SELECT k, c FROM sbtest7 WHERE k BETWEEN 3553595 AND 3553695
	Bitmap Heap Scan on sbtest7  (cost=5.48..409.67 rows=102 width=125)
	  Recheck Cond: ((k >= 3553595) AND (k <= 3553695))
	  ->  Bitmap Index Scan on k_7  (cost=0.00..5.45 rows=102 width=0)
	        Index Cond: ((k >= 3553595) AND (k <= 3553695))

table 8 : explain SELECT k, c FROM sbtest8 WHERE k BETWEEN 3553595 AND 3553695
	Bitmap Heap Scan on sbtest8  (cost=5.47..405.64 rows=101 width=125)
	  Recheck Cond: ((k >= 3553595) AND (k <= 3553695))
	  ->  Bitmap Index Scan on k_8  (cost=0.00..5.44 rows=101 width=0)
	        Index Cond: ((k >= 3553595) AND (k <= 3553695))

explain: for range-notcovered :: explain SELECT k, c FROM sbtest%d WHERE k BETWEEN 5375673 AND 5375773
explain: for range-notcovered :: explain SELECT k, c FROM sbtest%d WHERE k BETWEEN 3553595 AND 3553695
for range-notcovered
table 1 : explain SELECT k, c FROM sbtest1 WHERE k BETWEEN 8239503 AND 8239603
	Bitmap Heap Scan on sbtest1  (cost=5.48..409.45 rows=102 width=125)
	  Recheck Cond: ((k >= 8239503) AND (k <= 8239603))
	  ->  Bitmap Index Scan on k_1  (cost=0.00..5.45 rows=102 width=0)
	        Index Cond: ((k >= 8239503) AND (k <= 8239603))

table 2 : explain SELECT k, c FROM sbtest2 WHERE k BETWEEN 8239503 AND 8239603
	Bitmap Heap Scan on sbtest2  (cost=5.41..381.88 rows=95 width=125)
	  Recheck Cond: ((k >= 8239503) AND (k <= 8239603))
	  ->  Bitmap Index Scan on k_2  (cost=0.00..5.38 rows=95 width=0)
	        Index Cond: ((k >= 8239503) AND (k <= 8239603))

table 3 : explain SELECT k, c FROM sbtest3 WHERE k BETWEEN 8239503 AND 8239603
	Bitmap Heap Scan on sbtest3  (cost=5.51..421.35 rows=105 width=125)
	  Recheck Cond: ((k >= 8239503) AND (k <= 8239603))
	  ->  Bitmap Index Scan on k_3  (cost=0.00..5.48 rows=105 width=0)
	        Index Cond: ((k >= 8239503) AND (k <= 8239603))

table 4 : explain SELECT k, c FROM sbtest4 WHERE k BETWEEN 8239503 AND 8239603
	Bitmap Heap Scan on sbtest4  (cost=5.53..429.23 rows=107 width=125)
	  Recheck Cond: ((k >= 8239503) AND (k <= 8239603))
	  ->  Bitmap Index Scan on k_4  (cost=0.00..5.50 rows=107 width=0)
	        Index Cond: ((k >= 8239503) AND (k <= 8239603))

table 5 : explain SELECT k, c FROM sbtest5 WHERE k BETWEEN 8239503 AND 8239603
	Bitmap Heap Scan on sbtest5  (cost=5.45..397.83 rows=99 width=125)
	  Recheck Cond: ((k >= 8239503) AND (k <= 8239603))
	  ->  Bitmap Index Scan on k_5  (cost=0.00..5.42 rows=99 width=0)
	        Index Cond: ((k >= 8239503) AND (k <= 8239603))

table 6 : explain SELECT k, c FROM sbtest6 WHERE k BETWEEN 8239503 AND 8239603
	Bitmap Heap Scan on sbtest6  (cost=5.49..413.52 rows=103 width=125)
	  Recheck Cond: ((k >= 8239503) AND (k <= 8239603))
	  ->  Bitmap Index Scan on k_6  (cost=0.00..5.46 rows=103 width=0)
	        Index Cond: ((k >= 8239503) AND (k <= 8239603))

table 7 : explain SELECT k, c FROM sbtest7 WHERE k BETWEEN 8239503 AND 8239603
	Bitmap Heap Scan on sbtest7  (cost=5.42..385.98 rows=96 width=125)
	  Recheck Cond: ((k >= 8239503) AND (k <= 8239603))
	  ->  Bitmap Index Scan on k_7  (cost=0.00..5.39 rows=96 width=0)
	        Index Cond: ((k >= 8239503) AND (k <= 8239603))

table 8 : explain SELECT k, c FROM sbtest8 WHERE k BETWEEN 8239503 AND 8239603
	Bitmap Heap Scan on sbtest8  (cost=5.51..421.42 rows=105 width=125)
	  Recheck Cond: ((k >= 8239503) AND (k <= 8239603))
	  ->  Bitmap Index Scan on k_8  (cost=0.00..5.48 rows=105 width=0)
	        Index Cond: ((k >= 8239503) AND (k <= 8239603))

explain: for range-notcovered :: explain SELECT k, c FROM sbtest%d WHERE k BETWEEN 8239503 AND 8239603
for range-notcovered
table 1 : explain SELECT k, c FROM sbtest1 WHERE k BETWEEN 6675946 AND 6676046
	Bitmap Heap Scan on sbtest1  (cost=5.48..409.45 rows=102 width=125)
	  Recheck Cond: ((k >= 6675946) AND (k <= 6676046))
	  ->  Bitmap Index Scan on k_1  (cost=0.00..5.45 rows=102 width=0)
	        Index Cond: ((k >= 6675946) AND (k <= 6676046))

table 2 : explain SELECT k, c FROM sbtest2 WHERE k BETWEEN 6675946 AND 6676046
	Bitmap Heap Scan on sbtest2  (cost=5.45..397.66 rows=99 width=125)
	  Recheck Cond: ((k >= 6675946) AND (k <= 6676046))
	  ->  Bitmap Index Scan on k_2  (cost=0.00..5.42 rows=99 width=0)
	        Index Cond: ((k >= 6675946) AND (k <= 6676046))

table 3 : explain SELECT k, c FROM sbtest3 WHERE k BETWEEN 6675946 AND 6676046
	Bitmap Heap Scan on sbtest3  (cost=5.48..409.52 rows=102 width=125)
	  Recheck Cond: ((k >= 6675946) AND (k <= 6676046))
	  ->  Bitmap Index Scan on k_3  (cost=0.00..5.45 rows=102 width=0)
	        Index Cond: ((k >= 6675946) AND (k <= 6676046))

table 4 : explain SELECT k, c FROM sbtest4 WHERE k BETWEEN 6675946 AND 6676046
	Bitmap Heap Scan on sbtest4  (cost=5.44..393.73 rows=98 width=125)
	  Recheck Cond: ((k >= 6675946) AND (k <= 6676046))
	  ->  Bitmap Index Scan on k_4  (cost=0.00..5.42 rows=98 width=0)
	        Index Cond: ((k >= 6675946) AND (k <= 6676046))

table 5 : explain SELECT k, c FROM sbtest5 WHERE k BETWEEN 6675946 AND 6676046
	Bitmap Heap Scan on sbtest5  (cost=5.43..389.93 rows=97 width=125)
	  Recheck Cond: ((k >= 6675946) AND (k <= 6676046))
	  ->  Bitmap Index Scan on k_5  (cost=0.00..5.40 rows=97 width=0)
	        Index Cond: ((k >= 6675946) AND (k <= 6676046))

table 6 : explain SELECT k, c FROM sbtest6 WHERE k BETWEEN 6675946 AND 6676046
	Bitmap Heap Scan on sbtest6  (cost=5.52..425.36 rows=106 width=125)
	  Recheck Cond: ((k >= 6675946) AND (k <= 6676046))
	  ->  Bitmap Index Scan on k_6  (cost=0.00..5.50 rows=106 width=0)
	        Index Cond: ((k >= 6675946) AND (k <= 6676046))

table 7 : explain SELECT k, c FROM sbtest7 WHERE k BETWEEN 6675946 AND 6676046
	Bitmap Heap Scan on sbtest7  (cost=5.53..429.40 rows=107 width=125)
	  Recheck Cond: ((k >= 6675946) AND (k <= 6676046))
	  ->  Bitmap Index Scan on k_7  (cost=0.00..5.50 rows=107 width=0)
	        Index Cond: ((k >= 6675946) AND (k <= 6676046))

table 8 : explain SELECT k, c FROM sbtest8 WHERE k BETWEEN 6675946 AND 6676046
	Bitmap Heap Scan on sbtest8  (cost=5.46..401.70 rows=100 width=125)
	  Recheck Cond: ((k >= 6675946) AND (k <= 6676046))
	  ->  Bitmap Index Scan on k_8  (cost=0.00..5.43 rows=100 width=0)
	        Index Cond: ((k >= 6675946) AND (k <= 6676046))

for range-notcovered
table 1 : explain SELECT k, c FROM sbtest1 WHERE k BETWEEN 2383423 AND 2383523
	Bitmap Heap Scan on sbtest1  (cost=5.47..405.51 rows=101 width=125)
	  Recheck Cond: ((k >= 2383423) AND (k <= 2383523))
	  ->  Bitmap Index Scan on k_1  (cost=0.00..5.44 rows=101 width=0)
	        Index Cond: ((k >= 2383423) AND (k <= 2383523))

table 2 : explain SELECT k, c FROM sbtest2 WHERE k BETWEEN 2383423 AND 2383523
	Bitmap Heap Scan on sbtest2  (cost=5.48..409.50 rows=102 width=125)
	  Recheck Cond: ((k >= 2383423) AND (k <= 2383523))
	  ->  Bitmap Index Scan on k_2  (cost=0.00..5.45 rows=102 width=0)
	        Index Cond: ((k >= 2383423) AND (k <= 2383523))

table 3 : explain SELECT k, c FROM sbtest3 WHERE k BETWEEN 2383423 AND 2383523
	Bitmap Heap Scan on sbtest3  (cost=5.53..429.23 rows=107 width=125)
	  Recheck Cond: ((k >= 2383423) AND (k <= 2383523))
	  ->  Bitmap Index Scan on k_3  (cost=0.00..5.50 rows=107 width=0)
	        Index Cond: ((k >= 2383423) AND (k <= 2383523))

table 4 : explain SELECT k, c FROM sbtest4 WHERE k BETWEEN 2383423 AND 2383523
	Bitmap Heap Scan on sbtest4  (cost=5.44..393.73 rows=98 width=125)
	  Recheck Cond: ((k >= 2383423) AND (k <= 2383523))
	  ->  Bitmap Index Scan on k_4  (cost=0.00..5.42 rows=98 width=0)
	        Index Cond: ((k >= 2383423) AND (k <= 2383523))

table 5 : explain SELECT k, c FROM sbtest5 WHERE k BETWEEN 2383423 AND 2383523
	Bitmap Heap Scan on sbtest5  (cost=5.38..370.18 rows=92 width=125)
	  Recheck Cond: ((k >= 2383423) AND (k <= 2383523))
	  ->  Bitmap Index Scan on k_5  (cost=0.00..5.35 rows=92 width=0)
	        Index Cond: ((k >= 2383423) AND (k <= 2383523))

table 6 : explain SELECT k, c FROM sbtest6 WHERE k BETWEEN 2383423 AND 2383523
	Bitmap Heap Scan on sbtest6  (cost=5.43..389.85 rows=97 width=125)
	  Recheck Cond: ((k >= 2383423) AND (k <= 2383523))
	  ->  Bitmap Index Scan on k_6  (cost=0.00..5.40 rows=97 width=0)
	        Index Cond: ((k >= 2383423) AND (k <= 2383523))

table 7 : explain SELECT k, c FROM sbtest7 WHERE k BETWEEN 2383423 AND 2383523
	Bitmap Heap Scan on sbtest7  (cost=5.49..413.62 rows=103 width=125)
	  Recheck Cond: ((k >= 2383423) AND (k <= 2383523))
	  ->  Bitmap Index Scan on k_7  (cost=0.00..5.46 rows=103 width=0)
	        Index Cond: ((k >= 2383423) AND (k <= 2383523))

table 8 : explain SELECT k, c FROM sbtest8 WHERE k BETWEEN 2383423 AND 2383523
	Bitmap Heap Scan on sbtest8  (cost=5.46..401.70 rows=100 width=125)
	  Recheck Cond: ((k >= 2383423) AND (k <= 2383523))
	  ->  Bitmap Index Scan on k_8  (cost=0.00..5.43 rows=100 width=0)
	        Index Cond: ((k >= 2383423) AND (k <= 2383523))

explain: for range-notcovered :: explain SELECT k, c FROM sbtest%d WHERE k BETWEEN 6675946 AND 6676046
for range-notcovered
table 1 : explain SELECT k, c FROM sbtest1 WHERE k BETWEEN 9033111 AND 9033211
	Bitmap Heap Scan on sbtest1  (cost=5.51..421.28 rows=105 width=125)
	  Recheck Cond: ((k >= 9033111) AND (k <= 9033211))
	  ->  Bitmap Index Scan on k_1  (cost=0.00..5.48 rows=105 width=0)
	        Index Cond: ((k >= 9033111) AND (k <= 9033211))

table 2 : explain SELECT k, c FROM sbtest2 WHERE k BETWEEN 9033111 AND 9033211
	Bitmap Heap Scan on sbtest2  (cost=5.42..385.83 rows=96 width=125)
	  Recheck Cond: ((k >= 9033111) AND (k <= 9033211))
	  ->  Bitmap Index Scan on k_2  (cost=0.00..5.39 rows=96 width=0)
	        Index Cond: ((k >= 9033111) AND (k <= 9033211))

table 3 : explain SELECT k, c FROM sbtest3 WHERE k BETWEEN 9033111 AND 9033211
	Bitmap Heap Scan on sbtest3  (cost=5.44..393.74 rows=98 width=125)
	  Recheck Cond: ((k >= 9033111) AND (k <= 9033211))
	  ->  Bitmap Index Scan on k_3  (cost=0.00..5.42 rows=98 width=0)
	        Index Cond: ((k >= 9033111) AND (k <= 9033211))

table 4 : explain SELECT k, c FROM sbtest4 WHERE k BETWEEN 9033111 AND 9033211
	Bitmap Heap Scan on sbtest4  (cost=5.49..413.46 rows=103 width=125)
	  Recheck Cond: ((k >= 9033111) AND (k <= 9033211))
	  ->  Bitmap Index Scan on k_4  (cost=0.00..5.46 rows=103 width=0)
	        Index Cond: ((k >= 9033111) AND (k <= 9033211))

table 5 : explain SELECT k, c FROM sbtest5 WHERE k BETWEEN 9033111 AND 9033211
	Bitmap Heap Scan on sbtest5  (cost=5.48..409.67 rows=102 width=125)
	  Recheck Cond: ((k >= 9033111) AND (k <= 9033211))
	  ->  Bitmap Index Scan on k_5  (cost=0.00..5.45 rows=102 width=0)
	        Index Cond: ((k >= 9033111) AND (k <= 9033211))

table 6 : explain SELECT k, c FROM sbtest6 WHERE k BETWEEN 9033111 AND 9033211
	Bitmap Heap Scan on sbtest6  (cost=5.38..370.10 rows=92 width=125)
	  Recheck Cond: ((k >= 9033111) AND (k <= 9033211))
	  ->  Bitmap Index Scan on k_6  (cost=0.00..5.35 rows=92 width=0)
	        Index Cond: ((k >= 9033111) AND (k <= 9033211))

table 7 : explain SELECT k, c FROM sbtest7 WHERE k BETWEEN 9033111 AND 9033211
	Bitmap Heap Scan on sbtest7  (cost=5.49..413.62 rows=103 width=125)
	  Recheck Cond: ((k >= 9033111) AND (k <= 9033211))
	  ->  Bitmap Index Scan on k_7  (cost=0.00..5.46 rows=103 width=0)
	        Index Cond: ((k >= 9033111) AND (k <= 9033211))

table 8 : explain SELECT k, c FROM sbtest8 WHERE k BETWEEN 9033111 AND 9033211
	Bitmap Heap Scan on sbtest8  (cost=5.41..381.96 rows=95 width=125)
	  Recheck Cond: ((k >= 9033111) AND (k <= 9033211))
	  ->  Bitmap Index Scan on k_8  (cost=0.00..5.38 rows=95 width=0)
	        Index Cond: ((k >= 9033111) AND (k <= 9033211))

explain: for range-notcovered :: explain SELECT k, c FROM sbtest%d WHERE k BETWEEN 2383423 AND 2383523
explain: for range-notcovered :: explain SELECT k, c FROM sbtest%d WHERE k BETWEEN 9033111 AND 9033211
for range-notcovered
table 1 : explain SELECT k, c FROM sbtest1 WHERE k BETWEEN 8273721 AND 8273821
	Bitmap Heap Scan on sbtest1  (cost=5.43..389.73 rows=97 width=125)
	  Recheck Cond: ((k >= 8273721) AND (k <= 8273821))
	  ->  Bitmap Index Scan on k_1  (cost=0.00..5.40 rows=97 width=0)
	        Index Cond: ((k >= 8273721) AND (k <= 8273821))

table 2 : explain SELECT k, c FROM sbtest2 WHERE k BETWEEN 8273721 AND 8273821
	Bitmap Heap Scan on sbtest2  (cost=5.41..381.88 rows=95 width=125)
	  Recheck Cond: ((k >= 8273721) AND (k <= 8273821))
	  ->  Bitmap Index Scan on k_2  (cost=0.00..5.38 rows=95 width=0)
	        Index Cond: ((k >= 8273721) AND (k <= 8273821))

table 3 : explain SELECT k, c FROM sbtest3 WHERE k BETWEEN 8273721 AND 8273821
	Bitmap Heap Scan on sbtest3  (cost=5.51..421.35 rows=105 width=125)
	  Recheck Cond: ((k >= 8273721) AND (k <= 8273821))
	  ->  Bitmap Index Scan on k_3  (cost=0.00..5.48 rows=105 width=0)
	        Index Cond: ((k >= 8273721) AND (k <= 8273821))

table 4 : explain SELECT k, c FROM sbtest4 WHERE k BETWEEN 8273721 AND 8273821
	Bitmap Heap Scan on sbtest4  (cost=5.53..429.23 rows=107 width=125)
	  Recheck Cond: ((k >= 8273721) AND (k <= 8273821))
	  ->  Bitmap Index Scan on k_4  (cost=0.00..5.50 rows=107 width=0)
	        Index Cond: ((k >= 8273721) AND (k <= 8273821))

table 5 : explain SELECT k, c FROM sbtest5 WHERE k BETWEEN 8273721 AND 8273821
	Bitmap Heap Scan on sbtest5  (cost=5.45..397.83 rows=99 width=125)
	  Recheck Cond: ((k >= 8273721) AND (k <= 8273821))
	  ->  Bitmap Index Scan on k_5  (cost=0.00..5.42 rows=99 width=0)
	        Index Cond: ((k >= 8273721) AND (k <= 8273821))

table 6 : explain SELECT k, c FROM sbtest6 WHERE k BETWEEN 8273721 AND 8273821
	Bitmap Heap Scan on sbtest6  (cost=5.49..413.52 rows=103 width=125)
	  Recheck Cond: ((k >= 8273721) AND (k <= 8273821))
	  ->  Bitmap Index Scan on k_6  (cost=0.00..5.46 rows=103 width=0)
	        Index Cond: ((k >= 8273721) AND (k <= 8273821))

table 7 : explain SELECT k, c FROM sbtest7 WHERE k BETWEEN 8273721 AND 8273821
	Bitmap Heap Scan on sbtest7  (cost=5.42..385.98 rows=96 width=125)
	  Recheck Cond: ((k >= 8273721) AND (k <= 8273821))
	  ->  Bitmap Index Scan on k_7  (cost=0.00..5.39 rows=96 width=0)
	        Index Cond: ((k >= 8273721) AND (k <= 8273821))

table 8 : explain SELECT k, c FROM sbtest8 WHERE k BETWEEN 8273721 AND 8273821
	Bitmap Heap Scan on sbtest8  (cost=5.51..421.42 rows=105 width=125)
	  Recheck Cond: ((k >= 8273721) AND (k <= 8273821))
	  ->  Bitmap Index Scan on k_8  (cost=0.00..5.48 rows=105 width=0)
	        Index Cond: ((k >= 8273721) AND (k <= 8273821))

for range-notcovered
table 1 : explain SELECT k, c FROM sbtest1 WHERE k BETWEEN 7705401 AND 7705501
	Bitmap Heap Scan on sbtest1  (cost=5.45..397.62 rows=99 width=125)
	  Recheck Cond: ((k >= 7705401) AND (k <= 7705501))
	  ->  Bitmap Index Scan on k_1  (cost=0.00..5.42 rows=99 width=0)
	        Index Cond: ((k >= 7705401) AND (k <= 7705501))

table 2 : explain SELECT k, c FROM sbtest2 WHERE k BETWEEN 7705401 AND 7705501
	Bitmap Heap Scan on sbtest2  (cost=5.39..373.98 rows=93 width=125)
	  Recheck Cond: ((k >= 7705401) AND (k <= 7705501))
	  ->  Bitmap Index Scan on k_2  (cost=0.00..5.36 rows=93 width=0)
	        Index Cond: ((k >= 7705401) AND (k <= 7705501))

table 3 : explain SELECT k, c FROM sbtest3 WHERE k BETWEEN 7705401 AND 7705501
	Bitmap Heap Scan on sbtest3  (cost=5.46..401.63 rows=100 width=125)
	  Recheck Cond: ((k >= 7705401) AND (k <= 7705501))
	  ->  Bitmap Index Scan on k_3  (cost=0.00..5.43 rows=100 width=0)
	        Index Cond: ((k >= 7705401) AND (k <= 7705501))

table 4 : explain SELECT k, c FROM sbtest4 WHERE k BETWEEN 7705401 AND 7705501
	Bitmap Heap Scan on sbtest4  (cost=5.49..413.46 rows=103 width=125)
	  Recheck Cond: ((k >= 7705401) AND (k <= 7705501))
	  ->  Bitmap Index Scan on k_4  (cost=0.00..5.46 rows=103 width=0)
	        Index Cond: ((k >= 7705401) AND (k <= 7705501))

table 5 : explain SELECT k, c FROM sbtest5 WHERE k BETWEEN 7705401 AND 7705501
	Bitmap Heap Scan on sbtest5  (cost=5.41..382.03 rows=95 width=125)
	  Recheck Cond: ((k >= 7705401) AND (k <= 7705501))
	  ->  Bitmap Index Scan on k_5  (cost=0.00..5.38 rows=95 width=0)
	        Index Cond: ((k >= 7705401) AND (k <= 7705501))

table 6 : explain SELECT k, c FROM sbtest6 WHERE k BETWEEN 7705401 AND 7705501
	Bitmap Heap Scan on sbtest6  (cost=5.49..413.52 rows=103 width=125)
	  Recheck Cond: ((k >= 7705401) AND (k <= 7705501))
	  ->  Bitmap Index Scan on k_6  (cost=0.00..5.46 rows=103 width=0)
	        Index Cond: ((k >= 7705401) AND (k <= 7705501))

table 7 : explain SELECT k, c FROM sbtest7 WHERE k BETWEEN 7705401 AND 7705501
	Bitmap Heap Scan on sbtest7  (cost=5.51..421.51 rows=105 width=125)
	  Recheck Cond: ((k >= 7705401) AND (k <= 7705501))
	  ->  Bitmap Index Scan on k_7  (cost=0.00..5.48 rows=105 width=0)
	        Index Cond: ((k >= 7705401) AND (k <= 7705501))

table 8 : explain SELECT k, c FROM sbtest8 WHERE k BETWEEN 7705401 AND 7705501
	Bitmap Heap Scan on sbtest8  (cost=5.48..409.59 rows=102 width=125)
	  Recheck Cond: ((k >= 7705401) AND (k <= 7705501))
	  ->  Bitmap Index Scan on k_8  (cost=0.00..5.45 rows=102 width=0)
	        Index Cond: ((k >= 7705401) AND (k <= 7705501))

for range-notcovered
table 1 : explain SELECT k, c FROM sbtest1 WHERE k BETWEEN 6623764 AND 6623864
	Bitmap Heap Scan on sbtest1  (cost=5.58..448.87 rows=112 width=125)
	  Recheck Cond: ((k >= 6623764) AND (k <= 6623864))
	  ->  Bitmap Index Scan on k_1  (cost=0.00..5.55 rows=112 width=0)
	        Index Cond: ((k >= 6623764) AND (k <= 6623864))

table 2 : explain SELECT k, c FROM sbtest2 WHERE k BETWEEN 6623764 AND 6623864
	Bitmap Heap Scan on sbtest2  (cost=5.45..397.66 rows=99 width=125)
	  Recheck Cond: ((k >= 6623764) AND (k <= 6623864))
	  ->  Bitmap Index Scan on k_2  (cost=0.00..5.42 rows=99 width=0)
	        Index Cond: ((k >= 6623764) AND (k <= 6623864))

table 3 : explain SELECT k, c FROM sbtest3 WHERE k BETWEEN 6623764 AND 6623864
	Bitmap Heap Scan on sbtest3  (cost=5.48..409.52 rows=102 width=125)
	  Recheck Cond: ((k >= 6623764) AND (k <= 6623864))
	  ->  Bitmap Index Scan on k_3  (cost=0.00..5.45 rows=102 width=0)
	        Index Cond: ((k >= 6623764) AND (k <= 6623864))

table 4 : explain SELECT k, c FROM sbtest4 WHERE k BETWEEN 6623764 AND 6623864
	Bitmap Heap Scan on sbtest4  (cost=5.46..401.62 rows=100 width=125)
	  Recheck Cond: ((k >= 6623764) AND (k <= 6623864))
	  ->  Bitmap Index Scan on k_4  (cost=0.00..5.43 rows=100 width=0)
	        Index Cond: ((k >= 6623764) AND (k <= 6623864))

table 5 : explain SELECT k, c FROM sbtest5 WHERE k BETWEEN 6623764 AND 6623864
	Bitmap Heap Scan on sbtest5  (cost=5.43..389.93 rows=97 width=125)
	  Recheck Cond: ((k >= 6623764) AND (k <= 6623864))
	  ->  Bitmap Index Scan on k_5  (cost=0.00..5.40 rows=97 width=0)
	        Index Cond: ((k >= 6623764) AND (k <= 6623864))

table 6 : explain SELECT k, c FROM sbtest6 WHERE k BETWEEN 6623764 AND 6623864
	Bitmap Heap Scan on sbtest6  (cost=5.52..425.36 rows=106 width=125)
	  Recheck Cond: ((k >= 6623764) AND (k <= 6623864))
	  ->  Bitmap Index Scan on k_6  (cost=0.00..5.50 rows=106 width=0)
	        Index Cond: ((k >= 6623764) AND (k <= 6623864))

table 7 : explain SELECT k, c FROM sbtest7 WHERE k BETWEEN 6623764 AND 6623864
	Bitmap Heap Scan on sbtest7  (cost=5.47..405.73 rows=101 width=125)
	  Recheck Cond: ((k >= 6623764) AND (k <= 6623864))
	  ->  Bitmap Index Scan on k_7  (cost=0.00..5.44 rows=101 width=0)
	        Index Cond: ((k >= 6623764) AND (k <= 6623864))

table 8 : explain SELECT k, c FROM sbtest8 WHERE k BETWEEN 6623764 AND 6623864
	Bitmap Heap Scan on sbtest8  (cost=5.49..413.54 rows=103 width=125)
	  Recheck Cond: ((k >= 6623764) AND (k <= 6623864))
	  ->  Bitmap Index Scan on k_8  (cost=0.00..5.46 rows=103 width=0)
	        Index Cond: ((k >= 6623764) AND (k <= 6623864))

explain: for range-notcovered :: explain SELECT k, c FROM sbtest%d WHERE k BETWEEN 7705401 AND 7705501
for range-notcovered
table 1 : explain SELECT k, c FROM sbtest1 WHERE k BETWEEN 643681 AND 643781
	Bitmap Heap Scan on sbtest1  (cost=5.43..389.73 rows=97 width=125)
	  Recheck Cond: ((k >= 643681) AND (k <= 643781))
	  ->  Bitmap Index Scan on k_1  (cost=0.00..5.40 rows=97 width=0)
	        Index Cond: ((k >= 643681) AND (k <= 643781))

table 2 : explain SELECT k, c FROM sbtest2 WHERE k BETWEEN 643681 AND 643781
	Bitmap Heap Scan on sbtest2  (cost=5.47..405.55 rows=101 width=125)
	  Recheck Cond: ((k >= 643681) AND (k <= 643781))
	  ->  Bitmap Index Scan on k_2  (cost=0.00..5.44 rows=101 width=0)
	        Index Cond: ((k >= 643681) AND (k <= 643781))

table 3 : explain SELECT k, c FROM sbtest3 WHERE k BETWEEN 643681 AND 643781
	Bitmap Heap Scan on sbtest3  (cost=5.45..397.68 rows=99 width=125)
	  Recheck Cond: ((k >= 643681) AND (k <= 643781))
	  ->  Bitmap Index Scan on k_3  (cost=0.00..5.42 rows=99 width=0)
	        Index Cond: ((k >= 643681) AND (k <= 643781))

table 4 : explain SELECT k, c FROM sbtest4 WHERE k BETWEEN 643681 AND 643781
	Bitmap Heap Scan on sbtest4  (cost=5.51..421.35 rows=105 width=125)
	  Recheck Cond: ((k >= 643681) AND (k <= 643781))
	  ->  Bitmap Index Scan on k_4  (cost=0.00..5.48 rows=105 width=0)
	        Index Cond: ((k >= 643681) AND (k <= 643781))

table 5 : explain SELECT k, c FROM sbtest5 WHERE k BETWEEN 643681 AND 643781
	Bitmap Heap Scan on sbtest5  (cost=5.44..393.88 rows=98 width=125)
	  Recheck Cond: ((k >= 643681) AND (k <= 643781))
	  ->  Bitmap Index Scan on k_5  (cost=0.00..5.42 rows=98 width=0)
	        Index Cond: ((k >= 643681) AND (k <= 643781))

table 6 : explain SELECT k, c FROM sbtest6 WHERE k BETWEEN 643681 AND 643781
	Bitmap Heap Scan on sbtest6  (cost=5.56..441.13 rows=110 width=125)
	  Recheck Cond: ((k >= 643681) AND (k <= 643781))
	  ->  Bitmap Index Scan on k_6  (cost=0.00..5.53 rows=110 width=0)
	        Index Cond: ((k >= 643681) AND (k <= 643781))

table 7 : explain SELECT k, c FROM sbtest7 WHERE k BETWEEN 643681 AND 643781
	Bitmap Heap Scan on sbtest7  (cost=5.49..413.62 rows=103 width=125)
	  Recheck Cond: ((k >= 643681) AND (k <= 643781))
	  ->  Bitmap Index Scan on k_7  (cost=0.00..5.46 rows=103 width=0)
	        Index Cond: ((k >= 643681) AND (k <= 643781))

table 8 : explain SELECT k, c FROM sbtest8 WHERE k BETWEEN 643681 AND 643781
	Bitmap Heap Scan on sbtest8  (cost=5.47..405.64 rows=101 width=125)
	  Recheck Cond: ((k >= 643681) AND (k <= 643781))
	  ->  Bitmap Index Scan on k_8  (cost=0.00..5.44 rows=101 width=0)
	        Index Cond: ((k >= 643681) AND (k <= 643781))

for range-notcovered
table 1 : explain SELECT k, c FROM sbtest1 WHERE k BETWEEN 8385802 AND 8385902
	Bitmap Heap Scan on sbtest1  (cost=5.49..413.39 rows=103 width=125)
	  Recheck Cond: ((k >= 8385802) AND (k <= 8385902))
	  ->  Bitmap Index Scan on k_1  (cost=0.00..5.46 rows=103 width=0)
	        Index Cond: ((k >= 8385802) AND (k <= 8385902))

table 2 : explain SELECT k, c FROM sbtest2 WHERE k BETWEEN 8385802 AND 8385902
	Bitmap Heap Scan on sbtest2  (cost=5.44..393.72 rows=98 width=125)
	  Recheck Cond: ((k >= 8385802) AND (k <= 8385902))
	  ->  Bitmap Index Scan on k_2  (cost=0.00..5.42 rows=98 width=0)
	        Index Cond: ((k >= 8385802) AND (k <= 8385902))

table 3 : explain SELECT k, c FROM sbtest3 WHERE k BETWEEN 8385802 AND 8385902
	Bitmap Heap Scan on sbtest3  (cost=5.43..389.79 rows=97 width=125)
	  Recheck Cond: ((k >= 8385802) AND (k <= 8385902))
	  ->  Bitmap Index Scan on k_3  (cost=0.00..5.40 rows=97 width=0)
	        Index Cond: ((k >= 8385802) AND (k <= 8385902))

table 4 : explain SELECT k, c FROM sbtest4 WHERE k BETWEEN 8385802 AND 8385902
	Bitmap Heap Scan on sbtest4  (cost=5.47..405.57 rows=101 width=125)
	  Recheck Cond: ((k >= 8385802) AND (k <= 8385902))
	  ->  Bitmap Index Scan on k_4  (cost=0.00..5.44 rows=101 width=0)
	        Index Cond: ((k >= 8385802) AND (k <= 8385902))

table 5 : explain SELECT k, c FROM sbtest5 WHERE k BETWEEN 8385802 AND 8385902
	Bitmap Heap Scan on sbtest5  (cost=5.53..429.40 rows=107 width=125)
	  Recheck Cond: ((k >= 8385802) AND (k <= 8385902))
	  ->  Bitmap Index Scan on k_5  (cost=0.00..5.50 rows=107 width=0)
	        Index Cond: ((k >= 8385802) AND (k <= 8385902))

table 6 : explain SELECT k, c FROM sbtest6 WHERE k BETWEEN 8385802 AND 8385902
	Bitmap Heap Scan on sbtest6  (cost=5.39..374.05 rows=93 width=125)
	  Recheck Cond: ((k >= 8385802) AND (k <= 8385902))
	  ->  Bitmap Index Scan on k_6  (cost=0.00..5.36 rows=93 width=0)
	        Index Cond: ((k >= 8385802) AND (k <= 8385902))

table 7 : explain SELECT k, c FROM sbtest7 WHERE k BETWEEN 8385802 AND 8385902
	Bitmap Heap Scan on sbtest7  (cost=5.60..457.01 rows=114 width=125)
	  Recheck Cond: ((k >= 8385802) AND (k <= 8385902))
	  ->  Bitmap Index Scan on k_7  (cost=0.00..5.58 rows=114 width=0)
	        Index Cond: ((k >= 8385802) AND (k <= 8385902))

table 8 : explain SELECT k, c FROM sbtest8 WHERE k BETWEEN 8385802 AND 8385902
	Bitmap Heap Scan on sbtest8  (cost=5.47..405.64 rows=101 width=125)
	  Recheck Cond: ((k >= 8385802) AND (k <= 8385902))
	  ->  Bitmap Index Scan on k_8  (cost=0.00..5.44 rows=101 width=0)
	        Index Cond: ((k >= 8385802) AND (k <= 8385902))

for range-notcovered
table 1 : explain SELECT k, c FROM sbtest1 WHERE k BETWEEN 4647253 AND 4647353
	Bitmap Heap Scan on sbtest1  (cost=5.49..413.39 rows=103 width=125)
	  Recheck Cond: ((k >= 4647253) AND (k <= 4647353))
	  ->  Bitmap Index Scan on k_1  (cost=0.00..5.46 rows=103 width=0)
	        Index Cond: ((k >= 4647253) AND (k <= 4647353))

table 2 : explain SELECT k, c FROM sbtest2 WHERE k BETWEEN 4647253 AND 4647353
	Bitmap Heap Scan on sbtest2  (cost=5.51..421.33 rows=105 width=125)
	  Recheck Cond: ((k >= 4647253) AND (k <= 4647353))
	  ->  Bitmap Index Scan on k_2  (cost=0.00..5.48 rows=105 width=0)
	        Index Cond: ((k >= 4647253) AND (k <= 4647353))

table 3 : explain SELECT k, c FROM sbtest3 WHERE k BETWEEN 4647253 AND 4647353
	Bitmap Heap Scan on sbtest3  (cost=5.50..417.40 rows=104 width=125)
	  Recheck Cond: ((k >= 4647253) AND (k <= 4647353))
	  ->  Bitmap Index Scan on k_3  (cost=0.00..5.47 rows=104 width=0)
	        Index Cond: ((k >= 4647253) AND (k <= 4647353))

table 4 : explain SELECT k, c FROM sbtest4 WHERE k BETWEEN 4647253 AND 4647353
	Bitmap Heap Scan on sbtest4  (cost=5.48..409.51 rows=102 width=125)
	  Recheck Cond: ((k >= 4647253) AND (k <= 4647353))
	  ->  Bitmap Index Scan on k_4  (cost=0.00..5.45 rows=102 width=0)
	        Index Cond: ((k >= 4647253) AND (k <= 4647353))

table 5 : explain SELECT k, c FROM sbtest5 WHERE k BETWEEN 4647253 AND 4647353
	Bitmap Heap Scan on sbtest5  (cost=5.46..401.78 rows=100 width=125)
	  Recheck Cond: ((k >= 4647253) AND (k <= 4647353))
	  ->  Bitmap Index Scan on k_5  (cost=0.00..5.43 rows=100 width=0)
	        Index Cond: ((k >= 4647253) AND (k <= 4647353))

table 6 : explain SELECT k, c FROM sbtest6 WHERE k BETWEEN 4647253 AND 4647353
	Bitmap Heap Scan on sbtest6  (cost=5.55..437.19 rows=109 width=125)
	  Recheck Cond: ((k >= 4647253) AND (k <= 4647353))
	  ->  Bitmap Index Scan on k_6  (cost=0.00..5.52 rows=109 width=0)
	        Index Cond: ((k >= 4647253) AND (k <= 4647353))

table 7 : explain SELECT k, c FROM sbtest7 WHERE k BETWEEN 4647253 AND 4647353
	Bitmap Heap Scan on sbtest7  (cost=5.57..445.18 rows=111 width=125)
	  Recheck Cond: ((k >= 4647253) AND (k <= 4647353))
	  ->  Bitmap Index Scan on k_7  (cost=0.00..5.54 rows=111 width=0)
	        Index Cond: ((k >= 4647253) AND (k <= 4647353))

table 8 : explain SELECT k, c FROM sbtest8 WHERE k BETWEEN 4647253 AND 4647353
	Bitmap Heap Scan on sbtest8  (cost=5.52..425.37 rows=106 width=125)
	  Recheck Cond: ((k >= 4647253) AND (k <= 4647353))
	  ->  Bitmap Index Scan on k_8  (cost=0.00..5.50 rows=106 width=0)
	        Index Cond: ((k >= 4647253) AND (k <= 4647353))

explain: for range-notcovered :: explain SELECT k, c FROM sbtest%d WHERE k BETWEEN 6623764 AND 6623864
for range-notcovered
table 1 : explain SELECT k, c FROM sbtest1 WHERE k BETWEEN 3176169 AND 3176269
	Bitmap Heap Scan on sbtest1  (cost=5.57..444.93 rows=111 width=125)
	  Recheck Cond: ((k >= 3176169) AND (k <= 3176269))
	  ->  Bitmap Index Scan on k_1  (cost=0.00..5.54 rows=111 width=0)
	        Index Cond: ((k >= 3176169) AND (k <= 3176269))

table 2 : explain SELECT k, c FROM sbtest2 WHERE k BETWEEN 3176169 AND 3176269
	Bitmap Heap Scan on sbtest2  (cost=5.55..437.10 rows=109 width=125)
	  Recheck Cond: ((k >= 3176169) AND (k <= 3176269))
	  ->  Bitmap Index Scan on k_2  (cost=0.00..5.52 rows=109 width=0)
	        Index Cond: ((k >= 3176169) AND (k <= 3176269))

table 3 : explain SELECT k, c FROM sbtest3 WHERE k BETWEEN 3176169 AND 3176269
	Bitmap Heap Scan on sbtest3  (cost=5.52..425.29 rows=106 width=125)
	  Recheck Cond: ((k >= 3176169) AND (k <= 3176269))
	  ->  Bitmap Index Scan on k_3  (cost=0.00..5.50 rows=106 width=0)
	        Index Cond: ((k >= 3176169) AND (k <= 3176269))

table 4 : explain SELECT k, c FROM sbtest4 WHERE k BETWEEN 3176169 AND 3176269
	Bitmap Heap Scan on sbtest4  (cost=5.55..437.12 rows=109 width=125)
	  Recheck Cond: ((k >= 3176169) AND (k <= 3176269))
	  ->  Bitmap Index Scan on k_4  (cost=0.00..5.52 rows=109 width=0)
	        Index Cond: ((k >= 3176169) AND (k <= 3176269))

table 5 : explain SELECT k, c FROM sbtest5 WHERE k BETWEEN 3176169 AND 3176269
	Bitmap Heap Scan on sbtest5  (cost=5.51..421.51 rows=105 width=125)
	  Recheck Cond: ((k >= 3176169) AND (k <= 3176269))
	  ->  Bitmap Index Scan on k_5  (cost=0.00..5.48 rows=105 width=0)
	        Index Cond: ((k >= 3176169) AND (k <= 3176269))

table 6 : explain SELECT k, c FROM sbtest6 WHERE k BETWEEN 3176169 AND 3176269
	Bitmap Heap Scan on sbtest6  (cost=5.46..401.69 rows=100 width=125)
	  Recheck Cond: ((k >= 3176169) AND (k <= 3176269))
	  ->  Bitmap Index Scan on k_6  (cost=0.00..5.43 rows=100 width=0)
	        Index Cond: ((k >= 3176169) AND (k <= 3176269))

table 7 : explain SELECT k, c FROM sbtest7 WHERE k BETWEEN 3176169 AND 3176269
	Bitmap Heap Scan on sbtest7  (cost=5.38..370.19 rows=92 width=125)
	  Recheck Cond: ((k >= 3176169) AND (k <= 3176269))
	  ->  Bitmap Index Scan on k_7  (cost=0.00..5.35 rows=92 width=0)
	        Index Cond: ((k >= 3176169) AND (k <= 3176269))

table 8 : explain SELECT k, c FROM sbtest8 WHERE k BETWEEN 3176169 AND 3176269
	Bitmap Heap Scan on sbtest8  (cost=5.48..409.59 rows=102 width=125)
	  Recheck Cond: ((k >= 3176169) AND (k <= 3176269))
	  ->  Bitmap Index Scan on k_8  (cost=0.00..5.45 rows=102 width=0)
	        Index Cond: ((k >= 3176169) AND (k <= 3176269))

explain: for range-notcovered :: explain SELECT k, c FROM sbtest%d WHERE k BETWEEN 643681 AND 643781explain: for range-notcovered :: explain SELECT k, c FROM sbtest%d WHERE k BETWEEN 8385802 AND 8385902

for range-notcovered
table 1 : explain SELECT k, c FROM sbtest1 WHERE k BETWEEN 3986803 AND 3986903
	Bitmap Heap Scan on sbtest1  (cost=5.51..421.28 rows=105 width=125)
	  Recheck Cond: ((k >= 3986803) AND (k <= 3986903))
	  ->  Bitmap Index Scan on k_1  (cost=0.00..5.48 rows=105 width=0)
	        Index Cond: ((k >= 3986803) AND (k <= 3986903))

table 2 : explain SELECT k, c FROM sbtest2 WHERE k BETWEEN 3986803 AND 3986903
	Bitmap Heap Scan on sbtest2  (cost=5.50..417.39 rows=104 width=125)
	  Recheck Cond: ((k >= 3986803) AND (k <= 3986903))
	  ->  Bitmap Index Scan on k_2  (cost=0.00..5.47 rows=104 width=0)
	        Index Cond: ((k >= 3986803) AND (k <= 3986903))

table 3 : explain SELECT k, c FROM sbtest3 WHERE k BETWEEN 3986803 AND 3986903
	Bitmap Heap Scan on sbtest3  (cost=5.42..385.84 rows=96 width=125)
	  Recheck Cond: ((k >= 3986803) AND (k <= 3986903))
	  ->  Bitmap Index Scan on k_3  (cost=0.00..5.39 rows=96 width=0)
	        Index Cond: ((k >= 3986803) AND (k <= 3986903))

table 4 : explain SELECT k, c FROM sbtest4 WHERE k BETWEEN 3986803 AND 3986903
	Bitmap Heap Scan on sbtest4  (cost=5.47..405.57 rows=101 width=125)
	  Recheck Cond: ((k >= 3986803) AND (k <= 3986903))
	  ->  Bitmap Index Scan on k_4  (cost=0.00..5.44 rows=101 width=0)
	        Index Cond: ((k >= 3986803) AND (k <= 3986903))

table 5 : explain SELECT k, c FROM sbtest5 WHERE k BETWEEN 3986803 AND 3986903
	Bitmap Heap Scan on sbtest5  (cost=5.46..401.78 rows=100 width=125)
	  Recheck Cond: ((k >= 3986803) AND (k <= 3986903))
	  ->  Bitmap Index Scan on k_5  (cost=0.00..5.43 rows=100 width=0)
	        Index Cond: ((k >= 3986803) AND (k <= 3986903))

table 6 : explain SELECT k, c FROM sbtest6 WHERE k BETWEEN 3986803 AND 3986903
	Bitmap Heap Scan on sbtest6  (cost=5.59..452.95 rows=113 width=125)
	  Recheck Cond: ((k >= 3986803) AND (k <= 3986903))
	  ->  Bitmap Index Scan on k_6  (cost=0.00..5.56 rows=113 width=0)
	        Index Cond: ((k >= 3986803) AND (k <= 3986903))

table 7 : explain SELECT k, c FROM sbtest7 WHERE k BETWEEN 3986803 AND 3986903
	Bitmap Heap Scan on sbtest7  (cost=5.52..425.46 rows=106 width=125)
	  Recheck Cond: ((k >= 3986803) AND (k <= 3986903))
	  ->  Bitmap Index Scan on k_7  (cost=0.00..5.50 rows=106 width=0)
	        Index Cond: ((k >= 3986803) AND (k <= 3986903))

table 8 : explain SELECT k, c FROM sbtest8 WHERE k BETWEEN 3986803 AND 3986903
	Bitmap Heap Scan on sbtest8  (cost=5.41..381.96 rows=95 width=125)
	  Recheck Cond: ((k >= 3986803) AND (k <= 3986903))
	  ->  Bitmap Index Scan on k_8  (cost=0.00..5.38 rows=95 width=0)
	        Index Cond: ((k >= 3986803) AND (k <= 3986903))

explain: for range-notcovered :: explain SELECT k, c FROM sbtest%d WHERE k BETWEEN 4647253 AND 4647353
explain: for range-notcovered :: explain SELECT k, c FROM sbtest%d WHERE k BETWEEN 3176169 AND 3176269
for range-notcovered
table 1 : explain SELECT k, c FROM sbtest1 WHERE k BETWEEN 3553595 AND 3553695
	Bitmap Heap Scan on sbtest1  (cost=5.49..413.39 rows=103 width=125)
	  Recheck Cond: ((k >= 3553595) AND (k <= 3553695))
	  ->  Bitmap Index Scan on k_1  (cost=0.00..5.46 rows=103 width=0)
	        Index Cond: ((k >= 3553595) AND (k <= 3553695))

table 2 : explain SELECT k, c FROM sbtest2 WHERE k BETWEEN 3553595 AND 3553695
	Bitmap Heap Scan on sbtest2  (cost=5.45..397.66 rows=99 width=125)
	  Recheck Cond: ((k >= 3553595) AND (k <= 3553695))
	  ->  Bitmap Index Scan on k_2  (cost=0.00..5.42 rows=99 width=0)
	        Index Cond: ((k >= 3553595) AND (k <= 3553695))

table 3 : explain SELECT k, c FROM sbtest3 WHERE k BETWEEN 3553595 AND 3553695
	Bitmap Heap Scan on sbtest3  (cost=5.55..437.12 rows=109 width=125)
	  Recheck Cond: ((k >= 3553595) AND (k <= 3553695))
	  ->  Bitmap Index Scan on k_3  (cost=0.00..5.52 rows=109 width=0)
	        Index Cond: ((k >= 3553595) AND (k <= 3553695))

table 4 : explain SELECT k, c FROM sbtest4 WHERE k BETWEEN 3553595 AND 3553695
	Bitmap Heap Scan on sbtest4  (cost=5.44..393.73 rows=98 width=125)
	  Recheck Cond: ((k >= 3553595) AND (k <= 3553695))
	  ->  Bitmap Index Scan on k_4  (cost=0.00..5.42 rows=98 width=0)
	        Index Cond: ((k >= 3553595) AND (k <= 3553695))

table 5 : explain SELECT k, c FROM sbtest5 WHERE k BETWEEN 3553595 AND 3553695
	Bitmap Heap Scan on sbtest5  (cost=5.46..401.78 rows=100 width=125)
	  Recheck Cond: ((k >= 3553595) AND (k <= 3553695))
	  ->  Bitmap Index Scan on k_5  (cost=0.00..5.43 rows=100 width=0)
	        Index Cond: ((k >= 3553595) AND (k <= 3553695))

table 6 : explain SELECT k, c FROM sbtest6 WHERE k BETWEEN 3553595 AND 3553695
	Bitmap Heap Scan on sbtest6  (cost=5.42..385.90 rows=96 width=125)
	  Recheck Cond: ((k >= 3553595) AND (k <= 3553695))
	  ->  Bitmap Index Scan on k_6  (cost=0.00..5.39 rows=96 width=0)
	        Index Cond: ((k >= 3553595) AND (k <= 3553695))

table 7 : explain SELECT k, c FROM sbtest7 WHERE k BETWEEN 3553595 AND 3553695
	Bitmap Heap Scan on sbtest7  (cost=5.48..409.67 rows=102 width=125)
	  Recheck Cond: ((k >= 3553595) AND (k <= 3553695))
	  ->  Bitmap Index Scan on k_7  (cost=0.00..5.45 rows=102 width=0)
	        Index Cond: ((k >= 3553595) AND (k <= 3553695))

table 8 : explain SELECT k, c FROM sbtest8 WHERE k BETWEEN 3553595 AND 3553695
	Bitmap Heap Scan on sbtest8  (cost=5.47..405.64 rows=101 width=125)
	  Recheck Cond: ((k >= 3553595) AND (k <= 3553695))
	  ->  Bitmap Index Scan on k_8  (cost=0.00..5.44 rows=101 width=0)
	        Index Cond: ((k >= 3553595) AND (k <= 3553695))

for range-notcovered
table 1 : explain SELECT k, c FROM sbtest1 WHERE k BETWEEN 8239503 AND 8239603
	Bitmap Heap Scan on sbtest1  (cost=5.48..409.45 rows=102 width=125)
	  Recheck Cond: ((k >= 8239503) AND (k <= 8239603))
	  ->  Bitmap Index Scan on k_1  (cost=0.00..5.45 rows=102 width=0)
	        Index Cond: ((k >= 8239503) AND (k <= 8239603))

table 2 : explain SELECT k, c FROM sbtest2 WHERE k BETWEEN 8239503 AND 8239603
	Bitmap Heap Scan on sbtest2  (cost=5.41..381.88 rows=95 width=125)
	  Recheck Cond: ((k >= 8239503) AND (k <= 8239603))
	  ->  Bitmap Index Scan on k_2  (cost=0.00..5.38 rows=95 width=0)
	        Index Cond: ((k >= 8239503) AND (k <= 8239603))

table 3 : explain SELECT k, c FROM sbtest3 WHERE k BETWEEN 8239503 AND 8239603
	Bitmap Heap Scan on sbtest3  (cost=5.51..421.35 rows=105 width=125)
	  Recheck Cond: ((k >= 8239503) AND (k <= 8239603))
	  ->  Bitmap Index Scan on k_3  (cost=0.00..5.48 rows=105 width=0)
	        Index Cond: ((k >= 8239503) AND (k <= 8239603))

table 4 : explain SELECT k, c FROM sbtest4 WHERE k BETWEEN 8239503 AND 8239603
	Bitmap Heap Scan on sbtest4  (cost=5.53..429.23 rows=107 width=125)
	  Recheck Cond: ((k >= 8239503) AND (k <= 8239603))
	  ->  Bitmap Index Scan on k_4  (cost=0.00..5.50 rows=107 width=0)
	        Index Cond: ((k >= 8239503) AND (k <= 8239603))

table 5 : explain SELECT k, c FROM sbtest5 WHERE k BETWEEN 8239503 AND 8239603
	Bitmap Heap Scan on sbtest5  (cost=5.45..397.83 rows=99 width=125)
	  Recheck Cond: ((k >= 8239503) AND (k <= 8239603))
	  ->  Bitmap Index Scan on k_5  (cost=0.00..5.42 rows=99 width=0)
	        Index Cond: ((k >= 8239503) AND (k <= 8239603))

table 6 : explain SELECT k, c FROM sbtest6 WHERE k BETWEEN 8239503 AND 8239603
	Bitmap Heap Scan on sbtest6  (cost=5.49..413.52 rows=103 width=125)
	  Recheck Cond: ((k >= 8239503) AND (k <= 8239603))
	  ->  Bitmap Index Scan on k_6  (cost=0.00..5.46 rows=103 width=0)
	        Index Cond: ((k >= 8239503) AND (k <= 8239603))

table 7 : explain SELECT k, c FROM sbtest7 WHERE k BETWEEN 8239503 AND 8239603
	Bitmap Heap Scan on sbtest7  (cost=5.42..385.98 rows=96 width=125)
	  Recheck Cond: ((k >= 8239503) AND (k <= 8239603))
	  ->  Bitmap Index Scan on k_7  (cost=0.00..5.39 rows=96 width=0)
	        Index Cond: ((k >= 8239503) AND (k <= 8239603))

table 8 : explain SELECT k, c FROM sbtest8 WHERE k BETWEEN 8239503 AND 8239603
	Bitmap Heap Scan on sbtest8  (cost=5.51..421.42 rows=105 width=125)
	  Recheck Cond: ((k >= 8239503) AND (k <= 8239603))
	  ->  Bitmap Index Scan on k_8  (cost=0.00..5.48 rows=105 width=0)
	        Index Cond: ((k >= 8239503) AND (k <= 8239603))

for range-notcovered
table 1 : explain SELECT k, c FROM sbtest1 WHERE k BETWEEN 5375673 AND 5375773
	Bitmap Heap Scan on sbtest1  (cost=5.40..377.89 rows=94 width=125)
	  Recheck Cond: ((k >= 5375673) AND (k <= 5375773))
	  ->  Bitmap Index Scan on k_1  (cost=0.00..5.38 rows=94 width=0)
	        Index Cond: ((k >= 5375673) AND (k <= 5375773))

table 2 : explain SELECT k, c FROM sbtest2 WHERE k BETWEEN 5375673 AND 5375773
	Bitmap Heap Scan on sbtest2  (cost=5.52..425.27 rows=106 width=125)
	  Recheck Cond: ((k >= 5375673) AND (k <= 5375773))
	  ->  Bitmap Index Scan on k_2  (cost=0.00..5.50 rows=106 width=0)
	        Index Cond: ((k >= 5375673) AND (k <= 5375773))

table 3 : explain SELECT k, c FROM sbtest3 WHERE k BETWEEN 5375673 AND 5375773
	Bitmap Heap Scan on sbtest3  (cost=5.43..389.79 rows=97 width=125)
	  Recheck Cond: ((k >= 5375673) AND (k <= 5375773))
	  ->  Bitmap Index Scan on k_3  (cost=0.00..5.40 rows=97 width=0)
	        Index Cond: ((k >= 5375673) AND (k <= 5375773))

table 4 : explain SELECT k, c FROM sbtest4 WHERE k BETWEEN 5375673 AND 5375773
	Bitmap Heap Scan on sbtest4  (cost=5.53..429.23 rows=107 width=125)
	  Recheck Cond: ((k >= 5375673) AND (k <= 5375773))
	  ->  Bitmap Index Scan on k_4  (cost=0.00..5.50 rows=107 width=0)
	        Index Cond: ((k >= 5375673) AND (k <= 5375773))

table 5 : explain SELECT k, c FROM sbtest5 WHERE k BETWEEN 5375673 AND 5375773
	Bitmap Heap Scan on sbtest5  (cost=5.38..370.18 rows=92 width=125)
	  Recheck Cond: ((k >= 5375673) AND (k <= 5375773))
	  ->  Bitmap Index Scan on k_5  (cost=0.00..5.35 rows=92 width=0)
	        Index Cond: ((k >= 5375673) AND (k <= 5375773))

table 6 : explain SELECT k, c FROM sbtest6 WHERE k BETWEEN 5375673 AND 5375773
	Bitmap Heap Scan on sbtest6  (cost=5.46..401.69 rows=100 width=125)
	  Recheck Cond: ((k >= 5375673) AND (k <= 5375773))
	  ->  Bitmap Index Scan on k_6  (cost=0.00..5.43 rows=100 width=0)
	        Index Cond: ((k >= 5375673) AND (k <= 5375773))

table 7 : explain SELECT k, c FROM sbtest7 WHERE k BETWEEN 5375673 AND 5375773
	Bitmap Heap Scan on sbtest7  (cost=5.54..433.35 rows=108 width=125)
	  Recheck Cond: ((k >= 5375673) AND (k <= 5375773))
	  ->  Bitmap Index Scan on k_7  (cost=0.00..5.51 rows=108 width=0)
	        Index Cond: ((k >= 5375673) AND (k <= 5375773))

table 8 : explain SELECT k, c FROM sbtest8 WHERE k BETWEEN 5375673 AND 5375773
	Bitmap Heap Scan on sbtest8  (cost=5.54..433.26 rows=108 width=125)
	  Recheck Cond: ((k >= 5375673) AND (k <= 5375773))
	  ->  Bitmap Index Scan on k_8  (cost=0.00..5.51 rows=108 width=0)
	        Index Cond: ((k >= 5375673) AND (k <= 5375773))

explain: for range-notcovered :: explain SELECT k, c FROM sbtest%d WHERE k BETWEEN 3986803 AND 3986903
explain: for range-notcovered :: explain SELECT k, c FROM sbtest%d WHERE k BETWEEN 3553595 AND 3553695
explain: for range-notcovered :: explain SELECT k, c FROM sbtest%d WHERE k BETWEEN 8239503 AND 8239603
explain: for range-notcovered :: explain SELECT k, c FROM sbtest%d WHERE k BETWEEN 5375673 AND 5375773
for range-notcovered
table 1 : explain SELECT k, c FROM sbtest1 WHERE k BETWEEN 6675946 AND 6676046
	Bitmap Heap Scan on sbtest1  (cost=5.48..409.45 rows=102 width=125)
	  Recheck Cond: ((k >= 6675946) AND (k <= 6676046))
	  ->  Bitmap Index Scan on k_1  (cost=0.00..5.45 rows=102 width=0)
	        Index Cond: ((k >= 6675946) AND (k <= 6676046))

table 2 : explain SELECT k, c FROM sbtest2 WHERE k BETWEEN 6675946 AND 6676046
	Bitmap Heap Scan on sbtest2  (cost=5.45..397.66 rows=99 width=125)
	  Recheck Cond: ((k >= 6675946) AND (k <= 6676046))
	  ->  Bitmap Index Scan on k_2  (cost=0.00..5.42 rows=99 width=0)
	        Index Cond: ((k >= 6675946) AND (k <= 6676046))

table 3 : explain SELECT k, c FROM sbtest3 WHERE k BETWEEN 6675946 AND 6676046
	Bitmap Heap Scan on sbtest3  (cost=5.48..409.52 rows=102 width=125)
	  Recheck Cond: ((k >= 6675946) AND (k <= 6676046))
	  ->  Bitmap Index Scan on k_3  (cost=0.00..5.45 rows=102 width=0)
	        Index Cond: ((k >= 6675946) AND (k <= 6676046))

table 4 : explain SELECT k, c FROM sbtest4 WHERE k BETWEEN 6675946 AND 6676046
	Bitmap Heap Scan on sbtest4  (cost=5.44..393.73 rows=98 width=125)
	  Recheck Cond: ((k >= 6675946) AND (k <= 6676046))
	  ->  Bitmap Index Scan on k_4  (cost=0.00..5.42 rows=98 width=0)
	        Index Cond: ((k >= 6675946) AND (k <= 6676046))

table 5 : explain SELECT k, c FROM sbtest5 WHERE k BETWEEN 6675946 AND 6676046
	Bitmap Heap Scan on sbtest5  (cost=5.43..389.93 rows=97 width=125)
	  Recheck Cond: ((k >= 6675946) AND (k <= 6676046))
	  ->  Bitmap Index Scan on k_5  (cost=0.00..5.40 rows=97 width=0)
	        Index Cond: ((k >= 6675946) AND (k <= 6676046))

table 6 : explain SELECT k, c FROM sbtest6 WHERE k BETWEEN 6675946 AND 6676046
	Bitmap Heap Scan on sbtest6  (cost=5.52..425.36 rows=106 width=125)
	  Recheck Cond: ((k >= 6675946) AND (k <= 6676046))
	  ->  Bitmap Index Scan on k_6  (cost=0.00..5.50 rows=106 width=0)
	        Index Cond: ((k >= 6675946) AND (k <= 6676046))

table 7 : explain SELECT k, c FROM sbtest7 WHERE k BETWEEN 6675946 AND 6676046
	Bitmap Heap Scan on sbtest7  (cost=5.53..429.40 rows=107 width=125)
	  Recheck Cond: ((k >= 6675946) AND (k <= 6676046))
	  ->  Bitmap Index Scan on k_7  (cost=0.00..5.50 rows=107 width=0)
	        Index Cond: ((k >= 6675946) AND (k <= 6676046))

table 8 : explain SELECT k, c FROM sbtest8 WHERE k BETWEEN 6675946 AND 6676046
	Bitmap Heap Scan on sbtest8  (cost=5.46..401.70 rows=100 width=125)
	  Recheck Cond: ((k >= 6675946) AND (k <= 6676046))
	  ->  Bitmap Index Scan on k_8  (cost=0.00..5.43 rows=100 width=0)
	        Index Cond: ((k >= 6675946) AND (k <= 6676046))

explain: for range-notcovered :: explain SELECT k, c FROM sbtest%d WHERE k BETWEEN 6675946 AND 6676046
for range-notcovered
table 1 : explain SELECT k, c FROM sbtest1 WHERE k BETWEEN 2383423 AND 2383523
	Bitmap Heap Scan on sbtest1  (cost=5.47..405.51 rows=101 width=125)
	  Recheck Cond: ((k >= 2383423) AND (k <= 2383523))
	  ->  Bitmap Index Scan on k_1  (cost=0.00..5.44 rows=101 width=0)
	        Index Cond: ((k >= 2383423) AND (k <= 2383523))

table 2 : explain SELECT k, c FROM sbtest2 WHERE k BETWEEN 2383423 AND 2383523
	Bitmap Heap Scan on sbtest2  (cost=5.48..409.50 rows=102 width=125)
	  Recheck Cond: ((k >= 2383423) AND (k <= 2383523))
	  ->  Bitmap Index Scan on k_2  (cost=0.00..5.45 rows=102 width=0)
	        Index Cond: ((k >= 2383423) AND (k <= 2383523))

table 3 : explain SELECT k, c FROM sbtest3 WHERE k BETWEEN 2383423 AND 2383523
	Bitmap Heap Scan on sbtest3  (cost=5.53..429.23 rows=107 width=125)
	  Recheck Cond: ((k >= 2383423) AND (k <= 2383523))
	  ->  Bitmap Index Scan on k_3  (cost=0.00..5.50 rows=107 width=0)
	        Index Cond: ((k >= 2383423) AND (k <= 2383523))

table 4 : explain SELECT k, c FROM sbtest4 WHERE k BETWEEN 2383423 AND 2383523
	Bitmap Heap Scan on sbtest4  (cost=5.44..393.73 rows=98 width=125)
	  Recheck Cond: ((k >= 2383423) AND (k <= 2383523))
	  ->  Bitmap Index Scan on k_4  (cost=0.00..5.42 rows=98 width=0)
	        Index Cond: ((k >= 2383423) AND (k <= 2383523))

table 5 : explain SELECT k, c FROM sbtest5 WHERE k BETWEEN 2383423 AND 2383523
	Bitmap Heap Scan on sbtest5  (cost=5.38..370.18 rows=92 width=125)
	  Recheck Cond: ((k >= 2383423) AND (k <= 2383523))
	  ->  Bitmap Index Scan on k_5  (cost=0.00..5.35 rows=92 width=0)
	        Index Cond: ((k >= 2383423) AND (k <= 2383523))

table 6 : explain SELECT k, c FROM sbtest6 WHERE k BETWEEN 2383423 AND 2383523
	Bitmap Heap Scan on sbtest6  (cost=5.43..389.85 rows=97 width=125)
	  Recheck Cond: ((k >= 2383423) AND (k <= 2383523))
	  ->  Bitmap Index Scan on k_6  (cost=0.00..5.40 rows=97 width=0)
	        Index Cond: ((k >= 2383423) AND (k <= 2383523))

table 7 : explain SELECT k, c FROM sbtest7 WHERE k BETWEEN 2383423 AND 2383523
	Bitmap Heap Scan on sbtest7  (cost=5.49..413.62 rows=103 width=125)
	  Recheck Cond: ((k >= 2383423) AND (k <= 2383523))
	  ->  Bitmap Index Scan on k_7  (cost=0.00..5.46 rows=103 width=0)
	        Index Cond: ((k >= 2383423) AND (k <= 2383523))

table 8 : explain SELECT k, c FROM sbtest8 WHERE k BETWEEN 2383423 AND 2383523
	Bitmap Heap Scan on sbtest8  (cost=5.46..401.70 rows=100 width=125)
	  Recheck Cond: ((k >= 2383423) AND (k <= 2383523))
	  ->  Bitmap Index Scan on k_8  (cost=0.00..5.43 rows=100 width=0)
	        Index Cond: ((k >= 2383423) AND (k <= 2383523))

for range-notcovered
table 1 : explain SELECT k, c FROM sbtest1 WHERE k BETWEEN 9033111 AND 9033211
	Bitmap Heap Scan on sbtest1  (cost=5.51..421.28 rows=105 width=125)
	  Recheck Cond: ((k >= 9033111) AND (k <= 9033211))
	  ->  Bitmap Index Scan on k_1  (cost=0.00..5.48 rows=105 width=0)
	        Index Cond: ((k >= 9033111) AND (k <= 9033211))

table 2 : explain SELECT k, c FROM sbtest2 WHERE k BETWEEN 9033111 AND 9033211
	Bitmap Heap Scan on sbtest2  (cost=5.42..385.83 rows=96 width=125)
	  Recheck Cond: ((k >= 9033111) AND (k <= 9033211))
	  ->  Bitmap Index Scan on k_2  (cost=0.00..5.39 rows=96 width=0)
	        Index Cond: ((k >= 9033111) AND (k <= 9033211))

table 3 : explain SELECT k, c FROM sbtest3 WHERE k BETWEEN 9033111 AND 9033211
	Bitmap Heap Scan on sbtest3  (cost=5.44..393.74 rows=98 width=125)
	  Recheck Cond: ((k >= 9033111) AND (k <= 9033211))
	  ->  Bitmap Index Scan on k_3  (cost=0.00..5.42 rows=98 width=0)
	        Index Cond: ((k >= 9033111) AND (k <= 9033211))

table 4 : explain SELECT k, c FROM sbtest4 WHERE k BETWEEN 9033111 AND 9033211
	Bitmap Heap Scan on sbtest4  (cost=5.49..413.46 rows=103 width=125)
	  Recheck Cond: ((k >= 9033111) AND (k <= 9033211))
	  ->  Bitmap Index Scan on k_4  (cost=0.00..5.46 rows=103 width=0)
	        Index Cond: ((k >= 9033111) AND (k <= 9033211))

table 5 : explain SELECT k, c FROM sbtest5 WHERE k BETWEEN 9033111 AND 9033211
	Bitmap Heap Scan on sbtest5  (cost=5.48..409.67 rows=102 width=125)
	  Recheck Cond: ((k >= 9033111) AND (k <= 9033211))
	  ->  Bitmap Index Scan on k_5  (cost=0.00..5.45 rows=102 width=0)
	        Index Cond: ((k >= 9033111) AND (k <= 9033211))

table 6 : explain SELECT k, c FROM sbtest6 WHERE k BETWEEN 9033111 AND 9033211
	Bitmap Heap Scan on sbtest6  (cost=5.38..370.10 rows=92 width=125)
	  Recheck Cond: ((k >= 9033111) AND (k <= 9033211))
	  ->  Bitmap Index Scan on k_6  (cost=0.00..5.35 rows=92 width=0)
	        Index Cond: ((k >= 9033111) AND (k <= 9033211))

table 7 : explain SELECT k, c FROM sbtest7 WHERE k BETWEEN 9033111 AND 9033211
	Bitmap Heap Scan on sbtest7  (cost=5.49..413.62 rows=103 width=125)
	  Recheck Cond: ((k >= 9033111) AND (k <= 9033211))
	  ->  Bitmap Index Scan on k_7  (cost=0.00..5.46 rows=103 width=0)
	        Index Cond: ((k >= 9033111) AND (k <= 9033211))

table 8 : explain SELECT k, c FROM sbtest8 WHERE k BETWEEN 9033111 AND 9033211
	Bitmap Heap Scan on sbtest8  (cost=5.41..381.96 rows=95 width=125)
	  Recheck Cond: ((k >= 9033111) AND (k <= 9033211))
	  ->  Bitmap Index Scan on k_8  (cost=0.00..5.38 rows=95 width=0)
	        Index Cond: ((k >= 9033111) AND (k <= 9033211))

explain: for range-notcovered :: explain SELECT k, c FROM sbtest%d WHERE k BETWEEN 2383423 AND 2383523
explain: for range-notcovered :: explain SELECT k, c FROM sbtest%d WHERE k BETWEEN 9033111 AND 9033211
for range-notcovered
table 1 : explain SELECT k, c FROM sbtest1 WHERE k BETWEEN 7705401 AND 7705501
	Bitmap Heap Scan on sbtest1  (cost=5.45..397.62 rows=99 width=125)
	  Recheck Cond: ((k >= 7705401) AND (k <= 7705501))
	  ->  Bitmap Index Scan on k_1  (cost=0.00..5.42 rows=99 width=0)
	        Index Cond: ((k >= 7705401) AND (k <= 7705501))

table 2 : explain SELECT k, c FROM sbtest2 WHERE k BETWEEN 7705401 AND 7705501
	Bitmap Heap Scan on sbtest2  (cost=5.39..373.98 rows=93 width=125)
	  Recheck Cond: ((k >= 7705401) AND (k <= 7705501))
	  ->  Bitmap Index Scan on k_2  (cost=0.00..5.36 rows=93 width=0)
	        Index Cond: ((k >= 7705401) AND (k <= 7705501))

table 3 : explain SELECT k, c FROM sbtest3 WHERE k BETWEEN 7705401 AND 7705501
	Bitmap Heap Scan on sbtest3  (cost=5.46..401.63 rows=100 width=125)
	  Recheck Cond: ((k >= 7705401) AND (k <= 7705501))
	  ->  Bitmap Index Scan on k_3  (cost=0.00..5.43 rows=100 width=0)
	        Index Cond: ((k >= 7705401) AND (k <= 7705501))

table 4 : explain SELECT k, c FROM sbtest4 WHERE k BETWEEN 7705401 AND 7705501
	Bitmap Heap Scan on sbtest4  (cost=5.49..413.46 rows=103 width=125)
	  Recheck Cond: ((k >= 7705401) AND (k <= 7705501))
	  ->  Bitmap Index Scan on k_4  (cost=0.00..5.46 rows=103 width=0)
	        Index Cond: ((k >= 7705401) AND (k <= 7705501))

table 5 : explain SELECT k, c FROM sbtest5 WHERE k BETWEEN 7705401 AND 7705501
	Bitmap Heap Scan on sbtest5  (cost=5.41..382.03 rows=95 width=125)
	  Recheck Cond: ((k >= 7705401) AND (k <= 7705501))
	  ->  Bitmap Index Scan on k_5  (cost=0.00..5.38 rows=95 width=0)
	        Index Cond: ((k >= 7705401) AND (k <= 7705501))

table 6 : explain SELECT k, c FROM sbtest6 WHERE k BETWEEN 7705401 AND 7705501
	Bitmap Heap Scan on sbtest6  (cost=5.49..413.52 rows=103 width=125)
	  Recheck Cond: ((k >= 7705401) AND (k <= 7705501))
	  ->  Bitmap Index Scan on k_6  (cost=0.00..5.46 rows=103 width=0)
	        Index Cond: ((k >= 7705401) AND (k <= 7705501))

table 7 : explain SELECT k, c FROM sbtest7 WHERE k BETWEEN 7705401 AND 7705501
	Bitmap Heap Scan on sbtest7  (cost=5.51..421.51 rows=105 width=125)
	  Recheck Cond: ((k >= 7705401) AND (k <= 7705501))
	  ->  Bitmap Index Scan on k_7  (cost=0.00..5.48 rows=105 width=0)
	        Index Cond: ((k >= 7705401) AND (k <= 7705501))

table 8 : explain SELECT k, c FROM sbtest8 WHERE k BETWEEN 7705401 AND 7705501
	Bitmap Heap Scan on sbtest8  (cost=5.48..409.59 rows=102 width=125)
	  Recheck Cond: ((k >= 7705401) AND (k <= 7705501))
	  ->  Bitmap Index Scan on k_8  (cost=0.00..5.45 rows=102 width=0)
	        Index Cond: ((k >= 7705401) AND (k <= 7705501))

explain: for range-notcovered :: explain SELECT k, c FROM sbtest%d WHERE k BETWEEN 7705401 AND 7705501
for range-notcovered
table 1 : explain SELECT k, c FROM sbtest1 WHERE k BETWEEN 4647253 AND 4647353
	Bitmap Heap Scan on sbtest1  (cost=5.49..413.39 rows=103 width=125)
	  Recheck Cond: ((k >= 4647253) AND (k <= 4647353))
	  ->  Bitmap Index Scan on k_1  (cost=0.00..5.46 rows=103 width=0)
	        Index Cond: ((k >= 4647253) AND (k <= 4647353))

table 2 : explain SELECT k, c FROM sbtest2 WHERE k BETWEEN 4647253 AND 4647353
	Bitmap Heap Scan on sbtest2  (cost=5.51..421.33 rows=105 width=125)
	  Recheck Cond: ((k >= 4647253) AND (k <= 4647353))
	  ->  Bitmap Index Scan on k_2  (cost=0.00..5.48 rows=105 width=0)
	        Index Cond: ((k >= 4647253) AND (k <= 4647353))

table 3 : explain SELECT k, c FROM sbtest3 WHERE k BETWEEN 4647253 AND 4647353
	Bitmap Heap Scan on sbtest3  (cost=5.50..417.40 rows=104 width=125)
	  Recheck Cond: ((k >= 4647253) AND (k <= 4647353))
	  ->  Bitmap Index Scan on k_3  (cost=0.00..5.47 rows=104 width=0)
	        Index Cond: ((k >= 4647253) AND (k <= 4647353))

table 4 : explain SELECT k, c FROM sbtest4 WHERE k BETWEEN 4647253 AND 4647353
	Bitmap Heap Scan on sbtest4  (cost=5.48..409.51 rows=102 width=125)
	  Recheck Cond: ((k >= 4647253) AND (k <= 4647353))
	  ->  Bitmap Index Scan on k_4  (cost=0.00..5.45 rows=102 width=0)
	        Index Cond: ((k >= 4647253) AND (k <= 4647353))

table 5 : explain SELECT k, c FROM sbtest5 WHERE k BETWEEN 4647253 AND 4647353
	Bitmap Heap Scan on sbtest5  (cost=5.46..401.78 rows=100 width=125)
	  Recheck Cond: ((k >= 4647253) AND (k <= 4647353))
	  ->  Bitmap Index Scan on k_5  (cost=0.00..5.43 rows=100 width=0)
	        Index Cond: ((k >= 4647253) AND (k <= 4647353))

table 6 : explain SELECT k, c FROM sbtest6 WHERE k BETWEEN 4647253 AND 4647353
	Bitmap Heap Scan on sbtest6  (cost=5.55..437.19 rows=109 width=125)
	  Recheck Cond: ((k >= 4647253) AND (k <= 4647353))
	  ->  Bitmap Index Scan on k_6  (cost=0.00..5.52 rows=109 width=0)
	        Index Cond: ((k >= 4647253) AND (k <= 4647353))

table 7 : explain SELECT k, c FROM sbtest7 WHERE k BETWEEN 4647253 AND 4647353
	Bitmap Heap Scan on sbtest7  (cost=5.57..445.18 rows=111 width=125)
	  Recheck Cond: ((k >= 4647253) AND (k <= 4647353))
	  ->  Bitmap Index Scan on k_7  (cost=0.00..5.54 rows=111 width=0)
	        Index Cond: ((k >= 4647253) AND (k <= 4647353))

table 8 : explain SELECT k, c FROM sbtest8 WHERE k BETWEEN 4647253 AND 4647353
	Bitmap Heap Scan on sbtest8  (cost=5.52..425.37 rows=106 width=125)
	  Recheck Cond: ((k >= 4647253) AND (k <= 4647353))
	  ->  Bitmap Index Scan on k_8  (cost=0.00..5.50 rows=106 width=0)
	        Index Cond: ((k >= 4647253) AND (k <= 4647353))

for range-notcovered
table 1 : explain SELECT k, c FROM sbtest1 WHERE k BETWEEN 8239503 AND 8239603
	Bitmap Heap Scan on sbtest1  (cost=5.48..409.45 rows=102 width=125)
	  Recheck Cond: ((k >= 8239503) AND (k <= 8239603))
	  ->  Bitmap Index Scan on k_1  (cost=0.00..5.45 rows=102 width=0)
	        Index Cond: ((k >= 8239503) AND (k <= 8239603))

table 2 : explain SELECT k, c FROM sbtest2 WHERE k BETWEEN 8239503 AND 8239603
	Bitmap Heap Scan on sbtest2  (cost=5.41..381.88 rows=95 width=125)
	  Recheck Cond: ((k >= 8239503) AND (k <= 8239603))
	  ->  Bitmap Index Scan on k_2  (cost=0.00..5.38 rows=95 width=0)
	        Index Cond: ((k >= 8239503) AND (k <= 8239603))

table 3 : explain SELECT k, c FROM sbtest3 WHERE k BETWEEN 8239503 AND 8239603
	Bitmap Heap Scan on sbtest3  (cost=5.51..421.35 rows=105 width=125)
	  Recheck Cond: ((k >= 8239503) AND (k <= 8239603))
	  ->  Bitmap Index Scan on k_3  (cost=0.00..5.48 rows=105 width=0)
	        Index Cond: ((k >= 8239503) AND (k <= 8239603))

table 4 : explain SELECT k, c FROM sbtest4 WHERE k BETWEEN 8239503 AND 8239603
	Bitmap Heap Scan on sbtest4  (cost=5.53..429.23 rows=107 width=125)
	  Recheck Cond: ((k >= 8239503) AND (k <= 8239603))
	  ->  Bitmap Index Scan on k_4  (cost=0.00..5.50 rows=107 width=0)
	        Index Cond: ((k >= 8239503) AND (k <= 8239603))

table 5 : explain SELECT k, c FROM sbtest5 WHERE k BETWEEN 8239503 AND 8239603
	Bitmap Heap Scan on sbtest5  (cost=5.45..397.83 rows=99 width=125)
	  Recheck Cond: ((k >= 8239503) AND (k <= 8239603))
	  ->  Bitmap Index Scan on k_5  (cost=0.00..5.42 rows=99 width=0)
	        Index Cond: ((k >= 8239503) AND (k <= 8239603))

table 6 : explain SELECT k, c FROM sbtest6 WHERE k BETWEEN 8239503 AND 8239603
	Bitmap Heap Scan on sbtest6  (cost=5.49..413.52 rows=103 width=125)
	  Recheck Cond: ((k >= 8239503) AND (k <= 8239603))
	  ->  Bitmap Index Scan on k_6  (cost=0.00..5.46 rows=103 width=0)
	        Index Cond: ((k >= 8239503) AND (k <= 8239603))

table 7 : explain SELECT k, c FROM sbtest7 WHERE k BETWEEN 8239503 AND 8239603
	Bitmap Heap Scan on sbtest7  (cost=5.42..385.98 rows=96 width=125)
	  Recheck Cond: ((k >= 8239503) AND (k <= 8239603))
	  ->  Bitmap Index Scan on k_7  (cost=0.00..5.39 rows=96 width=0)
	        Index Cond: ((k >= 8239503) AND (k <= 8239603))

table 8 : explain SELECT k, c FROM sbtest8 WHERE k BETWEEN 8239503 AND 8239603
	Bitmap Heap Scan on sbtest8  (cost=5.51..421.42 rows=105 width=125)
	  Recheck Cond: ((k >= 8239503) AND (k <= 8239603))
	  ->  Bitmap Index Scan on k_8  (cost=0.00..5.48 rows=105 width=0)
	        Index Cond: ((k >= 8239503) AND (k <= 8239603))

for range-notcovered
table 1 : explain SELECT k, c FROM sbtest1 WHERE k BETWEEN 643681 AND 643781
	Bitmap Heap Scan on sbtest1  (cost=5.43..389.73 rows=97 width=125)
	  Recheck Cond: ((k >= 643681) AND (k <= 643781))
	  ->  Bitmap Index Scan on k_1  (cost=0.00..5.40 rows=97 width=0)
	        Index Cond: ((k >= 643681) AND (k <= 643781))

table 2 : explain SELECT k, c FROM sbtest2 WHERE k BETWEEN 643681 AND 643781
	Bitmap Heap Scan on sbtest2  (cost=5.47..405.55 rows=101 width=125)
	  Recheck Cond: ((k >= 643681) AND (k <= 643781))
	  ->  Bitmap Index Scan on k_2  (cost=0.00..5.44 rows=101 width=0)
	        Index Cond: ((k >= 643681) AND (k <= 643781))

table 3 : explain SELECT k, c FROM sbtest3 WHERE k BETWEEN 643681 AND 643781
	Bitmap Heap Scan on sbtest3  (cost=5.45..397.68 rows=99 width=125)
	  Recheck Cond: ((k >= 643681) AND (k <= 643781))
	  ->  Bitmap Index Scan on k_3  (cost=0.00..5.42 rows=99 width=0)
	        Index Cond: ((k >= 643681) AND (k <= 643781))

table 4 : explain SELECT k, c FROM sbtest4 WHERE k BETWEEN 643681 AND 643781
	Bitmap Heap Scan on sbtest4  (cost=5.51..421.35 rows=105 width=125)
	  Recheck Cond: ((k >= 643681) AND (k <= 643781))
	  ->  Bitmap Index Scan on k_4  (cost=0.00..5.48 rows=105 width=0)
	        Index Cond: ((k >= 643681) AND (k <= 643781))

table 5 : explain SELECT k, c FROM sbtest5 WHERE k BETWEEN 643681 AND 643781
	Bitmap Heap Scan on sbtest5  (cost=5.44..393.88 rows=98 width=125)
	  Recheck Cond: ((k >= 643681) AND (k <= 643781))
	  ->  Bitmap Index Scan on k_5  (cost=0.00..5.42 rows=98 width=0)
	        Index Cond: ((k >= 643681) AND (k <= 643781))

table 6 : explain SELECT k, c FROM sbtest6 WHERE k BETWEEN 643681 AND 643781
	Bitmap Heap Scan on sbtest6  (cost=5.56..441.13 rows=110 width=125)
	  Recheck Cond: ((k >= 643681) AND (k <= 643781))
	  ->  Bitmap Index Scan on k_6  (cost=0.00..5.53 rows=110 width=0)
	        Index Cond: ((k >= 643681) AND (k <= 643781))

table 7 : explain SELECT k, c FROM sbtest7 WHERE k BETWEEN 643681 AND 643781
	Bitmap Heap Scan on sbtest7  (cost=5.49..413.62 rows=103 width=125)
	  Recheck Cond: ((k >= 643681) AND (k <= 643781))
	  ->  Bitmap Index Scan on k_7  (cost=0.00..5.46 rows=103 width=0)
	        Index Cond: ((k >= 643681) AND (k <= 643781))

table 8 : explain SELECT k, c FROM sbtest8 WHERE k BETWEEN 643681 AND 643781
	Bitmap Heap Scan on sbtest8  (cost=5.47..405.64 rows=101 width=125)
	  Recheck Cond: ((k >= 643681) AND (k <= 643781))
	  ->  Bitmap Index Scan on k_8  (cost=0.00..5.44 rows=101 width=0)
	        Index Cond: ((k >= 643681) AND (k <= 643781))

for range-notcovered
table 1 : explain SELECT k, c FROM sbtest1 WHERE k BETWEEN 8385802 AND 8385902
	Bitmap Heap Scan on sbtest1  (cost=5.49..413.39 rows=103 width=125)
	  Recheck Cond: ((k >= 8385802) AND (k <= 8385902))
	  ->  Bitmap Index Scan on k_1  (cost=0.00..5.46 rows=103 width=0)
	        Index Cond: ((k >= 8385802) AND (k <= 8385902))

table 2 : explain SELECT k, c FROM sbtest2 WHERE k BETWEEN 8385802 AND 8385902
	Bitmap Heap Scan on sbtest2  (cost=5.44..393.72 rows=98 width=125)
	  Recheck Cond: ((k >= 8385802) AND (k <= 8385902))
	  ->  Bitmap Index Scan on k_2  (cost=0.00..5.42 rows=98 width=0)
	        Index Cond: ((k >= 8385802) AND (k <= 8385902))

table 3 : explain SELECT k, c FROM sbtest3 WHERE k BETWEEN 8385802 AND 8385902
	Bitmap Heap Scan on sbtest3  (cost=5.43..389.79 rows=97 width=125)
	  Recheck Cond: ((k >= 8385802) AND (k <= 8385902))
	  ->  Bitmap Index Scan on k_3  (cost=0.00..5.40 rows=97 width=0)
	        Index Cond: ((k >= 8385802) AND (k <= 8385902))

table 4 : explain SELECT k, c FROM sbtest4 WHERE k BETWEEN 8385802 AND 8385902
	Bitmap Heap Scan on sbtest4  (cost=5.47..405.57 rows=101 width=125)
	  Recheck Cond: ((k >= 8385802) AND (k <= 8385902))
	  ->  Bitmap Index Scan on k_4  (cost=0.00..5.44 rows=101 width=0)
	        Index Cond: ((k >= 8385802) AND (k <= 8385902))

table 5 : explain SELECT k, c FROM sbtest5 WHERE k BETWEEN 8385802 AND 8385902
	Bitmap Heap Scan on sbtest5  (cost=5.53..429.40 rows=107 width=125)
	  Recheck Cond: ((k >= 8385802) AND (k <= 8385902))
	  ->  Bitmap Index Scan on k_5  (cost=0.00..5.50 rows=107 width=0)
	        Index Cond: ((k >= 8385802) AND (k <= 8385902))

table 6 : explain SELECT k, c FROM sbtest6 WHERE k BETWEEN 8385802 AND 8385902
	Bitmap Heap Scan on sbtest6  (cost=5.39..374.05 rows=93 width=125)
	  Recheck Cond: ((k >= 8385802) AND (k <= 8385902))
	  ->  Bitmap Index Scan on k_6  (cost=0.00..5.36 rows=93 width=0)
	        Index Cond: ((k >= 8385802) AND (k <= 8385902))

table 7 : explain SELECT k, c FROM sbtest7 WHERE k BETWEEN 8385802 AND 8385902
	Bitmap Heap Scan on sbtest7  (cost=5.60..457.01 rows=114 width=125)
	  Recheck Cond: ((k >= 8385802) AND (k <= 8385902))
	  ->  Bitmap Index Scan on k_7  (cost=0.00..5.58 rows=114 width=0)
	        Index Cond: ((k >= 8385802) AND (k <= 8385902))

table 8 : explain SELECT k, c FROM sbtest8 WHERE k BETWEEN 8385802 AND 8385902
	Bitmap Heap Scan on sbtest8  (cost=5.47..405.64 rows=101 width=125)
	  Recheck Cond: ((k >= 8385802) AND (k <= 8385902))
	  ->  Bitmap Index Scan on k_8  (cost=0.00..5.44 rows=101 width=0)
	        Index Cond: ((k >= 8385802) AND (k <= 8385902))
explain: for range-notcovered :: explain SELECT k, c FROM sbtest%d WHERE k BETWEEN 8239503 AND 8239603for range-notcovered
table 1 : explain SELECT k, c FROM sbtest1 WHERE k BETWEEN 3176169 AND 3176269
	Bitmap Heap Scan on sbtest1  (cost=5.57..444.93 rows=111 width=125)
	  Recheck Cond: ((k >= 3176169) AND (k <= 3176269))
	  ->  Bitmap Index Scan on k_1  (cost=0.00..5.54 rows=111 width=0)
	        Index Cond: ((k >= 3176169) AND (k <= 3176269))

table 2 : explain SELECT k, c FROM sbtest2 WHERE k BETWEEN 3176169 AND 3176269
	Bitmap Heap Scan on sbtest2  (cost=5.55..437.10 rows=109 width=125)
	  Recheck Cond: ((k >= 3176169) AND (k <= 3176269))
	  ->  Bitmap Index Scan on k_2  (cost=0.00..5.52 rows=109 width=0)
	        Index Cond: ((k >= 3176169) AND (k <= 3176269))

table 3 : explain SELECT k, c FROM sbtest3 WHERE k BETWEEN 3176169 AND 3176269
	Bitmap Heap Scan on sbtest3  (cost=5.52..425.29 rows=106 width=125)
	  Recheck Cond: ((k >= 3176169) AND (k <= 3176269))
	  ->  Bitmap Index Scan on k_3  (cost=0.00..5.50 rows=106 width=0)
	        Index Cond: ((k >= 3176169) AND (k <= 3176269))

table 4 : explain SELECT k, c FROM sbtest4 WHERE k BETWEEN 3176169 AND 3176269
	Bitmap Heap Scan on sbtest4  (cost=5.55..437.12 rows=109 width=125)
	  Recheck Cond: ((k >= 3176169) AND (k <= 3176269))
	  ->  Bitmap Index Scan on k_4  (cost=0.00..5.52 rows=109 width=0)
	        Index Cond: ((k >= 3176169) AND (k <= 3176269))

table 5 : explain SELECT k, c FROM sbtest5 WHERE k BETWEEN 3176169 AND 3176269
	Bitmap Heap Scan on sbtest5  (cost=5.51..421.51 rows=105 width=125)
	  Recheck Cond: ((k >= 3176169) AND (k <= 3176269))
	  ->  Bitmap Index Scan on k_5  (cost=0.00..5.48 rows=105 width=0)
	        Index Cond: ((k >= 3176169) AND (k <= 3176269))

table 6 : explain SELECT k, c FROM sbtest6 WHERE k BETWEEN 3176169 AND 3176269
	Bitmap Heap Scan on sbtest6  (cost=5.46..401.69 rows=100 width=125)
	  Recheck Cond: ((k >= 3176169) AND (k <= 3176269))
	  ->  Bitmap Index Scan on k_6  (cost=0.00..5.43 rows=100 width=0)
	        Index Cond: ((k >= 3176169) AND (k <= 3176269))

table 7 : explain SELECT k, c FROM sbtest7 WHERE k BETWEEN 3176169 AND 3176269
	Bitmap Heap Scan on sbtest7  (cost=5.38..370.19 rows=92 width=125)
	  Recheck Cond: ((k >= 3176169) AND (k <= 3176269))
	  ->  Bitmap Index Scan on k_7  (cost=0.00..5.35 rows=92 width=0)
	        Index Cond: ((k >= 3176169) AND (k <= 3176269))

table 8 : explain SELECT k, c FROM sbtest8 WHERE k BETWEEN 3176169 AND 3176269
	Bitmap Heap Scan on sbtest8  (cost=5.48..409.59 rows=102 width=125)
	  Recheck Cond: ((k >= 3176169) AND (k <= 3176269))
	  ->  Bitmap Index Scan on k_8  (cost=0.00..5.45 rows=102 width=0)
	        Index Cond: ((k >= 3176169) AND (k <= 3176269))


for range-notcovered
table 1 : explain SELECT k, c FROM sbtest1 WHERE k BETWEEN 3553595 AND 3553695
	Bitmap Heap Scan on sbtest1  (cost=5.49..413.39 rows=103 width=125)
	  Recheck Cond: ((k >= 3553595) AND (k <= 3553695))
	  ->  Bitmap Index Scan on k_1  (cost=0.00..5.46 rows=103 width=0)
	        Index Cond: ((k >= 3553595) AND (k <= 3553695))

table 2 : explain SELECT k, c FROM sbtest2 WHERE k BETWEEN 3553595 AND 3553695
	Bitmap Heap Scan on sbtest2  (cost=5.45..397.66 rows=99 width=125)
	  Recheck Cond: ((k >= 3553595) AND (k <= 3553695))
	  ->  Bitmap Index Scan on k_2  (cost=0.00..5.42 rows=99 width=0)
	        Index Cond: ((k >= 3553595) AND (k <= 3553695))

table 3 : explain SELECT k, c FROM sbtest3 WHERE k BETWEEN 3553595 AND 3553695
	Bitmap Heap Scan on sbtest3  (cost=5.55..437.12 rows=109 width=125)
	  Recheck Cond: ((k >= 3553595) AND (k <= 3553695))
	  ->  Bitmap Index Scan on k_3  (cost=0.00..5.52 rows=109 width=0)
	        Index Cond: ((k >= 3553595) AND (k <= 3553695))

table 4 : explain SELECT k, c FROM sbtest4 WHERE k BETWEEN 3553595 AND 3553695
	Bitmap Heap Scan on sbtest4  (cost=5.44..393.73 rows=98 width=125)
	  Recheck Cond: ((k >= 3553595) AND (k <= 3553695))
	  ->  Bitmap Index Scan on k_4  (cost=0.00..5.42 rows=98 width=0)
	        Index Cond: ((k >= 3553595) AND (k <= 3553695))

table 5 : explain SELECT k, c FROM sbtest5 WHERE k BETWEEN 3553595 AND 3553695
	Bitmap Heap Scan on sbtest5  (cost=5.46..401.78 rows=100 width=125)
	  Recheck Cond: ((k >= 3553595) AND (k <= 3553695))
	  ->  Bitmap Index Scan on k_5  (cost=0.00..5.43 rows=100 width=0)
	        Index Cond: ((k >= 3553595) AND (k <= 3553695))

table 6 : explain SELECT k, c FROM sbtest6 WHERE k BETWEEN 3553595 AND 3553695
	Bitmap Heap Scan on sbtest6  (cost=5.42..385.90 rows=96 width=125)
	  Recheck Cond: ((k >= 3553595) AND (k <= 3553695))
	  ->  Bitmap Index Scan on k_6  (cost=0.00..5.39 rows=96 width=0)
	        Index Cond: ((k >= 3553595) AND (k <= 3553695))

table 7 : explain SELECT k, c FROM sbtest7 WHERE k BETWEEN 3553595 AND 3553695
	Bitmap Heap Scan on sbtest7  (cost=5.48..409.67 rows=102 width=125)
	  Recheck Cond: ((k >= 3553595) AND (k <= 3553695))
	  ->  Bitmap Index Scan on k_7  (cost=0.00..5.45 rows=102 width=0)
	        Index Cond: ((k >= 3553595) AND (k <= 3553695))

table 8 : explain SELECT k, c FROM sbtest8 WHERE k BETWEEN 3553595 AND 3553695
	Bitmap Heap Scan on sbtest8  (cost=5.47..405.64 rows=101 width=125)
	  Recheck Cond: ((k >= 3553595) AND (k <= 3553695))
	  ->  Bitmap Index Scan on k_8  (cost=0.00..5.44 rows=101 width=0)
	        Index Cond: ((k >= 3553595) AND (k <= 3553695))


explain: for range-notcovered :: explain SELECT k, c FROM sbtest%d WHERE k BETWEEN 4647253 AND 4647353for range-notcovered
table 1 : explain SELECT k, c FROM sbtest1 WHERE k BETWEEN 5375673 AND 5375773
	Bitmap Heap Scan on sbtest1  (cost=5.40..377.89 rows=94 width=125)
	  Recheck Cond: ((k >= 5375673) AND (k <= 5375773))
	  ->  Bitmap Index Scan on k_1  (cost=0.00..5.38 rows=94 width=0)
	        Index Cond: ((k >= 5375673) AND (k <= 5375773))

table 2 : explain SELECT k, c FROM sbtest2 WHERE k BETWEEN 5375673 AND 5375773
	Bitmap Heap Scan on sbtest2  (cost=5.52..425.27 rows=106 width=125)
	  Recheck Cond: ((k >= 5375673) AND (k <= 5375773))
	  ->  Bitmap Index Scan on k_2  (cost=0.00..5.50 rows=106 width=0)
	        Index Cond: ((k >= 5375673) AND (k <= 5375773))

table 3 : explain SELECT k, c FROM sbtest3 WHERE k BETWEEN 5375673 AND 5375773
	Bitmap Heap Scan on sbtest3  (cost=5.43..389.79 rows=97 width=125)
	  Recheck Cond: ((k >= 5375673) AND (k <= 5375773))
	  ->  Bitmap Index Scan on k_3  (cost=0.00..5.40 rows=97 width=0)
	        Index Cond: ((k >= 5375673) AND (k <= 5375773))

table 4 : explain SELECT k, c FROM sbtest4 WHERE k BETWEEN 5375673 AND 5375773
	Bitmap Heap Scan on sbtest4  (cost=5.53..429.23 rows=107 width=125)
	  Recheck Cond: ((k >= 5375673) AND (k <= 5375773))
	  ->  Bitmap Index Scan on k_4  (cost=0.00..5.50 rows=107 width=0)
	        Index Cond: ((k >= 5375673) AND (k <= 5375773))

table 5 : explain SELECT k, c FROM sbtest5 WHERE k BETWEEN 5375673 AND 5375773
	Bitmap Heap Scan on sbtest5  (cost=5.38..370.18 rows=92 width=125)
	  Recheck Cond: ((k >= 5375673) AND (k <= 5375773))
	  ->  Bitmap Index Scan on k_5  (cost=0.00..5.35 rows=92 width=0)
	        Index Cond: ((k >= 5375673) AND (k <= 5375773))

table 6 : explain SELECT k, c FROM sbtest6 WHERE k BETWEEN 5375673 AND 5375773
	Bitmap Heap Scan on sbtest6  (cost=5.46..401.69 rows=100 width=125)
	  Recheck Cond: ((k >= 5375673) AND (k <= 5375773))
	  ->  Bitmap Index Scan on k_6  (cost=0.00..5.43 rows=100 width=0)
	        Index Cond: ((k >= 5375673) AND (k <= 5375773))

table 7 : explain SELECT k, c FROM sbtest7 WHERE k BETWEEN 5375673 AND 5375773
	Bitmap Heap Scan on sbtest7  (cost=5.54..433.35 rows=108 width=125)
	  Recheck Cond: ((k >= 5375673) AND (k <= 5375773))
	  ->  Bitmap Index Scan on k_7  (cost=0.00..5.51 rows=108 width=0)
	        Index Cond: ((k >= 5375673) AND (k <= 5375773))

table 8 : explain SELECT k, c FROM sbtest8 WHERE k BETWEEN 5375673 AND 5375773
	Bitmap Heap Scan on sbtest8  (cost=5.54..433.26 rows=108 width=125)
	  Recheck Cond: ((k >= 5375673) AND (k <= 5375773))
	  ->  Bitmap Index Scan on k_8  (cost=0.00..5.51 rows=108 width=0)
	        Index Cond: ((k >= 5375673) AND (k <= 5375773))

explain: for range-notcovered :: explain SELECT k, c FROM sbtest%d WHERE k BETWEEN 3176169 AND 3176269
for range-notcovered
table 1 : explain SELECT k, c FROM sbtest1 WHERE k BETWEEN 3986803 AND 3986903
	Bitmap Heap Scan on sbtest1  (cost=5.51..421.28 rows=105 width=125)
	  Recheck Cond: ((k >= 3986803) AND (k <= 3986903))
	  ->  Bitmap Index Scan on k_1  (cost=0.00..5.48 rows=105 width=0)
	        Index Cond: ((k >= 3986803) AND (k <= 3986903))

table 2 : explain SELECT k, c FROM sbtest2 WHERE k BETWEEN 3986803 AND 3986903
	Bitmap Heap Scan on sbtest2  (cost=5.50..417.39 rows=104 width=125)
	  Recheck Cond: ((k >= 3986803) AND (k <= 3986903))
	  ->  Bitmap Index Scan on k_2  (cost=0.00..5.47 rows=104 width=0)
	        Index Cond: ((k >= 3986803) AND (k <= 3986903))

table 3 : explain SELECT k, c FROM sbtest3 WHERE k BETWEEN 3986803 AND 3986903
	Bitmap Heap Scan on sbtest3  (cost=5.42..385.84 rows=96 width=125)
	  Recheck Cond: ((k >= 3986803) AND (k <= 3986903))
	  ->  Bitmap Index Scan on k_3  (cost=0.00..5.39 rows=96 width=0)
	        Index Cond: ((k >= 3986803) AND (k <= 3986903))

table 4 : explain SELECT k, c FROM sbtest4 WHERE k BETWEEN 3986803 AND 3986903
	Bitmap Heap Scan on sbtest4  (cost=5.47..405.57 rows=101 width=125)
	  Recheck Cond: ((k >= 3986803) AND (k <= 3986903))
	  ->  Bitmap Index Scan on k_4  (cost=0.00..5.44 rows=101 width=0)
	        Index Cond: ((k >= 3986803) AND (k <= 3986903))

table 5 : explain SELECT k, c FROM sbtest5 WHERE k BETWEEN 3986803 AND 3986903
	Bitmap Heap Scan on sbtest5  (cost=5.46..401.78 rows=100 width=125)
	  Recheck Cond: ((k >= 3986803) AND (k <= 3986903))
	  ->  Bitmap Index Scan on k_5  (cost=0.00..5.43 rows=100 width=0)
	        Index Cond: ((k >= 3986803) AND (k <= 3986903))

table 6 : explain SELECT k, c FROM sbtest6 WHERE k BETWEEN 3986803 AND 3986903
	Bitmap Heap Scan on sbtest6  (cost=5.59..452.95 rows=113 width=125)
	  Recheck Cond: ((k >= 3986803) AND (k <= 3986903))
	  ->  Bitmap Index Scan on k_6  (cost=0.00..5.56 rows=113 width=0)
	        Index Cond: ((k >= 3986803) AND (k <= 3986903))

table 7 : explain SELECT k, c FROM sbtest7 WHERE k BETWEEN 3986803 AND 3986903
	Bitmap Heap Scan on sbtest7  (cost=5.52..425.46 rows=106 width=125)
	  Recheck Cond: ((k >= 3986803) AND (k <= 3986903))
	  ->  Bitmap Index Scan on k_7  (cost=0.00..5.50 rows=106 width=0)
	        Index Cond: ((k >= 3986803) AND (k <= 3986903))

table 8 : explain SELECT k, c FROM sbtest8 WHERE k BETWEEN 3986803 AND 3986903
	Bitmap Heap Scan on sbtest8  (cost=5.41..381.96 rows=95 width=125)
	  Recheck Cond: ((k >= 3986803) AND (k <= 3986903))
	  ->  Bitmap Index Scan on k_8  (cost=0.00..5.38 rows=95 width=0)
	        Index Cond: ((k >= 3986803) AND (k <= 3986903))


explain: for range-notcovered :: explain SELECT k, c FROM sbtest%d WHERE k BETWEEN 643681 AND 643781
explain: for range-notcovered :: explain SELECT k, c FROM sbtest%d WHERE k BETWEEN 8385802 AND 8385902
explain: for range-notcovered :: explain SELECT k, c FROM sbtest%d WHERE k BETWEEN 5375673 AND 5375773
explain: for range-notcovered :: explain SELECT k, c FROM sbtest%d WHERE k BETWEEN 3986803 AND 3986903
for range-notcovered
table 1 : explain SELECT k, c FROM sbtest1 WHERE k BETWEEN 6675946 AND 6676046
	Bitmap Heap Scan on sbtest1  (cost=5.48..409.45 rows=102 width=125)
	  Recheck Cond: ((k >= 6675946) AND (k <= 6676046))
	  ->  Bitmap Index Scan on k_1  (cost=0.00..5.45 rows=102 width=0)
	        Index Cond: ((k >= 6675946) AND (k <= 6676046))

table 2 : explain SELECT k, c FROM sbtest2 WHERE k BETWEEN 6675946 AND 6676046
	Bitmap Heap Scan on sbtest2  (cost=5.45..397.66 rows=99 width=125)
	  Recheck Cond: ((k >= 6675946) AND (k <= 6676046))
	  ->  Bitmap Index Scan on k_2  (cost=0.00..5.42 rows=99 width=0)
	        Index Cond: ((k >= 6675946) AND (k <= 6676046))

table 3 : explain SELECT k, c FROM sbtest3 WHERE k BETWEEN 6675946 AND 6676046
	Bitmap Heap Scan on sbtest3  (cost=5.48..409.52 rows=102 width=125)
	  Recheck Cond: ((k >= 6675946) AND (k <= 6676046))
	  ->  Bitmap Index Scan on k_3  (cost=0.00..5.45 rows=102 width=0)
	        Index Cond: ((k >= 6675946) AND (k <= 6676046))

table 4 : explain SELECT k, c FROM sbtest4 WHERE k BETWEEN 6675946 AND 6676046
	Bitmap Heap Scan on sbtest4  (cost=5.44..393.73 rows=98 width=125)
	  Recheck Cond: ((k >= 6675946) AND (k <= 6676046))
	  ->  Bitmap Index Scan on k_4  (cost=0.00..5.42 rows=98 width=0)
	        Index Cond: ((k >= 6675946) AND (k <= 6676046))

table 5 : explain SELECT k, c FROM sbtest5 WHERE k BETWEEN 6675946 AND 6676046
	Bitmap Heap Scan on sbtest5  (cost=5.43..389.93 rows=97 width=125)
	  Recheck Cond: ((k >= 6675946) AND (k <= 6676046))
	  ->  Bitmap Index Scan on k_5  (cost=0.00..5.40 rows=97 width=0)
	        Index Cond: ((k >= 6675946) AND (k <= 6676046))

table 6 : explain SELECT k, c FROM sbtest6 WHERE k BETWEEN 6675946 AND 6676046
	Bitmap Heap Scan on sbtest6  (cost=5.52..425.36 rows=106 width=125)
	  Recheck Cond: ((k >= 6675946) AND (k <= 6676046))
	  ->  Bitmap Index Scan on k_6  (cost=0.00..5.50 rows=106 width=0)
	        Index Cond: ((k >= 6675946) AND (k <= 6676046))

table 7 : explain SELECT k, c FROM sbtest7 WHERE k BETWEEN 6675946 AND 6676046
	Bitmap Heap Scan on sbtest7  (cost=5.53..429.40 rows=107 width=125)
	  Recheck Cond: ((k >= 6675946) AND (k <= 6676046))
	  ->  Bitmap Index Scan on k_7  (cost=0.00..5.50 rows=107 width=0)
	        Index Cond: ((k >= 6675946) AND (k <= 6676046))

table 8 : explain SELECT k, c FROM sbtest8 WHERE k BETWEEN 6675946 AND 6676046
	Bitmap Heap Scan on sbtest8  (cost=5.46..401.70 rows=100 width=125)
	  Recheck Cond: ((k >= 6675946) AND (k <= 6676046))
	  ->  Bitmap Index Scan on k_8  (cost=0.00..5.43 rows=100 width=0)
	        Index Cond: ((k >= 6675946) AND (k <= 6676046))

explain: for range-notcovered :: explain SELECT k, c FROM sbtest%d WHERE k BETWEEN 6675946 AND 6676046
for range-notcovered
table 1 : explain SELECT k, c FROM sbtest1 WHERE k BETWEEN 2383423 AND 2383523
	Bitmap Heap Scan on sbtest1  (cost=5.47..405.51 rows=101 width=125)
	  Recheck Cond: ((k >= 2383423) AND (k <= 2383523))
	  ->  Bitmap Index Scan on k_1  (cost=0.00..5.44 rows=101 width=0)
	        Index Cond: ((k >= 2383423) AND (k <= 2383523))

table 2 : explain SELECT k, c FROM sbtest2 WHERE k BETWEEN 2383423 AND 2383523
	Bitmap Heap Scan on sbtest2  (cost=5.48..409.50 rows=102 width=125)
	  Recheck Cond: ((k >= 2383423) AND (k <= 2383523))
	  ->  Bitmap Index Scan on k_2  (cost=0.00..5.45 rows=102 width=0)
	        Index Cond: ((k >= 2383423) AND (k <= 2383523))

table 3 : explain SELECT k, c FROM sbtest3 WHERE k BETWEEN 2383423 AND 2383523
	Bitmap Heap Scan on sbtest3  (cost=5.53..429.23 rows=107 width=125)
	  Recheck Cond: ((k >= 2383423) AND (k <= 2383523))
	  ->  Bitmap Index Scan on k_3  (cost=0.00..5.50 rows=107 width=0)
	        Index Cond: ((k >= 2383423) AND (k <= 2383523))

table 4 : explain SELECT k, c FROM sbtest4 WHERE k BETWEEN 2383423 AND 2383523
	Bitmap Heap Scan on sbtest4  (cost=5.44..393.73 rows=98 width=125)
	  Recheck Cond: ((k >= 2383423) AND (k <= 2383523))
	  ->  Bitmap Index Scan on k_4  (cost=0.00..5.42 rows=98 width=0)
	        Index Cond: ((k >= 2383423) AND (k <= 2383523))

table 5 : explain SELECT k, c FROM sbtest5 WHERE k BETWEEN 2383423 AND 2383523
	Bitmap Heap Scan on sbtest5  (cost=5.38..370.18 rows=92 width=125)
	  Recheck Cond: ((k >= 2383423) AND (k <= 2383523))
	  ->  Bitmap Index Scan on k_5  (cost=0.00..5.35 rows=92 width=0)
	        Index Cond: ((k >= 2383423) AND (k <= 2383523))

table 6 : explain SELECT k, c FROM sbtest6 WHERE k BETWEEN 2383423 AND 2383523
	Bitmap Heap Scan on sbtest6  (cost=5.43..389.85 rows=97 width=125)
	  Recheck Cond: ((k >= 2383423) AND (k <= 2383523))
	  ->  Bitmap Index Scan on k_6  (cost=0.00..5.40 rows=97 width=0)
	        Index Cond: ((k >= 2383423) AND (k <= 2383523))

table 7 : explain SELECT k, c FROM sbtest7 WHERE k BETWEEN 2383423 AND 2383523
	Bitmap Heap Scan on sbtest7  (cost=5.49..413.62 rows=103 width=125)
	  Recheck Cond: ((k >= 2383423) AND (k <= 2383523))
	  ->  Bitmap Index Scan on k_7  (cost=0.00..5.46 rows=103 width=0)
	        Index Cond: ((k >= 2383423) AND (k <= 2383523))

table 8 : explain SELECT k, c FROM sbtest8 WHERE k BETWEEN 2383423 AND 2383523
	Bitmap Heap Scan on sbtest8  (cost=5.46..401.70 rows=100 width=125)
	  Recheck Cond: ((k >= 2383423) AND (k <= 2383523))
	  ->  Bitmap Index Scan on k_8  (cost=0.00..5.43 rows=100 width=0)
	        Index Cond: ((k >= 2383423) AND (k <= 2383523))

for range-notcovered
table 1 : explain SELECT k, c FROM sbtest1 WHERE k BETWEEN 6623764 AND 6623864
	Bitmap Heap Scan on sbtest1  (cost=5.58..448.87 rows=112 width=125)
	  Recheck Cond: ((k >= 6623764) AND (k <= 6623864))
	  ->  Bitmap Index Scan on k_1  (cost=0.00..5.55 rows=112 width=0)
	        Index Cond: ((k >= 6623764) AND (k <= 6623864))

table 2 : explain SELECT k, c FROM sbtest2 WHERE k BETWEEN 6623764 AND 6623864
	Bitmap Heap Scan on sbtest2  (cost=5.45..397.66 rows=99 width=125)
	  Recheck Cond: ((k >= 6623764) AND (k <= 6623864))
	  ->  Bitmap Index Scan on k_2  (cost=0.00..5.42 rows=99 width=0)
	        Index Cond: ((k >= 6623764) AND (k <= 6623864))

table 3 : explain SELECT k, c FROM sbtest3 WHERE k BETWEEN 6623764 AND 6623864
	Bitmap Heap Scan on sbtest3  (cost=5.48..409.52 rows=102 width=125)
	  Recheck Cond: ((k >= 6623764) AND (k <= 6623864))
	  ->  Bitmap Index Scan on k_3  (cost=0.00..5.45 rows=102 width=0)
	        Index Cond: ((k >= 6623764) AND (k <= 6623864))

table 4 : explain SELECT k, c FROM sbtest4 WHERE k BETWEEN 6623764 AND 6623864
	Bitmap Heap Scan on sbtest4  (cost=5.46..401.62 rows=100 width=125)
	  Recheck Cond: ((k >= 6623764) AND (k <= 6623864))
	  ->  Bitmap Index Scan on k_4  (cost=0.00..5.43 rows=100 width=0)
	        Index Cond: ((k >= 6623764) AND (k <= 6623864))

table 5 : explain SELECT k, c FROM sbtest5 WHERE k BETWEEN 6623764 AND 6623864
	Bitmap Heap Scan on sbtest5  (cost=5.43..389.93 rows=97 width=125)
	  Recheck Cond: ((k >= 6623764) AND (k <= 6623864))
	  ->  Bitmap Index Scan on k_5  (cost=0.00..5.40 rows=97 width=0)
	        Index Cond: ((k >= 6623764) AND (k <= 6623864))

table 6 : explain SELECT k, c FROM sbtest6 WHERE k BETWEEN 6623764 AND 6623864
	Bitmap Heap Scan on sbtest6  (cost=5.52..425.36 rows=106 width=125)
	  Recheck Cond: ((k >= 6623764) AND (k <= 6623864))
	  ->  Bitmap Index Scan on k_6  (cost=0.00..5.50 rows=106 width=0)
	        Index Cond: ((k >= 6623764) AND (k <= 6623864))

table 7 : explain SELECT k, c FROM sbtest7 WHERE k BETWEEN 6623764 AND 6623864
	Bitmap Heap Scan on sbtest7  (cost=5.47..405.73 rows=101 width=125)
	  Recheck Cond: ((k >= 6623764) AND (k <= 6623864))
	  ->  Bitmap Index Scan on k_7  (cost=0.00..5.44 rows=101 width=0)
	        Index Cond: ((k >= 6623764) AND (k <= 6623864))

table 8 : explain SELECT k, c FROM sbtest8 WHERE k BETWEEN 6623764 AND 6623864
	Bitmap Heap Scan on sbtest8  (cost=5.49..413.54 rows=103 width=125)
	  Recheck Cond: ((k >= 6623764) AND (k <= 6623864))
	  ->  Bitmap Index Scan on k_8  (cost=0.00..5.46 rows=103 width=0)
	        Index Cond: ((k >= 6623764) AND (k <= 6623864))

explain: for range-notcovered :: explain SELECT k, c FROM sbtest%d WHERE k BETWEEN 2383423 AND 2383523
for range-notcovered
table 1 : explain SELECT k, c FROM sbtest1 WHERE k BETWEEN 9033111 AND 9033211
	Bitmap Heap Scan on sbtest1  (cost=5.51..421.28 rows=105 width=125)
	  Recheck Cond: ((k >= 9033111) AND (k <= 9033211))
	  ->  Bitmap Index Scan on k_1  (cost=0.00..5.48 rows=105 width=0)
	        Index Cond: ((k >= 9033111) AND (k <= 9033211))

table 2 : explain SELECT k, c FROM sbtest2 WHERE k BETWEEN 9033111 AND 9033211
	Bitmap Heap Scan on sbtest2  (cost=5.42..385.83 rows=96 width=125)
	  Recheck Cond: ((k >= 9033111) AND (k <= 9033211))
	  ->  Bitmap Index Scan on k_2  (cost=0.00..5.39 rows=96 width=0)
	        Index Cond: ((k >= 9033111) AND (k <= 9033211))

table 3 : explain SELECT k, c FROM sbtest3 WHERE k BETWEEN 9033111 AND 9033211
	Bitmap Heap Scan on sbtest3  (cost=5.44..393.74 rows=98 width=125)
	  Recheck Cond: ((k >= 9033111) AND (k <= 9033211))
	  ->  Bitmap Index Scan on k_3  (cost=0.00..5.42 rows=98 width=0)
	        Index Cond: ((k >= 9033111) AND (k <= 9033211))

table 4 : explain SELECT k, c FROM sbtest4 WHERE k BETWEEN 9033111 AND 9033211
	Bitmap Heap Scan on sbtest4  (cost=5.49..413.46 rows=103 width=125)
	  Recheck Cond: ((k >= 9033111) AND (k <= 9033211))
	  ->  Bitmap Index Scan on k_4  (cost=0.00..5.46 rows=103 width=0)
	        Index Cond: ((k >= 9033111) AND (k <= 9033211))

table 5 : explain SELECT k, c FROM sbtest5 WHERE k BETWEEN 9033111 AND 9033211
	Bitmap Heap Scan on sbtest5  (cost=5.48..409.67 rows=102 width=125)
	  Recheck Cond: ((k >= 9033111) AND (k <= 9033211))
	  ->  Bitmap Index Scan on k_5  (cost=0.00..5.45 rows=102 width=0)
	        Index Cond: ((k >= 9033111) AND (k <= 9033211))

table 6 : explain SELECT k, c FROM sbtest6 WHERE k BETWEEN 9033111 AND 9033211
	Bitmap Heap Scan on sbtest6  (cost=5.38..370.10 rows=92 width=125)
	  Recheck Cond: ((k >= 9033111) AND (k <= 9033211))
	  ->  Bitmap Index Scan on k_6  (cost=0.00..5.35 rows=92 width=0)
	        Index Cond: ((k >= 9033111) AND (k <= 9033211))

table 7 : explain SELECT k, c FROM sbtest7 WHERE k BETWEEN 9033111 AND 9033211
	Bitmap Heap Scan on sbtest7  (cost=5.49..413.62 rows=103 width=125)
	  Recheck Cond: ((k >= 9033111) AND (k <= 9033211))
	  ->  Bitmap Index Scan on k_7  (cost=0.00..5.46 rows=103 width=0)
	        Index Cond: ((k >= 9033111) AND (k <= 9033211))

table 8 : explain SELECT k, c FROM sbtest8 WHERE k BETWEEN 9033111 AND 9033211
	Bitmap Heap Scan on sbtest8  (cost=5.41..381.96 rows=95 width=125)
	  Recheck Cond: ((k >= 9033111) AND (k <= 9033211))
	  ->  Bitmap Index Scan on k_8  (cost=0.00..5.38 rows=95 width=0)
	        Index Cond: ((k >= 9033111) AND (k <= 9033211))

explain: for range-notcovered :: explain SELECT k, c FROM sbtest%d WHERE k BETWEEN 6623764 AND 6623864
for range-notcovered
table 1 : explain SELECT k, c FROM sbtest1 WHERE k BETWEEN 7705401 AND 7705501
	Bitmap Heap Scan on sbtest1  (cost=5.45..397.62 rows=99 width=125)
	  Recheck Cond: ((k >= 7705401) AND (k <= 7705501))
	  ->  Bitmap Index Scan on k_1  (cost=0.00..5.42 rows=99 width=0)
	        Index Cond: ((k >= 7705401) AND (k <= 7705501))

table 2 : explain SELECT k, c FROM sbtest2 WHERE k BETWEEN 7705401 AND 7705501
	Bitmap Heap Scan on sbtest2  (cost=5.39..373.98 rows=93 width=125)
	  Recheck Cond: ((k >= 7705401) AND (k <= 7705501))
	  ->  Bitmap Index Scan on k_2  (cost=0.00..5.36 rows=93 width=0)
	        Index Cond: ((k >= 7705401) AND (k <= 7705501))

table 3 : explain SELECT k, c FROM sbtest3 WHERE k BETWEEN 7705401 AND 7705501
	Bitmap Heap Scan on sbtest3  (cost=5.46..401.63 rows=100 width=125)
	  Recheck Cond: ((k >= 7705401) AND (k <= 7705501))
	  ->  Bitmap Index Scan on k_3  (cost=0.00..5.43 rows=100 width=0)
	        Index Cond: ((k >= 7705401) AND (k <= 7705501))

table 4 : explain SELECT k, c FROM sbtest4 WHERE k BETWEEN 7705401 AND 7705501
	Bitmap Heap Scan on sbtest4  (cost=5.49..413.46 rows=103 width=125)
	  Recheck Cond: ((k >= 7705401) AND (k <= 7705501))
	  ->  Bitmap Index Scan on k_4  (cost=0.00..5.46 rows=103 width=0)
	        Index Cond: ((k >= 7705401) AND (k <= 7705501))

table 5 : explain SELECT k, c FROM sbtest5 WHERE k BETWEEN 7705401 AND 7705501
	Bitmap Heap Scan on sbtest5  (cost=5.41..382.03 rows=95 width=125)
	  Recheck Cond: ((k >= 7705401) AND (k <= 7705501))
	  ->  Bitmap Index Scan on k_5  (cost=0.00..5.38 rows=95 width=0)
	        Index Cond: ((k >= 7705401) AND (k <= 7705501))

table 6 : explain SELECT k, c FROM sbtest6 WHERE k BETWEEN 7705401 AND 7705501
	Bitmap Heap Scan on sbtest6  (cost=5.49..413.52 rows=103 width=125)
	  Recheck Cond: ((k >= 7705401) AND (k <= 7705501))
	  ->  Bitmap Index Scan on k_6  (cost=0.00..5.46 rows=103 width=0)
	        Index Cond: ((k >= 7705401) AND (k <= 7705501))

table 7 : explain SELECT k, c FROM sbtest7 WHERE k BETWEEN 7705401 AND 7705501
	Bitmap Heap Scan on sbtest7  (cost=5.51..421.51 rows=105 width=125)
	  Recheck Cond: ((k >= 7705401) AND (k <= 7705501))
	  ->  Bitmap Index Scan on k_7  (cost=0.00..5.48 rows=105 width=0)
	        Index Cond: ((k >= 7705401) AND (k <= 7705501))

table 8 : explain SELECT k, c FROM sbtest8 WHERE k BETWEEN 7705401 AND 7705501
	Bitmap Heap Scan on sbtest8  (cost=5.48..409.59 rows=102 width=125)
	  Recheck Cond: ((k >= 7705401) AND (k <= 7705501))
	  ->  Bitmap Index Scan on k_8  (cost=0.00..5.45 rows=102 width=0)
	        Index Cond: ((k >= 7705401) AND (k <= 7705501))

explain: for range-notcovered :: explain SELECT k, c FROM sbtest%d WHERE k BETWEEN 9033111 AND 9033211
for range-notcovered
table 1 : explain SELECT k, c FROM sbtest1 WHERE k BETWEEN 8239503 AND 8239603
	Bitmap Heap Scan on sbtest1  (cost=5.48..409.45 rows=102 width=125)
	  Recheck Cond: ((k >= 8239503) AND (k <= 8239603))
	  ->  Bitmap Index Scan on k_1  (cost=0.00..5.45 rows=102 width=0)
	        Index Cond: ((k >= 8239503) AND (k <= 8239603))

table 2 : explain SELECT k, c FROM sbtest2 WHERE k BETWEEN 8239503 AND 8239603
	Bitmap Heap Scan on sbtest2  (cost=5.41..381.88 rows=95 width=125)
	  Recheck Cond: ((k >= 8239503) AND (k <= 8239603))
	  ->  Bitmap Index Scan on k_2  (cost=0.00..5.38 rows=95 width=0)
	        Index Cond: ((k >= 8239503) AND (k <= 8239603))

table 3 : explain SELECT k, c FROM sbtest3 WHERE k BETWEEN 8239503 AND 8239603
	Bitmap Heap Scan on sbtest3  (cost=5.51..421.35 rows=105 width=125)
	  Recheck Cond: ((k >= 8239503) AND (k <= 8239603))
	  ->  Bitmap Index Scan on k_3  (cost=0.00..5.48 rows=105 width=0)
	        Index Cond: ((k >= 8239503) AND (k <= 8239603))

table 4 : explain SELECT k, c FROM sbtest4 WHERE k BETWEEN 8239503 AND 8239603
	Bitmap Heap Scan on sbtest4  (cost=5.53..429.23 rows=107 width=125)
	  Recheck Cond: ((k >= 8239503) AND (k <= 8239603))
	  ->  Bitmap Index Scan on k_4  (cost=0.00..5.50 rows=107 width=0)
	        Index Cond: ((k >= 8239503) AND (k <= 8239603))

table 5 : explain SELECT k, c FROM sbtest5 WHERE k BETWEEN 8239503 AND 8239603
	Bitmap Heap Scan on sbtest5  (cost=5.45..397.83 rows=99 width=125)
	  Recheck Cond: ((k >= 8239503) AND (k <= 8239603))
	  ->  Bitmap Index Scan on k_5  (cost=0.00..5.42 rows=99 width=0)
	        Index Cond: ((k >= 8239503) AND (k <= 8239603))

table 6 : explain SELECT k, c FROM sbtest6 WHERE k BETWEEN 8239503 AND 8239603
	Bitmap Heap Scan on sbtest6  (cost=5.49..413.52 rows=103 width=125)
	  Recheck Cond: ((k >= 8239503) AND (k <= 8239603))
	  ->  Bitmap Index Scan on k_6  (cost=0.00..5.46 rows=103 width=0)
	        Index Cond: ((k >= 8239503) AND (k <= 8239603))

table 7 : explain SELECT k, c FROM sbtest7 WHERE k BETWEEN 8239503 AND 8239603
	Bitmap Heap Scan on sbtest7  (cost=5.42..385.98 rows=96 width=125)
	  Recheck Cond: ((k >= 8239503) AND (k <= 8239603))
	  ->  Bitmap Index Scan on k_7  (cost=0.00..5.39 rows=96 width=0)
	        Index Cond: ((k >= 8239503) AND (k <= 8239603))

table 8 : explain SELECT k, c FROM sbtest8 WHERE k BETWEEN 8239503 AND 8239603
	Bitmap Heap Scan on sbtest8  (cost=5.51..421.42 rows=105 width=125)
	  Recheck Cond: ((k >= 8239503) AND (k <= 8239603))
	  ->  Bitmap Index Scan on k_8  (cost=0.00..5.48 rows=105 width=0)
	        Index Cond: ((k >= 8239503) AND (k <= 8239603))

explain: for range-notcovered :: explain SELECT k, c FROM sbtest%d WHERE k BETWEEN 8239503 AND 8239603
for range-notcovered
table 1 : explain SELECT k, c FROM sbtest1 WHERE k BETWEEN 3176169 AND 3176269
	Bitmap Heap Scan on sbtest1  (cost=5.57..444.93 rows=111 width=125)
	  Recheck Cond: ((k >= 3176169) AND (k <= 3176269))
	  ->  Bitmap Index Scan on k_1  (cost=0.00..5.54 rows=111 width=0)
	        Index Cond: ((k >= 3176169) AND (k <= 3176269))

table 2 : explain SELECT k, c FROM sbtest2 WHERE k BETWEEN 3176169 AND 3176269
	Bitmap Heap Scan on sbtest2  (cost=5.55..437.10 rows=109 width=125)
	  Recheck Cond: ((k >= 3176169) AND (k <= 3176269))
	  ->  Bitmap Index Scan on k_2  (cost=0.00..5.52 rows=109 width=0)
	        Index Cond: ((k >= 3176169) AND (k <= 3176269))

table 3 : explain SELECT k, c FROM sbtest3 WHERE k BETWEEN 3176169 AND 3176269
	Bitmap Heap Scan on sbtest3  (cost=5.52..425.29 rows=106 width=125)
	  Recheck Cond: ((k >= 3176169) AND (k <= 3176269))
	  ->  Bitmap Index Scan on k_3  (cost=0.00..5.50 rows=106 width=0)
	        Index Cond: ((k >= 3176169) AND (k <= 3176269))

table 4 : explain SELECT k, c FROM sbtest4 WHERE k BETWEEN 3176169 AND 3176269
	Bitmap Heap Scan on sbtest4  (cost=5.55..437.12 rows=109 width=125)
	  Recheck Cond: ((k >= 3176169) AND (k <= 3176269))
	  ->  Bitmap Index Scan on k_4  (cost=0.00..5.52 rows=109 width=0)
	        Index Cond: ((k >= 3176169) AND (k <= 3176269))

table 5 : explain SELECT k, c FROM sbtest5 WHERE k BETWEEN 3176169 AND 3176269
	Bitmap Heap Scan on sbtest5  (cost=5.51..421.51 rows=105 width=125)
	  Recheck Cond: ((k >= 3176169) AND (k <= 3176269))
	  ->  Bitmap Index Scan on k_5  (cost=0.00..5.48 rows=105 width=0)
	        Index Cond: ((k >= 3176169) AND (k <= 3176269))

table 6 : explain SELECT k, c FROM sbtest6 WHERE k BETWEEN 3176169 AND 3176269
	Bitmap Heap Scan on sbtest6  (cost=5.46..401.69 rows=100 width=125)
	  Recheck Cond: ((k >= 3176169) AND (k <= 3176269))
	  ->  Bitmap Index Scan on k_6  (cost=0.00..5.43 rows=100 width=0)
	        Index Cond: ((k >= 3176169) AND (k <= 3176269))

table 7 : explain SELECT k, c FROM sbtest7 WHERE k BETWEEN 3176169 AND 3176269
	Bitmap Heap Scan on sbtest7  (cost=5.38..370.19 rows=92 width=125)
	  Recheck Cond: ((k >= 3176169) AND (k <= 3176269))
	  ->  Bitmap Index Scan on k_7  (cost=0.00..5.35 rows=92 width=0)
	        Index Cond: ((k >= 3176169) AND (k <= 3176269))

table 8 : explain SELECT k, c FROM sbtest8 WHERE k BETWEEN 3176169 AND 3176269
	Bitmap Heap Scan on sbtest8  (cost=5.48..409.59 rows=102 width=125)
	  Recheck Cond: ((k >= 3176169) AND (k <= 3176269))
	  ->  Bitmap Index Scan on k_8  (cost=0.00..5.45 rows=102 width=0)
	        Index Cond: ((k >= 3176169) AND (k <= 3176269))

for range-notcovered
table 1 : explain SELECT k, c FROM sbtest1 WHERE k BETWEEN 643681 AND 643781
	Bitmap Heap Scan on sbtest1  (cost=5.43..389.73 rows=97 width=125)
	  Recheck Cond: ((k >= 643681) AND (k <= 643781))
	  ->  Bitmap Index Scan on k_1  (cost=0.00..5.40 rows=97 width=0)
	        Index Cond: ((k >= 643681) AND (k <= 643781))

table 2 : explain SELECT k, c FROM sbtest2 WHERE k BETWEEN 643681 AND 643781
	Bitmap Heap Scan on sbtest2  (cost=5.47..405.55 rows=101 width=125)
	  Recheck Cond: ((k >= 643681) AND (k <= 643781))
	  ->  Bitmap Index Scan on k_2  (cost=0.00..5.44 rows=101 width=0)
	        Index Cond: ((k >= 643681) AND (k <= 643781))

table 3 : explain SELECT k, c FROM sbtest3 WHERE k BETWEEN 643681 AND 643781
	Bitmap Heap Scan on sbtest3  (cost=5.45..397.68 rows=99 width=125)
	  Recheck Cond: ((k >= 643681) AND (k <= 643781))
	  ->  Bitmap Index Scan on k_3  (cost=0.00..5.42 rows=99 width=0)
	        Index Cond: ((k >= 643681) AND (k <= 643781))

table 4 : explain SELECT k, c FROM sbtest4 WHERE k BETWEEN 643681 AND 643781
	Bitmap Heap Scan on sbtest4  (cost=5.51..421.35 rows=105 width=125)
	  Recheck Cond: ((k >= 643681) AND (k <= 643781))
	  ->  Bitmap Index Scan on k_4  (cost=0.00..5.48 rows=105 width=0)
	        Index Cond: ((k >= 643681) AND (k <= 643781))

table 5 : explain SELECT k, c FROM sbtest5 WHERE k BETWEEN 643681 AND 643781
	Bitmap Heap Scan on sbtest5  (cost=5.44..393.88 rows=98 width=125)
	  Recheck Cond: ((k >= 643681) AND (k <= 643781))
	  ->  Bitmap Index Scan on k_5  (cost=0.00..5.42 rows=98 width=0)
	        Index Cond: ((k >= 643681) AND (k <= 643781))

table 6 : explain SELECT k, c FROM sbtest6 WHERE k BETWEEN 643681 AND 643781
	Bitmap Heap Scan on sbtest6  (cost=5.56..441.13 rows=110 width=125)
	  Recheck Cond: ((k >= 643681) AND (k <= 643781))
	  ->  Bitmap Index Scan on k_6  (cost=0.00..5.53 rows=110 width=0)
	        Index Cond: ((k >= 643681) AND (k <= 643781))

table 7 : explain SELECT k, c FROM sbtest7 WHERE k BETWEEN 643681 AND 643781
	Bitmap Heap Scan on sbtest7  (cost=5.49..413.62 rows=103 width=125)
	  Recheck Cond: ((k >= 643681) AND (k <= 643781))
	  ->  Bitmap Index Scan on k_7  (cost=0.00..5.46 rows=103 width=0)
	        Index Cond: ((k >= 643681) AND (k <= 643781))

table 8 : explain SELECT k, c FROM sbtest8 WHERE k BETWEEN 643681 AND 643781
	Bitmap Heap Scan on sbtest8  (cost=5.47..405.64 rows=101 width=125)
	  Recheck Cond: ((k >= 643681) AND (k <= 643781))
	  ->  Bitmap Index Scan on k_8  (cost=0.00..5.44 rows=101 width=0)
	        Index Cond: ((k >= 643681) AND (k <= 643781))

for range-notcovered
table 1 : explain SELECT k, c FROM sbtest1 WHERE k BETWEEN 8385802 AND 8385902
	Bitmap Heap Scan on sbtest1  (cost=5.49..413.39 rows=103 width=125)
	  Recheck Cond: ((k >= 8385802) AND (k <= 8385902))
	  ->  Bitmap Index Scan on k_1  (cost=0.00..5.46 rows=103 width=0)
	        Index Cond: ((k >= 8385802) AND (k <= 8385902))

table 2 : explain SELECT k, c FROM sbtest2 WHERE k BETWEEN 8385802 AND 8385902
	Bitmap Heap Scan on sbtest2  (cost=5.44..393.72 rows=98 width=125)
	  Recheck Cond: ((k >= 8385802) AND (k <= 8385902))
	  ->  Bitmap Index Scan on k_2  (cost=0.00..5.42 rows=98 width=0)
	        Index Cond: ((k >= 8385802) AND (k <= 8385902))

table 3 : explain SELECT k, c FROM sbtest3 WHERE k BETWEEN 8385802 AND 8385902
	Bitmap Heap Scan on sbtest3  (cost=5.43..389.79 rows=97 width=125)
	  Recheck Cond: ((k >= 8385802) AND (k <= 8385902))
	  ->  Bitmap Index Scan on k_3  (cost=0.00..5.40 rows=97 width=0)
	        Index Cond: ((k >= 8385802) AND (k <= 8385902))

table 4 : explain SELECT k, c FROM sbtest4 WHERE k BETWEEN 8385802 AND 8385902
	Bitmap Heap Scan on sbtest4  (cost=5.47..405.57 rows=101 width=125)
	  Recheck Cond: ((k >= 8385802) AND (k <= 8385902))
	  ->  Bitmap Index Scan on k_4  (cost=0.00..5.44 rows=101 width=0)
	        Index Cond: ((k >= 8385802) AND (k <= 8385902))

table 5 : explain SELECT k, c FROM sbtest5 WHERE k BETWEEN 8385802 AND 8385902
	Bitmap Heap Scan on sbtest5  (cost=5.53..429.40 rows=107 width=125)
	  Recheck Cond: ((k >= 8385802) AND (k <= 8385902))
	  ->  Bitmap Index Scan on k_5  (cost=0.00..5.50 rows=107 width=0)
	        Index Cond: ((k >= 8385802) AND (k <= 8385902))

table 6 : explain SELECT k, c FROM sbtest6 WHERE k BETWEEN 8385802 AND 8385902
	Bitmap Heap Scan on sbtest6  (cost=5.39..374.05 rows=93 width=125)
	  Recheck Cond: ((k >= 8385802) AND (k <= 8385902))
	  ->  Bitmap Index Scan on k_6  (cost=0.00..5.36 rows=93 width=0)
	        Index Cond: ((k >= 8385802) AND (k <= 8385902))

table 7 : explain SELECT k, c FROM sbtest7 WHERE k BETWEEN 8385802 AND 8385902
	Bitmap Heap Scan on sbtest7  (cost=5.60..457.01 rows=114 width=125)
	  Recheck Cond: ((k >= 8385802) AND (k <= 8385902))
	  ->  Bitmap Index Scan on k_7  (cost=0.00..5.58 rows=114 width=0)
	        Index Cond: ((k >= 8385802) AND (k <= 8385902))

table 8 : explain SELECT k, c FROM sbtest8 WHERE k BETWEEN 8385802 AND 8385902
	Bitmap Heap Scan on sbtest8  (cost=5.47..405.64 rows=101 width=125)
	  Recheck Cond: ((k >= 8385802) AND (k <= 8385902))
	  ->  Bitmap Index Scan on k_8  (cost=0.00..5.44 rows=101 width=0)
	        Index Cond: ((k >= 8385802) AND (k <= 8385902))

explain: for range-notcovered :: explain SELECT k, c FROM sbtest%d WHERE k BETWEEN 3176169 AND 3176269
for range-notcovered
table 1 : explain SELECT k, c FROM sbtest1 WHERE k BETWEEN 4647253 AND 4647353
	Bitmap Heap Scan on sbtest1  (cost=5.49..413.39 rows=103 width=125)
	  Recheck Cond: ((k >= 4647253) AND (k <= 4647353))
	  ->  Bitmap Index Scan on k_1  (cost=0.00..5.46 rows=103 width=0)
	        Index Cond: ((k >= 4647253) AND (k <= 4647353))

table 2 : explain SELECT k, c FROM sbtest2 WHERE k BETWEEN 4647253 AND 4647353
	Bitmap Heap Scan on sbtest2  (cost=5.51..421.33 rows=105 width=125)
	  Recheck Cond: ((k >= 4647253) AND (k <= 4647353))
	  ->  Bitmap Index Scan on k_2  (cost=0.00..5.48 rows=105 width=0)
	        Index Cond: ((k >= 4647253) AND (k <= 4647353))

table 3 : explain SELECT k, c FROM sbtest3 WHERE k BETWEEN 4647253 AND 4647353
	Bitmap Heap Scan on sbtest3  (cost=5.50..417.40 rows=104 width=125)
	  Recheck Cond: ((k >= 4647253) AND (k <= 4647353))
	  ->  Bitmap Index Scan on k_3  (cost=0.00..5.47 rows=104 width=0)
	        Index Cond: ((k >= 4647253) AND (k <= 4647353))

table 4 : explain SELECT k, c FROM sbtest4 WHERE k BETWEEN 4647253 AND 4647353
	Bitmap Heap Scan on sbtest4  (cost=5.48..409.51 rows=102 width=125)
	  Recheck Cond: ((k >= 4647253) AND (k <= 4647353))
	  ->  Bitmap Index Scan on k_4  (cost=0.00..5.45 rows=102 width=0)
	        Index Cond: ((k >= 4647253) AND (k <= 4647353))

table 5 : explain SELECT k, c FROM sbtest5 WHERE k BETWEEN 4647253 AND 4647353
	Bitmap Heap Scan on sbtest5  (cost=5.46..401.78 rows=100 width=125)
	  Recheck Cond: ((k >= 4647253) AND (k <= 4647353))
	  ->  Bitmap Index Scan on k_5  (cost=0.00..5.43 rows=100 width=0)
	        Index Cond: ((k >= 4647253) AND (k <= 4647353))

table 6 : explain SELECT k, c FROM sbtest6 WHERE k BETWEEN 4647253 AND 4647353
	Bitmap Heap Scan on sbtest6  (cost=5.55..437.19 rows=109 width=125)
	  Recheck Cond: ((k >= 4647253) AND (k <= 4647353))
	  ->  Bitmap Index Scan on k_6  (cost=0.00..5.52 rows=109 width=0)
	        Index Cond: ((k >= 4647253) AND (k <= 4647353))

table 7 : explain SELECT k, c FROM sbtest7 WHERE k BETWEEN 4647253 AND 4647353
	Bitmap Heap Scan on sbtest7  (cost=5.57..445.18 rows=111 width=125)
	  Recheck Cond: ((k >= 4647253) AND (k <= 4647353))
	  ->  Bitmap Index Scan on k_7  (cost=0.00..5.54 rows=111 width=0)
	        Index Cond: ((k >= 4647253) AND (k <= 4647353))

table 8 : explain SELECT k, c FROM sbtest8 WHERE k BETWEEN 4647253 AND 4647353
	Bitmap Heap Scan on sbtest8  (cost=5.52..425.37 rows=106 width=125)
	  Recheck Cond: ((k >= 4647253) AND (k <= 4647353))
	  ->  Bitmap Index Scan on k_8  (cost=0.00..5.50 rows=106 width=0)
	        Index Cond: ((k >= 4647253) AND (k <= 4647353))

for range-notcovered
table 1 : explain SELECT k, c FROM sbtest1 WHERE k BETWEEN 5375673 AND 5375773
	Bitmap Heap Scan on sbtest1  (cost=5.40..377.89 rows=94 width=125)
	  Recheck Cond: ((k >= 5375673) AND (k <= 5375773))
	  ->  Bitmap Index Scan on k_1  (cost=0.00..5.38 rows=94 width=0)
	        Index Cond: ((k >= 5375673) AND (k <= 5375773))

table 2 : explain SELECT k, c FROM sbtest2 WHERE k BETWEEN 5375673 AND 5375773
	Bitmap Heap Scan on sbtest2  (cost=5.52..425.27 rows=106 width=125)
	  Recheck Cond: ((k >= 5375673) AND (k <= 5375773))
	  ->  Bitmap Index Scan on k_2  (cost=0.00..5.50 rows=106 width=0)
	        Index Cond: ((k >= 5375673) AND (k <= 5375773))

table 3 : explain SELECT k, c FROM sbtest3 WHERE k BETWEEN 5375673 AND 5375773
	Bitmap Heap Scan on sbtest3  (cost=5.43..389.79 rows=97 width=125)
	  Recheck Cond: ((k >= 5375673) AND (k <= 5375773))
	  ->  Bitmap Index Scan on k_3  (cost=0.00..5.40 rows=97 width=0)
	        Index Cond: ((k >= 5375673) AND (k <= 5375773))

table 4 : explain SELECT k, c FROM sbtest4 WHERE k BETWEEN 5375673 AND 5375773
	Bitmap Heap Scan on sbtest4  (cost=5.53..429.23 rows=107 width=125)
	  Recheck Cond: ((k >= 5375673) AND (k <= 5375773))
	  ->  Bitmap Index Scan on k_4  (cost=0.00..5.50 rows=107 width=0)
	        Index Cond: ((k >= 5375673) AND (k <= 5375773))

table 5 : explain SELECT k, c FROM sbtest5 WHERE k BETWEEN 5375673 AND 5375773
	Bitmap Heap Scan on sbtest5  (cost=5.38..370.18 rows=92 width=125)
	  Recheck Cond: ((k >= 5375673) AND (k <= 5375773))
	  ->  Bitmap Index Scan on k_5  (cost=0.00..5.35 rows=92 width=0)
	        Index Cond: ((k >= 5375673) AND (k <= 5375773))

table 6 : explain SELECT k, c FROM sbtest6 WHERE k BETWEEN 5375673 AND 5375773
	Bitmap Heap Scan on sbtest6  (cost=5.46..401.69 rows=100 width=125)
	  Recheck Cond: ((k >= 5375673) AND (k <= 5375773))
	  ->  Bitmap Index Scan on k_6  (cost=0.00..5.43 rows=100 width=0)
	        Index Cond: ((k >= 5375673) AND (k <= 5375773))

table 7 : explain SELECT k, c FROM sbtest7 WHERE k BETWEEN 5375673 AND 5375773
	Bitmap Heap Scan on sbtest7  (cost=5.54..433.35 rows=108 width=125)
	  Recheck Cond: ((k >= 5375673) AND (k <= 5375773))
	  ->  Bitmap Index Scan on k_7  (cost=0.00..5.51 rows=108 width=0)
	        Index Cond: ((k >= 5375673) AND (k <= 5375773))

table 8 : explain SELECT k, c FROM sbtest8 WHERE k BETWEEN 5375673 AND 5375773
	Bitmap Heap Scan on sbtest8  (cost=5.54..433.26 rows=108 width=125)
	  Recheck Cond: ((k >= 5375673) AND (k <= 5375773))
	  ->  Bitmap Index Scan on k_8  (cost=0.00..5.51 rows=108 width=0)
	        Index Cond: ((k >= 5375673) AND (k <= 5375773))

explain: for range-notcovered :: explain SELECT k, c FROM sbtest%d WHERE k BETWEEN 643681 AND 643781
explain: for range-notcovered :: explain SELECT k, c FROM sbtest%d WHERE k BETWEEN 8385802 AND 8385902
for range-notcovered
table 1 : explain SELECT k, c FROM sbtest1 WHERE k BETWEEN 3986803 AND 3986903
	Bitmap Heap Scan on sbtest1  (cost=5.51..421.28 rows=105 width=125)
	  Recheck Cond: ((k >= 3986803) AND (k <= 3986903))
	  ->  Bitmap Index Scan on k_1  (cost=0.00..5.48 rows=105 width=0)
	        Index Cond: ((k >= 3986803) AND (k <= 3986903))

table 2 : explain SELECT k, c FROM sbtest2 WHERE k BETWEEN 3986803 AND 3986903
	Bitmap Heap Scan on sbtest2  (cost=5.50..417.39 rows=104 width=125)
	  Recheck Cond: ((k >= 3986803) AND (k <= 3986903))
	  ->  Bitmap Index Scan on k_2  (cost=0.00..5.47 rows=104 width=0)
	        Index Cond: ((k >= 3986803) AND (k <= 3986903))

table 3 : explain SELECT k, c FROM sbtest3 WHERE k BETWEEN 3986803 AND 3986903
	Bitmap Heap Scan on sbtest3  (cost=5.42..385.84 rows=96 width=125)
	  Recheck Cond: ((k >= 3986803) AND (k <= 3986903))
	  ->  Bitmap Index Scan on k_3  (cost=0.00..5.39 rows=96 width=0)
	        Index Cond: ((k >= 3986803) AND (k <= 3986903))

table 4 : explain SELECT k, c FROM sbtest4 WHERE k BETWEEN 3986803 AND 3986903
	Bitmap Heap Scan on sbtest4  (cost=5.47..405.57 rows=101 width=125)
	  Recheck Cond: ((k >= 3986803) AND (k <= 3986903))
	  ->  Bitmap Index Scan on k_4  (cost=0.00..5.44 rows=101 width=0)
	        Index Cond: ((k >= 3986803) AND (k <= 3986903))

table 5 : explain SELECT k, c FROM sbtest5 WHERE k BETWEEN 3986803 AND 3986903
	Bitmap Heap Scan on sbtest5  (cost=5.46..401.78 rows=100 width=125)
	  Recheck Cond: ((k >= 3986803) AND (k <= 3986903))
	  ->  Bitmap Index Scan on k_5  (cost=0.00..5.43 rows=100 width=0)
	        Index Cond: ((k >= 3986803) AND (k <= 3986903))

table 6 : explain SELECT k, c FROM sbtest6 WHERE k BETWEEN 3986803 AND 3986903
	Bitmap Heap Scan on sbtest6  (cost=5.59..452.95 rows=113 width=125)
	  Recheck Cond: ((k >= 3986803) AND (k <= 3986903))
	  ->  Bitmap Index Scan on k_6  (cost=0.00..5.56 rows=113 width=0)
	        Index Cond: ((k >= 3986803) AND (k <= 3986903))

table 7 : explain SELECT k, c FROM sbtest7 WHERE k BETWEEN 3986803 AND 3986903
	Bitmap Heap Scan on sbtest7  (cost=5.52..425.46 rows=106 width=125)
	  Recheck Cond: ((k >= 3986803) AND (k <= 3986903))
	  ->  Bitmap Index Scan on k_7  (cost=0.00..5.50 rows=106 width=0)
	        Index Cond: ((k >= 3986803) AND (k <= 3986903))

table 8 : explain SELECT k, c FROM sbtest8 WHERE k BETWEEN 3986803 AND 3986903
	Bitmap Heap Scan on sbtest8  (cost=5.41..381.96 rows=95 width=125)
	  Recheck Cond: ((k >= 3986803) AND (k <= 3986903))
	  ->  Bitmap Index Scan on k_8  (cost=0.00..5.38 rows=95 width=0)
	        Index Cond: ((k >= 3986803) AND (k <= 3986903))

for range-notcovered
table 1 : explain SELECT k, c FROM sbtest1 WHERE k BETWEEN 6675946 AND 6676046
	Bitmap Heap Scan on sbtest1  (cost=5.48..409.45 rows=102 width=125)
	  Recheck Cond: ((k >= 6675946) AND (k <= 6676046))
	  ->  Bitmap Index Scan on k_1  (cost=0.00..5.45 rows=102 width=0)
	        Index Cond: ((k >= 6675946) AND (k <= 6676046))

table 2 : explain SELECT k, c FROM sbtest2 WHERE k BETWEEN 6675946 AND 6676046
	Bitmap Heap Scan on sbtest2  (cost=5.45..397.66 rows=99 width=125)
	  Recheck Cond: ((k >= 6675946) AND (k <= 6676046))
	  ->  Bitmap Index Scan on k_2  (cost=0.00..5.42 rows=99 width=0)
	        Index Cond: ((k >= 6675946) AND (k <= 6676046))

table 3 : explain SELECT k, c FROM sbtest3 WHERE k BETWEEN 6675946 AND 6676046
	Bitmap Heap Scan on sbtest3  (cost=5.48..409.52 rows=102 width=125)
	  Recheck Cond: ((k >= 6675946) AND (k <= 6676046))
	  ->  Bitmap Index Scan on k_3  (cost=0.00..5.45 rows=102 width=0)
	        Index Cond: ((k >= 6675946) AND (k <= 6676046))

table 4 : explain SELECT k, c FROM sbtest4 WHERE k BETWEEN 6675946 AND 6676046
	Bitmap Heap Scan on sbtest4  (cost=5.44..393.73 rows=98 width=125)
	  Recheck Cond: ((k >= 6675946) AND (k <= 6676046))
	  ->  Bitmap Index Scan on k_4  (cost=0.00..5.42 rows=98 width=0)
	        Index Cond: ((k >= 6675946) AND (k <= 6676046))

table 5 : explain SELECT k, c FROM sbtest5 WHERE k BETWEEN 6675946 AND 6676046
	Bitmap Heap Scan on sbtest5  (cost=5.43..389.93 rows=97 width=125)
	  Recheck Cond: ((k >= 6675946) AND (k <= 6676046))
	  ->  Bitmap Index Scan on k_5  (cost=0.00..5.40 rows=97 width=0)
	        Index Cond: ((k >= 6675946) AND (k <= 6676046))

table 6 : explain SELECT k, c FROM sbtest6 WHERE k BETWEEN 6675946 AND 6676046
	Bitmap Heap Scan on sbtest6  (cost=5.52..425.36 rows=106 width=125)
	  Recheck Cond: ((k >= 6675946) AND (k <= 6676046))
	  ->  Bitmap Index Scan on k_6  (cost=0.00..5.50 rows=106 width=0)
	        Index Cond: ((k >= 6675946) AND (k <= 6676046))

table 7 : explain SELECT k, c FROM sbtest7 WHERE k BETWEEN 6675946 AND 6676046
	Bitmap Heap Scan on sbtest7  (cost=5.53..429.40 rows=107 width=125)
	  Recheck Cond: ((k >= 6675946) AND (k <= 6676046))
	  ->  Bitmap Index Scan on k_7  (cost=0.00..5.50 rows=107 width=0)
	        Index Cond: ((k >= 6675946) AND (k <= 6676046))

table 8 : explain SELECT k, c FROM sbtest8 WHERE k BETWEEN 6675946 AND 6676046
	Bitmap Heap Scan on sbtest8  (cost=5.46..401.70 rows=100 width=125)
	  Recheck Cond: ((k >= 6675946) AND (k <= 6676046))
	  ->  Bitmap Index Scan on k_8  (cost=0.00..5.43 rows=100 width=0)
	        Index Cond: ((k >= 6675946) AND (k <= 6676046))

explain: for range-notcovered :: explain SELECT k, c FROM sbtest%d WHERE k BETWEEN 5375673 AND 5375773
for range-notcovered
table 1 : explain SELECT k, c FROM sbtest1 WHERE k BETWEEN 4784034 AND 4784134
	Bitmap Heap Scan on sbtest1  (cost=5.46..401.56 rows=100 width=125)
	  Recheck Cond: ((k >= 4784034) AND (k <= 4784134))
	  ->  Bitmap Index Scan on k_1  (cost=0.00..5.43 rows=100 width=0)
	        Index Cond: ((k >= 4784034) AND (k <= 4784134))

table 2 : explain SELECT k, c FROM sbtest2 WHERE k BETWEEN 4784034 AND 4784134
	Bitmap Heap Scan on sbtest2  (cost=5.44..393.72 rows=98 width=125)
	  Recheck Cond: ((k >= 4784034) AND (k <= 4784134))
	  ->  Bitmap Index Scan on k_2  (cost=0.00..5.42 rows=98 width=0)
	        Index Cond: ((k >= 4784034) AND (k <= 4784134))

table 3 : explain SELECT k, c FROM sbtest3 WHERE k BETWEEN 4784034 AND 4784134
	Bitmap Heap Scan on sbtest3  (cost=5.55..437.12 rows=109 width=125)
	  Recheck Cond: ((k >= 4784034) AND (k <= 4784134))
	  ->  Bitmap Index Scan on k_3  (cost=0.00..5.52 rows=109 width=0)
	        Index Cond: ((k >= 4784034) AND (k <= 4784134))

table 4 : explain SELECT k, c FROM sbtest4 WHERE k BETWEEN 4784034 AND 4784134
	Bitmap Heap Scan on sbtest4  (cost=5.58..448.94 rows=112 width=125)
	  Recheck Cond: ((k >= 4784034) AND (k <= 4784134))
	  ->  Bitmap Index Scan on k_4  (cost=0.00..5.55 rows=112 width=0)
	        Index Cond: ((k >= 4784034) AND (k <= 4784134))

table 5 : explain SELECT k, c FROM sbtest5 WHERE k BETWEEN 4784034 AND 4784134
	Bitmap Heap Scan on sbtest5  (cost=5.46..401.78 rows=100 width=125)
	  Recheck Cond: ((k >= 4784034) AND (k <= 4784134))
	  ->  Bitmap Index Scan on k_5  (cost=0.00..5.43 rows=100 width=0)
	        Index Cond: ((k >= 4784034) AND (k <= 4784134))

table 6 : explain SELECT k, c FROM sbtest6 WHERE k BETWEEN 4784034 AND 4784134
	Bitmap Heap Scan on sbtest6  (cost=5.51..421.41 rows=105 width=125)
	  Recheck Cond: ((k >= 4784034) AND (k <= 4784134))
	  ->  Bitmap Index Scan on k_6  (cost=0.00..5.48 rows=105 width=0)
	        Index Cond: ((k >= 4784034) AND (k <= 4784134))

table 7 : explain SELECT k, c FROM sbtest7 WHERE k BETWEEN 4784034 AND 4784134
	Bitmap Heap Scan on sbtest7  (cost=5.54..433.35 rows=108 width=125)
	  Recheck Cond: ((k >= 4784034) AND (k <= 4784134))
	  ->  Bitmap Index Scan on k_7  (cost=0.00..5.51 rows=108 width=0)
	        Index Cond: ((k >= 4784034) AND (k <= 4784134))

table 8 : explain SELECT k, c FROM sbtest8 WHERE k BETWEEN 4784034 AND 4784134
	Bitmap Heap Scan on sbtest8  (cost=5.50..417.48 rows=104 width=125)
	  Recheck Cond: ((k >= 4784034) AND (k <= 4784134))
	  ->  Bitmap Index Scan on k_8  (cost=0.00..5.47 rows=104 width=0)
	        Index Cond: ((k >= 4784034) AND (k <= 4784134))

explain: for range-notcovered :: explain SELECT k, c FROM sbtest%d WHERE k BETWEEN 3986803 AND 3986903
explain: for range-notcovered :: explain SELECT k, c FROM sbtest%d WHERE k BETWEEN 4784034 AND 4784134
for range-notcovered
table 1 : explain SELECT k, c FROM sbtest1 WHERE k BETWEEN 2383423 AND 2383523
	Bitmap Heap Scan on sbtest1  (cost=5.47..405.51 rows=101 width=125)
	  Recheck Cond: ((k >= 2383423) AND (k <= 2383523))
	  ->  Bitmap Index Scan on k_1  (cost=0.00..5.44 rows=101 width=0)
	        Index Cond: ((k >= 2383423) AND (k <= 2383523))

table 2 : explain SELECT k, c FROM sbtest2 WHERE k BETWEEN 2383423 AND 2383523
	Bitmap Heap Scan on sbtest2  (cost=5.48..409.50 rows=102 width=125)
	  Recheck Cond: ((k >= 2383423) AND (k <= 2383523))
	  ->  Bitmap Index Scan on k_2  (cost=0.00..5.45 rows=102 width=0)
	        Index Cond: ((k >= 2383423) AND (k <= 2383523))

table 3 : explain SELECT k, c FROM sbtest3 WHERE k BETWEEN 2383423 AND 2383523
	Bitmap Heap Scan on sbtest3  (cost=5.53..429.23 rows=107 width=125)
	  Recheck Cond: ((k >= 2383423) AND (k <= 2383523))
	  ->  Bitmap Index Scan on k_3  (cost=0.00..5.50 rows=107 width=0)
	        Index Cond: ((k >= 2383423) AND (k <= 2383523))

table 4 : explain SELECT k, c FROM sbtest4 WHERE k BETWEEN 2383423 AND 2383523
	Bitmap Heap Scan on sbtest4  (cost=5.44..393.73 rows=98 width=125)
	  Recheck Cond: ((k >= 2383423) AND (k <= 2383523))
	  ->  Bitmap Index Scan on k_4  (cost=0.00..5.42 rows=98 width=0)
	        Index Cond: ((k >= 2383423) AND (k <= 2383523))

table 5 : explain SELECT k, c FROM sbtest5 WHERE k BETWEEN 2383423 AND 2383523
	Bitmap Heap Scan on sbtest5  (cost=5.38..370.18 rows=92 width=125)
	  Recheck Cond: ((k >= 2383423) AND (k <= 2383523))
	  ->  Bitmap Index Scan on k_5  (cost=0.00..5.35 rows=92 width=0)
	        Index Cond: ((k >= 2383423) AND (k <= 2383523))

table 6 : explain SELECT k, c FROM sbtest6 WHERE k BETWEEN 2383423 AND 2383523
	Bitmap Heap Scan on sbtest6  (cost=5.43..389.85 rows=97 width=125)
	  Recheck Cond: ((k >= 2383423) AND (k <= 2383523))
	  ->  Bitmap Index Scan on k_6  (cost=0.00..5.40 rows=97 width=0)
	        Index Cond: ((k >= 2383423) AND (k <= 2383523))

table 7 : explain SELECT k, c FROM sbtest7 WHERE k BETWEEN 2383423 AND 2383523
	Bitmap Heap Scan on sbtest7  (cost=5.49..413.62 rows=103 width=125)
	  Recheck Cond: ((k >= 2383423) AND (k <= 2383523))
	  ->  Bitmap Index Scan on k_7  (cost=0.00..5.46 rows=103 width=0)
	        Index Cond: ((k >= 2383423) AND (k <= 2383523))

table 8 : explain SELECT k, c FROM sbtest8 WHERE k BETWEEN 2383423 AND 2383523
	Bitmap Heap Scan on sbtest8  (cost=5.46..401.70 rows=100 width=125)
	  Recheck Cond: ((k >= 2383423) AND (k <= 2383523))
	  ->  Bitmap Index Scan on k_8  (cost=0.00..5.43 rows=100 width=0)
	        Index Cond: ((k >= 2383423) AND (k <= 2383523))

explain: for range-notcovered :: explain SELECT k, c FROM sbtest%d WHERE k BETWEEN 2383423 AND 2383523
for range-notcovered
table 1 : explain SELECT k, c FROM sbtest1 WHERE k BETWEEN 8239503 AND 8239603
	Bitmap Heap Scan on sbtest1  (cost=5.48..409.45 rows=102 width=125)
	  Recheck Cond: ((k >= 8239503) AND (k <= 8239603))
	  ->  Bitmap Index Scan on k_1  (cost=0.00..5.45 rows=102 width=0)
	        Index Cond: ((k >= 8239503) AND (k <= 8239603))

table 2 : explain SELECT k, c FROM sbtest2 WHERE k BETWEEN 8239503 AND 8239603
	Bitmap Heap Scan on sbtest2  (cost=5.41..381.88 rows=95 width=125)
	  Recheck Cond: ((k >= 8239503) AND (k <= 8239603))
	  ->  Bitmap Index Scan on k_2  (cost=0.00..5.38 rows=95 width=0)
	        Index Cond: ((k >= 8239503) AND (k <= 8239603))

table 3 : explain SELECT k, c FROM sbtest3 WHERE k BETWEEN 8239503 AND 8239603
	Bitmap Heap Scan on sbtest3  (cost=5.51..421.35 rows=105 width=125)
	  Recheck Cond: ((k >= 8239503) AND (k <= 8239603))
	  ->  Bitmap Index Scan on k_3  (cost=0.00..5.48 rows=105 width=0)
	        Index Cond: ((k >= 8239503) AND (k <= 8239603))

table 4 : explain SELECT k, c FROM sbtest4 WHERE k BETWEEN 8239503 AND 8239603
	Bitmap Heap Scan on sbtest4  (cost=5.53..429.23 rows=107 width=125)
	  Recheck Cond: ((k >= 8239503) AND (k <= 8239603))
	  ->  Bitmap Index Scan on k_4  (cost=0.00..5.50 rows=107 width=0)
	        Index Cond: ((k >= 8239503) AND (k <= 8239603))

table 5 : explain SELECT k, c FROM sbtest5 WHERE k BETWEEN 8239503 AND 8239603
	Bitmap Heap Scan on sbtest5  (cost=5.45..397.83 rows=99 width=125)
	  Recheck Cond: ((k >= 8239503) AND (k <= 8239603))
	  ->  Bitmap Index Scan on k_5  (cost=0.00..5.42 rows=99 width=0)
	        Index Cond: ((k >= 8239503) AND (k <= 8239603))

table 6 : explain SELECT k, c FROM sbtest6 WHERE k BETWEEN 8239503 AND 8239603
	Bitmap Heap Scan on sbtest6  (cost=5.49..413.52 rows=103 width=125)
	  Recheck Cond: ((k >= 8239503) AND (k <= 8239603))
	  ->  Bitmap Index Scan on k_6  (cost=0.00..5.46 rows=103 width=0)
	        Index Cond: ((k >= 8239503) AND (k <= 8239603))

table 7 : explain SELECT k, c FROM sbtest7 WHERE k BETWEEN 8239503 AND 8239603
	Bitmap Heap Scan on sbtest7  (cost=5.42..385.98 rows=96 width=125)
	  Recheck Cond: ((k >= 8239503) AND (k <= 8239603))
	  ->  Bitmap Index Scan on k_7  (cost=0.00..5.39 rows=96 width=0)
	        Index Cond: ((k >= 8239503) AND (k <= 8239603))

table 8 : explain SELECT k, c FROM sbtest8 WHERE k BETWEEN 8239503 AND 8239603
	Bitmap Heap Scan on sbtest8  (cost=5.51..421.42 rows=105 width=125)
	  Recheck Cond: ((k >= 8239503) AND (k <= 8239603))
	  ->  Bitmap Index Scan on k_8  (cost=0.00..5.48 rows=105 width=0)
	        Index Cond: ((k >= 8239503) AND (k <= 8239603))

for range-notcovered
table 1 : explain SELECT k, c FROM sbtest1 WHERE k BETWEEN 3662354 AND 3662454
	Bitmap Heap Scan on sbtest1  (cost=5.39..373.94 rows=93 width=125)
	  Recheck Cond: ((k >= 3662354) AND (k <= 3662454))
	  ->  Bitmap Index Scan on k_1  (cost=0.00..5.36 rows=93 width=0)
	        Index Cond: ((k >= 3662354) AND (k <= 3662454))

table 2 : explain SELECT k, c FROM sbtest2 WHERE k BETWEEN 3662354 AND 3662454
	Bitmap Heap Scan on sbtest2  (cost=5.51..421.33 rows=105 width=125)
	  Recheck Cond: ((k >= 3662354) AND (k <= 3662454))
	  ->  Bitmap Index Scan on k_2  (cost=0.00..5.48 rows=105 width=0)
	        Index Cond: ((k >= 3662354) AND (k <= 3662454))

table 3 : explain SELECT k, c FROM sbtest3 WHERE k BETWEEN 3662354 AND 3662454
	Bitmap Heap Scan on sbtest3  (cost=5.44..393.74 rows=98 width=125)
	  Recheck Cond: ((k >= 3662354) AND (k <= 3662454))
	  ->  Bitmap Index Scan on k_3  (cost=0.00..5.42 rows=98 width=0)
	        Index Cond: ((k >= 3662354) AND (k <= 3662454))

table 4 : explain SELECT k, c FROM sbtest4 WHERE k BETWEEN 3662354 AND 3662454
	Bitmap Heap Scan on sbtest4  (cost=5.55..437.12 rows=109 width=125)
	  Recheck Cond: ((k >= 3662354) AND (k <= 3662454))
	  ->  Bitmap Index Scan on k_4  (cost=0.00..5.52 rows=109 width=0)
	        Index Cond: ((k >= 3662354) AND (k <= 3662454))

table 5 : explain SELECT k, c FROM sbtest5 WHERE k BETWEEN 3662354 AND 3662454
	Bitmap Heap Scan on sbtest5  (cost=5.46..401.78 rows=100 width=125)
	  Recheck Cond: ((k >= 3662354) AND (k <= 3662454))
	  ->  Bitmap Index Scan on k_5  (cost=0.00..5.43 rows=100 width=0)
	        Index Cond: ((k >= 3662354) AND (k <= 3662454))

table 6 : explain SELECT k, c FROM sbtest6 WHERE k BETWEEN 3662354 AND 3662454
	Bitmap Heap Scan on sbtest6  (cost=5.49..413.52 rows=103 width=125)
	  Recheck Cond: ((k >= 3662354) AND (k <= 3662454))
	  ->  Bitmap Index Scan on k_6  (cost=0.00..5.46 rows=103 width=0)
	        Index Cond: ((k >= 3662354) AND (k <= 3662454))

table 7 : explain SELECT k, c FROM sbtest7 WHERE k BETWEEN 3662354 AND 3662454
	Bitmap Heap Scan on sbtest7  (cost=5.45..397.83 rows=99 width=125)
	  Recheck Cond: ((k >= 3662354) AND (k <= 3662454))
	  ->  Bitmap Index Scan on k_7  (cost=0.00..5.42 rows=99 width=0)
	        Index Cond: ((k >= 3662354) AND (k <= 3662454))

table 8 : explain SELECT k, c FROM sbtest8 WHERE k BETWEEN 3662354 AND 3662454
	Bitmap Heap Scan on sbtest8  (cost=5.45..397.75 rows=99 width=125)
	  Recheck Cond: ((k >= 3662354) AND (k <= 3662454))
	  ->  Bitmap Index Scan on k_8  (cost=0.00..5.42 rows=99 width=0)
	        Index Cond: ((k >= 3662354) AND (k <= 3662454))

for range-notcovered
table 1 : explain SELECT k, c FROM sbtest1 WHERE k BETWEEN 9033111 AND 9033211
	Bitmap Heap Scan on sbtest1  (cost=5.51..421.28 rows=105 width=125)
	  Recheck Cond: ((k >= 9033111) AND (k <= 9033211))
	  ->  Bitmap Index Scan on k_1  (cost=0.00..5.48 rows=105 width=0)
	        Index Cond: ((k >= 9033111) AND (k <= 9033211))

table 2 : explain SELECT k, c FROM sbtest2 WHERE k BETWEEN 9033111 AND 9033211
	Bitmap Heap Scan on sbtest2  (cost=5.42..385.83 rows=96 width=125)
	  Recheck Cond: ((k >= 9033111) AND (k <= 9033211))
	  ->  Bitmap Index Scan on k_2  (cost=0.00..5.39 rows=96 width=0)
	        Index Cond: ((k >= 9033111) AND (k <= 9033211))

table 3 : explain SELECT k, c FROM sbtest3 WHERE k BETWEEN 9033111 AND 9033211
	Bitmap Heap Scan on sbtest3  (cost=5.44..393.74 rows=98 width=125)
	  Recheck Cond: ((k >= 9033111) AND (k <= 9033211))
	  ->  Bitmap Index Scan on k_3  (cost=0.00..5.42 rows=98 width=0)
	        Index Cond: ((k >= 9033111) AND (k <= 9033211))

table 4 : explain SELECT k, c FROM sbtest4 WHERE k BETWEEN 9033111 AND 9033211
	Bitmap Heap Scan on sbtest4  (cost=5.49..413.46 rows=103 width=125)
	  Recheck Cond: ((k >= 9033111) AND (k <= 9033211))
	  ->  Bitmap Index Scan on k_4  (cost=0.00..5.46 rows=103 width=0)
	        Index Cond: ((k >= 9033111) AND (k <= 9033211))

table 5 : explain SELECT k, c FROM sbtest5 WHERE k BETWEEN 9033111 AND 9033211
	Bitmap Heap Scan on sbtest5  (cost=5.48..409.67 rows=102 width=125)
	  Recheck Cond: ((k >= 9033111) AND (k <= 9033211))
	  ->  Bitmap Index Scan on k_5  (cost=0.00..5.45 rows=102 width=0)
	        Index Cond: ((k >= 9033111) AND (k <= 9033211))

table 6 : explain SELECT k, c FROM sbtest6 WHERE k BETWEEN 9033111 AND 9033211
	Bitmap Heap Scan on sbtest6  (cost=5.38..370.10 rows=92 width=125)
	  Recheck Cond: ((k >= 9033111) AND (k <= 9033211))
	  ->  Bitmap Index Scan on k_6  (cost=0.00..5.35 rows=92 width=0)
	        Index Cond: ((k >= 9033111) AND (k <= 9033211))

table 7 : explain SELECT k, c FROM sbtest7 WHERE k BETWEEN 9033111 AND 9033211
	Bitmap Heap Scan on sbtest7  (cost=5.49..413.62 rows=103 width=125)
	  Recheck Cond: ((k >= 9033111) AND (k <= 9033211))
	  ->  Bitmap Index Scan on k_7  (cost=0.00..5.46 rows=103 width=0)
	        Index Cond: ((k >= 9033111) AND (k <= 9033211))

table 8 : explain SELECT k, c FROM sbtest8 WHERE k BETWEEN 9033111 AND 9033211
	Bitmap Heap Scan on sbtest8  (cost=5.41..381.96 rows=95 width=125)
	  Recheck Cond: ((k >= 9033111) AND (k <= 9033211))
	  ->  Bitmap Index Scan on k_8  (cost=0.00..5.38 rows=95 width=0)
	        Index Cond: ((k >= 9033111) AND (k <= 9033211))

explain: for range-notcovered :: explain SELECT k, c FROM sbtest%d WHERE k BETWEEN 3662354 AND 3662454
explain: for range-notcovered :: explain SELECT k, c FROM sbtest%d WHERE k BETWEEN 9033111 AND 9033211
for range-notcovered
table 1 : explain SELECT k, c FROM sbtest1 WHERE k BETWEEN 3176169 AND 3176269
	Bitmap Heap Scan on sbtest1  (cost=5.57..444.93 rows=111 width=125)
	  Recheck Cond: ((k >= 3176169) AND (k <= 3176269))
	  ->  Bitmap Index Scan on k_1  (cost=0.00..5.54 rows=111 width=0)
	        Index Cond: ((k >= 3176169) AND (k <= 3176269))

table 2 : explain SELECT k, c FROM sbtest2 WHERE k BETWEEN 3176169 AND 3176269
	Bitmap Heap Scan on sbtest2  (cost=5.55..437.10 rows=109 width=125)
	  Recheck Cond: ((k >= 3176169) AND (k <= 3176269))
	  ->  Bitmap Index Scan on k_2  (cost=0.00..5.52 rows=109 width=0)
	        Index Cond: ((k >= 3176169) AND (k <= 3176269))

table 3 : explain SELECT k, c FROM sbtest3 WHERE k BETWEEN 3176169 AND 3176269
	Bitmap Heap Scan on sbtest3  (cost=5.52..425.29 rows=106 width=125)
	  Recheck Cond: ((k >= 3176169) AND (k <= 3176269))
	  ->  Bitmap Index Scan on k_3  (cost=0.00..5.50 rows=106 width=0)
	        Index Cond: ((k >= 3176169) AND (k <= 3176269))

table 4 : explain SELECT k, c FROM sbtest4 WHERE k BETWEEN 3176169 AND 3176269
	Bitmap Heap Scan on sbtest4  (cost=5.55..437.12 rows=109 width=125)
	  Recheck Cond: ((k >= 3176169) AND (k <= 3176269))
	  ->  Bitmap Index Scan on k_4  (cost=0.00..5.52 rows=109 width=0)
	        Index Cond: ((k >= 3176169) AND (k <= 3176269))

table 5 : explain SELECT k, c FROM sbtest5 WHERE k BETWEEN 3176169 AND 3176269
	Bitmap Heap Scan on sbtest5  (cost=5.51..421.51 rows=105 width=125)
	  Recheck Cond: ((k >= 3176169) AND (k <= 3176269))
	  ->  Bitmap Index Scan on k_5  (cost=0.00..5.48 rows=105 width=0)
	        Index Cond: ((k >= 3176169) AND (k <= 3176269))

table 6 : explain SELECT k, c FROM sbtest6 WHERE k BETWEEN 3176169 AND 3176269
	Bitmap Heap Scan on sbtest6  (cost=5.46..401.69 rows=100 width=125)
	  Recheck Cond: ((k >= 3176169) AND (k <= 3176269))
	  ->  Bitmap Index Scan on k_6  (cost=0.00..5.43 rows=100 width=0)
	        Index Cond: ((k >= 3176169) AND (k <= 3176269))

table 7 : explain SELECT k, c FROM sbtest7 WHERE k BETWEEN 3176169 AND 3176269
	Bitmap Heap Scan on sbtest7  (cost=5.38..370.19 rows=92 width=125)
	  Recheck Cond: ((k >= 3176169) AND (k <= 3176269))
	  ->  Bitmap Index Scan on k_7  (cost=0.00..5.35 rows=92 width=0)
	        Index Cond: ((k >= 3176169) AND (k <= 3176269))

table 8 : explain SELECT k, c FROM sbtest8 WHERE k BETWEEN 3176169 AND 3176269
	Bitmap Heap Scan on sbtest8  (cost=5.48..409.59 rows=102 width=125)
	  Recheck Cond: ((k >= 3176169) AND (k <= 3176269))
	  ->  Bitmap Index Scan on k_8  (cost=0.00..5.45 rows=102 width=0)
	        Index Cond: ((k >= 3176169) AND (k <= 3176269))

for range-notcovered
table 1 : explain SELECT k, c FROM sbtest1 WHERE k BETWEEN 8385802 AND 8385902
	Bitmap Heap Scan on sbtest1  (cost=5.49..413.39 rows=103 width=125)
	  Recheck Cond: ((k >= 8385802) AND (k <= 8385902))
	  ->  Bitmap Index Scan on k_1  (cost=0.00..5.46 rows=103 width=0)
	        Index Cond: ((k >= 8385802) AND (k <= 8385902))

table 2 : explain SELECT k, c FROM sbtest2 WHERE k BETWEEN 8385802 AND 8385902
	Bitmap Heap Scan on sbtest2  (cost=5.44..393.72 rows=98 width=125)
	  Recheck Cond: ((k >= 8385802) AND (k <= 8385902))
	  ->  Bitmap Index Scan on k_2  (cost=0.00..5.42 rows=98 width=0)
	        Index Cond: ((k >= 8385802) AND (k <= 8385902))

table 3 : explain SELECT k, c FROM sbtest3 WHERE k BETWEEN 8385802 AND 8385902
	Bitmap Heap Scan on sbtest3  (cost=5.43..389.79 rows=97 width=125)
	  Recheck Cond: ((k >= 8385802) AND (k <= 8385902))
	  ->  Bitmap Index Scan on k_3  (cost=0.00..5.40 rows=97 width=0)
	        Index Cond: ((k >= 8385802) AND (k <= 8385902))

table 4 : explain SELECT k, c FROM sbtest4 WHERE k BETWEEN 8385802 AND 8385902
	Bitmap Heap Scan on sbtest4  (cost=5.47..405.57 rows=101 width=125)
	  Recheck Cond: ((k >= 8385802) AND (k <= 8385902))
	  ->  Bitmap Index Scan on k_4  (cost=0.00..5.44 rows=101 width=0)
	        Index Cond: ((k >= 8385802) AND (k <= 8385902))

table 5 : explain SELECT k, c FROM sbtest5 WHERE k BETWEEN 8385802 AND 8385902
	Bitmap Heap Scan on sbtest5  (cost=5.53..429.40 rows=107 width=125)
	  Recheck Cond: ((k >= 8385802) AND (k <= 8385902))
	  ->  Bitmap Index Scan on k_5  (cost=0.00..5.50 rows=107 width=0)
	        Index Cond: ((k >= 8385802) AND (k <= 8385902))

table 6 : explain SELECT k, c FROM sbtest6 WHERE k BETWEEN 8385802 AND 8385902
	Bitmap Heap Scan on sbtest6  (cost=5.39..374.05 rows=93 width=125)
	  Recheck Cond: ((k >= 8385802) AND (k <= 8385902))
	  ->  Bitmap Index Scan on k_6  (cost=0.00..5.36 rows=93 width=0)
	        Index Cond: ((k >= 8385802) AND (k <= 8385902))

table 7 : explain SELECT k, c FROM sbtest7 WHERE k BETWEEN 8385802 AND 8385902
	Bitmap Heap Scan on sbtest7  (cost=5.60..457.01 rows=114 width=125)
	  Recheck Cond: ((k >= 8385802) AND (k <= 8385902))
	  ->  Bitmap Index Scan on k_7  (cost=0.00..5.58 rows=114 width=0)
	        Index Cond: ((k >= 8385802) AND (k <= 8385902))

table 8 : explain SELECT k, c FROM sbtest8 WHERE k BETWEEN 8385802 AND 8385902
	Bitmap Heap Scan on sbtest8  (cost=5.47..405.64 rows=101 width=125)
	  Recheck Cond: ((k >= 8385802) AND (k <= 8385902))
	  ->  Bitmap Index Scan on k_8  (cost=0.00..5.44 rows=101 width=0)
	        Index Cond: ((k >= 8385802) AND (k <= 8385902))

for range-notcovered
table 1 : explain SELECT k, c FROM sbtest1 WHERE k BETWEEN 643681 AND 643781
	Bitmap Heap Scan on sbtest1  (cost=5.43..389.73 rows=97 width=125)
	  Recheck Cond: ((k >= 643681) AND (k <= 643781))
	  ->  Bitmap Index Scan on k_1  (cost=0.00..5.40 rows=97 width=0)
	        Index Cond: ((k >= 643681) AND (k <= 643781))

table 2 : explain SELECT k, c FROM sbtest2 WHERE k BETWEEN 643681 AND 643781
	Bitmap Heap Scan on sbtest2  (cost=5.47..405.55 rows=101 width=125)
	  Recheck Cond: ((k >= 643681) AND (k <= 643781))
	  ->  Bitmap Index Scan on k_2  (cost=0.00..5.44 rows=101 width=0)
	        Index Cond: ((k >= 643681) AND (k <= 643781))

table 3 : explain SELECT k, c FROM sbtest3 WHERE k BETWEEN 643681 AND 643781
	Bitmap Heap Scan on sbtest3  (cost=5.45..397.68 rows=99 width=125)
	  Recheck Cond: ((k >= 643681) AND (k <= 643781))
	  ->  Bitmap Index Scan on k_3  (cost=0.00..5.42 rows=99 width=0)
	        Index Cond: ((k >= 643681) AND (k <= 643781))

table 4 : explain SELECT k, c FROM sbtest4 WHERE k BETWEEN 643681 AND 643781
	Bitmap Heap Scan on sbtest4  (cost=5.51..421.35 rows=105 width=125)
	  Recheck Cond: ((k >= 643681) AND (k <= 643781))
	  ->  Bitmap Index Scan on k_4  (cost=0.00..5.48 rows=105 width=0)
	        Index Cond: ((k >= 643681) AND (k <= 643781))

table 5 : explain SELECT k, c FROM sbtest5 WHERE k BETWEEN 643681 AND 643781
	Bitmap Heap Scan on sbtest5  (cost=5.44..393.88 rows=98 width=125)
	  Recheck Cond: ((k >= 643681) AND (k <= 643781))
	  ->  Bitmap Index Scan on k_5  (cost=0.00..5.42 rows=98 width=0)
	        Index Cond: ((k >= 643681) AND (k <= 643781))

table 6 : explain SELECT k, c FROM sbtest6 WHERE k BETWEEN 643681 AND 643781
	Bitmap Heap Scan on sbtest6  (cost=5.56..441.13 rows=110 width=125)
	  Recheck Cond: ((k >= 643681) AND (k <= 643781))
	  ->  Bitmap Index Scan on k_6  (cost=0.00..5.53 rows=110 width=0)
	        Index Cond: ((k >= 643681) AND (k <= 643781))

table 7 : explain SELECT k, c FROM sbtest7 WHERE k BETWEEN 643681 AND 643781
	Bitmap Heap Scan on sbtest7  (cost=5.49..413.62 rows=103 width=125)
	  Recheck Cond: ((k >= 643681) AND (k <= 643781))
	  ->  Bitmap Index Scan on k_7  (cost=0.00..5.46 rows=103 width=0)
	        Index Cond: ((k >= 643681) AND (k <= 643781))

table 8 : explain SELECT k, c FROM sbtest8 WHERE k BETWEEN 643681 AND 643781
	Bitmap Heap Scan on sbtest8  (cost=5.47..405.64 rows=101 width=125)
	  Recheck Cond: ((k >= 643681) AND (k <= 643781))
	  ->  Bitmap Index Scan on k_8  (cost=0.00..5.44 rows=101 width=0)
	        Index Cond: ((k >= 643681) AND (k <= 643781))

for range-notcovered
table 1 : explain SELECT k, c FROM sbtest1 WHERE k BETWEEN 5375673 AND 5375773
	Bitmap Heap Scan on sbtest1  (cost=5.40..377.89 rows=94 width=125)
	  Recheck Cond: ((k >= 5375673) AND (k <= 5375773))
	  ->  Bitmap Index Scan on k_1  (cost=0.00..5.38 rows=94 width=0)
	        Index Cond: ((k >= 5375673) AND (k <= 5375773))

table 2 : explain SELECT k, c FROM sbtest2 WHERE k BETWEEN 5375673 AND 5375773
	Bitmap Heap Scan on sbtest2  (cost=5.52..425.27 rows=106 width=125)
	  Recheck Cond: ((k >= 5375673) AND (k <= 5375773))
	  ->  Bitmap Index Scan on k_2  (cost=0.00..5.50 rows=106 width=0)
	        Index Cond: ((k >= 5375673) AND (k <= 5375773))

table 3 : explain SELECT k, c FROM sbtest3 WHERE k BETWEEN 5375673 AND 5375773
	Bitmap Heap Scan on sbtest3  (cost=5.43..389.79 rows=97 width=125)
	  Recheck Cond: ((k >= 5375673) AND (k <= 5375773))
	  ->  Bitmap Index Scan on k_3  (cost=0.00..5.40 rows=97 width=0)
	        Index Cond: ((k >= 5375673) AND (k <= 5375773))

table 4 : explain SELECT k, c FROM sbtest4 WHERE k BETWEEN 5375673 AND 5375773
	Bitmap Heap Scan on sbtest4  (cost=5.53..429.23 rows=107 width=125)
	  Recheck Cond: ((k >= 5375673) AND (k <= 5375773))
	  ->  Bitmap Index Scan on k_4  (cost=0.00..5.50 rows=107 width=0)
	        Index Cond: ((k >= 5375673) AND (k <= 5375773))

table 5 : explain SELECT k, c FROM sbtest5 WHERE k BETWEEN 5375673 AND 5375773
	Bitmap Heap Scan on sbtest5  (cost=5.38..370.18 rows=92 width=125)
	  Recheck Cond: ((k >= 5375673) AND (k <= 5375773))
	  ->  Bitmap Index Scan on k_5  (cost=0.00..5.35 rows=92 width=0)
	        Index Cond: ((k >= 5375673) AND (k <= 5375773))

table 6 : explain SELECT k, c FROM sbtest6 WHERE k BETWEEN 5375673 AND 5375773
	Bitmap Heap Scan on sbtest6  (cost=5.46..401.69 rows=100 width=125)
	  Recheck Cond: ((k >= 5375673) AND (k <= 5375773))
	  ->  Bitmap Index Scan on k_6  (cost=0.00..5.43 rows=100 width=0)
	        Index Cond: ((k >= 5375673) AND (k <= 5375773))

table 7 : explain SELECT k, c FROM sbtest7 WHERE k BETWEEN 5375673 AND 5375773
	Bitmap Heap Scan on sbtest7  (cost=5.54..433.35 rows=108 width=125)
	  Recheck Cond: ((k >= 5375673) AND (k <= 5375773))
	  ->  Bitmap Index Scan on k_7  (cost=0.00..5.51 rows=108 width=0)
	        Index Cond: ((k >= 5375673) AND (k <= 5375773))

table 8 : explain SELECT k, c FROM sbtest8 WHERE k BETWEEN 5375673 AND 5375773
	Bitmap Heap Scan on sbtest8  (cost=5.54..433.26 rows=108 width=125)
	  Recheck Cond: ((k >= 5375673) AND (k <= 5375773))
	  ->  Bitmap Index Scan on k_8  (cost=0.00..5.51 rows=108 width=0)
	        Index Cond: ((k >= 5375673) AND (k <= 5375773))

explain: for range-notcovered :: explain SELECT k, c FROM sbtest%d WHERE k BETWEEN 3176169 AND 3176269
explain: for range-notcovered :: explain SELECT k, c FROM sbtest%d WHERE k BETWEEN 643681 AND 643781
explain: for range-notcovered :: explain SELECT k, c FROM sbtest%d WHERE k BETWEEN 8385802 AND 8385902
explain: for range-notcovered :: explain SELECT k, c FROM sbtest%d WHERE k BETWEEN 5375673 AND 5375773
for range-notcovered
table 1 : explain SELECT k, c FROM sbtest1 WHERE k BETWEEN 4784034 AND 4784134
	Bitmap Heap Scan on sbtest1  (cost=5.46..401.56 rows=100 width=125)
	  Recheck Cond: ((k >= 4784034) AND (k <= 4784134))
	  ->  Bitmap Index Scan on k_1  (cost=0.00..5.43 rows=100 width=0)
	        Index Cond: ((k >= 4784034) AND (k <= 4784134))

table 2 : explain SELECT k, c FROM sbtest2 WHERE k BETWEEN 4784034 AND 4784134
	Bitmap Heap Scan on sbtest2  (cost=5.44..393.72 rows=98 width=125)
	  Recheck Cond: ((k >= 4784034) AND (k <= 4784134))
	  ->  Bitmap Index Scan on k_2  (cost=0.00..5.42 rows=98 width=0)
	        Index Cond: ((k >= 4784034) AND (k <= 4784134))

table 3 : explain SELECT k, c FROM sbtest3 WHERE k BETWEEN 4784034 AND 4784134
	Bitmap Heap Scan on sbtest3  (cost=5.55..437.12 rows=109 width=125)
	  Recheck Cond: ((k >= 4784034) AND (k <= 4784134))
	  ->  Bitmap Index Scan on k_3  (cost=0.00..5.52 rows=109 width=0)
	        Index Cond: ((k >= 4784034) AND (k <= 4784134))

table 4 : explain SELECT k, c FROM sbtest4 WHERE k BETWEEN 4784034 AND 4784134
	Bitmap Heap Scan on sbtest4  (cost=5.58..448.94 rows=112 width=125)
	  Recheck Cond: ((k >= 4784034) AND (k <= 4784134))
	  ->  Bitmap Index Scan on k_4  (cost=0.00..5.55 rows=112 width=0)
	        Index Cond: ((k >= 4784034) AND (k <= 4784134))

table 5 : explain SELECT k, c FROM sbtest5 WHERE k BETWEEN 4784034 AND 4784134
	Bitmap Heap Scan on sbtest5  (cost=5.46..401.78 rows=100 width=125)
	  Recheck Cond: ((k >= 4784034) AND (k <= 4784134))
	  ->  Bitmap Index Scan on k_5  (cost=0.00..5.43 rows=100 width=0)
	        Index Cond: ((k >= 4784034) AND (k <= 4784134))

table 6 : explain SELECT k, c FROM sbtest6 WHERE k BETWEEN 4784034 AND 4784134
	Bitmap Heap Scan on sbtest6  (cost=5.51..421.41 rows=105 width=125)
	  Recheck Cond: ((k >= 4784034) AND (k <= 4784134))
	  ->  Bitmap Index Scan on k_6  (cost=0.00..5.48 rows=105 width=0)
	        Index Cond: ((k >= 4784034) AND (k <= 4784134))

table 7 : explain SELECT k, c FROM sbtest7 WHERE k BETWEEN 4784034 AND 4784134
	Bitmap Heap Scan on sbtest7  (cost=5.54..433.35 rows=108 width=125)
	  Recheck Cond: ((k >= 4784034) AND (k <= 4784134))
	  ->  Bitmap Index Scan on k_7  (cost=0.00..5.51 rows=108 width=0)
	        Index Cond: ((k >= 4784034) AND (k <= 4784134))

table 8 : explain SELECT k, c FROM sbtest8 WHERE k BETWEEN 4784034 AND 4784134
	Bitmap Heap Scan on sbtest8  (cost=5.50..417.48 rows=104 width=125)
	  Recheck Cond: ((k >= 4784034) AND (k <= 4784134))
	  ->  Bitmap Index Scan on k_8  (cost=0.00..5.47 rows=104 width=0)
	        Index Cond: ((k >= 4784034) AND (k <= 4784134))

for range-notcovered
table 1 : explain SELECT k, c FROM sbtest1 WHERE k BETWEEN 3986803 AND 3986903
	Bitmap Heap Scan on sbtest1  (cost=5.51..421.28 rows=105 width=125)
	  Recheck Cond: ((k >= 3986803) AND (k <= 3986903))
	  ->  Bitmap Index Scan on k_1  (cost=0.00..5.48 rows=105 width=0)
	        Index Cond: ((k >= 3986803) AND (k <= 3986903))

table 2 : explain SELECT k, c FROM sbtest2 WHERE k BETWEEN 3986803 AND 3986903
	Bitmap Heap Scan on sbtest2  (cost=5.50..417.39 rows=104 width=125)
	  Recheck Cond: ((k >= 3986803) AND (k <= 3986903))
	  ->  Bitmap Index Scan on k_2  (cost=0.00..5.47 rows=104 width=0)
	        Index Cond: ((k >= 3986803) AND (k <= 3986903))

table 3 : explain SELECT k, c FROM sbtest3 WHERE k BETWEEN 3986803 AND 3986903
	Bitmap Heap Scan on sbtest3  (cost=5.42..385.84 rows=96 width=125)
	  Recheck Cond: ((k >= 3986803) AND (k <= 3986903))
	  ->  Bitmap Index Scan on k_3  (cost=0.00..5.39 rows=96 width=0)
	        Index Cond: ((k >= 3986803) AND (k <= 3986903))

table 4 : explain SELECT k, c FROM sbtest4 WHERE k BETWEEN 3986803 AND 3986903
	Bitmap Heap Scan on sbtest4  (cost=5.47..405.57 rows=101 width=125)
	  Recheck Cond: ((k >= 3986803) AND (k <= 3986903))
	  ->  Bitmap Index Scan on k_4  (cost=0.00..5.44 rows=101 width=0)
	        Index Cond: ((k >= 3986803) AND (k <= 3986903))

table 5 : explain SELECT k, c FROM sbtest5 WHERE k BETWEEN 3986803 AND 3986903
	Bitmap Heap Scan on sbtest5  (cost=5.46..401.78 rows=100 width=125)
	  Recheck Cond: ((k >= 3986803) AND (k <= 3986903))
	  ->  Bitmap Index Scan on k_5  (cost=0.00..5.43 rows=100 width=0)
	        Index Cond: ((k >= 3986803) AND (k <= 3986903))

table 6 : explain SELECT k, c FROM sbtest6 WHERE k BETWEEN 3986803 AND 3986903
	Bitmap Heap Scan on sbtest6  (cost=5.59..452.95 rows=113 width=125)
	  Recheck Cond: ((k >= 3986803) AND (k <= 3986903))
	  ->  Bitmap Index Scan on k_6  (cost=0.00..5.56 rows=113 width=0)
	        Index Cond: ((k >= 3986803) AND (k <= 3986903))

table 7 : explain SELECT k, c FROM sbtest7 WHERE k BETWEEN 3986803 AND 3986903
	Bitmap Heap Scan on sbtest7  (cost=5.52..425.46 rows=106 width=125)
	  Recheck Cond: ((k >= 3986803) AND (k <= 3986903))
	  ->  Bitmap Index Scan on k_7  (cost=0.00..5.50 rows=106 width=0)
	        Index Cond: ((k >= 3986803) AND (k <= 3986903))

table 8 : explain SELECT k, c FROM sbtest8 WHERE k BETWEEN 3986803 AND 3986903
	Bitmap Heap Scan on sbtest8  (cost=5.41..381.96 rows=95 width=125)
	  Recheck Cond: ((k >= 3986803) AND (k <= 3986903))
	  ->  Bitmap Index Scan on k_8  (cost=0.00..5.38 rows=95 width=0)
	        Index Cond: ((k >= 3986803) AND (k <= 3986903))

explain: for range-notcovered :: explain SELECT k, c FROM sbtest%d WHERE k BETWEEN 4784034 AND 4784134
explain: for range-notcovered :: explain SELECT k, c FROM sbtest%d WHERE k BETWEEN 3986803 AND 3986903
for range-notcovered
table 1 : explain SELECT k, c FROM sbtest1 WHERE k BETWEEN 2383423 AND 2383523
	Bitmap Heap Scan on sbtest1  (cost=5.47..405.51 rows=101 width=125)
	  Recheck Cond: ((k >= 2383423) AND (k <= 2383523))
	  ->  Bitmap Index Scan on k_1  (cost=0.00..5.44 rows=101 width=0)
	        Index Cond: ((k >= 2383423) AND (k <= 2383523))

table 2 : explain SELECT k, c FROM sbtest2 WHERE k BETWEEN 2383423 AND 2383523
	Bitmap Heap Scan on sbtest2  (cost=5.48..409.50 rows=102 width=125)
	  Recheck Cond: ((k >= 2383423) AND (k <= 2383523))
	  ->  Bitmap Index Scan on k_2  (cost=0.00..5.45 rows=102 width=0)
	        Index Cond: ((k >= 2383423) AND (k <= 2383523))

table 3 : explain SELECT k, c FROM sbtest3 WHERE k BETWEEN 2383423 AND 2383523
	Bitmap Heap Scan on sbtest3  (cost=5.53..429.23 rows=107 width=125)
	  Recheck Cond: ((k >= 2383423) AND (k <= 2383523))
	  ->  Bitmap Index Scan on k_3  (cost=0.00..5.50 rows=107 width=0)
	        Index Cond: ((k >= 2383423) AND (k <= 2383523))

table 4 : explain SELECT k, c FROM sbtest4 WHERE k BETWEEN 2383423 AND 2383523
	Bitmap Heap Scan on sbtest4  (cost=5.44..393.73 rows=98 width=125)
	  Recheck Cond: ((k >= 2383423) AND (k <= 2383523))
	  ->  Bitmap Index Scan on k_4  (cost=0.00..5.42 rows=98 width=0)
	        Index Cond: ((k >= 2383423) AND (k <= 2383523))

table 5 : explain SELECT k, c FROM sbtest5 WHERE k BETWEEN 2383423 AND 2383523
	Bitmap Heap Scan on sbtest5  (cost=5.38..370.18 rows=92 width=125)
	  Recheck Cond: ((k >= 2383423) AND (k <= 2383523))
	  ->  Bitmap Index Scan on k_5  (cost=0.00..5.35 rows=92 width=0)
	        Index Cond: ((k >= 2383423) AND (k <= 2383523))

table 6 : explain SELECT k, c FROM sbtest6 WHERE k BETWEEN 2383423 AND 2383523
	Bitmap Heap Scan on sbtest6  (cost=5.43..389.85 rows=97 width=125)
	  Recheck Cond: ((k >= 2383423) AND (k <= 2383523))
	  ->  Bitmap Index Scan on k_6  (cost=0.00..5.40 rows=97 width=0)
	        Index Cond: ((k >= 2383423) AND (k <= 2383523))

table 7 : explain SELECT k, c FROM sbtest7 WHERE k BETWEEN 2383423 AND 2383523
	Bitmap Heap Scan on sbtest7  (cost=5.49..413.62 rows=103 width=125)
	  Recheck Cond: ((k >= 2383423) AND (k <= 2383523))
	  ->  Bitmap Index Scan on k_7  (cost=0.00..5.46 rows=103 width=0)
	        Index Cond: ((k >= 2383423) AND (k <= 2383523))

table 8 : explain SELECT k, c FROM sbtest8 WHERE k BETWEEN 2383423 AND 2383523
	Bitmap Heap Scan on sbtest8  (cost=5.46..401.70 rows=100 width=125)
	  Recheck Cond: ((k >= 2383423) AND (k <= 2383523))
	  ->  Bitmap Index Scan on k_8  (cost=0.00..5.43 rows=100 width=0)
	        Index Cond: ((k >= 2383423) AND (k <= 2383523))

explain: for range-notcovered :: explain SELECT k, c FROM sbtest%d WHERE k BETWEEN 2383423 AND 2383523
for range-notcovered
table 1 : explain SELECT k, c FROM sbtest1 WHERE k BETWEEN 6623764 AND 6623864
	Bitmap Heap Scan on sbtest1  (cost=5.58..448.87 rows=112 width=125)
	  Recheck Cond: ((k >= 6623764) AND (k <= 6623864))
	  ->  Bitmap Index Scan on k_1  (cost=0.00..5.55 rows=112 width=0)
	        Index Cond: ((k >= 6623764) AND (k <= 6623864))

table 2 : explain SELECT k, c FROM sbtest2 WHERE k BETWEEN 6623764 AND 6623864
	Bitmap Heap Scan on sbtest2  (cost=5.45..397.66 rows=99 width=125)
	  Recheck Cond: ((k >= 6623764) AND (k <= 6623864))
	  ->  Bitmap Index Scan on k_2  (cost=0.00..5.42 rows=99 width=0)
	        Index Cond: ((k >= 6623764) AND (k <= 6623864))

table 3 : explain SELECT k, c FROM sbtest3 WHERE k BETWEEN 6623764 AND 6623864
	Bitmap Heap Scan on sbtest3  (cost=5.48..409.52 rows=102 width=125)
	  Recheck Cond: ((k >= 6623764) AND (k <= 6623864))
	  ->  Bitmap Index Scan on k_3  (cost=0.00..5.45 rows=102 width=0)
	        Index Cond: ((k >= 6623764) AND (k <= 6623864))

table 4 : explain SELECT k, c FROM sbtest4 WHERE k BETWEEN 6623764 AND 6623864
	Bitmap Heap Scan on sbtest4  (cost=5.46..401.62 rows=100 width=125)
	  Recheck Cond: ((k >= 6623764) AND (k <= 6623864))
	  ->  Bitmap Index Scan on k_4  (cost=0.00..5.43 rows=100 width=0)
	        Index Cond: ((k >= 6623764) AND (k <= 6623864))

table 5 : explain SELECT k, c FROM sbtest5 WHERE k BETWEEN 6623764 AND 6623864
	Bitmap Heap Scan on sbtest5  (cost=5.43..389.93 rows=97 width=125)
	  Recheck Cond: ((k >= 6623764) AND (k <= 6623864))
	  ->  Bitmap Index Scan on k_5  (cost=0.00..5.40 rows=97 width=0)
	        Index Cond: ((k >= 6623764) AND (k <= 6623864))

table 6 : explain SELECT k, c FROM sbtest6 WHERE k BETWEEN 6623764 AND 6623864
	Bitmap Heap Scan on sbtest6  (cost=5.52..425.36 rows=106 width=125)
	  Recheck Cond: ((k >= 6623764) AND (k <= 6623864))
	  ->  Bitmap Index Scan on k_6  (cost=0.00..5.50 rows=106 width=0)
	        Index Cond: ((k >= 6623764) AND (k <= 6623864))

table 7 : explain SELECT k, c FROM sbtest7 WHERE k BETWEEN 6623764 AND 6623864
	Bitmap Heap Scan on sbtest7  (cost=5.47..405.73 rows=101 width=125)
	  Recheck Cond: ((k >= 6623764) AND (k <= 6623864))
	  ->  Bitmap Index Scan on k_7  (cost=0.00..5.44 rows=101 width=0)
	        Index Cond: ((k >= 6623764) AND (k <= 6623864))

table 8 : explain SELECT k, c FROM sbtest8 WHERE k BETWEEN 6623764 AND 6623864
	Bitmap Heap Scan on sbtest8  (cost=5.49..413.54 rows=103 width=125)
	  Recheck Cond: ((k >= 6623764) AND (k <= 6623864))
	  ->  Bitmap Index Scan on k_8  (cost=0.00..5.46 rows=103 width=0)
	        Index Cond: ((k >= 6623764) AND (k <= 6623864))

for range-notcovered
table 1 : explain SELECT k, c FROM sbtest1 WHERE k BETWEEN 9033111 AND 9033211
	Bitmap Heap Scan on sbtest1  (cost=5.51..421.28 rows=105 width=125)
	  Recheck Cond: ((k >= 9033111) AND (k <= 9033211))
	  ->  Bitmap Index Scan on k_1  (cost=0.00..5.48 rows=105 width=0)
	        Index Cond: ((k >= 9033111) AND (k <= 9033211))

table 2 : explain SELECT k, c FROM sbtest2 WHERE k BETWEEN 9033111 AND 9033211
	Bitmap Heap Scan on sbtest2  (cost=5.42..385.83 rows=96 width=125)
	  Recheck Cond: ((k >= 9033111) AND (k <= 9033211))
	  ->  Bitmap Index Scan on k_2  (cost=0.00..5.39 rows=96 width=0)
	        Index Cond: ((k >= 9033111) AND (k <= 9033211))

table 3 : explain SELECT k, c FROM sbtest3 WHERE k BETWEEN 9033111 AND 9033211
	Bitmap Heap Scan on sbtest3  (cost=5.44..393.74 rows=98 width=125)
	  Recheck Cond: ((k >= 9033111) AND (k <= 9033211))
	  ->  Bitmap Index Scan on k_3  (cost=0.00..5.42 rows=98 width=0)
	        Index Cond: ((k >= 9033111) AND (k <= 9033211))

table 4 : explain SELECT k, c FROM sbtest4 WHERE k BETWEEN 9033111 AND 9033211
	Bitmap Heap Scan on sbtest4  (cost=5.49..413.46 rows=103 width=125)
	  Recheck Cond: ((k >= 9033111) AND (k <= 9033211))
	  ->  Bitmap Index Scan on k_4  (cost=0.00..5.46 rows=103 width=0)
	        Index Cond: ((k >= 9033111) AND (k <= 9033211))

table 5 : explain SELECT k, c FROM sbtest5 WHERE k BETWEEN 9033111 AND 9033211
	Bitmap Heap Scan on sbtest5  (cost=5.48..409.67 rows=102 width=125)
	  Recheck Cond: ((k >= 9033111) AND (k <= 9033211))
	  ->  Bitmap Index Scan on k_5  (cost=0.00..5.45 rows=102 width=0)
	        Index Cond: ((k >= 9033111) AND (k <= 9033211))

table 6 : explain SELECT k, c FROM sbtest6 WHERE k BETWEEN 9033111 AND 9033211
	Bitmap Heap Scan on sbtest6  (cost=5.38..370.10 rows=92 width=125)
	  Recheck Cond: ((k >= 9033111) AND (k <= 9033211))
	  ->  Bitmap Index Scan on k_6  (cost=0.00..5.35 rows=92 width=0)
	        Index Cond: ((k >= 9033111) AND (k <= 9033211))

table 7 : explain SELECT k, c FROM sbtest7 WHERE k BETWEEN 9033111 AND 9033211
	Bitmap Heap Scan on sbtest7  (cost=5.49..413.62 rows=103 width=125)
	  Recheck Cond: ((k >= 9033111) AND (k <= 9033211))
	  ->  Bitmap Index Scan on k_7  (cost=0.00..5.46 rows=103 width=0)
	        Index Cond: ((k >= 9033111) AND (k <= 9033211))

table 8 : explain SELECT k, c FROM sbtest8 WHERE k BETWEEN 9033111 AND 9033211
	Bitmap Heap Scan on sbtest8  (cost=5.41..381.96 rows=95 width=125)
	  Recheck Cond: ((k >= 9033111) AND (k <= 9033211))
	  ->  Bitmap Index Scan on k_8  (cost=0.00..5.38 rows=95 width=0)
	        Index Cond: ((k >= 9033111) AND (k <= 9033211))

for range-notcovered
table 1 : explain SELECT k, c FROM sbtest1 WHERE k BETWEEN 3662354 AND 3662454
	Bitmap Heap Scan on sbtest1  (cost=5.39..373.94 rows=93 width=125)
	  Recheck Cond: ((k >= 3662354) AND (k <= 3662454))
	  ->  Bitmap Index Scan on k_1  (cost=0.00..5.36 rows=93 width=0)
	        Index Cond: ((k >= 3662354) AND (k <= 3662454))

table 2 : explain SELECT k, c FROM sbtest2 WHERE k BETWEEN 3662354 AND 3662454
	Bitmap Heap Scan on sbtest2  (cost=5.51..421.33 rows=105 width=125)
	  Recheck Cond: ((k >= 3662354) AND (k <= 3662454))
	  ->  Bitmap Index Scan on k_2  (cost=0.00..5.48 rows=105 width=0)
	        Index Cond: ((k >= 3662354) AND (k <= 3662454))

table 3 : explain SELECT k, c FROM sbtest3 WHERE k BETWEEN 3662354 AND 3662454
	Bitmap Heap Scan on sbtest3  (cost=5.44..393.74 rows=98 width=125)
	  Recheck Cond: ((k >= 3662354) AND (k <= 3662454))
	  ->  Bitmap Index Scan on k_3  (cost=0.00..5.42 rows=98 width=0)
	        Index Cond: ((k >= 3662354) AND (k <= 3662454))

table 4 : explain SELECT k, c FROM sbtest4 WHERE k BETWEEN 3662354 AND 3662454
	Bitmap Heap Scan on sbtest4  (cost=5.55..437.12 rows=109 width=125)
	  Recheck Cond: ((k >= 3662354) AND (k <= 3662454))
	  ->  Bitmap Index Scan on k_4  (cost=0.00..5.52 rows=109 width=0)
	        Index Cond: ((k >= 3662354) AND (k <= 3662454))

table 5 : explain SELECT k, c FROM sbtest5 WHERE k BETWEEN 3662354 AND 3662454
	Bitmap Heap Scan on sbtest5  (cost=5.46..401.78 rows=100 width=125)
	  Recheck Cond: ((k >= 3662354) AND (k <= 3662454))
	  ->  Bitmap Index Scan on k_5  (cost=0.00..5.43 rows=100 width=0)
	        Index Cond: ((k >= 3662354) AND (k <= 3662454))

table 6 : explain SELECT k, c FROM sbtest6 WHERE k BETWEEN 3662354 AND 3662454
	Bitmap Heap Scan on sbtest6  (cost=5.49..413.52 rows=103 width=125)
	  Recheck Cond: ((k >= 3662354) AND (k <= 3662454))
	  ->  Bitmap Index Scan on k_6  (cost=0.00..5.46 rows=103 width=0)
	        Index Cond: ((k >= 3662354) AND (k <= 3662454))

table 7 : explain SELECT k, c FROM sbtest7 WHERE k BETWEEN 3662354 AND 3662454
	Bitmap Heap Scan on sbtest7  (cost=5.45..397.83 rows=99 width=125)
	  Recheck Cond: ((k >= 3662354) AND (k <= 3662454))
	  ->  Bitmap Index Scan on k_7  (cost=0.00..5.42 rows=99 width=0)
	        Index Cond: ((k >= 3662354) AND (k <= 3662454))

table 8 : explain SELECT k, c FROM sbtest8 WHERE k BETWEEN 3662354 AND 3662454
	Bitmap Heap Scan on sbtest8  (cost=5.45..397.75 rows=99 width=125)
	  Recheck Cond: ((k >= 3662354) AND (k <= 3662454))
	  ->  Bitmap Index Scan on k_8  (cost=0.00..5.42 rows=99 width=0)
	        Index Cond: ((k >= 3662354) AND (k <= 3662454))

explain: for range-notcovered :: explain SELECT k, c FROM sbtest%d WHERE k BETWEEN 6623764 AND 6623864
explain: for range-notcovered :: explain SELECT k, c FROM sbtest%d WHERE k BETWEEN 9033111 AND 9033211
explain: for range-notcovered :: explain SELECT k, c FROM sbtest%d WHERE k BETWEEN 3662354 AND 3662454
for range-notcovered
table 1 : explain SELECT k, c FROM sbtest1 WHERE k BETWEEN 3176169 AND 3176269
	Bitmap Heap Scan on sbtest1  (cost=5.57..444.93 rows=111 width=125)
	  Recheck Cond: ((k >= 3176169) AND (k <= 3176269))
	  ->  Bitmap Index Scan on k_1  (cost=0.00..5.54 rows=111 width=0)
	        Index Cond: ((k >= 3176169) AND (k <= 3176269))

table 2 : explain SELECT k, c FROM sbtest2 WHERE k BETWEEN 3176169 AND 3176269
	Bitmap Heap Scan on sbtest2  (cost=5.55..437.10 rows=109 width=125)
	  Recheck Cond: ((k >= 3176169) AND (k <= 3176269))
	  ->  Bitmap Index Scan on k_2  (cost=0.00..5.52 rows=109 width=0)
	        Index Cond: ((k >= 3176169) AND (k <= 3176269))

table 3 : explain SELECT k, c FROM sbtest3 WHERE k BETWEEN 3176169 AND 3176269
	Bitmap Heap Scan on sbtest3  (cost=5.52..425.29 rows=106 width=125)
	  Recheck Cond: ((k >= 3176169) AND (k <= 3176269))
	  ->  Bitmap Index Scan on k_3  (cost=0.00..5.50 rows=106 width=0)
	        Index Cond: ((k >= 3176169) AND (k <= 3176269))

table 4 : explain SELECT k, c FROM sbtest4 WHERE k BETWEEN 3176169 AND 3176269
	Bitmap Heap Scan on sbtest4  (cost=5.55..437.12 rows=109 width=125)
	  Recheck Cond: ((k >= 3176169) AND (k <= 3176269))
	  ->  Bitmap Index Scan on k_4  (cost=0.00..5.52 rows=109 width=0)
	        Index Cond: ((k >= 3176169) AND (k <= 3176269))

table 5 : explain SELECT k, c FROM sbtest5 WHERE k BETWEEN 3176169 AND 3176269
	Bitmap Heap Scan on sbtest5  (cost=5.51..421.51 rows=105 width=125)
	  Recheck Cond: ((k >= 3176169) AND (k <= 3176269))
	  ->  Bitmap Index Scan on k_5  (cost=0.00..5.48 rows=105 width=0)
	        Index Cond: ((k >= 3176169) AND (k <= 3176269))

table 6 : explain SELECT k, c FROM sbtest6 WHERE k BETWEEN 3176169 AND 3176269
	Bitmap Heap Scan on sbtest6  (cost=5.46..401.69 rows=100 width=125)
	  Recheck Cond: ((k >= 3176169) AND (k <= 3176269))
	  ->  Bitmap Index Scan on k_6  (cost=0.00..5.43 rows=100 width=0)
	        Index Cond: ((k >= 3176169) AND (k <= 3176269))

table 7 : explain SELECT k, c FROM sbtest7 WHERE k BETWEEN 3176169 AND 3176269
	Bitmap Heap Scan on sbtest7  (cost=5.38..370.19 rows=92 width=125)
	  Recheck Cond: ((k >= 3176169) AND (k <= 3176269))
	  ->  Bitmap Index Scan on k_7  (cost=0.00..5.35 rows=92 width=0)
	        Index Cond: ((k >= 3176169) AND (k <= 3176269))

table 8 : explain SELECT k, c FROM sbtest8 WHERE k BETWEEN 3176169 AND 3176269
	Bitmap Heap Scan on sbtest8  (cost=5.48..409.59 rows=102 width=125)
	  Recheck Cond: ((k >= 3176169) AND (k <= 3176269))
	  ->  Bitmap Index Scan on k_8  (cost=0.00..5.45 rows=102 width=0)
	        Index Cond: ((k >= 3176169) AND (k <= 3176269))

for range-notcovered
table 1 : explain SELECT k, c FROM sbtest1 WHERE k BETWEEN 643681 AND 643781
	Bitmap Heap Scan on sbtest1  (cost=5.43..389.73 rows=97 width=125)
	  Recheck Cond: ((k >= 643681) AND (k <= 643781))
	  ->  Bitmap Index Scan on k_1  (cost=0.00..5.40 rows=97 width=0)
	        Index Cond: ((k >= 643681) AND (k <= 643781))

table 2 : explain SELECT k, c FROM sbtest2 WHERE k BETWEEN 643681 AND 643781
	Bitmap Heap Scan on sbtest2  (cost=5.47..405.55 rows=101 width=125)
	  Recheck Cond: ((k >= 643681) AND (k <= 643781))
	  ->  Bitmap Index Scan on k_2  (cost=0.00..5.44 rows=101 width=0)
	        Index Cond: ((k >= 643681) AND (k <= 643781))

table 3 : explain SELECT k, c FROM sbtest3 WHERE k BETWEEN 643681 AND 643781
	Bitmap Heap Scan on sbtest3  (cost=5.45..397.68 rows=99 width=125)
	  Recheck Cond: ((k >= 643681) AND (k <= 643781))
	  ->  Bitmap Index Scan on k_3  (cost=0.00..5.42 rows=99 width=0)
	        Index Cond: ((k >= 643681) AND (k <= 643781))

table 4 : explain SELECT k, c FROM sbtest4 WHERE k BETWEEN 643681 AND 643781
	Bitmap Heap Scan on sbtest4  (cost=5.51..421.35 rows=105 width=125)
	  Recheck Cond: ((k >= 643681) AND (k <= 643781))
	  ->  Bitmap Index Scan on k_4  (cost=0.00..5.48 rows=105 width=0)
	        Index Cond: ((k >= 643681) AND (k <= 643781))

table 5 : explain SELECT k, c FROM sbtest5 WHERE k BETWEEN 643681 AND 643781
	Bitmap Heap Scan on sbtest5  (cost=5.44..393.88 rows=98 width=125)
	  Recheck Cond: ((k >= 643681) AND (k <= 643781))
	  ->  Bitmap Index Scan on k_5  (cost=0.00..5.42 rows=98 width=0)
	        Index Cond: ((k >= 643681) AND (k <= 643781))

table 6 : explain SELECT k, c FROM sbtest6 WHERE k BETWEEN 643681 AND 643781
	Bitmap Heap Scan on sbtest6  (cost=5.56..441.13 rows=110 width=125)
	  Recheck Cond: ((k >= 643681) AND (k <= 643781))
	  ->  Bitmap Index Scan on k_6  (cost=0.00..5.53 rows=110 width=0)
	        Index Cond: ((k >= 643681) AND (k <= 643781))

table 7 : explain SELECT k, c FROM sbtest7 WHERE k BETWEEN 643681 AND 643781
	Bitmap Heap Scan on sbtest7  (cost=5.49..413.62 rows=103 width=125)
	  Recheck Cond: ((k >= 643681) AND (k <= 643781))
	  ->  Bitmap Index Scan on k_7  (cost=0.00..5.46 rows=103 width=0)
	        Index Cond: ((k >= 643681) AND (k <= 643781))

table 8 : explain SELECT k, c FROM sbtest8 WHERE k BETWEEN 643681 AND 643781
	Bitmap Heap Scan on sbtest8  (cost=5.47..405.64 rows=101 width=125)
	  Recheck Cond: ((k >= 643681) AND (k <= 643781))
	  ->  Bitmap Index Scan on k_8  (cost=0.00..5.44 rows=101 width=0)
	        Index Cond: ((k >= 643681) AND (k <= 643781))

for range-notcovered
table 1 : explain SELECT k, c FROM sbtest1 WHERE k BETWEEN 8385802 AND 8385902
	Bitmap Heap Scan on sbtest1  (cost=5.49..413.39 rows=103 width=125)
	  Recheck Cond: ((k >= 8385802) AND (k <= 8385902))
	  ->  Bitmap Index Scan on k_1  (cost=0.00..5.46 rows=103 width=0)
	        Index Cond: ((k >= 8385802) AND (k <= 8385902))

table 2 : explain SELECT k, c FROM sbtest2 WHERE k BETWEEN 8385802 AND 8385902
	Bitmap Heap Scan on sbtest2  (cost=5.44..393.72 rows=98 width=125)
	  Recheck Cond: ((k >= 8385802) AND (k <= 8385902))
	  ->  Bitmap Index Scan on k_2  (cost=0.00..5.42 rows=98 width=0)
	        Index Cond: ((k >= 8385802) AND (k <= 8385902))

table 3 : explain SELECT k, c FROM sbtest3 WHERE k BETWEEN 8385802 AND 8385902
	Bitmap Heap Scan on sbtest3  (cost=5.43..389.79 rows=97 width=125)
	  Recheck Cond: ((k >= 8385802) AND (k <= 8385902))
	  ->  Bitmap Index Scan on k_3  (cost=0.00..5.40 rows=97 width=0)
	        Index Cond: ((k >= 8385802) AND (k <= 8385902))

table 4 : explain SELECT k, c FROM sbtest4 WHERE k BETWEEN 8385802 AND 8385902
	Bitmap Heap Scan on sbtest4  (cost=5.47..405.57 rows=101 width=125)
	  Recheck Cond: ((k >= 8385802) AND (k <= 8385902))
	  ->  Bitmap Index Scan on k_4  (cost=0.00..5.44 rows=101 width=0)
	        Index Cond: ((k >= 8385802) AND (k <= 8385902))

table 5 : explain SELECT k, c FROM sbtest5 WHERE k BETWEEN 8385802 AND 8385902
	Bitmap Heap Scan on sbtest5  (cost=5.53..429.40 rows=107 width=125)
	  Recheck Cond: ((k >= 8385802) AND (k <= 8385902))
	  ->  Bitmap Index Scan on k_5  (cost=0.00..5.50 rows=107 width=0)
	        Index Cond: ((k >= 8385802) AND (k <= 8385902))

table 6 : explain SELECT k, c FROM sbtest6 WHERE k BETWEEN 8385802 AND 8385902
	Bitmap Heap Scan on sbtest6  (cost=5.39..374.05 rows=93 width=125)
	  Recheck Cond: ((k >= 8385802) AND (k <= 8385902))
	  ->  Bitmap Index Scan on k_6  (cost=0.00..5.36 rows=93 width=0)
	        Index Cond: ((k >= 8385802) AND (k <= 8385902))

table 7 : explain SELECT k, c FROM sbtest7 WHERE k BETWEEN 8385802 AND 8385902
	Bitmap Heap Scan on sbtest7  (cost=5.60..457.01 rows=114 width=125)
	  Recheck Cond: ((k >= 8385802) AND (k <= 8385902))
	  ->  Bitmap Index Scan on k_7  (cost=0.00..5.58 rows=114 width=0)
	        Index Cond: ((k >= 8385802) AND (k <= 8385902))

table 8 : explain SELECT k, c FROM sbtest8 WHERE k BETWEEN 8385802 AND 8385902
	Bitmap Heap Scan on sbtest8  (cost=5.47..405.64 rows=101 width=125)
	  Recheck Cond: ((k >= 8385802) AND (k <= 8385902))
	  ->  Bitmap Index Scan on k_8  (cost=0.00..5.44 rows=101 width=0)
	        Index Cond: ((k >= 8385802) AND (k <= 8385902))

explain: for range-notcovered :: explain SELECT k, c FROM sbtest%d WHERE k BETWEEN 3176169 AND 3176269
for range-notcovered
table 1 : explain SELECT k, c FROM sbtest1 WHERE k BETWEEN 5375673 AND 5375773
	Bitmap Heap Scan on sbtest1  (cost=5.40..377.89 rows=94 width=125)
	  Recheck Cond: ((k >= 5375673) AND (k <= 5375773))
	  ->  Bitmap Index Scan on k_1  (cost=0.00..5.38 rows=94 width=0)
	        Index Cond: ((k >= 5375673) AND (k <= 5375773))

table 2 : explain SELECT k, c FROM sbtest2 WHERE k BETWEEN 5375673 AND 5375773
	Bitmap Heap Scan on sbtest2  (cost=5.52..425.27 rows=106 width=125)
	  Recheck Cond: ((k >= 5375673) AND (k <= 5375773))
	  ->  Bitmap Index Scan on k_2  (cost=0.00..5.50 rows=106 width=0)
	        Index Cond: ((k >= 5375673) AND (k <= 5375773))

table 3 : explain SELECT k, c FROM sbtest3 WHERE k BETWEEN 5375673 AND 5375773
	Bitmap Heap Scan on sbtest3  (cost=5.43..389.79 rows=97 width=125)
	  Recheck Cond: ((k >= 5375673) AND (k <= 5375773))
	  ->  Bitmap Index Scan on k_3  (cost=0.00..5.40 rows=97 width=0)
	        Index Cond: ((k >= 5375673) AND (k <= 5375773))

table 4 : explain SELECT k, c FROM sbtest4 WHERE k BETWEEN 5375673 AND 5375773
	Bitmap Heap Scan on sbtest4  (cost=5.53..429.23 rows=107 width=125)
	  Recheck Cond: ((k >= 5375673) AND (k <= 5375773))
	  ->  Bitmap Index Scan on k_4  (cost=0.00..5.50 rows=107 width=0)
	        Index Cond: ((k >= 5375673) AND (k <= 5375773))

table 5 : explain SELECT k, c FROM sbtest5 WHERE k BETWEEN 5375673 AND 5375773
	Bitmap Heap Scan on sbtest5  (cost=5.38..370.18 rows=92 width=125)
	  Recheck Cond: ((k >= 5375673) AND (k <= 5375773))
	  ->  Bitmap Index Scan on k_5  (cost=0.00..5.35 rows=92 width=0)
	        Index Cond: ((k >= 5375673) AND (k <= 5375773))

table 6 : explain SELECT k, c FROM sbtest6 WHERE k BETWEEN 5375673 AND 5375773
	Bitmap Heap Scan on sbtest6  (cost=5.46..401.69 rows=100 width=125)
	  Recheck Cond: ((k >= 5375673) AND (k <= 5375773))
	  ->  Bitmap Index Scan on k_6  (cost=0.00..5.43 rows=100 width=0)
	        Index Cond: ((k >= 5375673) AND (k <= 5375773))

table 7 : explain SELECT k, c FROM sbtest7 WHERE k BETWEEN 5375673 AND 5375773
	Bitmap Heap Scan on sbtest7  (cost=5.54..433.35 rows=108 width=125)
	  Recheck Cond: ((k >= 5375673) AND (k <= 5375773))
	  ->  Bitmap Index Scan on k_7  (cost=0.00..5.51 rows=108 width=0)
	        Index Cond: ((k >= 5375673) AND (k <= 5375773))

table 8 : explain SELECT k, c FROM sbtest8 WHERE k BETWEEN 5375673 AND 5375773
	Bitmap Heap Scan on sbtest8  (cost=5.54..433.26 rows=108 width=125)
	  Recheck Cond: ((k >= 5375673) AND (k <= 5375773))
	  ->  Bitmap Index Scan on k_8  (cost=0.00..5.51 rows=108 width=0)
	        Index Cond: ((k >= 5375673) AND (k <= 5375773))

for range-notcovered
table 1 : explain SELECT k, c FROM sbtest1 WHERE k BETWEEN 4784034 AND 4784134
	Bitmap Heap Scan on sbtest1  (cost=5.46..401.56 rows=100 width=125)
	  Recheck Cond: ((k >= 4784034) AND (k <= 4784134))
	  ->  Bitmap Index Scan on k_1  (cost=0.00..5.43 rows=100 width=0)
	        Index Cond: ((k >= 4784034) AND (k <= 4784134))

table 2 : explain SELECT k, c FROM sbtest2 WHERE k BETWEEN 4784034 AND 4784134
	Bitmap Heap Scan on sbtest2  (cost=5.44..393.72 rows=98 width=125)
	  Recheck Cond: ((k >= 4784034) AND (k <= 4784134))
	  ->  Bitmap Index Scan on k_2  (cost=0.00..5.42 rows=98 width=0)
	        Index Cond: ((k >= 4784034) AND (k <= 4784134))

table 3 : explain SELECT k, c FROM sbtest3 WHERE k BETWEEN 4784034 AND 4784134
	Bitmap Heap Scan on sbtest3  (cost=5.55..437.12 rows=109 width=125)
	  Recheck Cond: ((k >= 4784034) AND (k <= 4784134))
	  ->  Bitmap Index Scan on k_3  (cost=0.00..5.52 rows=109 width=0)
	        Index Cond: ((k >= 4784034) AND (k <= 4784134))

table 4 : explain SELECT k, c FROM sbtest4 WHERE k BETWEEN 4784034 AND 4784134
	Bitmap Heap Scan on sbtest4  (cost=5.58..448.94 rows=112 width=125)
	  Recheck Cond: ((k >= 4784034) AND (k <= 4784134))
	  ->  Bitmap Index Scan on k_4  (cost=0.00..5.55 rows=112 width=0)
	        Index Cond: ((k >= 4784034) AND (k <= 4784134))

table 5 : explain SELECT k, c FROM sbtest5 WHERE k BETWEEN 4784034 AND 4784134
	Bitmap Heap Scan on sbtest5  (cost=5.46..401.78 rows=100 width=125)
	  Recheck Cond: ((k >= 4784034) AND (k <= 4784134))
	  ->  Bitmap Index Scan on k_5  (cost=0.00..5.43 rows=100 width=0)
	        Index Cond: ((k >= 4784034) AND (k <= 4784134))

table 6 : explain SELECT k, c FROM sbtest6 WHERE k BETWEEN 4784034 AND 4784134
	Bitmap Heap Scan on sbtest6  (cost=5.51..421.41 rows=105 width=125)
	  Recheck Cond: ((k >= 4784034) AND (k <= 4784134))
	  ->  Bitmap Index Scan on k_6  (cost=0.00..5.48 rows=105 width=0)
	        Index Cond: ((k >= 4784034) AND (k <= 4784134))

table 7 : explain SELECT k, c FROM sbtest7 WHERE k BETWEEN 4784034 AND 4784134
	Bitmap Heap Scan on sbtest7  (cost=5.54..433.35 rows=108 width=125)
	  Recheck Cond: ((k >= 4784034) AND (k <= 4784134))
	  ->  Bitmap Index Scan on k_7  (cost=0.00..5.51 rows=108 width=0)
	        Index Cond: ((k >= 4784034) AND (k <= 4784134))

table 8 : explain SELECT k, c FROM sbtest8 WHERE k BETWEEN 4784034 AND 4784134
	Bitmap Heap Scan on sbtest8  (cost=5.50..417.48 rows=104 width=125)
	  Recheck Cond: ((k >= 4784034) AND (k <= 4784134))
	  ->  Bitmap Index Scan on k_8  (cost=0.00..5.47 rows=104 width=0)
	        Index Cond: ((k >= 4784034) AND (k <= 4784134))
explain: for range-notcovered :: explain SELECT k, c FROM sbtest%d WHERE k BETWEEN 8385802 AND 8385902explain: for range-notcovered :: explain SELECT k, c FROM sbtest%d WHERE k BETWEEN 643681 AND 643781


explain: for range-notcovered :: explain SELECT k, c FROM sbtest%d WHERE k BETWEEN 4784034 AND 4784134for range-notcovered
table 1 : explain SELECT k, c FROM sbtest1 WHERE k BETWEEN 3986803 AND 3986903
	Bitmap Heap Scan on sbtest1  (cost=5.51..421.28 rows=105 width=125)
	  Recheck Cond: ((k >= 3986803) AND (k <= 3986903))
	  ->  Bitmap Index Scan on k_1  (cost=0.00..5.48 rows=105 width=0)
	        Index Cond: ((k >= 3986803) AND (k <= 3986903))

table 2 : explain SELECT k, c FROM sbtest2 WHERE k BETWEEN 3986803 AND 3986903
	Bitmap Heap Scan on sbtest2  (cost=5.50..417.39 rows=104 width=125)
	  Recheck Cond: ((k >= 3986803) AND (k <= 3986903))
	  ->  Bitmap Index Scan on k_2  (cost=0.00..5.47 rows=104 width=0)
	        Index Cond: ((k >= 3986803) AND (k <= 3986903))

table 3 : explain SELECT k, c FROM sbtest3 WHERE k BETWEEN 3986803 AND 3986903
	Bitmap Heap Scan on sbtest3  (cost=5.42..385.84 rows=96 width=125)
	  Recheck Cond: ((k >= 3986803) AND (k <= 3986903))
	  ->  Bitmap Index Scan on k_3  (cost=0.00..5.39 rows=96 width=0)
	        Index Cond: ((k >= 3986803) AND (k <= 3986903))

table 4 : explain SELECT k, c FROM sbtest4 WHERE k BETWEEN 3986803 AND 3986903
	Bitmap Heap Scan on sbtest4  (cost=5.47..405.57 rows=101 width=125)
	  Recheck Cond: ((k >= 3986803) AND (k <= 3986903))
	  ->  Bitmap Index Scan on k_4  (cost=0.00..5.44 rows=101 width=0)
	        Index Cond: ((k >= 3986803) AND (k <= 3986903))

table 5 : explain SELECT k, c FROM sbtest5 WHERE k BETWEEN 3986803 AND 3986903
	Bitmap Heap Scan on sbtest5  (cost=5.46..401.78 rows=100 width=125)
	  Recheck Cond: ((k >= 3986803) AND (k <= 3986903))
	  ->  Bitmap Index Scan on k_5  (cost=0.00..5.43 rows=100 width=0)
	        Index Cond: ((k >= 3986803) AND (k <= 3986903))

table 6 : explain SELECT k, c FROM sbtest6 WHERE k BETWEEN 3986803 AND 3986903
	Bitmap Heap Scan on sbtest6  (cost=5.59..452.95 rows=113 width=125)
	  Recheck Cond: ((k >= 3986803) AND (k <= 3986903))
	  ->  Bitmap Index Scan on k_6  (cost=0.00..5.56 rows=113 width=0)
	        Index Cond: ((k >= 3986803) AND (k <= 3986903))

table 7 : explain SELECT k, c FROM sbtest7 WHERE k BETWEEN 3986803 AND 3986903
	Bitmap Heap Scan on sbtest7  (cost=5.52..425.46 rows=106 width=125)
	  Recheck Cond: ((k >= 3986803) AND (k <= 3986903))
	  ->  Bitmap Index Scan on k_7  (cost=0.00..5.50 rows=106 width=0)
	        Index Cond: ((k >= 3986803) AND (k <= 3986903))

table 8 : explain SELECT k, c FROM sbtest8 WHERE k BETWEEN 3986803 AND 3986903
	Bitmap Heap Scan on sbtest8  (cost=5.41..381.96 rows=95 width=125)
	  Recheck Cond: ((k >= 3986803) AND (k <= 3986903))
	  ->  Bitmap Index Scan on k_8  (cost=0.00..5.38 rows=95 width=0)
	        Index Cond: ((k >= 3986803) AND (k <= 3986903))


explain: for range-notcovered :: explain SELECT k, c FROM sbtest%d WHERE k BETWEEN 3986803 AND 3986903
for range-notcovered
table 1 : explain SELECT k, c FROM sbtest1 WHERE k BETWEEN 2383423 AND 2383523
	Bitmap Heap Scan on sbtest1  (cost=5.47..405.51 rows=101 width=125)
	  Recheck Cond: ((k >= 2383423) AND (k <= 2383523))
	  ->  Bitmap Index Scan on k_1  (cost=0.00..5.44 rows=101 width=0)
	        Index Cond: ((k >= 2383423) AND (k <= 2383523))

table 2 : explain SELECT k, c FROM sbtest2 WHERE k BETWEEN 2383423 AND 2383523
	Bitmap Heap Scan on sbtest2  (cost=5.48..409.50 rows=102 width=125)
	  Recheck Cond: ((k >= 2383423) AND (k <= 2383523))
	  ->  Bitmap Index Scan on k_2  (cost=0.00..5.45 rows=102 width=0)
	        Index Cond: ((k >= 2383423) AND (k <= 2383523))

table 3 : explain SELECT k, c FROM sbtest3 WHERE k BETWEEN 2383423 AND 2383523
	Bitmap Heap Scan on sbtest3  (cost=5.53..429.23 rows=107 width=125)
	  Recheck Cond: ((k >= 2383423) AND (k <= 2383523))
	  ->  Bitmap Index Scan on k_3  (cost=0.00..5.50 rows=107 width=0)
	        Index Cond: ((k >= 2383423) AND (k <= 2383523))

table 4 : explain SELECT k, c FROM sbtest4 WHERE k BETWEEN 2383423 AND 2383523
	Bitmap Heap Scan on sbtest4  (cost=5.44..393.73 rows=98 width=125)
	  Recheck Cond: ((k >= 2383423) AND (k <= 2383523))
	  ->  Bitmap Index Scan on k_4  (cost=0.00..5.42 rows=98 width=0)
	        Index Cond: ((k >= 2383423) AND (k <= 2383523))

table 5 : explain SELECT k, c FROM sbtest5 WHERE k BETWEEN 2383423 AND 2383523
	Bitmap Heap Scan on sbtest5  (cost=5.38..370.18 rows=92 width=125)
	  Recheck Cond: ((k >= 2383423) AND (k <= 2383523))
	  ->  Bitmap Index Scan on k_5  (cost=0.00..5.35 rows=92 width=0)
	        Index Cond: ((k >= 2383423) AND (k <= 2383523))

table 6 : explain SELECT k, c FROM sbtest6 WHERE k BETWEEN 2383423 AND 2383523
	Bitmap Heap Scan on sbtest6  (cost=5.43..389.85 rows=97 width=125)
	  Recheck Cond: ((k >= 2383423) AND (k <= 2383523))
	  ->  Bitmap Index Scan on k_6  (cost=0.00..5.40 rows=97 width=0)
	        Index Cond: ((k >= 2383423) AND (k <= 2383523))

table 7 : explain SELECT k, c FROM sbtest7 WHERE k BETWEEN 2383423 AND 2383523
	Bitmap Heap Scan on sbtest7  (cost=5.49..413.62 rows=103 width=125)
	  Recheck Cond: ((k >= 2383423) AND (k <= 2383523))
	  ->  Bitmap Index Scan on k_7  (cost=0.00..5.46 rows=103 width=0)
	        Index Cond: ((k >= 2383423) AND (k <= 2383523))

table 8 : explain SELECT k, c FROM sbtest8 WHERE k BETWEEN 2383423 AND 2383523
	Bitmap Heap Scan on sbtest8  (cost=5.46..401.70 rows=100 width=125)
	  Recheck Cond: ((k >= 2383423) AND (k <= 2383523))
	  ->  Bitmap Index Scan on k_8  (cost=0.00..5.43 rows=100 width=0)
	        Index Cond: ((k >= 2383423) AND (k <= 2383523))

for range-notcovered
table 1 : explain SELECT k, c FROM sbtest1 WHERE k BETWEEN 9033111 AND 9033211
	Bitmap Heap Scan on sbtest1  (cost=5.51..421.28 rows=105 width=125)
	  Recheck Cond: ((k >= 9033111) AND (k <= 9033211))
	  ->  Bitmap Index Scan on k_1  (cost=0.00..5.48 rows=105 width=0)
	        Index Cond: ((k >= 9033111) AND (k <= 9033211))

table 2 : explain SELECT k, c FROM sbtest2 WHERE k BETWEEN 9033111 AND 9033211
	Bitmap Heap Scan on sbtest2  (cost=5.42..385.83 rows=96 width=125)
	  Recheck Cond: ((k >= 9033111) AND (k <= 9033211))
	  ->  Bitmap Index Scan on k_2  (cost=0.00..5.39 rows=96 width=0)
	        Index Cond: ((k >= 9033111) AND (k <= 9033211))

table 3 : explain SELECT k, c FROM sbtest3 WHERE k BETWEEN 9033111 AND 9033211
	Bitmap Heap Scan on sbtest3  (cost=5.44..393.74 rows=98 width=125)
	  Recheck Cond: ((k >= 9033111) AND (k <= 9033211))
	  ->  Bitmap Index Scan on k_3  (cost=0.00..5.42 rows=98 width=0)
	        Index Cond: ((k >= 9033111) AND (k <= 9033211))

table 4 : explain SELECT k, c FROM sbtest4 WHERE k BETWEEN 9033111 AND 9033211
	Bitmap Heap Scan on sbtest4  (cost=5.49..413.46 rows=103 width=125)
	  Recheck Cond: ((k >= 9033111) AND (k <= 9033211))
	  ->  Bitmap Index Scan on k_4  (cost=0.00..5.46 rows=103 width=0)
	        Index Cond: ((k >= 9033111) AND (k <= 9033211))

table 5 : explain SELECT k, c FROM sbtest5 WHERE k BETWEEN 9033111 AND 9033211
	Bitmap Heap Scan on sbtest5  (cost=5.48..409.67 rows=102 width=125)
	  Recheck Cond: ((k >= 9033111) AND (k <= 9033211))
	  ->  Bitmap Index Scan on k_5  (cost=0.00..5.45 rows=102 width=0)
	        Index Cond: ((k >= 9033111) AND (k <= 9033211))

table 6 : explain SELECT k, c FROM sbtest6 WHERE k BETWEEN 9033111 AND 9033211
	Bitmap Heap Scan on sbtest6  (cost=5.38..370.10 rows=92 width=125)
	  Recheck Cond: ((k >= 9033111) AND (k <= 9033211))
	  ->  Bitmap Index Scan on k_6  (cost=0.00..5.35 rows=92 width=0)
	        Index Cond: ((k >= 9033111) AND (k <= 9033211))

table 7 : explain SELECT k, c FROM sbtest7 WHERE k BETWEEN 9033111 AND 9033211
	Bitmap Heap Scan on sbtest7  (cost=5.49..413.62 rows=103 width=125)
	  Recheck Cond: ((k >= 9033111) AND (k <= 9033211))
	  ->  Bitmap Index Scan on k_7  (cost=0.00..5.46 rows=103 width=0)
	        Index Cond: ((k >= 9033111) AND (k <= 9033211))

table 8 : explain SELECT k, c FROM sbtest8 WHERE k BETWEEN 9033111 AND 9033211
	Bitmap Heap Scan on sbtest8  (cost=5.41..381.96 rows=95 width=125)
	  Recheck Cond: ((k >= 9033111) AND (k <= 9033211))
	  ->  Bitmap Index Scan on k_8  (cost=0.00..5.38 rows=95 width=0)
	        Index Cond: ((k >= 9033111) AND (k <= 9033211))

for range-notcovered
table 1 : explain SELECT k, c FROM sbtest1 WHERE k BETWEEN 3662354 AND 3662454
	Bitmap Heap Scan on sbtest1  (cost=5.39..373.94 rows=93 width=125)
	  Recheck Cond: ((k >= 3662354) AND (k <= 3662454))
	  ->  Bitmap Index Scan on k_1  (cost=0.00..5.36 rows=93 width=0)
	        Index Cond: ((k >= 3662354) AND (k <= 3662454))

table 2 : explain SELECT k, c FROM sbtest2 WHERE k BETWEEN 3662354 AND 3662454
	Bitmap Heap Scan on sbtest2  (cost=5.51..421.33 rows=105 width=125)
	  Recheck Cond: ((k >= 3662354) AND (k <= 3662454))
	  ->  Bitmap Index Scan on k_2  (cost=0.00..5.48 rows=105 width=0)
	        Index Cond: ((k >= 3662354) AND (k <= 3662454))

table 3 : explain SELECT k, c FROM sbtest3 WHERE k BETWEEN 3662354 AND 3662454
	Bitmap Heap Scan on sbtest3  (cost=5.44..393.74 rows=98 width=125)
	  Recheck Cond: ((k >= 3662354) AND (k <= 3662454))
	  ->  Bitmap Index Scan on k_3  (cost=0.00..5.42 rows=98 width=0)
	        Index Cond: ((k >= 3662354) AND (k <= 3662454))

table 4 : explain SELECT k, c FROM sbtest4 WHERE k BETWEEN 3662354 AND 3662454
	Bitmap Heap Scan on sbtest4  (cost=5.55..437.12 rows=109 width=125)
	  Recheck Cond: ((k >= 3662354) AND (k <= 3662454))
	  ->  Bitmap Index Scan on k_4  (cost=0.00..5.52 rows=109 width=0)
	        Index Cond: ((k >= 3662354) AND (k <= 3662454))

table 5 : explain SELECT k, c FROM sbtest5 WHERE k BETWEEN 3662354 AND 3662454
	Bitmap Heap Scan on sbtest5  (cost=5.46..401.78 rows=100 width=125)
	  Recheck Cond: ((k >= 3662354) AND (k <= 3662454))
	  ->  Bitmap Index Scan on k_5  (cost=0.00..5.43 rows=100 width=0)
	        Index Cond: ((k >= 3662354) AND (k <= 3662454))

table 6 : explain SELECT k, c FROM sbtest6 WHERE k BETWEEN 3662354 AND 3662454
	Bitmap Heap Scan on sbtest6  (cost=5.49..413.52 rows=103 width=125)
	  Recheck Cond: ((k >= 3662354) AND (k <= 3662454))
	  ->  Bitmap Index Scan on k_6  (cost=0.00..5.46 rows=103 width=0)
	        Index Cond: ((k >= 3662354) AND (k <= 3662454))

table 7 : explain SELECT k, c FROM sbtest7 WHERE k BETWEEN 3662354 AND 3662454
	Bitmap Heap Scan on sbtest7  (cost=5.45..397.83 rows=99 width=125)
	  Recheck Cond: ((k >= 3662354) AND (k <= 3662454))
	  ->  Bitmap Index Scan on k_7  (cost=0.00..5.42 rows=99 width=0)
	        Index Cond: ((k >= 3662354) AND (k <= 3662454))

table 8 : explain SELECT k, c FROM sbtest8 WHERE k BETWEEN 3662354 AND 3662454
	Bitmap Heap Scan on sbtest8  (cost=5.45..397.75 rows=99 width=125)
	  Recheck Cond: ((k >= 3662354) AND (k <= 3662454))
	  ->  Bitmap Index Scan on k_8  (cost=0.00..5.42 rows=99 width=0)
	        Index Cond: ((k >= 3662354) AND (k <= 3662454))

explain: for range-notcovered :: explain SELECT k, c FROM sbtest%d WHERE k BETWEEN 9033111 AND 9033211
explain: for range-notcovered :: explain SELECT k, c FROM sbtest%d WHERE k BETWEEN 3662354 AND 3662454
for range-notcovered
table 1 : explain SELECT k, c FROM sbtest1 WHERE k BETWEEN 3176169 AND 3176269
	Bitmap Heap Scan on sbtest1  (cost=5.57..444.93 rows=111 width=125)
	  Recheck Cond: ((k >= 3176169) AND (k <= 3176269))
	  ->  Bitmap Index Scan on k_1  (cost=0.00..5.54 rows=111 width=0)
	        Index Cond: ((k >= 3176169) AND (k <= 3176269))

table 2 : explain SELECT k, c FROM sbtest2 WHERE k BETWEEN 3176169 AND 3176269
	Bitmap Heap Scan on sbtest2  (cost=5.55..437.10 rows=109 width=125)
	  Recheck Cond: ((k >= 3176169) AND (k <= 3176269))
	  ->  Bitmap Index Scan on k_2  (cost=0.00..5.52 rows=109 width=0)
	        Index Cond: ((k >= 3176169) AND (k <= 3176269))

table 3 : explain SELECT k, c FROM sbtest3 WHERE k BETWEEN 3176169 AND 3176269
	Bitmap Heap Scan on sbtest3  (cost=5.52..425.29 rows=106 width=125)
	  Recheck Cond: ((k >= 3176169) AND (k <= 3176269))
	  ->  Bitmap Index Scan on k_3  (cost=0.00..5.50 rows=106 width=0)
	        Index Cond: ((k >= 3176169) AND (k <= 3176269))

table 4 : explain SELECT k, c FROM sbtest4 WHERE k BETWEEN 3176169 AND 3176269
	Bitmap Heap Scan on sbtest4  (cost=5.55..437.12 rows=109 width=125)
	  Recheck Cond: ((k >= 3176169) AND (k <= 3176269))
	  ->  Bitmap Index Scan on k_4  (cost=0.00..5.52 rows=109 width=0)
	        Index Cond: ((k >= 3176169) AND (k <= 3176269))

table 5 : explain SELECT k, c FROM sbtest5 WHERE k BETWEEN 3176169 AND 3176269
	Bitmap Heap Scan on sbtest5  (cost=5.51..421.51 rows=105 width=125)
	  Recheck Cond: ((k >= 3176169) AND (k <= 3176269))
	  ->  Bitmap Index Scan on k_5  (cost=0.00..5.48 rows=105 width=0)
	        Index Cond: ((k >= 3176169) AND (k <= 3176269))

table 6 : explain SELECT k, c FROM sbtest6 WHERE k BETWEEN 3176169 AND 3176269
	Bitmap Heap Scan on sbtest6  (cost=5.46..401.69 rows=100 width=125)
	  Recheck Cond: ((k >= 3176169) AND (k <= 3176269))
	  ->  Bitmap Index Scan on k_6  (cost=0.00..5.43 rows=100 width=0)
	        Index Cond: ((k >= 3176169) AND (k <= 3176269))

table 7 : explain SELECT k, c FROM sbtest7 WHERE k BETWEEN 3176169 AND 3176269
	Bitmap Heap Scan on sbtest7  (cost=5.38..370.19 rows=92 width=125)
	  Recheck Cond: ((k >= 3176169) AND (k <= 3176269))
	  ->  Bitmap Index Scan on k_7  (cost=0.00..5.35 rows=92 width=0)
	        Index Cond: ((k >= 3176169) AND (k <= 3176269))

table 8 : explain SELECT k, c FROM sbtest8 WHERE k BETWEEN 3176169 AND 3176269
	Bitmap Heap Scan on sbtest8  (cost=5.48..409.59 rows=102 width=125)
	  Recheck Cond: ((k >= 3176169) AND (k <= 3176269))
	  ->  Bitmap Index Scan on k_8  (cost=0.00..5.45 rows=102 width=0)
	        Index Cond: ((k >= 3176169) AND (k <= 3176269))

for range-notcovered
table 1 : explain SELECT k, c FROM sbtest1 WHERE k BETWEEN 4784034 AND 4784134
	Bitmap Heap Scan on sbtest1  (cost=5.46..401.56 rows=100 width=125)
	  Recheck Cond: ((k >= 4784034) AND (k <= 4784134))
	  ->  Bitmap Index Scan on k_1  (cost=0.00..5.43 rows=100 width=0)
	        Index Cond: ((k >= 4784034) AND (k <= 4784134))

table 2 : explain SELECT k, c FROM sbtest2 WHERE k BETWEEN 4784034 AND 4784134
	Bitmap Heap Scan on sbtest2  (cost=5.44..393.72 rows=98 width=125)
	  Recheck Cond: ((k >= 4784034) AND (k <= 4784134))
	  ->  Bitmap Index Scan on k_2  (cost=0.00..5.42 rows=98 width=0)
	        Index Cond: ((k >= 4784034) AND (k <= 4784134))

table 3 : explain SELECT k, c FROM sbtest3 WHERE k BETWEEN 4784034 AND 4784134
	Bitmap Heap Scan on sbtest3  (cost=5.55..437.12 rows=109 width=125)
	  Recheck Cond: ((k >= 4784034) AND (k <= 4784134))
	  ->  Bitmap Index Scan on k_3  (cost=0.00..5.52 rows=109 width=0)
	        Index Cond: ((k >= 4784034) AND (k <= 4784134))

table 4 : explain SELECT k, c FROM sbtest4 WHERE k BETWEEN 4784034 AND 4784134
	Bitmap Heap Scan on sbtest4  (cost=5.58..448.94 rows=112 width=125)
	  Recheck Cond: ((k >= 4784034) AND (k <= 4784134))
	  ->  Bitmap Index Scan on k_4  (cost=0.00..5.55 rows=112 width=0)
	        Index Cond: ((k >= 4784034) AND (k <= 4784134))

table 5 : explain SELECT k, c FROM sbtest5 WHERE k BETWEEN 4784034 AND 4784134
	Bitmap Heap Scan on sbtest5  (cost=5.46..401.78 rows=100 width=125)
	  Recheck Cond: ((k >= 4784034) AND (k <= 4784134))
	  ->  Bitmap Index Scan on k_5  (cost=0.00..5.43 rows=100 width=0)
	        Index Cond: ((k >= 4784034) AND (k <= 4784134))

table 6 : explain SELECT k, c FROM sbtest6 WHERE k BETWEEN 4784034 AND 4784134
	Bitmap Heap Scan on sbtest6  (cost=5.51..421.41 rows=105 width=125)
	  Recheck Cond: ((k >= 4784034) AND (k <= 4784134))
	  ->  Bitmap Index Scan on k_6  (cost=0.00..5.48 rows=105 width=0)
	        Index Cond: ((k >= 4784034) AND (k <= 4784134))

table 7 : explain SELECT k, c FROM sbtest7 WHERE k BETWEEN 4784034 AND 4784134
	Bitmap Heap Scan on sbtest7  (cost=5.54..433.35 rows=108 width=125)
	  Recheck Cond: ((k >= 4784034) AND (k <= 4784134))
	  ->  Bitmap Index Scan on k_7  (cost=0.00..5.51 rows=108 width=0)
	        Index Cond: ((k >= 4784034) AND (k <= 4784134))

table 8 : explain SELECT k, c FROM sbtest8 WHERE k BETWEEN 4784034 AND 4784134
	Bitmap Heap Scan on sbtest8  (cost=5.50..417.48 rows=104 width=125)
	  Recheck Cond: ((k >= 4784034) AND (k <= 4784134))
	  ->  Bitmap Index Scan on k_8  (cost=0.00..5.47 rows=104 width=0)
	        Index Cond: ((k >= 4784034) AND (k <= 4784134))

for range-notcovered
table 1 : explain SELECT k, c FROM sbtest1 WHERE k BETWEEN 8385802 AND 8385902
	Bitmap Heap Scan on sbtest1  (cost=5.49..413.39 rows=103 width=125)
	  Recheck Cond: ((k >= 8385802) AND (k <= 8385902))
	  ->  Bitmap Index Scan on k_1  (cost=0.00..5.46 rows=103 width=0)
	        Index Cond: ((k >= 8385802) AND (k <= 8385902))

table 2 : explain SELECT k, c FROM sbtest2 WHERE k BETWEEN 8385802 AND 8385902
	Bitmap Heap Scan on sbtest2  (cost=5.44..393.72 rows=98 width=125)
	  Recheck Cond: ((k >= 8385802) AND (k <= 8385902))
	  ->  Bitmap Index Scan on k_2  (cost=0.00..5.42 rows=98 width=0)
	        Index Cond: ((k >= 8385802) AND (k <= 8385902))

table 3 : explain SELECT k, c FROM sbtest3 WHERE k BETWEEN 8385802 AND 8385902
	Bitmap Heap Scan on sbtest3  (cost=5.43..389.79 rows=97 width=125)
	  Recheck Cond: ((k >= 8385802) AND (k <= 8385902))
	  ->  Bitmap Index Scan on k_3  (cost=0.00..5.40 rows=97 width=0)
	        Index Cond: ((k >= 8385802) AND (k <= 8385902))

table 4 : explain SELECT k, c FROM sbtest4 WHERE k BETWEEN 8385802 AND 8385902
	Bitmap Heap Scan on sbtest4  (cost=5.47..405.57 rows=101 width=125)
	  Recheck Cond: ((k >= 8385802) AND (k <= 8385902))
	  ->  Bitmap Index Scan on k_4  (cost=0.00..5.44 rows=101 width=0)
	        Index Cond: ((k >= 8385802) AND (k <= 8385902))

table 5 : explain SELECT k, c FROM sbtest5 WHERE k BETWEEN 8385802 AND 8385902
	Bitmap Heap Scan on sbtest5  (cost=5.53..429.40 rows=107 width=125)
	  Recheck Cond: ((k >= 8385802) AND (k <= 8385902))
	  ->  Bitmap Index Scan on k_5  (cost=0.00..5.50 rows=107 width=0)
	        Index Cond: ((k >= 8385802) AND (k <= 8385902))

table 6 : explain SELECT k, c FROM sbtest6 WHERE k BETWEEN 8385802 AND 8385902
	Bitmap Heap Scan on sbtest6  (cost=5.39..374.05 rows=93 width=125)
	  Recheck Cond: ((k >= 8385802) AND (k <= 8385902))
	  ->  Bitmap Index Scan on k_6  (cost=0.00..5.36 rows=93 width=0)
	        Index Cond: ((k >= 8385802) AND (k <= 8385902))

table 7 : explain SELECT k, c FROM sbtest7 WHERE k BETWEEN 8385802 AND 8385902
	Bitmap Heap Scan on sbtest7  (cost=5.60..457.01 rows=114 width=125)
	  Recheck Cond: ((k >= 8385802) AND (k <= 8385902))
	  ->  Bitmap Index Scan on k_7  (cost=0.00..5.58 rows=114 width=0)
	        Index Cond: ((k >= 8385802) AND (k <= 8385902))

table 8 : explain SELECT k, c FROM sbtest8 WHERE k BETWEEN 8385802 AND 8385902
	Bitmap Heap Scan on sbtest8  (cost=5.47..405.64 rows=101 width=125)
	  Recheck Cond: ((k >= 8385802) AND (k <= 8385902))
	  ->  Bitmap Index Scan on k_8  (cost=0.00..5.44 rows=101 width=0)
	        Index Cond: ((k >= 8385802) AND (k <= 8385902))

for range-notcovered
table 1 : explain SELECT k, c FROM sbtest1 WHERE k BETWEEN 643681 AND 643781
	Bitmap Heap Scan on sbtest1  (cost=5.43..389.73 rows=97 width=125)
	  Recheck Cond: ((k >= 643681) AND (k <= 643781))
	  ->  Bitmap Index Scan on k_1  (cost=0.00..5.40 rows=97 width=0)
	        Index Cond: ((k >= 643681) AND (k <= 643781))

table 2 : explain SELECT k, c FROM sbtest2 WHERE k BETWEEN 643681 AND 643781
	Bitmap Heap Scan on sbtest2  (cost=5.47..405.55 rows=101 width=125)
	  Recheck Cond: ((k >= 643681) AND (k <= 643781))
	  ->  Bitmap Index Scan on k_2  (cost=0.00..5.44 rows=101 width=0)
	        Index Cond: ((k >= 643681) AND (k <= 643781))

table 3 : explain SELECT k, c FROM sbtest3 WHERE k BETWEEN 643681 AND 643781
	Bitmap Heap Scan on sbtest3  (cost=5.45..397.68 rows=99 width=125)
	  Recheck Cond: ((k >= 643681) AND (k <= 643781))
	  ->  Bitmap Index Scan on k_3  (cost=0.00..5.42 rows=99 width=0)
	        Index Cond: ((k >= 643681) AND (k <= 643781))

table 4 : explain SELECT k, c FROM sbtest4 WHERE k BETWEEN 643681 AND 643781
	Bitmap Heap Scan on sbtest4  (cost=5.51..421.35 rows=105 width=125)
	  Recheck Cond: ((k >= 643681) AND (k <= 643781))
	  ->  Bitmap Index Scan on k_4  (cost=0.00..5.48 rows=105 width=0)
	        Index Cond: ((k >= 643681) AND (k <= 643781))

table 5 : explain SELECT k, c FROM sbtest5 WHERE k BETWEEN 643681 AND 643781
	Bitmap Heap Scan on sbtest5  (cost=5.44..393.88 rows=98 width=125)
	  Recheck Cond: ((k >= 643681) AND (k <= 643781))
	  ->  Bitmap Index Scan on k_5  (cost=0.00..5.42 rows=98 width=0)
	        Index Cond: ((k >= 643681) AND (k <= 643781))

table 6 : explain SELECT k, c FROM sbtest6 WHERE k BETWEEN 643681 AND 643781
	Bitmap Heap Scan on sbtest6  (cost=5.56..441.13 rows=110 width=125)
	  Recheck Cond: ((k >= 643681) AND (k <= 643781))
	  ->  Bitmap Index Scan on k_6  (cost=0.00..5.53 rows=110 width=0)
	        Index Cond: ((k >= 643681) AND (k <= 643781))

table 7 : explain SELECT k, c FROM sbtest7 WHERE k BETWEEN 643681 AND 643781
	Bitmap Heap Scan on sbtest7  (cost=5.49..413.62 rows=103 width=125)
	  Recheck Cond: ((k >= 643681) AND (k <= 643781))
	  ->  Bitmap Index Scan on k_7  (cost=0.00..5.46 rows=103 width=0)
	        Index Cond: ((k >= 643681) AND (k <= 643781))

table 8 : explain SELECT k, c FROM sbtest8 WHERE k BETWEEN 643681 AND 643781
	Bitmap Heap Scan on sbtest8  (cost=5.47..405.64 rows=101 width=125)
	  Recheck Cond: ((k >= 643681) AND (k <= 643781))
	  ->  Bitmap Index Scan on k_8  (cost=0.00..5.44 rows=101 width=0)
	        Index Cond: ((k >= 643681) AND (k <= 643781))

explain: for range-notcovered :: explain SELECT k, c FROM sbtest%d WHERE k BETWEEN 4784034 AND 4784134
for range-notcovered
table 1 : explain SELECT k, c FROM sbtest1 WHERE k BETWEEN 6623764 AND 6623864
	Bitmap Heap Scan on sbtest1  (cost=5.58..448.87 rows=112 width=125)
	  Recheck Cond: ((k >= 6623764) AND (k <= 6623864))
	  ->  Bitmap Index Scan on k_1  (cost=0.00..5.55 rows=112 width=0)
	        Index Cond: ((k >= 6623764) AND (k <= 6623864))

table 2 : explain SELECT k, c FROM sbtest2 WHERE k BETWEEN 6623764 AND 6623864
	Bitmap Heap Scan on sbtest2  (cost=5.45..397.66 rows=99 width=125)
	  Recheck Cond: ((k >= 6623764) AND (k <= 6623864))
	  ->  Bitmap Index Scan on k_2  (cost=0.00..5.42 rows=99 width=0)
	        Index Cond: ((k >= 6623764) AND (k <= 6623864))

table 3 : explain SELECT k, c FROM sbtest3 WHERE k BETWEEN 6623764 AND 6623864
	Bitmap Heap Scan on sbtest3  (cost=5.48..409.52 rows=102 width=125)
	  Recheck Cond: ((k >= 6623764) AND (k <= 6623864))
	  ->  Bitmap Index Scan on k_3  (cost=0.00..5.45 rows=102 width=0)
	        Index Cond: ((k >= 6623764) AND (k <= 6623864))

table 4 : explain SELECT k, c FROM sbtest4 WHERE k BETWEEN 6623764 AND 6623864
	Bitmap Heap Scan on sbtest4  (cost=5.46..401.62 rows=100 width=125)
	  Recheck Cond: ((k >= 6623764) AND (k <= 6623864))
	  ->  Bitmap Index Scan on k_4  (cost=0.00..5.43 rows=100 width=0)
	        Index Cond: ((k >= 6623764) AND (k <= 6623864))

table 5 : explain SELECT k, c FROM sbtest5 WHERE k BETWEEN 6623764 AND 6623864
	Bitmap Heap Scan on sbtest5  (cost=5.43..389.93 rows=97 width=125)
	  Recheck Cond: ((k >= 6623764) AND (k <= 6623864))
	  ->  Bitmap Index Scan on k_5  (cost=0.00..5.40 rows=97 width=0)
	        Index Cond: ((k >= 6623764) AND (k <= 6623864))

table 6 : explain SELECT k, c FROM sbtest6 WHERE k BETWEEN 6623764 AND 6623864
	Bitmap Heap Scan on sbtest6  (cost=5.52..425.36 rows=106 width=125)
	  Recheck Cond: ((k >= 6623764) AND (k <= 6623864))
	  ->  Bitmap Index Scan on k_6  (cost=0.00..5.50 rows=106 width=0)
	        Index Cond: ((k >= 6623764) AND (k <= 6623864))

table 7 : explain SELECT k, c FROM sbtest7 WHERE k BETWEEN 6623764 AND 6623864
	Bitmap Heap Scan on sbtest7  (cost=5.47..405.73 rows=101 width=125)
	  Recheck Cond: ((k >= 6623764) AND (k <= 6623864))
	  ->  Bitmap Index Scan on k_7  (cost=0.00..5.44 rows=101 width=0)
	        Index Cond: ((k >= 6623764) AND (k <= 6623864))

table 8 : explain SELECT k, c FROM sbtest8 WHERE k BETWEEN 6623764 AND 6623864
	Bitmap Heap Scan on sbtest8  (cost=5.49..413.54 rows=103 width=125)
	  Recheck Cond: ((k >= 6623764) AND (k <= 6623864))
	  ->  Bitmap Index Scan on k_8  (cost=0.00..5.46 rows=103 width=0)
	        Index Cond: ((k >= 6623764) AND (k <= 6623864))

for range-notcovered
table 1 : explain SELECT k, c FROM sbtest1 WHERE k BETWEEN 3986803 AND 3986903
	Bitmap Heap Scan on sbtest1  (cost=5.51..421.28 rows=105 width=125)
	  Recheck Cond: ((k >= 3986803) AND (k <= 3986903))
	  ->  Bitmap Index Scan on k_1  (cost=0.00..5.48 rows=105 width=0)
	        Index Cond: ((k >= 3986803) AND (k <= 3986903))

table 2 : explain SELECT k, c FROM sbtest2 WHERE k BETWEEN 3986803 AND 3986903
	Bitmap Heap Scan on sbtest2  (cost=5.50..417.39 rows=104 width=125)
	  Recheck Cond: ((k >= 3986803) AND (k <= 3986903))
	  ->  Bitmap Index Scan on k_2  (cost=0.00..5.47 rows=104 width=0)
	        Index Cond: ((k >= 3986803) AND (k <= 3986903))

table 3 : explain SELECT k, c FROM sbtest3 WHERE k BETWEEN 3986803 AND 3986903
	Bitmap Heap Scan on sbtest3  (cost=5.42..385.84 rows=96 width=125)
	  Recheck Cond: ((k >= 3986803) AND (k <= 3986903))
	  ->  Bitmap Index Scan on k_3  (cost=0.00..5.39 rows=96 width=0)
	        Index Cond: ((k >= 3986803) AND (k <= 3986903))

table 4 : explain SELECT k, c FROM sbtest4 WHERE k BETWEEN 3986803 AND 3986903
	Bitmap Heap Scan on sbtest4  (cost=5.47..405.57 rows=101 width=125)
	  Recheck Cond: ((k >= 3986803) AND (k <= 3986903))
	  ->  Bitmap Index Scan on k_4  (cost=0.00..5.44 rows=101 width=0)
	        Index Cond: ((k >= 3986803) AND (k <= 3986903))

table 5 : explain SELECT k, c FROM sbtest5 WHERE k BETWEEN 3986803 AND 3986903
	Bitmap Heap Scan on sbtest5  (cost=5.46..401.78 rows=100 width=125)
	  Recheck Cond: ((k >= 3986803) AND (k <= 3986903))
	  ->  Bitmap Index Scan on k_5  (cost=0.00..5.43 rows=100 width=0)
	        Index Cond: ((k >= 3986803) AND (k <= 3986903))

table 6 : explain SELECT k, c FROM sbtest6 WHERE k BETWEEN 3986803 AND 3986903
	Bitmap Heap Scan on sbtest6  (cost=5.59..452.95 rows=113 width=125)
	  Recheck Cond: ((k >= 3986803) AND (k <= 3986903))
	  ->  Bitmap Index Scan on k_6  (cost=0.00..5.56 rows=113 width=0)
	        Index Cond: ((k >= 3986803) AND (k <= 3986903))

table 7 : explain SELECT k, c FROM sbtest7 WHERE k BETWEEN 3986803 AND 3986903
	Bitmap Heap Scan on sbtest7  (cost=5.52..425.46 rows=106 width=125)
	  Recheck Cond: ((k >= 3986803) AND (k <= 3986903))
	  ->  Bitmap Index Scan on k_7  (cost=0.00..5.50 rows=106 width=0)
	        Index Cond: ((k >= 3986803) AND (k <= 3986903))

table 8 : explain SELECT k, c FROM sbtest8 WHERE k BETWEEN 3986803 AND 3986903
	Bitmap Heap Scan on sbtest8  (cost=5.41..381.96 rows=95 width=125)
	  Recheck Cond: ((k >= 3986803) AND (k <= 3986903))
	  ->  Bitmap Index Scan on k_8  (cost=0.00..5.38 rows=95 width=0)
	        Index Cond: ((k >= 3986803) AND (k <= 3986903))

explain: for range-notcovered :: explain SELECT k, c FROM sbtest%d WHERE k BETWEEN 3986803 AND 3986903
explain: for range-notcovered :: explain SELECT k, c FROM sbtest%d WHERE k BETWEEN 6623764 AND 6623864
for range-notcovered
table 1 : explain SELECT k, c FROM sbtest1 WHERE k BETWEEN 9033111 AND 9033211
	Bitmap Heap Scan on sbtest1  (cost=5.51..421.28 rows=105 width=125)
	  Recheck Cond: ((k >= 9033111) AND (k <= 9033211))
	  ->  Bitmap Index Scan on k_1  (cost=0.00..5.48 rows=105 width=0)
	        Index Cond: ((k >= 9033111) AND (k <= 9033211))

table 2 : explain SELECT k, c FROM sbtest2 WHERE k BETWEEN 9033111 AND 9033211
	Bitmap Heap Scan on sbtest2  (cost=5.42..385.83 rows=96 width=125)
	  Recheck Cond: ((k >= 9033111) AND (k <= 9033211))
	  ->  Bitmap Index Scan on k_2  (cost=0.00..5.39 rows=96 width=0)
	        Index Cond: ((k >= 9033111) AND (k <= 9033211))

table 3 : explain SELECT k, c FROM sbtest3 WHERE k BETWEEN 9033111 AND 9033211
	Bitmap Heap Scan on sbtest3  (cost=5.44..393.74 rows=98 width=125)
	  Recheck Cond: ((k >= 9033111) AND (k <= 9033211))
	  ->  Bitmap Index Scan on k_3  (cost=0.00..5.42 rows=98 width=0)
	        Index Cond: ((k >= 9033111) AND (k <= 9033211))

table 4 : explain SELECT k, c FROM sbtest4 WHERE k BETWEEN 9033111 AND 9033211
	Bitmap Heap Scan on sbtest4  (cost=5.49..413.46 rows=103 width=125)
	  Recheck Cond: ((k >= 9033111) AND (k <= 9033211))
	  ->  Bitmap Index Scan on k_4  (cost=0.00..5.46 rows=103 width=0)
	        Index Cond: ((k >= 9033111) AND (k <= 9033211))

table 5 : explain SELECT k, c FROM sbtest5 WHERE k BETWEEN 9033111 AND 9033211
	Bitmap Heap Scan on sbtest5  (cost=5.48..409.67 rows=102 width=125)
	  Recheck Cond: ((k >= 9033111) AND (k <= 9033211))
	  ->  Bitmap Index Scan on k_5  (cost=0.00..5.45 rows=102 width=0)
	        Index Cond: ((k >= 9033111) AND (k <= 9033211))

table 6 : explain SELECT k, c FROM sbtest6 WHERE k BETWEEN 9033111 AND 9033211
	Bitmap Heap Scan on sbtest6  (cost=5.38..370.10 rows=92 width=125)
	  Recheck Cond: ((k >= 9033111) AND (k <= 9033211))
	  ->  Bitmap Index Scan on k_6  (cost=0.00..5.35 rows=92 width=0)
	        Index Cond: ((k >= 9033111) AND (k <= 9033211))

table 7 : explain SELECT k, c FROM sbtest7 WHERE k BETWEEN 9033111 AND 9033211
	Bitmap Heap Scan on sbtest7  (cost=5.49..413.62 rows=103 width=125)
	  Recheck Cond: ((k >= 9033111) AND (k <= 9033211))
	  ->  Bitmap Index Scan on k_7  (cost=0.00..5.46 rows=103 width=0)
	        Index Cond: ((k >= 9033111) AND (k <= 9033211))

table 8 : explain SELECT k, c FROM sbtest8 WHERE k BETWEEN 9033111 AND 9033211
	Bitmap Heap Scan on sbtest8  (cost=5.41..381.96 rows=95 width=125)
	  Recheck Cond: ((k >= 9033111) AND (k <= 9033211))
	  ->  Bitmap Index Scan on k_8  (cost=0.00..5.38 rows=95 width=0)
	        Index Cond: ((k >= 9033111) AND (k <= 9033211))

explain: for range-notcovered :: explain SELECT k, c FROM sbtest%d WHERE k BETWEEN 9033111 AND 9033211
for range-notcovered
table 1 : explain SELECT k, c FROM sbtest1 WHERE k BETWEEN 4784034 AND 4784134
	Bitmap Heap Scan on sbtest1  (cost=5.46..401.56 rows=100 width=125)
	  Recheck Cond: ((k >= 4784034) AND (k <= 4784134))
	  ->  Bitmap Index Scan on k_1  (cost=0.00..5.43 rows=100 width=0)
	        Index Cond: ((k >= 4784034) AND (k <= 4784134))

table 2 : explain SELECT k, c FROM sbtest2 WHERE k BETWEEN 4784034 AND 4784134
	Bitmap Heap Scan on sbtest2  (cost=5.44..393.72 rows=98 width=125)
	  Recheck Cond: ((k >= 4784034) AND (k <= 4784134))
	  ->  Bitmap Index Scan on k_2  (cost=0.00..5.42 rows=98 width=0)
	        Index Cond: ((k >= 4784034) AND (k <= 4784134))

table 3 : explain SELECT k, c FROM sbtest3 WHERE k BETWEEN 4784034 AND 4784134
	Bitmap Heap Scan on sbtest3  (cost=5.55..437.12 rows=109 width=125)
	  Recheck Cond: ((k >= 4784034) AND (k <= 4784134))
	  ->  Bitmap Index Scan on k_3  (cost=0.00..5.52 rows=109 width=0)
	        Index Cond: ((k >= 4784034) AND (k <= 4784134))

table 4 : explain SELECT k, c FROM sbtest4 WHERE k BETWEEN 4784034 AND 4784134
	Bitmap Heap Scan on sbtest4  (cost=5.58..448.94 rows=112 width=125)
	  Recheck Cond: ((k >= 4784034) AND (k <= 4784134))
	  ->  Bitmap Index Scan on k_4  (cost=0.00..5.55 rows=112 width=0)
	        Index Cond: ((k >= 4784034) AND (k <= 4784134))

table 5 : explain SELECT k, c FROM sbtest5 WHERE k BETWEEN 4784034 AND 4784134
	Bitmap Heap Scan on sbtest5  (cost=5.46..401.78 rows=100 width=125)
	  Recheck Cond: ((k >= 4784034) AND (k <= 4784134))
	  ->  Bitmap Index Scan on k_5  (cost=0.00..5.43 rows=100 width=0)
	        Index Cond: ((k >= 4784034) AND (k <= 4784134))

table 6 : explain SELECT k, c FROM sbtest6 WHERE k BETWEEN 4784034 AND 4784134
	Bitmap Heap Scan on sbtest6  (cost=5.51..421.41 rows=105 width=125)
	  Recheck Cond: ((k >= 4784034) AND (k <= 4784134))
	  ->  Bitmap Index Scan on k_6  (cost=0.00..5.48 rows=105 width=0)
	        Index Cond: ((k >= 4784034) AND (k <= 4784134))

table 7 : explain SELECT k, c FROM sbtest7 WHERE k BETWEEN 4784034 AND 4784134
	Bitmap Heap Scan on sbtest7  (cost=5.54..433.35 rows=108 width=125)
	  Recheck Cond: ((k >= 4784034) AND (k <= 4784134))
	  ->  Bitmap Index Scan on k_7  (cost=0.00..5.51 rows=108 width=0)
	        Index Cond: ((k >= 4784034) AND (k <= 4784134))

table 8 : explain SELECT k, c FROM sbtest8 WHERE k BETWEEN 4784034 AND 4784134
	Bitmap Heap Scan on sbtest8  (cost=5.50..417.48 rows=104 width=125)
	  Recheck Cond: ((k >= 4784034) AND (k <= 4784134))
	  ->  Bitmap Index Scan on k_8  (cost=0.00..5.47 rows=104 width=0)
	        Index Cond: ((k >= 4784034) AND (k <= 4784134))

for range-notcovered
table 1 : explain SELECT k, c FROM sbtest1 WHERE k BETWEEN 3662354 AND 3662454
	Bitmap Heap Scan on sbtest1  (cost=5.39..373.94 rows=93 width=125)
	  Recheck Cond: ((k >= 3662354) AND (k <= 3662454))
	  ->  Bitmap Index Scan on k_1  (cost=0.00..5.36 rows=93 width=0)
	        Index Cond: ((k >= 3662354) AND (k <= 3662454))

table 2 : explain SELECT k, c FROM sbtest2 WHERE k BETWEEN 3662354 AND 3662454
	Bitmap Heap Scan on sbtest2  (cost=5.51..421.33 rows=105 width=125)
	  Recheck Cond: ((k >= 3662354) AND (k <= 3662454))
	  ->  Bitmap Index Scan on k_2  (cost=0.00..5.48 rows=105 width=0)
	        Index Cond: ((k >= 3662354) AND (k <= 3662454))

table 3 : explain SELECT k, c FROM sbtest3 WHERE k BETWEEN 3662354 AND 3662454
	Bitmap Heap Scan on sbtest3  (cost=5.44..393.74 rows=98 width=125)
	  Recheck Cond: ((k >= 3662354) AND (k <= 3662454))
	  ->  Bitmap Index Scan on k_3  (cost=0.00..5.42 rows=98 width=0)
	        Index Cond: ((k >= 3662354) AND (k <= 3662454))

table 4 : explain SELECT k, c FROM sbtest4 WHERE k BETWEEN 3662354 AND 3662454
	Bitmap Heap Scan on sbtest4  (cost=5.55..437.12 rows=109 width=125)
	  Recheck Cond: ((k >= 3662354) AND (k <= 3662454))
	  ->  Bitmap Index Scan on k_4  (cost=0.00..5.52 rows=109 width=0)
	        Index Cond: ((k >= 3662354) AND (k <= 3662454))

table 5 : explain SELECT k, c FROM sbtest5 WHERE k BETWEEN 3662354 AND 3662454
	Bitmap Heap Scan on sbtest5  (cost=5.46..401.78 rows=100 width=125)
	  Recheck Cond: ((k >= 3662354) AND (k <= 3662454))
	  ->  Bitmap Index Scan on k_5  (cost=0.00..5.43 rows=100 width=0)
	        Index Cond: ((k >= 3662354) AND (k <= 3662454))

table 6 : explain SELECT k, c FROM sbtest6 WHERE k BETWEEN 3662354 AND 3662454
	Bitmap Heap Scan on sbtest6  (cost=5.49..413.52 rows=103 width=125)
	  Recheck Cond: ((k >= 3662354) AND (k <= 3662454))
	  ->  Bitmap Index Scan on k_6  (cost=0.00..5.46 rows=103 width=0)
	        Index Cond: ((k >= 3662354) AND (k <= 3662454))

table 7 : explain SELECT k, c FROM sbtest7 WHERE k BETWEEN 3662354 AND 3662454
	Bitmap Heap Scan on sbtest7  (cost=5.45..397.83 rows=99 width=125)
	  Recheck Cond: ((k >= 3662354) AND (k <= 3662454))
	  ->  Bitmap Index Scan on k_7  (cost=0.00..5.42 rows=99 width=0)
	        Index Cond: ((k >= 3662354) AND (k <= 3662454))

table 8 : explain SELECT k, c FROM sbtest8 WHERE k BETWEEN 3662354 AND 3662454
	Bitmap Heap Scan on sbtest8  (cost=5.45..397.75 rows=99 width=125)
	  Recheck Cond: ((k >= 3662354) AND (k <= 3662454))
	  ->  Bitmap Index Scan on k_8  (cost=0.00..5.42 rows=99 width=0)
	        Index Cond: ((k >= 3662354) AND (k <= 3662454))

explain: for range-notcovered :: explain SELECT k, c FROM sbtest%d WHERE k BETWEEN 4784034 AND 4784134
explain: for range-notcovered :: explain SELECT k, c FROM sbtest%d WHERE k BETWEEN 3662354 AND 3662454
for range-notcovered
table 1 : explain SELECT k, c FROM sbtest1 WHERE k BETWEEN 3986803 AND 3986903
	Bitmap Heap Scan on sbtest1  (cost=5.51..421.28 rows=105 width=125)
	  Recheck Cond: ((k >= 3986803) AND (k <= 3986903))
	  ->  Bitmap Index Scan on k_1  (cost=0.00..5.48 rows=105 width=0)
	        Index Cond: ((k >= 3986803) AND (k <= 3986903))

table 2 : explain SELECT k, c FROM sbtest2 WHERE k BETWEEN 3986803 AND 3986903
	Bitmap Heap Scan on sbtest2  (cost=5.50..417.39 rows=104 width=125)
	  Recheck Cond: ((k >= 3986803) AND (k <= 3986903))
	  ->  Bitmap Index Scan on k_2  (cost=0.00..5.47 rows=104 width=0)
	        Index Cond: ((k >= 3986803) AND (k <= 3986903))

table 3 : explain SELECT k, c FROM sbtest3 WHERE k BETWEEN 3986803 AND 3986903
	Bitmap Heap Scan on sbtest3  (cost=5.42..385.84 rows=96 width=125)
	  Recheck Cond: ((k >= 3986803) AND (k <= 3986903))
	  ->  Bitmap Index Scan on k_3  (cost=0.00..5.39 rows=96 width=0)
	        Index Cond: ((k >= 3986803) AND (k <= 3986903))

table 4 : explain SELECT k, c FROM sbtest4 WHERE k BETWEEN 3986803 AND 3986903
	Bitmap Heap Scan on sbtest4  (cost=5.47..405.57 rows=101 width=125)
	  Recheck Cond: ((k >= 3986803) AND (k <= 3986903))
	  ->  Bitmap Index Scan on k_4  (cost=0.00..5.44 rows=101 width=0)
	        Index Cond: ((k >= 3986803) AND (k <= 3986903))

table 5 : explain SELECT k, c FROM sbtest5 WHERE k BETWEEN 3986803 AND 3986903
	Bitmap Heap Scan on sbtest5  (cost=5.46..401.78 rows=100 width=125)
	  Recheck Cond: ((k >= 3986803) AND (k <= 3986903))
	  ->  Bitmap Index Scan on k_5  (cost=0.00..5.43 rows=100 width=0)
	        Index Cond: ((k >= 3986803) AND (k <= 3986903))

table 6 : explain SELECT k, c FROM sbtest6 WHERE k BETWEEN 3986803 AND 3986903
	Bitmap Heap Scan on sbtest6  (cost=5.59..452.95 rows=113 width=125)
	  Recheck Cond: ((k >= 3986803) AND (k <= 3986903))
	  ->  Bitmap Index Scan on k_6  (cost=0.00..5.56 rows=113 width=0)
	        Index Cond: ((k >= 3986803) AND (k <= 3986903))

table 7 : explain SELECT k, c FROM sbtest7 WHERE k BETWEEN 3986803 AND 3986903
	Bitmap Heap Scan on sbtest7  (cost=5.52..425.46 rows=106 width=125)
	  Recheck Cond: ((k >= 3986803) AND (k <= 3986903))
	  ->  Bitmap Index Scan on k_7  (cost=0.00..5.50 rows=106 width=0)
	        Index Cond: ((k >= 3986803) AND (k <= 3986903))

table 8 : explain SELECT k, c FROM sbtest8 WHERE k BETWEEN 3986803 AND 3986903
	Bitmap Heap Scan on sbtest8  (cost=5.41..381.96 rows=95 width=125)
	  Recheck Cond: ((k >= 3986803) AND (k <= 3986903))
	  ->  Bitmap Index Scan on k_8  (cost=0.00..5.38 rows=95 width=0)
	        Index Cond: ((k >= 3986803) AND (k <= 3986903))

explain: for range-notcovered :: explain SELECT k, c FROM sbtest%d WHERE k BETWEEN 3986803 AND 3986903
for range-notcovered
table 1 : explain SELECT k, c FROM sbtest1 WHERE k BETWEEN 9033111 AND 9033211
	Bitmap Heap Scan on sbtest1  (cost=5.51..421.28 rows=105 width=125)
	  Recheck Cond: ((k >= 9033111) AND (k <= 9033211))
	  ->  Bitmap Index Scan on k_1  (cost=0.00..5.48 rows=105 width=0)
	        Index Cond: ((k >= 9033111) AND (k <= 9033211))

table 2 : explain SELECT k, c FROM sbtest2 WHERE k BETWEEN 9033111 AND 9033211
	Bitmap Heap Scan on sbtest2  (cost=5.42..385.83 rows=96 width=125)
	  Recheck Cond: ((k >= 9033111) AND (k <= 9033211))
	  ->  Bitmap Index Scan on k_2  (cost=0.00..5.39 rows=96 width=0)
	        Index Cond: ((k >= 9033111) AND (k <= 9033211))

table 3 : explain SELECT k, c FROM sbtest3 WHERE k BETWEEN 9033111 AND 9033211
	Bitmap Heap Scan on sbtest3  (cost=5.44..393.74 rows=98 width=125)
	  Recheck Cond: ((k >= 9033111) AND (k <= 9033211))
	  ->  Bitmap Index Scan on k_3  (cost=0.00..5.42 rows=98 width=0)
	        Index Cond: ((k >= 9033111) AND (k <= 9033211))

table 4 : explain SELECT k, c FROM sbtest4 WHERE k BETWEEN 9033111 AND 9033211
	Bitmap Heap Scan on sbtest4  (cost=5.49..413.46 rows=103 width=125)
	  Recheck Cond: ((k >= 9033111) AND (k <= 9033211))
	  ->  Bitmap Index Scan on k_4  (cost=0.00..5.46 rows=103 width=0)
	        Index Cond: ((k >= 9033111) AND (k <= 9033211))

table 5 : explain SELECT k, c FROM sbtest5 WHERE k BETWEEN 9033111 AND 9033211
	Bitmap Heap Scan on sbtest5  (cost=5.48..409.67 rows=102 width=125)
	  Recheck Cond: ((k >= 9033111) AND (k <= 9033211))
	  ->  Bitmap Index Scan on k_5  (cost=0.00..5.45 rows=102 width=0)
	        Index Cond: ((k >= 9033111) AND (k <= 9033211))

table 6 : explain SELECT k, c FROM sbtest6 WHERE k BETWEEN 9033111 AND 9033211
	Bitmap Heap Scan on sbtest6  (cost=5.38..370.10 rows=92 width=125)
	  Recheck Cond: ((k >= 9033111) AND (k <= 9033211))
	  ->  Bitmap Index Scan on k_6  (cost=0.00..5.35 rows=92 width=0)
	        Index Cond: ((k >= 9033111) AND (k <= 9033211))

table 7 : explain SELECT k, c FROM sbtest7 WHERE k BETWEEN 9033111 AND 9033211
	Bitmap Heap Scan on sbtest7  (cost=5.49..413.62 rows=103 width=125)
	  Recheck Cond: ((k >= 9033111) AND (k <= 9033211))
	  ->  Bitmap Index Scan on k_7  (cost=0.00..5.46 rows=103 width=0)
	        Index Cond: ((k >= 9033111) AND (k <= 9033211))

table 8 : explain SELECT k, c FROM sbtest8 WHERE k BETWEEN 9033111 AND 9033211
	Bitmap Heap Scan on sbtest8  (cost=5.41..381.96 rows=95 width=125)
	  Recheck Cond: ((k >= 9033111) AND (k <= 9033211))
	  ->  Bitmap Index Scan on k_8  (cost=0.00..5.38 rows=95 width=0)
	        Index Cond: ((k >= 9033111) AND (k <= 9033211))

for range-notcovered
table 1 : explain SELECT k, c FROM sbtest1 WHERE k BETWEEN 4784034 AND 4784134
	Bitmap Heap Scan on sbtest1  (cost=5.46..401.56 rows=100 width=125)
	  Recheck Cond: ((k >= 4784034) AND (k <= 4784134))
	  ->  Bitmap Index Scan on k_1  (cost=0.00..5.43 rows=100 width=0)
	        Index Cond: ((k >= 4784034) AND (k <= 4784134))

table 2 : explain SELECT k, c FROM sbtest2 WHERE k BETWEEN 4784034 AND 4784134
	Bitmap Heap Scan on sbtest2  (cost=5.44..393.72 rows=98 width=125)
	  Recheck Cond: ((k >= 4784034) AND (k <= 4784134))
	  ->  Bitmap Index Scan on k_2  (cost=0.00..5.42 rows=98 width=0)
	        Index Cond: ((k >= 4784034) AND (k <= 4784134))

table 3 : explain SELECT k, c FROM sbtest3 WHERE k BETWEEN 4784034 AND 4784134
	Bitmap Heap Scan on sbtest3  (cost=5.55..437.12 rows=109 width=125)
	  Recheck Cond: ((k >= 4784034) AND (k <= 4784134))
	  ->  Bitmap Index Scan on k_3  (cost=0.00..5.52 rows=109 width=0)
	        Index Cond: ((k >= 4784034) AND (k <= 4784134))

table 4 : explain SELECT k, c FROM sbtest4 WHERE k BETWEEN 4784034 AND 4784134
	Bitmap Heap Scan on sbtest4  (cost=5.58..448.94 rows=112 width=125)
	  Recheck Cond: ((k >= 4784034) AND (k <= 4784134))
	  ->  Bitmap Index Scan on k_4  (cost=0.00..5.55 rows=112 width=0)
	        Index Cond: ((k >= 4784034) AND (k <= 4784134))

table 5 : explain SELECT k, c FROM sbtest5 WHERE k BETWEEN 4784034 AND 4784134
	Bitmap Heap Scan on sbtest5  (cost=5.46..401.78 rows=100 width=125)
	  Recheck Cond: ((k >= 4784034) AND (k <= 4784134))
	  ->  Bitmap Index Scan on k_5  (cost=0.00..5.43 rows=100 width=0)
	        Index Cond: ((k >= 4784034) AND (k <= 4784134))

table 6 : explain SELECT k, c FROM sbtest6 WHERE k BETWEEN 4784034 AND 4784134
	Bitmap Heap Scan on sbtest6  (cost=5.51..421.41 rows=105 width=125)
	  Recheck Cond: ((k >= 4784034) AND (k <= 4784134))
	  ->  Bitmap Index Scan on k_6  (cost=0.00..5.48 rows=105 width=0)
	        Index Cond: ((k >= 4784034) AND (k <= 4784134))

table 7 : explain SELECT k, c FROM sbtest7 WHERE k BETWEEN 4784034 AND 4784134
	Bitmap Heap Scan on sbtest7  (cost=5.54..433.35 rows=108 width=125)
	  Recheck Cond: ((k >= 4784034) AND (k <= 4784134))
	  ->  Bitmap Index Scan on k_7  (cost=0.00..5.51 rows=108 width=0)
	        Index Cond: ((k >= 4784034) AND (k <= 4784134))

table 8 : explain SELECT k, c FROM sbtest8 WHERE k BETWEEN 4784034 AND 4784134
	Bitmap Heap Scan on sbtest8  (cost=5.50..417.48 rows=104 width=125)
	  Recheck Cond: ((k >= 4784034) AND (k <= 4784134))
	  ->  Bitmap Index Scan on k_8  (cost=0.00..5.47 rows=104 width=0)
	        Index Cond: ((k >= 4784034) AND (k <= 4784134))

for range-notcovered
table 1 : explain SELECT k, c FROM sbtest1 WHERE k BETWEEN 3662354 AND 3662454
	Bitmap Heap Scan on sbtest1  (cost=5.39..373.94 rows=93 width=125)
	  Recheck Cond: ((k >= 3662354) AND (k <= 3662454))
	  ->  Bitmap Index Scan on k_1  (cost=0.00..5.36 rows=93 width=0)
	        Index Cond: ((k >= 3662354) AND (k <= 3662454))

table 2 : explain SELECT k, c FROM sbtest2 WHERE k BETWEEN 3662354 AND 3662454
	Bitmap Heap Scan on sbtest2  (cost=5.51..421.33 rows=105 width=125)
	  Recheck Cond: ((k >= 3662354) AND (k <= 3662454))
	  ->  Bitmap Index Scan on k_2  (cost=0.00..5.48 rows=105 width=0)
	        Index Cond: ((k >= 3662354) AND (k <= 3662454))

table 3 : explain SELECT k, c FROM sbtest3 WHERE k BETWEEN 3662354 AND 3662454
	Bitmap Heap Scan on sbtest3  (cost=5.44..393.74 rows=98 width=125)
	  Recheck Cond: ((k >= 3662354) AND (k <= 3662454))
	  ->  Bitmap Index Scan on k_3  (cost=0.00..5.42 rows=98 width=0)
	        Index Cond: ((k >= 3662354) AND (k <= 3662454))

table 4 : explain SELECT k, c FROM sbtest4 WHERE k BETWEEN 3662354 AND 3662454
	Bitmap Heap Scan on sbtest4  (cost=5.55..437.12 rows=109 width=125)
	  Recheck Cond: ((k >= 3662354) AND (k <= 3662454))
	  ->  Bitmap Index Scan on k_4  (cost=0.00..5.52 rows=109 width=0)
	        Index Cond: ((k >= 3662354) AND (k <= 3662454))

table 5 : explain SELECT k, c FROM sbtest5 WHERE k BETWEEN 3662354 AND 3662454
	Bitmap Heap Scan on sbtest5  (cost=5.46..401.78 rows=100 width=125)
	  Recheck Cond: ((k >= 3662354) AND (k <= 3662454))
	  ->  Bitmap Index Scan on k_5  (cost=0.00..5.43 rows=100 width=0)
	        Index Cond: ((k >= 3662354) AND (k <= 3662454))

table 6 : explain SELECT k, c FROM sbtest6 WHERE k BETWEEN 3662354 AND 3662454
	Bitmap Heap Scan on sbtest6  (cost=5.49..413.52 rows=103 width=125)
	  Recheck Cond: ((k >= 3662354) AND (k <= 3662454))
	  ->  Bitmap Index Scan on k_6  (cost=0.00..5.46 rows=103 width=0)
	        Index Cond: ((k >= 3662354) AND (k <= 3662454))

table 7 : explain SELECT k, c FROM sbtest7 WHERE k BETWEEN 3662354 AND 3662454
	Bitmap Heap Scan on sbtest7  (cost=5.45..397.83 rows=99 width=125)
	  Recheck Cond: ((k >= 3662354) AND (k <= 3662454))
	  ->  Bitmap Index Scan on k_7  (cost=0.00..5.42 rows=99 width=0)
	        Index Cond: ((k >= 3662354) AND (k <= 3662454))

table 8 : explain SELECT k, c FROM sbtest8 WHERE k BETWEEN 3662354 AND 3662454
	Bitmap Heap Scan on sbtest8  (cost=5.45..397.75 rows=99 width=125)
	  Recheck Cond: ((k >= 3662354) AND (k <= 3662454))
	  ->  Bitmap Index Scan on k_8  (cost=0.00..5.42 rows=99 width=0)
	        Index Cond: ((k >= 3662354) AND (k <= 3662454))

for range-notcovered
table 1 : explain SELECT k, c FROM sbtest1 WHERE k BETWEEN 6623764 AND 6623864
	Bitmap Heap Scan on sbtest1  (cost=5.58..448.87 rows=112 width=125)
	  Recheck Cond: ((k >= 6623764) AND (k <= 6623864))
	  ->  Bitmap Index Scan on k_1  (cost=0.00..5.55 rows=112 width=0)
	        Index Cond: ((k >= 6623764) AND (k <= 6623864))

table 2 : explain SELECT k, c FROM sbtest2 WHERE k BETWEEN 6623764 AND 6623864
	Bitmap Heap Scan on sbtest2  (cost=5.45..397.66 rows=99 width=125)
	  Recheck Cond: ((k >= 6623764) AND (k <= 6623864))
	  ->  Bitmap Index Scan on k_2  (cost=0.00..5.42 rows=99 width=0)
	        Index Cond: ((k >= 6623764) AND (k <= 6623864))

table 3 : explain SELECT k, c FROM sbtest3 WHERE k BETWEEN 6623764 AND 6623864
	Bitmap Heap Scan on sbtest3  (cost=5.48..409.52 rows=102 width=125)
	  Recheck Cond: ((k >= 6623764) AND (k <= 6623864))
	  ->  Bitmap Index Scan on k_3  (cost=0.00..5.45 rows=102 width=0)
	        Index Cond: ((k >= 6623764) AND (k <= 6623864))

table 4 : explain SELECT k, c FROM sbtest4 WHERE k BETWEEN 6623764 AND 6623864
	Bitmap Heap Scan on sbtest4  (cost=5.46..401.62 rows=100 width=125)
	  Recheck Cond: ((k >= 6623764) AND (k <= 6623864))
	  ->  Bitmap Index Scan on k_4  (cost=0.00..5.43 rows=100 width=0)
	        Index Cond: ((k >= 6623764) AND (k <= 6623864))

table 5 : explain SELECT k, c FROM sbtest5 WHERE k BETWEEN 6623764 AND 6623864
	Bitmap Heap Scan on sbtest5  (cost=5.43..389.93 rows=97 width=125)
	  Recheck Cond: ((k >= 6623764) AND (k <= 6623864))
	  ->  Bitmap Index Scan on k_5  (cost=0.00..5.40 rows=97 width=0)
	        Index Cond: ((k >= 6623764) AND (k <= 6623864))

table 6 : explain SELECT k, c FROM sbtest6 WHERE k BETWEEN 6623764 AND 6623864
	Bitmap Heap Scan on sbtest6  (cost=5.52..425.36 rows=106 width=125)
	  Recheck Cond: ((k >= 6623764) AND (k <= 6623864))
	  ->  Bitmap Index Scan on k_6  (cost=0.00..5.50 rows=106 width=0)
	        Index Cond: ((k >= 6623764) AND (k <= 6623864))

table 7 : explain SELECT k, c FROM sbtest7 WHERE k BETWEEN 6623764 AND 6623864
	Bitmap Heap Scan on sbtest7  (cost=5.47..405.73 rows=101 width=125)
	  Recheck Cond: ((k >= 6623764) AND (k <= 6623864))
	  ->  Bitmap Index Scan on k_7  (cost=0.00..5.44 rows=101 width=0)
	        Index Cond: ((k >= 6623764) AND (k <= 6623864))

table 8 : explain SELECT k, c FROM sbtest8 WHERE k BETWEEN 6623764 AND 6623864
	Bitmap Heap Scan on sbtest8  (cost=5.49..413.54 rows=103 width=125)
	  Recheck Cond: ((k >= 6623764) AND (k <= 6623864))
	  ->  Bitmap Index Scan on k_8  (cost=0.00..5.46 rows=103 width=0)
	        Index Cond: ((k >= 6623764) AND (k <= 6623864))

explain: for range-notcovered :: explain SELECT k, c FROM sbtest%d WHERE k BETWEEN 4784034 AND 4784134
explain: for range-notcovered :: explain SELECT k, c FROM sbtest%d WHERE k BETWEEN 3662354 AND 3662454
explain: for range-notcovered :: explain SELECT k, c FROM sbtest%d WHERE k BETWEEN 6623764 AND 6623864
for range-notcovered
table 1 : explain SELECT k, c FROM sbtest1 WHERE k BETWEEN 3986803 AND 3986903
	Bitmap Heap Scan on sbtest1  (cost=5.51..421.28 rows=105 width=125)
	  Recheck Cond: ((k >= 3986803) AND (k <= 3986903))
	  ->  Bitmap Index Scan on k_1  (cost=0.00..5.48 rows=105 width=0)
	        Index Cond: ((k >= 3986803) AND (k <= 3986903))

table 2 : explain SELECT k, c FROM sbtest2 WHERE k BETWEEN 3986803 AND 3986903
	Bitmap Heap Scan on sbtest2  (cost=5.50..417.39 rows=104 width=125)
	  Recheck Cond: ((k >= 3986803) AND (k <= 3986903))
	  ->  Bitmap Index Scan on k_2  (cost=0.00..5.47 rows=104 width=0)
	        Index Cond: ((k >= 3986803) AND (k <= 3986903))

table 3 : explain SELECT k, c FROM sbtest3 WHERE k BETWEEN 3986803 AND 3986903
	Bitmap Heap Scan on sbtest3  (cost=5.42..385.84 rows=96 width=125)
	  Recheck Cond: ((k >= 3986803) AND (k <= 3986903))
	  ->  Bitmap Index Scan on k_3  (cost=0.00..5.39 rows=96 width=0)
	        Index Cond: ((k >= 3986803) AND (k <= 3986903))

table 4 : explain SELECT k, c FROM sbtest4 WHERE k BETWEEN 3986803 AND 3986903
	Bitmap Heap Scan on sbtest4  (cost=5.47..405.57 rows=101 width=125)
	  Recheck Cond: ((k >= 3986803) AND (k <= 3986903))
	  ->  Bitmap Index Scan on k_4  (cost=0.00..5.44 rows=101 width=0)
	        Index Cond: ((k >= 3986803) AND (k <= 3986903))

table 5 : explain SELECT k, c FROM sbtest5 WHERE k BETWEEN 3986803 AND 3986903
	Bitmap Heap Scan on sbtest5  (cost=5.46..401.78 rows=100 width=125)
	  Recheck Cond: ((k >= 3986803) AND (k <= 3986903))
	  ->  Bitmap Index Scan on k_5  (cost=0.00..5.43 rows=100 width=0)
	        Index Cond: ((k >= 3986803) AND (k <= 3986903))

table 6 : explain SELECT k, c FROM sbtest6 WHERE k BETWEEN 3986803 AND 3986903
	Bitmap Heap Scan on sbtest6  (cost=5.59..452.95 rows=113 width=125)
	  Recheck Cond: ((k >= 3986803) AND (k <= 3986903))
	  ->  Bitmap Index Scan on k_6  (cost=0.00..5.56 rows=113 width=0)
	        Index Cond: ((k >= 3986803) AND (k <= 3986903))

table 7 : explain SELECT k, c FROM sbtest7 WHERE k BETWEEN 3986803 AND 3986903
	Bitmap Heap Scan on sbtest7  (cost=5.52..425.46 rows=106 width=125)
	  Recheck Cond: ((k >= 3986803) AND (k <= 3986903))
	  ->  Bitmap Index Scan on k_7  (cost=0.00..5.50 rows=106 width=0)
	        Index Cond: ((k >= 3986803) AND (k <= 3986903))

table 8 : explain SELECT k, c FROM sbtest8 WHERE k BETWEEN 3986803 AND 3986903
	Bitmap Heap Scan on sbtest8  (cost=5.41..381.96 rows=95 width=125)
	  Recheck Cond: ((k >= 3986803) AND (k <= 3986903))
	  ->  Bitmap Index Scan on k_8  (cost=0.00..5.38 rows=95 width=0)
	        Index Cond: ((k >= 3986803) AND (k <= 3986903))

for range-notcovered
table 1 : explain SELECT k, c FROM sbtest1 WHERE k BETWEEN 4784034 AND 4784134
	Bitmap Heap Scan on sbtest1  (cost=5.46..401.56 rows=100 width=125)
	  Recheck Cond: ((k >= 4784034) AND (k <= 4784134))
	  ->  Bitmap Index Scan on k_1  (cost=0.00..5.43 rows=100 width=0)
	        Index Cond: ((k >= 4784034) AND (k <= 4784134))

table 2 : explain SELECT k, c FROM sbtest2 WHERE k BETWEEN 4784034 AND 4784134
	Bitmap Heap Scan on sbtest2  (cost=5.44..393.72 rows=98 width=125)
	  Recheck Cond: ((k >= 4784034) AND (k <= 4784134))
	  ->  Bitmap Index Scan on k_2  (cost=0.00..5.42 rows=98 width=0)
	        Index Cond: ((k >= 4784034) AND (k <= 4784134))

table 3 : explain SELECT k, c FROM sbtest3 WHERE k BETWEEN 4784034 AND 4784134
	Bitmap Heap Scan on sbtest3  (cost=5.55..437.12 rows=109 width=125)
	  Recheck Cond: ((k >= 4784034) AND (k <= 4784134))
	  ->  Bitmap Index Scan on k_3  (cost=0.00..5.52 rows=109 width=0)
	        Index Cond: ((k >= 4784034) AND (k <= 4784134))

table 4 : explain SELECT k, c FROM sbtest4 WHERE k BETWEEN 4784034 AND 4784134
	Bitmap Heap Scan on sbtest4  (cost=5.58..448.94 rows=112 width=125)
	  Recheck Cond: ((k >= 4784034) AND (k <= 4784134))
	  ->  Bitmap Index Scan on k_4  (cost=0.00..5.55 rows=112 width=0)
	        Index Cond: ((k >= 4784034) AND (k <= 4784134))

table 5 : explain SELECT k, c FROM sbtest5 WHERE k BETWEEN 4784034 AND 4784134
	Bitmap Heap Scan on sbtest5  (cost=5.46..401.78 rows=100 width=125)
	  Recheck Cond: ((k >= 4784034) AND (k <= 4784134))
	  ->  Bitmap Index Scan on k_5  (cost=0.00..5.43 rows=100 width=0)
	        Index Cond: ((k >= 4784034) AND (k <= 4784134))

table 6 : explain SELECT k, c FROM sbtest6 WHERE k BETWEEN 4784034 AND 4784134
	Bitmap Heap Scan on sbtest6  (cost=5.51..421.41 rows=105 width=125)
	  Recheck Cond: ((k >= 4784034) AND (k <= 4784134))
	  ->  Bitmap Index Scan on k_6  (cost=0.00..5.48 rows=105 width=0)
	        Index Cond: ((k >= 4784034) AND (k <= 4784134))

table 7 : explain SELECT k, c FROM sbtest7 WHERE k BETWEEN 4784034 AND 4784134
	Bitmap Heap Scan on sbtest7  (cost=5.54..433.35 rows=108 width=125)
	  Recheck Cond: ((k >= 4784034) AND (k <= 4784134))
	  ->  Bitmap Index Scan on k_7  (cost=0.00..5.51 rows=108 width=0)
	        Index Cond: ((k >= 4784034) AND (k <= 4784134))

table 8 : explain SELECT k, c FROM sbtest8 WHERE k BETWEEN 4784034 AND 4784134
	Bitmap Heap Scan on sbtest8  (cost=5.50..417.48 rows=104 width=125)
	  Recheck Cond: ((k >= 4784034) AND (k <= 4784134))
	  ->  Bitmap Index Scan on k_8  (cost=0.00..5.47 rows=104 width=0)
	        Index Cond: ((k >= 4784034) AND (k <= 4784134))

for range-notcovered
table 1 : explain SELECT k, c FROM sbtest1 WHERE k BETWEEN 3662354 AND 3662454
	Bitmap Heap Scan on sbtest1  (cost=5.39..373.94 rows=93 width=125)
	  Recheck Cond: ((k >= 3662354) AND (k <= 3662454))
	  ->  Bitmap Index Scan on k_1  (cost=0.00..5.36 rows=93 width=0)
	        Index Cond: ((k >= 3662354) AND (k <= 3662454))

table 2 : explain SELECT k, c FROM sbtest2 WHERE k BETWEEN 3662354 AND 3662454
	Bitmap Heap Scan on sbtest2  (cost=5.51..421.33 rows=105 width=125)
	  Recheck Cond: ((k >= 3662354) AND (k <= 3662454))
	  ->  Bitmap Index Scan on k_2  (cost=0.00..5.48 rows=105 width=0)
	        Index Cond: ((k >= 3662354) AND (k <= 3662454))

table 3 : explain SELECT k, c FROM sbtest3 WHERE k BETWEEN 3662354 AND 3662454
	Bitmap Heap Scan on sbtest3  (cost=5.44..393.74 rows=98 width=125)
	  Recheck Cond: ((k >= 3662354) AND (k <= 3662454))
	  ->  Bitmap Index Scan on k_3  (cost=0.00..5.42 rows=98 width=0)
	        Index Cond: ((k >= 3662354) AND (k <= 3662454))

table 4 : explain SELECT k, c FROM sbtest4 WHERE k BETWEEN 3662354 AND 3662454
	Bitmap Heap Scan on sbtest4  (cost=5.55..437.12 rows=109 width=125)
	  Recheck Cond: ((k >= 3662354) AND (k <= 3662454))
	  ->  Bitmap Index Scan on k_4  (cost=0.00..5.52 rows=109 width=0)
	        Index Cond: ((k >= 3662354) AND (k <= 3662454))

table 5 : explain SELECT k, c FROM sbtest5 WHERE k BETWEEN 3662354 AND 3662454
	Bitmap Heap Scan on sbtest5  (cost=5.46..401.78 rows=100 width=125)
	  Recheck Cond: ((k >= 3662354) AND (k <= 3662454))
	  ->  Bitmap Index Scan on k_5  (cost=0.00..5.43 rows=100 width=0)
	        Index Cond: ((k >= 3662354) AND (k <= 3662454))

table 6 : explain SELECT k, c FROM sbtest6 WHERE k BETWEEN 3662354 AND 3662454
	Bitmap Heap Scan on sbtest6  (cost=5.49..413.52 rows=103 width=125)
	  Recheck Cond: ((k >= 3662354) AND (k <= 3662454))
	  ->  Bitmap Index Scan on k_6  (cost=0.00..5.46 rows=103 width=0)
	        Index Cond: ((k >= 3662354) AND (k <= 3662454))

table 7 : explain SELECT k, c FROM sbtest7 WHERE k BETWEEN 3662354 AND 3662454
	Bitmap Heap Scan on sbtest7  (cost=5.45..397.83 rows=99 width=125)
	  Recheck Cond: ((k >= 3662354) AND (k <= 3662454))
	  ->  Bitmap Index Scan on k_7  (cost=0.00..5.42 rows=99 width=0)
	        Index Cond: ((k >= 3662354) AND (k <= 3662454))

table 8 : explain SELECT k, c FROM sbtest8 WHERE k BETWEEN 3662354 AND 3662454
	Bitmap Heap Scan on sbtest8  (cost=5.45..397.75 rows=99 width=125)
	  Recheck Cond: ((k >= 3662354) AND (k <= 3662454))
	  ->  Bitmap Index Scan on k_8  (cost=0.00..5.42 rows=99 width=0)
	        Index Cond: ((k >= 3662354) AND (k <= 3662454))

explain: for range-notcovered :: explain SELECT k, c FROM sbtest%d WHERE k BETWEEN 4784034 AND 4784134
explain: for range-notcovered :: explain SELECT k, c FROM sbtest%d WHERE k BETWEEN 3662354 AND 3662454
for range-notcovered
table 1 : explain SELECT k, c FROM sbtest1 WHERE k BETWEEN 6623764 AND 6623864
	Bitmap Heap Scan on sbtest1  (cost=5.58..448.87 rows=112 width=125)
	  Recheck Cond: ((k >= 6623764) AND (k <= 6623864))
	  ->  Bitmap Index Scan on k_1  (cost=0.00..5.55 rows=112 width=0)
	        Index Cond: ((k >= 6623764) AND (k <= 6623864))

table 2 : explain SELECT k, c FROM sbtest2 WHERE k BETWEEN 6623764 AND 6623864
	Bitmap Heap Scan on sbtest2  (cost=5.45..397.66 rows=99 width=125)
	  Recheck Cond: ((k >= 6623764) AND (k <= 6623864))
	  ->  Bitmap Index Scan on k_2  (cost=0.00..5.42 rows=99 width=0)
	        Index Cond: ((k >= 6623764) AND (k <= 6623864))

table 3 : explain SELECT k, c FROM sbtest3 WHERE k BETWEEN 6623764 AND 6623864
	Bitmap Heap Scan on sbtest3  (cost=5.48..409.52 rows=102 width=125)
	  Recheck Cond: ((k >= 6623764) AND (k <= 6623864))
	  ->  Bitmap Index Scan on k_3  (cost=0.00..5.45 rows=102 width=0)
	        Index Cond: ((k >= 6623764) AND (k <= 6623864))

table 4 : explain SELECT k, c FROM sbtest4 WHERE k BETWEEN 6623764 AND 6623864
	Bitmap Heap Scan on sbtest4  (cost=5.46..401.62 rows=100 width=125)
	  Recheck Cond: ((k >= 6623764) AND (k <= 6623864))
	  ->  Bitmap Index Scan on k_4  (cost=0.00..5.43 rows=100 width=0)
	        Index Cond: ((k >= 6623764) AND (k <= 6623864))

table 5 : explain SELECT k, c FROM sbtest5 WHERE k BETWEEN 6623764 AND 6623864
	Bitmap Heap Scan on sbtest5  (cost=5.43..389.93 rows=97 width=125)
	  Recheck Cond: ((k >= 6623764) AND (k <= 6623864))
	  ->  Bitmap Index Scan on k_5  (cost=0.00..5.40 rows=97 width=0)
	        Index Cond: ((k >= 6623764) AND (k <= 6623864))

table 6 : explain SELECT k, c FROM sbtest6 WHERE k BETWEEN 6623764 AND 6623864
	Bitmap Heap Scan on sbtest6  (cost=5.52..425.36 rows=106 width=125)
	  Recheck Cond: ((k >= 6623764) AND (k <= 6623864))
	  ->  Bitmap Index Scan on k_6  (cost=0.00..5.50 rows=106 width=0)
	        Index Cond: ((k >= 6623764) AND (k <= 6623864))

table 7 : explain SELECT k, c FROM sbtest7 WHERE k BETWEEN 6623764 AND 6623864
	Bitmap Heap Scan on sbtest7  (cost=5.47..405.73 rows=101 width=125)
	  Recheck Cond: ((k >= 6623764) AND (k <= 6623864))
	  ->  Bitmap Index Scan on k_7  (cost=0.00..5.44 rows=101 width=0)
	        Index Cond: ((k >= 6623764) AND (k <= 6623864))

table 8 : explain SELECT k, c FROM sbtest8 WHERE k BETWEEN 6623764 AND 6623864
	Bitmap Heap Scan on sbtest8  (cost=5.49..413.54 rows=103 width=125)
	  Recheck Cond: ((k >= 6623764) AND (k <= 6623864))
	  ->  Bitmap Index Scan on k_8  (cost=0.00..5.46 rows=103 width=0)
	        Index Cond: ((k >= 6623764) AND (k <= 6623864))

for range-notcovered
table 1 : explain SELECT k, c FROM sbtest1 WHERE k BETWEEN 4784034 AND 4784134
	Bitmap Heap Scan on sbtest1  (cost=5.46..401.56 rows=100 width=125)
	  Recheck Cond: ((k >= 4784034) AND (k <= 4784134))
	  ->  Bitmap Index Scan on k_1  (cost=0.00..5.43 rows=100 width=0)
	        Index Cond: ((k >= 4784034) AND (k <= 4784134))

table 2 : explain SELECT k, c FROM sbtest2 WHERE k BETWEEN 4784034 AND 4784134
	Bitmap Heap Scan on sbtest2  (cost=5.44..393.72 rows=98 width=125)
	  Recheck Cond: ((k >= 4784034) AND (k <= 4784134))
	  ->  Bitmap Index Scan on k_2  (cost=0.00..5.42 rows=98 width=0)
	        Index Cond: ((k >= 4784034) AND (k <= 4784134))

table 3 : explain SELECT k, c FROM sbtest3 WHERE k BETWEEN 4784034 AND 4784134
	Bitmap Heap Scan on sbtest3  (cost=5.55..437.12 rows=109 width=125)
	  Recheck Cond: ((k >= 4784034) AND (k <= 4784134))
	  ->  Bitmap Index Scan on k_3  (cost=0.00..5.52 rows=109 width=0)
	        Index Cond: ((k >= 4784034) AND (k <= 4784134))

table 4 : explain SELECT k, c FROM sbtest4 WHERE k BETWEEN 4784034 AND 4784134
	Bitmap Heap Scan on sbtest4  (cost=5.58..448.94 rows=112 width=125)
	  Recheck Cond: ((k >= 4784034) AND (k <= 4784134))
	  ->  Bitmap Index Scan on k_4  (cost=0.00..5.55 rows=112 width=0)
	        Index Cond: ((k >= 4784034) AND (k <= 4784134))

table 5 : explain SELECT k, c FROM sbtest5 WHERE k BETWEEN 4784034 AND 4784134
	Bitmap Heap Scan on sbtest5  (cost=5.46..401.78 rows=100 width=125)
	  Recheck Cond: ((k >= 4784034) AND (k <= 4784134))
	  ->  Bitmap Index Scan on k_5  (cost=0.00..5.43 rows=100 width=0)
	        Index Cond: ((k >= 4784034) AND (k <= 4784134))

table 6 : explain SELECT k, c FROM sbtest6 WHERE k BETWEEN 4784034 AND 4784134
	Bitmap Heap Scan on sbtest6  (cost=5.51..421.41 rows=105 width=125)
	  Recheck Cond: ((k >= 4784034) AND (k <= 4784134))
	  ->  Bitmap Index Scan on k_6  (cost=0.00..5.48 rows=105 width=0)
	        Index Cond: ((k >= 4784034) AND (k <= 4784134))

table 7 : explain SELECT k, c FROM sbtest7 WHERE k BETWEEN 4784034 AND 4784134
	Bitmap Heap Scan on sbtest7  (cost=5.54..433.35 rows=108 width=125)
	  Recheck Cond: ((k >= 4784034) AND (k <= 4784134))
	  ->  Bitmap Index Scan on k_7  (cost=0.00..5.51 rows=108 width=0)
	        Index Cond: ((k >= 4784034) AND (k <= 4784134))

table 8 : explain SELECT k, c FROM sbtest8 WHERE k BETWEEN 4784034 AND 4784134
	Bitmap Heap Scan on sbtest8  (cost=5.50..417.48 rows=104 width=125)
	  Recheck Cond: ((k >= 4784034) AND (k <= 4784134))
	  ->  Bitmap Index Scan on k_8  (cost=0.00..5.47 rows=104 width=0)
	        Index Cond: ((k >= 4784034) AND (k <= 4784134))

for range-notcovered
table 1 : explain SELECT k, c FROM sbtest1 WHERE k BETWEEN 3662354 AND 3662454
	Bitmap Heap Scan on sbtest1  (cost=5.39..373.94 rows=93 width=125)
	  Recheck Cond: ((k >= 3662354) AND (k <= 3662454))
	  ->  Bitmap Index Scan on k_1  (cost=0.00..5.36 rows=93 width=0)
	        Index Cond: ((k >= 3662354) AND (k <= 3662454))

table 2 : explain SELECT k, c FROM sbtest2 WHERE k BETWEEN 3662354 AND 3662454
	Bitmap Heap Scan on sbtest2  (cost=5.51..421.33 rows=105 width=125)
	  Recheck Cond: ((k >= 3662354) AND (k <= 3662454))
	  ->  Bitmap Index Scan on k_2  (cost=0.00..5.48 rows=105 width=0)
	        Index Cond: ((k >= 3662354) AND (k <= 3662454))

table 3 : explain SELECT k, c FROM sbtest3 WHERE k BETWEEN 3662354 AND 3662454
	Bitmap Heap Scan on sbtest3  (cost=5.44..393.74 rows=98 width=125)
	  Recheck Cond: ((k >= 3662354) AND (k <= 3662454))
	  ->  Bitmap Index Scan on k_3  (cost=0.00..5.42 rows=98 width=0)
	        Index Cond: ((k >= 3662354) AND (k <= 3662454))

table 4 : explain SELECT k, c FROM sbtest4 WHERE k BETWEEN 3662354 AND 3662454
	Bitmap Heap Scan on sbtest4  (cost=5.55..437.12 rows=109 width=125)
	  Recheck Cond: ((k >= 3662354) AND (k <= 3662454))
	  ->  Bitmap Index Scan on k_4  (cost=0.00..5.52 rows=109 width=0)
	        Index Cond: ((k >= 3662354) AND (k <= 3662454))

table 5 : explain SELECT k, c FROM sbtest5 WHERE k BETWEEN 3662354 AND 3662454
	Bitmap Heap Scan on sbtest5  (cost=5.46..401.78 rows=100 width=125)
	  Recheck Cond: ((k >= 3662354) AND (k <= 3662454))
	  ->  Bitmap Index Scan on k_5  (cost=0.00..5.43 rows=100 width=0)
	        Index Cond: ((k >= 3662354) AND (k <= 3662454))

table 6 : explain SELECT k, c FROM sbtest6 WHERE k BETWEEN 3662354 AND 3662454
	Bitmap Heap Scan on sbtest6  (cost=5.49..413.52 rows=103 width=125)
	  Recheck Cond: ((k >= 3662354) AND (k <= 3662454))
	  ->  Bitmap Index Scan on k_6  (cost=0.00..5.46 rows=103 width=0)
	        Index Cond: ((k >= 3662354) AND (k <= 3662454))

table 7 : explain SELECT k, c FROM sbtest7 WHERE k BETWEEN 3662354 AND 3662454
	Bitmap Heap Scan on sbtest7  (cost=5.45..397.83 rows=99 width=125)
	  Recheck Cond: ((k >= 3662354) AND (k <= 3662454))
	  ->  Bitmap Index Scan on k_7  (cost=0.00..5.42 rows=99 width=0)
	        Index Cond: ((k >= 3662354) AND (k <= 3662454))

table 8 : explain SELECT k, c FROM sbtest8 WHERE k BETWEEN 3662354 AND 3662454
	Bitmap Heap Scan on sbtest8  (cost=5.45..397.75 rows=99 width=125)
	  Recheck Cond: ((k >= 3662354) AND (k <= 3662454))
	  ->  Bitmap Index Scan on k_8  (cost=0.00..5.42 rows=99 width=0)
	        Index Cond: ((k >= 3662354) AND (k <= 3662454))

explain: for range-notcovered :: explain SELECT k, c FROM sbtest%d WHERE k BETWEEN 3662354 AND 3662454
for range-notcovered
table 1 : explain SELECT k, c FROM sbtest1 WHERE k BETWEEN 3662354 AND 3662454
	Bitmap Heap Scan on sbtest1  (cost=5.39..373.94 rows=93 width=125)
	  Recheck Cond: ((k >= 3662354) AND (k <= 3662454))
	  ->  Bitmap Index Scan on k_1  (cost=0.00..5.36 rows=93 width=0)
	        Index Cond: ((k >= 3662354) AND (k <= 3662454))

table 2 : explain SELECT k, c FROM sbtest2 WHERE k BETWEEN 3662354 AND 3662454
	Bitmap Heap Scan on sbtest2  (cost=5.51..421.33 rows=105 width=125)
	  Recheck Cond: ((k >= 3662354) AND (k <= 3662454))
	  ->  Bitmap Index Scan on k_2  (cost=0.00..5.48 rows=105 width=0)
	        Index Cond: ((k >= 3662354) AND (k <= 3662454))

table 3 : explain SELECT k, c FROM sbtest3 WHERE k BETWEEN 3662354 AND 3662454
	Bitmap Heap Scan on sbtest3  (cost=5.44..393.74 rows=98 width=125)
	  Recheck Cond: ((k >= 3662354) AND (k <= 3662454))
	  ->  Bitmap Index Scan on k_3  (cost=0.00..5.42 rows=98 width=0)
	        Index Cond: ((k >= 3662354) AND (k <= 3662454))

table 4 : explain SELECT k, c FROM sbtest4 WHERE k BETWEEN 3662354 AND 3662454
	Bitmap Heap Scan on sbtest4  (cost=5.55..437.12 rows=109 width=125)
	  Recheck Cond: ((k >= 3662354) AND (k <= 3662454))
	  ->  Bitmap Index Scan on k_4  (cost=0.00..5.52 rows=109 width=0)
	        Index Cond: ((k >= 3662354) AND (k <= 3662454))

table 5 : explain SELECT k, c FROM sbtest5 WHERE k BETWEEN 3662354 AND 3662454
	Bitmap Heap Scan on sbtest5  (cost=5.46..401.78 rows=100 width=125)
	  Recheck Cond: ((k >= 3662354) AND (k <= 3662454))
	  ->  Bitmap Index Scan on k_5  (cost=0.00..5.43 rows=100 width=0)
	        Index Cond: ((k >= 3662354) AND (k <= 3662454))

table 6 : explain SELECT k, c FROM sbtest6 WHERE k BETWEEN 3662354 AND 3662454
	Bitmap Heap Scan on sbtest6  (cost=5.49..413.52 rows=103 width=125)
	  Recheck Cond: ((k >= 3662354) AND (k <= 3662454))
	  ->  Bitmap Index Scan on k_6  (cost=0.00..5.46 rows=103 width=0)
	        Index Cond: ((k >= 3662354) AND (k <= 3662454))

table 7 : explain SELECT k, c FROM sbtest7 WHERE k BETWEEN 3662354 AND 3662454
	Bitmap Heap Scan on sbtest7  (cost=5.45..397.83 rows=99 width=125)
	  Recheck Cond: ((k >= 3662354) AND (k <= 3662454))
	  ->  Bitmap Index Scan on k_7  (cost=0.00..5.42 rows=99 width=0)
	        Index Cond: ((k >= 3662354) AND (k <= 3662454))

table 8 : explain SELECT k, c FROM sbtest8 WHERE k BETWEEN 3662354 AND 3662454
	Bitmap Heap Scan on sbtest8  (cost=5.45..397.75 rows=99 width=125)
	  Recheck Cond: ((k >= 3662354) AND (k <= 3662454))
	  ->  Bitmap Index Scan on k_8  (cost=0.00..5.42 rows=99 width=0)
	        Index Cond: ((k >= 3662354) AND (k <= 3662454))

Threads started!

Warming up for 5 seconds...

SQL statistics:
    queries performed:
        read:                            101580550
        write:                           0
        other:                           0
        total:                           101580550
    transactions:                        101580550 (161237.49 per sec.)
    queries:                             101580550 (161237.49 per sec.)
    ignored errors:                      0      (0.00 per sec.)
    reconnects:                          0      (0.00 per sec.)

Throughput:
    events/s (eps):                      161237.4914
    time elapsed:                        630.0061s
    total number of events:              101580550

Latency (ms):
         min:                                    0.08
         avg:                                    0.25
         max:                                   24.29
         95th percentile:                        0.29
         sum:                             25156483.88

Threads fairness:
    events (avg/stddev):           2539510.9750/4908.35
    execution time (avg/stddev):   628.9121/0.03

