LUA_PATH=/home/mdcallag/git/mytools/bench/sysbench.lua/lua/?.lua /home/mdcallag/git/mytools/bench/sysbench.lua/lua/sysbench --db-driver=pgsql --range-size=10 --table-size=10000000 --tables=8 --threads=40 --events=0 --warmup-time=5 --time=630 --pgsql_conn_id=true /home/mdcallag/git/mytools/bench/sysbench.lua/lua/oltp_inlist_select.lua run --pgsql-user=root --pgsql-password=pw --pgsql-host=127.0.0.1 --pgsql-db=ib --rand-type=uniform --random-points=10 --skip-trx
48 CPUs
sysbench 1.1.0-9072687 (using bundled LuaJIT 2.1.0-beta3)

Running the test with following options:
Number of threads: 40
Warmup time: 5s
Initializing random number generator from current time


Initializing worker threads...

explain: for select-inlist :: explain SELECT c FROM sbtest%d WHERE id IN ( 6906972, 8956140, 7032497, 219549, 5322756, 9584277, 371651, 6995876, 2212238, 2628607)
for select-inlist
table 1 : explain SELECT c FROM sbtest1 WHERE id IN ( 6906972, 8956140, 7032497, 219549, 5322756, 9584277, 371651, 6995876, 2212238, 2628607)
	Index Scan using sbtest1_pkey on sbtest1  (cost=0.43..83.67 rows=10 width=121)
	  Index Cond: (id = ANY ('{6906972,8956140,7032497,219549,5322756,9584277,371651,6995876,2212238,2628607}'::integer[]))

table 2 : explain SELECT c FROM sbtest2 WHERE id IN ( 6906972, 8956140, 7032497, 219549, 5322756, 9584277, 371651, 6995876, 2212238, 2628607)
	Index Scan using sbtest2_pkey on sbtest2  (cost=0.43..83.64 rows=10 width=121)
	  Index Cond: (id = ANY ('{6906972,8956140,7032497,219549,5322756,9584277,371651,6995876,2212238,2628607}'::integer[]))

table 3 : explain SELECT c FROM sbtest3 WHERE id IN ( 6906972, 8956140, 7032497, 219549, 5322756, 9584277, 371651, 6995876, 2212238, 2628607)
	Index Scan using sbtest3_pkey on sbtest3  (cost=0.43..83.80 rows=10 width=121)
	  Index Cond: (id = ANY ('{6906972,8956140,7032497,219549,5322756,9584277,371651,6995876,2212238,2628607}'::integer[]))

table 4 : explain SELECT c FROM sbtest4 WHERE id IN ( 6906972, 8956140, 7032497, 219549, 5322756, 9584277, 371651, 6995876, 2212238, 2628607)
	Index Scan using sbtest4_pkey on sbtest4  (cost=0.43..83.78 rows=10 width=121)
	  Index Cond: (id = ANY ('{6906972,8956140,7032497,219549,5322756,9584277,371651,6995876,2212238,2628607}'::integer[]))

table 5 : explain SELECT c FROM sbtest5 WHERE id IN ( 6906972, 8956140, 7032497, 219549, 5322756, 9584277, 371651, 6995876, 2212238, 2628607)
	Index Scan using sbtest5_pkey on sbtest5  (cost=0.43..83.59 rows=10 width=121)
	  Index Cond: (id = ANY ('{6906972,8956140,7032497,219549,5322756,9584277,371651,6995876,2212238,2628607}'::integer[]))

table 6 : explain SELECT c FROM sbtest6 WHERE id IN ( 6906972, 8956140, 7032497, 219549, 5322756, 9584277, 371651, 6995876, 2212238, 2628607)
	Index Scan using sbtest6_pkey on sbtest6  (cost=0.43..83.68 rows=10 width=121)
	  Index Cond: (id = ANY ('{6906972,8956140,7032497,219549,5322756,9584277,371651,6995876,2212238,2628607}'::integer[]))

table 7 : explain SELECT c FROM sbtest7 WHERE id IN ( 6906972, 8956140, 7032497, 219549, 5322756, 9584277, 371651, 6995876, 2212238, 2628607)
	Index Scan using sbtest7_pkey on sbtest7  (cost=0.43..83.62 rows=10 width=121)
	  Index Cond: (id = ANY ('{6906972,8956140,7032497,219549,5322756,9584277,371651,6995876,2212238,2628607}'::integer[]))

table 8 : explain SELECT c FROM sbtest8 WHERE id IN ( 6906972, 8956140, 7032497, 219549, 5322756, 9584277, 371651, 6995876, 2212238, 2628607)
	Index Scan using sbtest8_pkey on sbtest8  (cost=0.43..83.66 rows=10 width=121)
	  Index Cond: (id = ANY ('{6906972,8956140,7032497,219549,5322756,9584277,371651,6995876,2212238,2628607}'::integer[]))

explain: for select-inlist :: explain SELECT c FROM sbtest%d WHERE id IN ( 8931352, 4926513, 3254930, 8578540, 6392129, 6196194, 19299, 7249253, 4378586, 8770126)
explain: for select-inlist :: explain SELECT c FROM sbtest%d WHERE id IN ( 2491096, 3292908, 3684282, 4459808, 7190611, 9154947, 6242396, 9693644, 4311315, 1757124)
explain: for select-inlist :: explain SELECT c FROM sbtest%d WHERE id IN ( 6973054, 5876461, 2966276, 9696838, 8973768, 5857927, 1509581, 9520452, 6772849, 4441648)
for select-inlist
table 1 : explain SELECT c FROM sbtest1 WHERE id IN ( 8931352, 4926513, 3254930, 8578540, 6392129, 6196194, 19299, 7249253, 4378586, 8770126)
	Index Scan using sbtest1_pkey on sbtest1  (cost=0.43..83.67 rows=10 width=121)
	  Index Cond: (id = ANY ('{8931352,4926513,3254930,8578540,6392129,6196194,19299,7249253,4378586,8770126}'::integer[]))

table 2 : explain SELECT c FROM sbtest2 WHERE id IN ( 8931352, 4926513, 3254930, 8578540, 6392129, 6196194, 19299, 7249253, 4378586, 8770126)
	Index Scan using sbtest2_pkey on sbtest2  (cost=0.43..83.64 rows=10 width=121)
	  Index Cond: (id = ANY ('{8931352,4926513,3254930,8578540,6392129,6196194,19299,7249253,4378586,8770126}'::integer[]))

table 3 : explain SELECT c FROM sbtest3 WHERE id IN ( 8931352, 4926513, 3254930, 8578540, 6392129, 6196194, 19299, 7249253, 4378586, 8770126)
	Index Scan using sbtest3_pkey on sbtest3  (cost=0.43..83.80 rows=10 width=121)
	  Index Cond: (id = ANY ('{8931352,4926513,3254930,8578540,6392129,6196194,19299,7249253,4378586,8770126}'::integer[]))

table 4 : explain SELECT c FROM sbtest4 WHERE id IN ( 8931352, 4926513, 3254930, 8578540, 6392129, 6196194, 19299, 7249253, 4378586, 8770126)
	Index Scan using sbtest4_pkey on sbtest4  (cost=0.43..83.78 rows=10 width=121)
	  Index Cond: (id = ANY ('{8931352,4926513,3254930,8578540,6392129,6196194,19299,7249253,4378586,8770126}'::integer[]))

table 5 : explain SELECT c FROM sbtest5 WHERE id IN ( 8931352, 4926513, 3254930, 8578540, 6392129, 6196194, 19299, 7249253, 4378586, 8770126)
	Index Scan using sbtest5_pkey on sbtest5  (cost=0.43..83.59 rows=10 width=121)
	  Index Cond: (id = ANY ('{8931352,4926513,3254930,8578540,6392129,6196194,19299,7249253,4378586,8770126}'::integer[]))

table 6 : explain SELECT c FROM sbtest6 WHERE id IN ( 8931352, 4926513, 3254930, 8578540, 6392129, 6196194, 19299, 7249253, 4378586, 8770126)
	Index Scan using sbtest6_pkey on sbtest6  (cost=0.43..83.68 rows=10 width=121)
	  Index Cond: (id = ANY ('{8931352,4926513,3254930,8578540,6392129,6196194,19299,7249253,4378586,8770126}'::integer[]))

table 7 : explain SELECT c FROM sbtest7 WHERE id IN ( 8931352, 4926513, 3254930, 8578540, 6392129, 6196194, 19299, 7249253, 4378586, 8770126)
	Index Scan using sbtest7_pkey on sbtest7  (cost=0.43..83.62 rows=10 width=121)
	  Index Cond: (id = ANY ('{8931352,4926513,3254930,8578540,6392129,6196194,19299,7249253,4378586,8770126}'::integer[]))

table 8 : explain SELECT c FROM sbtest8 WHERE id IN ( 8931352, 4926513, 3254930, 8578540, 6392129, 6196194, 19299, 7249253, 4378586, 8770126)
	Index Scan using sbtest8_pkey on sbtest8  (cost=0.43..83.66 rows=10 width=121)
	  Index Cond: (id = ANY ('{8931352,4926513,3254930,8578540,6392129,6196194,19299,7249253,4378586,8770126}'::integer[]))

explain: for select-inlist :: explain SELECT c FROM sbtest%d WHERE id IN ( 6687725, 5364408, 8926808, 5199201, 3592735, 4193593, 2127326, 4964434, 5792814, 9960908)
for select-inlist
table 1 : explain SELECT c FROM sbtest1 WHERE id IN ( 2491096, 3292908, 3684282, 4459808, 7190611, 9154947, 6242396, 9693644, 4311315, 1757124)
	Index Scan using sbtest1_pkey on sbtest1  (cost=0.43..83.67 rows=10 width=121)
	  Index Cond: (id = ANY ('{2491096,3292908,3684282,4459808,7190611,9154947,6242396,9693644,4311315,1757124}'::integer[]))

table 2 : explain SELECT c FROM sbtest2 WHERE id IN ( 2491096, 3292908, 3684282, 4459808, 7190611, 9154947, 6242396, 9693644, 4311315, 1757124)
	Index Scan using sbtest2_pkey on sbtest2  (cost=0.43..83.64 rows=10 width=121)
	  Index Cond: (id = ANY ('{2491096,3292908,3684282,4459808,7190611,9154947,6242396,9693644,4311315,1757124}'::integer[]))

table 3 : explain SELECT c FROM sbtest3 WHERE id IN ( 2491096, 3292908, 3684282, 4459808, 7190611, 9154947, 6242396, 9693644, 4311315, 1757124)
	Index Scan using sbtest3_pkey on sbtest3  (cost=0.43..83.80 rows=10 width=121)
	  Index Cond: (id = ANY ('{2491096,3292908,3684282,4459808,7190611,9154947,6242396,9693644,4311315,1757124}'::integer[]))

table 4 : explain SELECT c FROM sbtest4 WHERE id IN ( 2491096, 3292908, 3684282, 4459808, 7190611, 9154947, 6242396, 9693644, 4311315, 1757124)
	Index Scan using sbtest4_pkey on sbtest4  (cost=0.43..83.78 rows=10 width=121)
	  Index Cond: (id = ANY ('{2491096,3292908,3684282,4459808,7190611,9154947,6242396,9693644,4311315,1757124}'::integer[]))

table 5 : explain SELECT c FROM sbtest5 WHERE id IN ( 2491096, 3292908, 3684282, 4459808, 7190611, 9154947, 6242396, 9693644, 4311315, 1757124)
	Index Scan using sbtest5_pkey on sbtest5  (cost=0.43..83.59 rows=10 width=121)
	  Index Cond: (id = ANY ('{2491096,3292908,3684282,4459808,7190611,9154947,6242396,9693644,4311315,1757124}'::integer[]))

table 6 : explain SELECT c FROM sbtest6 WHERE id IN ( 2491096, 3292908, 3684282, 4459808, 7190611, 9154947, 6242396, 9693644, 4311315, 1757124)
	Index Scan using sbtest6_pkey on sbtest6  (cost=0.43..83.68 rows=10 width=121)
	  Index Cond: (id = ANY ('{2491096,3292908,3684282,4459808,7190611,9154947,6242396,9693644,4311315,1757124}'::integer[]))

table 7 : explain SELECT c FROM sbtest7 WHERE id IN ( 2491096, 3292908, 3684282, 4459808, 7190611, 9154947, 6242396, 9693644, 4311315, 1757124)
	Index Scan using sbtest7_pkey on sbtest7  (cost=0.43..83.62 rows=10 width=121)
	  Index Cond: (id = ANY ('{2491096,3292908,3684282,4459808,7190611,9154947,6242396,9693644,4311315,1757124}'::integer[]))

table 8 : explain SELECT c FROM sbtest8 WHERE id IN ( 2491096, 3292908, 3684282, 4459808, 7190611, 9154947, 6242396, 9693644, 4311315, 1757124)
	Index Scan using sbtest8_pkey on sbtest8  (cost=0.43..83.66 rows=10 width=121)
	  Index Cond: (id = ANY ('{2491096,3292908,3684282,4459808,7190611,9154947,6242396,9693644,4311315,1757124}'::integer[]))

for select-inlist
table 1 : explain SELECT c FROM sbtest1 WHERE id IN ( 6973054, 5876461, 2966276, 9696838, 8973768, 5857927, 1509581, 9520452, 6772849, 4441648)
	Index Scan using sbtest1_pkey on sbtest1  (cost=0.43..83.67 rows=10 width=121)
	  Index Cond: (id = ANY ('{6973054,5876461,2966276,9696838,8973768,5857927,1509581,9520452,6772849,4441648}'::integer[]))

table 2 : explain SELECT c FROM sbtest2 WHERE id IN ( 6973054, 5876461, 2966276, 9696838, 8973768, 5857927, 1509581, 9520452, 6772849, 4441648)
	Index Scan using sbtest2_pkey on sbtest2  (cost=0.43..83.64 rows=10 width=121)
	  Index Cond: (id = ANY ('{6973054,5876461,2966276,9696838,8973768,5857927,1509581,9520452,6772849,4441648}'::integer[]))

table 3 : explain SELECT c FROM sbtest3 WHERE id IN ( 6973054, 5876461, 2966276, 9696838, 8973768, 5857927, 1509581, 9520452, 6772849, 4441648)
	Index Scan using sbtest3_pkey on sbtest3  (cost=0.43..83.80 rows=10 width=121)
	  Index Cond: (id = ANY ('{6973054,5876461,2966276,9696838,8973768,5857927,1509581,9520452,6772849,4441648}'::integer[]))

table 4 : explain SELECT c FROM sbtest4 WHERE id IN ( 6973054, 5876461, 2966276, 9696838, 8973768, 5857927, 1509581, 9520452, 6772849, 4441648)
	Index Scan using sbtest4_pkey on sbtest4  (cost=0.43..83.78 rows=10 width=121)
	  Index Cond: (id = ANY ('{6973054,5876461,2966276,9696838,8973768,5857927,1509581,9520452,6772849,4441648}'::integer[]))

table 5 : explain SELECT c FROM sbtest5 WHERE id IN ( 6973054, 5876461, 2966276, 9696838, 8973768, 5857927, 1509581, 9520452, 6772849, 4441648)
	Index Scan using sbtest5_pkey on sbtest5  (cost=0.43..83.59 rows=10 width=121)
	  Index Cond: (id = ANY ('{6973054,5876461,2966276,9696838,8973768,5857927,1509581,9520452,6772849,4441648}'::integer[]))

table 6 : explain SELECT c FROM sbtest6 WHERE id IN ( 6973054, 5876461, 2966276, 9696838, 8973768, 5857927, 1509581, 9520452, 6772849, 4441648)
	Index Scan using sbtest6_pkey on sbtest6  (cost=0.43..83.68 rows=10 width=121)
	  Index Cond: (id = ANY ('{6973054,5876461,2966276,9696838,8973768,5857927,1509581,9520452,6772849,4441648}'::integer[]))

table 7 : explain SELECT c FROM sbtest7 WHERE id IN ( 6973054, 5876461, 2966276, 9696838, 8973768, 5857927, 1509581, 9520452, 6772849, 4441648)
	Index Scan using sbtest7_pkey on sbtest7  (cost=0.43..83.62 rows=10 width=121)
	  Index Cond: (id = ANY ('{6973054,5876461,2966276,9696838,8973768,5857927,1509581,9520452,6772849,4441648}'::integer[]))

table 8 : explain SELECT c FROM sbtest8 WHERE id IN ( 6973054, 5876461, 2966276, 9696838, 8973768, 5857927, 1509581, 9520452, 6772849, 4441648)
	Index Scan using sbtest8_pkey on sbtest8  (cost=0.43..83.66 rows=10 width=121)
	  Index Cond: (id = ANY ('{6973054,5876461,2966276,9696838,8973768,5857927,1509581,9520452,6772849,4441648}'::integer[]))

explain: for select-inlist :: explain SELECT c FROM sbtest%d WHERE id IN ( 3510788, 2488124, 7835947, 7557074, 2733520, 3596899, 353948, 5746258, 2776762, 2440626)
for select-inlist
table 1 : explain SELECT c FROM sbtest1 WHERE id IN ( 6687725, 5364408, 8926808, 5199201, 3592735, 4193593, 2127326, 4964434, 5792814, 9960908)
	Index Scan using sbtest1_pkey on sbtest1  (cost=0.43..83.67 rows=10 width=121)
	  Index Cond: (id = ANY ('{6687725,5364408,8926808,5199201,3592735,4193593,2127326,4964434,5792814,9960908}'::integer[]))

table 2 : explain SELECT c FROM sbtest2 WHERE id IN ( 6687725, 5364408, 8926808, 5199201, 3592735, 4193593, 2127326, 4964434, 5792814, 9960908)
	Index Scan using sbtest2_pkey on sbtest2  (cost=0.43..83.64 rows=10 width=121)
	  Index Cond: (id = ANY ('{6687725,5364408,8926808,5199201,3592735,4193593,2127326,4964434,5792814,9960908}'::integer[]))

table 3 : explain SELECT c FROM sbtest3 WHERE id IN ( 6687725, 5364408, 8926808, 5199201, 3592735, 4193593, 2127326, 4964434, 5792814, 9960908)
	Index Scan using sbtest3_pkey on sbtest3  (cost=0.43..83.80 rows=10 width=121)
	  Index Cond: (id = ANY ('{6687725,5364408,8926808,5199201,3592735,4193593,2127326,4964434,5792814,9960908}'::integer[]))

table 4 : explain SELECT c FROM sbtest4 WHERE id IN ( 6687725, 5364408, 8926808, 5199201, 3592735, 4193593, 2127326, 4964434, 5792814, 9960908)
	Index Scan using sbtest4_pkey on sbtest4  (cost=0.43..83.78 rows=10 width=121)
	  Index Cond: (id = ANY ('{6687725,5364408,8926808,5199201,3592735,4193593,2127326,4964434,5792814,9960908}'::integer[]))

table 5 : explain SELECT c FROM sbtest5 WHERE id IN ( 6687725, 5364408, 8926808, 5199201, 3592735, 4193593, 2127326, 4964434, 5792814, 9960908)
	Index Scan using sbtest5_pkey on sbtest5  (cost=0.43..83.59 rows=10 width=121)
	  Index Cond: (id = ANY ('{6687725,5364408,8926808,5199201,3592735,4193593,2127326,4964434,5792814,9960908}'::integer[]))

table 6 : explain SELECT c FROM sbtest6 WHERE id IN ( 6687725, 5364408, 8926808, 5199201, 3592735, 4193593, 2127326, 4964434, 5792814, 9960908)
	Index Scan using sbtest6_pkey on sbtest6  (cost=0.43..83.68 rows=10 width=121)
	  Index Cond: (id = ANY ('{6687725,5364408,8926808,5199201,3592735,4193593,2127326,4964434,5792814,9960908}'::integer[]))

table 7 : explain SELECT c FROM sbtest7 WHERE id IN ( 6687725, 5364408, 8926808, 5199201, 3592735, 4193593, 2127326, 4964434, 5792814, 9960908)
	Index Scan using sbtest7_pkey on sbtest7  (cost=0.43..83.62 rows=10 width=121)
	  Index Cond: (id = ANY ('{6687725,5364408,8926808,5199201,3592735,4193593,2127326,4964434,5792814,9960908}'::integer[]))

table 8 : explain SELECT c FROM sbtest8 WHERE id IN ( 6687725, 5364408, 8926808, 5199201, 3592735, 4193593, 2127326, 4964434, 5792814, 9960908)
	Index Scan using sbtest8_pkey on sbtest8  (cost=0.43..83.66 rows=10 width=121)
	  Index Cond: (id = ANY ('{6687725,5364408,8926808,5199201,3592735,4193593,2127326,4964434,5792814,9960908}'::integer[]))

explain: for select-inlist :: explain SELECT c FROM sbtest%d WHERE id IN ( 1569115, 8516238, 484143, 8625712, 4052812, 1365143, 5795704, 4696334, 4562207, 1694402)
explain: for select-inlist :: explain SELECT c FROM sbtest%d WHERE id IN ( 2665847, 3519545, 3292595, 262733, 1165904, 111881, 9347971, 9847382, 6151529, 1125069)
for select-inlist
table 1 : explain SELECT c FROM sbtest1 WHERE id IN ( 1569115, 8516238, 484143, 8625712, 4052812, 1365143, 5795704, 4696334, 4562207, 1694402)
	Index Scan using sbtest1_pkey on sbtest1  (cost=0.43..83.67 rows=10 width=121)
	  Index Cond: (id = ANY ('{1569115,8516238,484143,8625712,4052812,1365143,5795704,4696334,4562207,1694402}'::integer[]))

table 2 : explain SELECT c FROM sbtest2 WHERE id IN ( 1569115, 8516238, 484143, 8625712, 4052812, 1365143, 5795704, 4696334, 4562207, 1694402)
	Index Scan using sbtest2_pkey on sbtest2  (cost=0.43..83.64 rows=10 width=121)
	  Index Cond: (id = ANY ('{1569115,8516238,484143,8625712,4052812,1365143,5795704,4696334,4562207,1694402}'::integer[]))

table 3 : explain SELECT c FROM sbtest3 WHERE id IN ( 1569115, 8516238, 484143, 8625712, 4052812, 1365143, 5795704, 4696334, 4562207, 1694402)
	Index Scan using sbtest3_pkey on sbtest3  (cost=0.43..83.80 rows=10 width=121)
	  Index Cond: (id = ANY ('{1569115,8516238,484143,8625712,4052812,1365143,5795704,4696334,4562207,1694402}'::integer[]))

table 4 : explain SELECT c FROM sbtest4 WHERE id IN ( 1569115, 8516238, 484143, 8625712, 4052812, 1365143, 5795704, 4696334, 4562207, 1694402)
	Index Scan using sbtest4_pkey on sbtest4  (cost=0.43..83.78 rows=10 width=121)
	  Index Cond: (id = ANY ('{1569115,8516238,484143,8625712,4052812,1365143,5795704,4696334,4562207,1694402}'::integer[]))

table 5 : explain SELECT c FROM sbtest5 WHERE id IN ( 1569115, 8516238, 484143, 8625712, 4052812, 1365143, 5795704, 4696334, 4562207, 1694402)
	Index Scan using sbtest5_pkey on sbtest5  (cost=0.43..83.59 rows=10 width=121)
	  Index Cond: (id = ANY ('{1569115,8516238,484143,8625712,4052812,1365143,5795704,4696334,4562207,1694402}'::integer[]))

table 6 : explain SELECT c FROM sbtest6 WHERE id IN ( 1569115, 8516238, 484143, 8625712, 4052812, 1365143, 5795704, 4696334, 4562207, 1694402)
	Index Scan using sbtest6_pkey on sbtest6  (cost=0.43..83.68 rows=10 width=121)
	  Index Cond: (id = ANY ('{1569115,8516238,484143,8625712,4052812,1365143,5795704,4696334,4562207,1694402}'::integer[]))

table 7 : explain SELECT c FROM sbtest7 WHERE id IN ( 1569115, 8516238, 484143, 8625712, 4052812, 1365143, 5795704, 4696334, 4562207, 1694402)
	Index Scan using sbtest7_pkey on sbtest7  (cost=0.43..83.62 rows=10 width=121)
	  Index Cond: (id = ANY ('{1569115,8516238,484143,8625712,4052812,1365143,5795704,4696334,4562207,1694402}'::integer[]))

table 8 : explain SELECT c FROM sbtest8 WHERE id IN ( 1569115, 8516238, 484143, 8625712, 4052812, 1365143, 5795704, 4696334, 4562207, 1694402)
	Index Scan using sbtest8_pkey on sbtest8  (cost=0.43..83.66 rows=10 width=121)
	  Index Cond: (id = ANY ('{1569115,8516238,484143,8625712,4052812,1365143,5795704,4696334,4562207,1694402}'::integer[]))

for select-inlist
table 1 : explain SELECT c FROM sbtest1 WHERE id IN ( 2665847, 3519545, 3292595, 262733, 1165904, 111881, 9347971, 9847382, 6151529, 1125069)
	Index Scan using sbtest1_pkey on sbtest1  (cost=0.43..83.67 rows=10 width=121)
	  Index Cond: (id = ANY ('{2665847,3519545,3292595,262733,1165904,111881,9347971,9847382,6151529,1125069}'::integer[]))

table 2 : explain SELECT c FROM sbtest2 WHERE id IN ( 2665847, 3519545, 3292595, 262733, 1165904, 111881, 9347971, 9847382, 6151529, 1125069)
	Index Scan using sbtest2_pkey on sbtest2  (cost=0.43..83.64 rows=10 width=121)
	  Index Cond: (id = ANY ('{2665847,3519545,3292595,262733,1165904,111881,9347971,9847382,6151529,1125069}'::integer[]))

table 3 : explain SELECT c FROM sbtest3 WHERE id IN ( 2665847, 3519545, 3292595, 262733, 1165904, 111881, 9347971, 9847382, 6151529, 1125069)
	Index Scan using sbtest3_pkey on sbtest3  (cost=0.43..83.80 rows=10 width=121)
	  Index Cond: (id = ANY ('{2665847,3519545,3292595,262733,1165904,111881,9347971,9847382,6151529,1125069}'::integer[]))

table 4 : explain SELECT c FROM sbtest4 WHERE id IN ( 2665847, 3519545, 3292595, 262733, 1165904, 111881, 9347971, 9847382, 6151529, 1125069)
	Index Scan using sbtest4_pkey on sbtest4  (cost=0.43..83.78 rows=10 width=121)
	  Index Cond: (id = ANY ('{2665847,3519545,3292595,262733,1165904,111881,9347971,9847382,6151529,1125069}'::integer[]))

table 5 : explain SELECT c FROM sbtest5 WHERE id IN ( 2665847, 3519545, 3292595, 262733, 1165904, 111881, 9347971, 9847382, 6151529, 1125069)
	Index Scan using sbtest5_pkey on sbtest5  (cost=0.43..83.59 rows=10 width=121)
	  Index Cond: (id = ANY ('{2665847,3519545,3292595,262733,1165904,111881,9347971,9847382,6151529,1125069}'::integer[]))

table 6 : explain SELECT c FROM sbtest6 WHERE id IN ( 2665847, 3519545, 3292595, 262733, 1165904, 111881, 9347971, 9847382, 6151529, 1125069)
	Index Scan using sbtest6_pkey on sbtest6  (cost=0.43..83.68 rows=10 width=121)
	  Index Cond: (id = ANY ('{2665847,3519545,3292595,262733,1165904,111881,9347971,9847382,6151529,1125069}'::integer[]))

table 7 : explain SELECT c FROM sbtest7 WHERE id IN ( 2665847, 3519545, 3292595, 262733, 1165904, 111881, 9347971, 9847382, 6151529, 1125069)
	Index Scan using sbtest7_pkey on sbtest7  (cost=0.43..83.62 rows=10 width=121)
	  Index Cond: (id = ANY ('{2665847,3519545,3292595,262733,1165904,111881,9347971,9847382,6151529,1125069}'::integer[]))

table 8 : explain SELECT c FROM sbtest8 WHERE id IN ( 2665847, 3519545, 3292595, 262733, 1165904, 111881, 9347971, 9847382, 6151529, 1125069)
	Index Scan using sbtest8_pkey on sbtest8  (cost=0.43..83.66 rows=10 width=121)
	  Index Cond: (id = ANY ('{2665847,3519545,3292595,262733,1165904,111881,9347971,9847382,6151529,1125069}'::integer[]))

for select-inlist
table 1 : explain SELECT c FROM sbtest1 WHERE id IN ( 3510788, 2488124, 7835947, 7557074, 2733520, 3596899, 353948, 5746258, 2776762, 2440626)
	Index Scan using sbtest1_pkey on sbtest1  (cost=0.43..83.67 rows=10 width=121)
	  Index Cond: (id = ANY ('{3510788,2488124,7835947,7557074,2733520,3596899,353948,5746258,2776762,2440626}'::integer[]))

table 2 : explain SELECT c FROM sbtest2 WHERE id IN ( 3510788, 2488124, 7835947, 7557074, 2733520, 3596899, 353948, 5746258, 2776762, 2440626)
	Index Scan using sbtest2_pkey on sbtest2  (cost=0.43..83.64 rows=10 width=121)
	  Index Cond: (id = ANY ('{3510788,2488124,7835947,7557074,2733520,3596899,353948,5746258,2776762,2440626}'::integer[]))

table 3 : explain SELECT c FROM sbtest3 WHERE id IN ( 3510788, 2488124, 7835947, 7557074, 2733520, 3596899, 353948, 5746258, 2776762, 2440626)
	Index Scan using sbtest3_pkey on sbtest3  (cost=0.43..83.80 rows=10 width=121)
	  Index Cond: (id = ANY ('{3510788,2488124,7835947,7557074,2733520,3596899,353948,5746258,2776762,2440626}'::integer[]))

table 4 : explain SELECT c FROM sbtest4 WHERE id IN ( 3510788, 2488124, 7835947, 7557074, 2733520, 3596899, 353948, 5746258, 2776762, 2440626)
	Index Scan using sbtest4_pkey on sbtest4  (cost=0.43..83.78 rows=10 width=121)
	  Index Cond: (id = ANY ('{3510788,2488124,7835947,7557074,2733520,3596899,353948,5746258,2776762,2440626}'::integer[]))

table 5 : explain SELECT c FROM sbtest5 WHERE id IN ( 3510788, 2488124, 7835947, 7557074, 2733520, 3596899, 353948, 5746258, 2776762, 2440626)
	Index Scan using sbtest5_pkey on sbtest5  (cost=0.43..83.59 rows=10 width=121)
	  Index Cond: (id = ANY ('{3510788,2488124,7835947,7557074,2733520,3596899,353948,5746258,2776762,2440626}'::integer[]))

table 6 : explain SELECT c FROM sbtest6 WHERE id IN ( 3510788, 2488124, 7835947, 7557074, 2733520, 3596899, 353948, 5746258, 2776762, 2440626)
	Index Scan using sbtest6_pkey on sbtest6  (cost=0.43..83.68 rows=10 width=121)
	  Index Cond: (id = ANY ('{3510788,2488124,7835947,7557074,2733520,3596899,353948,5746258,2776762,2440626}'::integer[]))

table 7 : explain SELECT c FROM sbtest7 WHERE id IN ( 3510788, 2488124, 7835947, 7557074, 2733520, 3596899, 353948, 5746258, 2776762, 2440626)
	Index Scan using sbtest7_pkey on sbtest7  (cost=0.43..83.62 rows=10 width=121)
	  Index Cond: (id = ANY ('{3510788,2488124,7835947,7557074,2733520,3596899,353948,5746258,2776762,2440626}'::integer[]))

table 8 : explain SELECT c FROM sbtest8 WHERE id IN ( 3510788, 2488124, 7835947, 7557074, 2733520, 3596899, 353948, 5746258, 2776762, 2440626)
	Index Scan using sbtest8_pkey on sbtest8  (cost=0.43..83.66 rows=10 width=121)
	  Index Cond: (id = ANY ('{3510788,2488124,7835947,7557074,2733520,3596899,353948,5746258,2776762,2440626}'::integer[]))

explain: for select-inlist :: explain SELECT c FROM sbtest%d WHERE id IN ( 2646587, 7306711, 6642787, 8766566, 3017180, 7328703, 8272454, 9349653, 6111901, 9764441)
explain: for select-inlist :: explain SELECT c FROM sbtest%d WHERE id IN ( 7995221, 8840567, 7996027, 571837, 2617873, 1101207, 4878701, 2827498, 9801499, 1650783)
explain: for select-inlist :: explain SELECT c FROM sbtest%d WHERE id IN ( 8555638, 8846601, 4082259, 3799454, 9229275, 6073982, 6861248, 8664527, 5081804, 589602)
for select-inlist
table 1 : explain SELECT c FROM sbtest1 WHERE id IN ( 2646587, 7306711, 6642787, 8766566, 3017180, 7328703, 8272454, 9349653, 6111901, 9764441)
	Index Scan using sbtest1_pkey on sbtest1  (cost=0.43..83.67 rows=10 width=121)
	  Index Cond: (id = ANY ('{2646587,7306711,6642787,8766566,3017180,7328703,8272454,9349653,6111901,9764441}'::integer[]))

table 2 : explain SELECT c FROM sbtest2 WHERE id IN ( 2646587, 7306711, 6642787, 8766566, 3017180, 7328703, 8272454, 9349653, 6111901, 9764441)
	Index Scan using sbtest2_pkey on sbtest2  (cost=0.43..83.64 rows=10 width=121)
	  Index Cond: (id = ANY ('{2646587,7306711,6642787,8766566,3017180,7328703,8272454,9349653,6111901,9764441}'::integer[]))

table 3 : explain SELECT c FROM sbtest3 WHERE id IN ( 2646587, 7306711, 6642787, 8766566, 3017180, 7328703, 8272454, 9349653, 6111901, 9764441)
	Index Scan using sbtest3_pkey on sbtest3  (cost=0.43..83.80 rows=10 width=121)
	  Index Cond: (id = ANY ('{2646587,7306711,6642787,8766566,3017180,7328703,8272454,9349653,6111901,9764441}'::integer[]))

table 4 : explain SELECT c FROM sbtest4 WHERE id IN ( 2646587, 7306711, 6642787, 8766566, 3017180, 7328703, 8272454, 9349653, 6111901, 9764441)
	Index Scan using sbtest4_pkey on sbtest4  (cost=0.43..83.78 rows=10 width=121)
	  Index Cond: (id = ANY ('{2646587,7306711,6642787,8766566,3017180,7328703,8272454,9349653,6111901,9764441}'::integer[]))

table 5 : explain SELECT c FROM sbtest5 WHERE id IN ( 2646587, 7306711, 6642787, 8766566, 3017180, 7328703, 8272454, 9349653, 6111901, 9764441)
	Index Scan using sbtest5_pkey on sbtest5  (cost=0.43..83.59 rows=10 width=121)
	  Index Cond: (id = ANY ('{2646587,7306711,6642787,8766566,3017180,7328703,8272454,9349653,6111901,9764441}'::integer[]))

table 6 : explain SELECT c FROM sbtest6 WHERE id IN ( 2646587, 7306711, 6642787, 8766566, 3017180, 7328703, 8272454, 9349653, 6111901, 9764441)
	Index Scan using sbtest6_pkey on sbtest6  (cost=0.43..83.68 rows=10 width=121)
	  Index Cond: (id = ANY ('{2646587,7306711,6642787,8766566,3017180,7328703,8272454,9349653,6111901,9764441}'::integer[]))

table 7 : explain SELECT c FROM sbtest7 WHERE id IN ( 2646587, 7306711, 6642787, 8766566, 3017180, 7328703, 8272454, 9349653, 6111901, 9764441)
	Index Scan using sbtest7_pkey on sbtest7  (cost=0.43..83.62 rows=10 width=121)
	  Index Cond: (id = ANY ('{2646587,7306711,6642787,8766566,3017180,7328703,8272454,9349653,6111901,9764441}'::integer[]))

table 8 : explain SELECT c FROM sbtest8 WHERE id IN ( 2646587, 7306711, 6642787, 8766566, 3017180, 7328703, 8272454, 9349653, 6111901, 9764441)
	Index Scan using sbtest8_pkey on sbtest8  (cost=0.43..83.66 rows=10 width=121)
	  Index Cond: (id = ANY ('{2646587,7306711,6642787,8766566,3017180,7328703,8272454,9349653,6111901,9764441}'::integer[]))

explain: for select-inlist :: explain SELECT c FROM sbtest%d WHERE id IN ( 7468900, 5135086, 4805481, 299715, 9373497, 788449, 6350194, 5054975, 3691762, 3876136)
explain: for select-inlist :: explain SELECT c FROM sbtest%d WHERE id IN ( 7532871, 4661606, 8942383, 718591, 5436444, 3391286, 8323527, 2937840, 2688654, 3057552)
explain: for select-inlist :: explain SELECT c FROM sbtest%d WHERE id IN ( 2734164, 2778167, 9822540, 8244416, 9165746, 3619185, 6907386, 2781313, 9804205, 63869)
explain: for select-inlist :: explain SELECT c FROM sbtest%d WHERE id IN ( 7366128, 8854657, 5428248, 2834738, 3640436, 457440, 8648305, 4544092, 6110501, 2111755)
explain: for select-inlist :: explain SELECT c FROM sbtest%d WHERE id IN ( 5481566, 6678622, 6298395, 4424146, 9851833, 5709635, 8006907, 7193912, 3604287, 3237647)
explain: for select-inlist :: explain SELECT c FROM sbtest%d WHERE id IN ( 9539526, 1515234, 6208539, 1667243, 7355588, 5582703, 2994574, 5531340, 6257031, 3811671)
for select-inlist
table 1 : explain SELECT c FROM sbtest1 WHERE id IN ( 7532871, 4661606, 8942383, 718591, 5436444, 3391286, 8323527, 2937840, 2688654, 3057552)
	Index Scan using sbtest1_pkey on sbtest1  (cost=0.43..83.67 rows=10 width=121)
	  Index Cond: (id = ANY ('{7532871,4661606,8942383,718591,5436444,3391286,8323527,2937840,2688654,3057552}'::integer[]))

table 2 : explain SELECT c FROM sbtest2 WHERE id IN ( 7532871, 4661606, 8942383, 718591, 5436444, 3391286, 8323527, 2937840, 2688654, 3057552)
	Index Scan using sbtest2_pkey on sbtest2  (cost=0.43..83.64 rows=10 width=121)
	  Index Cond: (id = ANY ('{7532871,4661606,8942383,718591,5436444,3391286,8323527,2937840,2688654,3057552}'::integer[]))

table 3 : explain SELECT c FROM sbtest3 WHERE id IN ( 7532871, 4661606, 8942383, 718591, 5436444, 3391286, 8323527, 2937840, 2688654, 3057552)
	Index Scan using sbtest3_pkey on sbtest3  (cost=0.43..83.80 rows=10 width=121)
	  Index Cond: (id = ANY ('{7532871,4661606,8942383,718591,5436444,3391286,8323527,2937840,2688654,3057552}'::integer[]))

table 4 : explain SELECT c FROM sbtest4 WHERE id IN ( 7532871, 4661606, 8942383, 718591, 5436444, 3391286, 8323527, 2937840, 2688654, 3057552)
	Index Scan using sbtest4_pkey on sbtest4  (cost=0.43..83.78 rows=10 width=121)
	  Index Cond: (id = ANY ('{7532871,4661606,8942383,718591,5436444,3391286,8323527,2937840,2688654,3057552}'::integer[]))

table 5 : explain SELECT c FROM sbtest5 WHERE id IN ( 7532871, 4661606, 8942383, 718591, 5436444, 3391286, 8323527, 2937840, 2688654, 3057552)
	Index Scan using sbtest5_pkey on sbtest5  (cost=0.43..83.59 rows=10 width=121)
	  Index Cond: (id = ANY ('{7532871,4661606,8942383,718591,5436444,3391286,8323527,2937840,2688654,3057552}'::integer[]))

table 6 : explain SELECT c FROM sbtest6 WHERE id IN ( 7532871, 4661606, 8942383, 718591, 5436444, 3391286, 8323527, 2937840, 2688654, 3057552)
	Index Scan using sbtest6_pkey on sbtest6  (cost=0.43..83.68 rows=10 width=121)
	  Index Cond: (id = ANY ('{7532871,4661606,8942383,718591,5436444,3391286,8323527,2937840,2688654,3057552}'::integer[]))

table 7 : explain SELECT c FROM sbtest7 WHERE id IN ( 7532871, 4661606, 8942383, 718591, 5436444, 3391286, 8323527, 2937840, 2688654, 3057552)
	Index Scan using sbtest7_pkey on sbtest7  (cost=0.43..83.62 rows=10 width=121)
	  Index Cond: (id = ANY ('{7532871,4661606,8942383,718591,5436444,3391286,8323527,2937840,2688654,3057552}'::integer[]))

table 8 : explain SELECT c FROM sbtest8 WHERE id IN ( 7532871, 4661606, 8942383, 718591, 5436444, 3391286, 8323527, 2937840, 2688654, 3057552)
	Index Scan using sbtest8_pkey on sbtest8  (cost=0.43..83.66 rows=10 width=121)
	  Index Cond: (id = ANY ('{7532871,4661606,8942383,718591,5436444,3391286,8323527,2937840,2688654,3057552}'::integer[]))

explain: for select-inlist :: explain SELECT c FROM sbtest%d WHERE id IN ( 9252227, 1661183, 4470315, 7407933, 3400077, 1756295, 3637072, 8720590, 1846689, 7843395)
for select-inlist
table 1 : explain SELECT c FROM sbtest1 WHERE id IN ( 7366128, 8854657, 5428248, 2834738, 3640436, 457440, 8648305, 4544092, 6110501, 2111755)
	Index Scan using sbtest1_pkey on sbtest1  (cost=0.43..83.67 rows=10 width=121)
	  Index Cond: (id = ANY ('{7366128,8854657,5428248,2834738,3640436,457440,8648305,4544092,6110501,2111755}'::integer[]))

table 2 : explain SELECT c FROM sbtest2 WHERE id IN ( 7366128, 8854657, 5428248, 2834738, 3640436, 457440, 8648305, 4544092, 6110501, 2111755)
	Index Scan using sbtest2_pkey on sbtest2  (cost=0.43..83.64 rows=10 width=121)
	  Index Cond: (id = ANY ('{7366128,8854657,5428248,2834738,3640436,457440,8648305,4544092,6110501,2111755}'::integer[]))

table 3 : explain SELECT c FROM sbtest3 WHERE id IN ( 7366128, 8854657, 5428248, 2834738, 3640436, 457440, 8648305, 4544092, 6110501, 2111755)
	Index Scan using sbtest3_pkey on sbtest3  (cost=0.43..83.80 rows=10 width=121)
	  Index Cond: (id = ANY ('{7366128,8854657,5428248,2834738,3640436,457440,8648305,4544092,6110501,2111755}'::integer[]))

table 4 : explain SELECT c FROM sbtest4 WHERE id IN ( 7366128, 8854657, 5428248, 2834738, 3640436, 457440, 8648305, 4544092, 6110501, 2111755)
	Index Scan using sbtest4_pkey on sbtest4  (cost=0.43..83.78 rows=10 width=121)
	  Index Cond: (id = ANY ('{7366128,8854657,5428248,2834738,3640436,457440,8648305,4544092,6110501,2111755}'::integer[]))

table 5 : explain SELECT c FROM sbtest5 WHERE id IN ( 7366128, 8854657, 5428248, 2834738, 3640436, 457440, 8648305, 4544092, 6110501, 2111755)
	Index Scan using sbtest5_pkey on sbtest5  (cost=0.43..83.59 rows=10 width=121)
	  Index Cond: (id = ANY ('{7366128,8854657,5428248,2834738,3640436,457440,8648305,4544092,6110501,2111755}'::integer[]))

table 6 : explain SELECT c FROM sbtest6 WHERE id IN ( 7366128, 8854657, 5428248, 2834738, 3640436, 457440, 8648305, 4544092, 6110501, 2111755)
	Index Scan using sbtest6_pkey on sbtest6  (cost=0.43..83.68 rows=10 width=121)
	  Index Cond: (id = ANY ('{7366128,8854657,5428248,2834738,3640436,457440,8648305,4544092,6110501,2111755}'::integer[]))

table 7 : explain SELECT c FROM sbtest7 WHERE id IN ( 7366128, 8854657, 5428248, 2834738, 3640436, 457440, 8648305, 4544092, 6110501, 2111755)
	Index Scan using sbtest7_pkey on sbtest7  (cost=0.43..83.62 rows=10 width=121)
	  Index Cond: (id = ANY ('{7366128,8854657,5428248,2834738,3640436,457440,8648305,4544092,6110501,2111755}'::integer[]))

table 8 : explain SELECT c FROM sbtest8 WHERE id IN ( 7366128, 8854657, 5428248, 2834738, 3640436, 457440, 8648305, 4544092, 6110501, 2111755)
	Index Scan using sbtest8_pkey on sbtest8  (cost=0.43..83.66 rows=10 width=121)
	  Index Cond: (id = ANY ('{7366128,8854657,5428248,2834738,3640436,457440,8648305,4544092,6110501,2111755}'::integer[]))

for select-inlist
table 1 : explain SELECT c FROM sbtest1 WHERE id IN ( 5481566, 6678622, 6298395, 4424146, 9851833, 5709635, 8006907, 7193912, 3604287, 3237647)
	Index Scan using sbtest1_pkey on sbtest1  (cost=0.43..83.67 rows=10 width=121)
	  Index Cond: (id = ANY ('{5481566,6678622,6298395,4424146,9851833,5709635,8006907,7193912,3604287,3237647}'::integer[]))

table 2 : explain SELECT c FROM sbtest2 WHERE id IN ( 5481566, 6678622, 6298395, 4424146, 9851833, 5709635, 8006907, 7193912, 3604287, 3237647)
	Index Scan using sbtest2_pkey on sbtest2  (cost=0.43..83.64 rows=10 width=121)
	  Index Cond: (id = ANY ('{5481566,6678622,6298395,4424146,9851833,5709635,8006907,7193912,3604287,3237647}'::integer[]))

table 3 : explain SELECT c FROM sbtest3 WHERE id IN ( 5481566, 6678622, 6298395, 4424146, 9851833, 5709635, 8006907, 7193912, 3604287, 3237647)
	Index Scan using sbtest3_pkey on sbtest3  (cost=0.43..83.80 rows=10 width=121)
	  Index Cond: (id = ANY ('{5481566,6678622,6298395,4424146,9851833,5709635,8006907,7193912,3604287,3237647}'::integer[]))

table 4 : explain SELECT c FROM sbtest4 WHERE id IN ( 5481566, 6678622, 6298395, 4424146, 9851833, 5709635, 8006907, 7193912, 3604287, 3237647)
	Index Scan using sbtest4_pkey on sbtest4  (cost=0.43..83.78 rows=10 width=121)
	  Index Cond: (id = ANY ('{5481566,6678622,6298395,4424146,9851833,5709635,8006907,7193912,3604287,3237647}'::integer[]))

table 5 : explain SELECT c FROM sbtest5 WHERE id IN ( 5481566, 6678622, 6298395, 4424146, 9851833, 5709635, 8006907, 7193912, 3604287, 3237647)
	Index Scan using sbtest5_pkey on sbtest5  (cost=0.43..83.59 rows=10 width=121)
	  Index Cond: (id = ANY ('{5481566,6678622,6298395,4424146,9851833,5709635,8006907,7193912,3604287,3237647}'::integer[]))

table 6 : explain SELECT c FROM sbtest6 WHERE id IN ( 5481566, 6678622, 6298395, 4424146, 9851833, 5709635, 8006907, 7193912, 3604287, 3237647)
	Index Scan using sbtest6_pkey on sbtest6  (cost=0.43..83.68 rows=10 width=121)
	  Index Cond: (id = ANY ('{5481566,6678622,6298395,4424146,9851833,5709635,8006907,7193912,3604287,3237647}'::integer[]))

table 7 : explain SELECT c FROM sbtest7 WHERE id IN ( 5481566, 6678622, 6298395, 4424146, 9851833, 5709635, 8006907, 7193912, 3604287, 3237647)
	Index Scan using sbtest7_pkey on sbtest7  (cost=0.43..83.62 rows=10 width=121)
	  Index Cond: (id = ANY ('{5481566,6678622,6298395,4424146,9851833,5709635,8006907,7193912,3604287,3237647}'::integer[]))

table 8 : explain SELECT c FROM sbtest8 WHERE id IN ( 5481566, 6678622, 6298395, 4424146, 9851833, 5709635, 8006907, 7193912, 3604287, 3237647)
	Index Scan using sbtest8_pkey on sbtest8  (cost=0.43..83.66 rows=10 width=121)
	  Index Cond: (id = ANY ('{5481566,6678622,6298395,4424146,9851833,5709635,8006907,7193912,3604287,3237647}'::integer[]))

for select-inlist
table 1 : explain SELECT c FROM sbtest1 WHERE id IN ( 7468900, 5135086, 4805481, 299715, 9373497, 788449, 6350194, 5054975, 3691762, 3876136)
	Index Scan using sbtest1_pkey on sbtest1  (cost=0.43..83.67 rows=10 width=121)
	  Index Cond: (id = ANY ('{7468900,5135086,4805481,299715,9373497,788449,6350194,5054975,3691762,3876136}'::integer[]))

table 2 : explain SELECT c FROM sbtest2 WHERE id IN ( 7468900, 5135086, 4805481, 299715, 9373497, 788449, 6350194, 5054975, 3691762, 3876136)
	Index Scan using sbtest2_pkey on sbtest2  (cost=0.43..83.64 rows=10 width=121)
	  Index Cond: (id = ANY ('{7468900,5135086,4805481,299715,9373497,788449,6350194,5054975,3691762,3876136}'::integer[]))

table 3 : explain SELECT c FROM sbtest3 WHERE id IN ( 7468900, 5135086, 4805481, 299715, 9373497, 788449, 6350194, 5054975, 3691762, 3876136)
	Index Scan using sbtest3_pkey on sbtest3  (cost=0.43..83.80 rows=10 width=121)
	  Index Cond: (id = ANY ('{7468900,5135086,4805481,299715,9373497,788449,6350194,5054975,3691762,3876136}'::integer[]))

table 4 : explain SELECT c FROM sbtest4 WHERE id IN ( 7468900, 5135086, 4805481, 299715, 9373497, 788449, 6350194, 5054975, 3691762, 3876136)
	Index Scan using sbtest4_pkey on sbtest4  (cost=0.43..83.78 rows=10 width=121)
	  Index Cond: (id = ANY ('{7468900,5135086,4805481,299715,9373497,788449,6350194,5054975,3691762,3876136}'::integer[]))

table 5 : explain SELECT c FROM sbtest5 WHERE id IN ( 7468900, 5135086, 4805481, 299715, 9373497, 788449, 6350194, 5054975, 3691762, 3876136)
	Index Scan using sbtest5_pkey on sbtest5  (cost=0.43..83.59 rows=10 width=121)
	  Index Cond: (id = ANY ('{7468900,5135086,4805481,299715,9373497,788449,6350194,5054975,3691762,3876136}'::integer[]))

table 6 : explain SELECT c FROM sbtest6 WHERE id IN ( 7468900, 5135086, 4805481, 299715, 9373497, 788449, 6350194, 5054975, 3691762, 3876136)
	Index Scan using sbtest6_pkey on sbtest6  (cost=0.43..83.68 rows=10 width=121)
	  Index Cond: (id = ANY ('{7468900,5135086,4805481,299715,9373497,788449,6350194,5054975,3691762,3876136}'::integer[]))

table 7 : explain SELECT c FROM sbtest7 WHERE id IN ( 7468900, 5135086, 4805481, 299715, 9373497, 788449, 6350194, 5054975, 3691762, 3876136)
	Index Scan using sbtest7_pkey on sbtest7  (cost=0.43..83.62 rows=10 width=121)
	  Index Cond: (id = ANY ('{7468900,5135086,4805481,299715,9373497,788449,6350194,5054975,3691762,3876136}'::integer[]))

table 8 : explain SELECT c FROM sbtest8 WHERE id IN ( 7468900, 5135086, 4805481, 299715, 9373497, 788449, 6350194, 5054975, 3691762, 3876136)
	Index Scan using sbtest8_pkey on sbtest8  (cost=0.43..83.66 rows=10 width=121)
	  Index Cond: (id = ANY ('{7468900,5135086,4805481,299715,9373497,788449,6350194,5054975,3691762,3876136}'::integer[]))

for select-inlist
table 1 : explain SELECT c FROM sbtest1 WHERE id IN ( 9539526, 1515234, 6208539, 1667243, 7355588, 5582703, 2994574, 5531340, 6257031, 3811671)
	Index Scan using sbtest1_pkey on sbtest1  (cost=0.43..83.67 rows=10 width=121)
	  Index Cond: (id = ANY ('{9539526,1515234,6208539,1667243,7355588,5582703,2994574,5531340,6257031,3811671}'::integer[]))

table 2 : explain SELECT c FROM sbtest2 WHERE id IN ( 9539526, 1515234, 6208539, 1667243, 7355588, 5582703, 2994574, 5531340, 6257031, 3811671)
	Index Scan using sbtest2_pkey on sbtest2  (cost=0.43..83.64 rows=10 width=121)
	  Index Cond: (id = ANY ('{9539526,1515234,6208539,1667243,7355588,5582703,2994574,5531340,6257031,3811671}'::integer[]))

table 3 : explain SELECT c FROM sbtest3 WHERE id IN ( 9539526, 1515234, 6208539, 1667243, 7355588, 5582703, 2994574, 5531340, 6257031, 3811671)
	Index Scan using sbtest3_pkey on sbtest3  (cost=0.43..83.80 rows=10 width=121)
	  Index Cond: (id = ANY ('{9539526,1515234,6208539,1667243,7355588,5582703,2994574,5531340,6257031,3811671}'::integer[]))

table 4 : explain SELECT c FROM sbtest4 WHERE id IN ( 9539526, 1515234, 6208539, 1667243, 7355588, 5582703, 2994574, 5531340, 6257031, 3811671)
	Index Scan using sbtest4_pkey on sbtest4  (cost=0.43..83.78 rows=10 width=121)
	  Index Cond: (id = ANY ('{9539526,1515234,6208539,1667243,7355588,5582703,2994574,5531340,6257031,3811671}'::integer[]))

table 5 : explain SELECT c FROM sbtest5 WHERE id IN ( 9539526, 1515234, 6208539, 1667243, 7355588, 5582703, 2994574, 5531340, 6257031, 3811671)
	Index Scan using sbtest5_pkey on sbtest5  (cost=0.43..83.59 rows=10 width=121)
	  Index Cond: (id = ANY ('{9539526,1515234,6208539,1667243,7355588,5582703,2994574,5531340,6257031,3811671}'::integer[]))

table 6 : explain SELECT c FROM sbtest6 WHERE id IN ( 9539526, 1515234, 6208539, 1667243, 7355588, 5582703, 2994574, 5531340, 6257031, 3811671)
	Index Scan using sbtest6_pkey on sbtest6  (cost=0.43..83.68 rows=10 width=121)
	  Index Cond: (id = ANY ('{9539526,1515234,6208539,1667243,7355588,5582703,2994574,5531340,6257031,3811671}'::integer[]))

table 7 : explain SELECT c FROM sbtest7 WHERE id IN ( 9539526, 1515234, 6208539, 1667243, 7355588, 5582703, 2994574, 5531340, 6257031, 3811671)
	Index Scan using sbtest7_pkey on sbtest7  (cost=0.43..83.62 rows=10 width=121)
	  Index Cond: (id = ANY ('{9539526,1515234,6208539,1667243,7355588,5582703,2994574,5531340,6257031,3811671}'::integer[]))

table 8 : explain SELECT c FROM sbtest8 WHERE id IN ( 9539526, 1515234, 6208539, 1667243, 7355588, 5582703, 2994574, 5531340, 6257031, 3811671)
	Index Scan using sbtest8_pkey on sbtest8  (cost=0.43..83.66 rows=10 width=121)
	  Index Cond: (id = ANY ('{9539526,1515234,6208539,1667243,7355588,5582703,2994574,5531340,6257031,3811671}'::integer[]))

explain: for select-inlist :: explain SELECT c FROM sbtest%d WHERE id IN ( 1830076, 230246, 8507963, 3413047, 2361393, 6850003, 6425809, 1447852, 7669315, 3815938)
explain: for select-inlist :: explain SELECT c FROM sbtest%d WHERE id IN ( 480407, 4707582, 4143012, 3155865, 7289840, 7258712, 5844574, 7289082, 9077054, 1339688)
explain: for select-inlist :: explain SELECT c FROM sbtest%d WHERE id IN ( 2601007, 2232244, 555174, 409616, 1100291, 4777529, 7593173, 5049417, 4252346, 8747262)
for select-inlist
table 1 : explain SELECT c FROM sbtest1 WHERE id IN ( 9252227, 1661183, 4470315, 7407933, 3400077, 1756295, 3637072, 8720590, 1846689, 7843395)
	Index Scan using sbtest1_pkey on sbtest1  (cost=0.43..83.67 rows=10 width=121)
	  Index Cond: (id = ANY ('{9252227,1661183,4470315,7407933,3400077,1756295,3637072,8720590,1846689,7843395}'::integer[]))

table 2 : explain SELECT c FROM sbtest2 WHERE id IN ( 9252227, 1661183, 4470315, 7407933, 3400077, 1756295, 3637072, 8720590, 1846689, 7843395)
	Index Scan using sbtest2_pkey on sbtest2  (cost=0.43..83.64 rows=10 width=121)
	  Index Cond: (id = ANY ('{9252227,1661183,4470315,7407933,3400077,1756295,3637072,8720590,1846689,7843395}'::integer[]))

table 3 : explain SELECT c FROM sbtest3 WHERE id IN ( 9252227, 1661183, 4470315, 7407933, 3400077, 1756295, 3637072, 8720590, 1846689, 7843395)
	Index Scan using sbtest3_pkey on sbtest3  (cost=0.43..83.80 rows=10 width=121)
	  Index Cond: (id = ANY ('{9252227,1661183,4470315,7407933,3400077,1756295,3637072,8720590,1846689,7843395}'::integer[]))

table 4 : explain SELECT c FROM sbtest4 WHERE id IN ( 9252227, 1661183, 4470315, 7407933, 3400077, 1756295, 3637072, 8720590, 1846689, 7843395)
	Index Scan using sbtest4_pkey on sbtest4  (cost=0.43..83.78 rows=10 width=121)
	  Index Cond: (id = ANY ('{9252227,1661183,4470315,7407933,3400077,1756295,3637072,8720590,1846689,7843395}'::integer[]))

table 5 : explain SELECT c FROM sbtest5 WHERE id IN ( 9252227, 1661183, 4470315, 7407933, 3400077, 1756295, 3637072, 8720590, 1846689, 7843395)
	Index Scan using sbtest5_pkey on sbtest5  (cost=0.43..83.59 rows=10 width=121)
	  Index Cond: (id = ANY ('{9252227,1661183,4470315,7407933,3400077,1756295,3637072,8720590,1846689,7843395}'::integer[]))

table 6 : explain SELECT c FROM sbtest6 WHERE id IN ( 9252227, 1661183, 4470315, 7407933, 3400077, 1756295, 3637072, 8720590, 1846689, 7843395)
	Index Scan using sbtest6_pkey on sbtest6  (cost=0.43..83.68 rows=10 width=121)
	  Index Cond: (id = ANY ('{9252227,1661183,4470315,7407933,3400077,1756295,3637072,8720590,1846689,7843395}'::integer[]))

table 7 : explain SELECT c FROM sbtest7 WHERE id IN ( 9252227, 1661183, 4470315, 7407933, 3400077, 1756295, 3637072, 8720590, 1846689, 7843395)
	Index Scan using sbtest7_pkey on sbtest7  (cost=0.43..83.62 rows=10 width=121)
	  Index Cond: (id = ANY ('{9252227,1661183,4470315,7407933,3400077,1756295,3637072,8720590,1846689,7843395}'::integer[]))

table 8 : explain SELECT c FROM sbtest8 WHERE id IN ( 9252227, 1661183, 4470315, 7407933, 3400077, 1756295, 3637072, 8720590, 1846689, 7843395)
	Index Scan using sbtest8_pkey on sbtest8  (cost=0.43..83.66 rows=10 width=121)
	  Index Cond: (id = ANY ('{9252227,1661183,4470315,7407933,3400077,1756295,3637072,8720590,1846689,7843395}'::integer[]))

explain: for select-inlist :: explain SELECT c FROM sbtest%d WHERE id IN ( 8876336, 5301393, 8361555, 1374618, 8283601, 2137005, 7555417, 4955167, 6058412, 1445926)
explain: for select-inlist :: explain SELECT c FROM sbtest%d WHERE id IN ( 1472562, 9061778, 8203906, 388892, 2000428, 9626035, 4441189, 6188044, 6118951, 9089894)
for select-inlist
table 1 : explain SELECT c FROM sbtest1 WHERE id IN ( 7995221, 8840567, 7996027, 571837, 2617873, 1101207, 4878701, 2827498, 9801499, 1650783)
	Index Scan using sbtest1_pkey on sbtest1  (cost=0.43..83.67 rows=10 width=121)
	  Index Cond: (id = ANY ('{7995221,8840567,7996027,571837,2617873,1101207,4878701,2827498,9801499,1650783}'::integer[]))

table 2 : explain SELECT c FROM sbtest2 WHERE id IN ( 7995221, 8840567, 7996027, 571837, 2617873, 1101207, 4878701, 2827498, 9801499, 1650783)
	Index Scan using sbtest2_pkey on sbtest2  (cost=0.43..83.64 rows=10 width=121)
	  Index Cond: (id = ANY ('{7995221,8840567,7996027,571837,2617873,1101207,4878701,2827498,9801499,1650783}'::integer[]))

table 3 : explain SELECT c FROM sbtest3 WHERE id IN ( 7995221, 8840567, 7996027, 571837, 2617873, 1101207, 4878701, 2827498, 9801499, 1650783)
	Index Scan using sbtest3_pkey on sbtest3  (cost=0.43..83.80 rows=10 width=121)
	  Index Cond: (id = ANY ('{7995221,8840567,7996027,571837,2617873,1101207,4878701,2827498,9801499,1650783}'::integer[]))

table 4 : explain SELECT c FROM sbtest4 WHERE id IN ( 7995221, 8840567, 7996027, 571837, 2617873, 1101207, 4878701, 2827498, 9801499, 1650783)
	Index Scan using sbtest4_pkey on sbtest4  (cost=0.43..83.78 rows=10 width=121)
	  Index Cond: (id = ANY ('{7995221,8840567,7996027,571837,2617873,1101207,4878701,2827498,9801499,1650783}'::integer[]))

table 5 : explain SELECT c FROM sbtest5 WHERE id IN ( 7995221, 8840567, 7996027, 571837, 2617873, 1101207, 4878701, 2827498, 9801499, 1650783)
	Index Scan using sbtest5_pkey on sbtest5  (cost=0.43..83.59 rows=10 width=121)
	  Index Cond: (id = ANY ('{7995221,8840567,7996027,571837,2617873,1101207,4878701,2827498,9801499,1650783}'::integer[]))

table 6 : explain SELECT c FROM sbtest6 WHERE id IN ( 7995221, 8840567, 7996027, 571837, 2617873, 1101207, 4878701, 2827498, 9801499, 1650783)
	Index Scan using sbtest6_pkey on sbtest6  (cost=0.43..83.68 rows=10 width=121)
	  Index Cond: (id = ANY ('{7995221,8840567,7996027,571837,2617873,1101207,4878701,2827498,9801499,1650783}'::integer[]))

table 7 : explain SELECT c FROM sbtest7 WHERE id IN ( 7995221, 8840567, 7996027, 571837, 2617873, 1101207, 4878701, 2827498, 9801499, 1650783)
	Index Scan using sbtest7_pkey on sbtest7  (cost=0.43..83.62 rows=10 width=121)
	  Index Cond: (id = ANY ('{7995221,8840567,7996027,571837,2617873,1101207,4878701,2827498,9801499,1650783}'::integer[]))

table 8 : explain SELECT c FROM sbtest8 WHERE id IN ( 7995221, 8840567, 7996027, 571837, 2617873, 1101207, 4878701, 2827498, 9801499, 1650783)
	Index Scan using sbtest8_pkey on sbtest8  (cost=0.43..83.66 rows=10 width=121)
	  Index Cond: (id = ANY ('{7995221,8840567,7996027,571837,2617873,1101207,4878701,2827498,9801499,1650783}'::integer[]))

explain: for select-inlist :: explain SELECT c FROM sbtest%d WHERE id IN ( 5973242, 8129598, 7525086, 4231331, 7520513, 3744701, 8911898, 1755062, 631380, 9892468)
for select-inlist
table 1 : explain SELECT c FROM sbtest1 WHERE id IN ( 1830076, 230246, 8507963, 3413047, 2361393, 6850003, 6425809, 1447852, 7669315, 3815938)
	Index Scan using sbtest1_pkey on sbtest1  (cost=0.43..83.67 rows=10 width=121)
	  Index Cond: (id = ANY ('{1830076,230246,8507963,3413047,2361393,6850003,6425809,1447852,7669315,3815938}'::integer[]))

table 2 : explain SELECT c FROM sbtest2 WHERE id IN ( 1830076, 230246, 8507963, 3413047, 2361393, 6850003, 6425809, 1447852, 7669315, 3815938)
	Index Scan using sbtest2_pkey on sbtest2  (cost=0.43..83.64 rows=10 width=121)
	  Index Cond: (id = ANY ('{1830076,230246,8507963,3413047,2361393,6850003,6425809,1447852,7669315,3815938}'::integer[]))

table 3 : explain SELECT c FROM sbtest3 WHERE id IN ( 1830076, 230246, 8507963, 3413047, 2361393, 6850003, 6425809, 1447852, 7669315, 3815938)
	Index Scan using sbtest3_pkey on sbtest3  (cost=0.43..83.80 rows=10 width=121)
	  Index Cond: (id = ANY ('{1830076,230246,8507963,3413047,2361393,6850003,6425809,1447852,7669315,3815938}'::integer[]))

table 4 : explain SELECT c FROM sbtest4 WHERE id IN ( 1830076, 230246, 8507963, 3413047, 2361393, 6850003, 6425809, 1447852, 7669315, 3815938)
	Index Scan using sbtest4_pkey on sbtest4  (cost=0.43..83.78 rows=10 width=121)
	  Index Cond: (id = ANY ('{1830076,230246,8507963,3413047,2361393,6850003,6425809,1447852,7669315,3815938}'::integer[]))

table 5 : explain SELECT c FROM sbtest5 WHERE id IN ( 1830076, 230246, 8507963, 3413047, 2361393, 6850003, 6425809, 1447852, 7669315, 3815938)
	Index Scan using sbtest5_pkey on sbtest5  (cost=0.43..83.59 rows=10 width=121)
	  Index Cond: (id = ANY ('{1830076,230246,8507963,3413047,2361393,6850003,6425809,1447852,7669315,3815938}'::integer[]))

table 6 : explain SELECT c FROM sbtest6 WHERE id IN ( 1830076, 230246, 8507963, 3413047, 2361393, 6850003, 6425809, 1447852, 7669315, 3815938)
	Index Scan using sbtest6_pkey on sbtest6  (cost=0.43..83.68 rows=10 width=121)
	  Index Cond: (id = ANY ('{1830076,230246,8507963,3413047,2361393,6850003,6425809,1447852,7669315,3815938}'::integer[]))

table 7 : explain SELECT c FROM sbtest7 WHERE id IN ( 1830076, 230246, 8507963, 3413047, 2361393, 6850003, 6425809, 1447852, 7669315, 3815938)
	Index Scan using sbtest7_pkey on sbtest7  (cost=0.43..83.62 rows=10 width=121)
	  Index Cond: (id = ANY ('{1830076,230246,8507963,3413047,2361393,6850003,6425809,1447852,7669315,3815938}'::integer[]))

table 8 : explain SELECT c FROM sbtest8 WHERE id IN ( 1830076, 230246, 8507963, 3413047, 2361393, 6850003, 6425809, 1447852, 7669315, 3815938)
	Index Scan using sbtest8_pkey on sbtest8  (cost=0.43..83.66 rows=10 width=121)
	  Index Cond: (id = ANY ('{1830076,230246,8507963,3413047,2361393,6850003,6425809,1447852,7669315,3815938}'::integer[]))

for select-inlist
table 1 : explain SELECT c FROM sbtest1 WHERE id IN ( 480407, 4707582, 4143012, 3155865, 7289840, 7258712, 5844574, 7289082, 9077054, 1339688)
	Index Scan using sbtest1_pkey on sbtest1  (cost=0.43..83.67 rows=10 width=121)
	  Index Cond: (id = ANY ('{480407,4707582,4143012,3155865,7289840,7258712,5844574,7289082,9077054,1339688}'::integer[]))

table 2 : explain SELECT c FROM sbtest2 WHERE id IN ( 480407, 4707582, 4143012, 3155865, 7289840, 7258712, 5844574, 7289082, 9077054, 1339688)
	Index Scan using sbtest2_pkey on sbtest2  (cost=0.43..83.64 rows=10 width=121)
	  Index Cond: (id = ANY ('{480407,4707582,4143012,3155865,7289840,7258712,5844574,7289082,9077054,1339688}'::integer[]))

table 3 : explain SELECT c FROM sbtest3 WHERE id IN ( 480407, 4707582, 4143012, 3155865, 7289840, 7258712, 5844574, 7289082, 9077054, 1339688)
	Index Scan using sbtest3_pkey on sbtest3  (cost=0.43..83.80 rows=10 width=121)
	  Index Cond: (id = ANY ('{480407,4707582,4143012,3155865,7289840,7258712,5844574,7289082,9077054,1339688}'::integer[]))

table 4 : explain SELECT c FROM sbtest4 WHERE id IN ( 480407, 4707582, 4143012, 3155865, 7289840, 7258712, 5844574, 7289082, 9077054, 1339688)
	Index Scan using sbtest4_pkey on sbtest4  (cost=0.43..83.78 rows=10 width=121)
	  Index Cond: (id = ANY ('{480407,4707582,4143012,3155865,7289840,7258712,5844574,7289082,9077054,1339688}'::integer[]))

table 5 : explain SELECT c FROM sbtest5 WHERE id IN ( 480407, 4707582, 4143012, 3155865, 7289840, 7258712, 5844574, 7289082, 9077054, 1339688)
	Index Scan using sbtest5_pkey on sbtest5  (cost=0.43..83.59 rows=10 width=121)
	  Index Cond: (id = ANY ('{480407,4707582,4143012,3155865,7289840,7258712,5844574,7289082,9077054,1339688}'::integer[]))

table 6 : explain SELECT c FROM sbtest6 WHERE id IN ( 480407, 4707582, 4143012, 3155865, 7289840, 7258712, 5844574, 7289082, 9077054, 1339688)
	Index Scan using sbtest6_pkey on sbtest6  (cost=0.43..83.68 rows=10 width=121)
	  Index Cond: (id = ANY ('{480407,4707582,4143012,3155865,7289840,7258712,5844574,7289082,9077054,1339688}'::integer[]))

table 7 : explain SELECT c FROM sbtest7 WHERE id IN ( 480407, 4707582, 4143012, 3155865, 7289840, 7258712, 5844574, 7289082, 9077054, 1339688)
	Index Scan using sbtest7_pkey on sbtest7  (cost=0.43..83.62 rows=10 width=121)
	  Index Cond: (id = ANY ('{480407,4707582,4143012,3155865,7289840,7258712,5844574,7289082,9077054,1339688}'::integer[]))

table 8 : explain SELECT c FROM sbtest8 WHERE id IN ( 480407, 4707582, 4143012, 3155865, 7289840, 7258712, 5844574, 7289082, 9077054, 1339688)
	Index Scan using sbtest8_pkey on sbtest8  (cost=0.43..83.66 rows=10 width=121)
	  Index Cond: (id = ANY ('{480407,4707582,4143012,3155865,7289840,7258712,5844574,7289082,9077054,1339688}'::integer[]))

for select-inlist
table 1 : explain SELECT c FROM sbtest1 WHERE id IN ( 2601007, 2232244, 555174, 409616, 1100291, 4777529, 7593173, 5049417, 4252346, 8747262)
	Index Scan using sbtest1_pkey on sbtest1  (cost=0.43..83.67 rows=10 width=121)
	  Index Cond: (id = ANY ('{2601007,2232244,555174,409616,1100291,4777529,7593173,5049417,4252346,8747262}'::integer[]))

table 2 : explain SELECT c FROM sbtest2 WHERE id IN ( 2601007, 2232244, 555174, 409616, 1100291, 4777529, 7593173, 5049417, 4252346, 8747262)
	Index Scan using sbtest2_pkey on sbtest2  (cost=0.43..83.64 rows=10 width=121)
	  Index Cond: (id = ANY ('{2601007,2232244,555174,409616,1100291,4777529,7593173,5049417,4252346,8747262}'::integer[]))

table 3 : explain SELECT c FROM sbtest3 WHERE id IN ( 2601007, 2232244, 555174, 409616, 1100291, 4777529, 7593173, 5049417, 4252346, 8747262)
	Index Scan using sbtest3_pkey on sbtest3  (cost=0.43..83.80 rows=10 width=121)
	  Index Cond: (id = ANY ('{2601007,2232244,555174,409616,1100291,4777529,7593173,5049417,4252346,8747262}'::integer[]))

table 4 : explain SELECT c FROM sbtest4 WHERE id IN ( 2601007, 2232244, 555174, 409616, 1100291, 4777529, 7593173, 5049417, 4252346, 8747262)
	Index Scan using sbtest4_pkey on sbtest4  (cost=0.43..83.78 rows=10 width=121)
	  Index Cond: (id = ANY ('{2601007,2232244,555174,409616,1100291,4777529,7593173,5049417,4252346,8747262}'::integer[]))

table 5 : explain SELECT c FROM sbtest5 WHERE id IN ( 2601007, 2232244, 555174, 409616, 1100291, 4777529, 7593173, 5049417, 4252346, 8747262)
	Index Scan using sbtest5_pkey on sbtest5  (cost=0.43..83.59 rows=10 width=121)
	  Index Cond: (id = ANY ('{2601007,2232244,555174,409616,1100291,4777529,7593173,5049417,4252346,8747262}'::integer[]))

table 6 : explain SELECT c FROM sbtest6 WHERE id IN ( 2601007, 2232244, 555174, 409616, 1100291, 4777529, 7593173, 5049417, 4252346, 8747262)
	Index Scan using sbtest6_pkey on sbtest6  (cost=0.43..83.68 rows=10 width=121)
	  Index Cond: (id = ANY ('{2601007,2232244,555174,409616,1100291,4777529,7593173,5049417,4252346,8747262}'::integer[]))

table 7 : explain SELECT c FROM sbtest7 WHERE id IN ( 2601007, 2232244, 555174, 409616, 1100291, 4777529, 7593173, 5049417, 4252346, 8747262)
	Index Scan using sbtest7_pkey on sbtest7  (cost=0.43..83.62 rows=10 width=121)
	  Index Cond: (id = ANY ('{2601007,2232244,555174,409616,1100291,4777529,7593173,5049417,4252346,8747262}'::integer[]))

table 8 : explain SELECT c FROM sbtest8 WHERE id IN ( 2601007, 2232244, 555174, 409616, 1100291, 4777529, 7593173, 5049417, 4252346, 8747262)
	Index Scan using sbtest8_pkey on sbtest8  (cost=0.43..83.66 rows=10 width=121)
	  Index Cond: (id = ANY ('{2601007,2232244,555174,409616,1100291,4777529,7593173,5049417,4252346,8747262}'::integer[]))

for select-inlist
table 1 : explain SELECT c FROM sbtest1 WHERE id IN ( 8876336, 5301393, 8361555, 1374618, 8283601, 2137005, 7555417, 4955167, 6058412, 1445926)
	Index Scan using sbtest1_pkey on sbtest1  (cost=0.43..83.67 rows=10 width=121)
	  Index Cond: (id = ANY ('{8876336,5301393,8361555,1374618,8283601,2137005,7555417,4955167,6058412,1445926}'::integer[]))

table 2 : explain SELECT c FROM sbtest2 WHERE id IN ( 8876336, 5301393, 8361555, 1374618, 8283601, 2137005, 7555417, 4955167, 6058412, 1445926)
	Index Scan using sbtest2_pkey on sbtest2  (cost=0.43..83.64 rows=10 width=121)
	  Index Cond: (id = ANY ('{8876336,5301393,8361555,1374618,8283601,2137005,7555417,4955167,6058412,1445926}'::integer[]))

table 3 : explain SELECT c FROM sbtest3 WHERE id IN ( 8876336, 5301393, 8361555, 1374618, 8283601, 2137005, 7555417, 4955167, 6058412, 1445926)
	Index Scan using sbtest3_pkey on sbtest3  (cost=0.43..83.80 rows=10 width=121)
	  Index Cond: (id = ANY ('{8876336,5301393,8361555,1374618,8283601,2137005,7555417,4955167,6058412,1445926}'::integer[]))

table 4 : explain SELECT c FROM sbtest4 WHERE id IN ( 8876336, 5301393, 8361555, 1374618, 8283601, 2137005, 7555417, 4955167, 6058412, 1445926)
	Index Scan using sbtest4_pkey on sbtest4  (cost=0.43..83.78 rows=10 width=121)
	  Index Cond: (id = ANY ('{8876336,5301393,8361555,1374618,8283601,2137005,7555417,4955167,6058412,1445926}'::integer[]))

table 5 : explain SELECT c FROM sbtest5 WHERE id IN ( 8876336, 5301393, 8361555, 1374618, 8283601, 2137005, 7555417, 4955167, 6058412, 1445926)
	Index Scan using sbtest5_pkey on sbtest5  (cost=0.43..83.59 rows=10 width=121)
	  Index Cond: (id = ANY ('{8876336,5301393,8361555,1374618,8283601,2137005,7555417,4955167,6058412,1445926}'::integer[]))

table 6 : explain SELECT c FROM sbtest6 WHERE id IN ( 8876336, 5301393, 8361555, 1374618, 8283601, 2137005, 7555417, 4955167, 6058412, 1445926)
	Index Scan using sbtest6_pkey on sbtest6  (cost=0.43..83.68 rows=10 width=121)
	  Index Cond: (id = ANY ('{8876336,5301393,8361555,1374618,8283601,2137005,7555417,4955167,6058412,1445926}'::integer[]))

table 7 : explain SELECT c FROM sbtest7 WHERE id IN ( 8876336, 5301393, 8361555, 1374618, 8283601, 2137005, 7555417, 4955167, 6058412, 1445926)
	Index Scan using sbtest7_pkey on sbtest7  (cost=0.43..83.62 rows=10 width=121)
	  Index Cond: (id = ANY ('{8876336,5301393,8361555,1374618,8283601,2137005,7555417,4955167,6058412,1445926}'::integer[]))

table 8 : explain SELECT c FROM sbtest8 WHERE id IN ( 8876336, 5301393, 8361555, 1374618, 8283601, 2137005, 7555417, 4955167, 6058412, 1445926)
	Index Scan using sbtest8_pkey on sbtest8  (cost=0.43..83.66 rows=10 width=121)
	  Index Cond: (id = ANY ('{8876336,5301393,8361555,1374618,8283601,2137005,7555417,4955167,6058412,1445926}'::integer[]))

for select-inlist
table 1 : explain SELECT c FROM sbtest1 WHERE id IN ( 1472562, 9061778, 8203906, 388892, 2000428, 9626035, 4441189, 6188044, 6118951, 9089894)
	Index Scan using sbtest1_pkey on sbtest1  (cost=0.43..83.67 rows=10 width=121)
	  Index Cond: (id = ANY ('{1472562,9061778,8203906,388892,2000428,9626035,4441189,6188044,6118951,9089894}'::integer[]))

table 2 : explain SELECT c FROM sbtest2 WHERE id IN ( 1472562, 9061778, 8203906, 388892, 2000428, 9626035, 4441189, 6188044, 6118951, 9089894)
	Index Scan using sbtest2_pkey on sbtest2  (cost=0.43..83.64 rows=10 width=121)
	  Index Cond: (id = ANY ('{1472562,9061778,8203906,388892,2000428,9626035,4441189,6188044,6118951,9089894}'::integer[]))

table 3 : explain SELECT c FROM sbtest3 WHERE id IN ( 1472562, 9061778, 8203906, 388892, 2000428, 9626035, 4441189, 6188044, 6118951, 9089894)
	Index Scan using sbtest3_pkey on sbtest3  (cost=0.43..83.80 rows=10 width=121)
	  Index Cond: (id = ANY ('{1472562,9061778,8203906,388892,2000428,9626035,4441189,6188044,6118951,9089894}'::integer[]))

table 4 : explain SELECT c FROM sbtest4 WHERE id IN ( 1472562, 9061778, 8203906, 388892, 2000428, 9626035, 4441189, 6188044, 6118951, 9089894)
	Index Scan using sbtest4_pkey on sbtest4  (cost=0.43..83.78 rows=10 width=121)
	  Index Cond: (id = ANY ('{1472562,9061778,8203906,388892,2000428,9626035,4441189,6188044,6118951,9089894}'::integer[]))

table 5 : explain SELECT c FROM sbtest5 WHERE id IN ( 1472562, 9061778, 8203906, 388892, 2000428, 9626035, 4441189, 6188044, 6118951, 9089894)
	Index Scan using sbtest5_pkey on sbtest5  (cost=0.43..83.59 rows=10 width=121)
	  Index Cond: (id = ANY ('{1472562,9061778,8203906,388892,2000428,9626035,4441189,6188044,6118951,9089894}'::integer[]))

table 6 : explain SELECT c FROM sbtest6 WHERE id IN ( 1472562, 9061778, 8203906, 388892, 2000428, 9626035, 4441189, 6188044, 6118951, 9089894)
	Index Scan using sbtest6_pkey on sbtest6  (cost=0.43..83.68 rows=10 width=121)
	  Index Cond: (id = ANY ('{1472562,9061778,8203906,388892,2000428,9626035,4441189,6188044,6118951,9089894}'::integer[]))

table 7 : explain SELECT c FROM sbtest7 WHERE id IN ( 1472562, 9061778, 8203906, 388892, 2000428, 9626035, 4441189, 6188044, 6118951, 9089894)
	Index Scan using sbtest7_pkey on sbtest7  (cost=0.43..83.62 rows=10 width=121)
	  Index Cond: (id = ANY ('{1472562,9061778,8203906,388892,2000428,9626035,4441189,6188044,6118951,9089894}'::integer[]))

table 8 : explain SELECT c FROM sbtest8 WHERE id IN ( 1472562, 9061778, 8203906, 388892, 2000428, 9626035, 4441189, 6188044, 6118951, 9089894)
	Index Scan using sbtest8_pkey on sbtest8  (cost=0.43..83.66 rows=10 width=121)
	  Index Cond: (id = ANY ('{1472562,9061778,8203906,388892,2000428,9626035,4441189,6188044,6118951,9089894}'::integer[]))

for select-inlist
table 1 : explain SELECT c FROM sbtest1 WHERE id IN ( 8555638, 8846601, 4082259, 3799454, 9229275, 6073982, 6861248, 8664527, 5081804, 589602)
	Index Scan using sbtest1_pkey on sbtest1  (cost=0.43..83.67 rows=10 width=121)
	  Index Cond: (id = ANY ('{8555638,8846601,4082259,3799454,9229275,6073982,6861248,8664527,5081804,589602}'::integer[]))

table 2 : explain SELECT c FROM sbtest2 WHERE id IN ( 8555638, 8846601, 4082259, 3799454, 9229275, 6073982, 6861248, 8664527, 5081804, 589602)
	Index Scan using sbtest2_pkey on sbtest2  (cost=0.43..83.64 rows=10 width=121)
	  Index Cond: (id = ANY ('{8555638,8846601,4082259,3799454,9229275,6073982,6861248,8664527,5081804,589602}'::integer[]))

table 3 : explain SELECT c FROM sbtest3 WHERE id IN ( 8555638, 8846601, 4082259, 3799454, 9229275, 6073982, 6861248, 8664527, 5081804, 589602)
	Index Scan using sbtest3_pkey on sbtest3  (cost=0.43..83.80 rows=10 width=121)
	  Index Cond: (id = ANY ('{8555638,8846601,4082259,3799454,9229275,6073982,6861248,8664527,5081804,589602}'::integer[]))

table 4 : explain SELECT c FROM sbtest4 WHERE id IN ( 8555638, 8846601, 4082259, 3799454, 9229275, 6073982, 6861248, 8664527, 5081804, 589602)
	Index Scan using sbtest4_pkey on sbtest4  (cost=0.43..83.78 rows=10 width=121)
	  Index Cond: (id = ANY ('{8555638,8846601,4082259,3799454,9229275,6073982,6861248,8664527,5081804,589602}'::integer[]))

table 5 : explain SELECT c FROM sbtest5 WHERE id IN ( 8555638, 8846601, 4082259, 3799454, 9229275, 6073982, 6861248, 8664527, 5081804, 589602)
	Index Scan using sbtest5_pkey on sbtest5  (cost=0.43..83.59 rows=10 width=121)
	  Index Cond: (id = ANY ('{8555638,8846601,4082259,3799454,9229275,6073982,6861248,8664527,5081804,589602}'::integer[]))

table 6 : explain SELECT c FROM sbtest6 WHERE id IN ( 8555638, 8846601, 4082259, 3799454, 9229275, 6073982, 6861248, 8664527, 5081804, 589602)
	Index Scan using sbtest6_pkey on sbtest6  (cost=0.43..83.68 rows=10 width=121)
	  Index Cond: (id = ANY ('{8555638,8846601,4082259,3799454,9229275,6073982,6861248,8664527,5081804,589602}'::integer[]))

table 7 : explain SELECT c FROM sbtest7 WHERE id IN ( 8555638, 8846601, 4082259, 3799454, 9229275, 6073982, 6861248, 8664527, 5081804, 589602)
	Index Scan using sbtest7_pkey on sbtest7  (cost=0.43..83.62 rows=10 width=121)
	  Index Cond: (id = ANY ('{8555638,8846601,4082259,3799454,9229275,6073982,6861248,8664527,5081804,589602}'::integer[]))

table 8 : explain SELECT c FROM sbtest8 WHERE id IN ( 8555638, 8846601, 4082259, 3799454, 9229275, 6073982, 6861248, 8664527, 5081804, 589602)
	Index Scan using sbtest8_pkey on sbtest8  (cost=0.43..83.66 rows=10 width=121)
	  Index Cond: (id = ANY ('{8555638,8846601,4082259,3799454,9229275,6073982,6861248,8664527,5081804,589602}'::integer[]))

explain: for select-inlist :: explain SELECT c FROM sbtest%d WHERE id IN ( 8946526, 9619233, 8070521, 1969187, 1173999, 4835229, 5259341, 3142896, 2237621, 8018963)
explain: for select-inlist :: explain SELECT c FROM sbtest%d WHERE id IN ( 3487236, 5952696, 9279551, 8707153, 7858306, 7544287, 9562436, 9855811, 4468591, 2204405)
explain: for select-inlist :: explain SELECT c FROM sbtest%d WHERE id IN ( 1003016, 6791213, 9551792, 5816007, 5115619, 1660475, 8028423, 1845610, 441414, 3284151)
for select-inlist
table 1 : explain SELECT c FROM sbtest1 WHERE id IN ( 2734164, 2778167, 9822540, 8244416, 9165746, 3619185, 6907386, 2781313, 9804205, 63869)
	Index Scan using sbtest1_pkey on sbtest1  (cost=0.43..83.67 rows=10 width=121)
	  Index Cond: (id = ANY ('{2734164,2778167,9822540,8244416,9165746,3619185,6907386,2781313,9804205,63869}'::integer[]))

table 2 : explain SELECT c FROM sbtest2 WHERE id IN ( 2734164, 2778167, 9822540, 8244416, 9165746, 3619185, 6907386, 2781313, 9804205, 63869)
	Index Scan using sbtest2_pkey on sbtest2  (cost=0.43..83.64 rows=10 width=121)
	  Index Cond: (id = ANY ('{2734164,2778167,9822540,8244416,9165746,3619185,6907386,2781313,9804205,63869}'::integer[]))

table 3 : explain SELECT c FROM sbtest3 WHERE id IN ( 2734164, 2778167, 9822540, 8244416, 9165746, 3619185, 6907386, 2781313, 9804205, 63869)
	Index Scan using sbtest3_pkey on sbtest3  (cost=0.43..83.80 rows=10 width=121)
	  Index Cond: (id = ANY ('{2734164,2778167,9822540,8244416,9165746,3619185,6907386,2781313,9804205,63869}'::integer[]))

table 4 : explain SELECT c FROM sbtest4 WHERE id IN ( 2734164, 2778167, 9822540, 8244416, 9165746, 3619185, 6907386, 2781313, 9804205, 63869)
	Index Scan using sbtest4_pkey on sbtest4  (cost=0.43..83.78 rows=10 width=121)
	  Index Cond: (id = ANY ('{2734164,2778167,9822540,8244416,9165746,3619185,6907386,2781313,9804205,63869}'::integer[]))

table 5 : explain SELECT c FROM sbtest5 WHERE id IN ( 2734164, 2778167, 9822540, 8244416, 9165746, 3619185, 6907386, 2781313, 9804205, 63869)
	Index Scan using sbtest5_pkey on sbtest5  (cost=0.43..83.59 rows=10 width=121)
	  Index Cond: (id = ANY ('{2734164,2778167,9822540,8244416,9165746,3619185,6907386,2781313,9804205,63869}'::integer[]))

table 6 : explain SELECT c FROM sbtest6 WHERE id IN ( 2734164, 2778167, 9822540, 8244416, 9165746, 3619185, 6907386, 2781313, 9804205, 63869)
	Index Scan using sbtest6_pkey on sbtest6  (cost=0.43..83.68 rows=10 width=121)
	  Index Cond: (id = ANY ('{2734164,2778167,9822540,8244416,9165746,3619185,6907386,2781313,9804205,63869}'::integer[]))

table 7 : explain SELECT c FROM sbtest7 WHERE id IN ( 2734164, 2778167, 9822540, 8244416, 9165746, 3619185, 6907386, 2781313, 9804205, 63869)
	Index Scan using sbtest7_pkey on sbtest7  (cost=0.43..83.62 rows=10 width=121)
	  Index Cond: (id = ANY ('{2734164,2778167,9822540,8244416,9165746,3619185,6907386,2781313,9804205,63869}'::integer[]))

table 8 : explain SELECT c FROM sbtest8 WHERE id IN ( 2734164, 2778167, 9822540, 8244416, 9165746, 3619185, 6907386, 2781313, 9804205, 63869)
	Index Scan using sbtest8_pkey on sbtest8  (cost=0.43..83.66 rows=10 width=121)
	  Index Cond: (id = ANY ('{2734164,2778167,9822540,8244416,9165746,3619185,6907386,2781313,9804205,63869}'::integer[]))

for select-inlist
table 1 : explain SELECT c FROM sbtest1 WHERE id IN ( 8946526, 9619233, 8070521, 1969187, 1173999, 4835229, 5259341, 3142896, 2237621, 8018963)
	Index Scan using sbtest1_pkey on sbtest1  (cost=0.43..83.67 rows=10 width=121)
	  Index Cond: (id = ANY ('{8946526,9619233,8070521,1969187,1173999,4835229,5259341,3142896,2237621,8018963}'::integer[]))

table 2 : explain SELECT c FROM sbtest2 WHERE id IN ( 8946526, 9619233, 8070521, 1969187, 1173999, 4835229, 5259341, 3142896, 2237621, 8018963)
	Index Scan using sbtest2_pkey on sbtest2  (cost=0.43..83.64 rows=10 width=121)
	  Index Cond: (id = ANY ('{8946526,9619233,8070521,1969187,1173999,4835229,5259341,3142896,2237621,8018963}'::integer[]))

table 3 : explain SELECT c FROM sbtest3 WHERE id IN ( 8946526, 9619233, 8070521, 1969187, 1173999, 4835229, 5259341, 3142896, 2237621, 8018963)
	Index Scan using sbtest3_pkey on sbtest3  (cost=0.43..83.80 rows=10 width=121)
	  Index Cond: (id = ANY ('{8946526,9619233,8070521,1969187,1173999,4835229,5259341,3142896,2237621,8018963}'::integer[]))

table 4 : explain SELECT c FROM sbtest4 WHERE id IN ( 8946526, 9619233, 8070521, 1969187, 1173999, 4835229, 5259341, 3142896, 2237621, 8018963)
	Index Scan using sbtest4_pkey on sbtest4  (cost=0.43..83.78 rows=10 width=121)
	  Index Cond: (id = ANY ('{8946526,9619233,8070521,1969187,1173999,4835229,5259341,3142896,2237621,8018963}'::integer[]))

table 5 : explain SELECT c FROM sbtest5 WHERE id IN ( 8946526, 9619233, 8070521, 1969187, 1173999, 4835229, 5259341, 3142896, 2237621, 8018963)
	Index Scan using sbtest5_pkey on sbtest5  (cost=0.43..83.59 rows=10 width=121)
	  Index Cond: (id = ANY ('{8946526,9619233,8070521,1969187,1173999,4835229,5259341,3142896,2237621,8018963}'::integer[]))

table 6 : explain SELECT c FROM sbtest6 WHERE id IN ( 8946526, 9619233, 8070521, 1969187, 1173999, 4835229, 5259341, 3142896, 2237621, 8018963)
	Index Scan using sbtest6_pkey on sbtest6  (cost=0.43..83.68 rows=10 width=121)
	  Index Cond: (id = ANY ('{8946526,9619233,8070521,1969187,1173999,4835229,5259341,3142896,2237621,8018963}'::integer[]))

table 7 : explain SELECT c FROM sbtest7 WHERE id IN ( 8946526, 9619233, 8070521, 1969187, 1173999, 4835229, 5259341, 3142896, 2237621, 8018963)
	Index Scan using sbtest7_pkey on sbtest7  (cost=0.43..83.62 rows=10 width=121)
	  Index Cond: (id = ANY ('{8946526,9619233,8070521,1969187,1173999,4835229,5259341,3142896,2237621,8018963}'::integer[]))

table 8 : explain SELECT c FROM sbtest8 WHERE id IN ( 8946526, 9619233, 8070521, 1969187, 1173999, 4835229, 5259341, 3142896, 2237621, 8018963)
	Index Scan using sbtest8_pkey on sbtest8  (cost=0.43..83.66 rows=10 width=121)
	  Index Cond: (id = ANY ('{8946526,9619233,8070521,1969187,1173999,4835229,5259341,3142896,2237621,8018963}'::integer[]))

for select-inlist
table 1 : explain SELECT c FROM sbtest1 WHERE id IN ( 3487236, 5952696, 9279551, 8707153, 7858306, 7544287, 9562436, 9855811, 4468591, 2204405)
	Index Scan using sbtest1_pkey on sbtest1  (cost=0.43..83.67 rows=10 width=121)
	  Index Cond: (id = ANY ('{3487236,5952696,9279551,8707153,7858306,7544287,9562436,9855811,4468591,2204405}'::integer[]))

table 2 : explain SELECT c FROM sbtest2 WHERE id IN ( 3487236, 5952696, 9279551, 8707153, 7858306, 7544287, 9562436, 9855811, 4468591, 2204405)
	Index Scan using sbtest2_pkey on sbtest2  (cost=0.43..83.64 rows=10 width=121)
	  Index Cond: (id = ANY ('{3487236,5952696,9279551,8707153,7858306,7544287,9562436,9855811,4468591,2204405}'::integer[]))

table 3 : explain SELECT c FROM sbtest3 WHERE id IN ( 3487236, 5952696, 9279551, 8707153, 7858306, 7544287, 9562436, 9855811, 4468591, 2204405)
	Index Scan using sbtest3_pkey on sbtest3  (cost=0.43..83.80 rows=10 width=121)
	  Index Cond: (id = ANY ('{3487236,5952696,9279551,8707153,7858306,7544287,9562436,9855811,4468591,2204405}'::integer[]))

table 4 : explain SELECT c FROM sbtest4 WHERE id IN ( 3487236, 5952696, 9279551, 8707153, 7858306, 7544287, 9562436, 9855811, 4468591, 2204405)
	Index Scan using sbtest4_pkey on sbtest4  (cost=0.43..83.78 rows=10 width=121)
	  Index Cond: (id = ANY ('{3487236,5952696,9279551,8707153,7858306,7544287,9562436,9855811,4468591,2204405}'::integer[]))

table 5 : explain SELECT c FROM sbtest5 WHERE id IN ( 3487236, 5952696, 9279551, 8707153, 7858306, 7544287, 9562436, 9855811, 4468591, 2204405)
	Index Scan using sbtest5_pkey on sbtest5  (cost=0.43..83.59 rows=10 width=121)
	  Index Cond: (id = ANY ('{3487236,5952696,9279551,8707153,7858306,7544287,9562436,9855811,4468591,2204405}'::integer[]))

table 6 : explain SELECT c FROM sbtest6 WHERE id IN ( 3487236, 5952696, 9279551, 8707153, 7858306, 7544287, 9562436, 9855811, 4468591, 2204405)
	Index Scan using sbtest6_pkey on sbtest6  (cost=0.43..83.68 rows=10 width=121)
	  Index Cond: (id = ANY ('{3487236,5952696,9279551,8707153,7858306,7544287,9562436,9855811,4468591,2204405}'::integer[]))

table 7 : explain SELECT c FROM sbtest7 WHERE id IN ( 3487236, 5952696, 9279551, 8707153, 7858306, 7544287, 9562436, 9855811, 4468591, 2204405)
	Index Scan using sbtest7_pkey on sbtest7  (cost=0.43..83.62 rows=10 width=121)
	  Index Cond: (id = ANY ('{3487236,5952696,9279551,8707153,7858306,7544287,9562436,9855811,4468591,2204405}'::integer[]))

table 8 : explain SELECT c FROM sbtest8 WHERE id IN ( 3487236, 5952696, 9279551, 8707153, 7858306, 7544287, 9562436, 9855811, 4468591, 2204405)
	Index Scan using sbtest8_pkey on sbtest8  (cost=0.43..83.66 rows=10 width=121)
	  Index Cond: (id = ANY ('{3487236,5952696,9279551,8707153,7858306,7544287,9562436,9855811,4468591,2204405}'::integer[]))

for select-inlist
table 1 : explain SELECT c FROM sbtest1 WHERE id IN ( 5973242, 8129598, 7525086, 4231331, 7520513, 3744701, 8911898, 1755062, 631380, 9892468)
	Index Scan using sbtest1_pkey on sbtest1  (cost=0.43..83.67 rows=10 width=121)
	  Index Cond: (id = ANY ('{5973242,8129598,7525086,4231331,7520513,3744701,8911898,1755062,631380,9892468}'::integer[]))

table 2 : explain SELECT c FROM sbtest2 WHERE id IN ( 5973242, 8129598, 7525086, 4231331, 7520513, 3744701, 8911898, 1755062, 631380, 9892468)
	Index Scan using sbtest2_pkey on sbtest2  (cost=0.43..83.64 rows=10 width=121)
	  Index Cond: (id = ANY ('{5973242,8129598,7525086,4231331,7520513,3744701,8911898,1755062,631380,9892468}'::integer[]))

table 3 : explain SELECT c FROM sbtest3 WHERE id IN ( 5973242, 8129598, 7525086, 4231331, 7520513, 3744701, 8911898, 1755062, 631380, 9892468)
	Index Scan using sbtest3_pkey on sbtest3  (cost=0.43..83.80 rows=10 width=121)
	  Index Cond: (id = ANY ('{5973242,8129598,7525086,4231331,7520513,3744701,8911898,1755062,631380,9892468}'::integer[]))

table 4 : explain SELECT c FROM sbtest4 WHERE id IN ( 5973242, 8129598, 7525086, 4231331, 7520513, 3744701, 8911898, 1755062, 631380, 9892468)
	Index Scan using sbtest4_pkey on sbtest4  (cost=0.43..83.78 rows=10 width=121)
	  Index Cond: (id = ANY ('{5973242,8129598,7525086,4231331,7520513,3744701,8911898,1755062,631380,9892468}'::integer[]))

table 5 : explain SELECT c FROM sbtest5 WHERE id IN ( 5973242, 8129598, 7525086, 4231331, 7520513, 3744701, 8911898, 1755062, 631380, 9892468)
	Index Scan using sbtest5_pkey on sbtest5  (cost=0.43..83.59 rows=10 width=121)
	  Index Cond: (id = ANY ('{5973242,8129598,7525086,4231331,7520513,3744701,8911898,1755062,631380,9892468}'::integer[]))

table 6 : explain SELECT c FROM sbtest6 WHERE id IN ( 5973242, 8129598, 7525086, 4231331, 7520513, 3744701, 8911898, 1755062, 631380, 9892468)
	Index Scan using sbtest6_pkey on sbtest6  (cost=0.43..83.68 rows=10 width=121)
	  Index Cond: (id = ANY ('{5973242,8129598,7525086,4231331,7520513,3744701,8911898,1755062,631380,9892468}'::integer[]))

table 7 : explain SELECT c FROM sbtest7 WHERE id IN ( 5973242, 8129598, 7525086, 4231331, 7520513, 3744701, 8911898, 1755062, 631380, 9892468)
	Index Scan using sbtest7_pkey on sbtest7  (cost=0.43..83.62 rows=10 width=121)
	  Index Cond: (id = ANY ('{5973242,8129598,7525086,4231331,7520513,3744701,8911898,1755062,631380,9892468}'::integer[]))

table 8 : explain SELECT c FROM sbtest8 WHERE id IN ( 5973242, 8129598, 7525086, 4231331, 7520513, 3744701, 8911898, 1755062, 631380, 9892468)
	Index Scan using sbtest8_pkey on sbtest8  (cost=0.43..83.66 rows=10 width=121)
	  Index Cond: (id = ANY ('{5973242,8129598,7525086,4231331,7520513,3744701,8911898,1755062,631380,9892468}'::integer[]))

explain: for select-inlist :: explain SELECT c FROM sbtest%d WHERE id IN ( 7438752, 2723424, 4960987, 5379876, 734731, 6365962, 9085776, 2425709, 5929743, 2659299)
for select-inlist
table 1 : explain SELECT c FROM sbtest1 WHERE id IN ( 1003016, 6791213, 9551792, 5816007, 5115619, 1660475, 8028423, 1845610, 441414, 3284151)
	Index Scan using sbtest1_pkey on sbtest1  (cost=0.43..83.67 rows=10 width=121)
	  Index Cond: (id = ANY ('{1003016,6791213,9551792,5816007,5115619,1660475,8028423,1845610,441414,3284151}'::integer[]))

table 2 : explain SELECT c FROM sbtest2 WHERE id IN ( 1003016, 6791213, 9551792, 5816007, 5115619, 1660475, 8028423, 1845610, 441414, 3284151)
	Index Scan using sbtest2_pkey on sbtest2  (cost=0.43..83.64 rows=10 width=121)
	  Index Cond: (id = ANY ('{1003016,6791213,9551792,5816007,5115619,1660475,8028423,1845610,441414,3284151}'::integer[]))

table 3 : explain SELECT c FROM sbtest3 WHERE id IN ( 1003016, 6791213, 9551792, 5816007, 5115619, 1660475, 8028423, 1845610, 441414, 3284151)
	Index Scan using sbtest3_pkey on sbtest3  (cost=0.43..83.80 rows=10 width=121)
	  Index Cond: (id = ANY ('{1003016,6791213,9551792,5816007,5115619,1660475,8028423,1845610,441414,3284151}'::integer[]))

table 4 : explain SELECT c FROM sbtest4 WHERE id IN ( 1003016, 6791213, 9551792, 5816007, 5115619, 1660475, 8028423, 1845610, 441414, 3284151)
	Index Scan using sbtest4_pkey on sbtest4  (cost=0.43..83.78 rows=10 width=121)
	  Index Cond: (id = ANY ('{1003016,6791213,9551792,5816007,5115619,1660475,8028423,1845610,441414,3284151}'::integer[]))

table 5 : explain SELECT c FROM sbtest5 WHERE id IN ( 1003016, 6791213, 9551792, 5816007, 5115619, 1660475, 8028423, 1845610, 441414, 3284151)
	Index Scan using sbtest5_pkey on sbtest5  (cost=0.43..83.59 rows=10 width=121)
	  Index Cond: (id = ANY ('{1003016,6791213,9551792,5816007,5115619,1660475,8028423,1845610,441414,3284151}'::integer[]))

table 6 : explain SELECT c FROM sbtest6 WHERE id IN ( 1003016, 6791213, 9551792, 5816007, 5115619, 1660475, 8028423, 1845610, 441414, 3284151)
	Index Scan using sbtest6_pkey on sbtest6  (cost=0.43..83.68 rows=10 width=121)
	  Index Cond: (id = ANY ('{1003016,6791213,9551792,5816007,5115619,1660475,8028423,1845610,441414,3284151}'::integer[]))

table 7 : explain SELECT c FROM sbtest7 WHERE id IN ( 1003016, 6791213, 9551792, 5816007, 5115619, 1660475, 8028423, 1845610, 441414, 3284151)
	Index Scan using sbtest7_pkey on sbtest7  (cost=0.43..83.62 rows=10 width=121)
	  Index Cond: (id = ANY ('{1003016,6791213,9551792,5816007,5115619,1660475,8028423,1845610,441414,3284151}'::integer[]))

table 8 : explain SELECT c FROM sbtest8 WHERE id IN ( 1003016, 6791213, 9551792, 5816007, 5115619, 1660475, 8028423, 1845610, 441414, 3284151)
	Index Scan using sbtest8_pkey on sbtest8  (cost=0.43..83.66 rows=10 width=121)
	  Index Cond: (id = ANY ('{1003016,6791213,9551792,5816007,5115619,1660475,8028423,1845610,441414,3284151}'::integer[]))

explain: for select-inlist :: explain SELECT c FROM sbtest%d WHERE id IN ( 1748789, 1542068, 6363417, 1939298, 7583419, 5978280, 6281093, 7861483, 6130609, 1348313)
explain: for select-inlist :: explain SELECT c FROM sbtest%d WHERE id IN ( 5193777, 1254335, 5339237, 2858919, 2884677, 7067492, 5725080, 2830984, 2797086, 2467955)
explain: for select-inlist :: explain SELECT c FROM sbtest%d WHERE id IN ( 999943, 6674108, 9608881, 7473400, 9999533, 8879580, 181651, 2811482, 1632987, 6749602)
for select-inlist
table 1 : explain SELECT c FROM sbtest1 WHERE id IN ( 7438752, 2723424, 4960987, 5379876, 734731, 6365962, 9085776, 2425709, 5929743, 2659299)
	Index Scan using sbtest1_pkey on sbtest1  (cost=0.43..83.67 rows=10 width=121)
	  Index Cond: (id = ANY ('{7438752,2723424,4960987,5379876,734731,6365962,9085776,2425709,5929743,2659299}'::integer[]))

table 2 : explain SELECT c FROM sbtest2 WHERE id IN ( 7438752, 2723424, 4960987, 5379876, 734731, 6365962, 9085776, 2425709, 5929743, 2659299)
	Index Scan using sbtest2_pkey on sbtest2  (cost=0.43..83.64 rows=10 width=121)
	  Index Cond: (id = ANY ('{7438752,2723424,4960987,5379876,734731,6365962,9085776,2425709,5929743,2659299}'::integer[]))

table 3 : explain SELECT c FROM sbtest3 WHERE id IN ( 7438752, 2723424, 4960987, 5379876, 734731, 6365962, 9085776, 2425709, 5929743, 2659299)
	Index Scan using sbtest3_pkey on sbtest3  (cost=0.43..83.80 rows=10 width=121)
	  Index Cond: (id = ANY ('{7438752,2723424,4960987,5379876,734731,6365962,9085776,2425709,5929743,2659299}'::integer[]))

table 4 : explain SELECT c FROM sbtest4 WHERE id IN ( 7438752, 2723424, 4960987, 5379876, 734731, 6365962, 9085776, 2425709, 5929743, 2659299)
	Index Scan using sbtest4_pkey on sbtest4  (cost=0.43..83.78 rows=10 width=121)
	  Index Cond: (id = ANY ('{7438752,2723424,4960987,5379876,734731,6365962,9085776,2425709,5929743,2659299}'::integer[]))

table 5 : explain SELECT c FROM sbtest5 WHERE id IN ( 7438752, 2723424, 4960987, 5379876, 734731, 6365962, 9085776, 2425709, 5929743, 2659299)
	Index Scan using sbtest5_pkey on sbtest5  (cost=0.43..83.59 rows=10 width=121)
	  Index Cond: (id = ANY ('{7438752,2723424,4960987,5379876,734731,6365962,9085776,2425709,5929743,2659299}'::integer[]))

table 6 : explain SELECT c FROM sbtest6 WHERE id IN ( 7438752, 2723424, 4960987, 5379876, 734731, 6365962, 9085776, 2425709, 5929743, 2659299)
	Index Scan using sbtest6_pkey on sbtest6  (cost=0.43..83.68 rows=10 width=121)
	  Index Cond: (id = ANY ('{7438752,2723424,4960987,5379876,734731,6365962,9085776,2425709,5929743,2659299}'::integer[]))

table 7 : explain SELECT c FROM sbtest7 WHERE id IN ( 7438752, 2723424, 4960987, 5379876, 734731, 6365962, 9085776, 2425709, 5929743, 2659299)
	Index Scan using sbtest7_pkey on sbtest7  (cost=0.43..83.62 rows=10 width=121)
	  Index Cond: (id = ANY ('{7438752,2723424,4960987,5379876,734731,6365962,9085776,2425709,5929743,2659299}'::integer[]))

table 8 : explain SELECT c FROM sbtest8 WHERE id IN ( 7438752, 2723424, 4960987, 5379876, 734731, 6365962, 9085776, 2425709, 5929743, 2659299)
	Index Scan using sbtest8_pkey on sbtest8  (cost=0.43..83.66 rows=10 width=121)
	  Index Cond: (id = ANY ('{7438752,2723424,4960987,5379876,734731,6365962,9085776,2425709,5929743,2659299}'::integer[]))

explain: for select-inlist :: explain SELECT c FROM sbtest%d WHERE id IN ( 1812720, 4071193, 2838736, 7403528, 3880690, 6591987, 3579371, 606363, 8499161, 8996601)
explain: for select-inlist :: explain SELECT c FROM sbtest%d WHERE id IN ( 8686067, 4316284, 8537731, 1767533, 1992942, 3665775, 3724146, 510984, 7464063, 4279046)
for select-inlist
table 1 : explain SELECT c FROM sbtest1 WHERE id IN ( 1748789, 1542068, 6363417, 1939298, 7583419, 5978280, 6281093, 7861483, 6130609, 1348313)
	Index Scan using sbtest1_pkey on sbtest1  (cost=0.43..83.67 rows=10 width=121)
	  Index Cond: (id = ANY ('{1748789,1542068,6363417,1939298,7583419,5978280,6281093,7861483,6130609,1348313}'::integer[]))

table 2 : explain SELECT c FROM sbtest2 WHERE id IN ( 1748789, 1542068, 6363417, 1939298, 7583419, 5978280, 6281093, 7861483, 6130609, 1348313)
	Index Scan using sbtest2_pkey on sbtest2  (cost=0.43..83.64 rows=10 width=121)
	  Index Cond: (id = ANY ('{1748789,1542068,6363417,1939298,7583419,5978280,6281093,7861483,6130609,1348313}'::integer[]))

table 3 : explain SELECT c FROM sbtest3 WHERE id IN ( 1748789, 1542068, 6363417, 1939298, 7583419, 5978280, 6281093, 7861483, 6130609, 1348313)
	Index Scan using sbtest3_pkey on sbtest3  (cost=0.43..83.80 rows=10 width=121)
	  Index Cond: (id = ANY ('{1748789,1542068,6363417,1939298,7583419,5978280,6281093,7861483,6130609,1348313}'::integer[]))

table 4 : explain SELECT c FROM sbtest4 WHERE id IN ( 1748789, 1542068, 6363417, 1939298, 7583419, 5978280, 6281093, 7861483, 6130609, 1348313)
	Index Scan using sbtest4_pkey on sbtest4  (cost=0.43..83.78 rows=10 width=121)
	  Index Cond: (id = ANY ('{1748789,1542068,6363417,1939298,7583419,5978280,6281093,7861483,6130609,1348313}'::integer[]))

table 5 : explain SELECT c FROM sbtest5 WHERE id IN ( 1748789, 1542068, 6363417, 1939298, 7583419, 5978280, 6281093, 7861483, 6130609, 1348313)
	Index Scan using sbtest5_pkey on sbtest5  (cost=0.43..83.59 rows=10 width=121)
	  Index Cond: (id = ANY ('{1748789,1542068,6363417,1939298,7583419,5978280,6281093,7861483,6130609,1348313}'::integer[]))

table 6 : explain SELECT c FROM sbtest6 WHERE id IN ( 1748789, 1542068, 6363417, 1939298, 7583419, 5978280, 6281093, 7861483, 6130609, 1348313)
	Index Scan using sbtest6_pkey on sbtest6  (cost=0.43..83.68 rows=10 width=121)
	  Index Cond: (id = ANY ('{1748789,1542068,6363417,1939298,7583419,5978280,6281093,7861483,6130609,1348313}'::integer[]))

table 7 : explain SELECT c FROM sbtest7 WHERE id IN ( 1748789, 1542068, 6363417, 1939298, 7583419, 5978280, 6281093, 7861483, 6130609, 1348313)
	Index Scan using sbtest7_pkey on sbtest7  (cost=0.43..83.62 rows=10 width=121)
	  Index Cond: (id = ANY ('{1748789,1542068,6363417,1939298,7583419,5978280,6281093,7861483,6130609,1348313}'::integer[]))

table 8 : explain SELECT c FROM sbtest8 WHERE id IN ( 1748789, 1542068, 6363417, 1939298, 7583419, 5978280, 6281093, 7861483, 6130609, 1348313)
	Index Scan using sbtest8_pkey on sbtest8  (cost=0.43..83.66 rows=10 width=121)
	  Index Cond: (id = ANY ('{1748789,1542068,6363417,1939298,7583419,5978280,6281093,7861483,6130609,1348313}'::integer[]))

for select-inlist
table 1 : explain SELECT c FROM sbtest1 WHERE id IN ( 5193777, 1254335, 5339237, 2858919, 2884677, 7067492, 5725080, 2830984, 2797086, 2467955)
	Index Scan using sbtest1_pkey on sbtest1  (cost=0.43..83.67 rows=10 width=121)
	  Index Cond: (id = ANY ('{5193777,1254335,5339237,2858919,2884677,7067492,5725080,2830984,2797086,2467955}'::integer[]))

table 2 : explain SELECT c FROM sbtest2 WHERE id IN ( 5193777, 1254335, 5339237, 2858919, 2884677, 7067492, 5725080, 2830984, 2797086, 2467955)
	Index Scan using sbtest2_pkey on sbtest2  (cost=0.43..83.64 rows=10 width=121)
	  Index Cond: (id = ANY ('{5193777,1254335,5339237,2858919,2884677,7067492,5725080,2830984,2797086,2467955}'::integer[]))

table 3 : explain SELECT c FROM sbtest3 WHERE id IN ( 5193777, 1254335, 5339237, 2858919, 2884677, 7067492, 5725080, 2830984, 2797086, 2467955)
	Index Scan using sbtest3_pkey on sbtest3  (cost=0.43..83.80 rows=10 width=121)
	  Index Cond: (id = ANY ('{5193777,1254335,5339237,2858919,2884677,7067492,5725080,2830984,2797086,2467955}'::integer[]))

table 4 : explain SELECT c FROM sbtest4 WHERE id IN ( 5193777, 1254335, 5339237, 2858919, 2884677, 7067492, 5725080, 2830984, 2797086, 2467955)
	Index Scan using sbtest4_pkey on sbtest4  (cost=0.43..83.78 rows=10 width=121)
	  Index Cond: (id = ANY ('{5193777,1254335,5339237,2858919,2884677,7067492,5725080,2830984,2797086,2467955}'::integer[]))

table 5 : explain SELECT c FROM sbtest5 WHERE id IN ( 5193777, 1254335, 5339237, 2858919, 2884677, 7067492, 5725080, 2830984, 2797086, 2467955)
	Index Scan using sbtest5_pkey on sbtest5  (cost=0.43..83.59 rows=10 width=121)
	  Index Cond: (id = ANY ('{5193777,1254335,5339237,2858919,2884677,7067492,5725080,2830984,2797086,2467955}'::integer[]))

table 6 : explain SELECT c FROM sbtest6 WHERE id IN ( 5193777, 1254335, 5339237, 2858919, 2884677, 7067492, 5725080, 2830984, 2797086, 2467955)
	Index Scan using sbtest6_pkey on sbtest6  (cost=0.43..83.68 rows=10 width=121)
	  Index Cond: (id = ANY ('{5193777,1254335,5339237,2858919,2884677,7067492,5725080,2830984,2797086,2467955}'::integer[]))

table 7 : explain SELECT c FROM sbtest7 WHERE id IN ( 5193777, 1254335, 5339237, 2858919, 2884677, 7067492, 5725080, 2830984, 2797086, 2467955)
	Index Scan using sbtest7_pkey on sbtest7  (cost=0.43..83.62 rows=10 width=121)
	  Index Cond: (id = ANY ('{5193777,1254335,5339237,2858919,2884677,7067492,5725080,2830984,2797086,2467955}'::integer[]))

table 8 : explain SELECT c FROM sbtest8 WHERE id IN ( 5193777, 1254335, 5339237, 2858919, 2884677, 7067492, 5725080, 2830984, 2797086, 2467955)
	Index Scan using sbtest8_pkey on sbtest8  (cost=0.43..83.66 rows=10 width=121)
	  Index Cond: (id = ANY ('{5193777,1254335,5339237,2858919,2884677,7067492,5725080,2830984,2797086,2467955}'::integer[]))

for select-inlist
table 1 : explain SELECT c FROM sbtest1 WHERE id IN ( 999943, 6674108, 9608881, 7473400, 9999533, 8879580, 181651, 2811482, 1632987, 6749602)
	Index Scan using sbtest1_pkey on sbtest1  (cost=0.43..83.67 rows=10 width=121)
	  Index Cond: (id = ANY ('{999943,6674108,9608881,7473400,9999533,8879580,181651,2811482,1632987,6749602}'::integer[]))

table 2 : explain SELECT c FROM sbtest2 WHERE id IN ( 999943, 6674108, 9608881, 7473400, 9999533, 8879580, 181651, 2811482, 1632987, 6749602)
	Index Scan using sbtest2_pkey on sbtest2  (cost=0.43..83.64 rows=10 width=121)
	  Index Cond: (id = ANY ('{999943,6674108,9608881,7473400,9999533,8879580,181651,2811482,1632987,6749602}'::integer[]))

table 3 : explain SELECT c FROM sbtest3 WHERE id IN ( 999943, 6674108, 9608881, 7473400, 9999533, 8879580, 181651, 2811482, 1632987, 6749602)
	Index Scan using sbtest3_pkey on sbtest3  (cost=0.43..83.80 rows=10 width=121)
	  Index Cond: (id = ANY ('{999943,6674108,9608881,7473400,9999533,8879580,181651,2811482,1632987,6749602}'::integer[]))

table 4 : explain SELECT c FROM sbtest4 WHERE id IN ( 999943, 6674108, 9608881, 7473400, 9999533, 8879580, 181651, 2811482, 1632987, 6749602)
	Index Scan using sbtest4_pkey on sbtest4  (cost=0.43..83.78 rows=10 width=121)
	  Index Cond: (id = ANY ('{999943,6674108,9608881,7473400,9999533,8879580,181651,2811482,1632987,6749602}'::integer[]))

table 5 : explain SELECT c FROM sbtest5 WHERE id IN ( 999943, 6674108, 9608881, 7473400, 9999533, 8879580, 181651, 2811482, 1632987, 6749602)
	Index Scan using sbtest5_pkey on sbtest5  (cost=0.43..83.59 rows=10 width=121)
	  Index Cond: (id = ANY ('{999943,6674108,9608881,7473400,9999533,8879580,181651,2811482,1632987,6749602}'::integer[]))

table 6 : explain SELECT c FROM sbtest6 WHERE id IN ( 999943, 6674108, 9608881, 7473400, 9999533, 8879580, 181651, 2811482, 1632987, 6749602)
	Index Scan using sbtest6_pkey on sbtest6  (cost=0.43..83.68 rows=10 width=121)
	  Index Cond: (id = ANY ('{999943,6674108,9608881,7473400,9999533,8879580,181651,2811482,1632987,6749602}'::integer[]))

table 7 : explain SELECT c FROM sbtest7 WHERE id IN ( 999943, 6674108, 9608881, 7473400, 9999533, 8879580, 181651, 2811482, 1632987, 6749602)
	Index Scan using sbtest7_pkey on sbtest7  (cost=0.43..83.62 rows=10 width=121)
	  Index Cond: (id = ANY ('{999943,6674108,9608881,7473400,9999533,8879580,181651,2811482,1632987,6749602}'::integer[]))

table 8 : explain SELECT c FROM sbtest8 WHERE id IN ( 999943, 6674108, 9608881, 7473400, 9999533, 8879580, 181651, 2811482, 1632987, 6749602)
	Index Scan using sbtest8_pkey on sbtest8  (cost=0.43..83.66 rows=10 width=121)
	  Index Cond: (id = ANY ('{999943,6674108,9608881,7473400,9999533,8879580,181651,2811482,1632987,6749602}'::integer[]))

for select-inlist
table 1 : explain SELECT c FROM sbtest1 WHERE id IN ( 1812720, 4071193, 2838736, 7403528, 3880690, 6591987, 3579371, 606363, 8499161, 8996601)
	Index Scan using sbtest1_pkey on sbtest1  (cost=0.43..83.67 rows=10 width=121)
	  Index Cond: (id = ANY ('{1812720,4071193,2838736,7403528,3880690,6591987,3579371,606363,8499161,8996601}'::integer[]))

table 2 : explain SELECT c FROM sbtest2 WHERE id IN ( 1812720, 4071193, 2838736, 7403528, 3880690, 6591987, 3579371, 606363, 8499161, 8996601)
	Index Scan using sbtest2_pkey on sbtest2  (cost=0.43..83.64 rows=10 width=121)
	  Index Cond: (id = ANY ('{1812720,4071193,2838736,7403528,3880690,6591987,3579371,606363,8499161,8996601}'::integer[]))

table 3 : explain SELECT c FROM sbtest3 WHERE id IN ( 1812720, 4071193, 2838736, 7403528, 3880690, 6591987, 3579371, 606363, 8499161, 8996601)
	Index Scan using sbtest3_pkey on sbtest3  (cost=0.43..83.80 rows=10 width=121)
	  Index Cond: (id = ANY ('{1812720,4071193,2838736,7403528,3880690,6591987,3579371,606363,8499161,8996601}'::integer[]))

table 4 : explain SELECT c FROM sbtest4 WHERE id IN ( 1812720, 4071193, 2838736, 7403528, 3880690, 6591987, 3579371, 606363, 8499161, 8996601)
	Index Scan using sbtest4_pkey on sbtest4  (cost=0.43..83.78 rows=10 width=121)
	  Index Cond: (id = ANY ('{1812720,4071193,2838736,7403528,3880690,6591987,3579371,606363,8499161,8996601}'::integer[]))

table 5 : explain SELECT c FROM sbtest5 WHERE id IN ( 1812720, 4071193, 2838736, 7403528, 3880690, 6591987, 3579371, 606363, 8499161, 8996601)
	Index Scan using sbtest5_pkey on sbtest5  (cost=0.43..83.59 rows=10 width=121)
	  Index Cond: (id = ANY ('{1812720,4071193,2838736,7403528,3880690,6591987,3579371,606363,8499161,8996601}'::integer[]))

table 6 : explain SELECT c FROM sbtest6 WHERE id IN ( 1812720, 4071193, 2838736, 7403528, 3880690, 6591987, 3579371, 606363, 8499161, 8996601)
	Index Scan using sbtest6_pkey on sbtest6  (cost=0.43..83.68 rows=10 width=121)
	  Index Cond: (id = ANY ('{1812720,4071193,2838736,7403528,3880690,6591987,3579371,606363,8499161,8996601}'::integer[]))

table 7 : explain SELECT c FROM sbtest7 WHERE id IN ( 1812720, 4071193, 2838736, 7403528, 3880690, 6591987, 3579371, 606363, 8499161, 8996601)
	Index Scan using sbtest7_pkey on sbtest7  (cost=0.43..83.62 rows=10 width=121)
	  Index Cond: (id = ANY ('{1812720,4071193,2838736,7403528,3880690,6591987,3579371,606363,8499161,8996601}'::integer[]))

table 8 : explain SELECT c FROM sbtest8 WHERE id IN ( 1812720, 4071193, 2838736, 7403528, 3880690, 6591987, 3579371, 606363, 8499161, 8996601)
	Index Scan using sbtest8_pkey on sbtest8  (cost=0.43..83.66 rows=10 width=121)
	  Index Cond: (id = ANY ('{1812720,4071193,2838736,7403528,3880690,6591987,3579371,606363,8499161,8996601}'::integer[]))

for select-inlist
table 1 : explain SELECT c FROM sbtest1 WHERE id IN ( 8686067, 4316284, 8537731, 1767533, 1992942, 3665775, 3724146, 510984, 7464063, 4279046)
	Index Scan using sbtest1_pkey on sbtest1  (cost=0.43..83.67 rows=10 width=121)
	  Index Cond: (id = ANY ('{8686067,4316284,8537731,1767533,1992942,3665775,3724146,510984,7464063,4279046}'::integer[]))

table 2 : explain SELECT c FROM sbtest2 WHERE id IN ( 8686067, 4316284, 8537731, 1767533, 1992942, 3665775, 3724146, 510984, 7464063, 4279046)
	Index Scan using sbtest2_pkey on sbtest2  (cost=0.43..83.64 rows=10 width=121)
	  Index Cond: (id = ANY ('{8686067,4316284,8537731,1767533,1992942,3665775,3724146,510984,7464063,4279046}'::integer[]))

table 3 : explain SELECT c FROM sbtest3 WHERE id IN ( 8686067, 4316284, 8537731, 1767533, 1992942, 3665775, 3724146, 510984, 7464063, 4279046)
	Index Scan using sbtest3_pkey on sbtest3  (cost=0.43..83.80 rows=10 width=121)
	  Index Cond: (id = ANY ('{8686067,4316284,8537731,1767533,1992942,3665775,3724146,510984,7464063,4279046}'::integer[]))

table 4 : explain SELECT c FROM sbtest4 WHERE id IN ( 8686067, 4316284, 8537731, 1767533, 1992942, 3665775, 3724146, 510984, 7464063, 4279046)
	Index Scan using sbtest4_pkey on sbtest4  (cost=0.43..83.78 rows=10 width=121)
	  Index Cond: (id = ANY ('{8686067,4316284,8537731,1767533,1992942,3665775,3724146,510984,7464063,4279046}'::integer[]))

table 5 : explain SELECT c FROM sbtest5 WHERE id IN ( 8686067, 4316284, 8537731, 1767533, 1992942, 3665775, 3724146, 510984, 7464063, 4279046)
	Index Scan using sbtest5_pkey on sbtest5  (cost=0.43..83.59 rows=10 width=121)
	  Index Cond: (id = ANY ('{8686067,4316284,8537731,1767533,1992942,3665775,3724146,510984,7464063,4279046}'::integer[]))

table 6 : explain SELECT c FROM sbtest6 WHERE id IN ( 8686067, 4316284, 8537731, 1767533, 1992942, 3665775, 3724146, 510984, 7464063, 4279046)
	Index Scan using sbtest6_pkey on sbtest6  (cost=0.43..83.68 rows=10 width=121)
	  Index Cond: (id = ANY ('{8686067,4316284,8537731,1767533,1992942,3665775,3724146,510984,7464063,4279046}'::integer[]))

table 7 : explain SELECT c FROM sbtest7 WHERE id IN ( 8686067, 4316284, 8537731, 1767533, 1992942, 3665775, 3724146, 510984, 7464063, 4279046)
	Index Scan using sbtest7_pkey on sbtest7  (cost=0.43..83.62 rows=10 width=121)
	  Index Cond: (id = ANY ('{8686067,4316284,8537731,1767533,1992942,3665775,3724146,510984,7464063,4279046}'::integer[]))

table 8 : explain SELECT c FROM sbtest8 WHERE id IN ( 8686067, 4316284, 8537731, 1767533, 1992942, 3665775, 3724146, 510984, 7464063, 4279046)
	Index Scan using sbtest8_pkey on sbtest8  (cost=0.43..83.66 rows=10 width=121)
	  Index Cond: (id = ANY ('{8686067,4316284,8537731,1767533,1992942,3665775,3724146,510984,7464063,4279046}'::integer[]))

explain: for select-inlist :: explain SELECT c FROM sbtest%d WHERE id IN ( 6312523, 2180365, 1996332, 8397981, 6552179, 323633, 7551251, 1336496, 6901393, 2495566)
explain: for select-inlist :: explain SELECT c FROM sbtest%d WHERE id IN ( 5816407, 9199810, 4930427, 7461569, 3830271, 5791987, 5632133, 2141171, 786746, 1002310)
explain: for select-inlist :: explain SELECT c FROM sbtest%d WHERE id IN ( 664631, 6126723, 1709199, 5127167, 5287028, 8930124, 482481, 9236344, 896221, 4360321)
for select-inlist
table 1 : explain SELECT c FROM sbtest1 WHERE id IN ( 6312523, 2180365, 1996332, 8397981, 6552179, 323633, 7551251, 1336496, 6901393, 2495566)
	Index Scan using sbtest1_pkey on sbtest1  (cost=0.43..83.67 rows=10 width=121)
	  Index Cond: (id = ANY ('{6312523,2180365,1996332,8397981,6552179,323633,7551251,1336496,6901393,2495566}'::integer[]))

table 2 : explain SELECT c FROM sbtest2 WHERE id IN ( 6312523, 2180365, 1996332, 8397981, 6552179, 323633, 7551251, 1336496, 6901393, 2495566)
	Index Scan using sbtest2_pkey on sbtest2  (cost=0.43..83.64 rows=10 width=121)
	  Index Cond: (id = ANY ('{6312523,2180365,1996332,8397981,6552179,323633,7551251,1336496,6901393,2495566}'::integer[]))

table 3 : explain SELECT c FROM sbtest3 WHERE id IN ( 6312523, 2180365, 1996332, 8397981, 6552179, 323633, 7551251, 1336496, 6901393, 2495566)
	Index Scan using sbtest3_pkey on sbtest3  (cost=0.43..83.80 rows=10 width=121)
	  Index Cond: (id = ANY ('{6312523,2180365,1996332,8397981,6552179,323633,7551251,1336496,6901393,2495566}'::integer[]))

table 4 : explain SELECT c FROM sbtest4 WHERE id IN ( 6312523, 2180365, 1996332, 8397981, 6552179, 323633, 7551251, 1336496, 6901393, 2495566)
	Index Scan using sbtest4_pkey on sbtest4  (cost=0.43..83.78 rows=10 width=121)
	  Index Cond: (id = ANY ('{6312523,2180365,1996332,8397981,6552179,323633,7551251,1336496,6901393,2495566}'::integer[]))

table 5 : explain SELECT c FROM sbtest5 WHERE id IN ( 6312523, 2180365, 1996332, 8397981, 6552179, 323633, 7551251, 1336496, 6901393, 2495566)
	Index Scan using sbtest5_pkey on sbtest5  (cost=0.43..83.59 rows=10 width=121)
	  Index Cond: (id = ANY ('{6312523,2180365,1996332,8397981,6552179,323633,7551251,1336496,6901393,2495566}'::integer[]))

table 6 : explain SELECT c FROM sbtest6 WHERE id IN ( 6312523, 2180365, 1996332, 8397981, 6552179, 323633, 7551251, 1336496, 6901393, 2495566)
	Index Scan using sbtest6_pkey on sbtest6  (cost=0.43..83.68 rows=10 width=121)
	  Index Cond: (id = ANY ('{6312523,2180365,1996332,8397981,6552179,323633,7551251,1336496,6901393,2495566}'::integer[]))

table 7 : explain SELECT c FROM sbtest7 WHERE id IN ( 6312523, 2180365, 1996332, 8397981, 6552179, 323633, 7551251, 1336496, 6901393, 2495566)
	Index Scan using sbtest7_pkey on sbtest7  (cost=0.43..83.62 rows=10 width=121)
	  Index Cond: (id = ANY ('{6312523,2180365,1996332,8397981,6552179,323633,7551251,1336496,6901393,2495566}'::integer[]))

table 8 : explain SELECT c FROM sbtest8 WHERE id IN ( 6312523, 2180365, 1996332, 8397981, 6552179, 323633, 7551251, 1336496, 6901393, 2495566)
	Index Scan using sbtest8_pkey on sbtest8  (cost=0.43..83.66 rows=10 width=121)
	  Index Cond: (id = ANY ('{6312523,2180365,1996332,8397981,6552179,323633,7551251,1336496,6901393,2495566}'::integer[]))

for select-inlist
table 1 : explain SELECT c FROM sbtest1 WHERE id IN ( 5816407, 9199810, 4930427, 7461569, 3830271, 5791987, 5632133, 2141171, 786746, 1002310)
	Index Scan using sbtest1_pkey on sbtest1  (cost=0.43..83.67 rows=10 width=121)
	  Index Cond: (id = ANY ('{5816407,9199810,4930427,7461569,3830271,5791987,5632133,2141171,786746,1002310}'::integer[]))

table 2 : explain SELECT c FROM sbtest2 WHERE id IN ( 5816407, 9199810, 4930427, 7461569, 3830271, 5791987, 5632133, 2141171, 786746, 1002310)
	Index Scan using sbtest2_pkey on sbtest2  (cost=0.43..83.64 rows=10 width=121)
	  Index Cond: (id = ANY ('{5816407,9199810,4930427,7461569,3830271,5791987,5632133,2141171,786746,1002310}'::integer[]))

table 3 : explain SELECT c FROM sbtest3 WHERE id IN ( 5816407, 9199810, 4930427, 7461569, 3830271, 5791987, 5632133, 2141171, 786746, 1002310)
	Index Scan using sbtest3_pkey on sbtest3  (cost=0.43..83.80 rows=10 width=121)
	  Index Cond: (id = ANY ('{5816407,9199810,4930427,7461569,3830271,5791987,5632133,2141171,786746,1002310}'::integer[]))

table 4 : explain SELECT c FROM sbtest4 WHERE id IN ( 5816407, 9199810, 4930427, 7461569, 3830271, 5791987, 5632133, 2141171, 786746, 1002310)
	Index Scan using sbtest4_pkey on sbtest4  (cost=0.43..83.78 rows=10 width=121)
	  Index Cond: (id = ANY ('{5816407,9199810,4930427,7461569,3830271,5791987,5632133,2141171,786746,1002310}'::integer[]))

table 5 : explain SELECT c FROM sbtest5 WHERE id IN ( 5816407, 9199810, 4930427, 7461569, 3830271, 5791987, 5632133, 2141171, 786746, 1002310)
	Index Scan using sbtest5_pkey on sbtest5  (cost=0.43..83.59 rows=10 width=121)
	  Index Cond: (id = ANY ('{5816407,9199810,4930427,7461569,3830271,5791987,5632133,2141171,786746,1002310}'::integer[]))

table 6 : explain SELECT c FROM sbtest6 WHERE id IN ( 5816407, 9199810, 4930427, 7461569, 3830271, 5791987, 5632133, 2141171, 786746, 1002310)
	Index Scan using sbtest6_pkey on sbtest6  (cost=0.43..83.68 rows=10 width=121)
	  Index Cond: (id = ANY ('{5816407,9199810,4930427,7461569,3830271,5791987,5632133,2141171,786746,1002310}'::integer[]))

table 7 : explain SELECT c FROM sbtest7 WHERE id IN ( 5816407, 9199810, 4930427, 7461569, 3830271, 5791987, 5632133, 2141171, 786746, 1002310)
	Index Scan using sbtest7_pkey on sbtest7  (cost=0.43..83.62 rows=10 width=121)
	  Index Cond: (id = ANY ('{5816407,9199810,4930427,7461569,3830271,5791987,5632133,2141171,786746,1002310}'::integer[]))

table 8 : explain SELECT c FROM sbtest8 WHERE id IN ( 5816407, 9199810, 4930427, 7461569, 3830271, 5791987, 5632133, 2141171, 786746, 1002310)
	Index Scan using sbtest8_pkey on sbtest8  (cost=0.43..83.66 rows=10 width=121)
	  Index Cond: (id = ANY ('{5816407,9199810,4930427,7461569,3830271,5791987,5632133,2141171,786746,1002310}'::integer[]))

explain: for select-inlist :: explain SELECT c FROM sbtest%d WHERE id IN ( 2232621, 9853761, 3202739, 4740646, 9590661, 9450344, 5504367, 9277118, 7989093, 9460440)
for select-inlist
table 1 : explain SELECT c FROM sbtest1 WHERE id IN ( 664631, 6126723, 1709199, 5127167, 5287028, 8930124, 482481, 9236344, 896221, 4360321)
	Index Scan using sbtest1_pkey on sbtest1  (cost=0.43..83.67 rows=10 width=121)
	  Index Cond: (id = ANY ('{664631,6126723,1709199,5127167,5287028,8930124,482481,9236344,896221,4360321}'::integer[]))

table 2 : explain SELECT c FROM sbtest2 WHERE id IN ( 664631, 6126723, 1709199, 5127167, 5287028, 8930124, 482481, 9236344, 896221, 4360321)
	Index Scan using sbtest2_pkey on sbtest2  (cost=0.43..83.64 rows=10 width=121)
	  Index Cond: (id = ANY ('{664631,6126723,1709199,5127167,5287028,8930124,482481,9236344,896221,4360321}'::integer[]))

table 3 : explain SELECT c FROM sbtest3 WHERE id IN ( 664631, 6126723, 1709199, 5127167, 5287028, 8930124, 482481, 9236344, 896221, 4360321)
	Index Scan using sbtest3_pkey on sbtest3  (cost=0.43..83.80 rows=10 width=121)
	  Index Cond: (id = ANY ('{664631,6126723,1709199,5127167,5287028,8930124,482481,9236344,896221,4360321}'::integer[]))

table 4 : explain SELECT c FROM sbtest4 WHERE id IN ( 664631, 6126723, 1709199, 5127167, 5287028, 8930124, 482481, 9236344, 896221, 4360321)
	Index Scan using sbtest4_pkey on sbtest4  (cost=0.43..83.78 rows=10 width=121)
	  Index Cond: (id = ANY ('{664631,6126723,1709199,5127167,5287028,8930124,482481,9236344,896221,4360321}'::integer[]))

table 5 : explain SELECT c FROM sbtest5 WHERE id IN ( 664631, 6126723, 1709199, 5127167, 5287028, 8930124, 482481, 9236344, 896221, 4360321)
	Index Scan using sbtest5_pkey on sbtest5  (cost=0.43..83.59 rows=10 width=121)
	  Index Cond: (id = ANY ('{664631,6126723,1709199,5127167,5287028,8930124,482481,9236344,896221,4360321}'::integer[]))

table 6 : explain SELECT c FROM sbtest6 WHERE id IN ( 664631, 6126723, 1709199, 5127167, 5287028, 8930124, 482481, 9236344, 896221, 4360321)
	Index Scan using sbtest6_pkey on sbtest6  (cost=0.43..83.68 rows=10 width=121)
	  Index Cond: (id = ANY ('{664631,6126723,1709199,5127167,5287028,8930124,482481,9236344,896221,4360321}'::integer[]))

table 7 : explain SELECT c FROM sbtest7 WHERE id IN ( 664631, 6126723, 1709199, 5127167, 5287028, 8930124, 482481, 9236344, 896221, 4360321)
	Index Scan using sbtest7_pkey on sbtest7  (cost=0.43..83.62 rows=10 width=121)
	  Index Cond: (id = ANY ('{664631,6126723,1709199,5127167,5287028,8930124,482481,9236344,896221,4360321}'::integer[]))

table 8 : explain SELECT c FROM sbtest8 WHERE id IN ( 664631, 6126723, 1709199, 5127167, 5287028, 8930124, 482481, 9236344, 896221, 4360321)
	Index Scan using sbtest8_pkey on sbtest8  (cost=0.43..83.66 rows=10 width=121)
	  Index Cond: (id = ANY ('{664631,6126723,1709199,5127167,5287028,8930124,482481,9236344,896221,4360321}'::integer[]))

for select-inlist
table 1 : explain SELECT c FROM sbtest1 WHERE id IN ( 2232621, 9853761, 3202739, 4740646, 9590661, 9450344, 5504367, 9277118, 7989093, 9460440)
	Index Scan using sbtest1_pkey on sbtest1  (cost=0.43..83.67 rows=10 width=121)
	  Index Cond: (id = ANY ('{2232621,9853761,3202739,4740646,9590661,9450344,5504367,9277118,7989093,9460440}'::integer[]))

table 2 : explain SELECT c FROM sbtest2 WHERE id IN ( 2232621, 9853761, 3202739, 4740646, 9590661, 9450344, 5504367, 9277118, 7989093, 9460440)
	Index Scan using sbtest2_pkey on sbtest2  (cost=0.43..83.64 rows=10 width=121)
	  Index Cond: (id = ANY ('{2232621,9853761,3202739,4740646,9590661,9450344,5504367,9277118,7989093,9460440}'::integer[]))

table 3 : explain SELECT c FROM sbtest3 WHERE id IN ( 2232621, 9853761, 3202739, 4740646, 9590661, 9450344, 5504367, 9277118, 7989093, 9460440)
	Index Scan using sbtest3_pkey on sbtest3  (cost=0.43..83.80 rows=10 width=121)
	  Index Cond: (id = ANY ('{2232621,9853761,3202739,4740646,9590661,9450344,5504367,9277118,7989093,9460440}'::integer[]))

table 4 : explain SELECT c FROM sbtest4 WHERE id IN ( 2232621, 9853761, 3202739, 4740646, 9590661, 9450344, 5504367, 9277118, 7989093, 9460440)
	Index Scan using sbtest4_pkey on sbtest4  (cost=0.43..83.78 rows=10 width=121)
	  Index Cond: (id = ANY ('{2232621,9853761,3202739,4740646,9590661,9450344,5504367,9277118,7989093,9460440}'::integer[]))

table 5 : explain SELECT c FROM sbtest5 WHERE id IN ( 2232621, 9853761, 3202739, 4740646, 9590661, 9450344, 5504367, 9277118, 7989093, 9460440)
	Index Scan using sbtest5_pkey on sbtest5  (cost=0.43..83.59 rows=10 width=121)
	  Index Cond: (id = ANY ('{2232621,9853761,3202739,4740646,9590661,9450344,5504367,9277118,7989093,9460440}'::integer[]))

table 6 : explain SELECT c FROM sbtest6 WHERE id IN ( 2232621, 9853761, 3202739, 4740646, 9590661, 9450344, 5504367, 9277118, 7989093, 9460440)
	Index Scan using sbtest6_pkey on sbtest6  (cost=0.43..83.68 rows=10 width=121)
	  Index Cond: (id = ANY ('{2232621,9853761,3202739,4740646,9590661,9450344,5504367,9277118,7989093,9460440}'::integer[]))

table 7 : explain SELECT c FROM sbtest7 WHERE id IN ( 2232621, 9853761, 3202739, 4740646, 9590661, 9450344, 5504367, 9277118, 7989093, 9460440)
	Index Scan using sbtest7_pkey on sbtest7  (cost=0.43..83.62 rows=10 width=121)
	  Index Cond: (id = ANY ('{2232621,9853761,3202739,4740646,9590661,9450344,5504367,9277118,7989093,9460440}'::integer[]))

table 8 : explain SELECT c FROM sbtest8 WHERE id IN ( 2232621, 9853761, 3202739, 4740646, 9590661, 9450344, 5504367, 9277118, 7989093, 9460440)
	Index Scan using sbtest8_pkey on sbtest8  (cost=0.43..83.66 rows=10 width=121)
	  Index Cond: (id = ANY ('{2232621,9853761,3202739,4740646,9590661,9450344,5504367,9277118,7989093,9460440}'::integer[]))

explain: for select-inlist :: explain SELECT c FROM sbtest%d WHERE id IN ( 838905, 8050393, 7795475, 8841460, 3693434, 8397712, 4821622, 8328827, 3696803, 8078874)
explain: for select-inlist :: explain SELECT c FROM sbtest%d WHERE id IN ( 1840719, 7172438, 1089054, 8556702, 311666, 9610177, 3416657, 7856379, 3640100, 9098949)
explain: for select-inlist :: explain SELECT c FROM sbtest%d WHERE id IN ( 4270133, 9035818, 8995211, 400082, 6575604, 7334912, 1931846, 7935324, 8536237, 4430007)
for select-inlist
table 1 : explain SELECT c FROM sbtest1 WHERE id IN ( 838905, 8050393, 7795475, 8841460, 3693434, 8397712, 4821622, 8328827, 3696803, 8078874)
	Index Scan using sbtest1_pkey on sbtest1  (cost=0.43..83.67 rows=10 width=121)
	  Index Cond: (id = ANY ('{838905,8050393,7795475,8841460,3693434,8397712,4821622,8328827,3696803,8078874}'::integer[]))

table 2 : explain SELECT c FROM sbtest2 WHERE id IN ( 838905, 8050393, 7795475, 8841460, 3693434, 8397712, 4821622, 8328827, 3696803, 8078874)
	Index Scan using sbtest2_pkey on sbtest2  (cost=0.43..83.64 rows=10 width=121)
	  Index Cond: (id = ANY ('{838905,8050393,7795475,8841460,3693434,8397712,4821622,8328827,3696803,8078874}'::integer[]))

table 3 : explain SELECT c FROM sbtest3 WHERE id IN ( 838905, 8050393, 7795475, 8841460, 3693434, 8397712, 4821622, 8328827, 3696803, 8078874)
	Index Scan using sbtest3_pkey on sbtest3  (cost=0.43..83.80 rows=10 width=121)
	  Index Cond: (id = ANY ('{838905,8050393,7795475,8841460,3693434,8397712,4821622,8328827,3696803,8078874}'::integer[]))

table 4 : explain SELECT c FROM sbtest4 WHERE id IN ( 838905, 8050393, 7795475, 8841460, 3693434, 8397712, 4821622, 8328827, 3696803, 8078874)
	Index Scan using sbtest4_pkey on sbtest4  (cost=0.43..83.78 rows=10 width=121)
	  Index Cond: (id = ANY ('{838905,8050393,7795475,8841460,3693434,8397712,4821622,8328827,3696803,8078874}'::integer[]))

table 5 : explain SELECT c FROM sbtest5 WHERE id IN ( 838905, 8050393, 7795475, 8841460, 3693434, 8397712, 4821622, 8328827, 3696803, 8078874)
	Index Scan using sbtest5_pkey on sbtest5  (cost=0.43..83.59 rows=10 width=121)
	  Index Cond: (id = ANY ('{838905,8050393,7795475,8841460,3693434,8397712,4821622,8328827,3696803,8078874}'::integer[]))

table 6 : explain SELECT c FROM sbtest6 WHERE id IN ( 838905, 8050393, 7795475, 8841460, 3693434, 8397712, 4821622, 8328827, 3696803, 8078874)
	Index Scan using sbtest6_pkey on sbtest6  (cost=0.43..83.68 rows=10 width=121)
	  Index Cond: (id = ANY ('{838905,8050393,7795475,8841460,3693434,8397712,4821622,8328827,3696803,8078874}'::integer[]))

table 7 : explain SELECT c FROM sbtest7 WHERE id IN ( 838905, 8050393, 7795475, 8841460, 3693434, 8397712, 4821622, 8328827, 3696803, 8078874)
	Index Scan using sbtest7_pkey on sbtest7  (cost=0.43..83.62 rows=10 width=121)
	  Index Cond: (id = ANY ('{838905,8050393,7795475,8841460,3693434,8397712,4821622,8328827,3696803,8078874}'::integer[]))

table 8 : explain SELECT c FROM sbtest8 WHERE id IN ( 838905, 8050393, 7795475, 8841460, 3693434, 8397712, 4821622, 8328827, 3696803, 8078874)
	Index Scan using sbtest8_pkey on sbtest8  (cost=0.43..83.66 rows=10 width=121)
	  Index Cond: (id = ANY ('{838905,8050393,7795475,8841460,3693434,8397712,4821622,8328827,3696803,8078874}'::integer[]))

for select-inlist
table 1 : explain SELECT c FROM sbtest1 WHERE id IN ( 4270133, 9035818, 8995211, 400082, 6575604, 7334912, 1931846, 7935324, 8536237, 4430007)
	Index Scan using sbtest1_pkey on sbtest1  (cost=0.43..83.67 rows=10 width=121)
	  Index Cond: (id = ANY ('{4270133,9035818,8995211,400082,6575604,7334912,1931846,7935324,8536237,4430007}'::integer[]))

table 2 : explain SELECT c FROM sbtest2 WHERE id IN ( 4270133, 9035818, 8995211, 400082, 6575604, 7334912, 1931846, 7935324, 8536237, 4430007)
	Index Scan using sbtest2_pkey on sbtest2  (cost=0.43..83.64 rows=10 width=121)
	  Index Cond: (id = ANY ('{4270133,9035818,8995211,400082,6575604,7334912,1931846,7935324,8536237,4430007}'::integer[]))

table 3 : explain SELECT c FROM sbtest3 WHERE id IN ( 4270133, 9035818, 8995211, 400082, 6575604, 7334912, 1931846, 7935324, 8536237, 4430007)
	Index Scan using sbtest3_pkey on sbtest3  (cost=0.43..83.80 rows=10 width=121)
	  Index Cond: (id = ANY ('{4270133,9035818,8995211,400082,6575604,7334912,1931846,7935324,8536237,4430007}'::integer[]))

table 4 : explain SELECT c FROM sbtest4 WHERE id IN ( 4270133, 9035818, 8995211, 400082, 6575604, 7334912, 1931846, 7935324, 8536237, 4430007)
	Index Scan using sbtest4_pkey on sbtest4  (cost=0.43..83.78 rows=10 width=121)
	  Index Cond: (id = ANY ('{4270133,9035818,8995211,400082,6575604,7334912,1931846,7935324,8536237,4430007}'::integer[]))

table 5 : explain SELECT c FROM sbtest5 WHERE id IN ( 4270133, 9035818, 8995211, 400082, 6575604, 7334912, 1931846, 7935324, 8536237, 4430007)
	Index Scan using sbtest5_pkey on sbtest5  (cost=0.43..83.59 rows=10 width=121)
	  Index Cond: (id = ANY ('{4270133,9035818,8995211,400082,6575604,7334912,1931846,7935324,8536237,4430007}'::integer[]))

table 6 : explain SELECT c FROM sbtest6 WHERE id IN ( 4270133, 9035818, 8995211, 400082, 6575604, 7334912, 1931846, 7935324, 8536237, 4430007)
	Index Scan using sbtest6_pkey on sbtest6  (cost=0.43..83.68 rows=10 width=121)
	  Index Cond: (id = ANY ('{4270133,9035818,8995211,400082,6575604,7334912,1931846,7935324,8536237,4430007}'::integer[]))

table 7 : explain SELECT c FROM sbtest7 WHERE id IN ( 4270133, 9035818, 8995211, 400082, 6575604, 7334912, 1931846, 7935324, 8536237, 4430007)
	Index Scan using sbtest7_pkey on sbtest7  (cost=0.43..83.62 rows=10 width=121)
	  Index Cond: (id = ANY ('{4270133,9035818,8995211,400082,6575604,7334912,1931846,7935324,8536237,4430007}'::integer[]))

table 8 : explain SELECT c FROM sbtest8 WHERE id IN ( 4270133, 9035818, 8995211, 400082, 6575604, 7334912, 1931846, 7935324, 8536237, 4430007)
	Index Scan using sbtest8_pkey on sbtest8  (cost=0.43..83.66 rows=10 width=121)
	  Index Cond: (id = ANY ('{4270133,9035818,8995211,400082,6575604,7334912,1931846,7935324,8536237,4430007}'::integer[]))

for select-inlist
table 1 : explain SELECT c FROM sbtest1 WHERE id IN ( 1840719, 7172438, 1089054, 8556702, 311666, 9610177, 3416657, 7856379, 3640100, 9098949)
	Index Scan using sbtest1_pkey on sbtest1  (cost=0.43..83.67 rows=10 width=121)
	  Index Cond: (id = ANY ('{1840719,7172438,1089054,8556702,311666,9610177,3416657,7856379,3640100,9098949}'::integer[]))

table 2 : explain SELECT c FROM sbtest2 WHERE id IN ( 1840719, 7172438, 1089054, 8556702, 311666, 9610177, 3416657, 7856379, 3640100, 9098949)
	Index Scan using sbtest2_pkey on sbtest2  (cost=0.43..83.64 rows=10 width=121)
	  Index Cond: (id = ANY ('{1840719,7172438,1089054,8556702,311666,9610177,3416657,7856379,3640100,9098949}'::integer[]))

table 3 : explain SELECT c FROM sbtest3 WHERE id IN ( 1840719, 7172438, 1089054, 8556702, 311666, 9610177, 3416657, 7856379, 3640100, 9098949)
	Index Scan using sbtest3_pkey on sbtest3  (cost=0.43..83.80 rows=10 width=121)
	  Index Cond: (id = ANY ('{1840719,7172438,1089054,8556702,311666,9610177,3416657,7856379,3640100,9098949}'::integer[]))

table 4 : explain SELECT c FROM sbtest4 WHERE id IN ( 1840719, 7172438, 1089054, 8556702, 311666, 9610177, 3416657, 7856379, 3640100, 9098949)
	Index Scan using sbtest4_pkey on sbtest4  (cost=0.43..83.78 rows=10 width=121)
	  Index Cond: (id = ANY ('{1840719,7172438,1089054,8556702,311666,9610177,3416657,7856379,3640100,9098949}'::integer[]))

table 5 : explain SELECT c FROM sbtest5 WHERE id IN ( 1840719, 7172438, 1089054, 8556702, 311666, 9610177, 3416657, 7856379, 3640100, 9098949)
	Index Scan using sbtest5_pkey on sbtest5  (cost=0.43..83.59 rows=10 width=121)
	  Index Cond: (id = ANY ('{1840719,7172438,1089054,8556702,311666,9610177,3416657,7856379,3640100,9098949}'::integer[]))

table 6 : explain SELECT c FROM sbtest6 WHERE id IN ( 1840719, 7172438, 1089054, 8556702, 311666, 9610177, 3416657, 7856379, 3640100, 9098949)
	Index Scan using sbtest6_pkey on sbtest6  (cost=0.43..83.68 rows=10 width=121)
	  Index Cond: (id = ANY ('{1840719,7172438,1089054,8556702,311666,9610177,3416657,7856379,3640100,9098949}'::integer[]))

table 7 : explain SELECT c FROM sbtest7 WHERE id IN ( 1840719, 7172438, 1089054, 8556702, 311666, 9610177, 3416657, 7856379, 3640100, 9098949)
	Index Scan using sbtest7_pkey on sbtest7  (cost=0.43..83.62 rows=10 width=121)
	  Index Cond: (id = ANY ('{1840719,7172438,1089054,8556702,311666,9610177,3416657,7856379,3640100,9098949}'::integer[]))

table 8 : explain SELECT c FROM sbtest8 WHERE id IN ( 1840719, 7172438, 1089054, 8556702, 311666, 9610177, 3416657, 7856379, 3640100, 9098949)
	Index Scan using sbtest8_pkey on sbtest8  (cost=0.43..83.66 rows=10 width=121)
	  Index Cond: (id = ANY ('{1840719,7172438,1089054,8556702,311666,9610177,3416657,7856379,3640100,9098949}'::integer[]))

Threads started!

Warming up for 5 seconds...

SQL statistics:
    queries performed:
        read:                            296025784
        write:                           0
        other:                           0
        total:                           296025784
    transactions:                        296025784 (469875.87 per sec.)
    queries:                             296025784 (469875.87 per sec.)
    ignored errors:                      0      (0.00 per sec.)
    reconnects:                          0      (0.00 per sec.)

Throughput:
    events/s (eps):                      469875.8667
    time elapsed:                        630.0086s
    total number of events:              296025784

Latency (ms):
         min:                                    0.07
         avg:                                    0.08
         max:                                   16.14
         95th percentile:                        0.09
         sum:                             25035464.58

Threads fairness:
    events (avg/stddev):           7400638.5000/37833.63
    execution time (avg/stddev):   625.8866/0.16

