LUA_PATH=/home/mdcallag/git/mytools/bench/sysbench.lua/lua/?.lua /home/mdcallag/git/mytools/bench/sysbench.lua/lua/sysbench --db-driver=pgsql --range-size=100 --table-size=10000000 --tables=8 --threads=40 --events=0 --warmup-time=5 --time=630 --pgsql_conn_id=true /home/mdcallag/git/mytools/bench/sysbench.lua/lua/oltp_point_select.lua run --pgsql-user=root --pgsql-password=pw --pgsql-host=127.0.0.1 --pgsql-db=ib --rand-type=uniform --skip-trx
48 CPUs
sysbench 1.1.0-9072687 (using bundled LuaJIT 2.1.0-beta3)

Running the test with following options:
Number of threads: 40
Warmup time: 5s
Initializing random number generator from current time


Initializing worker threads...

explain: for point_selects :: explain SELECT c FROM sbtest%u WHERE id=%u
explain: for point_selects :: explain SELECT c FROM sbtest%u WHERE id=%u
explain: for point_selects :: explain SELECT c FROM sbtest%u WHERE id=%u
explain: for point_selects :: explain SELECT c FROM sbtest%u WHERE id=%u
explain: for point_selects :: explain SELECT c FROM sbtest%u WHERE id=%u
explain: for point_selects :: explain SELECT c FROM sbtest%u WHERE id=%u
explain: for point_selects :: explain SELECT c FROM sbtest%u WHERE id=%u
explain: for point_selects :: explain SELECT c FROM sbtest%u WHERE id=%u
explain: for point_selects :: explain SELECT c FROM sbtest%u WHERE id=%u
for point_selects
table 1 : explain SELECT c FROM sbtest1 WHERE id=1799959
	Index Scan using sbtest1_pkey on sbtest1  (cost=0.43..8.45 rows=1 width=121)
	  Index Cond: (id = 1799959)

table 2 : explain SELECT c FROM sbtest2 WHERE id=5251422
	Index Scan using sbtest2_pkey on sbtest2  (cost=0.43..8.45 rows=1 width=121)
	  Index Cond: (id = 5251422)

table 3 : explain SELECT c FROM sbtest3 WHERE id=9504647
	Index Scan using sbtest3_pkey on sbtest3  (cost=0.43..8.45 rows=1 width=121)
	  Index Cond: (id = 9504647)

table 4 : explain SELECT c FROM sbtest4 WHERE id=4953286
	Index Scan using sbtest4_pkey on sbtest4  (cost=0.43..8.45 rows=1 width=121)
	  Index Cond: (id = 4953286)

table 5 : explain SELECT c FROM sbtest5 WHERE id=5827221
	Index Scan using sbtest5_pkey on sbtest5  (cost=0.43..8.45 rows=1 width=121)
	  Index Cond: (id = 5827221)

table 6 : explain SELECT c FROM sbtest6 WHERE id=6776170
	Index Scan using sbtest6_pkey on sbtest6  (cost=0.43..8.45 rows=1 width=121)
	  Index Cond: (id = 6776170)

table 7 : explain SELECT c FROM sbtest7 WHERE id=4917003
	Index Scan using sbtest7_pkey on sbtest7  (cost=0.43..8.45 rows=1 width=121)
	  Index Cond: (id = 4917003)

table 8 : explain SELECT c FROM sbtest8 WHERE id=1237666
	Index Scan using sbtest8_pkey on sbtest8  (cost=0.43..8.45 rows=1 width=121)
	  Index Cond: (id = 1237666)

explain: for point_selects :: explain SELECT c FROM sbtest%u WHERE id=%u
for point_selects
table 1 : explain SELECT c FROM sbtest1 WHERE id=6898115
	Index Scan using sbtest1_pkey on sbtest1  (cost=0.43..8.45 rows=1 width=121)
	  Index Cond: (id = 6898115)

table 2 : explain SELECT c FROM sbtest2 WHERE id=670737
	Index Scan using sbtest2_pkey on sbtest2  (cost=0.43..8.45 rows=1 width=121)
	  Index Cond: (id = 670737)

table 3 : explain SELECT c FROM sbtest3 WHERE id=6244591
	Index Scan using sbtest3_pkey on sbtest3  (cost=0.43..8.45 rows=1 width=121)
	  Index Cond: (id = 6244591)

table 4 : explain SELECT c FROM sbtest4 WHERE id=9686084
	Index Scan using sbtest4_pkey on sbtest4  (cost=0.43..8.45 rows=1 width=121)
	  Index Cond: (id = 9686084)

table 5 : explain SELECT c FROM sbtest5 WHERE id=1005277
	Index Scan using sbtest5_pkey on sbtest5  (cost=0.43..8.45 rows=1 width=121)
	  Index Cond: (id = 1005277)

table 6 : explain SELECT c FROM sbtest6 WHERE id=8514085
	Index Scan using sbtest6_pkey on sbtest6  (cost=0.43..8.45 rows=1 width=121)
	  Index Cond: (id = 8514085)

table 7 : explain SELECT c FROM sbtest7 WHERE id=740151
	Index Scan using sbtest7_pkey on sbtest7  (cost=0.43..8.45 rows=1 width=121)
	  Index Cond: (id = 740151)

table 8 : explain SELECT c FROM sbtest8 WHERE id=2182544
	Index Scan using sbtest8_pkey on sbtest8  (cost=0.43..8.45 rows=1 width=121)
	  Index Cond: (id = 2182544)

for point_selects
table 1 : explain SELECT c FROM sbtest1 WHERE id=1037132
	Index Scan using sbtest1_pkey on sbtest1  (cost=0.43..8.45 rows=1 width=121)
	  Index Cond: (id = 1037132)

table 2 : explain SELECT c FROM sbtest2 WHERE id=4135592
	Index Scan using sbtest2_pkey on sbtest2  (cost=0.43..8.45 rows=1 width=121)
	  Index Cond: (id = 4135592)

table 3 : explain SELECT c FROM sbtest3 WHERE id=5826780
	Index Scan using sbtest3_pkey on sbtest3  (cost=0.43..8.45 rows=1 width=121)
	  Index Cond: (id = 5826780)

table 4 : explain SELECT c FROM sbtest4 WHERE id=3174929
	Index Scan using sbtest4_pkey on sbtest4  (cost=0.43..8.45 rows=1 width=121)
	  Index Cond: (id = 3174929)

table 5 : explain SELECT c FROM sbtest5 WHERE id=8201673
	Index Scan using sbtest5_pkey on sbtest5  (cost=0.43..8.45 rows=1 width=121)
	  Index Cond: (id = 8201673)

table 6 : explain SELECT c FROM sbtest6 WHERE id=2758693
	Index Scan using sbtest6_pkey on sbtest6  (cost=0.43..8.45 rows=1 width=121)
	  Index Cond: (id = 2758693)

table 7 : explain SELECT c FROM sbtest7 WHERE id=7180729
	Index Scan using sbtest7_pkey on sbtest7  (cost=0.43..8.45 rows=1 width=121)
	  Index Cond: (id = 7180729)

table 8 : explain SELECT c FROM sbtest8 WHERE id=6963672
	Index Scan using sbtest8_pkey on sbtest8  (cost=0.43..8.45 rows=1 width=121)
	  Index Cond: (id = 6963672)

explain: for point_selects :: explain SELECT c FROM sbtest%u WHERE id=%u
for point_selects
table 1 : explain SELECT c FROM sbtest1 WHERE id=5357000
	Index Scan using sbtest1_pkey on sbtest1  (cost=0.43..8.45 rows=1 width=121)
	  Index Cond: (id = 5357000)

table 2 : explain SELECT c FROM sbtest2 WHERE id=5839356
	Index Scan using sbtest2_pkey on sbtest2  (cost=0.43..8.45 rows=1 width=121)
	  Index Cond: (id = 5839356)

table 3 : explain SELECT c FROM sbtest3 WHERE id=9995851
	Index Scan using sbtest3_pkey on sbtest3  (cost=0.43..8.45 rows=1 width=121)
	  Index Cond: (id = 9995851)

table 4 : explain SELECT c FROM sbtest4 WHERE id=5054512
	Index Scan using sbtest4_pkey on sbtest4  (cost=0.43..8.45 rows=1 width=121)
	  Index Cond: (id = 5054512)

table 5 : explain SELECT c FROM sbtest5 WHERE id=1157988
	Index Scan using sbtest5_pkey on sbtest5  (cost=0.43..8.45 rows=1 width=121)
	  Index Cond: (id = 1157988)

table 6 : explain SELECT c FROM sbtest6 WHERE id=1903633
	Index Scan using sbtest6_pkey on sbtest6  (cost=0.43..8.45 rows=1 width=121)
	  Index Cond: (id = 1903633)

table 7 : explain SELECT c FROM sbtest7 WHERE id=4385799
	Index Scan using sbtest7_pkey on sbtest7  (cost=0.43..8.45 rows=1 width=121)
	  Index Cond: (id = 4385799)

table 8 : explain SELECT c FROM sbtest8 WHERE id=8564654
	Index Scan using sbtest8_pkey on sbtest8  (cost=0.43..8.45 rows=1 width=121)
	  Index Cond: (id = 8564654)

for point_selects
table 1 : explain SELECT c FROM sbtest1 WHERE id=1223833
	Index Scan using sbtest1_pkey on sbtest1  (cost=0.43..8.45 rows=1 width=121)
	  Index Cond: (id = 1223833)

table 2 : explain SELECT c FROM sbtest2 WHERE id=5665174
	Index Scan using sbtest2_pkey on sbtest2  (cost=0.43..8.45 rows=1 width=121)
	  Index Cond: (id = 5665174)

table 3 : explain SELECT c FROM sbtest3 WHERE id=3075975
	Index Scan using sbtest3_pkey on sbtest3  (cost=0.43..8.45 rows=1 width=121)
	  Index Cond: (id = 3075975)

table 4 : explain SELECT c FROM sbtest4 WHERE id=8049337
	Index Scan using sbtest4_pkey on sbtest4  (cost=0.43..8.45 rows=1 width=121)
	  Index Cond: (id = 8049337)

table 5 : explain SELECT c FROM sbtest5 WHERE id=9461856
	Index Scan using sbtest5_pkey on sbtest5  (cost=0.43..8.45 rows=1 width=121)
	  Index Cond: (id = 9461856)

table 6 : explain SELECT c FROM sbtest6 WHERE id=4431290
	Index Scan using sbtest6_pkey on sbtest6  (cost=0.43..8.45 rows=1 width=121)
	  Index Cond: (id = 4431290)

table 7 : explain SELECT c FROM sbtest7 WHERE id=1412964
	Index Scan using sbtest7_pkey on sbtest7  (cost=0.43..8.45 rows=1 width=121)
	  Index Cond: (id = 1412964)

table 8 : explain SELECT c FROM sbtest8 WHERE id=7992826
	Index Scan using sbtest8_pkey on sbtest8  (cost=0.43..8.45 rows=1 width=121)
	  Index Cond: (id = 7992826)

explain: for point_selects :: explain SELECT c FROM sbtest%u WHERE id=%u
for point_selects
table 1 : explain SELECT c FROM sbtest1 WHERE id=2728413
	Index Scan using sbtest1_pkey on sbtest1  (cost=0.43..8.45 rows=1 width=121)
	  Index Cond: (id = 2728413)

table 2 : explain SELECT c FROM sbtest2 WHERE id=9873733
	Index Scan using sbtest2_pkey on sbtest2  (cost=0.43..8.45 rows=1 width=121)
	  Index Cond: (id = 9873733)

table 3 : explain SELECT c FROM sbtest3 WHERE id=9159155
	Index Scan using sbtest3_pkey on sbtest3  (cost=0.43..8.45 rows=1 width=121)
	  Index Cond: (id = 9159155)

table 4 : explain SELECT c FROM sbtest4 WHERE id=2824741
	Index Scan using sbtest4_pkey on sbtest4  (cost=0.43..8.45 rows=1 width=121)
	  Index Cond: (id = 2824741)

table 5 : explain SELECT c FROM sbtest5 WHERE id=2982636
	Index Scan using sbtest5_pkey on sbtest5  (cost=0.43..8.45 rows=1 width=121)
	  Index Cond: (id = 2982636)

table 6 : explain SELECT c FROM sbtest6 WHERE id=446390
	Index Scan using sbtest6_pkey on sbtest6  (cost=0.43..8.45 rows=1 width=121)
	  Index Cond: (id = 446390)

table 7 : explain SELECT c FROM sbtest7 WHERE id=6565544
	Index Scan using sbtest7_pkey on sbtest7  (cost=0.43..8.45 rows=1 width=121)
	  Index Cond: (id = 6565544)

table 8 : explain SELECT c FROM sbtest8 WHERE id=5683426
	Index Scan using sbtest8_pkey on sbtest8  (cost=0.43..8.45 rows=1 width=121)
	  Index Cond: (id = 5683426)

for point_selects
table 1 : explain SELECT c FROM sbtest1 WHERE id=2477219
	Index Scan using sbtest1_pkey on sbtest1  (cost=0.43..8.45 rows=1 width=121)
	  Index Cond: (id = 2477219)

table 2 : explain SELECT c FROM sbtest2 WHERE id=3875383
	Index Scan using sbtest2_pkey on sbtest2  (cost=0.43..8.45 rows=1 width=121)
	  Index Cond: (id = 3875383)

table 3 : explain SELECT c FROM sbtest3 WHERE id=6788346
	Index Scan using sbtest3_pkey on sbtest3  (cost=0.43..8.45 rows=1 width=121)
	  Index Cond: (id = 6788346)

table 4 : explain SELECT c FROM sbtest4 WHERE id=862871
	Index Scan using sbtest4_pkey on sbtest4  (cost=0.43..8.45 rows=1 width=121)
	  Index Cond: (id = 862871)

table 5 : explain SELECT c FROM sbtest5 WHERE id=9194480
	Index Scan using sbtest5_pkey on sbtest5  (cost=0.43..8.45 rows=1 width=121)
	  Index Cond: (id = 9194480)

table 6 : explain SELECT c FROM sbtest6 WHERE id=8326154
	Index Scan using sbtest6_pkey on sbtest6  (cost=0.43..8.45 rows=1 width=121)
	  Index Cond: (id = 8326154)

table 7 : explain SELECT c FROM sbtest7 WHERE id=3568820
	Index Scan using sbtest7_pkey on sbtest7  (cost=0.43..8.45 rows=1 width=121)
	  Index Cond: (id = 3568820)

table 8 : explain SELECT c FROM sbtest8 WHERE id=559169
	Index Scan using sbtest8_pkey on sbtest8  (cost=0.43..8.45 rows=1 width=121)
	  Index Cond: (id = 559169)

for point_selects
table 1 : explain SELECT c FROM sbtest1 WHERE id=6702061
	Index Scan using sbtest1_pkey on sbtest1  (cost=0.43..8.45 rows=1 width=121)
	  Index Cond: (id = 6702061)

table 2 : explain SELECT c FROM sbtest2 WHERE id=8561321
	Index Scan using sbtest2_pkey on sbtest2  (cost=0.43..8.45 rows=1 width=121)
	  Index Cond: (id = 8561321)

table 3 : explain SELECT c FROM sbtest3 WHERE id=4669851
	Index Scan using sbtest3_pkey on sbtest3  (cost=0.43..8.45 rows=1 width=121)
	  Index Cond: (id = 4669851)

table 4 : explain SELECT c FROM sbtest4 WHERE id=8667961
	Index Scan using sbtest4_pkey on sbtest4  (cost=0.43..8.45 rows=1 width=121)
	  Index Cond: (id = 8667961)

table 5 : explain SELECT c FROM sbtest5 WHERE id=8230128
	Index Scan using sbtest5_pkey on sbtest5  (cost=0.43..8.45 rows=1 width=121)
	  Index Cond: (id = 8230128)

table 6 : explain SELECT c FROM sbtest6 WHERE id=3489360
	Index Scan using sbtest6_pkey on sbtest6  (cost=0.43..8.45 rows=1 width=121)
	  Index Cond: (id = 3489360)

table 7 : explain SELECT c FROM sbtest7 WHERE id=336518
	Index Scan using sbtest7_pkey on sbtest7  (cost=0.43..8.45 rows=1 width=121)
	  Index Cond: (id = 336518)

table 8 : explain SELECT c FROM sbtest8 WHERE id=3632651
	Index Scan using sbtest8_pkey on sbtest8  (cost=0.43..8.45 rows=1 width=121)
	  Index Cond: (id = 3632651)

for point_selects
table 1 : explain SELECT c FROM sbtest1 WHERE id=7671178
	Index Scan using sbtest1_pkey on sbtest1  (cost=0.43..8.45 rows=1 width=121)
	  Index Cond: (id = 7671178)

table 2 : explain SELECT c FROM sbtest2 WHERE id=5337378
	Index Scan using sbtest2_pkey on sbtest2  (cost=0.43..8.45 rows=1 width=121)
	  Index Cond: (id = 5337378)

table 3 : explain SELECT c FROM sbtest3 WHERE id=1009799
	Index Scan using sbtest3_pkey on sbtest3  (cost=0.43..8.45 rows=1 width=121)
	  Index Cond: (id = 1009799)

table 4 : explain SELECT c FROM sbtest4 WHERE id=6352291
	Index Scan using sbtest4_pkey on sbtest4  (cost=0.43..8.45 rows=1 width=121)
	  Index Cond: (id = 6352291)

table 5 : explain SELECT c FROM sbtest5 WHERE id=3016166
	Index Scan using sbtest5_pkey on sbtest5  (cost=0.43..8.45 rows=1 width=121)
	  Index Cond: (id = 3016166)

table 6 : explain SELECT c FROM sbtest6 WHERE id=1951606
	Index Scan using sbtest6_pkey on sbtest6  (cost=0.43..8.45 rows=1 width=121)
	  Index Cond: (id = 1951606)

table 7 : explain SELECT c FROM sbtest7 WHERE id=8652693
	Index Scan using sbtest7_pkey on sbtest7  (cost=0.43..8.45 rows=1 width=121)
	  Index Cond: (id = 8652693)

table 8 : explain SELECT c FROM sbtest8 WHERE id=8219217
	Index Scan using sbtest8_pkey on sbtest8  (cost=0.43..8.45 rows=1 width=121)
	  Index Cond: (id = 8219217)

for point_selects
table 1 : explain SELECT c FROM sbtest1 WHERE id=5371747
	Index Scan using sbtest1_pkey on sbtest1  (cost=0.43..8.45 rows=1 width=121)
	  Index Cond: (id = 5371747)

table 2 : explain SELECT c FROM sbtest2 WHERE id=479141
	Index Scan using sbtest2_pkey on sbtest2  (cost=0.43..8.45 rows=1 width=121)
	  Index Cond: (id = 479141)

table 3 : explain SELECT c FROM sbtest3 WHERE id=515096
	Index Scan using sbtest3_pkey on sbtest3  (cost=0.43..8.45 rows=1 width=121)
	  Index Cond: (id = 515096)

table 4 : explain SELECT c FROM sbtest4 WHERE id=5638887
	Index Scan using sbtest4_pkey on sbtest4  (cost=0.43..8.45 rows=1 width=121)
	  Index Cond: (id = 5638887)

table 5 : explain SELECT c FROM sbtest5 WHERE id=2670617
	Index Scan using sbtest5_pkey on sbtest5  (cost=0.43..8.45 rows=1 width=121)
	  Index Cond: (id = 2670617)

table 6 : explain SELECT c FROM sbtest6 WHERE id=4970089
	Index Scan using sbtest6_pkey on sbtest6  (cost=0.43..8.45 rows=1 width=121)
	  Index Cond: (id = 4970089)

table 7 : explain SELECT c FROM sbtest7 WHERE id=8716268
	Index Scan using sbtest7_pkey on sbtest7  (cost=0.43..8.45 rows=1 width=121)
	  Index Cond: (id = 8716268)

table 8 : explain SELECT c FROM sbtest8 WHERE id=1753440
	Index Scan using sbtest8_pkey on sbtest8  (cost=0.43..8.45 rows=1 width=121)
	  Index Cond: (id = 1753440)

for point_selects
table 1 : explain SELECT c FROM sbtest1 WHERE id=6997657
	Index Scan using sbtest1_pkey on sbtest1  (cost=0.43..8.45 rows=1 width=121)
	  Index Cond: (id = 6997657)

table 2 : explain SELECT c FROM sbtest2 WHERE id=7188352
	Index Scan using sbtest2_pkey on sbtest2  (cost=0.43..8.45 rows=1 width=121)
	  Index Cond: (id = 7188352)

table 3 : explain SELECT c FROM sbtest3 WHERE id=45620
	Index Scan using sbtest3_pkey on sbtest3  (cost=0.43..8.45 rows=1 width=121)
	  Index Cond: (id = 45620)

table 4 : explain SELECT c FROM sbtest4 WHERE id=9554375
	Index Scan using sbtest4_pkey on sbtest4  (cost=0.43..8.45 rows=1 width=121)
	  Index Cond: (id = 9554375)

table 5 : explain SELECT c FROM sbtest5 WHERE id=6458827
	Index Scan using sbtest5_pkey on sbtest5  (cost=0.43..8.45 rows=1 width=121)
	  Index Cond: (id = 6458827)

table 6 : explain SELECT c FROM sbtest6 WHERE id=8838022
	Index Scan using sbtest6_pkey on sbtest6  (cost=0.43..8.45 rows=1 width=121)
	  Index Cond: (id = 8838022)

table 7 : explain SELECT c FROM sbtest7 WHERE id=2205940
	Index Scan using sbtest7_pkey on sbtest7  (cost=0.43..8.45 rows=1 width=121)
	  Index Cond: (id = 2205940)

table 8 : explain SELECT c FROM sbtest8 WHERE id=1052416
	Index Scan using sbtest8_pkey on sbtest8  (cost=0.43..8.45 rows=1 width=121)
	  Index Cond: (id = 1052416)

for point_selects
table 1 : explain SELECT c FROM sbtest1 WHERE id=432439
	Index Scan using sbtest1_pkey on sbtest1  (cost=0.43..8.45 rows=1 width=121)
	  Index Cond: (id = 432439)

table 2 : explain SELECT c FROM sbtest2 WHERE id=5199397
	Index Scan using sbtest2_pkey on sbtest2  (cost=0.43..8.45 rows=1 width=121)
	  Index Cond: (id = 5199397)

table 3 : explain SELECT c FROM sbtest3 WHERE id=6672289
	Index Scan using sbtest3_pkey on sbtest3  (cost=0.43..8.45 rows=1 width=121)
	  Index Cond: (id = 6672289)

table 4 : explain SELECT c FROM sbtest4 WHERE id=4188945
	Index Scan using sbtest4_pkey on sbtest4  (cost=0.43..8.45 rows=1 width=121)
	  Index Cond: (id = 4188945)

table 5 : explain SELECT c FROM sbtest5 WHERE id=842858
	Index Scan using sbtest5_pkey on sbtest5  (cost=0.43..8.45 rows=1 width=121)
	  Index Cond: (id = 842858)

table 6 : explain SELECT c FROM sbtest6 WHERE id=8295369
	Index Scan using sbtest6_pkey on sbtest6  (cost=0.43..8.45 rows=1 width=121)
	  Index Cond: (id = 8295369)

table 7 : explain SELECT c FROM sbtest7 WHERE id=4949536
	Index Scan using sbtest7_pkey on sbtest7  (cost=0.43..8.45 rows=1 width=121)
	  Index Cond: (id = 4949536)

table 8 : explain SELECT c FROM sbtest8 WHERE id=4121745
	Index Scan using sbtest8_pkey on sbtest8  (cost=0.43..8.45 rows=1 width=121)
	  Index Cond: (id = 4121745)

explain: for point_selects :: explain SELECT c FROM sbtest%u WHERE id=%u
explain: for point_selects :: explain SELECT c FROM sbtest%u WHERE id=%u
explain: for point_selects :: explain SELECT c FROM sbtest%u WHERE id=%u
for point_selects
table 1 : explain SELECT c FROM sbtest1 WHERE id=1092728
	Index Scan using sbtest1_pkey on sbtest1  (cost=0.43..8.45 rows=1 width=121)
	  Index Cond: (id = 1092728)

table 2 : explain SELECT c FROM sbtest2 WHERE id=8479732
	Index Scan using sbtest2_pkey on sbtest2  (cost=0.43..8.45 rows=1 width=121)
	  Index Cond: (id = 8479732)

table 3 : explain SELECT c FROM sbtest3 WHERE id=7011663
	Index Scan using sbtest3_pkey on sbtest3  (cost=0.43..8.45 rows=1 width=121)
	  Index Cond: (id = 7011663)

table 4 : explain SELECT c FROM sbtest4 WHERE id=5176885
	Index Scan using sbtest4_pkey on sbtest4  (cost=0.43..8.45 rows=1 width=121)
	  Index Cond: (id = 5176885)

table 5 : explain SELECT c FROM sbtest5 WHERE id=742610
	Index Scan using sbtest5_pkey on sbtest5  (cost=0.43..8.45 rows=1 width=121)
	  Index Cond: (id = 742610)

table 6 : explain SELECT c FROM sbtest6 WHERE id=576592
	Index Scan using sbtest6_pkey on sbtest6  (cost=0.43..8.45 rows=1 width=121)
	  Index Cond: (id = 576592)

table 7 : explain SELECT c FROM sbtest7 WHERE id=7687800
	Index Scan using sbtest7_pkey on sbtest7  (cost=0.43..8.45 rows=1 width=121)
	  Index Cond: (id = 7687800)

table 8 : explain SELECT c FROM sbtest8 WHERE id=9400205
	Index Scan using sbtest8_pkey on sbtest8  (cost=0.43..8.45 rows=1 width=121)
	  Index Cond: (id = 9400205)

explain: for point_selects :: explain SELECT c FROM sbtest%u WHERE id=%u
explain: for point_selects :: explain SELECT c FROM sbtest%u WHERE id=%u
explain: for point_selects :: explain SELECT c FROM sbtest%u WHERE id=%u
explain: for point_selects :: explain SELECT c FROM sbtest%u WHERE id=%u
explain: for point_selects :: explain SELECT c FROM sbtest%u WHERE id=%u
explain: for point_selects :: explain SELECT c FROM sbtest%u WHERE id=%u
for point_selects
table 1 : explain SELECT c FROM sbtest1 WHERE id=8612044
	Index Scan using sbtest1_pkey on sbtest1  (cost=0.43..8.45 rows=1 width=121)
	  Index Cond: (id = 8612044)

table 2 : explain SELECT c FROM sbtest2 WHERE id=7526868
	Index Scan using sbtest2_pkey on sbtest2  (cost=0.43..8.45 rows=1 width=121)
	  Index Cond: (id = 7526868)

table 3 : explain SELECT c FROM sbtest3 WHERE id=4015145
	Index Scan using sbtest3_pkey on sbtest3  (cost=0.43..8.45 rows=1 width=121)
	  Index Cond: (id = 4015145)

table 4 : explain SELECT c FROM sbtest4 WHERE id=5219083
	Index Scan using sbtest4_pkey on sbtest4  (cost=0.43..8.45 rows=1 width=121)
	  Index Cond: (id = 5219083)

table 5 : explain SELECT c FROM sbtest5 WHERE id=8742053
	Index Scan using sbtest5_pkey on sbtest5  (cost=0.43..8.45 rows=1 width=121)
	  Index Cond: (id = 8742053)

table 6 : explain SELECT c FROM sbtest6 WHERE id=4501874
	Index Scan using sbtest6_pkey on sbtest6  (cost=0.43..8.45 rows=1 width=121)
	  Index Cond: (id = 4501874)

table 7 : explain SELECT c FROM sbtest7 WHERE id=6835107
	Index Scan using sbtest7_pkey on sbtest7  (cost=0.43..8.45 rows=1 width=121)
	  Index Cond: (id = 6835107)

table 8 : explain SELECT c FROM sbtest8 WHERE id=8828570
	Index Scan using sbtest8_pkey on sbtest8  (cost=0.43..8.45 rows=1 width=121)
	  Index Cond: (id = 8828570)

for point_selects
table 1 : explain SELECT c FROM sbtest1 WHERE id=5257026
	Index Scan using sbtest1_pkey on sbtest1  (cost=0.43..8.45 rows=1 width=121)
	  Index Cond: (id = 5257026)

table 2 : explain SELECT c FROM sbtest2 WHERE id=1083023
	Index Scan using sbtest2_pkey on sbtest2  (cost=0.43..8.45 rows=1 width=121)
	  Index Cond: (id = 1083023)

table 3 : explain SELECT c FROM sbtest3 WHERE id=666495
	Index Scan using sbtest3_pkey on sbtest3  (cost=0.43..8.45 rows=1 width=121)
	  Index Cond: (id = 666495)

table 4 : explain SELECT c FROM sbtest4 WHERE id=6461335
	Index Scan using sbtest4_pkey on sbtest4  (cost=0.43..8.45 rows=1 width=121)
	  Index Cond: (id = 6461335)

table 5 : explain SELECT c FROM sbtest5 WHERE id=9737264
	Index Scan using sbtest5_pkey on sbtest5  (cost=0.43..8.45 rows=1 width=121)
	  Index Cond: (id = 9737264)

table 6 : explain SELECT c FROM sbtest6 WHERE id=6553628
	Index Scan using sbtest6_pkey on sbtest6  (cost=0.43..8.45 rows=1 width=121)
	  Index Cond: (id = 6553628)

table 7 : explain SELECT c FROM sbtest7 WHERE id=5147367
	Index Scan using sbtest7_pkey on sbtest7  (cost=0.43..8.45 rows=1 width=121)
	  Index Cond: (id = 5147367)

table 8 : explain SELECT c FROM sbtest8 WHERE id=2302276
	Index Scan using sbtest8_pkey on sbtest8  (cost=0.43..8.45 rows=1 width=121)
	  Index Cond: (id = 2302276)

for point_selects
table 1 : explain SELECT c FROM sbtest1 WHERE id=6710978
	Index Scan using sbtest1_pkey on sbtest1  (cost=0.43..8.45 rows=1 width=121)
	  Index Cond: (id = 6710978)

table 2 : explain SELECT c FROM sbtest2 WHERE id=9549787
	Index Scan using sbtest2_pkey on sbtest2  (cost=0.43..8.45 rows=1 width=121)
	  Index Cond: (id = 9549787)

table 3 : explain SELECT c FROM sbtest3 WHERE id=6009806
	Index Scan using sbtest3_pkey on sbtest3  (cost=0.43..8.45 rows=1 width=121)
	  Index Cond: (id = 6009806)

table 4 : explain SELECT c FROM sbtest4 WHERE id=7581400
	Index Scan using sbtest4_pkey on sbtest4  (cost=0.43..8.45 rows=1 width=121)
	  Index Cond: (id = 7581400)

table 5 : explain SELECT c FROM sbtest5 WHERE id=1990442
	Index Scan using sbtest5_pkey on sbtest5  (cost=0.43..8.45 rows=1 width=121)
	  Index Cond: (id = 1990442)

table 6 : explain SELECT c FROM sbtest6 WHERE id=9301130
	Index Scan using sbtest6_pkey on sbtest6  (cost=0.43..8.45 rows=1 width=121)
	  Index Cond: (id = 9301130)

table 7 : explain SELECT c FROM sbtest7 WHERE id=6541251
	Index Scan using sbtest7_pkey on sbtest7  (cost=0.43..8.45 rows=1 width=121)
	  Index Cond: (id = 6541251)

table 8 : explain SELECT c FROM sbtest8 WHERE id=8544690
	Index Scan using sbtest8_pkey on sbtest8  (cost=0.43..8.45 rows=1 width=121)
	  Index Cond: (id = 8544690)

explain: for point_selects :: explain SELECT c FROM sbtest%u WHERE id=%u
for point_selects
table 1 : explain SELECT c FROM sbtest1 WHERE id=4711646
	Index Scan using sbtest1_pkey on sbtest1  (cost=0.43..8.45 rows=1 width=121)
	  Index Cond: (id = 4711646)

table 2 : explain SELECT c FROM sbtest2 WHERE id=9680904
	Index Scan using sbtest2_pkey on sbtest2  (cost=0.43..8.45 rows=1 width=121)
	  Index Cond: (id = 9680904)

table 3 : explain SELECT c FROM sbtest3 WHERE id=7336554
	Index Scan using sbtest3_pkey on sbtest3  (cost=0.43..8.45 rows=1 width=121)
	  Index Cond: (id = 7336554)

table 4 : explain SELECT c FROM sbtest4 WHERE id=9610551
	Index Scan using sbtest4_pkey on sbtest4  (cost=0.43..8.45 rows=1 width=121)
	  Index Cond: (id = 9610551)

table 5 : explain SELECT c FROM sbtest5 WHERE id=8256044
	Index Scan using sbtest5_pkey on sbtest5  (cost=0.43..8.45 rows=1 width=121)
	  Index Cond: (id = 8256044)

table 6 : explain SELECT c FROM sbtest6 WHERE id=4230035
	Index Scan using sbtest6_pkey on sbtest6  (cost=0.43..8.45 rows=1 width=121)
	  Index Cond: (id = 4230035)

table 7 : explain SELECT c FROM sbtest7 WHERE id=6121924
	Index Scan using sbtest7_pkey on sbtest7  (cost=0.43..8.45 rows=1 width=121)
	  Index Cond: (id = 6121924)

table 8 : explain SELECT c FROM sbtest8 WHERE id=5624762
	Index Scan using sbtest8_pkey on sbtest8  (cost=0.43..8.45 rows=1 width=121)
	  Index Cond: (id = 5624762)

for point_selects
table 1 : explain SELECT c FROM sbtest1 WHERE id=9284365
	Index Scan using sbtest1_pkey on sbtest1  (cost=0.43..8.45 rows=1 width=121)
	  Index Cond: (id = 9284365)

table 2 : explain SELECT c FROM sbtest2 WHERE id=3473595
	Index Scan using sbtest2_pkey on sbtest2  (cost=0.43..8.45 rows=1 width=121)
	  Index Cond: (id = 3473595)

table 3 : explain SELECT c FROM sbtest3 WHERE id=903547
	Index Scan using sbtest3_pkey on sbtest3  (cost=0.43..8.45 rows=1 width=121)
	  Index Cond: (id = 903547)

table 4 : explain SELECT c FROM sbtest4 WHERE id=6569729
	Index Scan using sbtest4_pkey on sbtest4  (cost=0.43..8.45 rows=1 width=121)
	  Index Cond: (id = 6569729)

table 5 : explain SELECT c FROM sbtest5 WHERE id=3749991
	Index Scan using sbtest5_pkey on sbtest5  (cost=0.43..8.45 rows=1 width=121)
	  Index Cond: (id = 3749991)

table 6 : explain SELECT c FROM sbtest6 WHERE id=677422
	Index Scan using sbtest6_pkey on sbtest6  (cost=0.43..8.45 rows=1 width=121)
	  Index Cond: (id = 677422)

table 7 : explain SELECT c FROM sbtest7 WHERE id=9253796
	Index Scan using sbtest7_pkey on sbtest7  (cost=0.43..8.45 rows=1 width=121)
	  Index Cond: (id = 9253796)

table 8 : explain SELECT c FROM sbtest8 WHERE id=7513657
	Index Scan using sbtest8_pkey on sbtest8  (cost=0.43..8.45 rows=1 width=121)
	  Index Cond: (id = 7513657)

for point_selects
table 1 : explain SELECT c FROM sbtest1 WHERE id=3307338
	Index Scan using sbtest1_pkey on sbtest1  (cost=0.43..8.45 rows=1 width=121)
	  Index Cond: (id = 3307338)

table 2 : explain SELECT c FROM sbtest2 WHERE id=2287529
	Index Scan using sbtest2_pkey on sbtest2  (cost=0.43..8.45 rows=1 width=121)
	  Index Cond: (id = 2287529)

table 3 : explain SELECT c FROM sbtest3 WHERE id=7671399
	Index Scan using sbtest3_pkey on sbtest3  (cost=0.43..8.45 rows=1 width=121)
	  Index Cond: (id = 7671399)

table 4 : explain SELECT c FROM sbtest4 WHERE id=353241
	Index Scan using sbtest4_pkey on sbtest4  (cost=0.43..8.45 rows=1 width=121)
	  Index Cond: (id = 353241)

table 5 : explain SELECT c FROM sbtest5 WHERE id=3586741
	Index Scan using sbtest5_pkey on sbtest5  (cost=0.43..8.45 rows=1 width=121)
	  Index Cond: (id = 3586741)

table 6 : explain SELECT c FROM sbtest6 WHERE id=7578693
	Index Scan using sbtest6_pkey on sbtest6  (cost=0.43..8.45 rows=1 width=121)
	  Index Cond: (id = 7578693)

table 7 : explain SELECT c FROM sbtest7 WHERE id=7452956
	Index Scan using sbtest7_pkey on sbtest7  (cost=0.43..8.45 rows=1 width=121)
	  Index Cond: (id = 7452956)

table 8 : explain SELECT c FROM sbtest8 WHERE id=8400681
	Index Scan using sbtest8_pkey on sbtest8  (cost=0.43..8.45 rows=1 width=121)
	  Index Cond: (id = 8400681)

for point_selects
table 1 : explain SELECT c FROM sbtest1 WHERE id=2696483
	Index Scan using sbtest1_pkey on sbtest1  (cost=0.43..8.45 rows=1 width=121)
	  Index Cond: (id = 2696483)

table 2 : explain SELECT c FROM sbtest2 WHERE id=9984234
	Index Scan using sbtest2_pkey on sbtest2  (cost=0.43..8.45 rows=1 width=121)
	  Index Cond: (id = 9984234)

table 3 : explain SELECT c FROM sbtest3 WHERE id=9480002
	Index Scan using sbtest3_pkey on sbtest3  (cost=0.43..8.45 rows=1 width=121)
	  Index Cond: (id = 9480002)

table 4 : explain SELECT c FROM sbtest4 WHERE id=1011850
	Index Scan using sbtest4_pkey on sbtest4  (cost=0.43..8.45 rows=1 width=121)
	  Index Cond: (id = 1011850)

table 5 : explain SELECT c FROM sbtest5 WHERE id=6134885
	Index Scan using sbtest5_pkey on sbtest5  (cost=0.43..8.45 rows=1 width=121)
	  Index Cond: (id = 6134885)

table 6 : explain SELECT c FROM sbtest6 WHERE id=9577016
	Index Scan using sbtest6_pkey on sbtest6  (cost=0.43..8.45 rows=1 width=121)
	  Index Cond: (id = 9577016)

table 7 : explain SELECT c FROM sbtest7 WHERE id=7077654
	Index Scan using sbtest7_pkey on sbtest7  (cost=0.43..8.45 rows=1 width=121)
	  Index Cond: (id = 7077654)

table 8 : explain SELECT c FROM sbtest8 WHERE id=6309600
	Index Scan using sbtest8_pkey on sbtest8  (cost=0.43..8.45 rows=1 width=121)
	  Index Cond: (id = 6309600)

explain: for point_selects :: explain SELECT c FROM sbtest%u WHERE id=%u
explain: for point_selects :: explain SELECT c FROM sbtest%u WHERE id=%u
for point_selects
table 1 : explain SELECT c FROM sbtest1 WHERE id=552319
	Index Scan using sbtest1_pkey on sbtest1  (cost=0.43..8.45 rows=1 width=121)
	  Index Cond: (id = 552319)

table 2 : explain SELECT c FROM sbtest2 WHERE id=9217009
	Index Scan using sbtest2_pkey on sbtest2  (cost=0.43..8.45 rows=1 width=121)
	  Index Cond: (id = 9217009)

table 3 : explain SELECT c FROM sbtest3 WHERE id=9290309
	Index Scan using sbtest3_pkey on sbtest3  (cost=0.43..8.45 rows=1 width=121)
	  Index Cond: (id = 9290309)

table 4 : explain SELECT c FROM sbtest4 WHERE id=7865211
	Index Scan using sbtest4_pkey on sbtest4  (cost=0.43..8.45 rows=1 width=121)
	  Index Cond: (id = 7865211)

table 5 : explain SELECT c FROM sbtest5 WHERE id=7495466
	Index Scan using sbtest5_pkey on sbtest5  (cost=0.43..8.45 rows=1 width=121)
	  Index Cond: (id = 7495466)

table 6 : explain SELECT c FROM sbtest6 WHERE id=6330688
	Index Scan using sbtest6_pkey on sbtest6  (cost=0.43..8.45 rows=1 width=121)
	  Index Cond: (id = 6330688)

table 7 : explain SELECT c FROM sbtest7 WHERE id=2335471
	Index Scan using sbtest7_pkey on sbtest7  (cost=0.43..8.45 rows=1 width=121)
	  Index Cond: (id = 2335471)

table 8 : explain SELECT c FROM sbtest8 WHERE id=7508845
	Index Scan using sbtest8_pkey on sbtest8  (cost=0.43..8.45 rows=1 width=121)
	  Index Cond: (id = 7508845)

for point_selects
table 1 : explain SELECT c FROM sbtest1 WHERE id=9977880
	Index Scan using sbtest1_pkey on sbtest1  (cost=0.43..8.45 rows=1 width=121)
	  Index Cond: (id = 9977880)

table 2 : explain SELECT c FROM sbtest2 WHERE id=5567727
	Index Scan using sbtest2_pkey on sbtest2  (cost=0.43..8.45 rows=1 width=121)
	  Index Cond: (id = 5567727)

table 3 : explain SELECT c FROM sbtest3 WHERE id=7830642
	Index Scan using sbtest3_pkey on sbtest3  (cost=0.43..8.45 rows=1 width=121)
	  Index Cond: (id = 7830642)

table 4 : explain SELECT c FROM sbtest4 WHERE id=8498576
	Index Scan using sbtest4_pkey on sbtest4  (cost=0.43..8.45 rows=1 width=121)
	  Index Cond: (id = 8498576)

table 5 : explain SELECT c FROM sbtest5 WHERE id=5424995
	Index Scan using sbtest5_pkey on sbtest5  (cost=0.43..8.45 rows=1 width=121)
	  Index Cond: (id = 5424995)

table 6 : explain SELECT c FROM sbtest6 WHERE id=8437068
	Index Scan using sbtest6_pkey on sbtest6  (cost=0.43..8.45 rows=1 width=121)
	  Index Cond: (id = 8437068)

table 7 : explain SELECT c FROM sbtest7 WHERE id=2785726
	Index Scan using sbtest7_pkey on sbtest7  (cost=0.43..8.45 rows=1 width=121)
	  Index Cond: (id = 2785726)

table 8 : explain SELECT c FROM sbtest8 WHERE id=8045330
	Index Scan using sbtest8_pkey on sbtest8  (cost=0.43..8.45 rows=1 width=121)
	  Index Cond: (id = 8045330)

explain: for point_selects :: explain SELECT c FROM sbtest%u WHERE id=%u
explain: for point_selects :: explain SELECT c FROM sbtest%u WHERE id=%u
explain: for point_selects :: explain SELECT c FROM sbtest%u WHERE id=%u
for point_selects
table 1 : explain SELECT c FROM sbtest1 WHERE id=1088914
	Index Scan using sbtest1_pkey on sbtest1  (cost=0.43..8.45 rows=1 width=121)
	  Index Cond: (id = 1088914)

table 2 : explain SELECT c FROM sbtest2 WHERE id=8165376
	Index Scan using sbtest2_pkey on sbtest2  (cost=0.43..8.45 rows=1 width=121)
	  Index Cond: (id = 8165376)

table 3 : explain SELECT c FROM sbtest3 WHERE id=9689753
	Index Scan using sbtest3_pkey on sbtest3  (cost=0.43..8.45 rows=1 width=121)
	  Index Cond: (id = 9689753)

table 4 : explain SELECT c FROM sbtest4 WHERE id=8014430
	Index Scan using sbtest4_pkey on sbtest4  (cost=0.43..8.45 rows=1 width=121)
	  Index Cond: (id = 8014430)

table 5 : explain SELECT c FROM sbtest5 WHERE id=6767390
	Index Scan using sbtest5_pkey on sbtest5  (cost=0.43..8.45 rows=1 width=121)
	  Index Cond: (id = 6767390)

table 6 : explain SELECT c FROM sbtest6 WHERE id=7016964
	Index Scan using sbtest6_pkey on sbtest6  (cost=0.43..8.45 rows=1 width=121)
	  Index Cond: (id = 7016964)

table 7 : explain SELECT c FROM sbtest7 WHERE id=8236472
	Index Scan using sbtest7_pkey on sbtest7  (cost=0.43..8.45 rows=1 width=121)
	  Index Cond: (id = 8236472)

table 8 : explain SELECT c FROM sbtest8 WHERE id=5241334
	Index Scan using sbtest8_pkey on sbtest8  (cost=0.43..8.45 rows=1 width=121)
	  Index Cond: (id = 5241334)

for point_selects
table 1 : explain SELECT c FROM sbtest1 WHERE id=2170671
	Index Scan using sbtest1_pkey on sbtest1  (cost=0.43..8.45 rows=1 width=121)
	  Index Cond: (id = 2170671)

table 2 : explain SELECT c FROM sbtest2 WHERE id=5835697
	Index Scan using sbtest2_pkey on sbtest2  (cost=0.43..8.45 rows=1 width=121)
	  Index Cond: (id = 5835697)

table 3 : explain SELECT c FROM sbtest3 WHERE id=4032901
	Index Scan using sbtest3_pkey on sbtest3  (cost=0.43..8.45 rows=1 width=121)
	  Index Cond: (id = 4032901)

table 4 : explain SELECT c FROM sbtest4 WHERE id=6502765
	Index Scan using sbtest4_pkey on sbtest4  (cost=0.43..8.45 rows=1 width=121)
	  Index Cond: (id = 6502765)

table 5 : explain SELECT c FROM sbtest5 WHERE id=7596162
	Index Scan using sbtest5_pkey on sbtest5  (cost=0.43..8.45 rows=1 width=121)
	  Index Cond: (id = 7596162)

table 6 : explain SELECT c FROM sbtest6 WHERE id=3600777
	Index Scan using sbtest6_pkey on sbtest6  (cost=0.43..8.45 rows=1 width=121)
	  Index Cond: (id = 3600777)

table 7 : explain SELECT c FROM sbtest7 WHERE id=3245058
	Index Scan using sbtest7_pkey on sbtest7  (cost=0.43..8.45 rows=1 width=121)
	  Index Cond: (id = 3245058)

table 8 : explain SELECT c FROM sbtest8 WHERE id=5963026
	Index Scan using sbtest8_pkey on sbtest8  (cost=0.43..8.45 rows=1 width=121)
	  Index Cond: (id = 5963026)

explain: for point_selects :: explain SELECT c FROM sbtest%u WHERE id=%u
for point_selects
table 1 : explain SELECT c FROM sbtest1 WHERE id=20855
	Index Scan using sbtest1_pkey on sbtest1  (cost=0.43..8.45 rows=1 width=121)
	  Index Cond: (id = 20855)

table 2 : explain SELECT c FROM sbtest2 WHERE id=5258007
	Index Scan using sbtest2_pkey on sbtest2  (cost=0.43..8.45 rows=1 width=121)
	  Index Cond: (id = 5258007)

table 3 : explain SELECT c FROM sbtest3 WHERE id=4325259
	Index Scan using sbtest3_pkey on sbtest3  (cost=0.43..8.45 rows=1 width=121)
	  Index Cond: (id = 4325259)

table 4 : explain SELECT c FROM sbtest4 WHERE id=6114927
	Index Scan using sbtest4_pkey on sbtest4  (cost=0.43..8.45 rows=1 width=121)
	  Index Cond: (id = 6114927)

table 5 : explain SELECT c FROM sbtest5 WHERE id=2787261
	Index Scan using sbtest5_pkey on sbtest5  (cost=0.43..8.45 rows=1 width=121)
	  Index Cond: (id = 2787261)

table 6 : explain SELECT c FROM sbtest6 WHERE id=658449
	Index Scan using sbtest6_pkey on sbtest6  (cost=0.43..8.45 rows=1 width=121)
	  Index Cond: (id = 658449)

table 7 : explain SELECT c FROM sbtest7 WHERE id=9900104
	Index Scan using sbtest7_pkey on sbtest7  (cost=0.43..8.45 rows=1 width=121)
	  Index Cond: (id = 9900104)

table 8 : explain SELECT c FROM sbtest8 WHERE id=7512886
	Index Scan using sbtest8_pkey on sbtest8  (cost=0.43..8.45 rows=1 width=121)
	  Index Cond: (id = 7512886)

explain: for point_selects :: explain SELECT c FROM sbtest%u WHERE id=%u
explain: for point_selects :: explain SELECT c FROM sbtest%u WHERE id=%u
for point_selects
table 1 : explain SELECT c FROM sbtest1 WHERE id=9837763
	Index Scan using sbtest1_pkey on sbtest1  (cost=0.43..8.45 rows=1 width=121)
	  Index Cond: (id = 9837763)

table 2 : explain SELECT c FROM sbtest2 WHERE id=3266304
	Index Scan using sbtest2_pkey on sbtest2  (cost=0.43..8.45 rows=1 width=121)
	  Index Cond: (id = 3266304)

table 3 : explain SELECT c FROM sbtest3 WHERE id=7055254
	Index Scan using sbtest3_pkey on sbtest3  (cost=0.43..8.45 rows=1 width=121)
	  Index Cond: (id = 7055254)

table 4 : explain SELECT c FROM sbtest4 WHERE id=4722496
	Index Scan using sbtest4_pkey on sbtest4  (cost=0.43..8.45 rows=1 width=121)
	  Index Cond: (id = 4722496)

table 5 : explain SELECT c FROM sbtest5 WHERE id=7055170
	Index Scan using sbtest5_pkey on sbtest5  (cost=0.43..8.45 rows=1 width=121)
	  Index Cond: (id = 7055170)

table 6 : explain SELECT c FROM sbtest6 WHERE id=2397419
	Index Scan using sbtest6_pkey on sbtest6  (cost=0.43..8.45 rows=1 width=121)
	  Index Cond: (id = 2397419)

table 7 : explain SELECT c FROM sbtest7 WHERE id=7665163
	Index Scan using sbtest7_pkey on sbtest7  (cost=0.43..8.45 rows=1 width=121)
	  Index Cond: (id = 7665163)

table 8 : explain SELECT c FROM sbtest8 WHERE id=4508931
	Index Scan using sbtest8_pkey on sbtest8  (cost=0.43..8.45 rows=1 width=121)
	  Index Cond: (id = 4508931)

for point_selects
table 1 : explain SELECT c FROM sbtest1 WHERE id=1421857
	Index Scan using sbtest1_pkey on sbtest1  (cost=0.43..8.45 rows=1 width=121)
	  Index Cond: (id = 1421857)

table 2 : explain SELECT c FROM sbtest2 WHERE id=1466307
	Index Scan using sbtest2_pkey on sbtest2  (cost=0.43..8.45 rows=1 width=121)
	  Index Cond: (id = 1466307)

table 3 : explain SELECT c FROM sbtest3 WHERE id=9420399
	Index Scan using sbtest3_pkey on sbtest3  (cost=0.43..8.45 rows=1 width=121)
	  Index Cond: (id = 9420399)

table 4 : explain SELECT c FROM sbtest4 WHERE id=3272579
	Index Scan using sbtest4_pkey on sbtest4  (cost=0.43..8.45 rows=1 width=121)
	  Index Cond: (id = 3272579)

table 5 : explain SELECT c FROM sbtest5 WHERE id=746043
	Index Scan using sbtest5_pkey on sbtest5  (cost=0.43..8.45 rows=1 width=121)
	  Index Cond: (id = 746043)

table 6 : explain SELECT c FROM sbtest6 WHERE id=8974285
	Index Scan using sbtest6_pkey on sbtest6  (cost=0.43..8.45 rows=1 width=121)
	  Index Cond: (id = 8974285)

table 7 : explain SELECT c FROM sbtest7 WHERE id=9999457
	Index Scan using sbtest7_pkey on sbtest7  (cost=0.43..8.45 rows=1 width=121)
	  Index Cond: (id = 9999457)

table 8 : explain SELECT c FROM sbtest8 WHERE id=4263314
	Index Scan using sbtest8_pkey on sbtest8  (cost=0.43..8.45 rows=1 width=121)
	  Index Cond: (id = 4263314)

explain: for point_selects :: explain SELECT c FROM sbtest%u WHERE id=%u
for point_selects
table 1 : explain SELECT c FROM sbtest1 WHERE id=8113044
	Index Scan using sbtest1_pkey on sbtest1  (cost=0.43..8.45 rows=1 width=121)
	  Index Cond: (id = 8113044)

table 2 : explain SELECT c FROM sbtest2 WHERE id=9600049
	Index Scan using sbtest2_pkey on sbtest2  (cost=0.43..8.45 rows=1 width=121)
	  Index Cond: (id = 9600049)

table 3 : explain SELECT c FROM sbtest3 WHERE id=5462978
	Index Scan using sbtest3_pkey on sbtest3  (cost=0.43..8.45 rows=1 width=121)
	  Index Cond: (id = 5462978)

table 4 : explain SELECT c FROM sbtest4 WHERE id=2862164
	Index Scan using sbtest4_pkey on sbtest4  (cost=0.43..8.45 rows=1 width=121)
	  Index Cond: (id = 2862164)

table 5 : explain SELECT c FROM sbtest5 WHERE id=8548509
	Index Scan using sbtest5_pkey on sbtest5  (cost=0.43..8.45 rows=1 width=121)
	  Index Cond: (id = 8548509)

table 6 : explain SELECT c FROM sbtest6 WHERE id=7105900
	Index Scan using sbtest6_pkey on sbtest6  (cost=0.43..8.45 rows=1 width=121)
	  Index Cond: (id = 7105900)

table 7 : explain SELECT c FROM sbtest7 WHERE id=4070693
	Index Scan using sbtest7_pkey on sbtest7  (cost=0.43..8.45 rows=1 width=121)
	  Index Cond: (id = 4070693)

table 8 : explain SELECT c FROM sbtest8 WHERE id=9686692
	Index Scan using sbtest8_pkey on sbtest8  (cost=0.43..8.45 rows=1 width=121)
	  Index Cond: (id = 9686692)

for point_selects
table 1 : explain SELECT c FROM sbtest1 WHERE id=7382584
	Index Scan using sbtest1_pkey on sbtest1  (cost=0.43..8.45 rows=1 width=121)
	  Index Cond: (id = 7382584)

table 2 : explain SELECT c FROM sbtest2 WHERE id=8900113
	Index Scan using sbtest2_pkey on sbtest2  (cost=0.43..8.45 rows=1 width=121)
	  Index Cond: (id = 8900113)

table 3 : explain SELECT c FROM sbtest3 WHERE id=390716
	Index Scan using sbtest3_pkey on sbtest3  (cost=0.43..8.45 rows=1 width=121)
	  Index Cond: (id = 390716)

table 4 : explain SELECT c FROM sbtest4 WHERE id=3566629
	Index Scan using sbtest4_pkey on sbtest4  (cost=0.43..8.45 rows=1 width=121)
	  Index Cond: (id = 3566629)

table 5 : explain SELECT c FROM sbtest5 WHERE id=448920
	Index Scan using sbtest5_pkey on sbtest5  (cost=0.43..8.45 rows=1 width=121)
	  Index Cond: (id = 448920)

table 6 : explain SELECT c FROM sbtest6 WHERE id=1717744
	Index Scan using sbtest6_pkey on sbtest6  (cost=0.43..8.45 rows=1 width=121)
	  Index Cond: (id = 1717744)

table 7 : explain SELECT c FROM sbtest7 WHERE id=2001093
	Index Scan using sbtest7_pkey on sbtest7  (cost=0.43..8.45 rows=1 width=121)
	  Index Cond: (id = 2001093)

table 8 : explain SELECT c FROM sbtest8 WHERE id=1891169
	Index Scan using sbtest8_pkey on sbtest8  (cost=0.43..8.45 rows=1 width=121)
	  Index Cond: (id = 1891169)

explain: for point_selects :: explain SELECT c FROM sbtest%u WHERE id=%u
for point_selects
table 1 : explain SELECT c FROM sbtest1 WHERE id=6789680
	Index Scan using sbtest1_pkey on sbtest1  (cost=0.43..8.45 rows=1 width=121)
	  Index Cond: (id = 6789680)

table 2 : explain SELECT c FROM sbtest2 WHERE id=1584967
	Index Scan using sbtest2_pkey on sbtest2  (cost=0.43..8.45 rows=1 width=121)
	  Index Cond: (id = 1584967)

table 3 : explain SELECT c FROM sbtest3 WHERE id=1543317
	Index Scan using sbtest3_pkey on sbtest3  (cost=0.43..8.45 rows=1 width=121)
	  Index Cond: (id = 1543317)

table 4 : explain SELECT c FROM sbtest4 WHERE id=7544205
	Index Scan using sbtest4_pkey on sbtest4  (cost=0.43..8.45 rows=1 width=121)
	  Index Cond: (id = 7544205)

table 5 : explain SELECT c FROM sbtest5 WHERE id=7052081
	Index Scan using sbtest5_pkey on sbtest5  (cost=0.43..8.45 rows=1 width=121)
	  Index Cond: (id = 7052081)

table 6 : explain SELECT c FROM sbtest6 WHERE id=421215
	Index Scan using sbtest6_pkey on sbtest6  (cost=0.43..8.45 rows=1 width=121)
	  Index Cond: (id = 421215)

table 7 : explain SELECT c FROM sbtest7 WHERE id=2377185
	Index Scan using sbtest7_pkey on sbtest7  (cost=0.43..8.45 rows=1 width=121)
	  Index Cond: (id = 2377185)

table 8 : explain SELECT c FROM sbtest8 WHERE id=1203445
	Index Scan using sbtest8_pkey on sbtest8  (cost=0.43..8.45 rows=1 width=121)
	  Index Cond: (id = 1203445)

explain: for point_selects :: explain SELECT c FROM sbtest%u WHERE id=%u
explain: for point_selects :: explain SELECT c FROM sbtest%u WHERE id=%u
explain: for point_selects :: explain SELECT c FROM sbtest%u WHERE id=%u
for point_selects
table 1 : explain SELECT c FROM sbtest1 WHERE id=7906115
	Index Scan using sbtest1_pkey on sbtest1  (cost=0.43..8.45 rows=1 width=121)
	  Index Cond: (id = 7906115)

table 2 : explain SELECT c FROM sbtest2 WHERE id=1194617
	Index Scan using sbtest2_pkey on sbtest2  (cost=0.43..8.45 rows=1 width=121)
	  Index Cond: (id = 1194617)

table 3 : explain SELECT c FROM sbtest3 WHERE id=7984982
	Index Scan using sbtest3_pkey on sbtest3  (cost=0.43..8.45 rows=1 width=121)
	  Index Cond: (id = 7984982)

table 4 : explain SELECT c FROM sbtest4 WHERE id=2238828
	Index Scan using sbtest4_pkey on sbtest4  (cost=0.43..8.45 rows=1 width=121)
	  Index Cond: (id = 2238828)

table 5 : explain SELECT c FROM sbtest5 WHERE id=2572626
	Index Scan using sbtest5_pkey on sbtest5  (cost=0.43..8.45 rows=1 width=121)
	  Index Cond: (id = 2572626)

table 6 : explain SELECT c FROM sbtest6 WHERE id=3175889
	Index Scan using sbtest6_pkey on sbtest6  (cost=0.43..8.45 rows=1 width=121)
	  Index Cond: (id = 3175889)

table 7 : explain SELECT c FROM sbtest7 WHERE id=4250434
	Index Scan using sbtest7_pkey on sbtest7  (cost=0.43..8.45 rows=1 width=121)
	  Index Cond: (id = 4250434)

table 8 : explain SELECT c FROM sbtest8 WHERE id=4332164
	Index Scan using sbtest8_pkey on sbtest8  (cost=0.43..8.45 rows=1 width=121)
	  Index Cond: (id = 4332164)

for point_selects
table 1 : explain SELECT c FROM sbtest1 WHERE id=4260737
	Index Scan using sbtest1_pkey on sbtest1  (cost=0.43..8.45 rows=1 width=121)
	  Index Cond: (id = 4260737)

table 2 : explain SELECT c FROM sbtest2 WHERE id=4441132
	Index Scan using sbtest2_pkey on sbtest2  (cost=0.43..8.45 rows=1 width=121)
	  Index Cond: (id = 4441132)

table 3 : explain SELECT c FROM sbtest3 WHERE id=9110616
	Index Scan using sbtest3_pkey on sbtest3  (cost=0.43..8.45 rows=1 width=121)
	  Index Cond: (id = 9110616)

table 4 : explain SELECT c FROM sbtest4 WHERE id=7084262
	Index Scan using sbtest4_pkey on sbtest4  (cost=0.43..8.45 rows=1 width=121)
	  Index Cond: (id = 7084262)

table 5 : explain SELECT c FROM sbtest5 WHERE id=2953526
	Index Scan using sbtest5_pkey on sbtest5  (cost=0.43..8.45 rows=1 width=121)
	  Index Cond: (id = 2953526)

table 6 : explain SELECT c FROM sbtest6 WHERE id=4554343
	Index Scan using sbtest6_pkey on sbtest6  (cost=0.43..8.45 rows=1 width=121)
	  Index Cond: (id = 4554343)

table 7 : explain SELECT c FROM sbtest7 WHERE id=130788
	Index Scan using sbtest7_pkey on sbtest7  (cost=0.43..8.45 rows=1 width=121)
	  Index Cond: (id = 130788)

table 8 : explain SELECT c FROM sbtest8 WHERE id=4346314
	Index Scan using sbtest8_pkey on sbtest8  (cost=0.43..8.45 rows=1 width=121)
	  Index Cond: (id = 4346314)

for point_selects
table 1 : explain SELECT c FROM sbtest1 WHERE id=1326074
	Index Scan using sbtest1_pkey on sbtest1  (cost=0.43..8.45 rows=1 width=121)
	  Index Cond: (id = 1326074)

table 2 : explain SELECT c FROM sbtest2 WHERE id=3443254
	Index Scan using sbtest2_pkey on sbtest2  (cost=0.43..8.45 rows=1 width=121)
	  Index Cond: (id = 3443254)

table 3 : explain SELECT c FROM sbtest3 WHERE id=3758881
	Index Scan using sbtest3_pkey on sbtest3  (cost=0.43..8.45 rows=1 width=121)
	  Index Cond: (id = 3758881)

table 4 : explain SELECT c FROM sbtest4 WHERE id=2753760
	Index Scan using sbtest4_pkey on sbtest4  (cost=0.43..8.45 rows=1 width=121)
	  Index Cond: (id = 2753760)

table 5 : explain SELECT c FROM sbtest5 WHERE id=7136274
	Index Scan using sbtest5_pkey on sbtest5  (cost=0.43..8.45 rows=1 width=121)
	  Index Cond: (id = 7136274)

table 6 : explain SELECT c FROM sbtest6 WHERE id=4754450
	Index Scan using sbtest6_pkey on sbtest6  (cost=0.43..8.45 rows=1 width=121)
	  Index Cond: (id = 4754450)

table 7 : explain SELECT c FROM sbtest7 WHERE id=3564221
	Index Scan using sbtest7_pkey on sbtest7  (cost=0.43..8.45 rows=1 width=121)
	  Index Cond: (id = 3564221)

table 8 : explain SELECT c FROM sbtest8 WHERE id=6741750
	Index Scan using sbtest8_pkey on sbtest8  (cost=0.43..8.45 rows=1 width=121)
	  Index Cond: (id = 6741750)

explain: for point_selects :: explain SELECT c FROM sbtest%u WHERE id=%u
explain: for point_selects :: explain SELECT c FROM sbtest%u WHERE id=%u
for point_selects
table 1 : explain SELECT c FROM sbtest1 WHERE id=1188671
	Index Scan using sbtest1_pkey on sbtest1  (cost=0.43..8.45 rows=1 width=121)
	  Index Cond: (id = 1188671)

table 2 : explain SELECT c FROM sbtest2 WHERE id=9231289
	Index Scan using sbtest2_pkey on sbtest2  (cost=0.43..8.45 rows=1 width=121)
	  Index Cond: (id = 9231289)

table 3 : explain SELECT c FROM sbtest3 WHERE id=3822366
	Index Scan using sbtest3_pkey on sbtest3  (cost=0.43..8.45 rows=1 width=121)
	  Index Cond: (id = 3822366)

table 4 : explain SELECT c FROM sbtest4 WHERE id=3162196
	Index Scan using sbtest4_pkey on sbtest4  (cost=0.43..8.45 rows=1 width=121)
	  Index Cond: (id = 3162196)

table 5 : explain SELECT c FROM sbtest5 WHERE id=2614598
	Index Scan using sbtest5_pkey on sbtest5  (cost=0.43..8.45 rows=1 width=121)
	  Index Cond: (id = 2614598)

table 6 : explain SELECT c FROM sbtest6 WHERE id=4881537
	Index Scan using sbtest6_pkey on sbtest6  (cost=0.43..8.45 rows=1 width=121)
	  Index Cond: (id = 4881537)

table 7 : explain SELECT c FROM sbtest7 WHERE id=8398987
	Index Scan using sbtest7_pkey on sbtest7  (cost=0.43..8.45 rows=1 width=121)
	  Index Cond: (id = 8398987)

table 8 : explain SELECT c FROM sbtest8 WHERE id=7930344
	Index Scan using sbtest8_pkey on sbtest8  (cost=0.43..8.45 rows=1 width=121)
	  Index Cond: (id = 7930344)

for point_selects
table 1 : explain SELECT c FROM sbtest1 WHERE id=8297591
	Index Scan using sbtest1_pkey on sbtest1  (cost=0.43..8.45 rows=1 width=121)
	  Index Cond: (id = 8297591)

table 2 : explain SELECT c FROM sbtest2 WHERE id=7324432
	Index Scan using sbtest2_pkey on sbtest2  (cost=0.43..8.45 rows=1 width=121)
	  Index Cond: (id = 7324432)

table 3 : explain SELECT c FROM sbtest3 WHERE id=612052
	Index Scan using sbtest3_pkey on sbtest3  (cost=0.43..8.45 rows=1 width=121)
	  Index Cond: (id = 612052)

table 4 : explain SELECT c FROM sbtest4 WHERE id=8692964
	Index Scan using sbtest4_pkey on sbtest4  (cost=0.43..8.45 rows=1 width=121)
	  Index Cond: (id = 8692964)

table 5 : explain SELECT c FROM sbtest5 WHERE id=6683400
	Index Scan using sbtest5_pkey on sbtest5  (cost=0.43..8.45 rows=1 width=121)
	  Index Cond: (id = 6683400)

table 6 : explain SELECT c FROM sbtest6 WHERE id=4072818
	Index Scan using sbtest6_pkey on sbtest6  (cost=0.43..8.45 rows=1 width=121)
	  Index Cond: (id = 4072818)

table 7 : explain SELECT c FROM sbtest7 WHERE id=6132625
	Index Scan using sbtest7_pkey on sbtest7  (cost=0.43..8.45 rows=1 width=121)
	  Index Cond: (id = 6132625)

table 8 : explain SELECT c FROM sbtest8 WHERE id=9517306
	Index Scan using sbtest8_pkey on sbtest8  (cost=0.43..8.45 rows=1 width=121)
	  Index Cond: (id = 9517306)

explain: for point_selects :: explain SELECT c FROM sbtest%u WHERE id=%u
for point_selects
table 1 : explain SELECT c FROM sbtest1 WHERE id=6560698
	Index Scan using sbtest1_pkey on sbtest1  (cost=0.43..8.45 rows=1 width=121)
	  Index Cond: (id = 6560698)

table 2 : explain SELECT c FROM sbtest2 WHERE id=8363555
	Index Scan using sbtest2_pkey on sbtest2  (cost=0.43..8.45 rows=1 width=121)
	  Index Cond: (id = 8363555)

table 3 : explain SELECT c FROM sbtest3 WHERE id=5997263
	Index Scan using sbtest3_pkey on sbtest3  (cost=0.43..8.45 rows=1 width=121)
	  Index Cond: (id = 5997263)

table 4 : explain SELECT c FROM sbtest4 WHERE id=7328255
	Index Scan using sbtest4_pkey on sbtest4  (cost=0.43..8.45 rows=1 width=121)
	  Index Cond: (id = 7328255)

table 5 : explain SELECT c FROM sbtest5 WHERE id=6144338
	Index Scan using sbtest5_pkey on sbtest5  (cost=0.43..8.45 rows=1 width=121)
	  Index Cond: (id = 6144338)

table 6 : explain SELECT c FROM sbtest6 WHERE id=4689953
	Index Scan using sbtest6_pkey on sbtest6  (cost=0.43..8.45 rows=1 width=121)
	  Index Cond: (id = 4689953)

table 7 : explain SELECT c FROM sbtest7 WHERE id=1992852
	Index Scan using sbtest7_pkey on sbtest7  (cost=0.43..8.45 rows=1 width=121)
	  Index Cond: (id = 1992852)

table 8 : explain SELECT c FROM sbtest8 WHERE id=3397901
	Index Scan using sbtest8_pkey on sbtest8  (cost=0.43..8.45 rows=1 width=121)
	  Index Cond: (id = 3397901)

for point_selects
table 1 : explain SELECT c FROM sbtest1 WHERE id=2995505
	Index Scan using sbtest1_pkey on sbtest1  (cost=0.43..8.45 rows=1 width=121)
	  Index Cond: (id = 2995505)

table 2 : explain SELECT c FROM sbtest2 WHERE id=5729231
	Index Scan using sbtest2_pkey on sbtest2  (cost=0.43..8.45 rows=1 width=121)
	  Index Cond: (id = 5729231)

table 3 : explain SELECT c FROM sbtest3 WHERE id=488861
	Index Scan using sbtest3_pkey on sbtest3  (cost=0.43..8.45 rows=1 width=121)
	  Index Cond: (id = 488861)

table 4 : explain SELECT c FROM sbtest4 WHERE id=829100
	Index Scan using sbtest4_pkey on sbtest4  (cost=0.43..8.45 rows=1 width=121)
	  Index Cond: (id = 829100)

table 5 : explain SELECT c FROM sbtest5 WHERE id=1402658
	Index Scan using sbtest5_pkey on sbtest5  (cost=0.43..8.45 rows=1 width=121)
	  Index Cond: (id = 1402658)

table 6 : explain SELECT c FROM sbtest6 WHERE id=4593916
	Index Scan using sbtest6_pkey on sbtest6  (cost=0.43..8.45 rows=1 width=121)
	  Index Cond: (id = 4593916)

table 7 : explain SELECT c FROM sbtest7 WHERE id=8575128
	Index Scan using sbtest7_pkey on sbtest7  (cost=0.43..8.45 rows=1 width=121)
	  Index Cond: (id = 8575128)

table 8 : explain SELECT c FROM sbtest8 WHERE id=8525570
	Index Scan using sbtest8_pkey on sbtest8  (cost=0.43..8.45 rows=1 width=121)
	  Index Cond: (id = 8525570)

explain: for point_selects :: explain SELECT c FROM sbtest%u WHERE id=%u
explain: for point_selects :: explain SELECT c FROM sbtest%u WHERE id=%u
for point_selects
table 1 : explain SELECT c FROM sbtest1 WHERE id=1281411
	Index Scan using sbtest1_pkey on sbtest1  (cost=0.43..8.45 rows=1 width=121)
	  Index Cond: (id = 1281411)

table 2 : explain SELECT c FROM sbtest2 WHERE id=8562253
	Index Scan using sbtest2_pkey on sbtest2  (cost=0.43..8.45 rows=1 width=121)
	  Index Cond: (id = 8562253)

table 3 : explain SELECT c FROM sbtest3 WHERE id=853678
	Index Scan using sbtest3_pkey on sbtest3  (cost=0.43..8.45 rows=1 width=121)
	  Index Cond: (id = 853678)

table 4 : explain SELECT c FROM sbtest4 WHERE id=578757
	Index Scan using sbtest4_pkey on sbtest4  (cost=0.43..8.45 rows=1 width=121)
	  Index Cond: (id = 578757)

table 5 : explain SELECT c FROM sbtest5 WHERE id=1230564
	Index Scan using sbtest5_pkey on sbtest5  (cost=0.43..8.45 rows=1 width=121)
	  Index Cond: (id = 1230564)

table 6 : explain SELECT c FROM sbtest6 WHERE id=6312475
	Index Scan using sbtest6_pkey on sbtest6  (cost=0.43..8.45 rows=1 width=121)
	  Index Cond: (id = 6312475)

table 7 : explain SELECT c FROM sbtest7 WHERE id=7318486
	Index Scan using sbtest7_pkey on sbtest7  (cost=0.43..8.45 rows=1 width=121)
	  Index Cond: (id = 7318486)

table 8 : explain SELECT c FROM sbtest8 WHERE id=7067768
	Index Scan using sbtest8_pkey on sbtest8  (cost=0.43..8.45 rows=1 width=121)
	  Index Cond: (id = 7067768)

for point_selects
table 1 : explain SELECT c FROM sbtest1 WHERE id=4544778
	Index Scan using sbtest1_pkey on sbtest1  (cost=0.43..8.45 rows=1 width=121)
	  Index Cond: (id = 4544778)

table 2 : explain SELECT c FROM sbtest2 WHERE id=7919906
	Index Scan using sbtest2_pkey on sbtest2  (cost=0.43..8.45 rows=1 width=121)
	  Index Cond: (id = 7919906)

table 3 : explain SELECT c FROM sbtest3 WHERE id=9287938
	Index Scan using sbtest3_pkey on sbtest3  (cost=0.43..8.45 rows=1 width=121)
	  Index Cond: (id = 9287938)

table 4 : explain SELECT c FROM sbtest4 WHERE id=140013
	Index Scan using sbtest4_pkey on sbtest4  (cost=0.43..8.45 rows=1 width=121)
	  Index Cond: (id = 140013)

table 5 : explain SELECT c FROM sbtest5 WHERE id=9411141
	Index Scan using sbtest5_pkey on sbtest5  (cost=0.43..8.45 rows=1 width=121)
	  Index Cond: (id = 9411141)

table 6 : explain SELECT c FROM sbtest6 WHERE id=3318952
	Index Scan using sbtest6_pkey on sbtest6  (cost=0.43..8.45 rows=1 width=121)
	  Index Cond: (id = 3318952)

table 7 : explain SELECT c FROM sbtest7 WHERE id=4468817
	Index Scan using sbtest7_pkey on sbtest7  (cost=0.43..8.45 rows=1 width=121)
	  Index Cond: (id = 4468817)

table 8 : explain SELECT c FROM sbtest8 WHERE id=7349298
	Index Scan using sbtest8_pkey on sbtest8  (cost=0.43..8.45 rows=1 width=121)
	  Index Cond: (id = 7349298)

for point_selects
table 1 : explain SELECT c FROM sbtest1 WHERE id=5741135
	Index Scan using sbtest1_pkey on sbtest1  (cost=0.43..8.45 rows=1 width=121)
	  Index Cond: (id = 5741135)

table 2 : explain SELECT c FROM sbtest2 WHERE id=8052056
	Index Scan using sbtest2_pkey on sbtest2  (cost=0.43..8.45 rows=1 width=121)
	  Index Cond: (id = 8052056)

table 3 : explain SELECT c FROM sbtest3 WHERE id=6003826
	Index Scan using sbtest3_pkey on sbtest3  (cost=0.43..8.45 rows=1 width=121)
	  Index Cond: (id = 6003826)

table 4 : explain SELECT c FROM sbtest4 WHERE id=5590179
	Index Scan using sbtest4_pkey on sbtest4  (cost=0.43..8.45 rows=1 width=121)
	  Index Cond: (id = 5590179)

table 5 : explain SELECT c FROM sbtest5 WHERE id=3882169
	Index Scan using sbtest5_pkey on sbtest5  (cost=0.43..8.45 rows=1 width=121)
	  Index Cond: (id = 3882169)

table 6 : explain SELECT c FROM sbtest6 WHERE id=8102790
	Index Scan using sbtest6_pkey on sbtest6  (cost=0.43..8.45 rows=1 width=121)
	  Index Cond: (id = 8102790)

table 7 : explain SELECT c FROM sbtest7 WHERE id=3753199
	Index Scan using sbtest7_pkey on sbtest7  (cost=0.43..8.45 rows=1 width=121)
	  Index Cond: (id = 3753199)

table 8 : explain SELECT c FROM sbtest8 WHERE id=7130512
	Index Scan using sbtest8_pkey on sbtest8  (cost=0.43..8.45 rows=1 width=121)
	  Index Cond: (id = 7130512)

Threads started!

Warming up for 5 seconds...

SQL statistics:
    queries performed:
        read:                            632884064
        write:                           0
        other:                           0
        total:                           632884064
    transactions:                        632884064 (1004557.81 per sec.)
    queries:                             632884064 (1004557.81 per sec.)
    ignored errors:                      0      (0.00 per sec.)
    reconnects:                          0      (0.00 per sec.)

Throughput:
    events/s (eps):                      1004557.8065
    time elapsed:                        630.0128s
    total number of events:              632884064

Latency (ms):
         min:                                    0.03
         avg:                                    0.04
         max:                                   24.04
         95th percentile:                        0.05
         sum:                             25030986.20

Threads fairness:
    events (avg/stddev):           15822087.6250/316492.96
    execution time (avg/stddev):   625.7747/0.09

