LUA_PATH=/home/mdcallag/git/mytools/bench/sysbench.lua/lua/?.lua /home/mdcallag/git/mytools/bench/sysbench.lua/lua/sysbench --db-driver=pgsql --range-size=10 --table-size=10000000 --tables=8 --threads=40 --events=0 --warmup-time=5 --time=630 --pgsql_conn_id=true /home/mdcallag/git/mytools/bench/sysbench.lua/lua/oltp_read_only.lua run --pgsql-user=root --pgsql-password=pw --pgsql-host=127.0.0.1 --pgsql-db=ib --rand-type=uniform
48 CPUs
sysbench 1.1.0-9072687 (using bundled LuaJIT 2.1.0-beta3)

Running the test with following options:
Number of threads: 40
Warmup time: 5s
Initializing random number generator from current time


Initializing worker threads...

explain: for point_selects :: explain SELECT c FROM sbtest%u WHERE id=%u
explain: for point_selects :: explain SELECT c FROM sbtest%u WHERE id=%u
explain: for point_selects :: explain SELECT c FROM sbtest%u WHERE id=%u
explain: for point_selects :: explain SELECT c FROM sbtest%u WHERE id=%u
explain: for point_selects :: explain SELECT c FROM sbtest%u WHERE id=%u
explain: for point_selects :: explain SELECT c FROM sbtest%u WHERE id=%u
explain: for point_selects :: explain SELECT c FROM sbtest%u WHERE id=%u
explain: for point_selects :: explain SELECT c FROM sbtest%u WHERE id=%u
explain: for point_selects :: explain SELECT c FROM sbtest%u WHERE id=%u
explain: for point_selects :: explain SELECT c FROM sbtest%u WHERE id=%u
explain: for point_selects :: explain SELECT c FROM sbtest%u WHERE id=%u
explain: for point_selects :: explain SELECT c FROM sbtest%u WHERE id=%u
explain: for point_selects :: explain SELECT c FROM sbtest%u WHERE id=%u
explain: for point_selects :: explain SELECT c FROM sbtest%u WHERE id=%u
explain: for point_selects :: explain SELECT c FROM sbtest%u WHERE id=%u
explain: for point_selects :: explain SELECT c FROM sbtest%u WHERE id=%u
explain: for point_selects :: explain SELECT c FROM sbtest%u WHERE id=%u
explain: for point_selects :: explain SELECT c FROM sbtest%u WHERE id=%u
explain: for point_selects :: explain SELECT c FROM sbtest%u WHERE id=%u
explain: for point_selects :: explain SELECT c FROM sbtest%u WHERE id=%u
explain: for point_selects :: explain SELECT c FROM sbtest%u WHERE id=%u
explain: for point_selects :: explain SELECT c FROM sbtest%u WHERE id=%u
explain: for point_selects :: explain SELECT c FROM sbtest%u WHERE id=%u
explain: for point_selects :: explain SELECT c FROM sbtest%u WHERE id=%u
explain: for point_selects :: explain SELECT c FROM sbtest%u WHERE id=%u
explain: for point_selects :: explain SELECT c FROM sbtest%u WHERE id=%u
for point_selects
table 1 : explain SELECT c FROM sbtest1 WHERE id=4793376
	Index Scan using sbtest1_pkey on sbtest1  (cost=0.43..8.45 rows=1 width=121)
	  Index Cond: (id = 4793376)

table 2 : explain SELECT c FROM sbtest2 WHERE id=86557
	Index Scan using sbtest2_pkey on sbtest2  (cost=0.43..8.45 rows=1 width=121)
	  Index Cond: (id = 86557)

table 3 : explain SELECT c FROM sbtest3 WHERE id=5351922
	Index Scan using sbtest3_pkey on sbtest3  (cost=0.43..8.45 rows=1 width=121)
	  Index Cond: (id = 5351922)

table 4 : explain SELECT c FROM sbtest4 WHERE id=9905160
	Index Scan using sbtest4_pkey on sbtest4  (cost=0.43..8.45 rows=1 width=121)
	  Index Cond: (id = 9905160)

table 5 : explain SELECT c FROM sbtest5 WHERE id=6255870
	Index Scan using sbtest5_pkey on sbtest5  (cost=0.43..8.45 rows=1 width=121)
	  Index Cond: (id = 6255870)

table 6 : explain SELECT c FROM sbtest6 WHERE id=3648432
	Index Scan using sbtest6_pkey on sbtest6  (cost=0.43..8.45 rows=1 width=121)
	  Index Cond: (id = 3648432)

table 7 : explain SELECT c FROM sbtest7 WHERE id=9951943
	Index Scan using sbtest7_pkey on sbtest7  (cost=0.43..8.45 rows=1 width=121)
	  Index Cond: (id = 9951943)

table 8 : explain SELECT c FROM sbtest8 WHERE id=3490744
	Index Scan using sbtest8_pkey on sbtest8  (cost=0.43..8.45 rows=1 width=121)
	  Index Cond: (id = 3490744)

explain: for point_selects :: explain SELECT c FROM sbtest%u WHERE id=%u
explain: for point_selects :: explain SELECT c FROM sbtest%u WHERE id=%u
explain: for point_selects :: explain SELECT c FROM sbtest%u WHERE id=%u
explain: for point_selects :: explain SELECT c FROM sbtest%u WHERE id=%u
explain: for point_selects :: explain SELECT c FROM sbtest%u WHERE id=%u
explain: for point_selects :: explain SELECT c FROM sbtest%u WHERE id=%u
explain: for point_selects :: explain SELECT c FROM sbtest%u WHERE id=%u
for point_selects
table 1 : explain SELECT c FROM sbtest1 WHERE id=3856219
	Index Scan using sbtest1_pkey on sbtest1  (cost=0.43..8.45 rows=1 width=121)
	  Index Cond: (id = 3856219)

table 2 : explain SELECT c FROM sbtest2 WHERE id=8887145
	Index Scan using sbtest2_pkey on sbtest2  (cost=0.43..8.45 rows=1 width=121)
	  Index Cond: (id = 8887145)

table 3 : explain SELECT c FROM sbtest3 WHERE id=2709122
	Index Scan using sbtest3_pkey on sbtest3  (cost=0.43..8.45 rows=1 width=121)
	  Index Cond: (id = 2709122)

table 4 : explain SELECT c FROM sbtest4 WHERE id=9506720
	Index Scan using sbtest4_pkey on sbtest4  (cost=0.43..8.45 rows=1 width=121)
	  Index Cond: (id = 9506720)

table 5 : explain SELECT c FROM sbtest5 WHERE id=7649282
	Index Scan using sbtest5_pkey on sbtest5  (cost=0.43..8.45 rows=1 width=121)
	  Index Cond: (id = 7649282)

table 6 : explain SELECT c FROM sbtest6 WHERE id=1535720
	Index Scan using sbtest6_pkey on sbtest6  (cost=0.43..8.45 rows=1 width=121)
	  Index Cond: (id = 1535720)

table 7 : explain SELECT c FROM sbtest7 WHERE id=6585736
	Index Scan using sbtest7_pkey on sbtest7  (cost=0.43..8.45 rows=1 width=121)
	  Index Cond: (id = 6585736)

table 8 : explain SELECT c FROM sbtest8 WHERE id=278538
	Index Scan using sbtest8_pkey on sbtest8  (cost=0.43..8.45 rows=1 width=121)
	  Index Cond: (id = 278538)

explain: for point_selects :: explain SELECT c FROM sbtest%u WHERE id=%u
for point_selects
table 1 : explain SELECT c FROM sbtest1 WHERE id=2746248
	Index Scan using sbtest1_pkey on sbtest1  (cost=0.43..8.45 rows=1 width=121)
	  Index Cond: (id = 2746248)

table 2 : explain SELECT c FROM sbtest2 WHERE id=7958908
	Index Scan using sbtest2_pkey on sbtest2  (cost=0.43..8.45 rows=1 width=121)
	  Index Cond: (id = 7958908)

table 3 : explain SELECT c FROM sbtest3 WHERE id=4097840
	Index Scan using sbtest3_pkey on sbtest3  (cost=0.43..8.45 rows=1 width=121)
	  Index Cond: (id = 4097840)

table 4 : explain SELECT c FROM sbtest4 WHERE id=5492433
	Index Scan using sbtest4_pkey on sbtest4  (cost=0.43..8.45 rows=1 width=121)
	  Index Cond: (id = 5492433)

table 5 : explain SELECT c FROM sbtest5 WHERE id=8152290
	Index Scan using sbtest5_pkey on sbtest5  (cost=0.43..8.45 rows=1 width=121)
	  Index Cond: (id = 8152290)

table 6 : explain SELECT c FROM sbtest6 WHERE id=6348712
	Index Scan using sbtest6_pkey on sbtest6  (cost=0.43..8.45 rows=1 width=121)
	  Index Cond: (id = 6348712)

table 7 : explain SELECT c FROM sbtest7 WHERE id=5822095
	Index Scan using sbtest7_pkey on sbtest7  (cost=0.43..8.45 rows=1 width=121)
	  Index Cond: (id = 5822095)

table 8 : explain SELECT c FROM sbtest8 WHERE id=1033687
	Index Scan using sbtest8_pkey on sbtest8  (cost=0.43..8.45 rows=1 width=121)
	  Index Cond: (id = 1033687)

explain: for point_selects :: explain SELECT c FROM sbtest%u WHERE id=%u
for point_selects
table 1 : explain SELECT c FROM sbtest1 WHERE id=5796872
	Index Scan using sbtest1_pkey on sbtest1  (cost=0.43..8.45 rows=1 width=121)
	  Index Cond: (id = 5796872)

table 2 : explain SELECT c FROM sbtest2 WHERE id=8487203
	Index Scan using sbtest2_pkey on sbtest2  (cost=0.43..8.45 rows=1 width=121)
	  Index Cond: (id = 8487203)

table 3 : explain SELECT c FROM sbtest3 WHERE id=223155
	Index Scan using sbtest3_pkey on sbtest3  (cost=0.43..8.45 rows=1 width=121)
	  Index Cond: (id = 223155)

table 4 : explain SELECT c FROM sbtest4 WHERE id=2195299
	Index Scan using sbtest4_pkey on sbtest4  (cost=0.43..8.45 rows=1 width=121)
	  Index Cond: (id = 2195299)

table 5 : explain SELECT c FROM sbtest5 WHERE id=7962690
	Index Scan using sbtest5_pkey on sbtest5  (cost=0.43..8.45 rows=1 width=121)
	  Index Cond: (id = 7962690)

table 6 : explain SELECT c FROM sbtest6 WHERE id=5233642
	Index Scan using sbtest6_pkey on sbtest6  (cost=0.43..8.45 rows=1 width=121)
	  Index Cond: (id = 5233642)

table 7 : explain SELECT c FROM sbtest7 WHERE id=6815904
	Index Scan using sbtest7_pkey on sbtest7  (cost=0.43..8.45 rows=1 width=121)
	  Index Cond: (id = 6815904)

table 8 : explain SELECT c FROM sbtest8 WHERE id=3879371
	Index Scan using sbtest8_pkey on sbtest8  (cost=0.43..8.45 rows=1 width=121)
	  Index Cond: (id = 3879371)

for point_selects
table 1 : explain SELECT c FROM sbtest1 WHERE id=3896048
	Index Scan using sbtest1_pkey on sbtest1  (cost=0.43..8.45 rows=1 width=121)
	  Index Cond: (id = 3896048)

table 2 : explain SELECT c FROM sbtest2 WHERE id=9397939
	Index Scan using sbtest2_pkey on sbtest2  (cost=0.43..8.45 rows=1 width=121)
	  Index Cond: (id = 9397939)

table 3 : explain SELECT c FROM sbtest3 WHERE id=1764409
	Index Scan using sbtest3_pkey on sbtest3  (cost=0.43..8.45 rows=1 width=121)
	  Index Cond: (id = 1764409)

table 4 : explain SELECT c FROM sbtest4 WHERE id=7406137
	Index Scan using sbtest4_pkey on sbtest4  (cost=0.43..8.45 rows=1 width=121)
	  Index Cond: (id = 7406137)

table 5 : explain SELECT c FROM sbtest5 WHERE id=2754762
	Index Scan using sbtest5_pkey on sbtest5  (cost=0.43..8.45 rows=1 width=121)
	  Index Cond: (id = 2754762)

table 6 : explain SELECT c FROM sbtest6 WHERE id=3059053
	Index Scan using sbtest6_pkey on sbtest6  (cost=0.43..8.45 rows=1 width=121)
	  Index Cond: (id = 3059053)

table 7 : explain SELECT c FROM sbtest7 WHERE id=9448008
	Index Scan using sbtest7_pkey on sbtest7  (cost=0.43..8.45 rows=1 width=121)
	  Index Cond: (id = 9448008)

table 8 : explain SELECT c FROM sbtest8 WHERE id=3704653
	Index Scan using sbtest8_pkey on sbtest8  (cost=0.43..8.45 rows=1 width=121)
	  Index Cond: (id = 3704653)

for point_selects
table 1 : explain SELECT c FROM sbtest1 WHERE id=9615750
	Index Scan using sbtest1_pkey on sbtest1  (cost=0.43..8.45 rows=1 width=121)
	  Index Cond: (id = 9615750)

table 2 : explain SELECT c FROM sbtest2 WHERE id=347596
	Index Scan using sbtest2_pkey on sbtest2  (cost=0.43..8.45 rows=1 width=121)
	  Index Cond: (id = 347596)

table 3 : explain SELECT c FROM sbtest3 WHERE id=359627
	Index Scan using sbtest3_pkey on sbtest3  (cost=0.43..8.45 rows=1 width=121)
	  Index Cond: (id = 359627)

table 4 : explain SELECT c FROM sbtest4 WHERE id=9724069
	Index Scan using sbtest4_pkey on sbtest4  (cost=0.43..8.45 rows=1 width=121)
	  Index Cond: (id = 9724069)

table 5 : explain SELECT c FROM sbtest5 WHERE id=4671058
	Index Scan using sbtest5_pkey on sbtest5  (cost=0.43..8.45 rows=1 width=121)
	  Index Cond: (id = 4671058)

table 6 : explain SELECT c FROM sbtest6 WHERE id=7449798
	Index Scan using sbtest6_pkey on sbtest6  (cost=0.43..8.45 rows=1 width=121)
	  Index Cond: (id = 7449798)

table 7 : explain SELECT c FROM sbtest7 WHERE id=4510736
	Index Scan using sbtest7_pkey on sbtest7  (cost=0.43..8.45 rows=1 width=121)
	  Index Cond: (id = 4510736)

table 8 : explain SELECT c FROM sbtest8 WHERE id=1585508
	Index Scan using sbtest8_pkey on sbtest8  (cost=0.43..8.45 rows=1 width=121)
	  Index Cond: (id = 1585508)

for point_selects
table 1 : explain SELECT c FROM sbtest1 WHERE id=6922648
	Index Scan using sbtest1_pkey on sbtest1  (cost=0.43..8.45 rows=1 width=121)
	  Index Cond: (id = 6922648)

table 2 : explain SELECT c FROM sbtest2 WHERE id=2746486
	Index Scan using sbtest2_pkey on sbtest2  (cost=0.43..8.45 rows=1 width=121)
	  Index Cond: (id = 2746486)

table 3 : explain SELECT c FROM sbtest3 WHERE id=687196
	Index Scan using sbtest3_pkey on sbtest3  (cost=0.43..8.45 rows=1 width=121)
	  Index Cond: (id = 687196)

table 4 : explain SELECT c FROM sbtest4 WHERE id=8458216
	Index Scan using sbtest4_pkey on sbtest4  (cost=0.43..8.45 rows=1 width=121)
	  Index Cond: (id = 8458216)

table 5 : explain SELECT c FROM sbtest5 WHERE id=967531
	Index Scan using sbtest5_pkey on sbtest5  (cost=0.43..8.45 rows=1 width=121)
	  Index Cond: (id = 967531)

table 6 : explain SELECT c FROM sbtest6 WHERE id=4112901
	Index Scan using sbtest6_pkey on sbtest6  (cost=0.43..8.45 rows=1 width=121)
	  Index Cond: (id = 4112901)

table 7 : explain SELECT c FROM sbtest7 WHERE id=2289497
	Index Scan using sbtest7_pkey on sbtest7  (cost=0.43..8.45 rows=1 width=121)
	  Index Cond: (id = 2289497)

table 8 : explain SELECT c FROM sbtest8 WHERE id=462165
	Index Scan using sbtest8_pkey on sbtest8  (cost=0.43..8.45 rows=1 width=121)
	  Index Cond: (id = 462165)

for point_selects
table 1 : explain SELECT c FROM sbtest1 WHERE id=3998392
	Index Scan using sbtest1_pkey on sbtest1  (cost=0.43..8.45 rows=1 width=121)
	  Index Cond: (id = 3998392)

table 2 : explain SELECT c FROM sbtest2 WHERE id=8372725
	Index Scan using sbtest2_pkey on sbtest2  (cost=0.43..8.45 rows=1 width=121)
	  Index Cond: (id = 8372725)

table 3 : explain SELECT c FROM sbtest3 WHERE id=9650726
	Index Scan using sbtest3_pkey on sbtest3  (cost=0.43..8.45 rows=1 width=121)
	  Index Cond: (id = 9650726)

table 4 : explain SELECT c FROM sbtest4 WHERE id=6868834
	Index Scan using sbtest4_pkey on sbtest4  (cost=0.43..8.45 rows=1 width=121)
	  Index Cond: (id = 6868834)

table 5 : explain SELECT c FROM sbtest5 WHERE id=3675370
	Index Scan using sbtest5_pkey on sbtest5  (cost=0.43..8.45 rows=1 width=121)
	  Index Cond: (id = 3675370)

table 6 : explain SELECT c FROM sbtest6 WHERE id=7654315
	Index Scan using sbtest6_pkey on sbtest6  (cost=0.43..8.45 rows=1 width=121)
	  Index Cond: (id = 7654315)

table 7 : explain SELECT c FROM sbtest7 WHERE id=6001118
	Index Scan using sbtest7_pkey on sbtest7  (cost=0.43..8.45 rows=1 width=121)
	  Index Cond: (id = 6001118)

table 8 : explain SELECT c FROM sbtest8 WHERE id=614068
	Index Scan using sbtest8_pkey on sbtest8  (cost=0.43..8.45 rows=1 width=121)
	  Index Cond: (id = 614068)

for point_selects
table 1 : explain SELECT c FROM sbtest1 WHERE id=9157961
	Index Scan using sbtest1_pkey on sbtest1  (cost=0.43..8.45 rows=1 width=121)
	  Index Cond: (id = 9157961)

table 2 : explain SELECT c FROM sbtest2 WHERE id=6976084
	Index Scan using sbtest2_pkey on sbtest2  (cost=0.43..8.45 rows=1 width=121)
	  Index Cond: (id = 6976084)

table 3 : explain SELECT c FROM sbtest3 WHERE id=1272623
	Index Scan using sbtest3_pkey on sbtest3  (cost=0.43..8.45 rows=1 width=121)
	  Index Cond: (id = 1272623)

table 4 : explain SELECT c FROM sbtest4 WHERE id=582846
	Index Scan using sbtest4_pkey on sbtest4  (cost=0.43..8.45 rows=1 width=121)
	  Index Cond: (id = 582846)

table 5 : explain SELECT c FROM sbtest5 WHERE id=418508
	Index Scan using sbtest5_pkey on sbtest5  (cost=0.43..8.45 rows=1 width=121)
	  Index Cond: (id = 418508)

table 6 : explain SELECT c FROM sbtest6 WHERE id=396362
	Index Scan using sbtest6_pkey on sbtest6  (cost=0.43..8.45 rows=1 width=121)
	  Index Cond: (id = 396362)

table 7 : explain SELECT c FROM sbtest7 WHERE id=3929349
	Index Scan using sbtest7_pkey on sbtest7  (cost=0.43..8.45 rows=1 width=121)
	  Index Cond: (id = 3929349)

table 8 : explain SELECT c FROM sbtest8 WHERE id=1604212
	Index Scan using sbtest8_pkey on sbtest8  (cost=0.43..8.45 rows=1 width=121)
	  Index Cond: (id = 1604212)

explain: for point_selects :: explain SELECT c FROM sbtest%u WHERE id=%u
for point_selects
table 1 : explain SELECT c FROM sbtest1 WHERE id=3320598
	Index Scan using sbtest1_pkey on sbtest1  (cost=0.43..8.45 rows=1 width=121)
	  Index Cond: (id = 3320598)

table 2 : explain SELECT c FROM sbtest2 WHERE id=894808
	Index Scan using sbtest2_pkey on sbtest2  (cost=0.43..8.45 rows=1 width=121)
	  Index Cond: (id = 894808)

table 3 : explain SELECT c FROM sbtest3 WHERE id=325333
	Index Scan using sbtest3_pkey on sbtest3  (cost=0.43..8.45 rows=1 width=121)
	  Index Cond: (id = 325333)

table 4 : explain SELECT c FROM sbtest4 WHERE id=6234453
	Index Scan using sbtest4_pkey on sbtest4  (cost=0.43..8.45 rows=1 width=121)
	  Index Cond: (id = 6234453)

table 5 : explain SELECT c FROM sbtest5 WHERE id=2745069
	Index Scan using sbtest5_pkey on sbtest5  (cost=0.43..8.45 rows=1 width=121)
	  Index Cond: (id = 2745069)

table 6 : explain SELECT c FROM sbtest6 WHERE id=4011060
	Index Scan using sbtest6_pkey on sbtest6  (cost=0.43..8.45 rows=1 width=121)
	  Index Cond: (id = 4011060)

table 7 : explain SELECT c FROM sbtest7 WHERE id=3866896
	Index Scan using sbtest7_pkey on sbtest7  (cost=0.43..8.45 rows=1 width=121)
	  Index Cond: (id = 3866896)

table 8 : explain SELECT c FROM sbtest8 WHERE id=314607
	Index Scan using sbtest8_pkey on sbtest8  (cost=0.43..8.45 rows=1 width=121)
	  Index Cond: (id = 314607)

for point_selects
table 1 : explain SELECT c FROM sbtest1 WHERE id=2546741
	Index Scan using sbtest1_pkey on sbtest1  (cost=0.43..8.45 rows=1 width=121)
	  Index Cond: (id = 2546741)

table 2 : explain SELECT c FROM sbtest2 WHERE id=1801895
	Index Scan using sbtest2_pkey on sbtest2  (cost=0.43..8.45 rows=1 width=121)
	  Index Cond: (id = 1801895)

table 3 : explain SELECT c FROM sbtest3 WHERE id=9636252
	Index Scan using sbtest3_pkey on sbtest3  (cost=0.43..8.45 rows=1 width=121)
	  Index Cond: (id = 9636252)

table 4 : explain SELECT c FROM sbtest4 WHERE id=5363369
	Index Scan using sbtest4_pkey on sbtest4  (cost=0.43..8.45 rows=1 width=121)
	  Index Cond: (id = 5363369)

table 5 : explain SELECT c FROM sbtest5 WHERE id=1908179
	Index Scan using sbtest5_pkey on sbtest5  (cost=0.43..8.45 rows=1 width=121)
	  Index Cond: (id = 1908179)

table 6 : explain SELECT c FROM sbtest6 WHERE id=1270956
	Index Scan using sbtest6_pkey on sbtest6  (cost=0.43..8.45 rows=1 width=121)
	  Index Cond: (id = 1270956)

table 7 : explain SELECT c FROM sbtest7 WHERE id=6625799
	Index Scan using sbtest7_pkey on sbtest7  (cost=0.43..8.45 rows=1 width=121)
	  Index Cond: (id = 6625799)

table 8 : explain SELECT c FROM sbtest8 WHERE id=3803939
	Index Scan using sbtest8_pkey on sbtest8  (cost=0.43..8.45 rows=1 width=121)
	  Index Cond: (id = 3803939)

for point_selects
table 1 : explain SELECT c FROM sbtest1 WHERE id=3912404
	Index Scan using sbtest1_pkey on sbtest1  (cost=0.43..8.45 rows=1 width=121)
	  Index Cond: (id = 3912404)

table 2 : explain SELECT c FROM sbtest2 WHERE id=5057405
	Index Scan using sbtest2_pkey on sbtest2  (cost=0.43..8.45 rows=1 width=121)
	  Index Cond: (id = 5057405)

table 3 : explain SELECT c FROM sbtest3 WHERE id=2478901
	Index Scan using sbtest3_pkey on sbtest3  (cost=0.43..8.45 rows=1 width=121)
	  Index Cond: (id = 2478901)

table 4 : explain SELECT c FROM sbtest4 WHERE id=9548175
	Index Scan using sbtest4_pkey on sbtest4  (cost=0.43..8.45 rows=1 width=121)
	  Index Cond: (id = 9548175)

table 5 : explain SELECT c FROM sbtest5 WHERE id=8059985
	Index Scan using sbtest5_pkey on sbtest5  (cost=0.43..8.45 rows=1 width=121)
	  Index Cond: (id = 8059985)

table 6 : explain SELECT c FROM sbtest6 WHERE id=2877012
	Index Scan using sbtest6_pkey on sbtest6  (cost=0.43..8.45 rows=1 width=121)
	  Index Cond: (id = 2877012)

table 7 : explain SELECT c FROM sbtest7 WHERE id=2906014
	Index Scan using sbtest7_pkey on sbtest7  (cost=0.43..8.45 rows=1 width=121)
	  Index Cond: (id = 2906014)

table 8 : explain SELECT c FROM sbtest8 WHERE id=778750
	Index Scan using sbtest8_pkey on sbtest8  (cost=0.43..8.45 rows=1 width=121)
	  Index Cond: (id = 778750)

explain: for point_selects :: explain SELECT c FROM sbtest%u WHERE id=%ufor point_selects
table 1 : explain SELECT c FROM sbtest1 WHERE id=97817
	Index Scan using sbtest1_pkey on sbtest1  (cost=0.43..8.45 rows=1 width=121)
	  Index Cond: (id = 97817)

table 2 : explain SELECT c FROM sbtest2 WHERE id=4577544
	Index Scan using sbtest2_pkey on sbtest2  (cost=0.43..8.45 rows=1 width=121)
	  Index Cond: (id = 4577544)

table 3 : explain SELECT c FROM sbtest3 WHERE id=4892575
	Index Scan using sbtest3_pkey on sbtest3  (cost=0.43..8.45 rows=1 width=121)
	  Index Cond: (id = 4892575)

table 4 : explain SELECT c FROM sbtest4 WHERE id=9046359
	Index Scan using sbtest4_pkey on sbtest4  (cost=0.43..8.45 rows=1 width=121)
	  Index Cond: (id = 9046359)

table 5 : explain SELECT c FROM sbtest5 WHERE id=7990610
	Index Scan using sbtest5_pkey on sbtest5  (cost=0.43..8.45 rows=1 width=121)
	  Index Cond: (id = 7990610)

table 6 : explain SELECT c FROM sbtest6 WHERE id=4360498
	Index Scan using sbtest6_pkey on sbtest6  (cost=0.43..8.45 rows=1 width=121)
	  Index Cond: (id = 4360498)

table 7 : explain SELECT c FROM sbtest7 WHERE id=7223827
	Index Scan using sbtest7_pkey on sbtest7  (cost=0.43..8.45 rows=1 width=121)
	  Index Cond: (id = 7223827)

table 8 : explain SELECT c FROM sbtest8 WHERE id=6461655
	Index Scan using sbtest8_pkey on sbtest8  (cost=0.43..8.45 rows=1 width=121)
	  Index Cond: (id = 6461655)


for point_selects
table 1 : explain SELECT c FROM sbtest1 WHERE id=8451787
	Index Scan using sbtest1_pkey on sbtest1  (cost=0.43..8.45 rows=1 width=121)
	  Index Cond: (id = 8451787)

table 2 : explain SELECT c FROM sbtest2 WHERE id=5172213
	Index Scan using sbtest2_pkey on sbtest2  (cost=0.43..8.45 rows=1 width=121)
	  Index Cond: (id = 5172213)

table 3 : explain SELECT c FROM sbtest3 WHERE id=1514376
	Index Scan using sbtest3_pkey on sbtest3  (cost=0.43..8.45 rows=1 width=121)
	  Index Cond: (id = 1514376)

table 4 : explain SELECT c FROM sbtest4 WHERE id=3079451
	Index Scan using sbtest4_pkey on sbtest4  (cost=0.43..8.45 rows=1 width=121)
	  Index Cond: (id = 3079451)

table 5 : explain SELECT c FROM sbtest5 WHERE id=958385
	Index Scan using sbtest5_pkey on sbtest5  (cost=0.43..8.45 rows=1 width=121)
	  Index Cond: (id = 958385)

table 6 : explain SELECT c FROM sbtest6 WHERE id=5218156
	Index Scan using sbtest6_pkey on sbtest6  (cost=0.43..8.45 rows=1 width=121)
	  Index Cond: (id = 5218156)

table 7 : explain SELECT c FROM sbtest7 WHERE id=7360260
	Index Scan using sbtest7_pkey on sbtest7  (cost=0.43..8.45 rows=1 width=121)
	  Index Cond: (id = 7360260)

table 8 : explain SELECT c FROM sbtest8 WHERE id=7405223
	Index Scan using sbtest8_pkey on sbtest8  (cost=0.43..8.45 rows=1 width=121)
	  Index Cond: (id = 7405223)

for point_selects
table 1 : explain SELECT c FROM sbtest1 WHERE id=7623810
	Index Scan using sbtest1_pkey on sbtest1  (cost=0.43..8.45 rows=1 width=121)
	  Index Cond: (id = 7623810)

table 2 : explain SELECT c FROM sbtest2 WHERE id=3132223
	Index Scan using sbtest2_pkey on sbtest2  (cost=0.43..8.45 rows=1 width=121)
	  Index Cond: (id = 3132223)

table 3 : explain SELECT c FROM sbtest3 WHERE id=5449474
	Index Scan using sbtest3_pkey on sbtest3  (cost=0.43..8.45 rows=1 width=121)
	  Index Cond: (id = 5449474)

table 4 : explain SELECT c FROM sbtest4 WHERE id=2393693
	Index Scan using sbtest4_pkey on sbtest4  (cost=0.43..8.45 rows=1 width=121)
	  Index Cond: (id = 2393693)

table 5 : explain SELECT c FROM sbtest5 WHERE id=1514434
	Index Scan using sbtest5_pkey on sbtest5  (cost=0.43..8.45 rows=1 width=121)
	  Index Cond: (id = 1514434)

table 6 : explain SELECT c FROM sbtest6 WHERE id=2298261
	Index Scan using sbtest6_pkey on sbtest6  (cost=0.43..8.45 rows=1 width=121)
	  Index Cond: (id = 2298261)

table 7 : explain SELECT c FROM sbtest7 WHERE id=6695262
	Index Scan using sbtest7_pkey on sbtest7  (cost=0.43..8.45 rows=1 width=121)
	  Index Cond: (id = 6695262)

table 8 : explain SELECT c FROM sbtest8 WHERE id=7194981
	Index Scan using sbtest8_pkey on sbtest8  (cost=0.43..8.45 rows=1 width=121)
	  Index Cond: (id = 7194981)

for point_selects
table 1 : explain SELECT c FROM sbtest1 WHERE id=6258184
	Index Scan using sbtest1_pkey on sbtest1  (cost=0.43..8.45 rows=1 width=121)
	  Index Cond: (id = 6258184)

table 2 : explain SELECT c FROM sbtest2 WHERE id=7714982
	Index Scan using sbtest2_pkey on sbtest2  (cost=0.43..8.45 rows=1 width=121)
	  Index Cond: (id = 7714982)

table 3 : explain SELECT c FROM sbtest3 WHERE id=8314253
	Index Scan using sbtest3_pkey on sbtest3  (cost=0.43..8.45 rows=1 width=121)
	  Index Cond: (id = 8314253)

table 4 : explain SELECT c FROM sbtest4 WHERE id=3387909
	Index Scan using sbtest4_pkey on sbtest4  (cost=0.43..8.45 rows=1 width=121)
	  Index Cond: (id = 3387909)

table 5 : explain SELECT c FROM sbtest5 WHERE id=5048625
	Index Scan using sbtest5_pkey on sbtest5  (cost=0.43..8.45 rows=1 width=121)
	  Index Cond: (id = 5048625)

table 6 : explain SELECT c FROM sbtest6 WHERE id=2138899
	Index Scan using sbtest6_pkey on sbtest6  (cost=0.43..8.45 rows=1 width=121)
	  Index Cond: (id = 2138899)

table 7 : explain SELECT c FROM sbtest7 WHERE id=8221067
	Index Scan using sbtest7_pkey on sbtest7  (cost=0.43..8.45 rows=1 width=121)
	  Index Cond: (id = 8221067)

table 8 : explain SELECT c FROM sbtest8 WHERE id=7307846
	Index Scan using sbtest8_pkey on sbtest8  (cost=0.43..8.45 rows=1 width=121)
	  Index Cond: (id = 7307846)

explain: for point_selects :: explain SELECT c FROM sbtest%u WHERE id=%u
for point_selects
table 1 : explain SELECT c FROM sbtest1 WHERE id=6543157
	Index Scan using sbtest1_pkey on sbtest1  (cost=0.43..8.45 rows=1 width=121)
	  Index Cond: (id = 6543157)

table 2 : explain SELECT c FROM sbtest2 WHERE id=1892623
	Index Scan using sbtest2_pkey on sbtest2  (cost=0.43..8.45 rows=1 width=121)
	  Index Cond: (id = 1892623)

table 3 : explain SELECT c FROM sbtest3 WHERE id=3907680
	Index Scan using sbtest3_pkey on sbtest3  (cost=0.43..8.45 rows=1 width=121)
	  Index Cond: (id = 3907680)

table 4 : explain SELECT c FROM sbtest4 WHERE id=9799665
	Index Scan using sbtest4_pkey on sbtest4  (cost=0.43..8.45 rows=1 width=121)
	  Index Cond: (id = 9799665)

table 5 : explain SELECT c FROM sbtest5 WHERE id=7315029
	Index Scan using sbtest5_pkey on sbtest5  (cost=0.43..8.45 rows=1 width=121)
	  Index Cond: (id = 7315029)

table 6 : explain SELECT c FROM sbtest6 WHERE id=7744141
	Index Scan using sbtest6_pkey on sbtest6  (cost=0.43..8.45 rows=1 width=121)
	  Index Cond: (id = 7744141)

table 7 : explain SELECT c FROM sbtest7 WHERE id=4589445
	Index Scan using sbtest7_pkey on sbtest7  (cost=0.43..8.45 rows=1 width=121)
	  Index Cond: (id = 4589445)

table 8 : explain SELECT c FROM sbtest8 WHERE id=9189670
	Index Scan using sbtest8_pkey on sbtest8  (cost=0.43..8.45 rows=1 width=121)
	  Index Cond: (id = 9189670)

for point_selects
table 1 : explain SELECT c FROM sbtest1 WHERE id=5877538
	Index Scan using sbtest1_pkey on sbtest1  (cost=0.43..8.45 rows=1 width=121)
	  Index Cond: (id = 5877538)

table 2 : explain SELECT c FROM sbtest2 WHERE id=4230426
	Index Scan using sbtest2_pkey on sbtest2  (cost=0.43..8.45 rows=1 width=121)
	  Index Cond: (id = 4230426)

table 3 : explain SELECT c FROM sbtest3 WHERE id=9036587
	Index Scan using sbtest3_pkey on sbtest3  (cost=0.43..8.45 rows=1 width=121)
	  Index Cond: (id = 9036587)

table 4 : explain SELECT c FROM sbtest4 WHERE id=1350434
	Index Scan using sbtest4_pkey on sbtest4  (cost=0.43..8.45 rows=1 width=121)
	  Index Cond: (id = 1350434)

table 5 : explain SELECT c FROM sbtest5 WHERE id=7571837
	Index Scan using sbtest5_pkey on sbtest5  (cost=0.43..8.45 rows=1 width=121)
	  Index Cond: (id = 7571837)

table 6 : explain SELECT c FROM sbtest6 WHERE id=5312542
	Index Scan using sbtest6_pkey on sbtest6  (cost=0.43..8.45 rows=1 width=121)
	  Index Cond: (id = 5312542)

table 7 : explain SELECT c FROM sbtest7 WHERE id=4324270
	Index Scan using sbtest7_pkey on sbtest7  (cost=0.43..8.45 rows=1 width=121)
	  Index Cond: (id = 4324270)

table 8 : explain SELECT c FROM sbtest8 WHERE id=9661343
	Index Scan using sbtest8_pkey on sbtest8  (cost=0.43..8.45 rows=1 width=121)
	  Index Cond: (id = 9661343)
for point_selects
table 1 : explain SELECT c FROM sbtest1 WHERE id=859019
	Index Scan using sbtest1_pkey on sbtest1  (cost=0.43..8.45 rows=1 width=121)
	  Index Cond: (id = 859019)

table 2 : explain SELECT c FROM sbtest2 WHERE id=7860299
	Index Scan using sbtest2_pkey on sbtest2  (cost=0.43..8.45 rows=1 width=121)
	  Index Cond: (id = 7860299)

table 3 : explain SELECT c FROM sbtest3 WHERE id=4280212
	Index Scan using sbtest3_pkey on sbtest3  (cost=0.43..8.45 rows=1 width=121)
	  Index Cond: (id = 4280212)

table 4 : explain SELECT c FROM sbtest4 WHERE id=4406835
	Index Scan using sbtest4_pkey on sbtest4  (cost=0.43..8.45 rows=1 width=121)
	  Index Cond: (id = 4406835)

table 5 : explain SELECT c FROM sbtest5 WHERE id=2237441
	Index Scan using sbtest5_pkey on sbtest5  (cost=0.43..8.45 rows=1 width=121)
	  Index Cond: (id = 2237441)

table 6 : explain SELECT c FROM sbtest6 WHERE id=3899746
	Index Scan using sbtest6_pkey on sbtest6  (cost=0.43..8.45 rows=1 width=121)
	  Index Cond: (id = 3899746)

table 7 : explain SELECT c FROM sbtest7 WHERE id=6883795
	Index Scan using sbtest7_pkey on sbtest7  (cost=0.43..8.45 rows=1 width=121)
	  Index Cond: (id = 6883795)

table 8 : explain SELECT c FROM sbtest8 WHERE id=3878277
	Index Scan using sbtest8_pkey on sbtest8  (cost=0.43..8.45 rows=1 width=121)
	  Index Cond: (id = 3878277)

for: simple_ranges
table 1 : explain SELECT c FROM sbtest1 WHERE id BETWEEN 9766087 AND 9766096
	Index Scan using sbtest1_pkey on sbtest1  (cost=0.43..43.78 rows=10 width=121)
	  Index Cond: ((id >= 9766087) AND (id <= 9766096))

table 2 : explain SELECT c FROM sbtest2 WHERE id BETWEEN 808994 AND 809003
	Index Scan using sbtest2_pkey on sbtest2  (cost=0.43..43.75 rows=10 width=121)
	  Index Cond: ((id >= 808994) AND (id <= 809003))

table 3 : explain SELECT c FROM sbtest3 WHERE id BETWEEN 5408069 AND 5408078
	Index Scan using sbtest3_pkey on sbtest3  (cost=0.43..39.97 rows=9 width=121)
	  Index Cond: ((id >= 5408069) AND (id <= 5408078))

table 4 : explain SELECT c FROM sbtest4 WHERE id BETWEEN 1218225 AND 1218234
	Index Scan using sbtest4_pkey on sbtest4  (cost=0.43..43.89 rows=10 width=121)
	  Index Cond: ((id >= 1218225) AND (id <= 1218234))

table 5 : explain SELECT c FROM sbtest5 WHERE id BETWEEN 2132237 AND 2132246
	Index Scan using sbtest5_pkey on sbtest5  (cost=0.43..47.61 rows=11 width=121)
	  Index Cond: ((id >= 2132237) AND (id <= 2132246))

table 6 : explain SELECT c FROM sbtest6 WHERE id BETWEEN 6714391 AND 6714400
	Index Scan using sbtest6_pkey on sbtest6  (cost=0.43..43.79 rows=10 width=121)
	  Index Cond: ((id >= 6714391) AND (id <= 6714400))

table 7 : explain SELECT c FROM sbtest7 WHERE id BETWEEN 1645281 AND 1645290
	Index Scan using sbtest7_pkey on sbtest7  (cost=0.43..43.73 rows=10 width=121)
	  Index Cond: ((id >= 1645281) AND (id <= 1645290))

table 8 : explain SELECT c FROM sbtest8 WHERE id BETWEEN 2840056 AND 2840065
	Index Scan using sbtest8_pkey on sbtest8  (cost=0.43..43.77 rows=10 width=121)
	  Index Cond: ((id >= 2840056) AND (id <= 2840065))


explain: for point_selects :: explain SELECT c FROM sbtest%u WHERE id=%u
for point_selects
table 1 : explain SELECT c FROM sbtest1 WHERE id=4575829
	Index Scan using sbtest1_pkey on sbtest1  (cost=0.43..8.45 rows=1 width=121)
	  Index Cond: (id = 4575829)

table 2 : explain SELECT c FROM sbtest2 WHERE id=6899304
	Index Scan using sbtest2_pkey on sbtest2  (cost=0.43..8.45 rows=1 width=121)
	  Index Cond: (id = 6899304)

table 3 : explain SELECT c FROM sbtest3 WHERE id=5990088
	Index Scan using sbtest3_pkey on sbtest3  (cost=0.43..8.45 rows=1 width=121)
	  Index Cond: (id = 5990088)

table 4 : explain SELECT c FROM sbtest4 WHERE id=8349069
	Index Scan using sbtest4_pkey on sbtest4  (cost=0.43..8.45 rows=1 width=121)
	  Index Cond: (id = 8349069)

table 5 : explain SELECT c FROM sbtest5 WHERE id=5282019
	Index Scan using sbtest5_pkey on sbtest5  (cost=0.43..8.45 rows=1 width=121)
	  Index Cond: (id = 5282019)

table 6 : explain SELECT c FROM sbtest6 WHERE id=4756602
	Index Scan using sbtest6_pkey on sbtest6  (cost=0.43..8.45 rows=1 width=121)
	  Index Cond: (id = 4756602)

table 7 : explain SELECT c FROM sbtest7 WHERE id=229207
	Index Scan using sbtest7_pkey on sbtest7  (cost=0.43..8.45 rows=1 width=121)
	  Index Cond: (id = 229207)

table 8 : explain SELECT c FROM sbtest8 WHERE id=6800500
	Index Scan using sbtest8_pkey on sbtest8  (cost=0.43..8.45 rows=1 width=121)
	  Index Cond: (id = 6800500)

for point_selects
table 1 : explain SELECT c FROM sbtest1 WHERE id=8746054
	Index Scan using sbtest1_pkey on sbtest1  (cost=0.43..8.45 rows=1 width=121)
	  Index Cond: (id = 8746054)

table 2 : explain SELECT c FROM sbtest2 WHERE id=1875826
	Index Scan using sbtest2_pkey on sbtest2  (cost=0.43..8.45 rows=1 width=121)
	  Index Cond: (id = 1875826)

table 3 : explain SELECT c FROM sbtest3 WHERE id=8887866
	Index Scan using sbtest3_pkey on sbtest3  (cost=0.43..8.45 rows=1 width=121)
	  Index Cond: (id = 8887866)

table 4 : explain SELECT c FROM sbtest4 WHERE id=1368883
	Index Scan using sbtest4_pkey on sbtest4  (cost=0.43..8.45 rows=1 width=121)
	  Index Cond: (id = 1368883)

table 5 : explain SELECT c FROM sbtest5 WHERE id=5374151
	Index Scan using sbtest5_pkey on sbtest5  (cost=0.43..8.45 rows=1 width=121)
	  Index Cond: (id = 5374151)

table 6 : explain SELECT c FROM sbtest6 WHERE id=5428242
	Index Scan using sbtest6_pkey on sbtest6  (cost=0.43..8.45 rows=1 width=121)
	  Index Cond: (id = 5428242)

table 7 : explain SELECT c FROM sbtest7 WHERE id=5616123
	Index Scan using sbtest7_pkey on sbtest7  (cost=0.43..8.45 rows=1 width=121)
	  Index Cond: (id = 5616123)

table 8 : explain SELECT c FROM sbtest8 WHERE id=9827453
	Index Scan using sbtest8_pkey on sbtest8  (cost=0.43..8.45 rows=1 width=121)
	  Index Cond: (id = 9827453)

for point_selects
table 1 : explain SELECT c FROM sbtest1 WHERE id=2491550
	Index Scan using sbtest1_pkey on sbtest1  (cost=0.43..8.45 rows=1 width=121)
	  Index Cond: (id = 2491550)

table 2 : explain SELECT c FROM sbtest2 WHERE id=888024
	Index Scan using sbtest2_pkey on sbtest2  (cost=0.43..8.45 rows=1 width=121)
	  Index Cond: (id = 888024)

table 3 : explain SELECT c FROM sbtest3 WHERE id=3794394
	Index Scan using sbtest3_pkey on sbtest3  (cost=0.43..8.45 rows=1 width=121)
	  Index Cond: (id = 3794394)

table 4 : explain SELECT c FROM sbtest4 WHERE id=5987488
	Index Scan using sbtest4_pkey on sbtest4  (cost=0.43..8.45 rows=1 width=121)
	  Index Cond: (id = 5987488)

table 5 : explain SELECT c FROM sbtest5 WHERE id=3368587
	Index Scan using sbtest5_pkey on sbtest5  (cost=0.43..8.45 rows=1 width=121)
	  Index Cond: (id = 3368587)

table 6 : explain SELECT c FROM sbtest6 WHERE id=1446629
	Index Scan using sbtest6_pkey on sbtest6  (cost=0.43..8.45 rows=1 width=121)
	  Index Cond: (id = 1446629)

table 7 : explain SELECT c FROM sbtest7 WHERE id=1966489
	Index Scan using sbtest7_pkey on sbtest7  (cost=0.43..8.45 rows=1 width=121)
	  Index Cond: (id = 1966489)

table 8 : explain SELECT c FROM sbtest8 WHERE id=7249365
	Index Scan using sbtest8_pkey on sbtest8  (cost=0.43..8.45 rows=1 width=121)
	  Index Cond: (id = 7249365)

for point_selects
table 1 : explain SELECT c FROM sbtest1 WHERE id=8021774
	Index Scan using sbtest1_pkey on sbtest1  (cost=0.43..8.45 rows=1 width=121)
	  Index Cond: (id = 8021774)

table 2 : explain SELECT c FROM sbtest2 WHERE id=7576636
	Index Scan using sbtest2_pkey on sbtest2  (cost=0.43..8.45 rows=1 width=121)
	  Index Cond: (id = 7576636)

table 3 : explain SELECT c FROM sbtest3 WHERE id=6895452
	Index Scan using sbtest3_pkey on sbtest3  (cost=0.43..8.45 rows=1 width=121)
	  Index Cond: (id = 6895452)

table 4 : explain SELECT c FROM sbtest4 WHERE id=34232
	Index Scan using sbtest4_pkey on sbtest4  (cost=0.43..8.45 rows=1 width=121)
	  Index Cond: (id = 34232)

table 5 : explain SELECT c FROM sbtest5 WHERE id=399940
	Index Scan using sbtest5_pkey on sbtest5  (cost=0.43..8.45 rows=1 width=121)
	  Index Cond: (id = 399940)

table 6 : explain SELECT c FROM sbtest6 WHERE id=1789313
	Index Scan using sbtest6_pkey on sbtest6  (cost=0.43..8.45 rows=1 width=121)
	  Index Cond: (id = 1789313)

table 7 : explain SELECT c FROM sbtest7 WHERE id=1089268
	Index Scan using sbtest7_pkey on sbtest7  (cost=0.43..8.45 rows=1 width=121)
	  Index Cond: (id = 1089268)

table 8 : explain SELECT c FROM sbtest8 WHERE id=9781338
	Index Scan using sbtest8_pkey on sbtest8  (cost=0.43..8.45 rows=1 width=121)
	  Index Cond: (id = 9781338)

for point_selects
table 1 : explain SELECT c FROM sbtest1 WHERE id=2436042
	Index Scan using sbtest1_pkey on sbtest1  (cost=0.43..8.45 rows=1 width=121)
	  Index Cond: (id = 2436042)

table 2 : explain SELECT c FROM sbtest2 WHERE id=6067479
	Index Scan using sbtest2_pkey on sbtest2  (cost=0.43..8.45 rows=1 width=121)
	  Index Cond: (id = 6067479)

table 3 : explain SELECT c FROM sbtest3 WHERE id=5317544
	Index Scan using sbtest3_pkey on sbtest3  (cost=0.43..8.45 rows=1 width=121)
	  Index Cond: (id = 5317544)

table 4 : explain SELECT c FROM sbtest4 WHERE id=6876966
	Index Scan using sbtest4_pkey on sbtest4  (cost=0.43..8.45 rows=1 width=121)
	  Index Cond: (id = 6876966)

table 5 : explain SELECT c FROM sbtest5 WHERE id=8668322
	Index Scan using sbtest5_pkey on sbtest5  (cost=0.43..8.45 rows=1 width=121)
	  Index Cond: (id = 8668322)

table 6 : explain SELECT c FROM sbtest6 WHERE id=7604343
	Index Scan using sbtest6_pkey on sbtest6  (cost=0.43..8.45 rows=1 width=121)
	  Index Cond: (id = 7604343)

table 7 : explain SELECT c FROM sbtest7 WHERE id=373971
	Index Scan using sbtest7_pkey on sbtest7  (cost=0.43..8.45 rows=1 width=121)
	  Index Cond: (id = 373971)

table 8 : explain SELECT c FROM sbtest8 WHERE id=8921994
	Index Scan using sbtest8_pkey on sbtest8  (cost=0.43..8.45 rows=1 width=121)
	  Index Cond: (id = 8921994)

explain: for point_selects :: explain SELECT c FROM sbtest%u WHERE id=%u
for: simple_ranges
table 1 : explain SELECT c FROM sbtest1 WHERE id BETWEEN 3726996 AND 3727005
	Index Scan using sbtest1_pkey on sbtest1  (cost=0.43..43.78 rows=10 width=121)
	  Index Cond: ((id >= 3726996) AND (id <= 3727005))

table 2 : explain SELECT c FROM sbtest2 WHERE id BETWEEN 5624341 AND 5624350
	Index Scan using sbtest2_pkey on sbtest2  (cost=0.43..43.75 rows=10 width=121)
	  Index Cond: ((id >= 5624341) AND (id <= 5624350))

table 3 : explain SELECT c FROM sbtest3 WHERE id BETWEEN 9188187 AND 9188196
	Index Scan using sbtest3_pkey on sbtest3  (cost=0.43..39.97 rows=9 width=121)
	  Index Cond: ((id >= 9188187) AND (id <= 9188196))

table 4 : explain SELECT c FROM sbtest4 WHERE id BETWEEN 8491869 AND 8491878
	Index Scan using sbtest4_pkey on sbtest4  (cost=0.43..43.89 rows=10 width=121)
	  Index Cond: ((id >= 8491869) AND (id <= 8491878))

table 5 : explain SELECT c FROM sbtest5 WHERE id BETWEEN 2392115 AND 2392124
	Index Scan using sbtest5_pkey on sbtest5  (cost=0.43..43.70 rows=10 width=121)
	  Index Cond: ((id >= 2392115) AND (id <= 2392124))

table 6 : explain SELECT c FROM sbtest6 WHERE id BETWEEN 8241727 AND 8241736
	Index Scan using sbtest6_pkey on sbtest6  (cost=0.43..47.72 rows=11 width=121)
	  Index Cond: ((id >= 8241727) AND (id <= 8241736))

table 7 : explain SELECT c FROM sbtest7 WHERE id BETWEEN 8122662 AND 8122671
	Index Scan using sbtest7_pkey on sbtest7  (cost=0.43..43.73 rows=10 width=121)
	  Index Cond: ((id >= 8122662) AND (id <= 8122671))

table 8 : explain SELECT c FROM sbtest8 WHERE id BETWEEN 5092168 AND 5092177
	Index Scan using sbtest8_pkey on sbtest8  (cost=0.43..43.77 rows=10 width=121)
	  Index Cond: ((id >= 5092168) AND (id <= 5092177))

for: simple_ranges
table 1 : explain SELECT c FROM sbtest1 WHERE id BETWEEN 8049816 AND 8049825
	Index Scan using sbtest1_pkey on sbtest1  (cost=0.43..43.78 rows=10 width=121)
	  Index Cond: ((id >= 8049816) AND (id <= 8049825))

table 2 : explain SELECT c FROM sbtest2 WHERE id BETWEEN 9822727 AND 9822736
	Index Scan using sbtest2_pkey on sbtest2  (cost=0.43..43.75 rows=10 width=121)
	  Index Cond: ((id >= 9822727) AND (id <= 9822736))

table 3 : explain SELECT c FROM sbtest3 WHERE id BETWEEN 4172684 AND 4172693
	Index Scan using sbtest3_pkey on sbtest3  (cost=0.43..43.91 rows=10 width=121)
	  Index Cond: ((id >= 4172684) AND (id <= 4172693))

table 4 : explain SELECT c FROM sbtest4 WHERE id BETWEEN 9241931 AND 9241940
	Index Scan using sbtest4_pkey on sbtest4  (cost=0.43..39.95 rows=9 width=121)
	  Index Cond: ((id >= 9241931) AND (id <= 9241940))

table 5 : explain SELECT c FROM sbtest5 WHERE id BETWEEN 1385030 AND 1385039
	Index Scan using sbtest5_pkey on sbtest5  (cost=0.43..43.70 rows=10 width=121)
	  Index Cond: ((id >= 1385030) AND (id <= 1385039))

table 6 : explain SELECT c FROM sbtest6 WHERE id BETWEEN 7313873 AND 7313882
	Index Scan using sbtest6_pkey on sbtest6  (cost=0.43..43.79 rows=10 width=121)
	  Index Cond: ((id >= 7313873) AND (id <= 7313882))

table 7 : explain SELECT c FROM sbtest7 WHERE id BETWEEN 6310000 AND 6310009
	Index Scan using sbtest7_pkey on sbtest7  (cost=0.43..43.73 rows=10 width=121)
	  Index Cond: ((id >= 6310000) AND (id <= 6310009))

table 8 : explain SELECT c FROM sbtest8 WHERE id BETWEEN 6314439 AND 6314448
	Index Scan using sbtest8_pkey on sbtest8  (cost=0.43..43.77 rows=10 width=121)
	  Index Cond: ((id >= 6314439) AND (id <= 6314448))

for point_selects
table 1 : explain SELECT c FROM sbtest1 WHERE id=6605366
	Index Scan using sbtest1_pkey on sbtest1  (cost=0.43..8.45 rows=1 width=121)
	  Index Cond: (id = 6605366)

table 2 : explain SELECT c FROM sbtest2 WHERE id=4343721
	Index Scan using sbtest2_pkey on sbtest2  (cost=0.43..8.45 rows=1 width=121)
	  Index Cond: (id = 4343721)

table 3 : explain SELECT c FROM sbtest3 WHERE id=3591707
	Index Scan using sbtest3_pkey on sbtest3  (cost=0.43..8.45 rows=1 width=121)
	  Index Cond: (id = 3591707)

table 4 : explain SELECT c FROM sbtest4 WHERE id=3349683
	Index Scan using sbtest4_pkey on sbtest4  (cost=0.43..8.45 rows=1 width=121)
	  Index Cond: (id = 3349683)

table 5 : explain SELECT c FROM sbtest5 WHERE id=8080238
	Index Scan using sbtest5_pkey on sbtest5  (cost=0.43..8.45 rows=1 width=121)
	  Index Cond: (id = 8080238)

table 6 : explain SELECT c FROM sbtest6 WHERE id=7086203
	Index Scan using sbtest6_pkey on sbtest6  (cost=0.43..8.45 rows=1 width=121)
	  Index Cond: (id = 7086203)

table 7 : explain SELECT c FROM sbtest7 WHERE id=7118147
	Index Scan using sbtest7_pkey on sbtest7  (cost=0.43..8.45 rows=1 width=121)
	  Index Cond: (id = 7118147)

table 8 : explain SELECT c FROM sbtest8 WHERE id=4114460
	Index Scan using sbtest8_pkey on sbtest8  (cost=0.43..8.45 rows=1 width=121)
	  Index Cond: (id = 4114460)

for point_selects
table 1 : explain SELECT c FROM sbtest1 WHERE id=8682538
	Index Scan using sbtest1_pkey on sbtest1  (cost=0.43..8.45 rows=1 width=121)
	  Index Cond: (id = 8682538)

table 2 : explain SELECT c FROM sbtest2 WHERE id=1462514
	Index Scan using sbtest2_pkey on sbtest2  (cost=0.43..8.45 rows=1 width=121)
	  Index Cond: (id = 1462514)

table 3 : explain SELECT c FROM sbtest3 WHERE id=7890540
	Index Scan using sbtest3_pkey on sbtest3  (cost=0.43..8.45 rows=1 width=121)
	  Index Cond: (id = 7890540)

table 4 : explain SELECT c FROM sbtest4 WHERE id=1583653
	Index Scan using sbtest4_pkey on sbtest4  (cost=0.43..8.45 rows=1 width=121)
	  Index Cond: (id = 1583653)

table 5 : explain SELECT c FROM sbtest5 WHERE id=4962245
	Index Scan using sbtest5_pkey on sbtest5  (cost=0.43..8.45 rows=1 width=121)
	  Index Cond: (id = 4962245)

table 6 : explain SELECT c FROM sbtest6 WHERE id=13628
	Index Scan using sbtest6_pkey on sbtest6  (cost=0.43..8.45 rows=1 width=121)
	  Index Cond: (id = 13628)

table 7 : explain SELECT c FROM sbtest7 WHERE id=1746904
	Index Scan using sbtest7_pkey on sbtest7  (cost=0.43..8.45 rows=1 width=121)
	  Index Cond: (id = 1746904)

table 8 : explain SELECT c FROM sbtest8 WHERE id=1826392
	Index Scan using sbtest8_pkey on sbtest8  (cost=0.43..8.45 rows=1 width=121)
	  Index Cond: (id = 1826392)

for: simple_ranges
table 1 : explain SELECT c FROM sbtest1 WHERE id BETWEEN 5908977 AND 5908986
	Index Scan using sbtest1_pkey on sbtest1  (cost=0.43..43.78 rows=10 width=121)
	  Index Cond: ((id >= 5908977) AND (id <= 5908986))

table 2 : explain SELECT c FROM sbtest2 WHERE id BETWEEN 1564878 AND 1564887
	Index Scan using sbtest2_pkey on sbtest2  (cost=0.43..43.75 rows=10 width=121)
	  Index Cond: ((id >= 1564878) AND (id <= 1564887))

table 3 : explain SELECT c FROM sbtest3 WHERE id BETWEEN 6146764 AND 6146773
	Index Scan using sbtest3_pkey on sbtest3  (cost=0.43..43.91 rows=10 width=121)
	  Index Cond: ((id >= 6146764) AND (id <= 6146773))

table 4 : explain SELECT c FROM sbtest4 WHERE id BETWEEN 4188230 AND 4188239
	Index Scan using sbtest4_pkey on sbtest4  (cost=0.43..47.83 rows=11 width=121)
	  Index Cond: ((id >= 4188230) AND (id <= 4188239))

table 5 : explain SELECT c FROM sbtest5 WHERE id BETWEEN 5476106 AND 5476115
	Index Scan using sbtest5_pkey on sbtest5  (cost=0.43..39.78 rows=9 width=121)
	  Index Cond: ((id >= 5476106) AND (id <= 5476115))

table 6 : explain SELECT c FROM sbtest6 WHERE id BETWEEN 8633236 AND 8633245
	Index Scan using sbtest6_pkey on sbtest6  (cost=0.43..47.72 rows=11 width=121)
	  Index Cond: ((id >= 8633236) AND (id <= 8633245))

table 7 : explain SELECT c FROM sbtest7 WHERE id BETWEEN 7357198 AND 7357207
	Index Scan using sbtest7_pkey on sbtest7  (cost=0.43..43.73 rows=10 width=121)
	  Index Cond: ((id >= 7357198) AND (id <= 7357207))

table 8 : explain SELECT c FROM sbtest8 WHERE id BETWEEN 2220172 AND 2220181
	Index Scan using sbtest8_pkey on sbtest8  (cost=0.43..43.77 rows=10 width=121)
	  Index Cond: ((id >= 2220172) AND (id <= 2220181))
for: simple_ranges
table 1 : explain SELECT c FROM sbtest1 WHERE id BETWEEN 3345527 AND 3345536
	Index Scan using sbtest1_pkey on sbtest1  (cost=0.43..47.70 rows=11 width=121)
	  Index Cond: ((id >= 3345527) AND (id <= 3345536))

table 2 : explain SELECT c FROM sbtest2 WHERE id BETWEEN 7466107 AND 7466116
	Index Scan using sbtest2_pkey on sbtest2  (cost=0.43..43.75 rows=10 width=121)
	  Index Cond: ((id >= 7466107) AND (id <= 7466116))

table 3 : explain SELECT c FROM sbtest3 WHERE id BETWEEN 7065926 AND 7065935
	Index Scan using sbtest3_pkey on sbtest3  (cost=0.43..43.91 rows=10 width=121)
	  Index Cond: ((id >= 7065926) AND (id <= 7065935))

table 4 : explain SELECT c FROM sbtest4 WHERE id BETWEEN 2379348 AND 2379357
	Index Scan using sbtest4_pkey on sbtest4  (cost=0.43..43.89 rows=10 width=121)
	  Index Cond: ((id >= 2379348) AND (id <= 2379357))

table 5 : explain SELECT c FROM sbtest5 WHERE id BETWEEN 7683561 AND 7683570
	Index Scan using sbtest5_pkey on sbtest5  (cost=0.43..39.78 rows=9 width=121)
	  Index Cond: ((id >= 7683561) AND (id <= 7683570))

table 6 : explain SELECT c FROM sbtest6 WHERE id BETWEEN 5746036 AND 5746045
	Index Scan using sbtest6_pkey on sbtest6  (cost=0.43..43.79 rows=10 width=121)
	  Index Cond: ((id >= 5746036) AND (id <= 5746045))

table 7 : explain SELECT c FROM sbtest7 WHERE id BETWEEN 1405489 AND 1405498
	Index Scan using sbtest7_pkey on sbtest7  (cost=0.43..39.81 rows=9 width=121)
	  Index Cond: ((id >= 1405489) AND (id <= 1405498))

table 8 : explain SELECT c FROM sbtest8 WHERE id BETWEEN 7872633 AND 7872642
	Index Scan using sbtest8_pkey on sbtest8  (cost=0.43..43.77 rows=10 width=121)
	  Index Cond: ((id >= 7872633) AND (id <= 7872642))
for: simple_ranges
table 1 : explain SELECT c FROM sbtest1 WHERE id BETWEEN 3284243 AND 3284252
	Index Scan using sbtest1_pkey on sbtest1  (cost=0.43..43.78 rows=10 width=121)
	  Index Cond: ((id >= 3284243) AND (id <= 3284252))

table 2 : explain SELECT c FROM sbtest2 WHERE id BETWEEN 5965336 AND 5965345
	Index Scan using sbtest2_pkey on sbtest2  (cost=0.43..47.67 rows=11 width=121)
	  Index Cond: ((id >= 5965336) AND (id <= 5965345))

table 3 : explain SELECT c FROM sbtest3 WHERE id BETWEEN 6917738 AND 6917747
	Index Scan using sbtest3_pkey on sbtest3  (cost=0.43..43.91 rows=10 width=121)
	  Index Cond: ((id >= 6917738) AND (id <= 6917747))

table 4 : explain SELECT c FROM sbtest4 WHERE id BETWEEN 9205496 AND 9205505
	Index Scan using sbtest4_pkey on sbtest4  (cost=0.43..39.95 rows=9 width=121)
	  Index Cond: ((id >= 9205496) AND (id <= 9205505))

table 5 : explain SELECT c FROM sbtest5 WHERE id BETWEEN 1741490 AND 1741499
	Index Scan using sbtest5_pkey on sbtest5  (cost=0.43..43.70 rows=10 width=121)
	  Index Cond: ((id >= 1741490) AND (id <= 1741499))

table 6 : explain SELECT c FROM sbtest6 WHERE id BETWEEN 3008283 AND 3008292
	Index Scan using sbtest6_pkey on sbtest6  (cost=0.43..43.79 rows=10 width=121)
	  Index Cond: ((id >= 3008283) AND (id <= 3008292))

table 7 : explain SELECT c FROM sbtest7 WHERE id BETWEEN 1900617 AND 1900626
	Index Scan using sbtest7_pkey on sbtest7  (cost=0.43..47.65 rows=11 width=121)
	  Index Cond: ((id >= 1900617) AND (id <= 1900626))

table 8 : explain SELECT c FROM sbtest8 WHERE id BETWEEN 1503182 AND 1503191
	Index Scan using sbtest8_pkey on sbtest8  (cost=0.43..43.77 rows=10 width=121)
	  Index Cond: ((id >= 1503182) AND (id <= 1503191))



for point_selects
table 1 : explain SELECT c FROM sbtest1 WHERE id=5183825
	Index Scan using sbtest1_pkey on sbtest1  (cost=0.43..8.45 rows=1 width=121)
	  Index Cond: (id = 5183825)

table 2 : explain SELECT c FROM sbtest2 WHERE id=4822534
	Index Scan using sbtest2_pkey on sbtest2  (cost=0.43..8.45 rows=1 width=121)
	  Index Cond: (id = 4822534)

table 3 : explain SELECT c FROM sbtest3 WHERE id=3880627
	Index Scan using sbtest3_pkey on sbtest3  (cost=0.43..8.45 rows=1 width=121)
	  Index Cond: (id = 3880627)

table 4 : explain SELECT c FROM sbtest4 WHERE id=4690909
	Index Scan using sbtest4_pkey on sbtest4  (cost=0.43..8.45 rows=1 width=121)
	  Index Cond: (id = 4690909)

table 5 : explain SELECT c FROM sbtest5 WHERE id=5696239
	Index Scan using sbtest5_pkey on sbtest5  (cost=0.43..8.45 rows=1 width=121)
	  Index Cond: (id = 5696239)

table 6 : explain SELECT c FROM sbtest6 WHERE id=686365
	Index Scan using sbtest6_pkey on sbtest6  (cost=0.43..8.45 rows=1 width=121)
	  Index Cond: (id = 686365)

table 7 : explain SELECT c FROM sbtest7 WHERE id=730703
	Index Scan using sbtest7_pkey on sbtest7  (cost=0.43..8.45 rows=1 width=121)
	  Index Cond: (id = 730703)

table 8 : explain SELECT c FROM sbtest8 WHERE id=7846133
	Index Scan using sbtest8_pkey on sbtest8  (cost=0.43..8.45 rows=1 width=121)
	  Index Cond: (id = 7846133)

for: simple_ranges
table 1 : explain SELECT c FROM sbtest1 WHERE id BETWEEN 3516877 AND 3516886
	Index Scan using sbtest1_pkey on sbtest1  (cost=0.43..43.78 rows=10 width=121)
	  Index Cond: ((id >= 3516877) AND (id <= 3516886))

table 2 : explain SELECT c FROM sbtest2 WHERE id BETWEEN 6732971 AND 6732980
	Index Scan using sbtest2_pkey on sbtest2  (cost=0.43..39.83 rows=9 width=121)
	  Index Cond: ((id >= 6732971) AND (id <= 6732980))

table 3 : explain SELECT c FROM sbtest3 WHERE id BETWEEN 4289971 AND 4289980
	Index Scan using sbtest3_pkey on sbtest3  (cost=0.43..39.97 rows=9 width=121)
	  Index Cond: ((id >= 4289971) AND (id <= 4289980))

table 4 : explain SELECT c FROM sbtest4 WHERE id BETWEEN 1517848 AND 1517857
	Index Scan using sbtest4_pkey on sbtest4  (cost=0.43..43.89 rows=10 width=121)
	  Index Cond: ((id >= 1517848) AND (id <= 1517857))

table 5 : explain SELECT c FROM sbtest5 WHERE id BETWEEN 8763015 AND 8763024
	Index Scan using sbtest5_pkey on sbtest5  (cost=0.43..43.70 rows=10 width=121)
	  Index Cond: ((id >= 8763015) AND (id <= 8763024))

table 6 : explain SELECT c FROM sbtest6 WHERE id BETWEEN 790432 AND 790441
	Index Scan using sbtest6_pkey on sbtest6  (cost=0.43..43.79 rows=10 width=121)
	  Index Cond: ((id >= 790432) AND (id <= 790441))

table 7 : explain SELECT c FROM sbtest7 WHERE id BETWEEN 9527154 AND 9527163
	Index Scan using sbtest7_pkey on sbtest7  (cost=0.43..43.73 rows=10 width=121)
	  Index Cond: ((id >= 9527154) AND (id <= 9527163))

table 8 : explain SELECT c FROM sbtest8 WHERE id BETWEEN 3084294 AND 3084303
	Index Scan using sbtest8_pkey on sbtest8  (cost=0.43..43.77 rows=10 width=121)
	  Index Cond: ((id >= 3084294) AND (id <= 3084303))

for: simple_ranges
table 1 : explain SELECT c FROM sbtest1 WHERE id BETWEEN 2541435 AND 2541444
	Index Scan using sbtest1_pkey on sbtest1  (cost=0.43..43.78 rows=10 width=121)
	  Index Cond: ((id >= 2541435) AND (id <= 2541444))

table 2 : explain SELECT c FROM sbtest2 WHERE id BETWEEN 4864886 AND 4864895
	Index Scan using sbtest2_pkey on sbtest2  (cost=0.43..43.75 rows=10 width=121)
	  Index Cond: ((id >= 4864886) AND (id <= 4864895))

table 3 : explain SELECT c FROM sbtest3 WHERE id BETWEEN 6598036 AND 6598045
	Index Scan using sbtest3_pkey on sbtest3  (cost=0.43..43.91 rows=10 width=121)
	  Index Cond: ((id >= 6598036) AND (id <= 6598045))

table 4 : explain SELECT c FROM sbtest4 WHERE id BETWEEN 1324111 AND 1324120
	Index Scan using sbtest4_pkey on sbtest4  (cost=0.43..43.89 rows=10 width=121)
	  Index Cond: ((id >= 1324111) AND (id <= 1324120))

table 5 : explain SELECT c FROM sbtest5 WHERE id BETWEEN 223756 AND 223765
	Index Scan using sbtest5_pkey on sbtest5  (cost=0.43..43.70 rows=10 width=121)
	  Index Cond: ((id >= 223756) AND (id <= 223765))

table 6 : explain SELECT c FROM sbtest6 WHERE id BETWEEN 6343169 AND 6343178
	Index Scan using sbtest6_pkey on sbtest6  (cost=0.43..39.86 rows=9 width=121)
	  Index Cond: ((id >= 6343169) AND (id <= 6343178))

table 7 : explain SELECT c FROM sbtest7 WHERE id BETWEEN 4033721 AND 4033730
	Index Scan using sbtest7_pkey on sbtest7  (cost=0.43..43.73 rows=10 width=121)
	  Index Cond: ((id >= 4033721) AND (id <= 4033730))

table 8 : explain SELECT c FROM sbtest8 WHERE id BETWEEN 6620229 AND 6620238
	Index Scan using sbtest8_pkey on sbtest8  (cost=0.43..47.70 rows=11 width=121)
	  Index Cond: ((id >= 6620229) AND (id <= 6620238))

for: simple_ranges
table 1 : explain SELECT c FROM sbtest1 WHERE id BETWEEN 7869541 AND 7869550
	Index Scan using sbtest1_pkey on sbtest1  (cost=0.43..43.78 rows=10 width=121)
	  Index Cond: ((id >= 7869541) AND (id <= 7869550))

table 2 : explain SELECT c FROM sbtest2 WHERE id BETWEEN 3880111 AND 3880120
	Index Scan using sbtest2_pkey on sbtest2  (cost=0.43..39.83 rows=9 width=121)
	  Index Cond: ((id >= 3880111) AND (id <= 3880120))

table 3 : explain SELECT c FROM sbtest3 WHERE id BETWEEN 3484450 AND 3484459
	Index Scan using sbtest3_pkey on sbtest3  (cost=0.43..43.91 rows=10 width=121)
	  Index Cond: ((id >= 3484450) AND (id <= 3484459))

table 4 : explain SELECT c FROM sbtest4 WHERE id BETWEEN 834290 AND 834299
	Index Scan using sbtest4_pkey on sbtest4  (cost=0.43..39.95 rows=9 width=121)
	  Index Cond: ((id >= 834290) AND (id <= 834299))

table 5 : explain SELECT c FROM sbtest5 WHERE id BETWEEN 5532165 AND 5532174
	Index Scan using sbtest5_pkey on sbtest5  (cost=0.43..43.70 rows=10 width=121)
	  Index Cond: ((id >= 5532165) AND (id <= 5532174))

table 6 : explain SELECT c FROM sbtest6 WHERE id BETWEEN 2526382 AND 2526391
	Index Scan using sbtest6_pkey on sbtest6  (cost=0.43..47.72 rows=11 width=121)
	  Index Cond: ((id >= 2526382) AND (id <= 2526391))

table 7 : explain SELECT c FROM sbtest7 WHERE id BETWEEN 2753305 AND 2753314
	Index Scan using sbtest7_pkey on sbtest7  (cost=0.43..43.73 rows=10 width=121)
	  Index Cond: ((id >= 2753305) AND (id <= 2753314))

table 8 : explain SELECT c FROM sbtest8 WHERE id BETWEEN 4616717 AND 4616726
	Index Scan using sbtest8_pkey on sbtest8  (cost=0.43..43.77 rows=10 width=121)
	  Index Cond: ((id >= 4616717) AND (id <= 4616726))

for: simple_ranges
table 1 : explain SELECT c FROM sbtest1 WHERE id BETWEEN 3502130 AND 3502139
	Index Scan using sbtest1_pkey on sbtest1  (cost=0.43..43.78 rows=10 width=121)
	  Index Cond: ((id >= 3502130) AND (id <= 3502139))

table 2 : explain SELECT c FROM sbtest2 WHERE id BETWEEN 4697557 AND 4697566
	Index Scan using sbtest2_pkey on sbtest2  (cost=0.43..43.75 rows=10 width=121)
	  Index Cond: ((id >= 4697557) AND (id <= 4697566))

table 3 : explain SELECT c FROM sbtest3 WHERE id BETWEEN 598026 AND 598035
	Index Scan using sbtest3_pkey on sbtest3  (cost=0.43..43.91 rows=10 width=121)
	  Index Cond: ((id >= 598026) AND (id <= 598035))

table 4 : explain SELECT c FROM sbtest4 WHERE id BETWEEN 3662205 AND 3662214
	Index Scan using sbtest4_pkey on sbtest4  (cost=0.43..43.89 rows=10 width=121)
	  Index Cond: ((id >= 3662205) AND (id <= 3662214))

table 5 : explain SELECT c FROM sbtest5 WHERE id BETWEEN 3990083 AND 3990092
	Index Scan using sbtest5_pkey on sbtest5  (cost=0.43..43.70 rows=10 width=121)
	  Index Cond: ((id >= 3990083) AND (id <= 3990092))

table 6 : explain SELECT c FROM sbtest6 WHERE id BETWEEN 3108214 AND 3108223
	Index Scan using sbtest6_pkey on sbtest6  (cost=0.43..39.86 rows=9 width=121)
	  Index Cond: ((id >= 3108214) AND (id <= 3108223))

table 7 : explain SELECT c FROM sbtest7 WHERE id BETWEEN 2614561 AND 2614570
	Index Scan using sbtest7_pkey on sbtest7  (cost=0.43..47.65 rows=11 width=121)
	  Index Cond: ((id >= 2614561) AND (id <= 2614570))

table 8 : explain SELECT c FROM sbtest8 WHERE id BETWEEN 7109598 AND 7109607
	Index Scan using sbtest8_pkey on sbtest8  (cost=0.43..39.85 rows=9 width=121)
	  Index Cond: ((id >= 7109598) AND (id <= 7109607))

for: simple_ranges
table 1 : explain SELECT c FROM sbtest1 WHERE id BETWEEN 7058359 AND 7058368
	Index Scan using sbtest1_pkey on sbtest1  (cost=0.43..47.70 rows=11 width=121)
	  Index Cond: ((id >= 7058359) AND (id <= 7058368))

table 2 : explain SELECT c FROM sbtest2 WHERE id BETWEEN 7819732 AND 7819741
	Index Scan using sbtest2_pkey on sbtest2  (cost=0.43..43.75 rows=10 width=121)
	  Index Cond: ((id >= 7819732) AND (id <= 7819741))

table 3 : explain SELECT c FROM sbtest3 WHERE id BETWEEN 6351031 AND 6351040
	Index Scan using sbtest3_pkey on sbtest3  (cost=0.43..43.91 rows=10 width=121)
	  Index Cond: ((id >= 6351031) AND (id <= 6351040))

table 4 : explain SELECT c FROM sbtest4 WHERE id BETWEEN 1504859 AND 1504868
	Index Scan using sbtest4_pkey on sbtest4  (cost=0.43..43.89 rows=10 width=121)
	  Index Cond: ((id >= 1504859) AND (id <= 1504868))

table 5 : explain SELECT c FROM sbtest5 WHERE id BETWEEN 2055247 AND 2055256
	Index Scan using sbtest5_pkey on sbtest5  (cost=0.43..43.70 rows=10 width=121)
	  Index Cond: ((id >= 2055247) AND (id <= 2055256))

table 6 : explain SELECT c FROM sbtest6 WHERE id BETWEEN 2234648 AND 2234657
	Index Scan using sbtest6_pkey on sbtest6  (cost=0.43..43.79 rows=10 width=121)
	  Index Cond: ((id >= 2234648) AND (id <= 2234657))

table 7 : explain SELECT c FROM sbtest7 WHERE id BETWEEN 8735710 AND 8735719
	Index Scan using sbtest7_pkey on sbtest7  (cost=0.43..43.73 rows=10 width=121)
	  Index Cond: ((id >= 8735710) AND (id <= 8735719))

table 8 : explain SELECT c FROM sbtest8 WHERE id BETWEEN 3286321 AND 3286330
	Index Scan using sbtest8_pkey on sbtest8  (cost=0.43..39.85 rows=9 width=121)
	  Index Cond: ((id >= 3286321) AND (id <= 3286330))

for: simple_ranges
table 1 : explain SELECT c FROM sbtest1 WHERE id BETWEEN 6451961 AND 6451970
	Index Scan using sbtest1_pkey on sbtest1  (cost=0.43..43.78 rows=10 width=121)
	  Index Cond: ((id >= 6451961) AND (id <= 6451970))

table 2 : explain SELECT c FROM sbtest2 WHERE id BETWEEN 198668 AND 198677
	Index Scan using sbtest2_pkey on sbtest2  (cost=0.43..43.75 rows=10 width=121)
	  Index Cond: ((id >= 198668) AND (id <= 198677))

table 3 : explain SELECT c FROM sbtest3 WHERE id BETWEEN 9276165 AND 9276174
	Index Scan using sbtest3_pkey on sbtest3  (cost=0.43..39.97 rows=9 width=121)
	  Index Cond: ((id >= 9276165) AND (id <= 9276174))

table 4 : explain SELECT c FROM sbtest4 WHERE id BETWEEN 8930606 AND 8930615
	Index Scan using sbtest4_pkey on sbtest4  (cost=0.43..47.83 rows=11 width=121)
	  Index Cond: ((id >= 8930606) AND (id <= 8930615))

table 5 : explain SELECT c FROM sbtest5 WHERE id BETWEEN 7799238 AND 7799247
	Index Scan using sbtest5_pkey on sbtest5  (cost=0.43..43.70 rows=10 width=121)
	  Index Cond: ((id >= 7799238) AND (id <= 7799247))

table 6 : explain SELECT c FROM sbtest6 WHERE id BETWEEN 7211532 AND 7211541
	Index Scan using sbtest6_pkey on sbtest6  (cost=0.43..43.79 rows=10 width=121)
	  Index Cond: ((id >= 7211532) AND (id <= 7211541))

table 7 : explain SELECT c FROM sbtest7 WHERE id BETWEEN 7697 AND 7706
	Index Scan using sbtest7_pkey on sbtest7  (cost=0.43..51.57 rows=12 width=121)
	  Index Cond: ((id >= 7697) AND (id <= 7706))

table 8 : explain SELECT c FROM sbtest8 WHERE id BETWEEN 7518988 AND 7518997
	Index Scan using sbtest8_pkey on sbtest8  (cost=0.43..43.77 rows=10 width=121)
	  Index Cond: ((id >= 7518988) AND (id <= 7518997))

for: simple_ranges
table 1 : explain SELECT c FROM sbtest1 WHERE id BETWEEN 5372364 AND 5372373
	Index Scan using sbtest1_pkey on sbtest1  (cost=0.43..47.70 rows=11 width=121)
	  Index Cond: ((id >= 5372364) AND (id <= 5372373))

table 2 : explain SELECT c FROM sbtest2 WHERE id BETWEEN 4804280 AND 4804289
	Index Scan using sbtest2_pkey on sbtest2  (cost=0.43..43.75 rows=10 width=121)
	  Index Cond: ((id >= 4804280) AND (id <= 4804289))

table 3 : explain SELECT c FROM sbtest3 WHERE id BETWEEN 5788402 AND 5788411
	Index Scan using sbtest3_pkey on sbtest3  (cost=0.43..43.91 rows=10 width=121)
	  Index Cond: ((id >= 5788402) AND (id <= 5788411))

table 4 : explain SELECT c FROM sbtest4 WHERE id BETWEEN 9443122 AND 9443131
	Index Scan using sbtest4_pkey on sbtest4  (cost=0.43..43.89 rows=10 width=121)
	  Index Cond: ((id >= 9443122) AND (id <= 9443131))

table 5 : explain SELECT c FROM sbtest5 WHERE id BETWEEN 5306681 AND 5306690
	Index Scan using sbtest5_pkey on sbtest5  (cost=0.43..47.61 rows=11 width=121)
	  Index Cond: ((id >= 5306681) AND (id <= 5306690))

table 6 : explain SELECT c FROM sbtest6 WHERE id BETWEEN 8842824 AND 8842833
	Index Scan using sbtest6_pkey on sbtest6  (cost=0.43..47.72 rows=11 width=121)
	  Index Cond: ((id >= 8842824) AND (id <= 8842833))

table 7 : explain SELECT c FROM sbtest7 WHERE id BETWEEN 2212195 AND 2212204
	Index Scan using sbtest7_pkey on sbtest7  (cost=0.43..39.81 rows=9 width=121)
	  Index Cond: ((id >= 2212195) AND (id <= 2212204))

table 8 : explain SELECT c FROM sbtest8 WHERE id BETWEEN 9125294 AND 9125303
	Index Scan using sbtest8_pkey on sbtest8  (cost=0.43..43.77 rows=10 width=121)
	  Index Cond: ((id >= 9125294) AND (id <= 9125303))

for: simple_ranges
table 1 : explain SELECT c FROM sbtest1 WHERE id BETWEEN 7480887 AND 7480896
	Index Scan using sbtest1_pkey on sbtest1  (cost=0.43..43.78 rows=10 width=121)
	  Index Cond: ((id >= 7480887) AND (id <= 7480896))

table 2 : explain SELECT c FROM sbtest2 WHERE id BETWEEN 7799663 AND 7799672
	Index Scan using sbtest2_pkey on sbtest2  (cost=0.43..43.75 rows=10 width=121)
	  Index Cond: ((id >= 7799663) AND (id <= 7799672))

table 3 : explain SELECT c FROM sbtest3 WHERE id BETWEEN 7551211 AND 7551220
	Index Scan using sbtest3_pkey on sbtest3  (cost=0.43..43.91 rows=10 width=121)
	  Index Cond: ((id >= 7551211) AND (id <= 7551220))

table 4 : explain SELECT c FROM sbtest4 WHERE id BETWEEN 5709468 AND 5709477
	Index Scan using sbtest4_pkey on sbtest4  (cost=0.43..43.89 rows=10 width=121)
	  Index Cond: ((id >= 5709468) AND (id <= 5709477))

table 5 : explain SELECT c FROM sbtest5 WHERE id BETWEEN 722495 AND 722504
	Index Scan using sbtest5_pkey on sbtest5  (cost=0.43..43.70 rows=10 width=121)
	  Index Cond: ((id >= 722495) AND (id <= 722504))

table 6 : explain SELECT c FROM sbtest6 WHERE id BETWEEN 9649315 AND 9649324
	Index Scan using sbtest6_pkey on sbtest6  (cost=0.43..43.79 rows=10 width=121)
	  Index Cond: ((id >= 9649315) AND (id <= 9649324))

table 7 : explain SELECT c FROM sbtest7 WHERE id BETWEEN 9979500 AND 9979509
	Index Scan using sbtest7_pkey on sbtest7  (cost=0.43..43.73 rows=10 width=121)
	  Index Cond: ((id >= 9979500) AND (id <= 9979509))

table 8 : explain SELECT c FROM sbtest8 WHERE id BETWEEN 6947705 AND 6947714
	Index Scan using sbtest8_pkey on sbtest8  (cost=0.43..43.77 rows=10 width=121)
	  Index Cond: ((id >= 6947705) AND (id <= 6947714))

for: simple_ranges
table 1 : explain SELECT c FROM sbtest1 WHERE id BETWEEN 2342622 AND 2342631
	Index Scan using sbtest1_pkey on sbtest1  (cost=0.43..43.78 rows=10 width=121)
	  Index Cond: ((id >= 2342622) AND (id <= 2342631))

table 2 : explain SELECT c FROM sbtest2 WHERE id BETWEEN 1522521 AND 1522530
	Index Scan using sbtest2_pkey on sbtest2  (cost=0.43..43.75 rows=10 width=121)
	  Index Cond: ((id >= 1522521) AND (id <= 1522530))

table 3 : explain SELECT c FROM sbtest3 WHERE id BETWEEN 398531 AND 398540
	Index Scan using sbtest3_pkey on sbtest3  (cost=0.43..47.84 rows=11 width=121)
	  Index Cond: ((id >= 398531) AND (id <= 398540))

table 4 : explain SELECT c FROM sbtest4 WHERE id BETWEEN 3640022 AND 3640031
	Index Scan using sbtest4_pkey on sbtest4  (cost=0.43..43.89 rows=10 width=121)
	  Index Cond: ((id >= 3640022) AND (id <= 3640031))

table 5 : explain SELECT c FROM sbtest5 WHERE id BETWEEN 9435896 AND 9435905
	Index Scan using sbtest5_pkey on sbtest5  (cost=0.43..47.61 rows=11 width=121)
	  Index Cond: ((id >= 9435896) AND (id <= 9435905))

table 6 : explain SELECT c FROM sbtest6 WHERE id BETWEEN 4472230 AND 4472239
	Index Scan using sbtest6_pkey on sbtest6  (cost=0.43..47.72 rows=11 width=121)
	  Index Cond: ((id >= 4472230) AND (id <= 4472239))

table 7 : explain SELECT c FROM sbtest7 WHERE id BETWEEN 8249680 AND 8249689
	Index Scan using sbtest7_pkey on sbtest7  (cost=0.43..43.73 rows=10 width=121)
	  Index Cond: ((id >= 8249680) AND (id <= 8249689))

table 8 : explain SELECT c FROM sbtest8 WHERE id BETWEEN 3057339 AND 3057348
	Index Scan using sbtest8_pkey on sbtest8  (cost=0.43..43.77 rows=10 width=121)
	  Index Cond: ((id >= 3057339) AND (id <= 3057348))

for: simple_ranges
table 1 : explain SELECT c FROM sbtest1 WHERE id BETWEEN 1977296 AND 1977305
	Index Scan using sbtest1_pkey on sbtest1  (cost=0.43..43.78 rows=10 width=121)
	  Index Cond: ((id >= 1977296) AND (id <= 1977305))

table 2 : explain SELECT c FROM sbtest2 WHERE id BETWEEN 4217833 AND 4217842
	Index Scan using sbtest2_pkey on sbtest2  (cost=0.43..47.67 rows=11 width=121)
	  Index Cond: ((id >= 4217833) AND (id <= 4217842))

table 3 : explain SELECT c FROM sbtest3 WHERE id BETWEEN 63155 AND 63164
	Index Scan using sbtest3_pkey on sbtest3  (cost=0.43..43.91 rows=10 width=121)
	  Index Cond: ((id >= 63155) AND (id <= 63164))

table 4 : explain SELECT c FROM sbtest4 WHERE id BETWEEN 6796940 AND 6796949
	Index Scan using sbtest4_pkey on sbtest4  (cost=0.43..43.89 rows=10 width=121)
	  Index Cond: ((id >= 6796940) AND (id <= 6796949))

table 5 : explain SELECT c FROM sbtest5 WHERE id BETWEEN 592153 AND 592162
	Index Scan using sbtest5_pkey on sbtest5  (cost=0.43..39.78 rows=9 width=121)
	  Index Cond: ((id >= 592153) AND (id <= 592162))

table 6 : explain SELECT c FROM sbtest6 WHERE id BETWEEN 8860779 AND 8860788
	Index Scan using sbtest6_pkey on sbtest6  (cost=0.43..47.72 rows=11 width=121)
	  Index Cond: ((id >= 8860779) AND (id <= 8860788))

table 7 : explain SELECT c FROM sbtest7 WHERE id BETWEEN 869942 AND 869951
	Index Scan using sbtest7_pkey on sbtest7  (cost=0.43..39.81 rows=9 width=121)
	  Index Cond: ((id >= 869942) AND (id <= 869951))

table 8 : explain SELECT c FROM sbtest8 WHERE id BETWEEN 1419242 AND 1419251
	Index Scan using sbtest8_pkey on sbtest8  (cost=0.43..43.77 rows=10 width=121)
	  Index Cond: ((id >= 1419242) AND (id <= 1419251))

for point_selects
table 1 : explain SELECT c FROM sbtest1 WHERE id=9454751
	Index Scan using sbtest1_pkey on sbtest1  (cost=0.43..8.45 rows=1 width=121)
	  Index Cond: (id = 9454751)

table 2 : explain SELECT c FROM sbtest2 WHERE id=5916013
	Index Scan using sbtest2_pkey on sbtest2  (cost=0.43..8.45 rows=1 width=121)
	  Index Cond: (id = 5916013)

table 3 : explain SELECT c FROM sbtest3 WHERE id=1610126
	Index Scan using sbtest3_pkey on sbtest3  (cost=0.43..8.45 rows=1 width=121)
	  Index Cond: (id = 1610126)

table 4 : explain SELECT c FROM sbtest4 WHERE id=9922065
	Index Scan using sbtest4_pkey on sbtest4  (cost=0.43..8.45 rows=1 width=121)
	  Index Cond: (id = 9922065)

table 5 : explain SELECT c FROM sbtest5 WHERE id=7733446
	Index Scan using sbtest5_pkey on sbtest5  (cost=0.43..8.45 rows=1 width=121)
	  Index Cond: (id = 7733446)

table 6 : explain SELECT c FROM sbtest6 WHERE id=6054979
	Index Scan using sbtest6_pkey on sbtest6  (cost=0.43..8.45 rows=1 width=121)
	  Index Cond: (id = 6054979)

table 7 : explain SELECT c FROM sbtest7 WHERE id=3621944
	Index Scan using sbtest7_pkey on sbtest7  (cost=0.43..8.45 rows=1 width=121)
	  Index Cond: (id = 3621944)

table 8 : explain SELECT c FROM sbtest8 WHERE id=9711364
	Index Scan using sbtest8_pkey on sbtest8  (cost=0.43..8.45 rows=1 width=121)
	  Index Cond: (id = 9711364)

for point_selects
table 1 : explain SELECT c FROM sbtest1 WHERE id=7875684
	Index Scan using sbtest1_pkey on sbtest1  (cost=0.43..8.45 rows=1 width=121)
	  Index Cond: (id = 7875684)

table 2 : explain SELECT c FROM sbtest2 WHERE id=2786478
	Index Scan using sbtest2_pkey on sbtest2  (cost=0.43..8.45 rows=1 width=121)
	  Index Cond: (id = 2786478)

table 3 : explain SELECT c FROM sbtest3 WHERE id=4591784
	Index Scan using sbtest3_pkey on sbtest3  (cost=0.43..8.45 rows=1 width=121)
	  Index Cond: (id = 4591784)

table 4 : explain SELECT c FROM sbtest4 WHERE id=9265976
	Index Scan using sbtest4_pkey on sbtest4  (cost=0.43..8.45 rows=1 width=121)
	  Index Cond: (id = 9265976)

table 5 : explain SELECT c FROM sbtest5 WHERE id=2241685
	Index Scan using sbtest5_pkey on sbtest5  (cost=0.43..8.45 rows=1 width=121)
	  Index Cond: (id = 2241685)

table 6 : explain SELECT c FROM sbtest6 WHERE id=6205776
	Index Scan using sbtest6_pkey on sbtest6  (cost=0.43..8.45 rows=1 width=121)
	  Index Cond: (id = 6205776)

table 7 : explain SELECT c FROM sbtest7 WHERE id=54035
	Index Scan using sbtest7_pkey on sbtest7  (cost=0.43..8.45 rows=1 width=121)
	  Index Cond: (id = 54035)

table 8 : explain SELECT c FROM sbtest8 WHERE id=2299651
	Index Scan using sbtest8_pkey on sbtest8  (cost=0.43..8.45 rows=1 width=121)
	  Index Cond: (id = 2299651)

for point_selects
table 1 : explain SELECT c FROM sbtest1 WHERE id=8939561
	Index Scan using sbtest1_pkey on sbtest1  (cost=0.43..8.45 rows=1 width=121)
	  Index Cond: (id = 8939561)

table 2 : explain SELECT c FROM sbtest2 WHERE id=7447646
	Index Scan using sbtest2_pkey on sbtest2  (cost=0.43..8.45 rows=1 width=121)
	  Index Cond: (id = 7447646)

table 3 : explain SELECT c FROM sbtest3 WHERE id=3917438
	Index Scan using sbtest3_pkey on sbtest3  (cost=0.43..8.45 rows=1 width=121)
	  Index Cond: (id = 3917438)

table 4 : explain SELECT c FROM sbtest4 WHERE id=1523646
	Index Scan using sbtest4_pkey on sbtest4  (cost=0.43..8.45 rows=1 width=121)
	  Index Cond: (id = 1523646)

table 5 : explain SELECT c FROM sbtest5 WHERE id=1567483
	Index Scan using sbtest5_pkey on sbtest5  (cost=0.43..8.45 rows=1 width=121)
	  Index Cond: (id = 1567483)

table 6 : explain SELECT c FROM sbtest6 WHERE id=6359061
	Index Scan using sbtest6_pkey on sbtest6  (cost=0.43..8.45 rows=1 width=121)
	  Index Cond: (id = 6359061)

table 7 : explain SELECT c FROM sbtest7 WHERE id=7059999
	Index Scan using sbtest7_pkey on sbtest7  (cost=0.43..8.45 rows=1 width=121)
	  Index Cond: (id = 7059999)

table 8 : explain SELECT c FROM sbtest8 WHERE id=614612
	Index Scan using sbtest8_pkey on sbtest8  (cost=0.43..8.45 rows=1 width=121)
	  Index Cond: (id = 614612)

for: simple_ranges
table 1 : explain SELECT c FROM sbtest1 WHERE id BETWEEN 931542 AND 931551
	Index Scan using sbtest1_pkey on sbtest1  (cost=0.43..47.70 rows=11 width=121)
	  Index Cond: ((id >= 931542) AND (id <= 931551))

table 2 : explain SELECT c FROM sbtest2 WHERE id BETWEEN 45898 AND 45907
	Index Scan using sbtest2_pkey on sbtest2  (cost=0.43..43.75 rows=10 width=121)
	  Index Cond: ((id >= 45898) AND (id <= 45907))

table 3 : explain SELECT c FROM sbtest3 WHERE id BETWEEN 5271018 AND 5271027
	Index Scan using sbtest3_pkey on sbtest3  (cost=0.43..43.91 rows=10 width=121)
	  Index Cond: ((id >= 5271018) AND (id <= 5271027))

table 4 : explain SELECT c FROM sbtest4 WHERE id BETWEEN 8508822 AND 8508831
	Index Scan using sbtest4_pkey on sbtest4  (cost=0.43..43.89 rows=10 width=121)
	  Index Cond: ((id >= 8508822) AND (id <= 8508831))

table 5 : explain SELECT c FROM sbtest5 WHERE id BETWEEN 1926471 AND 1926480
	Index Scan using sbtest5_pkey on sbtest5  (cost=0.43..43.70 rows=10 width=121)
	  Index Cond: ((id >= 1926471) AND (id <= 1926480))

table 6 : explain SELECT c FROM sbtest6 WHERE id BETWEEN 3429028 AND 3429037
	Index Scan using sbtest6_pkey on sbtest6  (cost=0.43..47.72 rows=11 width=121)
	  Index Cond: ((id >= 3429028) AND (id <= 3429037))

table 7 : explain SELECT c FROM sbtest7 WHERE id BETWEEN 1838421 AND 1838430
	Index Scan using sbtest7_pkey on sbtest7  (cost=0.43..47.65 rows=11 width=121)
	  Index Cond: ((id >= 1838421) AND (id <= 1838430))

table 8 : explain SELECT c FROM sbtest8 WHERE id BETWEEN 102031 AND 102040
	Index Scan using sbtest8_pkey on sbtest8  (cost=0.43..43.77 rows=10 width=121)
	  Index Cond: ((id >= 102031) AND (id <= 102040))

for: simple_ranges
table 1 : explain SELECT c FROM sbtest1 WHERE id BETWEEN 2610533 AND 2610542
	Index Scan using sbtest1_pkey on sbtest1  (cost=0.43..39.85 rows=9 width=121)
	  Index Cond: ((id >= 2610533) AND (id <= 2610542))

table 2 : explain SELECT c FROM sbtest2 WHERE id BETWEEN 2662984 AND 2662993
	Index Scan using sbtest2_pkey on sbtest2  (cost=0.43..47.67 rows=11 width=121)
	  Index Cond: ((id >= 2662984) AND (id <= 2662993))

table 3 : explain SELECT c FROM sbtest3 WHERE id BETWEEN 3384680 AND 3384689
	Index Scan using sbtest3_pkey on sbtest3  (cost=0.43..43.91 rows=10 width=121)
	  Index Cond: ((id >= 3384680) AND (id <= 3384689))

table 4 : explain SELECT c FROM sbtest4 WHERE id BETWEEN 5433710 AND 5433719
	Index Scan using sbtest4_pkey on sbtest4  (cost=0.43..43.89 rows=10 width=121)
	  Index Cond: ((id >= 5433710) AND (id <= 5433719))

table 5 : explain SELECT c FROM sbtest5 WHERE id BETWEEN 3011855 AND 3011864
	Index Scan using sbtest5_pkey on sbtest5  (cost=0.43..39.78 rows=9 width=121)
	  Index Cond: ((id >= 3011855) AND (id <= 3011864))

table 6 : explain SELECT c FROM sbtest6 WHERE id BETWEEN 6230748 AND 6230757
	Index Scan using sbtest6_pkey on sbtest6  (cost=0.43..43.79 rows=10 width=121)
	  Index Cond: ((id >= 6230748) AND (id <= 6230757))

table 7 : explain SELECT c FROM sbtest7 WHERE id BETWEEN 4105320 AND 4105329
	Index Scan using sbtest7_pkey on sbtest7  (cost=0.43..43.73 rows=10 width=121)
	  Index Cond: ((id >= 4105320) AND (id <= 4105329))

table 8 : explain SELECT c FROM sbtest8 WHERE id BETWEEN 9049462 AND 9049471
	Index Scan using sbtest8_pkey on sbtest8  (cost=0.43..43.77 rows=10 width=121)
	  Index Cond: ((id >= 9049462) AND (id <= 9049471))

for point_selects
table 1 : explain SELECT c FROM sbtest1 WHERE id=5917318
	Index Scan using sbtest1_pkey on sbtest1  (cost=0.43..8.45 rows=1 width=121)
	  Index Cond: (id = 5917318)

table 2 : explain SELECT c FROM sbtest2 WHERE id=7779759
	Index Scan using sbtest2_pkey on sbtest2  (cost=0.43..8.45 rows=1 width=121)
	  Index Cond: (id = 7779759)

table 3 : explain SELECT c FROM sbtest3 WHERE id=6017633
	Index Scan using sbtest3_pkey on sbtest3  (cost=0.43..8.45 rows=1 width=121)
	  Index Cond: (id = 6017633)

table 4 : explain SELECT c FROM sbtest4 WHERE id=177054
	Index Scan using sbtest4_pkey on sbtest4  (cost=0.43..8.45 rows=1 width=121)
	  Index Cond: (id = 177054)

table 5 : explain SELECT c FROM sbtest5 WHERE id=9406641
	Index Scan using sbtest5_pkey on sbtest5  (cost=0.43..8.45 rows=1 width=121)
	  Index Cond: (id = 9406641)

table 6 : explain SELECT c FROM sbtest6 WHERE id=7025786
	Index Scan using sbtest6_pkey on sbtest6  (cost=0.43..8.45 rows=1 width=121)
	  Index Cond: (id = 7025786)

table 7 : explain SELECT c FROM sbtest7 WHERE id=8452756
	Index Scan using sbtest7_pkey on sbtest7  (cost=0.43..8.45 rows=1 width=121)
	  Index Cond: (id = 8452756)

table 8 : explain SELECT c FROM sbtest8 WHERE id=2701809
	Index Scan using sbtest8_pkey on sbtest8  (cost=0.43..8.45 rows=1 width=121)
	  Index Cond: (id = 2701809)

for: simple_ranges
table 1 : explain SELECT c FROM sbtest1 WHERE id BETWEEN 2444201 AND 2444210
	Index Scan using sbtest1_pkey on sbtest1  (cost=0.43..43.78 rows=10 width=121)
	  Index Cond: ((id >= 2444201) AND (id <= 2444210))

table 2 : explain SELECT c FROM sbtest2 WHERE id BETWEEN 3798586 AND 3798595
	Index Scan using sbtest2_pkey on sbtest2  (cost=0.43..39.83 rows=9 width=121)
	  Index Cond: ((id >= 3798586) AND (id <= 3798595))

table 3 : explain SELECT c FROM sbtest3 WHERE id BETWEEN 7861456 AND 7861465
	Index Scan using sbtest3_pkey on sbtest3  (cost=0.43..43.91 rows=10 width=121)
	  Index Cond: ((id >= 7861456) AND (id <= 7861465))

table 4 : explain SELECT c FROM sbtest4 WHERE id BETWEEN 2548279 AND 2548288
	Index Scan using sbtest4_pkey on sbtest4  (cost=0.43..43.89 rows=10 width=121)
	  Index Cond: ((id >= 2548279) AND (id <= 2548288))

table 5 : explain SELECT c FROM sbtest5 WHERE id BETWEEN 9012019 AND 9012028
	Index Scan using sbtest5_pkey on sbtest5  (cost=0.43..43.70 rows=10 width=121)
	  Index Cond: ((id >= 9012019) AND (id <= 9012028))

table 6 : explain SELECT c FROM sbtest6 WHERE id BETWEEN 3542673 AND 3542682
	Index Scan using sbtest6_pkey on sbtest6  (cost=0.43..43.79 rows=10 width=121)
	  Index Cond: ((id >= 3542673) AND (id <= 3542682))

table 7 : explain SELECT c FROM sbtest7 WHERE id BETWEEN 6885735 AND 6885744
	Index Scan using sbtest7_pkey on sbtest7  (cost=0.43..43.73 rows=10 width=121)
	  Index Cond: ((id >= 6885735) AND (id <= 6885744))

table 8 : explain SELECT c FROM sbtest8 WHERE id BETWEEN 7281226 AND 7281235
	Index Scan using sbtest8_pkey on sbtest8  (cost=0.43..47.70 rows=11 width=121)
	  Index Cond: ((id >= 7281226) AND (id <= 7281235))

for: simple_ranges
table 1 : explain SELECT c FROM sbtest1 WHERE id BETWEEN 8018042 AND 8018051
	Index Scan using sbtest1_pkey on sbtest1  (cost=0.43..43.78 rows=10 width=121)
	  Index Cond: ((id >= 8018042) AND (id <= 8018051))

table 2 : explain SELECT c FROM sbtest2 WHERE id BETWEEN 5058018 AND 5058027
	Index Scan using sbtest2_pkey on sbtest2  (cost=0.43..47.67 rows=11 width=121)
	  Index Cond: ((id >= 5058018) AND (id <= 5058027))

table 3 : explain SELECT c FROM sbtest3 WHERE id BETWEEN 1938770 AND 1938779
	Index Scan using sbtest3_pkey on sbtest3  (cost=0.43..43.91 rows=10 width=121)
	  Index Cond: ((id >= 1938770) AND (id <= 1938779))

table 4 : explain SELECT c FROM sbtest4 WHERE id BETWEEN 9922307 AND 9922316
	Index Scan using sbtest4_pkey on sbtest4  (cost=0.43..47.83 rows=11 width=121)
	  Index Cond: ((id >= 9922307) AND (id <= 9922316))

table 5 : explain SELECT c FROM sbtest5 WHERE id BETWEEN 9590074 AND 9590083
	Index Scan using sbtest5_pkey on sbtest5  (cost=0.43..43.70 rows=10 width=121)
	  Index Cond: ((id >= 9590074) AND (id <= 9590083))

table 6 : explain SELECT c FROM sbtest6 WHERE id BETWEEN 9848609 AND 9848618
	Index Scan using sbtest6_pkey on sbtest6  (cost=0.43..43.79 rows=10 width=121)
	  Index Cond: ((id >= 9848609) AND (id <= 9848618))

table 7 : explain SELECT c FROM sbtest7 WHERE id BETWEEN 3265776 AND 3265785
	Index Scan using sbtest7_pkey on sbtest7  (cost=0.43..47.65 rows=11 width=121)
	  Index Cond: ((id >= 3265776) AND (id <= 3265785))

table 8 : explain SELECT c FROM sbtest8 WHERE id BETWEEN 8772449 AND 8772458
	Index Scan using sbtest8_pkey on sbtest8  (cost=0.43..39.85 rows=9 width=121)
	  Index Cond: ((id >= 8772449) AND (id <= 8772458))

for point_selects
table 1 : explain SELECT c FROM sbtest1 WHERE id=2423500
	Index Scan using sbtest1_pkey on sbtest1  (cost=0.43..8.45 rows=1 width=121)
	  Index Cond: (id = 2423500)

table 2 : explain SELECT c FROM sbtest2 WHERE id=7055419
	Index Scan using sbtest2_pkey on sbtest2  (cost=0.43..8.45 rows=1 width=121)
	  Index Cond: (id = 7055419)

table 3 : explain SELECT c FROM sbtest3 WHERE id=1048015
	Index Scan using sbtest3_pkey on sbtest3  (cost=0.43..8.45 rows=1 width=121)
	  Index Cond: (id = 1048015)

table 4 : explain SELECT c FROM sbtest4 WHERE id=1137755
	Index Scan using sbtest4_pkey on sbtest4  (cost=0.43..8.45 rows=1 width=121)
	  Index Cond: (id = 1137755)

table 5 : explain SELECT c FROM sbtest5 WHERE id=4113532
	Index Scan using sbtest5_pkey on sbtest5  (cost=0.43..8.45 rows=1 width=121)
	  Index Cond: (id = 4113532)

table 6 : explain SELECT c FROM sbtest6 WHERE id=2307273
	Index Scan using sbtest6_pkey on sbtest6  (cost=0.43..8.45 rows=1 width=121)
	  Index Cond: (id = 2307273)

table 7 : explain SELECT c FROM sbtest7 WHERE id=7448640
	Index Scan using sbtest7_pkey on sbtest7  (cost=0.43..8.45 rows=1 width=121)
	  Index Cond: (id = 7448640)

table 8 : explain SELECT c FROM sbtest8 WHERE id=5743219
	Index Scan using sbtest8_pkey on sbtest8  (cost=0.43..8.45 rows=1 width=121)
	  Index Cond: (id = 5743219)

for point_selects
table 1 : explain SELECT c FROM sbtest1 WHERE id=9074248
	Index Scan using sbtest1_pkey on sbtest1  (cost=0.43..8.45 rows=1 width=121)
	  Index Cond: (id = 9074248)

table 2 : explain SELECT c FROM sbtest2 WHERE id=4070750
	Index Scan using sbtest2_pkey on sbtest2  (cost=0.43..8.45 rows=1 width=121)
	  Index Cond: (id = 4070750)

table 3 : explain SELECT c FROM sbtest3 WHERE id=1237882
	Index Scan using sbtest3_pkey on sbtest3  (cost=0.43..8.45 rows=1 width=121)
	  Index Cond: (id = 1237882)

table 4 : explain SELECT c FROM sbtest4 WHERE id=2128308
	Index Scan using sbtest4_pkey on sbtest4  (cost=0.43..8.45 rows=1 width=121)
	  Index Cond: (id = 2128308)

table 5 : explain SELECT c FROM sbtest5 WHERE id=9522724
	Index Scan using sbtest5_pkey on sbtest5  (cost=0.43..8.45 rows=1 width=121)
	  Index Cond: (id = 9522724)

table 6 : explain SELECT c FROM sbtest6 WHERE id=7558720
	Index Scan using sbtest6_pkey on sbtest6  (cost=0.43..8.45 rows=1 width=121)
	  Index Cond: (id = 7558720)

table 7 : explain SELECT c FROM sbtest7 WHERE id=2196970
	Index Scan using sbtest7_pkey on sbtest7  (cost=0.43..8.45 rows=1 width=121)
	  Index Cond: (id = 2196970)

table 8 : explain SELECT c FROM sbtest8 WHERE id=1146173
	Index Scan using sbtest8_pkey on sbtest8  (cost=0.43..8.45 rows=1 width=121)
	  Index Cond: (id = 1146173)

for: simple_ranges
table 1 : explain SELECT c FROM sbtest1 WHERE id BETWEEN 7341752 AND 7341761
	Index Scan using sbtest1_pkey on sbtest1  (cost=0.43..47.70 rows=11 width=121)
	  Index Cond: ((id >= 7341752) AND (id <= 7341761))

table 2 : explain SELECT c FROM sbtest2 WHERE id BETWEEN 6897985 AND 6897994
	Index Scan using sbtest2_pkey on sbtest2  (cost=0.43..39.83 rows=9 width=121)
	  Index Cond: ((id >= 6897985) AND (id <= 6897994))

table 3 : explain SELECT c FROM sbtest3 WHERE id BETWEEN 1870495 AND 1870504
	Index Scan using sbtest3_pkey on sbtest3  (cost=0.43..43.91 rows=10 width=121)
	  Index Cond: ((id >= 1870495) AND (id <= 1870504))

table 4 : explain SELECT c FROM sbtest4 WHERE id BETWEEN 9695731 AND 9695740
	Index Scan using sbtest4_pkey on sbtest4  (cost=0.43..43.89 rows=10 width=121)
	  Index Cond: ((id >= 9695731) AND (id <= 9695740))

table 5 : explain SELECT c FROM sbtest5 WHERE id BETWEEN 6708038 AND 6708047
	Index Scan using sbtest5_pkey on sbtest5  (cost=0.43..43.70 rows=10 width=121)
	  Index Cond: ((id >= 6708038) AND (id <= 6708047))

table 6 : explain SELECT c FROM sbtest6 WHERE id BETWEEN 2684516 AND 2684525
	Index Scan using sbtest6_pkey on sbtest6  (cost=0.43..43.79 rows=10 width=121)
	  Index Cond: ((id >= 2684516) AND (id <= 2684525))

table 7 : explain SELECT c FROM sbtest7 WHERE id BETWEEN 1648527 AND 1648536
	Index Scan using sbtest7_pkey on sbtest7  (cost=0.43..43.73 rows=10 width=121)
	  Index Cond: ((id >= 1648527) AND (id <= 1648536))

table 8 : explain SELECT c FROM sbtest8 WHERE id BETWEEN 297784 AND 297793
	Index Scan using sbtest8_pkey on sbtest8  (cost=0.43..43.77 rows=10 width=121)
	  Index Cond: ((id >= 297784) AND (id <= 297793))

for point_selects
table 1 : explain SELECT c FROM sbtest1 WHERE id=8736313
	Index Scan using sbtest1_pkey on sbtest1  (cost=0.43..8.45 rows=1 width=121)
	  Index Cond: (id = 8736313)

table 2 : explain SELECT c FROM sbtest2 WHERE id=2427160
	Index Scan using sbtest2_pkey on sbtest2  (cost=0.43..8.45 rows=1 width=121)
	  Index Cond: (id = 2427160)

table 3 : explain SELECT c FROM sbtest3 WHERE id=2703144
	Index Scan using sbtest3_pkey on sbtest3  (cost=0.43..8.45 rows=1 width=121)
	  Index Cond: (id = 2703144)

table 4 : explain SELECT c FROM sbtest4 WHERE id=3792312
	Index Scan using sbtest4_pkey on sbtest4  (cost=0.43..8.45 rows=1 width=121)
	  Index Cond: (id = 3792312)

table 5 : explain SELECT c FROM sbtest5 WHERE id=7248601
	Index Scan using sbtest5_pkey on sbtest5  (cost=0.43..8.45 rows=1 width=121)
	  Index Cond: (id = 7248601)

table 6 : explain SELECT c FROM sbtest6 WHERE id=8721307
	Index Scan using sbtest6_pkey on sbtest6  (cost=0.43..8.45 rows=1 width=121)
	  Index Cond: (id = 8721307)

table 7 : explain SELECT c FROM sbtest7 WHERE id=8292939
	Index Scan using sbtest7_pkey on sbtest7  (cost=0.43..8.45 rows=1 width=121)
	  Index Cond: (id = 8292939)

table 8 : explain SELECT c FROM sbtest8 WHERE id=6086990
	Index Scan using sbtest8_pkey on sbtest8  (cost=0.43..8.45 rows=1 width=121)
	  Index Cond: (id = 6086990)

for: simple_ranges
table 1 : explain SELECT c FROM sbtest1 WHERE id BETWEEN 5345095 AND 5345104
	Index Scan using sbtest1_pkey on sbtest1  (cost=0.43..47.70 rows=11 width=121)
	  Index Cond: ((id >= 5345095) AND (id <= 5345104))

table 2 : explain SELECT c FROM sbtest2 WHERE id BETWEEN 1471635 AND 1471644
	Index Scan using sbtest2_pkey on sbtest2  (cost=0.43..39.83 rows=9 width=121)
	  Index Cond: ((id >= 1471635) AND (id <= 1471644))

table 3 : explain SELECT c FROM sbtest3 WHERE id BETWEEN 8514285 AND 8514294
	Index Scan using sbtest3_pkey on sbtest3  (cost=0.43..43.91 rows=10 width=121)
	  Index Cond: ((id >= 8514285) AND (id <= 8514294))

table 4 : explain SELECT c FROM sbtest4 WHERE id BETWEEN 5984863 AND 5984872
	Index Scan using sbtest4_pkey on sbtest4  (cost=0.43..43.89 rows=10 width=121)
	  Index Cond: ((id >= 5984863) AND (id <= 5984872))

table 5 : explain SELECT c FROM sbtest5 WHERE id BETWEEN 4236414 AND 4236423
	Index Scan using sbtest5_pkey on sbtest5  (cost=0.43..39.78 rows=9 width=121)
	  Index Cond: ((id >= 4236414) AND (id <= 4236423))

table 6 : explain SELECT c FROM sbtest6 WHERE id BETWEEN 3717152 AND 3717161
	Index Scan using sbtest6_pkey on sbtest6  (cost=0.43..43.79 rows=10 width=121)
	  Index Cond: ((id >= 3717152) AND (id <= 3717161))

table 7 : explain SELECT c FROM sbtest7 WHERE id BETWEEN 8392671 AND 8392680
	Index Scan using sbtest7_pkey on sbtest7  (cost=0.43..39.81 rows=9 width=121)
	  Index Cond: ((id >= 8392671) AND (id <= 8392680))

table 8 : explain SELECT c FROM sbtest8 WHERE id BETWEEN 8132432 AND 8132441
	Index Scan using sbtest8_pkey on sbtest8  (cost=0.43..43.77 rows=10 width=121)
	  Index Cond: ((id >= 8132432) AND (id <= 8132441))

for: simple_ranges
table 1 : explain SELECT c FROM sbtest1 WHERE id BETWEEN 5012396 AND 5012405
	Index Scan using sbtest1_pkey on sbtest1  (cost=0.43..43.78 rows=10 width=121)
	  Index Cond: ((id >= 5012396) AND (id <= 5012405))

table 2 : explain SELECT c FROM sbtest2 WHERE id BETWEEN 9281250 AND 9281259
	Index Scan using sbtest2_pkey on sbtest2  (cost=0.43..43.75 rows=10 width=121)
	  Index Cond: ((id >= 9281250) AND (id <= 9281259))

table 3 : explain SELECT c FROM sbtest3 WHERE id BETWEEN 1553761 AND 1553770
	Index Scan using sbtest3_pkey on sbtest3  (cost=0.43..43.91 rows=10 width=121)
	  Index Cond: ((id >= 1553761) AND (id <= 1553770))

table 4 : explain SELECT c FROM sbtest4 WHERE id BETWEEN 9803212 AND 9803221
	Index Scan using sbtest4_pkey on sbtest4  (cost=0.43..39.95 rows=9 width=121)
	  Index Cond: ((id >= 9803212) AND (id <= 9803221))

table 5 : explain SELECT c FROM sbtest5 WHERE id BETWEEN 9718059 AND 9718068
	Index Scan using sbtest5_pkey on sbtest5  (cost=0.43..39.78 rows=9 width=121)
	  Index Cond: ((id >= 9718059) AND (id <= 9718068))

table 6 : explain SELECT c FROM sbtest6 WHERE id BETWEEN 366704 AND 366713
	Index Scan using sbtest6_pkey on sbtest6  (cost=0.43..47.72 rows=11 width=121)
	  Index Cond: ((id >= 366704) AND (id <= 366713))

table 7 : explain SELECT c FROM sbtest7 WHERE id BETWEEN 2979359 AND 2979368
	Index Scan using sbtest7_pkey on sbtest7  (cost=0.43..47.65 rows=11 width=121)
	  Index Cond: ((id >= 2979359) AND (id <= 2979368))

table 8 : explain SELECT c FROM sbtest8 WHERE id BETWEEN 4939307 AND 4939316
	Index Scan using sbtest8_pkey on sbtest8  (cost=0.43..43.77 rows=10 width=121)
	  Index Cond: ((id >= 4939307) AND (id <= 4939316))

for: simple_ranges
table 1 : explain SELECT c FROM sbtest1 WHERE id BETWEEN 4429182 AND 4429191
	Index Scan using sbtest1_pkey on sbtest1  (cost=0.43..43.78 rows=10 width=121)
	  Index Cond: ((id >= 4429182) AND (id <= 4429191))

table 2 : explain SELECT c FROM sbtest2 WHERE id BETWEEN 4191817 AND 4191826
	Index Scan using sbtest2_pkey on sbtest2  (cost=0.43..47.67 rows=11 width=121)
	  Index Cond: ((id >= 4191817) AND (id <= 4191826))

table 3 : explain SELECT c FROM sbtest3 WHERE id BETWEEN 9846740 AND 9846749
	Index Scan using sbtest3_pkey on sbtest3  (cost=0.43..43.91 rows=10 width=121)
	  Index Cond: ((id >= 9846740) AND (id <= 9846749))

table 4 : explain SELECT c FROM sbtest4 WHERE id BETWEEN 6925096 AND 6925105
	Index Scan using sbtest4_pkey on sbtest4  (cost=0.43..43.89 rows=10 width=121)
	  Index Cond: ((id >= 6925096) AND (id <= 6925105))

table 5 : explain SELECT c FROM sbtest5 WHERE id BETWEEN 2181351 AND 2181360
	Index Scan using sbtest5_pkey on sbtest5  (cost=0.43..47.61 rows=11 width=121)
	  Index Cond: ((id >= 2181351) AND (id <= 2181360))

table 6 : explain SELECT c FROM sbtest6 WHERE id BETWEEN 5564093 AND 5564102
	Index Scan using sbtest6_pkey on sbtest6  (cost=0.43..47.72 rows=11 width=121)
	  Index Cond: ((id >= 5564093) AND (id <= 5564102))

table 7 : explain SELECT c FROM sbtest7 WHERE id BETWEEN 3287921 AND 3287930
	Index Scan using sbtest7_pkey on sbtest7  (cost=0.43..47.65 rows=11 width=121)
	  Index Cond: ((id >= 3287921) AND (id <= 3287930))

table 8 : explain SELECT c FROM sbtest8 WHERE id BETWEEN 433746 AND 433755
	Index Scan using sbtest8_pkey on sbtest8  (cost=0.43..47.70 rows=11 width=121)
	  Index Cond: ((id >= 433746) AND (id <= 433755))

for: sum_ranges
table 1 : explain SELECT SUM(k) FROM sbtest1 WHERE id BETWEEN 7491440 AND 7491449
	Aggregate  (cost=35.95..35.96 rows=1 width=8)
	  ->  Index Scan using sbtest1_pkey on sbtest1  (cost=0.43..35.93 rows=8 width=4)
	        Index Cond: ((id >= 7491440) AND (id <= 7491449))

table 2 : explain SELECT SUM(k) FROM sbtest2 WHERE id BETWEEN 6635666 AND 6635675
	Aggregate  (cost=43.78..43.79 rows=1 width=8)
	  ->  Index Scan using sbtest2_pkey on sbtest2  (cost=0.43..43.75 rows=10 width=4)
	        Index Cond: ((id >= 6635666) AND (id <= 6635675))

table 3 : explain SELECT SUM(k) FROM sbtest3 WHERE id BETWEEN 2311450 AND 2311459
	Aggregate  (cost=43.93..43.94 rows=1 width=8)
	  ->  Index Scan using sbtest3_pkey on sbtest3  (cost=0.43..43.91 rows=10 width=4)
	        Index Cond: ((id >= 2311450) AND (id <= 2311459))

table 4 : explain SELECT SUM(k) FROM sbtest4 WHERE id BETWEEN 2679033 AND 2679042
	Aggregate  (cost=39.97..39.98 rows=1 width=8)
	  ->  Index Scan using sbtest4_pkey on sbtest4  (cost=0.43..39.95 rows=9 width=4)
	        Index Cond: ((id >= 2679033) AND (id <= 2679042))

table 5 : explain SELECT SUM(k) FROM sbtest5 WHERE id BETWEEN 5978502 AND 5978511
	Aggregate  (cost=39.80..39.81 rows=1 width=8)
	  ->  Index Scan using sbtest5_pkey on sbtest5  (cost=0.43..39.78 rows=9 width=4)
	        Index Cond: ((id >= 5978502) AND (id <= 5978511))

table 6 : explain SELECT SUM(k) FROM sbtest6 WHERE id BETWEEN 7317828 AND 7317837
	Aggregate  (cost=43.81..43.82 rows=1 width=8)
	  ->  Index Scan using sbtest6_pkey on sbtest6  (cost=0.43..43.79 rows=10 width=4)
	        Index Cond: ((id >= 7317828) AND (id <= 7317837))

table 7 : explain SELECT SUM(k) FROM sbtest7 WHERE id BETWEEN 9808532 AND 9808541
	Aggregate  (cost=43.75..43.76 rows=1 width=8)
	  ->  Index Scan using sbtest7_pkey on sbtest7  (cost=0.43..43.73 rows=10 width=4)
	        Index Cond: ((id >= 9808532) AND (id <= 9808541))

table 8 : explain SELECT SUM(k) FROM sbtest8 WHERE id BETWEEN 5514389 AND 5514398
	Aggregate  (cost=47.73..47.74 rows=1 width=8)
	  ->  Index Scan using sbtest8_pkey on sbtest8  (cost=0.43..47.70 rows=11 width=4)
	        Index Cond: ((id >= 5514389) AND (id <= 5514398))

for point_selects
table 1 : explain SELECT c FROM sbtest1 WHERE id=4835944
	Index Scan using sbtest1_pkey on sbtest1  (cost=0.43..8.45 rows=1 width=121)
	  Index Cond: (id = 4835944)

table 2 : explain SELECT c FROM sbtest2 WHERE id=8612401
	Index Scan using sbtest2_pkey on sbtest2  (cost=0.43..8.45 rows=1 width=121)
	  Index Cond: (id = 8612401)

table 3 : explain SELECT c FROM sbtest3 WHERE id=7021567
	Index Scan using sbtest3_pkey on sbtest3  (cost=0.43..8.45 rows=1 width=121)
	  Index Cond: (id = 7021567)

table 4 : explain SELECT c FROM sbtest4 WHERE id=2002418
	Index Scan using sbtest4_pkey on sbtest4  (cost=0.43..8.45 rows=1 width=121)
	  Index Cond: (id = 2002418)

table 5 : explain SELECT c FROM sbtest5 WHERE id=9227811
	Index Scan using sbtest5_pkey on sbtest5  (cost=0.43..8.45 rows=1 width=121)
	  Index Cond: (id = 9227811)

table 6 : explain SELECT c FROM sbtest6 WHERE id=2248425
	Index Scan using sbtest6_pkey on sbtest6  (cost=0.43..8.45 rows=1 width=121)
	  Index Cond: (id = 2248425)

table 7 : explain SELECT c FROM sbtest7 WHERE id=7404889
	Index Scan using sbtest7_pkey on sbtest7  (cost=0.43..8.45 rows=1 width=121)
	  Index Cond: (id = 7404889)

table 8 : explain SELECT c FROM sbtest8 WHERE id=4662953
	Index Scan using sbtest8_pkey on sbtest8  (cost=0.43..8.45 rows=1 width=121)
	  Index Cond: (id = 4662953)

for: simple_ranges
table 1 : explain SELECT c FROM sbtest1 WHERE id BETWEEN 1333828 AND 1333837
	Index Scan using sbtest1_pkey on sbtest1  (cost=0.43..43.78 rows=10 width=121)
	  Index Cond: ((id >= 1333828) AND (id <= 1333837))

table 2 : explain SELECT c FROM sbtest2 WHERE id BETWEEN 6239434 AND 6239443
	Index Scan using sbtest2_pkey on sbtest2  (cost=0.43..43.75 rows=10 width=121)
	  Index Cond: ((id >= 6239434) AND (id <= 6239443))

table 3 : explain SELECT c FROM sbtest3 WHERE id BETWEEN 1715693 AND 1715702
	Index Scan using sbtest3_pkey on sbtest3  (cost=0.43..47.84 rows=11 width=121)
	  Index Cond: ((id >= 1715693) AND (id <= 1715702))

table 4 : explain SELECT c FROM sbtest4 WHERE id BETWEEN 1225761 AND 1225770
	Index Scan using sbtest4_pkey on sbtest4  (cost=0.43..43.89 rows=10 width=121)
	  Index Cond: ((id >= 1225761) AND (id <= 1225770))

table 5 : explain SELECT c FROM sbtest5 WHERE id BETWEEN 9120096 AND 9120105
	Index Scan using sbtest5_pkey on sbtest5  (cost=0.43..43.70 rows=10 width=121)
	  Index Cond: ((id >= 9120096) AND (id <= 9120105))

table 6 : explain SELECT c FROM sbtest6 WHERE id BETWEEN 8902912 AND 8902921
	Index Scan using sbtest6_pkey on sbtest6  (cost=0.43..47.72 rows=11 width=121)
	  Index Cond: ((id >= 8902912) AND (id <= 8902921))

table 7 : explain SELECT c FROM sbtest7 WHERE id BETWEEN 9306838 AND 9306847
	Index Scan using sbtest7_pkey on sbtest7  (cost=0.43..43.73 rows=10 width=121)
	  Index Cond: ((id >= 9306838) AND (id <= 9306847))

table 8 : explain SELECT c FROM sbtest8 WHERE id BETWEEN 9991027 AND 9991036
	Index Scan using sbtest8_pkey on sbtest8  (cost=0.43..43.77 rows=10 width=121)
	  Index Cond: ((id >= 9991027) AND (id <= 9991036))

for: simple_ranges
table 1 : explain SELECT c FROM sbtest1 WHERE id BETWEEN 2336094 AND 2336103
	Index Scan using sbtest1_pkey on sbtest1  (cost=0.43..43.78 rows=10 width=121)
	  Index Cond: ((id >= 2336094) AND (id <= 2336103))

table 2 : explain SELECT c FROM sbtest2 WHERE id BETWEEN 7367430 AND 7367439
	Index Scan using sbtest2_pkey on sbtest2  (cost=0.43..47.67 rows=11 width=121)
	  Index Cond: ((id >= 7367430) AND (id <= 7367439))

table 3 : explain SELECT c FROM sbtest3 WHERE id BETWEEN 4876483 AND 4876492
	Index Scan using sbtest3_pkey on sbtest3  (cost=0.43..43.91 rows=10 width=121)
	  Index Cond: ((id >= 4876483) AND (id <= 4876492))

table 4 : explain SELECT c FROM sbtest4 WHERE id BETWEEN 8498046 AND 8498055
	Index Scan using sbtest4_pkey on sbtest4  (cost=0.43..43.89 rows=10 width=121)
	  Index Cond: ((id >= 8498046) AND (id <= 8498055))

table 5 : explain SELECT c FROM sbtest5 WHERE id BETWEEN 1179129 AND 1179138
	Index Scan using sbtest5_pkey on sbtest5  (cost=0.43..47.61 rows=11 width=121)
	  Index Cond: ((id >= 1179129) AND (id <= 1179138))

table 6 : explain SELECT c FROM sbtest6 WHERE id BETWEEN 2706754 AND 2706763
	Index Scan using sbtest6_pkey on sbtest6  (cost=0.43..43.79 rows=10 width=121)
	  Index Cond: ((id >= 2706754) AND (id <= 2706763))

table 7 : explain SELECT c FROM sbtest7 WHERE id BETWEEN 1841573 AND 1841582
	Index Scan using sbtest7_pkey on sbtest7  (cost=0.43..47.65 rows=11 width=121)
	  Index Cond: ((id >= 1841573) AND (id <= 1841582))

table 8 : explain SELECT c FROM sbtest8 WHERE id BETWEEN 6141008 AND 6141017
	Index Scan using sbtest8_pkey on sbtest8  (cost=0.43..39.85 rows=9 width=121)
	  Index Cond: ((id >= 6141008) AND (id <= 6141017))

for point_selects
table 1 : explain SELECT c FROM sbtest1 WHERE id=1101665
	Index Scan using sbtest1_pkey on sbtest1  (cost=0.43..8.45 rows=1 width=121)
	  Index Cond: (id = 1101665)

table 2 : explain SELECT c FROM sbtest2 WHERE id=7256382
	Index Scan using sbtest2_pkey on sbtest2  (cost=0.43..8.45 rows=1 width=121)
	  Index Cond: (id = 7256382)

table 3 : explain SELECT c FROM sbtest3 WHERE id=4577986
	Index Scan using sbtest3_pkey on sbtest3  (cost=0.43..8.45 rows=1 width=121)
	  Index Cond: (id = 4577986)

table 4 : explain SELECT c FROM sbtest4 WHERE id=642540
	Index Scan using sbtest4_pkey on sbtest4  (cost=0.43..8.45 rows=1 width=121)
	  Index Cond: (id = 642540)

table 5 : explain SELECT c FROM sbtest5 WHERE id=733357
	Index Scan using sbtest5_pkey on sbtest5  (cost=0.43..8.45 rows=1 width=121)
	  Index Cond: (id = 733357)

table 6 : explain SELECT c FROM sbtest6 WHERE id=5530271
	Index Scan using sbtest6_pkey on sbtest6  (cost=0.43..8.45 rows=1 width=121)
	  Index Cond: (id = 5530271)

table 7 : explain SELECT c FROM sbtest7 WHERE id=7954332
	Index Scan using sbtest7_pkey on sbtest7  (cost=0.43..8.45 rows=1 width=121)
	  Index Cond: (id = 7954332)

table 8 : explain SELECT c FROM sbtest8 WHERE id=7618400
	Index Scan using sbtest8_pkey on sbtest8  (cost=0.43..8.45 rows=1 width=121)
	  Index Cond: (id = 7618400)

for: sum_ranges
table 1 : explain SELECT SUM(k) FROM sbtest1 WHERE id BETWEEN 7935003 AND 7935012
	Aggregate  (cost=47.73..47.74 rows=1 width=8)
	  ->  Index Scan using sbtest1_pkey on sbtest1  (cost=0.43..47.70 rows=11 width=4)
	        Index Cond: ((id >= 7935003) AND (id <= 7935012))

table 2 : explain SELECT SUM(k) FROM sbtest2 WHERE id BETWEEN 7558733 AND 7558742
	Aggregate  (cost=43.78..43.79 rows=1 width=8)
	  ->  Index Scan using sbtest2_pkey on sbtest2  (cost=0.43..43.75 rows=10 width=4)
	        Index Cond: ((id >= 7558733) AND (id <= 7558742))

table 3 : explain SELECT SUM(k) FROM sbtest3 WHERE id BETWEEN 3719208 AND 3719217
	Aggregate  (cost=47.87..47.88 rows=1 width=8)
	  ->  Index Scan using sbtest3_pkey on sbtest3  (cost=0.43..47.84 rows=11 width=4)
	        Index Cond: ((id >= 3719208) AND (id <= 3719217))

table 4 : explain SELECT SUM(k) FROM sbtest4 WHERE id BETWEEN 4762023 AND 4762032
	Aggregate  (cost=47.85..47.86 rows=1 width=8)
	  ->  Index Scan using sbtest4_pkey on sbtest4  (cost=0.43..47.83 rows=11 width=4)
	        Index Cond: ((id >= 4762023) AND (id <= 4762032))

table 5 : explain SELECT SUM(k) FROM sbtest5 WHERE id BETWEEN 9750575 AND 9750584
	Aggregate  (cost=39.80..39.81 rows=1 width=8)
	  ->  Index Scan using sbtest5_pkey on sbtest5  (cost=0.43..39.78 rows=9 width=4)
	        Index Cond: ((id >= 9750575) AND (id <= 9750584))

table 6 : explain SELECT SUM(k) FROM sbtest6 WHERE id BETWEEN 8218171 AND 8218180
	Aggregate  (cost=47.74..47.75 rows=1 width=8)
	  ->  Index Scan using sbtest6_pkey on sbtest6  (cost=0.43..47.72 rows=11 width=4)
	        Index Cond: ((id >= 8218171) AND (id <= 8218180))

table 7 : explain SELECT SUM(k) FROM sbtest7 WHERE id BETWEEN 9009241 AND 9009250
	Aggregate  (cost=43.75..43.76 rows=1 width=8)
	  ->  Index Scan using sbtest7_pkey on sbtest7  (cost=0.43..43.73 rows=10 width=4)
	        Index Cond: ((id >= 9009241) AND (id <= 9009250))

table 8 : explain SELECT SUM(k) FROM sbtest8 WHERE id BETWEEN 6503233 AND 6503242
	Aggregate  (cost=43.80..43.81 rows=1 width=8)
	  ->  Index Scan using sbtest8_pkey on sbtest8  (cost=0.43..43.77 rows=10 width=4)
	        Index Cond: ((id >= 6503233) AND (id <= 6503242))

for point_selects
table 1 : explain SELECT c FROM sbtest1 WHERE id=359932
	Index Scan using sbtest1_pkey on sbtest1  (cost=0.43..8.45 rows=1 width=121)
	  Index Cond: (id = 359932)

table 2 : explain SELECT c FROM sbtest2 WHERE id=7965908
	Index Scan using sbtest2_pkey on sbtest2  (cost=0.43..8.45 rows=1 width=121)
	  Index Cond: (id = 7965908)

table 3 : explain SELECT c FROM sbtest3 WHERE id=3687903
	Index Scan using sbtest3_pkey on sbtest3  (cost=0.43..8.45 rows=1 width=121)
	  Index Cond: (id = 3687903)

table 4 : explain SELECT c FROM sbtest4 WHERE id=4017182
	Index Scan using sbtest4_pkey on sbtest4  (cost=0.43..8.45 rows=1 width=121)
	  Index Cond: (id = 4017182)

table 5 : explain SELECT c FROM sbtest5 WHERE id=5396199
	Index Scan using sbtest5_pkey on sbtest5  (cost=0.43..8.45 rows=1 width=121)
	  Index Cond: (id = 5396199)

table 6 : explain SELECT c FROM sbtest6 WHERE id=2141644
	Index Scan using sbtest6_pkey on sbtest6  (cost=0.43..8.45 rows=1 width=121)
	  Index Cond: (id = 2141644)

table 7 : explain SELECT c FROM sbtest7 WHERE id=4364000
	Index Scan using sbtest7_pkey on sbtest7  (cost=0.43..8.45 rows=1 width=121)
	  Index Cond: (id = 4364000)

table 8 : explain SELECT c FROM sbtest8 WHERE id=1901345
	Index Scan using sbtest8_pkey on sbtest8  (cost=0.43..8.45 rows=1 width=121)
	  Index Cond: (id = 1901345)

for: sum_ranges
table 1 : explain SELECT SUM(k) FROM sbtest1 WHERE id BETWEEN 9873011 AND 9873020
	Aggregate  (cost=43.80..43.81 rows=1 width=8)
	  ->  Index Scan using sbtest1_pkey on sbtest1  (cost=0.43..43.78 rows=10 width=4)
	        Index Cond: ((id >= 9873011) AND (id <= 9873020))

table 2 : explain SELECT SUM(k) FROM sbtest2 WHERE id BETWEEN 9136579 AND 9136588
	Aggregate  (cost=43.78..43.79 rows=1 width=8)
	  ->  Index Scan using sbtest2_pkey on sbtest2  (cost=0.43..43.75 rows=10 width=4)
	        Index Cond: ((id >= 9136579) AND (id <= 9136588))

table 3 : explain SELECT SUM(k) FROM sbtest3 WHERE id BETWEEN 9793447 AND 9793456
	Aggregate  (cost=39.99..40.00 rows=1 width=8)
	  ->  Index Scan using sbtest3_pkey on sbtest3  (cost=0.43..39.97 rows=9 width=4)
	        Index Cond: ((id >= 9793447) AND (id <= 9793456))

table 4 : explain SELECT SUM(k) FROM sbtest4 WHERE id BETWEEN 4350096 AND 4350105
	Aggregate  (cost=43.91..43.92 rows=1 width=8)
	  ->  Index Scan using sbtest4_pkey on sbtest4  (cost=0.43..43.89 rows=10 width=4)
	        Index Cond: ((id >= 4350096) AND (id <= 4350105))

table 5 : explain SELECT SUM(k) FROM sbtest5 WHERE id BETWEEN 419581 AND 419590
	Aggregate  (cost=43.72..43.73 rows=1 width=8)
	  ->  Index Scan using sbtest5_pkey on sbtest5  (cost=0.43..43.70 rows=10 width=4)
	        Index Cond: ((id >= 419581) AND (id <= 419590))

table 6 : explain SELECT SUM(k) FROM sbtest6 WHERE id BETWEEN 663299 AND 663308
	Aggregate  (cost=39.89..39.90 rows=1 width=8)
	  ->  Index Scan using sbtest6_pkey on sbtest6  (cost=0.43..39.86 rows=9 width=4)
	        Index Cond: ((id >= 663299) AND (id <= 663308))

table 7 : explain SELECT SUM(k) FROM sbtest7 WHERE id BETWEEN 8956492 AND 8956501
	Aggregate  (cost=43.75..43.76 rows=1 width=8)
	  ->  Index Scan using sbtest7_pkey on sbtest7  (cost=0.43..43.73 rows=10 width=4)
	        Index Cond: ((id >= 8956492) AND (id <= 8956501))

table 8 : explain SELECT SUM(k) FROM sbtest8 WHERE id BETWEEN 492871 AND 492880
	Aggregate  (cost=47.73..47.74 rows=1 width=8)
	  ->  Index Scan using sbtest8_pkey on sbtest8  (cost=0.43..47.70 rows=11 width=4)
	        Index Cond: ((id >= 492871) AND (id <= 492880))

for: simple_ranges
table 1 : explain SELECT c FROM sbtest1 WHERE id BETWEEN 6036561 AND 6036570
	Index Scan using sbtest1_pkey on sbtest1  (cost=0.43..43.78 rows=10 width=121)
	  Index Cond: ((id >= 6036561) AND (id <= 6036570))

table 2 : explain SELECT c FROM sbtest2 WHERE id BETWEEN 9474757 AND 9474766
	Index Scan using sbtest2_pkey on sbtest2  (cost=0.43..39.83 rows=9 width=121)
	  Index Cond: ((id >= 9474757) AND (id <= 9474766))

table 3 : explain SELECT c FROM sbtest3 WHERE id BETWEEN 2595689 AND 2595698
	Index Scan using sbtest3_pkey on sbtest3  (cost=0.43..43.91 rows=10 width=121)
	  Index Cond: ((id >= 2595689) AND (id <= 2595698))

table 4 : explain SELECT c FROM sbtest4 WHERE id BETWEEN 7273041 AND 7273050
	Index Scan using sbtest4_pkey on sbtest4  (cost=0.43..47.83 rows=11 width=121)
	  Index Cond: ((id >= 7273041) AND (id <= 7273050))

table 5 : explain SELECT c FROM sbtest5 WHERE id BETWEEN 1212438 AND 1212447
	Index Scan using sbtest5_pkey on sbtest5  (cost=0.43..47.61 rows=11 width=121)
	  Index Cond: ((id >= 1212438) AND (id <= 1212447))

table 6 : explain SELECT c FROM sbtest6 WHERE id BETWEEN 7764750 AND 7764759
	Index Scan using sbtest6_pkey on sbtest6  (cost=0.43..39.86 rows=9 width=121)
	  Index Cond: ((id >= 7764750) AND (id <= 7764759))

table 7 : explain SELECT c FROM sbtest7 WHERE id BETWEEN 2872949 AND 2872958
	Index Scan using sbtest7_pkey on sbtest7  (cost=0.43..47.65 rows=11 width=121)
	  Index Cond: ((id >= 2872949) AND (id <= 2872958))

table 8 : explain SELECT c FROM sbtest8 WHERE id BETWEEN 6671627 AND 6671636
	Index Scan using sbtest8_pkey on sbtest8  (cost=0.43..47.70 rows=11 width=121)
	  Index Cond: ((id >= 6671627) AND (id <= 6671636))

for: sum_ranges
table 1 : explain SELECT SUM(k) FROM sbtest1 WHERE id BETWEEN 3719270 AND 3719279
	Aggregate  (cost=43.80..43.81 rows=1 width=8)
	  ->  Index Scan using sbtest1_pkey on sbtest1  (cost=0.43..43.78 rows=10 width=4)
	        Index Cond: ((id >= 3719270) AND (id <= 3719279))

table 2 : explain SELECT SUM(k) FROM sbtest2 WHERE id BETWEEN 814306 AND 814315
	Aggregate  (cost=43.78..43.79 rows=1 width=8)
	  ->  Index Scan using sbtest2_pkey on sbtest2  (cost=0.43..43.75 rows=10 width=4)
	        Index Cond: ((id >= 814306) AND (id <= 814315))

table 3 : explain SELECT SUM(k) FROM sbtest3 WHERE id BETWEEN 4748361 AND 4748370
	Aggregate  (cost=43.93..43.94 rows=1 width=8)
	  ->  Index Scan using sbtest3_pkey on sbtest3  (cost=0.43..43.91 rows=10 width=4)
	        Index Cond: ((id >= 4748361) AND (id <= 4748370))

table 4 : explain SELECT SUM(k) FROM sbtest4 WHERE id BETWEEN 3865354 AND 3865363
	Aggregate  (cost=39.97..39.98 rows=1 width=8)
	  ->  Index Scan using sbtest4_pkey on sbtest4  (cost=0.43..39.95 rows=9 width=4)
	        Index Cond: ((id >= 3865354) AND (id <= 3865363))

table 5 : explain SELECT SUM(k) FROM sbtest5 WHERE id BETWEEN 5870501 AND 5870510
	Aggregate  (cost=43.72..43.73 rows=1 width=8)
	  ->  Index Scan using sbtest5_pkey on sbtest5  (cost=0.43..43.70 rows=10 width=4)
	        Index Cond: ((id >= 5870501) AND (id <= 5870510))

table 6 : explain SELECT SUM(k) FROM sbtest6 WHERE id BETWEEN 6546283 AND 6546292
	Aggregate  (cost=43.81..43.82 rows=1 width=8)
	  ->  Index Scan using sbtest6_pkey on sbtest6  (cost=0.43..43.79 rows=10 width=4)
	        Index Cond: ((id >= 6546283) AND (id <= 6546292))

table 7 : explain SELECT SUM(k) FROM sbtest7 WHERE id BETWEEN 6557357 AND 6557366
	Aggregate  (cost=43.75..43.76 rows=1 width=8)
	  ->  Index Scan using sbtest7_pkey on sbtest7  (cost=0.43..43.73 rows=10 width=4)
	        Index Cond: ((id >= 6557357) AND (id <= 6557366))

table 8 : explain SELECT SUM(k) FROM sbtest8 WHERE id BETWEEN 6268505 AND 6268514
	Aggregate  (cost=39.87..39.88 rows=1 width=8)
	  ->  Index Scan using sbtest8_pkey on sbtest8  (cost=0.43..39.85 rows=9 width=4)
	        Index Cond: ((id >= 6268505) AND (id <= 6268514))

for point_selects
table 1 : explain SELECT c FROM sbtest1 WHERE id=2900726
	Index Scan using sbtest1_pkey on sbtest1  (cost=0.43..8.45 rows=1 width=121)
	  Index Cond: (id = 2900726)

table 2 : explain SELECT c FROM sbtest2 WHERE id=692574
	Index Scan using sbtest2_pkey on sbtest2  (cost=0.43..8.45 rows=1 width=121)
	  Index Cond: (id = 692574)

table 3 : explain SELECT c FROM sbtest3 WHERE id=6033838
	Index Scan using sbtest3_pkey on sbtest3  (cost=0.43..8.45 rows=1 width=121)
	  Index Cond: (id = 6033838)

table 4 : explain SELECT c FROM sbtest4 WHERE id=3090213
	Index Scan using sbtest4_pkey on sbtest4  (cost=0.43..8.45 rows=1 width=121)
	  Index Cond: (id = 3090213)

table 5 : explain SELECT c FROM sbtest5 WHERE id=3538623
	Index Scan using sbtest5_pkey on sbtest5  (cost=0.43..8.45 rows=1 width=121)
	  Index Cond: (id = 3538623)

table 6 : explain SELECT c FROM sbtest6 WHERE id=7460246
	Index Scan using sbtest6_pkey on sbtest6  (cost=0.43..8.45 rows=1 width=121)
	  Index Cond: (id = 7460246)

table 7 : explain SELECT c FROM sbtest7 WHERE id=9593609
	Index Scan using sbtest7_pkey on sbtest7  (cost=0.43..8.45 rows=1 width=121)
	  Index Cond: (id = 9593609)

table 8 : explain SELECT c FROM sbtest8 WHERE id=5309196
	Index Scan using sbtest8_pkey on sbtest8  (cost=0.43..8.45 rows=1 width=121)
	  Index Cond: (id = 5309196)

for point_selects
table 1 : explain SELECT c FROM sbtest1 WHERE id=9867721
	Index Scan using sbtest1_pkey on sbtest1  (cost=0.43..8.45 rows=1 width=121)
	  Index Cond: (id = 9867721)

table 2 : explain SELECT c FROM sbtest2 WHERE id=9557793
	Index Scan using sbtest2_pkey on sbtest2  (cost=0.43..8.45 rows=1 width=121)
	  Index Cond: (id = 9557793)

table 3 : explain SELECT c FROM sbtest3 WHERE id=6652240
	Index Scan using sbtest3_pkey on sbtest3  (cost=0.43..8.45 rows=1 width=121)
	  Index Cond: (id = 6652240)

table 4 : explain SELECT c FROM sbtest4 WHERE id=6887359
	Index Scan using sbtest4_pkey on sbtest4  (cost=0.43..8.45 rows=1 width=121)
	  Index Cond: (id = 6887359)

table 5 : explain SELECT c FROM sbtest5 WHERE id=7340982
	Index Scan using sbtest5_pkey on sbtest5  (cost=0.43..8.45 rows=1 width=121)
	  Index Cond: (id = 7340982)

table 6 : explain SELECT c FROM sbtest6 WHERE id=3411329
	Index Scan using sbtest6_pkey on sbtest6  (cost=0.43..8.45 rows=1 width=121)
	  Index Cond: (id = 3411329)

table 7 : explain SELECT c FROM sbtest7 WHERE id=4512295
	Index Scan using sbtest7_pkey on sbtest7  (cost=0.43..8.45 rows=1 width=121)
	  Index Cond: (id = 4512295)

table 8 : explain SELECT c FROM sbtest8 WHERE id=1032294
	Index Scan using sbtest8_pkey on sbtest8  (cost=0.43..8.45 rows=1 width=121)
	  Index Cond: (id = 1032294)

for: simple_ranges
table 1 : explain SELECT c FROM sbtest1 WHERE id BETWEEN 2939140 AND 2939149
	Index Scan using sbtest1_pkey on sbtest1  (cost=0.43..43.78 rows=10 width=121)
	  Index Cond: ((id >= 2939140) AND (id <= 2939149))

table 2 : explain SELECT c FROM sbtest2 WHERE id BETWEEN 6597853 AND 6597862
	Index Scan using sbtest2_pkey on sbtest2  (cost=0.43..43.75 rows=10 width=121)
	  Index Cond: ((id >= 6597853) AND (id <= 6597862))

table 3 : explain SELECT c FROM sbtest3 WHERE id BETWEEN 119623 AND 119632
	Index Scan using sbtest3_pkey on sbtest3  (cost=0.43..47.84 rows=11 width=121)
	  Index Cond: ((id >= 119623) AND (id <= 119632))

table 4 : explain SELECT c FROM sbtest4 WHERE id BETWEEN 8042490 AND 8042499
	Index Scan using sbtest4_pkey on sbtest4  (cost=0.43..47.83 rows=11 width=121)
	  Index Cond: ((id >= 8042490) AND (id <= 8042499))

table 5 : explain SELECT c FROM sbtest5 WHERE id BETWEEN 3646369 AND 3646378
	Index Scan using sbtest5_pkey on sbtest5  (cost=0.43..43.70 rows=10 width=121)
	  Index Cond: ((id >= 3646369) AND (id <= 3646378))

table 6 : explain SELECT c FROM sbtest6 WHERE id BETWEEN 4677568 AND 4677577
	Index Scan using sbtest6_pkey on sbtest6  (cost=0.43..43.79 rows=10 width=121)
	  Index Cond: ((id >= 4677568) AND (id <= 4677577))

table 7 : explain SELECT c FROM sbtest7 WHERE id BETWEEN 2640764 AND 2640773
	Index Scan using sbtest7_pkey on sbtest7  (cost=0.43..43.73 rows=10 width=121)
	  Index Cond: ((id >= 2640764) AND (id <= 2640773))

table 8 : explain SELECT c FROM sbtest8 WHERE id BETWEEN 8289397 AND 8289406
	Index Scan using sbtest8_pkey on sbtest8  (cost=0.43..43.77 rows=10 width=121)
	  Index Cond: ((id >= 8289397) AND (id <= 8289406))

for: sum_ranges
table 1 : explain SELECT SUM(k) FROM sbtest1 WHERE id BETWEEN 5523093 AND 5523102
	Aggregate  (cost=43.80..43.81 rows=1 width=8)
	  ->  Index Scan using sbtest1_pkey on sbtest1  (cost=0.43..43.78 rows=10 width=4)
	        Index Cond: ((id >= 5523093) AND (id <= 5523102))

table 2 : explain SELECT SUM(k) FROM sbtest2 WHERE id BETWEEN 9456378 AND 9456387
	Aggregate  (cost=39.85..39.86 rows=1 width=8)
	  ->  Index Scan using sbtest2_pkey on sbtest2  (cost=0.43..39.83 rows=9 width=4)
	        Index Cond: ((id >= 9456378) AND (id <= 9456387))

table 3 : explain SELECT SUM(k) FROM sbtest3 WHERE id BETWEEN 7860785 AND 7860794
	Aggregate  (cost=43.93..43.94 rows=1 width=8)
	  ->  Index Scan using sbtest3_pkey on sbtest3  (cost=0.43..43.91 rows=10 width=4)
	        Index Cond: ((id >= 7860785) AND (id <= 7860794))

table 4 : explain SELECT SUM(k) FROM sbtest4 WHERE id BETWEEN 6092013 AND 6092022
	Aggregate  (cost=47.85..47.86 rows=1 width=8)
	  ->  Index Scan using sbtest4_pkey on sbtest4  (cost=0.43..47.83 rows=11 width=4)
	        Index Cond: ((id >= 6092013) AND (id <= 6092022))

table 5 : explain SELECT SUM(k) FROM sbtest5 WHERE id BETWEEN 5156872 AND 5156881
	Aggregate  (cost=47.64..47.65 rows=1 width=8)
	  ->  Index Scan using sbtest5_pkey on sbtest5  (cost=0.43..47.61 rows=11 width=4)
	        Index Cond: ((id >= 5156872) AND (id <= 5156881))

table 6 : explain SELECT SUM(k) FROM sbtest6 WHERE id BETWEEN 5657435 AND 5657444
	Aggregate  (cost=39.89..39.90 rows=1 width=8)
	  ->  Index Scan using sbtest6_pkey on sbtest6  (cost=0.43..39.86 rows=9 width=4)
	        Index Cond: ((id >= 5657435) AND (id <= 5657444))

table 7 : explain SELECT SUM(k) FROM sbtest7 WHERE id BETWEEN 181273 AND 181282
	Aggregate  (cost=39.83..39.84 rows=1 width=8)
	  ->  Index Scan using sbtest7_pkey on sbtest7  (cost=0.43..39.81 rows=9 width=4)
	        Index Cond: ((id >= 181273) AND (id <= 181282))

table 8 : explain SELECT SUM(k) FROM sbtest8 WHERE id BETWEEN 7493970 AND 7493979
	Aggregate  (cost=43.80..43.81 rows=1 width=8)
	  ->  Index Scan using sbtest8_pkey on sbtest8  (cost=0.43..43.77 rows=10 width=4)
	        Index Cond: ((id >= 7493970) AND (id <= 7493979))

for: sum_ranges
table 1 : explain SELECT SUM(k) FROM sbtest1 WHERE id BETWEEN 6689315 AND 6689324
	Aggregate  (cost=43.80..43.81 rows=1 width=8)
	  ->  Index Scan using sbtest1_pkey on sbtest1  (cost=0.43..43.78 rows=10 width=4)
	        Index Cond: ((id >= 6689315) AND (id <= 6689324))

table 2 : explain SELECT SUM(k) FROM sbtest2 WHERE id BETWEEN 8832364 AND 8832373
	Aggregate  (cost=43.78..43.79 rows=1 width=8)
	  ->  Index Scan using sbtest2_pkey on sbtest2  (cost=0.43..43.75 rows=10 width=4)
	        Index Cond: ((id >= 8832364) AND (id <= 8832373))

table 3 : explain SELECT SUM(k) FROM sbtest3 WHERE id BETWEEN 3165182 AND 3165191
	Aggregate  (cost=47.87..47.88 rows=1 width=8)
	  ->  Index Scan using sbtest3_pkey on sbtest3  (cost=0.43..47.84 rows=11 width=4)
	        Index Cond: ((id >= 3165182) AND (id <= 3165191))

table 4 : explain SELECT SUM(k) FROM sbtest4 WHERE id BETWEEN 995096 AND 995105
	Aggregate  (cost=43.91..43.92 rows=1 width=8)
	  ->  Index Scan using sbtest4_pkey on sbtest4  (cost=0.43..43.89 rows=10 width=4)
	        Index Cond: ((id >= 995096) AND (id <= 995105))

table 5 : explain SELECT SUM(k) FROM sbtest5 WHERE id BETWEEN 5484831 AND 5484840
	Aggregate  (cost=43.72..43.73 rows=1 width=8)
	  ->  Index Scan using sbtest5_pkey on sbtest5  (cost=0.43..43.70 rows=10 width=4)
	        Index Cond: ((id >= 5484831) AND (id <= 5484840))

table 6 : explain SELECT SUM(k) FROM sbtest6 WHERE id BETWEEN 6523882 AND 6523891
	Aggregate  (cost=43.81..43.82 rows=1 width=8)
	  ->  Index Scan using sbtest6_pkey on sbtest6  (cost=0.43..43.79 rows=10 width=4)
	        Index Cond: ((id >= 6523882) AND (id <= 6523891))

table 7 : explain SELECT SUM(k) FROM sbtest7 WHERE id BETWEEN 3916295 AND 3916304
	Aggregate  (cost=43.75..43.76 rows=1 width=8)
	  ->  Index Scan using sbtest7_pkey on sbtest7  (cost=0.43..43.73 rows=10 width=4)
	        Index Cond: ((id >= 3916295) AND (id <= 3916304))

table 8 : explain SELECT SUM(k) FROM sbtest8 WHERE id BETWEEN 106516 AND 106525
	Aggregate  (cost=39.87..39.88 rows=1 width=8)
	  ->  Index Scan using sbtest8_pkey on sbtest8  (cost=0.43..39.85 rows=9 width=4)
	        Index Cond: ((id >= 106516) AND (id <= 106525))

for: simple_ranges
table 1 : explain SELECT c FROM sbtest1 WHERE id BETWEEN 2905411 AND 2905420
	Index Scan using sbtest1_pkey on sbtest1  (cost=0.43..43.78 rows=10 width=121)
	  Index Cond: ((id >= 2905411) AND (id <= 2905420))

table 2 : explain SELECT c FROM sbtest2 WHERE id BETWEEN 5421988 AND 5421997
	Index Scan using sbtest2_pkey on sbtest2  (cost=0.43..39.83 rows=9 width=121)
	  Index Cond: ((id >= 5421988) AND (id <= 5421997))

table 3 : explain SELECT c FROM sbtest3 WHERE id BETWEEN 8696363 AND 8696372
	Index Scan using sbtest3_pkey on sbtest3  (cost=0.43..43.91 rows=10 width=121)
	  Index Cond: ((id >= 8696363) AND (id <= 8696372))

table 4 : explain SELECT c FROM sbtest4 WHERE id BETWEEN 3143427 AND 3143436
	Index Scan using sbtest4_pkey on sbtest4  (cost=0.43..43.89 rows=10 width=121)
	  Index Cond: ((id >= 3143427) AND (id <= 3143436))

table 5 : explain SELECT c FROM sbtest5 WHERE id BETWEEN 279493 AND 279502
	Index Scan using sbtest5_pkey on sbtest5  (cost=0.43..43.70 rows=10 width=121)
	  Index Cond: ((id >= 279493) AND (id <= 279502))

table 6 : explain SELECT c FROM sbtest6 WHERE id BETWEEN 1597125 AND 1597134
	Index Scan using sbtest6_pkey on sbtest6  (cost=0.43..43.79 rows=10 width=121)
	  Index Cond: ((id >= 1597125) AND (id <= 1597134))

table 7 : explain SELECT c FROM sbtest7 WHERE id BETWEEN 9776980 AND 9776989
	Index Scan using sbtest7_pkey on sbtest7  (cost=0.43..43.73 rows=10 width=121)
	  Index Cond: ((id >= 9776980) AND (id <= 9776989))

table 8 : explain SELECT c FROM sbtest8 WHERE id BETWEEN 2272418 AND 2272427
	Index Scan using sbtest8_pkey on sbtest8  (cost=0.43..43.77 rows=10 width=121)
	  Index Cond: ((id >= 2272418) AND (id <= 2272427))

for: sum_ranges
table 1 : explain SELECT SUM(k) FROM sbtest1 WHERE id BETWEEN 3935020 AND 3935029
	Aggregate  (cost=43.80..43.81 rows=1 width=8)
	  ->  Index Scan using sbtest1_pkey on sbtest1  (cost=0.43..43.78 rows=10 width=4)
	        Index Cond: ((id >= 3935020) AND (id <= 3935029))

table 2 : explain SELECT SUM(k) FROM sbtest2 WHERE id BETWEEN 5651541 AND 5651550
	Aggregate  (cost=43.78..43.79 rows=1 width=8)
	  ->  Index Scan using sbtest2_pkey on sbtest2  (cost=0.43..43.75 rows=10 width=4)
	        Index Cond: ((id >= 5651541) AND (id <= 5651550))

table 3 : explain SELECT SUM(k) FROM sbtest3 WHERE id BETWEEN 3353495 AND 3353504
	Aggregate  (cost=43.93..43.94 rows=1 width=8)
	  ->  Index Scan using sbtest3_pkey on sbtest3  (cost=0.43..43.91 rows=10 width=4)
	        Index Cond: ((id >= 3353495) AND (id <= 3353504))

table 4 : explain SELECT SUM(k) FROM sbtest4 WHERE id BETWEEN 6426208 AND 6426217
	Aggregate  (cost=43.91..43.92 rows=1 width=8)
	  ->  Index Scan using sbtest4_pkey on sbtest4  (cost=0.43..43.89 rows=10 width=4)
	        Index Cond: ((id >= 6426208) AND (id <= 6426217))

table 5 : explain SELECT SUM(k) FROM sbtest5 WHERE id BETWEEN 8567005 AND 8567014
	Aggregate  (cost=43.72..43.73 rows=1 width=8)
	  ->  Index Scan using sbtest5_pkey on sbtest5  (cost=0.43..43.70 rows=10 width=4)
	        Index Cond: ((id >= 8567005) AND (id <= 8567014))

table 6 : explain SELECT SUM(k) FROM sbtest6 WHERE id BETWEEN 284212 AND 284221
	Aggregate  (cost=39.89..39.90 rows=1 width=8)
	  ->  Index Scan using sbtest6_pkey on sbtest6  (cost=0.43..39.86 rows=9 width=4)
	        Index Cond: ((id >= 284212) AND (id <= 284221))

table 7 : explain SELECT SUM(k) FROM sbtest7 WHERE id BETWEEN 7524432 AND 7524441
	Aggregate  (cost=43.75..43.76 rows=1 width=8)
	  ->  Index Scan using sbtest7_pkey on sbtest7  (cost=0.43..43.73 rows=10 width=4)
	        Index Cond: ((id >= 7524432) AND (id <= 7524441))

table 8 : explain SELECT SUM(k) FROM sbtest8 WHERE id BETWEEN 5261387 AND 5261396
	Aggregate  (cost=43.80..43.81 rows=1 width=8)
	  ->  Index Scan using sbtest8_pkey on sbtest8  (cost=0.43..43.77 rows=10 width=4)
	        Index Cond: ((id >= 5261387) AND (id <= 5261396))

for: sum_ranges
table 1 : explain SELECT SUM(k) FROM sbtest1 WHERE id BETWEEN 3277064 AND 3277073
	Aggregate  (cost=43.80..43.81 rows=1 width=8)
	  ->  Index Scan using sbtest1_pkey on sbtest1  (cost=0.43..43.78 rows=10 width=4)
	        Index Cond: ((id >= 3277064) AND (id <= 3277073))

table 2 : explain SELECT SUM(k) FROM sbtest2 WHERE id BETWEEN 2606568 AND 2606577
	Aggregate  (cost=47.70..47.71 rows=1 width=8)
	  ->  Index Scan using sbtest2_pkey on sbtest2  (cost=0.43..47.67 rows=11 width=4)
	        Index Cond: ((id >= 2606568) AND (id <= 2606577))

table 3 : explain SELECT SUM(k) FROM sbtest3 WHERE id BETWEEN 8748891 AND 8748900
	Aggregate  (cost=43.93..43.94 rows=1 width=8)
	  ->  Index Scan using sbtest3_pkey on sbtest3  (cost=0.43..43.91 rows=10 width=4)
	        Index Cond: ((id >= 8748891) AND (id <= 8748900))

table 4 : explain SELECT SUM(k) FROM sbtest4 WHERE id BETWEEN 8579119 AND 8579128
	Aggregate  (cost=43.91..43.92 rows=1 width=8)
	  ->  Index Scan using sbtest4_pkey on sbtest4  (cost=0.43..43.89 rows=10 width=4)
	        Index Cond: ((id >= 8579119) AND (id <= 8579128))

table 5 : explain SELECT SUM(k) FROM sbtest5 WHERE id BETWEEN 5679598 AND 5679607
	Aggregate  (cost=43.72..43.73 rows=1 width=8)
	  ->  Index Scan using sbtest5_pkey on sbtest5  (cost=0.43..43.70 rows=10 width=4)
	        Index Cond: ((id >= 5679598) AND (id <= 5679607))

table 6 : explain SELECT SUM(k) FROM sbtest6 WHERE id BETWEEN 6604218 AND 6604227
	Aggregate  (cost=39.89..39.90 rows=1 width=8)
	  ->  Index Scan using sbtest6_pkey on sbtest6  (cost=0.43..39.86 rows=9 width=4)
	        Index Cond: ((id >= 6604218) AND (id <= 6604227))

table 7 : explain SELECT SUM(k) FROM sbtest7 WHERE id BETWEEN 7503853 AND 7503862
	Aggregate  (cost=43.75..43.76 rows=1 width=8)
	  ->  Index Scan using sbtest7_pkey on sbtest7  (cost=0.43..43.73 rows=10 width=4)
	        Index Cond: ((id >= 7503853) AND (id <= 7503862))

table 8 : explain SELECT SUM(k) FROM sbtest8 WHERE id BETWEEN 2924084 AND 2924093
	Aggregate  (cost=47.73..47.74 rows=1 width=8)
	  ->  Index Scan using sbtest8_pkey on sbtest8  (cost=0.43..47.70 rows=11 width=4)
	        Index Cond: ((id >= 2924084) AND (id <= 2924093))

for: sum_ranges
table 1 : explain SELECT SUM(k) FROM sbtest1 WHERE id BETWEEN 1045364 AND 1045373
	Aggregate  (cost=47.73..47.74 rows=1 width=8)
	  ->  Index Scan using sbtest1_pkey on sbtest1  (cost=0.43..47.70 rows=11 width=4)
	        Index Cond: ((id >= 1045364) AND (id <= 1045373))

table 2 : explain SELECT SUM(k) FROM sbtest2 WHERE id BETWEEN 4664176 AND 4664185
	Aggregate  (cost=47.70..47.71 rows=1 width=8)
	  ->  Index Scan using sbtest2_pkey on sbtest2  (cost=0.43..47.67 rows=11 width=4)
	        Index Cond: ((id >= 4664176) AND (id <= 4664185))

table 3 : explain SELECT SUM(k) FROM sbtest3 WHERE id BETWEEN 871354 AND 871363
	Aggregate  (cost=43.93..43.94 rows=1 width=8)
	  ->  Index Scan using sbtest3_pkey on sbtest3  (cost=0.43..43.91 rows=10 width=4)
	        Index Cond: ((id >= 871354) AND (id <= 871363))

table 4 : explain SELECT SUM(k) FROM sbtest4 WHERE id BETWEEN 3153950 AND 3153959
	Aggregate  (cost=43.91..43.92 rows=1 width=8)
	  ->  Index Scan using sbtest4_pkey on sbtest4  (cost=0.43..43.89 rows=10 width=4)
	        Index Cond: ((id >= 3153950) AND (id <= 3153959))

table 5 : explain SELECT SUM(k) FROM sbtest5 WHERE id BETWEEN 7058047 AND 7058056
	Aggregate  (cost=43.72..43.73 rows=1 width=8)
	  ->  Index Scan using sbtest5_pkey on sbtest5  (cost=0.43..43.70 rows=10 width=4)
	        Index Cond: ((id >= 7058047) AND (id <= 7058056))

table 6 : explain SELECT SUM(k) FROM sbtest6 WHERE id BETWEEN 712420 AND 712429
	Aggregate  (cost=43.81..43.82 rows=1 width=8)
	  ->  Index Scan using sbtest6_pkey on sbtest6  (cost=0.43..43.79 rows=10 width=4)
	        Index Cond: ((id >= 712420) AND (id <= 712429))

table 7 : explain SELECT SUM(k) FROM sbtest7 WHERE id BETWEEN 4186498 AND 4186507
	Aggregate  (cost=43.75..43.76 rows=1 width=8)
	  ->  Index Scan using sbtest7_pkey on sbtest7  (cost=0.43..43.73 rows=10 width=4)
	        Index Cond: ((id >= 4186498) AND (id <= 4186507))

table 8 : explain SELECT SUM(k) FROM sbtest8 WHERE id BETWEEN 5334186 AND 5334195
	Aggregate  (cost=43.80..43.81 rows=1 width=8)
	  ->  Index Scan using sbtest8_pkey on sbtest8  (cost=0.43..43.77 rows=10 width=4)
	        Index Cond: ((id >= 5334186) AND (id <= 5334195))

for: sum_ranges
table 1 : explain SELECT SUM(k) FROM sbtest1 WHERE id BETWEEN 5860491 AND 5860500
	Aggregate  (cost=43.80..43.81 rows=1 width=8)
	  ->  Index Scan using sbtest1_pkey on sbtest1  (cost=0.43..43.78 rows=10 width=4)
	        Index Cond: ((id >= 5860491) AND (id <= 5860500))

table 2 : explain SELECT SUM(k) FROM sbtest2 WHERE id BETWEEN 5503487 AND 5503496
	Aggregate  (cost=43.78..43.79 rows=1 width=8)
	  ->  Index Scan using sbtest2_pkey on sbtest2  (cost=0.43..43.75 rows=10 width=4)
	        Index Cond: ((id >= 5503487) AND (id <= 5503496))

table 3 : explain SELECT SUM(k) FROM sbtest3 WHERE id BETWEEN 1571510 AND 1571519
	Aggregate  (cost=43.93..43.94 rows=1 width=8)
	  ->  Index Scan using sbtest3_pkey on sbtest3  (cost=0.43..43.91 rows=10 width=4)
	        Index Cond: ((id >= 1571510) AND (id <= 1571519))

table 4 : explain SELECT SUM(k) FROM sbtest4 WHERE id BETWEEN 2274653 AND 2274662
	Aggregate  (cost=39.97..39.98 rows=1 width=8)
	  ->  Index Scan using sbtest4_pkey on sbtest4  (cost=0.43..39.95 rows=9 width=4)
	        Index Cond: ((id >= 2274653) AND (id <= 2274662))

table 5 : explain SELECT SUM(k) FROM sbtest5 WHERE id BETWEEN 4672414 AND 4672423
	Aggregate  (cost=43.72..43.73 rows=1 width=8)
	  ->  Index Scan using sbtest5_pkey on sbtest5  (cost=0.43..43.70 rows=10 width=4)
	        Index Cond: ((id >= 4672414) AND (id <= 4672423))

table 6 : explain SELECT SUM(k) FROM sbtest6 WHERE id BETWEEN 1663708 AND 1663717
	Aggregate  (cost=43.81..43.82 rows=1 width=8)
	  ->  Index Scan using sbtest6_pkey on sbtest6  (cost=0.43..43.79 rows=10 width=4)
	        Index Cond: ((id >= 1663708) AND (id <= 1663717))

table 7 : explain SELECT SUM(k) FROM sbtest7 WHERE id BETWEEN 4269319 AND 4269328
	Aggregate  (cost=39.83..39.84 rows=1 width=8)
	  ->  Index Scan using sbtest7_pkey on sbtest7  (cost=0.43..39.81 rows=9 width=4)
	        Index Cond: ((id >= 4269319) AND (id <= 4269328))

table 8 : explain SELECT SUM(k) FROM sbtest8 WHERE id BETWEEN 7187055 AND 7187064
	Aggregate  (cost=39.87..39.88 rows=1 width=8)
	  ->  Index Scan using sbtest8_pkey on sbtest8  (cost=0.43..39.85 rows=9 width=4)
	        Index Cond: ((id >= 7187055) AND (id <= 7187064))

for: sum_ranges
table 1 : explain SELECT SUM(k) FROM sbtest1 WHERE id BETWEEN 4099506 AND 4099515
	Aggregate  (cost=43.80..43.81 rows=1 width=8)
	  ->  Index Scan using sbtest1_pkey on sbtest1  (cost=0.43..43.78 rows=10 width=4)
	        Index Cond: ((id >= 4099506) AND (id <= 4099515))

table 2 : explain SELECT SUM(k) FROM sbtest2 WHERE id BETWEEN 7199450 AND 7199459
	Aggregate  (cost=43.78..43.79 rows=1 width=8)
	  ->  Index Scan using sbtest2_pkey on sbtest2  (cost=0.43..43.75 rows=10 width=4)
	        Index Cond: ((id >= 7199450) AND (id <= 7199459))

table 3 : explain SELECT SUM(k) FROM sbtest3 WHERE id BETWEEN 5999511 AND 5999520
	Aggregate  (cost=43.93..43.94 rows=1 width=8)
	  ->  Index Scan using sbtest3_pkey on sbtest3  (cost=0.43..43.91 rows=10 width=4)
	        Index Cond: ((id >= 5999511) AND (id <= 5999520))

table 4 : explain SELECT SUM(k) FROM sbtest4 WHERE id BETWEEN 5714686 AND 5714695
	Aggregate  (cost=43.91..43.92 rows=1 width=8)
	  ->  Index Scan using sbtest4_pkey on sbtest4  (cost=0.43..43.89 rows=10 width=4)
	        Index Cond: ((id >= 5714686) AND (id <= 5714695))

table 5 : explain SELECT SUM(k) FROM sbtest5 WHERE id BETWEEN 4380864 AND 4380873
	Aggregate  (cost=43.72..43.73 rows=1 width=8)
	  ->  Index Scan using sbtest5_pkey on sbtest5  (cost=0.43..43.70 rows=10 width=4)
	        Index Cond: ((id >= 4380864) AND (id <= 4380873))

table 6 : explain SELECT SUM(k) FROM sbtest6 WHERE id BETWEEN 4518695 AND 4518704
	Aggregate  (cost=43.81..43.82 rows=1 width=8)
	  ->  Index Scan using sbtest6_pkey on sbtest6  (cost=0.43..43.79 rows=10 width=4)
	        Index Cond: ((id >= 4518695) AND (id <= 4518704))

table 7 : explain SELECT SUM(k) FROM sbtest7 WHERE id BETWEEN 4025081 AND 4025090
	Aggregate  (cost=43.75..43.76 rows=1 width=8)
	  ->  Index Scan using sbtest7_pkey on sbtest7  (cost=0.43..43.73 rows=10 width=4)
	        Index Cond: ((id >= 4025081) AND (id <= 4025090))

table 8 : explain SELECT SUM(k) FROM sbtest8 WHERE id BETWEEN 3226668 AND 3226677
	Aggregate  (cost=43.80..43.81 rows=1 width=8)
	  ->  Index Scan using sbtest8_pkey on sbtest8  (cost=0.43..43.77 rows=10 width=4)
	        Index Cond: ((id >= 3226668) AND (id <= 3226677))

for: simple_ranges
table 1 : explain SELECT c FROM sbtest1 WHERE id BETWEEN 2002432 AND 2002441
	Index Scan using sbtest1_pkey on sbtest1  (cost=0.43..43.78 rows=10 width=121)
	  Index Cond: ((id >= 2002432) AND (id <= 2002441))

table 2 : explain SELECT c FROM sbtest2 WHERE id BETWEEN 4046630 AND 4046639
	Index Scan using sbtest2_pkey on sbtest2  (cost=0.43..43.75 rows=10 width=121)
	  Index Cond: ((id >= 4046630) AND (id <= 4046639))

table 3 : explain SELECT c FROM sbtest3 WHERE id BETWEEN 5301314 AND 5301323
	Index Scan using sbtest3_pkey on sbtest3  (cost=0.43..47.84 rows=11 width=121)
	  Index Cond: ((id >= 5301314) AND (id <= 5301323))

table 4 : explain SELECT c FROM sbtest4 WHERE id BETWEEN 8360858 AND 8360867
	Index Scan using sbtest4_pkey on sbtest4  (cost=0.43..39.95 rows=9 width=121)
	  Index Cond: ((id >= 8360858) AND (id <= 8360867))

table 5 : explain SELECT c FROM sbtest5 WHERE id BETWEEN 47255 AND 47264
	Index Scan using sbtest5_pkey on sbtest5  (cost=0.43..39.78 rows=9 width=121)
	  Index Cond: ((id >= 47255) AND (id <= 47264))

table 6 : explain SELECT c FROM sbtest6 WHERE id BETWEEN 4047142 AND 4047151
	Index Scan using sbtest6_pkey on sbtest6  (cost=0.43..43.79 rows=10 width=121)
	  Index Cond: ((id >= 4047142) AND (id <= 4047151))

table 7 : explain SELECT c FROM sbtest7 WHERE id BETWEEN 7203622 AND 7203631
	Index Scan using sbtest7_pkey on sbtest7  (cost=0.43..43.73 rows=10 width=121)
	  Index Cond: ((id >= 7203622) AND (id <= 7203631))

table 8 : explain SELECT c FROM sbtest8 WHERE id BETWEEN 8081239 AND 8081248
	Index Scan using sbtest8_pkey on sbtest8  (cost=0.43..43.77 rows=10 width=121)
	  Index Cond: ((id >= 8081239) AND (id <= 8081248))

for: sum_ranges
table 1 : explain SELECT SUM(k) FROM sbtest1 WHERE id BETWEEN 2451299 AND 2451308
	Aggregate  (cost=43.80..43.81 rows=1 width=8)
	  ->  Index Scan using sbtest1_pkey on sbtest1  (cost=0.43..43.78 rows=10 width=4)
	        Index Cond: ((id >= 2451299) AND (id <= 2451308))

table 2 : explain SELECT SUM(k) FROM sbtest2 WHERE id BETWEEN 8204410 AND 8204419
	Aggregate  (cost=43.78..43.79 rows=1 width=8)
	  ->  Index Scan using sbtest2_pkey on sbtest2  (cost=0.43..43.75 rows=10 width=4)
	        Index Cond: ((id >= 8204410) AND (id <= 8204419))

table 3 : explain SELECT SUM(k) FROM sbtest3 WHERE id BETWEEN 1853304 AND 1853313
	Aggregate  (cost=43.93..43.94 rows=1 width=8)
	  ->  Index Scan using sbtest3_pkey on sbtest3  (cost=0.43..43.91 rows=10 width=4)
	        Index Cond: ((id >= 1853304) AND (id <= 1853313))

table 4 : explain SELECT SUM(k) FROM sbtest4 WHERE id BETWEEN 8605158 AND 8605167
	Aggregate  (cost=43.91..43.92 rows=1 width=8)
	  ->  Index Scan using sbtest4_pkey on sbtest4  (cost=0.43..43.89 rows=10 width=4)
	        Index Cond: ((id >= 8605158) AND (id <= 8605167))

table 5 : explain SELECT SUM(k) FROM sbtest5 WHERE id BETWEEN 857360 AND 857369
	Aggregate  (cost=43.72..43.73 rows=1 width=8)
	  ->  Index Scan using sbtest5_pkey on sbtest5  (cost=0.43..43.70 rows=10 width=4)
	        Index Cond: ((id >= 857360) AND (id <= 857369))

table 6 : explain SELECT SUM(k) FROM sbtest6 WHERE id BETWEEN 4472804 AND 4472813
	Aggregate  (cost=47.74..47.75 rows=1 width=8)
	  ->  Index Scan using sbtest6_pkey on sbtest6  (cost=0.43..47.72 rows=11 width=4)
	        Index Cond: ((id >= 4472804) AND (id <= 4472813))

table 7 : explain SELECT SUM(k) FROM sbtest7 WHERE id BETWEEN 8425449 AND 8425458
	Aggregate  (cost=39.83..39.84 rows=1 width=8)
	  ->  Index Scan using sbtest7_pkey on sbtest7  (cost=0.43..39.81 rows=9 width=4)
	        Index Cond: ((id >= 8425449) AND (id <= 8425458))

table 8 : explain SELECT SUM(k) FROM sbtest8 WHERE id BETWEEN 1935501 AND 1935510
	Aggregate  (cost=43.80..43.81 rows=1 width=8)
	  ->  Index Scan using sbtest8_pkey on sbtest8  (cost=0.43..43.77 rows=10 width=4)
	        Index Cond: ((id >= 1935501) AND (id <= 1935510))

for: simple_ranges
table 1 : explain SELECT c FROM sbtest1 WHERE id BETWEEN 199599 AND 199608
	Index Scan using sbtest1_pkey on sbtest1  (cost=0.43..43.78 rows=10 width=121)
	  Index Cond: ((id >= 199599) AND (id <= 199608))

table 2 : explain SELECT c FROM sbtest2 WHERE id BETWEEN 2739955 AND 2739964
	Index Scan using sbtest2_pkey on sbtest2  (cost=0.43..43.75 rows=10 width=121)
	  Index Cond: ((id >= 2739955) AND (id <= 2739964))

table 3 : explain SELECT c FROM sbtest3 WHERE id BETWEEN 6546191 AND 6546200
	Index Scan using sbtest3_pkey on sbtest3  (cost=0.43..43.91 rows=10 width=121)
	  Index Cond: ((id >= 6546191) AND (id <= 6546200))

table 4 : explain SELECT c FROM sbtest4 WHERE id BETWEEN 9804814 AND 9804823
	Index Scan using sbtest4_pkey on sbtest4  (cost=0.43..39.95 rows=9 width=121)
	  Index Cond: ((id >= 9804814) AND (id <= 9804823))

table 5 : explain SELECT c FROM sbtest5 WHERE id BETWEEN 7307989 AND 7307998
	Index Scan using sbtest5_pkey on sbtest5  (cost=0.43..43.70 rows=10 width=121)
	  Index Cond: ((id >= 7307989) AND (id <= 7307998))

table 6 : explain SELECT c FROM sbtest6 WHERE id BETWEEN 4484952 AND 4484961
	Index Scan using sbtest6_pkey on sbtest6  (cost=0.43..43.79 rows=10 width=121)
	  Index Cond: ((id >= 4484952) AND (id <= 4484961))

table 7 : explain SELECT c FROM sbtest7 WHERE id BETWEEN 6417598 AND 6417607
	Index Scan using sbtest7_pkey on sbtest7  (cost=0.43..39.81 rows=9 width=121)
	  Index Cond: ((id >= 6417598) AND (id <= 6417607))

table 8 : explain SELECT c FROM sbtest8 WHERE id BETWEEN 9293121 AND 9293130
	Index Scan using sbtest8_pkey on sbtest8  (cost=0.43..39.85 rows=9 width=121)
	  Index Cond: ((id >= 9293121) AND (id <= 9293130))

for point_selects
table 1 : explain SELECT c FROM sbtest1 WHERE id=5480788
	Index Scan using sbtest1_pkey on sbtest1  (cost=0.43..8.45 rows=1 width=121)
	  Index Cond: (id = 5480788)

table 2 : explain SELECT c FROM sbtest2 WHERE id=6865683
	Index Scan using sbtest2_pkey on sbtest2  (cost=0.43..8.45 rows=1 width=121)
	  Index Cond: (id = 6865683)

table 3 : explain SELECT c FROM sbtest3 WHERE id=7021798
	Index Scan using sbtest3_pkey on sbtest3  (cost=0.43..8.45 rows=1 width=121)
	  Index Cond: (id = 7021798)

table 4 : explain SELECT c FROM sbtest4 WHERE id=1525073
	Index Scan using sbtest4_pkey on sbtest4  (cost=0.43..8.45 rows=1 width=121)
	  Index Cond: (id = 1525073)

table 5 : explain SELECT c FROM sbtest5 WHERE id=2441320
	Index Scan using sbtest5_pkey on sbtest5  (cost=0.43..8.45 rows=1 width=121)
	  Index Cond: (id = 2441320)

table 6 : explain SELECT c FROM sbtest6 WHERE id=5600628
	Index Scan using sbtest6_pkey on sbtest6  (cost=0.43..8.45 rows=1 width=121)
	  Index Cond: (id = 5600628)

table 7 : explain SELECT c FROM sbtest7 WHERE id=1807619
	Index Scan using sbtest7_pkey on sbtest7  (cost=0.43..8.45 rows=1 width=121)
	  Index Cond: (id = 1807619)

table 8 : explain SELECT c FROM sbtest8 WHERE id=7682519
	Index Scan using sbtest8_pkey on sbtest8  (cost=0.43..8.45 rows=1 width=121)
	  Index Cond: (id = 7682519)

for: sum_ranges
table 1 : explain SELECT SUM(k) FROM sbtest1 WHERE id BETWEEN 140386 AND 140395
	Aggregate  (cost=43.80..43.81 rows=1 width=8)
	  ->  Index Scan using sbtest1_pkey on sbtest1  (cost=0.43..43.78 rows=10 width=4)
	        Index Cond: ((id >= 140386) AND (id <= 140395))

table 2 : explain SELECT SUM(k) FROM sbtest2 WHERE id BETWEEN 4871006 AND 4871015
	Aggregate  (cost=43.78..43.79 rows=1 width=8)
	  ->  Index Scan using sbtest2_pkey on sbtest2  (cost=0.43..43.75 rows=10 width=4)
	        Index Cond: ((id >= 4871006) AND (id <= 4871015))

table 3 : explain SELECT SUM(k) FROM sbtest3 WHERE id BETWEEN 8027851 AND 8027860
	Aggregate  (cost=43.93..43.94 rows=1 width=8)
	  ->  Index Scan using sbtest3_pkey on sbtest3  (cost=0.43..43.91 rows=10 width=4)
	        Index Cond: ((id >= 8027851) AND (id <= 8027860))

table 4 : explain SELECT SUM(k) FROM sbtest4 WHERE id BETWEEN 7371173 AND 7371182
	Aggregate  (cost=47.85..47.86 rows=1 width=8)
	  ->  Index Scan using sbtest4_pkey on sbtest4  (cost=0.43..47.83 rows=11 width=4)
	        Index Cond: ((id >= 7371173) AND (id <= 7371182))

table 5 : explain SELECT SUM(k) FROM sbtest5 WHERE id BETWEEN 656426 AND 656435
	Aggregate  (cost=43.72..43.73 rows=1 width=8)
	  ->  Index Scan using sbtest5_pkey on sbtest5  (cost=0.43..43.70 rows=10 width=4)
	        Index Cond: ((id >= 656426) AND (id <= 656435))

table 6 : explain SELECT SUM(k) FROM sbtest6 WHERE id BETWEEN 6819845 AND 6819854
	Aggregate  (cost=39.89..39.90 rows=1 width=8)
	  ->  Index Scan using sbtest6_pkey on sbtest6  (cost=0.43..39.86 rows=9 width=4)
	        Index Cond: ((id >= 6819845) AND (id <= 6819854))

table 7 : explain SELECT SUM(k) FROM sbtest7 WHERE id BETWEEN 4763948 AND 4763957
	Aggregate  (cost=47.67..47.68 rows=1 width=8)
	  ->  Index Scan using sbtest7_pkey on sbtest7  (cost=0.43..47.65 rows=11 width=4)
	        Index Cond: ((id >= 4763948) AND (id <= 4763957))

table 8 : explain SELECT SUM(k) FROM sbtest8 WHERE id BETWEEN 5426155 AND 5426164
	Aggregate  (cost=43.80..43.81 rows=1 width=8)
	  ->  Index Scan using sbtest8_pkey on sbtest8  (cost=0.43..43.77 rows=10 width=4)
	        Index Cond: ((id >= 5426155) AND (id <= 5426164))

for: sum_ranges
table 1 : explain SELECT SUM(k) FROM sbtest1 WHERE id BETWEEN 5335403 AND 5335412
	Aggregate  (cost=47.73..47.74 rows=1 width=8)
	  ->  Index Scan using sbtest1_pkey on sbtest1  (cost=0.43..47.70 rows=11 width=4)
	        Index Cond: ((id >= 5335403) AND (id <= 5335412))

table 2 : explain SELECT SUM(k) FROM sbtest2 WHERE id BETWEEN 5760103 AND 5760112
	Aggregate  (cost=43.78..43.79 rows=1 width=8)
	  ->  Index Scan using sbtest2_pkey on sbtest2  (cost=0.43..43.75 rows=10 width=4)
	        Index Cond: ((id >= 5760103) AND (id <= 5760112))

table 3 : explain SELECT SUM(k) FROM sbtest3 WHERE id BETWEEN 2981821 AND 2981830
	Aggregate  (cost=47.87..47.88 rows=1 width=8)
	  ->  Index Scan using sbtest3_pkey on sbtest3  (cost=0.43..47.84 rows=11 width=4)
	        Index Cond: ((id >= 2981821) AND (id <= 2981830))

table 4 : explain SELECT SUM(k) FROM sbtest4 WHERE id BETWEEN 4728843 AND 4728852
	Aggregate  (cost=43.91..43.92 rows=1 width=8)
	  ->  Index Scan using sbtest4_pkey on sbtest4  (cost=0.43..43.89 rows=10 width=4)
	        Index Cond: ((id >= 4728843) AND (id <= 4728852))

table 5 : explain SELECT SUM(k) FROM sbtest5 WHERE id BETWEEN 5378295 AND 5378304
	Aggregate  (cost=39.80..39.81 rows=1 width=8)
	  ->  Index Scan using sbtest5_pkey on sbtest5  (cost=0.43..39.78 rows=9 width=4)
	        Index Cond: ((id >= 5378295) AND (id <= 5378304))

table 6 : explain SELECT SUM(k) FROM sbtest6 WHERE id BETWEEN 6724233 AND 6724242
	Aggregate  (cost=43.81..43.82 rows=1 width=8)
	  ->  Index Scan using sbtest6_pkey on sbtest6  (cost=0.43..43.79 rows=10 width=4)
	        Index Cond: ((id >= 6724233) AND (id <= 6724242))

table 7 : explain SELECT SUM(k) FROM sbtest7 WHERE id BETWEEN 2167330 AND 2167339
	Aggregate  (cost=39.83..39.84 rows=1 width=8)
	  ->  Index Scan using sbtest7_pkey on sbtest7  (cost=0.43..39.81 rows=9 width=4)
	        Index Cond: ((id >= 2167330) AND (id <= 2167339))

table 8 : explain SELECT SUM(k) FROM sbtest8 WHERE id BETWEEN 2817590 AND 2817599
	Aggregate  (cost=43.80..43.81 rows=1 width=8)
	  ->  Index Scan using sbtest8_pkey on sbtest8  (cost=0.43..43.77 rows=10 width=4)
	        Index Cond: ((id >= 2817590) AND (id <= 2817599))

for: simple_ranges
table 1 : explain SELECT c FROM sbtest1 WHERE id BETWEEN 4346644 AND 4346653
	Index Scan using sbtest1_pkey on sbtest1  (cost=0.43..43.78 rows=10 width=121)
	  Index Cond: ((id >= 4346644) AND (id <= 4346653))

table 2 : explain SELECT c FROM sbtest2 WHERE id BETWEEN 2117110 AND 2117119
	Index Scan using sbtest2_pkey on sbtest2  (cost=0.43..47.67 rows=11 width=121)
	  Index Cond: ((id >= 2117110) AND (id <= 2117119))

table 3 : explain SELECT c FROM sbtest3 WHERE id BETWEEN 8592544 AND 8592553
	Index Scan using sbtest3_pkey on sbtest3  (cost=0.43..39.97 rows=9 width=121)
	  Index Cond: ((id >= 8592544) AND (id <= 8592553))

table 4 : explain SELECT c FROM sbtest4 WHERE id BETWEEN 1375903 AND 1375912
	Index Scan using sbtest4_pkey on sbtest4  (cost=0.43..43.89 rows=10 width=121)
	  Index Cond: ((id >= 1375903) AND (id <= 1375912))

table 5 : explain SELECT c FROM sbtest5 WHERE id BETWEEN 8979943 AND 8979952
	Index Scan using sbtest5_pkey on sbtest5  (cost=0.43..43.70 rows=10 width=121)
	  Index Cond: ((id >= 8979943) AND (id <= 8979952))

table 6 : explain SELECT c FROM sbtest6 WHERE id BETWEEN 2814620 AND 2814629
	Index Scan using sbtest6_pkey on sbtest6  (cost=0.43..43.79 rows=10 width=121)
	  Index Cond: ((id >= 2814620) AND (id <= 2814629))

table 7 : explain SELECT c FROM sbtest7 WHERE id BETWEEN 3425176 AND 3425185
	Index Scan using sbtest7_pkey on sbtest7  (cost=0.43..43.73 rows=10 width=121)
	  Index Cond: ((id >= 3425176) AND (id <= 3425185))

table 8 : explain SELECT c FROM sbtest8 WHERE id BETWEEN 8218151 AND 8218160
	Index Scan using sbtest8_pkey on sbtest8  (cost=0.43..43.77 rows=10 width=121)
	  Index Cond: ((id >= 8218151) AND (id <= 8218160))

for: simple_ranges
table 1 : explain SELECT c FROM sbtest1 WHERE id BETWEEN 1042891 AND 1042900
	Index Scan using sbtest1_pkey on sbtest1  (cost=0.43..47.70 rows=11 width=121)
	  Index Cond: ((id >= 1042891) AND (id <= 1042900))

table 2 : explain SELECT c FROM sbtest2 WHERE id BETWEEN 8551020 AND 8551029
	Index Scan using sbtest2_pkey on sbtest2  (cost=0.43..47.67 rows=11 width=121)
	  Index Cond: ((id >= 8551020) AND (id <= 8551029))

table 3 : explain SELECT c FROM sbtest3 WHERE id BETWEEN 7389136 AND 7389145
	Index Scan using sbtest3_pkey on sbtest3  (cost=0.43..43.91 rows=10 width=121)
	  Index Cond: ((id >= 7389136) AND (id <= 7389145))

table 4 : explain SELECT c FROM sbtest4 WHERE id BETWEEN 6659909 AND 6659918
	Index Scan using sbtest4_pkey on sbtest4  (cost=0.43..39.95 rows=9 width=121)
	  Index Cond: ((id >= 6659909) AND (id <= 6659918))

table 5 : explain SELECT c FROM sbtest5 WHERE id BETWEEN 2666879 AND 2666888
	Index Scan using sbtest5_pkey on sbtest5  (cost=0.43..43.70 rows=10 width=121)
	  Index Cond: ((id >= 2666879) AND (id <= 2666888))

table 6 : explain SELECT c FROM sbtest6 WHERE id BETWEEN 6608457 AND 6608466
	Index Scan using sbtest6_pkey on sbtest6  (cost=0.43..39.86 rows=9 width=121)
	  Index Cond: ((id >= 6608457) AND (id <= 6608466))

table 7 : explain SELECT c FROM sbtest7 WHERE id BETWEEN 9704524 AND 9704533
	Index Scan using sbtest7_pkey on sbtest7  (cost=0.43..43.73 rows=10 width=121)
	  Index Cond: ((id >= 9704524) AND (id <= 9704533))

table 8 : explain SELECT c FROM sbtest8 WHERE id BETWEEN 3482304 AND 3482313
	Index Scan using sbtest8_pkey on sbtest8  (cost=0.43..43.77 rows=10 width=121)
	  Index Cond: ((id >= 3482304) AND (id <= 3482313))

for: sum_ranges
table 1 : explain SELECT SUM(k) FROM sbtest1 WHERE id BETWEEN 843695 AND 843704
	Aggregate  (cost=43.80..43.81 rows=1 width=8)
	  ->  Index Scan using sbtest1_pkey on sbtest1  (cost=0.43..43.78 rows=10 width=4)
	        Index Cond: ((id >= 843695) AND (id <= 843704))

table 2 : explain SELECT SUM(k) FROM sbtest2 WHERE id BETWEEN 2645415 AND 2645424
	Aggregate  (cost=47.70..47.71 rows=1 width=8)
	  ->  Index Scan using sbtest2_pkey on sbtest2  (cost=0.43..47.67 rows=11 width=4)
	        Index Cond: ((id >= 2645415) AND (id <= 2645424))

table 3 : explain SELECT SUM(k) FROM sbtest3 WHERE id BETWEEN 3376246 AND 3376255
	Aggregate  (cost=43.93..43.94 rows=1 width=8)
	  ->  Index Scan using sbtest3_pkey on sbtest3  (cost=0.43..43.91 rows=10 width=4)
	        Index Cond: ((id >= 3376246) AND (id <= 3376255))

table 4 : explain SELECT SUM(k) FROM sbtest4 WHERE id BETWEEN 9559285 AND 9559294
	Aggregate  (cost=43.91..43.92 rows=1 width=8)
	  ->  Index Scan using sbtest4_pkey on sbtest4  (cost=0.43..43.89 rows=10 width=4)
	        Index Cond: ((id >= 9559285) AND (id <= 9559294))

table 5 : explain SELECT SUM(k) FROM sbtest5 WHERE id BETWEEN 9382736 AND 9382745
	Aggregate  (cost=39.80..39.81 rows=1 width=8)
	  ->  Index Scan using sbtest5_pkey on sbtest5  (cost=0.43..39.78 rows=9 width=4)
	        Index Cond: ((id >= 9382736) AND (id <= 9382745))

table 6 : explain SELECT SUM(k) FROM sbtest6 WHERE id BETWEEN 3942365 AND 3942374
	Aggregate  (cost=43.81..43.82 rows=1 width=8)
	  ->  Index Scan using sbtest6_pkey on sbtest6  (cost=0.43..43.79 rows=10 width=4)
	        Index Cond: ((id >= 3942365) AND (id <= 3942374))

table 7 : explain SELECT SUM(k) FROM sbtest7 WHERE id BETWEEN 6467225 AND 6467234
	Aggregate  (cost=43.75..43.76 rows=1 width=8)
	  ->  Index Scan using sbtest7_pkey on sbtest7  (cost=0.43..43.73 rows=10 width=4)
	        Index Cond: ((id >= 6467225) AND (id <= 6467234))

table 8 : explain SELECT SUM(k) FROM sbtest8 WHERE id BETWEEN 4705858 AND 4705867
	Aggregate  (cost=43.80..43.81 rows=1 width=8)
	  ->  Index Scan using sbtest8_pkey on sbtest8  (cost=0.43..43.77 rows=10 width=4)
	        Index Cond: ((id >= 4705858) AND (id <= 4705867))

for: simple_ranges
table 1 : explain SELECT c FROM sbtest1 WHERE id BETWEEN 2294334 AND 2294343
	Index Scan using sbtest1_pkey on sbtest1  (cost=0.43..43.78 rows=10 width=121)
	  Index Cond: ((id >= 2294334) AND (id <= 2294343))

table 2 : explain SELECT c FROM sbtest2 WHERE id BETWEEN 1625759 AND 1625768
	Index Scan using sbtest2_pkey on sbtest2  (cost=0.43..47.67 rows=11 width=121)
	  Index Cond: ((id >= 1625759) AND (id <= 1625768))

table 3 : explain SELECT c FROM sbtest3 WHERE id BETWEEN 8090284 AND 8090293
	Index Scan using sbtest3_pkey on sbtest3  (cost=0.43..43.91 rows=10 width=121)
	  Index Cond: ((id >= 8090284) AND (id <= 8090293))

table 4 : explain SELECT c FROM sbtest4 WHERE id BETWEEN 9264856 AND 9264865
	Index Scan using sbtest4_pkey on sbtest4  (cost=0.43..39.95 rows=9 width=121)
	  Index Cond: ((id >= 9264856) AND (id <= 9264865))

table 5 : explain SELECT c FROM sbtest5 WHERE id BETWEEN 162470 AND 162479
	Index Scan using sbtest5_pkey on sbtest5  (cost=0.43..47.61 rows=11 width=121)
	  Index Cond: ((id >= 162470) AND (id <= 162479))

table 6 : explain SELECT c FROM sbtest6 WHERE id BETWEEN 5078254 AND 5078263
	Index Scan using sbtest6_pkey on sbtest6  (cost=0.43..47.72 rows=11 width=121)
	  Index Cond: ((id >= 5078254) AND (id <= 5078263))

table 7 : explain SELECT c FROM sbtest7 WHERE id BETWEEN 2242704 AND 2242713
	Index Scan using sbtest7_pkey on sbtest7  (cost=0.43..43.73 rows=10 width=121)
	  Index Cond: ((id >= 2242704) AND (id <= 2242713))

table 8 : explain SELECT c FROM sbtest8 WHERE id BETWEEN 9465285 AND 9465294
	Index Scan using sbtest8_pkey on sbtest8  (cost=0.43..43.77 rows=10 width=121)
	  Index Cond: ((id >= 9465285) AND (id <= 9465294))

for: sum_ranges
table 1 : explain SELECT SUM(k) FROM sbtest1 WHERE id BETWEEN 4101540 AND 4101549
	Aggregate  (cost=43.80..43.81 rows=1 width=8)
	  ->  Index Scan using sbtest1_pkey on sbtest1  (cost=0.43..43.78 rows=10 width=4)
	        Index Cond: ((id >= 4101540) AND (id <= 4101549))

table 2 : explain SELECT SUM(k) FROM sbtest2 WHERE id BETWEEN 8911885 AND 8911894
	Aggregate  (cost=43.78..43.79 rows=1 width=8)
	  ->  Index Scan using sbtest2_pkey on sbtest2  (cost=0.43..43.75 rows=10 width=4)
	        Index Cond: ((id >= 8911885) AND (id <= 8911894))

table 3 : explain SELECT SUM(k) FROM sbtest3 WHERE id BETWEEN 7505863 AND 7505872
	Aggregate  (cost=43.93..43.94 rows=1 width=8)
	  ->  Index Scan using sbtest3_pkey on sbtest3  (cost=0.43..43.91 rows=10 width=4)
	        Index Cond: ((id >= 7505863) AND (id <= 7505872))

table 4 : explain SELECT SUM(k) FROM sbtest4 WHERE id BETWEEN 5758129 AND 5758138
	Aggregate  (cost=43.91..43.92 rows=1 width=8)
	  ->  Index Scan using sbtest4_pkey on sbtest4  (cost=0.43..43.89 rows=10 width=4)
	        Index Cond: ((id >= 5758129) AND (id <= 5758138))

table 5 : explain SELECT SUM(k) FROM sbtest5 WHERE id BETWEEN 5545419 AND 5545428
	Aggregate  (cost=43.72..43.73 rows=1 width=8)
	  ->  Index Scan using sbtest5_pkey on sbtest5  (cost=0.43..43.70 rows=10 width=4)
	        Index Cond: ((id >= 5545419) AND (id <= 5545428))

table 6 : explain SELECT SUM(k) FROM sbtest6 WHERE id BETWEEN 3788707 AND 3788716
	Aggregate  (cost=43.81..43.82 rows=1 width=8)
	  ->  Index Scan using sbtest6_pkey on sbtest6  (cost=0.43..43.79 rows=10 width=4)
	        Index Cond: ((id >= 3788707) AND (id <= 3788716))

table 7 : explain SELECT SUM(k) FROM sbtest7 WHERE id BETWEEN 6635090 AND 6635099
	Aggregate  (cost=47.67..47.68 rows=1 width=8)
	  ->  Index Scan using sbtest7_pkey on sbtest7  (cost=0.43..47.65 rows=11 width=4)
	        Index Cond: ((id >= 6635090) AND (id <= 6635099))

table 8 : explain SELECT SUM(k) FROM sbtest8 WHERE id BETWEEN 4079519 AND 4079528
	Aggregate  (cost=43.80..43.81 rows=1 width=8)
	  ->  Index Scan using sbtest8_pkey on sbtest8  (cost=0.43..43.77 rows=10 width=4)
	        Index Cond: ((id >= 4079519) AND (id <= 4079528))

for: sum_ranges
table 1 : explain SELECT SUM(k) FROM sbtest1 WHERE id BETWEEN 9545394 AND 9545403
	Aggregate  (cost=43.80..43.81 rows=1 width=8)
	  ->  Index Scan using sbtest1_pkey on sbtest1  (cost=0.43..43.78 rows=10 width=4)
	        Index Cond: ((id >= 9545394) AND (id <= 9545403))

table 2 : explain SELECT SUM(k) FROM sbtest2 WHERE id BETWEEN 1971083 AND 1971092
	Aggregate  (cost=43.78..43.79 rows=1 width=8)
	  ->  Index Scan using sbtest2_pkey on sbtest2  (cost=0.43..43.75 rows=10 width=4)
	        Index Cond: ((id >= 1971083) AND (id <= 1971092))

table 3 : explain SELECT SUM(k) FROM sbtest3 WHERE id BETWEEN 9037183 AND 9037192
	Aggregate  (cost=39.99..40.00 rows=1 width=8)
	  ->  Index Scan using sbtest3_pkey on sbtest3  (cost=0.43..39.97 rows=9 width=4)
	        Index Cond: ((id >= 9037183) AND (id <= 9037192))

table 4 : explain SELECT SUM(k) FROM sbtest4 WHERE id BETWEEN 1575961 AND 1575970
	Aggregate  (cost=43.91..43.92 rows=1 width=8)
	  ->  Index Scan using sbtest4_pkey on sbtest4  (cost=0.43..43.89 rows=10 width=4)
	        Index Cond: ((id >= 1575961) AND (id <= 1575970))

table 5 : explain SELECT SUM(k) FROM sbtest5 WHERE id BETWEEN 946893 AND 946902
	Aggregate  (cost=47.64..47.65 rows=1 width=8)
	  ->  Index Scan using sbtest5_pkey on sbtest5  (cost=0.43..47.61 rows=11 width=4)
	        Index Cond: ((id >= 946893) AND (id <= 946902))

table 6 : explain SELECT SUM(k) FROM sbtest6 WHERE id BETWEEN 3666088 AND 3666097
	Aggregate  (cost=43.81..43.82 rows=1 width=8)
	  ->  Index Scan using sbtest6_pkey on sbtest6  (cost=0.43..43.79 rows=10 width=4)
	        Index Cond: ((id >= 3666088) AND (id <= 3666097))

table 7 : explain SELECT SUM(k) FROM sbtest7 WHERE id BETWEEN 7724676 AND 7724685
	Aggregate  (cost=43.75..43.76 rows=1 width=8)
	  ->  Index Scan using sbtest7_pkey on sbtest7  (cost=0.43..43.73 rows=10 width=4)
	        Index Cond: ((id >= 7724676) AND (id <= 7724685))

table 8 : explain SELECT SUM(k) FROM sbtest8 WHERE id BETWEEN 7047009 AND 7047018
	Aggregate  (cost=43.80..43.81 rows=1 width=8)
	  ->  Index Scan using sbtest8_pkey on sbtest8  (cost=0.43..43.77 rows=10 width=4)
	        Index Cond: ((id >= 7047009) AND (id <= 7047018))

for: simple_ranges
table 1 : explain SELECT c FROM sbtest1 WHERE id BETWEEN 919905 AND 919914
	Index Scan using sbtest1_pkey on sbtest1  (cost=0.43..47.70 rows=11 width=121)
	  Index Cond: ((id >= 919905) AND (id <= 919914))

table 2 : explain SELECT c FROM sbtest2 WHERE id BETWEEN 9961570 AND 9961579
	Index Scan using sbtest2_pkey on sbtest2  (cost=0.43..43.75 rows=10 width=121)
	  Index Cond: ((id >= 9961570) AND (id <= 9961579))

table 3 : explain SELECT c FROM sbtest3 WHERE id BETWEEN 8624751 AND 8624760
	Index Scan using sbtest3_pkey on sbtest3  (cost=0.43..39.97 rows=9 width=121)
	  Index Cond: ((id >= 8624751) AND (id <= 8624760))

table 4 : explain SELECT c FROM sbtest4 WHERE id BETWEEN 8929435 AND 8929444
	Index Scan using sbtest4_pkey on sbtest4  (cost=0.43..47.83 rows=11 width=121)
	  Index Cond: ((id >= 8929435) AND (id <= 8929444))

table 5 : explain SELECT c FROM sbtest5 WHERE id BETWEEN 2804489 AND 2804498
	Index Scan using sbtest5_pkey on sbtest5  (cost=0.43..43.70 rows=10 width=121)
	  Index Cond: ((id >= 2804489) AND (id <= 2804498))

table 6 : explain SELECT c FROM sbtest6 WHERE id BETWEEN 1043483 AND 1043492
	Index Scan using sbtest6_pkey on sbtest6  (cost=0.43..43.79 rows=10 width=121)
	  Index Cond: ((id >= 1043483) AND (id <= 1043492))

table 7 : explain SELECT c FROM sbtest7 WHERE id BETWEEN 5037672 AND 5037681
	Index Scan using sbtest7_pkey on sbtest7  (cost=0.43..43.73 rows=10 width=121)
	  Index Cond: ((id >= 5037672) AND (id <= 5037681))

table 8 : explain SELECT c FROM sbtest8 WHERE id BETWEEN 7937572 AND 7937581
	Index Scan using sbtest8_pkey on sbtest8  (cost=0.43..43.77 rows=10 width=121)
	  Index Cond: ((id >= 7937572) AND (id <= 7937581))

for: sum_ranges
table 1 : explain SELECT SUM(k) FROM sbtest1 WHERE id BETWEEN 9729361 AND 9729370
	Aggregate  (cost=43.80..43.81 rows=1 width=8)
	  ->  Index Scan using sbtest1_pkey on sbtest1  (cost=0.43..43.78 rows=10 width=4)
	        Index Cond: ((id >= 9729361) AND (id <= 9729370))

table 2 : explain SELECT SUM(k) FROM sbtest2 WHERE id BETWEEN 2660688 AND 2660697
	Aggregate  (cost=47.70..47.71 rows=1 width=8)
	  ->  Index Scan using sbtest2_pkey on sbtest2  (cost=0.43..47.67 rows=11 width=4)
	        Index Cond: ((id >= 2660688) AND (id <= 2660697))

table 3 : explain SELECT SUM(k) FROM sbtest3 WHERE id BETWEEN 7959642 AND 7959651
	Aggregate  (cost=47.87..47.88 rows=1 width=8)
	  ->  Index Scan using sbtest3_pkey on sbtest3  (cost=0.43..47.84 rows=11 width=4)
	        Index Cond: ((id >= 7959642) AND (id <= 7959651))

table 4 : explain SELECT SUM(k) FROM sbtest4 WHERE id BETWEEN 2231088 AND 2231097
	Aggregate  (cost=39.97..39.98 rows=1 width=8)
	  ->  Index Scan using sbtest4_pkey on sbtest4  (cost=0.43..39.95 rows=9 width=4)
	        Index Cond: ((id >= 2231088) AND (id <= 2231097))

table 5 : explain SELECT SUM(k) FROM sbtest5 WHERE id BETWEEN 5470688 AND 5470697
	Aggregate  (cost=39.80..39.81 rows=1 width=8)
	  ->  Index Scan using sbtest5_pkey on sbtest5  (cost=0.43..39.78 rows=9 width=4)
	        Index Cond: ((id >= 5470688) AND (id <= 5470697))

table 6 : explain SELECT SUM(k) FROM sbtest6 WHERE id BETWEEN 878496 AND 878505
	Aggregate  (cost=43.81..43.82 rows=1 width=8)
	  ->  Index Scan using sbtest6_pkey on sbtest6  (cost=0.43..43.79 rows=10 width=4)
	        Index Cond: ((id >= 878496) AND (id <= 878505))

table 7 : explain SELECT SUM(k) FROM sbtest7 WHERE id BETWEEN 260461 AND 260470
	Aggregate  (cost=39.83..39.84 rows=1 width=8)
	  ->  Index Scan using sbtest7_pkey on sbtest7  (cost=0.43..39.81 rows=9 width=4)
	        Index Cond: ((id >= 260461) AND (id <= 260470))

table 8 : explain SELECT SUM(k) FROM sbtest8 WHERE id BETWEEN 4271406 AND 4271415
	Aggregate  (cost=47.73..47.74 rows=1 width=8)
	  ->  Index Scan using sbtest8_pkey on sbtest8  (cost=0.43..47.70 rows=11 width=4)
	        Index Cond: ((id >= 4271406) AND (id <= 4271415))

for: sum_ranges
table 1 : explain SELECT SUM(k) FROM sbtest1 WHERE id BETWEEN 4415384 AND 4415393
	Aggregate  (cost=43.80..43.81 rows=1 width=8)
	  ->  Index Scan using sbtest1_pkey on sbtest1  (cost=0.43..43.78 rows=10 width=4)
	        Index Cond: ((id >= 4415384) AND (id <= 4415393))

table 2 : explain SELECT SUM(k) FROM sbtest2 WHERE id BETWEEN 2253036 AND 2253045
	Aggregate  (cost=43.78..43.79 rows=1 width=8)
	  ->  Index Scan using sbtest2_pkey on sbtest2  (cost=0.43..43.75 rows=10 width=4)
	        Index Cond: ((id >= 2253036) AND (id <= 2253045))

table 3 : explain SELECT SUM(k) FROM sbtest3 WHERE id BETWEEN 4621565 AND 4621574
	Aggregate  (cost=43.93..43.94 rows=1 width=8)
	  ->  Index Scan using sbtest3_pkey on sbtest3  (cost=0.43..43.91 rows=10 width=4)
	        Index Cond: ((id >= 4621565) AND (id <= 4621574))

table 4 : explain SELECT SUM(k) FROM sbtest4 WHERE id BETWEEN 4323332 AND 4323341
	Aggregate  (cost=43.91..43.92 rows=1 width=8)
	  ->  Index Scan using sbtest4_pkey on sbtest4  (cost=0.43..43.89 rows=10 width=4)
	        Index Cond: ((id >= 4323332) AND (id <= 4323341))

table 5 : explain SELECT SUM(k) FROM sbtest5 WHERE id BETWEEN 1014571 AND 1014580
	Aggregate  (cost=47.64..47.65 rows=1 width=8)
	  ->  Index Scan using sbtest5_pkey on sbtest5  (cost=0.43..47.61 rows=11 width=4)
	        Index Cond: ((id >= 1014571) AND (id <= 1014580))

table 6 : explain SELECT SUM(k) FROM sbtest6 WHERE id BETWEEN 6721757 AND 6721766
	Aggregate  (cost=43.81..43.82 rows=1 width=8)
	  ->  Index Scan using sbtest6_pkey on sbtest6  (cost=0.43..43.79 rows=10 width=4)
	        Index Cond: ((id >= 6721757) AND (id <= 6721766))

table 7 : explain SELECT SUM(k) FROM sbtest7 WHERE id BETWEEN 5657769 AND 5657778
	Aggregate  (cost=47.67..47.68 rows=1 width=8)
	  ->  Index Scan using sbtest7_pkey on sbtest7  (cost=0.43..47.65 rows=11 width=4)
	        Index Cond: ((id >= 5657769) AND (id <= 5657778))

table 8 : explain SELECT SUM(k) FROM sbtest8 WHERE id BETWEEN 7856069 AND 7856078
	Aggregate  (cost=43.80..43.81 rows=1 width=8)
	  ->  Index Scan using sbtest8_pkey on sbtest8  (cost=0.43..43.77 rows=10 width=4)
	        Index Cond: ((id >= 7856069) AND (id <= 7856078))

for: sum_ranges
table 1 : explain SELECT SUM(k) FROM sbtest1 WHERE id BETWEEN 4351984 AND 4351993
	Aggregate  (cost=43.80..43.81 rows=1 width=8)
	  ->  Index Scan using sbtest1_pkey on sbtest1  (cost=0.43..43.78 rows=10 width=4)
	        Index Cond: ((id >= 4351984) AND (id <= 4351993))

table 2 : explain SELECT SUM(k) FROM sbtest2 WHERE id BETWEEN 5420109 AND 5420118
	Aggregate  (cost=39.85..39.86 rows=1 width=8)
	  ->  Index Scan using sbtest2_pkey on sbtest2  (cost=0.43..39.83 rows=9 width=4)
	        Index Cond: ((id >= 5420109) AND (id <= 5420118))

table 3 : explain SELECT SUM(k) FROM sbtest3 WHERE id BETWEEN 7791380 AND 7791389
	Aggregate  (cost=43.93..43.94 rows=1 width=8)
	  ->  Index Scan using sbtest3_pkey on sbtest3  (cost=0.43..43.91 rows=10 width=4)
	        Index Cond: ((id >= 7791380) AND (id <= 7791389))

table 4 : explain SELECT SUM(k) FROM sbtest4 WHERE id BETWEEN 7953310 AND 7953319
	Aggregate  (cost=47.85..47.86 rows=1 width=8)
	  ->  Index Scan using sbtest4_pkey on sbtest4  (cost=0.43..47.83 rows=11 width=4)
	        Index Cond: ((id >= 7953310) AND (id <= 7953319))

table 5 : explain SELECT SUM(k) FROM sbtest5 WHERE id BETWEEN 7954998 AND 7955007
	Aggregate  (cost=43.72..43.73 rows=1 width=8)
	  ->  Index Scan using sbtest5_pkey on sbtest5  (cost=0.43..43.70 rows=10 width=4)
	        Index Cond: ((id >= 7954998) AND (id <= 7955007))

table 6 : explain SELECT SUM(k) FROM sbtest6 WHERE id BETWEEN 274117 AND 274126
	Aggregate  (cost=39.89..39.90 rows=1 width=8)
	  ->  Index Scan using sbtest6_pkey on sbtest6  (cost=0.43..39.86 rows=9 width=4)
	        Index Cond: ((id >= 274117) AND (id <= 274126))

table 7 : explain SELECT SUM(k) FROM sbtest7 WHERE id BETWEEN 8449724 AND 8449733
	Aggregate  (cost=39.83..39.84 rows=1 width=8)
	  ->  Index Scan using sbtest7_pkey on sbtest7  (cost=0.43..39.81 rows=9 width=4)
	        Index Cond: ((id >= 8449724) AND (id <= 8449733))

table 8 : explain SELECT SUM(k) FROM sbtest8 WHERE id BETWEEN 3448510 AND 3448519
	Aggregate  (cost=43.80..43.81 rows=1 width=8)
	  ->  Index Scan using sbtest8_pkey on sbtest8  (cost=0.43..43.77 rows=10 width=4)
	        Index Cond: ((id >= 3448510) AND (id <= 3448519))

for: sum_ranges
table 1 : explain SELECT SUM(k) FROM sbtest1 WHERE id BETWEEN 1303358 AND 1303367
	Aggregate  (cost=43.80..43.81 rows=1 width=8)
	  ->  Index Scan using sbtest1_pkey on sbtest1  (cost=0.43..43.78 rows=10 width=4)
	        Index Cond: ((id >= 1303358) AND (id <= 1303367))

table 2 : explain SELECT SUM(k) FROM sbtest2 WHERE id BETWEEN 9859739 AND 9859748
	Aggregate  (cost=43.78..43.79 rows=1 width=8)
	  ->  Index Scan using sbtest2_pkey on sbtest2  (cost=0.43..43.75 rows=10 width=4)
	        Index Cond: ((id >= 9859739) AND (id <= 9859748))

table 3 : explain SELECT SUM(k) FROM sbtest3 WHERE id BETWEEN 5191350 AND 5191359
	Aggregate  (cost=43.93..43.94 rows=1 width=8)
	  ->  Index Scan using sbtest3_pkey on sbtest3  (cost=0.43..43.91 rows=10 width=4)
	        Index Cond: ((id >= 5191350) AND (id <= 5191359))

table 4 : explain SELECT SUM(k) FROM sbtest4 WHERE id BETWEEN 7254909 AND 7254918
	Aggregate  (cost=47.85..47.86 rows=1 width=8)
	  ->  Index Scan using sbtest4_pkey on sbtest4  (cost=0.43..47.83 rows=11 width=4)
	        Index Cond: ((id >= 7254909) AND (id <= 7254918))

table 5 : explain SELECT SUM(k) FROM sbtest5 WHERE id BETWEEN 9799425 AND 9799434
	Aggregate  (cost=43.72..43.73 rows=1 width=8)
	  ->  Index Scan using sbtest5_pkey on sbtest5  (cost=0.43..43.70 rows=10 width=4)
	        Index Cond: ((id >= 9799425) AND (id <= 9799434))

table 6 : explain SELECT SUM(k) FROM sbtest6 WHERE id BETWEEN 9949712 AND 9949721
	Aggregate  (cost=43.81..43.82 rows=1 width=8)
	  ->  Index Scan using sbtest6_pkey on sbtest6  (cost=0.43..43.79 rows=10 width=4)
	        Index Cond: ((id >= 9949712) AND (id <= 9949721))

table 7 : explain SELECT SUM(k) FROM sbtest7 WHERE id BETWEEN 3741686 AND 3741695
	Aggregate  (cost=43.75..43.76 rows=1 width=8)
	  ->  Index Scan using sbtest7_pkey on sbtest7  (cost=0.43..43.73 rows=10 width=4)
	        Index Cond: ((id >= 3741686) AND (id <= 3741695))

table 8 : explain SELECT SUM(k) FROM sbtest8 WHERE id BETWEEN 9554000 AND 9554009
	Aggregate  (cost=43.80..43.81 rows=1 width=8)
	  ->  Index Scan using sbtest8_pkey on sbtest8  (cost=0.43..43.77 rows=10 width=4)
	        Index Cond: ((id >= 9554000) AND (id <= 9554009))

for: simple_ranges
table 1 : explain SELECT c FROM sbtest1 WHERE id BETWEEN 9606569 AND 9606578
	Index Scan using sbtest1_pkey on sbtest1  (cost=0.43..47.70 rows=11 width=121)
	  Index Cond: ((id >= 9606569) AND (id <= 9606578))

table 2 : explain SELECT c FROM sbtest2 WHERE id BETWEEN 2916662 AND 2916671
	Index Scan using sbtest2_pkey on sbtest2  (cost=0.43..39.83 rows=9 width=121)
	  Index Cond: ((id >= 2916662) AND (id <= 2916671))

table 3 : explain SELECT c FROM sbtest3 WHERE id BETWEEN 8447197 AND 8447206
	Index Scan using sbtest3_pkey on sbtest3  (cost=0.43..43.91 rows=10 width=121)
	  Index Cond: ((id >= 8447197) AND (id <= 8447206))

table 4 : explain SELECT c FROM sbtest4 WHERE id BETWEEN 2203717 AND 2203726
	Index Scan using sbtest4_pkey on sbtest4  (cost=0.43..43.89 rows=10 width=121)
	  Index Cond: ((id >= 2203717) AND (id <= 2203726))

table 5 : explain SELECT c FROM sbtest5 WHERE id BETWEEN 5278120 AND 5278129
	Index Scan using sbtest5_pkey on sbtest5  (cost=0.43..47.61 rows=11 width=121)
	  Index Cond: ((id >= 5278120) AND (id <= 5278129))

table 6 : explain SELECT c FROM sbtest6 WHERE id BETWEEN 2638700 AND 2638709
	Index Scan using sbtest6_pkey on sbtest6  (cost=0.43..43.79 rows=10 width=121)
	  Index Cond: ((id >= 2638700) AND (id <= 2638709))

table 7 : explain SELECT c FROM sbtest7 WHERE id BETWEEN 7306517 AND 7306526
	Index Scan using sbtest7_pkey on sbtest7  (cost=0.43..43.73 rows=10 width=121)
	  Index Cond: ((id >= 7306517) AND (id <= 7306526))

table 8 : explain SELECT c FROM sbtest8 WHERE id BETWEEN 9412151 AND 9412160
	Index Scan using sbtest8_pkey on sbtest8  (cost=0.43..43.77 rows=10 width=121)
	  Index Cond: ((id >= 9412151) AND (id <= 9412160))

for: order_ranges
table 1 : explain SELECT c FROM sbtest1 WHERE id BETWEEN 6492729 AND 6492738 ORDER BY c
	Sort  (cost=39.99..40.02 rows=9 width=121)
	  Sort Key: c
	  ->  Index Scan using sbtest1_pkey on sbtest1  (cost=0.43..39.85 rows=9 width=121)
	        Index Cond: ((id >= 6492729) AND (id <= 6492738))

table 2 : explain SELECT c FROM sbtest2 WHERE id BETWEEN 7580761 AND 7580770 ORDER BY c
	Sort  (cost=43.92..43.94 rows=10 width=121)
	  Sort Key: c
	  ->  Index Scan using sbtest2_pkey on sbtest2  (cost=0.43..43.75 rows=10 width=121)
	        Index Cond: ((id >= 7580761) AND (id <= 7580770))

table 3 : explain SELECT c FROM sbtest3 WHERE id BETWEEN 3420890 AND 3420899 ORDER BY c
	Sort  (cost=44.07..44.10 rows=10 width=121)
	  Sort Key: c
	  ->  Index Scan using sbtest3_pkey on sbtest3  (cost=0.43..43.91 rows=10 width=121)
	        Index Cond: ((id >= 3420890) AND (id <= 3420899))

table 4 : explain SELECT c FROM sbtest4 WHERE id BETWEEN 7392855 AND 7392864 ORDER BY c
	Sort  (cost=44.05..44.08 rows=10 width=121)
	  Sort Key: c
	  ->  Index Scan using sbtest4_pkey on sbtest4  (cost=0.43..43.89 rows=10 width=121)
	        Index Cond: ((id >= 7392855) AND (id <= 7392864))

table 5 : explain SELECT c FROM sbtest5 WHERE id BETWEEN 1341177 AND 1341186 ORDER BY c
	Sort  (cost=43.86..43.89 rows=10 width=121)
	  Sort Key: c
	  ->  Index Scan using sbtest5_pkey on sbtest5  (cost=0.43..43.70 rows=10 width=121)
	        Index Cond: ((id >= 1341177) AND (id <= 1341186))

table 6 : explain SELECT c FROM sbtest6 WHERE id BETWEEN 3291358 AND 3291367 ORDER BY c
	Sort  (cost=43.96..43.98 rows=10 width=121)
	  Sort Key: c
	  ->  Index Scan using sbtest6_pkey on sbtest6  (cost=0.43..43.79 rows=10 width=121)
	        Index Cond: ((id >= 3291358) AND (id <= 3291367))

table 7 : explain SELECT c FROM sbtest7 WHERE id BETWEEN 5336278 AND 5336287 ORDER BY c
	Sort  (cost=43.89..43.92 rows=10 width=121)
	  Sort Key: c
	  ->  Index Scan using sbtest7_pkey on sbtest7  (cost=0.43..43.73 rows=10 width=121)
	        Index Cond: ((id >= 5336278) AND (id <= 5336287))

table 8 : explain SELECT c FROM sbtest8 WHERE id BETWEEN 3851812 AND 3851821 ORDER BY c
	Sort  (cost=43.94..43.96 rows=10 width=121)
	  Sort Key: c
	  ->  Index Scan using sbtest8_pkey on sbtest8  (cost=0.43..43.77 rows=10 width=121)
	        Index Cond: ((id >= 3851812) AND (id <= 3851821))

for: sum_ranges
table 1 : explain SELECT SUM(k) FROM sbtest1 WHERE id BETWEEN 5543971 AND 5543980
	Aggregate  (cost=43.80..43.81 rows=1 width=8)
	  ->  Index Scan using sbtest1_pkey on sbtest1  (cost=0.43..43.78 rows=10 width=4)
	        Index Cond: ((id >= 5543971) AND (id <= 5543980))

table 2 : explain SELECT SUM(k) FROM sbtest2 WHERE id BETWEEN 4831923 AND 4831932
	Aggregate  (cost=43.78..43.79 rows=1 width=8)
	  ->  Index Scan using sbtest2_pkey on sbtest2  (cost=0.43..43.75 rows=10 width=4)
	        Index Cond: ((id >= 4831923) AND (id <= 4831932))

table 3 : explain SELECT SUM(k) FROM sbtest3 WHERE id BETWEEN 1127130 AND 1127139
	Aggregate  (cost=43.93..43.94 rows=1 width=8)
	  ->  Index Scan using sbtest3_pkey on sbtest3  (cost=0.43..43.91 rows=10 width=4)
	        Index Cond: ((id >= 1127130) AND (id <= 1127139))

table 4 : explain SELECT SUM(k) FROM sbtest4 WHERE id BETWEEN 4118109 AND 4118118
	Aggregate  (cost=47.85..47.86 rows=1 width=8)
	  ->  Index Scan using sbtest4_pkey on sbtest4  (cost=0.43..47.83 rows=11 width=4)
	        Index Cond: ((id >= 4118109) AND (id <= 4118118))

table 5 : explain SELECT SUM(k) FROM sbtest5 WHERE id BETWEEN 4337895 AND 4337904
	Aggregate  (cost=43.72..43.73 rows=1 width=8)
	  ->  Index Scan using sbtest5_pkey on sbtest5  (cost=0.43..43.70 rows=10 width=4)
	        Index Cond: ((id >= 4337895) AND (id <= 4337904))

table 6 : explain SELECT SUM(k) FROM sbtest6 WHERE id BETWEEN 866952 AND 866961
	Aggregate  (cost=43.81..43.82 rows=1 width=8)
	  ->  Index Scan using sbtest6_pkey on sbtest6  (cost=0.43..43.79 rows=10 width=4)
	        Index Cond: ((id >= 866952) AND (id <= 866961))

table 7 : explain SELECT SUM(k) FROM sbtest7 WHERE id BETWEEN 4627767 AND 4627776
	Aggregate  (cost=47.67..47.68 rows=1 width=8)
	  ->  Index Scan using sbtest7_pkey on sbtest7  (cost=0.43..47.65 rows=11 width=4)
	        Index Cond: ((id >= 4627767) AND (id <= 4627776))

table 8 : explain SELECT SUM(k) FROM sbtest8 WHERE id BETWEEN 1402415 AND 1402424
	Aggregate  (cost=43.80..43.81 rows=1 width=8)
	  ->  Index Scan using sbtest8_pkey on sbtest8  (cost=0.43..43.77 rows=10 width=4)
	        Index Cond: ((id >= 1402415) AND (id <= 1402424))

for: sum_ranges
table 1 : explain SELECT SUM(k) FROM sbtest1 WHERE id BETWEEN 472866 AND 472875
	Aggregate  (cost=43.80..43.81 rows=1 width=8)
	  ->  Index Scan using sbtest1_pkey on sbtest1  (cost=0.43..43.78 rows=10 width=4)
	        Index Cond: ((id >= 472866) AND (id <= 472875))

table 2 : explain SELECT SUM(k) FROM sbtest2 WHERE id BETWEEN 6869173 AND 6869182
	Aggregate  (cost=39.85..39.86 rows=1 width=8)
	  ->  Index Scan using sbtest2_pkey on sbtest2  (cost=0.43..39.83 rows=9 width=4)
	        Index Cond: ((id >= 6869173) AND (id <= 6869182))

table 3 : explain SELECT SUM(k) FROM sbtest3 WHERE id BETWEEN 8013270 AND 8013279
	Aggregate  (cost=43.93..43.94 rows=1 width=8)
	  ->  Index Scan using sbtest3_pkey on sbtest3  (cost=0.43..43.91 rows=10 width=4)
	        Index Cond: ((id >= 8013270) AND (id <= 8013279))

table 4 : explain SELECT SUM(k) FROM sbtest4 WHERE id BETWEEN 1868540 AND 1868549
	Aggregate  (cost=43.91..43.92 rows=1 width=8)
	  ->  Index Scan using sbtest4_pkey on sbtest4  (cost=0.43..43.89 rows=10 width=4)
	        Index Cond: ((id >= 1868540) AND (id <= 1868549))

table 5 : explain SELECT SUM(k) FROM sbtest5 WHERE id BETWEEN 1214513 AND 1214522
	Aggregate  (cost=47.64..47.65 rows=1 width=8)
	  ->  Index Scan using sbtest5_pkey on sbtest5  (cost=0.43..47.61 rows=11 width=4)
	        Index Cond: ((id >= 1214513) AND (id <= 1214522))

table 6 : explain SELECT SUM(k) FROM sbtest6 WHERE id BETWEEN 6722105 AND 6722114
	Aggregate  (cost=43.81..43.82 rows=1 width=8)
	  ->  Index Scan using sbtest6_pkey on sbtest6  (cost=0.43..43.79 rows=10 width=4)
	        Index Cond: ((id >= 6722105) AND (id <= 6722114))

table 7 : explain SELECT SUM(k) FROM sbtest7 WHERE id BETWEEN 2575727 AND 2575736
	Aggregate  (cost=47.67..47.68 rows=1 width=8)
	  ->  Index Scan using sbtest7_pkey on sbtest7  (cost=0.43..47.65 rows=11 width=4)
	        Index Cond: ((id >= 2575727) AND (id <= 2575736))

table 8 : explain SELECT SUM(k) FROM sbtest8 WHERE id BETWEEN 5311758 AND 5311767
	Aggregate  (cost=43.80..43.81 rows=1 width=8)
	  ->  Index Scan using sbtest8_pkey on sbtest8  (cost=0.43..43.77 rows=10 width=4)
	        Index Cond: ((id >= 5311758) AND (id <= 5311767))

for: simple_ranges
table 1 : explain SELECT c FROM sbtest1 WHERE id BETWEEN 2897586 AND 2897595
	Index Scan using sbtest1_pkey on sbtest1  (cost=0.43..43.78 rows=10 width=121)
	  Index Cond: ((id >= 2897586) AND (id <= 2897595))

table 2 : explain SELECT c FROM sbtest2 WHERE id BETWEEN 4210138 AND 4210147
	Index Scan using sbtest2_pkey on sbtest2  (cost=0.43..47.67 rows=11 width=121)
	  Index Cond: ((id >= 4210138) AND (id <= 4210147))

table 3 : explain SELECT c FROM sbtest3 WHERE id BETWEEN 7192832 AND 7192841
	Index Scan using sbtest3_pkey on sbtest3  (cost=0.43..39.97 rows=9 width=121)
	  Index Cond: ((id >= 7192832) AND (id <= 7192841))

table 4 : explain SELECT c FROM sbtest4 WHERE id BETWEEN 2978117 AND 2978126
	Index Scan using sbtest4_pkey on sbtest4  (cost=0.43..43.89 rows=10 width=121)
	  Index Cond: ((id >= 2978117) AND (id <= 2978126))

table 5 : explain SELECT c FROM sbtest5 WHERE id BETWEEN 1719817 AND 1719826
	Index Scan using sbtest5_pkey on sbtest5  (cost=0.43..43.70 rows=10 width=121)
	  Index Cond: ((id >= 1719817) AND (id <= 1719826))

table 6 : explain SELECT c FROM sbtest6 WHERE id BETWEEN 2234821 AND 2234830
	Index Scan using sbtest6_pkey on sbtest6  (cost=0.43..43.79 rows=10 width=121)
	  Index Cond: ((id >= 2234821) AND (id <= 2234830))

table 7 : explain SELECT c FROM sbtest7 WHERE id BETWEEN 4591119 AND 4591128
	Index Scan using sbtest7_pkey on sbtest7  (cost=0.43..47.65 rows=11 width=121)
	  Index Cond: ((id >= 4591119) AND (id <= 4591128))

table 8 : explain SELECT c FROM sbtest8 WHERE id BETWEEN 3019768 AND 3019777
	Index Scan using sbtest8_pkey on sbtest8  (cost=0.43..43.77 rows=10 width=121)
	  Index Cond: ((id >= 3019768) AND (id <= 3019777))

for: sum_ranges
table 1 : explain SELECT SUM(k) FROM sbtest1 WHERE id BETWEEN 5911922 AND 5911931
	Aggregate  (cost=43.80..43.81 rows=1 width=8)
	  ->  Index Scan using sbtest1_pkey on sbtest1  (cost=0.43..43.78 rows=10 width=4)
	        Index Cond: ((id >= 5911922) AND (id <= 5911931))

table 2 : explain SELECT SUM(k) FROM sbtest2 WHERE id BETWEEN 2549215 AND 2549224
	Aggregate  (cost=47.70..47.71 rows=1 width=8)
	  ->  Index Scan using sbtest2_pkey on sbtest2  (cost=0.43..47.67 rows=11 width=4)
	        Index Cond: ((id >= 2549215) AND (id <= 2549224))

table 3 : explain SELECT SUM(k) FROM sbtest3 WHERE id BETWEEN 7049190 AND 7049199
	Aggregate  (cost=43.93..43.94 rows=1 width=8)
	  ->  Index Scan using sbtest3_pkey on sbtest3  (cost=0.43..43.91 rows=10 width=4)
	        Index Cond: ((id >= 7049190) AND (id <= 7049199))

table 4 : explain SELECT SUM(k) FROM sbtest4 WHERE id BETWEEN 5181501 AND 5181510
	Aggregate  (cost=43.91..43.92 rows=1 width=8)
	  ->  Index Scan using sbtest4_pkey on sbtest4  (cost=0.43..43.89 rows=10 width=4)
	        Index Cond: ((id >= 5181501) AND (id <= 5181510))

table 5 : explain SELECT SUM(k) FROM sbtest5 WHERE id BETWEEN 4285234 AND 4285243
	Aggregate  (cost=39.80..39.81 rows=1 width=8)
	  ->  Index Scan using sbtest5_pkey on sbtest5  (cost=0.43..39.78 rows=9 width=4)
	        Index Cond: ((id >= 4285234) AND (id <= 4285243))

table 6 : explain SELECT SUM(k) FROM sbtest6 WHERE id BETWEEN 4454527 AND 4454536
	Aggregate  (cost=47.74..47.75 rows=1 width=8)
	  ->  Index Scan using sbtest6_pkey on sbtest6  (cost=0.43..47.72 rows=11 width=4)
	        Index Cond: ((id >= 4454527) AND (id <= 4454536))

table 7 : explain SELECT SUM(k) FROM sbtest7 WHERE id BETWEEN 8991511 AND 8991520
	Aggregate  (cost=43.75..43.76 rows=1 width=8)
	  ->  Index Scan using sbtest7_pkey on sbtest7  (cost=0.43..43.73 rows=10 width=4)
	        Index Cond: ((id >= 8991511) AND (id <= 8991520))

table 8 : explain SELECT SUM(k) FROM sbtest8 WHERE id BETWEEN 8414647 AND 8414656
	Aggregate  (cost=39.87..39.88 rows=1 width=8)
	  ->  Index Scan using sbtest8_pkey on sbtest8  (cost=0.43..39.85 rows=9 width=4)
	        Index Cond: ((id >= 8414647) AND (id <= 8414656))

for: order_ranges
table 1 : explain SELECT c FROM sbtest1 WHERE id BETWEEN 5431162 AND 5431171 ORDER BY c
	Sort  (cost=47.89..47.92 rows=11 width=121)
	  Sort Key: c
	  ->  Index Scan using sbtest1_pkey on sbtest1  (cost=0.43..47.70 rows=11 width=121)
	        Index Cond: ((id >= 5431162) AND (id <= 5431171))

table 2 : explain SELECT c FROM sbtest2 WHERE id BETWEEN 4823498 AND 4823507 ORDER BY c
	Sort  (cost=43.92..43.94 rows=10 width=121)
	  Sort Key: c
	  ->  Index Scan using sbtest2_pkey on sbtest2  (cost=0.43..43.75 rows=10 width=121)
	        Index Cond: ((id >= 4823498) AND (id <= 4823507))

table 3 : explain SELECT c FROM sbtest3 WHERE id BETWEEN 2705576 AND 2705585 ORDER BY c
	Sort  (cost=48.03..48.06 rows=11 width=121)
	  Sort Key: c
	  ->  Index Scan using sbtest3_pkey on sbtest3  (cost=0.43..47.84 rows=11 width=121)
	        Index Cond: ((id >= 2705576) AND (id <= 2705585))

table 4 : explain SELECT c FROM sbtest4 WHERE id BETWEEN 6618424 AND 6618433 ORDER BY c
	Sort  (cost=40.09..40.12 rows=9 width=121)
	  Sort Key: c
	  ->  Index Scan using sbtest4_pkey on sbtest4  (cost=0.43..39.95 rows=9 width=121)
	        Index Cond: ((id >= 6618424) AND (id <= 6618433))

table 5 : explain SELECT c FROM sbtest5 WHERE id BETWEEN 2640150 AND 2640159 ORDER BY c
	Sort  (cost=43.86..43.89 rows=10 width=121)
	  Sort Key: c
	  ->  Index Scan using sbtest5_pkey on sbtest5  (cost=0.43..43.70 rows=10 width=121)
	        Index Cond: ((id >= 2640150) AND (id <= 2640159))

table 6 : explain SELECT c FROM sbtest6 WHERE id BETWEEN 257047 AND 257056 ORDER BY c
	Sort  (cost=40.01..40.03 rows=9 width=121)
	  Sort Key: c
	  ->  Index Scan using sbtest6_pkey on sbtest6  (cost=0.43..39.86 rows=9 width=121)
	        Index Cond: ((id >= 257047) AND (id <= 257056))

table 7 : explain SELECT c FROM sbtest7 WHERE id BETWEEN 6168772 AND 6168781 ORDER BY c
	Sort  (cost=43.89..43.92 rows=10 width=121)
	  Sort Key: c
	  ->  Index Scan using sbtest7_pkey on sbtest7  (cost=0.43..43.73 rows=10 width=121)
	        Index Cond: ((id >= 6168772) AND (id <= 6168781))

table 8 : explain SELECT c FROM sbtest8 WHERE id BETWEEN 9294512 AND 9294521 ORDER BY c
	Sort  (cost=39.99..40.01 rows=9 width=121)
	  Sort Key: c
	  ->  Index Scan using sbtest8_pkey on sbtest8  (cost=0.43..39.85 rows=9 width=121)
	        Index Cond: ((id >= 9294512) AND (id <= 9294521))

for: sum_ranges
table 1 : explain SELECT SUM(k) FROM sbtest1 WHERE id BETWEEN 4057560 AND 4057569
	Aggregate  (cost=43.80..43.81 rows=1 width=8)
	  ->  Index Scan using sbtest1_pkey on sbtest1  (cost=0.43..43.78 rows=10 width=4)
	        Index Cond: ((id >= 4057560) AND (id <= 4057569))

table 2 : explain SELECT SUM(k) FROM sbtest2 WHERE id BETWEEN 3984251 AND 3984260
	Aggregate  (cost=43.78..43.79 rows=1 width=8)
	  ->  Index Scan using sbtest2_pkey on sbtest2  (cost=0.43..43.75 rows=10 width=4)
	        Index Cond: ((id >= 3984251) AND (id <= 3984260))

table 3 : explain SELECT SUM(k) FROM sbtest3 WHERE id BETWEEN 4844820 AND 4844829
	Aggregate  (cost=43.93..43.94 rows=1 width=8)
	  ->  Index Scan using sbtest3_pkey on sbtest3  (cost=0.43..43.91 rows=10 width=4)
	        Index Cond: ((id >= 4844820) AND (id <= 4844829))

table 4 : explain SELECT SUM(k) FROM sbtest4 WHERE id BETWEEN 7204256 AND 7204265
	Aggregate  (cost=47.85..47.86 rows=1 width=8)
	  ->  Index Scan using sbtest4_pkey on sbtest4  (cost=0.43..47.83 rows=11 width=4)
	        Index Cond: ((id >= 7204256) AND (id <= 7204265))

table 5 : explain SELECT SUM(k) FROM sbtest5 WHERE id BETWEEN 6679105 AND 6679114
	Aggregate  (cost=43.72..43.73 rows=1 width=8)
	  ->  Index Scan using sbtest5_pkey on sbtest5  (cost=0.43..43.70 rows=10 width=4)
	        Index Cond: ((id >= 6679105) AND (id <= 6679114))

table 6 : explain SELECT SUM(k) FROM sbtest6 WHERE id BETWEEN 3289561 AND 3289570
	Aggregate  (cost=43.81..43.82 rows=1 width=8)
	  ->  Index Scan using sbtest6_pkey on sbtest6  (cost=0.43..43.79 rows=10 width=4)
	        Index Cond: ((id >= 3289561) AND (id <= 3289570))

table 7 : explain SELECT SUM(k) FROM sbtest7 WHERE id BETWEEN 4181095 AND 4181104
	Aggregate  (cost=43.75..43.76 rows=1 width=8)
	  ->  Index Scan using sbtest7_pkey on sbtest7  (cost=0.43..43.73 rows=10 width=4)
	        Index Cond: ((id >= 4181095) AND (id <= 4181104))

table 8 : explain SELECT SUM(k) FROM sbtest8 WHERE id BETWEEN 5235232 AND 5235241
	Aggregate  (cost=43.80..43.81 rows=1 width=8)
	  ->  Index Scan using sbtest8_pkey on sbtest8  (cost=0.43..43.77 rows=10 width=4)
	        Index Cond: ((id >= 5235232) AND (id <= 5235241))

for: order_ranges
table 1 : explain SELECT c FROM sbtest1 WHERE id BETWEEN 7246212 AND 7246221 ORDER BY c
	Sort  (cost=39.99..40.02 rows=9 width=121)
	  Sort Key: c
	  ->  Index Scan using sbtest1_pkey on sbtest1  (cost=0.43..39.85 rows=9 width=121)
	        Index Cond: ((id >= 7246212) AND (id <= 7246221))

table 2 : explain SELECT c FROM sbtest2 WHERE id BETWEEN 6411650 AND 6411659 ORDER BY c
	Sort  (cost=43.92..43.94 rows=10 width=121)
	  Sort Key: c
	  ->  Index Scan using sbtest2_pkey on sbtest2  (cost=0.43..43.75 rows=10 width=121)
	        Index Cond: ((id >= 6411650) AND (id <= 6411659))

table 3 : explain SELECT c FROM sbtest3 WHERE id BETWEEN 3260040 AND 3260049 ORDER BY c
	Sort  (cost=44.07..44.10 rows=10 width=121)
	  Sort Key: c
	  ->  Index Scan using sbtest3_pkey on sbtest3  (cost=0.43..43.91 rows=10 width=121)
	        Index Cond: ((id >= 3260040) AND (id <= 3260049))

table 4 : explain SELECT c FROM sbtest4 WHERE id BETWEEN 4578906 AND 4578915 ORDER BY c
	Sort  (cost=44.05..44.08 rows=10 width=121)
	  Sort Key: c
	  ->  Index Scan using sbtest4_pkey on sbtest4  (cost=0.43..43.89 rows=10 width=121)
	        Index Cond: ((id >= 4578906) AND (id <= 4578915))

table 5 : explain SELECT c FROM sbtest5 WHERE id BETWEEN 3073570 AND 3073579 ORDER BY c
	Sort  (cost=39.92..39.94 rows=9 width=121)
	  Sort Key: c
	  ->  Index Scan using sbtest5_pkey on sbtest5  (cost=0.43..39.78 rows=9 width=121)
	        Index Cond: ((id >= 3073570) AND (id <= 3073579))

table 6 : explain SELECT c FROM sbtest6 WHERE id BETWEEN 5967216 AND 5967225 ORDER BY c
	Sort  (cost=47.91..47.93 rows=11 width=121)
	  Sort Key: c
	  ->  Index Scan using sbtest6_pkey on sbtest6  (cost=0.43..47.72 rows=11 width=121)
	        Index Cond: ((id >= 5967216) AND (id <= 5967225))

table 7 : explain SELECT c FROM sbtest7 WHERE id BETWEEN 9725068 AND 9725077 ORDER BY c
	Sort  (cost=43.89..43.92 rows=10 width=121)
	  Sort Key: c
	  ->  Index Scan using sbtest7_pkey on sbtest7  (cost=0.43..43.73 rows=10 width=121)
	        Index Cond: ((id >= 9725068) AND (id <= 9725077))

table 8 : explain SELECT c FROM sbtest8 WHERE id BETWEEN 7418777 AND 7418786 ORDER BY c
	Sort  (cost=43.94..43.96 rows=10 width=121)
	  Sort Key: c
	  ->  Index Scan using sbtest8_pkey on sbtest8  (cost=0.43..43.77 rows=10 width=121)
	        Index Cond: ((id >= 7418777) AND (id <= 7418786))

for: sum_ranges
table 1 : explain SELECT SUM(k) FROM sbtest1 WHERE id BETWEEN 4655391 AND 4655400
	Aggregate  (cost=47.73..47.74 rows=1 width=8)
	  ->  Index Scan using sbtest1_pkey on sbtest1  (cost=0.43..47.70 rows=11 width=4)
	        Index Cond: ((id >= 4655391) AND (id <= 4655400))

table 2 : explain SELECT SUM(k) FROM sbtest2 WHERE id BETWEEN 4405291 AND 4405300
	Aggregate  (cost=43.78..43.79 rows=1 width=8)
	  ->  Index Scan using sbtest2_pkey on sbtest2  (cost=0.43..43.75 rows=10 width=4)
	        Index Cond: ((id >= 4405291) AND (id <= 4405300))

table 3 : explain SELECT SUM(k) FROM sbtest3 WHERE id BETWEEN 6852823 AND 6852832
	Aggregate  (cost=43.93..43.94 rows=1 width=8)
	  ->  Index Scan using sbtest3_pkey on sbtest3  (cost=0.43..43.91 rows=10 width=4)
	        Index Cond: ((id >= 6852823) AND (id <= 6852832))

table 4 : explain SELECT SUM(k) FROM sbtest4 WHERE id BETWEEN 7884575 AND 7884584
	Aggregate  (cost=43.91..43.92 rows=1 width=8)
	  ->  Index Scan using sbtest4_pkey on sbtest4  (cost=0.43..43.89 rows=10 width=4)
	        Index Cond: ((id >= 7884575) AND (id <= 7884584))

table 5 : explain SELECT SUM(k) FROM sbtest5 WHERE id BETWEEN 8417792 AND 8417801
	Aggregate  (cost=43.72..43.73 rows=1 width=8)
	  ->  Index Scan using sbtest5_pkey on sbtest5  (cost=0.43..43.70 rows=10 width=4)
	        Index Cond: ((id >= 8417792) AND (id <= 8417801))

table 6 : explain SELECT SUM(k) FROM sbtest6 WHERE id BETWEEN 3972878 AND 3972887
	Aggregate  (cost=43.81..43.82 rows=1 width=8)
	  ->  Index Scan using sbtest6_pkey on sbtest6  (cost=0.43..43.79 rows=10 width=4)
	        Index Cond: ((id >= 3972878) AND (id <= 3972887))

table 7 : explain SELECT SUM(k) FROM sbtest7 WHERE id BETWEEN 8889423 AND 8889432
	Aggregate  (cost=43.75..43.76 rows=1 width=8)
	  ->  Index Scan using sbtest7_pkey on sbtest7  (cost=0.43..43.73 rows=10 width=4)
	        Index Cond: ((id >= 8889423) AND (id <= 8889432))

table 8 : explain SELECT SUM(k) FROM sbtest8 WHERE id BETWEEN 1975121 AND 1975130
	Aggregate  (cost=43.80..43.81 rows=1 width=8)
	  ->  Index Scan using sbtest8_pkey on sbtest8  (cost=0.43..43.77 rows=10 width=4)
	        Index Cond: ((id >= 1975121) AND (id <= 1975130))

for: order_ranges
table 1 : explain SELECT c FROM sbtest1 WHERE id BETWEEN 3957661 AND 3957670 ORDER BY c
	Sort  (cost=43.94..43.97 rows=10 width=121)
	  Sort Key: c
	  ->  Index Scan using sbtest1_pkey on sbtest1  (cost=0.43..43.78 rows=10 width=121)
	        Index Cond: ((id >= 3957661) AND (id <= 3957670))

table 2 : explain SELECT c FROM sbtest2 WHERE id BETWEEN 1079758 AND 1079767 ORDER BY c
	Sort  (cost=39.97..39.99 rows=9 width=121)
	  Sort Key: c
	  ->  Index Scan using sbtest2_pkey on sbtest2  (cost=0.43..39.83 rows=9 width=121)
	        Index Cond: ((id >= 1079758) AND (id <= 1079767))

table 3 : explain SELECT c FROM sbtest3 WHERE id BETWEEN 6170714 AND 6170723 ORDER BY c
	Sort  (cost=44.07..44.10 rows=10 width=121)
	  Sort Key: c
	  ->  Index Scan using sbtest3_pkey on sbtest3  (cost=0.43..43.91 rows=10 width=121)
	        Index Cond: ((id >= 6170714) AND (id <= 6170723))

table 4 : explain SELECT c FROM sbtest4 WHERE id BETWEEN 4410740 AND 4410749 ORDER BY c
	Sort  (cost=44.05..44.08 rows=10 width=121)
	  Sort Key: c
	  ->  Index Scan using sbtest4_pkey on sbtest4  (cost=0.43..43.89 rows=10 width=121)
	        Index Cond: ((id >= 4410740) AND (id <= 4410749))

table 5 : explain SELECT c FROM sbtest5 WHERE id BETWEEN 5835742 AND 5835751 ORDER BY c
	Sort  (cost=43.86..43.89 rows=10 width=121)
	  Sort Key: c
	  ->  Index Scan using sbtest5_pkey on sbtest5  (cost=0.43..43.70 rows=10 width=121)
	        Index Cond: ((id >= 5835742) AND (id <= 5835751))

table 6 : explain SELECT c FROM sbtest6 WHERE id BETWEEN 6588940 AND 6588949 ORDER BY c
	Sort  (cost=43.96..43.98 rows=10 width=121)
	  Sort Key: c
	  ->  Index Scan using sbtest6_pkey on sbtest6  (cost=0.43..43.79 rows=10 width=121)
	        Index Cond: ((id >= 6588940) AND (id <= 6588949))

table 7 : explain SELECT c FROM sbtest7 WHERE id BETWEEN 7307435 AND 7307444 ORDER BY c
	Sort  (cost=43.89..43.92 rows=10 width=121)
	  Sort Key: c
	  ->  Index Scan using sbtest7_pkey on sbtest7  (cost=0.43..43.73 rows=10 width=121)
	        Index Cond: ((id >= 7307435) AND (id <= 7307444))

table 8 : explain SELECT c FROM sbtest8 WHERE id BETWEEN 6435093 AND 6435102 ORDER BY c
	Sort  (cost=43.94..43.96 rows=10 width=121)
	  Sort Key: c
	  ->  Index Scan using sbtest8_pkey on sbtest8  (cost=0.43..43.77 rows=10 width=121)
	        Index Cond: ((id >= 6435093) AND (id <= 6435102))

for: simple_ranges
table 1 : explain SELECT c FROM sbtest1 WHERE id BETWEEN 727310 AND 727319
	Index Scan using sbtest1_pkey on sbtest1  (cost=0.43..47.70 rows=11 width=121)
	  Index Cond: ((id >= 727310) AND (id <= 727319))

table 2 : explain SELECT c FROM sbtest2 WHERE id BETWEEN 5341930 AND 5341939
	Index Scan using sbtest2_pkey on sbtest2  (cost=0.43..43.75 rows=10 width=121)
	  Index Cond: ((id >= 5341930) AND (id <= 5341939))

table 3 : explain SELECT c FROM sbtest3 WHERE id BETWEEN 2200514 AND 2200523
	Index Scan using sbtest3_pkey on sbtest3  (cost=0.43..39.97 rows=9 width=121)
	  Index Cond: ((id >= 2200514) AND (id <= 2200523))

table 4 : explain SELECT c FROM sbtest4 WHERE id BETWEEN 8662365 AND 8662374
	Index Scan using sbtest4_pkey on sbtest4  (cost=0.43..43.89 rows=10 width=121)
	  Index Cond: ((id >= 8662365) AND (id <= 8662374))

table 5 : explain SELECT c FROM sbtest5 WHERE id BETWEEN 1580337 AND 1580346
	Index Scan using sbtest5_pkey on sbtest5  (cost=0.43..43.70 rows=10 width=121)
	  Index Cond: ((id >= 1580337) AND (id <= 1580346))

table 6 : explain SELECT c FROM sbtest6 WHERE id BETWEEN 4934415 AND 4934424
	Index Scan using sbtest6_pkey on sbtest6  (cost=0.43..39.86 rows=9 width=121)
	  Index Cond: ((id >= 4934415) AND (id <= 4934424))

table 7 : explain SELECT c FROM sbtest7 WHERE id BETWEEN 2014856 AND 2014865
	Index Scan using sbtest7_pkey on sbtest7  (cost=0.43..43.73 rows=10 width=121)
	  Index Cond: ((id >= 2014856) AND (id <= 2014865))

table 8 : explain SELECT c FROM sbtest8 WHERE id BETWEEN 3650310 AND 3650319
	Index Scan using sbtest8_pkey on sbtest8  (cost=0.43..43.77 rows=10 width=121)
	  Index Cond: ((id >= 3650310) AND (id <= 3650319))

for: sum_ranges
table 1 : explain SELECT SUM(k) FROM sbtest1 WHERE id BETWEEN 9764470 AND 9764479
	Aggregate  (cost=43.80..43.81 rows=1 width=8)
	  ->  Index Scan using sbtest1_pkey on sbtest1  (cost=0.43..43.78 rows=10 width=4)
	        Index Cond: ((id >= 9764470) AND (id <= 9764479))

table 2 : explain SELECT SUM(k) FROM sbtest2 WHERE id BETWEEN 2035886 AND 2035895
	Aggregate  (cost=43.78..43.79 rows=1 width=8)
	  ->  Index Scan using sbtest2_pkey on sbtest2  (cost=0.43..43.75 rows=10 width=4)
	        Index Cond: ((id >= 2035886) AND (id <= 2035895))

table 3 : explain SELECT SUM(k) FROM sbtest3 WHERE id BETWEEN 7080429 AND 7080438
	Aggregate  (cost=43.93..43.94 rows=1 width=8)
	  ->  Index Scan using sbtest3_pkey on sbtest3  (cost=0.43..43.91 rows=10 width=4)
	        Index Cond: ((id >= 7080429) AND (id <= 7080438))

table 4 : explain SELECT SUM(k) FROM sbtest4 WHERE id BETWEEN 3500924 AND 3500933
	Aggregate  (cost=43.91..43.92 rows=1 width=8)
	  ->  Index Scan using sbtest4_pkey on sbtest4  (cost=0.43..43.89 rows=10 width=4)
	        Index Cond: ((id >= 3500924) AND (id <= 3500933))

table 5 : explain SELECT SUM(k) FROM sbtest5 WHERE id BETWEEN 9488210 AND 9488219
	Aggregate  (cost=43.72..43.73 rows=1 width=8)
	  ->  Index Scan using sbtest5_pkey on sbtest5  (cost=0.43..43.70 rows=10 width=4)
	        Index Cond: ((id >= 9488210) AND (id <= 9488219))

table 6 : explain SELECT SUM(k) FROM sbtest6 WHERE id BETWEEN 2566979 AND 2566988
	Aggregate  (cost=47.74..47.75 rows=1 width=8)
	  ->  Index Scan using sbtest6_pkey on sbtest6  (cost=0.43..47.72 rows=11 width=4)
	        Index Cond: ((id >= 2566979) AND (id <= 2566988))

table 7 : explain SELECT SUM(k) FROM sbtest7 WHERE id BETWEEN 437842 AND 437851
	Aggregate  (cost=43.75..43.76 rows=1 width=8)
	  ->  Index Scan using sbtest7_pkey on sbtest7  (cost=0.43..43.73 rows=10 width=4)
	        Index Cond: ((id >= 437842) AND (id <= 437851))

table 8 : explain SELECT SUM(k) FROM sbtest8 WHERE id BETWEEN 7973224 AND 7973233
	Aggregate  (cost=43.80..43.81 rows=1 width=8)
	  ->  Index Scan using sbtest8_pkey on sbtest8  (cost=0.43..43.77 rows=10 width=4)
	        Index Cond: ((id >= 7973224) AND (id <= 7973233))

for: order_ranges
table 1 : explain SELECT c FROM sbtest1 WHERE id BETWEEN 677747 AND 677756 ORDER BY c
	Sort  (cost=47.89..47.92 rows=11 width=121)
	  Sort Key: c
	  ->  Index Scan using sbtest1_pkey on sbtest1  (cost=0.43..47.70 rows=11 width=121)
	        Index Cond: ((id >= 677747) AND (id <= 677756))

table 2 : explain SELECT c FROM sbtest2 WHERE id BETWEEN 746931 AND 746940 ORDER BY c
	Sort  (cost=43.92..43.94 rows=10 width=121)
	  Sort Key: c
	  ->  Index Scan using sbtest2_pkey on sbtest2  (cost=0.43..43.75 rows=10 width=121)
	        Index Cond: ((id >= 746931) AND (id <= 746940))

table 3 : explain SELECT c FROM sbtest3 WHERE id BETWEEN 4471267 AND 4471276 ORDER BY c
	Sort  (cost=44.07..44.10 rows=10 width=121)
	  Sort Key: c
	  ->  Index Scan using sbtest3_pkey on sbtest3  (cost=0.43..43.91 rows=10 width=121)
	        Index Cond: ((id >= 4471267) AND (id <= 4471276))

table 4 : explain SELECT c FROM sbtest4 WHERE id BETWEEN 9689543 AND 9689552 ORDER BY c
	Sort  (cost=44.05..44.08 rows=10 width=121)
	  Sort Key: c
	  ->  Index Scan using sbtest4_pkey on sbtest4  (cost=0.43..43.89 rows=10 width=121)
	        Index Cond: ((id >= 9689543) AND (id <= 9689552))

table 5 : explain SELECT c FROM sbtest5 WHERE id BETWEEN 9025908 AND 9025917 ORDER BY c
	Sort  (cost=43.86..43.89 rows=10 width=121)
	  Sort Key: c
	  ->  Index Scan using sbtest5_pkey on sbtest5  (cost=0.43..43.70 rows=10 width=121)
	        Index Cond: ((id >= 9025908) AND (id <= 9025917))

table 6 : explain SELECT c FROM sbtest6 WHERE id BETWEEN 2853040 AND 2853049 ORDER BY c
	Sort  (cost=43.96..43.98 rows=10 width=121)
	  Sort Key: c
	  ->  Index Scan using sbtest6_pkey on sbtest6  (cost=0.43..43.79 rows=10 width=121)
	        Index Cond: ((id >= 2853040) AND (id <= 2853049))

table 7 : explain SELECT c FROM sbtest7 WHERE id BETWEEN 7110799 AND 7110808 ORDER BY c
	Sort  (cost=39.95..39.97 rows=9 width=121)
	  Sort Key: c
	  ->  Index Scan using sbtest7_pkey on sbtest7  (cost=0.43..39.81 rows=9 width=121)
	        Index Cond: ((id >= 7110799) AND (id <= 7110808))

table 8 : explain SELECT c FROM sbtest8 WHERE id BETWEEN 4576467 AND 4576476 ORDER BY c
	Sort  (cost=43.94..43.96 rows=10 width=121)
	  Sort Key: c
	  ->  Index Scan using sbtest8_pkey on sbtest8  (cost=0.43..43.77 rows=10 width=121)
	        Index Cond: ((id >= 4576467) AND (id <= 4576476))

for: order_ranges
table 1 : explain SELECT c FROM sbtest1 WHERE id BETWEEN 7401790 AND 7401799 ORDER BY c
	Sort  (cost=43.94..43.97 rows=10 width=121)
	  Sort Key: c
	  ->  Index Scan using sbtest1_pkey on sbtest1  (cost=0.43..43.78 rows=10 width=121)
	        Index Cond: ((id >= 7401790) AND (id <= 7401799))

table 2 : explain SELECT c FROM sbtest2 WHERE id BETWEEN 4573220 AND 4573229 ORDER BY c
	Sort  (cost=43.92..43.94 rows=10 width=121)
	  Sort Key: c
	  ->  Index Scan using sbtest2_pkey on sbtest2  (cost=0.43..43.75 rows=10 width=121)
	        Index Cond: ((id >= 4573220) AND (id <= 4573229))

table 3 : explain SELECT c FROM sbtest3 WHERE id BETWEEN 3712808 AND 3712817 ORDER BY c
	Sort  (cost=48.03..48.06 rows=11 width=121)
	  Sort Key: c
	  ->  Index Scan using sbtest3_pkey on sbtest3  (cost=0.43..47.84 rows=11 width=121)
	        Index Cond: ((id >= 3712808) AND (id <= 3712817))

table 4 : explain SELECT c FROM sbtest4 WHERE id BETWEEN 9733038 AND 9733047 ORDER BY c
	Sort  (cost=44.05..44.08 rows=10 width=121)
	  Sort Key: c
	  ->  Index Scan using sbtest4_pkey on sbtest4  (cost=0.43..43.89 rows=10 width=121)
	        Index Cond: ((id >= 9733038) AND (id <= 9733047))

table 5 : explain SELECT c FROM sbtest5 WHERE id BETWEEN 4152558 AND 4152567 ORDER BY c
	Sort  (cost=47.80..47.83 rows=11 width=121)
	  Sort Key: c
	  ->  Index Scan using sbtest5_pkey on sbtest5  (cost=0.43..47.61 rows=11 width=121)
	        Index Cond: ((id >= 4152558) AND (id <= 4152567))

table 6 : explain SELECT c FROM sbtest6 WHERE id BETWEEN 7153614 AND 7153623 ORDER BY c
	Sort  (cost=43.96..43.98 rows=10 width=121)
	  Sort Key: c
	  ->  Index Scan using sbtest6_pkey on sbtest6  (cost=0.43..43.79 rows=10 width=121)
	        Index Cond: ((id >= 7153614) AND (id <= 7153623))

table 7 : explain SELECT c FROM sbtest7 WHERE id BETWEEN 9574901 AND 9574910 ORDER BY c
	Sort  (cost=43.89..43.92 rows=10 width=121)
	  Sort Key: c
	  ->  Index Scan using sbtest7_pkey on sbtest7  (cost=0.43..43.73 rows=10 width=121)
	        Index Cond: ((id >= 9574901) AND (id <= 9574910))

table 8 : explain SELECT c FROM sbtest8 WHERE id BETWEEN 3897383 AND 3897392 ORDER BY c
	Sort  (cost=39.99..40.01 rows=9 width=121)
	  Sort Key: c
	  ->  Index Scan using sbtest8_pkey on sbtest8  (cost=0.43..39.85 rows=9 width=121)
	        Index Cond: ((id >= 3897383) AND (id <= 3897392))

for: simple_ranges
table 1 : explain SELECT c FROM sbtest1 WHERE id BETWEEN 6073790 AND 6073799
	Index Scan using sbtest1_pkey on sbtest1  (cost=0.43..43.78 rows=10 width=121)
	  Index Cond: ((id >= 6073790) AND (id <= 6073799))

table 2 : explain SELECT c FROM sbtest2 WHERE id BETWEEN 230734 AND 230743
	Index Scan using sbtest2_pkey on sbtest2  (cost=0.43..43.75 rows=10 width=121)
	  Index Cond: ((id >= 230734) AND (id <= 230743))

table 3 : explain SELECT c FROM sbtest3 WHERE id BETWEEN 7365946 AND 7365955
	Index Scan using sbtest3_pkey on sbtest3  (cost=0.43..43.91 rows=10 width=121)
	  Index Cond: ((id >= 7365946) AND (id <= 7365955))

table 4 : explain SELECT c FROM sbtest4 WHERE id BETWEEN 3679146 AND 3679155
	Index Scan using sbtest4_pkey on sbtest4  (cost=0.43..43.89 rows=10 width=121)
	  Index Cond: ((id >= 3679146) AND (id <= 3679155))

table 5 : explain SELECT c FROM sbtest5 WHERE id BETWEEN 1939221 AND 1939230
	Index Scan using sbtest5_pkey on sbtest5  (cost=0.43..43.70 rows=10 width=121)
	  Index Cond: ((id >= 1939221) AND (id <= 1939230))

table 6 : explain SELECT c FROM sbtest6 WHERE id BETWEEN 530858 AND 530867
	Index Scan using sbtest6_pkey on sbtest6  (cost=0.43..43.79 rows=10 width=121)
	  Index Cond: ((id >= 530858) AND (id <= 530867))

table 7 : explain SELECT c FROM sbtest7 WHERE id BETWEEN 2265549 AND 2265558
	Index Scan using sbtest7_pkey on sbtest7  (cost=0.43..43.73 rows=10 width=121)
	  Index Cond: ((id >= 2265549) AND (id <= 2265558))

table 8 : explain SELECT c FROM sbtest8 WHERE id BETWEEN 563918 AND 563927
	Index Scan using sbtest8_pkey on sbtest8  (cost=0.43..43.77 rows=10 width=121)
	  Index Cond: ((id >= 563918) AND (id <= 563927))

for: order_ranges
table 1 : explain SELECT c FROM sbtest1 WHERE id BETWEEN 1250538 AND 1250547 ORDER BY c
	Sort  (cost=43.94..43.97 rows=10 width=121)
	  Sort Key: c
	  ->  Index Scan using sbtest1_pkey on sbtest1  (cost=0.43..43.78 rows=10 width=121)
	        Index Cond: ((id >= 1250538) AND (id <= 1250547))

table 2 : explain SELECT c FROM sbtest2 WHERE id BETWEEN 9968416 AND 9968425 ORDER BY c
	Sort  (cost=43.92..43.94 rows=10 width=121)
	  Sort Key: c
	  ->  Index Scan using sbtest2_pkey on sbtest2  (cost=0.43..43.75 rows=10 width=121)
	        Index Cond: ((id >= 9968416) AND (id <= 9968425))

table 3 : explain SELECT c FROM sbtest3 WHERE id BETWEEN 8597282 AND 8597291 ORDER BY c
	Sort  (cost=40.11..40.13 rows=9 width=121)
	  Sort Key: c
	  ->  Index Scan using sbtest3_pkey on sbtest3  (cost=0.43..39.97 rows=9 width=121)
	        Index Cond: ((id >= 8597282) AND (id <= 8597291))

table 4 : explain SELECT c FROM sbtest4 WHERE id BETWEEN 5300068 AND 5300077 ORDER BY c
	Sort  (cost=44.05..44.08 rows=10 width=121)
	  Sort Key: c
	  ->  Index Scan using sbtest4_pkey on sbtest4  (cost=0.43..43.89 rows=10 width=121)
	        Index Cond: ((id >= 5300068) AND (id <= 5300077))

table 5 : explain SELECT c FROM sbtest5 WHERE id BETWEEN 6583095 AND 6583104 ORDER BY c
	Sort  (cost=43.86..43.89 rows=10 width=121)
	  Sort Key: c
	  ->  Index Scan using sbtest5_pkey on sbtest5  (cost=0.43..43.70 rows=10 width=121)
	        Index Cond: ((id >= 6583095) AND (id <= 6583104))

table 6 : explain SELECT c FROM sbtest6 WHERE id BETWEEN 345176 AND 345185 ORDER BY c
	Sort  (cost=47.91..47.93 rows=11 width=121)
	  Sort Key: c
	  ->  Index Scan using sbtest6_pkey on sbtest6  (cost=0.43..47.72 rows=11 width=121)
	        Index Cond: ((id >= 345176) AND (id <= 345185))

table 7 : explain SELECT c FROM sbtest7 WHERE id BETWEEN 2193781 AND 2193790 ORDER BY c
	Sort  (cost=39.95..39.97 rows=9 width=121)
	  Sort Key: c
	  ->  Index Scan using sbtest7_pkey on sbtest7  (cost=0.43..39.81 rows=9 width=121)
	        Index Cond: ((id >= 2193781) AND (id <= 2193790))

table 8 : explain SELECT c FROM sbtest8 WHERE id BETWEEN 8648386 AND 8648395 ORDER BY c
	Sort  (cost=43.94..43.96 rows=10 width=121)
	  Sort Key: c
	  ->  Index Scan using sbtest8_pkey on sbtest8  (cost=0.43..43.77 rows=10 width=121)
	        Index Cond: ((id >= 8648386) AND (id <= 8648395))

for: sum_ranges
table 1 : explain SELECT SUM(k) FROM sbtest1 WHERE id BETWEEN 6395674 AND 6395683
	Aggregate  (cost=43.80..43.81 rows=1 width=8)
	  ->  Index Scan using sbtest1_pkey on sbtest1  (cost=0.43..43.78 rows=10 width=4)
	        Index Cond: ((id >= 6395674) AND (id <= 6395683))

table 2 : explain SELECT SUM(k) FROM sbtest2 WHERE id BETWEEN 9361819 AND 9361828
	Aggregate  (cost=43.78..43.79 rows=1 width=8)
	  ->  Index Scan using sbtest2_pkey on sbtest2  (cost=0.43..43.75 rows=10 width=4)
	        Index Cond: ((id >= 9361819) AND (id <= 9361828))

table 3 : explain SELECT SUM(k) FROM sbtest3 WHERE id BETWEEN 6839592 AND 6839601
	Aggregate  (cost=43.93..43.94 rows=1 width=8)
	  ->  Index Scan using sbtest3_pkey on sbtest3  (cost=0.43..43.91 rows=10 width=4)
	        Index Cond: ((id >= 6839592) AND (id <= 6839601))

table 4 : explain SELECT SUM(k) FROM sbtest4 WHERE id BETWEEN 8325376 AND 8325385
	Aggregate  (cost=39.97..39.98 rows=1 width=8)
	  ->  Index Scan using sbtest4_pkey on sbtest4  (cost=0.43..39.95 rows=9 width=4)
	        Index Cond: ((id >= 8325376) AND (id <= 8325385))

table 5 : explain SELECT SUM(k) FROM sbtest5 WHERE id BETWEEN 5537611 AND 5537620
	Aggregate  (cost=43.72..43.73 rows=1 width=8)
	  ->  Index Scan using sbtest5_pkey on sbtest5  (cost=0.43..43.70 rows=10 width=4)
	        Index Cond: ((id >= 5537611) AND (id <= 5537620))

table 6 : explain SELECT SUM(k) FROM sbtest6 WHERE id BETWEEN 517076 AND 517085
	Aggregate  (cost=43.81..43.82 rows=1 width=8)
	  ->  Index Scan using sbtest6_pkey on sbtest6  (cost=0.43..43.79 rows=10 width=4)
	        Index Cond: ((id >= 517076) AND (id <= 517085))

table 7 : explain SELECT SUM(k) FROM sbtest7 WHERE id BETWEEN 3953256 AND 3953265
	Aggregate  (cost=43.75..43.76 rows=1 width=8)
	  ->  Index Scan using sbtest7_pkey on sbtest7  (cost=0.43..43.73 rows=10 width=4)
	        Index Cond: ((id >= 3953256) AND (id <= 3953265))

table 8 : explain SELECT SUM(k) FROM sbtest8 WHERE id BETWEEN 6427912 AND 6427921
	Aggregate  (cost=43.80..43.81 rows=1 width=8)
	  ->  Index Scan using sbtest8_pkey on sbtest8  (cost=0.43..43.77 rows=10 width=4)
	        Index Cond: ((id >= 6427912) AND (id <= 6427921))
for: order_ranges
table 1 : explain SELECT c FROM sbtest1 WHERE id BETWEEN 254923 AND 254932 ORDER BY c
	Sort  (cost=39.99..40.02 rows=9 width=121)
	  Sort Key: c
	  ->  Index Scan using sbtest1_pkey on sbtest1  (cost=0.43..39.85 rows=9 width=121)
	        Index Cond: ((id >= 254923) AND (id <= 254932))

table 2 : explain SELECT c FROM sbtest2 WHERE id BETWEEN 3550413 AND 3550422 ORDER BY c
	Sort  (cost=43.92..43.94 rows=10 width=121)
	  Sort Key: c
	  ->  Index Scan using sbtest2_pkey on sbtest2  (cost=0.43..43.75 rows=10 width=121)
	        Index Cond: ((id >= 3550413) AND (id <= 3550422))

table 3 : explain SELECT c FROM sbtest3 WHERE id BETWEEN 7802843 AND 7802852 ORDER BY c
	Sort  (cost=44.07..44.10 rows=10 width=121)
	  Sort Key: c
	  ->  Index Scan using sbtest3_pkey on sbtest3  (cost=0.43..43.91 rows=10 width=121)
	        Index Cond: ((id >= 7802843) AND (id <= 7802852))

table 4 : explain SELECT c FROM sbtest4 WHERE id BETWEEN 5596310 AND 5596319 ORDER BY c
	Sort  (cost=44.05..44.08 rows=10 width=121)
	  Sort Key: c
	  ->  Index Scan using sbtest4_pkey on sbtest4  (cost=0.43..43.89 rows=10 width=121)
	        Index Cond: ((id >= 5596310) AND (id <= 5596319))

table 5 : explain SELECT c FROM sbtest5 WHERE id BETWEEN 1836131 AND 1836140 ORDER BY c
	Sort  (cost=47.80..47.83 rows=11 width=121)
	  Sort Key: c
	  ->  Index Scan using sbtest5_pkey on sbtest5  (cost=0.43..47.61 rows=11 width=121)
	        Index Cond: ((id >= 1836131) AND (id <= 1836140))

table 6 : explain SELECT c FROM sbtest6 WHERE id BETWEEN 3333517 AND 3333526 ORDER BY c
	Sort  (cost=43.96..43.98 rows=10 width=121)
	  Sort Key: c
	  ->  Index Scan using sbtest6_pkey on sbtest6  (cost=0.43..43.79 rows=10 width=121)
	        Index Cond: ((id >= 3333517) AND (id <= 3333526))

table 7 : explain SELECT c FROM sbtest7 WHERE id BETWEEN 3774376 AND 3774385 ORDER BY c
	Sort  (cost=43.89..43.92 rows=10 width=121)
	  Sort Key: c
	  ->  Index Scan using sbtest7_pkey on sbtest7  (cost=0.43..43.73 rows=10 width=121)
	        Index Cond: ((id >= 3774376) AND (id <= 3774385))

table 8 : explain SELECT c FROM sbtest8 WHERE id BETWEEN 2770068 AND 2770077 ORDER BY c
	Sort  (cost=43.94..43.96 rows=10 width=121)
	  Sort Key: c
	  ->  Index Scan using sbtest8_pkey on sbtest8  (cost=0.43..43.77 rows=10 width=121)
	        Index Cond: ((id >= 2770068) AND (id <= 2770077))


for: simple_ranges
table 1 : explain SELECT c FROM sbtest1 WHERE id BETWEEN 7930268 AND 7930277
	Index Scan using sbtest1_pkey on sbtest1  (cost=0.43..47.70 rows=11 width=121)
	  Index Cond: ((id >= 7930268) AND (id <= 7930277))

table 2 : explain SELECT c FROM sbtest2 WHERE id BETWEEN 4085178 AND 4085187
	Index Scan using sbtest2_pkey on sbtest2  (cost=0.43..39.83 rows=9 width=121)
	  Index Cond: ((id >= 4085178) AND (id <= 4085187))

table 3 : explain SELECT c FROM sbtest3 WHERE id BETWEEN 622280 AND 622289
	Index Scan using sbtest3_pkey on sbtest3  (cost=0.43..43.91 rows=10 width=121)
	  Index Cond: ((id >= 622280) AND (id <= 622289))

table 4 : explain SELECT c FROM sbtest4 WHERE id BETWEEN 3460107 AND 3460116
	Index Scan using sbtest4_pkey on sbtest4  (cost=0.43..43.89 rows=10 width=121)
	  Index Cond: ((id >= 3460107) AND (id <= 3460116))

table 5 : explain SELECT c FROM sbtest5 WHERE id BETWEEN 6997691 AND 6997700
	Index Scan using sbtest5_pkey on sbtest5  (cost=0.43..43.70 rows=10 width=121)
	  Index Cond: ((id >= 6997691) AND (id <= 6997700))

table 6 : explain SELECT c FROM sbtest6 WHERE id BETWEEN 1312319 AND 1312328
	Index Scan using sbtest6_pkey on sbtest6  (cost=0.43..39.86 rows=9 width=121)
	  Index Cond: ((id >= 1312319) AND (id <= 1312328))

table 7 : explain SELECT c FROM sbtest7 WHERE id BETWEEN 973329 AND 973338
	Index Scan using sbtest7_pkey on sbtest7  (cost=0.43..43.73 rows=10 width=121)
	  Index Cond: ((id >= 973329) AND (id <= 973338))

table 8 : explain SELECT c FROM sbtest8 WHERE id BETWEEN 7764964 AND 7764973
	Index Scan using sbtest8_pkey on sbtest8  (cost=0.43..47.70 rows=11 width=121)
	  Index Cond: ((id >= 7764964) AND (id <= 7764973))

for: order_ranges
table 1 : explain SELECT c FROM sbtest1 WHERE id BETWEEN 7469359 AND 7469368 ORDER BY c
	Sort  (cost=43.94..43.97 rows=10 width=121)
	  Sort Key: c
	  ->  Index Scan using sbtest1_pkey on sbtest1  (cost=0.43..43.78 rows=10 width=121)
	        Index Cond: ((id >= 7469359) AND (id <= 7469368))

table 2 : explain SELECT c FROM sbtest2 WHERE id BETWEEN 9727778 AND 9727787 ORDER BY c
	Sort  (cost=47.86..47.89 rows=11 width=121)
	  Sort Key: c
	  ->  Index Scan using sbtest2_pkey on sbtest2  (cost=0.43..47.67 rows=11 width=121)
	        Index Cond: ((id >= 9727778) AND (id <= 9727787))

table 3 : explain SELECT c FROM sbtest3 WHERE id BETWEEN 6444090 AND 6444099 ORDER BY c
	Sort  (cost=44.07..44.10 rows=10 width=121)
	  Sort Key: c
	  ->  Index Scan using sbtest3_pkey on sbtest3  (cost=0.43..43.91 rows=10 width=121)
	        Index Cond: ((id >= 6444090) AND (id <= 6444099))

table 4 : explain SELECT c FROM sbtest4 WHERE id BETWEEN 512252 AND 512261 ORDER BY c
	Sort  (cost=40.09..40.12 rows=9 width=121)
	  Sort Key: c
	  ->  Index Scan using sbtest4_pkey on sbtest4  (cost=0.43..39.95 rows=9 width=121)
	        Index Cond: ((id >= 512252) AND (id <= 512261))

table 5 : explain SELECT c FROM sbtest5 WHERE id BETWEEN 3721748 AND 3721757 ORDER BY c
	Sort  (cost=43.86..43.89 rows=10 width=121)
	  Sort Key: c
	  ->  Index Scan using sbtest5_pkey on sbtest5  (cost=0.43..43.70 rows=10 width=121)
	        Index Cond: ((id >= 3721748) AND (id <= 3721757))

table 6 : explain SELECT c FROM sbtest6 WHERE id BETWEEN 7673920 AND 7673929 ORDER BY c
	Sort  (cost=43.96..43.98 rows=10 width=121)
	  Sort Key: c
	  ->  Index Scan using sbtest6_pkey on sbtest6  (cost=0.43..43.79 rows=10 width=121)
	        Index Cond: ((id >= 7673920) AND (id <= 7673929))

table 7 : explain SELECT c FROM sbtest7 WHERE id BETWEEN 7513129 AND 7513138 ORDER BY c
	Sort  (cost=43.89..43.92 rows=10 width=121)
	  Sort Key: c
	  ->  Index Scan using sbtest7_pkey on sbtest7  (cost=0.43..43.73 rows=10 width=121)
	        Index Cond: ((id >= 7513129) AND (id <= 7513138))

table 8 : explain SELECT c FROM sbtest8 WHERE id BETWEEN 6908432 AND 6908441 ORDER BY c
	Sort  (cost=39.99..40.01 rows=9 width=121)
	  Sort Key: c
	  ->  Index Scan using sbtest8_pkey on sbtest8  (cost=0.43..39.85 rows=9 width=121)
	        Index Cond: ((id >= 6908432) AND (id <= 6908441))

for: sum_ranges
table 1 : explain SELECT SUM(k) FROM sbtest1 WHERE id BETWEEN 6332024 AND 6332033
	Aggregate  (cost=43.80..43.81 rows=1 width=8)
	  ->  Index Scan using sbtest1_pkey on sbtest1  (cost=0.43..43.78 rows=10 width=4)
	        Index Cond: ((id >= 6332024) AND (id <= 6332033))

table 2 : explain SELECT SUM(k) FROM sbtest2 WHERE id BETWEEN 9408386 AND 9408395
	Aggregate  (cost=39.85..39.86 rows=1 width=8)
	  ->  Index Scan using sbtest2_pkey on sbtest2  (cost=0.43..39.83 rows=9 width=4)
	        Index Cond: ((id >= 9408386) AND (id <= 9408395))

table 3 : explain SELECT SUM(k) FROM sbtest3 WHERE id BETWEEN 2216117 AND 2216126
	Aggregate  (cost=43.93..43.94 rows=1 width=8)
	  ->  Index Scan using sbtest3_pkey on sbtest3  (cost=0.43..43.91 rows=10 width=4)
	        Index Cond: ((id >= 2216117) AND (id <= 2216126))

table 4 : explain SELECT SUM(k) FROM sbtest4 WHERE id BETWEEN 3629656 AND 3629665
	Aggregate  (cost=43.91..43.92 rows=1 width=8)
	  ->  Index Scan using sbtest4_pkey on sbtest4  (cost=0.43..43.89 rows=10 width=4)
	        Index Cond: ((id >= 3629656) AND (id <= 3629665))

table 5 : explain SELECT SUM(k) FROM sbtest5 WHERE id BETWEEN 1529435 AND 1529444
	Aggregate  (cost=43.72..43.73 rows=1 width=8)
	  ->  Index Scan using sbtest5_pkey on sbtest5  (cost=0.43..43.70 rows=10 width=4)
	        Index Cond: ((id >= 1529435) AND (id <= 1529444))

table 6 : explain SELECT SUM(k) FROM sbtest6 WHERE id BETWEEN 9816275 AND 9816284
	Aggregate  (cost=43.81..43.82 rows=1 width=8)
	  ->  Index Scan using sbtest6_pkey on sbtest6  (cost=0.43..43.79 rows=10 width=4)
	        Index Cond: ((id >= 9816275) AND (id <= 9816284))

table 7 : explain SELECT SUM(k) FROM sbtest7 WHERE id BETWEEN 8982892 AND 8982901
	Aggregate  (cost=43.75..43.76 rows=1 width=8)
	  ->  Index Scan using sbtest7_pkey on sbtest7  (cost=0.43..43.73 rows=10 width=4)
	        Index Cond: ((id >= 8982892) AND (id <= 8982901))

table 8 : explain SELECT SUM(k) FROM sbtest8 WHERE id BETWEEN 4858684 AND 4858693
	Aggregate  (cost=43.80..43.81 rows=1 width=8)
	  ->  Index Scan using sbtest8_pkey on sbtest8  (cost=0.43..43.77 rows=10 width=4)
	        Index Cond: ((id >= 4858684) AND (id <= 4858693))

for: order_ranges
table 1 : explain SELECT c FROM sbtest1 WHERE id BETWEEN 1069770 AND 1069779 ORDER BY c
	Sort  (cost=47.89..47.92 rows=11 width=121)
	  Sort Key: c
	  ->  Index Scan using sbtest1_pkey on sbtest1  (cost=0.43..47.70 rows=11 width=121)
	        Index Cond: ((id >= 1069770) AND (id <= 1069779))

table 2 : explain SELECT c FROM sbtest2 WHERE id BETWEEN 6134542 AND 6134551 ORDER BY c
	Sort  (cost=43.92..43.94 rows=10 width=121)
	  Sort Key: c
	  ->  Index Scan using sbtest2_pkey on sbtest2  (cost=0.43..43.75 rows=10 width=121)
	        Index Cond: ((id >= 6134542) AND (id <= 6134551))

table 3 : explain SELECT c FROM sbtest3 WHERE id BETWEEN 4868211 AND 4868220 ORDER BY c
	Sort  (cost=44.07..44.10 rows=10 width=121)
	  Sort Key: c
	  ->  Index Scan using sbtest3_pkey on sbtest3  (cost=0.43..43.91 rows=10 width=121)
	        Index Cond: ((id >= 4868211) AND (id <= 4868220))

table 4 : explain SELECT c FROM sbtest4 WHERE id BETWEEN 522925 AND 522934 ORDER BY c
	Sort  (cost=40.09..40.12 rows=9 width=121)
	  Sort Key: c
	  ->  Index Scan using sbtest4_pkey on sbtest4  (cost=0.43..39.95 rows=9 width=121)
	        Index Cond: ((id >= 522925) AND (id <= 522934))

table 5 : explain SELECT c FROM sbtest5 WHERE id BETWEEN 6976894 AND 6976903 ORDER BY c
	Sort  (cost=43.86..43.89 rows=10 width=121)
	  Sort Key: c
	  ->  Index Scan using sbtest5_pkey on sbtest5  (cost=0.43..43.70 rows=10 width=121)
	        Index Cond: ((id >= 6976894) AND (id <= 6976903))

table 6 : explain SELECT c FROM sbtest6 WHERE id BETWEEN 6670433 AND 6670442 ORDER BY c
	Sort  (cost=40.01..40.03 rows=9 width=121)
	  Sort Key: c
	  ->  Index Scan using sbtest6_pkey on sbtest6  (cost=0.43..39.86 rows=9 width=121)
	        Index Cond: ((id >= 6670433) AND (id <= 6670442))

table 7 : explain SELECT c FROM sbtest7 WHERE id BETWEEN 3222007 AND 3222016 ORDER BY c
	Sort  (cost=47.84..47.86 rows=11 width=121)
	  Sort Key: c
	  ->  Index Scan using sbtest7_pkey on sbtest7  (cost=0.43..47.65 rows=11 width=121)
	        Index Cond: ((id >= 3222007) AND (id <= 3222016))

table 8 : explain SELECT c FROM sbtest8 WHERE id BETWEEN 2167077 AND 2167086 ORDER BY c
	Sort  (cost=47.89..47.92 rows=11 width=121)
	  Sort Key: c
	  ->  Index Scan using sbtest8_pkey on sbtest8  (cost=0.43..47.70 rows=11 width=121)
	        Index Cond: ((id >= 2167077) AND (id <= 2167086))

for: sum_ranges
table 1 : explain SELECT SUM(k) FROM sbtest1 WHERE id BETWEEN 1818612 AND 1818621
	Aggregate  (cost=43.80..43.81 rows=1 width=8)
	  ->  Index Scan using sbtest1_pkey on sbtest1  (cost=0.43..43.78 rows=10 width=4)
	        Index Cond: ((id >= 1818612) AND (id <= 1818621))

table 2 : explain SELECT SUM(k) FROM sbtest2 WHERE id BETWEEN 8302394 AND 8302403
	Aggregate  (cost=47.70..47.71 rows=1 width=8)
	  ->  Index Scan using sbtest2_pkey on sbtest2  (cost=0.43..47.67 rows=11 width=4)
	        Index Cond: ((id >= 8302394) AND (id <= 8302403))

table 3 : explain SELECT SUM(k) FROM sbtest3 WHERE id BETWEEN 8464542 AND 8464551
	Aggregate  (cost=43.93..43.94 rows=1 width=8)
	  ->  Index Scan using sbtest3_pkey on sbtest3  (cost=0.43..43.91 rows=10 width=4)
	        Index Cond: ((id >= 8464542) AND (id <= 8464551))

table 4 : explain SELECT SUM(k) FROM sbtest4 WHERE id BETWEEN 4945281 AND 4945290
	Aggregate  (cost=39.97..39.98 rows=1 width=8)
	  ->  Index Scan using sbtest4_pkey on sbtest4  (cost=0.43..39.95 rows=9 width=4)
	        Index Cond: ((id >= 4945281) AND (id <= 4945290))

table 5 : explain SELECT SUM(k) FROM sbtest5 WHERE id BETWEEN 2834413 AND 2834422
	Aggregate  (cost=47.64..47.65 rows=1 width=8)
	  ->  Index Scan using sbtest5_pkey on sbtest5  (cost=0.43..47.61 rows=11 width=4)
	        Index Cond: ((id >= 2834413) AND (id <= 2834422))

table 6 : explain SELECT SUM(k) FROM sbtest6 WHERE id BETWEEN 8166803 AND 8166812
	Aggregate  (cost=47.74..47.75 rows=1 width=8)
	  ->  Index Scan using sbtest6_pkey on sbtest6  (cost=0.43..47.72 rows=11 width=4)
	        Index Cond: ((id >= 8166803) AND (id <= 8166812))

table 7 : explain SELECT SUM(k) FROM sbtest7 WHERE id BETWEEN 5589235 AND 5589244
	Aggregate  (cost=47.67..47.68 rows=1 width=8)
	  ->  Index Scan using sbtest7_pkey on sbtest7  (cost=0.43..47.65 rows=11 width=4)
	        Index Cond: ((id >= 5589235) AND (id <= 5589244))

table 8 : explain SELECT SUM(k) FROM sbtest8 WHERE id BETWEEN 1119172 AND 1119181
	Aggregate  (cost=43.80..43.81 rows=1 width=8)
	  ->  Index Scan using sbtest8_pkey on sbtest8  (cost=0.43..43.77 rows=10 width=4)
	        Index Cond: ((id >= 1119172) AND (id <= 1119181))

for: order_ranges
table 1 : explain SELECT c FROM sbtest1 WHERE id BETWEEN 5267487 AND 5267496 ORDER BY c
	Sort  (cost=43.94..43.97 rows=10 width=121)
	  Sort Key: c
	  ->  Index Scan using sbtest1_pkey on sbtest1  (cost=0.43..43.78 rows=10 width=121)
	        Index Cond: ((id >= 5267487) AND (id <= 5267496))

table 2 : explain SELECT c FROM sbtest2 WHERE id BETWEEN 9784734 AND 9784743 ORDER BY c
	Sort  (cost=47.86..47.89 rows=11 width=121)
	  Sort Key: c
	  ->  Index Scan using sbtest2_pkey on sbtest2  (cost=0.43..47.67 rows=11 width=121)
	        Index Cond: ((id >= 9784734) AND (id <= 9784743))

table 3 : explain SELECT c FROM sbtest3 WHERE id BETWEEN 4136211 AND 4136220 ORDER BY c
	Sort  (cost=44.07..44.10 rows=10 width=121)
	  Sort Key: c
	  ->  Index Scan using sbtest3_pkey on sbtest3  (cost=0.43..43.91 rows=10 width=121)
	        Index Cond: ((id >= 4136211) AND (id <= 4136220))

table 4 : explain SELECT c FROM sbtest4 WHERE id BETWEEN 6904199 AND 6904208 ORDER BY c
	Sort  (cost=44.05..44.08 rows=10 width=121)
	  Sort Key: c
	  ->  Index Scan using sbtest4_pkey on sbtest4  (cost=0.43..43.89 rows=10 width=121)
	        Index Cond: ((id >= 6904199) AND (id <= 6904208))

table 5 : explain SELECT c FROM sbtest5 WHERE id BETWEEN 6023172 AND 6023181 ORDER BY c
	Sort  (cost=47.80..47.83 rows=11 width=121)
	  Sort Key: c
	  ->  Index Scan using sbtest5_pkey on sbtest5  (cost=0.43..47.61 rows=11 width=121)
	        Index Cond: ((id >= 6023172) AND (id <= 6023181))

table 6 : explain SELECT c FROM sbtest6 WHERE id BETWEEN 1472200 AND 1472209 ORDER BY c
	Sort  (cost=47.91..47.93 rows=11 width=121)
	  Sort Key: c
	  ->  Index Scan using sbtest6_pkey on sbtest6  (cost=0.43..47.72 rows=11 width=121)
	        Index Cond: ((id >= 1472200) AND (id <= 1472209))

table 7 : explain SELECT c FROM sbtest7 WHERE id BETWEEN 8326293 AND 8326302 ORDER BY c
	Sort  (cost=39.95..39.97 rows=9 width=121)
	  Sort Key: c
	  ->  Index Scan using sbtest7_pkey on sbtest7  (cost=0.43..39.81 rows=9 width=121)
	        Index Cond: ((id >= 8326293) AND (id <= 8326302))

table 8 : explain SELECT c FROM sbtest8 WHERE id BETWEEN 9805762 AND 9805771 ORDER BY c
	Sort  (cost=43.94..43.96 rows=10 width=121)
	  Sort Key: c
	  ->  Index Scan using sbtest8_pkey on sbtest8  (cost=0.43..43.77 rows=10 width=121)
	        Index Cond: ((id >= 9805762) AND (id <= 9805771))

for: sum_ranges
table 1 : explain SELECT SUM(k) FROM sbtest1 WHERE id BETWEEN 7299354 AND 7299363
	Aggregate  (cost=47.73..47.74 rows=1 width=8)
	  ->  Index Scan using sbtest1_pkey on sbtest1  (cost=0.43..47.70 rows=11 width=4)
	        Index Cond: ((id >= 7299354) AND (id <= 7299363))

table 2 : explain SELECT SUM(k) FROM sbtest2 WHERE id BETWEEN 8288694 AND 8288703
	Aggregate  (cost=47.70..47.71 rows=1 width=8)
	  ->  Index Scan using sbtest2_pkey on sbtest2  (cost=0.43..47.67 rows=11 width=4)
	        Index Cond: ((id >= 8288694) AND (id <= 8288703))

table 3 : explain SELECT SUM(k) FROM sbtest3 WHERE id BETWEEN 673259 AND 673268
	Aggregate  (cost=43.93..43.94 rows=1 width=8)
	  ->  Index Scan using sbtest3_pkey on sbtest3  (cost=0.43..43.91 rows=10 width=4)
	        Index Cond: ((id >= 673259) AND (id <= 673268))

table 4 : explain SELECT SUM(k) FROM sbtest4 WHERE id BETWEEN 2721005 AND 2721014
	Aggregate  (cost=39.97..39.98 rows=1 width=8)
	  ->  Index Scan using sbtest4_pkey on sbtest4  (cost=0.43..39.95 rows=9 width=4)
	        Index Cond: ((id >= 2721005) AND (id <= 2721014))

table 5 : explain SELECT SUM(k) FROM sbtest5 WHERE id BETWEEN 9034552 AND 9034561
	Aggregate  (cost=43.72..43.73 rows=1 width=8)
	  ->  Index Scan using sbtest5_pkey on sbtest5  (cost=0.43..43.70 rows=10 width=4)
	        Index Cond: ((id >= 9034552) AND (id <= 9034561))

table 6 : explain SELECT SUM(k) FROM sbtest6 WHERE id BETWEEN 9639988 AND 9639997
	Aggregate  (cost=43.81..43.82 rows=1 width=8)
	  ->  Index Scan using sbtest6_pkey on sbtest6  (cost=0.43..43.79 rows=10 width=4)
	        Index Cond: ((id >= 9639988) AND (id <= 9639997))

table 7 : explain SELECT SUM(k) FROM sbtest7 WHERE id BETWEEN 3287148 AND 3287157
	Aggregate  (cost=47.67..47.68 rows=1 width=8)
	  ->  Index Scan using sbtest7_pkey on sbtest7  (cost=0.43..47.65 rows=11 width=4)
	        Index Cond: ((id >= 3287148) AND (id <= 3287157))

table 8 : explain SELECT SUM(k) FROM sbtest8 WHERE id BETWEEN 658655 AND 658664
	Aggregate  (cost=39.87..39.88 rows=1 width=8)
	  ->  Index Scan using sbtest8_pkey on sbtest8  (cost=0.43..39.85 rows=9 width=4)
	        Index Cond: ((id >= 658655) AND (id <= 658664))

for: order_ranges
table 1 : explain SELECT c FROM sbtest1 WHERE id BETWEEN 8518029 AND 8518038 ORDER BY c
	Sort  (cost=39.99..40.02 rows=9 width=121)
	  Sort Key: c
	  ->  Index Scan using sbtest1_pkey on sbtest1  (cost=0.43..39.85 rows=9 width=121)
	        Index Cond: ((id >= 8518029) AND (id <= 8518038))

table 2 : explain SELECT c FROM sbtest2 WHERE id BETWEEN 5607006 AND 5607015 ORDER BY c
	Sort  (cost=43.92..43.94 rows=10 width=121)
	  Sort Key: c
	  ->  Index Scan using sbtest2_pkey on sbtest2  (cost=0.43..43.75 rows=10 width=121)
	        Index Cond: ((id >= 5607006) AND (id <= 5607015))

table 3 : explain SELECT c FROM sbtest3 WHERE id BETWEEN 5512613 AND 5512622 ORDER BY c
	Sort  (cost=44.07..44.10 rows=10 width=121)
	  Sort Key: c
	  ->  Index Scan using sbtest3_pkey on sbtest3  (cost=0.43..43.91 rows=10 width=121)
	        Index Cond: ((id >= 5512613) AND (id <= 5512622))

table 4 : explain SELECT c FROM sbtest4 WHERE id BETWEEN 3830437 AND 3830446 ORDER BY c
	Sort  (cost=44.05..44.08 rows=10 width=121)
	  Sort Key: c
	  ->  Index Scan using sbtest4_pkey on sbtest4  (cost=0.43..43.89 rows=10 width=121)
	        Index Cond: ((id >= 3830437) AND (id <= 3830446))

table 5 : explain SELECT c FROM sbtest5 WHERE id BETWEEN 9849253 AND 9849262 ORDER BY c
	Sort  (cost=43.86..43.89 rows=10 width=121)
	  Sort Key: c
	  ->  Index Scan using sbtest5_pkey on sbtest5  (cost=0.43..43.70 rows=10 width=121)
	        Index Cond: ((id >= 9849253) AND (id <= 9849262))

table 6 : explain SELECT c FROM sbtest6 WHERE id BETWEEN 4588096 AND 4588105 ORDER BY c
	Sort  (cost=43.96..43.98 rows=10 width=121)
	  Sort Key: c
	  ->  Index Scan using sbtest6_pkey on sbtest6  (cost=0.43..43.79 rows=10 width=121)
	        Index Cond: ((id >= 4588096) AND (id <= 4588105))

table 7 : explain SELECT c FROM sbtest7 WHERE id BETWEEN 4011525 AND 4011534 ORDER BY c
	Sort  (cost=43.89..43.92 rows=10 width=121)
	  Sort Key: c
	  ->  Index Scan using sbtest7_pkey on sbtest7  (cost=0.43..43.73 rows=10 width=121)
	        Index Cond: ((id >= 4011525) AND (id <= 4011534))

table 8 : explain SELECT c FROM sbtest8 WHERE id BETWEEN 2755951 AND 2755960 ORDER BY c
	Sort  (cost=43.94..43.96 rows=10 width=121)
	  Sort Key: c
	  ->  Index Scan using sbtest8_pkey on sbtest8  (cost=0.43..43.77 rows=10 width=121)
	        Index Cond: ((id >= 2755951) AND (id <= 2755960))

for: sum_ranges
table 1 : explain SELECT SUM(k) FROM sbtest1 WHERE id BETWEEN 7353219 AND 7353228
	Aggregate  (cost=47.73..47.74 rows=1 width=8)
	  ->  Index Scan using sbtest1_pkey on sbtest1  (cost=0.43..47.70 rows=11 width=4)
	        Index Cond: ((id >= 7353219) AND (id <= 7353228))

table 2 : explain SELECT SUM(k) FROM sbtest2 WHERE id BETWEEN 7169935 AND 7169944
	Aggregate  (cost=43.78..43.79 rows=1 width=8)
	  ->  Index Scan using sbtest2_pkey on sbtest2  (cost=0.43..43.75 rows=10 width=4)
	        Index Cond: ((id >= 7169935) AND (id <= 7169944))

table 3 : explain SELECT SUM(k) FROM sbtest3 WHERE id BETWEEN 1543302 AND 1543311
	Aggregate  (cost=43.93..43.94 rows=1 width=8)
	  ->  Index Scan using sbtest3_pkey on sbtest3  (cost=0.43..43.91 rows=10 width=4)
	        Index Cond: ((id >= 1543302) AND (id <= 1543311))

table 4 : explain SELECT SUM(k) FROM sbtest4 WHERE id BETWEEN 124238 AND 124247
	Aggregate  (cost=47.85..47.86 rows=1 width=8)
	  ->  Index Scan using sbtest4_pkey on sbtest4  (cost=0.43..47.83 rows=11 width=4)
	        Index Cond: ((id >= 124238) AND (id <= 124247))

table 5 : explain SELECT SUM(k) FROM sbtest5 WHERE id BETWEEN 6301872 AND 6301881
	Aggregate  (cost=47.64..47.65 rows=1 width=8)
	  ->  Index Scan using sbtest5_pkey on sbtest5  (cost=0.43..47.61 rows=11 width=4)
	        Index Cond: ((id >= 6301872) AND (id <= 6301881))

table 6 : explain SELECT SUM(k) FROM sbtest6 WHERE id BETWEEN 7864539 AND 7864548
	Aggregate  (cost=43.81..43.82 rows=1 width=8)
	  ->  Index Scan using sbtest6_pkey on sbtest6  (cost=0.43..43.79 rows=10 width=4)
	        Index Cond: ((id >= 7864539) AND (id <= 7864548))

table 7 : explain SELECT SUM(k) FROM sbtest7 WHERE id BETWEEN 6822569 AND 6822578
	Aggregate  (cost=43.75..43.76 rows=1 width=8)
	  ->  Index Scan using sbtest7_pkey on sbtest7  (cost=0.43..43.73 rows=10 width=4)
	        Index Cond: ((id >= 6822569) AND (id <= 6822578))

table 8 : explain SELECT SUM(k) FROM sbtest8 WHERE id BETWEEN 7680008 AND 7680017
	Aggregate  (cost=43.80..43.81 rows=1 width=8)
	  ->  Index Scan using sbtest8_pkey on sbtest8  (cost=0.43..43.77 rows=10 width=4)
	        Index Cond: ((id >= 7680008) AND (id <= 7680017))

for: order_ranges
table 1 : explain SELECT c FROM sbtest1 WHERE id BETWEEN 5543624 AND 5543633 ORDER BY c
	Sort  (cost=43.94..43.97 rows=10 width=121)
	  Sort Key: c
	  ->  Index Scan using sbtest1_pkey on sbtest1  (cost=0.43..43.78 rows=10 width=121)
	        Index Cond: ((id >= 5543624) AND (id <= 5543633))

table 2 : explain SELECT c FROM sbtest2 WHERE id BETWEEN 7538599 AND 7538608 ORDER BY c
	Sort  (cost=43.92..43.94 rows=10 width=121)
	  Sort Key: c
	  ->  Index Scan using sbtest2_pkey on sbtest2  (cost=0.43..43.75 rows=10 width=121)
	        Index Cond: ((id >= 7538599) AND (id <= 7538608))

table 3 : explain SELECT c FROM sbtest3 WHERE id BETWEEN 4169081 AND 4169090 ORDER BY c
	Sort  (cost=44.07..44.10 rows=10 width=121)
	  Sort Key: c
	  ->  Index Scan using sbtest3_pkey on sbtest3  (cost=0.43..43.91 rows=10 width=121)
	        Index Cond: ((id >= 4169081) AND (id <= 4169090))

table 4 : explain SELECT c FROM sbtest4 WHERE id BETWEEN 6116027 AND 6116036 ORDER BY c
	Sort  (cost=48.02..48.04 rows=11 width=121)
	  Sort Key: c
	  ->  Index Scan using sbtest4_pkey on sbtest4  (cost=0.43..47.83 rows=11 width=121)
	        Index Cond: ((id >= 6116027) AND (id <= 6116036))

table 5 : explain SELECT c FROM sbtest5 WHERE id BETWEEN 6094418 AND 6094427 ORDER BY c
	Sort  (cost=47.80..47.83 rows=11 width=121)
	  Sort Key: c
	  ->  Index Scan using sbtest5_pkey on sbtest5  (cost=0.43..47.61 rows=11 width=121)
	        Index Cond: ((id >= 6094418) AND (id <= 6094427))

table 6 : explain SELECT c FROM sbtest6 WHERE id BETWEEN 4658011 AND 4658020 ORDER BY c
	Sort  (cost=43.96..43.98 rows=10 width=121)
	  Sort Key: c
	  ->  Index Scan using sbtest6_pkey on sbtest6  (cost=0.43..43.79 rows=10 width=121)
	        Index Cond: ((id >= 4658011) AND (id <= 4658020))

table 7 : explain SELECT c FROM sbtest7 WHERE id BETWEEN 8280668 AND 8280677 ORDER BY c
	Sort  (cost=43.89..43.92 rows=10 width=121)
	  Sort Key: c
	  ->  Index Scan using sbtest7_pkey on sbtest7  (cost=0.43..43.73 rows=10 width=121)
	        Index Cond: ((id >= 8280668) AND (id <= 8280677))

table 8 : explain SELECT c FROM sbtest8 WHERE id BETWEEN 597977 AND 597986 ORDER BY c
	Sort  (cost=43.94..43.96 rows=10 width=121)
	  Sort Key: c
	  ->  Index Scan using sbtest8_pkey on sbtest8  (cost=0.43..43.77 rows=10 width=121)
	        Index Cond: ((id >= 597977) AND (id <= 597986))

for: order_ranges
table 1 : explain SELECT c FROM sbtest1 WHERE id BETWEEN 4984864 AND 4984873 ORDER BY c
	Sort  (cost=43.94..43.97 rows=10 width=121)
	  Sort Key: c
	  ->  Index Scan using sbtest1_pkey on sbtest1  (cost=0.43..43.78 rows=10 width=121)
	        Index Cond: ((id >= 4984864) AND (id <= 4984873))

table 2 : explain SELECT c FROM sbtest2 WHERE id BETWEEN 2153441 AND 2153450 ORDER BY c
	Sort  (cost=47.86..47.89 rows=11 width=121)
	  Sort Key: c
	  ->  Index Scan using sbtest2_pkey on sbtest2  (cost=0.43..47.67 rows=11 width=121)
	        Index Cond: ((id >= 2153441) AND (id <= 2153450))

table 3 : explain SELECT c FROM sbtest3 WHERE id BETWEEN 3482334 AND 3482343 ORDER BY c
	Sort  (cost=44.07..44.10 rows=10 width=121)
	  Sort Key: c
	  ->  Index Scan using sbtest3_pkey on sbtest3  (cost=0.43..43.91 rows=10 width=121)
	        Index Cond: ((id >= 3482334) AND (id <= 3482343))

table 4 : explain SELECT c FROM sbtest4 WHERE id BETWEEN 5502115 AND 5502124 ORDER BY c
	Sort  (cost=44.05..44.08 rows=10 width=121)
	  Sort Key: c
	  ->  Index Scan using sbtest4_pkey on sbtest4  (cost=0.43..43.89 rows=10 width=121)
	        Index Cond: ((id >= 5502115) AND (id <= 5502124))

table 5 : explain SELECT c FROM sbtest5 WHERE id BETWEEN 3331360 AND 3331369 ORDER BY c
	Sort  (cost=43.86..43.89 rows=10 width=121)
	  Sort Key: c
	  ->  Index Scan using sbtest5_pkey on sbtest5  (cost=0.43..43.70 rows=10 width=121)
	        Index Cond: ((id >= 3331360) AND (id <= 3331369))

table 6 : explain SELECT c FROM sbtest6 WHERE id BETWEEN 8540061 AND 8540070 ORDER BY c
	Sort  (cost=43.96..43.98 rows=10 width=121)
	  Sort Key: c
	  ->  Index Scan using sbtest6_pkey on sbtest6  (cost=0.43..43.79 rows=10 width=121)
	        Index Cond: ((id >= 8540061) AND (id <= 8540070))

table 7 : explain SELECT c FROM sbtest7 WHERE id BETWEEN 3299503 AND 3299512 ORDER BY c
	Sort  (cost=47.84..47.86 rows=11 width=121)
	  Sort Key: c
	  ->  Index Scan using sbtest7_pkey on sbtest7  (cost=0.43..47.65 rows=11 width=121)
	        Index Cond: ((id >= 3299503) AND (id <= 3299512))

table 8 : explain SELECT c FROM sbtest8 WHERE id BETWEEN 1875302 AND 1875311 ORDER BY c
	Sort  (cost=47.89..47.92 rows=11 width=121)
	  Sort Key: c
	  ->  Index Scan using sbtest8_pkey on sbtest8  (cost=0.43..47.70 rows=11 width=121)
	        Index Cond: ((id >= 1875302) AND (id <= 1875311))

for: order_ranges
table 1 : explain SELECT c FROM sbtest1 WHERE id BETWEEN 5045131 AND 5045140 ORDER BY c
	Sort  (cost=43.94..43.97 rows=10 width=121)
	  Sort Key: c
	  ->  Index Scan using sbtest1_pkey on sbtest1  (cost=0.43..43.78 rows=10 width=121)
	        Index Cond: ((id >= 5045131) AND (id <= 5045140))

table 2 : explain SELECT c FROM sbtest2 WHERE id BETWEEN 9146048 AND 9146057 ORDER BY c
	Sort  (cost=43.92..43.94 rows=10 width=121)
	  Sort Key: c
	  ->  Index Scan using sbtest2_pkey on sbtest2  (cost=0.43..43.75 rows=10 width=121)
	        Index Cond: ((id >= 9146048) AND (id <= 9146057))

table 3 : explain SELECT c FROM sbtest3 WHERE id BETWEEN 1790641 AND 1790650 ORDER BY c
	Sort  (cost=44.07..44.10 rows=10 width=121)
	  Sort Key: c
	  ->  Index Scan using sbtest3_pkey on sbtest3  (cost=0.43..43.91 rows=10 width=121)
	        Index Cond: ((id >= 1790641) AND (id <= 1790650))

table 4 : explain SELECT c FROM sbtest4 WHERE id BETWEEN 8232458 AND 8232467 ORDER BY c
	Sort  (cost=44.05..44.08 rows=10 width=121)
	  Sort Key: c
	  ->  Index Scan using sbtest4_pkey on sbtest4  (cost=0.43..43.89 rows=10 width=121)
	        Index Cond: ((id >= 8232458) AND (id <= 8232467))

table 5 : explain SELECT c FROM sbtest5 WHERE id BETWEEN 6987796 AND 6987805 ORDER BY c
	Sort  (cost=43.86..43.89 rows=10 width=121)
	  Sort Key: c
	  ->  Index Scan using sbtest5_pkey on sbtest5  (cost=0.43..43.70 rows=10 width=121)
	        Index Cond: ((id >= 6987796) AND (id <= 6987805))

table 6 : explain SELECT c FROM sbtest6 WHERE id BETWEEN 9427886 AND 9427895 ORDER BY c
	Sort  (cost=43.96..43.98 rows=10 width=121)
	  Sort Key: c
	  ->  Index Scan using sbtest6_pkey on sbtest6  (cost=0.43..43.79 rows=10 width=121)
	        Index Cond: ((id >= 9427886) AND (id <= 9427895))

table 7 : explain SELECT c FROM sbtest7 WHERE id BETWEEN 4897058 AND 4897067 ORDER BY c
	Sort  (cost=43.89..43.92 rows=10 width=121)
	  Sort Key: c
	  ->  Index Scan using sbtest7_pkey on sbtest7  (cost=0.43..43.73 rows=10 width=121)
	        Index Cond: ((id >= 4897058) AND (id <= 4897067))

table 8 : explain SELECT c FROM sbtest8 WHERE id BETWEEN 1265590 AND 1265599 ORDER BY c
	Sort  (cost=43.94..43.96 rows=10 width=121)
	  Sort Key: c
	  ->  Index Scan using sbtest8_pkey on sbtest8  (cost=0.43..43.77 rows=10 width=121)
	        Index Cond: ((id >= 1265590) AND (id <= 1265599))

for: sum_ranges
table 1 : explain SELECT SUM(k) FROM sbtest1 WHERE id BETWEEN 2572101 AND 2572110
	Aggregate  (cost=43.80..43.81 rows=1 width=8)
	  ->  Index Scan using sbtest1_pkey on sbtest1  (cost=0.43..43.78 rows=10 width=4)
	        Index Cond: ((id >= 2572101) AND (id <= 2572110))

table 2 : explain SELECT SUM(k) FROM sbtest2 WHERE id BETWEEN 8253945 AND 8253954
	Aggregate  (cost=47.70..47.71 rows=1 width=8)
	  ->  Index Scan using sbtest2_pkey on sbtest2  (cost=0.43..47.67 rows=11 width=4)
	        Index Cond: ((id >= 8253945) AND (id <= 8253954))

table 3 : explain SELECT SUM(k) FROM sbtest3 WHERE id BETWEEN 4659559 AND 4659568
	Aggregate  (cost=43.93..43.94 rows=1 width=8)
	  ->  Index Scan using sbtest3_pkey on sbtest3  (cost=0.43..43.91 rows=10 width=4)
	        Index Cond: ((id >= 4659559) AND (id <= 4659568))

table 4 : explain SELECT SUM(k) FROM sbtest4 WHERE id BETWEEN 6265751 AND 6265760
	Aggregate  (cost=43.91..43.92 rows=1 width=8)
	  ->  Index Scan using sbtest4_pkey on sbtest4  (cost=0.43..43.89 rows=10 width=4)
	        Index Cond: ((id >= 6265751) AND (id <= 6265760))

table 5 : explain SELECT SUM(k) FROM sbtest5 WHERE id BETWEEN 3909521 AND 3909530
	Aggregate  (cost=43.72..43.73 rows=1 width=8)
	  ->  Index Scan using sbtest5_pkey on sbtest5  (cost=0.43..43.70 rows=10 width=4)
	        Index Cond: ((id >= 3909521) AND (id <= 3909530))

table 6 : explain SELECT SUM(k) FROM sbtest6 WHERE id BETWEEN 3469227 AND 3469236
	Aggregate  (cost=47.74..47.75 rows=1 width=8)
	  ->  Index Scan using sbtest6_pkey on sbtest6  (cost=0.43..47.72 rows=11 width=4)
	        Index Cond: ((id >= 3469227) AND (id <= 3469236))

table 7 : explain SELECT SUM(k) FROM sbtest7 WHERE id BETWEEN 5271941 AND 5271950
	Aggregate  (cost=43.75..43.76 rows=1 width=8)
	  ->  Index Scan using sbtest7_pkey on sbtest7  (cost=0.43..43.73 rows=10 width=4)
	        Index Cond: ((id >= 5271941) AND (id <= 5271950))

table 8 : explain SELECT SUM(k) FROM sbtest8 WHERE id BETWEEN 6346248 AND 6346257
	Aggregate  (cost=43.80..43.81 rows=1 width=8)
	  ->  Index Scan using sbtest8_pkey on sbtest8  (cost=0.43..43.77 rows=10 width=4)
	        Index Cond: ((id >= 6346248) AND (id <= 6346257))
for: order_ranges
table 1 : explain SELECT c FROM sbtest1 WHERE id BETWEEN 8754116 AND 8754125 ORDER BY c
	Sort  (cost=43.94..43.97 rows=10 width=121)
	  Sort Key: c
	  ->  Index Scan using sbtest1_pkey on sbtest1  (cost=0.43..43.78 rows=10 width=121)
	        Index Cond: ((id >= 8754116) AND (id <= 8754125))

table 2 : explain SELECT c FROM sbtest2 WHERE id BETWEEN 5384980 AND 5384989 ORDER BY c
	Sort  (cost=39.97..39.99 rows=9 width=121)
	  Sort Key: c
	  ->  Index Scan using sbtest2_pkey on sbtest2  (cost=0.43..39.83 rows=9 width=121)
	        Index Cond: ((id >= 5384980) AND (id <= 5384989))

table 3 : explain SELECT c FROM sbtest3 WHERE id BETWEEN 1730759 AND 1730768 ORDER BY c
	Sort  (cost=48.03..48.06 rows=11 width=121)
	  Sort Key: c
	  ->  Index Scan using sbtest3_pkey on sbtest3  (cost=0.43..47.84 rows=11 width=121)
	        Index Cond: ((id >= 1730759) AND (id <= 1730768))

table 4 : explain SELECT c FROM sbtest4 WHERE id BETWEEN 4428836 AND 4428845 ORDER BY c
	Sort  (cost=44.05..44.08 rows=10 width=121)
	  Sort Key: c
	  ->  Index Scan using sbtest4_pkey on sbtest4  (cost=0.43..43.89 rows=10 width=121)
	        Index Cond: ((id >= 4428836) AND (id <= 4428845))

table 5 : explain SELECT c FROM sbtest5 WHERE id BETWEEN 7755034 AND 7755043 ORDER BY c
	Sort  (cost=43.86..43.89 rows=10 width=121)
	  Sort Key: c
	  ->  Index Scan using sbtest5_pkey on sbtest5  (cost=0.43..43.70 rows=10 width=121)
	        Index Cond: ((id >= 7755034) AND (id <= 7755043))

table 6 : explain SELECT c FROM sbtest6 WHERE id BETWEEN 133655 AND 133664 ORDER BY c
	Sort  (cost=40.01..40.03 rows=9 width=121)
	  Sort Key: c
	  ->  Index Scan using sbtest6_pkey on sbtest6  (cost=0.43..39.86 rows=9 width=121)
	        Index Cond: ((id >= 133655) AND (id <= 133664))

table 7 : explain SELECT c FROM sbtest7 WHERE id BETWEEN 2794853 AND 2794862 ORDER BY c
	Sort  (cost=43.89..43.92 rows=10 width=121)
	  Sort Key: c
	  ->  Index Scan using sbtest7_pkey on sbtest7  (cost=0.43..43.73 rows=10 width=121)
	        Index Cond: ((id >= 2794853) AND (id <= 2794862))

table 8 : explain SELECT c FROM sbtest8 WHERE id BETWEEN 2711456 AND 2711465 ORDER BY c
	Sort  (cost=43.94..43.96 rows=10 width=121)
	  Sort Key: c
	  ->  Index Scan using sbtest8_pkey on sbtest8  (cost=0.43..43.77 rows=10 width=121)
	        Index Cond: ((id >= 2711456) AND (id <= 2711465))

for: order_ranges
table 1 : explain SELECT c FROM sbtest1 WHERE id BETWEEN 2132076 AND 2132085 ORDER BY c
	Sort  (cost=43.94..43.97 rows=10 width=121)
	  Sort Key: c
	  ->  Index Scan using sbtest1_pkey on sbtest1  (cost=0.43..43.78 rows=10 width=121)
	        Index Cond: ((id >= 2132076) AND (id <= 2132085))

table 2 : explain SELECT c FROM sbtest2 WHERE id BETWEEN 9972786 AND 9972795 ORDER BY c
	Sort  (cost=43.92..43.94 rows=10 width=121)
	  Sort Key: c
	  ->  Index Scan using sbtest2_pkey on sbtest2  (cost=0.43..43.75 rows=10 width=121)
	        Index Cond: ((id >= 9972786) AND (id <= 9972795))

table 3 : explain SELECT c FROM sbtest3 WHERE id BETWEEN 9832406 AND 9832415 ORDER BY c
	Sort  (cost=44.07..44.10 rows=10 width=121)
	  Sort Key: c
	  ->  Index Scan using sbtest3_pkey on sbtest3  (cost=0.43..43.91 rows=10 width=121)
	        Index Cond: ((id >= 9832406) AND (id <= 9832415))

table 4 : explain SELECT c FROM sbtest4 WHERE id BETWEEN 4536495 AND 4536504 ORDER BY c
	Sort  (cost=44.05..44.08 rows=10 width=121)
	  Sort Key: c
	  ->  Index Scan using sbtest4_pkey on sbtest4  (cost=0.43..43.89 rows=10 width=121)
	        Index Cond: ((id >= 4536495) AND (id <= 4536504))

table 5 : explain SELECT c FROM sbtest5 WHERE id BETWEEN 8020615 AND 8020624 ORDER BY c
	Sort  (cost=47.80..47.83 rows=11 width=121)
	  Sort Key: c
	  ->  Index Scan using sbtest5_pkey on sbtest5  (cost=0.43..47.61 rows=11 width=121)
	        Index Cond: ((id >= 8020615) AND (id <= 8020624))

table 6 : explain SELECT c FROM sbtest6 WHERE id BETWEEN 5372629 AND 5372638 ORDER BY c
	Sort  (cost=43.96..43.98 rows=10 width=121)
	  Sort Key: c
	  ->  Index Scan using sbtest6_pkey on sbtest6  (cost=0.43..43.79 rows=10 width=121)
	        Index Cond: ((id >= 5372629) AND (id <= 5372638))

table 7 : explain SELECT c FROM sbtest7 WHERE id BETWEEN 7652824 AND 7652833 ORDER BY c
	Sort  (cost=43.89..43.92 rows=10 width=121)
	  Sort Key: c
	  ->  Index Scan using sbtest7_pkey on sbtest7  (cost=0.43..43.73 rows=10 width=121)
	        Index Cond: ((id >= 7652824) AND (id <= 7652833))

table 8 : explain SELECT c FROM sbtest8 WHERE id BETWEEN 9281946 AND 9281955 ORDER BY c
	Sort  (cost=39.99..40.01 rows=9 width=121)
	  Sort Key: c
	  ->  Index Scan using sbtest8_pkey on sbtest8  (cost=0.43..39.85 rows=9 width=121)
	        Index Cond: ((id >= 9281946) AND (id <= 9281955))


for: sum_ranges
table 1 : explain SELECT SUM(k) FROM sbtest1 WHERE id BETWEEN 7972698 AND 7972707
	Aggregate  (cost=47.73..47.74 rows=1 width=8)
	  ->  Index Scan using sbtest1_pkey on sbtest1  (cost=0.43..47.70 rows=11 width=4)
	        Index Cond: ((id >= 7972698) AND (id <= 7972707))

table 2 : explain SELECT SUM(k) FROM sbtest2 WHERE id BETWEEN 1773877 AND 1773886
	Aggregate  (cost=47.70..47.71 rows=1 width=8)
	  ->  Index Scan using sbtest2_pkey on sbtest2  (cost=0.43..47.67 rows=11 width=4)
	        Index Cond: ((id >= 1773877) AND (id <= 1773886))

table 3 : explain SELECT SUM(k) FROM sbtest3 WHERE id BETWEEN 2264407 AND 2264416
	Aggregate  (cost=43.93..43.94 rows=1 width=8)
	  ->  Index Scan using sbtest3_pkey on sbtest3  (cost=0.43..43.91 rows=10 width=4)
	        Index Cond: ((id >= 2264407) AND (id <= 2264416))

table 4 : explain SELECT SUM(k) FROM sbtest4 WHERE id BETWEEN 4552126 AND 4552135
	Aggregate  (cost=43.91..43.92 rows=1 width=8)
	  ->  Index Scan using sbtest4_pkey on sbtest4  (cost=0.43..43.89 rows=10 width=4)
	        Index Cond: ((id >= 4552126) AND (id <= 4552135))

table 5 : explain SELECT SUM(k) FROM sbtest5 WHERE id BETWEEN 2448870 AND 2448879
	Aggregate  (cost=43.72..43.73 rows=1 width=8)
	  ->  Index Scan using sbtest5_pkey on sbtest5  (cost=0.43..43.70 rows=10 width=4)
	        Index Cond: ((id >= 2448870) AND (id <= 2448879))

table 6 : explain SELECT SUM(k) FROM sbtest6 WHERE id BETWEEN 2284312 AND 2284321
	Aggregate  (cost=43.81..43.82 rows=1 width=8)
	  ->  Index Scan using sbtest6_pkey on sbtest6  (cost=0.43..43.79 rows=10 width=4)
	        Index Cond: ((id >= 2284312) AND (id <= 2284321))

table 7 : explain SELECT SUM(k) FROM sbtest7 WHERE id BETWEEN 6267131 AND 6267140
	Aggregate  (cost=43.75..43.76 rows=1 width=8)
	  ->  Index Scan using sbtest7_pkey on sbtest7  (cost=0.43..43.73 rows=10 width=4)
	        Index Cond: ((id >= 6267131) AND (id <= 6267140))

table 8 : explain SELECT SUM(k) FROM sbtest8 WHERE id BETWEEN 1370508 AND 1370517
	Aggregate  (cost=43.80..43.81 rows=1 width=8)
	  ->  Index Scan using sbtest8_pkey on sbtest8  (cost=0.43..43.77 rows=10 width=4)
	        Index Cond: ((id >= 1370508) AND (id <= 1370517))

for: order_ranges
table 1 : explain SELECT c FROM sbtest1 WHERE id BETWEEN 1142239 AND 1142248 ORDER BY c
	Sort  (cost=43.94..43.97 rows=10 width=121)
	  Sort Key: c
	  ->  Index Scan using sbtest1_pkey on sbtest1  (cost=0.43..43.78 rows=10 width=121)
	        Index Cond: ((id >= 1142239) AND (id <= 1142248))

table 2 : explain SELECT c FROM sbtest2 WHERE id BETWEEN 7893390 AND 7893399 ORDER BY c
	Sort  (cost=43.92..43.94 rows=10 width=121)
	  Sort Key: c
	  ->  Index Scan using sbtest2_pkey on sbtest2  (cost=0.43..43.75 rows=10 width=121)
	        Index Cond: ((id >= 7893390) AND (id <= 7893399))

table 3 : explain SELECT c FROM sbtest3 WHERE id BETWEEN 1183043 AND 1183052 ORDER BY c
	Sort  (cost=44.07..44.10 rows=10 width=121)
	  Sort Key: c
	  ->  Index Scan using sbtest3_pkey on sbtest3  (cost=0.43..43.91 rows=10 width=121)
	        Index Cond: ((id >= 1183043) AND (id <= 1183052))

table 4 : explain SELECT c FROM sbtest4 WHERE id BETWEEN 3170315 AND 3170324 ORDER BY c
	Sort  (cost=44.05..44.08 rows=10 width=121)
	  Sort Key: c
	  ->  Index Scan using sbtest4_pkey on sbtest4  (cost=0.43..43.89 rows=10 width=121)
	        Index Cond: ((id >= 3170315) AND (id <= 3170324))

table 5 : explain SELECT c FROM sbtest5 WHERE id BETWEEN 7568732 AND 7568741 ORDER BY c
	Sort  (cost=43.86..43.89 rows=10 width=121)
	  Sort Key: c
	  ->  Index Scan using sbtest5_pkey on sbtest5  (cost=0.43..43.70 rows=10 width=121)
	        Index Cond: ((id >= 7568732) AND (id <= 7568741))

table 6 : explain SELECT c FROM sbtest6 WHERE id BETWEEN 4681642 AND 4681651 ORDER BY c
	Sort  (cost=43.96..43.98 rows=10 width=121)
	  Sort Key: c
	  ->  Index Scan using sbtest6_pkey on sbtest6  (cost=0.43..43.79 rows=10 width=121)
	        Index Cond: ((id >= 4681642) AND (id <= 4681651))

table 7 : explain SELECT c FROM sbtest7 WHERE id BETWEEN 7521473 AND 7521482 ORDER BY c
	Sort  (cost=43.89..43.92 rows=10 width=121)
	  Sort Key: c
	  ->  Index Scan using sbtest7_pkey on sbtest7  (cost=0.43..43.73 rows=10 width=121)
	        Index Cond: ((id >= 7521473) AND (id <= 7521482))

table 8 : explain SELECT c FROM sbtest8 WHERE id BETWEEN 9002509 AND 9002518 ORDER BY c
	Sort  (cost=43.94..43.96 rows=10 width=121)
	  Sort Key: c
	  ->  Index Scan using sbtest8_pkey on sbtest8  (cost=0.43..43.77 rows=10 width=121)
	        Index Cond: ((id >= 9002509) AND (id <= 9002518))

for: order_ranges
table 1 : explain SELECT c FROM sbtest1 WHERE id BETWEEN 1559808 AND 1559817 ORDER BY c
	Sort  (cost=43.94..43.97 rows=10 width=121)
	  Sort Key: c
	  ->  Index Scan using sbtest1_pkey on sbtest1  (cost=0.43..43.78 rows=10 width=121)
	        Index Cond: ((id >= 1559808) AND (id <= 1559817))

table 2 : explain SELECT c FROM sbtest2 WHERE id BETWEEN 8242590 AND 8242599 ORDER BY c
	Sort  (cost=47.86..47.89 rows=11 width=121)
	  Sort Key: c
	  ->  Index Scan using sbtest2_pkey on sbtest2  (cost=0.43..47.67 rows=11 width=121)
	        Index Cond: ((id >= 8242590) AND (id <= 8242599))

table 3 : explain SELECT c FROM sbtest3 WHERE id BETWEEN 4672284 AND 4672293 ORDER BY c
	Sort  (cost=44.07..44.10 rows=10 width=121)
	  Sort Key: c
	  ->  Index Scan using sbtest3_pkey on sbtest3  (cost=0.43..43.91 rows=10 width=121)
	        Index Cond: ((id >= 4672284) AND (id <= 4672293))

table 4 : explain SELECT c FROM sbtest4 WHERE id BETWEEN 9507845 AND 9507854 ORDER BY c
	Sort  (cost=44.05..44.08 rows=10 width=121)
	  Sort Key: c
	  ->  Index Scan using sbtest4_pkey on sbtest4  (cost=0.43..43.89 rows=10 width=121)
	        Index Cond: ((id >= 9507845) AND (id <= 9507854))

table 5 : explain SELECT c FROM sbtest5 WHERE id BETWEEN 9064626 AND 9064635 ORDER BY c
	Sort  (cost=43.86..43.89 rows=10 width=121)
	  Sort Key: c
	  ->  Index Scan using sbtest5_pkey on sbtest5  (cost=0.43..43.70 rows=10 width=121)
	        Index Cond: ((id >= 9064626) AND (id <= 9064635))

table 6 : explain SELECT c FROM sbtest6 WHERE id BETWEEN 3117914 AND 3117923 ORDER BY c
	Sort  (cost=40.01..40.03 rows=9 width=121)
	  Sort Key: c
	  ->  Index Scan using sbtest6_pkey on sbtest6  (cost=0.43..39.86 rows=9 width=121)
	        Index Cond: ((id >= 3117914) AND (id <= 3117923))

table 7 : explain SELECT c FROM sbtest7 WHERE id BETWEEN 2312531 AND 2312540 ORDER BY c
	Sort  (cost=43.89..43.92 rows=10 width=121)
	  Sort Key: c
	  ->  Index Scan using sbtest7_pkey on sbtest7  (cost=0.43..43.73 rows=10 width=121)
	        Index Cond: ((id >= 2312531) AND (id <= 2312540))

table 8 : explain SELECT c FROM sbtest8 WHERE id BETWEEN 5927792 AND 5927801 ORDER BY c
	Sort  (cost=43.94..43.96 rows=10 width=121)
	  Sort Key: c
	  ->  Index Scan using sbtest8_pkey on sbtest8  (cost=0.43..43.77 rows=10 width=121)
	        Index Cond: ((id >= 5927792) AND (id <= 5927801))

for: sum_ranges
table 1 : explain SELECT SUM(k) FROM sbtest1 WHERE id BETWEEN 9623735 AND 9623744
	Aggregate  (cost=47.73..47.74 rows=1 width=8)
	  ->  Index Scan using sbtest1_pkey on sbtest1  (cost=0.43..47.70 rows=11 width=4)
	        Index Cond: ((id >= 9623735) AND (id <= 9623744))

table 2 : explain SELECT SUM(k) FROM sbtest2 WHERE id BETWEEN 3162759 AND 3162768
	Aggregate  (cost=39.85..39.86 rows=1 width=8)
	  ->  Index Scan using sbtest2_pkey on sbtest2  (cost=0.43..39.83 rows=9 width=4)
	        Index Cond: ((id >= 3162759) AND (id <= 3162768))

table 3 : explain SELECT SUM(k) FROM sbtest3 WHERE id BETWEEN 3806204 AND 3806213
	Aggregate  (cost=43.93..43.94 rows=1 width=8)
	  ->  Index Scan using sbtest3_pkey on sbtest3  (cost=0.43..43.91 rows=10 width=4)
	        Index Cond: ((id >= 3806204) AND (id <= 3806213))

table 4 : explain SELECT SUM(k) FROM sbtest4 WHERE id BETWEEN 2725483 AND 2725492
	Aggregate  (cost=39.97..39.98 rows=1 width=8)
	  ->  Index Scan using sbtest4_pkey on sbtest4  (cost=0.43..39.95 rows=9 width=4)
	        Index Cond: ((id >= 2725483) AND (id <= 2725492))

table 5 : explain SELECT SUM(k) FROM sbtest5 WHERE id BETWEEN 1218344 AND 1218353
	Aggregate  (cost=47.64..47.65 rows=1 width=8)
	  ->  Index Scan using sbtest5_pkey on sbtest5  (cost=0.43..47.61 rows=11 width=4)
	        Index Cond: ((id >= 1218344) AND (id <= 1218353))

table 6 : explain SELECT SUM(k) FROM sbtest6 WHERE id BETWEEN 3546465 AND 3546474
	Aggregate  (cost=43.81..43.82 rows=1 width=8)
	  ->  Index Scan using sbtest6_pkey on sbtest6  (cost=0.43..43.79 rows=10 width=4)
	        Index Cond: ((id >= 3546465) AND (id <= 3546474))

table 7 : explain SELECT SUM(k) FROM sbtest7 WHERE id BETWEEN 507736 AND 507745
	Aggregate  (cost=43.75..43.76 rows=1 width=8)
	  ->  Index Scan using sbtest7_pkey on sbtest7  (cost=0.43..43.73 rows=10 width=4)
	        Index Cond: ((id >= 507736) AND (id <= 507745))

table 8 : explain SELECT SUM(k) FROM sbtest8 WHERE id BETWEEN 283870 AND 283879
	Aggregate  (cost=43.80..43.81 rows=1 width=8)
	  ->  Index Scan using sbtest8_pkey on sbtest8  (cost=0.43..43.77 rows=10 width=4)
	        Index Cond: ((id >= 283870) AND (id <= 283879))

for: sum_ranges
table 1 : explain SELECT SUM(k) FROM sbtest1 WHERE id BETWEEN 7735398 AND 7735407
	Aggregate  (cost=43.80..43.81 rows=1 width=8)
	  ->  Index Scan using sbtest1_pkey on sbtest1  (cost=0.43..43.78 rows=10 width=4)
	        Index Cond: ((id >= 7735398) AND (id <= 7735407))

table 2 : explain SELECT SUM(k) FROM sbtest2 WHERE id BETWEEN 1720459 AND 1720468
	Aggregate  (cost=47.70..47.71 rows=1 width=8)
	  ->  Index Scan using sbtest2_pkey on sbtest2  (cost=0.43..47.67 rows=11 width=4)
	        Index Cond: ((id >= 1720459) AND (id <= 1720468))

table 3 : explain SELECT SUM(k) FROM sbtest3 WHERE id BETWEEN 8618145 AND 8618154
	Aggregate  (cost=39.99..40.00 rows=1 width=8)
	  ->  Index Scan using sbtest3_pkey on sbtest3  (cost=0.43..39.97 rows=9 width=4)
	        Index Cond: ((id >= 8618145) AND (id <= 8618154))

table 4 : explain SELECT SUM(k) FROM sbtest4 WHERE id BETWEEN 1107786 AND 1107795
	Aggregate  (cost=43.91..43.92 rows=1 width=8)
	  ->  Index Scan using sbtest4_pkey on sbtest4  (cost=0.43..43.89 rows=10 width=4)
	        Index Cond: ((id >= 1107786) AND (id <= 1107795))

table 5 : explain SELECT SUM(k) FROM sbtest5 WHERE id BETWEEN 6039170 AND 6039179
	Aggregate  (cost=47.64..47.65 rows=1 width=8)
	  ->  Index Scan using sbtest5_pkey on sbtest5  (cost=0.43..47.61 rows=11 width=4)
	        Index Cond: ((id >= 6039170) AND (id <= 6039179))

table 6 : explain SELECT SUM(k) FROM sbtest6 WHERE id BETWEEN 5881249 AND 5881258
	Aggregate  (cost=43.81..43.82 rows=1 width=8)
	  ->  Index Scan using sbtest6_pkey on sbtest6  (cost=0.43..43.79 rows=10 width=4)
	        Index Cond: ((id >= 5881249) AND (id <= 5881258))

table 7 : explain SELECT SUM(k) FROM sbtest7 WHERE id BETWEEN 7178896 AND 7178905
	Aggregate  (cost=43.75..43.76 rows=1 width=8)
	  ->  Index Scan using sbtest7_pkey on sbtest7  (cost=0.43..43.73 rows=10 width=4)
	        Index Cond: ((id >= 7178896) AND (id <= 7178905))

table 8 : explain SELECT SUM(k) FROM sbtest8 WHERE id BETWEEN 9980661 AND 9980670
	Aggregate  (cost=43.80..43.81 rows=1 width=8)
	  ->  Index Scan using sbtest8_pkey on sbtest8  (cost=0.43..43.77 rows=10 width=4)
	        Index Cond: ((id >= 9980661) AND (id <= 9980670))

for: order_ranges
table 1 : explain SELECT c FROM sbtest1 WHERE id BETWEEN 1040603 AND 1040612 ORDER BY c
	Sort  (cost=47.89..47.92 rows=11 width=121)
	  Sort Key: c
	  ->  Index Scan using sbtest1_pkey on sbtest1  (cost=0.43..47.70 rows=11 width=121)
	        Index Cond: ((id >= 1040603) AND (id <= 1040612))

table 2 : explain SELECT c FROM sbtest2 WHERE id BETWEEN 2576939 AND 2576948 ORDER BY c
	Sort  (cost=47.86..47.89 rows=11 width=121)
	  Sort Key: c
	  ->  Index Scan using sbtest2_pkey on sbtest2  (cost=0.43..47.67 rows=11 width=121)
	        Index Cond: ((id >= 2576939) AND (id <= 2576948))

table 3 : explain SELECT c FROM sbtest3 WHERE id BETWEEN 3576833 AND 3576842 ORDER BY c
	Sort  (cost=44.07..44.10 rows=10 width=121)
	  Sort Key: c
	  ->  Index Scan using sbtest3_pkey on sbtest3  (cost=0.43..43.91 rows=10 width=121)
	        Index Cond: ((id >= 3576833) AND (id <= 3576842))

table 4 : explain SELECT c FROM sbtest4 WHERE id BETWEEN 4630726 AND 4630735 ORDER BY c
	Sort  (cost=44.05..44.08 rows=10 width=121)
	  Sort Key: c
	  ->  Index Scan using sbtest4_pkey on sbtest4  (cost=0.43..43.89 rows=10 width=121)
	        Index Cond: ((id >= 4630726) AND (id <= 4630735))

table 5 : explain SELECT c FROM sbtest5 WHERE id BETWEEN 4891402 AND 4891411 ORDER BY c
	Sort  (cost=43.86..43.89 rows=10 width=121)
	  Sort Key: c
	  ->  Index Scan using sbtest5_pkey on sbtest5  (cost=0.43..43.70 rows=10 width=121)
	        Index Cond: ((id >= 4891402) AND (id <= 4891411))

table 6 : explain SELECT c FROM sbtest6 WHERE id BETWEEN 1768257 AND 1768266 ORDER BY c
	Sort  (cost=47.91..47.93 rows=11 width=121)
	  Sort Key: c
	  ->  Index Scan using sbtest6_pkey on sbtest6  (cost=0.43..47.72 rows=11 width=121)
	        Index Cond: ((id >= 1768257) AND (id <= 1768266))

table 7 : explain SELECT c FROM sbtest7 WHERE id BETWEEN 8347788 AND 8347797 ORDER BY c
	Sort  (cost=39.95..39.97 rows=9 width=121)
	  Sort Key: c
	  ->  Index Scan using sbtest7_pkey on sbtest7  (cost=0.43..39.81 rows=9 width=121)
	        Index Cond: ((id >= 8347788) AND (id <= 8347797))

table 8 : explain SELECT c FROM sbtest8 WHERE id BETWEEN 7500443 AND 7500452 ORDER BY c
	Sort  (cost=43.94..43.96 rows=10 width=121)
	  Sort Key: c
	  ->  Index Scan using sbtest8_pkey on sbtest8  (cost=0.43..43.77 rows=10 width=121)
	        Index Cond: ((id >= 7500443) AND (id <= 7500452))

for: order_ranges
table 1 : explain SELECT c FROM sbtest1 WHERE id BETWEEN 5635891 AND 5635900 ORDER BY c
	Sort  (cost=43.94..43.97 rows=10 width=121)
	  Sort Key: c
	  ->  Index Scan using sbtest1_pkey on sbtest1  (cost=0.43..43.78 rows=10 width=121)
	        Index Cond: ((id >= 5635891) AND (id <= 5635900))

table 2 : explain SELECT c FROM sbtest2 WHERE id BETWEEN 1708639 AND 1708648 ORDER BY c
	Sort  (cost=47.86..47.89 rows=11 width=121)
	  Sort Key: c
	  ->  Index Scan using sbtest2_pkey on sbtest2  (cost=0.43..47.67 rows=11 width=121)
	        Index Cond: ((id >= 1708639) AND (id <= 1708648))

table 3 : explain SELECT c FROM sbtest3 WHERE id BETWEEN 9706957 AND 9706966 ORDER BY c
	Sort  (cost=40.11..40.13 rows=9 width=121)
	  Sort Key: c
	  ->  Index Scan using sbtest3_pkey on sbtest3  (cost=0.43..39.97 rows=9 width=121)
	        Index Cond: ((id >= 9706957) AND (id <= 9706966))

table 4 : explain SELECT c FROM sbtest4 WHERE id BETWEEN 9730425 AND 9730434 ORDER BY c
	Sort  (cost=44.05..44.08 rows=10 width=121)
	  Sort Key: c
	  ->  Index Scan using sbtest4_pkey on sbtest4  (cost=0.43..43.89 rows=10 width=121)
	        Index Cond: ((id >= 9730425) AND (id <= 9730434))

table 5 : explain SELECT c FROM sbtest5 WHERE id BETWEEN 3749212 AND 3749221 ORDER BY c
	Sort  (cost=43.86..43.89 rows=10 width=121)
	  Sort Key: c
	  ->  Index Scan using sbtest5_pkey on sbtest5  (cost=0.43..43.70 rows=10 width=121)
	        Index Cond: ((id >= 3749212) AND (id <= 3749221))

table 6 : explain SELECT c FROM sbtest6 WHERE id BETWEEN 7656300 AND 7656309 ORDER BY c
	Sort  (cost=43.96..43.98 rows=10 width=121)
	  Sort Key: c
	  ->  Index Scan using sbtest6_pkey on sbtest6  (cost=0.43..43.79 rows=10 width=121)
	        Index Cond: ((id >= 7656300) AND (id <= 7656309))

table 7 : explain SELECT c FROM sbtest7 WHERE id BETWEEN 6884708 AND 6884717 ORDER BY c
	Sort  (cost=43.89..43.92 rows=10 width=121)
	  Sort Key: c
	  ->  Index Scan using sbtest7_pkey on sbtest7  (cost=0.43..43.73 rows=10 width=121)
	        Index Cond: ((id >= 6884708) AND (id <= 6884717))

table 8 : explain SELECT c FROM sbtest8 WHERE id BETWEEN 6915340 AND 6915349 ORDER BY c
	Sort  (cost=43.94..43.96 rows=10 width=121)
	  Sort Key: c
	  ->  Index Scan using sbtest8_pkey on sbtest8  (cost=0.43..43.77 rows=10 width=121)
	        Index Cond: ((id >= 6915340) AND (id <= 6915349))

for: sum_ranges
table 1 : explain SELECT SUM(k) FROM sbtest1 WHERE id BETWEEN 4669224 AND 4669233
	Aggregate  (cost=47.73..47.74 rows=1 width=8)
	  ->  Index Scan using sbtest1_pkey on sbtest1  (cost=0.43..47.70 rows=11 width=4)
	        Index Cond: ((id >= 4669224) AND (id <= 4669233))

table 2 : explain SELECT SUM(k) FROM sbtest2 WHERE id BETWEEN 3566742 AND 3566751
	Aggregate  (cost=43.78..43.79 rows=1 width=8)
	  ->  Index Scan using sbtest2_pkey on sbtest2  (cost=0.43..43.75 rows=10 width=4)
	        Index Cond: ((id >= 3566742) AND (id <= 3566751))

table 3 : explain SELECT SUM(k) FROM sbtest3 WHERE id BETWEEN 6416267 AND 6416276
	Aggregate  (cost=43.93..43.94 rows=1 width=8)
	  ->  Index Scan using sbtest3_pkey on sbtest3  (cost=0.43..43.91 rows=10 width=4)
	        Index Cond: ((id >= 6416267) AND (id <= 6416276))

table 4 : explain SELECT SUM(k) FROM sbtest4 WHERE id BETWEEN 91204 AND 91213
	Aggregate  (cost=43.91..43.92 rows=1 width=8)
	  ->  Index Scan using sbtest4_pkey on sbtest4  (cost=0.43..43.89 rows=10 width=4)
	        Index Cond: ((id >= 91204) AND (id <= 91213))

table 5 : explain SELECT SUM(k) FROM sbtest5 WHERE id BETWEEN 3641702 AND 3641711
	Aggregate  (cost=43.72..43.73 rows=1 width=8)
	  ->  Index Scan using sbtest5_pkey on sbtest5  (cost=0.43..43.70 rows=10 width=4)
	        Index Cond: ((id >= 3641702) AND (id <= 3641711))

table 6 : explain SELECT SUM(k) FROM sbtest6 WHERE id BETWEEN 1596883 AND 1596892
	Aggregate  (cost=43.81..43.82 rows=1 width=8)
	  ->  Index Scan using sbtest6_pkey on sbtest6  (cost=0.43..43.79 rows=10 width=4)
	        Index Cond: ((id >= 1596883) AND (id <= 1596892))

table 7 : explain SELECT SUM(k) FROM sbtest7 WHERE id BETWEEN 5151885 AND 5151894
	Aggregate  (cost=43.75..43.76 rows=1 width=8)
	  ->  Index Scan using sbtest7_pkey on sbtest7  (cost=0.43..43.73 rows=10 width=4)
	        Index Cond: ((id >= 5151885) AND (id <= 5151894))

table 8 : explain SELECT SUM(k) FROM sbtest8 WHERE id BETWEEN 5996609 AND 5996618
	Aggregate  (cost=47.73..47.74 rows=1 width=8)
	  ->  Index Scan using sbtest8_pkey on sbtest8  (cost=0.43..47.70 rows=11 width=4)
	        Index Cond: ((id >= 5996609) AND (id <= 5996618))

for: distinct_ranges
table 1 : explain SELECT DISTINCT c FROM sbtest1 WHERE id BETWEEN 6631131 AND 6631140 ORDER BY c
	Unique  (cost=43.94..43.99 rows=10 width=121)
	  ->  Sort  (cost=43.94..43.97 rows=10 width=121)
	        Sort Key: c
	        ->  Index Scan using sbtest1_pkey on sbtest1  (cost=0.43..43.78 rows=10 width=121)
	              Index Cond: ((id >= 6631131) AND (id <= 6631140))

table 2 : explain SELECT DISTINCT c FROM sbtest2 WHERE id BETWEEN 4535010 AND 4535019 ORDER BY c
	Unique  (cost=43.92..43.97 rows=10 width=121)
	  ->  Sort  (cost=43.92..43.94 rows=10 width=121)
	        Sort Key: c
	        ->  Index Scan using sbtest2_pkey on sbtest2  (cost=0.43..43.75 rows=10 width=121)
	              Index Cond: ((id >= 4535010) AND (id <= 4535019))

table 3 : explain SELECT DISTINCT c FROM sbtest3 WHERE id BETWEEN 9169747 AND 9169756 ORDER BY c
	Unique  (cost=44.07..44.12 rows=10 width=121)
	  ->  Sort  (cost=44.07..44.10 rows=10 width=121)
	        Sort Key: c
	        ->  Index Scan using sbtest3_pkey on sbtest3  (cost=0.43..43.91 rows=10 width=121)
	              Index Cond: ((id >= 9169747) AND (id <= 9169756))

table 4 : explain SELECT DISTINCT c FROM sbtest4 WHERE id BETWEEN 7864115 AND 7864124 ORDER BY c
	Unique  (cost=44.05..44.10 rows=10 width=121)
	  ->  Sort  (cost=44.05..44.08 rows=10 width=121)
	        Sort Key: c
	        ->  Index Scan using sbtest4_pkey on sbtest4  (cost=0.43..43.89 rows=10 width=121)
	              Index Cond: ((id >= 7864115) AND (id <= 7864124))

table 5 : explain SELECT DISTINCT c FROM sbtest5 WHERE id BETWEEN 8965140 AND 8965149 ORDER BY c
	Unique  (cost=47.80..47.86 rows=11 width=121)
	  ->  Sort  (cost=47.80..47.83 rows=11 width=121)
	        Sort Key: c
	        ->  Index Scan using sbtest5_pkey on sbtest5  (cost=0.43..47.61 rows=11 width=121)
	              Index Cond: ((id >= 8965140) AND (id <= 8965149))

table 6 : explain SELECT DISTINCT c FROM sbtest6 WHERE id BETWEEN 2140309 AND 2140318 ORDER BY c
	Unique  (cost=43.96..44.01 rows=10 width=121)
	  ->  Sort  (cost=43.96..43.98 rows=10 width=121)
	        Sort Key: c
	        ->  Index Scan using sbtest6_pkey on sbtest6  (cost=0.43..43.79 rows=10 width=121)
	              Index Cond: ((id >= 2140309) AND (id <= 2140318))

table 7 : explain SELECT DISTINCT c FROM sbtest7 WHERE id BETWEEN 1945856 AND 1945865 ORDER BY c
	Unique  (cost=43.89..43.94 rows=10 width=121)
	  ->  Sort  (cost=43.89..43.92 rows=10 width=121)
	        Sort Key: c
	        ->  Index Scan using sbtest7_pkey on sbtest7  (cost=0.43..43.73 rows=10 width=121)
	              Index Cond: ((id >= 1945856) AND (id <= 1945865))

table 8 : explain SELECT DISTINCT c FROM sbtest8 WHERE id BETWEEN 4235444 AND 4235453 ORDER BY c
	Unique  (cost=47.89..47.94 rows=11 width=121)
	  ->  Sort  (cost=47.89..47.92 rows=11 width=121)
	        Sort Key: c
	        ->  Index Scan using sbtest8_pkey on sbtest8  (cost=0.43..47.70 rows=11 width=121)
	              Index Cond: ((id >= 4235444) AND (id <= 4235453))

for: sum_ranges
table 1 : explain SELECT SUM(k) FROM sbtest1 WHERE id BETWEEN 3768676 AND 3768685
	Aggregate  (cost=43.80..43.81 rows=1 width=8)
	  ->  Index Scan using sbtest1_pkey on sbtest1  (cost=0.43..43.78 rows=10 width=4)
	        Index Cond: ((id >= 3768676) AND (id <= 3768685))

table 2 : explain SELECT SUM(k) FROM sbtest2 WHERE id BETWEEN 2574070 AND 2574079
	Aggregate  (cost=47.70..47.71 rows=1 width=8)
	  ->  Index Scan using sbtest2_pkey on sbtest2  (cost=0.43..47.67 rows=11 width=4)
	        Index Cond: ((id >= 2574070) AND (id <= 2574079))

table 3 : explain SELECT SUM(k) FROM sbtest3 WHERE id BETWEEN 7169952 AND 7169961
	Aggregate  (cost=43.93..43.94 rows=1 width=8)
	  ->  Index Scan using sbtest3_pkey on sbtest3  (cost=0.43..43.91 rows=10 width=4)
	        Index Cond: ((id >= 7169952) AND (id <= 7169961))

table 4 : explain SELECT SUM(k) FROM sbtest4 WHERE id BETWEEN 6192084 AND 6192093
	Aggregate  (cost=47.85..47.86 rows=1 width=8)
	  ->  Index Scan using sbtest4_pkey on sbtest4  (cost=0.43..47.83 rows=11 width=4)
	        Index Cond: ((id >= 6192084) AND (id <= 6192093))

table 5 : explain SELECT SUM(k) FROM sbtest5 WHERE id BETWEEN 9814118 AND 9814127
	Aggregate  (cost=43.72..43.73 rows=1 width=8)
	  ->  Index Scan using sbtest5_pkey on sbtest5  (cost=0.43..43.70 rows=10 width=4)
	        Index Cond: ((id >= 9814118) AND (id <= 9814127))

table 6 : explain SELECT SUM(k) FROM sbtest6 WHERE id BETWEEN 5331571 AND 5331580
	Aggregate  (cost=43.81..43.82 rows=1 width=8)
	  ->  Index Scan using sbtest6_pkey on sbtest6  (cost=0.43..43.79 rows=10 width=4)
	        Index Cond: ((id >= 5331571) AND (id <= 5331580))

table 7 : explain SELECT SUM(k) FROM sbtest7 WHERE id BETWEEN 2736834 AND 2736843
	Aggregate  (cost=43.75..43.76 rows=1 width=8)
	  ->  Index Scan using sbtest7_pkey on sbtest7  (cost=0.43..43.73 rows=10 width=4)
	        Index Cond: ((id >= 2736834) AND (id <= 2736843))

table 8 : explain SELECT SUM(k) FROM sbtest8 WHERE id BETWEEN 1420717 AND 1420726
	Aggregate  (cost=43.80..43.81 rows=1 width=8)
	  ->  Index Scan using sbtest8_pkey on sbtest8  (cost=0.43..43.77 rows=10 width=4)
	        Index Cond: ((id >= 1420717) AND (id <= 1420726))

for: order_ranges
table 1 : explain SELECT c FROM sbtest1 WHERE id BETWEEN 5339654 AND 5339663 ORDER BY c
	Sort  (cost=47.89..47.92 rows=11 width=121)
	  Sort Key: c
	  ->  Index Scan using sbtest1_pkey on sbtest1  (cost=0.43..47.70 rows=11 width=121)
	        Index Cond: ((id >= 5339654) AND (id <= 5339663))

table 2 : explain SELECT c FROM sbtest2 WHERE id BETWEEN 5895493 AND 5895502 ORDER BY c
	Sort  (cost=43.92..43.94 rows=10 width=121)
	  Sort Key: c
	  ->  Index Scan using sbtest2_pkey on sbtest2  (cost=0.43..43.75 rows=10 width=121)
	        Index Cond: ((id >= 5895493) AND (id <= 5895502))

table 3 : explain SELECT c FROM sbtest3 WHERE id BETWEEN 5755038 AND 5755047 ORDER BY c
	Sort  (cost=44.07..44.10 rows=10 width=121)
	  Sort Key: c
	  ->  Index Scan using sbtest3_pkey on sbtest3  (cost=0.43..43.91 rows=10 width=121)
	        Index Cond: ((id >= 5755038) AND (id <= 5755047))

table 4 : explain SELECT c FROM sbtest4 WHERE id BETWEEN 829145 AND 829154 ORDER BY c
	Sort  (cost=40.09..40.12 rows=9 width=121)
	  Sort Key: c
	  ->  Index Scan using sbtest4_pkey on sbtest4  (cost=0.43..39.95 rows=9 width=121)
	        Index Cond: ((id >= 829145) AND (id <= 829154))

table 5 : explain SELECT c FROM sbtest5 WHERE id BETWEEN 791678 AND 791687 ORDER BY c
	Sort  (cost=39.92..39.94 rows=9 width=121)
	  Sort Key: c
	  ->  Index Scan using sbtest5_pkey on sbtest5  (cost=0.43..39.78 rows=9 width=121)
	        Index Cond: ((id >= 791678) AND (id <= 791687))

table 6 : explain SELECT c FROM sbtest6 WHERE id BETWEEN 9028439 AND 9028448 ORDER BY c
	Sort  (cost=47.91..47.93 rows=11 width=121)
	  Sort Key: c
	  ->  Index Scan using sbtest6_pkey on sbtest6  (cost=0.43..47.72 rows=11 width=121)
	        Index Cond: ((id >= 9028439) AND (id <= 9028448))

table 7 : explain SELECT c FROM sbtest7 WHERE id BETWEEN 7732033 AND 7732042 ORDER BY c
	Sort  (cost=43.89..43.92 rows=10 width=121)
	  Sort Key: c
	  ->  Index Scan using sbtest7_pkey on sbtest7  (cost=0.43..43.73 rows=10 width=121)
	        Index Cond: ((id >= 7732033) AND (id <= 7732042))

table 8 : explain SELECT c FROM sbtest8 WHERE id BETWEEN 1523963 AND 1523972 ORDER BY c
	Sort  (cost=43.94..43.96 rows=10 width=121)
	  Sort Key: c
	  ->  Index Scan using sbtest8_pkey on sbtest8  (cost=0.43..43.77 rows=10 width=121)
	        Index Cond: ((id >= 1523963) AND (id <= 1523972))

for: order_ranges
table 1 : explain SELECT c FROM sbtest1 WHERE id BETWEEN 5931555 AND 5931564 ORDER BY c
	Sort  (cost=43.94..43.97 rows=10 width=121)
	  Sort Key: c
	  ->  Index Scan using sbtest1_pkey on sbtest1  (cost=0.43..43.78 rows=10 width=121)
	        Index Cond: ((id >= 5931555) AND (id <= 5931564))

table 2 : explain SELECT c FROM sbtest2 WHERE id BETWEEN 935236 AND 935245 ORDER BY c
	Sort  (cost=43.92..43.94 rows=10 width=121)
	  Sort Key: c
	  ->  Index Scan using sbtest2_pkey on sbtest2  (cost=0.43..43.75 rows=10 width=121)
	        Index Cond: ((id >= 935236) AND (id <= 935245))

table 3 : explain SELECT c FROM sbtest3 WHERE id BETWEEN 5773676 AND 5773685 ORDER BY c
	Sort  (cost=44.07..44.10 rows=10 width=121)
	  Sort Key: c
	  ->  Index Scan using sbtest3_pkey on sbtest3  (cost=0.43..43.91 rows=10 width=121)
	        Index Cond: ((id >= 5773676) AND (id <= 5773685))

table 4 : explain SELECT c FROM sbtest4 WHERE id BETWEEN 1040835 AND 1040844 ORDER BY c
	Sort  (cost=44.05..44.08 rows=10 width=121)
	  Sort Key: c
	  ->  Index Scan using sbtest4_pkey on sbtest4  (cost=0.43..43.89 rows=10 width=121)
	        Index Cond: ((id >= 1040835) AND (id <= 1040844))

table 5 : explain SELECT c FROM sbtest5 WHERE id BETWEEN 4444711 AND 4444720 ORDER BY c
	Sort  (cost=43.86..43.89 rows=10 width=121)
	  Sort Key: c
	  ->  Index Scan using sbtest5_pkey on sbtest5  (cost=0.43..43.70 rows=10 width=121)
	        Index Cond: ((id >= 4444711) AND (id <= 4444720))

table 6 : explain SELECT c FROM sbtest6 WHERE id BETWEEN 4457223 AND 4457232 ORDER BY c
	Sort  (cost=47.91..47.93 rows=11 width=121)
	  Sort Key: c
	  ->  Index Scan using sbtest6_pkey on sbtest6  (cost=0.43..47.72 rows=11 width=121)
	        Index Cond: ((id >= 4457223) AND (id <= 4457232))

table 7 : explain SELECT c FROM sbtest7 WHERE id BETWEEN 3768991 AND 3769000 ORDER BY c
	Sort  (cost=43.89..43.92 rows=10 width=121)
	  Sort Key: c
	  ->  Index Scan using sbtest7_pkey on sbtest7  (cost=0.43..43.73 rows=10 width=121)
	        Index Cond: ((id >= 3768991) AND (id <= 3769000))

table 8 : explain SELECT c FROM sbtest8 WHERE id BETWEEN 5320054 AND 5320063 ORDER BY c
	Sort  (cost=43.94..43.96 rows=10 width=121)
	  Sort Key: c
	  ->  Index Scan using sbtest8_pkey on sbtest8  (cost=0.43..43.77 rows=10 width=121)
	        Index Cond: ((id >= 5320054) AND (id <= 5320063))

for: order_ranges
table 1 : explain SELECT c FROM sbtest1 WHERE id BETWEEN 6915682 AND 6915691 ORDER BY c
	Sort  (cost=43.94..43.97 rows=10 width=121)
	  Sort Key: c
	  ->  Index Scan using sbtest1_pkey on sbtest1  (cost=0.43..43.78 rows=10 width=121)
	        Index Cond: ((id >= 6915682) AND (id <= 6915691))

table 2 : explain SELECT c FROM sbtest2 WHERE id BETWEEN 1127493 AND 1127502 ORDER BY c
	Sort  (cost=47.86..47.89 rows=11 width=121)
	  Sort Key: c
	  ->  Index Scan using sbtest2_pkey on sbtest2  (cost=0.43..47.67 rows=11 width=121)
	        Index Cond: ((id >= 1127493) AND (id <= 1127502))

table 3 : explain SELECT c FROM sbtest3 WHERE id BETWEEN 3194126 AND 3194135 ORDER BY c
	Sort  (cost=44.07..44.10 rows=10 width=121)
	  Sort Key: c
	  ->  Index Scan using sbtest3_pkey on sbtest3  (cost=0.43..43.91 rows=10 width=121)
	        Index Cond: ((id >= 3194126) AND (id <= 3194135))

table 4 : explain SELECT c FROM sbtest4 WHERE id BETWEEN 7982580 AND 7982589 ORDER BY c
	Sort  (cost=48.02..48.04 rows=11 width=121)
	  Sort Key: c
	  ->  Index Scan using sbtest4_pkey on sbtest4  (cost=0.43..47.83 rows=11 width=121)
	        Index Cond: ((id >= 7982580) AND (id <= 7982589))

table 5 : explain SELECT c FROM sbtest5 WHERE id BETWEEN 8710071 AND 8710080 ORDER BY c
	Sort  (cost=43.86..43.89 rows=10 width=121)
	  Sort Key: c
	  ->  Index Scan using sbtest5_pkey on sbtest5  (cost=0.43..43.70 rows=10 width=121)
	        Index Cond: ((id >= 8710071) AND (id <= 8710080))

table 6 : explain SELECT c FROM sbtest6 WHERE id BETWEEN 529262 AND 529271 ORDER BY c
	Sort  (cost=43.96..43.98 rows=10 width=121)
	  Sort Key: c
	  ->  Index Scan using sbtest6_pkey on sbtest6  (cost=0.43..43.79 rows=10 width=121)
	        Index Cond: ((id >= 529262) AND (id <= 529271))

table 7 : explain SELECT c FROM sbtest7 WHERE id BETWEEN 2640112 AND 2640121 ORDER BY c
	Sort  (cost=43.89..43.92 rows=10 width=121)
	  Sort Key: c
	  ->  Index Scan using sbtest7_pkey on sbtest7  (cost=0.43..43.73 rows=10 width=121)
	        Index Cond: ((id >= 2640112) AND (id <= 2640121))

table 8 : explain SELECT c FROM sbtest8 WHERE id BETWEEN 7681414 AND 7681423 ORDER BY c
	Sort  (cost=43.94..43.96 rows=10 width=121)
	  Sort Key: c
	  ->  Index Scan using sbtest8_pkey on sbtest8  (cost=0.43..43.77 rows=10 width=121)
	        Index Cond: ((id >= 7681414) AND (id <= 7681423))

for: distinct_ranges
table 1 : explain SELECT DISTINCT c FROM sbtest1 WHERE id BETWEEN 1512096 AND 1512105 ORDER BY c
	Unique  (cost=43.94..43.99 rows=10 width=121)
	  ->  Sort  (cost=43.94..43.97 rows=10 width=121)
	        Sort Key: c
	        ->  Index Scan using sbtest1_pkey on sbtest1  (cost=0.43..43.78 rows=10 width=121)
	              Index Cond: ((id >= 1512096) AND (id <= 1512105))

table 2 : explain SELECT DISTINCT c FROM sbtest2 WHERE id BETWEEN 5135357 AND 5135366 ORDER BY c
	Unique  (cost=43.92..43.97 rows=10 width=121)
	  ->  Sort  (cost=43.92..43.94 rows=10 width=121)
	        Sort Key: c
	        ->  Index Scan using sbtest2_pkey on sbtest2  (cost=0.43..43.75 rows=10 width=121)
	              Index Cond: ((id >= 5135357) AND (id <= 5135366))

table 3 : explain SELECT DISTINCT c FROM sbtest3 WHERE id BETWEEN 8640954 AND 8640963 ORDER BY c
	Unique  (cost=40.11..40.15 rows=9 width=121)
	  ->  Sort  (cost=40.11..40.13 rows=9 width=121)
	        Sort Key: c
	        ->  Index Scan using sbtest3_pkey on sbtest3  (cost=0.43..39.97 rows=9 width=121)
	              Index Cond: ((id >= 8640954) AND (id <= 8640963))

table 4 : explain SELECT DISTINCT c FROM sbtest4 WHERE id BETWEEN 7523734 AND 7523743 ORDER BY c
	Unique  (cost=48.02..48.07 rows=11 width=121)
	  ->  Sort  (cost=48.02..48.04 rows=11 width=121)
	        Sort Key: c
	        ->  Index Scan using sbtest4_pkey on sbtest4  (cost=0.43..47.83 rows=11 width=121)
	              Index Cond: ((id >= 7523734) AND (id <= 7523743))

table 5 : explain SELECT DISTINCT c FROM sbtest5 WHERE id BETWEEN 3269578 AND 3269587 ORDER BY c
	Unique  (cost=43.86..43.91 rows=10 width=121)
	  ->  Sort  (cost=43.86..43.89 rows=10 width=121)
	        Sort Key: c
	        ->  Index Scan using sbtest5_pkey on sbtest5  (cost=0.43..43.70 rows=10 width=121)
	              Index Cond: ((id >= 3269578) AND (id <= 3269587))

table 6 : explain SELECT DISTINCT c FROM sbtest6 WHERE id BETWEEN 7256209 AND 7256218 ORDER BY c
	Unique  (cost=43.96..44.01 rows=10 width=121)
	  ->  Sort  (cost=43.96..43.98 rows=10 width=121)
	        Sort Key: c
	        ->  Index Scan using sbtest6_pkey on sbtest6  (cost=0.43..43.79 rows=10 width=121)
	              Index Cond: ((id >= 7256209) AND (id <= 7256218))

table 7 : explain SELECT DISTINCT c FROM sbtest7 WHERE id BETWEEN 9419218 AND 9419227 ORDER BY c
	Unique  (cost=43.89..43.94 rows=10 width=121)
	  ->  Sort  (cost=43.89..43.92 rows=10 width=121)
	        Sort Key: c
	        ->  Index Scan using sbtest7_pkey on sbtest7  (cost=0.43..43.73 rows=10 width=121)
	              Index Cond: ((id >= 9419218) AND (id <= 9419227))

table 8 : explain SELECT DISTINCT c FROM sbtest8 WHERE id BETWEEN 7837235 AND 7837244 ORDER BY c
	Unique  (cost=43.94..43.99 rows=10 width=121)
	  ->  Sort  (cost=43.94..43.96 rows=10 width=121)
	        Sort Key: c
	        ->  Index Scan using sbtest8_pkey on sbtest8  (cost=0.43..43.77 rows=10 width=121)
	              Index Cond: ((id >= 7837235) AND (id <= 7837244))

for: distinct_ranges
table 1 : explain SELECT DISTINCT c FROM sbtest1 WHERE id BETWEEN 9075880 AND 9075889 ORDER BY c
	Unique  (cost=43.94..43.99 rows=10 width=121)
	  ->  Sort  (cost=43.94..43.97 rows=10 width=121)
	        Sort Key: c
	        ->  Index Scan using sbtest1_pkey on sbtest1  (cost=0.43..43.78 rows=10 width=121)
	              Index Cond: ((id >= 9075880) AND (id <= 9075889))

table 2 : explain SELECT DISTINCT c FROM sbtest2 WHERE id BETWEEN 5468917 AND 5468926 ORDER BY c
	Unique  (cost=39.97..40.02 rows=9 width=121)
	  ->  Sort  (cost=39.97..39.99 rows=9 width=121)
	        Sort Key: c
	        ->  Index Scan using sbtest2_pkey on sbtest2  (cost=0.43..39.83 rows=9 width=121)
	              Index Cond: ((id >= 5468917) AND (id <= 5468926))

table 3 : explain SELECT DISTINCT c FROM sbtest3 WHERE id BETWEEN 3970599 AND 3970608 ORDER BY c
	Unique  (cost=48.03..48.09 rows=11 width=121)
	  ->  Sort  (cost=48.03..48.06 rows=11 width=121)
	        Sort Key: c
	        ->  Index Scan using sbtest3_pkey on sbtest3  (cost=0.43..47.84 rows=11 width=121)
	              Index Cond: ((id >= 3970599) AND (id <= 3970608))

table 4 : explain SELECT DISTINCT c FROM sbtest4 WHERE id BETWEEN 1546813 AND 1546822 ORDER BY c
	Unique  (cost=44.05..44.10 rows=10 width=121)
	  ->  Sort  (cost=44.05..44.08 rows=10 width=121)
	        Sort Key: c
	        ->  Index Scan using sbtest4_pkey on sbtest4  (cost=0.43..43.89 rows=10 width=121)
	              Index Cond: ((id >= 1546813) AND (id <= 1546822))

table 5 : explain SELECT DISTINCT c FROM sbtest5 WHERE id BETWEEN 7354501 AND 7354510 ORDER BY c
	Unique  (cost=43.86..43.91 rows=10 width=121)
	  ->  Sort  (cost=43.86..43.89 rows=10 width=121)
	        Sort Key: c
	        ->  Index Scan using sbtest5_pkey on sbtest5  (cost=0.43..43.70 rows=10 width=121)
	              Index Cond: ((id >= 7354501) AND (id <= 7354510))

table 6 : explain SELECT DISTINCT c FROM sbtest6 WHERE id BETWEEN 6356781 AND 6356790 ORDER BY c
	Unique  (cost=40.01..40.05 rows=9 width=121)
	  ->  Sort  (cost=40.01..40.03 rows=9 width=121)
	        Sort Key: c
	        ->  Index Scan using sbtest6_pkey on sbtest6  (cost=0.43..39.86 rows=9 width=121)
	              Index Cond: ((id >= 6356781) AND (id <= 6356790))

table 7 : explain SELECT DISTINCT c FROM sbtest7 WHERE id BETWEEN 7954470 AND 7954479 ORDER BY c
	Unique  (cost=43.89..43.94 rows=10 width=121)
	  ->  Sort  (cost=43.89..43.92 rows=10 width=121)
	        Sort Key: c
	        ->  Index Scan using sbtest7_pkey on sbtest7  (cost=0.43..43.73 rows=10 width=121)
	              Index Cond: ((id >= 7954470) AND (id <= 7954479))

table 8 : explain SELECT DISTINCT c FROM sbtest8 WHERE id BETWEEN 9848080 AND 9848089 ORDER BY c
	Unique  (cost=43.94..43.99 rows=10 width=121)
	  ->  Sort  (cost=43.94..43.96 rows=10 width=121)
	        Sort Key: c
	        ->  Index Scan using sbtest8_pkey on sbtest8  (cost=0.43..43.77 rows=10 width=121)
	              Index Cond: ((id >= 9848080) AND (id <= 9848089))

for: distinct_ranges
table 1 : explain SELECT DISTINCT c FROM sbtest1 WHERE id BETWEEN 2795035 AND 2795044 ORDER BY c
	Unique  (cost=39.99..40.04 rows=9 width=121)
	  ->  Sort  (cost=39.99..40.02 rows=9 width=121)
	        Sort Key: c
	        ->  Index Scan using sbtest1_pkey on sbtest1  (cost=0.43..39.85 rows=9 width=121)
	              Index Cond: ((id >= 2795035) AND (id <= 2795044))

table 2 : explain SELECT DISTINCT c FROM sbtest2 WHERE id BETWEEN 479743 AND 479752 ORDER BY c
	Unique  (cost=39.97..40.02 rows=9 width=121)
	  ->  Sort  (cost=39.97..39.99 rows=9 width=121)
	        Sort Key: c
	        ->  Index Scan using sbtest2_pkey on sbtest2  (cost=0.43..39.83 rows=9 width=121)
	              Index Cond: ((id >= 479743) AND (id <= 479752))

table 3 : explain SELECT DISTINCT c FROM sbtest3 WHERE id BETWEEN 6605853 AND 6605862 ORDER BY c
	Unique  (cost=44.07..44.12 rows=10 width=121)
	  ->  Sort  (cost=44.07..44.10 rows=10 width=121)
	        Sort Key: c
	        ->  Index Scan using sbtest3_pkey on sbtest3  (cost=0.43..43.91 rows=10 width=121)
	              Index Cond: ((id >= 6605853) AND (id <= 6605862))

table 4 : explain SELECT DISTINCT c FROM sbtest4 WHERE id BETWEEN 3474892 AND 3474901 ORDER BY c
	Unique  (cost=44.05..44.10 rows=10 width=121)
	  ->  Sort  (cost=44.05..44.08 rows=10 width=121)
	        Sort Key: c
	        ->  Index Scan using sbtest4_pkey on sbtest4  (cost=0.43..43.89 rows=10 width=121)
	              Index Cond: ((id >= 3474892) AND (id <= 3474901))

table 5 : explain SELECT DISTINCT c FROM sbtest5 WHERE id BETWEEN 1339004 AND 1339013 ORDER BY c
	Unique  (cost=43.86..43.91 rows=10 width=121)
	  ->  Sort  (cost=43.86..43.89 rows=10 width=121)
	        Sort Key: c
	        ->  Index Scan using sbtest5_pkey on sbtest5  (cost=0.43..43.70 rows=10 width=121)
	              Index Cond: ((id >= 1339004) AND (id <= 1339013))

table 6 : explain SELECT DISTINCT c FROM sbtest6 WHERE id BETWEEN 1683191 AND 1683200 ORDER BY c
	Unique  (cost=43.96..44.01 rows=10 width=121)
	  ->  Sort  (cost=43.96..43.98 rows=10 width=121)
	        Sort Key: c
	        ->  Index Scan using sbtest6_pkey on sbtest6  (cost=0.43..43.79 rows=10 width=121)
	              Index Cond: ((id >= 1683191) AND (id <= 1683200))

table 7 : explain SELECT DISTINCT c FROM sbtest7 WHERE id BETWEEN 9315532 AND 9315541 ORDER BY c
	Unique  (cost=43.89..43.94 rows=10 width=121)
	  ->  Sort  (cost=43.89..43.92 rows=10 width=121)
	        Sort Key: c
	        ->  Index Scan using sbtest7_pkey on sbtest7  (cost=0.43..43.73 rows=10 width=121)
	              Index Cond: ((id >= 9315532) AND (id <= 9315541))

table 8 : explain SELECT DISTINCT c FROM sbtest8 WHERE id BETWEEN 5087900 AND 5087909 ORDER BY c
	Unique  (cost=43.94..43.99 rows=10 width=121)
	  ->  Sort  (cost=43.94..43.96 rows=10 width=121)
	        Sort Key: c
	        ->  Index Scan using sbtest8_pkey on sbtest8  (cost=0.43..43.77 rows=10 width=121)
	              Index Cond: ((id >= 5087900) AND (id <= 5087909))

for: distinct_ranges
table 1 : explain SELECT DISTINCT c FROM sbtest1 WHERE id BETWEEN 227829 AND 227838 ORDER BY c
	Unique  (cost=39.99..40.04 rows=9 width=121)
	  ->  Sort  (cost=39.99..40.02 rows=9 width=121)
	        Sort Key: c
	        ->  Index Scan using sbtest1_pkey on sbtest1  (cost=0.43..39.85 rows=9 width=121)
	              Index Cond: ((id >= 227829) AND (id <= 227838))

table 2 : explain SELECT DISTINCT c FROM sbtest2 WHERE id BETWEEN 6645374 AND 6645383 ORDER BY c
	Unique  (cost=43.92..43.97 rows=10 width=121)
	  ->  Sort  (cost=43.92..43.94 rows=10 width=121)
	        Sort Key: c
	        ->  Index Scan using sbtest2_pkey on sbtest2  (cost=0.43..43.75 rows=10 width=121)
	              Index Cond: ((id >= 6645374) AND (id <= 6645383))

table 3 : explain SELECT DISTINCT c FROM sbtest3 WHERE id BETWEEN 8925257 AND 8925266 ORDER BY c
	Unique  (cost=44.07..44.12 rows=10 width=121)
	  ->  Sort  (cost=44.07..44.10 rows=10 width=121)
	        Sort Key: c
	        ->  Index Scan using sbtest3_pkey on sbtest3  (cost=0.43..43.91 rows=10 width=121)
	              Index Cond: ((id >= 8925257) AND (id <= 8925266))

table 4 : explain SELECT DISTINCT c FROM sbtest4 WHERE id BETWEEN 2041258 AND 2041267 ORDER BY c
	Unique  (cost=44.05..44.10 rows=10 width=121)
	  ->  Sort  (cost=44.05..44.08 rows=10 width=121)
	        Sort Key: c
	        ->  Index Scan using sbtest4_pkey on sbtest4  (cost=0.43..43.89 rows=10 width=121)
	              Index Cond: ((id >= 2041258) AND (id <= 2041267))

table 5 : explain SELECT DISTINCT c FROM sbtest5 WHERE id BETWEEN 6725174 AND 6725183 ORDER BY c
	Unique  (cost=43.86..43.91 rows=10 width=121)
	  ->  Sort  (cost=43.86..43.89 rows=10 width=121)
	        Sort Key: c
	        ->  Index Scan using sbtest5_pkey on sbtest5  (cost=0.43..43.70 rows=10 width=121)
	              Index Cond: ((id >= 6725174) AND (id <= 6725183))

table 6 : explain SELECT DISTINCT c FROM sbtest6 WHERE id BETWEEN 2241409 AND 2241418 ORDER BY c
	Unique  (cost=43.96..44.01 rows=10 width=121)
	  ->  Sort  (cost=43.96..43.98 rows=10 width=121)
	        Sort Key: c
	        ->  Index Scan using sbtest6_pkey on sbtest6  (cost=0.43..43.79 rows=10 width=121)
	              Index Cond: ((id >= 2241409) AND (id <= 2241418))

table 7 : explain SELECT DISTINCT c FROM sbtest7 WHERE id BETWEEN 8027596 AND 8027605 ORDER BY c
	Unique  (cost=43.89..43.94 rows=10 width=121)
	  ->  Sort  (cost=43.89..43.92 rows=10 width=121)
	        Sort Key: c
	        ->  Index Scan using sbtest7_pkey on sbtest7  (cost=0.43..43.73 rows=10 width=121)
	              Index Cond: ((id >= 8027596) AND (id <= 8027605))

table 8 : explain SELECT DISTINCT c FROM sbtest8 WHERE id BETWEEN 2710996 AND 2711005 ORDER BY c
	Unique  (cost=43.94..43.99 rows=10 width=121)
	  ->  Sort  (cost=43.94..43.96 rows=10 width=121)
	        Sort Key: c
	        ->  Index Scan using sbtest8_pkey on sbtest8  (cost=0.43..43.77 rows=10 width=121)
	              Index Cond: ((id >= 2710996) AND (id <= 2711005))

for: order_ranges
table 1 : explain SELECT c FROM sbtest1 WHERE id BETWEEN 4968128 AND 4968137 ORDER BY c
	Sort  (cost=43.94..43.97 rows=10 width=121)
	  Sort Key: c
	  ->  Index Scan using sbtest1_pkey on sbtest1  (cost=0.43..43.78 rows=10 width=121)
	        Index Cond: ((id >= 4968128) AND (id <= 4968137))

table 2 : explain SELECT c FROM sbtest2 WHERE id BETWEEN 9892738 AND 9892747 ORDER BY c
	Sort  (cost=43.92..43.94 rows=10 width=121)
	  Sort Key: c
	  ->  Index Scan using sbtest2_pkey on sbtest2  (cost=0.43..43.75 rows=10 width=121)
	        Index Cond: ((id >= 9892738) AND (id <= 9892747))

table 3 : explain SELECT c FROM sbtest3 WHERE id BETWEEN 5551466 AND 5551475 ORDER BY c
	Sort  (cost=44.07..44.10 rows=10 width=121)
	  Sort Key: c
	  ->  Index Scan using sbtest3_pkey on sbtest3  (cost=0.43..43.91 rows=10 width=121)
	        Index Cond: ((id >= 5551466) AND (id <= 5551475))

table 4 : explain SELECT c FROM sbtest4 WHERE id BETWEEN 7671935 AND 7671944 ORDER BY c
	Sort  (cost=44.05..44.08 rows=10 width=121)
	  Sort Key: c
	  ->  Index Scan using sbtest4_pkey on sbtest4  (cost=0.43..43.89 rows=10 width=121)
	        Index Cond: ((id >= 7671935) AND (id <= 7671944))

table 5 : explain SELECT c FROM sbtest5 WHERE id BETWEEN 4745755 AND 4745764 ORDER BY c
	Sort  (cost=47.80..47.83 rows=11 width=121)
	  Sort Key: c
	  ->  Index Scan using sbtest5_pkey on sbtest5  (cost=0.43..47.61 rows=11 width=121)
	        Index Cond: ((id >= 4745755) AND (id <= 4745764))

table 6 : explain SELECT c FROM sbtest6 WHERE id BETWEEN 8804026 AND 8804035 ORDER BY c
	Sort  (cost=43.96..43.98 rows=10 width=121)
	  Sort Key: c
	  ->  Index Scan using sbtest6_pkey on sbtest6  (cost=0.43..43.79 rows=10 width=121)
	        Index Cond: ((id >= 8804026) AND (id <= 8804035))

table 7 : explain SELECT c FROM sbtest7 WHERE id BETWEEN 4459715 AND 4459724 ORDER BY c
	Sort  (cost=43.89..43.92 rows=10 width=121)
	  Sort Key: c
	  ->  Index Scan using sbtest7_pkey on sbtest7  (cost=0.43..43.73 rows=10 width=121)
	        Index Cond: ((id >= 4459715) AND (id <= 4459724))

table 8 : explain SELECT c FROM sbtest8 WHERE id BETWEEN 2889333 AND 2889342 ORDER BY c
	Sort  (cost=43.94..43.96 rows=10 width=121)
	  Sort Key: c
	  ->  Index Scan using sbtest8_pkey on sbtest8  (cost=0.43..43.77 rows=10 width=121)
	        Index Cond: ((id >= 2889333) AND (id <= 2889342))

for: distinct_ranges
table 1 : explain SELECT DISTINCT c FROM sbtest1 WHERE id BETWEEN 327632 AND 327641 ORDER BY c
	Unique  (cost=43.94..43.99 rows=10 width=121)
	  ->  Sort  (cost=43.94..43.97 rows=10 width=121)
	        Sort Key: c
	        ->  Index Scan using sbtest1_pkey on sbtest1  (cost=0.43..43.78 rows=10 width=121)
	              Index Cond: ((id >= 327632) AND (id <= 327641))

table 2 : explain SELECT DISTINCT c FROM sbtest2 WHERE id BETWEEN 2203788 AND 2203797 ORDER BY c
	Unique  (cost=43.92..43.97 rows=10 width=121)
	  ->  Sort  (cost=43.92..43.94 rows=10 width=121)
	        Sort Key: c
	        ->  Index Scan using sbtest2_pkey on sbtest2  (cost=0.43..43.75 rows=10 width=121)
	              Index Cond: ((id >= 2203788) AND (id <= 2203797))

table 3 : explain SELECT DISTINCT c FROM sbtest3 WHERE id BETWEEN 6912650 AND 6912659 ORDER BY c
	Unique  (cost=44.07..44.12 rows=10 width=121)
	  ->  Sort  (cost=44.07..44.10 rows=10 width=121)
	        Sort Key: c
	        ->  Index Scan using sbtest3_pkey on sbtest3  (cost=0.43..43.91 rows=10 width=121)
	              Index Cond: ((id >= 6912650) AND (id <= 6912659))

table 4 : explain SELECT DISTINCT c FROM sbtest4 WHERE id BETWEEN 8968416 AND 8968425 ORDER BY c
	Unique  (cost=48.02..48.07 rows=11 width=121)
	  ->  Sort  (cost=48.02..48.04 rows=11 width=121)
	        Sort Key: c
	        ->  Index Scan using sbtest4_pkey on sbtest4  (cost=0.43..47.83 rows=11 width=121)
	              Index Cond: ((id >= 8968416) AND (id <= 8968425))

table 5 : explain SELECT DISTINCT c FROM sbtest5 WHERE id BETWEEN 557335 AND 557344 ORDER BY c
	Unique  (cost=39.92..39.97 rows=9 width=121)
	  ->  Sort  (cost=39.92..39.94 rows=9 width=121)
	        Sort Key: c
	        ->  Index Scan using sbtest5_pkey on sbtest5  (cost=0.43..39.78 rows=9 width=121)
	              Index Cond: ((id >= 557335) AND (id <= 557344))

table 6 : explain SELECT DISTINCT c FROM sbtest6 WHERE id BETWEEN 8022861 AND 8022870 ORDER BY c
	Unique  (cost=43.96..44.01 rows=10 width=121)
	  ->  Sort  (cost=43.96..43.98 rows=10 width=121)
	        Sort Key: c
	        ->  Index Scan using sbtest6_pkey on sbtest6  (cost=0.43..43.79 rows=10 width=121)
	              Index Cond: ((id >= 8022861) AND (id <= 8022870))

table 7 : explain SELECT DISTINCT c FROM sbtest7 WHERE id BETWEEN 7304592 AND 7304601 ORDER BY c
	Unique  (cost=43.89..43.94 rows=10 width=121)
	  ->  Sort  (cost=43.89..43.92 rows=10 width=121)
	        Sort Key: c
	        ->  Index Scan using sbtest7_pkey on sbtest7  (cost=0.43..43.73 rows=10 width=121)
	              Index Cond: ((id >= 7304592) AND (id <= 7304601))

table 8 : explain SELECT DISTINCT c FROM sbtest8 WHERE id BETWEEN 5969763 AND 5969772 ORDER BY c
	Unique  (cost=43.94..43.99 rows=10 width=121)
	  ->  Sort  (cost=43.94..43.96 rows=10 width=121)
	        Sort Key: c
	        ->  Index Scan using sbtest8_pkey on sbtest8  (cost=0.43..43.77 rows=10 width=121)
	              Index Cond: ((id >= 5969763) AND (id <= 5969772))

for: order_ranges
table 1 : explain SELECT c FROM sbtest1 WHERE id BETWEEN 6994214 AND 6994223 ORDER BY c
	Sort  (cost=43.94..43.97 rows=10 width=121)
	  Sort Key: c
	  ->  Index Scan using sbtest1_pkey on sbtest1  (cost=0.43..43.78 rows=10 width=121)
	        Index Cond: ((id >= 6994214) AND (id <= 6994223))

table 2 : explain SELECT c FROM sbtest2 WHERE id BETWEEN 878466 AND 878475 ORDER BY c
	Sort  (cost=43.92..43.94 rows=10 width=121)
	  Sort Key: c
	  ->  Index Scan using sbtest2_pkey on sbtest2  (cost=0.43..43.75 rows=10 width=121)
	        Index Cond: ((id >= 878466) AND (id <= 878475))

table 3 : explain SELECT c FROM sbtest3 WHERE id BETWEEN 1842221 AND 1842230 ORDER BY c
	Sort  (cost=44.07..44.10 rows=10 width=121)
	  Sort Key: c
	  ->  Index Scan using sbtest3_pkey on sbtest3  (cost=0.43..43.91 rows=10 width=121)
	        Index Cond: ((id >= 1842221) AND (id <= 1842230))

table 4 : explain SELECT c FROM sbtest4 WHERE id BETWEEN 200206 AND 200215 ORDER BY c
	Sort  (cost=44.05..44.08 rows=10 width=121)
	  Sort Key: c
	  ->  Index Scan using sbtest4_pkey on sbtest4  (cost=0.43..43.89 rows=10 width=121)
	        Index Cond: ((id >= 200206) AND (id <= 200215))

table 5 : explain SELECT c FROM sbtest5 WHERE id BETWEEN 8743244 AND 8743253 ORDER BY c
	Sort  (cost=43.86..43.89 rows=10 width=121)
	  Sort Key: c
	  ->  Index Scan using sbtest5_pkey on sbtest5  (cost=0.43..43.70 rows=10 width=121)
	        Index Cond: ((id >= 8743244) AND (id <= 8743253))

table 6 : explain SELECT c FROM sbtest6 WHERE id BETWEEN 8665262 AND 8665271 ORDER BY c
	Sort  (cost=47.91..47.93 rows=11 width=121)
	  Sort Key: c
	  ->  Index Scan using sbtest6_pkey on sbtest6  (cost=0.43..47.72 rows=11 width=121)
	        Index Cond: ((id >= 8665262) AND (id <= 8665271))

table 7 : explain SELECT c FROM sbtest7 WHERE id BETWEEN 4590210 AND 4590219 ORDER BY c
	Sort  (cost=47.84..47.86 rows=11 width=121)
	  Sort Key: c
	  ->  Index Scan using sbtest7_pkey on sbtest7  (cost=0.43..47.65 rows=11 width=121)
	        Index Cond: ((id >= 4590210) AND (id <= 4590219))

table 8 : explain SELECT c FROM sbtest8 WHERE id BETWEEN 7393753 AND 7393762 ORDER BY c
	Sort  (cost=47.89..47.92 rows=11 width=121)
	  Sort Key: c
	  ->  Index Scan using sbtest8_pkey on sbtest8  (cost=0.43..47.70 rows=11 width=121)
	        Index Cond: ((id >= 7393753) AND (id <= 7393762))

for: order_ranges
table 1 : explain SELECT c FROM sbtest1 WHERE id BETWEEN 9919182 AND 9919191 ORDER BY c
	Sort  (cost=43.94..43.97 rows=10 width=121)
	  Sort Key: c
	  ->  Index Scan using sbtest1_pkey on sbtest1  (cost=0.43..43.78 rows=10 width=121)
	        Index Cond: ((id >= 9919182) AND (id <= 9919191))

table 2 : explain SELECT c FROM sbtest2 WHERE id BETWEEN 9496129 AND 9496138 ORDER BY c
	Sort  (cost=39.97..39.99 rows=9 width=121)
	  Sort Key: c
	  ->  Index Scan using sbtest2_pkey on sbtest2  (cost=0.43..39.83 rows=9 width=121)
	        Index Cond: ((id >= 9496129) AND (id <= 9496138))

table 3 : explain SELECT c FROM sbtest3 WHERE id BETWEEN 5953106 AND 5953115 ORDER BY c
	Sort  (cost=44.07..44.10 rows=10 width=121)
	  Sort Key: c
	  ->  Index Scan using sbtest3_pkey on sbtest3  (cost=0.43..43.91 rows=10 width=121)
	        Index Cond: ((id >= 5953106) AND (id <= 5953115))

table 4 : explain SELECT c FROM sbtest4 WHERE id BETWEEN 3282269 AND 3282278 ORDER BY c
	Sort  (cost=44.05..44.08 rows=10 width=121)
	  Sort Key: c
	  ->  Index Scan using sbtest4_pkey on sbtest4  (cost=0.43..43.89 rows=10 width=121)
	        Index Cond: ((id >= 3282269) AND (id <= 3282278))

table 5 : explain SELECT c FROM sbtest5 WHERE id BETWEEN 5003296 AND 5003305 ORDER BY c
	Sort  (cost=39.92..39.94 rows=9 width=121)
	  Sort Key: c
	  ->  Index Scan using sbtest5_pkey on sbtest5  (cost=0.43..39.78 rows=9 width=121)
	        Index Cond: ((id >= 5003296) AND (id <= 5003305))

table 6 : explain SELECT c FROM sbtest6 WHERE id BETWEEN 1962826 AND 1962835 ORDER BY c
	Sort  (cost=40.01..40.03 rows=9 width=121)
	  Sort Key: c
	  ->  Index Scan using sbtest6_pkey on sbtest6  (cost=0.43..39.86 rows=9 width=121)
	        Index Cond: ((id >= 1962826) AND (id <= 1962835))

table 7 : explain SELECT c FROM sbtest7 WHERE id BETWEEN 7218269 AND 7218278 ORDER BY c
	Sort  (cost=43.89..43.92 rows=10 width=121)
	  Sort Key: c
	  ->  Index Scan using sbtest7_pkey on sbtest7  (cost=0.43..43.73 rows=10 width=121)
	        Index Cond: ((id >= 7218269) AND (id <= 7218278))

table 8 : explain SELECT c FROM sbtest8 WHERE id BETWEEN 3080838 AND 3080847 ORDER BY c
	Sort  (cost=43.94..43.96 rows=10 width=121)
	  Sort Key: c
	  ->  Index Scan using sbtest8_pkey on sbtest8  (cost=0.43..43.77 rows=10 width=121)
	        Index Cond: ((id >= 3080838) AND (id <= 3080847))

for: order_ranges
table 1 : explain SELECT c FROM sbtest1 WHERE id BETWEEN 6621398 AND 6621407 ORDER BY c
	Sort  (cost=43.94..43.97 rows=10 width=121)
	  Sort Key: c
	  ->  Index Scan using sbtest1_pkey on sbtest1  (cost=0.43..43.78 rows=10 width=121)
	        Index Cond: ((id >= 6621398) AND (id <= 6621407))

table 2 : explain SELECT c FROM sbtest2 WHERE id BETWEEN 4823334 AND 4823343 ORDER BY c
	Sort  (cost=43.92..43.94 rows=10 width=121)
	  Sort Key: c
	  ->  Index Scan using sbtest2_pkey on sbtest2  (cost=0.43..43.75 rows=10 width=121)
	        Index Cond: ((id >= 4823334) AND (id <= 4823343))

table 3 : explain SELECT c FROM sbtest3 WHERE id BETWEEN 6464256 AND 6464265 ORDER BY c
	Sort  (cost=44.07..44.10 rows=10 width=121)
	  Sort Key: c
	  ->  Index Scan using sbtest3_pkey on sbtest3  (cost=0.43..43.91 rows=10 width=121)
	        Index Cond: ((id >= 6464256) AND (id <= 6464265))

table 4 : explain SELECT c FROM sbtest4 WHERE id BETWEEN 4155443 AND 4155452 ORDER BY c
	Sort  (cost=48.02..48.04 rows=11 width=121)
	  Sort Key: c
	  ->  Index Scan using sbtest4_pkey on sbtest4  (cost=0.43..47.83 rows=11 width=121)
	        Index Cond: ((id >= 4155443) AND (id <= 4155452))

table 5 : explain SELECT c FROM sbtest5 WHERE id BETWEEN 7296343 AND 7296352 ORDER BY c
	Sort  (cost=43.86..43.89 rows=10 width=121)
	  Sort Key: c
	  ->  Index Scan using sbtest5_pkey on sbtest5  (cost=0.43..43.70 rows=10 width=121)
	        Index Cond: ((id >= 7296343) AND (id <= 7296352))

table 6 : explain SELECT c FROM sbtest6 WHERE id BETWEEN 9195071 AND 9195080 ORDER BY c
	Sort  (cost=40.01..40.03 rows=9 width=121)
	  Sort Key: c
	  ->  Index Scan using sbtest6_pkey on sbtest6  (cost=0.43..39.86 rows=9 width=121)
	        Index Cond: ((id >= 9195071) AND (id <= 9195080))

table 7 : explain SELECT c FROM sbtest7 WHERE id BETWEEN 568232 AND 568241 ORDER BY c
	Sort  (cost=43.89..43.92 rows=10 width=121)
	  Sort Key: c
	  ->  Index Scan using sbtest7_pkey on sbtest7  (cost=0.43..43.73 rows=10 width=121)
	        Index Cond: ((id >= 568232) AND (id <= 568241))

table 8 : explain SELECT c FROM sbtest8 WHERE id BETWEEN 8488982 AND 8488991 ORDER BY c
	Sort  (cost=39.99..40.01 rows=9 width=121)
	  Sort Key: c
	  ->  Index Scan using sbtest8_pkey on sbtest8  (cost=0.43..39.85 rows=9 width=121)
	        Index Cond: ((id >= 8488982) AND (id <= 8488991))

for: distinct_ranges
table 1 : explain SELECT DISTINCT c FROM sbtest1 WHERE id BETWEEN 3151783 AND 3151792 ORDER BY c
	Unique  (cost=47.89..47.95 rows=11 width=121)
	  ->  Sort  (cost=47.89..47.92 rows=11 width=121)
	        Sort Key: c
	        ->  Index Scan using sbtest1_pkey on sbtest1  (cost=0.43..47.70 rows=11 width=121)
	              Index Cond: ((id >= 3151783) AND (id <= 3151792))

table 2 : explain SELECT DISTINCT c FROM sbtest2 WHERE id BETWEEN 3401011 AND 3401020 ORDER BY c
	Unique  (cost=39.97..40.02 rows=9 width=121)
	  ->  Sort  (cost=39.97..39.99 rows=9 width=121)
	        Sort Key: c
	        ->  Index Scan using sbtest2_pkey on sbtest2  (cost=0.43..39.83 rows=9 width=121)
	              Index Cond: ((id >= 3401011) AND (id <= 3401020))

table 3 : explain SELECT DISTINCT c FROM sbtest3 WHERE id BETWEEN 6060906 AND 6060915 ORDER BY c
	Unique  (cost=44.07..44.12 rows=10 width=121)
	  ->  Sort  (cost=44.07..44.10 rows=10 width=121)
	        Sort Key: c
	        ->  Index Scan using sbtest3_pkey on sbtest3  (cost=0.43..43.91 rows=10 width=121)
	              Index Cond: ((id >= 6060906) AND (id <= 6060915))

table 4 : explain SELECT DISTINCT c FROM sbtest4 WHERE id BETWEEN 4217452 AND 4217461 ORDER BY c
	Unique  (cost=48.02..48.07 rows=11 width=121)
	  ->  Sort  (cost=48.02..48.04 rows=11 width=121)
	        Sort Key: c
	        ->  Index Scan using sbtest4_pkey on sbtest4  (cost=0.43..47.83 rows=11 width=121)
	              Index Cond: ((id >= 4217452) AND (id <= 4217461))

table 5 : explain SELECT DISTINCT c FROM sbtest5 WHERE id BETWEEN 8979150 AND 8979159 ORDER BY c
	Unique  (cost=43.86..43.91 rows=10 width=121)
	  ->  Sort  (cost=43.86..43.89 rows=10 width=121)
	        Sort Key: c
	        ->  Index Scan using sbtest5_pkey on sbtest5  (cost=0.43..43.70 rows=10 width=121)
	              Index Cond: ((id >= 8979150) AND (id <= 8979159))

table 6 : explain SELECT DISTINCT c FROM sbtest6 WHERE id BETWEEN 2432179 AND 2432188 ORDER BY c
	Unique  (cost=40.01..40.05 rows=9 width=121)
	  ->  Sort  (cost=40.01..40.03 rows=9 width=121)
	        Sort Key: c
	        ->  Index Scan using sbtest6_pkey on sbtest6  (cost=0.43..39.86 rows=9 width=121)
	              Index Cond: ((id >= 2432179) AND (id <= 2432188))

table 7 : explain SELECT DISTINCT c FROM sbtest7 WHERE id BETWEEN 9612839 AND 9612848 ORDER BY c
	Unique  (cost=47.84..47.89 rows=11 width=121)
	  ->  Sort  (cost=47.84..47.86 rows=11 width=121)
	        Sort Key: c
	        ->  Index Scan using sbtest7_pkey on sbtest7  (cost=0.43..47.65 rows=11 width=121)
	              Index Cond: ((id >= 9612839) AND (id <= 9612848))

table 8 : explain SELECT DISTINCT c FROM sbtest8 WHERE id BETWEEN 1171012 AND 1171021 ORDER BY c
	Unique  (cost=43.94..43.99 rows=10 width=121)
	  ->  Sort  (cost=43.94..43.96 rows=10 width=121)
	        Sort Key: c
	        ->  Index Scan using sbtest8_pkey on sbtest8  (cost=0.43..43.77 rows=10 width=121)
	              Index Cond: ((id >= 1171012) AND (id <= 1171021))

for: sum_ranges
table 1 : explain SELECT SUM(k) FROM sbtest1 WHERE id BETWEEN 9078524 AND 9078533
	Aggregate  (cost=43.80..43.81 rows=1 width=8)
	  ->  Index Scan using sbtest1_pkey on sbtest1  (cost=0.43..43.78 rows=10 width=4)
	        Index Cond: ((id >= 9078524) AND (id <= 9078533))

table 2 : explain SELECT SUM(k) FROM sbtest2 WHERE id BETWEEN 3470909 AND 3470918
	Aggregate  (cost=39.85..39.86 rows=1 width=8)
	  ->  Index Scan using sbtest2_pkey on sbtest2  (cost=0.43..39.83 rows=9 width=4)
	        Index Cond: ((id >= 3470909) AND (id <= 3470918))

table 3 : explain SELECT SUM(k) FROM sbtest3 WHERE id BETWEEN 2029389 AND 2029398
	Aggregate  (cost=39.99..40.00 rows=1 width=8)
	  ->  Index Scan using sbtest3_pkey on sbtest3  (cost=0.43..39.97 rows=9 width=4)
	        Index Cond: ((id >= 2029389) AND (id <= 2029398))

table 4 : explain SELECT SUM(k) FROM sbtest4 WHERE id BETWEEN 5104053 AND 5104062
	Aggregate  (cost=47.85..47.86 rows=1 width=8)
	  ->  Index Scan using sbtest4_pkey on sbtest4  (cost=0.43..47.83 rows=11 width=4)
	        Index Cond: ((id >= 5104053) AND (id <= 5104062))

table 5 : explain SELECT SUM(k) FROM sbtest5 WHERE id BETWEEN 348884 AND 348893
	Aggregate  (cost=39.80..39.81 rows=1 width=8)
	  ->  Index Scan using sbtest5_pkey on sbtest5  (cost=0.43..39.78 rows=9 width=4)
	        Index Cond: ((id >= 348884) AND (id <= 348893))

table 6 : explain SELECT SUM(k) FROM sbtest6 WHERE id BETWEEN 7698426 AND 7698435
	Aggregate  (cost=43.81..43.82 rows=1 width=8)
	  ->  Index Scan using sbtest6_pkey on sbtest6  (cost=0.43..43.79 rows=10 width=4)
	        Index Cond: ((id >= 7698426) AND (id <= 7698435))

table 7 : explain SELECT SUM(k) FROM sbtest7 WHERE id BETWEEN 5113390 AND 5113399
	Aggregate  (cost=43.75..43.76 rows=1 width=8)
	  ->  Index Scan using sbtest7_pkey on sbtest7  (cost=0.43..43.73 rows=10 width=4)
	        Index Cond: ((id >= 5113390) AND (id <= 5113399))

table 8 : explain SELECT SUM(k) FROM sbtest8 WHERE id BETWEEN 3465807 AND 3465816
	Aggregate  (cost=43.80..43.81 rows=1 width=8)
	  ->  Index Scan using sbtest8_pkey on sbtest8  (cost=0.43..43.77 rows=10 width=4)
	        Index Cond: ((id >= 3465807) AND (id <= 3465816))

for: sum_ranges
table 1 : explain SELECT SUM(k) FROM sbtest1 WHERE id BETWEEN 955121 AND 955130
	Aggregate  (cost=47.73..47.74 rows=1 width=8)
	  ->  Index Scan using sbtest1_pkey on sbtest1  (cost=0.43..47.70 rows=11 width=4)
	        Index Cond: ((id >= 955121) AND (id <= 955130))

table 2 : explain SELECT SUM(k) FROM sbtest2 WHERE id BETWEEN 8066388 AND 8066397
	Aggregate  (cost=39.85..39.86 rows=1 width=8)
	  ->  Index Scan using sbtest2_pkey on sbtest2  (cost=0.43..39.83 rows=9 width=4)
	        Index Cond: ((id >= 8066388) AND (id <= 8066397))

table 3 : explain SELECT SUM(k) FROM sbtest3 WHERE id BETWEEN 9716155 AND 9716164
	Aggregate  (cost=39.99..40.00 rows=1 width=8)
	  ->  Index Scan using sbtest3_pkey on sbtest3  (cost=0.43..39.97 rows=9 width=4)
	        Index Cond: ((id >= 9716155) AND (id <= 9716164))

table 4 : explain SELECT SUM(k) FROM sbtest4 WHERE id BETWEEN 9205435 AND 9205444
	Aggregate  (cost=39.97..39.98 rows=1 width=8)
	  ->  Index Scan using sbtest4_pkey on sbtest4  (cost=0.43..39.95 rows=9 width=4)
	        Index Cond: ((id >= 9205435) AND (id <= 9205444))

table 5 : explain SELECT SUM(k) FROM sbtest5 WHERE id BETWEEN 1738428 AND 1738437
	Aggregate  (cost=43.72..43.73 rows=1 width=8)
	  ->  Index Scan using sbtest5_pkey on sbtest5  (cost=0.43..43.70 rows=10 width=4)
	        Index Cond: ((id >= 1738428) AND (id <= 1738437))

table 6 : explain SELECT SUM(k) FROM sbtest6 WHERE id BETWEEN 5358105 AND 5358114
	Aggregate  (cost=43.81..43.82 rows=1 width=8)
	  ->  Index Scan using sbtest6_pkey on sbtest6  (cost=0.43..43.79 rows=10 width=4)
	        Index Cond: ((id >= 5358105) AND (id <= 5358114))

table 7 : explain SELECT SUM(k) FROM sbtest7 WHERE id BETWEEN 8454044 AND 8454053
	Aggregate  (cost=39.83..39.84 rows=1 width=8)
	  ->  Index Scan using sbtest7_pkey on sbtest7  (cost=0.43..39.81 rows=9 width=4)
	        Index Cond: ((id >= 8454044) AND (id <= 8454053))

table 8 : explain SELECT SUM(k) FROM sbtest8 WHERE id BETWEEN 7787394 AND 7787403
	Aggregate  (cost=47.73..47.74 rows=1 width=8)
	  ->  Index Scan using sbtest8_pkey on sbtest8  (cost=0.43..47.70 rows=11 width=4)
	        Index Cond: ((id >= 7787394) AND (id <= 7787403))

for: order_ranges
table 1 : explain SELECT c FROM sbtest1 WHERE id BETWEEN 3196836 AND 3196845 ORDER BY c
	Sort  (cost=43.94..43.97 rows=10 width=121)
	  Sort Key: c
	  ->  Index Scan using sbtest1_pkey on sbtest1  (cost=0.43..43.78 rows=10 width=121)
	        Index Cond: ((id >= 3196836) AND (id <= 3196845))

table 2 : explain SELECT c FROM sbtest2 WHERE id BETWEEN 2747596 AND 2747605 ORDER BY c
	Sort  (cost=43.92..43.94 rows=10 width=121)
	  Sort Key: c
	  ->  Index Scan using sbtest2_pkey on sbtest2  (cost=0.43..43.75 rows=10 width=121)
	        Index Cond: ((id >= 2747596) AND (id <= 2747605))

table 3 : explain SELECT c FROM sbtest3 WHERE id BETWEEN 9327742 AND 9327751 ORDER BY c
	Sort  (cost=44.07..44.10 rows=10 width=121)
	  Sort Key: c
	  ->  Index Scan using sbtest3_pkey on sbtest3  (cost=0.43..43.91 rows=10 width=121)
	        Index Cond: ((id >= 9327742) AND (id <= 9327751))

table 4 : explain SELECT c FROM sbtest4 WHERE id BETWEEN 1664168 AND 1664177 ORDER BY c
	Sort  (cost=44.05..44.08 rows=10 width=121)
	  Sort Key: c
	  ->  Index Scan using sbtest4_pkey on sbtest4  (cost=0.43..43.89 rows=10 width=121)
	        Index Cond: ((id >= 1664168) AND (id <= 1664177))

table 5 : explain SELECT c FROM sbtest5 WHERE id BETWEEN 943314 AND 943323 ORDER BY c
	Sort  (cost=47.80..47.83 rows=11 width=121)
	  Sort Key: c
	  ->  Index Scan using sbtest5_pkey on sbtest5  (cost=0.43..47.61 rows=11 width=121)
	        Index Cond: ((id >= 943314) AND (id <= 943323))

table 6 : explain SELECT c FROM sbtest6 WHERE id BETWEEN 8404931 AND 8404940 ORDER BY c
	Sort  (cost=43.96..43.98 rows=10 width=121)
	  Sort Key: c
	  ->  Index Scan using sbtest6_pkey on sbtest6  (cost=0.43..43.79 rows=10 width=121)
	        Index Cond: ((id >= 8404931) AND (id <= 8404940))

table 7 : explain SELECT c FROM sbtest7 WHERE id BETWEEN 4665272 AND 4665281 ORDER BY c
	Sort  (cost=47.84..47.86 rows=11 width=121)
	  Sort Key: c
	  ->  Index Scan using sbtest7_pkey on sbtest7  (cost=0.43..47.65 rows=11 width=121)
	        Index Cond: ((id >= 4665272) AND (id <= 4665281))

table 8 : explain SELECT c FROM sbtest8 WHERE id BETWEEN 6902158 AND 6902167 ORDER BY c
	Sort  (cost=39.99..40.01 rows=9 width=121)
	  Sort Key: c
	  ->  Index Scan using sbtest8_pkey on sbtest8  (cost=0.43..39.85 rows=9 width=121)
	        Index Cond: ((id >= 6902158) AND (id <= 6902167))

for: order_ranges
table 1 : explain SELECT c FROM sbtest1 WHERE id BETWEEN 2203616 AND 2203625 ORDER BY c
	Sort  (cost=43.94..43.97 rows=10 width=121)
	  Sort Key: c
	  ->  Index Scan using sbtest1_pkey on sbtest1  (cost=0.43..43.78 rows=10 width=121)
	        Index Cond: ((id >= 2203616) AND (id <= 2203625))

table 2 : explain SELECT c FROM sbtest2 WHERE id BETWEEN 7118267 AND 7118276 ORDER BY c
	Sort  (cost=43.92..43.94 rows=10 width=121)
	  Sort Key: c
	  ->  Index Scan using sbtest2_pkey on sbtest2  (cost=0.43..43.75 rows=10 width=121)
	        Index Cond: ((id >= 7118267) AND (id <= 7118276))

table 3 : explain SELECT c FROM sbtest3 WHERE id BETWEEN 4709569 AND 4709578 ORDER BY c
	Sort  (cost=44.07..44.10 rows=10 width=121)
	  Sort Key: c
	  ->  Index Scan using sbtest3_pkey on sbtest3  (cost=0.43..43.91 rows=10 width=121)
	        Index Cond: ((id >= 4709569) AND (id <= 4709578))

table 4 : explain SELECT c FROM sbtest4 WHERE id BETWEEN 7279951 AND 7279960 ORDER BY c
	Sort  (cost=48.02..48.04 rows=11 width=121)
	  Sort Key: c
	  ->  Index Scan using sbtest4_pkey on sbtest4  (cost=0.43..47.83 rows=11 width=121)
	        Index Cond: ((id >= 7279951) AND (id <= 7279960))

table 5 : explain SELECT c FROM sbtest5 WHERE id BETWEEN 1417570 AND 1417579 ORDER BY c
	Sort  (cost=43.86..43.89 rows=10 width=121)
	  Sort Key: c
	  ->  Index Scan using sbtest5_pkey on sbtest5  (cost=0.43..43.70 rows=10 width=121)
	        Index Cond: ((id >= 1417570) AND (id <= 1417579))

table 6 : explain SELECT c FROM sbtest6 WHERE id BETWEEN 255171 AND 255180 ORDER BY c
	Sort  (cost=40.01..40.03 rows=9 width=121)
	  Sort Key: c
	  ->  Index Scan using sbtest6_pkey on sbtest6  (cost=0.43..39.86 rows=9 width=121)
	        Index Cond: ((id >= 255171) AND (id <= 255180))

table 7 : explain SELECT c FROM sbtest7 WHERE id BETWEEN 8733263 AND 8733272 ORDER BY c
	Sort  (cost=43.89..43.92 rows=10 width=121)
	  Sort Key: c
	  ->  Index Scan using sbtest7_pkey on sbtest7  (cost=0.43..43.73 rows=10 width=121)
	        Index Cond: ((id >= 8733263) AND (id <= 8733272))

table 8 : explain SELECT c FROM sbtest8 WHERE id BETWEEN 4860301 AND 4860310 ORDER BY c
	Sort  (cost=43.94..43.96 rows=10 width=121)
	  Sort Key: c
	  ->  Index Scan using sbtest8_pkey on sbtest8  (cost=0.43..43.77 rows=10 width=121)
	        Index Cond: ((id >= 4860301) AND (id <= 4860310))

for: distinct_ranges
table 1 : explain SELECT DISTINCT c FROM sbtest1 WHERE id BETWEEN 9851350 AND 9851359 ORDER BY c
	Unique  (cost=43.94..43.99 rows=10 width=121)
	  ->  Sort  (cost=43.94..43.97 rows=10 width=121)
	        Sort Key: c
	        ->  Index Scan using sbtest1_pkey on sbtest1  (cost=0.43..43.78 rows=10 width=121)
	              Index Cond: ((id >= 9851350) AND (id <= 9851359))

table 2 : explain SELECT DISTINCT c FROM sbtest2 WHERE id BETWEEN 5046176 AND 5046185 ORDER BY c
	Unique  (cost=47.86..47.92 rows=11 width=121)
	  ->  Sort  (cost=47.86..47.89 rows=11 width=121)
	        Sort Key: c
	        ->  Index Scan using sbtest2_pkey on sbtest2  (cost=0.43..47.67 rows=11 width=121)
	              Index Cond: ((id >= 5046176) AND (id <= 5046185))

table 3 : explain SELECT DISTINCT c FROM sbtest3 WHERE id BETWEEN 9287883 AND 9287892 ORDER BY c
	Unique  (cost=40.11..40.15 rows=9 width=121)
	  ->  Sort  (cost=40.11..40.13 rows=9 width=121)
	        Sort Key: c
	        ->  Index Scan using sbtest3_pkey on sbtest3  (cost=0.43..39.97 rows=9 width=121)
	              Index Cond: ((id >= 9287883) AND (id <= 9287892))

table 4 : explain SELECT DISTINCT c FROM sbtest4 WHERE id BETWEEN 8397113 AND 8397122 ORDER BY c
	Unique  (cost=44.05..44.10 rows=10 width=121)
	  ->  Sort  (cost=44.05..44.08 rows=10 width=121)
	        Sort Key: c
	        ->  Index Scan using sbtest4_pkey on sbtest4  (cost=0.43..43.89 rows=10 width=121)
	              Index Cond: ((id >= 8397113) AND (id <= 8397122))

table 5 : explain SELECT DISTINCT c FROM sbtest5 WHERE id BETWEEN 2646142 AND 2646151 ORDER BY c
	Unique  (cost=43.86..43.91 rows=10 width=121)
	  ->  Sort  (cost=43.86..43.89 rows=10 width=121)
	        Sort Key: c
	        ->  Index Scan using sbtest5_pkey on sbtest5  (cost=0.43..43.70 rows=10 width=121)
	              Index Cond: ((id >= 2646142) AND (id <= 2646151))

table 6 : explain SELECT DISTINCT c FROM sbtest6 WHERE id BETWEEN 9639427 AND 9639436 ORDER BY c
	Unique  (cost=43.96..44.01 rows=10 width=121)
	  ->  Sort  (cost=43.96..43.98 rows=10 width=121)
	        Sort Key: c
	        ->  Index Scan using sbtest6_pkey on sbtest6  (cost=0.43..43.79 rows=10 width=121)
	              Index Cond: ((id >= 9639427) AND (id <= 9639436))

table 7 : explain SELECT DISTINCT c FROM sbtest7 WHERE id BETWEEN 9236817 AND 9236826 ORDER BY c
	Unique  (cost=43.89..43.94 rows=10 width=121)
	  ->  Sort  (cost=43.89..43.92 rows=10 width=121)
	        Sort Key: c
	        ->  Index Scan using sbtest7_pkey on sbtest7  (cost=0.43..43.73 rows=10 width=121)
	              Index Cond: ((id >= 9236817) AND (id <= 9236826))

table 8 : explain SELECT DISTINCT c FROM sbtest8 WHERE id BETWEEN 8439058 AND 8439067 ORDER BY c
	Unique  (cost=39.99..40.04 rows=9 width=121)
	  ->  Sort  (cost=39.99..40.01 rows=9 width=121)
	        Sort Key: c
	        ->  Index Scan using sbtest8_pkey on sbtest8  (cost=0.43..39.85 rows=9 width=121)
	              Index Cond: ((id >= 8439058) AND (id <= 8439067))

for: distinct_ranges
table 1 : explain SELECT DISTINCT c FROM sbtest1 WHERE id BETWEEN 7020555 AND 7020564 ORDER BY c
	Unique  (cost=47.89..47.95 rows=11 width=121)
	  ->  Sort  (cost=47.89..47.92 rows=11 width=121)
	        Sort Key: c
	        ->  Index Scan using sbtest1_pkey on sbtest1  (cost=0.43..47.70 rows=11 width=121)
	              Index Cond: ((id >= 7020555) AND (id <= 7020564))

table 2 : explain SELECT DISTINCT c FROM sbtest2 WHERE id BETWEEN 6191800 AND 6191809 ORDER BY c
	Unique  (cost=43.92..43.97 rows=10 width=121)
	  ->  Sort  (cost=43.92..43.94 rows=10 width=121)
	        Sort Key: c
	        ->  Index Scan using sbtest2_pkey on sbtest2  (cost=0.43..43.75 rows=10 width=121)
	              Index Cond: ((id >= 6191800) AND (id <= 6191809))

table 3 : explain SELECT DISTINCT c FROM sbtest3 WHERE id BETWEEN 296402 AND 296411 ORDER BY c
	Unique  (cost=44.07..44.12 rows=10 width=121)
	  ->  Sort  (cost=44.07..44.10 rows=10 width=121)
	        Sort Key: c
	        ->  Index Scan using sbtest3_pkey on sbtest3  (cost=0.43..43.91 rows=10 width=121)
	              Index Cond: ((id >= 296402) AND (id <= 296411))

table 4 : explain SELECT DISTINCT c FROM sbtest4 WHERE id BETWEEN 6359530 AND 6359539 ORDER BY c
	Unique  (cost=44.05..44.10 rows=10 width=121)
	  ->  Sort  (cost=44.05..44.08 rows=10 width=121)
	        Sort Key: c
	        ->  Index Scan using sbtest4_pkey on sbtest4  (cost=0.43..43.89 rows=10 width=121)
	              Index Cond: ((id >= 6359530) AND (id <= 6359539))

table 5 : explain SELECT DISTINCT c FROM sbtest5 WHERE id BETWEEN 869386 AND 869395 ORDER BY c
	Unique  (cost=43.86..43.91 rows=10 width=121)
	  ->  Sort  (cost=43.86..43.89 rows=10 width=121)
	        Sort Key: c
	        ->  Index Scan using sbtest5_pkey on sbtest5  (cost=0.43..43.70 rows=10 width=121)
	              Index Cond: ((id >= 869386) AND (id <= 869395))

table 6 : explain SELECT DISTINCT c FROM sbtest6 WHERE id BETWEEN 3574011 AND 3574020 ORDER BY c
	Unique  (cost=43.96..44.01 rows=10 width=121)
	  ->  Sort  (cost=43.96..43.98 rows=10 width=121)
	        Sort Key: c
	        ->  Index Scan using sbtest6_pkey on sbtest6  (cost=0.43..43.79 rows=10 width=121)
	              Index Cond: ((id >= 3574011) AND (id <= 3574020))

table 7 : explain SELECT DISTINCT c FROM sbtest7 WHERE id BETWEEN 5215752 AND 5215761 ORDER BY c
	Unique  (cost=43.89..43.94 rows=10 width=121)
	  ->  Sort  (cost=43.89..43.92 rows=10 width=121)
	        Sort Key: c
	        ->  Index Scan using sbtest7_pkey on sbtest7  (cost=0.43..43.73 rows=10 width=121)
	              Index Cond: ((id >= 5215752) AND (id <= 5215761))

table 8 : explain SELECT DISTINCT c FROM sbtest8 WHERE id BETWEEN 3120067 AND 3120076 ORDER BY c
	Unique  (cost=43.94..43.99 rows=10 width=121)
	  ->  Sort  (cost=43.94..43.96 rows=10 width=121)
	        Sort Key: c
	        ->  Index Scan using sbtest8_pkey on sbtest8  (cost=0.43..43.77 rows=10 width=121)
	              Index Cond: ((id >= 3120067) AND (id <= 3120076))

for: distinct_ranges
table 1 : explain SELECT DISTINCT c FROM sbtest1 WHERE id BETWEEN 9825111 AND 9825120 ORDER BY c
	Unique  (cost=43.94..43.99 rows=10 width=121)
	  ->  Sort  (cost=43.94..43.97 rows=10 width=121)
	        Sort Key: c
	        ->  Index Scan using sbtest1_pkey on sbtest1  (cost=0.43..43.78 rows=10 width=121)
	              Index Cond: ((id >= 9825111) AND (id <= 9825120))

table 2 : explain SELECT DISTINCT c FROM sbtest2 WHERE id BETWEEN 9800511 AND 9800520 ORDER BY c
	Unique  (cost=43.92..43.97 rows=10 width=121)
	  ->  Sort  (cost=43.92..43.94 rows=10 width=121)
	        Sort Key: c
	        ->  Index Scan using sbtest2_pkey on sbtest2  (cost=0.43..43.75 rows=10 width=121)
	              Index Cond: ((id >= 9800511) AND (id <= 9800520))

table 3 : explain SELECT DISTINCT c FROM sbtest3 WHERE id BETWEEN 3428571 AND 3428580 ORDER BY c
	Unique  (cost=44.07..44.12 rows=10 width=121)
	  ->  Sort  (cost=44.07..44.10 rows=10 width=121)
	        Sort Key: c
	        ->  Index Scan using sbtest3_pkey on sbtest3  (cost=0.43..43.91 rows=10 width=121)
	              Index Cond: ((id >= 3428571) AND (id <= 3428580))

table 4 : explain SELECT DISTINCT c FROM sbtest4 WHERE id BETWEEN 7645414 AND 7645423 ORDER BY c
	Unique  (cost=44.05..44.10 rows=10 width=121)
	  ->  Sort  (cost=44.05..44.08 rows=10 width=121)
	        Sort Key: c
	        ->  Index Scan using sbtest4_pkey on sbtest4  (cost=0.43..43.89 rows=10 width=121)
	              Index Cond: ((id >= 7645414) AND (id <= 7645423))

table 5 : explain SELECT DISTINCT c FROM sbtest5 WHERE id BETWEEN 8498792 AND 8498801 ORDER BY c
	Unique  (cost=43.86..43.91 rows=10 width=121)
	  ->  Sort  (cost=43.86..43.89 rows=10 width=121)
	        Sort Key: c
	        ->  Index Scan using sbtest5_pkey on sbtest5  (cost=0.43..43.70 rows=10 width=121)
	              Index Cond: ((id >= 8498792) AND (id <= 8498801))

table 6 : explain SELECT DISTINCT c FROM sbtest6 WHERE id BETWEEN 239003 AND 239012 ORDER BY c
	Unique  (cost=40.01..40.05 rows=9 width=121)
	  ->  Sort  (cost=40.01..40.03 rows=9 width=121)
	        Sort Key: c
	        ->  Index Scan using sbtest6_pkey on sbtest6  (cost=0.43..39.86 rows=9 width=121)
	              Index Cond: ((id >= 239003) AND (id <= 239012))

table 7 : explain SELECT DISTINCT c FROM sbtest7 WHERE id BETWEEN 9300523 AND 9300532 ORDER BY c
	Unique  (cost=43.89..43.94 rows=10 width=121)
	  ->  Sort  (cost=43.89..43.92 rows=10 width=121)
	        Sort Key: c
	        ->  Index Scan using sbtest7_pkey on sbtest7  (cost=0.43..43.73 rows=10 width=121)
	              Index Cond: ((id >= 9300523) AND (id <= 9300532))

table 8 : explain SELECT DISTINCT c FROM sbtest8 WHERE id BETWEEN 2120962 AND 2120971 ORDER BY c
	Unique  (cost=47.89..47.94 rows=11 width=121)
	  ->  Sort  (cost=47.89..47.92 rows=11 width=121)
	        Sort Key: c
	        ->  Index Scan using sbtest8_pkey on sbtest8  (cost=0.43..47.70 rows=11 width=121)
	              Index Cond: ((id >= 2120962) AND (id <= 2120971))

for: order_ranges
table 1 : explain SELECT c FROM sbtest1 WHERE id BETWEEN 5823438 AND 5823447 ORDER BY c
	Sort  (cost=43.94..43.97 rows=10 width=121)
	  Sort Key: c
	  ->  Index Scan using sbtest1_pkey on sbtest1  (cost=0.43..43.78 rows=10 width=121)
	        Index Cond: ((id >= 5823438) AND (id <= 5823447))

table 2 : explain SELECT c FROM sbtest2 WHERE id BETWEEN 616895 AND 616904 ORDER BY c
	Sort  (cost=43.92..43.94 rows=10 width=121)
	  Sort Key: c
	  ->  Index Scan using sbtest2_pkey on sbtest2  (cost=0.43..43.75 rows=10 width=121)
	        Index Cond: ((id >= 616895) AND (id <= 616904))

table 3 : explain SELECT c FROM sbtest3 WHERE id BETWEEN 4969073 AND 4969082 ORDER BY c
	Sort  (cost=44.07..44.10 rows=10 width=121)
	  Sort Key: c
	  ->  Index Scan using sbtest3_pkey on sbtest3  (cost=0.43..43.91 rows=10 width=121)
	        Index Cond: ((id >= 4969073) AND (id <= 4969082))

table 4 : explain SELECT c FROM sbtest4 WHERE id BETWEEN 8753333 AND 8753342 ORDER BY c
	Sort  (cost=44.05..44.08 rows=10 width=121)
	  Sort Key: c
	  ->  Index Scan using sbtest4_pkey on sbtest4  (cost=0.43..43.89 rows=10 width=121)
	        Index Cond: ((id >= 8753333) AND (id <= 8753342))

table 5 : explain SELECT c FROM sbtest5 WHERE id BETWEEN 6786305 AND 6786314 ORDER BY c
	Sort  (cost=47.80..47.83 rows=11 width=121)
	  Sort Key: c
	  ->  Index Scan using sbtest5_pkey on sbtest5  (cost=0.43..47.61 rows=11 width=121)
	        Index Cond: ((id >= 6786305) AND (id <= 6786314))

table 6 : explain SELECT c FROM sbtest6 WHERE id BETWEEN 8992260 AND 8992269 ORDER BY c
	Sort  (cost=47.91..47.93 rows=11 width=121)
	  Sort Key: c
	  ->  Index Scan using sbtest6_pkey on sbtest6  (cost=0.43..47.72 rows=11 width=121)
	        Index Cond: ((id >= 8992260) AND (id <= 8992269))

table 7 : explain SELECT c FROM sbtest7 WHERE id BETWEEN 8382560 AND 8382569 ORDER BY c
	Sort  (cost=39.95..39.97 rows=9 width=121)
	  Sort Key: c
	  ->  Index Scan using sbtest7_pkey on sbtest7  (cost=0.43..39.81 rows=9 width=121)
	        Index Cond: ((id >= 8382560) AND (id <= 8382569))

table 8 : explain SELECT c FROM sbtest8 WHERE id BETWEEN 451726 AND 451735 ORDER BY c
	Sort  (cost=47.89..47.92 rows=11 width=121)
	  Sort Key: c
	  ->  Index Scan using sbtest8_pkey on sbtest8  (cost=0.43..47.70 rows=11 width=121)
	        Index Cond: ((id >= 451726) AND (id <= 451735))

for: order_ranges
table 1 : explain SELECT c FROM sbtest1 WHERE id BETWEEN 4486641 AND 4486650 ORDER BY c
	Sort  (cost=39.99..40.02 rows=9 width=121)
	  Sort Key: c
	  ->  Index Scan using sbtest1_pkey on sbtest1  (cost=0.43..39.85 rows=9 width=121)
	        Index Cond: ((id >= 4486641) AND (id <= 4486650))

table 2 : explain SELECT c FROM sbtest2 WHERE id BETWEEN 88005 AND 88014 ORDER BY c
	Sort  (cost=43.92..43.94 rows=10 width=121)
	  Sort Key: c
	  ->  Index Scan using sbtest2_pkey on sbtest2  (cost=0.43..43.75 rows=10 width=121)
	        Index Cond: ((id >= 88005) AND (id <= 88014))

table 3 : explain SELECT c FROM sbtest3 WHERE id BETWEEN 896739 AND 896748 ORDER BY c
	Sort  (cost=40.11..40.13 rows=9 width=121)
	  Sort Key: c
	  ->  Index Scan using sbtest3_pkey on sbtest3  (cost=0.43..39.97 rows=9 width=121)
	        Index Cond: ((id >= 896739) AND (id <= 896748))

table 4 : explain SELECT c FROM sbtest4 WHERE id BETWEEN 2910964 AND 2910973 ORDER BY c
	Sort  (cost=44.05..44.08 rows=10 width=121)
	  Sort Key: c
	  ->  Index Scan using sbtest4_pkey on sbtest4  (cost=0.43..43.89 rows=10 width=121)
	        Index Cond: ((id >= 2910964) AND (id <= 2910973))

table 5 : explain SELECT c FROM sbtest5 WHERE id BETWEEN 530466 AND 530475 ORDER BY c
	Sort  (cost=39.92..39.94 rows=9 width=121)
	  Sort Key: c
	  ->  Index Scan using sbtest5_pkey on sbtest5  (cost=0.43..39.78 rows=9 width=121)
	        Index Cond: ((id >= 530466) AND (id <= 530475))

table 6 : explain SELECT c FROM sbtest6 WHERE id BETWEEN 6199468 AND 6199477 ORDER BY c
	Sort  (cost=43.96..43.98 rows=10 width=121)
	  Sort Key: c
	  ->  Index Scan using sbtest6_pkey on sbtest6  (cost=0.43..43.79 rows=10 width=121)
	        Index Cond: ((id >= 6199468) AND (id <= 6199477))

table 7 : explain SELECT c FROM sbtest7 WHERE id BETWEEN 3687389 AND 3687398 ORDER BY c
	Sort  (cost=43.89..43.92 rows=10 width=121)
	  Sort Key: c
	  ->  Index Scan using sbtest7_pkey on sbtest7  (cost=0.43..43.73 rows=10 width=121)
	        Index Cond: ((id >= 3687389) AND (id <= 3687398))

table 8 : explain SELECT c FROM sbtest8 WHERE id BETWEEN 7427874 AND 7427883 ORDER BY c
	Sort  (cost=43.94..43.96 rows=10 width=121)
	  Sort Key: c
	  ->  Index Scan using sbtest8_pkey on sbtest8  (cost=0.43..43.77 rows=10 width=121)
	        Index Cond: ((id >= 7427874) AND (id <= 7427883))

for: distinct_ranges
table 1 : explain SELECT DISTINCT c FROM sbtest1 WHERE id BETWEEN 4028712 AND 4028721 ORDER BY c
	Unique  (cost=43.94..43.99 rows=10 width=121)
	  ->  Sort  (cost=43.94..43.97 rows=10 width=121)
	        Sort Key: c
	        ->  Index Scan using sbtest1_pkey on sbtest1  (cost=0.43..43.78 rows=10 width=121)
	              Index Cond: ((id >= 4028712) AND (id <= 4028721))

table 2 : explain SELECT DISTINCT c FROM sbtest2 WHERE id BETWEEN 6503893 AND 6503902 ORDER BY c
	Unique  (cost=43.92..43.97 rows=10 width=121)
	  ->  Sort  (cost=43.92..43.94 rows=10 width=121)
	        Sort Key: c
	        ->  Index Scan using sbtest2_pkey on sbtest2  (cost=0.43..43.75 rows=10 width=121)
	              Index Cond: ((id >= 6503893) AND (id <= 6503902))

table 3 : explain SELECT DISTINCT c FROM sbtest3 WHERE id BETWEEN 9798895 AND 9798904 ORDER BY c
	Unique  (cost=40.11..40.15 rows=9 width=121)
	  ->  Sort  (cost=40.11..40.13 rows=9 width=121)
	        Sort Key: c
	        ->  Index Scan using sbtest3_pkey on sbtest3  (cost=0.43..39.97 rows=9 width=121)
	              Index Cond: ((id >= 9798895) AND (id <= 9798904))

table 4 : explain SELECT DISTINCT c FROM sbtest4 WHERE id BETWEEN 9064027 AND 9064036 ORDER BY c
	Unique  (cost=44.05..44.10 rows=10 width=121)
	  ->  Sort  (cost=44.05..44.08 rows=10 width=121)
	        Sort Key: c
	        ->  Index Scan using sbtest4_pkey on sbtest4  (cost=0.43..43.89 rows=10 width=121)
	              Index Cond: ((id >= 9064027) AND (id <= 9064036))

table 5 : explain SELECT DISTINCT c FROM sbtest5 WHERE id BETWEEN 3724097 AND 3724106 ORDER BY c
	Unique  (cost=43.86..43.91 rows=10 width=121)
	  ->  Sort  (cost=43.86..43.89 rows=10 width=121)
	        Sort Key: c
	        ->  Index Scan using sbtest5_pkey on sbtest5  (cost=0.43..43.70 rows=10 width=121)
	              Index Cond: ((id >= 3724097) AND (id <= 3724106))

table 6 : explain SELECT DISTINCT c FROM sbtest6 WHERE id BETWEEN 9067863 AND 9067872 ORDER BY c
	Unique  (cost=47.91..47.96 rows=11 width=121)
	  ->  Sort  (cost=47.91..47.93 rows=11 width=121)
	        Sort Key: c
	        ->  Index Scan using sbtest6_pkey on sbtest6  (cost=0.43..47.72 rows=11 width=121)
	              Index Cond: ((id >= 9067863) AND (id <= 9067872))

table 7 : explain SELECT DISTINCT c FROM sbtest7 WHERE id BETWEEN 32347 AND 32356 ORDER BY c
	Unique  (cost=51.78..51.84 rows=12 width=121)
	  ->  Sort  (cost=51.78..51.81 rows=12 width=121)
	        Sort Key: c
	        ->  Index Scan using sbtest7_pkey on sbtest7  (cost=0.43..51.57 rows=12 width=121)
	              Index Cond: ((id >= 32347) AND (id <= 32356))

table 8 : explain SELECT DISTINCT c FROM sbtest8 WHERE id BETWEEN 7268940 AND 7268949 ORDER BY c
	Unique  (cost=47.89..47.94 rows=11 width=121)
	  ->  Sort  (cost=47.89..47.92 rows=11 width=121)
	        Sort Key: c
	        ->  Index Scan using sbtest8_pkey on sbtest8  (cost=0.43..47.70 rows=11 width=121)
	              Index Cond: ((id >= 7268940) AND (id <= 7268949))

for: order_ranges
table 1 : explain SELECT c FROM sbtest1 WHERE id BETWEEN 3420577 AND 3420586 ORDER BY c
	Sort  (cost=43.94..43.97 rows=10 width=121)
	  Sort Key: c
	  ->  Index Scan using sbtest1_pkey on sbtest1  (cost=0.43..43.78 rows=10 width=121)
	        Index Cond: ((id >= 3420577) AND (id <= 3420586))

table 2 : explain SELECT c FROM sbtest2 WHERE id BETWEEN 6808053 AND 6808062 ORDER BY c
	Sort  (cost=39.97..39.99 rows=9 width=121)
	  Sort Key: c
	  ->  Index Scan using sbtest2_pkey on sbtest2  (cost=0.43..39.83 rows=9 width=121)
	        Index Cond: ((id >= 6808053) AND (id <= 6808062))

table 3 : explain SELECT c FROM sbtest3 WHERE id BETWEEN 8273749 AND 8273758 ORDER BY c
	Sort  (cost=48.03..48.06 rows=11 width=121)
	  Sort Key: c
	  ->  Index Scan using sbtest3_pkey on sbtest3  (cost=0.43..47.84 rows=11 width=121)
	        Index Cond: ((id >= 8273749) AND (id <= 8273758))

table 4 : explain SELECT c FROM sbtest4 WHERE id BETWEEN 7024407 AND 7024416 ORDER BY c
	Sort  (cost=44.05..44.08 rows=10 width=121)
	  Sort Key: c
	  ->  Index Scan using sbtest4_pkey on sbtest4  (cost=0.43..43.89 rows=10 width=121)
	        Index Cond: ((id >= 7024407) AND (id <= 7024416))

table 5 : explain SELECT c FROM sbtest5 WHERE id BETWEEN 3132841 AND 3132850 ORDER BY c
	Sort  (cost=43.86..43.89 rows=10 width=121)
	  Sort Key: c
	  ->  Index Scan using sbtest5_pkey on sbtest5  (cost=0.43..43.70 rows=10 width=121)
	        Index Cond: ((id >= 3132841) AND (id <= 3132850))

table 6 : explain SELECT c FROM sbtest6 WHERE id BETWEEN 9173640 AND 9173649 ORDER BY c
	Sort  (cost=43.96..43.98 rows=10 width=121)
	  Sort Key: c
	  ->  Index Scan using sbtest6_pkey on sbtest6  (cost=0.43..43.79 rows=10 width=121)
	        Index Cond: ((id >= 9173640) AND (id <= 9173649))

table 7 : explain SELECT c FROM sbtest7 WHERE id BETWEEN 377563 AND 377572 ORDER BY c
	Sort  (cost=39.95..39.97 rows=9 width=121)
	  Sort Key: c
	  ->  Index Scan using sbtest7_pkey on sbtest7  (cost=0.43..39.81 rows=9 width=121)
	        Index Cond: ((id >= 377563) AND (id <= 377572))

table 8 : explain SELECT c FROM sbtest8 WHERE id BETWEEN 2322078 AND 2322087 ORDER BY c
	Sort  (cost=43.94..43.96 rows=10 width=121)
	  Sort Key: c
	  ->  Index Scan using sbtest8_pkey on sbtest8  (cost=0.43..43.77 rows=10 width=121)
	        Index Cond: ((id >= 2322078) AND (id <= 2322087))

for: distinct_ranges
table 1 : explain SELECT DISTINCT c FROM sbtest1 WHERE id BETWEEN 9631396 AND 9631405 ORDER BY c
	Unique  (cost=47.89..47.95 rows=11 width=121)
	  ->  Sort  (cost=47.89..47.92 rows=11 width=121)
	        Sort Key: c
	        ->  Index Scan using sbtest1_pkey on sbtest1  (cost=0.43..47.70 rows=11 width=121)
	              Index Cond: ((id >= 9631396) AND (id <= 9631405))

table 2 : explain SELECT DISTINCT c FROM sbtest2 WHERE id BETWEEN 7309655 AND 7309664 ORDER BY c
	Unique  (cost=39.97..40.02 rows=9 width=121)
	  ->  Sort  (cost=39.97..39.99 rows=9 width=121)
	        Sort Key: c
	        ->  Index Scan using sbtest2_pkey on sbtest2  (cost=0.43..39.83 rows=9 width=121)
	              Index Cond: ((id >= 7309655) AND (id <= 7309664))

table 3 : explain SELECT DISTINCT c FROM sbtest3 WHERE id BETWEEN 4613926 AND 4613935 ORDER BY c
	Unique  (cost=44.07..44.12 rows=10 width=121)
	  ->  Sort  (cost=44.07..44.10 rows=10 width=121)
	        Sort Key: c
	        ->  Index Scan using sbtest3_pkey on sbtest3  (cost=0.43..43.91 rows=10 width=121)
	              Index Cond: ((id >= 4613926) AND (id <= 4613935))

table 4 : explain SELECT DISTINCT c FROM sbtest4 WHERE id BETWEEN 6133378 AND 6133387 ORDER BY c
	Unique  (cost=48.02..48.07 rows=11 width=121)
	  ->  Sort  (cost=48.02..48.04 rows=11 width=121)
	        Sort Key: c
	        ->  Index Scan using sbtest4_pkey on sbtest4  (cost=0.43..47.83 rows=11 width=121)
	              Index Cond: ((id >= 6133378) AND (id <= 6133387))

table 5 : explain SELECT DISTINCT c FROM sbtest5 WHERE id BETWEEN 9934491 AND 9934500 ORDER BY c
	Unique  (cost=43.86..43.91 rows=10 width=121)
	  ->  Sort  (cost=43.86..43.89 rows=10 width=121)
	        Sort Key: c
	        ->  Index Scan using sbtest5_pkey on sbtest5  (cost=0.43..43.70 rows=10 width=121)
	              Index Cond: ((id >= 9934491) AND (id <= 9934500))

table 6 : explain SELECT DISTINCT c FROM sbtest6 WHERE id BETWEEN 6778466 AND 6778475 ORDER BY c
	Unique  (cost=43.96..44.01 rows=10 width=121)
	  ->  Sort  (cost=43.96..43.98 rows=10 width=121)
	        Sort Key: c
	        ->  Index Scan using sbtest6_pkey on sbtest6  (cost=0.43..43.79 rows=10 width=121)
	              Index Cond: ((id >= 6778466) AND (id <= 6778475))

table 7 : explain SELECT DISTINCT c FROM sbtest7 WHERE id BETWEEN 9344788 AND 9344797 ORDER BY c
	Unique  (cost=43.89..43.94 rows=10 width=121)
	  ->  Sort  (cost=43.89..43.92 rows=10 width=121)
	        Sort Key: c
	        ->  Index Scan using sbtest7_pkey on sbtest7  (cost=0.43..43.73 rows=10 width=121)
	              Index Cond: ((id >= 9344788) AND (id <= 9344797))

table 8 : explain SELECT DISTINCT c FROM sbtest8 WHERE id BETWEEN 5005622 AND 5005631 ORDER BY c
	Unique  (cost=43.94..43.99 rows=10 width=121)
	  ->  Sort  (cost=43.94..43.96 rows=10 width=121)
	        Sort Key: c
	        ->  Index Scan using sbtest8_pkey on sbtest8  (cost=0.43..43.77 rows=10 width=121)
	              Index Cond: ((id >= 5005622) AND (id <= 5005631))

for: distinct_ranges
table 1 : explain SELECT DISTINCT c FROM sbtest1 WHERE id BETWEEN 836195 AND 836204 ORDER BY c
	Unique  (cost=43.94..43.99 rows=10 width=121)
	  ->  Sort  (cost=43.94..43.97 rows=10 width=121)
	        Sort Key: c
	        ->  Index Scan using sbtest1_pkey on sbtest1  (cost=0.43..43.78 rows=10 width=121)
	              Index Cond: ((id >= 836195) AND (id <= 836204))

table 2 : explain SELECT DISTINCT c FROM sbtest2 WHERE id BETWEEN 9397829 AND 9397838 ORDER BY c
	Unique  (cost=43.92..43.97 rows=10 width=121)
	  ->  Sort  (cost=43.92..43.94 rows=10 width=121)
	        Sort Key: c
	        ->  Index Scan using sbtest2_pkey on sbtest2  (cost=0.43..43.75 rows=10 width=121)
	              Index Cond: ((id >= 9397829) AND (id <= 9397838))

table 3 : explain SELECT DISTINCT c FROM sbtest3 WHERE id BETWEEN 128391 AND 128400 ORDER BY c
	Unique  (cost=48.03..48.09 rows=11 width=121)
	  ->  Sort  (cost=48.03..48.06 rows=11 width=121)
	        Sort Key: c
	        ->  Index Scan using sbtest3_pkey on sbtest3  (cost=0.43..47.84 rows=11 width=121)
	              Index Cond: ((id >= 128391) AND (id <= 128400))

table 4 : explain SELECT DISTINCT c FROM sbtest4 WHERE id BETWEEN 7762734 AND 7762743 ORDER BY c
	Unique  (cost=44.05..44.10 rows=10 width=121)
	  ->  Sort  (cost=44.05..44.08 rows=10 width=121)
	        Sort Key: c
	        ->  Index Scan using sbtest4_pkey on sbtest4  (cost=0.43..43.89 rows=10 width=121)
	              Index Cond: ((id >= 7762734) AND (id <= 7762743))

table 5 : explain SELECT DISTINCT c FROM sbtest5 WHERE id BETWEEN 1795605 AND 1795614 ORDER BY c
	Unique  (cost=43.86..43.91 rows=10 width=121)
	  ->  Sort  (cost=43.86..43.89 rows=10 width=121)
	        Sort Key: c
	        ->  Index Scan using sbtest5_pkey on sbtest5  (cost=0.43..43.70 rows=10 width=121)
	              Index Cond: ((id >= 1795605) AND (id <= 1795614))

table 6 : explain SELECT DISTINCT c FROM sbtest6 WHERE id BETWEEN 8104223 AND 8104232 ORDER BY c
	Unique  (cost=43.96..44.01 rows=10 width=121)
	  ->  Sort  (cost=43.96..43.98 rows=10 width=121)
	        Sort Key: c
	        ->  Index Scan using sbtest6_pkey on sbtest6  (cost=0.43..43.79 rows=10 width=121)
	              Index Cond: ((id >= 8104223) AND (id <= 8104232))

table 7 : explain SELECT DISTINCT c FROM sbtest7 WHERE id BETWEEN 730204 AND 730213 ORDER BY c
	Unique  (cost=43.89..43.94 rows=10 width=121)
	  ->  Sort  (cost=43.89..43.92 rows=10 width=121)
	        Sort Key: c
	        ->  Index Scan using sbtest7_pkey on sbtest7  (cost=0.43..43.73 rows=10 width=121)
	              Index Cond: ((id >= 730204) AND (id <= 730213))

table 8 : explain SELECT DISTINCT c FROM sbtest8 WHERE id BETWEEN 217167 AND 217176 ORDER BY c
	Unique  (cost=43.94..43.99 rows=10 width=121)
	  ->  Sort  (cost=43.94..43.96 rows=10 width=121)
	        Sort Key: c
	        ->  Index Scan using sbtest8_pkey on sbtest8  (cost=0.43..43.77 rows=10 width=121)
	              Index Cond: ((id >= 217167) AND (id <= 217176))

for: order_ranges
table 1 : explain SELECT c FROM sbtest1 WHERE id BETWEEN 1197598 AND 1197607 ORDER BY c
	Sort  (cost=43.94..43.97 rows=10 width=121)
	  Sort Key: c
	  ->  Index Scan using sbtest1_pkey on sbtest1  (cost=0.43..43.78 rows=10 width=121)
	        Index Cond: ((id >= 1197598) AND (id <= 1197607))

table 2 : explain SELECT c FROM sbtest2 WHERE id BETWEEN 490171 AND 490180 ORDER BY c
	Sort  (cost=39.97..39.99 rows=9 width=121)
	  Sort Key: c
	  ->  Index Scan using sbtest2_pkey on sbtest2  (cost=0.43..39.83 rows=9 width=121)
	        Index Cond: ((id >= 490171) AND (id <= 490180))

table 3 : explain SELECT c FROM sbtest3 WHERE id BETWEEN 3125185 AND 3125194 ORDER BY c
	Sort  (cost=48.03..48.06 rows=11 width=121)
	  Sort Key: c
	  ->  Index Scan using sbtest3_pkey on sbtest3  (cost=0.43..47.84 rows=11 width=121)
	        Index Cond: ((id >= 3125185) AND (id <= 3125194))

table 4 : explain SELECT c FROM sbtest4 WHERE id BETWEEN 7419882 AND 7419891 ORDER BY c
	Sort  (cost=44.05..44.08 rows=10 width=121)
	  Sort Key: c
	  ->  Index Scan using sbtest4_pkey on sbtest4  (cost=0.43..43.89 rows=10 width=121)
	        Index Cond: ((id >= 7419882) AND (id <= 7419891))

table 5 : explain SELECT c FROM sbtest5 WHERE id BETWEEN 7932163 AND 7932172 ORDER BY c
	Sort  (cost=43.86..43.89 rows=10 width=121)
	  Sort Key: c
	  ->  Index Scan using sbtest5_pkey on sbtest5  (cost=0.43..43.70 rows=10 width=121)
	        Index Cond: ((id >= 7932163) AND (id <= 7932172))

table 6 : explain SELECT c FROM sbtest6 WHERE id BETWEEN 7805811 AND 7805820 ORDER BY c
	Sort  (cost=40.01..40.03 rows=9 width=121)
	  Sort Key: c
	  ->  Index Scan using sbtest6_pkey on sbtest6  (cost=0.43..39.86 rows=9 width=121)
	        Index Cond: ((id >= 7805811) AND (id <= 7805820))

table 7 : explain SELECT c FROM sbtest7 WHERE id BETWEEN 5426545 AND 5426554 ORDER BY c
	Sort  (cost=39.95..39.97 rows=9 width=121)
	  Sort Key: c
	  ->  Index Scan using sbtest7_pkey on sbtest7  (cost=0.43..39.81 rows=9 width=121)
	        Index Cond: ((id >= 5426545) AND (id <= 5426554))

table 8 : explain SELECT c FROM sbtest8 WHERE id BETWEEN 5091701 AND 5091710 ORDER BY c
	Sort  (cost=43.94..43.96 rows=10 width=121)
	  Sort Key: c
	  ->  Index Scan using sbtest8_pkey on sbtest8  (cost=0.43..43.77 rows=10 width=121)
	        Index Cond: ((id >= 5091701) AND (id <= 5091710))

for: order_ranges
table 1 : explain SELECT c FROM sbtest1 WHERE id BETWEEN 5064435 AND 5064444 ORDER BY c
	Sort  (cost=43.94..43.97 rows=10 width=121)
	  Sort Key: c
	  ->  Index Scan using sbtest1_pkey on sbtest1  (cost=0.43..43.78 rows=10 width=121)
	        Index Cond: ((id >= 5064435) AND (id <= 5064444))

table 2 : explain SELECT c FROM sbtest2 WHERE id BETWEEN 9396538 AND 9396547 ORDER BY c
	Sort  (cost=43.92..43.94 rows=10 width=121)
	  Sort Key: c
	  ->  Index Scan using sbtest2_pkey on sbtest2  (cost=0.43..43.75 rows=10 width=121)
	        Index Cond: ((id >= 9396538) AND (id <= 9396547))

table 3 : explain SELECT c FROM sbtest3 WHERE id BETWEEN 4874817 AND 4874826 ORDER BY c
	Sort  (cost=44.07..44.10 rows=10 width=121)
	  Sort Key: c
	  ->  Index Scan using sbtest3_pkey on sbtest3  (cost=0.43..43.91 rows=10 width=121)
	        Index Cond: ((id >= 4874817) AND (id <= 4874826))

table 4 : explain SELECT c FROM sbtest4 WHERE id BETWEEN 6496873 AND 6496882 ORDER BY c
	Sort  (cost=44.05..44.08 rows=10 width=121)
	  Sort Key: c
	  ->  Index Scan using sbtest4_pkey on sbtest4  (cost=0.43..43.89 rows=10 width=121)
	        Index Cond: ((id >= 6496873) AND (id <= 6496882))

table 5 : explain SELECT c FROM sbtest5 WHERE id BETWEEN 8635973 AND 8635982 ORDER BY c
	Sort  (cost=43.86..43.89 rows=10 width=121)
	  Sort Key: c
	  ->  Index Scan using sbtest5_pkey on sbtest5  (cost=0.43..43.70 rows=10 width=121)
	        Index Cond: ((id >= 8635973) AND (id <= 8635982))

table 6 : explain SELECT c FROM sbtest6 WHERE id BETWEEN 9085364 AND 9085373 ORDER BY c
	Sort  (cost=47.91..47.93 rows=11 width=121)
	  Sort Key: c
	  ->  Index Scan using sbtest6_pkey on sbtest6  (cost=0.43..47.72 rows=11 width=121)
	        Index Cond: ((id >= 9085364) AND (id <= 9085373))

table 7 : explain SELECT c FROM sbtest7 WHERE id BETWEEN 758640 AND 758649 ORDER BY c
	Sort  (cost=43.89..43.92 rows=10 width=121)
	  Sort Key: c
	  ->  Index Scan using sbtest7_pkey on sbtest7  (cost=0.43..43.73 rows=10 width=121)
	        Index Cond: ((id >= 758640) AND (id <= 758649))

table 8 : explain SELECT c FROM sbtest8 WHERE id BETWEEN 3409287 AND 3409296 ORDER BY c
	Sort  (cost=43.94..43.96 rows=10 width=121)
	  Sort Key: c
	  ->  Index Scan using sbtest8_pkey on sbtest8  (cost=0.43..43.77 rows=10 width=121)
	        Index Cond: ((id >= 3409287) AND (id <= 3409296))

for: distinct_ranges
table 1 : explain SELECT DISTINCT c FROM sbtest1 WHERE id BETWEEN 3156028 AND 3156037 ORDER BY c
	Unique  (cost=47.89..47.95 rows=11 width=121)
	  ->  Sort  (cost=47.89..47.92 rows=11 width=121)
	        Sort Key: c
	        ->  Index Scan using sbtest1_pkey on sbtest1  (cost=0.43..47.70 rows=11 width=121)
	              Index Cond: ((id >= 3156028) AND (id <= 3156037))

table 2 : explain SELECT DISTINCT c FROM sbtest2 WHERE id BETWEEN 4144733 AND 4144742 ORDER BY c
	Unique  (cost=39.97..40.02 rows=9 width=121)
	  ->  Sort  (cost=39.97..39.99 rows=9 width=121)
	        Sort Key: c
	        ->  Index Scan using sbtest2_pkey on sbtest2  (cost=0.43..39.83 rows=9 width=121)
	              Index Cond: ((id >= 4144733) AND (id <= 4144742))

table 3 : explain SELECT DISTINCT c FROM sbtest3 WHERE id BETWEEN 8075652 AND 8075661 ORDER BY c
	Unique  (cost=44.07..44.12 rows=10 width=121)
	  ->  Sort  (cost=44.07..44.10 rows=10 width=121)
	        Sort Key: c
	        ->  Index Scan using sbtest3_pkey on sbtest3  (cost=0.43..43.91 rows=10 width=121)
	              Index Cond: ((id >= 8075652) AND (id <= 8075661))

table 4 : explain SELECT DISTINCT c FROM sbtest4 WHERE id BETWEEN 9305302 AND 9305311 ORDER BY c
	Unique  (cost=48.02..48.07 rows=11 width=121)
	  ->  Sort  (cost=48.02..48.04 rows=11 width=121)
	        Sort Key: c
	        ->  Index Scan using sbtest4_pkey on sbtest4  (cost=0.43..47.83 rows=11 width=121)
	              Index Cond: ((id >= 9305302) AND (id <= 9305311))

table 5 : explain SELECT DISTINCT c FROM sbtest5 WHERE id BETWEEN 3540536 AND 3540545 ORDER BY c
	Unique  (cost=47.80..47.86 rows=11 width=121)
	  ->  Sort  (cost=47.80..47.83 rows=11 width=121)
	        Sort Key: c
	        ->  Index Scan using sbtest5_pkey on sbtest5  (cost=0.43..47.61 rows=11 width=121)
	              Index Cond: ((id >= 3540536) AND (id <= 3540545))

table 6 : explain SELECT DISTINCT c FROM sbtest6 WHERE id BETWEEN 7296257 AND 7296266 ORDER BY c
	Unique  (cost=43.96..44.01 rows=10 width=121)
	  ->  Sort  (cost=43.96..43.98 rows=10 width=121)
	        Sort Key: c
	        ->  Index Scan using sbtest6_pkey on sbtest6  (cost=0.43..43.79 rows=10 width=121)
	              Index Cond: ((id >= 7296257) AND (id <= 7296266))

table 7 : explain SELECT DISTINCT c FROM sbtest7 WHERE id BETWEEN 5766006 AND 5766015 ORDER BY c
	Unique  (cost=43.89..43.94 rows=10 width=121)
	  ->  Sort  (cost=43.89..43.92 rows=10 width=121)
	        Sort Key: c
	        ->  Index Scan using sbtest7_pkey on sbtest7  (cost=0.43..43.73 rows=10 width=121)
	              Index Cond: ((id >= 5766006) AND (id <= 5766015))

table 8 : explain SELECT DISTINCT c FROM sbtest8 WHERE id BETWEEN 2105827 AND 2105836 ORDER BY c
	Unique  (cost=47.89..47.94 rows=11 width=121)
	  ->  Sort  (cost=47.89..47.92 rows=11 width=121)
	        Sort Key: c
	        ->  Index Scan using sbtest8_pkey on sbtest8  (cost=0.43..47.70 rows=11 width=121)
	              Index Cond: ((id >= 2105827) AND (id <= 2105836))

for: distinct_ranges
table 1 : explain SELECT DISTINCT c FROM sbtest1 WHERE id BETWEEN 4149045 AND 4149054 ORDER BY c
	Unique  (cost=43.94..43.99 rows=10 width=121)
	  ->  Sort  (cost=43.94..43.97 rows=10 width=121)
	        Sort Key: c
	        ->  Index Scan using sbtest1_pkey on sbtest1  (cost=0.43..43.78 rows=10 width=121)
	              Index Cond: ((id >= 4149045) AND (id <= 4149054))

table 2 : explain SELECT DISTINCT c FROM sbtest2 WHERE id BETWEEN 1987464 AND 1987473 ORDER BY c
	Unique  (cost=43.92..43.97 rows=10 width=121)
	  ->  Sort  (cost=43.92..43.94 rows=10 width=121)
	        Sort Key: c
	        ->  Index Scan using sbtest2_pkey on sbtest2  (cost=0.43..43.75 rows=10 width=121)
	              Index Cond: ((id >= 1987464) AND (id <= 1987473))

table 3 : explain SELECT DISTINCT c FROM sbtest3 WHERE id BETWEEN 7241555 AND 7241564 ORDER BY c
	Unique  (cost=40.11..40.15 rows=9 width=121)
	  ->  Sort  (cost=40.11..40.13 rows=9 width=121)
	        Sort Key: c
	        ->  Index Scan using sbtest3_pkey on sbtest3  (cost=0.43..39.97 rows=9 width=121)
	              Index Cond: ((id >= 7241555) AND (id <= 7241564))

table 4 : explain SELECT DISTINCT c FROM sbtest4 WHERE id BETWEEN 2127536 AND 2127545 ORDER BY c
	Unique  (cost=44.05..44.10 rows=10 width=121)
	  ->  Sort  (cost=44.05..44.08 rows=10 width=121)
	        Sort Key: c
	        ->  Index Scan using sbtest4_pkey on sbtest4  (cost=0.43..43.89 rows=10 width=121)
	              Index Cond: ((id >= 2127536) AND (id <= 2127545))

table 5 : explain SELECT DISTINCT c FROM sbtest5 WHERE id BETWEEN 3228354 AND 3228363 ORDER BY c
	Unique  (cost=43.86..43.91 rows=10 width=121)
	  ->  Sort  (cost=43.86..43.89 rows=10 width=121)
	        Sort Key: c
	        ->  Index Scan using sbtest5_pkey on sbtest5  (cost=0.43..43.70 rows=10 width=121)
	              Index Cond: ((id >= 3228354) AND (id <= 3228363))

table 6 : explain SELECT DISTINCT c FROM sbtest6 WHERE id BETWEEN 6233994 AND 6234003 ORDER BY c
	Unique  (cost=43.96..44.01 rows=10 width=121)
	  ->  Sort  (cost=43.96..43.98 rows=10 width=121)
	        Sort Key: c
	        ->  Index Scan using sbtest6_pkey on sbtest6  (cost=0.43..43.79 rows=10 width=121)
	              Index Cond: ((id >= 6233994) AND (id <= 6234003))

table 7 : explain SELECT DISTINCT c FROM sbtest7 WHERE id BETWEEN 8293444 AND 8293453 ORDER BY c
	Unique  (cost=39.95..40.00 rows=9 width=121)
	  ->  Sort  (cost=39.95..39.97 rows=9 width=121)
	        Sort Key: c
	        ->  Index Scan using sbtest7_pkey on sbtest7  (cost=0.43..39.81 rows=9 width=121)
	              Index Cond: ((id >= 8293444) AND (id <= 8293453))

table 8 : explain SELECT DISTINCT c FROM sbtest8 WHERE id BETWEEN 212265 AND 212274 ORDER BY c
	Unique  (cost=43.94..43.99 rows=10 width=121)
	  ->  Sort  (cost=43.94..43.96 rows=10 width=121)
	        Sort Key: c
	        ->  Index Scan using sbtest8_pkey on sbtest8  (cost=0.43..43.77 rows=10 width=121)
	              Index Cond: ((id >= 212265) AND (id <= 212274))

for: order_ranges
table 1 : explain SELECT c FROM sbtest1 WHERE id BETWEEN 5387586 AND 5387595 ORDER BY c
	Sort  (cost=47.89..47.92 rows=11 width=121)
	  Sort Key: c
	  ->  Index Scan using sbtest1_pkey on sbtest1  (cost=0.43..47.70 rows=11 width=121)
	        Index Cond: ((id >= 5387586) AND (id <= 5387595))

table 2 : explain SELECT c FROM sbtest2 WHERE id BETWEEN 788848 AND 788857 ORDER BY c
	Sort  (cost=43.92..43.94 rows=10 width=121)
	  Sort Key: c
	  ->  Index Scan using sbtest2_pkey on sbtest2  (cost=0.43..43.75 rows=10 width=121)
	        Index Cond: ((id >= 788848) AND (id <= 788857))

table 3 : explain SELECT c FROM sbtest3 WHERE id BETWEEN 625667 AND 625676 ORDER BY c
	Sort  (cost=44.07..44.10 rows=10 width=121)
	  Sort Key: c
	  ->  Index Scan using sbtest3_pkey on sbtest3  (cost=0.43..43.91 rows=10 width=121)
	        Index Cond: ((id >= 625667) AND (id <= 625676))

table 4 : explain SELECT c FROM sbtest4 WHERE id BETWEEN 282022 AND 282031 ORDER BY c
	Sort  (cost=44.05..44.08 rows=10 width=121)
	  Sort Key: c
	  ->  Index Scan using sbtest4_pkey on sbtest4  (cost=0.43..43.89 rows=10 width=121)
	        Index Cond: ((id >= 282022) AND (id <= 282031))

table 5 : explain SELECT c FROM sbtest5 WHERE id BETWEEN 7527202 AND 7527211 ORDER BY c
	Sort  (cost=43.86..43.89 rows=10 width=121)
	  Sort Key: c
	  ->  Index Scan using sbtest5_pkey on sbtest5  (cost=0.43..43.70 rows=10 width=121)
	        Index Cond: ((id >= 7527202) AND (id <= 7527211))

table 6 : explain SELECT c FROM sbtest6 WHERE id BETWEEN 7003661 AND 7003670 ORDER BY c
	Sort  (cost=40.01..40.03 rows=9 width=121)
	  Sort Key: c
	  ->  Index Scan using sbtest6_pkey on sbtest6  (cost=0.43..39.86 rows=9 width=121)
	        Index Cond: ((id >= 7003661) AND (id <= 7003670))

table 7 : explain SELECT c FROM sbtest7 WHERE id BETWEEN 4543192 AND 4543201 ORDER BY c
	Sort  (cost=47.84..47.86 rows=11 width=121)
	  Sort Key: c
	  ->  Index Scan using sbtest7_pkey on sbtest7  (cost=0.43..47.65 rows=11 width=121)
	        Index Cond: ((id >= 4543192) AND (id <= 4543201))

table 8 : explain SELECT c FROM sbtest8 WHERE id BETWEEN 4867338 AND 4867347 ORDER BY c
	Sort  (cost=43.94..43.96 rows=10 width=121)
	  Sort Key: c
	  ->  Index Scan using sbtest8_pkey on sbtest8  (cost=0.43..43.77 rows=10 width=121)
	        Index Cond: ((id >= 4867338) AND (id <= 4867347))

for: order_ranges
table 1 : explain SELECT c FROM sbtest1 WHERE id BETWEEN 8519879 AND 8519888 ORDER BY c
	Sort  (cost=39.99..40.02 rows=9 width=121)
	  Sort Key: c
	  ->  Index Scan using sbtest1_pkey on sbtest1  (cost=0.43..39.85 rows=9 width=121)
	        Index Cond: ((id >= 8519879) AND (id <= 8519888))

table 2 : explain SELECT c FROM sbtest2 WHERE id BETWEEN 82594 AND 82603 ORDER BY c
	Sort  (cost=43.92..43.94 rows=10 width=121)
	  Sort Key: c
	  ->  Index Scan using sbtest2_pkey on sbtest2  (cost=0.43..43.75 rows=10 width=121)
	        Index Cond: ((id >= 82594) AND (id <= 82603))

table 3 : explain SELECT c FROM sbtest3 WHERE id BETWEEN 5820638 AND 5820647 ORDER BY c
	Sort  (cost=44.07..44.10 rows=10 width=121)
	  Sort Key: c
	  ->  Index Scan using sbtest3_pkey on sbtest3  (cost=0.43..43.91 rows=10 width=121)
	        Index Cond: ((id >= 5820638) AND (id <= 5820647))

table 4 : explain SELECT c FROM sbtest4 WHERE id BETWEEN 5734451 AND 5734460 ORDER BY c
	Sort  (cost=44.05..44.08 rows=10 width=121)
	  Sort Key: c
	  ->  Index Scan using sbtest4_pkey on sbtest4  (cost=0.43..43.89 rows=10 width=121)
	        Index Cond: ((id >= 5734451) AND (id <= 5734460))

table 5 : explain SELECT c FROM sbtest5 WHERE id BETWEEN 9248428 AND 9248437 ORDER BY c
	Sort  (cost=39.92..39.94 rows=9 width=121)
	  Sort Key: c
	  ->  Index Scan using sbtest5_pkey on sbtest5  (cost=0.43..39.78 rows=9 width=121)
	        Index Cond: ((id >= 9248428) AND (id <= 9248437))

table 6 : explain SELECT c FROM sbtest6 WHERE id BETWEEN 3152861 AND 3152870 ORDER BY c
	Sort  (cost=40.01..40.03 rows=9 width=121)
	  Sort Key: c
	  ->  Index Scan using sbtest6_pkey on sbtest6  (cost=0.43..39.86 rows=9 width=121)
	        Index Cond: ((id >= 3152861) AND (id <= 3152870))

table 7 : explain SELECT c FROM sbtest7 WHERE id BETWEEN 3555255 AND 3555264 ORDER BY c
	Sort  (cost=43.89..43.92 rows=10 width=121)
	  Sort Key: c
	  ->  Index Scan using sbtest7_pkey on sbtest7  (cost=0.43..43.73 rows=10 width=121)
	        Index Cond: ((id >= 3555255) AND (id <= 3555264))

table 8 : explain SELECT c FROM sbtest8 WHERE id BETWEEN 8768566 AND 8768575 ORDER BY c
	Sort  (cost=39.99..40.01 rows=9 width=121)
	  Sort Key: c
	  ->  Index Scan using sbtest8_pkey on sbtest8  (cost=0.43..39.85 rows=9 width=121)
	        Index Cond: ((id >= 8768566) AND (id <= 8768575))

for: distinct_ranges
table 1 : explain SELECT DISTINCT c FROM sbtest1 WHERE id BETWEEN 8673937 AND 8673946 ORDER BY c
	Unique  (cost=43.94..43.99 rows=10 width=121)
	  ->  Sort  (cost=43.94..43.97 rows=10 width=121)
	        Sort Key: c
	        ->  Index Scan using sbtest1_pkey on sbtest1  (cost=0.43..43.78 rows=10 width=121)
	              Index Cond: ((id >= 8673937) AND (id <= 8673946))

table 2 : explain SELECT DISTINCT c FROM sbtest2 WHERE id BETWEEN 7424413 AND 7424422 ORDER BY c
	Unique  (cost=43.92..43.97 rows=10 width=121)
	  ->  Sort  (cost=43.92..43.94 rows=10 width=121)
	        Sort Key: c
	        ->  Index Scan using sbtest2_pkey on sbtest2  (cost=0.43..43.75 rows=10 width=121)
	              Index Cond: ((id >= 7424413) AND (id <= 7424422))

table 3 : explain SELECT DISTINCT c FROM sbtest3 WHERE id BETWEEN 7225080 AND 7225089 ORDER BY c
	Unique  (cost=40.11..40.15 rows=9 width=121)
	  ->  Sort  (cost=40.11..40.13 rows=9 width=121)
	        Sort Key: c
	        ->  Index Scan using sbtest3_pkey on sbtest3  (cost=0.43..39.97 rows=9 width=121)
	              Index Cond: ((id >= 7225080) AND (id <= 7225089))

table 4 : explain SELECT DISTINCT c FROM sbtest4 WHERE id BETWEEN 6300666 AND 6300675 ORDER BY c
	Unique  (cost=44.05..44.10 rows=10 width=121)
	  ->  Sort  (cost=44.05..44.08 rows=10 width=121)
	        Sort Key: c
	        ->  Index Scan using sbtest4_pkey on sbtest4  (cost=0.43..43.89 rows=10 width=121)
	              Index Cond: ((id >= 6300666) AND (id <= 6300675))

table 5 : explain SELECT DISTINCT c FROM sbtest5 WHERE id BETWEEN 4959767 AND 4959776 ORDER BY c
	Unique  (cost=43.86..43.91 rows=10 width=121)
	  ->  Sort  (cost=43.86..43.89 rows=10 width=121)
	        Sort Key: c
	        ->  Index Scan using sbtest5_pkey on sbtest5  (cost=0.43..43.70 rows=10 width=121)
	              Index Cond: ((id >= 4959767) AND (id <= 4959776))

table 6 : explain SELECT DISTINCT c FROM sbtest6 WHERE id BETWEEN 3879934 AND 3879943 ORDER BY c
	Unique  (cost=43.96..44.01 rows=10 width=121)
	  ->  Sort  (cost=43.96..43.98 rows=10 width=121)
	        Sort Key: c
	        ->  Index Scan using sbtest6_pkey on sbtest6  (cost=0.43..43.79 rows=10 width=121)
	              Index Cond: ((id >= 3879934) AND (id <= 3879943))

table 7 : explain SELECT DISTINCT c FROM sbtest7 WHERE id BETWEEN 3662657 AND 3662666 ORDER BY c
	Unique  (cost=43.89..43.94 rows=10 width=121)
	  ->  Sort  (cost=43.89..43.92 rows=10 width=121)
	        Sort Key: c
	        ->  Index Scan using sbtest7_pkey on sbtest7  (cost=0.43..43.73 rows=10 width=121)
	              Index Cond: ((id >= 3662657) AND (id <= 3662666))

table 8 : explain SELECT DISTINCT c FROM sbtest8 WHERE id BETWEEN 9897277 AND 9897286 ORDER BY c
	Unique  (cost=43.94..43.99 rows=10 width=121)
	  ->  Sort  (cost=43.94..43.96 rows=10 width=121)
	        Sort Key: c
	        ->  Index Scan using sbtest8_pkey on sbtest8  (cost=0.43..43.77 rows=10 width=121)
	              Index Cond: ((id >= 9897277) AND (id <= 9897286))

for: distinct_ranges
table 1 : explain SELECT DISTINCT c FROM sbtest1 WHERE id BETWEEN 151834 AND 151843 ORDER BY c
	Unique  (cost=43.94..43.99 rows=10 width=121)
	  ->  Sort  (cost=43.94..43.97 rows=10 width=121)
	        Sort Key: c
	        ->  Index Scan using sbtest1_pkey on sbtest1  (cost=0.43..43.78 rows=10 width=121)
	              Index Cond: ((id >= 151834) AND (id <= 151843))

table 2 : explain SELECT DISTINCT c FROM sbtest2 WHERE id BETWEEN 4675668 AND 4675677 ORDER BY c
	Unique  (cost=43.92..43.97 rows=10 width=121)
	  ->  Sort  (cost=43.92..43.94 rows=10 width=121)
	        Sort Key: c
	        ->  Index Scan using sbtest2_pkey on sbtest2  (cost=0.43..43.75 rows=10 width=121)
	              Index Cond: ((id >= 4675668) AND (id <= 4675677))

table 3 : explain SELECT DISTINCT c FROM sbtest3 WHERE id BETWEEN 7925509 AND 7925518 ORDER BY c
	Unique  (cost=48.03..48.09 rows=11 width=121)
	  ->  Sort  (cost=48.03..48.06 rows=11 width=121)
	        Sort Key: c
	        ->  Index Scan using sbtest3_pkey on sbtest3  (cost=0.43..47.84 rows=11 width=121)
	              Index Cond: ((id >= 7925509) AND (id <= 7925518))

table 4 : explain SELECT DISTINCT c FROM sbtest4 WHERE id BETWEEN 9236644 AND 9236653 ORDER BY c
	Unique  (cost=40.09..40.14 rows=9 width=121)
	  ->  Sort  (cost=40.09..40.12 rows=9 width=121)
	        Sort Key: c
	        ->  Index Scan using sbtest4_pkey on sbtest4  (cost=0.43..39.95 rows=9 width=121)
	              Index Cond: ((id >= 9236644) AND (id <= 9236653))

table 5 : explain SELECT DISTINCT c FROM sbtest5 WHERE id BETWEEN 7914072 AND 7914081 ORDER BY c
	Unique  (cost=43.86..43.91 rows=10 width=121)
	  ->  Sort  (cost=43.86..43.89 rows=10 width=121)
	        Sort Key: c
	        ->  Index Scan using sbtest5_pkey on sbtest5  (cost=0.43..43.70 rows=10 width=121)
	              Index Cond: ((id >= 7914072) AND (id <= 7914081))

table 6 : explain SELECT DISTINCT c FROM sbtest6 WHERE id BETWEEN 9905934 AND 9905943 ORDER BY c
	Unique  (cost=43.96..44.01 rows=10 width=121)
	  ->  Sort  (cost=43.96..43.98 rows=10 width=121)
	        Sort Key: c
	        ->  Index Scan using sbtest6_pkey on sbtest6  (cost=0.43..43.79 rows=10 width=121)
	              Index Cond: ((id >= 9905934) AND (id <= 9905943))

table 7 : explain SELECT DISTINCT c FROM sbtest7 WHERE id BETWEEN 601387 AND 601396 ORDER BY c
	Unique  (cost=43.89..43.94 rows=10 width=121)
	  ->  Sort  (cost=43.89..43.92 rows=10 width=121)
	        Sort Key: c
	        ->  Index Scan using sbtest7_pkey on sbtest7  (cost=0.43..43.73 rows=10 width=121)
	              Index Cond: ((id >= 601387) AND (id <= 601396))

table 8 : explain SELECT DISTINCT c FROM sbtest8 WHERE id BETWEEN 9993987 AND 9993996 ORDER BY c
	Unique  (cost=43.94..43.99 rows=10 width=121)
	  ->  Sort  (cost=43.94..43.96 rows=10 width=121)
	        Sort Key: c
	        ->  Index Scan using sbtest8_pkey on sbtest8  (cost=0.43..43.77 rows=10 width=121)
	              Index Cond: ((id >= 9993987) AND (id <= 9993996))

for: order_ranges
table 1 : explain SELECT c FROM sbtest1 WHERE id BETWEEN 9787610 AND 9787619 ORDER BY c
	Sort  (cost=43.94..43.97 rows=10 width=121)
	  Sort Key: c
	  ->  Index Scan using sbtest1_pkey on sbtest1  (cost=0.43..43.78 rows=10 width=121)
	        Index Cond: ((id >= 9787610) AND (id <= 9787619))

table 2 : explain SELECT c FROM sbtest2 WHERE id BETWEEN 2163850 AND 2163859 ORDER BY c
	Sort  (cost=47.86..47.89 rows=11 width=121)
	  Sort Key: c
	  ->  Index Scan using sbtest2_pkey on sbtest2  (cost=0.43..47.67 rows=11 width=121)
	        Index Cond: ((id >= 2163850) AND (id <= 2163859))

table 3 : explain SELECT c FROM sbtest3 WHERE id BETWEEN 2369280 AND 2369289 ORDER BY c
	Sort  (cost=44.07..44.10 rows=10 width=121)
	  Sort Key: c
	  ->  Index Scan using sbtest3_pkey on sbtest3  (cost=0.43..43.91 rows=10 width=121)
	        Index Cond: ((id >= 2369280) AND (id <= 2369289))

table 4 : explain SELECT c FROM sbtest4 WHERE id BETWEEN 2347705 AND 2347714 ORDER BY c
	Sort  (cost=44.05..44.08 rows=10 width=121)
	  Sort Key: c
	  ->  Index Scan using sbtest4_pkey on sbtest4  (cost=0.43..43.89 rows=10 width=121)
	        Index Cond: ((id >= 2347705) AND (id <= 2347714))

table 5 : explain SELECT c FROM sbtest5 WHERE id BETWEEN 7499496 AND 7499505 ORDER BY c
	Sort  (cost=43.86..43.89 rows=10 width=121)
	  Sort Key: c
	  ->  Index Scan using sbtest5_pkey on sbtest5  (cost=0.43..43.70 rows=10 width=121)
	        Index Cond: ((id >= 7499496) AND (id <= 7499505))

table 6 : explain SELECT c FROM sbtest6 WHERE id BETWEEN 7482437 AND 7482446 ORDER BY c
	Sort  (cost=43.96..43.98 rows=10 width=121)
	  Sort Key: c
	  ->  Index Scan using sbtest6_pkey on sbtest6  (cost=0.43..43.79 rows=10 width=121)
	        Index Cond: ((id >= 7482437) AND (id <= 7482446))

table 7 : explain SELECT c FROM sbtest7 WHERE id BETWEEN 821232 AND 821241 ORDER BY c
	Sort  (cost=39.95..39.97 rows=9 width=121)
	  Sort Key: c
	  ->  Index Scan using sbtest7_pkey on sbtest7  (cost=0.43..39.81 rows=9 width=121)
	        Index Cond: ((id >= 821232) AND (id <= 821241))

table 8 : explain SELECT c FROM sbtest8 WHERE id BETWEEN 930734 AND 930743 ORDER BY c
	Sort  (cost=43.94..43.96 rows=10 width=121)
	  Sort Key: c
	  ->  Index Scan using sbtest8_pkey on sbtest8  (cost=0.43..43.77 rows=10 width=121)
	        Index Cond: ((id >= 930734) AND (id <= 930743))

for: distinct_ranges
table 1 : explain SELECT DISTINCT c FROM sbtest1 WHERE id BETWEEN 5376877 AND 5376886 ORDER BY c
	Unique  (cost=47.89..47.95 rows=11 width=121)
	  ->  Sort  (cost=47.89..47.92 rows=11 width=121)
	        Sort Key: c
	        ->  Index Scan using sbtest1_pkey on sbtest1  (cost=0.43..47.70 rows=11 width=121)
	              Index Cond: ((id >= 5376877) AND (id <= 5376886))

table 2 : explain SELECT DISTINCT c FROM sbtest2 WHERE id BETWEEN 3522260 AND 3522269 ORDER BY c
	Unique  (cost=43.92..43.97 rows=10 width=121)
	  ->  Sort  (cost=43.92..43.94 rows=10 width=121)
	        Sort Key: c
	        ->  Index Scan using sbtest2_pkey on sbtest2  (cost=0.43..43.75 rows=10 width=121)
	              Index Cond: ((id >= 3522260) AND (id <= 3522269))

table 3 : explain SELECT DISTINCT c FROM sbtest3 WHERE id BETWEEN 6424435 AND 6424444 ORDER BY c
	Unique  (cost=44.07..44.12 rows=10 width=121)
	  ->  Sort  (cost=44.07..44.10 rows=10 width=121)
	        Sort Key: c
	        ->  Index Scan using sbtest3_pkey on sbtest3  (cost=0.43..43.91 rows=10 width=121)
	              Index Cond: ((id >= 6424435) AND (id <= 6424444))

table 4 : explain SELECT DISTINCT c FROM sbtest4 WHERE id BETWEEN 2111939 AND 2111948 ORDER BY c
	Unique  (cost=44.05..44.10 rows=10 width=121)
	  ->  Sort  (cost=44.05..44.08 rows=10 width=121)
	        Sort Key: c
	        ->  Index Scan using sbtest4_pkey on sbtest4  (cost=0.43..43.89 rows=10 width=121)
	              Index Cond: ((id >= 2111939) AND (id <= 2111948))

table 5 : explain SELECT DISTINCT c FROM sbtest5 WHERE id BETWEEN 5674996 AND 5675005 ORDER BY c
	Unique  (cost=43.86..43.91 rows=10 width=121)
	  ->  Sort  (cost=43.86..43.89 rows=10 width=121)
	        Sort Key: c
	        ->  Index Scan using sbtest5_pkey on sbtest5  (cost=0.43..43.70 rows=10 width=121)
	              Index Cond: ((id >= 5674996) AND (id <= 5675005))

table 6 : explain SELECT DISTINCT c FROM sbtest6 WHERE id BETWEEN 355396 AND 355405 ORDER BY c
	Unique  (cost=47.91..47.96 rows=11 width=121)
	  ->  Sort  (cost=47.91..47.93 rows=11 width=121)
	        Sort Key: c
	        ->  Index Scan using sbtest6_pkey on sbtest6  (cost=0.43..47.72 rows=11 width=121)
	              Index Cond: ((id >= 355396) AND (id <= 355405))

table 7 : explain SELECT DISTINCT c FROM sbtest7 WHERE id BETWEEN 6401471 AND 6401480 ORDER BY c
	Unique  (cost=39.95..40.00 rows=9 width=121)
	  ->  Sort  (cost=39.95..39.97 rows=9 width=121)
	        Sort Key: c
	        ->  Index Scan using sbtest7_pkey on sbtest7  (cost=0.43..39.81 rows=9 width=121)
	              Index Cond: ((id >= 6401471) AND (id <= 6401480))

table 8 : explain SELECT DISTINCT c FROM sbtest8 WHERE id BETWEEN 2420764 AND 2420773 ORDER BY c
	Unique  (cost=39.99..40.04 rows=9 width=121)
	  ->  Sort  (cost=39.99..40.01 rows=9 width=121)
	        Sort Key: c
	        ->  Index Scan using sbtest8_pkey on sbtest8  (cost=0.43..39.85 rows=9 width=121)
	              Index Cond: ((id >= 2420764) AND (id <= 2420773))

for: distinct_ranges
table 1 : explain SELECT DISTINCT c FROM sbtest1 WHERE id BETWEEN 1724735 AND 1724744 ORDER BY c
	Unique  (cost=43.94..43.99 rows=10 width=121)
	  ->  Sort  (cost=43.94..43.97 rows=10 width=121)
	        Sort Key: c
	        ->  Index Scan using sbtest1_pkey on sbtest1  (cost=0.43..43.78 rows=10 width=121)
	              Index Cond: ((id >= 1724735) AND (id <= 1724744))

table 2 : explain SELECT DISTINCT c FROM sbtest2 WHERE id BETWEEN 756575 AND 756584 ORDER BY c
	Unique  (cost=43.92..43.97 rows=10 width=121)
	  ->  Sort  (cost=43.92..43.94 rows=10 width=121)
	        Sort Key: c
	        ->  Index Scan using sbtest2_pkey on sbtest2  (cost=0.43..43.75 rows=10 width=121)
	              Index Cond: ((id >= 756575) AND (id <= 756584))

table 3 : explain SELECT DISTINCT c FROM sbtest3 WHERE id BETWEEN 4200202 AND 4200211 ORDER BY c
	Unique  (cost=44.07..44.12 rows=10 width=121)
	  ->  Sort  (cost=44.07..44.10 rows=10 width=121)
	        Sort Key: c
	        ->  Index Scan using sbtest3_pkey on sbtest3  (cost=0.43..43.91 rows=10 width=121)
	              Index Cond: ((id >= 4200202) AND (id <= 4200211))

table 4 : explain SELECT DISTINCT c FROM sbtest4 WHERE id BETWEEN 6947663 AND 6947672 ORDER BY c
	Unique  (cost=44.05..44.10 rows=10 width=121)
	  ->  Sort  (cost=44.05..44.08 rows=10 width=121)
	        Sort Key: c
	        ->  Index Scan using sbtest4_pkey on sbtest4  (cost=0.43..43.89 rows=10 width=121)
	              Index Cond: ((id >= 6947663) AND (id <= 6947672))

table 5 : explain SELECT DISTINCT c FROM sbtest5 WHERE id BETWEEN 3236812 AND 3236821 ORDER BY c
	Unique  (cost=43.86..43.91 rows=10 width=121)
	  ->  Sort  (cost=43.86..43.89 rows=10 width=121)
	        Sort Key: c
	        ->  Index Scan using sbtest5_pkey on sbtest5  (cost=0.43..43.70 rows=10 width=121)
	              Index Cond: ((id >= 3236812) AND (id <= 3236821))

table 6 : explain SELECT DISTINCT c FROM sbtest6 WHERE id BETWEEN 2832466 AND 2832475 ORDER BY c
	Unique  (cost=43.96..44.01 rows=10 width=121)
	  ->  Sort  (cost=43.96..43.98 rows=10 width=121)
	        Sort Key: c
	        ->  Index Scan using sbtest6_pkey on sbtest6  (cost=0.43..43.79 rows=10 width=121)
	              Index Cond: ((id >= 2832466) AND (id <= 2832475))

table 7 : explain SELECT DISTINCT c FROM sbtest7 WHERE id BETWEEN 1451464 AND 1451473 ORDER BY c
	Unique  (cost=39.95..40.00 rows=9 width=121)
	  ->  Sort  (cost=39.95..39.97 rows=9 width=121)
	        Sort Key: c
	        ->  Index Scan using sbtest7_pkey on sbtest7  (cost=0.43..39.81 rows=9 width=121)
	              Index Cond: ((id >= 1451464) AND (id <= 1451473))

table 8 : explain SELECT DISTINCT c FROM sbtest8 WHERE id BETWEEN 1879847 AND 1879856 ORDER BY c
	Unique  (cost=47.89..47.94 rows=11 width=121)
	  ->  Sort  (cost=47.89..47.92 rows=11 width=121)
	        Sort Key: c
	        ->  Index Scan using sbtest8_pkey on sbtest8  (cost=0.43..47.70 rows=11 width=121)
	              Index Cond: ((id >= 1879847) AND (id <= 1879856))

for: distinct_ranges
table 1 : explain SELECT DISTINCT c FROM sbtest1 WHERE id BETWEEN 3340921 AND 3340930 ORDER BY c
	Unique  (cost=47.89..47.95 rows=11 width=121)
	  ->  Sort  (cost=47.89..47.92 rows=11 width=121)
	        Sort Key: c
	        ->  Index Scan using sbtest1_pkey on sbtest1  (cost=0.43..47.70 rows=11 width=121)
	              Index Cond: ((id >= 3340921) AND (id <= 3340930))

table 2 : explain SELECT DISTINCT c FROM sbtest2 WHERE id BETWEEN 2340142 AND 2340151 ORDER BY c
	Unique  (cost=43.92..43.97 rows=10 width=121)
	  ->  Sort  (cost=43.92..43.94 rows=10 width=121)
	        Sort Key: c
	        ->  Index Scan using sbtest2_pkey on sbtest2  (cost=0.43..43.75 rows=10 width=121)
	              Index Cond: ((id >= 2340142) AND (id <= 2340151))

table 3 : explain SELECT DISTINCT c FROM sbtest3 WHERE id BETWEEN 2674780 AND 2674789 ORDER BY c
	Unique  (cost=44.07..44.12 rows=10 width=121)
	  ->  Sort  (cost=44.07..44.10 rows=10 width=121)
	        Sort Key: c
	        ->  Index Scan using sbtest3_pkey on sbtest3  (cost=0.43..43.91 rows=10 width=121)
	              Index Cond: ((id >= 2674780) AND (id <= 2674789))

table 4 : explain SELECT DISTINCT c FROM sbtest4 WHERE id BETWEEN 6548058 AND 6548067 ORDER BY c
	Unique  (cost=48.02..48.07 rows=11 width=121)
	  ->  Sort  (cost=48.02..48.04 rows=11 width=121)
	        Sort Key: c
	        ->  Index Scan using sbtest4_pkey on sbtest4  (cost=0.43..47.83 rows=11 width=121)
	              Index Cond: ((id >= 6548058) AND (id <= 6548067))

table 5 : explain SELECT DISTINCT c FROM sbtest5 WHERE id BETWEEN 870859 AND 870868 ORDER BY c
	Unique  (cost=43.86..43.91 rows=10 width=121)
	  ->  Sort  (cost=43.86..43.89 rows=10 width=121)
	        Sort Key: c
	        ->  Index Scan using sbtest5_pkey on sbtest5  (cost=0.43..43.70 rows=10 width=121)
	              Index Cond: ((id >= 870859) AND (id <= 870868))

table 6 : explain SELECT DISTINCT c FROM sbtest6 WHERE id BETWEEN 4333618 AND 4333627 ORDER BY c
	Unique  (cost=43.96..44.01 rows=10 width=121)
	  ->  Sort  (cost=43.96..43.98 rows=10 width=121)
	        Sort Key: c
	        ->  Index Scan using sbtest6_pkey on sbtest6  (cost=0.43..43.79 rows=10 width=121)
	              Index Cond: ((id >= 4333618) AND (id <= 4333627))

table 7 : explain SELECT DISTINCT c FROM sbtest7 WHERE id BETWEEN 1302681 AND 1302690 ORDER BY c
	Unique  (cost=43.89..43.94 rows=10 width=121)
	  ->  Sort  (cost=43.89..43.92 rows=10 width=121)
	        Sort Key: c
	        ->  Index Scan using sbtest7_pkey on sbtest7  (cost=0.43..43.73 rows=10 width=121)
	              Index Cond: ((id >= 1302681) AND (id <= 1302690))

table 8 : explain SELECT DISTINCT c FROM sbtest8 WHERE id BETWEEN 3898302 AND 3898311 ORDER BY c
	Unique  (cost=39.99..40.04 rows=9 width=121)
	  ->  Sort  (cost=39.99..40.01 rows=9 width=121)
	        Sort Key: c
	        ->  Index Scan using sbtest8_pkey on sbtest8  (cost=0.43..39.85 rows=9 width=121)
	              Index Cond: ((id >= 3898302) AND (id <= 3898311))

for: distinct_ranges
table 1 : explain SELECT DISTINCT c FROM sbtest1 WHERE id BETWEEN 9352209 AND 9352218 ORDER BY c
	Unique  (cost=43.94..43.99 rows=10 width=121)
	  ->  Sort  (cost=43.94..43.97 rows=10 width=121)
	        Sort Key: c
	        ->  Index Scan using sbtest1_pkey on sbtest1  (cost=0.43..43.78 rows=10 width=121)
	              Index Cond: ((id >= 9352209) AND (id <= 9352218))

table 2 : explain SELECT DISTINCT c FROM sbtest2 WHERE id BETWEEN 7597508 AND 7597517 ORDER BY c
	Unique  (cost=43.92..43.97 rows=10 width=121)
	  ->  Sort  (cost=43.92..43.94 rows=10 width=121)
	        Sort Key: c
	        ->  Index Scan using sbtest2_pkey on sbtest2  (cost=0.43..43.75 rows=10 width=121)
	              Index Cond: ((id >= 7597508) AND (id <= 7597517))

table 3 : explain SELECT DISTINCT c FROM sbtest3 WHERE id BETWEEN 1405452 AND 1405461 ORDER BY c
	Unique  (cost=44.07..44.12 rows=10 width=121)
	  ->  Sort  (cost=44.07..44.10 rows=10 width=121)
	        Sort Key: c
	        ->  Index Scan using sbtest3_pkey on sbtest3  (cost=0.43..43.91 rows=10 width=121)
	              Index Cond: ((id >= 1405452) AND (id <= 1405461))

table 4 : explain SELECT DISTINCT c FROM sbtest4 WHERE id BETWEEN 8651414 AND 8651423 ORDER BY c
	Unique  (cost=44.05..44.10 rows=10 width=121)
	  ->  Sort  (cost=44.05..44.08 rows=10 width=121)
	        Sort Key: c
	        ->  Index Scan using sbtest4_pkey on sbtest4  (cost=0.43..43.89 rows=10 width=121)
	              Index Cond: ((id >= 8651414) AND (id <= 8651423))

table 5 : explain SELECT DISTINCT c FROM sbtest5 WHERE id BETWEEN 6551536 AND 6551545 ORDER BY c
	Unique  (cost=43.86..43.91 rows=10 width=121)
	  ->  Sort  (cost=43.86..43.89 rows=10 width=121)
	        Sort Key: c
	        ->  Index Scan using sbtest5_pkey on sbtest5  (cost=0.43..43.70 rows=10 width=121)
	              Index Cond: ((id >= 6551536) AND (id <= 6551545))

table 6 : explain SELECT DISTINCT c FROM sbtest6 WHERE id BETWEEN 1913655 AND 1913664 ORDER BY c
	Unique  (cost=40.01..40.05 rows=9 width=121)
	  ->  Sort  (cost=40.01..40.03 rows=9 width=121)
	        Sort Key: c
	        ->  Index Scan using sbtest6_pkey on sbtest6  (cost=0.43..39.86 rows=9 width=121)
	              Index Cond: ((id >= 1913655) AND (id <= 1913664))

table 7 : explain SELECT DISTINCT c FROM sbtest7 WHERE id BETWEEN 4571625 AND 4571634 ORDER BY c
	Unique  (cost=47.84..47.89 rows=11 width=121)
	  ->  Sort  (cost=47.84..47.86 rows=11 width=121)
	        Sort Key: c
	        ->  Index Scan using sbtest7_pkey on sbtest7  (cost=0.43..47.65 rows=11 width=121)
	              Index Cond: ((id >= 4571625) AND (id <= 4571634))

table 8 : explain SELECT DISTINCT c FROM sbtest8 WHERE id BETWEEN 4074355 AND 4074364 ORDER BY c
	Unique  (cost=43.94..43.99 rows=10 width=121)
	  ->  Sort  (cost=43.94..43.96 rows=10 width=121)
	        Sort Key: c
	        ->  Index Scan using sbtest8_pkey on sbtest8  (cost=0.43..43.77 rows=10 width=121)
	              Index Cond: ((id >= 4074355) AND (id <= 4074364))

for: distinct_ranges
table 1 : explain SELECT DISTINCT c FROM sbtest1 WHERE id BETWEEN 1965637 AND 1965646 ORDER BY c
	Unique  (cost=43.94..43.99 rows=10 width=121)
	  ->  Sort  (cost=43.94..43.97 rows=10 width=121)
	        Sort Key: c
	        ->  Index Scan using sbtest1_pkey on sbtest1  (cost=0.43..43.78 rows=10 width=121)
	              Index Cond: ((id >= 1965637) AND (id <= 1965646))

table 2 : explain SELECT DISTINCT c FROM sbtest2 WHERE id BETWEEN 5315400 AND 5315409 ORDER BY c
	Unique  (cost=43.92..43.97 rows=10 width=121)
	  ->  Sort  (cost=43.92..43.94 rows=10 width=121)
	        Sort Key: c
	        ->  Index Scan using sbtest2_pkey on sbtest2  (cost=0.43..43.75 rows=10 width=121)
	              Index Cond: ((id >= 5315400) AND (id <= 5315409))

table 3 : explain SELECT DISTINCT c FROM sbtest3 WHERE id BETWEEN 9638411 AND 9638420 ORDER BY c
	Unique  (cost=44.07..44.12 rows=10 width=121)
	  ->  Sort  (cost=44.07..44.10 rows=10 width=121)
	        Sort Key: c
	        ->  Index Scan using sbtest3_pkey on sbtest3  (cost=0.43..43.91 rows=10 width=121)
	              Index Cond: ((id >= 9638411) AND (id <= 9638420))

table 4 : explain SELECT DISTINCT c FROM sbtest4 WHERE id BETWEEN 285438 AND 285447 ORDER BY c
	Unique  (cost=44.05..44.10 rows=10 width=121)
	  ->  Sort  (cost=44.05..44.08 rows=10 width=121)
	        Sort Key: c
	        ->  Index Scan using sbtest4_pkey on sbtest4  (cost=0.43..43.89 rows=10 width=121)
	              Index Cond: ((id >= 285438) AND (id <= 285447))

table 5 : explain SELECT DISTINCT c FROM sbtest5 WHERE id BETWEEN 9051104 AND 9051113 ORDER BY c
	Unique  (cost=43.86..43.91 rows=10 width=121)
	  ->  Sort  (cost=43.86..43.89 rows=10 width=121)
	        Sort Key: c
	        ->  Index Scan using sbtest5_pkey on sbtest5  (cost=0.43..43.70 rows=10 width=121)
	              Index Cond: ((id >= 9051104) AND (id <= 9051113))

table 6 : explain SELECT DISTINCT c FROM sbtest6 WHERE id BETWEEN 4435821 AND 4435830 ORDER BY c
	Unique  (cost=47.91..47.96 rows=11 width=121)
	  ->  Sort  (cost=47.91..47.93 rows=11 width=121)
	        Sort Key: c
	        ->  Index Scan using sbtest6_pkey on sbtest6  (cost=0.43..47.72 rows=11 width=121)
	              Index Cond: ((id >= 4435821) AND (id <= 4435830))

table 7 : explain SELECT DISTINCT c FROM sbtest7 WHERE id BETWEEN 9618721 AND 9618730 ORDER BY c
	Unique  (cost=47.84..47.89 rows=11 width=121)
	  ->  Sort  (cost=47.84..47.86 rows=11 width=121)
	        Sort Key: c
	        ->  Index Scan using sbtest7_pkey on sbtest7  (cost=0.43..47.65 rows=11 width=121)
	              Index Cond: ((id >= 9618721) AND (id <= 9618730))

table 8 : explain SELECT DISTINCT c FROM sbtest8 WHERE id BETWEEN 9243062 AND 9243071 ORDER BY c
	Unique  (cost=39.99..40.04 rows=9 width=121)
	  ->  Sort  (cost=39.99..40.01 rows=9 width=121)
	        Sort Key: c
	        ->  Index Scan using sbtest8_pkey on sbtest8  (cost=0.43..39.85 rows=9 width=121)
	              Index Cond: ((id >= 9243062) AND (id <= 9243071))

for: order_ranges
table 1 : explain SELECT c FROM sbtest1 WHERE id BETWEEN 7655163 AND 7655172 ORDER BY c
	Sort  (cost=43.94..43.97 rows=10 width=121)
	  Sort Key: c
	  ->  Index Scan using sbtest1_pkey on sbtest1  (cost=0.43..43.78 rows=10 width=121)
	        Index Cond: ((id >= 7655163) AND (id <= 7655172))

table 2 : explain SELECT c FROM sbtest2 WHERE id BETWEEN 5766643 AND 5766652 ORDER BY c
	Sort  (cost=43.92..43.94 rows=10 width=121)
	  Sort Key: c
	  ->  Index Scan using sbtest2_pkey on sbtest2  (cost=0.43..43.75 rows=10 width=121)
	        Index Cond: ((id >= 5766643) AND (id <= 5766652))

table 3 : explain SELECT c FROM sbtest3 WHERE id BETWEEN 5769877 AND 5769886 ORDER BY c
	Sort  (cost=44.07..44.10 rows=10 width=121)
	  Sort Key: c
	  ->  Index Scan using sbtest3_pkey on sbtest3  (cost=0.43..43.91 rows=10 width=121)
	        Index Cond: ((id >= 5769877) AND (id <= 5769886))

table 4 : explain SELECT c FROM sbtest4 WHERE id BETWEEN 666907 AND 666916 ORDER BY c
	Sort  (cost=48.02..48.04 rows=11 width=121)
	  Sort Key: c
	  ->  Index Scan using sbtest4_pkey on sbtest4  (cost=0.43..47.83 rows=11 width=121)
	        Index Cond: ((id >= 666907) AND (id <= 666916))

table 5 : explain SELECT c FROM sbtest5 WHERE id BETWEEN 9325449 AND 9325458 ORDER BY c
	Sort  (cost=39.92..39.94 rows=9 width=121)
	  Sort Key: c
	  ->  Index Scan using sbtest5_pkey on sbtest5  (cost=0.43..39.78 rows=9 width=121)
	        Index Cond: ((id >= 9325449) AND (id <= 9325458))

table 6 : explain SELECT c FROM sbtest6 WHERE id BETWEEN 1609187 AND 1609196 ORDER BY c
	Sort  (cost=43.96..43.98 rows=10 width=121)
	  Sort Key: c
	  ->  Index Scan using sbtest6_pkey on sbtest6  (cost=0.43..43.79 rows=10 width=121)
	        Index Cond: ((id >= 1609187) AND (id <= 1609196))

table 7 : explain SELECT c FROM sbtest7 WHERE id BETWEEN 183753 AND 183762 ORDER BY c
	Sort  (cost=39.95..39.97 rows=9 width=121)
	  Sort Key: c
	  ->  Index Scan using sbtest7_pkey on sbtest7  (cost=0.43..39.81 rows=9 width=121)
	        Index Cond: ((id >= 183753) AND (id <= 183762))

table 8 : explain SELECT c FROM sbtest8 WHERE id BETWEEN 4647591 AND 4647600 ORDER BY c
	Sort  (cost=43.94..43.96 rows=10 width=121)
	  Sort Key: c
	  ->  Index Scan using sbtest8_pkey on sbtest8  (cost=0.43..43.77 rows=10 width=121)
	        Index Cond: ((id >= 4647591) AND (id <= 4647600))

for: distinct_ranges
table 1 : explain SELECT DISTINCT c FROM sbtest1 WHERE id BETWEEN 2483644 AND 2483653 ORDER BY c
	Unique  (cost=43.94..43.99 rows=10 width=121)
	  ->  Sort  (cost=43.94..43.97 rows=10 width=121)
	        Sort Key: c
	        ->  Index Scan using sbtest1_pkey on sbtest1  (cost=0.43..43.78 rows=10 width=121)
	              Index Cond: ((id >= 2483644) AND (id <= 2483653))

table 2 : explain SELECT DISTINCT c FROM sbtest2 WHERE id BETWEEN 3537236 AND 3537245 ORDER BY c
	Unique  (cost=43.92..43.97 rows=10 width=121)
	  ->  Sort  (cost=43.92..43.94 rows=10 width=121)
	        Sort Key: c
	        ->  Index Scan using sbtest2_pkey on sbtest2  (cost=0.43..43.75 rows=10 width=121)
	              Index Cond: ((id >= 3537236) AND (id <= 3537245))

table 3 : explain SELECT DISTINCT c FROM sbtest3 WHERE id BETWEEN 6164229 AND 6164238 ORDER BY c
	Unique  (cost=44.07..44.12 rows=10 width=121)
	  ->  Sort  (cost=44.07..44.10 rows=10 width=121)
	        Sort Key: c
	        ->  Index Scan using sbtest3_pkey on sbtest3  (cost=0.43..43.91 rows=10 width=121)
	              Index Cond: ((id >= 6164229) AND (id <= 6164238))

table 4 : explain SELECT DISTINCT c FROM sbtest4 WHERE id BETWEEN 7167360 AND 7167369 ORDER BY c
	Unique  (cost=48.02..48.07 rows=11 width=121)
	  ->  Sort  (cost=48.02..48.04 rows=11 width=121)
	        Sort Key: c
	        ->  Index Scan using sbtest4_pkey on sbtest4  (cost=0.43..47.83 rows=11 width=121)
	              Index Cond: ((id >= 7167360) AND (id <= 7167369))

table 5 : explain SELECT DISTINCT c FROM sbtest5 WHERE id BETWEEN 8600985 AND 8600994 ORDER BY c
	Unique  (cost=43.86..43.91 rows=10 width=121)
	  ->  Sort  (cost=43.86..43.89 rows=10 width=121)
	        Sort Key: c
	        ->  Index Scan using sbtest5_pkey on sbtest5  (cost=0.43..43.70 rows=10 width=121)
	              Index Cond: ((id >= 8600985) AND (id <= 8600994))

table 6 : explain SELECT DISTINCT c FROM sbtest6 WHERE id BETWEEN 4625108 AND 4625117 ORDER BY c
	Unique  (cost=43.96..44.01 rows=10 width=121)
	  ->  Sort  (cost=43.96..43.98 rows=10 width=121)
	        Sort Key: c
	        ->  Index Scan using sbtest6_pkey on sbtest6  (cost=0.43..43.79 rows=10 width=121)
	              Index Cond: ((id >= 4625108) AND (id <= 4625117))

table 7 : explain SELECT DISTINCT c FROM sbtest7 WHERE id BETWEEN 3736510 AND 3736519 ORDER BY c
	Unique  (cost=43.89..43.94 rows=10 width=121)
	  ->  Sort  (cost=43.89..43.92 rows=10 width=121)
	        Sort Key: c
	        ->  Index Scan using sbtest7_pkey on sbtest7  (cost=0.43..43.73 rows=10 width=121)
	              Index Cond: ((id >= 3736510) AND (id <= 3736519))

table 8 : explain SELECT DISTINCT c FROM sbtest8 WHERE id BETWEEN 1986377 AND 1986386 ORDER BY c
	Unique  (cost=43.94..43.99 rows=10 width=121)
	  ->  Sort  (cost=43.94..43.96 rows=10 width=121)
	        Sort Key: c
	        ->  Index Scan using sbtest8_pkey on sbtest8  (cost=0.43..43.77 rows=10 width=121)
	              Index Cond: ((id >= 1986377) AND (id <= 1986386))

for: order_ranges
table 1 : explain SELECT c FROM sbtest1 WHERE id BETWEEN 290857 AND 290866 ORDER BY c
	Sort  (cost=39.99..40.02 rows=9 width=121)
	  Sort Key: c
	  ->  Index Scan using sbtest1_pkey on sbtest1  (cost=0.43..39.85 rows=9 width=121)
	        Index Cond: ((id >= 290857) AND (id <= 290866))

table 2 : explain SELECT c FROM sbtest2 WHERE id BETWEEN 3091376 AND 3091385 ORDER BY c
	Sort  (cost=39.97..39.99 rows=9 width=121)
	  Sort Key: c
	  ->  Index Scan using sbtest2_pkey on sbtest2  (cost=0.43..39.83 rows=9 width=121)
	        Index Cond: ((id >= 3091376) AND (id <= 3091385))

table 3 : explain SELECT c FROM sbtest3 WHERE id BETWEEN 5816464 AND 5816473 ORDER BY c
	Sort  (cost=44.07..44.10 rows=10 width=121)
	  Sort Key: c
	  ->  Index Scan using sbtest3_pkey on sbtest3  (cost=0.43..43.91 rows=10 width=121)
	        Index Cond: ((id >= 5816464) AND (id <= 5816473))

table 4 : explain SELECT c FROM sbtest4 WHERE id BETWEEN 6948932 AND 6948941 ORDER BY c
	Sort  (cost=44.05..44.08 rows=10 width=121)
	  Sort Key: c
	  ->  Index Scan using sbtest4_pkey on sbtest4  (cost=0.43..43.89 rows=10 width=121)
	        Index Cond: ((id >= 6948932) AND (id <= 6948941))

table 5 : explain SELECT c FROM sbtest5 WHERE id BETWEEN 5724949 AND 5724958 ORDER BY c
	Sort  (cost=39.92..39.94 rows=9 width=121)
	  Sort Key: c
	  ->  Index Scan using sbtest5_pkey on sbtest5  (cost=0.43..39.78 rows=9 width=121)
	        Index Cond: ((id >= 5724949) AND (id <= 5724958))

table 6 : explain SELECT c FROM sbtest6 WHERE id BETWEEN 475082 AND 475091 ORDER BY c
	Sort  (cost=43.96..43.98 rows=10 width=121)
	  Sort Key: c
	  ->  Index Scan using sbtest6_pkey on sbtest6  (cost=0.43..43.79 rows=10 width=121)
	        Index Cond: ((id >= 475082) AND (id <= 475091))

table 7 : explain SELECT c FROM sbtest7 WHERE id BETWEEN 5633979 AND 5633988 ORDER BY c
	Sort  (cost=47.84..47.86 rows=11 width=121)
	  Sort Key: c
	  ->  Index Scan using sbtest7_pkey on sbtest7  (cost=0.43..47.65 rows=11 width=121)
	        Index Cond: ((id >= 5633979) AND (id <= 5633988))

table 8 : explain SELECT c FROM sbtest8 WHERE id BETWEEN 4458815 AND 4458824 ORDER BY c
	Sort  (cost=43.94..43.96 rows=10 width=121)
	  Sort Key: c
	  ->  Index Scan using sbtest8_pkey on sbtest8  (cost=0.43..43.77 rows=10 width=121)
	        Index Cond: ((id >= 4458815) AND (id <= 4458824))

for: distinct_ranges
table 1 : explain SELECT DISTINCT c FROM sbtest1 WHERE id BETWEEN 7757802 AND 7757811 ORDER BY c
	Unique  (cost=43.94..43.99 rows=10 width=121)
	  ->  Sort  (cost=43.94..43.97 rows=10 width=121)
	        Sort Key: c
	        ->  Index Scan using sbtest1_pkey on sbtest1  (cost=0.43..43.78 rows=10 width=121)
	              Index Cond: ((id >= 7757802) AND (id <= 7757811))

table 2 : explain SELECT DISTINCT c FROM sbtest2 WHERE id BETWEEN 991788 AND 991797 ORDER BY c
	Unique  (cost=43.92..43.97 rows=10 width=121)
	  ->  Sort  (cost=43.92..43.94 rows=10 width=121)
	        Sort Key: c
	        ->  Index Scan using sbtest2_pkey on sbtest2  (cost=0.43..43.75 rows=10 width=121)
	              Index Cond: ((id >= 991788) AND (id <= 991797))

table 3 : explain SELECT DISTINCT c FROM sbtest3 WHERE id BETWEEN 8958672 AND 8958681 ORDER BY c
	Unique  (cost=44.07..44.12 rows=10 width=121)
	  ->  Sort  (cost=44.07..44.10 rows=10 width=121)
	        Sort Key: c
	        ->  Index Scan using sbtest3_pkey on sbtest3  (cost=0.43..43.91 rows=10 width=121)
	              Index Cond: ((id >= 8958672) AND (id <= 8958681))

table 4 : explain SELECT DISTINCT c FROM sbtest4 WHERE id BETWEEN 2813039 AND 2813048 ORDER BY c
	Unique  (cost=44.05..44.10 rows=10 width=121)
	  ->  Sort  (cost=44.05..44.08 rows=10 width=121)
	        Sort Key: c
	        ->  Index Scan using sbtest4_pkey on sbtest4  (cost=0.43..43.89 rows=10 width=121)
	              Index Cond: ((id >= 2813039) AND (id <= 2813048))

table 5 : explain SELECT DISTINCT c FROM sbtest5 WHERE id BETWEEN 9724675 AND 9724684 ORDER BY c
	Unique  (cost=39.92..39.97 rows=9 width=121)
	  ->  Sort  (cost=39.92..39.94 rows=9 width=121)
	        Sort Key: c
	        ->  Index Scan using sbtest5_pkey on sbtest5  (cost=0.43..39.78 rows=9 width=121)
	              Index Cond: ((id >= 9724675) AND (id <= 9724684))

table 6 : explain SELECT DISTINCT c FROM sbtest6 WHERE id BETWEEN 9265860 AND 9265869 ORDER BY c
	Unique  (cost=40.01..40.05 rows=9 width=121)
	  ->  Sort  (cost=40.01..40.03 rows=9 width=121)
	        Sort Key: c
	        ->  Index Scan using sbtest6_pkey on sbtest6  (cost=0.43..39.86 rows=9 width=121)
	              Index Cond: ((id >= 9265860) AND (id <= 9265869))

table 7 : explain SELECT DISTINCT c FROM sbtest7 WHERE id BETWEEN 2738842 AND 2738851 ORDER BY c
	Unique  (cost=43.89..43.94 rows=10 width=121)
	  ->  Sort  (cost=43.89..43.92 rows=10 width=121)
	        Sort Key: c
	        ->  Index Scan using sbtest7_pkey on sbtest7  (cost=0.43..43.73 rows=10 width=121)
	              Index Cond: ((id >= 2738842) AND (id <= 2738851))

table 8 : explain SELECT DISTINCT c FROM sbtest8 WHERE id BETWEEN 1208347 AND 1208356 ORDER BY c
	Unique  (cost=43.94..43.99 rows=10 width=121)
	  ->  Sort  (cost=43.94..43.96 rows=10 width=121)
	        Sort Key: c
	        ->  Index Scan using sbtest8_pkey on sbtest8  (cost=0.43..43.77 rows=10 width=121)
	              Index Cond: ((id >= 1208347) AND (id <= 1208356))

for: distinct_ranges
table 1 : explain SELECT DISTINCT c FROM sbtest1 WHERE id BETWEEN 2640462 AND 2640471 ORDER BY c
	Unique  (cost=39.99..40.04 rows=9 width=121)
	  ->  Sort  (cost=39.99..40.02 rows=9 width=121)
	        Sort Key: c
	        ->  Index Scan using sbtest1_pkey on sbtest1  (cost=0.43..39.85 rows=9 width=121)
	              Index Cond: ((id >= 2640462) AND (id <= 2640471))

table 2 : explain SELECT DISTINCT c FROM sbtest2 WHERE id BETWEEN 354021 AND 354030 ORDER BY c
	Unique  (cost=39.97..40.02 rows=9 width=121)
	  ->  Sort  (cost=39.97..39.99 rows=9 width=121)
	        Sort Key: c
	        ->  Index Scan using sbtest2_pkey on sbtest2  (cost=0.43..39.83 rows=9 width=121)
	              Index Cond: ((id >= 354021) AND (id <= 354030))

table 3 : explain SELECT DISTINCT c FROM sbtest3 WHERE id BETWEEN 3135846 AND 3135855 ORDER BY c
	Unique  (cost=48.03..48.09 rows=11 width=121)
	  ->  Sort  (cost=48.03..48.06 rows=11 width=121)
	        Sort Key: c
	        ->  Index Scan using sbtest3_pkey on sbtest3  (cost=0.43..47.84 rows=11 width=121)
	              Index Cond: ((id >= 3135846) AND (id <= 3135855))

table 4 : explain SELECT DISTINCT c FROM sbtest4 WHERE id BETWEEN 362798 AND 362807 ORDER BY c
	Unique  (cost=44.05..44.10 rows=10 width=121)
	  ->  Sort  (cost=44.05..44.08 rows=10 width=121)
	        Sort Key: c
	        ->  Index Scan using sbtest4_pkey on sbtest4  (cost=0.43..43.89 rows=10 width=121)
	              Index Cond: ((id >= 362798) AND (id <= 362807))

table 5 : explain SELECT DISTINCT c FROM sbtest5 WHERE id BETWEEN 5044303 AND 5044312 ORDER BY c
	Unique  (cost=39.92..39.97 rows=9 width=121)
	  ->  Sort  (cost=39.92..39.94 rows=9 width=121)
	        Sort Key: c
	        ->  Index Scan using sbtest5_pkey on sbtest5  (cost=0.43..39.78 rows=9 width=121)
	              Index Cond: ((id >= 5044303) AND (id <= 5044312))

table 6 : explain SELECT DISTINCT c FROM sbtest6 WHERE id BETWEEN 3329148 AND 3329157 ORDER BY c
	Unique  (cost=43.96..44.01 rows=10 width=121)
	  ->  Sort  (cost=43.96..43.98 rows=10 width=121)
	        Sort Key: c
	        ->  Index Scan using sbtest6_pkey on sbtest6  (cost=0.43..43.79 rows=10 width=121)
	              Index Cond: ((id >= 3329148) AND (id <= 3329157))

table 7 : explain SELECT DISTINCT c FROM sbtest7 WHERE id BETWEEN 388785 AND 388794 ORDER BY c
	Unique  (cost=39.95..40.00 rows=9 width=121)
	  ->  Sort  (cost=39.95..39.97 rows=9 width=121)
	        Sort Key: c
	        ->  Index Scan using sbtest7_pkey on sbtest7  (cost=0.43..39.81 rows=9 width=121)
	              Index Cond: ((id >= 388785) AND (id <= 388794))

table 8 : explain SELECT DISTINCT c FROM sbtest8 WHERE id BETWEEN 7886808 AND 7886817 ORDER BY c
	Unique  (cost=43.94..43.99 rows=10 width=121)
	  ->  Sort  (cost=43.94..43.96 rows=10 width=121)
	        Sort Key: c
	        ->  Index Scan using sbtest8_pkey on sbtest8  (cost=0.43..43.77 rows=10 width=121)
	              Index Cond: ((id >= 7886808) AND (id <= 7886817))

for: distinct_ranges
table 1 : explain SELECT DISTINCT c FROM sbtest1 WHERE id BETWEEN 9771119 AND 9771128 ORDER BY c
	Unique  (cost=43.94..43.99 rows=10 width=121)
	  ->  Sort  (cost=43.94..43.97 rows=10 width=121)
	        Sort Key: c
	        ->  Index Scan using sbtest1_pkey on sbtest1  (cost=0.43..43.78 rows=10 width=121)
	              Index Cond: ((id >= 9771119) AND (id <= 9771128))

table 2 : explain SELECT DISTINCT c FROM sbtest2 WHERE id BETWEEN 4048746 AND 4048755 ORDER BY c
	Unique  (cost=43.92..43.97 rows=10 width=121)
	  ->  Sort  (cost=43.92..43.94 rows=10 width=121)
	        Sort Key: c
	        ->  Index Scan using sbtest2_pkey on sbtest2  (cost=0.43..43.75 rows=10 width=121)
	              Index Cond: ((id >= 4048746) AND (id <= 4048755))

table 3 : explain SELECT DISTINCT c FROM sbtest3 WHERE id BETWEEN 8864805 AND 8864814 ORDER BY c
	Unique  (cost=40.11..40.15 rows=9 width=121)
	  ->  Sort  (cost=40.11..40.13 rows=9 width=121)
	        Sort Key: c
	        ->  Index Scan using sbtest3_pkey on sbtest3  (cost=0.43..39.97 rows=9 width=121)
	              Index Cond: ((id >= 8864805) AND (id <= 8864814))

table 4 : explain SELECT DISTINCT c FROM sbtest4 WHERE id BETWEEN 4740720 AND 4740729 ORDER BY c
	Unique  (cost=44.05..44.10 rows=10 width=121)
	  ->  Sort  (cost=44.05..44.08 rows=10 width=121)
	        Sort Key: c
	        ->  Index Scan using sbtest4_pkey on sbtest4  (cost=0.43..43.89 rows=10 width=121)
	              Index Cond: ((id >= 4740720) AND (id <= 4740729))

table 5 : explain SELECT DISTINCT c FROM sbtest5 WHERE id BETWEEN 8751391 AND 8751400 ORDER BY c
	Unique  (cost=43.86..43.91 rows=10 width=121)
	  ->  Sort  (cost=43.86..43.89 rows=10 width=121)
	        Sort Key: c
	        ->  Index Scan using sbtest5_pkey on sbtest5  (cost=0.43..43.70 rows=10 width=121)
	              Index Cond: ((id >= 8751391) AND (id <= 8751400))

table 6 : explain SELECT DISTINCT c FROM sbtest6 WHERE id BETWEEN 8323901 AND 8323910 ORDER BY c
	Unique  (cost=47.91..47.96 rows=11 width=121)
	  ->  Sort  (cost=47.91..47.93 rows=11 width=121)
	        Sort Key: c
	        ->  Index Scan using sbtest6_pkey on sbtest6  (cost=0.43..47.72 rows=11 width=121)
	              Index Cond: ((id >= 8323901) AND (id <= 8323910))

table 7 : explain SELECT DISTINCT c FROM sbtest7 WHERE id BETWEEN 9048023 AND 9048032 ORDER BY c
	Unique  (cost=43.89..43.94 rows=10 width=121)
	  ->  Sort  (cost=43.89..43.92 rows=10 width=121)
	        Sort Key: c
	        ->  Index Scan using sbtest7_pkey on sbtest7  (cost=0.43..43.73 rows=10 width=121)
	              Index Cond: ((id >= 9048023) AND (id <= 9048032))

table 8 : explain SELECT DISTINCT c FROM sbtest8 WHERE id BETWEEN 9005460 AND 9005469 ORDER BY c
	Unique  (cost=43.94..43.99 rows=10 width=121)
	  ->  Sort  (cost=43.94..43.96 rows=10 width=121)
	        Sort Key: c
	        ->  Index Scan using sbtest8_pkey on sbtest8  (cost=0.43..43.77 rows=10 width=121)
	              Index Cond: ((id >= 9005460) AND (id <= 9005469))

for: distinct_ranges
table 1 : explain SELECT DISTINCT c FROM sbtest1 WHERE id BETWEEN 9623741 AND 9623750 ORDER BY c
	Unique  (cost=47.89..47.95 rows=11 width=121)
	  ->  Sort  (cost=47.89..47.92 rows=11 width=121)
	        Sort Key: c
	        ->  Index Scan using sbtest1_pkey on sbtest1  (cost=0.43..47.70 rows=11 width=121)
	              Index Cond: ((id >= 9623741) AND (id <= 9623750))

table 2 : explain SELECT DISTINCT c FROM sbtest2 WHERE id BETWEEN 5663983 AND 5663992 ORDER BY c
	Unique  (cost=43.92..43.97 rows=10 width=121)
	  ->  Sort  (cost=43.92..43.94 rows=10 width=121)
	        Sort Key: c
	        ->  Index Scan using sbtest2_pkey on sbtest2  (cost=0.43..43.75 rows=10 width=121)
	              Index Cond: ((id >= 5663983) AND (id <= 5663992))

table 3 : explain SELECT DISTINCT c FROM sbtest3 WHERE id BETWEEN 2690205 AND 2690214 ORDER BY c
	Unique  (cost=44.07..44.12 rows=10 width=121)
	  ->  Sort  (cost=44.07..44.10 rows=10 width=121)
	        Sort Key: c
	        ->  Index Scan using sbtest3_pkey on sbtest3  (cost=0.43..43.91 rows=10 width=121)
	              Index Cond: ((id >= 2690205) AND (id <= 2690214))

table 4 : explain SELECT DISTINCT c FROM sbtest4 WHERE id BETWEEN 8122890 AND 8122899 ORDER BY c
	Unique  (cost=44.05..44.10 rows=10 width=121)
	  ->  Sort  (cost=44.05..44.08 rows=10 width=121)
	        Sort Key: c
	        ->  Index Scan using sbtest4_pkey on sbtest4  (cost=0.43..43.89 rows=10 width=121)
	              Index Cond: ((id >= 8122890) AND (id <= 8122899))

table 5 : explain SELECT DISTINCT c FROM sbtest5 WHERE id BETWEEN 44812 AND 44821 ORDER BY c
	Unique  (cost=39.92..39.97 rows=9 width=121)
	  ->  Sort  (cost=39.92..39.94 rows=9 width=121)
	        Sort Key: c
	        ->  Index Scan using sbtest5_pkey on sbtest5  (cost=0.43..39.78 rows=9 width=121)
	              Index Cond: ((id >= 44812) AND (id <= 44821))

table 6 : explain SELECT DISTINCT c FROM sbtest6 WHERE id BETWEEN 3932930 AND 3932939 ORDER BY c
	Unique  (cost=43.96..44.01 rows=10 width=121)
	  ->  Sort  (cost=43.96..43.98 rows=10 width=121)
	        Sort Key: c
	        ->  Index Scan using sbtest6_pkey on sbtest6  (cost=0.43..43.79 rows=10 width=121)
	              Index Cond: ((id >= 3932930) AND (id <= 3932939))

table 7 : explain SELECT DISTINCT c FROM sbtest7 WHERE id BETWEEN 1666591 AND 1666600 ORDER BY c
	Unique  (cost=43.89..43.94 rows=10 width=121)
	  ->  Sort  (cost=43.89..43.92 rows=10 width=121)
	        Sort Key: c
	        ->  Index Scan using sbtest7_pkey on sbtest7  (cost=0.43..43.73 rows=10 width=121)
	              Index Cond: ((id >= 1666591) AND (id <= 1666600))

table 8 : explain SELECT DISTINCT c FROM sbtest8 WHERE id BETWEEN 5400416 AND 5400425 ORDER BY c
	Unique  (cost=43.94..43.99 rows=10 width=121)
	  ->  Sort  (cost=43.94..43.96 rows=10 width=121)
	        Sort Key: c
	        ->  Index Scan using sbtest8_pkey on sbtest8  (cost=0.43..43.77 rows=10 width=121)
	              Index Cond: ((id >= 5400416) AND (id <= 5400425))

for: distinct_ranges
table 1 : explain SELECT DISTINCT c FROM sbtest1 WHERE id BETWEEN 8629461 AND 8629470 ORDER BY c
	Unique  (cost=43.94..43.99 rows=10 width=121)
	  ->  Sort  (cost=43.94..43.97 rows=10 width=121)
	        Sort Key: c
	        ->  Index Scan using sbtest1_pkey on sbtest1  (cost=0.43..43.78 rows=10 width=121)
	              Index Cond: ((id >= 8629461) AND (id <= 8629470))

table 2 : explain SELECT DISTINCT c FROM sbtest2 WHERE id BETWEEN 7814498 AND 7814507 ORDER BY c
	Unique  (cost=43.92..43.97 rows=10 width=121)
	  ->  Sort  (cost=43.92..43.94 rows=10 width=121)
	        Sort Key: c
	        ->  Index Scan using sbtest2_pkey on sbtest2  (cost=0.43..43.75 rows=10 width=121)
	              Index Cond: ((id >= 7814498) AND (id <= 7814507))

table 3 : explain SELECT DISTINCT c FROM sbtest3 WHERE id BETWEEN 6317694 AND 6317703 ORDER BY c
	Unique  (cost=44.07..44.12 rows=10 width=121)
	  ->  Sort  (cost=44.07..44.10 rows=10 width=121)
	        Sort Key: c
	        ->  Index Scan using sbtest3_pkey on sbtest3  (cost=0.43..43.91 rows=10 width=121)
	              Index Cond: ((id >= 6317694) AND (id <= 6317703))

table 4 : explain SELECT DISTINCT c FROM sbtest4 WHERE id BETWEEN 1496145 AND 1496154 ORDER BY c
	Unique  (cost=40.09..40.14 rows=9 width=121)
	  ->  Sort  (cost=40.09..40.12 rows=9 width=121)
	        Sort Key: c
	        ->  Index Scan using sbtest4_pkey on sbtest4  (cost=0.43..39.95 rows=9 width=121)
	              Index Cond: ((id >= 1496145) AND (id <= 1496154))

table 5 : explain SELECT DISTINCT c FROM sbtest5 WHERE id BETWEEN 2387579 AND 2387588 ORDER BY c
	Unique  (cost=43.86..43.91 rows=10 width=121)
	  ->  Sort  (cost=43.86..43.89 rows=10 width=121)
	        Sort Key: c
	        ->  Index Scan using sbtest5_pkey on sbtest5  (cost=0.43..43.70 rows=10 width=121)
	              Index Cond: ((id >= 2387579) AND (id <= 2387588))

table 6 : explain SELECT DISTINCT c FROM sbtest6 WHERE id BETWEEN 198112 AND 198121 ORDER BY c
	Unique  (cost=40.01..40.05 rows=9 width=121)
	  ->  Sort  (cost=40.01..40.03 rows=9 width=121)
	        Sort Key: c
	        ->  Index Scan using sbtest6_pkey on sbtest6  (cost=0.43..39.86 rows=9 width=121)
	              Index Cond: ((id >= 198112) AND (id <= 198121))

table 7 : explain SELECT DISTINCT c FROM sbtest7 WHERE id BETWEEN 6262920 AND 6262929 ORDER BY c
	Unique  (cost=43.89..43.94 rows=10 width=121)
	  ->  Sort  (cost=43.89..43.92 rows=10 width=121)
	        Sort Key: c
	        ->  Index Scan using sbtest7_pkey on sbtest7  (cost=0.43..43.73 rows=10 width=121)
	              Index Cond: ((id >= 6262920) AND (id <= 6262929))

table 8 : explain SELECT DISTINCT c FROM sbtest8 WHERE id BETWEEN 4759259 AND 4759268 ORDER BY c
	Unique  (cost=43.94..43.99 rows=10 width=121)
	  ->  Sort  (cost=43.94..43.96 rows=10 width=121)
	        Sort Key: c
	        ->  Index Scan using sbtest8_pkey on sbtest8  (cost=0.43..43.77 rows=10 width=121)
	              Index Cond: ((id >= 4759259) AND (id <= 4759268))

for: distinct_ranges
table 1 : explain SELECT DISTINCT c FROM sbtest1 WHERE id BETWEEN 6634129 AND 6634138 ORDER BY c
	Unique  (cost=43.94..43.99 rows=10 width=121)
	  ->  Sort  (cost=43.94..43.97 rows=10 width=121)
	        Sort Key: c
	        ->  Index Scan using sbtest1_pkey on sbtest1  (cost=0.43..43.78 rows=10 width=121)
	              Index Cond: ((id >= 6634129) AND (id <= 6634138))

table 2 : explain SELECT DISTINCT c FROM sbtest2 WHERE id BETWEEN 5892694 AND 5892703 ORDER BY c
	Unique  (cost=43.92..43.97 rows=10 width=121)
	  ->  Sort  (cost=43.92..43.94 rows=10 width=121)
	        Sort Key: c
	        ->  Index Scan using sbtest2_pkey on sbtest2  (cost=0.43..43.75 rows=10 width=121)
	              Index Cond: ((id >= 5892694) AND (id <= 5892703))

table 3 : explain SELECT DISTINCT c FROM sbtest3 WHERE id BETWEEN 2457965 AND 2457974 ORDER BY c
	Unique  (cost=44.07..44.12 rows=10 width=121)
	  ->  Sort  (cost=44.07..44.10 rows=10 width=121)
	        Sort Key: c
	        ->  Index Scan using sbtest3_pkey on sbtest3  (cost=0.43..43.91 rows=10 width=121)
	              Index Cond: ((id >= 2457965) AND (id <= 2457974))

table 4 : explain SELECT DISTINCT c FROM sbtest4 WHERE id BETWEEN 354612 AND 354621 ORDER BY c
	Unique  (cost=44.05..44.10 rows=10 width=121)
	  ->  Sort  (cost=44.05..44.08 rows=10 width=121)
	        Sort Key: c
	        ->  Index Scan using sbtest4_pkey on sbtest4  (cost=0.43..43.89 rows=10 width=121)
	              Index Cond: ((id >= 354612) AND (id <= 354621))

table 5 : explain SELECT DISTINCT c FROM sbtest5 WHERE id BETWEEN 9645606 AND 9645615 ORDER BY c
	Unique  (cost=43.86..43.91 rows=10 width=121)
	  ->  Sort  (cost=43.86..43.89 rows=10 width=121)
	        Sort Key: c
	        ->  Index Scan using sbtest5_pkey on sbtest5  (cost=0.43..43.70 rows=10 width=121)
	              Index Cond: ((id >= 9645606) AND (id <= 9645615))

table 6 : explain SELECT DISTINCT c FROM sbtest6 WHERE id BETWEEN 5826666 AND 5826675 ORDER BY c
	Unique  (cost=43.96..44.01 rows=10 width=121)
	  ->  Sort  (cost=43.96..43.98 rows=10 width=121)
	        Sort Key: c
	        ->  Index Scan using sbtest6_pkey on sbtest6  (cost=0.43..43.79 rows=10 width=121)
	              Index Cond: ((id >= 5826666) AND (id <= 5826675))

table 7 : explain SELECT DISTINCT c FROM sbtest7 WHERE id BETWEEN 782085 AND 782094 ORDER BY c
	Unique  (cost=43.89..43.94 rows=10 width=121)
	  ->  Sort  (cost=43.89..43.92 rows=10 width=121)
	        Sort Key: c
	        ->  Index Scan using sbtest7_pkey on sbtest7  (cost=0.43..43.73 rows=10 width=121)
	              Index Cond: ((id >= 782085) AND (id <= 782094))

table 8 : explain SELECT DISTINCT c FROM sbtest8 WHERE id BETWEEN 605085 AND 605094 ORDER BY c
	Unique  (cost=39.99..40.04 rows=9 width=121)
	  ->  Sort  (cost=39.99..40.01 rows=9 width=121)
	        Sort Key: c
	        ->  Index Scan using sbtest8_pkey on sbtest8  (cost=0.43..39.85 rows=9 width=121)
	              Index Cond: ((id >= 605085) AND (id <= 605094))

for: distinct_ranges
table 1 : explain SELECT DISTINCT c FROM sbtest1 WHERE id BETWEEN 4858406 AND 4858415 ORDER BY c
	Unique  (cost=43.94..43.99 rows=10 width=121)
	  ->  Sort  (cost=43.94..43.97 rows=10 width=121)
	        Sort Key: c
	        ->  Index Scan using sbtest1_pkey on sbtest1  (cost=0.43..43.78 rows=10 width=121)
	              Index Cond: ((id >= 4858406) AND (id <= 4858415))

table 2 : explain SELECT DISTINCT c FROM sbtest2 WHERE id BETWEEN 484097 AND 484106 ORDER BY c
	Unique  (cost=39.97..40.02 rows=9 width=121)
	  ->  Sort  (cost=39.97..39.99 rows=9 width=121)
	        Sort Key: c
	        ->  Index Scan using sbtest2_pkey on sbtest2  (cost=0.43..39.83 rows=9 width=121)
	              Index Cond: ((id >= 484097) AND (id <= 484106))

table 3 : explain SELECT DISTINCT c FROM sbtest3 WHERE id BETWEEN 7619360 AND 7619369 ORDER BY c
	Unique  (cost=48.03..48.09 rows=11 width=121)
	  ->  Sort  (cost=48.03..48.06 rows=11 width=121)
	        Sort Key: c
	        ->  Index Scan using sbtest3_pkey on sbtest3  (cost=0.43..47.84 rows=11 width=121)
	              Index Cond: ((id >= 7619360) AND (id <= 7619369))

table 4 : explain SELECT DISTINCT c FROM sbtest4 WHERE id BETWEEN 9942256 AND 9942265 ORDER BY c
	Unique  (cost=48.02..48.07 rows=11 width=121)
	  ->  Sort  (cost=48.02..48.04 rows=11 width=121)
	        Sort Key: c
	        ->  Index Scan using sbtest4_pkey on sbtest4  (cost=0.43..47.83 rows=11 width=121)
	              Index Cond: ((id >= 9942256) AND (id <= 9942265))

table 5 : explain SELECT DISTINCT c FROM sbtest5 WHERE id BETWEEN 4422554 AND 4422563 ORDER BY c
	Unique  (cost=43.86..43.91 rows=10 width=121)
	  ->  Sort  (cost=43.86..43.89 rows=10 width=121)
	        Sort Key: c
	        ->  Index Scan using sbtest5_pkey on sbtest5  (cost=0.43..43.70 rows=10 width=121)
	              Index Cond: ((id >= 4422554) AND (id <= 4422563))

table 6 : explain SELECT DISTINCT c FROM sbtest6 WHERE id BETWEEN 2162905 AND 2162914 ORDER BY c
	Unique  (cost=43.96..44.01 rows=10 width=121)
	  ->  Sort  (cost=43.96..43.98 rows=10 width=121)
	        Sort Key: c
	        ->  Index Scan using sbtest6_pkey on sbtest6  (cost=0.43..43.79 rows=10 width=121)
	              Index Cond: ((id >= 2162905) AND (id <= 2162914))

table 7 : explain SELECT DISTINCT c FROM sbtest7 WHERE id BETWEEN 5717244 AND 5717253 ORDER BY c
	Unique  (cost=43.89..43.94 rows=10 width=121)
	  ->  Sort  (cost=43.89..43.92 rows=10 width=121)
	        Sort Key: c
	        ->  Index Scan using sbtest7_pkey on sbtest7  (cost=0.43..43.73 rows=10 width=121)
	              Index Cond: ((id >= 5717244) AND (id <= 5717253))

table 8 : explain SELECT DISTINCT c FROM sbtest8 WHERE id BETWEEN 3289050 AND 3289059 ORDER BY c
	Unique  (cost=39.99..40.04 rows=9 width=121)
	  ->  Sort  (cost=39.99..40.01 rows=9 width=121)
	        Sort Key: c
	        ->  Index Scan using sbtest8_pkey on sbtest8  (cost=0.43..39.85 rows=9 width=121)
	              Index Cond: ((id >= 3289050) AND (id <= 3289059))

for: distinct_ranges
table 1 : explain SELECT DISTINCT c FROM sbtest1 WHERE id BETWEEN 7693812 AND 7693821 ORDER BY c
	Unique  (cost=43.94..43.99 rows=10 width=121)
	  ->  Sort  (cost=43.94..43.97 rows=10 width=121)
	        Sort Key: c
	        ->  Index Scan using sbtest1_pkey on sbtest1  (cost=0.43..43.78 rows=10 width=121)
	              Index Cond: ((id >= 7693812) AND (id <= 7693821))

table 2 : explain SELECT DISTINCT c FROM sbtest2 WHERE id BETWEEN 1670174 AND 1670183 ORDER BY c
	Unique  (cost=47.86..47.92 rows=11 width=121)
	  ->  Sort  (cost=47.86..47.89 rows=11 width=121)
	        Sort Key: c
	        ->  Index Scan using sbtest2_pkey on sbtest2  (cost=0.43..47.67 rows=11 width=121)
	              Index Cond: ((id >= 1670174) AND (id <= 1670183))

table 3 : explain SELECT DISTINCT c FROM sbtest3 WHERE id BETWEEN 3713415 AND 3713424 ORDER BY c
	Unique  (cost=48.03..48.09 rows=11 width=121)
	  ->  Sort  (cost=48.03..48.06 rows=11 width=121)
	        Sort Key: c
	        ->  Index Scan using sbtest3_pkey on sbtest3  (cost=0.43..47.84 rows=11 width=121)
	              Index Cond: ((id >= 3713415) AND (id <= 3713424))

table 4 : explain SELECT DISTINCT c FROM sbtest4 WHERE id BETWEEN 8762616 AND 8762625 ORDER BY c
	Unique  (cost=44.05..44.10 rows=10 width=121)
	  ->  Sort  (cost=44.05..44.08 rows=10 width=121)
	        Sort Key: c
	        ->  Index Scan using sbtest4_pkey on sbtest4  (cost=0.43..43.89 rows=10 width=121)
	              Index Cond: ((id >= 8762616) AND (id <= 8762625))

table 5 : explain SELECT DISTINCT c FROM sbtest5 WHERE id BETWEEN 8896564 AND 8896573 ORDER BY c
	Unique  (cost=47.80..47.86 rows=11 width=121)
	  ->  Sort  (cost=47.80..47.83 rows=11 width=121)
	        Sort Key: c
	        ->  Index Scan using sbtest5_pkey on sbtest5  (cost=0.43..47.61 rows=11 width=121)
	              Index Cond: ((id >= 8896564) AND (id <= 8896573))

table 6 : explain SELECT DISTINCT c FROM sbtest6 WHERE id BETWEEN 3968821 AND 3968830 ORDER BY c
	Unique  (cost=43.96..44.01 rows=10 width=121)
	  ->  Sort  (cost=43.96..43.98 rows=10 width=121)
	        Sort Key: c
	        ->  Index Scan using sbtest6_pkey on sbtest6  (cost=0.43..43.79 rows=10 width=121)
	              Index Cond: ((id >= 3968821) AND (id <= 3968830))

table 7 : explain SELECT DISTINCT c FROM sbtest7 WHERE id BETWEEN 4948610 AND 4948619 ORDER BY c
	Unique  (cost=43.89..43.94 rows=10 width=121)
	  ->  Sort  (cost=43.89..43.92 rows=10 width=121)
	        Sort Key: c
	        ->  Index Scan using sbtest7_pkey on sbtest7  (cost=0.43..43.73 rows=10 width=121)
	              Index Cond: ((id >= 4948610) AND (id <= 4948619))

table 8 : explain SELECT DISTINCT c FROM sbtest8 WHERE id BETWEEN 2297209 AND 2297218 ORDER BY c
	Unique  (cost=43.94..43.99 rows=10 width=121)
	  ->  Sort  (cost=43.94..43.96 rows=10 width=121)
	        Sort Key: c
	        ->  Index Scan using sbtest8_pkey on sbtest8  (cost=0.43..43.77 rows=10 width=121)
	              Index Cond: ((id >= 2297209) AND (id <= 2297218))

for: distinct_ranges
table 1 : explain SELECT DISTINCT c FROM sbtest1 WHERE id BETWEEN 3031840 AND 3031849 ORDER BY c
	Unique  (cost=43.94..43.99 rows=10 width=121)
	  ->  Sort  (cost=43.94..43.97 rows=10 width=121)
	        Sort Key: c
	        ->  Index Scan using sbtest1_pkey on sbtest1  (cost=0.43..43.78 rows=10 width=121)
	              Index Cond: ((id >= 3031840) AND (id <= 3031849))

table 2 : explain SELECT DISTINCT c FROM sbtest2 WHERE id BETWEEN 5240712 AND 5240721 ORDER BY c
	Unique  (cost=43.92..43.97 rows=10 width=121)
	  ->  Sort  (cost=43.92..43.94 rows=10 width=121)
	        Sort Key: c
	        ->  Index Scan using sbtest2_pkey on sbtest2  (cost=0.43..43.75 rows=10 width=121)
	              Index Cond: ((id >= 5240712) AND (id <= 5240721))

table 3 : explain SELECT DISTINCT c FROM sbtest3 WHERE id BETWEEN 3273347 AND 3273356 ORDER BY c
	Unique  (cost=44.07..44.12 rows=10 width=121)
	  ->  Sort  (cost=44.07..44.10 rows=10 width=121)
	        Sort Key: c
	        ->  Index Scan using sbtest3_pkey on sbtest3  (cost=0.43..43.91 rows=10 width=121)
	              Index Cond: ((id >= 3273347) AND (id <= 3273356))

table 4 : explain SELECT DISTINCT c FROM sbtest4 WHERE id BETWEEN 2985497 AND 2985506 ORDER BY c
	Unique  (cost=44.05..44.10 rows=10 width=121)
	  ->  Sort  (cost=44.05..44.08 rows=10 width=121)
	        Sort Key: c
	        ->  Index Scan using sbtest4_pkey on sbtest4  (cost=0.43..43.89 rows=10 width=121)
	              Index Cond: ((id >= 2985497) AND (id <= 2985506))

table 5 : explain SELECT DISTINCT c FROM sbtest5 WHERE id BETWEEN 2562570 AND 2562579 ORDER BY c
	Unique  (cost=43.86..43.91 rows=10 width=121)
	  ->  Sort  (cost=43.86..43.89 rows=10 width=121)
	        Sort Key: c
	        ->  Index Scan using sbtest5_pkey on sbtest5  (cost=0.43..43.70 rows=10 width=121)
	              Index Cond: ((id >= 2562570) AND (id <= 2562579))

table 6 : explain SELECT DISTINCT c FROM sbtest6 WHERE id BETWEEN 4996871 AND 4996880 ORDER BY c
	Unique  (cost=47.91..47.96 rows=11 width=121)
	  ->  Sort  (cost=47.91..47.93 rows=11 width=121)
	        Sort Key: c
	        ->  Index Scan using sbtest6_pkey on sbtest6  (cost=0.43..47.72 rows=11 width=121)
	              Index Cond: ((id >= 4996871) AND (id <= 4996880))

table 7 : explain SELECT DISTINCT c FROM sbtest7 WHERE id BETWEEN 3892307 AND 3892316 ORDER BY c
	Unique  (cost=43.89..43.94 rows=10 width=121)
	  ->  Sort  (cost=43.89..43.92 rows=10 width=121)
	        Sort Key: c
	        ->  Index Scan using sbtest7_pkey on sbtest7  (cost=0.43..43.73 rows=10 width=121)
	              Index Cond: ((id >= 3892307) AND (id <= 3892316))

table 8 : explain SELECT DISTINCT c FROM sbtest8 WHERE id BETWEEN 7711257 AND 7711266 ORDER BY c
	Unique  (cost=47.89..47.94 rows=11 width=121)
	  ->  Sort  (cost=47.89..47.92 rows=11 width=121)
	        Sort Key: c
	        ->  Index Scan using sbtest8_pkey on sbtest8  (cost=0.43..47.70 rows=11 width=121)
	              Index Cond: ((id >= 7711257) AND (id <= 7711266))

for: distinct_ranges
table 1 : explain SELECT DISTINCT c FROM sbtest1 WHERE id BETWEEN 1331171 AND 1331180 ORDER BY c
	Unique  (cost=43.94..43.99 rows=10 width=121)
	  ->  Sort  (cost=43.94..43.97 rows=10 width=121)
	        Sort Key: c
	        ->  Index Scan using sbtest1_pkey on sbtest1  (cost=0.43..43.78 rows=10 width=121)
	              Index Cond: ((id >= 1331171) AND (id <= 1331180))

table 2 : explain SELECT DISTINCT c FROM sbtest2 WHERE id BETWEEN 8087264 AND 8087273 ORDER BY c
	Unique  (cost=39.97..40.02 rows=9 width=121)
	  ->  Sort  (cost=39.97..39.99 rows=9 width=121)
	        Sort Key: c
	        ->  Index Scan using sbtest2_pkey on sbtest2  (cost=0.43..39.83 rows=9 width=121)
	              Index Cond: ((id >= 8087264) AND (id <= 8087273))

table 3 : explain SELECT DISTINCT c FROM sbtest3 WHERE id BETWEEN 5689287 AND 5689296 ORDER BY c
	Unique  (cost=44.07..44.12 rows=10 width=121)
	  ->  Sort  (cost=44.07..44.10 rows=10 width=121)
	        Sort Key: c
	        ->  Index Scan using sbtest3_pkey on sbtest3  (cost=0.43..43.91 rows=10 width=121)
	              Index Cond: ((id >= 5689287) AND (id <= 5689296))

table 4 : explain SELECT DISTINCT c FROM sbtest4 WHERE id BETWEEN 1122174 AND 1122183 ORDER BY c
	Unique  (cost=44.05..44.10 rows=10 width=121)
	  ->  Sort  (cost=44.05..44.08 rows=10 width=121)
	        Sort Key: c
	        ->  Index Scan using sbtest4_pkey on sbtest4  (cost=0.43..43.89 rows=10 width=121)
	              Index Cond: ((id >= 1122174) AND (id <= 1122183))

table 5 : explain SELECT DISTINCT c FROM sbtest5 WHERE id BETWEEN 3337858 AND 3337867 ORDER BY c
	Unique  (cost=43.86..43.91 rows=10 width=121)
	  ->  Sort  (cost=43.86..43.89 rows=10 width=121)
	        Sort Key: c
	        ->  Index Scan using sbtest5_pkey on sbtest5  (cost=0.43..43.70 rows=10 width=121)
	              Index Cond: ((id >= 3337858) AND (id <= 3337867))

table 6 : explain SELECT DISTINCT c FROM sbtest6 WHERE id BETWEEN 4153521 AND 4153530 ORDER BY c
	Unique  (cost=43.96..44.01 rows=10 width=121)
	  ->  Sort  (cost=43.96..43.98 rows=10 width=121)
	        Sort Key: c
	        ->  Index Scan using sbtest6_pkey on sbtest6  (cost=0.43..43.79 rows=10 width=121)
	              Index Cond: ((id >= 4153521) AND (id <= 4153530))

table 7 : explain SELECT DISTINCT c FROM sbtest7 WHERE id BETWEEN 8401075 AND 8401084 ORDER BY c
	Unique  (cost=39.95..40.00 rows=9 width=121)
	  ->  Sort  (cost=39.95..39.97 rows=9 width=121)
	        Sort Key: c
	        ->  Index Scan using sbtest7_pkey on sbtest7  (cost=0.43..39.81 rows=9 width=121)
	              Index Cond: ((id >= 8401075) AND (id <= 8401084))

table 8 : explain SELECT DISTINCT c FROM sbtest8 WHERE id BETWEEN 8283954 AND 8283963 ORDER BY c
	Unique  (cost=43.94..43.99 rows=10 width=121)
	  ->  Sort  (cost=43.94..43.96 rows=10 width=121)
	        Sort Key: c
	        ->  Index Scan using sbtest8_pkey on sbtest8  (cost=0.43..43.77 rows=10 width=121)
	              Index Cond: ((id >= 8283954) AND (id <= 8283963))

for: distinct_ranges
table 1 : explain SELECT DISTINCT c FROM sbtest1 WHERE id BETWEEN 5009263 AND 5009272 ORDER BY c
	Unique  (cost=43.94..43.99 rows=10 width=121)
	  ->  Sort  (cost=43.94..43.97 rows=10 width=121)
	        Sort Key: c
	        ->  Index Scan using sbtest1_pkey on sbtest1  (cost=0.43..43.78 rows=10 width=121)
	              Index Cond: ((id >= 5009263) AND (id <= 5009272))

table 2 : explain SELECT DISTINCT c FROM sbtest2 WHERE id BETWEEN 4334407 AND 4334416 ORDER BY c
	Unique  (cost=43.92..43.97 rows=10 width=121)
	  ->  Sort  (cost=43.92..43.94 rows=10 width=121)
	        Sort Key: c
	        ->  Index Scan using sbtest2_pkey on sbtest2  (cost=0.43..43.75 rows=10 width=121)
	              Index Cond: ((id >= 4334407) AND (id <= 4334416))

table 3 : explain SELECT DISTINCT c FROM sbtest3 WHERE id BETWEEN 6688136 AND 6688145 ORDER BY c
	Unique  (cost=44.07..44.12 rows=10 width=121)
	  ->  Sort  (cost=44.07..44.10 rows=10 width=121)
	        Sort Key: c
	        ->  Index Scan using sbtest3_pkey on sbtest3  (cost=0.43..43.91 rows=10 width=121)
	              Index Cond: ((id >= 6688136) AND (id <= 6688145))

table 4 : explain SELECT DISTINCT c FROM sbtest4 WHERE id BETWEEN 4663693 AND 4663702 ORDER BY c
	Unique  (cost=44.05..44.10 rows=10 width=121)
	  ->  Sort  (cost=44.05..44.08 rows=10 width=121)
	        Sort Key: c
	        ->  Index Scan using sbtest4_pkey on sbtest4  (cost=0.43..43.89 rows=10 width=121)
	              Index Cond: ((id >= 4663693) AND (id <= 4663702))

table 5 : explain SELECT DISTINCT c FROM sbtest5 WHERE id BETWEEN 4823255 AND 4823264 ORDER BY c
	Unique  (cost=43.86..43.91 rows=10 width=121)
	  ->  Sort  (cost=43.86..43.89 rows=10 width=121)
	        Sort Key: c
	        ->  Index Scan using sbtest5_pkey on sbtest5  (cost=0.43..43.70 rows=10 width=121)
	              Index Cond: ((id >= 4823255) AND (id <= 4823264))

table 6 : explain SELECT DISTINCT c FROM sbtest6 WHERE id BETWEEN 6215873 AND 6215882 ORDER BY c
	Unique  (cost=43.96..44.01 rows=10 width=121)
	  ->  Sort  (cost=43.96..43.98 rows=10 width=121)
	        Sort Key: c
	        ->  Index Scan using sbtest6_pkey on sbtest6  (cost=0.43..43.79 rows=10 width=121)
	              Index Cond: ((id >= 6215873) AND (id <= 6215882))

table 7 : explain SELECT DISTINCT c FROM sbtest7 WHERE id BETWEEN 2240004 AND 2240013 ORDER BY c
	Unique  (cost=43.89..43.94 rows=10 width=121)
	  ->  Sort  (cost=43.89..43.92 rows=10 width=121)
	        Sort Key: c
	        ->  Index Scan using sbtest7_pkey on sbtest7  (cost=0.43..43.73 rows=10 width=121)
	              Index Cond: ((id >= 2240004) AND (id <= 2240013))

table 8 : explain SELECT DISTINCT c FROM sbtest8 WHERE id BETWEEN 1063039 AND 1063048 ORDER BY c
	Unique  (cost=43.94..43.99 rows=10 width=121)
	  ->  Sort  (cost=43.94..43.96 rows=10 width=121)
	        Sort Key: c
	        ->  Index Scan using sbtest8_pkey on sbtest8  (cost=0.43..43.77 rows=10 width=121)
	              Index Cond: ((id >= 1063039) AND (id <= 1063048))

for: distinct_ranges
table 1 : explain SELECT DISTINCT c FROM sbtest1 WHERE id BETWEEN 1799938 AND 1799947 ORDER BY c
	Unique  (cost=43.94..43.99 rows=10 width=121)
	  ->  Sort  (cost=43.94..43.97 rows=10 width=121)
	        Sort Key: c
	        ->  Index Scan using sbtest1_pkey on sbtest1  (cost=0.43..43.78 rows=10 width=121)
	              Index Cond: ((id >= 1799938) AND (id <= 1799947))

table 2 : explain SELECT DISTINCT c FROM sbtest2 WHERE id BETWEEN 190012 AND 190021 ORDER BY c
	Unique  (cost=43.92..43.97 rows=10 width=121)
	  ->  Sort  (cost=43.92..43.94 rows=10 width=121)
	        Sort Key: c
	        ->  Index Scan using sbtest2_pkey on sbtest2  (cost=0.43..43.75 rows=10 width=121)
	              Index Cond: ((id >= 190012) AND (id <= 190021))

table 3 : explain SELECT DISTINCT c FROM sbtest3 WHERE id BETWEEN 2443271 AND 2443280 ORDER BY c
	Unique  (cost=44.07..44.12 rows=10 width=121)
	  ->  Sort  (cost=44.07..44.10 rows=10 width=121)
	        Sort Key: c
	        ->  Index Scan using sbtest3_pkey on sbtest3  (cost=0.43..43.91 rows=10 width=121)
	              Index Cond: ((id >= 2443271) AND (id <= 2443280))

table 4 : explain SELECT DISTINCT c FROM sbtest4 WHERE id BETWEEN 8684010 AND 8684019 ORDER BY c
	Unique  (cost=44.05..44.10 rows=10 width=121)
	  ->  Sort  (cost=44.05..44.08 rows=10 width=121)
	        Sort Key: c
	        ->  Index Scan using sbtest4_pkey on sbtest4  (cost=0.43..43.89 rows=10 width=121)
	              Index Cond: ((id >= 8684010) AND (id <= 8684019))

table 5 : explain SELECT DISTINCT c FROM sbtest5 WHERE id BETWEEN 6309070 AND 6309079 ORDER BY c
	Unique  (cost=47.80..47.86 rows=11 width=121)
	  ->  Sort  (cost=47.80..47.83 rows=11 width=121)
	        Sort Key: c
	        ->  Index Scan using sbtest5_pkey on sbtest5  (cost=0.43..47.61 rows=11 width=121)
	              Index Cond: ((id >= 6309070) AND (id <= 6309079))

table 6 : explain SELECT DISTINCT c FROM sbtest6 WHERE id BETWEEN 4789966 AND 4789975 ORDER BY c
	Unique  (cost=43.96..44.01 rows=10 width=121)
	  ->  Sort  (cost=43.96..43.98 rows=10 width=121)
	        Sort Key: c
	        ->  Index Scan using sbtest6_pkey on sbtest6  (cost=0.43..43.79 rows=10 width=121)
	              Index Cond: ((id >= 4789966) AND (id <= 4789975))

table 7 : explain SELECT DISTINCT c FROM sbtest7 WHERE id BETWEEN 5133246 AND 5133255 ORDER BY c
	Unique  (cost=43.89..43.94 rows=10 width=121)
	  ->  Sort  (cost=43.89..43.92 rows=10 width=121)
	        Sort Key: c
	        ->  Index Scan using sbtest7_pkey on sbtest7  (cost=0.43..43.73 rows=10 width=121)
	              Index Cond: ((id >= 5133246) AND (id <= 5133255))

table 8 : explain SELECT DISTINCT c FROM sbtest8 WHERE id BETWEEN 4910742 AND 4910751 ORDER BY c
	Unique  (cost=43.94..43.99 rows=10 width=121)
	  ->  Sort  (cost=43.94..43.96 rows=10 width=121)
	        Sort Key: c
	        ->  Index Scan using sbtest8_pkey on sbtest8  (cost=0.43..43.77 rows=10 width=121)
	              Index Cond: ((id >= 4910742) AND (id <= 4910751))

for: distinct_ranges
table 1 : explain SELECT DISTINCT c FROM sbtest1 WHERE id BETWEEN 4233138 AND 4233147 ORDER BY c
	Unique  (cost=43.94..43.99 rows=10 width=121)
	  ->  Sort  (cost=43.94..43.97 rows=10 width=121)
	        Sort Key: c
	        ->  Index Scan using sbtest1_pkey on sbtest1  (cost=0.43..43.78 rows=10 width=121)
	              Index Cond: ((id >= 4233138) AND (id <= 4233147))

table 2 : explain SELECT DISTINCT c FROM sbtest2 WHERE id BETWEEN 2333550 AND 2333559 ORDER BY c
	Unique  (cost=43.92..43.97 rows=10 width=121)
	  ->  Sort  (cost=43.92..43.94 rows=10 width=121)
	        Sort Key: c
	        ->  Index Scan using sbtest2_pkey on sbtest2  (cost=0.43..43.75 rows=10 width=121)
	              Index Cond: ((id >= 2333550) AND (id <= 2333559))

table 3 : explain SELECT DISTINCT c FROM sbtest3 WHERE id BETWEEN 8268603 AND 8268612 ORDER BY c
	Unique  (cost=48.03..48.09 rows=11 width=121)
	  ->  Sort  (cost=48.03..48.06 rows=11 width=121)
	        Sort Key: c
	        ->  Index Scan using sbtest3_pkey on sbtest3  (cost=0.43..47.84 rows=11 width=121)
	              Index Cond: ((id >= 8268603) AND (id <= 8268612))

table 4 : explain SELECT DISTINCT c FROM sbtest4 WHERE id BETWEEN 6640248 AND 6640257 ORDER BY c
	Unique  (cost=40.09..40.14 rows=9 width=121)
	  ->  Sort  (cost=40.09..40.12 rows=9 width=121)
	        Sort Key: c
	        ->  Index Scan using sbtest4_pkey on sbtest4  (cost=0.43..39.95 rows=9 width=121)
	              Index Cond: ((id >= 6640248) AND (id <= 6640257))

table 5 : explain SELECT DISTINCT c FROM sbtest5 WHERE id BETWEEN 8392144 AND 8392153 ORDER BY c
	Unique  (cost=43.86..43.91 rows=10 width=121)
	  ->  Sort  (cost=43.86..43.89 rows=10 width=121)
	        Sort Key: c
	        ->  Index Scan using sbtest5_pkey on sbtest5  (cost=0.43..43.70 rows=10 width=121)
	              Index Cond: ((id >= 8392144) AND (id <= 8392153))

table 6 : explain SELECT DISTINCT c FROM sbtest6 WHERE id BETWEEN 4440679 AND 4440688 ORDER BY c
	Unique  (cost=47.91..47.96 rows=11 width=121)
	  ->  Sort  (cost=47.91..47.93 rows=11 width=121)
	        Sort Key: c
	        ->  Index Scan using sbtest6_pkey on sbtest6  (cost=0.43..47.72 rows=11 width=121)
	              Index Cond: ((id >= 4440679) AND (id <= 4440688))

table 7 : explain SELECT DISTINCT c FROM sbtest7 WHERE id BETWEEN 5388585 AND 5388594 ORDER BY c
	Unique  (cost=39.95..40.00 rows=9 width=121)
	  ->  Sort  (cost=39.95..39.97 rows=9 width=121)
	        Sort Key: c
	        ->  Index Scan using sbtest7_pkey on sbtest7  (cost=0.43..39.81 rows=9 width=121)
	              Index Cond: ((id >= 5388585) AND (id <= 5388594))

table 8 : explain SELECT DISTINCT c FROM sbtest8 WHERE id BETWEEN 2316721 AND 2316730 ORDER BY c
	Unique  (cost=43.94..43.99 rows=10 width=121)
	  ->  Sort  (cost=43.94..43.96 rows=10 width=121)
	        Sort Key: c
	        ->  Index Scan using sbtest8_pkey on sbtest8  (cost=0.43..43.77 rows=10 width=121)
	              Index Cond: ((id >= 2316721) AND (id <= 2316730))

for: distinct_ranges
table 1 : explain SELECT DISTINCT c FROM sbtest1 WHERE id BETWEEN 1217904 AND 1217913 ORDER BY c
	Unique  (cost=43.94..43.99 rows=10 width=121)
	  ->  Sort  (cost=43.94..43.97 rows=10 width=121)
	        Sort Key: c
	        ->  Index Scan using sbtest1_pkey on sbtest1  (cost=0.43..43.78 rows=10 width=121)
	              Index Cond: ((id >= 1217904) AND (id <= 1217913))

table 2 : explain SELECT DISTINCT c FROM sbtest2 WHERE id BETWEEN 8934135 AND 8934144 ORDER BY c
	Unique  (cost=47.86..47.92 rows=11 width=121)
	  ->  Sort  (cost=47.86..47.89 rows=11 width=121)
	        Sort Key: c
	        ->  Index Scan using sbtest2_pkey on sbtest2  (cost=0.43..47.67 rows=11 width=121)
	              Index Cond: ((id >= 8934135) AND (id <= 8934144))

table 3 : explain SELECT DISTINCT c FROM sbtest3 WHERE id BETWEEN 9678020 AND 9678029 ORDER BY c
	Unique  (cost=44.07..44.12 rows=10 width=121)
	  ->  Sort  (cost=44.07..44.10 rows=10 width=121)
	        Sort Key: c
	        ->  Index Scan using sbtest3_pkey on sbtest3  (cost=0.43..43.91 rows=10 width=121)
	              Index Cond: ((id >= 9678020) AND (id <= 9678029))

table 4 : explain SELECT DISTINCT c FROM sbtest4 WHERE id BETWEEN 8808762 AND 8808771 ORDER BY c
	Unique  (cost=44.05..44.10 rows=10 width=121)
	  ->  Sort  (cost=44.05..44.08 rows=10 width=121)
	        Sort Key: c
	        ->  Index Scan using sbtest4_pkey on sbtest4  (cost=0.43..43.89 rows=10 width=121)
	              Index Cond: ((id >= 8808762) AND (id <= 8808771))

table 5 : explain SELECT DISTINCT c FROM sbtest5 WHERE id BETWEEN 2675966 AND 2675975 ORDER BY c
	Unique  (cost=43.86..43.91 rows=10 width=121)
	  ->  Sort  (cost=43.86..43.89 rows=10 width=121)
	        Sort Key: c
	        ->  Index Scan using sbtest5_pkey on sbtest5  (cost=0.43..43.70 rows=10 width=121)
	              Index Cond: ((id >= 2675966) AND (id <= 2675975))

table 6 : explain SELECT DISTINCT c FROM sbtest6 WHERE id BETWEEN 2452971 AND 2452980 ORDER BY c
	Unique  (cost=40.01..40.05 rows=9 width=121)
	  ->  Sort  (cost=40.01..40.03 rows=9 width=121)
	        Sort Key: c
	        ->  Index Scan using sbtest6_pkey on sbtest6  (cost=0.43..39.86 rows=9 width=121)
	              Index Cond: ((id >= 2452971) AND (id <= 2452980))

table 7 : explain SELECT DISTINCT c FROM sbtest7 WHERE id BETWEEN 7994121 AND 7994130 ORDER BY c
	Unique  (cost=43.89..43.94 rows=10 width=121)
	  ->  Sort  (cost=43.89..43.92 rows=10 width=121)
	        Sort Key: c
	        ->  Index Scan using sbtest7_pkey on sbtest7  (cost=0.43..43.73 rows=10 width=121)
	              Index Cond: ((id >= 7994121) AND (id <= 7994130))

table 8 : explain SELECT DISTINCT c FROM sbtest8 WHERE id BETWEEN 1627597 AND 1627606 ORDER BY c
	Unique  (cost=43.94..43.99 rows=10 width=121)
	  ->  Sort  (cost=43.94..43.96 rows=10 width=121)
	        Sort Key: c
	        ->  Index Scan using sbtest8_pkey on sbtest8  (cost=0.43..43.77 rows=10 width=121)
	              Index Cond: ((id >= 1627597) AND (id <= 1627606))

for: distinct_ranges
table 1 : explain SELECT DISTINCT c FROM sbtest1 WHERE id BETWEEN 4730884 AND 4730893 ORDER BY c
	Unique  (cost=43.94..43.99 rows=10 width=121)
	  ->  Sort  (cost=43.94..43.97 rows=10 width=121)
	        Sort Key: c
	        ->  Index Scan using sbtest1_pkey on sbtest1  (cost=0.43..43.78 rows=10 width=121)
	              Index Cond: ((id >= 4730884) AND (id <= 4730893))

table 2 : explain SELECT DISTINCT c FROM sbtest2 WHERE id BETWEEN 4010779 AND 4010788 ORDER BY c
	Unique  (cost=43.92..43.97 rows=10 width=121)
	  ->  Sort  (cost=43.92..43.94 rows=10 width=121)
	        Sort Key: c
	        ->  Index Scan using sbtest2_pkey on sbtest2  (cost=0.43..43.75 rows=10 width=121)
	              Index Cond: ((id >= 4010779) AND (id <= 4010788))

table 3 : explain SELECT DISTINCT c FROM sbtest3 WHERE id BETWEEN 2964294 AND 2964303 ORDER BY c
	Unique  (cost=48.03..48.09 rows=11 width=121)
	  ->  Sort  (cost=48.03..48.06 rows=11 width=121)
	        Sort Key: c
	        ->  Index Scan using sbtest3_pkey on sbtest3  (cost=0.43..47.84 rows=11 width=121)
	              Index Cond: ((id >= 2964294) AND (id <= 2964303))

table 4 : explain SELECT DISTINCT c FROM sbtest4 WHERE id BETWEEN 2895163 AND 2895172 ORDER BY c
	Unique  (cost=44.05..44.10 rows=10 width=121)
	  ->  Sort  (cost=44.05..44.08 rows=10 width=121)
	        Sort Key: c
	        ->  Index Scan using sbtest4_pkey on sbtest4  (cost=0.43..43.89 rows=10 width=121)
	              Index Cond: ((id >= 2895163) AND (id <= 2895172))

table 5 : explain SELECT DISTINCT c FROM sbtest5 WHERE id BETWEEN 2713167 AND 2713176 ORDER BY c
	Unique  (cost=43.86..43.91 rows=10 width=121)
	  ->  Sort  (cost=43.86..43.89 rows=10 width=121)
	        Sort Key: c
	        ->  Index Scan using sbtest5_pkey on sbtest5  (cost=0.43..43.70 rows=10 width=121)
	              Index Cond: ((id >= 2713167) AND (id <= 2713176))

table 6 : explain SELECT DISTINCT c FROM sbtest6 WHERE id BETWEEN 4919733 AND 4919742 ORDER BY c
	Unique  (cost=40.01..40.05 rows=9 width=121)
	  ->  Sort  (cost=40.01..40.03 rows=9 width=121)
	        Sort Key: c
	        ->  Index Scan using sbtest6_pkey on sbtest6  (cost=0.43..39.86 rows=9 width=121)
	              Index Cond: ((id >= 4919733) AND (id <= 4919742))

table 7 : explain SELECT DISTINCT c FROM sbtest7 WHERE id BETWEEN 5395782 AND 5395791 ORDER BY c
	Unique  (cost=39.95..40.00 rows=9 width=121)
	  ->  Sort  (cost=39.95..39.97 rows=9 width=121)
	        Sort Key: c
	        ->  Index Scan using sbtest7_pkey on sbtest7  (cost=0.43..39.81 rows=9 width=121)
	              Index Cond: ((id >= 5395782) AND (id <= 5395791))

table 8 : explain SELECT DISTINCT c FROM sbtest8 WHERE id BETWEEN 80999 AND 81008 ORDER BY c
	Unique  (cost=43.94..43.99 rows=10 width=121)
	  ->  Sort  (cost=43.94..43.96 rows=10 width=121)
	        Sort Key: c
	        ->  Index Scan using sbtest8_pkey on sbtest8  (cost=0.43..43.77 rows=10 width=121)
	              Index Cond: ((id >= 80999) AND (id <= 81008))

for: distinct_ranges
table 1 : explain SELECT DISTINCT c FROM sbtest1 WHERE id BETWEEN 8013562 AND 8013571 ORDER BY c
	Unique  (cost=43.94..43.99 rows=10 width=121)
	  ->  Sort  (cost=43.94..43.97 rows=10 width=121)
	        Sort Key: c
	        ->  Index Scan using sbtest1_pkey on sbtest1  (cost=0.43..43.78 rows=10 width=121)
	              Index Cond: ((id >= 8013562) AND (id <= 8013571))

table 2 : explain SELECT DISTINCT c FROM sbtest2 WHERE id BETWEEN 5213828 AND 5213837 ORDER BY c
	Unique  (cost=43.92..43.97 rows=10 width=121)
	  ->  Sort  (cost=43.92..43.94 rows=10 width=121)
	        Sort Key: c
	        ->  Index Scan using sbtest2_pkey on sbtest2  (cost=0.43..43.75 rows=10 width=121)
	              Index Cond: ((id >= 5213828) AND (id <= 5213837))

table 3 : explain SELECT DISTINCT c FROM sbtest3 WHERE id BETWEEN 8533684 AND 8533693 ORDER BY c
	Unique  (cost=44.07..44.12 rows=10 width=121)
	  ->  Sort  (cost=44.07..44.10 rows=10 width=121)
	        Sort Key: c
	        ->  Index Scan using sbtest3_pkey on sbtest3  (cost=0.43..43.91 rows=10 width=121)
	              Index Cond: ((id >= 8533684) AND (id <= 8533693))

table 4 : explain SELECT DISTINCT c FROM sbtest4 WHERE id BETWEEN 6847399 AND 6847408 ORDER BY c
	Unique  (cost=44.05..44.10 rows=10 width=121)
	  ->  Sort  (cost=44.05..44.08 rows=10 width=121)
	        Sort Key: c
	        ->  Index Scan using sbtest4_pkey on sbtest4  (cost=0.43..43.89 rows=10 width=121)
	              Index Cond: ((id >= 6847399) AND (id <= 6847408))

table 5 : explain SELECT DISTINCT c FROM sbtest5 WHERE id BETWEEN 1435116 AND 1435125 ORDER BY c
	Unique  (cost=47.80..47.86 rows=11 width=121)
	  ->  Sort  (cost=47.80..47.83 rows=11 width=121)
	        Sort Key: c
	        ->  Index Scan using sbtest5_pkey on sbtest5  (cost=0.43..47.61 rows=11 width=121)
	              Index Cond: ((id >= 1435116) AND (id <= 1435125))

table 6 : explain SELECT DISTINCT c FROM sbtest6 WHERE id BETWEEN 2667429 AND 2667438 ORDER BY c
	Unique  (cost=43.96..44.01 rows=10 width=121)
	  ->  Sort  (cost=43.96..43.98 rows=10 width=121)
	        Sort Key: c
	        ->  Index Scan using sbtest6_pkey on sbtest6  (cost=0.43..43.79 rows=10 width=121)
	              Index Cond: ((id >= 2667429) AND (id <= 2667438))

table 7 : explain SELECT DISTINCT c FROM sbtest7 WHERE id BETWEEN 3117529 AND 3117538 ORDER BY c
	Unique  (cost=43.89..43.94 rows=10 width=121)
	  ->  Sort  (cost=43.89..43.92 rows=10 width=121)
	        Sort Key: c
	        ->  Index Scan using sbtest7_pkey on sbtest7  (cost=0.43..43.73 rows=10 width=121)
	              Index Cond: ((id >= 3117529) AND (id <= 3117538))

table 8 : explain SELECT DISTINCT c FROM sbtest8 WHERE id BETWEEN 9884763 AND 9884772 ORDER BY c
	Unique  (cost=43.94..43.99 rows=10 width=121)
	  ->  Sort  (cost=43.94..43.96 rows=10 width=121)
	        Sort Key: c
	        ->  Index Scan using sbtest8_pkey on sbtest8  (cost=0.43..43.77 rows=10 width=121)
	              Index Cond: ((id >= 9884763) AND (id <= 9884772))

for: distinct_ranges
table 1 : explain SELECT DISTINCT c FROM sbtest1 WHERE id BETWEEN 8630439 AND 8630448 ORDER BY c
	Unique  (cost=43.94..43.99 rows=10 width=121)
	  ->  Sort  (cost=43.94..43.97 rows=10 width=121)
	        Sort Key: c
	        ->  Index Scan using sbtest1_pkey on sbtest1  (cost=0.43..43.78 rows=10 width=121)
	              Index Cond: ((id >= 8630439) AND (id <= 8630448))

table 2 : explain SELECT DISTINCT c FROM sbtest2 WHERE id BETWEEN 2097515 AND 2097524 ORDER BY c
	Unique  (cost=47.86..47.92 rows=11 width=121)
	  ->  Sort  (cost=47.86..47.89 rows=11 width=121)
	        Sort Key: c
	        ->  Index Scan using sbtest2_pkey on sbtest2  (cost=0.43..47.67 rows=11 width=121)
	              Index Cond: ((id >= 2097515) AND (id <= 2097524))

table 3 : explain SELECT DISTINCT c FROM sbtest3 WHERE id BETWEEN 8418139 AND 8418148 ORDER BY c
	Unique  (cost=44.07..44.12 rows=10 width=121)
	  ->  Sort  (cost=44.07..44.10 rows=10 width=121)
	        Sort Key: c
	        ->  Index Scan using sbtest3_pkey on sbtest3  (cost=0.43..43.91 rows=10 width=121)
	              Index Cond: ((id >= 8418139) AND (id <= 8418148))

table 4 : explain SELECT DISTINCT c FROM sbtest4 WHERE id BETWEEN 2855376 AND 2855385 ORDER BY c
	Unique  (cost=44.05..44.10 rows=10 width=121)
	  ->  Sort  (cost=44.05..44.08 rows=10 width=121)
	        Sort Key: c
	        ->  Index Scan using sbtest4_pkey on sbtest4  (cost=0.43..43.89 rows=10 width=121)
	              Index Cond: ((id >= 2855376) AND (id <= 2855385))

table 5 : explain SELECT DISTINCT c FROM sbtest5 WHERE id BETWEEN 4402345 AND 4402354 ORDER BY c
	Unique  (cost=43.86..43.91 rows=10 width=121)
	  ->  Sort  (cost=43.86..43.89 rows=10 width=121)
	        Sort Key: c
	        ->  Index Scan using sbtest5_pkey on sbtest5  (cost=0.43..43.70 rows=10 width=121)
	              Index Cond: ((id >= 4402345) AND (id <= 4402354))

table 6 : explain SELECT DISTINCT c FROM sbtest6 WHERE id BETWEEN 8726233 AND 8726242 ORDER BY c
	Unique  (cost=43.96..44.01 rows=10 width=121)
	  ->  Sort  (cost=43.96..43.98 rows=10 width=121)
	        Sort Key: c
	        ->  Index Scan using sbtest6_pkey on sbtest6  (cost=0.43..43.79 rows=10 width=121)
	              Index Cond: ((id >= 8726233) AND (id <= 8726242))

table 7 : explain SELECT DISTINCT c FROM sbtest7 WHERE id BETWEEN 4132239 AND 4132248 ORDER BY c
	Unique  (cost=43.89..43.94 rows=10 width=121)
	  ->  Sort  (cost=43.89..43.92 rows=10 width=121)
	        Sort Key: c
	        ->  Index Scan using sbtest7_pkey on sbtest7  (cost=0.43..43.73 rows=10 width=121)
	              Index Cond: ((id >= 4132239) AND (id <= 4132248))

table 8 : explain SELECT DISTINCT c FROM sbtest8 WHERE id BETWEEN 3017779 AND 3017788 ORDER BY c
	Unique  (cost=43.94..43.99 rows=10 width=121)
	  ->  Sort  (cost=43.94..43.96 rows=10 width=121)
	        Sort Key: c
	        ->  Index Scan using sbtest8_pkey on sbtest8  (cost=0.43..43.77 rows=10 width=121)
	              Index Cond: ((id >= 3017779) AND (id <= 3017788))

Threads started!

Warming up for 5 seconds...

SQL statistics:
    queries performed:
        read:                            457204590
        write:                           0
        other:                           65314953
        total:                           522519543
    transactions:                        32657496 (51836.66 per sec.)
    queries:                             522519543 (829385.93 per sec.)
    ignored errors:                      0      (0.00 per sec.)
    reconnects:                          0      (0.00 per sec.)

Throughput:
    events/s (eps):                      51836.6595
    time elapsed:                        630.0078s
    total number of events:              32657496

Latency (ms):
         min:                                    0.68
         avg:                                    0.77
         max:                                   16.82
         95th percentile:                        0.84
         sum:                             25171840.77

Threads fairness:
    events (avg/stddev):           816436.6000/3996.61
    execution time (avg/stddev):   629.2960/0.01

