LUA_PATH=/home/mdcallag/git/mytools/bench/sysbench.lua/lua/?.lua /home/mdcallag/git/mytools/bench/sysbench.lua/lua/sysbench --db-driver=pgsql --range-size=100 --table-size=10000000 --tables=8 --threads=40 --events=0 --warmup-time=5 --time=630 --pgsql_conn_id=true /home/mdcallag/git/mytools/bench/sysbench.lua/lua/oltp_range_covered.lua run --pgsql-user=root --pgsql-password=pw --pgsql-host=127.0.0.1 --pgsql-db=ib --rand-type=uniform --random-points=100 --skip-trx
48 CPUs
sysbench 1.1.0-9072687 (using bundled LuaJIT 2.1.0-beta3)

Running the test with following options:
Number of threads: 40
Warmup time: 5s
Initializing random number generator from current time


Initializing worker threads...

explain: for range-covered :: explain SELECT id FROM sbtest%d WHERE id BETWEEN 3494755 AND 3494855
explain: for range-covered :: explain SELECT id FROM sbtest%d WHERE id BETWEEN 2148981 AND 2149081
for range-covered
table 1 : explain SELECT id FROM sbtest1 WHERE id BETWEEN 3494755 AND 3494855
	Index Only Scan using sbtest1_pkey on sbtest1  (cost=0.43..6.35 rows=96 width=4)
	  Index Cond: ((id >= 3494755) AND (id <= 3494855))

table 2 : explain SELECT id FROM sbtest2 WHERE id BETWEEN 3494755 AND 3494855
	Index Only Scan using sbtest2_pkey on sbtest2  (cost=0.43..6.43 rows=100 width=4)
	  Index Cond: ((id >= 3494755) AND (id <= 3494855))

table 3 : explain SELECT id FROM sbtest3 WHERE id BETWEEN 3494755 AND 3494855
	Index Only Scan using sbtest3_pkey on sbtest3  (cost=0.43..6.51 rows=104 width=4)
	  Index Cond: ((id >= 3494755) AND (id <= 3494855))

table 4 : explain SELECT id FROM sbtest4 WHERE id BETWEEN 3494755 AND 3494855
	Index Only Scan using sbtest4_pkey on sbtest4  (cost=0.43..6.43 rows=100 width=4)
	  Index Cond: ((id >= 3494755) AND (id <= 3494855))

table 5 : explain SELECT id FROM sbtest5 WHERE id BETWEEN 3494755 AND 3494855
	Index Only Scan using sbtest5_pkey on sbtest5  (cost=0.43..6.42 rows=99 width=4)
	  Index Cond: ((id >= 3494755) AND (id <= 3494855))

table 6 : explain SELECT id FROM sbtest6 WHERE id BETWEEN 3494755 AND 3494855
	Index Only Scan using sbtest6_pkey on sbtest6  (cost=0.43..6.35 rows=96 width=4)
	  Index Cond: ((id >= 3494755) AND (id <= 3494855))

table 7 : explain SELECT id FROM sbtest7 WHERE id BETWEEN 3494755 AND 3494855
	Index Only Scan using sbtest7_pkey on sbtest7  (cost=0.43..10.42 rows=99 width=4)
	  Index Cond: ((id >= 3494755) AND (id <= 3494855))

table 8 : explain SELECT id FROM sbtest8 WHERE id BETWEEN 3494755 AND 3494855
	Index Only Scan using sbtest8_pkey on sbtest8  (cost=0.43..6.42 rows=99 width=4)
	  Index Cond: ((id >= 3494755) AND (id <= 3494855))

explain: for range-covered :: explain SELECT id FROM sbtest%d WHERE id BETWEEN 3494755 AND 3494855
for range-covered
table 1 : explain SELECT id FROM sbtest1 WHERE id BETWEEN 3494755 AND 3494855
	Index Only Scan using sbtest1_pkey on sbtest1  (cost=0.43..6.35 rows=96 width=4)
	  Index Cond: ((id >= 3494755) AND (id <= 3494855))

table 2 : explain SELECT id FROM sbtest2 WHERE id BETWEEN 3494755 AND 3494855
	Index Only Scan using sbtest2_pkey on sbtest2  (cost=0.43..6.43 rows=100 width=4)
	  Index Cond: ((id >= 3494755) AND (id <= 3494855))

table 3 : explain SELECT id FROM sbtest3 WHERE id BETWEEN 3494755 AND 3494855
	Index Only Scan using sbtest3_pkey on sbtest3  (cost=0.43..6.51 rows=104 width=4)
	  Index Cond: ((id >= 3494755) AND (id <= 3494855))

table 4 : explain SELECT id FROM sbtest4 WHERE id BETWEEN 3494755 AND 3494855
	Index Only Scan using sbtest4_pkey on sbtest4  (cost=0.43..6.43 rows=100 width=4)
	  Index Cond: ((id >= 3494755) AND (id <= 3494855))

table 5 : explain SELECT id FROM sbtest5 WHERE id BETWEEN 3494755 AND 3494855
	Index Only Scan using sbtest5_pkey on sbtest5  (cost=0.43..6.42 rows=99 width=4)
	  Index Cond: ((id >= 3494755) AND (id <= 3494855))

table 6 : explain SELECT id FROM sbtest6 WHERE id BETWEEN 3494755 AND 3494855
	Index Only Scan using sbtest6_pkey on sbtest6  (cost=0.43..6.35 rows=96 width=4)
	  Index Cond: ((id >= 3494755) AND (id <= 3494855))

table 7 : explain SELECT id FROM sbtest7 WHERE id BETWEEN 3494755 AND 3494855
	Index Only Scan using sbtest7_pkey on sbtest7  (cost=0.43..10.42 rows=99 width=4)
	  Index Cond: ((id >= 3494755) AND (id <= 3494855))

table 8 : explain SELECT id FROM sbtest8 WHERE id BETWEEN 3494755 AND 3494855
	Index Only Scan using sbtest8_pkey on sbtest8  (cost=0.43..6.42 rows=99 width=4)
	  Index Cond: ((id >= 3494755) AND (id <= 3494855))

explain: for range-covered :: explain SELECT id FROM sbtest%d WHERE id BETWEEN 3494755 AND 3494855
for range-covered
table 1 : explain SELECT id FROM sbtest1 WHERE id BETWEEN 3494755 AND 3494855
	Index Only Scan using sbtest1_pkey on sbtest1  (cost=0.43..6.35 rows=96 width=4)
	  Index Cond: ((id >= 3494755) AND (id <= 3494855))

table 2 : explain SELECT id FROM sbtest2 WHERE id BETWEEN 3494755 AND 3494855
	Index Only Scan using sbtest2_pkey on sbtest2  (cost=0.43..6.43 rows=100 width=4)
	  Index Cond: ((id >= 3494755) AND (id <= 3494855))

table 3 : explain SELECT id FROM sbtest3 WHERE id BETWEEN 3494755 AND 3494855
	Index Only Scan using sbtest3_pkey on sbtest3  (cost=0.43..6.51 rows=104 width=4)
	  Index Cond: ((id >= 3494755) AND (id <= 3494855))

table 4 : explain SELECT id FROM sbtest4 WHERE id BETWEEN 3494755 AND 3494855
	Index Only Scan using sbtest4_pkey on sbtest4  (cost=0.43..6.43 rows=100 width=4)
	  Index Cond: ((id >= 3494755) AND (id <= 3494855))

table 5 : explain SELECT id FROM sbtest5 WHERE id BETWEEN 3494755 AND 3494855
	Index Only Scan using sbtest5_pkey on sbtest5  (cost=0.43..6.42 rows=99 width=4)
	  Index Cond: ((id >= 3494755) AND (id <= 3494855))

table 6 : explain SELECT id FROM sbtest6 WHERE id BETWEEN 3494755 AND 3494855
	Index Only Scan using sbtest6_pkey on sbtest6  (cost=0.43..6.35 rows=96 width=4)
	  Index Cond: ((id >= 3494755) AND (id <= 3494855))

table 7 : explain SELECT id FROM sbtest7 WHERE id BETWEEN 3494755 AND 3494855
	Index Only Scan using sbtest7_pkey on sbtest7  (cost=0.43..10.42 rows=99 width=4)
	  Index Cond: ((id >= 3494755) AND (id <= 3494855))

table 8 : explain SELECT id FROM sbtest8 WHERE id BETWEEN 3494755 AND 3494855
	Index Only Scan using sbtest8_pkey on sbtest8  (cost=0.43..6.42 rows=99 width=4)
	  Index Cond: ((id >= 3494755) AND (id <= 3494855))

explain: for range-covered :: explain SELECT id FROM sbtest%d WHERE id BETWEEN 3494755 AND 3494855
for range-covered
table 1 : explain SELECT id FROM sbtest1 WHERE id BETWEEN 3494755 AND 3494855
	Index Only Scan using sbtest1_pkey on sbtest1  (cost=0.43..6.35 rows=96 width=4)
	  Index Cond: ((id >= 3494755) AND (id <= 3494855))

table 2 : explain SELECT id FROM sbtest2 WHERE id BETWEEN 3494755 AND 3494855
	Index Only Scan using sbtest2_pkey on sbtest2  (cost=0.43..6.43 rows=100 width=4)
	  Index Cond: ((id >= 3494755) AND (id <= 3494855))

table 3 : explain SELECT id FROM sbtest3 WHERE id BETWEEN 3494755 AND 3494855
	Index Only Scan using sbtest3_pkey on sbtest3  (cost=0.43..6.51 rows=104 width=4)
	  Index Cond: ((id >= 3494755) AND (id <= 3494855))

table 4 : explain SELECT id FROM sbtest4 WHERE id BETWEEN 3494755 AND 3494855
	Index Only Scan using sbtest4_pkey on sbtest4  (cost=0.43..6.43 rows=100 width=4)
	  Index Cond: ((id >= 3494755) AND (id <= 3494855))

table 5 : explain SELECT id FROM sbtest5 WHERE id BETWEEN 3494755 AND 3494855
	Index Only Scan using sbtest5_pkey on sbtest5  (cost=0.43..6.42 rows=99 width=4)
	  Index Cond: ((id >= 3494755) AND (id <= 3494855))

table 6 : explain SELECT id FROM sbtest6 WHERE id BETWEEN 3494755 AND 3494855
	Index Only Scan using sbtest6_pkey on sbtest6  (cost=0.43..6.35 rows=96 width=4)
	  Index Cond: ((id >= 3494755) AND (id <= 3494855))

table 7 : explain SELECT id FROM sbtest7 WHERE id BETWEEN 3494755 AND 3494855
	Index Only Scan using sbtest7_pkey on sbtest7  (cost=0.43..10.42 rows=99 width=4)
	  Index Cond: ((id >= 3494755) AND (id <= 3494855))

table 8 : explain SELECT id FROM sbtest8 WHERE id BETWEEN 3494755 AND 3494855
	Index Only Scan using sbtest8_pkey on sbtest8  (cost=0.43..6.42 rows=99 width=4)
	  Index Cond: ((id >= 3494755) AND (id <= 3494855))

explain: for range-covered :: explain SELECT id FROM sbtest%d WHERE id BETWEEN 3494755 AND 3494855
explain: for range-covered :: explain SELECT id FROM sbtest%d WHERE id BETWEEN 8699592 AND 8699692
for range-covered
table 1 : explain SELECT id FROM sbtest1 WHERE id BETWEEN 3494755 AND 3494855
	Index Only Scan using sbtest1_pkey on sbtest1  (cost=0.43..6.35 rows=96 width=4)
	  Index Cond: ((id >= 3494755) AND (id <= 3494855))

table 2 : explain SELECT id FROM sbtest2 WHERE id BETWEEN 3494755 AND 3494855
	Index Only Scan using sbtest2_pkey on sbtest2  (cost=0.43..6.43 rows=100 width=4)
	  Index Cond: ((id >= 3494755) AND (id <= 3494855))

table 3 : explain SELECT id FROM sbtest3 WHERE id BETWEEN 3494755 AND 3494855
	Index Only Scan using sbtest3_pkey on sbtest3  (cost=0.43..6.51 rows=104 width=4)
	  Index Cond: ((id >= 3494755) AND (id <= 3494855))

table 4 : explain SELECT id FROM sbtest4 WHERE id BETWEEN 3494755 AND 3494855
	Index Only Scan using sbtest4_pkey on sbtest4  (cost=0.43..6.43 rows=100 width=4)
	  Index Cond: ((id >= 3494755) AND (id <= 3494855))

table 5 : explain SELECT id FROM sbtest5 WHERE id BETWEEN 3494755 AND 3494855
	Index Only Scan using sbtest5_pkey on sbtest5  (cost=0.43..6.42 rows=99 width=4)
	  Index Cond: ((id >= 3494755) AND (id <= 3494855))

table 6 : explain SELECT id FROM sbtest6 WHERE id BETWEEN 3494755 AND 3494855
	Index Only Scan using sbtest6_pkey on sbtest6  (cost=0.43..6.35 rows=96 width=4)
	  Index Cond: ((id >= 3494755) AND (id <= 3494855))

table 7 : explain SELECT id FROM sbtest7 WHERE id BETWEEN 3494755 AND 3494855
	Index Only Scan using sbtest7_pkey on sbtest7  (cost=0.43..10.42 rows=99 width=4)
	  Index Cond: ((id >= 3494755) AND (id <= 3494855))

table 8 : explain SELECT id FROM sbtest8 WHERE id BETWEEN 3494755 AND 3494855
	Index Only Scan using sbtest8_pkey on sbtest8  (cost=0.43..6.42 rows=99 width=4)
	  Index Cond: ((id >= 3494755) AND (id <= 3494855))

explain: for range-covered :: explain SELECT id FROM sbtest%d WHERE id BETWEEN 3494755 AND 3494855
for range-covered
table 1 : explain SELECT id FROM sbtest1 WHERE id BETWEEN 2148981 AND 2149081
	Index Only Scan using sbtest1_pkey on sbtest1  (cost=0.43..6.56 rows=106 width=4)
	  Index Cond: ((id >= 2148981) AND (id <= 2149081))

table 2 : explain SELECT id FROM sbtest2 WHERE id BETWEEN 2148981 AND 2149081
	Index Only Scan using sbtest2_pkey on sbtest2  (cost=0.43..6.58 rows=107 width=4)
	  Index Cond: ((id >= 2148981) AND (id <= 2149081))

table 3 : explain SELECT id FROM sbtest3 WHERE id BETWEEN 2148981 AND 2149081
	Index Only Scan using sbtest3_pkey on sbtest3  (cost=0.43..6.24 rows=90 width=4)
	  Index Cond: ((id >= 2148981) AND (id <= 2149081))

table 4 : explain SELECT id FROM sbtest4 WHERE id BETWEEN 2148981 AND 2149081
	Index Only Scan using sbtest4_pkey on sbtest4  (cost=0.43..6.42 rows=99 width=4)
	  Index Cond: ((id >= 2148981) AND (id <= 2149081))

table 5 : explain SELECT id FROM sbtest5 WHERE id BETWEEN 2148981 AND 2149081
	Index Only Scan using sbtest5_pkey on sbtest5  (cost=0.43..6.72 rows=114 width=4)
	  Index Cond: ((id >= 2148981) AND (id <= 2149081))

table 6 : explain SELECT id FROM sbtest6 WHERE id BETWEEN 2148981 AND 2149081
	Index Only Scan using sbtest6_pkey on sbtest6  (cost=0.43..6.35 rows=96 width=4)
	  Index Cond: ((id >= 2148981) AND (id <= 2149081))

table 7 : explain SELECT id FROM sbtest7 WHERE id BETWEEN 2148981 AND 2149081
	Index Only Scan using sbtest7_pkey on sbtest7  (cost=0.43..10.32 rows=94 width=4)
	  Index Cond: ((id >= 2148981) AND (id <= 2149081))

table 8 : explain SELECT id FROM sbtest8 WHERE id BETWEEN 2148981 AND 2149081
	Index Only Scan using sbtest8_pkey on sbtest8  (cost=0.43..6.63 rows=110 width=4)
	  Index Cond: ((id >= 2148981) AND (id <= 2149081))

explain: for range-covered :: explain SELECT id FROM sbtest%d WHERE id BETWEEN 2148981 AND 2149081
for range-covered
table 1 : explain SELECT id FROM sbtest1 WHERE id BETWEEN 3494755 AND 3494855
	Index Only Scan using sbtest1_pkey on sbtest1  (cost=0.43..6.35 rows=96 width=4)
	  Index Cond: ((id >= 3494755) AND (id <= 3494855))

table 2 : explain SELECT id FROM sbtest2 WHERE id BETWEEN 3494755 AND 3494855
	Index Only Scan using sbtest2_pkey on sbtest2  (cost=0.43..6.43 rows=100 width=4)
	  Index Cond: ((id >= 3494755) AND (id <= 3494855))

table 3 : explain SELECT id FROM sbtest3 WHERE id BETWEEN 3494755 AND 3494855
	Index Only Scan using sbtest3_pkey on sbtest3  (cost=0.43..6.51 rows=104 width=4)
	  Index Cond: ((id >= 3494755) AND (id <= 3494855))

table 4 : explain SELECT id FROM sbtest4 WHERE id BETWEEN 3494755 AND 3494855
	Index Only Scan using sbtest4_pkey on sbtest4  (cost=0.43..6.43 rows=100 width=4)
	  Index Cond: ((id >= 3494755) AND (id <= 3494855))

table 5 : explain SELECT id FROM sbtest5 WHERE id BETWEEN 3494755 AND 3494855
	Index Only Scan using sbtest5_pkey on sbtest5  (cost=0.43..6.42 rows=99 width=4)
	  Index Cond: ((id >= 3494755) AND (id <= 3494855))

table 6 : explain SELECT id FROM sbtest6 WHERE id BETWEEN 3494755 AND 3494855
	Index Only Scan using sbtest6_pkey on sbtest6  (cost=0.43..6.35 rows=96 width=4)
	  Index Cond: ((id >= 3494755) AND (id <= 3494855))

table 7 : explain SELECT id FROM sbtest7 WHERE id BETWEEN 3494755 AND 3494855
	Index Only Scan using sbtest7_pkey on sbtest7  (cost=0.43..10.42 rows=99 width=4)
	  Index Cond: ((id >= 3494755) AND (id <= 3494855))

table 8 : explain SELECT id FROM sbtest8 WHERE id BETWEEN 3494755 AND 3494855
	Index Only Scan using sbtest8_pkey on sbtest8  (cost=0.43..6.42 rows=99 width=4)
	  Index Cond: ((id >= 3494755) AND (id <= 3494855))

explain: for range-covered :: explain SELECT id FROM sbtest%d WHERE id BETWEEN 3494755 AND 3494855
explain: for range-covered :: explain SELECT id FROM sbtest%d WHERE id BETWEEN 4609179 AND 4609279
for range-covered
table 1 : explain SELECT id FROM sbtest1 WHERE id BETWEEN 2148981 AND 2149081
	Index Only Scan using sbtest1_pkey on sbtest1  (cost=0.43..6.56 rows=106 width=4)
	  Index Cond: ((id >= 2148981) AND (id <= 2149081))

table 2 : explain SELECT id FROM sbtest2 WHERE id BETWEEN 2148981 AND 2149081
	Index Only Scan using sbtest2_pkey on sbtest2  (cost=0.43..6.58 rows=107 width=4)
	  Index Cond: ((id >= 2148981) AND (id <= 2149081))

table 3 : explain SELECT id FROM sbtest3 WHERE id BETWEEN 2148981 AND 2149081
	Index Only Scan using sbtest3_pkey on sbtest3  (cost=0.43..6.24 rows=90 width=4)
	  Index Cond: ((id >= 2148981) AND (id <= 2149081))

table 4 : explain SELECT id FROM sbtest4 WHERE id BETWEEN 2148981 AND 2149081
	Index Only Scan using sbtest4_pkey on sbtest4  (cost=0.43..6.42 rows=99 width=4)
	  Index Cond: ((id >= 2148981) AND (id <= 2149081))

table 5 : explain SELECT id FROM sbtest5 WHERE id BETWEEN 2148981 AND 2149081
	Index Only Scan using sbtest5_pkey on sbtest5  (cost=0.43..6.72 rows=114 width=4)
	  Index Cond: ((id >= 2148981) AND (id <= 2149081))

table 6 : explain SELECT id FROM sbtest6 WHERE id BETWEEN 2148981 AND 2149081
	Index Only Scan using sbtest6_pkey on sbtest6  (cost=0.43..6.35 rows=96 width=4)
	  Index Cond: ((id >= 2148981) AND (id <= 2149081))

table 7 : explain SELECT id FROM sbtest7 WHERE id BETWEEN 2148981 AND 2149081
	Index Only Scan using sbtest7_pkey on sbtest7  (cost=0.43..10.32 rows=94 width=4)
	  Index Cond: ((id >= 2148981) AND (id <= 2149081))

table 8 : explain SELECT id FROM sbtest8 WHERE id BETWEEN 2148981 AND 2149081
	Index Only Scan using sbtest8_pkey on sbtest8  (cost=0.43..6.63 rows=110 width=4)
	  Index Cond: ((id >= 2148981) AND (id <= 2149081))

explain: for range-covered :: explain SELECT id FROM sbtest%d WHERE id BETWEEN 2148981 AND 2149081
for range-covered
table 1 : explain SELECT id FROM sbtest1 WHERE id BETWEEN 3494755 AND 3494855
	Index Only Scan using sbtest1_pkey on sbtest1  (cost=0.43..6.35 rows=96 width=4)
	  Index Cond: ((id >= 3494755) AND (id <= 3494855))

table 2 : explain SELECT id FROM sbtest2 WHERE id BETWEEN 3494755 AND 3494855
	Index Only Scan using sbtest2_pkey on sbtest2  (cost=0.43..6.43 rows=100 width=4)
	  Index Cond: ((id >= 3494755) AND (id <= 3494855))

table 3 : explain SELECT id FROM sbtest3 WHERE id BETWEEN 3494755 AND 3494855
	Index Only Scan using sbtest3_pkey on sbtest3  (cost=0.43..6.51 rows=104 width=4)
	  Index Cond: ((id >= 3494755) AND (id <= 3494855))

table 4 : explain SELECT id FROM sbtest4 WHERE id BETWEEN 3494755 AND 3494855
	Index Only Scan using sbtest4_pkey on sbtest4  (cost=0.43..6.43 rows=100 width=4)
	  Index Cond: ((id >= 3494755) AND (id <= 3494855))

table 5 : explain SELECT id FROM sbtest5 WHERE id BETWEEN 3494755 AND 3494855
	Index Only Scan using sbtest5_pkey on sbtest5  (cost=0.43..6.42 rows=99 width=4)
	  Index Cond: ((id >= 3494755) AND (id <= 3494855))

table 6 : explain SELECT id FROM sbtest6 WHERE id BETWEEN 3494755 AND 3494855
	Index Only Scan using sbtest6_pkey on sbtest6  (cost=0.43..6.35 rows=96 width=4)
	  Index Cond: ((id >= 3494755) AND (id <= 3494855))

table 7 : explain SELECT id FROM sbtest7 WHERE id BETWEEN 3494755 AND 3494855
	Index Only Scan using sbtest7_pkey on sbtest7  (cost=0.43..10.42 rows=99 width=4)
	  Index Cond: ((id >= 3494755) AND (id <= 3494855))

table 8 : explain SELECT id FROM sbtest8 WHERE id BETWEEN 3494755 AND 3494855
	Index Only Scan using sbtest8_pkey on sbtest8  (cost=0.43..6.42 rows=99 width=4)
	  Index Cond: ((id >= 3494755) AND (id <= 3494855))

explain: for range-covered :: explain SELECT id FROM sbtest%d WHERE id BETWEEN 3494755 AND 3494855
for range-covered
table 1 : explain SELECT id FROM sbtest1 WHERE id BETWEEN 2148981 AND 2149081
	Index Only Scan using sbtest1_pkey on sbtest1  (cost=0.43..6.56 rows=106 width=4)
	  Index Cond: ((id >= 2148981) AND (id <= 2149081))

table 2 : explain SELECT id FROM sbtest2 WHERE id BETWEEN 2148981 AND 2149081
	Index Only Scan using sbtest2_pkey on sbtest2  (cost=0.43..6.58 rows=107 width=4)
	  Index Cond: ((id >= 2148981) AND (id <= 2149081))

table 3 : explain SELECT id FROM sbtest3 WHERE id BETWEEN 2148981 AND 2149081
	Index Only Scan using sbtest3_pkey on sbtest3  (cost=0.43..6.24 rows=90 width=4)
	  Index Cond: ((id >= 2148981) AND (id <= 2149081))

table 4 : explain SELECT id FROM sbtest4 WHERE id BETWEEN 2148981 AND 2149081
	Index Only Scan using sbtest4_pkey on sbtest4  (cost=0.43..6.42 rows=99 width=4)
	  Index Cond: ((id >= 2148981) AND (id <= 2149081))

table 5 : explain SELECT id FROM sbtest5 WHERE id BETWEEN 2148981 AND 2149081
	Index Only Scan using sbtest5_pkey on sbtest5  (cost=0.43..6.72 rows=114 width=4)
	  Index Cond: ((id >= 2148981) AND (id <= 2149081))

table 6 : explain SELECT id FROM sbtest6 WHERE id BETWEEN 2148981 AND 2149081
	Index Only Scan using sbtest6_pkey on sbtest6  (cost=0.43..6.35 rows=96 width=4)
	  Index Cond: ((id >= 2148981) AND (id <= 2149081))

table 7 : explain SELECT id FROM sbtest7 WHERE id BETWEEN 2148981 AND 2149081
	Index Only Scan using sbtest7_pkey on sbtest7  (cost=0.43..10.32 rows=94 width=4)
	  Index Cond: ((id >= 2148981) AND (id <= 2149081))

table 8 : explain SELECT id FROM sbtest8 WHERE id BETWEEN 2148981 AND 2149081
	Index Only Scan using sbtest8_pkey on sbtest8  (cost=0.43..6.63 rows=110 width=4)
	  Index Cond: ((id >= 2148981) AND (id <= 2149081))

explain: for range-covered :: explain SELECT id FROM sbtest%d WHERE id BETWEEN 2148981 AND 2149081
explain: for range-covered :: explain SELECT id FROM sbtest%d WHERE id BETWEEN 7112853 AND 7112953
explain: for range-covered :: explain SELECT id FROM sbtest%d WHERE id BETWEEN 7386133 AND 7386233
for range-covered
table 1 : explain SELECT id FROM sbtest1 WHERE id BETWEEN 3494755 AND 3494855
	Index Only Scan using sbtest1_pkey on sbtest1  (cost=0.43..6.35 rows=96 width=4)
	  Index Cond: ((id >= 3494755) AND (id <= 3494855))

table 2 : explain SELECT id FROM sbtest2 WHERE id BETWEEN 3494755 AND 3494855
	Index Only Scan using sbtest2_pkey on sbtest2  (cost=0.43..6.43 rows=100 width=4)
	  Index Cond: ((id >= 3494755) AND (id <= 3494855))

table 3 : explain SELECT id FROM sbtest3 WHERE id BETWEEN 3494755 AND 3494855
	Index Only Scan using sbtest3_pkey on sbtest3  (cost=0.43..6.51 rows=104 width=4)
	  Index Cond: ((id >= 3494755) AND (id <= 3494855))

table 4 : explain SELECT id FROM sbtest4 WHERE id BETWEEN 3494755 AND 3494855
	Index Only Scan using sbtest4_pkey on sbtest4  (cost=0.43..6.43 rows=100 width=4)
	  Index Cond: ((id >= 3494755) AND (id <= 3494855))

table 5 : explain SELECT id FROM sbtest5 WHERE id BETWEEN 3494755 AND 3494855
	Index Only Scan using sbtest5_pkey on sbtest5  (cost=0.43..6.42 rows=99 width=4)
	  Index Cond: ((id >= 3494755) AND (id <= 3494855))

table 6 : explain SELECT id FROM sbtest6 WHERE id BETWEEN 3494755 AND 3494855
	Index Only Scan using sbtest6_pkey on sbtest6  (cost=0.43..6.35 rows=96 width=4)
	  Index Cond: ((id >= 3494755) AND (id <= 3494855))

table 7 : explain SELECT id FROM sbtest7 WHERE id BETWEEN 3494755 AND 3494855
	Index Only Scan using sbtest7_pkey on sbtest7  (cost=0.43..10.42 rows=99 width=4)
	  Index Cond: ((id >= 3494755) AND (id <= 3494855))

table 8 : explain SELECT id FROM sbtest8 WHERE id BETWEEN 3494755 AND 3494855
	Index Only Scan using sbtest8_pkey on sbtest8  (cost=0.43..6.42 rows=99 width=4)
	  Index Cond: ((id >= 3494755) AND (id <= 3494855))

for range-covered
table 1 : explain SELECT id FROM sbtest1 WHERE id BETWEEN 2148981 AND 2149081
	Index Only Scan using sbtest1_pkey on sbtest1  (cost=0.43..6.56 rows=106 width=4)
	  Index Cond: ((id >= 2148981) AND (id <= 2149081))

table 2 : explain SELECT id FROM sbtest2 WHERE id BETWEEN 2148981 AND 2149081
	Index Only Scan using sbtest2_pkey on sbtest2  (cost=0.43..6.58 rows=107 width=4)
	  Index Cond: ((id >= 2148981) AND (id <= 2149081))

table 3 : explain SELECT id FROM sbtest3 WHERE id BETWEEN 2148981 AND 2149081
	Index Only Scan using sbtest3_pkey on sbtest3  (cost=0.43..6.24 rows=90 width=4)
	  Index Cond: ((id >= 2148981) AND (id <= 2149081))

table 4 : explain SELECT id FROM sbtest4 WHERE id BETWEEN 2148981 AND 2149081
	Index Only Scan using sbtest4_pkey on sbtest4  (cost=0.43..6.42 rows=99 width=4)
	  Index Cond: ((id >= 2148981) AND (id <= 2149081))

table 5 : explain SELECT id FROM sbtest5 WHERE id BETWEEN 2148981 AND 2149081
	Index Only Scan using sbtest5_pkey on sbtest5  (cost=0.43..6.72 rows=114 width=4)
	  Index Cond: ((id >= 2148981) AND (id <= 2149081))

table 6 : explain SELECT id FROM sbtest6 WHERE id BETWEEN 2148981 AND 2149081
	Index Only Scan using sbtest6_pkey on sbtest6  (cost=0.43..6.35 rows=96 width=4)
	  Index Cond: ((id >= 2148981) AND (id <= 2149081))

table 7 : explain SELECT id FROM sbtest7 WHERE id BETWEEN 2148981 AND 2149081
	Index Only Scan using sbtest7_pkey on sbtest7  (cost=0.43..10.32 rows=94 width=4)
	  Index Cond: ((id >= 2148981) AND (id <= 2149081))

table 8 : explain SELECT id FROM sbtest8 WHERE id BETWEEN 2148981 AND 2149081
	Index Only Scan using sbtest8_pkey on sbtest8  (cost=0.43..6.63 rows=110 width=4)
	  Index Cond: ((id >= 2148981) AND (id <= 2149081))

explain: for range-covered :: explain SELECT id FROM sbtest%d WHERE id BETWEEN 2148981 AND 2149081
for range-covered
table 1 : explain SELECT id FROM sbtest1 WHERE id BETWEEN 8699592 AND 8699692
	Index Only Scan using sbtest1_pkey on sbtest1  (cost=0.43..6.45 rows=101 width=4)
	  Index Cond: ((id >= 8699592) AND (id <= 8699692))

table 2 : explain SELECT id FROM sbtest2 WHERE id BETWEEN 8699592 AND 8699692
	Index Only Scan using sbtest2_pkey on sbtest2  (cost=0.43..6.61 rows=109 width=4)
	  Index Cond: ((id >= 8699592) AND (id <= 8699692))

table 3 : explain SELECT id FROM sbtest3 WHERE id BETWEEN 8699592 AND 8699692
	Index Only Scan using sbtest3_pkey on sbtest3  (cost=0.43..6.53 rows=105 width=4)
	  Index Cond: ((id >= 8699592) AND (id <= 8699692))

table 4 : explain SELECT id FROM sbtest4 WHERE id BETWEEN 8699592 AND 8699692
	Index Only Scan using sbtest4_pkey on sbtest4  (cost=0.43..6.40 rows=98 width=4)
	  Index Cond: ((id >= 8699592) AND (id <= 8699692))

table 5 : explain SELECT id FROM sbtest5 WHERE id BETWEEN 8699592 AND 8699692
	Index Only Scan using sbtest5_pkey on sbtest5  (cost=0.43..6.42 rows=99 width=4)
	  Index Cond: ((id >= 8699592) AND (id <= 8699692))

table 6 : explain SELECT id FROM sbtest6 WHERE id BETWEEN 8699592 AND 8699692
	Index Only Scan using sbtest6_pkey on sbtest6  (cost=0.43..6.59 rows=108 width=4)
	  Index Cond: ((id >= 8699592) AND (id <= 8699692))

table 7 : explain SELECT id FROM sbtest7 WHERE id BETWEEN 8699592 AND 8699692
	Index Only Scan using sbtest7_pkey on sbtest7  (cost=0.43..10.33 rows=95 width=4)
	  Index Cond: ((id >= 8699592) AND (id <= 8699692))

table 8 : explain SELECT id FROM sbtest8 WHERE id BETWEEN 8699592 AND 8699692
	Index Only Scan using sbtest8_pkey on sbtest8  (cost=0.43..6.47 rows=102 width=4)
	  Index Cond: ((id >= 8699592) AND (id <= 8699692))

for range-covered
table 1 : explain SELECT id FROM sbtest1 WHERE id BETWEEN 2148981 AND 2149081
	Index Only Scan using sbtest1_pkey on sbtest1  (cost=0.43..6.56 rows=106 width=4)
	  Index Cond: ((id >= 2148981) AND (id <= 2149081))

table 2 : explain SELECT id FROM sbtest2 WHERE id BETWEEN 2148981 AND 2149081
	Index Only Scan using sbtest2_pkey on sbtest2  (cost=0.43..6.58 rows=107 width=4)
	  Index Cond: ((id >= 2148981) AND (id <= 2149081))

table 3 : explain SELECT id FROM sbtest3 WHERE id BETWEEN 2148981 AND 2149081
	Index Only Scan using sbtest3_pkey on sbtest3  (cost=0.43..6.24 rows=90 width=4)
	  Index Cond: ((id >= 2148981) AND (id <= 2149081))

table 4 : explain SELECT id FROM sbtest4 WHERE id BETWEEN 2148981 AND 2149081
	Index Only Scan using sbtest4_pkey on sbtest4  (cost=0.43..6.42 rows=99 width=4)
	  Index Cond: ((id >= 2148981) AND (id <= 2149081))

table 5 : explain SELECT id FROM sbtest5 WHERE id BETWEEN 2148981 AND 2149081
	Index Only Scan using sbtest5_pkey on sbtest5  (cost=0.43..6.72 rows=114 width=4)
	  Index Cond: ((id >= 2148981) AND (id <= 2149081))

table 6 : explain SELECT id FROM sbtest6 WHERE id BETWEEN 2148981 AND 2149081
	Index Only Scan using sbtest6_pkey on sbtest6  (cost=0.43..6.35 rows=96 width=4)
	  Index Cond: ((id >= 2148981) AND (id <= 2149081))

table 7 : explain SELECT id FROM sbtest7 WHERE id BETWEEN 2148981 AND 2149081
	Index Only Scan using sbtest7_pkey on sbtest7  (cost=0.43..10.32 rows=94 width=4)
	  Index Cond: ((id >= 2148981) AND (id <= 2149081))

table 8 : explain SELECT id FROM sbtest8 WHERE id BETWEEN 2148981 AND 2149081
	Index Only Scan using sbtest8_pkey on sbtest8  (cost=0.43..6.63 rows=110 width=4)
	  Index Cond: ((id >= 2148981) AND (id <= 2149081))

explain: for range-covered :: explain SELECT id FROM sbtest%d WHERE id BETWEEN 2148981 AND 2149081explain: for range-covered :: explain SELECT id FROM sbtest%d WHERE id BETWEEN 8699592 AND 8699692
explain: for range-covered :: explain SELECT id FROM sbtest%d WHERE id BETWEEN 4874442 AND 4874542
for range-covered
table 1 : explain SELECT id FROM sbtest1 WHERE id BETWEEN 4609179 AND 4609279
	Index Only Scan using sbtest1_pkey on sbtest1  (cost=0.43..6.59 rows=108 width=4)
	  Index Cond: ((id >= 4609179) AND (id <= 4609279))

table 2 : explain SELECT id FROM sbtest2 WHERE id BETWEEN 4609179 AND 4609279
	Index Only Scan using sbtest2_pkey on sbtest2  (cost=0.43..6.63 rows=110 width=4)
	  Index Cond: ((id >= 4609179) AND (id <= 4609279))

table 3 : explain SELECT id FROM sbtest3 WHERE id BETWEEN 4609179 AND 4609279
	Index Only Scan using sbtest3_pkey on sbtest3  (cost=0.43..6.35 rows=96 width=4)
	  Index Cond: ((id >= 4609179) AND (id <= 4609279))

table 4 : explain SELECT id FROM sbtest4 WHERE id BETWEEN 4609179 AND 4609279
	Index Only Scan using sbtest4_pkey on sbtest4  (cost=0.43..6.42 rows=99 width=4)
	  Index Cond: ((id >= 4609179) AND (id <= 4609279))

table 5 : explain SELECT id FROM sbtest5 WHERE id BETWEEN 4609179 AND 4609279
	Index Only Scan using sbtest5_pkey on sbtest5  (cost=0.43..6.40 rows=98 width=4)
	  Index Cond: ((id >= 4609179) AND (id <= 4609279))

table 6 : explain SELECT id FROM sbtest6 WHERE id BETWEEN 4609179 AND 4609279
	Index Only Scan using sbtest6_pkey on sbtest6  (cost=0.43..6.37 rows=97 width=4)
	  Index Cond: ((id >= 4609179) AND (id <= 4609279))

table 7 : explain SELECT id FROM sbtest7 WHERE id BETWEEN 4609179 AND 4609279
	Index Only Scan using sbtest7_pkey on sbtest7  (cost=0.43..10.65 rows=111 width=4)
	  Index Cond: ((id >= 4609179) AND (id <= 4609279))

table 8 : explain SELECT id FROM sbtest8 WHERE id BETWEEN 4609179 AND 4609279
	Index Only Scan using sbtest8_pkey on sbtest8  (cost=0.43..6.35 rows=96 width=4)
	  Index Cond: ((id >= 4609179) AND (id <= 4609279))

for range-covered
table 1 : explain SELECT id FROM sbtest1 WHERE id BETWEEN 8699592 AND 8699692
	Index Only Scan using sbtest1_pkey on sbtest1  (cost=0.43..6.45 rows=101 width=4)
	  Index Cond: ((id >= 8699592) AND (id <= 8699692))

table 2 : explain SELECT id FROM sbtest2 WHERE id BETWEEN 8699592 AND 8699692
	Index Only Scan using sbtest2_pkey on sbtest2  (cost=0.43..6.61 rows=109 width=4)
	  Index Cond: ((id >= 8699592) AND (id <= 8699692))

table 3 : explain SELECT id FROM sbtest3 WHERE id BETWEEN 8699592 AND 8699692
	Index Only Scan using sbtest3_pkey on sbtest3  (cost=0.43..6.53 rows=105 width=4)
	  Index Cond: ((id >= 8699592) AND (id <= 8699692))

table 4 : explain SELECT id FROM sbtest4 WHERE id BETWEEN 8699592 AND 8699692
	Index Only Scan using sbtest4_pkey on sbtest4  (cost=0.43..6.40 rows=98 width=4)
	  Index Cond: ((id >= 8699592) AND (id <= 8699692))

table 5 : explain SELECT id FROM sbtest5 WHERE id BETWEEN 8699592 AND 8699692
	Index Only Scan using sbtest5_pkey on sbtest5  (cost=0.43..6.42 rows=99 width=4)
	  Index Cond: ((id >= 8699592) AND (id <= 8699692))

table 6 : explain SELECT id FROM sbtest6 WHERE id BETWEEN 8699592 AND 8699692
	Index Only Scan using sbtest6_pkey on sbtest6  (cost=0.43..6.59 rows=108 width=4)
	  Index Cond: ((id >= 8699592) AND (id <= 8699692))

table 7 : explain SELECT id FROM sbtest7 WHERE id BETWEEN 8699592 AND 8699692
	Index Only Scan using sbtest7_pkey on sbtest7  (cost=0.43..10.33 rows=95 width=4)
	  Index Cond: ((id >= 8699592) AND (id <= 8699692))

table 8 : explain SELECT id FROM sbtest8 WHERE id BETWEEN 8699592 AND 8699692
	Index Only Scan using sbtest8_pkey on sbtest8  (cost=0.43..6.47 rows=102 width=4)
	  Index Cond: ((id >= 8699592) AND (id <= 8699692))

explain: for range-covered :: explain SELECT id FROM sbtest%d WHERE id BETWEEN 8699592 AND 8699692

explain: for range-covered :: explain SELECT id FROM sbtest%d WHERE id BETWEEN 3506773 AND 3506873
explain: for range-covered :: explain SELECT id FROM sbtest%d WHERE id BETWEEN 2772497 AND 2772597
explain: for range-covered :: explain SELECT id FROM sbtest%d WHERE id BETWEEN 6011447 AND 6011547
for range-covered
table 1 : explain SELECT id FROM sbtest1 WHERE id BETWEEN 8699592 AND 8699692
	Index Only Scan using sbtest1_pkey on sbtest1  (cost=0.43..6.45 rows=101 width=4)
	  Index Cond: ((id >= 8699592) AND (id <= 8699692))

table 2 : explain SELECT id FROM sbtest2 WHERE id BETWEEN 8699592 AND 8699692
	Index Only Scan using sbtest2_pkey on sbtest2  (cost=0.43..6.61 rows=109 width=4)
	  Index Cond: ((id >= 8699592) AND (id <= 8699692))

table 3 : explain SELECT id FROM sbtest3 WHERE id BETWEEN 8699592 AND 8699692
	Index Only Scan using sbtest3_pkey on sbtest3  (cost=0.43..6.53 rows=105 width=4)
	  Index Cond: ((id >= 8699592) AND (id <= 8699692))

table 4 : explain SELECT id FROM sbtest4 WHERE id BETWEEN 8699592 AND 8699692
	Index Only Scan using sbtest4_pkey on sbtest4  (cost=0.43..6.40 rows=98 width=4)
	  Index Cond: ((id >= 8699592) AND (id <= 8699692))

table 5 : explain SELECT id FROM sbtest5 WHERE id BETWEEN 8699592 AND 8699692
	Index Only Scan using sbtest5_pkey on sbtest5  (cost=0.43..6.42 rows=99 width=4)
	  Index Cond: ((id >= 8699592) AND (id <= 8699692))

table 6 : explain SELECT id FROM sbtest6 WHERE id BETWEEN 8699592 AND 8699692
	Index Only Scan using sbtest6_pkey on sbtest6  (cost=0.43..6.59 rows=108 width=4)
	  Index Cond: ((id >= 8699592) AND (id <= 8699692))

table 7 : explain SELECT id FROM sbtest7 WHERE id BETWEEN 8699592 AND 8699692
	Index Only Scan using sbtest7_pkey on sbtest7  (cost=0.43..10.33 rows=95 width=4)
	  Index Cond: ((id >= 8699592) AND (id <= 8699692))

table 8 : explain SELECT id FROM sbtest8 WHERE id BETWEEN 8699592 AND 8699692
	Index Only Scan using sbtest8_pkey on sbtest8  (cost=0.43..6.47 rows=102 width=4)
	  Index Cond: ((id >= 8699592) AND (id <= 8699692))

explain: for range-covered :: explain SELECT id FROM sbtest%d WHERE id BETWEEN 8699592 AND 8699692
for range-covered
table 1 : explain SELECT id FROM sbtest1 WHERE id BETWEEN 2148981 AND 2149081
	Index Only Scan using sbtest1_pkey on sbtest1  (cost=0.43..6.56 rows=106 width=4)
	  Index Cond: ((id >= 2148981) AND (id <= 2149081))

table 2 : explain SELECT id FROM sbtest2 WHERE id BETWEEN 2148981 AND 2149081
	Index Only Scan using sbtest2_pkey on sbtest2  (cost=0.43..6.58 rows=107 width=4)
	  Index Cond: ((id >= 2148981) AND (id <= 2149081))

table 3 : explain SELECT id FROM sbtest3 WHERE id BETWEEN 2148981 AND 2149081
	Index Only Scan using sbtest3_pkey on sbtest3  (cost=0.43..6.24 rows=90 width=4)
	  Index Cond: ((id >= 2148981) AND (id <= 2149081))

table 4 : explain SELECT id FROM sbtest4 WHERE id BETWEEN 2148981 AND 2149081
	Index Only Scan using sbtest4_pkey on sbtest4  (cost=0.43..6.42 rows=99 width=4)
	  Index Cond: ((id >= 2148981) AND (id <= 2149081))

table 5 : explain SELECT id FROM sbtest5 WHERE id BETWEEN 2148981 AND 2149081
	Index Only Scan using sbtest5_pkey on sbtest5  (cost=0.43..6.72 rows=114 width=4)
	  Index Cond: ((id >= 2148981) AND (id <= 2149081))

table 6 : explain SELECT id FROM sbtest6 WHERE id BETWEEN 2148981 AND 2149081
	Index Only Scan using sbtest6_pkey on sbtest6  (cost=0.43..6.35 rows=96 width=4)
	  Index Cond: ((id >= 2148981) AND (id <= 2149081))

table 7 : explain SELECT id FROM sbtest7 WHERE id BETWEEN 2148981 AND 2149081
	Index Only Scan using sbtest7_pkey on sbtest7  (cost=0.43..10.32 rows=94 width=4)
	  Index Cond: ((id >= 2148981) AND (id <= 2149081))

table 8 : explain SELECT id FROM sbtest8 WHERE id BETWEEN 2148981 AND 2149081
	Index Only Scan using sbtest8_pkey on sbtest8  (cost=0.43..6.63 rows=110 width=4)
	  Index Cond: ((id >= 2148981) AND (id <= 2149081))

for range-covered
table 1 : explain SELECT id FROM sbtest1 WHERE id BETWEEN 8699592 AND 8699692
	Index Only Scan using sbtest1_pkey on sbtest1  (cost=0.43..6.45 rows=101 width=4)
	  Index Cond: ((id >= 8699592) AND (id <= 8699692))

table 2 : explain SELECT id FROM sbtest2 WHERE id BETWEEN 8699592 AND 8699692
	Index Only Scan using sbtest2_pkey on sbtest2  (cost=0.43..6.61 rows=109 width=4)
	  Index Cond: ((id >= 8699592) AND (id <= 8699692))

table 3 : explain SELECT id FROM sbtest3 WHERE id BETWEEN 8699592 AND 8699692
	Index Only Scan using sbtest3_pkey on sbtest3  (cost=0.43..6.53 rows=105 width=4)
	  Index Cond: ((id >= 8699592) AND (id <= 8699692))

table 4 : explain SELECT id FROM sbtest4 WHERE id BETWEEN 8699592 AND 8699692
	Index Only Scan using sbtest4_pkey on sbtest4  (cost=0.43..6.40 rows=98 width=4)
	  Index Cond: ((id >= 8699592) AND (id <= 8699692))

table 5 : explain SELECT id FROM sbtest5 WHERE id BETWEEN 8699592 AND 8699692
	Index Only Scan using sbtest5_pkey on sbtest5  (cost=0.43..6.42 rows=99 width=4)
	  Index Cond: ((id >= 8699592) AND (id <= 8699692))

table 6 : explain SELECT id FROM sbtest6 WHERE id BETWEEN 8699592 AND 8699692
	Index Only Scan using sbtest6_pkey on sbtest6  (cost=0.43..6.59 rows=108 width=4)
	  Index Cond: ((id >= 8699592) AND (id <= 8699692))

table 7 : explain SELECT id FROM sbtest7 WHERE id BETWEEN 8699592 AND 8699692
	Index Only Scan using sbtest7_pkey on sbtest7  (cost=0.43..10.33 rows=95 width=4)
	  Index Cond: ((id >= 8699592) AND (id <= 8699692))

table 8 : explain SELECT id FROM sbtest8 WHERE id BETWEEN 8699592 AND 8699692
	Index Only Scan using sbtest8_pkey on sbtest8  (cost=0.43..6.47 rows=102 width=4)
	  Index Cond: ((id >= 8699592) AND (id <= 8699692))

explain: for range-covered :: explain SELECT id FROM sbtest%d WHERE id BETWEEN 2148981 AND 2149081
explain: for range-covered :: explain SELECT id FROM sbtest%d WHERE id BETWEEN 8699592 AND 8699692
explain: for range-covered :: explain SELECT id FROM sbtest%d WHERE id BETWEEN 4609179 AND 4609279
for range-covered
table 1 : explain SELECT id FROM sbtest1 WHERE id BETWEEN 8699592 AND 8699692
	Index Only Scan using sbtest1_pkey on sbtest1  (cost=0.43..6.45 rows=101 width=4)
	  Index Cond: ((id >= 8699592) AND (id <= 8699692))

table 2 : explain SELECT id FROM sbtest2 WHERE id BETWEEN 8699592 AND 8699692
	Index Only Scan using sbtest2_pkey on sbtest2  (cost=0.43..6.61 rows=109 width=4)
	  Index Cond: ((id >= 8699592) AND (id <= 8699692))

table 3 : explain SELECT id FROM sbtest3 WHERE id BETWEEN 8699592 AND 8699692
	Index Only Scan using sbtest3_pkey on sbtest3  (cost=0.43..6.53 rows=105 width=4)
	  Index Cond: ((id >= 8699592) AND (id <= 8699692))

table 4 : explain SELECT id FROM sbtest4 WHERE id BETWEEN 8699592 AND 8699692
	Index Only Scan using sbtest4_pkey on sbtest4  (cost=0.43..6.40 rows=98 width=4)
	  Index Cond: ((id >= 8699592) AND (id <= 8699692))

table 5 : explain SELECT id FROM sbtest5 WHERE id BETWEEN 8699592 AND 8699692
	Index Only Scan using sbtest5_pkey on sbtest5  (cost=0.43..6.42 rows=99 width=4)
	  Index Cond: ((id >= 8699592) AND (id <= 8699692))

table 6 : explain SELECT id FROM sbtest6 WHERE id BETWEEN 8699592 AND 8699692
	Index Only Scan using sbtest6_pkey on sbtest6  (cost=0.43..6.59 rows=108 width=4)
	  Index Cond: ((id >= 8699592) AND (id <= 8699692))

table 7 : explain SELECT id FROM sbtest7 WHERE id BETWEEN 8699592 AND 8699692
	Index Only Scan using sbtest7_pkey on sbtest7  (cost=0.43..10.33 rows=95 width=4)
	  Index Cond: ((id >= 8699592) AND (id <= 8699692))

table 8 : explain SELECT id FROM sbtest8 WHERE id BETWEEN 8699592 AND 8699692
	Index Only Scan using sbtest8_pkey on sbtest8  (cost=0.43..6.47 rows=102 width=4)
	  Index Cond: ((id >= 8699592) AND (id <= 8699692))

for range-covered
table 1 : explain SELECT id FROM sbtest1 WHERE id BETWEEN 4874442 AND 4874542
	Index Only Scan using sbtest1_pkey on sbtest1  (cost=0.43..6.37 rows=97 width=4)
	  Index Cond: ((id >= 4874442) AND (id <= 4874542))

table 2 : explain SELECT id FROM sbtest2 WHERE id BETWEEN 4874442 AND 4874542
	Index Only Scan using sbtest2_pkey on sbtest2  (cost=0.43..6.42 rows=99 width=4)
	  Index Cond: ((id >= 4874442) AND (id <= 4874542))

table 3 : explain SELECT id FROM sbtest3 WHERE id BETWEEN 4874442 AND 4874542
	Index Only Scan using sbtest3_pkey on sbtest3  (cost=0.43..6.50 rows=103 width=4)
	  Index Cond: ((id >= 4874442) AND (id <= 4874542))

table 4 : explain SELECT id FROM sbtest4 WHERE id BETWEEN 4874442 AND 4874542
	Index Only Scan using sbtest4_pkey on sbtest4  (cost=0.43..6.27 rows=92 width=4)
	  Index Cond: ((id >= 4874442) AND (id <= 4874542))

table 5 : explain SELECT id FROM sbtest5 WHERE id BETWEEN 4874442 AND 4874542
	Index Only Scan using sbtest5_pkey on sbtest5  (cost=0.43..6.35 rows=96 width=4)
	  Index Cond: ((id >= 4874442) AND (id <= 4874542))

table 6 : explain SELECT id FROM sbtest6 WHERE id BETWEEN 4874442 AND 4874542
	Index Only Scan using sbtest6_pkey on sbtest6  (cost=0.43..6.40 rows=98 width=4)
	  Index Cond: ((id >= 4874442) AND (id <= 4874542))

table 7 : explain SELECT id FROM sbtest7 WHERE id BETWEEN 4874442 AND 4874542
	Index Only Scan using sbtest7_pkey on sbtest7  (cost=0.43..10.40 rows=98 width=4)
	  Index Cond: ((id >= 4874442) AND (id <= 4874542))

table 8 : explain SELECT id FROM sbtest8 WHERE id BETWEEN 4874442 AND 4874542
	Index Only Scan using sbtest8_pkey on sbtest8  (cost=0.43..6.47 rows=102 width=4)
	  Index Cond: ((id >= 4874442) AND (id <= 4874542))

explain: for range-covered :: explain SELECT id FROM sbtest%d WHERE id BETWEEN 8699592 AND 8699692
explain: for range-covered :: explain SELECT id FROM sbtest%d WHERE id BETWEEN 4874442 AND 4874542
for range-covered
table 1 : explain SELECT id FROM sbtest1 WHERE id BETWEEN 2148981 AND 2149081
	Index Only Scan using sbtest1_pkey on sbtest1  (cost=0.43..6.56 rows=106 width=4)
	  Index Cond: ((id >= 2148981) AND (id <= 2149081))

table 2 : explain SELECT id FROM sbtest2 WHERE id BETWEEN 2148981 AND 2149081
	Index Only Scan using sbtest2_pkey on sbtest2  (cost=0.43..6.58 rows=107 width=4)
	  Index Cond: ((id >= 2148981) AND (id <= 2149081))

table 3 : explain SELECT id FROM sbtest3 WHERE id BETWEEN 2148981 AND 2149081
	Index Only Scan using sbtest3_pkey on sbtest3  (cost=0.43..6.24 rows=90 width=4)
	  Index Cond: ((id >= 2148981) AND (id <= 2149081))

table 4 : explain SELECT id FROM sbtest4 WHERE id BETWEEN 2148981 AND 2149081
	Index Only Scan using sbtest4_pkey on sbtest4  (cost=0.43..6.42 rows=99 width=4)
	  Index Cond: ((id >= 2148981) AND (id <= 2149081))

table 5 : explain SELECT id FROM sbtest5 WHERE id BETWEEN 2148981 AND 2149081
	Index Only Scan using sbtest5_pkey on sbtest5  (cost=0.43..6.72 rows=114 width=4)
	  Index Cond: ((id >= 2148981) AND (id <= 2149081))

table 6 : explain SELECT id FROM sbtest6 WHERE id BETWEEN 2148981 AND 2149081
	Index Only Scan using sbtest6_pkey on sbtest6  (cost=0.43..6.35 rows=96 width=4)
	  Index Cond: ((id >= 2148981) AND (id <= 2149081))

table 7 : explain SELECT id FROM sbtest7 WHERE id BETWEEN 2148981 AND 2149081
	Index Only Scan using sbtest7_pkey on sbtest7  (cost=0.43..10.32 rows=94 width=4)
	  Index Cond: ((id >= 2148981) AND (id <= 2149081))

table 8 : explain SELECT id FROM sbtest8 WHERE id BETWEEN 2148981 AND 2149081
	Index Only Scan using sbtest8_pkey on sbtest8  (cost=0.43..6.63 rows=110 width=4)
	  Index Cond: ((id >= 2148981) AND (id <= 2149081))

explain: for range-covered :: explain SELECT id FROM sbtest%d WHERE id BETWEEN 2148981 AND 2149081
for range-covered
table 1 : explain SELECT id FROM sbtest1 WHERE id BETWEEN 3506773 AND 3506873
	Index Only Scan using sbtest1_pkey on sbtest1  (cost=0.43..6.35 rows=96 width=4)
	  Index Cond: ((id >= 3506773) AND (id <= 3506873))

table 2 : explain SELECT id FROM sbtest2 WHERE id BETWEEN 3506773 AND 3506873
	Index Only Scan using sbtest2_pkey on sbtest2  (cost=0.43..6.43 rows=100 width=4)
	  Index Cond: ((id >= 3506773) AND (id <= 3506873))

table 3 : explain SELECT id FROM sbtest3 WHERE id BETWEEN 3506773 AND 3506873
	Index Only Scan using sbtest3_pkey on sbtest3  (cost=0.43..6.51 rows=104 width=4)
	  Index Cond: ((id >= 3506773) AND (id <= 3506873))

table 4 : explain SELECT id FROM sbtest4 WHERE id BETWEEN 3506773 AND 3506873
	Index Only Scan using sbtest4_pkey on sbtest4  (cost=0.43..6.43 rows=100 width=4)
	  Index Cond: ((id >= 3506773) AND (id <= 3506873))

table 5 : explain SELECT id FROM sbtest5 WHERE id BETWEEN 3506773 AND 3506873
	Index Only Scan using sbtest5_pkey on sbtest5  (cost=0.43..6.66 rows=111 width=4)
	  Index Cond: ((id >= 3506773) AND (id <= 3506873))

table 6 : explain SELECT id FROM sbtest6 WHERE id BETWEEN 3506773 AND 3506873
	Index Only Scan using sbtest6_pkey on sbtest6  (cost=0.43..6.35 rows=96 width=4)
	  Index Cond: ((id >= 3506773) AND (id <= 3506873))

table 7 : explain SELECT id FROM sbtest7 WHERE id BETWEEN 3506773 AND 3506873
	Index Only Scan using sbtest7_pkey on sbtest7  (cost=0.43..10.56 rows=106 width=4)
	  Index Cond: ((id >= 3506773) AND (id <= 3506873))

table 8 : explain SELECT id FROM sbtest8 WHERE id BETWEEN 3506773 AND 3506873
	Index Only Scan using sbtest8_pkey on sbtest8  (cost=0.43..6.42 rows=99 width=4)
	  Index Cond: ((id >= 3506773) AND (id <= 3506873))

for range-covered
table 1 : explain SELECT id FROM sbtest1 WHERE id BETWEEN 2772497 AND 2772597
	Index Only Scan using sbtest1_pkey on sbtest1  (cost=0.43..6.21 rows=89 width=4)
	  Index Cond: ((id >= 2772497) AND (id <= 2772597))

table 2 : explain SELECT id FROM sbtest2 WHERE id BETWEEN 2772497 AND 2772597
	Index Only Scan using sbtest2_pkey on sbtest2  (cost=0.43..6.35 rows=96 width=4)
	  Index Cond: ((id >= 2772497) AND (id <= 2772597))

table 3 : explain SELECT id FROM sbtest3 WHERE id BETWEEN 2772497 AND 2772597
	Index Only Scan using sbtest3_pkey on sbtest3  (cost=0.43..6.66 rows=111 width=4)
	  Index Cond: ((id >= 2772497) AND (id <= 2772597))

table 4 : explain SELECT id FROM sbtest4 WHERE id BETWEEN 2772497 AND 2772597
	Index Only Scan using sbtest4_pkey on sbtest4  (cost=0.43..6.35 rows=96 width=4)
	  Index Cond: ((id >= 2772497) AND (id <= 2772597))

table 5 : explain SELECT id FROM sbtest5 WHERE id BETWEEN 2772497 AND 2772597
	Index Only Scan using sbtest5_pkey on sbtest5  (cost=0.43..6.47 rows=102 width=4)
	  Index Cond: ((id >= 2772497) AND (id <= 2772597))

table 6 : explain SELECT id FROM sbtest6 WHERE id BETWEEN 2772497 AND 2772597
	Index Only Scan using sbtest6_pkey on sbtest6  (cost=0.43..6.51 rows=104 width=4)
	  Index Cond: ((id >= 2772497) AND (id <= 2772597))

table 7 : explain SELECT id FROM sbtest7 WHERE id BETWEEN 2772497 AND 2772597
	Index Only Scan using sbtest7_pkey on sbtest7  (cost=0.43..10.36 rows=96 width=4)
	  Index Cond: ((id >= 2772497) AND (id <= 2772597))

table 8 : explain SELECT id FROM sbtest8 WHERE id BETWEEN 2772497 AND 2772597
	Index Only Scan using sbtest8_pkey on sbtest8  (cost=0.43..6.45 rows=101 width=4)
	  Index Cond: ((id >= 2772497) AND (id <= 2772597))

explain: for range-covered :: explain SELECT id FROM sbtest%d WHERE id BETWEEN 3506773 AND 3506873
for range-covered
table 1 : explain SELECT id FROM sbtest1 WHERE id BETWEEN 8699592 AND 8699692
	Index Only Scan using sbtest1_pkey on sbtest1  (cost=0.43..6.45 rows=101 width=4)
	  Index Cond: ((id >= 8699592) AND (id <= 8699692))

table 2 : explain SELECT id FROM sbtest2 WHERE id BETWEEN 8699592 AND 8699692
	Index Only Scan using sbtest2_pkey on sbtest2  (cost=0.43..6.61 rows=109 width=4)
	  Index Cond: ((id >= 8699592) AND (id <= 8699692))

table 3 : explain SELECT id FROM sbtest3 WHERE id BETWEEN 8699592 AND 8699692
	Index Only Scan using sbtest3_pkey on sbtest3  (cost=0.43..6.53 rows=105 width=4)
	  Index Cond: ((id >= 8699592) AND (id <= 8699692))

table 4 : explain SELECT id FROM sbtest4 WHERE id BETWEEN 8699592 AND 8699692
	Index Only Scan using sbtest4_pkey on sbtest4  (cost=0.43..6.40 rows=98 width=4)
	  Index Cond: ((id >= 8699592) AND (id <= 8699692))

table 5 : explain SELECT id FROM sbtest5 WHERE id BETWEEN 8699592 AND 8699692
	Index Only Scan using sbtest5_pkey on sbtest5  (cost=0.43..6.42 rows=99 width=4)
	  Index Cond: ((id >= 8699592) AND (id <= 8699692))

table 6 : explain SELECT id FROM sbtest6 WHERE id BETWEEN 8699592 AND 8699692
	Index Only Scan using sbtest6_pkey on sbtest6  (cost=0.43..6.59 rows=108 width=4)
	  Index Cond: ((id >= 8699592) AND (id <= 8699692))

table 7 : explain SELECT id FROM sbtest7 WHERE id BETWEEN 8699592 AND 8699692
	Index Only Scan using sbtest7_pkey on sbtest7  (cost=0.43..10.33 rows=95 width=4)
	  Index Cond: ((id >= 8699592) AND (id <= 8699692))

table 8 : explain SELECT id FROM sbtest8 WHERE id BETWEEN 8699592 AND 8699692
	Index Only Scan using sbtest8_pkey on sbtest8  (cost=0.43..6.47 rows=102 width=4)
	  Index Cond: ((id >= 8699592) AND (id <= 8699692))

for range-covered
table 1 : explain SELECT id FROM sbtest1 WHERE id BETWEEN 4874442 AND 4874542
	Index Only Scan using sbtest1_pkey on sbtest1  (cost=0.43..6.37 rows=97 width=4)
	  Index Cond: ((id >= 4874442) AND (id <= 4874542))

table 2 : explain SELECT id FROM sbtest2 WHERE id BETWEEN 4874442 AND 4874542
	Index Only Scan using sbtest2_pkey on sbtest2  (cost=0.43..6.42 rows=99 width=4)
	  Index Cond: ((id >= 4874442) AND (id <= 4874542))

table 3 : explain SELECT id FROM sbtest3 WHERE id BETWEEN 4874442 AND 4874542
	Index Only Scan using sbtest3_pkey on sbtest3  (cost=0.43..6.50 rows=103 width=4)
	  Index Cond: ((id >= 4874442) AND (id <= 4874542))

table 4 : explain SELECT id FROM sbtest4 WHERE id BETWEEN 4874442 AND 4874542
	Index Only Scan using sbtest4_pkey on sbtest4  (cost=0.43..6.27 rows=92 width=4)
	  Index Cond: ((id >= 4874442) AND (id <= 4874542))

table 5 : explain SELECT id FROM sbtest5 WHERE id BETWEEN 4874442 AND 4874542
	Index Only Scan using sbtest5_pkey on sbtest5  (cost=0.43..6.35 rows=96 width=4)
	  Index Cond: ((id >= 4874442) AND (id <= 4874542))

table 6 : explain SELECT id FROM sbtest6 WHERE id BETWEEN 4874442 AND 4874542
	Index Only Scan using sbtest6_pkey on sbtest6  (cost=0.43..6.40 rows=98 width=4)
	  Index Cond: ((id >= 4874442) AND (id <= 4874542))

table 7 : explain SELECT id FROM sbtest7 WHERE id BETWEEN 4874442 AND 4874542
	Index Only Scan using sbtest7_pkey on sbtest7  (cost=0.43..10.40 rows=98 width=4)
	  Index Cond: ((id >= 4874442) AND (id <= 4874542))

table 8 : explain SELECT id FROM sbtest8 WHERE id BETWEEN 4874442 AND 4874542
	Index Only Scan using sbtest8_pkey on sbtest8  (cost=0.43..6.47 rows=102 width=4)
	  Index Cond: ((id >= 4874442) AND (id <= 4874542))

explain: for range-covered :: explain SELECT id FROM sbtest%d WHERE id BETWEEN 2772497 AND 2772597
explain: for range-covered :: explain SELECT id FROM sbtest%d WHERE id BETWEEN 8699592 AND 8699692
explain: for range-covered :: explain SELECT id FROM sbtest%d WHERE id BETWEEN 4874442 AND 4874542
for range-covered
table 1 : explain SELECT id FROM sbtest1 WHERE id BETWEEN 4609179 AND 4609279
	Index Only Scan using sbtest1_pkey on sbtest1  (cost=0.43..6.59 rows=108 width=4)
	  Index Cond: ((id >= 4609179) AND (id <= 4609279))

table 2 : explain SELECT id FROM sbtest2 WHERE id BETWEEN 4609179 AND 4609279
	Index Only Scan using sbtest2_pkey on sbtest2  (cost=0.43..6.63 rows=110 width=4)
	  Index Cond: ((id >= 4609179) AND (id <= 4609279))

table 3 : explain SELECT id FROM sbtest3 WHERE id BETWEEN 4609179 AND 4609279
	Index Only Scan using sbtest3_pkey on sbtest3  (cost=0.43..6.35 rows=96 width=4)
	  Index Cond: ((id >= 4609179) AND (id <= 4609279))

table 4 : explain SELECT id FROM sbtest4 WHERE id BETWEEN 4609179 AND 4609279
	Index Only Scan using sbtest4_pkey on sbtest4  (cost=0.43..6.42 rows=99 width=4)
	  Index Cond: ((id >= 4609179) AND (id <= 4609279))

table 5 : explain SELECT id FROM sbtest5 WHERE id BETWEEN 4609179 AND 4609279
	Index Only Scan using sbtest5_pkey on sbtest5  (cost=0.43..6.40 rows=98 width=4)
	  Index Cond: ((id >= 4609179) AND (id <= 4609279))

table 6 : explain SELECT id FROM sbtest6 WHERE id BETWEEN 4609179 AND 4609279
	Index Only Scan using sbtest6_pkey on sbtest6  (cost=0.43..6.37 rows=97 width=4)
	  Index Cond: ((id >= 4609179) AND (id <= 4609279))

table 7 : explain SELECT id FROM sbtest7 WHERE id BETWEEN 4609179 AND 4609279
	Index Only Scan using sbtest7_pkey on sbtest7  (cost=0.43..10.65 rows=111 width=4)
	  Index Cond: ((id >= 4609179) AND (id <= 4609279))

table 8 : explain SELECT id FROM sbtest8 WHERE id BETWEEN 4609179 AND 4609279
	Index Only Scan using sbtest8_pkey on sbtest8  (cost=0.43..6.35 rows=96 width=4)
	  Index Cond: ((id >= 4609179) AND (id <= 4609279))

for range-covered
table 1 : explain SELECT id FROM sbtest1 WHERE id BETWEEN 8699592 AND 8699692
	Index Only Scan using sbtest1_pkey on sbtest1  (cost=0.43..6.45 rows=101 width=4)
	  Index Cond: ((id >= 8699592) AND (id <= 8699692))

table 2 : explain SELECT id FROM sbtest2 WHERE id BETWEEN 8699592 AND 8699692
	Index Only Scan using sbtest2_pkey on sbtest2  (cost=0.43..6.61 rows=109 width=4)
	  Index Cond: ((id >= 8699592) AND (id <= 8699692))

table 3 : explain SELECT id FROM sbtest3 WHERE id BETWEEN 8699592 AND 8699692
	Index Only Scan using sbtest3_pkey on sbtest3  (cost=0.43..6.53 rows=105 width=4)
	  Index Cond: ((id >= 8699592) AND (id <= 8699692))

table 4 : explain SELECT id FROM sbtest4 WHERE id BETWEEN 8699592 AND 8699692
	Index Only Scan using sbtest4_pkey on sbtest4  (cost=0.43..6.40 rows=98 width=4)
	  Index Cond: ((id >= 8699592) AND (id <= 8699692))

table 5 : explain SELECT id FROM sbtest5 WHERE id BETWEEN 8699592 AND 8699692
	Index Only Scan using sbtest5_pkey on sbtest5  (cost=0.43..6.42 rows=99 width=4)
	  Index Cond: ((id >= 8699592) AND (id <= 8699692))

table 6 : explain SELECT id FROM sbtest6 WHERE id BETWEEN 8699592 AND 8699692
	Index Only Scan using sbtest6_pkey on sbtest6  (cost=0.43..6.59 rows=108 width=4)
	  Index Cond: ((id >= 8699592) AND (id <= 8699692))

table 7 : explain SELECT id FROM sbtest7 WHERE id BETWEEN 8699592 AND 8699692
	Index Only Scan using sbtest7_pkey on sbtest7  (cost=0.43..10.33 rows=95 width=4)
	  Index Cond: ((id >= 8699592) AND (id <= 8699692))

table 8 : explain SELECT id FROM sbtest8 WHERE id BETWEEN 8699592 AND 8699692
	Index Only Scan using sbtest8_pkey on sbtest8  (cost=0.43..6.47 rows=102 width=4)
	  Index Cond: ((id >= 8699592) AND (id <= 8699692))

explain: for range-covered :: explain SELECT id FROM sbtest%d WHERE id BETWEEN 8699592 AND 8699692
for range-covered
table 1 : explain SELECT id FROM sbtest1 WHERE id BETWEEN 2772497 AND 2772597
	Index Only Scan using sbtest1_pkey on sbtest1  (cost=0.43..6.21 rows=89 width=4)
	  Index Cond: ((id >= 2772497) AND (id <= 2772597))

table 2 : explain SELECT id FROM sbtest2 WHERE id BETWEEN 2772497 AND 2772597
	Index Only Scan using sbtest2_pkey on sbtest2  (cost=0.43..6.35 rows=96 width=4)
	  Index Cond: ((id >= 2772497) AND (id <= 2772597))

table 3 : explain SELECT id FROM sbtest3 WHERE id BETWEEN 2772497 AND 2772597
	Index Only Scan using sbtest3_pkey on sbtest3  (cost=0.43..6.66 rows=111 width=4)
	  Index Cond: ((id >= 2772497) AND (id <= 2772597))

table 4 : explain SELECT id FROM sbtest4 WHERE id BETWEEN 2772497 AND 2772597
	Index Only Scan using sbtest4_pkey on sbtest4  (cost=0.43..6.35 rows=96 width=4)
	  Index Cond: ((id >= 2772497) AND (id <= 2772597))

table 5 : explain SELECT id FROM sbtest5 WHERE id BETWEEN 2772497 AND 2772597
	Index Only Scan using sbtest5_pkey on sbtest5  (cost=0.43..6.47 rows=102 width=4)
	  Index Cond: ((id >= 2772497) AND (id <= 2772597))

table 6 : explain SELECT id FROM sbtest6 WHERE id BETWEEN 2772497 AND 2772597
	Index Only Scan using sbtest6_pkey on sbtest6  (cost=0.43..6.51 rows=104 width=4)
	  Index Cond: ((id >= 2772497) AND (id <= 2772597))

table 7 : explain SELECT id FROM sbtest7 WHERE id BETWEEN 2772497 AND 2772597
	Index Only Scan using sbtest7_pkey on sbtest7  (cost=0.43..10.36 rows=96 width=4)
	  Index Cond: ((id >= 2772497) AND (id <= 2772597))

table 8 : explain SELECT id FROM sbtest8 WHERE id BETWEEN 2772497 AND 2772597
	Index Only Scan using sbtest8_pkey on sbtest8  (cost=0.43..6.45 rows=101 width=4)
	  Index Cond: ((id >= 2772497) AND (id <= 2772597))

for range-covered
table 1 : explain SELECT id FROM sbtest1 WHERE id BETWEEN 4874442 AND 4874542
	Index Only Scan using sbtest1_pkey on sbtest1  (cost=0.43..6.37 rows=97 width=4)
	  Index Cond: ((id >= 4874442) AND (id <= 4874542))

table 2 : explain SELECT id FROM sbtest2 WHERE id BETWEEN 4874442 AND 4874542
	Index Only Scan using sbtest2_pkey on sbtest2  (cost=0.43..6.42 rows=99 width=4)
	  Index Cond: ((id >= 4874442) AND (id <= 4874542))

table 3 : explain SELECT id FROM sbtest3 WHERE id BETWEEN 4874442 AND 4874542
	Index Only Scan using sbtest3_pkey on sbtest3  (cost=0.43..6.50 rows=103 width=4)
	  Index Cond: ((id >= 4874442) AND (id <= 4874542))

table 4 : explain SELECT id FROM sbtest4 WHERE id BETWEEN 4874442 AND 4874542
	Index Only Scan using sbtest4_pkey on sbtest4  (cost=0.43..6.27 rows=92 width=4)
	  Index Cond: ((id >= 4874442) AND (id <= 4874542))

table 5 : explain SELECT id FROM sbtest5 WHERE id BETWEEN 4874442 AND 4874542
	Index Only Scan using sbtest5_pkey on sbtest5  (cost=0.43..6.35 rows=96 width=4)
	  Index Cond: ((id >= 4874442) AND (id <= 4874542))

table 6 : explain SELECT id FROM sbtest6 WHERE id BETWEEN 4874442 AND 4874542
	Index Only Scan using sbtest6_pkey on sbtest6  (cost=0.43..6.40 rows=98 width=4)
	  Index Cond: ((id >= 4874442) AND (id <= 4874542))

table 7 : explain SELECT id FROM sbtest7 WHERE id BETWEEN 4874442 AND 4874542
	Index Only Scan using sbtest7_pkey on sbtest7  (cost=0.43..10.40 rows=98 width=4)
	  Index Cond: ((id >= 4874442) AND (id <= 4874542))

table 8 : explain SELECT id FROM sbtest8 WHERE id BETWEEN 4874442 AND 4874542
	Index Only Scan using sbtest8_pkey on sbtest8  (cost=0.43..6.47 rows=102 width=4)
	  Index Cond: ((id >= 4874442) AND (id <= 4874542))

explain: for range-covered :: explain SELECT id FROM sbtest%d WHERE id BETWEEN 4609179 AND 4609279
explain: for range-covered :: explain SELECT id FROM sbtest%d WHERE id BETWEEN 2772497 AND 2772597
explain: for range-covered :: explain SELECT id FROM sbtest%d WHERE id BETWEEN 2557763 AND 2557863
explain: for range-covered :: explain SELECT id FROM sbtest%d WHERE id BETWEEN 4874442 AND 4874542
for range-covered
table 1 : explain SELECT id FROM sbtest1 WHERE id BETWEEN 3506773 AND 3506873
	Index Only Scan using sbtest1_pkey on sbtest1  (cost=0.43..6.35 rows=96 width=4)
	  Index Cond: ((id >= 3506773) AND (id <= 3506873))

table 2 : explain SELECT id FROM sbtest2 WHERE id BETWEEN 3506773 AND 3506873
	Index Only Scan using sbtest2_pkey on sbtest2  (cost=0.43..6.43 rows=100 width=4)
	  Index Cond: ((id >= 3506773) AND (id <= 3506873))

table 3 : explain SELECT id FROM sbtest3 WHERE id BETWEEN 3506773 AND 3506873
	Index Only Scan using sbtest3_pkey on sbtest3  (cost=0.43..6.51 rows=104 width=4)
	  Index Cond: ((id >= 3506773) AND (id <= 3506873))

table 4 : explain SELECT id FROM sbtest4 WHERE id BETWEEN 3506773 AND 3506873
	Index Only Scan using sbtest4_pkey on sbtest4  (cost=0.43..6.43 rows=100 width=4)
	  Index Cond: ((id >= 3506773) AND (id <= 3506873))

table 5 : explain SELECT id FROM sbtest5 WHERE id BETWEEN 3506773 AND 3506873
	Index Only Scan using sbtest5_pkey on sbtest5  (cost=0.43..6.66 rows=111 width=4)
	  Index Cond: ((id >= 3506773) AND (id <= 3506873))

table 6 : explain SELECT id FROM sbtest6 WHERE id BETWEEN 3506773 AND 3506873
	Index Only Scan using sbtest6_pkey on sbtest6  (cost=0.43..6.35 rows=96 width=4)
	  Index Cond: ((id >= 3506773) AND (id <= 3506873))

table 7 : explain SELECT id FROM sbtest7 WHERE id BETWEEN 3506773 AND 3506873
	Index Only Scan using sbtest7_pkey on sbtest7  (cost=0.43..10.56 rows=106 width=4)
	  Index Cond: ((id >= 3506773) AND (id <= 3506873))

table 8 : explain SELECT id FROM sbtest8 WHERE id BETWEEN 3506773 AND 3506873
	Index Only Scan using sbtest8_pkey on sbtest8  (cost=0.43..6.42 rows=99 width=4)
	  Index Cond: ((id >= 3506773) AND (id <= 3506873))

for range-covered
table 1 : explain SELECT id FROM sbtest1 WHERE id BETWEEN 7112853 AND 7112953
	Index Only Scan using sbtest1_pkey on sbtest1  (cost=0.43..6.43 rows=100 width=4)
	  Index Cond: ((id >= 7112853) AND (id <= 7112953))

table 2 : explain SELECT id FROM sbtest2 WHERE id BETWEEN 7112853 AND 7112953
	Index Only Scan using sbtest2_pkey on sbtest2  (cost=0.43..6.42 rows=99 width=4)
	  Index Cond: ((id >= 7112853) AND (id <= 7112953))

table 3 : explain SELECT id FROM sbtest3 WHERE id BETWEEN 7112853 AND 7112953
	Index Only Scan using sbtest3_pkey on sbtest3  (cost=0.43..6.40 rows=98 width=4)
	  Index Cond: ((id >= 7112853) AND (id <= 7112953))

table 4 : explain SELECT id FROM sbtest4 WHERE id BETWEEN 7112853 AND 7112953
	Index Only Scan using sbtest4_pkey on sbtest4  (cost=0.43..6.42 rows=99 width=4)
	  Index Cond: ((id >= 7112853) AND (id <= 7112953))

table 5 : explain SELECT id FROM sbtest5 WHERE id BETWEEN 7112853 AND 7112953
	Index Only Scan using sbtest5_pkey on sbtest5  (cost=0.43..6.27 rows=92 width=4)
	  Index Cond: ((id >= 7112853) AND (id <= 7112953))

table 6 : explain SELECT id FROM sbtest6 WHERE id BETWEEN 7112853 AND 7112953
	Index Only Scan using sbtest6_pkey on sbtest6  (cost=0.43..6.50 rows=103 width=4)
	  Index Cond: ((id >= 7112853) AND (id <= 7112953))

table 7 : explain SELECT id FROM sbtest7 WHERE id BETWEEN 7112853 AND 7112953
	Index Only Scan using sbtest7_pkey on sbtest7  (cost=0.43..10.33 rows=95 width=4)
	  Index Cond: ((id >= 7112853) AND (id <= 7112953))

table 8 : explain SELECT id FROM sbtest8 WHERE id BETWEEN 7112853 AND 7112953
	Index Only Scan using sbtest8_pkey on sbtest8  (cost=0.43..6.25 rows=91 width=4)
	  Index Cond: ((id >= 7112853) AND (id <= 7112953))

explain: for range-covered :: explain SELECT id FROM sbtest%d WHERE id BETWEEN 3506773 AND 3506873
explain: for range-covered :: explain SELECT id FROM sbtest%d WHERE id BETWEEN 7112853 AND 7112953
for range-covered
table 1 : explain SELECT id FROM sbtest1 WHERE id BETWEEN 2148981 AND 2149081
	Index Only Scan using sbtest1_pkey on sbtest1  (cost=0.43..6.56 rows=106 width=4)
	  Index Cond: ((id >= 2148981) AND (id <= 2149081))

table 2 : explain SELECT id FROM sbtest2 WHERE id BETWEEN 2148981 AND 2149081
	Index Only Scan using sbtest2_pkey on sbtest2  (cost=0.43..6.58 rows=107 width=4)
	  Index Cond: ((id >= 2148981) AND (id <= 2149081))

table 3 : explain SELECT id FROM sbtest3 WHERE id BETWEEN 2148981 AND 2149081
	Index Only Scan using sbtest3_pkey on sbtest3  (cost=0.43..6.24 rows=90 width=4)
	  Index Cond: ((id >= 2148981) AND (id <= 2149081))

table 4 : explain SELECT id FROM sbtest4 WHERE id BETWEEN 2148981 AND 2149081
	Index Only Scan using sbtest4_pkey on sbtest4  (cost=0.43..6.42 rows=99 width=4)
	  Index Cond: ((id >= 2148981) AND (id <= 2149081))

table 5 : explain SELECT id FROM sbtest5 WHERE id BETWEEN 2148981 AND 2149081
	Index Only Scan using sbtest5_pkey on sbtest5  (cost=0.43..6.72 rows=114 width=4)
	  Index Cond: ((id >= 2148981) AND (id <= 2149081))

table 6 : explain SELECT id FROM sbtest6 WHERE id BETWEEN 2148981 AND 2149081
	Index Only Scan using sbtest6_pkey on sbtest6  (cost=0.43..6.35 rows=96 width=4)
	  Index Cond: ((id >= 2148981) AND (id <= 2149081))

table 7 : explain SELECT id FROM sbtest7 WHERE id BETWEEN 2148981 AND 2149081
	Index Only Scan using sbtest7_pkey on sbtest7  (cost=0.43..10.32 rows=94 width=4)
	  Index Cond: ((id >= 2148981) AND (id <= 2149081))

table 8 : explain SELECT id FROM sbtest8 WHERE id BETWEEN 2148981 AND 2149081
	Index Only Scan using sbtest8_pkey on sbtest8  (cost=0.43..6.63 rows=110 width=4)
	  Index Cond: ((id >= 2148981) AND (id <= 2149081))

for range-covered
table 1 : explain SELECT id FROM sbtest1 WHERE id BETWEEN 4874442 AND 4874542
	Index Only Scan using sbtest1_pkey on sbtest1  (cost=0.43..6.37 rows=97 width=4)
	  Index Cond: ((id >= 4874442) AND (id <= 4874542))

table 2 : explain SELECT id FROM sbtest2 WHERE id BETWEEN 4874442 AND 4874542
	Index Only Scan using sbtest2_pkey on sbtest2  (cost=0.43..6.42 rows=99 width=4)
	  Index Cond: ((id >= 4874442) AND (id <= 4874542))

table 3 : explain SELECT id FROM sbtest3 WHERE id BETWEEN 4874442 AND 4874542
	Index Only Scan using sbtest3_pkey on sbtest3  (cost=0.43..6.50 rows=103 width=4)
	  Index Cond: ((id >= 4874442) AND (id <= 4874542))

table 4 : explain SELECT id FROM sbtest4 WHERE id BETWEEN 4874442 AND 4874542
	Index Only Scan using sbtest4_pkey on sbtest4  (cost=0.43..6.27 rows=92 width=4)
	  Index Cond: ((id >= 4874442) AND (id <= 4874542))

table 5 : explain SELECT id FROM sbtest5 WHERE id BETWEEN 4874442 AND 4874542
	Index Only Scan using sbtest5_pkey on sbtest5  (cost=0.43..6.35 rows=96 width=4)
	  Index Cond: ((id >= 4874442) AND (id <= 4874542))

table 6 : explain SELECT id FROM sbtest6 WHERE id BETWEEN 4874442 AND 4874542
	Index Only Scan using sbtest6_pkey on sbtest6  (cost=0.43..6.40 rows=98 width=4)
	  Index Cond: ((id >= 4874442) AND (id <= 4874542))

table 7 : explain SELECT id FROM sbtest7 WHERE id BETWEEN 4874442 AND 4874542
	Index Only Scan using sbtest7_pkey on sbtest7  (cost=0.43..10.40 rows=98 width=4)
	  Index Cond: ((id >= 4874442) AND (id <= 4874542))

table 8 : explain SELECT id FROM sbtest8 WHERE id BETWEEN 4874442 AND 4874542
	Index Only Scan using sbtest8_pkey on sbtest8  (cost=0.43..6.47 rows=102 width=4)
	  Index Cond: ((id >= 4874442) AND (id <= 4874542))

for range-covered
table 1 : explain SELECT id FROM sbtest1 WHERE id BETWEEN 2772497 AND 2772597
	Index Only Scan using sbtest1_pkey on sbtest1  (cost=0.43..6.21 rows=89 width=4)
	  Index Cond: ((id >= 2772497) AND (id <= 2772597))

table 2 : explain SELECT id FROM sbtest2 WHERE id BETWEEN 2772497 AND 2772597
	Index Only Scan using sbtest2_pkey on sbtest2  (cost=0.43..6.35 rows=96 width=4)
	  Index Cond: ((id >= 2772497) AND (id <= 2772597))

table 3 : explain SELECT id FROM sbtest3 WHERE id BETWEEN 2772497 AND 2772597
	Index Only Scan using sbtest3_pkey on sbtest3  (cost=0.43..6.66 rows=111 width=4)
	  Index Cond: ((id >= 2772497) AND (id <= 2772597))

table 4 : explain SELECT id FROM sbtest4 WHERE id BETWEEN 2772497 AND 2772597
	Index Only Scan using sbtest4_pkey on sbtest4  (cost=0.43..6.35 rows=96 width=4)
	  Index Cond: ((id >= 2772497) AND (id <= 2772597))

table 5 : explain SELECT id FROM sbtest5 WHERE id BETWEEN 2772497 AND 2772597
	Index Only Scan using sbtest5_pkey on sbtest5  (cost=0.43..6.47 rows=102 width=4)
	  Index Cond: ((id >= 2772497) AND (id <= 2772597))

table 6 : explain SELECT id FROM sbtest6 WHERE id BETWEEN 2772497 AND 2772597
	Index Only Scan using sbtest6_pkey on sbtest6  (cost=0.43..6.51 rows=104 width=4)
	  Index Cond: ((id >= 2772497) AND (id <= 2772597))

table 7 : explain SELECT id FROM sbtest7 WHERE id BETWEEN 2772497 AND 2772597
	Index Only Scan using sbtest7_pkey on sbtest7  (cost=0.43..10.36 rows=96 width=4)
	  Index Cond: ((id >= 2772497) AND (id <= 2772597))

table 8 : explain SELECT id FROM sbtest8 WHERE id BETWEEN 2772497 AND 2772597
	Index Only Scan using sbtest8_pkey on sbtest8  (cost=0.43..6.45 rows=101 width=4)
	  Index Cond: ((id >= 2772497) AND (id <= 2772597))

explain: for range-covered :: explain SELECT id FROM sbtest%d WHERE id BETWEEN 4874442 AND 4874542
explain: for range-covered :: explain SELECT id FROM sbtest%d WHERE id BETWEEN 2772497 AND 2772597
for range-covered
table 1 : explain SELECT id FROM sbtest1 WHERE id BETWEEN 3506773 AND 3506873
	Index Only Scan using sbtest1_pkey on sbtest1  (cost=0.43..6.35 rows=96 width=4)
	  Index Cond: ((id >= 3506773) AND (id <= 3506873))

table 2 : explain SELECT id FROM sbtest2 WHERE id BETWEEN 3506773 AND 3506873
	Index Only Scan using sbtest2_pkey on sbtest2  (cost=0.43..6.43 rows=100 width=4)
	  Index Cond: ((id >= 3506773) AND (id <= 3506873))

table 3 : explain SELECT id FROM sbtest3 WHERE id BETWEEN 3506773 AND 3506873
	Index Only Scan using sbtest3_pkey on sbtest3  (cost=0.43..6.51 rows=104 width=4)
	  Index Cond: ((id >= 3506773) AND (id <= 3506873))

table 4 : explain SELECT id FROM sbtest4 WHERE id BETWEEN 3506773 AND 3506873
	Index Only Scan using sbtest4_pkey on sbtest4  (cost=0.43..6.43 rows=100 width=4)
	  Index Cond: ((id >= 3506773) AND (id <= 3506873))

table 5 : explain SELECT id FROM sbtest5 WHERE id BETWEEN 3506773 AND 3506873
	Index Only Scan using sbtest5_pkey on sbtest5  (cost=0.43..6.66 rows=111 width=4)
	  Index Cond: ((id >= 3506773) AND (id <= 3506873))

table 6 : explain SELECT id FROM sbtest6 WHERE id BETWEEN 3506773 AND 3506873
	Index Only Scan using sbtest6_pkey on sbtest6  (cost=0.43..6.35 rows=96 width=4)
	  Index Cond: ((id >= 3506773) AND (id <= 3506873))

table 7 : explain SELECT id FROM sbtest7 WHERE id BETWEEN 3506773 AND 3506873
	Index Only Scan using sbtest7_pkey on sbtest7  (cost=0.43..10.56 rows=106 width=4)
	  Index Cond: ((id >= 3506773) AND (id <= 3506873))

table 8 : explain SELECT id FROM sbtest8 WHERE id BETWEEN 3506773 AND 3506873
	Index Only Scan using sbtest8_pkey on sbtest8  (cost=0.43..6.42 rows=99 width=4)
	  Index Cond: ((id >= 3506773) AND (id <= 3506873))

explain: for range-covered :: explain SELECT id FROM sbtest%d WHERE id BETWEEN 3506773 AND 3506873
for range-covered
table 1 : explain SELECT id FROM sbtest1 WHERE id BETWEEN 7112853 AND 7112953
	Index Only Scan using sbtest1_pkey on sbtest1  (cost=0.43..6.43 rows=100 width=4)
	  Index Cond: ((id >= 7112853) AND (id <= 7112953))

table 2 : explain SELECT id FROM sbtest2 WHERE id BETWEEN 7112853 AND 7112953
	Index Only Scan using sbtest2_pkey on sbtest2  (cost=0.43..6.42 rows=99 width=4)
	  Index Cond: ((id >= 7112853) AND (id <= 7112953))

table 3 : explain SELECT id FROM sbtest3 WHERE id BETWEEN 7112853 AND 7112953
	Index Only Scan using sbtest3_pkey on sbtest3  (cost=0.43..6.40 rows=98 width=4)
	  Index Cond: ((id >= 7112853) AND (id <= 7112953))

table 4 : explain SELECT id FROM sbtest4 WHERE id BETWEEN 7112853 AND 7112953
	Index Only Scan using sbtest4_pkey on sbtest4  (cost=0.43..6.42 rows=99 width=4)
	  Index Cond: ((id >= 7112853) AND (id <= 7112953))

table 5 : explain SELECT id FROM sbtest5 WHERE id BETWEEN 7112853 AND 7112953
	Index Only Scan using sbtest5_pkey on sbtest5  (cost=0.43..6.27 rows=92 width=4)
	  Index Cond: ((id >= 7112853) AND (id <= 7112953))

table 6 : explain SELECT id FROM sbtest6 WHERE id BETWEEN 7112853 AND 7112953
	Index Only Scan using sbtest6_pkey on sbtest6  (cost=0.43..6.50 rows=103 width=4)
	  Index Cond: ((id >= 7112853) AND (id <= 7112953))

table 7 : explain SELECT id FROM sbtest7 WHERE id BETWEEN 7112853 AND 7112953
	Index Only Scan using sbtest7_pkey on sbtest7  (cost=0.43..10.33 rows=95 width=4)
	  Index Cond: ((id >= 7112853) AND (id <= 7112953))

table 8 : explain SELECT id FROM sbtest8 WHERE id BETWEEN 7112853 AND 7112953
	Index Only Scan using sbtest8_pkey on sbtest8  (cost=0.43..6.25 rows=91 width=4)
	  Index Cond: ((id >= 7112853) AND (id <= 7112953))

for range-covered
table 1 : explain SELECT id FROM sbtest1 WHERE id BETWEEN 4874442 AND 4874542
	Index Only Scan using sbtest1_pkey on sbtest1  (cost=0.43..6.37 rows=97 width=4)
	  Index Cond: ((id >= 4874442) AND (id <= 4874542))

table 2 : explain SELECT id FROM sbtest2 WHERE id BETWEEN 4874442 AND 4874542
	Index Only Scan using sbtest2_pkey on sbtest2  (cost=0.43..6.42 rows=99 width=4)
	  Index Cond: ((id >= 4874442) AND (id <= 4874542))

table 3 : explain SELECT id FROM sbtest3 WHERE id BETWEEN 4874442 AND 4874542
	Index Only Scan using sbtest3_pkey on sbtest3  (cost=0.43..6.50 rows=103 width=4)
	  Index Cond: ((id >= 4874442) AND (id <= 4874542))

table 4 : explain SELECT id FROM sbtest4 WHERE id BETWEEN 4874442 AND 4874542
	Index Only Scan using sbtest4_pkey on sbtest4  (cost=0.43..6.27 rows=92 width=4)
	  Index Cond: ((id >= 4874442) AND (id <= 4874542))

table 5 : explain SELECT id FROM sbtest5 WHERE id BETWEEN 4874442 AND 4874542
	Index Only Scan using sbtest5_pkey on sbtest5  (cost=0.43..6.35 rows=96 width=4)
	  Index Cond: ((id >= 4874442) AND (id <= 4874542))

table 6 : explain SELECT id FROM sbtest6 WHERE id BETWEEN 4874442 AND 4874542
	Index Only Scan using sbtest6_pkey on sbtest6  (cost=0.43..6.40 rows=98 width=4)
	  Index Cond: ((id >= 4874442) AND (id <= 4874542))

table 7 : explain SELECT id FROM sbtest7 WHERE id BETWEEN 4874442 AND 4874542
	Index Only Scan using sbtest7_pkey on sbtest7  (cost=0.43..10.40 rows=98 width=4)
	  Index Cond: ((id >= 4874442) AND (id <= 4874542))

table 8 : explain SELECT id FROM sbtest8 WHERE id BETWEEN 4874442 AND 4874542
	Index Only Scan using sbtest8_pkey on sbtest8  (cost=0.43..6.47 rows=102 width=4)
	  Index Cond: ((id >= 4874442) AND (id <= 4874542))

explain: for range-covered :: explain SELECT id FROM sbtest%d WHERE id BETWEEN 7112853 AND 7112953
for range-covered
table 1 : explain SELECT id FROM sbtest1 WHERE id BETWEEN 2772497 AND 2772597
	Index Only Scan using sbtest1_pkey on sbtest1  (cost=0.43..6.21 rows=89 width=4)
	  Index Cond: ((id >= 2772497) AND (id <= 2772597))

table 2 : explain SELECT id FROM sbtest2 WHERE id BETWEEN 2772497 AND 2772597
	Index Only Scan using sbtest2_pkey on sbtest2  (cost=0.43..6.35 rows=96 width=4)
	  Index Cond: ((id >= 2772497) AND (id <= 2772597))

table 3 : explain SELECT id FROM sbtest3 WHERE id BETWEEN 2772497 AND 2772597
	Index Only Scan using sbtest3_pkey on sbtest3  (cost=0.43..6.66 rows=111 width=4)
	  Index Cond: ((id >= 2772497) AND (id <= 2772597))

table 4 : explain SELECT id FROM sbtest4 WHERE id BETWEEN 2772497 AND 2772597
	Index Only Scan using sbtest4_pkey on sbtest4  (cost=0.43..6.35 rows=96 width=4)
	  Index Cond: ((id >= 2772497) AND (id <= 2772597))

table 5 : explain SELECT id FROM sbtest5 WHERE id BETWEEN 2772497 AND 2772597
	Index Only Scan using sbtest5_pkey on sbtest5  (cost=0.43..6.47 rows=102 width=4)
	  Index Cond: ((id >= 2772497) AND (id <= 2772597))

table 6 : explain SELECT id FROM sbtest6 WHERE id BETWEEN 2772497 AND 2772597
	Index Only Scan using sbtest6_pkey on sbtest6  (cost=0.43..6.51 rows=104 width=4)
	  Index Cond: ((id >= 2772497) AND (id <= 2772597))

table 7 : explain SELECT id FROM sbtest7 WHERE id BETWEEN 2772497 AND 2772597
	Index Only Scan using sbtest7_pkey on sbtest7  (cost=0.43..10.36 rows=96 width=4)
	  Index Cond: ((id >= 2772497) AND (id <= 2772597))

table 8 : explain SELECT id FROM sbtest8 WHERE id BETWEEN 2772497 AND 2772597
	Index Only Scan using sbtest8_pkey on sbtest8  (cost=0.43..6.45 rows=101 width=4)
	  Index Cond: ((id >= 2772497) AND (id <= 2772597))

explain: for range-covered :: explain SELECT id FROM sbtest%d WHERE id BETWEEN 4874442 AND 4874542
explain: for range-covered :: explain SELECT id FROM sbtest%d WHERE id BETWEEN 2772497 AND 2772597
for range-covered
table 1 : explain SELECT id FROM sbtest1 WHERE id BETWEEN 3506773 AND 3506873
	Index Only Scan using sbtest1_pkey on sbtest1  (cost=0.43..6.35 rows=96 width=4)
	  Index Cond: ((id >= 3506773) AND (id <= 3506873))

table 2 : explain SELECT id FROM sbtest2 WHERE id BETWEEN 3506773 AND 3506873
	Index Only Scan using sbtest2_pkey on sbtest2  (cost=0.43..6.43 rows=100 width=4)
	  Index Cond: ((id >= 3506773) AND (id <= 3506873))

table 3 : explain SELECT id FROM sbtest3 WHERE id BETWEEN 3506773 AND 3506873
	Index Only Scan using sbtest3_pkey on sbtest3  (cost=0.43..6.51 rows=104 width=4)
	  Index Cond: ((id >= 3506773) AND (id <= 3506873))

table 4 : explain SELECT id FROM sbtest4 WHERE id BETWEEN 3506773 AND 3506873
	Index Only Scan using sbtest4_pkey on sbtest4  (cost=0.43..6.43 rows=100 width=4)
	  Index Cond: ((id >= 3506773) AND (id <= 3506873))

table 5 : explain SELECT id FROM sbtest5 WHERE id BETWEEN 3506773 AND 3506873
	Index Only Scan using sbtest5_pkey on sbtest5  (cost=0.43..6.66 rows=111 width=4)
	  Index Cond: ((id >= 3506773) AND (id <= 3506873))

table 6 : explain SELECT id FROM sbtest6 WHERE id BETWEEN 3506773 AND 3506873
	Index Only Scan using sbtest6_pkey on sbtest6  (cost=0.43..6.35 rows=96 width=4)
	  Index Cond: ((id >= 3506773) AND (id <= 3506873))

table 7 : explain SELECT id FROM sbtest7 WHERE id BETWEEN 3506773 AND 3506873
	Index Only Scan using sbtest7_pkey on sbtest7  (cost=0.43..10.56 rows=106 width=4)
	  Index Cond: ((id >= 3506773) AND (id <= 3506873))

table 8 : explain SELECT id FROM sbtest8 WHERE id BETWEEN 3506773 AND 3506873
	Index Only Scan using sbtest8_pkey on sbtest8  (cost=0.43..6.42 rows=99 width=4)
	  Index Cond: ((id >= 3506773) AND (id <= 3506873))

for range-covered
table 1 : explain SELECT id FROM sbtest1 WHERE id BETWEEN 4609179 AND 4609279
	Index Only Scan using sbtest1_pkey on sbtest1  (cost=0.43..6.59 rows=108 width=4)
	  Index Cond: ((id >= 4609179) AND (id <= 4609279))

table 2 : explain SELECT id FROM sbtest2 WHERE id BETWEEN 4609179 AND 4609279
	Index Only Scan using sbtest2_pkey on sbtest2  (cost=0.43..6.63 rows=110 width=4)
	  Index Cond: ((id >= 4609179) AND (id <= 4609279))

table 3 : explain SELECT id FROM sbtest3 WHERE id BETWEEN 4609179 AND 4609279
	Index Only Scan using sbtest3_pkey on sbtest3  (cost=0.43..6.35 rows=96 width=4)
	  Index Cond: ((id >= 4609179) AND (id <= 4609279))

table 4 : explain SELECT id FROM sbtest4 WHERE id BETWEEN 4609179 AND 4609279
	Index Only Scan using sbtest4_pkey on sbtest4  (cost=0.43..6.42 rows=99 width=4)
	  Index Cond: ((id >= 4609179) AND (id <= 4609279))

table 5 : explain SELECT id FROM sbtest5 WHERE id BETWEEN 4609179 AND 4609279
	Index Only Scan using sbtest5_pkey on sbtest5  (cost=0.43..6.40 rows=98 width=4)
	  Index Cond: ((id >= 4609179) AND (id <= 4609279))

table 6 : explain SELECT id FROM sbtest6 WHERE id BETWEEN 4609179 AND 4609279
	Index Only Scan using sbtest6_pkey on sbtest6  (cost=0.43..6.37 rows=97 width=4)
	  Index Cond: ((id >= 4609179) AND (id <= 4609279))

table 7 : explain SELECT id FROM sbtest7 WHERE id BETWEEN 4609179 AND 4609279
	Index Only Scan using sbtest7_pkey on sbtest7  (cost=0.43..10.65 rows=111 width=4)
	  Index Cond: ((id >= 4609179) AND (id <= 4609279))

table 8 : explain SELECT id FROM sbtest8 WHERE id BETWEEN 4609179 AND 4609279
	Index Only Scan using sbtest8_pkey on sbtest8  (cost=0.43..6.35 rows=96 width=4)
	  Index Cond: ((id >= 4609179) AND (id <= 4609279))

explain: for range-covered :: explain SELECT id FROM sbtest%d WHERE id BETWEEN 4609179 AND 4609279
explain: for range-covered :: explain SELECT id FROM sbtest%d WHERE id BETWEEN 3506773 AND 3506873
for range-covered
table 1 : explain SELECT id FROM sbtest1 WHERE id BETWEEN 3506773 AND 3506873
	Index Only Scan using sbtest1_pkey on sbtest1  (cost=0.43..6.35 rows=96 width=4)
	  Index Cond: ((id >= 3506773) AND (id <= 3506873))

table 2 : explain SELECT id FROM sbtest2 WHERE id BETWEEN 3506773 AND 3506873
	Index Only Scan using sbtest2_pkey on sbtest2  (cost=0.43..6.43 rows=100 width=4)
	  Index Cond: ((id >= 3506773) AND (id <= 3506873))

table 3 : explain SELECT id FROM sbtest3 WHERE id BETWEEN 3506773 AND 3506873
	Index Only Scan using sbtest3_pkey on sbtest3  (cost=0.43..6.51 rows=104 width=4)
	  Index Cond: ((id >= 3506773) AND (id <= 3506873))

table 4 : explain SELECT id FROM sbtest4 WHERE id BETWEEN 3506773 AND 3506873
	Index Only Scan using sbtest4_pkey on sbtest4  (cost=0.43..6.43 rows=100 width=4)
	  Index Cond: ((id >= 3506773) AND (id <= 3506873))

table 5 : explain SELECT id FROM sbtest5 WHERE id BETWEEN 3506773 AND 3506873
	Index Only Scan using sbtest5_pkey on sbtest5  (cost=0.43..6.66 rows=111 width=4)
	  Index Cond: ((id >= 3506773) AND (id <= 3506873))

table 6 : explain SELECT id FROM sbtest6 WHERE id BETWEEN 3506773 AND 3506873
	Index Only Scan using sbtest6_pkey on sbtest6  (cost=0.43..6.35 rows=96 width=4)
	  Index Cond: ((id >= 3506773) AND (id <= 3506873))

table 7 : explain SELECT id FROM sbtest7 WHERE id BETWEEN 3506773 AND 3506873
	Index Only Scan using sbtest7_pkey on sbtest7  (cost=0.43..10.56 rows=106 width=4)
	  Index Cond: ((id >= 3506773) AND (id <= 3506873))

table 8 : explain SELECT id FROM sbtest8 WHERE id BETWEEN 3506773 AND 3506873
	Index Only Scan using sbtest8_pkey on sbtest8  (cost=0.43..6.42 rows=99 width=4)
	  Index Cond: ((id >= 3506773) AND (id <= 3506873))

for range-covered
table 1 : explain SELECT id FROM sbtest1 WHERE id BETWEEN 2772497 AND 2772597
	Index Only Scan using sbtest1_pkey on sbtest1  (cost=0.43..6.21 rows=89 width=4)
	  Index Cond: ((id >= 2772497) AND (id <= 2772597))

table 2 : explain SELECT id FROM sbtest2 WHERE id BETWEEN 2772497 AND 2772597
	Index Only Scan using sbtest2_pkey on sbtest2  (cost=0.43..6.35 rows=96 width=4)
	  Index Cond: ((id >= 2772497) AND (id <= 2772597))

table 3 : explain SELECT id FROM sbtest3 WHERE id BETWEEN 2772497 AND 2772597
	Index Only Scan using sbtest3_pkey on sbtest3  (cost=0.43..6.66 rows=111 width=4)
	  Index Cond: ((id >= 2772497) AND (id <= 2772597))

table 4 : explain SELECT id FROM sbtest4 WHERE id BETWEEN 2772497 AND 2772597
	Index Only Scan using sbtest4_pkey on sbtest4  (cost=0.43..6.35 rows=96 width=4)
	  Index Cond: ((id >= 2772497) AND (id <= 2772597))

table 5 : explain SELECT id FROM sbtest5 WHERE id BETWEEN 2772497 AND 2772597
	Index Only Scan using sbtest5_pkey on sbtest5  (cost=0.43..6.47 rows=102 width=4)
	  Index Cond: ((id >= 2772497) AND (id <= 2772597))

table 6 : explain SELECT id FROM sbtest6 WHERE id BETWEEN 2772497 AND 2772597
	Index Only Scan using sbtest6_pkey on sbtest6  (cost=0.43..6.51 rows=104 width=4)
	  Index Cond: ((id >= 2772497) AND (id <= 2772597))

table 7 : explain SELECT id FROM sbtest7 WHERE id BETWEEN 2772497 AND 2772597
	Index Only Scan using sbtest7_pkey on sbtest7  (cost=0.43..10.36 rows=96 width=4)
	  Index Cond: ((id >= 2772497) AND (id <= 2772597))

table 8 : explain SELECT id FROM sbtest8 WHERE id BETWEEN 2772497 AND 2772597
	Index Only Scan using sbtest8_pkey on sbtest8  (cost=0.43..6.45 rows=101 width=4)
	  Index Cond: ((id >= 2772497) AND (id <= 2772597))

for range-covered
table 1 : explain SELECT id FROM sbtest1 WHERE id BETWEEN 4874442 AND 4874542
	Index Only Scan using sbtest1_pkey on sbtest1  (cost=0.43..6.37 rows=97 width=4)
	  Index Cond: ((id >= 4874442) AND (id <= 4874542))

table 2 : explain SELECT id FROM sbtest2 WHERE id BETWEEN 4874442 AND 4874542
	Index Only Scan using sbtest2_pkey on sbtest2  (cost=0.43..6.42 rows=99 width=4)
	  Index Cond: ((id >= 4874442) AND (id <= 4874542))

table 3 : explain SELECT id FROM sbtest3 WHERE id BETWEEN 4874442 AND 4874542
	Index Only Scan using sbtest3_pkey on sbtest3  (cost=0.43..6.50 rows=103 width=4)
	  Index Cond: ((id >= 4874442) AND (id <= 4874542))

table 4 : explain SELECT id FROM sbtest4 WHERE id BETWEEN 4874442 AND 4874542
	Index Only Scan using sbtest4_pkey on sbtest4  (cost=0.43..6.27 rows=92 width=4)
	  Index Cond: ((id >= 4874442) AND (id <= 4874542))

table 5 : explain SELECT id FROM sbtest5 WHERE id BETWEEN 4874442 AND 4874542
	Index Only Scan using sbtest5_pkey on sbtest5  (cost=0.43..6.35 rows=96 width=4)
	  Index Cond: ((id >= 4874442) AND (id <= 4874542))

table 6 : explain SELECT id FROM sbtest6 WHERE id BETWEEN 4874442 AND 4874542
	Index Only Scan using sbtest6_pkey on sbtest6  (cost=0.43..6.40 rows=98 width=4)
	  Index Cond: ((id >= 4874442) AND (id <= 4874542))

table 7 : explain SELECT id FROM sbtest7 WHERE id BETWEEN 4874442 AND 4874542
	Index Only Scan using sbtest7_pkey on sbtest7  (cost=0.43..10.40 rows=98 width=4)
	  Index Cond: ((id >= 4874442) AND (id <= 4874542))

table 8 : explain SELECT id FROM sbtest8 WHERE id BETWEEN 4874442 AND 4874542
	Index Only Scan using sbtest8_pkey on sbtest8  (cost=0.43..6.47 rows=102 width=4)
	  Index Cond: ((id >= 4874442) AND (id <= 4874542))

explain: for range-covered :: explain SELECT id FROM sbtest%d WHERE id BETWEEN 3506773 AND 3506873
explain: for range-covered :: explain SELECT id FROM sbtest%d WHERE id BETWEEN 2772497 AND 2772597
explain: for range-covered :: explain SELECT id FROM sbtest%d WHERE id BETWEEN 4874442 AND 4874542
for range-covered
table 1 : explain SELECT id FROM sbtest1 WHERE id BETWEEN 7386133 AND 7386233
	Index Only Scan using sbtest1_pkey on sbtest1  (cost=0.43..6.59 rows=108 width=4)
	  Index Cond: ((id >= 7386133) AND (id <= 7386233))

table 2 : explain SELECT id FROM sbtest2 WHERE id BETWEEN 7386133 AND 7386233
	Index Only Scan using sbtest2_pkey on sbtest2  (cost=0.43..6.58 rows=107 width=4)
	  Index Cond: ((id >= 7386133) AND (id <= 7386233))

table 3 : explain SELECT id FROM sbtest3 WHERE id BETWEEN 7386133 AND 7386233
	Index Only Scan using sbtest3_pkey on sbtest3  (cost=0.43..6.47 rows=102 width=4)
	  Index Cond: ((id >= 7386133) AND (id <= 7386233))

table 4 : explain SELECT id FROM sbtest4 WHERE id BETWEEN 7386133 AND 7386233
	Index Only Scan using sbtest4_pkey on sbtest4  (cost=0.43..6.58 rows=107 width=4)
	  Index Cond: ((id >= 7386133) AND (id <= 7386233))

table 5 : explain SELECT id FROM sbtest5 WHERE id BETWEEN 7386133 AND 7386233
	Index Only Scan using sbtest5_pkey on sbtest5  (cost=0.43..6.45 rows=101 width=4)
	  Index Cond: ((id >= 7386133) AND (id <= 7386233))

table 6 : explain SELECT id FROM sbtest6 WHERE id BETWEEN 7386133 AND 7386233
	Index Only Scan using sbtest6_pkey on sbtest6  (cost=0.43..6.35 rows=96 width=4)
	  Index Cond: ((id >= 7386133) AND (id <= 7386233))

table 7 : explain SELECT id FROM sbtest7 WHERE id BETWEEN 7386133 AND 7386233
	Index Only Scan using sbtest7_pkey on sbtest7  (cost=0.43..10.47 rows=102 width=4)
	  Index Cond: ((id >= 7386133) AND (id <= 7386233))

table 8 : explain SELECT id FROM sbtest8 WHERE id BETWEEN 7386133 AND 7386233
	Index Only Scan using sbtest8_pkey on sbtest8  (cost=0.43..6.61 rows=109 width=4)
	  Index Cond: ((id >= 7386133) AND (id <= 7386233))

for range-covered
table 1 : explain SELECT id FROM sbtest1 WHERE id BETWEEN 4609179 AND 4609279
	Index Only Scan using sbtest1_pkey on sbtest1  (cost=0.43..6.59 rows=108 width=4)
	  Index Cond: ((id >= 4609179) AND (id <= 4609279))

table 2 : explain SELECT id FROM sbtest2 WHERE id BETWEEN 4609179 AND 4609279
	Index Only Scan using sbtest2_pkey on sbtest2  (cost=0.43..6.63 rows=110 width=4)
	  Index Cond: ((id >= 4609179) AND (id <= 4609279))

table 3 : explain SELECT id FROM sbtest3 WHERE id BETWEEN 4609179 AND 4609279
	Index Only Scan using sbtest3_pkey on sbtest3  (cost=0.43..6.35 rows=96 width=4)
	  Index Cond: ((id >= 4609179) AND (id <= 4609279))

table 4 : explain SELECT id FROM sbtest4 WHERE id BETWEEN 4609179 AND 4609279
	Index Only Scan using sbtest4_pkey on sbtest4  (cost=0.43..6.42 rows=99 width=4)
	  Index Cond: ((id >= 4609179) AND (id <= 4609279))

table 5 : explain SELECT id FROM sbtest5 WHERE id BETWEEN 4609179 AND 4609279
	Index Only Scan using sbtest5_pkey on sbtest5  (cost=0.43..6.40 rows=98 width=4)
	  Index Cond: ((id >= 4609179) AND (id <= 4609279))

table 6 : explain SELECT id FROM sbtest6 WHERE id BETWEEN 4609179 AND 4609279
	Index Only Scan using sbtest6_pkey on sbtest6  (cost=0.43..6.37 rows=97 width=4)
	  Index Cond: ((id >= 4609179) AND (id <= 4609279))

table 7 : explain SELECT id FROM sbtest7 WHERE id BETWEEN 4609179 AND 4609279
	Index Only Scan using sbtest7_pkey on sbtest7  (cost=0.43..10.65 rows=111 width=4)
	  Index Cond: ((id >= 4609179) AND (id <= 4609279))

table 8 : explain SELECT id FROM sbtest8 WHERE id BETWEEN 4609179 AND 4609279
	Index Only Scan using sbtest8_pkey on sbtest8  (cost=0.43..6.35 rows=96 width=4)
	  Index Cond: ((id >= 4609179) AND (id <= 4609279))

for range-covered
table 1 : explain SELECT id FROM sbtest1 WHERE id BETWEEN 8699592 AND 8699692
	Index Only Scan using sbtest1_pkey on sbtest1  (cost=0.43..6.45 rows=101 width=4)
	  Index Cond: ((id >= 8699592) AND (id <= 8699692))

table 2 : explain SELECT id FROM sbtest2 WHERE id BETWEEN 8699592 AND 8699692
	Index Only Scan using sbtest2_pkey on sbtest2  (cost=0.43..6.61 rows=109 width=4)
	  Index Cond: ((id >= 8699592) AND (id <= 8699692))

table 3 : explain SELECT id FROM sbtest3 WHERE id BETWEEN 8699592 AND 8699692
	Index Only Scan using sbtest3_pkey on sbtest3  (cost=0.43..6.53 rows=105 width=4)
	  Index Cond: ((id >= 8699592) AND (id <= 8699692))

table 4 : explain SELECT id FROM sbtest4 WHERE id BETWEEN 8699592 AND 8699692
	Index Only Scan using sbtest4_pkey on sbtest4  (cost=0.43..6.40 rows=98 width=4)
	  Index Cond: ((id >= 8699592) AND (id <= 8699692))

table 5 : explain SELECT id FROM sbtest5 WHERE id BETWEEN 8699592 AND 8699692
	Index Only Scan using sbtest5_pkey on sbtest5  (cost=0.43..6.42 rows=99 width=4)
	  Index Cond: ((id >= 8699592) AND (id <= 8699692))

table 6 : explain SELECT id FROM sbtest6 WHERE id BETWEEN 8699592 AND 8699692
	Index Only Scan using sbtest6_pkey on sbtest6  (cost=0.43..6.59 rows=108 width=4)
	  Index Cond: ((id >= 8699592) AND (id <= 8699692))

table 7 : explain SELECT id FROM sbtest7 WHERE id BETWEEN 8699592 AND 8699692
	Index Only Scan using sbtest7_pkey on sbtest7  (cost=0.43..10.33 rows=95 width=4)
	  Index Cond: ((id >= 8699592) AND (id <= 8699692))

table 8 : explain SELECT id FROM sbtest8 WHERE id BETWEEN 8699592 AND 8699692
	Index Only Scan using sbtest8_pkey on sbtest8  (cost=0.43..6.47 rows=102 width=4)
	  Index Cond: ((id >= 8699592) AND (id <= 8699692))

explain: for range-covered :: explain SELECT id FROM sbtest%d WHERE id BETWEEN 4609179 AND 4609279
explain: for range-covered :: explain SELECT id FROM sbtest%d WHERE id BETWEEN 7386133 AND 7386233
for range-covered
table 1 : explain SELECT id FROM sbtest1 WHERE id BETWEEN 3506773 AND 3506873
	Index Only Scan using sbtest1_pkey on sbtest1  (cost=0.43..6.35 rows=96 width=4)
	  Index Cond: ((id >= 3506773) AND (id <= 3506873))

table 2 : explain SELECT id FROM sbtest2 WHERE id BETWEEN 3506773 AND 3506873
	Index Only Scan using sbtest2_pkey on sbtest2  (cost=0.43..6.43 rows=100 width=4)
	  Index Cond: ((id >= 3506773) AND (id <= 3506873))

table 3 : explain SELECT id FROM sbtest3 WHERE id BETWEEN 3506773 AND 3506873
	Index Only Scan using sbtest3_pkey on sbtest3  (cost=0.43..6.51 rows=104 width=4)
	  Index Cond: ((id >= 3506773) AND (id <= 3506873))

table 4 : explain SELECT id FROM sbtest4 WHERE id BETWEEN 3506773 AND 3506873
	Index Only Scan using sbtest4_pkey on sbtest4  (cost=0.43..6.43 rows=100 width=4)
	  Index Cond: ((id >= 3506773) AND (id <= 3506873))

table 5 : explain SELECT id FROM sbtest5 WHERE id BETWEEN 3506773 AND 3506873
	Index Only Scan using sbtest5_pkey on sbtest5  (cost=0.43..6.66 rows=111 width=4)
	  Index Cond: ((id >= 3506773) AND (id <= 3506873))

table 6 : explain SELECT id FROM sbtest6 WHERE id BETWEEN 3506773 AND 3506873
	Index Only Scan using sbtest6_pkey on sbtest6  (cost=0.43..6.35 rows=96 width=4)
	  Index Cond: ((id >= 3506773) AND (id <= 3506873))

table 7 : explain SELECT id FROM sbtest7 WHERE id BETWEEN 3506773 AND 3506873
	Index Only Scan using sbtest7_pkey on sbtest7  (cost=0.43..10.56 rows=106 width=4)
	  Index Cond: ((id >= 3506773) AND (id <= 3506873))

table 8 : explain SELECT id FROM sbtest8 WHERE id BETWEEN 3506773 AND 3506873
	Index Only Scan using sbtest8_pkey on sbtest8  (cost=0.43..6.42 rows=99 width=4)
	  Index Cond: ((id >= 3506773) AND (id <= 3506873))

for range-covered
table 1 : explain SELECT id FROM sbtest1 WHERE id BETWEEN 4874442 AND 4874542
	Index Only Scan using sbtest1_pkey on sbtest1  (cost=0.43..6.37 rows=97 width=4)
	  Index Cond: ((id >= 4874442) AND (id <= 4874542))

table 2 : explain SELECT id FROM sbtest2 WHERE id BETWEEN 4874442 AND 4874542
	Index Only Scan using sbtest2_pkey on sbtest2  (cost=0.43..6.42 rows=99 width=4)
	  Index Cond: ((id >= 4874442) AND (id <= 4874542))

table 3 : explain SELECT id FROM sbtest3 WHERE id BETWEEN 4874442 AND 4874542
	Index Only Scan using sbtest3_pkey on sbtest3  (cost=0.43..6.50 rows=103 width=4)
	  Index Cond: ((id >= 4874442) AND (id <= 4874542))

table 4 : explain SELECT id FROM sbtest4 WHERE id BETWEEN 4874442 AND 4874542
	Index Only Scan using sbtest4_pkey on sbtest4  (cost=0.43..6.27 rows=92 width=4)
	  Index Cond: ((id >= 4874442) AND (id <= 4874542))

table 5 : explain SELECT id FROM sbtest5 WHERE id BETWEEN 4874442 AND 4874542
	Index Only Scan using sbtest5_pkey on sbtest5  (cost=0.43..6.35 rows=96 width=4)
	  Index Cond: ((id >= 4874442) AND (id <= 4874542))

table 6 : explain SELECT id FROM sbtest6 WHERE id BETWEEN 4874442 AND 4874542
	Index Only Scan using sbtest6_pkey on sbtest6  (cost=0.43..6.40 rows=98 width=4)
	  Index Cond: ((id >= 4874442) AND (id <= 4874542))

table 7 : explain SELECT id FROM sbtest7 WHERE id BETWEEN 4874442 AND 4874542
	Index Only Scan using sbtest7_pkey on sbtest7  (cost=0.43..10.40 rows=98 width=4)
	  Index Cond: ((id >= 4874442) AND (id <= 4874542))

table 8 : explain SELECT id FROM sbtest8 WHERE id BETWEEN 4874442 AND 4874542
	Index Only Scan using sbtest8_pkey on sbtest8  (cost=0.43..6.47 rows=102 width=4)
	  Index Cond: ((id >= 4874442) AND (id <= 4874542))

for range-covered
table 1 : explain SELECT id FROM sbtest1 WHERE id BETWEEN 2772497 AND 2772597
	Index Only Scan using sbtest1_pkey on sbtest1  (cost=0.43..6.21 rows=89 width=4)
	  Index Cond: ((id >= 2772497) AND (id <= 2772597))

table 2 : explain SELECT id FROM sbtest2 WHERE id BETWEEN 2772497 AND 2772597
	Index Only Scan using sbtest2_pkey on sbtest2  (cost=0.43..6.35 rows=96 width=4)
	  Index Cond: ((id >= 2772497) AND (id <= 2772597))

table 3 : explain SELECT id FROM sbtest3 WHERE id BETWEEN 2772497 AND 2772597
	Index Only Scan using sbtest3_pkey on sbtest3  (cost=0.43..6.66 rows=111 width=4)
	  Index Cond: ((id >= 2772497) AND (id <= 2772597))

table 4 : explain SELECT id FROM sbtest4 WHERE id BETWEEN 2772497 AND 2772597
	Index Only Scan using sbtest4_pkey on sbtest4  (cost=0.43..6.35 rows=96 width=4)
	  Index Cond: ((id >= 2772497) AND (id <= 2772597))

table 5 : explain SELECT id FROM sbtest5 WHERE id BETWEEN 2772497 AND 2772597
	Index Only Scan using sbtest5_pkey on sbtest5  (cost=0.43..6.47 rows=102 width=4)
	  Index Cond: ((id >= 2772497) AND (id <= 2772597))

table 6 : explain SELECT id FROM sbtest6 WHERE id BETWEEN 2772497 AND 2772597
	Index Only Scan using sbtest6_pkey on sbtest6  (cost=0.43..6.51 rows=104 width=4)
	  Index Cond: ((id >= 2772497) AND (id <= 2772597))

table 7 : explain SELECT id FROM sbtest7 WHERE id BETWEEN 2772497 AND 2772597
	Index Only Scan using sbtest7_pkey on sbtest7  (cost=0.43..10.36 rows=96 width=4)
	  Index Cond: ((id >= 2772497) AND (id <= 2772597))

table 8 : explain SELECT id FROM sbtest8 WHERE id BETWEEN 2772497 AND 2772597
	Index Only Scan using sbtest8_pkey on sbtest8  (cost=0.43..6.45 rows=101 width=4)
	  Index Cond: ((id >= 2772497) AND (id <= 2772597))

explain: for range-covered :: explain SELECT id FROM sbtest%d WHERE id BETWEEN 4874442 AND 4874542
explain: for range-covered :: explain SELECT id FROM sbtest%d WHERE id BETWEEN 3506773 AND 3506873
explain: for range-covered :: explain SELECT id FROM sbtest%d WHERE id BETWEEN 2772497 AND 2772597
for range-covered
table 1 : explain SELECT id FROM sbtest1 WHERE id BETWEEN 4609179 AND 4609279
	Index Only Scan using sbtest1_pkey on sbtest1  (cost=0.43..6.59 rows=108 width=4)
	  Index Cond: ((id >= 4609179) AND (id <= 4609279))

table 2 : explain SELECT id FROM sbtest2 WHERE id BETWEEN 4609179 AND 4609279
	Index Only Scan using sbtest2_pkey on sbtest2  (cost=0.43..6.63 rows=110 width=4)
	  Index Cond: ((id >= 4609179) AND (id <= 4609279))

table 3 : explain SELECT id FROM sbtest3 WHERE id BETWEEN 4609179 AND 4609279
	Index Only Scan using sbtest3_pkey on sbtest3  (cost=0.43..6.35 rows=96 width=4)
	  Index Cond: ((id >= 4609179) AND (id <= 4609279))

table 4 : explain SELECT id FROM sbtest4 WHERE id BETWEEN 4609179 AND 4609279
	Index Only Scan using sbtest4_pkey on sbtest4  (cost=0.43..6.42 rows=99 width=4)
	  Index Cond: ((id >= 4609179) AND (id <= 4609279))

table 5 : explain SELECT id FROM sbtest5 WHERE id BETWEEN 4609179 AND 4609279
	Index Only Scan using sbtest5_pkey on sbtest5  (cost=0.43..6.40 rows=98 width=4)
	  Index Cond: ((id >= 4609179) AND (id <= 4609279))

table 6 : explain SELECT id FROM sbtest6 WHERE id BETWEEN 4609179 AND 4609279
	Index Only Scan using sbtest6_pkey on sbtest6  (cost=0.43..6.37 rows=97 width=4)
	  Index Cond: ((id >= 4609179) AND (id <= 4609279))

table 7 : explain SELECT id FROM sbtest7 WHERE id BETWEEN 4609179 AND 4609279
	Index Only Scan using sbtest7_pkey on sbtest7  (cost=0.43..10.65 rows=111 width=4)
	  Index Cond: ((id >= 4609179) AND (id <= 4609279))

table 8 : explain SELECT id FROM sbtest8 WHERE id BETWEEN 4609179 AND 4609279
	Index Only Scan using sbtest8_pkey on sbtest8  (cost=0.43..6.35 rows=96 width=4)
	  Index Cond: ((id >= 4609179) AND (id <= 4609279))

explain: for range-covered :: explain SELECT id FROM sbtest%d WHERE id BETWEEN 4609179 AND 4609279
for range-covered
table 1 : explain SELECT id FROM sbtest1 WHERE id BETWEEN 7112853 AND 7112953
	Index Only Scan using sbtest1_pkey on sbtest1  (cost=0.43..6.43 rows=100 width=4)
	  Index Cond: ((id >= 7112853) AND (id <= 7112953))

table 2 : explain SELECT id FROM sbtest2 WHERE id BETWEEN 7112853 AND 7112953
	Index Only Scan using sbtest2_pkey on sbtest2  (cost=0.43..6.42 rows=99 width=4)
	  Index Cond: ((id >= 7112853) AND (id <= 7112953))

table 3 : explain SELECT id FROM sbtest3 WHERE id BETWEEN 7112853 AND 7112953
	Index Only Scan using sbtest3_pkey on sbtest3  (cost=0.43..6.40 rows=98 width=4)
	  Index Cond: ((id >= 7112853) AND (id <= 7112953))

table 4 : explain SELECT id FROM sbtest4 WHERE id BETWEEN 7112853 AND 7112953
	Index Only Scan using sbtest4_pkey on sbtest4  (cost=0.43..6.42 rows=99 width=4)
	  Index Cond: ((id >= 7112853) AND (id <= 7112953))

table 5 : explain SELECT id FROM sbtest5 WHERE id BETWEEN 7112853 AND 7112953
	Index Only Scan using sbtest5_pkey on sbtest5  (cost=0.43..6.27 rows=92 width=4)
	  Index Cond: ((id >= 7112853) AND (id <= 7112953))

table 6 : explain SELECT id FROM sbtest6 WHERE id BETWEEN 7112853 AND 7112953
	Index Only Scan using sbtest6_pkey on sbtest6  (cost=0.43..6.50 rows=103 width=4)
	  Index Cond: ((id >= 7112853) AND (id <= 7112953))

table 7 : explain SELECT id FROM sbtest7 WHERE id BETWEEN 7112853 AND 7112953
	Index Only Scan using sbtest7_pkey on sbtest7  (cost=0.43..10.33 rows=95 width=4)
	  Index Cond: ((id >= 7112853) AND (id <= 7112953))

table 8 : explain SELECT id FROM sbtest8 WHERE id BETWEEN 7112853 AND 7112953
	Index Only Scan using sbtest8_pkey on sbtest8  (cost=0.43..6.25 rows=91 width=4)
	  Index Cond: ((id >= 7112853) AND (id <= 7112953))

explain: for range-covered :: explain SELECT id FROM sbtest%d WHERE id BETWEEN 7112853 AND 7112953
for range-covered
table 1 : explain SELECT id FROM sbtest1 WHERE id BETWEEN 7386133 AND 7386233
	Index Only Scan using sbtest1_pkey on sbtest1  (cost=0.43..6.59 rows=108 width=4)
	  Index Cond: ((id >= 7386133) AND (id <= 7386233))

table 2 : explain SELECT id FROM sbtest2 WHERE id BETWEEN 7386133 AND 7386233
	Index Only Scan using sbtest2_pkey on sbtest2  (cost=0.43..6.58 rows=107 width=4)
	  Index Cond: ((id >= 7386133) AND (id <= 7386233))

table 3 : explain SELECT id FROM sbtest3 WHERE id BETWEEN 7386133 AND 7386233
	Index Only Scan using sbtest3_pkey on sbtest3  (cost=0.43..6.47 rows=102 width=4)
	  Index Cond: ((id >= 7386133) AND (id <= 7386233))

table 4 : explain SELECT id FROM sbtest4 WHERE id BETWEEN 7386133 AND 7386233
	Index Only Scan using sbtest4_pkey on sbtest4  (cost=0.43..6.58 rows=107 width=4)
	  Index Cond: ((id >= 7386133) AND (id <= 7386233))

table 5 : explain SELECT id FROM sbtest5 WHERE id BETWEEN 7386133 AND 7386233
	Index Only Scan using sbtest5_pkey on sbtest5  (cost=0.43..6.45 rows=101 width=4)
	  Index Cond: ((id >= 7386133) AND (id <= 7386233))

table 6 : explain SELECT id FROM sbtest6 WHERE id BETWEEN 7386133 AND 7386233
	Index Only Scan using sbtest6_pkey on sbtest6  (cost=0.43..6.35 rows=96 width=4)
	  Index Cond: ((id >= 7386133) AND (id <= 7386233))

table 7 : explain SELECT id FROM sbtest7 WHERE id BETWEEN 7386133 AND 7386233
	Index Only Scan using sbtest7_pkey on sbtest7  (cost=0.43..10.47 rows=102 width=4)
	  Index Cond: ((id >= 7386133) AND (id <= 7386233))

table 8 : explain SELECT id FROM sbtest8 WHERE id BETWEEN 7386133 AND 7386233
	Index Only Scan using sbtest8_pkey on sbtest8  (cost=0.43..6.61 rows=109 width=4)
	  Index Cond: ((id >= 7386133) AND (id <= 7386233))

explain: for range-covered :: explain SELECT id FROM sbtest%d WHERE id BETWEEN 7386133 AND 7386233
for range-covered
table 1 : explain SELECT id FROM sbtest1 WHERE id BETWEEN 3506773 AND 3506873
	Index Only Scan using sbtest1_pkey on sbtest1  (cost=0.43..6.35 rows=96 width=4)
	  Index Cond: ((id >= 3506773) AND (id <= 3506873))

table 2 : explain SELECT id FROM sbtest2 WHERE id BETWEEN 3506773 AND 3506873
	Index Only Scan using sbtest2_pkey on sbtest2  (cost=0.43..6.43 rows=100 width=4)
	  Index Cond: ((id >= 3506773) AND (id <= 3506873))

table 3 : explain SELECT id FROM sbtest3 WHERE id BETWEEN 3506773 AND 3506873
	Index Only Scan using sbtest3_pkey on sbtest3  (cost=0.43..6.51 rows=104 width=4)
	  Index Cond: ((id >= 3506773) AND (id <= 3506873))

table 4 : explain SELECT id FROM sbtest4 WHERE id BETWEEN 3506773 AND 3506873
	Index Only Scan using sbtest4_pkey on sbtest4  (cost=0.43..6.43 rows=100 width=4)
	  Index Cond: ((id >= 3506773) AND (id <= 3506873))

table 5 : explain SELECT id FROM sbtest5 WHERE id BETWEEN 3506773 AND 3506873
	Index Only Scan using sbtest5_pkey on sbtest5  (cost=0.43..6.66 rows=111 width=4)
	  Index Cond: ((id >= 3506773) AND (id <= 3506873))

table 6 : explain SELECT id FROM sbtest6 WHERE id BETWEEN 3506773 AND 3506873
	Index Only Scan using sbtest6_pkey on sbtest6  (cost=0.43..6.35 rows=96 width=4)
	  Index Cond: ((id >= 3506773) AND (id <= 3506873))

table 7 : explain SELECT id FROM sbtest7 WHERE id BETWEEN 3506773 AND 3506873
	Index Only Scan using sbtest7_pkey on sbtest7  (cost=0.43..10.56 rows=106 width=4)
	  Index Cond: ((id >= 3506773) AND (id <= 3506873))

table 8 : explain SELECT id FROM sbtest8 WHERE id BETWEEN 3506773 AND 3506873
	Index Only Scan using sbtest8_pkey on sbtest8  (cost=0.43..6.42 rows=99 width=4)
	  Index Cond: ((id >= 3506773) AND (id <= 3506873))

for range-covered
table 1 : explain SELECT id FROM sbtest1 WHERE id BETWEEN 2772497 AND 2772597
	Index Only Scan using sbtest1_pkey on sbtest1  (cost=0.43..6.21 rows=89 width=4)
	  Index Cond: ((id >= 2772497) AND (id <= 2772597))

table 2 : explain SELECT id FROM sbtest2 WHERE id BETWEEN 2772497 AND 2772597
	Index Only Scan using sbtest2_pkey on sbtest2  (cost=0.43..6.35 rows=96 width=4)
	  Index Cond: ((id >= 2772497) AND (id <= 2772597))

table 3 : explain SELECT id FROM sbtest3 WHERE id BETWEEN 2772497 AND 2772597
	Index Only Scan using sbtest3_pkey on sbtest3  (cost=0.43..6.66 rows=111 width=4)
	  Index Cond: ((id >= 2772497) AND (id <= 2772597))

table 4 : explain SELECT id FROM sbtest4 WHERE id BETWEEN 2772497 AND 2772597
	Index Only Scan using sbtest4_pkey on sbtest4  (cost=0.43..6.35 rows=96 width=4)
	  Index Cond: ((id >= 2772497) AND (id <= 2772597))

table 5 : explain SELECT id FROM sbtest5 WHERE id BETWEEN 2772497 AND 2772597
	Index Only Scan using sbtest5_pkey on sbtest5  (cost=0.43..6.47 rows=102 width=4)
	  Index Cond: ((id >= 2772497) AND (id <= 2772597))

table 6 : explain SELECT id FROM sbtest6 WHERE id BETWEEN 2772497 AND 2772597
	Index Only Scan using sbtest6_pkey on sbtest6  (cost=0.43..6.51 rows=104 width=4)
	  Index Cond: ((id >= 2772497) AND (id <= 2772597))

table 7 : explain SELECT id FROM sbtest7 WHERE id BETWEEN 2772497 AND 2772597
	Index Only Scan using sbtest7_pkey on sbtest7  (cost=0.43..10.36 rows=96 width=4)
	  Index Cond: ((id >= 2772497) AND (id <= 2772597))

table 8 : explain SELECT id FROM sbtest8 WHERE id BETWEEN 2772497 AND 2772597
	Index Only Scan using sbtest8_pkey on sbtest8  (cost=0.43..6.45 rows=101 width=4)
	  Index Cond: ((id >= 2772497) AND (id <= 2772597))

explain: for range-covered :: explain SELECT id FROM sbtest%d WHERE id BETWEEN 3506773 AND 3506873
explain: for range-covered :: explain SELECT id FROM sbtest%d WHERE id BETWEEN 2772497 AND 2772597
for range-covered
table 1 : explain SELECT id FROM sbtest1 WHERE id BETWEEN 4609179 AND 4609279
	Index Only Scan using sbtest1_pkey on sbtest1  (cost=0.43..6.59 rows=108 width=4)
	  Index Cond: ((id >= 4609179) AND (id <= 4609279))

table 2 : explain SELECT id FROM sbtest2 WHERE id BETWEEN 4609179 AND 4609279
	Index Only Scan using sbtest2_pkey on sbtest2  (cost=0.43..6.63 rows=110 width=4)
	  Index Cond: ((id >= 4609179) AND (id <= 4609279))

table 3 : explain SELECT id FROM sbtest3 WHERE id BETWEEN 4609179 AND 4609279
	Index Only Scan using sbtest3_pkey on sbtest3  (cost=0.43..6.35 rows=96 width=4)
	  Index Cond: ((id >= 4609179) AND (id <= 4609279))

table 4 : explain SELECT id FROM sbtest4 WHERE id BETWEEN 4609179 AND 4609279
	Index Only Scan using sbtest4_pkey on sbtest4  (cost=0.43..6.42 rows=99 width=4)
	  Index Cond: ((id >= 4609179) AND (id <= 4609279))

table 5 : explain SELECT id FROM sbtest5 WHERE id BETWEEN 4609179 AND 4609279
	Index Only Scan using sbtest5_pkey on sbtest5  (cost=0.43..6.40 rows=98 width=4)
	  Index Cond: ((id >= 4609179) AND (id <= 4609279))

table 6 : explain SELECT id FROM sbtest6 WHERE id BETWEEN 4609179 AND 4609279
	Index Only Scan using sbtest6_pkey on sbtest6  (cost=0.43..6.37 rows=97 width=4)
	  Index Cond: ((id >= 4609179) AND (id <= 4609279))

table 7 : explain SELECT id FROM sbtest7 WHERE id BETWEEN 4609179 AND 4609279
	Index Only Scan using sbtest7_pkey on sbtest7  (cost=0.43..10.65 rows=111 width=4)
	  Index Cond: ((id >= 4609179) AND (id <= 4609279))

table 8 : explain SELECT id FROM sbtest8 WHERE id BETWEEN 4609179 AND 4609279
	Index Only Scan using sbtest8_pkey on sbtest8  (cost=0.43..6.35 rows=96 width=4)
	  Index Cond: ((id >= 4609179) AND (id <= 4609279))

explain: for range-covered :: explain SELECT id FROM sbtest%d WHERE id BETWEEN 4609179 AND 4609279
for range-covered
table 1 : explain SELECT id FROM sbtest1 WHERE id BETWEEN 7386133 AND 7386233
	Index Only Scan using sbtest1_pkey on sbtest1  (cost=0.43..6.59 rows=108 width=4)
	  Index Cond: ((id >= 7386133) AND (id <= 7386233))

table 2 : explain SELECT id FROM sbtest2 WHERE id BETWEEN 7386133 AND 7386233
	Index Only Scan using sbtest2_pkey on sbtest2  (cost=0.43..6.58 rows=107 width=4)
	  Index Cond: ((id >= 7386133) AND (id <= 7386233))

table 3 : explain SELECT id FROM sbtest3 WHERE id BETWEEN 7386133 AND 7386233
	Index Only Scan using sbtest3_pkey on sbtest3  (cost=0.43..6.47 rows=102 width=4)
	  Index Cond: ((id >= 7386133) AND (id <= 7386233))

table 4 : explain SELECT id FROM sbtest4 WHERE id BETWEEN 7386133 AND 7386233
	Index Only Scan using sbtest4_pkey on sbtest4  (cost=0.43..6.58 rows=107 width=4)
	  Index Cond: ((id >= 7386133) AND (id <= 7386233))

table 5 : explain SELECT id FROM sbtest5 WHERE id BETWEEN 7386133 AND 7386233
	Index Only Scan using sbtest5_pkey on sbtest5  (cost=0.43..6.45 rows=101 width=4)
	  Index Cond: ((id >= 7386133) AND (id <= 7386233))

table 6 : explain SELECT id FROM sbtest6 WHERE id BETWEEN 7386133 AND 7386233
	Index Only Scan using sbtest6_pkey on sbtest6  (cost=0.43..6.35 rows=96 width=4)
	  Index Cond: ((id >= 7386133) AND (id <= 7386233))

table 7 : explain SELECT id FROM sbtest7 WHERE id BETWEEN 7386133 AND 7386233
	Index Only Scan using sbtest7_pkey on sbtest7  (cost=0.43..10.47 rows=102 width=4)
	  Index Cond: ((id >= 7386133) AND (id <= 7386233))

table 8 : explain SELECT id FROM sbtest8 WHERE id BETWEEN 7386133 AND 7386233
	Index Only Scan using sbtest8_pkey on sbtest8  (cost=0.43..6.61 rows=109 width=4)
	  Index Cond: ((id >= 7386133) AND (id <= 7386233))

explain: for range-covered :: explain SELECT id FROM sbtest%d WHERE id BETWEEN 7386133 AND 7386233
for range-covered
table 1 : explain SELECT id FROM sbtest1 WHERE id BETWEEN 3506773 AND 3506873
	Index Only Scan using sbtest1_pkey on sbtest1  (cost=0.43..6.35 rows=96 width=4)
	  Index Cond: ((id >= 3506773) AND (id <= 3506873))

table 2 : explain SELECT id FROM sbtest2 WHERE id BETWEEN 3506773 AND 3506873
	Index Only Scan using sbtest2_pkey on sbtest2  (cost=0.43..6.43 rows=100 width=4)
	  Index Cond: ((id >= 3506773) AND (id <= 3506873))

table 3 : explain SELECT id FROM sbtest3 WHERE id BETWEEN 3506773 AND 3506873
	Index Only Scan using sbtest3_pkey on sbtest3  (cost=0.43..6.51 rows=104 width=4)
	  Index Cond: ((id >= 3506773) AND (id <= 3506873))

table 4 : explain SELECT id FROM sbtest4 WHERE id BETWEEN 3506773 AND 3506873
	Index Only Scan using sbtest4_pkey on sbtest4  (cost=0.43..6.43 rows=100 width=4)
	  Index Cond: ((id >= 3506773) AND (id <= 3506873))

table 5 : explain SELECT id FROM sbtest5 WHERE id BETWEEN 3506773 AND 3506873
	Index Only Scan using sbtest5_pkey on sbtest5  (cost=0.43..6.66 rows=111 width=4)
	  Index Cond: ((id >= 3506773) AND (id <= 3506873))

table 6 : explain SELECT id FROM sbtest6 WHERE id BETWEEN 3506773 AND 3506873
	Index Only Scan using sbtest6_pkey on sbtest6  (cost=0.43..6.35 rows=96 width=4)
	  Index Cond: ((id >= 3506773) AND (id <= 3506873))

table 7 : explain SELECT id FROM sbtest7 WHERE id BETWEEN 3506773 AND 3506873
	Index Only Scan using sbtest7_pkey on sbtest7  (cost=0.43..10.56 rows=106 width=4)
	  Index Cond: ((id >= 3506773) AND (id <= 3506873))

table 8 : explain SELECT id FROM sbtest8 WHERE id BETWEEN 3506773 AND 3506873
	Index Only Scan using sbtest8_pkey on sbtest8  (cost=0.43..6.42 rows=99 width=4)
	  Index Cond: ((id >= 3506773) AND (id <= 3506873))

for range-covered
table 1 : explain SELECT id FROM sbtest1 WHERE id BETWEEN 2772497 AND 2772597
	Index Only Scan using sbtest1_pkey on sbtest1  (cost=0.43..6.21 rows=89 width=4)
	  Index Cond: ((id >= 2772497) AND (id <= 2772597))

table 2 : explain SELECT id FROM sbtest2 WHERE id BETWEEN 2772497 AND 2772597
	Index Only Scan using sbtest2_pkey on sbtest2  (cost=0.43..6.35 rows=96 width=4)
	  Index Cond: ((id >= 2772497) AND (id <= 2772597))

table 3 : explain SELECT id FROM sbtest3 WHERE id BETWEEN 2772497 AND 2772597
	Index Only Scan using sbtest3_pkey on sbtest3  (cost=0.43..6.66 rows=111 width=4)
	  Index Cond: ((id >= 2772497) AND (id <= 2772597))

table 4 : explain SELECT id FROM sbtest4 WHERE id BETWEEN 2772497 AND 2772597
	Index Only Scan using sbtest4_pkey on sbtest4  (cost=0.43..6.35 rows=96 width=4)
	  Index Cond: ((id >= 2772497) AND (id <= 2772597))

table 5 : explain SELECT id FROM sbtest5 WHERE id BETWEEN 2772497 AND 2772597
	Index Only Scan using sbtest5_pkey on sbtest5  (cost=0.43..6.47 rows=102 width=4)
	  Index Cond: ((id >= 2772497) AND (id <= 2772597))

table 6 : explain SELECT id FROM sbtest6 WHERE id BETWEEN 2772497 AND 2772597
	Index Only Scan using sbtest6_pkey on sbtest6  (cost=0.43..6.51 rows=104 width=4)
	  Index Cond: ((id >= 2772497) AND (id <= 2772597))

table 7 : explain SELECT id FROM sbtest7 WHERE id BETWEEN 2772497 AND 2772597
	Index Only Scan using sbtest7_pkey on sbtest7  (cost=0.43..10.36 rows=96 width=4)
	  Index Cond: ((id >= 2772497) AND (id <= 2772597))

table 8 : explain SELECT id FROM sbtest8 WHERE id BETWEEN 2772497 AND 2772597
	Index Only Scan using sbtest8_pkey on sbtest8  (cost=0.43..6.45 rows=101 width=4)
	  Index Cond: ((id >= 2772497) AND (id <= 2772597))

for range-covered
table 1 : explain SELECT id FROM sbtest1 WHERE id BETWEEN 4609179 AND 4609279
	Index Only Scan using sbtest1_pkey on sbtest1  (cost=0.43..6.59 rows=108 width=4)
	  Index Cond: ((id >= 4609179) AND (id <= 4609279))

table 2 : explain SELECT id FROM sbtest2 WHERE id BETWEEN 4609179 AND 4609279
	Index Only Scan using sbtest2_pkey on sbtest2  (cost=0.43..6.63 rows=110 width=4)
	  Index Cond: ((id >= 4609179) AND (id <= 4609279))

table 3 : explain SELECT id FROM sbtest3 WHERE id BETWEEN 4609179 AND 4609279
	Index Only Scan using sbtest3_pkey on sbtest3  (cost=0.43..6.35 rows=96 width=4)
	  Index Cond: ((id >= 4609179) AND (id <= 4609279))

table 4 : explain SELECT id FROM sbtest4 WHERE id BETWEEN 4609179 AND 4609279
	Index Only Scan using sbtest4_pkey on sbtest4  (cost=0.43..6.42 rows=99 width=4)
	  Index Cond: ((id >= 4609179) AND (id <= 4609279))

table 5 : explain SELECT id FROM sbtest5 WHERE id BETWEEN 4609179 AND 4609279
	Index Only Scan using sbtest5_pkey on sbtest5  (cost=0.43..6.40 rows=98 width=4)
	  Index Cond: ((id >= 4609179) AND (id <= 4609279))

table 6 : explain SELECT id FROM sbtest6 WHERE id BETWEEN 4609179 AND 4609279
	Index Only Scan using sbtest6_pkey on sbtest6  (cost=0.43..6.37 rows=97 width=4)
	  Index Cond: ((id >= 4609179) AND (id <= 4609279))

table 7 : explain SELECT id FROM sbtest7 WHERE id BETWEEN 4609179 AND 4609279
	Index Only Scan using sbtest7_pkey on sbtest7  (cost=0.43..10.65 rows=111 width=4)
	  Index Cond: ((id >= 4609179) AND (id <= 4609279))

table 8 : explain SELECT id FROM sbtest8 WHERE id BETWEEN 4609179 AND 4609279
	Index Only Scan using sbtest8_pkey on sbtest8  (cost=0.43..6.35 rows=96 width=4)
	  Index Cond: ((id >= 4609179) AND (id <= 4609279))

explain: for range-covered :: explain SELECT id FROM sbtest%d WHERE id BETWEEN 4609179 AND 4609279
for range-covered
table 1 : explain SELECT id FROM sbtest1 WHERE id BETWEEN 2557763 AND 2557863
	Index Only Scan using sbtest1_pkey on sbtest1  (cost=0.43..6.37 rows=97 width=4)
	  Index Cond: ((id >= 2557763) AND (id <= 2557863))

table 2 : explain SELECT id FROM sbtest2 WHERE id BETWEEN 2557763 AND 2557863
	Index Only Scan using sbtest2_pkey on sbtest2  (cost=0.43..6.59 rows=108 width=4)
	  Index Cond: ((id >= 2557763) AND (id <= 2557863))

table 3 : explain SELECT id FROM sbtest3 WHERE id BETWEEN 2557763 AND 2557863
	Index Only Scan using sbtest3_pkey on sbtest3  (cost=0.43..6.45 rows=101 width=4)
	  Index Cond: ((id >= 2557763) AND (id <= 2557863))

table 4 : explain SELECT id FROM sbtest4 WHERE id BETWEEN 2557763 AND 2557863
	Index Only Scan using sbtest4_pkey on sbtest4  (cost=0.43..6.35 rows=96 width=4)
	  Index Cond: ((id >= 2557763) AND (id <= 2557863))

table 5 : explain SELECT id FROM sbtest5 WHERE id BETWEEN 2557763 AND 2557863
	Index Only Scan using sbtest5_pkey on sbtest5  (cost=0.43..6.33 rows=95 width=4)
	  Index Cond: ((id >= 2557763) AND (id <= 2557863))

table 6 : explain SELECT id FROM sbtest6 WHERE id BETWEEN 2557763 AND 2557863
	Index Only Scan using sbtest6_pkey on sbtest6  (cost=0.43..6.74 rows=115 width=4)
	  Index Cond: ((id >= 2557763) AND (id <= 2557863))

table 7 : explain SELECT id FROM sbtest7 WHERE id BETWEEN 2557763 AND 2557863
	Index Only Scan using sbtest7_pkey on sbtest7  (cost=0.43..10.70 rows=113 width=4)
	  Index Cond: ((id >= 2557763) AND (id <= 2557863))

table 8 : explain SELECT id FROM sbtest8 WHERE id BETWEEN 2557763 AND 2557863
	Index Only Scan using sbtest8_pkey on sbtest8  (cost=0.43..6.63 rows=110 width=4)
	  Index Cond: ((id >= 2557763) AND (id <= 2557863))

explain: for range-covered :: explain SELECT id FROM sbtest%d WHERE id BETWEEN 2557763 AND 2557863
for range-covered
table 1 : explain SELECT id FROM sbtest1 WHERE id BETWEEN 7112853 AND 7112953
	Index Only Scan using sbtest1_pkey on sbtest1  (cost=0.43..6.43 rows=100 width=4)
	  Index Cond: ((id >= 7112853) AND (id <= 7112953))

table 2 : explain SELECT id FROM sbtest2 WHERE id BETWEEN 7112853 AND 7112953
	Index Only Scan using sbtest2_pkey on sbtest2  (cost=0.43..6.42 rows=99 width=4)
	  Index Cond: ((id >= 7112853) AND (id <= 7112953))

table 3 : explain SELECT id FROM sbtest3 WHERE id BETWEEN 7112853 AND 7112953
	Index Only Scan using sbtest3_pkey on sbtest3  (cost=0.43..6.40 rows=98 width=4)
	  Index Cond: ((id >= 7112853) AND (id <= 7112953))

table 4 : explain SELECT id FROM sbtest4 WHERE id BETWEEN 7112853 AND 7112953
	Index Only Scan using sbtest4_pkey on sbtest4  (cost=0.43..6.42 rows=99 width=4)
	  Index Cond: ((id >= 7112853) AND (id <= 7112953))

table 5 : explain SELECT id FROM sbtest5 WHERE id BETWEEN 7112853 AND 7112953
	Index Only Scan using sbtest5_pkey on sbtest5  (cost=0.43..6.27 rows=92 width=4)
	  Index Cond: ((id >= 7112853) AND (id <= 7112953))

table 6 : explain SELECT id FROM sbtest6 WHERE id BETWEEN 7112853 AND 7112953
	Index Only Scan using sbtest6_pkey on sbtest6  (cost=0.43..6.50 rows=103 width=4)
	  Index Cond: ((id >= 7112853) AND (id <= 7112953))

table 7 : explain SELECT id FROM sbtest7 WHERE id BETWEEN 7112853 AND 7112953
	Index Only Scan using sbtest7_pkey on sbtest7  (cost=0.43..10.33 rows=95 width=4)
	  Index Cond: ((id >= 7112853) AND (id <= 7112953))

table 8 : explain SELECT id FROM sbtest8 WHERE id BETWEEN 7112853 AND 7112953
	Index Only Scan using sbtest8_pkey on sbtest8  (cost=0.43..6.25 rows=91 width=4)
	  Index Cond: ((id >= 7112853) AND (id <= 7112953))

explain: for range-covered :: explain SELECT id FROM sbtest%d WHERE id BETWEEN 7112853 AND 7112953
for range-covered
table 1 : explain SELECT id FROM sbtest1 WHERE id BETWEEN 7386133 AND 7386233
	Index Only Scan using sbtest1_pkey on sbtest1  (cost=0.43..6.59 rows=108 width=4)
	  Index Cond: ((id >= 7386133) AND (id <= 7386233))

table 2 : explain SELECT id FROM sbtest2 WHERE id BETWEEN 7386133 AND 7386233
	Index Only Scan using sbtest2_pkey on sbtest2  (cost=0.43..6.58 rows=107 width=4)
	  Index Cond: ((id >= 7386133) AND (id <= 7386233))

table 3 : explain SELECT id FROM sbtest3 WHERE id BETWEEN 7386133 AND 7386233
	Index Only Scan using sbtest3_pkey on sbtest3  (cost=0.43..6.47 rows=102 width=4)
	  Index Cond: ((id >= 7386133) AND (id <= 7386233))

table 4 : explain SELECT id FROM sbtest4 WHERE id BETWEEN 7386133 AND 7386233
	Index Only Scan using sbtest4_pkey on sbtest4  (cost=0.43..6.58 rows=107 width=4)
	  Index Cond: ((id >= 7386133) AND (id <= 7386233))

table 5 : explain SELECT id FROM sbtest5 WHERE id BETWEEN 7386133 AND 7386233
	Index Only Scan using sbtest5_pkey on sbtest5  (cost=0.43..6.45 rows=101 width=4)
	  Index Cond: ((id >= 7386133) AND (id <= 7386233))

table 6 : explain SELECT id FROM sbtest6 WHERE id BETWEEN 7386133 AND 7386233
	Index Only Scan using sbtest6_pkey on sbtest6  (cost=0.43..6.35 rows=96 width=4)
	  Index Cond: ((id >= 7386133) AND (id <= 7386233))

table 7 : explain SELECT id FROM sbtest7 WHERE id BETWEEN 7386133 AND 7386233
	Index Only Scan using sbtest7_pkey on sbtest7  (cost=0.43..10.47 rows=102 width=4)
	  Index Cond: ((id >= 7386133) AND (id <= 7386233))

table 8 : explain SELECT id FROM sbtest8 WHERE id BETWEEN 7386133 AND 7386233
	Index Only Scan using sbtest8_pkey on sbtest8  (cost=0.43..6.61 rows=109 width=4)
	  Index Cond: ((id >= 7386133) AND (id <= 7386233))

explain: for range-covered :: explain SELECT id FROM sbtest%d WHERE id BETWEEN 7386133 AND 7386233
for range-covered
table 1 : explain SELECT id FROM sbtest1 WHERE id BETWEEN 2557763 AND 2557863
	Index Only Scan using sbtest1_pkey on sbtest1  (cost=0.43..6.37 rows=97 width=4)
	  Index Cond: ((id >= 2557763) AND (id <= 2557863))

table 2 : explain SELECT id FROM sbtest2 WHERE id BETWEEN 2557763 AND 2557863
	Index Only Scan using sbtest2_pkey on sbtest2  (cost=0.43..6.59 rows=108 width=4)
	  Index Cond: ((id >= 2557763) AND (id <= 2557863))

table 3 : explain SELECT id FROM sbtest3 WHERE id BETWEEN 2557763 AND 2557863
	Index Only Scan using sbtest3_pkey on sbtest3  (cost=0.43..6.45 rows=101 width=4)
	  Index Cond: ((id >= 2557763) AND (id <= 2557863))

table 4 : explain SELECT id FROM sbtest4 WHERE id BETWEEN 2557763 AND 2557863
	Index Only Scan using sbtest4_pkey on sbtest4  (cost=0.43..6.35 rows=96 width=4)
	  Index Cond: ((id >= 2557763) AND (id <= 2557863))

table 5 : explain SELECT id FROM sbtest5 WHERE id BETWEEN 2557763 AND 2557863
	Index Only Scan using sbtest5_pkey on sbtest5  (cost=0.43..6.33 rows=95 width=4)
	  Index Cond: ((id >= 2557763) AND (id <= 2557863))

table 6 : explain SELECT id FROM sbtest6 WHERE id BETWEEN 2557763 AND 2557863
	Index Only Scan using sbtest6_pkey on sbtest6  (cost=0.43..6.74 rows=115 width=4)
	  Index Cond: ((id >= 2557763) AND (id <= 2557863))

table 7 : explain SELECT id FROM sbtest7 WHERE id BETWEEN 2557763 AND 2557863
	Index Only Scan using sbtest7_pkey on sbtest7  (cost=0.43..10.70 rows=113 width=4)
	  Index Cond: ((id >= 2557763) AND (id <= 2557863))

table 8 : explain SELECT id FROM sbtest8 WHERE id BETWEEN 2557763 AND 2557863
	Index Only Scan using sbtest8_pkey on sbtest8  (cost=0.43..6.63 rows=110 width=4)
	  Index Cond: ((id >= 2557763) AND (id <= 2557863))

explain: for range-covered :: explain SELECT id FROM sbtest%d WHERE id BETWEEN 2557763 AND 2557863
for range-covered
table 1 : explain SELECT id FROM sbtest1 WHERE id BETWEEN 4609179 AND 4609279
	Index Only Scan using sbtest1_pkey on sbtest1  (cost=0.43..6.59 rows=108 width=4)
	  Index Cond: ((id >= 4609179) AND (id <= 4609279))

table 2 : explain SELECT id FROM sbtest2 WHERE id BETWEEN 4609179 AND 4609279
	Index Only Scan using sbtest2_pkey on sbtest2  (cost=0.43..6.63 rows=110 width=4)
	  Index Cond: ((id >= 4609179) AND (id <= 4609279))

table 3 : explain SELECT id FROM sbtest3 WHERE id BETWEEN 4609179 AND 4609279
	Index Only Scan using sbtest3_pkey on sbtest3  (cost=0.43..6.35 rows=96 width=4)
	  Index Cond: ((id >= 4609179) AND (id <= 4609279))

table 4 : explain SELECT id FROM sbtest4 WHERE id BETWEEN 4609179 AND 4609279
	Index Only Scan using sbtest4_pkey on sbtest4  (cost=0.43..6.42 rows=99 width=4)
	  Index Cond: ((id >= 4609179) AND (id <= 4609279))

table 5 : explain SELECT id FROM sbtest5 WHERE id BETWEEN 4609179 AND 4609279
	Index Only Scan using sbtest5_pkey on sbtest5  (cost=0.43..6.40 rows=98 width=4)
	  Index Cond: ((id >= 4609179) AND (id <= 4609279))

table 6 : explain SELECT id FROM sbtest6 WHERE id BETWEEN 4609179 AND 4609279
	Index Only Scan using sbtest6_pkey on sbtest6  (cost=0.43..6.37 rows=97 width=4)
	  Index Cond: ((id >= 4609179) AND (id <= 4609279))

table 7 : explain SELECT id FROM sbtest7 WHERE id BETWEEN 4609179 AND 4609279
	Index Only Scan using sbtest7_pkey on sbtest7  (cost=0.43..10.65 rows=111 width=4)
	  Index Cond: ((id >= 4609179) AND (id <= 4609279))

table 8 : explain SELECT id FROM sbtest8 WHERE id BETWEEN 4609179 AND 4609279
	Index Only Scan using sbtest8_pkey on sbtest8  (cost=0.43..6.35 rows=96 width=4)
	  Index Cond: ((id >= 4609179) AND (id <= 4609279))

for range-covered
table 1 : explain SELECT id FROM sbtest1 WHERE id BETWEEN 4874442 AND 4874542
	Index Only Scan using sbtest1_pkey on sbtest1  (cost=0.43..6.37 rows=97 width=4)
	  Index Cond: ((id >= 4874442) AND (id <= 4874542))

table 2 : explain SELECT id FROM sbtest2 WHERE id BETWEEN 4874442 AND 4874542
	Index Only Scan using sbtest2_pkey on sbtest2  (cost=0.43..6.42 rows=99 width=4)
	  Index Cond: ((id >= 4874442) AND (id <= 4874542))

table 3 : explain SELECT id FROM sbtest3 WHERE id BETWEEN 4874442 AND 4874542
	Index Only Scan using sbtest3_pkey on sbtest3  (cost=0.43..6.50 rows=103 width=4)
	  Index Cond: ((id >= 4874442) AND (id <= 4874542))

table 4 : explain SELECT id FROM sbtest4 WHERE id BETWEEN 4874442 AND 4874542
	Index Only Scan using sbtest4_pkey on sbtest4  (cost=0.43..6.27 rows=92 width=4)
	  Index Cond: ((id >= 4874442) AND (id <= 4874542))

table 5 : explain SELECT id FROM sbtest5 WHERE id BETWEEN 4874442 AND 4874542
	Index Only Scan using sbtest5_pkey on sbtest5  (cost=0.43..6.35 rows=96 width=4)
	  Index Cond: ((id >= 4874442) AND (id <= 4874542))

table 6 : explain SELECT id FROM sbtest6 WHERE id BETWEEN 4874442 AND 4874542
	Index Only Scan using sbtest6_pkey on sbtest6  (cost=0.43..6.40 rows=98 width=4)
	  Index Cond: ((id >= 4874442) AND (id <= 4874542))

table 7 : explain SELECT id FROM sbtest7 WHERE id BETWEEN 4874442 AND 4874542
	Index Only Scan using sbtest7_pkey on sbtest7  (cost=0.43..10.40 rows=98 width=4)
	  Index Cond: ((id >= 4874442) AND (id <= 4874542))

table 8 : explain SELECT id FROM sbtest8 WHERE id BETWEEN 4874442 AND 4874542
	Index Only Scan using sbtest8_pkey on sbtest8  (cost=0.43..6.47 rows=102 width=4)
	  Index Cond: ((id >= 4874442) AND (id <= 4874542))

for range-covered
table 1 : explain SELECT id FROM sbtest1 WHERE id BETWEEN 2557763 AND 2557863
	Index Only Scan using sbtest1_pkey on sbtest1  (cost=0.43..6.37 rows=97 width=4)
	  Index Cond: ((id >= 2557763) AND (id <= 2557863))

table 2 : explain SELECT id FROM sbtest2 WHERE id BETWEEN 2557763 AND 2557863
	Index Only Scan using sbtest2_pkey on sbtest2  (cost=0.43..6.59 rows=108 width=4)
	  Index Cond: ((id >= 2557763) AND (id <= 2557863))

table 3 : explain SELECT id FROM sbtest3 WHERE id BETWEEN 2557763 AND 2557863
	Index Only Scan using sbtest3_pkey on sbtest3  (cost=0.43..6.45 rows=101 width=4)
	  Index Cond: ((id >= 2557763) AND (id <= 2557863))

table 4 : explain SELECT id FROM sbtest4 WHERE id BETWEEN 2557763 AND 2557863
	Index Only Scan using sbtest4_pkey on sbtest4  (cost=0.43..6.35 rows=96 width=4)
	  Index Cond: ((id >= 2557763) AND (id <= 2557863))

table 5 : explain SELECT id FROM sbtest5 WHERE id BETWEEN 2557763 AND 2557863
	Index Only Scan using sbtest5_pkey on sbtest5  (cost=0.43..6.33 rows=95 width=4)
	  Index Cond: ((id >= 2557763) AND (id <= 2557863))

table 6 : explain SELECT id FROM sbtest6 WHERE id BETWEEN 2557763 AND 2557863
	Index Only Scan using sbtest6_pkey on sbtest6  (cost=0.43..6.74 rows=115 width=4)
	  Index Cond: ((id >= 2557763) AND (id <= 2557863))

table 7 : explain SELECT id FROM sbtest7 WHERE id BETWEEN 2557763 AND 2557863
	Index Only Scan using sbtest7_pkey on sbtest7  (cost=0.43..10.70 rows=113 width=4)
	  Index Cond: ((id >= 2557763) AND (id <= 2557863))

table 8 : explain SELECT id FROM sbtest8 WHERE id BETWEEN 2557763 AND 2557863
	Index Only Scan using sbtest8_pkey on sbtest8  (cost=0.43..6.63 rows=110 width=4)
	  Index Cond: ((id >= 2557763) AND (id <= 2557863))

explain: for range-covered :: explain SELECT id FROM sbtest%d WHERE id BETWEEN 2557763 AND 2557863
for range-covered
table 1 : explain SELECT id FROM sbtest1 WHERE id BETWEEN 6011447 AND 6011547
	Index Only Scan using sbtest1_pkey on sbtest1  (cost=0.43..6.47 rows=102 width=4)
	  Index Cond: ((id >= 6011447) AND (id <= 6011547))

table 2 : explain SELECT id FROM sbtest2 WHERE id BETWEEN 6011447 AND 6011547
	Index Only Scan using sbtest2_pkey on sbtest2  (cost=0.43..6.53 rows=105 width=4)
	  Index Cond: ((id >= 6011447) AND (id <= 6011547))

table 3 : explain SELECT id FROM sbtest3 WHERE id BETWEEN 6011447 AND 6011547
	Index Only Scan using sbtest3_pkey on sbtest3  (cost=0.43..6.47 rows=102 width=4)
	  Index Cond: ((id >= 6011447) AND (id <= 6011547))

table 4 : explain SELECT id FROM sbtest4 WHERE id BETWEEN 6011447 AND 6011547
	Index Only Scan using sbtest4_pkey on sbtest4  (cost=0.43..6.50 rows=103 width=4)
	  Index Cond: ((id >= 6011447) AND (id <= 6011547))

table 5 : explain SELECT id FROM sbtest5 WHERE id BETWEEN 6011447 AND 6011547
	Index Only Scan using sbtest5_pkey on sbtest5  (cost=0.43..6.63 rows=110 width=4)
	  Index Cond: ((id >= 6011447) AND (id <= 6011547))

table 6 : explain SELECT id FROM sbtest6 WHERE id BETWEEN 6011447 AND 6011547
	Index Only Scan using sbtest6_pkey on sbtest6  (cost=0.43..6.43 rows=100 width=4)
	  Index Cond: ((id >= 6011447) AND (id <= 6011547))

table 7 : explain SELECT id FROM sbtest7 WHERE id BETWEEN 6011447 AND 6011547
	Index Only Scan using sbtest7_pkey on sbtest7  (cost=0.43..10.51 rows=104 width=4)
	  Index Cond: ((id >= 6011447) AND (id <= 6011547))

table 8 : explain SELECT id FROM sbtest8 WHERE id BETWEEN 6011447 AND 6011547
	Index Only Scan using sbtest8_pkey on sbtest8  (cost=0.43..6.59 rows=108 width=4)
	  Index Cond: ((id >= 6011447) AND (id <= 6011547))

explain: for range-covered :: explain SELECT id FROM sbtest%d WHERE id BETWEEN 6011447 AND 6011547
for range-covered
table 1 : explain SELECT id FROM sbtest1 WHERE id BETWEEN 7112853 AND 7112953
	Index Only Scan using sbtest1_pkey on sbtest1  (cost=0.43..6.43 rows=100 width=4)
	  Index Cond: ((id >= 7112853) AND (id <= 7112953))

table 2 : explain SELECT id FROM sbtest2 WHERE id BETWEEN 7112853 AND 7112953
	Index Only Scan using sbtest2_pkey on sbtest2  (cost=0.43..6.42 rows=99 width=4)
	  Index Cond: ((id >= 7112853) AND (id <= 7112953))

table 3 : explain SELECT id FROM sbtest3 WHERE id BETWEEN 7112853 AND 7112953
	Index Only Scan using sbtest3_pkey on sbtest3  (cost=0.43..6.40 rows=98 width=4)
	  Index Cond: ((id >= 7112853) AND (id <= 7112953))

table 4 : explain SELECT id FROM sbtest4 WHERE id BETWEEN 7112853 AND 7112953
	Index Only Scan using sbtest4_pkey on sbtest4  (cost=0.43..6.42 rows=99 width=4)
	  Index Cond: ((id >= 7112853) AND (id <= 7112953))

table 5 : explain SELECT id FROM sbtest5 WHERE id BETWEEN 7112853 AND 7112953
	Index Only Scan using sbtest5_pkey on sbtest5  (cost=0.43..6.27 rows=92 width=4)
	  Index Cond: ((id >= 7112853) AND (id <= 7112953))

table 6 : explain SELECT id FROM sbtest6 WHERE id BETWEEN 7112853 AND 7112953
	Index Only Scan using sbtest6_pkey on sbtest6  (cost=0.43..6.50 rows=103 width=4)
	  Index Cond: ((id >= 7112853) AND (id <= 7112953))

table 7 : explain SELECT id FROM sbtest7 WHERE id BETWEEN 7112853 AND 7112953
	Index Only Scan using sbtest7_pkey on sbtest7  (cost=0.43..10.33 rows=95 width=4)
	  Index Cond: ((id >= 7112853) AND (id <= 7112953))

table 8 : explain SELECT id FROM sbtest8 WHERE id BETWEEN 7112853 AND 7112953
	Index Only Scan using sbtest8_pkey on sbtest8  (cost=0.43..6.25 rows=91 width=4)
	  Index Cond: ((id >= 7112853) AND (id <= 7112953))

for range-covered
table 1 : explain SELECT id FROM sbtest1 WHERE id BETWEEN 2557763 AND 2557863
	Index Only Scan using sbtest1_pkey on sbtest1  (cost=0.43..6.37 rows=97 width=4)
	  Index Cond: ((id >= 2557763) AND (id <= 2557863))

table 2 : explain SELECT id FROM sbtest2 WHERE id BETWEEN 2557763 AND 2557863
	Index Only Scan using sbtest2_pkey on sbtest2  (cost=0.43..6.59 rows=108 width=4)
	  Index Cond: ((id >= 2557763) AND (id <= 2557863))

table 3 : explain SELECT id FROM sbtest3 WHERE id BETWEEN 2557763 AND 2557863
	Index Only Scan using sbtest3_pkey on sbtest3  (cost=0.43..6.45 rows=101 width=4)
	  Index Cond: ((id >= 2557763) AND (id <= 2557863))

table 4 : explain SELECT id FROM sbtest4 WHERE id BETWEEN 2557763 AND 2557863
	Index Only Scan using sbtest4_pkey on sbtest4  (cost=0.43..6.35 rows=96 width=4)
	  Index Cond: ((id >= 2557763) AND (id <= 2557863))

table 5 : explain SELECT id FROM sbtest5 WHERE id BETWEEN 2557763 AND 2557863
	Index Only Scan using sbtest5_pkey on sbtest5  (cost=0.43..6.33 rows=95 width=4)
	  Index Cond: ((id >= 2557763) AND (id <= 2557863))

table 6 : explain SELECT id FROM sbtest6 WHERE id BETWEEN 2557763 AND 2557863
	Index Only Scan using sbtest6_pkey on sbtest6  (cost=0.43..6.74 rows=115 width=4)
	  Index Cond: ((id >= 2557763) AND (id <= 2557863))

table 7 : explain SELECT id FROM sbtest7 WHERE id BETWEEN 2557763 AND 2557863
	Index Only Scan using sbtest7_pkey on sbtest7  (cost=0.43..10.70 rows=113 width=4)
	  Index Cond: ((id >= 2557763) AND (id <= 2557863))

table 8 : explain SELECT id FROM sbtest8 WHERE id BETWEEN 2557763 AND 2557863
	Index Only Scan using sbtest8_pkey on sbtest8  (cost=0.43..6.63 rows=110 width=4)
	  Index Cond: ((id >= 2557763) AND (id <= 2557863))

explain: for range-covered :: explain SELECT id FROM sbtest%d WHERE id BETWEEN 2557763 AND 2557863
explain: for range-covered :: explain SELECT id FROM sbtest%d WHERE id BETWEEN 7112853 AND 7112953
explain: for range-covered :: explain SELECT id FROM sbtest%d WHERE id BETWEEN 5756993 AND 5757093
explain: for range-covered :: explain SELECT id FROM sbtest%d WHERE id BETWEEN 4408398 AND 4408498
for range-covered
table 1 : explain SELECT id FROM sbtest1 WHERE id BETWEEN 6011447 AND 6011547
	Index Only Scan using sbtest1_pkey on sbtest1  (cost=0.43..6.47 rows=102 width=4)
	  Index Cond: ((id >= 6011447) AND (id <= 6011547))

table 2 : explain SELECT id FROM sbtest2 WHERE id BETWEEN 6011447 AND 6011547
	Index Only Scan using sbtest2_pkey on sbtest2  (cost=0.43..6.53 rows=105 width=4)
	  Index Cond: ((id >= 6011447) AND (id <= 6011547))

table 3 : explain SELECT id FROM sbtest3 WHERE id BETWEEN 6011447 AND 6011547
	Index Only Scan using sbtest3_pkey on sbtest3  (cost=0.43..6.47 rows=102 width=4)
	  Index Cond: ((id >= 6011447) AND (id <= 6011547))

table 4 : explain SELECT id FROM sbtest4 WHERE id BETWEEN 6011447 AND 6011547
	Index Only Scan using sbtest4_pkey on sbtest4  (cost=0.43..6.50 rows=103 width=4)
	  Index Cond: ((id >= 6011447) AND (id <= 6011547))

table 5 : explain SELECT id FROM sbtest5 WHERE id BETWEEN 6011447 AND 6011547
	Index Only Scan using sbtest5_pkey on sbtest5  (cost=0.43..6.63 rows=110 width=4)
	  Index Cond: ((id >= 6011447) AND (id <= 6011547))

table 6 : explain SELECT id FROM sbtest6 WHERE id BETWEEN 6011447 AND 6011547
	Index Only Scan using sbtest6_pkey on sbtest6  (cost=0.43..6.43 rows=100 width=4)
	  Index Cond: ((id >= 6011447) AND (id <= 6011547))

table 7 : explain SELECT id FROM sbtest7 WHERE id BETWEEN 6011447 AND 6011547
	Index Only Scan using sbtest7_pkey on sbtest7  (cost=0.43..10.51 rows=104 width=4)
	  Index Cond: ((id >= 6011447) AND (id <= 6011547))

table 8 : explain SELECT id FROM sbtest8 WHERE id BETWEEN 6011447 AND 6011547
	Index Only Scan using sbtest8_pkey on sbtest8  (cost=0.43..6.59 rows=108 width=4)
	  Index Cond: ((id >= 6011447) AND (id <= 6011547))

explain: for range-covered :: explain SELECT id FROM sbtest%d WHERE id BETWEEN 8261741 AND 8261841
explain: for range-covered :: explain SELECT id FROM sbtest%d WHERE id BETWEEN 6011447 AND 6011547
for range-covered
table 1 : explain SELECT id FROM sbtest1 WHERE id BETWEEN 2557763 AND 2557863
	Index Only Scan using sbtest1_pkey on sbtest1  (cost=0.43..6.37 rows=97 width=4)
	  Index Cond: ((id >= 2557763) AND (id <= 2557863))

table 2 : explain SELECT id FROM sbtest2 WHERE id BETWEEN 2557763 AND 2557863
	Index Only Scan using sbtest2_pkey on sbtest2  (cost=0.43..6.59 rows=108 width=4)
	  Index Cond: ((id >= 2557763) AND (id <= 2557863))

table 3 : explain SELECT id FROM sbtest3 WHERE id BETWEEN 2557763 AND 2557863
	Index Only Scan using sbtest3_pkey on sbtest3  (cost=0.43..6.45 rows=101 width=4)
	  Index Cond: ((id >= 2557763) AND (id <= 2557863))

table 4 : explain SELECT id FROM sbtest4 WHERE id BETWEEN 2557763 AND 2557863
	Index Only Scan using sbtest4_pkey on sbtest4  (cost=0.43..6.35 rows=96 width=4)
	  Index Cond: ((id >= 2557763) AND (id <= 2557863))

table 5 : explain SELECT id FROM sbtest5 WHERE id BETWEEN 2557763 AND 2557863
	Index Only Scan using sbtest5_pkey on sbtest5  (cost=0.43..6.33 rows=95 width=4)
	  Index Cond: ((id >= 2557763) AND (id <= 2557863))

table 6 : explain SELECT id FROM sbtest6 WHERE id BETWEEN 2557763 AND 2557863
	Index Only Scan using sbtest6_pkey on sbtest6  (cost=0.43..6.74 rows=115 width=4)
	  Index Cond: ((id >= 2557763) AND (id <= 2557863))

table 7 : explain SELECT id FROM sbtest7 WHERE id BETWEEN 2557763 AND 2557863
	Index Only Scan using sbtest7_pkey on sbtest7  (cost=0.43..10.70 rows=113 width=4)
	  Index Cond: ((id >= 2557763) AND (id <= 2557863))

table 8 : explain SELECT id FROM sbtest8 WHERE id BETWEEN 2557763 AND 2557863
	Index Only Scan using sbtest8_pkey on sbtest8  (cost=0.43..6.63 rows=110 width=4)
	  Index Cond: ((id >= 2557763) AND (id <= 2557863))

explain: for range-covered :: explain SELECT id FROM sbtest%d WHERE id BETWEEN 2557763 AND 2557863
for range-covered
table 1 : explain SELECT id FROM sbtest1 WHERE id BETWEEN 7386133 AND 7386233
	Index Only Scan using sbtest1_pkey on sbtest1  (cost=0.43..6.59 rows=108 width=4)
	  Index Cond: ((id >= 7386133) AND (id <= 7386233))

table 2 : explain SELECT id FROM sbtest2 WHERE id BETWEEN 7386133 AND 7386233
	Index Only Scan using sbtest2_pkey on sbtest2  (cost=0.43..6.58 rows=107 width=4)
	  Index Cond: ((id >= 7386133) AND (id <= 7386233))

table 3 : explain SELECT id FROM sbtest3 WHERE id BETWEEN 7386133 AND 7386233
	Index Only Scan using sbtest3_pkey on sbtest3  (cost=0.43..6.47 rows=102 width=4)
	  Index Cond: ((id >= 7386133) AND (id <= 7386233))

table 4 : explain SELECT id FROM sbtest4 WHERE id BETWEEN 7386133 AND 7386233
	Index Only Scan using sbtest4_pkey on sbtest4  (cost=0.43..6.58 rows=107 width=4)
	  Index Cond: ((id >= 7386133) AND (id <= 7386233))

table 5 : explain SELECT id FROM sbtest5 WHERE id BETWEEN 7386133 AND 7386233
	Index Only Scan using sbtest5_pkey on sbtest5  (cost=0.43..6.45 rows=101 width=4)
	  Index Cond: ((id >= 7386133) AND (id <= 7386233))

table 6 : explain SELECT id FROM sbtest6 WHERE id BETWEEN 7386133 AND 7386233
	Index Only Scan using sbtest6_pkey on sbtest6  (cost=0.43..6.35 rows=96 width=4)
	  Index Cond: ((id >= 7386133) AND (id <= 7386233))

table 7 : explain SELECT id FROM sbtest7 WHERE id BETWEEN 7386133 AND 7386233
	Index Only Scan using sbtest7_pkey on sbtest7  (cost=0.43..10.47 rows=102 width=4)
	  Index Cond: ((id >= 7386133) AND (id <= 7386233))

table 8 : explain SELECT id FROM sbtest8 WHERE id BETWEEN 7386133 AND 7386233
	Index Only Scan using sbtest8_pkey on sbtest8  (cost=0.43..6.61 rows=109 width=4)
	  Index Cond: ((id >= 7386133) AND (id <= 7386233))

explain: for range-covered :: explain SELECT id FROM sbtest%d WHERE id BETWEEN 7386133 AND 7386233
explain: for range-covered :: explain SELECT id FROM sbtest%d WHERE id BETWEEN 2734472 AND 2734572
for range-covered
table 1 : explain SELECT id FROM sbtest1 WHERE id BETWEEN 6011447 AND 6011547
	Index Only Scan using sbtest1_pkey on sbtest1  (cost=0.43..6.47 rows=102 width=4)
	  Index Cond: ((id >= 6011447) AND (id <= 6011547))

table 2 : explain SELECT id FROM sbtest2 WHERE id BETWEEN 6011447 AND 6011547
	Index Only Scan using sbtest2_pkey on sbtest2  (cost=0.43..6.53 rows=105 width=4)
	  Index Cond: ((id >= 6011447) AND (id <= 6011547))

table 3 : explain SELECT id FROM sbtest3 WHERE id BETWEEN 6011447 AND 6011547
	Index Only Scan using sbtest3_pkey on sbtest3  (cost=0.43..6.47 rows=102 width=4)
	  Index Cond: ((id >= 6011447) AND (id <= 6011547))

table 4 : explain SELECT id FROM sbtest4 WHERE id BETWEEN 6011447 AND 6011547
	Index Only Scan using sbtest4_pkey on sbtest4  (cost=0.43..6.50 rows=103 width=4)
	  Index Cond: ((id >= 6011447) AND (id <= 6011547))

table 5 : explain SELECT id FROM sbtest5 WHERE id BETWEEN 6011447 AND 6011547
	Index Only Scan using sbtest5_pkey on sbtest5  (cost=0.43..6.63 rows=110 width=4)
	  Index Cond: ((id >= 6011447) AND (id <= 6011547))

table 6 : explain SELECT id FROM sbtest6 WHERE id BETWEEN 6011447 AND 6011547
	Index Only Scan using sbtest6_pkey on sbtest6  (cost=0.43..6.43 rows=100 width=4)
	  Index Cond: ((id >= 6011447) AND (id <= 6011547))

table 7 : explain SELECT id FROM sbtest7 WHERE id BETWEEN 6011447 AND 6011547
	Index Only Scan using sbtest7_pkey on sbtest7  (cost=0.43..10.51 rows=104 width=4)
	  Index Cond: ((id >= 6011447) AND (id <= 6011547))

table 8 : explain SELECT id FROM sbtest8 WHERE id BETWEEN 6011447 AND 6011547
	Index Only Scan using sbtest8_pkey on sbtest8  (cost=0.43..6.59 rows=108 width=4)
	  Index Cond: ((id >= 6011447) AND (id <= 6011547))

explain: for range-covered :: explain SELECT id FROM sbtest%d WHERE id BETWEEN 6011447 AND 6011547
for range-covered
table 1 : explain SELECT id FROM sbtest1 WHERE id BETWEEN 2557763 AND 2557863
	Index Only Scan using sbtest1_pkey on sbtest1  (cost=0.43..6.37 rows=97 width=4)
	  Index Cond: ((id >= 2557763) AND (id <= 2557863))

table 2 : explain SELECT id FROM sbtest2 WHERE id BETWEEN 2557763 AND 2557863
	Index Only Scan using sbtest2_pkey on sbtest2  (cost=0.43..6.59 rows=108 width=4)
	  Index Cond: ((id >= 2557763) AND (id <= 2557863))

table 3 : explain SELECT id FROM sbtest3 WHERE id BETWEEN 2557763 AND 2557863
	Index Only Scan using sbtest3_pkey on sbtest3  (cost=0.43..6.45 rows=101 width=4)
	  Index Cond: ((id >= 2557763) AND (id <= 2557863))

table 4 : explain SELECT id FROM sbtest4 WHERE id BETWEEN 2557763 AND 2557863
	Index Only Scan using sbtest4_pkey on sbtest4  (cost=0.43..6.35 rows=96 width=4)
	  Index Cond: ((id >= 2557763) AND (id <= 2557863))

table 5 : explain SELECT id FROM sbtest5 WHERE id BETWEEN 2557763 AND 2557863
	Index Only Scan using sbtest5_pkey on sbtest5  (cost=0.43..6.33 rows=95 width=4)
	  Index Cond: ((id >= 2557763) AND (id <= 2557863))

table 6 : explain SELECT id FROM sbtest6 WHERE id BETWEEN 2557763 AND 2557863
	Index Only Scan using sbtest6_pkey on sbtest6  (cost=0.43..6.74 rows=115 width=4)
	  Index Cond: ((id >= 2557763) AND (id <= 2557863))

table 7 : explain SELECT id FROM sbtest7 WHERE id BETWEEN 2557763 AND 2557863
	Index Only Scan using sbtest7_pkey on sbtest7  (cost=0.43..10.70 rows=113 width=4)
	  Index Cond: ((id >= 2557763) AND (id <= 2557863))

table 8 : explain SELECT id FROM sbtest8 WHERE id BETWEEN 2557763 AND 2557863
	Index Only Scan using sbtest8_pkey on sbtest8  (cost=0.43..6.63 rows=110 width=4)
	  Index Cond: ((id >= 2557763) AND (id <= 2557863))

explain: for range-covered :: explain SELECT id FROM sbtest%d WHERE id BETWEEN 2557763 AND 2557863
for range-covered
table 1 : explain SELECT id FROM sbtest1 WHERE id BETWEEN 6011447 AND 6011547
	Index Only Scan using sbtest1_pkey on sbtest1  (cost=0.43..6.47 rows=102 width=4)
	  Index Cond: ((id >= 6011447) AND (id <= 6011547))

table 2 : explain SELECT id FROM sbtest2 WHERE id BETWEEN 6011447 AND 6011547
	Index Only Scan using sbtest2_pkey on sbtest2  (cost=0.43..6.53 rows=105 width=4)
	  Index Cond: ((id >= 6011447) AND (id <= 6011547))

table 3 : explain SELECT id FROM sbtest3 WHERE id BETWEEN 6011447 AND 6011547
	Index Only Scan using sbtest3_pkey on sbtest3  (cost=0.43..6.47 rows=102 width=4)
	  Index Cond: ((id >= 6011447) AND (id <= 6011547))

table 4 : explain SELECT id FROM sbtest4 WHERE id BETWEEN 6011447 AND 6011547
	Index Only Scan using sbtest4_pkey on sbtest4  (cost=0.43..6.50 rows=103 width=4)
	  Index Cond: ((id >= 6011447) AND (id <= 6011547))

table 5 : explain SELECT id FROM sbtest5 WHERE id BETWEEN 6011447 AND 6011547
	Index Only Scan using sbtest5_pkey on sbtest5  (cost=0.43..6.63 rows=110 width=4)
	  Index Cond: ((id >= 6011447) AND (id <= 6011547))

table 6 : explain SELECT id FROM sbtest6 WHERE id BETWEEN 6011447 AND 6011547
	Index Only Scan using sbtest6_pkey on sbtest6  (cost=0.43..6.43 rows=100 width=4)
	  Index Cond: ((id >= 6011447) AND (id <= 6011547))

table 7 : explain SELECT id FROM sbtest7 WHERE id BETWEEN 6011447 AND 6011547
	Index Only Scan using sbtest7_pkey on sbtest7  (cost=0.43..10.51 rows=104 width=4)
	  Index Cond: ((id >= 6011447) AND (id <= 6011547))

table 8 : explain SELECT id FROM sbtest8 WHERE id BETWEEN 6011447 AND 6011547
	Index Only Scan using sbtest8_pkey on sbtest8  (cost=0.43..6.59 rows=108 width=4)
	  Index Cond: ((id >= 6011447) AND (id <= 6011547))

explain: for range-covered :: explain SELECT id FROM sbtest%d WHERE id BETWEEN 6011447 AND 6011547
for range-covered
table 1 : explain SELECT id FROM sbtest1 WHERE id BETWEEN 2557763 AND 2557863
	Index Only Scan using sbtest1_pkey on sbtest1  (cost=0.43..6.37 rows=97 width=4)
	  Index Cond: ((id >= 2557763) AND (id <= 2557863))

table 2 : explain SELECT id FROM sbtest2 WHERE id BETWEEN 2557763 AND 2557863
	Index Only Scan using sbtest2_pkey on sbtest2  (cost=0.43..6.59 rows=108 width=4)
	  Index Cond: ((id >= 2557763) AND (id <= 2557863))

table 3 : explain SELECT id FROM sbtest3 WHERE id BETWEEN 2557763 AND 2557863
	Index Only Scan using sbtest3_pkey on sbtest3  (cost=0.43..6.45 rows=101 width=4)
	  Index Cond: ((id >= 2557763) AND (id <= 2557863))

table 4 : explain SELECT id FROM sbtest4 WHERE id BETWEEN 2557763 AND 2557863
	Index Only Scan using sbtest4_pkey on sbtest4  (cost=0.43..6.35 rows=96 width=4)
	  Index Cond: ((id >= 2557763) AND (id <= 2557863))

table 5 : explain SELECT id FROM sbtest5 WHERE id BETWEEN 2557763 AND 2557863
	Index Only Scan using sbtest5_pkey on sbtest5  (cost=0.43..6.33 rows=95 width=4)
	  Index Cond: ((id >= 2557763) AND (id <= 2557863))

table 6 : explain SELECT id FROM sbtest6 WHERE id BETWEEN 2557763 AND 2557863
	Index Only Scan using sbtest6_pkey on sbtest6  (cost=0.43..6.74 rows=115 width=4)
	  Index Cond: ((id >= 2557763) AND (id <= 2557863))

table 7 : explain SELECT id FROM sbtest7 WHERE id BETWEEN 2557763 AND 2557863
	Index Only Scan using sbtest7_pkey on sbtest7  (cost=0.43..10.70 rows=113 width=4)
	  Index Cond: ((id >= 2557763) AND (id <= 2557863))

table 8 : explain SELECT id FROM sbtest8 WHERE id BETWEEN 2557763 AND 2557863
	Index Only Scan using sbtest8_pkey on sbtest8  (cost=0.43..6.63 rows=110 width=4)
	  Index Cond: ((id >= 2557763) AND (id <= 2557863))

explain: for range-covered :: explain SELECT id FROM sbtest%d WHERE id BETWEEN 2557763 AND 2557863
for range-covered
table 1 : explain SELECT id FROM sbtest1 WHERE id BETWEEN 6011447 AND 6011547
	Index Only Scan using sbtest1_pkey on sbtest1  (cost=0.43..6.47 rows=102 width=4)
	  Index Cond: ((id >= 6011447) AND (id <= 6011547))

table 2 : explain SELECT id FROM sbtest2 WHERE id BETWEEN 6011447 AND 6011547
	Index Only Scan using sbtest2_pkey on sbtest2  (cost=0.43..6.53 rows=105 width=4)
	  Index Cond: ((id >= 6011447) AND (id <= 6011547))

table 3 : explain SELECT id FROM sbtest3 WHERE id BETWEEN 6011447 AND 6011547
	Index Only Scan using sbtest3_pkey on sbtest3  (cost=0.43..6.47 rows=102 width=4)
	  Index Cond: ((id >= 6011447) AND (id <= 6011547))

table 4 : explain SELECT id FROM sbtest4 WHERE id BETWEEN 6011447 AND 6011547
	Index Only Scan using sbtest4_pkey on sbtest4  (cost=0.43..6.50 rows=103 width=4)
	  Index Cond: ((id >= 6011447) AND (id <= 6011547))

table 5 : explain SELECT id FROM sbtest5 WHERE id BETWEEN 6011447 AND 6011547
	Index Only Scan using sbtest5_pkey on sbtest5  (cost=0.43..6.63 rows=110 width=4)
	  Index Cond: ((id >= 6011447) AND (id <= 6011547))

table 6 : explain SELECT id FROM sbtest6 WHERE id BETWEEN 6011447 AND 6011547
	Index Only Scan using sbtest6_pkey on sbtest6  (cost=0.43..6.43 rows=100 width=4)
	  Index Cond: ((id >= 6011447) AND (id <= 6011547))

table 7 : explain SELECT id FROM sbtest7 WHERE id BETWEEN 6011447 AND 6011547
	Index Only Scan using sbtest7_pkey on sbtest7  (cost=0.43..10.51 rows=104 width=4)
	  Index Cond: ((id >= 6011447) AND (id <= 6011547))

table 8 : explain SELECT id FROM sbtest8 WHERE id BETWEEN 6011447 AND 6011547
	Index Only Scan using sbtest8_pkey on sbtest8  (cost=0.43..6.59 rows=108 width=4)
	  Index Cond: ((id >= 6011447) AND (id <= 6011547))

explain: for range-covered :: explain SELECT id FROM sbtest%d WHERE id BETWEEN 6011447 AND 6011547
for range-covered
table 1 : explain SELECT id FROM sbtest1 WHERE id BETWEEN 7386133 AND 7386233
	Index Only Scan using sbtest1_pkey on sbtest1  (cost=0.43..6.59 rows=108 width=4)
	  Index Cond: ((id >= 7386133) AND (id <= 7386233))

table 2 : explain SELECT id FROM sbtest2 WHERE id BETWEEN 7386133 AND 7386233
	Index Only Scan using sbtest2_pkey on sbtest2  (cost=0.43..6.58 rows=107 width=4)
	  Index Cond: ((id >= 7386133) AND (id <= 7386233))

table 3 : explain SELECT id FROM sbtest3 WHERE id BETWEEN 7386133 AND 7386233
	Index Only Scan using sbtest3_pkey on sbtest3  (cost=0.43..6.47 rows=102 width=4)
	  Index Cond: ((id >= 7386133) AND (id <= 7386233))

table 4 : explain SELECT id FROM sbtest4 WHERE id BETWEEN 7386133 AND 7386233
	Index Only Scan using sbtest4_pkey on sbtest4  (cost=0.43..6.58 rows=107 width=4)
	  Index Cond: ((id >= 7386133) AND (id <= 7386233))

table 5 : explain SELECT id FROM sbtest5 WHERE id BETWEEN 7386133 AND 7386233
	Index Only Scan using sbtest5_pkey on sbtest5  (cost=0.43..6.45 rows=101 width=4)
	  Index Cond: ((id >= 7386133) AND (id <= 7386233))

table 6 : explain SELECT id FROM sbtest6 WHERE id BETWEEN 7386133 AND 7386233
	Index Only Scan using sbtest6_pkey on sbtest6  (cost=0.43..6.35 rows=96 width=4)
	  Index Cond: ((id >= 7386133) AND (id <= 7386233))

table 7 : explain SELECT id FROM sbtest7 WHERE id BETWEEN 7386133 AND 7386233
	Index Only Scan using sbtest7_pkey on sbtest7  (cost=0.43..10.47 rows=102 width=4)
	  Index Cond: ((id >= 7386133) AND (id <= 7386233))

table 8 : explain SELECT id FROM sbtest8 WHERE id BETWEEN 7386133 AND 7386233
	Index Only Scan using sbtest8_pkey on sbtest8  (cost=0.43..6.61 rows=109 width=4)
	  Index Cond: ((id >= 7386133) AND (id <= 7386233))

explain: for range-covered :: explain SELECT id FROM sbtest%d WHERE id BETWEEN 7386133 AND 7386233
explain: for range-covered :: explain SELECT id FROM sbtest%d WHERE id BETWEEN 4673180 AND 4673280
for range-covered
table 1 : explain SELECT id FROM sbtest1 WHERE id BETWEEN 6011447 AND 6011547
	Index Only Scan using sbtest1_pkey on sbtest1  (cost=0.43..6.47 rows=102 width=4)
	  Index Cond: ((id >= 6011447) AND (id <= 6011547))

table 2 : explain SELECT id FROM sbtest2 WHERE id BETWEEN 6011447 AND 6011547
	Index Only Scan using sbtest2_pkey on sbtest2  (cost=0.43..6.53 rows=105 width=4)
	  Index Cond: ((id >= 6011447) AND (id <= 6011547))

table 3 : explain SELECT id FROM sbtest3 WHERE id BETWEEN 6011447 AND 6011547
	Index Only Scan using sbtest3_pkey on sbtest3  (cost=0.43..6.47 rows=102 width=4)
	  Index Cond: ((id >= 6011447) AND (id <= 6011547))

table 4 : explain SELECT id FROM sbtest4 WHERE id BETWEEN 6011447 AND 6011547
	Index Only Scan using sbtest4_pkey on sbtest4  (cost=0.43..6.50 rows=103 width=4)
	  Index Cond: ((id >= 6011447) AND (id <= 6011547))

table 5 : explain SELECT id FROM sbtest5 WHERE id BETWEEN 6011447 AND 6011547
	Index Only Scan using sbtest5_pkey on sbtest5  (cost=0.43..6.63 rows=110 width=4)
	  Index Cond: ((id >= 6011447) AND (id <= 6011547))

table 6 : explain SELECT id FROM sbtest6 WHERE id BETWEEN 6011447 AND 6011547
	Index Only Scan using sbtest6_pkey on sbtest6  (cost=0.43..6.43 rows=100 width=4)
	  Index Cond: ((id >= 6011447) AND (id <= 6011547))

table 7 : explain SELECT id FROM sbtest7 WHERE id BETWEEN 6011447 AND 6011547
	Index Only Scan using sbtest7_pkey on sbtest7  (cost=0.43..10.51 rows=104 width=4)
	  Index Cond: ((id >= 6011447) AND (id <= 6011547))

table 8 : explain SELECT id FROM sbtest8 WHERE id BETWEEN 6011447 AND 6011547
	Index Only Scan using sbtest8_pkey on sbtest8  (cost=0.43..6.59 rows=108 width=4)
	  Index Cond: ((id >= 6011447) AND (id <= 6011547))

for range-covered
table 1 : explain SELECT id FROM sbtest1 WHERE id BETWEEN 8261741 AND 8261841
	Index Only Scan using sbtest1_pkey on sbtest1  (cost=0.43..6.45 rows=101 width=4)
	  Index Cond: ((id >= 8261741) AND (id <= 8261841))

table 2 : explain SELECT id FROM sbtest2 WHERE id BETWEEN 8261741 AND 8261841
	Index Only Scan using sbtest2_pkey on sbtest2  (cost=0.43..6.63 rows=110 width=4)
	  Index Cond: ((id >= 8261741) AND (id <= 8261841))

table 3 : explain SELECT id FROM sbtest3 WHERE id BETWEEN 8261741 AND 8261841
	Index Only Scan using sbtest3_pkey on sbtest3  (cost=0.43..6.51 rows=104 width=4)
	  Index Cond: ((id >= 8261741) AND (id <= 8261841))

table 4 : explain SELECT id FROM sbtest4 WHERE id BETWEEN 8261741 AND 8261841
	Index Only Scan using sbtest4_pkey on sbtest4  (cost=0.43..6.42 rows=99 width=4)
	  Index Cond: ((id >= 8261741) AND (id <= 8261841))

table 5 : explain SELECT id FROM sbtest5 WHERE id BETWEEN 8261741 AND 8261841
	Index Only Scan using sbtest5_pkey on sbtest5  (cost=0.43..6.32 rows=94 width=4)
	  Index Cond: ((id >= 8261741) AND (id <= 8261841))

table 6 : explain SELECT id FROM sbtest6 WHERE id BETWEEN 8261741 AND 8261841
	Index Only Scan using sbtest6_pkey on sbtest6  (cost=0.43..6.58 rows=107 width=4)
	  Index Cond: ((id >= 8261741) AND (id <= 8261841))

table 7 : explain SELECT id FROM sbtest7 WHERE id BETWEEN 8261741 AND 8261841
	Index Only Scan using sbtest7_pkey on sbtest7  (cost=0.43..10.47 rows=102 width=4)
	  Index Cond: ((id >= 8261741) AND (id <= 8261841))

table 8 : explain SELECT id FROM sbtest8 WHERE id BETWEEN 8261741 AND 8261841
	Index Only Scan using sbtest8_pkey on sbtest8  (cost=0.43..6.53 rows=105 width=4)
	  Index Cond: ((id >= 8261741) AND (id <= 8261841))

explain: for range-covered :: explain SELECT id FROM sbtest%d WHERE id BETWEEN 6011447 AND 6011547
explain: for range-covered :: explain SELECT id FROM sbtest%d WHERE id BETWEEN 8261741 AND 8261841
for range-covered
table 1 : explain SELECT id FROM sbtest1 WHERE id BETWEEN 6011447 AND 6011547
	Index Only Scan using sbtest1_pkey on sbtest1  (cost=0.43..6.47 rows=102 width=4)
	  Index Cond: ((id >= 6011447) AND (id <= 6011547))

table 2 : explain SELECT id FROM sbtest2 WHERE id BETWEEN 6011447 AND 6011547
	Index Only Scan using sbtest2_pkey on sbtest2  (cost=0.43..6.53 rows=105 width=4)
	  Index Cond: ((id >= 6011447) AND (id <= 6011547))

table 3 : explain SELECT id FROM sbtest3 WHERE id BETWEEN 6011447 AND 6011547
	Index Only Scan using sbtest3_pkey on sbtest3  (cost=0.43..6.47 rows=102 width=4)
	  Index Cond: ((id >= 6011447) AND (id <= 6011547))

table 4 : explain SELECT id FROM sbtest4 WHERE id BETWEEN 6011447 AND 6011547
	Index Only Scan using sbtest4_pkey on sbtest4  (cost=0.43..6.50 rows=103 width=4)
	  Index Cond: ((id >= 6011447) AND (id <= 6011547))

table 5 : explain SELECT id FROM sbtest5 WHERE id BETWEEN 6011447 AND 6011547
	Index Only Scan using sbtest5_pkey on sbtest5  (cost=0.43..6.63 rows=110 width=4)
	  Index Cond: ((id >= 6011447) AND (id <= 6011547))

table 6 : explain SELECT id FROM sbtest6 WHERE id BETWEEN 6011447 AND 6011547
	Index Only Scan using sbtest6_pkey on sbtest6  (cost=0.43..6.43 rows=100 width=4)
	  Index Cond: ((id >= 6011447) AND (id <= 6011547))

table 7 : explain SELECT id FROM sbtest7 WHERE id BETWEEN 6011447 AND 6011547
	Index Only Scan using sbtest7_pkey on sbtest7  (cost=0.43..10.51 rows=104 width=4)
	  Index Cond: ((id >= 6011447) AND (id <= 6011547))

table 8 : explain SELECT id FROM sbtest8 WHERE id BETWEEN 6011447 AND 6011547
	Index Only Scan using sbtest8_pkey on sbtest8  (cost=0.43..6.59 rows=108 width=4)
	  Index Cond: ((id >= 6011447) AND (id <= 6011547))

explain: for range-covered :: explain SELECT id FROM sbtest%d WHERE id BETWEEN 6011447 AND 6011547
for range-covered
table 1 : explain SELECT id FROM sbtest1 WHERE id BETWEEN 4408398 AND 4408498
	Index Only Scan using sbtest1_pkey on sbtest1  (cost=0.43..6.42 rows=99 width=4)
	  Index Cond: ((id >= 4408398) AND (id <= 4408498))

table 2 : explain SELECT id FROM sbtest2 WHERE id BETWEEN 4408398 AND 4408498
	Index Only Scan using sbtest2_pkey on sbtest2  (cost=0.43..6.40 rows=98 width=4)
	  Index Cond: ((id >= 4408398) AND (id <= 4408498))

table 3 : explain SELECT id FROM sbtest3 WHERE id BETWEEN 4408398 AND 4408498
	Index Only Scan using sbtest3_pkey on sbtest3  (cost=0.43..6.43 rows=100 width=4)
	  Index Cond: ((id >= 4408398) AND (id <= 4408498))

table 4 : explain SELECT id FROM sbtest4 WHERE id BETWEEN 4408398 AND 4408498
	Index Only Scan using sbtest4_pkey on sbtest4  (cost=0.43..6.40 rows=98 width=4)
	  Index Cond: ((id >= 4408398) AND (id <= 4408498))

table 5 : explain SELECT id FROM sbtest5 WHERE id BETWEEN 4408398 AND 4408498
	Index Only Scan using sbtest5_pkey on sbtest5  (cost=0.43..6.56 rows=106 width=4)
	  Index Cond: ((id >= 4408398) AND (id <= 4408498))

table 6 : explain SELECT id FROM sbtest6 WHERE id BETWEEN 4408398 AND 4408498
	Index Only Scan using sbtest6_pkey on sbtest6  (cost=0.43..6.63 rows=110 width=4)
	  Index Cond: ((id >= 4408398) AND (id <= 4408498))

table 7 : explain SELECT id FROM sbtest7 WHERE id BETWEEN 4408398 AND 4408498
	Index Only Scan using sbtest7_pkey on sbtest7  (cost=0.43..10.36 rows=96 width=4)
	  Index Cond: ((id >= 4408398) AND (id <= 4408498))

table 8 : explain SELECT id FROM sbtest8 WHERE id BETWEEN 4408398 AND 4408498
	Index Only Scan using sbtest8_pkey on sbtest8  (cost=0.43..6.37 rows=97 width=4)
	  Index Cond: ((id >= 4408398) AND (id <= 4408498))

for range-covered
table 1 : explain SELECT id FROM sbtest1 WHERE id BETWEEN 8261741 AND 8261841
	Index Only Scan using sbtest1_pkey on sbtest1  (cost=0.43..6.45 rows=101 width=4)
	  Index Cond: ((id >= 8261741) AND (id <= 8261841))

table 2 : explain SELECT id FROM sbtest2 WHERE id BETWEEN 8261741 AND 8261841
	Index Only Scan using sbtest2_pkey on sbtest2  (cost=0.43..6.63 rows=110 width=4)
	  Index Cond: ((id >= 8261741) AND (id <= 8261841))

table 3 : explain SELECT id FROM sbtest3 WHERE id BETWEEN 8261741 AND 8261841
	Index Only Scan using sbtest3_pkey on sbtest3  (cost=0.43..6.51 rows=104 width=4)
	  Index Cond: ((id >= 8261741) AND (id <= 8261841))

table 4 : explain SELECT id FROM sbtest4 WHERE id BETWEEN 8261741 AND 8261841
	Index Only Scan using sbtest4_pkey on sbtest4  (cost=0.43..6.42 rows=99 width=4)
	  Index Cond: ((id >= 8261741) AND (id <= 8261841))

table 5 : explain SELECT id FROM sbtest5 WHERE id BETWEEN 8261741 AND 8261841
	Index Only Scan using sbtest5_pkey on sbtest5  (cost=0.43..6.32 rows=94 width=4)
	  Index Cond: ((id >= 8261741) AND (id <= 8261841))

table 6 : explain SELECT id FROM sbtest6 WHERE id BETWEEN 8261741 AND 8261841
	Index Only Scan using sbtest6_pkey on sbtest6  (cost=0.43..6.58 rows=107 width=4)
	  Index Cond: ((id >= 8261741) AND (id <= 8261841))

table 7 : explain SELECT id FROM sbtest7 WHERE id BETWEEN 8261741 AND 8261841
	Index Only Scan using sbtest7_pkey on sbtest7  (cost=0.43..10.47 rows=102 width=4)
	  Index Cond: ((id >= 8261741) AND (id <= 8261841))

table 8 : explain SELECT id FROM sbtest8 WHERE id BETWEEN 8261741 AND 8261841
	Index Only Scan using sbtest8_pkey on sbtest8  (cost=0.43..6.53 rows=105 width=4)
	  Index Cond: ((id >= 8261741) AND (id <= 8261841))

explain: for range-covered :: explain SELECT id FROM sbtest%d WHERE id BETWEEN 8261741 AND 8261841
explain: for range-covered :: explain SELECT id FROM sbtest%d WHERE id BETWEEN 4408398 AND 4408498
for range-covered
table 1 : explain SELECT id FROM sbtest1 WHERE id BETWEEN 5756993 AND 5757093
	Index Only Scan using sbtest1_pkey on sbtest1  (cost=0.43..6.43 rows=100 width=4)
	  Index Cond: ((id >= 5756993) AND (id <= 5757093))

table 2 : explain SELECT id FROM sbtest2 WHERE id BETWEEN 5756993 AND 5757093
	Index Only Scan using sbtest2_pkey on sbtest2  (cost=0.43..6.40 rows=98 width=4)
	  Index Cond: ((id >= 5756993) AND (id <= 5757093))

table 3 : explain SELECT id FROM sbtest3 WHERE id BETWEEN 5756993 AND 5757093
	Index Only Scan using sbtest3_pkey on sbtest3  (cost=0.43..6.45 rows=101 width=4)
	  Index Cond: ((id >= 5756993) AND (id <= 5757093))

table 4 : explain SELECT id FROM sbtest4 WHERE id BETWEEN 5756993 AND 5757093
	Index Only Scan using sbtest4_pkey on sbtest4  (cost=0.43..6.53 rows=105 width=4)
	  Index Cond: ((id >= 5756993) AND (id <= 5757093))

table 5 : explain SELECT id FROM sbtest5 WHERE id BETWEEN 5756993 AND 5757093
	Index Only Scan using sbtest5_pkey on sbtest5  (cost=0.43..6.27 rows=92 width=4)
	  Index Cond: ((id >= 5756993) AND (id <= 5757093))

table 6 : explain SELECT id FROM sbtest6 WHERE id BETWEEN 5756993 AND 5757093
	Index Only Scan using sbtest6_pkey on sbtest6  (cost=0.43..6.43 rows=100 width=4)
	  Index Cond: ((id >= 5756993) AND (id <= 5757093))

table 7 : explain SELECT id FROM sbtest7 WHERE id BETWEEN 5756993 AND 5757093
	Index Only Scan using sbtest7_pkey on sbtest7  (cost=0.43..10.47 rows=102 width=4)
	  Index Cond: ((id >= 5756993) AND (id <= 5757093))

table 8 : explain SELECT id FROM sbtest8 WHERE id BETWEEN 5756993 AND 5757093
	Index Only Scan using sbtest8_pkey on sbtest8  (cost=0.43..6.61 rows=109 width=4)
	  Index Cond: ((id >= 5756993) AND (id <= 5757093))

explain: for range-covered :: explain SELECT id FROM sbtest%d WHERE id BETWEEN 5756993 AND 5757093
for range-covered
table 1 : explain SELECT id FROM sbtest1 WHERE id BETWEEN 8261741 AND 8261841
	Index Only Scan using sbtest1_pkey on sbtest1  (cost=0.43..6.45 rows=101 width=4)
	  Index Cond: ((id >= 8261741) AND (id <= 8261841))

table 2 : explain SELECT id FROM sbtest2 WHERE id BETWEEN 8261741 AND 8261841
	Index Only Scan using sbtest2_pkey on sbtest2  (cost=0.43..6.63 rows=110 width=4)
	  Index Cond: ((id >= 8261741) AND (id <= 8261841))

table 3 : explain SELECT id FROM sbtest3 WHERE id BETWEEN 8261741 AND 8261841
	Index Only Scan using sbtest3_pkey on sbtest3  (cost=0.43..6.51 rows=104 width=4)
	  Index Cond: ((id >= 8261741) AND (id <= 8261841))

table 4 : explain SELECT id FROM sbtest4 WHERE id BETWEEN 8261741 AND 8261841
	Index Only Scan using sbtest4_pkey on sbtest4  (cost=0.43..6.42 rows=99 width=4)
	  Index Cond: ((id >= 8261741) AND (id <= 8261841))

table 5 : explain SELECT id FROM sbtest5 WHERE id BETWEEN 8261741 AND 8261841
	Index Only Scan using sbtest5_pkey on sbtest5  (cost=0.43..6.32 rows=94 width=4)
	  Index Cond: ((id >= 8261741) AND (id <= 8261841))

table 6 : explain SELECT id FROM sbtest6 WHERE id BETWEEN 8261741 AND 8261841
	Index Only Scan using sbtest6_pkey on sbtest6  (cost=0.43..6.58 rows=107 width=4)
	  Index Cond: ((id >= 8261741) AND (id <= 8261841))

table 7 : explain SELECT id FROM sbtest7 WHERE id BETWEEN 8261741 AND 8261841
	Index Only Scan using sbtest7_pkey on sbtest7  (cost=0.43..10.47 rows=102 width=4)
	  Index Cond: ((id >= 8261741) AND (id <= 8261841))

table 8 : explain SELECT id FROM sbtest8 WHERE id BETWEEN 8261741 AND 8261841
	Index Only Scan using sbtest8_pkey on sbtest8  (cost=0.43..6.53 rows=105 width=4)
	  Index Cond: ((id >= 8261741) AND (id <= 8261841))

explain: for range-covered :: explain SELECT id FROM sbtest%d WHERE id BETWEEN 8261741 AND 8261841
for range-covered
table 1 : explain SELECT id FROM sbtest1 WHERE id BETWEEN 2557763 AND 2557863
	Index Only Scan using sbtest1_pkey on sbtest1  (cost=0.43..6.37 rows=97 width=4)
	  Index Cond: ((id >= 2557763) AND (id <= 2557863))

table 2 : explain SELECT id FROM sbtest2 WHERE id BETWEEN 2557763 AND 2557863
	Index Only Scan using sbtest2_pkey on sbtest2  (cost=0.43..6.59 rows=108 width=4)
	  Index Cond: ((id >= 2557763) AND (id <= 2557863))

table 3 : explain SELECT id FROM sbtest3 WHERE id BETWEEN 2557763 AND 2557863
	Index Only Scan using sbtest3_pkey on sbtest3  (cost=0.43..6.45 rows=101 width=4)
	  Index Cond: ((id >= 2557763) AND (id <= 2557863))

table 4 : explain SELECT id FROM sbtest4 WHERE id BETWEEN 2557763 AND 2557863
	Index Only Scan using sbtest4_pkey on sbtest4  (cost=0.43..6.35 rows=96 width=4)
	  Index Cond: ((id >= 2557763) AND (id <= 2557863))

table 5 : explain SELECT id FROM sbtest5 WHERE id BETWEEN 2557763 AND 2557863
	Index Only Scan using sbtest5_pkey on sbtest5  (cost=0.43..6.33 rows=95 width=4)
	  Index Cond: ((id >= 2557763) AND (id <= 2557863))

table 6 : explain SELECT id FROM sbtest6 WHERE id BETWEEN 2557763 AND 2557863
	Index Only Scan using sbtest6_pkey on sbtest6  (cost=0.43..6.74 rows=115 width=4)
	  Index Cond: ((id >= 2557763) AND (id <= 2557863))

table 7 : explain SELECT id FROM sbtest7 WHERE id BETWEEN 2557763 AND 2557863
	Index Only Scan using sbtest7_pkey on sbtest7  (cost=0.43..10.70 rows=113 width=4)
	  Index Cond: ((id >= 2557763) AND (id <= 2557863))

table 8 : explain SELECT id FROM sbtest8 WHERE id BETWEEN 2557763 AND 2557863
	Index Only Scan using sbtest8_pkey on sbtest8  (cost=0.43..6.63 rows=110 width=4)
	  Index Cond: ((id >= 2557763) AND (id <= 2557863))

for range-covered
table 1 : explain SELECT id FROM sbtest1 WHERE id BETWEEN 4408398 AND 4408498
	Index Only Scan using sbtest1_pkey on sbtest1  (cost=0.43..6.42 rows=99 width=4)
	  Index Cond: ((id >= 4408398) AND (id <= 4408498))

table 2 : explain SELECT id FROM sbtest2 WHERE id BETWEEN 4408398 AND 4408498
	Index Only Scan using sbtest2_pkey on sbtest2  (cost=0.43..6.40 rows=98 width=4)
	  Index Cond: ((id >= 4408398) AND (id <= 4408498))

table 3 : explain SELECT id FROM sbtest3 WHERE id BETWEEN 4408398 AND 4408498
	Index Only Scan using sbtest3_pkey on sbtest3  (cost=0.43..6.43 rows=100 width=4)
	  Index Cond: ((id >= 4408398) AND (id <= 4408498))

table 4 : explain SELECT id FROM sbtest4 WHERE id BETWEEN 4408398 AND 4408498
	Index Only Scan using sbtest4_pkey on sbtest4  (cost=0.43..6.40 rows=98 width=4)
	  Index Cond: ((id >= 4408398) AND (id <= 4408498))

table 5 : explain SELECT id FROM sbtest5 WHERE id BETWEEN 4408398 AND 4408498
	Index Only Scan using sbtest5_pkey on sbtest5  (cost=0.43..6.56 rows=106 width=4)
	  Index Cond: ((id >= 4408398) AND (id <= 4408498))

table 6 : explain SELECT id FROM sbtest6 WHERE id BETWEEN 4408398 AND 4408498
	Index Only Scan using sbtest6_pkey on sbtest6  (cost=0.43..6.63 rows=110 width=4)
	  Index Cond: ((id >= 4408398) AND (id <= 4408498))

table 7 : explain SELECT id FROM sbtest7 WHERE id BETWEEN 4408398 AND 4408498
	Index Only Scan using sbtest7_pkey on sbtest7  (cost=0.43..10.36 rows=96 width=4)
	  Index Cond: ((id >= 4408398) AND (id <= 4408498))

table 8 : explain SELECT id FROM sbtest8 WHERE id BETWEEN 4408398 AND 4408498
	Index Only Scan using sbtest8_pkey on sbtest8  (cost=0.43..6.37 rows=97 width=4)
	  Index Cond: ((id >= 4408398) AND (id <= 4408498))

explain: for range-covered :: explain SELECT id FROM sbtest%d WHERE id BETWEEN 4408398 AND 4408498
for range-covered
table 1 : explain SELECT id FROM sbtest1 WHERE id BETWEEN 7112853 AND 7112953
	Index Only Scan using sbtest1_pkey on sbtest1  (cost=0.43..6.43 rows=100 width=4)
	  Index Cond: ((id >= 7112853) AND (id <= 7112953))

table 2 : explain SELECT id FROM sbtest2 WHERE id BETWEEN 7112853 AND 7112953
	Index Only Scan using sbtest2_pkey on sbtest2  (cost=0.43..6.42 rows=99 width=4)
	  Index Cond: ((id >= 7112853) AND (id <= 7112953))

table 3 : explain SELECT id FROM sbtest3 WHERE id BETWEEN 7112853 AND 7112953
	Index Only Scan using sbtest3_pkey on sbtest3  (cost=0.43..6.40 rows=98 width=4)
	  Index Cond: ((id >= 7112853) AND (id <= 7112953))

table 4 : explain SELECT id FROM sbtest4 WHERE id BETWEEN 7112853 AND 7112953
	Index Only Scan using sbtest4_pkey on sbtest4  (cost=0.43..6.42 rows=99 width=4)
	  Index Cond: ((id >= 7112853) AND (id <= 7112953))

table 5 : explain SELECT id FROM sbtest5 WHERE id BETWEEN 7112853 AND 7112953
	Index Only Scan using sbtest5_pkey on sbtest5  (cost=0.43..6.27 rows=92 width=4)
	  Index Cond: ((id >= 7112853) AND (id <= 7112953))

table 6 : explain SELECT id FROM sbtest6 WHERE id BETWEEN 7112853 AND 7112953
	Index Only Scan using sbtest6_pkey on sbtest6  (cost=0.43..6.50 rows=103 width=4)
	  Index Cond: ((id >= 7112853) AND (id <= 7112953))

table 7 : explain SELECT id FROM sbtest7 WHERE id BETWEEN 7112853 AND 7112953
	Index Only Scan using sbtest7_pkey on sbtest7  (cost=0.43..10.33 rows=95 width=4)
	  Index Cond: ((id >= 7112853) AND (id <= 7112953))

table 8 : explain SELECT id FROM sbtest8 WHERE id BETWEEN 7112853 AND 7112953
	Index Only Scan using sbtest8_pkey on sbtest8  (cost=0.43..6.25 rows=91 width=4)
	  Index Cond: ((id >= 7112853) AND (id <= 7112953))

for range-covered
table 1 : explain SELECT id FROM sbtest1 WHERE id BETWEEN 7386133 AND 7386233
	Index Only Scan using sbtest1_pkey on sbtest1  (cost=0.43..6.59 rows=108 width=4)
	  Index Cond: ((id >= 7386133) AND (id <= 7386233))

table 2 : explain SELECT id FROM sbtest2 WHERE id BETWEEN 7386133 AND 7386233
	Index Only Scan using sbtest2_pkey on sbtest2  (cost=0.43..6.58 rows=107 width=4)
	  Index Cond: ((id >= 7386133) AND (id <= 7386233))

table 3 : explain SELECT id FROM sbtest3 WHERE id BETWEEN 7386133 AND 7386233
	Index Only Scan using sbtest3_pkey on sbtest3  (cost=0.43..6.47 rows=102 width=4)
	  Index Cond: ((id >= 7386133) AND (id <= 7386233))

table 4 : explain SELECT id FROM sbtest4 WHERE id BETWEEN 7386133 AND 7386233
	Index Only Scan using sbtest4_pkey on sbtest4  (cost=0.43..6.58 rows=107 width=4)
	  Index Cond: ((id >= 7386133) AND (id <= 7386233))

table 5 : explain SELECT id FROM sbtest5 WHERE id BETWEEN 7386133 AND 7386233
	Index Only Scan using sbtest5_pkey on sbtest5  (cost=0.43..6.45 rows=101 width=4)
	  Index Cond: ((id >= 7386133) AND (id <= 7386233))

table 6 : explain SELECT id FROM sbtest6 WHERE id BETWEEN 7386133 AND 7386233
	Index Only Scan using sbtest6_pkey on sbtest6  (cost=0.43..6.35 rows=96 width=4)
	  Index Cond: ((id >= 7386133) AND (id <= 7386233))

table 7 : explain SELECT id FROM sbtest7 WHERE id BETWEEN 7386133 AND 7386233
	Index Only Scan using sbtest7_pkey on sbtest7  (cost=0.43..10.47 rows=102 width=4)
	  Index Cond: ((id >= 7386133) AND (id <= 7386233))

table 8 : explain SELECT id FROM sbtest8 WHERE id BETWEEN 7386133 AND 7386233
	Index Only Scan using sbtest8_pkey on sbtest8  (cost=0.43..6.61 rows=109 width=4)
	  Index Cond: ((id >= 7386133) AND (id <= 7386233))

for range-covered
table 1 : explain SELECT id FROM sbtest1 WHERE id BETWEEN 8261741 AND 8261841
	Index Only Scan using sbtest1_pkey on sbtest1  (cost=0.43..6.45 rows=101 width=4)
	  Index Cond: ((id >= 8261741) AND (id <= 8261841))

table 2 : explain SELECT id FROM sbtest2 WHERE id BETWEEN 8261741 AND 8261841
	Index Only Scan using sbtest2_pkey on sbtest2  (cost=0.43..6.63 rows=110 width=4)
	  Index Cond: ((id >= 8261741) AND (id <= 8261841))

table 3 : explain SELECT id FROM sbtest3 WHERE id BETWEEN 8261741 AND 8261841
	Index Only Scan using sbtest3_pkey on sbtest3  (cost=0.43..6.51 rows=104 width=4)
	  Index Cond: ((id >= 8261741) AND (id <= 8261841))

table 4 : explain SELECT id FROM sbtest4 WHERE id BETWEEN 8261741 AND 8261841
	Index Only Scan using sbtest4_pkey on sbtest4  (cost=0.43..6.42 rows=99 width=4)
	  Index Cond: ((id >= 8261741) AND (id <= 8261841))

table 5 : explain SELECT id FROM sbtest5 WHERE id BETWEEN 8261741 AND 8261841
	Index Only Scan using sbtest5_pkey on sbtest5  (cost=0.43..6.32 rows=94 width=4)
	  Index Cond: ((id >= 8261741) AND (id <= 8261841))

table 6 : explain SELECT id FROM sbtest6 WHERE id BETWEEN 8261741 AND 8261841
	Index Only Scan using sbtest6_pkey on sbtest6  (cost=0.43..6.58 rows=107 width=4)
	  Index Cond: ((id >= 8261741) AND (id <= 8261841))

table 7 : explain SELECT id FROM sbtest7 WHERE id BETWEEN 8261741 AND 8261841
	Index Only Scan using sbtest7_pkey on sbtest7  (cost=0.43..10.47 rows=102 width=4)
	  Index Cond: ((id >= 8261741) AND (id <= 8261841))

table 8 : explain SELECT id FROM sbtest8 WHERE id BETWEEN 8261741 AND 8261841
	Index Only Scan using sbtest8_pkey on sbtest8  (cost=0.43..6.53 rows=105 width=4)
	  Index Cond: ((id >= 8261741) AND (id <= 8261841))

explain: for range-covered :: explain SELECT id FROM sbtest%d WHERE id BETWEEN 7112853 AND 7112953
explain: for range-covered :: explain SELECT id FROM sbtest%d WHERE id BETWEEN 8261741 AND 8261841
for range-covered
table 1 : explain SELECT id FROM sbtest1 WHERE id BETWEEN 5756993 AND 5757093
	Index Only Scan using sbtest1_pkey on sbtest1  (cost=0.43..6.43 rows=100 width=4)
	  Index Cond: ((id >= 5756993) AND (id <= 5757093))

table 2 : explain SELECT id FROM sbtest2 WHERE id BETWEEN 5756993 AND 5757093
	Index Only Scan using sbtest2_pkey on sbtest2  (cost=0.43..6.40 rows=98 width=4)
	  Index Cond: ((id >= 5756993) AND (id <= 5757093))

table 3 : explain SELECT id FROM sbtest3 WHERE id BETWEEN 5756993 AND 5757093
	Index Only Scan using sbtest3_pkey on sbtest3  (cost=0.43..6.45 rows=101 width=4)
	  Index Cond: ((id >= 5756993) AND (id <= 5757093))

table 4 : explain SELECT id FROM sbtest4 WHERE id BETWEEN 5756993 AND 5757093
	Index Only Scan using sbtest4_pkey on sbtest4  (cost=0.43..6.53 rows=105 width=4)
	  Index Cond: ((id >= 5756993) AND (id <= 5757093))

table 5 : explain SELECT id FROM sbtest5 WHERE id BETWEEN 5756993 AND 5757093
	Index Only Scan using sbtest5_pkey on sbtest5  (cost=0.43..6.27 rows=92 width=4)
	  Index Cond: ((id >= 5756993) AND (id <= 5757093))

table 6 : explain SELECT id FROM sbtest6 WHERE id BETWEEN 5756993 AND 5757093
	Index Only Scan using sbtest6_pkey on sbtest6  (cost=0.43..6.43 rows=100 width=4)
	  Index Cond: ((id >= 5756993) AND (id <= 5757093))

table 7 : explain SELECT id FROM sbtest7 WHERE id BETWEEN 5756993 AND 5757093
	Index Only Scan using sbtest7_pkey on sbtest7  (cost=0.43..10.47 rows=102 width=4)
	  Index Cond: ((id >= 5756993) AND (id <= 5757093))

table 8 : explain SELECT id FROM sbtest8 WHERE id BETWEEN 5756993 AND 5757093
	Index Only Scan using sbtest8_pkey on sbtest8  (cost=0.43..6.61 rows=109 width=4)
	  Index Cond: ((id >= 5756993) AND (id <= 5757093))

for range-covered
table 1 : explain SELECT id FROM sbtest1 WHERE id BETWEEN 2734472 AND 2734572
	Index Only Scan using sbtest1_pkey on sbtest1  (cost=0.43..6.21 rows=89 width=4)
	  Index Cond: ((id >= 2734472) AND (id <= 2734572))

table 2 : explain SELECT id FROM sbtest2 WHERE id BETWEEN 2734472 AND 2734572
	Index Only Scan using sbtest2_pkey on sbtest2  (cost=0.43..6.50 rows=103 width=4)
	  Index Cond: ((id >= 2734472) AND (id <= 2734572))

table 3 : explain SELECT id FROM sbtest3 WHERE id BETWEEN 2734472 AND 2734572
	Index Only Scan using sbtest3_pkey on sbtest3  (cost=0.43..6.66 rows=111 width=4)
	  Index Cond: ((id >= 2734472) AND (id <= 2734572))

table 4 : explain SELECT id FROM sbtest4 WHERE id BETWEEN 2734472 AND 2734572
	Index Only Scan using sbtest4_pkey on sbtest4  (cost=0.43..6.35 rows=96 width=4)
	  Index Cond: ((id >= 2734472) AND (id <= 2734572))

table 5 : explain SELECT id FROM sbtest5 WHERE id BETWEEN 2734472 AND 2734572
	Index Only Scan using sbtest5_pkey on sbtest5  (cost=0.43..6.47 rows=102 width=4)
	  Index Cond: ((id >= 2734472) AND (id <= 2734572))

table 6 : explain SELECT id FROM sbtest6 WHERE id BETWEEN 2734472 AND 2734572
	Index Only Scan using sbtest6_pkey on sbtest6  (cost=0.43..6.51 rows=104 width=4)
	  Index Cond: ((id >= 2734472) AND (id <= 2734572))

table 7 : explain SELECT id FROM sbtest7 WHERE id BETWEEN 2734472 AND 2734572
	Index Only Scan using sbtest7_pkey on sbtest7  (cost=0.43..10.36 rows=96 width=4)
	  Index Cond: ((id >= 2734472) AND (id <= 2734572))

table 8 : explain SELECT id FROM sbtest8 WHERE id BETWEEN 2734472 AND 2734572
	Index Only Scan using sbtest8_pkey on sbtest8  (cost=0.43..6.45 rows=101 width=4)
	  Index Cond: ((id >= 2734472) AND (id <= 2734572))

explain: for range-covered :: explain SELECT id FROM sbtest%d WHERE id BETWEEN 5756993 AND 5757093
explain: for range-covered :: explain SELECT id FROM sbtest%d WHERE id BETWEEN 2734472 AND 2734572
for range-covered
table 1 : explain SELECT id FROM sbtest1 WHERE id BETWEEN 4408398 AND 4408498
	Index Only Scan using sbtest1_pkey on sbtest1  (cost=0.43..6.42 rows=99 width=4)
	  Index Cond: ((id >= 4408398) AND (id <= 4408498))

table 2 : explain SELECT id FROM sbtest2 WHERE id BETWEEN 4408398 AND 4408498
	Index Only Scan using sbtest2_pkey on sbtest2  (cost=0.43..6.40 rows=98 width=4)
	  Index Cond: ((id >= 4408398) AND (id <= 4408498))

table 3 : explain SELECT id FROM sbtest3 WHERE id BETWEEN 4408398 AND 4408498
	Index Only Scan using sbtest3_pkey on sbtest3  (cost=0.43..6.43 rows=100 width=4)
	  Index Cond: ((id >= 4408398) AND (id <= 4408498))

table 4 : explain SELECT id FROM sbtest4 WHERE id BETWEEN 4408398 AND 4408498
	Index Only Scan using sbtest4_pkey on sbtest4  (cost=0.43..6.40 rows=98 width=4)
	  Index Cond: ((id >= 4408398) AND (id <= 4408498))

table 5 : explain SELECT id FROM sbtest5 WHERE id BETWEEN 4408398 AND 4408498
	Index Only Scan using sbtest5_pkey on sbtest5  (cost=0.43..6.56 rows=106 width=4)
	  Index Cond: ((id >= 4408398) AND (id <= 4408498))

table 6 : explain SELECT id FROM sbtest6 WHERE id BETWEEN 4408398 AND 4408498
	Index Only Scan using sbtest6_pkey on sbtest6  (cost=0.43..6.63 rows=110 width=4)
	  Index Cond: ((id >= 4408398) AND (id <= 4408498))

table 7 : explain SELECT id FROM sbtest7 WHERE id BETWEEN 4408398 AND 4408498
	Index Only Scan using sbtest7_pkey on sbtest7  (cost=0.43..10.36 rows=96 width=4)
	  Index Cond: ((id >= 4408398) AND (id <= 4408498))

table 8 : explain SELECT id FROM sbtest8 WHERE id BETWEEN 4408398 AND 4408498
	Index Only Scan using sbtest8_pkey on sbtest8  (cost=0.43..6.37 rows=97 width=4)
	  Index Cond: ((id >= 4408398) AND (id <= 4408498))

explain: for range-covered :: explain SELECT id FROM sbtest%d WHERE id BETWEEN 4408398 AND 4408498
for range-covered
table 1 : explain SELECT id FROM sbtest1 WHERE id BETWEEN 8261741 AND 8261841
	Index Only Scan using sbtest1_pkey on sbtest1  (cost=0.43..6.45 rows=101 width=4)
	  Index Cond: ((id >= 8261741) AND (id <= 8261841))

table 2 : explain SELECT id FROM sbtest2 WHERE id BETWEEN 8261741 AND 8261841
	Index Only Scan using sbtest2_pkey on sbtest2  (cost=0.43..6.63 rows=110 width=4)
	  Index Cond: ((id >= 8261741) AND (id <= 8261841))

table 3 : explain SELECT id FROM sbtest3 WHERE id BETWEEN 8261741 AND 8261841
	Index Only Scan using sbtest3_pkey on sbtest3  (cost=0.43..6.51 rows=104 width=4)
	  Index Cond: ((id >= 8261741) AND (id <= 8261841))

table 4 : explain SELECT id FROM sbtest4 WHERE id BETWEEN 8261741 AND 8261841
	Index Only Scan using sbtest4_pkey on sbtest4  (cost=0.43..6.42 rows=99 width=4)
	  Index Cond: ((id >= 8261741) AND (id <= 8261841))

table 5 : explain SELECT id FROM sbtest5 WHERE id BETWEEN 8261741 AND 8261841
	Index Only Scan using sbtest5_pkey on sbtest5  (cost=0.43..6.32 rows=94 width=4)
	  Index Cond: ((id >= 8261741) AND (id <= 8261841))

table 6 : explain SELECT id FROM sbtest6 WHERE id BETWEEN 8261741 AND 8261841
	Index Only Scan using sbtest6_pkey on sbtest6  (cost=0.43..6.58 rows=107 width=4)
	  Index Cond: ((id >= 8261741) AND (id <= 8261841))

table 7 : explain SELECT id FROM sbtest7 WHERE id BETWEEN 8261741 AND 8261841
	Index Only Scan using sbtest7_pkey on sbtest7  (cost=0.43..10.47 rows=102 width=4)
	  Index Cond: ((id >= 8261741) AND (id <= 8261841))

table 8 : explain SELECT id FROM sbtest8 WHERE id BETWEEN 8261741 AND 8261841
	Index Only Scan using sbtest8_pkey on sbtest8  (cost=0.43..6.53 rows=105 width=4)
	  Index Cond: ((id >= 8261741) AND (id <= 8261841))

explain: for range-covered :: explain SELECT id FROM sbtest%d WHERE id BETWEEN 8261741 AND 8261841
explain: for range-covered :: explain SELECT id FROM sbtest%d WHERE id BETWEEN 3768748 AND 3768848
for range-covered
table 1 : explain SELECT id FROM sbtest1 WHERE id BETWEEN 5756993 AND 5757093
	Index Only Scan using sbtest1_pkey on sbtest1  (cost=0.43..6.43 rows=100 width=4)
	  Index Cond: ((id >= 5756993) AND (id <= 5757093))

table 2 : explain SELECT id FROM sbtest2 WHERE id BETWEEN 5756993 AND 5757093
	Index Only Scan using sbtest2_pkey on sbtest2  (cost=0.43..6.40 rows=98 width=4)
	  Index Cond: ((id >= 5756993) AND (id <= 5757093))

table 3 : explain SELECT id FROM sbtest3 WHERE id BETWEEN 5756993 AND 5757093
	Index Only Scan using sbtest3_pkey on sbtest3  (cost=0.43..6.45 rows=101 width=4)
	  Index Cond: ((id >= 5756993) AND (id <= 5757093))

table 4 : explain SELECT id FROM sbtest4 WHERE id BETWEEN 5756993 AND 5757093
	Index Only Scan using sbtest4_pkey on sbtest4  (cost=0.43..6.53 rows=105 width=4)
	  Index Cond: ((id >= 5756993) AND (id <= 5757093))

table 5 : explain SELECT id FROM sbtest5 WHERE id BETWEEN 5756993 AND 5757093
	Index Only Scan using sbtest5_pkey on sbtest5  (cost=0.43..6.27 rows=92 width=4)
	  Index Cond: ((id >= 5756993) AND (id <= 5757093))

table 6 : explain SELECT id FROM sbtest6 WHERE id BETWEEN 5756993 AND 5757093
	Index Only Scan using sbtest6_pkey on sbtest6  (cost=0.43..6.43 rows=100 width=4)
	  Index Cond: ((id >= 5756993) AND (id <= 5757093))

table 7 : explain SELECT id FROM sbtest7 WHERE id BETWEEN 5756993 AND 5757093
	Index Only Scan using sbtest7_pkey on sbtest7  (cost=0.43..10.47 rows=102 width=4)
	  Index Cond: ((id >= 5756993) AND (id <= 5757093))

table 8 : explain SELECT id FROM sbtest8 WHERE id BETWEEN 5756993 AND 5757093
	Index Only Scan using sbtest8_pkey on sbtest8  (cost=0.43..6.61 rows=109 width=4)
	  Index Cond: ((id >= 5756993) AND (id <= 5757093))

explain: for range-covered :: explain SELECT id FROM sbtest%d WHERE id BETWEEN 5756993 AND 5757093
for range-covered
table 1 : explain SELECT id FROM sbtest1 WHERE id BETWEEN 4408398 AND 4408498
	Index Only Scan using sbtest1_pkey on sbtest1  (cost=0.43..6.42 rows=99 width=4)
	  Index Cond: ((id >= 4408398) AND (id <= 4408498))

table 2 : explain SELECT id FROM sbtest2 WHERE id BETWEEN 4408398 AND 4408498
	Index Only Scan using sbtest2_pkey on sbtest2  (cost=0.43..6.40 rows=98 width=4)
	  Index Cond: ((id >= 4408398) AND (id <= 4408498))

table 3 : explain SELECT id FROM sbtest3 WHERE id BETWEEN 4408398 AND 4408498
	Index Only Scan using sbtest3_pkey on sbtest3  (cost=0.43..6.43 rows=100 width=4)
	  Index Cond: ((id >= 4408398) AND (id <= 4408498))

table 4 : explain SELECT id FROM sbtest4 WHERE id BETWEEN 4408398 AND 4408498
	Index Only Scan using sbtest4_pkey on sbtest4  (cost=0.43..6.40 rows=98 width=4)
	  Index Cond: ((id >= 4408398) AND (id <= 4408498))

table 5 : explain SELECT id FROM sbtest5 WHERE id BETWEEN 4408398 AND 4408498
	Index Only Scan using sbtest5_pkey on sbtest5  (cost=0.43..6.56 rows=106 width=4)
	  Index Cond: ((id >= 4408398) AND (id <= 4408498))

table 6 : explain SELECT id FROM sbtest6 WHERE id BETWEEN 4408398 AND 4408498
	Index Only Scan using sbtest6_pkey on sbtest6  (cost=0.43..6.63 rows=110 width=4)
	  Index Cond: ((id >= 4408398) AND (id <= 4408498))

table 7 : explain SELECT id FROM sbtest7 WHERE id BETWEEN 4408398 AND 4408498
	Index Only Scan using sbtest7_pkey on sbtest7  (cost=0.43..10.36 rows=96 width=4)
	  Index Cond: ((id >= 4408398) AND (id <= 4408498))

table 8 : explain SELECT id FROM sbtest8 WHERE id BETWEEN 4408398 AND 4408498
	Index Only Scan using sbtest8_pkey on sbtest8  (cost=0.43..6.37 rows=97 width=4)
	  Index Cond: ((id >= 4408398) AND (id <= 4408498))

for range-covered
table 1 : explain SELECT id FROM sbtest1 WHERE id BETWEEN 2734472 AND 2734572
	Index Only Scan using sbtest1_pkey on sbtest1  (cost=0.43..6.21 rows=89 width=4)
	  Index Cond: ((id >= 2734472) AND (id <= 2734572))

table 2 : explain SELECT id FROM sbtest2 WHERE id BETWEEN 2734472 AND 2734572
	Index Only Scan using sbtest2_pkey on sbtest2  (cost=0.43..6.50 rows=103 width=4)
	  Index Cond: ((id >= 2734472) AND (id <= 2734572))

table 3 : explain SELECT id FROM sbtest3 WHERE id BETWEEN 2734472 AND 2734572
	Index Only Scan using sbtest3_pkey on sbtest3  (cost=0.43..6.66 rows=111 width=4)
	  Index Cond: ((id >= 2734472) AND (id <= 2734572))

table 4 : explain SELECT id FROM sbtest4 WHERE id BETWEEN 2734472 AND 2734572
	Index Only Scan using sbtest4_pkey on sbtest4  (cost=0.43..6.35 rows=96 width=4)
	  Index Cond: ((id >= 2734472) AND (id <= 2734572))

table 5 : explain SELECT id FROM sbtest5 WHERE id BETWEEN 2734472 AND 2734572
	Index Only Scan using sbtest5_pkey on sbtest5  (cost=0.43..6.47 rows=102 width=4)
	  Index Cond: ((id >= 2734472) AND (id <= 2734572))

table 6 : explain SELECT id FROM sbtest6 WHERE id BETWEEN 2734472 AND 2734572
	Index Only Scan using sbtest6_pkey on sbtest6  (cost=0.43..6.51 rows=104 width=4)
	  Index Cond: ((id >= 2734472) AND (id <= 2734572))

table 7 : explain SELECT id FROM sbtest7 WHERE id BETWEEN 2734472 AND 2734572
	Index Only Scan using sbtest7_pkey on sbtest7  (cost=0.43..10.36 rows=96 width=4)
	  Index Cond: ((id >= 2734472) AND (id <= 2734572))

table 8 : explain SELECT id FROM sbtest8 WHERE id BETWEEN 2734472 AND 2734572
	Index Only Scan using sbtest8_pkey on sbtest8  (cost=0.43..6.45 rows=101 width=4)
	  Index Cond: ((id >= 2734472) AND (id <= 2734572))

for range-covered
table 1 : explain SELECT id FROM sbtest1 WHERE id BETWEEN 4673180 AND 4673280
	Index Only Scan using sbtest1_pkey on sbtest1  (cost=0.43..6.59 rows=108 width=4)
	  Index Cond: ((id >= 4673180) AND (id <= 4673280))

table 2 : explain SELECT id FROM sbtest2 WHERE id BETWEEN 4673180 AND 4673280
	Index Only Scan using sbtest2_pkey on sbtest2  (cost=0.43..6.63 rows=110 width=4)
	  Index Cond: ((id >= 4673180) AND (id <= 4673280))

table 3 : explain SELECT id FROM sbtest3 WHERE id BETWEEN 4673180 AND 4673280
	Index Only Scan using sbtest3_pkey on sbtest3  (cost=0.43..6.35 rows=96 width=4)
	  Index Cond: ((id >= 4673180) AND (id <= 4673280))

table 4 : explain SELECT id FROM sbtest4 WHERE id BETWEEN 4673180 AND 4673280
	Index Only Scan using sbtest4_pkey on sbtest4  (cost=0.43..6.42 rows=99 width=4)
	  Index Cond: ((id >= 4673180) AND (id <= 4673280))

table 5 : explain SELECT id FROM sbtest5 WHERE id BETWEEN 4673180 AND 4673280
	Index Only Scan using sbtest5_pkey on sbtest5  (cost=0.43..6.40 rows=98 width=4)
	  Index Cond: ((id >= 4673180) AND (id <= 4673280))

table 6 : explain SELECT id FROM sbtest6 WHERE id BETWEEN 4673180 AND 4673280
	Index Only Scan using sbtest6_pkey on sbtest6  (cost=0.43..6.37 rows=97 width=4)
	  Index Cond: ((id >= 4673180) AND (id <= 4673280))

table 7 : explain SELECT id FROM sbtest7 WHERE id BETWEEN 4673180 AND 4673280
	Index Only Scan using sbtest7_pkey on sbtest7  (cost=0.43..10.65 rows=111 width=4)
	  Index Cond: ((id >= 4673180) AND (id <= 4673280))

table 8 : explain SELECT id FROM sbtest8 WHERE id BETWEEN 4673180 AND 4673280
	Index Only Scan using sbtest8_pkey on sbtest8  (cost=0.43..6.35 rows=96 width=4)
	  Index Cond: ((id >= 4673180) AND (id <= 4673280))

explain: for range-covered :: explain SELECT id FROM sbtest%d WHERE id BETWEEN 7386133 AND 7386233
explain: for range-covered :: explain SELECT id FROM sbtest%d WHERE id BETWEEN 2734472 AND 2734572
explain: for range-covered :: explain SELECT id FROM sbtest%d WHERE id BETWEEN 4408398 AND 4408498
explain: for range-covered :: explain SELECT id FROM sbtest%d WHERE id BETWEEN 4673180 AND 4673280
explain: for range-covered :: explain SELECT id FROM sbtest%d WHERE id BETWEEN 6700629 AND 6700729
for range-covered
table 1 : explain SELECT id FROM sbtest1 WHERE id BETWEEN 7112853 AND 7112953
	Index Only Scan using sbtest1_pkey on sbtest1  (cost=0.43..6.43 rows=100 width=4)
	  Index Cond: ((id >= 7112853) AND (id <= 7112953))

table 2 : explain SELECT id FROM sbtest2 WHERE id BETWEEN 7112853 AND 7112953
	Index Only Scan using sbtest2_pkey on sbtest2  (cost=0.43..6.42 rows=99 width=4)
	  Index Cond: ((id >= 7112853) AND (id <= 7112953))

table 3 : explain SELECT id FROM sbtest3 WHERE id BETWEEN 7112853 AND 7112953
	Index Only Scan using sbtest3_pkey on sbtest3  (cost=0.43..6.40 rows=98 width=4)
	  Index Cond: ((id >= 7112853) AND (id <= 7112953))

table 4 : explain SELECT id FROM sbtest4 WHERE id BETWEEN 7112853 AND 7112953
	Index Only Scan using sbtest4_pkey on sbtest4  (cost=0.43..6.42 rows=99 width=4)
	  Index Cond: ((id >= 7112853) AND (id <= 7112953))

table 5 : explain SELECT id FROM sbtest5 WHERE id BETWEEN 7112853 AND 7112953
	Index Only Scan using sbtest5_pkey on sbtest5  (cost=0.43..6.27 rows=92 width=4)
	  Index Cond: ((id >= 7112853) AND (id <= 7112953))

table 6 : explain SELECT id FROM sbtest6 WHERE id BETWEEN 7112853 AND 7112953
	Index Only Scan using sbtest6_pkey on sbtest6  (cost=0.43..6.50 rows=103 width=4)
	  Index Cond: ((id >= 7112853) AND (id <= 7112953))

table 7 : explain SELECT id FROM sbtest7 WHERE id BETWEEN 7112853 AND 7112953
	Index Only Scan using sbtest7_pkey on sbtest7  (cost=0.43..10.33 rows=95 width=4)
	  Index Cond: ((id >= 7112853) AND (id <= 7112953))

table 8 : explain SELECT id FROM sbtest8 WHERE id BETWEEN 7112853 AND 7112953
	Index Only Scan using sbtest8_pkey on sbtest8  (cost=0.43..6.25 rows=91 width=4)
	  Index Cond: ((id >= 7112853) AND (id <= 7112953))

for range-covered
table 1 : explain SELECT id FROM sbtest1 WHERE id BETWEEN 5756993 AND 5757093
	Index Only Scan using sbtest1_pkey on sbtest1  (cost=0.43..6.43 rows=100 width=4)
	  Index Cond: ((id >= 5756993) AND (id <= 5757093))

table 2 : explain SELECT id FROM sbtest2 WHERE id BETWEEN 5756993 AND 5757093
	Index Only Scan using sbtest2_pkey on sbtest2  (cost=0.43..6.40 rows=98 width=4)
	  Index Cond: ((id >= 5756993) AND (id <= 5757093))

table 3 : explain SELECT id FROM sbtest3 WHERE id BETWEEN 5756993 AND 5757093
	Index Only Scan using sbtest3_pkey on sbtest3  (cost=0.43..6.45 rows=101 width=4)
	  Index Cond: ((id >= 5756993) AND (id <= 5757093))

table 4 : explain SELECT id FROM sbtest4 WHERE id BETWEEN 5756993 AND 5757093
	Index Only Scan using sbtest4_pkey on sbtest4  (cost=0.43..6.53 rows=105 width=4)
	  Index Cond: ((id >= 5756993) AND (id <= 5757093))

table 5 : explain SELECT id FROM sbtest5 WHERE id BETWEEN 5756993 AND 5757093
	Index Only Scan using sbtest5_pkey on sbtest5  (cost=0.43..6.27 rows=92 width=4)
	  Index Cond: ((id >= 5756993) AND (id <= 5757093))

table 6 : explain SELECT id FROM sbtest6 WHERE id BETWEEN 5756993 AND 5757093
	Index Only Scan using sbtest6_pkey on sbtest6  (cost=0.43..6.43 rows=100 width=4)
	  Index Cond: ((id >= 5756993) AND (id <= 5757093))

table 7 : explain SELECT id FROM sbtest7 WHERE id BETWEEN 5756993 AND 5757093
	Index Only Scan using sbtest7_pkey on sbtest7  (cost=0.43..10.47 rows=102 width=4)
	  Index Cond: ((id >= 5756993) AND (id <= 5757093))

table 8 : explain SELECT id FROM sbtest8 WHERE id BETWEEN 5756993 AND 5757093
	Index Only Scan using sbtest8_pkey on sbtest8  (cost=0.43..6.61 rows=109 width=4)
	  Index Cond: ((id >= 5756993) AND (id <= 5757093))

explain: for range-covered :: explain SELECT id FROM sbtest%d WHERE id BETWEEN 7112853 AND 7112953
explain: for range-covered :: explain SELECT id FROM sbtest%d WHERE id BETWEEN 5756993 AND 5757093
explain: for range-covered :: explain SELECT id FROM sbtest%d WHERE id BETWEEN 4135116 AND 4135216
for range-covered
table 1 : explain SELECT id FROM sbtest1 WHERE id BETWEEN 2734472 AND 2734572
	Index Only Scan using sbtest1_pkey on sbtest1  (cost=0.43..6.21 rows=89 width=4)
	  Index Cond: ((id >= 2734472) AND (id <= 2734572))

table 2 : explain SELECT id FROM sbtest2 WHERE id BETWEEN 2734472 AND 2734572
	Index Only Scan using sbtest2_pkey on sbtest2  (cost=0.43..6.50 rows=103 width=4)
	  Index Cond: ((id >= 2734472) AND (id <= 2734572))

table 3 : explain SELECT id FROM sbtest3 WHERE id BETWEEN 2734472 AND 2734572
	Index Only Scan using sbtest3_pkey on sbtest3  (cost=0.43..6.66 rows=111 width=4)
	  Index Cond: ((id >= 2734472) AND (id <= 2734572))

table 4 : explain SELECT id FROM sbtest4 WHERE id BETWEEN 2734472 AND 2734572
	Index Only Scan using sbtest4_pkey on sbtest4  (cost=0.43..6.35 rows=96 width=4)
	  Index Cond: ((id >= 2734472) AND (id <= 2734572))

table 5 : explain SELECT id FROM sbtest5 WHERE id BETWEEN 2734472 AND 2734572
	Index Only Scan using sbtest5_pkey on sbtest5  (cost=0.43..6.47 rows=102 width=4)
	  Index Cond: ((id >= 2734472) AND (id <= 2734572))

table 6 : explain SELECT id FROM sbtest6 WHERE id BETWEEN 2734472 AND 2734572
	Index Only Scan using sbtest6_pkey on sbtest6  (cost=0.43..6.51 rows=104 width=4)
	  Index Cond: ((id >= 2734472) AND (id <= 2734572))

table 7 : explain SELECT id FROM sbtest7 WHERE id BETWEEN 2734472 AND 2734572
	Index Only Scan using sbtest7_pkey on sbtest7  (cost=0.43..10.36 rows=96 width=4)
	  Index Cond: ((id >= 2734472) AND (id <= 2734572))

table 8 : explain SELECT id FROM sbtest8 WHERE id BETWEEN 2734472 AND 2734572
	Index Only Scan using sbtest8_pkey on sbtest8  (cost=0.43..6.45 rows=101 width=4)
	  Index Cond: ((id >= 2734472) AND (id <= 2734572))
for range-covered
table 1 : explain SELECT id FROM sbtest1 WHERE id BETWEEN 7386133 AND 7386233
	Index Only Scan using sbtest1_pkey on sbtest1  (cost=0.43..6.59 rows=108 width=4)
	  Index Cond: ((id >= 7386133) AND (id <= 7386233))

table 2 : explain SELECT id FROM sbtest2 WHERE id BETWEEN 7386133 AND 7386233
	Index Only Scan using sbtest2_pkey on sbtest2  (cost=0.43..6.58 rows=107 width=4)
	  Index Cond: ((id >= 7386133) AND (id <= 7386233))

table 3 : explain SELECT id FROM sbtest3 WHERE id BETWEEN 7386133 AND 7386233
	Index Only Scan using sbtest3_pkey on sbtest3  (cost=0.43..6.47 rows=102 width=4)
	  Index Cond: ((id >= 7386133) AND (id <= 7386233))

table 4 : explain SELECT id FROM sbtest4 WHERE id BETWEEN 7386133 AND 7386233
	Index Only Scan using sbtest4_pkey on sbtest4  (cost=0.43..6.58 rows=107 width=4)
	  Index Cond: ((id >= 7386133) AND (id <= 7386233))

table 5 : explain SELECT id FROM sbtest5 WHERE id BETWEEN 7386133 AND 7386233
	Index Only Scan using sbtest5_pkey on sbtest5  (cost=0.43..6.45 rows=101 width=4)
	  Index Cond: ((id >= 7386133) AND (id <= 7386233))

table 6 : explain SELECT id FROM sbtest6 WHERE id BETWEEN 7386133 AND 7386233
	Index Only Scan using sbtest6_pkey on sbtest6  (cost=0.43..6.35 rows=96 width=4)
	  Index Cond: ((id >= 7386133) AND (id <= 7386233))

table 7 : explain SELECT id FROM sbtest7 WHERE id BETWEEN 7386133 AND 7386233
	Index Only Scan using sbtest7_pkey on sbtest7  (cost=0.43..10.47 rows=102 width=4)
	  Index Cond: ((id >= 7386133) AND (id <= 7386233))

table 8 : explain SELECT id FROM sbtest8 WHERE id BETWEEN 7386133 AND 7386233
	Index Only Scan using sbtest8_pkey on sbtest8  (cost=0.43..6.61 rows=109 width=4)
	  Index Cond: ((id >= 7386133) AND (id <= 7386233))


explain: for range-covered :: explain SELECT id FROM sbtest%d WHERE id BETWEEN 2734472 AND 2734572
for range-covered
table 1 : explain SELECT id FROM sbtest1 WHERE id BETWEEN 4408398 AND 4408498
	Index Only Scan using sbtest1_pkey on sbtest1  (cost=0.43..6.42 rows=99 width=4)
	  Index Cond: ((id >= 4408398) AND (id <= 4408498))

table 2 : explain SELECT id FROM sbtest2 WHERE id BETWEEN 4408398 AND 4408498
	Index Only Scan using sbtest2_pkey on sbtest2  (cost=0.43..6.40 rows=98 width=4)
	  Index Cond: ((id >= 4408398) AND (id <= 4408498))

table 3 : explain SELECT id FROM sbtest3 WHERE id BETWEEN 4408398 AND 4408498
	Index Only Scan using sbtest3_pkey on sbtest3  (cost=0.43..6.43 rows=100 width=4)
	  Index Cond: ((id >= 4408398) AND (id <= 4408498))

table 4 : explain SELECT id FROM sbtest4 WHERE id BETWEEN 4408398 AND 4408498
	Index Only Scan using sbtest4_pkey on sbtest4  (cost=0.43..6.40 rows=98 width=4)
	  Index Cond: ((id >= 4408398) AND (id <= 4408498))

table 5 : explain SELECT id FROM sbtest5 WHERE id BETWEEN 4408398 AND 4408498
	Index Only Scan using sbtest5_pkey on sbtest5  (cost=0.43..6.56 rows=106 width=4)
	  Index Cond: ((id >= 4408398) AND (id <= 4408498))

table 6 : explain SELECT id FROM sbtest6 WHERE id BETWEEN 4408398 AND 4408498
	Index Only Scan using sbtest6_pkey on sbtest6  (cost=0.43..6.63 rows=110 width=4)
	  Index Cond: ((id >= 4408398) AND (id <= 4408498))

table 7 : explain SELECT id FROM sbtest7 WHERE id BETWEEN 4408398 AND 4408498
	Index Only Scan using sbtest7_pkey on sbtest7  (cost=0.43..10.36 rows=96 width=4)
	  Index Cond: ((id >= 4408398) AND (id <= 4408498))

table 8 : explain SELECT id FROM sbtest8 WHERE id BETWEEN 4408398 AND 4408498
	Index Only Scan using sbtest8_pkey on sbtest8  (cost=0.43..6.37 rows=97 width=4)
	  Index Cond: ((id >= 4408398) AND (id <= 4408498))

explain: for range-covered :: explain SELECT id FROM sbtest%d WHERE id BETWEEN 4408398 AND 4408498
for range-covered
table 1 : explain SELECT id FROM sbtest1 WHERE id BETWEEN 5756993 AND 5757093
	Index Only Scan using sbtest1_pkey on sbtest1  (cost=0.43..6.43 rows=100 width=4)
	  Index Cond: ((id >= 5756993) AND (id <= 5757093))

table 2 : explain SELECT id FROM sbtest2 WHERE id BETWEEN 5756993 AND 5757093
	Index Only Scan using sbtest2_pkey on sbtest2  (cost=0.43..6.40 rows=98 width=4)
	  Index Cond: ((id >= 5756993) AND (id <= 5757093))

table 3 : explain SELECT id FROM sbtest3 WHERE id BETWEEN 5756993 AND 5757093
	Index Only Scan using sbtest3_pkey on sbtest3  (cost=0.43..6.45 rows=101 width=4)
	  Index Cond: ((id >= 5756993) AND (id <= 5757093))

table 4 : explain SELECT id FROM sbtest4 WHERE id BETWEEN 5756993 AND 5757093
	Index Only Scan using sbtest4_pkey on sbtest4  (cost=0.43..6.53 rows=105 width=4)
	  Index Cond: ((id >= 5756993) AND (id <= 5757093))

table 5 : explain SELECT id FROM sbtest5 WHERE id BETWEEN 5756993 AND 5757093
	Index Only Scan using sbtest5_pkey on sbtest5  (cost=0.43..6.27 rows=92 width=4)
	  Index Cond: ((id >= 5756993) AND (id <= 5757093))

table 6 : explain SELECT id FROM sbtest6 WHERE id BETWEEN 5756993 AND 5757093
	Index Only Scan using sbtest6_pkey on sbtest6  (cost=0.43..6.43 rows=100 width=4)
	  Index Cond: ((id >= 5756993) AND (id <= 5757093))

table 7 : explain SELECT id FROM sbtest7 WHERE id BETWEEN 5756993 AND 5757093
	Index Only Scan using sbtest7_pkey on sbtest7  (cost=0.43..10.47 rows=102 width=4)
	  Index Cond: ((id >= 5756993) AND (id <= 5757093))

table 8 : explain SELECT id FROM sbtest8 WHERE id BETWEEN 5756993 AND 5757093
	Index Only Scan using sbtest8_pkey on sbtest8  (cost=0.43..6.61 rows=109 width=4)
	  Index Cond: ((id >= 5756993) AND (id <= 5757093))

explain: for range-covered :: explain SELECT id FROM sbtest%d WHERE id BETWEEN 5756993 AND 5757093
for range-covered
table 1 : explain SELECT id FROM sbtest1 WHERE id BETWEEN 4408398 AND 4408498
	Index Only Scan using sbtest1_pkey on sbtest1  (cost=0.43..6.42 rows=99 width=4)
	  Index Cond: ((id >= 4408398) AND (id <= 4408498))

table 2 : explain SELECT id FROM sbtest2 WHERE id BETWEEN 4408398 AND 4408498
	Index Only Scan using sbtest2_pkey on sbtest2  (cost=0.43..6.40 rows=98 width=4)
	  Index Cond: ((id >= 4408398) AND (id <= 4408498))

table 3 : explain SELECT id FROM sbtest3 WHERE id BETWEEN 4408398 AND 4408498
	Index Only Scan using sbtest3_pkey on sbtest3  (cost=0.43..6.43 rows=100 width=4)
	  Index Cond: ((id >= 4408398) AND (id <= 4408498))

table 4 : explain SELECT id FROM sbtest4 WHERE id BETWEEN 4408398 AND 4408498
	Index Only Scan using sbtest4_pkey on sbtest4  (cost=0.43..6.40 rows=98 width=4)
	  Index Cond: ((id >= 4408398) AND (id <= 4408498))

table 5 : explain SELECT id FROM sbtest5 WHERE id BETWEEN 4408398 AND 4408498
	Index Only Scan using sbtest5_pkey on sbtest5  (cost=0.43..6.56 rows=106 width=4)
	  Index Cond: ((id >= 4408398) AND (id <= 4408498))

table 6 : explain SELECT id FROM sbtest6 WHERE id BETWEEN 4408398 AND 4408498
	Index Only Scan using sbtest6_pkey on sbtest6  (cost=0.43..6.63 rows=110 width=4)
	  Index Cond: ((id >= 4408398) AND (id <= 4408498))

table 7 : explain SELECT id FROM sbtest7 WHERE id BETWEEN 4408398 AND 4408498
	Index Only Scan using sbtest7_pkey on sbtest7  (cost=0.43..10.36 rows=96 width=4)
	  Index Cond: ((id >= 4408398) AND (id <= 4408498))

table 8 : explain SELECT id FROM sbtest8 WHERE id BETWEEN 4408398 AND 4408498
	Index Only Scan using sbtest8_pkey on sbtest8  (cost=0.43..6.37 rows=97 width=4)
	  Index Cond: ((id >= 4408398) AND (id <= 4408498))

for range-covered
table 1 : explain SELECT id FROM sbtest1 WHERE id BETWEEN 2734472 AND 2734572
	Index Only Scan using sbtest1_pkey on sbtest1  (cost=0.43..6.21 rows=89 width=4)
	  Index Cond: ((id >= 2734472) AND (id <= 2734572))

table 2 : explain SELECT id FROM sbtest2 WHERE id BETWEEN 2734472 AND 2734572
	Index Only Scan using sbtest2_pkey on sbtest2  (cost=0.43..6.50 rows=103 width=4)
	  Index Cond: ((id >= 2734472) AND (id <= 2734572))

table 3 : explain SELECT id FROM sbtest3 WHERE id BETWEEN 2734472 AND 2734572
	Index Only Scan using sbtest3_pkey on sbtest3  (cost=0.43..6.66 rows=111 width=4)
	  Index Cond: ((id >= 2734472) AND (id <= 2734572))

table 4 : explain SELECT id FROM sbtest4 WHERE id BETWEEN 2734472 AND 2734572
	Index Only Scan using sbtest4_pkey on sbtest4  (cost=0.43..6.35 rows=96 width=4)
	  Index Cond: ((id >= 2734472) AND (id <= 2734572))

table 5 : explain SELECT id FROM sbtest5 WHERE id BETWEEN 2734472 AND 2734572
	Index Only Scan using sbtest5_pkey on sbtest5  (cost=0.43..6.47 rows=102 width=4)
	  Index Cond: ((id >= 2734472) AND (id <= 2734572))

table 6 : explain SELECT id FROM sbtest6 WHERE id BETWEEN 2734472 AND 2734572
	Index Only Scan using sbtest6_pkey on sbtest6  (cost=0.43..6.51 rows=104 width=4)
	  Index Cond: ((id >= 2734472) AND (id <= 2734572))

table 7 : explain SELECT id FROM sbtest7 WHERE id BETWEEN 2734472 AND 2734572
	Index Only Scan using sbtest7_pkey on sbtest7  (cost=0.43..10.36 rows=96 width=4)
	  Index Cond: ((id >= 2734472) AND (id <= 2734572))

table 8 : explain SELECT id FROM sbtest8 WHERE id BETWEEN 2734472 AND 2734572
	Index Only Scan using sbtest8_pkey on sbtest8  (cost=0.43..6.45 rows=101 width=4)
	  Index Cond: ((id >= 2734472) AND (id <= 2734572))

explain: for range-covered :: explain SELECT id FROM sbtest%d WHERE id BETWEEN 4408398 AND 4408498
explain: for range-covered :: explain SELECT id FROM sbtest%d WHERE id BETWEEN 2734472 AND 2734572
for range-covered
table 1 : explain SELECT id FROM sbtest1 WHERE id BETWEEN 7112853 AND 7112953
	Index Only Scan using sbtest1_pkey on sbtest1  (cost=0.43..6.43 rows=100 width=4)
	  Index Cond: ((id >= 7112853) AND (id <= 7112953))

table 2 : explain SELECT id FROM sbtest2 WHERE id BETWEEN 7112853 AND 7112953
	Index Only Scan using sbtest2_pkey on sbtest2  (cost=0.43..6.42 rows=99 width=4)
	  Index Cond: ((id >= 7112853) AND (id <= 7112953))

table 3 : explain SELECT id FROM sbtest3 WHERE id BETWEEN 7112853 AND 7112953
	Index Only Scan using sbtest3_pkey on sbtest3  (cost=0.43..6.40 rows=98 width=4)
	  Index Cond: ((id >= 7112853) AND (id <= 7112953))

table 4 : explain SELECT id FROM sbtest4 WHERE id BETWEEN 7112853 AND 7112953
	Index Only Scan using sbtest4_pkey on sbtest4  (cost=0.43..6.42 rows=99 width=4)
	  Index Cond: ((id >= 7112853) AND (id <= 7112953))

table 5 : explain SELECT id FROM sbtest5 WHERE id BETWEEN 7112853 AND 7112953
	Index Only Scan using sbtest5_pkey on sbtest5  (cost=0.43..6.27 rows=92 width=4)
	  Index Cond: ((id >= 7112853) AND (id <= 7112953))

table 6 : explain SELECT id FROM sbtest6 WHERE id BETWEEN 7112853 AND 7112953
	Index Only Scan using sbtest6_pkey on sbtest6  (cost=0.43..6.50 rows=103 width=4)
	  Index Cond: ((id >= 7112853) AND (id <= 7112953))

table 7 : explain SELECT id FROM sbtest7 WHERE id BETWEEN 7112853 AND 7112953
	Index Only Scan using sbtest7_pkey on sbtest7  (cost=0.43..10.33 rows=95 width=4)
	  Index Cond: ((id >= 7112853) AND (id <= 7112953))

table 8 : explain SELECT id FROM sbtest8 WHERE id BETWEEN 7112853 AND 7112953
	Index Only Scan using sbtest8_pkey on sbtest8  (cost=0.43..6.25 rows=91 width=4)
	  Index Cond: ((id >= 7112853) AND (id <= 7112953))

for range-covered
table 1 : explain SELECT id FROM sbtest1 WHERE id BETWEEN 5756993 AND 5757093
	Index Only Scan using sbtest1_pkey on sbtest1  (cost=0.43..6.43 rows=100 width=4)
	  Index Cond: ((id >= 5756993) AND (id <= 5757093))

table 2 : explain SELECT id FROM sbtest2 WHERE id BETWEEN 5756993 AND 5757093
	Index Only Scan using sbtest2_pkey on sbtest2  (cost=0.43..6.40 rows=98 width=4)
	  Index Cond: ((id >= 5756993) AND (id <= 5757093))

table 3 : explain SELECT id FROM sbtest3 WHERE id BETWEEN 5756993 AND 5757093
	Index Only Scan using sbtest3_pkey on sbtest3  (cost=0.43..6.45 rows=101 width=4)
	  Index Cond: ((id >= 5756993) AND (id <= 5757093))

table 4 : explain SELECT id FROM sbtest4 WHERE id BETWEEN 5756993 AND 5757093
	Index Only Scan using sbtest4_pkey on sbtest4  (cost=0.43..6.53 rows=105 width=4)
	  Index Cond: ((id >= 5756993) AND (id <= 5757093))

table 5 : explain SELECT id FROM sbtest5 WHERE id BETWEEN 5756993 AND 5757093
	Index Only Scan using sbtest5_pkey on sbtest5  (cost=0.43..6.27 rows=92 width=4)
	  Index Cond: ((id >= 5756993) AND (id <= 5757093))

table 6 : explain SELECT id FROM sbtest6 WHERE id BETWEEN 5756993 AND 5757093
	Index Only Scan using sbtest6_pkey on sbtest6  (cost=0.43..6.43 rows=100 width=4)
	  Index Cond: ((id >= 5756993) AND (id <= 5757093))

table 7 : explain SELECT id FROM sbtest7 WHERE id BETWEEN 5756993 AND 5757093
	Index Only Scan using sbtest7_pkey on sbtest7  (cost=0.43..10.47 rows=102 width=4)
	  Index Cond: ((id >= 5756993) AND (id <= 5757093))

table 8 : explain SELECT id FROM sbtest8 WHERE id BETWEEN 5756993 AND 5757093
	Index Only Scan using sbtest8_pkey on sbtest8  (cost=0.43..6.61 rows=109 width=4)
	  Index Cond: ((id >= 5756993) AND (id <= 5757093))

explain: for range-covered :: explain SELECT id FROM sbtest%d WHERE id BETWEEN 5756993 AND 5757093
for range-covered
table 1 : explain SELECT id FROM sbtest1 WHERE id BETWEEN 8261741 AND 8261841
	Index Only Scan using sbtest1_pkey on sbtest1  (cost=0.43..6.45 rows=101 width=4)
	  Index Cond: ((id >= 8261741) AND (id <= 8261841))

table 2 : explain SELECT id FROM sbtest2 WHERE id BETWEEN 8261741 AND 8261841
	Index Only Scan using sbtest2_pkey on sbtest2  (cost=0.43..6.63 rows=110 width=4)
	  Index Cond: ((id >= 8261741) AND (id <= 8261841))

table 3 : explain SELECT id FROM sbtest3 WHERE id BETWEEN 8261741 AND 8261841
	Index Only Scan using sbtest3_pkey on sbtest3  (cost=0.43..6.51 rows=104 width=4)
	  Index Cond: ((id >= 8261741) AND (id <= 8261841))

table 4 : explain SELECT id FROM sbtest4 WHERE id BETWEEN 8261741 AND 8261841
	Index Only Scan using sbtest4_pkey on sbtest4  (cost=0.43..6.42 rows=99 width=4)
	  Index Cond: ((id >= 8261741) AND (id <= 8261841))

table 5 : explain SELECT id FROM sbtest5 WHERE id BETWEEN 8261741 AND 8261841
	Index Only Scan using sbtest5_pkey on sbtest5  (cost=0.43..6.32 rows=94 width=4)
	  Index Cond: ((id >= 8261741) AND (id <= 8261841))

table 6 : explain SELECT id FROM sbtest6 WHERE id BETWEEN 8261741 AND 8261841
	Index Only Scan using sbtest6_pkey on sbtest6  (cost=0.43..6.58 rows=107 width=4)
	  Index Cond: ((id >= 8261741) AND (id <= 8261841))

table 7 : explain SELECT id FROM sbtest7 WHERE id BETWEEN 8261741 AND 8261841
	Index Only Scan using sbtest7_pkey on sbtest7  (cost=0.43..10.47 rows=102 width=4)
	  Index Cond: ((id >= 8261741) AND (id <= 8261841))

table 8 : explain SELECT id FROM sbtest8 WHERE id BETWEEN 8261741 AND 8261841
	Index Only Scan using sbtest8_pkey on sbtest8  (cost=0.43..6.53 rows=105 width=4)
	  Index Cond: ((id >= 8261741) AND (id <= 8261841))

for range-covered
table 1 : explain SELECT id FROM sbtest1 WHERE id BETWEEN 6011447 AND 6011547
	Index Only Scan using sbtest1_pkey on sbtest1  (cost=0.43..6.47 rows=102 width=4)
	  Index Cond: ((id >= 6011447) AND (id <= 6011547))

table 2 : explain SELECT id FROM sbtest2 WHERE id BETWEEN 6011447 AND 6011547
	Index Only Scan using sbtest2_pkey on sbtest2  (cost=0.43..6.53 rows=105 width=4)
	  Index Cond: ((id >= 6011447) AND (id <= 6011547))

table 3 : explain SELECT id FROM sbtest3 WHERE id BETWEEN 6011447 AND 6011547
	Index Only Scan using sbtest3_pkey on sbtest3  (cost=0.43..6.47 rows=102 width=4)
	  Index Cond: ((id >= 6011447) AND (id <= 6011547))

table 4 : explain SELECT id FROM sbtest4 WHERE id BETWEEN 6011447 AND 6011547
	Index Only Scan using sbtest4_pkey on sbtest4  (cost=0.43..6.50 rows=103 width=4)
	  Index Cond: ((id >= 6011447) AND (id <= 6011547))

table 5 : explain SELECT id FROM sbtest5 WHERE id BETWEEN 6011447 AND 6011547
	Index Only Scan using sbtest5_pkey on sbtest5  (cost=0.43..6.63 rows=110 width=4)
	  Index Cond: ((id >= 6011447) AND (id <= 6011547))

table 6 : explain SELECT id FROM sbtest6 WHERE id BETWEEN 6011447 AND 6011547
	Index Only Scan using sbtest6_pkey on sbtest6  (cost=0.43..6.43 rows=100 width=4)
	  Index Cond: ((id >= 6011447) AND (id <= 6011547))

table 7 : explain SELECT id FROM sbtest7 WHERE id BETWEEN 6011447 AND 6011547
	Index Only Scan using sbtest7_pkey on sbtest7  (cost=0.43..10.51 rows=104 width=4)
	  Index Cond: ((id >= 6011447) AND (id <= 6011547))

table 8 : explain SELECT id FROM sbtest8 WHERE id BETWEEN 6011447 AND 6011547
	Index Only Scan using sbtest8_pkey on sbtest8  (cost=0.43..6.59 rows=108 width=4)
	  Index Cond: ((id >= 6011447) AND (id <= 6011547))

explain: for range-covered :: explain SELECT id FROM sbtest%d WHERE id BETWEEN 8261741 AND 8261841
for range-covered
table 1 : explain SELECT id FROM sbtest1 WHERE id BETWEEN 2734472 AND 2734572
	Index Only Scan using sbtest1_pkey on sbtest1  (cost=0.43..6.21 rows=89 width=4)
	  Index Cond: ((id >= 2734472) AND (id <= 2734572))

table 2 : explain SELECT id FROM sbtest2 WHERE id BETWEEN 2734472 AND 2734572
	Index Only Scan using sbtest2_pkey on sbtest2  (cost=0.43..6.50 rows=103 width=4)
	  Index Cond: ((id >= 2734472) AND (id <= 2734572))

table 3 : explain SELECT id FROM sbtest3 WHERE id BETWEEN 2734472 AND 2734572
	Index Only Scan using sbtest3_pkey on sbtest3  (cost=0.43..6.66 rows=111 width=4)
	  Index Cond: ((id >= 2734472) AND (id <= 2734572))

table 4 : explain SELECT id FROM sbtest4 WHERE id BETWEEN 2734472 AND 2734572
	Index Only Scan using sbtest4_pkey on sbtest4  (cost=0.43..6.35 rows=96 width=4)
	  Index Cond: ((id >= 2734472) AND (id <= 2734572))

table 5 : explain SELECT id FROM sbtest5 WHERE id BETWEEN 2734472 AND 2734572
	Index Only Scan using sbtest5_pkey on sbtest5  (cost=0.43..6.47 rows=102 width=4)
	  Index Cond: ((id >= 2734472) AND (id <= 2734572))

table 6 : explain SELECT id FROM sbtest6 WHERE id BETWEEN 2734472 AND 2734572
	Index Only Scan using sbtest6_pkey on sbtest6  (cost=0.43..6.51 rows=104 width=4)
	  Index Cond: ((id >= 2734472) AND (id <= 2734572))

table 7 : explain SELECT id FROM sbtest7 WHERE id BETWEEN 2734472 AND 2734572
	Index Only Scan using sbtest7_pkey on sbtest7  (cost=0.43..10.36 rows=96 width=4)
	  Index Cond: ((id >= 2734472) AND (id <= 2734572))

table 8 : explain SELECT id FROM sbtest8 WHERE id BETWEEN 2734472 AND 2734572
	Index Only Scan using sbtest8_pkey on sbtest8  (cost=0.43..6.45 rows=101 width=4)
	  Index Cond: ((id >= 2734472) AND (id <= 2734572))

explain: for range-covered :: explain SELECT id FROM sbtest%d WHERE id BETWEEN 2734472 AND 2734572
for range-covered
table 1 : explain SELECT id FROM sbtest1 WHERE id BETWEEN 4673180 AND 4673280
	Index Only Scan using sbtest1_pkey on sbtest1  (cost=0.43..6.59 rows=108 width=4)
	  Index Cond: ((id >= 4673180) AND (id <= 4673280))

table 2 : explain SELECT id FROM sbtest2 WHERE id BETWEEN 4673180 AND 4673280
	Index Only Scan using sbtest2_pkey on sbtest2  (cost=0.43..6.63 rows=110 width=4)
	  Index Cond: ((id >= 4673180) AND (id <= 4673280))

table 3 : explain SELECT id FROM sbtest3 WHERE id BETWEEN 4673180 AND 4673280
	Index Only Scan using sbtest3_pkey on sbtest3  (cost=0.43..6.35 rows=96 width=4)
	  Index Cond: ((id >= 4673180) AND (id <= 4673280))

table 4 : explain SELECT id FROM sbtest4 WHERE id BETWEEN 4673180 AND 4673280
	Index Only Scan using sbtest4_pkey on sbtest4  (cost=0.43..6.42 rows=99 width=4)
	  Index Cond: ((id >= 4673180) AND (id <= 4673280))

table 5 : explain SELECT id FROM sbtest5 WHERE id BETWEEN 4673180 AND 4673280
	Index Only Scan using sbtest5_pkey on sbtest5  (cost=0.43..6.40 rows=98 width=4)
	  Index Cond: ((id >= 4673180) AND (id <= 4673280))

table 6 : explain SELECT id FROM sbtest6 WHERE id BETWEEN 4673180 AND 4673280
	Index Only Scan using sbtest6_pkey on sbtest6  (cost=0.43..6.37 rows=97 width=4)
	  Index Cond: ((id >= 4673180) AND (id <= 4673280))

table 7 : explain SELECT id FROM sbtest7 WHERE id BETWEEN 4673180 AND 4673280
	Index Only Scan using sbtest7_pkey on sbtest7  (cost=0.43..10.65 rows=111 width=4)
	  Index Cond: ((id >= 4673180) AND (id <= 4673280))

table 8 : explain SELECT id FROM sbtest8 WHERE id BETWEEN 4673180 AND 4673280
	Index Only Scan using sbtest8_pkey on sbtest8  (cost=0.43..6.35 rows=96 width=4)
	  Index Cond: ((id >= 4673180) AND (id <= 4673280))

explain: for range-covered :: explain SELECT id FROM sbtest%d WHERE id BETWEEN 4673180 AND 4673280
explain: for range-covered :: explain SELECT id FROM sbtest%d WHERE id BETWEEN 5422668 AND 5422768
for range-covered
table 1 : explain SELECT id FROM sbtest1 WHERE id BETWEEN 8261741 AND 8261841
	Index Only Scan using sbtest1_pkey on sbtest1  (cost=0.43..6.45 rows=101 width=4)
	  Index Cond: ((id >= 8261741) AND (id <= 8261841))

table 2 : explain SELECT id FROM sbtest2 WHERE id BETWEEN 8261741 AND 8261841
	Index Only Scan using sbtest2_pkey on sbtest2  (cost=0.43..6.63 rows=110 width=4)
	  Index Cond: ((id >= 8261741) AND (id <= 8261841))

table 3 : explain SELECT id FROM sbtest3 WHERE id BETWEEN 8261741 AND 8261841
	Index Only Scan using sbtest3_pkey on sbtest3  (cost=0.43..6.51 rows=104 width=4)
	  Index Cond: ((id >= 8261741) AND (id <= 8261841))

table 4 : explain SELECT id FROM sbtest4 WHERE id BETWEEN 8261741 AND 8261841
	Index Only Scan using sbtest4_pkey on sbtest4  (cost=0.43..6.42 rows=99 width=4)
	  Index Cond: ((id >= 8261741) AND (id <= 8261841))

table 5 : explain SELECT id FROM sbtest5 WHERE id BETWEEN 8261741 AND 8261841
	Index Only Scan using sbtest5_pkey on sbtest5  (cost=0.43..6.32 rows=94 width=4)
	  Index Cond: ((id >= 8261741) AND (id <= 8261841))

table 6 : explain SELECT id FROM sbtest6 WHERE id BETWEEN 8261741 AND 8261841
	Index Only Scan using sbtest6_pkey on sbtest6  (cost=0.43..6.58 rows=107 width=4)
	  Index Cond: ((id >= 8261741) AND (id <= 8261841))

table 7 : explain SELECT id FROM sbtest7 WHERE id BETWEEN 8261741 AND 8261841
	Index Only Scan using sbtest7_pkey on sbtest7  (cost=0.43..10.47 rows=102 width=4)
	  Index Cond: ((id >= 8261741) AND (id <= 8261841))

table 8 : explain SELECT id FROM sbtest8 WHERE id BETWEEN 8261741 AND 8261841
	Index Only Scan using sbtest8_pkey on sbtest8  (cost=0.43..6.53 rows=105 width=4)
	  Index Cond: ((id >= 8261741) AND (id <= 8261841))

explain: for range-covered :: explain SELECT id FROM sbtest%d WHERE id BETWEEN 8261741 AND 8261841
explain: for range-covered :: explain SELECT id FROM sbtest%d WHERE id BETWEEN 7717975 AND 7718075
for range-covered
table 1 : explain SELECT id FROM sbtest1 WHERE id BETWEEN 2734472 AND 2734572
	Index Only Scan using sbtest1_pkey on sbtest1  (cost=0.43..6.21 rows=89 width=4)
	  Index Cond: ((id >= 2734472) AND (id <= 2734572))

table 2 : explain SELECT id FROM sbtest2 WHERE id BETWEEN 2734472 AND 2734572
	Index Only Scan using sbtest2_pkey on sbtest2  (cost=0.43..6.50 rows=103 width=4)
	  Index Cond: ((id >= 2734472) AND (id <= 2734572))

table 3 : explain SELECT id FROM sbtest3 WHERE id BETWEEN 2734472 AND 2734572
	Index Only Scan using sbtest3_pkey on sbtest3  (cost=0.43..6.66 rows=111 width=4)
	  Index Cond: ((id >= 2734472) AND (id <= 2734572))

table 4 : explain SELECT id FROM sbtest4 WHERE id BETWEEN 2734472 AND 2734572
	Index Only Scan using sbtest4_pkey on sbtest4  (cost=0.43..6.35 rows=96 width=4)
	  Index Cond: ((id >= 2734472) AND (id <= 2734572))

table 5 : explain SELECT id FROM sbtest5 WHERE id BETWEEN 2734472 AND 2734572
	Index Only Scan using sbtest5_pkey on sbtest5  (cost=0.43..6.47 rows=102 width=4)
	  Index Cond: ((id >= 2734472) AND (id <= 2734572))

table 6 : explain SELECT id FROM sbtest6 WHERE id BETWEEN 2734472 AND 2734572
	Index Only Scan using sbtest6_pkey on sbtest6  (cost=0.43..6.51 rows=104 width=4)
	  Index Cond: ((id >= 2734472) AND (id <= 2734572))

table 7 : explain SELECT id FROM sbtest7 WHERE id BETWEEN 2734472 AND 2734572
	Index Only Scan using sbtest7_pkey on sbtest7  (cost=0.43..10.36 rows=96 width=4)
	  Index Cond: ((id >= 2734472) AND (id <= 2734572))

table 8 : explain SELECT id FROM sbtest8 WHERE id BETWEEN 2734472 AND 2734572
	Index Only Scan using sbtest8_pkey on sbtest8  (cost=0.43..6.45 rows=101 width=4)
	  Index Cond: ((id >= 2734472) AND (id <= 2734572))

explain: for range-covered :: explain SELECT id FROM sbtest%d WHERE id BETWEEN 2734472 AND 2734572
for range-covered
table 1 : explain SELECT id FROM sbtest1 WHERE id BETWEEN 4673180 AND 4673280
	Index Only Scan using sbtest1_pkey on sbtest1  (cost=0.43..6.59 rows=108 width=4)
	  Index Cond: ((id >= 4673180) AND (id <= 4673280))

table 2 : explain SELECT id FROM sbtest2 WHERE id BETWEEN 4673180 AND 4673280
	Index Only Scan using sbtest2_pkey on sbtest2  (cost=0.43..6.63 rows=110 width=4)
	  Index Cond: ((id >= 4673180) AND (id <= 4673280))

table 3 : explain SELECT id FROM sbtest3 WHERE id BETWEEN 4673180 AND 4673280
	Index Only Scan using sbtest3_pkey on sbtest3  (cost=0.43..6.35 rows=96 width=4)
	  Index Cond: ((id >= 4673180) AND (id <= 4673280))

table 4 : explain SELECT id FROM sbtest4 WHERE id BETWEEN 4673180 AND 4673280
	Index Only Scan using sbtest4_pkey on sbtest4  (cost=0.43..6.42 rows=99 width=4)
	  Index Cond: ((id >= 4673180) AND (id <= 4673280))

table 5 : explain SELECT id FROM sbtest5 WHERE id BETWEEN 4673180 AND 4673280
	Index Only Scan using sbtest5_pkey on sbtest5  (cost=0.43..6.40 rows=98 width=4)
	  Index Cond: ((id >= 4673180) AND (id <= 4673280))

table 6 : explain SELECT id FROM sbtest6 WHERE id BETWEEN 4673180 AND 4673280
	Index Only Scan using sbtest6_pkey on sbtest6  (cost=0.43..6.37 rows=97 width=4)
	  Index Cond: ((id >= 4673180) AND (id <= 4673280))

table 7 : explain SELECT id FROM sbtest7 WHERE id BETWEEN 4673180 AND 4673280
	Index Only Scan using sbtest7_pkey on sbtest7  (cost=0.43..10.65 rows=111 width=4)
	  Index Cond: ((id >= 4673180) AND (id <= 4673280))

table 8 : explain SELECT id FROM sbtest8 WHERE id BETWEEN 4673180 AND 4673280
	Index Only Scan using sbtest8_pkey on sbtest8  (cost=0.43..6.35 rows=96 width=4)
	  Index Cond: ((id >= 4673180) AND (id <= 4673280))

explain: for range-covered :: explain SELECT id FROM sbtest%d WHERE id BETWEEN 4673180 AND 4673280
for range-covered
table 1 : explain SELECT id FROM sbtest1 WHERE id BETWEEN 8261741 AND 8261841
	Index Only Scan using sbtest1_pkey on sbtest1  (cost=0.43..6.45 rows=101 width=4)
	  Index Cond: ((id >= 8261741) AND (id <= 8261841))

table 2 : explain SELECT id FROM sbtest2 WHERE id BETWEEN 8261741 AND 8261841
	Index Only Scan using sbtest2_pkey on sbtest2  (cost=0.43..6.63 rows=110 width=4)
	  Index Cond: ((id >= 8261741) AND (id <= 8261841))

table 3 : explain SELECT id FROM sbtest3 WHERE id BETWEEN 8261741 AND 8261841
	Index Only Scan using sbtest3_pkey on sbtest3  (cost=0.43..6.51 rows=104 width=4)
	  Index Cond: ((id >= 8261741) AND (id <= 8261841))

table 4 : explain SELECT id FROM sbtest4 WHERE id BETWEEN 8261741 AND 8261841
	Index Only Scan using sbtest4_pkey on sbtest4  (cost=0.43..6.42 rows=99 width=4)
	  Index Cond: ((id >= 8261741) AND (id <= 8261841))

table 5 : explain SELECT id FROM sbtest5 WHERE id BETWEEN 8261741 AND 8261841
	Index Only Scan using sbtest5_pkey on sbtest5  (cost=0.43..6.32 rows=94 width=4)
	  Index Cond: ((id >= 8261741) AND (id <= 8261841))

table 6 : explain SELECT id FROM sbtest6 WHERE id BETWEEN 8261741 AND 8261841
	Index Only Scan using sbtest6_pkey on sbtest6  (cost=0.43..6.58 rows=107 width=4)
	  Index Cond: ((id >= 8261741) AND (id <= 8261841))

table 7 : explain SELECT id FROM sbtest7 WHERE id BETWEEN 8261741 AND 8261841
	Index Only Scan using sbtest7_pkey on sbtest7  (cost=0.43..10.47 rows=102 width=4)
	  Index Cond: ((id >= 8261741) AND (id <= 8261841))

table 8 : explain SELECT id FROM sbtest8 WHERE id BETWEEN 8261741 AND 8261841
	Index Only Scan using sbtest8_pkey on sbtest8  (cost=0.43..6.53 rows=105 width=4)
	  Index Cond: ((id >= 8261741) AND (id <= 8261841))

for range-covered
table 1 : explain SELECT id FROM sbtest1 WHERE id BETWEEN 2734472 AND 2734572
	Index Only Scan using sbtest1_pkey on sbtest1  (cost=0.43..6.21 rows=89 width=4)
	  Index Cond: ((id >= 2734472) AND (id <= 2734572))

table 2 : explain SELECT id FROM sbtest2 WHERE id BETWEEN 2734472 AND 2734572
	Index Only Scan using sbtest2_pkey on sbtest2  (cost=0.43..6.50 rows=103 width=4)
	  Index Cond: ((id >= 2734472) AND (id <= 2734572))

table 3 : explain SELECT id FROM sbtest3 WHERE id BETWEEN 2734472 AND 2734572
	Index Only Scan using sbtest3_pkey on sbtest3  (cost=0.43..6.66 rows=111 width=4)
	  Index Cond: ((id >= 2734472) AND (id <= 2734572))

table 4 : explain SELECT id FROM sbtest4 WHERE id BETWEEN 2734472 AND 2734572
	Index Only Scan using sbtest4_pkey on sbtest4  (cost=0.43..6.35 rows=96 width=4)
	  Index Cond: ((id >= 2734472) AND (id <= 2734572))

table 5 : explain SELECT id FROM sbtest5 WHERE id BETWEEN 2734472 AND 2734572
	Index Only Scan using sbtest5_pkey on sbtest5  (cost=0.43..6.47 rows=102 width=4)
	  Index Cond: ((id >= 2734472) AND (id <= 2734572))

table 6 : explain SELECT id FROM sbtest6 WHERE id BETWEEN 2734472 AND 2734572
	Index Only Scan using sbtest6_pkey on sbtest6  (cost=0.43..6.51 rows=104 width=4)
	  Index Cond: ((id >= 2734472) AND (id <= 2734572))

table 7 : explain SELECT id FROM sbtest7 WHERE id BETWEEN 2734472 AND 2734572
	Index Only Scan using sbtest7_pkey on sbtest7  (cost=0.43..10.36 rows=96 width=4)
	  Index Cond: ((id >= 2734472) AND (id <= 2734572))

table 8 : explain SELECT id FROM sbtest8 WHERE id BETWEEN 2734472 AND 2734572
	Index Only Scan using sbtest8_pkey on sbtest8  (cost=0.43..6.45 rows=101 width=4)
	  Index Cond: ((id >= 2734472) AND (id <= 2734572))

for range-covered
table 1 : explain SELECT id FROM sbtest1 WHERE id BETWEEN 3768748 AND 3768848
	Index Only Scan using sbtest1_pkey on sbtest1  (cost=0.43..6.37 rows=97 width=4)
	  Index Cond: ((id >= 3768748) AND (id <= 3768848))

table 2 : explain SELECT id FROM sbtest2 WHERE id BETWEEN 3768748 AND 3768848
	Index Only Scan using sbtest2_pkey on sbtest2  (cost=0.43..6.47 rows=102 width=4)
	  Index Cond: ((id >= 3768748) AND (id <= 3768848))

table 3 : explain SELECT id FROM sbtest3 WHERE id BETWEEN 3768748 AND 3768848
	Index Only Scan using sbtest3_pkey on sbtest3  (cost=0.43..6.45 rows=101 width=4)
	  Index Cond: ((id >= 3768748) AND (id <= 3768848))

table 4 : explain SELECT id FROM sbtest4 WHERE id BETWEEN 3768748 AND 3768848
	Index Only Scan using sbtest4_pkey on sbtest4  (cost=0.43..6.42 rows=99 width=4)
	  Index Cond: ((id >= 3768748) AND (id <= 3768848))

table 5 : explain SELECT id FROM sbtest5 WHERE id BETWEEN 3768748 AND 3768848
	Index Only Scan using sbtest5_pkey on sbtest5  (cost=0.43..6.40 rows=98 width=4)
	  Index Cond: ((id >= 3768748) AND (id <= 3768848))

table 6 : explain SELECT id FROM sbtest6 WHERE id BETWEEN 3768748 AND 3768848
	Index Only Scan using sbtest6_pkey on sbtest6  (cost=0.43..6.45 rows=101 width=4)
	  Index Cond: ((id >= 3768748) AND (id <= 3768848))

table 7 : explain SELECT id FROM sbtest7 WHERE id BETWEEN 3768748 AND 3768848
	Index Only Scan using sbtest7_pkey on sbtest7  (cost=0.43..10.50 rows=103 width=4)
	  Index Cond: ((id >= 3768748) AND (id <= 3768848))

table 8 : explain SELECT id FROM sbtest8 WHERE id BETWEEN 3768748 AND 3768848
	Index Only Scan using sbtest8_pkey on sbtest8  (cost=0.43..6.61 rows=109 width=4)
	  Index Cond: ((id >= 3768748) AND (id <= 3768848))

explain: for range-covered :: explain SELECT id FROM sbtest%d WHERE id BETWEEN 2734472 AND 2734572
explain: for range-covered :: explain SELECT id FROM sbtest%d WHERE id BETWEEN 3768748 AND 3768848
for range-covered
table 1 : explain SELECT id FROM sbtest1 WHERE id BETWEEN 4673180 AND 4673280
	Index Only Scan using sbtest1_pkey on sbtest1  (cost=0.43..6.59 rows=108 width=4)
	  Index Cond: ((id >= 4673180) AND (id <= 4673280))

table 2 : explain SELECT id FROM sbtest2 WHERE id BETWEEN 4673180 AND 4673280
	Index Only Scan using sbtest2_pkey on sbtest2  (cost=0.43..6.63 rows=110 width=4)
	  Index Cond: ((id >= 4673180) AND (id <= 4673280))

table 3 : explain SELECT id FROM sbtest3 WHERE id BETWEEN 4673180 AND 4673280
	Index Only Scan using sbtest3_pkey on sbtest3  (cost=0.43..6.35 rows=96 width=4)
	  Index Cond: ((id >= 4673180) AND (id <= 4673280))

table 4 : explain SELECT id FROM sbtest4 WHERE id BETWEEN 4673180 AND 4673280
	Index Only Scan using sbtest4_pkey on sbtest4  (cost=0.43..6.42 rows=99 width=4)
	  Index Cond: ((id >= 4673180) AND (id <= 4673280))

table 5 : explain SELECT id FROM sbtest5 WHERE id BETWEEN 4673180 AND 4673280
	Index Only Scan using sbtest5_pkey on sbtest5  (cost=0.43..6.40 rows=98 width=4)
	  Index Cond: ((id >= 4673180) AND (id <= 4673280))

table 6 : explain SELECT id FROM sbtest6 WHERE id BETWEEN 4673180 AND 4673280
	Index Only Scan using sbtest6_pkey on sbtest6  (cost=0.43..6.37 rows=97 width=4)
	  Index Cond: ((id >= 4673180) AND (id <= 4673280))

table 7 : explain SELECT id FROM sbtest7 WHERE id BETWEEN 4673180 AND 4673280
	Index Only Scan using sbtest7_pkey on sbtest7  (cost=0.43..10.65 rows=111 width=4)
	  Index Cond: ((id >= 4673180) AND (id <= 4673280))

table 8 : explain SELECT id FROM sbtest8 WHERE id BETWEEN 4673180 AND 4673280
	Index Only Scan using sbtest8_pkey on sbtest8  (cost=0.43..6.35 rows=96 width=4)
	  Index Cond: ((id >= 4673180) AND (id <= 4673280))

explain: for range-covered :: explain SELECT id FROM sbtest%d WHERE id BETWEEN 4673180 AND 4673280
for range-covered
table 1 : explain SELECT id FROM sbtest1 WHERE id BETWEEN 6700629 AND 6700729
	Index Only Scan using sbtest1_pkey on sbtest1  (cost=0.43..6.37 rows=97 width=4)
	  Index Cond: ((id >= 6700629) AND (id <= 6700729))

table 2 : explain SELECT id FROM sbtest2 WHERE id BETWEEN 6700629 AND 6700729
	Index Only Scan using sbtest2_pkey on sbtest2  (cost=0.43..6.25 rows=91 width=4)
	  Index Cond: ((id >= 6700629) AND (id <= 6700729))

table 3 : explain SELECT id FROM sbtest3 WHERE id BETWEEN 6700629 AND 6700729
	Index Only Scan using sbtest3_pkey on sbtest3  (cost=0.43..6.67 rows=112 width=4)
	  Index Cond: ((id >= 6700629) AND (id <= 6700729))

table 4 : explain SELECT id FROM sbtest4 WHERE id BETWEEN 6700629 AND 6700729
	Index Only Scan using sbtest4_pkey on sbtest4  (cost=0.43..6.24 rows=90 width=4)
	  Index Cond: ((id >= 6700629) AND (id <= 6700729))

table 5 : explain SELECT id FROM sbtest5 WHERE id BETWEEN 6700629 AND 6700729
	Index Only Scan using sbtest5_pkey on sbtest5  (cost=0.43..6.43 rows=100 width=4)
	  Index Cond: ((id >= 6700629) AND (id <= 6700729))

table 6 : explain SELECT id FROM sbtest6 WHERE id BETWEEN 6700629 AND 6700729
	Index Only Scan using sbtest6_pkey on sbtest6  (cost=0.43..6.32 rows=94 width=4)
	  Index Cond: ((id >= 6700629) AND (id <= 6700729))

table 7 : explain SELECT id FROM sbtest7 WHERE id BETWEEN 6700629 AND 6700729
	Index Only Scan using sbtest7_pkey on sbtest7  (cost=0.43..10.40 rows=98 width=4)
	  Index Cond: ((id >= 6700629) AND (id <= 6700729))

table 8 : explain SELECT id FROM sbtest8 WHERE id BETWEEN 6700629 AND 6700729
	Index Only Scan using sbtest8_pkey on sbtest8  (cost=0.43..6.58 rows=107 width=4)
	  Index Cond: ((id >= 6700629) AND (id <= 6700729))

explain: for range-covered :: explain SELECT id FROM sbtest%d WHERE id BETWEEN 6700629 AND 6700729
for range-covered
table 1 : explain SELECT id FROM sbtest1 WHERE id BETWEEN 5756993 AND 5757093
	Index Only Scan using sbtest1_pkey on sbtest1  (cost=0.43..6.43 rows=100 width=4)
	  Index Cond: ((id >= 5756993) AND (id <= 5757093))

table 2 : explain SELECT id FROM sbtest2 WHERE id BETWEEN 5756993 AND 5757093
	Index Only Scan using sbtest2_pkey on sbtest2  (cost=0.43..6.40 rows=98 width=4)
	  Index Cond: ((id >= 5756993) AND (id <= 5757093))

table 3 : explain SELECT id FROM sbtest3 WHERE id BETWEEN 5756993 AND 5757093
	Index Only Scan using sbtest3_pkey on sbtest3  (cost=0.43..6.45 rows=101 width=4)
	  Index Cond: ((id >= 5756993) AND (id <= 5757093))

table 4 : explain SELECT id FROM sbtest4 WHERE id BETWEEN 5756993 AND 5757093
	Index Only Scan using sbtest4_pkey on sbtest4  (cost=0.43..6.53 rows=105 width=4)
	  Index Cond: ((id >= 5756993) AND (id <= 5757093))

table 5 : explain SELECT id FROM sbtest5 WHERE id BETWEEN 5756993 AND 5757093
	Index Only Scan using sbtest5_pkey on sbtest5  (cost=0.43..6.27 rows=92 width=4)
	  Index Cond: ((id >= 5756993) AND (id <= 5757093))

table 6 : explain SELECT id FROM sbtest6 WHERE id BETWEEN 5756993 AND 5757093
	Index Only Scan using sbtest6_pkey on sbtest6  (cost=0.43..6.43 rows=100 width=4)
	  Index Cond: ((id >= 5756993) AND (id <= 5757093))

table 7 : explain SELECT id FROM sbtest7 WHERE id BETWEEN 5756993 AND 5757093
	Index Only Scan using sbtest7_pkey on sbtest7  (cost=0.43..10.47 rows=102 width=4)
	  Index Cond: ((id >= 5756993) AND (id <= 5757093))

table 8 : explain SELECT id FROM sbtest8 WHERE id BETWEEN 5756993 AND 5757093
	Index Only Scan using sbtest8_pkey on sbtest8  (cost=0.43..6.61 rows=109 width=4)
	  Index Cond: ((id >= 5756993) AND (id <= 5757093))

explain: for range-covered :: explain SELECT id FROM sbtest%d WHERE id BETWEEN 5756993 AND 5757093
for range-covered
table 1 : explain SELECT id FROM sbtest1 WHERE id BETWEEN 2734472 AND 2734572
	Index Only Scan using sbtest1_pkey on sbtest1  (cost=0.43..6.21 rows=89 width=4)
	  Index Cond: ((id >= 2734472) AND (id <= 2734572))

table 2 : explain SELECT id FROM sbtest2 WHERE id BETWEEN 2734472 AND 2734572
	Index Only Scan using sbtest2_pkey on sbtest2  (cost=0.43..6.50 rows=103 width=4)
	  Index Cond: ((id >= 2734472) AND (id <= 2734572))

table 3 : explain SELECT id FROM sbtest3 WHERE id BETWEEN 2734472 AND 2734572
	Index Only Scan using sbtest3_pkey on sbtest3  (cost=0.43..6.66 rows=111 width=4)
	  Index Cond: ((id >= 2734472) AND (id <= 2734572))

table 4 : explain SELECT id FROM sbtest4 WHERE id BETWEEN 2734472 AND 2734572
	Index Only Scan using sbtest4_pkey on sbtest4  (cost=0.43..6.35 rows=96 width=4)
	  Index Cond: ((id >= 2734472) AND (id <= 2734572))

table 5 : explain SELECT id FROM sbtest5 WHERE id BETWEEN 2734472 AND 2734572
	Index Only Scan using sbtest5_pkey on sbtest5  (cost=0.43..6.47 rows=102 width=4)
	  Index Cond: ((id >= 2734472) AND (id <= 2734572))

table 6 : explain SELECT id FROM sbtest6 WHERE id BETWEEN 2734472 AND 2734572
	Index Only Scan using sbtest6_pkey on sbtest6  (cost=0.43..6.51 rows=104 width=4)
	  Index Cond: ((id >= 2734472) AND (id <= 2734572))

table 7 : explain SELECT id FROM sbtest7 WHERE id BETWEEN 2734472 AND 2734572
	Index Only Scan using sbtest7_pkey on sbtest7  (cost=0.43..10.36 rows=96 width=4)
	  Index Cond: ((id >= 2734472) AND (id <= 2734572))

table 8 : explain SELECT id FROM sbtest8 WHERE id BETWEEN 2734472 AND 2734572
	Index Only Scan using sbtest8_pkey on sbtest8  (cost=0.43..6.45 rows=101 width=4)
	  Index Cond: ((id >= 2734472) AND (id <= 2734572))

for range-covered
table 1 : explain SELECT id FROM sbtest1 WHERE id BETWEEN 3768748 AND 3768848
	Index Only Scan using sbtest1_pkey on sbtest1  (cost=0.43..6.37 rows=97 width=4)
	  Index Cond: ((id >= 3768748) AND (id <= 3768848))

table 2 : explain SELECT id FROM sbtest2 WHERE id BETWEEN 3768748 AND 3768848
	Index Only Scan using sbtest2_pkey on sbtest2  (cost=0.43..6.47 rows=102 width=4)
	  Index Cond: ((id >= 3768748) AND (id <= 3768848))

table 3 : explain SELECT id FROM sbtest3 WHERE id BETWEEN 3768748 AND 3768848
	Index Only Scan using sbtest3_pkey on sbtest3  (cost=0.43..6.45 rows=101 width=4)
	  Index Cond: ((id >= 3768748) AND (id <= 3768848))

table 4 : explain SELECT id FROM sbtest4 WHERE id BETWEEN 3768748 AND 3768848
	Index Only Scan using sbtest4_pkey on sbtest4  (cost=0.43..6.42 rows=99 width=4)
	  Index Cond: ((id >= 3768748) AND (id <= 3768848))

table 5 : explain SELECT id FROM sbtest5 WHERE id BETWEEN 3768748 AND 3768848
	Index Only Scan using sbtest5_pkey on sbtest5  (cost=0.43..6.40 rows=98 width=4)
	  Index Cond: ((id >= 3768748) AND (id <= 3768848))

table 6 : explain SELECT id FROM sbtest6 WHERE id BETWEEN 3768748 AND 3768848
	Index Only Scan using sbtest6_pkey on sbtest6  (cost=0.43..6.45 rows=101 width=4)
	  Index Cond: ((id >= 3768748) AND (id <= 3768848))

table 7 : explain SELECT id FROM sbtest7 WHERE id BETWEEN 3768748 AND 3768848
	Index Only Scan using sbtest7_pkey on sbtest7  (cost=0.43..10.50 rows=103 width=4)
	  Index Cond: ((id >= 3768748) AND (id <= 3768848))

table 8 : explain SELECT id FROM sbtest8 WHERE id BETWEEN 3768748 AND 3768848
	Index Only Scan using sbtest8_pkey on sbtest8  (cost=0.43..6.61 rows=109 width=4)
	  Index Cond: ((id >= 3768748) AND (id <= 3768848))

explain: for range-covered :: explain SELECT id FROM sbtest%d WHERE id BETWEEN 7745901 AND 7746001
explain: for range-covered :: explain SELECT id FROM sbtest%d WHERE id BETWEEN 3768748 AND 3768848
for range-covered
table 1 : explain SELECT id FROM sbtest1 WHERE id BETWEEN 4673180 AND 4673280
	Index Only Scan using sbtest1_pkey on sbtest1  (cost=0.43..6.59 rows=108 width=4)
	  Index Cond: ((id >= 4673180) AND (id <= 4673280))

table 2 : explain SELECT id FROM sbtest2 WHERE id BETWEEN 4673180 AND 4673280
	Index Only Scan using sbtest2_pkey on sbtest2  (cost=0.43..6.63 rows=110 width=4)
	  Index Cond: ((id >= 4673180) AND (id <= 4673280))

table 3 : explain SELECT id FROM sbtest3 WHERE id BETWEEN 4673180 AND 4673280
	Index Only Scan using sbtest3_pkey on sbtest3  (cost=0.43..6.35 rows=96 width=4)
	  Index Cond: ((id >= 4673180) AND (id <= 4673280))

table 4 : explain SELECT id FROM sbtest4 WHERE id BETWEEN 4673180 AND 4673280
	Index Only Scan using sbtest4_pkey on sbtest4  (cost=0.43..6.42 rows=99 width=4)
	  Index Cond: ((id >= 4673180) AND (id <= 4673280))

table 5 : explain SELECT id FROM sbtest5 WHERE id BETWEEN 4673180 AND 4673280
	Index Only Scan using sbtest5_pkey on sbtest5  (cost=0.43..6.40 rows=98 width=4)
	  Index Cond: ((id >= 4673180) AND (id <= 4673280))

table 6 : explain SELECT id FROM sbtest6 WHERE id BETWEEN 4673180 AND 4673280
	Index Only Scan using sbtest6_pkey on sbtest6  (cost=0.43..6.37 rows=97 width=4)
	  Index Cond: ((id >= 4673180) AND (id <= 4673280))

table 7 : explain SELECT id FROM sbtest7 WHERE id BETWEEN 4673180 AND 4673280
	Index Only Scan using sbtest7_pkey on sbtest7  (cost=0.43..10.65 rows=111 width=4)
	  Index Cond: ((id >= 4673180) AND (id <= 4673280))

table 8 : explain SELECT id FROM sbtest8 WHERE id BETWEEN 4673180 AND 4673280
	Index Only Scan using sbtest8_pkey on sbtest8  (cost=0.43..6.35 rows=96 width=4)
	  Index Cond: ((id >= 4673180) AND (id <= 4673280))

explain: for range-covered :: explain SELECT id FROM sbtest%d WHERE id BETWEEN 4673180 AND 4673280
explain: for range-covered :: explain SELECT id FROM sbtest%d WHERE id BETWEEN 620251 AND 620351
for range-covered
table 1 : explain SELECT id FROM sbtest1 WHERE id BETWEEN 5422668 AND 5422768
	Index Only Scan using sbtest1_pkey on sbtest1  (cost=0.43..6.66 rows=111 width=4)
	  Index Cond: ((id >= 5422668) AND (id <= 5422768))

table 2 : explain SELECT id FROM sbtest2 WHERE id BETWEEN 5422668 AND 5422768
	Index Only Scan using sbtest2_pkey on sbtest2  (cost=0.43..6.27 rows=92 width=4)
	  Index Cond: ((id >= 5422668) AND (id <= 5422768))

table 3 : explain SELECT id FROM sbtest3 WHERE id BETWEEN 5422668 AND 5422768
	Index Only Scan using sbtest3_pkey on sbtest3  (cost=0.43..6.19 rows=88 width=4)
	  Index Cond: ((id >= 5422668) AND (id <= 5422768))

table 4 : explain SELECT id FROM sbtest4 WHERE id BETWEEN 5422668 AND 5422768
	Index Only Scan using sbtest4_pkey on sbtest4  (cost=0.43..6.42 rows=99 width=4)
	  Index Cond: ((id >= 5422668) AND (id <= 5422768))

table 5 : explain SELECT id FROM sbtest5 WHERE id BETWEEN 5422668 AND 5422768
	Index Only Scan using sbtest5_pkey on sbtest5  (cost=0.43..6.24 rows=90 width=4)
	  Index Cond: ((id >= 5422668) AND (id <= 5422768))

table 6 : explain SELECT id FROM sbtest6 WHERE id BETWEEN 5422668 AND 5422768
	Index Only Scan using sbtest6_pkey on sbtest6  (cost=0.43..6.53 rows=105 width=4)
	  Index Cond: ((id >= 5422668) AND (id <= 5422768))

table 7 : explain SELECT id FROM sbtest7 WHERE id BETWEEN 5422668 AND 5422768
	Index Only Scan using sbtest7_pkey on sbtest7  (cost=0.43..10.33 rows=95 width=4)
	  Index Cond: ((id >= 5422668) AND (id <= 5422768))

table 8 : explain SELECT id FROM sbtest8 WHERE id BETWEEN 5422668 AND 5422768
	Index Only Scan using sbtest8_pkey on sbtest8  (cost=0.43..6.47 rows=102 width=4)
	  Index Cond: ((id >= 5422668) AND (id <= 5422768))

for range-covered
table 1 : explain SELECT id FROM sbtest1 WHERE id BETWEEN 6700629 AND 6700729
	Index Only Scan using sbtest1_pkey on sbtest1  (cost=0.43..6.37 rows=97 width=4)
	  Index Cond: ((id >= 6700629) AND (id <= 6700729))

table 2 : explain SELECT id FROM sbtest2 WHERE id BETWEEN 6700629 AND 6700729
	Index Only Scan using sbtest2_pkey on sbtest2  (cost=0.43..6.25 rows=91 width=4)
	  Index Cond: ((id >= 6700629) AND (id <= 6700729))

table 3 : explain SELECT id FROM sbtest3 WHERE id BETWEEN 6700629 AND 6700729
	Index Only Scan using sbtest3_pkey on sbtest3  (cost=0.43..6.67 rows=112 width=4)
	  Index Cond: ((id >= 6700629) AND (id <= 6700729))

table 4 : explain SELECT id FROM sbtest4 WHERE id BETWEEN 6700629 AND 6700729
	Index Only Scan using sbtest4_pkey on sbtest4  (cost=0.43..6.24 rows=90 width=4)
	  Index Cond: ((id >= 6700629) AND (id <= 6700729))

table 5 : explain SELECT id FROM sbtest5 WHERE id BETWEEN 6700629 AND 6700729
	Index Only Scan using sbtest5_pkey on sbtest5  (cost=0.43..6.43 rows=100 width=4)
	  Index Cond: ((id >= 6700629) AND (id <= 6700729))

table 6 : explain SELECT id FROM sbtest6 WHERE id BETWEEN 6700629 AND 6700729
	Index Only Scan using sbtest6_pkey on sbtest6  (cost=0.43..6.32 rows=94 width=4)
	  Index Cond: ((id >= 6700629) AND (id <= 6700729))

table 7 : explain SELECT id FROM sbtest7 WHERE id BETWEEN 6700629 AND 6700729
	Index Only Scan using sbtest7_pkey on sbtest7  (cost=0.43..10.40 rows=98 width=4)
	  Index Cond: ((id >= 6700629) AND (id <= 6700729))

table 8 : explain SELECT id FROM sbtest8 WHERE id BETWEEN 6700629 AND 6700729
	Index Only Scan using sbtest8_pkey on sbtest8  (cost=0.43..6.58 rows=107 width=4)
	  Index Cond: ((id >= 6700629) AND (id <= 6700729))

for range-covered
table 1 : explain SELECT id FROM sbtest1 WHERE id BETWEEN 5756993 AND 5757093
	Index Only Scan using sbtest1_pkey on sbtest1  (cost=0.43..6.43 rows=100 width=4)
	  Index Cond: ((id >= 5756993) AND (id <= 5757093))

table 2 : explain SELECT id FROM sbtest2 WHERE id BETWEEN 5756993 AND 5757093
	Index Only Scan using sbtest2_pkey on sbtest2  (cost=0.43..6.40 rows=98 width=4)
	  Index Cond: ((id >= 5756993) AND (id <= 5757093))

table 3 : explain SELECT id FROM sbtest3 WHERE id BETWEEN 5756993 AND 5757093
	Index Only Scan using sbtest3_pkey on sbtest3  (cost=0.43..6.45 rows=101 width=4)
	  Index Cond: ((id >= 5756993) AND (id <= 5757093))

table 4 : explain SELECT id FROM sbtest4 WHERE id BETWEEN 5756993 AND 5757093
	Index Only Scan using sbtest4_pkey on sbtest4  (cost=0.43..6.53 rows=105 width=4)
	  Index Cond: ((id >= 5756993) AND (id <= 5757093))

table 5 : explain SELECT id FROM sbtest5 WHERE id BETWEEN 5756993 AND 5757093
	Index Only Scan using sbtest5_pkey on sbtest5  (cost=0.43..6.27 rows=92 width=4)
	  Index Cond: ((id >= 5756993) AND (id <= 5757093))

table 6 : explain SELECT id FROM sbtest6 WHERE id BETWEEN 5756993 AND 5757093
	Index Only Scan using sbtest6_pkey on sbtest6  (cost=0.43..6.43 rows=100 width=4)
	  Index Cond: ((id >= 5756993) AND (id <= 5757093))

table 7 : explain SELECT id FROM sbtest7 WHERE id BETWEEN 5756993 AND 5757093
	Index Only Scan using sbtest7_pkey on sbtest7  (cost=0.43..10.47 rows=102 width=4)
	  Index Cond: ((id >= 5756993) AND (id <= 5757093))

table 8 : explain SELECT id FROM sbtest8 WHERE id BETWEEN 5756993 AND 5757093
	Index Only Scan using sbtest8_pkey on sbtest8  (cost=0.43..6.61 rows=109 width=4)
	  Index Cond: ((id >= 5756993) AND (id <= 5757093))

explain: for range-covered :: explain SELECT id FROM sbtest%d WHERE id BETWEEN 5422668 AND 5422768
for range-covered
table 1 : explain SELECT id FROM sbtest1 WHERE id BETWEEN 3768748 AND 3768848
	Index Only Scan using sbtest1_pkey on sbtest1  (cost=0.43..6.37 rows=97 width=4)
	  Index Cond: ((id >= 3768748) AND (id <= 3768848))

table 2 : explain SELECT id FROM sbtest2 WHERE id BETWEEN 3768748 AND 3768848
	Index Only Scan using sbtest2_pkey on sbtest2  (cost=0.43..6.47 rows=102 width=4)
	  Index Cond: ((id >= 3768748) AND (id <= 3768848))

table 3 : explain SELECT id FROM sbtest3 WHERE id BETWEEN 3768748 AND 3768848
	Index Only Scan using sbtest3_pkey on sbtest3  (cost=0.43..6.45 rows=101 width=4)
	  Index Cond: ((id >= 3768748) AND (id <= 3768848))

table 4 : explain SELECT id FROM sbtest4 WHERE id BETWEEN 3768748 AND 3768848
	Index Only Scan using sbtest4_pkey on sbtest4  (cost=0.43..6.42 rows=99 width=4)
	  Index Cond: ((id >= 3768748) AND (id <= 3768848))

table 5 : explain SELECT id FROM sbtest5 WHERE id BETWEEN 3768748 AND 3768848
	Index Only Scan using sbtest5_pkey on sbtest5  (cost=0.43..6.40 rows=98 width=4)
	  Index Cond: ((id >= 3768748) AND (id <= 3768848))

table 6 : explain SELECT id FROM sbtest6 WHERE id BETWEEN 3768748 AND 3768848
	Index Only Scan using sbtest6_pkey on sbtest6  (cost=0.43..6.45 rows=101 width=4)
	  Index Cond: ((id >= 3768748) AND (id <= 3768848))

table 7 : explain SELECT id FROM sbtest7 WHERE id BETWEEN 3768748 AND 3768848
	Index Only Scan using sbtest7_pkey on sbtest7  (cost=0.43..10.50 rows=103 width=4)
	  Index Cond: ((id >= 3768748) AND (id <= 3768848))

table 8 : explain SELECT id FROM sbtest8 WHERE id BETWEEN 3768748 AND 3768848
	Index Only Scan using sbtest8_pkey on sbtest8  (cost=0.43..6.61 rows=109 width=4)
	  Index Cond: ((id >= 3768748) AND (id <= 3768848))

for range-covered
table 1 : explain SELECT id FROM sbtest1 WHERE id BETWEEN 7717975 AND 7718075
	Index Only Scan using sbtest1_pkey on sbtest1  (cost=0.43..6.43 rows=100 width=4)
	  Index Cond: ((id >= 7717975) AND (id <= 7718075))

table 2 : explain SELECT id FROM sbtest2 WHERE id BETWEEN 7717975 AND 7718075
	Index Only Scan using sbtest2_pkey on sbtest2  (cost=0.43..6.35 rows=96 width=4)
	  Index Cond: ((id >= 7717975) AND (id <= 7718075))

table 3 : explain SELECT id FROM sbtest3 WHERE id BETWEEN 7717975 AND 7718075
	Index Only Scan using sbtest3_pkey on sbtest3  (cost=0.43..6.53 rows=105 width=4)
	  Index Cond: ((id >= 7717975) AND (id <= 7718075))

table 4 : explain SELECT id FROM sbtest4 WHERE id BETWEEN 7717975 AND 7718075
	Index Only Scan using sbtest4_pkey on sbtest4  (cost=0.43..6.50 rows=103 width=4)
	  Index Cond: ((id >= 7717975) AND (id <= 7718075))

table 5 : explain SELECT id FROM sbtest5 WHERE id BETWEEN 7717975 AND 7718075
	Index Only Scan using sbtest5_pkey on sbtest5  (cost=0.43..6.53 rows=105 width=4)
	  Index Cond: ((id >= 7717975) AND (id <= 7718075))

table 6 : explain SELECT id FROM sbtest6 WHERE id BETWEEN 7717975 AND 7718075
	Index Only Scan using sbtest6_pkey on sbtest6  (cost=0.43..6.53 rows=105 width=4)
	  Index Cond: ((id >= 7717975) AND (id <= 7718075))

table 7 : explain SELECT id FROM sbtest7 WHERE id BETWEEN 7717975 AND 7718075
	Index Only Scan using sbtest7_pkey on sbtest7  (cost=0.43..10.36 rows=96 width=4)
	  Index Cond: ((id >= 7717975) AND (id <= 7718075))

table 8 : explain SELECT id FROM sbtest8 WHERE id BETWEEN 7717975 AND 7718075
	Index Only Scan using sbtest8_pkey on sbtest8  (cost=0.43..6.67 rows=112 width=4)
	  Index Cond: ((id >= 7717975) AND (id <= 7718075))

explain: for range-covered :: explain SELECT id FROM sbtest%d WHERE id BETWEEN 3768748 AND 3768848
for range-covered
table 1 : explain SELECT id FROM sbtest1 WHERE id BETWEEN 4673180 AND 4673280
	Index Only Scan using sbtest1_pkey on sbtest1  (cost=0.43..6.59 rows=108 width=4)
	  Index Cond: ((id >= 4673180) AND (id <= 4673280))

table 2 : explain SELECT id FROM sbtest2 WHERE id BETWEEN 4673180 AND 4673280
	Index Only Scan using sbtest2_pkey on sbtest2  (cost=0.43..6.63 rows=110 width=4)
	  Index Cond: ((id >= 4673180) AND (id <= 4673280))

table 3 : explain SELECT id FROM sbtest3 WHERE id BETWEEN 4673180 AND 4673280
	Index Only Scan using sbtest3_pkey on sbtest3  (cost=0.43..6.35 rows=96 width=4)
	  Index Cond: ((id >= 4673180) AND (id <= 4673280))

table 4 : explain SELECT id FROM sbtest4 WHERE id BETWEEN 4673180 AND 4673280
	Index Only Scan using sbtest4_pkey on sbtest4  (cost=0.43..6.42 rows=99 width=4)
	  Index Cond: ((id >= 4673180) AND (id <= 4673280))

table 5 : explain SELECT id FROM sbtest5 WHERE id BETWEEN 4673180 AND 4673280
	Index Only Scan using sbtest5_pkey on sbtest5  (cost=0.43..6.40 rows=98 width=4)
	  Index Cond: ((id >= 4673180) AND (id <= 4673280))

table 6 : explain SELECT id FROM sbtest6 WHERE id BETWEEN 4673180 AND 4673280
	Index Only Scan using sbtest6_pkey on sbtest6  (cost=0.43..6.37 rows=97 width=4)
	  Index Cond: ((id >= 4673180) AND (id <= 4673280))

table 7 : explain SELECT id FROM sbtest7 WHERE id BETWEEN 4673180 AND 4673280
	Index Only Scan using sbtest7_pkey on sbtest7  (cost=0.43..10.65 rows=111 width=4)
	  Index Cond: ((id >= 4673180) AND (id <= 4673280))

table 8 : explain SELECT id FROM sbtest8 WHERE id BETWEEN 4673180 AND 4673280
	Index Only Scan using sbtest8_pkey on sbtest8  (cost=0.43..6.35 rows=96 width=4)
	  Index Cond: ((id >= 4673180) AND (id <= 4673280))

explain: for range-covered :: explain SELECT id FROM sbtest%d WHERE id BETWEEN 4106900 AND 4107000
explain: for range-covered :: explain SELECT id FROM sbtest%d WHERE id BETWEEN 7717975 AND 7718075
for range-covered
table 1 : explain SELECT id FROM sbtest1 WHERE id BETWEEN 4408398 AND 4408498
	Index Only Scan using sbtest1_pkey on sbtest1  (cost=0.43..6.42 rows=99 width=4)
	  Index Cond: ((id >= 4408398) AND (id <= 4408498))

table 2 : explain SELECT id FROM sbtest2 WHERE id BETWEEN 4408398 AND 4408498
	Index Only Scan using sbtest2_pkey on sbtest2  (cost=0.43..6.40 rows=98 width=4)
	  Index Cond: ((id >= 4408398) AND (id <= 4408498))

table 3 : explain SELECT id FROM sbtest3 WHERE id BETWEEN 4408398 AND 4408498
	Index Only Scan using sbtest3_pkey on sbtest3  (cost=0.43..6.43 rows=100 width=4)
	  Index Cond: ((id >= 4408398) AND (id <= 4408498))

table 4 : explain SELECT id FROM sbtest4 WHERE id BETWEEN 4408398 AND 4408498
	Index Only Scan using sbtest4_pkey on sbtest4  (cost=0.43..6.40 rows=98 width=4)
	  Index Cond: ((id >= 4408398) AND (id <= 4408498))

table 5 : explain SELECT id FROM sbtest5 WHERE id BETWEEN 4408398 AND 4408498
	Index Only Scan using sbtest5_pkey on sbtest5  (cost=0.43..6.56 rows=106 width=4)
	  Index Cond: ((id >= 4408398) AND (id <= 4408498))

table 6 : explain SELECT id FROM sbtest6 WHERE id BETWEEN 4408398 AND 4408498
	Index Only Scan using sbtest6_pkey on sbtest6  (cost=0.43..6.63 rows=110 width=4)
	  Index Cond: ((id >= 4408398) AND (id <= 4408498))

table 7 : explain SELECT id FROM sbtest7 WHERE id BETWEEN 4408398 AND 4408498
	Index Only Scan using sbtest7_pkey on sbtest7  (cost=0.43..10.36 rows=96 width=4)
	  Index Cond: ((id >= 4408398) AND (id <= 4408498))

table 8 : explain SELECT id FROM sbtest8 WHERE id BETWEEN 4408398 AND 4408498
	Index Only Scan using sbtest8_pkey on sbtest8  (cost=0.43..6.37 rows=97 width=4)
	  Index Cond: ((id >= 4408398) AND (id <= 4408498))

explain: for range-covered :: explain SELECT id FROM sbtest%d WHERE id BETWEEN 4673180 AND 4673280
explain: for range-covered :: explain SELECT id FROM sbtest%d WHERE id BETWEEN 4408398 AND 4408498
explain: for range-covered :: explain SELECT id FROM sbtest%d WHERE id BETWEEN 6835918 AND 6836018
explain: for range-covered :: explain SELECT id FROM sbtest%d WHERE id BETWEEN 6700629 AND 6700729
for range-covered
table 1 : explain SELECT id FROM sbtest1 WHERE id BETWEEN 5422668 AND 5422768
	Index Only Scan using sbtest1_pkey on sbtest1  (cost=0.43..6.66 rows=111 width=4)
	  Index Cond: ((id >= 5422668) AND (id <= 5422768))

table 2 : explain SELECT id FROM sbtest2 WHERE id BETWEEN 5422668 AND 5422768
	Index Only Scan using sbtest2_pkey on sbtest2  (cost=0.43..6.27 rows=92 width=4)
	  Index Cond: ((id >= 5422668) AND (id <= 5422768))

table 3 : explain SELECT id FROM sbtest3 WHERE id BETWEEN 5422668 AND 5422768
	Index Only Scan using sbtest3_pkey on sbtest3  (cost=0.43..6.19 rows=88 width=4)
	  Index Cond: ((id >= 5422668) AND (id <= 5422768))

table 4 : explain SELECT id FROM sbtest4 WHERE id BETWEEN 5422668 AND 5422768
	Index Only Scan using sbtest4_pkey on sbtest4  (cost=0.43..6.42 rows=99 width=4)
	  Index Cond: ((id >= 5422668) AND (id <= 5422768))

table 5 : explain SELECT id FROM sbtest5 WHERE id BETWEEN 5422668 AND 5422768
	Index Only Scan using sbtest5_pkey on sbtest5  (cost=0.43..6.24 rows=90 width=4)
	  Index Cond: ((id >= 5422668) AND (id <= 5422768))

table 6 : explain SELECT id FROM sbtest6 WHERE id BETWEEN 5422668 AND 5422768
	Index Only Scan using sbtest6_pkey on sbtest6  (cost=0.43..6.53 rows=105 width=4)
	  Index Cond: ((id >= 5422668) AND (id <= 5422768))

table 7 : explain SELECT id FROM sbtest7 WHERE id BETWEEN 5422668 AND 5422768
	Index Only Scan using sbtest7_pkey on sbtest7  (cost=0.43..10.33 rows=95 width=4)
	  Index Cond: ((id >= 5422668) AND (id <= 5422768))

table 8 : explain SELECT id FROM sbtest8 WHERE id BETWEEN 5422668 AND 5422768
	Index Only Scan using sbtest8_pkey on sbtest8  (cost=0.43..6.47 rows=102 width=4)
	  Index Cond: ((id >= 5422668) AND (id <= 5422768))

for range-covered
table 1 : explain SELECT id FROM sbtest1 WHERE id BETWEEN 3768748 AND 3768848
	Index Only Scan using sbtest1_pkey on sbtest1  (cost=0.43..6.37 rows=97 width=4)
	  Index Cond: ((id >= 3768748) AND (id <= 3768848))

table 2 : explain SELECT id FROM sbtest2 WHERE id BETWEEN 3768748 AND 3768848
	Index Only Scan using sbtest2_pkey on sbtest2  (cost=0.43..6.47 rows=102 width=4)
	  Index Cond: ((id >= 3768748) AND (id <= 3768848))

table 3 : explain SELECT id FROM sbtest3 WHERE id BETWEEN 3768748 AND 3768848
	Index Only Scan using sbtest3_pkey on sbtest3  (cost=0.43..6.45 rows=101 width=4)
	  Index Cond: ((id >= 3768748) AND (id <= 3768848))

table 4 : explain SELECT id FROM sbtest4 WHERE id BETWEEN 3768748 AND 3768848
	Index Only Scan using sbtest4_pkey on sbtest4  (cost=0.43..6.42 rows=99 width=4)
	  Index Cond: ((id >= 3768748) AND (id <= 3768848))

table 5 : explain SELECT id FROM sbtest5 WHERE id BETWEEN 3768748 AND 3768848
	Index Only Scan using sbtest5_pkey on sbtest5  (cost=0.43..6.40 rows=98 width=4)
	  Index Cond: ((id >= 3768748) AND (id <= 3768848))

table 6 : explain SELECT id FROM sbtest6 WHERE id BETWEEN 3768748 AND 3768848
	Index Only Scan using sbtest6_pkey on sbtest6  (cost=0.43..6.45 rows=101 width=4)
	  Index Cond: ((id >= 3768748) AND (id <= 3768848))

table 7 : explain SELECT id FROM sbtest7 WHERE id BETWEEN 3768748 AND 3768848
	Index Only Scan using sbtest7_pkey on sbtest7  (cost=0.43..10.50 rows=103 width=4)
	  Index Cond: ((id >= 3768748) AND (id <= 3768848))

table 8 : explain SELECT id FROM sbtest8 WHERE id BETWEEN 3768748 AND 3768848
	Index Only Scan using sbtest8_pkey on sbtest8  (cost=0.43..6.61 rows=109 width=4)
	  Index Cond: ((id >= 3768748) AND (id <= 3768848))

explain: for range-covered :: explain SELECT id FROM sbtest%d WHERE id BETWEEN 5422668 AND 5422768
explain: for range-covered :: explain SELECT id FROM sbtest%d WHERE id BETWEEN 3768748 AND 3768848
explain: for range-covered :: explain SELECT id FROM sbtest%d WHERE id BETWEEN 8106988 AND 8107088
for range-covered
table 1 : explain SELECT id FROM sbtest1 WHERE id BETWEEN 7717975 AND 7718075
	Index Only Scan using sbtest1_pkey on sbtest1  (cost=0.43..6.43 rows=100 width=4)
	  Index Cond: ((id >= 7717975) AND (id <= 7718075))

table 2 : explain SELECT id FROM sbtest2 WHERE id BETWEEN 7717975 AND 7718075
	Index Only Scan using sbtest2_pkey on sbtest2  (cost=0.43..6.35 rows=96 width=4)
	  Index Cond: ((id >= 7717975) AND (id <= 7718075))

table 3 : explain SELECT id FROM sbtest3 WHERE id BETWEEN 7717975 AND 7718075
	Index Only Scan using sbtest3_pkey on sbtest3  (cost=0.43..6.53 rows=105 width=4)
	  Index Cond: ((id >= 7717975) AND (id <= 7718075))

table 4 : explain SELECT id FROM sbtest4 WHERE id BETWEEN 7717975 AND 7718075
	Index Only Scan using sbtest4_pkey on sbtest4  (cost=0.43..6.50 rows=103 width=4)
	  Index Cond: ((id >= 7717975) AND (id <= 7718075))

table 5 : explain SELECT id FROM sbtest5 WHERE id BETWEEN 7717975 AND 7718075
	Index Only Scan using sbtest5_pkey on sbtest5  (cost=0.43..6.53 rows=105 width=4)
	  Index Cond: ((id >= 7717975) AND (id <= 7718075))

table 6 : explain SELECT id FROM sbtest6 WHERE id BETWEEN 7717975 AND 7718075
	Index Only Scan using sbtest6_pkey on sbtest6  (cost=0.43..6.53 rows=105 width=4)
	  Index Cond: ((id >= 7717975) AND (id <= 7718075))

table 7 : explain SELECT id FROM sbtest7 WHERE id BETWEEN 7717975 AND 7718075
	Index Only Scan using sbtest7_pkey on sbtest7  (cost=0.43..10.36 rows=96 width=4)
	  Index Cond: ((id >= 7717975) AND (id <= 7718075))

table 8 : explain SELECT id FROM sbtest8 WHERE id BETWEEN 7717975 AND 7718075
	Index Only Scan using sbtest8_pkey on sbtest8  (cost=0.43..6.67 rows=112 width=4)
	  Index Cond: ((id >= 7717975) AND (id <= 7718075))

explain: for range-covered :: explain SELECT id FROM sbtest%d WHERE id BETWEEN 7717975 AND 7718075
for range-covered
table 1 : explain SELECT id FROM sbtest1 WHERE id BETWEEN 5422668 AND 5422768
	Index Only Scan using sbtest1_pkey on sbtest1  (cost=0.43..6.66 rows=111 width=4)
	  Index Cond: ((id >= 5422668) AND (id <= 5422768))

table 2 : explain SELECT id FROM sbtest2 WHERE id BETWEEN 5422668 AND 5422768
	Index Only Scan using sbtest2_pkey on sbtest2  (cost=0.43..6.27 rows=92 width=4)
	  Index Cond: ((id >= 5422668) AND (id <= 5422768))

table 3 : explain SELECT id FROM sbtest3 WHERE id BETWEEN 5422668 AND 5422768
	Index Only Scan using sbtest3_pkey on sbtest3  (cost=0.43..6.19 rows=88 width=4)
	  Index Cond: ((id >= 5422668) AND (id <= 5422768))

table 4 : explain SELECT id FROM sbtest4 WHERE id BETWEEN 5422668 AND 5422768
	Index Only Scan using sbtest4_pkey on sbtest4  (cost=0.43..6.42 rows=99 width=4)
	  Index Cond: ((id >= 5422668) AND (id <= 5422768))

table 5 : explain SELECT id FROM sbtest5 WHERE id BETWEEN 5422668 AND 5422768
	Index Only Scan using sbtest5_pkey on sbtest5  (cost=0.43..6.24 rows=90 width=4)
	  Index Cond: ((id >= 5422668) AND (id <= 5422768))

table 6 : explain SELECT id FROM sbtest6 WHERE id BETWEEN 5422668 AND 5422768
	Index Only Scan using sbtest6_pkey on sbtest6  (cost=0.43..6.53 rows=105 width=4)
	  Index Cond: ((id >= 5422668) AND (id <= 5422768))

table 7 : explain SELECT id FROM sbtest7 WHERE id BETWEEN 5422668 AND 5422768
	Index Only Scan using sbtest7_pkey on sbtest7  (cost=0.43..10.33 rows=95 width=4)
	  Index Cond: ((id >= 5422668) AND (id <= 5422768))

table 8 : explain SELECT id FROM sbtest8 WHERE id BETWEEN 5422668 AND 5422768
	Index Only Scan using sbtest8_pkey on sbtest8  (cost=0.43..6.47 rows=102 width=4)
	  Index Cond: ((id >= 5422668) AND (id <= 5422768))

for range-covered
table 1 : explain SELECT id FROM sbtest1 WHERE id BETWEEN 3768748 AND 3768848
	Index Only Scan using sbtest1_pkey on sbtest1  (cost=0.43..6.37 rows=97 width=4)
	  Index Cond: ((id >= 3768748) AND (id <= 3768848))

table 2 : explain SELECT id FROM sbtest2 WHERE id BETWEEN 3768748 AND 3768848
	Index Only Scan using sbtest2_pkey on sbtest2  (cost=0.43..6.47 rows=102 width=4)
	  Index Cond: ((id >= 3768748) AND (id <= 3768848))

table 3 : explain SELECT id FROM sbtest3 WHERE id BETWEEN 3768748 AND 3768848
	Index Only Scan using sbtest3_pkey on sbtest3  (cost=0.43..6.45 rows=101 width=4)
	  Index Cond: ((id >= 3768748) AND (id <= 3768848))

table 4 : explain SELECT id FROM sbtest4 WHERE id BETWEEN 3768748 AND 3768848
	Index Only Scan using sbtest4_pkey on sbtest4  (cost=0.43..6.42 rows=99 width=4)
	  Index Cond: ((id >= 3768748) AND (id <= 3768848))

table 5 : explain SELECT id FROM sbtest5 WHERE id BETWEEN 3768748 AND 3768848
	Index Only Scan using sbtest5_pkey on sbtest5  (cost=0.43..6.40 rows=98 width=4)
	  Index Cond: ((id >= 3768748) AND (id <= 3768848))

table 6 : explain SELECT id FROM sbtest6 WHERE id BETWEEN 3768748 AND 3768848
	Index Only Scan using sbtest6_pkey on sbtest6  (cost=0.43..6.45 rows=101 width=4)
	  Index Cond: ((id >= 3768748) AND (id <= 3768848))

table 7 : explain SELECT id FROM sbtest7 WHERE id BETWEEN 3768748 AND 3768848
	Index Only Scan using sbtest7_pkey on sbtest7  (cost=0.43..10.50 rows=103 width=4)
	  Index Cond: ((id >= 3768748) AND (id <= 3768848))

table 8 : explain SELECT id FROM sbtest8 WHERE id BETWEEN 3768748 AND 3768848
	Index Only Scan using sbtest8_pkey on sbtest8  (cost=0.43..6.61 rows=109 width=4)
	  Index Cond: ((id >= 3768748) AND (id <= 3768848))

explain: for range-covered :: explain SELECT id FROM sbtest%d WHERE id BETWEEN 5422668 AND 5422768
explain: for range-covered :: explain SELECT id FROM sbtest%d WHERE id BETWEEN 3768748 AND 3768848
for range-covered
table 1 : explain SELECT id FROM sbtest1 WHERE id BETWEEN 7717975 AND 7718075
	Index Only Scan using sbtest1_pkey on sbtest1  (cost=0.43..6.43 rows=100 width=4)
	  Index Cond: ((id >= 7717975) AND (id <= 7718075))

table 2 : explain SELECT id FROM sbtest2 WHERE id BETWEEN 7717975 AND 7718075
	Index Only Scan using sbtest2_pkey on sbtest2  (cost=0.43..6.35 rows=96 width=4)
	  Index Cond: ((id >= 7717975) AND (id <= 7718075))

table 3 : explain SELECT id FROM sbtest3 WHERE id BETWEEN 7717975 AND 7718075
	Index Only Scan using sbtest3_pkey on sbtest3  (cost=0.43..6.53 rows=105 width=4)
	  Index Cond: ((id >= 7717975) AND (id <= 7718075))

table 4 : explain SELECT id FROM sbtest4 WHERE id BETWEEN 7717975 AND 7718075
	Index Only Scan using sbtest4_pkey on sbtest4  (cost=0.43..6.50 rows=103 width=4)
	  Index Cond: ((id >= 7717975) AND (id <= 7718075))

table 5 : explain SELECT id FROM sbtest5 WHERE id BETWEEN 7717975 AND 7718075
	Index Only Scan using sbtest5_pkey on sbtest5  (cost=0.43..6.53 rows=105 width=4)
	  Index Cond: ((id >= 7717975) AND (id <= 7718075))

table 6 : explain SELECT id FROM sbtest6 WHERE id BETWEEN 7717975 AND 7718075
	Index Only Scan using sbtest6_pkey on sbtest6  (cost=0.43..6.53 rows=105 width=4)
	  Index Cond: ((id >= 7717975) AND (id <= 7718075))

table 7 : explain SELECT id FROM sbtest7 WHERE id BETWEEN 7717975 AND 7718075
	Index Only Scan using sbtest7_pkey on sbtest7  (cost=0.43..10.36 rows=96 width=4)
	  Index Cond: ((id >= 7717975) AND (id <= 7718075))

table 8 : explain SELECT id FROM sbtest8 WHERE id BETWEEN 7717975 AND 7718075
	Index Only Scan using sbtest8_pkey on sbtest8  (cost=0.43..6.67 rows=112 width=4)
	  Index Cond: ((id >= 7717975) AND (id <= 7718075))

for range-covered
table 1 : explain SELECT id FROM sbtest1 WHERE id BETWEEN 4673180 AND 4673280
	Index Only Scan using sbtest1_pkey on sbtest1  (cost=0.43..6.59 rows=108 width=4)
	  Index Cond: ((id >= 4673180) AND (id <= 4673280))

table 2 : explain SELECT id FROM sbtest2 WHERE id BETWEEN 4673180 AND 4673280
	Index Only Scan using sbtest2_pkey on sbtest2  (cost=0.43..6.63 rows=110 width=4)
	  Index Cond: ((id >= 4673180) AND (id <= 4673280))

table 3 : explain SELECT id FROM sbtest3 WHERE id BETWEEN 4673180 AND 4673280
	Index Only Scan using sbtest3_pkey on sbtest3  (cost=0.43..6.35 rows=96 width=4)
	  Index Cond: ((id >= 4673180) AND (id <= 4673280))

table 4 : explain SELECT id FROM sbtest4 WHERE id BETWEEN 4673180 AND 4673280
	Index Only Scan using sbtest4_pkey on sbtest4  (cost=0.43..6.42 rows=99 width=4)
	  Index Cond: ((id >= 4673180) AND (id <= 4673280))

table 5 : explain SELECT id FROM sbtest5 WHERE id BETWEEN 4673180 AND 4673280
	Index Only Scan using sbtest5_pkey on sbtest5  (cost=0.43..6.40 rows=98 width=4)
	  Index Cond: ((id >= 4673180) AND (id <= 4673280))

table 6 : explain SELECT id FROM sbtest6 WHERE id BETWEEN 4673180 AND 4673280
	Index Only Scan using sbtest6_pkey on sbtest6  (cost=0.43..6.37 rows=97 width=4)
	  Index Cond: ((id >= 4673180) AND (id <= 4673280))

table 7 : explain SELECT id FROM sbtest7 WHERE id BETWEEN 4673180 AND 4673280
	Index Only Scan using sbtest7_pkey on sbtest7  (cost=0.43..10.65 rows=111 width=4)
	  Index Cond: ((id >= 4673180) AND (id <= 4673280))

table 8 : explain SELECT id FROM sbtest8 WHERE id BETWEEN 4673180 AND 4673280
	Index Only Scan using sbtest8_pkey on sbtest8  (cost=0.43..6.35 rows=96 width=4)
	  Index Cond: ((id >= 4673180) AND (id <= 4673280))

explain: for range-covered :: explain SELECT id FROM sbtest%d WHERE id BETWEEN 7717975 AND 7718075
for range-covered
table 1 : explain SELECT id FROM sbtest1 WHERE id BETWEEN 7745901 AND 7746001
	Index Only Scan using sbtest1_pkey on sbtest1  (cost=0.43..6.43 rows=100 width=4)
	  Index Cond: ((id >= 7745901) AND (id <= 7746001))

table 2 : explain SELECT id FROM sbtest2 WHERE id BETWEEN 7745901 AND 7746001
	Index Only Scan using sbtest2_pkey on sbtest2  (cost=0.43..6.47 rows=102 width=4)
	  Index Cond: ((id >= 7745901) AND (id <= 7746001))

table 3 : explain SELECT id FROM sbtest3 WHERE id BETWEEN 7745901 AND 7746001
	Index Only Scan using sbtest3_pkey on sbtest3  (cost=0.43..6.53 rows=105 width=4)
	  Index Cond: ((id >= 7745901) AND (id <= 7746001))

table 4 : explain SELECT id FROM sbtest4 WHERE id BETWEEN 7745901 AND 7746001
	Index Only Scan using sbtest4_pkey on sbtest4  (cost=0.43..6.50 rows=103 width=4)
	  Index Cond: ((id >= 7745901) AND (id <= 7746001))

table 5 : explain SELECT id FROM sbtest5 WHERE id BETWEEN 7745901 AND 7746001
	Index Only Scan using sbtest5_pkey on sbtest5  (cost=0.43..6.53 rows=105 width=4)
	  Index Cond: ((id >= 7745901) AND (id <= 7746001))

table 6 : explain SELECT id FROM sbtest6 WHERE id BETWEEN 7745901 AND 7746001
	Index Only Scan using sbtest6_pkey on sbtest6  (cost=0.43..6.21 rows=89 width=4)
	  Index Cond: ((id >= 7745901) AND (id <= 7746001))

table 7 : explain SELECT id FROM sbtest7 WHERE id BETWEEN 7745901 AND 7746001
	Index Only Scan using sbtest7_pkey on sbtest7  (cost=0.43..10.36 rows=96 width=4)
	  Index Cond: ((id >= 7745901) AND (id <= 7746001))

table 8 : explain SELECT id FROM sbtest8 WHERE id BETWEEN 7745901 AND 7746001
	Index Only Scan using sbtest8_pkey on sbtest8  (cost=0.43..6.67 rows=112 width=4)
	  Index Cond: ((id >= 7745901) AND (id <= 7746001))

for range-covered
table 1 : explain SELECT id FROM sbtest1 WHERE id BETWEEN 4408398 AND 4408498
	Index Only Scan using sbtest1_pkey on sbtest1  (cost=0.43..6.42 rows=99 width=4)
	  Index Cond: ((id >= 4408398) AND (id <= 4408498))

table 2 : explain SELECT id FROM sbtest2 WHERE id BETWEEN 4408398 AND 4408498
	Index Only Scan using sbtest2_pkey on sbtest2  (cost=0.43..6.40 rows=98 width=4)
	  Index Cond: ((id >= 4408398) AND (id <= 4408498))

table 3 : explain SELECT id FROM sbtest3 WHERE id BETWEEN 4408398 AND 4408498
	Index Only Scan using sbtest3_pkey on sbtest3  (cost=0.43..6.43 rows=100 width=4)
	  Index Cond: ((id >= 4408398) AND (id <= 4408498))

table 4 : explain SELECT id FROM sbtest4 WHERE id BETWEEN 4408398 AND 4408498
	Index Only Scan using sbtest4_pkey on sbtest4  (cost=0.43..6.40 rows=98 width=4)
	  Index Cond: ((id >= 4408398) AND (id <= 4408498))

table 5 : explain SELECT id FROM sbtest5 WHERE id BETWEEN 4408398 AND 4408498
	Index Only Scan using sbtest5_pkey on sbtest5  (cost=0.43..6.56 rows=106 width=4)
	  Index Cond: ((id >= 4408398) AND (id <= 4408498))

table 6 : explain SELECT id FROM sbtest6 WHERE id BETWEEN 4408398 AND 4408498
	Index Only Scan using sbtest6_pkey on sbtest6  (cost=0.43..6.63 rows=110 width=4)
	  Index Cond: ((id >= 4408398) AND (id <= 4408498))

table 7 : explain SELECT id FROM sbtest7 WHERE id BETWEEN 4408398 AND 4408498
	Index Only Scan using sbtest7_pkey on sbtest7  (cost=0.43..10.36 rows=96 width=4)
	  Index Cond: ((id >= 4408398) AND (id <= 4408498))

table 8 : explain SELECT id FROM sbtest8 WHERE id BETWEEN 4408398 AND 4408498
	Index Only Scan using sbtest8_pkey on sbtest8  (cost=0.43..6.37 rows=97 width=4)
	  Index Cond: ((id >= 4408398) AND (id <= 4408498))

explain: for range-covered :: explain SELECT id FROM sbtest%d WHERE id BETWEEN 7745901 AND 7746001
explain: for range-covered :: explain SELECT id FROM sbtest%d WHERE id BETWEEN 4673180 AND 4673280
for range-covered
table 1 : explain SELECT id FROM sbtest1 WHERE id BETWEEN 4135116 AND 4135216
	Index Only Scan using sbtest1_pkey on sbtest1  (cost=0.43..6.53 rows=105 width=4)
	  Index Cond: ((id >= 4135116) AND (id <= 4135216))

table 2 : explain SELECT id FROM sbtest2 WHERE id BETWEEN 4135116 AND 4135216
	Index Only Scan using sbtest2_pkey on sbtest2  (cost=0.43..6.33 rows=95 width=4)
	  Index Cond: ((id >= 4135116) AND (id <= 4135216))

table 3 : explain SELECT id FROM sbtest3 WHERE id BETWEEN 4135116 AND 4135216
	Index Only Scan using sbtest3_pkey on sbtest3  (cost=0.43..6.50 rows=103 width=4)
	  Index Cond: ((id >= 4135116) AND (id <= 4135216))

table 4 : explain SELECT id FROM sbtest4 WHERE id BETWEEN 4135116 AND 4135216
	Index Only Scan using sbtest4_pkey on sbtest4  (cost=0.43..6.66 rows=111 width=4)
	  Index Cond: ((id >= 4135116) AND (id <= 4135216))

table 5 : explain SELECT id FROM sbtest5 WHERE id BETWEEN 4135116 AND 4135216
	Index Only Scan using sbtest5_pkey on sbtest5  (cost=0.43..6.59 rows=108 width=4)
	  Index Cond: ((id >= 4135116) AND (id <= 4135216))

table 6 : explain SELECT id FROM sbtest6 WHERE id BETWEEN 4135116 AND 4135216
	Index Only Scan using sbtest6_pkey on sbtest6  (cost=0.43..6.47 rows=102 width=4)
	  Index Cond: ((id >= 4135116) AND (id <= 4135216))

table 7 : explain SELECT id FROM sbtest7 WHERE id BETWEEN 4135116 AND 4135216
	Index Only Scan using sbtest7_pkey on sbtest7  (cost=0.43..10.38 rows=97 width=4)
	  Index Cond: ((id >= 4135116) AND (id <= 4135216))

table 8 : explain SELECT id FROM sbtest8 WHERE id BETWEEN 4135116 AND 4135216
	Index Only Scan using sbtest8_pkey on sbtest8  (cost=0.43..6.35 rows=96 width=4)
	  Index Cond: ((id >= 4135116) AND (id <= 4135216))

explain: for range-covered :: explain SELECT id FROM sbtest%d WHERE id BETWEEN 4135116 AND 4135216
for range-covered
table 1 : explain SELECT id FROM sbtest1 WHERE id BETWEEN 5422668 AND 5422768
	Index Only Scan using sbtest1_pkey on sbtest1  (cost=0.43..6.66 rows=111 width=4)
	  Index Cond: ((id >= 5422668) AND (id <= 5422768))

table 2 : explain SELECT id FROM sbtest2 WHERE id BETWEEN 5422668 AND 5422768
	Index Only Scan using sbtest2_pkey on sbtest2  (cost=0.43..6.27 rows=92 width=4)
	  Index Cond: ((id >= 5422668) AND (id <= 5422768))

table 3 : explain SELECT id FROM sbtest3 WHERE id BETWEEN 5422668 AND 5422768
	Index Only Scan using sbtest3_pkey on sbtest3  (cost=0.43..6.19 rows=88 width=4)
	  Index Cond: ((id >= 5422668) AND (id <= 5422768))

table 4 : explain SELECT id FROM sbtest4 WHERE id BETWEEN 5422668 AND 5422768
	Index Only Scan using sbtest4_pkey on sbtest4  (cost=0.43..6.42 rows=99 width=4)
	  Index Cond: ((id >= 5422668) AND (id <= 5422768))

table 5 : explain SELECT id FROM sbtest5 WHERE id BETWEEN 5422668 AND 5422768
	Index Only Scan using sbtest5_pkey on sbtest5  (cost=0.43..6.24 rows=90 width=4)
	  Index Cond: ((id >= 5422668) AND (id <= 5422768))

table 6 : explain SELECT id FROM sbtest6 WHERE id BETWEEN 5422668 AND 5422768
	Index Only Scan using sbtest6_pkey on sbtest6  (cost=0.43..6.53 rows=105 width=4)
	  Index Cond: ((id >= 5422668) AND (id <= 5422768))

table 7 : explain SELECT id FROM sbtest7 WHERE id BETWEEN 5422668 AND 5422768
	Index Only Scan using sbtest7_pkey on sbtest7  (cost=0.43..10.33 rows=95 width=4)
	  Index Cond: ((id >= 5422668) AND (id <= 5422768))

table 8 : explain SELECT id FROM sbtest8 WHERE id BETWEEN 5422668 AND 5422768
	Index Only Scan using sbtest8_pkey on sbtest8  (cost=0.43..6.47 rows=102 width=4)
	  Index Cond: ((id >= 5422668) AND (id <= 5422768))
for range-covered
table 1 : explain SELECT id FROM sbtest1 WHERE id BETWEEN 3768748 AND 3768848
	Index Only Scan using sbtest1_pkey on sbtest1  (cost=0.43..6.37 rows=97 width=4)
	  Index Cond: ((id >= 3768748) AND (id <= 3768848))

table 2 : explain SELECT id FROM sbtest2 WHERE id BETWEEN 3768748 AND 3768848
	Index Only Scan using sbtest2_pkey on sbtest2  (cost=0.43..6.47 rows=102 width=4)
	  Index Cond: ((id >= 3768748) AND (id <= 3768848))

table 3 : explain SELECT id FROM sbtest3 WHERE id BETWEEN 3768748 AND 3768848
	Index Only Scan using sbtest3_pkey on sbtest3  (cost=0.43..6.45 rows=101 width=4)
	  Index Cond: ((id >= 3768748) AND (id <= 3768848))

table 4 : explain SELECT id FROM sbtest4 WHERE id BETWEEN 3768748 AND 3768848
	Index Only Scan using sbtest4_pkey on sbtest4  (cost=0.43..6.42 rows=99 width=4)
	  Index Cond: ((id >= 3768748) AND (id <= 3768848))

table 5 : explain SELECT id FROM sbtest5 WHERE id BETWEEN 3768748 AND 3768848
	Index Only Scan using sbtest5_pkey on sbtest5  (cost=0.43..6.40 rows=98 width=4)
	  Index Cond: ((id >= 3768748) AND (id <= 3768848))

table 6 : explain SELECT id FROM sbtest6 WHERE id BETWEEN 3768748 AND 3768848
	Index Only Scan using sbtest6_pkey on sbtest6  (cost=0.43..6.45 rows=101 width=4)
	  Index Cond: ((id >= 3768748) AND (id <= 3768848))

table 7 : explain SELECT id FROM sbtest7 WHERE id BETWEEN 3768748 AND 3768848
	Index Only Scan using sbtest7_pkey on sbtest7  (cost=0.43..10.50 rows=103 width=4)
	  Index Cond: ((id >= 3768748) AND (id <= 3768848))

table 8 : explain SELECT id FROM sbtest8 WHERE id BETWEEN 3768748 AND 3768848
	Index Only Scan using sbtest8_pkey on sbtest8  (cost=0.43..6.61 rows=109 width=4)
	  Index Cond: ((id >= 3768748) AND (id <= 3768848))


explain: for range-covered :: explain SELECT id FROM sbtest%d WHERE id BETWEEN 3768748 AND 3768848
explain: for range-covered :: explain SELECT id FROM sbtest%d WHERE id BETWEEN 5422668 AND 5422768
for range-covered
table 1 : explain SELECT id FROM sbtest1 WHERE id BETWEEN 7745901 AND 7746001
	Index Only Scan using sbtest1_pkey on sbtest1  (cost=0.43..6.43 rows=100 width=4)
	  Index Cond: ((id >= 7745901) AND (id <= 7746001))

table 2 : explain SELECT id FROM sbtest2 WHERE id BETWEEN 7745901 AND 7746001
	Index Only Scan using sbtest2_pkey on sbtest2  (cost=0.43..6.47 rows=102 width=4)
	  Index Cond: ((id >= 7745901) AND (id <= 7746001))

table 3 : explain SELECT id FROM sbtest3 WHERE id BETWEEN 7745901 AND 7746001
	Index Only Scan using sbtest3_pkey on sbtest3  (cost=0.43..6.53 rows=105 width=4)
	  Index Cond: ((id >= 7745901) AND (id <= 7746001))

table 4 : explain SELECT id FROM sbtest4 WHERE id BETWEEN 7745901 AND 7746001
	Index Only Scan using sbtest4_pkey on sbtest4  (cost=0.43..6.50 rows=103 width=4)
	  Index Cond: ((id >= 7745901) AND (id <= 7746001))

table 5 : explain SELECT id FROM sbtest5 WHERE id BETWEEN 7745901 AND 7746001
	Index Only Scan using sbtest5_pkey on sbtest5  (cost=0.43..6.53 rows=105 width=4)
	  Index Cond: ((id >= 7745901) AND (id <= 7746001))

table 6 : explain SELECT id FROM sbtest6 WHERE id BETWEEN 7745901 AND 7746001
	Index Only Scan using sbtest6_pkey on sbtest6  (cost=0.43..6.21 rows=89 width=4)
	  Index Cond: ((id >= 7745901) AND (id <= 7746001))

table 7 : explain SELECT id FROM sbtest7 WHERE id BETWEEN 7745901 AND 7746001
	Index Only Scan using sbtest7_pkey on sbtest7  (cost=0.43..10.36 rows=96 width=4)
	  Index Cond: ((id >= 7745901) AND (id <= 7746001))

table 8 : explain SELECT id FROM sbtest8 WHERE id BETWEEN 7745901 AND 7746001
	Index Only Scan using sbtest8_pkey on sbtest8  (cost=0.43..6.67 rows=112 width=4)
	  Index Cond: ((id >= 7745901) AND (id <= 7746001))

explain: for range-covered :: explain SELECT id FROM sbtest%d WHERE id BETWEEN 7745901 AND 7746001
for range-covered
table 1 : explain SELECT id FROM sbtest1 WHERE id BETWEEN 4135116 AND 4135216
	Index Only Scan using sbtest1_pkey on sbtest1  (cost=0.43..6.53 rows=105 width=4)
	  Index Cond: ((id >= 4135116) AND (id <= 4135216))

table 2 : explain SELECT id FROM sbtest2 WHERE id BETWEEN 4135116 AND 4135216
	Index Only Scan using sbtest2_pkey on sbtest2  (cost=0.43..6.33 rows=95 width=4)
	  Index Cond: ((id >= 4135116) AND (id <= 4135216))

table 3 : explain SELECT id FROM sbtest3 WHERE id BETWEEN 4135116 AND 4135216
	Index Only Scan using sbtest3_pkey on sbtest3  (cost=0.43..6.50 rows=103 width=4)
	  Index Cond: ((id >= 4135116) AND (id <= 4135216))

table 4 : explain SELECT id FROM sbtest4 WHERE id BETWEEN 4135116 AND 4135216
	Index Only Scan using sbtest4_pkey on sbtest4  (cost=0.43..6.66 rows=111 width=4)
	  Index Cond: ((id >= 4135116) AND (id <= 4135216))

table 5 : explain SELECT id FROM sbtest5 WHERE id BETWEEN 4135116 AND 4135216
	Index Only Scan using sbtest5_pkey on sbtest5  (cost=0.43..6.59 rows=108 width=4)
	  Index Cond: ((id >= 4135116) AND (id <= 4135216))

table 6 : explain SELECT id FROM sbtest6 WHERE id BETWEEN 4135116 AND 4135216
	Index Only Scan using sbtest6_pkey on sbtest6  (cost=0.43..6.47 rows=102 width=4)
	  Index Cond: ((id >= 4135116) AND (id <= 4135216))

table 7 : explain SELECT id FROM sbtest7 WHERE id BETWEEN 4135116 AND 4135216
	Index Only Scan using sbtest7_pkey on sbtest7  (cost=0.43..10.38 rows=97 width=4)
	  Index Cond: ((id >= 4135116) AND (id <= 4135216))

table 8 : explain SELECT id FROM sbtest8 WHERE id BETWEEN 4135116 AND 4135216
	Index Only Scan using sbtest8_pkey on sbtest8  (cost=0.43..6.35 rows=96 width=4)
	  Index Cond: ((id >= 4135116) AND (id <= 4135216))

explain: for range-covered :: explain SELECT id FROM sbtest%d WHERE id BETWEEN 4135116 AND 4135216
for range-covered
table 1 : explain SELECT id FROM sbtest1 WHERE id BETWEEN 4673180 AND 4673280
	Index Only Scan using sbtest1_pkey on sbtest1  (cost=0.43..6.59 rows=108 width=4)
	  Index Cond: ((id >= 4673180) AND (id <= 4673280))

table 2 : explain SELECT id FROM sbtest2 WHERE id BETWEEN 4673180 AND 4673280
	Index Only Scan using sbtest2_pkey on sbtest2  (cost=0.43..6.63 rows=110 width=4)
	  Index Cond: ((id >= 4673180) AND (id <= 4673280))

table 3 : explain SELECT id FROM sbtest3 WHERE id BETWEEN 4673180 AND 4673280
	Index Only Scan using sbtest3_pkey on sbtest3  (cost=0.43..6.35 rows=96 width=4)
	  Index Cond: ((id >= 4673180) AND (id <= 4673280))

table 4 : explain SELECT id FROM sbtest4 WHERE id BETWEEN 4673180 AND 4673280
	Index Only Scan using sbtest4_pkey on sbtest4  (cost=0.43..6.42 rows=99 width=4)
	  Index Cond: ((id >= 4673180) AND (id <= 4673280))

table 5 : explain SELECT id FROM sbtest5 WHERE id BETWEEN 4673180 AND 4673280
	Index Only Scan using sbtest5_pkey on sbtest5  (cost=0.43..6.40 rows=98 width=4)
	  Index Cond: ((id >= 4673180) AND (id <= 4673280))

table 6 : explain SELECT id FROM sbtest6 WHERE id BETWEEN 4673180 AND 4673280
	Index Only Scan using sbtest6_pkey on sbtest6  (cost=0.43..6.37 rows=97 width=4)
	  Index Cond: ((id >= 4673180) AND (id <= 4673280))

table 7 : explain SELECT id FROM sbtest7 WHERE id BETWEEN 4673180 AND 4673280
	Index Only Scan using sbtest7_pkey on sbtest7  (cost=0.43..10.65 rows=111 width=4)
	  Index Cond: ((id >= 4673180) AND (id <= 4673280))

table 8 : explain SELECT id FROM sbtest8 WHERE id BETWEEN 4673180 AND 4673280
	Index Only Scan using sbtest8_pkey on sbtest8  (cost=0.43..6.35 rows=96 width=4)
	  Index Cond: ((id >= 4673180) AND (id <= 4673280))

for range-covered
table 1 : explain SELECT id FROM sbtest1 WHERE id BETWEEN 3768748 AND 3768848
	Index Only Scan using sbtest1_pkey on sbtest1  (cost=0.43..6.37 rows=97 width=4)
	  Index Cond: ((id >= 3768748) AND (id <= 3768848))

table 2 : explain SELECT id FROM sbtest2 WHERE id BETWEEN 3768748 AND 3768848
	Index Only Scan using sbtest2_pkey on sbtest2  (cost=0.43..6.47 rows=102 width=4)
	  Index Cond: ((id >= 3768748) AND (id <= 3768848))

table 3 : explain SELECT id FROM sbtest3 WHERE id BETWEEN 3768748 AND 3768848
	Index Only Scan using sbtest3_pkey on sbtest3  (cost=0.43..6.45 rows=101 width=4)
	  Index Cond: ((id >= 3768748) AND (id <= 3768848))

table 4 : explain SELECT id FROM sbtest4 WHERE id BETWEEN 3768748 AND 3768848
	Index Only Scan using sbtest4_pkey on sbtest4  (cost=0.43..6.42 rows=99 width=4)
	  Index Cond: ((id >= 3768748) AND (id <= 3768848))

table 5 : explain SELECT id FROM sbtest5 WHERE id BETWEEN 3768748 AND 3768848
	Index Only Scan using sbtest5_pkey on sbtest5  (cost=0.43..6.40 rows=98 width=4)
	  Index Cond: ((id >= 3768748) AND (id <= 3768848))

table 6 : explain SELECT id FROM sbtest6 WHERE id BETWEEN 3768748 AND 3768848
	Index Only Scan using sbtest6_pkey on sbtest6  (cost=0.43..6.45 rows=101 width=4)
	  Index Cond: ((id >= 3768748) AND (id <= 3768848))

table 7 : explain SELECT id FROM sbtest7 WHERE id BETWEEN 3768748 AND 3768848
	Index Only Scan using sbtest7_pkey on sbtest7  (cost=0.43..10.50 rows=103 width=4)
	  Index Cond: ((id >= 3768748) AND (id <= 3768848))

table 8 : explain SELECT id FROM sbtest8 WHERE id BETWEEN 3768748 AND 3768848
	Index Only Scan using sbtest8_pkey on sbtest8  (cost=0.43..6.61 rows=109 width=4)
	  Index Cond: ((id >= 3768748) AND (id <= 3768848))

for range-covered
table 1 : explain SELECT id FROM sbtest1 WHERE id BETWEEN 5422668 AND 5422768
	Index Only Scan using sbtest1_pkey on sbtest1  (cost=0.43..6.66 rows=111 width=4)
	  Index Cond: ((id >= 5422668) AND (id <= 5422768))

table 2 : explain SELECT id FROM sbtest2 WHERE id BETWEEN 5422668 AND 5422768
	Index Only Scan using sbtest2_pkey on sbtest2  (cost=0.43..6.27 rows=92 width=4)
	  Index Cond: ((id >= 5422668) AND (id <= 5422768))

table 3 : explain SELECT id FROM sbtest3 WHERE id BETWEEN 5422668 AND 5422768
	Index Only Scan using sbtest3_pkey on sbtest3  (cost=0.43..6.19 rows=88 width=4)
	  Index Cond: ((id >= 5422668) AND (id <= 5422768))

table 4 : explain SELECT id FROM sbtest4 WHERE id BETWEEN 5422668 AND 5422768
	Index Only Scan using sbtest4_pkey on sbtest4  (cost=0.43..6.42 rows=99 width=4)
	  Index Cond: ((id >= 5422668) AND (id <= 5422768))

table 5 : explain SELECT id FROM sbtest5 WHERE id BETWEEN 5422668 AND 5422768
	Index Only Scan using sbtest5_pkey on sbtest5  (cost=0.43..6.24 rows=90 width=4)
	  Index Cond: ((id >= 5422668) AND (id <= 5422768))

table 6 : explain SELECT id FROM sbtest6 WHERE id BETWEEN 5422668 AND 5422768
	Index Only Scan using sbtest6_pkey on sbtest6  (cost=0.43..6.53 rows=105 width=4)
	  Index Cond: ((id >= 5422668) AND (id <= 5422768))

table 7 : explain SELECT id FROM sbtest7 WHERE id BETWEEN 5422668 AND 5422768
	Index Only Scan using sbtest7_pkey on sbtest7  (cost=0.43..10.33 rows=95 width=4)
	  Index Cond: ((id >= 5422668) AND (id <= 5422768))

table 8 : explain SELECT id FROM sbtest8 WHERE id BETWEEN 5422668 AND 5422768
	Index Only Scan using sbtest8_pkey on sbtest8  (cost=0.43..6.47 rows=102 width=4)
	  Index Cond: ((id >= 5422668) AND (id <= 5422768))

explain: for range-covered :: explain SELECT id FROM sbtest%d WHERE id BETWEEN 3768748 AND 3768848
explain: for range-covered :: explain SELECT id FROM sbtest%d WHERE id BETWEEN 5422668 AND 5422768
for range-covered
table 1 : explain SELECT id FROM sbtest1 WHERE id BETWEEN 7745901 AND 7746001
	Index Only Scan using sbtest1_pkey on sbtest1  (cost=0.43..6.43 rows=100 width=4)
	  Index Cond: ((id >= 7745901) AND (id <= 7746001))

table 2 : explain SELECT id FROM sbtest2 WHERE id BETWEEN 7745901 AND 7746001
	Index Only Scan using sbtest2_pkey on sbtest2  (cost=0.43..6.47 rows=102 width=4)
	  Index Cond: ((id >= 7745901) AND (id <= 7746001))

table 3 : explain SELECT id FROM sbtest3 WHERE id BETWEEN 7745901 AND 7746001
	Index Only Scan using sbtest3_pkey on sbtest3  (cost=0.43..6.53 rows=105 width=4)
	  Index Cond: ((id >= 7745901) AND (id <= 7746001))

table 4 : explain SELECT id FROM sbtest4 WHERE id BETWEEN 7745901 AND 7746001
	Index Only Scan using sbtest4_pkey on sbtest4  (cost=0.43..6.50 rows=103 width=4)
	  Index Cond: ((id >= 7745901) AND (id <= 7746001))

table 5 : explain SELECT id FROM sbtest5 WHERE id BETWEEN 7745901 AND 7746001
	Index Only Scan using sbtest5_pkey on sbtest5  (cost=0.43..6.53 rows=105 width=4)
	  Index Cond: ((id >= 7745901) AND (id <= 7746001))

table 6 : explain SELECT id FROM sbtest6 WHERE id BETWEEN 7745901 AND 7746001
	Index Only Scan using sbtest6_pkey on sbtest6  (cost=0.43..6.21 rows=89 width=4)
	  Index Cond: ((id >= 7745901) AND (id <= 7746001))

table 7 : explain SELECT id FROM sbtest7 WHERE id BETWEEN 7745901 AND 7746001
	Index Only Scan using sbtest7_pkey on sbtest7  (cost=0.43..10.36 rows=96 width=4)
	  Index Cond: ((id >= 7745901) AND (id <= 7746001))

table 8 : explain SELECT id FROM sbtest8 WHERE id BETWEEN 7745901 AND 7746001
	Index Only Scan using sbtest8_pkey on sbtest8  (cost=0.43..6.67 rows=112 width=4)
	  Index Cond: ((id >= 7745901) AND (id <= 7746001))

explain: for range-covered :: explain SELECT id FROM sbtest%d WHERE id BETWEEN 7745901 AND 7746001
for range-covered
table 1 : explain SELECT id FROM sbtest1 WHERE id BETWEEN 4135116 AND 4135216
	Index Only Scan using sbtest1_pkey on sbtest1  (cost=0.43..6.53 rows=105 width=4)
	  Index Cond: ((id >= 4135116) AND (id <= 4135216))

table 2 : explain SELECT id FROM sbtest2 WHERE id BETWEEN 4135116 AND 4135216
	Index Only Scan using sbtest2_pkey on sbtest2  (cost=0.43..6.33 rows=95 width=4)
	  Index Cond: ((id >= 4135116) AND (id <= 4135216))

table 3 : explain SELECT id FROM sbtest3 WHERE id BETWEEN 4135116 AND 4135216
	Index Only Scan using sbtest3_pkey on sbtest3  (cost=0.43..6.50 rows=103 width=4)
	  Index Cond: ((id >= 4135116) AND (id <= 4135216))

table 4 : explain SELECT id FROM sbtest4 WHERE id BETWEEN 4135116 AND 4135216
	Index Only Scan using sbtest4_pkey on sbtest4  (cost=0.43..6.66 rows=111 width=4)
	  Index Cond: ((id >= 4135116) AND (id <= 4135216))

table 5 : explain SELECT id FROM sbtest5 WHERE id BETWEEN 4135116 AND 4135216
	Index Only Scan using sbtest5_pkey on sbtest5  (cost=0.43..6.59 rows=108 width=4)
	  Index Cond: ((id >= 4135116) AND (id <= 4135216))

table 6 : explain SELECT id FROM sbtest6 WHERE id BETWEEN 4135116 AND 4135216
	Index Only Scan using sbtest6_pkey on sbtest6  (cost=0.43..6.47 rows=102 width=4)
	  Index Cond: ((id >= 4135116) AND (id <= 4135216))

table 7 : explain SELECT id FROM sbtest7 WHERE id BETWEEN 4135116 AND 4135216
	Index Only Scan using sbtest7_pkey on sbtest7  (cost=0.43..10.38 rows=97 width=4)
	  Index Cond: ((id >= 4135116) AND (id <= 4135216))

table 8 : explain SELECT id FROM sbtest8 WHERE id BETWEEN 4135116 AND 4135216
	Index Only Scan using sbtest8_pkey on sbtest8  (cost=0.43..6.35 rows=96 width=4)
	  Index Cond: ((id >= 4135116) AND (id <= 4135216))

explain: for range-covered :: explain SELECT id FROM sbtest%d WHERE id BETWEEN 4135116 AND 4135216
for range-covered
table 1 : explain SELECT id FROM sbtest1 WHERE id BETWEEN 3768748 AND 3768848
	Index Only Scan using sbtest1_pkey on sbtest1  (cost=0.43..6.37 rows=97 width=4)
	  Index Cond: ((id >= 3768748) AND (id <= 3768848))

table 2 : explain SELECT id FROM sbtest2 WHERE id BETWEEN 3768748 AND 3768848
	Index Only Scan using sbtest2_pkey on sbtest2  (cost=0.43..6.47 rows=102 width=4)
	  Index Cond: ((id >= 3768748) AND (id <= 3768848))

table 3 : explain SELECT id FROM sbtest3 WHERE id BETWEEN 3768748 AND 3768848
	Index Only Scan using sbtest3_pkey on sbtest3  (cost=0.43..6.45 rows=101 width=4)
	  Index Cond: ((id >= 3768748) AND (id <= 3768848))

table 4 : explain SELECT id FROM sbtest4 WHERE id BETWEEN 3768748 AND 3768848
	Index Only Scan using sbtest4_pkey on sbtest4  (cost=0.43..6.42 rows=99 width=4)
	  Index Cond: ((id >= 3768748) AND (id <= 3768848))

table 5 : explain SELECT id FROM sbtest5 WHERE id BETWEEN 3768748 AND 3768848
	Index Only Scan using sbtest5_pkey on sbtest5  (cost=0.43..6.40 rows=98 width=4)
	  Index Cond: ((id >= 3768748) AND (id <= 3768848))

table 6 : explain SELECT id FROM sbtest6 WHERE id BETWEEN 3768748 AND 3768848
	Index Only Scan using sbtest6_pkey on sbtest6  (cost=0.43..6.45 rows=101 width=4)
	  Index Cond: ((id >= 3768748) AND (id <= 3768848))

table 7 : explain SELECT id FROM sbtest7 WHERE id BETWEEN 3768748 AND 3768848
	Index Only Scan using sbtest7_pkey on sbtest7  (cost=0.43..10.50 rows=103 width=4)
	  Index Cond: ((id >= 3768748) AND (id <= 3768848))

table 8 : explain SELECT id FROM sbtest8 WHERE id BETWEEN 3768748 AND 3768848
	Index Only Scan using sbtest8_pkey on sbtest8  (cost=0.43..6.61 rows=109 width=4)
	  Index Cond: ((id >= 3768748) AND (id <= 3768848))

for range-covered
table 1 : explain SELECT id FROM sbtest1 WHERE id BETWEEN 5422668 AND 5422768
	Index Only Scan using sbtest1_pkey on sbtest1  (cost=0.43..6.66 rows=111 width=4)
	  Index Cond: ((id >= 5422668) AND (id <= 5422768))

table 2 : explain SELECT id FROM sbtest2 WHERE id BETWEEN 5422668 AND 5422768
	Index Only Scan using sbtest2_pkey on sbtest2  (cost=0.43..6.27 rows=92 width=4)
	  Index Cond: ((id >= 5422668) AND (id <= 5422768))

table 3 : explain SELECT id FROM sbtest3 WHERE id BETWEEN 5422668 AND 5422768
	Index Only Scan using sbtest3_pkey on sbtest3  (cost=0.43..6.19 rows=88 width=4)
	  Index Cond: ((id >= 5422668) AND (id <= 5422768))

table 4 : explain SELECT id FROM sbtest4 WHERE id BETWEEN 5422668 AND 5422768
	Index Only Scan using sbtest4_pkey on sbtest4  (cost=0.43..6.42 rows=99 width=4)
	  Index Cond: ((id >= 5422668) AND (id <= 5422768))

table 5 : explain SELECT id FROM sbtest5 WHERE id BETWEEN 5422668 AND 5422768
	Index Only Scan using sbtest5_pkey on sbtest5  (cost=0.43..6.24 rows=90 width=4)
	  Index Cond: ((id >= 5422668) AND (id <= 5422768))

table 6 : explain SELECT id FROM sbtest6 WHERE id BETWEEN 5422668 AND 5422768
	Index Only Scan using sbtest6_pkey on sbtest6  (cost=0.43..6.53 rows=105 width=4)
	  Index Cond: ((id >= 5422668) AND (id <= 5422768))

table 7 : explain SELECT id FROM sbtest7 WHERE id BETWEEN 5422668 AND 5422768
	Index Only Scan using sbtest7_pkey on sbtest7  (cost=0.43..10.33 rows=95 width=4)
	  Index Cond: ((id >= 5422668) AND (id <= 5422768))

table 8 : explain SELECT id FROM sbtest8 WHERE id BETWEEN 5422668 AND 5422768
	Index Only Scan using sbtest8_pkey on sbtest8  (cost=0.43..6.47 rows=102 width=4)
	  Index Cond: ((id >= 5422668) AND (id <= 5422768))

explain: for range-covered :: explain SELECT id FROM sbtest%d WHERE id BETWEEN 5422668 AND 5422768
for range-covered
table 1 : explain SELECT id FROM sbtest1 WHERE id BETWEEN 7745901 AND 7746001
	Index Only Scan using sbtest1_pkey on sbtest1  (cost=0.43..6.43 rows=100 width=4)
	  Index Cond: ((id >= 7745901) AND (id <= 7746001))

table 2 : explain SELECT id FROM sbtest2 WHERE id BETWEEN 7745901 AND 7746001
	Index Only Scan using sbtest2_pkey on sbtest2  (cost=0.43..6.47 rows=102 width=4)
	  Index Cond: ((id >= 7745901) AND (id <= 7746001))

table 3 : explain SELECT id FROM sbtest3 WHERE id BETWEEN 7745901 AND 7746001
	Index Only Scan using sbtest3_pkey on sbtest3  (cost=0.43..6.53 rows=105 width=4)
	  Index Cond: ((id >= 7745901) AND (id <= 7746001))

table 4 : explain SELECT id FROM sbtest4 WHERE id BETWEEN 7745901 AND 7746001
	Index Only Scan using sbtest4_pkey on sbtest4  (cost=0.43..6.50 rows=103 width=4)
	  Index Cond: ((id >= 7745901) AND (id <= 7746001))

table 5 : explain SELECT id FROM sbtest5 WHERE id BETWEEN 7745901 AND 7746001
	Index Only Scan using sbtest5_pkey on sbtest5  (cost=0.43..6.53 rows=105 width=4)
	  Index Cond: ((id >= 7745901) AND (id <= 7746001))

table 6 : explain SELECT id FROM sbtest6 WHERE id BETWEEN 7745901 AND 7746001
	Index Only Scan using sbtest6_pkey on sbtest6  (cost=0.43..6.21 rows=89 width=4)
	  Index Cond: ((id >= 7745901) AND (id <= 7746001))

table 7 : explain SELECT id FROM sbtest7 WHERE id BETWEEN 7745901 AND 7746001
	Index Only Scan using sbtest7_pkey on sbtest7  (cost=0.43..10.36 rows=96 width=4)
	  Index Cond: ((id >= 7745901) AND (id <= 7746001))

table 8 : explain SELECT id FROM sbtest8 WHERE id BETWEEN 7745901 AND 7746001
	Index Only Scan using sbtest8_pkey on sbtest8  (cost=0.43..6.67 rows=112 width=4)
	  Index Cond: ((id >= 7745901) AND (id <= 7746001))

for range-covered
table 1 : explain SELECT id FROM sbtest1 WHERE id BETWEEN 8106988 AND 8107088
	Index Only Scan using sbtest1_pkey on sbtest1  (cost=0.43..6.37 rows=97 width=4)
	  Index Cond: ((id >= 8106988) AND (id <= 8107088))

table 2 : explain SELECT id FROM sbtest2 WHERE id BETWEEN 8106988 AND 8107088
	Index Only Scan using sbtest2_pkey on sbtest2  (cost=0.43..6.32 rows=94 width=4)
	  Index Cond: ((id >= 8106988) AND (id <= 8107088))

table 3 : explain SELECT id FROM sbtest3 WHERE id BETWEEN 8106988 AND 8107088
	Index Only Scan using sbtest3_pkey on sbtest3  (cost=0.43..6.43 rows=100 width=4)
	  Index Cond: ((id >= 8106988) AND (id <= 8107088))

table 4 : explain SELECT id FROM sbtest4 WHERE id BETWEEN 8106988 AND 8107088
	Index Only Scan using sbtest4_pkey on sbtest4  (cost=0.43..6.37 rows=97 width=4)
	  Index Cond: ((id >= 8106988) AND (id <= 8107088))

table 5 : explain SELECT id FROM sbtest5 WHERE id BETWEEN 8106988 AND 8107088
	Index Only Scan using sbtest5_pkey on sbtest5  (cost=0.43..6.50 rows=103 width=4)
	  Index Cond: ((id >= 8106988) AND (id <= 8107088))

table 6 : explain SELECT id FROM sbtest6 WHERE id BETWEEN 8106988 AND 8107088
	Index Only Scan using sbtest6_pkey on sbtest6  (cost=0.43..6.43 rows=100 width=4)
	  Index Cond: ((id >= 8106988) AND (id <= 8107088))

table 7 : explain SELECT id FROM sbtest7 WHERE id BETWEEN 8106988 AND 8107088
	Index Only Scan using sbtest7_pkey on sbtest7  (cost=0.43..10.38 rows=97 width=4)
	  Index Cond: ((id >= 8106988) AND (id <= 8107088))

table 8 : explain SELECT id FROM sbtest8 WHERE id BETWEEN 8106988 AND 8107088
	Index Only Scan using sbtest8_pkey on sbtest8  (cost=0.43..6.47 rows=102 width=4)
	  Index Cond: ((id >= 8106988) AND (id <= 8107088))

explain: for range-covered :: explain SELECT id FROM sbtest%d WHERE id BETWEEN 7745901 AND 7746001
explain: for range-covered :: explain SELECT id FROM sbtest%d WHERE id BETWEEN 8106988 AND 8107088
for range-covered
table 1 : explain SELECT id FROM sbtest1 WHERE id BETWEEN 7717975 AND 7718075
	Index Only Scan using sbtest1_pkey on sbtest1  (cost=0.43..6.43 rows=100 width=4)
	  Index Cond: ((id >= 7717975) AND (id <= 7718075))

table 2 : explain SELECT id FROM sbtest2 WHERE id BETWEEN 7717975 AND 7718075
	Index Only Scan using sbtest2_pkey on sbtest2  (cost=0.43..6.35 rows=96 width=4)
	  Index Cond: ((id >= 7717975) AND (id <= 7718075))

table 3 : explain SELECT id FROM sbtest3 WHERE id BETWEEN 7717975 AND 7718075
	Index Only Scan using sbtest3_pkey on sbtest3  (cost=0.43..6.53 rows=105 width=4)
	  Index Cond: ((id >= 7717975) AND (id <= 7718075))

table 4 : explain SELECT id FROM sbtest4 WHERE id BETWEEN 7717975 AND 7718075
	Index Only Scan using sbtest4_pkey on sbtest4  (cost=0.43..6.50 rows=103 width=4)
	  Index Cond: ((id >= 7717975) AND (id <= 7718075))

table 5 : explain SELECT id FROM sbtest5 WHERE id BETWEEN 7717975 AND 7718075
	Index Only Scan using sbtest5_pkey on sbtest5  (cost=0.43..6.53 rows=105 width=4)
	  Index Cond: ((id >= 7717975) AND (id <= 7718075))

table 6 : explain SELECT id FROM sbtest6 WHERE id BETWEEN 7717975 AND 7718075
	Index Only Scan using sbtest6_pkey on sbtest6  (cost=0.43..6.53 rows=105 width=4)
	  Index Cond: ((id >= 7717975) AND (id <= 7718075))

table 7 : explain SELECT id FROM sbtest7 WHERE id BETWEEN 7717975 AND 7718075
	Index Only Scan using sbtest7_pkey on sbtest7  (cost=0.43..10.36 rows=96 width=4)
	  Index Cond: ((id >= 7717975) AND (id <= 7718075))

table 8 : explain SELECT id FROM sbtest8 WHERE id BETWEEN 7717975 AND 7718075
	Index Only Scan using sbtest8_pkey on sbtest8  (cost=0.43..6.67 rows=112 width=4)
	  Index Cond: ((id >= 7717975) AND (id <= 7718075))

for range-covered
table 1 : explain SELECT id FROM sbtest1 WHERE id BETWEEN 4135116 AND 4135216
	Index Only Scan using sbtest1_pkey on sbtest1  (cost=0.43..6.53 rows=105 width=4)
	  Index Cond: ((id >= 4135116) AND (id <= 4135216))

table 2 : explain SELECT id FROM sbtest2 WHERE id BETWEEN 4135116 AND 4135216
	Index Only Scan using sbtest2_pkey on sbtest2  (cost=0.43..6.33 rows=95 width=4)
	  Index Cond: ((id >= 4135116) AND (id <= 4135216))

table 3 : explain SELECT id FROM sbtest3 WHERE id BETWEEN 4135116 AND 4135216
	Index Only Scan using sbtest3_pkey on sbtest3  (cost=0.43..6.50 rows=103 width=4)
	  Index Cond: ((id >= 4135116) AND (id <= 4135216))

table 4 : explain SELECT id FROM sbtest4 WHERE id BETWEEN 4135116 AND 4135216
	Index Only Scan using sbtest4_pkey on sbtest4  (cost=0.43..6.66 rows=111 width=4)
	  Index Cond: ((id >= 4135116) AND (id <= 4135216))

table 5 : explain SELECT id FROM sbtest5 WHERE id BETWEEN 4135116 AND 4135216
	Index Only Scan using sbtest5_pkey on sbtest5  (cost=0.43..6.59 rows=108 width=4)
	  Index Cond: ((id >= 4135116) AND (id <= 4135216))

table 6 : explain SELECT id FROM sbtest6 WHERE id BETWEEN 4135116 AND 4135216
	Index Only Scan using sbtest6_pkey on sbtest6  (cost=0.43..6.47 rows=102 width=4)
	  Index Cond: ((id >= 4135116) AND (id <= 4135216))

table 7 : explain SELECT id FROM sbtest7 WHERE id BETWEEN 4135116 AND 4135216
	Index Only Scan using sbtest7_pkey on sbtest7  (cost=0.43..10.38 rows=97 width=4)
	  Index Cond: ((id >= 4135116) AND (id <= 4135216))

table 8 : explain SELECT id FROM sbtest8 WHERE id BETWEEN 4135116 AND 4135216
	Index Only Scan using sbtest8_pkey on sbtest8  (cost=0.43..6.35 rows=96 width=4)
	  Index Cond: ((id >= 4135116) AND (id <= 4135216))

for range-covered
table 1 : explain SELECT id FROM sbtest1 WHERE id BETWEEN 6835918 AND 6836018
	Index Only Scan using sbtest1_pkey on sbtest1  (cost=0.43..6.43 rows=100 width=4)
	  Index Cond: ((id >= 6835918) AND (id <= 6836018))

table 2 : explain SELECT id FROM sbtest2 WHERE id BETWEEN 6835918 AND 6836018
	Index Only Scan using sbtest2_pkey on sbtest2  (cost=0.43..6.32 rows=94 width=4)
	  Index Cond: ((id >= 6835918) AND (id <= 6836018))

table 3 : explain SELECT id FROM sbtest3 WHERE id BETWEEN 6835918 AND 6836018
	Index Only Scan using sbtest3_pkey on sbtest3  (cost=0.43..6.42 rows=99 width=4)
	  Index Cond: ((id >= 6835918) AND (id <= 6836018))

table 4 : explain SELECT id FROM sbtest4 WHERE id BETWEEN 6835918 AND 6836018
	Index Only Scan using sbtest4_pkey on sbtest4  (cost=0.43..6.43 rows=100 width=4)
	  Index Cond: ((id >= 6835918) AND (id <= 6836018))

table 5 : explain SELECT id FROM sbtest5 WHERE id BETWEEN 6835918 AND 6836018
	Index Only Scan using sbtest5_pkey on sbtest5  (cost=0.43..6.63 rows=110 width=4)
	  Index Cond: ((id >= 6835918) AND (id <= 6836018))

table 6 : explain SELECT id FROM sbtest6 WHERE id BETWEEN 6835918 AND 6836018
	Index Only Scan using sbtest6_pkey on sbtest6  (cost=0.43..6.33 rows=95 width=4)
	  Index Cond: ((id >= 6835918) AND (id <= 6836018))

table 7 : explain SELECT id FROM sbtest7 WHERE id BETWEEN 6835918 AND 6836018
	Index Only Scan using sbtest7_pkey on sbtest7  (cost=0.43..10.42 rows=99 width=4)
	  Index Cond: ((id >= 6835918) AND (id <= 6836018))

table 8 : explain SELECT id FROM sbtest8 WHERE id BETWEEN 6835918 AND 6836018
	Index Only Scan using sbtest8_pkey on sbtest8  (cost=0.43..6.24 rows=90 width=4)
	  Index Cond: ((id >= 6835918) AND (id <= 6836018))

explain: for range-covered :: explain SELECT id FROM sbtest%d WHERE id BETWEEN 7717975 AND 7718075
explain: for range-covered :: explain SELECT id FROM sbtest%d WHERE id BETWEEN 4135116 AND 4135216
explain: for range-covered :: explain SELECT id FROM sbtest%d WHERE id BETWEEN 4827709 AND 4827809
explain: for range-covered :: explain SELECT id FROM sbtest%d WHERE id BETWEEN 6835918 AND 6836018
for range-covered
table 1 : explain SELECT id FROM sbtest1 WHERE id BETWEEN 4106900 AND 4107000
	Index Only Scan using sbtest1_pkey on sbtest1  (cost=0.43..6.53 rows=105 width=4)
	  Index Cond: ((id >= 4106900) AND (id <= 4107000))

table 2 : explain SELECT id FROM sbtest2 WHERE id BETWEEN 4106900 AND 4107000
	Index Only Scan using sbtest2_pkey on sbtest2  (cost=0.43..6.33 rows=95 width=4)
	  Index Cond: ((id >= 4106900) AND (id <= 4107000))

table 3 : explain SELECT id FROM sbtest3 WHERE id BETWEEN 4106900 AND 4107000
	Index Only Scan using sbtest3_pkey on sbtest3  (cost=0.43..6.50 rows=103 width=4)
	  Index Cond: ((id >= 4106900) AND (id <= 4107000))

table 4 : explain SELECT id FROM sbtest4 WHERE id BETWEEN 4106900 AND 4107000
	Index Only Scan using sbtest4_pkey on sbtest4  (cost=0.43..6.66 rows=111 width=4)
	  Index Cond: ((id >= 4106900) AND (id <= 4107000))

table 5 : explain SELECT id FROM sbtest5 WHERE id BETWEEN 4106900 AND 4107000
	Index Only Scan using sbtest5_pkey on sbtest5  (cost=0.43..6.59 rows=108 width=4)
	  Index Cond: ((id >= 4106900) AND (id <= 4107000))

table 6 : explain SELECT id FROM sbtest6 WHERE id BETWEEN 4106900 AND 4107000
	Index Only Scan using sbtest6_pkey on sbtest6  (cost=0.43..6.47 rows=102 width=4)
	  Index Cond: ((id >= 4106900) AND (id <= 4107000))

table 7 : explain SELECT id FROM sbtest7 WHERE id BETWEEN 4106900 AND 4107000
	Index Only Scan using sbtest7_pkey on sbtest7  (cost=0.43..10.38 rows=97 width=4)
	  Index Cond: ((id >= 4106900) AND (id <= 4107000))

table 8 : explain SELECT id FROM sbtest8 WHERE id BETWEEN 4106900 AND 4107000
	Index Only Scan using sbtest8_pkey on sbtest8  (cost=0.43..6.35 rows=96 width=4)
	  Index Cond: ((id >= 4106900) AND (id <= 4107000))

for range-covered
table 1 : explain SELECT id FROM sbtest1 WHERE id BETWEEN 5422668 AND 5422768
	Index Only Scan using sbtest1_pkey on sbtest1  (cost=0.43..6.66 rows=111 width=4)
	  Index Cond: ((id >= 5422668) AND (id <= 5422768))

table 2 : explain SELECT id FROM sbtest2 WHERE id BETWEEN 5422668 AND 5422768
	Index Only Scan using sbtest2_pkey on sbtest2  (cost=0.43..6.27 rows=92 width=4)
	  Index Cond: ((id >= 5422668) AND (id <= 5422768))

table 3 : explain SELECT id FROM sbtest3 WHERE id BETWEEN 5422668 AND 5422768
	Index Only Scan using sbtest3_pkey on sbtest3  (cost=0.43..6.19 rows=88 width=4)
	  Index Cond: ((id >= 5422668) AND (id <= 5422768))

table 4 : explain SELECT id FROM sbtest4 WHERE id BETWEEN 5422668 AND 5422768
	Index Only Scan using sbtest4_pkey on sbtest4  (cost=0.43..6.42 rows=99 width=4)
	  Index Cond: ((id >= 5422668) AND (id <= 5422768))

table 5 : explain SELECT id FROM sbtest5 WHERE id BETWEEN 5422668 AND 5422768
	Index Only Scan using sbtest5_pkey on sbtest5  (cost=0.43..6.24 rows=90 width=4)
	  Index Cond: ((id >= 5422668) AND (id <= 5422768))

table 6 : explain SELECT id FROM sbtest6 WHERE id BETWEEN 5422668 AND 5422768
	Index Only Scan using sbtest6_pkey on sbtest6  (cost=0.43..6.53 rows=105 width=4)
	  Index Cond: ((id >= 5422668) AND (id <= 5422768))

table 7 : explain SELECT id FROM sbtest7 WHERE id BETWEEN 5422668 AND 5422768
	Index Only Scan using sbtest7_pkey on sbtest7  (cost=0.43..10.33 rows=95 width=4)
	  Index Cond: ((id >= 5422668) AND (id <= 5422768))

table 8 : explain SELECT id FROM sbtest8 WHERE id BETWEEN 5422668 AND 5422768
	Index Only Scan using sbtest8_pkey on sbtest8  (cost=0.43..6.47 rows=102 width=4)
	  Index Cond: ((id >= 5422668) AND (id <= 5422768))

explain: for range-covered :: explain SELECT id FROM sbtest%d WHERE id BETWEEN 5422668 AND 5422768
for range-covered
table 1 : explain SELECT id FROM sbtest1 WHERE id BETWEEN 7745901 AND 7746001
	Index Only Scan using sbtest1_pkey on sbtest1  (cost=0.43..6.43 rows=100 width=4)
	  Index Cond: ((id >= 7745901) AND (id <= 7746001))

table 2 : explain SELECT id FROM sbtest2 WHERE id BETWEEN 7745901 AND 7746001
	Index Only Scan using sbtest2_pkey on sbtest2  (cost=0.43..6.47 rows=102 width=4)
	  Index Cond: ((id >= 7745901) AND (id <= 7746001))

table 3 : explain SELECT id FROM sbtest3 WHERE id BETWEEN 7745901 AND 7746001
	Index Only Scan using sbtest3_pkey on sbtest3  (cost=0.43..6.53 rows=105 width=4)
	  Index Cond: ((id >= 7745901) AND (id <= 7746001))

table 4 : explain SELECT id FROM sbtest4 WHERE id BETWEEN 7745901 AND 7746001
	Index Only Scan using sbtest4_pkey on sbtest4  (cost=0.43..6.50 rows=103 width=4)
	  Index Cond: ((id >= 7745901) AND (id <= 7746001))

table 5 : explain SELECT id FROM sbtest5 WHERE id BETWEEN 7745901 AND 7746001
	Index Only Scan using sbtest5_pkey on sbtest5  (cost=0.43..6.53 rows=105 width=4)
	  Index Cond: ((id >= 7745901) AND (id <= 7746001))

table 6 : explain SELECT id FROM sbtest6 WHERE id BETWEEN 7745901 AND 7746001
	Index Only Scan using sbtest6_pkey on sbtest6  (cost=0.43..6.21 rows=89 width=4)
	  Index Cond: ((id >= 7745901) AND (id <= 7746001))

table 7 : explain SELECT id FROM sbtest7 WHERE id BETWEEN 7745901 AND 7746001
	Index Only Scan using sbtest7_pkey on sbtest7  (cost=0.43..10.36 rows=96 width=4)
	  Index Cond: ((id >= 7745901) AND (id <= 7746001))

table 8 : explain SELECT id FROM sbtest8 WHERE id BETWEEN 7745901 AND 7746001
	Index Only Scan using sbtest8_pkey on sbtest8  (cost=0.43..6.67 rows=112 width=4)
	  Index Cond: ((id >= 7745901) AND (id <= 7746001))

explain: for range-covered :: explain SELECT id FROM sbtest%d WHERE id BETWEEN 7745901 AND 7746001
for range-covered
table 1 : explain SELECT id FROM sbtest1 WHERE id BETWEEN 620251 AND 620351
	Index Only Scan using sbtest1_pkey on sbtest1  (cost=0.43..6.59 rows=108 width=4)
	  Index Cond: ((id >= 620251) AND (id <= 620351))

table 2 : explain SELECT id FROM sbtest2 WHERE id BETWEEN 620251 AND 620351
	Index Only Scan using sbtest2_pkey on sbtest2  (cost=0.43..6.50 rows=103 width=4)
	  Index Cond: ((id >= 620251) AND (id <= 620351))

table 3 : explain SELECT id FROM sbtest3 WHERE id BETWEEN 620251 AND 620351
	Index Only Scan using sbtest3_pkey on sbtest3  (cost=0.43..6.47 rows=102 width=4)
	  Index Cond: ((id >= 620251) AND (id <= 620351))

table 4 : explain SELECT id FROM sbtest4 WHERE id BETWEEN 620251 AND 620351
	Index Only Scan using sbtest4_pkey on sbtest4  (cost=0.43..6.59 rows=108 width=4)
	  Index Cond: ((id >= 620251) AND (id <= 620351))

table 5 : explain SELECT id FROM sbtest5 WHERE id BETWEEN 620251 AND 620351
	Index Only Scan using sbtest5_pkey on sbtest5  (cost=0.43..6.27 rows=92 width=4)
	  Index Cond: ((id >= 620251) AND (id <= 620351))

table 6 : explain SELECT id FROM sbtest6 WHERE id BETWEEN 620251 AND 620351
	Index Only Scan using sbtest6_pkey on sbtest6  (cost=0.43..6.33 rows=95 width=4)
	  Index Cond: ((id >= 620251) AND (id <= 620351))

table 7 : explain SELECT id FROM sbtest7 WHERE id BETWEEN 620251 AND 620351
	Index Only Scan using sbtest7_pkey on sbtest7  (cost=0.43..10.56 rows=106 width=4)
	  Index Cond: ((id >= 620251) AND (id <= 620351))

table 8 : explain SELECT id FROM sbtest8 WHERE id BETWEEN 620251 AND 620351
	Index Only Scan using sbtest8_pkey on sbtest8  (cost=0.43..6.24 rows=90 width=4)
	  Index Cond: ((id >= 620251) AND (id <= 620351))

for range-covered
table 1 : explain SELECT id FROM sbtest1 WHERE id BETWEEN 8106988 AND 8107088
	Index Only Scan using sbtest1_pkey on sbtest1  (cost=0.43..6.37 rows=97 width=4)
	  Index Cond: ((id >= 8106988) AND (id <= 8107088))

table 2 : explain SELECT id FROM sbtest2 WHERE id BETWEEN 8106988 AND 8107088
	Index Only Scan using sbtest2_pkey on sbtest2  (cost=0.43..6.32 rows=94 width=4)
	  Index Cond: ((id >= 8106988) AND (id <= 8107088))

table 3 : explain SELECT id FROM sbtest3 WHERE id BETWEEN 8106988 AND 8107088
	Index Only Scan using sbtest3_pkey on sbtest3  (cost=0.43..6.43 rows=100 width=4)
	  Index Cond: ((id >= 8106988) AND (id <= 8107088))

table 4 : explain SELECT id FROM sbtest4 WHERE id BETWEEN 8106988 AND 8107088
	Index Only Scan using sbtest4_pkey on sbtest4  (cost=0.43..6.37 rows=97 width=4)
	  Index Cond: ((id >= 8106988) AND (id <= 8107088))

table 5 : explain SELECT id FROM sbtest5 WHERE id BETWEEN 8106988 AND 8107088
	Index Only Scan using sbtest5_pkey on sbtest5  (cost=0.43..6.50 rows=103 width=4)
	  Index Cond: ((id >= 8106988) AND (id <= 8107088))

table 6 : explain SELECT id FROM sbtest6 WHERE id BETWEEN 8106988 AND 8107088
	Index Only Scan using sbtest6_pkey on sbtest6  (cost=0.43..6.43 rows=100 width=4)
	  Index Cond: ((id >= 8106988) AND (id <= 8107088))

table 7 : explain SELECT id FROM sbtest7 WHERE id BETWEEN 8106988 AND 8107088
	Index Only Scan using sbtest7_pkey on sbtest7  (cost=0.43..10.38 rows=97 width=4)
	  Index Cond: ((id >= 8106988) AND (id <= 8107088))

table 8 : explain SELECT id FROM sbtest8 WHERE id BETWEEN 8106988 AND 8107088
	Index Only Scan using sbtest8_pkey on sbtest8  (cost=0.43..6.47 rows=102 width=4)
	  Index Cond: ((id >= 8106988) AND (id <= 8107088))

explain: for range-covered :: explain SELECT id FROM sbtest%d WHERE id BETWEEN 4106900 AND 4107000
explain: for range-covered :: explain SELECT id FROM sbtest%d WHERE id BETWEEN 8106988 AND 8107088
explain: for range-covered :: explain SELECT id FROM sbtest%d WHERE id BETWEEN 620251 AND 620351
for range-covered
table 1 : explain SELECT id FROM sbtest1 WHERE id BETWEEN 7717975 AND 7718075
	Index Only Scan using sbtest1_pkey on sbtest1  (cost=0.43..6.43 rows=100 width=4)
	  Index Cond: ((id >= 7717975) AND (id <= 7718075))

table 2 : explain SELECT id FROM sbtest2 WHERE id BETWEEN 7717975 AND 7718075
	Index Only Scan using sbtest2_pkey on sbtest2  (cost=0.43..6.35 rows=96 width=4)
	  Index Cond: ((id >= 7717975) AND (id <= 7718075))

table 3 : explain SELECT id FROM sbtest3 WHERE id BETWEEN 7717975 AND 7718075
	Index Only Scan using sbtest3_pkey on sbtest3  (cost=0.43..6.53 rows=105 width=4)
	  Index Cond: ((id >= 7717975) AND (id <= 7718075))

table 4 : explain SELECT id FROM sbtest4 WHERE id BETWEEN 7717975 AND 7718075
	Index Only Scan using sbtest4_pkey on sbtest4  (cost=0.43..6.50 rows=103 width=4)
	  Index Cond: ((id >= 7717975) AND (id <= 7718075))

table 5 : explain SELECT id FROM sbtest5 WHERE id BETWEEN 7717975 AND 7718075
	Index Only Scan using sbtest5_pkey on sbtest5  (cost=0.43..6.53 rows=105 width=4)
	  Index Cond: ((id >= 7717975) AND (id <= 7718075))

table 6 : explain SELECT id FROM sbtest6 WHERE id BETWEEN 7717975 AND 7718075
	Index Only Scan using sbtest6_pkey on sbtest6  (cost=0.43..6.53 rows=105 width=4)
	  Index Cond: ((id >= 7717975) AND (id <= 7718075))

table 7 : explain SELECT id FROM sbtest7 WHERE id BETWEEN 7717975 AND 7718075
	Index Only Scan using sbtest7_pkey on sbtest7  (cost=0.43..10.36 rows=96 width=4)
	  Index Cond: ((id >= 7717975) AND (id <= 7718075))

table 8 : explain SELECT id FROM sbtest8 WHERE id BETWEEN 7717975 AND 7718075
	Index Only Scan using sbtest8_pkey on sbtest8  (cost=0.43..6.67 rows=112 width=4)
	  Index Cond: ((id >= 7717975) AND (id <= 7718075))

for range-covered
table 1 : explain SELECT id FROM sbtest1 WHERE id BETWEEN 4135116 AND 4135216
	Index Only Scan using sbtest1_pkey on sbtest1  (cost=0.43..6.53 rows=105 width=4)
	  Index Cond: ((id >= 4135116) AND (id <= 4135216))

table 2 : explain SELECT id FROM sbtest2 WHERE id BETWEEN 4135116 AND 4135216
	Index Only Scan using sbtest2_pkey on sbtest2  (cost=0.43..6.33 rows=95 width=4)
	  Index Cond: ((id >= 4135116) AND (id <= 4135216))

table 3 : explain SELECT id FROM sbtest3 WHERE id BETWEEN 4135116 AND 4135216
	Index Only Scan using sbtest3_pkey on sbtest3  (cost=0.43..6.50 rows=103 width=4)
	  Index Cond: ((id >= 4135116) AND (id <= 4135216))

table 4 : explain SELECT id FROM sbtest4 WHERE id BETWEEN 4135116 AND 4135216
	Index Only Scan using sbtest4_pkey on sbtest4  (cost=0.43..6.66 rows=111 width=4)
	  Index Cond: ((id >= 4135116) AND (id <= 4135216))

table 5 : explain SELECT id FROM sbtest5 WHERE id BETWEEN 4135116 AND 4135216
	Index Only Scan using sbtest5_pkey on sbtest5  (cost=0.43..6.59 rows=108 width=4)
	  Index Cond: ((id >= 4135116) AND (id <= 4135216))

table 6 : explain SELECT id FROM sbtest6 WHERE id BETWEEN 4135116 AND 4135216
	Index Only Scan using sbtest6_pkey on sbtest6  (cost=0.43..6.47 rows=102 width=4)
	  Index Cond: ((id >= 4135116) AND (id <= 4135216))

table 7 : explain SELECT id FROM sbtest7 WHERE id BETWEEN 4135116 AND 4135216
	Index Only Scan using sbtest7_pkey on sbtest7  (cost=0.43..10.38 rows=97 width=4)
	  Index Cond: ((id >= 4135116) AND (id <= 4135216))

table 8 : explain SELECT id FROM sbtest8 WHERE id BETWEEN 4135116 AND 4135216
	Index Only Scan using sbtest8_pkey on sbtest8  (cost=0.43..6.35 rows=96 width=4)
	  Index Cond: ((id >= 4135116) AND (id <= 4135216))

explain: for range-covered :: explain SELECT id FROM sbtest%d WHERE id BETWEEN 7717975 AND 7718075
explain: for range-covered :: explain SELECT id FROM sbtest%d WHERE id BETWEEN 4135116 AND 4135216
for range-covered
table 1 : explain SELECT id FROM sbtest1 WHERE id BETWEEN 6835918 AND 6836018
	Index Only Scan using sbtest1_pkey on sbtest1  (cost=0.43..6.43 rows=100 width=4)
	  Index Cond: ((id >= 6835918) AND (id <= 6836018))

table 2 : explain SELECT id FROM sbtest2 WHERE id BETWEEN 6835918 AND 6836018
	Index Only Scan using sbtest2_pkey on sbtest2  (cost=0.43..6.32 rows=94 width=4)
	  Index Cond: ((id >= 6835918) AND (id <= 6836018))

table 3 : explain SELECT id FROM sbtest3 WHERE id BETWEEN 6835918 AND 6836018
	Index Only Scan using sbtest3_pkey on sbtest3  (cost=0.43..6.42 rows=99 width=4)
	  Index Cond: ((id >= 6835918) AND (id <= 6836018))

table 4 : explain SELECT id FROM sbtest4 WHERE id BETWEEN 6835918 AND 6836018
	Index Only Scan using sbtest4_pkey on sbtest4  (cost=0.43..6.43 rows=100 width=4)
	  Index Cond: ((id >= 6835918) AND (id <= 6836018))

table 5 : explain SELECT id FROM sbtest5 WHERE id BETWEEN 6835918 AND 6836018
	Index Only Scan using sbtest5_pkey on sbtest5  (cost=0.43..6.63 rows=110 width=4)
	  Index Cond: ((id >= 6835918) AND (id <= 6836018))

table 6 : explain SELECT id FROM sbtest6 WHERE id BETWEEN 6835918 AND 6836018
	Index Only Scan using sbtest6_pkey on sbtest6  (cost=0.43..6.33 rows=95 width=4)
	  Index Cond: ((id >= 6835918) AND (id <= 6836018))

table 7 : explain SELECT id FROM sbtest7 WHERE id BETWEEN 6835918 AND 6836018
	Index Only Scan using sbtest7_pkey on sbtest7  (cost=0.43..10.42 rows=99 width=4)
	  Index Cond: ((id >= 6835918) AND (id <= 6836018))

table 8 : explain SELECT id FROM sbtest8 WHERE id BETWEEN 6835918 AND 6836018
	Index Only Scan using sbtest8_pkey on sbtest8  (cost=0.43..6.24 rows=90 width=4)
	  Index Cond: ((id >= 6835918) AND (id <= 6836018))

explain: for range-covered :: explain SELECT id FROM sbtest%d WHERE id BETWEEN 6835918 AND 6836018
for range-covered
table 1 : explain SELECT id FROM sbtest1 WHERE id BETWEEN 5422668 AND 5422768
	Index Only Scan using sbtest1_pkey on sbtest1  (cost=0.43..6.66 rows=111 width=4)
	  Index Cond: ((id >= 5422668) AND (id <= 5422768))

table 2 : explain SELECT id FROM sbtest2 WHERE id BETWEEN 5422668 AND 5422768
	Index Only Scan using sbtest2_pkey on sbtest2  (cost=0.43..6.27 rows=92 width=4)
	  Index Cond: ((id >= 5422668) AND (id <= 5422768))

table 3 : explain SELECT id FROM sbtest3 WHERE id BETWEEN 5422668 AND 5422768
	Index Only Scan using sbtest3_pkey on sbtest3  (cost=0.43..6.19 rows=88 width=4)
	  Index Cond: ((id >= 5422668) AND (id <= 5422768))

table 4 : explain SELECT id FROM sbtest4 WHERE id BETWEEN 5422668 AND 5422768
	Index Only Scan using sbtest4_pkey on sbtest4  (cost=0.43..6.42 rows=99 width=4)
	  Index Cond: ((id >= 5422668) AND (id <= 5422768))

table 5 : explain SELECT id FROM sbtest5 WHERE id BETWEEN 5422668 AND 5422768
	Index Only Scan using sbtest5_pkey on sbtest5  (cost=0.43..6.24 rows=90 width=4)
	  Index Cond: ((id >= 5422668) AND (id <= 5422768))

table 6 : explain SELECT id FROM sbtest6 WHERE id BETWEEN 5422668 AND 5422768
	Index Only Scan using sbtest6_pkey on sbtest6  (cost=0.43..6.53 rows=105 width=4)
	  Index Cond: ((id >= 5422668) AND (id <= 5422768))

table 7 : explain SELECT id FROM sbtest7 WHERE id BETWEEN 5422668 AND 5422768
	Index Only Scan using sbtest7_pkey on sbtest7  (cost=0.43..10.33 rows=95 width=4)
	  Index Cond: ((id >= 5422668) AND (id <= 5422768))

table 8 : explain SELECT id FROM sbtest8 WHERE id BETWEEN 5422668 AND 5422768
	Index Only Scan using sbtest8_pkey on sbtest8  (cost=0.43..6.47 rows=102 width=4)
	  Index Cond: ((id >= 5422668) AND (id <= 5422768))

for range-covered
table 1 : explain SELECT id FROM sbtest1 WHERE id BETWEEN 7745901 AND 7746001
	Index Only Scan using sbtest1_pkey on sbtest1  (cost=0.43..6.43 rows=100 width=4)
	  Index Cond: ((id >= 7745901) AND (id <= 7746001))

table 2 : explain SELECT id FROM sbtest2 WHERE id BETWEEN 7745901 AND 7746001
	Index Only Scan using sbtest2_pkey on sbtest2  (cost=0.43..6.47 rows=102 width=4)
	  Index Cond: ((id >= 7745901) AND (id <= 7746001))

table 3 : explain SELECT id FROM sbtest3 WHERE id BETWEEN 7745901 AND 7746001
	Index Only Scan using sbtest3_pkey on sbtest3  (cost=0.43..6.53 rows=105 width=4)
	  Index Cond: ((id >= 7745901) AND (id <= 7746001))

table 4 : explain SELECT id FROM sbtest4 WHERE id BETWEEN 7745901 AND 7746001
	Index Only Scan using sbtest4_pkey on sbtest4  (cost=0.43..6.50 rows=103 width=4)
	  Index Cond: ((id >= 7745901) AND (id <= 7746001))

table 5 : explain SELECT id FROM sbtest5 WHERE id BETWEEN 7745901 AND 7746001
	Index Only Scan using sbtest5_pkey on sbtest5  (cost=0.43..6.53 rows=105 width=4)
	  Index Cond: ((id >= 7745901) AND (id <= 7746001))

table 6 : explain SELECT id FROM sbtest6 WHERE id BETWEEN 7745901 AND 7746001
	Index Only Scan using sbtest6_pkey on sbtest6  (cost=0.43..6.21 rows=89 width=4)
	  Index Cond: ((id >= 7745901) AND (id <= 7746001))

table 7 : explain SELECT id FROM sbtest7 WHERE id BETWEEN 7745901 AND 7746001
	Index Only Scan using sbtest7_pkey on sbtest7  (cost=0.43..10.36 rows=96 width=4)
	  Index Cond: ((id >= 7745901) AND (id <= 7746001))

table 8 : explain SELECT id FROM sbtest8 WHERE id BETWEEN 7745901 AND 7746001
	Index Only Scan using sbtest8_pkey on sbtest8  (cost=0.43..6.67 rows=112 width=4)
	  Index Cond: ((id >= 7745901) AND (id <= 7746001))

explain: for range-covered :: explain SELECT id FROM sbtest%d WHERE id BETWEEN 7745901 AND 7746001
for range-covered
table 1 : explain SELECT id FROM sbtest1 WHERE id BETWEEN 8106988 AND 8107088
	Index Only Scan using sbtest1_pkey on sbtest1  (cost=0.43..6.37 rows=97 width=4)
	  Index Cond: ((id >= 8106988) AND (id <= 8107088))

table 2 : explain SELECT id FROM sbtest2 WHERE id BETWEEN 8106988 AND 8107088
	Index Only Scan using sbtest2_pkey on sbtest2  (cost=0.43..6.32 rows=94 width=4)
	  Index Cond: ((id >= 8106988) AND (id <= 8107088))

table 3 : explain SELECT id FROM sbtest3 WHERE id BETWEEN 8106988 AND 8107088
	Index Only Scan using sbtest3_pkey on sbtest3  (cost=0.43..6.43 rows=100 width=4)
	  Index Cond: ((id >= 8106988) AND (id <= 8107088))

table 4 : explain SELECT id FROM sbtest4 WHERE id BETWEEN 8106988 AND 8107088
	Index Only Scan using sbtest4_pkey on sbtest4  (cost=0.43..6.37 rows=97 width=4)
	  Index Cond: ((id >= 8106988) AND (id <= 8107088))

table 5 : explain SELECT id FROM sbtest5 WHERE id BETWEEN 8106988 AND 8107088
	Index Only Scan using sbtest5_pkey on sbtest5  (cost=0.43..6.50 rows=103 width=4)
	  Index Cond: ((id >= 8106988) AND (id <= 8107088))

table 6 : explain SELECT id FROM sbtest6 WHERE id BETWEEN 8106988 AND 8107088
	Index Only Scan using sbtest6_pkey on sbtest6  (cost=0.43..6.43 rows=100 width=4)
	  Index Cond: ((id >= 8106988) AND (id <= 8107088))

table 7 : explain SELECT id FROM sbtest7 WHERE id BETWEEN 8106988 AND 8107088
	Index Only Scan using sbtest7_pkey on sbtest7  (cost=0.43..10.38 rows=97 width=4)
	  Index Cond: ((id >= 8106988) AND (id <= 8107088))

table 8 : explain SELECT id FROM sbtest8 WHERE id BETWEEN 8106988 AND 8107088
	Index Only Scan using sbtest8_pkey on sbtest8  (cost=0.43..6.47 rows=102 width=4)
	  Index Cond: ((id >= 8106988) AND (id <= 8107088))

explain: for range-covered :: explain SELECT id FROM sbtest%d WHERE id BETWEEN 8106988 AND 8107088
for range-covered
table 1 : explain SELECT id FROM sbtest1 WHERE id BETWEEN 7717975 AND 7718075
	Index Only Scan using sbtest1_pkey on sbtest1  (cost=0.43..6.43 rows=100 width=4)
	  Index Cond: ((id >= 7717975) AND (id <= 7718075))

table 2 : explain SELECT id FROM sbtest2 WHERE id BETWEEN 7717975 AND 7718075
	Index Only Scan using sbtest2_pkey on sbtest2  (cost=0.43..6.35 rows=96 width=4)
	  Index Cond: ((id >= 7717975) AND (id <= 7718075))

table 3 : explain SELECT id FROM sbtest3 WHERE id BETWEEN 7717975 AND 7718075
	Index Only Scan using sbtest3_pkey on sbtest3  (cost=0.43..6.53 rows=105 width=4)
	  Index Cond: ((id >= 7717975) AND (id <= 7718075))

table 4 : explain SELECT id FROM sbtest4 WHERE id BETWEEN 7717975 AND 7718075
	Index Only Scan using sbtest4_pkey on sbtest4  (cost=0.43..6.50 rows=103 width=4)
	  Index Cond: ((id >= 7717975) AND (id <= 7718075))

table 5 : explain SELECT id FROM sbtest5 WHERE id BETWEEN 7717975 AND 7718075
	Index Only Scan using sbtest5_pkey on sbtest5  (cost=0.43..6.53 rows=105 width=4)
	  Index Cond: ((id >= 7717975) AND (id <= 7718075))

table 6 : explain SELECT id FROM sbtest6 WHERE id BETWEEN 7717975 AND 7718075
	Index Only Scan using sbtest6_pkey on sbtest6  (cost=0.43..6.53 rows=105 width=4)
	  Index Cond: ((id >= 7717975) AND (id <= 7718075))

table 7 : explain SELECT id FROM sbtest7 WHERE id BETWEEN 7717975 AND 7718075
	Index Only Scan using sbtest7_pkey on sbtest7  (cost=0.43..10.36 rows=96 width=4)
	  Index Cond: ((id >= 7717975) AND (id <= 7718075))

table 8 : explain SELECT id FROM sbtest8 WHERE id BETWEEN 7717975 AND 7718075
	Index Only Scan using sbtest8_pkey on sbtest8  (cost=0.43..6.67 rows=112 width=4)
	  Index Cond: ((id >= 7717975) AND (id <= 7718075))

explain: for range-covered :: explain SELECT id FROM sbtest%d WHERE id BETWEEN 4812147 AND 4812247
for range-covered
table 1 : explain SELECT id FROM sbtest1 WHERE id BETWEEN 6700629 AND 6700729
	Index Only Scan using sbtest1_pkey on sbtest1  (cost=0.43..6.37 rows=97 width=4)
	  Index Cond: ((id >= 6700629) AND (id <= 6700729))

table 2 : explain SELECT id FROM sbtest2 WHERE id BETWEEN 6700629 AND 6700729
	Index Only Scan using sbtest2_pkey on sbtest2  (cost=0.43..6.25 rows=91 width=4)
	  Index Cond: ((id >= 6700629) AND (id <= 6700729))

table 3 : explain SELECT id FROM sbtest3 WHERE id BETWEEN 6700629 AND 6700729
	Index Only Scan using sbtest3_pkey on sbtest3  (cost=0.43..6.67 rows=112 width=4)
	  Index Cond: ((id >= 6700629) AND (id <= 6700729))

table 4 : explain SELECT id FROM sbtest4 WHERE id BETWEEN 6700629 AND 6700729
	Index Only Scan using sbtest4_pkey on sbtest4  (cost=0.43..6.24 rows=90 width=4)
	  Index Cond: ((id >= 6700629) AND (id <= 6700729))

table 5 : explain SELECT id FROM sbtest5 WHERE id BETWEEN 6700629 AND 6700729
	Index Only Scan using sbtest5_pkey on sbtest5  (cost=0.43..6.43 rows=100 width=4)
	  Index Cond: ((id >= 6700629) AND (id <= 6700729))

table 6 : explain SELECT id FROM sbtest6 WHERE id BETWEEN 6700629 AND 6700729
	Index Only Scan using sbtest6_pkey on sbtest6  (cost=0.43..6.32 rows=94 width=4)
	  Index Cond: ((id >= 6700629) AND (id <= 6700729))

table 7 : explain SELECT id FROM sbtest7 WHERE id BETWEEN 6700629 AND 6700729
	Index Only Scan using sbtest7_pkey on sbtest7  (cost=0.43..10.40 rows=98 width=4)
	  Index Cond: ((id >= 6700629) AND (id <= 6700729))

table 8 : explain SELECT id FROM sbtest8 WHERE id BETWEEN 6700629 AND 6700729
	Index Only Scan using sbtest8_pkey on sbtest8  (cost=0.43..6.58 rows=107 width=4)
	  Index Cond: ((id >= 6700629) AND (id <= 6700729))

for range-covered
table 1 : explain SELECT id FROM sbtest1 WHERE id BETWEEN 4135116 AND 4135216
	Index Only Scan using sbtest1_pkey on sbtest1  (cost=0.43..6.53 rows=105 width=4)
	  Index Cond: ((id >= 4135116) AND (id <= 4135216))

table 2 : explain SELECT id FROM sbtest2 WHERE id BETWEEN 4135116 AND 4135216
	Index Only Scan using sbtest2_pkey on sbtest2  (cost=0.43..6.33 rows=95 width=4)
	  Index Cond: ((id >= 4135116) AND (id <= 4135216))

table 3 : explain SELECT id FROM sbtest3 WHERE id BETWEEN 4135116 AND 4135216
	Index Only Scan using sbtest3_pkey on sbtest3  (cost=0.43..6.50 rows=103 width=4)
	  Index Cond: ((id >= 4135116) AND (id <= 4135216))

table 4 : explain SELECT id FROM sbtest4 WHERE id BETWEEN 4135116 AND 4135216
	Index Only Scan using sbtest4_pkey on sbtest4  (cost=0.43..6.66 rows=111 width=4)
	  Index Cond: ((id >= 4135116) AND (id <= 4135216))

table 5 : explain SELECT id FROM sbtest5 WHERE id BETWEEN 4135116 AND 4135216
	Index Only Scan using sbtest5_pkey on sbtest5  (cost=0.43..6.59 rows=108 width=4)
	  Index Cond: ((id >= 4135116) AND (id <= 4135216))

table 6 : explain SELECT id FROM sbtest6 WHERE id BETWEEN 4135116 AND 4135216
	Index Only Scan using sbtest6_pkey on sbtest6  (cost=0.43..6.47 rows=102 width=4)
	  Index Cond: ((id >= 4135116) AND (id <= 4135216))

table 7 : explain SELECT id FROM sbtest7 WHERE id BETWEEN 4135116 AND 4135216
	Index Only Scan using sbtest7_pkey on sbtest7  (cost=0.43..10.38 rows=97 width=4)
	  Index Cond: ((id >= 4135116) AND (id <= 4135216))

table 8 : explain SELECT id FROM sbtest8 WHERE id BETWEEN 4135116 AND 4135216
	Index Only Scan using sbtest8_pkey on sbtest8  (cost=0.43..6.35 rows=96 width=4)
	  Index Cond: ((id >= 4135116) AND (id <= 4135216))

explain: for range-covered :: explain SELECT id FROM sbtest%d WHERE id BETWEEN 7717975 AND 7718075
for range-covered
table 1 : explain SELECT id FROM sbtest1 WHERE id BETWEEN 6835918 AND 6836018
	Index Only Scan using sbtest1_pkey on sbtest1  (cost=0.43..6.43 rows=100 width=4)
	  Index Cond: ((id >= 6835918) AND (id <= 6836018))

table 2 : explain SELECT id FROM sbtest2 WHERE id BETWEEN 6835918 AND 6836018
	Index Only Scan using sbtest2_pkey on sbtest2  (cost=0.43..6.32 rows=94 width=4)
	  Index Cond: ((id >= 6835918) AND (id <= 6836018))

table 3 : explain SELECT id FROM sbtest3 WHERE id BETWEEN 6835918 AND 6836018
	Index Only Scan using sbtest3_pkey on sbtest3  (cost=0.43..6.42 rows=99 width=4)
	  Index Cond: ((id >= 6835918) AND (id <= 6836018))

table 4 : explain SELECT id FROM sbtest4 WHERE id BETWEEN 6835918 AND 6836018
	Index Only Scan using sbtest4_pkey on sbtest4  (cost=0.43..6.43 rows=100 width=4)
	  Index Cond: ((id >= 6835918) AND (id <= 6836018))

table 5 : explain SELECT id FROM sbtest5 WHERE id BETWEEN 6835918 AND 6836018
	Index Only Scan using sbtest5_pkey on sbtest5  (cost=0.43..6.63 rows=110 width=4)
	  Index Cond: ((id >= 6835918) AND (id <= 6836018))

table 6 : explain SELECT id FROM sbtest6 WHERE id BETWEEN 6835918 AND 6836018
	Index Only Scan using sbtest6_pkey on sbtest6  (cost=0.43..6.33 rows=95 width=4)
	  Index Cond: ((id >= 6835918) AND (id <= 6836018))

table 7 : explain SELECT id FROM sbtest7 WHERE id BETWEEN 6835918 AND 6836018
	Index Only Scan using sbtest7_pkey on sbtest7  (cost=0.43..10.42 rows=99 width=4)
	  Index Cond: ((id >= 6835918) AND (id <= 6836018))

table 8 : explain SELECT id FROM sbtest8 WHERE id BETWEEN 6835918 AND 6836018
	Index Only Scan using sbtest8_pkey on sbtest8  (cost=0.43..6.24 rows=90 width=4)
	  Index Cond: ((id >= 6835918) AND (id <= 6836018))

explain: for range-covered :: explain SELECT id FROM sbtest%d WHERE id BETWEEN 4135116 AND 4135216
explain: for range-covered :: explain SELECT id FROM sbtest%d WHERE id BETWEEN 6700629 AND 6700729
explain: for range-covered :: explain SELECT id FROM sbtest%d WHERE id BETWEEN 6835918 AND 6836018
for range-covered
table 1 : explain SELECT id FROM sbtest1 WHERE id BETWEEN 7745901 AND 7746001
	Index Only Scan using sbtest1_pkey on sbtest1  (cost=0.43..6.43 rows=100 width=4)
	  Index Cond: ((id >= 7745901) AND (id <= 7746001))

table 2 : explain SELECT id FROM sbtest2 WHERE id BETWEEN 7745901 AND 7746001
	Index Only Scan using sbtest2_pkey on sbtest2  (cost=0.43..6.47 rows=102 width=4)
	  Index Cond: ((id >= 7745901) AND (id <= 7746001))

table 3 : explain SELECT id FROM sbtest3 WHERE id BETWEEN 7745901 AND 7746001
	Index Only Scan using sbtest3_pkey on sbtest3  (cost=0.43..6.53 rows=105 width=4)
	  Index Cond: ((id >= 7745901) AND (id <= 7746001))

table 4 : explain SELECT id FROM sbtest4 WHERE id BETWEEN 7745901 AND 7746001
	Index Only Scan using sbtest4_pkey on sbtest4  (cost=0.43..6.50 rows=103 width=4)
	  Index Cond: ((id >= 7745901) AND (id <= 7746001))

table 5 : explain SELECT id FROM sbtest5 WHERE id BETWEEN 7745901 AND 7746001
	Index Only Scan using sbtest5_pkey on sbtest5  (cost=0.43..6.53 rows=105 width=4)
	  Index Cond: ((id >= 7745901) AND (id <= 7746001))

table 6 : explain SELECT id FROM sbtest6 WHERE id BETWEEN 7745901 AND 7746001
	Index Only Scan using sbtest6_pkey on sbtest6  (cost=0.43..6.21 rows=89 width=4)
	  Index Cond: ((id >= 7745901) AND (id <= 7746001))

table 7 : explain SELECT id FROM sbtest7 WHERE id BETWEEN 7745901 AND 7746001
	Index Only Scan using sbtest7_pkey on sbtest7  (cost=0.43..10.36 rows=96 width=4)
	  Index Cond: ((id >= 7745901) AND (id <= 7746001))

table 8 : explain SELECT id FROM sbtest8 WHERE id BETWEEN 7745901 AND 7746001
	Index Only Scan using sbtest8_pkey on sbtest8  (cost=0.43..6.67 rows=112 width=4)
	  Index Cond: ((id >= 7745901) AND (id <= 7746001))

explain: for range-covered :: explain SELECT id FROM sbtest%d WHERE id BETWEEN 7745901 AND 7746001
for range-covered
table 1 : explain SELECT id FROM sbtest1 WHERE id BETWEEN 8106988 AND 8107088
	Index Only Scan using sbtest1_pkey on sbtest1  (cost=0.43..6.37 rows=97 width=4)
	  Index Cond: ((id >= 8106988) AND (id <= 8107088))

table 2 : explain SELECT id FROM sbtest2 WHERE id BETWEEN 8106988 AND 8107088
	Index Only Scan using sbtest2_pkey on sbtest2  (cost=0.43..6.32 rows=94 width=4)
	  Index Cond: ((id >= 8106988) AND (id <= 8107088))

table 3 : explain SELECT id FROM sbtest3 WHERE id BETWEEN 8106988 AND 8107088
	Index Only Scan using sbtest3_pkey on sbtest3  (cost=0.43..6.43 rows=100 width=4)
	  Index Cond: ((id >= 8106988) AND (id <= 8107088))

table 4 : explain SELECT id FROM sbtest4 WHERE id BETWEEN 8106988 AND 8107088
	Index Only Scan using sbtest4_pkey on sbtest4  (cost=0.43..6.37 rows=97 width=4)
	  Index Cond: ((id >= 8106988) AND (id <= 8107088))

table 5 : explain SELECT id FROM sbtest5 WHERE id BETWEEN 8106988 AND 8107088
	Index Only Scan using sbtest5_pkey on sbtest5  (cost=0.43..6.50 rows=103 width=4)
	  Index Cond: ((id >= 8106988) AND (id <= 8107088))

table 6 : explain SELECT id FROM sbtest6 WHERE id BETWEEN 8106988 AND 8107088
	Index Only Scan using sbtest6_pkey on sbtest6  (cost=0.43..6.43 rows=100 width=4)
	  Index Cond: ((id >= 8106988) AND (id <= 8107088))

table 7 : explain SELECT id FROM sbtest7 WHERE id BETWEEN 8106988 AND 8107088
	Index Only Scan using sbtest7_pkey on sbtest7  (cost=0.43..10.38 rows=97 width=4)
	  Index Cond: ((id >= 8106988) AND (id <= 8107088))

table 8 : explain SELECT id FROM sbtest8 WHERE id BETWEEN 8106988 AND 8107088
	Index Only Scan using sbtest8_pkey on sbtest8  (cost=0.43..6.47 rows=102 width=4)
	  Index Cond: ((id >= 8106988) AND (id <= 8107088))

for range-covered
table 1 : explain SELECT id FROM sbtest1 WHERE id BETWEEN 4106900 AND 4107000
	Index Only Scan using sbtest1_pkey on sbtest1  (cost=0.43..6.53 rows=105 width=4)
	  Index Cond: ((id >= 4106900) AND (id <= 4107000))

table 2 : explain SELECT id FROM sbtest2 WHERE id BETWEEN 4106900 AND 4107000
	Index Only Scan using sbtest2_pkey on sbtest2  (cost=0.43..6.33 rows=95 width=4)
	  Index Cond: ((id >= 4106900) AND (id <= 4107000))

table 3 : explain SELECT id FROM sbtest3 WHERE id BETWEEN 4106900 AND 4107000
	Index Only Scan using sbtest3_pkey on sbtest3  (cost=0.43..6.50 rows=103 width=4)
	  Index Cond: ((id >= 4106900) AND (id <= 4107000))

table 4 : explain SELECT id FROM sbtest4 WHERE id BETWEEN 4106900 AND 4107000
	Index Only Scan using sbtest4_pkey on sbtest4  (cost=0.43..6.66 rows=111 width=4)
	  Index Cond: ((id >= 4106900) AND (id <= 4107000))

table 5 : explain SELECT id FROM sbtest5 WHERE id BETWEEN 4106900 AND 4107000
	Index Only Scan using sbtest5_pkey on sbtest5  (cost=0.43..6.59 rows=108 width=4)
	  Index Cond: ((id >= 4106900) AND (id <= 4107000))

table 6 : explain SELECT id FROM sbtest6 WHERE id BETWEEN 4106900 AND 4107000
	Index Only Scan using sbtest6_pkey on sbtest6  (cost=0.43..6.47 rows=102 width=4)
	  Index Cond: ((id >= 4106900) AND (id <= 4107000))

table 7 : explain SELECT id FROM sbtest7 WHERE id BETWEEN 4106900 AND 4107000
	Index Only Scan using sbtest7_pkey on sbtest7  (cost=0.43..10.38 rows=97 width=4)
	  Index Cond: ((id >= 4106900) AND (id <= 4107000))

table 8 : explain SELECT id FROM sbtest8 WHERE id BETWEEN 4106900 AND 4107000
	Index Only Scan using sbtest8_pkey on sbtest8  (cost=0.43..6.35 rows=96 width=4)
	  Index Cond: ((id >= 4106900) AND (id <= 4107000))

explain: for range-covered :: explain SELECT id FROM sbtest%d WHERE id BETWEEN 8106988 AND 8107088
for range-covered
table 1 : explain SELECT id FROM sbtest1 WHERE id BETWEEN 620251 AND 620351
	Index Only Scan using sbtest1_pkey on sbtest1  (cost=0.43..6.59 rows=108 width=4)
	  Index Cond: ((id >= 620251) AND (id <= 620351))

table 2 : explain SELECT id FROM sbtest2 WHERE id BETWEEN 620251 AND 620351
	Index Only Scan using sbtest2_pkey on sbtest2  (cost=0.43..6.50 rows=103 width=4)
	  Index Cond: ((id >= 620251) AND (id <= 620351))

table 3 : explain SELECT id FROM sbtest3 WHERE id BETWEEN 620251 AND 620351
	Index Only Scan using sbtest3_pkey on sbtest3  (cost=0.43..6.47 rows=102 width=4)
	  Index Cond: ((id >= 620251) AND (id <= 620351))

table 4 : explain SELECT id FROM sbtest4 WHERE id BETWEEN 620251 AND 620351
	Index Only Scan using sbtest4_pkey on sbtest4  (cost=0.43..6.59 rows=108 width=4)
	  Index Cond: ((id >= 620251) AND (id <= 620351))

table 5 : explain SELECT id FROM sbtest5 WHERE id BETWEEN 620251 AND 620351
	Index Only Scan using sbtest5_pkey on sbtest5  (cost=0.43..6.27 rows=92 width=4)
	  Index Cond: ((id >= 620251) AND (id <= 620351))

table 6 : explain SELECT id FROM sbtest6 WHERE id BETWEEN 620251 AND 620351
	Index Only Scan using sbtest6_pkey on sbtest6  (cost=0.43..6.33 rows=95 width=4)
	  Index Cond: ((id >= 620251) AND (id <= 620351))

table 7 : explain SELECT id FROM sbtest7 WHERE id BETWEEN 620251 AND 620351
	Index Only Scan using sbtest7_pkey on sbtest7  (cost=0.43..10.56 rows=106 width=4)
	  Index Cond: ((id >= 620251) AND (id <= 620351))

table 8 : explain SELECT id FROM sbtest8 WHERE id BETWEEN 620251 AND 620351
	Index Only Scan using sbtest8_pkey on sbtest8  (cost=0.43..6.24 rows=90 width=4)
	  Index Cond: ((id >= 620251) AND (id <= 620351))

explain: for range-covered :: explain SELECT id FROM sbtest%d WHERE id BETWEEN 5668285 AND 5668385
for range-covered
table 1 : explain SELECT id FROM sbtest1 WHERE id BETWEEN 7717975 AND 7718075
	Index Only Scan using sbtest1_pkey on sbtest1  (cost=0.43..6.43 rows=100 width=4)
	  Index Cond: ((id >= 7717975) AND (id <= 7718075))

table 2 : explain SELECT id FROM sbtest2 WHERE id BETWEEN 7717975 AND 7718075
	Index Only Scan using sbtest2_pkey on sbtest2  (cost=0.43..6.35 rows=96 width=4)
	  Index Cond: ((id >= 7717975) AND (id <= 7718075))

table 3 : explain SELECT id FROM sbtest3 WHERE id BETWEEN 7717975 AND 7718075
	Index Only Scan using sbtest3_pkey on sbtest3  (cost=0.43..6.53 rows=105 width=4)
	  Index Cond: ((id >= 7717975) AND (id <= 7718075))

table 4 : explain SELECT id FROM sbtest4 WHERE id BETWEEN 7717975 AND 7718075
	Index Only Scan using sbtest4_pkey on sbtest4  (cost=0.43..6.50 rows=103 width=4)
	  Index Cond: ((id >= 7717975) AND (id <= 7718075))

table 5 : explain SELECT id FROM sbtest5 WHERE id BETWEEN 7717975 AND 7718075
	Index Only Scan using sbtest5_pkey on sbtest5  (cost=0.43..6.53 rows=105 width=4)
	  Index Cond: ((id >= 7717975) AND (id <= 7718075))

table 6 : explain SELECT id FROM sbtest6 WHERE id BETWEEN 7717975 AND 7718075
	Index Only Scan using sbtest6_pkey on sbtest6  (cost=0.43..6.53 rows=105 width=4)
	  Index Cond: ((id >= 7717975) AND (id <= 7718075))

table 7 : explain SELECT id FROM sbtest7 WHERE id BETWEEN 7717975 AND 7718075
	Index Only Scan using sbtest7_pkey on sbtest7  (cost=0.43..10.36 rows=96 width=4)
	  Index Cond: ((id >= 7717975) AND (id <= 7718075))

table 8 : explain SELECT id FROM sbtest8 WHERE id BETWEEN 7717975 AND 7718075
	Index Only Scan using sbtest8_pkey on sbtest8  (cost=0.43..6.67 rows=112 width=4)
	  Index Cond: ((id >= 7717975) AND (id <= 7718075))

explain: for range-covered :: explain SELECT id FROM sbtest%d WHERE id BETWEEN 4106900 AND 4107000
for range-covered
table 1 : explain SELECT id FROM sbtest1 WHERE id BETWEEN 6835918 AND 6836018
	Index Only Scan using sbtest1_pkey on sbtest1  (cost=0.43..6.43 rows=100 width=4)
	  Index Cond: ((id >= 6835918) AND (id <= 6836018))

table 2 : explain SELECT id FROM sbtest2 WHERE id BETWEEN 6835918 AND 6836018
	Index Only Scan using sbtest2_pkey on sbtest2  (cost=0.43..6.32 rows=94 width=4)
	  Index Cond: ((id >= 6835918) AND (id <= 6836018))

table 3 : explain SELECT id FROM sbtest3 WHERE id BETWEEN 6835918 AND 6836018
	Index Only Scan using sbtest3_pkey on sbtest3  (cost=0.43..6.42 rows=99 width=4)
	  Index Cond: ((id >= 6835918) AND (id <= 6836018))

table 4 : explain SELECT id FROM sbtest4 WHERE id BETWEEN 6835918 AND 6836018
	Index Only Scan using sbtest4_pkey on sbtest4  (cost=0.43..6.43 rows=100 width=4)
	  Index Cond: ((id >= 6835918) AND (id <= 6836018))

table 5 : explain SELECT id FROM sbtest5 WHERE id BETWEEN 6835918 AND 6836018
	Index Only Scan using sbtest5_pkey on sbtest5  (cost=0.43..6.63 rows=110 width=4)
	  Index Cond: ((id >= 6835918) AND (id <= 6836018))

table 6 : explain SELECT id FROM sbtest6 WHERE id BETWEEN 6835918 AND 6836018
	Index Only Scan using sbtest6_pkey on sbtest6  (cost=0.43..6.33 rows=95 width=4)
	  Index Cond: ((id >= 6835918) AND (id <= 6836018))

table 7 : explain SELECT id FROM sbtest7 WHERE id BETWEEN 6835918 AND 6836018
	Index Only Scan using sbtest7_pkey on sbtest7  (cost=0.43..10.42 rows=99 width=4)
	  Index Cond: ((id >= 6835918) AND (id <= 6836018))

table 8 : explain SELECT id FROM sbtest8 WHERE id BETWEEN 6835918 AND 6836018
	Index Only Scan using sbtest8_pkey on sbtest8  (cost=0.43..6.24 rows=90 width=4)
	  Index Cond: ((id >= 6835918) AND (id <= 6836018))

for range-covered
table 1 : explain SELECT id FROM sbtest1 WHERE id BETWEEN 4135116 AND 4135216
	Index Only Scan using sbtest1_pkey on sbtest1  (cost=0.43..6.53 rows=105 width=4)
	  Index Cond: ((id >= 4135116) AND (id <= 4135216))

table 2 : explain SELECT id FROM sbtest2 WHERE id BETWEEN 4135116 AND 4135216
	Index Only Scan using sbtest2_pkey on sbtest2  (cost=0.43..6.33 rows=95 width=4)
	  Index Cond: ((id >= 4135116) AND (id <= 4135216))

table 3 : explain SELECT id FROM sbtest3 WHERE id BETWEEN 4135116 AND 4135216
	Index Only Scan using sbtest3_pkey on sbtest3  (cost=0.43..6.50 rows=103 width=4)
	  Index Cond: ((id >= 4135116) AND (id <= 4135216))

table 4 : explain SELECT id FROM sbtest4 WHERE id BETWEEN 4135116 AND 4135216
	Index Only Scan using sbtest4_pkey on sbtest4  (cost=0.43..6.66 rows=111 width=4)
	  Index Cond: ((id >= 4135116) AND (id <= 4135216))

table 5 : explain SELECT id FROM sbtest5 WHERE id BETWEEN 4135116 AND 4135216
	Index Only Scan using sbtest5_pkey on sbtest5  (cost=0.43..6.59 rows=108 width=4)
	  Index Cond: ((id >= 4135116) AND (id <= 4135216))

table 6 : explain SELECT id FROM sbtest6 WHERE id BETWEEN 4135116 AND 4135216
	Index Only Scan using sbtest6_pkey on sbtest6  (cost=0.43..6.47 rows=102 width=4)
	  Index Cond: ((id >= 4135116) AND (id <= 4135216))

table 7 : explain SELECT id FROM sbtest7 WHERE id BETWEEN 4135116 AND 4135216
	Index Only Scan using sbtest7_pkey on sbtest7  (cost=0.43..10.38 rows=97 width=4)
	  Index Cond: ((id >= 4135116) AND (id <= 4135216))

table 8 : explain SELECT id FROM sbtest8 WHERE id BETWEEN 4135116 AND 4135216
	Index Only Scan using sbtest8_pkey on sbtest8  (cost=0.43..6.35 rows=96 width=4)
	  Index Cond: ((id >= 4135116) AND (id <= 4135216))

explain: for range-covered :: explain SELECT id FROM sbtest%d WHERE id BETWEEN 7717975 AND 7718075
for range-covered
table 1 : explain SELECT id FROM sbtest1 WHERE id BETWEEN 6700629 AND 6700729
	Index Only Scan using sbtest1_pkey on sbtest1  (cost=0.43..6.37 rows=97 width=4)
	  Index Cond: ((id >= 6700629) AND (id <= 6700729))

table 2 : explain SELECT id FROM sbtest2 WHERE id BETWEEN 6700629 AND 6700729
	Index Only Scan using sbtest2_pkey on sbtest2  (cost=0.43..6.25 rows=91 width=4)
	  Index Cond: ((id >= 6700629) AND (id <= 6700729))

table 3 : explain SELECT id FROM sbtest3 WHERE id BETWEEN 6700629 AND 6700729
	Index Only Scan using sbtest3_pkey on sbtest3  (cost=0.43..6.67 rows=112 width=4)
	  Index Cond: ((id >= 6700629) AND (id <= 6700729))

table 4 : explain SELECT id FROM sbtest4 WHERE id BETWEEN 6700629 AND 6700729
	Index Only Scan using sbtest4_pkey on sbtest4  (cost=0.43..6.24 rows=90 width=4)
	  Index Cond: ((id >= 6700629) AND (id <= 6700729))

table 5 : explain SELECT id FROM sbtest5 WHERE id BETWEEN 6700629 AND 6700729
	Index Only Scan using sbtest5_pkey on sbtest5  (cost=0.43..6.43 rows=100 width=4)
	  Index Cond: ((id >= 6700629) AND (id <= 6700729))

table 6 : explain SELECT id FROM sbtest6 WHERE id BETWEEN 6700629 AND 6700729
	Index Only Scan using sbtest6_pkey on sbtest6  (cost=0.43..6.32 rows=94 width=4)
	  Index Cond: ((id >= 6700629) AND (id <= 6700729))

table 7 : explain SELECT id FROM sbtest7 WHERE id BETWEEN 6700629 AND 6700729
	Index Only Scan using sbtest7_pkey on sbtest7  (cost=0.43..10.40 rows=98 width=4)
	  Index Cond: ((id >= 6700629) AND (id <= 6700729))

table 8 : explain SELECT id FROM sbtest8 WHERE id BETWEEN 6700629 AND 6700729
	Index Only Scan using sbtest8_pkey on sbtest8  (cost=0.43..6.58 rows=107 width=4)
	  Index Cond: ((id >= 6700629) AND (id <= 6700729))

explain: for range-covered :: explain SELECT id FROM sbtest%d WHERE id BETWEEN 620251 AND 620351
explain: for range-covered :: explain SELECT id FROM sbtest%d WHERE id BETWEEN 6835918 AND 6836018
explain: for range-covered :: explain SELECT id FROM sbtest%d WHERE id BETWEEN 4135116 AND 4135216
explain: for range-covered :: explain SELECT id FROM sbtest%d WHERE id BETWEEN 6700629 AND 6700729
for range-covered
table 1 : explain SELECT id FROM sbtest1 WHERE id BETWEEN 4827709 AND 4827809
	Index Only Scan using sbtest1_pkey on sbtest1  (cost=0.43..6.37 rows=97 width=4)
	  Index Cond: ((id >= 4827709) AND (id <= 4827809))

table 2 : explain SELECT id FROM sbtest2 WHERE id BETWEEN 4827709 AND 4827809
	Index Only Scan using sbtest2_pkey on sbtest2  (cost=0.43..6.42 rows=99 width=4)
	  Index Cond: ((id >= 4827709) AND (id <= 4827809))

table 3 : explain SELECT id FROM sbtest3 WHERE id BETWEEN 4827709 AND 4827809
	Index Only Scan using sbtest3_pkey on sbtest3  (cost=0.43..6.50 rows=103 width=4)
	  Index Cond: ((id >= 4827709) AND (id <= 4827809))

table 4 : explain SELECT id FROM sbtest4 WHERE id BETWEEN 4827709 AND 4827809
	Index Only Scan using sbtest4_pkey on sbtest4  (cost=0.43..6.59 rows=108 width=4)
	  Index Cond: ((id >= 4827709) AND (id <= 4827809))

table 5 : explain SELECT id FROM sbtest5 WHERE id BETWEEN 4827709 AND 4827809
	Index Only Scan using sbtest5_pkey on sbtest5  (cost=0.43..6.37 rows=97 width=4)
	  Index Cond: ((id >= 4827709) AND (id <= 4827809))

table 6 : explain SELECT id FROM sbtest6 WHERE id BETWEEN 4827709 AND 4827809
	Index Only Scan using sbtest6_pkey on sbtest6  (cost=0.43..6.40 rows=98 width=4)
	  Index Cond: ((id >= 4827709) AND (id <= 4827809))

table 7 : explain SELECT id FROM sbtest7 WHERE id BETWEEN 4827709 AND 4827809
	Index Only Scan using sbtest7_pkey on sbtest7  (cost=0.43..10.56 rows=106 width=4)
	  Index Cond: ((id >= 4827709) AND (id <= 4827809))

table 8 : explain SELECT id FROM sbtest8 WHERE id BETWEEN 4827709 AND 4827809
	Index Only Scan using sbtest8_pkey on sbtest8  (cost=0.43..6.47 rows=102 width=4)
	  Index Cond: ((id >= 4827709) AND (id <= 4827809))

explain: for range-covered :: explain SELECT id FROM sbtest%d WHERE id BETWEEN 4827709 AND 4827809
for range-covered
table 1 : explain SELECT id FROM sbtest1 WHERE id BETWEEN 7745901 AND 7746001
	Index Only Scan using sbtest1_pkey on sbtest1  (cost=0.43..6.43 rows=100 width=4)
	  Index Cond: ((id >= 7745901) AND (id <= 7746001))

table 2 : explain SELECT id FROM sbtest2 WHERE id BETWEEN 7745901 AND 7746001
	Index Only Scan using sbtest2_pkey on sbtest2  (cost=0.43..6.47 rows=102 width=4)
	  Index Cond: ((id >= 7745901) AND (id <= 7746001))

table 3 : explain SELECT id FROM sbtest3 WHERE id BETWEEN 7745901 AND 7746001
	Index Only Scan using sbtest3_pkey on sbtest3  (cost=0.43..6.53 rows=105 width=4)
	  Index Cond: ((id >= 7745901) AND (id <= 7746001))

table 4 : explain SELECT id FROM sbtest4 WHERE id BETWEEN 7745901 AND 7746001
	Index Only Scan using sbtest4_pkey on sbtest4  (cost=0.43..6.50 rows=103 width=4)
	  Index Cond: ((id >= 7745901) AND (id <= 7746001))

table 5 : explain SELECT id FROM sbtest5 WHERE id BETWEEN 7745901 AND 7746001
	Index Only Scan using sbtest5_pkey on sbtest5  (cost=0.43..6.53 rows=105 width=4)
	  Index Cond: ((id >= 7745901) AND (id <= 7746001))

table 6 : explain SELECT id FROM sbtest6 WHERE id BETWEEN 7745901 AND 7746001
	Index Only Scan using sbtest6_pkey on sbtest6  (cost=0.43..6.21 rows=89 width=4)
	  Index Cond: ((id >= 7745901) AND (id <= 7746001))

table 7 : explain SELECT id FROM sbtest7 WHERE id BETWEEN 7745901 AND 7746001
	Index Only Scan using sbtest7_pkey on sbtest7  (cost=0.43..10.36 rows=96 width=4)
	  Index Cond: ((id >= 7745901) AND (id <= 7746001))

table 8 : explain SELECT id FROM sbtest8 WHERE id BETWEEN 7745901 AND 7746001
	Index Only Scan using sbtest8_pkey on sbtest8  (cost=0.43..6.67 rows=112 width=4)
	  Index Cond: ((id >= 7745901) AND (id <= 7746001))

for range-covered
table 1 : explain SELECT id FROM sbtest1 WHERE id BETWEEN 8106988 AND 8107088
	Index Only Scan using sbtest1_pkey on sbtest1  (cost=0.43..6.37 rows=97 width=4)
	  Index Cond: ((id >= 8106988) AND (id <= 8107088))

table 2 : explain SELECT id FROM sbtest2 WHERE id BETWEEN 8106988 AND 8107088
	Index Only Scan using sbtest2_pkey on sbtest2  (cost=0.43..6.32 rows=94 width=4)
	  Index Cond: ((id >= 8106988) AND (id <= 8107088))

table 3 : explain SELECT id FROM sbtest3 WHERE id BETWEEN 8106988 AND 8107088
	Index Only Scan using sbtest3_pkey on sbtest3  (cost=0.43..6.43 rows=100 width=4)
	  Index Cond: ((id >= 8106988) AND (id <= 8107088))

table 4 : explain SELECT id FROM sbtest4 WHERE id BETWEEN 8106988 AND 8107088
	Index Only Scan using sbtest4_pkey on sbtest4  (cost=0.43..6.37 rows=97 width=4)
	  Index Cond: ((id >= 8106988) AND (id <= 8107088))

table 5 : explain SELECT id FROM sbtest5 WHERE id BETWEEN 8106988 AND 8107088
	Index Only Scan using sbtest5_pkey on sbtest5  (cost=0.43..6.50 rows=103 width=4)
	  Index Cond: ((id >= 8106988) AND (id <= 8107088))

table 6 : explain SELECT id FROM sbtest6 WHERE id BETWEEN 8106988 AND 8107088
	Index Only Scan using sbtest6_pkey on sbtest6  (cost=0.43..6.43 rows=100 width=4)
	  Index Cond: ((id >= 8106988) AND (id <= 8107088))

table 7 : explain SELECT id FROM sbtest7 WHERE id BETWEEN 8106988 AND 8107088
	Index Only Scan using sbtest7_pkey on sbtest7  (cost=0.43..10.38 rows=97 width=4)
	  Index Cond: ((id >= 8106988) AND (id <= 8107088))

table 8 : explain SELECT id FROM sbtest8 WHERE id BETWEEN 8106988 AND 8107088
	Index Only Scan using sbtest8_pkey on sbtest8  (cost=0.43..6.47 rows=102 width=4)
	  Index Cond: ((id >= 8106988) AND (id <= 8107088))

explain: for range-covered :: explain SELECT id FROM sbtest%d WHERE id BETWEEN 8106988 AND 8107088
for range-covered
table 1 : explain SELECT id FROM sbtest1 WHERE id BETWEEN 7717975 AND 7718075
	Index Only Scan using sbtest1_pkey on sbtest1  (cost=0.43..6.43 rows=100 width=4)
	  Index Cond: ((id >= 7717975) AND (id <= 7718075))

table 2 : explain SELECT id FROM sbtest2 WHERE id BETWEEN 7717975 AND 7718075
	Index Only Scan using sbtest2_pkey on sbtest2  (cost=0.43..6.35 rows=96 width=4)
	  Index Cond: ((id >= 7717975) AND (id <= 7718075))

table 3 : explain SELECT id FROM sbtest3 WHERE id BETWEEN 7717975 AND 7718075
	Index Only Scan using sbtest3_pkey on sbtest3  (cost=0.43..6.53 rows=105 width=4)
	  Index Cond: ((id >= 7717975) AND (id <= 7718075))

table 4 : explain SELECT id FROM sbtest4 WHERE id BETWEEN 7717975 AND 7718075
	Index Only Scan using sbtest4_pkey on sbtest4  (cost=0.43..6.50 rows=103 width=4)
	  Index Cond: ((id >= 7717975) AND (id <= 7718075))

table 5 : explain SELECT id FROM sbtest5 WHERE id BETWEEN 7717975 AND 7718075
	Index Only Scan using sbtest5_pkey on sbtest5  (cost=0.43..6.53 rows=105 width=4)
	  Index Cond: ((id >= 7717975) AND (id <= 7718075))

table 6 : explain SELECT id FROM sbtest6 WHERE id BETWEEN 7717975 AND 7718075
	Index Only Scan using sbtest6_pkey on sbtest6  (cost=0.43..6.53 rows=105 width=4)
	  Index Cond: ((id >= 7717975) AND (id <= 7718075))

table 7 : explain SELECT id FROM sbtest7 WHERE id BETWEEN 7717975 AND 7718075
	Index Only Scan using sbtest7_pkey on sbtest7  (cost=0.43..10.36 rows=96 width=4)
	  Index Cond: ((id >= 7717975) AND (id <= 7718075))

table 8 : explain SELECT id FROM sbtest8 WHERE id BETWEEN 7717975 AND 7718075
	Index Only Scan using sbtest8_pkey on sbtest8  (cost=0.43..6.67 rows=112 width=4)
	  Index Cond: ((id >= 7717975) AND (id <= 7718075))

for range-covered
table 1 : explain SELECT id FROM sbtest1 WHERE id BETWEEN 6835918 AND 6836018
	Index Only Scan using sbtest1_pkey on sbtest1  (cost=0.43..6.43 rows=100 width=4)
	  Index Cond: ((id >= 6835918) AND (id <= 6836018))

table 2 : explain SELECT id FROM sbtest2 WHERE id BETWEEN 6835918 AND 6836018
	Index Only Scan using sbtest2_pkey on sbtest2  (cost=0.43..6.32 rows=94 width=4)
	  Index Cond: ((id >= 6835918) AND (id <= 6836018))

table 3 : explain SELECT id FROM sbtest3 WHERE id BETWEEN 6835918 AND 6836018
	Index Only Scan using sbtest3_pkey on sbtest3  (cost=0.43..6.42 rows=99 width=4)
	  Index Cond: ((id >= 6835918) AND (id <= 6836018))

table 4 : explain SELECT id FROM sbtest4 WHERE id BETWEEN 6835918 AND 6836018
	Index Only Scan using sbtest4_pkey on sbtest4  (cost=0.43..6.43 rows=100 width=4)
	  Index Cond: ((id >= 6835918) AND (id <= 6836018))

table 5 : explain SELECT id FROM sbtest5 WHERE id BETWEEN 6835918 AND 6836018
	Index Only Scan using sbtest5_pkey on sbtest5  (cost=0.43..6.63 rows=110 width=4)
	  Index Cond: ((id >= 6835918) AND (id <= 6836018))

table 6 : explain SELECT id FROM sbtest6 WHERE id BETWEEN 6835918 AND 6836018
	Index Only Scan using sbtest6_pkey on sbtest6  (cost=0.43..6.33 rows=95 width=4)
	  Index Cond: ((id >= 6835918) AND (id <= 6836018))

table 7 : explain SELECT id FROM sbtest7 WHERE id BETWEEN 6835918 AND 6836018
	Index Only Scan using sbtest7_pkey on sbtest7  (cost=0.43..10.42 rows=99 width=4)
	  Index Cond: ((id >= 6835918) AND (id <= 6836018))

table 8 : explain SELECT id FROM sbtest8 WHERE id BETWEEN 6835918 AND 6836018
	Index Only Scan using sbtest8_pkey on sbtest8  (cost=0.43..6.24 rows=90 width=4)
	  Index Cond: ((id >= 6835918) AND (id <= 6836018))

for range-covered
table 1 : explain SELECT id FROM sbtest1 WHERE id BETWEEN 4135116 AND 4135216
	Index Only Scan using sbtest1_pkey on sbtest1  (cost=0.43..6.53 rows=105 width=4)
	  Index Cond: ((id >= 4135116) AND (id <= 4135216))

table 2 : explain SELECT id FROM sbtest2 WHERE id BETWEEN 4135116 AND 4135216
	Index Only Scan using sbtest2_pkey on sbtest2  (cost=0.43..6.33 rows=95 width=4)
	  Index Cond: ((id >= 4135116) AND (id <= 4135216))

table 3 : explain SELECT id FROM sbtest3 WHERE id BETWEEN 4135116 AND 4135216
	Index Only Scan using sbtest3_pkey on sbtest3  (cost=0.43..6.50 rows=103 width=4)
	  Index Cond: ((id >= 4135116) AND (id <= 4135216))

table 4 : explain SELECT id FROM sbtest4 WHERE id BETWEEN 4135116 AND 4135216
	Index Only Scan using sbtest4_pkey on sbtest4  (cost=0.43..6.66 rows=111 width=4)
	  Index Cond: ((id >= 4135116) AND (id <= 4135216))

table 5 : explain SELECT id FROM sbtest5 WHERE id BETWEEN 4135116 AND 4135216
	Index Only Scan using sbtest5_pkey on sbtest5  (cost=0.43..6.59 rows=108 width=4)
	  Index Cond: ((id >= 4135116) AND (id <= 4135216))

table 6 : explain SELECT id FROM sbtest6 WHERE id BETWEEN 4135116 AND 4135216
	Index Only Scan using sbtest6_pkey on sbtest6  (cost=0.43..6.47 rows=102 width=4)
	  Index Cond: ((id >= 4135116) AND (id <= 4135216))

table 7 : explain SELECT id FROM sbtest7 WHERE id BETWEEN 4135116 AND 4135216
	Index Only Scan using sbtest7_pkey on sbtest7  (cost=0.43..10.38 rows=97 width=4)
	  Index Cond: ((id >= 4135116) AND (id <= 4135216))

table 8 : explain SELECT id FROM sbtest8 WHERE id BETWEEN 4135116 AND 4135216
	Index Only Scan using sbtest8_pkey on sbtest8  (cost=0.43..6.35 rows=96 width=4)
	  Index Cond: ((id >= 4135116) AND (id <= 4135216))
for range-covered
table 1 : explain SELECT id FROM sbtest1 WHERE id BETWEEN 6700629 AND 6700729
	Index Only Scan using sbtest1_pkey on sbtest1  (cost=0.43..6.37 rows=97 width=4)
	  Index Cond: ((id >= 6700629) AND (id <= 6700729))

table 2 : explain SELECT id FROM sbtest2 WHERE id BETWEEN 6700629 AND 6700729
	Index Only Scan using sbtest2_pkey on sbtest2  (cost=0.43..6.25 rows=91 width=4)
	  Index Cond: ((id >= 6700629) AND (id <= 6700729))

table 3 : explain SELECT id FROM sbtest3 WHERE id BETWEEN 6700629 AND 6700729
	Index Only Scan using sbtest3_pkey on sbtest3  (cost=0.43..6.67 rows=112 width=4)
	  Index Cond: ((id >= 6700629) AND (id <= 6700729))

table 4 : explain SELECT id FROM sbtest4 WHERE id BETWEEN 6700629 AND 6700729
	Index Only Scan using sbtest4_pkey on sbtest4  (cost=0.43..6.24 rows=90 width=4)
	  Index Cond: ((id >= 6700629) AND (id <= 6700729))

table 5 : explain SELECT id FROM sbtest5 WHERE id BETWEEN 6700629 AND 6700729
	Index Only Scan using sbtest5_pkey on sbtest5  (cost=0.43..6.43 rows=100 width=4)
	  Index Cond: ((id >= 6700629) AND (id <= 6700729))

table 6 : explain SELECT id FROM sbtest6 WHERE id BETWEEN 6700629 AND 6700729
	Index Only Scan using sbtest6_pkey on sbtest6  (cost=0.43..6.32 rows=94 width=4)
	  Index Cond: ((id >= 6700629) AND (id <= 6700729))

table 7 : explain SELECT id FROM sbtest7 WHERE id BETWEEN 6700629 AND 6700729
	Index Only Scan using sbtest7_pkey on sbtest7  (cost=0.43..10.40 rows=98 width=4)
	  Index Cond: ((id >= 6700629) AND (id <= 6700729))

table 8 : explain SELECT id FROM sbtest8 WHERE id BETWEEN 6700629 AND 6700729
	Index Only Scan using sbtest8_pkey on sbtest8  (cost=0.43..6.58 rows=107 width=4)
	  Index Cond: ((id >= 6700629) AND (id <= 6700729))


explain: for range-covered :: explain SELECT id FROM sbtest%d WHERE id BETWEEN 6835918 AND 6836018
explain: for range-covered :: explain SELECT id FROM sbtest%d WHERE id BETWEEN 6700629 AND 6700729
for range-covered
table 1 : explain SELECT id FROM sbtest1 WHERE id BETWEEN 4827709 AND 4827809
	Index Only Scan using sbtest1_pkey on sbtest1  (cost=0.43..6.37 rows=97 width=4)
	  Index Cond: ((id >= 4827709) AND (id <= 4827809))

table 2 : explain SELECT id FROM sbtest2 WHERE id BETWEEN 4827709 AND 4827809
	Index Only Scan using sbtest2_pkey on sbtest2  (cost=0.43..6.42 rows=99 width=4)
	  Index Cond: ((id >= 4827709) AND (id <= 4827809))

table 3 : explain SELECT id FROM sbtest3 WHERE id BETWEEN 4827709 AND 4827809
	Index Only Scan using sbtest3_pkey on sbtest3  (cost=0.43..6.50 rows=103 width=4)
	  Index Cond: ((id >= 4827709) AND (id <= 4827809))

table 4 : explain SELECT id FROM sbtest4 WHERE id BETWEEN 4827709 AND 4827809
	Index Only Scan using sbtest4_pkey on sbtest4  (cost=0.43..6.59 rows=108 width=4)
	  Index Cond: ((id >= 4827709) AND (id <= 4827809))

table 5 : explain SELECT id FROM sbtest5 WHERE id BETWEEN 4827709 AND 4827809
	Index Only Scan using sbtest5_pkey on sbtest5  (cost=0.43..6.37 rows=97 width=4)
	  Index Cond: ((id >= 4827709) AND (id <= 4827809))

table 6 : explain SELECT id FROM sbtest6 WHERE id BETWEEN 4827709 AND 4827809
	Index Only Scan using sbtest6_pkey on sbtest6  (cost=0.43..6.40 rows=98 width=4)
	  Index Cond: ((id >= 4827709) AND (id <= 4827809))

table 7 : explain SELECT id FROM sbtest7 WHERE id BETWEEN 4827709 AND 4827809
	Index Only Scan using sbtest7_pkey on sbtest7  (cost=0.43..10.56 rows=106 width=4)
	  Index Cond: ((id >= 4827709) AND (id <= 4827809))

table 8 : explain SELECT id FROM sbtest8 WHERE id BETWEEN 4827709 AND 4827809
	Index Only Scan using sbtest8_pkey on sbtest8  (cost=0.43..6.47 rows=102 width=4)
	  Index Cond: ((id >= 4827709) AND (id <= 4827809))

explain: for range-covered :: explain SELECT id FROM sbtest%d WHERE id BETWEEN 4827709 AND 4827809
for range-covered
table 1 : explain SELECT id FROM sbtest1 WHERE id BETWEEN 8106988 AND 8107088
	Index Only Scan using sbtest1_pkey on sbtest1  (cost=0.43..6.37 rows=97 width=4)
	  Index Cond: ((id >= 8106988) AND (id <= 8107088))

table 2 : explain SELECT id FROM sbtest2 WHERE id BETWEEN 8106988 AND 8107088
	Index Only Scan using sbtest2_pkey on sbtest2  (cost=0.43..6.32 rows=94 width=4)
	  Index Cond: ((id >= 8106988) AND (id <= 8107088))

table 3 : explain SELECT id FROM sbtest3 WHERE id BETWEEN 8106988 AND 8107088
	Index Only Scan using sbtest3_pkey on sbtest3  (cost=0.43..6.43 rows=100 width=4)
	  Index Cond: ((id >= 8106988) AND (id <= 8107088))

table 4 : explain SELECT id FROM sbtest4 WHERE id BETWEEN 8106988 AND 8107088
	Index Only Scan using sbtest4_pkey on sbtest4  (cost=0.43..6.37 rows=97 width=4)
	  Index Cond: ((id >= 8106988) AND (id <= 8107088))

table 5 : explain SELECT id FROM sbtest5 WHERE id BETWEEN 8106988 AND 8107088
	Index Only Scan using sbtest5_pkey on sbtest5  (cost=0.43..6.50 rows=103 width=4)
	  Index Cond: ((id >= 8106988) AND (id <= 8107088))

table 6 : explain SELECT id FROM sbtest6 WHERE id BETWEEN 8106988 AND 8107088
	Index Only Scan using sbtest6_pkey on sbtest6  (cost=0.43..6.43 rows=100 width=4)
	  Index Cond: ((id >= 8106988) AND (id <= 8107088))

table 7 : explain SELECT id FROM sbtest7 WHERE id BETWEEN 8106988 AND 8107088
	Index Only Scan using sbtest7_pkey on sbtest7  (cost=0.43..10.38 rows=97 width=4)
	  Index Cond: ((id >= 8106988) AND (id <= 8107088))

table 8 : explain SELECT id FROM sbtest8 WHERE id BETWEEN 8106988 AND 8107088
	Index Only Scan using sbtest8_pkey on sbtest8  (cost=0.43..6.47 rows=102 width=4)
	  Index Cond: ((id >= 8106988) AND (id <= 8107088))

for range-covered
table 1 : explain SELECT id FROM sbtest1 WHERE id BETWEEN 4106900 AND 4107000
	Index Only Scan using sbtest1_pkey on sbtest1  (cost=0.43..6.53 rows=105 width=4)
	  Index Cond: ((id >= 4106900) AND (id <= 4107000))

table 2 : explain SELECT id FROM sbtest2 WHERE id BETWEEN 4106900 AND 4107000
	Index Only Scan using sbtest2_pkey on sbtest2  (cost=0.43..6.33 rows=95 width=4)
	  Index Cond: ((id >= 4106900) AND (id <= 4107000))

table 3 : explain SELECT id FROM sbtest3 WHERE id BETWEEN 4106900 AND 4107000
	Index Only Scan using sbtest3_pkey on sbtest3  (cost=0.43..6.50 rows=103 width=4)
	  Index Cond: ((id >= 4106900) AND (id <= 4107000))

table 4 : explain SELECT id FROM sbtest4 WHERE id BETWEEN 4106900 AND 4107000
	Index Only Scan using sbtest4_pkey on sbtest4  (cost=0.43..6.66 rows=111 width=4)
	  Index Cond: ((id >= 4106900) AND (id <= 4107000))

table 5 : explain SELECT id FROM sbtest5 WHERE id BETWEEN 4106900 AND 4107000
	Index Only Scan using sbtest5_pkey on sbtest5  (cost=0.43..6.59 rows=108 width=4)
	  Index Cond: ((id >= 4106900) AND (id <= 4107000))

table 6 : explain SELECT id FROM sbtest6 WHERE id BETWEEN 4106900 AND 4107000
	Index Only Scan using sbtest6_pkey on sbtest6  (cost=0.43..6.47 rows=102 width=4)
	  Index Cond: ((id >= 4106900) AND (id <= 4107000))

table 7 : explain SELECT id FROM sbtest7 WHERE id BETWEEN 4106900 AND 4107000
	Index Only Scan using sbtest7_pkey on sbtest7  (cost=0.43..10.38 rows=97 width=4)
	  Index Cond: ((id >= 4106900) AND (id <= 4107000))

table 8 : explain SELECT id FROM sbtest8 WHERE id BETWEEN 4106900 AND 4107000
	Index Only Scan using sbtest8_pkey on sbtest8  (cost=0.43..6.35 rows=96 width=4)
	  Index Cond: ((id >= 4106900) AND (id <= 4107000))

explain: for range-covered :: explain SELECT id FROM sbtest%d WHERE id BETWEEN 8106988 AND 8107088
for range-covered
table 1 : explain SELECT id FROM sbtest1 WHERE id BETWEEN 620251 AND 620351
	Index Only Scan using sbtest1_pkey on sbtest1  (cost=0.43..6.59 rows=108 width=4)
	  Index Cond: ((id >= 620251) AND (id <= 620351))

table 2 : explain SELECT id FROM sbtest2 WHERE id BETWEEN 620251 AND 620351
	Index Only Scan using sbtest2_pkey on sbtest2  (cost=0.43..6.50 rows=103 width=4)
	  Index Cond: ((id >= 620251) AND (id <= 620351))

table 3 : explain SELECT id FROM sbtest3 WHERE id BETWEEN 620251 AND 620351
	Index Only Scan using sbtest3_pkey on sbtest3  (cost=0.43..6.47 rows=102 width=4)
	  Index Cond: ((id >= 620251) AND (id <= 620351))

table 4 : explain SELECT id FROM sbtest4 WHERE id BETWEEN 620251 AND 620351
	Index Only Scan using sbtest4_pkey on sbtest4  (cost=0.43..6.59 rows=108 width=4)
	  Index Cond: ((id >= 620251) AND (id <= 620351))

table 5 : explain SELECT id FROM sbtest5 WHERE id BETWEEN 620251 AND 620351
	Index Only Scan using sbtest5_pkey on sbtest5  (cost=0.43..6.27 rows=92 width=4)
	  Index Cond: ((id >= 620251) AND (id <= 620351))

table 6 : explain SELECT id FROM sbtest6 WHERE id BETWEEN 620251 AND 620351
	Index Only Scan using sbtest6_pkey on sbtest6  (cost=0.43..6.33 rows=95 width=4)
	  Index Cond: ((id >= 620251) AND (id <= 620351))

table 7 : explain SELECT id FROM sbtest7 WHERE id BETWEEN 620251 AND 620351
	Index Only Scan using sbtest7_pkey on sbtest7  (cost=0.43..10.56 rows=106 width=4)
	  Index Cond: ((id >= 620251) AND (id <= 620351))

table 8 : explain SELECT id FROM sbtest8 WHERE id BETWEEN 620251 AND 620351
	Index Only Scan using sbtest8_pkey on sbtest8  (cost=0.43..6.24 rows=90 width=4)
	  Index Cond: ((id >= 620251) AND (id <= 620351))

explain: for range-covered :: explain SELECT id FROM sbtest%d WHERE id BETWEEN 4106900 AND 4107000
explain: for range-covered :: explain SELECT id FROM sbtest%d WHERE id BETWEEN 620251 AND 620351
for range-covered
table 1 : explain SELECT id FROM sbtest1 WHERE id BETWEEN 6700629 AND 6700729
	Index Only Scan using sbtest1_pkey on sbtest1  (cost=0.43..6.37 rows=97 width=4)
	  Index Cond: ((id >= 6700629) AND (id <= 6700729))

table 2 : explain SELECT id FROM sbtest2 WHERE id BETWEEN 6700629 AND 6700729
	Index Only Scan using sbtest2_pkey on sbtest2  (cost=0.43..6.25 rows=91 width=4)
	  Index Cond: ((id >= 6700629) AND (id <= 6700729))

table 3 : explain SELECT id FROM sbtest3 WHERE id BETWEEN 6700629 AND 6700729
	Index Only Scan using sbtest3_pkey on sbtest3  (cost=0.43..6.67 rows=112 width=4)
	  Index Cond: ((id >= 6700629) AND (id <= 6700729))

table 4 : explain SELECT id FROM sbtest4 WHERE id BETWEEN 6700629 AND 6700729
	Index Only Scan using sbtest4_pkey on sbtest4  (cost=0.43..6.24 rows=90 width=4)
	  Index Cond: ((id >= 6700629) AND (id <= 6700729))

table 5 : explain SELECT id FROM sbtest5 WHERE id BETWEEN 6700629 AND 6700729
	Index Only Scan using sbtest5_pkey on sbtest5  (cost=0.43..6.43 rows=100 width=4)
	  Index Cond: ((id >= 6700629) AND (id <= 6700729))

table 6 : explain SELECT id FROM sbtest6 WHERE id BETWEEN 6700629 AND 6700729
	Index Only Scan using sbtest6_pkey on sbtest6  (cost=0.43..6.32 rows=94 width=4)
	  Index Cond: ((id >= 6700629) AND (id <= 6700729))

table 7 : explain SELECT id FROM sbtest7 WHERE id BETWEEN 6700629 AND 6700729
	Index Only Scan using sbtest7_pkey on sbtest7  (cost=0.43..10.40 rows=98 width=4)
	  Index Cond: ((id >= 6700629) AND (id <= 6700729))

table 8 : explain SELECT id FROM sbtest8 WHERE id BETWEEN 6700629 AND 6700729
	Index Only Scan using sbtest8_pkey on sbtest8  (cost=0.43..6.58 rows=107 width=4)
	  Index Cond: ((id >= 6700629) AND (id <= 6700729))

explain: for range-covered :: explain SELECT id FROM sbtest%d WHERE id BETWEEN 6700629 AND 6700729
for range-covered
table 1 : explain SELECT id FROM sbtest1 WHERE id BETWEEN 4812147 AND 4812247
	Index Only Scan using sbtest1_pkey on sbtest1  (cost=0.43..6.37 rows=97 width=4)
	  Index Cond: ((id >= 4812147) AND (id <= 4812247))

table 2 : explain SELECT id FROM sbtest2 WHERE id BETWEEN 4812147 AND 4812247
	Index Only Scan using sbtest2_pkey on sbtest2  (cost=0.43..6.42 rows=99 width=4)
	  Index Cond: ((id >= 4812147) AND (id <= 4812247))

table 3 : explain SELECT id FROM sbtest3 WHERE id BETWEEN 4812147 AND 4812247
	Index Only Scan using sbtest3_pkey on sbtest3  (cost=0.43..6.50 rows=103 width=4)
	  Index Cond: ((id >= 4812147) AND (id <= 4812247))

table 4 : explain SELECT id FROM sbtest4 WHERE id BETWEEN 4812147 AND 4812247
	Index Only Scan using sbtest4_pkey on sbtest4  (cost=0.43..6.59 rows=108 width=4)
	  Index Cond: ((id >= 4812147) AND (id <= 4812247))

table 5 : explain SELECT id FROM sbtest5 WHERE id BETWEEN 4812147 AND 4812247
	Index Only Scan using sbtest5_pkey on sbtest5  (cost=0.43..6.37 rows=97 width=4)
	  Index Cond: ((id >= 4812147) AND (id <= 4812247))

table 6 : explain SELECT id FROM sbtest6 WHERE id BETWEEN 4812147 AND 4812247
	Index Only Scan using sbtest6_pkey on sbtest6  (cost=0.43..6.40 rows=98 width=4)
	  Index Cond: ((id >= 4812147) AND (id <= 4812247))

table 7 : explain SELECT id FROM sbtest7 WHERE id BETWEEN 4812147 AND 4812247
	Index Only Scan using sbtest7_pkey on sbtest7  (cost=0.43..10.56 rows=106 width=4)
	  Index Cond: ((id >= 4812147) AND (id <= 4812247))

table 8 : explain SELECT id FROM sbtest8 WHERE id BETWEEN 4812147 AND 4812247
	Index Only Scan using sbtest8_pkey on sbtest8  (cost=0.43..6.45 rows=101 width=4)
	  Index Cond: ((id >= 4812147) AND (id <= 4812247))

for range-covered
table 1 : explain SELECT id FROM sbtest1 WHERE id BETWEEN 4827709 AND 4827809
	Index Only Scan using sbtest1_pkey on sbtest1  (cost=0.43..6.37 rows=97 width=4)
	  Index Cond: ((id >= 4827709) AND (id <= 4827809))

table 2 : explain SELECT id FROM sbtest2 WHERE id BETWEEN 4827709 AND 4827809
	Index Only Scan using sbtest2_pkey on sbtest2  (cost=0.43..6.42 rows=99 width=4)
	  Index Cond: ((id >= 4827709) AND (id <= 4827809))

table 3 : explain SELECT id FROM sbtest3 WHERE id BETWEEN 4827709 AND 4827809
	Index Only Scan using sbtest3_pkey on sbtest3  (cost=0.43..6.50 rows=103 width=4)
	  Index Cond: ((id >= 4827709) AND (id <= 4827809))

table 4 : explain SELECT id FROM sbtest4 WHERE id BETWEEN 4827709 AND 4827809
	Index Only Scan using sbtest4_pkey on sbtest4  (cost=0.43..6.59 rows=108 width=4)
	  Index Cond: ((id >= 4827709) AND (id <= 4827809))

table 5 : explain SELECT id FROM sbtest5 WHERE id BETWEEN 4827709 AND 4827809
	Index Only Scan using sbtest5_pkey on sbtest5  (cost=0.43..6.37 rows=97 width=4)
	  Index Cond: ((id >= 4827709) AND (id <= 4827809))

table 6 : explain SELECT id FROM sbtest6 WHERE id BETWEEN 4827709 AND 4827809
	Index Only Scan using sbtest6_pkey on sbtest6  (cost=0.43..6.40 rows=98 width=4)
	  Index Cond: ((id >= 4827709) AND (id <= 4827809))

table 7 : explain SELECT id FROM sbtest7 WHERE id BETWEEN 4827709 AND 4827809
	Index Only Scan using sbtest7_pkey on sbtest7  (cost=0.43..10.56 rows=106 width=4)
	  Index Cond: ((id >= 4827709) AND (id <= 4827809))

table 8 : explain SELECT id FROM sbtest8 WHERE id BETWEEN 4827709 AND 4827809
	Index Only Scan using sbtest8_pkey on sbtest8  (cost=0.43..6.47 rows=102 width=4)
	  Index Cond: ((id >= 4827709) AND (id <= 4827809))

explain: for range-covered :: explain SELECT id FROM sbtest%d WHERE id BETWEEN 4812147 AND 4812247
explain: for range-covered :: explain SELECT id FROM sbtest%d WHERE id BETWEEN 4827709 AND 4827809
for range-covered
table 1 : explain SELECT id FROM sbtest1 WHERE id BETWEEN 8106988 AND 8107088
	Index Only Scan using sbtest1_pkey on sbtest1  (cost=0.43..6.37 rows=97 width=4)
	  Index Cond: ((id >= 8106988) AND (id <= 8107088))

table 2 : explain SELECT id FROM sbtest2 WHERE id BETWEEN 8106988 AND 8107088
	Index Only Scan using sbtest2_pkey on sbtest2  (cost=0.43..6.32 rows=94 width=4)
	  Index Cond: ((id >= 8106988) AND (id <= 8107088))

table 3 : explain SELECT id FROM sbtest3 WHERE id BETWEEN 8106988 AND 8107088
	Index Only Scan using sbtest3_pkey on sbtest3  (cost=0.43..6.43 rows=100 width=4)
	  Index Cond: ((id >= 8106988) AND (id <= 8107088))

table 4 : explain SELECT id FROM sbtest4 WHERE id BETWEEN 8106988 AND 8107088
	Index Only Scan using sbtest4_pkey on sbtest4  (cost=0.43..6.37 rows=97 width=4)
	  Index Cond: ((id >= 8106988) AND (id <= 8107088))

table 5 : explain SELECT id FROM sbtest5 WHERE id BETWEEN 8106988 AND 8107088
	Index Only Scan using sbtest5_pkey on sbtest5  (cost=0.43..6.50 rows=103 width=4)
	  Index Cond: ((id >= 8106988) AND (id <= 8107088))

table 6 : explain SELECT id FROM sbtest6 WHERE id BETWEEN 8106988 AND 8107088
	Index Only Scan using sbtest6_pkey on sbtest6  (cost=0.43..6.43 rows=100 width=4)
	  Index Cond: ((id >= 8106988) AND (id <= 8107088))

table 7 : explain SELECT id FROM sbtest7 WHERE id BETWEEN 8106988 AND 8107088
	Index Only Scan using sbtest7_pkey on sbtest7  (cost=0.43..10.38 rows=97 width=4)
	  Index Cond: ((id >= 8106988) AND (id <= 8107088))

table 8 : explain SELECT id FROM sbtest8 WHERE id BETWEEN 8106988 AND 8107088
	Index Only Scan using sbtest8_pkey on sbtest8  (cost=0.43..6.47 rows=102 width=4)
	  Index Cond: ((id >= 8106988) AND (id <= 8107088))

explain: for range-covered :: explain SELECT id FROM sbtest%d WHERE id BETWEEN 8106988 AND 8107088
for range-covered
table 1 : explain SELECT id FROM sbtest1 WHERE id BETWEEN 6700629 AND 6700729
	Index Only Scan using sbtest1_pkey on sbtest1  (cost=0.43..6.37 rows=97 width=4)
	  Index Cond: ((id >= 6700629) AND (id <= 6700729))

table 2 : explain SELECT id FROM sbtest2 WHERE id BETWEEN 6700629 AND 6700729
	Index Only Scan using sbtest2_pkey on sbtest2  (cost=0.43..6.25 rows=91 width=4)
	  Index Cond: ((id >= 6700629) AND (id <= 6700729))

table 3 : explain SELECT id FROM sbtest3 WHERE id BETWEEN 6700629 AND 6700729
	Index Only Scan using sbtest3_pkey on sbtest3  (cost=0.43..6.67 rows=112 width=4)
	  Index Cond: ((id >= 6700629) AND (id <= 6700729))

table 4 : explain SELECT id FROM sbtest4 WHERE id BETWEEN 6700629 AND 6700729
	Index Only Scan using sbtest4_pkey on sbtest4  (cost=0.43..6.24 rows=90 width=4)
	  Index Cond: ((id >= 6700629) AND (id <= 6700729))

table 5 : explain SELECT id FROM sbtest5 WHERE id BETWEEN 6700629 AND 6700729
	Index Only Scan using sbtest5_pkey on sbtest5  (cost=0.43..6.43 rows=100 width=4)
	  Index Cond: ((id >= 6700629) AND (id <= 6700729))

table 6 : explain SELECT id FROM sbtest6 WHERE id BETWEEN 6700629 AND 6700729
	Index Only Scan using sbtest6_pkey on sbtest6  (cost=0.43..6.32 rows=94 width=4)
	  Index Cond: ((id >= 6700629) AND (id <= 6700729))

table 7 : explain SELECT id FROM sbtest7 WHERE id BETWEEN 6700629 AND 6700729
	Index Only Scan using sbtest7_pkey on sbtest7  (cost=0.43..10.40 rows=98 width=4)
	  Index Cond: ((id >= 6700629) AND (id <= 6700729))

table 8 : explain SELECT id FROM sbtest8 WHERE id BETWEEN 6700629 AND 6700729
	Index Only Scan using sbtest8_pkey on sbtest8  (cost=0.43..6.58 rows=107 width=4)
	  Index Cond: ((id >= 6700629) AND (id <= 6700729))

for range-covered
table 1 : explain SELECT id FROM sbtest1 WHERE id BETWEEN 5668285 AND 5668385
	Index Only Scan using sbtest1_pkey on sbtest1  (cost=0.43..6.45 rows=101 width=4)
	  Index Cond: ((id >= 5668285) AND (id <= 5668385))

table 2 : explain SELECT id FROM sbtest2 WHERE id BETWEEN 5668285 AND 5668385
	Index Only Scan using sbtest2_pkey on sbtest2  (cost=0.43..6.43 rows=100 width=4)
	  Index Cond: ((id >= 5668285) AND (id <= 5668385))

table 3 : explain SELECT id FROM sbtest3 WHERE id BETWEEN 5668285 AND 5668385
	Index Only Scan using sbtest3_pkey on sbtest3  (cost=0.43..6.45 rows=101 width=4)
	  Index Cond: ((id >= 5668285) AND (id <= 5668385))

table 4 : explain SELECT id FROM sbtest4 WHERE id BETWEEN 5668285 AND 5668385
	Index Only Scan using sbtest4_pkey on sbtest4  (cost=0.43..6.43 rows=100 width=4)
	  Index Cond: ((id >= 5668285) AND (id <= 5668385))

table 5 : explain SELECT id FROM sbtest5 WHERE id BETWEEN 5668285 AND 5668385
	Index Only Scan using sbtest5_pkey on sbtest5  (cost=0.43..6.47 rows=102 width=4)
	  Index Cond: ((id >= 5668285) AND (id <= 5668385))

table 6 : explain SELECT id FROM sbtest6 WHERE id BETWEEN 5668285 AND 5668385
	Index Only Scan using sbtest6_pkey on sbtest6  (cost=0.43..6.27 rows=92 width=4)
	  Index Cond: ((id >= 5668285) AND (id <= 5668385))

table 7 : explain SELECT id FROM sbtest7 WHERE id BETWEEN 5668285 AND 5668385
	Index Only Scan using sbtest7_pkey on sbtest7  (cost=0.43..10.70 rows=113 width=4)
	  Index Cond: ((id >= 5668285) AND (id <= 5668385))

table 8 : explain SELECT id FROM sbtest8 WHERE id BETWEEN 5668285 AND 5668385
	Index Only Scan using sbtest8_pkey on sbtest8  (cost=0.43..6.37 rows=97 width=4)
	  Index Cond: ((id >= 5668285) AND (id <= 5668385))

explain: for range-covered :: explain SELECT id FROM sbtest%d WHERE id BETWEEN 6700629 AND 6700729
explain: for range-covered :: explain SELECT id FROM sbtest%d WHERE id BETWEEN 5668285 AND 5668385
for range-covered
table 1 : explain SELECT id FROM sbtest1 WHERE id BETWEEN 4827709 AND 4827809
	Index Only Scan using sbtest1_pkey on sbtest1  (cost=0.43..6.37 rows=97 width=4)
	  Index Cond: ((id >= 4827709) AND (id <= 4827809))

table 2 : explain SELECT id FROM sbtest2 WHERE id BETWEEN 4827709 AND 4827809
	Index Only Scan using sbtest2_pkey on sbtest2  (cost=0.43..6.42 rows=99 width=4)
	  Index Cond: ((id >= 4827709) AND (id <= 4827809))

table 3 : explain SELECT id FROM sbtest3 WHERE id BETWEEN 4827709 AND 4827809
	Index Only Scan using sbtest3_pkey on sbtest3  (cost=0.43..6.50 rows=103 width=4)
	  Index Cond: ((id >= 4827709) AND (id <= 4827809))

table 4 : explain SELECT id FROM sbtest4 WHERE id BETWEEN 4827709 AND 4827809
	Index Only Scan using sbtest4_pkey on sbtest4  (cost=0.43..6.59 rows=108 width=4)
	  Index Cond: ((id >= 4827709) AND (id <= 4827809))

table 5 : explain SELECT id FROM sbtest5 WHERE id BETWEEN 4827709 AND 4827809
	Index Only Scan using sbtest5_pkey on sbtest5  (cost=0.43..6.37 rows=97 width=4)
	  Index Cond: ((id >= 4827709) AND (id <= 4827809))

table 6 : explain SELECT id FROM sbtest6 WHERE id BETWEEN 4827709 AND 4827809
	Index Only Scan using sbtest6_pkey on sbtest6  (cost=0.43..6.40 rows=98 width=4)
	  Index Cond: ((id >= 4827709) AND (id <= 4827809))

table 7 : explain SELECT id FROM sbtest7 WHERE id BETWEEN 4827709 AND 4827809
	Index Only Scan using sbtest7_pkey on sbtest7  (cost=0.43..10.56 rows=106 width=4)
	  Index Cond: ((id >= 4827709) AND (id <= 4827809))

table 8 : explain SELECT id FROM sbtest8 WHERE id BETWEEN 4827709 AND 4827809
	Index Only Scan using sbtest8_pkey on sbtest8  (cost=0.43..6.47 rows=102 width=4)
	  Index Cond: ((id >= 4827709) AND (id <= 4827809))

explain: for range-covered :: explain SELECT id FROM sbtest%d WHERE id BETWEEN 4827709 AND 4827809
for range-covered
table 1 : explain SELECT id FROM sbtest1 WHERE id BETWEEN 4812147 AND 4812247
	Index Only Scan using sbtest1_pkey on sbtest1  (cost=0.43..6.37 rows=97 width=4)
	  Index Cond: ((id >= 4812147) AND (id <= 4812247))

table 2 : explain SELECT id FROM sbtest2 WHERE id BETWEEN 4812147 AND 4812247
	Index Only Scan using sbtest2_pkey on sbtest2  (cost=0.43..6.42 rows=99 width=4)
	  Index Cond: ((id >= 4812147) AND (id <= 4812247))

table 3 : explain SELECT id FROM sbtest3 WHERE id BETWEEN 4812147 AND 4812247
	Index Only Scan using sbtest3_pkey on sbtest3  (cost=0.43..6.50 rows=103 width=4)
	  Index Cond: ((id >= 4812147) AND (id <= 4812247))

table 4 : explain SELECT id FROM sbtest4 WHERE id BETWEEN 4812147 AND 4812247
	Index Only Scan using sbtest4_pkey on sbtest4  (cost=0.43..6.59 rows=108 width=4)
	  Index Cond: ((id >= 4812147) AND (id <= 4812247))

table 5 : explain SELECT id FROM sbtest5 WHERE id BETWEEN 4812147 AND 4812247
	Index Only Scan using sbtest5_pkey on sbtest5  (cost=0.43..6.37 rows=97 width=4)
	  Index Cond: ((id >= 4812147) AND (id <= 4812247))

table 6 : explain SELECT id FROM sbtest6 WHERE id BETWEEN 4812147 AND 4812247
	Index Only Scan using sbtest6_pkey on sbtest6  (cost=0.43..6.40 rows=98 width=4)
	  Index Cond: ((id >= 4812147) AND (id <= 4812247))

table 7 : explain SELECT id FROM sbtest7 WHERE id BETWEEN 4812147 AND 4812247
	Index Only Scan using sbtest7_pkey on sbtest7  (cost=0.43..10.56 rows=106 width=4)
	  Index Cond: ((id >= 4812147) AND (id <= 4812247))

table 8 : explain SELECT id FROM sbtest8 WHERE id BETWEEN 4812147 AND 4812247
	Index Only Scan using sbtest8_pkey on sbtest8  (cost=0.43..6.45 rows=101 width=4)
	  Index Cond: ((id >= 4812147) AND (id <= 4812247))

explain: for range-covered :: explain SELECT id FROM sbtest%d WHERE id BETWEEN 4812147 AND 4812247
for range-covered
table 1 : explain SELECT id FROM sbtest1 WHERE id BETWEEN 8106988 AND 8107088
	Index Only Scan using sbtest1_pkey on sbtest1  (cost=0.43..6.37 rows=97 width=4)
	  Index Cond: ((id >= 8106988) AND (id <= 8107088))

table 2 : explain SELECT id FROM sbtest2 WHERE id BETWEEN 8106988 AND 8107088
	Index Only Scan using sbtest2_pkey on sbtest2  (cost=0.43..6.32 rows=94 width=4)
	  Index Cond: ((id >= 8106988) AND (id <= 8107088))

table 3 : explain SELECT id FROM sbtest3 WHERE id BETWEEN 8106988 AND 8107088
	Index Only Scan using sbtest3_pkey on sbtest3  (cost=0.43..6.43 rows=100 width=4)
	  Index Cond: ((id >= 8106988) AND (id <= 8107088))

table 4 : explain SELECT id FROM sbtest4 WHERE id BETWEEN 8106988 AND 8107088
	Index Only Scan using sbtest4_pkey on sbtest4  (cost=0.43..6.37 rows=97 width=4)
	  Index Cond: ((id >= 8106988) AND (id <= 8107088))

table 5 : explain SELECT id FROM sbtest5 WHERE id BETWEEN 8106988 AND 8107088
	Index Only Scan using sbtest5_pkey on sbtest5  (cost=0.43..6.50 rows=103 width=4)
	  Index Cond: ((id >= 8106988) AND (id <= 8107088))

table 6 : explain SELECT id FROM sbtest6 WHERE id BETWEEN 8106988 AND 8107088
	Index Only Scan using sbtest6_pkey on sbtest6  (cost=0.43..6.43 rows=100 width=4)
	  Index Cond: ((id >= 8106988) AND (id <= 8107088))

table 7 : explain SELECT id FROM sbtest7 WHERE id BETWEEN 8106988 AND 8107088
	Index Only Scan using sbtest7_pkey on sbtest7  (cost=0.43..10.38 rows=97 width=4)
	  Index Cond: ((id >= 8106988) AND (id <= 8107088))

table 8 : explain SELECT id FROM sbtest8 WHERE id BETWEEN 8106988 AND 8107088
	Index Only Scan using sbtest8_pkey on sbtest8  (cost=0.43..6.47 rows=102 width=4)
	  Index Cond: ((id >= 8106988) AND (id <= 8107088))

for range-covered
table 1 : explain SELECT id FROM sbtest1 WHERE id BETWEEN 4106900 AND 4107000
	Index Only Scan using sbtest1_pkey on sbtest1  (cost=0.43..6.53 rows=105 width=4)
	  Index Cond: ((id >= 4106900) AND (id <= 4107000))

table 2 : explain SELECT id FROM sbtest2 WHERE id BETWEEN 4106900 AND 4107000
	Index Only Scan using sbtest2_pkey on sbtest2  (cost=0.43..6.33 rows=95 width=4)
	  Index Cond: ((id >= 4106900) AND (id <= 4107000))

table 3 : explain SELECT id FROM sbtest3 WHERE id BETWEEN 4106900 AND 4107000
	Index Only Scan using sbtest3_pkey on sbtest3  (cost=0.43..6.50 rows=103 width=4)
	  Index Cond: ((id >= 4106900) AND (id <= 4107000))

table 4 : explain SELECT id FROM sbtest4 WHERE id BETWEEN 4106900 AND 4107000
	Index Only Scan using sbtest4_pkey on sbtest4  (cost=0.43..6.66 rows=111 width=4)
	  Index Cond: ((id >= 4106900) AND (id <= 4107000))

table 5 : explain SELECT id FROM sbtest5 WHERE id BETWEEN 4106900 AND 4107000
	Index Only Scan using sbtest5_pkey on sbtest5  (cost=0.43..6.59 rows=108 width=4)
	  Index Cond: ((id >= 4106900) AND (id <= 4107000))

table 6 : explain SELECT id FROM sbtest6 WHERE id BETWEEN 4106900 AND 4107000
	Index Only Scan using sbtest6_pkey on sbtest6  (cost=0.43..6.47 rows=102 width=4)
	  Index Cond: ((id >= 4106900) AND (id <= 4107000))

table 7 : explain SELECT id FROM sbtest7 WHERE id BETWEEN 4106900 AND 4107000
	Index Only Scan using sbtest7_pkey on sbtest7  (cost=0.43..10.38 rows=97 width=4)
	  Index Cond: ((id >= 4106900) AND (id <= 4107000))

table 8 : explain SELECT id FROM sbtest8 WHERE id BETWEEN 4106900 AND 4107000
	Index Only Scan using sbtest8_pkey on sbtest8  (cost=0.43..6.35 rows=96 width=4)
	  Index Cond: ((id >= 4106900) AND (id <= 4107000))

for range-covered
table 1 : explain SELECT id FROM sbtest1 WHERE id BETWEEN 620251 AND 620351
	Index Only Scan using sbtest1_pkey on sbtest1  (cost=0.43..6.59 rows=108 width=4)
	  Index Cond: ((id >= 620251) AND (id <= 620351))

table 2 : explain SELECT id FROM sbtest2 WHERE id BETWEEN 620251 AND 620351
	Index Only Scan using sbtest2_pkey on sbtest2  (cost=0.43..6.50 rows=103 width=4)
	  Index Cond: ((id >= 620251) AND (id <= 620351))

table 3 : explain SELECT id FROM sbtest3 WHERE id BETWEEN 620251 AND 620351
	Index Only Scan using sbtest3_pkey on sbtest3  (cost=0.43..6.47 rows=102 width=4)
	  Index Cond: ((id >= 620251) AND (id <= 620351))

table 4 : explain SELECT id FROM sbtest4 WHERE id BETWEEN 620251 AND 620351
	Index Only Scan using sbtest4_pkey on sbtest4  (cost=0.43..6.59 rows=108 width=4)
	  Index Cond: ((id >= 620251) AND (id <= 620351))

table 5 : explain SELECT id FROM sbtest5 WHERE id BETWEEN 620251 AND 620351
	Index Only Scan using sbtest5_pkey on sbtest5  (cost=0.43..6.27 rows=92 width=4)
	  Index Cond: ((id >= 620251) AND (id <= 620351))

table 6 : explain SELECT id FROM sbtest6 WHERE id BETWEEN 620251 AND 620351
	Index Only Scan using sbtest6_pkey on sbtest6  (cost=0.43..6.33 rows=95 width=4)
	  Index Cond: ((id >= 620251) AND (id <= 620351))

table 7 : explain SELECT id FROM sbtest7 WHERE id BETWEEN 620251 AND 620351
	Index Only Scan using sbtest7_pkey on sbtest7  (cost=0.43..10.56 rows=106 width=4)
	  Index Cond: ((id >= 620251) AND (id <= 620351))

table 8 : explain SELECT id FROM sbtest8 WHERE id BETWEEN 620251 AND 620351
	Index Only Scan using sbtest8_pkey on sbtest8  (cost=0.43..6.24 rows=90 width=4)
	  Index Cond: ((id >= 620251) AND (id <= 620351))

explain: for range-covered :: explain SELECT id FROM sbtest%d WHERE id BETWEEN 4106900 AND 4107000
explain: for range-covered :: explain SELECT id FROM sbtest%d WHERE id BETWEEN 620251 AND 620351
for range-covered
table 1 : explain SELECT id FROM sbtest1 WHERE id BETWEEN 6700629 AND 6700729
	Index Only Scan using sbtest1_pkey on sbtest1  (cost=0.43..6.37 rows=97 width=4)
	  Index Cond: ((id >= 6700629) AND (id <= 6700729))

table 2 : explain SELECT id FROM sbtest2 WHERE id BETWEEN 6700629 AND 6700729
	Index Only Scan using sbtest2_pkey on sbtest2  (cost=0.43..6.25 rows=91 width=4)
	  Index Cond: ((id >= 6700629) AND (id <= 6700729))

table 3 : explain SELECT id FROM sbtest3 WHERE id BETWEEN 6700629 AND 6700729
	Index Only Scan using sbtest3_pkey on sbtest3  (cost=0.43..6.67 rows=112 width=4)
	  Index Cond: ((id >= 6700629) AND (id <= 6700729))

table 4 : explain SELECT id FROM sbtest4 WHERE id BETWEEN 6700629 AND 6700729
	Index Only Scan using sbtest4_pkey on sbtest4  (cost=0.43..6.24 rows=90 width=4)
	  Index Cond: ((id >= 6700629) AND (id <= 6700729))

table 5 : explain SELECT id FROM sbtest5 WHERE id BETWEEN 6700629 AND 6700729
	Index Only Scan using sbtest5_pkey on sbtest5  (cost=0.43..6.43 rows=100 width=4)
	  Index Cond: ((id >= 6700629) AND (id <= 6700729))

table 6 : explain SELECT id FROM sbtest6 WHERE id BETWEEN 6700629 AND 6700729
	Index Only Scan using sbtest6_pkey on sbtest6  (cost=0.43..6.32 rows=94 width=4)
	  Index Cond: ((id >= 6700629) AND (id <= 6700729))

table 7 : explain SELECT id FROM sbtest7 WHERE id BETWEEN 6700629 AND 6700729
	Index Only Scan using sbtest7_pkey on sbtest7  (cost=0.43..10.40 rows=98 width=4)
	  Index Cond: ((id >= 6700629) AND (id <= 6700729))

table 8 : explain SELECT id FROM sbtest8 WHERE id BETWEEN 6700629 AND 6700729
	Index Only Scan using sbtest8_pkey on sbtest8  (cost=0.43..6.58 rows=107 width=4)
	  Index Cond: ((id >= 6700629) AND (id <= 6700729))

for range-covered
table 1 : explain SELECT id FROM sbtest1 WHERE id BETWEEN 4827709 AND 4827809
	Index Only Scan using sbtest1_pkey on sbtest1  (cost=0.43..6.37 rows=97 width=4)
	  Index Cond: ((id >= 4827709) AND (id <= 4827809))

table 2 : explain SELECT id FROM sbtest2 WHERE id BETWEEN 4827709 AND 4827809
	Index Only Scan using sbtest2_pkey on sbtest2  (cost=0.43..6.42 rows=99 width=4)
	  Index Cond: ((id >= 4827709) AND (id <= 4827809))

table 3 : explain SELECT id FROM sbtest3 WHERE id BETWEEN 4827709 AND 4827809
	Index Only Scan using sbtest3_pkey on sbtest3  (cost=0.43..6.50 rows=103 width=4)
	  Index Cond: ((id >= 4827709) AND (id <= 4827809))

table 4 : explain SELECT id FROM sbtest4 WHERE id BETWEEN 4827709 AND 4827809
	Index Only Scan using sbtest4_pkey on sbtest4  (cost=0.43..6.59 rows=108 width=4)
	  Index Cond: ((id >= 4827709) AND (id <= 4827809))

table 5 : explain SELECT id FROM sbtest5 WHERE id BETWEEN 4827709 AND 4827809
	Index Only Scan using sbtest5_pkey on sbtest5  (cost=0.43..6.37 rows=97 width=4)
	  Index Cond: ((id >= 4827709) AND (id <= 4827809))

table 6 : explain SELECT id FROM sbtest6 WHERE id BETWEEN 4827709 AND 4827809
	Index Only Scan using sbtest6_pkey on sbtest6  (cost=0.43..6.40 rows=98 width=4)
	  Index Cond: ((id >= 4827709) AND (id <= 4827809))

table 7 : explain SELECT id FROM sbtest7 WHERE id BETWEEN 4827709 AND 4827809
	Index Only Scan using sbtest7_pkey on sbtest7  (cost=0.43..10.56 rows=106 width=4)
	  Index Cond: ((id >= 4827709) AND (id <= 4827809))

table 8 : explain SELECT id FROM sbtest8 WHERE id BETWEEN 4827709 AND 4827809
	Index Only Scan using sbtest8_pkey on sbtest8  (cost=0.43..6.47 rows=102 width=4)
	  Index Cond: ((id >= 4827709) AND (id <= 4827809))

for range-covered
table 1 : explain SELECT id FROM sbtest1 WHERE id BETWEEN 5668285 AND 5668385
	Index Only Scan using sbtest1_pkey on sbtest1  (cost=0.43..6.45 rows=101 width=4)
	  Index Cond: ((id >= 5668285) AND (id <= 5668385))

table 2 : explain SELECT id FROM sbtest2 WHERE id BETWEEN 5668285 AND 5668385
	Index Only Scan using sbtest2_pkey on sbtest2  (cost=0.43..6.43 rows=100 width=4)
	  Index Cond: ((id >= 5668285) AND (id <= 5668385))

table 3 : explain SELECT id FROM sbtest3 WHERE id BETWEEN 5668285 AND 5668385
	Index Only Scan using sbtest3_pkey on sbtest3  (cost=0.43..6.45 rows=101 width=4)
	  Index Cond: ((id >= 5668285) AND (id <= 5668385))

table 4 : explain SELECT id FROM sbtest4 WHERE id BETWEEN 5668285 AND 5668385
	Index Only Scan using sbtest4_pkey on sbtest4  (cost=0.43..6.43 rows=100 width=4)
	  Index Cond: ((id >= 5668285) AND (id <= 5668385))

table 5 : explain SELECT id FROM sbtest5 WHERE id BETWEEN 5668285 AND 5668385
	Index Only Scan using sbtest5_pkey on sbtest5  (cost=0.43..6.47 rows=102 width=4)
	  Index Cond: ((id >= 5668285) AND (id <= 5668385))

table 6 : explain SELECT id FROM sbtest6 WHERE id BETWEEN 5668285 AND 5668385
	Index Only Scan using sbtest6_pkey on sbtest6  (cost=0.43..6.27 rows=92 width=4)
	  Index Cond: ((id >= 5668285) AND (id <= 5668385))

table 7 : explain SELECT id FROM sbtest7 WHERE id BETWEEN 5668285 AND 5668385
	Index Only Scan using sbtest7_pkey on sbtest7  (cost=0.43..10.70 rows=113 width=4)
	  Index Cond: ((id >= 5668285) AND (id <= 5668385))

table 8 : explain SELECT id FROM sbtest8 WHERE id BETWEEN 5668285 AND 5668385
	Index Only Scan using sbtest8_pkey on sbtest8  (cost=0.43..6.37 rows=97 width=4)
	  Index Cond: ((id >= 5668285) AND (id <= 5668385))

explain: for range-covered :: explain SELECT id FROM sbtest%d WHERE id BETWEEN 4827709 AND 4827809
for range-covered
table 1 : explain SELECT id FROM sbtest1 WHERE id BETWEEN 4812147 AND 4812247
	Index Only Scan using sbtest1_pkey on sbtest1  (cost=0.43..6.37 rows=97 width=4)
	  Index Cond: ((id >= 4812147) AND (id <= 4812247))

table 2 : explain SELECT id FROM sbtest2 WHERE id BETWEEN 4812147 AND 4812247
	Index Only Scan using sbtest2_pkey on sbtest2  (cost=0.43..6.42 rows=99 width=4)
	  Index Cond: ((id >= 4812147) AND (id <= 4812247))

table 3 : explain SELECT id FROM sbtest3 WHERE id BETWEEN 4812147 AND 4812247
	Index Only Scan using sbtest3_pkey on sbtest3  (cost=0.43..6.50 rows=103 width=4)
	  Index Cond: ((id >= 4812147) AND (id <= 4812247))

table 4 : explain SELECT id FROM sbtest4 WHERE id BETWEEN 4812147 AND 4812247
	Index Only Scan using sbtest4_pkey on sbtest4  (cost=0.43..6.59 rows=108 width=4)
	  Index Cond: ((id >= 4812147) AND (id <= 4812247))

table 5 : explain SELECT id FROM sbtest5 WHERE id BETWEEN 4812147 AND 4812247
	Index Only Scan using sbtest5_pkey on sbtest5  (cost=0.43..6.37 rows=97 width=4)
	  Index Cond: ((id >= 4812147) AND (id <= 4812247))

table 6 : explain SELECT id FROM sbtest6 WHERE id BETWEEN 4812147 AND 4812247
	Index Only Scan using sbtest6_pkey on sbtest6  (cost=0.43..6.40 rows=98 width=4)
	  Index Cond: ((id >= 4812147) AND (id <= 4812247))

table 7 : explain SELECT id FROM sbtest7 WHERE id BETWEEN 4812147 AND 4812247
	Index Only Scan using sbtest7_pkey on sbtest7  (cost=0.43..10.56 rows=106 width=4)
	  Index Cond: ((id >= 4812147) AND (id <= 4812247))

table 8 : explain SELECT id FROM sbtest8 WHERE id BETWEEN 4812147 AND 4812247
	Index Only Scan using sbtest8_pkey on sbtest8  (cost=0.43..6.45 rows=101 width=4)
	  Index Cond: ((id >= 4812147) AND (id <= 4812247))

explain: for range-covered :: explain SELECT id FROM sbtest%d WHERE id BETWEEN 5668285 AND 5668385
explain: for range-covered :: explain SELECT id FROM sbtest%d WHERE id BETWEEN 4812147 AND 4812247
for range-covered
table 1 : explain SELECT id FROM sbtest1 WHERE id BETWEEN 6835918 AND 6836018
	Index Only Scan using sbtest1_pkey on sbtest1  (cost=0.43..6.43 rows=100 width=4)
	  Index Cond: ((id >= 6835918) AND (id <= 6836018))

table 2 : explain SELECT id FROM sbtest2 WHERE id BETWEEN 6835918 AND 6836018
	Index Only Scan using sbtest2_pkey on sbtest2  (cost=0.43..6.32 rows=94 width=4)
	  Index Cond: ((id >= 6835918) AND (id <= 6836018))

table 3 : explain SELECT id FROM sbtest3 WHERE id BETWEEN 6835918 AND 6836018
	Index Only Scan using sbtest3_pkey on sbtest3  (cost=0.43..6.42 rows=99 width=4)
	  Index Cond: ((id >= 6835918) AND (id <= 6836018))

table 4 : explain SELECT id FROM sbtest4 WHERE id BETWEEN 6835918 AND 6836018
	Index Only Scan using sbtest4_pkey on sbtest4  (cost=0.43..6.43 rows=100 width=4)
	  Index Cond: ((id >= 6835918) AND (id <= 6836018))

table 5 : explain SELECT id FROM sbtest5 WHERE id BETWEEN 6835918 AND 6836018
	Index Only Scan using sbtest5_pkey on sbtest5  (cost=0.43..6.63 rows=110 width=4)
	  Index Cond: ((id >= 6835918) AND (id <= 6836018))

table 6 : explain SELECT id FROM sbtest6 WHERE id BETWEEN 6835918 AND 6836018
	Index Only Scan using sbtest6_pkey on sbtest6  (cost=0.43..6.33 rows=95 width=4)
	  Index Cond: ((id >= 6835918) AND (id <= 6836018))

table 7 : explain SELECT id FROM sbtest7 WHERE id BETWEEN 6835918 AND 6836018
	Index Only Scan using sbtest7_pkey on sbtest7  (cost=0.43..10.42 rows=99 width=4)
	  Index Cond: ((id >= 6835918) AND (id <= 6836018))

table 8 : explain SELECT id FROM sbtest8 WHERE id BETWEEN 6835918 AND 6836018
	Index Only Scan using sbtest8_pkey on sbtest8  (cost=0.43..6.24 rows=90 width=4)
	  Index Cond: ((id >= 6835918) AND (id <= 6836018))

explain: for range-covered :: explain SELECT id FROM sbtest%d WHERE id BETWEEN 6835918 AND 6836018
for range-covered
table 1 : explain SELECT id FROM sbtest1 WHERE id BETWEEN 5668285 AND 5668385
	Index Only Scan using sbtest1_pkey on sbtest1  (cost=0.43..6.45 rows=101 width=4)
	  Index Cond: ((id >= 5668285) AND (id <= 5668385))

table 2 : explain SELECT id FROM sbtest2 WHERE id BETWEEN 5668285 AND 5668385
	Index Only Scan using sbtest2_pkey on sbtest2  (cost=0.43..6.43 rows=100 width=4)
	  Index Cond: ((id >= 5668285) AND (id <= 5668385))

table 3 : explain SELECT id FROM sbtest3 WHERE id BETWEEN 5668285 AND 5668385
	Index Only Scan using sbtest3_pkey on sbtest3  (cost=0.43..6.45 rows=101 width=4)
	  Index Cond: ((id >= 5668285) AND (id <= 5668385))

table 4 : explain SELECT id FROM sbtest4 WHERE id BETWEEN 5668285 AND 5668385
	Index Only Scan using sbtest4_pkey on sbtest4  (cost=0.43..6.43 rows=100 width=4)
	  Index Cond: ((id >= 5668285) AND (id <= 5668385))

table 5 : explain SELECT id FROM sbtest5 WHERE id BETWEEN 5668285 AND 5668385
	Index Only Scan using sbtest5_pkey on sbtest5  (cost=0.43..6.47 rows=102 width=4)
	  Index Cond: ((id >= 5668285) AND (id <= 5668385))

table 6 : explain SELECT id FROM sbtest6 WHERE id BETWEEN 5668285 AND 5668385
	Index Only Scan using sbtest6_pkey on sbtest6  (cost=0.43..6.27 rows=92 width=4)
	  Index Cond: ((id >= 5668285) AND (id <= 5668385))

table 7 : explain SELECT id FROM sbtest7 WHERE id BETWEEN 5668285 AND 5668385
	Index Only Scan using sbtest7_pkey on sbtest7  (cost=0.43..10.70 rows=113 width=4)
	  Index Cond: ((id >= 5668285) AND (id <= 5668385))

table 8 : explain SELECT id FROM sbtest8 WHERE id BETWEEN 5668285 AND 5668385
	Index Only Scan using sbtest8_pkey on sbtest8  (cost=0.43..6.37 rows=97 width=4)
	  Index Cond: ((id >= 5668285) AND (id <= 5668385))

for range-covered
table 1 : explain SELECT id FROM sbtest1 WHERE id BETWEEN 4827709 AND 4827809
	Index Only Scan using sbtest1_pkey on sbtest1  (cost=0.43..6.37 rows=97 width=4)
	  Index Cond: ((id >= 4827709) AND (id <= 4827809))

table 2 : explain SELECT id FROM sbtest2 WHERE id BETWEEN 4827709 AND 4827809
	Index Only Scan using sbtest2_pkey on sbtest2  (cost=0.43..6.42 rows=99 width=4)
	  Index Cond: ((id >= 4827709) AND (id <= 4827809))

table 3 : explain SELECT id FROM sbtest3 WHERE id BETWEEN 4827709 AND 4827809
	Index Only Scan using sbtest3_pkey on sbtest3  (cost=0.43..6.50 rows=103 width=4)
	  Index Cond: ((id >= 4827709) AND (id <= 4827809))

table 4 : explain SELECT id FROM sbtest4 WHERE id BETWEEN 4827709 AND 4827809
	Index Only Scan using sbtest4_pkey on sbtest4  (cost=0.43..6.59 rows=108 width=4)
	  Index Cond: ((id >= 4827709) AND (id <= 4827809))

table 5 : explain SELECT id FROM sbtest5 WHERE id BETWEEN 4827709 AND 4827809
	Index Only Scan using sbtest5_pkey on sbtest5  (cost=0.43..6.37 rows=97 width=4)
	  Index Cond: ((id >= 4827709) AND (id <= 4827809))

table 6 : explain SELECT id FROM sbtest6 WHERE id BETWEEN 4827709 AND 4827809
	Index Only Scan using sbtest6_pkey on sbtest6  (cost=0.43..6.40 rows=98 width=4)
	  Index Cond: ((id >= 4827709) AND (id <= 4827809))

table 7 : explain SELECT id FROM sbtest7 WHERE id BETWEEN 4827709 AND 4827809
	Index Only Scan using sbtest7_pkey on sbtest7  (cost=0.43..10.56 rows=106 width=4)
	  Index Cond: ((id >= 4827709) AND (id <= 4827809))

table 8 : explain SELECT id FROM sbtest8 WHERE id BETWEEN 4827709 AND 4827809
	Index Only Scan using sbtest8_pkey on sbtest8  (cost=0.43..6.47 rows=102 width=4)
	  Index Cond: ((id >= 4827709) AND (id <= 4827809))

for range-covered
table 1 : explain SELECT id FROM sbtest1 WHERE id BETWEEN 4812147 AND 4812247
	Index Only Scan using sbtest1_pkey on sbtest1  (cost=0.43..6.37 rows=97 width=4)
	  Index Cond: ((id >= 4812147) AND (id <= 4812247))

table 2 : explain SELECT id FROM sbtest2 WHERE id BETWEEN 4812147 AND 4812247
	Index Only Scan using sbtest2_pkey on sbtest2  (cost=0.43..6.42 rows=99 width=4)
	  Index Cond: ((id >= 4812147) AND (id <= 4812247))

table 3 : explain SELECT id FROM sbtest3 WHERE id BETWEEN 4812147 AND 4812247
	Index Only Scan using sbtest3_pkey on sbtest3  (cost=0.43..6.50 rows=103 width=4)
	  Index Cond: ((id >= 4812147) AND (id <= 4812247))

table 4 : explain SELECT id FROM sbtest4 WHERE id BETWEEN 4812147 AND 4812247
	Index Only Scan using sbtest4_pkey on sbtest4  (cost=0.43..6.59 rows=108 width=4)
	  Index Cond: ((id >= 4812147) AND (id <= 4812247))

table 5 : explain SELECT id FROM sbtest5 WHERE id BETWEEN 4812147 AND 4812247
	Index Only Scan using sbtest5_pkey on sbtest5  (cost=0.43..6.37 rows=97 width=4)
	  Index Cond: ((id >= 4812147) AND (id <= 4812247))

table 6 : explain SELECT id FROM sbtest6 WHERE id BETWEEN 4812147 AND 4812247
	Index Only Scan using sbtest6_pkey on sbtest6  (cost=0.43..6.40 rows=98 width=4)
	  Index Cond: ((id >= 4812147) AND (id <= 4812247))

table 7 : explain SELECT id FROM sbtest7 WHERE id BETWEEN 4812147 AND 4812247
	Index Only Scan using sbtest7_pkey on sbtest7  (cost=0.43..10.56 rows=106 width=4)
	  Index Cond: ((id >= 4812147) AND (id <= 4812247))

table 8 : explain SELECT id FROM sbtest8 WHERE id BETWEEN 4812147 AND 4812247
	Index Only Scan using sbtest8_pkey on sbtest8  (cost=0.43..6.45 rows=101 width=4)
	  Index Cond: ((id >= 4812147) AND (id <= 4812247))

explain: for range-covered :: explain SELECT id FROM sbtest%d WHERE id BETWEEN 5668285 AND 5668385
explain: for range-covered :: explain SELECT id FROM sbtest%d WHERE id BETWEEN 4827709 AND 4827809
explain: for range-covered :: explain SELECT id FROM sbtest%d WHERE id BETWEEN 4812147 AND 4812247
for range-covered
table 1 : explain SELECT id FROM sbtest1 WHERE id BETWEEN 6835918 AND 6836018
	Index Only Scan using sbtest1_pkey on sbtest1  (cost=0.43..6.43 rows=100 width=4)
	  Index Cond: ((id >= 6835918) AND (id <= 6836018))

table 2 : explain SELECT id FROM sbtest2 WHERE id BETWEEN 6835918 AND 6836018
	Index Only Scan using sbtest2_pkey on sbtest2  (cost=0.43..6.32 rows=94 width=4)
	  Index Cond: ((id >= 6835918) AND (id <= 6836018))

table 3 : explain SELECT id FROM sbtest3 WHERE id BETWEEN 6835918 AND 6836018
	Index Only Scan using sbtest3_pkey on sbtest3  (cost=0.43..6.42 rows=99 width=4)
	  Index Cond: ((id >= 6835918) AND (id <= 6836018))

table 4 : explain SELECT id FROM sbtest4 WHERE id BETWEEN 6835918 AND 6836018
	Index Only Scan using sbtest4_pkey on sbtest4  (cost=0.43..6.43 rows=100 width=4)
	  Index Cond: ((id >= 6835918) AND (id <= 6836018))

table 5 : explain SELECT id FROM sbtest5 WHERE id BETWEEN 6835918 AND 6836018
	Index Only Scan using sbtest5_pkey on sbtest5  (cost=0.43..6.63 rows=110 width=4)
	  Index Cond: ((id >= 6835918) AND (id <= 6836018))

table 6 : explain SELECT id FROM sbtest6 WHERE id BETWEEN 6835918 AND 6836018
	Index Only Scan using sbtest6_pkey on sbtest6  (cost=0.43..6.33 rows=95 width=4)
	  Index Cond: ((id >= 6835918) AND (id <= 6836018))

table 7 : explain SELECT id FROM sbtest7 WHERE id BETWEEN 6835918 AND 6836018
	Index Only Scan using sbtest7_pkey on sbtest7  (cost=0.43..10.42 rows=99 width=4)
	  Index Cond: ((id >= 6835918) AND (id <= 6836018))

table 8 : explain SELECT id FROM sbtest8 WHERE id BETWEEN 6835918 AND 6836018
	Index Only Scan using sbtest8_pkey on sbtest8  (cost=0.43..6.24 rows=90 width=4)
	  Index Cond: ((id >= 6835918) AND (id <= 6836018))

explain: for range-covered :: explain SELECT id FROM sbtest%d WHERE id BETWEEN 6835918 AND 6836018
for range-covered
table 1 : explain SELECT id FROM sbtest1 WHERE id BETWEEN 620251 AND 620351
	Index Only Scan using sbtest1_pkey on sbtest1  (cost=0.43..6.59 rows=108 width=4)
	  Index Cond: ((id >= 620251) AND (id <= 620351))

table 2 : explain SELECT id FROM sbtest2 WHERE id BETWEEN 620251 AND 620351
	Index Only Scan using sbtest2_pkey on sbtest2  (cost=0.43..6.50 rows=103 width=4)
	  Index Cond: ((id >= 620251) AND (id <= 620351))

table 3 : explain SELECT id FROM sbtest3 WHERE id BETWEEN 620251 AND 620351
	Index Only Scan using sbtest3_pkey on sbtest3  (cost=0.43..6.47 rows=102 width=4)
	  Index Cond: ((id >= 620251) AND (id <= 620351))

table 4 : explain SELECT id FROM sbtest4 WHERE id BETWEEN 620251 AND 620351
	Index Only Scan using sbtest4_pkey on sbtest4  (cost=0.43..6.59 rows=108 width=4)
	  Index Cond: ((id >= 620251) AND (id <= 620351))

table 5 : explain SELECT id FROM sbtest5 WHERE id BETWEEN 620251 AND 620351
	Index Only Scan using sbtest5_pkey on sbtest5  (cost=0.43..6.27 rows=92 width=4)
	  Index Cond: ((id >= 620251) AND (id <= 620351))

table 6 : explain SELECT id FROM sbtest6 WHERE id BETWEEN 620251 AND 620351
	Index Only Scan using sbtest6_pkey on sbtest6  (cost=0.43..6.33 rows=95 width=4)
	  Index Cond: ((id >= 620251) AND (id <= 620351))

table 7 : explain SELECT id FROM sbtest7 WHERE id BETWEEN 620251 AND 620351
	Index Only Scan using sbtest7_pkey on sbtest7  (cost=0.43..10.56 rows=106 width=4)
	  Index Cond: ((id >= 620251) AND (id <= 620351))

table 8 : explain SELECT id FROM sbtest8 WHERE id BETWEEN 620251 AND 620351
	Index Only Scan using sbtest8_pkey on sbtest8  (cost=0.43..6.24 rows=90 width=4)
	  Index Cond: ((id >= 620251) AND (id <= 620351))

for range-covered
table 1 : explain SELECT id FROM sbtest1 WHERE id BETWEEN 4106900 AND 4107000
	Index Only Scan using sbtest1_pkey on sbtest1  (cost=0.43..6.53 rows=105 width=4)
	  Index Cond: ((id >= 4106900) AND (id <= 4107000))

table 2 : explain SELECT id FROM sbtest2 WHERE id BETWEEN 4106900 AND 4107000
	Index Only Scan using sbtest2_pkey on sbtest2  (cost=0.43..6.33 rows=95 width=4)
	  Index Cond: ((id >= 4106900) AND (id <= 4107000))

table 3 : explain SELECT id FROM sbtest3 WHERE id BETWEEN 4106900 AND 4107000
	Index Only Scan using sbtest3_pkey on sbtest3  (cost=0.43..6.50 rows=103 width=4)
	  Index Cond: ((id >= 4106900) AND (id <= 4107000))

table 4 : explain SELECT id FROM sbtest4 WHERE id BETWEEN 4106900 AND 4107000
	Index Only Scan using sbtest4_pkey on sbtest4  (cost=0.43..6.66 rows=111 width=4)
	  Index Cond: ((id >= 4106900) AND (id <= 4107000))

table 5 : explain SELECT id FROM sbtest5 WHERE id BETWEEN 4106900 AND 4107000
	Index Only Scan using sbtest5_pkey on sbtest5  (cost=0.43..6.59 rows=108 width=4)
	  Index Cond: ((id >= 4106900) AND (id <= 4107000))

table 6 : explain SELECT id FROM sbtest6 WHERE id BETWEEN 4106900 AND 4107000
	Index Only Scan using sbtest6_pkey on sbtest6  (cost=0.43..6.47 rows=102 width=4)
	  Index Cond: ((id >= 4106900) AND (id <= 4107000))

table 7 : explain SELECT id FROM sbtest7 WHERE id BETWEEN 4106900 AND 4107000
	Index Only Scan using sbtest7_pkey on sbtest7  (cost=0.43..10.38 rows=97 width=4)
	  Index Cond: ((id >= 4106900) AND (id <= 4107000))

table 8 : explain SELECT id FROM sbtest8 WHERE id BETWEEN 4106900 AND 4107000
	Index Only Scan using sbtest8_pkey on sbtest8  (cost=0.43..6.35 rows=96 width=4)
	  Index Cond: ((id >= 4106900) AND (id <= 4107000))

explain: for range-covered :: explain SELECT id FROM sbtest%d WHERE id BETWEEN 620251 AND 620351
explain: for range-covered :: explain SELECT id FROM sbtest%d WHERE id BETWEEN 4106900 AND 4107000
for range-covered
table 1 : explain SELECT id FROM sbtest1 WHERE id BETWEEN 5668285 AND 5668385
	Index Only Scan using sbtest1_pkey on sbtest1  (cost=0.43..6.45 rows=101 width=4)
	  Index Cond: ((id >= 5668285) AND (id <= 5668385))

table 2 : explain SELECT id FROM sbtest2 WHERE id BETWEEN 5668285 AND 5668385
	Index Only Scan using sbtest2_pkey on sbtest2  (cost=0.43..6.43 rows=100 width=4)
	  Index Cond: ((id >= 5668285) AND (id <= 5668385))

table 3 : explain SELECT id FROM sbtest3 WHERE id BETWEEN 5668285 AND 5668385
	Index Only Scan using sbtest3_pkey on sbtest3  (cost=0.43..6.45 rows=101 width=4)
	  Index Cond: ((id >= 5668285) AND (id <= 5668385))

table 4 : explain SELECT id FROM sbtest4 WHERE id BETWEEN 5668285 AND 5668385
	Index Only Scan using sbtest4_pkey on sbtest4  (cost=0.43..6.43 rows=100 width=4)
	  Index Cond: ((id >= 5668285) AND (id <= 5668385))

table 5 : explain SELECT id FROM sbtest5 WHERE id BETWEEN 5668285 AND 5668385
	Index Only Scan using sbtest5_pkey on sbtest5  (cost=0.43..6.47 rows=102 width=4)
	  Index Cond: ((id >= 5668285) AND (id <= 5668385))

table 6 : explain SELECT id FROM sbtest6 WHERE id BETWEEN 5668285 AND 5668385
	Index Only Scan using sbtest6_pkey on sbtest6  (cost=0.43..6.27 rows=92 width=4)
	  Index Cond: ((id >= 5668285) AND (id <= 5668385))

table 7 : explain SELECT id FROM sbtest7 WHERE id BETWEEN 5668285 AND 5668385
	Index Only Scan using sbtest7_pkey on sbtest7  (cost=0.43..10.70 rows=113 width=4)
	  Index Cond: ((id >= 5668285) AND (id <= 5668385))

table 8 : explain SELECT id FROM sbtest8 WHERE id BETWEEN 5668285 AND 5668385
	Index Only Scan using sbtest8_pkey on sbtest8  (cost=0.43..6.37 rows=97 width=4)
	  Index Cond: ((id >= 5668285) AND (id <= 5668385))

for range-covered
table 1 : explain SELECT id FROM sbtest1 WHERE id BETWEEN 4827709 AND 4827809
	Index Only Scan using sbtest1_pkey on sbtest1  (cost=0.43..6.37 rows=97 width=4)
	  Index Cond: ((id >= 4827709) AND (id <= 4827809))

table 2 : explain SELECT id FROM sbtest2 WHERE id BETWEEN 4827709 AND 4827809
	Index Only Scan using sbtest2_pkey on sbtest2  (cost=0.43..6.42 rows=99 width=4)
	  Index Cond: ((id >= 4827709) AND (id <= 4827809))

table 3 : explain SELECT id FROM sbtest3 WHERE id BETWEEN 4827709 AND 4827809
	Index Only Scan using sbtest3_pkey on sbtest3  (cost=0.43..6.50 rows=103 width=4)
	  Index Cond: ((id >= 4827709) AND (id <= 4827809))

table 4 : explain SELECT id FROM sbtest4 WHERE id BETWEEN 4827709 AND 4827809
	Index Only Scan using sbtest4_pkey on sbtest4  (cost=0.43..6.59 rows=108 width=4)
	  Index Cond: ((id >= 4827709) AND (id <= 4827809))

table 5 : explain SELECT id FROM sbtest5 WHERE id BETWEEN 4827709 AND 4827809
	Index Only Scan using sbtest5_pkey on sbtest5  (cost=0.43..6.37 rows=97 width=4)
	  Index Cond: ((id >= 4827709) AND (id <= 4827809))

table 6 : explain SELECT id FROM sbtest6 WHERE id BETWEEN 4827709 AND 4827809
	Index Only Scan using sbtest6_pkey on sbtest6  (cost=0.43..6.40 rows=98 width=4)
	  Index Cond: ((id >= 4827709) AND (id <= 4827809))

table 7 : explain SELECT id FROM sbtest7 WHERE id BETWEEN 4827709 AND 4827809
	Index Only Scan using sbtest7_pkey on sbtest7  (cost=0.43..10.56 rows=106 width=4)
	  Index Cond: ((id >= 4827709) AND (id <= 4827809))

table 8 : explain SELECT id FROM sbtest8 WHERE id BETWEEN 4827709 AND 4827809
	Index Only Scan using sbtest8_pkey on sbtest8  (cost=0.43..6.47 rows=102 width=4)
	  Index Cond: ((id >= 4827709) AND (id <= 4827809))

for range-covered
table 1 : explain SELECT id FROM sbtest1 WHERE id BETWEEN 4812147 AND 4812247
	Index Only Scan using sbtest1_pkey on sbtest1  (cost=0.43..6.37 rows=97 width=4)
	  Index Cond: ((id >= 4812147) AND (id <= 4812247))

table 2 : explain SELECT id FROM sbtest2 WHERE id BETWEEN 4812147 AND 4812247
	Index Only Scan using sbtest2_pkey on sbtest2  (cost=0.43..6.42 rows=99 width=4)
	  Index Cond: ((id >= 4812147) AND (id <= 4812247))

table 3 : explain SELECT id FROM sbtest3 WHERE id BETWEEN 4812147 AND 4812247
	Index Only Scan using sbtest3_pkey on sbtest3  (cost=0.43..6.50 rows=103 width=4)
	  Index Cond: ((id >= 4812147) AND (id <= 4812247))

table 4 : explain SELECT id FROM sbtest4 WHERE id BETWEEN 4812147 AND 4812247
	Index Only Scan using sbtest4_pkey on sbtest4  (cost=0.43..6.59 rows=108 width=4)
	  Index Cond: ((id >= 4812147) AND (id <= 4812247))

table 5 : explain SELECT id FROM sbtest5 WHERE id BETWEEN 4812147 AND 4812247
	Index Only Scan using sbtest5_pkey on sbtest5  (cost=0.43..6.37 rows=97 width=4)
	  Index Cond: ((id >= 4812147) AND (id <= 4812247))

table 6 : explain SELECT id FROM sbtest6 WHERE id BETWEEN 4812147 AND 4812247
	Index Only Scan using sbtest6_pkey on sbtest6  (cost=0.43..6.40 rows=98 width=4)
	  Index Cond: ((id >= 4812147) AND (id <= 4812247))

table 7 : explain SELECT id FROM sbtest7 WHERE id BETWEEN 4812147 AND 4812247
	Index Only Scan using sbtest7_pkey on sbtest7  (cost=0.43..10.56 rows=106 width=4)
	  Index Cond: ((id >= 4812147) AND (id <= 4812247))

table 8 : explain SELECT id FROM sbtest8 WHERE id BETWEEN 4812147 AND 4812247
	Index Only Scan using sbtest8_pkey on sbtest8  (cost=0.43..6.45 rows=101 width=4)
	  Index Cond: ((id >= 4812147) AND (id <= 4812247))

explain: for range-covered :: explain SELECT id FROM sbtest%d WHERE id BETWEEN 5668285 AND 5668385
explain: for range-covered :: explain SELECT id FROM sbtest%d WHERE id BETWEEN 4827709 AND 4827809
explain: for range-covered :: explain SELECT id FROM sbtest%d WHERE id BETWEEN 4812147 AND 4812247
for range-covered
table 1 : explain SELECT id FROM sbtest1 WHERE id BETWEEN 6835918 AND 6836018
	Index Only Scan using sbtest1_pkey on sbtest1  (cost=0.43..6.43 rows=100 width=4)
	  Index Cond: ((id >= 6835918) AND (id <= 6836018))

table 2 : explain SELECT id FROM sbtest2 WHERE id BETWEEN 6835918 AND 6836018
	Index Only Scan using sbtest2_pkey on sbtest2  (cost=0.43..6.32 rows=94 width=4)
	  Index Cond: ((id >= 6835918) AND (id <= 6836018))

table 3 : explain SELECT id FROM sbtest3 WHERE id BETWEEN 6835918 AND 6836018
	Index Only Scan using sbtest3_pkey on sbtest3  (cost=0.43..6.42 rows=99 width=4)
	  Index Cond: ((id >= 6835918) AND (id <= 6836018))

table 4 : explain SELECT id FROM sbtest4 WHERE id BETWEEN 6835918 AND 6836018
	Index Only Scan using sbtest4_pkey on sbtest4  (cost=0.43..6.43 rows=100 width=4)
	  Index Cond: ((id >= 6835918) AND (id <= 6836018))

table 5 : explain SELECT id FROM sbtest5 WHERE id BETWEEN 6835918 AND 6836018
	Index Only Scan using sbtest5_pkey on sbtest5  (cost=0.43..6.63 rows=110 width=4)
	  Index Cond: ((id >= 6835918) AND (id <= 6836018))

table 6 : explain SELECT id FROM sbtest6 WHERE id BETWEEN 6835918 AND 6836018
	Index Only Scan using sbtest6_pkey on sbtest6  (cost=0.43..6.33 rows=95 width=4)
	  Index Cond: ((id >= 6835918) AND (id <= 6836018))

table 7 : explain SELECT id FROM sbtest7 WHERE id BETWEEN 6835918 AND 6836018
	Index Only Scan using sbtest7_pkey on sbtest7  (cost=0.43..10.42 rows=99 width=4)
	  Index Cond: ((id >= 6835918) AND (id <= 6836018))

table 8 : explain SELECT id FROM sbtest8 WHERE id BETWEEN 6835918 AND 6836018
	Index Only Scan using sbtest8_pkey on sbtest8  (cost=0.43..6.24 rows=90 width=4)
	  Index Cond: ((id >= 6835918) AND (id <= 6836018))

for range-covered
table 1 : explain SELECT id FROM sbtest1 WHERE id BETWEEN 5668285 AND 5668385
	Index Only Scan using sbtest1_pkey on sbtest1  (cost=0.43..6.45 rows=101 width=4)
	  Index Cond: ((id >= 5668285) AND (id <= 5668385))

table 2 : explain SELECT id FROM sbtest2 WHERE id BETWEEN 5668285 AND 5668385
	Index Only Scan using sbtest2_pkey on sbtest2  (cost=0.43..6.43 rows=100 width=4)
	  Index Cond: ((id >= 5668285) AND (id <= 5668385))

table 3 : explain SELECT id FROM sbtest3 WHERE id BETWEEN 5668285 AND 5668385
	Index Only Scan using sbtest3_pkey on sbtest3  (cost=0.43..6.45 rows=101 width=4)
	  Index Cond: ((id >= 5668285) AND (id <= 5668385))

table 4 : explain SELECT id FROM sbtest4 WHERE id BETWEEN 5668285 AND 5668385
	Index Only Scan using sbtest4_pkey on sbtest4  (cost=0.43..6.43 rows=100 width=4)
	  Index Cond: ((id >= 5668285) AND (id <= 5668385))

table 5 : explain SELECT id FROM sbtest5 WHERE id BETWEEN 5668285 AND 5668385
	Index Only Scan using sbtest5_pkey on sbtest5  (cost=0.43..6.47 rows=102 width=4)
	  Index Cond: ((id >= 5668285) AND (id <= 5668385))

table 6 : explain SELECT id FROM sbtest6 WHERE id BETWEEN 5668285 AND 5668385
	Index Only Scan using sbtest6_pkey on sbtest6  (cost=0.43..6.27 rows=92 width=4)
	  Index Cond: ((id >= 5668285) AND (id <= 5668385))

table 7 : explain SELECT id FROM sbtest7 WHERE id BETWEEN 5668285 AND 5668385
	Index Only Scan using sbtest7_pkey on sbtest7  (cost=0.43..10.70 rows=113 width=4)
	  Index Cond: ((id >= 5668285) AND (id <= 5668385))

table 8 : explain SELECT id FROM sbtest8 WHERE id BETWEEN 5668285 AND 5668385
	Index Only Scan using sbtest8_pkey on sbtest8  (cost=0.43..6.37 rows=97 width=4)
	  Index Cond: ((id >= 5668285) AND (id <= 5668385))

for range-covered
table 1 : explain SELECT id FROM sbtest1 WHERE id BETWEEN 4827709 AND 4827809
	Index Only Scan using sbtest1_pkey on sbtest1  (cost=0.43..6.37 rows=97 width=4)
	  Index Cond: ((id >= 4827709) AND (id <= 4827809))

table 2 : explain SELECT id FROM sbtest2 WHERE id BETWEEN 4827709 AND 4827809
	Index Only Scan using sbtest2_pkey on sbtest2  (cost=0.43..6.42 rows=99 width=4)
	  Index Cond: ((id >= 4827709) AND (id <= 4827809))

table 3 : explain SELECT id FROM sbtest3 WHERE id BETWEEN 4827709 AND 4827809
	Index Only Scan using sbtest3_pkey on sbtest3  (cost=0.43..6.50 rows=103 width=4)
	  Index Cond: ((id >= 4827709) AND (id <= 4827809))

table 4 : explain SELECT id FROM sbtest4 WHERE id BETWEEN 4827709 AND 4827809
	Index Only Scan using sbtest4_pkey on sbtest4  (cost=0.43..6.59 rows=108 width=4)
	  Index Cond: ((id >= 4827709) AND (id <= 4827809))

table 5 : explain SELECT id FROM sbtest5 WHERE id BETWEEN 4827709 AND 4827809
	Index Only Scan using sbtest5_pkey on sbtest5  (cost=0.43..6.37 rows=97 width=4)
	  Index Cond: ((id >= 4827709) AND (id <= 4827809))

table 6 : explain SELECT id FROM sbtest6 WHERE id BETWEEN 4827709 AND 4827809
	Index Only Scan using sbtest6_pkey on sbtest6  (cost=0.43..6.40 rows=98 width=4)
	  Index Cond: ((id >= 4827709) AND (id <= 4827809))

table 7 : explain SELECT id FROM sbtest7 WHERE id BETWEEN 4827709 AND 4827809
	Index Only Scan using sbtest7_pkey on sbtest7  (cost=0.43..10.56 rows=106 width=4)
	  Index Cond: ((id >= 4827709) AND (id <= 4827809))

table 8 : explain SELECT id FROM sbtest8 WHERE id BETWEEN 4827709 AND 4827809
	Index Only Scan using sbtest8_pkey on sbtest8  (cost=0.43..6.47 rows=102 width=4)
	  Index Cond: ((id >= 4827709) AND (id <= 4827809))

explain: for range-covered :: explain SELECT id FROM sbtest%d WHERE id BETWEEN 3941792 AND 3941892
for range-covered
table 1 : explain SELECT id FROM sbtest1 WHERE id BETWEEN 4812147 AND 4812247
	Index Only Scan using sbtest1_pkey on sbtest1  (cost=0.43..6.37 rows=97 width=4)
	  Index Cond: ((id >= 4812147) AND (id <= 4812247))

table 2 : explain SELECT id FROM sbtest2 WHERE id BETWEEN 4812147 AND 4812247
	Index Only Scan using sbtest2_pkey on sbtest2  (cost=0.43..6.42 rows=99 width=4)
	  Index Cond: ((id >= 4812147) AND (id <= 4812247))

table 3 : explain SELECT id FROM sbtest3 WHERE id BETWEEN 4812147 AND 4812247
	Index Only Scan using sbtest3_pkey on sbtest3  (cost=0.43..6.50 rows=103 width=4)
	  Index Cond: ((id >= 4812147) AND (id <= 4812247))

table 4 : explain SELECT id FROM sbtest4 WHERE id BETWEEN 4812147 AND 4812247
	Index Only Scan using sbtest4_pkey on sbtest4  (cost=0.43..6.59 rows=108 width=4)
	  Index Cond: ((id >= 4812147) AND (id <= 4812247))

table 5 : explain SELECT id FROM sbtest5 WHERE id BETWEEN 4812147 AND 4812247
	Index Only Scan using sbtest5_pkey on sbtest5  (cost=0.43..6.37 rows=97 width=4)
	  Index Cond: ((id >= 4812147) AND (id <= 4812247))

table 6 : explain SELECT id FROM sbtest6 WHERE id BETWEEN 4812147 AND 4812247
	Index Only Scan using sbtest6_pkey on sbtest6  (cost=0.43..6.40 rows=98 width=4)
	  Index Cond: ((id >= 4812147) AND (id <= 4812247))

table 7 : explain SELECT id FROM sbtest7 WHERE id BETWEEN 4812147 AND 4812247
	Index Only Scan using sbtest7_pkey on sbtest7  (cost=0.43..10.56 rows=106 width=4)
	  Index Cond: ((id >= 4812147) AND (id <= 4812247))

table 8 : explain SELECT id FROM sbtest8 WHERE id BETWEEN 4812147 AND 4812247
	Index Only Scan using sbtest8_pkey on sbtest8  (cost=0.43..6.45 rows=101 width=4)
	  Index Cond: ((id >= 4812147) AND (id <= 4812247))

explain: for range-covered :: explain SELECT id FROM sbtest%d WHERE id BETWEEN 5668285 AND 5668385
explain: for range-covered :: explain SELECT id FROM sbtest%d WHERE id BETWEEN 4812147 AND 4812247
for range-covered
table 1 : explain SELECT id FROM sbtest1 WHERE id BETWEEN 4106900 AND 4107000
	Index Only Scan using sbtest1_pkey on sbtest1  (cost=0.43..6.53 rows=105 width=4)
	  Index Cond: ((id >= 4106900) AND (id <= 4107000))

table 2 : explain SELECT id FROM sbtest2 WHERE id BETWEEN 4106900 AND 4107000
	Index Only Scan using sbtest2_pkey on sbtest2  (cost=0.43..6.33 rows=95 width=4)
	  Index Cond: ((id >= 4106900) AND (id <= 4107000))

table 3 : explain SELECT id FROM sbtest3 WHERE id BETWEEN 4106900 AND 4107000
	Index Only Scan using sbtest3_pkey on sbtest3  (cost=0.43..6.50 rows=103 width=4)
	  Index Cond: ((id >= 4106900) AND (id <= 4107000))

table 4 : explain SELECT id FROM sbtest4 WHERE id BETWEEN 4106900 AND 4107000
	Index Only Scan using sbtest4_pkey on sbtest4  (cost=0.43..6.66 rows=111 width=4)
	  Index Cond: ((id >= 4106900) AND (id <= 4107000))

table 5 : explain SELECT id FROM sbtest5 WHERE id BETWEEN 4106900 AND 4107000
	Index Only Scan using sbtest5_pkey on sbtest5  (cost=0.43..6.59 rows=108 width=4)
	  Index Cond: ((id >= 4106900) AND (id <= 4107000))

table 6 : explain SELECT id FROM sbtest6 WHERE id BETWEEN 4106900 AND 4107000
	Index Only Scan using sbtest6_pkey on sbtest6  (cost=0.43..6.47 rows=102 width=4)
	  Index Cond: ((id >= 4106900) AND (id <= 4107000))

table 7 : explain SELECT id FROM sbtest7 WHERE id BETWEEN 4106900 AND 4107000
	Index Only Scan using sbtest7_pkey on sbtest7  (cost=0.43..10.38 rows=97 width=4)
	  Index Cond: ((id >= 4106900) AND (id <= 4107000))

table 8 : explain SELECT id FROM sbtest8 WHERE id BETWEEN 4106900 AND 4107000
	Index Only Scan using sbtest8_pkey on sbtest8  (cost=0.43..6.35 rows=96 width=4)
	  Index Cond: ((id >= 4106900) AND (id <= 4107000))

explain: for range-covered :: explain SELECT id FROM sbtest%d WHERE id BETWEEN 4409221 AND 4409321
for range-covered
table 1 : explain SELECT id FROM sbtest1 WHERE id BETWEEN 620251 AND 620351
	Index Only Scan using sbtest1_pkey on sbtest1  (cost=0.43..6.59 rows=108 width=4)
	  Index Cond: ((id >= 620251) AND (id <= 620351))

table 2 : explain SELECT id FROM sbtest2 WHERE id BETWEEN 620251 AND 620351
	Index Only Scan using sbtest2_pkey on sbtest2  (cost=0.43..6.50 rows=103 width=4)
	  Index Cond: ((id >= 620251) AND (id <= 620351))

table 3 : explain SELECT id FROM sbtest3 WHERE id BETWEEN 620251 AND 620351
	Index Only Scan using sbtest3_pkey on sbtest3  (cost=0.43..6.47 rows=102 width=4)
	  Index Cond: ((id >= 620251) AND (id <= 620351))

table 4 : explain SELECT id FROM sbtest4 WHERE id BETWEEN 620251 AND 620351
	Index Only Scan using sbtest4_pkey on sbtest4  (cost=0.43..6.59 rows=108 width=4)
	  Index Cond: ((id >= 620251) AND (id <= 620351))

table 5 : explain SELECT id FROM sbtest5 WHERE id BETWEEN 620251 AND 620351
	Index Only Scan using sbtest5_pkey on sbtest5  (cost=0.43..6.27 rows=92 width=4)
	  Index Cond: ((id >= 620251) AND (id <= 620351))

table 6 : explain SELECT id FROM sbtest6 WHERE id BETWEEN 620251 AND 620351
	Index Only Scan using sbtest6_pkey on sbtest6  (cost=0.43..6.33 rows=95 width=4)
	  Index Cond: ((id >= 620251) AND (id <= 620351))

table 7 : explain SELECT id FROM sbtest7 WHERE id BETWEEN 620251 AND 620351
	Index Only Scan using sbtest7_pkey on sbtest7  (cost=0.43..10.56 rows=106 width=4)
	  Index Cond: ((id >= 620251) AND (id <= 620351))

table 8 : explain SELECT id FROM sbtest8 WHERE id BETWEEN 620251 AND 620351
	Index Only Scan using sbtest8_pkey on sbtest8  (cost=0.43..6.24 rows=90 width=4)
	  Index Cond: ((id >= 620251) AND (id <= 620351))

explain: for range-covered :: explain SELECT id FROM sbtest%d WHERE id BETWEEN 4106900 AND 4107000
explain: for range-covered :: explain SELECT id FROM sbtest%d WHERE id BETWEEN 620251 AND 620351
explain: for range-covered :: explain SELECT id FROM sbtest%d WHERE id BETWEEN 1877781 AND 1877881
explain: for range-covered :: explain SELECT id FROM sbtest%d WHERE id BETWEEN 4279675 AND 4279775
for range-covered
table 1 : explain SELECT id FROM sbtest1 WHERE id BETWEEN 5668285 AND 5668385
	Index Only Scan using sbtest1_pkey on sbtest1  (cost=0.43..6.45 rows=101 width=4)
	  Index Cond: ((id >= 5668285) AND (id <= 5668385))

table 2 : explain SELECT id FROM sbtest2 WHERE id BETWEEN 5668285 AND 5668385
	Index Only Scan using sbtest2_pkey on sbtest2  (cost=0.43..6.43 rows=100 width=4)
	  Index Cond: ((id >= 5668285) AND (id <= 5668385))

table 3 : explain SELECT id FROM sbtest3 WHERE id BETWEEN 5668285 AND 5668385
	Index Only Scan using sbtest3_pkey on sbtest3  (cost=0.43..6.45 rows=101 width=4)
	  Index Cond: ((id >= 5668285) AND (id <= 5668385))

table 4 : explain SELECT id FROM sbtest4 WHERE id BETWEEN 5668285 AND 5668385
	Index Only Scan using sbtest4_pkey on sbtest4  (cost=0.43..6.43 rows=100 width=4)
	  Index Cond: ((id >= 5668285) AND (id <= 5668385))

table 5 : explain SELECT id FROM sbtest5 WHERE id BETWEEN 5668285 AND 5668385
	Index Only Scan using sbtest5_pkey on sbtest5  (cost=0.43..6.47 rows=102 width=4)
	  Index Cond: ((id >= 5668285) AND (id <= 5668385))

table 6 : explain SELECT id FROM sbtest6 WHERE id BETWEEN 5668285 AND 5668385
	Index Only Scan using sbtest6_pkey on sbtest6  (cost=0.43..6.27 rows=92 width=4)
	  Index Cond: ((id >= 5668285) AND (id <= 5668385))

table 7 : explain SELECT id FROM sbtest7 WHERE id BETWEEN 5668285 AND 5668385
	Index Only Scan using sbtest7_pkey on sbtest7  (cost=0.43..10.70 rows=113 width=4)
	  Index Cond: ((id >= 5668285) AND (id <= 5668385))

table 8 : explain SELECT id FROM sbtest8 WHERE id BETWEEN 5668285 AND 5668385
	Index Only Scan using sbtest8_pkey on sbtest8  (cost=0.43..6.37 rows=97 width=4)
	  Index Cond: ((id >= 5668285) AND (id <= 5668385))

for range-covered
table 1 : explain SELECT id FROM sbtest1 WHERE id BETWEEN 4812147 AND 4812247
	Index Only Scan using sbtest1_pkey on sbtest1  (cost=0.43..6.37 rows=97 width=4)
	  Index Cond: ((id >= 4812147) AND (id <= 4812247))

table 2 : explain SELECT id FROM sbtest2 WHERE id BETWEEN 4812147 AND 4812247
	Index Only Scan using sbtest2_pkey on sbtest2  (cost=0.43..6.42 rows=99 width=4)
	  Index Cond: ((id >= 4812147) AND (id <= 4812247))

table 3 : explain SELECT id FROM sbtest3 WHERE id BETWEEN 4812147 AND 4812247
	Index Only Scan using sbtest3_pkey on sbtest3  (cost=0.43..6.50 rows=103 width=4)
	  Index Cond: ((id >= 4812147) AND (id <= 4812247))

table 4 : explain SELECT id FROM sbtest4 WHERE id BETWEEN 4812147 AND 4812247
	Index Only Scan using sbtest4_pkey on sbtest4  (cost=0.43..6.59 rows=108 width=4)
	  Index Cond: ((id >= 4812147) AND (id <= 4812247))

table 5 : explain SELECT id FROM sbtest5 WHERE id BETWEEN 4812147 AND 4812247
	Index Only Scan using sbtest5_pkey on sbtest5  (cost=0.43..6.37 rows=97 width=4)
	  Index Cond: ((id >= 4812147) AND (id <= 4812247))

table 6 : explain SELECT id FROM sbtest6 WHERE id BETWEEN 4812147 AND 4812247
	Index Only Scan using sbtest6_pkey on sbtest6  (cost=0.43..6.40 rows=98 width=4)
	  Index Cond: ((id >= 4812147) AND (id <= 4812247))

table 7 : explain SELECT id FROM sbtest7 WHERE id BETWEEN 4812147 AND 4812247
	Index Only Scan using sbtest7_pkey on sbtest7  (cost=0.43..10.56 rows=106 width=4)
	  Index Cond: ((id >= 4812147) AND (id <= 4812247))

table 8 : explain SELECT id FROM sbtest8 WHERE id BETWEEN 4812147 AND 4812247
	Index Only Scan using sbtest8_pkey on sbtest8  (cost=0.43..6.45 rows=101 width=4)
	  Index Cond: ((id >= 4812147) AND (id <= 4812247))

explain: for range-covered :: explain SELECT id FROM sbtest%d WHERE id BETWEEN 5668285 AND 5668385
explain: for range-covered :: explain SELECT id FROM sbtest%d WHERE id BETWEEN 4812147 AND 4812247
for range-covered
table 1 : explain SELECT id FROM sbtest1 WHERE id BETWEEN 5668285 AND 5668385
	Index Only Scan using sbtest1_pkey on sbtest1  (cost=0.43..6.45 rows=101 width=4)
	  Index Cond: ((id >= 5668285) AND (id <= 5668385))

table 2 : explain SELECT id FROM sbtest2 WHERE id BETWEEN 5668285 AND 5668385
	Index Only Scan using sbtest2_pkey on sbtest2  (cost=0.43..6.43 rows=100 width=4)
	  Index Cond: ((id >= 5668285) AND (id <= 5668385))

table 3 : explain SELECT id FROM sbtest3 WHERE id BETWEEN 5668285 AND 5668385
	Index Only Scan using sbtest3_pkey on sbtest3  (cost=0.43..6.45 rows=101 width=4)
	  Index Cond: ((id >= 5668285) AND (id <= 5668385))

table 4 : explain SELECT id FROM sbtest4 WHERE id BETWEEN 5668285 AND 5668385
	Index Only Scan using sbtest4_pkey on sbtest4  (cost=0.43..6.43 rows=100 width=4)
	  Index Cond: ((id >= 5668285) AND (id <= 5668385))

table 5 : explain SELECT id FROM sbtest5 WHERE id BETWEEN 5668285 AND 5668385
	Index Only Scan using sbtest5_pkey on sbtest5  (cost=0.43..6.47 rows=102 width=4)
	  Index Cond: ((id >= 5668285) AND (id <= 5668385))

table 6 : explain SELECT id FROM sbtest6 WHERE id BETWEEN 5668285 AND 5668385
	Index Only Scan using sbtest6_pkey on sbtest6  (cost=0.43..6.27 rows=92 width=4)
	  Index Cond: ((id >= 5668285) AND (id <= 5668385))

table 7 : explain SELECT id FROM sbtest7 WHERE id BETWEEN 5668285 AND 5668385
	Index Only Scan using sbtest7_pkey on sbtest7  (cost=0.43..10.70 rows=113 width=4)
	  Index Cond: ((id >= 5668285) AND (id <= 5668385))

table 8 : explain SELECT id FROM sbtest8 WHERE id BETWEEN 5668285 AND 5668385
	Index Only Scan using sbtest8_pkey on sbtest8  (cost=0.43..6.37 rows=97 width=4)
	  Index Cond: ((id >= 5668285) AND (id <= 5668385))

explain: for range-covered :: explain SELECT id FROM sbtest%d WHERE id BETWEEN 5668285 AND 5668385
for range-covered
table 1 : explain SELECT id FROM sbtest1 WHERE id BETWEEN 4812147 AND 4812247
	Index Only Scan using sbtest1_pkey on sbtest1  (cost=0.43..6.37 rows=97 width=4)
	  Index Cond: ((id >= 4812147) AND (id <= 4812247))

table 2 : explain SELECT id FROM sbtest2 WHERE id BETWEEN 4812147 AND 4812247
	Index Only Scan using sbtest2_pkey on sbtest2  (cost=0.43..6.42 rows=99 width=4)
	  Index Cond: ((id >= 4812147) AND (id <= 4812247))

table 3 : explain SELECT id FROM sbtest3 WHERE id BETWEEN 4812147 AND 4812247
	Index Only Scan using sbtest3_pkey on sbtest3  (cost=0.43..6.50 rows=103 width=4)
	  Index Cond: ((id >= 4812147) AND (id <= 4812247))

table 4 : explain SELECT id FROM sbtest4 WHERE id BETWEEN 4812147 AND 4812247
	Index Only Scan using sbtest4_pkey on sbtest4  (cost=0.43..6.59 rows=108 width=4)
	  Index Cond: ((id >= 4812147) AND (id <= 4812247))

table 5 : explain SELECT id FROM sbtest5 WHERE id BETWEEN 4812147 AND 4812247
	Index Only Scan using sbtest5_pkey on sbtest5  (cost=0.43..6.37 rows=97 width=4)
	  Index Cond: ((id >= 4812147) AND (id <= 4812247))

table 6 : explain SELECT id FROM sbtest6 WHERE id BETWEEN 4812147 AND 4812247
	Index Only Scan using sbtest6_pkey on sbtest6  (cost=0.43..6.40 rows=98 width=4)
	  Index Cond: ((id >= 4812147) AND (id <= 4812247))

table 7 : explain SELECT id FROM sbtest7 WHERE id BETWEEN 4812147 AND 4812247
	Index Only Scan using sbtest7_pkey on sbtest7  (cost=0.43..10.56 rows=106 width=4)
	  Index Cond: ((id >= 4812147) AND (id <= 4812247))

table 8 : explain SELECT id FROM sbtest8 WHERE id BETWEEN 4812147 AND 4812247
	Index Only Scan using sbtest8_pkey on sbtest8  (cost=0.43..6.45 rows=101 width=4)
	  Index Cond: ((id >= 4812147) AND (id <= 4812247))

for range-covered
table 1 : explain SELECT id FROM sbtest1 WHERE id BETWEEN 4106900 AND 4107000
	Index Only Scan using sbtest1_pkey on sbtest1  (cost=0.43..6.53 rows=105 width=4)
	  Index Cond: ((id >= 4106900) AND (id <= 4107000))

table 2 : explain SELECT id FROM sbtest2 WHERE id BETWEEN 4106900 AND 4107000
	Index Only Scan using sbtest2_pkey on sbtest2  (cost=0.43..6.33 rows=95 width=4)
	  Index Cond: ((id >= 4106900) AND (id <= 4107000))

table 3 : explain SELECT id FROM sbtest3 WHERE id BETWEEN 4106900 AND 4107000
	Index Only Scan using sbtest3_pkey on sbtest3  (cost=0.43..6.50 rows=103 width=4)
	  Index Cond: ((id >= 4106900) AND (id <= 4107000))

table 4 : explain SELECT id FROM sbtest4 WHERE id BETWEEN 4106900 AND 4107000
	Index Only Scan using sbtest4_pkey on sbtest4  (cost=0.43..6.66 rows=111 width=4)
	  Index Cond: ((id >= 4106900) AND (id <= 4107000))

table 5 : explain SELECT id FROM sbtest5 WHERE id BETWEEN 4106900 AND 4107000
	Index Only Scan using sbtest5_pkey on sbtest5  (cost=0.43..6.59 rows=108 width=4)
	  Index Cond: ((id >= 4106900) AND (id <= 4107000))

table 6 : explain SELECT id FROM sbtest6 WHERE id BETWEEN 4106900 AND 4107000
	Index Only Scan using sbtest6_pkey on sbtest6  (cost=0.43..6.47 rows=102 width=4)
	  Index Cond: ((id >= 4106900) AND (id <= 4107000))

table 7 : explain SELECT id FROM sbtest7 WHERE id BETWEEN 4106900 AND 4107000
	Index Only Scan using sbtest7_pkey on sbtest7  (cost=0.43..10.38 rows=97 width=4)
	  Index Cond: ((id >= 4106900) AND (id <= 4107000))

table 8 : explain SELECT id FROM sbtest8 WHERE id BETWEEN 4106900 AND 4107000
	Index Only Scan using sbtest8_pkey on sbtest8  (cost=0.43..6.35 rows=96 width=4)
	  Index Cond: ((id >= 4106900) AND (id <= 4107000))

for range-covered
table 1 : explain SELECT id FROM sbtest1 WHERE id BETWEEN 620251 AND 620351
	Index Only Scan using sbtest1_pkey on sbtest1  (cost=0.43..6.59 rows=108 width=4)
	  Index Cond: ((id >= 620251) AND (id <= 620351))

table 2 : explain SELECT id FROM sbtest2 WHERE id BETWEEN 620251 AND 620351
	Index Only Scan using sbtest2_pkey on sbtest2  (cost=0.43..6.50 rows=103 width=4)
	  Index Cond: ((id >= 620251) AND (id <= 620351))

table 3 : explain SELECT id FROM sbtest3 WHERE id BETWEEN 620251 AND 620351
	Index Only Scan using sbtest3_pkey on sbtest3  (cost=0.43..6.47 rows=102 width=4)
	  Index Cond: ((id >= 620251) AND (id <= 620351))

table 4 : explain SELECT id FROM sbtest4 WHERE id BETWEEN 620251 AND 620351
	Index Only Scan using sbtest4_pkey on sbtest4  (cost=0.43..6.59 rows=108 width=4)
	  Index Cond: ((id >= 620251) AND (id <= 620351))

table 5 : explain SELECT id FROM sbtest5 WHERE id BETWEEN 620251 AND 620351
	Index Only Scan using sbtest5_pkey on sbtest5  (cost=0.43..6.27 rows=92 width=4)
	  Index Cond: ((id >= 620251) AND (id <= 620351))

table 6 : explain SELECT id FROM sbtest6 WHERE id BETWEEN 620251 AND 620351
	Index Only Scan using sbtest6_pkey on sbtest6  (cost=0.43..6.33 rows=95 width=4)
	  Index Cond: ((id >= 620251) AND (id <= 620351))

table 7 : explain SELECT id FROM sbtest7 WHERE id BETWEEN 620251 AND 620351
	Index Only Scan using sbtest7_pkey on sbtest7  (cost=0.43..10.56 rows=106 width=4)
	  Index Cond: ((id >= 620251) AND (id <= 620351))

table 8 : explain SELECT id FROM sbtest8 WHERE id BETWEEN 620251 AND 620351
	Index Only Scan using sbtest8_pkey on sbtest8  (cost=0.43..6.24 rows=90 width=4)
	  Index Cond: ((id >= 620251) AND (id <= 620351))

explain: for range-covered :: explain SELECT id FROM sbtest%d WHERE id BETWEEN 4106900 AND 4107000
explain: for range-covered :: explain SELECT id FROM sbtest%d WHERE id BETWEEN 620251 AND 620351
for range-covered
table 1 : explain SELECT id FROM sbtest1 WHERE id BETWEEN 5668285 AND 5668385
	Index Only Scan using sbtest1_pkey on sbtest1  (cost=0.43..6.45 rows=101 width=4)
	  Index Cond: ((id >= 5668285) AND (id <= 5668385))

table 2 : explain SELECT id FROM sbtest2 WHERE id BETWEEN 5668285 AND 5668385
	Index Only Scan using sbtest2_pkey on sbtest2  (cost=0.43..6.43 rows=100 width=4)
	  Index Cond: ((id >= 5668285) AND (id <= 5668385))

table 3 : explain SELECT id FROM sbtest3 WHERE id BETWEEN 5668285 AND 5668385
	Index Only Scan using sbtest3_pkey on sbtest3  (cost=0.43..6.45 rows=101 width=4)
	  Index Cond: ((id >= 5668285) AND (id <= 5668385))

table 4 : explain SELECT id FROM sbtest4 WHERE id BETWEEN 5668285 AND 5668385
	Index Only Scan using sbtest4_pkey on sbtest4  (cost=0.43..6.43 rows=100 width=4)
	  Index Cond: ((id >= 5668285) AND (id <= 5668385))

table 5 : explain SELECT id FROM sbtest5 WHERE id BETWEEN 5668285 AND 5668385
	Index Only Scan using sbtest5_pkey on sbtest5  (cost=0.43..6.47 rows=102 width=4)
	  Index Cond: ((id >= 5668285) AND (id <= 5668385))

table 6 : explain SELECT id FROM sbtest6 WHERE id BETWEEN 5668285 AND 5668385
	Index Only Scan using sbtest6_pkey on sbtest6  (cost=0.43..6.27 rows=92 width=4)
	  Index Cond: ((id >= 5668285) AND (id <= 5668385))

table 7 : explain SELECT id FROM sbtest7 WHERE id BETWEEN 5668285 AND 5668385
	Index Only Scan using sbtest7_pkey on sbtest7  (cost=0.43..10.70 rows=113 width=4)
	  Index Cond: ((id >= 5668285) AND (id <= 5668385))

table 8 : explain SELECT id FROM sbtest8 WHERE id BETWEEN 5668285 AND 5668385
	Index Only Scan using sbtest8_pkey on sbtest8  (cost=0.43..6.37 rows=97 width=4)
	  Index Cond: ((id >= 5668285) AND (id <= 5668385))

for range-covered
table 1 : explain SELECT id FROM sbtest1 WHERE id BETWEEN 3941792 AND 3941892
	Index Only Scan using sbtest1_pkey on sbtest1  (cost=0.43..6.45 rows=101 width=4)
	  Index Cond: ((id >= 3941792) AND (id <= 3941892))

table 2 : explain SELECT id FROM sbtest2 WHERE id BETWEEN 3941792 AND 3941892
	Index Only Scan using sbtest2_pkey on sbtest2  (cost=0.43..6.50 rows=103 width=4)
	  Index Cond: ((id >= 3941792) AND (id <= 3941892))

table 3 : explain SELECT id FROM sbtest3 WHERE id BETWEEN 3941792 AND 3941892
	Index Only Scan using sbtest3_pkey on sbtest3  (cost=0.43..6.43 rows=100 width=4)
	  Index Cond: ((id >= 3941792) AND (id <= 3941892))

table 4 : explain SELECT id FROM sbtest4 WHERE id BETWEEN 3941792 AND 3941892
	Index Only Scan using sbtest4_pkey on sbtest4  (cost=0.43..6.19 rows=88 width=4)
	  Index Cond: ((id >= 3941792) AND (id <= 3941892))

table 5 : explain SELECT id FROM sbtest5 WHERE id BETWEEN 3941792 AND 3941892
	Index Only Scan using sbtest5_pkey on sbtest5  (cost=0.43..6.51 rows=104 width=4)
	  Index Cond: ((id >= 3941792) AND (id <= 3941892))

table 6 : explain SELECT id FROM sbtest6 WHERE id BETWEEN 3941792 AND 3941892
	Index Only Scan using sbtest6_pkey on sbtest6  (cost=0.43..6.45 rows=101 width=4)
	  Index Cond: ((id >= 3941792) AND (id <= 3941892))

table 7 : explain SELECT id FROM sbtest7 WHERE id BETWEEN 3941792 AND 3941892
	Index Only Scan using sbtest7_pkey on sbtest7  (cost=0.43..10.56 rows=106 width=4)
	  Index Cond: ((id >= 3941792) AND (id <= 3941892))

table 8 : explain SELECT id FROM sbtest8 WHERE id BETWEEN 3941792 AND 3941892
	Index Only Scan using sbtest8_pkey on sbtest8  (cost=0.43..6.25 rows=91 width=4)
	  Index Cond: ((id >= 3941792) AND (id <= 3941892))

explain: for range-covered :: explain SELECT id FROM sbtest%d WHERE id BETWEEN 3941792 AND 3941892
explain: for range-covered :: explain SELECT id FROM sbtest%d WHERE id BETWEEN 4415402 AND 4415502
for range-covered
table 1 : explain SELECT id FROM sbtest1 WHERE id BETWEEN 4409221 AND 4409321
	Index Only Scan using sbtest1_pkey on sbtest1  (cost=0.43..6.42 rows=99 width=4)
	  Index Cond: ((id >= 4409221) AND (id <= 4409321))

table 2 : explain SELECT id FROM sbtest2 WHERE id BETWEEN 4409221 AND 4409321
	Index Only Scan using sbtest2_pkey on sbtest2  (cost=0.43..6.40 rows=98 width=4)
	  Index Cond: ((id >= 4409221) AND (id <= 4409321))

table 3 : explain SELECT id FROM sbtest3 WHERE id BETWEEN 4409221 AND 4409321
	Index Only Scan using sbtest3_pkey on sbtest3  (cost=0.43..6.43 rows=100 width=4)
	  Index Cond: ((id >= 4409221) AND (id <= 4409321))

table 4 : explain SELECT id FROM sbtest4 WHERE id BETWEEN 4409221 AND 4409321
	Index Only Scan using sbtest4_pkey on sbtest4  (cost=0.43..6.40 rows=98 width=4)
	  Index Cond: ((id >= 4409221) AND (id <= 4409321))

table 5 : explain SELECT id FROM sbtest5 WHERE id BETWEEN 4409221 AND 4409321
	Index Only Scan using sbtest5_pkey on sbtest5  (cost=0.43..6.56 rows=106 width=4)
	  Index Cond: ((id >= 4409221) AND (id <= 4409321))

table 6 : explain SELECT id FROM sbtest6 WHERE id BETWEEN 4409221 AND 4409321
	Index Only Scan using sbtest6_pkey on sbtest6  (cost=0.43..6.63 rows=110 width=4)
	  Index Cond: ((id >= 4409221) AND (id <= 4409321))

table 7 : explain SELECT id FROM sbtest7 WHERE id BETWEEN 4409221 AND 4409321
	Index Only Scan using sbtest7_pkey on sbtest7  (cost=0.43..10.36 rows=96 width=4)
	  Index Cond: ((id >= 4409221) AND (id <= 4409321))

table 8 : explain SELECT id FROM sbtest8 WHERE id BETWEEN 4409221 AND 4409321
	Index Only Scan using sbtest8_pkey on sbtest8  (cost=0.43..6.37 rows=97 width=4)
	  Index Cond: ((id >= 4409221) AND (id <= 4409321))

explain: for range-covered :: explain SELECT id FROM sbtest%d WHERE id BETWEEN 4409221 AND 4409321
for range-covered
table 1 : explain SELECT id FROM sbtest1 WHERE id BETWEEN 1877781 AND 1877881
	Index Only Scan using sbtest1_pkey on sbtest1  (cost=0.43..6.50 rows=103 width=4)
	  Index Cond: ((id >= 1877781) AND (id <= 1877881))

table 2 : explain SELECT id FROM sbtest2 WHERE id BETWEEN 1877781 AND 1877881
	Index Only Scan using sbtest2_pkey on sbtest2  (cost=0.43..6.50 rows=103 width=4)
	  Index Cond: ((id >= 1877781) AND (id <= 1877881))

table 3 : explain SELECT id FROM sbtest3 WHERE id BETWEEN 1877781 AND 1877881
	Index Only Scan using sbtest3_pkey on sbtest3  (cost=0.43..6.42 rows=99 width=4)
	  Index Cond: ((id >= 1877781) AND (id <= 1877881))

table 4 : explain SELECT id FROM sbtest4 WHERE id BETWEEN 1877781 AND 1877881
	Index Only Scan using sbtest4_pkey on sbtest4  (cost=0.43..6.40 rows=98 width=4)
	  Index Cond: ((id >= 1877781) AND (id <= 1877881))

table 5 : explain SELECT id FROM sbtest5 WHERE id BETWEEN 1877781 AND 1877881
	Index Only Scan using sbtest5_pkey on sbtest5  (cost=0.43..6.72 rows=114 width=4)
	  Index Cond: ((id >= 1877781) AND (id <= 1877881))

table 6 : explain SELECT id FROM sbtest6 WHERE id BETWEEN 1877781 AND 1877881
	Index Only Scan using sbtest6_pkey on sbtest6  (cost=0.43..6.56 rows=106 width=4)
	  Index Cond: ((id >= 1877781) AND (id <= 1877881))

table 7 : explain SELECT id FROM sbtest7 WHERE id BETWEEN 1877781 AND 1877881
	Index Only Scan using sbtest7_pkey on sbtest7  (cost=0.43..10.60 rows=108 width=4)
	  Index Cond: ((id >= 1877781) AND (id <= 1877881))

table 8 : explain SELECT id FROM sbtest8 WHERE id BETWEEN 1877781 AND 1877881
	Index Only Scan using sbtest8_pkey on sbtest8  (cost=0.43..6.59 rows=108 width=4)
	  Index Cond: ((id >= 1877781) AND (id <= 1877881))

for range-covered
table 1 : explain SELECT id FROM sbtest1 WHERE id BETWEEN 4279675 AND 4279775
	Index Only Scan using sbtest1_pkey on sbtest1  (cost=0.43..6.47 rows=102 width=4)
	  Index Cond: ((id >= 4279675) AND (id <= 4279775))

table 2 : explain SELECT id FROM sbtest2 WHERE id BETWEEN 4279675 AND 4279775
	Index Only Scan using sbtest2_pkey on sbtest2  (cost=0.43..6.67 rows=112 width=4)
	  Index Cond: ((id >= 4279675) AND (id <= 4279775))

table 3 : explain SELECT id FROM sbtest3 WHERE id BETWEEN 4279675 AND 4279775
	Index Only Scan using sbtest3_pkey on sbtest3  (cost=0.43..6.25 rows=91 width=4)
	  Index Cond: ((id >= 4279675) AND (id <= 4279775))

table 4 : explain SELECT id FROM sbtest4 WHERE id BETWEEN 4279675 AND 4279775
	Index Only Scan using sbtest4_pkey on sbtest4  (cost=0.43..6.37 rows=97 width=4)
	  Index Cond: ((id >= 4279675) AND (id <= 4279775))

table 5 : explain SELECT id FROM sbtest5 WHERE id BETWEEN 4279675 AND 4279775
	Index Only Scan using sbtest5_pkey on sbtest5  (cost=0.43..6.32 rows=94 width=4)
	  Index Cond: ((id >= 4279675) AND (id <= 4279775))

table 6 : explain SELECT id FROM sbtest6 WHERE id BETWEEN 4279675 AND 4279775
	Index Only Scan using sbtest6_pkey on sbtest6  (cost=0.43..6.40 rows=98 width=4)
	  Index Cond: ((id >= 4279675) AND (id <= 4279775))

table 7 : explain SELECT id FROM sbtest7 WHERE id BETWEEN 4279675 AND 4279775
	Index Only Scan using sbtest7_pkey on sbtest7  (cost=0.43..10.29 rows=93 width=4)
	  Index Cond: ((id >= 4279675) AND (id <= 4279775))

table 8 : explain SELECT id FROM sbtest8 WHERE id BETWEEN 4279675 AND 4279775
	Index Only Scan using sbtest8_pkey on sbtest8  (cost=0.43..6.59 rows=108 width=4)
	  Index Cond: ((id >= 4279675) AND (id <= 4279775))

explain: for range-covered :: explain SELECT id FROM sbtest%d WHERE id BETWEEN 1877781 AND 1877881
for range-covered
table 1 : explain SELECT id FROM sbtest1 WHERE id BETWEEN 3941792 AND 3941892
	Index Only Scan using sbtest1_pkey on sbtest1  (cost=0.43..6.45 rows=101 width=4)
	  Index Cond: ((id >= 3941792) AND (id <= 3941892))

table 2 : explain SELECT id FROM sbtest2 WHERE id BETWEEN 3941792 AND 3941892
	Index Only Scan using sbtest2_pkey on sbtest2  (cost=0.43..6.50 rows=103 width=4)
	  Index Cond: ((id >= 3941792) AND (id <= 3941892))

table 3 : explain SELECT id FROM sbtest3 WHERE id BETWEEN 3941792 AND 3941892
	Index Only Scan using sbtest3_pkey on sbtest3  (cost=0.43..6.43 rows=100 width=4)
	  Index Cond: ((id >= 3941792) AND (id <= 3941892))

table 4 : explain SELECT id FROM sbtest4 WHERE id BETWEEN 3941792 AND 3941892
	Index Only Scan using sbtest4_pkey on sbtest4  (cost=0.43..6.19 rows=88 width=4)
	  Index Cond: ((id >= 3941792) AND (id <= 3941892))

table 5 : explain SELECT id FROM sbtest5 WHERE id BETWEEN 3941792 AND 3941892
	Index Only Scan using sbtest5_pkey on sbtest5  (cost=0.43..6.51 rows=104 width=4)
	  Index Cond: ((id >= 3941792) AND (id <= 3941892))

table 6 : explain SELECT id FROM sbtest6 WHERE id BETWEEN 3941792 AND 3941892
	Index Only Scan using sbtest6_pkey on sbtest6  (cost=0.43..6.45 rows=101 width=4)
	  Index Cond: ((id >= 3941792) AND (id <= 3941892))

table 7 : explain SELECT id FROM sbtest7 WHERE id BETWEEN 3941792 AND 3941892
	Index Only Scan using sbtest7_pkey on sbtest7  (cost=0.43..10.56 rows=106 width=4)
	  Index Cond: ((id >= 3941792) AND (id <= 3941892))

table 8 : explain SELECT id FROM sbtest8 WHERE id BETWEEN 3941792 AND 3941892
	Index Only Scan using sbtest8_pkey on sbtest8  (cost=0.43..6.25 rows=91 width=4)
	  Index Cond: ((id >= 3941792) AND (id <= 3941892))
explain: for range-covered :: explain SELECT id FROM sbtest%d WHERE id BETWEEN 4279675 AND 4279775

explain: for range-covered :: explain SELECT id FROM sbtest%d WHERE id BETWEEN 3941792 AND 3941892
for range-covered
table 1 : explain SELECT id FROM sbtest1 WHERE id BETWEEN 4106900 AND 4107000
	Index Only Scan using sbtest1_pkey on sbtest1  (cost=0.43..6.53 rows=105 width=4)
	  Index Cond: ((id >= 4106900) AND (id <= 4107000))

table 2 : explain SELECT id FROM sbtest2 WHERE id BETWEEN 4106900 AND 4107000
	Index Only Scan using sbtest2_pkey on sbtest2  (cost=0.43..6.33 rows=95 width=4)
	  Index Cond: ((id >= 4106900) AND (id <= 4107000))

table 3 : explain SELECT id FROM sbtest3 WHERE id BETWEEN 4106900 AND 4107000
	Index Only Scan using sbtest3_pkey on sbtest3  (cost=0.43..6.50 rows=103 width=4)
	  Index Cond: ((id >= 4106900) AND (id <= 4107000))

table 4 : explain SELECT id FROM sbtest4 WHERE id BETWEEN 4106900 AND 4107000
	Index Only Scan using sbtest4_pkey on sbtest4  (cost=0.43..6.66 rows=111 width=4)
	  Index Cond: ((id >= 4106900) AND (id <= 4107000))

table 5 : explain SELECT id FROM sbtest5 WHERE id BETWEEN 4106900 AND 4107000
	Index Only Scan using sbtest5_pkey on sbtest5  (cost=0.43..6.59 rows=108 width=4)
	  Index Cond: ((id >= 4106900) AND (id <= 4107000))

table 6 : explain SELECT id FROM sbtest6 WHERE id BETWEEN 4106900 AND 4107000
	Index Only Scan using sbtest6_pkey on sbtest6  (cost=0.43..6.47 rows=102 width=4)
	  Index Cond: ((id >= 4106900) AND (id <= 4107000))

table 7 : explain SELECT id FROM sbtest7 WHERE id BETWEEN 4106900 AND 4107000
	Index Only Scan using sbtest7_pkey on sbtest7  (cost=0.43..10.38 rows=97 width=4)
	  Index Cond: ((id >= 4106900) AND (id <= 4107000))

table 8 : explain SELECT id FROM sbtest8 WHERE id BETWEEN 4106900 AND 4107000
	Index Only Scan using sbtest8_pkey on sbtest8  (cost=0.43..6.35 rows=96 width=4)
	  Index Cond: ((id >= 4106900) AND (id <= 4107000))

for range-covered
table 1 : explain SELECT id FROM sbtest1 WHERE id BETWEEN 620251 AND 620351
	Index Only Scan using sbtest1_pkey on sbtest1  (cost=0.43..6.59 rows=108 width=4)
	  Index Cond: ((id >= 620251) AND (id <= 620351))

table 2 : explain SELECT id FROM sbtest2 WHERE id BETWEEN 620251 AND 620351
	Index Only Scan using sbtest2_pkey on sbtest2  (cost=0.43..6.50 rows=103 width=4)
	  Index Cond: ((id >= 620251) AND (id <= 620351))

table 3 : explain SELECT id FROM sbtest3 WHERE id BETWEEN 620251 AND 620351
	Index Only Scan using sbtest3_pkey on sbtest3  (cost=0.43..6.47 rows=102 width=4)
	  Index Cond: ((id >= 620251) AND (id <= 620351))

table 4 : explain SELECT id FROM sbtest4 WHERE id BETWEEN 620251 AND 620351
	Index Only Scan using sbtest4_pkey on sbtest4  (cost=0.43..6.59 rows=108 width=4)
	  Index Cond: ((id >= 620251) AND (id <= 620351))

table 5 : explain SELECT id FROM sbtest5 WHERE id BETWEEN 620251 AND 620351
	Index Only Scan using sbtest5_pkey on sbtest5  (cost=0.43..6.27 rows=92 width=4)
	  Index Cond: ((id >= 620251) AND (id <= 620351))

table 6 : explain SELECT id FROM sbtest6 WHERE id BETWEEN 620251 AND 620351
	Index Only Scan using sbtest6_pkey on sbtest6  (cost=0.43..6.33 rows=95 width=4)
	  Index Cond: ((id >= 620251) AND (id <= 620351))

table 7 : explain SELECT id FROM sbtest7 WHERE id BETWEEN 620251 AND 620351
	Index Only Scan using sbtest7_pkey on sbtest7  (cost=0.43..10.56 rows=106 width=4)
	  Index Cond: ((id >= 620251) AND (id <= 620351))

table 8 : explain SELECT id FROM sbtest8 WHERE id BETWEEN 620251 AND 620351
	Index Only Scan using sbtest8_pkey on sbtest8  (cost=0.43..6.24 rows=90 width=4)
	  Index Cond: ((id >= 620251) AND (id <= 620351))

for range-covered
table 1 : explain SELECT id FROM sbtest1 WHERE id BETWEEN 4409221 AND 4409321
	Index Only Scan using sbtest1_pkey on sbtest1  (cost=0.43..6.42 rows=99 width=4)
	  Index Cond: ((id >= 4409221) AND (id <= 4409321))

table 2 : explain SELECT id FROM sbtest2 WHERE id BETWEEN 4409221 AND 4409321
	Index Only Scan using sbtest2_pkey on sbtest2  (cost=0.43..6.40 rows=98 width=4)
	  Index Cond: ((id >= 4409221) AND (id <= 4409321))

table 3 : explain SELECT id FROM sbtest3 WHERE id BETWEEN 4409221 AND 4409321
	Index Only Scan using sbtest3_pkey on sbtest3  (cost=0.43..6.43 rows=100 width=4)
	  Index Cond: ((id >= 4409221) AND (id <= 4409321))

table 4 : explain SELECT id FROM sbtest4 WHERE id BETWEEN 4409221 AND 4409321
	Index Only Scan using sbtest4_pkey on sbtest4  (cost=0.43..6.40 rows=98 width=4)
	  Index Cond: ((id >= 4409221) AND (id <= 4409321))

table 5 : explain SELECT id FROM sbtest5 WHERE id BETWEEN 4409221 AND 4409321
	Index Only Scan using sbtest5_pkey on sbtest5  (cost=0.43..6.56 rows=106 width=4)
	  Index Cond: ((id >= 4409221) AND (id <= 4409321))

table 6 : explain SELECT id FROM sbtest6 WHERE id BETWEEN 4409221 AND 4409321
	Index Only Scan using sbtest6_pkey on sbtest6  (cost=0.43..6.63 rows=110 width=4)
	  Index Cond: ((id >= 4409221) AND (id <= 4409321))

table 7 : explain SELECT id FROM sbtest7 WHERE id BETWEEN 4409221 AND 4409321
	Index Only Scan using sbtest7_pkey on sbtest7  (cost=0.43..10.36 rows=96 width=4)
	  Index Cond: ((id >= 4409221) AND (id <= 4409321))

table 8 : explain SELECT id FROM sbtest8 WHERE id BETWEEN 4409221 AND 4409321
	Index Only Scan using sbtest8_pkey on sbtest8  (cost=0.43..6.37 rows=97 width=4)
	  Index Cond: ((id >= 4409221) AND (id <= 4409321))

explain: for range-covered :: explain SELECT id FROM sbtest%d WHERE id BETWEEN 4409221 AND 4409321
for range-covered
table 1 : explain SELECT id FROM sbtest1 WHERE id BETWEEN 1877781 AND 1877881
	Index Only Scan using sbtest1_pkey on sbtest1  (cost=0.43..6.50 rows=103 width=4)
	  Index Cond: ((id >= 1877781) AND (id <= 1877881))

table 2 : explain SELECT id FROM sbtest2 WHERE id BETWEEN 1877781 AND 1877881
	Index Only Scan using sbtest2_pkey on sbtest2  (cost=0.43..6.50 rows=103 width=4)
	  Index Cond: ((id >= 1877781) AND (id <= 1877881))

table 3 : explain SELECT id FROM sbtest3 WHERE id BETWEEN 1877781 AND 1877881
	Index Only Scan using sbtest3_pkey on sbtest3  (cost=0.43..6.42 rows=99 width=4)
	  Index Cond: ((id >= 1877781) AND (id <= 1877881))

table 4 : explain SELECT id FROM sbtest4 WHERE id BETWEEN 1877781 AND 1877881
	Index Only Scan using sbtest4_pkey on sbtest4  (cost=0.43..6.40 rows=98 width=4)
	  Index Cond: ((id >= 1877781) AND (id <= 1877881))

table 5 : explain SELECT id FROM sbtest5 WHERE id BETWEEN 1877781 AND 1877881
	Index Only Scan using sbtest5_pkey on sbtest5  (cost=0.43..6.72 rows=114 width=4)
	  Index Cond: ((id >= 1877781) AND (id <= 1877881))

table 6 : explain SELECT id FROM sbtest6 WHERE id BETWEEN 1877781 AND 1877881
	Index Only Scan using sbtest6_pkey on sbtest6  (cost=0.43..6.56 rows=106 width=4)
	  Index Cond: ((id >= 1877781) AND (id <= 1877881))

table 7 : explain SELECT id FROM sbtest7 WHERE id BETWEEN 1877781 AND 1877881
	Index Only Scan using sbtest7_pkey on sbtest7  (cost=0.43..10.60 rows=108 width=4)
	  Index Cond: ((id >= 1877781) AND (id <= 1877881))

table 8 : explain SELECT id FROM sbtest8 WHERE id BETWEEN 1877781 AND 1877881
	Index Only Scan using sbtest8_pkey on sbtest8  (cost=0.43..6.59 rows=108 width=4)
	  Index Cond: ((id >= 1877781) AND (id <= 1877881))

for range-covered
table 1 : explain SELECT id FROM sbtest1 WHERE id BETWEEN 3941792 AND 3941892
	Index Only Scan using sbtest1_pkey on sbtest1  (cost=0.43..6.45 rows=101 width=4)
	  Index Cond: ((id >= 3941792) AND (id <= 3941892))

table 2 : explain SELECT id FROM sbtest2 WHERE id BETWEEN 3941792 AND 3941892
	Index Only Scan using sbtest2_pkey on sbtest2  (cost=0.43..6.50 rows=103 width=4)
	  Index Cond: ((id >= 3941792) AND (id <= 3941892))

table 3 : explain SELECT id FROM sbtest3 WHERE id BETWEEN 3941792 AND 3941892
	Index Only Scan using sbtest3_pkey on sbtest3  (cost=0.43..6.43 rows=100 width=4)
	  Index Cond: ((id >= 3941792) AND (id <= 3941892))

table 4 : explain SELECT id FROM sbtest4 WHERE id BETWEEN 3941792 AND 3941892
	Index Only Scan using sbtest4_pkey on sbtest4  (cost=0.43..6.19 rows=88 width=4)
	  Index Cond: ((id >= 3941792) AND (id <= 3941892))

table 5 : explain SELECT id FROM sbtest5 WHERE id BETWEEN 3941792 AND 3941892
	Index Only Scan using sbtest5_pkey on sbtest5  (cost=0.43..6.51 rows=104 width=4)
	  Index Cond: ((id >= 3941792) AND (id <= 3941892))

table 6 : explain SELECT id FROM sbtest6 WHERE id BETWEEN 3941792 AND 3941892
	Index Only Scan using sbtest6_pkey on sbtest6  (cost=0.43..6.45 rows=101 width=4)
	  Index Cond: ((id >= 3941792) AND (id <= 3941892))

table 7 : explain SELECT id FROM sbtest7 WHERE id BETWEEN 3941792 AND 3941892
	Index Only Scan using sbtest7_pkey on sbtest7  (cost=0.43..10.56 rows=106 width=4)
	  Index Cond: ((id >= 3941792) AND (id <= 3941892))

table 8 : explain SELECT id FROM sbtest8 WHERE id BETWEEN 3941792 AND 3941892
	Index Only Scan using sbtest8_pkey on sbtest8  (cost=0.43..6.25 rows=91 width=4)
	  Index Cond: ((id >= 3941792) AND (id <= 3941892))

for range-covered
table 1 : explain SELECT id FROM sbtest1 WHERE id BETWEEN 4279675 AND 4279775
	Index Only Scan using sbtest1_pkey on sbtest1  (cost=0.43..6.47 rows=102 width=4)
	  Index Cond: ((id >= 4279675) AND (id <= 4279775))

table 2 : explain SELECT id FROM sbtest2 WHERE id BETWEEN 4279675 AND 4279775
	Index Only Scan using sbtest2_pkey on sbtest2  (cost=0.43..6.67 rows=112 width=4)
	  Index Cond: ((id >= 4279675) AND (id <= 4279775))

table 3 : explain SELECT id FROM sbtest3 WHERE id BETWEEN 4279675 AND 4279775
	Index Only Scan using sbtest3_pkey on sbtest3  (cost=0.43..6.25 rows=91 width=4)
	  Index Cond: ((id >= 4279675) AND (id <= 4279775))

table 4 : explain SELECT id FROM sbtest4 WHERE id BETWEEN 4279675 AND 4279775
	Index Only Scan using sbtest4_pkey on sbtest4  (cost=0.43..6.37 rows=97 width=4)
	  Index Cond: ((id >= 4279675) AND (id <= 4279775))

table 5 : explain SELECT id FROM sbtest5 WHERE id BETWEEN 4279675 AND 4279775
	Index Only Scan using sbtest5_pkey on sbtest5  (cost=0.43..6.32 rows=94 width=4)
	  Index Cond: ((id >= 4279675) AND (id <= 4279775))

table 6 : explain SELECT id FROM sbtest6 WHERE id BETWEEN 4279675 AND 4279775
	Index Only Scan using sbtest6_pkey on sbtest6  (cost=0.43..6.40 rows=98 width=4)
	  Index Cond: ((id >= 4279675) AND (id <= 4279775))

table 7 : explain SELECT id FROM sbtest7 WHERE id BETWEEN 4279675 AND 4279775
	Index Only Scan using sbtest7_pkey on sbtest7  (cost=0.43..10.29 rows=93 width=4)
	  Index Cond: ((id >= 4279675) AND (id <= 4279775))

table 8 : explain SELECT id FROM sbtest8 WHERE id BETWEEN 4279675 AND 4279775
	Index Only Scan using sbtest8_pkey on sbtest8  (cost=0.43..6.59 rows=108 width=4)
	  Index Cond: ((id >= 4279675) AND (id <= 4279775))

explain: for range-covered :: explain SELECT id FROM sbtest%d WHERE id BETWEEN 1877781 AND 1877881
explain: for range-covered :: explain SELECT id FROM sbtest%d WHERE id BETWEEN 3941792 AND 3941892
explain: for range-covered :: explain SELECT id FROM sbtest%d WHERE id BETWEEN 4279675 AND 4279775
explain: for range-covered :: explain SELECT id FROM sbtest%d WHERE id BETWEEN 7457900 AND 7458000
for range-covered
table 1 : explain SELECT id FROM sbtest1 WHERE id BETWEEN 4409221 AND 4409321
	Index Only Scan using sbtest1_pkey on sbtest1  (cost=0.43..6.42 rows=99 width=4)
	  Index Cond: ((id >= 4409221) AND (id <= 4409321))

table 2 : explain SELECT id FROM sbtest2 WHERE id BETWEEN 4409221 AND 4409321
	Index Only Scan using sbtest2_pkey on sbtest2  (cost=0.43..6.40 rows=98 width=4)
	  Index Cond: ((id >= 4409221) AND (id <= 4409321))

table 3 : explain SELECT id FROM sbtest3 WHERE id BETWEEN 4409221 AND 4409321
	Index Only Scan using sbtest3_pkey on sbtest3  (cost=0.43..6.43 rows=100 width=4)
	  Index Cond: ((id >= 4409221) AND (id <= 4409321))

table 4 : explain SELECT id FROM sbtest4 WHERE id BETWEEN 4409221 AND 4409321
	Index Only Scan using sbtest4_pkey on sbtest4  (cost=0.43..6.40 rows=98 width=4)
	  Index Cond: ((id >= 4409221) AND (id <= 4409321))

table 5 : explain SELECT id FROM sbtest5 WHERE id BETWEEN 4409221 AND 4409321
	Index Only Scan using sbtest5_pkey on sbtest5  (cost=0.43..6.56 rows=106 width=4)
	  Index Cond: ((id >= 4409221) AND (id <= 4409321))

table 6 : explain SELECT id FROM sbtest6 WHERE id BETWEEN 4409221 AND 4409321
	Index Only Scan using sbtest6_pkey on sbtest6  (cost=0.43..6.63 rows=110 width=4)
	  Index Cond: ((id >= 4409221) AND (id <= 4409321))

table 7 : explain SELECT id FROM sbtest7 WHERE id BETWEEN 4409221 AND 4409321
	Index Only Scan using sbtest7_pkey on sbtest7  (cost=0.43..10.36 rows=96 width=4)
	  Index Cond: ((id >= 4409221) AND (id <= 4409321))

table 8 : explain SELECT id FROM sbtest8 WHERE id BETWEEN 4409221 AND 4409321
	Index Only Scan using sbtest8_pkey on sbtest8  (cost=0.43..6.37 rows=97 width=4)
	  Index Cond: ((id >= 4409221) AND (id <= 4409321))

explain: for range-covered :: explain SELECT id FROM sbtest%d WHERE id BETWEEN 4409221 AND 4409321
for range-covered
table 1 : explain SELECT id FROM sbtest1 WHERE id BETWEEN 1877781 AND 1877881
	Index Only Scan using sbtest1_pkey on sbtest1  (cost=0.43..6.50 rows=103 width=4)
	  Index Cond: ((id >= 1877781) AND (id <= 1877881))

table 2 : explain SELECT id FROM sbtest2 WHERE id BETWEEN 1877781 AND 1877881
	Index Only Scan using sbtest2_pkey on sbtest2  (cost=0.43..6.50 rows=103 width=4)
	  Index Cond: ((id >= 1877781) AND (id <= 1877881))

table 3 : explain SELECT id FROM sbtest3 WHERE id BETWEEN 1877781 AND 1877881
	Index Only Scan using sbtest3_pkey on sbtest3  (cost=0.43..6.42 rows=99 width=4)
	  Index Cond: ((id >= 1877781) AND (id <= 1877881))

table 4 : explain SELECT id FROM sbtest4 WHERE id BETWEEN 1877781 AND 1877881
	Index Only Scan using sbtest4_pkey on sbtest4  (cost=0.43..6.40 rows=98 width=4)
	  Index Cond: ((id >= 1877781) AND (id <= 1877881))

table 5 : explain SELECT id FROM sbtest5 WHERE id BETWEEN 1877781 AND 1877881
	Index Only Scan using sbtest5_pkey on sbtest5  (cost=0.43..6.72 rows=114 width=4)
	  Index Cond: ((id >= 1877781) AND (id <= 1877881))

table 6 : explain SELECT id FROM sbtest6 WHERE id BETWEEN 1877781 AND 1877881
	Index Only Scan using sbtest6_pkey on sbtest6  (cost=0.43..6.56 rows=106 width=4)
	  Index Cond: ((id >= 1877781) AND (id <= 1877881))

table 7 : explain SELECT id FROM sbtest7 WHERE id BETWEEN 1877781 AND 1877881
	Index Only Scan using sbtest7_pkey on sbtest7  (cost=0.43..10.60 rows=108 width=4)
	  Index Cond: ((id >= 1877781) AND (id <= 1877881))

table 8 : explain SELECT id FROM sbtest8 WHERE id BETWEEN 1877781 AND 1877881
	Index Only Scan using sbtest8_pkey on sbtest8  (cost=0.43..6.59 rows=108 width=4)
	  Index Cond: ((id >= 1877781) AND (id <= 1877881))

explain: for range-covered :: explain SELECT id FROM sbtest%d WHERE id BETWEEN 4525514 AND 4525614
for range-covered
table 1 : explain SELECT id FROM sbtest1 WHERE id BETWEEN 3941792 AND 3941892
	Index Only Scan using sbtest1_pkey on sbtest1  (cost=0.43..6.45 rows=101 width=4)
	  Index Cond: ((id >= 3941792) AND (id <= 3941892))

table 2 : explain SELECT id FROM sbtest2 WHERE id BETWEEN 3941792 AND 3941892
	Index Only Scan using sbtest2_pkey on sbtest2  (cost=0.43..6.50 rows=103 width=4)
	  Index Cond: ((id >= 3941792) AND (id <= 3941892))

table 3 : explain SELECT id FROM sbtest3 WHERE id BETWEEN 3941792 AND 3941892
	Index Only Scan using sbtest3_pkey on sbtest3  (cost=0.43..6.43 rows=100 width=4)
	  Index Cond: ((id >= 3941792) AND (id <= 3941892))

table 4 : explain SELECT id FROM sbtest4 WHERE id BETWEEN 3941792 AND 3941892
	Index Only Scan using sbtest4_pkey on sbtest4  (cost=0.43..6.19 rows=88 width=4)
	  Index Cond: ((id >= 3941792) AND (id <= 3941892))

table 5 : explain SELECT id FROM sbtest5 WHERE id BETWEEN 3941792 AND 3941892
	Index Only Scan using sbtest5_pkey on sbtest5  (cost=0.43..6.51 rows=104 width=4)
	  Index Cond: ((id >= 3941792) AND (id <= 3941892))

table 6 : explain SELECT id FROM sbtest6 WHERE id BETWEEN 3941792 AND 3941892
	Index Only Scan using sbtest6_pkey on sbtest6  (cost=0.43..6.45 rows=101 width=4)
	  Index Cond: ((id >= 3941792) AND (id <= 3941892))

table 7 : explain SELECT id FROM sbtest7 WHERE id BETWEEN 3941792 AND 3941892
	Index Only Scan using sbtest7_pkey on sbtest7  (cost=0.43..10.56 rows=106 width=4)
	  Index Cond: ((id >= 3941792) AND (id <= 3941892))

table 8 : explain SELECT id FROM sbtest8 WHERE id BETWEEN 3941792 AND 3941892
	Index Only Scan using sbtest8_pkey on sbtest8  (cost=0.43..6.25 rows=91 width=4)
	  Index Cond: ((id >= 3941792) AND (id <= 3941892))

for range-covered
table 1 : explain SELECT id FROM sbtest1 WHERE id BETWEEN 4279675 AND 4279775
	Index Only Scan using sbtest1_pkey on sbtest1  (cost=0.43..6.47 rows=102 width=4)
	  Index Cond: ((id >= 4279675) AND (id <= 4279775))

table 2 : explain SELECT id FROM sbtest2 WHERE id BETWEEN 4279675 AND 4279775
	Index Only Scan using sbtest2_pkey on sbtest2  (cost=0.43..6.67 rows=112 width=4)
	  Index Cond: ((id >= 4279675) AND (id <= 4279775))

table 3 : explain SELECT id FROM sbtest3 WHERE id BETWEEN 4279675 AND 4279775
	Index Only Scan using sbtest3_pkey on sbtest3  (cost=0.43..6.25 rows=91 width=4)
	  Index Cond: ((id >= 4279675) AND (id <= 4279775))

table 4 : explain SELECT id FROM sbtest4 WHERE id BETWEEN 4279675 AND 4279775
	Index Only Scan using sbtest4_pkey on sbtest4  (cost=0.43..6.37 rows=97 width=4)
	  Index Cond: ((id >= 4279675) AND (id <= 4279775))

table 5 : explain SELECT id FROM sbtest5 WHERE id BETWEEN 4279675 AND 4279775
	Index Only Scan using sbtest5_pkey on sbtest5  (cost=0.43..6.32 rows=94 width=4)
	  Index Cond: ((id >= 4279675) AND (id <= 4279775))

table 6 : explain SELECT id FROM sbtest6 WHERE id BETWEEN 4279675 AND 4279775
	Index Only Scan using sbtest6_pkey on sbtest6  (cost=0.43..6.40 rows=98 width=4)
	  Index Cond: ((id >= 4279675) AND (id <= 4279775))

table 7 : explain SELECT id FROM sbtest7 WHERE id BETWEEN 4279675 AND 4279775
	Index Only Scan using sbtest7_pkey on sbtest7  (cost=0.43..10.29 rows=93 width=4)
	  Index Cond: ((id >= 4279675) AND (id <= 4279775))

table 8 : explain SELECT id FROM sbtest8 WHERE id BETWEEN 4279675 AND 4279775
	Index Only Scan using sbtest8_pkey on sbtest8  (cost=0.43..6.59 rows=108 width=4)
	  Index Cond: ((id >= 4279675) AND (id <= 4279775))

explain: for range-covered :: explain SELECT id FROM sbtest%d WHERE id BETWEEN 3941792 AND 3941892
explain: for range-covered :: explain SELECT id FROM sbtest%d WHERE id BETWEEN 1877781 AND 1877881
explain: for range-covered :: explain SELECT id FROM sbtest%d WHERE id BETWEEN 6722379 AND 6722479
explain: for range-covered :: explain SELECT id FROM sbtest%d WHERE id BETWEEN 4279675 AND 4279775
for range-covered
table 1 : explain SELECT id FROM sbtest1 WHERE id BETWEEN 4409221 AND 4409321
	Index Only Scan using sbtest1_pkey on sbtest1  (cost=0.43..6.42 rows=99 width=4)
	  Index Cond: ((id >= 4409221) AND (id <= 4409321))

table 2 : explain SELECT id FROM sbtest2 WHERE id BETWEEN 4409221 AND 4409321
	Index Only Scan using sbtest2_pkey on sbtest2  (cost=0.43..6.40 rows=98 width=4)
	  Index Cond: ((id >= 4409221) AND (id <= 4409321))

table 3 : explain SELECT id FROM sbtest3 WHERE id BETWEEN 4409221 AND 4409321
	Index Only Scan using sbtest3_pkey on sbtest3  (cost=0.43..6.43 rows=100 width=4)
	  Index Cond: ((id >= 4409221) AND (id <= 4409321))

table 4 : explain SELECT id FROM sbtest4 WHERE id BETWEEN 4409221 AND 4409321
	Index Only Scan using sbtest4_pkey on sbtest4  (cost=0.43..6.40 rows=98 width=4)
	  Index Cond: ((id >= 4409221) AND (id <= 4409321))

table 5 : explain SELECT id FROM sbtest5 WHERE id BETWEEN 4409221 AND 4409321
	Index Only Scan using sbtest5_pkey on sbtest5  (cost=0.43..6.56 rows=106 width=4)
	  Index Cond: ((id >= 4409221) AND (id <= 4409321))

table 6 : explain SELECT id FROM sbtest6 WHERE id BETWEEN 4409221 AND 4409321
	Index Only Scan using sbtest6_pkey on sbtest6  (cost=0.43..6.63 rows=110 width=4)
	  Index Cond: ((id >= 4409221) AND (id <= 4409321))

table 7 : explain SELECT id FROM sbtest7 WHERE id BETWEEN 4409221 AND 4409321
	Index Only Scan using sbtest7_pkey on sbtest7  (cost=0.43..10.36 rows=96 width=4)
	  Index Cond: ((id >= 4409221) AND (id <= 4409321))

table 8 : explain SELECT id FROM sbtest8 WHERE id BETWEEN 4409221 AND 4409321
	Index Only Scan using sbtest8_pkey on sbtest8  (cost=0.43..6.37 rows=97 width=4)
	  Index Cond: ((id >= 4409221) AND (id <= 4409321))

for range-covered
table 1 : explain SELECT id FROM sbtest1 WHERE id BETWEEN 4415402 AND 4415502
	Index Only Scan using sbtest1_pkey on sbtest1  (cost=0.43..6.42 rows=99 width=4)
	  Index Cond: ((id >= 4415402) AND (id <= 4415502))

table 2 : explain SELECT id FROM sbtest2 WHERE id BETWEEN 4415402 AND 4415502
	Index Only Scan using sbtest2_pkey on sbtest2  (cost=0.43..6.40 rows=98 width=4)
	  Index Cond: ((id >= 4415402) AND (id <= 4415502))

table 3 : explain SELECT id FROM sbtest3 WHERE id BETWEEN 4415402 AND 4415502
	Index Only Scan using sbtest3_pkey on sbtest3  (cost=0.43..6.43 rows=100 width=4)
	  Index Cond: ((id >= 4415402) AND (id <= 4415502))

table 4 : explain SELECT id FROM sbtest4 WHERE id BETWEEN 4415402 AND 4415502
	Index Only Scan using sbtest4_pkey on sbtest4  (cost=0.43..6.40 rows=98 width=4)
	  Index Cond: ((id >= 4415402) AND (id <= 4415502))

table 5 : explain SELECT id FROM sbtest5 WHERE id BETWEEN 4415402 AND 4415502
	Index Only Scan using sbtest5_pkey on sbtest5  (cost=0.43..6.56 rows=106 width=4)
	  Index Cond: ((id >= 4415402) AND (id <= 4415502))

table 6 : explain SELECT id FROM sbtest6 WHERE id BETWEEN 4415402 AND 4415502
	Index Only Scan using sbtest6_pkey on sbtest6  (cost=0.43..6.63 rows=110 width=4)
	  Index Cond: ((id >= 4415402) AND (id <= 4415502))

table 7 : explain SELECT id FROM sbtest7 WHERE id BETWEEN 4415402 AND 4415502
	Index Only Scan using sbtest7_pkey on sbtest7  (cost=0.43..10.36 rows=96 width=4)
	  Index Cond: ((id >= 4415402) AND (id <= 4415502))

table 8 : explain SELECT id FROM sbtest8 WHERE id BETWEEN 4415402 AND 4415502
	Index Only Scan using sbtest8_pkey on sbtest8  (cost=0.43..6.37 rows=97 width=4)
	  Index Cond: ((id >= 4415402) AND (id <= 4415502))

explain: for range-covered :: explain SELECT id FROM sbtest%d WHERE id BETWEEN 4409221 AND 4409321
explain: for range-covered :: explain SELECT id FROM sbtest%d WHERE id BETWEEN 4415402 AND 4415502
for range-covered
table 1 : explain SELECT id FROM sbtest1 WHERE id BETWEEN 3941792 AND 3941892
	Index Only Scan using sbtest1_pkey on sbtest1  (cost=0.43..6.45 rows=101 width=4)
	  Index Cond: ((id >= 3941792) AND (id <= 3941892))

table 2 : explain SELECT id FROM sbtest2 WHERE id BETWEEN 3941792 AND 3941892
	Index Only Scan using sbtest2_pkey on sbtest2  (cost=0.43..6.50 rows=103 width=4)
	  Index Cond: ((id >= 3941792) AND (id <= 3941892))

table 3 : explain SELECT id FROM sbtest3 WHERE id BETWEEN 3941792 AND 3941892
	Index Only Scan using sbtest3_pkey on sbtest3  (cost=0.43..6.43 rows=100 width=4)
	  Index Cond: ((id >= 3941792) AND (id <= 3941892))

table 4 : explain SELECT id FROM sbtest4 WHERE id BETWEEN 3941792 AND 3941892
	Index Only Scan using sbtest4_pkey on sbtest4  (cost=0.43..6.19 rows=88 width=4)
	  Index Cond: ((id >= 3941792) AND (id <= 3941892))

table 5 : explain SELECT id FROM sbtest5 WHERE id BETWEEN 3941792 AND 3941892
	Index Only Scan using sbtest5_pkey on sbtest5  (cost=0.43..6.51 rows=104 width=4)
	  Index Cond: ((id >= 3941792) AND (id <= 3941892))

table 6 : explain SELECT id FROM sbtest6 WHERE id BETWEEN 3941792 AND 3941892
	Index Only Scan using sbtest6_pkey on sbtest6  (cost=0.43..6.45 rows=101 width=4)
	  Index Cond: ((id >= 3941792) AND (id <= 3941892))

table 7 : explain SELECT id FROM sbtest7 WHERE id BETWEEN 3941792 AND 3941892
	Index Only Scan using sbtest7_pkey on sbtest7  (cost=0.43..10.56 rows=106 width=4)
	  Index Cond: ((id >= 3941792) AND (id <= 3941892))

table 8 : explain SELECT id FROM sbtest8 WHERE id BETWEEN 3941792 AND 3941892
	Index Only Scan using sbtest8_pkey on sbtest8  (cost=0.43..6.25 rows=91 width=4)
	  Index Cond: ((id >= 3941792) AND (id <= 3941892))

explain: for range-covered :: explain SELECT id FROM sbtest%d WHERE id BETWEEN 3941792 AND 3941892
for range-covered
table 1 : explain SELECT id FROM sbtest1 WHERE id BETWEEN 4279675 AND 4279775
	Index Only Scan using sbtest1_pkey on sbtest1  (cost=0.43..6.47 rows=102 width=4)
	  Index Cond: ((id >= 4279675) AND (id <= 4279775))

table 2 : explain SELECT id FROM sbtest2 WHERE id BETWEEN 4279675 AND 4279775
	Index Only Scan using sbtest2_pkey on sbtest2  (cost=0.43..6.67 rows=112 width=4)
	  Index Cond: ((id >= 4279675) AND (id <= 4279775))

table 3 : explain SELECT id FROM sbtest3 WHERE id BETWEEN 4279675 AND 4279775
	Index Only Scan using sbtest3_pkey on sbtest3  (cost=0.43..6.25 rows=91 width=4)
	  Index Cond: ((id >= 4279675) AND (id <= 4279775))

table 4 : explain SELECT id FROM sbtest4 WHERE id BETWEEN 4279675 AND 4279775
	Index Only Scan using sbtest4_pkey on sbtest4  (cost=0.43..6.37 rows=97 width=4)
	  Index Cond: ((id >= 4279675) AND (id <= 4279775))

table 5 : explain SELECT id FROM sbtest5 WHERE id BETWEEN 4279675 AND 4279775
	Index Only Scan using sbtest5_pkey on sbtest5  (cost=0.43..6.32 rows=94 width=4)
	  Index Cond: ((id >= 4279675) AND (id <= 4279775))

table 6 : explain SELECT id FROM sbtest6 WHERE id BETWEEN 4279675 AND 4279775
	Index Only Scan using sbtest6_pkey on sbtest6  (cost=0.43..6.40 rows=98 width=4)
	  Index Cond: ((id >= 4279675) AND (id <= 4279775))

table 7 : explain SELECT id FROM sbtest7 WHERE id BETWEEN 4279675 AND 4279775
	Index Only Scan using sbtest7_pkey on sbtest7  (cost=0.43..10.29 rows=93 width=4)
	  Index Cond: ((id >= 4279675) AND (id <= 4279775))

table 8 : explain SELECT id FROM sbtest8 WHERE id BETWEEN 4279675 AND 4279775
	Index Only Scan using sbtest8_pkey on sbtest8  (cost=0.43..6.59 rows=108 width=4)
	  Index Cond: ((id >= 4279675) AND (id <= 4279775))

explain: for range-covered :: explain SELECT id FROM sbtest%d WHERE id BETWEEN 5476161 AND 5476261
explain: for range-covered :: explain SELECT id FROM sbtest%d WHERE id BETWEEN 4279675 AND 4279775
for range-covered
table 1 : explain SELECT id FROM sbtest1 WHERE id BETWEEN 4409221 AND 4409321
	Index Only Scan using sbtest1_pkey on sbtest1  (cost=0.43..6.42 rows=99 width=4)
	  Index Cond: ((id >= 4409221) AND (id <= 4409321))

table 2 : explain SELECT id FROM sbtest2 WHERE id BETWEEN 4409221 AND 4409321
	Index Only Scan using sbtest2_pkey on sbtest2  (cost=0.43..6.40 rows=98 width=4)
	  Index Cond: ((id >= 4409221) AND (id <= 4409321))

table 3 : explain SELECT id FROM sbtest3 WHERE id BETWEEN 4409221 AND 4409321
	Index Only Scan using sbtest3_pkey on sbtest3  (cost=0.43..6.43 rows=100 width=4)
	  Index Cond: ((id >= 4409221) AND (id <= 4409321))

table 4 : explain SELECT id FROM sbtest4 WHERE id BETWEEN 4409221 AND 4409321
	Index Only Scan using sbtest4_pkey on sbtest4  (cost=0.43..6.40 rows=98 width=4)
	  Index Cond: ((id >= 4409221) AND (id <= 4409321))

table 5 : explain SELECT id FROM sbtest5 WHERE id BETWEEN 4409221 AND 4409321
	Index Only Scan using sbtest5_pkey on sbtest5  (cost=0.43..6.56 rows=106 width=4)
	  Index Cond: ((id >= 4409221) AND (id <= 4409321))

table 6 : explain SELECT id FROM sbtest6 WHERE id BETWEEN 4409221 AND 4409321
	Index Only Scan using sbtest6_pkey on sbtest6  (cost=0.43..6.63 rows=110 width=4)
	  Index Cond: ((id >= 4409221) AND (id <= 4409321))

table 7 : explain SELECT id FROM sbtest7 WHERE id BETWEEN 4409221 AND 4409321
	Index Only Scan using sbtest7_pkey on sbtest7  (cost=0.43..10.36 rows=96 width=4)
	  Index Cond: ((id >= 4409221) AND (id <= 4409321))

table 8 : explain SELECT id FROM sbtest8 WHERE id BETWEEN 4409221 AND 4409321
	Index Only Scan using sbtest8_pkey on sbtest8  (cost=0.43..6.37 rows=97 width=4)
	  Index Cond: ((id >= 4409221) AND (id <= 4409321))

explain: for range-covered :: explain SELECT id FROM sbtest%d WHERE id BETWEEN 4409221 AND 4409321
for range-covered
table 1 : explain SELECT id FROM sbtest1 WHERE id BETWEEN 4415402 AND 4415502
	Index Only Scan using sbtest1_pkey on sbtest1  (cost=0.43..6.42 rows=99 width=4)
	  Index Cond: ((id >= 4415402) AND (id <= 4415502))

table 2 : explain SELECT id FROM sbtest2 WHERE id BETWEEN 4415402 AND 4415502
	Index Only Scan using sbtest2_pkey on sbtest2  (cost=0.43..6.40 rows=98 width=4)
	  Index Cond: ((id >= 4415402) AND (id <= 4415502))

table 3 : explain SELECT id FROM sbtest3 WHERE id BETWEEN 4415402 AND 4415502
	Index Only Scan using sbtest3_pkey on sbtest3  (cost=0.43..6.43 rows=100 width=4)
	  Index Cond: ((id >= 4415402) AND (id <= 4415502))

table 4 : explain SELECT id FROM sbtest4 WHERE id BETWEEN 4415402 AND 4415502
	Index Only Scan using sbtest4_pkey on sbtest4  (cost=0.43..6.40 rows=98 width=4)
	  Index Cond: ((id >= 4415402) AND (id <= 4415502))

table 5 : explain SELECT id FROM sbtest5 WHERE id BETWEEN 4415402 AND 4415502
	Index Only Scan using sbtest5_pkey on sbtest5  (cost=0.43..6.56 rows=106 width=4)
	  Index Cond: ((id >= 4415402) AND (id <= 4415502))

table 6 : explain SELECT id FROM sbtest6 WHERE id BETWEEN 4415402 AND 4415502
	Index Only Scan using sbtest6_pkey on sbtest6  (cost=0.43..6.63 rows=110 width=4)
	  Index Cond: ((id >= 4415402) AND (id <= 4415502))

table 7 : explain SELECT id FROM sbtest7 WHERE id BETWEEN 4415402 AND 4415502
	Index Only Scan using sbtest7_pkey on sbtest7  (cost=0.43..10.36 rows=96 width=4)
	  Index Cond: ((id >= 4415402) AND (id <= 4415502))

table 8 : explain SELECT id FROM sbtest8 WHERE id BETWEEN 4415402 AND 4415502
	Index Only Scan using sbtest8_pkey on sbtest8  (cost=0.43..6.37 rows=97 width=4)
	  Index Cond: ((id >= 4415402) AND (id <= 4415502))

explain: for range-covered :: explain SELECT id FROM sbtest%d WHERE id BETWEEN 4415402 AND 4415502
explain: for range-covered :: explain SELECT id FROM sbtest%d WHERE id BETWEEN 2428189 AND 2428289
for range-covered
table 1 : explain SELECT id FROM sbtest1 WHERE id BETWEEN 3941792 AND 3941892
	Index Only Scan using sbtest1_pkey on sbtest1  (cost=0.43..6.45 rows=101 width=4)
	  Index Cond: ((id >= 3941792) AND (id <= 3941892))

table 2 : explain SELECT id FROM sbtest2 WHERE id BETWEEN 3941792 AND 3941892
	Index Only Scan using sbtest2_pkey on sbtest2  (cost=0.43..6.50 rows=103 width=4)
	  Index Cond: ((id >= 3941792) AND (id <= 3941892))

table 3 : explain SELECT id FROM sbtest3 WHERE id BETWEEN 3941792 AND 3941892
	Index Only Scan using sbtest3_pkey on sbtest3  (cost=0.43..6.43 rows=100 width=4)
	  Index Cond: ((id >= 3941792) AND (id <= 3941892))

table 4 : explain SELECT id FROM sbtest4 WHERE id BETWEEN 3941792 AND 3941892
	Index Only Scan using sbtest4_pkey on sbtest4  (cost=0.43..6.19 rows=88 width=4)
	  Index Cond: ((id >= 3941792) AND (id <= 3941892))

table 5 : explain SELECT id FROM sbtest5 WHERE id BETWEEN 3941792 AND 3941892
	Index Only Scan using sbtest5_pkey on sbtest5  (cost=0.43..6.51 rows=104 width=4)
	  Index Cond: ((id >= 3941792) AND (id <= 3941892))

table 6 : explain SELECT id FROM sbtest6 WHERE id BETWEEN 3941792 AND 3941892
	Index Only Scan using sbtest6_pkey on sbtest6  (cost=0.43..6.45 rows=101 width=4)
	  Index Cond: ((id >= 3941792) AND (id <= 3941892))

table 7 : explain SELECT id FROM sbtest7 WHERE id BETWEEN 3941792 AND 3941892
	Index Only Scan using sbtest7_pkey on sbtest7  (cost=0.43..10.56 rows=106 width=4)
	  Index Cond: ((id >= 3941792) AND (id <= 3941892))

table 8 : explain SELECT id FROM sbtest8 WHERE id BETWEEN 3941792 AND 3941892
	Index Only Scan using sbtest8_pkey on sbtest8  (cost=0.43..6.25 rows=91 width=4)
	  Index Cond: ((id >= 3941792) AND (id <= 3941892))

explain: for range-covered :: explain SELECT id FROM sbtest%d WHERE id BETWEEN 3941792 AND 3941892
for range-covered
table 1 : explain SELECT id FROM sbtest1 WHERE id BETWEEN 4279675 AND 4279775
	Index Only Scan using sbtest1_pkey on sbtest1  (cost=0.43..6.47 rows=102 width=4)
	  Index Cond: ((id >= 4279675) AND (id <= 4279775))

table 2 : explain SELECT id FROM sbtest2 WHERE id BETWEEN 4279675 AND 4279775
	Index Only Scan using sbtest2_pkey on sbtest2  (cost=0.43..6.67 rows=112 width=4)
	  Index Cond: ((id >= 4279675) AND (id <= 4279775))

table 3 : explain SELECT id FROM sbtest3 WHERE id BETWEEN 4279675 AND 4279775
	Index Only Scan using sbtest3_pkey on sbtest3  (cost=0.43..6.25 rows=91 width=4)
	  Index Cond: ((id >= 4279675) AND (id <= 4279775))

table 4 : explain SELECT id FROM sbtest4 WHERE id BETWEEN 4279675 AND 4279775
	Index Only Scan using sbtest4_pkey on sbtest4  (cost=0.43..6.37 rows=97 width=4)
	  Index Cond: ((id >= 4279675) AND (id <= 4279775))

table 5 : explain SELECT id FROM sbtest5 WHERE id BETWEEN 4279675 AND 4279775
	Index Only Scan using sbtest5_pkey on sbtest5  (cost=0.43..6.32 rows=94 width=4)
	  Index Cond: ((id >= 4279675) AND (id <= 4279775))

table 6 : explain SELECT id FROM sbtest6 WHERE id BETWEEN 4279675 AND 4279775
	Index Only Scan using sbtest6_pkey on sbtest6  (cost=0.43..6.40 rows=98 width=4)
	  Index Cond: ((id >= 4279675) AND (id <= 4279775))

table 7 : explain SELECT id FROM sbtest7 WHERE id BETWEEN 4279675 AND 4279775
	Index Only Scan using sbtest7_pkey on sbtest7  (cost=0.43..10.29 rows=93 width=4)
	  Index Cond: ((id >= 4279675) AND (id <= 4279775))

table 8 : explain SELECT id FROM sbtest8 WHERE id BETWEEN 4279675 AND 4279775
	Index Only Scan using sbtest8_pkey on sbtest8  (cost=0.43..6.59 rows=108 width=4)
	  Index Cond: ((id >= 4279675) AND (id <= 4279775))

for range-covered
table 1 : explain SELECT id FROM sbtest1 WHERE id BETWEEN 7457900 AND 7458000
	Index Only Scan using sbtest1_pkey on sbtest1  (cost=0.43..6.45 rows=101 width=4)
	  Index Cond: ((id >= 7457900) AND (id <= 7458000))

table 2 : explain SELECT id FROM sbtest2 WHERE id BETWEEN 7457900 AND 7458000
	Index Only Scan using sbtest2_pkey on sbtest2  (cost=0.43..6.53 rows=105 width=4)
	  Index Cond: ((id >= 7457900) AND (id <= 7458000))

table 3 : explain SELECT id FROM sbtest3 WHERE id BETWEEN 7457900 AND 7458000
	Index Only Scan using sbtest3_pkey on sbtest3  (cost=0.43..6.66 rows=111 width=4)
	  Index Cond: ((id >= 7457900) AND (id <= 7458000))

table 4 : explain SELECT id FROM sbtest4 WHERE id BETWEEN 7457900 AND 7458000
	Index Only Scan using sbtest4_pkey on sbtest4  (cost=0.43..6.50 rows=103 width=4)
	  Index Cond: ((id >= 7457900) AND (id <= 7458000))

table 5 : explain SELECT id FROM sbtest5 WHERE id BETWEEN 7457900 AND 7458000
	Index Only Scan using sbtest5_pkey on sbtest5  (cost=0.43..6.50 rows=103 width=4)
	  Index Cond: ((id >= 7457900) AND (id <= 7458000))

table 6 : explain SELECT id FROM sbtest6 WHERE id BETWEEN 7457900 AND 7458000
	Index Only Scan using sbtest6_pkey on sbtest6  (cost=0.43..6.35 rows=96 width=4)
	  Index Cond: ((id >= 7457900) AND (id <= 7458000))

table 7 : explain SELECT id FROM sbtest7 WHERE id BETWEEN 7457900 AND 7458000
	Index Only Scan using sbtest7_pkey on sbtest7  (cost=0.43..10.47 rows=102 width=4)
	  Index Cond: ((id >= 7457900) AND (id <= 7458000))

table 8 : explain SELECT id FROM sbtest8 WHERE id BETWEEN 7457900 AND 7458000
	Index Only Scan using sbtest8_pkey on sbtest8  (cost=0.43..6.47 rows=102 width=4)
	  Index Cond: ((id >= 7457900) AND (id <= 7458000))

explain: for range-covered :: explain SELECT id FROM sbtest%d WHERE id BETWEEN 4279675 AND 4279775
for range-covered
table 1 : explain SELECT id FROM sbtest1 WHERE id BETWEEN 4409221 AND 4409321
	Index Only Scan using sbtest1_pkey on sbtest1  (cost=0.43..6.42 rows=99 width=4)
	  Index Cond: ((id >= 4409221) AND (id <= 4409321))

table 2 : explain SELECT id FROM sbtest2 WHERE id BETWEEN 4409221 AND 4409321
	Index Only Scan using sbtest2_pkey on sbtest2  (cost=0.43..6.40 rows=98 width=4)
	  Index Cond: ((id >= 4409221) AND (id <= 4409321))

table 3 : explain SELECT id FROM sbtest3 WHERE id BETWEEN 4409221 AND 4409321
	Index Only Scan using sbtest3_pkey on sbtest3  (cost=0.43..6.43 rows=100 width=4)
	  Index Cond: ((id >= 4409221) AND (id <= 4409321))

table 4 : explain SELECT id FROM sbtest4 WHERE id BETWEEN 4409221 AND 4409321
	Index Only Scan using sbtest4_pkey on sbtest4  (cost=0.43..6.40 rows=98 width=4)
	  Index Cond: ((id >= 4409221) AND (id <= 4409321))

table 5 : explain SELECT id FROM sbtest5 WHERE id BETWEEN 4409221 AND 4409321
	Index Only Scan using sbtest5_pkey on sbtest5  (cost=0.43..6.56 rows=106 width=4)
	  Index Cond: ((id >= 4409221) AND (id <= 4409321))

table 6 : explain SELECT id FROM sbtest6 WHERE id BETWEEN 4409221 AND 4409321
	Index Only Scan using sbtest6_pkey on sbtest6  (cost=0.43..6.63 rows=110 width=4)
	  Index Cond: ((id >= 4409221) AND (id <= 4409321))

table 7 : explain SELECT id FROM sbtest7 WHERE id BETWEEN 4409221 AND 4409321
	Index Only Scan using sbtest7_pkey on sbtest7  (cost=0.43..10.36 rows=96 width=4)
	  Index Cond: ((id >= 4409221) AND (id <= 4409321))

table 8 : explain SELECT id FROM sbtest8 WHERE id BETWEEN 4409221 AND 4409321
	Index Only Scan using sbtest8_pkey on sbtest8  (cost=0.43..6.37 rows=97 width=4)
	  Index Cond: ((id >= 4409221) AND (id <= 4409321))

explain: for range-covered :: explain SELECT id FROM sbtest%d WHERE id BETWEEN 7457900 AND 7458000
for range-covered
table 1 : explain SELECT id FROM sbtest1 WHERE id BETWEEN 4415402 AND 4415502
	Index Only Scan using sbtest1_pkey on sbtest1  (cost=0.43..6.42 rows=99 width=4)
	  Index Cond: ((id >= 4415402) AND (id <= 4415502))

table 2 : explain SELECT id FROM sbtest2 WHERE id BETWEEN 4415402 AND 4415502
	Index Only Scan using sbtest2_pkey on sbtest2  (cost=0.43..6.40 rows=98 width=4)
	  Index Cond: ((id >= 4415402) AND (id <= 4415502))

table 3 : explain SELECT id FROM sbtest3 WHERE id BETWEEN 4415402 AND 4415502
	Index Only Scan using sbtest3_pkey on sbtest3  (cost=0.43..6.43 rows=100 width=4)
	  Index Cond: ((id >= 4415402) AND (id <= 4415502))

table 4 : explain SELECT id FROM sbtest4 WHERE id BETWEEN 4415402 AND 4415502
	Index Only Scan using sbtest4_pkey on sbtest4  (cost=0.43..6.40 rows=98 width=4)
	  Index Cond: ((id >= 4415402) AND (id <= 4415502))

table 5 : explain SELECT id FROM sbtest5 WHERE id BETWEEN 4415402 AND 4415502
	Index Only Scan using sbtest5_pkey on sbtest5  (cost=0.43..6.56 rows=106 width=4)
	  Index Cond: ((id >= 4415402) AND (id <= 4415502))

table 6 : explain SELECT id FROM sbtest6 WHERE id BETWEEN 4415402 AND 4415502
	Index Only Scan using sbtest6_pkey on sbtest6  (cost=0.43..6.63 rows=110 width=4)
	  Index Cond: ((id >= 4415402) AND (id <= 4415502))

table 7 : explain SELECT id FROM sbtest7 WHERE id BETWEEN 4415402 AND 4415502
	Index Only Scan using sbtest7_pkey on sbtest7  (cost=0.43..10.36 rows=96 width=4)
	  Index Cond: ((id >= 4415402) AND (id <= 4415502))

table 8 : explain SELECT id FROM sbtest8 WHERE id BETWEEN 4415402 AND 4415502
	Index Only Scan using sbtest8_pkey on sbtest8  (cost=0.43..6.37 rows=97 width=4)
	  Index Cond: ((id >= 4415402) AND (id <= 4415502))

explain: for range-covered :: explain SELECT id FROM sbtest%d WHERE id BETWEEN 4415402 AND 4415502
for range-covered
table 1 : explain SELECT id FROM sbtest1 WHERE id BETWEEN 3941792 AND 3941892
	Index Only Scan using sbtest1_pkey on sbtest1  (cost=0.43..6.45 rows=101 width=4)
	  Index Cond: ((id >= 3941792) AND (id <= 3941892))

table 2 : explain SELECT id FROM sbtest2 WHERE id BETWEEN 3941792 AND 3941892
	Index Only Scan using sbtest2_pkey on sbtest2  (cost=0.43..6.50 rows=103 width=4)
	  Index Cond: ((id >= 3941792) AND (id <= 3941892))

table 3 : explain SELECT id FROM sbtest3 WHERE id BETWEEN 3941792 AND 3941892
	Index Only Scan using sbtest3_pkey on sbtest3  (cost=0.43..6.43 rows=100 width=4)
	  Index Cond: ((id >= 3941792) AND (id <= 3941892))

table 4 : explain SELECT id FROM sbtest4 WHERE id BETWEEN 3941792 AND 3941892
	Index Only Scan using sbtest4_pkey on sbtest4  (cost=0.43..6.19 rows=88 width=4)
	  Index Cond: ((id >= 3941792) AND (id <= 3941892))

table 5 : explain SELECT id FROM sbtest5 WHERE id BETWEEN 3941792 AND 3941892
	Index Only Scan using sbtest5_pkey on sbtest5  (cost=0.43..6.51 rows=104 width=4)
	  Index Cond: ((id >= 3941792) AND (id <= 3941892))

table 6 : explain SELECT id FROM sbtest6 WHERE id BETWEEN 3941792 AND 3941892
	Index Only Scan using sbtest6_pkey on sbtest6  (cost=0.43..6.45 rows=101 width=4)
	  Index Cond: ((id >= 3941792) AND (id <= 3941892))

table 7 : explain SELECT id FROM sbtest7 WHERE id BETWEEN 3941792 AND 3941892
	Index Only Scan using sbtest7_pkey on sbtest7  (cost=0.43..10.56 rows=106 width=4)
	  Index Cond: ((id >= 3941792) AND (id <= 3941892))

table 8 : explain SELECT id FROM sbtest8 WHERE id BETWEEN 3941792 AND 3941892
	Index Only Scan using sbtest8_pkey on sbtest8  (cost=0.43..6.25 rows=91 width=4)
	  Index Cond: ((id >= 3941792) AND (id <= 3941892))

for range-covered
table 1 : explain SELECT id FROM sbtest1 WHERE id BETWEEN 4525514 AND 4525614
	Index Only Scan using sbtest1_pkey on sbtest1  (cost=0.43..6.33 rows=95 width=4)
	  Index Cond: ((id >= 4525514) AND (id <= 4525614))

table 2 : explain SELECT id FROM sbtest2 WHERE id BETWEEN 4525514 AND 4525614
	Index Only Scan using sbtest2_pkey on sbtest2  (cost=0.43..6.43 rows=100 width=4)
	  Index Cond: ((id >= 4525514) AND (id <= 4525614))

table 3 : explain SELECT id FROM sbtest3 WHERE id BETWEEN 4525514 AND 4525614
	Index Only Scan using sbtest3_pkey on sbtest3  (cost=0.43..6.47 rows=102 width=4)
	  Index Cond: ((id >= 4525514) AND (id <= 4525614))

table 4 : explain SELECT id FROM sbtest4 WHERE id BETWEEN 4525514 AND 4525614
	Index Only Scan using sbtest4_pkey on sbtest4  (cost=0.43..6.43 rows=100 width=4)
	  Index Cond: ((id >= 4525514) AND (id <= 4525614))

table 5 : explain SELECT id FROM sbtest5 WHERE id BETWEEN 4525514 AND 4525614
	Index Only Scan using sbtest5_pkey on sbtest5  (cost=0.43..6.47 rows=102 width=4)
	  Index Cond: ((id >= 4525514) AND (id <= 4525614))

table 6 : explain SELECT id FROM sbtest6 WHERE id BETWEEN 4525514 AND 4525614
	Index Only Scan using sbtest6_pkey on sbtest6  (cost=0.43..6.45 rows=101 width=4)
	  Index Cond: ((id >= 4525514) AND (id <= 4525614))

table 7 : explain SELECT id FROM sbtest7 WHERE id BETWEEN 4525514 AND 4525614
	Index Only Scan using sbtest7_pkey on sbtest7  (cost=0.43..10.68 rows=112 width=4)
	  Index Cond: ((id >= 4525514) AND (id <= 4525614))

table 8 : explain SELECT id FROM sbtest8 WHERE id BETWEEN 4525514 AND 4525614
	Index Only Scan using sbtest8_pkey on sbtest8  (cost=0.43..6.35 rows=96 width=4)
	  Index Cond: ((id >= 4525514) AND (id <= 4525614))

explain: for range-covered :: explain SELECT id FROM sbtest%d WHERE id BETWEEN 3941792 AND 3941892
for range-covered
table 1 : explain SELECT id FROM sbtest1 WHERE id BETWEEN 6722379 AND 6722479
	Index Only Scan using sbtest1_pkey on sbtest1  (cost=0.43..6.37 rows=97 width=4)
	  Index Cond: ((id >= 6722379) AND (id <= 6722479))

table 2 : explain SELECT id FROM sbtest2 WHERE id BETWEEN 6722379 AND 6722479
	Index Only Scan using sbtest2_pkey on sbtest2  (cost=0.43..6.25 rows=91 width=4)
	  Index Cond: ((id >= 6722379) AND (id <= 6722479))

table 3 : explain SELECT id FROM sbtest3 WHERE id BETWEEN 6722379 AND 6722479
	Index Only Scan using sbtest3_pkey on sbtest3  (cost=0.43..6.67 rows=112 width=4)
	  Index Cond: ((id >= 6722379) AND (id <= 6722479))

table 4 : explain SELECT id FROM sbtest4 WHERE id BETWEEN 6722379 AND 6722479
	Index Only Scan using sbtest4_pkey on sbtest4  (cost=0.43..6.37 rows=97 width=4)
	  Index Cond: ((id >= 6722379) AND (id <= 6722479))

table 5 : explain SELECT id FROM sbtest5 WHERE id BETWEEN 6722379 AND 6722479
	Index Only Scan using sbtest5_pkey on sbtest5  (cost=0.43..6.43 rows=100 width=4)
	  Index Cond: ((id >= 6722379) AND (id <= 6722479))

table 6 : explain SELECT id FROM sbtest6 WHERE id BETWEEN 6722379 AND 6722479
	Index Only Scan using sbtest6_pkey on sbtest6  (cost=0.43..6.43 rows=100 width=4)
	  Index Cond: ((id >= 6722379) AND (id <= 6722479))

table 7 : explain SELECT id FROM sbtest7 WHERE id BETWEEN 6722379 AND 6722479
	Index Only Scan using sbtest7_pkey on sbtest7  (cost=0.43..10.40 rows=98 width=4)
	  Index Cond: ((id >= 6722379) AND (id <= 6722479))

table 8 : explain SELECT id FROM sbtest8 WHERE id BETWEEN 6722379 AND 6722479
	Index Only Scan using sbtest8_pkey on sbtest8  (cost=0.43..6.58 rows=107 width=4)
	  Index Cond: ((id >= 6722379) AND (id <= 6722479))

explain: for range-covered :: explain SELECT id FROM sbtest%d WHERE id BETWEEN 4525514 AND 4525614
for range-covered
table 1 : explain SELECT id FROM sbtest1 WHERE id BETWEEN 4279675 AND 4279775
	Index Only Scan using sbtest1_pkey on sbtest1  (cost=0.43..6.47 rows=102 width=4)
	  Index Cond: ((id >= 4279675) AND (id <= 4279775))

table 2 : explain SELECT id FROM sbtest2 WHERE id BETWEEN 4279675 AND 4279775
	Index Only Scan using sbtest2_pkey on sbtest2  (cost=0.43..6.67 rows=112 width=4)
	  Index Cond: ((id >= 4279675) AND (id <= 4279775))

table 3 : explain SELECT id FROM sbtest3 WHERE id BETWEEN 4279675 AND 4279775
	Index Only Scan using sbtest3_pkey on sbtest3  (cost=0.43..6.25 rows=91 width=4)
	  Index Cond: ((id >= 4279675) AND (id <= 4279775))

table 4 : explain SELECT id FROM sbtest4 WHERE id BETWEEN 4279675 AND 4279775
	Index Only Scan using sbtest4_pkey on sbtest4  (cost=0.43..6.37 rows=97 width=4)
	  Index Cond: ((id >= 4279675) AND (id <= 4279775))

table 5 : explain SELECT id FROM sbtest5 WHERE id BETWEEN 4279675 AND 4279775
	Index Only Scan using sbtest5_pkey on sbtest5  (cost=0.43..6.32 rows=94 width=4)
	  Index Cond: ((id >= 4279675) AND (id <= 4279775))

table 6 : explain SELECT id FROM sbtest6 WHERE id BETWEEN 4279675 AND 4279775
	Index Only Scan using sbtest6_pkey on sbtest6  (cost=0.43..6.40 rows=98 width=4)
	  Index Cond: ((id >= 4279675) AND (id <= 4279775))

table 7 : explain SELECT id FROM sbtest7 WHERE id BETWEEN 4279675 AND 4279775
	Index Only Scan using sbtest7_pkey on sbtest7  (cost=0.43..10.29 rows=93 width=4)
	  Index Cond: ((id >= 4279675) AND (id <= 4279775))

table 8 : explain SELECT id FROM sbtest8 WHERE id BETWEEN 4279675 AND 4279775
	Index Only Scan using sbtest8_pkey on sbtest8  (cost=0.43..6.59 rows=108 width=4)
	  Index Cond: ((id >= 4279675) AND (id <= 4279775))

for range-covered
table 1 : explain SELECT id FROM sbtest1 WHERE id BETWEEN 4415402 AND 4415502
	Index Only Scan using sbtest1_pkey on sbtest1  (cost=0.43..6.42 rows=99 width=4)
	  Index Cond: ((id >= 4415402) AND (id <= 4415502))

table 2 : explain SELECT id FROM sbtest2 WHERE id BETWEEN 4415402 AND 4415502
	Index Only Scan using sbtest2_pkey on sbtest2  (cost=0.43..6.40 rows=98 width=4)
	  Index Cond: ((id >= 4415402) AND (id <= 4415502))

table 3 : explain SELECT id FROM sbtest3 WHERE id BETWEEN 4415402 AND 4415502
	Index Only Scan using sbtest3_pkey on sbtest3  (cost=0.43..6.43 rows=100 width=4)
	  Index Cond: ((id >= 4415402) AND (id <= 4415502))

table 4 : explain SELECT id FROM sbtest4 WHERE id BETWEEN 4415402 AND 4415502
	Index Only Scan using sbtest4_pkey on sbtest4  (cost=0.43..6.40 rows=98 width=4)
	  Index Cond: ((id >= 4415402) AND (id <= 4415502))

table 5 : explain SELECT id FROM sbtest5 WHERE id BETWEEN 4415402 AND 4415502
	Index Only Scan using sbtest5_pkey on sbtest5  (cost=0.43..6.56 rows=106 width=4)
	  Index Cond: ((id >= 4415402) AND (id <= 4415502))

table 6 : explain SELECT id FROM sbtest6 WHERE id BETWEEN 4415402 AND 4415502
	Index Only Scan using sbtest6_pkey on sbtest6  (cost=0.43..6.63 rows=110 width=4)
	  Index Cond: ((id >= 4415402) AND (id <= 4415502))

table 7 : explain SELECT id FROM sbtest7 WHERE id BETWEEN 4415402 AND 4415502
	Index Only Scan using sbtest7_pkey on sbtest7  (cost=0.43..10.36 rows=96 width=4)
	  Index Cond: ((id >= 4415402) AND (id <= 4415502))

table 8 : explain SELECT id FROM sbtest8 WHERE id BETWEEN 4415402 AND 4415502
	Index Only Scan using sbtest8_pkey on sbtest8  (cost=0.43..6.37 rows=97 width=4)
	  Index Cond: ((id >= 4415402) AND (id <= 4415502))

for range-covered
table 1 : explain SELECT id FROM sbtest1 WHERE id BETWEEN 7457900 AND 7458000
	Index Only Scan using sbtest1_pkey on sbtest1  (cost=0.43..6.45 rows=101 width=4)
	  Index Cond: ((id >= 7457900) AND (id <= 7458000))

table 2 : explain SELECT id FROM sbtest2 WHERE id BETWEEN 7457900 AND 7458000
	Index Only Scan using sbtest2_pkey on sbtest2  (cost=0.43..6.53 rows=105 width=4)
	  Index Cond: ((id >= 7457900) AND (id <= 7458000))

table 3 : explain SELECT id FROM sbtest3 WHERE id BETWEEN 7457900 AND 7458000
	Index Only Scan using sbtest3_pkey on sbtest3  (cost=0.43..6.66 rows=111 width=4)
	  Index Cond: ((id >= 7457900) AND (id <= 7458000))

table 4 : explain SELECT id FROM sbtest4 WHERE id BETWEEN 7457900 AND 7458000
	Index Only Scan using sbtest4_pkey on sbtest4  (cost=0.43..6.50 rows=103 width=4)
	  Index Cond: ((id >= 7457900) AND (id <= 7458000))

table 5 : explain SELECT id FROM sbtest5 WHERE id BETWEEN 7457900 AND 7458000
	Index Only Scan using sbtest5_pkey on sbtest5  (cost=0.43..6.50 rows=103 width=4)
	  Index Cond: ((id >= 7457900) AND (id <= 7458000))

table 6 : explain SELECT id FROM sbtest6 WHERE id BETWEEN 7457900 AND 7458000
	Index Only Scan using sbtest6_pkey on sbtest6  (cost=0.43..6.35 rows=96 width=4)
	  Index Cond: ((id >= 7457900) AND (id <= 7458000))

table 7 : explain SELECT id FROM sbtest7 WHERE id BETWEEN 7457900 AND 7458000
	Index Only Scan using sbtest7_pkey on sbtest7  (cost=0.43..10.47 rows=102 width=4)
	  Index Cond: ((id >= 7457900) AND (id <= 7458000))

table 8 : explain SELECT id FROM sbtest8 WHERE id BETWEEN 7457900 AND 7458000
	Index Only Scan using sbtest8_pkey on sbtest8  (cost=0.43..6.47 rows=102 width=4)
	  Index Cond: ((id >= 7457900) AND (id <= 7458000))

explain: for range-covered :: explain SELECT id FROM sbtest%d WHERE id BETWEEN 6722379 AND 6722479
explain: for range-covered :: explain SELECT id FROM sbtest%d WHERE id BETWEEN 4279675 AND 4279775
explain: for range-covered :: explain SELECT id FROM sbtest%d WHERE id BETWEEN 4415402 AND 4415502
explain: for range-covered :: explain SELECT id FROM sbtest%d WHERE id BETWEEN 7457900 AND 7458000
for range-covered
table 1 : explain SELECT id FROM sbtest1 WHERE id BETWEEN 4415402 AND 4415502
	Index Only Scan using sbtest1_pkey on sbtest1  (cost=0.43..6.42 rows=99 width=4)
	  Index Cond: ((id >= 4415402) AND (id <= 4415502))

table 2 : explain SELECT id FROM sbtest2 WHERE id BETWEEN 4415402 AND 4415502
	Index Only Scan using sbtest2_pkey on sbtest2  (cost=0.43..6.40 rows=98 width=4)
	  Index Cond: ((id >= 4415402) AND (id <= 4415502))

table 3 : explain SELECT id FROM sbtest3 WHERE id BETWEEN 4415402 AND 4415502
	Index Only Scan using sbtest3_pkey on sbtest3  (cost=0.43..6.43 rows=100 width=4)
	  Index Cond: ((id >= 4415402) AND (id <= 4415502))

table 4 : explain SELECT id FROM sbtest4 WHERE id BETWEEN 4415402 AND 4415502
	Index Only Scan using sbtest4_pkey on sbtest4  (cost=0.43..6.40 rows=98 width=4)
	  Index Cond: ((id >= 4415402) AND (id <= 4415502))

table 5 : explain SELECT id FROM sbtest5 WHERE id BETWEEN 4415402 AND 4415502
	Index Only Scan using sbtest5_pkey on sbtest5  (cost=0.43..6.56 rows=106 width=4)
	  Index Cond: ((id >= 4415402) AND (id <= 4415502))

table 6 : explain SELECT id FROM sbtest6 WHERE id BETWEEN 4415402 AND 4415502
	Index Only Scan using sbtest6_pkey on sbtest6  (cost=0.43..6.63 rows=110 width=4)
	  Index Cond: ((id >= 4415402) AND (id <= 4415502))

table 7 : explain SELECT id FROM sbtest7 WHERE id BETWEEN 4415402 AND 4415502
	Index Only Scan using sbtest7_pkey on sbtest7  (cost=0.43..10.36 rows=96 width=4)
	  Index Cond: ((id >= 4415402) AND (id <= 4415502))

table 8 : explain SELECT id FROM sbtest8 WHERE id BETWEEN 4415402 AND 4415502
	Index Only Scan using sbtest8_pkey on sbtest8  (cost=0.43..6.37 rows=97 width=4)
	  Index Cond: ((id >= 4415402) AND (id <= 4415502))

for range-covered
table 1 : explain SELECT id FROM sbtest1 WHERE id BETWEEN 7457900 AND 7458000
	Index Only Scan using sbtest1_pkey on sbtest1  (cost=0.43..6.45 rows=101 width=4)
	  Index Cond: ((id >= 7457900) AND (id <= 7458000))

table 2 : explain SELECT id FROM sbtest2 WHERE id BETWEEN 7457900 AND 7458000
	Index Only Scan using sbtest2_pkey on sbtest2  (cost=0.43..6.53 rows=105 width=4)
	  Index Cond: ((id >= 7457900) AND (id <= 7458000))

table 3 : explain SELECT id FROM sbtest3 WHERE id BETWEEN 7457900 AND 7458000
	Index Only Scan using sbtest3_pkey on sbtest3  (cost=0.43..6.66 rows=111 width=4)
	  Index Cond: ((id >= 7457900) AND (id <= 7458000))

table 4 : explain SELECT id FROM sbtest4 WHERE id BETWEEN 7457900 AND 7458000
	Index Only Scan using sbtest4_pkey on sbtest4  (cost=0.43..6.50 rows=103 width=4)
	  Index Cond: ((id >= 7457900) AND (id <= 7458000))

table 5 : explain SELECT id FROM sbtest5 WHERE id BETWEEN 7457900 AND 7458000
	Index Only Scan using sbtest5_pkey on sbtest5  (cost=0.43..6.50 rows=103 width=4)
	  Index Cond: ((id >= 7457900) AND (id <= 7458000))

table 6 : explain SELECT id FROM sbtest6 WHERE id BETWEEN 7457900 AND 7458000
	Index Only Scan using sbtest6_pkey on sbtest6  (cost=0.43..6.35 rows=96 width=4)
	  Index Cond: ((id >= 7457900) AND (id <= 7458000))

table 7 : explain SELECT id FROM sbtest7 WHERE id BETWEEN 7457900 AND 7458000
	Index Only Scan using sbtest7_pkey on sbtest7  (cost=0.43..10.47 rows=102 width=4)
	  Index Cond: ((id >= 7457900) AND (id <= 7458000))

table 8 : explain SELECT id FROM sbtest8 WHERE id BETWEEN 7457900 AND 7458000
	Index Only Scan using sbtest8_pkey on sbtest8  (cost=0.43..6.47 rows=102 width=4)
	  Index Cond: ((id >= 7457900) AND (id <= 7458000))
for range-covered
table 1 : explain SELECT id FROM sbtest1 WHERE id BETWEEN 4279675 AND 4279775
	Index Only Scan using sbtest1_pkey on sbtest1  (cost=0.43..6.47 rows=102 width=4)
	  Index Cond: ((id >= 4279675) AND (id <= 4279775))

table 2 : explain SELECT id FROM sbtest2 WHERE id BETWEEN 4279675 AND 4279775
	Index Only Scan using sbtest2_pkey on sbtest2  (cost=0.43..6.67 rows=112 width=4)
	  Index Cond: ((id >= 4279675) AND (id <= 4279775))

table 3 : explain SELECT id FROM sbtest3 WHERE id BETWEEN 4279675 AND 4279775
	Index Only Scan using sbtest3_pkey on sbtest3  (cost=0.43..6.25 rows=91 width=4)
	  Index Cond: ((id >= 4279675) AND (id <= 4279775))

table 4 : explain SELECT id FROM sbtest4 WHERE id BETWEEN 4279675 AND 4279775
	Index Only Scan using sbtest4_pkey on sbtest4  (cost=0.43..6.37 rows=97 width=4)
	  Index Cond: ((id >= 4279675) AND (id <= 4279775))

table 5 : explain SELECT id FROM sbtest5 WHERE id BETWEEN 4279675 AND 4279775
	Index Only Scan using sbtest5_pkey on sbtest5  (cost=0.43..6.32 rows=94 width=4)
	  Index Cond: ((id >= 4279675) AND (id <= 4279775))

table 6 : explain SELECT id FROM sbtest6 WHERE id BETWEEN 4279675 AND 4279775
	Index Only Scan using sbtest6_pkey on sbtest6  (cost=0.43..6.40 rows=98 width=4)
	  Index Cond: ((id >= 4279675) AND (id <= 4279775))

table 7 : explain SELECT id FROM sbtest7 WHERE id BETWEEN 4279675 AND 4279775
	Index Only Scan using sbtest7_pkey on sbtest7  (cost=0.43..10.29 rows=93 width=4)
	  Index Cond: ((id >= 4279675) AND (id <= 4279775))

table 8 : explain SELECT id FROM sbtest8 WHERE id BETWEEN 4279675 AND 4279775
	Index Only Scan using sbtest8_pkey on sbtest8  (cost=0.43..6.59 rows=108 width=4)
	  Index Cond: ((id >= 4279675) AND (id <= 4279775))

for range-covered
table 1 : explain SELECT id FROM sbtest1 WHERE id BETWEEN 3941792 AND 3941892
	Index Only Scan using sbtest1_pkey on sbtest1  (cost=0.43..6.45 rows=101 width=4)
	  Index Cond: ((id >= 3941792) AND (id <= 3941892))

table 2 : explain SELECT id FROM sbtest2 WHERE id BETWEEN 3941792 AND 3941892
	Index Only Scan using sbtest2_pkey on sbtest2  (cost=0.43..6.50 rows=103 width=4)
	  Index Cond: ((id >= 3941792) AND (id <= 3941892))

table 3 : explain SELECT id FROM sbtest3 WHERE id BETWEEN 3941792 AND 3941892
	Index Only Scan using sbtest3_pkey on sbtest3  (cost=0.43..6.43 rows=100 width=4)
	  Index Cond: ((id >= 3941792) AND (id <= 3941892))

table 4 : explain SELECT id FROM sbtest4 WHERE id BETWEEN 3941792 AND 3941892
	Index Only Scan using sbtest4_pkey on sbtest4  (cost=0.43..6.19 rows=88 width=4)
	  Index Cond: ((id >= 3941792) AND (id <= 3941892))

table 5 : explain SELECT id FROM sbtest5 WHERE id BETWEEN 3941792 AND 3941892
	Index Only Scan using sbtest5_pkey on sbtest5  (cost=0.43..6.51 rows=104 width=4)
	  Index Cond: ((id >= 3941792) AND (id <= 3941892))

table 6 : explain SELECT id FROM sbtest6 WHERE id BETWEEN 3941792 AND 3941892
	Index Only Scan using sbtest6_pkey on sbtest6  (cost=0.43..6.45 rows=101 width=4)
	  Index Cond: ((id >= 3941792) AND (id <= 3941892))

table 7 : explain SELECT id FROM sbtest7 WHERE id BETWEEN 3941792 AND 3941892
	Index Only Scan using sbtest7_pkey on sbtest7  (cost=0.43..10.56 rows=106 width=4)
	  Index Cond: ((id >= 3941792) AND (id <= 3941892))

table 8 : explain SELECT id FROM sbtest8 WHERE id BETWEEN 3941792 AND 3941892
	Index Only Scan using sbtest8_pkey on sbtest8  (cost=0.43..6.25 rows=91 width=4)
	  Index Cond: ((id >= 3941792) AND (id <= 3941892))


for range-covered
table 1 : explain SELECT id FROM sbtest1 WHERE id BETWEEN 5476161 AND 5476261
	Index Only Scan using sbtest1_pkey on sbtest1  (cost=0.43..6.40 rows=98 width=4)
	  Index Cond: ((id >= 5476161) AND (id <= 5476261))

table 2 : explain SELECT id FROM sbtest2 WHERE id BETWEEN 5476161 AND 5476261
	Index Only Scan using sbtest2_pkey on sbtest2  (cost=0.43..6.27 rows=92 width=4)
	  Index Cond: ((id >= 5476161) AND (id <= 5476261))

table 3 : explain SELECT id FROM sbtest3 WHERE id BETWEEN 5476161 AND 5476261
	Index Only Scan using sbtest3_pkey on sbtest3  (cost=0.43..6.19 rows=88 width=4)
	  Index Cond: ((id >= 5476161) AND (id <= 5476261))

table 4 : explain SELECT id FROM sbtest4 WHERE id BETWEEN 5476161 AND 5476261
	Index Only Scan using sbtest4_pkey on sbtest4  (cost=0.43..6.51 rows=104 width=4)
	  Index Cond: ((id >= 5476161) AND (id <= 5476261))

table 5 : explain SELECT id FROM sbtest5 WHERE id BETWEEN 5476161 AND 5476261
	Index Only Scan using sbtest5_pkey on sbtest5  (cost=0.43..6.24 rows=90 width=4)
	  Index Cond: ((id >= 5476161) AND (id <= 5476261))

table 6 : explain SELECT id FROM sbtest6 WHERE id BETWEEN 5476161 AND 5476261
	Index Only Scan using sbtest6_pkey on sbtest6  (cost=0.43..6.53 rows=105 width=4)
	  Index Cond: ((id >= 5476161) AND (id <= 5476261))

table 7 : explain SELECT id FROM sbtest7 WHERE id BETWEEN 5476161 AND 5476261
	Index Only Scan using sbtest7_pkey on sbtest7  (cost=0.43..10.33 rows=95 width=4)
	  Index Cond: ((id >= 5476161) AND (id <= 5476261))

table 8 : explain SELECT id FROM sbtest8 WHERE id BETWEEN 5476161 AND 5476261
	Index Only Scan using sbtest8_pkey on sbtest8  (cost=0.43..6.47 rows=102 width=4)
	  Index Cond: ((id >= 5476161) AND (id <= 5476261))
explain: for range-covered :: explain SELECT id FROM sbtest%d WHERE id BETWEEN 4415402 AND 4415502
for range-covered
table 1 : explain SELECT id FROM sbtest1 WHERE id BETWEEN 6722379 AND 6722479
	Index Only Scan using sbtest1_pkey on sbtest1  (cost=0.43..6.37 rows=97 width=4)
	  Index Cond: ((id >= 6722379) AND (id <= 6722479))

table 2 : explain SELECT id FROM sbtest2 WHERE id BETWEEN 6722379 AND 6722479
	Index Only Scan using sbtest2_pkey on sbtest2  (cost=0.43..6.25 rows=91 width=4)
	  Index Cond: ((id >= 6722379) AND (id <= 6722479))

table 3 : explain SELECT id FROM sbtest3 WHERE id BETWEEN 6722379 AND 6722479
	Index Only Scan using sbtest3_pkey on sbtest3  (cost=0.43..6.67 rows=112 width=4)
	  Index Cond: ((id >= 6722379) AND (id <= 6722479))

table 4 : explain SELECT id FROM sbtest4 WHERE id BETWEEN 6722379 AND 6722479
	Index Only Scan using sbtest4_pkey on sbtest4  (cost=0.43..6.37 rows=97 width=4)
	  Index Cond: ((id >= 6722379) AND (id <= 6722479))

table 5 : explain SELECT id FROM sbtest5 WHERE id BETWEEN 6722379 AND 6722479
	Index Only Scan using sbtest5_pkey on sbtest5  (cost=0.43..6.43 rows=100 width=4)
	  Index Cond: ((id >= 6722379) AND (id <= 6722479))

table 6 : explain SELECT id FROM sbtest6 WHERE id BETWEEN 6722379 AND 6722479
	Index Only Scan using sbtest6_pkey on sbtest6  (cost=0.43..6.43 rows=100 width=4)
	  Index Cond: ((id >= 6722379) AND (id <= 6722479))

table 7 : explain SELECT id FROM sbtest7 WHERE id BETWEEN 6722379 AND 6722479
	Index Only Scan using sbtest7_pkey on sbtest7  (cost=0.43..10.40 rows=98 width=4)
	  Index Cond: ((id >= 6722379) AND (id <= 6722479))

table 8 : explain SELECT id FROM sbtest8 WHERE id BETWEEN 6722379 AND 6722479
	Index Only Scan using sbtest8_pkey on sbtest8  (cost=0.43..6.58 rows=107 width=4)
	  Index Cond: ((id >= 6722379) AND (id <= 6722479))


for range-covered
table 1 : explain SELECT id FROM sbtest1 WHERE id BETWEEN 4525514 AND 4525614
	Index Only Scan using sbtest1_pkey on sbtest1  (cost=0.43..6.33 rows=95 width=4)
	  Index Cond: ((id >= 4525514) AND (id <= 4525614))

table 2 : explain SELECT id FROM sbtest2 WHERE id BETWEEN 4525514 AND 4525614
	Index Only Scan using sbtest2_pkey on sbtest2  (cost=0.43..6.43 rows=100 width=4)
	  Index Cond: ((id >= 4525514) AND (id <= 4525614))

table 3 : explain SELECT id FROM sbtest3 WHERE id BETWEEN 4525514 AND 4525614
	Index Only Scan using sbtest3_pkey on sbtest3  (cost=0.43..6.47 rows=102 width=4)
	  Index Cond: ((id >= 4525514) AND (id <= 4525614))

table 4 : explain SELECT id FROM sbtest4 WHERE id BETWEEN 4525514 AND 4525614
	Index Only Scan using sbtest4_pkey on sbtest4  (cost=0.43..6.43 rows=100 width=4)
	  Index Cond: ((id >= 4525514) AND (id <= 4525614))

table 5 : explain SELECT id FROM sbtest5 WHERE id BETWEEN 4525514 AND 4525614
	Index Only Scan using sbtest5_pkey on sbtest5  (cost=0.43..6.47 rows=102 width=4)
	  Index Cond: ((id >= 4525514) AND (id <= 4525614))

table 6 : explain SELECT id FROM sbtest6 WHERE id BETWEEN 4525514 AND 4525614
	Index Only Scan using sbtest6_pkey on sbtest6  (cost=0.43..6.45 rows=101 width=4)
	  Index Cond: ((id >= 4525514) AND (id <= 4525614))

table 7 : explain SELECT id FROM sbtest7 WHERE id BETWEEN 4525514 AND 4525614
	Index Only Scan using sbtest7_pkey on sbtest7  (cost=0.43..10.68 rows=112 width=4)
	  Index Cond: ((id >= 4525514) AND (id <= 4525614))

table 8 : explain SELECT id FROM sbtest8 WHERE id BETWEEN 4525514 AND 4525614
	Index Only Scan using sbtest8_pkey on sbtest8  (cost=0.43..6.35 rows=96 width=4)
	  Index Cond: ((id >= 4525514) AND (id <= 4525614))

explain: for range-covered :: explain SELECT id FROM sbtest%d WHERE id BETWEEN 4279675 AND 4279775
explain: for range-covered :: explain SELECT id FROM sbtest%d WHERE id BETWEEN 7457900 AND 7458000
explain: for range-covered :: explain SELECT id FROM sbtest%d WHERE id BETWEEN 6722379 AND 6722479explain: for range-covered :: explain SELECT id FROM sbtest%d WHERE id BETWEEN 5476161 AND 5476261

explain: for range-covered :: explain SELECT id FROM sbtest%d WHERE id BETWEEN 4409221 AND 4409321
explain: for range-covered :: explain SELECT id FROM sbtest%d WHERE id BETWEEN 4525514 AND 4525614
for range-covered
table 1 : explain SELECT id FROM sbtest1 WHERE id BETWEEN 2428189 AND 2428289
	Index Only Scan using sbtest1_pkey on sbtest1  (cost=0.43..6.45 rows=101 width=4)
	  Index Cond: ((id >= 2428189) AND (id <= 2428289))

table 2 : explain SELECT id FROM sbtest2 WHERE id BETWEEN 2428189 AND 2428289
	Index Only Scan using sbtest2_pkey on sbtest2  (cost=0.43..6.51 rows=104 width=4)
	  Index Cond: ((id >= 2428189) AND (id <= 2428289))

table 3 : explain SELECT id FROM sbtest3 WHERE id BETWEEN 2428189 AND 2428289
	Index Only Scan using sbtest3_pkey on sbtest3  (cost=0.43..6.47 rows=102 width=4)
	  Index Cond: ((id >= 2428189) AND (id <= 2428289))

table 4 : explain SELECT id FROM sbtest4 WHERE id BETWEEN 2428189 AND 2428289
	Index Only Scan using sbtest4_pkey on sbtest4  (cost=0.43..6.67 rows=112 width=4)
	  Index Cond: ((id >= 2428189) AND (id <= 2428289))

table 5 : explain SELECT id FROM sbtest5 WHERE id BETWEEN 2428189 AND 2428289
	Index Only Scan using sbtest5_pkey on sbtest5  (cost=0.43..6.47 rows=102 width=4)
	  Index Cond: ((id >= 2428189) AND (id <= 2428289))

table 6 : explain SELECT id FROM sbtest6 WHERE id BETWEEN 2428189 AND 2428289
	Index Only Scan using sbtest6_pkey on sbtest6  (cost=0.43..6.21 rows=89 width=4)
	  Index Cond: ((id >= 2428189) AND (id <= 2428289))

table 7 : explain SELECT id FROM sbtest7 WHERE id BETWEEN 2428189 AND 2428289
	Index Only Scan using sbtest7_pkey on sbtest7  (cost=0.43..10.40 rows=98 width=4)
	  Index Cond: ((id >= 2428189) AND (id <= 2428289))

table 8 : explain SELECT id FROM sbtest8 WHERE id BETWEEN 2428189 AND 2428289
	Index Only Scan using sbtest8_pkey on sbtest8  (cost=0.43..6.33 rows=95 width=4)
	  Index Cond: ((id >= 2428189) AND (id <= 2428289))

explain: for range-covered :: explain SELECT id FROM sbtest%d WHERE id BETWEEN 2428189 AND 2428289
for range-covered
table 1 : explain SELECT id FROM sbtest1 WHERE id BETWEEN 4415402 AND 4415502
	Index Only Scan using sbtest1_pkey on sbtest1  (cost=0.43..6.42 rows=99 width=4)
	  Index Cond: ((id >= 4415402) AND (id <= 4415502))

table 2 : explain SELECT id FROM sbtest2 WHERE id BETWEEN 4415402 AND 4415502
	Index Only Scan using sbtest2_pkey on sbtest2  (cost=0.43..6.40 rows=98 width=4)
	  Index Cond: ((id >= 4415402) AND (id <= 4415502))

table 3 : explain SELECT id FROM sbtest3 WHERE id BETWEEN 4415402 AND 4415502
	Index Only Scan using sbtest3_pkey on sbtest3  (cost=0.43..6.43 rows=100 width=4)
	  Index Cond: ((id >= 4415402) AND (id <= 4415502))

table 4 : explain SELECT id FROM sbtest4 WHERE id BETWEEN 4415402 AND 4415502
	Index Only Scan using sbtest4_pkey on sbtest4  (cost=0.43..6.40 rows=98 width=4)
	  Index Cond: ((id >= 4415402) AND (id <= 4415502))

table 5 : explain SELECT id FROM sbtest5 WHERE id BETWEEN 4415402 AND 4415502
	Index Only Scan using sbtest5_pkey on sbtest5  (cost=0.43..6.56 rows=106 width=4)
	  Index Cond: ((id >= 4415402) AND (id <= 4415502))

table 6 : explain SELECT id FROM sbtest6 WHERE id BETWEEN 4415402 AND 4415502
	Index Only Scan using sbtest6_pkey on sbtest6  (cost=0.43..6.63 rows=110 width=4)
	  Index Cond: ((id >= 4415402) AND (id <= 4415502))

table 7 : explain SELECT id FROM sbtest7 WHERE id BETWEEN 4415402 AND 4415502
	Index Only Scan using sbtest7_pkey on sbtest7  (cost=0.43..10.36 rows=96 width=4)
	  Index Cond: ((id >= 4415402) AND (id <= 4415502))

table 8 : explain SELECT id FROM sbtest8 WHERE id BETWEEN 4415402 AND 4415502
	Index Only Scan using sbtest8_pkey on sbtest8  (cost=0.43..6.37 rows=97 width=4)
	  Index Cond: ((id >= 4415402) AND (id <= 4415502))

explain: for range-covered :: explain SELECT id FROM sbtest%d WHERE id BETWEEN 4415402 AND 4415502
for range-covered
table 1 : explain SELECT id FROM sbtest1 WHERE id BETWEEN 5476161 AND 5476261
	Index Only Scan using sbtest1_pkey on sbtest1  (cost=0.43..6.40 rows=98 width=4)
	  Index Cond: ((id >= 5476161) AND (id <= 5476261))

table 2 : explain SELECT id FROM sbtest2 WHERE id BETWEEN 5476161 AND 5476261
	Index Only Scan using sbtest2_pkey on sbtest2  (cost=0.43..6.27 rows=92 width=4)
	  Index Cond: ((id >= 5476161) AND (id <= 5476261))

table 3 : explain SELECT id FROM sbtest3 WHERE id BETWEEN 5476161 AND 5476261
	Index Only Scan using sbtest3_pkey on sbtest3  (cost=0.43..6.19 rows=88 width=4)
	  Index Cond: ((id >= 5476161) AND (id <= 5476261))

table 4 : explain SELECT id FROM sbtest4 WHERE id BETWEEN 5476161 AND 5476261
	Index Only Scan using sbtest4_pkey on sbtest4  (cost=0.43..6.51 rows=104 width=4)
	  Index Cond: ((id >= 5476161) AND (id <= 5476261))

table 5 : explain SELECT id FROM sbtest5 WHERE id BETWEEN 5476161 AND 5476261
	Index Only Scan using sbtest5_pkey on sbtest5  (cost=0.43..6.24 rows=90 width=4)
	  Index Cond: ((id >= 5476161) AND (id <= 5476261))

table 6 : explain SELECT id FROM sbtest6 WHERE id BETWEEN 5476161 AND 5476261
	Index Only Scan using sbtest6_pkey on sbtest6  (cost=0.43..6.53 rows=105 width=4)
	  Index Cond: ((id >= 5476161) AND (id <= 5476261))

table 7 : explain SELECT id FROM sbtest7 WHERE id BETWEEN 5476161 AND 5476261
	Index Only Scan using sbtest7_pkey on sbtest7  (cost=0.43..10.33 rows=95 width=4)
	  Index Cond: ((id >= 5476161) AND (id <= 5476261))

table 8 : explain SELECT id FROM sbtest8 WHERE id BETWEEN 5476161 AND 5476261
	Index Only Scan using sbtest8_pkey on sbtest8  (cost=0.43..6.47 rows=102 width=4)
	  Index Cond: ((id >= 5476161) AND (id <= 5476261))

explain: for range-covered :: explain SELECT id FROM sbtest%d WHERE id BETWEEN 5476161 AND 5476261
for range-covered
table 1 : explain SELECT id FROM sbtest1 WHERE id BETWEEN 6722379 AND 6722479
	Index Only Scan using sbtest1_pkey on sbtest1  (cost=0.43..6.37 rows=97 width=4)
	  Index Cond: ((id >= 6722379) AND (id <= 6722479))

table 2 : explain SELECT id FROM sbtest2 WHERE id BETWEEN 6722379 AND 6722479
	Index Only Scan using sbtest2_pkey on sbtest2  (cost=0.43..6.25 rows=91 width=4)
	  Index Cond: ((id >= 6722379) AND (id <= 6722479))

table 3 : explain SELECT id FROM sbtest3 WHERE id BETWEEN 6722379 AND 6722479
	Index Only Scan using sbtest3_pkey on sbtest3  (cost=0.43..6.67 rows=112 width=4)
	  Index Cond: ((id >= 6722379) AND (id <= 6722479))

table 4 : explain SELECT id FROM sbtest4 WHERE id BETWEEN 6722379 AND 6722479
	Index Only Scan using sbtest4_pkey on sbtest4  (cost=0.43..6.37 rows=97 width=4)
	  Index Cond: ((id >= 6722379) AND (id <= 6722479))

table 5 : explain SELECT id FROM sbtest5 WHERE id BETWEEN 6722379 AND 6722479
	Index Only Scan using sbtest5_pkey on sbtest5  (cost=0.43..6.43 rows=100 width=4)
	  Index Cond: ((id >= 6722379) AND (id <= 6722479))

table 6 : explain SELECT id FROM sbtest6 WHERE id BETWEEN 6722379 AND 6722479
	Index Only Scan using sbtest6_pkey on sbtest6  (cost=0.43..6.43 rows=100 width=4)
	  Index Cond: ((id >= 6722379) AND (id <= 6722479))

table 7 : explain SELECT id FROM sbtest7 WHERE id BETWEEN 6722379 AND 6722479
	Index Only Scan using sbtest7_pkey on sbtest7  (cost=0.43..10.40 rows=98 width=4)
	  Index Cond: ((id >= 6722379) AND (id <= 6722479))

table 8 : explain SELECT id FROM sbtest8 WHERE id BETWEEN 6722379 AND 6722479
	Index Only Scan using sbtest8_pkey on sbtest8  (cost=0.43..6.58 rows=107 width=4)
	  Index Cond: ((id >= 6722379) AND (id <= 6722479))

explain: for range-covered :: explain SELECT id FROM sbtest%d WHERE id BETWEEN 6722379 AND 6722479
for range-covered
table 1 : explain SELECT id FROM sbtest1 WHERE id BETWEEN 1877781 AND 1877881
	Index Only Scan using sbtest1_pkey on sbtest1  (cost=0.43..6.50 rows=103 width=4)
	  Index Cond: ((id >= 1877781) AND (id <= 1877881))

table 2 : explain SELECT id FROM sbtest2 WHERE id BETWEEN 1877781 AND 1877881
	Index Only Scan using sbtest2_pkey on sbtest2  (cost=0.43..6.50 rows=103 width=4)
	  Index Cond: ((id >= 1877781) AND (id <= 1877881))

table 3 : explain SELECT id FROM sbtest3 WHERE id BETWEEN 1877781 AND 1877881
	Index Only Scan using sbtest3_pkey on sbtest3  (cost=0.43..6.42 rows=99 width=4)
	  Index Cond: ((id >= 1877781) AND (id <= 1877881))

table 4 : explain SELECT id FROM sbtest4 WHERE id BETWEEN 1877781 AND 1877881
	Index Only Scan using sbtest4_pkey on sbtest4  (cost=0.43..6.40 rows=98 width=4)
	  Index Cond: ((id >= 1877781) AND (id <= 1877881))

table 5 : explain SELECT id FROM sbtest5 WHERE id BETWEEN 1877781 AND 1877881
	Index Only Scan using sbtest5_pkey on sbtest5  (cost=0.43..6.72 rows=114 width=4)
	  Index Cond: ((id >= 1877781) AND (id <= 1877881))

table 6 : explain SELECT id FROM sbtest6 WHERE id BETWEEN 1877781 AND 1877881
	Index Only Scan using sbtest6_pkey on sbtest6  (cost=0.43..6.56 rows=106 width=4)
	  Index Cond: ((id >= 1877781) AND (id <= 1877881))

table 7 : explain SELECT id FROM sbtest7 WHERE id BETWEEN 1877781 AND 1877881
	Index Only Scan using sbtest7_pkey on sbtest7  (cost=0.43..10.60 rows=108 width=4)
	  Index Cond: ((id >= 1877781) AND (id <= 1877881))

table 8 : explain SELECT id FROM sbtest8 WHERE id BETWEEN 1877781 AND 1877881
	Index Only Scan using sbtest8_pkey on sbtest8  (cost=0.43..6.59 rows=108 width=4)
	  Index Cond: ((id >= 1877781) AND (id <= 1877881))

for range-covered
table 1 : explain SELECT id FROM sbtest1 WHERE id BETWEEN 4415402 AND 4415502
	Index Only Scan using sbtest1_pkey on sbtest1  (cost=0.43..6.42 rows=99 width=4)
	  Index Cond: ((id >= 4415402) AND (id <= 4415502))

table 2 : explain SELECT id FROM sbtest2 WHERE id BETWEEN 4415402 AND 4415502
	Index Only Scan using sbtest2_pkey on sbtest2  (cost=0.43..6.40 rows=98 width=4)
	  Index Cond: ((id >= 4415402) AND (id <= 4415502))

table 3 : explain SELECT id FROM sbtest3 WHERE id BETWEEN 4415402 AND 4415502
	Index Only Scan using sbtest3_pkey on sbtest3  (cost=0.43..6.43 rows=100 width=4)
	  Index Cond: ((id >= 4415402) AND (id <= 4415502))

table 4 : explain SELECT id FROM sbtest4 WHERE id BETWEEN 4415402 AND 4415502
	Index Only Scan using sbtest4_pkey on sbtest4  (cost=0.43..6.40 rows=98 width=4)
	  Index Cond: ((id >= 4415402) AND (id <= 4415502))

table 5 : explain SELECT id FROM sbtest5 WHERE id BETWEEN 4415402 AND 4415502
	Index Only Scan using sbtest5_pkey on sbtest5  (cost=0.43..6.56 rows=106 width=4)
	  Index Cond: ((id >= 4415402) AND (id <= 4415502))

table 6 : explain SELECT id FROM sbtest6 WHERE id BETWEEN 4415402 AND 4415502
	Index Only Scan using sbtest6_pkey on sbtest6  (cost=0.43..6.63 rows=110 width=4)
	  Index Cond: ((id >= 4415402) AND (id <= 4415502))

table 7 : explain SELECT id FROM sbtest7 WHERE id BETWEEN 4415402 AND 4415502
	Index Only Scan using sbtest7_pkey on sbtest7  (cost=0.43..10.36 rows=96 width=4)
	  Index Cond: ((id >= 4415402) AND (id <= 4415502))

table 8 : explain SELECT id FROM sbtest8 WHERE id BETWEEN 4415402 AND 4415502
	Index Only Scan using sbtest8_pkey on sbtest8  (cost=0.43..6.37 rows=97 width=4)
	  Index Cond: ((id >= 4415402) AND (id <= 4415502))

explain: for range-covered :: explain SELECT id FROM sbtest%d WHERE id BETWEEN 4415402 AND 4415502
explain: for range-covered :: explain SELECT id FROM sbtest%d WHERE id BETWEEN 1877781 AND 1877881
for range-covered
table 1 : explain SELECT id FROM sbtest1 WHERE id BETWEEN 4279675 AND 4279775
	Index Only Scan using sbtest1_pkey on sbtest1  (cost=0.43..6.47 rows=102 width=4)
	  Index Cond: ((id >= 4279675) AND (id <= 4279775))

table 2 : explain SELECT id FROM sbtest2 WHERE id BETWEEN 4279675 AND 4279775
	Index Only Scan using sbtest2_pkey on sbtest2  (cost=0.43..6.67 rows=112 width=4)
	  Index Cond: ((id >= 4279675) AND (id <= 4279775))

table 3 : explain SELECT id FROM sbtest3 WHERE id BETWEEN 4279675 AND 4279775
	Index Only Scan using sbtest3_pkey on sbtest3  (cost=0.43..6.25 rows=91 width=4)
	  Index Cond: ((id >= 4279675) AND (id <= 4279775))

table 4 : explain SELECT id FROM sbtest4 WHERE id BETWEEN 4279675 AND 4279775
	Index Only Scan using sbtest4_pkey on sbtest4  (cost=0.43..6.37 rows=97 width=4)
	  Index Cond: ((id >= 4279675) AND (id <= 4279775))

table 5 : explain SELECT id FROM sbtest5 WHERE id BETWEEN 4279675 AND 4279775
	Index Only Scan using sbtest5_pkey on sbtest5  (cost=0.43..6.32 rows=94 width=4)
	  Index Cond: ((id >= 4279675) AND (id <= 4279775))

table 6 : explain SELECT id FROM sbtest6 WHERE id BETWEEN 4279675 AND 4279775
	Index Only Scan using sbtest6_pkey on sbtest6  (cost=0.43..6.40 rows=98 width=4)
	  Index Cond: ((id >= 4279675) AND (id <= 4279775))

table 7 : explain SELECT id FROM sbtest7 WHERE id BETWEEN 4279675 AND 4279775
	Index Only Scan using sbtest7_pkey on sbtest7  (cost=0.43..10.29 rows=93 width=4)
	  Index Cond: ((id >= 4279675) AND (id <= 4279775))

table 8 : explain SELECT id FROM sbtest8 WHERE id BETWEEN 4279675 AND 4279775
	Index Only Scan using sbtest8_pkey on sbtest8  (cost=0.43..6.59 rows=108 width=4)
	  Index Cond: ((id >= 4279675) AND (id <= 4279775))

for range-covered
table 1 : explain SELECT id FROM sbtest1 WHERE id BETWEEN 5476161 AND 5476261
	Index Only Scan using sbtest1_pkey on sbtest1  (cost=0.43..6.40 rows=98 width=4)
	  Index Cond: ((id >= 5476161) AND (id <= 5476261))

table 2 : explain SELECT id FROM sbtest2 WHERE id BETWEEN 5476161 AND 5476261
	Index Only Scan using sbtest2_pkey on sbtest2  (cost=0.43..6.27 rows=92 width=4)
	  Index Cond: ((id >= 5476161) AND (id <= 5476261))

table 3 : explain SELECT id FROM sbtest3 WHERE id BETWEEN 5476161 AND 5476261
	Index Only Scan using sbtest3_pkey on sbtest3  (cost=0.43..6.19 rows=88 width=4)
	  Index Cond: ((id >= 5476161) AND (id <= 5476261))

table 4 : explain SELECT id FROM sbtest4 WHERE id BETWEEN 5476161 AND 5476261
	Index Only Scan using sbtest4_pkey on sbtest4  (cost=0.43..6.51 rows=104 width=4)
	  Index Cond: ((id >= 5476161) AND (id <= 5476261))

table 5 : explain SELECT id FROM sbtest5 WHERE id BETWEEN 5476161 AND 5476261
	Index Only Scan using sbtest5_pkey on sbtest5  (cost=0.43..6.24 rows=90 width=4)
	  Index Cond: ((id >= 5476161) AND (id <= 5476261))

table 6 : explain SELECT id FROM sbtest6 WHERE id BETWEEN 5476161 AND 5476261
	Index Only Scan using sbtest6_pkey on sbtest6  (cost=0.43..6.53 rows=105 width=4)
	  Index Cond: ((id >= 5476161) AND (id <= 5476261))

table 7 : explain SELECT id FROM sbtest7 WHERE id BETWEEN 5476161 AND 5476261
	Index Only Scan using sbtest7_pkey on sbtest7  (cost=0.43..10.33 rows=95 width=4)
	  Index Cond: ((id >= 5476161) AND (id <= 5476261))

table 8 : explain SELECT id FROM sbtest8 WHERE id BETWEEN 5476161 AND 5476261
	Index Only Scan using sbtest8_pkey on sbtest8  (cost=0.43..6.47 rows=102 width=4)
	  Index Cond: ((id >= 5476161) AND (id <= 5476261))

for range-covered
table 1 : explain SELECT id FROM sbtest1 WHERE id BETWEEN 4525514 AND 4525614
	Index Only Scan using sbtest1_pkey on sbtest1  (cost=0.43..6.33 rows=95 width=4)
	  Index Cond: ((id >= 4525514) AND (id <= 4525614))

table 2 : explain SELECT id FROM sbtest2 WHERE id BETWEEN 4525514 AND 4525614
	Index Only Scan using sbtest2_pkey on sbtest2  (cost=0.43..6.43 rows=100 width=4)
	  Index Cond: ((id >= 4525514) AND (id <= 4525614))

table 3 : explain SELECT id FROM sbtest3 WHERE id BETWEEN 4525514 AND 4525614
	Index Only Scan using sbtest3_pkey on sbtest3  (cost=0.43..6.47 rows=102 width=4)
	  Index Cond: ((id >= 4525514) AND (id <= 4525614))

table 4 : explain SELECT id FROM sbtest4 WHERE id BETWEEN 4525514 AND 4525614
	Index Only Scan using sbtest4_pkey on sbtest4  (cost=0.43..6.43 rows=100 width=4)
	  Index Cond: ((id >= 4525514) AND (id <= 4525614))

table 5 : explain SELECT id FROM sbtest5 WHERE id BETWEEN 4525514 AND 4525614
	Index Only Scan using sbtest5_pkey on sbtest5  (cost=0.43..6.47 rows=102 width=4)
	  Index Cond: ((id >= 4525514) AND (id <= 4525614))

table 6 : explain SELECT id FROM sbtest6 WHERE id BETWEEN 4525514 AND 4525614
	Index Only Scan using sbtest6_pkey on sbtest6  (cost=0.43..6.45 rows=101 width=4)
	  Index Cond: ((id >= 4525514) AND (id <= 4525614))

table 7 : explain SELECT id FROM sbtest7 WHERE id BETWEEN 4525514 AND 4525614
	Index Only Scan using sbtest7_pkey on sbtest7  (cost=0.43..10.68 rows=112 width=4)
	  Index Cond: ((id >= 4525514) AND (id <= 4525614))

table 8 : explain SELECT id FROM sbtest8 WHERE id BETWEEN 4525514 AND 4525614
	Index Only Scan using sbtest8_pkey on sbtest8  (cost=0.43..6.35 rows=96 width=4)
	  Index Cond: ((id >= 4525514) AND (id <= 4525614))

for range-covered
table 1 : explain SELECT id FROM sbtest1 WHERE id BETWEEN 4409221 AND 4409321
	Index Only Scan using sbtest1_pkey on sbtest1  (cost=0.43..6.42 rows=99 width=4)
	  Index Cond: ((id >= 4409221) AND (id <= 4409321))

table 2 : explain SELECT id FROM sbtest2 WHERE id BETWEEN 4409221 AND 4409321
	Index Only Scan using sbtest2_pkey on sbtest2  (cost=0.43..6.40 rows=98 width=4)
	  Index Cond: ((id >= 4409221) AND (id <= 4409321))

table 3 : explain SELECT id FROM sbtest3 WHERE id BETWEEN 4409221 AND 4409321
	Index Only Scan using sbtest3_pkey on sbtest3  (cost=0.43..6.43 rows=100 width=4)
	  Index Cond: ((id >= 4409221) AND (id <= 4409321))

table 4 : explain SELECT id FROM sbtest4 WHERE id BETWEEN 4409221 AND 4409321
	Index Only Scan using sbtest4_pkey on sbtest4  (cost=0.43..6.40 rows=98 width=4)
	  Index Cond: ((id >= 4409221) AND (id <= 4409321))

table 5 : explain SELECT id FROM sbtest5 WHERE id BETWEEN 4409221 AND 4409321
	Index Only Scan using sbtest5_pkey on sbtest5  (cost=0.43..6.56 rows=106 width=4)
	  Index Cond: ((id >= 4409221) AND (id <= 4409321))

table 6 : explain SELECT id FROM sbtest6 WHERE id BETWEEN 4409221 AND 4409321
	Index Only Scan using sbtest6_pkey on sbtest6  (cost=0.43..6.63 rows=110 width=4)
	  Index Cond: ((id >= 4409221) AND (id <= 4409321))

table 7 : explain SELECT id FROM sbtest7 WHERE id BETWEEN 4409221 AND 4409321
	Index Only Scan using sbtest7_pkey on sbtest7  (cost=0.43..10.36 rows=96 width=4)
	  Index Cond: ((id >= 4409221) AND (id <= 4409321))

table 8 : explain SELECT id FROM sbtest8 WHERE id BETWEEN 4409221 AND 4409321
	Index Only Scan using sbtest8_pkey on sbtest8  (cost=0.43..6.37 rows=97 width=4)
	  Index Cond: ((id >= 4409221) AND (id <= 4409321))

explain: for range-covered :: explain SELECT id FROM sbtest%d WHERE id BETWEEN 5476161 AND 5476261
explain: for range-covered :: explain SELECT id FROM sbtest%d WHERE id BETWEEN 4409221 AND 4409321
for range-covered
table 1 : explain SELECT id FROM sbtest1 WHERE id BETWEEN 6722379 AND 6722479
	Index Only Scan using sbtest1_pkey on sbtest1  (cost=0.43..6.37 rows=97 width=4)
	  Index Cond: ((id >= 6722379) AND (id <= 6722479))

table 2 : explain SELECT id FROM sbtest2 WHERE id BETWEEN 6722379 AND 6722479
	Index Only Scan using sbtest2_pkey on sbtest2  (cost=0.43..6.25 rows=91 width=4)
	  Index Cond: ((id >= 6722379) AND (id <= 6722479))

table 3 : explain SELECT id FROM sbtest3 WHERE id BETWEEN 6722379 AND 6722479
	Index Only Scan using sbtest3_pkey on sbtest3  (cost=0.43..6.67 rows=112 width=4)
	  Index Cond: ((id >= 6722379) AND (id <= 6722479))

table 4 : explain SELECT id FROM sbtest4 WHERE id BETWEEN 6722379 AND 6722479
	Index Only Scan using sbtest4_pkey on sbtest4  (cost=0.43..6.37 rows=97 width=4)
	  Index Cond: ((id >= 6722379) AND (id <= 6722479))

table 5 : explain SELECT id FROM sbtest5 WHERE id BETWEEN 6722379 AND 6722479
	Index Only Scan using sbtest5_pkey on sbtest5  (cost=0.43..6.43 rows=100 width=4)
	  Index Cond: ((id >= 6722379) AND (id <= 6722479))

table 6 : explain SELECT id FROM sbtest6 WHERE id BETWEEN 6722379 AND 6722479
	Index Only Scan using sbtest6_pkey on sbtest6  (cost=0.43..6.43 rows=100 width=4)
	  Index Cond: ((id >= 6722379) AND (id <= 6722479))

table 7 : explain SELECT id FROM sbtest7 WHERE id BETWEEN 6722379 AND 6722479
	Index Only Scan using sbtest7_pkey on sbtest7  (cost=0.43..10.40 rows=98 width=4)
	  Index Cond: ((id >= 6722379) AND (id <= 6722479))

table 8 : explain SELECT id FROM sbtest8 WHERE id BETWEEN 6722379 AND 6722479
	Index Only Scan using sbtest8_pkey on sbtest8  (cost=0.43..6.58 rows=107 width=4)
	  Index Cond: ((id >= 6722379) AND (id <= 6722479))

explain: for range-covered :: explain SELECT id FROM sbtest%d WHERE id BETWEEN 6722379 AND 6722479
for range-covered
table 1 : explain SELECT id FROM sbtest1 WHERE id BETWEEN 2428189 AND 2428289
	Index Only Scan using sbtest1_pkey on sbtest1  (cost=0.43..6.45 rows=101 width=4)
	  Index Cond: ((id >= 2428189) AND (id <= 2428289))

table 2 : explain SELECT id FROM sbtest2 WHERE id BETWEEN 2428189 AND 2428289
	Index Only Scan using sbtest2_pkey on sbtest2  (cost=0.43..6.51 rows=104 width=4)
	  Index Cond: ((id >= 2428189) AND (id <= 2428289))

table 3 : explain SELECT id FROM sbtest3 WHERE id BETWEEN 2428189 AND 2428289
	Index Only Scan using sbtest3_pkey on sbtest3  (cost=0.43..6.47 rows=102 width=4)
	  Index Cond: ((id >= 2428189) AND (id <= 2428289))

table 4 : explain SELECT id FROM sbtest4 WHERE id BETWEEN 2428189 AND 2428289
	Index Only Scan using sbtest4_pkey on sbtest4  (cost=0.43..6.67 rows=112 width=4)
	  Index Cond: ((id >= 2428189) AND (id <= 2428289))

table 5 : explain SELECT id FROM sbtest5 WHERE id BETWEEN 2428189 AND 2428289
	Index Only Scan using sbtest5_pkey on sbtest5  (cost=0.43..6.47 rows=102 width=4)
	  Index Cond: ((id >= 2428189) AND (id <= 2428289))

table 6 : explain SELECT id FROM sbtest6 WHERE id BETWEEN 2428189 AND 2428289
	Index Only Scan using sbtest6_pkey on sbtest6  (cost=0.43..6.21 rows=89 width=4)
	  Index Cond: ((id >= 2428189) AND (id <= 2428289))

table 7 : explain SELECT id FROM sbtest7 WHERE id BETWEEN 2428189 AND 2428289
	Index Only Scan using sbtest7_pkey on sbtest7  (cost=0.43..10.40 rows=98 width=4)
	  Index Cond: ((id >= 2428189) AND (id <= 2428289))

table 8 : explain SELECT id FROM sbtest8 WHERE id BETWEEN 2428189 AND 2428289
	Index Only Scan using sbtest8_pkey on sbtest8  (cost=0.43..6.33 rows=95 width=4)
	  Index Cond: ((id >= 2428189) AND (id <= 2428289))

explain: for range-covered :: explain SELECT id FROM sbtest%d WHERE id BETWEEN 4525514 AND 4525614
explain: for range-covered :: explain SELECT id FROM sbtest%d WHERE id BETWEEN 2428189 AND 2428289
for range-covered
table 1 : explain SELECT id FROM sbtest1 WHERE id BETWEEN 4415402 AND 4415502
	Index Only Scan using sbtest1_pkey on sbtest1  (cost=0.43..6.42 rows=99 width=4)
	  Index Cond: ((id >= 4415402) AND (id <= 4415502))

table 2 : explain SELECT id FROM sbtest2 WHERE id BETWEEN 4415402 AND 4415502
	Index Only Scan using sbtest2_pkey on sbtest2  (cost=0.43..6.40 rows=98 width=4)
	  Index Cond: ((id >= 4415402) AND (id <= 4415502))

table 3 : explain SELECT id FROM sbtest3 WHERE id BETWEEN 4415402 AND 4415502
	Index Only Scan using sbtest3_pkey on sbtest3  (cost=0.43..6.43 rows=100 width=4)
	  Index Cond: ((id >= 4415402) AND (id <= 4415502))

table 4 : explain SELECT id FROM sbtest4 WHERE id BETWEEN 4415402 AND 4415502
	Index Only Scan using sbtest4_pkey on sbtest4  (cost=0.43..6.40 rows=98 width=4)
	  Index Cond: ((id >= 4415402) AND (id <= 4415502))

table 5 : explain SELECT id FROM sbtest5 WHERE id BETWEEN 4415402 AND 4415502
	Index Only Scan using sbtest5_pkey on sbtest5  (cost=0.43..6.56 rows=106 width=4)
	  Index Cond: ((id >= 4415402) AND (id <= 4415502))

table 6 : explain SELECT id FROM sbtest6 WHERE id BETWEEN 4415402 AND 4415502
	Index Only Scan using sbtest6_pkey on sbtest6  (cost=0.43..6.63 rows=110 width=4)
	  Index Cond: ((id >= 4415402) AND (id <= 4415502))

table 7 : explain SELECT id FROM sbtest7 WHERE id BETWEEN 4415402 AND 4415502
	Index Only Scan using sbtest7_pkey on sbtest7  (cost=0.43..10.36 rows=96 width=4)
	  Index Cond: ((id >= 4415402) AND (id <= 4415502))

table 8 : explain SELECT id FROM sbtest8 WHERE id BETWEEN 4415402 AND 4415502
	Index Only Scan using sbtest8_pkey on sbtest8  (cost=0.43..6.37 rows=97 width=4)
	  Index Cond: ((id >= 4415402) AND (id <= 4415502))

for range-covered
table 1 : explain SELECT id FROM sbtest1 WHERE id BETWEEN 5476161 AND 5476261
	Index Only Scan using sbtest1_pkey on sbtest1  (cost=0.43..6.40 rows=98 width=4)
	  Index Cond: ((id >= 5476161) AND (id <= 5476261))

table 2 : explain SELECT id FROM sbtest2 WHERE id BETWEEN 5476161 AND 5476261
	Index Only Scan using sbtest2_pkey on sbtest2  (cost=0.43..6.27 rows=92 width=4)
	  Index Cond: ((id >= 5476161) AND (id <= 5476261))

table 3 : explain SELECT id FROM sbtest3 WHERE id BETWEEN 5476161 AND 5476261
	Index Only Scan using sbtest3_pkey on sbtest3  (cost=0.43..6.19 rows=88 width=4)
	  Index Cond: ((id >= 5476161) AND (id <= 5476261))

table 4 : explain SELECT id FROM sbtest4 WHERE id BETWEEN 5476161 AND 5476261
	Index Only Scan using sbtest4_pkey on sbtest4  (cost=0.43..6.51 rows=104 width=4)
	  Index Cond: ((id >= 5476161) AND (id <= 5476261))

table 5 : explain SELECT id FROM sbtest5 WHERE id BETWEEN 5476161 AND 5476261
	Index Only Scan using sbtest5_pkey on sbtest5  (cost=0.43..6.24 rows=90 width=4)
	  Index Cond: ((id >= 5476161) AND (id <= 5476261))

table 6 : explain SELECT id FROM sbtest6 WHERE id BETWEEN 5476161 AND 5476261
	Index Only Scan using sbtest6_pkey on sbtest6  (cost=0.43..6.53 rows=105 width=4)
	  Index Cond: ((id >= 5476161) AND (id <= 5476261))

table 7 : explain SELECT id FROM sbtest7 WHERE id BETWEEN 5476161 AND 5476261
	Index Only Scan using sbtest7_pkey on sbtest7  (cost=0.43..10.33 rows=95 width=4)
	  Index Cond: ((id >= 5476161) AND (id <= 5476261))

table 8 : explain SELECT id FROM sbtest8 WHERE id BETWEEN 5476161 AND 5476261
	Index Only Scan using sbtest8_pkey on sbtest8  (cost=0.43..6.47 rows=102 width=4)
	  Index Cond: ((id >= 5476161) AND (id <= 5476261))

explain: for range-covered :: explain SELECT id FROM sbtest%d WHERE id BETWEEN 5476161 AND 5476261
for range-covered
table 1 : explain SELECT id FROM sbtest1 WHERE id BETWEEN 6722379 AND 6722479
	Index Only Scan using sbtest1_pkey on sbtest1  (cost=0.43..6.37 rows=97 width=4)
	  Index Cond: ((id >= 6722379) AND (id <= 6722479))

table 2 : explain SELECT id FROM sbtest2 WHERE id BETWEEN 6722379 AND 6722479
	Index Only Scan using sbtest2_pkey on sbtest2  (cost=0.43..6.25 rows=91 width=4)
	  Index Cond: ((id >= 6722379) AND (id <= 6722479))

table 3 : explain SELECT id FROM sbtest3 WHERE id BETWEEN 6722379 AND 6722479
	Index Only Scan using sbtest3_pkey on sbtest3  (cost=0.43..6.67 rows=112 width=4)
	  Index Cond: ((id >= 6722379) AND (id <= 6722479))

table 4 : explain SELECT id FROM sbtest4 WHERE id BETWEEN 6722379 AND 6722479
	Index Only Scan using sbtest4_pkey on sbtest4  (cost=0.43..6.37 rows=97 width=4)
	  Index Cond: ((id >= 6722379) AND (id <= 6722479))

table 5 : explain SELECT id FROM sbtest5 WHERE id BETWEEN 6722379 AND 6722479
	Index Only Scan using sbtest5_pkey on sbtest5  (cost=0.43..6.43 rows=100 width=4)
	  Index Cond: ((id >= 6722379) AND (id <= 6722479))

table 6 : explain SELECT id FROM sbtest6 WHERE id BETWEEN 6722379 AND 6722479
	Index Only Scan using sbtest6_pkey on sbtest6  (cost=0.43..6.43 rows=100 width=4)
	  Index Cond: ((id >= 6722379) AND (id <= 6722479))

table 7 : explain SELECT id FROM sbtest7 WHERE id BETWEEN 6722379 AND 6722479
	Index Only Scan using sbtest7_pkey on sbtest7  (cost=0.43..10.40 rows=98 width=4)
	  Index Cond: ((id >= 6722379) AND (id <= 6722479))

table 8 : explain SELECT id FROM sbtest8 WHERE id BETWEEN 6722379 AND 6722479
	Index Only Scan using sbtest8_pkey on sbtest8  (cost=0.43..6.58 rows=107 width=4)
	  Index Cond: ((id >= 6722379) AND (id <= 6722479))

for range-covered
table 1 : explain SELECT id FROM sbtest1 WHERE id BETWEEN 4525514 AND 4525614
	Index Only Scan using sbtest1_pkey on sbtest1  (cost=0.43..6.33 rows=95 width=4)
	  Index Cond: ((id >= 4525514) AND (id <= 4525614))

table 2 : explain SELECT id FROM sbtest2 WHERE id BETWEEN 4525514 AND 4525614
	Index Only Scan using sbtest2_pkey on sbtest2  (cost=0.43..6.43 rows=100 width=4)
	  Index Cond: ((id >= 4525514) AND (id <= 4525614))

table 3 : explain SELECT id FROM sbtest3 WHERE id BETWEEN 4525514 AND 4525614
	Index Only Scan using sbtest3_pkey on sbtest3  (cost=0.43..6.47 rows=102 width=4)
	  Index Cond: ((id >= 4525514) AND (id <= 4525614))

table 4 : explain SELECT id FROM sbtest4 WHERE id BETWEEN 4525514 AND 4525614
	Index Only Scan using sbtest4_pkey on sbtest4  (cost=0.43..6.43 rows=100 width=4)
	  Index Cond: ((id >= 4525514) AND (id <= 4525614))

table 5 : explain SELECT id FROM sbtest5 WHERE id BETWEEN 4525514 AND 4525614
	Index Only Scan using sbtest5_pkey on sbtest5  (cost=0.43..6.47 rows=102 width=4)
	  Index Cond: ((id >= 4525514) AND (id <= 4525614))

table 6 : explain SELECT id FROM sbtest6 WHERE id BETWEEN 4525514 AND 4525614
	Index Only Scan using sbtest6_pkey on sbtest6  (cost=0.43..6.45 rows=101 width=4)
	  Index Cond: ((id >= 4525514) AND (id <= 4525614))

table 7 : explain SELECT id FROM sbtest7 WHERE id BETWEEN 4525514 AND 4525614
	Index Only Scan using sbtest7_pkey on sbtest7  (cost=0.43..10.68 rows=112 width=4)
	  Index Cond: ((id >= 4525514) AND (id <= 4525614))

table 8 : explain SELECT id FROM sbtest8 WHERE id BETWEEN 4525514 AND 4525614
	Index Only Scan using sbtest8_pkey on sbtest8  (cost=0.43..6.35 rows=96 width=4)
	  Index Cond: ((id >= 4525514) AND (id <= 4525614))

for range-covered
table 1 : explain SELECT id FROM sbtest1 WHERE id BETWEEN 2428189 AND 2428289
	Index Only Scan using sbtest1_pkey on sbtest1  (cost=0.43..6.45 rows=101 width=4)
	  Index Cond: ((id >= 2428189) AND (id <= 2428289))

table 2 : explain SELECT id FROM sbtest2 WHERE id BETWEEN 2428189 AND 2428289
	Index Only Scan using sbtest2_pkey on sbtest2  (cost=0.43..6.51 rows=104 width=4)
	  Index Cond: ((id >= 2428189) AND (id <= 2428289))

table 3 : explain SELECT id FROM sbtest3 WHERE id BETWEEN 2428189 AND 2428289
	Index Only Scan using sbtest3_pkey on sbtest3  (cost=0.43..6.47 rows=102 width=4)
	  Index Cond: ((id >= 2428189) AND (id <= 2428289))

table 4 : explain SELECT id FROM sbtest4 WHERE id BETWEEN 2428189 AND 2428289
	Index Only Scan using sbtest4_pkey on sbtest4  (cost=0.43..6.67 rows=112 width=4)
	  Index Cond: ((id >= 2428189) AND (id <= 2428289))

table 5 : explain SELECT id FROM sbtest5 WHERE id BETWEEN 2428189 AND 2428289
	Index Only Scan using sbtest5_pkey on sbtest5  (cost=0.43..6.47 rows=102 width=4)
	  Index Cond: ((id >= 2428189) AND (id <= 2428289))

table 6 : explain SELECT id FROM sbtest6 WHERE id BETWEEN 2428189 AND 2428289
	Index Only Scan using sbtest6_pkey on sbtest6  (cost=0.43..6.21 rows=89 width=4)
	  Index Cond: ((id >= 2428189) AND (id <= 2428289))

table 7 : explain SELECT id FROM sbtest7 WHERE id BETWEEN 2428189 AND 2428289
	Index Only Scan using sbtest7_pkey on sbtest7  (cost=0.43..10.40 rows=98 width=4)
	  Index Cond: ((id >= 2428189) AND (id <= 2428289))

table 8 : explain SELECT id FROM sbtest8 WHERE id BETWEEN 2428189 AND 2428289
	Index Only Scan using sbtest8_pkey on sbtest8  (cost=0.43..6.33 rows=95 width=4)
	  Index Cond: ((id >= 2428189) AND (id <= 2428289))

explain: for range-covered :: explain SELECT id FROM sbtest%d WHERE id BETWEEN 6722379 AND 6722479
explain: for range-covered :: explain SELECT id FROM sbtest%d WHERE id BETWEEN 4525514 AND 4525614
explain: for range-covered :: explain SELECT id FROM sbtest%d WHERE id BETWEEN 2428189 AND 2428289
for range-covered
table 1 : explain SELECT id FROM sbtest1 WHERE id BETWEEN 1877781 AND 1877881
	Index Only Scan using sbtest1_pkey on sbtest1  (cost=0.43..6.50 rows=103 width=4)
	  Index Cond: ((id >= 1877781) AND (id <= 1877881))

table 2 : explain SELECT id FROM sbtest2 WHERE id BETWEEN 1877781 AND 1877881
	Index Only Scan using sbtest2_pkey on sbtest2  (cost=0.43..6.50 rows=103 width=4)
	  Index Cond: ((id >= 1877781) AND (id <= 1877881))

table 3 : explain SELECT id FROM sbtest3 WHERE id BETWEEN 1877781 AND 1877881
	Index Only Scan using sbtest3_pkey on sbtest3  (cost=0.43..6.42 rows=99 width=4)
	  Index Cond: ((id >= 1877781) AND (id <= 1877881))

table 4 : explain SELECT id FROM sbtest4 WHERE id BETWEEN 1877781 AND 1877881
	Index Only Scan using sbtest4_pkey on sbtest4  (cost=0.43..6.40 rows=98 width=4)
	  Index Cond: ((id >= 1877781) AND (id <= 1877881))

table 5 : explain SELECT id FROM sbtest5 WHERE id BETWEEN 1877781 AND 1877881
	Index Only Scan using sbtest5_pkey on sbtest5  (cost=0.43..6.72 rows=114 width=4)
	  Index Cond: ((id >= 1877781) AND (id <= 1877881))

table 6 : explain SELECT id FROM sbtest6 WHERE id BETWEEN 1877781 AND 1877881
	Index Only Scan using sbtest6_pkey on sbtest6  (cost=0.43..6.56 rows=106 width=4)
	  Index Cond: ((id >= 1877781) AND (id <= 1877881))

table 7 : explain SELECT id FROM sbtest7 WHERE id BETWEEN 1877781 AND 1877881
	Index Only Scan using sbtest7_pkey on sbtest7  (cost=0.43..10.60 rows=108 width=4)
	  Index Cond: ((id >= 1877781) AND (id <= 1877881))

table 8 : explain SELECT id FROM sbtest8 WHERE id BETWEEN 1877781 AND 1877881
	Index Only Scan using sbtest8_pkey on sbtest8  (cost=0.43..6.59 rows=108 width=4)
	  Index Cond: ((id >= 1877781) AND (id <= 1877881))

explain: for range-covered :: explain SELECT id FROM sbtest%d WHERE id BETWEEN 1877781 AND 1877881
for range-covered
table 1 : explain SELECT id FROM sbtest1 WHERE id BETWEEN 5476161 AND 5476261
	Index Only Scan using sbtest1_pkey on sbtest1  (cost=0.43..6.40 rows=98 width=4)
	  Index Cond: ((id >= 5476161) AND (id <= 5476261))

table 2 : explain SELECT id FROM sbtest2 WHERE id BETWEEN 5476161 AND 5476261
	Index Only Scan using sbtest2_pkey on sbtest2  (cost=0.43..6.27 rows=92 width=4)
	  Index Cond: ((id >= 5476161) AND (id <= 5476261))

table 3 : explain SELECT id FROM sbtest3 WHERE id BETWEEN 5476161 AND 5476261
	Index Only Scan using sbtest3_pkey on sbtest3  (cost=0.43..6.19 rows=88 width=4)
	  Index Cond: ((id >= 5476161) AND (id <= 5476261))

table 4 : explain SELECT id FROM sbtest4 WHERE id BETWEEN 5476161 AND 5476261
	Index Only Scan using sbtest4_pkey on sbtest4  (cost=0.43..6.51 rows=104 width=4)
	  Index Cond: ((id >= 5476161) AND (id <= 5476261))

table 5 : explain SELECT id FROM sbtest5 WHERE id BETWEEN 5476161 AND 5476261
	Index Only Scan using sbtest5_pkey on sbtest5  (cost=0.43..6.24 rows=90 width=4)
	  Index Cond: ((id >= 5476161) AND (id <= 5476261))

table 6 : explain SELECT id FROM sbtest6 WHERE id BETWEEN 5476161 AND 5476261
	Index Only Scan using sbtest6_pkey on sbtest6  (cost=0.43..6.53 rows=105 width=4)
	  Index Cond: ((id >= 5476161) AND (id <= 5476261))

table 7 : explain SELECT id FROM sbtest7 WHERE id BETWEEN 5476161 AND 5476261
	Index Only Scan using sbtest7_pkey on sbtest7  (cost=0.43..10.33 rows=95 width=4)
	  Index Cond: ((id >= 5476161) AND (id <= 5476261))

table 8 : explain SELECT id FROM sbtest8 WHERE id BETWEEN 5476161 AND 5476261
	Index Only Scan using sbtest8_pkey on sbtest8  (cost=0.43..6.47 rows=102 width=4)
	  Index Cond: ((id >= 5476161) AND (id <= 5476261))

explain: for range-covered :: explain SELECT id FROM sbtest%d WHERE id BETWEEN 5476161 AND 5476261
explain: for range-covered :: explain SELECT id FROM sbtest%d WHERE id BETWEEN 4926414 AND 4926514
for range-covered
table 1 : explain SELECT id FROM sbtest1 WHERE id BETWEEN 4409221 AND 4409321
	Index Only Scan using sbtest1_pkey on sbtest1  (cost=0.43..6.42 rows=99 width=4)
	  Index Cond: ((id >= 4409221) AND (id <= 4409321))

table 2 : explain SELECT id FROM sbtest2 WHERE id BETWEEN 4409221 AND 4409321
	Index Only Scan using sbtest2_pkey on sbtest2  (cost=0.43..6.40 rows=98 width=4)
	  Index Cond: ((id >= 4409221) AND (id <= 4409321))

table 3 : explain SELECT id FROM sbtest3 WHERE id BETWEEN 4409221 AND 4409321
	Index Only Scan using sbtest3_pkey on sbtest3  (cost=0.43..6.43 rows=100 width=4)
	  Index Cond: ((id >= 4409221) AND (id <= 4409321))

table 4 : explain SELECT id FROM sbtest4 WHERE id BETWEEN 4409221 AND 4409321
	Index Only Scan using sbtest4_pkey on sbtest4  (cost=0.43..6.40 rows=98 width=4)
	  Index Cond: ((id >= 4409221) AND (id <= 4409321))

table 5 : explain SELECT id FROM sbtest5 WHERE id BETWEEN 4409221 AND 4409321
	Index Only Scan using sbtest5_pkey on sbtest5  (cost=0.43..6.56 rows=106 width=4)
	  Index Cond: ((id >= 4409221) AND (id <= 4409321))

table 6 : explain SELECT id FROM sbtest6 WHERE id BETWEEN 4409221 AND 4409321
	Index Only Scan using sbtest6_pkey on sbtest6  (cost=0.43..6.63 rows=110 width=4)
	  Index Cond: ((id >= 4409221) AND (id <= 4409321))

table 7 : explain SELECT id FROM sbtest7 WHERE id BETWEEN 4409221 AND 4409321
	Index Only Scan using sbtest7_pkey on sbtest7  (cost=0.43..10.36 rows=96 width=4)
	  Index Cond: ((id >= 4409221) AND (id <= 4409321))

table 8 : explain SELECT id FROM sbtest8 WHERE id BETWEEN 4409221 AND 4409321
	Index Only Scan using sbtest8_pkey on sbtest8  (cost=0.43..6.37 rows=97 width=4)
	  Index Cond: ((id >= 4409221) AND (id <= 4409321))

for range-covered
table 1 : explain SELECT id FROM sbtest1 WHERE id BETWEEN 4525514 AND 4525614
	Index Only Scan using sbtest1_pkey on sbtest1  (cost=0.43..6.33 rows=95 width=4)
	  Index Cond: ((id >= 4525514) AND (id <= 4525614))

table 2 : explain SELECT id FROM sbtest2 WHERE id BETWEEN 4525514 AND 4525614
	Index Only Scan using sbtest2_pkey on sbtest2  (cost=0.43..6.43 rows=100 width=4)
	  Index Cond: ((id >= 4525514) AND (id <= 4525614))

table 3 : explain SELECT id FROM sbtest3 WHERE id BETWEEN 4525514 AND 4525614
	Index Only Scan using sbtest3_pkey on sbtest3  (cost=0.43..6.47 rows=102 width=4)
	  Index Cond: ((id >= 4525514) AND (id <= 4525614))

table 4 : explain SELECT id FROM sbtest4 WHERE id BETWEEN 4525514 AND 4525614
	Index Only Scan using sbtest4_pkey on sbtest4  (cost=0.43..6.43 rows=100 width=4)
	  Index Cond: ((id >= 4525514) AND (id <= 4525614))

table 5 : explain SELECT id FROM sbtest5 WHERE id BETWEEN 4525514 AND 4525614
	Index Only Scan using sbtest5_pkey on sbtest5  (cost=0.43..6.47 rows=102 width=4)
	  Index Cond: ((id >= 4525514) AND (id <= 4525614))

table 6 : explain SELECT id FROM sbtest6 WHERE id BETWEEN 4525514 AND 4525614
	Index Only Scan using sbtest6_pkey on sbtest6  (cost=0.43..6.45 rows=101 width=4)
	  Index Cond: ((id >= 4525514) AND (id <= 4525614))

table 7 : explain SELECT id FROM sbtest7 WHERE id BETWEEN 4525514 AND 4525614
	Index Only Scan using sbtest7_pkey on sbtest7  (cost=0.43..10.68 rows=112 width=4)
	  Index Cond: ((id >= 4525514) AND (id <= 4525614))

table 8 : explain SELECT id FROM sbtest8 WHERE id BETWEEN 4525514 AND 4525614
	Index Only Scan using sbtest8_pkey on sbtest8  (cost=0.43..6.35 rows=96 width=4)
	  Index Cond: ((id >= 4525514) AND (id <= 4525614))

for range-covered
table 1 : explain SELECT id FROM sbtest1 WHERE id BETWEEN 6722379 AND 6722479
	Index Only Scan using sbtest1_pkey on sbtest1  (cost=0.43..6.37 rows=97 width=4)
	  Index Cond: ((id >= 6722379) AND (id <= 6722479))

table 2 : explain SELECT id FROM sbtest2 WHERE id BETWEEN 6722379 AND 6722479
	Index Only Scan using sbtest2_pkey on sbtest2  (cost=0.43..6.25 rows=91 width=4)
	  Index Cond: ((id >= 6722379) AND (id <= 6722479))

table 3 : explain SELECT id FROM sbtest3 WHERE id BETWEEN 6722379 AND 6722479
	Index Only Scan using sbtest3_pkey on sbtest3  (cost=0.43..6.67 rows=112 width=4)
	  Index Cond: ((id >= 6722379) AND (id <= 6722479))

table 4 : explain SELECT id FROM sbtest4 WHERE id BETWEEN 6722379 AND 6722479
	Index Only Scan using sbtest4_pkey on sbtest4  (cost=0.43..6.37 rows=97 width=4)
	  Index Cond: ((id >= 6722379) AND (id <= 6722479))

table 5 : explain SELECT id FROM sbtest5 WHERE id BETWEEN 6722379 AND 6722479
	Index Only Scan using sbtest5_pkey on sbtest5  (cost=0.43..6.43 rows=100 width=4)
	  Index Cond: ((id >= 6722379) AND (id <= 6722479))

table 6 : explain SELECT id FROM sbtest6 WHERE id BETWEEN 6722379 AND 6722479
	Index Only Scan using sbtest6_pkey on sbtest6  (cost=0.43..6.43 rows=100 width=4)
	  Index Cond: ((id >= 6722379) AND (id <= 6722479))

table 7 : explain SELECT id FROM sbtest7 WHERE id BETWEEN 6722379 AND 6722479
	Index Only Scan using sbtest7_pkey on sbtest7  (cost=0.43..10.40 rows=98 width=4)
	  Index Cond: ((id >= 6722379) AND (id <= 6722479))

table 8 : explain SELECT id FROM sbtest8 WHERE id BETWEEN 6722379 AND 6722479
	Index Only Scan using sbtest8_pkey on sbtest8  (cost=0.43..6.58 rows=107 width=4)
	  Index Cond: ((id >= 6722379) AND (id <= 6722479))

explain: for range-covered :: explain SELECT id FROM sbtest%d WHERE id BETWEEN 4525514 AND 4525614
explain: for range-covered :: explain SELECT id FROM sbtest%d WHERE id BETWEEN 6722379 AND 6722479
for range-covered
table 1 : explain SELECT id FROM sbtest1 WHERE id BETWEEN 2428189 AND 2428289
	Index Only Scan using sbtest1_pkey on sbtest1  (cost=0.43..6.45 rows=101 width=4)
	  Index Cond: ((id >= 2428189) AND (id <= 2428289))

table 2 : explain SELECT id FROM sbtest2 WHERE id BETWEEN 2428189 AND 2428289
	Index Only Scan using sbtest2_pkey on sbtest2  (cost=0.43..6.51 rows=104 width=4)
	  Index Cond: ((id >= 2428189) AND (id <= 2428289))

table 3 : explain SELECT id FROM sbtest3 WHERE id BETWEEN 2428189 AND 2428289
	Index Only Scan using sbtest3_pkey on sbtest3  (cost=0.43..6.47 rows=102 width=4)
	  Index Cond: ((id >= 2428189) AND (id <= 2428289))

table 4 : explain SELECT id FROM sbtest4 WHERE id BETWEEN 2428189 AND 2428289
	Index Only Scan using sbtest4_pkey on sbtest4  (cost=0.43..6.67 rows=112 width=4)
	  Index Cond: ((id >= 2428189) AND (id <= 2428289))

table 5 : explain SELECT id FROM sbtest5 WHERE id BETWEEN 2428189 AND 2428289
	Index Only Scan using sbtest5_pkey on sbtest5  (cost=0.43..6.47 rows=102 width=4)
	  Index Cond: ((id >= 2428189) AND (id <= 2428289))

table 6 : explain SELECT id FROM sbtest6 WHERE id BETWEEN 2428189 AND 2428289
	Index Only Scan using sbtest6_pkey on sbtest6  (cost=0.43..6.21 rows=89 width=4)
	  Index Cond: ((id >= 2428189) AND (id <= 2428289))

table 7 : explain SELECT id FROM sbtest7 WHERE id BETWEEN 2428189 AND 2428289
	Index Only Scan using sbtest7_pkey on sbtest7  (cost=0.43..10.40 rows=98 width=4)
	  Index Cond: ((id >= 2428189) AND (id <= 2428289))

table 8 : explain SELECT id FROM sbtest8 WHERE id BETWEEN 2428189 AND 2428289
	Index Only Scan using sbtest8_pkey on sbtest8  (cost=0.43..6.33 rows=95 width=4)
	  Index Cond: ((id >= 2428189) AND (id <= 2428289))

for range-covered
table 1 : explain SELECT id FROM sbtest1 WHERE id BETWEEN 5476161 AND 5476261
	Index Only Scan using sbtest1_pkey on sbtest1  (cost=0.43..6.40 rows=98 width=4)
	  Index Cond: ((id >= 5476161) AND (id <= 5476261))

table 2 : explain SELECT id FROM sbtest2 WHERE id BETWEEN 5476161 AND 5476261
	Index Only Scan using sbtest2_pkey on sbtest2  (cost=0.43..6.27 rows=92 width=4)
	  Index Cond: ((id >= 5476161) AND (id <= 5476261))

table 3 : explain SELECT id FROM sbtest3 WHERE id BETWEEN 5476161 AND 5476261
	Index Only Scan using sbtest3_pkey on sbtest3  (cost=0.43..6.19 rows=88 width=4)
	  Index Cond: ((id >= 5476161) AND (id <= 5476261))

table 4 : explain SELECT id FROM sbtest4 WHERE id BETWEEN 5476161 AND 5476261
	Index Only Scan using sbtest4_pkey on sbtest4  (cost=0.43..6.51 rows=104 width=4)
	  Index Cond: ((id >= 5476161) AND (id <= 5476261))

table 5 : explain SELECT id FROM sbtest5 WHERE id BETWEEN 5476161 AND 5476261
	Index Only Scan using sbtest5_pkey on sbtest5  (cost=0.43..6.24 rows=90 width=4)
	  Index Cond: ((id >= 5476161) AND (id <= 5476261))

table 6 : explain SELECT id FROM sbtest6 WHERE id BETWEEN 5476161 AND 5476261
	Index Only Scan using sbtest6_pkey on sbtest6  (cost=0.43..6.53 rows=105 width=4)
	  Index Cond: ((id >= 5476161) AND (id <= 5476261))

table 7 : explain SELECT id FROM sbtest7 WHERE id BETWEEN 5476161 AND 5476261
	Index Only Scan using sbtest7_pkey on sbtest7  (cost=0.43..10.33 rows=95 width=4)
	  Index Cond: ((id >= 5476161) AND (id <= 5476261))

table 8 : explain SELECT id FROM sbtest8 WHERE id BETWEEN 5476161 AND 5476261
	Index Only Scan using sbtest8_pkey on sbtest8  (cost=0.43..6.47 rows=102 width=4)
	  Index Cond: ((id >= 5476161) AND (id <= 5476261))

explain: for range-covered :: explain SELECT id FROM sbtest%d WHERE id BETWEEN 5476161 AND 5476261
for range-covered
table 1 : explain SELECT id FROM sbtest1 WHERE id BETWEEN 6722379 AND 6722479
	Index Only Scan using sbtest1_pkey on sbtest1  (cost=0.43..6.37 rows=97 width=4)
	  Index Cond: ((id >= 6722379) AND (id <= 6722479))

table 2 : explain SELECT id FROM sbtest2 WHERE id BETWEEN 6722379 AND 6722479
	Index Only Scan using sbtest2_pkey on sbtest2  (cost=0.43..6.25 rows=91 width=4)
	  Index Cond: ((id >= 6722379) AND (id <= 6722479))

table 3 : explain SELECT id FROM sbtest3 WHERE id BETWEEN 6722379 AND 6722479
	Index Only Scan using sbtest3_pkey on sbtest3  (cost=0.43..6.67 rows=112 width=4)
	  Index Cond: ((id >= 6722379) AND (id <= 6722479))

table 4 : explain SELECT id FROM sbtest4 WHERE id BETWEEN 6722379 AND 6722479
	Index Only Scan using sbtest4_pkey on sbtest4  (cost=0.43..6.37 rows=97 width=4)
	  Index Cond: ((id >= 6722379) AND (id <= 6722479))

table 5 : explain SELECT id FROM sbtest5 WHERE id BETWEEN 6722379 AND 6722479
	Index Only Scan using sbtest5_pkey on sbtest5  (cost=0.43..6.43 rows=100 width=4)
	  Index Cond: ((id >= 6722379) AND (id <= 6722479))

table 6 : explain SELECT id FROM sbtest6 WHERE id BETWEEN 6722379 AND 6722479
	Index Only Scan using sbtest6_pkey on sbtest6  (cost=0.43..6.43 rows=100 width=4)
	  Index Cond: ((id >= 6722379) AND (id <= 6722479))

table 7 : explain SELECT id FROM sbtest7 WHERE id BETWEEN 6722379 AND 6722479
	Index Only Scan using sbtest7_pkey on sbtest7  (cost=0.43..10.40 rows=98 width=4)
	  Index Cond: ((id >= 6722379) AND (id <= 6722479))

table 8 : explain SELECT id FROM sbtest8 WHERE id BETWEEN 6722379 AND 6722479
	Index Only Scan using sbtest8_pkey on sbtest8  (cost=0.43..6.58 rows=107 width=4)
	  Index Cond: ((id >= 6722379) AND (id <= 6722479))

for range-covered
table 1 : explain SELECT id FROM sbtest1 WHERE id BETWEEN 4525514 AND 4525614
	Index Only Scan using sbtest1_pkey on sbtest1  (cost=0.43..6.33 rows=95 width=4)
	  Index Cond: ((id >= 4525514) AND (id <= 4525614))

table 2 : explain SELECT id FROM sbtest2 WHERE id BETWEEN 4525514 AND 4525614
	Index Only Scan using sbtest2_pkey on sbtest2  (cost=0.43..6.43 rows=100 width=4)
	  Index Cond: ((id >= 4525514) AND (id <= 4525614))

table 3 : explain SELECT id FROM sbtest3 WHERE id BETWEEN 4525514 AND 4525614
	Index Only Scan using sbtest3_pkey on sbtest3  (cost=0.43..6.47 rows=102 width=4)
	  Index Cond: ((id >= 4525514) AND (id <= 4525614))

table 4 : explain SELECT id FROM sbtest4 WHERE id BETWEEN 4525514 AND 4525614
	Index Only Scan using sbtest4_pkey on sbtest4  (cost=0.43..6.43 rows=100 width=4)
	  Index Cond: ((id >= 4525514) AND (id <= 4525614))

table 5 : explain SELECT id FROM sbtest5 WHERE id BETWEEN 4525514 AND 4525614
	Index Only Scan using sbtest5_pkey on sbtest5  (cost=0.43..6.47 rows=102 width=4)
	  Index Cond: ((id >= 4525514) AND (id <= 4525614))

table 6 : explain SELECT id FROM sbtest6 WHERE id BETWEEN 4525514 AND 4525614
	Index Only Scan using sbtest6_pkey on sbtest6  (cost=0.43..6.45 rows=101 width=4)
	  Index Cond: ((id >= 4525514) AND (id <= 4525614))

table 7 : explain SELECT id FROM sbtest7 WHERE id BETWEEN 4525514 AND 4525614
	Index Only Scan using sbtest7_pkey on sbtest7  (cost=0.43..10.68 rows=112 width=4)
	  Index Cond: ((id >= 4525514) AND (id <= 4525614))

table 8 : explain SELECT id FROM sbtest8 WHERE id BETWEEN 4525514 AND 4525614
	Index Only Scan using sbtest8_pkey on sbtest8  (cost=0.43..6.35 rows=96 width=4)
	  Index Cond: ((id >= 4525514) AND (id <= 4525614))

explain: for range-covered :: explain SELECT id FROM sbtest%d WHERE id BETWEEN 6722379 AND 6722479
explain: for range-covered :: explain SELECT id FROM sbtest%d WHERE id BETWEEN 4525514 AND 4525614
explain: for range-covered :: explain SELECT id FROM sbtest%d WHERE id BETWEEN 2428189 AND 2428289
for range-covered
table 1 : explain SELECT id FROM sbtest1 WHERE id BETWEEN 1877781 AND 1877881
	Index Only Scan using sbtest1_pkey on sbtest1  (cost=0.43..6.50 rows=103 width=4)
	  Index Cond: ((id >= 1877781) AND (id <= 1877881))

table 2 : explain SELECT id FROM sbtest2 WHERE id BETWEEN 1877781 AND 1877881
	Index Only Scan using sbtest2_pkey on sbtest2  (cost=0.43..6.50 rows=103 width=4)
	  Index Cond: ((id >= 1877781) AND (id <= 1877881))

table 3 : explain SELECT id FROM sbtest3 WHERE id BETWEEN 1877781 AND 1877881
	Index Only Scan using sbtest3_pkey on sbtest3  (cost=0.43..6.42 rows=99 width=4)
	  Index Cond: ((id >= 1877781) AND (id <= 1877881))

table 4 : explain SELECT id FROM sbtest4 WHERE id BETWEEN 1877781 AND 1877881
	Index Only Scan using sbtest4_pkey on sbtest4  (cost=0.43..6.40 rows=98 width=4)
	  Index Cond: ((id >= 1877781) AND (id <= 1877881))

table 5 : explain SELECT id FROM sbtest5 WHERE id BETWEEN 1877781 AND 1877881
	Index Only Scan using sbtest5_pkey on sbtest5  (cost=0.43..6.72 rows=114 width=4)
	  Index Cond: ((id >= 1877781) AND (id <= 1877881))

table 6 : explain SELECT id FROM sbtest6 WHERE id BETWEEN 1877781 AND 1877881
	Index Only Scan using sbtest6_pkey on sbtest6  (cost=0.43..6.56 rows=106 width=4)
	  Index Cond: ((id >= 1877781) AND (id <= 1877881))

table 7 : explain SELECT id FROM sbtest7 WHERE id BETWEEN 1877781 AND 1877881
	Index Only Scan using sbtest7_pkey on sbtest7  (cost=0.43..10.60 rows=108 width=4)
	  Index Cond: ((id >= 1877781) AND (id <= 1877881))

table 8 : explain SELECT id FROM sbtest8 WHERE id BETWEEN 1877781 AND 1877881
	Index Only Scan using sbtest8_pkey on sbtest8  (cost=0.43..6.59 rows=108 width=4)
	  Index Cond: ((id >= 1877781) AND (id <= 1877881))

explain: for range-covered :: explain SELECT id FROM sbtest%d WHERE id BETWEEN 1877781 AND 1877881
for range-covered
table 1 : explain SELECT id FROM sbtest1 WHERE id BETWEEN 5476161 AND 5476261
	Index Only Scan using sbtest1_pkey on sbtest1  (cost=0.43..6.40 rows=98 width=4)
	  Index Cond: ((id >= 5476161) AND (id <= 5476261))

table 2 : explain SELECT id FROM sbtest2 WHERE id BETWEEN 5476161 AND 5476261
	Index Only Scan using sbtest2_pkey on sbtest2  (cost=0.43..6.27 rows=92 width=4)
	  Index Cond: ((id >= 5476161) AND (id <= 5476261))

table 3 : explain SELECT id FROM sbtest3 WHERE id BETWEEN 5476161 AND 5476261
	Index Only Scan using sbtest3_pkey on sbtest3  (cost=0.43..6.19 rows=88 width=4)
	  Index Cond: ((id >= 5476161) AND (id <= 5476261))

table 4 : explain SELECT id FROM sbtest4 WHERE id BETWEEN 5476161 AND 5476261
	Index Only Scan using sbtest4_pkey on sbtest4  (cost=0.43..6.51 rows=104 width=4)
	  Index Cond: ((id >= 5476161) AND (id <= 5476261))

table 5 : explain SELECT id FROM sbtest5 WHERE id BETWEEN 5476161 AND 5476261
	Index Only Scan using sbtest5_pkey on sbtest5  (cost=0.43..6.24 rows=90 width=4)
	  Index Cond: ((id >= 5476161) AND (id <= 5476261))

table 6 : explain SELECT id FROM sbtest6 WHERE id BETWEEN 5476161 AND 5476261
	Index Only Scan using sbtest6_pkey on sbtest6  (cost=0.43..6.53 rows=105 width=4)
	  Index Cond: ((id >= 5476161) AND (id <= 5476261))

table 7 : explain SELECT id FROM sbtest7 WHERE id BETWEEN 5476161 AND 5476261
	Index Only Scan using sbtest7_pkey on sbtest7  (cost=0.43..10.33 rows=95 width=4)
	  Index Cond: ((id >= 5476161) AND (id <= 5476261))

table 8 : explain SELECT id FROM sbtest8 WHERE id BETWEEN 5476161 AND 5476261
	Index Only Scan using sbtest8_pkey on sbtest8  (cost=0.43..6.47 rows=102 width=4)
	  Index Cond: ((id >= 5476161) AND (id <= 5476261))

explain: for range-covered :: explain SELECT id FROM sbtest%d WHERE id BETWEEN 5476161 AND 5476261
for range-covered
table 1 : explain SELECT id FROM sbtest1 WHERE id BETWEEN 2428189 AND 2428289
	Index Only Scan using sbtest1_pkey on sbtest1  (cost=0.43..6.45 rows=101 width=4)
	  Index Cond: ((id >= 2428189) AND (id <= 2428289))

table 2 : explain SELECT id FROM sbtest2 WHERE id BETWEEN 2428189 AND 2428289
	Index Only Scan using sbtest2_pkey on sbtest2  (cost=0.43..6.51 rows=104 width=4)
	  Index Cond: ((id >= 2428189) AND (id <= 2428289))

table 3 : explain SELECT id FROM sbtest3 WHERE id BETWEEN 2428189 AND 2428289
	Index Only Scan using sbtest3_pkey on sbtest3  (cost=0.43..6.47 rows=102 width=4)
	  Index Cond: ((id >= 2428189) AND (id <= 2428289))

table 4 : explain SELECT id FROM sbtest4 WHERE id BETWEEN 2428189 AND 2428289
	Index Only Scan using sbtest4_pkey on sbtest4  (cost=0.43..6.67 rows=112 width=4)
	  Index Cond: ((id >= 2428189) AND (id <= 2428289))

table 5 : explain SELECT id FROM sbtest5 WHERE id BETWEEN 2428189 AND 2428289
	Index Only Scan using sbtest5_pkey on sbtest5  (cost=0.43..6.47 rows=102 width=4)
	  Index Cond: ((id >= 2428189) AND (id <= 2428289))

table 6 : explain SELECT id FROM sbtest6 WHERE id BETWEEN 2428189 AND 2428289
	Index Only Scan using sbtest6_pkey on sbtest6  (cost=0.43..6.21 rows=89 width=4)
	  Index Cond: ((id >= 2428189) AND (id <= 2428289))

table 7 : explain SELECT id FROM sbtest7 WHERE id BETWEEN 2428189 AND 2428289
	Index Only Scan using sbtest7_pkey on sbtest7  (cost=0.43..10.40 rows=98 width=4)
	  Index Cond: ((id >= 2428189) AND (id <= 2428289))

table 8 : explain SELECT id FROM sbtest8 WHERE id BETWEEN 2428189 AND 2428289
	Index Only Scan using sbtest8_pkey on sbtest8  (cost=0.43..6.33 rows=95 width=4)
	  Index Cond: ((id >= 2428189) AND (id <= 2428289))

for range-covered
table 1 : explain SELECT id FROM sbtest1 WHERE id BETWEEN 4525514 AND 4525614
	Index Only Scan using sbtest1_pkey on sbtest1  (cost=0.43..6.33 rows=95 width=4)
	  Index Cond: ((id >= 4525514) AND (id <= 4525614))

table 2 : explain SELECT id FROM sbtest2 WHERE id BETWEEN 4525514 AND 4525614
	Index Only Scan using sbtest2_pkey on sbtest2  (cost=0.43..6.43 rows=100 width=4)
	  Index Cond: ((id >= 4525514) AND (id <= 4525614))

table 3 : explain SELECT id FROM sbtest3 WHERE id BETWEEN 4525514 AND 4525614
	Index Only Scan using sbtest3_pkey on sbtest3  (cost=0.43..6.47 rows=102 width=4)
	  Index Cond: ((id >= 4525514) AND (id <= 4525614))

table 4 : explain SELECT id FROM sbtest4 WHERE id BETWEEN 4525514 AND 4525614
	Index Only Scan using sbtest4_pkey on sbtest4  (cost=0.43..6.43 rows=100 width=4)
	  Index Cond: ((id >= 4525514) AND (id <= 4525614))

table 5 : explain SELECT id FROM sbtest5 WHERE id BETWEEN 4525514 AND 4525614
	Index Only Scan using sbtest5_pkey on sbtest5  (cost=0.43..6.47 rows=102 width=4)
	  Index Cond: ((id >= 4525514) AND (id <= 4525614))

table 6 : explain SELECT id FROM sbtest6 WHERE id BETWEEN 4525514 AND 4525614
	Index Only Scan using sbtest6_pkey on sbtest6  (cost=0.43..6.45 rows=101 width=4)
	  Index Cond: ((id >= 4525514) AND (id <= 4525614))

table 7 : explain SELECT id FROM sbtest7 WHERE id BETWEEN 4525514 AND 4525614
	Index Only Scan using sbtest7_pkey on sbtest7  (cost=0.43..10.68 rows=112 width=4)
	  Index Cond: ((id >= 4525514) AND (id <= 4525614))

table 8 : explain SELECT id FROM sbtest8 WHERE id BETWEEN 4525514 AND 4525614
	Index Only Scan using sbtest8_pkey on sbtest8  (cost=0.43..6.35 rows=96 width=4)
	  Index Cond: ((id >= 4525514) AND (id <= 4525614))

for range-covered
table 1 : explain SELECT id FROM sbtest1 WHERE id BETWEEN 6722379 AND 6722479
	Index Only Scan using sbtest1_pkey on sbtest1  (cost=0.43..6.37 rows=97 width=4)
	  Index Cond: ((id >= 6722379) AND (id <= 6722479))

table 2 : explain SELECT id FROM sbtest2 WHERE id BETWEEN 6722379 AND 6722479
	Index Only Scan using sbtest2_pkey on sbtest2  (cost=0.43..6.25 rows=91 width=4)
	  Index Cond: ((id >= 6722379) AND (id <= 6722479))

table 3 : explain SELECT id FROM sbtest3 WHERE id BETWEEN 6722379 AND 6722479
	Index Only Scan using sbtest3_pkey on sbtest3  (cost=0.43..6.67 rows=112 width=4)
	  Index Cond: ((id >= 6722379) AND (id <= 6722479))

table 4 : explain SELECT id FROM sbtest4 WHERE id BETWEEN 6722379 AND 6722479
	Index Only Scan using sbtest4_pkey on sbtest4  (cost=0.43..6.37 rows=97 width=4)
	  Index Cond: ((id >= 6722379) AND (id <= 6722479))

table 5 : explain SELECT id FROM sbtest5 WHERE id BETWEEN 6722379 AND 6722479
	Index Only Scan using sbtest5_pkey on sbtest5  (cost=0.43..6.43 rows=100 width=4)
	  Index Cond: ((id >= 6722379) AND (id <= 6722479))

table 6 : explain SELECT id FROM sbtest6 WHERE id BETWEEN 6722379 AND 6722479
	Index Only Scan using sbtest6_pkey on sbtest6  (cost=0.43..6.43 rows=100 width=4)
	  Index Cond: ((id >= 6722379) AND (id <= 6722479))

table 7 : explain SELECT id FROM sbtest7 WHERE id BETWEEN 6722379 AND 6722479
	Index Only Scan using sbtest7_pkey on sbtest7  (cost=0.43..10.40 rows=98 width=4)
	  Index Cond: ((id >= 6722379) AND (id <= 6722479))

table 8 : explain SELECT id FROM sbtest8 WHERE id BETWEEN 6722379 AND 6722479
	Index Only Scan using sbtest8_pkey on sbtest8  (cost=0.43..6.58 rows=107 width=4)
	  Index Cond: ((id >= 6722379) AND (id <= 6722479))

explain: for range-covered :: explain SELECT id FROM sbtest%d WHERE id BETWEEN 2428189 AND 2428289
explain: for range-covered :: explain SELECT id FROM sbtest%d WHERE id BETWEEN 4525514 AND 4525614
for range-covered
table 1 : explain SELECT id FROM sbtest1 WHERE id BETWEEN 1877781 AND 1877881
	Index Only Scan using sbtest1_pkey on sbtest1  (cost=0.43..6.50 rows=103 width=4)
	  Index Cond: ((id >= 1877781) AND (id <= 1877881))

table 2 : explain SELECT id FROM sbtest2 WHERE id BETWEEN 1877781 AND 1877881
	Index Only Scan using sbtest2_pkey on sbtest2  (cost=0.43..6.50 rows=103 width=4)
	  Index Cond: ((id >= 1877781) AND (id <= 1877881))

table 3 : explain SELECT id FROM sbtest3 WHERE id BETWEEN 1877781 AND 1877881
	Index Only Scan using sbtest3_pkey on sbtest3  (cost=0.43..6.42 rows=99 width=4)
	  Index Cond: ((id >= 1877781) AND (id <= 1877881))

table 4 : explain SELECT id FROM sbtest4 WHERE id BETWEEN 1877781 AND 1877881
	Index Only Scan using sbtest4_pkey on sbtest4  (cost=0.43..6.40 rows=98 width=4)
	  Index Cond: ((id >= 1877781) AND (id <= 1877881))

table 5 : explain SELECT id FROM sbtest5 WHERE id BETWEEN 1877781 AND 1877881
	Index Only Scan using sbtest5_pkey on sbtest5  (cost=0.43..6.72 rows=114 width=4)
	  Index Cond: ((id >= 1877781) AND (id <= 1877881))

table 6 : explain SELECT id FROM sbtest6 WHERE id BETWEEN 1877781 AND 1877881
	Index Only Scan using sbtest6_pkey on sbtest6  (cost=0.43..6.56 rows=106 width=4)
	  Index Cond: ((id >= 1877781) AND (id <= 1877881))

table 7 : explain SELECT id FROM sbtest7 WHERE id BETWEEN 1877781 AND 1877881
	Index Only Scan using sbtest7_pkey on sbtest7  (cost=0.43..10.60 rows=108 width=4)
	  Index Cond: ((id >= 1877781) AND (id <= 1877881))

table 8 : explain SELECT id FROM sbtest8 WHERE id BETWEEN 1877781 AND 1877881
	Index Only Scan using sbtest8_pkey on sbtest8  (cost=0.43..6.59 rows=108 width=4)
	  Index Cond: ((id >= 1877781) AND (id <= 1877881))

explain: for range-covered :: explain SELECT id FROM sbtest%d WHERE id BETWEEN 1877781 AND 1877881
for range-covered
table 1 : explain SELECT id FROM sbtest1 WHERE id BETWEEN 5476161 AND 5476261
	Index Only Scan using sbtest1_pkey on sbtest1  (cost=0.43..6.40 rows=98 width=4)
	  Index Cond: ((id >= 5476161) AND (id <= 5476261))

table 2 : explain SELECT id FROM sbtest2 WHERE id BETWEEN 5476161 AND 5476261
	Index Only Scan using sbtest2_pkey on sbtest2  (cost=0.43..6.27 rows=92 width=4)
	  Index Cond: ((id >= 5476161) AND (id <= 5476261))

table 3 : explain SELECT id FROM sbtest3 WHERE id BETWEEN 5476161 AND 5476261
	Index Only Scan using sbtest3_pkey on sbtest3  (cost=0.43..6.19 rows=88 width=4)
	  Index Cond: ((id >= 5476161) AND (id <= 5476261))

table 4 : explain SELECT id FROM sbtest4 WHERE id BETWEEN 5476161 AND 5476261
	Index Only Scan using sbtest4_pkey on sbtest4  (cost=0.43..6.51 rows=104 width=4)
	  Index Cond: ((id >= 5476161) AND (id <= 5476261))

table 5 : explain SELECT id FROM sbtest5 WHERE id BETWEEN 5476161 AND 5476261
	Index Only Scan using sbtest5_pkey on sbtest5  (cost=0.43..6.24 rows=90 width=4)
	  Index Cond: ((id >= 5476161) AND (id <= 5476261))

table 6 : explain SELECT id FROM sbtest6 WHERE id BETWEEN 5476161 AND 5476261
	Index Only Scan using sbtest6_pkey on sbtest6  (cost=0.43..6.53 rows=105 width=4)
	  Index Cond: ((id >= 5476161) AND (id <= 5476261))

table 7 : explain SELECT id FROM sbtest7 WHERE id BETWEEN 5476161 AND 5476261
	Index Only Scan using sbtest7_pkey on sbtest7  (cost=0.43..10.33 rows=95 width=4)
	  Index Cond: ((id >= 5476161) AND (id <= 5476261))

table 8 : explain SELECT id FROM sbtest8 WHERE id BETWEEN 5476161 AND 5476261
	Index Only Scan using sbtest8_pkey on sbtest8  (cost=0.43..6.47 rows=102 width=4)
	  Index Cond: ((id >= 5476161) AND (id <= 5476261))

for range-covered
table 1 : explain SELECT id FROM sbtest1 WHERE id BETWEEN 7457900 AND 7458000
	Index Only Scan using sbtest1_pkey on sbtest1  (cost=0.43..6.45 rows=101 width=4)
	  Index Cond: ((id >= 7457900) AND (id <= 7458000))

table 2 : explain SELECT id FROM sbtest2 WHERE id BETWEEN 7457900 AND 7458000
	Index Only Scan using sbtest2_pkey on sbtest2  (cost=0.43..6.53 rows=105 width=4)
	  Index Cond: ((id >= 7457900) AND (id <= 7458000))

table 3 : explain SELECT id FROM sbtest3 WHERE id BETWEEN 7457900 AND 7458000
	Index Only Scan using sbtest3_pkey on sbtest3  (cost=0.43..6.66 rows=111 width=4)
	  Index Cond: ((id >= 7457900) AND (id <= 7458000))

table 4 : explain SELECT id FROM sbtest4 WHERE id BETWEEN 7457900 AND 7458000
	Index Only Scan using sbtest4_pkey on sbtest4  (cost=0.43..6.50 rows=103 width=4)
	  Index Cond: ((id >= 7457900) AND (id <= 7458000))

table 5 : explain SELECT id FROM sbtest5 WHERE id BETWEEN 7457900 AND 7458000
	Index Only Scan using sbtest5_pkey on sbtest5  (cost=0.43..6.50 rows=103 width=4)
	  Index Cond: ((id >= 7457900) AND (id <= 7458000))

table 6 : explain SELECT id FROM sbtest6 WHERE id BETWEEN 7457900 AND 7458000
	Index Only Scan using sbtest6_pkey on sbtest6  (cost=0.43..6.35 rows=96 width=4)
	  Index Cond: ((id >= 7457900) AND (id <= 7458000))

table 7 : explain SELECT id FROM sbtest7 WHERE id BETWEEN 7457900 AND 7458000
	Index Only Scan using sbtest7_pkey on sbtest7  (cost=0.43..10.47 rows=102 width=4)
	  Index Cond: ((id >= 7457900) AND (id <= 7458000))

table 8 : explain SELECT id FROM sbtest8 WHERE id BETWEEN 7457900 AND 7458000
	Index Only Scan using sbtest8_pkey on sbtest8  (cost=0.43..6.47 rows=102 width=4)
	  Index Cond: ((id >= 7457900) AND (id <= 7458000))

explain: for range-covered :: explain SELECT id FROM sbtest%d WHERE id BETWEEN 7457900 AND 7458000
for range-covered
table 1 : explain SELECT id FROM sbtest1 WHERE id BETWEEN 4525514 AND 4525614
	Index Only Scan using sbtest1_pkey on sbtest1  (cost=0.43..6.33 rows=95 width=4)
	  Index Cond: ((id >= 4525514) AND (id <= 4525614))

table 2 : explain SELECT id FROM sbtest2 WHERE id BETWEEN 4525514 AND 4525614
	Index Only Scan using sbtest2_pkey on sbtest2  (cost=0.43..6.43 rows=100 width=4)
	  Index Cond: ((id >= 4525514) AND (id <= 4525614))

table 3 : explain SELECT id FROM sbtest3 WHERE id BETWEEN 4525514 AND 4525614
	Index Only Scan using sbtest3_pkey on sbtest3  (cost=0.43..6.47 rows=102 width=4)
	  Index Cond: ((id >= 4525514) AND (id <= 4525614))

table 4 : explain SELECT id FROM sbtest4 WHERE id BETWEEN 4525514 AND 4525614
	Index Only Scan using sbtest4_pkey on sbtest4  (cost=0.43..6.43 rows=100 width=4)
	  Index Cond: ((id >= 4525514) AND (id <= 4525614))

table 5 : explain SELECT id FROM sbtest5 WHERE id BETWEEN 4525514 AND 4525614
	Index Only Scan using sbtest5_pkey on sbtest5  (cost=0.43..6.47 rows=102 width=4)
	  Index Cond: ((id >= 4525514) AND (id <= 4525614))

table 6 : explain SELECT id FROM sbtest6 WHERE id BETWEEN 4525514 AND 4525614
	Index Only Scan using sbtest6_pkey on sbtest6  (cost=0.43..6.45 rows=101 width=4)
	  Index Cond: ((id >= 4525514) AND (id <= 4525614))

table 7 : explain SELECT id FROM sbtest7 WHERE id BETWEEN 4525514 AND 4525614
	Index Only Scan using sbtest7_pkey on sbtest7  (cost=0.43..10.68 rows=112 width=4)
	  Index Cond: ((id >= 4525514) AND (id <= 4525614))

table 8 : explain SELECT id FROM sbtest8 WHERE id BETWEEN 4525514 AND 4525614
	Index Only Scan using sbtest8_pkey on sbtest8  (cost=0.43..6.35 rows=96 width=4)
	  Index Cond: ((id >= 4525514) AND (id <= 4525614))

for range-covered
table 1 : explain SELECT id FROM sbtest1 WHERE id BETWEEN 1877781 AND 1877881
	Index Only Scan using sbtest1_pkey on sbtest1  (cost=0.43..6.50 rows=103 width=4)
	  Index Cond: ((id >= 1877781) AND (id <= 1877881))

table 2 : explain SELECT id FROM sbtest2 WHERE id BETWEEN 1877781 AND 1877881
	Index Only Scan using sbtest2_pkey on sbtest2  (cost=0.43..6.50 rows=103 width=4)
	  Index Cond: ((id >= 1877781) AND (id <= 1877881))

table 3 : explain SELECT id FROM sbtest3 WHERE id BETWEEN 1877781 AND 1877881
	Index Only Scan using sbtest3_pkey on sbtest3  (cost=0.43..6.42 rows=99 width=4)
	  Index Cond: ((id >= 1877781) AND (id <= 1877881))

table 4 : explain SELECT id FROM sbtest4 WHERE id BETWEEN 1877781 AND 1877881
	Index Only Scan using sbtest4_pkey on sbtest4  (cost=0.43..6.40 rows=98 width=4)
	  Index Cond: ((id >= 1877781) AND (id <= 1877881))

table 5 : explain SELECT id FROM sbtest5 WHERE id BETWEEN 1877781 AND 1877881
	Index Only Scan using sbtest5_pkey on sbtest5  (cost=0.43..6.72 rows=114 width=4)
	  Index Cond: ((id >= 1877781) AND (id <= 1877881))

table 6 : explain SELECT id FROM sbtest6 WHERE id BETWEEN 1877781 AND 1877881
	Index Only Scan using sbtest6_pkey on sbtest6  (cost=0.43..6.56 rows=106 width=4)
	  Index Cond: ((id >= 1877781) AND (id <= 1877881))

table 7 : explain SELECT id FROM sbtest7 WHERE id BETWEEN 1877781 AND 1877881
	Index Only Scan using sbtest7_pkey on sbtest7  (cost=0.43..10.60 rows=108 width=4)
	  Index Cond: ((id >= 1877781) AND (id <= 1877881))

table 8 : explain SELECT id FROM sbtest8 WHERE id BETWEEN 1877781 AND 1877881
	Index Only Scan using sbtest8_pkey on sbtest8  (cost=0.43..6.59 rows=108 width=4)
	  Index Cond: ((id >= 1877781) AND (id <= 1877881))

for range-covered
table 1 : explain SELECT id FROM sbtest1 WHERE id BETWEEN 2428189 AND 2428289
	Index Only Scan using sbtest1_pkey on sbtest1  (cost=0.43..6.45 rows=101 width=4)
	  Index Cond: ((id >= 2428189) AND (id <= 2428289))

table 2 : explain SELECT id FROM sbtest2 WHERE id BETWEEN 2428189 AND 2428289
	Index Only Scan using sbtest2_pkey on sbtest2  (cost=0.43..6.51 rows=104 width=4)
	  Index Cond: ((id >= 2428189) AND (id <= 2428289))

table 3 : explain SELECT id FROM sbtest3 WHERE id BETWEEN 2428189 AND 2428289
	Index Only Scan using sbtest3_pkey on sbtest3  (cost=0.43..6.47 rows=102 width=4)
	  Index Cond: ((id >= 2428189) AND (id <= 2428289))

table 4 : explain SELECT id FROM sbtest4 WHERE id BETWEEN 2428189 AND 2428289
	Index Only Scan using sbtest4_pkey on sbtest4  (cost=0.43..6.67 rows=112 width=4)
	  Index Cond: ((id >= 2428189) AND (id <= 2428289))

table 5 : explain SELECT id FROM sbtest5 WHERE id BETWEEN 2428189 AND 2428289
	Index Only Scan using sbtest5_pkey on sbtest5  (cost=0.43..6.47 rows=102 width=4)
	  Index Cond: ((id >= 2428189) AND (id <= 2428289))

table 6 : explain SELECT id FROM sbtest6 WHERE id BETWEEN 2428189 AND 2428289
	Index Only Scan using sbtest6_pkey on sbtest6  (cost=0.43..6.21 rows=89 width=4)
	  Index Cond: ((id >= 2428189) AND (id <= 2428289))

table 7 : explain SELECT id FROM sbtest7 WHERE id BETWEEN 2428189 AND 2428289
	Index Only Scan using sbtest7_pkey on sbtest7  (cost=0.43..10.40 rows=98 width=4)
	  Index Cond: ((id >= 2428189) AND (id <= 2428289))

table 8 : explain SELECT id FROM sbtest8 WHERE id BETWEEN 2428189 AND 2428289
	Index Only Scan using sbtest8_pkey on sbtest8  (cost=0.43..6.33 rows=95 width=4)
	  Index Cond: ((id >= 2428189) AND (id <= 2428289))

for range-covered
table 1 : explain SELECT id FROM sbtest1 WHERE id BETWEEN 7457900 AND 7458000
	Index Only Scan using sbtest1_pkey on sbtest1  (cost=0.43..6.45 rows=101 width=4)
	  Index Cond: ((id >= 7457900) AND (id <= 7458000))

table 2 : explain SELECT id FROM sbtest2 WHERE id BETWEEN 7457900 AND 7458000
	Index Only Scan using sbtest2_pkey on sbtest2  (cost=0.43..6.53 rows=105 width=4)
	  Index Cond: ((id >= 7457900) AND (id <= 7458000))

table 3 : explain SELECT id FROM sbtest3 WHERE id BETWEEN 7457900 AND 7458000
	Index Only Scan using sbtest3_pkey on sbtest3  (cost=0.43..6.66 rows=111 width=4)
	  Index Cond: ((id >= 7457900) AND (id <= 7458000))

table 4 : explain SELECT id FROM sbtest4 WHERE id BETWEEN 7457900 AND 7458000
	Index Only Scan using sbtest4_pkey on sbtest4  (cost=0.43..6.50 rows=103 width=4)
	  Index Cond: ((id >= 7457900) AND (id <= 7458000))

table 5 : explain SELECT id FROM sbtest5 WHERE id BETWEEN 7457900 AND 7458000
	Index Only Scan using sbtest5_pkey on sbtest5  (cost=0.43..6.50 rows=103 width=4)
	  Index Cond: ((id >= 7457900) AND (id <= 7458000))

table 6 : explain SELECT id FROM sbtest6 WHERE id BETWEEN 7457900 AND 7458000
	Index Only Scan using sbtest6_pkey on sbtest6  (cost=0.43..6.35 rows=96 width=4)
	  Index Cond: ((id >= 7457900) AND (id <= 7458000))

table 7 : explain SELECT id FROM sbtest7 WHERE id BETWEEN 7457900 AND 7458000
	Index Only Scan using sbtest7_pkey on sbtest7  (cost=0.43..10.47 rows=102 width=4)
	  Index Cond: ((id >= 7457900) AND (id <= 7458000))

table 8 : explain SELECT id FROM sbtest8 WHERE id BETWEEN 7457900 AND 7458000
	Index Only Scan using sbtest8_pkey on sbtest8  (cost=0.43..6.47 rows=102 width=4)
	  Index Cond: ((id >= 7457900) AND (id <= 7458000))

explain: for range-covered :: explain SELECT id FROM sbtest%d WHERE id BETWEEN 2428189 AND 2428289
explain: for range-covered :: explain SELECT id FROM sbtest%d WHERE id BETWEEN 7457900 AND 7458000
for range-covered
table 1 : explain SELECT id FROM sbtest1 WHERE id BETWEEN 7457900 AND 7458000
	Index Only Scan using sbtest1_pkey on sbtest1  (cost=0.43..6.45 rows=101 width=4)
	  Index Cond: ((id >= 7457900) AND (id <= 7458000))

table 2 : explain SELECT id FROM sbtest2 WHERE id BETWEEN 7457900 AND 7458000
	Index Only Scan using sbtest2_pkey on sbtest2  (cost=0.43..6.53 rows=105 width=4)
	  Index Cond: ((id >= 7457900) AND (id <= 7458000))

table 3 : explain SELECT id FROM sbtest3 WHERE id BETWEEN 7457900 AND 7458000
	Index Only Scan using sbtest3_pkey on sbtest3  (cost=0.43..6.66 rows=111 width=4)
	  Index Cond: ((id >= 7457900) AND (id <= 7458000))

table 4 : explain SELECT id FROM sbtest4 WHERE id BETWEEN 7457900 AND 7458000
	Index Only Scan using sbtest4_pkey on sbtest4  (cost=0.43..6.50 rows=103 width=4)
	  Index Cond: ((id >= 7457900) AND (id <= 7458000))

table 5 : explain SELECT id FROM sbtest5 WHERE id BETWEEN 7457900 AND 7458000
	Index Only Scan using sbtest5_pkey on sbtest5  (cost=0.43..6.50 rows=103 width=4)
	  Index Cond: ((id >= 7457900) AND (id <= 7458000))

table 6 : explain SELECT id FROM sbtest6 WHERE id BETWEEN 7457900 AND 7458000
	Index Only Scan using sbtest6_pkey on sbtest6  (cost=0.43..6.35 rows=96 width=4)
	  Index Cond: ((id >= 7457900) AND (id <= 7458000))

table 7 : explain SELECT id FROM sbtest7 WHERE id BETWEEN 7457900 AND 7458000
	Index Only Scan using sbtest7_pkey on sbtest7  (cost=0.43..10.47 rows=102 width=4)
	  Index Cond: ((id >= 7457900) AND (id <= 7458000))

table 8 : explain SELECT id FROM sbtest8 WHERE id BETWEEN 7457900 AND 7458000
	Index Only Scan using sbtest8_pkey on sbtest8  (cost=0.43..6.47 rows=102 width=4)
	  Index Cond: ((id >= 7457900) AND (id <= 7458000))

explain: for range-covered :: explain SELECT id FROM sbtest%d WHERE id BETWEEN 7457900 AND 7458000
for range-covered
table 1 : explain SELECT id FROM sbtest1 WHERE id BETWEEN 2428189 AND 2428289
	Index Only Scan using sbtest1_pkey on sbtest1  (cost=0.43..6.45 rows=101 width=4)
	  Index Cond: ((id >= 2428189) AND (id <= 2428289))

table 2 : explain SELECT id FROM sbtest2 WHERE id BETWEEN 2428189 AND 2428289
	Index Only Scan using sbtest2_pkey on sbtest2  (cost=0.43..6.51 rows=104 width=4)
	  Index Cond: ((id >= 2428189) AND (id <= 2428289))

table 3 : explain SELECT id FROM sbtest3 WHERE id BETWEEN 2428189 AND 2428289
	Index Only Scan using sbtest3_pkey on sbtest3  (cost=0.43..6.47 rows=102 width=4)
	  Index Cond: ((id >= 2428189) AND (id <= 2428289))

table 4 : explain SELECT id FROM sbtest4 WHERE id BETWEEN 2428189 AND 2428289
	Index Only Scan using sbtest4_pkey on sbtest4  (cost=0.43..6.67 rows=112 width=4)
	  Index Cond: ((id >= 2428189) AND (id <= 2428289))

table 5 : explain SELECT id FROM sbtest5 WHERE id BETWEEN 2428189 AND 2428289
	Index Only Scan using sbtest5_pkey on sbtest5  (cost=0.43..6.47 rows=102 width=4)
	  Index Cond: ((id >= 2428189) AND (id <= 2428289))

table 6 : explain SELECT id FROM sbtest6 WHERE id BETWEEN 2428189 AND 2428289
	Index Only Scan using sbtest6_pkey on sbtest6  (cost=0.43..6.21 rows=89 width=4)
	  Index Cond: ((id >= 2428189) AND (id <= 2428289))

table 7 : explain SELECT id FROM sbtest7 WHERE id BETWEEN 2428189 AND 2428289
	Index Only Scan using sbtest7_pkey on sbtest7  (cost=0.43..10.40 rows=98 width=4)
	  Index Cond: ((id >= 2428189) AND (id <= 2428289))

table 8 : explain SELECT id FROM sbtest8 WHERE id BETWEEN 2428189 AND 2428289
	Index Only Scan using sbtest8_pkey on sbtest8  (cost=0.43..6.33 rows=95 width=4)
	  Index Cond: ((id >= 2428189) AND (id <= 2428289))

explain: for range-covered :: explain SELECT id FROM sbtest%d WHERE id BETWEEN 2428189 AND 2428289
for range-covered
table 1 : explain SELECT id FROM sbtest1 WHERE id BETWEEN 7457900 AND 7458000
	Index Only Scan using sbtest1_pkey on sbtest1  (cost=0.43..6.45 rows=101 width=4)
	  Index Cond: ((id >= 7457900) AND (id <= 7458000))

table 2 : explain SELECT id FROM sbtest2 WHERE id BETWEEN 7457900 AND 7458000
	Index Only Scan using sbtest2_pkey on sbtest2  (cost=0.43..6.53 rows=105 width=4)
	  Index Cond: ((id >= 7457900) AND (id <= 7458000))

table 3 : explain SELECT id FROM sbtest3 WHERE id BETWEEN 7457900 AND 7458000
	Index Only Scan using sbtest3_pkey on sbtest3  (cost=0.43..6.66 rows=111 width=4)
	  Index Cond: ((id >= 7457900) AND (id <= 7458000))

table 4 : explain SELECT id FROM sbtest4 WHERE id BETWEEN 7457900 AND 7458000
	Index Only Scan using sbtest4_pkey on sbtest4  (cost=0.43..6.50 rows=103 width=4)
	  Index Cond: ((id >= 7457900) AND (id <= 7458000))

table 5 : explain SELECT id FROM sbtest5 WHERE id BETWEEN 7457900 AND 7458000
	Index Only Scan using sbtest5_pkey on sbtest5  (cost=0.43..6.50 rows=103 width=4)
	  Index Cond: ((id >= 7457900) AND (id <= 7458000))

table 6 : explain SELECT id FROM sbtest6 WHERE id BETWEEN 7457900 AND 7458000
	Index Only Scan using sbtest6_pkey on sbtest6  (cost=0.43..6.35 rows=96 width=4)
	  Index Cond: ((id >= 7457900) AND (id <= 7458000))

table 7 : explain SELECT id FROM sbtest7 WHERE id BETWEEN 7457900 AND 7458000
	Index Only Scan using sbtest7_pkey on sbtest7  (cost=0.43..10.47 rows=102 width=4)
	  Index Cond: ((id >= 7457900) AND (id <= 7458000))

table 8 : explain SELECT id FROM sbtest8 WHERE id BETWEEN 7457900 AND 7458000
	Index Only Scan using sbtest8_pkey on sbtest8  (cost=0.43..6.47 rows=102 width=4)
	  Index Cond: ((id >= 7457900) AND (id <= 7458000))

explain: for range-covered :: explain SELECT id FROM sbtest%d WHERE id BETWEEN 7457900 AND 7458000
for range-covered
table 1 : explain SELECT id FROM sbtest1 WHERE id BETWEEN 4926414 AND 4926514
	Index Only Scan using sbtest1_pkey on sbtest1  (cost=0.43..6.51 rows=104 width=4)
	  Index Cond: ((id >= 4926414) AND (id <= 4926514))

table 2 : explain SELECT id FROM sbtest2 WHERE id BETWEEN 4926414 AND 4926514
	Index Only Scan using sbtest2_pkey on sbtest2  (cost=0.43..6.43 rows=100 width=4)
	  Index Cond: ((id >= 4926414) AND (id <= 4926514))

table 3 : explain SELECT id FROM sbtest3 WHERE id BETWEEN 4926414 AND 4926514
	Index Only Scan using sbtest3_pkey on sbtest3  (cost=0.43..6.47 rows=102 width=4)
	  Index Cond: ((id >= 4926414) AND (id <= 4926514))

table 4 : explain SELECT id FROM sbtest4 WHERE id BETWEEN 4926414 AND 4926514
	Index Only Scan using sbtest4_pkey on sbtest4  (cost=0.43..6.27 rows=92 width=4)
	  Index Cond: ((id >= 4926414) AND (id <= 4926514))

table 5 : explain SELECT id FROM sbtest5 WHERE id BETWEEN 4926414 AND 4926514
	Index Only Scan using sbtest5_pkey on sbtest5  (cost=0.43..6.35 rows=96 width=4)
	  Index Cond: ((id >= 4926414) AND (id <= 4926514))

table 6 : explain SELECT id FROM sbtest6 WHERE id BETWEEN 4926414 AND 4926514
	Index Only Scan using sbtest6_pkey on sbtest6  (cost=0.43..6.33 rows=95 width=4)
	  Index Cond: ((id >= 4926414) AND (id <= 4926514))

table 7 : explain SELECT id FROM sbtest7 WHERE id BETWEEN 4926414 AND 4926514
	Index Only Scan using sbtest7_pkey on sbtest7  (cost=0.43..10.40 rows=98 width=4)
	  Index Cond: ((id >= 4926414) AND (id <= 4926514))

table 8 : explain SELECT id FROM sbtest8 WHERE id BETWEEN 4926414 AND 4926514
	Index Only Scan using sbtest8_pkey on sbtest8  (cost=0.43..6.42 rows=99 width=4)
	  Index Cond: ((id >= 4926414) AND (id <= 4926514))

explain: for range-covered :: explain SELECT id FROM sbtest%d WHERE id BETWEEN 4926414 AND 4926514
for range-covered
table 1 : explain SELECT id FROM sbtest1 WHERE id BETWEEN 2428189 AND 2428289
	Index Only Scan using sbtest1_pkey on sbtest1  (cost=0.43..6.45 rows=101 width=4)
	  Index Cond: ((id >= 2428189) AND (id <= 2428289))

table 2 : explain SELECT id FROM sbtest2 WHERE id BETWEEN 2428189 AND 2428289
	Index Only Scan using sbtest2_pkey on sbtest2  (cost=0.43..6.51 rows=104 width=4)
	  Index Cond: ((id >= 2428189) AND (id <= 2428289))

table 3 : explain SELECT id FROM sbtest3 WHERE id BETWEEN 2428189 AND 2428289
	Index Only Scan using sbtest3_pkey on sbtest3  (cost=0.43..6.47 rows=102 width=4)
	  Index Cond: ((id >= 2428189) AND (id <= 2428289))

table 4 : explain SELECT id FROM sbtest4 WHERE id BETWEEN 2428189 AND 2428289
	Index Only Scan using sbtest4_pkey on sbtest4  (cost=0.43..6.67 rows=112 width=4)
	  Index Cond: ((id >= 2428189) AND (id <= 2428289))

table 5 : explain SELECT id FROM sbtest5 WHERE id BETWEEN 2428189 AND 2428289
	Index Only Scan using sbtest5_pkey on sbtest5  (cost=0.43..6.47 rows=102 width=4)
	  Index Cond: ((id >= 2428189) AND (id <= 2428289))

table 6 : explain SELECT id FROM sbtest6 WHERE id BETWEEN 2428189 AND 2428289
	Index Only Scan using sbtest6_pkey on sbtest6  (cost=0.43..6.21 rows=89 width=4)
	  Index Cond: ((id >= 2428189) AND (id <= 2428289))

table 7 : explain SELECT id FROM sbtest7 WHERE id BETWEEN 2428189 AND 2428289
	Index Only Scan using sbtest7_pkey on sbtest7  (cost=0.43..10.40 rows=98 width=4)
	  Index Cond: ((id >= 2428189) AND (id <= 2428289))

table 8 : explain SELECT id FROM sbtest8 WHERE id BETWEEN 2428189 AND 2428289
	Index Only Scan using sbtest8_pkey on sbtest8  (cost=0.43..6.33 rows=95 width=4)
	  Index Cond: ((id >= 2428189) AND (id <= 2428289))

for range-covered
table 1 : explain SELECT id FROM sbtest1 WHERE id BETWEEN 7457900 AND 7458000
	Index Only Scan using sbtest1_pkey on sbtest1  (cost=0.43..6.45 rows=101 width=4)
	  Index Cond: ((id >= 7457900) AND (id <= 7458000))

table 2 : explain SELECT id FROM sbtest2 WHERE id BETWEEN 7457900 AND 7458000
	Index Only Scan using sbtest2_pkey on sbtest2  (cost=0.43..6.53 rows=105 width=4)
	  Index Cond: ((id >= 7457900) AND (id <= 7458000))

table 3 : explain SELECT id FROM sbtest3 WHERE id BETWEEN 7457900 AND 7458000
	Index Only Scan using sbtest3_pkey on sbtest3  (cost=0.43..6.66 rows=111 width=4)
	  Index Cond: ((id >= 7457900) AND (id <= 7458000))

table 4 : explain SELECT id FROM sbtest4 WHERE id BETWEEN 7457900 AND 7458000
	Index Only Scan using sbtest4_pkey on sbtest4  (cost=0.43..6.50 rows=103 width=4)
	  Index Cond: ((id >= 7457900) AND (id <= 7458000))

table 5 : explain SELECT id FROM sbtest5 WHERE id BETWEEN 7457900 AND 7458000
	Index Only Scan using sbtest5_pkey on sbtest5  (cost=0.43..6.50 rows=103 width=4)
	  Index Cond: ((id >= 7457900) AND (id <= 7458000))

table 6 : explain SELECT id FROM sbtest6 WHERE id BETWEEN 7457900 AND 7458000
	Index Only Scan using sbtest6_pkey on sbtest6  (cost=0.43..6.35 rows=96 width=4)
	  Index Cond: ((id >= 7457900) AND (id <= 7458000))

table 7 : explain SELECT id FROM sbtest7 WHERE id BETWEEN 7457900 AND 7458000
	Index Only Scan using sbtest7_pkey on sbtest7  (cost=0.43..10.47 rows=102 width=4)
	  Index Cond: ((id >= 7457900) AND (id <= 7458000))

table 8 : explain SELECT id FROM sbtest8 WHERE id BETWEEN 7457900 AND 7458000
	Index Only Scan using sbtest8_pkey on sbtest8  (cost=0.43..6.47 rows=102 width=4)
	  Index Cond: ((id >= 7457900) AND (id <= 7458000))

for range-covered
table 1 : explain SELECT id FROM sbtest1 WHERE id BETWEEN 4926414 AND 4926514
	Index Only Scan using sbtest1_pkey on sbtest1  (cost=0.43..6.51 rows=104 width=4)
	  Index Cond: ((id >= 4926414) AND (id <= 4926514))

table 2 : explain SELECT id FROM sbtest2 WHERE id BETWEEN 4926414 AND 4926514
	Index Only Scan using sbtest2_pkey on sbtest2  (cost=0.43..6.43 rows=100 width=4)
	  Index Cond: ((id >= 4926414) AND (id <= 4926514))

table 3 : explain SELECT id FROM sbtest3 WHERE id BETWEEN 4926414 AND 4926514
	Index Only Scan using sbtest3_pkey on sbtest3  (cost=0.43..6.47 rows=102 width=4)
	  Index Cond: ((id >= 4926414) AND (id <= 4926514))

table 4 : explain SELECT id FROM sbtest4 WHERE id BETWEEN 4926414 AND 4926514
	Index Only Scan using sbtest4_pkey on sbtest4  (cost=0.43..6.27 rows=92 width=4)
	  Index Cond: ((id >= 4926414) AND (id <= 4926514))

table 5 : explain SELECT id FROM sbtest5 WHERE id BETWEEN 4926414 AND 4926514
	Index Only Scan using sbtest5_pkey on sbtest5  (cost=0.43..6.35 rows=96 width=4)
	  Index Cond: ((id >= 4926414) AND (id <= 4926514))

table 6 : explain SELECT id FROM sbtest6 WHERE id BETWEEN 4926414 AND 4926514
	Index Only Scan using sbtest6_pkey on sbtest6  (cost=0.43..6.33 rows=95 width=4)
	  Index Cond: ((id >= 4926414) AND (id <= 4926514))

table 7 : explain SELECT id FROM sbtest7 WHERE id BETWEEN 4926414 AND 4926514
	Index Only Scan using sbtest7_pkey on sbtest7  (cost=0.43..10.40 rows=98 width=4)
	  Index Cond: ((id >= 4926414) AND (id <= 4926514))

table 8 : explain SELECT id FROM sbtest8 WHERE id BETWEEN 4926414 AND 4926514
	Index Only Scan using sbtest8_pkey on sbtest8  (cost=0.43..6.42 rows=99 width=4)
	  Index Cond: ((id >= 4926414) AND (id <= 4926514))

explain: for range-covered :: explain SELECT id FROM sbtest%d WHERE id BETWEEN 4926414 AND 4926514
for range-covered
table 1 : explain SELECT id FROM sbtest1 WHERE id BETWEEN 4926414 AND 4926514
	Index Only Scan using sbtest1_pkey on sbtest1  (cost=0.43..6.51 rows=104 width=4)
	  Index Cond: ((id >= 4926414) AND (id <= 4926514))

table 2 : explain SELECT id FROM sbtest2 WHERE id BETWEEN 4926414 AND 4926514
	Index Only Scan using sbtest2_pkey on sbtest2  (cost=0.43..6.43 rows=100 width=4)
	  Index Cond: ((id >= 4926414) AND (id <= 4926514))

table 3 : explain SELECT id FROM sbtest3 WHERE id BETWEEN 4926414 AND 4926514
	Index Only Scan using sbtest3_pkey on sbtest3  (cost=0.43..6.47 rows=102 width=4)
	  Index Cond: ((id >= 4926414) AND (id <= 4926514))

table 4 : explain SELECT id FROM sbtest4 WHERE id BETWEEN 4926414 AND 4926514
	Index Only Scan using sbtest4_pkey on sbtest4  (cost=0.43..6.27 rows=92 width=4)
	  Index Cond: ((id >= 4926414) AND (id <= 4926514))

table 5 : explain SELECT id FROM sbtest5 WHERE id BETWEEN 4926414 AND 4926514
	Index Only Scan using sbtest5_pkey on sbtest5  (cost=0.43..6.35 rows=96 width=4)
	  Index Cond: ((id >= 4926414) AND (id <= 4926514))

table 6 : explain SELECT id FROM sbtest6 WHERE id BETWEEN 4926414 AND 4926514
	Index Only Scan using sbtest6_pkey on sbtest6  (cost=0.43..6.33 rows=95 width=4)
	  Index Cond: ((id >= 4926414) AND (id <= 4926514))

table 7 : explain SELECT id FROM sbtest7 WHERE id BETWEEN 4926414 AND 4926514
	Index Only Scan using sbtest7_pkey on sbtest7  (cost=0.43..10.40 rows=98 width=4)
	  Index Cond: ((id >= 4926414) AND (id <= 4926514))

table 8 : explain SELECT id FROM sbtest8 WHERE id BETWEEN 4926414 AND 4926514
	Index Only Scan using sbtest8_pkey on sbtest8  (cost=0.43..6.42 rows=99 width=4)
	  Index Cond: ((id >= 4926414) AND (id <= 4926514))

explain: for range-covered :: explain SELECT id FROM sbtest%d WHERE id BETWEEN 4926414 AND 4926514
for range-covered
table 1 : explain SELECT id FROM sbtest1 WHERE id BETWEEN 4926414 AND 4926514
	Index Only Scan using sbtest1_pkey on sbtest1  (cost=0.43..6.51 rows=104 width=4)
	  Index Cond: ((id >= 4926414) AND (id <= 4926514))

table 2 : explain SELECT id FROM sbtest2 WHERE id BETWEEN 4926414 AND 4926514
	Index Only Scan using sbtest2_pkey on sbtest2  (cost=0.43..6.43 rows=100 width=4)
	  Index Cond: ((id >= 4926414) AND (id <= 4926514))

table 3 : explain SELECT id FROM sbtest3 WHERE id BETWEEN 4926414 AND 4926514
	Index Only Scan using sbtest3_pkey on sbtest3  (cost=0.43..6.47 rows=102 width=4)
	  Index Cond: ((id >= 4926414) AND (id <= 4926514))

table 4 : explain SELECT id FROM sbtest4 WHERE id BETWEEN 4926414 AND 4926514
	Index Only Scan using sbtest4_pkey on sbtest4  (cost=0.43..6.27 rows=92 width=4)
	  Index Cond: ((id >= 4926414) AND (id <= 4926514))

table 5 : explain SELECT id FROM sbtest5 WHERE id BETWEEN 4926414 AND 4926514
	Index Only Scan using sbtest5_pkey on sbtest5  (cost=0.43..6.35 rows=96 width=4)
	  Index Cond: ((id >= 4926414) AND (id <= 4926514))

table 6 : explain SELECT id FROM sbtest6 WHERE id BETWEEN 4926414 AND 4926514
	Index Only Scan using sbtest6_pkey on sbtest6  (cost=0.43..6.33 rows=95 width=4)
	  Index Cond: ((id >= 4926414) AND (id <= 4926514))

table 7 : explain SELECT id FROM sbtest7 WHERE id BETWEEN 4926414 AND 4926514
	Index Only Scan using sbtest7_pkey on sbtest7  (cost=0.43..10.40 rows=98 width=4)
	  Index Cond: ((id >= 4926414) AND (id <= 4926514))

table 8 : explain SELECT id FROM sbtest8 WHERE id BETWEEN 4926414 AND 4926514
	Index Only Scan using sbtest8_pkey on sbtest8  (cost=0.43..6.42 rows=99 width=4)
	  Index Cond: ((id >= 4926414) AND (id <= 4926514))

explain: for range-covered :: explain SELECT id FROM sbtest%d WHERE id BETWEEN 4926414 AND 4926514
for range-covered
table 1 : explain SELECT id FROM sbtest1 WHERE id BETWEEN 4926414 AND 4926514
	Index Only Scan using sbtest1_pkey on sbtest1  (cost=0.43..6.51 rows=104 width=4)
	  Index Cond: ((id >= 4926414) AND (id <= 4926514))

table 2 : explain SELECT id FROM sbtest2 WHERE id BETWEEN 4926414 AND 4926514
	Index Only Scan using sbtest2_pkey on sbtest2  (cost=0.43..6.43 rows=100 width=4)
	  Index Cond: ((id >= 4926414) AND (id <= 4926514))

table 3 : explain SELECT id FROM sbtest3 WHERE id BETWEEN 4926414 AND 4926514
	Index Only Scan using sbtest3_pkey on sbtest3  (cost=0.43..6.47 rows=102 width=4)
	  Index Cond: ((id >= 4926414) AND (id <= 4926514))

table 4 : explain SELECT id FROM sbtest4 WHERE id BETWEEN 4926414 AND 4926514
	Index Only Scan using sbtest4_pkey on sbtest4  (cost=0.43..6.27 rows=92 width=4)
	  Index Cond: ((id >= 4926414) AND (id <= 4926514))

table 5 : explain SELECT id FROM sbtest5 WHERE id BETWEEN 4926414 AND 4926514
	Index Only Scan using sbtest5_pkey on sbtest5  (cost=0.43..6.35 rows=96 width=4)
	  Index Cond: ((id >= 4926414) AND (id <= 4926514))

table 6 : explain SELECT id FROM sbtest6 WHERE id BETWEEN 4926414 AND 4926514
	Index Only Scan using sbtest6_pkey on sbtest6  (cost=0.43..6.33 rows=95 width=4)
	  Index Cond: ((id >= 4926414) AND (id <= 4926514))

table 7 : explain SELECT id FROM sbtest7 WHERE id BETWEEN 4926414 AND 4926514
	Index Only Scan using sbtest7_pkey on sbtest7  (cost=0.43..10.40 rows=98 width=4)
	  Index Cond: ((id >= 4926414) AND (id <= 4926514))

table 8 : explain SELECT id FROM sbtest8 WHERE id BETWEEN 4926414 AND 4926514
	Index Only Scan using sbtest8_pkey on sbtest8  (cost=0.43..6.42 rows=99 width=4)
	  Index Cond: ((id >= 4926414) AND (id <= 4926514))

explain: for range-covered :: explain SELECT id FROM sbtest%d WHERE id BETWEEN 4926414 AND 4926514
for range-covered
table 1 : explain SELECT id FROM sbtest1 WHERE id BETWEEN 4926414 AND 4926514
	Index Only Scan using sbtest1_pkey on sbtest1  (cost=0.43..6.51 rows=104 width=4)
	  Index Cond: ((id >= 4926414) AND (id <= 4926514))

table 2 : explain SELECT id FROM sbtest2 WHERE id BETWEEN 4926414 AND 4926514
	Index Only Scan using sbtest2_pkey on sbtest2  (cost=0.43..6.43 rows=100 width=4)
	  Index Cond: ((id >= 4926414) AND (id <= 4926514))

table 3 : explain SELECT id FROM sbtest3 WHERE id BETWEEN 4926414 AND 4926514
	Index Only Scan using sbtest3_pkey on sbtest3  (cost=0.43..6.47 rows=102 width=4)
	  Index Cond: ((id >= 4926414) AND (id <= 4926514))

table 4 : explain SELECT id FROM sbtest4 WHERE id BETWEEN 4926414 AND 4926514
	Index Only Scan using sbtest4_pkey on sbtest4  (cost=0.43..6.27 rows=92 width=4)
	  Index Cond: ((id >= 4926414) AND (id <= 4926514))

table 5 : explain SELECT id FROM sbtest5 WHERE id BETWEEN 4926414 AND 4926514
	Index Only Scan using sbtest5_pkey on sbtest5  (cost=0.43..6.35 rows=96 width=4)
	  Index Cond: ((id >= 4926414) AND (id <= 4926514))

table 6 : explain SELECT id FROM sbtest6 WHERE id BETWEEN 4926414 AND 4926514
	Index Only Scan using sbtest6_pkey on sbtest6  (cost=0.43..6.33 rows=95 width=4)
	  Index Cond: ((id >= 4926414) AND (id <= 4926514))

table 7 : explain SELECT id FROM sbtest7 WHERE id BETWEEN 4926414 AND 4926514
	Index Only Scan using sbtest7_pkey on sbtest7  (cost=0.43..10.40 rows=98 width=4)
	  Index Cond: ((id >= 4926414) AND (id <= 4926514))

table 8 : explain SELECT id FROM sbtest8 WHERE id BETWEEN 4926414 AND 4926514
	Index Only Scan using sbtest8_pkey on sbtest8  (cost=0.43..6.42 rows=99 width=4)
	  Index Cond: ((id >= 4926414) AND (id <= 4926514))

explain: for range-covered :: explain SELECT id FROM sbtest%d WHERE id BETWEEN 4926414 AND 4926514
for range-covered
table 1 : explain SELECT id FROM sbtest1 WHERE id BETWEEN 4926414 AND 4926514
	Index Only Scan using sbtest1_pkey on sbtest1  (cost=0.43..6.51 rows=104 width=4)
	  Index Cond: ((id >= 4926414) AND (id <= 4926514))

table 2 : explain SELECT id FROM sbtest2 WHERE id BETWEEN 4926414 AND 4926514
	Index Only Scan using sbtest2_pkey on sbtest2  (cost=0.43..6.43 rows=100 width=4)
	  Index Cond: ((id >= 4926414) AND (id <= 4926514))

table 3 : explain SELECT id FROM sbtest3 WHERE id BETWEEN 4926414 AND 4926514
	Index Only Scan using sbtest3_pkey on sbtest3  (cost=0.43..6.47 rows=102 width=4)
	  Index Cond: ((id >= 4926414) AND (id <= 4926514))

table 4 : explain SELECT id FROM sbtest4 WHERE id BETWEEN 4926414 AND 4926514
	Index Only Scan using sbtest4_pkey on sbtest4  (cost=0.43..6.27 rows=92 width=4)
	  Index Cond: ((id >= 4926414) AND (id <= 4926514))

table 5 : explain SELECT id FROM sbtest5 WHERE id BETWEEN 4926414 AND 4926514
	Index Only Scan using sbtest5_pkey on sbtest5  (cost=0.43..6.35 rows=96 width=4)
	  Index Cond: ((id >= 4926414) AND (id <= 4926514))

table 6 : explain SELECT id FROM sbtest6 WHERE id BETWEEN 4926414 AND 4926514
	Index Only Scan using sbtest6_pkey on sbtest6  (cost=0.43..6.33 rows=95 width=4)
	  Index Cond: ((id >= 4926414) AND (id <= 4926514))

table 7 : explain SELECT id FROM sbtest7 WHERE id BETWEEN 4926414 AND 4926514
	Index Only Scan using sbtest7_pkey on sbtest7  (cost=0.43..10.40 rows=98 width=4)
	  Index Cond: ((id >= 4926414) AND (id <= 4926514))

table 8 : explain SELECT id FROM sbtest8 WHERE id BETWEEN 4926414 AND 4926514
	Index Only Scan using sbtest8_pkey on sbtest8  (cost=0.43..6.42 rows=99 width=4)
	  Index Cond: ((id >= 4926414) AND (id <= 4926514))

explain: for range-covered :: explain SELECT id FROM sbtest%d WHERE id BETWEEN 4926414 AND 4926514
for range-covered
table 1 : explain SELECT id FROM sbtest1 WHERE id BETWEEN 4926414 AND 4926514
	Index Only Scan using sbtest1_pkey on sbtest1  (cost=0.43..6.51 rows=104 width=4)
	  Index Cond: ((id >= 4926414) AND (id <= 4926514))

table 2 : explain SELECT id FROM sbtest2 WHERE id BETWEEN 4926414 AND 4926514
	Index Only Scan using sbtest2_pkey on sbtest2  (cost=0.43..6.43 rows=100 width=4)
	  Index Cond: ((id >= 4926414) AND (id <= 4926514))

table 3 : explain SELECT id FROM sbtest3 WHERE id BETWEEN 4926414 AND 4926514
	Index Only Scan using sbtest3_pkey on sbtest3  (cost=0.43..6.47 rows=102 width=4)
	  Index Cond: ((id >= 4926414) AND (id <= 4926514))

table 4 : explain SELECT id FROM sbtest4 WHERE id BETWEEN 4926414 AND 4926514
	Index Only Scan using sbtest4_pkey on sbtest4  (cost=0.43..6.27 rows=92 width=4)
	  Index Cond: ((id >= 4926414) AND (id <= 4926514))

table 5 : explain SELECT id FROM sbtest5 WHERE id BETWEEN 4926414 AND 4926514
	Index Only Scan using sbtest5_pkey on sbtest5  (cost=0.43..6.35 rows=96 width=4)
	  Index Cond: ((id >= 4926414) AND (id <= 4926514))

table 6 : explain SELECT id FROM sbtest6 WHERE id BETWEEN 4926414 AND 4926514
	Index Only Scan using sbtest6_pkey on sbtest6  (cost=0.43..6.33 rows=95 width=4)
	  Index Cond: ((id >= 4926414) AND (id <= 4926514))

table 7 : explain SELECT id FROM sbtest7 WHERE id BETWEEN 4926414 AND 4926514
	Index Only Scan using sbtest7_pkey on sbtest7  (cost=0.43..10.40 rows=98 width=4)
	  Index Cond: ((id >= 4926414) AND (id <= 4926514))

table 8 : explain SELECT id FROM sbtest8 WHERE id BETWEEN 4926414 AND 4926514
	Index Only Scan using sbtest8_pkey on sbtest8  (cost=0.43..6.42 rows=99 width=4)
	  Index Cond: ((id >= 4926414) AND (id <= 4926514))

Threads started!

Warming up for 5 seconds...

SQL statistics:
    queries performed:
        read:                            253160833
        write:                           0
        other:                           0
        total:                           253160833
    transactions:                        253160833 (401839.08 per sec.)
    queries:                             253160833 (401839.08 per sec.)
    ignored errors:                      0      (0.00 per sec.)
    reconnects:                          0      (0.00 per sec.)

Throughput:
    events/s (eps):                      401839.0785
    time elapsed:                        630.0056s
    total number of events:              253160833

Latency (ms):
         min:                                    0.06
         avg:                                    0.10
         max:                                   24.11
         95th percentile:                        0.11
         sum:                             25114742.95

Threads fairness:
    events (avg/stddev):           6329015.4000/34067.42
    execution time (avg/stddev):   627.8686/0.05

