LUA_PATH=/home/mdcallag/git/mytools/bench/sysbench.lua/lua/?.lua /home/mdcallag/git/mytools/bench/sysbench.lua/lua/sysbench --db-driver=pgsql --range-size=1000 --table-size=10000000 --tables=8 --threads=40 --events=0 --warmup-time=5 --time=630 --pgsql_conn_id=true /home/mdcallag/git/mytools/bench/sysbench.lua/lua/oltp_read_only.lua run --pgsql-user=root --pgsql-password=pw --pgsql-host=127.0.0.1 --pgsql-db=ib --rand-type=uniform --simple-ranges=0 --sum-ranges=0 --order-ranges=0 --distinct-ranges=1
48 CPUs
sysbench 1.1.0-9072687 (using bundled LuaJIT 2.1.0-beta3)

Running the test with following options:
Number of threads: 40
Warmup time: 5s
Initializing random number generator from current time


Initializing worker threads...

explain: for point_selects :: explain SELECT c FROM sbtest%u WHERE id=%u
explain: for point_selects :: explain SELECT c FROM sbtest%u WHERE id=%u
explain: for point_selects :: explain SELECT c FROM sbtest%u WHERE id=%u
explain: for point_selects :: explain SELECT c FROM sbtest%u WHERE id=%u
explain: for point_selects :: explain SELECT c FROM sbtest%u WHERE id=%u
for point_selects
table 1 : explain SELECT c FROM sbtest1 WHERE id=8828109
	Index Scan using sbtest1_pkey on sbtest1  (cost=0.43..8.45 rows=1 width=121)
	  Index Cond: (id = 8828109)

table 2 : explain SELECT c FROM sbtest2 WHERE id=4267681
	Index Scan using sbtest2_pkey on sbtest2  (cost=0.43..8.45 rows=1 width=121)
	  Index Cond: (id = 4267681)

table 3 : explain SELECT c FROM sbtest3 WHERE id=6120008
	Index Scan using sbtest3_pkey on sbtest3  (cost=0.43..8.45 rows=1 width=121)
	  Index Cond: (id = 6120008)

table 4 : explain SELECT c FROM sbtest4 WHERE id=8506665
	Index Scan using sbtest4_pkey on sbtest4  (cost=0.43..8.45 rows=1 width=121)
	  Index Cond: (id = 8506665)

table 5 : explain SELECT c FROM sbtest5 WHERE id=8011762
	Index Scan using sbtest5_pkey on sbtest5  (cost=0.43..8.45 rows=1 width=121)
	  Index Cond: (id = 8011762)

table 6 : explain SELECT c FROM sbtest6 WHERE id=6043560
	Index Scan using sbtest6_pkey on sbtest6  (cost=0.43..8.45 rows=1 width=121)
	  Index Cond: (id = 6043560)

table 7 : explain SELECT c FROM sbtest7 WHERE id=9198915
	Index Scan using sbtest7_pkey on sbtest7  (cost=0.43..8.45 rows=1 width=121)
	  Index Cond: (id = 9198915)

table 8 : explain SELECT c FROM sbtest8 WHERE id=3885521
	Index Scan using sbtest8_pkey on sbtest8  (cost=0.43..8.45 rows=1 width=121)
	  Index Cond: (id = 3885521)

for point_selects
table 1 : explain SELECT c FROM sbtest1 WHERE id=4173981
	Index Scan using sbtest1_pkey on sbtest1  (cost=0.43..8.45 rows=1 width=121)
	  Index Cond: (id = 4173981)

table 2 : explain SELECT c FROM sbtest2 WHERE id=6211475
	Index Scan using sbtest2_pkey on sbtest2  (cost=0.43..8.45 rows=1 width=121)
	  Index Cond: (id = 6211475)

table 3 : explain SELECT c FROM sbtest3 WHERE id=910756
	Index Scan using sbtest3_pkey on sbtest3  (cost=0.43..8.45 rows=1 width=121)
	  Index Cond: (id = 910756)

table 4 : explain SELECT c FROM sbtest4 WHERE id=1763303
	Index Scan using sbtest4_pkey on sbtest4  (cost=0.43..8.45 rows=1 width=121)
	  Index Cond: (id = 1763303)

table 5 : explain SELECT c FROM sbtest5 WHERE id=3624329
	Index Scan using sbtest5_pkey on sbtest5  (cost=0.43..8.45 rows=1 width=121)
	  Index Cond: (id = 3624329)

table 6 : explain SELECT c FROM sbtest6 WHERE id=590113
	Index Scan using sbtest6_pkey on sbtest6  (cost=0.43..8.45 rows=1 width=121)
	  Index Cond: (id = 590113)

table 7 : explain SELECT c FROM sbtest7 WHERE id=2779904
	Index Scan using sbtest7_pkey on sbtest7  (cost=0.43..8.45 rows=1 width=121)
	  Index Cond: (id = 2779904)

table 8 : explain SELECT c FROM sbtest8 WHERE id=8123048
	Index Scan using sbtest8_pkey on sbtest8  (cost=0.43..8.45 rows=1 width=121)
	  Index Cond: (id = 8123048)

for point_selects
table 1 : explain SELECT c FROM sbtest1 WHERE id=8100352
	Index Scan using sbtest1_pkey on sbtest1  (cost=0.43..8.45 rows=1 width=121)
	  Index Cond: (id = 8100352)

table 2 : explain SELECT c FROM sbtest2 WHERE id=5849941
	Index Scan using sbtest2_pkey on sbtest2  (cost=0.43..8.45 rows=1 width=121)
	  Index Cond: (id = 5849941)

table 3 : explain SELECT c FROM sbtest3 WHERE id=150683
	Index Scan using sbtest3_pkey on sbtest3  (cost=0.43..8.45 rows=1 width=121)
	  Index Cond: (id = 150683)

table 4 : explain SELECT c FROM sbtest4 WHERE id=4104465
	Index Scan using sbtest4_pkey on sbtest4  (cost=0.43..8.45 rows=1 width=121)
	  Index Cond: (id = 4104465)

table 5 : explain SELECT c FROM sbtest5 WHERE id=9687165
	Index Scan using sbtest5_pkey on sbtest5  (cost=0.43..8.45 rows=1 width=121)
	  Index Cond: (id = 9687165)

table 6 : explain SELECT c FROM sbtest6 WHERE id=2792383
	Index Scan using sbtest6_pkey on sbtest6  (cost=0.43..8.45 rows=1 width=121)
	  Index Cond: (id = 2792383)

table 7 : explain SELECT c FROM sbtest7 WHERE id=7317398
	Index Scan using sbtest7_pkey on sbtest7  (cost=0.43..8.45 rows=1 width=121)
	  Index Cond: (id = 7317398)

table 8 : explain SELECT c FROM sbtest8 WHERE id=2857109
	Index Scan using sbtest8_pkey on sbtest8  (cost=0.43..8.45 rows=1 width=121)
	  Index Cond: (id = 2857109)

for: simple_ranges
table 1 : explain SELECT c FROM sbtest1 WHERE id BETWEEN 4180027 AND 4181026
	Bitmap Heap Scan on sbtest1  (cost=30.80..3912.73 rows=1011 width=121)
	  Recheck Cond: ((id >= 4180027) AND (id <= 4181026))
	  ->  Bitmap Index Scan on sbtest1_pkey  (cost=0.00..30.54 rows=1011 width=0)
	        Index Cond: ((id >= 4180027) AND (id <= 4181026))

table 2 : explain SELECT c FROM sbtest2 WHERE id BETWEEN 1102788 AND 1103787
	Bitmap Heap Scan on sbtest2  (cost=25.73..3517.40 rows=907 width=121)
	  Recheck Cond: ((id >= 1102788) AND (id <= 1103787))
	  ->  Bitmap Index Scan on sbtest2_pkey  (cost=0.00..25.50 rows=907 width=0)
	        Index Cond: ((id >= 1102788) AND (id <= 1103787))

table 3 : explain SELECT c FROM sbtest3 WHERE id BETWEEN 1820749 AND 1821748
	Bitmap Heap Scan on sbtest3  (cost=30.48..3797.80 rows=980 width=121)
	  Recheck Cond: ((id >= 1820749) AND (id <= 1821748))
	  ->  Bitmap Index Scan on sbtest3_pkey  (cost=0.00..30.23 rows=980 width=0)
	        Index Cond: ((id >= 1820749) AND (id <= 1821748))

table 4 : explain SELECT c FROM sbtest4 WHERE id BETWEEN 6534458 AND 6535457
	Bitmap Heap Scan on sbtest4  (cost=32.21..4430.19 rows=1149 width=121)
	  Recheck Cond: ((id >= 6534458) AND (id <= 6535457))
	  ->  Bitmap Index Scan on sbtest4_pkey  (cost=0.00..31.93 rows=1149 width=0)
	        Index Cond: ((id >= 6534458) AND (id <= 6535457))

table 5 : explain SELECT c FROM sbtest5 WHERE id BETWEEN 4404008 AND 4405007
	Bitmap Heap Scan on sbtest5  (cost=31.23..4078.15 rows=1053 width=121)
	  Recheck Cond: ((id >= 4404008) AND (id <= 4405007))
	  ->  Bitmap Index Scan on sbtest5_pkey  (cost=0.00..30.96 rows=1053 width=0)
	        Index Cond: ((id >= 4404008) AND (id <= 4405007))

table 6 : explain SELECT c FROM sbtest6 WHERE id BETWEEN 686542 AND 687541
	Bitmap Heap Scan on sbtest6  (cost=30.06..3644.65 rows=939 width=121)
	  Recheck Cond: ((id >= 686542) AND (id <= 687541))
	  ->  Bitmap Index Scan on sbtest6_pkey  (cost=0.00..29.82 rows=939 width=0)
	        Index Cond: ((id >= 686542) AND (id <= 687541))

table 7 : explain SELECT c FROM sbtest7 WHERE id BETWEEN 633279 AND 634278
	Bitmap Heap Scan on sbtest7  (cost=31.25..4085.75 rows=1055 width=121)
	  Recheck Cond: ((id >= 633279) AND (id <= 634278))
	  ->  Bitmap Index Scan on sbtest7_pkey  (cost=0.00..30.98 rows=1055 width=0)
	        Index Cond: ((id >= 633279) AND (id <= 634278))

table 8 : explain SELECT c FROM sbtest8 WHERE id BETWEEN 7708450 AND 7709449
	Bitmap Heap Scan on sbtest8  (cost=30.32..3739.53 rows=964 width=121)
	  Recheck Cond: ((id >= 7708450) AND (id <= 7709449))
	  ->  Bitmap Index Scan on sbtest8_pkey  (cost=0.00..30.07 rows=964 width=0)
	        Index Cond: ((id >= 7708450) AND (id <= 7709449))

for point_selects
table 1 : explain SELECT c FROM sbtest1 WHERE id=8445034
	Index Scan using sbtest1_pkey on sbtest1  (cost=0.43..8.45 rows=1 width=121)
	  Index Cond: (id = 8445034)

table 2 : explain SELECT c FROM sbtest2 WHERE id=3457640
	Index Scan using sbtest2_pkey on sbtest2  (cost=0.43..8.45 rows=1 width=121)
	  Index Cond: (id = 3457640)

table 3 : explain SELECT c FROM sbtest3 WHERE id=3985978
	Index Scan using sbtest3_pkey on sbtest3  (cost=0.43..8.45 rows=1 width=121)
	  Index Cond: (id = 3985978)

table 4 : explain SELECT c FROM sbtest4 WHERE id=3981572
	Index Scan using sbtest4_pkey on sbtest4  (cost=0.43..8.45 rows=1 width=121)
	  Index Cond: (id = 3981572)

table 5 : explain SELECT c FROM sbtest5 WHERE id=6897757
	Index Scan using sbtest5_pkey on sbtest5  (cost=0.43..8.45 rows=1 width=121)
	  Index Cond: (id = 6897757)

table 6 : explain SELECT c FROM sbtest6 WHERE id=6737241
	Index Scan using sbtest6_pkey on sbtest6  (cost=0.43..8.45 rows=1 width=121)
	  Index Cond: (id = 6737241)

table 7 : explain SELECT c FROM sbtest7 WHERE id=6931568
	Index Scan using sbtest7_pkey on sbtest7  (cost=0.43..8.45 rows=1 width=121)
	  Index Cond: (id = 6931568)

table 8 : explain SELECT c FROM sbtest8 WHERE id=7081877
	Index Scan using sbtest8_pkey on sbtest8  (cost=0.43..8.45 rows=1 width=121)
	  Index Cond: (id = 7081877)

for: simple_ranges
table 1 : explain SELECT c FROM sbtest1 WHERE id BETWEEN 1203078 AND 1204077
	Bitmap Heap Scan on sbtest1  (cost=30.35..3746.81 rows=967 width=121)
	  Recheck Cond: ((id >= 1203078) AND (id <= 1204077))
	  ->  Bitmap Index Scan on sbtest1_pkey  (cost=0.00..30.11 rows=967 width=0)
	        Index Cond: ((id >= 1203078) AND (id <= 1204077))

table 2 : explain SELECT c FROM sbtest2 WHERE id BETWEEN 9033990 AND 9034989
	Bitmap Heap Scan on sbtest2  (cost=30.45..3785.94 rows=977 width=121)
	  Recheck Cond: ((id >= 9033990) AND (id <= 9034989))
	  ->  Bitmap Index Scan on sbtest2_pkey  (cost=0.00..30.20 rows=977 width=0)
	        Index Cond: ((id >= 9033990) AND (id <= 9034989))

table 3 : explain SELECT c FROM sbtest3 WHERE id BETWEEN 6974549 AND 6975548
	Bitmap Heap Scan on sbtest3  (cost=30.35..3748.72 rows=967 width=121)
	  Recheck Cond: ((id >= 6974549) AND (id <= 6975548))
	  ->  Bitmap Index Scan on sbtest3_pkey  (cost=0.00..30.11 rows=967 width=0)
	        Index Cond: ((id >= 6974549) AND (id <= 6975548))

table 4 : explain SELECT c FROM sbtest4 WHERE id BETWEEN 6932127 AND 6933126
	Bitmap Heap Scan on sbtest4  (cost=30.98..3982.56 rows=1029 width=121)
	  Recheck Cond: ((id >= 6932127) AND (id <= 6933126))
	  ->  Bitmap Index Scan on sbtest4_pkey  (cost=0.00..30.72 rows=1029 width=0)
	        Index Cond: ((id >= 6932127) AND (id <= 6933126))

table 5 : explain SELECT c FROM sbtest5 WHERE id BETWEEN 9092606 AND 9093605
	Bitmap Heap Scan on sbtest5  (cost=30.80..3919.57 rows=1011 width=121)
	  Recheck Cond: ((id >= 9092606) AND (id <= 9093605))
	  ->  Bitmap Index Scan on sbtest5_pkey  (cost=0.00..30.54 rows=1011 width=0)
	        Index Cond: ((id >= 9092606) AND (id <= 9093605))

table 6 : explain SELECT c FROM sbtest6 WHERE id BETWEEN 7504469 AND 7505468
	Bitmap Heap Scan on sbtest6  (cost=30.13..3671.12 rows=946 width=121)
	  Recheck Cond: ((id >= 7504469) AND (id <= 7505468))
	  ->  Bitmap Index Scan on sbtest6_pkey  (cost=0.00..29.89 rows=946 width=0)
	        Index Cond: ((id >= 7504469) AND (id <= 7505468))

table 7 : explain SELECT c FROM sbtest7 WHERE id BETWEEN 3596643 AND 3597642
	Bitmap Heap Scan on sbtest7  (cost=31.20..4066.89 rows=1050 width=121)
	  Recheck Cond: ((id >= 3596643) AND (id <= 3597642))
	  ->  Bitmap Index Scan on sbtest7_pkey  (cost=0.00..30.93 rows=1050 width=0)
	        Index Cond: ((id >= 3596643) AND (id <= 3597642))

table 8 : explain SELECT c FROM sbtest8 WHERE id BETWEEN 95314 AND 96313
	Bitmap Heap Scan on sbtest8  (cost=30.46..3792.44 rows=978 width=121)
	  Recheck Cond: ((id >= 95314) AND (id <= 96313))
	  ->  Bitmap Index Scan on sbtest8_pkey  (cost=0.00..30.21 rows=978 width=0)
	        Index Cond: ((id >= 95314) AND (id <= 96313))

for point_selects
table 1 : explain SELECT c FROM sbtest1 WHERE id=461755
	Index Scan using sbtest1_pkey on sbtest1  (cost=0.43..8.45 rows=1 width=121)
	  Index Cond: (id = 461755)

table 2 : explain SELECT c FROM sbtest2 WHERE id=9596331
	Index Scan using sbtest2_pkey on sbtest2  (cost=0.43..8.45 rows=1 width=121)
	  Index Cond: (id = 9596331)

table 3 : explain SELECT c FROM sbtest3 WHERE id=2561143
	Index Scan using sbtest3_pkey on sbtest3  (cost=0.43..8.45 rows=1 width=121)
	  Index Cond: (id = 2561143)

table 4 : explain SELECT c FROM sbtest4 WHERE id=3405664
	Index Scan using sbtest4_pkey on sbtest4  (cost=0.43..8.45 rows=1 width=121)
	  Index Cond: (id = 3405664)

table 5 : explain SELECT c FROM sbtest5 WHERE id=8599329
	Index Scan using sbtest5_pkey on sbtest5  (cost=0.43..8.45 rows=1 width=121)
	  Index Cond: (id = 8599329)

table 6 : explain SELECT c FROM sbtest6 WHERE id=4063876
	Index Scan using sbtest6_pkey on sbtest6  (cost=0.43..8.45 rows=1 width=121)
	  Index Cond: (id = 4063876)

table 7 : explain SELECT c FROM sbtest7 WHERE id=5320650
	Index Scan using sbtest7_pkey on sbtest7  (cost=0.43..8.45 rows=1 width=121)
	  Index Cond: (id = 5320650)

table 8 : explain SELECT c FROM sbtest8 WHERE id=5770369
	Index Scan using sbtest8_pkey on sbtest8  (cost=0.43..8.45 rows=1 width=121)
	  Index Cond: (id = 5770369)

for: simple_ranges
table 1 : explain SELECT c FROM sbtest1 WHERE id BETWEEN 5061500 AND 5062499
	Bitmap Heap Scan on sbtest1  (cost=30.47..3792.09 rows=979 width=121)
	  Recheck Cond: ((id >= 5061500) AND (id <= 5062499))
	  ->  Bitmap Index Scan on sbtest1_pkey  (cost=0.00..30.22 rows=979 width=0)
	        Index Cond: ((id >= 5061500) AND (id <= 5062499))

table 2 : explain SELECT c FROM sbtest2 WHERE id BETWEEN 4071008 AND 4072007
	Bitmap Heap Scan on sbtest2  (cost=30.94..3966.96 rows=1025 width=121)
	  Recheck Cond: ((id >= 4071008) AND (id <= 4072007))
	  ->  Bitmap Index Scan on sbtest2_pkey  (cost=0.00..30.68 rows=1025 width=0)
	        Index Cond: ((id >= 4071008) AND (id <= 4072007))

table 3 : explain SELECT c FROM sbtest3 WHERE id BETWEEN 8947857 AND 8948856
	Bitmap Heap Scan on sbtest3  (cost=30.83..3926.08 rows=1014 width=121)
	  Recheck Cond: ((id >= 8947857) AND (id <= 8948856))
	  ->  Bitmap Index Scan on sbtest3_pkey  (cost=0.00..30.57 rows=1014 width=0)
	        Index Cond: ((id >= 8947857) AND (id <= 8948856))

table 4 : explain SELECT c FROM sbtest4 WHERE id BETWEEN 8441832 AND 8442831
	Bitmap Heap Scan on sbtest4  (cost=30.21..3699.55 rows=954 width=121)
	  Recheck Cond: ((id >= 8441832) AND (id <= 8442831))
	  ->  Bitmap Index Scan on sbtest4_pkey  (cost=0.00..29.97 rows=954 width=0)
	        Index Cond: ((id >= 8441832) AND (id <= 8442831))

table 5 : explain SELECT c FROM sbtest5 WHERE id BETWEEN 8976581 AND 8977580
	Bitmap Heap Scan on sbtest5  (cost=30.35..3753.21 rows=967 width=121)
	  Recheck Cond: ((id >= 8976581) AND (id <= 8977580))
	  ->  Bitmap Index Scan on sbtest5_pkey  (cost=0.00..30.11 rows=967 width=0)
	        Index Cond: ((id >= 8976581) AND (id <= 8977580))

table 6 : explain SELECT c FROM sbtest6 WHERE id BETWEEN 7224426 AND 7225425
	Bitmap Heap Scan on sbtest6  (cost=31.19..4060.01 rows=1049 width=121)
	  Recheck Cond: ((id >= 7224426) AND (id <= 7225425))
	  ->  Bitmap Index Scan on sbtest6_pkey  (cost=0.00..30.93 rows=1049 width=0)
	        Index Cond: ((id >= 7224426) AND (id <= 7225425))

table 7 : explain SELECT c FROM sbtest7 WHERE id BETWEEN 382527 AND 383526
	Bitmap Heap Scan on sbtest7  (cost=30.01..3628.34 rows=934 width=121)
	  Recheck Cond: ((id >= 382527) AND (id <= 383526))
	  ->  Bitmap Index Scan on sbtest7_pkey  (cost=0.00..29.77 rows=934 width=0)
	        Index Cond: ((id >= 382527) AND (id <= 383526))

table 8 : explain SELECT c FROM sbtest8 WHERE id BETWEEN 580471 AND 581470
	Bitmap Heap Scan on sbtest8  (cost=30.71..3883.09 rows=1002 width=121)
	  Recheck Cond: ((id >= 580471) AND (id <= 581470))
	  ->  Bitmap Index Scan on sbtest8_pkey  (cost=0.00..30.45 rows=1002 width=0)
	        Index Cond: ((id >= 580471) AND (id <= 581470))

for: simple_ranges
table 1 : explain SELECT c FROM sbtest1 WHERE id BETWEEN 1999247 AND 2000246
	Bitmap Heap Scan on sbtest1  (cost=30.73..3886.35 rows=1004 width=121)
	  Recheck Cond: ((id >= 1999247) AND (id <= 2000246))
	  ->  Bitmap Index Scan on sbtest1_pkey  (cost=0.00..30.47 rows=1004 width=0)
	        Index Cond: ((id >= 1999247) AND (id <= 2000246))

table 2 : explain SELECT c FROM sbtest2 WHERE id BETWEEN 1647016 AND 1648015
	Bitmap Heap Scan on sbtest2  (cost=31.49..4170.28 rows=1079 width=121)
	  Recheck Cond: ((id >= 1647016) AND (id <= 1648015))
	  ->  Bitmap Index Scan on sbtest2_pkey  (cost=0.00..31.22 rows=1079 width=0)
	        Index Cond: ((id >= 1647016) AND (id <= 1648015))

table 3 : explain SELECT c FROM sbtest3 WHERE id BETWEEN 7162967 AND 7163966
	Bitmap Heap Scan on sbtest3  (cost=30.34..3744.94 rows=966 width=121)
	  Recheck Cond: ((id >= 7162967) AND (id <= 7163966))
	  ->  Bitmap Index Scan on sbtest3_pkey  (cost=0.00..30.09 rows=966 width=0)
	        Index Cond: ((id >= 7162967) AND (id <= 7163966))

table 4 : explain SELECT c FROM sbtest4 WHERE id BETWEEN 9302574 AND 9303573
	Bitmap Heap Scan on sbtest4  (cost=32.00..4351.32 rows=1128 width=121)
	  Recheck Cond: ((id >= 9302574) AND (id <= 9303573))
	  ->  Bitmap Index Scan on sbtest4_pkey  (cost=0.00..31.71 rows=1128 width=0)
	        Index Cond: ((id >= 9302574) AND (id <= 9303573))

table 5 : explain SELECT c FROM sbtest5 WHERE id BETWEEN 5299952 AND 5300951
	Bitmap Heap Scan on sbtest5  (cost=31.78..4281.72 rows=1107 width=121)
	  Recheck Cond: ((id >= 5299952) AND (id <= 5300951))
	  ->  Bitmap Index Scan on sbtest5_pkey  (cost=0.00..31.50 rows=1107 width=0)
	        Index Cond: ((id >= 5299952) AND (id <= 5300951))

table 6 : explain SELECT c FROM sbtest6 WHERE id BETWEEN 8894592 AND 8895591
	Bitmap Heap Scan on sbtest6  (cost=31.39..4135.37 rows=1069 width=121)
	  Recheck Cond: ((id >= 8894592) AND (id <= 8895591))
	  ->  Bitmap Index Scan on sbtest6_pkey  (cost=0.00..31.12 rows=1069 width=0)
	        Index Cond: ((id >= 8894592) AND (id <= 8895591))

table 7 : explain SELECT c FROM sbtest7 WHERE id BETWEEN 9383942 AND 9384941
	Bitmap Heap Scan on sbtest7  (cost=30.31..3738.13 rows=963 width=121)
	  Recheck Cond: ((id >= 9383942) AND (id <= 9384941))
	  ->  Bitmap Index Scan on sbtest7_pkey  (cost=0.00..30.07 rows=963 width=0)
	        Index Cond: ((id >= 9383942) AND (id <= 9384941))

table 8 : explain SELECT c FROM sbtest8 WHERE id BETWEEN 5869412 AND 5870411
	Bitmap Heap Scan on sbtest8  (cost=31.45..4158.37 rows=1075 width=121)
	  Recheck Cond: ((id >= 5869412) AND (id <= 5870411))
	  ->  Bitmap Index Scan on sbtest8_pkey  (cost=0.00..31.18 rows=1075 width=0)
	        Index Cond: ((id >= 5869412) AND (id <= 5870411))

for: simple_ranges
table 1 : explain SELECT c FROM sbtest1 WHERE id BETWEEN 2456096 AND 2457095
	Bitmap Heap Scan on sbtest1  (cost=30.67..3867.50 rows=999 width=121)
	  Recheck Cond: ((id >= 2456096) AND (id <= 2457095))
	  ->  Bitmap Index Scan on sbtest1_pkey  (cost=0.00..30.43 rows=999 width=0)
	        Index Cond: ((id >= 2456096) AND (id <= 2457095))

table 2 : explain SELECT c FROM sbtest2 WHERE id BETWEEN 2113771 AND 2114770
	Bitmap Heap Scan on sbtest2  (cost=31.35..4117.60 rows=1065 width=121)
	  Recheck Cond: ((id >= 2113771) AND (id <= 2114770))
	  ->  Bitmap Index Scan on sbtest2_pkey  (cost=0.00..31.08 rows=1065 width=0)
	        Index Cond: ((id >= 2113771) AND (id <= 2114770))

table 3 : explain SELECT c FROM sbtest3 WHERE id BETWEEN 2681680 AND 2682679
	Bitmap Heap Scan on sbtest3  (cost=30.35..3748.72 rows=967 width=121)
	  Recheck Cond: ((id >= 2681680) AND (id <= 2682679))
	  ->  Bitmap Index Scan on sbtest3_pkey  (cost=0.00..30.11 rows=967 width=0)
	        Index Cond: ((id >= 2681680) AND (id <= 2682679))

table 4 : explain SELECT c FROM sbtest4 WHERE id BETWEEN 2484493 AND 2485492
	Bitmap Heap Scan on sbtest4  (cost=31.83..4294.93 rows=1112 width=121)
	  Recheck Cond: ((id >= 2484493) AND (id <= 2485492))
	  ->  Bitmap Index Scan on sbtest4_pkey  (cost=0.00..31.55 rows=1112 width=0)
	        Index Cond: ((id >= 2484493) AND (id <= 2485492))

table 5 : explain SELECT c FROM sbtest5 WHERE id BETWEEN 3163321 AND 3164320
	Bitmap Heap Scan on sbtest5  (cost=31.15..4047.96 rows=1045 width=121)
	  Recheck Cond: ((id >= 3163321) AND (id <= 3164320))
	  ->  Bitmap Index Scan on sbtest5_pkey  (cost=0.00..30.89 rows=1045 width=0)
	        Index Cond: ((id >= 3163321) AND (id <= 3164320))

table 6 : explain SELECT c FROM sbtest6 WHERE id BETWEEN 2689221 AND 2690220
	Bitmap Heap Scan on sbtest6  (cost=30.98..3984.60 rows=1029 width=121)
	  Recheck Cond: ((id >= 2689221) AND (id <= 2690220))
	  ->  Bitmap Index Scan on sbtest6_pkey  (cost=0.00..30.72 rows=1029 width=0)
	        Index Cond: ((id >= 2689221) AND (id <= 2690220))

table 7 : explain SELECT c FROM sbtest7 WHERE id BETWEEN 7631440 AND 7632439
	Bitmap Heap Scan on sbtest7  (cost=30.19..3696.50 rows=952 width=121)
	  Recheck Cond: ((id >= 7631440) AND (id <= 7632439))
	  ->  Bitmap Index Scan on sbtest7_pkey  (cost=0.00..29.95 rows=952 width=0)
	        Index Cond: ((id >= 7631440) AND (id <= 7632439))

table 8 : explain SELECT c FROM sbtest8 WHERE id BETWEEN 1595717 AND 1596716
	Bitmap Heap Scan on sbtest8  (cost=30.99..3988.76 rows=1030 width=121)
	  Recheck Cond: ((id >= 1595717) AND (id <= 1596716))
	  ->  Bitmap Index Scan on sbtest8_pkey  (cost=0.00..30.73 rows=1030 width=0)
	        Index Cond: ((id >= 1595717) AND (id <= 1596716))

explain: for point_selects :: explain SELECT c FROM sbtest%u WHERE id=%u
explain: for point_selects :: explain SELECT c FROM sbtest%u WHERE id=%u
explain: for point_selects :: explain SELECT c FROM sbtest%u WHERE id=%u
explain: for point_selects :: explain SELECT c FROM sbtest%u WHERE id=%u
explain: for point_selects :: explain SELECT c FROM sbtest%u WHERE id=%u
explain: for point_selects :: explain SELECT c FROM sbtest%u WHERE id=%u
for: sum_ranges
table 1 : explain SELECT SUM(k) FROM sbtest1 WHERE id BETWEEN 9516986 AND 9517985
	Aggregate  (cost=3911.48..3911.49 rows=1 width=8)
	  ->  Bitmap Heap Scan on sbtest1  (cost=30.79..3908.96 rows=1010 width=4)
	        Recheck Cond: ((id >= 9516986) AND (id <= 9517985))
	        ->  Bitmap Index Scan on sbtest1_pkey  (cost=0.00..30.54 rows=1010 width=0)
	              Index Cond: ((id >= 9516986) AND (id <= 9517985))

table 2 : explain SELECT SUM(k) FROM sbtest2 WHERE id BETWEEN 4646545 AND 4647544
	Aggregate  (cost=4203.08..4203.09 rows=1 width=8)
	  ->  Bitmap Heap Scan on sbtest2  (cost=31.58..4200.37 rows=1087 width=4)
	        Recheck Cond: ((id >= 4646545) AND (id <= 4647544))
	        ->  Bitmap Index Scan on sbtest2_pkey  (cost=0.00..31.30 rows=1087 width=0)
	              Index Cond: ((id >= 4646545) AND (id <= 4647544))

table 3 : explain SELECT SUM(k) FROM sbtest3 WHERE id BETWEEN 5293553 AND 5294552
	Aggregate  (cost=4226.30..4226.31 rows=1 width=8)
	  ->  Bitmap Heap Scan on sbtest3  (cost=31.64..4223.57 rows=1093 width=4)
	        Recheck Cond: ((id >= 5293553) AND (id <= 5294552))
	        ->  Bitmap Index Scan on sbtest3_pkey  (cost=0.00..31.36 rows=1093 width=0)
	              Index Cond: ((id >= 5293553) AND (id <= 5294552))

table 4 : explain SELECT SUM(k) FROM sbtest4 WHERE id BETWEEN 2669167 AND 2670166
	Aggregate  (cost=3580.68..3580.69 rows=1 width=8)
	  ->  Bitmap Heap Scan on sbtest4  (cost=25.90..3578.37 rows=923 width=4)
	        Recheck Cond: ((id >= 2669167) AND (id <= 2670166))
	        ->  Bitmap Index Scan on sbtest4_pkey  (cost=0.00..25.66 rows=923 width=0)
	              Index Cond: ((id >= 2669167) AND (id <= 2670166))

table 5 : explain SELECT SUM(k) FROM sbtest5 WHERE id BETWEEN 3810962 AND 3811961
	Aggregate  (cost=4156.27..4156.28 rows=1 width=8)
	  ->  Bitmap Heap Scan on sbtest5  (cost=31.43..4153.58 rows=1073 width=4)
	        Recheck Cond: ((id >= 3810962) AND (id <= 3811961))
	        ->  Bitmap Index Scan on sbtest5_pkey  (cost=0.00..31.16 rows=1073 width=0)
	              Index Cond: ((id >= 3810962) AND (id <= 3811961))

table 6 : explain SELECT SUM(k) FROM sbtest6 WHERE id BETWEEN 4208716 AND 4209715
	Aggregate  (cost=3756.72..3756.73 rows=1 width=8)
	  ->  Bitmap Heap Scan on sbtest6  (cost=30.36..3754.30 rows=968 width=4)
	        Recheck Cond: ((id >= 4208716) AND (id <= 4209715))
	        ->  Bitmap Index Scan on sbtest6_pkey  (cost=0.00..30.11 rows=968 width=0)
	              Index Cond: ((id >= 4208716) AND (id <= 4209715))

table 7 : explain SELECT SUM(k) FROM sbtest7 WHERE id BETWEEN 3979410 AND 3980409
	Aggregate  (cost=4058.18..4058.19 rows=1 width=8)
	  ->  Bitmap Heap Scan on sbtest7  (cost=31.17..4055.57 rows=1047 width=4)
	        Recheck Cond: ((id >= 3979410) AND (id <= 3980409))
	        ->  Bitmap Index Scan on sbtest7_pkey  (cost=0.00..30.90 rows=1047 width=0)
	              Index Cond: ((id >= 3979410) AND (id <= 3980409))

table 8 : explain SELECT SUM(k) FROM sbtest8 WHERE id BETWEEN 9546745 AND 9547744
	Aggregate  (cost=4006.43..4006.44 rows=1 width=8)
	  ->  Bitmap Heap Scan on sbtest8  (cost=31.03..4003.84 rows=1034 width=4)
	        Recheck Cond: ((id >= 9546745) AND (id <= 9547744))
	        ->  Bitmap Index Scan on sbtest8_pkey  (cost=0.00..30.77 rows=1034 width=0)
	              Index Cond: ((id >= 9546745) AND (id <= 9547744))

for point_selects
table 1 : explain SELECT c FROM sbtest1 WHERE id=1528878
	Index Scan using sbtest1_pkey on sbtest1  (cost=0.43..8.45 rows=1 width=121)
	  Index Cond: (id = 1528878)

table 2 : explain SELECT c FROM sbtest2 WHERE id=9262600
	Index Scan using sbtest2_pkey on sbtest2  (cost=0.43..8.45 rows=1 width=121)
	  Index Cond: (id = 9262600)

table 3 : explain SELECT c FROM sbtest3 WHERE id=8689943
	Index Scan using sbtest3_pkey on sbtest3  (cost=0.43..8.45 rows=1 width=121)
	  Index Cond: (id = 8689943)

table 4 : explain SELECT c FROM sbtest4 WHERE id=3258006
	Index Scan using sbtest4_pkey on sbtest4  (cost=0.43..8.45 rows=1 width=121)
	  Index Cond: (id = 3258006)

table 5 : explain SELECT c FROM sbtest5 WHERE id=4328367
	Index Scan using sbtest5_pkey on sbtest5  (cost=0.43..8.45 rows=1 width=121)
	  Index Cond: (id = 4328367)

table 6 : explain SELECT c FROM sbtest6 WHERE id=6195465
	Index Scan using sbtest6_pkey on sbtest6  (cost=0.43..8.45 rows=1 width=121)
	  Index Cond: (id = 6195465)

table 7 : explain SELECT c FROM sbtest7 WHERE id=9313227
	Index Scan using sbtest7_pkey on sbtest7  (cost=0.43..8.45 rows=1 width=121)
	  Index Cond: (id = 9313227)

table 8 : explain SELECT c FROM sbtest8 WHERE id=1150147
	Index Scan using sbtest8_pkey on sbtest8  (cost=0.43..8.45 rows=1 width=121)
	  Index Cond: (id = 1150147)

for: sum_ranges
table 1 : explain SELECT SUM(k) FROM sbtest1 WHERE id BETWEEN 271381 AND 272380
	Aggregate  (cost=3616.99..3617.00 rows=1 width=8)
	  ->  Bitmap Heap Scan on sbtest1  (cost=29.99..3614.66 rows=932 width=4)
	        Recheck Cond: ((id >= 271381) AND (id <= 272380))
	        ->  Bitmap Index Scan on sbtest1_pkey  (cost=0.00..29.75 rows=932 width=0)
	              Index Cond: ((id >= 271381) AND (id <= 272380))

table 2 : explain SELECT SUM(k) FROM sbtest2 WHERE id BETWEEN 3982378 AND 3983377
	Aggregate  (cost=3958.21..3958.22 rows=1 width=8)
	  ->  Bitmap Heap Scan on sbtest2  (cost=30.91..3955.66 rows=1022 width=4)
	        Recheck Cond: ((id >= 3982378) AND (id <= 3983377))
	        ->  Bitmap Index Scan on sbtest2_pkey  (cost=0.00..30.65 rows=1022 width=0)
	              Index Cond: ((id >= 3982378) AND (id <= 3983377))

table 3 : explain SELECT SUM(k) FROM sbtest3 WHERE id BETWEEN 9623967 AND 9624966
	Aggregate  (cost=3679.31..3679.32 rows=1 width=8)
	  ->  Bitmap Heap Scan on sbtest3  (cost=30.15..3676.94 rows=948 width=4)
	        Recheck Cond: ((id >= 9623967) AND (id <= 9624966))
	        ->  Bitmap Index Scan on sbtest3_pkey  (cost=0.00..29.91 rows=948 width=0)
	              Index Cond: ((id >= 9623967) AND (id <= 9624966))

table 4 : explain SELECT SUM(k) FROM sbtest4 WHERE id BETWEEN 527380 AND 528379
	Aggregate  (cost=3607.17..3607.18 rows=1 width=8)
	  ->  Bitmap Heap Scan on sbtest4  (cost=25.97..3604.84 rows=930 width=4)
	        Recheck Cond: ((id >= 527380) AND (id <= 528379))
	        ->  Bitmap Index Scan on sbtest4_pkey  (cost=0.00..25.73 rows=930 width=0)
	              Index Cond: ((id >= 527380) AND (id <= 528379))

table 5 : explain SELECT SUM(k) FROM sbtest5 WHERE id BETWEEN 9871966 AND 9872965
	Aggregate  (cost=3748.06..3748.07 rows=1 width=8)
	  ->  Bitmap Heap Scan on sbtest5  (cost=30.33..3745.65 rows=965 width=4)
	        Recheck Cond: ((id >= 9871966) AND (id <= 9872965))
	        ->  Bitmap Index Scan on sbtest5_pkey  (cost=0.00..30.08 rows=965 width=0)
	              Index Cond: ((id >= 9871966) AND (id <= 9872965))

table 6 : explain SELECT SUM(k) FROM sbtest6 WHERE id BETWEEN 4939374 AND 4940373
	Aggregate  (cost=3658.35..3658.36 rows=1 width=8)
	  ->  Bitmap Heap Scan on sbtest6  (cost=30.09..3655.99 rows=942 width=4)
	        Recheck Cond: ((id >= 4939374) AND (id <= 4940373))
	        ->  Bitmap Index Scan on sbtest6_pkey  (cost=0.00..29.86 rows=942 width=0)
	              Index Cond: ((id >= 4939374) AND (id <= 4940373))

table 7 : explain SELECT SUM(k) FROM sbtest7 WHERE id BETWEEN 897671 AND 898670
	Aggregate  (cost=3611.72..3611.73 rows=1 width=8)
	  ->  Bitmap Heap Scan on sbtest7  (cost=29.96..3609.40 rows=929 width=4)
	        Recheck Cond: ((id >= 897671) AND (id <= 898670))
	        ->  Bitmap Index Scan on sbtest7_pkey  (cost=0.00..29.72 rows=929 width=0)
	              Index Cond: ((id >= 897671) AND (id <= 898670))

table 8 : explain SELECT SUM(k) FROM sbtest8 WHERE id BETWEEN 6302454 AND 6303453
	Aggregate  (cost=3715.46..3715.47 rows=1 width=8)
	  ->  Bitmap Heap Scan on sbtest8  (cost=30.24..3713.06 rows=957 width=4)
	        Recheck Cond: ((id >= 6302454) AND (id <= 6303453))
	        ->  Bitmap Index Scan on sbtest8_pkey  (cost=0.00..30.00 rows=957 width=0)
	              Index Cond: ((id >= 6302454) AND (id <= 6303453))

for: simple_ranges
table 1 : explain SELECT c FROM sbtest1 WHERE id BETWEEN 6748127 AND 6749126
	Bitmap Heap Scan on sbtest1  (cost=30.31..3731.72 rows=963 width=121)
	  Recheck Cond: ((id >= 6748127) AND (id <= 6749126))
	  ->  Bitmap Index Scan on sbtest1_pkey  (cost=0.00..30.07 rows=963 width=0)
	        Index Cond: ((id >= 6748127) AND (id <= 6749126))

table 2 : explain SELECT c FROM sbtest2 WHERE id BETWEEN 6819027 AND 6820026
	Bitmap Heap Scan on sbtest2  (cost=25.95..3596.83 rows=928 width=121)
	  Recheck Cond: ((id >= 6819027) AND (id <= 6820026))
	  ->  Bitmap Index Scan on sbtest2_pkey  (cost=0.00..25.71 rows=928 width=0)
	        Index Cond: ((id >= 6819027) AND (id <= 6820026))

table 3 : explain SELECT c FROM sbtest3 WHERE id BETWEEN 5514845 AND 5515844
	Bitmap Heap Scan on sbtest3  (cost=30.67..3869.50 rows=999 width=121)
	  Recheck Cond: ((id >= 5514845) AND (id <= 5515844))
	  ->  Bitmap Index Scan on sbtest3_pkey  (cost=0.00..30.43 rows=999 width=0)
	        Index Cond: ((id >= 5514845) AND (id <= 5515844))

table 4 : explain SELECT c FROM sbtest4 WHERE id BETWEEN 6977247 AND 6978246
	Bitmap Heap Scan on sbtest4  (cost=30.98..3982.56 rows=1029 width=121)
	  Recheck Cond: ((id >= 6977247) AND (id <= 6978246))
	  ->  Bitmap Index Scan on sbtest4_pkey  (cost=0.00..30.72 rows=1029 width=0)
	        Index Cond: ((id >= 6977247) AND (id <= 6978246))

table 5 : explain SELECT c FROM sbtest5 WHERE id BETWEEN 9435296 AND 9436295
	Bitmap Heap Scan on sbtest5  (cost=31.86..4311.85 rows=1115 width=121)
	  Recheck Cond: ((id >= 9435296) AND (id <= 9436295))
	  ->  Bitmap Index Scan on sbtest5_pkey  (cost=0.00..31.58 rows=1115 width=0)
	        Index Cond: ((id >= 9435296) AND (id <= 9436295))

table 6 : explain SELECT c FROM sbtest6 WHERE id BETWEEN 526838 AND 527837
	Bitmap Heap Scan on sbtest6  (cost=30.87..3943.10 rows=1018 width=121)
	  Recheck Cond: ((id >= 526838) AND (id <= 527837))
	  ->  Bitmap Index Scan on sbtest6_pkey  (cost=0.00..30.61 rows=1018 width=0)
	        Index Cond: ((id >= 526838) AND (id <= 527837))

table 7 : explain SELECT c FROM sbtest7 WHERE id BETWEEN 148990 AND 149989
	Bitmap Heap Scan on sbtest7  (cost=31.14..4044.24 rows=1044 width=121)
	  Recheck Cond: ((id >= 148990) AND (id <= 149989))
	  ->  Bitmap Index Scan on sbtest7_pkey  (cost=0.00..30.87 rows=1044 width=0)
	        Index Cond: ((id >= 148990) AND (id <= 149989))

table 8 : explain SELECT c FROM sbtest8 WHERE id BETWEEN 3005575 AND 3006574
	Bitmap Heap Scan on sbtest8  (cost=30.60..3845.33 rows=992 width=121)
	  Recheck Cond: ((id >= 3005575) AND (id <= 3006574))
	  ->  Bitmap Index Scan on sbtest8_pkey  (cost=0.00..30.36 rows=992 width=0)
	        Index Cond: ((id >= 3005575) AND (id <= 3006574))

for: sum_ranges
table 1 : explain SELECT SUM(k) FROM sbtest1 WHERE id BETWEEN 532856 AND 533855
	Aggregate  (cost=3688.80..3688.81 rows=1 width=8)
	  ->  Bitmap Heap Scan on sbtest1  (cost=30.18..3686.42 rows=951 width=4)
	        Recheck Cond: ((id >= 532856) AND (id <= 533855))
	        ->  Bitmap Index Scan on sbtest1_pkey  (cost=0.00..29.94 rows=951 width=0)
	              Index Cond: ((id >= 532856) AND (id <= 533855))

table 2 : explain SELECT SUM(k) FROM sbtest2 WHERE id BETWEEN 963003 AND 964002
	Aggregate  (cost=3746.82..3746.83 rows=1 width=8)
	  ->  Bitmap Heap Scan on sbtest2  (cost=30.34..3744.41 rows=966 width=4)
	        Recheck Cond: ((id >= 963003) AND (id <= 964002))
	        ->  Bitmap Index Scan on sbtest2_pkey  (cost=0.00..30.09 rows=966 width=0)
	              Index Cond: ((id >= 963003) AND (id <= 964002))

table 3 : explain SELECT SUM(k) FROM sbtest3 WHERE id BETWEEN 1243566 AND 1244565
	Aggregate  (cost=3996.51..3996.52 rows=1 width=8)
	  ->  Bitmap Heap Scan on sbtest3  (cost=31.01..3993.93 rows=1032 width=4)
	        Recheck Cond: ((id >= 1243566) AND (id <= 1244565))
	        ->  Bitmap Index Scan on sbtest3_pkey  (cost=0.00..30.75 rows=1032 width=0)
	              Index Cond: ((id >= 1243566) AND (id <= 1244565))

table 4 : explain SELECT SUM(k) FROM sbtest4 WHERE id BETWEEN 2478892 AND 2479891
	Aggregate  (cost=4297.71..4297.72 rows=1 width=8)
	  ->  Bitmap Heap Scan on sbtest4  (cost=31.83..4294.93 rows=1112 width=4)
	        Recheck Cond: ((id >= 2478892) AND (id <= 2479891))
	        ->  Bitmap Index Scan on sbtest4_pkey  (cost=0.00..31.55 rows=1112 width=0)
	              Index Cond: ((id >= 2478892) AND (id <= 2479891))

table 5 : explain SELECT SUM(k) FROM sbtest5 WHERE id BETWEEN 7227856 AND 7228855
	Aggregate  (cost=3429.36..3429.37 rows=1 width=8)
	  ->  Bitmap Heap Scan on sbtest5  (cost=25.48..3427.15 rows=882 width=4)
	        Recheck Cond: ((id >= 7227856) AND (id <= 7228855))
	        ->  Bitmap Index Scan on sbtest5_pkey  (cost=0.00..25.25 rows=882 width=0)
	              Index Cond: ((id >= 7227856) AND (id <= 7228855))

table 6 : explain SELECT SUM(k) FROM sbtest6 WHERE id BETWEEN 8812957 AND 8813956
	Aggregate  (cost=4062.63..4062.64 rows=1 width=8)
	  ->  Bitmap Heap Scan on sbtest6  (cost=31.19..4060.01 rows=1049 width=4)
	        Recheck Cond: ((id >= 8812957) AND (id <= 8813956))
	        ->  Bitmap Index Scan on sbtest6_pkey  (cost=0.00..30.93 rows=1049 width=0)
	              Index Cond: ((id >= 8812957) AND (id <= 8813956))

table 7 : explain SELECT SUM(k) FROM sbtest7 WHERE id BETWEEN 8495895 AND 8496894
	Aggregate  (cost=3653.41..3653.42 rows=1 width=8)
	  ->  Bitmap Heap Scan on sbtest7  (cost=30.07..3651.06 rows=940 width=4)
	        Recheck Cond: ((id >= 8495895) AND (id <= 8496894))
	        ->  Bitmap Index Scan on sbtest7_pkey  (cost=0.00..29.83 rows=940 width=0)
	              Index Cond: ((id >= 8495895) AND (id <= 8496894))

table 8 : explain SELECT SUM(k) FROM sbtest8 WHERE id BETWEEN 4805873 AND 4806872
	Aggregate  (cost=3870.48..3870.49 rows=1 width=8)
	  ->  Bitmap Heap Scan on sbtest8  (cost=30.66..3867.99 rows=998 width=4)
	        Recheck Cond: ((id >= 4805873) AND (id <= 4806872))
	        ->  Bitmap Index Scan on sbtest8_pkey  (cost=0.00..30.41 rows=998 width=0)
	              Index Cond: ((id >= 4805873) AND (id <= 4806872))

for point_selects
table 1 : explain SELECT c FROM sbtest1 WHERE id=6952026
	Index Scan using sbtest1_pkey on sbtest1  (cost=0.43..8.45 rows=1 width=121)
	  Index Cond: (id = 6952026)

table 2 : explain SELECT c FROM sbtest2 WHERE id=1203816
	Index Scan using sbtest2_pkey on sbtest2  (cost=0.43..8.45 rows=1 width=121)
	  Index Cond: (id = 1203816)

table 3 : explain SELECT c FROM sbtest3 WHERE id=3631378
	Index Scan using sbtest3_pkey on sbtest3  (cost=0.43..8.45 rows=1 width=121)
	  Index Cond: (id = 3631378)

table 4 : explain SELECT c FROM sbtest4 WHERE id=8674449
	Index Scan using sbtest4_pkey on sbtest4  (cost=0.43..8.45 rows=1 width=121)
	  Index Cond: (id = 8674449)

table 5 : explain SELECT c FROM sbtest5 WHERE id=3407980
	Index Scan using sbtest5_pkey on sbtest5  (cost=0.43..8.45 rows=1 width=121)
	  Index Cond: (id = 3407980)

table 6 : explain SELECT c FROM sbtest6 WHERE id=6368169
	Index Scan using sbtest6_pkey on sbtest6  (cost=0.43..8.45 rows=1 width=121)
	  Index Cond: (id = 6368169)

table 7 : explain SELECT c FROM sbtest7 WHERE id=7870715
	Index Scan using sbtest7_pkey on sbtest7  (cost=0.43..8.45 rows=1 width=121)
	  Index Cond: (id = 7870715)

table 8 : explain SELECT c FROM sbtest8 WHERE id=1169172
	Index Scan using sbtest8_pkey on sbtest8  (cost=0.43..8.45 rows=1 width=121)
	  Index Cond: (id = 1169172)

for point_selects
table 1 : explain SELECT c FROM sbtest1 WHERE id=2357023
	Index Scan using sbtest1_pkey on sbtest1  (cost=0.43..8.45 rows=1 width=121)
	  Index Cond: (id = 2357023)

table 2 : explain SELECT c FROM sbtest2 WHERE id=8672737
	Index Scan using sbtest2_pkey on sbtest2  (cost=0.43..8.45 rows=1 width=121)
	  Index Cond: (id = 8672737)

table 3 : explain SELECT c FROM sbtest3 WHERE id=4024802
	Index Scan using sbtest3_pkey on sbtest3  (cost=0.43..8.45 rows=1 width=121)
	  Index Cond: (id = 4024802)

table 4 : explain SELECT c FROM sbtest4 WHERE id=3296506
	Index Scan using sbtest4_pkey on sbtest4  (cost=0.43..8.45 rows=1 width=121)
	  Index Cond: (id = 3296506)

table 5 : explain SELECT c FROM sbtest5 WHERE id=3239665
	Index Scan using sbtest5_pkey on sbtest5  (cost=0.43..8.45 rows=1 width=121)
	  Index Cond: (id = 3239665)

table 6 : explain SELECT c FROM sbtest6 WHERE id=5833824
	Index Scan using sbtest6_pkey on sbtest6  (cost=0.43..8.45 rows=1 width=121)
	  Index Cond: (id = 5833824)

table 7 : explain SELECT c FROM sbtest7 WHERE id=85942
	Index Scan using sbtest7_pkey on sbtest7  (cost=0.43..8.45 rows=1 width=121)
	  Index Cond: (id = 85942)

table 8 : explain SELECT c FROM sbtest8 WHERE id=345707
	Index Scan using sbtest8_pkey on sbtest8  (cost=0.43..8.45 rows=1 width=121)
	  Index Cond: (id = 345707)

for point_selects
table 1 : explain SELECT c FROM sbtest1 WHERE id=3594203
	Index Scan using sbtest1_pkey on sbtest1  (cost=0.43..8.45 rows=1 width=121)
	  Index Cond: (id = 3594203)

table 2 : explain SELECT c FROM sbtest2 WHERE id=5156313
	Index Scan using sbtest2_pkey on sbtest2  (cost=0.43..8.45 rows=1 width=121)
	  Index Cond: (id = 5156313)

table 3 : explain SELECT c FROM sbtest3 WHERE id=1399195
	Index Scan using sbtest3_pkey on sbtest3  (cost=0.43..8.45 rows=1 width=121)
	  Index Cond: (id = 1399195)

table 4 : explain SELECT c FROM sbtest4 WHERE id=6104110
	Index Scan using sbtest4_pkey on sbtest4  (cost=0.43..8.45 rows=1 width=121)
	  Index Cond: (id = 6104110)

table 5 : explain SELECT c FROM sbtest5 WHERE id=9795520
	Index Scan using sbtest5_pkey on sbtest5  (cost=0.43..8.45 rows=1 width=121)
	  Index Cond: (id = 9795520)

table 6 : explain SELECT c FROM sbtest6 WHERE id=6623614
	Index Scan using sbtest6_pkey on sbtest6  (cost=0.43..8.45 rows=1 width=121)
	  Index Cond: (id = 6623614)

table 7 : explain SELECT c FROM sbtest7 WHERE id=5468423
	Index Scan using sbtest7_pkey on sbtest7  (cost=0.43..8.45 rows=1 width=121)
	  Index Cond: (id = 5468423)

table 8 : explain SELECT c FROM sbtest8 WHERE id=4859640
	Index Scan using sbtest8_pkey on sbtest8  (cost=0.43..8.45 rows=1 width=121)
	  Index Cond: (id = 4859640)

for: simple_ranges
table 1 : explain SELECT c FROM sbtest1 WHERE id BETWEEN 4642724 AND 4643723
	Bitmap Heap Scan on sbtest1  (cost=31.37..4123.54 rows=1067 width=121)
	  Recheck Cond: ((id >= 4642724) AND (id <= 4643723))
	  ->  Bitmap Index Scan on sbtest1_pkey  (cost=0.00..31.11 rows=1067 width=0)
	        Index Cond: ((id >= 4642724) AND (id <= 4643723))

table 2 : explain SELECT c FROM sbtest2 WHERE id BETWEEN 5726644 AND 5727643
	Bitmap Heap Scan on sbtest2  (cost=30.43..3778.39 rows=975 width=121)
	  Recheck Cond: ((id >= 5726644) AND (id <= 5727643))
	  ->  Bitmap Index Scan on sbtest2_pkey  (cost=0.00..30.18 rows=975 width=0)
	        Index Cond: ((id >= 5726644) AND (id <= 5727643))

table 3 : explain SELECT c FROM sbtest3 WHERE id BETWEEN 4832194 AND 4833193
	Bitmap Heap Scan on sbtest3  (cost=30.92..3960.01 rows=1023 width=121)
	  Recheck Cond: ((id >= 4832194) AND (id <= 4833193))
	  ->  Bitmap Index Scan on sbtest3_pkey  (cost=0.00..30.66 rows=1023 width=0)
	        Index Cond: ((id >= 4832194) AND (id <= 4833193))

table 4 : explain SELECT c FROM sbtest4 WHERE id BETWEEN 3822937 AND 3823936
	Bitmap Heap Scan on sbtest4  (cost=30.49..3801.52 rows=981 width=121)
	  Recheck Cond: ((id >= 3822937) AND (id <= 3823936))
	  ->  Bitmap Index Scan on sbtest4_pkey  (cost=0.00..30.25 rows=981 width=0)
	        Index Cond: ((id >= 3822937) AND (id <= 3823936))

table 5 : explain SELECT c FROM sbtest5 WHERE id BETWEEN 4837975 AND 4838974
	Bitmap Heap Scan on sbtest5  (cost=30.22..3707.80 rows=955 width=121)
	  Recheck Cond: ((id >= 4837975) AND (id <= 4838974))
	  ->  Bitmap Index Scan on sbtest5_pkey  (cost=0.00..29.98 rows=955 width=0)
	        Index Cond: ((id >= 4837975) AND (id <= 4838974))

table 6 : explain SELECT c FROM sbtest6 WHERE id BETWEEN 1585109 AND 1586108
	Bitmap Heap Scan on sbtest6  (cost=30.92..3961.97 rows=1023 width=121)
	  Recheck Cond: ((id >= 1585109) AND (id <= 1586108))
	  ->  Bitmap Index Scan on sbtest6_pkey  (cost=0.00..30.66 rows=1023 width=0)
	        Index Cond: ((id >= 1585109) AND (id <= 1586108))

table 7 : explain SELECT c FROM sbtest7 WHERE id BETWEEN 6081429 AND 6082428
	Bitmap Heap Scan on sbtest7  (cost=30.83..3930.96 rows=1014 width=121)
	  Recheck Cond: ((id >= 6081429) AND (id <= 6082428))
	  ->  Bitmap Index Scan on sbtest7_pkey  (cost=0.00..30.57 rows=1014 width=0)
	        Index Cond: ((id >= 6081429) AND (id <= 6082428))

table 8 : explain SELECT c FROM sbtest8 WHERE id BETWEEN 6568310 AND 6569309
	Bitmap Heap Scan on sbtest8  (cost=30.40..3769.77 rows=972 width=121)
	  Recheck Cond: ((id >= 6568310) AND (id <= 6569309))
	  ->  Bitmap Index Scan on sbtest8_pkey  (cost=0.00..30.15 rows=972 width=0)
	        Index Cond: ((id >= 6568310) AND (id <= 6569309))

for: simple_ranges
table 1 : explain SELECT c FROM sbtest1 WHERE id BETWEEN 408078 AND 409077
	Bitmap Heap Scan on sbtest1  (cost=30.23..3705.30 rows=956 width=121)
	  Recheck Cond: ((id >= 408078) AND (id <= 409077))
	  ->  Bitmap Index Scan on sbtest1_pkey  (cost=0.00..30.00 rows=956 width=0)
	        Index Cond: ((id >= 408078) AND (id <= 409077))

table 2 : explain SELECT c FROM sbtest2 WHERE id BETWEEN 1130980 AND 1131979
	Bitmap Heap Scan on sbtest2  (cost=31.64..4222.93 rows=1093 width=121)
	  Recheck Cond: ((id >= 1130980) AND (id <= 1131979))
	  ->  Bitmap Index Scan on sbtest2_pkey  (cost=0.00..31.36 rows=1093 width=0)
	        Index Cond: ((id >= 1130980) AND (id <= 1131979))

table 3 : explain SELECT c FROM sbtest3 WHERE id BETWEEN 5625066 AND 5626065
	Bitmap Heap Scan on sbtest3  (cost=30.66..3865.73 rows=998 width=121)
	  Recheck Cond: ((id >= 5625066) AND (id <= 5626065))
	  ->  Bitmap Index Scan on sbtest3_pkey  (cost=0.00..30.41 rows=998 width=0)
	        Index Cond: ((id >= 5625066) AND (id <= 5626065))

table 4 : explain SELECT c FROM sbtest4 WHERE id BETWEEN 6960121 AND 6961120
	Bitmap Heap Scan on sbtest4  (cost=30.98..3982.56 rows=1029 width=121)
	  Recheck Cond: ((id >= 6960121) AND (id <= 6961120))
	  ->  Bitmap Index Scan on sbtest4_pkey  (cost=0.00..30.72 rows=1029 width=0)
	        Index Cond: ((id >= 6960121) AND (id <= 6961120))

table 5 : explain SELECT c FROM sbtest5 WHERE id BETWEEN 3856351 AND 3857350
	Bitmap Heap Scan on sbtest5  (cost=31.43..4153.58 rows=1073 width=121)
	  Recheck Cond: ((id >= 3856351) AND (id <= 3857350))
	  ->  Bitmap Index Scan on sbtest5_pkey  (cost=0.00..31.16 rows=1073 width=0)
	        Index Cond: ((id >= 3856351) AND (id <= 3857350))

table 6 : explain SELECT c FROM sbtest6 WHERE id BETWEEN 5920470 AND 5921469
	Bitmap Heap Scan on sbtest6  (cost=31.33..4112.76 rows=1063 width=121)
	  Recheck Cond: ((id >= 5920470) AND (id <= 5921469))
	  ->  Bitmap Index Scan on sbtest6_pkey  (cost=0.00..31.07 rows=1063 width=0)
	        Index Cond: ((id >= 5920470) AND (id <= 5921469))

table 7 : explain SELECT c FROM sbtest7 WHERE id BETWEEN 7713483 AND 7714482
	Bitmap Heap Scan on sbtest7  (cost=30.13..3673.78 rows=946 width=121)
	  Recheck Cond: ((id >= 7713483) AND (id <= 7714482))
	  ->  Bitmap Index Scan on sbtest7_pkey  (cost=0.00..29.89 rows=946 width=0)
	        Index Cond: ((id >= 7713483) AND (id <= 7714482))

table 8 : explain SELECT c FROM sbtest8 WHERE id BETWEEN 8346767 AND 8347766
	Bitmap Heap Scan on sbtest8  (cost=30.90..3954.80 rows=1021 width=121)
	  Recheck Cond: ((id >= 8346767) AND (id <= 8347766))
	  ->  Bitmap Index Scan on sbtest8_pkey  (cost=0.00..30.64 rows=1021 width=0)
	        Index Cond: ((id >= 8346767) AND (id <= 8347766))

for: sum_ranges
table 1 : explain SELECT SUM(k) FROM sbtest1 WHERE id BETWEEN 2499656 AND 2500655
	Aggregate  (cost=3722.79..3722.80 rows=1 width=8)
	  ->  Bitmap Heap Scan on sbtest1  (cost=30.27..3720.39 rows=960 width=4)
	        Recheck Cond: ((id >= 2499656) AND (id <= 2500655))
	        ->  Bitmap Index Scan on sbtest1_pkey  (cost=0.00..30.04 rows=960 width=0)
	              Index Cond: ((id >= 2499656) AND (id <= 2500655))

table 2 : explain SELECT SUM(k) FROM sbtest2 WHERE id BETWEEN 3617253 AND 3618252
	Aggregate  (cost=4124.03..4124.04 rows=1 width=8)
	  ->  Bitmap Heap Scan on sbtest2  (cost=31.36..4121.36 rows=1066 width=4)
	        Recheck Cond: ((id >= 3617253) AND (id <= 3618252))
	        ->  Bitmap Index Scan on sbtest2_pkey  (cost=0.00..31.09 rows=1066 width=0)
	              Index Cond: ((id >= 3617253) AND (id <= 3618252))

table 3 : explain SELECT SUM(k) FROM sbtest3 WHERE id BETWEEN 1896881 AND 1897880
	Aggregate  (cost=3856.90..3856.91 rows=1 width=8)
	  ->  Bitmap Heap Scan on sbtest3  (cost=30.63..3854.41 rows=995 width=4)
	        Recheck Cond: ((id >= 1896881) AND (id <= 1897880))
	        ->  Bitmap Index Scan on sbtest3_pkey  (cost=0.00..30.39 rows=995 width=0)
	              Index Cond: ((id >= 1896881) AND (id <= 1897880))

table 4 : explain SELECT SUM(k) FROM sbtest4 WHERE id BETWEEN 7253620 AND 7254619
	Aggregate  (cost=4335.32..4335.33 rows=1 width=8)
	  ->  Bitmap Heap Scan on sbtest4  (cost=31.94..4332.51 rows=1122 width=4)
	        Recheck Cond: ((id >= 7253620) AND (id <= 7254619))
	        ->  Bitmap Index Scan on sbtest4_pkey  (cost=0.00..31.65 rows=1122 width=0)
	              Index Cond: ((id >= 7253620) AND (id <= 7254619))

table 5 : explain SELECT SUM(k) FROM sbtest5 WHERE id BETWEEN 7722956 AND 7723955
	Aggregate  (cost=4043.02..4043.03 rows=1 width=8)
	  ->  Bitmap Heap Scan on sbtest5  (cost=31.13..4040.41 rows=1043 width=4)
	        Recheck Cond: ((id >= 7722956) AND (id <= 7723955))
	        ->  Bitmap Index Scan on sbtest5_pkey  (cost=0.00..30.86 rows=1043 width=0)
	              Index Cond: ((id >= 7722956) AND (id <= 7723955))

table 6 : explain SELECT SUM(k) FROM sbtest6 WHERE id BETWEEN 872589 AND 873588
	Aggregate  (cost=3922.99..3923.00 rows=1 width=8)
	  ->  Bitmap Heap Scan on sbtest6  (cost=30.81..3920.46 rows=1012 width=4)
	        Recheck Cond: ((id >= 872589) AND (id <= 873588))
	        ->  Bitmap Index Scan on sbtest6_pkey  (cost=0.00..30.55 rows=1012 width=0)
	              Index Cond: ((id >= 872589) AND (id <= 873588))

table 7 : explain SELECT SUM(k) FROM sbtest7 WHERE id BETWEEN 5888212 AND 5889211
	Aggregate  (cost=4133.69..4133.70 rows=1 width=8)
	  ->  Bitmap Heap Scan on sbtest7  (cost=31.37..4131.02 rows=1067 width=4)
	        Recheck Cond: ((id >= 5888212) AND (id <= 5889211))
	        ->  Bitmap Index Scan on sbtest7_pkey  (cost=0.00..31.11 rows=1067 width=0)
	              Index Cond: ((id >= 5888212) AND (id <= 5889211))

table 8 : explain SELECT SUM(k) FROM sbtest8 WHERE id BETWEEN 400750 AND 401749
	Aggregate  (cost=3881.82..3881.83 rows=1 width=8)
	  ->  Bitmap Heap Scan on sbtest8  (cost=30.70..3879.31 rows=1001 width=4)
	        Recheck Cond: ((id >= 400750) AND (id <= 401749))
	        ->  Bitmap Index Scan on sbtest8_pkey  (cost=0.00..30.44 rows=1001 width=0)
	              Index Cond: ((id >= 400750) AND (id <= 401749))

for: sum_ranges
table 1 : explain SELECT SUM(k) FROM sbtest1 WHERE id BETWEEN 6904464 AND 6905463
	Aggregate  (cost=3956.72..3956.73 rows=1 width=8)
	  ->  Bitmap Heap Scan on sbtest1  (cost=30.91..3954.17 rows=1022 width=4)
	        Recheck Cond: ((id >= 6904464) AND (id <= 6905463))
	        ->  Bitmap Index Scan on sbtest1_pkey  (cost=0.00..30.65 rows=1022 width=0)
	              Index Cond: ((id >= 6904464) AND (id <= 6905463))

table 2 : explain SELECT SUM(k) FROM sbtest2 WHERE id BETWEEN 5671061 AND 5672060
	Aggregate  (cost=3837.47..3837.48 rows=1 width=8)
	  ->  Bitmap Heap Scan on sbtest2  (cost=30.58..3834.99 rows=990 width=4)
	        Recheck Cond: ((id >= 5671061) AND (id <= 5672060))
	        ->  Bitmap Index Scan on sbtest2_pkey  (cost=0.00..30.33 rows=990 width=0)
	              Index Cond: ((id >= 5671061) AND (id <= 5672060))

table 3 : explain SELECT SUM(k) FROM sbtest3 WHERE id BETWEEN 7406161 AND 7407160
	Aggregate  (cost=4256.40..4256.41 rows=1 width=8)
	  ->  Bitmap Heap Scan on sbtest3  (cost=31.72..4253.65 rows=1101 width=4)
	        Recheck Cond: ((id >= 7406161) AND (id <= 7407160))
	        ->  Bitmap Index Scan on sbtest3_pkey  (cost=0.00..31.44 rows=1101 width=0)
	              Index Cond: ((id >= 7406161) AND (id <= 7407160))

table 4 : explain SELECT SUM(k) FROM sbtest4 WHERE id BETWEEN 7354693 AND 7355692
	Aggregate  (cost=4086.91..4086.92 rows=1 width=8)
	  ->  Bitmap Heap Scan on sbtest4  (cost=31.26..4084.27 rows=1056 width=4)
	        Recheck Cond: ((id >= 7354693) AND (id <= 7355692))
	        ->  Bitmap Index Scan on sbtest4_pkey  (cost=0.00..31.00 rows=1056 width=0)
	              Index Cond: ((id >= 7354693) AND (id <= 7355692))

table 5 : explain SELECT SUM(k) FROM sbtest5 WHERE id BETWEEN 1110133 AND 1111132
	Aggregate  (cost=3721.55..3721.56 rows=1 width=8)
	  ->  Bitmap Heap Scan on sbtest5  (cost=30.25..3719.16 rows=958 width=4)
	        Recheck Cond: ((id >= 1110133) AND (id <= 1111132))
	        ->  Bitmap Index Scan on sbtest5_pkey  (cost=0.00..30.01 rows=958 width=0)
	              Index Cond: ((id >= 1110133) AND (id <= 1111132))

table 6 : explain SELECT SUM(k) FROM sbtest6 WHERE id BETWEEN 4462117 AND 4463116
	Aggregate  (cost=4205.87..4205.88 rows=1 width=8)
	  ->  Bitmap Heap Scan on sbtest6  (cost=31.58..4203.15 rows=1087 width=4)
	        Recheck Cond: ((id >= 4462117) AND (id <= 4463116))
	        ->  Bitmap Index Scan on sbtest6_pkey  (cost=0.00..31.30 rows=1087 width=0)
	              Index Cond: ((id >= 4462117) AND (id <= 4463116))

table 7 : explain SELECT SUM(k) FROM sbtest7 WHERE id BETWEEN 1689072 AND 1690071
	Aggregate  (cost=3823.82..3823.83 rows=1 width=8)
	  ->  Bitmap Heap Scan on sbtest7  (cost=30.53..3821.35 rows=985 width=4)
	        Recheck Cond: ((id >= 1689072) AND (id <= 1690071))
	        ->  Bitmap Index Scan on sbtest7_pkey  (cost=0.00..30.29 rows=985 width=0)
	              Index Cond: ((id >= 1689072) AND (id <= 1690071))

table 8 : explain SELECT SUM(k) FROM sbtest8 WHERE id BETWEEN 5158536 AND 5159535
	Aggregate  (cost=3787.32..3787.33 rows=1 width=8)
	  ->  Bitmap Heap Scan on sbtest8  (cost=30.44..3784.88 rows=976 width=4)
	        Recheck Cond: ((id >= 5158536) AND (id <= 5159535))
	        ->  Bitmap Index Scan on sbtest8_pkey  (cost=0.00..30.19 rows=976 width=0)
	              Index Cond: ((id >= 5158536) AND (id <= 5159535))

explain: for point_selects :: explain SELECT c FROM sbtest%u WHERE id=%u
explain: for point_selects :: explain SELECT c FROM sbtest%u WHERE id=%u
explain: for point_selects :: explain SELECT c FROM sbtest%u WHERE id=%u
for: order_ranges
table 1 : explain SELECT c FROM sbtest1 WHERE id BETWEEN 5415648 AND 5416647 ORDER BY c
	Sort  (cost=4287.89..4290.63 rows=1096 width=121)
	  Sort Key: c
	  ->  Bitmap Heap Scan on sbtest1  (cost=31.67..4232.55 rows=1096 width=121)
	        Recheck Cond: ((id >= 5415648) AND (id <= 5416647))
	        ->  Bitmap Index Scan on sbtest1_pkey  (cost=0.00..31.39 rows=1096 width=0)
	              Index Cond: ((id >= 5415648) AND (id <= 5416647))

table 2 : explain SELECT c FROM sbtest2 WHERE id BETWEEN 750381 AND 751380 ORDER BY c
	Sort  (cost=3750.14..3752.52 rows=955 width=121)
	  Sort Key: c
	  ->  Bitmap Heap Scan on sbtest2  (cost=30.22..3702.87 rows=955 width=121)
	        Recheck Cond: ((id >= 750381) AND (id <= 751380))
	        ->  Bitmap Index Scan on sbtest2_pkey  (cost=0.00..29.98 rows=955 width=0)
	              Index Cond: ((id >= 750381) AND (id <= 751380))

table 3 : explain SELECT c FROM sbtest3 WHERE id BETWEEN 2445232 AND 2446231 ORDER BY c
	Sort  (cost=3969.05..3971.58 rows=1012 width=121)
	  Sort Key: c
	  ->  Bitmap Heap Scan on sbtest3  (cost=30.81..3918.53 rows=1012 width=121)
	        Recheck Cond: ((id >= 2445232) AND (id <= 2446231))
	        ->  Bitmap Index Scan on sbtest3_pkey  (cost=0.00..30.55 rows=1012 width=0)
	              Index Cond: ((id >= 2445232) AND (id <= 2446231))

table 4 : explain SELECT c FROM sbtest4 WHERE id BETWEEN 8866413 AND 8867412 ORDER BY c
	Sort  (cost=3861.76..3864.22 rows=984 width=121)
	  Sort Key: c
	  ->  Bitmap Heap Scan on sbtest4  (cost=30.52..3812.84 rows=984 width=121)
	        Recheck Cond: ((id >= 8866413) AND (id <= 8867412))
	        ->  Bitmap Index Scan on sbtest4_pkey  (cost=0.00..30.27 rows=984 width=0)
	              Index Cond: ((id >= 8866413) AND (id <= 8867412))

table 5 : explain SELECT c FROM sbtest5 WHERE id BETWEEN 7445785 AND 7446784 ORDER BY c
	Sort  (cost=3985.37..3987.91 rows=1015 width=121)
	  Sort Key: c
	  ->  Bitmap Heap Scan on sbtest5  (cost=30.84..3934.68 rows=1015 width=121)
	        Recheck Cond: ((id >= 7445785) AND (id <= 7446784))
	        ->  Bitmap Index Scan on sbtest5_pkey  (cost=0.00..30.58 rows=1015 width=0)
	              Index Cond: ((id >= 7445785) AND (id <= 7446784))

table 6 : explain SELECT c FROM sbtest6 WHERE id BETWEEN 123358 AND 124357 ORDER BY c
	Sort  (cost=3644.93..3647.24 rows=927 width=121)
	  Sort Key: c
	  ->  Bitmap Heap Scan on sbtest6  (cost=29.94..3599.24 rows=927 width=121)
	        Recheck Cond: ((id >= 123358) AND (id <= 124357))
	        ->  Bitmap Index Scan on sbtest6_pkey  (cost=0.00..29.70 rows=927 width=0)
	              Index Cond: ((id >= 123358) AND (id <= 124357))

table 7 : explain SELECT c FROM sbtest7 WHERE id BETWEEN 2027112 AND 2028111 ORDER BY c
	Sort  (cost=3747.44..3749.82 rows=953 width=121)
	  Sort Key: c
	  ->  Bitmap Heap Scan on sbtest7  (cost=30.20..3700.28 rows=953 width=121)
	        Recheck Cond: ((id >= 2027112) AND (id <= 2028111))
	        ->  Bitmap Index Scan on sbtest7_pkey  (cost=0.00..29.96 rows=953 width=0)
	              Index Cond: ((id >= 2027112) AND (id <= 2028111))

table 8 : explain SELECT c FROM sbtest8 WHERE id BETWEEN 2108055 AND 2109054 ORDER BY c
	Sort  (cost=4258.38..4261.10 rows=1087 width=121)
	  Sort Key: c
	  ->  Bitmap Heap Scan on sbtest8  (cost=31.58..4203.57 rows=1087 width=121)
	        Recheck Cond: ((id >= 2108055) AND (id <= 2109054))
	        ->  Bitmap Index Scan on sbtest8_pkey  (cost=0.00..31.30 rows=1087 width=0)
	              Index Cond: ((id >= 2108055) AND (id <= 2109054))

for: sum_ranges
table 1 : explain SELECT SUM(k) FROM sbtest1 WHERE id BETWEEN 3460052 AND 3461051
	Aggregate  (cost=3990.64..3990.65 rows=1 width=8)
	  ->  Bitmap Heap Scan on sbtest1  (cost=31.00..3988.06 rows=1031 width=4)
	        Recheck Cond: ((id >= 3460052) AND (id <= 3461051))
	        ->  Bitmap Index Scan on sbtest1_pkey  (cost=0.00..30.75 rows=1031 width=0)
	              Index Cond: ((id >= 3460052) AND (id <= 3461051))

table 2 : explain SELECT SUM(k) FROM sbtest2 WHERE id BETWEEN 8171927 AND 8172926
	Aggregate  (cost=3822.37..3822.38 rows=1 width=8)
	  ->  Bitmap Heap Scan on sbtest2  (cost=30.54..3819.90 rows=986 width=4)
	        Recheck Cond: ((id >= 8171927) AND (id <= 8172926))
	        ->  Bitmap Index Scan on sbtest2_pkey  (cost=0.00..30.29 rows=986 width=0)
	              Index Cond: ((id >= 8171927) AND (id <= 8172926))

table 3 : explain SELECT SUM(k) FROM sbtest3 WHERE id BETWEEN 6513220 AND 6514219
	Aggregate  (cost=3864.45..3864.46 rows=1 width=8)
	  ->  Bitmap Heap Scan on sbtest3  (cost=30.65..3861.96 rows=997 width=4)
	        Recheck Cond: ((id >= 6513220) AND (id <= 6514219))
	        ->  Bitmap Index Scan on sbtest3_pkey  (cost=0.00..30.40 rows=997 width=0)
	              Index Cond: ((id >= 6513220) AND (id <= 6514219))

table 4 : explain SELECT SUM(k) FROM sbtest4 WHERE id BETWEEN 3258397 AND 3259396
	Aggregate  (cost=3981.36..3981.37 rows=1 width=8)
	  ->  Bitmap Heap Scan on sbtest4  (cost=30.97..3978.79 rows=1028 width=4)
	        Recheck Cond: ((id >= 3258397) AND (id <= 3259396))
	        ->  Bitmap Index Scan on sbtest4_pkey  (cost=0.00..30.71 rows=1028 width=0)
	              Index Cond: ((id >= 3258397) AND (id <= 3259396))

table 5 : explain SELECT SUM(k) FROM sbtest5 WHERE id BETWEEN 599184 AND 600183
	Aggregate  (cost=3558.59..3558.60 rows=1 width=8)
	  ->  Bitmap Heap Scan on sbtest5  (cost=29.81..3556.30 rows=915 width=4)
	        Recheck Cond: ((id >= 599184) AND (id <= 600183))
	        ->  Bitmap Index Scan on sbtest5_pkey  (cost=0.00..29.58 rows=915 width=0)
	              Index Cond: ((id >= 599184) AND (id <= 600183))

table 6 : explain SELECT SUM(k) FROM sbtest6 WHERE id BETWEEN 7336032 AND 7337031
	Aggregate  (cost=3692.41..3692.42 rows=1 width=8)
	  ->  Bitmap Heap Scan on sbtest6  (cost=30.18..3690.03 rows=951 width=4)
	        Recheck Cond: ((id >= 7336032) AND (id <= 7337031))
	        ->  Bitmap Index Scan on sbtest6_pkey  (cost=0.00..29.94 rows=951 width=0)
	              Index Cond: ((id >= 7336032) AND (id <= 7337031))

table 7 : explain SELECT SUM(k) FROM sbtest7 WHERE id BETWEEN 1830954 AND 1831953
	Aggregate  (cost=3649.62..3649.63 rows=1 width=8)
	  ->  Bitmap Heap Scan on sbtest7  (cost=30.06..3647.28 rows=939 width=4)
	        Recheck Cond: ((id >= 1830954) AND (id <= 1831953))
	        ->  Bitmap Index Scan on sbtest7_pkey  (cost=0.00..29.82 rows=939 width=0)
	              Index Cond: ((id >= 1830954) AND (id <= 1831953))

table 8 : explain SELECT SUM(k) FROM sbtest8 WHERE id BETWEEN 3322855 AND 3323854
	Aggregate  (cost=3643.54..3643.55 rows=1 width=8)
	  ->  Bitmap Heap Scan on sbtest8  (cost=30.05..3641.20 rows=938 width=4)
	        Recheck Cond: ((id >= 3322855) AND (id <= 3323854))
	        ->  Bitmap Index Scan on sbtest8_pkey  (cost=0.00..29.82 rows=938 width=0)
	              Index Cond: ((id >= 3322855) AND (id <= 3323854))

for: order_ranges
table 1 : explain SELECT c FROM sbtest1 WHERE id BETWEEN 3536826 AND 3537825 ORDER BY c
	Sort  (cost=3741.13..3743.51 rows=953 width=121)
	  Sort Key: c
	  ->  Bitmap Heap Scan on sbtest1  (cost=30.20..3693.97 rows=953 width=121)
	        Recheck Cond: ((id >= 3536826) AND (id <= 3537825))
	        ->  Bitmap Index Scan on sbtest1_pkey  (cost=0.00..29.96 rows=953 width=0)
	              Index Cond: ((id >= 3536826) AND (id <= 3537825))

table 2 : explain SELECT c FROM sbtest2 WHERE id BETWEEN 4075445 AND 4076444 ORDER BY c
	Sort  (cost=4018.22..4020.78 rows=1025 width=121)
	  Sort Key: c
	  ->  Bitmap Heap Scan on sbtest2  (cost=30.94..3966.96 rows=1025 width=121)
	        Recheck Cond: ((id >= 4075445) AND (id <= 4076444))
	        ->  Bitmap Index Scan on sbtest2_pkey  (cost=0.00..30.68 rows=1025 width=0)
	              Index Cond: ((id >= 4075445) AND (id <= 4076444))

table 3 : explain SELECT c FROM sbtest3 WHERE id BETWEEN 3750529 AND 3751528 ORDER BY c
	Sort  (cost=4240.54..4243.25 rows=1083 width=121)
	  Sort Key: c
	  ->  Bitmap Heap Scan on sbtest3  (cost=31.54..4185.95 rows=1083 width=121)
	        Recheck Cond: ((id >= 3750529) AND (id <= 3751528))
	        ->  Bitmap Index Scan on sbtest3_pkey  (cost=0.00..31.26 rows=1083 width=0)
	              Index Cond: ((id >= 3750529) AND (id <= 3751528))

table 4 : explain SELECT c FROM sbtest4 WHERE id BETWEEN 7727766 AND 7728765 ORDER BY c
	Sort  (cost=3995.78..3998.33 rows=1019 width=121)
	  Sort Key: c
	  ->  Bitmap Heap Scan on sbtest4  (cost=30.88..3944.87 rows=1019 width=121)
	        Recheck Cond: ((id >= 7727766) AND (id <= 7728765))
	        ->  Bitmap Index Scan on sbtest4_pkey  (cost=0.00..30.62 rows=1019 width=0)
	              Index Cond: ((id >= 7727766) AND (id <= 7728765))

table 5 : explain SELECT c FROM sbtest5 WHERE id BETWEEN 5631099 AND 5632098 ORDER BY c
	Sort  (cost=3977.70..3980.23 rows=1013 width=121)
	  Sort Key: c
	  ->  Bitmap Heap Scan on sbtest5  (cost=30.82..3927.13 rows=1013 width=121)
	        Recheck Cond: ((id >= 5631099) AND (id <= 5632098))
	        ->  Bitmap Index Scan on sbtest5_pkey  (cost=0.00..30.57 rows=1013 width=0)
	              Index Cond: ((id >= 5631099) AND (id <= 5632098))

table 6 : explain SELECT c FROM sbtest6 WHERE id BETWEEN 8539620 AND 8540619 ORDER BY c
	Sort  (cost=4089.68..4092.29 rows=1043 width=121)
	  Sort Key: c
	  ->  Bitmap Heap Scan on sbtest6  (cost=31.13..4037.39 rows=1043 width=121)
	        Recheck Cond: ((id >= 8539620) AND (id <= 8540619))
	        ->  Bitmap Index Scan on sbtest6_pkey  (cost=0.00..30.86 rows=1043 width=0)
	              Index Cond: ((id >= 8539620) AND (id <= 8540619))

table 7 : explain SELECT c FROM sbtest7 WHERE id BETWEEN 1370423 AND 1371422 ORDER BY c
	Sort  (cost=3578.27..3580.54 rows=909 width=121)
	  Sort Key: c
	  ->  Bitmap Heap Scan on sbtest7  (cost=29.75..3533.60 rows=909 width=121)
	        Recheck Cond: ((id >= 1370423) AND (id <= 1371422))
	        ->  Bitmap Index Scan on sbtest7_pkey  (cost=0.00..29.52 rows=909 width=0)
	              Index Cond: ((id >= 1370423) AND (id <= 1371422))

table 8 : explain SELECT c FROM sbtest8 WHERE id BETWEEN 6563524 AND 6564523 ORDER BY c
	Sort  (cost=3818.00..3820.43 rows=972 width=121)
	  Sort Key: c
	  ->  Bitmap Heap Scan on sbtest8  (cost=30.40..3769.77 rows=972 width=121)
	        Recheck Cond: ((id >= 6563524) AND (id <= 6564523))
	        ->  Bitmap Index Scan on sbtest8_pkey  (cost=0.00..30.15 rows=972 width=0)
	              Index Cond: ((id >= 6563524) AND (id <= 6564523))

for: simple_ranges
table 1 : explain SELECT c FROM sbtest1 WHERE id BETWEEN 9231116 AND 9232115
	Bitmap Heap Scan on sbtest1  (cost=30.68..3871.27 rows=1000 width=121)
	  Recheck Cond: ((id >= 9231116) AND (id <= 9232115))
	  ->  Bitmap Index Scan on sbtest1_pkey  (cost=0.00..30.43 rows=1000 width=0)
	        Index Cond: ((id >= 9231116) AND (id <= 9232115))

table 2 : explain SELECT c FROM sbtest2 WHERE id BETWEEN 902395 AND 903394
	Bitmap Heap Scan on sbtest2  (cost=30.15..3676.42 rows=948 width=121)
	  Recheck Cond: ((id >= 902395) AND (id <= 903394))
	  ->  Bitmap Index Scan on sbtest2_pkey  (cost=0.00..29.91 rows=948 width=0)
	        Index Cond: ((id >= 902395) AND (id <= 903394))

table 3 : explain SELECT c FROM sbtest3 WHERE id BETWEEN 300738 AND 301737
	Bitmap Heap Scan on sbtest3  (cost=30.62..3850.64 rows=994 width=121)
	  Recheck Cond: ((id >= 300738) AND (id <= 301737))
	  ->  Bitmap Index Scan on sbtest3_pkey  (cost=0.00..30.37 rows=994 width=0)
	        Index Cond: ((id >= 300738) AND (id <= 301737))

table 4 : explain SELECT c FROM sbtest4 WHERE id BETWEEN 4417590 AND 4418589
	Bitmap Heap Scan on sbtest4  (cost=30.42..3775.09 rows=974 width=121)
	  Recheck Cond: ((id >= 4417590) AND (id <= 4418589))
	  ->  Bitmap Index Scan on sbtest4_pkey  (cost=0.00..30.18 rows=974 width=0)
	        Index Cond: ((id >= 4417590) AND (id <= 4418589))

table 5 : explain SELECT c FROM sbtest5 WHERE id BETWEEN 8969362 AND 8970361
	Bitmap Heap Scan on sbtest5  (cost=31.66..4236.51 rows=1095 width=121)
	  Recheck Cond: ((id >= 8969362) AND (id <= 8970361))
	  ->  Bitmap Index Scan on sbtest5_pkey  (cost=0.00..31.39 rows=1095 width=0)
	        Index Cond: ((id >= 8969362) AND (id <= 8970361))

table 6 : explain SELECT c FROM sbtest6 WHERE id BETWEEN 7813910 AND 7814909
	Bitmap Heap Scan on sbtest6  (cost=25.49..3428.59 rows=883 width=121)
	  Recheck Cond: ((id >= 7813910) AND (id <= 7814909))
	  ->  Bitmap Index Scan on sbtest6_pkey  (cost=0.00..25.26 rows=883 width=0)
	        Index Cond: ((id >= 7813910) AND (id <= 7814909))

table 7 : explain SELECT c FROM sbtest7 WHERE id BETWEEN 8404575 AND 8405574
	Bitmap Heap Scan on sbtest7  (cost=30.07..3651.06 rows=940 width=121)
	  Recheck Cond: ((id >= 8404575) AND (id <= 8405574))
	  ->  Bitmap Index Scan on sbtest7_pkey  (cost=0.00..29.83 rows=940 width=0)
	        Index Cond: ((id >= 8404575) AND (id <= 8405574))

table 8 : explain SELECT c FROM sbtest8 WHERE id BETWEEN 5650992 AND 5651991
	Bitmap Heap Scan on sbtest8  (cost=30.23..3709.28 rows=956 width=121)
	  Recheck Cond: ((id >= 5650992) AND (id <= 5651991))
	  ->  Bitmap Index Scan on sbtest8_pkey  (cost=0.00..30.00 rows=956 width=0)
	        Index Cond: ((id >= 5650992) AND (id <= 5651991))

for: order_ranges
table 1 : explain SELECT c FROM sbtest1 WHERE id BETWEEN 8066022 AND 8067021 ORDER BY c
	Sort  (cost=3764.12..3766.51 rows=959 width=121)
	  Sort Key: c
	  ->  Bitmap Heap Scan on sbtest1  (cost=30.26..3716.62 rows=959 width=121)
	        Recheck Cond: ((id >= 8066022) AND (id <= 8067021))
	        ->  Bitmap Index Scan on sbtest1_pkey  (cost=0.00..30.02 rows=959 width=0)
	              Index Cond: ((id >= 8066022) AND (id <= 8067021))

table 2 : explain SELECT c FROM sbtest2 WHERE id BETWEEN 1528901 AND 1529900 ORDER BY c
	Sort  (cost=3857.44..3859.90 rows=983 width=121)
	  Sort Key: c
	  ->  Bitmap Heap Scan on sbtest2  (cost=30.51..3808.58 rows=983 width=121)
	        Recheck Cond: ((id >= 1528901) AND (id <= 1529900))
	        ->  Bitmap Index Scan on sbtest2_pkey  (cost=0.00..30.26 rows=983 width=0)
	              Index Cond: ((id >= 1528901) AND (id <= 1529900))

table 3 : explain SELECT c FROM sbtest3 WHERE id BETWEEN 8596259 AND 8597258 ORDER BY c
	Sort  (cost=3666.10..3668.43 rows=934 width=121)
	  Sort Key: c
	  ->  Bitmap Heap Scan on sbtest3  (cost=26.01..3620.02 rows=934 width=121)
	        Recheck Cond: ((id >= 8596259) AND (id <= 8597258))
	        ->  Bitmap Index Scan on sbtest3_pkey  (cost=0.00..25.77 rows=934 width=0)
	              Index Cond: ((id >= 8596259) AND (id <= 8597258))

table 4 : explain SELECT c FROM sbtest4 WHERE id BETWEEN 2026213 AND 2027212 ORDER BY c
	Sort  (cost=3865.59..3868.05 rows=985 width=121)
	  Sort Key: c
	  ->  Bitmap Heap Scan on sbtest4  (cost=30.53..3816.62 rows=985 width=121)
	        Recheck Cond: ((id >= 2026213) AND (id <= 2027212))
	        ->  Bitmap Index Scan on sbtest4_pkey  (cost=0.00..30.29 rows=985 width=0)
	              Index Cond: ((id >= 2026213) AND (id <= 2027212))

table 5 : explain SELECT c FROM sbtest5 WHERE id BETWEEN 9381059 AND 9382058 ORDER BY c
	Sort  (cost=3662.83..3665.16 rows=931 width=121)
	  Sort Key: c
	  ->  Bitmap Heap Scan on sbtest5  (cost=29.98..3616.92 rows=931 width=121)
	        Recheck Cond: ((id >= 9381059) AND (id <= 9382058))
	        ->  Bitmap Index Scan on sbtest5_pkey  (cost=0.00..29.75 rows=931 width=0)
	              Index Cond: ((id >= 9381059) AND (id <= 9382058))

table 6 : explain SELECT c FROM sbtest6 WHERE id BETWEEN 6529798 AND 6530797 ORDER BY c
	Sort  (cost=3913.50..3915.99 rows=997 width=121)
	  Sort Key: c
	  ->  Bitmap Heap Scan on sbtest6  (cost=30.65..3863.84 rows=997 width=121)
	        Recheck Cond: ((id >= 6529798) AND (id <= 6530797))
	        ->  Bitmap Index Scan on sbtest6_pkey  (cost=0.00..30.40 rows=997 width=0)
	              Index Cond: ((id >= 6529798) AND (id <= 6530797))

table 7 : explain SELECT c FROM sbtest7 WHERE id BETWEEN 1619860 AND 1620859 ORDER BY c
	Sort  (cost=4188.51..4191.18 rows=1068 width=121)
	  Sort Key: c
	  ->  Bitmap Heap Scan on sbtest7  (cost=31.38..4134.79 rows=1068 width=121)
	        Recheck Cond: ((id >= 1619860) AND (id <= 1620859))
	        ->  Bitmap Index Scan on sbtest7_pkey  (cost=0.00..31.11 rows=1068 width=0)
	              Index Cond: ((id >= 1619860) AND (id <= 1620859))

table 8 : explain SELECT c FROM sbtest8 WHERE id BETWEEN 6157483 AND 6158482 ORDER BY c
	Sort  (cost=3587.46..3589.74 rows=913 width=121)
	  Sort Key: c
	  ->  Bitmap Heap Scan on sbtest8  (cost=25.79..3542.57 rows=913 width=121)
	        Recheck Cond: ((id >= 6157483) AND (id <= 6158482))
	        ->  Bitmap Index Scan on sbtest8_pkey  (cost=0.00..25.57 rows=913 width=0)
	              Index Cond: ((id >= 6157483) AND (id <= 6158482))

explain: for point_selects :: explain SELECT c FROM sbtest%u WHERE id=%u
for: distinct_ranges
table 1 : explain SELECT DISTINCT c FROM sbtest1 WHERE id BETWEEN 9362211 AND 9363210 ORDER BY c
	Unique  (cost=3760.28..3765.07 rows=958 width=121)
	  ->  Sort  (cost=3760.28..3762.68 rows=958 width=121)
	        Sort Key: c
	        ->  Bitmap Heap Scan on sbtest1  (cost=30.25..3712.84 rows=958 width=121)
	              Recheck Cond: ((id >= 9362211) AND (id <= 9363210))
	              ->  Bitmap Index Scan on sbtest1_pkey  (cost=0.00..30.01 rows=958 width=0)
	                    Index Cond: ((id >= 9362211) AND (id <= 9363210))

table 2 : explain SELECT DISTINCT c FROM sbtest2 WHERE id BETWEEN 6889826 AND 6890825 ORDER BY c
	Unique  (cost=3642.57..3647.21 rows=928 width=121)
	  ->  Sort  (cost=3642.57..3644.89 rows=928 width=121)
	        Sort Key: c
	        ->  Bitmap Heap Scan on sbtest2  (cost=25.95..3596.83 rows=928 width=121)
	              Recheck Cond: ((id >= 6889826) AND (id <= 6890825))
	              ->  Bitmap Index Scan on sbtest2_pkey  (cost=0.00..25.71 rows=928 width=0)
	                    Index Cond: ((id >= 6889826) AND (id <= 6890825))

table 3 : explain SELECT DISTINCT c FROM sbtest3 WHERE id BETWEEN 9389448 AND 9390447 ORDER BY c
	Unique  (cost=3712.30..3717.03 rows=945 width=121)
	  ->  Sort  (cost=3712.30..3714.67 rows=945 width=121)
	        Sort Key: c
	        ->  Bitmap Heap Scan on sbtest3  (cost=30.12..3665.60 rows=945 width=121)
	              Recheck Cond: ((id >= 9389448) AND (id <= 9390447))
	              ->  Bitmap Index Scan on sbtest3_pkey  (cost=0.00..29.89 rows=945 width=0)
	                    Index Cond: ((id >= 9389448) AND (id <= 9390447))

table 4 : explain SELECT DISTINCT c FROM sbtest4 WHERE id BETWEEN 8052266 AND 8053265 ORDER BY c
	Unique  (cost=4171.70..4177.03 rows=1065 width=121)
	  ->  Sort  (cost=4171.70..4174.36 rows=1065 width=121)
	        Sort Key: c
	        ->  Bitmap Heap Scan on sbtest4  (cost=31.35..4118.15 rows=1065 width=121)
	              Recheck Cond: ((id >= 8052266) AND (id <= 8053265))
	              ->  Bitmap Index Scan on sbtest4_pkey  (cost=0.00..31.08 rows=1065 width=0)
	                    Index Cond: ((id >= 8052266) AND (id <= 8053265))

table 5 : explain SELECT DISTINCT c FROM sbtest5 WHERE id BETWEEN 2039220 AND 2040219 ORDER BY c
	Unique  (cost=4138.67..4143.94 rows=1055 width=121)
	  ->  Sort  (cost=4138.67..4141.31 rows=1055 width=121)
	        Sort Key: c
	        ->  Bitmap Heap Scan on sbtest5  (cost=31.25..4085.69 rows=1055 width=121)
	              Recheck Cond: ((id >= 2039220) AND (id <= 2040219))
	              ->  Bitmap Index Scan on sbtest5_pkey  (cost=0.00..30.98 rows=1055 width=0)
	                    Index Cond: ((id >= 2039220) AND (id <= 2040219))

table 6 : explain SELECT DISTINCT c FROM sbtest6 WHERE id BETWEEN 9404495 AND 9405494 ORDER BY c
	Unique  (cost=3725.56..3730.30 rows=948 width=121)
	  ->  Sort  (cost=3725.56..3727.93 rows=948 width=121)
	        Sort Key: c
	        ->  Bitmap Heap Scan on sbtest6  (cost=30.15..3678.69 rows=948 width=121)
	              Recheck Cond: ((id >= 9404495) AND (id <= 9405494))
	              ->  Bitmap Index Scan on sbtest6_pkey  (cost=0.00..29.91 rows=948 width=0)
	                    Index Cond: ((id >= 9404495) AND (id <= 9405494))

table 7 : explain SELECT DISTINCT c FROM sbtest7 WHERE id BETWEEN 1338983 AND 1339982 ORDER BY c
	Unique  (cost=3578.27..3582.82 rows=909 width=121)
	  ->  Sort  (cost=3578.27..3580.54 rows=909 width=121)
	        Sort Key: c
	        ->  Bitmap Heap Scan on sbtest7  (cost=29.75..3533.60 rows=909 width=121)
	              Recheck Cond: ((id >= 1338983) AND (id <= 1339982))
	              ->  Bitmap Index Scan on sbtest7_pkey  (cost=0.00..29.52 rows=909 width=0)
	                    Index Cond: ((id >= 1338983) AND (id <= 1339982))

table 8 : explain SELECT DISTINCT c FROM sbtest8 WHERE id BETWEEN 6184914 AND 6185913 ORDER BY c
	Unique  (cost=3587.46..3592.03 rows=913 width=121)
	  ->  Sort  (cost=3587.46..3589.74 rows=913 width=121)
	        Sort Key: c
	        ->  Bitmap Heap Scan on sbtest8  (cost=25.79..3542.57 rows=913 width=121)
	              Recheck Cond: ((id >= 6184914) AND (id <= 6185913))
	              ->  Bitmap Index Scan on sbtest8_pkey  (cost=0.00..25.57 rows=913 width=0)
	                    Index Cond: ((id >= 6184914) AND (id <= 6185913))

for: order_ranges
table 1 : explain SELECT c FROM sbtest1 WHERE id BETWEEN 4428513 AND 4429512 ORDER BY c
	Sort  (cost=3833.06..3835.50 rows=977 width=121)
	  Sort Key: c
	  ->  Bitmap Heap Scan on sbtest1  (cost=30.45..3784.54 rows=977 width=121)
	        Recheck Cond: ((id >= 4428513) AND (id <= 4429512))
	        ->  Bitmap Index Scan on sbtest1_pkey  (cost=0.00..30.20 rows=977 width=0)
	              Index Cond: ((id >= 4428513) AND (id <= 4429512))

table 2 : explain SELECT c FROM sbtest2 WHERE id BETWEEN 6458587 AND 6459586 ORDER BY c
	Sort  (cost=3865.10..3867.56 rows=985 width=121)
	  Sort Key: c
	  ->  Bitmap Heap Scan on sbtest2  (cost=30.53..3816.13 rows=985 width=121)
	        Recheck Cond: ((id >= 6458587) AND (id <= 6459586))
	        ->  Bitmap Index Scan on sbtest2_pkey  (cost=0.00..30.29 rows=985 width=0)
	              Index Cond: ((id >= 6458587) AND (id <= 6459586))

table 3 : explain SELECT c FROM sbtest3 WHERE id BETWEEN 4443252 AND 4444251 ORDER BY c
	Sort  (cost=3896.29..3898.78 rows=993 width=121)
	  Sort Key: c
	  ->  Bitmap Heap Scan on sbtest3  (cost=30.61..3846.87 rows=993 width=121)
	        Recheck Cond: ((id >= 4443252) AND (id <= 4444251))
	        ->  Bitmap Index Scan on sbtest3_pkey  (cost=0.00..30.36 rows=993 width=0)
	              Index Cond: ((id >= 4443252) AND (id <= 4444251))

table 4 : explain SELECT c FROM sbtest4 WHERE id BETWEEN 9899618 AND 9900617 ORDER BY c
	Sort  (cost=3596.95..3599.24 rows=916 width=121)
	  Sort Key: c
	  ->  Bitmap Heap Scan on sbtest4  (cost=25.82..3551.89 rows=916 width=121)
	        Recheck Cond: ((id >= 9899618) AND (id <= 9900617))
	        ->  Bitmap Index Scan on sbtest4_pkey  (cost=0.00..25.59 rows=916 width=0)
	              Index Cond: ((id >= 9899618) AND (id <= 9900617))

table 5 : explain SELECT c FROM sbtest5 WHERE id BETWEEN 8523432 AND 8524431 ORDER BY c
	Sort  (cost=3793.48..3795.90 rows=965 width=121)
	  Sort Key: c
	  ->  Bitmap Heap Scan on sbtest5  (cost=30.33..3745.65 rows=965 width=121)
	        Recheck Cond: ((id >= 8523432) AND (id <= 8524431))
	        ->  Bitmap Index Scan on sbtest5_pkey  (cost=0.00..30.08 rows=965 width=0)
	              Index Cond: ((id >= 8523432) AND (id <= 8524431))

table 6 : explain SELECT c FROM sbtest6 WHERE id BETWEEN 6460748 AND 6461747 ORDER BY c
	Sort  (cost=3675.65..3677.99 rows=935 width=121)
	  Sort Key: c
	  ->  Bitmap Heap Scan on sbtest6  (cost=30.02..3629.51 rows=935 width=121)
	        Recheck Cond: ((id >= 6460748) AND (id <= 6461747))
	        ->  Bitmap Index Scan on sbtest6_pkey  (cost=0.00..29.79 rows=935 width=0)
	              Index Cond: ((id >= 6460748) AND (id <= 6461747))

table 7 : explain SELECT c FROM sbtest7 WHERE id BETWEEN 2651432 AND 2652431 ORDER BY c
	Sort  (cost=4046.77..4049.35 rows=1031 width=121)
	  Sort Key: c
	  ->  Bitmap Heap Scan on sbtest7  (cost=31.00..3995.17 rows=1031 width=121)
	        Recheck Cond: ((id >= 2651432) AND (id <= 2652431))
	        ->  Bitmap Index Scan on sbtest7_pkey  (cost=0.00..30.75 rows=1031 width=0)
	              Index Cond: ((id >= 2651432) AND (id <= 2652431))

table 8 : explain SELECT c FROM sbtest8 WHERE id BETWEEN 1796599 AND 1797598 ORDER BY c
	Sort  (cost=4113.04..4115.66 rows=1049 width=121)
	  Sort Key: c
	  ->  Bitmap Heap Scan on sbtest8  (cost=31.19..4060.40 rows=1049 width=121)
	        Recheck Cond: ((id >= 1796599) AND (id <= 1797598))
	        ->  Bitmap Index Scan on sbtest8_pkey  (cost=0.00..30.93 rows=1049 width=0)
	              Index Cond: ((id >= 1796599) AND (id <= 1797598))

for: distinct_ranges
table 1 : explain SELECT DISTINCT c FROM sbtest1 WHERE id BETWEEN 4755851 AND 4756850 ORDER BY c
	Unique  (cost=3725.80..3730.54 rows=949 width=121)
	  ->  Sort  (cost=3725.80..3728.17 rows=949 width=121)
	        Sort Key: c
	        ->  Bitmap Heap Scan on sbtest1  (cost=30.16..3678.87 rows=949 width=121)
	              Recheck Cond: ((id >= 4755851) AND (id <= 4756850))
	              ->  Bitmap Index Scan on sbtest1_pkey  (cost=0.00..29.93 rows=949 width=0)
	                    Index Cond: ((id >= 4755851) AND (id <= 4756850))

table 2 : explain SELECT DISTINCT c FROM sbtest2 WHERE id BETWEEN 4467696 AND 4468695 ORDER BY c
	Unique  (cost=3822.96..3827.83 rows=974 width=121)
	  ->  Sort  (cost=3822.96..3825.40 rows=974 width=121)
	        Sort Key: c
	        ->  Bitmap Heap Scan on sbtest2  (cost=30.42..3774.61 rows=974 width=121)
	              Recheck Cond: ((id >= 4467696) AND (id <= 4468695))
	              ->  Bitmap Index Scan on sbtest2_pkey  (cost=0.00..30.18 rows=974 width=0)
	                    Index Cond: ((id >= 4467696) AND (id <= 4468695))

table 3 : explain SELECT DISTINCT c FROM sbtest3 WHERE id BETWEEN 357417 AND 358416 ORDER BY c
	Unique  (cost=3900.13..3905.10 rows=994 width=121)
	  ->  Sort  (cost=3900.13..3902.61 rows=994 width=121)
	        Sort Key: c
	        ->  Bitmap Heap Scan on sbtest3  (cost=30.62..3850.64 rows=994 width=121)
	              Recheck Cond: ((id >= 357417) AND (id <= 358416))
	              ->  Bitmap Index Scan on sbtest3_pkey  (cost=0.00..30.37 rows=994 width=0)
	                    Index Cond: ((id >= 357417) AND (id <= 358416))

table 4 : explain SELECT DISTINCT c FROM sbtest4 WHERE id BETWEEN 2050944 AND 2051943 ORDER BY c
	Unique  (cost=3865.59..3870.52 rows=985 width=121)
	  ->  Sort  (cost=3865.59..3868.05 rows=985 width=121)
	        Sort Key: c
	        ->  Bitmap Heap Scan on sbtest4  (cost=30.53..3816.62 rows=985 width=121)
	              Recheck Cond: ((id >= 2050944) AND (id <= 2051943))
	              ->  Bitmap Index Scan on sbtest4_pkey  (cost=0.00..30.29 rows=985 width=0)
	                    Index Cond: ((id >= 2050944) AND (id <= 2051943))

table 5 : explain SELECT DISTINCT c FROM sbtest5 WHERE id BETWEEN 2041720 AND 2042719 ORDER BY c
	Unique  (cost=4138.67..4143.94 rows=1055 width=121)
	  ->  Sort  (cost=4138.67..4141.31 rows=1055 width=121)
	        Sort Key: c
	        ->  Bitmap Heap Scan on sbtest5  (cost=31.25..4085.69 rows=1055 width=121)
	              Recheck Cond: ((id >= 2041720) AND (id <= 2042719))
	              ->  Bitmap Index Scan on sbtest5_pkey  (cost=0.00..30.98 rows=1055 width=0)
	                    Index Cond: ((id >= 2041720) AND (id <= 2042719))

table 6 : explain SELECT DISTINCT c FROM sbtest6 WHERE id BETWEEN 7104408 AND 7105407 ORDER BY c
	Unique  (cost=4020.77..4025.89 rows=1025 width=121)
	  ->  Sort  (cost=4020.77..4023.33 rows=1025 width=121)
	        Sort Key: c
	        ->  Bitmap Heap Scan on sbtest6  (cost=30.94..3969.51 rows=1025 width=121)
	              Recheck Cond: ((id >= 7104408) AND (id <= 7105407))
	              ->  Bitmap Index Scan on sbtest6_pkey  (cost=0.00..30.68 rows=1025 width=0)
	                    Index Cond: ((id >= 7104408) AND (id <= 7105407))

table 7 : explain SELECT DISTINCT c FROM sbtest7 WHERE id BETWEEN 4101171 AND 4102170 ORDER BY c
	Unique  (cost=3770.49..3775.29 rows=959 width=121)
	  ->  Sort  (cost=3770.49..3772.89 rows=959 width=121)
	        Sort Key: c
	        ->  Bitmap Heap Scan on sbtest7  (cost=30.26..3722.99 rows=959 width=121)
	              Recheck Cond: ((id >= 4101171) AND (id <= 4102170))
	              ->  Bitmap Index Scan on sbtest7_pkey  (cost=0.00..30.02 rows=959 width=0)
	                    Index Cond: ((id >= 4101171) AND (id <= 4102170))

table 8 : explain SELECT DISTINCT c FROM sbtest8 WHERE id BETWEEN 3592606 AND 3593605 ORDER BY c
	Unique  (cost=3944.53..3949.55 rows=1005 width=121)
	  ->  Sort  (cost=3944.53..3947.04 rows=1005 width=121)
	        Sort Key: c
	        ->  Bitmap Heap Scan on sbtest8  (cost=30.74..3894.42 rows=1005 width=121)
	              Recheck Cond: ((id >= 3592606) AND (id <= 3593605))
	              ->  Bitmap Index Scan on sbtest8_pkey  (cost=0.00..30.48 rows=1005 width=0)
	                    Index Cond: ((id >= 3592606) AND (id <= 3593605))

for: order_ranges
table 1 : explain SELECT c FROM sbtest1 WHERE id BETWEEN 4335924 AND 4336923 ORDER BY c
	Sort  (cost=3947.88..3950.40 rows=1007 width=121)
	  Sort Key: c
	  ->  Bitmap Heap Scan on sbtest1  (cost=30.76..3897.65 rows=1007 width=121)
	        Recheck Cond: ((id >= 4335924) AND (id <= 4336923))
	        ->  Bitmap Index Scan on sbtest1_pkey  (cost=0.00..30.50 rows=1007 width=0)
	              Index Cond: ((id >= 4335924) AND (id <= 4336923))

table 2 : explain SELECT c FROM sbtest2 WHERE id BETWEEN 6791154 AND 6792153 ORDER BY c
	Sort  (cost=3519.71..3521.95 rows=896 width=121)
	  Sort Key: c
	  ->  Bitmap Heap Scan on sbtest2  (cost=25.62..3475.78 rows=896 width=121)
	        Recheck Cond: ((id >= 6791154) AND (id <= 6792153))
	        ->  Bitmap Index Scan on sbtest2_pkey  (cost=0.00..25.39 rows=896 width=0)
	              Index Cond: ((id >= 6791154) AND (id <= 6792153))

table 3 : explain SELECT c FROM sbtest3 WHERE id BETWEEN 1002214 AND 1003213 ORDER BY c
	Sort  (cost=3884.80..3887.28 rows=990 width=121)
	  Sort Key: c
	  ->  Bitmap Heap Scan on sbtest3  (cost=30.58..3835.54 rows=990 width=121)
	        Recheck Cond: ((id >= 1002214) AND (id <= 1003213))
	        ->  Bitmap Index Scan on sbtest3_pkey  (cost=0.00..30.33 rows=990 width=0)
	              Index Cond: ((id >= 1002214) AND (id <= 1003213))

table 4 : explain SELECT c FROM sbtest4 WHERE id BETWEEN 6041399 AND 6042398 ORDER BY c
	Sort  (cost=4194.63..4197.31 rows=1071 width=121)
	  Sort Key: c
	  ->  Bitmap Heap Scan on sbtest4  (cost=31.41..4140.73 rows=1071 width=121)
	        Recheck Cond: ((id >= 6041399) AND (id <= 6042398))
	        ->  Bitmap Index Scan on sbtest4_pkey  (cost=0.00..31.14 rows=1071 width=0)
	              Index Cond: ((id >= 6041399) AND (id <= 6042398))

table 5 : explain SELECT c FROM sbtest5 WHERE id BETWEEN 9474888 AND 9475887 ORDER BY c
	Sort  (cost=4368.28..4371.07 rows=1115 width=121)
	  Sort Key: c
	  ->  Bitmap Heap Scan on sbtest5  (cost=31.86..4311.85 rows=1115 width=121)
	        Recheck Cond: ((id >= 9474888) AND (id <= 9475887))
	        ->  Bitmap Index Scan on sbtest5_pkey  (cost=0.00..31.58 rows=1115 width=0)
	              Index Cond: ((id >= 9474888) AND (id <= 9475887))

table 6 : explain SELECT c FROM sbtest6 WHERE id BETWEEN 6918605 AND 6919604 ORDER BY c
	Sort  (cost=3702.53..3704.88 rows=942 width=121)
	  Sort Key: c
	  ->  Bitmap Heap Scan on sbtest6  (cost=30.09..3655.99 rows=942 width=121)
	        Recheck Cond: ((id >= 6918605) AND (id <= 6919604))
	        ->  Bitmap Index Scan on sbtest6_pkey  (cost=0.00..29.86 rows=942 width=0)
	              Index Cond: ((id >= 6918605) AND (id <= 6919604))

table 7 : explain SELECT c FROM sbtest7 WHERE id BETWEEN 3441766 AND 3442765 ORDER BY c
	Sort  (cost=3843.46..3845.90 rows=978 width=121)
	  Sort Key: c
	  ->  Bitmap Heap Scan on sbtest7  (cost=30.46..3794.88 rows=978 width=121)
	        Recheck Cond: ((id >= 3441766) AND (id <= 3442765))
	        ->  Bitmap Index Scan on sbtest7_pkey  (cost=0.00..30.21 rows=978 width=0)
	              Index Cond: ((id >= 3441766) AND (id <= 3442765))

table 8 : explain SELECT c FROM sbtest8 WHERE id BETWEEN 9457943 AND 9458942 ORDER BY c
	Sort  (cost=3729.74..3732.11 rows=949 width=121)
	  Sort Key: c
	  ->  Bitmap Heap Scan on sbtest8  (cost=30.16..3682.81 rows=949 width=121)
	        Recheck Cond: ((id >= 9457943) AND (id <= 9458942))
	        ->  Bitmap Index Scan on sbtest8_pkey  (cost=0.00..29.93 rows=949 width=0)
	              Index Cond: ((id >= 9457943) AND (id <= 9458942))

for point_selects
table 1 : explain SELECT c FROM sbtest1 WHERE id=421571
	Index Scan using sbtest1_pkey on sbtest1  (cost=0.43..8.45 rows=1 width=121)
	  Index Cond: (id = 421571)

table 2 : explain SELECT c FROM sbtest2 WHERE id=8541001
	Index Scan using sbtest2_pkey on sbtest2  (cost=0.43..8.45 rows=1 width=121)
	  Index Cond: (id = 8541001)

table 3 : explain SELECT c FROM sbtest3 WHERE id=1623721
	Index Scan using sbtest3_pkey on sbtest3  (cost=0.43..8.45 rows=1 width=121)
	  Index Cond: (id = 1623721)

table 4 : explain SELECT c FROM sbtest4 WHERE id=2775539
	Index Scan using sbtest4_pkey on sbtest4  (cost=0.43..8.45 rows=1 width=121)
	  Index Cond: (id = 2775539)

table 5 : explain SELECT c FROM sbtest5 WHERE id=9650822
	Index Scan using sbtest5_pkey on sbtest5  (cost=0.43..8.45 rows=1 width=121)
	  Index Cond: (id = 9650822)

table 6 : explain SELECT c FROM sbtest6 WHERE id=4385419
	Index Scan using sbtest6_pkey on sbtest6  (cost=0.43..8.45 rows=1 width=121)
	  Index Cond: (id = 4385419)

table 7 : explain SELECT c FROM sbtest7 WHERE id=4622731
	Index Scan using sbtest7_pkey on sbtest7  (cost=0.43..8.45 rows=1 width=121)
	  Index Cond: (id = 4622731)

table 8 : explain SELECT c FROM sbtest8 WHERE id=1194976
	Index Scan using sbtest8_pkey on sbtest8  (cost=0.43..8.45 rows=1 width=121)
	  Index Cond: (id = 1194976)

for: distinct_ranges
table 1 : explain SELECT DISTINCT c FROM sbtest1 WHERE id BETWEEN 2341483 AND 2342482 ORDER BY c
	Unique  (cost=3871.35..3876.28 rows=987 width=121)
	  ->  Sort  (cost=3871.35..3873.82 rows=987 width=121)
	        Sort Key: c
	        ->  Bitmap Heap Scan on sbtest1  (cost=30.55..3822.26 rows=987 width=121)
	              Recheck Cond: ((id >= 2341483) AND (id <= 2342482))
	              ->  Bitmap Index Scan on sbtest1_pkey  (cost=0.00..30.30 rows=987 width=0)
	                    Index Cond: ((id >= 2341483) AND (id <= 2342482))

table 2 : explain SELECT DISTINCT c FROM sbtest2 WHERE id BETWEEN 6389584 AND 6390583 ORDER BY c
	Unique  (cost=3865.10..3870.03 rows=985 width=121)
	  ->  Sort  (cost=3865.10..3867.56 rows=985 width=121)
	        Sort Key: c
	        ->  Bitmap Heap Scan on sbtest2  (cost=30.53..3816.13 rows=985 width=121)
	              Recheck Cond: ((id >= 6389584) AND (id <= 6390583))
	              ->  Bitmap Index Scan on sbtest2_pkey  (cost=0.00..30.29 rows=985 width=0)
	                    Index Cond: ((id >= 6389584) AND (id <= 6390583))

table 3 : explain SELECT DISTINCT c FROM sbtest3 WHERE id BETWEEN 854233 AND 855232 ORDER BY c
	Unique  (cost=4076.19..4081.39 rows=1040 width=121)
	  ->  Sort  (cost=4076.19..4078.79 rows=1040 width=121)
	        Sort Key: c
	        ->  Bitmap Heap Scan on sbtest3  (cost=31.09..4024.07 rows=1040 width=121)
	              Recheck Cond: ((id >= 854233) AND (id <= 855232))
	              ->  Bitmap Index Scan on sbtest3_pkey  (cost=0.00..30.83 rows=1040 width=0)
	                    Index Cond: ((id >= 854233) AND (id <= 855232))

table 4 : explain SELECT DISTINCT c FROM sbtest4 WHERE id BETWEEN 5993242 AND 5994241 ORDER BY c
	Unique  (cost=3988.13..3993.21 rows=1017 width=121)
	  ->  Sort  (cost=3988.13..3990.67 rows=1017 width=121)
	        Sort Key: c
	        ->  Bitmap Heap Scan on sbtest4  (cost=30.86..3937.33 rows=1017 width=121)
	              Recheck Cond: ((id >= 5993242) AND (id <= 5994241))
	              ->  Bitmap Index Scan on sbtest4_pkey  (cost=0.00..30.61 rows=1017 width=0)
	                    Index Cond: ((id >= 5993242) AND (id <= 5994241))

table 5 : explain SELECT DISTINCT c FROM sbtest5 WHERE id BETWEEN 2551284 AND 2552283 ORDER BY c
	Unique  (cost=3716.65..3721.37 rows=945 width=121)
	  ->  Sort  (cost=3716.65..3719.01 rows=945 width=121)
	        Sort Key: c
	        ->  Bitmap Heap Scan on sbtest5  (cost=30.12..3669.95 rows=945 width=121)
	              Recheck Cond: ((id >= 2551284) AND (id <= 2552283))
	              ->  Bitmap Index Scan on sbtest5_pkey  (cost=0.00..29.89 rows=945 width=0)
	                    Index Cond: ((id >= 2551284) AND (id <= 2552283))

table 6 : explain SELECT DISTINCT c FROM sbtest6 WHERE id BETWEEN 9901607 AND 9902606 ORDER BY c
	Unique  (cost=3825.32..3830.19 rows=974 width=121)
	  ->  Sort  (cost=3825.32..3827.75 rows=974 width=121)
	        Sort Key: c
	        ->  Bitmap Heap Scan on sbtest6  (cost=30.42..3776.97 rows=974 width=121)
	              Recheck Cond: ((id >= 9901607) AND (id <= 9902606))
	              ->  Bitmap Index Scan on sbtest6_pkey  (cost=0.00..30.18 rows=974 width=0)
	                    Index Cond: ((id >= 9901607) AND (id <= 9902606))

table 7 : explain SELECT DISTINCT c FROM sbtest7 WHERE id BETWEEN 4371629 AND 4372628 ORDER BY c
	Unique  (cost=4119.58..4124.83 rows=1050 width=121)
	  ->  Sort  (cost=4119.58..4122.20 rows=1050 width=121)
	        Sort Key: c
	        ->  Bitmap Heap Scan on sbtest7  (cost=31.20..4066.89 rows=1050 width=121)
	              Recheck Cond: ((id >= 4371629) AND (id <= 4372628))
	              ->  Bitmap Index Scan on sbtest7_pkey  (cost=0.00..30.93 rows=1050 width=0)
	                    Index Cond: ((id >= 4371629) AND (id <= 4372628))

table 8 : explain SELECT DISTINCT c FROM sbtest8 WHERE id BETWEEN 7169087 AND 7170086 ORDER BY c
	Unique  (cost=3537.49..3541.99 rows=900 width=121)
	  ->  Sort  (cost=3537.49..3539.74 rows=900 width=121)
	        Sort Key: c
	        ->  Bitmap Heap Scan on sbtest8  (cost=25.66..3493.33 rows=900 width=121)
	              Recheck Cond: ((id >= 7169087) AND (id <= 7170086))
	              ->  Bitmap Index Scan on sbtest8_pkey  (cost=0.00..25.43 rows=900 width=0)
	                    Index Cond: ((id >= 7169087) AND (id <= 7170086))

explain: for point_selects :: explain SELECT c FROM sbtest%u WHERE id=%u
for point_selects
table 1 : explain SELECT c FROM sbtest1 WHERE id=9611114
	Index Scan using sbtest1_pkey on sbtest1  (cost=0.43..8.45 rows=1 width=121)
	  Index Cond: (id = 9611114)

table 2 : explain SELECT c FROM sbtest2 WHERE id=5697012
	Index Scan using sbtest2_pkey on sbtest2  (cost=0.43..8.45 rows=1 width=121)
	  Index Cond: (id = 5697012)

table 3 : explain SELECT c FROM sbtest3 WHERE id=6489235
	Index Scan using sbtest3_pkey on sbtest3  (cost=0.43..8.45 rows=1 width=121)
	  Index Cond: (id = 6489235)

table 4 : explain SELECT c FROM sbtest4 WHERE id=1151905
	Index Scan using sbtest4_pkey on sbtest4  (cost=0.43..8.45 rows=1 width=121)
	  Index Cond: (id = 1151905)

table 5 : explain SELECT c FROM sbtest5 WHERE id=9949868
	Index Scan using sbtest5_pkey on sbtest5  (cost=0.43..8.45 rows=1 width=121)
	  Index Cond: (id = 9949868)

table 6 : explain SELECT c FROM sbtest6 WHERE id=1472269
	Index Scan using sbtest6_pkey on sbtest6  (cost=0.43..8.45 rows=1 width=121)
	  Index Cond: (id = 1472269)

table 7 : explain SELECT c FROM sbtest7 WHERE id=3364883
	Index Scan using sbtest7_pkey on sbtest7  (cost=0.43..8.45 rows=1 width=121)
	  Index Cond: (id = 3364883)

table 8 : explain SELECT c FROM sbtest8 WHERE id=5990506
	Index Scan using sbtest8_pkey on sbtest8  (cost=0.43..8.45 rows=1 width=121)
	  Index Cond: (id = 5990506)

for: distinct_ranges
table 1 : explain SELECT DISTINCT c FROM sbtest1 WHERE id BETWEEN 8252916 AND 8253915 ORDER BY c
	Unique  (cost=3921.10..3926.10 rows=1000 width=121)
	  ->  Sort  (cost=3921.10..3923.60 rows=1000 width=121)
	        Sort Key: c
	        ->  Bitmap Heap Scan on sbtest1  (cost=30.68..3871.27 rows=1000 width=121)
	              Recheck Cond: ((id >= 8252916) AND (id <= 8253915))
	              ->  Bitmap Index Scan on sbtest1_pkey  (cost=0.00..30.43 rows=1000 width=0)
	                    Index Cond: ((id >= 8252916) AND (id <= 8253915))

table 2 : explain SELECT DISTINCT c FROM sbtest2 WHERE id BETWEEN 7103711 AND 7104710 ORDER BY c
	Unique  (cost=3865.10..3870.03 rows=985 width=121)
	  ->  Sort  (cost=3865.10..3867.56 rows=985 width=121)
	        Sort Key: c
	        ->  Bitmap Heap Scan on sbtest2  (cost=30.53..3816.13 rows=985 width=121)
	              Recheck Cond: ((id >= 7103711) AND (id <= 7104710))
	              ->  Bitmap Index Scan on sbtest2_pkey  (cost=0.00..30.29 rows=985 width=0)
	                    Index Cond: ((id >= 7103711) AND (id <= 7104710))

table 3 : explain SELECT DISTINCT c FROM sbtest3 WHERE id BETWEEN 3103212 AND 3104211 ORDER BY c
	Unique  (cost=4324.55..4330.07 rows=1105 width=121)
	  ->  Sort  (cost=4324.55..4327.31 rows=1105 width=121)
	        Sort Key: c
	        ->  Bitmap Heap Scan on sbtest3  (cost=31.76..4268.69 rows=1105 width=121)
	              Recheck Cond: ((id >= 3103212) AND (id <= 3104211))
	              ->  Bitmap Index Scan on sbtest3_pkey  (cost=0.00..31.48 rows=1105 width=0)
	                    Index Cond: ((id >= 3103212) AND (id <= 3104211))

table 4 : explain SELECT DISTINCT c FROM sbtest4 WHERE id BETWEEN 5309438 AND 5310437 ORDER BY c
	Unique  (cost=3957.50..3962.55 rows=1009 width=121)
	  ->  Sort  (cost=3957.50..3960.03 rows=1009 width=121)
	        Sort Key: c
	        ->  Bitmap Heap Scan on sbtest4  (cost=30.78..3907.16 rows=1009 width=121)
	              Recheck Cond: ((id >= 5309438) AND (id <= 5310437))
	              ->  Bitmap Index Scan on sbtest4_pkey  (cost=0.00..30.52 rows=1009 width=0)
	                    Index Cond: ((id >= 5309438) AND (id <= 5310437))

table 5 : explain SELECT DISTINCT c FROM sbtest5 WHERE id BETWEEN 1265189 AND 1266188 ORDER BY c
	Unique  (cost=4058.21..4063.38 rows=1034 width=121)
	  ->  Sort  (cost=4058.21..4060.79 rows=1034 width=121)
	        Sort Key: c
	        ->  Bitmap Heap Scan on sbtest5  (cost=31.03..4006.44 rows=1034 width=121)
	              Recheck Cond: ((id >= 1265189) AND (id <= 1266188))
	              ->  Bitmap Index Scan on sbtest5_pkey  (cost=0.00..30.77 rows=1034 width=0)
	                    Index Cond: ((id >= 1265189) AND (id <= 1266188))

table 6 : explain SELECT DISTINCT c FROM sbtest6 WHERE id BETWEEN 1405440 AND 1406439 ORDER BY c
	Unique  (cost=4215.91..4221.29 rows=1076 width=121)
	  ->  Sort  (cost=4215.91..4218.60 rows=1076 width=121)
	        Sort Key: c
	        ->  Bitmap Heap Scan on sbtest6  (cost=31.46..4161.73 rows=1076 width=121)
	              Recheck Cond: ((id >= 1405440) AND (id <= 1406439))
	              ->  Bitmap Index Scan on sbtest6_pkey  (cost=0.00..31.19 rows=1076 width=0)
	                    Index Cond: ((id >= 1405440) AND (id <= 1406439))

table 7 : explain SELECT DISTINCT c FROM sbtest7 WHERE id BETWEEN 9730592 AND 9731591 ORDER BY c
	Unique  (cost=3881.84..3886.78 rows=988 width=121)
	  ->  Sort  (cost=3881.84..3884.31 rows=988 width=121)
	        Sort Key: c
	        ->  Bitmap Heap Scan on sbtest7  (cost=30.56..3832.70 rows=988 width=121)
	              Recheck Cond: ((id >= 9730592) AND (id <= 9731591))
	              ->  Bitmap Index Scan on sbtest7_pkey  (cost=0.00..30.32 rows=988 width=0)
	                    Index Cond: ((id >= 9730592) AND (id <= 9731591))

table 8 : explain SELECT DISTINCT c FROM sbtest8 WHERE id BETWEEN 1211567 AND 1212566 ORDER BY c
	Unique  (cost=4105.38..4110.62 rows=1047 width=121)
	  ->  Sort  (cost=4105.38..4108.00 rows=1047 width=121)
	        Sort Key: c
	        ->  Bitmap Heap Scan on sbtest8  (cost=31.17..4052.86 rows=1047 width=121)
	              Recheck Cond: ((id >= 1211567) AND (id <= 1212566))
	              ->  Bitmap Index Scan on sbtest8_pkey  (cost=0.00..30.90 rows=1047 width=0)
	                    Index Cond: ((id >= 1211567) AND (id <= 1212566))

for point_selects
table 1 : explain SELECT c FROM sbtest1 WHERE id=8414601
	Index Scan using sbtest1_pkey on sbtest1  (cost=0.43..8.45 rows=1 width=121)
	  Index Cond: (id = 8414601)

table 2 : explain SELECT c FROM sbtest2 WHERE id=7085566
	Index Scan using sbtest2_pkey on sbtest2  (cost=0.43..8.45 rows=1 width=121)
	  Index Cond: (id = 7085566)

table 3 : explain SELECT c FROM sbtest3 WHERE id=9817000
	Index Scan using sbtest3_pkey on sbtest3  (cost=0.43..8.45 rows=1 width=121)
	  Index Cond: (id = 9817000)

table 4 : explain SELECT c FROM sbtest4 WHERE id=8182698
	Index Scan using sbtest4_pkey on sbtest4  (cost=0.43..8.45 rows=1 width=121)
	  Index Cond: (id = 8182698)

table 5 : explain SELECT c FROM sbtest5 WHERE id=930898
	Index Scan using sbtest5_pkey on sbtest5  (cost=0.43..8.45 rows=1 width=121)
	  Index Cond: (id = 930898)

table 6 : explain SELECT c FROM sbtest6 WHERE id=9860370
	Index Scan using sbtest6_pkey on sbtest6  (cost=0.43..8.45 rows=1 width=121)
	  Index Cond: (id = 9860370)

table 7 : explain SELECT c FROM sbtest7 WHERE id=172123
	Index Scan using sbtest7_pkey on sbtest7  (cost=0.43..8.45 rows=1 width=121)
	  Index Cond: (id = 172123)

table 8 : explain SELECT c FROM sbtest8 WHERE id=3705309
	Index Scan using sbtest8_pkey on sbtest8  (cost=0.43..8.45 rows=1 width=121)
	  Index Cond: (id = 3705309)

for point_selects
table 1 : explain SELECT c FROM sbtest1 WHERE id=7142921
	Index Scan using sbtest1_pkey on sbtest1  (cost=0.43..8.45 rows=1 width=121)
	  Index Cond: (id = 7142921)

table 2 : explain SELECT c FROM sbtest2 WHERE id=298582
	Index Scan using sbtest2_pkey on sbtest2  (cost=0.43..8.45 rows=1 width=121)
	  Index Cond: (id = 298582)

table 3 : explain SELECT c FROM sbtest3 WHERE id=4887533
	Index Scan using sbtest3_pkey on sbtest3  (cost=0.43..8.45 rows=1 width=121)
	  Index Cond: (id = 4887533)

table 4 : explain SELECT c FROM sbtest4 WHERE id=5087779
	Index Scan using sbtest4_pkey on sbtest4  (cost=0.43..8.45 rows=1 width=121)
	  Index Cond: (id = 5087779)

table 5 : explain SELECT c FROM sbtest5 WHERE id=5359850
	Index Scan using sbtest5_pkey on sbtest5  (cost=0.43..8.45 rows=1 width=121)
	  Index Cond: (id = 5359850)

table 6 : explain SELECT c FROM sbtest6 WHERE id=3046742
	Index Scan using sbtest6_pkey on sbtest6  (cost=0.43..8.45 rows=1 width=121)
	  Index Cond: (id = 3046742)

table 7 : explain SELECT c FROM sbtest7 WHERE id=6433582
	Index Scan using sbtest7_pkey on sbtest7  (cost=0.43..8.45 rows=1 width=121)
	  Index Cond: (id = 6433582)

table 8 : explain SELECT c FROM sbtest8 WHERE id=3401371
	Index Scan using sbtest8_pkey on sbtest8  (cost=0.43..8.45 rows=1 width=121)
	  Index Cond: (id = 3401371)

for: simple_ranges
table 1 : explain SELECT c FROM sbtest1 WHERE id BETWEEN 1985675 AND 1986674
	Bitmap Heap Scan on sbtest1  (cost=30.73..3886.35 rows=1004 width=121)
	  Recheck Cond: ((id >= 1985675) AND (id <= 1986674))
	  ->  Bitmap Index Scan on sbtest1_pkey  (cost=0.00..30.47 rows=1004 width=0)
	        Index Cond: ((id >= 1985675) AND (id <= 1986674))

table 2 : explain SELECT c FROM sbtest2 WHERE id BETWEEN 3720548 AND 3721547
	Bitmap Heap Scan on sbtest2  (cost=30.82..3921.74 rows=1013 width=121)
	  Recheck Cond: ((id >= 3720548) AND (id <= 3721547))
	  ->  Bitmap Index Scan on sbtest2_pkey  (cost=0.00..30.57 rows=1013 width=0)
	        Index Cond: ((id >= 3720548) AND (id <= 3721547))

table 3 : explain SELECT c FROM sbtest3 WHERE id BETWEEN 9020921 AND 9021920
	Bitmap Heap Scan on sbtest3  (cost=25.99..3612.46 rows=932 width=121)
	  Recheck Cond: ((id >= 9020921) AND (id <= 9021920))
	  ->  Bitmap Index Scan on sbtest3_pkey  (cost=0.00..25.75 rows=932 width=0)
	        Index Cond: ((id >= 9020921) AND (id <= 9021920))

table 4 : explain SELECT c FROM sbtest4 WHERE id BETWEEN 6329862 AND 6330861
	Bitmap Heap Scan on sbtest4  (cost=30.93..3963.71 rows=1024 width=121)
	  Recheck Cond: ((id >= 6329862) AND (id <= 6330861))
	  ->  Bitmap Index Scan on sbtest4_pkey  (cost=0.00..30.68 rows=1024 width=0)
	        Index Cond: ((id >= 6329862) AND (id <= 6330861))

table 5 : explain SELECT c FROM sbtest5 WHERE id BETWEEN 3610127 AND 3611126
	Bitmap Heap Scan on sbtest5  (cost=31.14..4044.18 rows=1044 width=121)
	  Recheck Cond: ((id >= 3610127) AND (id <= 3611126))
	  ->  Bitmap Index Scan on sbtest5_pkey  (cost=0.00..30.87 rows=1044 width=0)
	        Index Cond: ((id >= 3610127) AND (id <= 3611126))

table 6 : explain SELECT c FROM sbtest6 WHERE id BETWEEN 2746911 AND 2747910
	Bitmap Heap Scan on sbtest6  (cost=30.98..3984.60 rows=1029 width=121)
	  Recheck Cond: ((id >= 2746911) AND (id <= 2747910))
	  ->  Bitmap Index Scan on sbtest6_pkey  (cost=0.00..30.72 rows=1029 width=0)
	        Index Cond: ((id >= 2746911) AND (id <= 2747910))

table 7 : explain SELECT c FROM sbtest7 WHERE id BETWEEN 9301507 AND 9302506
	Bitmap Heap Scan on sbtest7  (cost=30.52..3817.57 rows=984 width=121)
	  Recheck Cond: ((id >= 9301507) AND (id <= 9302506))
	  ->  Bitmap Index Scan on sbtest7_pkey  (cost=0.00..30.27 rows=984 width=0)
	        Index Cond: ((id >= 9301507) AND (id <= 9302506))

table 8 : explain SELECT c FROM sbtest8 WHERE id BETWEEN 6931140 AND 6932139
	Bitmap Heap Scan on sbtest8  (cost=31.21..4067.94 rows=1051 width=121)
	  Recheck Cond: ((id >= 6931140) AND (id <= 6932139))
	  ->  Bitmap Index Scan on sbtest8_pkey  (cost=0.00..30.94 rows=1051 width=0)
	        Index Cond: ((id >= 6931140) AND (id <= 6932139))

for point_selects
table 1 : explain SELECT c FROM sbtest1 WHERE id=6511206
	Index Scan using sbtest1_pkey on sbtest1  (cost=0.43..8.45 rows=1 width=121)
	  Index Cond: (id = 6511206)

table 2 : explain SELECT c FROM sbtest2 WHERE id=3900687
	Index Scan using sbtest2_pkey on sbtest2  (cost=0.43..8.45 rows=1 width=121)
	  Index Cond: (id = 3900687)

table 3 : explain SELECT c FROM sbtest3 WHERE id=3687996
	Index Scan using sbtest3_pkey on sbtest3  (cost=0.43..8.45 rows=1 width=121)
	  Index Cond: (id = 3687996)

table 4 : explain SELECT c FROM sbtest4 WHERE id=5138086
	Index Scan using sbtest4_pkey on sbtest4  (cost=0.43..8.45 rows=1 width=121)
	  Index Cond: (id = 5138086)

table 5 : explain SELECT c FROM sbtest5 WHERE id=6998309
	Index Scan using sbtest5_pkey on sbtest5  (cost=0.43..8.45 rows=1 width=121)
	  Index Cond: (id = 6998309)

table 6 : explain SELECT c FROM sbtest6 WHERE id=8914441
	Index Scan using sbtest6_pkey on sbtest6  (cost=0.43..8.45 rows=1 width=121)
	  Index Cond: (id = 8914441)

table 7 : explain SELECT c FROM sbtest7 WHERE id=9666154
	Index Scan using sbtest7_pkey on sbtest7  (cost=0.43..8.45 rows=1 width=121)
	  Index Cond: (id = 9666154)

table 8 : explain SELECT c FROM sbtest8 WHERE id=2297440
	Index Scan using sbtest8_pkey on sbtest8  (cost=0.43..8.45 rows=1 width=121)
	  Index Cond: (id = 2297440)

for: order_ranges
table 1 : explain SELECT c FROM sbtest1 WHERE id BETWEEN 1230120 AND 1231119 ORDER BY c
	Sort  (cost=3794.76..3797.18 rows=967 width=121)
	  Sort Key: c
	  ->  Bitmap Heap Scan on sbtest1  (cost=30.35..3746.81 rows=967 width=121)
	        Recheck Cond: ((id >= 1230120) AND (id <= 1231119))
	        ->  Bitmap Index Scan on sbtest1_pkey  (cost=0.00..30.11 rows=967 width=0)
	              Index Cond: ((id >= 1230120) AND (id <= 1231119))

table 2 : explain SELECT c FROM sbtest2 WHERE id BETWEEN 119634 AND 120633 ORDER BY c
	Sort  (cost=4346.79..4349.57 rows=1111 width=121)
	  Sort Key: c
	  ->  Bitmap Heap Scan on sbtest2  (cost=31.82..4290.59 rows=1111 width=121)
	        Recheck Cond: ((id >= 119634) AND (id <= 120633))
	        ->  Bitmap Index Scan on sbtest2_pkey  (cost=0.00..31.54 rows=1111 width=0)
	              Index Cond: ((id >= 119634) AND (id <= 120633))

table 3 : explain SELECT c FROM sbtest3 WHERE id BETWEEN 3261325 AND 3262324 ORDER BY c
	Sort  (cost=4064.71..4067.30 rows=1037 width=121)
	  Sort Key: c
	  ->  Bitmap Heap Scan on sbtest3  (cost=31.06..4012.77 rows=1037 width=121)
	        Recheck Cond: ((id >= 3261325) AND (id <= 3262324))
	        ->  Bitmap Index Scan on sbtest3_pkey  (cost=0.00..30.80 rows=1037 width=0)
	              Index Cond: ((id >= 3261325) AND (id <= 3262324))

table 4 : explain SELECT c FROM sbtest4 WHERE id BETWEEN 5062797 AND 5063796 ORDER BY c
	Sort  (cost=4343.56..4346.34 rows=1110 width=121)
	  Sort Key: c
	  ->  Bitmap Heap Scan on sbtest4  (cost=31.81..4287.41 rows=1110 width=121)
	        Recheck Cond: ((id >= 5062797) AND (id <= 5063796))
	        ->  Bitmap Index Scan on sbtest4_pkey  (cost=0.00..31.54 rows=1110 width=0)
	              Index Cond: ((id >= 5062797) AND (id <= 5063796))

table 5 : explain SELECT c FROM sbtest5 WHERE id BETWEEN 680230 AND 681229 ORDER BY c
	Sort  (cost=3950.85..3953.37 rows=1006 width=121)
	  Sort Key: c
	  ->  Bitmap Heap Scan on sbtest5  (cost=30.75..3900.68 rows=1006 width=121)
	        Recheck Cond: ((id >= 680230) AND (id <= 681229))
	        ->  Bitmap Index Scan on sbtest5_pkey  (cost=0.00..30.50 rows=1006 width=0)
	              Index Cond: ((id >= 680230) AND (id <= 681229))

table 6 : explain SELECT c FROM sbtest6 WHERE id BETWEEN 5154684 AND 5155683 ORDER BY c
	Sort  (cost=3587.30..3589.58 rows=912 width=121)
	  Sort Key: c
	  ->  Bitmap Heap Scan on sbtest6  (cost=29.78..3542.46 rows=912 width=121)
	        Recheck Cond: ((id >= 5154684) AND (id <= 5155683))
	        ->  Bitmap Index Scan on sbtest6_pkey  (cost=0.00..29.55 rows=912 width=0)
	              Index Cond: ((id >= 5154684) AND (id <= 5155683))

table 7 : explain SELECT c FROM sbtest7 WHERE id BETWEEN 2184608 AND 2185607 ORDER BY c
	Sort  (cost=3662.89..3665.21 rows=931 width=121)
	  Sort Key: c
	  ->  Bitmap Heap Scan on sbtest7  (cost=29.98..3616.97 rows=931 width=121)
	        Recheck Cond: ((id >= 2184608) AND (id <= 2185607))
	        ->  Bitmap Index Scan on sbtest7_pkey  (cost=0.00..29.75 rows=931 width=0)
	              Index Cond: ((id >= 2184608) AND (id <= 2185607))

table 8 : explain SELECT c FROM sbtest8 WHERE id BETWEEN 8757955 AND 8758954 ORDER BY c
	Sort  (cost=3633.73..3636.04 rows=924 width=121)
	  Sort Key: c
	  ->  Bitmap Heap Scan on sbtest8  (cost=29.91..3588.21 rows=924 width=121)
	        Recheck Cond: ((id >= 8757955) AND (id <= 8758954))
	        ->  Bitmap Index Scan on sbtest8_pkey  (cost=0.00..29.68 rows=924 width=0)
	              Index Cond: ((id >= 8757955) AND (id <= 8758954))

for point_selects
table 1 : explain SELECT c FROM sbtest1 WHERE id=6166403
	Index Scan using sbtest1_pkey on sbtest1  (cost=0.43..8.45 rows=1 width=121)
	  Index Cond: (id = 6166403)

table 2 : explain SELECT c FROM sbtest2 WHERE id=4753284
	Index Scan using sbtest2_pkey on sbtest2  (cost=0.43..8.45 rows=1 width=121)
	  Index Cond: (id = 4753284)

table 3 : explain SELECT c FROM sbtest3 WHERE id=9135485
	Index Scan using sbtest3_pkey on sbtest3  (cost=0.43..8.45 rows=1 width=121)
	  Index Cond: (id = 9135485)

table 4 : explain SELECT c FROM sbtest4 WHERE id=9566195
	Index Scan using sbtest4_pkey on sbtest4  (cost=0.43..8.45 rows=1 width=121)
	  Index Cond: (id = 9566195)

table 5 : explain SELECT c FROM sbtest5 WHERE id=7562579
	Index Scan using sbtest5_pkey on sbtest5  (cost=0.43..8.45 rows=1 width=121)
	  Index Cond: (id = 7562579)

table 6 : explain SELECT c FROM sbtest6 WHERE id=1412663
	Index Scan using sbtest6_pkey on sbtest6  (cost=0.43..8.45 rows=1 width=121)
	  Index Cond: (id = 1412663)

table 7 : explain SELECT c FROM sbtest7 WHERE id=1422612
	Index Scan using sbtest7_pkey on sbtest7  (cost=0.43..8.45 rows=1 width=121)
	  Index Cond: (id = 1422612)

table 8 : explain SELECT c FROM sbtest8 WHERE id=9581771
	Index Scan using sbtest8_pkey on sbtest8  (cost=0.43..8.45 rows=1 width=121)
	  Index Cond: (id = 9581771)

for: distinct_ranges
table 1 : explain SELECT DISTINCT c FROM sbtest1 WHERE id BETWEEN 2549915 AND 2550914 ORDER BY c
	Unique  (cost=3767.95..3772.75 rows=960 width=121)
	  ->  Sort  (cost=3767.95..3770.35 rows=960 width=121)
	        Sort Key: c
	        ->  Bitmap Heap Scan on sbtest1  (cost=30.27..3720.39 rows=960 width=121)
	              Recheck Cond: ((id >= 2549915) AND (id <= 2550914))
	              ->  Bitmap Index Scan on sbtest1_pkey  (cost=0.00..30.04 rows=960 width=0)
	                    Index Cond: ((id >= 2549915) AND (id <= 2550914))

table 2 : explain SELECT DISTINCT c FROM sbtest2 WHERE id BETWEEN 3131757 AND 3132756 ORDER BY c
	Unique  (cost=3654.08..3658.74 rows=931 width=121)
	  ->  Sort  (cost=3654.08..3656.41 rows=931 width=121)
	        Sort Key: c
	        ->  Bitmap Heap Scan on sbtest2  (cost=25.98..3608.17 rows=931 width=121)
	              Recheck Cond: ((id >= 3131757) AND (id <= 3132756))
	              ->  Bitmap Index Scan on sbtest2_pkey  (cost=0.00..25.75 rows=931 width=0)
	                    Index Cond: ((id >= 3131757) AND (id <= 3132756))

table 3 : explain SELECT DISTINCT c FROM sbtest3 WHERE id BETWEEN 5224363 AND 5225362 ORDER BY c
	Unique  (cost=3877.14..3882.08 rows=988 width=121)
	  ->  Sort  (cost=3877.14..3879.61 rows=988 width=121)
	        Sort Key: c
	        ->  Bitmap Heap Scan on sbtest3  (cost=30.56..3828.00 rows=988 width=121)
	              Recheck Cond: ((id >= 5224363) AND (id <= 5225362))
	              ->  Bitmap Index Scan on sbtest3_pkey  (cost=0.00..30.32 rows=988 width=0)
	                    Index Cond: ((id >= 5224363) AND (id <= 5225362))

table 4 : explain SELECT DISTINCT c FROM sbtest4 WHERE id BETWEEN 2473869 AND 2474868 ORDER BY c
	Unique  (cost=4351.19..4356.75 rows=1112 width=121)
	  ->  Sort  (cost=4351.19..4353.97 rows=1112 width=121)
	        Sort Key: c
	        ->  Bitmap Heap Scan on sbtest4  (cost=31.83..4294.93 rows=1112 width=121)
	              Recheck Cond: ((id >= 2473869) AND (id <= 2474868))
	              ->  Bitmap Index Scan on sbtest4_pkey  (cost=0.00..31.55 rows=1112 width=0)
	                    Index Cond: ((id >= 2473869) AND (id <= 2474868))

table 5 : explain SELECT DISTINCT c FROM sbtest5 WHERE id BETWEEN 2683 AND 3682 ORDER BY c
	Unique  (cost=3708.96..3713.68 rows=943 width=121)
	  ->  Sort  (cost=3708.96..3711.32 rows=943 width=121)
	        Sort Key: c
	        ->  Bitmap Heap Scan on sbtest5  (cost=30.10..3662.37 rows=943 width=121)
	              Recheck Cond: ((id >= 2683) AND (id <= 3682))
	              ->  Bitmap Index Scan on sbtest5_pkey  (cost=0.00..29.86 rows=943 width=0)
	                    Index Cond: ((id >= 2683) AND (id <= 3682))

table 6 : explain SELECT DISTINCT c FROM sbtest6 WHERE id BETWEEN 6343179 AND 6344178 ORDER BY c
	Unique  (cost=3564.08..3568.62 rows=907 width=121)
	  ->  Sort  (cost=3564.08..3566.35 rows=907 width=121)
	        Sort Key: c
	        ->  Bitmap Heap Scan on sbtest6  (cost=25.73..3519.52 rows=907 width=121)
	              Recheck Cond: ((id >= 6343179) AND (id <= 6344178))
	              ->  Bitmap Index Scan on sbtest6_pkey  (cost=0.00..25.50 rows=907 width=0)
	                    Index Cond: ((id >= 6343179) AND (id <= 6344178))

table 7 : explain SELECT DISTINCT c FROM sbtest7 WHERE id BETWEEN 1672307 AND 1673306 ORDER BY c
	Unique  (cost=3870.33..3875.25 rows=985 width=121)
	  ->  Sort  (cost=3870.33..3872.79 rows=985 width=121)
	        Sort Key: c
	        ->  Bitmap Heap Scan on sbtest7  (cost=30.53..3821.35 rows=985 width=121)
	              Recheck Cond: ((id >= 1672307) AND (id <= 1673306))
	              ->  Bitmap Index Scan on sbtest7_pkey  (cost=0.00..30.29 rows=985 width=0)
	                    Index Cond: ((id >= 1672307) AND (id <= 1673306))

table 8 : explain SELECT DISTINCT c FROM sbtest8 WHERE id BETWEEN 1538987 AND 1539986 ORDER BY c
	Unique  (cost=4040.30..4045.45 rows=1030 width=121)
	  ->  Sort  (cost=4040.30..4042.87 rows=1030 width=121)
	        Sort Key: c
	        ->  Bitmap Heap Scan on sbtest8  (cost=30.99..3988.76 rows=1030 width=121)
	              Recheck Cond: ((id >= 1538987) AND (id <= 1539986))
	              ->  Bitmap Index Scan on sbtest8_pkey  (cost=0.00..30.73 rows=1030 width=0)
	                    Index Cond: ((id >= 1538987) AND (id <= 1539986))

for: simple_ranges
table 1 : explain SELECT c FROM sbtest1 WHERE id BETWEEN 9389956 AND 9390955
	Bitmap Heap Scan on sbtest1  (cost=30.25..3712.84 rows=958 width=121)
	  Recheck Cond: ((id >= 9389956) AND (id <= 9390955))
	  ->  Bitmap Index Scan on sbtest1_pkey  (cost=0.00..30.01 rows=958 width=0)
	        Index Cond: ((id >= 9389956) AND (id <= 9390955))

table 2 : explain SELECT c FROM sbtest2 WHERE id BETWEEN 4056869 AND 4057868
	Bitmap Heap Scan on sbtest2  (cost=30.94..3966.96 rows=1025 width=121)
	  Recheck Cond: ((id >= 4056869) AND (id <= 4057868))
	  ->  Bitmap Index Scan on sbtest2_pkey  (cost=0.00..30.68 rows=1025 width=0)
	        Index Cond: ((id >= 4056869) AND (id <= 4057868))

table 3 : explain SELECT c FROM sbtest3 WHERE id BETWEEN 3155583 AND 3156582
	Bitmap Heap Scan on sbtest3  (cost=31.76..4268.69 rows=1105 width=121)
	  Recheck Cond: ((id >= 3155583) AND (id <= 3156582))
	  ->  Bitmap Index Scan on sbtest3_pkey  (cost=0.00..31.48 rows=1105 width=0)
	        Index Cond: ((id >= 3155583) AND (id <= 3156582))

table 4 : explain SELECT c FROM sbtest4 WHERE id BETWEEN 5889202 AND 5890201
	Bitmap Heap Scan on sbtest4  (cost=30.96..3975.02 rows=1027 width=121)
	  Recheck Cond: ((id >= 5889202) AND (id <= 5890201))
	  ->  Bitmap Index Scan on sbtest4_pkey  (cost=0.00..30.70 rows=1027 width=0)
	        Index Cond: ((id >= 5889202) AND (id <= 5890201))

table 5 : explain SELECT c FROM sbtest5 WHERE id BETWEEN 6757402 AND 6758401
	Bitmap Heap Scan on sbtest5  (cost=30.62..3855.33 rows=994 width=121)
	  Recheck Cond: ((id >= 6757402) AND (id <= 6758401))
	  ->  Bitmap Index Scan on sbtest5_pkey  (cost=0.00..30.37 rows=994 width=0)
	        Index Cond: ((id >= 6757402) AND (id <= 6758401))

table 6 : explain SELECT c FROM sbtest6 WHERE id BETWEEN 332335 AND 333334
	Bitmap Heap Scan on sbtest6  (cost=36.10..4398.99 rows=1138 width=121)
	  Recheck Cond: ((id >= 332335) AND (id <= 333334))
	  ->  Bitmap Index Scan on sbtest6_pkey  (cost=0.00..35.82 rows=1138 width=0)
	        Index Cond: ((id >= 332335) AND (id <= 333334))

table 7 : explain SELECT c FROM sbtest7 WHERE id BETWEEN 5646710 AND 5647709
	Bitmap Heap Scan on sbtest7  (cost=35.89..4327.21 rows=1118 width=121)
	  Recheck Cond: ((id >= 5646710) AND (id <= 5647709))
	  ->  Bitmap Index Scan on sbtest7_pkey  (cost=0.00..35.62 rows=1118 width=0)
	        Index Cond: ((id >= 5646710) AND (id <= 5647709))

table 8 : explain SELECT c FROM sbtest8 WHERE id BETWEEN 2763882 AND 2764881
	Bitmap Heap Scan on sbtest8  (cost=30.66..3867.99 rows=998 width=121)
	  Recheck Cond: ((id >= 2763882) AND (id <= 2764881))
	  ->  Bitmap Index Scan on sbtest8_pkey  (cost=0.00..30.41 rows=998 width=0)
	        Index Cond: ((id >= 2763882) AND (id <= 2764881))

for: simple_ranges
table 1 : explain SELECT c FROM sbtest1 WHERE id BETWEEN 2648557 AND 2649556
	Bitmap Heap Scan on sbtest1  (cost=29.99..3614.66 rows=932 width=121)
	  Recheck Cond: ((id >= 2648557) AND (id <= 2649556))
	  ->  Bitmap Index Scan on sbtest1_pkey  (cost=0.00..29.75 rows=932 width=0)
	        Index Cond: ((id >= 2648557) AND (id <= 2649556))

table 2 : explain SELECT c FROM sbtest2 WHERE id BETWEEN 5651782 AND 5652781
	Bitmap Heap Scan on sbtest2  (cost=30.58..3834.99 rows=990 width=121)
	  Recheck Cond: ((id >= 5651782) AND (id <= 5652781))
	  ->  Bitmap Index Scan on sbtest2_pkey  (cost=0.00..30.33 rows=990 width=0)
	        Index Cond: ((id >= 5651782) AND (id <= 5652781))

table 3 : explain SELECT c FROM sbtest3 WHERE id BETWEEN 2623094 AND 2624093
	Bitmap Heap Scan on sbtest3  (cost=30.35..3748.72 rows=967 width=121)
	  Recheck Cond: ((id >= 2623094) AND (id <= 2624093))
	  ->  Bitmap Index Scan on sbtest3_pkey  (cost=0.00..30.11 rows=967 width=0)
	        Index Cond: ((id >= 2623094) AND (id <= 2624093))

table 4 : explain SELECT c FROM sbtest4 WHERE id BETWEEN 6193855 AND 6194854
	Bitmap Heap Scan on sbtest4  (cost=31.76..4268.62 rows=1105 width=121)
	  Recheck Cond: ((id >= 6193855) AND (id <= 6194854))
	  ->  Bitmap Index Scan on sbtest4_pkey  (cost=0.00..31.48 rows=1105 width=0)
	        Index Cond: ((id >= 6193855) AND (id <= 6194854))

table 5 : explain SELECT c FROM sbtest5 WHERE id BETWEEN 8413641 AND 8414640
	Bitmap Heap Scan on sbtest5  (cost=30.81..3923.35 rows=1012 width=121)
	  Recheck Cond: ((id >= 8413641) AND (id <= 8414640))
	  ->  Bitmap Index Scan on sbtest5_pkey  (cost=0.00..30.55 rows=1012 width=0)
	        Index Cond: ((id >= 8413641) AND (id <= 8414640))

table 6 : explain SELECT c FROM sbtest6 WHERE id BETWEEN 2454216 AND 2455215
	Bitmap Heap Scan on sbtest6  (cost=25.48..3424.80 rows=882 width=121)
	  Recheck Cond: ((id >= 2454216) AND (id <= 2455215))
	  ->  Bitmap Index Scan on sbtest6_pkey  (cost=0.00..25.25 rows=882 width=0)
	        Index Cond: ((id >= 2454216) AND (id <= 2455215))

table 7 : explain SELECT c FROM sbtest7 WHERE id BETWEEN 4795759 AND 4796758
	Bitmap Heap Scan on sbtest7  (cost=31.21..4070.66 rows=1051 width=121)
	  Recheck Cond: ((id >= 4795759) AND (id <= 4796758))
	  ->  Bitmap Index Scan on sbtest7_pkey  (cost=0.00..30.94 rows=1051 width=0)
	        Index Cond: ((id >= 4795759) AND (id <= 4796758))

table 8 : explain SELECT c FROM sbtest8 WHERE id BETWEEN 4430421 AND 4431420
	Bitmap Heap Scan on sbtest8  (cost=30.24..3713.06 rows=957 width=121)
	  Recheck Cond: ((id >= 4430421) AND (id <= 4431420))
	  ->  Bitmap Index Scan on sbtest8_pkey  (cost=0.00..30.00 rows=957 width=0)
	        Index Cond: ((id >= 4430421) AND (id <= 4431420))

explain: for point_selects :: explain SELECT c FROM sbtest%u WHERE id=%u
for point_selects
table 1 : explain SELECT c FROM sbtest1 WHERE id=434231
	Index Scan using sbtest1_pkey on sbtest1  (cost=0.43..8.45 rows=1 width=121)
	  Index Cond: (id = 434231)

table 2 : explain SELECT c FROM sbtest2 WHERE id=9865409
	Index Scan using sbtest2_pkey on sbtest2  (cost=0.43..8.45 rows=1 width=121)
	  Index Cond: (id = 9865409)

table 3 : explain SELECT c FROM sbtest3 WHERE id=5905874
	Index Scan using sbtest3_pkey on sbtest3  (cost=0.43..8.45 rows=1 width=121)
	  Index Cond: (id = 5905874)

table 4 : explain SELECT c FROM sbtest4 WHERE id=7396486
	Index Scan using sbtest4_pkey on sbtest4  (cost=0.43..8.45 rows=1 width=121)
	  Index Cond: (id = 7396486)

table 5 : explain SELECT c FROM sbtest5 WHERE id=4118495
	Index Scan using sbtest5_pkey on sbtest5  (cost=0.43..8.45 rows=1 width=121)
	  Index Cond: (id = 4118495)

table 6 : explain SELECT c FROM sbtest6 WHERE id=2556733
	Index Scan using sbtest6_pkey on sbtest6  (cost=0.43..8.45 rows=1 width=121)
	  Index Cond: (id = 2556733)

table 7 : explain SELECT c FROM sbtest7 WHERE id=5515058
	Index Scan using sbtest7_pkey on sbtest7  (cost=0.43..8.45 rows=1 width=121)
	  Index Cond: (id = 5515058)

table 8 : explain SELECT c FROM sbtest8 WHERE id=5328480
	Index Scan using sbtest8_pkey on sbtest8  (cost=0.43..8.45 rows=1 width=121)
	  Index Cond: (id = 5328480)

for: sum_ranges
table 1 : explain SELECT SUM(k) FROM sbtest1 WHERE id BETWEEN 6145860 AND 6146859
	Aggregate  (cost=3975.57..3975.58 rows=1 width=8)
	  ->  Bitmap Heap Scan on sbtest1  (cost=30.96..3973.00 rows=1027 width=4)
	        Recheck Cond: ((id >= 6145860) AND (id <= 6146859))
	        ->  Bitmap Index Scan on sbtest1_pkey  (cost=0.00..30.70 rows=1027 width=0)
	              Index Cond: ((id >= 6145860) AND (id <= 6146859))

table 2 : explain SELECT SUM(k) FROM sbtest2 WHERE id BETWEEN 7808258 AND 7809257
	Aggregate  (cost=3894.08..3894.09 rows=1 width=8)
	  ->  Bitmap Heap Scan on sbtest2  (cost=30.74..3891.57 rows=1005 width=4)
	        Recheck Cond: ((id >= 7808258) AND (id <= 7809257))
	        ->  Bitmap Index Scan on sbtest2_pkey  (cost=0.00..30.48 rows=1005 width=0)
	              Index Cond: ((id >= 7808258) AND (id <= 7809257))

table 3 : explain SELECT SUM(k) FROM sbtest3 WHERE id BETWEEN 7715406 AND 7716405
	Aggregate  (cost=4030.44..4030.45 rows=1 width=8)
	  ->  Bitmap Heap Scan on sbtest3  (cost=31.11..4027.84 rows=1041 width=4)
	        Recheck Cond: ((id >= 7715406) AND (id <= 7716405))
	        ->  Bitmap Index Scan on sbtest3_pkey  (cost=0.00..30.84 rows=1041 width=0)
	              Index Cond: ((id >= 7715406) AND (id <= 7716405))

table 4 : explain SELECT SUM(k) FROM sbtest4 WHERE id BETWEEN 322193 AND 323192
	Aggregate  (cost=4075.60..4075.61 rows=1 width=8)
	  ->  Bitmap Heap Scan on sbtest4  (cost=31.23..4072.97 rows=1053 width=4)
	        Recheck Cond: ((id >= 322193) AND (id <= 323192))
	        ->  Bitmap Index Scan on sbtest4_pkey  (cost=0.00..30.96 rows=1053 width=0)
	              Index Cond: ((id >= 322193) AND (id <= 323192))

table 5 : explain SELECT SUM(k) FROM sbtest5 WHERE id BETWEEN 5744243 AND 5745242
	Aggregate  (cost=3539.62..3539.63 rows=1 width=8)
	  ->  Bitmap Heap Scan on sbtest5  (cost=29.76..3537.35 rows=910 width=4)
	        Recheck Cond: ((id >= 5744243) AND (id <= 5745242))
	        ->  Bitmap Index Scan on sbtest5_pkey  (cost=0.00..29.54 rows=910 width=0)
	              Index Cond: ((id >= 5744243) AND (id <= 5745242))

table 6 : explain SELECT SUM(k) FROM sbtest6 WHERE id BETWEEN 8572578 AND 8573577
	Aggregate  (cost=4040.00..4040.01 rows=1 width=8)
	  ->  Bitmap Heap Scan on sbtest6  (cost=31.13..4037.39 rows=1043 width=4)
	        Recheck Cond: ((id >= 8572578) AND (id <= 8573577))
	        ->  Bitmap Index Scan on sbtest6_pkey  (cost=0.00..30.86 rows=1043 width=0)
	              Index Cond: ((id >= 8572578) AND (id <= 8573577))

table 7 : explain SELECT SUM(k) FROM sbtest7 WHERE id BETWEEN 8315687 AND 8316686
	Aggregate  (cost=3600.35..3600.36 rows=1 width=8)
	  ->  Bitmap Heap Scan on sbtest7  (cost=29.93..3598.03 rows=926 width=4)
	        Recheck Cond: ((id >= 8315687) AND (id <= 8316686))
	        ->  Bitmap Index Scan on sbtest7_pkey  (cost=0.00..29.69 rows=926 width=0)
	              Index Cond: ((id >= 8315687) AND (id <= 8316686))

table 8 : explain SELECT SUM(k) FROM sbtest8 WHERE id BETWEEN 212293 AND 213292
	Aggregate  (cost=3866.70..3866.71 rows=1 width=8)
	  ->  Bitmap Heap Scan on sbtest8  (cost=30.65..3864.21 rows=997 width=4)
	        Recheck Cond: ((id >= 212293) AND (id <= 213292))
	        ->  Bitmap Index Scan on sbtest8_pkey  (cost=0.00..30.40 rows=997 width=0)
	              Index Cond: ((id >= 212293) AND (id <= 213292))

for: simple_ranges
table 1 : explain SELECT c FROM sbtest1 WHERE id BETWEEN 1483712 AND 1484711
	Bitmap Heap Scan on sbtest1  (cost=30.56..3826.03 rows=988 width=121)
	  Recheck Cond: ((id >= 1483712) AND (id <= 1484711))
	  ->  Bitmap Index Scan on sbtest1_pkey  (cost=0.00..30.32 rows=988 width=0)
	        Index Cond: ((id >= 1483712) AND (id <= 1484711))

table 2 : explain SELECT c FROM sbtest2 WHERE id BETWEEN 7568274 AND 7569273
	Bitmap Heap Scan on sbtest2  (cost=30.13..3668.87 rows=946 width=121)
	  Recheck Cond: ((id >= 7568274) AND (id <= 7569273))
	  ->  Bitmap Index Scan on sbtest2_pkey  (cost=0.00..29.89 rows=946 width=0)
	        Index Cond: ((id >= 7568274) AND (id <= 7569273))

table 3 : explain SELECT c FROM sbtest3 WHERE id BETWEEN 8581477 AND 8582476
	Bitmap Heap Scan on sbtest3  (cost=26.01..3620.02 rows=934 width=121)
	  Recheck Cond: ((id >= 8581477) AND (id <= 8582476))
	  ->  Bitmap Index Scan on sbtest3_pkey  (cost=0.00..25.77 rows=934 width=0)
	        Index Cond: ((id >= 8581477) AND (id <= 8582476))

table 4 : explain SELECT c FROM sbtest4 WHERE id BETWEEN 2171598 AND 2172597
	Bitmap Heap Scan on sbtest4  (cost=30.53..3816.62 rows=985 width=121)
	  Recheck Cond: ((id >= 2171598) AND (id <= 2172597))
	  ->  Bitmap Index Scan on sbtest4_pkey  (cost=0.00..30.29 rows=985 width=0)
	        Index Cond: ((id >= 2171598) AND (id <= 2172597))

table 5 : explain SELECT c FROM sbtest5 WHERE id BETWEEN 4054576 AND 4055575
	Bitmap Heap Scan on sbtest5  (cost=30.47..3798.61 rows=979 width=121)
	  Recheck Cond: ((id >= 4054576) AND (id <= 4055575))
	  ->  Bitmap Index Scan on sbtest5_pkey  (cost=0.00..30.22 rows=979 width=0)
	        Index Cond: ((id >= 4054576) AND (id <= 4055575))

table 6 : explain SELECT c FROM sbtest6 WHERE id BETWEEN 917016 AND 918015
	Bitmap Heap Scan on sbtest6  (cost=31.55..4191.85 rows=1084 width=121)
	  Recheck Cond: ((id >= 917016) AND (id <= 918015))
	  ->  Bitmap Index Scan on sbtest6_pkey  (cost=0.00..31.27 rows=1084 width=0)
	        Index Cond: ((id >= 917016) AND (id <= 918015))

table 7 : explain SELECT c FROM sbtest7 WHERE id BETWEEN 3051914 AND 3052913
	Bitmap Heap Scan on sbtest7  (cost=30.27..3726.78 rows=960 width=121)
	  Recheck Cond: ((id >= 3051914) AND (id <= 3052913))
	  ->  Bitmap Index Scan on sbtest7_pkey  (cost=0.00..30.04 rows=960 width=0)
	        Index Cond: ((id >= 3051914) AND (id <= 3052913))

table 8 : explain SELECT c FROM sbtest8 WHERE id BETWEEN 5824854 AND 5825853
	Bitmap Heap Scan on sbtest8  (cost=31.45..4158.37 rows=1075 width=121)
	  Recheck Cond: ((id >= 5824854) AND (id <= 5825853))
	  ->  Bitmap Index Scan on sbtest8_pkey  (cost=0.00..31.18 rows=1075 width=0)
	        Index Cond: ((id >= 5824854) AND (id <= 5825853))

for: sum_ranges
table 1 : explain SELECT SUM(k) FROM sbtest1 WHERE id BETWEEN 4132931 AND 4133930
	Aggregate  (cost=4017.01..4017.02 rows=1 width=8)
	  ->  Bitmap Heap Scan on sbtest1  (cost=31.07..4014.42 rows=1038 width=4)
	        Recheck Cond: ((id >= 4132931) AND (id <= 4133930))
	        ->  Bitmap Index Scan on sbtest1_pkey  (cost=0.00..30.82 rows=1038 width=0)
	              Index Cond: ((id >= 4132931) AND (id <= 4133930))

table 2 : explain SELECT SUM(k) FROM sbtest2 WHERE id BETWEEN 2744604 AND 2745603
	Aggregate  (cost=3950.67..3950.68 rows=1 width=8)
	  ->  Bitmap Heap Scan on sbtest2  (cost=30.89..3948.12 rows=1020 width=4)
	        Recheck Cond: ((id >= 2744604) AND (id <= 2745603))
	        ->  Bitmap Index Scan on sbtest2_pkey  (cost=0.00..30.64 rows=1020 width=0)
	              Index Cond: ((id >= 2744604) AND (id <= 2745603))

table 3 : explain SELECT SUM(k) FROM sbtest3 WHERE id BETWEEN 9918272 AND 9919271
	Aggregate  (cost=3800.25..3800.26 rows=1 width=8)
	  ->  Bitmap Heap Scan on sbtest3  (cost=30.48..3797.80 rows=980 width=4)
	        Recheck Cond: ((id >= 9918272) AND (id <= 9919271))
	        ->  Bitmap Index Scan on sbtest3_pkey  (cost=0.00..30.23 rows=980 width=0)
	              Index Cond: ((id >= 9918272) AND (id <= 9919271))

table 4 : explain SELECT SUM(k) FROM sbtest4 WHERE id BETWEEN 2155684 AND 2156683
	Aggregate  (cost=3819.08..3819.09 rows=1 width=8)
	  ->  Bitmap Heap Scan on sbtest4  (cost=30.53..3816.62 rows=985 width=4)
	        Recheck Cond: ((id >= 2155684) AND (id <= 2156683))
	        ->  Bitmap Index Scan on sbtest4_pkey  (cost=0.00..30.29 rows=985 width=0)
	              Index Cond: ((id >= 2155684) AND (id <= 2156683))

table 5 : explain SELECT SUM(k) FROM sbtest5 WHERE id BETWEEN 3556938 AND 3557937
	Aggregate  (cost=4273.18..4273.19 rows=1 width=8)
	  ->  Bitmap Heap Scan on sbtest5  (cost=31.75..4270.42 rows=1104 width=4)
	        Recheck Cond: ((id >= 3556938) AND (id <= 3557937))
	        ->  Bitmap Index Scan on sbtest5_pkey  (cost=0.00..31.47 rows=1104 width=0)
	              Index Cond: ((id >= 3556938) AND (id <= 3557937))

table 6 : explain SELECT SUM(k) FROM sbtest6 WHERE id BETWEEN 2563434 AND 2564433
	Aggregate  (cost=4398.07..4398.08 rows=1 width=8)
	  ->  Bitmap Heap Scan on sbtest6  (cost=36.09..4395.23 rows=1137 width=4)
	        Recheck Cond: ((id >= 2563434) AND (id <= 2564433))
	        ->  Bitmap Index Scan on sbtest6_pkey  (cost=0.00..35.81 rows=1137 width=0)
	              Index Cond: ((id >= 2563434) AND (id <= 2564433))

table 7 : explain SELECT SUM(k) FROM sbtest7 WHERE id BETWEEN 9571981 AND 9572980
	Aggregate  (cost=3944.84..3944.85 rows=1 width=8)
	  ->  Bitmap Heap Scan on sbtest7  (cost=30.86..3942.30 rows=1017 width=4)
	        Recheck Cond: ((id >= 9571981) AND (id <= 9572980))
	        ->  Bitmap Index Scan on sbtest7_pkey  (cost=0.00..30.61 rows=1017 width=0)
	              Index Cond: ((id >= 9571981) AND (id <= 9572980))

table 8 : explain SELECT SUM(k) FROM sbtest8 WHERE id BETWEEN 3569243 AND 3570242
	Aggregate  (cost=3783.54..3783.55 rows=1 width=8)
	  ->  Bitmap Heap Scan on sbtest8  (cost=30.43..3781.10 rows=975 width=4)
	        Recheck Cond: ((id >= 3569243) AND (id <= 3570242))
	        ->  Bitmap Index Scan on sbtest8_pkey  (cost=0.00..30.18 rows=975 width=0)
	              Index Cond: ((id >= 3569243) AND (id <= 3570242))

for: sum_ranges
table 1 : explain SELECT SUM(k) FROM sbtest1 WHERE id BETWEEN 8954079 AND 8955078
	Aggregate  (cost=3968.03..3968.04 rows=1 width=8)
	  ->  Bitmap Heap Scan on sbtest1  (cost=30.94..3965.47 rows=1025 width=4)
	        Recheck Cond: ((id >= 8954079) AND (id <= 8955078))
	        ->  Bitmap Index Scan on sbtest1_pkey  (cost=0.00..30.68 rows=1025 width=0)
	              Index Cond: ((id >= 8954079) AND (id <= 8955078))

table 2 : explain SELECT SUM(k) FROM sbtest2 WHERE id BETWEEN 8879780 AND 8880779
	Aggregate  (cost=3995.92..3995.93 rows=1 width=8)
	  ->  Bitmap Heap Scan on sbtest2  (cost=31.01..3993.34 rows=1032 width=4)
	        Recheck Cond: ((id >= 8879780) AND (id <= 8880779))
	        ->  Bitmap Index Scan on sbtest2_pkey  (cost=0.00..30.75 rows=1032 width=0)
	              Index Cond: ((id >= 8879780) AND (id <= 8880779))

table 3 : explain SELECT SUM(k) FROM sbtest3 WHERE id BETWEEN 8033208 AND 8034207
	Aggregate  (cost=4056.82..4056.83 rows=1 width=8)
	  ->  Bitmap Heap Scan on sbtest3  (cost=31.18..4054.20 rows=1048 width=4)
	        Recheck Cond: ((id >= 8033208) AND (id <= 8034207))
	        ->  Bitmap Index Scan on sbtest3_pkey  (cost=0.00..30.91 rows=1048 width=0)
	              Index Cond: ((id >= 8033208) AND (id <= 8034207))

table 4 : explain SELECT SUM(k) FROM sbtest4 WHERE id BETWEEN 2616822 AND 2617821
	Aggregate  (cost=3667.69..3667.70 rows=1 width=8)
	  ->  Bitmap Heap Scan on sbtest4  (cost=26.13..3665.33 rows=946 width=4)
	        Recheck Cond: ((id >= 2616822) AND (id <= 2617821))
	        ->  Bitmap Index Scan on sbtest4_pkey  (cost=0.00..25.89 rows=946 width=0)
	              Index Cond: ((id >= 2616822) AND (id <= 2617821))

table 5 : explain SELECT SUM(k) FROM sbtest5 WHERE id BETWEEN 1598663 AND 1599662
	Aggregate  (cost=3804.84..3804.85 rows=1 width=8)
	  ->  Bitmap Heap Scan on sbtest5  (cost=30.48..3802.39 rows=980 width=4)
	        Recheck Cond: ((id >= 1598663) AND (id <= 1599662))
	        ->  Bitmap Index Scan on sbtest5_pkey  (cost=0.00..30.23 rows=980 width=0)
	              Index Cond: ((id >= 1598663) AND (id <= 1599662))

table 6 : explain SELECT SUM(k) FROM sbtest6 WHERE id BETWEEN 2908502 AND 2909501
	Aggregate  (cost=3745.37..3745.38 rows=1 width=8)
	  ->  Bitmap Heap Scan on sbtest6  (cost=30.33..3742.96 rows=965 width=4)
	        Recheck Cond: ((id >= 2908502) AND (id <= 2909501))
	        ->  Bitmap Index Scan on sbtest6_pkey  (cost=0.00..30.08 rows=965 width=0)
	              Index Cond: ((id >= 2908502) AND (id <= 2909501))

table 7 : explain SELECT SUM(k) FROM sbtest7 WHERE id BETWEEN 9302073 AND 9303072
	Aggregate  (cost=3820.03..3820.04 rows=1 width=8)
	  ->  Bitmap Heap Scan on sbtest7  (cost=30.52..3817.57 rows=984 width=4)
	        Recheck Cond: ((id >= 9302073) AND (id <= 9303072))
	        ->  Bitmap Index Scan on sbtest7_pkey  (cost=0.00..30.27 rows=984 width=0)
	              Index Cond: ((id >= 9302073) AND (id <= 9303072))

table 8 : explain SELECT SUM(k) FROM sbtest8 WHERE id BETWEEN 3838891 AND 3839890
	Aggregate  (cost=3851.59..3851.60 rows=1 width=8)
	  ->  Bitmap Heap Scan on sbtest8  (cost=30.61..3849.10 rows=993 width=4)
	        Recheck Cond: ((id >= 3838891) AND (id <= 3839890))
	        ->  Bitmap Index Scan on sbtest8_pkey  (cost=0.00..30.36 rows=993 width=0)
	              Index Cond: ((id >= 3838891) AND (id <= 3839890))

for: distinct_ranges
table 1 : explain SELECT DISTINCT c FROM sbtest1 WHERE id BETWEEN 1235230 AND 1236229 ORDER BY c
	Unique  (cost=3794.76..3799.60 rows=967 width=121)
	  ->  Sort  (cost=3794.76..3797.18 rows=967 width=121)
	        Sort Key: c
	        ->  Bitmap Heap Scan on sbtest1  (cost=30.35..3746.81 rows=967 width=121)
	              Recheck Cond: ((id >= 1235230) AND (id <= 1236229))
	              ->  Bitmap Index Scan on sbtest1_pkey  (cost=0.00..30.11 rows=967 width=0)
	                    Index Cond: ((id >= 1235230) AND (id <= 1236229))

table 2 : explain SELECT DISTINCT c FROM sbtest2 WHERE id BETWEEN 1065997 AND 1066996 ORDER BY c
	Unique  (cost=3561.96..3566.50 rows=907 width=121)
	  ->  Sort  (cost=3561.96..3564.23 rows=907 width=121)
	        Sort Key: c
	        ->  Bitmap Heap Scan on sbtest2  (cost=25.73..3517.40 rows=907 width=121)
	              Recheck Cond: ((id >= 1065997) AND (id <= 1066996))
	              ->  Bitmap Index Scan on sbtest2_pkey  (cost=0.00..25.50 rows=907 width=0)
	                    Index Cond: ((id >= 1065997) AND (id <= 1066996))

table 3 : explain SELECT DISTINCT c FROM sbtest3 WHERE id BETWEEN 1796419 AND 1797418 ORDER BY c
	Unique  (cost=3846.49..3851.39 rows=980 width=121)
	  ->  Sort  (cost=3846.49..3848.94 rows=980 width=121)
	        Sort Key: c
	        ->  Bitmap Heap Scan on sbtest3  (cost=30.48..3797.80 rows=980 width=121)
	              Recheck Cond: ((id >= 1796419) AND (id <= 1797418))
	              ->  Bitmap Index Scan on sbtest3_pkey  (cost=0.00..30.23 rows=980 width=0)
	                    Index Cond: ((id >= 1796419) AND (id <= 1797418))

table 4 : explain SELECT DISTINCT c FROM sbtest4 WHERE id BETWEEN 2468878 AND 2469877 ORDER BY c
	Unique  (cost=4351.19..4356.75 rows=1112 width=121)
	  ->  Sort  (cost=4351.19..4353.97 rows=1112 width=121)
	        Sort Key: c
	        ->  Bitmap Heap Scan on sbtest4  (cost=31.83..4294.93 rows=1112 width=121)
	              Recheck Cond: ((id >= 2468878) AND (id <= 2469877))
	              ->  Bitmap Index Scan on sbtest4_pkey  (cost=0.00..31.55 rows=1112 width=0)
	                    Index Cond: ((id >= 2468878) AND (id <= 2469877))

table 5 : explain SELECT DISTINCT c FROM sbtest5 WHERE id BETWEEN 8313175 AND 8314174 ORDER BY c
	Unique  (cost=4123.35..4128.60 rows=1051 width=121)
	  ->  Sort  (cost=4123.35..4125.97 rows=1051 width=121)
	        Sort Key: c
	        ->  Bitmap Heap Scan on sbtest5  (cost=31.21..4070.60 rows=1051 width=121)
	              Recheck Cond: ((id >= 8313175) AND (id <= 8314174))
	              ->  Bitmap Index Scan on sbtest5_pkey  (cost=0.00..30.94 rows=1051 width=0)
	                    Index Cond: ((id >= 8313175) AND (id <= 8314174))

table 6 : explain SELECT DISTINCT c FROM sbtest6 WHERE id BETWEEN 871542 AND 872541 ORDER BY c
	Unique  (cost=3970.98..3976.04 rows=1012 width=121)
	  ->  Sort  (cost=3970.98..3973.51 rows=1012 width=121)
	        Sort Key: c
	        ->  Bitmap Heap Scan on sbtest6  (cost=30.81..3920.46 rows=1012 width=121)
	              Recheck Cond: ((id >= 871542) AND (id <= 872541))
	              ->  Bitmap Index Scan on sbtest6_pkey  (cost=0.00..30.55 rows=1012 width=0)
	                    Index Cond: ((id >= 871542) AND (id <= 872541))

table 7 : explain SELECT DISTINCT c FROM sbtest7 WHERE id BETWEEN 736112 AND 737111 ORDER BY c
	Unique  (cost=4042.94..4048.09 rows=1030 width=121)
	  ->  Sort  (cost=4042.94..4045.51 rows=1030 width=121)
	        Sort Key: c
	        ->  Bitmap Heap Scan on sbtest7  (cost=30.99..3991.39 rows=1030 width=121)
	              Recheck Cond: ((id >= 736112) AND (id <= 737111))
	              ->  Bitmap Index Scan on sbtest7_pkey  (cost=0.00..30.73 rows=1030 width=0)
	                    Index Cond: ((id >= 736112) AND (id <= 737111))

table 8 : explain SELECT DISTINCT c FROM sbtest8 WHERE id BETWEEN 801602 AND 802601 ORDER BY c
	Unique  (cost=4254.56..4259.99 rows=1086 width=121)
	  ->  Sort  (cost=4254.56..4257.28 rows=1086 width=121)
	        Sort Key: c
	        ->  Bitmap Heap Scan on sbtest8  (cost=31.57..4199.80 rows=1086 width=121)
	              Recheck Cond: ((id >= 801602) AND (id <= 802601))
	              ->  Bitmap Index Scan on sbtest8_pkey  (cost=0.00..31.29 rows=1086 width=0)
	                    Index Cond: ((id >= 801602) AND (id <= 802601))

for: sum_ranges
table 1 : explain SELECT SUM(k) FROM sbtest1 WHERE id BETWEEN 5091377 AND 5092376
	Aggregate  (cost=3779.44..3779.45 rows=1 width=8)
	  ->  Bitmap Heap Scan on sbtest1  (cost=30.43..3777.00 rows=975 width=4)
	        Recheck Cond: ((id >= 5091377) AND (id <= 5092376))
	        ->  Bitmap Index Scan on sbtest1_pkey  (cost=0.00..30.18 rows=975 width=0)
	              Index Cond: ((id >= 5091377) AND (id <= 5092376))

table 2 : explain SELECT SUM(k) FROM sbtest2 WHERE id BETWEEN 4329328 AND 4330327
	Aggregate  (cost=3878.99..3879.00 rows=1 width=8)
	  ->  Bitmap Heap Scan on sbtest2  (cost=30.70..3876.49 rows=1001 width=4)
	        Recheck Cond: ((id >= 4329328) AND (id <= 4330327))
	        ->  Bitmap Index Scan on sbtest2_pkey  (cost=0.00..30.44 rows=1001 width=0)
	              Index Cond: ((id >= 4329328) AND (id <= 4330327))

table 3 : explain SELECT SUM(k) FROM sbtest3 WHERE id BETWEEN 3733635 AND 3734634
	Aggregate  (cost=4188.66..4188.67 rows=1 width=8)
	  ->  Bitmap Heap Scan on sbtest3  (cost=31.54..4185.95 rows=1083 width=4)
	        Recheck Cond: ((id >= 3733635) AND (id <= 3734634))
	        ->  Bitmap Index Scan on sbtest3_pkey  (cost=0.00..31.26 rows=1083 width=0)
	              Index Cond: ((id >= 3733635) AND (id <= 3734634))

table 4 : explain SELECT SUM(k) FROM sbtest4 WHERE id BETWEEN 491047 AND 492046
	Aggregate  (cost=3607.17..3607.18 rows=1 width=8)
	  ->  Bitmap Heap Scan on sbtest4  (cost=25.97..3604.84 rows=930 width=4)
	        Recheck Cond: ((id >= 491047) AND (id <= 492046))
	        ->  Bitmap Index Scan on sbtest4_pkey  (cost=0.00..25.73 rows=930 width=0)
	              Index Cond: ((id >= 491047) AND (id <= 492046))

table 5 : explain SELECT SUM(k) FROM sbtest5 WHERE id BETWEEN 2793736 AND 2794735
	Aggregate  (cost=3906.98..3906.99 rows=1 width=8)
	  ->  Bitmap Heap Scan on sbtest5  (cost=30.76..3904.46 rows=1007 width=4)
	        Recheck Cond: ((id >= 2793736) AND (id <= 2794735))
	        ->  Bitmap Index Scan on sbtest5_pkey  (cost=0.00..30.50 rows=1007 width=0)
	              Index Cond: ((id >= 2793736) AND (id <= 2794735))

table 6 : explain SELECT SUM(k) FROM sbtest6 WHERE id BETWEEN 1232720 AND 1233719
	Aggregate  (cost=4021.13..4021.14 rows=1 width=8)
	  ->  Bitmap Heap Scan on sbtest6  (cost=31.07..4018.54 rows=1038 width=4)
	        Recheck Cond: ((id >= 1232720) AND (id <= 1233719))
	        ->  Bitmap Index Scan on sbtest6_pkey  (cost=0.00..30.82 rows=1038 width=0)
	              Index Cond: ((id >= 1232720) AND (id <= 1233719))

table 7 : explain SELECT SUM(k) FROM sbtest7 WHERE id BETWEEN 9981785 AND 9982784
	Aggregate  (cost=3687.51..3687.52 rows=1 width=8)
	  ->  Bitmap Heap Scan on sbtest7  (cost=30.16..3685.14 rows=949 width=4)
	        Recheck Cond: ((id >= 9981785) AND (id <= 9982784))
	        ->  Bitmap Index Scan on sbtest7_pkey  (cost=0.00..29.93 rows=949 width=0)
	              Index Cond: ((id >= 9981785) AND (id <= 9982784))

table 8 : explain SELECT SUM(k) FROM sbtest8 WHERE id BETWEEN 8118049 AND 8119048
	Aggregate  (cost=3968.68..3968.69 rows=1 width=8)
	  ->  Bitmap Heap Scan on sbtest8  (cost=30.93..3966.12 rows=1024 width=4)
	        Recheck Cond: ((id >= 8118049) AND (id <= 8119048))
	        ->  Bitmap Index Scan on sbtest8_pkey  (cost=0.00..30.68 rows=1024 width=0)
	              Index Cond: ((id >= 8118049) AND (id <= 8119048))

for: simple_ranges
table 1 : explain SELECT c FROM sbtest1 WHERE id BETWEEN 3344755 AND 3345754
	Bitmap Heap Scan on sbtest1  (cost=36.30..4465.55 rows=1158 width=121)
	  Recheck Cond: ((id >= 3344755) AND (id <= 3345754))
	  ->  Bitmap Index Scan on sbtest1_pkey  (cost=0.00..36.02 rows=1158 width=0)
	        Index Cond: ((id >= 3344755) AND (id <= 3345754))

table 2 : explain SELECT c FROM sbtest2 WHERE id BETWEEN 9567454 AND 9568453
	Bitmap Heap Scan on sbtest2  (cost=31.68..4237.97 rows=1097 width=121)
	  Recheck Cond: ((id >= 9567454) AND (id <= 9568453))
	  ->  Bitmap Index Scan on sbtest2_pkey  (cost=0.00..31.40 rows=1097 width=0)
	        Index Cond: ((id >= 9567454) AND (id <= 9568453))

table 3 : explain SELECT c FROM sbtest3 WHERE id BETWEEN 1222780 AND 1223779
	Bitmap Heap Scan on sbtest3  (cost=31.01..3993.93 rows=1032 width=121)
	  Recheck Cond: ((id >= 1222780) AND (id <= 1223779))
	  ->  Bitmap Index Scan on sbtest3_pkey  (cost=0.00..30.75 rows=1032 width=0)
	        Index Cond: ((id >= 1222780) AND (id <= 1223779))

table 4 : explain SELECT c FROM sbtest4 WHERE id BETWEEN 8338499 AND 8339498
	Bitmap Heap Scan on sbtest4  (cost=25.79..3540.54 rows=913 width=121)
	  Recheck Cond: ((id >= 8338499) AND (id <= 8339498))
	  ->  Bitmap Index Scan on sbtest4_pkey  (cost=0.00..25.57 rows=913 width=0)
	        Index Cond: ((id >= 8338499) AND (id <= 8339498))

table 5 : explain SELECT c FROM sbtest5 WHERE id BETWEEN 4186205 AND 4187204
	Bitmap Heap Scan on sbtest5  (cost=30.01..3628.29 rows=934 width=121)
	  Recheck Cond: ((id >= 4186205) AND (id <= 4187204))
	  ->  Bitmap Index Scan on sbtest5_pkey  (cost=0.00..29.77 rows=934 width=0)
	        Index Cond: ((id >= 4186205) AND (id <= 4187204))

table 6 : explain SELECT c FROM sbtest6 WHERE id BETWEEN 2300898 AND 2301897
	Bitmap Heap Scan on sbtest6  (cost=30.76..3901.59 rows=1007 width=121)
	  Recheck Cond: ((id >= 2300898) AND (id <= 2301897))
	  ->  Bitmap Index Scan on sbtest6_pkey  (cost=0.00..30.50 rows=1007 width=0)
	        Index Cond: ((id >= 2300898) AND (id <= 2301897))

table 7 : explain SELECT c FROM sbtest7 WHERE id BETWEEN 5825864 AND 5826863
	Bitmap Heap Scan on sbtest7  (cost=30.86..3942.30 rows=1017 width=121)
	  Recheck Cond: ((id >= 5825864) AND (id <= 5826863))
	  ->  Bitmap Index Scan on sbtest7_pkey  (cost=0.00..30.61 rows=1017 width=0)
	        Index Cond: ((id >= 5825864) AND (id <= 5826863))

table 8 : explain SELECT c FROM sbtest8 WHERE id BETWEEN 2987998 AND 2988997
	Bitmap Heap Scan on sbtest8  (cost=30.60..3845.33 rows=992 width=121)
	  Recheck Cond: ((id >= 2987998) AND (id <= 2988997))
	  ->  Bitmap Index Scan on sbtest8_pkey  (cost=0.00..30.36 rows=992 width=0)
	        Index Cond: ((id >= 2987998) AND (id <= 2988997))

for: sum_ranges
table 1 : explain SELECT SUM(k) FROM sbtest1 WHERE id BETWEEN 9868855 AND 9869854
	Aggregate  (cost=3790.76..3790.77 rows=1 width=8)
	  ->  Bitmap Heap Scan on sbtest1  (cost=30.46..3788.32 rows=978 width=4)
	        Recheck Cond: ((id >= 9868855) AND (id <= 9869854))
	        ->  Bitmap Index Scan on sbtest1_pkey  (cost=0.00..30.21 rows=978 width=0)
	              Index Cond: ((id >= 9868855) AND (id <= 9869854))

table 2 : explain SELECT SUM(k) FROM sbtest2 WHERE id BETWEEN 5841257 AND 5842256
	Aggregate  (cost=3814.81..3814.82 rows=1 width=8)
	  ->  Bitmap Heap Scan on sbtest2  (cost=30.52..3812.35 rows=984 width=4)
	        Recheck Cond: ((id >= 5841257) AND (id <= 5842256))
	        ->  Bitmap Index Scan on sbtest2_pkey  (cost=0.00..30.27 rows=984 width=0)
	              Index Cond: ((id >= 5841257) AND (id <= 5842256))

table 3 : explain SELECT SUM(k) FROM sbtest3 WHERE id BETWEEN 947543 AND 948542
	Aggregate  (cost=3611.00..3611.01 rows=1 width=8)
	  ->  Bitmap Heap Scan on sbtest3  (cost=25.98..3608.68 rows=931 width=4)
	        Recheck Cond: ((id >= 947543) AND (id <= 948542))
	        ->  Bitmap Index Scan on sbtest3_pkey  (cost=0.00..25.75 rows=931 width=0)
	              Index Cond: ((id >= 947543) AND (id <= 948542))

table 4 : explain SELECT SUM(k) FROM sbtest4 WHERE id BETWEEN 7834892 AND 7835891
	Aggregate  (cost=3705.72..3705.73 rows=1 width=8)
	  ->  Bitmap Heap Scan on sbtest4  (cost=30.22..3703.33 rows=955 width=4)
	        Recheck Cond: ((id >= 7834892) AND (id <= 7835891))
	        ->  Bitmap Index Scan on sbtest4_pkey  (cost=0.00..29.98 rows=955 width=0)
	              Index Cond: ((id >= 7834892) AND (id <= 7835891))

table 5 : explain SELECT SUM(k) FROM sbtest5 WHERE id BETWEEN 3798725 AND 3799724
	Aggregate  (cost=4156.27..4156.28 rows=1 width=8)
	  ->  Bitmap Heap Scan on sbtest5  (cost=31.43..4153.58 rows=1073 width=4)
	        Recheck Cond: ((id >= 3798725) AND (id <= 3799724))
	        ->  Bitmap Index Scan on sbtest5_pkey  (cost=0.00..31.16 rows=1073 width=0)
	              Index Cond: ((id >= 3798725) AND (id <= 3799724))

table 6 : explain SELECT SUM(k) FROM sbtest6 WHERE id BETWEEN 8990178 AND 8991177
	Aggregate  (cost=4330.11..4330.12 rows=1 width=8)
	  ->  Bitmap Heap Scan on sbtest6  (cost=31.92..4327.31 rows=1120 width=4)
	        Recheck Cond: ((id >= 8990178) AND (id <= 8991177))
	        ->  Bitmap Index Scan on sbtest6_pkey  (cost=0.00..31.64 rows=1120 width=0)
	              Index Cond: ((id >= 8990178) AND (id <= 8991177))

table 7 : explain SELECT SUM(k) FROM sbtest7 WHERE id BETWEEN 9008599 AND 9009598
	Aggregate  (cost=3975.07..3975.08 rows=1 width=8)
	  ->  Bitmap Heap Scan on sbtest7  (cost=30.94..3972.51 rows=1025 width=4)
	        Recheck Cond: ((id >= 9008599) AND (id <= 9009598))
	        ->  Bitmap Index Scan on sbtest7_pkey  (cost=0.00..30.68 rows=1025 width=0)
	              Index Cond: ((id >= 9008599) AND (id <= 9009598))

table 8 : explain SELECT SUM(k) FROM sbtest8 WHERE id BETWEEN 37801 AND 38800
	Aggregate  (cost=3794.89..3794.90 rows=1 width=8)
	  ->  Bitmap Heap Scan on sbtest8  (cost=30.46..3792.44 rows=978 width=4)
	        Recheck Cond: ((id >= 37801) AND (id <= 38800))
	        ->  Bitmap Index Scan on sbtest8_pkey  (cost=0.00..30.21 rows=978 width=0)
	              Index Cond: ((id >= 37801) AND (id <= 38800))

for: simple_ranges
table 1 : explain SELECT c FROM sbtest1 WHERE id BETWEEN 8754422 AND 8755421
	Bitmap Heap Scan on sbtest1  (cost=30.73..3886.35 rows=1004 width=121)
	  Recheck Cond: ((id >= 8754422) AND (id <= 8755421))
	  ->  Bitmap Index Scan on sbtest1_pkey  (cost=0.00..30.47 rows=1004 width=0)
	        Index Cond: ((id >= 8754422) AND (id <= 8755421))

table 2 : explain SELECT c FROM sbtest2 WHERE id BETWEEN 9227814 AND 9228813
	Bitmap Heap Scan on sbtest2  (cost=31.24..4076.20 rows=1054 width=121)
	  Recheck Cond: ((id >= 9227814) AND (id <= 9228813))
	  ->  Bitmap Index Scan on sbtest2_pkey  (cost=0.00..30.97 rows=1054 width=0)
	        Index Cond: ((id >= 9227814) AND (id <= 9228813))

table 3 : explain SELECT c FROM sbtest3 WHERE id BETWEEN 5889995 AND 5890994
	Bitmap Heap Scan on sbtest3  (cost=30.25..3714.72 rows=958 width=121)
	  Recheck Cond: ((id >= 5889995) AND (id <= 5890994))
	  ->  Bitmap Index Scan on sbtest3_pkey  (cost=0.00..30.01 rows=958 width=0)
	        Index Cond: ((id >= 5889995) AND (id <= 5890994))

table 4 : explain SELECT c FROM sbtest4 WHERE id BETWEEN 4658537 AND 4659536
	Bitmap Heap Scan on sbtest4  (cost=30.53..3816.62 rows=985 width=121)
	  Recheck Cond: ((id >= 4658537) AND (id <= 4659536))
	  ->  Bitmap Index Scan on sbtest4_pkey  (cost=0.00..30.29 rows=985 width=0)
	        Index Cond: ((id >= 4658537) AND (id <= 4659536))

table 5 : explain SELECT c FROM sbtest5 WHERE id BETWEEN 6573649 AND 6574648
	Bitmap Heap Scan on sbtest5  (cost=31.12..4036.64 rows=1042 width=121)
	  Recheck Cond: ((id >= 6573649) AND (id <= 6574648))
	  ->  Bitmap Index Scan on sbtest5_pkey  (cost=0.00..30.86 rows=1042 width=0)
	        Index Cond: ((id >= 6573649) AND (id <= 6574648))

table 6 : explain SELECT c FROM sbtest6 WHERE id BETWEEN 7298578 AND 7299577
	Bitmap Heap Scan on sbtest6  (cost=31.19..4060.01 rows=1049 width=121)
	  Recheck Cond: ((id >= 7298578) AND (id <= 7299577))
	  ->  Bitmap Index Scan on sbtest6_pkey  (cost=0.00..30.93 rows=1049 width=0)
	        Index Cond: ((id >= 7298578) AND (id <= 7299577))

table 7 : explain SELECT c FROM sbtest7 WHERE id BETWEEN 1833090 AND 1834089
	Bitmap Heap Scan on sbtest7  (cost=30.06..3647.28 rows=939 width=121)
	  Recheck Cond: ((id >= 1833090) AND (id <= 1834089))
	  ->  Bitmap Index Scan on sbtest7_pkey  (cost=0.00..29.82 rows=939 width=0)
	        Index Cond: ((id >= 1833090) AND (id <= 1834089))

table 8 : explain SELECT c FROM sbtest8 WHERE id BETWEEN 5156263 AND 5157262
	Bitmap Heap Scan on sbtest8  (cost=30.44..3784.88 rows=976 width=121)
	  Recheck Cond: ((id >= 5156263) AND (id <= 5157262))
	  ->  Bitmap Index Scan on sbtest8_pkey  (cost=0.00..30.19 rows=976 width=0)
	        Index Cond: ((id >= 5156263) AND (id <= 5157262))

for: order_ranges
table 1 : explain SELECT c FROM sbtest1 WHERE id BETWEEN 6298056 AND 6299055 ORDER BY c
	Sort  (cost=3760.28..3762.68 rows=958 width=121)
	  Sort Key: c
	  ->  Bitmap Heap Scan on sbtest1  (cost=30.25..3712.84 rows=958 width=121)
	        Recheck Cond: ((id >= 6298056) AND (id <= 6299055))
	        ->  Bitmap Index Scan on sbtest1_pkey  (cost=0.00..30.01 rows=958 width=0)
	              Index Cond: ((id >= 6298056) AND (id <= 6299055))

table 2 : explain SELECT c FROM sbtest2 WHERE id BETWEEN 8158449 AND 8159448 ORDER BY c
	Sort  (cost=3868.93..3871.40 rows=986 width=121)
	  Sort Key: c
	  ->  Bitmap Heap Scan on sbtest2  (cost=30.54..3819.90 rows=986 width=121)
	        Recheck Cond: ((id >= 8158449) AND (id <= 8159448))
	        ->  Bitmap Index Scan on sbtest2_pkey  (cost=0.00..30.29 rows=986 width=0)
	              Index Cond: ((id >= 8158449) AND (id <= 8159448))

table 3 : explain SELECT c FROM sbtest3 WHERE id BETWEEN 837371 AND 838370 ORDER BY c
	Sort  (cost=4076.19..4078.79 rows=1040 width=121)
	  Sort Key: c
	  ->  Bitmap Heap Scan on sbtest3  (cost=31.09..4024.07 rows=1040 width=121)
	        Recheck Cond: ((id >= 837371) AND (id <= 838370))
	        ->  Bitmap Index Scan on sbtest3_pkey  (cost=0.00..30.83 rows=1040 width=0)
	              Index Cond: ((id >= 837371) AND (id <= 838370))

table 4 : explain SELECT c FROM sbtest4 WHERE id BETWEEN 2941251 AND 2942250 ORDER BY c
	Sort  (cost=4122.01..4124.64 rows=1052 width=121)
	  Sort Key: c
	  ->  Bitmap Heap Scan on sbtest4  (cost=31.22..4069.20 rows=1052 width=121)
	        Recheck Cond: ((id >= 2941251) AND (id <= 2942250))
	        ->  Bitmap Index Scan on sbtest4_pkey  (cost=0.00..30.95 rows=1052 width=0)
	              Index Cond: ((id >= 2941251) AND (id <= 2942250))

table 5 : explain SELECT c FROM sbtest5 WHERE id BETWEEN 3697659 AND 3698658 ORDER BY c
	Sort  (cost=3801.17..3803.58 rows=967 width=121)
	  Sort Key: c
	  ->  Bitmap Heap Scan on sbtest5  (cost=30.35..3753.21 rows=967 width=121)
	        Recheck Cond: ((id >= 3697659) AND (id <= 3698658))
	        ->  Bitmap Index Scan on sbtest5_pkey  (cost=0.00..30.11 rows=967 width=0)
	              Index Cond: ((id >= 3697659) AND (id <= 3698658))

table 6 : explain SELECT c FROM sbtest6 WHERE id BETWEEN 9451278 AND 9452277 ORDER BY c
	Sort  (cost=3725.56..3727.93 rows=948 width=121)
	  Sort Key: c
	  ->  Bitmap Heap Scan on sbtest6  (cost=30.15..3678.69 rows=948 width=121)
	        Recheck Cond: ((id >= 9451278) AND (id <= 9452277))
	        ->  Bitmap Index Scan on sbtest6_pkey  (cost=0.00..29.91 rows=948 width=0)
	              Index Cond: ((id >= 9451278) AND (id <= 9452277))

table 7 : explain SELECT c FROM sbtest7 WHERE id BETWEEN 5714223 AND 5715222 ORDER BY c
	Sort  (cost=3970.09..3972.61 rows=1011 width=121)
	  Sort Key: c
	  ->  Bitmap Heap Scan on sbtest7  (cost=30.80..3919.63 rows=1011 width=121)
	        Recheck Cond: ((id >= 5714223) AND (id <= 5715222))
	        ->  Bitmap Index Scan on sbtest7_pkey  (cost=0.00..30.54 rows=1011 width=0)
	              Index Cond: ((id >= 5714223) AND (id <= 5715222))

table 8 : explain SELECT c FROM sbtest8 WHERE id BETWEEN 3468969 AND 3469968 ORDER BY c
	Sort  (cost=4017.32..4019.88 rows=1024 width=121)
	  Sort Key: c
	  ->  Bitmap Heap Scan on sbtest8  (cost=30.93..3966.12 rows=1024 width=121)
	        Recheck Cond: ((id >= 3468969) AND (id <= 3469968))
	        ->  Bitmap Index Scan on sbtest8_pkey  (cost=0.00..30.68 rows=1024 width=0)
	              Index Cond: ((id >= 3468969) AND (id <= 3469968))

for: sum_ranges
table 1 : explain SELECT SUM(k) FROM sbtest1 WHERE id BETWEEN 6202759 AND 6203758
	Aggregate  (cost=3696.35..3696.36 rows=1 width=8)
	  ->  Bitmap Heap Scan on sbtest1  (cost=30.20..3693.97 rows=953 width=4)
	        Recheck Cond: ((id >= 6202759) AND (id <= 6203758))
	        ->  Bitmap Index Scan on sbtest1_pkey  (cost=0.00..29.96 rows=953 width=0)
	              Index Cond: ((id >= 6202759) AND (id <= 6203758))

table 2 : explain SELECT SUM(k) FROM sbtest2 WHERE id BETWEEN 4080376 AND 4081375
	Aggregate  (cost=3969.53..3969.54 rows=1 width=8)
	  ->  Bitmap Heap Scan on sbtest2  (cost=30.94..3966.96 rows=1025 width=4)
	        Recheck Cond: ((id >= 4080376) AND (id <= 4081375))
	        ->  Bitmap Index Scan on sbtest2_pkey  (cost=0.00..30.68 rows=1025 width=0)
	              Index Cond: ((id >= 4080376) AND (id <= 4081375))

table 3 : explain SELECT SUM(k) FROM sbtest3 WHERE id BETWEEN 5246372 AND 5247371
	Aggregate  (cost=3830.47..3830.48 rows=1 width=8)
	  ->  Bitmap Heap Scan on sbtest3  (cost=30.56..3828.00 rows=988 width=4)
	        Recheck Cond: ((id >= 5246372) AND (id <= 5247371))
	        ->  Bitmap Index Scan on sbtest3_pkey  (cost=0.00..30.32 rows=988 width=0)
	              Index Cond: ((id >= 5246372) AND (id <= 5247371))

table 4 : explain SELECT SUM(k) FROM sbtest4 WHERE id BETWEEN 7504154 AND 7505153
	Aggregate  (cost=4109.51..4109.52 rows=1 width=8)
	  ->  Bitmap Heap Scan on sbtest4  (cost=31.32..4106.86 rows=1062 width=4)
	        Recheck Cond: ((id >= 7504154) AND (id <= 7505153))
	        ->  Bitmap Index Scan on sbtest4_pkey  (cost=0.00..31.05 rows=1062 width=0)
	              Index Cond: ((id >= 7504154) AND (id <= 7505153))

table 5 : explain SELECT SUM(k) FROM sbtest5 WHERE id BETWEEN 3145491 AND 3146490
	Aggregate  (cost=4050.57..4050.58 rows=1 width=8)
	  ->  Bitmap Heap Scan on sbtest5  (cost=31.15..4047.96 rows=1045 width=4)
	        Recheck Cond: ((id >= 3145491) AND (id <= 3146490))
	        ->  Bitmap Index Scan on sbtest5_pkey  (cost=0.00..30.89 rows=1045 width=0)
	              Index Cond: ((id >= 3145491) AND (id <= 3146490))

table 6 : explain SELECT SUM(k) FROM sbtest6 WHERE id BETWEEN 6180254 AND 6181253
	Aggregate  (cost=4024.91..4024.92 rows=1 width=8)
	  ->  Bitmap Heap Scan on sbtest6  (cost=31.08..4022.31 rows=1039 width=4)
	        Recheck Cond: ((id >= 6180254) AND (id <= 6181253))
	        ->  Bitmap Index Scan on sbtest6_pkey  (cost=0.00..30.82 rows=1039 width=0)
	              Index Cond: ((id >= 6180254) AND (id <= 6181253))

table 7 : explain SELECT SUM(k) FROM sbtest7 WHERE id BETWEEN 4830534 AND 4831533
	Aggregate  (cost=4073.29..4073.30 rows=1 width=8)
	  ->  Bitmap Heap Scan on sbtest7  (cost=31.21..4070.66 rows=1051 width=4)
	        Recheck Cond: ((id >= 4830534) AND (id <= 4831533))
	        ->  Bitmap Index Scan on sbtest7_pkey  (cost=0.00..30.94 rows=1051 width=0)
	              Index Cond: ((id >= 4830534) AND (id <= 4831533))

table 8 : explain SELECT SUM(k) FROM sbtest8 WHERE id BETWEEN 4613261 AND 4614260
	Aggregate  (cost=3685.18..3685.19 rows=1 width=8)
	  ->  Bitmap Heap Scan on sbtest8  (cost=30.16..3682.81 rows=949 width=4)
	        Recheck Cond: ((id >= 4613261) AND (id <= 4614260))
	        ->  Bitmap Index Scan on sbtest8_pkey  (cost=0.00..29.93 rows=949 width=0)
	              Index Cond: ((id >= 4613261) AND (id <= 4614260))

for: sum_ranges
table 1 : explain SELECT SUM(k) FROM sbtest1 WHERE id BETWEEN 4698976 AND 4699975
	Aggregate  (cost=3681.24..3681.25 rows=1 width=8)
	  ->  Bitmap Heap Scan on sbtest1  (cost=30.16..3678.87 rows=949 width=4)
	        Recheck Cond: ((id >= 4698976) AND (id <= 4699975))
	        ->  Bitmap Index Scan on sbtest1_pkey  (cost=0.00..29.93 rows=949 width=0)
	              Index Cond: ((id >= 4698976) AND (id <= 4699975))

table 2 : explain SELECT SUM(k) FROM sbtest2 WHERE id BETWEEN 784430 AND 785429
	Aggregate  (cost=3705.25..3705.26 rows=1 width=8)
	  ->  Bitmap Heap Scan on sbtest2  (cost=30.22..3702.87 rows=955 width=4)
	        Recheck Cond: ((id >= 784430) AND (id <= 785429))
	        ->  Bitmap Index Scan on sbtest2_pkey  (cost=0.00..29.98 rows=955 width=0)
	              Index Cond: ((id >= 784430) AND (id <= 785429))

table 3 : explain SELECT SUM(k) FROM sbtest3 WHERE id BETWEEN 6683844 AND 6684843
	Aggregate  (cost=3970.11..3970.12 rows=1 width=8)
	  ->  Bitmap Heap Scan on sbtest3  (cost=30.94..3967.54 rows=1025 width=4)
	        Recheck Cond: ((id >= 6683844) AND (id <= 6684843))
	        ->  Bitmap Index Scan on sbtest3_pkey  (cost=0.00..30.68 rows=1025 width=0)
	              Index Cond: ((id >= 6683844) AND (id <= 6684843))

table 4 : explain SELECT SUM(k) FROM sbtest4 WHERE id BETWEEN 4830789 AND 4831788
	Aggregate  (cost=4154.71..4154.72 rows=1 width=8)
	  ->  Bitmap Heap Scan on sbtest4  (cost=31.44..4152.02 rows=1074 width=4)
	        Recheck Cond: ((id >= 4830789) AND (id <= 4831788))
	        ->  Bitmap Index Scan on sbtest4_pkey  (cost=0.00..31.18 rows=1074 width=0)
	              Index Cond: ((id >= 4830789) AND (id <= 4831788))

table 5 : explain SELECT SUM(k) FROM sbtest5 WHERE id BETWEEN 3165431 AND 3166430
	Aggregate  (cost=4050.57..4050.58 rows=1 width=8)
	  ->  Bitmap Heap Scan on sbtest5  (cost=31.15..4047.96 rows=1045 width=4)
	        Recheck Cond: ((id >= 3165431) AND (id <= 3166430))
	        ->  Bitmap Index Scan on sbtest5_pkey  (cost=0.00..30.89 rows=1045 width=0)
	              Index Cond: ((id >= 3165431) AND (id <= 3166430))

table 6 : explain SELECT SUM(k) FROM sbtest6 WHERE id BETWEEN 8467542 AND 8468541
	Aggregate  (cost=4213.40..4213.41 rows=1 width=8)
	  ->  Bitmap Heap Scan on sbtest6  (cost=31.60..4210.68 rows=1089 width=4)
	        Recheck Cond: ((id >= 8467542) AND (id <= 8468541))
	        ->  Bitmap Index Scan on sbtest6_pkey  (cost=0.00..31.32 rows=1089 width=0)
	              Index Cond: ((id >= 8467542) AND (id <= 8468541))

table 7 : explain SELECT SUM(k) FROM sbtest7 WHERE id BETWEEN 4566137 AND 4567136
	Aggregate  (cost=4284.55..4284.56 rows=1 width=8)
	  ->  Bitmap Heap Scan on sbtest7  (cost=31.78..4281.78 rows=1107 width=4)
	        Recheck Cond: ((id >= 4566137) AND (id <= 4567136))
	        ->  Bitmap Index Scan on sbtest7_pkey  (cost=0.00..31.50 rows=1107 width=0)
	              Index Cond: ((id >= 4566137) AND (id <= 4567136))

table 8 : explain SELECT SUM(k) FROM sbtest8 WHERE id BETWEEN 6228449 AND 6229448
	Aggregate  (cost=3643.54..3643.55 rows=1 width=8)
	  ->  Bitmap Heap Scan on sbtest8  (cost=30.05..3641.20 rows=938 width=4)
	        Recheck Cond: ((id >= 6228449) AND (id <= 6229448))
	        ->  Bitmap Index Scan on sbtest8_pkey  (cost=0.00..29.82 rows=938 width=0)
	              Index Cond: ((id >= 6228449) AND (id <= 6229448))

for: order_ranges
table 1 : explain SELECT c FROM sbtest1 WHERE id BETWEEN 6202489 AND 6203488 ORDER BY c
	Sort  (cost=3741.13..3743.51 rows=953 width=121)
	  Sort Key: c
	  ->  Bitmap Heap Scan on sbtest1  (cost=30.20..3693.97 rows=953 width=121)
	        Recheck Cond: ((id >= 6202489) AND (id <= 6203488))
	        ->  Bitmap Index Scan on sbtest1_pkey  (cost=0.00..29.96 rows=953 width=0)
	              Index Cond: ((id >= 6202489) AND (id <= 6203488))

table 2 : explain SELECT c FROM sbtest2 WHERE id BETWEEN 8903446 AND 8904445 ORDER BY c
	Sort  (cost=4045.00..4047.58 rows=1032 width=121)
	  Sort Key: c
	  ->  Bitmap Heap Scan on sbtest2  (cost=31.01..3993.34 rows=1032 width=121)
	        Recheck Cond: ((id >= 8903446) AND (id <= 8904445))
	        ->  Bitmap Index Scan on sbtest2_pkey  (cost=0.00..30.75 rows=1032 width=0)
	              Index Cond: ((id >= 8903446) AND (id <= 8904445))

table 3 : explain SELECT c FROM sbtest3 WHERE id BETWEEN 4810134 AND 4811133 ORDER BY c
	Sort  (cost=4011.15..4013.71 rows=1023 width=121)
	  Sort Key: c
	  ->  Bitmap Heap Scan on sbtest3  (cost=30.92..3960.01 rows=1023 width=121)
	        Recheck Cond: ((id >= 4810134) AND (id <= 4811133))
	        ->  Bitmap Index Scan on sbtest3_pkey  (cost=0.00..30.66 rows=1023 width=0)
	              Index Cond: ((id >= 4810134) AND (id <= 4811133))

table 4 : explain SELECT c FROM sbtest4 WHERE id BETWEEN 2532136 AND 2533135 ORDER BY c
	Sort  (cost=3712.08..3714.45 rows=946 width=121)
	  Sort Key: c
	  ->  Bitmap Heap Scan on sbtest4  (cost=26.13..3665.33 rows=946 width=121)
	        Recheck Cond: ((id >= 2532136) AND (id <= 2533135))
	        ->  Bitmap Index Scan on sbtest4_pkey  (cost=0.00..25.89 rows=946 width=0)
	              Index Cond: ((id >= 2532136) AND (id <= 2533135))

table 5 : explain SELECT c FROM sbtest5 WHERE id BETWEEN 4117845 AND 4118844 ORDER BY c
	Sort  (cost=4215.25..4217.94 rows=1075 width=121)
	  Sort Key: c
	  ->  Bitmap Heap Scan on sbtest5  (cost=31.45..4161.12 rows=1075 width=121)
	        Recheck Cond: ((id >= 4117845) AND (id <= 4118844))
	        ->  Bitmap Index Scan on sbtest5_pkey  (cost=0.00..31.18 rows=1075 width=0)
	              Index Cond: ((id >= 4117845) AND (id <= 4118844))

table 6 : explain SELECT c FROM sbtest6 WHERE id BETWEEN 537049 AND 538048 ORDER BY c
	Sort  (cost=3993.96..3996.51 rows=1018 width=121)
	  Sort Key: c
	  ->  Bitmap Heap Scan on sbtest6  (cost=30.87..3943.10 rows=1018 width=121)
	        Recheck Cond: ((id >= 537049) AND (id <= 538048))
	        ->  Bitmap Index Scan on sbtest6_pkey  (cost=0.00..30.61 rows=1018 width=0)
	              Index Cond: ((id >= 537049) AND (id <= 538048))

table 7 : explain SELECT c FROM sbtest7 WHERE id BETWEEN 1715363 AND 1716362 ORDER BY c
	Sort  (cost=3870.33..3872.79 rows=985 width=121)
	  Sort Key: c
	  ->  Bitmap Heap Scan on sbtest7  (cost=30.53..3821.35 rows=985 width=121)
	        Recheck Cond: ((id >= 1715363) AND (id <= 1716362))
	        ->  Bitmap Index Scan on sbtest7_pkey  (cost=0.00..30.29 rows=985 width=0)
	              Index Cond: ((id >= 1715363) AND (id <= 1716362))

table 8 : explain SELECT c FROM sbtest8 WHERE id BETWEEN 4576821 AND 4577820 ORDER BY c
	Sort  (cost=3752.77..3755.16 rows=955 width=121)
	  Sort Key: c
	  ->  Bitmap Heap Scan on sbtest8  (cost=30.22..3705.50 rows=955 width=121)
	        Recheck Cond: ((id >= 4576821) AND (id <= 4577820))
	        ->  Bitmap Index Scan on sbtest8_pkey  (cost=0.00..29.98 rows=955 width=0)
	              Index Cond: ((id >= 4576821) AND (id <= 4577820))

for: sum_ranges
table 1 : explain SELECT SUM(k) FROM sbtest1 WHERE id BETWEEN 6178194 AND 6179193
	Aggregate  (cost=3696.35..3696.36 rows=1 width=8)
	  ->  Bitmap Heap Scan on sbtest1  (cost=30.20..3693.97 rows=953 width=4)
	        Recheck Cond: ((id >= 6178194) AND (id <= 6179193))
	        ->  Bitmap Index Scan on sbtest1_pkey  (cost=0.00..29.96 rows=953 width=0)
	              Index Cond: ((id >= 6178194) AND (id <= 6179193))

table 2 : explain SELECT SUM(k) FROM sbtest2 WHERE id BETWEEN 587943 AND 588942
	Aggregate  (cost=4014.77..4014.78 rows=1 width=8)
	  ->  Bitmap Heap Scan on sbtest2  (cost=31.06..4012.18 rows=1037 width=4)
	        Recheck Cond: ((id >= 587943) AND (id <= 588942))
	        ->  Bitmap Index Scan on sbtest2_pkey  (cost=0.00..30.80 rows=1037 width=0)
	              Index Cond: ((id >= 587943) AND (id <= 588942))

table 3 : explain SELECT SUM(k) FROM sbtest3 WHERE id BETWEEN 9180781 AND 9181780
	Aggregate  (cost=3516.37..3516.38 rows=1 width=8)
	  ->  Bitmap Heap Scan on sbtest3  (cost=25.72..3514.10 rows=906 width=4)
	        Recheck Cond: ((id >= 9180781) AND (id <= 9181780))
	        ->  Bitmap Index Scan on sbtest3_pkey  (cost=0.00..25.50 rows=906 width=0)
	              Index Cond: ((id >= 9180781) AND (id <= 9181780))

table 4 : explain SELECT SUM(k) FROM sbtest4 WHERE id BETWEEN 23714 AND 24713
	Aggregate  (cost=3864.39..3864.40 rows=1 width=8)
	  ->  Bitmap Heap Scan on sbtest4  (cost=30.65..3861.90 rows=997 width=4)
	        Recheck Cond: ((id >= 23714) AND (id <= 24713))
	        ->  Bitmap Index Scan on sbtest4_pkey  (cost=0.00..30.40 rows=997 width=0)
	              Index Cond: ((id >= 23714) AND (id <= 24713))

table 5 : explain SELECT SUM(k) FROM sbtest5 WHERE id BETWEEN 5604453 AND 5605452
	Aggregate  (cost=3929.66..3929.67 rows=1 width=8)
	  ->  Bitmap Heap Scan on sbtest5  (cost=30.82..3927.13 rows=1013 width=4)
	        Recheck Cond: ((id >= 5604453) AND (id <= 5605452))
	        ->  Bitmap Index Scan on sbtest5_pkey  (cost=0.00..30.57 rows=1013 width=0)
	              Index Cond: ((id >= 5604453) AND (id <= 5605452))

table 6 : explain SELECT SUM(k) FROM sbtest6 WHERE id BETWEEN 7301145 AND 7302144
	Aggregate  (cost=4062.63..4062.64 rows=1 width=8)
	  ->  Bitmap Heap Scan on sbtest6  (cost=31.19..4060.01 rows=1049 width=4)
	        Recheck Cond: ((id >= 7301145) AND (id <= 7302144))
	        ->  Bitmap Index Scan on sbtest6_pkey  (cost=0.00..30.93 rows=1049 width=0)
	              Index Cond: ((id >= 7301145) AND (id <= 7302144))

table 7 : explain SELECT SUM(k) FROM sbtest7 WHERE id BETWEEN 8455857 AND 8456856
	Aggregate  (cost=3653.41..3653.42 rows=1 width=8)
	  ->  Bitmap Heap Scan on sbtest7  (cost=30.07..3651.06 rows=940 width=4)
	        Recheck Cond: ((id >= 8455857) AND (id <= 8456856))
	        ->  Bitmap Index Scan on sbtest7_pkey  (cost=0.00..29.83 rows=940 width=0)
	              Index Cond: ((id >= 8455857) AND (id <= 8456856))

table 8 : explain SELECT SUM(k) FROM sbtest8 WHERE id BETWEEN 5184188 AND 5185187
	Aggregate  (cost=3787.32..3787.33 rows=1 width=8)
	  ->  Bitmap Heap Scan on sbtest8  (cost=30.44..3784.88 rows=976 width=4)
	        Recheck Cond: ((id >= 5184188) AND (id <= 5185187))
	        ->  Bitmap Index Scan on sbtest8_pkey  (cost=0.00..30.19 rows=976 width=0)
	              Index Cond: ((id >= 5184188) AND (id <= 5185187))

explain: for point_selects :: explain SELECT c FROM sbtest%u WHERE id=%u
for: order_ranges
table 1 : explain SELECT c FROM sbtest1 WHERE id BETWEEN 4745919 AND 4746918 ORDER BY c
	Sort  (cost=3725.80..3728.17 rows=949 width=121)
	  Sort Key: c
	  ->  Bitmap Heap Scan on sbtest1  (cost=30.16..3678.87 rows=949 width=121)
	        Recheck Cond: ((id >= 4745919) AND (id <= 4746918))
	        ->  Bitmap Index Scan on sbtest1_pkey  (cost=0.00..29.93 rows=949 width=0)
	              Index Cond: ((id >= 4745919) AND (id <= 4746918))

table 2 : explain SELECT c FROM sbtest2 WHERE id BETWEEN 2732957 AND 2733956 ORDER BY c
	Sort  (cost=3999.09..4001.64 rows=1020 width=121)
	  Sort Key: c
	  ->  Bitmap Heap Scan on sbtest2  (cost=30.89..3948.12 rows=1020 width=121)
	        Recheck Cond: ((id >= 2732957) AND (id <= 2733956))
	        ->  Bitmap Index Scan on sbtest2_pkey  (cost=0.00..30.64 rows=1020 width=0)
	              Index Cond: ((id >= 2732957) AND (id <= 2733956))

table 3 : explain SELECT c FROM sbtest3 WHERE id BETWEEN 1709167 AND 1710166 ORDER BY c
	Sort  (cost=4198.52..4201.20 rows=1072 width=121)
	  Sort Key: c
	  ->  Bitmap Heap Scan on sbtest3  (cost=31.42..4144.56 rows=1072 width=121)
	        Recheck Cond: ((id >= 1709167) AND (id <= 1710166))
	        ->  Bitmap Index Scan on sbtest3_pkey  (cost=0.00..31.15 rows=1072 width=0)
	              Index Cond: ((id >= 1709167) AND (id <= 1710166))

table 4 : explain SELECT c FROM sbtest4 WHERE id BETWEEN 1932549 AND 1933548 ORDER BY c
	Sort  (cost=3988.13..3990.67 rows=1017 width=121)
	  Sort Key: c
	  ->  Bitmap Heap Scan on sbtest4  (cost=30.86..3937.33 rows=1017 width=121)
	        Recheck Cond: ((id >= 1932549) AND (id <= 1933548))
	        ->  Bitmap Index Scan on sbtest4_pkey  (cost=0.00..30.61 rows=1017 width=0)
	              Index Cond: ((id >= 1932549) AND (id <= 1933548))

table 5 : explain SELECT c FROM sbtest5 WHERE id BETWEEN 2921485 AND 2922484 ORDER BY c
	Sort  (cost=4222.91..4225.60 rows=1077 width=121)
	  Sort Key: c
	  ->  Bitmap Heap Scan on sbtest5  (cost=31.47..4168.67 rows=1077 width=121)
	        Recheck Cond: ((id >= 2921485) AND (id <= 2922484))
	        ->  Bitmap Index Scan on sbtest5_pkey  (cost=0.00..31.20 rows=1077 width=0)
	              Index Cond: ((id >= 2921485) AND (id <= 2922484))

table 6 : explain SELECT c FROM sbtest6 WHERE id BETWEEN 2445183 AND 2446182 ORDER BY c
	Sort  (cost=3467.95..3470.16 rows=882 width=121)
	  Sort Key: c
	  ->  Bitmap Heap Scan on sbtest6  (cost=25.48..3424.80 rows=882 width=121)
	        Recheck Cond: ((id >= 2445183) AND (id <= 2446182))
	        ->  Bitmap Index Scan on sbtest6_pkey  (cost=0.00..25.25 rows=882 width=0)
	              Index Cond: ((id >= 2445183) AND (id <= 2446182))

table 7 : explain SELECT c FROM sbtest7 WHERE id BETWEEN 8375726 AND 8376725 ORDER BY c
	Sort  (cost=3643.66..3645.97 rows=926 width=121)
	  Sort Key: c
	  ->  Bitmap Heap Scan on sbtest7  (cost=29.93..3598.03 rows=926 width=121)
	        Recheck Cond: ((id >= 8375726) AND (id <= 8376725))
	        ->  Bitmap Index Scan on sbtest7_pkey  (cost=0.00..29.69 rows=926 width=0)
	              Index Cond: ((id >= 8375726) AND (id <= 8376725))

table 8 : explain SELECT c FROM sbtest8 WHERE id BETWEEN 8705847 AND 8706846 ORDER BY c
	Sort  (cost=3633.73..3636.04 rows=924 width=121)
	  Sort Key: c
	  ->  Bitmap Heap Scan on sbtest8  (cost=29.91..3588.21 rows=924 width=121)
	        Recheck Cond: ((id >= 8705847) AND (id <= 8706846))
	        ->  Bitmap Index Scan on sbtest8_pkey  (cost=0.00..29.68 rows=924 width=0)
	              Index Cond: ((id >= 8705847) AND (id <= 8706846))

for: order_ranges
table 1 : explain SELECT c FROM sbtest1 WHERE id BETWEEN 9897350 AND 9898349 ORDER BY c
	Sort  (cost=3748.79..3751.18 rows=955 width=121)
	  Sort Key: c
	  ->  Bitmap Heap Scan on sbtest1  (cost=30.22..3701.52 rows=955 width=121)
	        Recheck Cond: ((id >= 9897350) AND (id <= 9898349))
	        ->  Bitmap Index Scan on sbtest1_pkey  (cost=0.00..29.98 rows=955 width=0)
	              Index Cond: ((id >= 9897350) AND (id <= 9898349))

table 2 : explain SELECT c FROM sbtest2 WHERE id BETWEEN 1361606 AND 1362605 ORDER BY c
	Sort  (cost=3976.13..3978.67 rows=1014 width=121)
	  Sort Key: c
	  ->  Bitmap Heap Scan on sbtest2  (cost=30.83..3925.50 rows=1014 width=121)
	        Recheck Cond: ((id >= 1361606) AND (id <= 1362605))
	        ->  Bitmap Index Scan on sbtest2_pkey  (cost=0.00..30.57 rows=1014 width=0)
	              Index Cond: ((id >= 1361606) AND (id <= 1362605))

table 3 : explain SELECT c FROM sbtest3 WHERE id BETWEEN 4801879 AND 4802878 ORDER BY c
	Sort  (cost=4011.15..4013.71 rows=1023 width=121)
	  Sort Key: c
	  ->  Bitmap Heap Scan on sbtest3  (cost=30.92..3960.01 rows=1023 width=121)
	        Recheck Cond: ((id >= 4801879) AND (id <= 4802878))
	        ->  Bitmap Index Scan on sbtest3_pkey  (cost=0.00..30.66 rows=1023 width=0)
	              Index Cond: ((id >= 4801879) AND (id <= 4802878))

table 4 : explain SELECT c FROM sbtest4 WHERE id BETWEEN 1250754 AND 1251753 ORDER BY c
	Sort  (cost=3788.94..3791.36 rows=965 width=121)
	  Sort Key: c
	  ->  Bitmap Heap Scan on sbtest4  (cost=30.33..3741.11 rows=965 width=121)
	        Recheck Cond: ((id >= 1250754) AND (id <= 1251753))
	        ->  Bitmap Index Scan on sbtest4_pkey  (cost=0.00..30.08 rows=965 width=0)
	              Index Cond: ((id >= 1250754) AND (id <= 1251753))

table 5 : explain SELECT c FROM sbtest5 WHERE id BETWEEN 973434 AND 974433 ORDER BY c
	Sort  (cost=4219.08..4221.77 rows=1076 width=121)
	  Sort Key: c
	  ->  Bitmap Heap Scan on sbtest5  (cost=31.46..4164.89 rows=1076 width=121)
	        Recheck Cond: ((id >= 973434) AND (id <= 974433))
	        ->  Bitmap Index Scan on sbtest5_pkey  (cost=0.00..31.19 rows=1076 width=0)
	              Index Cond: ((id >= 973434) AND (id <= 974433))

table 6 : explain SELECT c FROM sbtest6 WHERE id BETWEEN 580632 AND 581631 ORDER BY c
	Sort  (cost=3993.96..3996.51 rows=1018 width=121)
	  Sort Key: c
	  ->  Bitmap Heap Scan on sbtest6  (cost=30.87..3943.10 rows=1018 width=121)
	        Recheck Cond: ((id >= 580632) AND (id <= 581631))
	        ->  Bitmap Index Scan on sbtest6_pkey  (cost=0.00..30.61 rows=1018 width=0)
	              Index Cond: ((id >= 580632) AND (id <= 581631))

table 7 : explain SELECT c FROM sbtest7 WHERE id BETWEEN 3402660 AND 3403659 ORDER BY c
	Sort  (cost=3843.46..3845.90 rows=978 width=121)
	  Sort Key: c
	  ->  Bitmap Heap Scan on sbtest7  (cost=30.46..3794.88 rows=978 width=121)
	        Recheck Cond: ((id >= 3402660) AND (id <= 3403659))
	        ->  Bitmap Index Scan on sbtest7_pkey  (cost=0.00..30.21 rows=978 width=0)
	              Index Cond: ((id >= 3402660) AND (id <= 3403659))

table 8 : explain SELECT c FROM sbtest8 WHERE id BETWEEN 3368257 AND 3369256 ORDER BY c
	Sort  (cost=3687.50..3689.85 rows=938 width=121)
	  Sort Key: c
	  ->  Bitmap Heap Scan on sbtest8  (cost=30.05..3641.20 rows=938 width=121)
	        Recheck Cond: ((id >= 3368257) AND (id <= 3369256))
	        ->  Bitmap Index Scan on sbtest8_pkey  (cost=0.00..29.82 rows=938 width=0)
	              Index Cond: ((id >= 3368257) AND (id <= 3369256))

for: order_ranges
table 1 : explain SELECT c FROM sbtest1 WHERE id BETWEEN 4293727 AND 4294726 ORDER BY c
	Sort  (cost=3947.88..3950.40 rows=1007 width=121)
	  Sort Key: c
	  ->  Bitmap Heap Scan on sbtest1  (cost=30.76..3897.65 rows=1007 width=121)
	        Recheck Cond: ((id >= 4293727) AND (id <= 4294726))
	        ->  Bitmap Index Scan on sbtest1_pkey  (cost=0.00..30.50 rows=1007 width=0)
	              Index Cond: ((id >= 4293727) AND (id <= 4294726))

table 2 : explain SELECT c FROM sbtest2 WHERE id BETWEEN 9346625 AND 9347624 ORDER BY c
	Sort  (cost=3949.34..3951.86 rows=1007 width=121)
	  Sort Key: c
	  ->  Bitmap Heap Scan on sbtest2  (cost=30.76..3899.11 rows=1007 width=121)
	        Recheck Cond: ((id >= 9346625) AND (id <= 9347624))
	        ->  Bitmap Index Scan on sbtest2_pkey  (cost=0.00..30.50 rows=1007 width=0)
	              Index Cond: ((id >= 9346625) AND (id <= 9347624))

table 3 : explain SELECT c FROM sbtest3 WHERE id BETWEEN 6020763 AND 6021762 ORDER BY c
	Sort  (cost=3976.70..3979.24 rows=1014 width=121)
	  Sort Key: c
	  ->  Bitmap Heap Scan on sbtest3  (cost=30.83..3926.08 rows=1014 width=121)
	        Recheck Cond: ((id >= 6020763) AND (id <= 6021762))
	        ->  Bitmap Index Scan on sbtest3_pkey  (cost=0.00..30.57 rows=1014 width=0)
	              Index Cond: ((id >= 6020763) AND (id <= 6021762))

table 4 : explain SELECT c FROM sbtest4 WHERE id BETWEEN 7756789 AND 7757788 ORDER BY c
	Sort  (cost=3995.78..3998.33 rows=1019 width=121)
	  Sort Key: c
	  ->  Bitmap Heap Scan on sbtest4  (cost=30.88..3944.87 rows=1019 width=121)
	        Recheck Cond: ((id >= 7756789) AND (id <= 7757788))
	        ->  Bitmap Index Scan on sbtest4_pkey  (cost=0.00..30.62 rows=1019 width=0)
	              Index Cond: ((id >= 7756789) AND (id <= 7757788))

table 5 : explain SELECT c FROM sbtest5 WHERE id BETWEEN 4432171 AND 4433170 ORDER BY c
	Sort  (cost=4131.01..4133.64 rows=1053 width=121)
	  Sort Key: c
	  ->  Bitmap Heap Scan on sbtest5  (cost=31.23..4078.15 rows=1053 width=121)
	        Recheck Cond: ((id >= 4432171) AND (id <= 4433170))
	        ->  Bitmap Index Scan on sbtest5_pkey  (cost=0.00..30.96 rows=1053 width=0)
	              Index Cond: ((id >= 4432171) AND (id <= 4433170))

table 6 : explain SELECT c FROM sbtest6 WHERE id BETWEEN 3895304 AND 3896303 ORDER BY c
	Sort  (cost=3932.66..3935.17 rows=1002 width=121)
	  Sort Key: c
	  ->  Bitmap Heap Scan on sbtest6  (cost=30.71..3882.72 rows=1002 width=121)
	        Recheck Cond: ((id >= 3895304) AND (id <= 3896303))
	        ->  Bitmap Index Scan on sbtest6_pkey  (cost=0.00..30.45 rows=1002 width=0)
	              Index Cond: ((id >= 3895304) AND (id <= 3896303))

table 7 : explain SELECT c FROM sbtest7 WHERE id BETWEEN 3798052 AND 3799051 ORDER BY c
	Sort  (cost=3943.24..3945.75 rows=1004 width=121)
	  Sort Key: c
	  ->  Bitmap Heap Scan on sbtest7  (cost=30.73..3893.18 rows=1004 width=121)
	        Recheck Cond: ((id >= 3798052) AND (id <= 3799051))
	        ->  Bitmap Index Scan on sbtest7_pkey  (cost=0.00..30.47 rows=1004 width=0)
	              Index Cond: ((id >= 3798052) AND (id <= 3799051))

table 8 : explain SELECT c FROM sbtest8 WHERE id BETWEEN 7168917 AND 7169916 ORDER BY c
	Sort  (cost=3537.49..3539.74 rows=900 width=121)
	  Sort Key: c
	  ->  Bitmap Heap Scan on sbtest8  (cost=25.66..3493.33 rows=900 width=121)
	        Recheck Cond: ((id >= 7168917) AND (id <= 7169916))
	        ->  Bitmap Index Scan on sbtest8_pkey  (cost=0.00..25.43 rows=900 width=0)
	              Index Cond: ((id >= 7168917) AND (id <= 7169916))

for: distinct_ranges
table 1 : explain SELECT DISTINCT c FROM sbtest1 WHERE id BETWEEN 4458849 AND 4459848 ORDER BY c
	Unique  (cost=3833.06..3837.95 rows=977 width=121)
	  ->  Sort  (cost=3833.06..3835.50 rows=977 width=121)
	        Sort Key: c
	        ->  Bitmap Heap Scan on sbtest1  (cost=30.45..3784.54 rows=977 width=121)
	              Recheck Cond: ((id >= 4458849) AND (id <= 4459848))
	              ->  Bitmap Index Scan on sbtest1_pkey  (cost=0.00..30.20 rows=977 width=0)
	                    Index Cond: ((id >= 4458849) AND (id <= 4459848))

table 2 : explain SELECT DISTINCT c FROM sbtest2 WHERE id BETWEEN 733636 AND 734635 ORDER BY c
	Unique  (cost=3750.14..3754.91 rows=955 width=121)
	  ->  Sort  (cost=3750.14..3752.52 rows=955 width=121)
	        Sort Key: c
	        ->  Bitmap Heap Scan on sbtest2  (cost=30.22..3702.87 rows=955 width=121)
	              Recheck Cond: ((id >= 733636) AND (id <= 734635))
	              ->  Bitmap Index Scan on sbtest2_pkey  (cost=0.00..29.98 rows=955 width=0)
	                    Index Cond: ((id >= 733636) AND (id <= 734635))

table 3 : explain SELECT DISTINCT c FROM sbtest3 WHERE id BETWEEN 5717003 AND 5718002 ORDER BY c
	Unique  (cost=3923.10..3928.10 rows=1000 width=121)
	  ->  Sort  (cost=3923.10..3925.60 rows=1000 width=121)
	        Sort Key: c
	        ->  Bitmap Heap Scan on sbtest3  (cost=30.68..3873.27 rows=1000 width=121)
	              Recheck Cond: ((id >= 5717003) AND (id <= 5718002))
	              ->  Bitmap Index Scan on sbtest3_pkey  (cost=0.00..30.43 rows=1000 width=0)
	                    Index Cond: ((id >= 5717003) AND (id <= 5718002))

table 4 : explain SELECT DISTINCT c FROM sbtest4 WHERE id BETWEEN 980671 AND 981670 ORDER BY c
	Unique  (cost=3769.77..3774.57 rows=960 width=121)
	  ->  Sort  (cost=3769.77..3772.17 rows=960 width=121)
	        Sort Key: c
	        ->  Bitmap Heap Scan on sbtest4  (cost=30.27..3722.22 rows=960 width=121)
	              Recheck Cond: ((id >= 980671) AND (id <= 981670))
	              ->  Bitmap Index Scan on sbtest4_pkey  (cost=0.00..30.04 rows=960 width=0)
	                    Index Cond: ((id >= 980671) AND (id <= 981670))

table 5 : explain SELECT DISTINCT c FROM sbtest5 WHERE id BETWEEN 5238737 AND 5239736 ORDER BY c
	Unique  (cost=4203.77..4209.13 rows=1072 width=121)
	  ->  Sort  (cost=4203.77..4206.45 rows=1072 width=121)
	        Sort Key: c
	        ->  Bitmap Heap Scan on sbtest5  (cost=31.42..4149.81 rows=1072 width=121)
	              Recheck Cond: ((id >= 5238737) AND (id <= 5239736))
	              ->  Bitmap Index Scan on sbtest5_pkey  (cost=0.00..31.15 rows=1072 width=0)
	                    Index Cond: ((id >= 5238737) AND (id <= 5239736))

table 6 : explain SELECT DISTINCT c FROM sbtest6 WHERE id BETWEEN 7447124 AND 7448123 ORDER BY c
	Unique  (cost=3717.88..3722.61 rows=946 width=121)
	  ->  Sort  (cost=3717.88..3720.25 rows=946 width=121)
	        Sort Key: c
	        ->  Bitmap Heap Scan on sbtest6  (cost=30.13..3671.12 rows=946 width=121)
	              Recheck Cond: ((id >= 7447124) AND (id <= 7448123))
	              ->  Bitmap Index Scan on sbtest6_pkey  (cost=0.00..29.89 rows=946 width=0)
	                    Index Cond: ((id >= 7447124) AND (id <= 7448123))

table 7 : explain SELECT DISTINCT c FROM sbtest7 WHERE id BETWEEN 5632791 AND 5633790 ORDER BY c
	Unique  (cost=4383.82..4389.41 rows=1118 width=121)
	  ->  Sort  (cost=4383.82..4386.61 rows=1118 width=121)
	        Sort Key: c
	        ->  Bitmap Heap Scan on sbtest7  (cost=35.89..4327.21 rows=1118 width=121)
	              Recheck Cond: ((id >= 5632791) AND (id <= 5633790))
	              ->  Bitmap Index Scan on sbtest7_pkey  (cost=0.00..35.62 rows=1118 width=0)
	                    Index Cond: ((id >= 5632791) AND (id <= 5633790))

table 8 : explain SELECT DISTINCT c FROM sbtest8 WHERE id BETWEEN 2394575 AND 2395574 ORDER BY c
	Unique  (cost=3871.70..3876.63 rows=986 width=121)
	  ->  Sort  (cost=3871.70..3874.16 rows=986 width=121)
	        Sort Key: c
	        ->  Bitmap Heap Scan on sbtest8  (cost=30.54..3822.67 rows=986 width=121)
	              Recheck Cond: ((id >= 2394575) AND (id <= 2395574))
	              ->  Bitmap Index Scan on sbtest8_pkey  (cost=0.00..30.29 rows=986 width=0)
	                    Index Cond: ((id >= 2394575) AND (id <= 2395574))

explain: for point_selects :: explain SELECT c FROM sbtest%u WHERE id=%u
for: order_ranges
table 1 : explain SELECT c FROM sbtest1 WHERE id BETWEEN 9959092 AND 9960091 ORDER BY c
	Sort  (cost=3748.79..3751.18 rows=955 width=121)
	  Sort Key: c
	  ->  Bitmap Heap Scan on sbtest1  (cost=30.22..3701.52 rows=955 width=121)
	        Recheck Cond: ((id >= 9959092) AND (id <= 9960091))
	        ->  Bitmap Index Scan on sbtest1_pkey  (cost=0.00..29.98 rows=955 width=0)
	              Index Cond: ((id >= 9959092) AND (id <= 9960091))

table 2 : explain SELECT c FROM sbtest2 WHERE id BETWEEN 271145 AND 272144 ORDER BY c
	Sort  (cost=3922.54..3925.04 rows=1000 width=121)
	  Sort Key: c
	  ->  Bitmap Heap Scan on sbtest2  (cost=30.68..3872.72 rows=1000 width=121)
	        Recheck Cond: ((id >= 271145) AND (id <= 272144))
	        ->  Bitmap Index Scan on sbtest2_pkey  (cost=0.00..30.43 rows=1000 width=0)
	              Index Cond: ((id >= 271145) AND (id <= 272144))

table 3 : explain SELECT c FROM sbtest3 WHERE id BETWEEN 389780 AND 390779 ORDER BY c
	Sort  (cost=4221.44..4224.14 rows=1078 width=121)
	  Sort Key: c
	  ->  Bitmap Heap Scan on sbtest3  (cost=31.48..4167.14 rows=1078 width=121)
	        Recheck Cond: ((id >= 389780) AND (id <= 390779))
	        ->  Bitmap Index Scan on sbtest3_pkey  (cost=0.00..31.21 rows=1078 width=0)
	              Index Cond: ((id >= 389780) AND (id <= 390779))

table 4 : explain SELECT c FROM sbtest4 WHERE id BETWEEN 7104619 AND 7105618 ORDER BY c
	Sort  (cost=3857.93..3860.39 rows=983 width=121)
	  Sort Key: c
	  ->  Bitmap Heap Scan on sbtest4  (cost=30.51..3809.07 rows=983 width=121)
	        Recheck Cond: ((id >= 7104619) AND (id <= 7105618))
	        ->  Bitmap Index Scan on sbtest4_pkey  (cost=0.00..30.26 rows=983 width=0)
	              Index Cond: ((id >= 7104619) AND (id <= 7105618))

table 5 : explain SELECT c FROM sbtest5 WHERE id BETWEEN 7159688 AND 7160687 ORDER BY c
	Sort  (cost=3570.53..3572.80 rows=907 width=121)
	  Sort Key: c
	  ->  Bitmap Heap Scan on sbtest5  (cost=29.73..3525.97 rows=907 width=121)
	        Recheck Cond: ((id >= 7159688) AND (id <= 7160687))
	        ->  Bitmap Index Scan on sbtest5_pkey  (cost=0.00..29.50 rows=907 width=0)
	              Index Cond: ((id >= 7159688) AND (id <= 7160687))

table 6 : explain SELECT c FROM sbtest6 WHERE id BETWEEN 9459520 AND 9460519 ORDER BY c
	Sort  (cost=3725.56..3727.93 rows=948 width=121)
	  Sort Key: c
	  ->  Bitmap Heap Scan on sbtest6  (cost=30.15..3678.69 rows=948 width=121)
	        Recheck Cond: ((id >= 9459520) AND (id <= 9460519))
	        ->  Bitmap Index Scan on sbtest6_pkey  (cost=0.00..29.91 rows=948 width=0)
	              Index Cond: ((id >= 9459520) AND (id <= 9460519))

table 7 : explain SELECT c FROM sbtest7 WHERE id BETWEEN 7087821 AND 7088820 ORDER BY c
	Sort  (cost=3712.86..3715.22 rows=944 width=121)
	  Sort Key: c
	  ->  Bitmap Heap Scan on sbtest7  (cost=30.11..3666.21 rows=944 width=121)
	        Recheck Cond: ((id >= 7087821) AND (id <= 7088820))
	        ->  Bitmap Index Scan on sbtest7_pkey  (cost=0.00..29.87 rows=944 width=0)
	              Index Cond: ((id >= 7087821) AND (id <= 7088820))

table 8 : explain SELECT c FROM sbtest8 WHERE id BETWEEN 8793202 AND 8794201 ORDER BY c
	Sort  (cost=3633.73..3636.04 rows=924 width=121)
	  Sort Key: c
	  ->  Bitmap Heap Scan on sbtest8  (cost=29.91..3588.21 rows=924 width=121)
	        Recheck Cond: ((id >= 8793202) AND (id <= 8794201))
	        ->  Bitmap Index Scan on sbtest8_pkey  (cost=0.00..29.68 rows=924 width=0)
	              Index Cond: ((id >= 8793202) AND (id <= 8794201))

for: distinct_ranges
table 1 : explain SELECT DISTINCT c FROM sbtest1 WHERE id BETWEEN 7433858 AND 7434857 ORDER BY c
	Unique  (cost=3917.27..3922.27 rows=999 width=121)
	  ->  Sort  (cost=3917.27..3919.77 rows=999 width=121)
	        Sort Key: c
	        ->  Bitmap Heap Scan on sbtest1  (cost=30.67..3867.50 rows=999 width=121)
	              Recheck Cond: ((id >= 7433858) AND (id <= 7434857))
	              ->  Bitmap Index Scan on sbtest1_pkey  (cost=0.00..30.43 rows=999 width=0)
	                    Index Cond: ((id >= 7433858) AND (id <= 7434857))

table 2 : explain SELECT DISTINCT c FROM sbtest2 WHERE id BETWEEN 2873861 AND 2874860 ORDER BY c
	Unique  (cost=3634.90..3639.53 rows=926 width=121)
	  ->  Sort  (cost=3634.90..3637.21 rows=926 width=121)
	        Sort Key: c
	        ->  Bitmap Heap Scan on sbtest2  (cost=25.93..3589.27 rows=926 width=121)
	              Recheck Cond: ((id >= 2873861) AND (id <= 2874860))
	              ->  Bitmap Index Scan on sbtest2_pkey  (cost=0.00..25.69 rows=926 width=0)
	                    Index Cond: ((id >= 2873861) AND (id <= 2874860))

table 3 : explain SELECT DISTINCT c FROM sbtest3 WHERE id BETWEEN 4783976 AND 4784975 ORDER BY c
	Unique  (cost=4011.15..4016.26 rows=1023 width=121)
	  ->  Sort  (cost=4011.15..4013.71 rows=1023 width=121)
	        Sort Key: c
	        ->  Bitmap Heap Scan on sbtest3  (cost=30.92..3960.01 rows=1023 width=121)
	              Recheck Cond: ((id >= 4783976) AND (id <= 4784975))
	              ->  Bitmap Index Scan on sbtest3_pkey  (cost=0.00..30.66 rows=1023 width=0)
	                    Index Cond: ((id >= 4783976) AND (id <= 4784975))

table 4 : explain SELECT DISTINCT c FROM sbtest4 WHERE id BETWEEN 2133167 AND 2134166 ORDER BY c
	Unique  (cost=3865.59..3870.52 rows=985 width=121)
	  ->  Sort  (cost=3865.59..3868.05 rows=985 width=121)
	        Sort Key: c
	        ->  Bitmap Heap Scan on sbtest4  (cost=30.53..3816.62 rows=985 width=121)
	              Recheck Cond: ((id >= 2133167) AND (id <= 2134166))
	              ->  Bitmap Index Scan on sbtest4_pkey  (cost=0.00..30.29 rows=985 width=0)
	                    Index Cond: ((id >= 2133167) AND (id <= 2134166))

table 5 : explain SELECT DISTINCT c FROM sbtest5 WHERE id BETWEEN 8069263 AND 8070262 ORDER BY c
	Unique  (cost=4142.50..4147.78 rows=1056 width=121)
	  ->  Sort  (cost=4142.50..4145.14 rows=1056 width=121)
	        Sort Key: c
	        ->  Bitmap Heap Scan on sbtest5  (cost=31.26..4089.46 rows=1056 width=121)
	              Recheck Cond: ((id >= 8069263) AND (id <= 8070262))
	              ->  Bitmap Index Scan on sbtest5_pkey  (cost=0.00..31.00 rows=1056 width=0)
	                    Index Cond: ((id >= 8069263) AND (id <= 8070262))

table 6 : explain SELECT DISTINCT c FROM sbtest6 WHERE id BETWEEN 4267509 AND 4268508 ORDER BY c
	Unique  (cost=3802.31..3807.15 rows=968 width=121)
	  ->  Sort  (cost=3802.31..3804.73 rows=968 width=121)
	        Sort Key: c
	        ->  Bitmap Heap Scan on sbtest6  (cost=30.36..3754.30 rows=968 width=121)
	              Recheck Cond: ((id >= 4267509) AND (id <= 4268508))
	              ->  Bitmap Index Scan on sbtest6_pkey  (cost=0.00..30.11 rows=968 width=0)
	                    Index Cond: ((id >= 4267509) AND (id <= 4268508))

table 7 : explain SELECT DISTINCT c FROM sbtest7 WHERE id BETWEEN 8332361 AND 8333360 ORDER BY c
	Unique  (cost=3643.66..3648.29 rows=926 width=121)
	  ->  Sort  (cost=3643.66..3645.97 rows=926 width=121)
	        Sort Key: c
	        ->  Bitmap Heap Scan on sbtest7  (cost=29.93..3598.03 rows=926 width=121)
	              Recheck Cond: ((id >= 8332361) AND (id <= 8333360))
	              ->  Bitmap Index Scan on sbtest7_pkey  (cost=0.00..29.69 rows=926 width=0)
	                    Index Cond: ((id >= 8332361) AND (id <= 8333360))

table 8 : explain SELECT DISTINCT c FROM sbtest8 WHERE id BETWEEN 1768817 AND 1769816 ORDER BY c
	Unique  (cost=4113.04..4118.28 rows=1049 width=121)
	  ->  Sort  (cost=4113.04..4115.66 rows=1049 width=121)
	        Sort Key: c
	        ->  Bitmap Heap Scan on sbtest8  (cost=31.19..4060.40 rows=1049 width=121)
	              Recheck Cond: ((id >= 1768817) AND (id <= 1769816))
	              ->  Bitmap Index Scan on sbtest8_pkey  (cost=0.00..30.93 rows=1049 width=0)
	                    Index Cond: ((id >= 1768817) AND (id <= 1769816))

for point_selects
table 1 : explain SELECT c FROM sbtest1 WHERE id=9529166
	Index Scan using sbtest1_pkey on sbtest1  (cost=0.43..8.45 rows=1 width=121)
	  Index Cond: (id = 9529166)

table 2 : explain SELECT c FROM sbtest2 WHERE id=1512994
	Index Scan using sbtest2_pkey on sbtest2  (cost=0.43..8.45 rows=1 width=121)
	  Index Cond: (id = 1512994)

table 3 : explain SELECT c FROM sbtest3 WHERE id=2710003
	Index Scan using sbtest3_pkey on sbtest3  (cost=0.43..8.45 rows=1 width=121)
	  Index Cond: (id = 2710003)

table 4 : explain SELECT c FROM sbtest4 WHERE id=9829538
	Index Scan using sbtest4_pkey on sbtest4  (cost=0.43..8.45 rows=1 width=121)
	  Index Cond: (id = 9829538)

table 5 : explain SELECT c FROM sbtest5 WHERE id=6632028
	Index Scan using sbtest5_pkey on sbtest5  (cost=0.43..8.45 rows=1 width=121)
	  Index Cond: (id = 6632028)

table 6 : explain SELECT c FROM sbtest6 WHERE id=3533207
	Index Scan using sbtest6_pkey on sbtest6  (cost=0.43..8.45 rows=1 width=121)
	  Index Cond: (id = 3533207)

table 7 : explain SELECT c FROM sbtest7 WHERE id=4843407
	Index Scan using sbtest7_pkey on sbtest7  (cost=0.43..8.45 rows=1 width=121)
	  Index Cond: (id = 4843407)

table 8 : explain SELECT c FROM sbtest8 WHERE id=1264079
	Index Scan using sbtest8_pkey on sbtest8  (cost=0.43..8.45 rows=1 width=121)
	  Index Cond: (id = 1264079)

for: simple_ranges
table 1 : explain SELECT c FROM sbtest1 WHERE id BETWEEN 9355312 AND 9356311
	Bitmap Heap Scan on sbtest1  (cost=30.25..3712.84 rows=958 width=121)
	  Recheck Cond: ((id >= 9355312) AND (id <= 9356311))
	  ->  Bitmap Index Scan on sbtest1_pkey  (cost=0.00..30.01 rows=958 width=0)
	        Index Cond: ((id >= 9355312) AND (id <= 9356311))

table 2 : explain SELECT c FROM sbtest2 WHERE id BETWEEN 5046757 AND 5047756
	Bitmap Heap Scan on sbtest2  (cost=31.48..4166.51 rows=1078 width=121)
	  Recheck Cond: ((id >= 5046757) AND (id <= 5047756))
	  ->  Bitmap Index Scan on sbtest2_pkey  (cost=0.00..31.21 rows=1078 width=0)
	        Index Cond: ((id >= 5046757) AND (id <= 5047756))

table 3 : explain SELECT c FROM sbtest3 WHERE id BETWEEN 1762524 AND 1763523
	Bitmap Heap Scan on sbtest3  (cost=31.42..4144.56 rows=1072 width=121)
	  Recheck Cond: ((id >= 1762524) AND (id <= 1763523))
	  ->  Bitmap Index Scan on sbtest3_pkey  (cost=0.00..31.15 rows=1072 width=0)
	        Index Cond: ((id >= 1762524) AND (id <= 1763523))

table 4 : explain SELECT c FROM sbtest4 WHERE id BETWEEN 1880466 AND 1881465
	Bitmap Heap Scan on sbtest4  (cost=30.37..3756.21 rows=969 width=121)
	  Recheck Cond: ((id >= 1880466) AND (id <= 1881465))
	  ->  Bitmap Index Scan on sbtest4_pkey  (cost=0.00..30.12 rows=969 width=0)
	        Index Cond: ((id >= 1880466) AND (id <= 1881465))

table 5 : explain SELECT c FROM sbtest5 WHERE id BETWEEN 4245213 AND 4246212
	Bitmap Heap Scan on sbtest5  (cost=30.01..3628.29 rows=934 width=121)
	  Recheck Cond: ((id >= 4245213) AND (id <= 4246212))
	  ->  Bitmap Index Scan on sbtest5_pkey  (cost=0.00..29.77 rows=934 width=0)
	        Index Cond: ((id >= 4245213) AND (id <= 4246212))

table 6 : explain SELECT c FROM sbtest6 WHERE id BETWEEN 5095581 AND 5096580
	Bitmap Heap Scan on sbtest6  (cost=29.78..3542.46 rows=912 width=121)
	  Recheck Cond: ((id >= 5095581) AND (id <= 5096580))
	  ->  Bitmap Index Scan on sbtest6_pkey  (cost=0.00..29.55 rows=912 width=0)
	        Index Cond: ((id >= 5095581) AND (id <= 5096580))

table 7 : explain SELECT c FROM sbtest7 WHERE id BETWEEN 97365 AND 98364
	Bitmap Heap Scan on sbtest7  (cost=31.14..4044.24 rows=1044 width=121)
	  Recheck Cond: ((id >= 97365) AND (id <= 98364))
	  ->  Bitmap Index Scan on sbtest7_pkey  (cost=0.00..30.87 rows=1044 width=0)
	        Index Cond: ((id >= 97365) AND (id <= 98364))

table 8 : explain SELECT c FROM sbtest8 WHERE id BETWEEN 5348301 AND 5349300
	Bitmap Heap Scan on sbtest8  (cost=30.72..3886.87 rows=1003 width=121)
	  Recheck Cond: ((id >= 5348301) AND (id <= 5349300))
	  ->  Bitmap Index Scan on sbtest8_pkey  (cost=0.00..30.46 rows=1003 width=0)
	        Index Cond: ((id >= 5348301) AND (id <= 5349300))

for: order_ranges
table 1 : explain SELECT c FROM sbtest1 WHERE id BETWEEN 10782 AND 11781 ORDER BY c
	Sort  (cost=3813.91..3816.34 rows=972 width=121)
	  Sort Key: c
	  ->  Bitmap Heap Scan on sbtest1  (cost=30.40..3765.68 rows=972 width=121)
	        Recheck Cond: ((id >= 10782) AND (id <= 11781))
	        ->  Bitmap Index Scan on sbtest1_pkey  (cost=0.00..30.15 rows=972 width=0)
	              Index Cond: ((id >= 10782) AND (id <= 11781))

table 2 : explain SELECT c FROM sbtest2 WHERE id BETWEEN 2932066 AND 2933065 ORDER BY c
	Sort  (cost=3634.90..3637.21 rows=926 width=121)
	  Sort Key: c
	  ->  Bitmap Heap Scan on sbtest2  (cost=25.93..3589.27 rows=926 width=121)
	        Recheck Cond: ((id >= 2932066) AND (id <= 2933065))
	        ->  Bitmap Index Scan on sbtest2_pkey  (cost=0.00..25.69 rows=926 width=0)
	              Index Cond: ((id >= 2932066) AND (id <= 2933065))

table 3 : explain SELECT c FROM sbtest3 WHERE id BETWEEN 732283 AND 733282 ORDER BY c
	Sort  (cost=3604.68..3606.98 rows=918 width=121)
	  Sort Key: c
	  ->  Bitmap Heap Scan on sbtest3  (cost=25.84..3559.51 rows=918 width=121)
	        Recheck Cond: ((id >= 732283) AND (id <= 733282))
	        ->  Bitmap Index Scan on sbtest3_pkey  (cost=0.00..25.61 rows=918 width=0)
	              Index Cond: ((id >= 732283) AND (id <= 733282))

table 4 : explain SELECT c FROM sbtest4 WHERE id BETWEEN 5070232 AND 5071231 ORDER BY c
	Sort  (cost=4343.56..4346.34 rows=1110 width=121)
	  Sort Key: c
	  ->  Bitmap Heap Scan on sbtest4  (cost=31.81..4287.41 rows=1110 width=121)
	        Recheck Cond: ((id >= 5070232) AND (id <= 5071231))
	        ->  Bitmap Index Scan on sbtest4_pkey  (cost=0.00..31.54 rows=1110 width=0)
	              Index Cond: ((id >= 5070232) AND (id <= 5071231))

table 5 : explain SELECT c FROM sbtest5 WHERE id BETWEEN 7085103 AND 7086102 ORDER BY c
	Sort  (cost=3570.53..3572.80 rows=907 width=121)
	  Sort Key: c
	  ->  Bitmap Heap Scan on sbtest5  (cost=29.73..3525.97 rows=907 width=121)
	        Recheck Cond: ((id >= 7085103) AND (id <= 7086102))
	        ->  Bitmap Index Scan on sbtest5_pkey  (cost=0.00..29.50 rows=907 width=0)
	              Index Cond: ((id >= 7085103) AND (id <= 7086102))

table 6 : explain SELECT c FROM sbtest6 WHERE id BETWEEN 8544505 AND 8545504 ORDER BY c
	Sort  (cost=4089.68..4092.29 rows=1043 width=121)
	  Sort Key: c
	  ->  Bitmap Heap Scan on sbtest6  (cost=31.13..4037.39 rows=1043 width=121)
	        Recheck Cond: ((id >= 8544505) AND (id <= 8545504))
	        ->  Bitmap Index Scan on sbtest6_pkey  (cost=0.00..30.86 rows=1043 width=0)
	              Index Cond: ((id >= 8544505) AND (id <= 8545504))

table 7 : explain SELECT c FROM sbtest7 WHERE id BETWEEN 6987558 AND 6988557 ORDER BY c
	Sort  (cost=3824.26..3826.69 rows=973 width=121)
	  Sort Key: c
	  ->  Bitmap Heap Scan on sbtest7  (cost=30.41..3775.97 rows=973 width=121)
	        Recheck Cond: ((id >= 6987558) AND (id <= 6988557))
	        ->  Bitmap Index Scan on sbtest7_pkey  (cost=0.00..30.16 rows=973 width=0)
	              Index Cond: ((id >= 6987558) AND (id <= 6988557))

table 8 : explain SELECT c FROM sbtest8 WHERE id BETWEEN 5555118 AND 5556117 ORDER BY c
	Sort  (cost=4227.80..4230.50 rows=1079 width=121)
	  Sort Key: c
	  ->  Bitmap Heap Scan on sbtest8  (cost=31.49..4173.44 rows=1079 width=121)
	        Recheck Cond: ((id >= 5555118) AND (id <= 5556117))
	        ->  Bitmap Index Scan on sbtest8_pkey  (cost=0.00..31.22 rows=1079 width=0)
	              Index Cond: ((id >= 5555118) AND (id <= 5556117))

for: sum_ranges
table 1 : explain SELECT SUM(k) FROM sbtest1 WHERE id BETWEEN 8992060 AND 8993059
	Aggregate  (cost=3968.03..3968.04 rows=1 width=8)
	  ->  Bitmap Heap Scan on sbtest1  (cost=30.94..3965.47 rows=1025 width=4)
	        Recheck Cond: ((id >= 8992060) AND (id <= 8993059))
	        ->  Bitmap Index Scan on sbtest1_pkey  (cost=0.00..30.68 rows=1025 width=0)
	              Index Cond: ((id >= 8992060) AND (id <= 8993059))

table 2 : explain SELECT SUM(k) FROM sbtest2 WHERE id BETWEEN 6927389 AND 6928388
	Aggregate  (cost=3724.15..3724.16 rows=1 width=8)
	  ->  Bitmap Heap Scan on sbtest2  (cost=30.27..3721.75 rows=960 width=4)
	        Recheck Cond: ((id >= 6927389) AND (id <= 6928388))
	        ->  Bitmap Index Scan on sbtest2_pkey  (cost=0.00..30.04 rows=960 width=0)
	              Index Cond: ((id >= 6927389) AND (id <= 6928388))

table 3 : explain SELECT SUM(k) FROM sbtest3 WHERE id BETWEEN 2757313 AND 2758312
	Aggregate  (cost=4241.35..4241.36 rows=1 width=8)
	  ->  Bitmap Heap Scan on sbtest3  (cost=31.68..4238.61 rows=1097 width=4)
	        Recheck Cond: ((id >= 2757313) AND (id <= 2758312))
	        ->  Bitmap Index Scan on sbtest3_pkey  (cost=0.00..31.40 rows=1097 width=0)
	              Index Cond: ((id >= 2757313) AND (id <= 2758312))

table 4 : explain SELECT SUM(k) FROM sbtest4 WHERE id BETWEEN 7606374 AND 7607373
	Aggregate  (cost=3698.16..3698.17 rows=1 width=8)
	  ->  Bitmap Heap Scan on sbtest4  (cost=30.20..3695.78 rows=953 width=4)
	        Recheck Cond: ((id >= 7606374) AND (id <= 7607373))
	        ->  Bitmap Index Scan on sbtest4_pkey  (cost=0.00..29.96 rows=953 width=0)
	              Index Cond: ((id >= 7606374) AND (id <= 7607373))

table 5 : explain SELECT SUM(k) FROM sbtest5 WHERE id BETWEEN 4247475 AND 4248474
	Aggregate  (cost=3630.62..3630.63 rows=1 width=8)
	  ->  Bitmap Heap Scan on sbtest5  (cost=30.01..3628.29 rows=934 width=4)
	        Recheck Cond: ((id >= 4247475) AND (id <= 4248474))
	        ->  Bitmap Index Scan on sbtest5_pkey  (cost=0.00..29.77 rows=934 width=0)
	              Index Cond: ((id >= 4247475) AND (id <= 4248474))

table 6 : explain SELECT SUM(k) FROM sbtest6 WHERE id BETWEEN 1819560 AND 1820559
	Aggregate  (cost=4058.86..4058.87 rows=1 width=8)
	  ->  Bitmap Heap Scan on sbtest6  (cost=31.18..4056.24 rows=1048 width=4)
	        Recheck Cond: ((id >= 1819560) AND (id <= 1820559))
	        ->  Bitmap Index Scan on sbtest6_pkey  (cost=0.00..30.91 rows=1048 width=0)
	              Index Cond: ((id >= 1819560) AND (id <= 1820559))

table 7 : explain SELECT SUM(k) FROM sbtest7 WHERE id BETWEEN 6561589 AND 6562588
	Aggregate  (cost=3732.97..3732.98 rows=1 width=8)
	  ->  Bitmap Heap Scan on sbtest7  (cost=30.29..3730.56 rows=961 width=4)
	        Recheck Cond: ((id >= 6561589) AND (id <= 6562588))
	        ->  Bitmap Index Scan on sbtest7_pkey  (cost=0.00..30.04 rows=961 width=0)
	              Index Cond: ((id >= 6561589) AND (id <= 6562588))

table 8 : explain SELECT SUM(k) FROM sbtest8 WHERE id BETWEEN 8745148 AND 8746147
	Aggregate  (cost=3590.52..3590.53 rows=1 width=8)
	  ->  Bitmap Heap Scan on sbtest8  (cost=29.91..3588.21 rows=924 width=4)
	        Recheck Cond: ((id >= 8745148) AND (id <= 8746147))
	        ->  Bitmap Index Scan on sbtest8_pkey  (cost=0.00..29.68 rows=924 width=0)
	              Index Cond: ((id >= 8745148) AND (id <= 8746147))

for: distinct_ranges
table 1 : explain SELECT DISTINCT c FROM sbtest1 WHERE id BETWEEN 9927505 AND 9928504 ORDER BY c
	Unique  (cost=3748.79..3753.56 rows=955 width=121)
	  ->  Sort  (cost=3748.79..3751.18 rows=955 width=121)
	        Sort Key: c
	        ->  Bitmap Heap Scan on sbtest1  (cost=30.22..3701.52 rows=955 width=121)
	              Recheck Cond: ((id >= 9927505) AND (id <= 9928504))
	              ->  Bitmap Index Scan on sbtest1_pkey  (cost=0.00..29.98 rows=955 width=0)
	                    Index Cond: ((id >= 9927505) AND (id <= 9928504))

table 2 : explain SELECT DISTINCT c FROM sbtest2 WHERE id BETWEEN 318949 AND 319948 ORDER BY c
	Unique  (cost=3535.08..3539.58 rows=900 width=121)
	  ->  Sort  (cost=3535.08..3537.33 rows=900 width=121)
	        Sort Key: c
	        ->  Bitmap Heap Scan on sbtest2  (cost=25.66..3490.92 rows=900 width=121)
	              Recheck Cond: ((id >= 318949) AND (id <= 319948))
	              ->  Bitmap Index Scan on sbtest2_pkey  (cost=0.00..25.43 rows=900 width=0)
	                    Index Cond: ((id >= 318949) AND (id <= 319948))

table 3 : explain SELECT DISTINCT c FROM sbtest3 WHERE id BETWEEN 3037823 AND 3038822 ORDER BY c
	Unique  (cost=3746.82..3751.59 rows=954 width=121)
	  ->  Sort  (cost=3746.82..3749.21 rows=954 width=121)
	        Sort Key: c
	        ->  Bitmap Heap Scan on sbtest3  (cost=30.21..3699.61 rows=954 width=121)
	              Recheck Cond: ((id >= 3037823) AND (id <= 3038822))
	              ->  Bitmap Index Scan on sbtest3_pkey  (cost=0.00..29.97 rows=954 width=0)
	                    Index Cond: ((id >= 3037823) AND (id <= 3038822))

table 4 : explain SELECT DISTINCT c FROM sbtest4 WHERE id BETWEEN 2019778 AND 2020777 ORDER BY c
	Unique  (cost=3865.59..3870.52 rows=985 width=121)
	  ->  Sort  (cost=3865.59..3868.05 rows=985 width=121)
	        Sort Key: c
	        ->  Bitmap Heap Scan on sbtest4  (cost=30.53..3816.62 rows=985 width=121)
	              Recheck Cond: ((id >= 2019778) AND (id <= 2020777))
	              ->  Bitmap Index Scan on sbtest4_pkey  (cost=0.00..30.29 rows=985 width=0)
	                    Index Cond: ((id >= 2019778) AND (id <= 2020777))

table 5 : explain SELECT DISTINCT c FROM sbtest5 WHERE id BETWEEN 2625675 AND 2626674 ORDER BY c
	Unique  (cost=3797.32..3802.15 rows=966 width=121)
	  ->  Sort  (cost=3797.32..3799.74 rows=966 width=121)
	        Sort Key: c
	        ->  Bitmap Heap Scan on sbtest5  (cost=30.34..3749.43 rows=966 width=121)
	              Recheck Cond: ((id >= 2625675) AND (id <= 2626674))
	              ->  Bitmap Index Scan on sbtest5_pkey  (cost=0.00..30.09 rows=966 width=0)
	                    Index Cond: ((id >= 2625675) AND (id <= 2626674))

table 6 : explain SELECT DISTINCT c FROM sbtest6 WHERE id BETWEEN 235167 AND 236166 ORDER BY c
	Unique  (cost=3679.49..3684.17 rows=936 width=121)
	  ->  Sort  (cost=3679.49..3681.83 rows=936 width=121)
	        Sort Key: c
	        ->  Bitmap Heap Scan on sbtest6  (cost=30.03..3633.30 rows=936 width=121)
	              Recheck Cond: ((id >= 235167) AND (id <= 236166))
	              ->  Bitmap Index Scan on sbtest6_pkey  (cost=0.00..29.79 rows=936 width=0)
	                    Index Cond: ((id >= 235167) AND (id <= 236166))

table 7 : explain SELECT DISTINCT c FROM sbtest7 WHERE id BETWEEN 7333643 AND 7334642 ORDER BY c
	Unique  (cost=3797.38..3802.21 rows=966 width=121)
	  ->  Sort  (cost=3797.38..3799.79 rows=966 width=121)
	        Sort Key: c
	        ->  Bitmap Heap Scan on sbtest7  (cost=30.34..3749.48 rows=966 width=121)
	              Recheck Cond: ((id >= 7333643) AND (id <= 7334642))
	              ->  Bitmap Index Scan on sbtest7_pkey  (cost=0.00..30.09 rows=966 width=0)
	                    Index Cond: ((id >= 7333643) AND (id <= 7334642))

table 8 : explain SELECT DISTINCT c FROM sbtest8 WHERE id BETWEEN 8022062 AND 8023061 ORDER BY c
	Unique  (cost=3956.03..3961.07 rows=1008 width=121)
	  ->  Sort  (cost=3956.03..3958.55 rows=1008 width=121)
	        Sort Key: c
	        ->  Bitmap Heap Scan on sbtest8  (cost=30.77..3905.74 rows=1008 width=121)
	              Recheck Cond: ((id >= 8022062) AND (id <= 8023061))
	              ->  Bitmap Index Scan on sbtest8_pkey  (cost=0.00..30.51 rows=1008 width=0)
	                    Index Cond: ((id >= 8022062) AND (id <= 8023061))

explain: for point_selects :: explain SELECT c FROM sbtest%u WHERE id=%u
for: distinct_ranges
table 1 : explain SELECT DISTINCT c FROM sbtest1 WHERE id BETWEEN 7623529 AND 7624528 ORDER BY c
	Unique  (cost=3882.83..3887.78 rows=990 width=121)
	  ->  Sort  (cost=3882.83..3885.31 rows=990 width=121)
	        Sort Key: c
	        ->  Bitmap Heap Scan on sbtest1  (cost=30.58..3833.57 rows=990 width=121)
	              Recheck Cond: ((id >= 7623529) AND (id <= 7624528))
	              ->  Bitmap Index Scan on sbtest1_pkey  (cost=0.00..30.33 rows=990 width=0)
	                    Index Cond: ((id >= 7623529) AND (id <= 7624528))

table 2 : explain SELECT DISTINCT c FROM sbtest2 WHERE id BETWEEN 7939099 AND 7940098 ORDER BY c
	Unique  (cost=3654.08..3658.74 rows=931 width=121)
	  ->  Sort  (cost=3654.08..3656.41 rows=931 width=121)
	        Sort Key: c
	        ->  Bitmap Heap Scan on sbtest2  (cost=25.98..3608.17 rows=931 width=121)
	              Recheck Cond: ((id >= 7939099) AND (id <= 7940098))
	              ->  Bitmap Index Scan on sbtest2_pkey  (cost=0.00..25.75 rows=931 width=0)
	                    Index Cond: ((id >= 7939099) AND (id <= 7940098))

table 3 : explain SELECT DISTINCT c FROM sbtest3 WHERE id BETWEEN 1330019 AND 1331018 ORDER BY c
	Unique  (cost=3819.67..3824.53 rows=973 width=121)
	  ->  Sort  (cost=3819.67..3822.10 rows=973 width=121)
	        Sort Key: c
	        ->  Bitmap Heap Scan on sbtest3  (cost=30.41..3771.37 rows=973 width=121)
	              Recheck Cond: ((id >= 1330019) AND (id <= 1331018))
	              ->  Bitmap Index Scan on sbtest3_pkey  (cost=0.00..30.16 rows=973 width=0)
	                    Index Cond: ((id >= 1330019) AND (id <= 1331018))

table 4 : explain SELECT DISTINCT c FROM sbtest4 WHERE id BETWEEN 8920616 AND 8921615 ORDER BY c
	Unique  (cost=4236.65..4242.06 rows=1082 width=121)
	  ->  Sort  (cost=4236.65..4239.36 rows=1082 width=121)
	        Sort Key: c
	        ->  Bitmap Heap Scan on sbtest4  (cost=31.53..4182.12 rows=1082 width=121)
	              Recheck Cond: ((id >= 8920616) AND (id <= 8921615))
	              ->  Bitmap Index Scan on sbtest4_pkey  (cost=0.00..31.25 rows=1082 width=0)
	                    Index Cond: ((id >= 8920616) AND (id <= 8921615))

table 5 : explain SELECT DISTINCT c FROM sbtest5 WHERE id BETWEEN 6963446 AND 6964445 ORDER BY c
	Unique  (cost=3885.63..3890.57 rows=989 width=121)
	  ->  Sort  (cost=3885.63..3888.10 rows=989 width=121)
	        Sort Key: c
	        ->  Bitmap Heap Scan on sbtest5  (cost=30.57..3836.42 rows=989 width=121)
	              Recheck Cond: ((id >= 6963446) AND (id <= 6964445))
	              ->  Bitmap Index Scan on sbtest5_pkey  (cost=0.00..30.32 rows=989 width=0)
	                    Index Cond: ((id >= 6963446) AND (id <= 6964445))

table 6 : explain SELECT DISTINCT c FROM sbtest6 WHERE id BETWEEN 8138182 AND 8139181 ORDER BY c
	Unique  (cost=3867.50..3872.43 rows=985 width=121)
	  ->  Sort  (cost=3867.50..3869.96 rows=985 width=121)
	        Sort Key: c
	        ->  Bitmap Heap Scan on sbtest6  (cost=30.53..3818.53 rows=985 width=121)
	              Recheck Cond: ((id >= 8138182) AND (id <= 8139181))
	              ->  Bitmap Index Scan on sbtest6_pkey  (cost=0.00..30.29 rows=985 width=0)
	                    Index Cond: ((id >= 8138182) AND (id <= 8139181))

table 7 : explain SELECT DISTINCT c FROM sbtest7 WHERE id BETWEEN 3167805 AND 3168804 ORDER BY c
	Unique  (cost=4142.56..4147.84 rows=1056 width=121)
	  ->  Sort  (cost=4142.56..4145.20 rows=1056 width=121)
	        Sort Key: c
	        ->  Bitmap Heap Scan on sbtest7  (cost=31.26..4089.53 rows=1056 width=121)
	              Recheck Cond: ((id >= 3167805) AND (id <= 3168804))
	              ->  Bitmap Index Scan on sbtest7_pkey  (cost=0.00..31.00 rows=1056 width=0)
	                    Index Cond: ((id >= 3167805) AND (id <= 3168804))

table 8 : explain SELECT DISTINCT c FROM sbtest8 WHERE id BETWEEN 6345000 AND 6345999 ORDER BY c
	Unique  (cost=3760.45..3765.23 rows=957 width=121)
	  ->  Sort  (cost=3760.45..3762.84 rows=957 width=121)
	        Sort Key: c
	        ->  Bitmap Heap Scan on sbtest8  (cost=30.24..3713.06 rows=957 width=121)
	              Recheck Cond: ((id >= 6345000) AND (id <= 6345999))
	              ->  Bitmap Index Scan on sbtest8_pkey  (cost=0.00..30.00 rows=957 width=0)
	                    Index Cond: ((id >= 6345000) AND (id <= 6345999))

explain: for point_selects :: explain SELECT c FROM sbtest%u WHERE id=%u
for: distinct_ranges
table 1 : explain SELECT DISTINCT c FROM sbtest1 WHERE id BETWEEN 4553017 AND 4554016 ORDER BY c
	Unique  (cost=3695.13..3699.84 rows=941 width=121)
	  ->  Sort  (cost=3695.13..3697.48 rows=941 width=121)
	        Sort Key: c
	        ->  Bitmap Heap Scan on sbtest1  (cost=30.08..3648.65 rows=941 width=121)
	              Recheck Cond: ((id >= 4553017) AND (id <= 4554016))
	              ->  Bitmap Index Scan on sbtest1_pkey  (cost=0.00..29.84 rows=941 width=0)
	                    Index Cond: ((id >= 4553017) AND (id <= 4554016))

table 2 : explain SELECT DISTINCT c FROM sbtest2 WHERE id BETWEEN 3232741 AND 3233740 ORDER BY c
	Unique  (cost=4140.58..4145.87 rows=1057 width=121)
	  ->  Sort  (cost=4140.58..4143.22 rows=1057 width=121)
	        Sort Key: c
	        ->  Bitmap Heap Scan on sbtest2  (cost=31.27..4087.49 rows=1057 width=121)
	              Recheck Cond: ((id >= 3232741) AND (id <= 3233740))
	              ->  Bitmap Index Scan on sbtest2_pkey  (cost=0.00..31.00 rows=1057 width=0)
	                    Index Cond: ((id >= 3232741) AND (id <= 3233740))

table 3 : explain SELECT DISTINCT c FROM sbtest3 WHERE id BETWEEN 548306 AND 549305 ORDER BY c
	Unique  (cost=4068.54..4073.73 rows=1038 width=121)
	  ->  Sort  (cost=4068.54..4071.13 rows=1038 width=121)
	        Sort Key: c
	        ->  Bitmap Heap Scan on sbtest3  (cost=31.07..4016.53 rows=1038 width=121)
	              Recheck Cond: ((id >= 548306) AND (id <= 549305))
	              ->  Bitmap Index Scan on sbtest3_pkey  (cost=0.00..30.82 rows=1038 width=0)
	                    Index Cond: ((id >= 548306) AND (id <= 549305))

table 4 : explain SELECT DISTINCT c FROM sbtest4 WHERE id BETWEEN 7037221 AND 7038220 ORDER BY c
	Unique  (cost=3857.93..3862.84 rows=983 width=121)
	  ->  Sort  (cost=3857.93..3860.39 rows=983 width=121)
	        Sort Key: c
	        ->  Bitmap Heap Scan on sbtest4  (cost=30.51..3809.07 rows=983 width=121)
	              Recheck Cond: ((id >= 7037221) AND (id <= 7038220))
	              ->  Bitmap Index Scan on sbtest4_pkey  (cost=0.00..30.26 rows=983 width=0)
	                    Index Cond: ((id >= 7037221) AND (id <= 7038220))

table 5 : explain SELECT DISTINCT c FROM sbtest5 WHERE id BETWEEN 7749557 AND 7750556 ORDER BY c
	Unique  (cost=4092.70..4097.91 rows=1043 width=121)
	  ->  Sort  (cost=4092.70..4095.31 rows=1043 width=121)
	        Sort Key: c
	        ->  Bitmap Heap Scan on sbtest5  (cost=31.13..4040.41 rows=1043 width=121)
	              Recheck Cond: ((id >= 7749557) AND (id <= 7750556))
	              ->  Bitmap Index Scan on sbtest5_pkey  (cost=0.00..30.86 rows=1043 width=0)
	                    Index Cond: ((id >= 7749557) AND (id <= 7750556))

table 6 : explain SELECT DISTINCT c FROM sbtest6 WHERE id BETWEEN 4025745 AND 4026744 ORDER BY c
	Unique  (cost=3813.81..3818.67 rows=971 width=121)
	  ->  Sort  (cost=3813.81..3816.24 rows=971 width=121)
	        Sort Key: c
	        ->  Bitmap Heap Scan on sbtest6  (cost=30.39..3765.64 rows=971 width=121)
	              Recheck Cond: ((id >= 4025745) AND (id <= 4026744))
	              ->  Bitmap Index Scan on sbtest6_pkey  (cost=0.00..30.14 rows=971 width=0)
	                    Index Cond: ((id >= 4025745) AND (id <= 4026744))

table 7 : explain SELECT DISTINCT c FROM sbtest7 WHERE id BETWEEN 168426 AND 169425 ORDER BY c
	Unique  (cost=4096.59..4101.81 rows=1044 width=121)
	  ->  Sort  (cost=4096.59..4099.20 rows=1044 width=121)
	        Sort Key: c
	        ->  Bitmap Heap Scan on sbtest7  (cost=31.14..4044.24 rows=1044 width=121)
	              Recheck Cond: ((id >= 168426) AND (id <= 169425))
	              ->  Bitmap Index Scan on sbtest7_pkey  (cost=0.00..30.87 rows=1044 width=0)
	                    Index Cond: ((id >= 168426) AND (id <= 169425))

table 8 : explain SELECT DISTINCT c FROM sbtest8 WHERE id BETWEEN 2117937 AND 2118936 ORDER BY c
	Unique  (cost=4258.38..4263.82 rows=1087 width=121)
	  ->  Sort  (cost=4258.38..4261.10 rows=1087 width=121)
	        Sort Key: c
	        ->  Bitmap Heap Scan on sbtest8  (cost=31.58..4203.57 rows=1087 width=121)
	              Recheck Cond: ((id >= 2117937) AND (id <= 2118936))
	              ->  Bitmap Index Scan on sbtest8_pkey  (cost=0.00..31.30 rows=1087 width=0)
	                    Index Cond: ((id >= 2117937) AND (id <= 2118936))

for point_selects
table 1 : explain SELECT c FROM sbtest1 WHERE id=6348271
	Index Scan using sbtest1_pkey on sbtest1  (cost=0.43..8.45 rows=1 width=121)
	  Index Cond: (id = 6348271)

table 2 : explain SELECT c FROM sbtest2 WHERE id=2173276
	Index Scan using sbtest2_pkey on sbtest2  (cost=0.43..8.45 rows=1 width=121)
	  Index Cond: (id = 2173276)

table 3 : explain SELECT c FROM sbtest3 WHERE id=1628924
	Index Scan using sbtest3_pkey on sbtest3  (cost=0.43..8.45 rows=1 width=121)
	  Index Cond: (id = 1628924)

table 4 : explain SELECT c FROM sbtest4 WHERE id=4115159
	Index Scan using sbtest4_pkey on sbtest4  (cost=0.43..8.45 rows=1 width=121)
	  Index Cond: (id = 4115159)

table 5 : explain SELECT c FROM sbtest5 WHERE id=194761
	Index Scan using sbtest5_pkey on sbtest5  (cost=0.43..8.45 rows=1 width=121)
	  Index Cond: (id = 194761)

table 6 : explain SELECT c FROM sbtest6 WHERE id=1102228
	Index Scan using sbtest6_pkey on sbtest6  (cost=0.43..8.45 rows=1 width=121)
	  Index Cond: (id = 1102228)

table 7 : explain SELECT c FROM sbtest7 WHERE id=8660995
	Index Scan using sbtest7_pkey on sbtest7  (cost=0.43..8.45 rows=1 width=121)
	  Index Cond: (id = 8660995)

table 8 : explain SELECT c FROM sbtest8 WHERE id=8389152
	Index Scan using sbtest8_pkey on sbtest8  (cost=0.43..8.45 rows=1 width=121)
	  Index Cond: (id = 8389152)

for point_selects
table 1 : explain SELECT c FROM sbtest1 WHERE id=7656764
	Index Scan using sbtest1_pkey on sbtest1  (cost=0.43..8.45 rows=1 width=121)
	  Index Cond: (id = 7656764)

table 2 : explain SELECT c FROM sbtest2 WHERE id=8146812
	Index Scan using sbtest2_pkey on sbtest2  (cost=0.43..8.45 rows=1 width=121)
	  Index Cond: (id = 8146812)

table 3 : explain SELECT c FROM sbtest3 WHERE id=3746823
	Index Scan using sbtest3_pkey on sbtest3  (cost=0.43..8.45 rows=1 width=121)
	  Index Cond: (id = 3746823)

table 4 : explain SELECT c FROM sbtest4 WHERE id=8786436
	Index Scan using sbtest4_pkey on sbtest4  (cost=0.43..8.45 rows=1 width=121)
	  Index Cond: (id = 8786436)

table 5 : explain SELECT c FROM sbtest5 WHERE id=5494812
	Index Scan using sbtest5_pkey on sbtest5  (cost=0.43..8.45 rows=1 width=121)
	  Index Cond: (id = 5494812)

table 6 : explain SELECT c FROM sbtest6 WHERE id=3107060
	Index Scan using sbtest6_pkey on sbtest6  (cost=0.43..8.45 rows=1 width=121)
	  Index Cond: (id = 3107060)

table 7 : explain SELECT c FROM sbtest7 WHERE id=1483549
	Index Scan using sbtest7_pkey on sbtest7  (cost=0.43..8.45 rows=1 width=121)
	  Index Cond: (id = 1483549)

table 8 : explain SELECT c FROM sbtest8 WHERE id=5440010
	Index Scan using sbtest8_pkey on sbtest8  (cost=0.43..8.45 rows=1 width=121)
	  Index Cond: (id = 5440010)

for: order_ranges
table 1 : explain SELECT c FROM sbtest1 WHERE id BETWEEN 4803857 AND 4804856 ORDER BY c
	Sort  (cost=3783.27..3785.68 rows=964 width=121)
	  Sort Key: c
	  ->  Bitmap Heap Scan on sbtest1  (cost=30.32..3735.49 rows=964 width=121)
	        Recheck Cond: ((id >= 4803857) AND (id <= 4804856))
	        ->  Bitmap Index Scan on sbtest1_pkey  (cost=0.00..30.07 rows=964 width=0)
	              Index Cond: ((id >= 4803857) AND (id <= 4804856))

table 2 : explain SELECT c FROM sbtest2 WHERE id BETWEEN 4330982 AND 4331981 ORDER BY c
	Sort  (cost=3926.37..3928.88 rows=1001 width=121)
	  Sort Key: c
	  ->  Bitmap Heap Scan on sbtest2  (cost=30.70..3876.49 rows=1001 width=121)
	        Recheck Cond: ((id >= 4330982) AND (id <= 4331981))
	        ->  Bitmap Index Scan on sbtest2_pkey  (cost=0.00..30.44 rows=1001 width=0)
	              Index Cond: ((id >= 4330982) AND (id <= 4331981))

table 3 : explain SELECT c FROM sbtest3 WHERE id BETWEEN 3343794 AND 3344793 ORDER BY c
	Sort  (cost=3907.79..3910.28 rows=996 width=121)
	  Sort Key: c
	  ->  Bitmap Heap Scan on sbtest3  (cost=30.64..3858.18 rows=996 width=121)
	        Recheck Cond: ((id >= 3343794) AND (id <= 3344793))
	        ->  Bitmap Index Scan on sbtest3_pkey  (cost=0.00..30.39 rows=996 width=0)
	              Index Cond: ((id >= 3343794) AND (id <= 3344793))

table 4 : explain SELECT c FROM sbtest4 WHERE id BETWEEN 1690025 AND 1691024 ORDER BY c
	Sort  (cost=3926.87..3929.38 rows=1001 width=121)
	  Sort Key: c
	  ->  Bitmap Heap Scan on sbtest4  (cost=30.70..3876.99 rows=1001 width=121)
	        Recheck Cond: ((id >= 1690025) AND (id <= 1691024))
	        ->  Bitmap Index Scan on sbtest4_pkey  (cost=0.00..30.44 rows=1001 width=0)
	              Index Cond: ((id >= 1690025) AND (id <= 1691024))

table 5 : explain SELECT c FROM sbtest5 WHERE id BETWEEN 1431385 AND 1432384 ORDER BY c
	Sort  (cost=4272.66..4275.38 rows=1090 width=121)
	  Sort Key: c
	  ->  Bitmap Heap Scan on sbtest5  (cost=31.61..4217.67 rows=1090 width=121)
	        Recheck Cond: ((id >= 1431385) AND (id <= 1432384))
	        ->  Bitmap Index Scan on sbtest5_pkey  (cost=0.00..31.33 rows=1090 width=0)
	              Index Cond: ((id >= 1431385) AND (id <= 1432384))

table 6 : explain SELECT c FROM sbtest6 WHERE id BETWEEN 2752503 AND 2753502 ORDER BY c
	Sort  (cost=4036.09..4038.66 rows=1029 width=121)
	  Sort Key: c
	  ->  Bitmap Heap Scan on sbtest6  (cost=30.98..3984.60 rows=1029 width=121)
	        Recheck Cond: ((id >= 2752503) AND (id <= 2753502))
	        ->  Bitmap Index Scan on sbtest6_pkey  (cost=0.00..30.72 rows=1029 width=0)
	              Index Cond: ((id >= 2752503) AND (id <= 2753502))

table 7 : explain SELECT c FROM sbtest7 WHERE id BETWEEN 6018392 AND 6019391 ORDER BY c
	Sort  (cost=4031.44..4034.00 rows=1027 width=121)
	  Sort Key: c
	  ->  Bitmap Heap Scan on sbtest7  (cost=30.96..3980.06 rows=1027 width=121)
	        Recheck Cond: ((id >= 6018392) AND (id <= 6019391))
	        ->  Bitmap Index Scan on sbtest7_pkey  (cost=0.00..30.70 rows=1027 width=0)
	              Index Cond: ((id >= 6018392) AND (id <= 6019391))

table 8 : explain SELECT c FROM sbtest8 WHERE id BETWEEN 9103712 AND 9104711 ORDER BY c
	Sort  (cost=4055.62..4058.20 rows=1034 width=121)
	  Sort Key: c
	  ->  Bitmap Heap Scan on sbtest8  (cost=31.03..4003.84 rows=1034 width=121)
	        Recheck Cond: ((id >= 9103712) AND (id <= 9104711))
	        ->  Bitmap Index Scan on sbtest8_pkey  (cost=0.00..30.77 rows=1034 width=0)
	              Index Cond: ((id >= 9103712) AND (id <= 9104711))

for: distinct_ranges
table 1 : explain SELECT DISTINCT c FROM sbtest1 WHERE id BETWEEN 8386192 AND 8387191 ORDER BY c
	Unique  (cost=4131.37..4136.65 rows=1055 width=121)
	  ->  Sort  (cost=4131.37..4134.01 rows=1055 width=121)
	        Sort Key: c
	        ->  Bitmap Heap Scan on sbtest1  (cost=31.25..4078.40 rows=1055 width=121)
	              Recheck Cond: ((id >= 8386192) AND (id <= 8387191))
	              ->  Bitmap Index Scan on sbtest1_pkey  (cost=0.00..30.98 rows=1055 width=0)
	                    Index Cond: ((id >= 8386192) AND (id <= 8387191))

table 2 : explain SELECT DISTINCT c FROM sbtest2 WHERE id BETWEEN 8568977 AND 8569976 ORDER BY c
	Unique  (cost=4247.55..4252.97 rows=1085 width=121)
	  ->  Sort  (cost=4247.55..4250.26 rows=1085 width=121)
	        Sort Key: c
	        ->  Bitmap Heap Scan on sbtest2  (cost=31.56..4192.84 rows=1085 width=121)
	              Recheck Cond: ((id >= 8568977) AND (id <= 8569976))
	              ->  Bitmap Index Scan on sbtest2_pkey  (cost=0.00..31.29 rows=1085 width=0)
	                    Index Cond: ((id >= 8568977) AND (id <= 8569976))

table 3 : explain SELECT DISTINCT c FROM sbtest3 WHERE id BETWEEN 9524992 AND 9525991 ORDER BY c
	Unique  (cost=4179.41..4184.75 rows=1067 width=121)
	  ->  Sort  (cost=4179.41..4182.08 rows=1067 width=121)
	        Sort Key: c
	        ->  Bitmap Heap Scan on sbtest3  (cost=31.37..4125.74 rows=1067 width=121)
	              Recheck Cond: ((id >= 9524992) AND (id <= 9525991))
	              ->  Bitmap Index Scan on sbtest3_pkey  (cost=0.00..31.11 rows=1067 width=0)
	                    Index Cond: ((id >= 9524992) AND (id <= 9525991))

table 4 : explain SELECT DISTINCT c FROM sbtest4 WHERE id BETWEEN 3029801 AND 3030800 ORDER BY c
	Unique  (cost=3968.99..3974.05 rows=1012 width=121)
	  ->  Sort  (cost=3968.99..3971.52 rows=1012 width=121)
	        Sort Key: c
	        ->  Bitmap Heap Scan on sbtest4  (cost=30.81..3918.47 rows=1012 width=121)
	              Recheck Cond: ((id >= 3029801) AND (id <= 3030800))
	              ->  Bitmap Index Scan on sbtest4_pkey  (cost=0.00..30.55 rows=1012 width=0)
	                    Index Cond: ((id >= 3029801) AND (id <= 3030800))

table 5 : explain SELECT DISTINCT c FROM sbtest5 WHERE id BETWEEN 264536 AND 265535 ORDER BY c
	Unique  (cost=3770.44..3775.23 rows=959 width=121)
	  ->  Sort  (cost=3770.44..3772.84 rows=959 width=121)
	        Sort Key: c
	        ->  Bitmap Heap Scan on sbtest5  (cost=30.26..3722.94 rows=959 width=121)
	              Recheck Cond: ((id >= 264536) AND (id <= 265535))
	              ->  Bitmap Index Scan on sbtest5_pkey  (cost=0.00..30.02 rows=959 width=0)
	                    Index Cond: ((id >= 264536) AND (id <= 265535))

table 6 : explain SELECT DISTINCT c FROM sbtest6 WHERE id BETWEEN 1358362 AND 1359361 ORDER BY c
	Unique  (cost=3433.33..3437.69 rows=873 width=121)
	  ->  Sort  (cost=3433.33..3435.51 rows=873 width=121)
	        Sort Key: c
	        ->  Bitmap Heap Scan on sbtest6  (cost=25.38..3390.68 rows=873 width=121)
	              Recheck Cond: ((id >= 1358362) AND (id <= 1359361))
	              ->  Bitmap Index Scan on sbtest6_pkey  (cost=0.00..25.16 rows=873 width=0)
	                    Index Cond: ((id >= 1358362) AND (id <= 1359361))

table 7 : explain SELECT DISTINCT c FROM sbtest7 WHERE id BETWEEN 2411111 AND 2412110 ORDER BY c
	Unique  (cost=3805.06..3809.90 rows=968 width=121)
	  ->  Sort  (cost=3805.06..3807.48 rows=968 width=121)
	        Sort Key: c
	        ->  Bitmap Heap Scan on sbtest7  (cost=30.36..3757.05 rows=968 width=121)
	              Recheck Cond: ((id >= 2411111) AND (id <= 2412110))
	              ->  Bitmap Index Scan on sbtest7_pkey  (cost=0.00..30.11 rows=968 width=0)
	                    Index Cond: ((id >= 2411111) AND (id <= 2412110))

table 8 : explain SELECT DISTINCT c FROM sbtest8 WHERE id BETWEEN 6445649 AND 6446648 ORDER BY c
	Unique  (cost=3833.35..3838.23 rows=976 width=121)
	  ->  Sort  (cost=3833.35..3835.79 rows=976 width=121)
	        Sort Key: c
	        ->  Bitmap Heap Scan on sbtest8  (cost=30.44..3784.88 rows=976 width=121)
	              Recheck Cond: ((id >= 6445649) AND (id <= 6446648))
	              ->  Bitmap Index Scan on sbtest8_pkey  (cost=0.00..30.19 rows=976 width=0)
	                    Index Cond: ((id >= 6445649) AND (id <= 6446648))

explain: for point_selects :: explain SELECT c FROM sbtest%u WHERE id=%u
for: order_ranges
table 1 : explain SELECT c FROM sbtest1 WHERE id BETWEEN 1334330 AND 1335329 ORDER BY c
	Sort  (cost=4070.24..4072.84 rows=1039 width=121)
	  Sort Key: c
	  ->  Bitmap Heap Scan on sbtest1  (cost=31.08..4018.18 rows=1039 width=121)
	        Recheck Cond: ((id >= 1334330) AND (id <= 1335329))
	        ->  Bitmap Index Scan on sbtest1_pkey  (cost=0.00..30.82 rows=1039 width=0)
	              Index Cond: ((id >= 1334330) AND (id <= 1335329))

table 2 : explain SELECT c FROM sbtest2 WHERE id BETWEEN 6602420 AND 6603419 ORDER BY c
	Sort  (cost=3815.30..3817.73 rows=972 width=121)
	  Sort Key: c
	  ->  Bitmap Heap Scan on sbtest2  (cost=30.40..3767.06 rows=972 width=121)
	        Recheck Cond: ((id >= 6602420) AND (id <= 6603419))
	        ->  Bitmap Index Scan on sbtest2_pkey  (cost=0.00..30.15 rows=972 width=0)
	              Index Cond: ((id >= 6602420) AND (id <= 6603419))

table 3 : explain SELECT c FROM sbtest3 WHERE id BETWEEN 8756264 AND 8757263 ORDER BY c
	Sort  (cost=4080.01..4082.61 rows=1041 width=121)
	  Sort Key: c
	  ->  Bitmap Heap Scan on sbtest3  (cost=31.11..4027.84 rows=1041 width=121)
	        Recheck Cond: ((id >= 8756264) AND (id <= 8757263))
	        ->  Bitmap Index Scan on sbtest3_pkey  (cost=0.00..30.84 rows=1041 width=0)
	              Index Cond: ((id >= 8756264) AND (id <= 8757263))

table 4 : explain SELECT c FROM sbtest4 WHERE id BETWEEN 4327889 AND 4328888 ORDER BY c
	Sort  (cost=3773.61..3776.01 rows=961 width=121)
	  Sort Key: c
	  ->  Bitmap Heap Scan on sbtest4  (cost=30.29..3726.00 rows=961 width=121)
	        Recheck Cond: ((id >= 4327889) AND (id <= 4328888))
	        ->  Bitmap Index Scan on sbtest4_pkey  (cost=0.00..30.04 rows=961 width=0)
	              Index Cond: ((id >= 4327889) AND (id <= 4328888))

table 5 : explain SELECT c FROM sbtest5 WHERE id BETWEEN 5770065 AND 5771064 ORDER BY c
	Sort  (cost=3582.07..3584.35 rows=910 width=121)
	  Sort Key: c
	  ->  Bitmap Heap Scan on sbtest5  (cost=29.76..3537.35 rows=910 width=121)
	        Recheck Cond: ((id >= 5770065) AND (id <= 5771064))
	        ->  Bitmap Index Scan on sbtest5_pkey  (cost=0.00..29.54 rows=910 width=0)
	              Index Cond: ((id >= 5770065) AND (id <= 5771064))

table 6 : explain SELECT c FROM sbtest6 WHERE id BETWEEN 7094869 AND 7095868 ORDER BY c
	Sort  (cost=4020.77..4023.33 rows=1025 width=121)
	  Sort Key: c
	  ->  Bitmap Heap Scan on sbtest6  (cost=30.94..3969.51 rows=1025 width=121)
	        Recheck Cond: ((id >= 7094869) AND (id <= 7095868))
	        ->  Bitmap Index Scan on sbtest6_pkey  (cost=0.00..30.68 rows=1025 width=0)
	              Index Cond: ((id >= 7094869) AND (id <= 7095868))

table 7 : explain SELECT c FROM sbtest7 WHERE id BETWEEN 2751709 AND 2752708 ORDER BY c
	Sort  (cost=3724.39..3726.75 rows=947 width=121)
	  Sort Key: c
	  ->  Bitmap Heap Scan on sbtest7  (cost=30.14..3677.57 rows=947 width=121)
	        Recheck Cond: ((id >= 2751709) AND (id <= 2752708))
	        ->  Bitmap Index Scan on sbtest7_pkey  (cost=0.00..29.90 rows=947 width=0)
	              Index Cond: ((id >= 2751709) AND (id <= 2752708))

table 8 : explain SELECT c FROM sbtest8 WHERE id BETWEEN 2081314 AND 2082313 ORDER BY c
	Sort  (cost=3864.03..3866.49 rows=984 width=121)
	  Sort Key: c
	  ->  Bitmap Heap Scan on sbtest8  (cost=30.52..3815.11 rows=984 width=121)
	        Recheck Cond: ((id >= 2081314) AND (id <= 2082313))
	        ->  Bitmap Index Scan on sbtest8_pkey  (cost=0.00..30.27 rows=984 width=0)
	              Index Cond: ((id >= 2081314) AND (id <= 2082313))

for: simple_ranges
table 1 : explain SELECT c FROM sbtest1 WHERE id BETWEEN 1042045 AND 1043044
	Bitmap Heap Scan on sbtest1  (cost=31.43..4146.10 rows=1073 width=121)
	  Recheck Cond: ((id >= 1042045) AND (id <= 1043044))
	  ->  Bitmap Index Scan on sbtest1_pkey  (cost=0.00..31.16 rows=1073 width=0)
	        Index Cond: ((id >= 1042045) AND (id <= 1043044))

table 2 : explain SELECT c FROM sbtest2 WHERE id BETWEEN 4574917 AND 4575916
	Bitmap Heap Scan on sbtest2  (cost=30.58..3834.99 rows=990 width=121)
	  Recheck Cond: ((id >= 4574917) AND (id <= 4575916))
	  ->  Bitmap Index Scan on sbtest2_pkey  (cost=0.00..30.33 rows=990 width=0)
	        Index Cond: ((id >= 4574917) AND (id <= 4575916))

table 3 : explain SELECT c FROM sbtest3 WHERE id BETWEEN 907373 AND 908372
	Bitmap Heap Scan on sbtest3  (cost=25.98..3608.68 rows=931 width=121)
	  Recheck Cond: ((id >= 907373) AND (id <= 908372))
	  ->  Bitmap Index Scan on sbtest3_pkey  (cost=0.00..25.75 rows=931 width=0)
	        Index Cond: ((id >= 907373) AND (id <= 908372))

table 4 : explain SELECT c FROM sbtest4 WHERE id BETWEEN 9324710 AND 9325709
	Bitmap Heap Scan on sbtest4  (cost=32.00..4351.32 rows=1128 width=121)
	  Recheck Cond: ((id >= 9324710) AND (id <= 9325709))
	  ->  Bitmap Index Scan on sbtest4_pkey  (cost=0.00..31.71 rows=1128 width=0)
	        Index Cond: ((id >= 9324710) AND (id <= 9325709))

table 5 : explain SELECT c FROM sbtest5 WHERE id BETWEEN 1405996 AND 1406995
	Bitmap Heap Scan on sbtest5  (cost=30.39..3768.35 rows=971 width=121)
	  Recheck Cond: ((id >= 1405996) AND (id <= 1406995))
	  ->  Bitmap Index Scan on sbtest5_pkey  (cost=0.00..30.14 rows=971 width=0)
	        Index Cond: ((id >= 1405996) AND (id <= 1406995))

table 6 : explain SELECT c FROM sbtest6 WHERE id BETWEEN 6867356 AND 6868355
	Bitmap Heap Scan on sbtest6  (cost=30.09..3655.99 rows=942 width=121)
	  Recheck Cond: ((id >= 6867356) AND (id <= 6868355))
	  ->  Bitmap Index Scan on sbtest6_pkey  (cost=0.00..29.86 rows=942 width=0)
	        Index Cond: ((id >= 6867356) AND (id <= 6868355))

table 7 : explain SELECT c FROM sbtest7 WHERE id BETWEEN 667804 AND 668803
	Bitmap Heap Scan on sbtest7  (cost=31.25..4085.75 rows=1055 width=121)
	  Recheck Cond: ((id >= 667804) AND (id <= 668803))
	  ->  Bitmap Index Scan on sbtest7_pkey  (cost=0.00..30.98 rows=1055 width=0)
	        Index Cond: ((id >= 667804) AND (id <= 668803))

table 8 : explain SELECT c FROM sbtest8 WHERE id BETWEEN 9219797 AND 9220796
	Bitmap Heap Scan on sbtest8  (cost=30.11..3663.90 rows=944 width=121)
	  Recheck Cond: ((id >= 9219797) AND (id <= 9220796))
	  ->  Bitmap Index Scan on sbtest8_pkey  (cost=0.00..29.87 rows=944 width=0)
	        Index Cond: ((id >= 9219797) AND (id <= 9220796))

for: distinct_ranges
table 1 : explain SELECT DISTINCT c FROM sbtest1 WHERE id BETWEEN 4815120 AND 4816119 ORDER BY c
	Unique  (cost=3783.27..3788.09 rows=964 width=121)
	  ->  Sort  (cost=3783.27..3785.68 rows=964 width=121)
	        Sort Key: c
	        ->  Bitmap Heap Scan on sbtest1  (cost=30.32..3735.49 rows=964 width=121)
	              Recheck Cond: ((id >= 4815120) AND (id <= 4816119))
	              ->  Bitmap Index Scan on sbtest1_pkey  (cost=0.00..30.07 rows=964 width=0)
	                    Index Cond: ((id >= 4815120) AND (id <= 4816119))

table 2 : explain SELECT DISTINCT c FROM sbtest2 WHERE id BETWEEN 78065 AND 79064 ORDER BY c
	Unique  (cost=4060.30..4065.48 rows=1036 width=121)
	  ->  Sort  (cost=4060.30..4062.89 rows=1036 width=121)
	        Sort Key: c
	        ->  Bitmap Heap Scan on sbtest2  (cost=31.05..4008.41 rows=1036 width=121)
	              Recheck Cond: ((id >= 78065) AND (id <= 79064))
	              ->  Bitmap Index Scan on sbtest2_pkey  (cost=0.00..30.79 rows=1036 width=0)
	                    Index Cond: ((id >= 78065) AND (id <= 79064))

table 3 : explain SELECT DISTINCT c FROM sbtest3 WHERE id BETWEEN 9807318 AND 9808317 ORDER BY c
	Unique  (cost=4018.80..4023.93 rows=1025 width=121)
	  ->  Sort  (cost=4018.80..4021.36 rows=1025 width=121)
	        Sort Key: c
	        ->  Bitmap Heap Scan on sbtest3  (cost=30.94..3967.54 rows=1025 width=121)
	              Recheck Cond: ((id >= 9807318) AND (id <= 9808317))
	              ->  Bitmap Index Scan on sbtest3_pkey  (cost=0.00..30.68 rows=1025 width=0)
	                    Index Cond: ((id >= 9807318) AND (id <= 9808317))

table 4 : explain SELECT DISTINCT c FROM sbtest4 WHERE id BETWEEN 3014246 AND 3015245 ORDER BY c
	Unique  (cost=4122.01..4127.27 rows=1052 width=121)
	  ->  Sort  (cost=4122.01..4124.64 rows=1052 width=121)
	        Sort Key: c
	        ->  Bitmap Heap Scan on sbtest4  (cost=31.22..4069.20 rows=1052 width=121)
	              Recheck Cond: ((id >= 3014246) AND (id <= 3015245))
	              ->  Bitmap Index Scan on sbtest4_pkey  (cost=0.00..30.95 rows=1052 width=0)
	                    Index Cond: ((id >= 3014246) AND (id <= 3015245))

table 5 : explain SELECT DISTINCT c FROM sbtest5 WHERE id BETWEEN 7092843 AND 7093842 ORDER BY c
	Unique  (cost=3570.53..3575.06 rows=907 width=121)
	  ->  Sort  (cost=3570.53..3572.80 rows=907 width=121)
	        Sort Key: c
	        ->  Bitmap Heap Scan on sbtest5  (cost=29.73..3525.97 rows=907 width=121)
	              Recheck Cond: ((id >= 7092843) AND (id <= 7093842))
	              ->  Bitmap Index Scan on sbtest5_pkey  (cost=0.00..29.50 rows=907 width=0)
	                    Index Cond: ((id >= 7092843) AND (id <= 7093842))

table 6 : explain SELECT DISTINCT c FROM sbtest6 WHERE id BETWEEN 5716173 AND 5717172 ORDER BY c
	Unique  (cost=3905.84..3910.81 rows=995 width=121)
	  ->  Sort  (cost=3905.84..3908.32 rows=995 width=121)
	        Sort Key: c
	        ->  Bitmap Heap Scan on sbtest6  (cost=30.63..3856.29 rows=995 width=121)
	              Recheck Cond: ((id >= 5716173) AND (id <= 5717172))
	              ->  Bitmap Index Scan on sbtest6_pkey  (cost=0.00..30.39 rows=995 width=0)
	                    Index Cond: ((id >= 5716173) AND (id <= 5717172))

table 7 : explain SELECT DISTINCT c FROM sbtest7 WHERE id BETWEEN 2230548 AND 2231547 ORDER BY c
	Unique  (cost=3662.89..3667.54 rows=931 width=121)
	  ->  Sort  (cost=3662.89..3665.21 rows=931 width=121)
	        Sort Key: c
	        ->  Bitmap Heap Scan on sbtest7  (cost=29.98..3616.97 rows=931 width=121)
	              Recheck Cond: ((id >= 2230548) AND (id <= 2231547))
	              ->  Bitmap Index Scan on sbtest7_pkey  (cost=0.00..29.75 rows=931 width=0)
	                    Index Cond: ((id >= 2230548) AND (id <= 2231547))

table 8 : explain SELECT DISTINCT c FROM sbtest8 WHERE id BETWEEN 5345995 AND 5346994 ORDER BY c
	Unique  (cost=3936.87..3941.88 rows=1003 width=121)
	  ->  Sort  (cost=3936.87..3939.37 rows=1003 width=121)
	        Sort Key: c
	        ->  Bitmap Heap Scan on sbtest8  (cost=30.72..3886.87 rows=1003 width=121)
	              Recheck Cond: ((id >= 5345995) AND (id <= 5346994))
	              ->  Bitmap Index Scan on sbtest8_pkey  (cost=0.00..30.46 rows=1003 width=0)
	                    Index Cond: ((id >= 5345995) AND (id <= 5346994))

for: sum_ranges
table 1 : explain SELECT SUM(k) FROM sbtest1 WHERE id BETWEEN 4929320 AND 4930319
	Aggregate  (cost=3998.18..3998.19 rows=1 width=8)
	  ->  Bitmap Heap Scan on sbtest1  (cost=31.02..3995.59 rows=1033 width=4)
	        Recheck Cond: ((id >= 4929320) AND (id <= 4930319))
	        ->  Bitmap Index Scan on sbtest1_pkey  (cost=0.00..30.76 rows=1033 width=0)
	              Index Cond: ((id >= 4929320) AND (id <= 4930319))

table 2 : explain SELECT SUM(k) FROM sbtest2 WHERE id BETWEEN 8964205 AND 8965204
	Aggregate  (cost=4312.17..4312.18 rows=1 width=8)
	  ->  Bitmap Heap Scan on sbtest2  (cost=31.87..4309.38 rows=1116 width=4)
	        Recheck Cond: ((id >= 8964205) AND (id <= 8965204))
	        ->  Bitmap Index Scan on sbtest2_pkey  (cost=0.00..31.59 rows=1116 width=0)
	              Index Cond: ((id >= 8964205) AND (id <= 8965204))

table 3 : explain SELECT SUM(k) FROM sbtest3 WHERE id BETWEEN 9450544 AND 9451543
	Aggregate  (cost=3951.25..3951.26 rows=1 width=8)
	  ->  Bitmap Heap Scan on sbtest3  (cost=30.89..3948.70 rows=1020 width=4)
	        Recheck Cond: ((id >= 9450544) AND (id <= 9451543))
	        ->  Bitmap Index Scan on sbtest3_pkey  (cost=0.00..30.64 rows=1020 width=0)
	              Index Cond: ((id >= 9450544) AND (id <= 9451543))

table 4 : explain SELECT SUM(k) FROM sbtest4 WHERE id BETWEEN 568285 AND 569284
	Aggregate  (cost=3607.17..3607.18 rows=1 width=8)
	  ->  Bitmap Heap Scan on sbtest4  (cost=25.97..3604.84 rows=930 width=4)
	        Recheck Cond: ((id >= 568285) AND (id <= 569284))
	        ->  Bitmap Index Scan on sbtest4_pkey  (cost=0.00..25.73 rows=930 width=0)
	              Index Cond: ((id >= 568285) AND (id <= 569284))

table 5 : explain SELECT SUM(k) FROM sbtest5 WHERE id BETWEEN 7340428 AND 7341427
	Aggregate  (cost=3876.72..3876.73 rows=1 width=8)
	  ->  Bitmap Heap Scan on sbtest5  (cost=30.67..3874.23 rows=999 width=4)
	        Recheck Cond: ((id >= 7340428) AND (id <= 7341427))
	        ->  Bitmap Index Scan on sbtest5_pkey  (cost=0.00..30.43 rows=999 width=0)
	              Index Cond: ((id >= 7340428) AND (id <= 7341427))

table 6 : explain SELECT SUM(k) FROM sbtest6 WHERE id BETWEEN 7292369 AND 7293368
	Aggregate  (cost=4062.63..4062.64 rows=1 width=8)
	  ->  Bitmap Heap Scan on sbtest6  (cost=31.19..4060.01 rows=1049 width=4)
	        Recheck Cond: ((id >= 7292369) AND (id <= 7293368))
	        ->  Bitmap Index Scan on sbtest6_pkey  (cost=0.00..30.93 rows=1049 width=0)
	              Index Cond: ((id >= 7292369) AND (id <= 7293368))

table 7 : explain SELECT SUM(k) FROM sbtest7 WHERE id BETWEEN 3214475 AND 3215474
	Aggregate  (cost=4397.81..4397.82 rows=1 width=8)
	  ->  Bitmap Heap Scan on sbtest7  (cost=36.08..4394.97 rows=1136 width=4)
	        Recheck Cond: ((id >= 3214475) AND (id <= 3215474))
	        ->  Bitmap Index Scan on sbtest7_pkey  (cost=0.00..35.80 rows=1136 width=0)
	              Index Cond: ((id >= 3214475) AND (id <= 3215474))

table 8 : explain SELECT SUM(k) FROM sbtest8 WHERE id BETWEEN 5599345 AND 5600344
	Aggregate  (cost=4176.14..4176.15 rows=1 width=8)
	  ->  Bitmap Heap Scan on sbtest8  (cost=31.49..4173.44 rows=1079 width=4)
	        Recheck Cond: ((id >= 5599345) AND (id <= 5600344))
	        ->  Bitmap Index Scan on sbtest8_pkey  (cost=0.00..31.22 rows=1079 width=0)
	              Index Cond: ((id >= 5599345) AND (id <= 5600344))

for point_selects
table 1 : explain SELECT c FROM sbtest1 WHERE id=2888640
	Index Scan using sbtest1_pkey on sbtest1  (cost=0.43..8.45 rows=1 width=121)
	  Index Cond: (id = 2888640)

table 2 : explain SELECT c FROM sbtest2 WHERE id=9012054
	Index Scan using sbtest2_pkey on sbtest2  (cost=0.43..8.45 rows=1 width=121)
	  Index Cond: (id = 9012054)

table 3 : explain SELECT c FROM sbtest3 WHERE id=6021765
	Index Scan using sbtest3_pkey on sbtest3  (cost=0.43..8.45 rows=1 width=121)
	  Index Cond: (id = 6021765)

table 4 : explain SELECT c FROM sbtest4 WHERE id=4565538
	Index Scan using sbtest4_pkey on sbtest4  (cost=0.43..8.45 rows=1 width=121)
	  Index Cond: (id = 4565538)

table 5 : explain SELECT c FROM sbtest5 WHERE id=8483472
	Index Scan using sbtest5_pkey on sbtest5  (cost=0.43..8.45 rows=1 width=121)
	  Index Cond: (id = 8483472)

table 6 : explain SELECT c FROM sbtest6 WHERE id=6390205
	Index Scan using sbtest6_pkey on sbtest6  (cost=0.43..8.45 rows=1 width=121)
	  Index Cond: (id = 6390205)

table 7 : explain SELECT c FROM sbtest7 WHERE id=7855034
	Index Scan using sbtest7_pkey on sbtest7  (cost=0.43..8.45 rows=1 width=121)
	  Index Cond: (id = 7855034)

table 8 : explain SELECT c FROM sbtest8 WHERE id=8540159
	Index Scan using sbtest8_pkey on sbtest8  (cost=0.43..8.45 rows=1 width=121)
	  Index Cond: (id = 8540159)

for: simple_ranges
table 1 : explain SELECT c FROM sbtest1 WHERE id BETWEEN 4969502 AND 4970501
	Bitmap Heap Scan on sbtest1  (cost=31.02..3995.59 rows=1033 width=121)
	  Recheck Cond: ((id >= 4969502) AND (id <= 4970501))
	  ->  Bitmap Index Scan on sbtest1_pkey  (cost=0.00..30.76 rows=1033 width=0)
	        Index Cond: ((id >= 4969502) AND (id <= 4970501))

table 2 : explain SELECT c FROM sbtest2 WHERE id BETWEEN 5665067 AND 5666066
	Bitmap Heap Scan on sbtest2  (cost=30.58..3834.99 rows=990 width=121)
	  Recheck Cond: ((id >= 5665067) AND (id <= 5666066))
	  ->  Bitmap Index Scan on sbtest2_pkey  (cost=0.00..30.33 rows=990 width=0)
	        Index Cond: ((id >= 5665067) AND (id <= 5666066))

table 3 : explain SELECT c FROM sbtest3 WHERE id BETWEEN 6714082 AND 6715081
	Bitmap Heap Scan on sbtest3  (cost=31.80..4283.73 rows=1109 width=121)
	  Recheck Cond: ((id >= 6714082) AND (id <= 6715081))
	  ->  Bitmap Index Scan on sbtest3_pkey  (cost=0.00..31.52 rows=1109 width=0)
	        Index Cond: ((id >= 6714082) AND (id <= 6715081))

table 4 : explain SELECT c FROM sbtest4 WHERE id BETWEEN 7840052 AND 7841051
	Bitmap Heap Scan on sbtest4  (cost=30.22..3703.33 rows=955 width=121)
	  Recheck Cond: ((id >= 7840052) AND (id <= 7841051))
	  ->  Bitmap Index Scan on sbtest4_pkey  (cost=0.00..29.98 rows=955 width=0)
	        Index Cond: ((id >= 7840052) AND (id <= 7841051))

table 5 : explain SELECT c FROM sbtest5 WHERE id BETWEEN 9377112 AND 9378111
	Bitmap Heap Scan on sbtest5  (cost=29.98..3616.92 rows=931 width=121)
	  Recheck Cond: ((id >= 9377112) AND (id <= 9378111))
	  ->  Bitmap Index Scan on sbtest5_pkey  (cost=0.00..29.75 rows=931 width=0)
	        Index Cond: ((id >= 9377112) AND (id <= 9378111))

table 6 : explain SELECT c FROM sbtest6 WHERE id BETWEEN 9681399 AND 9682398
	Bitmap Heap Scan on sbtest6  (cost=30.56..3829.86 rows=988 width=121)
	  Recheck Cond: ((id >= 9681399) AND (id <= 9682398))
	  ->  Bitmap Index Scan on sbtest6_pkey  (cost=0.00..30.32 rows=988 width=0)
	        Index Cond: ((id >= 9681399) AND (id <= 9682398))

table 7 : explain SELECT c FROM sbtest7 WHERE id BETWEEN 9060596 AND 9061595
	Bitmap Heap Scan on sbtest7  (cost=30.94..3972.51 rows=1025 width=121)
	  Recheck Cond: ((id >= 9060596) AND (id <= 9061595))
	  ->  Bitmap Index Scan on sbtest7_pkey  (cost=0.00..30.68 rows=1025 width=0)
	        Index Cond: ((id >= 9060596) AND (id <= 9061595))

table 8 : explain SELECT c FROM sbtest8 WHERE id BETWEEN 3455076 AND 3456075
	Bitmap Heap Scan on sbtest8  (cost=30.93..3966.12 rows=1024 width=121)
	  Recheck Cond: ((id >= 3455076) AND (id <= 3456075))
	  ->  Bitmap Index Scan on sbtest8_pkey  (cost=0.00..30.68 rows=1024 width=0)
	        Index Cond: ((id >= 3455076) AND (id <= 3456075))

for: distinct_ranges
table 1 : explain SELECT DISTINCT c FROM sbtest1 WHERE id BETWEEN 8933586 AND 8934585 ORDER BY c
	Unique  (cost=4016.72..4021.85 rows=1025 width=121)
	  ->  Sort  (cost=4016.72..4019.29 rows=1025 width=121)
	        Sort Key: c
	        ->  Bitmap Heap Scan on sbtest1  (cost=30.94..3965.47 rows=1025 width=121)
	              Recheck Cond: ((id >= 8933586) AND (id <= 8934585))
	              ->  Bitmap Index Scan on sbtest1_pkey  (cost=0.00..30.68 rows=1025 width=0)
	                    Index Cond: ((id >= 8933586) AND (id <= 8934585))

table 2 : explain SELECT DISTINCT c FROM sbtest2 WHERE id BETWEEN 5649550 AND 5650549 ORDER BY c
	Unique  (cost=3884.25..3889.20 rows=990 width=121)
	  ->  Sort  (cost=3884.25..3886.73 rows=990 width=121)
	        Sort Key: c
	        ->  Bitmap Heap Scan on sbtest2  (cost=30.58..3834.99 rows=990 width=121)
	              Recheck Cond: ((id >= 5649550) AND (id <= 5650549))
	              ->  Bitmap Index Scan on sbtest2_pkey  (cost=0.00..30.33 rows=990 width=0)
	                    Index Cond: ((id >= 5649550) AND (id <= 5650549))

table 3 : explain SELECT DISTINCT c FROM sbtest3 WHERE id BETWEEN 7602485 AND 7603484 ORDER BY c
	Unique  (cost=4377.98..4383.57 rows=1119 width=121)
	  ->  Sort  (cost=4377.98..4380.77 rows=1119 width=121)
	        Sort Key: c
	        ->  Bitmap Heap Scan on sbtest3  (cost=31.90..4321.31 rows=1119 width=121)
	              Recheck Cond: ((id >= 7602485) AND (id <= 7603484))
	              ->  Bitmap Index Scan on sbtest3_pkey  (cost=0.00..31.62 rows=1119 width=0)
	                    Index Cond: ((id >= 7602485) AND (id <= 7603484))

table 4 : explain SELECT DISTINCT c FROM sbtest4 WHERE id BETWEEN 7783658 AND 7784657 ORDER BY c
	Unique  (cost=3995.78..4000.87 rows=1019 width=121)
	  ->  Sort  (cost=3995.78..3998.33 rows=1019 width=121)
	        Sort Key: c
	        ->  Bitmap Heap Scan on sbtest4  (cost=30.88..3944.87 rows=1019 width=121)
	              Recheck Cond: ((id >= 7783658) AND (id <= 7784657))
	              ->  Bitmap Index Scan on sbtest4_pkey  (cost=0.00..30.62 rows=1019 width=0)
	                    Index Cond: ((id >= 7783658) AND (id <= 7784657))

table 5 : explain SELECT DISTINCT c FROM sbtest5 WHERE id BETWEEN 2217460 AND 2218459 ORDER BY c
	Unique  (cost=3920.16..3925.15 rows=998 width=121)
	  ->  Sort  (cost=3920.16..3922.66 rows=998 width=121)
	        Sort Key: c
	        ->  Bitmap Heap Scan on sbtest5  (cost=30.66..3870.45 rows=998 width=121)
	              Recheck Cond: ((id >= 2217460) AND (id <= 2218459))
	              ->  Bitmap Index Scan on sbtest5_pkey  (cost=0.00..30.41 rows=998 width=0)
	                    Index Cond: ((id >= 2217460) AND (id <= 2218459))

table 6 : explain SELECT DISTINCT c FROM sbtest6 WHERE id BETWEEN 8776864 AND 8777863 ORDER BY c
	Unique  (cost=3974.81..3979.87 rows=1013 width=121)
	  ->  Sort  (cost=3974.81..3977.34 rows=1013 width=121)
	        Sort Key: c
	        ->  Bitmap Heap Scan on sbtest6  (cost=30.82..3924.24 rows=1013 width=121)
	              Recheck Cond: ((id >= 8776864) AND (id <= 8777863))
	              ->  Bitmap Index Scan on sbtest6_pkey  (cost=0.00..30.57 rows=1013 width=0)
	                    Index Cond: ((id >= 8776864) AND (id <= 8777863))

table 7 : explain SELECT DISTINCT c FROM sbtest7 WHERE id BETWEEN 9952925 AND 9953924 ORDER BY c
	Unique  (cost=3732.07..3736.82 rows=949 width=121)
	  ->  Sort  (cost=3732.07..3734.44 rows=949 width=121)
	        Sort Key: c
	        ->  Bitmap Heap Scan on sbtest7  (cost=30.16..3685.14 rows=949 width=121)
	              Recheck Cond: ((id >= 9952925) AND (id <= 9953924))
	              ->  Bitmap Index Scan on sbtest7_pkey  (cost=0.00..29.93 rows=949 width=0)
	                    Index Cond: ((id >= 9952925) AND (id <= 9953924))

table 8 : explain SELECT DISTINCT c FROM sbtest8 WHERE id BETWEEN 7332753 AND 7333752 ORDER BY c
	Unique  (cost=4231.62..4237.02 rows=1080 width=121)
	  ->  Sort  (cost=4231.62..4234.32 rows=1080 width=121)
	        Sort Key: c
	        ->  Bitmap Heap Scan on sbtest8  (cost=31.50..4177.21 rows=1080 width=121)
	              Recheck Cond: ((id >= 7332753) AND (id <= 7333752))
	              ->  Bitmap Index Scan on sbtest8_pkey  (cost=0.00..31.23 rows=1080 width=0)
	                    Index Cond: ((id >= 7332753) AND (id <= 7333752))

for: sum_ranges
table 1 : explain SELECT SUM(k) FROM sbtest1 WHERE id BETWEEN 5307697 AND 5308696
	Aggregate  (cost=4265.37..4265.38 rows=1 width=8)
	  ->  Bitmap Heap Scan on sbtest1  (cost=31.75..4262.61 rows=1104 width=4)
	        Recheck Cond: ((id >= 5307697) AND (id <= 5308696))
	        ->  Bitmap Index Scan on sbtest1_pkey  (cost=0.00..31.47 rows=1104 width=0)
	              Index Cond: ((id >= 5307697) AND (id <= 5308696))

table 2 : explain SELECT SUM(k) FROM sbtest2 WHERE id BETWEEN 3774227 AND 3775226
	Aggregate  (cost=3924.27..3924.28 rows=1 width=8)
	  ->  Bitmap Heap Scan on sbtest2  (cost=30.82..3921.74 rows=1013 width=4)
	        Recheck Cond: ((id >= 3774227) AND (id <= 3775226))
	        ->  Bitmap Index Scan on sbtest2_pkey  (cost=0.00..30.57 rows=1013 width=0)
	              Index Cond: ((id >= 3774227) AND (id <= 3775226))

table 3 : explain SELECT SUM(k) FROM sbtest3 WHERE id BETWEEN 1024370 AND 1025369
	Aggregate  (cost=3838.02..3838.03 rows=1 width=8)
	  ->  Bitmap Heap Scan on sbtest3  (cost=30.58..3835.54 rows=990 width=4)
	        Recheck Cond: ((id >= 1024370) AND (id <= 1025369))
	        ->  Bitmap Index Scan on sbtest3_pkey  (cost=0.00..30.33 rows=990 width=0)
	              Index Cond: ((id >= 1024370) AND (id <= 1025369))

table 4 : explain SELECT SUM(k) FROM sbtest4 WHERE id BETWEEN 9732879 AND 9733878
	Aggregate  (cost=3785.08..3785.09 rows=1 width=8)
	  ->  Bitmap Heap Scan on sbtest4  (cost=30.44..3782.64 rows=976 width=4)
	        Recheck Cond: ((id >= 9732879) AND (id <= 9733878))
	        ->  Bitmap Index Scan on sbtest4_pkey  (cost=0.00..30.19 rows=976 width=0)
	              Index Cond: ((id >= 9732879) AND (id <= 9733878))

table 5 : explain SELECT SUM(k) FROM sbtest5 WHERE id BETWEEN 8567488 AND 8568487
	Aggregate  (cost=3748.06..3748.07 rows=1 width=8)
	  ->  Bitmap Heap Scan on sbtest5  (cost=30.33..3745.65 rows=965 width=4)
	        Recheck Cond: ((id >= 8567488) AND (id <= 8568487))
	        ->  Bitmap Index Scan on sbtest5_pkey  (cost=0.00..30.08 rows=965 width=0)
	              Index Cond: ((id >= 8567488) AND (id <= 8568487))

table 6 : explain SELECT SUM(k) FROM sbtest6 WHERE id BETWEEN 7577033 AND 7578032
	Aggregate  (cost=3654.56..3654.57 rows=1 width=8)
	  ->  Bitmap Heap Scan on sbtest6  (cost=30.08..3652.21 rows=941 width=4)
	        Recheck Cond: ((id >= 7577033) AND (id <= 7578032))
	        ->  Bitmap Index Scan on sbtest6_pkey  (cost=0.00..29.84 rows=941 width=0)
	              Index Cond: ((id >= 7577033) AND (id <= 7578032))

table 7 : explain SELECT SUM(k) FROM sbtest7 WHERE id BETWEEN 4120477 AND 4121476
	Aggregate  (cost=3725.39..3725.40 rows=1 width=8)
	  ->  Bitmap Heap Scan on sbtest7  (cost=30.26..3722.99 rows=959 width=4)
	        Recheck Cond: ((id >= 4120477) AND (id <= 4121476))
	        ->  Bitmap Index Scan on sbtest7_pkey  (cost=0.00..30.02 rows=959 width=0)
	              Index Cond: ((id >= 4120477) AND (id <= 4121476))

table 8 : explain SELECT SUM(k) FROM sbtest8 WHERE id BETWEEN 1398969 AND 1399968
	Aggregate  (cost=3998.88..3998.89 rows=1 width=8)
	  ->  Bitmap Heap Scan on sbtest8  (cost=31.01..3996.30 rows=1032 width=4)
	        Recheck Cond: ((id >= 1398969) AND (id <= 1399968))
	        ->  Bitmap Index Scan on sbtest8_pkey  (cost=0.00..30.75 rows=1032 width=0)
	              Index Cond: ((id >= 1398969) AND (id <= 1399968))

for: simple_ranges
table 1 : explain SELECT c FROM sbtest1 WHERE id BETWEEN 5731143 AND 5732142
	Bitmap Heap Scan on sbtest1  (cost=30.58..3833.57 rows=990 width=121)
	  Recheck Cond: ((id >= 5731143) AND (id <= 5732142))
	  ->  Bitmap Index Scan on sbtest1_pkey  (cost=0.00..30.33 rows=990 width=0)
	        Index Cond: ((id >= 5731143) AND (id <= 5732142))

table 2 : explain SELECT c FROM sbtest2 WHERE id BETWEEN 7988700 AND 7989699
	Bitmap Heap Scan on sbtest2  (cost=25.98..3608.17 rows=931 width=121)
	  Recheck Cond: ((id >= 7988700) AND (id <= 7989699))
	  ->  Bitmap Index Scan on sbtest2_pkey  (cost=0.00..25.75 rows=931 width=0)
	        Index Cond: ((id >= 7988700) AND (id <= 7989699))

table 3 : explain SELECT c FROM sbtest3 WHERE id BETWEEN 1264801 AND 1265800
	Bitmap Heap Scan on sbtest3  (cost=31.01..3993.93 rows=1032 width=121)
	  Recheck Cond: ((id >= 1264801) AND (id <= 1265800))
	  ->  Bitmap Index Scan on sbtest3_pkey  (cost=0.00..30.75 rows=1032 width=0)
	        Index Cond: ((id >= 1264801) AND (id <= 1265800))

table 4 : explain SELECT c FROM sbtest4 WHERE id BETWEEN 8314498 AND 8315497
	Bitmap Heap Scan on sbtest4  (cost=25.79..3540.54 rows=913 width=121)
	  Recheck Cond: ((id >= 8314498) AND (id <= 8315497))
	  ->  Bitmap Index Scan on sbtest4_pkey  (cost=0.00..25.57 rows=913 width=0)
	        Index Cond: ((id >= 8314498) AND (id <= 8315497))

table 5 : explain SELECT c FROM sbtest5 WHERE id BETWEEN 6826238 AND 6827237
	Bitmap Heap Scan on sbtest5  (cost=31.60..4213.90 rows=1089 width=121)
	  Recheck Cond: ((id >= 6826238) AND (id <= 6827237))
	  ->  Bitmap Index Scan on sbtest5_pkey  (cost=0.00..31.32 rows=1089 width=0)
	        Index Cond: ((id >= 6826238) AND (id <= 6827237))

table 6 : explain SELECT c FROM sbtest6 WHERE id BETWEEN 5544890 AND 5545889
	Bitmap Heap Scan on sbtest6  (cost=31.88..4316.03 rows=1117 width=121)
	  Recheck Cond: ((id >= 5544890) AND (id <= 5545889))
	  ->  Bitmap Index Scan on sbtest6_pkey  (cost=0.00..31.61 rows=1117 width=0)
	        Index Cond: ((id >= 5544890) AND (id <= 5545889))

table 7 : explain SELECT c FROM sbtest7 WHERE id BETWEEN 4574378 AND 4575377
	Bitmap Heap Scan on sbtest7  (cost=31.78..4281.78 rows=1107 width=121)
	  Recheck Cond: ((id >= 4574378) AND (id <= 4575377))
	  ->  Bitmap Index Scan on sbtest7_pkey  (cost=0.00..31.50 rows=1107 width=0)
	        Index Cond: ((id >= 4574378) AND (id <= 4575377))

table 8 : explain SELECT c FROM sbtest8 WHERE id BETWEEN 9394891 AND 9395890
	Bitmap Heap Scan on sbtest8  (cost=31.43..4150.84 rows=1073 width=121)
	  Recheck Cond: ((id >= 9394891) AND (id <= 9395890))
	  ->  Bitmap Index Scan on sbtest8_pkey  (cost=0.00..31.16 rows=1073 width=0)
	        Index Cond: ((id >= 9394891) AND (id <= 9395890))

explain: for point_selects :: explain SELECT c FROM sbtest%u WHERE id=%u
for: distinct_ranges
table 1 : explain SELECT DISTINCT c FROM sbtest1 WHERE id BETWEEN 2737558 AND 2738557 ORDER BY c
	Unique  (cost=3445.52..3449.90 rows=877 width=121)
	  ->  Sort  (cost=3445.52..3447.71 rows=877 width=121)
	        Sort Key: c
	        ->  Bitmap Heap Scan on sbtest1  (cost=25.42..3402.65 rows=877 width=121)
	              Recheck Cond: ((id >= 2737558) AND (id <= 2738557))
	              ->  Bitmap Index Scan on sbtest1_pkey  (cost=0.00..25.20 rows=877 width=0)
	                    Index Cond: ((id >= 2737558) AND (id <= 2738557))

table 2 : explain SELECT DISTINCT c FROM sbtest2 WHERE id BETWEEN 942678 AND 943677 ORDER BY c
	Unique  (cost=3792.30..3797.13 rows=966 width=121)
	  ->  Sort  (cost=3792.30..3794.72 rows=966 width=121)
	        Sort Key: c
	        ->  Bitmap Heap Scan on sbtest2  (cost=30.34..3744.41 rows=966 width=121)
	              Recheck Cond: ((id >= 942678) AND (id <= 943677))
	              ->  Bitmap Index Scan on sbtest2_pkey  (cost=0.00..30.09 rows=966 width=0)
	                    Index Cond: ((id >= 942678) AND (id <= 943677))

table 3 : explain SELECT DISTINCT c FROM sbtest3 WHERE id BETWEEN 175099 AND 176098 ORDER BY c
	Unique  (cost=4461.97..4467.68 rows=1142 width=121)
	  ->  Sort  (cost=4461.97..4464.83 rows=1142 width=121)
	        Sort Key: c
	        ->  Bitmap Heap Scan on sbtest3  (cost=32.14..4403.98 rows=1142 width=121)
	              Recheck Cond: ((id >= 175099) AND (id <= 176098))
	              ->  Bitmap Index Scan on sbtest3_pkey  (cost=0.00..31.86 rows=1142 width=0)
	                    Index Cond: ((id >= 175099) AND (id <= 176098))

table 4 : explain SELECT DISTINCT c FROM sbtest4 WHERE id BETWEEN 2261321 AND 2262320 ORDER BY c
	Unique  (cost=3700.58..3705.29 rows=943 width=121)
	  ->  Sort  (cost=3700.58..3702.93 rows=943 width=121)
	        Sort Key: c
	        ->  Bitmap Heap Scan on sbtest4  (cost=26.10..3653.99 rows=943 width=121)
	              Recheck Cond: ((id >= 2261321) AND (id <= 2262320))
	              ->  Bitmap Index Scan on sbtest4_pkey  (cost=0.00..25.86 rows=943 width=0)
	                    Index Cond: ((id >= 2261321) AND (id <= 2262320))

table 5 : explain SELECT DISTINCT c FROM sbtest5 WHERE id BETWEEN 4035316 AND 4036315 ORDER BY c
	Unique  (cost=3847.24..3852.14 rows=979 width=121)
	  ->  Sort  (cost=3847.24..3849.69 rows=979 width=121)
	        Sort Key: c
	        ->  Bitmap Heap Scan on sbtest5  (cost=30.47..3798.61 rows=979 width=121)
	              Recheck Cond: ((id >= 4035316) AND (id <= 4036315))
	              ->  Bitmap Index Scan on sbtest5_pkey  (cost=0.00..30.22 rows=979 width=0)
	                    Index Cond: ((id >= 4035316) AND (id <= 4036315))

table 6 : explain SELECT DISTINCT c FROM sbtest6 WHERE id BETWEEN 3572925 AND 3573924 ORDER BY c
	Unique  (cost=3725.56..3730.30 rows=948 width=121)
	  ->  Sort  (cost=3725.56..3727.93 rows=948 width=121)
	        Sort Key: c
	        ->  Bitmap Heap Scan on sbtest6  (cost=30.15..3678.69 rows=948 width=121)
	              Recheck Cond: ((id >= 3572925) AND (id <= 3573924))
	              ->  Bitmap Index Scan on sbtest6_pkey  (cost=0.00..29.91 rows=948 width=0)
	                    Index Cond: ((id >= 3572925) AND (id <= 3573924))

table 7 : explain SELECT DISTINCT c FROM sbtest7 WHERE id BETWEEN 512217 AND 513216 ORDER BY c
	Unique  (cost=3989.26..3994.34 rows=1016 width=121)
	  ->  Sort  (cost=3989.26..3991.80 rows=1016 width=121)
	        Sort Key: c
	        ->  Bitmap Heap Scan on sbtest7  (cost=30.85..3938.52 rows=1016 width=121)
	              Recheck Cond: ((id >= 512217) AND (id <= 513216))
	              ->  Bitmap Index Scan on sbtest7_pkey  (cost=0.00..30.59 rows=1016 width=0)
	                    Index Cond: ((id >= 512217) AND (id <= 513216))

table 8 : explain SELECT DISTINCT c FROM sbtest8 WHERE id BETWEEN 58684 AND 59683 ORDER BY c
	Unique  (cost=3841.02..3845.91 rows=978 width=121)
	  ->  Sort  (cost=3841.02..3843.46 rows=978 width=121)
	        Sort Key: c
	        ->  Bitmap Heap Scan on sbtest8  (cost=30.46..3792.44 rows=978 width=121)
	              Recheck Cond: ((id >= 58684) AND (id <= 59683))
	              ->  Bitmap Index Scan on sbtest8_pkey  (cost=0.00..30.21 rows=978 width=0)
	                    Index Cond: ((id >= 58684) AND (id <= 59683))

for: simple_ranges
table 1 : explain SELECT c FROM sbtest1 WHERE id BETWEEN 9227952 AND 9228951
	Bitmap Heap Scan on sbtest1  (cost=30.68..3871.27 rows=1000 width=121)
	  Recheck Cond: ((id >= 9227952) AND (id <= 9228951))
	  ->  Bitmap Index Scan on sbtest1_pkey  (cost=0.00..30.43 rows=1000 width=0)
	        Index Cond: ((id >= 9227952) AND (id <= 9228951))

table 2 : explain SELECT c FROM sbtest2 WHERE id BETWEEN 3051033 AND 3052032
	Bitmap Heap Scan on sbtest2  (cost=30.50..3804.81 rows=982 width=121)
	  Recheck Cond: ((id >= 3051033) AND (id <= 3052032))
	  ->  Bitmap Index Scan on sbtest2_pkey  (cost=0.00..30.25 rows=982 width=0)
	        Index Cond: ((id >= 3051033) AND (id <= 3052032))

table 3 : explain SELECT c FROM sbtest3 WHERE id BETWEEN 5127198 AND 5128197
	Bitmap Heap Scan on sbtest3  (cost=30.77..3903.45 rows=1008 width=121)
	  Recheck Cond: ((id >= 5127198) AND (id <= 5128197))
	  ->  Bitmap Index Scan on sbtest3_pkey  (cost=0.00..30.51 rows=1008 width=0)
	        Index Cond: ((id >= 5127198) AND (id <= 5128197))

table 4 : explain SELECT c FROM sbtest4 WHERE id BETWEEN 6287785 AND 6288784
	Bitmap Heap Scan on sbtest4  (cost=30.79..3910.93 rows=1010 width=121)
	  Recheck Cond: ((id >= 6287785) AND (id <= 6288784))
	  ->  Bitmap Index Scan on sbtest4_pkey  (cost=0.00..30.54 rows=1010 width=0)
	        Index Cond: ((id >= 6287785) AND (id <= 6288784))

table 5 : explain SELECT c FROM sbtest5 WHERE id BETWEEN 9652333 AND 9653332
	Bitmap Heap Scan on sbtest5  (cost=30.82..3927.13 rows=1013 width=121)
	  Recheck Cond: ((id >= 9652333) AND (id <= 9653332))
	  ->  Bitmap Index Scan on sbtest5_pkey  (cost=0.00..30.57 rows=1013 width=0)
	        Index Cond: ((id >= 9652333) AND (id <= 9653332))

table 6 : explain SELECT c FROM sbtest6 WHERE id BETWEEN 6305891 AND 6306890
	Bitmap Heap Scan on sbtest6  (cost=25.73..3519.52 rows=907 width=121)
	  Recheck Cond: ((id >= 6305891) AND (id <= 6306890))
	  ->  Bitmap Index Scan on sbtest6_pkey  (cost=0.00..25.50 rows=907 width=0)
	        Index Cond: ((id >= 6305891) AND (id <= 6306890))

table 7 : explain SELECT c FROM sbtest7 WHERE id BETWEEN 4311910 AND 4312909
	Bitmap Heap Scan on sbtest7  (cost=31.20..4066.89 rows=1050 width=121)
	  Recheck Cond: ((id >= 4311910) AND (id <= 4312909))
	  ->  Bitmap Index Scan on sbtest7_pkey  (cost=0.00..30.93 rows=1050 width=0)
	        Index Cond: ((id >= 4311910) AND (id <= 4312909))

table 8 : explain SELECT c FROM sbtest8 WHERE id BETWEEN 4480132 AND 4481131
	Bitmap Heap Scan on sbtest8  (cost=30.24..3713.06 rows=957 width=121)
	  Recheck Cond: ((id >= 4480132) AND (id <= 4481131))
	  ->  Bitmap Index Scan on sbtest8_pkey  (cost=0.00..30.00 rows=957 width=0)
	        Index Cond: ((id >= 4480132) AND (id <= 4481131))

for: order_ranges
table 1 : explain SELECT c FROM sbtest1 WHERE id BETWEEN 7050048 AND 7051047 ORDER BY c
	Sort  (cost=4253.55..4256.27 rows=1087 width=121)
	  Sort Key: c
	  ->  Bitmap Heap Scan on sbtest1  (cost=31.58..4198.73 rows=1087 width=121)
	        Recheck Cond: ((id >= 7050048) AND (id <= 7051047))
	        ->  Bitmap Index Scan on sbtest1_pkey  (cost=0.00..31.30 rows=1087 width=0)
	              Index Cond: ((id >= 7050048) AND (id <= 7051047))

table 2 : explain SELECT c FROM sbtest2 WHERE id BETWEEN 6814463 AND 6815462 ORDER BY c
	Sort  (cost=3642.57..3644.89 rows=928 width=121)
	  Sort Key: c
	  ->  Bitmap Heap Scan on sbtest2  (cost=25.95..3596.83 rows=928 width=121)
	        Recheck Cond: ((id >= 6814463) AND (id <= 6815462))
	        ->  Bitmap Index Scan on sbtest2_pkey  (cost=0.00..25.71 rows=928 width=0)
	              Index Cond: ((id >= 6814463) AND (id <= 6815462))

table 3 : explain SELECT c FROM sbtest3 WHERE id BETWEEN 4927913 AND 4928912 ORDER BY c
	Sort  (cost=3957.56..3960.09 rows=1009 width=121)
	  Sort Key: c
	  ->  Bitmap Heap Scan on sbtest3  (cost=30.78..3907.22 rows=1009 width=121)
	        Recheck Cond: ((id >= 4927913) AND (id <= 4928912))
	        ->  Bitmap Index Scan on sbtest3_pkey  (cost=0.00..30.52 rows=1009 width=0)
	              Index Cond: ((id >= 4927913) AND (id <= 4928912))

table 4 : explain SELECT c FROM sbtest4 WHERE id BETWEEN 4614574 AND 4615573 ORDER BY c
	Sort  (cost=3857.93..3860.39 rows=983 width=121)
	  Sort Key: c
	  ->  Bitmap Heap Scan on sbtest4  (cost=30.51..3809.07 rows=983 width=121)
	        Recheck Cond: ((id >= 4614574) AND (id <= 4615573))
	        ->  Bitmap Index Scan on sbtest4_pkey  (cost=0.00..30.26 rows=983 width=0)
	              Index Cond: ((id >= 4614574) AND (id <= 4615573))

table 5 : explain SELECT c FROM sbtest5 WHERE id BETWEEN 3262740 AND 3263739 ORDER BY c
	Sort  (cost=3743.55..3745.93 rows=952 width=121)
	  Sort Key: c
	  ->  Bitmap Heap Scan on sbtest5  (cost=30.19..3696.45 rows=952 width=121)
	        Recheck Cond: ((id >= 3262740) AND (id <= 3263739))
	        ->  Bitmap Index Scan on sbtest5_pkey  (cost=0.00..29.95 rows=952 width=0)
	              Index Cond: ((id >= 3262740) AND (id <= 3263739))

table 6 : explain SELECT c FROM sbtest6 WHERE id BETWEEN 2173748 AND 2174747 ORDER BY c
	Sort  (cost=3729.40..3731.77 rows=949 width=121)
	  Sort Key: c
	  ->  Bitmap Heap Scan on sbtest6  (cost=30.16..3682.47 rows=949 width=121)
	        Recheck Cond: ((id >= 2173748) AND (id <= 2174747))
	        ->  Bitmap Index Scan on sbtest6_pkey  (cost=0.00..29.93 rows=949 width=0)
	              Index Cond: ((id >= 2173748) AND (id <= 2174747))

table 7 : explain SELECT c FROM sbtest7 WHERE id BETWEEN 5908724 AND 5909723 ORDER BY c
	Sort  (cost=4184.69..4187.35 rows=1067 width=121)
	  Sort Key: c
	  ->  Bitmap Heap Scan on sbtest7  (cost=31.37..4131.02 rows=1067 width=121)
	        Recheck Cond: ((id >= 5908724) AND (id <= 5909723))
	        ->  Bitmap Index Scan on sbtest7_pkey  (cost=0.00..31.11 rows=1067 width=0)
	              Index Cond: ((id >= 5908724) AND (id <= 5909723))

table 8 : explain SELECT c FROM sbtest8 WHERE id BETWEEN 7709321 AND 7710320 ORDER BY c
	Sort  (cost=3787.31..3789.72 rows=964 width=121)
	  Sort Key: c
	  ->  Bitmap Heap Scan on sbtest8  (cost=30.32..3739.53 rows=964 width=121)
	        Recheck Cond: ((id >= 7709321) AND (id <= 7710320))
	        ->  Bitmap Index Scan on sbtest8_pkey  (cost=0.00..30.07 rows=964 width=0)
	              Index Cond: ((id >= 7709321) AND (id <= 7710320))

explain: for point_selects :: explain SELECT c FROM sbtest%u WHERE id=%u
for: order_ranges
table 1 : explain SELECT c FROM sbtest1 WHERE id BETWEEN 5127406 AND 5128405 ORDER BY c
	Sort  (cost=3825.40..3827.84 rows=975 width=121)
	  Sort Key: c
	  ->  Bitmap Heap Scan on sbtest1  (cost=30.43..3777.00 rows=975 width=121)
	        Recheck Cond: ((id >= 5127406) AND (id <= 5128405))
	        ->  Bitmap Index Scan on sbtest1_pkey  (cost=0.00..30.18 rows=975 width=0)
	              Index Cond: ((id >= 5127406) AND (id <= 5128405))

table 2 : explain SELECT c FROM sbtest2 WHERE id BETWEEN 6922649 AND 6923648 ORDER BY c
	Sort  (cost=3769.30..3771.70 rows=960 width=121)
	  Sort Key: c
	  ->  Bitmap Heap Scan on sbtest2  (cost=30.27..3721.75 rows=960 width=121)
	        Recheck Cond: ((id >= 6922649) AND (id <= 6923648))
	        ->  Bitmap Index Scan on sbtest2_pkey  (cost=0.00..30.04 rows=960 width=0)
	              Index Cond: ((id >= 6922649) AND (id <= 6923648))

table 3 : explain SELECT c FROM sbtest3 WHERE id BETWEEN 6362637 AND 6363636 ORDER BY c
	Sort  (cost=3915.44..3917.94 rows=998 width=121)
	  Sort Key: c
	  ->  Bitmap Heap Scan on sbtest3  (cost=30.66..3865.73 rows=998 width=121)
	        Recheck Cond: ((id >= 6362637) AND (id <= 6363636))
	        ->  Bitmap Index Scan on sbtest3_pkey  (cost=0.00..30.41 rows=998 width=0)
	              Index Cond: ((id >= 6362637) AND (id <= 6363636))

table 4 : explain SELECT c FROM sbtest4 WHERE id BETWEEN 2291532 AND 2292531 ORDER BY c
	Sort  (cost=3700.58..3702.93 rows=943 width=121)
	  Sort Key: c
	  ->  Bitmap Heap Scan on sbtest4  (cost=26.10..3653.99 rows=943 width=121)
	        Recheck Cond: ((id >= 2291532) AND (id <= 2292531))
	        ->  Bitmap Index Scan on sbtest4_pkey  (cost=0.00..25.86 rows=943 width=0)
	              Index Cond: ((id >= 2291532) AND (id <= 2292531))

table 5 : explain SELECT c FROM sbtest5 WHERE id BETWEEN 5134890 AND 5135889 ORDER BY c
	Sort  (cost=4303.27..4306.01 rows=1098 width=121)
	  Sort Key: c
	  ->  Bitmap Heap Scan on sbtest5  (cost=31.69..4247.81 rows=1098 width=121)
	        Recheck Cond: ((id >= 5134890) AND (id <= 5135889))
	        ->  Bitmap Index Scan on sbtest5_pkey  (cost=0.00..31.41 rows=1098 width=0)
	              Index Cond: ((id >= 5134890) AND (id <= 5135889))

table 6 : explain SELECT c FROM sbtest6 WHERE id BETWEEN 5632973 AND 5633972 ORDER BY c
	Sort  (cost=3579.61..3581.88 rows=910 width=121)
	  Sort Key: c
	  ->  Bitmap Heap Scan on sbtest6  (cost=29.76..3534.88 rows=910 width=121)
	        Recheck Cond: ((id >= 5632973) AND (id <= 5633972))
	        ->  Bitmap Index Scan on sbtest6_pkey  (cost=0.00..29.54 rows=910 width=0)
	              Index Cond: ((id >= 5632973) AND (id <= 5633972))

table 7 : explain SELECT c FROM sbtest7 WHERE id BETWEEN 2238304 AND 2239303 ORDER BY c
	Sort  (cost=3782.01..3784.42 rows=962 width=121)
	  Sort Key: c
	  ->  Bitmap Heap Scan on sbtest7  (cost=30.30..3734.35 rows=962 width=121)
	        Recheck Cond: ((id >= 2238304) AND (id <= 2239303))
	        ->  Bitmap Index Scan on sbtest7_pkey  (cost=0.00..30.05 rows=962 width=0)
	              Index Cond: ((id >= 2238304) AND (id <= 2239303))

table 8 : explain SELECT c FROM sbtest8 WHERE id BETWEEN 8084870 AND 8085869 ORDER BY c
	Sort  (cost=3956.03..3958.55 rows=1008 width=121)
	  Sort Key: c
	  ->  Bitmap Heap Scan on sbtest8  (cost=30.77..3905.74 rows=1008 width=121)
	        Recheck Cond: ((id >= 8084870) AND (id <= 8085869))
	        ->  Bitmap Index Scan on sbtest8_pkey  (cost=0.00..30.51 rows=1008 width=0)
	              Index Cond: ((id >= 8084870) AND (id <= 8085869))

for point_selects
table 1 : explain SELECT c FROM sbtest1 WHERE id=3360931
	Index Scan using sbtest1_pkey on sbtest1  (cost=0.43..8.45 rows=1 width=121)
	  Index Cond: (id = 3360931)

table 2 : explain SELECT c FROM sbtest2 WHERE id=6015110
	Index Scan using sbtest2_pkey on sbtest2  (cost=0.43..8.45 rows=1 width=121)
	  Index Cond: (id = 6015110)

table 3 : explain SELECT c FROM sbtest3 WHERE id=6203714
	Index Scan using sbtest3_pkey on sbtest3  (cost=0.43..8.45 rows=1 width=121)
	  Index Cond: (id = 6203714)

table 4 : explain SELECT c FROM sbtest4 WHERE id=5859211
	Index Scan using sbtest4_pkey on sbtest4  (cost=0.43..8.45 rows=1 width=121)
	  Index Cond: (id = 5859211)

table 5 : explain SELECT c FROM sbtest5 WHERE id=2734595
	Index Scan using sbtest5_pkey on sbtest5  (cost=0.43..8.45 rows=1 width=121)
	  Index Cond: (id = 2734595)

table 6 : explain SELECT c FROM sbtest6 WHERE id=5270005
	Index Scan using sbtest6_pkey on sbtest6  (cost=0.43..8.45 rows=1 width=121)
	  Index Cond: (id = 5270005)

table 7 : explain SELECT c FROM sbtest7 WHERE id=228955
	Index Scan using sbtest7_pkey on sbtest7  (cost=0.43..8.45 rows=1 width=121)
	  Index Cond: (id = 228955)

table 8 : explain SELECT c FROM sbtest8 WHERE id=1858988
	Index Scan using sbtest8_pkey on sbtest8  (cost=0.43..8.45 rows=1 width=121)
	  Index Cond: (id = 1858988)

for: sum_ranges
table 1 : explain SELECT SUM(k) FROM sbtest1 WHERE id BETWEEN 1350870 AND 1351869
	Aggregate  (cost=4020.78..4020.79 rows=1 width=8)
	  ->  Bitmap Heap Scan on sbtest1  (cost=31.08..4018.18 rows=1039 width=4)
	        Recheck Cond: ((id >= 1350870) AND (id <= 1351869))
	        ->  Bitmap Index Scan on sbtest1_pkey  (cost=0.00..30.82 rows=1039 width=0)
	              Index Cond: ((id >= 1350870) AND (id <= 1351869))

table 2 : explain SELECT SUM(k) FROM sbtest2 WHERE id BETWEEN 8501104 AND 8502103
	Aggregate  (cost=3992.15..3992.16 rows=1 width=8)
	  ->  Bitmap Heap Scan on sbtest2  (cost=31.00..3989.57 rows=1031 width=4)
	        Recheck Cond: ((id >= 8501104) AND (id <= 8502103))
	        ->  Bitmap Index Scan on sbtest2_pkey  (cost=0.00..30.75 rows=1031 width=0)
	              Index Cond: ((id >= 8501104) AND (id <= 8502103))

table 3 : explain SELECT SUM(k) FROM sbtest3 WHERE id BETWEEN 5026996 AND 5027995
	Aggregate  (cost=3739.80..3739.81 rows=1 width=8)
	  ->  Bitmap Heap Scan on sbtest3  (cost=30.32..3737.39 rows=964 width=4)
	        Recheck Cond: ((id >= 5026996) AND (id <= 5027995))
	        ->  Bitmap Index Scan on sbtest3_pkey  (cost=0.00..30.07 rows=964 width=0)
	              Index Cond: ((id >= 5026996) AND (id <= 5027995))

table 4 : explain SELECT SUM(k) FROM sbtest4 WHERE id BETWEEN 5121766 AND 5122765
	Aggregate  (cost=4290.19..4290.20 rows=1 width=8)
	  ->  Bitmap Heap Scan on sbtest4  (cost=31.81..4287.41 rows=1110 width=4)
	        Recheck Cond: ((id >= 5121766) AND (id <= 5122765))
	        ->  Bitmap Index Scan on sbtest4_pkey  (cost=0.00..31.54 rows=1110 width=0)
	              Index Cond: ((id >= 5121766) AND (id <= 5122765))

table 5 : explain SELECT SUM(k) FROM sbtest5 WHERE id BETWEEN 9833169 AND 9834168
	Aggregate  (cost=3748.06..3748.07 rows=1 width=8)
	  ->  Bitmap Heap Scan on sbtest5  (cost=30.33..3745.65 rows=965 width=4)
	        Recheck Cond: ((id >= 9833169) AND (id <= 9834168))
	        ->  Bitmap Index Scan on sbtest5_pkey  (cost=0.00..30.08 rows=965 width=0)
	              Index Cond: ((id >= 9833169) AND (id <= 9834168))

table 6 : explain SELECT SUM(k) FROM sbtest6 WHERE id BETWEEN 5280977 AND 5281976
	Aggregate  (cost=3688.63..3688.64 rows=1 width=8)
	  ->  Bitmap Heap Scan on sbtest6  (cost=30.17..3686.25 rows=950 width=4)
	        Recheck Cond: ((id >= 5280977) AND (id <= 5281976))
	        ->  Bitmap Index Scan on sbtest6_pkey  (cost=0.00..29.93 rows=950 width=0)
	              Index Cond: ((id >= 5280977) AND (id <= 5281976))

table 7 : explain SELECT SUM(k) FROM sbtest7 WHERE id BETWEEN 9164582 AND 9165581
	Aggregate  (cost=3888.12..3888.13 rows=1 width=8)
	  ->  Bitmap Heap Scan on sbtest7  (cost=30.71..3885.62 rows=1002 width=4)
	        Recheck Cond: ((id >= 9164582) AND (id <= 9165581))
	        ->  Bitmap Index Scan on sbtest7_pkey  (cost=0.00..30.45 rows=1002 width=0)
	              Index Cond: ((id >= 9164582) AND (id <= 9165581))

table 8 : explain SELECT SUM(k) FROM sbtest8 WHERE id BETWEEN 2041388 AND 2042387
	Aggregate  (cost=3817.57..3817.58 rows=1 width=8)
	  ->  Bitmap Heap Scan on sbtest8  (cost=30.52..3815.11 rows=984 width=4)
	        Recheck Cond: ((id >= 2041388) AND (id <= 2042387))
	        ->  Bitmap Index Scan on sbtest8_pkey  (cost=0.00..30.27 rows=984 width=0)
	              Index Cond: ((id >= 2041388) AND (id <= 2042387))

explain: for point_selects :: explain SELECT c FROM sbtest%u WHERE id=%u
for: sum_ranges
table 1 : explain SELECT SUM(k) FROM sbtest1 WHERE id BETWEEN 341238 AND 342237
	Aggregate  (cost=4013.24..4013.25 rows=1 width=8)
	  ->  Bitmap Heap Scan on sbtest1  (cost=31.06..4010.65 rows=1037 width=4)
	        Recheck Cond: ((id >= 341238) AND (id <= 342237))
	        ->  Bitmap Index Scan on sbtest1_pkey  (cost=0.00..30.80 rows=1037 width=0)
	              Index Cond: ((id >= 341238) AND (id <= 342237))

table 2 : explain SELECT SUM(k) FROM sbtest2 WHERE id BETWEEN 7446898 AND 7447897
	Aggregate  (cost=4022.31..4022.32 rows=1 width=8)
	  ->  Bitmap Heap Scan on sbtest2  (cost=31.08..4019.71 rows=1039 width=4)
	        Recheck Cond: ((id >= 7446898) AND (id <= 7447897))
	        ->  Bitmap Index Scan on sbtest2_pkey  (cost=0.00..30.82 rows=1039 width=0)
	              Index Cond: ((id >= 7446898) AND (id <= 7447897))

table 3 : explain SELECT SUM(k) FROM sbtest3 WHERE id BETWEEN 3988971 AND 3989970
	Aggregate  (cost=4169.84..4169.85 rows=1 width=8)
	  ->  Bitmap Heap Scan on sbtest3  (cost=31.48..4167.14 rows=1078 width=4)
	        Recheck Cond: ((id >= 3988971) AND (id <= 3989970))
	        ->  Bitmap Index Scan on sbtest3_pkey  (cost=0.00..31.21 rows=1078 width=0)
	              Index Cond: ((id >= 3988971) AND (id <= 3989970))

table 4 : explain SELECT SUM(k) FROM sbtest4 WHERE id BETWEEN 6918791 AND 6919790
	Aggregate  (cost=3985.13..3985.14 rows=1 width=8)
	  ->  Bitmap Heap Scan on sbtest4  (cost=30.98..3982.56 rows=1029 width=4)
	        Recheck Cond: ((id >= 6918791) AND (id <= 6919790))
	        ->  Bitmap Index Scan on sbtest4_pkey  (cost=0.00..30.72 rows=1029 width=0)
	              Index Cond: ((id >= 6918791) AND (id <= 6919790))

table 5 : explain SELECT SUM(k) FROM sbtest5 WHERE id BETWEEN 8781710 AND 8782709
	Aggregate  (cost=3789.70..3789.71 rows=1 width=8)
	  ->  Bitmap Heap Scan on sbtest5  (cost=30.44..3787.26 rows=976 width=4)
	        Recheck Cond: ((id >= 8781710) AND (id <= 8782709))
	        ->  Bitmap Index Scan on sbtest5_pkey  (cost=0.00..30.19 rows=976 width=0)
	              Index Cond: ((id >= 8781710) AND (id <= 8782709))

table 6 : explain SELECT SUM(k) FROM sbtest6 WHERE id BETWEEN 5986598 AND 5987597
	Aggregate  (cost=3820.99..3821.00 rows=1 width=8)
	  ->  Bitmap Heap Scan on sbtest6  (cost=30.53..3818.53 rows=985 width=4)
	        Recheck Cond: ((id >= 5986598) AND (id <= 5987597))
	        ->  Bitmap Index Scan on sbtest6_pkey  (cost=0.00..30.29 rows=985 width=0)
	              Index Cond: ((id >= 5986598) AND (id <= 5987597))

table 7 : explain SELECT SUM(k) FROM sbtest7 WHERE id BETWEEN 7003450 AND 7004449
	Aggregate  (cost=3778.40..3778.41 rows=1 width=8)
	  ->  Bitmap Heap Scan on sbtest7  (cost=30.41..3775.97 rows=973 width=4)
	        Recheck Cond: ((id >= 7003450) AND (id <= 7004449))
	        ->  Bitmap Index Scan on sbtest7_pkey  (cost=0.00..30.16 rows=973 width=0)
	              Index Cond: ((id >= 7003450) AND (id <= 7004449))

table 8 : explain SELECT SUM(k) FROM sbtest8 WHERE id BETWEEN 1949922 AND 1950921
	Aggregate  (cost=3893.15..3893.16 rows=1 width=8)
	  ->  Bitmap Heap Scan on sbtest8  (cost=30.73..3890.64 rows=1004 width=4)
	        Recheck Cond: ((id >= 1949922) AND (id <= 1950921))
	        ->  Bitmap Index Scan on sbtest8_pkey  (cost=0.00..30.47 rows=1004 width=0)
	              Index Cond: ((id >= 1949922) AND (id <= 1950921))

for: sum_ranges
table 1 : explain SELECT SUM(k) FROM sbtest1 WHERE id BETWEEN 7256953 AND 7257952
	Aggregate  (cost=3635.89..3635.90 rows=1 width=8)
	  ->  Bitmap Heap Scan on sbtest1  (cost=30.04..3633.54 rows=937 width=4)
	        Recheck Cond: ((id >= 7256953) AND (id <= 7257952))
	        ->  Bitmap Index Scan on sbtest1_pkey  (cost=0.00..29.80 rows=937 width=0)
	              Index Cond: ((id >= 7256953) AND (id <= 7257952))

table 2 : explain SELECT SUM(k) FROM sbtest2 WHERE id BETWEEN 561437 AND 562436
	Aggregate  (cost=4014.77..4014.78 rows=1 width=8)
	  ->  Bitmap Heap Scan on sbtest2  (cost=31.06..4012.18 rows=1037 width=4)
	        Recheck Cond: ((id >= 561437) AND (id <= 562436))
	        ->  Bitmap Index Scan on sbtest2_pkey  (cost=0.00..30.80 rows=1037 width=0)
	              Index Cond: ((id >= 561437) AND (id <= 562436))

table 3 : explain SELECT SUM(k) FROM sbtest3 WHERE id BETWEEN 1698178 AND 1699177
	Aggregate  (cost=4147.24..4147.25 rows=1 width=8)
	  ->  Bitmap Heap Scan on sbtest3  (cost=31.42..4144.56 rows=1072 width=4)
	        Recheck Cond: ((id >= 1698178) AND (id <= 1699177))
	        ->  Bitmap Index Scan on sbtest3_pkey  (cost=0.00..31.15 rows=1072 width=0)
	              Index Cond: ((id >= 1698178) AND (id <= 1699177))

table 4 : explain SELECT SUM(k) FROM sbtest4 WHERE id BETWEEN 300601 AND 301600
	Aggregate  (cost=4075.60..4075.61 rows=1 width=8)
	  ->  Bitmap Heap Scan on sbtest4  (cost=31.23..4072.97 rows=1053 width=4)
	        Recheck Cond: ((id >= 300601) AND (id <= 301600))
	        ->  Bitmap Index Scan on sbtest4_pkey  (cost=0.00..30.96 rows=1053 width=0)
	              Index Cond: ((id >= 300601) AND (id <= 301600))

table 5 : explain SELECT SUM(k) FROM sbtest5 WHERE id BETWEEN 7026291 AND 7027290
	Aggregate  (cost=3880.50..3880.51 rows=1 width=8)
	  ->  Bitmap Heap Scan on sbtest5  (cost=30.68..3878.00 rows=1000 width=4)
	        Recheck Cond: ((id >= 7026291) AND (id <= 7027290))
	        ->  Bitmap Index Scan on sbtest5_pkey  (cost=0.00..30.43 rows=1000 width=0)
	              Index Cond: ((id >= 7026291) AND (id <= 7027290))

table 6 : explain SELECT SUM(k) FROM sbtest6 WHERE id BETWEEN 1430013 AND 1431012
	Aggregate  (cost=4164.42..4164.43 rows=1 width=8)
	  ->  Bitmap Heap Scan on sbtest6  (cost=31.46..4161.73 rows=1076 width=4)
	        Recheck Cond: ((id >= 1430013) AND (id <= 1431012))
	        ->  Bitmap Index Scan on sbtest6_pkey  (cost=0.00..31.19 rows=1076 width=0)
	              Index Cond: ((id >= 1430013) AND (id <= 1431012))

table 7 : explain SELECT SUM(k) FROM sbtest7 WHERE id BETWEEN 9052152 AND 9053151
	Aggregate  (cost=3975.07..3975.08 rows=1 width=8)
	  ->  Bitmap Heap Scan on sbtest7  (cost=30.94..3972.51 rows=1025 width=4)
	        Recheck Cond: ((id >= 9052152) AND (id <= 9053151))
	        ->  Bitmap Index Scan on sbtest7_pkey  (cost=0.00..30.68 rows=1025 width=0)
	              Index Cond: ((id >= 9052152) AND (id <= 9053151))

table 8 : explain SELECT SUM(k) FROM sbtest8 WHERE id BETWEEN 4354661 AND 4355660
	Aggregate  (cost=3696.54..3696.55 rows=1 width=8)
	  ->  Bitmap Heap Scan on sbtest8  (cost=30.19..3694.16 rows=952 width=4)
	        Recheck Cond: ((id >= 4354661) AND (id <= 4355660))
	        ->  Bitmap Index Scan on sbtest8_pkey  (cost=0.00..29.95 rows=952 width=0)
	              Index Cond: ((id >= 4354661) AND (id <= 4355660))

for: distinct_ranges
table 1 : explain SELECT DISTINCT c FROM sbtest1 WHERE id BETWEEN 8441254 AND 8442253 ORDER BY c
	Unique  (cost=3771.78..3776.58 rows=961 width=121)
	  ->  Sort  (cost=3771.78..3774.18 rows=961 width=121)
	        Sort Key: c
	        ->  Bitmap Heap Scan on sbtest1  (cost=30.29..3724.17 rows=961 width=121)
	              Recheck Cond: ((id >= 8441254) AND (id <= 8442253))
	              ->  Bitmap Index Scan on sbtest1_pkey  (cost=0.00..30.04 rows=961 width=0)
	                    Index Cond: ((id >= 8441254) AND (id <= 8442253))

table 2 : explain SELECT DISTINCT c FROM sbtest2 WHERE id BETWEEN 1638688 AND 1639687 ORDER BY c
	Unique  (cost=4224.63..4230.03 rows=1079 width=121)
	  ->  Sort  (cost=4224.63..4227.33 rows=1079 width=121)
	        Sort Key: c
	        ->  Bitmap Heap Scan on sbtest2  (cost=31.49..4170.28 rows=1079 width=121)
	              Recheck Cond: ((id >= 1638688) AND (id <= 1639687))
	              ->  Bitmap Index Scan on sbtest2_pkey  (cost=0.00..31.22 rows=1079 width=0)
	                    Index Cond: ((id >= 1638688) AND (id <= 1639687))

table 3 : explain SELECT DISTINCT c FROM sbtest3 WHERE id BETWEEN 6213727 AND 6214726 ORDER BY c
	Unique  (cost=4087.66..4092.87 rows=1043 width=121)
	  ->  Sort  (cost=4087.66..4090.27 rows=1043 width=121)
	        Sort Key: c
	        ->  Bitmap Heap Scan on sbtest3  (cost=31.13..4035.37 rows=1043 width=121)
	              Recheck Cond: ((id >= 6213727) AND (id <= 6214726))
	              ->  Bitmap Index Scan on sbtest3_pkey  (cost=0.00..30.86 rows=1043 width=0)
	                    Index Cond: ((id >= 6213727) AND (id <= 6214726))

table 4 : explain SELECT DISTINCT c FROM sbtest4 WHERE id BETWEEN 6317933 AND 6318932 ORDER BY c
	Unique  (cost=4014.91..4020.03 rows=1024 width=121)
	  ->  Sort  (cost=4014.91..4017.47 rows=1024 width=121)
	        Sort Key: c
	        ->  Bitmap Heap Scan on sbtest4  (cost=30.93..3963.71 rows=1024 width=121)
	              Recheck Cond: ((id >= 6317933) AND (id <= 6318932))
	              ->  Bitmap Index Scan on sbtest4_pkey  (cost=0.00..30.68 rows=1024 width=0)
	                    Index Cond: ((id >= 6317933) AND (id <= 6318932))

table 5 : explain SELECT DISTINCT c FROM sbtest5 WHERE id BETWEEN 3253543 AND 3254542 ORDER BY c
	Unique  (cost=3743.55..3748.31 rows=952 width=121)
	  ->  Sort  (cost=3743.55..3745.93 rows=952 width=121)
	        Sort Key: c
	        ->  Bitmap Heap Scan on sbtest5  (cost=30.19..3696.45 rows=952 width=121)
	              Recheck Cond: ((id >= 3253543) AND (id <= 3254542))
	              ->  Bitmap Index Scan on sbtest5_pkey  (cost=0.00..29.95 rows=952 width=0)
	                    Index Cond: ((id >= 3253543) AND (id <= 3254542))

table 6 : explain SELECT DISTINCT c FROM sbtest6 WHERE id BETWEEN 7414951 AND 7415950 ORDER BY c
	Unique  (cost=3737.07..3741.83 rows=951 width=121)
	  ->  Sort  (cost=3737.07..3739.45 rows=951 width=121)
	        Sort Key: c
	        ->  Bitmap Heap Scan on sbtest6  (cost=30.18..3690.03 rows=951 width=121)
	              Recheck Cond: ((id >= 7414951) AND (id <= 7415950))
	              ->  Bitmap Index Scan on sbtest6_pkey  (cost=0.00..29.94 rows=951 width=0)
	                    Index Cond: ((id >= 7414951) AND (id <= 7415950))

table 7 : explain SELECT DISTINCT c FROM sbtest7 WHERE id BETWEEN 3054465 AND 3055464 ORDER BY c
	Unique  (cost=3774.33..3779.13 rows=960 width=121)
	  ->  Sort  (cost=3774.33..3776.73 rows=960 width=121)
	        Sort Key: c
	        ->  Bitmap Heap Scan on sbtest7  (cost=30.27..3726.78 rows=960 width=121)
	              Recheck Cond: ((id >= 3054465) AND (id <= 3055464))
	              ->  Bitmap Index Scan on sbtest7_pkey  (cost=0.00..30.04 rows=960 width=0)
	                    Index Cond: ((id >= 3054465) AND (id <= 3055464))

table 8 : explain SELECT DISTINCT c FROM sbtest8 WHERE id BETWEEN 758295 AND 759294 ORDER BY c
	Unique  (cost=4254.56..4259.99 rows=1086 width=121)
	  ->  Sort  (cost=4254.56..4257.28 rows=1086 width=121)
	        Sort Key: c
	        ->  Bitmap Heap Scan on sbtest8  (cost=31.57..4199.80 rows=1086 width=121)
	              Recheck Cond: ((id >= 758295) AND (id <= 759294))
	              ->  Bitmap Index Scan on sbtest8_pkey  (cost=0.00..31.29 rows=1086 width=0)
	                    Index Cond: ((id >= 758295) AND (id <= 759294))

explain: for point_selects :: explain SELECT c FROM sbtest%u WHERE id=%u
explain: for point_selects :: explain SELECT c FROM sbtest%u WHERE id=%u
explain: for point_selects :: explain SELECT c FROM sbtest%u WHERE id=%u
explain: for point_selects :: explain SELECT c FROM sbtest%u WHERE id=%u
explain: for point_selects :: explain SELECT c FROM sbtest%u WHERE id=%u
for: simple_ranges
table 1 : explain SELECT c FROM sbtest1 WHERE id BETWEEN 1767733 AND 1768732
	Bitmap Heap Scan on sbtest1  (cost=31.01..3991.83 rows=1032 width=121)
	  Recheck Cond: ((id >= 1767733) AND (id <= 1768732))
	  ->  Bitmap Index Scan on sbtest1_pkey  (cost=0.00..30.75 rows=1032 width=0)
	        Index Cond: ((id >= 1767733) AND (id <= 1768732))

table 2 : explain SELECT c FROM sbtest2 WHERE id BETWEEN 9929453 AND 9930452
	Bitmap Heap Scan on sbtest2  (cost=30.29..3725.53 rows=961 width=121)
	  Recheck Cond: ((id >= 9929453) AND (id <= 9930452))
	  ->  Bitmap Index Scan on sbtest2_pkey  (cost=0.00..30.04 rows=961 width=0)
	        Index Cond: ((id >= 9929453) AND (id <= 9930452))

table 3 : explain SELECT c FROM sbtest3 WHERE id BETWEEN 3585260 AND 3586259
	Bitmap Heap Scan on sbtest3  (cost=30.84..3929.85 rows=1015 width=121)
	  Recheck Cond: ((id >= 3585260) AND (id <= 3586259))
	  ->  Bitmap Index Scan on sbtest3_pkey  (cost=0.00..30.58 rows=1015 width=0)
	        Index Cond: ((id >= 3585260) AND (id <= 3586259))

table 4 : explain SELECT c FROM sbtest4 WHERE id BETWEEN 4309598 AND 4310597
	Bitmap Heap Scan on sbtest4  (cost=30.29..3726.00 rows=961 width=121)
	  Recheck Cond: ((id >= 4309598) AND (id <= 4310597))
	  ->  Bitmap Index Scan on sbtest4_pkey  (cost=0.00..30.04 rows=961 width=0)
	        Index Cond: ((id >= 4309598) AND (id <= 4310597))

table 5 : explain SELECT c FROM sbtest5 WHERE id BETWEEN 9764410 AND 9765409
	Bitmap Heap Scan on sbtest5  (cost=29.84..3567.67 rows=918 width=121)
	  Recheck Cond: ((id >= 9764410) AND (id <= 9765409))
	  ->  Bitmap Index Scan on sbtest5_pkey  (cost=0.00..29.61 rows=918 width=0)
	        Index Cond: ((id >= 9764410) AND (id <= 9765409))

table 6 : explain SELECT c FROM sbtest6 WHERE id BETWEEN 4512181 AND 4513180
	Bitmap Heap Scan on sbtest6  (cost=30.68..3875.17 rows=1000 width=121)
	  Recheck Cond: ((id >= 4512181) AND (id <= 4513180))
	  ->  Bitmap Index Scan on sbtest6_pkey  (cost=0.00..30.43 rows=1000 width=0)
	        Index Cond: ((id >= 4512181) AND (id <= 4513180))

table 7 : explain SELECT c FROM sbtest7 WHERE id BETWEEN 1481369 AND 1482368
	Bitmap Heap Scan on sbtest7  (cost=25.48..3427.20 rows=882 width=121)
	  Recheck Cond: ((id >= 1481369) AND (id <= 1482368))
	  ->  Bitmap Index Scan on sbtest7_pkey  (cost=0.00..25.25 rows=882 width=0)
	        Index Cond: ((id >= 1481369) AND (id <= 1482368))

table 8 : explain SELECT c FROM sbtest8 WHERE id BETWEEN 4851590 AND 4852589
	Bitmap Heap Scan on sbtest8  (cost=30.84..3932.16 rows=1015 width=121)
	  Recheck Cond: ((id >= 4851590) AND (id <= 4852589))
	  ->  Bitmap Index Scan on sbtest8_pkey  (cost=0.00..30.58 rows=1015 width=0)
	        Index Cond: ((id >= 4851590) AND (id <= 4852589))

explain: for point_selects :: explain SELECT c FROM sbtest%u WHERE id=%u
for: distinct_ranges
table 1 : explain SELECT DISTINCT c FROM sbtest1 WHERE id BETWEEN 9862204 AND 9863203 ORDER BY c
	Unique  (cost=3836.89..3841.78 rows=978 width=121)
	  ->  Sort  (cost=3836.89..3839.34 rows=978 width=121)
	        Sort Key: c
	        ->  Bitmap Heap Scan on sbtest1  (cost=30.46..3788.32 rows=978 width=121)
	              Recheck Cond: ((id >= 9862204) AND (id <= 9863203))
	              ->  Bitmap Index Scan on sbtest1_pkey  (cost=0.00..30.21 rows=978 width=0)
	                    Index Cond: ((id >= 9862204) AND (id <= 9863203))

table 2 : explain SELECT DISTINCT c FROM sbtest2 WHERE id BETWEEN 4910393 AND 4911392 ORDER BY c
	Unique  (cost=3891.91..3896.87 rows=992 width=121)
	  ->  Sort  (cost=3891.91..3894.39 rows=992 width=121)
	        Sort Key: c
	        ->  Bitmap Heap Scan on sbtest2  (cost=30.60..3842.54 rows=992 width=121)
	              Recheck Cond: ((id >= 4910393) AND (id <= 4911392))
	              ->  Bitmap Index Scan on sbtest2_pkey  (cost=0.00..30.36 rows=992 width=0)
	                    Index Cond: ((id >= 4910393) AND (id <= 4911392))

table 3 : explain SELECT DISTINCT c FROM sbtest3 WHERE id BETWEEN 8064329 AND 8065328 ORDER BY c
	Unique  (cost=4106.78..4112.02 rows=1048 width=121)
	  ->  Sort  (cost=4106.78..4109.40 rows=1048 width=121)
	        Sort Key: c
	        ->  Bitmap Heap Scan on sbtest3  (cost=31.18..4054.20 rows=1048 width=121)
	              Recheck Cond: ((id >= 8064329) AND (id <= 8065328))
	              ->  Bitmap Index Scan on sbtest3_pkey  (cost=0.00..30.91 rows=1048 width=0)
	                    Index Cond: ((id >= 8064329) AND (id <= 8065328))

table 4 : explain SELECT DISTINCT c FROM sbtest4 WHERE id BETWEEN 7967057 AND 7968056 ORDER BY c
	Unique  (cost=4167.88..4173.20 rows=1064 width=121)
	  ->  Sort  (cost=4167.88..4170.54 rows=1064 width=121)
	        Sort Key: c
	        ->  Bitmap Heap Scan on sbtest4  (cost=31.34..4114.39 rows=1064 width=121)
	              Recheck Cond: ((id >= 7967057) AND (id <= 7968056))
	              ->  Bitmap Index Scan on sbtest4_pkey  (cost=0.00..31.07 rows=1064 width=0)
	                    Index Cond: ((id >= 7967057) AND (id <= 7968056))

table 5 : explain SELECT DISTINCT c FROM sbtest5 WHERE id BETWEEN 3341836 AND 3342835 ORDER BY c
	Unique  (cost=3874.11..3879.04 rows=986 width=121)
	  ->  Sort  (cost=3874.11..3876.58 rows=986 width=121)
	        Sort Key: c
	        ->  Bitmap Heap Scan on sbtest5  (cost=30.54..3825.08 rows=986 width=121)
	              Recheck Cond: ((id >= 3341836) AND (id <= 3342835))
	              ->  Bitmap Index Scan on sbtest5_pkey  (cost=0.00..30.29 rows=986 width=0)
	                    Index Cond: ((id >= 3341836) AND (id <= 3342835))

table 6 : explain SELECT DISTINCT c FROM sbtest6 WHERE id BETWEEN 8140913 AND 8141912 ORDER BY c
	Unique  (cost=4135.60..4140.87 rows=1055 width=121)
	  ->  Sort  (cost=4135.60..4138.23 rows=1055 width=121)
	        Sort Key: c
	        ->  Bitmap Heap Scan on sbtest6  (cost=31.25..4082.62 rows=1055 width=121)
	              Recheck Cond: ((id >= 8140913) AND (id <= 8141912))
	              ->  Bitmap Index Scan on sbtest6_pkey  (cost=0.00..30.98 rows=1055 width=0)
	                    Index Cond: ((id >= 8140913) AND (id <= 8141912))

table 7 : explain SELECT DISTINCT c FROM sbtest7 WHERE id BETWEEN 362771 AND 363770 ORDER BY c
	Unique  (cost=3674.42..3679.09 rows=934 width=121)
	  ->  Sort  (cost=3674.42..3676.75 rows=934 width=121)
	        Sort Key: c
	        ->  Bitmap Heap Scan on sbtest7  (cost=30.01..3628.34 rows=934 width=121)
	              Recheck Cond: ((id >= 362771) AND (id <= 363770))
	              ->  Bitmap Index Scan on sbtest7_pkey  (cost=0.00..29.77 rows=934 width=0)
	                    Index Cond: ((id >= 362771) AND (id <= 363770))

table 8 : explain SELECT DISTINCT c FROM sbtest8 WHERE id BETWEEN 2562571 AND 2563570 ORDER BY c
	Unique  (cost=4254.56..4259.99 rows=1086 width=121)
	  ->  Sort  (cost=4254.56..4257.28 rows=1086 width=121)
	        Sort Key: c
	        ->  Bitmap Heap Scan on sbtest8  (cost=31.57..4199.80 rows=1086 width=121)
	              Recheck Cond: ((id >= 2562571) AND (id <= 2563570))
	              ->  Bitmap Index Scan on sbtest8_pkey  (cost=0.00..31.29 rows=1086 width=0)
	                    Index Cond: ((id >= 2562571) AND (id <= 2563570))

for: order_ranges
table 1 : explain SELECT c FROM sbtest1 WHERE id BETWEEN 8614267 AND 8615266 ORDER BY c
	Sort  (cost=4131.37..4134.01 rows=1055 width=121)
	  Sort Key: c
	  ->  Bitmap Heap Scan on sbtest1  (cost=31.25..4078.40 rows=1055 width=121)
	        Recheck Cond: ((id >= 8614267) AND (id <= 8615266))
	        ->  Bitmap Index Scan on sbtest1_pkey  (cost=0.00..30.98 rows=1055 width=0)
	              Index Cond: ((id >= 8614267) AND (id <= 8615266))

table 2 : explain SELECT c FROM sbtest2 WHERE id BETWEEN 6716152 AND 6717151 ORDER BY c
	Sort  (cost=3519.71..3521.95 rows=896 width=121)
	  Sort Key: c
	  ->  Bitmap Heap Scan on sbtest2  (cost=25.62..3475.78 rows=896 width=121)
	        Recheck Cond: ((id >= 6716152) AND (id <= 6717151))
	        ->  Bitmap Index Scan on sbtest2_pkey  (cost=0.00..25.39 rows=896 width=0)
	              Index Cond: ((id >= 6716152) AND (id <= 6717151))

table 3 : explain SELECT c FROM sbtest3 WHERE id BETWEEN 1384998 AND 1385997 ORDER BY c
	Sort  (cost=3819.67..3822.10 rows=973 width=121)
	  Sort Key: c
	  ->  Bitmap Heap Scan on sbtest3  (cost=30.41..3771.37 rows=973 width=121)
	        Recheck Cond: ((id >= 1384998) AND (id <= 1385997))
	        ->  Bitmap Index Scan on sbtest3_pkey  (cost=0.00..30.16 rows=973 width=0)
	              Index Cond: ((id >= 1384998) AND (id <= 1385997))

table 4 : explain SELECT c FROM sbtest4 WHERE id BETWEEN 3279788 AND 3280787 ORDER BY c
	Sort  (cost=4030.22..4032.79 rows=1028 width=121)
	  Sort Key: c
	  ->  Bitmap Heap Scan on sbtest4  (cost=30.97..3978.79 rows=1028 width=121)
	        Recheck Cond: ((id >= 3279788) AND (id <= 3280787))
	        ->  Bitmap Index Scan on sbtest4_pkey  (cost=0.00..30.71 rows=1028 width=0)
	              Index Cond: ((id >= 3279788) AND (id <= 3280787))

table 5 : explain SELECT c FROM sbtest5 WHERE id BETWEEN 8013049 AND 8014048 ORDER BY c
	Sort  (cost=4142.50..4145.14 rows=1056 width=121)
	  Sort Key: c
	  ->  Bitmap Heap Scan on sbtest5  (cost=31.26..4089.46 rows=1056 width=121)
	        Recheck Cond: ((id >= 8013049) AND (id <= 8014048))
	        ->  Bitmap Index Scan on sbtest5_pkey  (cost=0.00..31.00 rows=1056 width=0)
	              Index Cond: ((id >= 8013049) AND (id <= 8014048))

table 6 : explain SELECT c FROM sbtest6 WHERE id BETWEEN 2033540 AND 2034539 ORDER BY c
	Sort  (cost=4005.45..4008.00 rows=1021 width=121)
	  Sort Key: c
	  ->  Bitmap Heap Scan on sbtest6  (cost=30.90..3954.42 rows=1021 width=121)
	        Recheck Cond: ((id >= 2033540) AND (id <= 2034539))
	        ->  Bitmap Index Scan on sbtest6_pkey  (cost=0.00..30.64 rows=1021 width=0)
	              Index Cond: ((id >= 2033540) AND (id <= 2034539))

table 7 : explain SELECT c FROM sbtest7 WHERE id BETWEEN 2186238 AND 2187237 ORDER BY c
	Sort  (cost=3662.89..3665.21 rows=931 width=121)
	  Sort Key: c
	  ->  Bitmap Heap Scan on sbtest7  (cost=29.98..3616.97 rows=931 width=121)
	        Recheck Cond: ((id >= 2186238) AND (id <= 2187237))
	        ->  Bitmap Index Scan on sbtest7_pkey  (cost=0.00..29.75 rows=931 width=0)
	              Index Cond: ((id >= 2186238) AND (id <= 2187237))

table 8 : explain SELECT c FROM sbtest8 WHERE id BETWEEN 7238690 AND 7239689 ORDER BY c
	Sort  (cost=4181.90..4184.57 rows=1067 width=121)
	  Sort Key: c
	  ->  Bitmap Heap Scan on sbtest8  (cost=31.37..4128.24 rows=1067 width=121)
	        Recheck Cond: ((id >= 7238690) AND (id <= 7239689))
	        ->  Bitmap Index Scan on sbtest8_pkey  (cost=0.00..31.11 rows=1067 width=0)
	              Index Cond: ((id >= 7238690) AND (id <= 7239689))

explain: for point_selects :: explain SELECT c FROM sbtest%u WHERE id=%u
explain: for point_selects :: explain SELECT c FROM sbtest%u WHERE id=%u
for point_selects
table 1 : explain SELECT c FROM sbtest1 WHERE id=6133892
	Index Scan using sbtest1_pkey on sbtest1  (cost=0.43..8.45 rows=1 width=121)
	  Index Cond: (id = 6133892)

table 2 : explain SELECT c FROM sbtest2 WHERE id=9412649
	Index Scan using sbtest2_pkey on sbtest2  (cost=0.43..8.45 rows=1 width=121)
	  Index Cond: (id = 9412649)

table 3 : explain SELECT c FROM sbtest3 WHERE id=7151673
	Index Scan using sbtest3_pkey on sbtest3  (cost=0.43..8.45 rows=1 width=121)
	  Index Cond: (id = 7151673)

table 4 : explain SELECT c FROM sbtest4 WHERE id=3806596
	Index Scan using sbtest4_pkey on sbtest4  (cost=0.43..8.45 rows=1 width=121)
	  Index Cond: (id = 3806596)

table 5 : explain SELECT c FROM sbtest5 WHERE id=5284770
	Index Scan using sbtest5_pkey on sbtest5  (cost=0.43..8.45 rows=1 width=121)
	  Index Cond: (id = 5284770)

table 6 : explain SELECT c FROM sbtest6 WHERE id=3226100
	Index Scan using sbtest6_pkey on sbtest6  (cost=0.43..8.45 rows=1 width=121)
	  Index Cond: (id = 3226100)

table 7 : explain SELECT c FROM sbtest7 WHERE id=6685395
	Index Scan using sbtest7_pkey on sbtest7  (cost=0.43..8.45 rows=1 width=121)
	  Index Cond: (id = 6685395)

table 8 : explain SELECT c FROM sbtest8 WHERE id=8464393
	Index Scan using sbtest8_pkey on sbtest8  (cost=0.43..8.45 rows=1 width=121)
	  Index Cond: (id = 8464393)

for: order_ranges
table 1 : explain SELECT c FROM sbtest1 WHERE id BETWEEN 4938425 AND 4939424 ORDER BY c
	Sort  (cost=4047.31..4049.89 rows=1033 width=121)
	  Sort Key: c
	  ->  Bitmap Heap Scan on sbtest1  (cost=31.02..3995.59 rows=1033 width=121)
	        Recheck Cond: ((id >= 4938425) AND (id <= 4939424))
	        ->  Bitmap Index Scan on sbtest1_pkey  (cost=0.00..30.76 rows=1033 width=0)
	              Index Cond: ((id >= 4938425) AND (id <= 4939424))

table 2 : explain SELECT c FROM sbtest2 WHERE id BETWEEN 2809357 AND 2810356 ORDER BY c
	Sort  (cost=3746.30..3748.69 rows=954 width=121)
	  Sort Key: c
	  ->  Bitmap Heap Scan on sbtest2  (cost=30.21..3699.09 rows=954 width=121)
	        Recheck Cond: ((id >= 2809357) AND (id <= 2810356))
	        ->  Bitmap Index Scan on sbtest2_pkey  (cost=0.00..29.97 rows=954 width=0)
	              Index Cond: ((id >= 2809357) AND (id <= 2810356))

table 3 : explain SELECT c FROM sbtest3 WHERE id BETWEEN 8332193 AND 8333192 ORDER BY c
	Sort  (cost=4164.12..4166.78 rows=1063 width=121)
	  Sort Key: c
	  ->  Bitmap Heap Scan on sbtest3  (cost=31.33..4110.69 rows=1063 width=121)
	        Recheck Cond: ((id >= 8332193) AND (id <= 8333192))
	        ->  Bitmap Index Scan on sbtest3_pkey  (cost=0.00..31.07 rows=1063 width=0)
	              Index Cond: ((id >= 8332193) AND (id <= 8333192))

table 4 : explain SELECT c FROM sbtest4 WHERE id BETWEEN 9674765 AND 9675764 ORDER BY c
	Sort  (cost=3953.67..3956.19 rows=1008 width=121)
	  Sort Key: c
	  ->  Bitmap Heap Scan on sbtest4  (cost=30.77..3903.39 rows=1008 width=121)
	        Recheck Cond: ((id >= 9674765) AND (id <= 9675764))
	        ->  Bitmap Index Scan on sbtest4_pkey  (cost=0.00..30.51 rows=1008 width=0)
	              Index Cond: ((id >= 9674765) AND (id <= 9675764))

table 5 : explain SELECT c FROM sbtest5 WHERE id BETWEEN 4842211 AND 4843210 ORDER BY c
	Sort  (cost=3755.07..3757.46 rows=955 width=121)
	  Sort Key: c
	  ->  Bitmap Heap Scan on sbtest5  (cost=30.22..3707.80 rows=955 width=121)
	        Recheck Cond: ((id >= 4842211) AND (id <= 4843210))
	        ->  Bitmap Index Scan on sbtest5_pkey  (cost=0.00..29.98 rows=955 width=0)
	              Index Cond: ((id >= 4842211) AND (id <= 4843210))

table 6 : explain SELECT c FROM sbtest6 WHERE id BETWEEN 4411307 AND 4412306 ORDER BY c
	Sort  (cost=4257.97..4260.68 rows=1087 width=121)
	  Sort Key: c
	  ->  Bitmap Heap Scan on sbtest6  (cost=31.58..4203.15 rows=1087 width=121)
	        Recheck Cond: ((id >= 4411307) AND (id <= 4412306))
	        ->  Bitmap Index Scan on sbtest6_pkey  (cost=0.00..31.30 rows=1087 width=0)
	              Index Cond: ((id >= 4411307) AND (id <= 4412306))

table 7 : explain SELECT c FROM sbtest7 WHERE id BETWEEN 3660215 AND 3661214 ORDER BY c
	Sort  (cost=4119.58..4122.20 rows=1050 width=121)
	  Sort Key: c
	  ->  Bitmap Heap Scan on sbtest7  (cost=31.20..4066.89 rows=1050 width=121)
	        Recheck Cond: ((id >= 3660215) AND (id <= 3661214))
	        ->  Bitmap Index Scan on sbtest7_pkey  (cost=0.00..30.93 rows=1050 width=0)
	              Index Cond: ((id >= 3660215) AND (id <= 3661214))

table 8 : explain SELECT c FROM sbtest8 WHERE id BETWEEN 3014268 AND 3015267 ORDER BY c
	Sort  (cost=3894.70..3897.18 rows=992 width=121)
	  Sort Key: c
	  ->  Bitmap Heap Scan on sbtest8  (cost=30.60..3845.33 rows=992 width=121)
	        Recheck Cond: ((id >= 3014268) AND (id <= 3015267))
	        ->  Bitmap Index Scan on sbtest8_pkey  (cost=0.00..30.36 rows=992 width=0)
	              Index Cond: ((id >= 3014268) AND (id <= 3015267))

explain: for point_selects :: explain SELECT c FROM sbtest%u WHERE id=%u
for: sum_ranges
table 1 : explain SELECT SUM(k) FROM sbtest1 WHERE id BETWEEN 8916210 AND 8917209
	Aggregate  (cost=3968.03..3968.04 rows=1 width=8)
	  ->  Bitmap Heap Scan on sbtest1  (cost=30.94..3965.47 rows=1025 width=4)
	        Recheck Cond: ((id >= 8916210) AND (id <= 8917209))
	        ->  Bitmap Index Scan on sbtest1_pkey  (cost=0.00..30.68 rows=1025 width=0)
	              Index Cond: ((id >= 8916210) AND (id <= 8917209))

table 2 : explain SELECT SUM(k) FROM sbtest2 WHERE id BETWEEN 9054354 AND 9055353
	Aggregate  (cost=3788.38..3788.39 rows=1 width=8)
	  ->  Bitmap Heap Scan on sbtest2  (cost=30.45..3785.94 rows=977 width=4)
	        Recheck Cond: ((id >= 9054354) AND (id <= 9055353))
	        ->  Bitmap Index Scan on sbtest2_pkey  (cost=0.00..30.20 rows=977 width=0)
	              Index Cond: ((id >= 9054354) AND (id <= 9055353))

table 3 : explain SELECT SUM(k) FROM sbtest3 WHERE id BETWEEN 2232461 AND 2233460
	Aggregate  (cost=3875.77..3875.78 rows=1 width=8)
	  ->  Bitmap Heap Scan on sbtest3  (cost=30.68..3873.27 rows=1000 width=4)
	        Recheck Cond: ((id >= 2232461) AND (id <= 2233460))
	        ->  Bitmap Index Scan on sbtest3_pkey  (cost=0.00..30.43 rows=1000 width=0)
	              Index Cond: ((id >= 2232461) AND (id <= 2233460))

table 4 : explain SELECT SUM(k) FROM sbtest4 WHERE id BETWEEN 7449250 AND 7450249
	Aggregate  (cost=3951.19..3951.20 rows=1 width=8)
	  ->  Bitmap Heap Scan on sbtest4  (cost=30.89..3948.64 rows=1020 width=4)
	        Recheck Cond: ((id >= 7449250) AND (id <= 7450249))
	        ->  Bitmap Index Scan on sbtest4_pkey  (cost=0.00..30.64 rows=1020 width=0)
	              Index Cond: ((id >= 7449250) AND (id <= 7450249))

table 5 : explain SELECT SUM(k) FROM sbtest5 WHERE id BETWEEN 5624101 AND 5625100
	Aggregate  (cost=3929.66..3929.67 rows=1 width=8)
	  ->  Bitmap Heap Scan on sbtest5  (cost=30.82..3927.13 rows=1013 width=4)
	        Recheck Cond: ((id >= 5624101) AND (id <= 5625100))
	        ->  Bitmap Index Scan on sbtest5_pkey  (cost=0.00..30.57 rows=1013 width=0)
	              Index Cond: ((id >= 5624101) AND (id <= 5625100))

table 6 : explain SELECT SUM(k) FROM sbtest6 WHERE id BETWEEN 907809 AND 908808
	Aggregate  (cost=4194.56..4194.57 rows=1 width=8)
	  ->  Bitmap Heap Scan on sbtest6  (cost=31.55..4191.85 rows=1084 width=4)
	        Recheck Cond: ((id >= 907809) AND (id <= 908808))
	        ->  Bitmap Index Scan on sbtest6_pkey  (cost=0.00..31.27 rows=1084 width=0)
	              Index Cond: ((id >= 907809) AND (id <= 908808))

table 7 : explain SELECT SUM(k) FROM sbtest7 WHERE id BETWEEN 9257859 AND 9258858
	Aggregate  (cost=3820.03..3820.04 rows=1 width=8)
	  ->  Bitmap Heap Scan on sbtest7  (cost=30.52..3817.57 rows=984 width=4)
	        Recheck Cond: ((id >= 9257859) AND (id <= 9258858))
	        ->  Bitmap Index Scan on sbtest7_pkey  (cost=0.00..30.27 rows=984 width=0)
	              Index Cond: ((id >= 9257859) AND (id <= 9258858))

table 8 : explain SELECT SUM(k) FROM sbtest8 WHERE id BETWEEN 4976805 AND 4977804
	Aggregate  (cost=3787.32..3787.33 rows=1 width=8)
	  ->  Bitmap Heap Scan on sbtest8  (cost=30.44..3784.88 rows=976 width=4)
	        Recheck Cond: ((id >= 4976805) AND (id <= 4977804))
	        ->  Bitmap Index Scan on sbtest8_pkey  (cost=0.00..30.19 rows=976 width=0)
	              Index Cond: ((id >= 4976805) AND (id <= 4977804))

for point_selects
table 1 : explain SELECT c FROM sbtest1 WHERE id=3177217
	Index Scan using sbtest1_pkey on sbtest1  (cost=0.43..8.45 rows=1 width=121)
	  Index Cond: (id = 3177217)

table 2 : explain SELECT c FROM sbtest2 WHERE id=5772046
	Index Scan using sbtest2_pkey on sbtest2  (cost=0.43..8.45 rows=1 width=121)
	  Index Cond: (id = 5772046)

table 3 : explain SELECT c FROM sbtest3 WHERE id=361048
	Index Scan using sbtest3_pkey on sbtest3  (cost=0.43..8.45 rows=1 width=121)
	  Index Cond: (id = 361048)

table 4 : explain SELECT c FROM sbtest4 WHERE id=5989562
	Index Scan using sbtest4_pkey on sbtest4  (cost=0.43..8.45 rows=1 width=121)
	  Index Cond: (id = 5989562)

table 5 : explain SELECT c FROM sbtest5 WHERE id=5883683
	Index Scan using sbtest5_pkey on sbtest5  (cost=0.43..8.45 rows=1 width=121)
	  Index Cond: (id = 5883683)

table 6 : explain SELECT c FROM sbtest6 WHERE id=7986475
	Index Scan using sbtest6_pkey on sbtest6  (cost=0.43..8.45 rows=1 width=121)
	  Index Cond: (id = 7986475)

table 7 : explain SELECT c FROM sbtest7 WHERE id=5443497
	Index Scan using sbtest7_pkey on sbtest7  (cost=0.43..8.45 rows=1 width=121)
	  Index Cond: (id = 5443497)

table 8 : explain SELECT c FROM sbtest8 WHERE id=4904886
	Index Scan using sbtest8_pkey on sbtest8  (cost=0.43..8.45 rows=1 width=121)
	  Index Cond: (id = 4904886)

explain: for point_selects :: explain SELECT c FROM sbtest%u WHERE id=%u
for: simple_ranges
table 1 : explain SELECT c FROM sbtest1 WHERE id BETWEEN 4882562 AND 4883561
	Bitmap Heap Scan on sbtest1  (cost=30.32..3735.49 rows=964 width=121)
	  Recheck Cond: ((id >= 4882562) AND (id <= 4883561))
	  ->  Bitmap Index Scan on sbtest1_pkey  (cost=0.00..30.07 rows=964 width=0)
	        Index Cond: ((id >= 4882562) AND (id <= 4883561))

table 2 : explain SELECT c FROM sbtest2 WHERE id BETWEEN 6134610 AND 6135609
	Bitmap Heap Scan on sbtest2  (cost=30.70..3876.49 rows=1001 width=121)
	  Recheck Cond: ((id >= 6134610) AND (id <= 6135609))
	  ->  Bitmap Index Scan on sbtest2_pkey  (cost=0.00..30.44 rows=1001 width=0)
	        Index Cond: ((id >= 6134610) AND (id <= 6135609))

table 3 : explain SELECT c FROM sbtest3 WHERE id BETWEEN 1604125 AND 1605124
	Bitmap Heap Scan on sbtest3  (cost=30.21..3699.61 rows=954 width=121)
	  Recheck Cond: ((id >= 1604125) AND (id <= 1605124))
	  ->  Bitmap Index Scan on sbtest3_pkey  (cost=0.00..29.97 rows=954 width=0)
	        Index Cond: ((id >= 1604125) AND (id <= 1605124))

table 4 : explain SELECT c FROM sbtest4 WHERE id BETWEEN 4777593 AND 4778592
	Bitmap Heap Scan on sbtest4  (cost=31.44..4152.02 rows=1074 width=121)
	  Recheck Cond: ((id >= 4777593) AND (id <= 4778592))
	  ->  Bitmap Index Scan on sbtest4_pkey  (cost=0.00..31.18 rows=1074 width=0)
	        Index Cond: ((id >= 4777593) AND (id <= 4778592))

table 5 : explain SELECT c FROM sbtest5 WHERE id BETWEEN 4926584 AND 4927583
	Bitmap Heap Scan on sbtest5  (cost=30.21..3704.02 rows=954 width=121)
	  Recheck Cond: ((id >= 4926584) AND (id <= 4927583))
	  ->  Bitmap Index Scan on sbtest5_pkey  (cost=0.00..29.97 rows=954 width=0)
	        Index Cond: ((id >= 4926584) AND (id <= 4927583))

table 6 : explain SELECT c FROM sbtest6 WHERE id BETWEEN 708263 AND 709262
	Bitmap Heap Scan on sbtest6  (cost=31.18..4056.24 rows=1048 width=121)
	  Recheck Cond: ((id >= 708263) AND (id <= 709262))
	  ->  Bitmap Index Scan on sbtest6_pkey  (cost=0.00..30.91 rows=1048 width=0)
	        Index Cond: ((id >= 708263) AND (id <= 709262))

table 7 : explain SELECT c FROM sbtest7 WHERE id BETWEEN 5288085 AND 5289084
	Bitmap Heap Scan on sbtest7  (cost=30.34..3749.48 rows=966 width=121)
	  Recheck Cond: ((id >= 5288085) AND (id <= 5289084))
	  ->  Bitmap Index Scan on sbtest7_pkey  (cost=0.00..30.09 rows=966 width=0)
	        Index Cond: ((id >= 5288085) AND (id <= 5289084))

table 8 : explain SELECT c FROM sbtest8 WHERE id BETWEEN 8910057 AND 8911056
	Bitmap Heap Scan on sbtest8  (cost=30.58..3837.77 rows=990 width=121)
	  Recheck Cond: ((id >= 8910057) AND (id <= 8911056))
	  ->  Bitmap Index Scan on sbtest8_pkey  (cost=0.00..30.33 rows=990 width=0)
	        Index Cond: ((id >= 8910057) AND (id <= 8911056))

for: distinct_ranges
table 1 : explain SELECT DISTINCT c FROM sbtest1 WHERE id BETWEEN 6979273 AND 6980272 ORDER BY c
	Unique  (cost=4005.25..4010.36 rows=1022 width=121)
	  ->  Sort  (cost=4005.25..4007.81 rows=1022 width=121)
	        Sort Key: c
	        ->  Bitmap Heap Scan on sbtest1  (cost=30.91..3954.17 rows=1022 width=121)
	              Recheck Cond: ((id >= 6979273) AND (id <= 6980272))
	              ->  Bitmap Index Scan on sbtest1_pkey  (cost=0.00..30.65 rows=1022 width=0)
	                    Index Cond: ((id >= 6979273) AND (id <= 6980272))

table 2 : explain SELECT DISTINCT c FROM sbtest2 WHERE id BETWEEN 4943871 AND 4944870 ORDER BY c
	Unique  (cost=3891.91..3896.87 rows=992 width=121)
	  ->  Sort  (cost=3891.91..3894.39 rows=992 width=121)
	        Sort Key: c
	        ->  Bitmap Heap Scan on sbtest2  (cost=30.60..3842.54 rows=992 width=121)
	              Recheck Cond: ((id >= 4943871) AND (id <= 4944870))
	              ->  Bitmap Index Scan on sbtest2_pkey  (cost=0.00..30.36 rows=992 width=0)
	                    Index Cond: ((id >= 4943871) AND (id <= 4944870))

table 3 : explain SELECT DISTINCT c FROM sbtest3 WHERE id BETWEEN 3062439 AND 3063438 ORDER BY c
	Unique  (cost=3746.82..3751.59 rows=954 width=121)
	  ->  Sort  (cost=3746.82..3749.21 rows=954 width=121)
	        Sort Key: c
	        ->  Bitmap Heap Scan on sbtest3  (cost=30.21..3699.61 rows=954 width=121)
	              Recheck Cond: ((id >= 3062439) AND (id <= 3063438))
	              ->  Bitmap Index Scan on sbtest3_pkey  (cost=0.00..29.97 rows=954 width=0)
	                    Index Cond: ((id >= 3062439) AND (id <= 3063438))

table 4 : explain SELECT DISTINCT c FROM sbtest4 WHERE id BETWEEN 3285324 AND 3286323 ORDER BY c
	Unique  (cost=4030.22..4035.36 rows=1028 width=121)
	  ->  Sort  (cost=4030.22..4032.79 rows=1028 width=121)
	        Sort Key: c
	        ->  Bitmap Heap Scan on sbtest4  (cost=30.97..3978.79 rows=1028 width=121)
	              Recheck Cond: ((id >= 3285324) AND (id <= 3286323))
	              ->  Bitmap Index Scan on sbtest4_pkey  (cost=0.00..30.71 rows=1028 width=0)
	                    Index Cond: ((id >= 3285324) AND (id <= 3286323))

table 5 : explain SELECT DISTINCT c FROM sbtest5 WHERE id BETWEEN 9533763 AND 9534762 ORDER BY c
	Unique  (cost=3831.88..3836.76 rows=975 width=121)
	  ->  Sort  (cost=3831.88..3834.32 rows=975 width=121)
	        Sort Key: c
	        ->  Bitmap Heap Scan on sbtest5  (cost=30.43..3783.48 rows=975 width=121)
	              Recheck Cond: ((id >= 9533763) AND (id <= 9534762))
	              ->  Bitmap Index Scan on sbtest5_pkey  (cost=0.00..30.18 rows=975 width=0)
	                    Index Cond: ((id >= 9533763) AND (id <= 9534762))

table 6 : explain SELECT DISTINCT c FROM sbtest6 WHERE id BETWEEN 9411125 AND 9412124 ORDER BY c
	Unique  (cost=3725.56..3730.30 rows=948 width=121)
	  ->  Sort  (cost=3725.56..3727.93 rows=948 width=121)
	        Sort Key: c
	        ->  Bitmap Heap Scan on sbtest6  (cost=30.15..3678.69 rows=948 width=121)
	              Recheck Cond: ((id >= 9411125) AND (id <= 9412124))
	              ->  Bitmap Index Scan on sbtest6_pkey  (cost=0.00..29.91 rows=948 width=0)
	                    Index Cond: ((id >= 9411125) AND (id <= 9412124))

table 7 : explain SELECT DISTINCT c FROM sbtest7 WHERE id BETWEEN 8897657 AND 8898656 ORDER BY c
	Unique  (cost=4000.76..4005.86 rows=1019 width=121)
	  ->  Sort  (cost=4000.76..4003.31 rows=1019 width=121)
	        Sort Key: c
	        ->  Bitmap Heap Scan on sbtest7  (cost=30.88..3949.85 rows=1019 width=121)
	              Recheck Cond: ((id >= 8897657) AND (id <= 8898656))
	              ->  Bitmap Index Scan on sbtest7_pkey  (cost=0.00..30.62 rows=1019 width=0)
	                    Index Cond: ((id >= 8897657) AND (id <= 8898656))

table 8 : explain SELECT DISTINCT c FROM sbtest8 WHERE id BETWEEN 7447834 AND 7448833 ORDER BY c
	Unique  (cost=3948.36..3953.39 rows=1006 width=121)
	  ->  Sort  (cost=3948.36..3950.88 rows=1006 width=121)
	        Sort Key: c
	        ->  Bitmap Heap Scan on sbtest8  (cost=30.75..3898.19 rows=1006 width=121)
	              Recheck Cond: ((id >= 7447834) AND (id <= 7448833))
	              ->  Bitmap Index Scan on sbtest8_pkey  (cost=0.00..30.50 rows=1006 width=0)
	                    Index Cond: ((id >= 7447834) AND (id <= 7448833))

for point_selects
table 1 : explain SELECT c FROM sbtest1 WHERE id=3500123
	Index Scan using sbtest1_pkey on sbtest1  (cost=0.43..8.45 rows=1 width=121)
	  Index Cond: (id = 3500123)

table 2 : explain SELECT c FROM sbtest2 WHERE id=8130540
	Index Scan using sbtest2_pkey on sbtest2  (cost=0.43..8.45 rows=1 width=121)
	  Index Cond: (id = 8130540)

table 3 : explain SELECT c FROM sbtest3 WHERE id=5357634
	Index Scan using sbtest3_pkey on sbtest3  (cost=0.43..8.45 rows=1 width=121)
	  Index Cond: (id = 5357634)

table 4 : explain SELECT c FROM sbtest4 WHERE id=1257573
	Index Scan using sbtest4_pkey on sbtest4  (cost=0.43..8.45 rows=1 width=121)
	  Index Cond: (id = 1257573)

table 5 : explain SELECT c FROM sbtest5 WHERE id=1952260
	Index Scan using sbtest5_pkey on sbtest5  (cost=0.43..8.45 rows=1 width=121)
	  Index Cond: (id = 1952260)

table 6 : explain SELECT c FROM sbtest6 WHERE id=7200392
	Index Scan using sbtest6_pkey on sbtest6  (cost=0.43..8.45 rows=1 width=121)
	  Index Cond: (id = 7200392)

table 7 : explain SELECT c FROM sbtest7 WHERE id=1937211
	Index Scan using sbtest7_pkey on sbtest7  (cost=0.43..8.45 rows=1 width=121)
	  Index Cond: (id = 1937211)

table 8 : explain SELECT c FROM sbtest8 WHERE id=9867491
	Index Scan using sbtest8_pkey on sbtest8  (cost=0.43..8.45 rows=1 width=121)
	  Index Cond: (id = 9867491)

for point_selects
table 1 : explain SELECT c FROM sbtest1 WHERE id=5549234
	Index Scan using sbtest1_pkey on sbtest1  (cost=0.43..8.45 rows=1 width=121)
	  Index Cond: (id = 5549234)

table 2 : explain SELECT c FROM sbtest2 WHERE id=6393849
	Index Scan using sbtest2_pkey on sbtest2  (cost=0.43..8.45 rows=1 width=121)
	  Index Cond: (id = 6393849)

table 3 : explain SELECT c FROM sbtest3 WHERE id=9607205
	Index Scan using sbtest3_pkey on sbtest3  (cost=0.43..8.45 rows=1 width=121)
	  Index Cond: (id = 9607205)

table 4 : explain SELECT c FROM sbtest4 WHERE id=166364
	Index Scan using sbtest4_pkey on sbtest4  (cost=0.43..8.45 rows=1 width=121)
	  Index Cond: (id = 166364)

table 5 : explain SELECT c FROM sbtest5 WHERE id=265746
	Index Scan using sbtest5_pkey on sbtest5  (cost=0.43..8.45 rows=1 width=121)
	  Index Cond: (id = 265746)

table 6 : explain SELECT c FROM sbtest6 WHERE id=1604818
	Index Scan using sbtest6_pkey on sbtest6  (cost=0.43..8.45 rows=1 width=121)
	  Index Cond: (id = 1604818)

table 7 : explain SELECT c FROM sbtest7 WHERE id=3268024
	Index Scan using sbtest7_pkey on sbtest7  (cost=0.43..8.45 rows=1 width=121)
	  Index Cond: (id = 3268024)

table 8 : explain SELECT c FROM sbtest8 WHERE id=33358
	Index Scan using sbtest8_pkey on sbtest8  (cost=0.43..8.45 rows=1 width=121)
	  Index Cond: (id = 33358)

for point_selects
table 1 : explain SELECT c FROM sbtest1 WHERE id=2106664
	Index Scan using sbtest1_pkey on sbtest1  (cost=0.43..8.45 rows=1 width=121)
	  Index Cond: (id = 2106664)

table 2 : explain SELECT c FROM sbtest2 WHERE id=8867925
	Index Scan using sbtest2_pkey on sbtest2  (cost=0.43..8.45 rows=1 width=121)
	  Index Cond: (id = 8867925)

table 3 : explain SELECT c FROM sbtest3 WHERE id=6328893
	Index Scan using sbtest3_pkey on sbtest3  (cost=0.43..8.45 rows=1 width=121)
	  Index Cond: (id = 6328893)

table 4 : explain SELECT c FROM sbtest4 WHERE id=5032764
	Index Scan using sbtest4_pkey on sbtest4  (cost=0.43..8.45 rows=1 width=121)
	  Index Cond: (id = 5032764)

table 5 : explain SELECT c FROM sbtest5 WHERE id=4297237
	Index Scan using sbtest5_pkey on sbtest5  (cost=0.43..8.45 rows=1 width=121)
	  Index Cond: (id = 4297237)

table 6 : explain SELECT c FROM sbtest6 WHERE id=2702089
	Index Scan using sbtest6_pkey on sbtest6  (cost=0.43..8.45 rows=1 width=121)
	  Index Cond: (id = 2702089)

table 7 : explain SELECT c FROM sbtest7 WHERE id=5361550
	Index Scan using sbtest7_pkey on sbtest7  (cost=0.43..8.45 rows=1 width=121)
	  Index Cond: (id = 5361550)

table 8 : explain SELECT c FROM sbtest8 WHERE id=3147803
	Index Scan using sbtest8_pkey on sbtest8  (cost=0.43..8.45 rows=1 width=121)
	  Index Cond: (id = 3147803)

for point_selects
table 1 : explain SELECT c FROM sbtest1 WHERE id=6308027
	Index Scan using sbtest1_pkey on sbtest1  (cost=0.43..8.45 rows=1 width=121)
	  Index Cond: (id = 6308027)

table 2 : explain SELECT c FROM sbtest2 WHERE id=227183
	Index Scan using sbtest2_pkey on sbtest2  (cost=0.43..8.45 rows=1 width=121)
	  Index Cond: (id = 227183)

table 3 : explain SELECT c FROM sbtest3 WHERE id=4700721
	Index Scan using sbtest3_pkey on sbtest3  (cost=0.43..8.45 rows=1 width=121)
	  Index Cond: (id = 4700721)

table 4 : explain SELECT c FROM sbtest4 WHERE id=7464932
	Index Scan using sbtest4_pkey on sbtest4  (cost=0.43..8.45 rows=1 width=121)
	  Index Cond: (id = 7464932)

table 5 : explain SELECT c FROM sbtest5 WHERE id=2680359
	Index Scan using sbtest5_pkey on sbtest5  (cost=0.43..8.45 rows=1 width=121)
	  Index Cond: (id = 2680359)

table 6 : explain SELECT c FROM sbtest6 WHERE id=3705112
	Index Scan using sbtest6_pkey on sbtest6  (cost=0.43..8.45 rows=1 width=121)
	  Index Cond: (id = 3705112)

table 7 : explain SELECT c FROM sbtest7 WHERE id=93327
	Index Scan using sbtest7_pkey on sbtest7  (cost=0.43..8.45 rows=1 width=121)
	  Index Cond: (id = 93327)

table 8 : explain SELECT c FROM sbtest8 WHERE id=8356449
	Index Scan using sbtest8_pkey on sbtest8  (cost=0.43..8.45 rows=1 width=121)
	  Index Cond: (id = 8356449)

for point_selects
table 1 : explain SELECT c FROM sbtest1 WHERE id=6723771
	Index Scan using sbtest1_pkey on sbtest1  (cost=0.43..8.45 rows=1 width=121)
	  Index Cond: (id = 6723771)

table 2 : explain SELECT c FROM sbtest2 WHERE id=9430899
	Index Scan using sbtest2_pkey on sbtest2  (cost=0.43..8.45 rows=1 width=121)
	  Index Cond: (id = 9430899)

table 3 : explain SELECT c FROM sbtest3 WHERE id=8516559
	Index Scan using sbtest3_pkey on sbtest3  (cost=0.43..8.45 rows=1 width=121)
	  Index Cond: (id = 8516559)

table 4 : explain SELECT c FROM sbtest4 WHERE id=1066531
	Index Scan using sbtest4_pkey on sbtest4  (cost=0.43..8.45 rows=1 width=121)
	  Index Cond: (id = 1066531)

table 5 : explain SELECT c FROM sbtest5 WHERE id=4901017
	Index Scan using sbtest5_pkey on sbtest5  (cost=0.43..8.45 rows=1 width=121)
	  Index Cond: (id = 4901017)

table 6 : explain SELECT c FROM sbtest6 WHERE id=7362057
	Index Scan using sbtest6_pkey on sbtest6  (cost=0.43..8.45 rows=1 width=121)
	  Index Cond: (id = 7362057)

table 7 : explain SELECT c FROM sbtest7 WHERE id=920793
	Index Scan using sbtest7_pkey on sbtest7  (cost=0.43..8.45 rows=1 width=121)
	  Index Cond: (id = 920793)

table 8 : explain SELECT c FROM sbtest8 WHERE id=2942884
	Index Scan using sbtest8_pkey on sbtest8  (cost=0.43..8.45 rows=1 width=121)
	  Index Cond: (id = 2942884)

for point_selects
table 1 : explain SELECT c FROM sbtest1 WHERE id=4751284
	Index Scan using sbtest1_pkey on sbtest1  (cost=0.43..8.45 rows=1 width=121)
	  Index Cond: (id = 4751284)

table 2 : explain SELECT c FROM sbtest2 WHERE id=2554024
	Index Scan using sbtest2_pkey on sbtest2  (cost=0.43..8.45 rows=1 width=121)
	  Index Cond: (id = 2554024)

table 3 : explain SELECT c FROM sbtest3 WHERE id=1257167
	Index Scan using sbtest3_pkey on sbtest3  (cost=0.43..8.45 rows=1 width=121)
	  Index Cond: (id = 1257167)

table 4 : explain SELECT c FROM sbtest4 WHERE id=3102415
	Index Scan using sbtest4_pkey on sbtest4  (cost=0.43..8.45 rows=1 width=121)
	  Index Cond: (id = 3102415)

table 5 : explain SELECT c FROM sbtest5 WHERE id=7776431
	Index Scan using sbtest5_pkey on sbtest5  (cost=0.43..8.45 rows=1 width=121)
	  Index Cond: (id = 7776431)

table 6 : explain SELECT c FROM sbtest6 WHERE id=335922
	Index Scan using sbtest6_pkey on sbtest6  (cost=0.43..8.45 rows=1 width=121)
	  Index Cond: (id = 335922)

table 7 : explain SELECT c FROM sbtest7 WHERE id=1305434
	Index Scan using sbtest7_pkey on sbtest7  (cost=0.43..8.45 rows=1 width=121)
	  Index Cond: (id = 1305434)

table 8 : explain SELECT c FROM sbtest8 WHERE id=420570
	Index Scan using sbtest8_pkey on sbtest8  (cost=0.43..8.45 rows=1 width=121)
	  Index Cond: (id = 420570)

for: distinct_ranges
table 1 : explain SELECT DISTINCT c FROM sbtest1 WHERE id BETWEEN 9997659 AND 9998658 ORDER BY c
	Unique  (cost=3748.79..3753.56 rows=955 width=121)
	  ->  Sort  (cost=3748.79..3751.18 rows=955 width=121)
	        Sort Key: c
	        ->  Bitmap Heap Scan on sbtest1  (cost=30.22..3701.52 rows=955 width=121)
	              Recheck Cond: ((id >= 9997659) AND (id <= 9998658))
	              ->  Bitmap Index Scan on sbtest1_pkey  (cost=0.00..29.98 rows=955 width=0)
	                    Index Cond: ((id >= 9997659) AND (id <= 9998658))

table 2 : explain SELECT DISTINCT c FROM sbtest2 WHERE id BETWEEN 6927334 AND 6928333 ORDER BY c
	Unique  (cost=3769.30..3774.10 rows=960 width=121)
	  ->  Sort  (cost=3769.30..3771.70 rows=960 width=121)
	        Sort Key: c
	        ->  Bitmap Heap Scan on sbtest2  (cost=30.27..3721.75 rows=960 width=121)
	              Recheck Cond: ((id >= 6927334) AND (id <= 6928333))
	              ->  Bitmap Index Scan on sbtest2_pkey  (cost=0.00..30.04 rows=960 width=0)
	                    Index Cond: ((id >= 6927334) AND (id <= 6928333))

table 3 : explain SELECT DISTINCT c FROM sbtest3 WHERE id BETWEEN 5487627 AND 5488626 ORDER BY c
	Unique  (cost=3919.27..3924.27 rows=999 width=121)
	  ->  Sort  (cost=3919.27..3921.77 rows=999 width=121)
	        Sort Key: c
	        ->  Bitmap Heap Scan on sbtest3  (cost=30.67..3869.50 rows=999 width=121)
	              Recheck Cond: ((id >= 5487627) AND (id <= 5488626))
	              ->  Bitmap Index Scan on sbtest3_pkey  (cost=0.00..30.43 rows=999 width=0)
	                    Index Cond: ((id >= 5487627) AND (id <= 5488626))

table 4 : explain SELECT DISTINCT c FROM sbtest4 WHERE id BETWEEN 9746470 AND 9747469 ORDER BY c
	Unique  (cost=3831.11..3835.99 rows=976 width=121)
	  ->  Sort  (cost=3831.11..3833.55 rows=976 width=121)
	        Sort Key: c
	        ->  Bitmap Heap Scan on sbtest4  (cost=30.44..3782.64 rows=976 width=121)
	              Recheck Cond: ((id >= 9746470) AND (id <= 9747469))
	              ->  Bitmap Index Scan on sbtest4_pkey  (cost=0.00..30.19 rows=976 width=0)
	                    Index Cond: ((id >= 9746470) AND (id <= 9747469))

table 5 : explain SELECT DISTINCT c FROM sbtest5 WHERE id BETWEEN 3673576 AND 3674575 ORDER BY c
	Unique  (cost=4096.53..4101.75 rows=1044 width=121)
	  ->  Sort  (cost=4096.53..4099.14 rows=1044 width=121)
	        Sort Key: c
	        ->  Bitmap Heap Scan on sbtest5  (cost=31.14..4044.18 rows=1044 width=121)
	              Recheck Cond: ((id >= 3673576) AND (id <= 3674575))
	              ->  Bitmap Index Scan on sbtest5_pkey  (cost=0.00..30.87 rows=1044 width=0)
	                    Index Cond: ((id >= 3673576) AND (id <= 3674575))

table 6 : explain SELECT DISTINCT c FROM sbtest6 WHERE id BETWEEN 7432117 AND 7433116 ORDER BY c
	Unique  (cost=3717.88..3722.61 rows=946 width=121)
	  ->  Sort  (cost=3717.88..3720.25 rows=946 width=121)
	        Sort Key: c
	        ->  Bitmap Heap Scan on sbtest6  (cost=30.13..3671.12 rows=946 width=121)
	              Recheck Cond: ((id >= 7432117) AND (id <= 7433116))
	              ->  Bitmap Index Scan on sbtest6_pkey  (cost=0.00..29.89 rows=946 width=0)
	                    Index Cond: ((id >= 7432117) AND (id <= 7433116))

table 7 : explain SELECT DISTINCT c FROM sbtest7 WHERE id BETWEEN 522764 AND 523763 ORDER BY c
	Unique  (cost=3989.26..3994.34 rows=1016 width=121)
	  ->  Sort  (cost=3989.26..3991.80 rows=1016 width=121)
	        Sort Key: c
	        ->  Bitmap Heap Scan on sbtest7  (cost=30.85..3938.52 rows=1016 width=121)
	              Recheck Cond: ((id >= 522764) AND (id <= 523763))
	              ->  Bitmap Index Scan on sbtest7_pkey  (cost=0.00..30.59 rows=1016 width=0)
	                    Index Cond: ((id >= 522764) AND (id <= 523763))

table 8 : explain SELECT DISTINCT c FROM sbtest8 WHERE id BETWEEN 1703608 AND 1704607 ORDER BY c
	Unique  (cost=3963.69..3968.74 rows=1010 width=121)
	  ->  Sort  (cost=3963.69..3966.21 rows=1010 width=121)
	        Sort Key: c
	        ->  Bitmap Heap Scan on sbtest8  (cost=30.79..3913.29 rows=1010 width=121)
	              Recheck Cond: ((id >= 1703608) AND (id <= 1704607))
	              ->  Bitmap Index Scan on sbtest8_pkey  (cost=0.00..30.54 rows=1010 width=0)
	                    Index Cond: ((id >= 1703608) AND (id <= 1704607))

for: order_ranges
table 1 : explain SELECT c FROM sbtest1 WHERE id BETWEEN 7722015 AND 7723014 ORDER BY c
	Sort  (cost=3882.83..3885.31 rows=990 width=121)
	  Sort Key: c
	  ->  Bitmap Heap Scan on sbtest1  (cost=30.58..3833.57 rows=990 width=121)
	        Recheck Cond: ((id >= 7722015) AND (id <= 7723014))
	        ->  Bitmap Index Scan on sbtest1_pkey  (cost=0.00..30.33 rows=990 width=0)
	              Index Cond: ((id >= 7722015) AND (id <= 7723014))

table 2 : explain SELECT c FROM sbtest2 WHERE id BETWEEN 5885551 AND 5886550 ORDER BY c
	Sort  (cost=3861.27..3863.73 rows=984 width=121)
	  Sort Key: c
	  ->  Bitmap Heap Scan on sbtest2  (cost=30.52..3812.35 rows=984 width=121)
	        Recheck Cond: ((id >= 5885551) AND (id <= 5886550))
	        ->  Bitmap Index Scan on sbtest2_pkey  (cost=0.00..30.27 rows=984 width=0)
	              Index Cond: ((id >= 5885551) AND (id <= 5886550))

table 3 : explain SELECT c FROM sbtest3 WHERE id BETWEEN 1100886 AND 1101885 ORDER BY c
	Sort  (cost=3965.22..3967.75 rows=1011 width=121)
	  Sort Key: c
	  ->  Bitmap Heap Scan on sbtest3  (cost=30.80..3914.76 rows=1011 width=121)
	        Recheck Cond: ((id >= 1100886) AND (id <= 1101885))
	        ->  Bitmap Index Scan on sbtest3_pkey  (cost=0.00..30.54 rows=1011 width=0)
	              Index Cond: ((id >= 1100886) AND (id <= 1101885))

table 4 : explain SELECT c FROM sbtest4 WHERE id BETWEEN 2117616 AND 2118615 ORDER BY c
	Sort  (cost=3865.59..3868.05 rows=985 width=121)
	  Sort Key: c
	  ->  Bitmap Heap Scan on sbtest4  (cost=30.53..3816.62 rows=985 width=121)
	        Recheck Cond: ((id >= 2117616) AND (id <= 2118615))
	        ->  Bitmap Index Scan on sbtest4_pkey  (cost=0.00..30.29 rows=985 width=0)
	              Index Cond: ((id >= 2117616) AND (id <= 2118615))

table 5 : explain SELECT c FROM sbtest5 WHERE id BETWEEN 4278323 AND 4279322 ORDER BY c
	Sort  (cost=3674.37..3676.70 rows=934 width=121)
	  Sort Key: c
	  ->  Bitmap Heap Scan on sbtest5  (cost=30.01..3628.29 rows=934 width=121)
	        Recheck Cond: ((id >= 4278323) AND (id <= 4279322))
	        ->  Bitmap Index Scan on sbtest5_pkey  (cost=0.00..29.77 rows=934 width=0)
	              Index Cond: ((id >= 4278323) AND (id <= 4279322))

table 6 : explain SELECT c FROM sbtest6 WHERE id BETWEEN 563054 AND 564053 ORDER BY c
	Sort  (cost=3993.96..3996.51 rows=1018 width=121)
	  Sort Key: c
	  ->  Bitmap Heap Scan on sbtest6  (cost=30.87..3943.10 rows=1018 width=121)
	        Recheck Cond: ((id >= 563054) AND (id <= 564053))
	        ->  Bitmap Index Scan on sbtest6_pkey  (cost=0.00..30.61 rows=1018 width=0)
	              Index Cond: ((id >= 563054) AND (id <= 564053))

table 7 : explain SELECT c FROM sbtest7 WHERE id BETWEEN 2286347 AND 2287346 ORDER BY c
	Sort  (cost=3878.00..3880.47 rows=987 width=121)
	  Sort Key: c
	  ->  Bitmap Heap Scan on sbtest7  (cost=30.55..3828.92 rows=987 width=121)
	        Recheck Cond: ((id >= 2286347) AND (id <= 2287346))
	        ->  Bitmap Index Scan on sbtest7_pkey  (cost=0.00..30.30 rows=987 width=0)
	              Index Cond: ((id >= 2286347) AND (id <= 2287346))

table 8 : explain SELECT c FROM sbtest8 WHERE id BETWEEN 8691989 AND 8692988 ORDER BY c
	Sort  (cost=3959.86..3962.38 rows=1009 width=121)
	  Sort Key: c
	  ->  Bitmap Heap Scan on sbtest8  (cost=30.78..3909.52 rows=1009 width=121)
	        Recheck Cond: ((id >= 8691989) AND (id <= 8692988))
	        ->  Bitmap Index Scan on sbtest8_pkey  (cost=0.00..30.52 rows=1009 width=0)
	              Index Cond: ((id >= 8691989) AND (id <= 8692988))

for point_selects
table 1 : explain SELECT c FROM sbtest1 WHERE id=5940393
	Index Scan using sbtest1_pkey on sbtest1  (cost=0.43..8.45 rows=1 width=121)
	  Index Cond: (id = 5940393)

table 2 : explain SELECT c FROM sbtest2 WHERE id=2998581
	Index Scan using sbtest2_pkey on sbtest2  (cost=0.43..8.45 rows=1 width=121)
	  Index Cond: (id = 2998581)

table 3 : explain SELECT c FROM sbtest3 WHERE id=2315353
	Index Scan using sbtest3_pkey on sbtest3  (cost=0.43..8.45 rows=1 width=121)
	  Index Cond: (id = 2315353)

table 4 : explain SELECT c FROM sbtest4 WHERE id=2219615
	Index Scan using sbtest4_pkey on sbtest4  (cost=0.43..8.45 rows=1 width=121)
	  Index Cond: (id = 2219615)

table 5 : explain SELECT c FROM sbtest5 WHERE id=213705
	Index Scan using sbtest5_pkey on sbtest5  (cost=0.43..8.45 rows=1 width=121)
	  Index Cond: (id = 213705)

table 6 : explain SELECT c FROM sbtest6 WHERE id=20901
	Index Scan using sbtest6_pkey on sbtest6  (cost=0.43..8.45 rows=1 width=121)
	  Index Cond: (id = 20901)

table 7 : explain SELECT c FROM sbtest7 WHERE id=1676218
	Index Scan using sbtest7_pkey on sbtest7  (cost=0.43..8.45 rows=1 width=121)
	  Index Cond: (id = 1676218)

table 8 : explain SELECT c FROM sbtest8 WHERE id=5810264
	Index Scan using sbtest8_pkey on sbtest8  (cost=0.43..8.45 rows=1 width=121)
	  Index Cond: (id = 5810264)

for point_selects
table 1 : explain SELECT c FROM sbtest1 WHERE id=7733630
	Index Scan using sbtest1_pkey on sbtest1  (cost=0.43..8.45 rows=1 width=121)
	  Index Cond: (id = 7733630)

table 2 : explain SELECT c FROM sbtest2 WHERE id=9419202
	Index Scan using sbtest2_pkey on sbtest2  (cost=0.43..8.45 rows=1 width=121)
	  Index Cond: (id = 9419202)

table 3 : explain SELECT c FROM sbtest3 WHERE id=7357274
	Index Scan using sbtest3_pkey on sbtest3  (cost=0.43..8.45 rows=1 width=121)
	  Index Cond: (id = 7357274)

table 4 : explain SELECT c FROM sbtest4 WHERE id=2466926
	Index Scan using sbtest4_pkey on sbtest4  (cost=0.43..8.45 rows=1 width=121)
	  Index Cond: (id = 2466926)

table 5 : explain SELECT c FROM sbtest5 WHERE id=7642404
	Index Scan using sbtest5_pkey on sbtest5  (cost=0.43..8.45 rows=1 width=121)
	  Index Cond: (id = 7642404)

table 6 : explain SELECT c FROM sbtest6 WHERE id=172363
	Index Scan using sbtest6_pkey on sbtest6  (cost=0.43..8.45 rows=1 width=121)
	  Index Cond: (id = 172363)

table 7 : explain SELECT c FROM sbtest7 WHERE id=5337242
	Index Scan using sbtest7_pkey on sbtest7  (cost=0.43..8.45 rows=1 width=121)
	  Index Cond: (id = 5337242)

table 8 : explain SELECT c FROM sbtest8 WHERE id=9254422
	Index Scan using sbtest8_pkey on sbtest8  (cost=0.43..8.45 rows=1 width=121)
	  Index Cond: (id = 9254422)

for: simple_ranges
table 1 : explain SELECT c FROM sbtest1 WHERE id BETWEEN 6863228 AND 6864227
	Bitmap Heap Scan on sbtest1  (cost=30.61..3844.88 rows=993 width=121)
	  Recheck Cond: ((id >= 6863228) AND (id <= 6864227))
	  ->  Bitmap Index Scan on sbtest1_pkey  (cost=0.00..30.36 rows=993 width=0)
	        Index Cond: ((id >= 6863228) AND (id <= 6864227))

table 2 : explain SELECT c FROM sbtest2 WHERE id BETWEEN 3450789 AND 3451788
	Bitmap Heap Scan on sbtest2  (cost=25.94..3593.05 rows=927 width=121)
	  Recheck Cond: ((id >= 3450789) AND (id <= 3451788))
	  ->  Bitmap Index Scan on sbtest2_pkey  (cost=0.00..25.70 rows=927 width=0)
	        Index Cond: ((id >= 3450789) AND (id <= 3451788))

table 3 : explain SELECT c FROM sbtest3 WHERE id BETWEEN 3640265 AND 3641264
	Bitmap Heap Scan on sbtest3  (cost=30.84..3929.85 rows=1015 width=121)
	  Recheck Cond: ((id >= 3640265) AND (id <= 3641264))
	  ->  Bitmap Index Scan on sbtest3_pkey  (cost=0.00..30.58 rows=1015 width=0)
	        Index Cond: ((id >= 3640265) AND (id <= 3641264))

table 4 : explain SELECT c FROM sbtest4 WHERE id BETWEEN 5845174 AND 5846173
	Bitmap Heap Scan on sbtest4  (cost=30.96..3975.02 rows=1027 width=121)
	  Recheck Cond: ((id >= 5845174) AND (id <= 5846173))
	  ->  Bitmap Index Scan on sbtest4_pkey  (cost=0.00..30.70 rows=1027 width=0)
	        Index Cond: ((id >= 5845174) AND (id <= 5846173))

table 5 : explain SELECT c FROM sbtest5 WHERE id BETWEEN 7667533 AND 7668532
	Bitmap Heap Scan on sbtest5  (cost=30.10..3662.37 rows=943 width=121)
	  Recheck Cond: ((id >= 7667533) AND (id <= 7668532))
	  ->  Bitmap Index Scan on sbtest5_pkey  (cost=0.00..29.86 rows=943 width=0)
	        Index Cond: ((id >= 7667533) AND (id <= 7668532))

table 6 : explain SELECT c FROM sbtest6 WHERE id BETWEEN 9052273 AND 9053272
	Bitmap Heap Scan on sbtest6  (cost=31.68..4240.79 rows=1097 width=121)
	  Recheck Cond: ((id >= 9052273) AND (id <= 9053272))
	  ->  Bitmap Index Scan on sbtest6_pkey  (cost=0.00..31.40 rows=1097 width=0)
	        Index Cond: ((id >= 9052273) AND (id <= 9053272))

table 7 : explain SELECT c FROM sbtest7 WHERE id BETWEEN 9290551 AND 9291550
	Bitmap Heap Scan on sbtest7  (cost=30.52..3817.57 rows=984 width=121)
	  Recheck Cond: ((id >= 9290551) AND (id <= 9291550))
	  ->  Bitmap Index Scan on sbtest7_pkey  (cost=0.00..30.27 rows=984 width=0)
	        Index Cond: ((id >= 9290551) AND (id <= 9291550))

table 8 : explain SELECT c FROM sbtest8 WHERE id BETWEEN 4356925 AND 4357924
	Bitmap Heap Scan on sbtest8  (cost=30.19..3694.16 rows=952 width=121)
	  Recheck Cond: ((id >= 4356925) AND (id <= 4357924))
	  ->  Bitmap Index Scan on sbtest8_pkey  (cost=0.00..29.95 rows=952 width=0)
	        Index Cond: ((id >= 4356925) AND (id <= 4357924))

for: order_ranges
table 1 : explain SELECT c FROM sbtest1 WHERE id BETWEEN 6580490 AND 6581489 ORDER BY c
	Sort  (cost=3652.95..3655.28 rows=930 width=121)
	  Sort Key: c
	  ->  Bitmap Heap Scan on sbtest1  (cost=29.97..3607.10 rows=930 width=121)
	        Recheck Cond: ((id >= 6580490) AND (id <= 6581489))
	        ->  Bitmap Index Scan on sbtest1_pkey  (cost=0.00..29.73 rows=930 width=0)
	              Index Cond: ((id >= 6580490) AND (id <= 6581489))

table 2 : explain SELECT c FROM sbtest2 WHERE id BETWEEN 9899866 AND 9900865 ORDER BY c
	Sort  (cost=3773.14..3775.54 rows=961 width=121)
	  Sort Key: c
	  ->  Bitmap Heap Scan on sbtest2  (cost=30.29..3725.53 rows=961 width=121)
	        Recheck Cond: ((id >= 9899866) AND (id <= 9900865))
	        ->  Bitmap Index Scan on sbtest2_pkey  (cost=0.00..30.04 rows=961 width=0)
	              Index Cond: ((id >= 9899866) AND (id <= 9900865))

table 3 : explain SELECT c FROM sbtest3 WHERE id BETWEEN 1025057 AND 1026056 ORDER BY c
	Sort  (cost=3884.80..3887.28 rows=990 width=121)
	  Sort Key: c
	  ->  Bitmap Heap Scan on sbtest3  (cost=30.58..3835.54 rows=990 width=121)
	        Recheck Cond: ((id >= 1025057) AND (id <= 1026056))
	        ->  Bitmap Index Scan on sbtest3_pkey  (cost=0.00..30.33 rows=990 width=0)
	              Index Cond: ((id >= 1025057) AND (id <= 1026056))

table 4 : explain SELECT c FROM sbtest4 WHERE id BETWEEN 3473885 AND 3474884 ORDER BY c
	Sort  (cost=3884.74..3887.22 rows=990 width=121)
	  Sort Key: c
	  ->  Bitmap Heap Scan on sbtest4  (cost=30.58..3835.49 rows=990 width=121)
	        Recheck Cond: ((id >= 3473885) AND (id <= 3474884))
	        ->  Bitmap Index Scan on sbtest4_pkey  (cost=0.00..30.33 rows=990 width=0)
	              Index Cond: ((id >= 3473885) AND (id <= 3474884))

table 5 : explain SELECT c FROM sbtest5 WHERE id BETWEEN 3968151 AND 3969150 ORDER BY c
	Sort  (cost=4039.04..4041.62 rows=1029 width=121)
	  Sort Key: c
	  ->  Bitmap Heap Scan on sbtest5  (cost=30.98..3987.56 rows=1029 width=121)
	        Recheck Cond: ((id >= 3968151) AND (id <= 3969150))
	        ->  Bitmap Index Scan on sbtest5_pkey  (cost=0.00..30.72 rows=1029 width=0)
	              Index Cond: ((id >= 3968151) AND (id <= 3969150))

table 6 : explain SELECT c FROM sbtest6 WHERE id BETWEEN 3370108 AND 3371107 ORDER BY c
	Sort  (cost=3944.16..3946.67 rows=1005 width=121)
	  Sort Key: c
	  ->  Bitmap Heap Scan on sbtest6  (cost=30.74..3894.04 rows=1005 width=121)
	        Recheck Cond: ((id >= 3370108) AND (id <= 3371107))
	        ->  Bitmap Index Scan on sbtest6_pkey  (cost=0.00..30.48 rows=1005 width=0)
	              Index Cond: ((id >= 3370108) AND (id <= 3371107))

table 7 : explain SELECT c FROM sbtest7 WHERE id BETWEEN 3656980 AND 3657979 ORDER BY c
	Sort  (cost=4119.58..4122.20 rows=1050 width=121)
	  Sort Key: c
	  ->  Bitmap Heap Scan on sbtest7  (cost=31.20..4066.89 rows=1050 width=121)
	        Recheck Cond: ((id >= 3656980) AND (id <= 3657979))
	        ->  Bitmap Index Scan on sbtest7_pkey  (cost=0.00..30.93 rows=1050 width=0)
	              Index Cond: ((id >= 3656980) AND (id <= 3657979))

table 8 : explain SELECT c FROM sbtest8 WHERE id BETWEEN 6080764 AND 6081763 ORDER BY c
	Sort  (cost=4204.85..4207.54 rows=1073 width=121)
	  Sort Key: c
	  ->  Bitmap Heap Scan on sbtest8  (cost=31.43..4150.84 rows=1073 width=121)
	        Recheck Cond: ((id >= 6080764) AND (id <= 6081763))
	        ->  Bitmap Index Scan on sbtest8_pkey  (cost=0.00..31.16 rows=1073 width=0)
	              Index Cond: ((id >= 6080764) AND (id <= 6081763))

for point_selects
table 1 : explain SELECT c FROM sbtest1 WHERE id=7681143
	Index Scan using sbtest1_pkey on sbtest1  (cost=0.43..8.45 rows=1 width=121)
	  Index Cond: (id = 7681143)

table 2 : explain SELECT c FROM sbtest2 WHERE id=9025050
	Index Scan using sbtest2_pkey on sbtest2  (cost=0.43..8.45 rows=1 width=121)
	  Index Cond: (id = 9025050)

table 3 : explain SELECT c FROM sbtest3 WHERE id=9121011
	Index Scan using sbtest3_pkey on sbtest3  (cost=0.43..8.45 rows=1 width=121)
	  Index Cond: (id = 9121011)

table 4 : explain SELECT c FROM sbtest4 WHERE id=6866474
	Index Scan using sbtest4_pkey on sbtest4  (cost=0.43..8.45 rows=1 width=121)
	  Index Cond: (id = 6866474)

table 5 : explain SELECT c FROM sbtest5 WHERE id=1794807
	Index Scan using sbtest5_pkey on sbtest5  (cost=0.43..8.45 rows=1 width=121)
	  Index Cond: (id = 1794807)

table 6 : explain SELECT c FROM sbtest6 WHERE id=4267866
	Index Scan using sbtest6_pkey on sbtest6  (cost=0.43..8.45 rows=1 width=121)
	  Index Cond: (id = 4267866)

table 7 : explain SELECT c FROM sbtest7 WHERE id=3208395
	Index Scan using sbtest7_pkey on sbtest7  (cost=0.43..8.45 rows=1 width=121)
	  Index Cond: (id = 3208395)

table 8 : explain SELECT c FROM sbtest8 WHERE id=2413787
	Index Scan using sbtest8_pkey on sbtest8  (cost=0.43..8.45 rows=1 width=121)
	  Index Cond: (id = 2413787)

for point_selects
table 1 : explain SELECT c FROM sbtest1 WHERE id=9985099
	Index Scan using sbtest1_pkey on sbtest1  (cost=0.43..8.45 rows=1 width=121)
	  Index Cond: (id = 9985099)

table 2 : explain SELECT c FROM sbtest2 WHERE id=2798659
	Index Scan using sbtest2_pkey on sbtest2  (cost=0.43..8.45 rows=1 width=121)
	  Index Cond: (id = 2798659)

table 3 : explain SELECT c FROM sbtest3 WHERE id=90466
	Index Scan using sbtest3_pkey on sbtest3  (cost=0.43..8.45 rows=1 width=121)
	  Index Cond: (id = 90466)

table 4 : explain SELECT c FROM sbtest4 WHERE id=5125595
	Index Scan using sbtest4_pkey on sbtest4  (cost=0.43..8.45 rows=1 width=121)
	  Index Cond: (id = 5125595)

table 5 : explain SELECT c FROM sbtest5 WHERE id=2922372
	Index Scan using sbtest5_pkey on sbtest5  (cost=0.43..8.45 rows=1 width=121)
	  Index Cond: (id = 2922372)

table 6 : explain SELECT c FROM sbtest6 WHERE id=5725861
	Index Scan using sbtest6_pkey on sbtest6  (cost=0.43..8.45 rows=1 width=121)
	  Index Cond: (id = 5725861)

table 7 : explain SELECT c FROM sbtest7 WHERE id=518688
	Index Scan using sbtest7_pkey on sbtest7  (cost=0.43..8.45 rows=1 width=121)
	  Index Cond: (id = 518688)

table 8 : explain SELECT c FROM sbtest8 WHERE id=7327693
	Index Scan using sbtest8_pkey on sbtest8  (cost=0.43..8.45 rows=1 width=121)
	  Index Cond: (id = 7327693)

for: simple_ranges
table 1 : explain SELECT c FROM sbtest1 WHERE id BETWEEN 3420018 AND 3421017
	Bitmap Heap Scan on sbtest1  (cost=31.00..3988.06 rows=1031 width=121)
	  Recheck Cond: ((id >= 3420018) AND (id <= 3421017))
	  ->  Bitmap Index Scan on sbtest1_pkey  (cost=0.00..30.75 rows=1031 width=0)
	        Index Cond: ((id >= 3420018) AND (id <= 3421017))

table 2 : explain SELECT c FROM sbtest2 WHERE id BETWEEN 397891 AND 398890
	Bitmap Heap Scan on sbtest2  (cost=30.03..3631.07 rows=936 width=121)
	  Recheck Cond: ((id >= 397891) AND (id <= 398890))
	  ->  Bitmap Index Scan on sbtest2_pkey  (cost=0.00..29.79 rows=936 width=0)
	        Index Cond: ((id >= 397891) AND (id <= 398890))

table 3 : explain SELECT c FROM sbtest3 WHERE id BETWEEN 1014710 AND 1015709
	Bitmap Heap Scan on sbtest3  (cost=30.58..3835.54 rows=990 width=121)
	  Recheck Cond: ((id >= 1014710) AND (id <= 1015709))
	  ->  Bitmap Index Scan on sbtest3_pkey  (cost=0.00..30.33 rows=990 width=0)
	        Index Cond: ((id >= 1014710) AND (id <= 1015709))

table 4 : explain SELECT c FROM sbtest4 WHERE id BETWEEN 7126592 AND 7127591
	Bitmap Heap Scan on sbtest4  (cost=31.33..4110.62 rows=1063 width=121)
	  Recheck Cond: ((id >= 7126592) AND (id <= 7127591))
	  ->  Bitmap Index Scan on sbtest4_pkey  (cost=0.00..31.07 rows=1063 width=0)
	        Index Cond: ((id >= 7126592) AND (id <= 7127591))

table 5 : explain SELECT c FROM sbtest5 WHERE id BETWEEN 1439760 AND 1440759
	Bitmap Heap Scan on sbtest5  (cost=31.61..4217.67 rows=1090 width=121)
	  Recheck Cond: ((id >= 1439760) AND (id <= 1440759))
	  ->  Bitmap Index Scan on sbtest5_pkey  (cost=0.00..31.33 rows=1090 width=0)
	        Index Cond: ((id >= 1439760) AND (id <= 1440759))

table 6 : explain SELECT c FROM sbtest6 WHERE id BETWEEN 6593114 AND 6594113
	Bitmap Heap Scan on sbtest6  (cost=30.65..3863.84 rows=997 width=121)
	  Recheck Cond: ((id >= 6593114) AND (id <= 6594113))
	  ->  Bitmap Index Scan on sbtest6_pkey  (cost=0.00..30.40 rows=997 width=0)
	        Index Cond: ((id >= 6593114) AND (id <= 6594113))

table 7 : explain SELECT c FROM sbtest7 WHERE id BETWEEN 1155630 AND 1156629
	Bitmap Heap Scan on sbtest7  (cost=25.48..3427.20 rows=882 width=121)
	  Recheck Cond: ((id >= 1155630) AND (id <= 1156629))
	  ->  Bitmap Index Scan on sbtest7_pkey  (cost=0.00..25.25 rows=882 width=0)
	        Index Cond: ((id >= 1155630) AND (id <= 1156629))

table 8 : explain SELECT c FROM sbtest8 WHERE id BETWEEN 3091786 AND 3092785
	Bitmap Heap Scan on sbtest8  (cost=30.80..3917.06 rows=1011 width=121)
	  Recheck Cond: ((id >= 3091786) AND (id <= 3092785))
	  ->  Bitmap Index Scan on sbtest8_pkey  (cost=0.00..30.54 rows=1011 width=0)
	        Index Cond: ((id >= 3091786) AND (id <= 3092785))

for: simple_ranges
table 1 : explain SELECT c FROM sbtest1 WHERE id BETWEEN 8456280 AND 8457279
	Bitmap Heap Scan on sbtest1  (cost=30.29..3724.17 rows=961 width=121)
	  Recheck Cond: ((id >= 8456280) AND (id <= 8457279))
	  ->  Bitmap Index Scan on sbtest1_pkey  (cost=0.00..30.04 rows=961 width=0)
	        Index Cond: ((id >= 8456280) AND (id <= 8457279))

table 2 : explain SELECT c FROM sbtest2 WHERE id BETWEEN 1106625 AND 1107624
	Bitmap Heap Scan on sbtest2  (cost=25.73..3517.40 rows=907 width=121)
	  Recheck Cond: ((id >= 1106625) AND (id <= 1107624))
	  ->  Bitmap Index Scan on sbtest2_pkey  (cost=0.00..25.50 rows=907 width=0)
	        Index Cond: ((id >= 1106625) AND (id <= 1107624))

table 3 : explain SELECT c FROM sbtest3 WHERE id BETWEEN 9365590 AND 9366589
	Bitmap Heap Scan on sbtest3  (cost=30.12..3665.60 rows=945 width=121)
	  Recheck Cond: ((id >= 9365590) AND (id <= 9366589))
	  ->  Bitmap Index Scan on sbtest3_pkey  (cost=0.00..29.89 rows=945 width=0)
	        Index Cond: ((id >= 9365590) AND (id <= 9366589))

table 4 : explain SELECT c FROM sbtest4 WHERE id BETWEEN 5179132 AND 5180131
	Bitmap Heap Scan on sbtest4  (cost=30.75..3895.85 rows=1006 width=121)
	  Recheck Cond: ((id >= 5179132) AND (id <= 5180131))
	  ->  Bitmap Index Scan on sbtest4_pkey  (cost=0.00..30.50 rows=1006 width=0)
	        Index Cond: ((id >= 5179132) AND (id <= 5180131))

table 5 : explain SELECT c FROM sbtest5 WHERE id BETWEEN 780277 AND 781276
	Bitmap Heap Scan on sbtest5  (cost=29.72..3522.18 rows=906 width=121)
	  Recheck Cond: ((id >= 780277) AND (id <= 781276))
	  ->  Bitmap Index Scan on sbtest5_pkey  (cost=0.00..29.50 rows=906 width=0)
	        Index Cond: ((id >= 780277) AND (id <= 781276))

table 6 : explain SELECT c FROM sbtest6 WHERE id BETWEEN 1098151 AND 1099150
	Bitmap Heap Scan on sbtest6  (cost=30.72..3886.49 rows=1003 width=121)
	  Recheck Cond: ((id >= 1098151) AND (id <= 1099150))
	  ->  Bitmap Index Scan on sbtest6_pkey  (cost=0.00..30.46 rows=1003 width=0)
	        Index Cond: ((id >= 1098151) AND (id <= 1099150))

table 7 : explain SELECT c FROM sbtest7 WHERE id BETWEEN 9312626 AND 9313625
	Bitmap Heap Scan on sbtest7  (cost=30.31..3738.13 rows=963 width=121)
	  Recheck Cond: ((id >= 9312626) AND (id <= 9313625))
	  ->  Bitmap Index Scan on sbtest7_pkey  (cost=0.00..30.07 rows=963 width=0)
	        Index Cond: ((id >= 9312626) AND (id <= 9313625))

table 8 : explain SELECT c FROM sbtest8 WHERE id BETWEEN 5478050 AND 5479049
	Bitmap Heap Scan on sbtest8  (cost=30.79..3913.29 rows=1010 width=121)
	  Recheck Cond: ((id >= 5478050) AND (id <= 5479049))
	  ->  Bitmap Index Scan on sbtest8_pkey  (cost=0.00..30.54 rows=1010 width=0)
	        Index Cond: ((id >= 5478050) AND (id <= 5479049))

for point_selects
table 1 : explain SELECT c FROM sbtest1 WHERE id=8247992
	Index Scan using sbtest1_pkey on sbtest1  (cost=0.43..8.45 rows=1 width=121)
	  Index Cond: (id = 8247992)

table 2 : explain SELECT c FROM sbtest2 WHERE id=5088349
	Index Scan using sbtest2_pkey on sbtest2  (cost=0.43..8.45 rows=1 width=121)
	  Index Cond: (id = 5088349)

table 3 : explain SELECT c FROM sbtest3 WHERE id=9386748
	Index Scan using sbtest3_pkey on sbtest3  (cost=0.43..8.45 rows=1 width=121)
	  Index Cond: (id = 9386748)

table 4 : explain SELECT c FROM sbtest4 WHERE id=7223259
	Index Scan using sbtest4_pkey on sbtest4  (cost=0.43..8.45 rows=1 width=121)
	  Index Cond: (id = 7223259)

table 5 : explain SELECT c FROM sbtest5 WHERE id=2607714
	Index Scan using sbtest5_pkey on sbtest5  (cost=0.43..8.45 rows=1 width=121)
	  Index Cond: (id = 2607714)

table 6 : explain SELECT c FROM sbtest6 WHERE id=1115543
	Index Scan using sbtest6_pkey on sbtest6  (cost=0.43..8.45 rows=1 width=121)
	  Index Cond: (id = 1115543)

table 7 : explain SELECT c FROM sbtest7 WHERE id=2962920
	Index Scan using sbtest7_pkey on sbtest7  (cost=0.43..8.45 rows=1 width=121)
	  Index Cond: (id = 2962920)

table 8 : explain SELECT c FROM sbtest8 WHERE id=3284499
	Index Scan using sbtest8_pkey on sbtest8  (cost=0.43..8.45 rows=1 width=121)
	  Index Cond: (id = 3284499)

for: sum_ranges
table 1 : explain SELECT SUM(k) FROM sbtest1 WHERE id BETWEEN 3779591 AND 3780590
	Aggregate  (cost=3881.32..3881.33 rows=1 width=8)
	  ->  Bitmap Heap Scan on sbtest1  (cost=30.71..3878.81 rows=1002 width=4)
	        Recheck Cond: ((id >= 3779591) AND (id <= 3780590))
	        ->  Bitmap Index Scan on sbtest1_pkey  (cost=0.00..30.45 rows=1002 width=0)
	              Index Cond: ((id >= 3779591) AND (id <= 3780590))

table 2 : explain SELECT SUM(k) FROM sbtest2 WHERE id BETWEEN 29914 AND 30913
	Aggregate  (cost=4011.00..4011.01 rows=1 width=8)
	  ->  Bitmap Heap Scan on sbtest2  (cost=31.05..4008.41 rows=1036 width=4)
	        Recheck Cond: ((id >= 29914) AND (id <= 30913))
	        ->  Bitmap Index Scan on sbtest2_pkey  (cost=0.00..30.79 rows=1036 width=0)
	              Index Cond: ((id >= 29914) AND (id <= 30913))

table 3 : explain SELECT SUM(k) FROM sbtest3 WHERE id BETWEEN 6553089 AND 6554088
	Aggregate  (cost=3864.45..3864.46 rows=1 width=8)
	  ->  Bitmap Heap Scan on sbtest3  (cost=30.65..3861.96 rows=997 width=4)
	        Recheck Cond: ((id >= 6553089) AND (id <= 6554088))
	        ->  Bitmap Index Scan on sbtest3_pkey  (cost=0.00..30.40 rows=997 width=0)
	              Index Cond: ((id >= 6553089) AND (id <= 6554088))

table 4 : explain SELECT SUM(k) FROM sbtest4 WHERE id BETWEEN 1241925 AND 1242924
	Aggregate  (cost=3743.52..3743.53 rows=1 width=8)
	  ->  Bitmap Heap Scan on sbtest4  (cost=30.33..3741.11 rows=965 width=4)
	        Recheck Cond: ((id >= 1241925) AND (id <= 1242924))
	        ->  Bitmap Index Scan on sbtest4_pkey  (cost=0.00..30.08 rows=965 width=0)
	              Index Cond: ((id >= 1241925) AND (id <= 1242924))

table 5 : explain SELECT SUM(k) FROM sbtest5 WHERE id BETWEEN 1091852 AND 1092851
	Aggregate  (cost=3721.55..3721.56 rows=1 width=8)
	  ->  Bitmap Heap Scan on sbtest5  (cost=30.25..3719.16 rows=958 width=4)
	        Recheck Cond: ((id >= 1091852) AND (id <= 1092851))
	        ->  Bitmap Index Scan on sbtest5_pkey  (cost=0.00..30.01 rows=958 width=0)
	              Index Cond: ((id >= 1091852) AND (id <= 1092851))

table 6 : explain SELECT SUM(k) FROM sbtest6 WHERE id BETWEEN 6769824 AND 6770823
	Aggregate  (cost=3843.67..3843.68 rows=1 width=8)
	  ->  Bitmap Heap Scan on sbtest6  (cost=30.59..3841.19 rows=991 width=4)
	        Recheck Cond: ((id >= 6769824) AND (id <= 6770823))
	        ->  Bitmap Index Scan on sbtest6_pkey  (cost=0.00..30.34 rows=991 width=0)
	              Index Cond: ((id >= 6769824) AND (id <= 6770823))

table 7 : explain SELECT SUM(k) FROM sbtest7 WHERE id BETWEEN 7135437 AND 7136436
	Aggregate  (cost=3668.57..3668.58 rows=1 width=8)
	  ->  Bitmap Heap Scan on sbtest7  (cost=30.11..3666.21 rows=944 width=4)
	        Recheck Cond: ((id >= 7135437) AND (id <= 7136436))
	        ->  Bitmap Index Scan on sbtest7_pkey  (cost=0.00..29.87 rows=944 width=0)
	              Index Cond: ((id >= 7135437) AND (id <= 7136436))

table 8 : explain SELECT SUM(k) FROM sbtest8 WHERE id BETWEEN 5518427 AND 5519426
	Aggregate  (cost=4176.14..4176.15 rows=1 width=8)
	  ->  Bitmap Heap Scan on sbtest8  (cost=31.49..4173.44 rows=1079 width=4)
	        Recheck Cond: ((id >= 5518427) AND (id <= 5519426))
	        ->  Bitmap Index Scan on sbtest8_pkey  (cost=0.00..31.22 rows=1079 width=0)
	              Index Cond: ((id >= 5518427) AND (id <= 5519426))

for: simple_ranges
table 1 : explain SELECT c FROM sbtest1 WHERE id BETWEEN 3551052 AND 3552051
	Bitmap Heap Scan on sbtest1  (cost=30.20..3693.97 rows=953 width=121)
	  Recheck Cond: ((id >= 3551052) AND (id <= 3552051))
	  ->  Bitmap Index Scan on sbtest1_pkey  (cost=0.00..29.96 rows=953 width=0)
	        Index Cond: ((id >= 3551052) AND (id <= 3552051))

table 2 : explain SELECT c FROM sbtest2 WHERE id BETWEEN 1855360 AND 1856359
	Bitmap Heap Scan on sbtest2  (cost=30.89..3948.12 rows=1020 width=121)
	  Recheck Cond: ((id >= 1855360) AND (id <= 1856359))
	  ->  Bitmap Index Scan on sbtest2_pkey  (cost=0.00..30.64 rows=1020 width=0)
	        Index Cond: ((id >= 1855360) AND (id <= 1856359))

table 3 : explain SELECT c FROM sbtest3 WHERE id BETWEEN 881877 AND 882876
	Bitmap Heap Scan on sbtest3  (cost=25.98..3608.68 rows=931 width=121)
	  Recheck Cond: ((id >= 881877) AND (id <= 882876))
	  ->  Bitmap Index Scan on sbtest3_pkey  (cost=0.00..25.75 rows=931 width=0)
	        Index Cond: ((id >= 881877) AND (id <= 882876))

table 4 : explain SELECT c FROM sbtest4 WHERE id BETWEEN 4139004 AND 4140003
	Bitmap Heap Scan on sbtest4  (cost=31.75..4264.86 rows=1104 width=121)
	  Recheck Cond: ((id >= 4139004) AND (id <= 4140003))
	  ->  Bitmap Index Scan on sbtest4_pkey  (cost=0.00..31.47 rows=1104 width=0)
	        Index Cond: ((id >= 4139004) AND (id <= 4140003))

table 5 : explain SELECT c FROM sbtest5 WHERE id BETWEEN 9178567 AND 9179566
	Bitmap Heap Scan on sbtest5  (cost=30.07..3651.01 rows=940 width=121)
	  Recheck Cond: ((id >= 9178567) AND (id <= 9179566))
	  ->  Bitmap Index Scan on sbtest5_pkey  (cost=0.00..29.83 rows=940 width=0)
	        Index Cond: ((id >= 9178567) AND (id <= 9179566))

table 6 : explain SELECT c FROM sbtest6 WHERE id BETWEEN 4854885 AND 4855884
	Bitmap Heap Scan on sbtest6  (cost=30.43..3780.75 rows=975 width=121)
	  Recheck Cond: ((id >= 4854885) AND (id <= 4855884))
	  ->  Bitmap Index Scan on sbtest6_pkey  (cost=0.00..30.18 rows=975 width=0)
	        Index Cond: ((id >= 4854885) AND (id <= 4855884))

table 7 : explain SELECT c FROM sbtest7 WHERE id BETWEEN 9244494 AND 9245493
	Bitmap Heap Scan on sbtest7  (cost=30.52..3817.57 rows=984 width=121)
	  Recheck Cond: ((id >= 9244494) AND (id <= 9245493))
	  ->  Bitmap Index Scan on sbtest7_pkey  (cost=0.00..30.27 rows=984 width=0)
	        Index Cond: ((id >= 9244494) AND (id <= 9245493))

table 8 : explain SELECT c FROM sbtest8 WHERE id BETWEEN 1434183 AND 1435182
	Bitmap Heap Scan on sbtest8  (cost=30.32..3739.53 rows=964 width=121)
	  Recheck Cond: ((id >= 1434183) AND (id <= 1435182))
	  ->  Bitmap Index Scan on sbtest8_pkey  (cost=0.00..30.07 rows=964 width=0)
	        Index Cond: ((id >= 1434183) AND (id <= 1435182))

for: simple_ranges
table 1 : explain SELECT c FROM sbtest1 WHERE id BETWEEN 330337 AND 331336
	Bitmap Heap Scan on sbtest1  (cost=31.06..4010.65 rows=1037 width=121)
	  Recheck Cond: ((id >= 330337) AND (id <= 331336))
	  ->  Bitmap Index Scan on sbtest1_pkey  (cost=0.00..30.80 rows=1037 width=0)
	        Index Cond: ((id >= 330337) AND (id <= 331336))

table 2 : explain SELECT c FROM sbtest2 WHERE id BETWEEN 4751831 AND 4752830
	Bitmap Heap Scan on sbtest2  (cost=30.17..3683.98 rows=950 width=121)
	  Recheck Cond: ((id >= 4751831) AND (id <= 4752830))
	  ->  Bitmap Index Scan on sbtest2_pkey  (cost=0.00..29.93 rows=950 width=0)
	        Index Cond: ((id >= 4751831) AND (id <= 4752830))

table 3 : explain SELECT c FROM sbtest3 WHERE id BETWEEN 2594596 AND 2595595
	Bitmap Heap Scan on sbtest3  (cost=30.66..3865.73 rows=998 width=121)
	  Recheck Cond: ((id >= 2594596) AND (id <= 2595595))
	  ->  Bitmap Index Scan on sbtest3_pkey  (cost=0.00..30.41 rows=998 width=0)
	        Index Cond: ((id >= 2594596) AND (id <= 2595595))

table 4 : explain SELECT c FROM sbtest4 WHERE id BETWEEN 9020557 AND 9021556
	Bitmap Heap Scan on sbtest4  (cost=30.83..3926.01 rows=1014 width=121)
	  Recheck Cond: ((id >= 9020557) AND (id <= 9021556))
	  ->  Bitmap Index Scan on sbtest4_pkey  (cost=0.00..30.57 rows=1014 width=0)
	        Index Cond: ((id >= 9020557) AND (id <= 9021556))

table 5 : explain SELECT c FROM sbtest5 WHERE id BETWEEN 6173713 AND 6174712
	Bitmap Heap Scan on sbtest5  (cost=31.37..4130.96 rows=1067 width=121)
	  Recheck Cond: ((id >= 6173713) AND (id <= 6174712))
	  ->  Bitmap Index Scan on sbtest5_pkey  (cost=0.00..31.11 rows=1067 width=0)
	        Index Cond: ((id >= 6173713) AND (id <= 6174712))

table 6 : explain SELECT c FROM sbtest6 WHERE id BETWEEN 8110132 AND 8111131
	Bitmap Heap Scan on sbtest6  (cost=30.53..3818.53 rows=985 width=121)
	  Recheck Cond: ((id >= 8110132) AND (id <= 8111131))
	  ->  Bitmap Index Scan on sbtest6_pkey  (cost=0.00..30.29 rows=985 width=0)
	        Index Cond: ((id >= 8110132) AND (id <= 8111131))

table 7 : explain SELECT c FROM sbtest7 WHERE id BETWEEN 9994824 AND 9995823
	Bitmap Heap Scan on sbtest7  (cost=30.16..3685.14 rows=949 width=121)
	  Recheck Cond: ((id >= 9994824) AND (id <= 9995823))
	  ->  Bitmap Index Scan on sbtest7_pkey  (cost=0.00..29.93 rows=949 width=0)
	        Index Cond: ((id >= 9994824) AND (id <= 9995823))

table 8 : explain SELECT c FROM sbtest8 WHERE id BETWEEN 2888632 AND 2889631
	Bitmap Heap Scan on sbtest8  (cost=31.08..4022.70 rows=1039 width=121)
	  Recheck Cond: ((id >= 2888632) AND (id <= 2889631))
	  ->  Bitmap Index Scan on sbtest8_pkey  (cost=0.00..30.82 rows=1039 width=0)
	        Index Cond: ((id >= 2888632) AND (id <= 2889631))

for: simple_ranges
table 1 : explain SELECT c FROM sbtest1 WHERE id BETWEEN 7029640 AND 7030639
	Bitmap Heap Scan on sbtest1  (cost=31.58..4198.73 rows=1087 width=121)
	  Recheck Cond: ((id >= 7029640) AND (id <= 7030639))
	  ->  Bitmap Index Scan on sbtest1_pkey  (cost=0.00..31.30 rows=1087 width=0)
	        Index Cond: ((id >= 7029640) AND (id <= 7030639))

table 2 : explain SELECT c FROM sbtest2 WHERE id BETWEEN 2989223 AND 2990222
	Bitmap Heap Scan on sbtest2  (cost=30.50..3804.81 rows=982 width=121)
	  Recheck Cond: ((id >= 2989223) AND (id <= 2990222))
	  ->  Bitmap Index Scan on sbtest2_pkey  (cost=0.00..30.25 rows=982 width=0)
	        Index Cond: ((id >= 2989223) AND (id <= 2990222))

table 3 : explain SELECT c FROM sbtest3 WHERE id BETWEEN 3791546 AND 3792545
	Bitmap Heap Scan on sbtest3  (cost=30.73..3888.36 rows=1004 width=121)
	  Recheck Cond: ((id >= 3791546) AND (id <= 3792545))
	  ->  Bitmap Index Scan on sbtest3_pkey  (cost=0.00..30.47 rows=1004 width=0)
	        Index Cond: ((id >= 3791546) AND (id <= 3792545))

table 4 : explain SELECT c FROM sbtest4 WHERE id BETWEEN 7794770 AND 7795769
	Bitmap Heap Scan on sbtest4  (cost=30.22..3703.33 rows=955 width=121)
	  Recheck Cond: ((id >= 7794770) AND (id <= 7795769))
	  ->  Bitmap Index Scan on sbtest4_pkey  (cost=0.00..29.98 rows=955 width=0)
	        Index Cond: ((id >= 7794770) AND (id <= 7795769))

table 5 : explain SELECT c FROM sbtest5 WHERE id BETWEEN 7072651 AND 7073650
	Bitmap Heap Scan on sbtest5  (cost=29.73..3525.97 rows=907 width=121)
	  Recheck Cond: ((id >= 7072651) AND (id <= 7073650))
	  ->  Bitmap Index Scan on sbtest5_pkey  (cost=0.00..29.50 rows=907 width=0)
	        Index Cond: ((id >= 7072651) AND (id <= 7073650))

table 6 : explain SELECT c FROM sbtest6 WHERE id BETWEEN 2630104 AND 2631103
	Bitmap Heap Scan on sbtest6  (cost=31.09..4026.08 rows=1040 width=121)
	  Recheck Cond: ((id >= 2630104) AND (id <= 2631103))
	  ->  Bitmap Index Scan on sbtest6_pkey  (cost=0.00..30.83 rows=1040 width=0)
	        Index Cond: ((id >= 2630104) AND (id <= 2631103))

table 7 : explain SELECT c FROM sbtest7 WHERE id BETWEEN 1473117 AND 1474116
	Bitmap Heap Scan on sbtest7  (cost=25.48..3427.20 rows=882 width=121)
	  Recheck Cond: ((id >= 1473117) AND (id <= 1474116))
	  ->  Bitmap Index Scan on sbtest7_pkey  (cost=0.00..25.25 rows=882 width=0)
	        Index Cond: ((id >= 1473117) AND (id <= 1474116))

table 8 : explain SELECT c FROM sbtest8 WHERE id BETWEEN 6378787 AND 6379786
	Bitmap Heap Scan on sbtest8  (cost=30.24..3713.06 rows=957 width=121)
	  Recheck Cond: ((id >= 6378787) AND (id <= 6379786))
	  ->  Bitmap Index Scan on sbtest8_pkey  (cost=0.00..30.00 rows=957 width=0)
	        Index Cond: ((id >= 6378787) AND (id <= 6379786))

for: simple_ranges
table 1 : explain SELECT c FROM sbtest1 WHERE id BETWEEN 2557954 AND 2558953
	Bitmap Heap Scan on sbtest1  (cost=30.27..3720.39 rows=960 width=121)
	  Recheck Cond: ((id >= 2557954) AND (id <= 2558953))
	  ->  Bitmap Index Scan on sbtest1_pkey  (cost=0.00..30.04 rows=960 width=0)
	        Index Cond: ((id >= 2557954) AND (id <= 2558953))

table 2 : explain SELECT c FROM sbtest2 WHERE id BETWEEN 8558703 AND 8559702
	Bitmap Heap Scan on sbtest2  (cost=31.56..4192.84 rows=1085 width=121)
	  Recheck Cond: ((id >= 8558703) AND (id <= 8559702))
	  ->  Bitmap Index Scan on sbtest2_pkey  (cost=0.00..31.29 rows=1085 width=0)
	        Index Cond: ((id >= 8558703) AND (id <= 8559702))

table 3 : explain SELECT c FROM sbtest3 WHERE id BETWEEN 7188650 AND 7189649
	Bitmap Heap Scan on sbtest3  (cost=25.32..3366.40 rows=867 width=121)
	  Recheck Cond: ((id >= 7188650) AND (id <= 7189649))
	  ->  Bitmap Index Scan on sbtest3_pkey  (cost=0.00..25.11 rows=867 width=0)
	        Index Cond: ((id >= 7188650) AND (id <= 7189649))

table 4 : explain SELECT c FROM sbtest4 WHERE id BETWEEN 8581549 AND 8582548
	Bitmap Heap Scan on sbtest4  (cost=30.84..3929.79 rows=1015 width=121)
	  Recheck Cond: ((id >= 8581549) AND (id <= 8582548))
	  ->  Bitmap Index Scan on sbtest4_pkey  (cost=0.00..30.58 rows=1015 width=0)
	        Index Cond: ((id >= 8581549) AND (id <= 8582548))

table 5 : explain SELECT c FROM sbtest5 WHERE id BETWEEN 828722 AND 829721
	Bitmap Heap Scan on sbtest5  (cost=29.72..3522.18 rows=906 width=121)
	  Recheck Cond: ((id >= 828722) AND (id <= 829721))
	  ->  Bitmap Index Scan on sbtest5_pkey  (cost=0.00..29.50 rows=906 width=0)
	        Index Cond: ((id >= 828722) AND (id <= 829721))

table 6 : explain SELECT c FROM sbtest6 WHERE id BETWEEN 6771097 AND 6772096
	Bitmap Heap Scan on sbtest6  (cost=30.59..3841.19 rows=991 width=121)
	  Recheck Cond: ((id >= 6771097) AND (id <= 6772096))
	  ->  Bitmap Index Scan on sbtest6_pkey  (cost=0.00..30.34 rows=991 width=0)
	        Index Cond: ((id >= 6771097) AND (id <= 6772096))

table 7 : explain SELECT c FROM sbtest7 WHERE id BETWEEN 7233896 AND 7234895
	Bitmap Heap Scan on sbtest7  (cost=30.74..3896.96 rows=1005 width=121)
	  Recheck Cond: ((id >= 7233896) AND (id <= 7234895))
	  ->  Bitmap Index Scan on sbtest7_pkey  (cost=0.00..30.48 rows=1005 width=0)
	        Index Cond: ((id >= 7233896) AND (id <= 7234895))

table 8 : explain SELECT c FROM sbtest8 WHERE id BETWEEN 4723936 AND 4724935
	Bitmap Heap Scan on sbtest8  (cost=30.66..3867.99 rows=998 width=121)
	  Recheck Cond: ((id >= 4723936) AND (id <= 4724935))
	  ->  Bitmap Index Scan on sbtest8_pkey  (cost=0.00..30.41 rows=998 width=0)
	        Index Cond: ((id >= 4723936) AND (id <= 4724935))

for: simple_ranges
table 1 : explain SELECT c FROM sbtest1 WHERE id BETWEEN 2340260 AND 2341259
	Bitmap Heap Scan on sbtest1  (cost=30.55..3822.26 rows=987 width=121)
	  Recheck Cond: ((id >= 2340260) AND (id <= 2341259))
	  ->  Bitmap Index Scan on sbtest1_pkey  (cost=0.00..30.30 rows=987 width=0)
	        Index Cond: ((id >= 2340260) AND (id <= 2341259))

table 2 : explain SELECT c FROM sbtest2 WHERE id BETWEEN 5416192 AND 5417191
	Bitmap Heap Scan on sbtest2  (cost=25.76..3528.75 rows=910 width=121)
	  Recheck Cond: ((id >= 5416192) AND (id <= 5417191))
	  ->  Bitmap Index Scan on sbtest2_pkey  (cost=0.00..25.54 rows=910 width=0)
	        Index Cond: ((id >= 5416192) AND (id <= 5417191))

table 3 : explain SELECT c FROM sbtest3 WHERE id BETWEEN 1511920 AND 1512919
	Bitmap Heap Scan on sbtest3  (cost=30.86..3937.39 rows=1017 width=121)
	  Recheck Cond: ((id >= 1511920) AND (id <= 1512919))
	  ->  Bitmap Index Scan on sbtest3_pkey  (cost=0.00..30.61 rows=1017 width=0)
	        Index Cond: ((id >= 1511920) AND (id <= 1512919))

table 4 : explain SELECT c FROM sbtest4 WHERE id BETWEEN 2910766 AND 2911765
	Bitmap Heap Scan on sbtest4  (cost=30.95..3971.25 rows=1026 width=121)
	  Recheck Cond: ((id >= 2910766) AND (id <= 2911765))
	  ->  Bitmap Index Scan on sbtest4_pkey  (cost=0.00..30.69 rows=1026 width=0)
	        Index Cond: ((id >= 2910766) AND (id <= 2911765))

table 5 : explain SELECT c FROM sbtest5 WHERE id BETWEEN 1933751 AND 1934750
	Bitmap Heap Scan on sbtest5  (cost=31.06..4017.76 rows=1037 width=121)
	  Recheck Cond: ((id >= 1933751) AND (id <= 1934750))
	  ->  Bitmap Index Scan on sbtest5_pkey  (cost=0.00..30.80 rows=1037 width=0)
	        Index Cond: ((id >= 1933751) AND (id <= 1934750))

table 6 : explain SELECT c FROM sbtest6 WHERE id BETWEEN 5068392 AND 5069391
	Bitmap Heap Scan on sbtest6  (cost=31.64..4225.73 rows=1093 width=121)
	  Recheck Cond: ((id >= 5068392) AND (id <= 5069391))
	  ->  Bitmap Index Scan on sbtest6_pkey  (cost=0.00..31.36 rows=1093 width=0)
	        Index Cond: ((id >= 5068392) AND (id <= 5069391))

table 7 : explain SELECT c FROM sbtest7 WHERE id BETWEEN 8226234 AND 8227233
	Bitmap Heap Scan on sbtest7  (cost=30.76..3904.51 rows=1007 width=121)
	  Recheck Cond: ((id >= 8226234) AND (id <= 8227233))
	  ->  Bitmap Index Scan on sbtest7_pkey  (cost=0.00..30.50 rows=1007 width=0)
	        Index Cond: ((id >= 8226234) AND (id <= 8227233))

table 8 : explain SELECT c FROM sbtest8 WHERE id BETWEEN 5586507 AND 5587506
	Bitmap Heap Scan on sbtest8  (cost=31.49..4173.44 rows=1079 width=121)
	  Recheck Cond: ((id >= 5586507) AND (id <= 5587506))
	  ->  Bitmap Index Scan on sbtest8_pkey  (cost=0.00..31.22 rows=1079 width=0)
	        Index Cond: ((id >= 5586507) AND (id <= 5587506))

for point_selects
table 1 : explain SELECT c FROM sbtest1 WHERE id=738111
	Index Scan using sbtest1_pkey on sbtest1  (cost=0.43..8.45 rows=1 width=121)
	  Index Cond: (id = 738111)

table 2 : explain SELECT c FROM sbtest2 WHERE id=5406467
	Index Scan using sbtest2_pkey on sbtest2  (cost=0.43..8.45 rows=1 width=121)
	  Index Cond: (id = 5406467)

table 3 : explain SELECT c FROM sbtest3 WHERE id=2972205
	Index Scan using sbtest3_pkey on sbtest3  (cost=0.43..8.45 rows=1 width=121)
	  Index Cond: (id = 2972205)

table 4 : explain SELECT c FROM sbtest4 WHERE id=2510820
	Index Scan using sbtest4_pkey on sbtest4  (cost=0.43..8.45 rows=1 width=121)
	  Index Cond: (id = 2510820)

table 5 : explain SELECT c FROM sbtest5 WHERE id=8813806
	Index Scan using sbtest5_pkey on sbtest5  (cost=0.43..8.45 rows=1 width=121)
	  Index Cond: (id = 8813806)

table 6 : explain SELECT c FROM sbtest6 WHERE id=8362290
	Index Scan using sbtest6_pkey on sbtest6  (cost=0.43..8.45 rows=1 width=121)
	  Index Cond: (id = 8362290)

table 7 : explain SELECT c FROM sbtest7 WHERE id=4057082
	Index Scan using sbtest7_pkey on sbtest7  (cost=0.43..8.45 rows=1 width=121)
	  Index Cond: (id = 4057082)

table 8 : explain SELECT c FROM sbtest8 WHERE id=7372771
	Index Scan using sbtest8_pkey on sbtest8  (cost=0.43..8.45 rows=1 width=121)
	  Index Cond: (id = 7372771)

for: simple_ranges
table 1 : explain SELECT c FROM sbtest1 WHERE id BETWEEN 6020082 AND 6021081
	Bitmap Heap Scan on sbtest1  (cost=30.83..3924.03 rows=1014 width=121)
	  Recheck Cond: ((id >= 6020082) AND (id <= 6021081))
	  ->  Bitmap Index Scan on sbtest1_pkey  (cost=0.00..30.57 rows=1014 width=0)
	        Index Cond: ((id >= 6020082) AND (id <= 6021081))

table 2 : explain SELECT c FROM sbtest2 WHERE id BETWEEN 3736970 AND 3737969
	Bitmap Heap Scan on sbtest2  (cost=30.82..3921.74 rows=1013 width=121)
	  Recheck Cond: ((id >= 3736970) AND (id <= 3737969))
	  ->  Bitmap Index Scan on sbtest2_pkey  (cost=0.00..30.57 rows=1013 width=0)
	        Index Cond: ((id >= 3736970) AND (id <= 3737969))

table 3 : explain SELECT c FROM sbtest3 WHERE id BETWEEN 4951911 AND 4952910
	Bitmap Heap Scan on sbtest3  (cost=30.78..3907.22 rows=1009 width=121)
	  Recheck Cond: ((id >= 4951911) AND (id <= 4952910))
	  ->  Bitmap Index Scan on sbtest3_pkey  (cost=0.00..30.52 rows=1009 width=0)
	        Index Cond: ((id >= 4951911) AND (id <= 4952910))

table 4 : explain SELECT c FROM sbtest4 WHERE id BETWEEN 5028060 AND 5029059
	Bitmap Heap Scan on sbtest4  (cost=30.99..3986.33 rows=1030 width=121)
	  Recheck Cond: ((id >= 5028060) AND (id <= 5029059))
	  ->  Bitmap Index Scan on sbtest4_pkey  (cost=0.00..30.73 rows=1030 width=0)
	        Index Cond: ((id >= 5028060) AND (id <= 5029059))

table 5 : explain SELECT c FROM sbtest5 WHERE id BETWEEN 9909979 AND 9910978
	Bitmap Heap Scan on sbtest5  (cost=30.20..3700.23 rows=953 width=121)
	  Recheck Cond: ((id >= 9909979) AND (id <= 9910978))
	  ->  Bitmap Index Scan on sbtest5_pkey  (cost=0.00..29.96 rows=953 width=0)
	        Index Cond: ((id >= 9909979) AND (id <= 9910978))

table 6 : explain SELECT c FROM sbtest6 WHERE id BETWEEN 1529412 AND 1530411
	Bitmap Heap Scan on sbtest6  (cost=30.92..3961.97 rows=1023 width=121)
	  Recheck Cond: ((id >= 1529412) AND (id <= 1530411))
	  ->  Bitmap Index Scan on sbtest6_pkey  (cost=0.00..30.66 rows=1023 width=0)
	        Index Cond: ((id >= 1529412) AND (id <= 1530411))

table 7 : explain SELECT c FROM sbtest7 WHERE id BETWEEN 467722 AND 468721
	Bitmap Heap Scan on sbtest7  (cost=30.21..3704.07 rows=954 width=121)
	  Recheck Cond: ((id >= 467722) AND (id <= 468721))
	  ->  Bitmap Index Scan on sbtest7_pkey  (cost=0.00..29.97 rows=954 width=0)
	        Index Cond: ((id >= 467722) AND (id <= 468721))

table 8 : explain SELECT c FROM sbtest8 WHERE id BETWEEN 8665797 AND 8666796
	Bitmap Heap Scan on sbtest8  (cost=30.78..3909.52 rows=1009 width=121)
	  Recheck Cond: ((id >= 8665797) AND (id <= 8666796))
	  ->  Bitmap Index Scan on sbtest8_pkey  (cost=0.00..30.52 rows=1009 width=0)
	        Index Cond: ((id >= 8665797) AND (id <= 8666796))

for: distinct_ranges
table 1 : explain SELECT DISTINCT c FROM sbtest1 WHERE id BETWEEN 3757472 AND 3758471 ORDER BY c
	Unique  (cost=3775.61..3780.42 rows=962 width=121)
	  ->  Sort  (cost=3775.61..3778.01 rows=962 width=121)
	        Sort Key: c
	        ->  Bitmap Heap Scan on sbtest1  (cost=30.30..3727.94 rows=962 width=121)
	              Recheck Cond: ((id >= 3757472) AND (id <= 3758471))
	              ->  Bitmap Index Scan on sbtest1_pkey  (cost=0.00..30.05 rows=962 width=0)
	                    Index Cond: ((id >= 3757472) AND (id <= 3758471))

table 2 : explain SELECT DISTINCT c FROM sbtest2 WHERE id BETWEEN 8478387 AND 8479386 ORDER BY c
	Unique  (cost=4041.17..4046.33 rows=1031 width=121)
	  ->  Sort  (cost=4041.17..4043.75 rows=1031 width=121)
	        Sort Key: c
	        ->  Bitmap Heap Scan on sbtest2  (cost=31.00..3989.57 rows=1031 width=121)
	              Recheck Cond: ((id >= 8478387) AND (id <= 8479386))
	              ->  Bitmap Index Scan on sbtest2_pkey  (cost=0.00..30.75 rows=1031 width=0)
	                    Index Cond: ((id >= 8478387) AND (id <= 8479386))

table 3 : explain SELECT DISTINCT c FROM sbtest3 WHERE id BETWEEN 1363619 AND 1364618 ORDER BY c
	Unique  (cost=3819.67..3824.53 rows=973 width=121)
	  ->  Sort  (cost=3819.67..3822.10 rows=973 width=121)
	        Sort Key: c
	        ->  Bitmap Heap Scan on sbtest3  (cost=30.41..3771.37 rows=973 width=121)
	              Recheck Cond: ((id >= 1363619) AND (id <= 1364618))
	              ->  Bitmap Index Scan on sbtest3_pkey  (cost=0.00..30.16 rows=973 width=0)
	                    Index Cond: ((id >= 1363619) AND (id <= 1364618))

table 4 : explain SELECT DISTINCT c FROM sbtest4 WHERE id BETWEEN 5164038 AND 5165037 ORDER BY c
	Unique  (cost=3946.02..3951.05 rows=1006 width=121)
	  ->  Sort  (cost=3946.02..3948.53 rows=1006 width=121)
	        Sort Key: c
	        ->  Bitmap Heap Scan on sbtest4  (cost=30.75..3895.85 rows=1006 width=121)
	              Recheck Cond: ((id >= 5164038) AND (id <= 5165037))
	              ->  Bitmap Index Scan on sbtest4_pkey  (cost=0.00..30.50 rows=1006 width=0)
	                    Index Cond: ((id >= 5164038) AND (id <= 5165037))

table 5 : explain SELECT DISTINCT c FROM sbtest5 WHERE id BETWEEN 170510 AND 171509 ORDER BY c
	Unique  (cost=4203.77..4209.13 rows=1072 width=121)
	  ->  Sort  (cost=4203.77..4206.45 rows=1072 width=121)
	        Sort Key: c
	        ->  Bitmap Heap Scan on sbtest5  (cost=31.42..4149.81 rows=1072 width=121)
	              Recheck Cond: ((id >= 170510) AND (id <= 171509))
	              ->  Bitmap Index Scan on sbtest5_pkey  (cost=0.00..31.15 rows=1072 width=0)
	                    Index Cond: ((id >= 170510) AND (id <= 171509))

table 6 : explain SELECT DISTINCT c FROM sbtest6 WHERE id BETWEEN 1410273 AND 1411272 ORDER BY c
	Unique  (cost=4215.91..4221.29 rows=1076 width=121)
	  ->  Sort  (cost=4215.91..4218.60 rows=1076 width=121)
	        Sort Key: c
	        ->  Bitmap Heap Scan on sbtest6  (cost=31.46..4161.73 rows=1076 width=121)
	              Recheck Cond: ((id >= 1410273) AND (id <= 1411272))
	              ->  Bitmap Index Scan on sbtest6_pkey  (cost=0.00..31.19 rows=1076 width=0)
	                    Index Cond: ((id >= 1410273) AND (id <= 1411272))

table 7 : explain SELECT DISTINCT c FROM sbtest7 WHERE id BETWEEN 6688486 AND 6689485 ORDER BY c
	Unique  (cost=3820.42..3825.28 rows=972 width=121)
	  ->  Sort  (cost=3820.42..3822.85 rows=972 width=121)
	        Sort Key: c
	        ->  Bitmap Heap Scan on sbtest7  (cost=30.40..3772.18 rows=972 width=121)
	              Recheck Cond: ((id >= 6688486) AND (id <= 6689485))
	              ->  Bitmap Index Scan on sbtest7_pkey  (cost=0.00..30.15 rows=972 width=0)
	                    Index Cond: ((id >= 6688486) AND (id <= 6689485))

table 8 : explain SELECT DISTINCT c FROM sbtest8 WHERE id BETWEEN 8563379 AND 8564378 ORDER BY c
	Unique  (cost=3982.85..3987.92 rows=1015 width=121)
	  ->  Sort  (cost=3982.85..3985.38 rows=1015 width=121)
	        Sort Key: c
	        ->  Bitmap Heap Scan on sbtest8  (cost=30.84..3932.16 rows=1015 width=121)
	              Recheck Cond: ((id >= 8563379) AND (id <= 8564378))
	              ->  Bitmap Index Scan on sbtest8_pkey  (cost=0.00..30.58 rows=1015 width=0)
	                    Index Cond: ((id >= 8563379) AND (id <= 8564378))

for: sum_ranges
table 1 : explain SELECT SUM(k) FROM sbtest1 WHERE id BETWEEN 2680025 AND 2681024
	Aggregate  (cost=3616.99..3617.00 rows=1 width=8)
	  ->  Bitmap Heap Scan on sbtest1  (cost=29.99..3614.66 rows=932 width=4)
	        Recheck Cond: ((id >= 2680025) AND (id <= 2681024))
	        ->  Bitmap Index Scan on sbtest1_pkey  (cost=0.00..29.75 rows=932 width=0)
	              Index Cond: ((id >= 2680025) AND (id <= 2681024))

table 2 : explain SELECT SUM(k) FROM sbtest2 WHERE id BETWEEN 9296949 AND 9297948
	Aggregate  (cost=4078.83..4078.84 rows=1 width=8)
	  ->  Bitmap Heap Scan on sbtest2  (cost=31.24..4076.20 rows=1054 width=4)
	        Recheck Cond: ((id >= 9296949) AND (id <= 9297948))
	        ->  Bitmap Index Scan on sbtest2_pkey  (cost=0.00..30.97 rows=1054 width=0)
	              Index Cond: ((id >= 9296949) AND (id <= 9297948))

table 3 : explain SELECT SUM(k) FROM sbtest3 WHERE id BETWEEN 5890713 AND 5891712
	Aggregate  (cost=3717.12..3717.13 rows=1 width=8)
	  ->  Bitmap Heap Scan on sbtest3  (cost=30.25..3714.72 rows=958 width=4)
	        Recheck Cond: ((id >= 5890713) AND (id <= 5891712))
	        ->  Bitmap Index Scan on sbtest3_pkey  (cost=0.00..30.01 rows=958 width=0)
	              Index Cond: ((id >= 5890713) AND (id <= 5891712))

table 4 : explain SELECT SUM(k) FROM sbtest4 WHERE id BETWEEN 5865183 AND 5866182
	Aggregate  (cost=3977.59..3977.60 rows=1 width=8)
	  ->  Bitmap Heap Scan on sbtest4  (cost=30.96..3975.02 rows=1027 width=4)
	        Recheck Cond: ((id >= 5865183) AND (id <= 5866182))
	        ->  Bitmap Index Scan on sbtest4_pkey  (cost=0.00..30.70 rows=1027 width=0)
	              Index Cond: ((id >= 5865183) AND (id <= 5866182))

table 5 : explain SELECT SUM(k) FROM sbtest5 WHERE id BETWEEN 4625060 AND 4626059
	Aggregate  (cost=3763.20..3763.21 rows=1 width=8)
	  ->  Bitmap Heap Scan on sbtest5  (cost=30.37..3760.78 rows=969 width=4)
	        Recheck Cond: ((id >= 4625060) AND (id <= 4626059))
	        ->  Bitmap Index Scan on sbtest5_pkey  (cost=0.00..30.12 rows=969 width=0)
	              Index Cond: ((id >= 4625060) AND (id <= 4626059))

table 6 : explain SELECT SUM(k) FROM sbtest6 WHERE id BETWEEN 1074807 AND 1075806
	Aggregate  (cost=3820.99..3821.00 rows=1 width=8)
	  ->  Bitmap Heap Scan on sbtest6  (cost=30.53..3818.53 rows=985 width=4)
	        Recheck Cond: ((id >= 1074807) AND (id <= 1075806))
	        ->  Bitmap Index Scan on sbtest6_pkey  (cost=0.00..30.29 rows=985 width=0)
	              Index Cond: ((id >= 1074807) AND (id <= 1075806))

table 7 : explain SELECT SUM(k) FROM sbtest7 WHERE id BETWEEN 863589 AND 864588
	Aggregate  (cost=3611.72..3611.73 rows=1 width=8)
	  ->  Bitmap Heap Scan on sbtest7  (cost=29.96..3609.40 rows=929 width=4)
	        Recheck Cond: ((id >= 863589) AND (id <= 864588))
	        ->  Bitmap Index Scan on sbtest7_pkey  (cost=0.00..29.72 rows=929 width=0)
	              Index Cond: ((id >= 863589) AND (id <= 864588))

table 8 : explain SELECT SUM(k) FROM sbtest8 WHERE id BETWEEN 4738691 AND 4739690
	Aggregate  (cost=3870.48..3870.49 rows=1 width=8)
	  ->  Bitmap Heap Scan on sbtest8  (cost=30.66..3867.99 rows=998 width=4)
	        Recheck Cond: ((id >= 4738691) AND (id <= 4739690))
	        ->  Bitmap Index Scan on sbtest8_pkey  (cost=0.00..30.41 rows=998 width=0)
	              Index Cond: ((id >= 4738691) AND (id <= 4739690))

for: simple_ranges
table 1 : explain SELECT c FROM sbtest1 WHERE id BETWEEN 2288536 AND 2289535
	Bitmap Heap Scan on sbtest1  (cost=30.55..3822.26 rows=987 width=121)
	  Recheck Cond: ((id >= 2288536) AND (id <= 2289535))
	  ->  Bitmap Index Scan on sbtest1_pkey  (cost=0.00..30.30 rows=987 width=0)
	        Index Cond: ((id >= 2288536) AND (id <= 2289535))

table 2 : explain SELECT c FROM sbtest2 WHERE id BETWEEN 4045236 AND 4046235
	Bitmap Heap Scan on sbtest2  (cost=30.94..3966.96 rows=1025 width=121)
	  Recheck Cond: ((id >= 4045236) AND (id <= 4046235))
	  ->  Bitmap Index Scan on sbtest2_pkey  (cost=0.00..30.68 rows=1025 width=0)
	        Index Cond: ((id >= 4045236) AND (id <= 4046235))

table 3 : explain SELECT c FROM sbtest3 WHERE id BETWEEN 4820880 AND 4821879
	Bitmap Heap Scan on sbtest3  (cost=30.92..3960.01 rows=1023 width=121)
	  Recheck Cond: ((id >= 4820880) AND (id <= 4821879))
	  ->  Bitmap Index Scan on sbtest3_pkey  (cost=0.00..30.66 rows=1023 width=0)
	        Index Cond: ((id >= 4820880) AND (id <= 4821879))

table 4 : explain SELECT c FROM sbtest4 WHERE id BETWEEN 6208158 AND 6209157
	Bitmap Heap Scan on sbtest4  (cost=31.76..4268.62 rows=1105 width=121)
	  Recheck Cond: ((id >= 6208158) AND (id <= 6209157))
	  ->  Bitmap Index Scan on sbtest4_pkey  (cost=0.00..31.48 rows=1105 width=0)
	        Index Cond: ((id >= 6208158) AND (id <= 6209157))

table 5 : explain SELECT c FROM sbtest5 WHERE id BETWEEN 874652 AND 875651
	Bitmap Heap Scan on sbtest5  (cost=30.46..3794.83 rows=978 width=121)
	  Recheck Cond: ((id >= 874652) AND (id <= 875651))
	  ->  Bitmap Index Scan on sbtest5_pkey  (cost=0.00..30.21 rows=978 width=0)
	        Index Cond: ((id >= 874652) AND (id <= 875651))

table 6 : explain SELECT c FROM sbtest6 WHERE id BETWEEN 8996103 AND 8997102
	Bitmap Heap Scan on sbtest6  (cost=31.68..4240.79 rows=1097 width=121)
	  Recheck Cond: ((id >= 8996103) AND (id <= 8997102))
	  ->  Bitmap Index Scan on sbtest6_pkey  (cost=0.00..31.40 rows=1097 width=0)
	        Index Cond: ((id >= 8996103) AND (id <= 8997102))

table 7 : explain SELECT c FROM sbtest7 WHERE id BETWEEN 2152410 AND 2153409
	Bitmap Heap Scan on sbtest7  (cost=29.98..3616.97 rows=931 width=121)
	  Recheck Cond: ((id >= 2152410) AND (id <= 2153409))
	  ->  Bitmap Index Scan on sbtest7_pkey  (cost=0.00..29.75 rows=931 width=0)
	        Index Cond: ((id >= 2152410) AND (id <= 2153409))

table 8 : explain SELECT c FROM sbtest8 WHERE id BETWEEN 8909016 AND 8910015
	Bitmap Heap Scan on sbtest8  (cost=30.58..3837.77 rows=990 width=121)
	  Recheck Cond: ((id >= 8909016) AND (id <= 8910015))
	  ->  Bitmap Index Scan on sbtest8_pkey  (cost=0.00..30.33 rows=990 width=0)
	        Index Cond: ((id >= 8909016) AND (id <= 8910015))

for: distinct_ranges
table 1 : explain SELECT DISTINCT c FROM sbtest1 WHERE id BETWEEN 1097245 AND 1098244 ORDER BY c
	Unique  (cost=4104.63..4109.87 rows=1048 width=121)
	  ->  Sort  (cost=4104.63..4107.25 rows=1048 width=121)
	        Sort Key: c
	        ->  Bitmap Heap Scan on sbtest1  (cost=31.18..4052.06 rows=1048 width=121)
	              Recheck Cond: ((id >= 1097245) AND (id <= 1098244))
	              ->  Bitmap Index Scan on sbtest1_pkey  (cost=0.00..30.91 rows=1048 width=0)
	                    Index Cond: ((id >= 1097245) AND (id <= 1098244))

table 2 : explain SELECT DISTINCT c FROM sbtest2 WHERE id BETWEEN 4797524 AND 4798523 ORDER BY c
	Unique  (cost=3842.12..3847.01 rows=979 width=121)
	  ->  Sort  (cost=3842.12..3844.57 rows=979 width=121)
	        Sort Key: c
	        ->  Bitmap Heap Scan on sbtest2  (cost=30.47..3793.49 rows=979 width=121)
	              Recheck Cond: ((id >= 4797524) AND (id <= 4798523))
	              ->  Bitmap Index Scan on sbtest2_pkey  (cost=0.00..30.22 rows=979 width=0)
	                    Index Cond: ((id >= 4797524) AND (id <= 4798523))

table 3 : explain SELECT DISTINCT c FROM sbtest3 WHERE id BETWEEN 2700050 AND 2701049 ORDER BY c
	Unique  (cost=3796.67..3801.50 rows=967 width=121)
	  ->  Sort  (cost=3796.67..3799.08 rows=967 width=121)
	        Sort Key: c
	        ->  Bitmap Heap Scan on sbtest3  (cost=30.35..3748.72 rows=967 width=121)
	              Recheck Cond: ((id >= 2700050) AND (id <= 2701049))
	              ->  Bitmap Index Scan on sbtest3_pkey  (cost=0.00..30.11 rows=967 width=0)
	                    Index Cond: ((id >= 2700050) AND (id <= 2701049))

table 4 : explain SELECT DISTINCT c FROM sbtest4 WHERE id BETWEEN 734750 AND 735749 ORDER BY c
	Unique  (cost=4244.29..4249.71 rows=1084 width=121)
	  ->  Sort  (cost=4244.29..4247.00 rows=1084 width=121)
	        Sort Key: c
	        ->  Bitmap Heap Scan on sbtest4  (cost=31.55..4189.65 rows=1084 width=121)
	              Recheck Cond: ((id >= 734750) AND (id <= 735749))
	              ->  Bitmap Index Scan on sbtest4_pkey  (cost=0.00..31.27 rows=1084 width=0)
	                    Index Cond: ((id >= 734750) AND (id <= 735749))

table 5 : explain SELECT DISTINCT c FROM sbtest5 WHERE id BETWEEN 1624323 AND 1625322 ORDER BY c
	Unique  (cost=3770.44..3775.23 rows=959 width=121)
	  ->  Sort  (cost=3770.44..3772.84 rows=959 width=121)
	        Sort Key: c
	        ->  Bitmap Heap Scan on sbtest5  (cost=30.26..3722.94 rows=959 width=121)
	              Recheck Cond: ((id >= 1624323) AND (id <= 1625322))
	              ->  Bitmap Index Scan on sbtest5_pkey  (cost=0.00..30.02 rows=959 width=0)
	                    Index Cond: ((id >= 1624323) AND (id <= 1625322))

table 6 : explain SELECT DISTINCT c FROM sbtest6 WHERE id BETWEEN 8373103 AND 8374102 ORDER BY c
	Unique  (cost=3775.45..3780.25 rows=961 width=121)
	  ->  Sort  (cost=3775.45..3777.85 rows=961 width=121)
	        Sort Key: c
	        ->  Bitmap Heap Scan on sbtest6  (cost=30.29..3727.84 rows=961 width=121)
	              Recheck Cond: ((id >= 8373103) AND (id <= 8374102))
	              ->  Bitmap Index Scan on sbtest6_pkey  (cost=0.00..30.04 rows=961 width=0)
	                    Index Cond: ((id >= 8373103) AND (id <= 8374102))

table 7 : explain SELECT DISTINCT c FROM sbtest7 WHERE id BETWEEN 8994503 AND 8995502 ORDER BY c
	Unique  (cost=3904.87..3909.84 rows=994 width=121)
	  ->  Sort  (cost=3904.87..3907.35 rows=994 width=121)
	        Sort Key: c
	        ->  Bitmap Heap Scan on sbtest7  (cost=30.62..3855.38 rows=994 width=121)
	              Recheck Cond: ((id >= 8994503) AND (id <= 8995502))
	              ->  Bitmap Index Scan on sbtest7_pkey  (cost=0.00..30.37 rows=994 width=0)
	                    Index Cond: ((id >= 8994503) AND (id <= 8995502))

table 8 : explain SELECT DISTINCT c FROM sbtest8 WHERE id BETWEEN 8006740 AND 8007739 ORDER BY c
	Unique  (cost=3775.80..3780.60 rows=961 width=121)
	  ->  Sort  (cost=3775.80..3778.20 rows=961 width=121)
	        Sort Key: c
	        ->  Bitmap Heap Scan on sbtest8  (cost=30.29..3728.19 rows=961 width=121)
	              Recheck Cond: ((id >= 8006740) AND (id <= 8007739))
	              ->  Bitmap Index Scan on sbtest8_pkey  (cost=0.00..30.04 rows=961 width=0)
	                    Index Cond: ((id >= 8006740) AND (id <= 8007739))

for: simple_ranges
table 1 : explain SELECT c FROM sbtest1 WHERE id BETWEEN 2312045 AND 2313044
	Bitmap Heap Scan on sbtest1  (cost=30.55..3822.26 rows=987 width=121)
	  Recheck Cond: ((id >= 2312045) AND (id <= 2313044))
	  ->  Bitmap Index Scan on sbtest1_pkey  (cost=0.00..30.30 rows=987 width=0)
	        Index Cond: ((id >= 2312045) AND (id <= 2313044))

table 2 : explain SELECT c FROM sbtest2 WHERE id BETWEEN 9740201 AND 9741200
	Bitmap Heap Scan on sbtest2  (cost=32.00..4350.72 rows=1128 width=121)
	  Recheck Cond: ((id >= 9740201) AND (id <= 9741200))
	  ->  Bitmap Index Scan on sbtest2_pkey  (cost=0.00..31.71 rows=1128 width=0)
	        Index Cond: ((id >= 9740201) AND (id <= 9741200))

table 3 : explain SELECT c FROM sbtest3 WHERE id BETWEEN 3318352 AND 3319351
	Bitmap Heap Scan on sbtest3  (cost=30.64..3858.18 rows=996 width=121)
	  Recheck Cond: ((id >= 3318352) AND (id <= 3319351))
	  ->  Bitmap Index Scan on sbtest3_pkey  (cost=0.00..30.39 rows=996 width=0)
	        Index Cond: ((id >= 3318352) AND (id <= 3319351))

table 4 : explain SELECT c FROM sbtest4 WHERE id BETWEEN 1679424 AND 1680423
	Bitmap Heap Scan on sbtest4  (cost=30.70..3876.99 rows=1001 width=121)
	  Recheck Cond: ((id >= 1679424) AND (id <= 1680423))
	  ->  Bitmap Index Scan on sbtest4_pkey  (cost=0.00..30.44 rows=1001 width=0)
	        Index Cond: ((id >= 1679424) AND (id <= 1680423))

table 5 : explain SELECT c FROM sbtest5 WHERE id BETWEEN 6348171 AND 6349170
	Bitmap Heap Scan on sbtest5  (cost=31.56..4198.82 rows=1085 width=121)
	  Recheck Cond: ((id >= 6348171) AND (id <= 6349170))
	  ->  Bitmap Index Scan on sbtest5_pkey  (cost=0.00..31.29 rows=1085 width=0)
	        Index Cond: ((id >= 6348171) AND (id <= 6349170))

table 6 : explain SELECT c FROM sbtest6 WHERE id BETWEEN 8165833 AND 8166832
	Bitmap Heap Scan on sbtest6  (cost=31.30..4101.46 rows=1060 width=121)
	  Recheck Cond: ((id >= 8165833) AND (id <= 8166832))
	  ->  Bitmap Index Scan on sbtest6_pkey  (cost=0.00..31.04 rows=1060 width=0)
	        Index Cond: ((id >= 8165833) AND (id <= 8166832))

table 7 : explain SELECT c FROM sbtest7 WHERE id BETWEEN 7456439 AND 7457438
	Bitmap Heap Scan on sbtest7  (cost=30.79..3915.85 rows=1010 width=121)
	  Recheck Cond: ((id >= 7456439) AND (id <= 7457438))
	  ->  Bitmap Index Scan on sbtest7_pkey  (cost=0.00..30.54 rows=1010 width=0)
	        Index Cond: ((id >= 7456439) AND (id <= 7457438))

table 8 : explain SELECT c FROM sbtest8 WHERE id BETWEEN 3844526 AND 3845525
	Bitmap Heap Scan on sbtest8  (cost=30.61..3849.10 rows=993 width=121)
	  Recheck Cond: ((id >= 3844526) AND (id <= 3845525))
	  ->  Bitmap Index Scan on sbtest8_pkey  (cost=0.00..30.36 rows=993 width=0)
	        Index Cond: ((id >= 3844526) AND (id <= 3845525))

for: sum_ranges
table 1 : explain SELECT SUM(k) FROM sbtest1 WHERE id BETWEEN 1137280 AND 1138279
	Aggregate  (cost=4054.68..4054.69 rows=1 width=8)
	  ->  Bitmap Heap Scan on sbtest1  (cost=31.18..4052.06 rows=1048 width=4)
	        Recheck Cond: ((id >= 1137280) AND (id <= 1138279))
	        ->  Bitmap Index Scan on sbtest1_pkey  (cost=0.00..30.91 rows=1048 width=0)
	              Index Cond: ((id >= 1137280) AND (id <= 1138279))

table 2 : explain SELECT SUM(k) FROM sbtest2 WHERE id BETWEEN 8357617 AND 8358616
	Aggregate  (cost=3652.32..3652.33 rows=1 width=8)
	  ->  Bitmap Heap Scan on sbtest2  (cost=30.08..3649.97 rows=941 width=4)
	        Recheck Cond: ((id >= 8357617) AND (id <= 8358616))
	        ->  Bitmap Index Scan on sbtest2_pkey  (cost=0.00..29.84 rows=941 width=0)
	              Index Cond: ((id >= 8357617) AND (id <= 8358616))

table 3 : explain SELECT SUM(k) FROM sbtest3 WHERE id BETWEEN 2285875 AND 2286874
	Aggregate  (cost=3875.77..3875.78 rows=1 width=8)
	  ->  Bitmap Heap Scan on sbtest3  (cost=30.68..3873.27 rows=1000 width=4)
	        Recheck Cond: ((id >= 2285875) AND (id <= 2286874))
	        ->  Bitmap Index Scan on sbtest3_pkey  (cost=0.00..30.43 rows=1000 width=0)
	              Index Cond: ((id >= 2285875) AND (id <= 2286874))

table 4 : explain SELECT SUM(k) FROM sbtest4 WHERE id BETWEEN 3739948 AND 3740947
	Aggregate  (cost=3803.97..3803.98 rows=1 width=8)
	  ->  Bitmap Heap Scan on sbtest4  (cost=30.49..3801.52 rows=981 width=4)
	        Recheck Cond: ((id >= 3739948) AND (id <= 3740947))
	        ->  Bitmap Index Scan on sbtest4_pkey  (cost=0.00..30.25 rows=981 width=0)
	              Index Cond: ((id >= 3739948) AND (id <= 3740947))

table 5 : explain SELECT SUM(k) FROM sbtest5 WHERE id BETWEEN 6796287 AND 6797286
	Aggregate  (cost=4216.62..4216.63 rows=1 width=8)
	  ->  Bitmap Heap Scan on sbtest5  (cost=31.60..4213.90 rows=1089 width=4)
	        Recheck Cond: ((id >= 6796287) AND (id <= 6797286))
	        ->  Bitmap Index Scan on sbtest5_pkey  (cost=0.00..31.32 rows=1089 width=0)
	              Index Cond: ((id >= 6796287) AND (id <= 6797286))

table 6 : explain SELECT SUM(k) FROM sbtest6 WHERE id BETWEEN 2636037 AND 2637036
	Aggregate  (cost=4028.68..4028.69 rows=1 width=8)
	  ->  Bitmap Heap Scan on sbtest6  (cost=31.09..4026.08 rows=1040 width=4)
	        Recheck Cond: ((id >= 2636037) AND (id <= 2637036))
	        ->  Bitmap Index Scan on sbtest6_pkey  (cost=0.00..30.83 rows=1040 width=0)
	              Index Cond: ((id >= 2636037) AND (id <= 2637036))

table 7 : explain SELECT SUM(k) FROM sbtest7 WHERE id BETWEEN 2860530 AND 2861529
	Aggregate  (cost=4186.51..4186.52 rows=1 width=8)
	  ->  Bitmap Heap Scan on sbtest7  (cost=31.52..4183.81 rows=1081 width=4)
	        Recheck Cond: ((id >= 2860530) AND (id <= 2861529))
	        ->  Bitmap Index Scan on sbtest7_pkey  (cost=0.00..31.25 rows=1081 width=0)
	              Index Cond: ((id >= 2860530) AND (id <= 2861529))

table 8 : explain SELECT SUM(k) FROM sbtest8 WHERE id BETWEEN 1231827 AND 1232826
	Aggregate  (cost=3783.54..3783.55 rows=1 width=8)
	  ->  Bitmap Heap Scan on sbtest8  (cost=30.43..3781.10 rows=975 width=4)
	        Recheck Cond: ((id >= 1231827) AND (id <= 1232826))
	        ->  Bitmap Index Scan on sbtest8_pkey  (cost=0.00..30.18 rows=975 width=0)
	              Index Cond: ((id >= 1231827) AND (id <= 1232826))

for: order_ranges
table 1 : explain SELECT c FROM sbtest1 WHERE id BETWEEN 3557895 AND 3558894 ORDER BY c
	Sort  (cost=3741.13..3743.51 rows=953 width=121)
	  Sort Key: c
	  ->  Bitmap Heap Scan on sbtest1  (cost=30.20..3693.97 rows=953 width=121)
	        Recheck Cond: ((id >= 3557895) AND (id <= 3558894))
	        ->  Bitmap Index Scan on sbtest1_pkey  (cost=0.00..29.96 rows=953 width=0)
	              Index Cond: ((id >= 3557895) AND (id <= 3558894))

table 2 : explain SELECT c FROM sbtest2 WHERE id BETWEEN 9118532 AND 9119531 ORDER BY c
	Sort  (cost=4117.65..4120.28 rows=1051 width=121)
	  Sort Key: c
	  ->  Bitmap Heap Scan on sbtest2  (cost=31.21..4064.90 rows=1051 width=121)
	        Recheck Cond: ((id >= 9118532) AND (id <= 9119531))
	        ->  Bitmap Index Scan on sbtest2_pkey  (cost=0.00..30.94 rows=1051 width=0)
	              Index Cond: ((id >= 9118532) AND (id <= 9119531))

table 3 : explain SELECT c FROM sbtest3 WHERE id BETWEEN 9165246 AND 9166245 ORDER BY c
	Sort  (cost=3984.36..3986.90 rows=1016 width=121)
	  Sort Key: c
	  ->  Bitmap Heap Scan on sbtest3  (cost=30.85..3933.62 rows=1016 width=121)
	        Recheck Cond: ((id >= 9165246) AND (id <= 9166245))
	        ->  Bitmap Index Scan on sbtest3_pkey  (cost=0.00..30.59 rows=1016 width=0)
	              Index Cond: ((id >= 9165246) AND (id <= 9166245))

table 4 : explain SELECT c FROM sbtest4 WHERE id BETWEEN 2231677 AND 2232676 ORDER BY c
	Sort  (cost=3700.58..3702.93 rows=943 width=121)
	  Sort Key: c
	  ->  Bitmap Heap Scan on sbtest4  (cost=26.10..3653.99 rows=943 width=121)
	        Recheck Cond: ((id >= 2231677) AND (id <= 2232676))
	        ->  Bitmap Index Scan on sbtest4_pkey  (cost=0.00..25.86 rows=943 width=0)
	              Index Cond: ((id >= 2231677) AND (id <= 2232676))

table 5 : explain SELECT c FROM sbtest5 WHERE id BETWEEN 2583017 AND 2584016 ORDER BY c
	Sort  (cost=3716.65..3719.01 rows=945 width=121)
	  Sort Key: c
	  ->  Bitmap Heap Scan on sbtest5  (cost=30.12..3669.95 rows=945 width=121)
	        Recheck Cond: ((id >= 2583017) AND (id <= 2584016))
	        ->  Bitmap Index Scan on sbtest5_pkey  (cost=0.00..29.89 rows=945 width=0)
	              Index Cond: ((id >= 2583017) AND (id <= 2584016))

table 6 : explain SELECT c FROM sbtest6 WHERE id BETWEEN 6727068 AND 6728067 ORDER BY c
	Sort  (cost=3890.50..3892.98 rows=991 width=121)
	  Sort Key: c
	  ->  Bitmap Heap Scan on sbtest6  (cost=30.59..3841.19 rows=991 width=121)
	        Recheck Cond: ((id >= 6727068) AND (id <= 6728067))
	        ->  Bitmap Index Scan on sbtest6_pkey  (cost=0.00..30.34 rows=991 width=0)
	              Index Cond: ((id >= 6727068) AND (id <= 6728067))

table 7 : explain SELECT c FROM sbtest7 WHERE id BETWEEN 7698970 AND 7699969 ORDER BY c
	Sort  (cost=3720.54..3722.91 rows=946 width=121)
	  Sort Key: c
	  ->  Bitmap Heap Scan on sbtest7  (cost=30.13..3673.78 rows=946 width=121)
	        Recheck Cond: ((id >= 7698970) AND (id <= 7699969))
	        ->  Bitmap Index Scan on sbtest7_pkey  (cost=0.00..29.89 rows=946 width=0)
	              Index Cond: ((id >= 7698970) AND (id <= 7699969))

table 8 : explain SELECT c FROM sbtest8 WHERE id BETWEEN 1736490 AND 1737489 ORDER BY c
	Sort  (cost=4113.04..4115.66 rows=1049 width=121)
	  Sort Key: c
	  ->  Bitmap Heap Scan on sbtest8  (cost=31.19..4060.40 rows=1049 width=121)
	        Recheck Cond: ((id >= 1736490) AND (id <= 1737489))
	        ->  Bitmap Index Scan on sbtest8_pkey  (cost=0.00..30.93 rows=1049 width=0)
	              Index Cond: ((id >= 1736490) AND (id <= 1737489))

for: sum_ranges
table 1 : explain SELECT SUM(k) FROM sbtest1 WHERE id BETWEEN 4398398 AND 4399397
	Aggregate  (cost=3786.99..3787.00 rows=1 width=8)
	  ->  Bitmap Heap Scan on sbtest1  (cost=30.45..3784.54 rows=977 width=4)
	        Recheck Cond: ((id >= 4398398) AND (id <= 4399397))
	        ->  Bitmap Index Scan on sbtest1_pkey  (cost=0.00..30.20 rows=977 width=0)
	              Index Cond: ((id >= 4398398) AND (id <= 4399397))

table 2 : explain SELECT SUM(k) FROM sbtest2 WHERE id BETWEEN 987673 AND 988672
	Aggregate  (cost=3746.82..3746.83 rows=1 width=8)
	  ->  Bitmap Heap Scan on sbtest2  (cost=30.34..3744.41 rows=966 width=4)
	        Recheck Cond: ((id >= 987673) AND (id <= 988672))
	        ->  Bitmap Index Scan on sbtest2_pkey  (cost=0.00..30.09 rows=966 width=0)
	              Index Cond: ((id >= 987673) AND (id <= 988672))

table 3 : explain SELECT SUM(k) FROM sbtest3 WHERE id BETWEEN 5372635 AND 5373634
	Aggregate  (cost=3383.74..3383.75 rows=1 width=8)
	  ->  Bitmap Heap Scan on sbtest3  (cost=25.36..3381.56 rows=871 width=4)
	        Recheck Cond: ((id >= 5372635) AND (id <= 5373634))
	        ->  Bitmap Index Scan on sbtest3_pkey  (cost=0.00..25.14 rows=871 width=0)
	              Index Cond: ((id >= 5372635) AND (id <= 5373634))

table 4 : explain SELECT SUM(k) FROM sbtest4 WHERE id BETWEEN 773307 AND 774306
	Aggregate  (cost=4192.36..4192.37 rows=1 width=8)
	  ->  Bitmap Heap Scan on sbtest4  (cost=31.55..4189.65 rows=1084 width=4)
	        Recheck Cond: ((id >= 773307) AND (id <= 774306))
	        ->  Bitmap Index Scan on sbtest4_pkey  (cost=0.00..31.27 rows=1084 width=0)
	              Index Cond: ((id >= 773307) AND (id <= 774306))

table 5 : explain SELECT SUM(k) FROM sbtest5 WHERE id BETWEEN 5101424 AND 5102423
	Aggregate  (cost=4250.56..4250.57 rows=1 width=8)
	  ->  Bitmap Heap Scan on sbtest5  (cost=31.69..4247.81 rows=1098 width=4)
	        Recheck Cond: ((id >= 5101424) AND (id <= 5102423))
	        ->  Bitmap Index Scan on sbtest5_pkey  (cost=0.00..31.41 rows=1098 width=0)
	              Index Cond: ((id >= 5101424) AND (id <= 5102423))

table 6 : explain SELECT SUM(k) FROM sbtest6 WHERE id BETWEEN 2689460 AND 2690459
	Aggregate  (cost=3987.17..3987.18 rows=1 width=8)
	  ->  Bitmap Heap Scan on sbtest6  (cost=30.98..3984.60 rows=1029 width=4)
	        Recheck Cond: ((id >= 2689460) AND (id <= 2690459))
	        ->  Bitmap Index Scan on sbtest6_pkey  (cost=0.00..30.72 rows=1029 width=0)
	              Index Cond: ((id >= 2689460) AND (id <= 2690459))

table 7 : explain SELECT SUM(k) FROM sbtest7 WHERE id BETWEEN 1597057 AND 1598056
	Aggregate  (cost=4137.46..4137.47 rows=1 width=8)
	  ->  Bitmap Heap Scan on sbtest7  (cost=31.38..4134.79 rows=1068 width=4)
	        Recheck Cond: ((id >= 1597057) AND (id <= 1598056))
	        ->  Bitmap Index Scan on sbtest7_pkey  (cost=0.00..31.11 rows=1068 width=0)
	              Index Cond: ((id >= 1597057) AND (id <= 1598056))

table 8 : explain SELECT SUM(k) FROM sbtest8 WHERE id BETWEEN 6377519 AND 6378518
	Aggregate  (cost=3715.46..3715.47 rows=1 width=8)
	  ->  Bitmap Heap Scan on sbtest8  (cost=30.24..3713.06 rows=957 width=4)
	        Recheck Cond: ((id >= 6377519) AND (id <= 6378518))
	        ->  Bitmap Index Scan on sbtest8_pkey  (cost=0.00..30.00 rows=957 width=0)
	              Index Cond: ((id >= 6377519) AND (id <= 6378518))

for: sum_ranges
table 1 : explain SELECT SUM(k) FROM sbtest1 WHERE id BETWEEN 5869263 AND 5870262
	Aggregate  (cost=3847.37..3847.38 rows=1 width=8)
	  ->  Bitmap Heap Scan on sbtest1  (cost=30.61..3844.88 rows=993 width=4)
	        Recheck Cond: ((id >= 5869263) AND (id <= 5870262))
	        ->  Bitmap Index Scan on sbtest1_pkey  (cost=0.00..30.36 rows=993 width=0)
	              Index Cond: ((id >= 5869263) AND (id <= 5870262))

table 2 : explain SELECT SUM(k) FROM sbtest2 WHERE id BETWEEN 6730449 AND 6731448
	Aggregate  (cost=3478.02..3478.03 rows=1 width=8)
	  ->  Bitmap Heap Scan on sbtest2  (cost=25.62..3475.78 rows=896 width=4)
	        Recheck Cond: ((id >= 6730449) AND (id <= 6731448))
	        ->  Bitmap Index Scan on sbtest2_pkey  (cost=0.00..25.39 rows=896 width=0)
	              Index Cond: ((id >= 6730449) AND (id <= 6731448))

table 3 : explain SELECT SUM(k) FROM sbtest3 WHERE id BETWEEN 3192033 AND 3193032
	Aggregate  (cost=4015.36..4015.37 rows=1 width=8)
	  ->  Bitmap Heap Scan on sbtest3  (cost=31.06..4012.77 rows=1037 width=4)
	        Recheck Cond: ((id >= 3192033) AND (id <= 3193032))
	        ->  Bitmap Index Scan on sbtest3_pkey  (cost=0.00..30.80 rows=1037 width=0)
	              Index Cond: ((id >= 3192033) AND (id <= 3193032))

table 4 : explain SELECT SUM(k) FROM sbtest4 WHERE id BETWEEN 8049948 AND 8050947
	Aggregate  (cost=4120.81..4120.82 rows=1 width=8)
	  ->  Bitmap Heap Scan on sbtest4  (cost=31.35..4118.15 rows=1065 width=4)
	        Recheck Cond: ((id >= 8049948) AND (id <= 8050947))
	        ->  Bitmap Index Scan on sbtest4_pkey  (cost=0.00..31.08 rows=1065 width=0)
	              Index Cond: ((id >= 8049948) AND (id <= 8050947))

table 5 : explain SELECT SUM(k) FROM sbtest5 WHERE id BETWEEN 6344872 AND 6345871
	Aggregate  (cost=4201.54..4201.55 rows=1 width=8)
	  ->  Bitmap Heap Scan on sbtest5  (cost=31.56..4198.82 rows=1085 width=4)
	        Recheck Cond: ((id >= 6344872) AND (id <= 6345871))
	        ->  Bitmap Index Scan on sbtest5_pkey  (cost=0.00..31.29 rows=1085 width=0)
	              Index Cond: ((id >= 6344872) AND (id <= 6345871))

table 6 : explain SELECT SUM(k) FROM sbtest6 WHERE id BETWEEN 8094960 AND 8095959
	Aggregate  (cost=3820.99..3821.00 rows=1 width=8)
	  ->  Bitmap Heap Scan on sbtest6  (cost=30.53..3818.53 rows=985 width=4)
	        Recheck Cond: ((id >= 8094960) AND (id <= 8095959))
	        ->  Bitmap Index Scan on sbtest6_pkey  (cost=0.00..30.29 rows=985 width=0)
	              Index Cond: ((id >= 8094960) AND (id <= 8095959))

table 7 : explain SELECT SUM(k) FROM sbtest7 WHERE id BETWEEN 5821819 AND 5822818
	Aggregate  (cost=3944.84..3944.85 rows=1 width=8)
	  ->  Bitmap Heap Scan on sbtest7  (cost=30.86..3942.30 rows=1017 width=4)
	        Recheck Cond: ((id >= 5821819) AND (id <= 5822818))
	        ->  Bitmap Index Scan on sbtest7_pkey  (cost=0.00..30.61 rows=1017 width=0)
	              Index Cond: ((id >= 5821819) AND (id <= 5822818))

table 8 : explain SELECT SUM(k) FROM sbtest8 WHERE id BETWEEN 9917807 AND 9918806
	Aggregate  (cost=3866.70..3866.71 rows=1 width=8)
	  ->  Bitmap Heap Scan on sbtest8  (cost=30.65..3864.21 rows=997 width=4)
	        Recheck Cond: ((id >= 9917807) AND (id <= 9918806))
	        ->  Bitmap Index Scan on sbtest8_pkey  (cost=0.00..30.40 rows=997 width=0)
	              Index Cond: ((id >= 9917807) AND (id <= 9918806))

for: sum_ranges
table 1 : explain SELECT SUM(k) FROM sbtest1 WHERE id BETWEEN 2988546 AND 2989545
	Aggregate  (cost=3971.80..3971.81 rows=1 width=8)
	  ->  Bitmap Heap Scan on sbtest1  (cost=30.95..3969.23 rows=1026 width=4)
	        Recheck Cond: ((id >= 2988546) AND (id <= 2989545))
	        ->  Bitmap Index Scan on sbtest1_pkey  (cost=0.00..30.69 rows=1026 width=0)
	              Index Cond: ((id >= 2988546) AND (id <= 2989545))

table 2 : explain SELECT SUM(k) FROM sbtest2 WHERE id BETWEEN 2606181 AND 2607180
	Aggregate  (cost=4127.79..4127.80 rows=1 width=8)
	  ->  Bitmap Heap Scan on sbtest2  (cost=31.37..4125.13 rows=1067 width=4)
	        Recheck Cond: ((id >= 2606181) AND (id <= 2607180))
	        ->  Bitmap Index Scan on sbtest2_pkey  (cost=0.00..31.11 rows=1067 width=0)
	              Index Cond: ((id >= 2606181) AND (id <= 2607180))

table 3 : explain SELECT SUM(k) FROM sbtest3 WHERE id BETWEEN 4767561 AND 4768560
	Aggregate  (cost=3800.25..3800.26 rows=1 width=8)
	  ->  Bitmap Heap Scan on sbtest3  (cost=30.48..3797.80 rows=980 width=4)
	        Recheck Cond: ((id >= 4767561) AND (id <= 4768560))
	        ->  Bitmap Index Scan on sbtest3_pkey  (cost=0.00..30.23 rows=980 width=0)
	              Index Cond: ((id >= 4767561) AND (id <= 4768560))

table 4 : explain SELECT SUM(k) FROM sbtest4 WHERE id BETWEEN 1533109 AND 1534108
	Aggregate  (cost=3830.41..3830.42 rows=1 width=8)
	  ->  Bitmap Heap Scan on sbtest4  (cost=30.56..3827.94 rows=988 width=4)
	        Recheck Cond: ((id >= 1533109) AND (id <= 1534108))
	        ->  Bitmap Index Scan on sbtest4_pkey  (cost=0.00..30.32 rows=988 width=0)
	              Index Cond: ((id >= 1533109) AND (id <= 1534108))

table 5 : explain SELECT SUM(k) FROM sbtest5 WHERE id BETWEEN 5244358 AND 5245357
	Aggregate  (cost=4152.49..4152.50 rows=1 width=8)
	  ->  Bitmap Heap Scan on sbtest5  (cost=31.42..4149.81 rows=1072 width=4)
	        Recheck Cond: ((id >= 5244358) AND (id <= 5245357))
	        ->  Bitmap Index Scan on sbtest5_pkey  (cost=0.00..31.15 rows=1072 width=0)
	              Index Cond: ((id >= 5244358) AND (id <= 5245357))

table 6 : explain SELECT SUM(k) FROM sbtest6 WHERE id BETWEEN 8365333 AND 8366332
	Aggregate  (cost=3730.24..3730.25 rows=1 width=8)
	  ->  Bitmap Heap Scan on sbtest6  (cost=30.29..3727.84 rows=961 width=4)
	        Recheck Cond: ((id >= 8365333) AND (id <= 8366332))
	        ->  Bitmap Index Scan on sbtest6_pkey  (cost=0.00..30.04 rows=961 width=0)
	              Index Cond: ((id >= 8365333) AND (id <= 8366332))

table 7 : explain SELECT SUM(k) FROM sbtest7 WHERE id BETWEEN 8609450 AND 8610449
	Aggregate  (cost=3657.20..3657.21 rows=1 width=8)
	  ->  Bitmap Heap Scan on sbtest7  (cost=30.08..3654.85 rows=941 width=4)
	        Recheck Cond: ((id >= 8609450) AND (id <= 8610449))
	        ->  Bitmap Index Scan on sbtest7_pkey  (cost=0.00..29.84 rows=941 width=0)
	              Index Cond: ((id >= 8609450) AND (id <= 8610449))

table 8 : explain SELECT SUM(k) FROM sbtest8 WHERE id BETWEEN 8712179 AND 8713178
	Aggregate  (cost=3590.52..3590.53 rows=1 width=8)
	  ->  Bitmap Heap Scan on sbtest8  (cost=29.91..3588.21 rows=924 width=4)
	        Recheck Cond: ((id >= 8712179) AND (id <= 8713178))
	        ->  Bitmap Index Scan on sbtest8_pkey  (cost=0.00..29.68 rows=924 width=0)
	              Index Cond: ((id >= 8712179) AND (id <= 8713178))

for: sum_ranges
table 1 : explain SELECT SUM(k) FROM sbtest1 WHERE id BETWEEN 2870624 AND 2871623
	Aggregate  (cost=3960.49..3960.50 rows=1 width=8)
	  ->  Bitmap Heap Scan on sbtest1  (cost=30.92..3957.93 rows=1023 width=4)
	        Recheck Cond: ((id >= 2870624) AND (id <= 2871623))
	        ->  Bitmap Index Scan on sbtest1_pkey  (cost=0.00..30.66 rows=1023 width=0)
	              Index Cond: ((id >= 2870624) AND (id <= 2871623))

table 2 : explain SELECT SUM(k) FROM sbtest2 WHERE id BETWEEN 9379467 AND 9380466
	Aggregate  (cost=3901.63..3901.64 rows=1 width=8)
	  ->  Bitmap Heap Scan on sbtest2  (cost=30.76..3899.11 rows=1007 width=4)
	        Recheck Cond: ((id >= 9379467) AND (id <= 9380466))
	        ->  Bitmap Index Scan on sbtest2_pkey  (cost=0.00..30.50 rows=1007 width=0)
	              Index Cond: ((id >= 9379467) AND (id <= 9380466))

table 3 : explain SELECT SUM(k) FROM sbtest3 WHERE id BETWEEN 5438554 AND 5439553
	Aggregate  (cost=3383.74..3383.75 rows=1 width=8)
	  ->  Bitmap Heap Scan on sbtest3  (cost=25.36..3381.56 rows=871 width=4)
	        Recheck Cond: ((id >= 5438554) AND (id <= 5439553))
	        ->  Bitmap Index Scan on sbtest3_pkey  (cost=0.00..25.14 rows=871 width=0)
	              Index Cond: ((id >= 5438554) AND (id <= 5439553))

table 4 : explain SELECT SUM(k) FROM sbtest4 WHERE id BETWEEN 636367 AND 637366
	Aggregate  (cost=4132.11..4132.12 rows=1 width=8)
	  ->  Bitmap Heap Scan on sbtest4  (cost=31.38..4129.44 rows=1068 width=4)
	        Recheck Cond: ((id >= 636367) AND (id <= 637366))
	        ->  Bitmap Index Scan on sbtest4_pkey  (cost=0.00..31.11 rows=1068 width=0)
	              Index Cond: ((id >= 636367) AND (id <= 637366))

table 5 : explain SELECT SUM(k) FROM sbtest5 WHERE id BETWEEN 5010128 AND 5011127
	Aggregate  (cost=3440.75..3440.76 rows=1 width=8)
	  ->  Bitmap Heap Scan on sbtest5  (cost=25.51..3438.53 rows=885 width=4)
	        Recheck Cond: ((id >= 5010128) AND (id <= 5011127))
	        ->  Bitmap Index Scan on sbtest5_pkey  (cost=0.00..25.29 rows=885 width=0)
	              Index Cond: ((id >= 5010128) AND (id <= 5011127))

table 6 : explain SELECT SUM(k) FROM sbtest6 WHERE id BETWEEN 9971280 AND 9972279
	Aggregate  (cost=3779.41..3779.42 rows=1 width=8)
	  ->  Bitmap Heap Scan on sbtest6  (cost=30.42..3776.97 rows=974 width=4)
	        Recheck Cond: ((id >= 9971280) AND (id <= 9972279))
	        ->  Bitmap Index Scan on sbtest6_pkey  (cost=0.00..30.18 rows=974 width=0)
	              Index Cond: ((id >= 9971280) AND (id <= 9972279))

table 7 : explain SELECT SUM(k) FROM sbtest7 WHERE id BETWEEN 3966830 AND 3967829
	Aggregate  (cost=4058.18..4058.19 rows=1 width=8)
	  ->  Bitmap Heap Scan on sbtest7  (cost=31.17..4055.57 rows=1047 width=4)
	        Recheck Cond: ((id >= 3966830) AND (id <= 3967829))
	        ->  Bitmap Index Scan on sbtest7_pkey  (cost=0.00..30.90 rows=1047 width=0)
	              Index Cond: ((id >= 3966830) AND (id <= 3967829))

table 8 : explain SELECT SUM(k) FROM sbtest8 WHERE id BETWEEN 6571737 AND 6572736
	Aggregate  (cost=3772.20..3772.21 rows=1 width=8)
	  ->  Bitmap Heap Scan on sbtest8  (cost=30.40..3769.77 rows=972 width=4)
	        Recheck Cond: ((id >= 6571737) AND (id <= 6572736))
	        ->  Bitmap Index Scan on sbtest8_pkey  (cost=0.00..30.15 rows=972 width=0)
	              Index Cond: ((id >= 6571737) AND (id <= 6572736))

for: simple_ranges
table 1 : explain SELECT c FROM sbtest1 WHERE id BETWEEN 8849774 AND 8850773
	Bitmap Heap Scan on sbtest1  (cost=30.31..3731.72 rows=963 width=121)
	  Recheck Cond: ((id >= 8849774) AND (id <= 8850773))
	  ->  Bitmap Index Scan on sbtest1_pkey  (cost=0.00..30.07 rows=963 width=0)
	        Index Cond: ((id >= 8849774) AND (id <= 8850773))

table 2 : explain SELECT c FROM sbtest2 WHERE id BETWEEN 9340504 AND 9341503
	Bitmap Heap Scan on sbtest2  (cost=30.76..3899.11 rows=1007 width=121)
	  Recheck Cond: ((id >= 9340504) AND (id <= 9341503))
	  ->  Bitmap Index Scan on sbtest2_pkey  (cost=0.00..30.50 rows=1007 width=0)
	        Index Cond: ((id >= 9340504) AND (id <= 9341503))

table 3 : explain SELECT c FROM sbtest3 WHERE id BETWEEN 9816756 AND 9817755
	Bitmap Heap Scan on sbtest3  (cost=30.94..3967.54 rows=1025 width=121)
	  Recheck Cond: ((id >= 9816756) AND (id <= 9817755))
	  ->  Bitmap Index Scan on sbtest3_pkey  (cost=0.00..30.68 rows=1025 width=0)
	        Index Cond: ((id >= 9816756) AND (id <= 9817755))

table 4 : explain SELECT c FROM sbtest4 WHERE id BETWEEN 5887973 AND 5888972
	Bitmap Heap Scan on sbtest4  (cost=30.96..3975.02 rows=1027 width=121)
	  Recheck Cond: ((id >= 5887973) AND (id <= 5888972))
	  ->  Bitmap Index Scan on sbtest4_pkey  (cost=0.00..30.70 rows=1027 width=0)
	        Index Cond: ((id >= 5887973) AND (id <= 5888972))

table 5 : explain SELECT c FROM sbtest5 WHERE id BETWEEN 4350550 AND 4351549
	Bitmap Heap Scan on sbtest5  (cost=31.21..4070.60 rows=1051 width=121)
	  Recheck Cond: ((id >= 4350550) AND (id <= 4351549))
	  ->  Bitmap Index Scan on sbtest5_pkey  (cost=0.00..30.94 rows=1051 width=0)
	        Index Cond: ((id >= 4350550) AND (id <= 4351549))

table 6 : explain SELECT c FROM sbtest6 WHERE id BETWEEN 1915571 AND 1916570
	Bitmap Heap Scan on sbtest6  (cost=30.09..3655.99 rows=942 width=121)
	  Recheck Cond: ((id >= 1915571) AND (id <= 1916570))
	  ->  Bitmap Index Scan on sbtest6_pkey  (cost=0.00..29.86 rows=942 width=0)
	        Index Cond: ((id >= 1915571) AND (id <= 1916570))

table 7 : explain SELECT c FROM sbtest7 WHERE id BETWEEN 3508416 AND 3509415
	Bitmap Heap Scan on sbtest7  (cost=31.24..4081.98 rows=1054 width=121)
	  Recheck Cond: ((id >= 3508416) AND (id <= 3509415))
	  ->  Bitmap Index Scan on sbtest7_pkey  (cost=0.00..30.97 rows=1054 width=0)
	        Index Cond: ((id >= 3508416) AND (id <= 3509415))

table 8 : explain SELECT c FROM sbtest8 WHERE id BETWEEN 2873048 AND 2874047
	Bitmap Heap Scan on sbtest8  (cost=31.08..4022.70 rows=1039 width=121)
	  Recheck Cond: ((id >= 2873048) AND (id <= 2874047))
	  ->  Bitmap Index Scan on sbtest8_pkey  (cost=0.00..30.82 rows=1039 width=0)
	        Index Cond: ((id >= 2873048) AND (id <= 2874047))

for: sum_ranges
table 1 : explain SELECT SUM(k) FROM sbtest1 WHERE id BETWEEN 3550450 AND 3551449
	Aggregate  (cost=3696.35..3696.36 rows=1 width=8)
	  ->  Bitmap Heap Scan on sbtest1  (cost=30.20..3693.97 rows=953 width=4)
	        Recheck Cond: ((id >= 3550450) AND (id <= 3551449))
	        ->  Bitmap Index Scan on sbtest1_pkey  (cost=0.00..29.96 rows=953 width=0)
	              Index Cond: ((id >= 3550450) AND (id <= 3551449))

table 2 : explain SELECT SUM(k) FROM sbtest2 WHERE id BETWEEN 5264794 AND 5265793
	Aggregate  (cost=3875.22..3875.23 rows=1 width=8)
	  ->  Bitmap Heap Scan on sbtest2  (cost=30.68..3872.72 rows=1000 width=4)
	        Recheck Cond: ((id >= 5264794) AND (id <= 5265793))
	        ->  Bitmap Index Scan on sbtest2_pkey  (cost=0.00..30.43 rows=1000 width=0)
	              Index Cond: ((id >= 5264794) AND (id <= 5265793))

table 3 : explain SELECT SUM(k) FROM sbtest3 WHERE id BETWEEN 1948561 AND 1949560
	Aggregate  (cost=3856.90..3856.91 rows=1 width=8)
	  ->  Bitmap Heap Scan on sbtest3  (cost=30.63..3854.41 rows=995 width=4)
	        Recheck Cond: ((id >= 1948561) AND (id <= 1949560))
	        ->  Bitmap Index Scan on sbtest3_pkey  (cost=0.00..30.39 rows=995 width=0)
	              Index Cond: ((id >= 1948561) AND (id <= 1949560))

table 4 : explain SELECT SUM(k) FROM sbtest4 WHERE id BETWEEN 4754765 AND 4755764
	Aggregate  (cost=4154.71..4154.72 rows=1 width=8)
	  ->  Bitmap Heap Scan on sbtest4  (cost=31.44..4152.02 rows=1074 width=4)
	        Recheck Cond: ((id >= 4754765) AND (id <= 4755764))
	        ->  Bitmap Index Scan on sbtest4_pkey  (cost=0.00..31.18 rows=1074 width=0)
	              Index Cond: ((id >= 4754765) AND (id <= 4755764))

table 5 : explain SELECT SUM(k) FROM sbtest5 WHERE id BETWEEN 1044561 AND 1045560
	Aggregate  (cost=3721.55..3721.56 rows=1 width=8)
	  ->  Bitmap Heap Scan on sbtest5  (cost=30.25..3719.16 rows=958 width=4)
	        Recheck Cond: ((id >= 1044561) AND (id <= 1045560))
	        ->  Bitmap Index Scan on sbtest5_pkey  (cost=0.00..30.01 rows=958 width=0)
	              Index Cond: ((id >= 1044561) AND (id <= 1045560))

table 6 : explain SELECT SUM(k) FROM sbtest6 WHERE id BETWEEN 5059273 AND 5060272
	Aggregate  (cost=4228.47..4228.48 rows=1 width=8)
	  ->  Bitmap Heap Scan on sbtest6  (cost=31.64..4225.73 rows=1093 width=4)
	        Recheck Cond: ((id >= 5059273) AND (id <= 5060272))
	        ->  Bitmap Index Scan on sbtest6_pkey  (cost=0.00..31.36 rows=1093 width=0)
	              Index Cond: ((id >= 5059273) AND (id <= 5060272))

table 7 : explain SELECT SUM(k) FROM sbtest7 WHERE id BETWEEN 9819201 AND 9820200
	Aggregate  (cost=4069.51..4069.52 rows=1 width=8)
	  ->  Bitmap Heap Scan on sbtest7  (cost=31.20..4066.89 rows=1050 width=4)
	        Recheck Cond: ((id >= 9819201) AND (id <= 9820200))
	        ->  Bitmap Index Scan on sbtest7_pkey  (cost=0.00..30.93 rows=1050 width=0)
	              Index Cond: ((id >= 9819201) AND (id <= 9820200))

table 8 : explain SELECT SUM(k) FROM sbtest8 WHERE id BETWEEN 927505 AND 928504
	Aggregate  (cost=3806.23..3806.24 rows=1 width=8)
	  ->  Bitmap Heap Scan on sbtest8  (cost=30.49..3803.78 rows=981 width=4)
	        Recheck Cond: ((id >= 927505) AND (id <= 928504))
	        ->  Bitmap Index Scan on sbtest8_pkey  (cost=0.00..30.25 rows=981 width=0)
	              Index Cond: ((id >= 927505) AND (id <= 928504))

for: sum_ranges
table 1 : explain SELECT SUM(k) FROM sbtest1 WHERE id BETWEEN 3992810 AND 3993809
	Aggregate  (cost=3783.21..3783.22 rows=1 width=8)
	  ->  Bitmap Heap Scan on sbtest1  (cost=30.44..3780.77 rows=976 width=4)
	        Recheck Cond: ((id >= 3992810) AND (id <= 3993809))
	        ->  Bitmap Index Scan on sbtest1_pkey  (cost=0.00..30.19 rows=976 width=0)
	              Index Cond: ((id >= 3992810) AND (id <= 3993809))

table 2 : explain SELECT SUM(k) FROM sbtest2 WHERE id BETWEEN 1039552 AND 1040551
	Aggregate  (cost=3519.67..3519.68 rows=1 width=8)
	  ->  Bitmap Heap Scan on sbtest2  (cost=25.73..3517.40 rows=907 width=4)
	        Recheck Cond: ((id >= 1039552) AND (id <= 1040551))
	        ->  Bitmap Index Scan on sbtest2_pkey  (cost=0.00..25.50 rows=907 width=0)
	              Index Cond: ((id >= 1039552) AND (id <= 1040551))

table 3 : explain SELECT SUM(k) FROM sbtest3 WHERE id BETWEEN 5350750 AND 5351749
	Aggregate  (cost=4226.30..4226.31 rows=1 width=8)
	  ->  Bitmap Heap Scan on sbtest3  (cost=31.64..4223.57 rows=1093 width=4)
	        Recheck Cond: ((id >= 5350750) AND (id <= 5351749))
	        ->  Bitmap Index Scan on sbtest3_pkey  (cost=0.00..31.36 rows=1093 width=0)
	              Index Cond: ((id >= 5350750) AND (id <= 5351749))

table 4 : explain SELECT SUM(k) FROM sbtest4 WHERE id BETWEEN 8547883 AND 8548882
	Aggregate  (cost=3932.32..3932.33 rows=1 width=8)
	  ->  Bitmap Heap Scan on sbtest4  (cost=30.84..3929.79 rows=1015 width=4)
	        Recheck Cond: ((id >= 8547883) AND (id <= 8548882))
	        ->  Bitmap Index Scan on sbtest4_pkey  (cost=0.00..30.58 rows=1015 width=0)
	              Index Cond: ((id >= 8547883) AND (id <= 8548882))

table 5 : explain SELECT SUM(k) FROM sbtest5 WHERE id BETWEEN 2088557 AND 2089556
	Aggregate  (cost=4088.33..4088.34 rows=1 width=8)
	  ->  Bitmap Heap Scan on sbtest5  (cost=31.25..4085.69 rows=1055 width=4)
	        Recheck Cond: ((id >= 2088557) AND (id <= 2089556))
	        ->  Bitmap Index Scan on sbtest5_pkey  (cost=0.00..30.98 rows=1055 width=0)
	              Index Cond: ((id >= 2088557) AND (id <= 2089556))

table 6 : explain SELECT SUM(k) FROM sbtest6 WHERE id BETWEEN 557294 AND 558293
	Aggregate  (cost=3945.65..3945.66 rows=1 width=8)
	  ->  Bitmap Heap Scan on sbtest6  (cost=30.87..3943.10 rows=1018 width=4)
	        Recheck Cond: ((id >= 557294) AND (id <= 558293))
	        ->  Bitmap Index Scan on sbtest6_pkey  (cost=0.00..30.61 rows=1018 width=0)
	              Index Cond: ((id >= 557294) AND (id <= 558293))

table 7 : explain SELECT SUM(k) FROM sbtest7 WHERE id BETWEEN 6709083 AND 6710082
	Aggregate  (cost=3774.61..3774.62 rows=1 width=8)
	  ->  Bitmap Heap Scan on sbtest7  (cost=30.40..3772.18 rows=972 width=4)
	        Recheck Cond: ((id >= 6709083) AND (id <= 6710082))
	        ->  Bitmap Index Scan on sbtest7_pkey  (cost=0.00..30.15 rows=972 width=0)
	              Index Cond: ((id >= 6709083) AND (id <= 6710082))

table 8 : explain SELECT SUM(k) FROM sbtest8 WHERE id BETWEEN 4190596 AND 4191595
	Aggregate  (cost=3688.97..3688.98 rows=1 width=8)
	  ->  Bitmap Heap Scan on sbtest8  (cost=30.17..3686.59 rows=950 width=4)
	        Recheck Cond: ((id >= 4190596) AND (id <= 4191595))
	        ->  Bitmap Index Scan on sbtest8_pkey  (cost=0.00..29.93 rows=950 width=0)
	              Index Cond: ((id >= 4190596) AND (id <= 4191595))

explain: for point_selects :: explain SELECT c FROM sbtest%u WHERE id=%u
for: simple_ranges
table 1 : explain SELECT c FROM sbtest1 WHERE id BETWEEN 411589 AND 412588
	Bitmap Heap Scan on sbtest1  (cost=30.23..3705.30 rows=956 width=121)
	  Recheck Cond: ((id >= 411589) AND (id <= 412588))
	  ->  Bitmap Index Scan on sbtest1_pkey  (cost=0.00..30.00 rows=956 width=0)
	        Index Cond: ((id >= 411589) AND (id <= 412588))

table 2 : explain SELECT c FROM sbtest2 WHERE id BETWEEN 3418941 AND 3419940
	Bitmap Heap Scan on sbtest2  (cost=25.94..3593.05 rows=927 width=121)
	  Recheck Cond: ((id >= 3418941) AND (id <= 3419940))
	  ->  Bitmap Index Scan on sbtest2_pkey  (cost=0.00..25.70 rows=927 width=0)
	        Index Cond: ((id >= 3418941) AND (id <= 3419940))

table 3 : explain SELECT c FROM sbtest3 WHERE id BETWEEN 1619703 AND 1620702
	Bitmap Heap Scan on sbtest3  (cost=30.21..3699.61 rows=954 width=121)
	  Recheck Cond: ((id >= 1619703) AND (id <= 1620702))
	  ->  Bitmap Index Scan on sbtest3_pkey  (cost=0.00..29.97 rows=954 width=0)
	        Index Cond: ((id >= 1619703) AND (id <= 1620702))

table 4 : explain SELECT c FROM sbtest4 WHERE id BETWEEN 6255853 AND 6256852
	Bitmap Heap Scan on sbtest4  (cost=30.79..3910.93 rows=1010 width=121)
	  Recheck Cond: ((id >= 6255853) AND (id <= 6256852))
	  ->  Bitmap Index Scan on sbtest4_pkey  (cost=0.00..30.54 rows=1010 width=0)
	        Index Cond: ((id >= 6255853) AND (id <= 6256852))

table 5 : explain SELECT c FROM sbtest5 WHERE id BETWEEN 3032012 AND 3033011
	Bitmap Heap Scan on sbtest5  (cost=30.04..3639.65 rows=937 width=121)
	  Recheck Cond: ((id >= 3032012) AND (id <= 3033011))
	  ->  Bitmap Index Scan on sbtest5_pkey  (cost=0.00..29.80 rows=937 width=0)
	        Index Cond: ((id >= 3032012) AND (id <= 3033011))

table 6 : explain SELECT c FROM sbtest6 WHERE id BETWEEN 4535483 AND 4536482
	Bitmap Heap Scan on sbtest6  (cost=30.68..3875.17 rows=1000 width=121)
	  Recheck Cond: ((id >= 4535483) AND (id <= 4536482))
	  ->  Bitmap Index Scan on sbtest6_pkey  (cost=0.00..30.43 rows=1000 width=0)
	        Index Cond: ((id >= 4535483) AND (id <= 4536482))

table 7 : explain SELECT c FROM sbtest7 WHERE id BETWEEN 7137995 AND 7138994
	Bitmap Heap Scan on sbtest7  (cost=30.11..3666.21 rows=944 width=121)
	  Recheck Cond: ((id >= 7137995) AND (id <= 7138994))
	  ->  Bitmap Index Scan on sbtest7_pkey  (cost=0.00..29.87 rows=944 width=0)
	        Index Cond: ((id >= 7137995) AND (id <= 7138994))

table 8 : explain SELECT c FROM sbtest8 WHERE id BETWEEN 3872330 AND 3873329
	Bitmap Heap Scan on sbtest8  (cost=30.61..3849.10 rows=993 width=121)
	  Recheck Cond: ((id >= 3872330) AND (id <= 3873329))
	  ->  Bitmap Index Scan on sbtest8_pkey  (cost=0.00..30.36 rows=993 width=0)
	        Index Cond: ((id >= 3872330) AND (id <= 3873329))

explain: for point_selects :: explain SELECT c FROM sbtest%u WHERE id=%u
for: sum_ranges
table 1 : explain SELECT SUM(k) FROM sbtest1 WHERE id BETWEEN 2534556 AND 2535555
	Aggregate  (cost=3722.79..3722.80 rows=1 width=8)
	  ->  Bitmap Heap Scan on sbtest1  (cost=30.27..3720.39 rows=960 width=4)
	        Recheck Cond: ((id >= 2534556) AND (id <= 2535555))
	        ->  Bitmap Index Scan on sbtest1_pkey  (cost=0.00..30.04 rows=960 width=0)
	              Index Cond: ((id >= 2534556) AND (id <= 2535555))

table 2 : explain SELECT SUM(k) FROM sbtest2 WHERE id BETWEEN 337182 AND 338181
	Aggregate  (cost=3493.17..3493.18 rows=1 width=8)
	  ->  Bitmap Heap Scan on sbtest2  (cost=25.66..3490.92 rows=900 width=4)
	        Recheck Cond: ((id >= 337182) AND (id <= 338181))
	        ->  Bitmap Index Scan on sbtest2_pkey  (cost=0.00..25.43 rows=900 width=0)
	              Index Cond: ((id >= 337182) AND (id <= 338181))

table 3 : explain SELECT SUM(k) FROM sbtest3 WHERE id BETWEEN 2925452 AND 2926451
	Aggregate  (cost=4226.30..4226.31 rows=1 width=8)
	  ->  Bitmap Heap Scan on sbtest3  (cost=31.64..4223.57 rows=1093 width=4)
	        Recheck Cond: ((id >= 2925452) AND (id <= 2926451))
	        ->  Bitmap Index Scan on sbtest3_pkey  (cost=0.00..31.36 rows=1093 width=0)
	              Index Cond: ((id >= 2925452) AND (id <= 2926451))

table 4 : explain SELECT SUM(k) FROM sbtest4 WHERE id BETWEEN 3111916 AND 3112915
	Aggregate  (cost=3921.00..3921.01 rows=1 width=8)
	  ->  Bitmap Heap Scan on sbtest4  (cost=30.81..3918.47 rows=1012 width=4)
	        Recheck Cond: ((id >= 3111916) AND (id <= 3112915))
	        ->  Bitmap Index Scan on sbtest4_pkey  (cost=0.00..30.55 rows=1012 width=0)
	              Index Cond: ((id >= 3111916) AND (id <= 3112915))

table 5 : explain SELECT SUM(k) FROM sbtest5 WHERE id BETWEEN 8850962 AND 8851961
	Aggregate  (cost=4258.10..4258.11 rows=1 width=8)
	  ->  Bitmap Heap Scan on sbtest5  (cost=31.71..4255.35 rows=1100 width=4)
	        Recheck Cond: ((id >= 8850962) AND (id <= 8851961))
	        ->  Bitmap Index Scan on sbtest5_pkey  (cost=0.00..31.43 rows=1100 width=0)
	              Index Cond: ((id >= 8850962) AND (id <= 8851961))

table 6 : explain SELECT SUM(k) FROM sbtest6 WHERE id BETWEEN 2553601 AND 2554600
	Aggregate  (cost=4398.07..4398.08 rows=1 width=8)
	  ->  Bitmap Heap Scan on sbtest6  (cost=36.09..4395.23 rows=1137 width=4)
	        Recheck Cond: ((id >= 2553601) AND (id <= 2554600))
	        ->  Bitmap Index Scan on sbtest6_pkey  (cost=0.00..35.81 rows=1137 width=0)
	              Index Cond: ((id >= 2553601) AND (id <= 2554600))

table 7 : explain SELECT SUM(k) FROM sbtest7 WHERE id BETWEEN 6433470 AND 6434469
	Aggregate  (cost=3566.22..3566.23 rows=1 width=8)
	  ->  Bitmap Heap Scan on sbtest7  (cost=29.83..3563.93 rows=917 width=4)
	        Recheck Cond: ((id >= 6433470) AND (id <= 6434469))
	        ->  Bitmap Index Scan on sbtest7_pkey  (cost=0.00..29.61 rows=917 width=0)
	              Index Cond: ((id >= 6433470) AND (id <= 6434469))

table 8 : explain SELECT SUM(k) FROM sbtest8 WHERE id BETWEEN 1169682 AND 1170681
	Aggregate  (cost=4055.48..4055.49 rows=1 width=8)
	  ->  Bitmap Heap Scan on sbtest8  (cost=31.17..4052.86 rows=1047 width=4)
	        Recheck Cond: ((id >= 1169682) AND (id <= 1170681))
	        ->  Bitmap Index Scan on sbtest8_pkey  (cost=0.00..30.90 rows=1047 width=0)
	              Index Cond: ((id >= 1169682) AND (id <= 1170681))

explain: for point_selects :: explain SELECT c FROM sbtest%u WHERE id=%u
for: order_ranges
table 1 : explain SELECT c FROM sbtest1 WHERE id BETWEEN 1844175 AND 1845174 ORDER BY c
	Sort  (cost=4005.25..4007.81 rows=1022 width=121)
	  Sort Key: c
	  ->  Bitmap Heap Scan on sbtest1  (cost=30.91..3954.17 rows=1022 width=121)
	        Recheck Cond: ((id >= 1844175) AND (id <= 1845174))
	        ->  Bitmap Index Scan on sbtest1_pkey  (cost=0.00..30.65 rows=1022 width=0)
	              Index Cond: ((id >= 1844175) AND (id <= 1845174))

table 2 : explain SELECT c FROM sbtest2 WHERE id BETWEEN 3355217 AND 3356216 ORDER BY c
	Sort  (cost=3914.89..3917.38 rows=998 width=121)
	  Sort Key: c
	  ->  Bitmap Heap Scan on sbtest2  (cost=30.66..3865.17 rows=998 width=121)
	        Recheck Cond: ((id >= 3355217) AND (id <= 3356216))
	        ->  Bitmap Index Scan on sbtest2_pkey  (cost=0.00..30.41 rows=998 width=0)
	              Index Cond: ((id >= 3355217) AND (id <= 3356216))

table 3 : explain SELECT c FROM sbtest3 WHERE id BETWEEN 6676115 AND 6677114 ORDER BY c
	Sort  (cost=4018.80..4021.36 rows=1025 width=121)
	  Sort Key: c
	  ->  Bitmap Heap Scan on sbtest3  (cost=30.94..3967.54 rows=1025 width=121)
	        Recheck Cond: ((id >= 6676115) AND (id <= 6677114))
	        ->  Bitmap Index Scan on sbtest3_pkey  (cost=0.00..30.68 rows=1025 width=0)
	              Index Cond: ((id >= 6676115) AND (id <= 6677114))

table 4 : explain SELECT c FROM sbtest4 WHERE id BETWEEN 4708316 AND 4709315 ORDER BY c
	Sort  (cost=3865.59..3868.05 rows=985 width=121)
	  Sort Key: c
	  ->  Bitmap Heap Scan on sbtest4  (cost=30.53..3816.62 rows=985 width=121)
	        Recheck Cond: ((id >= 4708316) AND (id <= 4709315))
	        ->  Bitmap Index Scan on sbtest4_pkey  (cost=0.00..30.29 rows=985 width=0)
	              Index Cond: ((id >= 4708316) AND (id <= 4709315))

table 5 : explain SELECT c FROM sbtest5 WHERE id BETWEEN 8597245 AND 8598244 ORDER BY c
	Sort  (cost=3947.02..3949.53 rows=1005 width=121)
	  Sort Key: c
	  ->  Bitmap Heap Scan on sbtest5  (cost=30.74..3896.90 rows=1005 width=121)
	        Recheck Cond: ((id >= 8597245) AND (id <= 8598244))
	        ->  Bitmap Index Scan on sbtest5_pkey  (cost=0.00..30.48 rows=1005 width=0)
	              Index Cond: ((id >= 8597245) AND (id <= 8598244))

table 6 : explain SELECT c FROM sbtest6 WHERE id BETWEEN 3391916 AND 3392915 ORDER BY c
	Sort  (cost=4410.76..4413.58 rows=1127 width=121)
	  Sort Key: c
	  ->  Bitmap Heap Scan on sbtest6  (cost=31.99..4353.63 rows=1127 width=121)
	        Recheck Cond: ((id >= 3391916) AND (id <= 3392915))
	        ->  Bitmap Index Scan on sbtest6_pkey  (cost=0.00..31.70 rows=1127 width=0)
	              Index Cond: ((id >= 3391916) AND (id <= 3392915))

table 7 : explain SELECT c FROM sbtest7 WHERE id BETWEEN 4705987 AND 4706986 ORDER BY c
	Sort  (cost=4222.97..4225.66 rows=1077 width=121)
	  Sort Key: c
	  ->  Bitmap Heap Scan on sbtest7  (cost=31.47..4168.73 rows=1077 width=121)
	        Recheck Cond: ((id >= 4705987) AND (id <= 4706986))
	        ->  Bitmap Index Scan on sbtest7_pkey  (cost=0.00..31.20 rows=1077 width=0)
	              Index Cond: ((id >= 4705987) AND (id <= 4706986))

table 8 : explain SELECT c FROM sbtest8 WHERE id BETWEEN 7483575 AND 7484574 ORDER BY c
	Sort  (cost=3948.36..3950.88 rows=1006 width=121)
	  Sort Key: c
	  ->  Bitmap Heap Scan on sbtest8  (cost=30.75..3898.19 rows=1006 width=121)
	        Recheck Cond: ((id >= 7483575) AND (id <= 7484574))
	        ->  Bitmap Index Scan on sbtest8_pkey  (cost=0.00..30.50 rows=1006 width=0)
	              Index Cond: ((id >= 7483575) AND (id <= 7484574))

for: sum_ranges
table 1 : explain SELECT SUM(k) FROM sbtest1 WHERE id BETWEEN 7747035 AND 7748034
	Aggregate  (cost=3836.05..3836.06 rows=1 width=8)
	  ->  Bitmap Heap Scan on sbtest1  (cost=30.58..3833.57 rows=990 width=4)
	        Recheck Cond: ((id >= 7747035) AND (id <= 7748034))
	        ->  Bitmap Index Scan on sbtest1_pkey  (cost=0.00..30.33 rows=990 width=0)
	              Index Cond: ((id >= 7747035) AND (id <= 7748034))

table 2 : explain SELECT SUM(k) FROM sbtest2 WHERE id BETWEEN 8870413 AND 8871412
	Aggregate  (cost=3995.92..3995.93 rows=1 width=8)
	  ->  Bitmap Heap Scan on sbtest2  (cost=31.01..3993.34 rows=1032 width=4)
	        Recheck Cond: ((id >= 8870413) AND (id <= 8871412))
	        ->  Bitmap Index Scan on sbtest2_pkey  (cost=0.00..30.75 rows=1032 width=0)
	              Index Cond: ((id >= 8870413) AND (id <= 8871412))

table 3 : explain SELECT SUM(k) FROM sbtest3 WHERE id BETWEEN 7937535 AND 7938534
	Aggregate  (cost=4230.06..4230.07 rows=1 width=8)
	  ->  Bitmap Heap Scan on sbtest3  (cost=31.65..4227.33 rows=1094 width=4)
	        Recheck Cond: ((id >= 7937535) AND (id <= 7938534))
	        ->  Bitmap Index Scan on sbtest3_pkey  (cost=0.00..31.37 rows=1094 width=0)
	              Index Cond: ((id >= 7937535) AND (id <= 7938534))

table 4 : explain SELECT SUM(k) FROM sbtest4 WHERE id BETWEEN 1658207 AND 1659206
	Aggregate  (cost=3879.49..3879.50 rows=1 width=8)
	  ->  Bitmap Heap Scan on sbtest4  (cost=30.70..3876.99 rows=1001 width=4)
	        Recheck Cond: ((id >= 1658207) AND (id <= 1659206))
	        ->  Bitmap Index Scan on sbtest4_pkey  (cost=0.00..30.44 rows=1001 width=0)
	              Index Cond: ((id >= 1658207) AND (id <= 1659206))

table 5 : explain SELECT SUM(k) FROM sbtest5 WHERE id BETWEEN 1800292 AND 1801291
	Aggregate  (cost=3766.99..3767.00 rows=1 width=8)
	  ->  Bitmap Heap Scan on sbtest5  (cost=30.38..3764.56 rows=970 width=4)
	        Recheck Cond: ((id >= 1800292) AND (id <= 1801291))
	        ->  Bitmap Index Scan on sbtest5_pkey  (cost=0.00..30.14 rows=970 width=0)
	              Index Cond: ((id >= 1800292) AND (id <= 1801291))

table 6 : explain SELECT SUM(k) FROM sbtest6 WHERE id BETWEEN 4032119 AND 4033118
	Aggregate  (cost=3768.06..3768.07 rows=1 width=8)
	  ->  Bitmap Heap Scan on sbtest6  (cost=30.39..3765.64 rows=971 width=4)
	        Recheck Cond: ((id >= 4032119) AND (id <= 4033118))
	        ->  Bitmap Index Scan on sbtest6_pkey  (cost=0.00..30.14 rows=971 width=0)
	              Index Cond: ((id >= 4032119) AND (id <= 4033118))

table 7 : explain SELECT SUM(k) FROM sbtest7 WHERE id BETWEEN 390955 AND 391954
	Aggregate  (cost=3630.67..3630.68 rows=1 width=8)
	  ->  Bitmap Heap Scan on sbtest7  (cost=30.01..3628.34 rows=934 width=4)
	        Recheck Cond: ((id >= 390955) AND (id <= 391954))
	        ->  Bitmap Index Scan on sbtest7_pkey  (cost=0.00..29.77 rows=934 width=0)
	              Index Cond: ((id >= 390955) AND (id <= 391954))

table 8 : explain SELECT SUM(k) FROM sbtest8 WHERE id BETWEEN 4276011 AND 4277010
	Aggregate  (cost=4134.68..4134.69 rows=1 width=8)
	  ->  Bitmap Heap Scan on sbtest8  (cost=31.38..4132.01 rows=1068 width=4)
	        Recheck Cond: ((id >= 4276011) AND (id <= 4277010))
	        ->  Bitmap Index Scan on sbtest8_pkey  (cost=0.00..31.11 rows=1068 width=0)
	              Index Cond: ((id >= 4276011) AND (id <= 4277010))

for: sum_ranges
table 1 : explain SELECT SUM(k) FROM sbtest1 WHERE id BETWEEN 9767690 AND 9768689
	Aggregate  (cost=3843.59..3843.60 rows=1 width=8)
	  ->  Bitmap Heap Scan on sbtest1  (cost=30.60..3841.11 rows=992 width=4)
	        Recheck Cond: ((id >= 9767690) AND (id <= 9768689))
	        ->  Bitmap Index Scan on sbtest1_pkey  (cost=0.00..30.36 rows=992 width=0)
	              Index Cond: ((id >= 9767690) AND (id <= 9768689))

table 2 : explain SELECT SUM(k) FROM sbtest2 WHERE id BETWEEN 6199925 AND 6200924
	Aggregate  (cost=3848.79..3848.80 rows=1 width=8)
	  ->  Bitmap Heap Scan on sbtest2  (cost=30.61..3846.31 rows=993 width=4)
	        Recheck Cond: ((id >= 6199925) AND (id <= 6200924))
	        ->  Bitmap Index Scan on sbtest2_pkey  (cost=0.00..30.36 rows=993 width=0)
	              Index Cond: ((id >= 6199925) AND (id <= 6200924))

table 3 : explain SELECT SUM(k) FROM sbtest3 WHERE id BETWEEN 6801355 AND 6802354
	Aggregate  (cost=3781.36..3781.37 rows=1 width=8)
	  ->  Bitmap Heap Scan on sbtest3  (cost=30.43..3778.93 rows=975 width=4)
	        Recheck Cond: ((id >= 6801355) AND (id <= 6802354))
	        ->  Bitmap Index Scan on sbtest3_pkey  (cost=0.00..30.18 rows=975 width=0)
	              Index Cond: ((id >= 6801355) AND (id <= 6802354))

table 4 : explain SELECT SUM(k) FROM sbtest4 WHERE id BETWEEN 5701636 AND 5702635
	Aggregate  (cost=3819.08..3819.09 rows=1 width=8)
	  ->  Bitmap Heap Scan on sbtest4  (cost=30.53..3816.62 rows=985 width=4)
	        Recheck Cond: ((id >= 5701636) AND (id <= 5702635))
	        ->  Bitmap Index Scan on sbtest4_pkey  (cost=0.00..30.29 rows=985 width=0)
	              Index Cond: ((id >= 5701636) AND (id <= 5702635))

table 5 : explain SELECT SUM(k) FROM sbtest5 WHERE id BETWEEN 3399275 AND 3400274
	Aggregate  (cost=3827.55..3827.56 rows=1 width=8)
	  ->  Bitmap Heap Scan on sbtest5  (cost=30.54..3825.08 rows=986 width=4)
	        Recheck Cond: ((id >= 3399275) AND (id <= 3400274))
	        ->  Bitmap Index Scan on sbtest5_pkey  (cost=0.00..30.29 rows=986 width=0)
	              Index Cond: ((id >= 3399275) AND (id <= 3400274))

table 6 : explain SELECT SUM(k) FROM sbtest6 WHERE id BETWEEN 7245233 AND 7246232
	Aggregate  (cost=4062.63..4062.64 rows=1 width=8)
	  ->  Bitmap Heap Scan on sbtest6  (cost=31.19..4060.01 rows=1049 width=4)
	        Recheck Cond: ((id >= 7245233) AND (id <= 7246232))
	        ->  Bitmap Index Scan on sbtest6_pkey  (cost=0.00..30.93 rows=1049 width=0)
	              Index Cond: ((id >= 7245233) AND (id <= 7246232))

table 7 : explain SELECT SUM(k) FROM sbtest7 WHERE id BETWEEN 9804666 AND 9805665
	Aggregate  (cost=4069.51..4069.52 rows=1 width=8)
	  ->  Bitmap Heap Scan on sbtest7  (cost=31.20..4066.89 rows=1050 width=4)
	        Recheck Cond: ((id >= 9804666) AND (id <= 9805665))
	        ->  Bitmap Index Scan on sbtest7_pkey  (cost=0.00..30.93 rows=1050 width=0)
	              Index Cond: ((id >= 9804666) AND (id <= 9805665))

table 8 : explain SELECT SUM(k) FROM sbtest8 WHERE id BETWEEN 3038050 AND 3039049
	Aggregate  (cost=3847.81..3847.82 rows=1 width=8)
	  ->  Bitmap Heap Scan on sbtest8  (cost=30.60..3845.33 rows=992 width=4)
	        Recheck Cond: ((id >= 3038050) AND (id <= 3039049))
	        ->  Bitmap Index Scan on sbtest8_pkey  (cost=0.00..30.36 rows=992 width=0)
	              Index Cond: ((id >= 3038050) AND (id <= 3039049))

for: order_ranges
table 1 : explain SELECT c FROM sbtest1 WHERE id BETWEEN 3051515 AND 3052514 ORDER BY c
	Sort  (cost=3833.06..3835.50 rows=977 width=121)
	  Sort Key: c
	  ->  Bitmap Heap Scan on sbtest1  (cost=30.45..3784.54 rows=977 width=121)
	        Recheck Cond: ((id >= 3051515) AND (id <= 3052514))
	        ->  Bitmap Index Scan on sbtest1_pkey  (cost=0.00..30.20 rows=977 width=0)
	              Index Cond: ((id >= 3051515) AND (id <= 3052514))

table 2 : explain SELECT c FROM sbtest2 WHERE id BETWEEN 1617979 AND 1618978 ORDER BY c
	Sort  (cost=4224.63..4227.33 rows=1079 width=121)
	  Sort Key: c
	  ->  Bitmap Heap Scan on sbtest2  (cost=31.49..4170.28 rows=1079 width=121)
	        Recheck Cond: ((id >= 1617979) AND (id <= 1618978))
	        ->  Bitmap Index Scan on sbtest2_pkey  (cost=0.00..31.22 rows=1079 width=0)
	              Index Cond: ((id >= 1617979) AND (id <= 1618978))

table 3 : explain SELECT c FROM sbtest3 WHERE id BETWEEN 9633852 AND 9634851 ORDER BY c
	Sort  (cost=3723.81..3726.18 rows=948 width=121)
	  Sort Key: c
	  ->  Bitmap Heap Scan on sbtest3  (cost=30.15..3676.94 rows=948 width=121)
	        Recheck Cond: ((id >= 9633852) AND (id <= 9634851))
	        ->  Bitmap Index Scan on sbtest3_pkey  (cost=0.00..29.91 rows=948 width=0)
	              Index Cond: ((id >= 9633852) AND (id <= 9634851))

table 4 : explain SELECT c FROM sbtest4 WHERE id BETWEEN 4295652 AND 4296651 ORDER BY c
	Sort  (cost=3773.61..3776.01 rows=961 width=121)
	  Sort Key: c
	  ->  Bitmap Heap Scan on sbtest4  (cost=30.29..3726.00 rows=961 width=121)
	        Recheck Cond: ((id >= 4295652) AND (id <= 4296651))
	        ->  Bitmap Index Scan on sbtest4_pkey  (cost=0.00..30.04 rows=961 width=0)
	              Index Cond: ((id >= 4295652) AND (id <= 4296651))

table 5 : explain SELECT c FROM sbtest5 WHERE id BETWEEN 7951526 AND 7952525 ORDER BY c
	Sort  (cost=4085.03..4087.64 rows=1041 width=121)
	  Sort Key: c
	  ->  Bitmap Heap Scan on sbtest5  (cost=31.11..4032.86 rows=1041 width=121)
	        Recheck Cond: ((id >= 7951526) AND (id <= 7952525))
	        ->  Bitmap Index Scan on sbtest5_pkey  (cost=0.00..30.84 rows=1041 width=0)
	              Index Cond: ((id >= 7951526) AND (id <= 7952525))

table 6 : explain SELECT c FROM sbtest6 WHERE id BETWEEN 283617 AND 284616 ORDER BY c
	Sort  (cost=3679.49..3681.83 rows=936 width=121)
	  Sort Key: c
	  ->  Bitmap Heap Scan on sbtest6  (cost=30.03..3633.30 rows=936 width=121)
	        Recheck Cond: ((id >= 283617) AND (id <= 284616))
	        ->  Bitmap Index Scan on sbtest6_pkey  (cost=0.00..29.79 rows=936 width=0)
	              Index Cond: ((id >= 283617) AND (id <= 284616))

table 7 : explain SELECT c FROM sbtest7 WHERE id BETWEEN 3368659 AND 3369658 ORDER BY c
	Sort  (cost=4077.43..4080.03 rows=1039 width=121)
	  Sort Key: c
	  ->  Bitmap Heap Scan on sbtest7  (cost=31.08..4025.37 rows=1039 width=121)
	        Recheck Cond: ((id >= 3368659) AND (id <= 3369658))
	        ->  Bitmap Index Scan on sbtest7_pkey  (cost=0.00..30.82 rows=1039 width=0)
	              Index Cond: ((id >= 3368659) AND (id <= 3369658))

table 8 : explain SELECT c FROM sbtest8 WHERE id BETWEEN 2600769 AND 2601768 ORDER BY c
	Sort  (cost=3971.35..3973.88 rows=1012 width=121)
	  Sort Key: c
	  ->  Bitmap Heap Scan on sbtest8  (cost=30.81..3920.84 rows=1012 width=121)
	        Recheck Cond: ((id >= 2600769) AND (id <= 2601768))
	        ->  Bitmap Index Scan on sbtest8_pkey  (cost=0.00..30.55 rows=1012 width=0)
	              Index Cond: ((id >= 2600769) AND (id <= 2601768))

explain: for point_selects :: explain SELECT c FROM sbtest%u WHERE id=%u
for: order_ranges
table 1 : explain SELECT c FROM sbtest1 WHERE id BETWEEN 1436838 AND 1437837 ORDER BY c
	Sort  (cost=3767.95..3770.35 rows=960 width=121)
	  Sort Key: c
	  ->  Bitmap Heap Scan on sbtest1  (cost=30.27..3720.39 rows=960 width=121)
	        Recheck Cond: ((id >= 1436838) AND (id <= 1437837))
	        ->  Bitmap Index Scan on sbtest1_pkey  (cost=0.00..30.04 rows=960 width=0)
	              Index Cond: ((id >= 1436838) AND (id <= 1437837))

table 2 : explain SELECT c FROM sbtest2 WHERE id BETWEEN 9268081 AND 9269080 ORDER BY c
	Sort  (cost=4129.12..4131.75 rows=1054 width=121)
	  Sort Key: c
	  ->  Bitmap Heap Scan on sbtest2  (cost=31.24..4076.20 rows=1054 width=121)
	        Recheck Cond: ((id >= 9268081) AND (id <= 9269080))
	        ->  Bitmap Index Scan on sbtest2_pkey  (cost=0.00..30.97 rows=1054 width=0)
	              Index Cond: ((id >= 9268081) AND (id <= 9269080))

table 3 : explain SELECT c FROM sbtest3 WHERE id BETWEEN 7511569 AND 7512568 ORDER BY c
	Sort  (cost=3838.83..3841.27 rows=978 width=121)
	  Sort Key: c
	  ->  Bitmap Heap Scan on sbtest3  (cost=30.46..3790.25 rows=978 width=121)
	        Recheck Cond: ((id >= 7511569) AND (id <= 7512568))
	        ->  Bitmap Index Scan on sbtest3_pkey  (cost=0.00..30.21 rows=978 width=0)
	              Index Cond: ((id >= 7511569) AND (id <= 7512568))

table 4 : explain SELECT c FROM sbtest4 WHERE id BETWEEN 930129 AND 931128 ORDER BY c
	Sort  (cost=3769.77..3772.17 rows=960 width=121)
	  Sort Key: c
	  ->  Bitmap Heap Scan on sbtest4  (cost=30.27..3722.22 rows=960 width=121)
	        Recheck Cond: ((id >= 930129) AND (id <= 931128))
	        ->  Bitmap Index Scan on sbtest4_pkey  (cost=0.00..30.04 rows=960 width=0)
	              Index Cond: ((id >= 930129) AND (id <= 931128))

table 5 : explain SELECT c FROM sbtest5 WHERE id BETWEEN 1035195 AND 1036194 ORDER BY c
	Sort  (cost=4150.16..4152.80 rows=1058 width=121)
	  Sort Key: c
	  ->  Bitmap Heap Scan on sbtest5  (cost=31.28..4097.01 rows=1058 width=121)
	        Recheck Cond: ((id >= 1035195) AND (id <= 1036194))
	        ->  Bitmap Index Scan on sbtest5_pkey  (cost=0.00..31.01 rows=1058 width=0)
	              Index Cond: ((id >= 1035195) AND (id <= 1036194))

table 6 : explain SELECT c FROM sbtest6 WHERE id BETWEEN 4828099 AND 4829098 ORDER BY c
	Sort  (cost=3829.16..3831.59 rows=975 width=121)
	  Sort Key: c
	  ->  Bitmap Heap Scan on sbtest6  (cost=30.43..3780.75 rows=975 width=121)
	        Recheck Cond: ((id >= 4828099) AND (id <= 4829098))
	        ->  Bitmap Index Scan on sbtest6_pkey  (cost=0.00..30.18 rows=975 width=0)
	              Index Cond: ((id >= 4828099) AND (id <= 4829098))

table 7 : explain SELECT c FROM sbtest7 WHERE id BETWEEN 336855 AND 337854 ORDER BY c
	Sort  (cost=3674.42..3676.75 rows=934 width=121)
	  Sort Key: c
	  ->  Bitmap Heap Scan on sbtest7  (cost=30.01..3628.34 rows=934 width=121)
	        Recheck Cond: ((id >= 336855) AND (id <= 337854))
	        ->  Bitmap Index Scan on sbtest7_pkey  (cost=0.00..29.77 rows=934 width=0)
	              Index Cond: ((id >= 336855) AND (id <= 337854))

table 8 : explain SELECT c FROM sbtest8 WHERE id BETWEEN 4559175 AND 4560174 ORDER BY c
	Sort  (cost=3752.77..3755.16 rows=955 width=121)
	  Sort Key: c
	  ->  Bitmap Heap Scan on sbtest8  (cost=30.22..3705.50 rows=955 width=121)
	        Recheck Cond: ((id >= 4559175) AND (id <= 4560174))
	        ->  Bitmap Index Scan on sbtest8_pkey  (cost=0.00..29.98 rows=955 width=0)
	              Index Cond: ((id >= 4559175) AND (id <= 4560174))

for: order_ranges
table 1 : explain SELECT c FROM sbtest1 WHERE id BETWEEN 4866398 AND 4867397 ORDER BY c
	Sort  (cost=3783.27..3785.68 rows=964 width=121)
	  Sort Key: c
	  ->  Bitmap Heap Scan on sbtest1  (cost=30.32..3735.49 rows=964 width=121)
	        Recheck Cond: ((id >= 4866398) AND (id <= 4867397))
	        ->  Bitmap Index Scan on sbtest1_pkey  (cost=0.00..30.07 rows=964 width=0)
	              Index Cond: ((id >= 4866398) AND (id <= 4867397))

table 2 : explain SELECT c FROM sbtest2 WHERE id BETWEEN 9459081 AND 9460080 ORDER BY c
	Sort  (cost=3585.00..3587.28 rows=913 width=121)
	  Sort Key: c
	  ->  Bitmap Heap Scan on sbtest2  (cost=25.79..3540.10 rows=913 width=121)
	        Recheck Cond: ((id >= 9459081) AND (id <= 9460080))
	        ->  Bitmap Index Scan on sbtest2_pkey  (cost=0.00..25.57 rows=913 width=0)
	              Index Cond: ((id >= 9459081) AND (id <= 9460080))

table 3 : explain SELECT c FROM sbtest3 WHERE id BETWEEN 6798434 AND 6799433 ORDER BY c
	Sort  (cost=3827.33..3829.77 rows=975 width=121)
	  Sort Key: c
	  ->  Bitmap Heap Scan on sbtest3  (cost=30.43..3778.93 rows=975 width=121)
	        Recheck Cond: ((id >= 6798434) AND (id <= 6799433))
	        ->  Bitmap Index Scan on sbtest3_pkey  (cost=0.00..30.18 rows=975 width=0)
	              Index Cond: ((id >= 6798434) AND (id <= 6799433))

table 4 : explain SELECT c FROM sbtest4 WHERE id BETWEEN 849149 AND 850148 ORDER BY c
	Sort  (cost=3666.05..3668.38 rows=934 width=121)
	  Sort Key: c
	  ->  Bitmap Heap Scan on sbtest4  (cost=26.01..3619.96 rows=934 width=121)
	        Recheck Cond: ((id >= 849149) AND (id <= 850148))
	        ->  Bitmap Index Scan on sbtest4_pkey  (cost=0.00..25.77 rows=934 width=0)
	              Index Cond: ((id >= 849149) AND (id <= 850148))

table 5 : explain SELECT c FROM sbtest5 WHERE id BETWEEN 9842701 AND 9843700 ORDER BY c
	Sort  (cost=3793.48..3795.90 rows=965 width=121)
	  Sort Key: c
	  ->  Bitmap Heap Scan on sbtest5  (cost=30.33..3745.65 rows=965 width=121)
	        Recheck Cond: ((id >= 9842701) AND (id <= 9843700))
	        ->  Bitmap Index Scan on sbtest5_pkey  (cost=0.00..30.08 rows=965 width=0)
	              Index Cond: ((id >= 9842701) AND (id <= 9843700))

table 6 : explain SELECT c FROM sbtest6 WHERE id BETWEEN 7199480 AND 7200479 ORDER BY c
	Sort  (cost=3982.47..3985.01 rows=1015 width=121)
	  Sort Key: c
	  ->  Bitmap Heap Scan on sbtest6  (cost=30.84..3931.78 rows=1015 width=121)
	        Recheck Cond: ((id >= 7199480) AND (id <= 7200479))
	        ->  Bitmap Index Scan on sbtest6_pkey  (cost=0.00..30.58 rows=1015 width=0)
	              Index Cond: ((id >= 7199480) AND (id <= 7200479))

table 7 : explain SELECT c FROM sbtest7 WHERE id BETWEEN 4844331 AND 4845330 ORDER BY c
	Sort  (cost=4123.41..4126.04 rows=1051 width=121)
	  Sort Key: c
	  ->  Bitmap Heap Scan on sbtest7  (cost=31.21..4070.66 rows=1051 width=121)
	        Recheck Cond: ((id >= 4844331) AND (id <= 4845330))
	        ->  Bitmap Index Scan on sbtest7_pkey  (cost=0.00..30.94 rows=1051 width=0)
	              Index Cond: ((id >= 4844331) AND (id <= 4845330))

table 8 : explain SELECT c FROM sbtest8 WHERE id BETWEEN 2417379 AND 2418378 ORDER BY c
	Sort  (cost=3706.70..3709.06 rows=943 width=121)
	  Sort Key: c
	  ->  Bitmap Heap Scan on sbtest8  (cost=30.10..3660.11 rows=943 width=121)
	        Recheck Cond: ((id >= 2417379) AND (id <= 2418378))
	        ->  Bitmap Index Scan on sbtest8_pkey  (cost=0.00..29.86 rows=943 width=0)
	              Index Cond: ((id >= 2417379) AND (id <= 2418378))

for: order_ranges
table 1 : explain SELECT c FROM sbtest1 WHERE id BETWEEN 184115 AND 185114 ORDER BY c
	Sort  (cost=3898.14..3900.63 rows=994 width=121)
	  Sort Key: c
	  ->  Bitmap Heap Scan on sbtest1  (cost=30.62..3848.65 rows=994 width=121)
	        Recheck Cond: ((id >= 184115) AND (id <= 185114))
	        ->  Bitmap Index Scan on sbtest1_pkey  (cost=0.00..30.37 rows=994 width=0)
	              Index Cond: ((id >= 184115) AND (id <= 185114))

table 2 : explain SELECT c FROM sbtest2 WHERE id BETWEEN 4208444 AND 4209443 ORDER BY c
	Sort  (cost=4354.42..4357.21 rows=1113 width=121)
	  Sort Key: c
	  ->  Bitmap Heap Scan on sbtest2  (cost=31.84..4298.10 rows=1113 width=121)
	        Recheck Cond: ((id >= 4208444) AND (id <= 4209443))
	        ->  Bitmap Index Scan on sbtest2_pkey  (cost=0.00..31.57 rows=1113 width=0)
	              Index Cond: ((id >= 4208444) AND (id <= 4209443))

table 3 : explain SELECT c FROM sbtest3 WHERE id BETWEEN 230146 AND 231145 ORDER BY c
	Sort  (cost=3873.31..3875.78 rows=987 width=121)
	  Sort Key: c
	  ->  Bitmap Heap Scan on sbtest3  (cost=30.55..3824.22 rows=987 width=121)
	        Recheck Cond: ((id >= 230146) AND (id <= 231145))
	        ->  Bitmap Index Scan on sbtest3_pkey  (cost=0.00..30.30 rows=987 width=0)
	              Index Cond: ((id >= 230146) AND (id <= 231145))

table 4 : explain SELECT c FROM sbtest4 WHERE id BETWEEN 9105202 AND 9106201 ORDER BY c
	Sort  (cost=3861.76..3864.22 rows=984 width=121)
	  Sort Key: c
	  ->  Bitmap Heap Scan on sbtest4  (cost=30.52..3812.84 rows=984 width=121)
	        Recheck Cond: ((id >= 9105202) AND (id <= 9106201))
	        ->  Bitmap Index Scan on sbtest4_pkey  (cost=0.00..30.27 rows=984 width=0)
	              Index Cond: ((id >= 9105202) AND (id <= 9106201))

table 5 : explain SELECT c FROM sbtest5 WHERE id BETWEEN 684843 AND 685842 ORDER BY c
	Sort  (cost=3950.85..3953.37 rows=1006 width=121)
	  Sort Key: c
	  ->  Bitmap Heap Scan on sbtest5  (cost=30.75..3900.68 rows=1006 width=121)
	        Recheck Cond: ((id >= 684843) AND (id <= 685842))
	        ->  Bitmap Index Scan on sbtest5_pkey  (cost=0.00..30.50 rows=1006 width=0)
	              Index Cond: ((id >= 684843) AND (id <= 685842))

table 6 : explain SELECT c FROM sbtest6 WHERE id BETWEEN 3105708 AND 3106707 ORDER BY c
	Sort  (cost=3660.29..3662.62 rows=931 width=121)
	  Sort Key: c
	  ->  Bitmap Heap Scan on sbtest6  (cost=29.98..3614.38 rows=931 width=121)
	        Recheck Cond: ((id >= 3105708) AND (id <= 3106707))
	        ->  Bitmap Index Scan on sbtest6_pkey  (cost=0.00..29.75 rows=931 width=0)
	              Index Cond: ((id >= 3105708) AND (id <= 3106707))

table 7 : explain SELECT c FROM sbtest7 WHERE id BETWEEN 4480855 AND 4481854 ORDER BY c
	Sort  (cost=3724.39..3726.75 rows=947 width=121)
	  Sort Key: c
	  ->  Bitmap Heap Scan on sbtest7  (cost=30.14..3677.57 rows=947 width=121)
	        Recheck Cond: ((id >= 4480855) AND (id <= 4481854))
	        ->  Bitmap Index Scan on sbtest7_pkey  (cost=0.00..29.90 rows=947 width=0)
	              Index Cond: ((id >= 4480855) AND (id <= 4481854))

table 8 : explain SELECT c FROM sbtest8 WHERE id BETWEEN 7050876 AND 7051875 ORDER BY c
	Sort  (cost=3737.42..3739.79 rows=951 width=121)
	  Sort Key: c
	  ->  Bitmap Heap Scan on sbtest8  (cost=30.18..3690.37 rows=951 width=121)
	        Recheck Cond: ((id >= 7050876) AND (id <= 7051875))
	        ->  Bitmap Index Scan on sbtest8_pkey  (cost=0.00..29.94 rows=951 width=0)
	              Index Cond: ((id >= 7050876) AND (id <= 7051875))

for: order_ranges
table 1 : explain SELECT c FROM sbtest1 WHERE id BETWEEN 1040769 AND 1041768 ORDER BY c
	Sort  (cost=4200.11..4202.79 rows=1073 width=121)
	  Sort Key: c
	  ->  Bitmap Heap Scan on sbtest1  (cost=31.43..4146.10 rows=1073 width=121)
	        Recheck Cond: ((id >= 1040769) AND (id <= 1041768))
	        ->  Bitmap Index Scan on sbtest1_pkey  (cost=0.00..31.16 rows=1073 width=0)
	              Index Cond: ((id >= 1040769) AND (id <= 1041768))

table 2 : explain SELECT c FROM sbtest2 WHERE id BETWEEN 138240 AND 139239 ORDER BY c
	Sort  (cost=4346.79..4349.57 rows=1111 width=121)
	  Sort Key: c
	  ->  Bitmap Heap Scan on sbtest2  (cost=31.82..4290.59 rows=1111 width=121)
	        Recheck Cond: ((id >= 138240) AND (id <= 139239))
	        ->  Bitmap Index Scan on sbtest2_pkey  (cost=0.00..31.54 rows=1111 width=0)
	              Index Cond: ((id >= 138240) AND (id <= 139239))

table 3 : explain SELECT c FROM sbtest3 WHERE id BETWEEN 4888774 AND 4889773 ORDER BY c
	Sort  (cost=3957.56..3960.09 rows=1009 width=121)
	  Sort Key: c
	  ->  Bitmap Heap Scan on sbtest3  (cost=30.78..3907.22 rows=1009 width=121)
	        Recheck Cond: ((id >= 4888774) AND (id <= 4889773))
	        ->  Bitmap Index Scan on sbtest3_pkey  (cost=0.00..30.52 rows=1009 width=0)
	              Index Cond: ((id >= 4888774) AND (id <= 4889773))

table 4 : explain SELECT c FROM sbtest4 WHERE id BETWEEN 7957499 AND 7958498 ORDER BY c
	Sort  (cost=4167.88..4170.54 rows=1064 width=121)
	  Sort Key: c
	  ->  Bitmap Heap Scan on sbtest4  (cost=31.34..4114.39 rows=1064 width=121)
	        Recheck Cond: ((id >= 7957499) AND (id <= 7958498))
	        ->  Bitmap Index Scan on sbtest4_pkey  (cost=0.00..31.07 rows=1064 width=0)
	              Index Cond: ((id >= 7957499) AND (id <= 7958498))

table 5 : explain SELECT c FROM sbtest5 WHERE id BETWEEN 7872090 AND 7873089 ORDER BY c
	Sort  (cost=3735.86..3738.24 rows=950 width=121)
	  Sort Key: c
	  ->  Bitmap Heap Scan on sbtest5  (cost=30.17..3688.88 rows=950 width=121)
	        Recheck Cond: ((id >= 7872090) AND (id <= 7873089))
	        ->  Bitmap Index Scan on sbtest5_pkey  (cost=0.00..29.93 rows=950 width=0)
	              Index Cond: ((id >= 7872090) AND (id <= 7873089))

table 6 : explain SELECT c FROM sbtest6 WHERE id BETWEEN 590215 AND 591214 ORDER BY c
	Sort  (cost=3993.96..3996.51 rows=1018 width=121)
	  Sort Key: c
	  ->  Bitmap Heap Scan on sbtest6  (cost=30.87..3943.10 rows=1018 width=121)
	        Recheck Cond: ((id >= 590215) AND (id <= 591214))
	        ->  Bitmap Index Scan on sbtest6_pkey  (cost=0.00..30.61 rows=1018 width=0)
	              Index Cond: ((id >= 590215) AND (id <= 591214))

table 7 : explain SELECT c FROM sbtest7 WHERE id BETWEEN 17201 AND 18200 ORDER BY c
	Sort  (cost=4586.38..4589.31 rows=1172 width=121)
	  Sort Key: c
	  ->  Bitmap Heap Scan on sbtest7  (cost=36.45..4526.64 rows=1172 width=121)
	        Recheck Cond: ((id >= 17201) AND (id <= 18200))
	        ->  Bitmap Index Scan on sbtest7_pkey  (cost=0.00..36.16 rows=1172 width=0)
	              Index Cond: ((id >= 17201) AND (id <= 18200))

table 8 : explain SELECT c FROM sbtest8 WHERE id BETWEEN 9234154 AND 9235153 ORDER BY c
	Sort  (cost=3710.54..3712.90 rows=944 width=121)
	  Sort Key: c
	  ->  Bitmap Heap Scan on sbtest8  (cost=30.11..3663.90 rows=944 width=121)
	        Recheck Cond: ((id >= 9234154) AND (id <= 9235153))
	        ->  Bitmap Index Scan on sbtest8_pkey  (cost=0.00..29.87 rows=944 width=0)
	              Index Cond: ((id >= 9234154) AND (id <= 9235153))

for: sum_ranges
table 1 : explain SELECT SUM(k) FROM sbtest1 WHERE id BETWEEN 9205253 AND 9206252
	Aggregate  (cost=3873.77..3873.78 rows=1 width=8)
	  ->  Bitmap Heap Scan on sbtest1  (cost=30.68..3871.27 rows=1000 width=4)
	        Recheck Cond: ((id >= 9205253) AND (id <= 9206252))
	        ->  Bitmap Index Scan on sbtest1_pkey  (cost=0.00..30.43 rows=1000 width=0)
	              Index Cond: ((id >= 9205253) AND (id <= 9206252))

table 2 : explain SELECT SUM(k) FROM sbtest2 WHERE id BETWEEN 3362289 AND 3363288
	Aggregate  (cost=3867.67..3867.68 rows=1 width=8)
	  ->  Bitmap Heap Scan on sbtest2  (cost=30.66..3865.17 rows=998 width=4)
	        Recheck Cond: ((id >= 3362289) AND (id <= 3363288))
	        ->  Bitmap Index Scan on sbtest2_pkey  (cost=0.00..30.41 rows=998 width=0)
	              Index Cond: ((id >= 3362289) AND (id <= 3363288))

table 3 : explain SELECT SUM(k) FROM sbtest3 WHERE id BETWEEN 5105300 AND 5106299
	Aggregate  (cost=3905.97..3905.98 rows=1 width=8)
	  ->  Bitmap Heap Scan on sbtest3  (cost=30.77..3903.45 rows=1008 width=4)
	        Recheck Cond: ((id >= 5105300) AND (id <= 5106299))
	        ->  Bitmap Index Scan on sbtest3_pkey  (cost=0.00..30.51 rows=1008 width=0)
	              Index Cond: ((id >= 5105300) AND (id <= 5106299))

table 4 : explain SELECT SUM(k) FROM sbtest4 WHERE id BETWEEN 3799494 AND 3800493
	Aggregate  (cost=3803.97..3803.98 rows=1 width=8)
	  ->  Bitmap Heap Scan on sbtest4  (cost=30.49..3801.52 rows=981 width=4)
	        Recheck Cond: ((id >= 3799494) AND (id <= 3800493))
	        ->  Bitmap Index Scan on sbtest4_pkey  (cost=0.00..30.25 rows=981 width=0)
	              Index Cond: ((id >= 3799494) AND (id <= 3800493))

table 5 : explain SELECT SUM(k) FROM sbtest5 WHERE id BETWEEN 1030449 AND 1031448
	Aggregate  (cost=4167.58..4167.59 rows=1 width=8)
	  ->  Bitmap Heap Scan on sbtest5  (cost=31.46..4164.89 rows=1076 width=4)
	        Recheck Cond: ((id >= 1030449) AND (id <= 1031448))
	        ->  Bitmap Index Scan on sbtest5_pkey  (cost=0.00..31.19 rows=1076 width=0)
	              Index Cond: ((id >= 1030449) AND (id <= 1031448))

table 6 : explain SELECT SUM(k) FROM sbtest6 WHERE id BETWEEN 6311807 AND 6312806
	Aggregate  (cost=3521.79..3521.80 rows=1 width=8)
	  ->  Bitmap Heap Scan on sbtest6  (cost=25.73..3519.52 rows=907 width=4)
	        Recheck Cond: ((id >= 6311807) AND (id <= 6312806))
	        ->  Bitmap Index Scan on sbtest6_pkey  (cost=0.00..25.50 rows=907 width=0)
	              Index Cond: ((id >= 6311807) AND (id <= 6312806))

table 7 : explain SELECT SUM(k) FROM sbtest7 WHERE id BETWEEN 9179378 AND 9180377
	Aggregate  (cost=3888.12..3888.13 rows=1 width=8)
	  ->  Bitmap Heap Scan on sbtest7  (cost=30.71..3885.62 rows=1002 width=4)
	        Recheck Cond: ((id >= 9179378) AND (id <= 9180377))
	        ->  Bitmap Index Scan on sbtest7_pkey  (cost=0.00..30.45 rows=1002 width=0)
	              Index Cond: ((id >= 9179378) AND (id <= 9180377))

table 8 : explain SELECT SUM(k) FROM sbtest8 WHERE id BETWEEN 4264683 AND 4265682
	Aggregate  (cost=4134.68..4134.69 rows=1 width=8)
	  ->  Bitmap Heap Scan on sbtest8  (cost=31.38..4132.01 rows=1068 width=4)
	        Recheck Cond: ((id >= 4264683) AND (id <= 4265682))
	        ->  Bitmap Index Scan on sbtest8_pkey  (cost=0.00..31.11 rows=1068 width=0)
	              Index Cond: ((id >= 4264683) AND (id <= 4265682))

for: order_ranges
table 1 : explain SELECT c FROM sbtest1 WHERE id BETWEEN 1747326 AND 1748325 ORDER BY c
	Sort  (cost=4043.49..4046.07 rows=1032 width=121)
	  Sort Key: c
	  ->  Bitmap Heap Scan on sbtest1  (cost=31.01..3991.83 rows=1032 width=121)
	        Recheck Cond: ((id >= 1747326) AND (id <= 1748325))
	        ->  Bitmap Index Scan on sbtest1_pkey  (cost=0.00..30.75 rows=1032 width=0)
	              Index Cond: ((id >= 1747326) AND (id <= 1748325))

table 2 : explain SELECT c FROM sbtest2 WHERE id BETWEEN 5382315 AND 5383314 ORDER BY c
	Sort  (cost=3573.48..3575.75 rows=910 width=121)
	  Sort Key: c
	  ->  Bitmap Heap Scan on sbtest2  (cost=25.76..3528.75 rows=910 width=121)
	        Recheck Cond: ((id >= 5382315) AND (id <= 5383314))
	        ->  Bitmap Index Scan on sbtest2_pkey  (cost=0.00..25.54 rows=910 width=0)
	              Index Cond: ((id >= 5382315) AND (id <= 5383314))

table 3 : explain SELECT c FROM sbtest3 WHERE id BETWEEN 6380184 AND 6381183 ORDER BY c
	Sort  (cost=3915.44..3917.94 rows=998 width=121)
	  Sort Key: c
	  ->  Bitmap Heap Scan on sbtest3  (cost=30.66..3865.73 rows=998 width=121)
	        Recheck Cond: ((id >= 6380184) AND (id <= 6381183))
	        ->  Bitmap Index Scan on sbtest3_pkey  (cost=0.00..30.41 rows=998 width=0)
	              Index Cond: ((id >= 6380184) AND (id <= 6381183))

table 4 : explain SELECT c FROM sbtest4 WHERE id BETWEEN 513778 AND 514777 ORDER BY c
	Sort  (cost=3650.69..3653.02 rows=930 width=121)
	  Sort Key: c
	  ->  Bitmap Heap Scan on sbtest4  (cost=25.97..3604.84 rows=930 width=121)
	        Recheck Cond: ((id >= 513778) AND (id <= 514777))
	        ->  Bitmap Index Scan on sbtest4_pkey  (cost=0.00..25.73 rows=930 width=0)
	              Index Cond: ((id >= 513778) AND (id <= 514777))

table 5 : explain SELECT c FROM sbtest5 WHERE id BETWEEN 1218835 AND 1219834 ORDER BY c
	Sort  (cost=4410.51..4413.32 rows=1125 width=121)
	  Sort Key: c
	  ->  Bitmap Heap Scan on sbtest5  (cost=35.97..4353.50 rows=1125 width=121)
	        Recheck Cond: ((id >= 1218835) AND (id <= 1219834))
	        ->  Bitmap Index Scan on sbtest5_pkey  (cost=0.00..35.69 rows=1125 width=0)
	              Index Cond: ((id >= 1218835) AND (id <= 1219834))

table 6 : explain SELECT c FROM sbtest6 WHERE id BETWEEN 6110077 AND 6111076 ORDER BY c
	Sort  (cost=4074.37..4076.97 rows=1039 width=121)
	  Sort Key: c
	  ->  Bitmap Heap Scan on sbtest6  (cost=31.08..4022.31 rows=1039 width=121)
	        Recheck Cond: ((id >= 6110077) AND (id <= 6111076))
	        ->  Bitmap Index Scan on sbtest6_pkey  (cost=0.00..30.82 rows=1039 width=0)
	              Index Cond: ((id >= 6110077) AND (id <= 6111076))

table 7 : explain SELECT c FROM sbtest7 WHERE id BETWEEN 9699303 AND 9700302 ORDER BY c
	Sort  (cost=3881.84..3884.31 rows=988 width=121)
	  Sort Key: c
	  ->  Bitmap Heap Scan on sbtest7  (cost=30.56..3832.70 rows=988 width=121)
	        Recheck Cond: ((id >= 9699303) AND (id <= 9700302))
	        ->  Bitmap Index Scan on sbtest7_pkey  (cost=0.00..30.32 rows=988 width=0)
	              Index Cond: ((id >= 9699303) AND (id <= 9700302))

table 8 : explain SELECT c FROM sbtest8 WHERE id BETWEEN 9244259 AND 9245258 ORDER BY c
	Sort  (cost=3710.54..3712.90 rows=944 width=121)
	  Sort Key: c
	  ->  Bitmap Heap Scan on sbtest8  (cost=30.11..3663.90 rows=944 width=121)
	        Recheck Cond: ((id >= 9244259) AND (id <= 9245258))
	        ->  Bitmap Index Scan on sbtest8_pkey  (cost=0.00..29.87 rows=944 width=0)
	              Index Cond: ((id >= 9244259) AND (id <= 9245258))

for: sum_ranges
table 1 : explain SELECT SUM(k) FROM sbtest1 WHERE id BETWEEN 1558094 AND 1559093
	Aggregate  (cost=3828.50..3828.51 rows=1 width=8)
	  ->  Bitmap Heap Scan on sbtest1  (cost=30.56..3826.03 rows=988 width=4)
	        Recheck Cond: ((id >= 1558094) AND (id <= 1559093))
	        ->  Bitmap Index Scan on sbtest1_pkey  (cost=0.00..30.32 rows=988 width=0)
	              Index Cond: ((id >= 1558094) AND (id <= 1559093))

table 2 : explain SELECT SUM(k) FROM sbtest2 WHERE id BETWEEN 422040 AND 423039
	Aggregate  (cost=3633.41..3633.42 rows=1 width=8)
	  ->  Bitmap Heap Scan on sbtest2  (cost=30.03..3631.07 rows=936 width=4)
	        Recheck Cond: ((id >= 422040) AND (id <= 423039))
	        ->  Bitmap Index Scan on sbtest2_pkey  (cost=0.00..29.79 rows=936 width=0)
	              Index Cond: ((id >= 422040) AND (id <= 423039))

table 3 : explain SELECT SUM(k) FROM sbtest3 WHERE id BETWEEN 6067363 AND 6068362
	Aggregate  (cost=3928.61..3928.62 rows=1 width=8)
	  ->  Bitmap Heap Scan on sbtest3  (cost=30.83..3926.08 rows=1014 width=4)
	        Recheck Cond: ((id >= 6067363) AND (id <= 6068362))
	        ->  Bitmap Index Scan on sbtest3_pkey  (cost=0.00..30.57 rows=1014 width=0)
	              Index Cond: ((id >= 6067363) AND (id <= 6068362))

table 4 : explain SELECT SUM(k) FROM sbtest4 WHERE id BETWEEN 7831153 AND 7832152
	Aggregate  (cost=3705.72..3705.73 rows=1 width=8)
	  ->  Bitmap Heap Scan on sbtest4  (cost=30.22..3703.33 rows=955 width=4)
	        Recheck Cond: ((id >= 7831153) AND (id <= 7832152))
	        ->  Bitmap Index Scan on sbtest4_pkey  (cost=0.00..29.98 rows=955 width=0)
	              Index Cond: ((id >= 7831153) AND (id <= 7832152))

table 5 : explain SELECT SUM(k) FROM sbtest5 WHERE id BETWEEN 8851643 AND 8852642
	Aggregate  (cost=4258.10..4258.11 rows=1 width=8)
	  ->  Bitmap Heap Scan on sbtest5  (cost=31.71..4255.35 rows=1100 width=4)
	        Recheck Cond: ((id >= 8851643) AND (id <= 8852642))
	        ->  Bitmap Index Scan on sbtest5_pkey  (cost=0.00..31.43 rows=1100 width=0)
	              Index Cond: ((id >= 8851643) AND (id <= 8852642))

table 6 : explain SELECT SUM(k) FROM sbtest6 WHERE id BETWEEN 4858471 AND 4859470
	Aggregate  (cost=3783.19..3783.20 rows=1 width=8)
	  ->  Bitmap Heap Scan on sbtest6  (cost=30.43..3780.75 rows=975 width=4)
	        Recheck Cond: ((id >= 4858471) AND (id <= 4859470))
	        ->  Bitmap Index Scan on sbtest6_pkey  (cost=0.00..30.18 rows=975 width=0)
	              Index Cond: ((id >= 4858471) AND (id <= 4859470))

table 7 : explain SELECT SUM(k) FROM sbtest7 WHERE id BETWEEN 5728184 AND 5729183
	Aggregate  (cost=3922.16..3922.17 rows=1 width=8)
	  ->  Bitmap Heap Scan on sbtest7  (cost=30.80..3919.63 rows=1011 width=4)
	        Recheck Cond: ((id >= 5728184) AND (id <= 5729183))
	        ->  Bitmap Index Scan on sbtest7_pkey  (cost=0.00..30.54 rows=1011 width=0)
	              Index Cond: ((id >= 5728184) AND (id <= 5729183))

table 8 : explain SELECT SUM(k) FROM sbtest8 WHERE id BETWEEN 6384893 AND 6385892
	Aggregate  (cost=3715.46..3715.47 rows=1 width=8)
	  ->  Bitmap Heap Scan on sbtest8  (cost=30.24..3713.06 rows=957 width=4)
	        Recheck Cond: ((id >= 6384893) AND (id <= 6385892))
	        ->  Bitmap Index Scan on sbtest8_pkey  (cost=0.00..30.00 rows=957 width=0)
	              Index Cond: ((id >= 6384893) AND (id <= 6385892))

for: order_ranges
table 1 : explain SELECT c FROM sbtest1 WHERE id BETWEEN 394990 AND 395989 ORDER BY c
	Sort  (cost=4062.60..4065.19 rows=1037 width=121)
	  Sort Key: c
	  ->  Bitmap Heap Scan on sbtest1  (cost=31.06..4010.65 rows=1037 width=121)
	        Recheck Cond: ((id >= 394990) AND (id <= 395989))
	        ->  Bitmap Index Scan on sbtest1_pkey  (cost=0.00..30.80 rows=1037 width=0)
	              Index Cond: ((id >= 394990) AND (id <= 395989))

table 2 : explain SELECT c FROM sbtest2 WHERE id BETWEEN 6465293 AND 6466292 ORDER BY c
	Sort  (cost=3865.10..3867.56 rows=985 width=121)
	  Sort Key: c
	  ->  Bitmap Heap Scan on sbtest2  (cost=30.53..3816.13 rows=985 width=121)
	        Recheck Cond: ((id >= 6465293) AND (id <= 6466292))
	        ->  Bitmap Index Scan on sbtest2_pkey  (cost=0.00..30.29 rows=985 width=0)
	              Index Cond: ((id >= 6465293) AND (id <= 6466292))

table 3 : explain SELECT c FROM sbtest3 WHERE id BETWEEN 8479743 AND 8480742 ORDER BY c
	Sort  (cost=3804.33..3806.76 rows=969 width=121)
	  Sort Key: c
	  ->  Bitmap Heap Scan on sbtest3  (cost=30.37..3756.27 rows=969 width=121)
	        Recheck Cond: ((id >= 8479743) AND (id <= 8480742))
	        ->  Bitmap Index Scan on sbtest3_pkey  (cost=0.00..30.12 rows=969 width=0)
	              Index Cond: ((id >= 8479743) AND (id <= 8480742))

table 4 : explain SELECT c FROM sbtest4 WHERE id BETWEEN 7561331 AND 7562330 ORDER BY c
	Sort  (cost=4160.24..4162.89 rows=1062 width=121)
	  Sort Key: c
	  ->  Bitmap Heap Scan on sbtest4  (cost=31.32..4106.86 rows=1062 width=121)
	        Recheck Cond: ((id >= 7561331) AND (id <= 7562330))
	        ->  Bitmap Index Scan on sbtest4_pkey  (cost=0.00..31.05 rows=1062 width=0)
	              Index Cond: ((id >= 7561331) AND (id <= 7562330))

table 5 : explain SELECT c FROM sbtest5 WHERE id BETWEEN 2777234 AND 2778233 ORDER BY c
	Sort  (cost=3954.69..3957.20 rows=1007 width=121)
	  Sort Key: c
	  ->  Bitmap Heap Scan on sbtest5  (cost=30.76..3904.46 rows=1007 width=121)
	        Recheck Cond: ((id >= 2777234) AND (id <= 2778233))
	        ->  Bitmap Index Scan on sbtest5_pkey  (cost=0.00..30.50 rows=1007 width=0)
	              Index Cond: ((id >= 2777234) AND (id <= 2778233))

table 6 : explain SELECT c FROM sbtest6 WHERE id BETWEEN 7273593 AND 7274592 ORDER BY c
	Sort  (cost=4112.64..4115.26 rows=1049 width=121)
	  Sort Key: c
	  ->  Bitmap Heap Scan on sbtest6  (cost=31.19..4060.01 rows=1049 width=121)
	        Recheck Cond: ((id >= 7273593) AND (id <= 7274592))
	        ->  Bitmap Index Scan on sbtest6_pkey  (cost=0.00..30.93 rows=1049 width=0)
	              Index Cond: ((id >= 7273593) AND (id <= 7274592))

table 7 : explain SELECT c FROM sbtest7 WHERE id BETWEEN 9984702 AND 9985701 ORDER BY c
	Sort  (cost=3732.07..3734.44 rows=949 width=121)
	  Sort Key: c
	  ->  Bitmap Heap Scan on sbtest7  (cost=30.16..3685.14 rows=949 width=121)
	        Recheck Cond: ((id >= 9984702) AND (id <= 9985701))
	        ->  Bitmap Index Scan on sbtest7_pkey  (cost=0.00..29.93 rows=949 width=0)
	              Index Cond: ((id >= 9984702) AND (id <= 9985701))

table 8 : explain SELECT c FROM sbtest8 WHERE id BETWEEN 6145354 AND 6146353 ORDER BY c
	Sort  (cost=3587.46..3589.74 rows=913 width=121)
	  Sort Key: c
	  ->  Bitmap Heap Scan on sbtest8  (cost=25.79..3542.57 rows=913 width=121)
	        Recheck Cond: ((id >= 6145354) AND (id <= 6146353))
	        ->  Bitmap Index Scan on sbtest8_pkey  (cost=0.00..25.57 rows=913 width=0)
	              Index Cond: ((id >= 6145354) AND (id <= 6146353))

for: distinct_ranges
table 1 : explain SELECT DISTINCT c FROM sbtest1 WHERE id BETWEEN 6791737 AND 6792736 ORDER BY c
	Unique  (cost=3779.44..3784.26 rows=963 width=121)
	  ->  Sort  (cost=3779.44..3781.85 rows=963 width=121)
	        Sort Key: c
	        ->  Bitmap Heap Scan on sbtest1  (cost=30.31..3731.72 rows=963 width=121)
	              Recheck Cond: ((id >= 6791737) AND (id <= 6792736))
	              ->  Bitmap Index Scan on sbtest1_pkey  (cost=0.00..30.07 rows=963 width=0)
	                    Index Cond: ((id >= 6791737) AND (id <= 6792736))

table 2 : explain SELECT DISTINCT c FROM sbtest2 WHERE id BETWEEN 7493277 AND 7494276 ORDER BY c
	Unique  (cost=4071.77..4076.96 rows=1039 width=121)
	  ->  Sort  (cost=4071.77..4074.37 rows=1039 width=121)
	        Sort Key: c
	        ->  Bitmap Heap Scan on sbtest2  (cost=31.08..4019.71 rows=1039 width=121)
	              Recheck Cond: ((id >= 7493277) AND (id <= 7494276))
	              ->  Bitmap Index Scan on sbtest2_pkey  (cost=0.00..30.82 rows=1039 width=0)
	                    Index Cond: ((id >= 7493277) AND (id <= 7494276))

table 3 : explain SELECT DISTINCT c FROM sbtest3 WHERE id BETWEEN 7385850 AND 7386849 ORDER BY c
	Unique  (cost=3953.74..3958.78 rows=1008 width=121)
	  ->  Sort  (cost=3953.74..3956.26 rows=1008 width=121)
	        Sort Key: c
	        ->  Bitmap Heap Scan on sbtest3  (cost=30.77..3903.45 rows=1008 width=121)
	              Recheck Cond: ((id >= 7385850) AND (id <= 7386849))
	              ->  Bitmap Index Scan on sbtest3_pkey  (cost=0.00..30.51 rows=1008 width=0)
	                    Index Cond: ((id >= 7385850) AND (id <= 7386849))

table 4 : explain SELECT DISTINCT c FROM sbtest4 WHERE id BETWEEN 9754836 AND 9755835 ORDER BY c
	Unique  (cost=3831.11..3835.99 rows=976 width=121)
	  ->  Sort  (cost=3831.11..3833.55 rows=976 width=121)
	        Sort Key: c
	        ->  Bitmap Heap Scan on sbtest4  (cost=30.44..3782.64 rows=976 width=121)
	              Recheck Cond: ((id >= 9754836) AND (id <= 9755835))
	              ->  Bitmap Index Scan on sbtest4_pkey  (cost=0.00..30.19 rows=976 width=0)
	                    Index Cond: ((id >= 9754836) AND (id <= 9755835))

table 5 : explain SELECT DISTINCT c FROM sbtest5 WHERE id BETWEEN 1591030 AND 1592029 ORDER BY c
	Unique  (cost=3851.08..3855.98 rows=980 width=121)
	  ->  Sort  (cost=3851.08..3853.53 rows=980 width=121)
	        Sort Key: c
	        ->  Bitmap Heap Scan on sbtest5  (cost=30.48..3802.39 rows=980 width=121)
	              Recheck Cond: ((id >= 1591030) AND (id <= 1592029))
	              ->  Bitmap Index Scan on sbtest5_pkey  (cost=0.00..30.23 rows=980 width=0)
	                    Index Cond: ((id >= 1591030) AND (id <= 1592029))

table 6 : explain SELECT DISTINCT c FROM sbtest6 WHERE id BETWEEN 4878657 AND 4879656 ORDER BY c
	Unique  (cost=3829.16..3834.03 rows=975 width=121)
	  ->  Sort  (cost=3829.16..3831.59 rows=975 width=121)
	        Sort Key: c
	        ->  Bitmap Heap Scan on sbtest6  (cost=30.43..3780.75 rows=975 width=121)
	              Recheck Cond: ((id >= 4878657) AND (id <= 4879656))
	              ->  Bitmap Index Scan on sbtest6_pkey  (cost=0.00..30.18 rows=975 width=0)
	                    Index Cond: ((id >= 4878657) AND (id <= 4879656))

table 7 : explain SELECT DISTINCT c FROM sbtest7 WHERE id BETWEEN 8999999 AND 9000998 ORDER BY c
	Unique  (cost=3904.87..3909.84 rows=994 width=121)
	  ->  Sort  (cost=3904.87..3907.35 rows=994 width=121)
	        Sort Key: c
	        ->  Bitmap Heap Scan on sbtest7  (cost=30.62..3855.38 rows=994 width=121)
	              Recheck Cond: ((id >= 8999999) AND (id <= 9000998))
	              ->  Bitmap Index Scan on sbtest7_pkey  (cost=0.00..30.37 rows=994 width=0)
	                    Index Cond: ((id >= 8999999) AND (id <= 9000998))

table 8 : explain SELECT DISTINCT c FROM sbtest8 WHERE id BETWEEN 5484534 AND 5485533 ORDER BY c
	Unique  (cost=3963.69..3968.74 rows=1010 width=121)
	  ->  Sort  (cost=3963.69..3966.21 rows=1010 width=121)
	        Sort Key: c
	        ->  Bitmap Heap Scan on sbtest8  (cost=30.79..3913.29 rows=1010 width=121)
	              Recheck Cond: ((id >= 5484534) AND (id <= 5485533))
	              ->  Bitmap Index Scan on sbtest8_pkey  (cost=0.00..30.54 rows=1010 width=0)
	                    Index Cond: ((id >= 5484534) AND (id <= 5485533))

for: distinct_ranges
table 1 : explain SELECT DISTINCT c FROM sbtest1 WHERE id BETWEEN 1651087 AND 1652086 ORDER BY c
	Unique  (cost=3890.49..3895.45 rows=992 width=121)
	  ->  Sort  (cost=3890.49..3892.97 rows=992 width=121)
	        Sort Key: c
	        ->  Bitmap Heap Scan on sbtest1  (cost=30.60..3841.11 rows=992 width=121)
	              Recheck Cond: ((id >= 1651087) AND (id <= 1652086))
	              ->  Bitmap Index Scan on sbtest1_pkey  (cost=0.00..30.36 rows=992 width=0)
	                    Index Cond: ((id >= 1651087) AND (id <= 1652086))

table 2 : explain SELECT DISTINCT c FROM sbtest2 WHERE id BETWEEN 2977639 AND 2978638 ORDER BY c
	Unique  (cost=3780.80..3785.62 rows=963 width=121)
	  ->  Sort  (cost=3780.80..3783.21 rows=963 width=121)
	        Sort Key: c
	        ->  Bitmap Heap Scan on sbtest2  (cost=30.31..3733.08 rows=963 width=121)
	              Recheck Cond: ((id >= 2977639) AND (id <= 2978638))
	              ->  Bitmap Index Scan on sbtest2_pkey  (cost=0.00..30.07 rows=963 width=0)
	                    Index Cond: ((id >= 2977639) AND (id <= 2978638))

table 3 : explain SELECT DISTINCT c FROM sbtest3 WHERE id BETWEEN 4990678 AND 4991677 ORDER BY c
	Unique  (cost=3785.17..3789.99 rows=964 width=121)
	  ->  Sort  (cost=3785.17..3787.58 rows=964 width=121)
	        Sort Key: c
	        ->  Bitmap Heap Scan on sbtest3  (cost=30.32..3737.39 rows=964 width=121)
	              Recheck Cond: ((id >= 4990678) AND (id <= 4991677))
	              ->  Bitmap Index Scan on sbtest3_pkey  (cost=0.00..30.07 rows=964 width=0)
	                    Index Cond: ((id >= 4990678) AND (id <= 4991677))

table 4 : explain SELECT DISTINCT c FROM sbtest4 WHERE id BETWEEN 6551455 AND 6552454 ORDER BY c
	Unique  (cost=4488.59..4494.34 rows=1149 width=121)
	  ->  Sort  (cost=4488.59..4491.46 rows=1149 width=121)
	        Sort Key: c
	        ->  Bitmap Heap Scan on sbtest4  (cost=32.21..4430.19 rows=1149 width=121)
	              Recheck Cond: ((id >= 6551455) AND (id <= 6552454))
	              ->  Bitmap Index Scan on sbtest4_pkey  (cost=0.00..31.93 rows=1149 width=0)
	                    Index Cond: ((id >= 6551455) AND (id <= 6552454))

table 5 : explain SELECT DISTINCT c FROM sbtest5 WHERE id BETWEEN 5235415 AND 5236414 ORDER BY c
	Unique  (cost=4203.77..4209.13 rows=1072 width=121)
	  ->  Sort  (cost=4203.77..4206.45 rows=1072 width=121)
	        Sort Key: c
	        ->  Bitmap Heap Scan on sbtest5  (cost=31.42..4149.81 rows=1072 width=121)
	              Recheck Cond: ((id >= 5235415) AND (id <= 5236414))
	              ->  Bitmap Index Scan on sbtest5_pkey  (cost=0.00..31.15 rows=1072 width=0)
	                    Index Cond: ((id >= 5235415) AND (id <= 5236414))

table 6 : explain SELECT DISTINCT c FROM sbtest6 WHERE id BETWEEN 8558225 AND 8559224 ORDER BY c
	Unique  (cost=4089.68..4094.89 rows=1043 width=121)
	  ->  Sort  (cost=4089.68..4092.29 rows=1043 width=121)
	        Sort Key: c
	        ->  Bitmap Heap Scan on sbtest6  (cost=31.13..4037.39 rows=1043 width=121)
	              Recheck Cond: ((id >= 8558225) AND (id <= 8559224))
	              ->  Bitmap Index Scan on sbtest6_pkey  (cost=0.00..30.86 rows=1043 width=0)
	                    Index Cond: ((id >= 8558225) AND (id <= 8559224))

table 7 : explain SELECT DISTINCT c FROM sbtest7 WHERE id BETWEEN 771375 AND 772374 ORDER BY c
	Unique  (cost=4042.94..4048.09 rows=1030 width=121)
	  ->  Sort  (cost=4042.94..4045.51 rows=1030 width=121)
	        Sort Key: c
	        ->  Bitmap Heap Scan on sbtest7  (cost=30.99..3991.39 rows=1030 width=121)
	              Recheck Cond: ((id >= 771375) AND (id <= 772374))
	              ->  Bitmap Index Scan on sbtest7_pkey  (cost=0.00..30.73 rows=1030 width=0)
	                    Index Cond: ((id >= 771375) AND (id <= 772374))

table 8 : explain SELECT DISTINCT c FROM sbtest8 WHERE id BETWEEN 3953225 AND 3954224 ORDER BY c
	Unique  (cost=3545.18..3549.69 rows=902 width=121)
	  ->  Sort  (cost=3545.18..3547.43 rows=902 width=121)
	        Sort Key: c
	        ->  Bitmap Heap Scan on sbtest8  (cost=25.68..3500.90 rows=902 width=121)
	              Recheck Cond: ((id >= 3953225) AND (id <= 3954224))
	              ->  Bitmap Index Scan on sbtest8_pkey  (cost=0.00..25.45 rows=902 width=0)
	                    Index Cond: ((id >= 3953225) AND (id <= 3954224))

for: order_ranges
table 1 : explain SELECT c FROM sbtest1 WHERE id BETWEEN 2911333 AND 2912332 ORDER BY c
	Sort  (cost=4020.55..4023.11 rows=1026 width=121)
	  Sort Key: c
	  ->  Bitmap Heap Scan on sbtest1  (cost=30.95..3969.23 rows=1026 width=121)
	        Recheck Cond: ((id >= 2911333) AND (id <= 2912332))
	        ->  Bitmap Index Scan on sbtest1_pkey  (cost=0.00..30.69 rows=1026 width=0)
	              Index Cond: ((id >= 2911333) AND (id <= 2912332))

table 2 : explain SELECT c FROM sbtest2 WHERE id BETWEEN 3999442 AND 4000441 ORDER BY c
	Sort  (cost=4018.22..4020.78 rows=1025 width=121)
	  Sort Key: c
	  ->  Bitmap Heap Scan on sbtest2  (cost=30.94..3966.96 rows=1025 width=121)
	        Recheck Cond: ((id >= 3999442) AND (id <= 4000441))
	        ->  Bitmap Index Scan on sbtest2_pkey  (cost=0.00..30.68 rows=1025 width=0)
	              Index Cond: ((id >= 3999442) AND (id <= 4000441))

table 3 : explain SELECT c FROM sbtest3 WHERE id BETWEEN 5331287 AND 5332286 ORDER BY c
	Sort  (cost=4278.73..4281.46 rows=1093 width=121)
	  Sort Key: c
	  ->  Bitmap Heap Scan on sbtest3  (cost=31.64..4223.57 rows=1093 width=121)
	        Recheck Cond: ((id >= 5331287) AND (id <= 5332286))
	        ->  Bitmap Index Scan on sbtest3_pkey  (cost=0.00..31.36 rows=1093 width=0)
	              Index Cond: ((id >= 5331287) AND (id <= 5332286))

table 4 : explain SELECT c FROM sbtest4 WHERE id BETWEEN 7802027 AND 7803026 ORDER BY c
	Sort  (cost=3750.60..3752.99 rows=955 width=121)
	  Sort Key: c
	  ->  Bitmap Heap Scan on sbtest4  (cost=30.22..3703.33 rows=955 width=121)
	        Recheck Cond: ((id >= 7802027) AND (id <= 7803026))
	        ->  Bitmap Index Scan on sbtest4_pkey  (cost=0.00..29.98 rows=955 width=0)
	              Index Cond: ((id >= 7802027) AND (id <= 7803026))

table 5 : explain SELECT c FROM sbtest5 WHERE id BETWEEN 5322518 AND 5323517 ORDER BY c
	Sort  (cost=4337.69..4340.46 rows=1107 width=121)
	  Sort Key: c
	  ->  Bitmap Heap Scan on sbtest5  (cost=31.78..4281.72 rows=1107 width=121)
	        Recheck Cond: ((id >= 5322518) AND (id <= 5323517))
	        ->  Bitmap Index Scan on sbtest5_pkey  (cost=0.00..31.50 rows=1107 width=0)
	              Index Cond: ((id >= 5322518) AND (id <= 5323517))

table 6 : explain SELECT c FROM sbtest6 WHERE id BETWEEN 6181778 AND 6182777 ORDER BY c
	Sort  (cost=4032.26..4034.83 rows=1028 width=121)
	  Sort Key: c
	  ->  Bitmap Heap Scan on sbtest6  (cost=30.97..3980.83 rows=1028 width=121)
	        Recheck Cond: ((id >= 6181778) AND (id <= 6182777))
	        ->  Bitmap Index Scan on sbtest6_pkey  (cost=0.00..30.71 rows=1028 width=0)
	              Index Cond: ((id >= 6181778) AND (id <= 6182777))

table 7 : explain SELECT c FROM sbtest7 WHERE id BETWEEN 6988230 AND 6989229 ORDER BY c
	Sort  (cost=3824.26..3826.69 rows=973 width=121)
	  Sort Key: c
	  ->  Bitmap Heap Scan on sbtest7  (cost=30.41..3775.97 rows=973 width=121)
	        Recheck Cond: ((id >= 6988230) AND (id <= 6989229))
	        ->  Bitmap Index Scan on sbtest7_pkey  (cost=0.00..30.16 rows=973 width=0)
	              Index Cond: ((id >= 6988230) AND (id <= 6989229))

table 8 : explain SELECT c FROM sbtest8 WHERE id BETWEEN 3347950 AND 3348949 ORDER BY c
	Sort  (cost=3687.50..3689.85 rows=938 width=121)
	  Sort Key: c
	  ->  Bitmap Heap Scan on sbtest8  (cost=30.05..3641.20 rows=938 width=121)
	        Recheck Cond: ((id >= 3347950) AND (id <= 3348949))
	        ->  Bitmap Index Scan on sbtest8_pkey  (cost=0.00..29.82 rows=938 width=0)
	              Index Cond: ((id >= 3347950) AND (id <= 3348949))

for: order_ranges
table 1 : explain SELECT c FROM sbtest1 WHERE id BETWEEN 7935997 AND 7936996 ORDER BY c
	Sort  (cost=4173.38..4176.05 rows=1066 width=121)
	  Sort Key: c
	  ->  Bitmap Heap Scan on sbtest1  (cost=31.36..4119.78 rows=1066 width=121)
	        Recheck Cond: ((id >= 7935997) AND (id <= 7936996))
	        ->  Bitmap Index Scan on sbtest1_pkey  (cost=0.00..31.09 rows=1066 width=0)
	              Index Cond: ((id >= 7935997) AND (id <= 7936996))

table 2 : explain SELECT c FROM sbtest2 WHERE id BETWEEN 6642971 AND 6643970 ORDER BY c
	Sort  (cost=3815.30..3817.73 rows=972 width=121)
	  Sort Key: c
	  ->  Bitmap Heap Scan on sbtest2  (cost=30.40..3767.06 rows=972 width=121)
	        Recheck Cond: ((id >= 6642971) AND (id <= 6643970))
	        ->  Bitmap Index Scan on sbtest2_pkey  (cost=0.00..30.15 rows=972 width=0)
	              Index Cond: ((id >= 6642971) AND (id <= 6643970))

table 3 : explain SELECT c FROM sbtest3 WHERE id BETWEEN 566597 AND 567596 ORDER BY c
	Sort  (cost=4068.54..4071.13 rows=1038 width=121)
	  Sort Key: c
	  ->  Bitmap Heap Scan on sbtest3  (cost=31.07..4016.53 rows=1038 width=121)
	        Recheck Cond: ((id >= 566597) AND (id <= 567596))
	        ->  Bitmap Index Scan on sbtest3_pkey  (cost=0.00..30.82 rows=1038 width=0)
	              Index Cond: ((id >= 566597) AND (id <= 567596))

table 4 : explain SELECT c FROM sbtest4 WHERE id BETWEEN 3685701 AND 3686700 ORDER BY c
	Sort  (cost=4057.00..4059.59 rows=1035 width=121)
	  Sort Key: c
	  ->  Bitmap Heap Scan on sbtest4  (cost=31.04..4005.17 rows=1035 width=121)
	        Recheck Cond: ((id >= 3685701) AND (id <= 3686700))
	        ->  Bitmap Index Scan on sbtest4_pkey  (cost=0.00..30.79 rows=1035 width=0)
	              Index Cond: ((id >= 3685701) AND (id <= 3686700))

table 5 : explain SELECT c FROM sbtest5 WHERE id BETWEEN 8161756 AND 8162755 ORDER BY c
	Sort  (cost=4004.54..4007.09 rows=1020 width=121)
	  Sort Key: c
	  ->  Bitmap Heap Scan on sbtest5  (cost=30.89..3953.57 rows=1020 width=121)
	        Recheck Cond: ((id >= 8161756) AND (id <= 8162755))
	        ->  Bitmap Index Scan on sbtest5_pkey  (cost=0.00..30.64 rows=1020 width=0)
	              Index Cond: ((id >= 8161756) AND (id <= 8162755))

table 6 : explain SELECT c FROM sbtest6 WHERE id BETWEEN 6702235 AND 6703234 ORDER BY c
	Sort  (cost=3656.45..3658.77 rows=930 width=121)
	  Sort Key: c
	  ->  Bitmap Heap Scan on sbtest6  (cost=29.97..3610.59 rows=930 width=121)
	        Recheck Cond: ((id >= 6702235) AND (id <= 6703234))
	        ->  Bitmap Index Scan on sbtest6_pkey  (cost=0.00..29.73 rows=930 width=0)
	              Index Cond: ((id >= 6702235) AND (id <= 6703234))

table 7 : explain SELECT c FROM sbtest7 WHERE id BETWEEN 7029063 AND 7030062 ORDER BY c
	Sort  (cost=3824.26..3826.69 rows=973 width=121)
	  Sort Key: c
	  ->  Bitmap Heap Scan on sbtest7  (cost=30.41..3775.97 rows=973 width=121)
	        Recheck Cond: ((id >= 7029063) AND (id <= 7030062))
	        ->  Bitmap Index Scan on sbtest7_pkey  (cost=0.00..30.16 rows=973 width=0)
	              Index Cond: ((id >= 7029063) AND (id <= 7030062))

table 8 : explain SELECT c FROM sbtest8 WHERE id BETWEEN 8238190 AND 8239189 ORDER BY c
	Sort  (cost=4070.93..4073.53 rows=1038 width=121)
	  Sort Key: c
	  ->  Bitmap Heap Scan on sbtest8  (cost=31.07..4018.93 rows=1038 width=121)
	        Recheck Cond: ((id >= 8238190) AND (id <= 8239189))
	        ->  Bitmap Index Scan on sbtest8_pkey  (cost=0.00..30.82 rows=1038 width=0)
	              Index Cond: ((id >= 8238190) AND (id <= 8239189))

for point_selects
table 1 : explain SELECT c FROM sbtest1 WHERE id=8349777
	Index Scan using sbtest1_pkey on sbtest1  (cost=0.43..8.45 rows=1 width=121)
	  Index Cond: (id = 8349777)

table 2 : explain SELECT c FROM sbtest2 WHERE id=2656907
	Index Scan using sbtest2_pkey on sbtest2  (cost=0.43..8.45 rows=1 width=121)
	  Index Cond: (id = 2656907)

table 3 : explain SELECT c FROM sbtest3 WHERE id=4429069
	Index Scan using sbtest3_pkey on sbtest3  (cost=0.43..8.45 rows=1 width=121)
	  Index Cond: (id = 4429069)

table 4 : explain SELECT c FROM sbtest4 WHERE id=6899023
	Index Scan using sbtest4_pkey on sbtest4  (cost=0.43..8.45 rows=1 width=121)
	  Index Cond: (id = 6899023)

table 5 : explain SELECT c FROM sbtest5 WHERE id=5320243
	Index Scan using sbtest5_pkey on sbtest5  (cost=0.43..8.45 rows=1 width=121)
	  Index Cond: (id = 5320243)

table 6 : explain SELECT c FROM sbtest6 WHERE id=8015018
	Index Scan using sbtest6_pkey on sbtest6  (cost=0.43..8.45 rows=1 width=121)
	  Index Cond: (id = 8015018)

table 7 : explain SELECT c FROM sbtest7 WHERE id=9861843
	Index Scan using sbtest7_pkey on sbtest7  (cost=0.43..8.45 rows=1 width=121)
	  Index Cond: (id = 9861843)

table 8 : explain SELECT c FROM sbtest8 WHERE id=9464340
	Index Scan using sbtest8_pkey on sbtest8  (cost=0.43..8.45 rows=1 width=121)
	  Index Cond: (id = 9464340)
for: distinct_ranges
table 1 : explain SELECT DISTINCT c FROM sbtest1 WHERE id BETWEEN 7482394 AND 7483393 ORDER BY c
	Unique  (cost=3917.27..3922.27 rows=999 width=121)
	  ->  Sort  (cost=3917.27..3919.77 rows=999 width=121)
	        Sort Key: c
	        ->  Bitmap Heap Scan on sbtest1  (cost=30.67..3867.50 rows=999 width=121)
	              Recheck Cond: ((id >= 7482394) AND (id <= 7483393))
	              ->  Bitmap Index Scan on sbtest1_pkey  (cost=0.00..30.43 rows=999 width=0)
	                    Index Cond: ((id >= 7482394) AND (id <= 7483393))

table 2 : explain SELECT DISTINCT c FROM sbtest2 WHERE id BETWEEN 4043215 AND 4044214 ORDER BY c
	Unique  (cost=4018.22..4023.35 rows=1025 width=121)
	  ->  Sort  (cost=4018.22..4020.78 rows=1025 width=121)
	        Sort Key: c
	        ->  Bitmap Heap Scan on sbtest2  (cost=30.94..3966.96 rows=1025 width=121)
	              Recheck Cond: ((id >= 4043215) AND (id <= 4044214))
	              ->  Bitmap Index Scan on sbtest2_pkey  (cost=0.00..30.68 rows=1025 width=0)
	                    Index Cond: ((id >= 4043215) AND (id <= 4044214))

table 3 : explain SELECT DISTINCT c FROM sbtest3 WHERE id BETWEEN 8130184 AND 8131183 ORDER BY c
	Unique  (cost=3869.48..3874.41 rows=986 width=121)
	  ->  Sort  (cost=3869.48..3871.95 rows=986 width=121)
	        Sort Key: c
	        ->  Bitmap Heap Scan on sbtest3  (cost=30.54..3820.45 rows=986 width=121)
	              Recheck Cond: ((id >= 8130184) AND (id <= 8131183))
	              ->  Bitmap Index Scan on sbtest3_pkey  (cost=0.00..30.29 rows=986 width=0)
	                    Index Cond: ((id >= 8130184) AND (id <= 8131183))

table 4 : explain SELECT DISTINCT c FROM sbtest4 WHERE id BETWEEN 6349444 AND 6350443 ORDER BY c
	Unique  (cost=4014.91..4020.03 rows=1024 width=121)
	  ->  Sort  (cost=4014.91..4017.47 rows=1024 width=121)
	        Sort Key: c
	        ->  Bitmap Heap Scan on sbtest4  (cost=30.93..3963.71 rows=1024 width=121)
	              Recheck Cond: ((id >= 6349444) AND (id <= 6350443))
	              ->  Bitmap Index Scan on sbtest4_pkey  (cost=0.00..30.68 rows=1024 width=0)
	                    Index Cond: ((id >= 6349444) AND (id <= 6350443))

table 5 : explain SELECT DISTINCT c FROM sbtest5 WHERE id BETWEEN 1500957 AND 1501956 ORDER BY c
	Unique  (cost=4272.66..4278.11 rows=1090 width=121)
	  ->  Sort  (cost=4272.66..4275.38 rows=1090 width=121)
	        Sort Key: c
	        ->  Bitmap Heap Scan on sbtest5  (cost=31.61..4217.67 rows=1090 width=121)
	              Recheck Cond: ((id >= 1500957) AND (id <= 1501956))
	              ->  Bitmap Index Scan on sbtest5_pkey  (cost=0.00..31.33 rows=1090 width=0)
	                    Index Cond: ((id >= 1500957) AND (id <= 1501956))

table 6 : explain SELECT DISTINCT c FROM sbtest6 WHERE id BETWEEN 8326103 AND 8327102 ORDER BY c
	Unique  (cost=4147.07..4152.36 rows=1058 width=121)
	  ->  Sort  (cost=4147.07..4149.72 rows=1058 width=121)
	        Sort Key: c
	        ->  Bitmap Heap Scan on sbtest6  (cost=31.28..4093.92 rows=1058 width=121)
	              Recheck Cond: ((id >= 8326103) AND (id <= 8327102))
	              ->  Bitmap Index Scan on sbtest6_pkey  (cost=0.00..31.01 rows=1058 width=0)
	                    Index Cond: ((id >= 8326103) AND (id <= 8327102))

table 7 : explain SELECT DISTINCT c FROM sbtest7 WHERE id BETWEEN 4084870 AND 4085869 ORDER BY c
	Unique  (cost=3816.58..3821.43 rows=971 width=121)
	  ->  Sort  (cost=3816.58..3819.01 rows=971 width=121)
	        Sort Key: c
	        ->  Bitmap Heap Scan on sbtest7  (cost=30.39..3768.40 rows=971 width=121)
	              Recheck Cond: ((id >= 4084870) AND (id <= 4085869))
	              ->  Bitmap Index Scan on sbtest7_pkey  (cost=0.00..30.14 rows=971 width=0)
	                    Index Cond: ((id >= 4084870) AND (id <= 4085869))

table 8 : explain SELECT DISTINCT c FROM sbtest8 WHERE id BETWEEN 2930609 AND 2931608 ORDER BY c
	Unique  (cost=4273.67..4279.13 rows=1091 width=121)
	  ->  Sort  (cost=4273.67..4276.40 rows=1091 width=121)
	        Sort Key: c
	        ->  Bitmap Heap Scan on sbtest8  (cost=31.62..4218.62 rows=1091 width=121)
	              Recheck Cond: ((id >= 2930609) AND (id <= 2931608))
	              ->  Bitmap Index Scan on sbtest8_pkey  (cost=0.00..31.34 rows=1091 width=0)
	                    Index Cond: ((id >= 2930609) AND (id <= 2931608))


for: order_ranges
table 1 : explain SELECT c FROM sbtest1 WHERE id BETWEEN 120188 AND 121187 ORDER BY c
	Sort  (cost=3898.14..3900.63 rows=994 width=121)
	  Sort Key: c
	  ->  Bitmap Heap Scan on sbtest1  (cost=30.62..3848.65 rows=994 width=121)
	        Recheck Cond: ((id >= 120188) AND (id <= 121187))
	        ->  Bitmap Index Scan on sbtest1_pkey  (cost=0.00..30.37 rows=994 width=0)
	              Index Cond: ((id >= 120188) AND (id <= 121187))

table 2 : explain SELECT c FROM sbtest2 WHERE id BETWEEN 1196018 AND 1197017 ORDER BY c
	Sort  (cost=4278.09..4280.82 rows=1093 width=121)
	  Sort Key: c
	  ->  Bitmap Heap Scan on sbtest2  (cost=31.64..4222.93 rows=1093 width=121)
	        Recheck Cond: ((id >= 1196018) AND (id <= 1197017))
	        ->  Bitmap Index Scan on sbtest2_pkey  (cost=0.00..31.36 rows=1093 width=0)
	              Index Cond: ((id >= 1196018) AND (id <= 1197017))

table 3 : explain SELECT c FROM sbtest3 WHERE id BETWEEN 2182522 AND 2183521 ORDER BY c
	Sort  (cost=3485.60..3487.82 rows=887 width=121)
	  Sort Key: c
	  ->  Bitmap Heap Scan on sbtest3  (cost=25.53..3442.17 rows=887 width=121)
	        Recheck Cond: ((id >= 2182522) AND (id <= 2183521))
	        ->  Bitmap Index Scan on sbtest3_pkey  (cost=0.00..25.30 rows=887 width=0)
	              Index Cond: ((id >= 2182522) AND (id <= 2183521))

table 4 : explain SELECT c FROM sbtest4 WHERE id BETWEEN 4177850 AND 4178849 ORDER BY c
	Sort  (cost=4175.52..4178.19 rows=1066 width=121)
	  Sort Key: c
	  ->  Bitmap Heap Scan on sbtest4  (cost=31.36..4121.91 rows=1066 width=121)
	        Recheck Cond: ((id >= 4177850) AND (id <= 4178849))
	        ->  Bitmap Index Scan on sbtest4_pkey  (cost=0.00..31.09 rows=1066 width=0)
	              Index Cond: ((id >= 4177850) AND (id <= 4178849))

table 5 : explain SELECT c FROM sbtest5 WHERE id BETWEEN 7979850 AND 7980849 ORDER BY c
	Sort  (cost=4085.03..4087.64 rows=1041 width=121)
	  Sort Key: c
	  ->  Bitmap Heap Scan on sbtest5  (cost=31.11..4032.86 rows=1041 width=121)
	        Recheck Cond: ((id >= 7979850) AND (id <= 7980849))
	        ->  Bitmap Index Scan on sbtest5_pkey  (cost=0.00..30.84 rows=1041 width=0)
	              Index Cond: ((id >= 7979850) AND (id <= 7980849))

table 6 : explain SELECT c FROM sbtest6 WHERE id BETWEEN 2859220 AND 2860219 ORDER BY c
	Sort  (cost=4108.81..4111.43 rows=1048 width=121)
	  Sort Key: c
	  ->  Bitmap Heap Scan on sbtest6  (cost=31.18..4056.24 rows=1048 width=121)
	        Recheck Cond: ((id >= 2859220) AND (id <= 2860219))
	        ->  Bitmap Index Scan on sbtest6_pkey  (cost=0.00..30.91 rows=1048 width=0)
	              Index Cond: ((id >= 2859220) AND (id <= 2860219))

table 7 : explain SELECT c FROM sbtest7 WHERE id BETWEEN 8206589 AND 8207588 ORDER BY c
	Sort  (cost=3954.74..3957.26 rows=1007 width=121)
	  Sort Key: c
	  ->  Bitmap Heap Scan on sbtest7  (cost=30.76..3904.51 rows=1007 width=121)
	        Recheck Cond: ((id >= 8206589) AND (id <= 8207588))
	        ->  Bitmap Index Scan on sbtest7_pkey  (cost=0.00..30.50 rows=1007 width=0)
	              Index Cond: ((id >= 8206589) AND (id <= 8207588))

table 8 : explain SELECT c FROM sbtest8 WHERE id BETWEEN 3019303 AND 3020302 ORDER BY c
	Sort  (cost=3894.70..3897.18 rows=992 width=121)
	  Sort Key: c
	  ->  Bitmap Heap Scan on sbtest8  (cost=30.60..3845.33 rows=992 width=121)
	        Recheck Cond: ((id >= 3019303) AND (id <= 3020302))
	        ->  Bitmap Index Scan on sbtest8_pkey  (cost=0.00..30.36 rows=992 width=0)
	              Index Cond: ((id >= 3019303) AND (id <= 3020302))

for point_selects
table 1 : explain SELECT c FROM sbtest1 WHERE id=2847315
	Index Scan using sbtest1_pkey on sbtest1  (cost=0.43..8.45 rows=1 width=121)
	  Index Cond: (id = 2847315)

table 2 : explain SELECT c FROM sbtest2 WHERE id=4655135
	Index Scan using sbtest2_pkey on sbtest2  (cost=0.43..8.45 rows=1 width=121)
	  Index Cond: (id = 4655135)

table 3 : explain SELECT c FROM sbtest3 WHERE id=493512
	Index Scan using sbtest3_pkey on sbtest3  (cost=0.43..8.45 rows=1 width=121)
	  Index Cond: (id = 493512)

table 4 : explain SELECT c FROM sbtest4 WHERE id=3565023
	Index Scan using sbtest4_pkey on sbtest4  (cost=0.43..8.45 rows=1 width=121)
	  Index Cond: (id = 3565023)

table 5 : explain SELECT c FROM sbtest5 WHERE id=3359809
	Index Scan using sbtest5_pkey on sbtest5  (cost=0.43..8.45 rows=1 width=121)
	  Index Cond: (id = 3359809)

table 6 : explain SELECT c FROM sbtest6 WHERE id=2191349
	Index Scan using sbtest6_pkey on sbtest6  (cost=0.43..8.45 rows=1 width=121)
	  Index Cond: (id = 2191349)

table 7 : explain SELECT c FROM sbtest7 WHERE id=1418709
	Index Scan using sbtest7_pkey on sbtest7  (cost=0.43..8.45 rows=1 width=121)
	  Index Cond: (id = 1418709)

table 8 : explain SELECT c FROM sbtest8 WHERE id=9943394
	Index Scan using sbtest8_pkey on sbtest8  (cost=0.43..8.45 rows=1 width=121)
	  Index Cond: (id = 9943394)

for: distinct_ranges
table 1 : explain SELECT DISTINCT c FROM sbtest1 WHERE id BETWEEN 3509417 AND 3510416 ORDER BY c
	Unique  (cost=3741.13..3745.89 rows=953 width=121)
	  ->  Sort  (cost=3741.13..3743.51 rows=953 width=121)
	        Sort Key: c
	        ->  Bitmap Heap Scan on sbtest1  (cost=30.20..3693.97 rows=953 width=121)
	              Recheck Cond: ((id >= 3509417) AND (id <= 3510416))
	              ->  Bitmap Index Scan on sbtest1_pkey  (cost=0.00..29.96 rows=953 width=0)
	                    Index Cond: ((id >= 3509417) AND (id <= 3510416))

table 2 : explain SELECT DISTINCT c FROM sbtest2 WHERE id BETWEEN 6018793 AND 6019792 ORDER BY c
	Unique  (cost=4071.77..4076.96 rows=1039 width=121)
	  ->  Sort  (cost=4071.77..4074.37 rows=1039 width=121)
	        Sort Key: c
	        ->  Bitmap Heap Scan on sbtest2  (cost=31.08..4019.71 rows=1039 width=121)
	              Recheck Cond: ((id >= 6018793) AND (id <= 6019792))
	              ->  Bitmap Index Scan on sbtest2_pkey  (cost=0.00..30.82 rows=1039 width=0)
	                    Index Cond: ((id >= 6018793) AND (id <= 6019792))

table 3 : explain SELECT DISTINCT c FROM sbtest3 WHERE id BETWEEN 803308 AND 804307 ORDER BY c
	Unique  (cost=4076.19..4081.39 rows=1040 width=121)
	  ->  Sort  (cost=4076.19..4078.79 rows=1040 width=121)
	        Sort Key: c
	        ->  Bitmap Heap Scan on sbtest3  (cost=31.09..4024.07 rows=1040 width=121)
	              Recheck Cond: ((id >= 803308) AND (id <= 804307))
	              ->  Bitmap Index Scan on sbtest3_pkey  (cost=0.00..30.83 rows=1040 width=0)
	                    Index Cond: ((id >= 803308) AND (id <= 804307))

table 4 : explain SELECT DISTINCT c FROM sbtest4 WHERE id BETWEEN 6453285 AND 6454284 ORDER BY c
	Unique  (cost=3880.91..3885.86 rows=989 width=121)
	  ->  Sort  (cost=3880.91..3883.39 rows=989 width=121)
	        Sort Key: c
	        ->  Bitmap Heap Scan on sbtest4  (cost=30.57..3831.71 rows=989 width=121)
	              Recheck Cond: ((id >= 6453285) AND (id <= 6454284))
	              ->  Bitmap Index Scan on sbtest4_pkey  (cost=0.00..30.32 rows=989 width=0)
	                    Index Cond: ((id >= 6453285) AND (id <= 6454284))

table 5 : explain SELECT DISTINCT c FROM sbtest5 WHERE id BETWEEN 3351356 AND 3352355 ORDER BY c
	Unique  (cost=3874.11..3879.04 rows=986 width=121)
	  ->  Sort  (cost=3874.11..3876.58 rows=986 width=121)
	        Sort Key: c
	        ->  Bitmap Heap Scan on sbtest5  (cost=30.54..3825.08 rows=986 width=121)
	              Recheck Cond: ((id >= 3351356) AND (id <= 3352355))
	              ->  Bitmap Index Scan on sbtest5_pkey  (cost=0.00..30.29 rows=986 width=0)
	                    Index Cond: ((id >= 3351356) AND (id <= 3352355))

table 6 : explain SELECT DISTINCT c FROM sbtest6 WHERE id BETWEEN 6741687 AND 6742686 ORDER BY c
	Unique  (cost=3890.50..3895.46 rows=991 width=121)
	  ->  Sort  (cost=3890.50..3892.98 rows=991 width=121)
	        Sort Key: c
	        ->  Bitmap Heap Scan on sbtest6  (cost=30.59..3841.19 rows=991 width=121)
	              Recheck Cond: ((id >= 6741687) AND (id <= 6742686))
	              ->  Bitmap Index Scan on sbtest6_pkey  (cost=0.00..30.34 rows=991 width=0)
	                    Index Cond: ((id >= 6741687) AND (id <= 6742686))

table 7 : explain SELECT DISTINCT c FROM sbtest7 WHERE id BETWEEN 170889 AND 171888 ORDER BY c
	Unique  (cost=4096.59..4101.81 rows=1044 width=121)
	  ->  Sort  (cost=4096.59..4099.20 rows=1044 width=121)
	        Sort Key: c
	        ->  Bitmap Heap Scan on sbtest7  (cost=31.14..4044.24 rows=1044 width=121)
	              Recheck Cond: ((id >= 170889) AND (id <= 171888))
	              ->  Bitmap Index Scan on sbtest7_pkey  (cost=0.00..30.87 rows=1044 width=0)
	                    Index Cond: ((id >= 170889) AND (id <= 171888))

table 8 : explain SELECT DISTINCT c FROM sbtest8 WHERE id BETWEEN 8098572 AND 8099571 ORDER BY c
	Unique  (cost=3956.03..3961.07 rows=1008 width=121)
	  ->  Sort  (cost=3956.03..3958.55 rows=1008 width=121)
	        Sort Key: c
	        ->  Bitmap Heap Scan on sbtest8  (cost=30.77..3905.74 rows=1008 width=121)
	              Recheck Cond: ((id >= 8098572) AND (id <= 8099571))
	              ->  Bitmap Index Scan on sbtest8_pkey  (cost=0.00..30.51 rows=1008 width=0)
	                    Index Cond: ((id >= 8098572) AND (id <= 8099571))

for: distinct_ranges
table 1 : explain SELECT DISTINCT c FROM sbtest1 WHERE id BETWEEN 5320643 AND 5321642 ORDER BY c
	Unique  (cost=4318.41..4323.93 rows=1104 width=121)
	  ->  Sort  (cost=4318.41..4321.17 rows=1104 width=121)
	        Sort Key: c
	        ->  Bitmap Heap Scan on sbtest1  (cost=31.75..4262.61 rows=1104 width=121)
	              Recheck Cond: ((id >= 5320643) AND (id <= 5321642))
	              ->  Bitmap Index Scan on sbtest1_pkey  (cost=0.00..31.47 rows=1104 width=0)
	                    Index Cond: ((id >= 5320643) AND (id <= 5321642))

table 2 : explain SELECT DISTINCT c FROM sbtest2 WHERE id BETWEEN 5609728 AND 5610727 ORDER BY c
	Unique  (cost=3884.25..3889.20 rows=990 width=121)
	  ->  Sort  (cost=3884.25..3886.73 rows=990 width=121)
	        Sort Key: c
	        ->  Bitmap Heap Scan on sbtest2  (cost=30.58..3834.99 rows=990 width=121)
	              Recheck Cond: ((id >= 5609728) AND (id <= 5610727))
	              ->  Bitmap Index Scan on sbtest2_pkey  (cost=0.00..30.33 rows=990 width=0)
	                    Index Cond: ((id >= 5609728) AND (id <= 5610727))

table 3 : explain SELECT DISTINCT c FROM sbtest3 WHERE id BETWEEN 7855360 AND 7856359 ORDER BY c
	Unique  (cost=3930.76..3935.77 rows=1002 width=121)
	  ->  Sort  (cost=3930.76..3933.27 rows=1002 width=121)
	        Sort Key: c
	        ->  Bitmap Heap Scan on sbtest3  (cost=30.71..3880.82 rows=1002 width=121)
	              Recheck Cond: ((id >= 7855360) AND (id <= 7856359))
	              ->  Bitmap Index Scan on sbtest3_pkey  (cost=0.00..30.45 rows=1002 width=0)
	                    Index Cond: ((id >= 7855360) AND (id <= 7856359))

table 4 : explain SELECT DISTINCT c FROM sbtest4 WHERE id BETWEEN 3387904 AND 3388903 ORDER BY c
	Unique  (cost=3539.35..3543.85 rows=901 width=121)
	  ->  Sort  (cost=3539.35..3541.60 rows=901 width=121)
	        Sort Key: c
	        ->  Bitmap Heap Scan on sbtest4  (cost=25.67..3495.13 rows=901 width=121)
	              Recheck Cond: ((id >= 3387904) AND (id <= 3388903))
	              ->  Bitmap Index Scan on sbtest4_pkey  (cost=0.00..25.44 rows=901 width=0)
	                    Index Cond: ((id >= 3387904) AND (id <= 3388903))

table 5 : explain SELECT DISTINCT c FROM sbtest5 WHERE id BETWEEN 5365842 AND 5366841 ORDER BY c
	Unique  (cost=3735.86..3740.61 rows=950 width=121)
	  ->  Sort  (cost=3735.86..3738.24 rows=950 width=121)
	        Sort Key: c
	        ->  Bitmap Heap Scan on sbtest5  (cost=30.17..3688.88 rows=950 width=121)
	              Recheck Cond: ((id >= 5365842) AND (id <= 5366841))
	              ->  Bitmap Index Scan on sbtest5_pkey  (cost=0.00..29.93 rows=950 width=0)
	                    Index Cond: ((id >= 5365842) AND (id <= 5366841))

table 6 : explain SELECT DISTINCT c FROM sbtest6 WHERE id BETWEEN 1828895 AND 1829894 ORDER BY c
	Unique  (cost=4108.81..4114.05 rows=1048 width=121)
	  ->  Sort  (cost=4108.81..4111.43 rows=1048 width=121)
	        Sort Key: c
	        ->  Bitmap Heap Scan on sbtest6  (cost=31.18..4056.24 rows=1048 width=121)
	              Recheck Cond: ((id >= 1828895) AND (id <= 1829894))
	              ->  Bitmap Index Scan on sbtest6_pkey  (cost=0.00..30.91 rows=1048 width=0)
	                    Index Cond: ((id >= 1828895) AND (id <= 1829894))

table 7 : explain SELECT DISTINCT c FROM sbtest7 WHERE id BETWEEN 8103350 AND 8104349 ORDER BY c
	Unique  (cost=3774.33..3779.13 rows=960 width=121)
	  ->  Sort  (cost=3774.33..3776.73 rows=960 width=121)
	        Sort Key: c
	        ->  Bitmap Heap Scan on sbtest7  (cost=30.27..3726.78 rows=960 width=121)
	              Recheck Cond: ((id >= 8103350) AND (id <= 8104349))
	              ->  Bitmap Index Scan on sbtest7_pkey  (cost=0.00..30.04 rows=960 width=0)
	                    Index Cond: ((id >= 8103350) AND (id <= 8104349))

table 8 : explain SELECT DISTINCT c FROM sbtest8 WHERE id BETWEEN 766575 AND 767574 ORDER BY c
	Unique  (cost=4254.56..4259.99 rows=1086 width=121)
	  ->  Sort  (cost=4254.56..4257.28 rows=1086 width=121)
	        Sort Key: c
	        ->  Bitmap Heap Scan on sbtest8  (cost=31.57..4199.80 rows=1086 width=121)
	              Recheck Cond: ((id >= 766575) AND (id <= 767574))
	              ->  Bitmap Index Scan on sbtest8_pkey  (cost=0.00..31.29 rows=1086 width=0)
	                    Index Cond: ((id >= 766575) AND (id <= 767574))

for point_selects
table 1 : explain SELECT c FROM sbtest1 WHERE id=9664910
	Index Scan using sbtest1_pkey on sbtest1  (cost=0.43..8.45 rows=1 width=121)
	  Index Cond: (id = 9664910)

table 2 : explain SELECT c FROM sbtest2 WHERE id=9338129
	Index Scan using sbtest2_pkey on sbtest2  (cost=0.43..8.45 rows=1 width=121)
	  Index Cond: (id = 9338129)

table 3 : explain SELECT c FROM sbtest3 WHERE id=320261
	Index Scan using sbtest3_pkey on sbtest3  (cost=0.43..8.45 rows=1 width=121)
	  Index Cond: (id = 320261)

table 4 : explain SELECT c FROM sbtest4 WHERE id=4152908
	Index Scan using sbtest4_pkey on sbtest4  (cost=0.43..8.45 rows=1 width=121)
	  Index Cond: (id = 4152908)

table 5 : explain SELECT c FROM sbtest5 WHERE id=8668772
	Index Scan using sbtest5_pkey on sbtest5  (cost=0.43..8.45 rows=1 width=121)
	  Index Cond: (id = 8668772)

table 6 : explain SELECT c FROM sbtest6 WHERE id=2269675
	Index Scan using sbtest6_pkey on sbtest6  (cost=0.43..8.45 rows=1 width=121)
	  Index Cond: (id = 2269675)

table 7 : explain SELECT c FROM sbtest7 WHERE id=2571204
	Index Scan using sbtest7_pkey on sbtest7  (cost=0.43..8.45 rows=1 width=121)
	  Index Cond: (id = 2571204)

table 8 : explain SELECT c FROM sbtest8 WHERE id=8387381
	Index Scan using sbtest8_pkey on sbtest8  (cost=0.43..8.45 rows=1 width=121)
	  Index Cond: (id = 8387381)

for: distinct_ranges
table 1 : explain SELECT DISTINCT c FROM sbtest1 WHERE id BETWEEN 3655645 AND 3656644 ORDER BY c
	Unique  (cost=4066.42..4071.61 rows=1038 width=121)
	  ->  Sort  (cost=4066.42..4069.01 rows=1038 width=121)
	        Sort Key: c
	        ->  Bitmap Heap Scan on sbtest1  (cost=31.07..4014.42 rows=1038 width=121)
	              Recheck Cond: ((id >= 3655645) AND (id <= 3656644))
	              ->  Bitmap Index Scan on sbtest1_pkey  (cost=0.00..30.82 rows=1038 width=0)
	                    Index Cond: ((id >= 3655645) AND (id <= 3656644))

table 2 : explain SELECT DISTINCT c FROM sbtest2 WHERE id BETWEEN 1363791 AND 1364790 ORDER BY c
	Unique  (cost=3976.13..3981.20 rows=1014 width=121)
	  ->  Sort  (cost=3976.13..3978.67 rows=1014 width=121)
	        Sort Key: c
	        ->  Bitmap Heap Scan on sbtest2  (cost=30.83..3925.50 rows=1014 width=121)
	              Recheck Cond: ((id >= 1363791) AND (id <= 1364790))
	              ->  Bitmap Index Scan on sbtest2_pkey  (cost=0.00..30.57 rows=1014 width=0)
	                    Index Cond: ((id >= 1363791) AND (id <= 1364790))

table 3 : explain SELECT DISTINCT c FROM sbtest3 WHERE id BETWEEN 7542502 AND 7543501 ORDER BY c
	Unique  (cost=3838.83..3843.72 rows=978 width=121)
	  ->  Sort  (cost=3838.83..3841.27 rows=978 width=121)
	        Sort Key: c
	        ->  Bitmap Heap Scan on sbtest3  (cost=30.46..3790.25 rows=978 width=121)
	              Recheck Cond: ((id >= 7542502) AND (id <= 7543501))
	              ->  Bitmap Index Scan on sbtest3_pkey  (cost=0.00..30.21 rows=978 width=0)
	                    Index Cond: ((id >= 7542502) AND (id <= 7543501))

table 4 : explain SELECT DISTINCT c FROM sbtest4 WHERE id BETWEEN 2354260 AND 2355259 ORDER BY c
	Unique  (cost=3785.11..3789.93 rows=964 width=121)
	  ->  Sort  (cost=3785.11..3787.52 rows=964 width=121)
	        Sort Key: c
	        ->  Bitmap Heap Scan on sbtest4  (cost=30.32..3737.33 rows=964 width=121)
	              Recheck Cond: ((id >= 2354260) AND (id <= 2355259))
	              ->  Bitmap Index Scan on sbtest4_pkey  (cost=0.00..30.07 rows=964 width=0)
	                    Index Cond: ((id >= 2354260) AND (id <= 2355259))

table 5 : explain SELECT DISTINCT c FROM sbtest5 WHERE id BETWEEN 8882234 AND 8883233 ORDER BY c
	Unique  (cost=4310.92..4316.42 rows=1100 width=121)
	  ->  Sort  (cost=4310.92..4313.67 rows=1100 width=121)
	        Sort Key: c
	        ->  Bitmap Heap Scan on sbtest5  (cost=31.71..4255.35 rows=1100 width=121)
	              Recheck Cond: ((id >= 8882234) AND (id <= 8883233))
	              ->  Bitmap Index Scan on sbtest5_pkey  (cost=0.00..31.43 rows=1100 width=0)
	                    Index Cond: ((id >= 8882234) AND (id <= 8883233))

table 6 : explain SELECT DISTINCT c FROM sbtest6 WHERE id BETWEEN 9642187 AND 9643186 ORDER BY c
	Unique  (cost=3879.00..3883.94 rows=988 width=121)
	  ->  Sort  (cost=3879.00..3881.47 rows=988 width=121)
	        Sort Key: c
	        ->  Bitmap Heap Scan on sbtest6  (cost=30.56..3829.86 rows=988 width=121)
	              Recheck Cond: ((id >= 9642187) AND (id <= 9643186))
	              ->  Bitmap Index Scan on sbtest6_pkey  (cost=0.00..30.32 rows=988 width=0)
	                    Index Cond: ((id >= 9642187) AND (id <= 9643186))

table 7 : explain SELECT DISTINCT c FROM sbtest7 WHERE id BETWEEN 7809735 AND 7810734 ORDER BY c
	Unique  (cost=4088.93..4094.14 rows=1042 width=121)
	  ->  Sort  (cost=4088.93..4091.53 rows=1042 width=121)
	        Sort Key: c
	        ->  Bitmap Heap Scan on sbtest7  (cost=31.12..4036.70 rows=1042 width=121)
	              Recheck Cond: ((id >= 7809735) AND (id <= 7810734))
	              ->  Bitmap Index Scan on sbtest7_pkey  (cost=0.00..30.86 rows=1042 width=0)
	                    Index Cond: ((id >= 7809735) AND (id <= 7810734))

table 8 : explain SELECT DISTINCT c FROM sbtest8 WHERE id BETWEEN 2988979 AND 2989978 ORDER BY c
	Unique  (cost=3894.70..3899.66 rows=992 width=121)
	  ->  Sort  (cost=3894.70..3897.18 rows=992 width=121)
	        Sort Key: c
	        ->  Bitmap Heap Scan on sbtest8  (cost=30.60..3845.33 rows=992 width=121)
	              Recheck Cond: ((id >= 2988979) AND (id <= 2989978))
	              ->  Bitmap Index Scan on sbtest8_pkey  (cost=0.00..30.36 rows=992 width=0)
	                    Index Cond: ((id >= 2988979) AND (id <= 2989978))

for: distinct_ranges
table 1 : explain SELECT DISTINCT c FROM sbtest1 WHERE id BETWEEN 2150632 AND 2151631 ORDER BY c
	Unique  (cost=4108.45..4113.70 rows=1049 width=121)
	  ->  Sort  (cost=4108.45..4111.07 rows=1049 width=121)
	        Sort Key: c
	        ->  Bitmap Heap Scan on sbtest1  (cost=31.19..4055.82 rows=1049 width=121)
	              Recheck Cond: ((id >= 2150632) AND (id <= 2151631))
	              ->  Bitmap Index Scan on sbtest1_pkey  (cost=0.00..30.93 rows=1049 width=0)
	                    Index Cond: ((id >= 2150632) AND (id <= 2151631))

table 2 : explain SELECT DISTINCT c FROM sbtest2 WHERE id BETWEEN 2059271 AND 2060270 ORDER BY c
	Unique  (cost=4010.57..4015.69 rows=1023 width=121)
	  ->  Sort  (cost=4010.57..4013.13 rows=1023 width=121)
	        Sort Key: c
	        ->  Bitmap Heap Scan on sbtest2  (cost=30.92..3959.43 rows=1023 width=121)
	              Recheck Cond: ((id >= 2059271) AND (id <= 2060270))
	              ->  Bitmap Index Scan on sbtest2_pkey  (cost=0.00..30.66 rows=1023 width=0)
	                    Index Cond: ((id >= 2059271) AND (id <= 2060270))

table 3 : explain SELECT DISTINCT c FROM sbtest3 WHERE id BETWEEN 5089476 AND 5090475 ORDER BY c
	Unique  (cost=3953.74..3958.78 rows=1008 width=121)
	  ->  Sort  (cost=3953.74..3956.26 rows=1008 width=121)
	        Sort Key: c
	        ->  Bitmap Heap Scan on sbtest3  (cost=30.77..3903.45 rows=1008 width=121)
	              Recheck Cond: ((id >= 5089476) AND (id <= 5090475))
	              ->  Bitmap Index Scan on sbtest3_pkey  (cost=0.00..30.51 rows=1008 width=0)
	                    Index Cond: ((id >= 5089476) AND (id <= 5090475))

table 4 : explain SELECT DISTINCT c FROM sbtest4 WHERE id BETWEEN 5333191 AND 5334190 ORDER BY c
	Unique  (cost=3957.50..3962.55 rows=1009 width=121)
	  ->  Sort  (cost=3957.50..3960.03 rows=1009 width=121)
	        Sort Key: c
	        ->  Bitmap Heap Scan on sbtest4  (cost=30.78..3907.16 rows=1009 width=121)
	              Recheck Cond: ((id >= 5333191) AND (id <= 5334190))
	              ->  Bitmap Index Scan on sbtest4_pkey  (cost=0.00..30.52 rows=1009 width=0)
	                    Index Cond: ((id >= 5333191) AND (id <= 5334190))

table 5 : explain SELECT DISTINCT c FROM sbtest5 WHERE id BETWEEN 2286558 AND 2287557 ORDER BY c
	Unique  (cost=3920.16..3925.15 rows=998 width=121)
	  ->  Sort  (cost=3920.16..3922.66 rows=998 width=121)
	        Sort Key: c
	        ->  Bitmap Heap Scan on sbtest5  (cost=30.66..3870.45 rows=998 width=121)
	              Recheck Cond: ((id >= 2286558) AND (id <= 2287557))
	              ->  Bitmap Index Scan on sbtest5_pkey  (cost=0.00..30.41 rows=998 width=0)
	                    Index Cond: ((id >= 2286558) AND (id <= 2287557))

table 6 : explain SELECT DISTINCT c FROM sbtest6 WHERE id BETWEEN 8048501 AND 8049500 ORDER BY c
	Unique  (cost=3867.50..3872.43 rows=985 width=121)
	  ->  Sort  (cost=3867.50..3869.96 rows=985 width=121)
	        Sort Key: c
	        ->  Bitmap Heap Scan on sbtest6  (cost=30.53..3818.53 rows=985 width=121)
	              Recheck Cond: ((id >= 8048501) AND (id <= 8049500))
	              ->  Bitmap Index Scan on sbtest6_pkey  (cost=0.00..30.29 rows=985 width=0)
	                    Index Cond: ((id >= 8048501) AND (id <= 8049500))

table 7 : explain SELECT DISTINCT c FROM sbtest7 WHERE id BETWEEN 6447010 AND 6448009 ORDER BY c
	Unique  (cost=3609.05..3613.63 rows=917 width=121)
	  ->  Sort  (cost=3609.05..3611.34 rows=917 width=121)
	        Sort Key: c
	        ->  Bitmap Heap Scan on sbtest7  (cost=29.83..3563.93 rows=917 width=121)
	              Recheck Cond: ((id >= 6447010) AND (id <= 6448009))
	              ->  Bitmap Index Scan on sbtest7_pkey  (cost=0.00..29.61 rows=917 width=0)
	                    Index Cond: ((id >= 6447010) AND (id <= 6448009))

table 8 : explain SELECT DISTINCT c FROM sbtest8 WHERE id BETWEEN 8211938 AND 8212937 ORDER BY c
	Unique  (cost=4070.93..4076.12 rows=1038 width=121)
	  ->  Sort  (cost=4070.93..4073.53 rows=1038 width=121)
	        Sort Key: c
	        ->  Bitmap Heap Scan on sbtest8  (cost=31.07..4018.93 rows=1038 width=121)
	              Recheck Cond: ((id >= 8211938) AND (id <= 8212937))
	              ->  Bitmap Index Scan on sbtest8_pkey  (cost=0.00..30.82 rows=1038 width=0)
	                    Index Cond: ((id >= 8211938) AND (id <= 8212937))

for: order_ranges
table 1 : explain SELECT c FROM sbtest1 WHERE id BETWEEN 9655954 AND 9656953 ORDER BY c
	Sort  (cost=4272.63..4275.36 rows=1092 width=121)
	  Sort Key: c
	  ->  Bitmap Heap Scan on sbtest1  (cost=31.63..4217.52 rows=1092 width=121)
	        Recheck Cond: ((id >= 9655954) AND (id <= 9656953))
	        ->  Bitmap Index Scan on sbtest1_pkey  (cost=0.00..31.36 rows=1092 width=0)
	              Index Cond: ((id >= 9655954) AND (id <= 9656953))

table 2 : explain SELECT c FROM sbtest2 WHERE id BETWEEN 7071985 AND 7072984 ORDER BY c
	Sort  (cost=3865.10..3867.56 rows=985 width=121)
	  Sort Key: c
	  ->  Bitmap Heap Scan on sbtest2  (cost=30.53..3816.13 rows=985 width=121)
	        Recheck Cond: ((id >= 7071985) AND (id <= 7072984))
	        ->  Bitmap Index Scan on sbtest2_pkey  (cost=0.00..30.29 rows=985 width=0)
	              Index Cond: ((id >= 7071985) AND (id <= 7072984))

table 3 : explain SELECT c FROM sbtest3 WHERE id BETWEEN 2171331 AND 2172330 ORDER BY c
	Sort  (cost=3485.60..3487.82 rows=887 width=121)
	  Sort Key: c
	  ->  Bitmap Heap Scan on sbtest3  (cost=25.53..3442.17 rows=887 width=121)
	        Recheck Cond: ((id >= 2171331) AND (id <= 2172330))
	        ->  Bitmap Index Scan on sbtest3_pkey  (cost=0.00..25.30 rows=887 width=0)
	              Index Cond: ((id >= 2171331) AND (id <= 2172330))

table 4 : explain SELECT c FROM sbtest4 WHERE id BETWEEN 6140047 AND 6141046 ORDER BY c
	Sort  (cost=4324.48..4327.24 rows=1105 width=121)
	  Sort Key: c
	  ->  Bitmap Heap Scan on sbtest4  (cost=31.76..4268.62 rows=1105 width=121)
	        Recheck Cond: ((id >= 6140047) AND (id <= 6141046))
	        ->  Bitmap Index Scan on sbtest4_pkey  (cost=0.00..31.48 rows=1105 width=0)
	              Index Cond: ((id >= 6140047) AND (id <= 6141046))

table 5 : explain SELECT c FROM sbtest5 WHERE id BETWEEN 7907086 AND 7908085 ORDER BY c
	Sort  (cost=4085.03..4087.64 rows=1041 width=121)
	  Sort Key: c
	  ->  Bitmap Heap Scan on sbtest5  (cost=31.11..4032.86 rows=1041 width=121)
	        Recheck Cond: ((id >= 7907086) AND (id <= 7908085))
	        ->  Bitmap Index Scan on sbtest5_pkey  (cost=0.00..30.84 rows=1041 width=0)
	              Index Cond: ((id >= 7907086) AND (id <= 7908085))

table 6 : explain SELECT c FROM sbtest6 WHERE id BETWEEN 8495503 AND 8496502 ORDER BY c
	Sort  (cost=4265.61..4268.33 rows=1089 width=121)
	  Sort Key: c
	  ->  Bitmap Heap Scan on sbtest6  (cost=31.60..4210.68 rows=1089 width=121)
	        Recheck Cond: ((id >= 8495503) AND (id <= 8496502))
	        ->  Bitmap Index Scan on sbtest6_pkey  (cost=0.00..31.32 rows=1089 width=0)
	              Index Cond: ((id >= 8495503) AND (id <= 8496502))

table 7 : explain SELECT c FROM sbtest7 WHERE id BETWEEN 8057185 AND 8058184 ORDER BY c
	Sort  (cost=4016.10..4018.66 rows=1023 width=121)
	  Sort Key: c
	  ->  Bitmap Heap Scan on sbtest7  (cost=30.92..3964.96 rows=1023 width=121)
	        Recheck Cond: ((id >= 8057185) AND (id <= 8058184))
	        ->  Bitmap Index Scan on sbtest7_pkey  (cost=0.00..30.66 rows=1023 width=0)
	              Index Cond: ((id >= 8057185) AND (id <= 8058184))

table 8 : explain SELECT c FROM sbtest8 WHERE id BETWEEN 3955682 AND 3956681 ORDER BY c
	Sort  (cost=3545.18..3547.43 rows=902 width=121)
	  Sort Key: c
	  ->  Bitmap Heap Scan on sbtest8  (cost=25.68..3500.90 rows=902 width=121)
	        Recheck Cond: ((id >= 3955682) AND (id <= 3956681))
	        ->  Bitmap Index Scan on sbtest8_pkey  (cost=0.00..25.45 rows=902 width=0)
	              Index Cond: ((id >= 3955682) AND (id <= 3956681))

for: distinct_ranges
table 1 : explain SELECT DISTINCT c FROM sbtest1 WHERE id BETWEEN 8235790 AND 8236789 ORDER BY c
	Unique  (cost=3921.10..3926.10 rows=1000 width=121)
	  ->  Sort  (cost=3921.10..3923.60 rows=1000 width=121)
	        Sort Key: c
	        ->  Bitmap Heap Scan on sbtest1  (cost=30.68..3871.27 rows=1000 width=121)
	              Recheck Cond: ((id >= 8235790) AND (id <= 8236789))
	              ->  Bitmap Index Scan on sbtest1_pkey  (cost=0.00..30.43 rows=1000 width=0)
	                    Index Cond: ((id >= 8235790) AND (id <= 8236789))

table 2 : explain SELECT DISTINCT c FROM sbtest2 WHERE id BETWEEN 1556629 AND 1557628 ORDER BY c
	Unique  (cost=3857.44..3862.36 rows=983 width=121)
	  ->  Sort  (cost=3857.44..3859.90 rows=983 width=121)
	        Sort Key: c
	        ->  Bitmap Heap Scan on sbtest2  (cost=30.51..3808.58 rows=983 width=121)
	              Recheck Cond: ((id >= 1556629) AND (id <= 1557628))
	              ->  Bitmap Index Scan on sbtest2_pkey  (cost=0.00..30.26 rows=983 width=0)
	                    Index Cond: ((id >= 1556629) AND (id <= 1557628))

table 3 : explain SELECT DISTINCT c FROM sbtest3 WHERE id BETWEEN 8845636 AND 8846635 ORDER BY c
	Unique  (cost=3685.28..3689.98 rows=939 width=121)
	  ->  Sort  (cost=3685.28..3687.63 rows=939 width=121)
	        Sort Key: c
	        ->  Bitmap Heap Scan on sbtest3  (cost=26.06..3638.92 rows=939 width=121)
	              Recheck Cond: ((id >= 8845636) AND (id <= 8846635))
	              ->  Bitmap Index Scan on sbtest3_pkey  (cost=0.00..25.82 rows=939 width=0)
	                    Index Cond: ((id >= 8845636) AND (id <= 8846635))

table 4 : explain SELECT DISTINCT c FROM sbtest4 WHERE id BETWEEN 8482001 AND 8483000 ORDER BY c
	Unique  (cost=3746.77..3751.54 rows=954 width=121)
	  ->  Sort  (cost=3746.77..3749.15 rows=954 width=121)
	        Sort Key: c
	        ->  Bitmap Heap Scan on sbtest4  (cost=30.21..3699.55 rows=954 width=121)
	              Recheck Cond: ((id >= 8482001) AND (id <= 8483000))
	              ->  Bitmap Index Scan on sbtest4_pkey  (cost=0.00..29.97 rows=954 width=0)
	                    Index Cond: ((id >= 8482001) AND (id <= 8483000))

table 5 : explain SELECT DISTINCT c FROM sbtest5 WHERE id BETWEEN 6441627 AND 6442626 ORDER BY c
	Unique  (cost=4031.38..4036.51 rows=1027 width=121)
	  ->  Sort  (cost=4031.38..4033.95 rows=1027 width=121)
	        Sort Key: c
	        ->  Bitmap Heap Scan on sbtest5  (cost=30.96..3980.01 rows=1027 width=121)
	              Recheck Cond: ((id >= 6441627) AND (id <= 6442626))
	              ->  Bitmap Index Scan on sbtest5_pkey  (cost=0.00..30.70 rows=1027 width=0)
	                    Index Cond: ((id >= 6441627) AND (id <= 6442626))

table 6 : explain SELECT DISTINCT c FROM sbtest6 WHERE id BETWEEN 2773241 AND 2774240 ORDER BY c
	Unique  (cost=4036.09..4041.23 rows=1029 width=121)
	  ->  Sort  (cost=4036.09..4038.66 rows=1029 width=121)
	        Sort Key: c
	        ->  Bitmap Heap Scan on sbtest6  (cost=30.98..3984.60 rows=1029 width=121)
	              Recheck Cond: ((id >= 2773241) AND (id <= 2774240))
	              ->  Bitmap Index Scan on sbtest6_pkey  (cost=0.00..30.72 rows=1029 width=0)
	                    Index Cond: ((id >= 2773241) AND (id <= 2774240))

table 7 : explain SELECT DISTINCT c FROM sbtest7 WHERE id BETWEEN 7202728 AND 7203727 ORDER BY c
	Unique  (cost=3947.07..3952.10 rows=1005 width=121)
	  ->  Sort  (cost=3947.07..3949.58 rows=1005 width=121)
	        Sort Key: c
	        ->  Bitmap Heap Scan on sbtest7  (cost=30.74..3896.96 rows=1005 width=121)
	              Recheck Cond: ((id >= 7202728) AND (id <= 7203727))
	              ->  Bitmap Index Scan on sbtest7_pkey  (cost=0.00..30.48 rows=1005 width=0)
	                    Index Cond: ((id >= 7202728) AND (id <= 7203727))

table 8 : explain SELECT DISTINCT c FROM sbtest8 WHERE id BETWEEN 580467 AND 581466 ORDER BY c
	Unique  (cost=3933.03..3938.04 rows=1002 width=121)
	  ->  Sort  (cost=3933.03..3935.54 rows=1002 width=121)
	        Sort Key: c
	        ->  Bitmap Heap Scan on sbtest8  (cost=30.71..3883.09 rows=1002 width=121)
	              Recheck Cond: ((id >= 580467) AND (id <= 581466))
	              ->  Bitmap Index Scan on sbtest8_pkey  (cost=0.00..30.45 rows=1002 width=0)
	                    Index Cond: ((id >= 580467) AND (id <= 581466))

for point_selects
table 1 : explain SELECT c FROM sbtest1 WHERE id=7412423
	Index Scan using sbtest1_pkey on sbtest1  (cost=0.43..8.45 rows=1 width=121)
	  Index Cond: (id = 7412423)

table 2 : explain SELECT c FROM sbtest2 WHERE id=2246284
	Index Scan using sbtest2_pkey on sbtest2  (cost=0.43..8.45 rows=1 width=121)
	  Index Cond: (id = 2246284)

table 3 : explain SELECT c FROM sbtest3 WHERE id=2170849
	Index Scan using sbtest3_pkey on sbtest3  (cost=0.43..8.45 rows=1 width=121)
	  Index Cond: (id = 2170849)

table 4 : explain SELECT c FROM sbtest4 WHERE id=9207476
	Index Scan using sbtest4_pkey on sbtest4  (cost=0.43..8.45 rows=1 width=121)
	  Index Cond: (id = 9207476)

table 5 : explain SELECT c FROM sbtest5 WHERE id=4122183
	Index Scan using sbtest5_pkey on sbtest5  (cost=0.43..8.45 rows=1 width=121)
	  Index Cond: (id = 4122183)

table 6 : explain SELECT c FROM sbtest6 WHERE id=2899884
	Index Scan using sbtest6_pkey on sbtest6  (cost=0.43..8.45 rows=1 width=121)
	  Index Cond: (id = 2899884)

table 7 : explain SELECT c FROM sbtest7 WHERE id=8835397
	Index Scan using sbtest7_pkey on sbtest7  (cost=0.43..8.45 rows=1 width=121)
	  Index Cond: (id = 8835397)

table 8 : explain SELECT c FROM sbtest8 WHERE id=7502245
	Index Scan using sbtest8_pkey on sbtest8  (cost=0.43..8.45 rows=1 width=121)
	  Index Cond: (id = 7502245)

for: order_ranges
table 1 : explain SELECT c FROM sbtest1 WHERE id BETWEEN 9811870 AND 9812869 ORDER BY c
	Sort  (cost=3836.89..3839.34 rows=978 width=121)
	  Sort Key: c
	  ->  Bitmap Heap Scan on sbtest1  (cost=30.46..3788.32 rows=978 width=121)
	        Recheck Cond: ((id >= 9811870) AND (id <= 9812869))
	        ->  Bitmap Index Scan on sbtest1_pkey  (cost=0.00..30.21 rows=978 width=0)
	              Index Cond: ((id >= 9811870) AND (id <= 9812869))

table 2 : explain SELECT c FROM sbtest2 WHERE id BETWEEN 3796225 AND 3797224 ORDER BY c
	Sort  (cost=3661.92..3664.25 rows=932 width=121)
	  Sort Key: c
	  ->  Bitmap Heap Scan on sbtest2  (cost=29.99..3615.95 rows=932 width=121)
	        Recheck Cond: ((id >= 3796225) AND (id <= 3797224))
	        ->  Bitmap Index Scan on sbtest2_pkey  (cost=0.00..29.75 rows=932 width=0)
	              Index Cond: ((id >= 3796225) AND (id <= 3797224))

table 3 : explain SELECT c FROM sbtest3 WHERE id BETWEEN 1559855 AND 1560854 ORDER BY c
	Sort  (cost=3988.19..3990.73 rows=1017 width=121)
	  Sort Key: c
	  ->  Bitmap Heap Scan on sbtest3  (cost=30.86..3937.39 rows=1017 width=121)
	        Recheck Cond: ((id >= 1559855) AND (id <= 1560854))
	        ->  Bitmap Index Scan on sbtest3_pkey  (cost=0.00..30.61 rows=1017 width=0)
	              Index Cond: ((id >= 1559855) AND (id <= 1560854))

table 4 : explain SELECT c FROM sbtest4 WHERE id BETWEEN 9229750 AND 9230749 ORDER BY c
	Sort  (cost=3662.21..3664.54 rows=933 width=121)
	  Sort Key: c
	  ->  Bitmap Heap Scan on sbtest4  (cost=26.00..3616.18 rows=933 width=121)
	        Recheck Cond: ((id >= 9229750) AND (id <= 9230749))
	        ->  Bitmap Index Scan on sbtest4_pkey  (cost=0.00..25.76 rows=933 width=0)
	              Index Cond: ((id >= 9229750) AND (id <= 9230749))

table 5 : explain SELECT c FROM sbtest5 WHERE id BETWEEN 4608868 AND 4609867 ORDER BY c
	Sort  (cost=3808.85..3811.27 rows=969 width=121)
	  Sort Key: c
	  ->  Bitmap Heap Scan on sbtest5  (cost=30.37..3760.78 rows=969 width=121)
	        Recheck Cond: ((id >= 4608868) AND (id <= 4609867))
	        ->  Bitmap Index Scan on sbtest5_pkey  (cost=0.00..30.12 rows=969 width=0)
	              Index Cond: ((id >= 4608868) AND (id <= 4609867))

table 6 : explain SELECT c FROM sbtest6 WHERE id BETWEEN 1559859 AND 1560858 ORDER BY c
	Sort  (cost=4013.11..4015.67 rows=1023 width=121)
	  Sort Key: c
	  ->  Bitmap Heap Scan on sbtest6  (cost=30.92..3961.97 rows=1023 width=121)
	        Recheck Cond: ((id >= 1559859) AND (id <= 1560858))
	        ->  Bitmap Index Scan on sbtest6_pkey  (cost=0.00..30.66 rows=1023 width=0)
	              Index Cond: ((id >= 1559859) AND (id <= 1560858))

table 7 : explain SELECT c FROM sbtest7 WHERE id BETWEEN 5453716 AND 5454715 ORDER BY c
	Sort  (cost=3712.86..3715.22 rows=944 width=121)
	  Sort Key: c
	  ->  Bitmap Heap Scan on sbtest7  (cost=30.11..3666.21 rows=944 width=121)
	        Recheck Cond: ((id >= 5453716) AND (id <= 5454715))
	        ->  Bitmap Index Scan on sbtest7_pkey  (cost=0.00..29.87 rows=944 width=0)
	              Index Cond: ((id >= 5453716) AND (id <= 5454715))

table 8 : explain SELECT c FROM sbtest8 WHERE id BETWEEN 747470 AND 748469 ORDER BY c
	Sort  (cost=4254.56..4257.28 rows=1086 width=121)
	  Sort Key: c
	  ->  Bitmap Heap Scan on sbtest8  (cost=31.57..4199.80 rows=1086 width=121)
	        Recheck Cond: ((id >= 747470) AND (id <= 748469))
	        ->  Bitmap Index Scan on sbtest8_pkey  (cost=0.00..31.29 rows=1086 width=0)
	              Index Cond: ((id >= 747470) AND (id <= 748469))

for: distinct_ranges
table 1 : explain SELECT DISTINCT c FROM sbtest1 WHERE id BETWEEN 783882 AND 784881 ORDER BY c
	Unique  (cost=4242.10..4247.52 rows=1084 width=121)
	  ->  Sort  (cost=4242.10..4244.81 rows=1084 width=121)
	        Sort Key: c
	        ->  Bitmap Heap Scan on sbtest1  (cost=31.55..4187.45 rows=1084 width=121)
	              Recheck Cond: ((id >= 783882) AND (id <= 784881))
	              ->  Bitmap Index Scan on sbtest1_pkey  (cost=0.00..31.27 rows=1084 width=0)
	                    Index Cond: ((id >= 783882) AND (id <= 784881))

table 2 : explain SELECT DISTINCT c FROM sbtest2 WHERE id BETWEEN 1877430 AND 1878429 ORDER BY c
	Unique  (cost=3999.09..4004.19 rows=1020 width=121)
	  ->  Sort  (cost=3999.09..4001.64 rows=1020 width=121)
	        Sort Key: c
	        ->  Bitmap Heap Scan on sbtest2  (cost=30.89..3948.12 rows=1020 width=121)
	              Recheck Cond: ((id >= 1877430) AND (id <= 1878429))
	              ->  Bitmap Index Scan on sbtest2_pkey  (cost=0.00..30.64 rows=1020 width=0)
	                    Index Cond: ((id >= 1877430) AND (id <= 1878429))

table 3 : explain SELECT DISTINCT c FROM sbtest3 WHERE id BETWEEN 9544663 AND 9545662 ORDER BY c
	Unique  (cost=4179.41..4184.75 rows=1067 width=121)
	  ->  Sort  (cost=4179.41..4182.08 rows=1067 width=121)
	        Sort Key: c
	        ->  Bitmap Heap Scan on sbtest3  (cost=31.37..4125.74 rows=1067 width=121)
	              Recheck Cond: ((id >= 9544663) AND (id <= 9545662))
	              ->  Bitmap Index Scan on sbtest3_pkey  (cost=0.00..31.11 rows=1067 width=0)
	                    Index Cond: ((id >= 9544663) AND (id <= 9545662))

table 4 : explain SELECT DISTINCT c FROM sbtest4 WHERE id BETWEEN 683022 AND 684021 ORDER BY c
	Unique  (cost=4183.17..4188.51 rows=1068 width=121)
	  ->  Sort  (cost=4183.17..4185.84 rows=1068 width=121)
	        Sort Key: c
	        ->  Bitmap Heap Scan on sbtest4  (cost=31.38..4129.44 rows=1068 width=121)
	              Recheck Cond: ((id >= 683022) AND (id <= 684021))
	              ->  Bitmap Index Scan on sbtest4_pkey  (cost=0.00..31.11 rows=1068 width=0)
	                    Index Cond: ((id >= 683022) AND (id <= 684021))

table 5 : explain SELECT DISTINCT c FROM sbtest5 WHERE id BETWEEN 9093680 AND 9094679 ORDER BY c
	Unique  (cost=3970.03..3975.08 rows=1011 width=121)
	  ->  Sort  (cost=3970.03..3972.56 rows=1011 width=121)
	        Sort Key: c
	        ->  Bitmap Heap Scan on sbtest5  (cost=30.80..3919.57 rows=1011 width=121)
	              Recheck Cond: ((id >= 9093680) AND (id <= 9094679))
	              ->  Bitmap Index Scan on sbtest5_pkey  (cost=0.00..30.54 rows=1011 width=0)
	                    Index Cond: ((id >= 9093680) AND (id <= 9094679))

table 6 : explain SELECT DISTINCT c FROM sbtest6 WHERE id BETWEEN 7879317 AND 7880316 ORDER BY c
	Unique  (cost=3717.88..3722.61 rows=946 width=121)
	  ->  Sort  (cost=3717.88..3720.25 rows=946 width=121)
	        Sort Key: c
	        ->  Bitmap Heap Scan on sbtest6  (cost=30.13..3671.12 rows=946 width=121)
	              Recheck Cond: ((id >= 7879317) AND (id <= 7880316))
	              ->  Bitmap Index Scan on sbtest6_pkey  (cost=0.00..29.89 rows=946 width=0)
	                    Index Cond: ((id >= 7879317) AND (id <= 7880316))

table 7 : explain SELECT DISTINCT c FROM sbtest7 WHERE id BETWEEN 1860300 AND 1861299 ORDER BY c
	Unique  (cost=4180.86..4186.19 rows=1066 width=121)
	  ->  Sort  (cost=4180.86..4183.52 rows=1066 width=121)
	        Sort Key: c
	        ->  Bitmap Heap Scan on sbtest7  (cost=31.36..4127.25 rows=1066 width=121)
	              Recheck Cond: ((id >= 1860300) AND (id <= 1861299))
	              ->  Bitmap Index Scan on sbtest7_pkey  (cost=0.00..31.09 rows=1066 width=0)
	                    Index Cond: ((id >= 1860300) AND (id <= 1861299))

table 8 : explain SELECT DISTINCT c FROM sbtest8 WHERE id BETWEEN 8546053 AND 8547052 ORDER BY c
	Unique  (cost=3982.85..3987.92 rows=1015 width=121)
	  ->  Sort  (cost=3982.85..3985.38 rows=1015 width=121)
	        Sort Key: c
	        ->  Bitmap Heap Scan on sbtest8  (cost=30.84..3932.16 rows=1015 width=121)
	              Recheck Cond: ((id >= 8546053) AND (id <= 8547052))
	              ->  Bitmap Index Scan on sbtest8_pkey  (cost=0.00..30.58 rows=1015 width=0)
	                    Index Cond: ((id >= 8546053) AND (id <= 8547052))

for: distinct_ranges
table 1 : explain SELECT DISTINCT c FROM sbtest1 WHERE id BETWEEN 5719648 AND 5720647 ORDER BY c
	Unique  (cost=3882.83..3887.78 rows=990 width=121)
	  ->  Sort  (cost=3882.83..3885.31 rows=990 width=121)
	        Sort Key: c
	        ->  Bitmap Heap Scan on sbtest1  (cost=30.58..3833.57 rows=990 width=121)
	              Recheck Cond: ((id >= 5719648) AND (id <= 5720647))
	              ->  Bitmap Index Scan on sbtest1_pkey  (cost=0.00..30.33 rows=990 width=0)
	                    Index Cond: ((id >= 5719648) AND (id <= 5720647))

table 2 : explain SELECT DISTINCT c FROM sbtest2 WHERE id BETWEEN 9362433 AND 9363432 ORDER BY c
	Unique  (cost=3949.34..3954.38 rows=1007 width=121)
	  ->  Sort  (cost=3949.34..3951.86 rows=1007 width=121)
	        Sort Key: c
	        ->  Bitmap Heap Scan on sbtest2  (cost=30.76..3899.11 rows=1007 width=121)
	              Recheck Cond: ((id >= 9362433) AND (id <= 9363432))
	              ->  Bitmap Index Scan on sbtest2_pkey  (cost=0.00..30.50 rows=1007 width=0)
	                    Index Cond: ((id >= 9362433) AND (id <= 9363432))

table 3 : explain SELECT DISTINCT c FROM sbtest3 WHERE id BETWEEN 542451 AND 543450 ORDER BY c
	Unique  (cost=4068.54..4073.73 rows=1038 width=121)
	  ->  Sort  (cost=4068.54..4071.13 rows=1038 width=121)
	        Sort Key: c
	        ->  Bitmap Heap Scan on sbtest3  (cost=31.07..4016.53 rows=1038 width=121)
	              Recheck Cond: ((id >= 542451) AND (id <= 543450))
	              ->  Bitmap Index Scan on sbtest3_pkey  (cost=0.00..30.82 rows=1038 width=0)
	                    Index Cond: ((id >= 542451) AND (id <= 543450))

table 4 : explain SELECT DISTINCT c FROM sbtest4 WHERE id BETWEEN 1786830 AND 1787829 ORDER BY c
	Unique  (cost=3635.34..3639.97 rows=926 width=121)
	  ->  Sort  (cost=3635.34..3637.66 rows=926 width=121)
	        Sort Key: c
	        ->  Bitmap Heap Scan on sbtest4  (cost=25.93..3589.71 rows=926 width=121)
	              Recheck Cond: ((id >= 1786830) AND (id <= 1787829))
	              ->  Bitmap Index Scan on sbtest4_pkey  (cost=0.00..25.69 rows=926 width=0)
	                    Index Cond: ((id >= 1786830) AND (id <= 1787829))

table 5 : explain SELECT DISTINCT c FROM sbtest5 WHERE id BETWEEN 745770 AND 746769 ORDER BY c
	Unique  (cost=3566.68..3571.21 rows=906 width=121)
	  ->  Sort  (cost=3566.68..3568.95 rows=906 width=121)
	        Sort Key: c
	        ->  Bitmap Heap Scan on sbtest5  (cost=29.72..3522.18 rows=906 width=121)
	              Recheck Cond: ((id >= 745770) AND (id <= 746769))
	              ->  Bitmap Index Scan on sbtest5_pkey  (cost=0.00..29.50 rows=906 width=0)
	                    Index Cond: ((id >= 745770) AND (id <= 746769))

table 6 : explain SELECT DISTINCT c FROM sbtest6 WHERE id BETWEEN 808356 AND 809355 ORDER BY c
	Unique  (cost=3970.98..3976.04 rows=1012 width=121)
	  ->  Sort  (cost=3970.98..3973.51 rows=1012 width=121)
	        Sort Key: c
	        ->  Bitmap Heap Scan on sbtest6  (cost=30.81..3920.46 rows=1012 width=121)
	              Recheck Cond: ((id >= 808356) AND (id <= 809355))
	              ->  Bitmap Index Scan on sbtest6_pkey  (cost=0.00..30.55 rows=1012 width=0)
	                    Index Cond: ((id >= 808356) AND (id <= 809355))

table 7 : explain SELECT DISTINCT c FROM sbtest7 WHERE id BETWEEN 9989983 AND 9990982 ORDER BY c
	Unique  (cost=3732.07..3736.82 rows=949 width=121)
	  ->  Sort  (cost=3732.07..3734.44 rows=949 width=121)
	        Sort Key: c
	        ->  Bitmap Heap Scan on sbtest7  (cost=30.16..3685.14 rows=949 width=121)
	              Recheck Cond: ((id >= 9989983) AND (id <= 9990982))
	              ->  Bitmap Index Scan on sbtest7_pkey  (cost=0.00..29.93 rows=949 width=0)
	                    Index Cond: ((id >= 9989983) AND (id <= 9990982))

table 8 : explain SELECT DISTINCT c FROM sbtest8 WHERE id BETWEEN 910660 AND 911659 ORDER BY c
	Unique  (cost=3852.52..3857.43 rows=981 width=121)
	  ->  Sort  (cost=3852.52..3854.97 rows=981 width=121)
	        Sort Key: c
	        ->  Bitmap Heap Scan on sbtest8  (cost=30.49..3803.78 rows=981 width=121)
	              Recheck Cond: ((id >= 910660) AND (id <= 911659))
	              ->  Bitmap Index Scan on sbtest8_pkey  (cost=0.00..30.25 rows=981 width=0)
	                    Index Cond: ((id >= 910660) AND (id <= 911659))

for: distinct_ranges
table 1 : explain SELECT DISTINCT c FROM sbtest1 WHERE id BETWEEN 3517470 AND 3518469 ORDER BY c
	Unique  (cost=3741.13..3745.89 rows=953 width=121)
	  ->  Sort  (cost=3741.13..3743.51 rows=953 width=121)
	        Sort Key: c
	        ->  Bitmap Heap Scan on sbtest1  (cost=30.20..3693.97 rows=953 width=121)
	              Recheck Cond: ((id >= 3517470) AND (id <= 3518469))
	              ->  Bitmap Index Scan on sbtest1_pkey  (cost=0.00..29.96 rows=953 width=0)
	                    Index Cond: ((id >= 3517470) AND (id <= 3518469))

table 2 : explain SELECT DISTINCT c FROM sbtest2 WHERE id BETWEEN 7394528 AND 7395527 ORDER BY c
	Unique  (cost=4155.87..4161.17 rows=1061 width=121)
	  ->  Sort  (cost=4155.87..4158.52 rows=1061 width=121)
	        Sort Key: c
	        ->  Bitmap Heap Scan on sbtest2  (cost=31.31..4102.55 rows=1061 width=121)
	              Recheck Cond: ((id >= 7394528) AND (id <= 7395527))
	              ->  Bitmap Index Scan on sbtest2_pkey  (cost=0.00..31.04 rows=1061 width=0)
	                    Index Cond: ((id >= 7394528) AND (id <= 7395527))

table 3 : explain SELECT DISTINCT c FROM sbtest3 WHERE id BETWEEN 1353078 AND 1354077 ORDER BY c
	Unique  (cost=3819.67..3824.53 rows=973 width=121)
	  ->  Sort  (cost=3819.67..3822.10 rows=973 width=121)
	        Sort Key: c
	        ->  Bitmap Heap Scan on sbtest3  (cost=30.41..3771.37 rows=973 width=121)
	              Recheck Cond: ((id >= 1353078) AND (id <= 1354077))
	              ->  Bitmap Index Scan on sbtest3_pkey  (cost=0.00..30.16 rows=973 width=0)
	                    Index Cond: ((id >= 1353078) AND (id <= 1354077))

table 4 : explain SELECT DISTINCT c FROM sbtest4 WHERE id BETWEEN 6901784 AND 6902783 ORDER BY c
	Unique  (cost=3903.90..3908.87 rows=995 width=121)
	  ->  Sort  (cost=3903.90..3906.38 rows=995 width=121)
	        Sort Key: c
	        ->  Bitmap Heap Scan on sbtest4  (cost=30.63..3854.35 rows=995 width=121)
	              Recheck Cond: ((id >= 6901784) AND (id <= 6902783))
	              ->  Bitmap Index Scan on sbtest4_pkey  (cost=0.00..30.39 rows=995 width=0)
	                    Index Cond: ((id >= 6901784) AND (id <= 6902783))

table 5 : explain SELECT DISTINCT c FROM sbtest5 WHERE id BETWEEN 9292875 AND 9293874 ORDER BY c
	Unique  (cost=3662.83..3667.49 rows=931 width=121)
	  ->  Sort  (cost=3662.83..3665.16 rows=931 width=121)
	        Sort Key: c
	        ->  Bitmap Heap Scan on sbtest5  (cost=29.98..3616.92 rows=931 width=121)
	              Recheck Cond: ((id >= 9292875) AND (id <= 9293874))
	              ->  Bitmap Index Scan on sbtest5_pkey  (cost=0.00..29.75 rows=931 width=0)
	                    Index Cond: ((id >= 9292875) AND (id <= 9293874))

table 6 : explain SELECT DISTINCT c FROM sbtest6 WHERE id BETWEEN 206595 AND 207594 ORDER BY c
	Unique  (cost=3652.61..3657.25 rows=929 width=121)
	  ->  Sort  (cost=3652.61..3654.93 rows=929 width=121)
	        Sort Key: c
	        ->  Bitmap Heap Scan on sbtest6  (cost=29.96..3606.81 rows=929 width=121)
	              Recheck Cond: ((id >= 206595) AND (id <= 207594))
	              ->  Bitmap Index Scan on sbtest6_pkey  (cost=0.00..29.72 rows=929 width=0)
	                    Index Cond: ((id >= 206595) AND (id <= 207594))

table 7 : explain SELECT DISTINCT c FROM sbtest7 WHERE id BETWEEN 163680 AND 164679 ORDER BY c
	Unique  (cost=4096.59..4101.81 rows=1044 width=121)
	  ->  Sort  (cost=4096.59..4099.20 rows=1044 width=121)
	        Sort Key: c
	        ->  Bitmap Heap Scan on sbtest7  (cost=31.14..4044.24 rows=1044 width=121)
	              Recheck Cond: ((id >= 163680) AND (id <= 164679))
	              ->  Bitmap Index Scan on sbtest7_pkey  (cost=0.00..30.87 rows=1044 width=0)
	                    Index Cond: ((id >= 163680) AND (id <= 164679))

table 8 : explain SELECT DISTINCT c FROM sbtest8 WHERE id BETWEEN 8956506 AND 8957505 ORDER BY c
	Unique  (cost=3887.03..3891.98 rows=990 width=121)
	  ->  Sort  (cost=3887.03..3889.51 rows=990 width=121)
	        Sort Key: c
	        ->  Bitmap Heap Scan on sbtest8  (cost=30.58..3837.77 rows=990 width=121)
	              Recheck Cond: ((id >= 8956506) AND (id <= 8957505))
	              ->  Bitmap Index Scan on sbtest8_pkey  (cost=0.00..30.33 rows=990 width=0)
	                    Index Cond: ((id >= 8956506) AND (id <= 8957505))

for: simple_ranges
table 1 : explain SELECT c FROM sbtest1 WHERE id BETWEEN 3155045 AND 3156044
	Bitmap Heap Scan on sbtest1  (cost=31.35..4116.01 rows=1065 width=121)
	  Recheck Cond: ((id >= 3155045) AND (id <= 3156044))
	  ->  Bitmap Index Scan on sbtest1_pkey  (cost=0.00..31.08 rows=1065 width=0)
	        Index Cond: ((id >= 3155045) AND (id <= 3156044))

table 2 : explain SELECT c FROM sbtest2 WHERE id BETWEEN 487023 AND 488022
	Bitmap Heap Scan on sbtest2  (cost=30.03..3631.07 rows=936 width=121)
	  Recheck Cond: ((id >= 487023) AND (id <= 488022))
	  ->  Bitmap Index Scan on sbtest2_pkey  (cost=0.00..29.79 rows=936 width=0)
	        Index Cond: ((id >= 487023) AND (id <= 488022))

table 3 : explain SELECT c FROM sbtest3 WHERE id BETWEEN 4011341 AND 4012340
	Bitmap Heap Scan on sbtest3  (cost=31.48..4167.14 rows=1078 width=121)
	  Recheck Cond: ((id >= 4011341) AND (id <= 4012340))
	  ->  Bitmap Index Scan on sbtest3_pkey  (cost=0.00..31.21 rows=1078 width=0)
	        Index Cond: ((id >= 4011341) AND (id <= 4012340))

table 4 : explain SELECT c FROM sbtest4 WHERE id BETWEEN 4574730 AND 4575729
	Bitmap Heap Scan on sbtest4  (cost=30.51..3809.07 rows=983 width=121)
	  Recheck Cond: ((id >= 4574730) AND (id <= 4575729))
	  ->  Bitmap Index Scan on sbtest4_pkey  (cost=0.00..30.26 rows=983 width=0)
	        Index Cond: ((id >= 4574730) AND (id <= 4575729))

table 5 : explain SELECT c FROM sbtest5 WHERE id BETWEEN 4947193 AND 4948192
	Bitmap Heap Scan on sbtest5  (cost=30.21..3704.02 rows=954 width=121)
	  Recheck Cond: ((id >= 4947193) AND (id <= 4948192))
	  ->  Bitmap Index Scan on sbtest5_pkey  (cost=0.00..29.97 rows=954 width=0)
	        Index Cond: ((id >= 4947193) AND (id <= 4948192))

table 6 : explain SELECT c FROM sbtest6 WHERE id BETWEEN 7694462 AND 7695461
	Bitmap Heap Scan on sbtest6  (cost=31.05..4011.00 rows=1036 width=121)
	  Recheck Cond: ((id >= 7694462) AND (id <= 7695461))
	  ->  Bitmap Index Scan on sbtest6_pkey  (cost=0.00..30.79 rows=1036 width=0)
	        Index Cond: ((id >= 7694462) AND (id <= 7695461))

table 7 : explain SELECT c FROM sbtest7 WHERE id BETWEEN 3210874 AND 3211873
	Bitmap Heap Scan on sbtest7  (cost=31.26..4089.53 rows=1056 width=121)
	  Recheck Cond: ((id >= 3210874) AND (id <= 3211873))
	  ->  Bitmap Index Scan on sbtest7_pkey  (cost=0.00..31.00 rows=1056 width=0)
	        Index Cond: ((id >= 3210874) AND (id <= 3211873))

table 8 : explain SELECT c FROM sbtest8 WHERE id BETWEEN 2571797 AND 2572796
	Bitmap Heap Scan on sbtest8  (cost=31.57..4199.80 rows=1086 width=121)
	  Recheck Cond: ((id >= 2571797) AND (id <= 2572796))
	  ->  Bitmap Index Scan on sbtest8_pkey  (cost=0.00..31.29 rows=1086 width=0)
	        Index Cond: ((id >= 2571797) AND (id <= 2572796))

for: simple_ranges
table 1 : explain SELECT c FROM sbtest1 WHERE id BETWEEN 4660155 AND 4661154
	Bitmap Heap Scan on sbtest1  (cost=31.37..4123.54 rows=1067 width=121)
	  Recheck Cond: ((id >= 4660155) AND (id <= 4661154))
	  ->  Bitmap Index Scan on sbtest1_pkey  (cost=0.00..31.11 rows=1067 width=0)
	        Index Cond: ((id >= 4660155) AND (id <= 4661154))

table 2 : explain SELECT c FROM sbtest2 WHERE id BETWEEN 6624845 AND 6625844
	Bitmap Heap Scan on sbtest2  (cost=30.40..3767.06 rows=972 width=121)
	  Recheck Cond: ((id >= 6624845) AND (id <= 6625844))
	  ->  Bitmap Index Scan on sbtest2_pkey  (cost=0.00..30.15 rows=972 width=0)
	        Index Cond: ((id >= 6624845) AND (id <= 6625844))

table 3 : explain SELECT c FROM sbtest3 WHERE id BETWEEN 3189038 AND 3190037
	Bitmap Heap Scan on sbtest3  (cost=31.06..4012.77 rows=1037 width=121)
	  Recheck Cond: ((id >= 3189038) AND (id <= 3190037))
	  ->  Bitmap Index Scan on sbtest3_pkey  (cost=0.00..30.80 rows=1037 width=0)
	        Index Cond: ((id >= 3189038) AND (id <= 3190037))

table 4 : explain SELECT c FROM sbtest4 WHERE id BETWEEN 3191875 AND 3192874
	Bitmap Heap Scan on sbtest4  (cost=30.78..3907.16 rows=1009 width=121)
	  Recheck Cond: ((id >= 3191875) AND (id <= 3192874))
	  ->  Bitmap Index Scan on sbtest4_pkey  (cost=0.00..30.52 rows=1009 width=0)
	        Index Cond: ((id >= 3191875) AND (id <= 3192874))

table 5 : explain SELECT c FROM sbtest5 WHERE id BETWEEN 112757 AND 113756
	Bitmap Heap Scan on sbtest5  (cost=31.42..4149.81 rows=1072 width=121)
	  Recheck Cond: ((id >= 112757) AND (id <= 113756))
	  ->  Bitmap Index Scan on sbtest5_pkey  (cost=0.00..31.15 rows=1072 width=0)
	        Index Cond: ((id >= 112757) AND (id <= 113756))

table 6 : explain SELECT c FROM sbtest6 WHERE id BETWEEN 32985 AND 33984
	Bitmap Heap Scan on sbtest6  (cost=30.72..3886.49 rows=1003 width=121)
	  Recheck Cond: ((id >= 32985) AND (id <= 33984))
	  ->  Bitmap Index Scan on sbtest6_pkey  (cost=0.00..30.46 rows=1003 width=0)
	        Index Cond: ((id >= 32985) AND (id <= 33984))

table 7 : explain SELECT c FROM sbtest7 WHERE id BETWEEN 5145104 AND 5146103
	Bitmap Heap Scan on sbtest7  (cost=30.89..3953.63 rows=1020 width=121)
	  Recheck Cond: ((id >= 5145104) AND (id <= 5146103))
	  ->  Bitmap Index Scan on sbtest7_pkey  (cost=0.00..30.64 rows=1020 width=0)
	        Index Cond: ((id >= 5145104) AND (id <= 5146103))

table 8 : explain SELECT c FROM sbtest8 WHERE id BETWEEN 2749974 AND 2750973
	Bitmap Heap Scan on sbtest8  (cost=30.66..3867.99 rows=998 width=121)
	  Recheck Cond: ((id >= 2749974) AND (id <= 2750973))
	  ->  Bitmap Index Scan on sbtest8_pkey  (cost=0.00..30.41 rows=998 width=0)
	        Index Cond: ((id >= 2749974) AND (id <= 2750973))

for: simple_ranges
table 1 : explain SELECT c FROM sbtest1 WHERE id BETWEEN 5613942 AND 5614941
	Bitmap Heap Scan on sbtest1  (cost=30.66..3863.73 rows=998 width=121)
	  Recheck Cond: ((id >= 5613942) AND (id <= 5614941))
	  ->  Bitmap Index Scan on sbtest1_pkey  (cost=0.00..30.41 rows=998 width=0)
	        Index Cond: ((id >= 5613942) AND (id <= 5614941))

table 2 : explain SELECT c FROM sbtest2 WHERE id BETWEEN 4239065 AND 4240064
	Bitmap Heap Scan on sbtest2  (cost=31.84..4298.10 rows=1113 width=121)
	  Recheck Cond: ((id >= 4239065) AND (id <= 4240064))
	  ->  Bitmap Index Scan on sbtest2_pkey  (cost=0.00..31.57 rows=1113 width=0)
	        Index Cond: ((id >= 4239065) AND (id <= 4240064))

table 3 : explain SELECT c FROM sbtest3 WHERE id BETWEEN 8249309 AND 8250308
	Bitmap Heap Scan on sbtest3  (cost=30.98..3982.62 rows=1029 width=121)
	  Recheck Cond: ((id >= 8249309) AND (id <= 8250308))
	  ->  Bitmap Index Scan on sbtest3_pkey  (cost=0.00..30.72 rows=1029 width=0)
	        Index Cond: ((id >= 8249309) AND (id <= 8250308))

table 4 : explain SELECT c FROM sbtest4 WHERE id BETWEEN 3802081 AND 3803080
	Bitmap Heap Scan on sbtest4  (cost=30.49..3801.52 rows=981 width=121)
	  Recheck Cond: ((id >= 3802081) AND (id <= 3803080))
	  ->  Bitmap Index Scan on sbtest4_pkey  (cost=0.00..30.25 rows=981 width=0)
	        Index Cond: ((id >= 3802081) AND (id <= 3803080))

table 5 : explain SELECT c FROM sbtest5 WHERE id BETWEEN 9222695 AND 9223694
	Bitmap Heap Scan on sbtest5  (cost=30.07..3651.01 rows=940 width=121)
	  Recheck Cond: ((id >= 9222695) AND (id <= 9223694))
	  ->  Bitmap Index Scan on sbtest5_pkey  (cost=0.00..29.83 rows=940 width=0)
	        Index Cond: ((id >= 9222695) AND (id <= 9223694))

table 6 : explain SELECT c FROM sbtest6 WHERE id BETWEEN 4032945 AND 4033944
	Bitmap Heap Scan on sbtest6  (cost=30.39..3765.64 rows=971 width=121)
	  Recheck Cond: ((id >= 4032945) AND (id <= 4033944))
	  ->  Bitmap Index Scan on sbtest6_pkey  (cost=0.00..30.14 rows=971 width=0)
	        Index Cond: ((id >= 4032945) AND (id <= 4033944))

table 7 : explain SELECT c FROM sbtest7 WHERE id BETWEEN 9739779 AND 9740778
	Bitmap Heap Scan on sbtest7  (cost=30.56..3832.70 rows=988 width=121)
	  Recheck Cond: ((id >= 9739779) AND (id <= 9740778))
	  ->  Bitmap Index Scan on sbtest7_pkey  (cost=0.00..30.32 rows=988 width=0)
	        Index Cond: ((id >= 9739779) AND (id <= 9740778))

table 8 : explain SELECT c FROM sbtest8 WHERE id BETWEEN 3731975 AND 3732974
	Bitmap Heap Scan on sbtest8  (cost=31.56..4196.03 rows=1085 width=121)
	  Recheck Cond: ((id >= 3731975) AND (id <= 3732974))
	  ->  Bitmap Index Scan on sbtest8_pkey  (cost=0.00..31.29 rows=1085 width=0)
	        Index Cond: ((id >= 3731975) AND (id <= 3732974))

explain: for point_selects :: explain SELECT c FROM sbtest%u WHERE id=%u
for: distinct_ranges
table 1 : explain SELECT DISTINCT c FROM sbtest1 WHERE id BETWEEN 6410326 AND 6411325 ORDER BY c
	Unique  (cost=3794.76..3799.60 rows=967 width=121)
	  ->  Sort  (cost=3794.76..3797.18 rows=967 width=121)
	        Sort Key: c
	        ->  Bitmap Heap Scan on sbtest1  (cost=30.35..3746.81 rows=967 width=121)
	              Recheck Cond: ((id >= 6410326) AND (id <= 6411325))
	              ->  Bitmap Index Scan on sbtest1_pkey  (cost=0.00..30.11 rows=967 width=0)
	                    Index Cond: ((id >= 6410326) AND (id <= 6411325))

table 2 : explain SELECT DISTINCT c FROM sbtest2 WHERE id BETWEEN 6868390 AND 6869389 ORDER BY c
	Unique  (cost=3642.57..3647.21 rows=928 width=121)
	  ->  Sort  (cost=3642.57..3644.89 rows=928 width=121)
	        Sort Key: c
	        ->  Bitmap Heap Scan on sbtest2  (cost=25.95..3596.83 rows=928 width=121)
	              Recheck Cond: ((id >= 6868390) AND (id <= 6869389))
	              ->  Bitmap Index Scan on sbtest2_pkey  (cost=0.00..25.71 rows=928 width=0)
	                    Index Cond: ((id >= 6868390) AND (id <= 6869389))

table 3 : explain SELECT DISTINCT c FROM sbtest3 WHERE id BETWEEN 8305351 AND 8306350 ORDER BY c
	Unique  (cost=4164.12..4169.44 rows=1063 width=121)
	  ->  Sort  (cost=4164.12..4166.78 rows=1063 width=121)
	        Sort Key: c
	        ->  Bitmap Heap Scan on sbtest3  (cost=31.33..4110.69 rows=1063 width=121)
	              Recheck Cond: ((id >= 8305351) AND (id <= 8306350))
	              ->  Bitmap Index Scan on sbtest3_pkey  (cost=0.00..31.07 rows=1063 width=0)
	                    Index Cond: ((id >= 8305351) AND (id <= 8306350))

table 4 : explain SELECT DISTINCT c FROM sbtest4 WHERE id BETWEEN 6717745 AND 6718744 ORDER BY c
	Unique  (cost=3765.94..3770.74 rows=959 width=121)
	  ->  Sort  (cost=3765.94..3768.34 rows=959 width=121)
	        Sort Key: c
	        ->  Bitmap Heap Scan on sbtest4  (cost=30.26..3718.44 rows=959 width=121)
	              Recheck Cond: ((id >= 6717745) AND (id <= 6718744))
	              ->  Bitmap Index Scan on sbtest4_pkey  (cost=0.00..30.02 rows=959 width=0)
	                    Index Cond: ((id >= 6717745) AND (id <= 6718744))

table 5 : explain SELECT DISTINCT c FROM sbtest5 WHERE id BETWEEN 1027486 AND 1028485 ORDER BY c
	Unique  (cost=4219.08..4224.46 rows=1076 width=121)
	  ->  Sort  (cost=4219.08..4221.77 rows=1076 width=121)
	        Sort Key: c
	        ->  Bitmap Heap Scan on sbtest5  (cost=31.46..4164.89 rows=1076 width=121)
	              Recheck Cond: ((id >= 1027486) AND (id <= 1028485))
	              ->  Bitmap Index Scan on sbtest5_pkey  (cost=0.00..31.19 rows=1076 width=0)
	                    Index Cond: ((id >= 1027486) AND (id <= 1028485))

table 6 : explain SELECT DISTINCT c FROM sbtest6 WHERE id BETWEEN 6865163 AND 6866162 ORDER BY c
	Unique  (cost=3702.53..3707.24 rows=942 width=121)
	  ->  Sort  (cost=3702.53..3704.88 rows=942 width=121)
	        Sort Key: c
	        ->  Bitmap Heap Scan on sbtest6  (cost=30.09..3655.99 rows=942 width=121)
	              Recheck Cond: ((id >= 6865163) AND (id <= 6866162))
	              ->  Bitmap Index Scan on sbtest6_pkey  (cost=0.00..29.86 rows=942 width=0)
	                    Index Cond: ((id >= 6865163) AND (id <= 6866162))

table 7 : explain SELECT DISTINCT c FROM sbtest7 WHERE id BETWEEN 9569360 AND 9570359 ORDER BY c
	Unique  (cost=3993.10..3998.18 rows=1017 width=121)
	  ->  Sort  (cost=3993.10..3995.64 rows=1017 width=121)
	        Sort Key: c
	        ->  Bitmap Heap Scan on sbtest7  (cost=30.86..3942.30 rows=1017 width=121)
	              Recheck Cond: ((id >= 9569360) AND (id <= 9570359))
	              ->  Bitmap Index Scan on sbtest7_pkey  (cost=0.00..30.61 rows=1017 width=0)
	                    Index Cond: ((id >= 9569360) AND (id <= 9570359))

table 8 : explain SELECT DISTINCT c FROM sbtest8 WHERE id BETWEEN 465925 AND 466924 ORDER BY c
	Unique  (cost=4220.15..4225.53 rows=1077 width=121)
	  ->  Sort  (cost=4220.15..4222.84 rows=1077 width=121)
	        Sort Key: c
	        ->  Bitmap Heap Scan on sbtest8  (cost=31.47..4165.91 rows=1077 width=121)
	              Recheck Cond: ((id >= 465925) AND (id <= 466924))
	              ->  Bitmap Index Scan on sbtest8_pkey  (cost=0.00..31.20 rows=1077 width=0)
	                    Index Cond: ((id >= 465925) AND (id <= 466924))

for: distinct_ranges
table 1 : explain SELECT DISTINCT c FROM sbtest1 WHERE id BETWEEN 9341228 AND 9342227 ORDER BY c
	Unique  (cost=3760.28..3765.07 rows=958 width=121)
	  ->  Sort  (cost=3760.28..3762.68 rows=958 width=121)
	        Sort Key: c
	        ->  Bitmap Heap Scan on sbtest1  (cost=30.25..3712.84 rows=958 width=121)
	              Recheck Cond: ((id >= 9341228) AND (id <= 9342227))
	              ->  Bitmap Index Scan on sbtest1_pkey  (cost=0.00..30.01 rows=958 width=0)
	                    Index Cond: ((id >= 9341228) AND (id <= 9342227))

table 2 : explain SELECT DISTINCT c FROM sbtest2 WHERE id BETWEEN 4355249 AND 4356248 ORDER BY c
	Unique  (cost=3926.37..3931.38 rows=1001 width=121)
	  ->  Sort  (cost=3926.37..3928.88 rows=1001 width=121)
	        Sort Key: c
	        ->  Bitmap Heap Scan on sbtest2  (cost=30.70..3876.49 rows=1001 width=121)
	              Recheck Cond: ((id >= 4355249) AND (id <= 4356248))
	              ->  Bitmap Index Scan on sbtest2_pkey  (cost=0.00..30.44 rows=1001 width=0)
	                    Index Cond: ((id >= 4355249) AND (id <= 4356248))

table 3 : explain SELECT DISTINCT c FROM sbtest3 WHERE id BETWEEN 6775788 AND 6776787 ORDER BY c
	Unique  (cost=4339.81..4345.36 rows=1109 width=121)
	  ->  Sort  (cost=4339.81..4342.59 rows=1109 width=121)
	        Sort Key: c
	        ->  Bitmap Heap Scan on sbtest3  (cost=31.80..4283.73 rows=1109 width=121)
	              Recheck Cond: ((id >= 6775788) AND (id <= 6776787))
	              ->  Bitmap Index Scan on sbtest3_pkey  (cost=0.00..31.52 rows=1109 width=0)
	                    Index Cond: ((id >= 6775788) AND (id <= 6776787))

table 4 : explain SELECT DISTINCT c FROM sbtest4 WHERE id BETWEEN 4864867 AND 4865866 ORDER BY c
	Unique  (cost=3585.43..3590.00 rows=913 width=121)
	  ->  Sort  (cost=3585.43..3587.72 rows=913 width=121)
	        Sort Key: c
	        ->  Bitmap Heap Scan on sbtest4  (cost=25.79..3540.54 rows=913 width=121)
	              Recheck Cond: ((id >= 4864867) AND (id <= 4865866))
	              ->  Bitmap Index Scan on sbtest4_pkey  (cost=0.00..25.57 rows=913 width=0)
	                    Index Cond: ((id >= 4864867) AND (id <= 4865866))

table 5 : explain SELECT DISTINCT c FROM sbtest5 WHERE id BETWEEN 772863 AND 773862 ORDER BY c
	Unique  (cost=3566.68..3571.21 rows=906 width=121)
	  ->  Sort  (cost=3566.68..3568.95 rows=906 width=121)
	        Sort Key: c
	        ->  Bitmap Heap Scan on sbtest5  (cost=29.72..3522.18 rows=906 width=121)
	              Recheck Cond: ((id >= 772863) AND (id <= 773862))
	              ->  Bitmap Index Scan on sbtest5_pkey  (cost=0.00..29.50 rows=906 width=0)
	                    Index Cond: ((id >= 772863) AND (id <= 773862))

table 6 : explain SELECT DISTINCT c FROM sbtest6 WHERE id BETWEEN 7146768 AND 7147767 ORDER BY c
	Unique  (cost=3982.47..3987.54 rows=1015 width=121)
	  ->  Sort  (cost=3982.47..3985.01 rows=1015 width=121)
	        Sort Key: c
	        ->  Bitmap Heap Scan on sbtest6  (cost=30.84..3931.78 rows=1015 width=121)
	              Recheck Cond: ((id >= 7146768) AND (id <= 7147767))
	              ->  Bitmap Index Scan on sbtest6_pkey  (cost=0.00..30.58 rows=1015 width=0)
	                    Index Cond: ((id >= 7146768) AND (id <= 7147767))

table 7 : explain SELECT DISTINCT c FROM sbtest7 WHERE id BETWEEN 5733359 AND 5734358 ORDER BY c
	Unique  (cost=3970.09..3975.14 rows=1011 width=121)
	  ->  Sort  (cost=3970.09..3972.61 rows=1011 width=121)
	        Sort Key: c
	        ->  Bitmap Heap Scan on sbtest7  (cost=30.80..3919.63 rows=1011 width=121)
	              Recheck Cond: ((id >= 5733359) AND (id <= 5734358))
	              ->  Bitmap Index Scan on sbtest7_pkey  (cost=0.00..30.54 rows=1011 width=0)
	                    Index Cond: ((id >= 5733359) AND (id <= 5734358))

table 8 : explain SELECT DISTINCT c FROM sbtest8 WHERE id BETWEEN 5088700 AND 5089699 ORDER BY c
	Unique  (cost=3948.36..3953.39 rows=1006 width=121)
	  ->  Sort  (cost=3948.36..3950.88 rows=1006 width=121)
	        Sort Key: c
	        ->  Bitmap Heap Scan on sbtest8  (cost=30.75..3898.19 rows=1006 width=121)
	              Recheck Cond: ((id >= 5088700) AND (id <= 5089699))
	              ->  Bitmap Index Scan on sbtest8_pkey  (cost=0.00..30.50 rows=1006 width=0)
	                    Index Cond: ((id >= 5088700) AND (id <= 5089699))

for: simple_ranges
table 1 : explain SELECT c FROM sbtest1 WHERE id BETWEEN 2717402 AND 2718401
	Bitmap Heap Scan on sbtest1  (cost=25.42..3402.65 rows=877 width=121)
	  Recheck Cond: ((id >= 2717402) AND (id <= 2718401))
	  ->  Bitmap Index Scan on sbtest1_pkey  (cost=0.00..25.20 rows=877 width=0)
	        Index Cond: ((id >= 2717402) AND (id <= 2718401))

table 2 : explain SELECT c FROM sbtest2 WHERE id BETWEEN 8943544 AND 8944543
	Bitmap Heap Scan on sbtest2  (cost=31.87..4309.38 rows=1116 width=121)
	  Recheck Cond: ((id >= 8943544) AND (id <= 8944543))
	  ->  Bitmap Index Scan on sbtest2_pkey  (cost=0.00..31.59 rows=1116 width=0)
	        Index Cond: ((id >= 8943544) AND (id <= 8944543))

table 3 : explain SELECT c FROM sbtest3 WHERE id BETWEEN 9851559 AND 9852558
	Bitmap Heap Scan on sbtest3  (cost=30.94..3967.54 rows=1025 width=121)
	  Recheck Cond: ((id >= 9851559) AND (id <= 9852558))
	  ->  Bitmap Index Scan on sbtest3_pkey  (cost=0.00..30.68 rows=1025 width=0)
	        Index Cond: ((id >= 9851559) AND (id <= 9852558))

table 4 : explain SELECT c FROM sbtest4 WHERE id BETWEEN 2150170 AND 2151169
	Bitmap Heap Scan on sbtest4  (cost=30.53..3816.62 rows=985 width=121)
	  Recheck Cond: ((id >= 2150170) AND (id <= 2151169))
	  ->  Bitmap Index Scan on sbtest4_pkey  (cost=0.00..30.29 rows=985 width=0)
	        Index Cond: ((id >= 2150170) AND (id <= 2151169))

table 5 : explain SELECT c FROM sbtest5 WHERE id BETWEEN 4427068 AND 4428067
	Bitmap Heap Scan on sbtest5  (cost=31.23..4078.15 rows=1053 width=121)
	  Recheck Cond: ((id >= 4427068) AND (id <= 4428067))
	  ->  Bitmap Index Scan on sbtest5_pkey  (cost=0.00..30.96 rows=1053 width=0)
	        Index Cond: ((id >= 4427068) AND (id <= 4428067))

table 6 : explain SELECT c FROM sbtest6 WHERE id BETWEEN 8933730 AND 8934729
	Bitmap Heap Scan on sbtest6  (cost=31.92..4327.31 rows=1120 width=121)
	  Recheck Cond: ((id >= 8933730) AND (id <= 8934729))
	  ->  Bitmap Index Scan on sbtest6_pkey  (cost=0.00..31.64 rows=1120 width=0)
	        Index Cond: ((id >= 8933730) AND (id <= 8934729))

table 7 : explain SELECT c FROM sbtest7 WHERE id BETWEEN 1992930 AND 1993929
	Bitmap Heap Scan on sbtest7  (cost=30.90..3957.40 rows=1021 width=121)
	  Recheck Cond: ((id >= 1992930) AND (id <= 1993929))
	  ->  Bitmap Index Scan on sbtest7_pkey  (cost=0.00..30.64 rows=1021 width=0)
	        Index Cond: ((id >= 1992930) AND (id <= 1993929))

table 8 : explain SELECT c FROM sbtest8 WHERE id BETWEEN 3144639 AND 3145638
	Bitmap Heap Scan on sbtest8  (cost=30.80..3917.06 rows=1011 width=121)
	  Recheck Cond: ((id >= 3144639) AND (id <= 3145638))
	  ->  Bitmap Index Scan on sbtest8_pkey  (cost=0.00..30.54 rows=1011 width=0)
	        Index Cond: ((id >= 3144639) AND (id <= 3145638))

for: sum_ranges
table 1 : explain SELECT SUM(k) FROM sbtest1 WHERE id BETWEEN 5692862 AND 5693861
	Aggregate  (cost=3836.05..3836.06 rows=1 width=8)
	  ->  Bitmap Heap Scan on sbtest1  (cost=30.58..3833.57 rows=990 width=4)
	        Recheck Cond: ((id >= 5692862) AND (id <= 5693861))
	        ->  Bitmap Index Scan on sbtest1_pkey  (cost=0.00..30.33 rows=990 width=0)
	              Index Cond: ((id >= 5692862) AND (id <= 5693861))

table 2 : explain SELECT SUM(k) FROM sbtest2 WHERE id BETWEEN 7197980 AND 7198979
	Aggregate  (cost=3995.92..3995.93 rows=1 width=8)
	  ->  Bitmap Heap Scan on sbtest2  (cost=31.01..3993.34 rows=1032 width=4)
	        Recheck Cond: ((id >= 7197980) AND (id <= 7198979))
	        ->  Bitmap Index Scan on sbtest2_pkey  (cost=0.00..30.75 rows=1032 width=0)
	              Index Cond: ((id >= 7197980) AND (id <= 7198979))

table 3 : explain SELECT SUM(k) FROM sbtest3 WHERE id BETWEEN 7919569 AND 7920568
	Aggregate  (cost=4230.06..4230.07 rows=1 width=8)
	  ->  Bitmap Heap Scan on sbtest3  (cost=31.65..4227.33 rows=1094 width=4)
	        Recheck Cond: ((id >= 7919569) AND (id <= 7920568))
	        ->  Bitmap Index Scan on sbtest3_pkey  (cost=0.00..31.37 rows=1094 width=0)
	              Index Cond: ((id >= 7919569) AND (id <= 7920568))

table 4 : explain SELECT SUM(k) FROM sbtest4 WHERE id BETWEEN 4838793 AND 4839792
	Aggregate  (cost=4154.71..4154.72 rows=1 width=8)
	  ->  Bitmap Heap Scan on sbtest4  (cost=31.44..4152.02 rows=1074 width=4)
	        Recheck Cond: ((id >= 4838793) AND (id <= 4839792))
	        ->  Bitmap Index Scan on sbtest4_pkey  (cost=0.00..31.18 rows=1074 width=0)
	              Index Cond: ((id >= 4838793) AND (id <= 4839792))

table 5 : explain SELECT SUM(k) FROM sbtest5 WHERE id BETWEEN 2717601 AND 2718600
	Aggregate  (cost=3906.98..3906.99 rows=1 width=8)
	  ->  Bitmap Heap Scan on sbtest5  (cost=30.76..3904.46 rows=1007 width=4)
	        Recheck Cond: ((id >= 2717601) AND (id <= 2718600))
	        ->  Bitmap Index Scan on sbtest5_pkey  (cost=0.00..30.50 rows=1007 width=0)
	              Index Cond: ((id >= 2717601) AND (id <= 2718600))

table 6 : explain SELECT SUM(k) FROM sbtest6 WHERE id BETWEEN 4171639 AND 4172638
	Aggregate  (cost=3911.66..3911.67 rows=1 width=8)
	  ->  Bitmap Heap Scan on sbtest6  (cost=30.78..3909.14 rows=1009 width=4)
	        Recheck Cond: ((id >= 4171639) AND (id <= 4172638))
	        ->  Bitmap Index Scan on sbtest6_pkey  (cost=0.00..30.52 rows=1009 width=0)
	              Index Cond: ((id >= 4171639) AND (id <= 4172638))

table 7 : explain SELECT SUM(k) FROM sbtest7 WHERE id BETWEEN 2120856 AND 2121855
	Aggregate  (cost=3702.67..3702.68 rows=1 width=8)
	  ->  Bitmap Heap Scan on sbtest7  (cost=30.20..3700.28 rows=953 width=4)
	        Recheck Cond: ((id >= 2120856) AND (id <= 2121855))
	        ->  Bitmap Index Scan on sbtest7_pkey  (cost=0.00..29.96 rows=953 width=0)
	              Index Cond: ((id >= 2120856) AND (id <= 2121855))

table 8 : explain SELECT SUM(k) FROM sbtest8 WHERE id BETWEEN 7246835 AND 7247834
	Aggregate  (cost=4130.91..4130.92 rows=1 width=8)
	  ->  Bitmap Heap Scan on sbtest8  (cost=31.37..4128.24 rows=1067 width=4)
	        Recheck Cond: ((id >= 7246835) AND (id <= 7247834))
	        ->  Bitmap Index Scan on sbtest8_pkey  (cost=0.00..31.11 rows=1067 width=0)
	              Index Cond: ((id >= 7246835) AND (id <= 7247834))

for: sum_ranges
table 1 : explain SELECT SUM(k) FROM sbtest1 WHERE id BETWEEN 579479 AND 580478
	Aggregate  (cost=3688.80..3688.81 rows=1 width=8)
	  ->  Bitmap Heap Scan on sbtest1  (cost=30.18..3686.42 rows=951 width=4)
	        Recheck Cond: ((id >= 579479) AND (id <= 580478))
	        ->  Bitmap Index Scan on sbtest1_pkey  (cost=0.00..29.94 rows=951 width=0)
	              Index Cond: ((id >= 579479) AND (id <= 580478))

table 2 : explain SELECT SUM(k) FROM sbtest2 WHERE id BETWEEN 3822828 AND 3823827
	Aggregate  (cost=3618.28..3618.29 rows=1 width=8)
	  ->  Bitmap Heap Scan on sbtest2  (cost=29.99..3615.95 rows=932 width=4)
	        Recheck Cond: ((id >= 3822828) AND (id <= 3823827))
	        ->  Bitmap Index Scan on sbtest2_pkey  (cost=0.00..29.75 rows=932 width=0)
	              Index Cond: ((id >= 3822828) AND (id <= 3823827))

table 3 : explain SELECT SUM(k) FROM sbtest3 WHERE id BETWEEN 7016372 AND 7017371
	Aggregate  (cost=3970.11..3970.12 rows=1 width=8)
	  ->  Bitmap Heap Scan on sbtest3  (cost=30.94..3967.54 rows=1025 width=4)
	        Recheck Cond: ((id >= 7016372) AND (id <= 7017371))
	        ->  Bitmap Index Scan on sbtest3_pkey  (cost=0.00..30.68 rows=1025 width=0)
	              Index Cond: ((id >= 7016372) AND (id <= 7017371))

table 4 : explain SELECT SUM(k) FROM sbtest4 WHERE id BETWEEN 7979129 AND 7980128
	Aggregate  (cost=4117.05..4117.06 rows=1 width=8)
	  ->  Bitmap Heap Scan on sbtest4  (cost=31.34..4114.39 rows=1064 width=4)
	        Recheck Cond: ((id >= 7979129) AND (id <= 7980128))
	        ->  Bitmap Index Scan on sbtest4_pkey  (cost=0.00..31.07 rows=1064 width=0)
	              Index Cond: ((id >= 7979129) AND (id <= 7980128))

table 5 : explain SELECT SUM(k) FROM sbtest5 WHERE id BETWEEN 6402188 AND 6403187
	Aggregate  (cost=3982.57..3982.58 rows=1 width=8)
	  ->  Bitmap Heap Scan on sbtest5  (cost=30.96..3980.01 rows=1027 width=4)
	        Recheck Cond: ((id >= 6402188) AND (id <= 6403187))
	        ->  Bitmap Index Scan on sbtest5_pkey  (cost=0.00..30.70 rows=1027 width=0)
	              Index Cond: ((id >= 6402188) AND (id <= 6403187))

table 6 : explain SELECT SUM(k) FROM sbtest6 WHERE id BETWEEN 3313895 AND 3314894
	Aggregate  (cost=3896.56..3896.57 rows=1 width=8)
	  ->  Bitmap Heap Scan on sbtest6  (cost=30.74..3894.04 rows=1005 width=4)
	        Recheck Cond: ((id >= 3313895) AND (id <= 3314894))
	        ->  Bitmap Index Scan on sbtest6_pkey  (cost=0.00..30.48 rows=1005 width=0)
	              Index Cond: ((id >= 3313895) AND (id <= 3314894))

table 7 : explain SELECT SUM(k) FROM sbtest7 WHERE id BETWEEN 7925737 AND 7926736
	Aggregate  (cost=3683.73..3683.74 rows=1 width=8)
	  ->  Bitmap Heap Scan on sbtest7  (cost=30.15..3681.36 rows=948 width=4)
	        Recheck Cond: ((id >= 7925737) AND (id <= 7926736))
	        ->  Bitmap Index Scan on sbtest7_pkey  (cost=0.00..29.91 rows=948 width=0)
	              Index Cond: ((id >= 7925737) AND (id <= 7926736))

table 8 : explain SELECT SUM(k) FROM sbtest8 WHERE id BETWEEN 3428188 AND 3429187
	Aggregate  (cost=3968.68..3968.69 rows=1 width=8)
	  ->  Bitmap Heap Scan on sbtest8  (cost=30.93..3966.12 rows=1024 width=4)
	        Recheck Cond: ((id >= 3428188) AND (id <= 3429187))
	        ->  Bitmap Index Scan on sbtest8_pkey  (cost=0.00..30.68 rows=1024 width=0)
	              Index Cond: ((id >= 3428188) AND (id <= 3429187))

for: sum_ranges
table 1 : explain SELECT SUM(k) FROM sbtest1 WHERE id BETWEEN 6801045 AND 6802044
	Aggregate  (cost=3847.37..3847.38 rows=1 width=8)
	  ->  Bitmap Heap Scan on sbtest1  (cost=30.61..3844.88 rows=993 width=4)
	        Recheck Cond: ((id >= 6801045) AND (id <= 6802044))
	        ->  Bitmap Index Scan on sbtest1_pkey  (cost=0.00..30.36 rows=993 width=0)
	              Index Cond: ((id >= 6801045) AND (id <= 6802044))

table 2 : explain SELECT SUM(k) FROM sbtest2 WHERE id BETWEEN 139404 AND 140403
	Aggregate  (cost=4293.37..4293.38 rows=1 width=8)
	  ->  Bitmap Heap Scan on sbtest2  (cost=31.82..4290.59 rows=1111 width=4)
	        Recheck Cond: ((id >= 139404) AND (id <= 140403))
	        ->  Bitmap Index Scan on sbtest2_pkey  (cost=0.00..31.54 rows=1111 width=0)
	              Index Cond: ((id >= 139404) AND (id <= 140403))

table 3 : explain SELECT SUM(k) FROM sbtest3 WHERE id BETWEEN 4497008 AND 4498007
	Aggregate  (cost=3932.38..3932.39 rows=1 width=8)
	  ->  Bitmap Heap Scan on sbtest3  (cost=30.84..3929.85 rows=1015 width=4)
	        Recheck Cond: ((id >= 4497008) AND (id <= 4498007))
	        ->  Bitmap Index Scan on sbtest3_pkey  (cost=0.00..30.58 rows=1015 width=0)
	              Index Cond: ((id >= 4497008) AND (id <= 4498007))

table 4 : explain SELECT SUM(k) FROM sbtest4 WHERE id BETWEEN 6076301 AND 6077300
	Aggregate  (cost=4143.41..4143.42 rows=1 width=8)
	  ->  Bitmap Heap Scan on sbtest4  (cost=31.41..4140.73 rows=1071 width=4)
	        Recheck Cond: ((id >= 6076301) AND (id <= 6077300))
	        ->  Bitmap Index Scan on sbtest4_pkey  (cost=0.00..31.14 rows=1071 width=0)
	              Index Cond: ((id >= 6076301) AND (id <= 6077300))

table 5 : explain SELECT SUM(k) FROM sbtest5 WHERE id BETWEEN 9804663 AND 9805662
	Aggregate  (cost=3748.06..3748.07 rows=1 width=8)
	  ->  Bitmap Heap Scan on sbtest5  (cost=30.33..3745.65 rows=965 width=4)
	        Recheck Cond: ((id >= 9804663) AND (id <= 9805662))
	        ->  Bitmap Index Scan on sbtest5_pkey  (cost=0.00..30.08 rows=965 width=0)
	              Index Cond: ((id >= 9804663) AND (id <= 9805662))

table 6 : explain SELECT SUM(k) FROM sbtest6 WHERE id BETWEEN 6003132 AND 6004131
	Aggregate  (cost=3820.99..3821.00 rows=1 width=8)
	  ->  Bitmap Heap Scan on sbtest6  (cost=30.53..3818.53 rows=985 width=4)
	        Recheck Cond: ((id >= 6003132) AND (id <= 6004131))
	        ->  Bitmap Index Scan on sbtest6_pkey  (cost=0.00..30.29 rows=985 width=0)
	              Index Cond: ((id >= 6003132) AND (id <= 6004131))

table 7 : explain SELECT SUM(k) FROM sbtest7 WHERE id BETWEEN 220092 AND 221091
	Aggregate  (cost=3581.39..3581.40 rows=1 width=8)
	  ->  Bitmap Heap Scan on sbtest7  (cost=29.88..3579.09 rows=921 width=4)
	        Recheck Cond: ((id >= 220092) AND (id <= 221091))
	        ->  Bitmap Index Scan on sbtest7_pkey  (cost=0.00..29.64 rows=921 width=0)
	              Index Cond: ((id >= 220092) AND (id <= 221091))

table 8 : explain SELECT SUM(k) FROM sbtest8 WHERE id BETWEEN 8008556 AND 8009555
	Aggregate  (cost=3844.03..3844.04 rows=1 width=8)
	  ->  Bitmap Heap Scan on sbtest8  (cost=30.59..3841.55 rows=991 width=4)
	        Recheck Cond: ((id >= 8008556) AND (id <= 8009555))
	        ->  Bitmap Index Scan on sbtest8_pkey  (cost=0.00..30.34 rows=991 width=0)
	              Index Cond: ((id >= 8008556) AND (id <= 8009555))

for: sum_ranges
table 1 : explain SELECT SUM(k) FROM sbtest1 WHERE id BETWEEN 6642329 AND 6643328
	Aggregate  (cost=3783.21..3783.22 rows=1 width=8)
	  ->  Bitmap Heap Scan on sbtest1  (cost=30.44..3780.77 rows=976 width=4)
	        Recheck Cond: ((id >= 6642329) AND (id <= 6643328))
	        ->  Bitmap Index Scan on sbtest1_pkey  (cost=0.00..30.19 rows=976 width=0)
	              Index Cond: ((id >= 6642329) AND (id <= 6643328))

table 2 : explain SELECT SUM(k) FROM sbtest2 WHERE id BETWEEN 5107041 AND 5108040
	Aggregate  (cost=3920.50..3920.51 rows=1 width=8)
	  ->  Bitmap Heap Scan on sbtest2  (cost=30.81..3917.97 rows=1012 width=4)
	        Recheck Cond: ((id >= 5107041) AND (id <= 5108040))
	        ->  Bitmap Index Scan on sbtest2_pkey  (cost=0.00..30.55 rows=1012 width=0)
	              Index Cond: ((id >= 5107041) AND (id <= 5108040))

table 3 : explain SELECT SUM(k) FROM sbtest3 WHERE id BETWEEN 6236740 AND 6237739
	Aggregate  (cost=4037.98..4037.99 rows=1 width=8)
	  ->  Bitmap Heap Scan on sbtest3  (cost=31.13..4035.37 rows=1043 width=4)
	        Recheck Cond: ((id >= 6236740) AND (id <= 6237739))
	        ->  Bitmap Index Scan on sbtest3_pkey  (cost=0.00..30.86 rows=1043 width=0)
	              Index Cond: ((id >= 6236740) AND (id <= 6237739))

table 4 : explain SELECT SUM(k) FROM sbtest4 WHERE id BETWEEN 6010460 AND 6011459
	Aggregate  (cost=3939.87..3939.88 rows=1 width=8)
	  ->  Bitmap Heap Scan on sbtest4  (cost=30.86..3937.33 rows=1017 width=4)
	        Recheck Cond: ((id >= 6010460) AND (id <= 6011459))
	        ->  Bitmap Index Scan on sbtest4_pkey  (cost=0.00..30.61 rows=1017 width=0)
	              Index Cond: ((id >= 6010460) AND (id <= 6011459))

table 5 : explain SELECT SUM(k) FROM sbtest5 WHERE id BETWEEN 6083520 AND 6084519
	Aggregate  (cost=4201.54..4201.55 rows=1 width=8)
	  ->  Bitmap Heap Scan on sbtest5  (cost=31.56..4198.82 rows=1085 width=4)
	        Recheck Cond: ((id >= 6083520) AND (id <= 6084519))
	        ->  Bitmap Index Scan on sbtest5_pkey  (cost=0.00..31.29 rows=1085 width=0)
	              Index Cond: ((id >= 6083520) AND (id <= 6084519))

table 6 : explain SELECT SUM(k) FROM sbtest6 WHERE id BETWEEN 5772244 AND 5773243
	Aggregate  (cost=3858.78..3858.79 rows=1 width=8)
	  ->  Bitmap Heap Scan on sbtest6  (cost=30.63..3856.29 rows=995 width=4)
	        Recheck Cond: ((id >= 5772244) AND (id <= 5773243))
	        ->  Bitmap Index Scan on sbtest6_pkey  (cost=0.00..30.39 rows=995 width=0)
	              Index Cond: ((id >= 5772244) AND (id <= 5773243))

table 7 : explain SELECT SUM(k) FROM sbtest7 WHERE id BETWEEN 4011869 AND 4012868
	Aggregate  (cost=3770.83..3770.84 rows=1 width=8)
	  ->  Bitmap Heap Scan on sbtest7  (cost=30.39..3768.40 rows=971 width=4)
	        Recheck Cond: ((id >= 4011869) AND (id <= 4012868))
	        ->  Bitmap Index Scan on sbtest7_pkey  (cost=0.00..30.14 rows=971 width=0)
	              Index Cond: ((id >= 4011869) AND (id <= 4012868))

table 8 : explain SELECT SUM(k) FROM sbtest8 WHERE id BETWEEN 2805224 AND 2806223
	Aggregate  (cost=4025.30..4025.31 rows=1 width=8)
	  ->  Bitmap Heap Scan on sbtest8  (cost=31.08..4022.70 rows=1039 width=4)
	        Recheck Cond: ((id >= 2805224) AND (id <= 2806223))
	        ->  Bitmap Index Scan on sbtest8_pkey  (cost=0.00..30.82 rows=1039 width=0)
	              Index Cond: ((id >= 2805224) AND (id <= 2806223))

for point_selects
table 1 : explain SELECT c FROM sbtest1 WHERE id=7041420
	Index Scan using sbtest1_pkey on sbtest1  (cost=0.43..8.45 rows=1 width=121)
	  Index Cond: (id = 7041420)

table 2 : explain SELECT c FROM sbtest2 WHERE id=7023056
	Index Scan using sbtest2_pkey on sbtest2  (cost=0.43..8.45 rows=1 width=121)
	  Index Cond: (id = 7023056)

table 3 : explain SELECT c FROM sbtest3 WHERE id=4690753
	Index Scan using sbtest3_pkey on sbtest3  (cost=0.43..8.45 rows=1 width=121)
	  Index Cond: (id = 4690753)

table 4 : explain SELECT c FROM sbtest4 WHERE id=4306668
	Index Scan using sbtest4_pkey on sbtest4  (cost=0.43..8.45 rows=1 width=121)
	  Index Cond: (id = 4306668)

table 5 : explain SELECT c FROM sbtest5 WHERE id=1894009
	Index Scan using sbtest5_pkey on sbtest5  (cost=0.43..8.45 rows=1 width=121)
	  Index Cond: (id = 1894009)

table 6 : explain SELECT c FROM sbtest6 WHERE id=9352808
	Index Scan using sbtest6_pkey on sbtest6  (cost=0.43..8.45 rows=1 width=121)
	  Index Cond: (id = 9352808)

table 7 : explain SELECT c FROM sbtest7 WHERE id=9398018
	Index Scan using sbtest7_pkey on sbtest7  (cost=0.43..8.45 rows=1 width=121)
	  Index Cond: (id = 9398018)

table 8 : explain SELECT c FROM sbtest8 WHERE id=3371377
	Index Scan using sbtest8_pkey on sbtest8  (cost=0.43..8.45 rows=1 width=121)
	  Index Cond: (id = 3371377)

for: order_ranges
table 1 : explain SELECT c FROM sbtest1 WHERE id BETWEEN 5508291 AND 5509290 ORDER BY c
	Sort  (cost=3798.59..3801.01 rows=968 width=121)
	  Sort Key: c
	  ->  Bitmap Heap Scan on sbtest1  (cost=30.36..3750.59 rows=968 width=121)
	        Recheck Cond: ((id >= 5508291) AND (id <= 5509290))
	        ->  Bitmap Index Scan on sbtest1_pkey  (cost=0.00..30.11 rows=968 width=0)
	              Index Cond: ((id >= 5508291) AND (id <= 5509290))

table 2 : explain SELECT c FROM sbtest2 WHERE id BETWEEN 6881763 AND 6882762 ORDER BY c
	Sort  (cost=3642.57..3644.89 rows=928 width=121)
	  Sort Key: c
	  ->  Bitmap Heap Scan on sbtest2  (cost=25.95..3596.83 rows=928 width=121)
	        Recheck Cond: ((id >= 6881763) AND (id <= 6882762))
	        ->  Bitmap Index Scan on sbtest2_pkey  (cost=0.00..25.71 rows=928 width=0)
	              Index Cond: ((id >= 6881763) AND (id <= 6882762))

table 3 : explain SELECT c FROM sbtest3 WHERE id BETWEEN 1424900 AND 1425899 ORDER BY c
	Sort  (cost=4118.25..4120.88 rows=1051 width=121)
	  Sort Key: c
	  ->  Bitmap Heap Scan on sbtest3  (cost=31.21..4065.50 rows=1051 width=121)
	        Recheck Cond: ((id >= 1424900) AND (id <= 1425899))
	        ->  Bitmap Index Scan on sbtest3_pkey  (cost=0.00..30.94 rows=1051 width=0)
	              Index Cond: ((id >= 1424900) AND (id <= 1425899))

table 4 : explain SELECT c FROM sbtest4 WHERE id BETWEEN 1280631 AND 1281630 ORDER BY c
	Sort  (cost=3788.94..3791.36 rows=965 width=121)
	  Sort Key: c
	  ->  Bitmap Heap Scan on sbtest4  (cost=30.33..3741.11 rows=965 width=121)
	        Recheck Cond: ((id >= 1280631) AND (id <= 1281630))
	        ->  Bitmap Index Scan on sbtest4_pkey  (cost=0.00..30.08 rows=965 width=0)
	              Index Cond: ((id >= 1280631) AND (id <= 1281630))

table 5 : explain SELECT c FROM sbtest5 WHERE id BETWEEN 9049018 AND 9050017 ORDER BY c
	Sort  (cost=3801.17..3803.58 rows=967 width=121)
	  Sort Key: c
	  ->  Bitmap Heap Scan on sbtest5  (cost=30.35..3753.21 rows=967 width=121)
	        Recheck Cond: ((id >= 9049018) AND (id <= 9050017))
	        ->  Bitmap Index Scan on sbtest5_pkey  (cost=0.00..30.11 rows=967 width=0)
	              Index Cond: ((id >= 9049018) AND (id <= 9050017))

table 6 : explain SELECT c FROM sbtest6 WHERE id BETWEEN 2480545 AND 2481544 ORDER BY c
	Sort  (cost=3467.95..3470.16 rows=882 width=121)
	  Sort Key: c
	  ->  Bitmap Heap Scan on sbtest6  (cost=25.48..3424.80 rows=882 width=121)
	        Recheck Cond: ((id >= 2480545) AND (id <= 2481544))
	        ->  Bitmap Index Scan on sbtest6_pkey  (cost=0.00..25.25 rows=882 width=0)
	              Index Cond: ((id >= 2480545) AND (id <= 2481544))

table 7 : explain SELECT c FROM sbtest7 WHERE id BETWEEN 8993219 AND 8994218 ORDER BY c
	Sort  (cost=3904.87..3907.35 rows=994 width=121)
	  Sort Key: c
	  ->  Bitmap Heap Scan on sbtest7  (cost=30.62..3855.38 rows=994 width=121)
	        Recheck Cond: ((id >= 8993219) AND (id <= 8994218))
	        ->  Bitmap Index Scan on sbtest7_pkey  (cost=0.00..30.37 rows=994 width=0)
	              Index Cond: ((id >= 8993219) AND (id <= 8994218))

table 8 : explain SELECT c FROM sbtest8 WHERE id BETWEEN 290527 AND 291526 ORDER BY c
	Sort  (cost=3913.87..3916.36 rows=997 width=121)
	  Sort Key: c
	  ->  Bitmap Heap Scan on sbtest8  (cost=30.65..3864.21 rows=997 width=121)
	        Recheck Cond: ((id >= 290527) AND (id <= 291526))
	        ->  Bitmap Index Scan on sbtest8_pkey  (cost=0.00..30.40 rows=997 width=0)
	              Index Cond: ((id >= 290527) AND (id <= 291526))

for: order_ranges
table 1 : explain SELECT c FROM sbtest1 WHERE id BETWEEN 5687279 AND 5688278 ORDER BY c
	Sort  (cost=3882.83..3885.31 rows=990 width=121)
	  Sort Key: c
	  ->  Bitmap Heap Scan on sbtest1  (cost=30.58..3833.57 rows=990 width=121)
	        Recheck Cond: ((id >= 5687279) AND (id <= 5688278))
	        ->  Bitmap Index Scan on sbtest1_pkey  (cost=0.00..30.33 rows=990 width=0)
	              Index Cond: ((id >= 5687279) AND (id <= 5688278))

table 2 : explain SELECT c FROM sbtest2 WHERE id BETWEEN 6565614 AND 6566613 ORDER BY c
	Sort  (cost=3738.63..3741.01 rows=952 width=121)
	  Sort Key: c
	  ->  Bitmap Heap Scan on sbtest2  (cost=30.19..3691.53 rows=952 width=121)
	        Recheck Cond: ((id >= 6565614) AND (id <= 6566613))
	        ->  Bitmap Index Scan on sbtest2_pkey  (cost=0.00..29.95 rows=952 width=0)
	              Index Cond: ((id >= 6565614) AND (id <= 6566613))

table 3 : explain SELECT c FROM sbtest3 WHERE id BETWEEN 250659 AND 251658 ORDER BY c
	Sort  (cost=3873.31..3875.78 rows=987 width=121)
	  Sort Key: c
	  ->  Bitmap Heap Scan on sbtest3  (cost=30.55..3824.22 rows=987 width=121)
	        Recheck Cond: ((id >= 250659) AND (id <= 251658))
	        ->  Bitmap Index Scan on sbtest3_pkey  (cost=0.00..30.30 rows=987 width=0)
	              Index Cond: ((id >= 250659) AND (id <= 251658))

table 4 : explain SELECT c FROM sbtest4 WHERE id BETWEEN 8022395 AND 8023394 ORDER BY c
	Sort  (cost=4171.70..4174.36 rows=1065 width=121)
	  Sort Key: c
	  ->  Bitmap Heap Scan on sbtest4  (cost=31.35..4118.15 rows=1065 width=121)
	        Recheck Cond: ((id >= 8022395) AND (id <= 8023394))
	        ->  Bitmap Index Scan on sbtest4_pkey  (cost=0.00..31.08 rows=1065 width=0)
	              Index Cond: ((id >= 8022395) AND (id <= 8023394))

table 5 : explain SELECT c FROM sbtest5 WHERE id BETWEEN 2932866 AND 2933865 ORDER BY c
	Sort  (cost=4222.91..4225.60 rows=1077 width=121)
	  Sort Key: c
	  ->  Bitmap Heap Scan on sbtest5  (cost=31.47..4168.67 rows=1077 width=121)
	        Recheck Cond: ((id >= 2932866) AND (id <= 2933865))
	        ->  Bitmap Index Scan on sbtest5_pkey  (cost=0.00..31.20 rows=1077 width=0)
	              Index Cond: ((id >= 2932866) AND (id <= 2933865))

table 6 : explain SELECT c FROM sbtest6 WHERE id BETWEEN 1813805 AND 1814804 ORDER BY c
	Sort  (cost=4108.81..4111.43 rows=1048 width=121)
	  Sort Key: c
	  ->  Bitmap Heap Scan on sbtest6  (cost=31.18..4056.24 rows=1048 width=121)
	        Recheck Cond: ((id >= 1813805) AND (id <= 1814804))
	        ->  Bitmap Index Scan on sbtest6_pkey  (cost=0.00..30.91 rows=1048 width=0)
	              Index Cond: ((id >= 1813805) AND (id <= 1814804))

table 7 : explain SELECT c FROM sbtest7 WHERE id BETWEEN 6693436 AND 6694435 ORDER BY c
	Sort  (cost=3820.42..3822.85 rows=972 width=121)
	  Sort Key: c
	  ->  Bitmap Heap Scan on sbtest7  (cost=30.40..3772.18 rows=972 width=121)
	        Recheck Cond: ((id >= 6693436) AND (id <= 6694435))
	        ->  Bitmap Index Scan on sbtest7_pkey  (cost=0.00..30.15 rows=972 width=0)
	              Index Cond: ((id >= 6693436) AND (id <= 6694435))

table 8 : explain SELECT c FROM sbtest8 WHERE id BETWEEN 8333892 AND 8334891 ORDER BY c
	Sort  (cost=4005.83..4008.38 rows=1021 width=121)
	  Sort Key: c
	  ->  Bitmap Heap Scan on sbtest8  (cost=30.90..3954.80 rows=1021 width=121)
	        Recheck Cond: ((id >= 8333892) AND (id <= 8334891))
	        ->  Bitmap Index Scan on sbtest8_pkey  (cost=0.00..30.64 rows=1021 width=0)
	              Index Cond: ((id >= 8333892) AND (id <= 8334891))

for: order_ranges
table 1 : explain SELECT c FROM sbtest1 WHERE id BETWEEN 9280247 AND 9281246 ORDER BY c
	Sort  (cost=3921.10..3923.60 rows=1000 width=121)
	  Sort Key: c
	  ->  Bitmap Heap Scan on sbtest1  (cost=30.68..3871.27 rows=1000 width=121)
	        Recheck Cond: ((id >= 9280247) AND (id <= 9281246))
	        ->  Bitmap Index Scan on sbtest1_pkey  (cost=0.00..30.43 rows=1000 width=0)
	              Index Cond: ((id >= 9280247) AND (id <= 9281246))

table 2 : explain SELECT c FROM sbtest2 WHERE id BETWEEN 2615722 AND 2616721 ORDER BY c
	Sort  (cost=4178.79..4181.46 rows=1067 width=121)
	  Sort Key: c
	  ->  Bitmap Heap Scan on sbtest2  (cost=31.37..4125.13 rows=1067 width=121)
	        Recheck Cond: ((id >= 2615722) AND (id <= 2616721))
	        ->  Bitmap Index Scan on sbtest2_pkey  (cost=0.00..31.11 rows=1067 width=0)
	              Index Cond: ((id >= 2615722) AND (id <= 2616721))

table 3 : explain SELECT c FROM sbtest3 WHERE id BETWEEN 9849348 AND 9850347 ORDER BY c
	Sort  (cost=4018.80..4021.36 rows=1025 width=121)
	  Sort Key: c
	  ->  Bitmap Heap Scan on sbtest3  (cost=30.94..3967.54 rows=1025 width=121)
	        Recheck Cond: ((id >= 9849348) AND (id <= 9850347))
	        ->  Bitmap Index Scan on sbtest3_pkey  (cost=0.00..30.68 rows=1025 width=0)
	              Index Cond: ((id >= 9849348) AND (id <= 9850347))

table 4 : explain SELECT c FROM sbtest4 WHERE id BETWEEN 2654722 AND 2655721 ORDER BY c
	Sort  (cost=3623.83..3626.13 rows=923 width=121)
	  Sort Key: c
	  ->  Bitmap Heap Scan on sbtest4  (cost=25.90..3578.37 rows=923 width=121)
	        Recheck Cond: ((id >= 2654722) AND (id <= 2655721))
	        ->  Bitmap Index Scan on sbtest4_pkey  (cost=0.00..25.66 rows=923 width=0)
	              Index Cond: ((id >= 2654722) AND (id <= 2655721))

table 5 : explain SELECT c FROM sbtest5 WHERE id BETWEEN 7520990 AND 7521989 ORDER BY c
	Sort  (cost=3824.21..3826.64 rows=973 width=121)
	  Sort Key: c
	  ->  Bitmap Heap Scan on sbtest5  (cost=30.41..3775.91 rows=973 width=121)
	        Recheck Cond: ((id >= 7520990) AND (id <= 7521989))
	        ->  Bitmap Index Scan on sbtest5_pkey  (cost=0.00..30.16 rows=973 width=0)
	              Index Cond: ((id >= 7520990) AND (id <= 7521989))

table 6 : explain SELECT c FROM sbtest6 WHERE id BETWEEN 7651574 AND 7652573 ORDER BY c
	Sort  (cost=4062.88..4065.47 rows=1036 width=121)
	  Sort Key: c
	  ->  Bitmap Heap Scan on sbtest6  (cost=31.05..4011.00 rows=1036 width=121)
	        Recheck Cond: ((id >= 7651574) AND (id <= 7652573))
	        ->  Bitmap Index Scan on sbtest6_pkey  (cost=0.00..30.79 rows=1036 width=0)
	              Index Cond: ((id >= 7651574) AND (id <= 7652573))

table 7 : explain SELECT c FROM sbtest7 WHERE id BETWEEN 6923169 AND 6924168 ORDER BY c
	Sort  (cost=3724.39..3726.75 rows=947 width=121)
	  Sort Key: c
	  ->  Bitmap Heap Scan on sbtest7  (cost=30.14..3677.57 rows=947 width=121)
	        Recheck Cond: ((id >= 6923169) AND (id <= 6924168))
	        ->  Bitmap Index Scan on sbtest7_pkey  (cost=0.00..29.90 rows=947 width=0)
	              Index Cond: ((id >= 6923169) AND (id <= 6924168))

table 8 : explain SELECT c FROM sbtest8 WHERE id BETWEEN 7284733 AND 7285732 ORDER BY c
	Sort  (cost=4181.90..4184.57 rows=1067 width=121)
	  Sort Key: c
	  ->  Bitmap Heap Scan on sbtest8  (cost=31.37..4128.24 rows=1067 width=121)
	        Recheck Cond: ((id >= 7284733) AND (id <= 7285732))
	        ->  Bitmap Index Scan on sbtest8_pkey  (cost=0.00..31.11 rows=1067 width=0)
	              Index Cond: ((id >= 7284733) AND (id <= 7285732))

for: order_ranges
table 1 : explain SELECT c FROM sbtest1 WHERE id BETWEEN 1399059 AND 1400058 ORDER BY c
	Sort  (cost=3767.95..3770.35 rows=960 width=121)
	  Sort Key: c
	  ->  Bitmap Heap Scan on sbtest1  (cost=30.27..3720.39 rows=960 width=121)
	        Recheck Cond: ((id >= 1399059) AND (id <= 1400058))
	        ->  Bitmap Index Scan on sbtest1_pkey  (cost=0.00..30.04 rows=960 width=0)
	              Index Cond: ((id >= 1399059) AND (id <= 1400058))

table 2 : explain SELECT c FROM sbtest2 WHERE id BETWEEN 6636994 AND 6637993 ORDER BY c
	Sort  (cost=3815.30..3817.73 rows=972 width=121)
	  Sort Key: c
	  ->  Bitmap Heap Scan on sbtest2  (cost=30.40..3767.06 rows=972 width=121)
	        Recheck Cond: ((id >= 6636994) AND (id <= 6637993))
	        ->  Bitmap Index Scan on sbtest2_pkey  (cost=0.00..30.15 rows=972 width=0)
	              Index Cond: ((id >= 6636994) AND (id <= 6637993))

table 3 : explain SELECT c FROM sbtest3 WHERE id BETWEEN 1180955 AND 1181954 ORDER BY c
	Sort  (cost=3965.22..3967.75 rows=1011 width=121)
	  Sort Key: c
	  ->  Bitmap Heap Scan on sbtest3  (cost=30.80..3914.76 rows=1011 width=121)
	        Recheck Cond: ((id >= 1180955) AND (id <= 1181954))
	        ->  Bitmap Index Scan on sbtest3_pkey  (cost=0.00..30.54 rows=1011 width=0)
	              Index Cond: ((id >= 1180955) AND (id <= 1181954))

table 4 : explain SELECT c FROM sbtest4 WHERE id BETWEEN 3882131 AND 3883130 ORDER BY c
	Sort  (cost=3400.97..3403.13 rows=865 width=121)
	  Sort Key: c
	  ->  Bitmap Heap Scan on sbtest4  (cost=25.30..3358.77 rows=865 width=121)
	        Recheck Cond: ((id >= 3882131) AND (id <= 3883130))
	        ->  Bitmap Index Scan on sbtest4_pkey  (cost=0.00..25.08 rows=865 width=0)
	              Index Cond: ((id >= 3882131) AND (id <= 3883130))

table 5 : explain SELECT c FROM sbtest5 WHERE id BETWEEN 1163715 AND 1164714 ORDER BY c
	Sort  (cost=4410.51..4413.32 rows=1125 width=121)
	  Sort Key: c
	  ->  Bitmap Heap Scan on sbtest5  (cost=35.97..4353.50 rows=1125 width=121)
	        Recheck Cond: ((id >= 1163715) AND (id <= 1164714))
	        ->  Bitmap Index Scan on sbtest5_pkey  (cost=0.00..35.69 rows=1125 width=0)
	              Index Cond: ((id >= 1163715) AND (id <= 1164714))

table 6 : explain SELECT c FROM sbtest6 WHERE id BETWEEN 4483365 AND 4484364 ORDER BY c
	Sort  (cost=3925.00..3927.50 rows=1000 width=121)
	  Sort Key: c
	  ->  Bitmap Heap Scan on sbtest6  (cost=30.68..3875.17 rows=1000 width=121)
	        Recheck Cond: ((id >= 4483365) AND (id <= 4484364))
	        ->  Bitmap Index Scan on sbtest6_pkey  (cost=0.00..30.43 rows=1000 width=0)
	              Index Cond: ((id >= 4483365) AND (id <= 4484364))

table 7 : explain SELECT c FROM sbtest7 WHERE id BETWEEN 4952552 AND 4953551 ORDER BY c
	Sort  (cost=3805.06..3807.48 rows=968 width=121)
	  Sort Key: c
	  ->  Bitmap Heap Scan on sbtest7  (cost=30.36..3757.05 rows=968 width=121)
	        Recheck Cond: ((id >= 4952552) AND (id <= 4953551))
	        ->  Bitmap Index Scan on sbtest7_pkey  (cost=0.00..30.11 rows=968 width=0)
	              Index Cond: ((id >= 4952552) AND (id <= 4953551))

table 8 : explain SELECT c FROM sbtest8 WHERE id BETWEEN 1571634 AND 1572633 ORDER BY c
	Sort  (cost=4040.30..4042.87 rows=1030 width=121)
	  Sort Key: c
	  ->  Bitmap Heap Scan on sbtest8  (cost=30.99..3988.76 rows=1030 width=121)
	        Recheck Cond: ((id >= 1571634) AND (id <= 1572633))
	        ->  Bitmap Index Scan on sbtest8_pkey  (cost=0.00..30.73 rows=1030 width=0)
	              Index Cond: ((id >= 1571634) AND (id <= 1572633))

for: simple_ranges
table 1 : explain SELECT c FROM sbtest1 WHERE id BETWEEN 8066956 AND 8067955
	Bitmap Heap Scan on sbtest1  (cost=30.26..3716.62 rows=959 width=121)
	  Recheck Cond: ((id >= 8066956) AND (id <= 8067955))
	  ->  Bitmap Index Scan on sbtest1_pkey  (cost=0.00..30.02 rows=959 width=0)
	        Index Cond: ((id >= 8066956) AND (id <= 8067955))

table 2 : explain SELECT c FROM sbtest2 WHERE id BETWEEN 3205631 AND 3206630
	Bitmap Heap Scan on sbtest2  (cost=31.27..4087.49 rows=1057 width=121)
	  Recheck Cond: ((id >= 3205631) AND (id <= 3206630))
	  ->  Bitmap Index Scan on sbtest2_pkey  (cost=0.00..31.00 rows=1057 width=0)
	        Index Cond: ((id >= 3205631) AND (id <= 3206630))

table 3 : explain SELECT c FROM sbtest3 WHERE id BETWEEN 8833291 AND 8834290
	Bitmap Heap Scan on sbtest3  (cost=26.06..3638.92 rows=939 width=121)
	  Recheck Cond: ((id >= 8833291) AND (id <= 8834290))
	  ->  Bitmap Index Scan on sbtest3_pkey  (cost=0.00..25.82 rows=939 width=0)
	        Index Cond: ((id >= 8833291) AND (id <= 8834290))

table 4 : explain SELECT c FROM sbtest4 WHERE id BETWEEN 4339237 AND 4340236
	Bitmap Heap Scan on sbtest4  (cost=30.29..3726.00 rows=961 width=121)
	  Recheck Cond: ((id >= 4339237) AND (id <= 4340236))
	  ->  Bitmap Index Scan on sbtest4_pkey  (cost=0.00..30.04 rows=961 width=0)
	        Index Cond: ((id >= 4339237) AND (id <= 4340236))

table 5 : explain SELECT c FROM sbtest5 WHERE id BETWEEN 9705171 AND 9706170
	Bitmap Heap Scan on sbtest5  (cost=29.84..3567.67 rows=918 width=121)
	  Recheck Cond: ((id >= 9705171) AND (id <= 9706170))
	  ->  Bitmap Index Scan on sbtest5_pkey  (cost=0.00..29.61 rows=918 width=0)
	        Index Cond: ((id >= 9705171) AND (id <= 9706170))

table 6 : explain SELECT c FROM sbtest6 WHERE id BETWEEN 1781581 AND 1782580
	Bitmap Heap Scan on sbtest6  (cost=31.41..4142.90 rows=1071 width=121)
	  Recheck Cond: ((id >= 1781581) AND (id <= 1782580))
	  ->  Bitmap Index Scan on sbtest6_pkey  (cost=0.00..31.14 rows=1071 width=0)
	        Index Cond: ((id >= 1781581) AND (id <= 1782580))

table 7 : explain SELECT c FROM sbtest7 WHERE id BETWEEN 405488 AND 406487
	Bitmap Heap Scan on sbtest7  (cost=30.21..3704.07 rows=954 width=121)
	  Recheck Cond: ((id >= 405488) AND (id <= 406487))
	  ->  Bitmap Index Scan on sbtest7_pkey  (cost=0.00..29.97 rows=954 width=0)
	        Index Cond: ((id >= 405488) AND (id <= 406487))

table 8 : explain SELECT c FROM sbtest8 WHERE id BETWEEN 8573264 AND 8574263
	Bitmap Heap Scan on sbtest8  (cost=30.84..3932.16 rows=1015 width=121)
	  Recheck Cond: ((id >= 8573264) AND (id <= 8574263))
	  ->  Bitmap Index Scan on sbtest8_pkey  (cost=0.00..30.58 rows=1015 width=0)
	        Index Cond: ((id >= 8573264) AND (id <= 8574263))

for: distinct_ranges
table 1 : explain SELECT DISTINCT c FROM sbtest1 WHERE id BETWEEN 3100174 AND 3101173 ORDER BY c
	Unique  (cost=4169.57..4174.89 rows=1065 width=121)
	  ->  Sort  (cost=4169.57..4172.23 rows=1065 width=121)
	        Sort Key: c
	        ->  Bitmap Heap Scan on sbtest1  (cost=31.35..4116.01 rows=1065 width=121)
	              Recheck Cond: ((id >= 3100174) AND (id <= 3101173))
	              ->  Bitmap Index Scan on sbtest1_pkey  (cost=0.00..31.08 rows=1065 width=0)
	                    Index Cond: ((id >= 3100174) AND (id <= 3101173))

table 2 : explain SELECT DISTINCT c FROM sbtest2 WHERE id BETWEEN 8420755 AND 8421754 ORDER BY c
	Unique  (cost=3696.45..3701.15 rows=941 width=121)
	  ->  Sort  (cost=3696.45..3698.80 rows=941 width=121)
	        Sort Key: c
	        ->  Bitmap Heap Scan on sbtest2  (cost=30.08..3649.97 rows=941 width=121)
	              Recheck Cond: ((id >= 8420755) AND (id <= 8421754))
	              ->  Bitmap Index Scan on sbtest2_pkey  (cost=0.00..29.84 rows=941 width=0)
	                    Index Cond: ((id >= 8420755) AND (id <= 8421754))

table 3 : explain SELECT DISTINCT c FROM sbtest3 WHERE id BETWEEN 2927533 AND 2928532 ORDER BY c
	Unique  (cost=4278.73..4284.20 rows=1093 width=121)
	  ->  Sort  (cost=4278.73..4281.46 rows=1093 width=121)
	        Sort Key: c
	        ->  Bitmap Heap Scan on sbtest3  (cost=31.64..4223.57 rows=1093 width=121)
	              Recheck Cond: ((id >= 2927533) AND (id <= 2928532))
	              ->  Bitmap Index Scan on sbtest3_pkey  (cost=0.00..31.36 rows=1093 width=0)
	                    Index Cond: ((id >= 2927533) AND (id <= 2928532))

table 4 : explain SELECT DISTINCT c FROM sbtest4 WHERE id BETWEEN 5319663 AND 5320662 ORDER BY c
	Unique  (cost=3957.50..3962.55 rows=1009 width=121)
	  ->  Sort  (cost=3957.50..3960.03 rows=1009 width=121)
	        Sort Key: c
	        ->  Bitmap Heap Scan on sbtest4  (cost=30.78..3907.16 rows=1009 width=121)
	              Recheck Cond: ((id >= 5319663) AND (id <= 5320662))
	              ->  Bitmap Index Scan on sbtest4_pkey  (cost=0.00..30.52 rows=1009 width=0)
	                    Index Cond: ((id >= 5319663) AND (id <= 5320662))

table 5 : explain SELECT DISTINCT c FROM sbtest5 WHERE id BETWEEN 5481135 AND 5482134 ORDER BY c
	Unique  (cost=3801.17..3806.00 rows=967 width=121)
	  ->  Sort  (cost=3801.17..3803.58 rows=967 width=121)
	        Sort Key: c
	        ->  Bitmap Heap Scan on sbtest5  (cost=30.35..3753.21 rows=967 width=121)
	              Recheck Cond: ((id >= 5481135) AND (id <= 5482134))
	              ->  Bitmap Index Scan on sbtest5_pkey  (cost=0.00..30.11 rows=967 width=0)
	                    Index Cond: ((id >= 5481135) AND (id <= 5482134))

table 6 : explain SELECT DISTINCT c FROM sbtest6 WHERE id BETWEEN 7752241 AND 7753240 ORDER BY c
	Unique  (cost=3471.80..3476.22 rows=883 width=121)
	  ->  Sort  (cost=3471.80..3474.01 rows=883 width=121)
	        Sort Key: c
	        ->  Bitmap Heap Scan on sbtest6  (cost=25.49..3428.59 rows=883 width=121)
	              Recheck Cond: ((id >= 7752241) AND (id <= 7753240))
	              ->  Bitmap Index Scan on sbtest6_pkey  (cost=0.00..25.26 rows=883 width=0)
	                    Index Cond: ((id >= 7752241) AND (id <= 7753240))

table 7 : explain SELECT DISTINCT c FROM sbtest7 WHERE id BETWEEN 9024669 AND 9025668 ORDER BY c
	Unique  (cost=4023.77..4028.89 rows=1025 width=121)
	  ->  Sort  (cost=4023.77..4026.33 rows=1025 width=121)
	        Sort Key: c
	        ->  Bitmap Heap Scan on sbtest7  (cost=30.94..3972.51 rows=1025 width=121)
	              Recheck Cond: ((id >= 9024669) AND (id <= 9025668))
	              ->  Bitmap Index Scan on sbtest7_pkey  (cost=0.00..30.68 rows=1025 width=0)
	                    Index Cond: ((id >= 9024669) AND (id <= 9025668))

table 8 : explain SELECT DISTINCT c FROM sbtest8 WHERE id BETWEEN 3446460 AND 3447459 ORDER BY c
	Unique  (cost=4017.32..4022.44 rows=1024 width=121)
	  ->  Sort  (cost=4017.32..4019.88 rows=1024 width=121)
	        Sort Key: c
	        ->  Bitmap Heap Scan on sbtest8  (cost=30.93..3966.12 rows=1024 width=121)
	              Recheck Cond: ((id >= 3446460) AND (id <= 3447459))
	              ->  Bitmap Index Scan on sbtest8_pkey  (cost=0.00..30.68 rows=1024 width=0)
	                    Index Cond: ((id >= 3446460) AND (id <= 3447459))

for: distinct_ranges
table 1 : explain SELECT DISTINCT c FROM sbtest1 WHERE id BETWEEN 7469818 AND 7470817 ORDER BY c
	Unique  (cost=3917.27..3922.27 rows=999 width=121)
	  ->  Sort  (cost=3917.27..3919.77 rows=999 width=121)
	        Sort Key: c
	        ->  Bitmap Heap Scan on sbtest1  (cost=30.67..3867.50 rows=999 width=121)
	              Recheck Cond: ((id >= 7469818) AND (id <= 7470817))
	              ->  Bitmap Index Scan on sbtest1_pkey  (cost=0.00..30.43 rows=999 width=0)
	                    Index Cond: ((id >= 7469818) AND (id <= 7470817))

table 2 : explain SELECT DISTINCT c FROM sbtest2 WHERE id BETWEEN 2170065 AND 2171064 ORDER BY c
	Unique  (cost=4171.15..4176.48 rows=1065 width=121)
	  ->  Sort  (cost=4171.15..4173.81 rows=1065 width=121)
	        Sort Key: c
	        ->  Bitmap Heap Scan on sbtest2  (cost=31.35..4117.60 rows=1065 width=121)
	              Recheck Cond: ((id >= 2170065) AND (id <= 2171064))
	              ->  Bitmap Index Scan on sbtest2_pkey  (cost=0.00..31.08 rows=1065 width=0)
	                    Index Cond: ((id >= 2170065) AND (id <= 2171064))

table 3 : explain SELECT DISTINCT c FROM sbtest3 WHERE id BETWEEN 7970466 AND 7971465 ORDER BY c
	Unique  (cost=4282.55..4288.02 rows=1094 width=121)
	  ->  Sort  (cost=4282.55..4285.28 rows=1094 width=121)
	        Sort Key: c
	        ->  Bitmap Heap Scan on sbtest3  (cost=31.65..4227.33 rows=1094 width=121)
	              Recheck Cond: ((id >= 7970466) AND (id <= 7971465))
	              ->  Bitmap Index Scan on sbtest3_pkey  (cost=0.00..31.37 rows=1094 width=0)
	                    Index Cond: ((id >= 7970466) AND (id <= 7971465))

table 4 : explain SELECT DISTINCT c FROM sbtest4 WHERE id BETWEEN 5527133 AND 5528132 ORDER BY c
	Unique  (cost=4026.39..4031.53 rows=1027 width=121)
	  ->  Sort  (cost=4026.39..4028.96 rows=1027 width=121)
	        Sort Key: c
	        ->  Bitmap Heap Scan on sbtest4  (cost=30.96..3975.02 rows=1027 width=121)
	              Recheck Cond: ((id >= 5527133) AND (id <= 5528132))
	              ->  Bitmap Index Scan on sbtest4_pkey  (cost=0.00..30.70 rows=1027 width=0)
	                    Index Cond: ((id >= 5527133) AND (id <= 5528132))

table 5 : explain SELECT DISTINCT c FROM sbtest5 WHERE id BETWEEN 1517275 AND 1518274 ORDER BY c
	Unique  (cost=4272.66..4278.11 rows=1090 width=121)
	  ->  Sort  (cost=4272.66..4275.38 rows=1090 width=121)
	        Sort Key: c
	        ->  Bitmap Heap Scan on sbtest5  (cost=31.61..4217.67 rows=1090 width=121)
	              Recheck Cond: ((id >= 1517275) AND (id <= 1518274))
	              ->  Bitmap Index Scan on sbtest5_pkey  (cost=0.00..31.33 rows=1090 width=0)
	                    Index Cond: ((id >= 1517275) AND (id <= 1518274))

table 6 : explain SELECT DISTINCT c FROM sbtest6 WHERE id BETWEEN 7016026 AND 7017025 ORDER BY c
	Unique  (cost=3702.53..3707.24 rows=942 width=121)
	  ->  Sort  (cost=3702.53..3704.88 rows=942 width=121)
	        Sort Key: c
	        ->  Bitmap Heap Scan on sbtest6  (cost=30.09..3655.99 rows=942 width=121)
	              Recheck Cond: ((id >= 7016026) AND (id <= 7017025))
	              ->  Bitmap Index Scan on sbtest6_pkey  (cost=0.00..29.86 rows=942 width=0)
	                    Index Cond: ((id >= 7016026) AND (id <= 7017025))

table 7 : explain SELECT DISTINCT c FROM sbtest7 WHERE id BETWEEN 4962394 AND 4963393 ORDER BY c
	Unique  (cost=3805.06..3809.90 rows=968 width=121)
	  ->  Sort  (cost=3805.06..3807.48 rows=968 width=121)
	        Sort Key: c
	        ->  Bitmap Heap Scan on sbtest7  (cost=30.36..3757.05 rows=968 width=121)
	              Recheck Cond: ((id >= 4962394) AND (id <= 4963393))
	              ->  Bitmap Index Scan on sbtest7_pkey  (cost=0.00..30.11 rows=968 width=0)
	                    Index Cond: ((id >= 4962394) AND (id <= 4963393))

table 8 : explain SELECT DISTINCT c FROM sbtest8 WHERE id BETWEEN 8007376 AND 8008375 ORDER BY c
	Unique  (cost=3775.80..3780.60 rows=961 width=121)
	  ->  Sort  (cost=3775.80..3778.20 rows=961 width=121)
	        Sort Key: c
	        ->  Bitmap Heap Scan on sbtest8  (cost=30.29..3728.19 rows=961 width=121)
	              Recheck Cond: ((id >= 8007376) AND (id <= 8008375))
	              ->  Bitmap Index Scan on sbtest8_pkey  (cost=0.00..30.04 rows=961 width=0)
	                    Index Cond: ((id >= 8007376) AND (id <= 8008375))

for: distinct_ranges
table 1 : explain SELECT DISTINCT c FROM sbtest1 WHERE id BETWEEN 6625697 AND 6626696 ORDER BY c
	Unique  (cost=3829.23..3834.11 rows=976 width=121)
	  ->  Sort  (cost=3829.23..3831.67 rows=976 width=121)
	        Sort Key: c
	        ->  Bitmap Heap Scan on sbtest1  (cost=30.44..3780.77 rows=976 width=121)
	              Recheck Cond: ((id >= 6625697) AND (id <= 6626696))
	              ->  Bitmap Index Scan on sbtest1_pkey  (cost=0.00..30.19 rows=976 width=0)
	                    Index Cond: ((id >= 6625697) AND (id <= 6626696))

table 2 : explain SELECT DISTINCT c FROM sbtest2 WHERE id BETWEEN 9519861 AND 9520860 ORDER BY c
	Unique  (cost=4293.36..4298.85 rows=1097 width=121)
	  ->  Sort  (cost=4293.36..4296.10 rows=1097 width=121)
	        Sort Key: c
	        ->  Bitmap Heap Scan on sbtest2  (cost=31.68..4237.97 rows=1097 width=121)
	              Recheck Cond: ((id >= 9519861) AND (id <= 9520860))
	              ->  Bitmap Index Scan on sbtest2_pkey  (cost=0.00..31.40 rows=1097 width=0)
	                    Index Cond: ((id >= 9519861) AND (id <= 9520860))

table 3 : explain SELECT DISTINCT c FROM sbtest3 WHERE id BETWEEN 9581993 AND 9582992 ORDER BY c
	Unique  (cost=4179.41..4184.75 rows=1067 width=121)
	  ->  Sort  (cost=4179.41..4182.08 rows=1067 width=121)
	        Sort Key: c
	        ->  Bitmap Heap Scan on sbtest3  (cost=31.37..4125.74 rows=1067 width=121)
	              Recheck Cond: ((id >= 9581993) AND (id <= 9582992))
	              ->  Bitmap Index Scan on sbtest3_pkey  (cost=0.00..31.11 rows=1067 width=0)
	                    Index Cond: ((id >= 9581993) AND (id <= 9582992))

table 4 : explain SELECT DISTINCT c FROM sbtest4 WHERE id BETWEEN 8675795 AND 8676794 ORDER BY c
	Unique  (cost=3804.28..3809.12 rows=969 width=121)
	  ->  Sort  (cost=3804.28..3806.70 rows=969 width=121)
	        Sort Key: c
	        ->  Bitmap Heap Scan on sbtest4  (cost=30.37..3756.21 rows=969 width=121)
	              Recheck Cond: ((id >= 8675795) AND (id <= 8676794))
	              ->  Bitmap Index Scan on sbtest4_pkey  (cost=0.00..30.12 rows=969 width=0)
	                    Index Cond: ((id >= 8675795) AND (id <= 8676794))

table 5 : explain SELECT DISTINCT c FROM sbtest5 WHERE id BETWEEN 7990858 AND 7991857 ORDER BY c
	Unique  (cost=4085.03..4090.24 rows=1041 width=121)
	  ->  Sort  (cost=4085.03..4087.64 rows=1041 width=121)
	        Sort Key: c
	        ->  Bitmap Heap Scan on sbtest5  (cost=31.11..4032.86 rows=1041 width=121)
	              Recheck Cond: ((id >= 7990858) AND (id <= 7991857))
	              ->  Bitmap Index Scan on sbtest5_pkey  (cost=0.00..30.84 rows=1041 width=0)
	                    Index Cond: ((id >= 7990858) AND (id <= 7991857))

table 6 : explain SELECT DISTINCT c FROM sbtest6 WHERE id BETWEEN 4845499 AND 4846498 ORDER BY c
	Unique  (cost=3829.16..3834.03 rows=975 width=121)
	  ->  Sort  (cost=3829.16..3831.59 rows=975 width=121)
	        Sort Key: c
	        ->  Bitmap Heap Scan on sbtest6  (cost=30.43..3780.75 rows=975 width=121)
	              Recheck Cond: ((id >= 4845499) AND (id <= 4846498))
	              ->  Bitmap Index Scan on sbtest6_pkey  (cost=0.00..30.18 rows=975 width=0)
	                    Index Cond: ((id >= 4845499) AND (id <= 4846498))

table 7 : explain SELECT DISTINCT c FROM sbtest7 WHERE id BETWEEN 1137899 AND 1138898 ORDER BY c
	Unique  (cost=3470.35..3474.76 rows=882 width=121)
	  ->  Sort  (cost=3470.35..3472.55 rows=882 width=121)
	        Sort Key: c
	        ->  Bitmap Heap Scan on sbtest7  (cost=25.48..3427.20 rows=882 width=121)
	              Recheck Cond: ((id >= 1137899) AND (id <= 1138898))
	              ->  Bitmap Index Scan on sbtest7_pkey  (cost=0.00..25.25 rows=882 width=0)
	                    Index Cond: ((id >= 1137899) AND (id <= 1138898))

table 8 : explain SELECT DISTINCT c FROM sbtest8 WHERE id BETWEEN 756964 AND 757963 ORDER BY c
	Unique  (cost=4254.56..4259.99 rows=1086 width=121)
	  ->  Sort  (cost=4254.56..4257.28 rows=1086 width=121)
	        Sort Key: c
	        ->  Bitmap Heap Scan on sbtest8  (cost=31.57..4199.80 rows=1086 width=121)
	              Recheck Cond: ((id >= 756964) AND (id <= 757963))
	              ->  Bitmap Index Scan on sbtest8_pkey  (cost=0.00..31.29 rows=1086 width=0)
	                    Index Cond: ((id >= 756964) AND (id <= 757963))

for: sum_ranges
table 1 : explain SELECT SUM(k) FROM sbtest1 WHERE id BETWEEN 4373146 AND 4374145
	Aggregate  (cost=3900.17..3900.18 rows=1 width=8)
	  ->  Bitmap Heap Scan on sbtest1  (cost=30.76..3897.65 rows=1007 width=4)
	        Recheck Cond: ((id >= 4373146) AND (id <= 4374145))
	        ->  Bitmap Index Scan on sbtest1_pkey  (cost=0.00..30.50 rows=1007 width=0)
	              Index Cond: ((id >= 4373146) AND (id <= 4374145))

table 2 : explain SELECT SUM(k) FROM sbtest2 WHERE id BETWEEN 8937217 AND 8938216
	Aggregate  (cost=4312.17..4312.18 rows=1 width=8)
	  ->  Bitmap Heap Scan on sbtest2  (cost=31.87..4309.38 rows=1116 width=4)
	        Recheck Cond: ((id >= 8937217) AND (id <= 8938216))
	        ->  Bitmap Index Scan on sbtest2_pkey  (cost=0.00..31.59 rows=1116 width=0)
	              Index Cond: ((id >= 8937217) AND (id <= 8938216))

table 3 : explain SELECT SUM(k) FROM sbtest3 WHERE id BETWEEN 9873914 AND 9874913
	Aggregate  (cost=3970.11..3970.12 rows=1 width=8)
	  ->  Bitmap Heap Scan on sbtest3  (cost=30.94..3967.54 rows=1025 width=4)
	        Recheck Cond: ((id >= 9873914) AND (id <= 9874913))
	        ->  Bitmap Index Scan on sbtest3_pkey  (cost=0.00..30.68 rows=1025 width=0)
	              Index Cond: ((id >= 9873914) AND (id <= 9874913))

table 4 : explain SELECT SUM(k) FROM sbtest4 WHERE id BETWEEN 3632434 AND 3633433
	Aggregate  (cost=3992.67..3992.68 rows=1 width=8)
	  ->  Bitmap Heap Scan on sbtest4  (cost=31.00..3990.10 rows=1031 width=4)
	        Recheck Cond: ((id >= 3632434) AND (id <= 3633433))
	        ->  Bitmap Index Scan on sbtest4_pkey  (cost=0.00..30.75 rows=1031 width=0)
	              Index Cond: ((id >= 3632434) AND (id <= 3633433))

table 5 : explain SELECT SUM(k) FROM sbtest5 WHERE id BETWEEN 8777796 AND 8778795
	Aggregate  (cost=3789.70..3789.71 rows=1 width=8)
	  ->  Bitmap Heap Scan on sbtest5  (cost=30.44..3787.26 rows=976 width=4)
	        Recheck Cond: ((id >= 8777796) AND (id <= 8778795))
	        ->  Bitmap Index Scan on sbtest5_pkey  (cost=0.00..30.19 rows=976 width=0)
	              Index Cond: ((id >= 8777796) AND (id <= 8778795))

table 6 : explain SELECT SUM(k) FROM sbtest6 WHERE id BETWEEN 3224803 AND 3225802
	Aggregate  (cost=4024.91..4024.92 rows=1 width=8)
	  ->  Bitmap Heap Scan on sbtest6  (cost=31.08..4022.31 rows=1039 width=4)
	        Recheck Cond: ((id >= 3224803) AND (id <= 3225802))
	        ->  Bitmap Index Scan on sbtest6_pkey  (cost=0.00..30.82 rows=1039 width=0)
	              Index Cond: ((id >= 3224803) AND (id <= 3225802))

table 7 : explain SELECT SUM(k) FROM sbtest7 WHERE id BETWEEN 144406 AND 145405
	Aggregate  (cost=4046.85..4046.86 rows=1 width=8)
	  ->  Bitmap Heap Scan on sbtest7  (cost=31.14..4044.24 rows=1044 width=4)
	        Recheck Cond: ((id >= 144406) AND (id <= 145405))
	        ->  Bitmap Index Scan on sbtest7_pkey  (cost=0.00..30.87 rows=1044 width=0)
	              Index Cond: ((id >= 144406) AND (id <= 145405))

table 8 : explain SELECT SUM(k) FROM sbtest8 WHERE id BETWEEN 4765005 AND 4766004
	Aggregate  (cost=3870.48..3870.49 rows=1 width=8)
	  ->  Bitmap Heap Scan on sbtest8  (cost=30.66..3867.99 rows=998 width=4)
	        Recheck Cond: ((id >= 4765005) AND (id <= 4766004))
	        ->  Bitmap Index Scan on sbtest8_pkey  (cost=0.00..30.41 rows=998 width=0)
	              Index Cond: ((id >= 4765005) AND (id <= 4766004))

for: distinct_ranges
table 1 : explain SELECT DISTINCT c FROM sbtest1 WHERE id BETWEEN 5065310 AND 5066309 ORDER BY c
	Unique  (cost=3840.72..3845.61 rows=979 width=121)
	  ->  Sort  (cost=3840.72..3843.17 rows=979 width=121)
	        Sort Key: c
	        ->  Bitmap Heap Scan on sbtest1  (cost=30.47..3792.09 rows=979 width=121)
	              Recheck Cond: ((id >= 5065310) AND (id <= 5066309))
	              ->  Bitmap Index Scan on sbtest1_pkey  (cost=0.00..30.22 rows=979 width=0)
	                    Index Cond: ((id >= 5065310) AND (id <= 5066309))

table 2 : explain SELECT DISTINCT c FROM sbtest2 WHERE id BETWEEN 9720935 AND 9721934 ORDER BY c
	Unique  (cost=4407.91..4413.55 rows=1128 width=121)
	  ->  Sort  (cost=4407.91..4410.73 rows=1128 width=121)
	        Sort Key: c
	        ->  Bitmap Heap Scan on sbtest2  (cost=32.00..4350.72 rows=1128 width=121)
	              Recheck Cond: ((id >= 9720935) AND (id <= 9721934))
	              ->  Bitmap Index Scan on sbtest2_pkey  (cost=0.00..31.71 rows=1128 width=0)
	                    Index Cond: ((id >= 9720935) AND (id <= 9721934))

table 3 : explain SELECT DISTINCT c FROM sbtest3 WHERE id BETWEEN 8931957 AND 8932956 ORDER BY c
	Unique  (cost=3976.70..3981.77 rows=1014 width=121)
	  ->  Sort  (cost=3976.70..3979.24 rows=1014 width=121)
	        Sort Key: c
	        ->  Bitmap Heap Scan on sbtest3  (cost=30.83..3926.08 rows=1014 width=121)
	              Recheck Cond: ((id >= 8931957) AND (id <= 8932956))
	              ->  Bitmap Index Scan on sbtest3_pkey  (cost=0.00..30.57 rows=1014 width=0)
	                    Index Cond: ((id >= 8931957) AND (id <= 8932956))

table 4 : explain SELECT DISTINCT c FROM sbtest4 WHERE id BETWEEN 6585482 AND 6586481 ORDER BY c
	Unique  (cost=4488.59..4494.34 rows=1149 width=121)
	  ->  Sort  (cost=4488.59..4491.46 rows=1149 width=121)
	        Sort Key: c
	        ->  Bitmap Heap Scan on sbtest4  (cost=32.21..4430.19 rows=1149 width=121)
	              Recheck Cond: ((id >= 6585482) AND (id <= 6586481))
	              ->  Bitmap Index Scan on sbtest4_pkey  (cost=0.00..31.93 rows=1149 width=0)
	                    Index Cond: ((id >= 6585482) AND (id <= 6586481))

table 5 : explain SELECT DISTINCT c FROM sbtest5 WHERE id BETWEEN 5992699 AND 5993698 ORDER BY c
	Unique  (cost=3643.61..3648.24 rows=926 width=121)
	  ->  Sort  (cost=3643.61..3645.93 rows=926 width=121)
	        Sort Key: c
	        ->  Bitmap Heap Scan on sbtest5  (cost=29.93..3597.98 rows=926 width=121)
	              Recheck Cond: ((id >= 5992699) AND (id <= 5993698))
	              ->  Bitmap Index Scan on sbtest5_pkey  (cost=0.00..29.69 rows=926 width=0)
	                    Index Cond: ((id >= 5992699) AND (id <= 5993698))

table 6 : explain SELECT DISTINCT c FROM sbtest6 WHERE id BETWEEN 8832936 AND 8833935 ORDER BY c
	Unique  (cost=4189.15..4194.49 rows=1069 width=121)
	  ->  Sort  (cost=4189.15..4191.82 rows=1069 width=121)
	        Sort Key: c
	        ->  Bitmap Heap Scan on sbtest6  (cost=31.39..4135.37 rows=1069 width=121)
	              Recheck Cond: ((id >= 8832936) AND (id <= 8833935))
	              ->  Bitmap Index Scan on sbtest6_pkey  (cost=0.00..31.12 rows=1069 width=0)
	                    Index Cond: ((id >= 8832936) AND (id <= 8833935))

table 7 : explain SELECT DISTINCT c FROM sbtest7 WHERE id BETWEEN 9187415 AND 9188414 ORDER BY c
	Unique  (cost=3935.56..3940.57 rows=1002 width=121)
	  ->  Sort  (cost=3935.56..3938.07 rows=1002 width=121)
	        Sort Key: c
	        ->  Bitmap Heap Scan on sbtest7  (cost=30.71..3885.62 rows=1002 width=121)
	              Recheck Cond: ((id >= 9187415) AND (id <= 9188414))
	              ->  Bitmap Index Scan on sbtest7_pkey  (cost=0.00..30.45 rows=1002 width=0)
	                    Index Cond: ((id >= 9187415) AND (id <= 9188414))

table 8 : explain SELECT DISTINCT c FROM sbtest8 WHERE id BETWEEN 3148158 AND 3149157 ORDER BY c
	Unique  (cost=3967.52..3972.58 rows=1011 width=121)
	  ->  Sort  (cost=3967.52..3970.05 rows=1011 width=121)
	        Sort Key: c
	        ->  Bitmap Heap Scan on sbtest8  (cost=30.80..3917.06 rows=1011 width=121)
	              Recheck Cond: ((id >= 3148158) AND (id <= 3149157))
	              ->  Bitmap Index Scan on sbtest8_pkey  (cost=0.00..30.54 rows=1011 width=0)
	                    Index Cond: ((id >= 3148158) AND (id <= 3149157))

for: distinct_ranges
table 1 : explain SELECT DISTINCT c FROM sbtest1 WHERE id BETWEEN 5986459 AND 5987458 ORDER BY c
	Unique  (cost=3974.66..3979.73 rows=1014 width=121)
	  ->  Sort  (cost=3974.66..3977.19 rows=1014 width=121)
	        Sort Key: c
	        ->  Bitmap Heap Scan on sbtest1  (cost=30.83..3924.03 rows=1014 width=121)
	              Recheck Cond: ((id >= 5986459) AND (id <= 5987458))
	              ->  Bitmap Index Scan on sbtest1_pkey  (cost=0.00..30.57 rows=1014 width=0)
	                    Index Cond: ((id >= 5986459) AND (id <= 5987458))

table 2 : explain SELECT DISTINCT c FROM sbtest2 WHERE id BETWEEN 9144214 AND 9145213 ORDER BY c
	Unique  (cost=4117.65..4122.90 rows=1051 width=121)
	  ->  Sort  (cost=4117.65..4120.28 rows=1051 width=121)
	        Sort Key: c
	        ->  Bitmap Heap Scan on sbtest2  (cost=31.21..4064.90 rows=1051 width=121)
	              Recheck Cond: ((id >= 9144214) AND (id <= 9145213))
	              ->  Bitmap Index Scan on sbtest2_pkey  (cost=0.00..30.94 rows=1051 width=0)
	                    Index Cond: ((id >= 9144214) AND (id <= 9145213))

table 3 : explain SELECT DISTINCT c FROM sbtest3 WHERE id BETWEEN 1700150 AND 1701149 ORDER BY c
	Unique  (cost=4198.52..4203.88 rows=1072 width=121)
	  ->  Sort  (cost=4198.52..4201.20 rows=1072 width=121)
	        Sort Key: c
	        ->  Bitmap Heap Scan on sbtest3  (cost=31.42..4144.56 rows=1072 width=121)
	              Recheck Cond: ((id >= 1700150) AND (id <= 1701149))
	              ->  Bitmap Index Scan on sbtest3_pkey  (cost=0.00..31.15 rows=1072 width=0)
	                    Index Cond: ((id >= 1700150) AND (id <= 1701149))

table 4 : explain SELECT DISTINCT c FROM sbtest4 WHERE id BETWEEN 5821395 AND 5822394 ORDER BY c
	Unique  (cost=4079.95..4085.15 rows=1041 width=121)
	  ->  Sort  (cost=4079.95..4082.55 rows=1041 width=121)
	        Sort Key: c
	        ->  Bitmap Heap Scan on sbtest4  (cost=31.11..4027.77 rows=1041 width=121)
	              Recheck Cond: ((id >= 5821395) AND (id <= 5822394))
	              ->  Bitmap Index Scan on sbtest4_pkey  (cost=0.00..30.84 rows=1041 width=0)
	                    Index Cond: ((id >= 5821395) AND (id <= 5822394))

table 5 : explain SELECT DISTINCT c FROM sbtest5 WHERE id BETWEEN 229873 AND 230872 ORDER BY c
	Unique  (cost=3770.44..3775.23 rows=959 width=121)
	  ->  Sort  (cost=3770.44..3772.84 rows=959 width=121)
	        Sort Key: c
	        ->  Bitmap Heap Scan on sbtest5  (cost=30.26..3722.94 rows=959 width=121)
	              Recheck Cond: ((id >= 229873) AND (id <= 230872))
	              ->  Bitmap Index Scan on sbtest5_pkey  (cost=0.00..30.02 rows=959 width=0)
	                    Index Cond: ((id >= 229873) AND (id <= 230872))

table 6 : explain SELECT DISTINCT c FROM sbtest6 WHERE id BETWEEN 934914 AND 935913 ORDER BY c
	Unique  (cost=4246.50..4251.92 rows=1084 width=121)
	  ->  Sort  (cost=4246.50..4249.21 rows=1084 width=121)
	        Sort Key: c
	        ->  Bitmap Heap Scan on sbtest6  (cost=31.55..4191.85 rows=1084 width=121)
	              Recheck Cond: ((id >= 934914) AND (id <= 935913))
	              ->  Bitmap Index Scan on sbtest6_pkey  (cost=0.00..31.27 rows=1084 width=0)
	                    Index Cond: ((id >= 934914) AND (id <= 935913))

table 7 : explain SELECT DISTINCT c FROM sbtest7 WHERE id BETWEEN 5715084 AND 5716083 ORDER BY c
	Unique  (cost=3970.09..3975.14 rows=1011 width=121)
	  ->  Sort  (cost=3970.09..3972.61 rows=1011 width=121)
	        Sort Key: c
	        ->  Bitmap Heap Scan on sbtest7  (cost=30.80..3919.63 rows=1011 width=121)
	              Recheck Cond: ((id >= 5715084) AND (id <= 5716083))
	              ->  Bitmap Index Scan on sbtest7_pkey  (cost=0.00..30.54 rows=1011 width=0)
	                    Index Cond: ((id >= 5715084) AND (id <= 5716083))

table 8 : explain SELECT DISTINCT c FROM sbtest8 WHERE id BETWEEN 3955993 AND 3956992 ORDER BY c
	Unique  (cost=3545.18..3549.69 rows=902 width=121)
	  ->  Sort  (cost=3545.18..3547.43 rows=902 width=121)
	        Sort Key: c
	        ->  Bitmap Heap Scan on sbtest8  (cost=25.68..3500.90 rows=902 width=121)
	              Recheck Cond: ((id >= 3955993) AND (id <= 3956992))
	              ->  Bitmap Index Scan on sbtest8_pkey  (cost=0.00..25.45 rows=902 width=0)
	                    Index Cond: ((id >= 3955993) AND (id <= 3956992))

for: order_ranges
table 1 : explain SELECT c FROM sbtest1 WHERE id BETWEEN 5788791 AND 5789790 ORDER BY c
	Sort  (cost=3894.31..3896.80 rows=993 width=121)
	  Sort Key: c
	  ->  Bitmap Heap Scan on sbtest1  (cost=30.61..3844.88 rows=993 width=121)
	        Recheck Cond: ((id >= 5788791) AND (id <= 5789790))
	        ->  Bitmap Index Scan on sbtest1_pkey  (cost=0.00..30.36 rows=993 width=0)
	              Index Cond: ((id >= 5788791) AND (id <= 5789790))

table 2 : explain SELECT c FROM sbtest2 WHERE id BETWEEN 1001956 AND 1002955 ORDER BY c
	Sort  (cost=3792.30..3794.72 rows=966 width=121)
	  Sort Key: c
	  ->  Bitmap Heap Scan on sbtest2  (cost=30.34..3744.41 rows=966 width=121)
	        Recheck Cond: ((id >= 1001956) AND (id <= 1002955))
	        ->  Bitmap Index Scan on sbtest2_pkey  (cost=0.00..30.09 rows=966 width=0)
	              Index Cond: ((id >= 1001956) AND (id <= 1002955))

table 3 : explain SELECT c FROM sbtest3 WHERE id BETWEEN 8708596 AND 8709595 ORDER BY c
	Sort  (cost=4080.01..4082.61 rows=1041 width=121)
	  Sort Key: c
	  ->  Bitmap Heap Scan on sbtest3  (cost=31.11..4027.84 rows=1041 width=121)
	        Recheck Cond: ((id >= 8708596) AND (id <= 8709595))
	        ->  Bitmap Index Scan on sbtest3_pkey  (cost=0.00..30.84 rows=1041 width=0)
	              Index Cond: ((id >= 8708596) AND (id <= 8709595))

table 4 : explain SELECT c FROM sbtest4 WHERE id BETWEEN 2065692 AND 2066691 ORDER BY c
	Sort  (cost=3865.59..3868.05 rows=985 width=121)
	  Sort Key: c
	  ->  Bitmap Heap Scan on sbtest4  (cost=30.53..3816.62 rows=985 width=121)
	        Recheck Cond: ((id >= 2065692) AND (id <= 2066691))
	        ->  Bitmap Index Scan on sbtest4_pkey  (cost=0.00..30.29 rows=985 width=0)
	              Index Cond: ((id >= 2065692) AND (id <= 2066691))

table 5 : explain SELECT c FROM sbtest5 WHERE id BETWEEN 5188276 AND 5189275 ORDER BY c
	Sort  (cost=4203.77..4206.45 rows=1072 width=121)
	  Sort Key: c
	  ->  Bitmap Heap Scan on sbtest5  (cost=31.42..4149.81 rows=1072 width=121)
	        Recheck Cond: ((id >= 5188276) AND (id <= 5189275))
	        ->  Bitmap Index Scan on sbtest5_pkey  (cost=0.00..31.15 rows=1072 width=0)
	              Index Cond: ((id >= 5188276) AND (id <= 5189275))

table 6 : explain SELECT c FROM sbtest6 WHERE id BETWEEN 17672 AND 18671 ORDER BY c
	Sort  (cost=3936.50..3939.00 rows=1003 width=121)
	  Sort Key: c
	  ->  Bitmap Heap Scan on sbtest6  (cost=30.72..3886.49 rows=1003 width=121)
	        Recheck Cond: ((id >= 17672) AND (id <= 18671))
	        ->  Bitmap Index Scan on sbtest6_pkey  (cost=0.00..30.46 rows=1003 width=0)
	              Index Cond: ((id >= 17672) AND (id <= 18671))

table 7 : explain SELECT c FROM sbtest7 WHERE id BETWEEN 1007632 AND 1008631 ORDER BY c
	Sort  (cost=3854.97..3857.43 rows=981 width=121)
	  Sort Key: c
	  ->  Bitmap Heap Scan on sbtest7  (cost=30.49..3806.23 rows=981 width=121)
	        Recheck Cond: ((id >= 1007632) AND (id <= 1008631))
	        ->  Bitmap Index Scan on sbtest7_pkey  (cost=0.00..30.25 rows=981 width=0)
	              Index Cond: ((id >= 1007632) AND (id <= 1008631))

table 8 : explain SELECT c FROM sbtest8 WHERE id BETWEEN 9471839 AND 9472838 ORDER BY c
	Sort  (cost=3729.74..3732.11 rows=949 width=121)
	  Sort Key: c
	  ->  Bitmap Heap Scan on sbtest8  (cost=30.16..3682.81 rows=949 width=121)
	        Recheck Cond: ((id >= 9471839) AND (id <= 9472838))
	        ->  Bitmap Index Scan on sbtest8_pkey  (cost=0.00..29.93 rows=949 width=0)
	              Index Cond: ((id >= 9471839) AND (id <= 9472838))

for: distinct_ranges
table 1 : explain SELECT DISTINCT c FROM sbtest1 WHERE id BETWEEN 7245009 AND 7246008 ORDER BY c
	Unique  (cost=3679.79..3684.48 rows=937 width=121)
	  ->  Sort  (cost=3679.79..3682.14 rows=937 width=121)
	        Sort Key: c
	        ->  Bitmap Heap Scan on sbtest1  (cost=30.04..3633.54 rows=937 width=121)
	              Recheck Cond: ((id >= 7245009) AND (id <= 7246008))
	              ->  Bitmap Index Scan on sbtest1_pkey  (cost=0.00..29.80 rows=937 width=0)
	                    Index Cond: ((id >= 7245009) AND (id <= 7246008))

table 2 : explain SELECT DISTINCT c FROM sbtest2 WHERE id BETWEEN 4361635 AND 4362634 ORDER BY c
	Unique  (cost=3926.37..3931.38 rows=1001 width=121)
	  ->  Sort  (cost=3926.37..3928.88 rows=1001 width=121)
	        Sort Key: c
	        ->  Bitmap Heap Scan on sbtest2  (cost=30.70..3876.49 rows=1001 width=121)
	              Recheck Cond: ((id >= 4361635) AND (id <= 4362634))
	              ->  Bitmap Index Scan on sbtest2_pkey  (cost=0.00..30.44 rows=1001 width=0)
	                    Index Cond: ((id >= 4361635) AND (id <= 4362634))

table 3 : explain SELECT DISTINCT c FROM sbtest3 WHERE id BETWEEN 812227 AND 813226 ORDER BY c
	Unique  (cost=4076.19..4081.39 rows=1040 width=121)
	  ->  Sort  (cost=4076.19..4078.79 rows=1040 width=121)
	        Sort Key: c
	        ->  Bitmap Heap Scan on sbtest3  (cost=31.09..4024.07 rows=1040 width=121)
	              Recheck Cond: ((id >= 812227) AND (id <= 813226))
	              ->  Bitmap Index Scan on sbtest3_pkey  (cost=0.00..30.83 rows=1040 width=0)
	                    Index Cond: ((id >= 812227) AND (id <= 813226))

table 4 : explain SELECT DISTINCT c FROM sbtest4 WHERE id BETWEEN 3660790 AND 3661789 ORDER BY c
	Unique  (cost=4057.00..4062.17 rows=1035 width=121)
	  ->  Sort  (cost=4057.00..4059.59 rows=1035 width=121)
	        Sort Key: c
	        ->  Bitmap Heap Scan on sbtest4  (cost=31.04..4005.17 rows=1035 width=121)
	              Recheck Cond: ((id >= 3660790) AND (id <= 3661789))
	              ->  Bitmap Index Scan on sbtest4_pkey  (cost=0.00..30.79 rows=1035 width=0)
	                    Index Cond: ((id >= 3660790) AND (id <= 3661789))

table 5 : explain SELECT DISTINCT c FROM sbtest5 WHERE id BETWEEN 9337251 AND 9338250 ORDER BY c
	Unique  (cost=3662.83..3667.49 rows=931 width=121)
	  ->  Sort  (cost=3662.83..3665.16 rows=931 width=121)
	        Sort Key: c
	        ->  Bitmap Heap Scan on sbtest5  (cost=29.98..3616.92 rows=931 width=121)
	              Recheck Cond: ((id >= 9337251) AND (id <= 9338250))
	              ->  Bitmap Index Scan on sbtest5_pkey  (cost=0.00..29.75 rows=931 width=0)
	                    Index Cond: ((id >= 9337251) AND (id <= 9338250))

table 6 : explain SELECT DISTINCT c FROM sbtest6 WHERE id BETWEEN 8783770 AND 8784769 ORDER BY c
	Unique  (cost=3974.81..3979.87 rows=1013 width=121)
	  ->  Sort  (cost=3974.81..3977.34 rows=1013 width=121)
	        Sort Key: c
	        ->  Bitmap Heap Scan on sbtest6  (cost=30.82..3924.24 rows=1013 width=121)
	              Recheck Cond: ((id >= 8783770) AND (id <= 8784769))
	              ->  Bitmap Index Scan on sbtest6_pkey  (cost=0.00..30.57 rows=1013 width=0)
	                    Index Cond: ((id >= 8783770) AND (id <= 8784769))

table 7 : explain SELECT DISTINCT c FROM sbtest7 WHERE id BETWEEN 823759 AND 824758 ORDER BY c
	Unique  (cost=3655.20..3659.84 rows=929 width=121)
	  ->  Sort  (cost=3655.20..3657.52 rows=929 width=121)
	        Sort Key: c
	        ->  Bitmap Heap Scan on sbtest7  (cost=29.96..3609.40 rows=929 width=121)
	              Recheck Cond: ((id >= 823759) AND (id <= 824758))
	              ->  Bitmap Index Scan on sbtest7_pkey  (cost=0.00..29.72 rows=929 width=0)
	                    Index Cond: ((id >= 823759) AND (id <= 824758))

table 8 : explain SELECT DISTINCT c FROM sbtest8 WHERE id BETWEEN 7171226 AND 7172225 ORDER BY c
	Unique  (cost=3537.49..3541.99 rows=900 width=121)
	  ->  Sort  (cost=3537.49..3539.74 rows=900 width=121)
	        Sort Key: c
	        ->  Bitmap Heap Scan on sbtest8  (cost=25.66..3493.33 rows=900 width=121)
	              Recheck Cond: ((id >= 7171226) AND (id <= 7172225))
	              ->  Bitmap Index Scan on sbtest8_pkey  (cost=0.00..25.43 rows=900 width=0)
	                    Index Cond: ((id >= 7171226) AND (id <= 7172225))

Threads started!

Warming up for 5 seconds...

SQL statistics:
    queries performed:
        read:                            89053342
        write:                           0
        other:                           16191548
        total:                           105244890
    transactions:                        8095794 (12850.23 per sec.)
    queries:                             105244890 (167052.25 per sec.)
    ignored errors:                      0      (0.00 per sec.)
    reconnects:                          0      (0.00 per sec.)

Throughput:
    events/s (eps):                      12850.2258
    time elapsed:                        630.0119s
    total number of events:              8095794

Latency (ms):
         min:                                    0.55
         avg:                                    3.11
         max:                                   19.07
         95th percentile:                        3.25
         sum:                             25191297.30

Threads fairness:
    events (avg/stddev):           202394.6750/299.21
    execution time (avg/stddev):   629.7824/0.00

