LUA_PATH=/home/mdcallag/git/mytools/bench/sysbench.lua/lua/?.lua /home/mdcallag/git/mytools/bench/sysbench.lua/lua/sysbench --db-driver=pgsql --range-size=1000 --table-size=10000000 --tables=8 --threads=40 --events=0 --warmup-time=5 --time=630 --pgsql_conn_id=true /home/mdcallag/git/mytools/bench/sysbench.lua/lua/oltp_read_only_count.lua run --pgsql-user=root --pgsql-password=pw --pgsql-host=127.0.0.1 --pgsql-db=ib --rand-type=uniform --skip-trx
48 CPUs
sysbench 1.1.0-9072687 (using bundled LuaJIT 2.1.0-beta3)

Running the test with following options:
Number of threads: 40
Warmup time: 5s
Initializing random number generator from current time


Initializing worker threads...

for: count_ranges
table 1 : explain SELECT count(c) FROM sbtest1 WHERE id BETWEEN 6277873 AND 6278872
	Aggregate  (cost=3643.07..3643.08 rows=1 width=8)
	  ->  Bitmap Heap Scan on sbtest1  (cost=22.09..3640.72 rows=942 width=121)
	        Recheck Cond: ((id >= 6277873) AND (id <= 6278872))
	        ->  Bitmap Index Scan on sbtest1_pkey  (cost=0.00..21.86 rows=942 width=0)
	              Index Cond: ((id >= 6277873) AND (id <= 6278872))

table 2 : explain SELECT count(c) FROM sbtest2 WHERE id BETWEEN 7290384 AND 7291383
	Aggregate  (cost=3625.13..3625.14 rows=1 width=8)
	  ->  Bitmap Heap Scan on sbtest2  (cost=22.04..3622.78 rows=937 width=121)
	        Recheck Cond: ((id >= 7290384) AND (id <= 7291383))
	        ->  Bitmap Index Scan on sbtest2_pkey  (cost=0.00..21.80 rows=937 width=0)
	              Index Cond: ((id >= 7290384) AND (id <= 7291383))

table 3 : explain SELECT count(c) FROM sbtest3 WHERE id BETWEEN 4421367 AND 4422366
	Aggregate  (cost=3908.07..3908.08 rows=1 width=8)
	  ->  Bitmap Heap Scan on sbtest3  (cost=22.81..3905.54 rows=1012 width=121)
	        Recheck Cond: ((id >= 4421367) AND (id <= 4422366))
	        ->  Bitmap Index Scan on sbtest3_pkey  (cost=0.00..22.55 rows=1012 width=0)
	              Index Cond: ((id >= 4421367) AND (id <= 4422366))

table 4 : explain SELECT count(c) FROM sbtest4 WHERE id BETWEEN 1749157 AND 1750156
	Aggregate  (cost=3429.39..3429.40 rows=1 width=8)
	  ->  Bitmap Heap Scan on sbtest4  (cost=21.51..3427.17 rows=885 width=121)
	        Recheck Cond: ((id >= 1749157) AND (id <= 1750156))
	        ->  Bitmap Index Scan on sbtest4_pkey  (cost=0.00..21.29 rows=885 width=0)
	              Index Cond: ((id >= 1749157) AND (id <= 1750156))

table 5 : explain SELECT count(c) FROM sbtest5 WHERE id BETWEEN 367219 AND 368218
	Aggregate  (cost=3773.31..3773.32 rows=1 width=8)
	  ->  Bitmap Heap Scan on sbtest5  (cost=22.44..3770.87 rows=976 width=121)
	        Recheck Cond: ((id >= 367219) AND (id <= 368218))
	        ->  Bitmap Index Scan on sbtest5_pkey  (cost=0.00..22.19 rows=976 width=0)
	              Index Cond: ((id >= 367219) AND (id <= 368218))

table 6 : explain SELECT count(c) FROM sbtest6 WHERE id BETWEEN 804579 AND 805578
	Aggregate  (cost=3928.57..3928.58 rows=1 width=8)
	  ->  Bitmap Heap Scan on sbtest6  (cost=22.86..3926.03 rows=1017 width=121)
	        Recheck Cond: ((id >= 804579) AND (id <= 805578))
	        ->  Bitmap Index Scan on sbtest6_pkey  (cost=0.00..22.61 rows=1017 width=0)
	              Index Cond: ((id >= 804579) AND (id <= 805578))

table 7 : explain SELECT count(c) FROM sbtest7 WHERE id BETWEEN 3860125 AND 3861124
	Aggregate  (cost=4282.40..4282.41 rows=1 width=8)
	  ->  Bitmap Heap Scan on sbtest7  (cost=27.82..4279.63 rows=1111 width=121)
	        Recheck Cond: ((id >= 3860125) AND (id <= 3861124))
	        ->  Bitmap Index Scan on sbtest7_pkey  (cost=0.00..27.54 rows=1111 width=0)
	              Index Cond: ((id >= 3860125) AND (id <= 3861124))

table 8 : explain SELECT count(c) FROM sbtest8 WHERE id BETWEEN 3820516 AND 3821515
	Aggregate  (cost=4582.55..4582.56 rows=1 width=8)
	  ->  Bitmap Heap Scan on sbtest8  (cost=28.64..4579.57 rows=1191 width=121)
	        Recheck Cond: ((id >= 3820516) AND (id <= 3821515))
	        ->  Bitmap Index Scan on sbtest8_pkey  (cost=0.00..28.34 rows=1191 width=0)
	              Index Cond: ((id >= 3820516) AND (id <= 3821515))

for: count_ranges
table 1 : explain SELECT count(c) FROM sbtest1 WHERE id BETWEEN 3077471 AND 3078470
	Aggregate  (cost=3661.94..3661.95 rows=1 width=8)
	  ->  Bitmap Heap Scan on sbtest1  (cost=22.14..3659.57 rows=947 width=121)
	        Recheck Cond: ((id >= 3077471) AND (id <= 3078470))
	        ->  Bitmap Index Scan on sbtest1_pkey  (cost=0.00..21.90 rows=947 width=0)
	              Index Cond: ((id >= 3077471) AND (id <= 3078470))

table 2 : explain SELECT count(c) FROM sbtest2 WHERE id BETWEEN 7006319 AND 7007318
	Aggregate  (cost=3760.96..3760.97 rows=1 width=8)
	  ->  Bitmap Heap Scan on sbtest2  (cost=22.41..3758.53 rows=973 width=121)
	        Recheck Cond: ((id >= 7006319) AND (id <= 7007318))
	        ->  Bitmap Index Scan on sbtest2_pkey  (cost=0.00..22.16 rows=973 width=0)
	              Index Cond: ((id >= 7006319) AND (id <= 7007318))

table 3 : explain SELECT count(c) FROM sbtest3 WHERE id BETWEEN 6976460 AND 6977459
	Aggregate  (cost=3595.04..3595.05 rows=1 width=8)
	  ->  Bitmap Heap Scan on sbtest3  (cost=21.96..3592.72 rows=929 width=121)
	        Recheck Cond: ((id >= 6976460) AND (id <= 6977459))
	        ->  Bitmap Index Scan on sbtest3_pkey  (cost=0.00..21.72 rows=929 width=0)
	              Index Cond: ((id >= 6976460) AND (id <= 6977459))

table 4 : explain SELECT count(c) FROM sbtest4 WHERE id BETWEEN 1923366 AND 1924365
	Aggregate  (cost=3739.22..3739.23 rows=1 width=8)
	  ->  Bitmap Heap Scan on sbtest4  (cost=22.35..3736.81 rows=967 width=121)
	        Recheck Cond: ((id >= 1923366) AND (id <= 1924365))
	        ->  Bitmap Index Scan on sbtest4_pkey  (cost=0.00..22.11 rows=967 width=0)
	              Index Cond: ((id >= 1923366) AND (id <= 1924365))

table 5 : explain SELECT count(c) FROM sbtest5 WHERE id BETWEEN 2114569 AND 2115568
	Aggregate  (cost=3573.20..3573.21 rows=1 width=8)
	  ->  Bitmap Heap Scan on sbtest5  (cost=21.90..3570.90 rows=923 width=121)
	        Recheck Cond: ((id >= 2114569) AND (id <= 2115568))
	        ->  Bitmap Index Scan on sbtest5_pkey  (cost=0.00..21.66 rows=923 width=0)
	              Index Cond: ((id >= 2114569) AND (id <= 2115568))

table 6 : explain SELECT count(c) FROM sbtest6 WHERE id BETWEEN 5553022 AND 5554021
	Aggregate  (cost=3823.02..3823.03 rows=1 width=8)
	  ->  Bitmap Heap Scan on sbtest6  (cost=22.57..3820.55 rows=989 width=121)
	        Recheck Cond: ((id >= 5553022) AND (id <= 5554021))
	        ->  Bitmap Index Scan on sbtest6_pkey  (cost=0.00..22.32 rows=989 width=0)
	              Index Cond: ((id >= 5553022) AND (id <= 5554021))

table 7 : explain SELECT count(c) FROM sbtest7 WHERE id BETWEEN 3981900 AND 3982899
	Aggregate  (cost=3596.46..3596.47 rows=1 width=8)
	  ->  Bitmap Heap Scan on sbtest7  (cost=21.96..3594.14 rows=929 width=121)
	        Recheck Cond: ((id >= 3981900) AND (id <= 3982899))
	        ->  Bitmap Index Scan on sbtest7_pkey  (cost=0.00..21.72 rows=929 width=0)
	              Index Cond: ((id >= 3981900) AND (id <= 3982899))

table 8 : explain SELECT count(c) FROM sbtest8 WHERE id BETWEEN 719331 AND 720330
	Aggregate  (cost=3781.52..3781.53 rows=1 width=8)
	  ->  Bitmap Heap Scan on sbtest8  (cost=22.46..3779.08 rows=978 width=121)
	        Recheck Cond: ((id >= 719331) AND (id <= 720330))
	        ->  Bitmap Index Scan on sbtest8_pkey  (cost=0.00..22.21 rows=978 width=0)
	              Index Cond: ((id >= 719331) AND (id <= 720330))

for: count_ranges
table 1 : explain SELECT count(c) FROM sbtest1 WHERE id BETWEEN 3636596 AND 3637595
	Aggregate  (cost=3906.89..3906.90 rows=1 width=8)
	  ->  Bitmap Heap Scan on sbtest1  (cost=22.81..3904.36 rows=1012 width=121)
	        Recheck Cond: ((id >= 3636596) AND (id <= 3637595))
	        ->  Bitmap Index Scan on sbtest1_pkey  (cost=0.00..22.55 rows=1012 width=0)
	              Index Cond: ((id >= 3636596) AND (id <= 3637595))

table 2 : explain SELECT count(c) FROM sbtest2 WHERE id BETWEEN 2939284 AND 2940283
	Aggregate  (cost=3628.90..3628.91 rows=1 width=8)
	  ->  Bitmap Heap Scan on sbtest2  (cost=22.05..3626.56 rows=938 width=121)
	        Recheck Cond: ((id >= 2939284) AND (id <= 2940283))
	        ->  Bitmap Index Scan on sbtest2_pkey  (cost=0.00..21.82 rows=938 width=0)
	              Index Cond: ((id >= 2939284) AND (id <= 2940283))

table 3 : explain SELECT count(c) FROM sbtest3 WHERE id BETWEEN 3535839 AND 3536838
	Aggregate  (cost=4009.70..4009.71 rows=1 width=8)
	  ->  Bitmap Heap Scan on sbtest3  (cost=23.08..4007.10 rows=1039 width=121)
	        Recheck Cond: ((id >= 3535839) AND (id <= 3536838))
	        ->  Bitmap Index Scan on sbtest3_pkey  (cost=0.00..22.82 rows=1039 width=0)
	              Index Cond: ((id >= 3535839) AND (id <= 3536838))

table 4 : explain SELECT count(c) FROM sbtest4 WHERE id BETWEEN 252511 AND 253510
	Aggregate  (cost=3625.97..3625.98 rows=1 width=8)
	  ->  Bitmap Heap Scan on sbtest4  (cost=22.04..3623.63 rows=937 width=121)
	        Recheck Cond: ((id >= 252511) AND (id <= 253510))
	        ->  Bitmap Index Scan on sbtest4_pkey  (cost=0.00..21.80 rows=937 width=0)
	              Index Cond: ((id >= 252511) AND (id <= 253510))

table 5 : explain SELECT count(c) FROM sbtest5 WHERE id BETWEEN 7341198 AND 7342197
	Aggregate  (cost=3750.67..3750.68 rows=1 width=8)
	  ->  Bitmap Heap Scan on sbtest5  (cost=22.38..3748.25 rows=970 width=121)
	        Recheck Cond: ((id >= 7341198) AND (id <= 7342197))
	        ->  Bitmap Index Scan on sbtest5_pkey  (cost=0.00..22.14 rows=970 width=0)
	              Index Cond: ((id >= 7341198) AND (id <= 7342197))

table 6 : explain SELECT count(c) FROM sbtest6 WHERE id BETWEEN 2408762 AND 2409761
	Aggregate  (cost=4207.28..4207.29 rows=1 width=8)
	  ->  Bitmap Heap Scan on sbtest6  (cost=27.61..4204.56 rows=1090 width=121)
	        Recheck Cond: ((id >= 2408762) AND (id <= 2409761))
	        ->  Bitmap Index Scan on sbtest6_pkey  (cost=0.00..27.33 rows=1090 width=0)
	              Index Cond: ((id >= 2408762) AND (id <= 2409761))

table 7 : explain SELECT count(c) FROM sbtest7 WHERE id BETWEEN 7046063 AND 7047062
	Aggregate  (cost=4124.27..4124.28 rows=1 width=8)
	  ->  Bitmap Heap Scan on sbtest7  (cost=23.39..4121.60 rows=1069 width=121)
	        Recheck Cond: ((id >= 7046063) AND (id <= 7047062))
	        ->  Bitmap Index Scan on sbtest7_pkey  (cost=0.00..23.12 rows=1069 width=0)
	              Index Cond: ((id >= 7046063) AND (id <= 7047062))

table 8 : explain SELECT count(c) FROM sbtest8 WHERE id BETWEEN 8532154 AND 8533153
	Aggregate  (cost=4067.88..4067.89 rows=1 width=8)
	  ->  Bitmap Heap Scan on sbtest8  (cost=23.24..4065.25 rows=1054 width=121)
	        Recheck Cond: ((id >= 8532154) AND (id <= 8533153))
	        ->  Bitmap Index Scan on sbtest8_pkey  (cost=0.00..22.97 rows=1054 width=0)
	              Index Cond: ((id >= 8532154) AND (id <= 8533153))

for: count_ranges
table 1 : explain SELECT count(c) FROM sbtest1 WHERE id BETWEEN 4034585 AND 4035584
	Aggregate  (cost=4117.48..4117.49 rows=1 width=8)
	  ->  Bitmap Heap Scan on sbtest1  (cost=23.38..4114.81 rows=1068 width=121)
	        Recheck Cond: ((id >= 4034585) AND (id <= 4035584))
	        ->  Bitmap Index Scan on sbtest1_pkey  (cost=0.00..23.11 rows=1068 width=0)
	              Index Cond: ((id >= 4034585) AND (id <= 4035584))

table 2 : explain SELECT count(c) FROM sbtest2 WHERE id BETWEEN 5604362 AND 5605361
	Aggregate  (cost=4133.64..4133.65 rows=1 width=8)
	  ->  Bitmap Heap Scan on sbtest2  (cost=23.42..4130.96 rows=1072 width=121)
	        Recheck Cond: ((id >= 5604362) AND (id <= 5605361))
	        ->  Bitmap Index Scan on sbtest2_pkey  (cost=0.00..23.15 rows=1072 width=0)
	              Index Cond: ((id >= 5604362) AND (id <= 5605361))

table 3 : explain SELECT count(c) FROM sbtest3 WHERE id BETWEEN 2378100 AND 2379099
	Aggregate  (cost=3753.55..3753.56 rows=1 width=8)
	  ->  Bitmap Heap Scan on sbtest3  (cost=22.39..3751.12 rows=971 width=121)
	        Recheck Cond: ((id >= 2378100) AND (id <= 2379099))
	        ->  Bitmap Index Scan on sbtest3_pkey  (cost=0.00..22.14 rows=971 width=0)
	              Index Cond: ((id >= 2378100) AND (id <= 2379099))

table 4 : explain SELECT count(c) FROM sbtest4 WHERE id BETWEEN 8327196 AND 8328195
	Aggregate  (cost=4078.27..4078.28 rows=1 width=8)
	  ->  Bitmap Heap Scan on sbtest4  (cost=23.27..4075.63 rows=1057 width=121)
	        Recheck Cond: ((id >= 8327196) AND (id <= 8328195))
	        ->  Bitmap Index Scan on sbtest4_pkey  (cost=0.00..23.00 rows=1057 width=0)
	              Index Cond: ((id >= 8327196) AND (id <= 8328195))

table 5 : explain SELECT count(c) FROM sbtest5 WHERE id BETWEEN 4246131 AND 4247130
	Aggregate  (cost=3750.67..3750.68 rows=1 width=8)
	  ->  Bitmap Heap Scan on sbtest5  (cost=22.38..3748.25 rows=970 width=121)
	        Recheck Cond: ((id >= 4246131) AND (id <= 4247130))
	        ->  Bitmap Index Scan on sbtest5_pkey  (cost=0.00..22.14 rows=970 width=0)
	              Index Cond: ((id >= 4246131) AND (id <= 4247130))

table 6 : explain SELECT count(c) FROM sbtest6 WHERE id BETWEEN 9000806 AND 9001805
	Aggregate  (cost=3766.44..3766.45 rows=1 width=8)
	  ->  Bitmap Heap Scan on sbtest6  (cost=22.42..3764.00 rows=974 width=121)
	        Recheck Cond: ((id >= 9000806) AND (id <= 9001805))
	        ->  Bitmap Index Scan on sbtest6_pkey  (cost=0.00..22.18 rows=974 width=0)
	              Index Cond: ((id >= 9000806) AND (id <= 9001805))

table 7 : explain SELECT count(c) FROM sbtest7 WHERE id BETWEEN 2567290 AND 2568289
	Aggregate  (cost=4146.84..4146.85 rows=1 width=8)
	  ->  Bitmap Heap Scan on sbtest7  (cost=23.45..4144.15 rows=1075 width=121)
	        Recheck Cond: ((id >= 2567290) AND (id <= 2568289))
	        ->  Bitmap Index Scan on sbtest7_pkey  (cost=0.00..23.18 rows=1075 width=0)
	              Index Cond: ((id >= 2567290) AND (id <= 2568289))

table 8 : explain SELECT count(c) FROM sbtest8 WHERE id BETWEEN 8961899 AND 8962898
	Aggregate  (cost=3875.80..3875.81 rows=1 width=8)
	  ->  Bitmap Heap Scan on sbtest8  (cost=22.72..3873.29 rows=1003 width=121)
	        Recheck Cond: ((id >= 8961899) AND (id <= 8962898))
	        ->  Bitmap Index Scan on sbtest8_pkey  (cost=0.00..22.46 rows=1003 width=0)
	              Index Cond: ((id >= 8961899) AND (id <= 8962898))

for: count_ranges
table 1 : explain SELECT count(c) FROM sbtest1 WHERE id BETWEEN 7086140 AND 7087139
	Aggregate  (cost=4068.63..4068.64 rows=1 width=8)
	  ->  Bitmap Heap Scan on sbtest1  (cost=23.25..4065.99 rows=1055 width=121)
	        Recheck Cond: ((id >= 7086140) AND (id <= 7087139))
	        ->  Bitmap Index Scan on sbtest1_pkey  (cost=0.00..22.98 rows=1055 width=0)
	              Index Cond: ((id >= 7086140) AND (id <= 7087139))

table 2 : explain SELECT count(c) FROM sbtest2 WHERE id BETWEEN 9028378 AND 9029377
	Aggregate  (cost=3866.49..3866.50 rows=1 width=8)
	  ->  Bitmap Heap Scan on sbtest2  (cost=22.70..3863.99 rows=1001 width=121)
	        Recheck Cond: ((id >= 9028378) AND (id <= 9029377))
	        ->  Bitmap Index Scan on sbtest2_pkey  (cost=0.00..22.44 rows=1001 width=0)
	              Index Cond: ((id >= 9028378) AND (id <= 9029377))

table 3 : explain SELECT count(c) FROM sbtest3 WHERE id BETWEEN 9278604 AND 9279603
	Aggregate  (cost=4126.27..4126.28 rows=1 width=8)
	  ->  Bitmap Heap Scan on sbtest3  (cost=23.40..4123.60 rows=1070 width=121)
	        Recheck Cond: ((id >= 9278604) AND (id <= 9279603))
	        ->  Bitmap Index Scan on sbtest3_pkey  (cost=0.00..23.14 rows=1070 width=0)
	              Index Cond: ((id >= 9278604) AND (id <= 9279603))

table 4 : explain SELECT count(c) FROM sbtest4 WHERE id BETWEEN 6229098 AND 6230097
	Aggregate  (cost=3675.06..3675.07 rows=1 width=8)
	  ->  Bitmap Heap Scan on sbtest4  (cost=22.17..3672.69 rows=950 width=121)
	        Recheck Cond: ((id >= 6229098) AND (id <= 6230097))
	        ->  Bitmap Index Scan on sbtest4_pkey  (cost=0.00..21.93 rows=950 width=0)
	              Index Cond: ((id >= 6229098) AND (id <= 6230097))

table 5 : explain SELECT count(c) FROM sbtest5 WHERE id BETWEEN 157634 AND 158633
	Aggregate  (cost=3829.87..3829.88 rows=1 width=8)
	  ->  Bitmap Heap Scan on sbtest5  (cost=22.59..3827.40 rows=991 width=121)
	        Recheck Cond: ((id >= 157634) AND (id <= 158633))
	        ->  Bitmap Index Scan on sbtest5_pkey  (cost=0.00..22.34 rows=991 width=0)
	              Index Cond: ((id >= 157634) AND (id <= 158633))

table 6 : explain SELECT count(c) FROM sbtest6 WHERE id BETWEEN 2612884 AND 2613883
	Aggregate  (cost=4030.26..4030.27 rows=1 width=8)
	  ->  Bitmap Heap Scan on sbtest6  (cost=23.14..4027.65 rows=1044 width=121)
	        Recheck Cond: ((id >= 2612884) AND (id <= 2613883))
	        ->  Bitmap Index Scan on sbtest6_pkey  (cost=0.00..22.87 rows=1044 width=0)
	              Index Cond: ((id >= 2612884) AND (id <= 2613883))

table 7 : explain SELECT count(c) FROM sbtest7 WHERE id BETWEEN 6165203 AND 6166202
	Aggregate  (cost=4165.64..4165.65 rows=1 width=8)
	  ->  Bitmap Heap Scan on sbtest7  (cost=23.50..4162.94 rows=1080 width=121)
	        Recheck Cond: ((id >= 6165203) AND (id <= 6166202))
	        ->  Bitmap Index Scan on sbtest7_pkey  (cost=0.00..23.23 rows=1080 width=0)
	              Index Cond: ((id >= 6165203) AND (id <= 6166202))

table 8 : explain SELECT count(c) FROM sbtest8 WHERE id BETWEEN 990972 AND 991971
	Aggregate  (cost=3890.88..3890.89 rows=1 width=8)
	  ->  Bitmap Heap Scan on sbtest8  (cost=22.76..3888.36 rows=1007 width=121)
	        Recheck Cond: ((id >= 990972) AND (id <= 991971))
	        ->  Bitmap Index Scan on sbtest8_pkey  (cost=0.00..22.50 rows=1007 width=0)
	              Index Cond: ((id >= 990972) AND (id <= 991971))

for: count_ranges
table 1 : explain SELECT count(c) FROM sbtest1 WHERE id BETWEEN 7309821 AND 7310820
	Aggregate  (cost=3808.98..3808.99 rows=1 width=8)
	  ->  Bitmap Heap Scan on sbtest1  (cost=22.54..3806.51 rows=986 width=121)
	        Recheck Cond: ((id >= 7309821) AND (id <= 7310820))
	        ->  Bitmap Index Scan on sbtest1_pkey  (cost=0.00..22.29 rows=986 width=0)
	              Index Cond: ((id >= 7309821) AND (id <= 7310820))

table 2 : explain SELECT count(c) FROM sbtest2 WHERE id BETWEEN 4746573 AND 4747572
	Aggregate  (cost=3492.89..3492.90 rows=1 width=8)
	  ->  Bitmap Heap Scan on sbtest2  (cost=21.68..3490.64 rows=902 width=121)
	        Recheck Cond: ((id >= 4746573) AND (id <= 4747572))
	        ->  Bitmap Index Scan on sbtest2_pkey  (cost=0.00..21.45 rows=902 width=0)
	              Index Cond: ((id >= 4746573) AND (id <= 4747572))

table 3 : explain SELECT count(c) FROM sbtest3 WHERE id BETWEEN 9067475 AND 9068474
	Aggregate  (cost=3579.93..3579.94 rows=1 width=8)
	  ->  Bitmap Heap Scan on sbtest3  (cost=21.92..3577.62 rows=925 width=121)
	        Recheck Cond: ((id >= 9067475) AND (id <= 9068474))
	        ->  Bitmap Index Scan on sbtest3_pkey  (cost=0.00..21.68 rows=925 width=0)
	              Index Cond: ((id >= 9067475) AND (id <= 9068474))

table 4 : explain SELECT count(c) FROM sbtest4 WHERE id BETWEEN 2265976 AND 2266975
	Aggregate  (cost=3867.43..3867.44 rows=1 width=8)
	  ->  Bitmap Heap Scan on sbtest4  (cost=22.70..3864.93 rows=1001 width=121)
	        Recheck Cond: ((id >= 2265976) AND (id <= 2266975))
	        ->  Bitmap Index Scan on sbtest4_pkey  (cost=0.00..22.44 rows=1001 width=0)
	              Index Cond: ((id >= 2265976) AND (id <= 2266975))

table 5 : explain SELECT count(c) FROM sbtest5 WHERE id BETWEEN 7383015 AND 7384014
	Aggregate  (cost=3750.67..3750.68 rows=1 width=8)
	  ->  Bitmap Heap Scan on sbtest5  (cost=22.38..3748.25 rows=970 width=121)
	        Recheck Cond: ((id >= 7383015) AND (id <= 7384014))
	        ->  Bitmap Index Scan on sbtest5_pkey  (cost=0.00..22.14 rows=970 width=0)
	              Index Cond: ((id >= 7383015) AND (id <= 7384014))

table 6 : explain SELECT count(c) FROM sbtest6 WHERE id BETWEEN 1861540 AND 1862539
	Aggregate  (cost=3483.07..3483.08 rows=1 width=8)
	  ->  Bitmap Heap Scan on sbtest6  (cost=21.65..3480.82 rows=899 width=121)
	        Recheck Cond: ((id >= 1861540) AND (id <= 1862539))
	        ->  Bitmap Index Scan on sbtest6_pkey  (cost=0.00..21.43 rows=899 width=0)
	              Index Cond: ((id >= 1861540) AND (id <= 1862539))

table 7 : explain SELECT count(c) FROM sbtest7 WHERE id BETWEEN 8453876 AND 8454875
	Aggregate  (cost=3917.22..3917.23 rows=1 width=8)
	  ->  Bitmap Heap Scan on sbtest7  (cost=22.83..3914.69 rows=1014 width=121)
	        Recheck Cond: ((id >= 8453876) AND (id <= 8454875))
	        ->  Bitmap Index Scan on sbtest7_pkey  (cost=0.00..22.57 rows=1014 width=0)
	              Index Cond: ((id >= 8453876) AND (id <= 8454875))

table 8 : explain SELECT count(c) FROM sbtest8 WHERE id BETWEEN 5835950 AND 5836949
	Aggregate  (cost=4045.30..4045.31 rows=1 width=8)
	  ->  Bitmap Heap Scan on sbtest8  (cost=23.18..4042.68 rows=1048 width=121)
	        Recheck Cond: ((id >= 5835950) AND (id <= 5836949))
	        ->  Bitmap Index Scan on sbtest8_pkey  (cost=0.00..22.91 rows=1048 width=0)
	              Index Cond: ((id >= 5835950) AND (id <= 5836949))

for: count_ranges
table 1 : explain SELECT count(c) FROM sbtest1 WHERE id BETWEEN 387574 AND 388573
	Aggregate  (cost=3726.06..3726.07 rows=1 width=8)
	  ->  Bitmap Heap Scan on sbtest1  (cost=22.32..3723.65 rows=964 width=121)
	        Recheck Cond: ((id >= 387574) AND (id <= 388573))
	        ->  Bitmap Index Scan on sbtest1_pkey  (cost=0.00..22.07 rows=964 width=0)
	              Index Cond: ((id >= 387574) AND (id <= 388573))

table 2 : explain SELECT count(c) FROM sbtest2 WHERE id BETWEEN 7576506 AND 7577505
	Aggregate  (cost=4257.86..4257.87 rows=1 width=8)
	  ->  Bitmap Heap Scan on sbtest2  (cost=27.76..4255.10 rows=1105 width=121)
	        Recheck Cond: ((id >= 7576506) AND (id <= 7577505))
	        ->  Bitmap Index Scan on sbtest2_pkey  (cost=0.00..27.48 rows=1105 width=0)
	              Index Cond: ((id >= 7576506) AND (id <= 7577505))

table 3 : explain SELECT count(c) FROM sbtest3 WHERE id BETWEEN 1205135 AND 1206134
	Aggregate  (cost=4156.34..4156.35 rows=1 width=8)
	  ->  Bitmap Heap Scan on sbtest3  (cost=23.48..4153.64 rows=1078 width=121)
	        Recheck Cond: ((id >= 1205135) AND (id <= 1206134))
	        ->  Bitmap Index Scan on sbtest3_pkey  (cost=0.00..23.21 rows=1078 width=0)
	              Index Cond: ((id >= 1205135) AND (id <= 1206134))

table 4 : explain SELECT count(c) FROM sbtest4 WHERE id BETWEEN 4674572 AND 4675571
	Aggregate  (cost=4055.70..4055.71 rows=1 width=8)
	  ->  Bitmap Heap Scan on sbtest4  (cost=23.21..4053.07 rows=1051 width=121)
	        Recheck Cond: ((id >= 4674572) AND (id <= 4675571))
	        ->  Bitmap Index Scan on sbtest4_pkey  (cost=0.00..22.94 rows=1051 width=0)
	              Index Cond: ((id >= 4674572) AND (id <= 4675571))

table 5 : explain SELECT count(c) FROM sbtest5 WHERE id BETWEEN 8771446 AND 8772445
	Aggregate  (cost=4006.92..4006.93 rows=1 width=8)
	  ->  Bitmap Heap Scan on sbtest5  (cost=23.07..4004.33 rows=1038 width=121)
	        Recheck Cond: ((id >= 8771446) AND (id <= 8772445))
	        ->  Bitmap Index Scan on sbtest5_pkey  (cost=0.00..22.82 rows=1038 width=0)
	              Index Cond: ((id >= 8771446) AND (id <= 8772445))

table 6 : explain SELECT count(c) FROM sbtest6 WHERE id BETWEEN 2312548 AND 2313547
	Aggregate  (cost=4188.25..4188.26 rows=1 width=8)
	  ->  Bitmap Heap Scan on sbtest6  (cost=23.57..4185.53 rows=1086 width=121)
	        Recheck Cond: ((id >= 2312548) AND (id <= 2313547))
	        ->  Bitmap Index Scan on sbtest6_pkey  (cost=0.00..23.29 rows=1086 width=0)
	              Index Cond: ((id >= 2312548) AND (id <= 2313547))

table 7 : explain SELECT count(c) FROM sbtest7 WHERE id BETWEEN 8158062 AND 8159061
	Aggregate  (cost=3905.92..3905.93 rows=1 width=8)
	  ->  Bitmap Heap Scan on sbtest7  (cost=22.80..3903.39 rows=1011 width=121)
	        Recheck Cond: ((id >= 8158062) AND (id <= 8159061))
	        ->  Bitmap Index Scan on sbtest7_pkey  (cost=0.00..22.54 rows=1011 width=0)
	              Index Cond: ((id >= 8158062) AND (id <= 8159061))

table 8 : explain SELECT count(c) FROM sbtest8 WHERE id BETWEEN 7784075 AND 7785074
	Aggregate  (cost=3924.80..3924.81 rows=1 width=8)
	  ->  Bitmap Heap Scan on sbtest8  (cost=22.85..3922.26 rows=1016 width=121)
	        Recheck Cond: ((id >= 7784075) AND (id <= 7785074))
	        ->  Bitmap Index Scan on sbtest8_pkey  (cost=0.00..22.59 rows=1016 width=0)
	              Index Cond: ((id >= 7784075) AND (id <= 7785074))

for: count_ranges
table 1 : explain SELECT count(c) FROM sbtest1 WHERE id BETWEEN 4869062 AND 4870061
	Aggregate  (cost=3970.86..3970.87 rows=1 width=8)
	  ->  Bitmap Heap Scan on sbtest1  (cost=22.98..3968.29 rows=1029 width=121)
	        Recheck Cond: ((id >= 4869062) AND (id <= 4870061))
	        ->  Bitmap Index Scan on sbtest1_pkey  (cost=0.00..22.72 rows=1029 width=0)
	              Index Cond: ((id >= 4869062) AND (id <= 4870061))

table 2 : explain SELECT count(c) FROM sbtest2 WHERE id BETWEEN 5308264 AND 5309263
	Aggregate  (cost=3655.33..3655.34 rows=1 width=8)
	  ->  Bitmap Heap Scan on sbtest2  (cost=22.12..3652.96 rows=945 width=121)
	        Recheck Cond: ((id >= 5308264) AND (id <= 5309263))
	        ->  Bitmap Index Scan on sbtest2_pkey  (cost=0.00..21.89 rows=945 width=0)
	              Index Cond: ((id >= 5308264) AND (id <= 5309263))

table 3 : explain SELECT count(c) FROM sbtest3 WHERE id BETWEEN 3902613 AND 3903612
	Aggregate  (cost=4039.79..4039.80 rows=1 width=8)
	  ->  Bitmap Heap Scan on sbtest3  (cost=23.17..4037.18 rows=1047 width=121)
	        Recheck Cond: ((id >= 3902613) AND (id <= 3903612))
	        ->  Bitmap Index Scan on sbtest3_pkey  (cost=0.00..22.90 rows=1047 width=0)
	              Index Cond: ((id >= 3902613) AND (id <= 3903612))

table 4 : explain SELECT count(c) FROM sbtest4 WHERE id BETWEEN 6772493 AND 6773492
	Aggregate  (cost=3776.95..3776.96 rows=1 width=8)
	  ->  Bitmap Heap Scan on sbtest4  (cost=22.45..3774.51 rows=977 width=121)
	        Recheck Cond: ((id >= 6772493) AND (id <= 6773492))
	        ->  Bitmap Index Scan on sbtest4_pkey  (cost=0.00..22.20 rows=977 width=0)
	              Index Cond: ((id >= 6772493) AND (id <= 6773492))

table 5 : explain SELECT count(c) FROM sbtest5 WHERE id BETWEEN 8382890 AND 8383889
	Aggregate  (cost=4033.27..4033.28 rows=1 width=8)
	  ->  Bitmap Heap Scan on sbtest5  (cost=23.15..4030.66 rows=1045 width=121)
	        Recheck Cond: ((id >= 8382890) AND (id <= 8383889))
	        ->  Bitmap Index Scan on sbtest5_pkey  (cost=0.00..22.89 rows=1045 width=0)
	              Index Cond: ((id >= 8382890) AND (id <= 8383889))

table 6 : explain SELECT count(c) FROM sbtest6 WHERE id BETWEEN 3749903 AND 3750902
	Aggregate  (cost=3585.17..3585.18 rows=1 width=8)
	  ->  Bitmap Heap Scan on sbtest6  (cost=21.93..3582.85 rows=926 width=121)
	        Recheck Cond: ((id >= 3749903) AND (id <= 3750902))
	        ->  Bitmap Index Scan on sbtest6_pkey  (cost=0.00..21.69 rows=926 width=0)
	              Index Cond: ((id >= 3749903) AND (id <= 3750902))

table 7 : explain SELECT count(c) FROM sbtest7 WHERE id BETWEEN 5950370 AND 5951369
	Aggregate  (cost=3860.68..3860.69 rows=1 width=8)
	  ->  Bitmap Heap Scan on sbtest7  (cost=22.67..3858.19 rows=999 width=121)
	        Recheck Cond: ((id >= 5950370) AND (id <= 5951369))
	        ->  Bitmap Index Scan on sbtest7_pkey  (cost=0.00..22.43 rows=999 width=0)
	              Index Cond: ((id >= 5950370) AND (id <= 5951369))

table 8 : explain SELECT count(c) FROM sbtest8 WHERE id BETWEEN 4683081 AND 4684080
	Aggregate  (cost=3909.72..3909.73 rows=1 width=8)
	  ->  Bitmap Heap Scan on sbtest8  (cost=22.81..3907.19 rows=1012 width=121)
	        Recheck Cond: ((id >= 4683081) AND (id <= 4684080))
	        ->  Bitmap Index Scan on sbtest8_pkey  (cost=0.00..22.55 rows=1012 width=0)
	              Index Cond: ((id >= 4683081) AND (id <= 4684080))

for: count_ranges
table 1 : explain SELECT count(c) FROM sbtest1 WHERE id BETWEEN 8333321 AND 8334320
	Aggregate  (cost=4121.24..4121.25 rows=1 width=8)
	  ->  Bitmap Heap Scan on sbtest1  (cost=23.39..4118.57 rows=1069 width=121)
	        Recheck Cond: ((id >= 8333321) AND (id <= 8334320))
	        ->  Bitmap Index Scan on sbtest1_pkey  (cost=0.00..23.12 rows=1069 width=0)
	              Index Cond: ((id >= 8333321) AND (id <= 8334320))

table 2 : explain SELECT count(c) FROM sbtest2 WHERE id BETWEEN 6090993 AND 6091992
	Aggregate  (cost=3877.80..3877.81 rows=1 width=8)
	  ->  Bitmap Heap Scan on sbtest2  (cost=22.73..3875.29 rows=1004 width=121)
	        Recheck Cond: ((id >= 6090993) AND (id <= 6091992))
	        ->  Bitmap Index Scan on sbtest2_pkey  (cost=0.00..22.47 rows=1004 width=0)
	              Index Cond: ((id >= 6090993) AND (id <= 6091992))

table 3 : explain SELECT count(c) FROM sbtest3 WHERE id BETWEEN 8441988 AND 8442987
	Aggregate  (cost=3979.59..3979.60 rows=1 width=8)
	  ->  Bitmap Heap Scan on sbtest3  (cost=23.00..3977.02 rows=1031 width=121)
	        Recheck Cond: ((id >= 8441988) AND (id <= 8442987))
	        ->  Bitmap Index Scan on sbtest3_pkey  (cost=0.00..22.75 rows=1031 width=0)
	              Index Cond: ((id >= 8441988) AND (id <= 8442987))

table 4 : explain SELECT count(c) FROM sbtest4 WHERE id BETWEEN 1799068 AND 1800067
	Aggregate  (cost=3429.39..3429.40 rows=1 width=8)
	  ->  Bitmap Heap Scan on sbtest4  (cost=21.51..3427.17 rows=885 width=121)
	        Recheck Cond: ((id >= 1799068) AND (id <= 1800067))
	        ->  Bitmap Index Scan on sbtest4_pkey  (cost=0.00..21.29 rows=885 width=0)
	              Index Cond: ((id >= 1799068) AND (id <= 1800067))

table 5 : explain SELECT count(c) FROM sbtest5 WHERE id BETWEEN 3849838 AND 3850837
	Aggregate  (cost=4059.61..4059.62 rows=1 width=8)
	  ->  Bitmap Heap Scan on sbtest5  (cost=23.22..4056.98 rows=1052 width=121)
	        Recheck Cond: ((id >= 3849838) AND (id <= 3850837))
	        ->  Bitmap Index Scan on sbtest5_pkey  (cost=0.00..22.95 rows=1052 width=0)
	              Index Cond: ((id >= 3849838) AND (id <= 3850837))

table 6 : explain SELECT count(c) FROM sbtest6 WHERE id BETWEEN 5931963 AND 5932962
	Aggregate  (cost=4097.99..4098.00 rows=1 width=8)
	  ->  Bitmap Heap Scan on sbtest6  (cost=23.32..4095.34 rows=1062 width=121)
	        Recheck Cond: ((id >= 5931963) AND (id <= 5932962))
	        ->  Bitmap Index Scan on sbtest6_pkey  (cost=0.00..23.05 rows=1062 width=0)
	              Index Cond: ((id >= 5931963) AND (id <= 5932962))

table 7 : explain SELECT count(c) FROM sbtest7 WHERE id BETWEEN 2914455 AND 2915454
	Aggregate  (cost=4026.44..4026.45 rows=1 width=8)
	  ->  Bitmap Heap Scan on sbtest7  (cost=23.13..4023.83 rows=1043 width=121)
	        Recheck Cond: ((id >= 2914455) AND (id <= 2915454))
	        ->  Bitmap Index Scan on sbtest7_pkey  (cost=0.00..22.86 rows=1043 width=0)
	              Index Cond: ((id >= 2914455) AND (id <= 2915454))

table 8 : explain SELECT count(c) FROM sbtest8 WHERE id BETWEEN 4738522 AND 4739521
	Aggregate  (cost=3743.79..3743.80 rows=1 width=8)
	  ->  Bitmap Heap Scan on sbtest8  (cost=22.36..3741.37 rows=968 width=121)
	        Recheck Cond: ((id >= 4738522) AND (id <= 4739521))
	        ->  Bitmap Index Scan on sbtest8_pkey  (cost=0.00..22.11 rows=968 width=0)
	              Index Cond: ((id >= 4738522) AND (id <= 4739521))

for: count_ranges
table 1 : explain SELECT count(c) FROM sbtest1 WHERE id BETWEEN 575050 AND 576049
	Aggregate  (cost=3861.71..3861.72 rows=1 width=8)
	  ->  Bitmap Heap Scan on sbtest1  (cost=22.68..3859.21 rows=1000 width=121)
	        Recheck Cond: ((id >= 575050) AND (id <= 576049))
	        ->  Bitmap Index Scan on sbtest1_pkey  (cost=0.00..22.43 rows=1000 width=0)
	              Index Cond: ((id >= 575050) AND (id <= 576049))

table 2 : explain SELECT count(c) FROM sbtest2 WHERE id BETWEEN 439189 AND 440188
	Aggregate  (cost=3757.19..3757.20 rows=1 width=8)
	  ->  Bitmap Heap Scan on sbtest2  (cost=22.40..3754.76 rows=972 width=121)
	        Recheck Cond: ((id >= 439189) AND (id <= 440188))
	        ->  Bitmap Index Scan on sbtest2_pkey  (cost=0.00..22.15 rows=972 width=0)
	              Index Cond: ((id >= 439189) AND (id <= 440188))

table 3 : explain SELECT count(c) FROM sbtest3 WHERE id BETWEEN 1019964 AND 1020963
	Aggregate  (cost=3489.23..3489.24 rows=1 width=8)
	  ->  Bitmap Heap Scan on sbtest3  (cost=21.67..3486.98 rows=901 width=121)
	        Recheck Cond: ((id >= 1019964) AND (id <= 1020963))
	        ->  Bitmap Index Scan on sbtest3_pkey  (cost=0.00..21.44 rows=901 width=0)
	              Index Cond: ((id >= 1019964) AND (id <= 1020963))

table 4 : explain SELECT count(c) FROM sbtest4 WHERE id BETWEEN 9117054 AND 9118053
	Aggregate  (cost=3765.63..3765.64 rows=1 width=8)
	  ->  Bitmap Heap Scan on sbtest4  (cost=22.42..3763.20 rows=974 width=121)
	        Recheck Cond: ((id >= 9117054) AND (id <= 9118053))
	        ->  Bitmap Index Scan on sbtest4_pkey  (cost=0.00..22.18 rows=974 width=0)
	              Index Cond: ((id >= 9117054) AND (id <= 9118053))

table 5 : explain SELECT count(c) FROM sbtest5 WHERE id BETWEEN 996783 AND 997782
	Aggregate  (cost=3671.41..3671.42 rows=1 width=8)
	  ->  Bitmap Heap Scan on sbtest5  (cost=22.16..3669.04 rows=949 width=121)
	        Recheck Cond: ((id >= 996783) AND (id <= 997782))
	        ->  Bitmap Index Scan on sbtest5_pkey  (cost=0.00..21.93 rows=949 width=0)
	              Index Cond: ((id >= 996783) AND (id <= 997782))

table 6 : explain SELECT count(c) FROM sbtest6 WHERE id BETWEEN 3790456 AND 3791455
	Aggregate  (cost=3585.17..3585.18 rows=1 width=8)
	  ->  Bitmap Heap Scan on sbtest6  (cost=21.93..3582.85 rows=926 width=121)
	        Recheck Cond: ((id >= 3790456) AND (id <= 3791455))
	        ->  Bitmap Index Scan on sbtest6_pkey  (cost=0.00..21.69 rows=926 width=0)
	              Index Cond: ((id >= 3790456) AND (id <= 3791455))

table 7 : explain SELECT count(c) FROM sbtest7 WHERE id BETWEEN 4490962 AND 4491961
	Aggregate  (cost=3981.26..3981.27 rows=1 width=8)
	  ->  Bitmap Heap Scan on sbtest7  (cost=23.00..3978.68 rows=1031 width=121)
	        Recheck Cond: ((id >= 4490962) AND (id <= 4491961))
	        ->  Bitmap Index Scan on sbtest7_pkey  (cost=0.00..22.75 rows=1031 width=0)
	              Index Cond: ((id >= 4490962) AND (id <= 4491961))

table 8 : explain SELECT count(c) FROM sbtest8 WHERE id BETWEEN 4039579 AND 4040578
	Aggregate  (cost=4011.42..4011.43 rows=1 width=8)
	  ->  Bitmap Heap Scan on sbtest8  (cost=23.08..4008.83 rows=1039 width=121)
	        Recheck Cond: ((id >= 4039579) AND (id <= 4040578))
	        ->  Bitmap Index Scan on sbtest8_pkey  (cost=0.00..22.82 rows=1039 width=0)
	              Index Cond: ((id >= 4039579) AND (id <= 4040578))

for: count_ranges
table 1 : explain SELECT count(c) FROM sbtest1 WHERE id BETWEEN 8623158 AND 8624157
	Aggregate  (cost=3609.11..3609.12 rows=1 width=8)
	  ->  Bitmap Heap Scan on sbtest1  (cost=22.00..3606.77 rows=933 width=121)
	        Recheck Cond: ((id >= 8623158) AND (id <= 8624157))
	        ->  Bitmap Index Scan on sbtest1_pkey  (cost=0.00..21.76 rows=933 width=0)
	              Index Cond: ((id >= 8623158) AND (id <= 8624157))

table 2 : explain SELECT count(c) FROM sbtest2 WHERE id BETWEEN 5914989 AND 5915988
	Aggregate  (cost=3428.61..3428.62 rows=1 width=8)
	  ->  Bitmap Heap Scan on sbtest2  (cost=21.51..3426.40 rows=885 width=121)
	        Recheck Cond: ((id >= 5914989) AND (id <= 5915988))
	        ->  Bitmap Index Scan on sbtest2_pkey  (cost=0.00..21.29 rows=885 width=0)
	              Index Cond: ((id >= 5914989) AND (id <= 5915988))

table 3 : explain SELECT count(c) FROM sbtest3 WHERE id BETWEEN 4098435 AND 4099434
	Aggregate  (cost=4054.84..4054.85 rows=1 width=8)
	  ->  Bitmap Heap Scan on sbtest3  (cost=23.21..4052.21 rows=1051 width=121)
	        Recheck Cond: ((id >= 4098435) AND (id <= 4099434))
	        ->  Bitmap Index Scan on sbtest3_pkey  (cost=0.00..22.94 rows=1051 width=0)
	              Index Cond: ((id >= 4098435) AND (id <= 4099434))

table 4 : explain SELECT count(c) FROM sbtest4 WHERE id BETWEEN 7675582 AND 7676581
	Aggregate  (cost=3822.20..3822.21 rows=1 width=8)
	  ->  Bitmap Heap Scan on sbtest4  (cost=22.57..3819.73 rows=989 width=121)
	        Recheck Cond: ((id >= 7675582) AND (id <= 7676581))
	        ->  Bitmap Index Scan on sbtest4_pkey  (cost=0.00..22.32 rows=989 width=0)
	              Index Cond: ((id >= 7675582) AND (id <= 7676581))

table 5 : explain SELECT count(c) FROM sbtest5 WHERE id BETWEEN 1322519 AND 1323518
	Aggregate  (cost=4100.99..4101.00 rows=1 width=8)
	  ->  Bitmap Heap Scan on sbtest5  (cost=23.33..4098.33 rows=1063 width=121)
	        Recheck Cond: ((id >= 1322519) AND (id <= 1323518))
	        ->  Bitmap Index Scan on sbtest5_pkey  (cost=0.00..23.07 rows=1063 width=0)
	              Index Cond: ((id >= 1322519) AND (id <= 1323518))

table 6 : explain SELECT count(c) FROM sbtest6 WHERE id BETWEEN 4397992 AND 4398991
	Aggregate  (cost=3687.17..3687.18 rows=1 width=8)
	  ->  Bitmap Heap Scan on sbtest6  (cost=22.20..3684.79 rows=953 width=121)
	        Recheck Cond: ((id >= 4397992) AND (id <= 4398991))
	        ->  Bitmap Index Scan on sbtest6_pkey  (cost=0.00..21.96 rows=953 width=0)
	              Index Cond: ((id >= 4397992) AND (id <= 4398991))

table 7 : explain SELECT count(c) FROM sbtest7 WHERE id BETWEEN 3871109 AND 3872108
	Aggregate  (cost=4282.40..4282.41 rows=1 width=8)
	  ->  Bitmap Heap Scan on sbtest7  (cost=27.82..4279.63 rows=1111 width=121)
	        Recheck Cond: ((id >= 3871109) AND (id <= 3872108))
	        ->  Bitmap Index Scan on sbtest7_pkey  (cost=0.00..27.54 rows=1111 width=0)
	              Index Cond: ((id >= 3871109) AND (id <= 3872108))

table 8 : explain SELECT count(c) FROM sbtest8 WHERE id BETWEEN 2920801 AND 2921800
	Aggregate  (cost=3728.69..3728.70 rows=1 width=8)
	  ->  Bitmap Heap Scan on sbtest8  (cost=22.32..3726.28 rows=964 width=121)
	        Recheck Cond: ((id >= 2920801) AND (id <= 2921800))
	        ->  Bitmap Index Scan on sbtest8_pkey  (cost=0.00..22.07 rows=964 width=0)
	              Index Cond: ((id >= 2920801) AND (id <= 2921800))

for: count_ranges
table 1 : explain SELECT count(c) FROM sbtest1 WHERE id BETWEEN 3454705 AND 3455704
	Aggregate  (cost=3831.58..3831.59 rows=1 width=8)
	  ->  Bitmap Heap Scan on sbtest1  (cost=22.60..3829.10 rows=992 width=121)
	        Recheck Cond: ((id >= 3454705) AND (id <= 3455704))
	        ->  Bitmap Index Scan on sbtest1_pkey  (cost=0.00..22.36 rows=992 width=0)
	              Index Cond: ((id >= 3454705) AND (id <= 3455704))

table 2 : explain SELECT count(c) FROM sbtest2 WHERE id BETWEEN 6683227 AND 6684226
	Aggregate  (cost=3662.88..3662.89 rows=1 width=8)
	  ->  Bitmap Heap Scan on sbtest2  (cost=22.14..3660.51 rows=947 width=121)
	        Recheck Cond: ((id >= 6683227) AND (id <= 6684226))
	        ->  Bitmap Index Scan on sbtest2_pkey  (cost=0.00..21.90 rows=947 width=0)
	              Index Cond: ((id >= 6683227) AND (id <= 6684226))

table 3 : explain SELECT count(c) FROM sbtest3 WHERE id BETWEEN 3463361 AND 3464360
	Aggregate  (cost=3598.82..3598.83 rows=1 width=8)
	  ->  Bitmap Heap Scan on sbtest3  (cost=21.97..3596.49 rows=930 width=121)
	        Recheck Cond: ((id >= 3463361) AND (id <= 3464360))
	        ->  Bitmap Index Scan on sbtest3_pkey  (cost=0.00..21.73 rows=930 width=0)
	              Index Cond: ((id >= 3463361) AND (id <= 3464360))

table 4 : explain SELECT count(c) FROM sbtest4 WHERE id BETWEEN 7121641 AND 7122640
	Aggregate  (cost=3697.71..3697.72 rows=1 width=8)
	  ->  Bitmap Heap Scan on sbtest4  (cost=22.23..3695.32 rows=956 width=121)
	        Recheck Cond: ((id >= 7121641) AND (id <= 7122640))
	        ->  Bitmap Index Scan on sbtest4_pkey  (cost=0.00..22.00 rows=956 width=0)
	              Index Cond: ((id >= 7121641) AND (id <= 7122640))

table 5 : explain SELECT count(c) FROM sbtest5 WHERE id BETWEEN 3109543 AND 3110542
	Aggregate  (cost=3950.45..3950.46 rows=1 width=8)
	  ->  Bitmap Heap Scan on sbtest5  (cost=22.92..3947.89 rows=1023 width=121)
	        Recheck Cond: ((id >= 3109543) AND (id <= 3110542))
	        ->  Bitmap Index Scan on sbtest5_pkey  (cost=0.00..22.66 rows=1023 width=0)
	              Index Cond: ((id >= 3109543) AND (id <= 3110542))

table 6 : explain SELECT count(c) FROM sbtest6 WHERE id BETWEEN 2241925 AND 2242924
	Aggregate  (cost=4188.25..4188.26 rows=1 width=8)
	  ->  Bitmap Heap Scan on sbtest6  (cost=23.57..4185.53 rows=1086 width=121)
	        Recheck Cond: ((id >= 2241925) AND (id <= 2242924))
	        ->  Bitmap Index Scan on sbtest6_pkey  (cost=0.00..23.29 rows=1086 width=0)
	              Index Cond: ((id >= 2241925) AND (id <= 2242924))

table 7 : explain SELECT count(c) FROM sbtest7 WHERE id BETWEEN 11246 AND 12245
	Aggregate  (cost=3758.85..3758.86 rows=1 width=8)
	  ->  Bitmap Heap Scan on sbtest7  (cost=22.40..3756.42 rows=972 width=121)
	        Recheck Cond: ((id >= 11246) AND (id <= 12245))
	        ->  Bitmap Index Scan on sbtest7_pkey  (cost=0.00..22.15 rows=972 width=0)
	              Index Cond: ((id >= 11246) AND (id <= 12245))

table 8 : explain SELECT count(c) FROM sbtest8 WHERE id BETWEEN 7138106 AND 7139105
	Aggregate  (cost=4316.25..4316.26 rows=1 width=8)
	  ->  Bitmap Heap Scan on sbtest8  (cost=27.92..4313.45 rows=1120 width=121)
	        Recheck Cond: ((id >= 7138106) AND (id <= 7139105))
	        ->  Bitmap Index Scan on sbtest8_pkey  (cost=0.00..27.64 rows=1120 width=0)
	              Index Cond: ((id >= 7138106) AND (id <= 7139105))

for: count_ranges
table 1 : explain SELECT count(c) FROM sbtest1 WHERE id BETWEEN 9764235 AND 9765234
	Aggregate  (cost=3921.95..3921.96 rows=1 width=8)
	  ->  Bitmap Heap Scan on sbtest1  (cost=22.85..3919.41 rows=1016 width=121)
	        Recheck Cond: ((id >= 9764235) AND (id <= 9765234))
	        ->  Bitmap Index Scan on sbtest1_pkey  (cost=0.00..22.59 rows=1016 width=0)
	              Index Cond: ((id >= 9764235) AND (id <= 9765234))

table 2 : explain SELECT count(c) FROM sbtest2 WHERE id BETWEEN 8105649 AND 8106648
	Aggregate  (cost=3783.58..3783.59 rows=1 width=8)
	  ->  Bitmap Heap Scan on sbtest2  (cost=22.47..3781.14 rows=979 width=121)
	        Recheck Cond: ((id >= 8105649) AND (id <= 8106648))
	        ->  Bitmap Index Scan on sbtest2_pkey  (cost=0.00..22.22 rows=979 width=0)
	              Index Cond: ((id >= 8105649) AND (id <= 8106648))

table 3 : explain SELECT count(c) FROM sbtest3 WHERE id BETWEEN 1366851 AND 1367850
	Aggregate  (cost=3708.29..3708.30 rows=1 width=8)
	  ->  Bitmap Heap Scan on sbtest3  (cost=22.26..3705.89 rows=959 width=121)
	        Recheck Cond: ((id >= 1366851) AND (id <= 1367850))
	        ->  Bitmap Index Scan on sbtest3_pkey  (cost=0.00..22.02 rows=959 width=0)
	              Index Cond: ((id >= 1366851) AND (id <= 1367850))

table 4 : explain SELECT count(c) FROM sbtest4 WHERE id BETWEEN 8002864 AND 8003863
	Aggregate  (cost=3867.43..3867.44 rows=1 width=8)
	  ->  Bitmap Heap Scan on sbtest4  (cost=22.70..3864.93 rows=1001 width=121)
	        Recheck Cond: ((id >= 8002864) AND (id <= 8003863))
	        ->  Bitmap Index Scan on sbtest4_pkey  (cost=0.00..22.44 rows=1001 width=0)
	              Index Cond: ((id >= 8002864) AND (id <= 8003863))

table 5 : explain SELECT count(c) FROM sbtest5 WHERE id BETWEEN 7158565 AND 7159564
	Aggregate  (cost=3546.75..3546.76 rows=1 width=8)
	  ->  Bitmap Heap Scan on sbtest5  (cost=21.82..3544.46 rows=916 width=121)
	        Recheck Cond: ((id >= 7158565) AND (id <= 7159564))
	        ->  Bitmap Index Scan on sbtest5_pkey  (cost=0.00..21.59 rows=916 width=0)
	              Index Cond: ((id >= 7158565) AND (id <= 7159564))

table 6 : explain SELECT count(c) FROM sbtest6 WHERE id BETWEEN 9940068 AND 9941067
	Aggregate  (cost=3939.88..3939.89 rows=1 width=8)
	  ->  Bitmap Heap Scan on sbtest6  (cost=22.89..3937.33 rows=1020 width=121)
	        Recheck Cond: ((id >= 9940068) AND (id <= 9941067))
	        ->  Bitmap Index Scan on sbtest6_pkey  (cost=0.00..22.64 rows=1020 width=0)
	              Index Cond: ((id >= 9940068) AND (id <= 9941067))

table 7 : explain SELECT count(c) FROM sbtest7 WHERE id BETWEEN 1845008 AND 1846007
	Aggregate  (cost=3822.98..3822.99 rows=1 width=8)
	  ->  Bitmap Heap Scan on sbtest7  (cost=22.57..3820.51 rows=989 width=121)
	        Recheck Cond: ((id >= 1845008) AND (id <= 1846007))
	        ->  Bitmap Index Scan on sbtest7_pkey  (cost=0.00..22.32 rows=989 width=0)
	              Index Cond: ((id >= 1845008) AND (id <= 1846007))

table 8 : explain SELECT count(c) FROM sbtest8 WHERE id BETWEEN 776167 AND 777166
	Aggregate  (cost=3781.52..3781.53 rows=1 width=8)
	  ->  Bitmap Heap Scan on sbtest8  (cost=22.46..3779.08 rows=978 width=121)
	        Recheck Cond: ((id >= 776167) AND (id <= 777166))
	        ->  Bitmap Index Scan on sbtest8_pkey  (cost=0.00..22.21 rows=978 width=0)
	              Index Cond: ((id >= 776167) AND (id <= 777166))

for: count_ranges
table 1 : explain SELECT count(c) FROM sbtest1 WHERE id BETWEEN 6737682 AND 6738681
	Aggregate  (cost=3857.94..3857.95 rows=1 width=8)
	  ->  Bitmap Heap Scan on sbtest1  (cost=22.67..3855.45 rows=999 width=121)
	        Recheck Cond: ((id >= 6737682) AND (id <= 6738681))
	        ->  Bitmap Index Scan on sbtest1_pkey  (cost=0.00..22.43 rows=999 width=0)
	              Index Cond: ((id >= 6737682) AND (id <= 6738681))

table 2 : explain SELECT count(c) FROM sbtest2 WHERE id BETWEEN 7563141 AND 7564140
	Aggregate  (cost=4257.86..4257.87 rows=1 width=8)
	  ->  Bitmap Heap Scan on sbtest2  (cost=27.76..4255.10 rows=1105 width=121)
	        Recheck Cond: ((id >= 7563141) AND (id <= 7564140))
	        ->  Bitmap Index Scan on sbtest2_pkey  (cost=0.00..27.48 rows=1105 width=0)
	              Index Cond: ((id >= 7563141) AND (id <= 7564140))

table 3 : explain SELECT count(c) FROM sbtest3 WHERE id BETWEEN 167686 AND 168685
	Aggregate  (cost=3715.83..3715.84 rows=1 width=8)
	  ->  Bitmap Heap Scan on sbtest3  (cost=22.29..3713.43 rows=961 width=121)
	        Recheck Cond: ((id >= 167686) AND (id <= 168685))
	        ->  Bitmap Index Scan on sbtest3_pkey  (cost=0.00..22.04 rows=961 width=0)
	              Index Cond: ((id >= 167686) AND (id <= 168685))

table 4 : explain SELECT count(c) FROM sbtest4 WHERE id BETWEEN 1040833 AND 1041832
	Aggregate  (cost=3792.03..3792.04 rows=1 width=8)
	  ->  Bitmap Heap Scan on sbtest4  (cost=22.49..3789.58 rows=981 width=121)
	        Recheck Cond: ((id >= 1040833) AND (id <= 1041832))
	        ->  Bitmap Index Scan on sbtest4_pkey  (cost=0.00..22.25 rows=981 width=0)
	              Index Cond: ((id >= 1040833) AND (id <= 1041832))

table 5 : explain SELECT count(c) FROM sbtest5 WHERE id BETWEEN 1979159 AND 1980158
	Aggregate  (cost=3799.71..3799.72 rows=1 width=8)
	  ->  Bitmap Heap Scan on sbtest5  (cost=22.51..3797.25 rows=983 width=121)
	        Recheck Cond: ((id >= 1979159) AND (id <= 1980158))
	        ->  Bitmap Index Scan on sbtest5_pkey  (cost=0.00..22.26 rows=983 width=0)
	              Index Cond: ((id >= 1979159) AND (id <= 1980158))

table 6 : explain SELECT count(c) FROM sbtest6 WHERE id BETWEEN 9095582 AND 9096581
	Aggregate  (cost=4045.31..4045.32 rows=1 width=8)
	  ->  Bitmap Heap Scan on sbtest6  (cost=23.18..4042.69 rows=1048 width=121)
	        Recheck Cond: ((id >= 9095582) AND (id <= 9096581))
	        ->  Bitmap Index Scan on sbtest6_pkey  (cost=0.00..22.91 rows=1048 width=0)
	              Index Cond: ((id >= 9095582) AND (id <= 9096581))

table 7 : explain SELECT count(c) FROM sbtest7 WHERE id BETWEEN 1250902 AND 1251901
	Aggregate  (cost=3622.91..3622.92 rows=1 width=8)
	  ->  Bitmap Heap Scan on sbtest7  (cost=22.03..3620.57 rows=936 width=121)
	        Recheck Cond: ((id >= 1250902) AND (id <= 1251901))
	        ->  Bitmap Index Scan on sbtest7_pkey  (cost=0.00..21.79 rows=936 width=0)
	              Index Cond: ((id >= 1250902) AND (id <= 1251901))

table 8 : explain SELECT count(c) FROM sbtest8 WHERE id BETWEEN 4675026 AND 4676025
	Aggregate  (cost=3909.72..3909.73 rows=1 width=8)
	  ->  Bitmap Heap Scan on sbtest8  (cost=22.81..3907.19 rows=1012 width=121)
	        Recheck Cond: ((id >= 4675026) AND (id <= 4676025))
	        ->  Bitmap Index Scan on sbtest8_pkey  (cost=0.00..22.55 rows=1012 width=0)
	              Index Cond: ((id >= 4675026) AND (id <= 4676025))

for: count_ranges
table 1 : explain SELECT count(c) FROM sbtest1 WHERE id BETWEEN 5050327 AND 5051326
	Aggregate  (cost=4057.35..4057.36 rows=1 width=8)
	  ->  Bitmap Heap Scan on sbtest1  (cost=23.22..4054.72 rows=1052 width=121)
	        Recheck Cond: ((id >= 5050327) AND (id <= 5051326))
	        ->  Bitmap Index Scan on sbtest1_pkey  (cost=0.00..22.95 rows=1052 width=0)
	              Index Cond: ((id >= 5050327) AND (id <= 5051326))

table 2 : explain SELECT count(c) FROM sbtest2 WHERE id BETWEEN 8986921 AND 8987920
	Aggregate  (cost=3979.45..3979.46 rows=1 width=8)
	  ->  Bitmap Heap Scan on sbtest2  (cost=23.00..3976.87 rows=1031 width=121)
	        Recheck Cond: ((id >= 8986921) AND (id <= 8987920))
	        ->  Bitmap Index Scan on sbtest2_pkey  (cost=0.00..22.75 rows=1031 width=0)
	              Index Cond: ((id >= 8986921) AND (id <= 8987920))

table 3 : explain SELECT count(c) FROM sbtest3 WHERE id BETWEEN 7642551 AND 7643550
	Aggregate  (cost=3787.49..3787.50 rows=1 width=8)
	  ->  Bitmap Heap Scan on sbtest3  (cost=22.48..3785.04 rows=980 width=121)
	        Recheck Cond: ((id >= 7642551) AND (id <= 7643550))
	        ->  Bitmap Index Scan on sbtest3_pkey  (cost=0.00..22.23 rows=980 width=0)
	              Index Cond: ((id >= 7642551) AND (id <= 7643550))

table 4 : explain SELECT count(c) FROM sbtest4 WHERE id BETWEEN 4386550 AND 4387549
	Aggregate  (cost=4051.94..4051.95 rows=1 width=8)
	  ->  Bitmap Heap Scan on sbtest4  (cost=23.20..4049.31 rows=1050 width=121)
	        Recheck Cond: ((id >= 4386550) AND (id <= 4387549))
	        ->  Bitmap Index Scan on sbtest4_pkey  (cost=0.00..22.93 rows=1050 width=0)
	              Index Cond: ((id >= 4386550) AND (id <= 4387549))

table 5 : explain SELECT count(c) FROM sbtest5 WHERE id BETWEEN 6286202 AND 6287201
	Aggregate  (cost=4217.76..4217.77 rows=1 width=8)
	  ->  Bitmap Heap Scan on sbtest5  (cost=27.64..4215.02 rows=1093 width=121)
	        Recheck Cond: ((id >= 6286202) AND (id <= 6287201))
	        ->  Bitmap Index Scan on sbtest5_pkey  (cost=0.00..27.36 rows=1093 width=0)
	              Index Cond: ((id >= 6286202) AND (id <= 6287201))

table 6 : explain SELECT count(c) FROM sbtest6 WHERE id BETWEEN 5139916 AND 5140915
	Aggregate  (cost=3641.85..3641.86 rows=1 width=8)
	  ->  Bitmap Heap Scan on sbtest6  (cost=22.08..3639.49 rows=941 width=121)
	        Recheck Cond: ((id >= 5139916) AND (id <= 5140915))
	        ->  Bitmap Index Scan on sbtest6_pkey  (cost=0.00..21.84 rows=941 width=0)
	              Index Cond: ((id >= 5139916) AND (id <= 5140915))

table 7 : explain SELECT count(c) FROM sbtest7 WHERE id BETWEEN 149793 AND 150792
	Aggregate  (cost=3943.59..3943.60 rows=1 width=8)
	  ->  Bitmap Heap Scan on sbtest7  (cost=22.90..3941.04 rows=1021 width=121)
	        Recheck Cond: ((id >= 149793) AND (id <= 150792))
	        ->  Bitmap Index Scan on sbtest7_pkey  (cost=0.00..22.64 rows=1021 width=0)
	              Index Cond: ((id >= 149793) AND (id <= 150792))

table 8 : explain SELECT count(c) FROM sbtest8 WHERE id BETWEEN 4502534 AND 4503533
	Aggregate  (cost=3781.52..3781.53 rows=1 width=8)
	  ->  Bitmap Heap Scan on sbtest8  (cost=22.46..3779.08 rows=978 width=121)
	        Recheck Cond: ((id >= 4502534) AND (id <= 4503533))
	        ->  Bitmap Index Scan on sbtest8_pkey  (cost=0.00..22.21 rows=978 width=0)
	              Index Cond: ((id >= 4502534) AND (id <= 4503533))

for: count_ranges
table 1 : explain SELECT count(c) FROM sbtest1 WHERE id BETWEEN 3864588 AND 3865587
	Aggregate  (cost=4155.05..4155.06 rows=1 width=8)
	  ->  Bitmap Heap Scan on sbtest1  (cost=23.48..4152.35 rows=1078 width=121)
	        Recheck Cond: ((id >= 3864588) AND (id <= 3865587))
	        ->  Bitmap Index Scan on sbtest1_pkey  (cost=0.00..23.21 rows=1078 width=0)
	              Index Cond: ((id >= 3864588) AND (id <= 3865587))

table 2 : explain SELECT count(c) FROM sbtest2 WHERE id BETWEEN 7778635 AND 7779634
	Aggregate  (cost=3998.27..3998.28 rows=1 width=8)
	  ->  Bitmap Heap Scan on sbtest2  (cost=23.05..3995.68 rows=1036 width=121)
	        Recheck Cond: ((id >= 7778635) AND (id <= 7779634))
	        ->  Bitmap Index Scan on sbtest2_pkey  (cost=0.00..22.79 rows=1036 width=0)
	              Index Cond: ((id >= 7778635) AND (id <= 7779634))

table 3 : explain SELECT count(c) FROM sbtest3 WHERE id BETWEEN 2466238 AND 2467237
	Aggregate  (cost=3911.83..3911.84 rows=1 width=8)
	  ->  Bitmap Heap Scan on sbtest3  (cost=22.82..3909.30 rows=1013 width=121)
	        Recheck Cond: ((id >= 2466238) AND (id <= 2467237))
	        ->  Bitmap Index Scan on sbtest3_pkey  (cost=0.00..22.57 rows=1013 width=0)
	              Index Cond: ((id >= 2466238) AND (id <= 2467237))

table 4 : explain SELECT count(c) FROM sbtest4 WHERE id BETWEEN 7400005 AND 7401004
	Aggregate  (cost=3527.73..3527.74 rows=1 width=8)
	  ->  Bitmap Heap Scan on sbtest4  (cost=21.77..3525.45 rows=911 width=121)
	        Recheck Cond: ((id >= 7400005) AND (id <= 7401004))
	        ->  Bitmap Index Scan on sbtest4_pkey  (cost=0.00..21.54 rows=911 width=0)
	              Index Cond: ((id >= 7400005) AND (id <= 7401004))

table 5 : explain SELECT count(c) FROM sbtest5 WHERE id BETWEEN 8525283 AND 8526282
	Aggregate  (cost=4274.13..4274.14 rows=1 width=8)
	  ->  Bitmap Heap Scan on sbtest5  (cost=27.80..4271.35 rows=1109 width=121)
	        Recheck Cond: ((id >= 8525283) AND (id <= 8526282))
	        ->  Bitmap Index Scan on sbtest5_pkey  (cost=0.00..27.52 rows=1109 width=0)
	              Index Cond: ((id >= 8525283) AND (id <= 8526282))

table 6 : explain SELECT count(c) FROM sbtest6 WHERE id BETWEEN 9612866 AND 9613865
	Aggregate  (cost=3770.21..3770.22 rows=1 width=8)
	  ->  Bitmap Heap Scan on sbtest6  (cost=22.43..3767.77 rows=975 width=121)
	        Recheck Cond: ((id >= 9612866) AND (id <= 9613865))
	        ->  Bitmap Index Scan on sbtest6_pkey  (cost=0.00..22.18 rows=975 width=0)
	              Index Cond: ((id >= 9612866) AND (id <= 9613865))

table 7 : explain SELECT count(c) FROM sbtest7 WHERE id BETWEEN 510900 AND 511899
	Aggregate  (cost=3826.75..3826.76 rows=1 width=8)
	  ->  Bitmap Heap Scan on sbtest7  (cost=22.58..3824.27 rows=990 width=121)
	        Recheck Cond: ((id >= 510900) AND (id <= 511899))
	        ->  Bitmap Index Scan on sbtest7_pkey  (cost=0.00..22.33 rows=990 width=0)
	              Index Cond: ((id >= 510900) AND (id <= 511899))

table 8 : explain SELECT count(c) FROM sbtest8 WHERE id BETWEEN 2214307 AND 2215306
	Aggregate  (cost=3751.34..3751.35 rows=1 width=8)
	  ->  Bitmap Heap Scan on sbtest8  (cost=22.38..3748.91 rows=970 width=121)
	        Recheck Cond: ((id >= 2214307) AND (id <= 2215306))
	        ->  Bitmap Index Scan on sbtest8_pkey  (cost=0.00..22.14 rows=970 width=0)
	              Index Cond: ((id >= 2214307) AND (id <= 2215306))

for: count_ranges
table 1 : explain SELECT count(c) FROM sbtest1 WHERE id BETWEEN 1480714 AND 1481713
	Aggregate  (cost=3578.90..3578.91 rows=1 width=8)
	  ->  Bitmap Heap Scan on sbtest1  (cost=21.92..3576.59 rows=925 width=121)
	        Recheck Cond: ((id >= 1480714) AND (id <= 1481713))
	        ->  Bitmap Index Scan on sbtest1_pkey  (cost=0.00..21.68 rows=925 width=0)
	              Index Cond: ((id >= 1480714) AND (id <= 1481713))

table 2 : explain SELECT count(c) FROM sbtest2 WHERE id BETWEEN 2302501 AND 2303500
	Aggregate  (cost=4190.00..4190.01 rows=1 width=8)
	  ->  Bitmap Heap Scan on sbtest2  (cost=23.58..4187.28 rows=1087 width=121)
	        Recheck Cond: ((id >= 2302501) AND (id <= 2303500))
	        ->  Bitmap Index Scan on sbtest2_pkey  (cost=0.00..23.30 rows=1087 width=0)
	              Index Cond: ((id >= 2302501) AND (id <= 2303500))

table 3 : explain SELECT count(c) FROM sbtest3 WHERE id BETWEEN 4244695 AND 4245694
	Aggregate  (cost=4066.12..4066.13 rows=1 width=8)
	  ->  Bitmap Heap Scan on sbtest3  (cost=23.24..4063.49 rows=1054 width=121)
	        Recheck Cond: ((id >= 4244695) AND (id <= 4245694))
	        ->  Bitmap Index Scan on sbtest3_pkey  (cost=0.00..22.97 rows=1054 width=0)
	              Index Cond: ((id >= 4244695) AND (id <= 4245694))

table 4 : explain SELECT count(c) FROM sbtest4 WHERE id BETWEEN 4378510 AND 4379509
	Aggregate  (cost=4051.94..4051.95 rows=1 width=8)
	  ->  Bitmap Heap Scan on sbtest4  (cost=23.20..4049.31 rows=1050 width=121)
	        Recheck Cond: ((id >= 4378510) AND (id <= 4379509))
	        ->  Bitmap Index Scan on sbtest4_pkey  (cost=0.00..22.93 rows=1050 width=0)
	              Index Cond: ((id >= 4378510) AND (id <= 4379509))

table 5 : explain SELECT count(c) FROM sbtest5 WHERE id BETWEEN 8699176 AND 8700175
	Aggregate  (cost=4006.92..4006.93 rows=1 width=8)
	  ->  Bitmap Heap Scan on sbtest5  (cost=23.07..4004.33 rows=1038 width=121)
	        Recheck Cond: ((id >= 8699176) AND (id <= 8700175))
	        ->  Bitmap Index Scan on sbtest5_pkey  (cost=0.00..22.82 rows=1038 width=0)
	              Index Cond: ((id >= 8699176) AND (id <= 8700175))

table 6 : explain SELECT count(c) FROM sbtest6 WHERE id BETWEEN 7742215 AND 7743214
	Aggregate  (cost=3656.96..3656.97 rows=1 width=8)
	  ->  Bitmap Heap Scan on sbtest6  (cost=22.12..3654.59 rows=945 width=121)
	        Recheck Cond: ((id >= 7742215) AND (id <= 7743214))
	        ->  Bitmap Index Scan on sbtest6_pkey  (cost=0.00..21.89 rows=945 width=0)
	              Index Cond: ((id >= 7742215) AND (id <= 7743214))

table 7 : explain SELECT count(c) FROM sbtest7 WHERE id BETWEEN 6366336 AND 6367335
	Aggregate  (cost=3630.47..3630.48 rows=1 width=8)
	  ->  Bitmap Heap Scan on sbtest7  (cost=22.05..3628.13 rows=938 width=121)
	        Recheck Cond: ((id >= 6366336) AND (id <= 6367335))
	        ->  Bitmap Index Scan on sbtest7_pkey  (cost=0.00..21.82 rows=938 width=0)
	              Index Cond: ((id >= 6366336) AND (id <= 6367335))

table 8 : explain SELECT count(c) FROM sbtest8 WHERE id BETWEEN 2748964 AND 2749963
	Aggregate  (cost=3823.02..3823.03 rows=1 width=8)
	  ->  Bitmap Heap Scan on sbtest8  (cost=22.57..3820.54 rows=989 width=121)
	        Recheck Cond: ((id >= 2748964) AND (id <= 2749963))
	        ->  Bitmap Index Scan on sbtest8_pkey  (cost=0.00..22.32 rows=989 width=0)
	              Index Cond: ((id >= 2748964) AND (id <= 2749963))

for: count_ranges
table 1 : explain SELECT count(c) FROM sbtest1 WHERE id BETWEEN 2931554 AND 2932553
	Aggregate  (cost=3793.90..3793.91 rows=1 width=8)
	  ->  Bitmap Heap Scan on sbtest1  (cost=22.50..3791.45 rows=982 width=121)
	        Recheck Cond: ((id >= 2931554) AND (id <= 2932553))
	        ->  Bitmap Index Scan on sbtest1_pkey  (cost=0.00..22.25 rows=982 width=0)
	              Index Cond: ((id >= 2931554) AND (id <= 2932553))

table 2 : explain SELECT count(c) FROM sbtest2 WHERE id BETWEEN 9820286 AND 9821285
	Aggregate  (cost=3606.25..3606.26 rows=1 width=8)
	  ->  Bitmap Heap Scan on sbtest2  (cost=21.99..3603.92 rows=932 width=121)
	        Recheck Cond: ((id >= 9820286) AND (id <= 9821285))
	        ->  Bitmap Index Scan on sbtest2_pkey  (cost=0.00..21.75 rows=932 width=0)
	              Index Cond: ((id >= 9820286) AND (id <= 9821285))

table 3 : explain SELECT count(c) FROM sbtest3 WHERE id BETWEEN 7785127 AND 7786126
	Aggregate  (cost=4107.48..4107.49 rows=1 width=8)
	  ->  Bitmap Heap Scan on sbtest3  (cost=23.35..4104.82 rows=1065 width=121)
	        Recheck Cond: ((id >= 7785127) AND (id <= 7786126))
	        ->  Bitmap Index Scan on sbtest3_pkey  (cost=0.00..23.08 rows=1065 width=0)
	              Index Cond: ((id >= 7785127) AND (id <= 7786126))

table 4 : explain SELECT count(c) FROM sbtest4 WHERE id BETWEEN 2114951 AND 2115950
	Aggregate  (cost=3927.71..3927.72 rows=1 width=8)
	  ->  Bitmap Heap Scan on sbtest4  (cost=22.86..3925.17 rows=1017 width=121)
	        Recheck Cond: ((id >= 2114951) AND (id <= 2115950))
	        ->  Bitmap Index Scan on sbtest4_pkey  (cost=0.00..22.61 rows=1017 width=0)
	              Index Cond: ((id >= 2114951) AND (id <= 2115950))

table 5 : explain SELECT count(c) FROM sbtest5 WHERE id BETWEEN 9445448 AND 9446447
	Aggregate  (cost=3656.31..3656.32 rows=1 width=8)
	  ->  Bitmap Heap Scan on sbtest5  (cost=22.12..3653.95 rows=945 width=121)
	        Recheck Cond: ((id >= 9445448) AND (id <= 9446447))
	        ->  Bitmap Index Scan on sbtest5_pkey  (cost=0.00..21.89 rows=945 width=0)
	              Index Cond: ((id >= 9445448) AND (id <= 9446447))

table 6 : explain SELECT count(c) FROM sbtest6 WHERE id BETWEEN 3243296 AND 3244295
	Aggregate  (cost=3384.65..3384.66 rows=1 width=8)
	  ->  Bitmap Heap Scan on sbtest6  (cost=21.38..3382.47 rows=873 width=121)
	        Recheck Cond: ((id >= 3243296) AND (id <= 3244295))
	        ->  Bitmap Index Scan on sbtest6_pkey  (cost=0.00..21.16 rows=873 width=0)
	              Index Cond: ((id >= 3243296) AND (id <= 3244295))

table 7 : explain SELECT count(c) FROM sbtest7 WHERE id BETWEEN 7320066 AND 7321065
	Aggregate  (cost=3483.03..3483.04 rows=1 width=8)
	  ->  Bitmap Heap Scan on sbtest7  (cost=21.65..3480.78 rows=899 width=121)
	        Recheck Cond: ((id >= 7320066) AND (id <= 7321065))
	        ->  Bitmap Index Scan on sbtest7_pkey  (cost=0.00..21.43 rows=899 width=0)
	              Index Cond: ((id >= 7320066) AND (id <= 7321065))

table 8 : explain SELECT count(c) FROM sbtest8 WHERE id BETWEEN 1202066 AND 1203065
	Aggregate  (cost=4229.82..4229.83 rows=1 width=8)
	  ->  Bitmap Heap Scan on sbtest8  (cost=27.67..4227.08 rows=1096 width=121)
	        Recheck Cond: ((id >= 1202066) AND (id <= 1203065))
	        ->  Bitmap Index Scan on sbtest8_pkey  (cost=0.00..27.39 rows=1096 width=0)
	              Index Cond: ((id >= 1202066) AND (id <= 1203065))

for: count_ranges
table 1 : explain SELECT count(c) FROM sbtest1 WHERE id BETWEEN 6548666 AND 6549665
	Aggregate  (cost=4083.66..4083.67 rows=1 width=8)
	  ->  Bitmap Heap Scan on sbtest1  (cost=23.29..4081.02 rows=1059 width=121)
	        Recheck Cond: ((id >= 6548666) AND (id <= 6549665))
	        ->  Bitmap Index Scan on sbtest1_pkey  (cost=0.00..23.02 rows=1059 width=0)
	              Index Cond: ((id >= 6548666) AND (id <= 6549665))

table 2 : explain SELECT count(c) FROM sbtest2 WHERE id BETWEEN 3450467 AND 3451466
	Aggregate  (cost=4013.32..4013.33 rows=1 width=8)
	  ->  Bitmap Heap Scan on sbtest2  (cost=23.09..4010.72 rows=1040 width=121)
	        Recheck Cond: ((id >= 3450467) AND (id <= 3451466))
	        ->  Bitmap Index Scan on sbtest2_pkey  (cost=0.00..22.83 rows=1040 width=0)
	              Index Cond: ((id >= 3450467) AND (id <= 3451466))

table 3 : explain SELECT count(c) FROM sbtest3 WHERE id BETWEEN 2495703 AND 2496702
	Aggregate  (cost=3911.83..3911.84 rows=1 width=8)
	  ->  Bitmap Heap Scan on sbtest3  (cost=22.82..3909.30 rows=1013 width=121)
	        Recheck Cond: ((id >= 2495703) AND (id <= 2496702))
	        ->  Bitmap Index Scan on sbtest3_pkey  (cost=0.00..22.57 rows=1013 width=0)
	              Index Cond: ((id >= 2495703) AND (id <= 2496702))

table 4 : explain SELECT count(c) FROM sbtest4 WHERE id BETWEEN 2355254 AND 2356253
	Aggregate  (cost=3859.89..3859.90 rows=1 width=8)
	  ->  Bitmap Heap Scan on sbtest4  (cost=22.67..3857.40 rows=999 width=121)
	        Recheck Cond: ((id >= 2355254) AND (id <= 2356253))
	        ->  Bitmap Index Scan on sbtest4_pkey  (cost=0.00..22.43 rows=999 width=0)
	              Index Cond: ((id >= 2355254) AND (id <= 2356253))

table 5 : explain SELECT count(c) FROM sbtest5 WHERE id BETWEEN 5121048 AND 5122047
	Aggregate  (cost=4100.99..4101.00 rows=1 width=8)
	  ->  Bitmap Heap Scan on sbtest5  (cost=23.33..4098.33 rows=1063 width=121)
	        Recheck Cond: ((id >= 5121048) AND (id <= 5122047))
	        ->  Bitmap Index Scan on sbtest5_pkey  (cost=0.00..23.07 rows=1063 width=0)
	              Index Cond: ((id >= 5121048) AND (id <= 5122047))

table 6 : explain SELECT count(c) FROM sbtest6 WHERE id BETWEEN 4264283 AND 4265282
	Aggregate  (cost=4161.93..4161.94 rows=1 width=8)
	  ->  Bitmap Heap Scan on sbtest6  (cost=23.49..4159.23 rows=1079 width=121)
	        Recheck Cond: ((id >= 4264283) AND (id <= 4265282))
	        ->  Bitmap Index Scan on sbtest6_pkey  (cost=0.00..23.22 rows=1079 width=0)
	              Index Cond: ((id >= 4264283) AND (id <= 4265282))

table 7 : explain SELECT count(c) FROM sbtest7 WHERE id BETWEEN 1587027 AND 1588026
	Aggregate  (cost=3592.68..3592.69 rows=1 width=8)
	  ->  Bitmap Heap Scan on sbtest7  (cost=21.95..3590.36 rows=928 width=121)
	        Recheck Cond: ((id >= 1587027) AND (id <= 1588026))
	        ->  Bitmap Index Scan on sbtest7_pkey  (cost=0.00..21.71 rows=928 width=0)
	              Index Cond: ((id >= 1587027) AND (id <= 1588026))

table 8 : explain SELECT count(c) FROM sbtest8 WHERE id BETWEEN 3795440 AND 3796439
	Aggregate  (cost=3932.33..3932.34 rows=1 width=8)
	  ->  Bitmap Heap Scan on sbtest8  (cost=22.87..3929.79 rows=1018 width=121)
	        Recheck Cond: ((id >= 3795440) AND (id <= 3796439))
	        ->  Bitmap Index Scan on sbtest8_pkey  (cost=0.00..22.61 rows=1018 width=0)
	              Index Cond: ((id >= 3795440) AND (id <= 3796439))

for: count_ranges
table 1 : explain SELECT count(c) FROM sbtest1 WHERE id BETWEEN 2130916 AND 2131915
	Aggregate  (cost=3933.24..3933.25 rows=1 width=8)
	  ->  Bitmap Heap Scan on sbtest1  (cost=22.88..3930.69 rows=1019 width=121)
	        Recheck Cond: ((id >= 2130916) AND (id <= 2131915))
	        ->  Bitmap Index Scan on sbtest1_pkey  (cost=0.00..22.62 rows=1019 width=0)
	              Index Cond: ((id >= 2130916) AND (id <= 2131915))

table 2 : explain SELECT count(c) FROM sbtest2 WHERE id BETWEEN 3351556 AND 3352555
	Aggregate  (cost=4096.05..4096.06 rows=1 width=8)
	  ->  Bitmap Heap Scan on sbtest2  (cost=23.32..4093.40 rows=1062 width=121)
	        Recheck Cond: ((id >= 3351556) AND (id <= 3352555))
	        ->  Bitmap Index Scan on sbtest2_pkey  (cost=0.00..23.05 rows=1062 width=0)
	              Index Cond: ((id >= 3351556) AND (id <= 3352555))

table 3 : explain SELECT count(c) FROM sbtest3 WHERE id BETWEEN 6011238 AND 6012237
	Aggregate  (cost=3987.12..3987.13 rows=1 width=8)
	  ->  Bitmap Heap Scan on sbtest3  (cost=23.02..3984.54 rows=1033 width=121)
	        Recheck Cond: ((id >= 6011238) AND (id <= 6012237))
	        ->  Bitmap Index Scan on sbtest3_pkey  (cost=0.00..22.76 rows=1033 width=0)
	              Index Cond: ((id >= 6011238) AND (id <= 6012237))

table 4 : explain SELECT count(c) FROM sbtest4 WHERE id BETWEEN 9942164 AND 9943163
	Aggregate  (cost=3920.18..3920.19 rows=1 width=8)
	  ->  Bitmap Heap Scan on sbtest4  (cost=22.84..3917.64 rows=1015 width=121)
	        Recheck Cond: ((id >= 9942164) AND (id <= 9943163))
	        ->  Bitmap Index Scan on sbtest4_pkey  (cost=0.00..22.58 rows=1015 width=0)
	              Index Cond: ((id >= 9942164) AND (id <= 9943163))

table 5 : explain SELECT count(c) FROM sbtest5 WHERE id BETWEEN 9827057 AND 9828056
	Aggregate  (cost=4070.89..4070.90 rows=1 width=8)
	  ->  Bitmap Heap Scan on sbtest5  (cost=23.25..4068.26 rows=1055 width=121)
	        Recheck Cond: ((id >= 9827057) AND (id <= 9828056))
	        ->  Bitmap Index Scan on sbtest5_pkey  (cost=0.00..22.98 rows=1055 width=0)
	              Index Cond: ((id >= 9827057) AND (id <= 9828056))

table 6 : explain SELECT count(c) FROM sbtest6 WHERE id BETWEEN 618269 AND 619268
	Aggregate  (cost=3709.82..3709.83 rows=1 width=8)
	  ->  Bitmap Heap Scan on sbtest6  (cost=22.26..3707.43 rows=959 width=121)
	        Recheck Cond: ((id >= 618269) AND (id <= 619268))
	        ->  Bitmap Index Scan on sbtest6_pkey  (cost=0.00..22.02 rows=959 width=0)
	              Index Cond: ((id >= 618269) AND (id <= 619268))

table 7 : explain SELECT count(c) FROM sbtest7 WHERE id BETWEEN 4483382 AND 4484381
	Aggregate  (cost=3981.26..3981.27 rows=1 width=8)
	  ->  Bitmap Heap Scan on sbtest7  (cost=23.00..3978.68 rows=1031 width=121)
	        Recheck Cond: ((id >= 4483382) AND (id <= 4484381))
	        ->  Bitmap Index Scan on sbtest7_pkey  (cost=0.00..22.75 rows=1031 width=0)
	              Index Cond: ((id >= 4483382) AND (id <= 4484381))

table 8 : explain SELECT count(c) FROM sbtest8 WHERE id BETWEEN 3736271 AND 3737270
	Aggregate  (cost=3932.33..3932.34 rows=1 width=8)
	  ->  Bitmap Heap Scan on sbtest8  (cost=22.87..3929.79 rows=1018 width=121)
	        Recheck Cond: ((id >= 3736271) AND (id <= 3737270))
	        ->  Bitmap Index Scan on sbtest8_pkey  (cost=0.00..22.61 rows=1018 width=0)
	              Index Cond: ((id >= 3736271) AND (id <= 3737270))

for: count_ranges
table 1 : explain SELECT count(c) FROM sbtest1 WHERE id BETWEEN 2612838 AND 2613837
	Aggregate  (cost=3763.76..3763.77 rows=1 width=8)
	  ->  Bitmap Heap Scan on sbtest1  (cost=22.42..3761.32 rows=974 width=121)
	        Recheck Cond: ((id >= 2612838) AND (id <= 2613837))
	        ->  Bitmap Index Scan on sbtest1_pkey  (cost=0.00..22.18 rows=974 width=0)
	              Index Cond: ((id >= 2612838) AND (id <= 2613837))

table 2 : explain SELECT count(c) FROM sbtest2 WHERE id BETWEEN 4768246 AND 4769245
	Aggregate  (cost=3492.89..3492.90 rows=1 width=8)
	  ->  Bitmap Heap Scan on sbtest2  (cost=21.68..3490.64 rows=902 width=121)
	        Recheck Cond: ((id >= 4768246) AND (id <= 4769245))
	        ->  Bitmap Index Scan on sbtest2_pkey  (cost=0.00..21.45 rows=902 width=0)
	              Index Cond: ((id >= 4768246) AND (id <= 4769245))

table 3 : explain SELECT count(c) FROM sbtest3 WHERE id BETWEEN 5526211 AND 5527210
	Aggregate  (cost=3700.74..3700.75 rows=1 width=8)
	  ->  Bitmap Heap Scan on sbtest3  (cost=22.24..3698.35 rows=957 width=121)
	        Recheck Cond: ((id >= 5526211) AND (id <= 5527210))
	        ->  Bitmap Index Scan on sbtest3_pkey  (cost=0.00..22.00 rows=957 width=0)
	              Index Cond: ((id >= 5526211) AND (id <= 5527210))

table 4 : explain SELECT count(c) FROM sbtest4 WHERE id BETWEEN 6089013 AND 6090012
	Aggregate  (cost=3886.27..3886.28 rows=1 width=8)
	  ->  Bitmap Heap Scan on sbtest4  (cost=22.75..3883.76 rows=1006 width=121)
	        Recheck Cond: ((id >= 6089013) AND (id <= 6090012))
	        ->  Bitmap Index Scan on sbtest4_pkey  (cost=0.00..22.50 rows=1006 width=0)
	              Index Cond: ((id >= 6089013) AND (id <= 6090012))

table 5 : explain SELECT count(c) FROM sbtest5 WHERE id BETWEEN 2215818 AND 2216817
	Aggregate  (cost=3622.32..3622.33 rows=1 width=8)
	  ->  Bitmap Heap Scan on sbtest5  (cost=22.03..3619.98 rows=936 width=121)
	        Recheck Cond: ((id >= 2215818) AND (id <= 2216817))
	        ->  Bitmap Index Scan on sbtest5_pkey  (cost=0.00..21.79 rows=936 width=0)
	              Index Cond: ((id >= 2215818) AND (id <= 2216817))

table 6 : explain SELECT count(c) FROM sbtest6 WHERE id BETWEEN 5019444 AND 5020443
	Aggregate  (cost=3547.36..3547.37 rows=1 width=8)
	  ->  Bitmap Heap Scan on sbtest6  (cost=21.82..3545.07 rows=916 width=121)
	        Recheck Cond: ((id >= 5019444) AND (id <= 5020443))
	        ->  Bitmap Index Scan on sbtest6_pkey  (cost=0.00..21.59 rows=916 width=0)
	              Index Cond: ((id >= 5019444) AND (id <= 5020443))

table 7 : explain SELECT count(c) FROM sbtest7 WHERE id BETWEEN 1553331 AND 1554330
	Aggregate  (cost=3592.68..3592.69 rows=1 width=8)
	  ->  Bitmap Heap Scan on sbtest7  (cost=21.95..3590.36 rows=928 width=121)
	        Recheck Cond: ((id >= 1553331) AND (id <= 1554330))
	        ->  Bitmap Index Scan on sbtest7_pkey  (cost=0.00..21.71 rows=928 width=0)
	              Index Cond: ((id >= 1553331) AND (id <= 1554330))

table 8 : explain SELECT count(c) FROM sbtest8 WHERE id BETWEEN 3703894 AND 3704893
	Aggregate  (cost=4120.55..4120.56 rows=1 width=8)
	  ->  Bitmap Heap Scan on sbtest8  (cost=23.38..4117.88 rows=1068 width=121)
	        Recheck Cond: ((id >= 3703894) AND (id <= 3704893))
	        ->  Bitmap Index Scan on sbtest8_pkey  (cost=0.00..23.11 rows=1068 width=0)
	              Index Cond: ((id >= 3703894) AND (id <= 3704893))

for: count_ranges
table 1 : explain SELECT count(c) FROM sbtest1 WHERE id BETWEEN 3412346 AND 3413345
	Aggregate  (cost=3831.58..3831.59 rows=1 width=8)
	  ->  Bitmap Heap Scan on sbtest1  (cost=22.60..3829.10 rows=992 width=121)
	        Recheck Cond: ((id >= 3412346) AND (id <= 3413345))
	        ->  Bitmap Index Scan on sbtest1_pkey  (cost=0.00..22.36 rows=992 width=0)
	              Index Cond: ((id >= 3412346) AND (id <= 3413345))

table 2 : explain SELECT count(c) FROM sbtest2 WHERE id BETWEEN 6390202 AND 6391201
	Aggregate  (cost=3794.89..3794.90 rows=1 width=8)
	  ->  Bitmap Heap Scan on sbtest2  (cost=22.50..3792.44 rows=982 width=121)
	        Recheck Cond: ((id >= 6390202) AND (id <= 6391201))
	        ->  Bitmap Index Scan on sbtest2_pkey  (cost=0.00..22.25 rows=982 width=0)
	              Index Cond: ((id >= 6390202) AND (id <= 6391201))

table 3 : explain SELECT count(c) FROM sbtest3 WHERE id BETWEEN 9740588 AND 9741587
	Aggregate  (cost=3859.10..3859.11 rows=1 width=8)
	  ->  Bitmap Heap Scan on sbtest3  (cost=22.67..3856.60 rows=999 width=121)
	        Recheck Cond: ((id >= 9740588) AND (id <= 9741587))
	        ->  Bitmap Index Scan on sbtest3_pkey  (cost=0.00..22.43 rows=999 width=0)
	              Index Cond: ((id >= 9740588) AND (id <= 9741587))

table 4 : explain SELECT count(c) FROM sbtest4 WHERE id BETWEEN 1238540 AND 1239539
	Aggregate  (cost=3486.13..3486.14 rows=1 width=8)
	  ->  Bitmap Heap Scan on sbtest4  (cost=21.66..3483.88 rows=900 width=121)
	        Recheck Cond: ((id >= 1238540) AND (id <= 1239539))
	        ->  Bitmap Index Scan on sbtest4_pkey  (cost=0.00..21.43 rows=900 width=0)
	              Index Cond: ((id >= 1238540) AND (id <= 1239539))

table 5 : explain SELECT count(c) FROM sbtest5 WHERE id BETWEEN 120768 AND 121767
	Aggregate  (cost=3829.87..3829.88 rows=1 width=8)
	  ->  Bitmap Heap Scan on sbtest5  (cost=22.59..3827.40 rows=991 width=121)
	        Recheck Cond: ((id >= 120768) AND (id <= 121767))
	        ->  Bitmap Index Scan on sbtest5_pkey  (cost=0.00..22.34 rows=991 width=0)
	              Index Cond: ((id >= 120768) AND (id <= 121767))

table 6 : explain SELECT count(c) FROM sbtest6 WHERE id BETWEEN 7639937 AND 7640936
	Aggregate  (cost=4462.61..4462.62 rows=1 width=8)
	  ->  Bitmap Heap Scan on sbtest6  (cost=28.31..4459.72 rows=1159 width=121)
	        Recheck Cond: ((id >= 7639937) AND (id <= 7640936))
	        ->  Bitmap Index Scan on sbtest6_pkey  (cost=0.00..28.02 rows=1159 width=0)
	              Index Cond: ((id >= 7639937) AND (id <= 7640936))

table 7 : explain SELECT count(c) FROM sbtest7 WHERE id BETWEEN 8787953 AND 8788952
	Aggregate  (cost=3913.45..3913.46 rows=1 width=8)
	  ->  Bitmap Heap Scan on sbtest7  (cost=22.82..3910.92 rows=1013 width=121)
	        Recheck Cond: ((id >= 8787953) AND (id <= 8788952))
	        ->  Bitmap Index Scan on sbtest7_pkey  (cost=0.00..22.57 rows=1013 width=0)
	              Index Cond: ((id >= 8787953) AND (id <= 8788952))

table 8 : explain SELECT count(c) FROM sbtest8 WHERE id BETWEEN 9279717 AND 9280716
	Aggregate  (cost=3308.88..3308.89 rows=1 width=8)
	  ->  Bitmap Heap Scan on sbtest8  (cost=21.18..3306.75 rows=853 width=121)
	        Recheck Cond: ((id >= 9279717) AND (id <= 9280716))
	        ->  Bitmap Index Scan on sbtest8_pkey  (cost=0.00..20.96 rows=853 width=0)
	              Index Cond: ((id >= 9279717) AND (id <= 9280716))

for: count_ranges
table 1 : explain SELECT count(c) FROM sbtest1 WHERE id BETWEEN 1747251 AND 1748250
	Aggregate  (cost=4320.46..4320.47 rows=1 width=8)
	  ->  Bitmap Heap Scan on sbtest1  (cost=27.94..4317.65 rows=1122 width=121)
	        Recheck Cond: ((id >= 1747251) AND (id <= 1748250))
	        ->  Bitmap Index Scan on sbtest1_pkey  (cost=0.00..27.65 rows=1122 width=0)
	              Index Cond: ((id >= 1747251) AND (id <= 1748250))

table 2 : explain SELECT count(c) FROM sbtest2 WHERE id BETWEEN 5530263 AND 5531262
	Aggregate  (cost=4133.64..4133.65 rows=1 width=8)
	  ->  Bitmap Heap Scan on sbtest2  (cost=23.42..4130.96 rows=1072 width=121)
	        Recheck Cond: ((id >= 5530263) AND (id <= 5531262))
	        ->  Bitmap Index Scan on sbtest2_pkey  (cost=0.00..23.15 rows=1072 width=0)
	              Index Cond: ((id >= 5530263) AND (id <= 5531262))

table 3 : explain SELECT count(c) FROM sbtest3 WHERE id BETWEEN 3364759 AND 3365758
	Aggregate  (cost=4190.15..4190.16 rows=1 width=8)
	  ->  Bitmap Heap Scan on sbtest3  (cost=23.58..4187.43 rows=1087 width=121)
	        Recheck Cond: ((id >= 3364759) AND (id <= 3365758))
	        ->  Bitmap Index Scan on sbtest3_pkey  (cost=0.00..23.30 rows=1087 width=0)
	              Index Cond: ((id >= 3364759) AND (id <= 3365758))

table 4 : explain SELECT count(c) FROM sbtest4 WHERE id BETWEEN 2518731 AND 2519730
	Aggregate  (cost=4044.41..4044.42 rows=1 width=8)
	  ->  Bitmap Heap Scan on sbtest4  (cost=23.18..4041.79 rows=1048 width=121)
	        Recheck Cond: ((id >= 2518731) AND (id <= 2519730))
	        ->  Bitmap Index Scan on sbtest4_pkey  (cost=0.00..22.91 rows=1048 width=0)
	              Index Cond: ((id >= 2518731) AND (id <= 2519730))

table 5 : explain SELECT count(c) FROM sbtest5 WHERE id BETWEEN 8498467 AND 8499466
	Aggregate  (cost=4018.22..4018.23 rows=1 width=8)
	  ->  Bitmap Heap Scan on sbtest5  (cost=23.11..4015.61 rows=1041 width=121)
	        Recheck Cond: ((id >= 8498467) AND (id <= 8499466))
	        ->  Bitmap Index Scan on sbtest5_pkey  (cost=0.00..22.84 rows=1041 width=0)
	              Index Cond: ((id >= 8498467) AND (id <= 8499466))

table 6 : explain SELECT count(c) FROM sbtest6 WHERE id BETWEEN 7670408 AND 7671407
	Aggregate  (cost=4462.61..4462.62 rows=1 width=8)
	  ->  Bitmap Heap Scan on sbtest6  (cost=28.31..4459.72 rows=1159 width=121)
	        Recheck Cond: ((id >= 7670408) AND (id <= 7671407))
	        ->  Bitmap Index Scan on sbtest6_pkey  (cost=0.00..28.02 rows=1159 width=0)
	              Index Cond: ((id >= 7670408) AND (id <= 7671407))

table 7 : explain SELECT count(c) FROM sbtest7 WHERE id BETWEEN 7550557 AND 7551556
	Aggregate  (cost=3943.59..3943.60 rows=1 width=8)
	  ->  Bitmap Heap Scan on sbtest7  (cost=22.90..3941.04 rows=1021 width=121)
	        Recheck Cond: ((id >= 7550557) AND (id <= 7551556))
	        ->  Bitmap Index Scan on sbtest7_pkey  (cost=0.00..22.64 rows=1021 width=0)
	              Index Cond: ((id >= 7550557) AND (id <= 7551556))

table 8 : explain SELECT count(c) FROM sbtest8 WHERE id BETWEEN 3319589 AND 3320588
	Aggregate  (cost=3634.28..3634.29 rows=1 width=8)
	  ->  Bitmap Heap Scan on sbtest8  (cost=22.06..3631.94 rows=939 width=121)
	        Recheck Cond: ((id >= 3319589) AND (id <= 3320588))
	        ->  Bitmap Index Scan on sbtest8_pkey  (cost=0.00..21.82 rows=939 width=0)
	              Index Cond: ((id >= 3319589) AND (id <= 3320588))

for: count_ranges
table 1 : explain SELECT count(c) FROM sbtest1 WHERE id BETWEEN 7341760 AND 7342759
	Aggregate  (cost=3808.98..3808.99 rows=1 width=8)
	  ->  Bitmap Heap Scan on sbtest1  (cost=22.54..3806.51 rows=986 width=121)
	        Recheck Cond: ((id >= 7341760) AND (id <= 7342759))
	        ->  Bitmap Index Scan on sbtest1_pkey  (cost=0.00..22.29 rows=986 width=0)
	              Index Cond: ((id >= 7341760) AND (id <= 7342759))

table 2 : explain SELECT count(c) FROM sbtest2 WHERE id BETWEEN 1840196 AND 1841195
	Aggregate  (cost=3956.87..3956.88 rows=1 width=8)
	  ->  Bitmap Heap Scan on sbtest2  (cost=22.94..3954.31 rows=1025 width=121)
	        Recheck Cond: ((id >= 1840196) AND (id <= 1841195))
	        ->  Bitmap Index Scan on sbtest2_pkey  (cost=0.00..22.68 rows=1025 width=0)
	              Index Cond: ((id >= 1840196) AND (id <= 1841195))

table 3 : explain SELECT count(c) FROM sbtest3 WHERE id BETWEEN 4953377 AND 4954376
	Aggregate  (cost=4243.00..4243.01 rows=1 width=8)
	  ->  Bitmap Heap Scan on sbtest3  (cost=27.72..4240.25 rows=1101 width=121)
	        Recheck Cond: ((id >= 4953377) AND (id <= 4954376))
	        ->  Bitmap Index Scan on sbtest3_pkey  (cost=0.00..27.44 rows=1101 width=0)
	              Index Cond: ((id >= 4953377) AND (id <= 4954376))

table 4 : explain SELECT count(c) FROM sbtest4 WHERE id BETWEEN 7883455 AND 7884454
	Aggregate  (cost=3644.86..3644.87 rows=1 width=8)
	  ->  Bitmap Heap Scan on sbtest4  (cost=22.09..3642.50 rows=942 width=121)
	        Recheck Cond: ((id >= 7883455) AND (id <= 7884454))
	        ->  Bitmap Index Scan on sbtest4_pkey  (cost=0.00..21.86 rows=942 width=0)
	              Index Cond: ((id >= 7883455) AND (id <= 7884454))

table 5 : explain SELECT count(c) FROM sbtest5 WHERE id BETWEEN 88852 AND 89851
	Aggregate  (cost=3682.74..3682.75 rows=1 width=8)
	  ->  Bitmap Heap Scan on sbtest5  (cost=22.19..3680.36 rows=952 width=121)
	        Recheck Cond: ((id >= 88852) AND (id <= 89851))
	        ->  Bitmap Index Scan on sbtest5_pkey  (cost=0.00..21.95 rows=952 width=0)
	              Index Cond: ((id >= 88852) AND (id <= 89851))

table 6 : explain SELECT count(c) FROM sbtest6 WHERE id BETWEEN 9768256 AND 9769255
	Aggregate  (cost=3732.47..3732.48 rows=1 width=8)
	  ->  Bitmap Heap Scan on sbtest6  (cost=22.33..3730.06 rows=965 width=121)
	        Recheck Cond: ((id >= 9768256) AND (id <= 9769255))
	        ->  Bitmap Index Scan on sbtest6_pkey  (cost=0.00..22.08 rows=965 width=0)
	              Index Cond: ((id >= 9768256) AND (id <= 9769255))

table 7 : explain SELECT count(c) FROM sbtest7 WHERE id BETWEEN 7251353 AND 7252352
	Aggregate  (cost=3969.96..3969.97 rows=1 width=8)
	  ->  Bitmap Heap Scan on sbtest7  (cost=22.97..3967.39 rows=1028 width=121)
	        Recheck Cond: ((id >= 7251353) AND (id <= 7252352))
	        ->  Bitmap Index Scan on sbtest7_pkey  (cost=0.00..22.71 rows=1028 width=0)
	              Index Cond: ((id >= 7251353) AND (id <= 7252352))

table 8 : explain SELECT count(c) FROM sbtest8 WHERE id BETWEEN 5727273 AND 5728272
	Aggregate  (cost=3641.84..3641.85 rows=1 width=8)
	  ->  Bitmap Heap Scan on sbtest8  (cost=22.08..3639.49 rows=941 width=121)
	        Recheck Cond: ((id >= 5727273) AND (id <= 5728272))
	        ->  Bitmap Index Scan on sbtest8_pkey  (cost=0.00..21.84 rows=941 width=0)
	              Index Cond: ((id >= 5727273) AND (id <= 5728272))

for: count_ranges
table 1 : explain SELECT count(c) FROM sbtest1 WHERE id BETWEEN 3922827 AND 3923826
	Aggregate  (cost=3729.83..3729.84 rows=1 width=8)
	  ->  Bitmap Heap Scan on sbtest1  (cost=22.33..3727.41 rows=965 width=121)
	        Recheck Cond: ((id >= 3922827) AND (id <= 3923826))
	        ->  Bitmap Index Scan on sbtest1_pkey  (cost=0.00..22.08 rows=965 width=0)
	              Index Cond: ((id >= 3922827) AND (id <= 3923826))

table 2 : explain SELECT count(c) FROM sbtest2 WHERE id BETWEEN 8352910 AND 8353909
	Aggregate  (cost=3794.89..3794.90 rows=1 width=8)
	  ->  Bitmap Heap Scan on sbtest2  (cost=22.50..3792.44 rows=982 width=121)
	        Recheck Cond: ((id >= 8352910) AND (id <= 8353909))
	        ->  Bitmap Index Scan on sbtest2_pkey  (cost=0.00..22.25 rows=982 width=0)
	              Index Cond: ((id >= 8352910) AND (id <= 8353909))

table 3 : explain SELECT count(c) FROM sbtest3 WHERE id BETWEEN 4534224 AND 4535223
	Aggregate  (cost=3602.59..3602.60 rows=1 width=8)
	  ->  Bitmap Heap Scan on sbtest3  (cost=21.98..3600.26 rows=931 width=121)
	        Recheck Cond: ((id >= 4534224) AND (id <= 4535223))
	        ->  Bitmap Index Scan on sbtest3_pkey  (cost=0.00..21.75 rows=931 width=0)
	              Index Cond: ((id >= 4534224) AND (id <= 4535223))

table 4 : explain SELECT count(c) FROM sbtest4 WHERE id BETWEEN 9725047 AND 9726046
	Aggregate  (cost=3803.35..3803.36 rows=1 width=8)
	  ->  Bitmap Heap Scan on sbtest4  (cost=22.52..3800.89 rows=984 width=121)
	        Recheck Cond: ((id >= 9725047) AND (id <= 9726046))
	        ->  Bitmap Index Scan on sbtest4_pkey  (cost=0.00..22.27 rows=984 width=0)
	              Index Cond: ((id >= 9725047) AND (id <= 9726046))

table 5 : explain SELECT count(c) FROM sbtest5 WHERE id BETWEEN 5943961 AND 5944960
	Aggregate  (cost=4191.21..4191.22 rows=1 width=8)
	  ->  Bitmap Heap Scan on sbtest5  (cost=23.58..4188.49 rows=1087 width=121)
	        Recheck Cond: ((id >= 5943961) AND (id <= 5944960))
	        ->  Bitmap Index Scan on sbtest5_pkey  (cost=0.00..23.30 rows=1087 width=0)
	              Index Cond: ((id >= 5943961) AND (id <= 5944960))

table 6 : explain SELECT count(c) FROM sbtest6 WHERE id BETWEEN 275818 AND 276817
	Aggregate  (cost=3973.78..3973.79 rows=1 width=8)
	  ->  Bitmap Heap Scan on sbtest6  (cost=22.98..3971.20 rows=1029 width=121)
	        Recheck Cond: ((id >= 275818) AND (id <= 276817))
	        ->  Bitmap Index Scan on sbtest6_pkey  (cost=0.00..22.72 rows=1029 width=0)
	              Index Cond: ((id >= 275818) AND (id <= 276817))

table 7 : explain SELECT count(c) FROM sbtest7 WHERE id BETWEEN 8523706 AND 8524705
	Aggregate  (cost=3570.00..3570.01 rows=1 width=8)
	  ->  Bitmap Heap Scan on sbtest7  (cost=21.89..3567.70 rows=922 width=121)
	        Recheck Cond: ((id >= 8523706) AND (id <= 8524705))
	        ->  Bitmap Index Scan on sbtest7_pkey  (cost=0.00..21.65 rows=922 width=0)
	              Index Cond: ((id >= 8523706) AND (id <= 8524705))

table 8 : explain SELECT count(c) FROM sbtest8 WHERE id BETWEEN 8186758 AND 8187757
	Aggregate  (cost=3551.14..3551.15 rows=1 width=8)
	  ->  Bitmap Heap Scan on sbtest8  (cost=21.83..3548.84 rows=917 width=121)
	        Recheck Cond: ((id >= 8186758) AND (id <= 8187757))
	        ->  Bitmap Index Scan on sbtest8_pkey  (cost=0.00..21.61 rows=917 width=0)
	              Index Cond: ((id >= 8186758) AND (id <= 8187757))

for: count_ranges
table 1 : explain SELECT count(c) FROM sbtest1 WHERE id BETWEEN 4556697 AND 4557696
	Aggregate  (cost=3820.28..3820.29 rows=1 width=8)
	  ->  Bitmap Heap Scan on sbtest1  (cost=22.57..3817.81 rows=989 width=121)
	        Recheck Cond: ((id >= 4556697) AND (id <= 4557696))
	        ->  Bitmap Index Scan on sbtest1_pkey  (cost=0.00..22.32 rows=989 width=0)
	              Index Cond: ((id >= 4556697) AND (id <= 4557696))

table 2 : explain SELECT count(c) FROM sbtest2 WHERE id BETWEEN 4225195 AND 4226194
	Aggregate  (cost=3508.02..3508.03 rows=1 width=8)
	  ->  Bitmap Heap Scan on sbtest2  (cost=21.72..3505.75 rows=906 width=121)
	        Recheck Cond: ((id >= 4225195) AND (id <= 4226194))
	        ->  Bitmap Index Scan on sbtest2_pkey  (cost=0.00..21.50 rows=906 width=0)
	              Index Cond: ((id >= 4225195) AND (id <= 4226194))

table 3 : explain SELECT count(c) FROM sbtest3 WHERE id BETWEEN 7706633 AND 7707632
	Aggregate  (cost=3787.49..3787.50 rows=1 width=8)
	  ->  Bitmap Heap Scan on sbtest3  (cost=22.48..3785.04 rows=980 width=121)
	        Recheck Cond: ((id >= 7706633) AND (id <= 7707632))
	        ->  Bitmap Index Scan on sbtest3_pkey  (cost=0.00..22.23 rows=980 width=0)
	              Index Cond: ((id >= 7706633) AND (id <= 7707632))

table 4 : explain SELECT count(c) FROM sbtest4 WHERE id BETWEEN 2584199 AND 2585198
	Aggregate  (cost=3693.94..3693.95 rows=1 width=8)
	  ->  Bitmap Heap Scan on sbtest4  (cost=22.22..3691.55 rows=955 width=121)
	        Recheck Cond: ((id >= 2584199) AND (id <= 2585198))
	        ->  Bitmap Index Scan on sbtest4_pkey  (cost=0.00..21.98 rows=955 width=0)
	              Index Cond: ((id >= 2584199) AND (id <= 2585198))

table 5 : explain SELECT count(c) FROM sbtest5 WHERE id BETWEEN 245336 AND 246335
	Aggregate  (cost=3773.31..3773.32 rows=1 width=8)
	  ->  Bitmap Heap Scan on sbtest5  (cost=22.44..3770.87 rows=976 width=121)
	        Recheck Cond: ((id >= 245336) AND (id <= 246335))
	        ->  Bitmap Index Scan on sbtest5_pkey  (cost=0.00..22.19 rows=976 width=0)
	              Index Cond: ((id >= 245336) AND (id <= 246335))

table 6 : explain SELECT count(c) FROM sbtest6 WHERE id BETWEEN 972143 AND 973142
	Aggregate  (cost=3988.84..3988.85 rows=1 width=8)
	  ->  Bitmap Heap Scan on sbtest6  (cost=23.02..3986.26 rows=1033 width=121)
	        Recheck Cond: ((id >= 972143) AND (id <= 973142))
	        ->  Bitmap Index Scan on sbtest6_pkey  (cost=0.00..22.76 rows=1033 width=0)
	              Index Cond: ((id >= 972143) AND (id <= 973142))

table 7 : explain SELECT count(c) FROM sbtest7 WHERE id BETWEEN 6878327 AND 6879326
	Aggregate  (cost=3656.91..3656.92 rows=1 width=8)
	  ->  Bitmap Heap Scan on sbtest7  (cost=22.12..3654.55 rows=945 width=121)
	        Recheck Cond: ((id >= 6878327) AND (id <= 6879326))
	        ->  Bitmap Index Scan on sbtest7_pkey  (cost=0.00..21.89 rows=945 width=0)
	              Index Cond: ((id >= 6878327) AND (id <= 6879326))

table 8 : explain SELECT count(c) FROM sbtest8 WHERE id BETWEEN 7165625 AND 7166624
	Aggregate  (cost=4316.25..4316.26 rows=1 width=8)
	  ->  Bitmap Heap Scan on sbtest8  (cost=27.92..4313.45 rows=1120 width=121)
	        Recheck Cond: ((id >= 7165625) AND (id <= 7166624))
	        ->  Bitmap Index Scan on sbtest8_pkey  (cost=0.00..27.64 rows=1120 width=0)
	              Index Cond: ((id >= 7165625) AND (id <= 7166624))

for: count_ranges
table 1 : explain SELECT count(c) FROM sbtest1 WHERE id BETWEEN 7277884 AND 7278883
	Aggregate  (cost=3816.51..3816.52 rows=1 width=8)
	  ->  Bitmap Heap Scan on sbtest1  (cost=22.56..3814.04 rows=988 width=121)
	        Recheck Cond: ((id >= 7277884) AND (id <= 7278883))
	        ->  Bitmap Index Scan on sbtest1_pkey  (cost=0.00..22.32 rows=988 width=0)
	              Index Cond: ((id >= 7277884) AND (id <= 7278883))

table 2 : explain SELECT count(c) FROM sbtest2 WHERE id BETWEEN 8017287 AND 8018286
	Aggregate  (cost=3783.58..3783.59 rows=1 width=8)
	  ->  Bitmap Heap Scan on sbtest2  (cost=22.47..3781.14 rows=979 width=121)
	        Recheck Cond: ((id >= 8017287) AND (id <= 8018286))
	        ->  Bitmap Index Scan on sbtest2_pkey  (cost=0.00..22.22 rows=979 width=0)
	              Index Cond: ((id >= 8017287) AND (id <= 8018286))

table 3 : explain SELECT count(c) FROM sbtest3 WHERE id BETWEEN 668376 AND 669375
	Aggregate  (cost=3802.57..3802.58 rows=1 width=8)
	  ->  Bitmap Heap Scan on sbtest3  (cost=22.52..3800.11 rows=984 width=121)
	        Recheck Cond: ((id >= 668376) AND (id <= 669375))
	        ->  Bitmap Index Scan on sbtest3_pkey  (cost=0.00..22.27 rows=984 width=0)
	              Index Cond: ((id >= 668376) AND (id <= 669375))

table 4 : explain SELECT count(c) FROM sbtest4 WHERE id BETWEEN 228860 AND 229859
	Aggregate  (cost=3625.97..3625.98 rows=1 width=8)
	  ->  Bitmap Heap Scan on sbtest4  (cost=22.04..3623.63 rows=937 width=121)
	        Recheck Cond: ((id >= 228860) AND (id <= 229859))
	        ->  Bitmap Index Scan on sbtest4_pkey  (cost=0.00..21.80 rows=937 width=0)
	              Index Cond: ((id >= 228860) AND (id <= 229859))

table 5 : explain SELECT count(c) FROM sbtest5 WHERE id BETWEEN 6098718 AND 6099717
	Aggregate  (cost=3569.42..3569.43 rows=1 width=8)
	  ->  Bitmap Heap Scan on sbtest5  (cost=21.89..3567.12 rows=922 width=121)
	        Recheck Cond: ((id >= 6098718) AND (id <= 6099717))
	        ->  Bitmap Index Scan on sbtest5_pkey  (cost=0.00..21.65 rows=922 width=0)
	              Index Cond: ((id >= 6098718) AND (id <= 6099717))

table 6 : explain SELECT count(c) FROM sbtest6 WHERE id BETWEEN 4365637 AND 4366636
	Aggregate  (cost=3687.17..3687.18 rows=1 width=8)
	  ->  Bitmap Heap Scan on sbtest6  (cost=22.20..3684.79 rows=953 width=121)
	        Recheck Cond: ((id >= 4365637) AND (id <= 4366636))
	        ->  Bitmap Index Scan on sbtest6_pkey  (cost=0.00..21.96 rows=953 width=0)
	              Index Cond: ((id >= 4365637) AND (id <= 4366636))

table 7 : explain SELECT count(c) FROM sbtest7 WHERE id BETWEEN 7248286 AND 7249285
	Aggregate  (cost=3969.96..3969.97 rows=1 width=8)
	  ->  Bitmap Heap Scan on sbtest7  (cost=22.97..3967.39 rows=1028 width=121)
	        Recheck Cond: ((id >= 7248286) AND (id <= 7249285))
	        ->  Bitmap Index Scan on sbtest7_pkey  (cost=0.00..22.71 rows=1028 width=0)
	              Index Cond: ((id >= 7248286) AND (id <= 7249285))

table 8 : explain SELECT count(c) FROM sbtest8 WHERE id BETWEEN 8446904 AND 8447903
	Aggregate  (cost=4026.48..4026.49 rows=1 width=8)
	  ->  Bitmap Heap Scan on sbtest8  (cost=23.13..4023.88 rows=1043 width=121)
	        Recheck Cond: ((id >= 8446904) AND (id <= 8447903))
	        ->  Bitmap Index Scan on sbtest8_pkey  (cost=0.00..22.86 rows=1043 width=0)
	              Index Cond: ((id >= 8446904) AND (id <= 8447903))

for: count_ranges
table 1 : explain SELECT count(c) FROM sbtest1 WHERE id BETWEEN 1350442 AND 1351441
	Aggregate  (cost=4226.66..4226.67 rows=1 width=8)
	  ->  Bitmap Heap Scan on sbtest1  (cost=27.68..4223.91 rows=1097 width=121)
	        Recheck Cond: ((id >= 1350442) AND (id <= 1351441))
	        ->  Bitmap Index Scan on sbtest1_pkey  (cost=0.00..27.40 rows=1097 width=0)
	              Index Cond: ((id >= 1350442) AND (id <= 1351441))

table 2 : explain SELECT count(c) FROM sbtest2 WHERE id BETWEEN 3328743 AND 3329742
	Aggregate  (cost=4096.05..4096.06 rows=1 width=8)
	  ->  Bitmap Heap Scan on sbtest2  (cost=23.32..4093.40 rows=1062 width=121)
	        Recheck Cond: ((id >= 3328743) AND (id <= 3329742))
	        ->  Bitmap Index Scan on sbtest2_pkey  (cost=0.00..23.05 rows=1062 width=0)
	              Index Cond: ((id >= 3328743) AND (id <= 3329742))

table 3 : explain SELECT count(c) FROM sbtest3 WHERE id BETWEEN 202094 AND 203093
	Aggregate  (cost=3651.68..3651.69 rows=1 width=8)
	  ->  Bitmap Heap Scan on sbtest3  (cost=22.11..3649.32 rows=944 width=121)
	        Recheck Cond: ((id >= 202094) AND (id <= 203093))
	        ->  Bitmap Index Scan on sbtest3_pkey  (cost=0.00..21.87 rows=944 width=0)
	              Index Cond: ((id >= 202094) AND (id <= 203093))

table 4 : explain SELECT count(c) FROM sbtest4 WHERE id BETWEEN 675722 AND 676721
	Aggregate  (cost=4040.65..4040.66 rows=1 width=8)
	  ->  Bitmap Heap Scan on sbtest4  (cost=23.17..4038.03 rows=1047 width=121)
	        Recheck Cond: ((id >= 675722) AND (id <= 676721))
	        ->  Bitmap Index Scan on sbtest4_pkey  (cost=0.00..22.90 rows=1047 width=0)
	              Index Cond: ((id >= 675722) AND (id <= 676721))

table 5 : explain SELECT count(c) FROM sbtest5 WHERE id BETWEEN 1606465 AND 1607464
	Aggregate  (cost=3950.45..3950.46 rows=1 width=8)
	  ->  Bitmap Heap Scan on sbtest5  (cost=22.92..3947.89 rows=1023 width=121)
	        Recheck Cond: ((id >= 1606465) AND (id <= 1607464))
	        ->  Bitmap Index Scan on sbtest5_pkey  (cost=0.00..22.66 rows=1023 width=0)
	              Index Cond: ((id >= 1606465) AND (id <= 1607464))

table 6 : explain SELECT count(c) FROM sbtest6 WHERE id BETWEEN 7903933 AND 7904932
	Aggregate  (cost=3728.70..3728.71 rows=1 width=8)
	  ->  Bitmap Heap Scan on sbtest6  (cost=22.32..3726.29 rows=964 width=121)
	        Recheck Cond: ((id >= 7903933) AND (id <= 7904932))
	        ->  Bitmap Index Scan on sbtest6_pkey  (cost=0.00..22.07 rows=964 width=0)
	              Index Cond: ((id >= 7903933) AND (id <= 7904932))

table 7 : explain SELECT count(c) FROM sbtest7 WHERE id BETWEEN 7378621 AND 7379620
	Aggregate  (cost=3483.03..3483.04 rows=1 width=8)
	  ->  Bitmap Heap Scan on sbtest7  (cost=21.65..3480.78 rows=899 width=121)
	        Recheck Cond: ((id >= 7378621) AND (id <= 7379620))
	        ->  Bitmap Index Scan on sbtest7_pkey  (cost=0.00..21.43 rows=899 width=0)
	              Index Cond: ((id >= 7378621) AND (id <= 7379620))

table 8 : explain SELECT count(c) FROM sbtest8 WHERE id BETWEEN 4567126 AND 4568125
	Aggregate  (cost=3781.52..3781.53 rows=1 width=8)
	  ->  Bitmap Heap Scan on sbtest8  (cost=22.46..3779.08 rows=978 width=121)
	        Recheck Cond: ((id >= 4567126) AND (id <= 4568125))
	        ->  Bitmap Index Scan on sbtest8_pkey  (cost=0.00..22.21 rows=978 width=0)
	              Index Cond: ((id >= 4567126) AND (id <= 4568125))

for: count_ranges
table 1 : explain SELECT count(c) FROM sbtest1 WHERE id BETWEEN 3532901 AND 3533900
	Aggregate  (cost=3646.85..3646.86 rows=1 width=8)
	  ->  Bitmap Heap Scan on sbtest1  (cost=22.10..3644.49 rows=943 width=121)
	        Recheck Cond: ((id >= 3532901) AND (id <= 3533900))
	        ->  Bitmap Index Scan on sbtest1_pkey  (cost=0.00..21.86 rows=943 width=0)
	              Index Cond: ((id >= 3532901) AND (id <= 3533900))

table 2 : explain SELECT count(c) FROM sbtest2 WHERE id BETWEEN 7300175 AND 7301174
	Aggregate  (cost=3625.13..3625.14 rows=1 width=8)
	  ->  Bitmap Heap Scan on sbtest2  (cost=22.04..3622.78 rows=937 width=121)
	        Recheck Cond: ((id >= 7300175) AND (id <= 7301174))
	        ->  Bitmap Index Scan on sbtest2_pkey  (cost=0.00..21.80 rows=937 width=0)
	              Index Cond: ((id >= 7300175) AND (id <= 7301174))

table 3 : explain SELECT count(c) FROM sbtest3 WHERE id BETWEEN 1821836 AND 1822835
	Aggregate  (cost=3889.23..3889.24 rows=1 width=8)
	  ->  Bitmap Heap Scan on sbtest3  (cost=22.76..3886.72 rows=1007 width=121)
	        Recheck Cond: ((id >= 1821836) AND (id <= 1822835))
	        ->  Bitmap Index Scan on sbtest3_pkey  (cost=0.00..22.50 rows=1007 width=0)
	              Index Cond: ((id >= 1821836) AND (id <= 1822835))

table 4 : explain SELECT count(c) FROM sbtest4 WHERE id BETWEEN 6984871 AND 6985870
	Aggregate  (cost=3792.03..3792.04 rows=1 width=8)
	  ->  Bitmap Heap Scan on sbtest4  (cost=22.49..3789.58 rows=981 width=121)
	        Recheck Cond: ((id >= 6984871) AND (id <= 6985870))
	        ->  Bitmap Index Scan on sbtest4_pkey  (cost=0.00..22.25 rows=981 width=0)
	              Index Cond: ((id >= 6984871) AND (id <= 6985870))

table 5 : explain SELECT count(c) FROM sbtest5 WHERE id BETWEEN 4246329 AND 4247328
	Aggregate  (cost=3750.67..3750.68 rows=1 width=8)
	  ->  Bitmap Heap Scan on sbtest5  (cost=22.38..3748.25 rows=970 width=121)
	        Recheck Cond: ((id >= 4246329) AND (id <= 4247328))
	        ->  Bitmap Index Scan on sbtest5_pkey  (cost=0.00..22.14 rows=970 width=0)
	              Index Cond: ((id >= 4246329) AND (id <= 4247328))

table 6 : explain SELECT count(c) FROM sbtest6 WHERE id BETWEEN 5886467 AND 5887466
	Aggregate  (cost=4097.99..4098.00 rows=1 width=8)
	  ->  Bitmap Heap Scan on sbtest6  (cost=23.32..4095.34 rows=1062 width=121)
	        Recheck Cond: ((id >= 5886467) AND (id <= 5887466))
	        ->  Bitmap Index Scan on sbtest6_pkey  (cost=0.00..23.05 rows=1062 width=0)
	              Index Cond: ((id >= 5886467) AND (id <= 5887466))

table 7 : explain SELECT count(c) FROM sbtest7 WHERE id BETWEEN 8746241 AND 8747240
	Aggregate  (cost=3913.45..3913.46 rows=1 width=8)
	  ->  Bitmap Heap Scan on sbtest7  (cost=22.82..3910.92 rows=1013 width=121)
	        Recheck Cond: ((id >= 8746241) AND (id <= 8747240))
	        ->  Bitmap Index Scan on sbtest7_pkey  (cost=0.00..22.57 rows=1013 width=0)
	              Index Cond: ((id >= 8746241) AND (id <= 8747240))

table 8 : explain SELECT count(c) FROM sbtest8 WHERE id BETWEEN 4272909 AND 4273908
	Aggregate  (cost=4165.92..4165.93 rows=1 width=8)
	  ->  Bitmap Heap Scan on sbtest8  (cost=27.49..4163.22 rows=1079 width=121)
	        Recheck Cond: ((id >= 4272909) AND (id <= 4273908))
	        ->  Bitmap Index Scan on sbtest8_pkey  (cost=0.00..27.22 rows=1079 width=0)
	              Index Cond: ((id >= 4272909) AND (id <= 4273908))

for: count_ranges
table 1 : explain SELECT count(c) FROM sbtest1 WHERE id BETWEEN 7060367 AND 7061366
	Aggregate  (cost=4068.63..4068.64 rows=1 width=8)
	  ->  Bitmap Heap Scan on sbtest1  (cost=23.25..4065.99 rows=1055 width=121)
	        Recheck Cond: ((id >= 7060367) AND (id <= 7061366))
	        ->  Bitmap Index Scan on sbtest1_pkey  (cost=0.00..22.98 rows=1055 width=0)
	              Index Cond: ((id >= 7060367) AND (id <= 7061366))

table 2 : explain SELECT count(c) FROM sbtest2 WHERE id BETWEEN 5440439 AND 5441438
	Aggregate  (cost=3945.58..3945.59 rows=1 width=8)
	  ->  Bitmap Heap Scan on sbtest2  (cost=22.91..3943.02 rows=1022 width=121)
	        Recheck Cond: ((id >= 5440439) AND (id <= 5441438))
	        ->  Bitmap Index Scan on sbtest2_pkey  (cost=0.00..22.65 rows=1022 width=0)
	              Index Cond: ((id >= 5440439) AND (id <= 5441438))

table 3 : explain SELECT count(c) FROM sbtest3 WHERE id BETWEEN 3116556 AND 3117555
	Aggregate  (cost=4032.27..4032.28 rows=1 width=8)
	  ->  Bitmap Heap Scan on sbtest3  (cost=23.15..4029.66 rows=1045 width=121)
	        Recheck Cond: ((id >= 3116556) AND (id <= 3117555))
	        ->  Bitmap Index Scan on sbtest3_pkey  (cost=0.00..22.89 rows=1045 width=0)
	              Index Cond: ((id >= 3116556) AND (id <= 3117555))

table 4 : explain SELECT count(c) FROM sbtest4 WHERE id BETWEEN 9615449 AND 9616448
	Aggregate  (cost=3890.04..3890.05 rows=1 width=8)
	  ->  Bitmap Heap Scan on sbtest4  (cost=22.76..3887.52 rows=1007 width=121)
	        Recheck Cond: ((id >= 9615449) AND (id <= 9616448))
	        ->  Bitmap Index Scan on sbtest4_pkey  (cost=0.00..22.50 rows=1007 width=0)
	              Index Cond: ((id >= 9615449) AND (id <= 9616448))

table 5 : explain SELECT count(c) FROM sbtest5 WHERE id BETWEEN 631444 AND 632443
	Aggregate  (cost=3811.02..3811.03 rows=1 width=8)
	  ->  Bitmap Heap Scan on sbtest5  (cost=22.54..3808.56 rows=986 width=121)
	        Recheck Cond: ((id >= 631444) AND (id <= 632443))
	        ->  Bitmap Index Scan on sbtest5_pkey  (cost=0.00..22.29 rows=986 width=0)
	              Index Cond: ((id >= 631444) AND (id <= 632443))

table 6 : explain SELECT count(c) FROM sbtest6 WHERE id BETWEEN 4371453 AND 4372452
	Aggregate  (cost=3687.17..3687.18 rows=1 width=8)
	  ->  Bitmap Heap Scan on sbtest6  (cost=22.20..3684.79 rows=953 width=121)
	        Recheck Cond: ((id >= 4371453) AND (id <= 4372452))
	        ->  Bitmap Index Scan on sbtest6_pkey  (cost=0.00..21.96 rows=953 width=0)
	              Index Cond: ((id >= 4371453) AND (id <= 4372452))

table 7 : explain SELECT count(c) FROM sbtest7 WHERE id BETWEEN 5975970 AND 5976969
	Aggregate  (cost=3860.68..3860.69 rows=1 width=8)
	  ->  Bitmap Heap Scan on sbtest7  (cost=22.67..3858.19 rows=999 width=121)
	        Recheck Cond: ((id >= 5975970) AND (id <= 5976969))
	        ->  Bitmap Index Scan on sbtest7_pkey  (cost=0.00..22.43 rows=999 width=0)
	              Index Cond: ((id >= 5975970) AND (id <= 5976969))

table 8 : explain SELECT count(c) FROM sbtest8 WHERE id BETWEEN 6991959 AND 6992958
	Aggregate  (cost=3856.95..3856.96 rows=1 width=8)
	  ->  Bitmap Heap Scan on sbtest8  (cost=22.66..3854.46 rows=998 width=121)
	        Recheck Cond: ((id >= 6991959) AND (id <= 6992958))
	        ->  Bitmap Index Scan on sbtest8_pkey  (cost=0.00..22.41 rows=998 width=0)
	              Index Cond: ((id >= 6991959) AND (id <= 6992958))

for: count_ranges
table 1 : explain SELECT count(c) FROM sbtest1 WHERE id BETWEEN 5267253 AND 5268252
	Aggregate  (cost=3571.35..3571.36 rows=1 width=8)
	  ->  Bitmap Heap Scan on sbtest1  (cost=21.90..3569.04 rows=923 width=121)
	        Recheck Cond: ((id >= 5267253) AND (id <= 5268252))
	        ->  Bitmap Index Scan on sbtest1_pkey  (cost=0.00..21.66 rows=923 width=0)
	              Index Cond: ((id >= 5267253) AND (id <= 5268252))

table 2 : explain SELECT count(c) FROM sbtest2 WHERE id BETWEEN 2406502 AND 2407501
	Aggregate  (cost=3968.16..3968.17 rows=1 width=8)
	  ->  Bitmap Heap Scan on sbtest2  (cost=22.97..3965.59 rows=1028 width=121)
	        Recheck Cond: ((id >= 2406502) AND (id <= 2407501))
	        ->  Bitmap Index Scan on sbtest2_pkey  (cost=0.00..22.71 rows=1028 width=0)
	              Index Cond: ((id >= 2406502) AND (id <= 2407501))

table 3 : explain SELECT count(c) FROM sbtest3 WHERE id BETWEEN 1013016 AND 1014015
	Aggregate  (cost=3489.23..3489.24 rows=1 width=8)
	  ->  Bitmap Heap Scan on sbtest3  (cost=21.67..3486.98 rows=901 width=121)
	        Recheck Cond: ((id >= 1013016) AND (id <= 1014015))
	        ->  Bitmap Index Scan on sbtest3_pkey  (cost=0.00..21.44 rows=901 width=0)
	              Index Cond: ((id >= 1013016) AND (id <= 1014015))

table 4 : explain SELECT count(c) FROM sbtest4 WHERE id BETWEEN 428676 AND 429675
	Aggregate  (cost=3527.73..3527.74 rows=1 width=8)
	  ->  Bitmap Heap Scan on sbtest4  (cost=21.77..3525.45 rows=911 width=121)
	        Recheck Cond: ((id >= 428676) AND (id <= 429675))
	        ->  Bitmap Index Scan on sbtest4_pkey  (cost=0.00..21.54 rows=911 width=0)
	              Index Cond: ((id >= 428676) AND (id <= 429675))

table 5 : explain SELECT count(c) FROM sbtest5 WHERE id BETWEEN 7994720 AND 7995719
	Aggregate  (cost=3856.26..3856.27 rows=1 width=8)
	  ->  Bitmap Heap Scan on sbtest5  (cost=22.66..3853.77 rows=998 width=121)
	        Recheck Cond: ((id >= 7994720) AND (id <= 7995719))
	        ->  Bitmap Index Scan on sbtest5_pkey  (cost=0.00..22.41 rows=998 width=0)
	              Index Cond: ((id >= 7994720) AND (id <= 7995719))

table 6 : explain SELECT count(c) FROM sbtest6 WHERE id BETWEEN 3587754 AND 3588753
	Aggregate  (cost=3649.40..3649.41 rows=1 width=8)
	  ->  Bitmap Heap Scan on sbtest6  (cost=22.10..3647.04 rows=943 width=121)
	        Recheck Cond: ((id >= 3587754) AND (id <= 3588753))
	        ->  Bitmap Index Scan on sbtest6_pkey  (cost=0.00..21.86 rows=943 width=0)
	              Index Cond: ((id >= 3587754) AND (id <= 3588753))

table 7 : explain SELECT count(c) FROM sbtest7 WHERE id BETWEEN 7433132 AND 7434131
	Aggregate  (cost=4090.42..4090.43 rows=1 width=8)
	  ->  Bitmap Heap Scan on sbtest7  (cost=23.30..4087.77 rows=1060 width=121)
	        Recheck Cond: ((id >= 7433132) AND (id <= 7434131))
	        ->  Bitmap Index Scan on sbtest7_pkey  (cost=0.00..23.04 rows=1060 width=0)
	              Index Cond: ((id >= 7433132) AND (id <= 7434131))

table 8 : explain SELECT count(c) FROM sbtest8 WHERE id BETWEEN 6765168 AND 6766167
	Aggregate  (cost=3815.47..3815.48 rows=1 width=8)
	  ->  Bitmap Heap Scan on sbtest8  (cost=22.55..3813.01 rows=987 width=121)
	        Recheck Cond: ((id >= 6765168) AND (id <= 6766167))
	        ->  Bitmap Index Scan on sbtest8_pkey  (cost=0.00..22.30 rows=987 width=0)
	              Index Cond: ((id >= 6765168) AND (id <= 6766167))

for: count_ranges
table 1 : explain SELECT count(c) FROM sbtest1 WHERE id BETWEEN 9277114 AND 9278113
	Aggregate  (cost=3620.43..3620.44 rows=1 width=8)
	  ->  Bitmap Heap Scan on sbtest1  (cost=22.03..3618.09 rows=936 width=121)
	        Recheck Cond: ((id >= 9277114) AND (id <= 9278113))
	        ->  Bitmap Index Scan on sbtest1_pkey  (cost=0.00..21.79 rows=936 width=0)
	              Index Cond: ((id >= 9277114) AND (id <= 9278113))

table 2 : explain SELECT count(c) FROM sbtest2 WHERE id BETWEEN 8987136 AND 8988135
	Aggregate  (cost=3979.45..3979.46 rows=1 width=8)
	  ->  Bitmap Heap Scan on sbtest2  (cost=23.00..3976.87 rows=1031 width=121)
	        Recheck Cond: ((id >= 8987136) AND (id <= 8988135))
	        ->  Bitmap Index Scan on sbtest2_pkey  (cost=0.00..22.75 rows=1031 width=0)
	              Index Cond: ((id >= 8987136) AND (id <= 8988135))

table 3 : explain SELECT count(c) FROM sbtest3 WHERE id BETWEEN 9896606 AND 9897605
	Aggregate  (cost=3379.53..3379.54 rows=1 width=8)
	  ->  Bitmap Heap Scan on sbtest3  (cost=21.37..3377.35 rows=872 width=121)
	        Recheck Cond: ((id >= 9896606) AND (id <= 9897605))
	        ->  Bitmap Index Scan on sbtest3_pkey  (cost=0.00..21.15 rows=872 width=0)
	              Index Cond: ((id >= 9896606) AND (id <= 9897605))

table 4 : explain SELECT count(c) FROM sbtest4 WHERE id BETWEEN 6235538 AND 6236537
	Aggregate  (cost=3675.06..3675.07 rows=1 width=8)
	  ->  Bitmap Heap Scan on sbtest4  (cost=22.17..3672.69 rows=950 width=121)
	        Recheck Cond: ((id >= 6235538) AND (id <= 6236537))
	        ->  Bitmap Index Scan on sbtest4_pkey  (cost=0.00..21.93 rows=950 width=0)
	              Index Cond: ((id >= 6235538) AND (id <= 6236537))

table 5 : explain SELECT count(c) FROM sbtest5 WHERE id BETWEEN 6115266 AND 6116265
	Aggregate  (cost=3991.87..3991.88 rows=1 width=8)
	  ->  Bitmap Heap Scan on sbtest5  (cost=23.03..3989.28 rows=1034 width=121)
	        Recheck Cond: ((id >= 6115266) AND (id <= 6116265))
	        ->  Bitmap Index Scan on sbtest5_pkey  (cost=0.00..22.77 rows=1034 width=0)
	              Index Cond: ((id >= 6115266) AND (id <= 6116265))

table 6 : explain SELECT count(c) FROM sbtest6 WHERE id BETWEEN 6751924 AND 6752923
	Aggregate  (cost=4286.21..4286.22 rows=1 width=8)
	  ->  Bitmap Heap Scan on sbtest6  (cost=27.83..4283.43 rows=1112 width=121)
	        Recheck Cond: ((id >= 6751924) AND (id <= 6752923))
	        ->  Bitmap Index Scan on sbtest6_pkey  (cost=0.00..27.55 rows=1112 width=0)
	              Index Cond: ((id >= 6751924) AND (id <= 6752923))

table 7 : explain SELECT count(c) FROM sbtest7 WHERE id BETWEEN 5066310 AND 5067309
	Aggregate  (cost=3947.36..3947.37 rows=1 width=8)
	  ->  Bitmap Heap Scan on sbtest7  (cost=22.91..3944.81 rows=1022 width=121)
	        Recheck Cond: ((id >= 5066310) AND (id <= 5067309))
	        ->  Bitmap Index Scan on sbtest7_pkey  (cost=0.00..22.65 rows=1022 width=0)
	              Index Cond: ((id >= 5066310) AND (id <= 5067309))

table 8 : explain SELECT count(c) FROM sbtest8 WHERE id BETWEEN 1394029 AND 1395028
	Aggregate  (cost=3501.97..3501.98 rows=1 width=8)
	  ->  Bitmap Heap Scan on sbtest8  (cost=21.70..3499.71 rows=904 width=121)
	        Recheck Cond: ((id >= 1394029) AND (id <= 1395028))
	        ->  Bitmap Index Scan on sbtest8_pkey  (cost=0.00..21.47 rows=904 width=0)
	              Index Cond: ((id >= 1394029) AND (id <= 1395028))

for: count_ranges
table 1 : explain SELECT count(c) FROM sbtest1 WHERE id BETWEEN 9219646 AND 9220645
	Aggregate  (cost=3620.43..3620.44 rows=1 width=8)
	  ->  Bitmap Heap Scan on sbtest1  (cost=22.03..3618.09 rows=936 width=121)
	        Recheck Cond: ((id >= 9219646) AND (id <= 9220645))
	        ->  Bitmap Index Scan on sbtest1_pkey  (cost=0.00..21.79 rows=936 width=0)
	              Index Cond: ((id >= 9219646) AND (id <= 9220645))

table 2 : explain SELECT count(c) FROM sbtest2 WHERE id BETWEEN 3728635 AND 3729634
	Aggregate  (cost=3926.75..3926.76 rows=1 width=8)
	  ->  Bitmap Heap Scan on sbtest2  (cost=22.86..3924.21 rows=1017 width=121)
	        Recheck Cond: ((id >= 3728635) AND (id <= 3729634))
	        ->  Bitmap Index Scan on sbtest2_pkey  (cost=0.00..22.61 rows=1017 width=0)
	              Index Cond: ((id >= 3728635) AND (id <= 3729634))

table 3 : explain SELECT count(c) FROM sbtest3 WHERE id BETWEEN 6414932 AND 6415931
	Aggregate  (cost=3862.86..3862.87 rows=1 width=8)
	  ->  Bitmap Heap Scan on sbtest3  (cost=22.68..3860.36 rows=1000 width=121)
	        Recheck Cond: ((id >= 6414932) AND (id <= 6415931))
	        ->  Bitmap Index Scan on sbtest3_pkey  (cost=0.00..22.43 rows=1000 width=0)
	              Index Cond: ((id >= 6414932) AND (id <= 6415931))

table 4 : explain SELECT count(c) FROM sbtest4 WHERE id BETWEEN 1472455 AND 1473454
	Aggregate  (cost=3890.04..3890.05 rows=1 width=8)
	  ->  Bitmap Heap Scan on sbtest4  (cost=22.76..3887.52 rows=1007 width=121)
	        Recheck Cond: ((id >= 1472455) AND (id <= 1473454))
	        ->  Bitmap Index Scan on sbtest4_pkey  (cost=0.00..22.50 rows=1007 width=0)
	              Index Cond: ((id >= 1472455) AND (id <= 1473454))

table 5 : explain SELECT count(c) FROM sbtest5 WHERE id BETWEEN 9807707 AND 9808706
	Aggregate  (cost=3833.64..3833.65 rows=1 width=8)
	  ->  Bitmap Heap Scan on sbtest5  (cost=22.60..3831.16 rows=992 width=121)
	        Recheck Cond: ((id >= 9807707) AND (id <= 9808706))
	        ->  Bitmap Index Scan on sbtest5_pkey  (cost=0.00..22.36 rows=992 width=0)
	              Index Cond: ((id >= 9807707) AND (id <= 9808706))

table 6 : explain SELECT count(c) FROM sbtest6 WHERE id BETWEEN 5525866 AND 5526865
	Aggregate  (cost=3823.02..3823.03 rows=1 width=8)
	  ->  Bitmap Heap Scan on sbtest6  (cost=22.57..3820.55 rows=989 width=121)
	        Recheck Cond: ((id >= 5525866) AND (id <= 5526865))
	        ->  Bitmap Index Scan on sbtest6_pkey  (cost=0.00..22.32 rows=989 width=0)
	              Index Cond: ((id >= 5525866) AND (id <= 5526865))

table 7 : explain SELECT count(c) FROM sbtest7 WHERE id BETWEEN 9451886 AND 9452885
	Aggregate  (cost=3834.29..3834.30 rows=1 width=8)
	  ->  Bitmap Heap Scan on sbtest7  (cost=22.60..3831.81 rows=992 width=121)
	        Recheck Cond: ((id >= 9451886) AND (id <= 9452885))
	        ->  Bitmap Index Scan on sbtest7_pkey  (cost=0.00..22.36 rows=992 width=0)
	              Index Cond: ((id >= 9451886) AND (id <= 9452885))

table 8 : explain SELECT count(c) FROM sbtest8 WHERE id BETWEEN 4522324 AND 4523323
	Aggregate  (cost=3781.52..3781.53 rows=1 width=8)
	  ->  Bitmap Heap Scan on sbtest8  (cost=22.46..3779.08 rows=978 width=121)
	        Recheck Cond: ((id >= 4522324) AND (id <= 4523323))
	        ->  Bitmap Index Scan on sbtest8_pkey  (cost=0.00..22.21 rows=978 width=0)
	              Index Cond: ((id >= 4522324) AND (id <= 4523323))

for: count_ranges
table 1 : explain SELECT count(c) FROM sbtest1 WHERE id BETWEEN 1623743 AND 1624742
	Aggregate  (cost=3548.69..3548.70 rows=1 width=8)
	  ->  Bitmap Heap Scan on sbtest1  (cost=21.83..3546.40 rows=917 width=121)
	        Recheck Cond: ((id >= 1623743) AND (id <= 1624742))
	        ->  Bitmap Index Scan on sbtest1_pkey  (cost=0.00..21.61 rows=917 width=0)
	              Index Cond: ((id >= 1623743) AND (id <= 1624742))

table 2 : explain SELECT count(c) FROM sbtest2 WHERE id BETWEEN 8355644 AND 8356643
	Aggregate  (cost=3794.89..3794.90 rows=1 width=8)
	  ->  Bitmap Heap Scan on sbtest2  (cost=22.50..3792.44 rows=982 width=121)
	        Recheck Cond: ((id >= 8355644) AND (id <= 8356643))
	        ->  Bitmap Index Scan on sbtest2_pkey  (cost=0.00..22.25 rows=982 width=0)
	              Index Cond: ((id >= 8355644) AND (id <= 8356643))

table 3 : explain SELECT count(c) FROM sbtest3 WHERE id BETWEEN 7690218 AND 7691217
	Aggregate  (cost=3787.49..3787.50 rows=1 width=8)
	  ->  Bitmap Heap Scan on sbtest3  (cost=22.48..3785.04 rows=980 width=121)
	        Recheck Cond: ((id >= 7690218) AND (id <= 7691217))
	        ->  Bitmap Index Scan on sbtest3_pkey  (cost=0.00..22.23 rows=980 width=0)
	              Index Cond: ((id >= 7690218) AND (id <= 7691217))

table 4 : explain SELECT count(c) FROM sbtest4 WHERE id BETWEEN 8564485 AND 8565484
	Aggregate  (cost=4010.54..4010.55 rows=1 width=8)
	  ->  Bitmap Heap Scan on sbtest4  (cost=23.08..4007.95 rows=1039 width=121)
	        Recheck Cond: ((id >= 8564485) AND (id <= 8565484))
	        ->  Bitmap Index Scan on sbtest4_pkey  (cost=0.00..22.82 rows=1039 width=0)
	              Index Cond: ((id >= 8564485) AND (id <= 8565484))

table 5 : explain SELECT count(c) FROM sbtest5 WHERE id BETWEEN 7002594 AND 7003593
	Aggregate  (cost=3406.79..3406.80 rows=1 width=8)
	  ->  Bitmap Heap Scan on sbtest5  (cost=21.44..3404.59 rows=879 width=121)
	        Recheck Cond: ((id >= 7002594) AND (id <= 7003593))
	        ->  Bitmap Index Scan on sbtest5_pkey  (cost=0.00..21.22 rows=879 width=0)
	              Index Cond: ((id >= 7002594) AND (id <= 7003593))

table 6 : explain SELECT count(c) FROM sbtest6 WHERE id BETWEEN 9461441 AND 9462440
	Aggregate  (cost=4259.89..4259.90 rows=1 width=8)
	  ->  Bitmap Heap Scan on sbtest6  (cost=27.75..4257.13 rows=1104 width=121)
	        Recheck Cond: ((id >= 9461441) AND (id <= 9462440))
	        ->  Bitmap Index Scan on sbtest6_pkey  (cost=0.00..27.47 rows=1104 width=0)
	              Index Cond: ((id >= 9461441) AND (id <= 9462440))

table 7 : explain SELECT count(c) FROM sbtest7 WHERE id BETWEEN 4073242 AND 4074241
	Aggregate  (cost=3638.03..3638.04 rows=1 width=8)
	  ->  Bitmap Heap Scan on sbtest7  (cost=22.07..3635.68 rows=940 width=121)
	        Recheck Cond: ((id >= 4073242) AND (id <= 4074241))
	        ->  Bitmap Index Scan on sbtest7_pkey  (cost=0.00..21.83 rows=940 width=0)
	              Index Cond: ((id >= 4073242) AND (id <= 4074241))

table 8 : explain SELECT count(c) FROM sbtest8 WHERE id BETWEEN 6392899 AND 6393898
	Aggregate  (cost=3883.34..3883.35 rows=1 width=8)
	  ->  Bitmap Heap Scan on sbtest8  (cost=22.74..3880.83 rows=1005 width=121)
	        Recheck Cond: ((id >= 6392899) AND (id <= 6393898))
	        ->  Bitmap Index Scan on sbtest8_pkey  (cost=0.00..22.48 rows=1005 width=0)
	              Index Cond: ((id >= 6392899) AND (id <= 6393898))

for: count_ranges
table 1 : explain SELECT count(c) FROM sbtest1 WHERE id BETWEEN 971855 AND 972854
	Aggregate  (cost=3748.68..3748.69 rows=1 width=8)
	  ->  Bitmap Heap Scan on sbtest1  (cost=22.38..3746.25 rows=970 width=121)
	        Recheck Cond: ((id >= 971855) AND (id <= 972854))
	        ->  Bitmap Index Scan on sbtest1_pkey  (cost=0.00..22.14 rows=970 width=0)
	              Index Cond: ((id >= 971855) AND (id <= 972854))

table 2 : explain SELECT count(c) FROM sbtest2 WHERE id BETWEEN 4295948 AND 4296947
	Aggregate  (cost=3413.48..3413.49 rows=1 width=8)
	  ->  Bitmap Heap Scan on sbtest2  (cost=21.47..3411.27 rows=881 width=121)
	        Recheck Cond: ((id >= 4295948) AND (id <= 4296947))
	        ->  Bitmap Index Scan on sbtest2_pkey  (cost=0.00..21.25 rows=881 width=0)
	              Index Cond: ((id >= 4295948) AND (id <= 4296947))

table 3 : explain SELECT count(c) FROM sbtest3 WHERE id BETWEEN 3127417 AND 3128416
	Aggregate  (cost=4032.27..4032.28 rows=1 width=8)
	  ->  Bitmap Heap Scan on sbtest3  (cost=23.15..4029.66 rows=1045 width=121)
	        Recheck Cond: ((id >= 3127417) AND (id <= 3128416))
	        ->  Bitmap Index Scan on sbtest3_pkey  (cost=0.00..22.89 rows=1045 width=0)
	              Index Cond: ((id >= 3127417) AND (id <= 3128416))

table 4 : explain SELECT count(c) FROM sbtest4 WHERE id BETWEEN 1304704 AND 1305703
	Aggregate  (cost=3486.13..3486.14 rows=1 width=8)
	  ->  Bitmap Heap Scan on sbtest4  (cost=21.66..3483.88 rows=900 width=121)
	        Recheck Cond: ((id >= 1304704) AND (id <= 1305703))
	        ->  Bitmap Index Scan on sbtest4_pkey  (cost=0.00..21.43 rows=900 width=0)
	              Index Cond: ((id >= 1304704) AND (id <= 1305703))

table 5 : explain SELECT count(c) FROM sbtest5 WHERE id BETWEEN 6995826 AND 6996825
	Aggregate  (cost=3406.79..3406.80 rows=1 width=8)
	  ->  Bitmap Heap Scan on sbtest5  (cost=21.44..3404.59 rows=879 width=121)
	        Recheck Cond: ((id >= 6995826) AND (id <= 6996825))
	        ->  Bitmap Index Scan on sbtest5_pkey  (cost=0.00..21.22 rows=879 width=0)
	              Index Cond: ((id >= 6995826) AND (id <= 6996825))

table 6 : explain SELECT count(c) FROM sbtest6 WHERE id BETWEEN 9977917 AND 9978916
	Aggregate  (cost=3939.88..3939.89 rows=1 width=8)
	  ->  Bitmap Heap Scan on sbtest6  (cost=22.89..3937.33 rows=1020 width=121)
	        Recheck Cond: ((id >= 9977917) AND (id <= 9978916))
	        ->  Bitmap Index Scan on sbtest6_pkey  (cost=0.00..22.64 rows=1020 width=0)
	              Index Cond: ((id >= 9977917) AND (id <= 9978916))

table 7 : explain SELECT count(c) FROM sbtest7 WHERE id BETWEEN 6856079 AND 6857078
	Aggregate  (cost=3656.91..3656.92 rows=1 width=8)
	  ->  Bitmap Heap Scan on sbtest7  (cost=22.12..3654.55 rows=945 width=121)
	        Recheck Cond: ((id >= 6856079) AND (id <= 6857078))
	        ->  Bitmap Index Scan on sbtest7_pkey  (cost=0.00..21.89 rows=945 width=0)
	              Index Cond: ((id >= 6856079) AND (id <= 6857078))

table 8 : explain SELECT count(c) FROM sbtest8 WHERE id BETWEEN 8431733 AND 8432732
	Aggregate  (cost=4026.48..4026.49 rows=1 width=8)
	  ->  Bitmap Heap Scan on sbtest8  (cost=23.13..4023.88 rows=1043 width=121)
	        Recheck Cond: ((id >= 8431733) AND (id <= 8432732))
	        ->  Bitmap Index Scan on sbtest8_pkey  (cost=0.00..22.86 rows=1043 width=0)
	              Index Cond: ((id >= 8431733) AND (id <= 8432732))

for: count_ranges
table 1 : explain SELECT count(c) FROM sbtest1 WHERE id BETWEEN 6765829 AND 6766828
	Aggregate  (cost=3857.94..3857.95 rows=1 width=8)
	  ->  Bitmap Heap Scan on sbtest1  (cost=22.67..3855.45 rows=999 width=121)
	        Recheck Cond: ((id >= 6765829) AND (id <= 6766828))
	        ->  Bitmap Index Scan on sbtest1_pkey  (cost=0.00..22.43 rows=999 width=0)
	              Index Cond: ((id >= 6765829) AND (id <= 6766828))

table 2 : explain SELECT count(c) FROM sbtest2 WHERE id BETWEEN 7789113 AND 7790112
	Aggregate  (cost=3998.27..3998.28 rows=1 width=8)
	  ->  Bitmap Heap Scan on sbtest2  (cost=23.05..3995.68 rows=1036 width=121)
	        Recheck Cond: ((id >= 7789113) AND (id <= 7790112))
	        ->  Bitmap Index Scan on sbtest2_pkey  (cost=0.00..22.79 rows=1036 width=0)
	              Index Cond: ((id >= 7789113) AND (id <= 7790112))

table 3 : explain SELECT count(c) FROM sbtest3 WHERE id BETWEEN 7193713 AND 7194712
	Aggregate  (cost=3889.23..3889.24 rows=1 width=8)
	  ->  Bitmap Heap Scan on sbtest3  (cost=22.76..3886.72 rows=1007 width=121)
	        Recheck Cond: ((id >= 7193713) AND (id <= 7194712))
	        ->  Bitmap Index Scan on sbtest3_pkey  (cost=0.00..22.50 rows=1007 width=0)
	              Index Cond: ((id >= 7193713) AND (id <= 7194712))

table 4 : explain SELECT count(c) FROM sbtest4 WHERE id BETWEEN 496939 AND 497938
	Aggregate  (cost=3527.73..3527.74 rows=1 width=8)
	  ->  Bitmap Heap Scan on sbtest4  (cost=21.77..3525.45 rows=911 width=121)
	        Recheck Cond: ((id >= 496939) AND (id <= 497938))
	        ->  Bitmap Index Scan on sbtest4_pkey  (cost=0.00..21.54 rows=911 width=0)
	              Index Cond: ((id >= 496939) AND (id <= 497938))

table 5 : explain SELECT count(c) FROM sbtest5 WHERE id BETWEEN 5883497 AND 5884496
	Aggregate  (cost=4397.98..4397.99 rows=1 width=8)
	  ->  Bitmap Heap Scan on sbtest5  (cost=28.14..4395.13 rows=1142 width=121)
	        Recheck Cond: ((id >= 5883497) AND (id <= 5884496))
	        ->  Bitmap Index Scan on sbtest5_pkey  (cost=0.00..27.86 rows=1142 width=0)
	              Index Cond: ((id >= 5883497) AND (id <= 5884496))

table 6 : explain SELECT count(c) FROM sbtest6 WHERE id BETWEEN 8815889 AND 8816888
	Aggregate  (cost=3811.71..3811.72 rows=1 width=8)
	  ->  Bitmap Heap Scan on sbtest6  (cost=22.54..3809.24 rows=986 width=121)
	        Recheck Cond: ((id >= 8815889) AND (id <= 8816888))
	        ->  Bitmap Index Scan on sbtest6_pkey  (cost=0.00..22.29 rows=986 width=0)
	              Index Cond: ((id >= 8815889) AND (id <= 8816888))

table 7 : explain SELECT count(c) FROM sbtest7 WHERE id BETWEEN 7935120 AND 7936119
	Aggregate  (cost=3645.58..3645.59 rows=1 width=8)
	  ->  Bitmap Heap Scan on sbtest7  (cost=22.09..3643.23 rows=942 width=121)
	        Recheck Cond: ((id >= 7935120) AND (id <= 7936119))
	        ->  Bitmap Index Scan on sbtest7_pkey  (cost=0.00..21.86 rows=942 width=0)
	              Index Cond: ((id >= 7935120) AND (id <= 7936119))

table 8 : explain SELECT count(c) FROM sbtest8 WHERE id BETWEEN 8909666 AND 8910665
	Aggregate  (cost=3823.02..3823.03 rows=1 width=8)
	  ->  Bitmap Heap Scan on sbtest8  (cost=22.57..3820.54 rows=989 width=121)
	        Recheck Cond: ((id >= 8909666) AND (id <= 8910665))
	        ->  Bitmap Index Scan on sbtest8_pkey  (cost=0.00..22.32 rows=989 width=0)
	              Index Cond: ((id >= 8909666) AND (id <= 8910665))

for: count_ranges
table 1 : explain SELECT count(c) FROM sbtest1 WHERE id BETWEEN 3883935 AND 3884934
	Aggregate  (cost=4155.05..4155.06 rows=1 width=8)
	  ->  Bitmap Heap Scan on sbtest1  (cost=23.48..4152.35 rows=1078 width=121)
	        Recheck Cond: ((id >= 3883935) AND (id <= 3884934))
	        ->  Bitmap Index Scan on sbtest1_pkey  (cost=0.00..23.21 rows=1078 width=0)
	              Index Cond: ((id >= 3883935) AND (id <= 3884934))

table 2 : explain SELECT count(c) FROM sbtest2 WHERE id BETWEEN 387788 AND 388787
	Aggregate  (cost=3904.16..3904.17 rows=1 width=8)
	  ->  Bitmap Heap Scan on sbtest2  (cost=22.80..3901.63 rows=1011 width=121)
	        Recheck Cond: ((id >= 387788) AND (id <= 388787))
	        ->  Bitmap Index Scan on sbtest2_pkey  (cost=0.00..22.54 rows=1011 width=0)
	              Index Cond: ((id >= 387788) AND (id <= 388787))

table 3 : explain SELECT count(c) FROM sbtest3 WHERE id BETWEEN 5671014 AND 5672013
	Aggregate  (cost=3417.37..3417.38 rows=1 width=8)
	  ->  Bitmap Heap Scan on sbtest3  (cost=21.48..3415.17 rows=882 width=121)
	        Recheck Cond: ((id >= 5671014) AND (id <= 5672013))
	        ->  Bitmap Index Scan on sbtest3_pkey  (cost=0.00..21.25 rows=882 width=0)
	              Index Cond: ((id >= 5671014) AND (id <= 5672013))

table 4 : explain SELECT count(c) FROM sbtest4 WHERE id BETWEEN 3119824 AND 3120823
	Aggregate  (cost=4258.95..4258.96 rows=1 width=8)
	  ->  Bitmap Heap Scan on sbtest4  (cost=27.76..4256.18 rows=1105 width=121)
	        Recheck Cond: ((id >= 3119824) AND (id <= 3120823))
	        ->  Bitmap Index Scan on sbtest4_pkey  (cost=0.00..27.48 rows=1105 width=0)
	              Index Cond: ((id >= 3119824) AND (id <= 3120823))

table 5 : explain SELECT count(c) FROM sbtest5 WHERE id BETWEEN 6438944 AND 6439943
	Aggregate  (cost=3792.17..3792.18 rows=1 width=8)
	  ->  Bitmap Heap Scan on sbtest5  (cost=22.49..3789.71 rows=981 width=121)
	        Recheck Cond: ((id >= 6438944) AND (id <= 6439943))
	        ->  Bitmap Index Scan on sbtest5_pkey  (cost=0.00..22.25 rows=981 width=0)
	              Index Cond: ((id >= 6438944) AND (id <= 6439943))

table 6 : explain SELECT count(c) FROM sbtest6 WHERE id BETWEEN 1309649 AND 1310648
	Aggregate  (cost=3951.18..3951.19 rows=1 width=8)
	  ->  Bitmap Heap Scan on sbtest6  (cost=22.92..3948.62 rows=1023 width=121)
	        Recheck Cond: ((id >= 1309649) AND (id <= 1310648))
	        ->  Bitmap Index Scan on sbtest6_pkey  (cost=0.00..22.66 rows=1023 width=0)
	              Index Cond: ((id >= 1309649) AND (id <= 1310648))

table 7 : explain SELECT count(c) FROM sbtest7 WHERE id BETWEEN 1334785 AND 1335784
	Aggregate  (cost=3732.43..3732.44 rows=1 width=8)
	  ->  Bitmap Heap Scan on sbtest7  (cost=22.33..3730.02 rows=965 width=121)
	        Recheck Cond: ((id >= 1334785) AND (id <= 1335784))
	        ->  Bitmap Index Scan on sbtest7_pkey  (cost=0.00..22.08 rows=965 width=0)
	              Index Cond: ((id >= 1334785) AND (id <= 1335784))

table 8 : explain SELECT count(c) FROM sbtest8 WHERE id BETWEEN 6303526 AND 6304525
	Aggregate  (cost=3841.87..3841.88 rows=1 width=8)
	  ->  Bitmap Heap Scan on sbtest8  (cost=22.62..3839.39 rows=994 width=121)
	        Recheck Cond: ((id >= 6303526) AND (id <= 6304525))
	        ->  Bitmap Index Scan on sbtest8_pkey  (cost=0.00..22.37 rows=994 width=0)
	              Index Cond: ((id >= 6303526) AND (id <= 6304525))

for: count_ranges
table 1 : explain SELECT count(c) FROM sbtest1 WHERE id BETWEEN 8735612 AND 8736611
	Aggregate  (cost=3982.15..3982.16 rows=1 width=8)
	  ->  Bitmap Heap Scan on sbtest1  (cost=23.01..3979.57 rows=1032 width=121)
	        Recheck Cond: ((id >= 8735612) AND (id <= 8736611))
	        ->  Bitmap Index Scan on sbtest1_pkey  (cost=0.00..22.75 rows=1032 width=0)
	              Index Cond: ((id >= 8735612) AND (id <= 8736611))

table 2 : explain SELECT count(c) FROM sbtest2 WHERE id BETWEEN 9745585 AND 9746584
	Aggregate  (cost=4396.68..4396.69 rows=1 width=8)
	  ->  Bitmap Heap Scan on sbtest2  (cost=28.14..4393.82 rows=1142 width=121)
	        Recheck Cond: ((id >= 9745585) AND (id <= 9746584))
	        ->  Bitmap Index Scan on sbtest2_pkey  (cost=0.00..27.86 rows=1142 width=0)
	              Index Cond: ((id >= 9745585) AND (id <= 9746584))

table 3 : explain SELECT count(c) FROM sbtest3 WHERE id BETWEEN 3246452 AND 3247451
	Aggregate  (cost=3610.15..3610.16 rows=1 width=8)
	  ->  Bitmap Heap Scan on sbtest3  (cost=22.00..3607.81 rows=933 width=121)
	        Recheck Cond: ((id >= 3246452) AND (id <= 3247451))
	        ->  Bitmap Index Scan on sbtest3_pkey  (cost=0.00..21.76 rows=933 width=0)
	              Index Cond: ((id >= 3246452) AND (id <= 3247451))

table 4 : explain SELECT count(c) FROM sbtest4 WHERE id BETWEEN 3553572 AND 3554571
	Aggregate  (cost=4074.51..4074.52 rows=1 width=8)
	  ->  Bitmap Heap Scan on sbtest4  (cost=23.26..4071.87 rows=1056 width=121)
	        Recheck Cond: ((id >= 3553572) AND (id <= 3554571))
	        ->  Bitmap Index Scan on sbtest4_pkey  (cost=0.00..23.00 rows=1056 width=0)
	              Index Cond: ((id >= 3553572) AND (id <= 3554571))

table 5 : explain SELECT count(c) FROM sbtest5 WHERE id BETWEEN 6269230 AND 6270229
	Aggregate  (cost=4217.76..4217.77 rows=1 width=8)
	  ->  Bitmap Heap Scan on sbtest5  (cost=27.64..4215.02 rows=1093 width=121)
	        Recheck Cond: ((id >= 6269230) AND (id <= 6270229))
	        ->  Bitmap Index Scan on sbtest5_pkey  (cost=0.00..27.36 rows=1093 width=0)
	              Index Cond: ((id >= 6269230) AND (id <= 6270229))

table 6 : explain SELECT count(c) FROM sbtest6 WHERE id BETWEEN 3941830 AND 3942829
	Aggregate  (cost=3724.92..3724.93 rows=1 width=8)
	  ->  Bitmap Heap Scan on sbtest6  (cost=22.31..3722.52 rows=963 width=121)
	        Recheck Cond: ((id >= 3941830) AND (id <= 3942829))
	        ->  Bitmap Index Scan on sbtest6_pkey  (cost=0.00..22.07 rows=963 width=0)
	              Index Cond: ((id >= 3941830) AND (id <= 3942829))

table 7 : explain SELECT count(c) FROM sbtest7 WHERE id BETWEEN 7659213 AND 7660212
	Aggregate  (cost=3562.44..3562.45 rows=1 width=8)
	  ->  Bitmap Heap Scan on sbtest7  (cost=21.87..3560.14 rows=920 width=121)
	        Recheck Cond: ((id >= 7659213) AND (id <= 7660212))
	        ->  Bitmap Index Scan on sbtest7_pkey  (cost=0.00..21.64 rows=920 width=0)
	              Index Cond: ((id >= 7659213) AND (id <= 7660212))

table 8 : explain SELECT count(c) FROM sbtest8 WHERE id BETWEEN 9374705 AND 9375704
	Aggregate  (cost=3308.88..3308.89 rows=1 width=8)
	  ->  Bitmap Heap Scan on sbtest8  (cost=21.18..3306.75 rows=853 width=121)
	        Recheck Cond: ((id >= 9374705) AND (id <= 9375704))
	        ->  Bitmap Index Scan on sbtest8_pkey  (cost=0.00..20.96 rows=853 width=0)
	              Index Cond: ((id >= 9374705) AND (id <= 9375704))

for: count_ranges
table 1 : explain SELECT count(c) FROM sbtest1 WHERE id BETWEEN 2926249 AND 2927248
	Aggregate  (cost=3793.90..3793.91 rows=1 width=8)
	  ->  Bitmap Heap Scan on sbtest1  (cost=22.50..3791.45 rows=982 width=121)
	        Recheck Cond: ((id >= 2926249) AND (id <= 2927248))
	        ->  Bitmap Index Scan on sbtest1_pkey  (cost=0.00..22.25 rows=982 width=0)
	              Index Cond: ((id >= 2926249) AND (id <= 2927248))

table 2 : explain SELECT count(c) FROM sbtest2 WHERE id BETWEEN 2624386 AND 2625385
	Aggregate  (cost=3662.88..3662.89 rows=1 width=8)
	  ->  Bitmap Heap Scan on sbtest2  (cost=22.14..3660.51 rows=947 width=121)
	        Recheck Cond: ((id >= 2624386) AND (id <= 2625385))
	        ->  Bitmap Index Scan on sbtest2_pkey  (cost=0.00..21.90 rows=947 width=0)
	              Index Cond: ((id >= 2624386) AND (id <= 2625385))

table 3 : explain SELECT count(c) FROM sbtest3 WHERE id BETWEEN 5488643 AND 5489642
	Aggregate  (cost=3885.47..3885.48 rows=1 width=8)
	  ->  Bitmap Heap Scan on sbtest3  (cost=22.75..3882.95 rows=1006 width=121)
	        Recheck Cond: ((id >= 5488643) AND (id <= 5489642))
	        ->  Bitmap Index Scan on sbtest3_pkey  (cost=0.00..22.50 rows=1006 width=0)
	              Index Cond: ((id >= 5488643) AND (id <= 5489642))

table 4 : explain SELECT count(c) FROM sbtest4 WHERE id BETWEEN 707929 AND 708928
	Aggregate  (cost=4040.65..4040.66 rows=1 width=8)
	  ->  Bitmap Heap Scan on sbtest4  (cost=23.17..4038.03 rows=1047 width=121)
	        Recheck Cond: ((id >= 707929) AND (id <= 708928))
	        ->  Bitmap Index Scan on sbtest4_pkey  (cost=0.00..22.90 rows=1047 width=0)
	              Index Cond: ((id >= 707929) AND (id <= 708928))

table 5 : explain SELECT count(c) FROM sbtest5 WHERE id BETWEEN 8733396 AND 8734395
	Aggregate  (cost=4006.92..4006.93 rows=1 width=8)
	  ->  Bitmap Heap Scan on sbtest5  (cost=23.07..4004.33 rows=1038 width=121)
	        Recheck Cond: ((id >= 8733396) AND (id <= 8734395))
	        ->  Bitmap Index Scan on sbtest5_pkey  (cost=0.00..22.82 rows=1038 width=0)
	              Index Cond: ((id >= 8733396) AND (id <= 8734395))

table 6 : explain SELECT count(c) FROM sbtest6 WHERE id BETWEEN 4362949 AND 4363948
	Aggregate  (cost=3687.17..3687.18 rows=1 width=8)
	  ->  Bitmap Heap Scan on sbtest6  (cost=22.20..3684.79 rows=953 width=121)
	        Recheck Cond: ((id >= 4362949) AND (id <= 4363948))
	        ->  Bitmap Index Scan on sbtest6_pkey  (cost=0.00..21.96 rows=953 width=0)
	              Index Cond: ((id >= 4362949) AND (id <= 4363948))

table 7 : explain SELECT count(c) FROM sbtest7 WHERE id BETWEEN 1741695 AND 1742694
	Aggregate  (cost=3445.19..3445.20 rows=1 width=8)
	  ->  Bitmap Heap Scan on sbtest7  (cost=21.55..3442.96 rows=889 width=121)
	        Recheck Cond: ((id >= 1741695) AND (id <= 1742694))
	        ->  Bitmap Index Scan on sbtest7_pkey  (cost=0.00..21.32 rows=889 width=0)
	              Index Cond: ((id >= 1741695) AND (id <= 1742694))

table 8 : explain SELECT count(c) FROM sbtest8 WHERE id BETWEEN 1711171 AND 1712170
	Aggregate  (cost=3845.64..3845.65 rows=1 width=8)
	  ->  Bitmap Heap Scan on sbtest8  (cost=22.63..3843.15 rows=995 width=121)
	        Recheck Cond: ((id >= 1711171) AND (id <= 1712170))
	        ->  Bitmap Index Scan on sbtest8_pkey  (cost=0.00..22.39 rows=995 width=0)
	              Index Cond: ((id >= 1711171) AND (id <= 1712170))

for: count_ranges
table 1 : explain SELECT count(c) FROM sbtest1 WHERE id BETWEEN 8961881 AND 8962880
	Aggregate  (cost=4053.60..4053.61 rows=1 width=8)
	  ->  Bitmap Heap Scan on sbtest1  (cost=23.21..4050.97 rows=1051 width=121)
	        Recheck Cond: ((id >= 8961881) AND (id <= 8962880))
	        ->  Bitmap Index Scan on sbtest1_pkey  (cost=0.00..22.94 rows=1051 width=0)
	              Index Cond: ((id >= 8961881) AND (id <= 8962880))

table 2 : explain SELECT count(c) FROM sbtest2 WHERE id BETWEEN 6649500 AND 6650499
	Aggregate  (cost=3662.88..3662.89 rows=1 width=8)
	  ->  Bitmap Heap Scan on sbtest2  (cost=22.14..3660.51 rows=947 width=121)
	        Recheck Cond: ((id >= 6649500) AND (id <= 6650499))
	        ->  Bitmap Index Scan on sbtest2_pkey  (cost=0.00..21.90 rows=947 width=0)
	              Index Cond: ((id >= 6649500) AND (id <= 6650499))

table 3 : explain SELECT count(c) FROM sbtest3 WHERE id BETWEEN 834309 AND 835308
	Aggregate  (cost=3417.37..3417.38 rows=1 width=8)
	  ->  Bitmap Heap Scan on sbtest3  (cost=21.48..3415.17 rows=882 width=121)
	        Recheck Cond: ((id >= 834309) AND (id <= 835308))
	        ->  Bitmap Index Scan on sbtest3_pkey  (cost=0.00..21.25 rows=882 width=0)
	              Index Cond: ((id >= 834309) AND (id <= 835308))

table 4 : explain SELECT count(c) FROM sbtest4 WHERE id BETWEEN 3483283 AND 3484282
	Aggregate  (cost=3954.07..3954.08 rows=1 width=8)
	  ->  Bitmap Heap Scan on sbtest4  (cost=22.93..3951.51 rows=1024 width=121)
	        Recheck Cond: ((id >= 3483283) AND (id <= 3484282))
	        ->  Bitmap Index Scan on sbtest4_pkey  (cost=0.00..22.68 rows=1024 width=0)
	              Index Cond: ((id >= 3483283) AND (id <= 3484282))

table 5 : explain SELECT count(c) FROM sbtest5 WHERE id BETWEEN 8727497 AND 8728496
	Aggregate  (cost=4006.92..4006.93 rows=1 width=8)
	  ->  Bitmap Heap Scan on sbtest5  (cost=23.07..4004.33 rows=1038 width=121)
	        Recheck Cond: ((id >= 8727497) AND (id <= 8728496))
	        ->  Bitmap Index Scan on sbtest5_pkey  (cost=0.00..22.82 rows=1038 width=0)
	              Index Cond: ((id >= 8727497) AND (id <= 8728496))

table 6 : explain SELECT count(c) FROM sbtest6 WHERE id BETWEEN 2371773 AND 2372772
	Aggregate  (cost=4207.28..4207.29 rows=1 width=8)
	  ->  Bitmap Heap Scan on sbtest6  (cost=27.61..4204.56 rows=1090 width=121)
	        Recheck Cond: ((id >= 2371773) AND (id <= 2372772))
	        ->  Bitmap Index Scan on sbtest6_pkey  (cost=0.00..27.33 rows=1090 width=0)
	              Index Cond: ((id >= 2371773) AND (id <= 2372772))

table 7 : explain SELECT count(c) FROM sbtest7 WHERE id BETWEEN 9789612 AND 9790611
	Aggregate  (cost=4094.18..4094.19 rows=1 width=8)
	  ->  Bitmap Heap Scan on sbtest7  (cost=23.31..4091.53 rows=1061 width=121)
	        Recheck Cond: ((id >= 9789612) AND (id <= 9790611))
	        ->  Bitmap Index Scan on sbtest7_pkey  (cost=0.00..23.04 rows=1061 width=0)
	              Index Cond: ((id >= 9789612) AND (id <= 9790611))

table 8 : explain SELECT count(c) FROM sbtest8 WHERE id BETWEEN 8148148 AND 8149147
	Aggregate  (cost=3773.98..3773.99 rows=1 width=8)
	  ->  Bitmap Heap Scan on sbtest8  (cost=22.44..3771.54 rows=976 width=121)
	        Recheck Cond: ((id >= 8148148) AND (id <= 8149147))
	        ->  Bitmap Index Scan on sbtest8_pkey  (cost=0.00..22.19 rows=976 width=0)
	              Index Cond: ((id >= 8148148) AND (id <= 8149147))

Threads started!

Warming up for 5 seconds...

SQL statistics:
    queries performed:
        read:                            18490010
        write:                           0
        other:                           0
        total:                           18490010
    transactions:                        18490010 (29349.26 per sec.)
    queries:                             18490010 (29349.26 per sec.)
    ignored errors:                      0      (0.00 per sec.)
    reconnects:                          0      (0.00 per sec.)

Throughput:
    events/s (eps):                      29349.2634
    time elapsed:                        630.0062s
    total number of events:              18490010

Latency (ms):
         min:                                    0.10
         avg:                                    1.36
         max:                                    9.56
         95th percentile:                        1.47
         sum:                             25189694.45

Threads fairness:
    events (avg/stddev):           462249.7250/1171.73
    execution time (avg/stddev):   629.7424/0.01

