LUA_PATH=/home/mdcallag/git/mytools/bench/sysbench.lua/lua/?.lua /home/mdcallag/git/mytools/bench/sysbench.lua/lua/sysbench --db-driver=pgsql --range-size=100 --table-size=10000000 --tables=8 --threads=40 --events=0 --warmup-time=5 --time=630 --pgsql_conn_id=true /home/mdcallag/git/mytools/bench/sysbench.lua/lua/oltp_point_select.lua run --pgsql-user=root --pgsql-password=pw --pgsql-host=127.0.0.1 --pgsql-db=ib --rand-type=uniform --skip-trx
48 CPUs
sysbench 1.1.0-9072687 (using bundled LuaJIT 2.1.0-beta3)

Running the test with following options:
Number of threads: 40
Warmup time: 5s
Initializing random number generator from current time


Initializing worker threads...

explain: for point_selects :: explain SELECT c FROM sbtest%u WHERE id=%u
explain: for point_selects :: explain SELECT c FROM sbtest%u WHERE id=%u
explain: for point_selects :: explain SELECT c FROM sbtest%u WHERE id=%u
explain: for point_selects :: explain SELECT c FROM sbtest%u WHERE id=%u
explain: for point_selects :: explain SELECT c FROM sbtest%u WHERE id=%u
explain: for point_selects :: explain SELECT c FROM sbtest%u WHERE id=%u
for point_selects
table 1 : explain SELECT c FROM sbtest1 WHERE id=2129682
	Index Scan using sbtest1_pkey on sbtest1  (cost=0.43..8.45 rows=1 width=121)
	  Index Cond: (id = 2129682)

table 2 : explain SELECT c FROM sbtest2 WHERE id=2683058
	Index Scan using sbtest2_pkey on sbtest2  (cost=0.43..8.45 rows=1 width=121)
	  Index Cond: (id = 2683058)

table 3 : explain SELECT c FROM sbtest3 WHERE id=4651731
	Index Scan using sbtest3_pkey on sbtest3  (cost=0.43..8.45 rows=1 width=121)
	  Index Cond: (id = 4651731)

table 4 : explain SELECT c FROM sbtest4 WHERE id=6028239
	Index Scan using sbtest4_pkey on sbtest4  (cost=0.43..8.45 rows=1 width=121)
	  Index Cond: (id = 6028239)

table 5 : explain SELECT c FROM sbtest5 WHERE id=8249502
	Index Scan using sbtest5_pkey on sbtest5  (cost=0.43..8.45 rows=1 width=121)
	  Index Cond: (id = 8249502)

table 6 : explain SELECT c FROM sbtest6 WHERE id=3981374
	Index Scan using sbtest6_pkey on sbtest6  (cost=0.43..8.45 rows=1 width=121)
	  Index Cond: (id = 3981374)

table 7 : explain SELECT c FROM sbtest7 WHERE id=9349981
	Index Scan using sbtest7_pkey on sbtest7  (cost=0.43..8.45 rows=1 width=121)
	  Index Cond: (id = 9349981)

table 8 : explain SELECT c FROM sbtest8 WHERE id=3710821
	Index Scan using sbtest8_pkey on sbtest8  (cost=0.43..8.45 rows=1 width=121)
	  Index Cond: (id = 3710821)

for point_selects
table 1 : explain SELECT c FROM sbtest1 WHERE id=4387193
	Index Scan using sbtest1_pkey on sbtest1  (cost=0.43..8.45 rows=1 width=121)
	  Index Cond: (id = 4387193)

table 2 : explain SELECT c FROM sbtest2 WHERE id=3014138
	Index Scan using sbtest2_pkey on sbtest2  (cost=0.43..8.45 rows=1 width=121)
	  Index Cond: (id = 3014138)

table 3 : explain SELECT c FROM sbtest3 WHERE id=3303116
	Index Scan using sbtest3_pkey on sbtest3  (cost=0.43..8.45 rows=1 width=121)
	  Index Cond: (id = 3303116)

table 4 : explain SELECT c FROM sbtest4 WHERE id=1441150
	Index Scan using sbtest4_pkey on sbtest4  (cost=0.43..8.45 rows=1 width=121)
	  Index Cond: (id = 1441150)

table 5 : explain SELECT c FROM sbtest5 WHERE id=7429359
	Index Scan using sbtest5_pkey on sbtest5  (cost=0.43..8.45 rows=1 width=121)
	  Index Cond: (id = 7429359)

table 6 : explain SELECT c FROM sbtest6 WHERE id=8522162
	Index Scan using sbtest6_pkey on sbtest6  (cost=0.43..8.45 rows=1 width=121)
	  Index Cond: (id = 8522162)

table 7 : explain SELECT c FROM sbtest7 WHERE id=9935161
	Index Scan using sbtest7_pkey on sbtest7  (cost=0.43..8.45 rows=1 width=121)
	  Index Cond: (id = 9935161)

table 8 : explain SELECT c FROM sbtest8 WHERE id=9559719
	Index Scan using sbtest8_pkey on sbtest8  (cost=0.43..8.45 rows=1 width=121)
	  Index Cond: (id = 9559719)
for point_selects
table 1 : explain SELECT c FROM sbtest1 WHERE id=9172541
	Index Scan using sbtest1_pkey on sbtest1  (cost=0.43..8.45 rows=1 width=121)
	  Index Cond: (id = 9172541)

table 2 : explain SELECT c FROM sbtest2 WHERE id=1784717
	Index Scan using sbtest2_pkey on sbtest2  (cost=0.43..8.45 rows=1 width=121)
	  Index Cond: (id = 1784717)

table 3 : explain SELECT c FROM sbtest3 WHERE id=9826987
	Index Scan using sbtest3_pkey on sbtest3  (cost=0.43..8.45 rows=1 width=121)
	  Index Cond: (id = 9826987)

table 4 : explain SELECT c FROM sbtest4 WHERE id=2340901
	Index Scan using sbtest4_pkey on sbtest4  (cost=0.43..8.45 rows=1 width=121)
	  Index Cond: (id = 2340901)

table 5 : explain SELECT c FROM sbtest5 WHERE id=6477976
	Index Scan using sbtest5_pkey on sbtest5  (cost=0.43..8.45 rows=1 width=121)
	  Index Cond: (id = 6477976)

table 6 : explain SELECT c FROM sbtest6 WHERE id=4287420
	Index Scan using sbtest6_pkey on sbtest6  (cost=0.43..8.45 rows=1 width=121)
	  Index Cond: (id = 4287420)

table 7 : explain SELECT c FROM sbtest7 WHERE id=4755883
	Index Scan using sbtest7_pkey on sbtest7  (cost=0.43..8.45 rows=1 width=121)
	  Index Cond: (id = 4755883)

table 8 : explain SELECT c FROM sbtest8 WHERE id=5702901
	Index Scan using sbtest8_pkey on sbtest8  (cost=0.43..8.45 rows=1 width=121)
	  Index Cond: (id = 5702901)


for point_selects
table 1 : explain SELECT c FROM sbtest1 WHERE id=4418341
	Index Scan using sbtest1_pkey on sbtest1  (cost=0.43..8.45 rows=1 width=121)
	  Index Cond: (id = 4418341)

table 2 : explain SELECT c FROM sbtest2 WHERE id=9103700
	Index Scan using sbtest2_pkey on sbtest2  (cost=0.43..8.45 rows=1 width=121)
	  Index Cond: (id = 9103700)

table 3 : explain SELECT c FROM sbtest3 WHERE id=3983432
	Index Scan using sbtest3_pkey on sbtest3  (cost=0.43..8.45 rows=1 width=121)
	  Index Cond: (id = 3983432)

table 4 : explain SELECT c FROM sbtest4 WHERE id=2013227
	Index Scan using sbtest4_pkey on sbtest4  (cost=0.43..8.45 rows=1 width=121)
	  Index Cond: (id = 2013227)

table 5 : explain SELECT c FROM sbtest5 WHERE id=3172030
	Index Scan using sbtest5_pkey on sbtest5  (cost=0.43..8.45 rows=1 width=121)
	  Index Cond: (id = 3172030)

table 6 : explain SELECT c FROM sbtest6 WHERE id=6315845
	Index Scan using sbtest6_pkey on sbtest6  (cost=0.43..8.45 rows=1 width=121)
	  Index Cond: (id = 6315845)

table 7 : explain SELECT c FROM sbtest7 WHERE id=4489763
	Index Scan using sbtest7_pkey on sbtest7  (cost=0.43..8.45 rows=1 width=121)
	  Index Cond: (id = 4489763)

table 8 : explain SELECT c FROM sbtest8 WHERE id=8175567
	Index Scan using sbtest8_pkey on sbtest8  (cost=0.43..8.45 rows=1 width=121)
	  Index Cond: (id = 8175567)

explain: for point_selects :: explain SELECT c FROM sbtest%u WHERE id=%u
for point_selects
table 1 : explain SELECT c FROM sbtest1 WHERE id=6303109
	Index Scan using sbtest1_pkey on sbtest1  (cost=0.43..8.45 rows=1 width=121)
	  Index Cond: (id = 6303109)

table 2 : explain SELECT c FROM sbtest2 WHERE id=7643679
	Index Scan using sbtest2_pkey on sbtest2  (cost=0.43..8.45 rows=1 width=121)
	  Index Cond: (id = 7643679)

table 3 : explain SELECT c FROM sbtest3 WHERE id=1794371
	Index Scan using sbtest3_pkey on sbtest3  (cost=0.43..8.45 rows=1 width=121)
	  Index Cond: (id = 1794371)

table 4 : explain SELECT c FROM sbtest4 WHERE id=6715261
	Index Scan using sbtest4_pkey on sbtest4  (cost=0.43..8.45 rows=1 width=121)
	  Index Cond: (id = 6715261)

table 5 : explain SELECT c FROM sbtest5 WHERE id=7959100
	Index Scan using sbtest5_pkey on sbtest5  (cost=0.43..8.45 rows=1 width=121)
	  Index Cond: (id = 7959100)

table 6 : explain SELECT c FROM sbtest6 WHERE id=4979310
	Index Scan using sbtest6_pkey on sbtest6  (cost=0.43..8.45 rows=1 width=121)
	  Index Cond: (id = 4979310)

table 7 : explain SELECT c FROM sbtest7 WHERE id=5454613
	Index Scan using sbtest7_pkey on sbtest7  (cost=0.43..8.45 rows=1 width=121)
	  Index Cond: (id = 5454613)

table 8 : explain SELECT c FROM sbtest8 WHERE id=6076213
	Index Scan using sbtest8_pkey on sbtest8  (cost=0.43..8.45 rows=1 width=121)
	  Index Cond: (id = 6076213)

explain: for point_selects :: explain SELECT c FROM sbtest%u WHERE id=%u
for point_selects
table 1 : explain SELECT c FROM sbtest1 WHERE id=1028489
	Index Scan using sbtest1_pkey on sbtest1  (cost=0.43..8.45 rows=1 width=121)
	  Index Cond: (id = 1028489)

table 2 : explain SELECT c FROM sbtest2 WHERE id=6004857
	Index Scan using sbtest2_pkey on sbtest2  (cost=0.43..8.45 rows=1 width=121)
	  Index Cond: (id = 6004857)

table 3 : explain SELECT c FROM sbtest3 WHERE id=4640522
	Index Scan using sbtest3_pkey on sbtest3  (cost=0.43..8.45 rows=1 width=121)
	  Index Cond: (id = 4640522)

table 4 : explain SELECT c FROM sbtest4 WHERE id=3254922
	Index Scan using sbtest4_pkey on sbtest4  (cost=0.43..8.45 rows=1 width=121)
	  Index Cond: (id = 3254922)

table 5 : explain SELECT c FROM sbtest5 WHERE id=7795081
	Index Scan using sbtest5_pkey on sbtest5  (cost=0.43..8.45 rows=1 width=121)
	  Index Cond: (id = 7795081)

table 6 : explain SELECT c FROM sbtest6 WHERE id=6445992
	Index Scan using sbtest6_pkey on sbtest6  (cost=0.43..8.45 rows=1 width=121)
	  Index Cond: (id = 6445992)

table 7 : explain SELECT c FROM sbtest7 WHERE id=8832381
	Index Scan using sbtest7_pkey on sbtest7  (cost=0.43..8.45 rows=1 width=121)
	  Index Cond: (id = 8832381)

table 8 : explain SELECT c FROM sbtest8 WHERE id=3036137
	Index Scan using sbtest8_pkey on sbtest8  (cost=0.43..8.45 rows=1 width=121)
	  Index Cond: (id = 3036137)

explain: for point_selects :: explain SELECT c FROM sbtest%u WHERE id=%u
explain: for point_selects :: explain SELECT c FROM sbtest%u WHERE id=%u
explain: for point_selects :: explain SELECT c FROM sbtest%u WHERE id=%u
for point_selects
table 1 : explain SELECT c FROM sbtest1 WHERE id=8714211
	Index Scan using sbtest1_pkey on sbtest1  (cost=0.43..8.45 rows=1 width=121)
	  Index Cond: (id = 8714211)

table 2 : explain SELECT c FROM sbtest2 WHERE id=7320408
	Index Scan using sbtest2_pkey on sbtest2  (cost=0.43..8.45 rows=1 width=121)
	  Index Cond: (id = 7320408)

table 3 : explain SELECT c FROM sbtest3 WHERE id=1656016
	Index Scan using sbtest3_pkey on sbtest3  (cost=0.43..8.45 rows=1 width=121)
	  Index Cond: (id = 1656016)

table 4 : explain SELECT c FROM sbtest4 WHERE id=7423828
	Index Scan using sbtest4_pkey on sbtest4  (cost=0.43..8.45 rows=1 width=121)
	  Index Cond: (id = 7423828)

table 5 : explain SELECT c FROM sbtest5 WHERE id=4791618
	Index Scan using sbtest5_pkey on sbtest5  (cost=0.43..8.45 rows=1 width=121)
	  Index Cond: (id = 4791618)

table 6 : explain SELECT c FROM sbtest6 WHERE id=5626791
	Index Scan using sbtest6_pkey on sbtest6  (cost=0.43..8.45 rows=1 width=121)
	  Index Cond: (id = 5626791)

table 7 : explain SELECT c FROM sbtest7 WHERE id=7513491
	Index Scan using sbtest7_pkey on sbtest7  (cost=0.43..8.45 rows=1 width=121)
	  Index Cond: (id = 7513491)

table 8 : explain SELECT c FROM sbtest8 WHERE id=4817186
	Index Scan using sbtest8_pkey on sbtest8  (cost=0.43..8.45 rows=1 width=121)
	  Index Cond: (id = 4817186)

explain: for point_selects :: explain SELECT c FROM sbtest%u WHERE id=%u
for point_selects
table 1 : explain SELECT c FROM sbtest1 WHERE id=1409515
	Index Scan using sbtest1_pkey on sbtest1  (cost=0.43..8.45 rows=1 width=121)
	  Index Cond: (id = 1409515)

table 2 : explain SELECT c FROM sbtest2 WHERE id=3242251
	Index Scan using sbtest2_pkey on sbtest2  (cost=0.43..8.45 rows=1 width=121)
	  Index Cond: (id = 3242251)

table 3 : explain SELECT c FROM sbtest3 WHERE id=688092
	Index Scan using sbtest3_pkey on sbtest3  (cost=0.43..8.45 rows=1 width=121)
	  Index Cond: (id = 688092)

table 4 : explain SELECT c FROM sbtest4 WHERE id=4282606
	Index Scan using sbtest4_pkey on sbtest4  (cost=0.43..8.45 rows=1 width=121)
	  Index Cond: (id = 4282606)

table 5 : explain SELECT c FROM sbtest5 WHERE id=5468907
	Index Scan using sbtest5_pkey on sbtest5  (cost=0.43..8.45 rows=1 width=121)
	  Index Cond: (id = 5468907)

table 6 : explain SELECT c FROM sbtest6 WHERE id=9327843
	Index Scan using sbtest6_pkey on sbtest6  (cost=0.43..8.45 rows=1 width=121)
	  Index Cond: (id = 9327843)

table 7 : explain SELECT c FROM sbtest7 WHERE id=1796555
	Index Scan using sbtest7_pkey on sbtest7  (cost=0.43..8.45 rows=1 width=121)
	  Index Cond: (id = 1796555)

table 8 : explain SELECT c FROM sbtest8 WHERE id=793357
	Index Scan using sbtest8_pkey on sbtest8  (cost=0.43..8.45 rows=1 width=121)
	  Index Cond: (id = 793357)

explain: for point_selects :: explain SELECT c FROM sbtest%u WHERE id=%u
for point_selects
table 1 : explain SELECT c FROM sbtest1 WHERE id=347143
	Index Scan using sbtest1_pkey on sbtest1  (cost=0.43..8.45 rows=1 width=121)
	  Index Cond: (id = 347143)

table 2 : explain SELECT c FROM sbtest2 WHERE id=2749722
	Index Scan using sbtest2_pkey on sbtest2  (cost=0.43..8.45 rows=1 width=121)
	  Index Cond: (id = 2749722)

table 3 : explain SELECT c FROM sbtest3 WHERE id=1750627
	Index Scan using sbtest3_pkey on sbtest3  (cost=0.43..8.45 rows=1 width=121)
	  Index Cond: (id = 1750627)

table 4 : explain SELECT c FROM sbtest4 WHERE id=4115709
	Index Scan using sbtest4_pkey on sbtest4  (cost=0.43..8.45 rows=1 width=121)
	  Index Cond: (id = 4115709)

table 5 : explain SELECT c FROM sbtest5 WHERE id=7226323
	Index Scan using sbtest5_pkey on sbtest5  (cost=0.43..8.45 rows=1 width=121)
	  Index Cond: (id = 7226323)

table 6 : explain SELECT c FROM sbtest6 WHERE id=4855933
	Index Scan using sbtest6_pkey on sbtest6  (cost=0.43..8.45 rows=1 width=121)
	  Index Cond: (id = 4855933)

table 7 : explain SELECT c FROM sbtest7 WHERE id=6080720
	Index Scan using sbtest7_pkey on sbtest7  (cost=0.43..8.45 rows=1 width=121)
	  Index Cond: (id = 6080720)

table 8 : explain SELECT c FROM sbtest8 WHERE id=1744107
	Index Scan using sbtest8_pkey on sbtest8  (cost=0.43..8.45 rows=1 width=121)
	  Index Cond: (id = 1744107)

for point_selects
table 1 : explain SELECT c FROM sbtest1 WHERE id=5553001
	Index Scan using sbtest1_pkey on sbtest1  (cost=0.43..8.45 rows=1 width=121)
	  Index Cond: (id = 5553001)

table 2 : explain SELECT c FROM sbtest2 WHERE id=1614060
	Index Scan using sbtest2_pkey on sbtest2  (cost=0.43..8.45 rows=1 width=121)
	  Index Cond: (id = 1614060)

table 3 : explain SELECT c FROM sbtest3 WHERE id=5525959
	Index Scan using sbtest3_pkey on sbtest3  (cost=0.43..8.45 rows=1 width=121)
	  Index Cond: (id = 5525959)

table 4 : explain SELECT c FROM sbtest4 WHERE id=3596097
	Index Scan using sbtest4_pkey on sbtest4  (cost=0.43..8.45 rows=1 width=121)
	  Index Cond: (id = 3596097)

table 5 : explain SELECT c FROM sbtest5 WHERE id=7409911
	Index Scan using sbtest5_pkey on sbtest5  (cost=0.43..8.45 rows=1 width=121)
	  Index Cond: (id = 7409911)

table 6 : explain SELECT c FROM sbtest6 WHERE id=1518629
	Index Scan using sbtest6_pkey on sbtest6  (cost=0.43..8.45 rows=1 width=121)
	  Index Cond: (id = 1518629)

table 7 : explain SELECT c FROM sbtest7 WHERE id=1658712
	Index Scan using sbtest7_pkey on sbtest7  (cost=0.43..8.45 rows=1 width=121)
	  Index Cond: (id = 1658712)

table 8 : explain SELECT c FROM sbtest8 WHERE id=7026692
	Index Scan using sbtest8_pkey on sbtest8  (cost=0.43..8.45 rows=1 width=121)
	  Index Cond: (id = 7026692)

for point_selects
table 1 : explain SELECT c FROM sbtest1 WHERE id=4892947
	Index Scan using sbtest1_pkey on sbtest1  (cost=0.43..8.45 rows=1 width=121)
	  Index Cond: (id = 4892947)

table 2 : explain SELECT c FROM sbtest2 WHERE id=4341896
	Index Scan using sbtest2_pkey on sbtest2  (cost=0.43..8.45 rows=1 width=121)
	  Index Cond: (id = 4341896)

table 3 : explain SELECT c FROM sbtest3 WHERE id=442972
	Index Scan using sbtest3_pkey on sbtest3  (cost=0.43..8.45 rows=1 width=121)
	  Index Cond: (id = 442972)

table 4 : explain SELECT c FROM sbtest4 WHERE id=8994741
	Index Scan using sbtest4_pkey on sbtest4  (cost=0.43..8.45 rows=1 width=121)
	  Index Cond: (id = 8994741)

table 5 : explain SELECT c FROM sbtest5 WHERE id=7179508
	Index Scan using sbtest5_pkey on sbtest5  (cost=0.43..8.45 rows=1 width=121)
	  Index Cond: (id = 7179508)

table 6 : explain SELECT c FROM sbtest6 WHERE id=133999
	Index Scan using sbtest6_pkey on sbtest6  (cost=0.43..8.45 rows=1 width=121)
	  Index Cond: (id = 133999)

table 7 : explain SELECT c FROM sbtest7 WHERE id=1289222
	Index Scan using sbtest7_pkey on sbtest7  (cost=0.43..8.45 rows=1 width=121)
	  Index Cond: (id = 1289222)

table 8 : explain SELECT c FROM sbtest8 WHERE id=574428
	Index Scan using sbtest8_pkey on sbtest8  (cost=0.43..8.45 rows=1 width=121)
	  Index Cond: (id = 574428)

for point_selects
table 1 : explain SELECT c FROM sbtest1 WHERE id=4883116
	Index Scan using sbtest1_pkey on sbtest1  (cost=0.43..8.45 rows=1 width=121)
	  Index Cond: (id = 4883116)

table 2 : explain SELECT c FROM sbtest2 WHERE id=966153
	Index Scan using sbtest2_pkey on sbtest2  (cost=0.43..8.45 rows=1 width=121)
	  Index Cond: (id = 966153)

table 3 : explain SELECT c FROM sbtest3 WHERE id=3019361
	Index Scan using sbtest3_pkey on sbtest3  (cost=0.43..8.45 rows=1 width=121)
	  Index Cond: (id = 3019361)

table 4 : explain SELECT c FROM sbtest4 WHERE id=7677018
	Index Scan using sbtest4_pkey on sbtest4  (cost=0.43..8.45 rows=1 width=121)
	  Index Cond: (id = 7677018)

table 5 : explain SELECT c FROM sbtest5 WHERE id=2222550
	Index Scan using sbtest5_pkey on sbtest5  (cost=0.43..8.45 rows=1 width=121)
	  Index Cond: (id = 2222550)

table 6 : explain SELECT c FROM sbtest6 WHERE id=2546049
	Index Scan using sbtest6_pkey on sbtest6  (cost=0.43..8.45 rows=1 width=121)
	  Index Cond: (id = 2546049)

table 7 : explain SELECT c FROM sbtest7 WHERE id=3742450
	Index Scan using sbtest7_pkey on sbtest7  (cost=0.43..8.45 rows=1 width=121)
	  Index Cond: (id = 3742450)

table 8 : explain SELECT c FROM sbtest8 WHERE id=7585951
	Index Scan using sbtest8_pkey on sbtest8  (cost=0.43..8.45 rows=1 width=121)
	  Index Cond: (id = 7585951)

explain: for point_selects :: explain SELECT c FROM sbtest%u WHERE id=%u
explain: for point_selects :: explain SELECT c FROM sbtest%u WHERE id=%u
explain: for point_selects :: explain SELECT c FROM sbtest%u WHERE id=%u
explain: for point_selects :: explain SELECT c FROM sbtest%u WHERE id=%u
for point_selects
table 1 : explain SELECT c FROM sbtest1 WHERE id=5737865
	Index Scan using sbtest1_pkey on sbtest1  (cost=0.43..8.45 rows=1 width=121)
	  Index Cond: (id = 5737865)

table 2 : explain SELECT c FROM sbtest2 WHERE id=7926733
	Index Scan using sbtest2_pkey on sbtest2  (cost=0.43..8.45 rows=1 width=121)
	  Index Cond: (id = 7926733)

table 3 : explain SELECT c FROM sbtest3 WHERE id=7112095
	Index Scan using sbtest3_pkey on sbtest3  (cost=0.43..8.45 rows=1 width=121)
	  Index Cond: (id = 7112095)

table 4 : explain SELECT c FROM sbtest4 WHERE id=2700589
	Index Scan using sbtest4_pkey on sbtest4  (cost=0.43..8.45 rows=1 width=121)
	  Index Cond: (id = 2700589)

table 5 : explain SELECT c FROM sbtest5 WHERE id=4089067
	Index Scan using sbtest5_pkey on sbtest5  (cost=0.43..8.45 rows=1 width=121)
	  Index Cond: (id = 4089067)

table 6 : explain SELECT c FROM sbtest6 WHERE id=8168970
	Index Scan using sbtest6_pkey on sbtest6  (cost=0.43..8.45 rows=1 width=121)
	  Index Cond: (id = 8168970)

table 7 : explain SELECT c FROM sbtest7 WHERE id=3074420
	Index Scan using sbtest7_pkey on sbtest7  (cost=0.43..8.45 rows=1 width=121)
	  Index Cond: (id = 3074420)

table 8 : explain SELECT c FROM sbtest8 WHERE id=4938329
	Index Scan using sbtest8_pkey on sbtest8  (cost=0.43..8.45 rows=1 width=121)
	  Index Cond: (id = 4938329)

explain: for point_selects :: explain SELECT c FROM sbtest%u WHERE id=%u
explain: for point_selects :: explain SELECT c FROM sbtest%u WHERE id=%u
for point_selects
table 1 : explain SELECT c FROM sbtest1 WHERE id=9909147
	Index Scan using sbtest1_pkey on sbtest1  (cost=0.43..8.45 rows=1 width=121)
	  Index Cond: (id = 9909147)

table 2 : explain SELECT c FROM sbtest2 WHERE id=3360091
	Index Scan using sbtest2_pkey on sbtest2  (cost=0.43..8.45 rows=1 width=121)
	  Index Cond: (id = 3360091)

table 3 : explain SELECT c FROM sbtest3 WHERE id=6392731
	Index Scan using sbtest3_pkey on sbtest3  (cost=0.43..8.45 rows=1 width=121)
	  Index Cond: (id = 6392731)

table 4 : explain SELECT c FROM sbtest4 WHERE id=8094636
	Index Scan using sbtest4_pkey on sbtest4  (cost=0.43..8.45 rows=1 width=121)
	  Index Cond: (id = 8094636)

table 5 : explain SELECT c FROM sbtest5 WHERE id=9016911
	Index Scan using sbtest5_pkey on sbtest5  (cost=0.43..8.45 rows=1 width=121)
	  Index Cond: (id = 9016911)

table 6 : explain SELECT c FROM sbtest6 WHERE id=848854
	Index Scan using sbtest6_pkey on sbtest6  (cost=0.43..8.45 rows=1 width=121)
	  Index Cond: (id = 848854)

table 7 : explain SELECT c FROM sbtest7 WHERE id=4344533
	Index Scan using sbtest7_pkey on sbtest7  (cost=0.43..8.45 rows=1 width=121)
	  Index Cond: (id = 4344533)

table 8 : explain SELECT c FROM sbtest8 WHERE id=2996653
	Index Scan using sbtest8_pkey on sbtest8  (cost=0.43..8.45 rows=1 width=121)
	  Index Cond: (id = 2996653)

for point_selects
table 1 : explain SELECT c FROM sbtest1 WHERE id=5828826
	Index Scan using sbtest1_pkey on sbtest1  (cost=0.43..8.45 rows=1 width=121)
	  Index Cond: (id = 5828826)

table 2 : explain SELECT c FROM sbtest2 WHERE id=5277686
	Index Scan using sbtest2_pkey on sbtest2  (cost=0.43..8.45 rows=1 width=121)
	  Index Cond: (id = 5277686)

table 3 : explain SELECT c FROM sbtest3 WHERE id=5173591
	Index Scan using sbtest3_pkey on sbtest3  (cost=0.43..8.45 rows=1 width=121)
	  Index Cond: (id = 5173591)

table 4 : explain SELECT c FROM sbtest4 WHERE id=7032234
	Index Scan using sbtest4_pkey on sbtest4  (cost=0.43..8.45 rows=1 width=121)
	  Index Cond: (id = 7032234)

table 5 : explain SELECT c FROM sbtest5 WHERE id=298827
	Index Scan using sbtest5_pkey on sbtest5  (cost=0.43..8.45 rows=1 width=121)
	  Index Cond: (id = 298827)

table 6 : explain SELECT c FROM sbtest6 WHERE id=4285108
	Index Scan using sbtest6_pkey on sbtest6  (cost=0.43..8.45 rows=1 width=121)
	  Index Cond: (id = 4285108)

table 7 : explain SELECT c FROM sbtest7 WHERE id=6452352
	Index Scan using sbtest7_pkey on sbtest7  (cost=0.43..8.45 rows=1 width=121)
	  Index Cond: (id = 6452352)

table 8 : explain SELECT c FROM sbtest8 WHERE id=453447
	Index Scan using sbtest8_pkey on sbtest8  (cost=0.43..8.45 rows=1 width=121)
	  Index Cond: (id = 453447)

for point_selects
table 1 : explain SELECT c FROM sbtest1 WHERE id=2376038
	Index Scan using sbtest1_pkey on sbtest1  (cost=0.43..8.45 rows=1 width=121)
	  Index Cond: (id = 2376038)

table 2 : explain SELECT c FROM sbtest2 WHERE id=6768938
	Index Scan using sbtest2_pkey on sbtest2  (cost=0.43..8.45 rows=1 width=121)
	  Index Cond: (id = 6768938)

table 3 : explain SELECT c FROM sbtest3 WHERE id=9069951
	Index Scan using sbtest3_pkey on sbtest3  (cost=0.43..8.45 rows=1 width=121)
	  Index Cond: (id = 9069951)

table 4 : explain SELECT c FROM sbtest4 WHERE id=8092379
	Index Scan using sbtest4_pkey on sbtest4  (cost=0.43..8.45 rows=1 width=121)
	  Index Cond: (id = 8092379)

table 5 : explain SELECT c FROM sbtest5 WHERE id=1210715
	Index Scan using sbtest5_pkey on sbtest5  (cost=0.43..8.45 rows=1 width=121)
	  Index Cond: (id = 1210715)

table 6 : explain SELECT c FROM sbtest6 WHERE id=6866083
	Index Scan using sbtest6_pkey on sbtest6  (cost=0.43..8.45 rows=1 width=121)
	  Index Cond: (id = 6866083)

table 7 : explain SELECT c FROM sbtest7 WHERE id=5730837
	Index Scan using sbtest7_pkey on sbtest7  (cost=0.43..8.45 rows=1 width=121)
	  Index Cond: (id = 5730837)

table 8 : explain SELECT c FROM sbtest8 WHERE id=5497861
	Index Scan using sbtest8_pkey on sbtest8  (cost=0.43..8.45 rows=1 width=121)
	  Index Cond: (id = 5497861)

explain: for point_selects :: explain SELECT c FROM sbtest%u WHERE id=%u
for point_selects
table 1 : explain SELECT c FROM sbtest1 WHERE id=5980000
	Index Scan using sbtest1_pkey on sbtest1  (cost=0.43..8.45 rows=1 width=121)
	  Index Cond: (id = 5980000)

table 2 : explain SELECT c FROM sbtest2 WHERE id=4845837
	Index Scan using sbtest2_pkey on sbtest2  (cost=0.43..8.45 rows=1 width=121)
	  Index Cond: (id = 4845837)

table 3 : explain SELECT c FROM sbtest3 WHERE id=796907
	Index Scan using sbtest3_pkey on sbtest3  (cost=0.43..8.45 rows=1 width=121)
	  Index Cond: (id = 796907)

table 4 : explain SELECT c FROM sbtest4 WHERE id=9319243
	Index Scan using sbtest4_pkey on sbtest4  (cost=0.43..8.45 rows=1 width=121)
	  Index Cond: (id = 9319243)

table 5 : explain SELECT c FROM sbtest5 WHERE id=1071514
	Index Scan using sbtest5_pkey on sbtest5  (cost=0.43..8.45 rows=1 width=121)
	  Index Cond: (id = 1071514)

table 6 : explain SELECT c FROM sbtest6 WHERE id=2105541
	Index Scan using sbtest6_pkey on sbtest6  (cost=0.43..8.45 rows=1 width=121)
	  Index Cond: (id = 2105541)

table 7 : explain SELECT c FROM sbtest7 WHERE id=122880
	Index Scan using sbtest7_pkey on sbtest7  (cost=0.43..8.45 rows=1 width=121)
	  Index Cond: (id = 122880)

table 8 : explain SELECT c FROM sbtest8 WHERE id=5251790
	Index Scan using sbtest8_pkey on sbtest8  (cost=0.43..8.45 rows=1 width=121)
	  Index Cond: (id = 5251790)

for point_selects
table 1 : explain SELECT c FROM sbtest1 WHERE id=543140
	Index Scan using sbtest1_pkey on sbtest1  (cost=0.43..8.45 rows=1 width=121)
	  Index Cond: (id = 543140)

table 2 : explain SELECT c FROM sbtest2 WHERE id=832075
	Index Scan using sbtest2_pkey on sbtest2  (cost=0.43..8.45 rows=1 width=121)
	  Index Cond: (id = 832075)

table 3 : explain SELECT c FROM sbtest3 WHERE id=2001328
	Index Scan using sbtest3_pkey on sbtest3  (cost=0.43..8.45 rows=1 width=121)
	  Index Cond: (id = 2001328)

table 4 : explain SELECT c FROM sbtest4 WHERE id=6778871
	Index Scan using sbtest4_pkey on sbtest4  (cost=0.43..8.45 rows=1 width=121)
	  Index Cond: (id = 6778871)

table 5 : explain SELECT c FROM sbtest5 WHERE id=3947629
	Index Scan using sbtest5_pkey on sbtest5  (cost=0.43..8.45 rows=1 width=121)
	  Index Cond: (id = 3947629)

table 6 : explain SELECT c FROM sbtest6 WHERE id=7805098
	Index Scan using sbtest6_pkey on sbtest6  (cost=0.43..8.45 rows=1 width=121)
	  Index Cond: (id = 7805098)

table 7 : explain SELECT c FROM sbtest7 WHERE id=9362075
	Index Scan using sbtest7_pkey on sbtest7  (cost=0.43..8.45 rows=1 width=121)
	  Index Cond: (id = 9362075)

table 8 : explain SELECT c FROM sbtest8 WHERE id=9091190
	Index Scan using sbtest8_pkey on sbtest8  (cost=0.43..8.45 rows=1 width=121)
	  Index Cond: (id = 9091190)

for point_selects
table 1 : explain SELECT c FROM sbtest1 WHERE id=4905392
	Index Scan using sbtest1_pkey on sbtest1  (cost=0.43..8.45 rows=1 width=121)
	  Index Cond: (id = 4905392)

table 2 : explain SELECT c FROM sbtest2 WHERE id=315142
	Index Scan using sbtest2_pkey on sbtest2  (cost=0.43..8.45 rows=1 width=121)
	  Index Cond: (id = 315142)

table 3 : explain SELECT c FROM sbtest3 WHERE id=9227518
	Index Scan using sbtest3_pkey on sbtest3  (cost=0.43..8.45 rows=1 width=121)
	  Index Cond: (id = 9227518)

table 4 : explain SELECT c FROM sbtest4 WHERE id=9265464
	Index Scan using sbtest4_pkey on sbtest4  (cost=0.43..8.45 rows=1 width=121)
	  Index Cond: (id = 9265464)

table 5 : explain SELECT c FROM sbtest5 WHERE id=7829799
	Index Scan using sbtest5_pkey on sbtest5  (cost=0.43..8.45 rows=1 width=121)
	  Index Cond: (id = 7829799)

table 6 : explain SELECT c FROM sbtest6 WHERE id=8766150
	Index Scan using sbtest6_pkey on sbtest6  (cost=0.43..8.45 rows=1 width=121)
	  Index Cond: (id = 8766150)

table 7 : explain SELECT c FROM sbtest7 WHERE id=6658534
	Index Scan using sbtest7_pkey on sbtest7  (cost=0.43..8.45 rows=1 width=121)
	  Index Cond: (id = 6658534)

table 8 : explain SELECT c FROM sbtest8 WHERE id=5535756
	Index Scan using sbtest8_pkey on sbtest8  (cost=0.43..8.45 rows=1 width=121)
	  Index Cond: (id = 5535756)

explain: for point_selects :: explain SELECT c FROM sbtest%u WHERE id=%u
for point_selects
table 1 : explain SELECT c FROM sbtest1 WHERE id=3324050
	Index Scan using sbtest1_pkey on sbtest1  (cost=0.43..8.45 rows=1 width=121)
	  Index Cond: (id = 3324050)

table 2 : explain SELECT c FROM sbtest2 WHERE id=6028548
	Index Scan using sbtest2_pkey on sbtest2  (cost=0.43..8.45 rows=1 width=121)
	  Index Cond: (id = 6028548)

table 3 : explain SELECT c FROM sbtest3 WHERE id=3743277
	Index Scan using sbtest3_pkey on sbtest3  (cost=0.43..8.45 rows=1 width=121)
	  Index Cond: (id = 3743277)

table 4 : explain SELECT c FROM sbtest4 WHERE id=4553374
	Index Scan using sbtest4_pkey on sbtest4  (cost=0.43..8.45 rows=1 width=121)
	  Index Cond: (id = 4553374)

table 5 : explain SELECT c FROM sbtest5 WHERE id=7968905
	Index Scan using sbtest5_pkey on sbtest5  (cost=0.43..8.45 rows=1 width=121)
	  Index Cond: (id = 7968905)

table 6 : explain SELECT c FROM sbtest6 WHERE id=626515
	Index Scan using sbtest6_pkey on sbtest6  (cost=0.43..8.45 rows=1 width=121)
	  Index Cond: (id = 626515)

table 7 : explain SELECT c FROM sbtest7 WHERE id=7982361
	Index Scan using sbtest7_pkey on sbtest7  (cost=0.43..8.45 rows=1 width=121)
	  Index Cond: (id = 7982361)

table 8 : explain SELECT c FROM sbtest8 WHERE id=5947980
	Index Scan using sbtest8_pkey on sbtest8  (cost=0.43..8.45 rows=1 width=121)
	  Index Cond: (id = 5947980)

explain: for point_selects :: explain SELECT c FROM sbtest%u WHERE id=%u
explain: for point_selects :: explain SELECT c FROM sbtest%u WHERE id=%u
explain: for point_selects :: explain SELECT c FROM sbtest%u WHERE id=%u
explain: for point_selects :: explain SELECT c FROM sbtest%u WHERE id=%u
for point_selects
table 1 : explain SELECT c FROM sbtest1 WHERE id=9744800
	Index Scan using sbtest1_pkey on sbtest1  (cost=0.43..8.45 rows=1 width=121)
	  Index Cond: (id = 9744800)

table 2 : explain SELECT c FROM sbtest2 WHERE id=24527
	Index Scan using sbtest2_pkey on sbtest2  (cost=0.43..8.45 rows=1 width=121)
	  Index Cond: (id = 24527)

table 3 : explain SELECT c FROM sbtest3 WHERE id=8726471
	Index Scan using sbtest3_pkey on sbtest3  (cost=0.43..8.45 rows=1 width=121)
	  Index Cond: (id = 8726471)

table 4 : explain SELECT c FROM sbtest4 WHERE id=3971487
	Index Scan using sbtest4_pkey on sbtest4  (cost=0.43..8.45 rows=1 width=121)
	  Index Cond: (id = 3971487)

table 5 : explain SELECT c FROM sbtest5 WHERE id=7189673
	Index Scan using sbtest5_pkey on sbtest5  (cost=0.43..8.45 rows=1 width=121)
	  Index Cond: (id = 7189673)

table 6 : explain SELECT c FROM sbtest6 WHERE id=1088687
	Index Scan using sbtest6_pkey on sbtest6  (cost=0.43..8.45 rows=1 width=121)
	  Index Cond: (id = 1088687)

table 7 : explain SELECT c FROM sbtest7 WHERE id=2347423
	Index Scan using sbtest7_pkey on sbtest7  (cost=0.43..8.45 rows=1 width=121)
	  Index Cond: (id = 2347423)

table 8 : explain SELECT c FROM sbtest8 WHERE id=9413911
	Index Scan using sbtest8_pkey on sbtest8  (cost=0.43..8.45 rows=1 width=121)
	  Index Cond: (id = 9413911)

explain: for point_selects :: explain SELECT c FROM sbtest%u WHERE id=%u
for point_selects
table 1 : explain SELECT c FROM sbtest1 WHERE id=8967104
	Index Scan using sbtest1_pkey on sbtest1  (cost=0.43..8.45 rows=1 width=121)
	  Index Cond: (id = 8967104)

table 2 : explain SELECT c FROM sbtest2 WHERE id=59361
	Index Scan using sbtest2_pkey on sbtest2  (cost=0.43..8.45 rows=1 width=121)
	  Index Cond: (id = 59361)

table 3 : explain SELECT c FROM sbtest3 WHERE id=3369887
	Index Scan using sbtest3_pkey on sbtest3  (cost=0.43..8.45 rows=1 width=121)
	  Index Cond: (id = 3369887)

table 4 : explain SELECT c FROM sbtest4 WHERE id=1583368
	Index Scan using sbtest4_pkey on sbtest4  (cost=0.43..8.45 rows=1 width=121)
	  Index Cond: (id = 1583368)

table 5 : explain SELECT c FROM sbtest5 WHERE id=9257348
	Index Scan using sbtest5_pkey on sbtest5  (cost=0.43..8.45 rows=1 width=121)
	  Index Cond: (id = 9257348)

table 6 : explain SELECT c FROM sbtest6 WHERE id=341829
	Index Scan using sbtest6_pkey on sbtest6  (cost=0.43..8.45 rows=1 width=121)
	  Index Cond: (id = 341829)

table 7 : explain SELECT c FROM sbtest7 WHERE id=7029622
	Index Scan using sbtest7_pkey on sbtest7  (cost=0.43..8.45 rows=1 width=121)
	  Index Cond: (id = 7029622)

table 8 : explain SELECT c FROM sbtest8 WHERE id=2334973
	Index Scan using sbtest8_pkey on sbtest8  (cost=0.43..8.45 rows=1 width=121)
	  Index Cond: (id = 2334973)

explain: for point_selects :: explain SELECT c FROM sbtest%u WHERE id=%u
for point_selects
table 1 : explain SELECT c FROM sbtest1 WHERE id=4391786
	Index Scan using sbtest1_pkey on sbtest1  (cost=0.43..8.45 rows=1 width=121)
	  Index Cond: (id = 4391786)

table 2 : explain SELECT c FROM sbtest2 WHERE id=1625356
	Index Scan using sbtest2_pkey on sbtest2  (cost=0.43..8.45 rows=1 width=121)
	  Index Cond: (id = 1625356)

table 3 : explain SELECT c FROM sbtest3 WHERE id=978176
	Index Scan using sbtest3_pkey on sbtest3  (cost=0.43..8.45 rows=1 width=121)
	  Index Cond: (id = 978176)

table 4 : explain SELECT c FROM sbtest4 WHERE id=4986654
	Index Scan using sbtest4_pkey on sbtest4  (cost=0.43..8.45 rows=1 width=121)
	  Index Cond: (id = 4986654)

table 5 : explain SELECT c FROM sbtest5 WHERE id=5301874
	Index Scan using sbtest5_pkey on sbtest5  (cost=0.43..8.45 rows=1 width=121)
	  Index Cond: (id = 5301874)

table 6 : explain SELECT c FROM sbtest6 WHERE id=7551153
	Index Scan using sbtest6_pkey on sbtest6  (cost=0.43..8.45 rows=1 width=121)
	  Index Cond: (id = 7551153)

table 7 : explain SELECT c FROM sbtest7 WHERE id=3235102
	Index Scan using sbtest7_pkey on sbtest7  (cost=0.43..8.45 rows=1 width=121)
	  Index Cond: (id = 3235102)

table 8 : explain SELECT c FROM sbtest8 WHERE id=6404558
	Index Scan using sbtest8_pkey on sbtest8  (cost=0.43..8.45 rows=1 width=121)
	  Index Cond: (id = 6404558)

for point_selects
table 1 : explain SELECT c FROM sbtest1 WHERE id=5742251
	Index Scan using sbtest1_pkey on sbtest1  (cost=0.43..8.45 rows=1 width=121)
	  Index Cond: (id = 5742251)

table 2 : explain SELECT c FROM sbtest2 WHERE id=7358909
	Index Scan using sbtest2_pkey on sbtest2  (cost=0.43..8.45 rows=1 width=121)
	  Index Cond: (id = 7358909)

table 3 : explain SELECT c FROM sbtest3 WHERE id=4067935
	Index Scan using sbtest3_pkey on sbtest3  (cost=0.43..8.45 rows=1 width=121)
	  Index Cond: (id = 4067935)

table 4 : explain SELECT c FROM sbtest4 WHERE id=3171404
	Index Scan using sbtest4_pkey on sbtest4  (cost=0.43..8.45 rows=1 width=121)
	  Index Cond: (id = 3171404)

table 5 : explain SELECT c FROM sbtest5 WHERE id=224395
	Index Scan using sbtest5_pkey on sbtest5  (cost=0.43..8.45 rows=1 width=121)
	  Index Cond: (id = 224395)

table 6 : explain SELECT c FROM sbtest6 WHERE id=2865785
	Index Scan using sbtest6_pkey on sbtest6  (cost=0.43..8.45 rows=1 width=121)
	  Index Cond: (id = 2865785)

table 7 : explain SELECT c FROM sbtest7 WHERE id=8407283
	Index Scan using sbtest7_pkey on sbtest7  (cost=0.43..8.45 rows=1 width=121)
	  Index Cond: (id = 8407283)

table 8 : explain SELECT c FROM sbtest8 WHERE id=3198071
	Index Scan using sbtest8_pkey on sbtest8  (cost=0.43..8.45 rows=1 width=121)
	  Index Cond: (id = 3198071)

explain: for point_selects :: explain SELECT c FROM sbtest%u WHERE id=%u
for point_selects
table 1 : explain SELECT c FROM sbtest1 WHERE id=7124127
	Index Scan using sbtest1_pkey on sbtest1  (cost=0.43..8.45 rows=1 width=121)
	  Index Cond: (id = 7124127)

table 2 : explain SELECT c FROM sbtest2 WHERE id=6229739
	Index Scan using sbtest2_pkey on sbtest2  (cost=0.43..8.45 rows=1 width=121)
	  Index Cond: (id = 6229739)

table 3 : explain SELECT c FROM sbtest3 WHERE id=3186528
	Index Scan using sbtest3_pkey on sbtest3  (cost=0.43..8.45 rows=1 width=121)
	  Index Cond: (id = 3186528)

table 4 : explain SELECT c FROM sbtest4 WHERE id=7590410
	Index Scan using sbtest4_pkey on sbtest4  (cost=0.43..8.45 rows=1 width=121)
	  Index Cond: (id = 7590410)

table 5 : explain SELECT c FROM sbtest5 WHERE id=9088608
	Index Scan using sbtest5_pkey on sbtest5  (cost=0.43..8.45 rows=1 width=121)
	  Index Cond: (id = 9088608)

table 6 : explain SELECT c FROM sbtest6 WHERE id=844715
	Index Scan using sbtest6_pkey on sbtest6  (cost=0.43..8.45 rows=1 width=121)
	  Index Cond: (id = 844715)

table 7 : explain SELECT c FROM sbtest7 WHERE id=2927513
	Index Scan using sbtest7_pkey on sbtest7  (cost=0.43..8.45 rows=1 width=121)
	  Index Cond: (id = 2927513)

table 8 : explain SELECT c FROM sbtest8 WHERE id=3099702
	Index Scan using sbtest8_pkey on sbtest8  (cost=0.43..8.45 rows=1 width=121)
	  Index Cond: (id = 3099702)

explain: for point_selects :: explain SELECT c FROM sbtest%u WHERE id=%u
for point_selects
table 1 : explain SELECT c FROM sbtest1 WHERE id=2103036
	Index Scan using sbtest1_pkey on sbtest1  (cost=0.43..8.45 rows=1 width=121)
	  Index Cond: (id = 2103036)

table 2 : explain SELECT c FROM sbtest2 WHERE id=2924466
	Index Scan using sbtest2_pkey on sbtest2  (cost=0.43..8.45 rows=1 width=121)
	  Index Cond: (id = 2924466)

table 3 : explain SELECT c FROM sbtest3 WHERE id=2015661
	Index Scan using sbtest3_pkey on sbtest3  (cost=0.43..8.45 rows=1 width=121)
	  Index Cond: (id = 2015661)

table 4 : explain SELECT c FROM sbtest4 WHERE id=2339358
	Index Scan using sbtest4_pkey on sbtest4  (cost=0.43..8.45 rows=1 width=121)
	  Index Cond: (id = 2339358)

table 5 : explain SELECT c FROM sbtest5 WHERE id=8421917
	Index Scan using sbtest5_pkey on sbtest5  (cost=0.43..8.45 rows=1 width=121)
	  Index Cond: (id = 8421917)

table 6 : explain SELECT c FROM sbtest6 WHERE id=3646034
	Index Scan using sbtest6_pkey on sbtest6  (cost=0.43..8.45 rows=1 width=121)
	  Index Cond: (id = 3646034)

table 7 : explain SELECT c FROM sbtest7 WHERE id=3458186
	Index Scan using sbtest7_pkey on sbtest7  (cost=0.43..8.45 rows=1 width=121)
	  Index Cond: (id = 3458186)

table 8 : explain SELECT c FROM sbtest8 WHERE id=6486365
	Index Scan using sbtest8_pkey on sbtest8  (cost=0.43..8.45 rows=1 width=121)
	  Index Cond: (id = 6486365)

for point_selects
table 1 : explain SELECT c FROM sbtest1 WHERE id=3864330
	Index Scan using sbtest1_pkey on sbtest1  (cost=0.43..8.45 rows=1 width=121)
	  Index Cond: (id = 3864330)

table 2 : explain SELECT c FROM sbtest2 WHERE id=4974306
	Index Scan using sbtest2_pkey on sbtest2  (cost=0.43..8.45 rows=1 width=121)
	  Index Cond: (id = 4974306)

table 3 : explain SELECT c FROM sbtest3 WHERE id=5485369
	Index Scan using sbtest3_pkey on sbtest3  (cost=0.43..8.45 rows=1 width=121)
	  Index Cond: (id = 5485369)

table 4 : explain SELECT c FROM sbtest4 WHERE id=5422136
	Index Scan using sbtest4_pkey on sbtest4  (cost=0.43..8.45 rows=1 width=121)
	  Index Cond: (id = 5422136)

table 5 : explain SELECT c FROM sbtest5 WHERE id=5355892
	Index Scan using sbtest5_pkey on sbtest5  (cost=0.43..8.45 rows=1 width=121)
	  Index Cond: (id = 5355892)

table 6 : explain SELECT c FROM sbtest6 WHERE id=3107631
	Index Scan using sbtest6_pkey on sbtest6  (cost=0.43..8.45 rows=1 width=121)
	  Index Cond: (id = 3107631)

table 7 : explain SELECT c FROM sbtest7 WHERE id=4806492
	Index Scan using sbtest7_pkey on sbtest7  (cost=0.43..8.45 rows=1 width=121)
	  Index Cond: (id = 4806492)

table 8 : explain SELECT c FROM sbtest8 WHERE id=979084
	Index Scan using sbtest8_pkey on sbtest8  (cost=0.43..8.45 rows=1 width=121)
	  Index Cond: (id = 979084)

for point_selects
table 1 : explain SELECT c FROM sbtest1 WHERE id=6036135
	Index Scan using sbtest1_pkey on sbtest1  (cost=0.43..8.45 rows=1 width=121)
	  Index Cond: (id = 6036135)

table 2 : explain SELECT c FROM sbtest2 WHERE id=960533
	Index Scan using sbtest2_pkey on sbtest2  (cost=0.43..8.45 rows=1 width=121)
	  Index Cond: (id = 960533)

table 3 : explain SELECT c FROM sbtest3 WHERE id=1798319
	Index Scan using sbtest3_pkey on sbtest3  (cost=0.43..8.45 rows=1 width=121)
	  Index Cond: (id = 1798319)

table 4 : explain SELECT c FROM sbtest4 WHERE id=8011894
	Index Scan using sbtest4_pkey on sbtest4  (cost=0.43..8.45 rows=1 width=121)
	  Index Cond: (id = 8011894)

table 5 : explain SELECT c FROM sbtest5 WHERE id=2028765
	Index Scan using sbtest5_pkey on sbtest5  (cost=0.43..8.45 rows=1 width=121)
	  Index Cond: (id = 2028765)

table 6 : explain SELECT c FROM sbtest6 WHERE id=598316
	Index Scan using sbtest6_pkey on sbtest6  (cost=0.43..8.45 rows=1 width=121)
	  Index Cond: (id = 598316)

table 7 : explain SELECT c FROM sbtest7 WHERE id=6684557
	Index Scan using sbtest7_pkey on sbtest7  (cost=0.43..8.45 rows=1 width=121)
	  Index Cond: (id = 6684557)

table 8 : explain SELECT c FROM sbtest8 WHERE id=2345281
	Index Scan using sbtest8_pkey on sbtest8  (cost=0.43..8.45 rows=1 width=121)
	  Index Cond: (id = 2345281)

for point_selects
table 1 : explain SELECT c FROM sbtest1 WHERE id=4997992
	Index Scan using sbtest1_pkey on sbtest1  (cost=0.43..8.45 rows=1 width=121)
	  Index Cond: (id = 4997992)

table 2 : explain SELECT c FROM sbtest2 WHERE id=9066072
	Index Scan using sbtest2_pkey on sbtest2  (cost=0.43..8.45 rows=1 width=121)
	  Index Cond: (id = 9066072)

table 3 : explain SELECT c FROM sbtest3 WHERE id=7154620
	Index Scan using sbtest3_pkey on sbtest3  (cost=0.43..8.45 rows=1 width=121)
	  Index Cond: (id = 7154620)

table 4 : explain SELECT c FROM sbtest4 WHERE id=4919825
	Index Scan using sbtest4_pkey on sbtest4  (cost=0.43..8.45 rows=1 width=121)
	  Index Cond: (id = 4919825)

table 5 : explain SELECT c FROM sbtest5 WHERE id=5628535
	Index Scan using sbtest5_pkey on sbtest5  (cost=0.43..8.45 rows=1 width=121)
	  Index Cond: (id = 5628535)

table 6 : explain SELECT c FROM sbtest6 WHERE id=7440243
	Index Scan using sbtest6_pkey on sbtest6  (cost=0.43..8.45 rows=1 width=121)
	  Index Cond: (id = 7440243)

table 7 : explain SELECT c FROM sbtest7 WHERE id=6502843
	Index Scan using sbtest7_pkey on sbtest7  (cost=0.43..8.45 rows=1 width=121)
	  Index Cond: (id = 6502843)

table 8 : explain SELECT c FROM sbtest8 WHERE id=8103585
	Index Scan using sbtest8_pkey on sbtest8  (cost=0.43..8.45 rows=1 width=121)
	  Index Cond: (id = 8103585)

explain: for point_selects :: explain SELECT c FROM sbtest%u WHERE id=%u
explain: for point_selects :: explain SELECT c FROM sbtest%u WHERE id=%u
explain: for point_selects :: explain SELECT c FROM sbtest%u WHERE id=%u
for point_selects
table 1 : explain SELECT c FROM sbtest1 WHERE id=5533245
	Index Scan using sbtest1_pkey on sbtest1  (cost=0.43..8.45 rows=1 width=121)
	  Index Cond: (id = 5533245)

table 2 : explain SELECT c FROM sbtest2 WHERE id=1242320
	Index Scan using sbtest2_pkey on sbtest2  (cost=0.43..8.45 rows=1 width=121)
	  Index Cond: (id = 1242320)

table 3 : explain SELECT c FROM sbtest3 WHERE id=5735336
	Index Scan using sbtest3_pkey on sbtest3  (cost=0.43..8.45 rows=1 width=121)
	  Index Cond: (id = 5735336)

table 4 : explain SELECT c FROM sbtest4 WHERE id=5027753
	Index Scan using sbtest4_pkey on sbtest4  (cost=0.43..8.45 rows=1 width=121)
	  Index Cond: (id = 5027753)

table 5 : explain SELECT c FROM sbtest5 WHERE id=5624634
	Index Scan using sbtest5_pkey on sbtest5  (cost=0.43..8.45 rows=1 width=121)
	  Index Cond: (id = 5624634)

table 6 : explain SELECT c FROM sbtest6 WHERE id=79767
	Index Scan using sbtest6_pkey on sbtest6  (cost=0.43..8.45 rows=1 width=121)
	  Index Cond: (id = 79767)

table 7 : explain SELECT c FROM sbtest7 WHERE id=2433305
	Index Scan using sbtest7_pkey on sbtest7  (cost=0.43..8.45 rows=1 width=121)
	  Index Cond: (id = 2433305)

table 8 : explain SELECT c FROM sbtest8 WHERE id=3582672
	Index Scan using sbtest8_pkey on sbtest8  (cost=0.43..8.45 rows=1 width=121)
	  Index Cond: (id = 3582672)

explain: for point_selects :: explain SELECT c FROM sbtest%u WHERE id=%u
for point_selects
table 1 : explain SELECT c FROM sbtest1 WHERE id=4855927
	Index Scan using sbtest1_pkey on sbtest1  (cost=0.43..8.45 rows=1 width=121)
	  Index Cond: (id = 4855927)

table 2 : explain SELECT c FROM sbtest2 WHERE id=302382
	Index Scan using sbtest2_pkey on sbtest2  (cost=0.43..8.45 rows=1 width=121)
	  Index Cond: (id = 302382)

table 3 : explain SELECT c FROM sbtest3 WHERE id=3403874
	Index Scan using sbtest3_pkey on sbtest3  (cost=0.43..8.45 rows=1 width=121)
	  Index Cond: (id = 3403874)

table 4 : explain SELECT c FROM sbtest4 WHERE id=9577943
	Index Scan using sbtest4_pkey on sbtest4  (cost=0.43..8.45 rows=1 width=121)
	  Index Cond: (id = 9577943)

table 5 : explain SELECT c FROM sbtest5 WHERE id=8953626
	Index Scan using sbtest5_pkey on sbtest5  (cost=0.43..8.45 rows=1 width=121)
	  Index Cond: (id = 8953626)

table 6 : explain SELECT c FROM sbtest6 WHERE id=5979666
	Index Scan using sbtest6_pkey on sbtest6  (cost=0.43..8.45 rows=1 width=121)
	  Index Cond: (id = 5979666)

table 7 : explain SELECT c FROM sbtest7 WHERE id=441009
	Index Scan using sbtest7_pkey on sbtest7  (cost=0.43..8.45 rows=1 width=121)
	  Index Cond: (id = 441009)

table 8 : explain SELECT c FROM sbtest8 WHERE id=4120014
	Index Scan using sbtest8_pkey on sbtest8  (cost=0.43..8.45 rows=1 width=121)
	  Index Cond: (id = 4120014)

for point_selects
table 1 : explain SELECT c FROM sbtest1 WHERE id=2386714
	Index Scan using sbtest1_pkey on sbtest1  (cost=0.43..8.45 rows=1 width=121)
	  Index Cond: (id = 2386714)

table 2 : explain SELECT c FROM sbtest2 WHERE id=413248
	Index Scan using sbtest2_pkey on sbtest2  (cost=0.43..8.45 rows=1 width=121)
	  Index Cond: (id = 413248)

table 3 : explain SELECT c FROM sbtest3 WHERE id=3444382
	Index Scan using sbtest3_pkey on sbtest3  (cost=0.43..8.45 rows=1 width=121)
	  Index Cond: (id = 3444382)

table 4 : explain SELECT c FROM sbtest4 WHERE id=7672840
	Index Scan using sbtest4_pkey on sbtest4  (cost=0.43..8.45 rows=1 width=121)
	  Index Cond: (id = 7672840)

table 5 : explain SELECT c FROM sbtest5 WHERE id=3302541
	Index Scan using sbtest5_pkey on sbtest5  (cost=0.43..8.45 rows=1 width=121)
	  Index Cond: (id = 3302541)

table 6 : explain SELECT c FROM sbtest6 WHERE id=3202612
	Index Scan using sbtest6_pkey on sbtest6  (cost=0.43..8.45 rows=1 width=121)
	  Index Cond: (id = 3202612)

table 7 : explain SELECT c FROM sbtest7 WHERE id=131705
	Index Scan using sbtest7_pkey on sbtest7  (cost=0.43..8.45 rows=1 width=121)
	  Index Cond: (id = 131705)

table 8 : explain SELECT c FROM sbtest8 WHERE id=3916926
	Index Scan using sbtest8_pkey on sbtest8  (cost=0.43..8.45 rows=1 width=121)
	  Index Cond: (id = 3916926)

explain: for point_selects :: explain SELECT c FROM sbtest%u WHERE id=%u
explain: for point_selects :: explain SELECT c FROM sbtest%u WHERE id=%u
for point_selects
table 1 : explain SELECT c FROM sbtest1 WHERE id=4733365
	Index Scan using sbtest1_pkey on sbtest1  (cost=0.43..8.45 rows=1 width=121)
	  Index Cond: (id = 4733365)

table 2 : explain SELECT c FROM sbtest2 WHERE id=9837483
	Index Scan using sbtest2_pkey on sbtest2  (cost=0.43..8.45 rows=1 width=121)
	  Index Cond: (id = 9837483)

table 3 : explain SELECT c FROM sbtest3 WHERE id=6594443
	Index Scan using sbtest3_pkey on sbtest3  (cost=0.43..8.45 rows=1 width=121)
	  Index Cond: (id = 6594443)

table 4 : explain SELECT c FROM sbtest4 WHERE id=7956256
	Index Scan using sbtest4_pkey on sbtest4  (cost=0.43..8.45 rows=1 width=121)
	  Index Cond: (id = 7956256)

table 5 : explain SELECT c FROM sbtest5 WHERE id=7549053
	Index Scan using sbtest5_pkey on sbtest5  (cost=0.43..8.45 rows=1 width=121)
	  Index Cond: (id = 7549053)

table 6 : explain SELECT c FROM sbtest6 WHERE id=6762964
	Index Scan using sbtest6_pkey on sbtest6  (cost=0.43..8.45 rows=1 width=121)
	  Index Cond: (id = 6762964)

table 7 : explain SELECT c FROM sbtest7 WHERE id=2221055
	Index Scan using sbtest7_pkey on sbtest7  (cost=0.43..8.45 rows=1 width=121)
	  Index Cond: (id = 2221055)

table 8 : explain SELECT c FROM sbtest8 WHERE id=4225184
	Index Scan using sbtest8_pkey on sbtest8  (cost=0.43..8.45 rows=1 width=121)
	  Index Cond: (id = 4225184)

for point_selects
table 1 : explain SELECT c FROM sbtest1 WHERE id=5512530
	Index Scan using sbtest1_pkey on sbtest1  (cost=0.43..8.45 rows=1 width=121)
	  Index Cond: (id = 5512530)

table 2 : explain SELECT c FROM sbtest2 WHERE id=7998741
	Index Scan using sbtest2_pkey on sbtest2  (cost=0.43..8.45 rows=1 width=121)
	  Index Cond: (id = 7998741)

table 3 : explain SELECT c FROM sbtest3 WHERE id=8203975
	Index Scan using sbtest3_pkey on sbtest3  (cost=0.43..8.45 rows=1 width=121)
	  Index Cond: (id = 8203975)

table 4 : explain SELECT c FROM sbtest4 WHERE id=2886024
	Index Scan using sbtest4_pkey on sbtest4  (cost=0.43..8.45 rows=1 width=121)
	  Index Cond: (id = 2886024)

table 5 : explain SELECT c FROM sbtest5 WHERE id=6179829
	Index Scan using sbtest5_pkey on sbtest5  (cost=0.43..8.45 rows=1 width=121)
	  Index Cond: (id = 6179829)

table 6 : explain SELECT c FROM sbtest6 WHERE id=9084163
	Index Scan using sbtest6_pkey on sbtest6  (cost=0.43..8.45 rows=1 width=121)
	  Index Cond: (id = 9084163)

table 7 : explain SELECT c FROM sbtest7 WHERE id=9444245
	Index Scan using sbtest7_pkey on sbtest7  (cost=0.43..8.45 rows=1 width=121)
	  Index Cond: (id = 9444245)

table 8 : explain SELECT c FROM sbtest8 WHERE id=5494334
	Index Scan using sbtest8_pkey on sbtest8  (cost=0.43..8.45 rows=1 width=121)
	  Index Cond: (id = 5494334)

explain: for point_selects :: explain SELECT c FROM sbtest%u WHERE id=%u
explain: for point_selects :: explain SELECT c FROM sbtest%u WHERE id=%u
for point_selects
table 1 : explain SELECT c FROM sbtest1 WHERE id=1975414
	Index Scan using sbtest1_pkey on sbtest1  (cost=0.43..8.45 rows=1 width=121)
	  Index Cond: (id = 1975414)

table 2 : explain SELECT c FROM sbtest2 WHERE id=6289592
	Index Scan using sbtest2_pkey on sbtest2  (cost=0.43..8.45 rows=1 width=121)
	  Index Cond: (id = 6289592)

table 3 : explain SELECT c FROM sbtest3 WHERE id=4744209
	Index Scan using sbtest3_pkey on sbtest3  (cost=0.43..8.45 rows=1 width=121)
	  Index Cond: (id = 4744209)

table 4 : explain SELECT c FROM sbtest4 WHERE id=3214231
	Index Scan using sbtest4_pkey on sbtest4  (cost=0.43..8.45 rows=1 width=121)
	  Index Cond: (id = 3214231)

table 5 : explain SELECT c FROM sbtest5 WHERE id=4881633
	Index Scan using sbtest5_pkey on sbtest5  (cost=0.43..8.45 rows=1 width=121)
	  Index Cond: (id = 4881633)

table 6 : explain SELECT c FROM sbtest6 WHERE id=2760817
	Index Scan using sbtest6_pkey on sbtest6  (cost=0.43..8.45 rows=1 width=121)
	  Index Cond: (id = 2760817)

table 7 : explain SELECT c FROM sbtest7 WHERE id=6279335
	Index Scan using sbtest7_pkey on sbtest7  (cost=0.43..8.45 rows=1 width=121)
	  Index Cond: (id = 6279335)

table 8 : explain SELECT c FROM sbtest8 WHERE id=9590338
	Index Scan using sbtest8_pkey on sbtest8  (cost=0.43..8.45 rows=1 width=121)
	  Index Cond: (id = 9590338)

explain: for point_selects :: explain SELECT c FROM sbtest%u WHERE id=%u
explain: for point_selects :: explain SELECT c FROM sbtest%u WHERE id=%u
for point_selects
table 1 : explain SELECT c FROM sbtest1 WHERE id=6271286
	Index Scan using sbtest1_pkey on sbtest1  (cost=0.43..8.45 rows=1 width=121)
	  Index Cond: (id = 6271286)

table 2 : explain SELECT c FROM sbtest2 WHERE id=2500216
	Index Scan using sbtest2_pkey on sbtest2  (cost=0.43..8.45 rows=1 width=121)
	  Index Cond: (id = 2500216)

table 3 : explain SELECT c FROM sbtest3 WHERE id=3897916
	Index Scan using sbtest3_pkey on sbtest3  (cost=0.43..8.45 rows=1 width=121)
	  Index Cond: (id = 3897916)

table 4 : explain SELECT c FROM sbtest4 WHERE id=3108129
	Index Scan using sbtest4_pkey on sbtest4  (cost=0.43..8.45 rows=1 width=121)
	  Index Cond: (id = 3108129)

table 5 : explain SELECT c FROM sbtest5 WHERE id=3701656
	Index Scan using sbtest5_pkey on sbtest5  (cost=0.43..8.45 rows=1 width=121)
	  Index Cond: (id = 3701656)

table 6 : explain SELECT c FROM sbtest6 WHERE id=6571865
	Index Scan using sbtest6_pkey on sbtest6  (cost=0.43..8.45 rows=1 width=121)
	  Index Cond: (id = 6571865)

table 7 : explain SELECT c FROM sbtest7 WHERE id=9573813
	Index Scan using sbtest7_pkey on sbtest7  (cost=0.43..8.45 rows=1 width=121)
	  Index Cond: (id = 9573813)

table 8 : explain SELECT c FROM sbtest8 WHERE id=7457558
	Index Scan using sbtest8_pkey on sbtest8  (cost=0.43..8.45 rows=1 width=121)
	  Index Cond: (id = 7457558)

for point_selects
table 1 : explain SELECT c FROM sbtest1 WHERE id=6311876
	Index Scan using sbtest1_pkey on sbtest1  (cost=0.43..8.45 rows=1 width=121)
	  Index Cond: (id = 6311876)

table 2 : explain SELECT c FROM sbtest2 WHERE id=9746062
	Index Scan using sbtest2_pkey on sbtest2  (cost=0.43..8.45 rows=1 width=121)
	  Index Cond: (id = 9746062)

table 3 : explain SELECT c FROM sbtest3 WHERE id=6063547
	Index Scan using sbtest3_pkey on sbtest3  (cost=0.43..8.45 rows=1 width=121)
	  Index Cond: (id = 6063547)

table 4 : explain SELECT c FROM sbtest4 WHERE id=3333753
	Index Scan using sbtest4_pkey on sbtest4  (cost=0.43..8.45 rows=1 width=121)
	  Index Cond: (id = 3333753)

table 5 : explain SELECT c FROM sbtest5 WHERE id=8549340
	Index Scan using sbtest5_pkey on sbtest5  (cost=0.43..8.45 rows=1 width=121)
	  Index Cond: (id = 8549340)

table 6 : explain SELECT c FROM sbtest6 WHERE id=342675
	Index Scan using sbtest6_pkey on sbtest6  (cost=0.43..8.45 rows=1 width=121)
	  Index Cond: (id = 342675)

table 7 : explain SELECT c FROM sbtest7 WHERE id=2092576
	Index Scan using sbtest7_pkey on sbtest7  (cost=0.43..8.45 rows=1 width=121)
	  Index Cond: (id = 2092576)

table 8 : explain SELECT c FROM sbtest8 WHERE id=8706475
	Index Scan using sbtest8_pkey on sbtest8  (cost=0.43..8.45 rows=1 width=121)
	  Index Cond: (id = 8706475)

for point_selects
table 1 : explain SELECT c FROM sbtest1 WHERE id=9003509
	Index Scan using sbtest1_pkey on sbtest1  (cost=0.43..8.45 rows=1 width=121)
	  Index Cond: (id = 9003509)

table 2 : explain SELECT c FROM sbtest2 WHERE id=9226769
	Index Scan using sbtest2_pkey on sbtest2  (cost=0.43..8.45 rows=1 width=121)
	  Index Cond: (id = 9226769)

table 3 : explain SELECT c FROM sbtest3 WHERE id=5138273
	Index Scan using sbtest3_pkey on sbtest3  (cost=0.43..8.45 rows=1 width=121)
	  Index Cond: (id = 5138273)

table 4 : explain SELECT c FROM sbtest4 WHERE id=4516282
	Index Scan using sbtest4_pkey on sbtest4  (cost=0.43..8.45 rows=1 width=121)
	  Index Cond: (id = 4516282)

table 5 : explain SELECT c FROM sbtest5 WHERE id=8054830
	Index Scan using sbtest5_pkey on sbtest5  (cost=0.43..8.45 rows=1 width=121)
	  Index Cond: (id = 8054830)

table 6 : explain SELECT c FROM sbtest6 WHERE id=4315214
	Index Scan using sbtest6_pkey on sbtest6  (cost=0.43..8.45 rows=1 width=121)
	  Index Cond: (id = 4315214)

table 7 : explain SELECT c FROM sbtest7 WHERE id=9419853
	Index Scan using sbtest7_pkey on sbtest7  (cost=0.43..8.45 rows=1 width=121)
	  Index Cond: (id = 9419853)

table 8 : explain SELECT c FROM sbtest8 WHERE id=3662064
	Index Scan using sbtest8_pkey on sbtest8  (cost=0.43..8.45 rows=1 width=121)
	  Index Cond: (id = 3662064)

for point_selects
table 1 : explain SELECT c FROM sbtest1 WHERE id=4034936
	Index Scan using sbtest1_pkey on sbtest1  (cost=0.43..8.45 rows=1 width=121)
	  Index Cond: (id = 4034936)

table 2 : explain SELECT c FROM sbtest2 WHERE id=9347811
	Index Scan using sbtest2_pkey on sbtest2  (cost=0.43..8.45 rows=1 width=121)
	  Index Cond: (id = 9347811)

table 3 : explain SELECT c FROM sbtest3 WHERE id=8643597
	Index Scan using sbtest3_pkey on sbtest3  (cost=0.43..8.45 rows=1 width=121)
	  Index Cond: (id = 8643597)

table 4 : explain SELECT c FROM sbtest4 WHERE id=8687842
	Index Scan using sbtest4_pkey on sbtest4  (cost=0.43..8.45 rows=1 width=121)
	  Index Cond: (id = 8687842)

table 5 : explain SELECT c FROM sbtest5 WHERE id=6106789
	Index Scan using sbtest5_pkey on sbtest5  (cost=0.43..8.45 rows=1 width=121)
	  Index Cond: (id = 6106789)

table 6 : explain SELECT c FROM sbtest6 WHERE id=8471131
	Index Scan using sbtest6_pkey on sbtest6  (cost=0.43..8.45 rows=1 width=121)
	  Index Cond: (id = 8471131)

table 7 : explain SELECT c FROM sbtest7 WHERE id=4066090
	Index Scan using sbtest7_pkey on sbtest7  (cost=0.43..8.45 rows=1 width=121)
	  Index Cond: (id = 4066090)

table 8 : explain SELECT c FROM sbtest8 WHERE id=5000646
	Index Scan using sbtest8_pkey on sbtest8  (cost=0.43..8.45 rows=1 width=121)
	  Index Cond: (id = 5000646)

explain: for point_selects :: explain SELECT c FROM sbtest%u WHERE id=%u
for point_selects
table 1 : explain SELECT c FROM sbtest1 WHERE id=4112929
	Index Scan using sbtest1_pkey on sbtest1  (cost=0.43..8.45 rows=1 width=121)
	  Index Cond: (id = 4112929)

table 2 : explain SELECT c FROM sbtest2 WHERE id=3511292
	Index Scan using sbtest2_pkey on sbtest2  (cost=0.43..8.45 rows=1 width=121)
	  Index Cond: (id = 3511292)

table 3 : explain SELECT c FROM sbtest3 WHERE id=7068101
	Index Scan using sbtest3_pkey on sbtest3  (cost=0.43..8.45 rows=1 width=121)
	  Index Cond: (id = 7068101)

table 4 : explain SELECT c FROM sbtest4 WHERE id=1303378
	Index Scan using sbtest4_pkey on sbtest4  (cost=0.43..8.45 rows=1 width=121)
	  Index Cond: (id = 1303378)

table 5 : explain SELECT c FROM sbtest5 WHERE id=37797
	Index Scan using sbtest5_pkey on sbtest5  (cost=0.43..8.45 rows=1 width=121)
	  Index Cond: (id = 37797)

table 6 : explain SELECT c FROM sbtest6 WHERE id=2150168
	Index Scan using sbtest6_pkey on sbtest6  (cost=0.43..8.45 rows=1 width=121)
	  Index Cond: (id = 2150168)

table 7 : explain SELECT c FROM sbtest7 WHERE id=1974691
	Index Scan using sbtest7_pkey on sbtest7  (cost=0.43..8.45 rows=1 width=121)
	  Index Cond: (id = 1974691)

table 8 : explain SELECT c FROM sbtest8 WHERE id=1232788
	Index Scan using sbtest8_pkey on sbtest8  (cost=0.43..8.45 rows=1 width=121)
	  Index Cond: (id = 1232788)

Threads started!

Warming up for 5 seconds...

SQL statistics:
    queries performed:
        read:                            665780470
        write:                           0
        other:                           0
        total:                           665780470
    transactions:                        665780471 (1056784.34 per sec.)
    queries:                             665780470 (1056784.34 per sec.)
    ignored errors:                      0      (0.00 per sec.)
    reconnects:                          0      (0.00 per sec.)

Throughput:
    events/s (eps):                      1056784.3381
    time elapsed:                        630.0065s
    total number of events:              665780471

Latency (ms):
         min:                                    0.03
         avg:                                    0.04
         max:                                   16.07
         95th percentile:                        0.04
         sum:                             25020587.55

Threads fairness:
    events (avg/stddev):           16644495.5500/409881.82
    execution time (avg/stddev):   625.5147/0.31

