LUA_PATH=/home/mdcallag/git/mytools/bench/sysbench.lua/lua/?.lua /home/mdcallag/git/mytools/bench/sysbench.lua/lua/sysbench --db-driver=pgsql --range-size=100 --table-size=10000000 --tables=8 --threads=40 --events=0 --warmup-time=5 --time=630 --pgsql_conn_id=true /home/mdcallag/git/mytools/bench/sysbench.lua/lua/oltp_range_covered.lua run --pgsql-user=root --pgsql-password=pw --pgsql-host=127.0.0.1 --pgsql-db=ib --rand-type=uniform --random-points=100 --skip-trx
48 CPUs
sysbench 1.1.0-9072687 (using bundled LuaJIT 2.1.0-beta3)

Running the test with following options:
Number of threads: 40
Warmup time: 5s
Initializing random number generator from current time


Initializing worker threads...

explain: for range-covered :: explain SELECT id FROM sbtest%d WHERE id BETWEEN 8349671 AND 8349771
explain: for range-covered :: explain SELECT id FROM sbtest%d WHERE id BETWEEN 3282571 AND 3282671
explain: for range-covered :: explain SELECT id FROM sbtest%d WHERE id BETWEEN 4595121 AND 4595221
explain: for range-covered :: explain SELECT id FROM sbtest%d WHERE id BETWEEN 5131305 AND 5131405
for range-covered
table 1 : explain SELECT id FROM sbtest1 WHERE id BETWEEN 3282571 AND 3282671
	Index Only Scan using sbtest1_pkey on sbtest1  (cost=0.43..6.32 rows=94 width=4)
	  Index Cond: ((id >= 3282571) AND (id <= 3282671))

table 2 : explain SELECT id FROM sbtest2 WHERE id BETWEEN 3282571 AND 3282671
	Index Only Scan using sbtest2_pkey on sbtest2  (cost=0.43..6.56 rows=106 width=4)
	  Index Cond: ((id >= 3282571) AND (id <= 3282671))

table 3 : explain SELECT id FROM sbtest3 WHERE id BETWEEN 3282571 AND 3282671
	Index Only Scan using sbtest3_pkey on sbtest3  (cost=0.43..10.32 rows=94 width=4)
	  Index Cond: ((id >= 3282571) AND (id <= 3282671))

table 4 : explain SELECT id FROM sbtest4 WHERE id BETWEEN 3282571 AND 3282671
	Index Only Scan using sbtest4_pkey on sbtest4  (cost=0.43..6.25 rows=91 width=4)
	  Index Cond: ((id >= 3282571) AND (id <= 3282671))

table 5 : explain SELECT id FROM sbtest5 WHERE id BETWEEN 3282571 AND 3282671
	Index Only Scan using sbtest5_pkey on sbtest5  (cost=0.43..6.17 rows=87 width=4)
	  Index Cond: ((id >= 3282571) AND (id <= 3282671))

table 6 : explain SELECT id FROM sbtest6 WHERE id BETWEEN 3282571 AND 3282671
	Index Only Scan using sbtest6_pkey on sbtest6  (cost=0.43..6.19 rows=88 width=4)
	  Index Cond: ((id >= 3282571) AND (id <= 3282671))

table 7 : explain SELECT id FROM sbtest7 WHERE id BETWEEN 3282571 AND 3282671
	Index Only Scan using sbtest7_pkey on sbtest7  (cost=0.43..6.33 rows=95 width=4)
	  Index Cond: ((id >= 3282571) AND (id <= 3282671))

table 8 : explain SELECT id FROM sbtest8 WHERE id BETWEEN 3282571 AND 3282671
	Index Only Scan using sbtest8_pkey on sbtest8  (cost=0.43..6.33 rows=95 width=4)
	  Index Cond: ((id >= 3282571) AND (id <= 3282671))

explain: for range-covered :: explain SELECT id FROM sbtest%d WHERE id BETWEEN 3282571 AND 3282671
for range-covered
table 1 : explain SELECT id FROM sbtest1 WHERE id BETWEEN 5131305 AND 5131405
	Index Only Scan using sbtest1_pkey on sbtest1  (cost=0.43..6.51 rows=104 width=4)
	  Index Cond: ((id >= 5131305) AND (id <= 5131405))

table 2 : explain SELECT id FROM sbtest2 WHERE id BETWEEN 5131305 AND 5131405
	Index Only Scan using sbtest2_pkey on sbtest2  (cost=0.43..6.51 rows=104 width=4)
	  Index Cond: ((id >= 5131305) AND (id <= 5131405))

table 3 : explain SELECT id FROM sbtest3 WHERE id BETWEEN 5131305 AND 5131405
	Index Only Scan using sbtest3_pkey on sbtest3  (cost=0.43..10.47 rows=102 width=4)
	  Index Cond: ((id >= 5131305) AND (id <= 5131405))

table 4 : explain SELECT id FROM sbtest4 WHERE id BETWEEN 5131305 AND 5131405
	Index Only Scan using sbtest4_pkey on sbtest4  (cost=0.43..6.45 rows=101 width=4)
	  Index Cond: ((id >= 5131305) AND (id <= 5131405))

table 5 : explain SELECT id FROM sbtest5 WHERE id BETWEEN 5131305 AND 5131405
	Index Only Scan using sbtest5_pkey on sbtest5  (cost=0.43..6.58 rows=107 width=4)
	  Index Cond: ((id >= 5131305) AND (id <= 5131405))

table 6 : explain SELECT id FROM sbtest6 WHERE id BETWEEN 5131305 AND 5131405
	Index Only Scan using sbtest6_pkey on sbtest6  (cost=0.43..6.33 rows=95 width=4)
	  Index Cond: ((id >= 5131305) AND (id <= 5131405))

table 7 : explain SELECT id FROM sbtest7 WHERE id BETWEEN 5131305 AND 5131405
	Index Only Scan using sbtest7_pkey on sbtest7  (cost=0.43..6.42 rows=99 width=4)
	  Index Cond: ((id >= 5131305) AND (id <= 5131405))

table 8 : explain SELECT id FROM sbtest8 WHERE id BETWEEN 5131305 AND 5131405
	Index Only Scan using sbtest8_pkey on sbtest8  (cost=0.43..6.35 rows=96 width=4)
	  Index Cond: ((id >= 5131305) AND (id <= 5131405))

explain: for range-covered :: explain SELECT id FROM sbtest%d WHERE id BETWEEN 5131305 AND 5131405
for range-covered
table 1 : explain SELECT id FROM sbtest1 WHERE id BETWEEN 3282571 AND 3282671
	Index Only Scan using sbtest1_pkey on sbtest1  (cost=0.43..6.32 rows=94 width=4)
	  Index Cond: ((id >= 3282571) AND (id <= 3282671))

table 2 : explain SELECT id FROM sbtest2 WHERE id BETWEEN 3282571 AND 3282671
	Index Only Scan using sbtest2_pkey on sbtest2  (cost=0.43..6.56 rows=106 width=4)
	  Index Cond: ((id >= 3282571) AND (id <= 3282671))

table 3 : explain SELECT id FROM sbtest3 WHERE id BETWEEN 3282571 AND 3282671
	Index Only Scan using sbtest3_pkey on sbtest3  (cost=0.43..10.32 rows=94 width=4)
	  Index Cond: ((id >= 3282571) AND (id <= 3282671))

table 4 : explain SELECT id FROM sbtest4 WHERE id BETWEEN 3282571 AND 3282671
	Index Only Scan using sbtest4_pkey on sbtest4  (cost=0.43..6.25 rows=91 width=4)
	  Index Cond: ((id >= 3282571) AND (id <= 3282671))

table 5 : explain SELECT id FROM sbtest5 WHERE id BETWEEN 3282571 AND 3282671
	Index Only Scan using sbtest5_pkey on sbtest5  (cost=0.43..6.17 rows=87 width=4)
	  Index Cond: ((id >= 3282571) AND (id <= 3282671))

table 6 : explain SELECT id FROM sbtest6 WHERE id BETWEEN 3282571 AND 3282671
	Index Only Scan using sbtest6_pkey on sbtest6  (cost=0.43..6.19 rows=88 width=4)
	  Index Cond: ((id >= 3282571) AND (id <= 3282671))

table 7 : explain SELECT id FROM sbtest7 WHERE id BETWEEN 3282571 AND 3282671
	Index Only Scan using sbtest7_pkey on sbtest7  (cost=0.43..6.33 rows=95 width=4)
	  Index Cond: ((id >= 3282571) AND (id <= 3282671))

table 8 : explain SELECT id FROM sbtest8 WHERE id BETWEEN 3282571 AND 3282671
	Index Only Scan using sbtest8_pkey on sbtest8  (cost=0.43..6.33 rows=95 width=4)
	  Index Cond: ((id >= 3282571) AND (id <= 3282671))

explain: for range-covered :: explain SELECT id FROM sbtest%d WHERE id BETWEEN 3282571 AND 3282671
for range-covered
table 1 : explain SELECT id FROM sbtest1 WHERE id BETWEEN 5131305 AND 5131405
	Index Only Scan using sbtest1_pkey on sbtest1  (cost=0.43..6.51 rows=104 width=4)
	  Index Cond: ((id >= 5131305) AND (id <= 5131405))

table 2 : explain SELECT id FROM sbtest2 WHERE id BETWEEN 5131305 AND 5131405
	Index Only Scan using sbtest2_pkey on sbtest2  (cost=0.43..6.51 rows=104 width=4)
	  Index Cond: ((id >= 5131305) AND (id <= 5131405))

table 3 : explain SELECT id FROM sbtest3 WHERE id BETWEEN 5131305 AND 5131405
	Index Only Scan using sbtest3_pkey on sbtest3  (cost=0.43..10.47 rows=102 width=4)
	  Index Cond: ((id >= 5131305) AND (id <= 5131405))

table 4 : explain SELECT id FROM sbtest4 WHERE id BETWEEN 5131305 AND 5131405
	Index Only Scan using sbtest4_pkey on sbtest4  (cost=0.43..6.45 rows=101 width=4)
	  Index Cond: ((id >= 5131305) AND (id <= 5131405))

table 5 : explain SELECT id FROM sbtest5 WHERE id BETWEEN 5131305 AND 5131405
	Index Only Scan using sbtest5_pkey on sbtest5  (cost=0.43..6.58 rows=107 width=4)
	  Index Cond: ((id >= 5131305) AND (id <= 5131405))

table 6 : explain SELECT id FROM sbtest6 WHERE id BETWEEN 5131305 AND 5131405
	Index Only Scan using sbtest6_pkey on sbtest6  (cost=0.43..6.33 rows=95 width=4)
	  Index Cond: ((id >= 5131305) AND (id <= 5131405))

table 7 : explain SELECT id FROM sbtest7 WHERE id BETWEEN 5131305 AND 5131405
	Index Only Scan using sbtest7_pkey on sbtest7  (cost=0.43..6.42 rows=99 width=4)
	  Index Cond: ((id >= 5131305) AND (id <= 5131405))

table 8 : explain SELECT id FROM sbtest8 WHERE id BETWEEN 5131305 AND 5131405
	Index Only Scan using sbtest8_pkey on sbtest8  (cost=0.43..6.35 rows=96 width=4)
	  Index Cond: ((id >= 5131305) AND (id <= 5131405))

explain: for range-covered :: explain SELECT id FROM sbtest%d WHERE id BETWEEN 5131305 AND 5131405
for range-covered
table 1 : explain SELECT id FROM sbtest1 WHERE id BETWEEN 3282571 AND 3282671
	Index Only Scan using sbtest1_pkey on sbtest1  (cost=0.43..6.32 rows=94 width=4)
	  Index Cond: ((id >= 3282571) AND (id <= 3282671))

table 2 : explain SELECT id FROM sbtest2 WHERE id BETWEEN 3282571 AND 3282671
	Index Only Scan using sbtest2_pkey on sbtest2  (cost=0.43..6.56 rows=106 width=4)
	  Index Cond: ((id >= 3282571) AND (id <= 3282671))

table 3 : explain SELECT id FROM sbtest3 WHERE id BETWEEN 3282571 AND 3282671
	Index Only Scan using sbtest3_pkey on sbtest3  (cost=0.43..10.32 rows=94 width=4)
	  Index Cond: ((id >= 3282571) AND (id <= 3282671))

table 4 : explain SELECT id FROM sbtest4 WHERE id BETWEEN 3282571 AND 3282671
	Index Only Scan using sbtest4_pkey on sbtest4  (cost=0.43..6.25 rows=91 width=4)
	  Index Cond: ((id >= 3282571) AND (id <= 3282671))

table 5 : explain SELECT id FROM sbtest5 WHERE id BETWEEN 3282571 AND 3282671
	Index Only Scan using sbtest5_pkey on sbtest5  (cost=0.43..6.17 rows=87 width=4)
	  Index Cond: ((id >= 3282571) AND (id <= 3282671))

table 6 : explain SELECT id FROM sbtest6 WHERE id BETWEEN 3282571 AND 3282671
	Index Only Scan using sbtest6_pkey on sbtest6  (cost=0.43..6.19 rows=88 width=4)
	  Index Cond: ((id >= 3282571) AND (id <= 3282671))

table 7 : explain SELECT id FROM sbtest7 WHERE id BETWEEN 3282571 AND 3282671
	Index Only Scan using sbtest7_pkey on sbtest7  (cost=0.43..6.33 rows=95 width=4)
	  Index Cond: ((id >= 3282571) AND (id <= 3282671))

table 8 : explain SELECT id FROM sbtest8 WHERE id BETWEEN 3282571 AND 3282671
	Index Only Scan using sbtest8_pkey on sbtest8  (cost=0.43..6.33 rows=95 width=4)
	  Index Cond: ((id >= 3282571) AND (id <= 3282671))

explain: for range-covered :: explain SELECT id FROM sbtest%d WHERE id BETWEEN 3282571 AND 3282671
for range-covered
table 1 : explain SELECT id FROM sbtest1 WHERE id BETWEEN 5131305 AND 5131405
	Index Only Scan using sbtest1_pkey on sbtest1  (cost=0.43..6.51 rows=104 width=4)
	  Index Cond: ((id >= 5131305) AND (id <= 5131405))

table 2 : explain SELECT id FROM sbtest2 WHERE id BETWEEN 5131305 AND 5131405
	Index Only Scan using sbtest2_pkey on sbtest2  (cost=0.43..6.51 rows=104 width=4)
	  Index Cond: ((id >= 5131305) AND (id <= 5131405))

table 3 : explain SELECT id FROM sbtest3 WHERE id BETWEEN 5131305 AND 5131405
	Index Only Scan using sbtest3_pkey on sbtest3  (cost=0.43..10.47 rows=102 width=4)
	  Index Cond: ((id >= 5131305) AND (id <= 5131405))

table 4 : explain SELECT id FROM sbtest4 WHERE id BETWEEN 5131305 AND 5131405
	Index Only Scan using sbtest4_pkey on sbtest4  (cost=0.43..6.45 rows=101 width=4)
	  Index Cond: ((id >= 5131305) AND (id <= 5131405))

table 5 : explain SELECT id FROM sbtest5 WHERE id BETWEEN 5131305 AND 5131405
	Index Only Scan using sbtest5_pkey on sbtest5  (cost=0.43..6.58 rows=107 width=4)
	  Index Cond: ((id >= 5131305) AND (id <= 5131405))

table 6 : explain SELECT id FROM sbtest6 WHERE id BETWEEN 5131305 AND 5131405
	Index Only Scan using sbtest6_pkey on sbtest6  (cost=0.43..6.33 rows=95 width=4)
	  Index Cond: ((id >= 5131305) AND (id <= 5131405))

table 7 : explain SELECT id FROM sbtest7 WHERE id BETWEEN 5131305 AND 5131405
	Index Only Scan using sbtest7_pkey on sbtest7  (cost=0.43..6.42 rows=99 width=4)
	  Index Cond: ((id >= 5131305) AND (id <= 5131405))

table 8 : explain SELECT id FROM sbtest8 WHERE id BETWEEN 5131305 AND 5131405
	Index Only Scan using sbtest8_pkey on sbtest8  (cost=0.43..6.35 rows=96 width=4)
	  Index Cond: ((id >= 5131305) AND (id <= 5131405))

explain: for range-covered :: explain SELECT id FROM sbtest%d WHERE id BETWEEN 5131305 AND 5131405
for range-covered
table 1 : explain SELECT id FROM sbtest1 WHERE id BETWEEN 3282571 AND 3282671
	Index Only Scan using sbtest1_pkey on sbtest1  (cost=0.43..6.32 rows=94 width=4)
	  Index Cond: ((id >= 3282571) AND (id <= 3282671))

table 2 : explain SELECT id FROM sbtest2 WHERE id BETWEEN 3282571 AND 3282671
	Index Only Scan using sbtest2_pkey on sbtest2  (cost=0.43..6.56 rows=106 width=4)
	  Index Cond: ((id >= 3282571) AND (id <= 3282671))

table 3 : explain SELECT id FROM sbtest3 WHERE id BETWEEN 3282571 AND 3282671
	Index Only Scan using sbtest3_pkey on sbtest3  (cost=0.43..10.32 rows=94 width=4)
	  Index Cond: ((id >= 3282571) AND (id <= 3282671))

table 4 : explain SELECT id FROM sbtest4 WHERE id BETWEEN 3282571 AND 3282671
	Index Only Scan using sbtest4_pkey on sbtest4  (cost=0.43..6.25 rows=91 width=4)
	  Index Cond: ((id >= 3282571) AND (id <= 3282671))

table 5 : explain SELECT id FROM sbtest5 WHERE id BETWEEN 3282571 AND 3282671
	Index Only Scan using sbtest5_pkey on sbtest5  (cost=0.43..6.17 rows=87 width=4)
	  Index Cond: ((id >= 3282571) AND (id <= 3282671))

table 6 : explain SELECT id FROM sbtest6 WHERE id BETWEEN 3282571 AND 3282671
	Index Only Scan using sbtest6_pkey on sbtest6  (cost=0.43..6.19 rows=88 width=4)
	  Index Cond: ((id >= 3282571) AND (id <= 3282671))

table 7 : explain SELECT id FROM sbtest7 WHERE id BETWEEN 3282571 AND 3282671
	Index Only Scan using sbtest7_pkey on sbtest7  (cost=0.43..6.33 rows=95 width=4)
	  Index Cond: ((id >= 3282571) AND (id <= 3282671))

table 8 : explain SELECT id FROM sbtest8 WHERE id BETWEEN 3282571 AND 3282671
	Index Only Scan using sbtest8_pkey on sbtest8  (cost=0.43..6.33 rows=95 width=4)
	  Index Cond: ((id >= 3282571) AND (id <= 3282671))

explain: for range-covered :: explain SELECT id FROM sbtest%d WHERE id BETWEEN 3282571 AND 3282671
for range-covered
table 1 : explain SELECT id FROM sbtest1 WHERE id BETWEEN 5131305 AND 5131405
	Index Only Scan using sbtest1_pkey on sbtest1  (cost=0.43..6.51 rows=104 width=4)
	  Index Cond: ((id >= 5131305) AND (id <= 5131405))

table 2 : explain SELECT id FROM sbtest2 WHERE id BETWEEN 5131305 AND 5131405
	Index Only Scan using sbtest2_pkey on sbtest2  (cost=0.43..6.51 rows=104 width=4)
	  Index Cond: ((id >= 5131305) AND (id <= 5131405))

table 3 : explain SELECT id FROM sbtest3 WHERE id BETWEEN 5131305 AND 5131405
	Index Only Scan using sbtest3_pkey on sbtest3  (cost=0.43..10.47 rows=102 width=4)
	  Index Cond: ((id >= 5131305) AND (id <= 5131405))

table 4 : explain SELECT id FROM sbtest4 WHERE id BETWEEN 5131305 AND 5131405
	Index Only Scan using sbtest4_pkey on sbtest4  (cost=0.43..6.45 rows=101 width=4)
	  Index Cond: ((id >= 5131305) AND (id <= 5131405))

table 5 : explain SELECT id FROM sbtest5 WHERE id BETWEEN 5131305 AND 5131405
	Index Only Scan using sbtest5_pkey on sbtest5  (cost=0.43..6.58 rows=107 width=4)
	  Index Cond: ((id >= 5131305) AND (id <= 5131405))

table 6 : explain SELECT id FROM sbtest6 WHERE id BETWEEN 5131305 AND 5131405
	Index Only Scan using sbtest6_pkey on sbtest6  (cost=0.43..6.33 rows=95 width=4)
	  Index Cond: ((id >= 5131305) AND (id <= 5131405))

table 7 : explain SELECT id FROM sbtest7 WHERE id BETWEEN 5131305 AND 5131405
	Index Only Scan using sbtest7_pkey on sbtest7  (cost=0.43..6.42 rows=99 width=4)
	  Index Cond: ((id >= 5131305) AND (id <= 5131405))

table 8 : explain SELECT id FROM sbtest8 WHERE id BETWEEN 5131305 AND 5131405
	Index Only Scan using sbtest8_pkey on sbtest8  (cost=0.43..6.35 rows=96 width=4)
	  Index Cond: ((id >= 5131305) AND (id <= 5131405))

explain: for range-covered :: explain SELECT id FROM sbtest%d WHERE id BETWEEN 5131305 AND 5131405
for range-covered
table 1 : explain SELECT id FROM sbtest1 WHERE id BETWEEN 3282571 AND 3282671
	Index Only Scan using sbtest1_pkey on sbtest1  (cost=0.43..6.32 rows=94 width=4)
	  Index Cond: ((id >= 3282571) AND (id <= 3282671))

table 2 : explain SELECT id FROM sbtest2 WHERE id BETWEEN 3282571 AND 3282671
	Index Only Scan using sbtest2_pkey on sbtest2  (cost=0.43..6.56 rows=106 width=4)
	  Index Cond: ((id >= 3282571) AND (id <= 3282671))

table 3 : explain SELECT id FROM sbtest3 WHERE id BETWEEN 3282571 AND 3282671
	Index Only Scan using sbtest3_pkey on sbtest3  (cost=0.43..10.32 rows=94 width=4)
	  Index Cond: ((id >= 3282571) AND (id <= 3282671))

table 4 : explain SELECT id FROM sbtest4 WHERE id BETWEEN 3282571 AND 3282671
	Index Only Scan using sbtest4_pkey on sbtest4  (cost=0.43..6.25 rows=91 width=4)
	  Index Cond: ((id >= 3282571) AND (id <= 3282671))

table 5 : explain SELECT id FROM sbtest5 WHERE id BETWEEN 3282571 AND 3282671
	Index Only Scan using sbtest5_pkey on sbtest5  (cost=0.43..6.17 rows=87 width=4)
	  Index Cond: ((id >= 3282571) AND (id <= 3282671))

table 6 : explain SELECT id FROM sbtest6 WHERE id BETWEEN 3282571 AND 3282671
	Index Only Scan using sbtest6_pkey on sbtest6  (cost=0.43..6.19 rows=88 width=4)
	  Index Cond: ((id >= 3282571) AND (id <= 3282671))

table 7 : explain SELECT id FROM sbtest7 WHERE id BETWEEN 3282571 AND 3282671
	Index Only Scan using sbtest7_pkey on sbtest7  (cost=0.43..6.33 rows=95 width=4)
	  Index Cond: ((id >= 3282571) AND (id <= 3282671))

table 8 : explain SELECT id FROM sbtest8 WHERE id BETWEEN 3282571 AND 3282671
	Index Only Scan using sbtest8_pkey on sbtest8  (cost=0.43..6.33 rows=95 width=4)
	  Index Cond: ((id >= 3282571) AND (id <= 3282671))

explain: for range-covered :: explain SELECT id FROM sbtest%d WHERE id BETWEEN 3282571 AND 3282671
for range-covered
table 1 : explain SELECT id FROM sbtest1 WHERE id BETWEEN 5131305 AND 5131405
	Index Only Scan using sbtest1_pkey on sbtest1  (cost=0.43..6.51 rows=104 width=4)
	  Index Cond: ((id >= 5131305) AND (id <= 5131405))

table 2 : explain SELECT id FROM sbtest2 WHERE id BETWEEN 5131305 AND 5131405
	Index Only Scan using sbtest2_pkey on sbtest2  (cost=0.43..6.51 rows=104 width=4)
	  Index Cond: ((id >= 5131305) AND (id <= 5131405))

table 3 : explain SELECT id FROM sbtest3 WHERE id BETWEEN 5131305 AND 5131405
	Index Only Scan using sbtest3_pkey on sbtest3  (cost=0.43..10.47 rows=102 width=4)
	  Index Cond: ((id >= 5131305) AND (id <= 5131405))

table 4 : explain SELECT id FROM sbtest4 WHERE id BETWEEN 5131305 AND 5131405
	Index Only Scan using sbtest4_pkey on sbtest4  (cost=0.43..6.45 rows=101 width=4)
	  Index Cond: ((id >= 5131305) AND (id <= 5131405))

table 5 : explain SELECT id FROM sbtest5 WHERE id BETWEEN 5131305 AND 5131405
	Index Only Scan using sbtest5_pkey on sbtest5  (cost=0.43..6.58 rows=107 width=4)
	  Index Cond: ((id >= 5131305) AND (id <= 5131405))

table 6 : explain SELECT id FROM sbtest6 WHERE id BETWEEN 5131305 AND 5131405
	Index Only Scan using sbtest6_pkey on sbtest6  (cost=0.43..6.33 rows=95 width=4)
	  Index Cond: ((id >= 5131305) AND (id <= 5131405))

table 7 : explain SELECT id FROM sbtest7 WHERE id BETWEEN 5131305 AND 5131405
	Index Only Scan using sbtest7_pkey on sbtest7  (cost=0.43..6.42 rows=99 width=4)
	  Index Cond: ((id >= 5131305) AND (id <= 5131405))

table 8 : explain SELECT id FROM sbtest8 WHERE id BETWEEN 5131305 AND 5131405
	Index Only Scan using sbtest8_pkey on sbtest8  (cost=0.43..6.35 rows=96 width=4)
	  Index Cond: ((id >= 5131305) AND (id <= 5131405))

explain: for range-covered :: explain SELECT id FROM sbtest%d WHERE id BETWEEN 5131305 AND 5131405
for range-covered
table 1 : explain SELECT id FROM sbtest1 WHERE id BETWEEN 3282571 AND 3282671
	Index Only Scan using sbtest1_pkey on sbtest1  (cost=0.43..6.32 rows=94 width=4)
	  Index Cond: ((id >= 3282571) AND (id <= 3282671))

table 2 : explain SELECT id FROM sbtest2 WHERE id BETWEEN 3282571 AND 3282671
	Index Only Scan using sbtest2_pkey on sbtest2  (cost=0.43..6.56 rows=106 width=4)
	  Index Cond: ((id >= 3282571) AND (id <= 3282671))

table 3 : explain SELECT id FROM sbtest3 WHERE id BETWEEN 3282571 AND 3282671
	Index Only Scan using sbtest3_pkey on sbtest3  (cost=0.43..10.32 rows=94 width=4)
	  Index Cond: ((id >= 3282571) AND (id <= 3282671))

table 4 : explain SELECT id FROM sbtest4 WHERE id BETWEEN 3282571 AND 3282671
	Index Only Scan using sbtest4_pkey on sbtest4  (cost=0.43..6.25 rows=91 width=4)
	  Index Cond: ((id >= 3282571) AND (id <= 3282671))

table 5 : explain SELECT id FROM sbtest5 WHERE id BETWEEN 3282571 AND 3282671
	Index Only Scan using sbtest5_pkey on sbtest5  (cost=0.43..6.17 rows=87 width=4)
	  Index Cond: ((id >= 3282571) AND (id <= 3282671))

table 6 : explain SELECT id FROM sbtest6 WHERE id BETWEEN 3282571 AND 3282671
	Index Only Scan using sbtest6_pkey on sbtest6  (cost=0.43..6.19 rows=88 width=4)
	  Index Cond: ((id >= 3282571) AND (id <= 3282671))

table 7 : explain SELECT id FROM sbtest7 WHERE id BETWEEN 3282571 AND 3282671
	Index Only Scan using sbtest7_pkey on sbtest7  (cost=0.43..6.33 rows=95 width=4)
	  Index Cond: ((id >= 3282571) AND (id <= 3282671))

table 8 : explain SELECT id FROM sbtest8 WHERE id BETWEEN 3282571 AND 3282671
	Index Only Scan using sbtest8_pkey on sbtest8  (cost=0.43..6.33 rows=95 width=4)
	  Index Cond: ((id >= 3282571) AND (id <= 3282671))

explain: for range-covered :: explain SELECT id FROM sbtest%d WHERE id BETWEEN 3282571 AND 3282671
for range-covered
table 1 : explain SELECT id FROM sbtest1 WHERE id BETWEEN 5131305 AND 5131405
	Index Only Scan using sbtest1_pkey on sbtest1  (cost=0.43..6.51 rows=104 width=4)
	  Index Cond: ((id >= 5131305) AND (id <= 5131405))

table 2 : explain SELECT id FROM sbtest2 WHERE id BETWEEN 5131305 AND 5131405
	Index Only Scan using sbtest2_pkey on sbtest2  (cost=0.43..6.51 rows=104 width=4)
	  Index Cond: ((id >= 5131305) AND (id <= 5131405))

table 3 : explain SELECT id FROM sbtest3 WHERE id BETWEEN 5131305 AND 5131405
	Index Only Scan using sbtest3_pkey on sbtest3  (cost=0.43..10.47 rows=102 width=4)
	  Index Cond: ((id >= 5131305) AND (id <= 5131405))

table 4 : explain SELECT id FROM sbtest4 WHERE id BETWEEN 5131305 AND 5131405
	Index Only Scan using sbtest4_pkey on sbtest4  (cost=0.43..6.45 rows=101 width=4)
	  Index Cond: ((id >= 5131305) AND (id <= 5131405))

table 5 : explain SELECT id FROM sbtest5 WHERE id BETWEEN 5131305 AND 5131405
	Index Only Scan using sbtest5_pkey on sbtest5  (cost=0.43..6.58 rows=107 width=4)
	  Index Cond: ((id >= 5131305) AND (id <= 5131405))

table 6 : explain SELECT id FROM sbtest6 WHERE id BETWEEN 5131305 AND 5131405
	Index Only Scan using sbtest6_pkey on sbtest6  (cost=0.43..6.33 rows=95 width=4)
	  Index Cond: ((id >= 5131305) AND (id <= 5131405))

table 7 : explain SELECT id FROM sbtest7 WHERE id BETWEEN 5131305 AND 5131405
	Index Only Scan using sbtest7_pkey on sbtest7  (cost=0.43..6.42 rows=99 width=4)
	  Index Cond: ((id >= 5131305) AND (id <= 5131405))

table 8 : explain SELECT id FROM sbtest8 WHERE id BETWEEN 5131305 AND 5131405
	Index Only Scan using sbtest8_pkey on sbtest8  (cost=0.43..6.35 rows=96 width=4)
	  Index Cond: ((id >= 5131305) AND (id <= 5131405))

explain: for range-covered :: explain SELECT id FROM sbtest%d WHERE id BETWEEN 5131305 AND 5131405
for range-covered
table 1 : explain SELECT id FROM sbtest1 WHERE id BETWEEN 3282571 AND 3282671
	Index Only Scan using sbtest1_pkey on sbtest1  (cost=0.43..6.32 rows=94 width=4)
	  Index Cond: ((id >= 3282571) AND (id <= 3282671))

table 2 : explain SELECT id FROM sbtest2 WHERE id BETWEEN 3282571 AND 3282671
	Index Only Scan using sbtest2_pkey on sbtest2  (cost=0.43..6.56 rows=106 width=4)
	  Index Cond: ((id >= 3282571) AND (id <= 3282671))

table 3 : explain SELECT id FROM sbtest3 WHERE id BETWEEN 3282571 AND 3282671
	Index Only Scan using sbtest3_pkey on sbtest3  (cost=0.43..10.32 rows=94 width=4)
	  Index Cond: ((id >= 3282571) AND (id <= 3282671))

table 4 : explain SELECT id FROM sbtest4 WHERE id BETWEEN 3282571 AND 3282671
	Index Only Scan using sbtest4_pkey on sbtest4  (cost=0.43..6.25 rows=91 width=4)
	  Index Cond: ((id >= 3282571) AND (id <= 3282671))

table 5 : explain SELECT id FROM sbtest5 WHERE id BETWEEN 3282571 AND 3282671
	Index Only Scan using sbtest5_pkey on sbtest5  (cost=0.43..6.17 rows=87 width=4)
	  Index Cond: ((id >= 3282571) AND (id <= 3282671))

table 6 : explain SELECT id FROM sbtest6 WHERE id BETWEEN 3282571 AND 3282671
	Index Only Scan using sbtest6_pkey on sbtest6  (cost=0.43..6.19 rows=88 width=4)
	  Index Cond: ((id >= 3282571) AND (id <= 3282671))

table 7 : explain SELECT id FROM sbtest7 WHERE id BETWEEN 3282571 AND 3282671
	Index Only Scan using sbtest7_pkey on sbtest7  (cost=0.43..6.33 rows=95 width=4)
	  Index Cond: ((id >= 3282571) AND (id <= 3282671))

table 8 : explain SELECT id FROM sbtest8 WHERE id BETWEEN 3282571 AND 3282671
	Index Only Scan using sbtest8_pkey on sbtest8  (cost=0.43..6.33 rows=95 width=4)
	  Index Cond: ((id >= 3282571) AND (id <= 3282671))

explain: for range-covered :: explain SELECT id FROM sbtest%d WHERE id BETWEEN 3282571 AND 3282671
for range-covered
table 1 : explain SELECT id FROM sbtest1 WHERE id BETWEEN 5131305 AND 5131405
	Index Only Scan using sbtest1_pkey on sbtest1  (cost=0.43..6.51 rows=104 width=4)
	  Index Cond: ((id >= 5131305) AND (id <= 5131405))

table 2 : explain SELECT id FROM sbtest2 WHERE id BETWEEN 5131305 AND 5131405
	Index Only Scan using sbtest2_pkey on sbtest2  (cost=0.43..6.51 rows=104 width=4)
	  Index Cond: ((id >= 5131305) AND (id <= 5131405))

table 3 : explain SELECT id FROM sbtest3 WHERE id BETWEEN 5131305 AND 5131405
	Index Only Scan using sbtest3_pkey on sbtest3  (cost=0.43..10.47 rows=102 width=4)
	  Index Cond: ((id >= 5131305) AND (id <= 5131405))

table 4 : explain SELECT id FROM sbtest4 WHERE id BETWEEN 5131305 AND 5131405
	Index Only Scan using sbtest4_pkey on sbtest4  (cost=0.43..6.45 rows=101 width=4)
	  Index Cond: ((id >= 5131305) AND (id <= 5131405))

table 5 : explain SELECT id FROM sbtest5 WHERE id BETWEEN 5131305 AND 5131405
	Index Only Scan using sbtest5_pkey on sbtest5  (cost=0.43..6.58 rows=107 width=4)
	  Index Cond: ((id >= 5131305) AND (id <= 5131405))

table 6 : explain SELECT id FROM sbtest6 WHERE id BETWEEN 5131305 AND 5131405
	Index Only Scan using sbtest6_pkey on sbtest6  (cost=0.43..6.33 rows=95 width=4)
	  Index Cond: ((id >= 5131305) AND (id <= 5131405))

table 7 : explain SELECT id FROM sbtest7 WHERE id BETWEEN 5131305 AND 5131405
	Index Only Scan using sbtest7_pkey on sbtest7  (cost=0.43..6.42 rows=99 width=4)
	  Index Cond: ((id >= 5131305) AND (id <= 5131405))

table 8 : explain SELECT id FROM sbtest8 WHERE id BETWEEN 5131305 AND 5131405
	Index Only Scan using sbtest8_pkey on sbtest8  (cost=0.43..6.35 rows=96 width=4)
	  Index Cond: ((id >= 5131305) AND (id <= 5131405))

explain: for range-covered :: explain SELECT id FROM sbtest%d WHERE id BETWEEN 5131305 AND 5131405
for range-covered
table 1 : explain SELECT id FROM sbtest1 WHERE id BETWEEN 3282571 AND 3282671
	Index Only Scan using sbtest1_pkey on sbtest1  (cost=0.43..6.32 rows=94 width=4)
	  Index Cond: ((id >= 3282571) AND (id <= 3282671))

table 2 : explain SELECT id FROM sbtest2 WHERE id BETWEEN 3282571 AND 3282671
	Index Only Scan using sbtest2_pkey on sbtest2  (cost=0.43..6.56 rows=106 width=4)
	  Index Cond: ((id >= 3282571) AND (id <= 3282671))

table 3 : explain SELECT id FROM sbtest3 WHERE id BETWEEN 3282571 AND 3282671
	Index Only Scan using sbtest3_pkey on sbtest3  (cost=0.43..10.32 rows=94 width=4)
	  Index Cond: ((id >= 3282571) AND (id <= 3282671))

table 4 : explain SELECT id FROM sbtest4 WHERE id BETWEEN 3282571 AND 3282671
	Index Only Scan using sbtest4_pkey on sbtest4  (cost=0.43..6.25 rows=91 width=4)
	  Index Cond: ((id >= 3282571) AND (id <= 3282671))

table 5 : explain SELECT id FROM sbtest5 WHERE id BETWEEN 3282571 AND 3282671
	Index Only Scan using sbtest5_pkey on sbtest5  (cost=0.43..6.17 rows=87 width=4)
	  Index Cond: ((id >= 3282571) AND (id <= 3282671))

table 6 : explain SELECT id FROM sbtest6 WHERE id BETWEEN 3282571 AND 3282671
	Index Only Scan using sbtest6_pkey on sbtest6  (cost=0.43..6.19 rows=88 width=4)
	  Index Cond: ((id >= 3282571) AND (id <= 3282671))

table 7 : explain SELECT id FROM sbtest7 WHERE id BETWEEN 3282571 AND 3282671
	Index Only Scan using sbtest7_pkey on sbtest7  (cost=0.43..6.33 rows=95 width=4)
	  Index Cond: ((id >= 3282571) AND (id <= 3282671))

table 8 : explain SELECT id FROM sbtest8 WHERE id BETWEEN 3282571 AND 3282671
	Index Only Scan using sbtest8_pkey on sbtest8  (cost=0.43..6.33 rows=95 width=4)
	  Index Cond: ((id >= 3282571) AND (id <= 3282671))

for range-covered
table 1 : explain SELECT id FROM sbtest1 WHERE id BETWEEN 5131305 AND 5131405
	Index Only Scan using sbtest1_pkey on sbtest1  (cost=0.43..6.51 rows=104 width=4)
	  Index Cond: ((id >= 5131305) AND (id <= 5131405))

table 2 : explain SELECT id FROM sbtest2 WHERE id BETWEEN 5131305 AND 5131405
	Index Only Scan using sbtest2_pkey on sbtest2  (cost=0.43..6.51 rows=104 width=4)
	  Index Cond: ((id >= 5131305) AND (id <= 5131405))

table 3 : explain SELECT id FROM sbtest3 WHERE id BETWEEN 5131305 AND 5131405
	Index Only Scan using sbtest3_pkey on sbtest3  (cost=0.43..10.47 rows=102 width=4)
	  Index Cond: ((id >= 5131305) AND (id <= 5131405))

table 4 : explain SELECT id FROM sbtest4 WHERE id BETWEEN 5131305 AND 5131405
	Index Only Scan using sbtest4_pkey on sbtest4  (cost=0.43..6.45 rows=101 width=4)
	  Index Cond: ((id >= 5131305) AND (id <= 5131405))

table 5 : explain SELECT id FROM sbtest5 WHERE id BETWEEN 5131305 AND 5131405
	Index Only Scan using sbtest5_pkey on sbtest5  (cost=0.43..6.58 rows=107 width=4)
	  Index Cond: ((id >= 5131305) AND (id <= 5131405))

table 6 : explain SELECT id FROM sbtest6 WHERE id BETWEEN 5131305 AND 5131405
	Index Only Scan using sbtest6_pkey on sbtest6  (cost=0.43..6.33 rows=95 width=4)
	  Index Cond: ((id >= 5131305) AND (id <= 5131405))

table 7 : explain SELECT id FROM sbtest7 WHERE id BETWEEN 5131305 AND 5131405
	Index Only Scan using sbtest7_pkey on sbtest7  (cost=0.43..6.42 rows=99 width=4)
	  Index Cond: ((id >= 5131305) AND (id <= 5131405))

table 8 : explain SELECT id FROM sbtest8 WHERE id BETWEEN 5131305 AND 5131405
	Index Only Scan using sbtest8_pkey on sbtest8  (cost=0.43..6.35 rows=96 width=4)
	  Index Cond: ((id >= 5131305) AND (id <= 5131405))

for range-covered
table 1 : explain SELECT id FROM sbtest1 WHERE id BETWEEN 8349671 AND 8349771
	Index Only Scan using sbtest1_pkey on sbtest1  (cost=0.43..6.59 rows=108 width=4)
	  Index Cond: ((id >= 8349671) AND (id <= 8349771))

table 2 : explain SELECT id FROM sbtest2 WHERE id BETWEEN 8349671 AND 8349771
	Index Only Scan using sbtest2_pkey on sbtest2  (cost=0.43..6.42 rows=99 width=4)
	  Index Cond: ((id >= 8349671) AND (id <= 8349771))

table 3 : explain SELECT id FROM sbtest3 WHERE id BETWEEN 8349671 AND 8349771
	Index Only Scan using sbtest3_pkey on sbtest3  (cost=0.43..10.54 rows=105 width=4)
	  Index Cond: ((id >= 8349671) AND (id <= 8349771))

table 4 : explain SELECT id FROM sbtest4 WHERE id BETWEEN 8349671 AND 8349771
	Index Only Scan using sbtest4_pkey on sbtest4  (cost=0.43..6.40 rows=98 width=4)
	  Index Cond: ((id >= 8349671) AND (id <= 8349771))

table 5 : explain SELECT id FROM sbtest5 WHERE id BETWEEN 8349671 AND 8349771
	Index Only Scan using sbtest5_pkey on sbtest5  (cost=0.43..6.56 rows=106 width=4)
	  Index Cond: ((id >= 8349671) AND (id <= 8349771))

table 6 : explain SELECT id FROM sbtest6 WHERE id BETWEEN 8349671 AND 8349771
	Index Only Scan using sbtest6_pkey on sbtest6  (cost=0.43..6.63 rows=110 width=4)
	  Index Cond: ((id >= 8349671) AND (id <= 8349771))

table 7 : explain SELECT id FROM sbtest7 WHERE id BETWEEN 8349671 AND 8349771
	Index Only Scan using sbtest7_pkey on sbtest7  (cost=0.43..6.47 rows=102 width=4)
	  Index Cond: ((id >= 8349671) AND (id <= 8349771))

table 8 : explain SELECT id FROM sbtest8 WHERE id BETWEEN 8349671 AND 8349771
	Index Only Scan using sbtest8_pkey on sbtest8  (cost=0.43..6.51 rows=104 width=4)
	  Index Cond: ((id >= 8349671) AND (id <= 8349771))

explain: for range-covered :: explain SELECT id FROM sbtest%d WHERE id BETWEEN 8349671 AND 8349771
for range-covered
table 1 : explain SELECT id FROM sbtest1 WHERE id BETWEEN 4595121 AND 4595221
	Index Only Scan using sbtest1_pkey on sbtest1  (cost=0.43..6.37 rows=97 width=4)
	  Index Cond: ((id >= 4595121) AND (id <= 4595221))

table 2 : explain SELECT id FROM sbtest2 WHERE id BETWEEN 4595121 AND 4595221
	Index Only Scan using sbtest2_pkey on sbtest2  (cost=0.43..6.47 rows=102 width=4)
	  Index Cond: ((id >= 4595121) AND (id <= 4595221))

table 3 : explain SELECT id FROM sbtest3 WHERE id BETWEEN 4595121 AND 4595221
	Index Only Scan using sbtest3_pkey on sbtest3  (cost=0.43..10.32 rows=94 width=4)
	  Index Cond: ((id >= 4595121) AND (id <= 4595221))

table 4 : explain SELECT id FROM sbtest4 WHERE id BETWEEN 4595121 AND 4595221
	Index Only Scan using sbtest4_pkey on sbtest4  (cost=0.43..6.45 rows=101 width=4)
	  Index Cond: ((id >= 4595121) AND (id <= 4595221))

table 5 : explain SELECT id FROM sbtest5 WHERE id BETWEEN 4595121 AND 4595221
	Index Only Scan using sbtest5_pkey on sbtest5  (cost=0.43..6.53 rows=105 width=4)
	  Index Cond: ((id >= 4595121) AND (id <= 4595221))

table 6 : explain SELECT id FROM sbtest6 WHERE id BETWEEN 4595121 AND 4595221
	Index Only Scan using sbtest6_pkey on sbtest6  (cost=0.43..6.53 rows=105 width=4)
	  Index Cond: ((id >= 4595121) AND (id <= 4595221))

table 7 : explain SELECT id FROM sbtest7 WHERE id BETWEEN 4595121 AND 4595221
	Index Only Scan using sbtest7_pkey on sbtest7  (cost=0.43..6.33 rows=95 width=4)
	  Index Cond: ((id >= 4595121) AND (id <= 4595221))

table 8 : explain SELECT id FROM sbtest8 WHERE id BETWEEN 4595121 AND 4595221
	Index Only Scan using sbtest8_pkey on sbtest8  (cost=0.43..6.47 rows=102 width=4)
	  Index Cond: ((id >= 4595121) AND (id <= 4595221))

explain: for range-covered :: explain SELECT id FROM sbtest%d WHERE id BETWEEN 4595121 AND 4595221
for range-covered
table 1 : explain SELECT id FROM sbtest1 WHERE id BETWEEN 8349671 AND 8349771
	Index Only Scan using sbtest1_pkey on sbtest1  (cost=0.43..6.59 rows=108 width=4)
	  Index Cond: ((id >= 8349671) AND (id <= 8349771))

table 2 : explain SELECT id FROM sbtest2 WHERE id BETWEEN 8349671 AND 8349771
	Index Only Scan using sbtest2_pkey on sbtest2  (cost=0.43..6.42 rows=99 width=4)
	  Index Cond: ((id >= 8349671) AND (id <= 8349771))

table 3 : explain SELECT id FROM sbtest3 WHERE id BETWEEN 8349671 AND 8349771
	Index Only Scan using sbtest3_pkey on sbtest3  (cost=0.43..10.54 rows=105 width=4)
	  Index Cond: ((id >= 8349671) AND (id <= 8349771))

table 4 : explain SELECT id FROM sbtest4 WHERE id BETWEEN 8349671 AND 8349771
	Index Only Scan using sbtest4_pkey on sbtest4  (cost=0.43..6.40 rows=98 width=4)
	  Index Cond: ((id >= 8349671) AND (id <= 8349771))

table 5 : explain SELECT id FROM sbtest5 WHERE id BETWEEN 8349671 AND 8349771
	Index Only Scan using sbtest5_pkey on sbtest5  (cost=0.43..6.56 rows=106 width=4)
	  Index Cond: ((id >= 8349671) AND (id <= 8349771))

table 6 : explain SELECT id FROM sbtest6 WHERE id BETWEEN 8349671 AND 8349771
	Index Only Scan using sbtest6_pkey on sbtest6  (cost=0.43..6.63 rows=110 width=4)
	  Index Cond: ((id >= 8349671) AND (id <= 8349771))

table 7 : explain SELECT id FROM sbtest7 WHERE id BETWEEN 8349671 AND 8349771
	Index Only Scan using sbtest7_pkey on sbtest7  (cost=0.43..6.47 rows=102 width=4)
	  Index Cond: ((id >= 8349671) AND (id <= 8349771))

table 8 : explain SELECT id FROM sbtest8 WHERE id BETWEEN 8349671 AND 8349771
	Index Only Scan using sbtest8_pkey on sbtest8  (cost=0.43..6.51 rows=104 width=4)
	  Index Cond: ((id >= 8349671) AND (id <= 8349771))

explain: for range-covered :: explain SELECT id FROM sbtest%d WHERE id BETWEEN 8349671 AND 8349771
for range-covered
table 1 : explain SELECT id FROM sbtest1 WHERE id BETWEEN 4595121 AND 4595221
	Index Only Scan using sbtest1_pkey on sbtest1  (cost=0.43..6.37 rows=97 width=4)
	  Index Cond: ((id >= 4595121) AND (id <= 4595221))

table 2 : explain SELECT id FROM sbtest2 WHERE id BETWEEN 4595121 AND 4595221
	Index Only Scan using sbtest2_pkey on sbtest2  (cost=0.43..6.47 rows=102 width=4)
	  Index Cond: ((id >= 4595121) AND (id <= 4595221))

table 3 : explain SELECT id FROM sbtest3 WHERE id BETWEEN 4595121 AND 4595221
	Index Only Scan using sbtest3_pkey on sbtest3  (cost=0.43..10.32 rows=94 width=4)
	  Index Cond: ((id >= 4595121) AND (id <= 4595221))

table 4 : explain SELECT id FROM sbtest4 WHERE id BETWEEN 4595121 AND 4595221
	Index Only Scan using sbtest4_pkey on sbtest4  (cost=0.43..6.45 rows=101 width=4)
	  Index Cond: ((id >= 4595121) AND (id <= 4595221))

table 5 : explain SELECT id FROM sbtest5 WHERE id BETWEEN 4595121 AND 4595221
	Index Only Scan using sbtest5_pkey on sbtest5  (cost=0.43..6.53 rows=105 width=4)
	  Index Cond: ((id >= 4595121) AND (id <= 4595221))

table 6 : explain SELECT id FROM sbtest6 WHERE id BETWEEN 4595121 AND 4595221
	Index Only Scan using sbtest6_pkey on sbtest6  (cost=0.43..6.53 rows=105 width=4)
	  Index Cond: ((id >= 4595121) AND (id <= 4595221))

table 7 : explain SELECT id FROM sbtest7 WHERE id BETWEEN 4595121 AND 4595221
	Index Only Scan using sbtest7_pkey on sbtest7  (cost=0.43..6.33 rows=95 width=4)
	  Index Cond: ((id >= 4595121) AND (id <= 4595221))

table 8 : explain SELECT id FROM sbtest8 WHERE id BETWEEN 4595121 AND 4595221
	Index Only Scan using sbtest8_pkey on sbtest8  (cost=0.43..6.47 rows=102 width=4)
	  Index Cond: ((id >= 4595121) AND (id <= 4595221))

explain: for range-covered :: explain SELECT id FROM sbtest%d WHERE id BETWEEN 4595121 AND 4595221
for range-covered
table 1 : explain SELECT id FROM sbtest1 WHERE id BETWEEN 8349671 AND 8349771
	Index Only Scan using sbtest1_pkey on sbtest1  (cost=0.43..6.59 rows=108 width=4)
	  Index Cond: ((id >= 8349671) AND (id <= 8349771))

table 2 : explain SELECT id FROM sbtest2 WHERE id BETWEEN 8349671 AND 8349771
	Index Only Scan using sbtest2_pkey on sbtest2  (cost=0.43..6.42 rows=99 width=4)
	  Index Cond: ((id >= 8349671) AND (id <= 8349771))

table 3 : explain SELECT id FROM sbtest3 WHERE id BETWEEN 8349671 AND 8349771
	Index Only Scan using sbtest3_pkey on sbtest3  (cost=0.43..10.54 rows=105 width=4)
	  Index Cond: ((id >= 8349671) AND (id <= 8349771))

table 4 : explain SELECT id FROM sbtest4 WHERE id BETWEEN 8349671 AND 8349771
	Index Only Scan using sbtest4_pkey on sbtest4  (cost=0.43..6.40 rows=98 width=4)
	  Index Cond: ((id >= 8349671) AND (id <= 8349771))

table 5 : explain SELECT id FROM sbtest5 WHERE id BETWEEN 8349671 AND 8349771
	Index Only Scan using sbtest5_pkey on sbtest5  (cost=0.43..6.56 rows=106 width=4)
	  Index Cond: ((id >= 8349671) AND (id <= 8349771))

table 6 : explain SELECT id FROM sbtest6 WHERE id BETWEEN 8349671 AND 8349771
	Index Only Scan using sbtest6_pkey on sbtest6  (cost=0.43..6.63 rows=110 width=4)
	  Index Cond: ((id >= 8349671) AND (id <= 8349771))

table 7 : explain SELECT id FROM sbtest7 WHERE id BETWEEN 8349671 AND 8349771
	Index Only Scan using sbtest7_pkey on sbtest7  (cost=0.43..6.47 rows=102 width=4)
	  Index Cond: ((id >= 8349671) AND (id <= 8349771))

table 8 : explain SELECT id FROM sbtest8 WHERE id BETWEEN 8349671 AND 8349771
	Index Only Scan using sbtest8_pkey on sbtest8  (cost=0.43..6.51 rows=104 width=4)
	  Index Cond: ((id >= 8349671) AND (id <= 8349771))

explain: for range-covered :: explain SELECT id FROM sbtest%d WHERE id BETWEEN 8349671 AND 8349771
for range-covered
table 1 : explain SELECT id FROM sbtest1 WHERE id BETWEEN 4595121 AND 4595221
	Index Only Scan using sbtest1_pkey on sbtest1  (cost=0.43..6.37 rows=97 width=4)
	  Index Cond: ((id >= 4595121) AND (id <= 4595221))

table 2 : explain SELECT id FROM sbtest2 WHERE id BETWEEN 4595121 AND 4595221
	Index Only Scan using sbtest2_pkey on sbtest2  (cost=0.43..6.47 rows=102 width=4)
	  Index Cond: ((id >= 4595121) AND (id <= 4595221))

table 3 : explain SELECT id FROM sbtest3 WHERE id BETWEEN 4595121 AND 4595221
	Index Only Scan using sbtest3_pkey on sbtest3  (cost=0.43..10.32 rows=94 width=4)
	  Index Cond: ((id >= 4595121) AND (id <= 4595221))

table 4 : explain SELECT id FROM sbtest4 WHERE id BETWEEN 4595121 AND 4595221
	Index Only Scan using sbtest4_pkey on sbtest4  (cost=0.43..6.45 rows=101 width=4)
	  Index Cond: ((id >= 4595121) AND (id <= 4595221))

table 5 : explain SELECT id FROM sbtest5 WHERE id BETWEEN 4595121 AND 4595221
	Index Only Scan using sbtest5_pkey on sbtest5  (cost=0.43..6.53 rows=105 width=4)
	  Index Cond: ((id >= 4595121) AND (id <= 4595221))

table 6 : explain SELECT id FROM sbtest6 WHERE id BETWEEN 4595121 AND 4595221
	Index Only Scan using sbtest6_pkey on sbtest6  (cost=0.43..6.53 rows=105 width=4)
	  Index Cond: ((id >= 4595121) AND (id <= 4595221))

table 7 : explain SELECT id FROM sbtest7 WHERE id BETWEEN 4595121 AND 4595221
	Index Only Scan using sbtest7_pkey on sbtest7  (cost=0.43..6.33 rows=95 width=4)
	  Index Cond: ((id >= 4595121) AND (id <= 4595221))

table 8 : explain SELECT id FROM sbtest8 WHERE id BETWEEN 4595121 AND 4595221
	Index Only Scan using sbtest8_pkey on sbtest8  (cost=0.43..6.47 rows=102 width=4)
	  Index Cond: ((id >= 4595121) AND (id <= 4595221))

explain: for range-covered :: explain SELECT id FROM sbtest%d WHERE id BETWEEN 4595121 AND 4595221
for range-covered
table 1 : explain SELECT id FROM sbtest1 WHERE id BETWEEN 8349671 AND 8349771
	Index Only Scan using sbtest1_pkey on sbtest1  (cost=0.43..6.59 rows=108 width=4)
	  Index Cond: ((id >= 8349671) AND (id <= 8349771))

table 2 : explain SELECT id FROM sbtest2 WHERE id BETWEEN 8349671 AND 8349771
	Index Only Scan using sbtest2_pkey on sbtest2  (cost=0.43..6.42 rows=99 width=4)
	  Index Cond: ((id >= 8349671) AND (id <= 8349771))

table 3 : explain SELECT id FROM sbtest3 WHERE id BETWEEN 8349671 AND 8349771
	Index Only Scan using sbtest3_pkey on sbtest3  (cost=0.43..10.54 rows=105 width=4)
	  Index Cond: ((id >= 8349671) AND (id <= 8349771))

table 4 : explain SELECT id FROM sbtest4 WHERE id BETWEEN 8349671 AND 8349771
	Index Only Scan using sbtest4_pkey on sbtest4  (cost=0.43..6.40 rows=98 width=4)
	  Index Cond: ((id >= 8349671) AND (id <= 8349771))

table 5 : explain SELECT id FROM sbtest5 WHERE id BETWEEN 8349671 AND 8349771
	Index Only Scan using sbtest5_pkey on sbtest5  (cost=0.43..6.56 rows=106 width=4)
	  Index Cond: ((id >= 8349671) AND (id <= 8349771))

table 6 : explain SELECT id FROM sbtest6 WHERE id BETWEEN 8349671 AND 8349771
	Index Only Scan using sbtest6_pkey on sbtest6  (cost=0.43..6.63 rows=110 width=4)
	  Index Cond: ((id >= 8349671) AND (id <= 8349771))

table 7 : explain SELECT id FROM sbtest7 WHERE id BETWEEN 8349671 AND 8349771
	Index Only Scan using sbtest7_pkey on sbtest7  (cost=0.43..6.47 rows=102 width=4)
	  Index Cond: ((id >= 8349671) AND (id <= 8349771))

table 8 : explain SELECT id FROM sbtest8 WHERE id BETWEEN 8349671 AND 8349771
	Index Only Scan using sbtest8_pkey on sbtest8  (cost=0.43..6.51 rows=104 width=4)
	  Index Cond: ((id >= 8349671) AND (id <= 8349771))

explain: for range-covered :: explain SELECT id FROM sbtest%d WHERE id BETWEEN 7059109 AND 7059209
explain: for range-covered :: explain SELECT id FROM sbtest%d WHERE id BETWEEN 8349671 AND 8349771
for range-covered
table 1 : explain SELECT id FROM sbtest1 WHERE id BETWEEN 4595121 AND 4595221
	Index Only Scan using sbtest1_pkey on sbtest1  (cost=0.43..6.37 rows=97 width=4)
	  Index Cond: ((id >= 4595121) AND (id <= 4595221))

table 2 : explain SELECT id FROM sbtest2 WHERE id BETWEEN 4595121 AND 4595221
	Index Only Scan using sbtest2_pkey on sbtest2  (cost=0.43..6.47 rows=102 width=4)
	  Index Cond: ((id >= 4595121) AND (id <= 4595221))

table 3 : explain SELECT id FROM sbtest3 WHERE id BETWEEN 4595121 AND 4595221
	Index Only Scan using sbtest3_pkey on sbtest3  (cost=0.43..10.32 rows=94 width=4)
	  Index Cond: ((id >= 4595121) AND (id <= 4595221))

table 4 : explain SELECT id FROM sbtest4 WHERE id BETWEEN 4595121 AND 4595221
	Index Only Scan using sbtest4_pkey on sbtest4  (cost=0.43..6.45 rows=101 width=4)
	  Index Cond: ((id >= 4595121) AND (id <= 4595221))

table 5 : explain SELECT id FROM sbtest5 WHERE id BETWEEN 4595121 AND 4595221
	Index Only Scan using sbtest5_pkey on sbtest5  (cost=0.43..6.53 rows=105 width=4)
	  Index Cond: ((id >= 4595121) AND (id <= 4595221))

table 6 : explain SELECT id FROM sbtest6 WHERE id BETWEEN 4595121 AND 4595221
	Index Only Scan using sbtest6_pkey on sbtest6  (cost=0.43..6.53 rows=105 width=4)
	  Index Cond: ((id >= 4595121) AND (id <= 4595221))

table 7 : explain SELECT id FROM sbtest7 WHERE id BETWEEN 4595121 AND 4595221
	Index Only Scan using sbtest7_pkey on sbtest7  (cost=0.43..6.33 rows=95 width=4)
	  Index Cond: ((id >= 4595121) AND (id <= 4595221))

table 8 : explain SELECT id FROM sbtest8 WHERE id BETWEEN 4595121 AND 4595221
	Index Only Scan using sbtest8_pkey on sbtest8  (cost=0.43..6.47 rows=102 width=4)
	  Index Cond: ((id >= 4595121) AND (id <= 4595221))

explain: for range-covered :: explain SELECT id FROM sbtest%d WHERE id BETWEEN 7471592 AND 7471692
explain: for range-covered :: explain SELECT id FROM sbtest%d WHERE id BETWEEN 4595121 AND 4595221
explain: for range-covered :: explain SELECT id FROM sbtest%d WHERE id BETWEEN 4099407 AND 4099507
for range-covered
table 1 : explain SELECT id FROM sbtest1 WHERE id BETWEEN 4595121 AND 4595221
	Index Only Scan using sbtest1_pkey on sbtest1  (cost=0.43..6.37 rows=97 width=4)
	  Index Cond: ((id >= 4595121) AND (id <= 4595221))

table 2 : explain SELECT id FROM sbtest2 WHERE id BETWEEN 4595121 AND 4595221
	Index Only Scan using sbtest2_pkey on sbtest2  (cost=0.43..6.47 rows=102 width=4)
	  Index Cond: ((id >= 4595121) AND (id <= 4595221))

table 3 : explain SELECT id FROM sbtest3 WHERE id BETWEEN 4595121 AND 4595221
	Index Only Scan using sbtest3_pkey on sbtest3  (cost=0.43..10.32 rows=94 width=4)
	  Index Cond: ((id >= 4595121) AND (id <= 4595221))

table 4 : explain SELECT id FROM sbtest4 WHERE id BETWEEN 4595121 AND 4595221
	Index Only Scan using sbtest4_pkey on sbtest4  (cost=0.43..6.45 rows=101 width=4)
	  Index Cond: ((id >= 4595121) AND (id <= 4595221))

table 5 : explain SELECT id FROM sbtest5 WHERE id BETWEEN 4595121 AND 4595221
	Index Only Scan using sbtest5_pkey on sbtest5  (cost=0.43..6.53 rows=105 width=4)
	  Index Cond: ((id >= 4595121) AND (id <= 4595221))

table 6 : explain SELECT id FROM sbtest6 WHERE id BETWEEN 4595121 AND 4595221
	Index Only Scan using sbtest6_pkey on sbtest6  (cost=0.43..6.53 rows=105 width=4)
	  Index Cond: ((id >= 4595121) AND (id <= 4595221))

table 7 : explain SELECT id FROM sbtest7 WHERE id BETWEEN 4595121 AND 4595221
	Index Only Scan using sbtest7_pkey on sbtest7  (cost=0.43..6.33 rows=95 width=4)
	  Index Cond: ((id >= 4595121) AND (id <= 4595221))

table 8 : explain SELECT id FROM sbtest8 WHERE id BETWEEN 4595121 AND 4595221
	Index Only Scan using sbtest8_pkey on sbtest8  (cost=0.43..6.47 rows=102 width=4)
	  Index Cond: ((id >= 4595121) AND (id <= 4595221))

explain: for range-covered :: explain SELECT id FROM sbtest%d WHERE id BETWEEN 4595121 AND 4595221
for range-covered
table 1 : explain SELECT id FROM sbtest1 WHERE id BETWEEN 4595121 AND 4595221
	Index Only Scan using sbtest1_pkey on sbtest1  (cost=0.43..6.37 rows=97 width=4)
	  Index Cond: ((id >= 4595121) AND (id <= 4595221))

table 2 : explain SELECT id FROM sbtest2 WHERE id BETWEEN 4595121 AND 4595221
	Index Only Scan using sbtest2_pkey on sbtest2  (cost=0.43..6.47 rows=102 width=4)
	  Index Cond: ((id >= 4595121) AND (id <= 4595221))

table 3 : explain SELECT id FROM sbtest3 WHERE id BETWEEN 4595121 AND 4595221
	Index Only Scan using sbtest3_pkey on sbtest3  (cost=0.43..10.32 rows=94 width=4)
	  Index Cond: ((id >= 4595121) AND (id <= 4595221))

table 4 : explain SELECT id FROM sbtest4 WHERE id BETWEEN 4595121 AND 4595221
	Index Only Scan using sbtest4_pkey on sbtest4  (cost=0.43..6.45 rows=101 width=4)
	  Index Cond: ((id >= 4595121) AND (id <= 4595221))

table 5 : explain SELECT id FROM sbtest5 WHERE id BETWEEN 4595121 AND 4595221
	Index Only Scan using sbtest5_pkey on sbtest5  (cost=0.43..6.53 rows=105 width=4)
	  Index Cond: ((id >= 4595121) AND (id <= 4595221))

table 6 : explain SELECT id FROM sbtest6 WHERE id BETWEEN 4595121 AND 4595221
	Index Only Scan using sbtest6_pkey on sbtest6  (cost=0.43..6.53 rows=105 width=4)
	  Index Cond: ((id >= 4595121) AND (id <= 4595221))

table 7 : explain SELECT id FROM sbtest7 WHERE id BETWEEN 4595121 AND 4595221
	Index Only Scan using sbtest7_pkey on sbtest7  (cost=0.43..6.33 rows=95 width=4)
	  Index Cond: ((id >= 4595121) AND (id <= 4595221))

table 8 : explain SELECT id FROM sbtest8 WHERE id BETWEEN 4595121 AND 4595221
	Index Only Scan using sbtest8_pkey on sbtest8  (cost=0.43..6.47 rows=102 width=4)
	  Index Cond: ((id >= 4595121) AND (id <= 4595221))

explain: for range-covered :: explain SELECT id FROM sbtest%d WHERE id BETWEEN 4595121 AND 4595221
for range-covered
table 1 : explain SELECT id FROM sbtest1 WHERE id BETWEEN 8349671 AND 8349771
	Index Only Scan using sbtest1_pkey on sbtest1  (cost=0.43..6.59 rows=108 width=4)
	  Index Cond: ((id >= 8349671) AND (id <= 8349771))

table 2 : explain SELECT id FROM sbtest2 WHERE id BETWEEN 8349671 AND 8349771
	Index Only Scan using sbtest2_pkey on sbtest2  (cost=0.43..6.42 rows=99 width=4)
	  Index Cond: ((id >= 8349671) AND (id <= 8349771))

table 3 : explain SELECT id FROM sbtest3 WHERE id BETWEEN 8349671 AND 8349771
	Index Only Scan using sbtest3_pkey on sbtest3  (cost=0.43..10.54 rows=105 width=4)
	  Index Cond: ((id >= 8349671) AND (id <= 8349771))

table 4 : explain SELECT id FROM sbtest4 WHERE id BETWEEN 8349671 AND 8349771
	Index Only Scan using sbtest4_pkey on sbtest4  (cost=0.43..6.40 rows=98 width=4)
	  Index Cond: ((id >= 8349671) AND (id <= 8349771))

table 5 : explain SELECT id FROM sbtest5 WHERE id BETWEEN 8349671 AND 8349771
	Index Only Scan using sbtest5_pkey on sbtest5  (cost=0.43..6.56 rows=106 width=4)
	  Index Cond: ((id >= 8349671) AND (id <= 8349771))

table 6 : explain SELECT id FROM sbtest6 WHERE id BETWEEN 8349671 AND 8349771
	Index Only Scan using sbtest6_pkey on sbtest6  (cost=0.43..6.63 rows=110 width=4)
	  Index Cond: ((id >= 8349671) AND (id <= 8349771))

table 7 : explain SELECT id FROM sbtest7 WHERE id BETWEEN 8349671 AND 8349771
	Index Only Scan using sbtest7_pkey on sbtest7  (cost=0.43..6.47 rows=102 width=4)
	  Index Cond: ((id >= 8349671) AND (id <= 8349771))

table 8 : explain SELECT id FROM sbtest8 WHERE id BETWEEN 8349671 AND 8349771
	Index Only Scan using sbtest8_pkey on sbtest8  (cost=0.43..6.51 rows=104 width=4)
	  Index Cond: ((id >= 8349671) AND (id <= 8349771))

for range-covered
table 1 : explain SELECT id FROM sbtest1 WHERE id BETWEEN 4595121 AND 4595221
	Index Only Scan using sbtest1_pkey on sbtest1  (cost=0.43..6.37 rows=97 width=4)
	  Index Cond: ((id >= 4595121) AND (id <= 4595221))

table 2 : explain SELECT id FROM sbtest2 WHERE id BETWEEN 4595121 AND 4595221
	Index Only Scan using sbtest2_pkey on sbtest2  (cost=0.43..6.47 rows=102 width=4)
	  Index Cond: ((id >= 4595121) AND (id <= 4595221))

table 3 : explain SELECT id FROM sbtest3 WHERE id BETWEEN 4595121 AND 4595221
	Index Only Scan using sbtest3_pkey on sbtest3  (cost=0.43..10.32 rows=94 width=4)
	  Index Cond: ((id >= 4595121) AND (id <= 4595221))

table 4 : explain SELECT id FROM sbtest4 WHERE id BETWEEN 4595121 AND 4595221
	Index Only Scan using sbtest4_pkey on sbtest4  (cost=0.43..6.45 rows=101 width=4)
	  Index Cond: ((id >= 4595121) AND (id <= 4595221))

table 5 : explain SELECT id FROM sbtest5 WHERE id BETWEEN 4595121 AND 4595221
	Index Only Scan using sbtest5_pkey on sbtest5  (cost=0.43..6.53 rows=105 width=4)
	  Index Cond: ((id >= 4595121) AND (id <= 4595221))

table 6 : explain SELECT id FROM sbtest6 WHERE id BETWEEN 4595121 AND 4595221
	Index Only Scan using sbtest6_pkey on sbtest6  (cost=0.43..6.53 rows=105 width=4)
	  Index Cond: ((id >= 4595121) AND (id <= 4595221))

table 7 : explain SELECT id FROM sbtest7 WHERE id BETWEEN 4595121 AND 4595221
	Index Only Scan using sbtest7_pkey on sbtest7  (cost=0.43..6.33 rows=95 width=4)
	  Index Cond: ((id >= 4595121) AND (id <= 4595221))

table 8 : explain SELECT id FROM sbtest8 WHERE id BETWEEN 4595121 AND 4595221
	Index Only Scan using sbtest8_pkey on sbtest8  (cost=0.43..6.47 rows=102 width=4)
	  Index Cond: ((id >= 4595121) AND (id <= 4595221))

for range-covered
table 1 : explain SELECT id FROM sbtest1 WHERE id BETWEEN 7059109 AND 7059209
	Index Only Scan using sbtest1_pkey on sbtest1  (cost=0.43..6.56 rows=106 width=4)
	  Index Cond: ((id >= 7059109) AND (id <= 7059209))

table 2 : explain SELECT id FROM sbtest2 WHERE id BETWEEN 7059109 AND 7059209
	Index Only Scan using sbtest2_pkey on sbtest2  (cost=0.43..6.40 rows=98 width=4)
	  Index Cond: ((id >= 7059109) AND (id <= 7059209))

table 3 : explain SELECT id FROM sbtest3 WHERE id BETWEEN 7059109 AND 7059209
	Index Only Scan using sbtest3_pkey on sbtest3  (cost=0.43..10.42 rows=99 width=4)
	  Index Cond: ((id >= 7059109) AND (id <= 7059209))

table 4 : explain SELECT id FROM sbtest4 WHERE id BETWEEN 7059109 AND 7059209
	Index Only Scan using sbtest4_pkey on sbtest4  (cost=0.43..6.40 rows=98 width=4)
	  Index Cond: ((id >= 7059109) AND (id <= 7059209))

table 5 : explain SELECT id FROM sbtest5 WHERE id BETWEEN 7059109 AND 7059209
	Index Only Scan using sbtest5_pkey on sbtest5  (cost=0.43..6.21 rows=89 width=4)
	  Index Cond: ((id >= 7059109) AND (id <= 7059209))

table 6 : explain SELECT id FROM sbtest6 WHERE id BETWEEN 7059109 AND 7059209
	Index Only Scan using sbtest6_pkey on sbtest6  (cost=0.43..6.45 rows=101 width=4)
	  Index Cond: ((id >= 7059109) AND (id <= 7059209))

table 7 : explain SELECT id FROM sbtest7 WHERE id BETWEEN 7059109 AND 7059209
	Index Only Scan using sbtest7_pkey on sbtest7  (cost=0.43..6.59 rows=108 width=4)
	  Index Cond: ((id >= 7059109) AND (id <= 7059209))

table 8 : explain SELECT id FROM sbtest8 WHERE id BETWEEN 7059109 AND 7059209
	Index Only Scan using sbtest8_pkey on sbtest8  (cost=0.43..6.45 rows=101 width=4)
	  Index Cond: ((id >= 7059109) AND (id <= 7059209))

explain: for range-covered :: explain SELECT id FROM sbtest%d WHERE id BETWEEN 7059109 AND 7059209
explain: for range-covered :: explain SELECT id FROM sbtest%d WHERE id BETWEEN 4595121 AND 4595221
explain: for range-covered :: explain SELECT id FROM sbtest%d WHERE id BETWEEN 8349671 AND 8349771
for range-covered
table 1 : explain SELECT id FROM sbtest1 WHERE id BETWEEN 7059109 AND 7059209
	Index Only Scan using sbtest1_pkey on sbtest1  (cost=0.43..6.56 rows=106 width=4)
	  Index Cond: ((id >= 7059109) AND (id <= 7059209))

table 2 : explain SELECT id FROM sbtest2 WHERE id BETWEEN 7059109 AND 7059209
	Index Only Scan using sbtest2_pkey on sbtest2  (cost=0.43..6.40 rows=98 width=4)
	  Index Cond: ((id >= 7059109) AND (id <= 7059209))

table 3 : explain SELECT id FROM sbtest3 WHERE id BETWEEN 7059109 AND 7059209
	Index Only Scan using sbtest3_pkey on sbtest3  (cost=0.43..10.42 rows=99 width=4)
	  Index Cond: ((id >= 7059109) AND (id <= 7059209))

table 4 : explain SELECT id FROM sbtest4 WHERE id BETWEEN 7059109 AND 7059209
	Index Only Scan using sbtest4_pkey on sbtest4  (cost=0.43..6.40 rows=98 width=4)
	  Index Cond: ((id >= 7059109) AND (id <= 7059209))

table 5 : explain SELECT id FROM sbtest5 WHERE id BETWEEN 7059109 AND 7059209
	Index Only Scan using sbtest5_pkey on sbtest5  (cost=0.43..6.21 rows=89 width=4)
	  Index Cond: ((id >= 7059109) AND (id <= 7059209))

table 6 : explain SELECT id FROM sbtest6 WHERE id BETWEEN 7059109 AND 7059209
	Index Only Scan using sbtest6_pkey on sbtest6  (cost=0.43..6.45 rows=101 width=4)
	  Index Cond: ((id >= 7059109) AND (id <= 7059209))

table 7 : explain SELECT id FROM sbtest7 WHERE id BETWEEN 7059109 AND 7059209
	Index Only Scan using sbtest7_pkey on sbtest7  (cost=0.43..6.59 rows=108 width=4)
	  Index Cond: ((id >= 7059109) AND (id <= 7059209))

table 8 : explain SELECT id FROM sbtest8 WHERE id BETWEEN 7059109 AND 7059209
	Index Only Scan using sbtest8_pkey on sbtest8  (cost=0.43..6.45 rows=101 width=4)
	  Index Cond: ((id >= 7059109) AND (id <= 7059209))

explain: for range-covered :: explain SELECT id FROM sbtest%d WHERE id BETWEEN 7059109 AND 7059209
for range-covered
table 1 : explain SELECT id FROM sbtest1 WHERE id BETWEEN 8349671 AND 8349771
	Index Only Scan using sbtest1_pkey on sbtest1  (cost=0.43..6.59 rows=108 width=4)
	  Index Cond: ((id >= 8349671) AND (id <= 8349771))

table 2 : explain SELECT id FROM sbtest2 WHERE id BETWEEN 8349671 AND 8349771
	Index Only Scan using sbtest2_pkey on sbtest2  (cost=0.43..6.42 rows=99 width=4)
	  Index Cond: ((id >= 8349671) AND (id <= 8349771))

table 3 : explain SELECT id FROM sbtest3 WHERE id BETWEEN 8349671 AND 8349771
	Index Only Scan using sbtest3_pkey on sbtest3  (cost=0.43..10.54 rows=105 width=4)
	  Index Cond: ((id >= 8349671) AND (id <= 8349771))

table 4 : explain SELECT id FROM sbtest4 WHERE id BETWEEN 8349671 AND 8349771
	Index Only Scan using sbtest4_pkey on sbtest4  (cost=0.43..6.40 rows=98 width=4)
	  Index Cond: ((id >= 8349671) AND (id <= 8349771))

table 5 : explain SELECT id FROM sbtest5 WHERE id BETWEEN 8349671 AND 8349771
	Index Only Scan using sbtest5_pkey on sbtest5  (cost=0.43..6.56 rows=106 width=4)
	  Index Cond: ((id >= 8349671) AND (id <= 8349771))

table 6 : explain SELECT id FROM sbtest6 WHERE id BETWEEN 8349671 AND 8349771
	Index Only Scan using sbtest6_pkey on sbtest6  (cost=0.43..6.63 rows=110 width=4)
	  Index Cond: ((id >= 8349671) AND (id <= 8349771))

table 7 : explain SELECT id FROM sbtest7 WHERE id BETWEEN 8349671 AND 8349771
	Index Only Scan using sbtest7_pkey on sbtest7  (cost=0.43..6.47 rows=102 width=4)
	  Index Cond: ((id >= 8349671) AND (id <= 8349771))

table 8 : explain SELECT id FROM sbtest8 WHERE id BETWEEN 8349671 AND 8349771
	Index Only Scan using sbtest8_pkey on sbtest8  (cost=0.43..6.51 rows=104 width=4)
	  Index Cond: ((id >= 8349671) AND (id <= 8349771))

explain: for range-covered :: explain SELECT id FROM sbtest%d WHERE id BETWEEN 8349671 AND 8349771
for range-covered
table 1 : explain SELECT id FROM sbtest1 WHERE id BETWEEN 7059109 AND 7059209
	Index Only Scan using sbtest1_pkey on sbtest1  (cost=0.43..6.56 rows=106 width=4)
	  Index Cond: ((id >= 7059109) AND (id <= 7059209))

table 2 : explain SELECT id FROM sbtest2 WHERE id BETWEEN 7059109 AND 7059209
	Index Only Scan using sbtest2_pkey on sbtest2  (cost=0.43..6.40 rows=98 width=4)
	  Index Cond: ((id >= 7059109) AND (id <= 7059209))

table 3 : explain SELECT id FROM sbtest3 WHERE id BETWEEN 7059109 AND 7059209
	Index Only Scan using sbtest3_pkey on sbtest3  (cost=0.43..10.42 rows=99 width=4)
	  Index Cond: ((id >= 7059109) AND (id <= 7059209))

table 4 : explain SELECT id FROM sbtest4 WHERE id BETWEEN 7059109 AND 7059209
	Index Only Scan using sbtest4_pkey on sbtest4  (cost=0.43..6.40 rows=98 width=4)
	  Index Cond: ((id >= 7059109) AND (id <= 7059209))

table 5 : explain SELECT id FROM sbtest5 WHERE id BETWEEN 7059109 AND 7059209
	Index Only Scan using sbtest5_pkey on sbtest5  (cost=0.43..6.21 rows=89 width=4)
	  Index Cond: ((id >= 7059109) AND (id <= 7059209))

table 6 : explain SELECT id FROM sbtest6 WHERE id BETWEEN 7059109 AND 7059209
	Index Only Scan using sbtest6_pkey on sbtest6  (cost=0.43..6.45 rows=101 width=4)
	  Index Cond: ((id >= 7059109) AND (id <= 7059209))

table 7 : explain SELECT id FROM sbtest7 WHERE id BETWEEN 7059109 AND 7059209
	Index Only Scan using sbtest7_pkey on sbtest7  (cost=0.43..6.59 rows=108 width=4)
	  Index Cond: ((id >= 7059109) AND (id <= 7059209))

table 8 : explain SELECT id FROM sbtest8 WHERE id BETWEEN 7059109 AND 7059209
	Index Only Scan using sbtest8_pkey on sbtest8  (cost=0.43..6.45 rows=101 width=4)
	  Index Cond: ((id >= 7059109) AND (id <= 7059209))

explain: for range-covered :: explain SELECT id FROM sbtest%d WHERE id BETWEEN 7059109 AND 7059209
for range-covered
table 1 : explain SELECT id FROM sbtest1 WHERE id BETWEEN 7471592 AND 7471692
	Index Only Scan using sbtest1_pkey on sbtest1  (cost=0.43..6.35 rows=96 width=4)
	  Index Cond: ((id >= 7471592) AND (id <= 7471692))

table 2 : explain SELECT id FROM sbtest2 WHERE id BETWEEN 7471592 AND 7471692
	Index Only Scan using sbtest2_pkey on sbtest2  (cost=0.43..6.50 rows=103 width=4)
	  Index Cond: ((id >= 7471592) AND (id <= 7471692))

table 3 : explain SELECT id FROM sbtest3 WHERE id BETWEEN 7471592 AND 7471692
	Index Only Scan using sbtest3_pkey on sbtest3  (cost=0.43..10.51 rows=104 width=4)
	  Index Cond: ((id >= 7471592) AND (id <= 7471692))

table 4 : explain SELECT id FROM sbtest4 WHERE id BETWEEN 7471592 AND 7471692
	Index Only Scan using sbtest4_pkey on sbtest4  (cost=0.43..6.29 rows=93 width=4)
	  Index Cond: ((id >= 7471592) AND (id <= 7471692))

table 5 : explain SELECT id FROM sbtest5 WHERE id BETWEEN 7471592 AND 7471692
	Index Only Scan using sbtest5_pkey on sbtest5  (cost=0.43..6.45 rows=101 width=4)
	  Index Cond: ((id >= 7471592) AND (id <= 7471692))

table 6 : explain SELECT id FROM sbtest6 WHERE id BETWEEN 7471592 AND 7471692
	Index Only Scan using sbtest6_pkey on sbtest6  (cost=0.43..6.43 rows=100 width=4)
	  Index Cond: ((id >= 7471592) AND (id <= 7471692))

table 7 : explain SELECT id FROM sbtest7 WHERE id BETWEEN 7471592 AND 7471692
	Index Only Scan using sbtest7_pkey on sbtest7  (cost=0.43..6.58 rows=107 width=4)
	  Index Cond: ((id >= 7471592) AND (id <= 7471692))

table 8 : explain SELECT id FROM sbtest8 WHERE id BETWEEN 7471592 AND 7471692
	Index Only Scan using sbtest8_pkey on sbtest8  (cost=0.43..6.50 rows=103 width=4)
	  Index Cond: ((id >= 7471592) AND (id <= 7471692))

explain: for range-covered :: explain SELECT id FROM sbtest%d WHERE id BETWEEN 7471592 AND 7471692
for range-covered
table 1 : explain SELECT id FROM sbtest1 WHERE id BETWEEN 7059109 AND 7059209
	Index Only Scan using sbtest1_pkey on sbtest1  (cost=0.43..6.56 rows=106 width=4)
	  Index Cond: ((id >= 7059109) AND (id <= 7059209))

table 2 : explain SELECT id FROM sbtest2 WHERE id BETWEEN 7059109 AND 7059209
	Index Only Scan using sbtest2_pkey on sbtest2  (cost=0.43..6.40 rows=98 width=4)
	  Index Cond: ((id >= 7059109) AND (id <= 7059209))

table 3 : explain SELECT id FROM sbtest3 WHERE id BETWEEN 7059109 AND 7059209
	Index Only Scan using sbtest3_pkey on sbtest3  (cost=0.43..10.42 rows=99 width=4)
	  Index Cond: ((id >= 7059109) AND (id <= 7059209))

table 4 : explain SELECT id FROM sbtest4 WHERE id BETWEEN 7059109 AND 7059209
	Index Only Scan using sbtest4_pkey on sbtest4  (cost=0.43..6.40 rows=98 width=4)
	  Index Cond: ((id >= 7059109) AND (id <= 7059209))

table 5 : explain SELECT id FROM sbtest5 WHERE id BETWEEN 7059109 AND 7059209
	Index Only Scan using sbtest5_pkey on sbtest5  (cost=0.43..6.21 rows=89 width=4)
	  Index Cond: ((id >= 7059109) AND (id <= 7059209))

table 6 : explain SELECT id FROM sbtest6 WHERE id BETWEEN 7059109 AND 7059209
	Index Only Scan using sbtest6_pkey on sbtest6  (cost=0.43..6.45 rows=101 width=4)
	  Index Cond: ((id >= 7059109) AND (id <= 7059209))

table 7 : explain SELECT id FROM sbtest7 WHERE id BETWEEN 7059109 AND 7059209
	Index Only Scan using sbtest7_pkey on sbtest7  (cost=0.43..6.59 rows=108 width=4)
	  Index Cond: ((id >= 7059109) AND (id <= 7059209))

table 8 : explain SELECT id FROM sbtest8 WHERE id BETWEEN 7059109 AND 7059209
	Index Only Scan using sbtest8_pkey on sbtest8  (cost=0.43..6.45 rows=101 width=4)
	  Index Cond: ((id >= 7059109) AND (id <= 7059209))

explain: for range-covered :: explain SELECT id FROM sbtest%d WHERE id BETWEEN 7059109 AND 7059209
for range-covered
table 1 : explain SELECT id FROM sbtest1 WHERE id BETWEEN 8349671 AND 8349771
	Index Only Scan using sbtest1_pkey on sbtest1  (cost=0.43..6.59 rows=108 width=4)
	  Index Cond: ((id >= 8349671) AND (id <= 8349771))

table 2 : explain SELECT id FROM sbtest2 WHERE id BETWEEN 8349671 AND 8349771
	Index Only Scan using sbtest2_pkey on sbtest2  (cost=0.43..6.42 rows=99 width=4)
	  Index Cond: ((id >= 8349671) AND (id <= 8349771))

table 3 : explain SELECT id FROM sbtest3 WHERE id BETWEEN 8349671 AND 8349771
	Index Only Scan using sbtest3_pkey on sbtest3  (cost=0.43..10.54 rows=105 width=4)
	  Index Cond: ((id >= 8349671) AND (id <= 8349771))

table 4 : explain SELECT id FROM sbtest4 WHERE id BETWEEN 8349671 AND 8349771
	Index Only Scan using sbtest4_pkey on sbtest4  (cost=0.43..6.40 rows=98 width=4)
	  Index Cond: ((id >= 8349671) AND (id <= 8349771))

table 5 : explain SELECT id FROM sbtest5 WHERE id BETWEEN 8349671 AND 8349771
	Index Only Scan using sbtest5_pkey on sbtest5  (cost=0.43..6.56 rows=106 width=4)
	  Index Cond: ((id >= 8349671) AND (id <= 8349771))

table 6 : explain SELECT id FROM sbtest6 WHERE id BETWEEN 8349671 AND 8349771
	Index Only Scan using sbtest6_pkey on sbtest6  (cost=0.43..6.63 rows=110 width=4)
	  Index Cond: ((id >= 8349671) AND (id <= 8349771))

table 7 : explain SELECT id FROM sbtest7 WHERE id BETWEEN 8349671 AND 8349771
	Index Only Scan using sbtest7_pkey on sbtest7  (cost=0.43..6.47 rows=102 width=4)
	  Index Cond: ((id >= 8349671) AND (id <= 8349771))

table 8 : explain SELECT id FROM sbtest8 WHERE id BETWEEN 8349671 AND 8349771
	Index Only Scan using sbtest8_pkey on sbtest8  (cost=0.43..6.51 rows=104 width=4)
	  Index Cond: ((id >= 8349671) AND (id <= 8349771))

for range-covered
table 1 : explain SELECT id FROM sbtest1 WHERE id BETWEEN 7471592 AND 7471692
	Index Only Scan using sbtest1_pkey on sbtest1  (cost=0.43..6.35 rows=96 width=4)
	  Index Cond: ((id >= 7471592) AND (id <= 7471692))

table 2 : explain SELECT id FROM sbtest2 WHERE id BETWEEN 7471592 AND 7471692
	Index Only Scan using sbtest2_pkey on sbtest2  (cost=0.43..6.50 rows=103 width=4)
	  Index Cond: ((id >= 7471592) AND (id <= 7471692))

table 3 : explain SELECT id FROM sbtest3 WHERE id BETWEEN 7471592 AND 7471692
	Index Only Scan using sbtest3_pkey on sbtest3  (cost=0.43..10.51 rows=104 width=4)
	  Index Cond: ((id >= 7471592) AND (id <= 7471692))

table 4 : explain SELECT id FROM sbtest4 WHERE id BETWEEN 7471592 AND 7471692
	Index Only Scan using sbtest4_pkey on sbtest4  (cost=0.43..6.29 rows=93 width=4)
	  Index Cond: ((id >= 7471592) AND (id <= 7471692))

table 5 : explain SELECT id FROM sbtest5 WHERE id BETWEEN 7471592 AND 7471692
	Index Only Scan using sbtest5_pkey on sbtest5  (cost=0.43..6.45 rows=101 width=4)
	  Index Cond: ((id >= 7471592) AND (id <= 7471692))

table 6 : explain SELECT id FROM sbtest6 WHERE id BETWEEN 7471592 AND 7471692
	Index Only Scan using sbtest6_pkey on sbtest6  (cost=0.43..6.43 rows=100 width=4)
	  Index Cond: ((id >= 7471592) AND (id <= 7471692))

table 7 : explain SELECT id FROM sbtest7 WHERE id BETWEEN 7471592 AND 7471692
	Index Only Scan using sbtest7_pkey on sbtest7  (cost=0.43..6.58 rows=107 width=4)
	  Index Cond: ((id >= 7471592) AND (id <= 7471692))

table 8 : explain SELECT id FROM sbtest8 WHERE id BETWEEN 7471592 AND 7471692
	Index Only Scan using sbtest8_pkey on sbtest8  (cost=0.43..6.50 rows=103 width=4)
	  Index Cond: ((id >= 7471592) AND (id <= 7471692))

explain: for range-covered :: explain SELECT id FROM sbtest%d WHERE id BETWEEN 8349671 AND 8349771
explain: for range-covered :: explain SELECT id FROM sbtest%d WHERE id BETWEEN 7471592 AND 7471692
for range-covered
table 1 : explain SELECT id FROM sbtest1 WHERE id BETWEEN 7059109 AND 7059209
	Index Only Scan using sbtest1_pkey on sbtest1  (cost=0.43..6.56 rows=106 width=4)
	  Index Cond: ((id >= 7059109) AND (id <= 7059209))

table 2 : explain SELECT id FROM sbtest2 WHERE id BETWEEN 7059109 AND 7059209
	Index Only Scan using sbtest2_pkey on sbtest2  (cost=0.43..6.40 rows=98 width=4)
	  Index Cond: ((id >= 7059109) AND (id <= 7059209))

table 3 : explain SELECT id FROM sbtest3 WHERE id BETWEEN 7059109 AND 7059209
	Index Only Scan using sbtest3_pkey on sbtest3  (cost=0.43..10.42 rows=99 width=4)
	  Index Cond: ((id >= 7059109) AND (id <= 7059209))

table 4 : explain SELECT id FROM sbtest4 WHERE id BETWEEN 7059109 AND 7059209
	Index Only Scan using sbtest4_pkey on sbtest4  (cost=0.43..6.40 rows=98 width=4)
	  Index Cond: ((id >= 7059109) AND (id <= 7059209))

table 5 : explain SELECT id FROM sbtest5 WHERE id BETWEEN 7059109 AND 7059209
	Index Only Scan using sbtest5_pkey on sbtest5  (cost=0.43..6.21 rows=89 width=4)
	  Index Cond: ((id >= 7059109) AND (id <= 7059209))

table 6 : explain SELECT id FROM sbtest6 WHERE id BETWEEN 7059109 AND 7059209
	Index Only Scan using sbtest6_pkey on sbtest6  (cost=0.43..6.45 rows=101 width=4)
	  Index Cond: ((id >= 7059109) AND (id <= 7059209))

table 7 : explain SELECT id FROM sbtest7 WHERE id BETWEEN 7059109 AND 7059209
	Index Only Scan using sbtest7_pkey on sbtest7  (cost=0.43..6.59 rows=108 width=4)
	  Index Cond: ((id >= 7059109) AND (id <= 7059209))

table 8 : explain SELECT id FROM sbtest8 WHERE id BETWEEN 7059109 AND 7059209
	Index Only Scan using sbtest8_pkey on sbtest8  (cost=0.43..6.45 rows=101 width=4)
	  Index Cond: ((id >= 7059109) AND (id <= 7059209))

explain: for range-covered :: explain SELECT id FROM sbtest%d WHERE id BETWEEN 7059109 AND 7059209
for range-covered
table 1 : explain SELECT id FROM sbtest1 WHERE id BETWEEN 7471592 AND 7471692
	Index Only Scan using sbtest1_pkey on sbtest1  (cost=0.43..6.35 rows=96 width=4)
	  Index Cond: ((id >= 7471592) AND (id <= 7471692))

table 2 : explain SELECT id FROM sbtest2 WHERE id BETWEEN 7471592 AND 7471692
	Index Only Scan using sbtest2_pkey on sbtest2  (cost=0.43..6.50 rows=103 width=4)
	  Index Cond: ((id >= 7471592) AND (id <= 7471692))

table 3 : explain SELECT id FROM sbtest3 WHERE id BETWEEN 7471592 AND 7471692
	Index Only Scan using sbtest3_pkey on sbtest3  (cost=0.43..10.51 rows=104 width=4)
	  Index Cond: ((id >= 7471592) AND (id <= 7471692))

table 4 : explain SELECT id FROM sbtest4 WHERE id BETWEEN 7471592 AND 7471692
	Index Only Scan using sbtest4_pkey on sbtest4  (cost=0.43..6.29 rows=93 width=4)
	  Index Cond: ((id >= 7471592) AND (id <= 7471692))

table 5 : explain SELECT id FROM sbtest5 WHERE id BETWEEN 7471592 AND 7471692
	Index Only Scan using sbtest5_pkey on sbtest5  (cost=0.43..6.45 rows=101 width=4)
	  Index Cond: ((id >= 7471592) AND (id <= 7471692))

table 6 : explain SELECT id FROM sbtest6 WHERE id BETWEEN 7471592 AND 7471692
	Index Only Scan using sbtest6_pkey on sbtest6  (cost=0.43..6.43 rows=100 width=4)
	  Index Cond: ((id >= 7471592) AND (id <= 7471692))

table 7 : explain SELECT id FROM sbtest7 WHERE id BETWEEN 7471592 AND 7471692
	Index Only Scan using sbtest7_pkey on sbtest7  (cost=0.43..6.58 rows=107 width=4)
	  Index Cond: ((id >= 7471592) AND (id <= 7471692))

table 8 : explain SELECT id FROM sbtest8 WHERE id BETWEEN 7471592 AND 7471692
	Index Only Scan using sbtest8_pkey on sbtest8  (cost=0.43..6.50 rows=103 width=4)
	  Index Cond: ((id >= 7471592) AND (id <= 7471692))

explain: for range-covered :: explain SELECT id FROM sbtest%d WHERE id BETWEEN 7471592 AND 7471692
explain: for range-covered :: explain SELECT id FROM sbtest%d WHERE id BETWEEN 9819821 AND 9819921
for range-covered
table 1 : explain SELECT id FROM sbtest1 WHERE id BETWEEN 7059109 AND 7059209
	Index Only Scan using sbtest1_pkey on sbtest1  (cost=0.43..6.56 rows=106 width=4)
	  Index Cond: ((id >= 7059109) AND (id <= 7059209))

table 2 : explain SELECT id FROM sbtest2 WHERE id BETWEEN 7059109 AND 7059209
	Index Only Scan using sbtest2_pkey on sbtest2  (cost=0.43..6.40 rows=98 width=4)
	  Index Cond: ((id >= 7059109) AND (id <= 7059209))

table 3 : explain SELECT id FROM sbtest3 WHERE id BETWEEN 7059109 AND 7059209
	Index Only Scan using sbtest3_pkey on sbtest3  (cost=0.43..10.42 rows=99 width=4)
	  Index Cond: ((id >= 7059109) AND (id <= 7059209))

table 4 : explain SELECT id FROM sbtest4 WHERE id BETWEEN 7059109 AND 7059209
	Index Only Scan using sbtest4_pkey on sbtest4  (cost=0.43..6.40 rows=98 width=4)
	  Index Cond: ((id >= 7059109) AND (id <= 7059209))

table 5 : explain SELECT id FROM sbtest5 WHERE id BETWEEN 7059109 AND 7059209
	Index Only Scan using sbtest5_pkey on sbtest5  (cost=0.43..6.21 rows=89 width=4)
	  Index Cond: ((id >= 7059109) AND (id <= 7059209))

table 6 : explain SELECT id FROM sbtest6 WHERE id BETWEEN 7059109 AND 7059209
	Index Only Scan using sbtest6_pkey on sbtest6  (cost=0.43..6.45 rows=101 width=4)
	  Index Cond: ((id >= 7059109) AND (id <= 7059209))

table 7 : explain SELECT id FROM sbtest7 WHERE id BETWEEN 7059109 AND 7059209
	Index Only Scan using sbtest7_pkey on sbtest7  (cost=0.43..6.59 rows=108 width=4)
	  Index Cond: ((id >= 7059109) AND (id <= 7059209))

table 8 : explain SELECT id FROM sbtest8 WHERE id BETWEEN 7059109 AND 7059209
	Index Only Scan using sbtest8_pkey on sbtest8  (cost=0.43..6.45 rows=101 width=4)
	  Index Cond: ((id >= 7059109) AND (id <= 7059209))

explain: for range-covered :: explain SELECT id FROM sbtest%d WHERE id BETWEEN 7059109 AND 7059209
explain: for range-covered :: explain SELECT id FROM sbtest%d WHERE id BETWEEN 3407760 AND 3407860
for range-covered
table 1 : explain SELECT id FROM sbtest1 WHERE id BETWEEN 7471592 AND 7471692
	Index Only Scan using sbtest1_pkey on sbtest1  (cost=0.43..6.35 rows=96 width=4)
	  Index Cond: ((id >= 7471592) AND (id <= 7471692))

table 2 : explain SELECT id FROM sbtest2 WHERE id BETWEEN 7471592 AND 7471692
	Index Only Scan using sbtest2_pkey on sbtest2  (cost=0.43..6.50 rows=103 width=4)
	  Index Cond: ((id >= 7471592) AND (id <= 7471692))

table 3 : explain SELECT id FROM sbtest3 WHERE id BETWEEN 7471592 AND 7471692
	Index Only Scan using sbtest3_pkey on sbtest3  (cost=0.43..10.51 rows=104 width=4)
	  Index Cond: ((id >= 7471592) AND (id <= 7471692))

table 4 : explain SELECT id FROM sbtest4 WHERE id BETWEEN 7471592 AND 7471692
	Index Only Scan using sbtest4_pkey on sbtest4  (cost=0.43..6.29 rows=93 width=4)
	  Index Cond: ((id >= 7471592) AND (id <= 7471692))

table 5 : explain SELECT id FROM sbtest5 WHERE id BETWEEN 7471592 AND 7471692
	Index Only Scan using sbtest5_pkey on sbtest5  (cost=0.43..6.45 rows=101 width=4)
	  Index Cond: ((id >= 7471592) AND (id <= 7471692))

table 6 : explain SELECT id FROM sbtest6 WHERE id BETWEEN 7471592 AND 7471692
	Index Only Scan using sbtest6_pkey on sbtest6  (cost=0.43..6.43 rows=100 width=4)
	  Index Cond: ((id >= 7471592) AND (id <= 7471692))

table 7 : explain SELECT id FROM sbtest7 WHERE id BETWEEN 7471592 AND 7471692
	Index Only Scan using sbtest7_pkey on sbtest7  (cost=0.43..6.58 rows=107 width=4)
	  Index Cond: ((id >= 7471592) AND (id <= 7471692))

table 8 : explain SELECT id FROM sbtest8 WHERE id BETWEEN 7471592 AND 7471692
	Index Only Scan using sbtest8_pkey on sbtest8  (cost=0.43..6.50 rows=103 width=4)
	  Index Cond: ((id >= 7471592) AND (id <= 7471692))

explain: for range-covered :: explain SELECT id FROM sbtest%d WHERE id BETWEEN 7471592 AND 7471692
for range-covered
table 1 : explain SELECT id FROM sbtest1 WHERE id BETWEEN 7059109 AND 7059209
	Index Only Scan using sbtest1_pkey on sbtest1  (cost=0.43..6.56 rows=106 width=4)
	  Index Cond: ((id >= 7059109) AND (id <= 7059209))

table 2 : explain SELECT id FROM sbtest2 WHERE id BETWEEN 7059109 AND 7059209
	Index Only Scan using sbtest2_pkey on sbtest2  (cost=0.43..6.40 rows=98 width=4)
	  Index Cond: ((id >= 7059109) AND (id <= 7059209))

table 3 : explain SELECT id FROM sbtest3 WHERE id BETWEEN 7059109 AND 7059209
	Index Only Scan using sbtest3_pkey on sbtest3  (cost=0.43..10.42 rows=99 width=4)
	  Index Cond: ((id >= 7059109) AND (id <= 7059209))

table 4 : explain SELECT id FROM sbtest4 WHERE id BETWEEN 7059109 AND 7059209
	Index Only Scan using sbtest4_pkey on sbtest4  (cost=0.43..6.40 rows=98 width=4)
	  Index Cond: ((id >= 7059109) AND (id <= 7059209))

table 5 : explain SELECT id FROM sbtest5 WHERE id BETWEEN 7059109 AND 7059209
	Index Only Scan using sbtest5_pkey on sbtest5  (cost=0.43..6.21 rows=89 width=4)
	  Index Cond: ((id >= 7059109) AND (id <= 7059209))

table 6 : explain SELECT id FROM sbtest6 WHERE id BETWEEN 7059109 AND 7059209
	Index Only Scan using sbtest6_pkey on sbtest6  (cost=0.43..6.45 rows=101 width=4)
	  Index Cond: ((id >= 7059109) AND (id <= 7059209))

table 7 : explain SELECT id FROM sbtest7 WHERE id BETWEEN 7059109 AND 7059209
	Index Only Scan using sbtest7_pkey on sbtest7  (cost=0.43..6.59 rows=108 width=4)
	  Index Cond: ((id >= 7059109) AND (id <= 7059209))

table 8 : explain SELECT id FROM sbtest8 WHERE id BETWEEN 7059109 AND 7059209
	Index Only Scan using sbtest8_pkey on sbtest8  (cost=0.43..6.45 rows=101 width=4)
	  Index Cond: ((id >= 7059109) AND (id <= 7059209))

explain: for range-covered :: explain SELECT id FROM sbtest%d WHERE id BETWEEN 7059109 AND 7059209
for range-covered
table 1 : explain SELECT id FROM sbtest1 WHERE id BETWEEN 7471592 AND 7471692
	Index Only Scan using sbtest1_pkey on sbtest1  (cost=0.43..6.35 rows=96 width=4)
	  Index Cond: ((id >= 7471592) AND (id <= 7471692))

table 2 : explain SELECT id FROM sbtest2 WHERE id BETWEEN 7471592 AND 7471692
	Index Only Scan using sbtest2_pkey on sbtest2  (cost=0.43..6.50 rows=103 width=4)
	  Index Cond: ((id >= 7471592) AND (id <= 7471692))

table 3 : explain SELECT id FROM sbtest3 WHERE id BETWEEN 7471592 AND 7471692
	Index Only Scan using sbtest3_pkey on sbtest3  (cost=0.43..10.51 rows=104 width=4)
	  Index Cond: ((id >= 7471592) AND (id <= 7471692))

table 4 : explain SELECT id FROM sbtest4 WHERE id BETWEEN 7471592 AND 7471692
	Index Only Scan using sbtest4_pkey on sbtest4  (cost=0.43..6.29 rows=93 width=4)
	  Index Cond: ((id >= 7471592) AND (id <= 7471692))

table 5 : explain SELECT id FROM sbtest5 WHERE id BETWEEN 7471592 AND 7471692
	Index Only Scan using sbtest5_pkey on sbtest5  (cost=0.43..6.45 rows=101 width=4)
	  Index Cond: ((id >= 7471592) AND (id <= 7471692))

table 6 : explain SELECT id FROM sbtest6 WHERE id BETWEEN 7471592 AND 7471692
	Index Only Scan using sbtest6_pkey on sbtest6  (cost=0.43..6.43 rows=100 width=4)
	  Index Cond: ((id >= 7471592) AND (id <= 7471692))

table 7 : explain SELECT id FROM sbtest7 WHERE id BETWEEN 7471592 AND 7471692
	Index Only Scan using sbtest7_pkey on sbtest7  (cost=0.43..6.58 rows=107 width=4)
	  Index Cond: ((id >= 7471592) AND (id <= 7471692))

table 8 : explain SELECT id FROM sbtest8 WHERE id BETWEEN 7471592 AND 7471692
	Index Only Scan using sbtest8_pkey on sbtest8  (cost=0.43..6.50 rows=103 width=4)
	  Index Cond: ((id >= 7471592) AND (id <= 7471692))

explain: for range-covered :: explain SELECT id FROM sbtest%d WHERE id BETWEEN 7471592 AND 7471692
explain: for range-covered :: explain SELECT id FROM sbtest%d WHERE id BETWEEN 3153883 AND 3153983
for range-covered
table 1 : explain SELECT id FROM sbtest1 WHERE id BETWEEN 7059109 AND 7059209
	Index Only Scan using sbtest1_pkey on sbtest1  (cost=0.43..6.56 rows=106 width=4)
	  Index Cond: ((id >= 7059109) AND (id <= 7059209))

table 2 : explain SELECT id FROM sbtest2 WHERE id BETWEEN 7059109 AND 7059209
	Index Only Scan using sbtest2_pkey on sbtest2  (cost=0.43..6.40 rows=98 width=4)
	  Index Cond: ((id >= 7059109) AND (id <= 7059209))

table 3 : explain SELECT id FROM sbtest3 WHERE id BETWEEN 7059109 AND 7059209
	Index Only Scan using sbtest3_pkey on sbtest3  (cost=0.43..10.42 rows=99 width=4)
	  Index Cond: ((id >= 7059109) AND (id <= 7059209))

table 4 : explain SELECT id FROM sbtest4 WHERE id BETWEEN 7059109 AND 7059209
	Index Only Scan using sbtest4_pkey on sbtest4  (cost=0.43..6.40 rows=98 width=4)
	  Index Cond: ((id >= 7059109) AND (id <= 7059209))

table 5 : explain SELECT id FROM sbtest5 WHERE id BETWEEN 7059109 AND 7059209
	Index Only Scan using sbtest5_pkey on sbtest5  (cost=0.43..6.21 rows=89 width=4)
	  Index Cond: ((id >= 7059109) AND (id <= 7059209))

table 6 : explain SELECT id FROM sbtest6 WHERE id BETWEEN 7059109 AND 7059209
	Index Only Scan using sbtest6_pkey on sbtest6  (cost=0.43..6.45 rows=101 width=4)
	  Index Cond: ((id >= 7059109) AND (id <= 7059209))

table 7 : explain SELECT id FROM sbtest7 WHERE id BETWEEN 7059109 AND 7059209
	Index Only Scan using sbtest7_pkey on sbtest7  (cost=0.43..6.59 rows=108 width=4)
	  Index Cond: ((id >= 7059109) AND (id <= 7059209))

table 8 : explain SELECT id FROM sbtest8 WHERE id BETWEEN 7059109 AND 7059209
	Index Only Scan using sbtest8_pkey on sbtest8  (cost=0.43..6.45 rows=101 width=4)
	  Index Cond: ((id >= 7059109) AND (id <= 7059209))

for range-covered
table 1 : explain SELECT id FROM sbtest1 WHERE id BETWEEN 4595121 AND 4595221
	Index Only Scan using sbtest1_pkey on sbtest1  (cost=0.43..6.37 rows=97 width=4)
	  Index Cond: ((id >= 4595121) AND (id <= 4595221))

table 2 : explain SELECT id FROM sbtest2 WHERE id BETWEEN 4595121 AND 4595221
	Index Only Scan using sbtest2_pkey on sbtest2  (cost=0.43..6.47 rows=102 width=4)
	  Index Cond: ((id >= 4595121) AND (id <= 4595221))

table 3 : explain SELECT id FROM sbtest3 WHERE id BETWEEN 4595121 AND 4595221
	Index Only Scan using sbtest3_pkey on sbtest3  (cost=0.43..10.32 rows=94 width=4)
	  Index Cond: ((id >= 4595121) AND (id <= 4595221))

table 4 : explain SELECT id FROM sbtest4 WHERE id BETWEEN 4595121 AND 4595221
	Index Only Scan using sbtest4_pkey on sbtest4  (cost=0.43..6.45 rows=101 width=4)
	  Index Cond: ((id >= 4595121) AND (id <= 4595221))

table 5 : explain SELECT id FROM sbtest5 WHERE id BETWEEN 4595121 AND 4595221
	Index Only Scan using sbtest5_pkey on sbtest5  (cost=0.43..6.53 rows=105 width=4)
	  Index Cond: ((id >= 4595121) AND (id <= 4595221))

table 6 : explain SELECT id FROM sbtest6 WHERE id BETWEEN 4595121 AND 4595221
	Index Only Scan using sbtest6_pkey on sbtest6  (cost=0.43..6.53 rows=105 width=4)
	  Index Cond: ((id >= 4595121) AND (id <= 4595221))

table 7 : explain SELECT id FROM sbtest7 WHERE id BETWEEN 4595121 AND 4595221
	Index Only Scan using sbtest7_pkey on sbtest7  (cost=0.43..6.33 rows=95 width=4)
	  Index Cond: ((id >= 4595121) AND (id <= 4595221))

table 8 : explain SELECT id FROM sbtest8 WHERE id BETWEEN 4595121 AND 4595221
	Index Only Scan using sbtest8_pkey on sbtest8  (cost=0.43..6.47 rows=102 width=4)
	  Index Cond: ((id >= 4595121) AND (id <= 4595221))

for range-covered
table 1 : explain SELECT id FROM sbtest1 WHERE id BETWEEN 7471592 AND 7471692
	Index Only Scan using sbtest1_pkey on sbtest1  (cost=0.43..6.35 rows=96 width=4)
	  Index Cond: ((id >= 7471592) AND (id <= 7471692))

table 2 : explain SELECT id FROM sbtest2 WHERE id BETWEEN 7471592 AND 7471692
	Index Only Scan using sbtest2_pkey on sbtest2  (cost=0.43..6.50 rows=103 width=4)
	  Index Cond: ((id >= 7471592) AND (id <= 7471692))

table 3 : explain SELECT id FROM sbtest3 WHERE id BETWEEN 7471592 AND 7471692
	Index Only Scan using sbtest3_pkey on sbtest3  (cost=0.43..10.51 rows=104 width=4)
	  Index Cond: ((id >= 7471592) AND (id <= 7471692))

table 4 : explain SELECT id FROM sbtest4 WHERE id BETWEEN 7471592 AND 7471692
	Index Only Scan using sbtest4_pkey on sbtest4  (cost=0.43..6.29 rows=93 width=4)
	  Index Cond: ((id >= 7471592) AND (id <= 7471692))

table 5 : explain SELECT id FROM sbtest5 WHERE id BETWEEN 7471592 AND 7471692
	Index Only Scan using sbtest5_pkey on sbtest5  (cost=0.43..6.45 rows=101 width=4)
	  Index Cond: ((id >= 7471592) AND (id <= 7471692))

table 6 : explain SELECT id FROM sbtest6 WHERE id BETWEEN 7471592 AND 7471692
	Index Only Scan using sbtest6_pkey on sbtest6  (cost=0.43..6.43 rows=100 width=4)
	  Index Cond: ((id >= 7471592) AND (id <= 7471692))

table 7 : explain SELECT id FROM sbtest7 WHERE id BETWEEN 7471592 AND 7471692
	Index Only Scan using sbtest7_pkey on sbtest7  (cost=0.43..6.58 rows=107 width=4)
	  Index Cond: ((id >= 7471592) AND (id <= 7471692))

table 8 : explain SELECT id FROM sbtest8 WHERE id BETWEEN 7471592 AND 7471692
	Index Only Scan using sbtest8_pkey on sbtest8  (cost=0.43..6.50 rows=103 width=4)
	  Index Cond: ((id >= 7471592) AND (id <= 7471692))

explain: for range-covered :: explain SELECT id FROM sbtest%d WHERE id BETWEEN 7471592 AND 7471692
explain: for range-covered :: explain SELECT id FROM sbtest%d WHERE id BETWEEN 3867441 AND 3867541
for range-covered
table 1 : explain SELECT id FROM sbtest1 WHERE id BETWEEN 7471592 AND 7471692
	Index Only Scan using sbtest1_pkey on sbtest1  (cost=0.43..6.35 rows=96 width=4)
	  Index Cond: ((id >= 7471592) AND (id <= 7471692))

table 2 : explain SELECT id FROM sbtest2 WHERE id BETWEEN 7471592 AND 7471692
	Index Only Scan using sbtest2_pkey on sbtest2  (cost=0.43..6.50 rows=103 width=4)
	  Index Cond: ((id >= 7471592) AND (id <= 7471692))

table 3 : explain SELECT id FROM sbtest3 WHERE id BETWEEN 7471592 AND 7471692
	Index Only Scan using sbtest3_pkey on sbtest3  (cost=0.43..10.51 rows=104 width=4)
	  Index Cond: ((id >= 7471592) AND (id <= 7471692))

table 4 : explain SELECT id FROM sbtest4 WHERE id BETWEEN 7471592 AND 7471692
	Index Only Scan using sbtest4_pkey on sbtest4  (cost=0.43..6.29 rows=93 width=4)
	  Index Cond: ((id >= 7471592) AND (id <= 7471692))

table 5 : explain SELECT id FROM sbtest5 WHERE id BETWEEN 7471592 AND 7471692
	Index Only Scan using sbtest5_pkey on sbtest5  (cost=0.43..6.45 rows=101 width=4)
	  Index Cond: ((id >= 7471592) AND (id <= 7471692))

table 6 : explain SELECT id FROM sbtest6 WHERE id BETWEEN 7471592 AND 7471692
	Index Only Scan using sbtest6_pkey on sbtest6  (cost=0.43..6.43 rows=100 width=4)
	  Index Cond: ((id >= 7471592) AND (id <= 7471692))

table 7 : explain SELECT id FROM sbtest7 WHERE id BETWEEN 7471592 AND 7471692
	Index Only Scan using sbtest7_pkey on sbtest7  (cost=0.43..6.58 rows=107 width=4)
	  Index Cond: ((id >= 7471592) AND (id <= 7471692))

table 8 : explain SELECT id FROM sbtest8 WHERE id BETWEEN 7471592 AND 7471692
	Index Only Scan using sbtest8_pkey on sbtest8  (cost=0.43..6.50 rows=103 width=4)
	  Index Cond: ((id >= 7471592) AND (id <= 7471692))

explain: for range-covered :: explain SELECT id FROM sbtest%d WHERE id BETWEEN 7471592 AND 7471692
for range-covered
table 1 : explain SELECT id FROM sbtest1 WHERE id BETWEEN 4099407 AND 4099507
	Index Only Scan using sbtest1_pkey on sbtest1  (cost=0.43..6.56 rows=106 width=4)
	  Index Cond: ((id >= 4099407) AND (id <= 4099507))

table 2 : explain SELECT id FROM sbtest2 WHERE id BETWEEN 4099407 AND 4099507
	Index Only Scan using sbtest2_pkey on sbtest2  (cost=0.43..6.53 rows=105 width=4)
	  Index Cond: ((id >= 4099407) AND (id <= 4099507))

table 3 : explain SELECT id FROM sbtest3 WHERE id BETWEEN 4099407 AND 4099507
	Index Only Scan using sbtest3_pkey on sbtest3  (cost=0.43..10.56 rows=106 width=4)
	  Index Cond: ((id >= 4099407) AND (id <= 4099507))

table 4 : explain SELECT id FROM sbtest4 WHERE id BETWEEN 4099407 AND 4099507
	Index Only Scan using sbtest4_pkey on sbtest4  (cost=0.43..6.45 rows=101 width=4)
	  Index Cond: ((id >= 4099407) AND (id <= 4099507))

table 5 : explain SELECT id FROM sbtest5 WHERE id BETWEEN 4099407 AND 4099507
	Index Only Scan using sbtest5_pkey on sbtest5  (cost=0.43..6.43 rows=100 width=4)
	  Index Cond: ((id >= 4099407) AND (id <= 4099507))

table 6 : explain SELECT id FROM sbtest6 WHERE id BETWEEN 4099407 AND 4099507
	Index Only Scan using sbtest6_pkey on sbtest6  (cost=0.43..6.58 rows=107 width=4)
	  Index Cond: ((id >= 4099407) AND (id <= 4099507))

table 7 : explain SELECT id FROM sbtest7 WHERE id BETWEEN 4099407 AND 4099507
	Index Only Scan using sbtest7_pkey on sbtest7  (cost=0.43..6.33 rows=95 width=4)
	  Index Cond: ((id >= 4099407) AND (id <= 4099507))

table 8 : explain SELECT id FROM sbtest8 WHERE id BETWEEN 4099407 AND 4099507
	Index Only Scan using sbtest8_pkey on sbtest8  (cost=0.43..6.53 rows=105 width=4)
	  Index Cond: ((id >= 4099407) AND (id <= 4099507))

explain: for range-covered :: explain SELECT id FROM sbtest%d WHERE id BETWEEN 4099407 AND 4099507
for range-covered
table 1 : explain SELECT id FROM sbtest1 WHERE id BETWEEN 7471592 AND 7471692
	Index Only Scan using sbtest1_pkey on sbtest1  (cost=0.43..6.35 rows=96 width=4)
	  Index Cond: ((id >= 7471592) AND (id <= 7471692))

table 2 : explain SELECT id FROM sbtest2 WHERE id BETWEEN 7471592 AND 7471692
	Index Only Scan using sbtest2_pkey on sbtest2  (cost=0.43..6.50 rows=103 width=4)
	  Index Cond: ((id >= 7471592) AND (id <= 7471692))

table 3 : explain SELECT id FROM sbtest3 WHERE id BETWEEN 7471592 AND 7471692
	Index Only Scan using sbtest3_pkey on sbtest3  (cost=0.43..10.51 rows=104 width=4)
	  Index Cond: ((id >= 7471592) AND (id <= 7471692))

table 4 : explain SELECT id FROM sbtest4 WHERE id BETWEEN 7471592 AND 7471692
	Index Only Scan using sbtest4_pkey on sbtest4  (cost=0.43..6.29 rows=93 width=4)
	  Index Cond: ((id >= 7471592) AND (id <= 7471692))

table 5 : explain SELECT id FROM sbtest5 WHERE id BETWEEN 7471592 AND 7471692
	Index Only Scan using sbtest5_pkey on sbtest5  (cost=0.43..6.45 rows=101 width=4)
	  Index Cond: ((id >= 7471592) AND (id <= 7471692))

table 6 : explain SELECT id FROM sbtest6 WHERE id BETWEEN 7471592 AND 7471692
	Index Only Scan using sbtest6_pkey on sbtest6  (cost=0.43..6.43 rows=100 width=4)
	  Index Cond: ((id >= 7471592) AND (id <= 7471692))

table 7 : explain SELECT id FROM sbtest7 WHERE id BETWEEN 7471592 AND 7471692
	Index Only Scan using sbtest7_pkey on sbtest7  (cost=0.43..6.58 rows=107 width=4)
	  Index Cond: ((id >= 7471592) AND (id <= 7471692))

table 8 : explain SELECT id FROM sbtest8 WHERE id BETWEEN 7471592 AND 7471692
	Index Only Scan using sbtest8_pkey on sbtest8  (cost=0.43..6.50 rows=103 width=4)
	  Index Cond: ((id >= 7471592) AND (id <= 7471692))

for range-covered
table 1 : explain SELECT id FROM sbtest1 WHERE id BETWEEN 4099407 AND 4099507
	Index Only Scan using sbtest1_pkey on sbtest1  (cost=0.43..6.56 rows=106 width=4)
	  Index Cond: ((id >= 4099407) AND (id <= 4099507))

table 2 : explain SELECT id FROM sbtest2 WHERE id BETWEEN 4099407 AND 4099507
	Index Only Scan using sbtest2_pkey on sbtest2  (cost=0.43..6.53 rows=105 width=4)
	  Index Cond: ((id >= 4099407) AND (id <= 4099507))

table 3 : explain SELECT id FROM sbtest3 WHERE id BETWEEN 4099407 AND 4099507
	Index Only Scan using sbtest3_pkey on sbtest3  (cost=0.43..10.56 rows=106 width=4)
	  Index Cond: ((id >= 4099407) AND (id <= 4099507))

table 4 : explain SELECT id FROM sbtest4 WHERE id BETWEEN 4099407 AND 4099507
	Index Only Scan using sbtest4_pkey on sbtest4  (cost=0.43..6.45 rows=101 width=4)
	  Index Cond: ((id >= 4099407) AND (id <= 4099507))

table 5 : explain SELECT id FROM sbtest5 WHERE id BETWEEN 4099407 AND 4099507
	Index Only Scan using sbtest5_pkey on sbtest5  (cost=0.43..6.43 rows=100 width=4)
	  Index Cond: ((id >= 4099407) AND (id <= 4099507))

table 6 : explain SELECT id FROM sbtest6 WHERE id BETWEEN 4099407 AND 4099507
	Index Only Scan using sbtest6_pkey on sbtest6  (cost=0.43..6.58 rows=107 width=4)
	  Index Cond: ((id >= 4099407) AND (id <= 4099507))

table 7 : explain SELECT id FROM sbtest7 WHERE id BETWEEN 4099407 AND 4099507
	Index Only Scan using sbtest7_pkey on sbtest7  (cost=0.43..6.33 rows=95 width=4)
	  Index Cond: ((id >= 4099407) AND (id <= 4099507))

table 8 : explain SELECT id FROM sbtest8 WHERE id BETWEEN 4099407 AND 4099507
	Index Only Scan using sbtest8_pkey on sbtest8  (cost=0.43..6.53 rows=105 width=4)
	  Index Cond: ((id >= 4099407) AND (id <= 4099507))

explain: for range-covered :: explain SELECT id FROM sbtest%d WHERE id BETWEEN 4099407 AND 4099507
explain: for range-covered :: explain SELECT id FROM sbtest%d WHERE id BETWEEN 3617733 AND 3617833
for range-covered
table 1 : explain SELECT id FROM sbtest1 WHERE id BETWEEN 4099407 AND 4099507
	Index Only Scan using sbtest1_pkey on sbtest1  (cost=0.43..6.56 rows=106 width=4)
	  Index Cond: ((id >= 4099407) AND (id <= 4099507))

table 2 : explain SELECT id FROM sbtest2 WHERE id BETWEEN 4099407 AND 4099507
	Index Only Scan using sbtest2_pkey on sbtest2  (cost=0.43..6.53 rows=105 width=4)
	  Index Cond: ((id >= 4099407) AND (id <= 4099507))

table 3 : explain SELECT id FROM sbtest3 WHERE id BETWEEN 4099407 AND 4099507
	Index Only Scan using sbtest3_pkey on sbtest3  (cost=0.43..10.56 rows=106 width=4)
	  Index Cond: ((id >= 4099407) AND (id <= 4099507))

table 4 : explain SELECT id FROM sbtest4 WHERE id BETWEEN 4099407 AND 4099507
	Index Only Scan using sbtest4_pkey on sbtest4  (cost=0.43..6.45 rows=101 width=4)
	  Index Cond: ((id >= 4099407) AND (id <= 4099507))

table 5 : explain SELECT id FROM sbtest5 WHERE id BETWEEN 4099407 AND 4099507
	Index Only Scan using sbtest5_pkey on sbtest5  (cost=0.43..6.43 rows=100 width=4)
	  Index Cond: ((id >= 4099407) AND (id <= 4099507))

table 6 : explain SELECT id FROM sbtest6 WHERE id BETWEEN 4099407 AND 4099507
	Index Only Scan using sbtest6_pkey on sbtest6  (cost=0.43..6.58 rows=107 width=4)
	  Index Cond: ((id >= 4099407) AND (id <= 4099507))

table 7 : explain SELECT id FROM sbtest7 WHERE id BETWEEN 4099407 AND 4099507
	Index Only Scan using sbtest7_pkey on sbtest7  (cost=0.43..6.33 rows=95 width=4)
	  Index Cond: ((id >= 4099407) AND (id <= 4099507))

table 8 : explain SELECT id FROM sbtest8 WHERE id BETWEEN 4099407 AND 4099507
	Index Only Scan using sbtest8_pkey on sbtest8  (cost=0.43..6.53 rows=105 width=4)
	  Index Cond: ((id >= 4099407) AND (id <= 4099507))

explain: for range-covered :: explain SELECT id FROM sbtest%d WHERE id BETWEEN 4099407 AND 4099507
explain: for range-covered :: explain SELECT id FROM sbtest%d WHERE id BETWEEN 6073953 AND 6074053
for range-covered
table 1 : explain SELECT id FROM sbtest1 WHERE id BETWEEN 4099407 AND 4099507
	Index Only Scan using sbtest1_pkey on sbtest1  (cost=0.43..6.56 rows=106 width=4)
	  Index Cond: ((id >= 4099407) AND (id <= 4099507))

table 2 : explain SELECT id FROM sbtest2 WHERE id BETWEEN 4099407 AND 4099507
	Index Only Scan using sbtest2_pkey on sbtest2  (cost=0.43..6.53 rows=105 width=4)
	  Index Cond: ((id >= 4099407) AND (id <= 4099507))

table 3 : explain SELECT id FROM sbtest3 WHERE id BETWEEN 4099407 AND 4099507
	Index Only Scan using sbtest3_pkey on sbtest3  (cost=0.43..10.56 rows=106 width=4)
	  Index Cond: ((id >= 4099407) AND (id <= 4099507))

table 4 : explain SELECT id FROM sbtest4 WHERE id BETWEEN 4099407 AND 4099507
	Index Only Scan using sbtest4_pkey on sbtest4  (cost=0.43..6.45 rows=101 width=4)
	  Index Cond: ((id >= 4099407) AND (id <= 4099507))

table 5 : explain SELECT id FROM sbtest5 WHERE id BETWEEN 4099407 AND 4099507
	Index Only Scan using sbtest5_pkey on sbtest5  (cost=0.43..6.43 rows=100 width=4)
	  Index Cond: ((id >= 4099407) AND (id <= 4099507))

table 6 : explain SELECT id FROM sbtest6 WHERE id BETWEEN 4099407 AND 4099507
	Index Only Scan using sbtest6_pkey on sbtest6  (cost=0.43..6.58 rows=107 width=4)
	  Index Cond: ((id >= 4099407) AND (id <= 4099507))

table 7 : explain SELECT id FROM sbtest7 WHERE id BETWEEN 4099407 AND 4099507
	Index Only Scan using sbtest7_pkey on sbtest7  (cost=0.43..6.33 rows=95 width=4)
	  Index Cond: ((id >= 4099407) AND (id <= 4099507))

table 8 : explain SELECT id FROM sbtest8 WHERE id BETWEEN 4099407 AND 4099507
	Index Only Scan using sbtest8_pkey on sbtest8  (cost=0.43..6.53 rows=105 width=4)
	  Index Cond: ((id >= 4099407) AND (id <= 4099507))

explain: for range-covered :: explain SELECT id FROM sbtest%d WHERE id BETWEEN 4099407 AND 4099507
for range-covered
table 1 : explain SELECT id FROM sbtest1 WHERE id BETWEEN 4099407 AND 4099507
	Index Only Scan using sbtest1_pkey on sbtest1  (cost=0.43..6.56 rows=106 width=4)
	  Index Cond: ((id >= 4099407) AND (id <= 4099507))

table 2 : explain SELECT id FROM sbtest2 WHERE id BETWEEN 4099407 AND 4099507
	Index Only Scan using sbtest2_pkey on sbtest2  (cost=0.43..6.53 rows=105 width=4)
	  Index Cond: ((id >= 4099407) AND (id <= 4099507))

table 3 : explain SELECT id FROM sbtest3 WHERE id BETWEEN 4099407 AND 4099507
	Index Only Scan using sbtest3_pkey on sbtest3  (cost=0.43..10.56 rows=106 width=4)
	  Index Cond: ((id >= 4099407) AND (id <= 4099507))

table 4 : explain SELECT id FROM sbtest4 WHERE id BETWEEN 4099407 AND 4099507
	Index Only Scan using sbtest4_pkey on sbtest4  (cost=0.43..6.45 rows=101 width=4)
	  Index Cond: ((id >= 4099407) AND (id <= 4099507))

table 5 : explain SELECT id FROM sbtest5 WHERE id BETWEEN 4099407 AND 4099507
	Index Only Scan using sbtest5_pkey on sbtest5  (cost=0.43..6.43 rows=100 width=4)
	  Index Cond: ((id >= 4099407) AND (id <= 4099507))

table 6 : explain SELECT id FROM sbtest6 WHERE id BETWEEN 4099407 AND 4099507
	Index Only Scan using sbtest6_pkey on sbtest6  (cost=0.43..6.58 rows=107 width=4)
	  Index Cond: ((id >= 4099407) AND (id <= 4099507))

table 7 : explain SELECT id FROM sbtest7 WHERE id BETWEEN 4099407 AND 4099507
	Index Only Scan using sbtest7_pkey on sbtest7  (cost=0.43..6.33 rows=95 width=4)
	  Index Cond: ((id >= 4099407) AND (id <= 4099507))

table 8 : explain SELECT id FROM sbtest8 WHERE id BETWEEN 4099407 AND 4099507
	Index Only Scan using sbtest8_pkey on sbtest8  (cost=0.43..6.53 rows=105 width=4)
	  Index Cond: ((id >= 4099407) AND (id <= 4099507))

explain: for range-covered :: explain SELECT id FROM sbtest%d WHERE id BETWEEN 4099407 AND 4099507
explain: for range-covered :: explain SELECT id FROM sbtest%d WHERE id BETWEEN 7737621 AND 7737721
for range-covered
table 1 : explain SELECT id FROM sbtest1 WHERE id BETWEEN 9819821 AND 9819921
	Index Only Scan using sbtest1_pkey on sbtest1  (cost=0.43..6.35 rows=96 width=4)
	  Index Cond: ((id >= 9819821) AND (id <= 9819921))

table 2 : explain SELECT id FROM sbtest2 WHERE id BETWEEN 9819821 AND 9819921
	Index Only Scan using sbtest2_pkey on sbtest2  (cost=0.43..6.32 rows=94 width=4)
	  Index Cond: ((id >= 9819821) AND (id <= 9819921))

table 3 : explain SELECT id FROM sbtest3 WHERE id BETWEEN 9819821 AND 9819921
	Index Only Scan using sbtest3_pkey on sbtest3  (cost=0.43..10.56 rows=106 width=4)
	  Index Cond: ((id >= 9819821) AND (id <= 9819921))

table 4 : explain SELECT id FROM sbtest4 WHERE id BETWEEN 9819821 AND 9819921
	Index Only Scan using sbtest4_pkey on sbtest4  (cost=0.43..6.50 rows=103 width=4)
	  Index Cond: ((id >= 9819821) AND (id <= 9819921))

table 5 : explain SELECT id FROM sbtest5 WHERE id BETWEEN 9819821 AND 9819921
	Index Only Scan using sbtest5_pkey on sbtest5  (cost=0.43..6.58 rows=107 width=4)
	  Index Cond: ((id >= 9819821) AND (id <= 9819921))

table 6 : explain SELECT id FROM sbtest6 WHERE id BETWEEN 9819821 AND 9819921
	Index Only Scan using sbtest6_pkey on sbtest6  (cost=0.43..6.27 rows=92 width=4)
	  Index Cond: ((id >= 9819821) AND (id <= 9819921))

table 7 : explain SELECT id FROM sbtest7 WHERE id BETWEEN 9819821 AND 9819921
	Index Only Scan using sbtest7_pkey on sbtest7  (cost=0.43..6.47 rows=102 width=4)
	  Index Cond: ((id >= 9819821) AND (id <= 9819921))

table 8 : explain SELECT id FROM sbtest8 WHERE id BETWEEN 9819821 AND 9819921
	Index Only Scan using sbtest8_pkey on sbtest8  (cost=0.43..6.40 rows=98 width=4)
	  Index Cond: ((id >= 9819821) AND (id <= 9819921))

for range-covered
table 1 : explain SELECT id FROM sbtest1 WHERE id BETWEEN 3407760 AND 3407860
	Index Only Scan using sbtest1_pkey on sbtest1  (cost=0.43..6.43 rows=100 width=4)
	  Index Cond: ((id >= 3407760) AND (id <= 3407860))

table 2 : explain SELECT id FROM sbtest2 WHERE id BETWEEN 3407760 AND 3407860
	Index Only Scan using sbtest2_pkey on sbtest2  (cost=0.43..6.53 rows=105 width=4)
	  Index Cond: ((id >= 3407760) AND (id <= 3407860))

table 3 : explain SELECT id FROM sbtest3 WHERE id BETWEEN 3407760 AND 3407860
	Index Only Scan using sbtest3_pkey on sbtest3  (cost=0.43..10.63 rows=110 width=4)
	  Index Cond: ((id >= 3407760) AND (id <= 3407860))

table 4 : explain SELECT id FROM sbtest4 WHERE id BETWEEN 3407760 AND 3407860
	Index Only Scan using sbtest4_pkey on sbtest4  (cost=0.43..6.40 rows=98 width=4)
	  Index Cond: ((id >= 3407760) AND (id <= 3407860))

table 5 : explain SELECT id FROM sbtest5 WHERE id BETWEEN 3407760 AND 3407860
	Index Only Scan using sbtest5_pkey on sbtest5  (cost=0.43..6.27 rows=92 width=4)
	  Index Cond: ((id >= 3407760) AND (id <= 3407860))

table 6 : explain SELECT id FROM sbtest6 WHERE id BETWEEN 3407760 AND 3407860
	Index Only Scan using sbtest6_pkey on sbtest6  (cost=0.43..6.43 rows=100 width=4)
	  Index Cond: ((id >= 3407760) AND (id <= 3407860))

table 7 : explain SELECT id FROM sbtest7 WHERE id BETWEEN 3407760 AND 3407860
	Index Only Scan using sbtest7_pkey on sbtest7  (cost=0.43..6.29 rows=93 width=4)
	  Index Cond: ((id >= 3407760) AND (id <= 3407860))

table 8 : explain SELECT id FROM sbtest8 WHERE id BETWEEN 3407760 AND 3407860
	Index Only Scan using sbtest8_pkey on sbtest8  (cost=0.43..6.40 rows=98 width=4)
	  Index Cond: ((id >= 3407760) AND (id <= 3407860))

explain: for range-covered :: explain SELECT id FROM sbtest%d WHERE id BETWEEN 9819821 AND 9819921
for range-covered
table 1 : explain SELECT id FROM sbtest1 WHERE id BETWEEN 3867441 AND 3867541
	Index Only Scan using sbtest1_pkey on sbtest1  (cost=0.43..6.61 rows=109 width=4)
	  Index Cond: ((id >= 3867441) AND (id <= 3867541))

table 2 : explain SELECT id FROM sbtest2 WHERE id BETWEEN 3867441 AND 3867541
	Index Only Scan using sbtest2_pkey on sbtest2  (cost=0.43..6.63 rows=110 width=4)
	  Index Cond: ((id >= 3867441) AND (id <= 3867541))

table 3 : explain SELECT id FROM sbtest3 WHERE id BETWEEN 3867441 AND 3867541
	Index Only Scan using sbtest3_pkey on sbtest3  (cost=0.43..10.56 rows=106 width=4)
	  Index Cond: ((id >= 3867441) AND (id <= 3867541))

table 4 : explain SELECT id FROM sbtest4 WHERE id BETWEEN 3867441 AND 3867541
	Index Only Scan using sbtest4_pkey on sbtest4  (cost=0.43..6.47 rows=102 width=4)
	  Index Cond: ((id >= 3867441) AND (id <= 3867541))

table 5 : explain SELECT id FROM sbtest5 WHERE id BETWEEN 3867441 AND 3867541
	Index Only Scan using sbtest5_pkey on sbtest5  (cost=0.43..6.56 rows=106 width=4)
	  Index Cond: ((id >= 3867441) AND (id <= 3867541))

table 6 : explain SELECT id FROM sbtest6 WHERE id BETWEEN 3867441 AND 3867541
	Index Only Scan using sbtest6_pkey on sbtest6  (cost=0.43..6.37 rows=97 width=4)
	  Index Cond: ((id >= 3867441) AND (id <= 3867541))

table 7 : explain SELECT id FROM sbtest7 WHERE id BETWEEN 3867441 AND 3867541
	Index Only Scan using sbtest7_pkey on sbtest7  (cost=0.43..6.67 rows=112 width=4)
	  Index Cond: ((id >= 3867441) AND (id <= 3867541))

table 8 : explain SELECT id FROM sbtest8 WHERE id BETWEEN 3867441 AND 3867541
	Index Only Scan using sbtest8_pkey on sbtest8  (cost=0.43..6.83 rows=120 width=4)
	  Index Cond: ((id >= 3867441) AND (id <= 3867541))

explain: for range-covered :: explain SELECT id FROM sbtest%d WHERE id BETWEEN 3407760 AND 3407860
explain: for range-covered :: explain SELECT id FROM sbtest%d WHERE id BETWEEN 3867441 AND 3867541
for range-covered
table 1 : explain SELECT id FROM sbtest1 WHERE id BETWEEN 4099407 AND 4099507
	Index Only Scan using sbtest1_pkey on sbtest1  (cost=0.43..6.56 rows=106 width=4)
	  Index Cond: ((id >= 4099407) AND (id <= 4099507))

table 2 : explain SELECT id FROM sbtest2 WHERE id BETWEEN 4099407 AND 4099507
	Index Only Scan using sbtest2_pkey on sbtest2  (cost=0.43..6.53 rows=105 width=4)
	  Index Cond: ((id >= 4099407) AND (id <= 4099507))

table 3 : explain SELECT id FROM sbtest3 WHERE id BETWEEN 4099407 AND 4099507
	Index Only Scan using sbtest3_pkey on sbtest3  (cost=0.43..10.56 rows=106 width=4)
	  Index Cond: ((id >= 4099407) AND (id <= 4099507))

table 4 : explain SELECT id FROM sbtest4 WHERE id BETWEEN 4099407 AND 4099507
	Index Only Scan using sbtest4_pkey on sbtest4  (cost=0.43..6.45 rows=101 width=4)
	  Index Cond: ((id >= 4099407) AND (id <= 4099507))

table 5 : explain SELECT id FROM sbtest5 WHERE id BETWEEN 4099407 AND 4099507
	Index Only Scan using sbtest5_pkey on sbtest5  (cost=0.43..6.43 rows=100 width=4)
	  Index Cond: ((id >= 4099407) AND (id <= 4099507))

table 6 : explain SELECT id FROM sbtest6 WHERE id BETWEEN 4099407 AND 4099507
	Index Only Scan using sbtest6_pkey on sbtest6  (cost=0.43..6.58 rows=107 width=4)
	  Index Cond: ((id >= 4099407) AND (id <= 4099507))

table 7 : explain SELECT id FROM sbtest7 WHERE id BETWEEN 4099407 AND 4099507
	Index Only Scan using sbtest7_pkey on sbtest7  (cost=0.43..6.33 rows=95 width=4)
	  Index Cond: ((id >= 4099407) AND (id <= 4099507))

table 8 : explain SELECT id FROM sbtest8 WHERE id BETWEEN 4099407 AND 4099507
	Index Only Scan using sbtest8_pkey on sbtest8  (cost=0.43..6.53 rows=105 width=4)
	  Index Cond: ((id >= 4099407) AND (id <= 4099507))

explain: for range-covered :: explain SELECT id FROM sbtest%d WHERE id BETWEEN 4099407 AND 4099507
for range-covered
table 1 : explain SELECT id FROM sbtest1 WHERE id BETWEEN 3867441 AND 3867541
	Index Only Scan using sbtest1_pkey on sbtest1  (cost=0.43..6.61 rows=109 width=4)
	  Index Cond: ((id >= 3867441) AND (id <= 3867541))

table 2 : explain SELECT id FROM sbtest2 WHERE id BETWEEN 3867441 AND 3867541
	Index Only Scan using sbtest2_pkey on sbtest2  (cost=0.43..6.63 rows=110 width=4)
	  Index Cond: ((id >= 3867441) AND (id <= 3867541))

table 3 : explain SELECT id FROM sbtest3 WHERE id BETWEEN 3867441 AND 3867541
	Index Only Scan using sbtest3_pkey on sbtest3  (cost=0.43..10.56 rows=106 width=4)
	  Index Cond: ((id >= 3867441) AND (id <= 3867541))

table 4 : explain SELECT id FROM sbtest4 WHERE id BETWEEN 3867441 AND 3867541
	Index Only Scan using sbtest4_pkey on sbtest4  (cost=0.43..6.47 rows=102 width=4)
	  Index Cond: ((id >= 3867441) AND (id <= 3867541))

table 5 : explain SELECT id FROM sbtest5 WHERE id BETWEEN 3867441 AND 3867541
	Index Only Scan using sbtest5_pkey on sbtest5  (cost=0.43..6.56 rows=106 width=4)
	  Index Cond: ((id >= 3867441) AND (id <= 3867541))

table 6 : explain SELECT id FROM sbtest6 WHERE id BETWEEN 3867441 AND 3867541
	Index Only Scan using sbtest6_pkey on sbtest6  (cost=0.43..6.37 rows=97 width=4)
	  Index Cond: ((id >= 3867441) AND (id <= 3867541))

table 7 : explain SELECT id FROM sbtest7 WHERE id BETWEEN 3867441 AND 3867541
	Index Only Scan using sbtest7_pkey on sbtest7  (cost=0.43..6.67 rows=112 width=4)
	  Index Cond: ((id >= 3867441) AND (id <= 3867541))

table 8 : explain SELECT id FROM sbtest8 WHERE id BETWEEN 3867441 AND 3867541
	Index Only Scan using sbtest8_pkey on sbtest8  (cost=0.43..6.83 rows=120 width=4)
	  Index Cond: ((id >= 3867441) AND (id <= 3867541))

explain: for range-covered :: explain SELECT id FROM sbtest%d WHERE id BETWEEN 3867441 AND 3867541
for range-covered
table 1 : explain SELECT id FROM sbtest1 WHERE id BETWEEN 4099407 AND 4099507
	Index Only Scan using sbtest1_pkey on sbtest1  (cost=0.43..6.56 rows=106 width=4)
	  Index Cond: ((id >= 4099407) AND (id <= 4099507))

table 2 : explain SELECT id FROM sbtest2 WHERE id BETWEEN 4099407 AND 4099507
	Index Only Scan using sbtest2_pkey on sbtest2  (cost=0.43..6.53 rows=105 width=4)
	  Index Cond: ((id >= 4099407) AND (id <= 4099507))

table 3 : explain SELECT id FROM sbtest3 WHERE id BETWEEN 4099407 AND 4099507
	Index Only Scan using sbtest3_pkey on sbtest3  (cost=0.43..10.56 rows=106 width=4)
	  Index Cond: ((id >= 4099407) AND (id <= 4099507))

table 4 : explain SELECT id FROM sbtest4 WHERE id BETWEEN 4099407 AND 4099507
	Index Only Scan using sbtest4_pkey on sbtest4  (cost=0.43..6.45 rows=101 width=4)
	  Index Cond: ((id >= 4099407) AND (id <= 4099507))

table 5 : explain SELECT id FROM sbtest5 WHERE id BETWEEN 4099407 AND 4099507
	Index Only Scan using sbtest5_pkey on sbtest5  (cost=0.43..6.43 rows=100 width=4)
	  Index Cond: ((id >= 4099407) AND (id <= 4099507))

table 6 : explain SELECT id FROM sbtest6 WHERE id BETWEEN 4099407 AND 4099507
	Index Only Scan using sbtest6_pkey on sbtest6  (cost=0.43..6.58 rows=107 width=4)
	  Index Cond: ((id >= 4099407) AND (id <= 4099507))

table 7 : explain SELECT id FROM sbtest7 WHERE id BETWEEN 4099407 AND 4099507
	Index Only Scan using sbtest7_pkey on sbtest7  (cost=0.43..6.33 rows=95 width=4)
	  Index Cond: ((id >= 4099407) AND (id <= 4099507))

table 8 : explain SELECT id FROM sbtest8 WHERE id BETWEEN 4099407 AND 4099507
	Index Only Scan using sbtest8_pkey on sbtest8  (cost=0.43..6.53 rows=105 width=4)
	  Index Cond: ((id >= 4099407) AND (id <= 4099507))

explain: for range-covered :: explain SELECT id FROM sbtest%d WHERE id BETWEEN 4099407 AND 4099507
for range-covered
table 1 : explain SELECT id FROM sbtest1 WHERE id BETWEEN 3407760 AND 3407860
	Index Only Scan using sbtest1_pkey on sbtest1  (cost=0.43..6.43 rows=100 width=4)
	  Index Cond: ((id >= 3407760) AND (id <= 3407860))

table 2 : explain SELECT id FROM sbtest2 WHERE id BETWEEN 3407760 AND 3407860
	Index Only Scan using sbtest2_pkey on sbtest2  (cost=0.43..6.53 rows=105 width=4)
	  Index Cond: ((id >= 3407760) AND (id <= 3407860))

table 3 : explain SELECT id FROM sbtest3 WHERE id BETWEEN 3407760 AND 3407860
	Index Only Scan using sbtest3_pkey on sbtest3  (cost=0.43..10.63 rows=110 width=4)
	  Index Cond: ((id >= 3407760) AND (id <= 3407860))

table 4 : explain SELECT id FROM sbtest4 WHERE id BETWEEN 3407760 AND 3407860
	Index Only Scan using sbtest4_pkey on sbtest4  (cost=0.43..6.40 rows=98 width=4)
	  Index Cond: ((id >= 3407760) AND (id <= 3407860))

table 5 : explain SELECT id FROM sbtest5 WHERE id BETWEEN 3407760 AND 3407860
	Index Only Scan using sbtest5_pkey on sbtest5  (cost=0.43..6.27 rows=92 width=4)
	  Index Cond: ((id >= 3407760) AND (id <= 3407860))

table 6 : explain SELECT id FROM sbtest6 WHERE id BETWEEN 3407760 AND 3407860
	Index Only Scan using sbtest6_pkey on sbtest6  (cost=0.43..6.43 rows=100 width=4)
	  Index Cond: ((id >= 3407760) AND (id <= 3407860))

table 7 : explain SELECT id FROM sbtest7 WHERE id BETWEEN 3407760 AND 3407860
	Index Only Scan using sbtest7_pkey on sbtest7  (cost=0.43..6.29 rows=93 width=4)
	  Index Cond: ((id >= 3407760) AND (id <= 3407860))

table 8 : explain SELECT id FROM sbtest8 WHERE id BETWEEN 3407760 AND 3407860
	Index Only Scan using sbtest8_pkey on sbtest8  (cost=0.43..6.40 rows=98 width=4)
	  Index Cond: ((id >= 3407760) AND (id <= 3407860))

for range-covered
table 1 : explain SELECT id FROM sbtest1 WHERE id BETWEEN 8349671 AND 8349771
	Index Only Scan using sbtest1_pkey on sbtest1  (cost=0.43..6.59 rows=108 width=4)
	  Index Cond: ((id >= 8349671) AND (id <= 8349771))

table 2 : explain SELECT id FROM sbtest2 WHERE id BETWEEN 8349671 AND 8349771
	Index Only Scan using sbtest2_pkey on sbtest2  (cost=0.43..6.42 rows=99 width=4)
	  Index Cond: ((id >= 8349671) AND (id <= 8349771))

table 3 : explain SELECT id FROM sbtest3 WHERE id BETWEEN 8349671 AND 8349771
	Index Only Scan using sbtest3_pkey on sbtest3  (cost=0.43..10.54 rows=105 width=4)
	  Index Cond: ((id >= 8349671) AND (id <= 8349771))

table 4 : explain SELECT id FROM sbtest4 WHERE id BETWEEN 8349671 AND 8349771
	Index Only Scan using sbtest4_pkey on sbtest4  (cost=0.43..6.40 rows=98 width=4)
	  Index Cond: ((id >= 8349671) AND (id <= 8349771))

table 5 : explain SELECT id FROM sbtest5 WHERE id BETWEEN 8349671 AND 8349771
	Index Only Scan using sbtest5_pkey on sbtest5  (cost=0.43..6.56 rows=106 width=4)
	  Index Cond: ((id >= 8349671) AND (id <= 8349771))

table 6 : explain SELECT id FROM sbtest6 WHERE id BETWEEN 8349671 AND 8349771
	Index Only Scan using sbtest6_pkey on sbtest6  (cost=0.43..6.63 rows=110 width=4)
	  Index Cond: ((id >= 8349671) AND (id <= 8349771))

table 7 : explain SELECT id FROM sbtest7 WHERE id BETWEEN 8349671 AND 8349771
	Index Only Scan using sbtest7_pkey on sbtest7  (cost=0.43..6.47 rows=102 width=4)
	  Index Cond: ((id >= 8349671) AND (id <= 8349771))

table 8 : explain SELECT id FROM sbtest8 WHERE id BETWEEN 8349671 AND 8349771
	Index Only Scan using sbtest8_pkey on sbtest8  (cost=0.43..6.51 rows=104 width=4)
	  Index Cond: ((id >= 8349671) AND (id <= 8349771))

for range-covered
table 1 : explain SELECT id FROM sbtest1 WHERE id BETWEEN 9819821 AND 9819921
	Index Only Scan using sbtest1_pkey on sbtest1  (cost=0.43..6.35 rows=96 width=4)
	  Index Cond: ((id >= 9819821) AND (id <= 9819921))

table 2 : explain SELECT id FROM sbtest2 WHERE id BETWEEN 9819821 AND 9819921
	Index Only Scan using sbtest2_pkey on sbtest2  (cost=0.43..6.32 rows=94 width=4)
	  Index Cond: ((id >= 9819821) AND (id <= 9819921))

table 3 : explain SELECT id FROM sbtest3 WHERE id BETWEEN 9819821 AND 9819921
	Index Only Scan using sbtest3_pkey on sbtest3  (cost=0.43..10.56 rows=106 width=4)
	  Index Cond: ((id >= 9819821) AND (id <= 9819921))

table 4 : explain SELECT id FROM sbtest4 WHERE id BETWEEN 9819821 AND 9819921
	Index Only Scan using sbtest4_pkey on sbtest4  (cost=0.43..6.50 rows=103 width=4)
	  Index Cond: ((id >= 9819821) AND (id <= 9819921))

table 5 : explain SELECT id FROM sbtest5 WHERE id BETWEEN 9819821 AND 9819921
	Index Only Scan using sbtest5_pkey on sbtest5  (cost=0.43..6.58 rows=107 width=4)
	  Index Cond: ((id >= 9819821) AND (id <= 9819921))

table 6 : explain SELECT id FROM sbtest6 WHERE id BETWEEN 9819821 AND 9819921
	Index Only Scan using sbtest6_pkey on sbtest6  (cost=0.43..6.27 rows=92 width=4)
	  Index Cond: ((id >= 9819821) AND (id <= 9819921))

table 7 : explain SELECT id FROM sbtest7 WHERE id BETWEEN 9819821 AND 9819921
	Index Only Scan using sbtest7_pkey on sbtest7  (cost=0.43..6.47 rows=102 width=4)
	  Index Cond: ((id >= 9819821) AND (id <= 9819921))

table 8 : explain SELECT id FROM sbtest8 WHERE id BETWEEN 9819821 AND 9819921
	Index Only Scan using sbtest8_pkey on sbtest8  (cost=0.43..6.40 rows=98 width=4)
	  Index Cond: ((id >= 9819821) AND (id <= 9819921))

explain: for range-covered :: explain SELECT id FROM sbtest%d WHERE id BETWEEN 3407760 AND 3407860
explain: for range-covered :: explain SELECT id FROM sbtest%d WHERE id BETWEEN 9819821 AND 9819921
for range-covered
table 1 : explain SELECT id FROM sbtest1 WHERE id BETWEEN 3867441 AND 3867541
	Index Only Scan using sbtest1_pkey on sbtest1  (cost=0.43..6.61 rows=109 width=4)
	  Index Cond: ((id >= 3867441) AND (id <= 3867541))

table 2 : explain SELECT id FROM sbtest2 WHERE id BETWEEN 3867441 AND 3867541
	Index Only Scan using sbtest2_pkey on sbtest2  (cost=0.43..6.63 rows=110 width=4)
	  Index Cond: ((id >= 3867441) AND (id <= 3867541))

table 3 : explain SELECT id FROM sbtest3 WHERE id BETWEEN 3867441 AND 3867541
	Index Only Scan using sbtest3_pkey on sbtest3  (cost=0.43..10.56 rows=106 width=4)
	  Index Cond: ((id >= 3867441) AND (id <= 3867541))

table 4 : explain SELECT id FROM sbtest4 WHERE id BETWEEN 3867441 AND 3867541
	Index Only Scan using sbtest4_pkey on sbtest4  (cost=0.43..6.47 rows=102 width=4)
	  Index Cond: ((id >= 3867441) AND (id <= 3867541))

table 5 : explain SELECT id FROM sbtest5 WHERE id BETWEEN 3867441 AND 3867541
	Index Only Scan using sbtest5_pkey on sbtest5  (cost=0.43..6.56 rows=106 width=4)
	  Index Cond: ((id >= 3867441) AND (id <= 3867541))

table 6 : explain SELECT id FROM sbtest6 WHERE id BETWEEN 3867441 AND 3867541
	Index Only Scan using sbtest6_pkey on sbtest6  (cost=0.43..6.37 rows=97 width=4)
	  Index Cond: ((id >= 3867441) AND (id <= 3867541))

table 7 : explain SELECT id FROM sbtest7 WHERE id BETWEEN 3867441 AND 3867541
	Index Only Scan using sbtest7_pkey on sbtest7  (cost=0.43..6.67 rows=112 width=4)
	  Index Cond: ((id >= 3867441) AND (id <= 3867541))

table 8 : explain SELECT id FROM sbtest8 WHERE id BETWEEN 3867441 AND 3867541
	Index Only Scan using sbtest8_pkey on sbtest8  (cost=0.43..6.83 rows=120 width=4)
	  Index Cond: ((id >= 3867441) AND (id <= 3867541))

explain: for range-covered :: explain SELECT id FROM sbtest%d WHERE id BETWEEN 3867441 AND 3867541
for range-covered
table 1 : explain SELECT id FROM sbtest1 WHERE id BETWEEN 3407760 AND 3407860
	Index Only Scan using sbtest1_pkey on sbtest1  (cost=0.43..6.43 rows=100 width=4)
	  Index Cond: ((id >= 3407760) AND (id <= 3407860))

table 2 : explain SELECT id FROM sbtest2 WHERE id BETWEEN 3407760 AND 3407860
	Index Only Scan using sbtest2_pkey on sbtest2  (cost=0.43..6.53 rows=105 width=4)
	  Index Cond: ((id >= 3407760) AND (id <= 3407860))

table 3 : explain SELECT id FROM sbtest3 WHERE id BETWEEN 3407760 AND 3407860
	Index Only Scan using sbtest3_pkey on sbtest3  (cost=0.43..10.63 rows=110 width=4)
	  Index Cond: ((id >= 3407760) AND (id <= 3407860))

table 4 : explain SELECT id FROM sbtest4 WHERE id BETWEEN 3407760 AND 3407860
	Index Only Scan using sbtest4_pkey on sbtest4  (cost=0.43..6.40 rows=98 width=4)
	  Index Cond: ((id >= 3407760) AND (id <= 3407860))

table 5 : explain SELECT id FROM sbtest5 WHERE id BETWEEN 3407760 AND 3407860
	Index Only Scan using sbtest5_pkey on sbtest5  (cost=0.43..6.27 rows=92 width=4)
	  Index Cond: ((id >= 3407760) AND (id <= 3407860))

table 6 : explain SELECT id FROM sbtest6 WHERE id BETWEEN 3407760 AND 3407860
	Index Only Scan using sbtest6_pkey on sbtest6  (cost=0.43..6.43 rows=100 width=4)
	  Index Cond: ((id >= 3407760) AND (id <= 3407860))

table 7 : explain SELECT id FROM sbtest7 WHERE id BETWEEN 3407760 AND 3407860
	Index Only Scan using sbtest7_pkey on sbtest7  (cost=0.43..6.29 rows=93 width=4)
	  Index Cond: ((id >= 3407760) AND (id <= 3407860))

table 8 : explain SELECT id FROM sbtest8 WHERE id BETWEEN 3407760 AND 3407860
	Index Only Scan using sbtest8_pkey on sbtest8  (cost=0.43..6.40 rows=98 width=4)
	  Index Cond: ((id >= 3407760) AND (id <= 3407860))

explain: for range-covered :: explain SELECT id FROM sbtest%d WHERE id BETWEEN 3407760 AND 3407860
explain: for range-covered :: explain SELECT id FROM sbtest%d WHERE id BETWEEN 6454725 AND 6454825
for range-covered
table 1 : explain SELECT id FROM sbtest1 WHERE id BETWEEN 9819821 AND 9819921
	Index Only Scan using sbtest1_pkey on sbtest1  (cost=0.43..6.35 rows=96 width=4)
	  Index Cond: ((id >= 9819821) AND (id <= 9819921))

table 2 : explain SELECT id FROM sbtest2 WHERE id BETWEEN 9819821 AND 9819921
	Index Only Scan using sbtest2_pkey on sbtest2  (cost=0.43..6.32 rows=94 width=4)
	  Index Cond: ((id >= 9819821) AND (id <= 9819921))

table 3 : explain SELECT id FROM sbtest3 WHERE id BETWEEN 9819821 AND 9819921
	Index Only Scan using sbtest3_pkey on sbtest3  (cost=0.43..10.56 rows=106 width=4)
	  Index Cond: ((id >= 9819821) AND (id <= 9819921))

table 4 : explain SELECT id FROM sbtest4 WHERE id BETWEEN 9819821 AND 9819921
	Index Only Scan using sbtest4_pkey on sbtest4  (cost=0.43..6.50 rows=103 width=4)
	  Index Cond: ((id >= 9819821) AND (id <= 9819921))

table 5 : explain SELECT id FROM sbtest5 WHERE id BETWEEN 9819821 AND 9819921
	Index Only Scan using sbtest5_pkey on sbtest5  (cost=0.43..6.58 rows=107 width=4)
	  Index Cond: ((id >= 9819821) AND (id <= 9819921))

table 6 : explain SELECT id FROM sbtest6 WHERE id BETWEEN 9819821 AND 9819921
	Index Only Scan using sbtest6_pkey on sbtest6  (cost=0.43..6.27 rows=92 width=4)
	  Index Cond: ((id >= 9819821) AND (id <= 9819921))

table 7 : explain SELECT id FROM sbtest7 WHERE id BETWEEN 9819821 AND 9819921
	Index Only Scan using sbtest7_pkey on sbtest7  (cost=0.43..6.47 rows=102 width=4)
	  Index Cond: ((id >= 9819821) AND (id <= 9819921))

table 8 : explain SELECT id FROM sbtest8 WHERE id BETWEEN 9819821 AND 9819921
	Index Only Scan using sbtest8_pkey on sbtest8  (cost=0.43..6.40 rows=98 width=4)
	  Index Cond: ((id >= 9819821) AND (id <= 9819921))

explain: for range-covered :: explain SELECT id FROM sbtest%d WHERE id BETWEEN 9819821 AND 9819921
for range-covered
table 1 : explain SELECT id FROM sbtest1 WHERE id BETWEEN 3867441 AND 3867541
	Index Only Scan using sbtest1_pkey on sbtest1  (cost=0.43..6.61 rows=109 width=4)
	  Index Cond: ((id >= 3867441) AND (id <= 3867541))

table 2 : explain SELECT id FROM sbtest2 WHERE id BETWEEN 3867441 AND 3867541
	Index Only Scan using sbtest2_pkey on sbtest2  (cost=0.43..6.63 rows=110 width=4)
	  Index Cond: ((id >= 3867441) AND (id <= 3867541))

table 3 : explain SELECT id FROM sbtest3 WHERE id BETWEEN 3867441 AND 3867541
	Index Only Scan using sbtest3_pkey on sbtest3  (cost=0.43..10.56 rows=106 width=4)
	  Index Cond: ((id >= 3867441) AND (id <= 3867541))

table 4 : explain SELECT id FROM sbtest4 WHERE id BETWEEN 3867441 AND 3867541
	Index Only Scan using sbtest4_pkey on sbtest4  (cost=0.43..6.47 rows=102 width=4)
	  Index Cond: ((id >= 3867441) AND (id <= 3867541))

table 5 : explain SELECT id FROM sbtest5 WHERE id BETWEEN 3867441 AND 3867541
	Index Only Scan using sbtest5_pkey on sbtest5  (cost=0.43..6.56 rows=106 width=4)
	  Index Cond: ((id >= 3867441) AND (id <= 3867541))

table 6 : explain SELECT id FROM sbtest6 WHERE id BETWEEN 3867441 AND 3867541
	Index Only Scan using sbtest6_pkey on sbtest6  (cost=0.43..6.37 rows=97 width=4)
	  Index Cond: ((id >= 3867441) AND (id <= 3867541))

table 7 : explain SELECT id FROM sbtest7 WHERE id BETWEEN 3867441 AND 3867541
	Index Only Scan using sbtest7_pkey on sbtest7  (cost=0.43..6.67 rows=112 width=4)
	  Index Cond: ((id >= 3867441) AND (id <= 3867541))

table 8 : explain SELECT id FROM sbtest8 WHERE id BETWEEN 3867441 AND 3867541
	Index Only Scan using sbtest8_pkey on sbtest8  (cost=0.43..6.83 rows=120 width=4)
	  Index Cond: ((id >= 3867441) AND (id <= 3867541))

explain: for range-covered :: explain SELECT id FROM sbtest%d WHERE id BETWEEN 3867441 AND 3867541
for range-covered
table 1 : explain SELECT id FROM sbtest1 WHERE id BETWEEN 3407760 AND 3407860
	Index Only Scan using sbtest1_pkey on sbtest1  (cost=0.43..6.43 rows=100 width=4)
	  Index Cond: ((id >= 3407760) AND (id <= 3407860))

table 2 : explain SELECT id FROM sbtest2 WHERE id BETWEEN 3407760 AND 3407860
	Index Only Scan using sbtest2_pkey on sbtest2  (cost=0.43..6.53 rows=105 width=4)
	  Index Cond: ((id >= 3407760) AND (id <= 3407860))

table 3 : explain SELECT id FROM sbtest3 WHERE id BETWEEN 3407760 AND 3407860
	Index Only Scan using sbtest3_pkey on sbtest3  (cost=0.43..10.63 rows=110 width=4)
	  Index Cond: ((id >= 3407760) AND (id <= 3407860))

table 4 : explain SELECT id FROM sbtest4 WHERE id BETWEEN 3407760 AND 3407860
	Index Only Scan using sbtest4_pkey on sbtest4  (cost=0.43..6.40 rows=98 width=4)
	  Index Cond: ((id >= 3407760) AND (id <= 3407860))

table 5 : explain SELECT id FROM sbtest5 WHERE id BETWEEN 3407760 AND 3407860
	Index Only Scan using sbtest5_pkey on sbtest5  (cost=0.43..6.27 rows=92 width=4)
	  Index Cond: ((id >= 3407760) AND (id <= 3407860))

table 6 : explain SELECT id FROM sbtest6 WHERE id BETWEEN 3407760 AND 3407860
	Index Only Scan using sbtest6_pkey on sbtest6  (cost=0.43..6.43 rows=100 width=4)
	  Index Cond: ((id >= 3407760) AND (id <= 3407860))

table 7 : explain SELECT id FROM sbtest7 WHERE id BETWEEN 3407760 AND 3407860
	Index Only Scan using sbtest7_pkey on sbtest7  (cost=0.43..6.29 rows=93 width=4)
	  Index Cond: ((id >= 3407760) AND (id <= 3407860))

table 8 : explain SELECT id FROM sbtest8 WHERE id BETWEEN 3407760 AND 3407860
	Index Only Scan using sbtest8_pkey on sbtest8  (cost=0.43..6.40 rows=98 width=4)
	  Index Cond: ((id >= 3407760) AND (id <= 3407860))

explain: for range-covered :: explain SELECT id FROM sbtest%d WHERE id BETWEEN 3407760 AND 3407860
for range-covered
table 1 : explain SELECT id FROM sbtest1 WHERE id BETWEEN 3867441 AND 3867541
	Index Only Scan using sbtest1_pkey on sbtest1  (cost=0.43..6.61 rows=109 width=4)
	  Index Cond: ((id >= 3867441) AND (id <= 3867541))

table 2 : explain SELECT id FROM sbtest2 WHERE id BETWEEN 3867441 AND 3867541
	Index Only Scan using sbtest2_pkey on sbtest2  (cost=0.43..6.63 rows=110 width=4)
	  Index Cond: ((id >= 3867441) AND (id <= 3867541))

table 3 : explain SELECT id FROM sbtest3 WHERE id BETWEEN 3867441 AND 3867541
	Index Only Scan using sbtest3_pkey on sbtest3  (cost=0.43..10.56 rows=106 width=4)
	  Index Cond: ((id >= 3867441) AND (id <= 3867541))

table 4 : explain SELECT id FROM sbtest4 WHERE id BETWEEN 3867441 AND 3867541
	Index Only Scan using sbtest4_pkey on sbtest4  (cost=0.43..6.47 rows=102 width=4)
	  Index Cond: ((id >= 3867441) AND (id <= 3867541))

table 5 : explain SELECT id FROM sbtest5 WHERE id BETWEEN 3867441 AND 3867541
	Index Only Scan using sbtest5_pkey on sbtest5  (cost=0.43..6.56 rows=106 width=4)
	  Index Cond: ((id >= 3867441) AND (id <= 3867541))

table 6 : explain SELECT id FROM sbtest6 WHERE id BETWEEN 3867441 AND 3867541
	Index Only Scan using sbtest6_pkey on sbtest6  (cost=0.43..6.37 rows=97 width=4)
	  Index Cond: ((id >= 3867441) AND (id <= 3867541))

table 7 : explain SELECT id FROM sbtest7 WHERE id BETWEEN 3867441 AND 3867541
	Index Only Scan using sbtest7_pkey on sbtest7  (cost=0.43..6.67 rows=112 width=4)
	  Index Cond: ((id >= 3867441) AND (id <= 3867541))

table 8 : explain SELECT id FROM sbtest8 WHERE id BETWEEN 3867441 AND 3867541
	Index Only Scan using sbtest8_pkey on sbtest8  (cost=0.43..6.83 rows=120 width=4)
	  Index Cond: ((id >= 3867441) AND (id <= 3867541))

explain: for range-covered :: explain SELECT id FROM sbtest%d WHERE id BETWEEN 6276650 AND 6276750
explain: for range-covered :: explain SELECT id FROM sbtest%d WHERE id BETWEEN 3867441 AND 3867541
for range-covered
table 1 : explain SELECT id FROM sbtest1 WHERE id BETWEEN 3407760 AND 3407860
	Index Only Scan using sbtest1_pkey on sbtest1  (cost=0.43..6.43 rows=100 width=4)
	  Index Cond: ((id >= 3407760) AND (id <= 3407860))

table 2 : explain SELECT id FROM sbtest2 WHERE id BETWEEN 3407760 AND 3407860
	Index Only Scan using sbtest2_pkey on sbtest2  (cost=0.43..6.53 rows=105 width=4)
	  Index Cond: ((id >= 3407760) AND (id <= 3407860))

table 3 : explain SELECT id FROM sbtest3 WHERE id BETWEEN 3407760 AND 3407860
	Index Only Scan using sbtest3_pkey on sbtest3  (cost=0.43..10.63 rows=110 width=4)
	  Index Cond: ((id >= 3407760) AND (id <= 3407860))

table 4 : explain SELECT id FROM sbtest4 WHERE id BETWEEN 3407760 AND 3407860
	Index Only Scan using sbtest4_pkey on sbtest4  (cost=0.43..6.40 rows=98 width=4)
	  Index Cond: ((id >= 3407760) AND (id <= 3407860))

table 5 : explain SELECT id FROM sbtest5 WHERE id BETWEEN 3407760 AND 3407860
	Index Only Scan using sbtest5_pkey on sbtest5  (cost=0.43..6.27 rows=92 width=4)
	  Index Cond: ((id >= 3407760) AND (id <= 3407860))

table 6 : explain SELECT id FROM sbtest6 WHERE id BETWEEN 3407760 AND 3407860
	Index Only Scan using sbtest6_pkey on sbtest6  (cost=0.43..6.43 rows=100 width=4)
	  Index Cond: ((id >= 3407760) AND (id <= 3407860))

table 7 : explain SELECT id FROM sbtest7 WHERE id BETWEEN 3407760 AND 3407860
	Index Only Scan using sbtest7_pkey on sbtest7  (cost=0.43..6.29 rows=93 width=4)
	  Index Cond: ((id >= 3407760) AND (id <= 3407860))

table 8 : explain SELECT id FROM sbtest8 WHERE id BETWEEN 3407760 AND 3407860
	Index Only Scan using sbtest8_pkey on sbtest8  (cost=0.43..6.40 rows=98 width=4)
	  Index Cond: ((id >= 3407760) AND (id <= 3407860))

explain: for range-covered :: explain SELECT id FROM sbtest%d WHERE id BETWEEN 3407760 AND 3407860
for range-covered
table 1 : explain SELECT id FROM sbtest1 WHERE id BETWEEN 9819821 AND 9819921
	Index Only Scan using sbtest1_pkey on sbtest1  (cost=0.43..6.35 rows=96 width=4)
	  Index Cond: ((id >= 9819821) AND (id <= 9819921))

table 2 : explain SELECT id FROM sbtest2 WHERE id BETWEEN 9819821 AND 9819921
	Index Only Scan using sbtest2_pkey on sbtest2  (cost=0.43..6.32 rows=94 width=4)
	  Index Cond: ((id >= 9819821) AND (id <= 9819921))

table 3 : explain SELECT id FROM sbtest3 WHERE id BETWEEN 9819821 AND 9819921
	Index Only Scan using sbtest3_pkey on sbtest3  (cost=0.43..10.56 rows=106 width=4)
	  Index Cond: ((id >= 9819821) AND (id <= 9819921))

table 4 : explain SELECT id FROM sbtest4 WHERE id BETWEEN 9819821 AND 9819921
	Index Only Scan using sbtest4_pkey on sbtest4  (cost=0.43..6.50 rows=103 width=4)
	  Index Cond: ((id >= 9819821) AND (id <= 9819921))

table 5 : explain SELECT id FROM sbtest5 WHERE id BETWEEN 9819821 AND 9819921
	Index Only Scan using sbtest5_pkey on sbtest5  (cost=0.43..6.58 rows=107 width=4)
	  Index Cond: ((id >= 9819821) AND (id <= 9819921))

table 6 : explain SELECT id FROM sbtest6 WHERE id BETWEEN 9819821 AND 9819921
	Index Only Scan using sbtest6_pkey on sbtest6  (cost=0.43..6.27 rows=92 width=4)
	  Index Cond: ((id >= 9819821) AND (id <= 9819921))

table 7 : explain SELECT id FROM sbtest7 WHERE id BETWEEN 9819821 AND 9819921
	Index Only Scan using sbtest7_pkey on sbtest7  (cost=0.43..6.47 rows=102 width=4)
	  Index Cond: ((id >= 9819821) AND (id <= 9819921))

table 8 : explain SELECT id FROM sbtest8 WHERE id BETWEEN 9819821 AND 9819921
	Index Only Scan using sbtest8_pkey on sbtest8  (cost=0.43..6.40 rows=98 width=4)
	  Index Cond: ((id >= 9819821) AND (id <= 9819921))

explain: for range-covered :: explain SELECT id FROM sbtest%d WHERE id BETWEEN 9819821 AND 9819921
for range-covered
table 1 : explain SELECT id FROM sbtest1 WHERE id BETWEEN 3867441 AND 3867541
	Index Only Scan using sbtest1_pkey on sbtest1  (cost=0.43..6.61 rows=109 width=4)
	  Index Cond: ((id >= 3867441) AND (id <= 3867541))

table 2 : explain SELECT id FROM sbtest2 WHERE id BETWEEN 3867441 AND 3867541
	Index Only Scan using sbtest2_pkey on sbtest2  (cost=0.43..6.63 rows=110 width=4)
	  Index Cond: ((id >= 3867441) AND (id <= 3867541))

table 3 : explain SELECT id FROM sbtest3 WHERE id BETWEEN 3867441 AND 3867541
	Index Only Scan using sbtest3_pkey on sbtest3  (cost=0.43..10.56 rows=106 width=4)
	  Index Cond: ((id >= 3867441) AND (id <= 3867541))

table 4 : explain SELECT id FROM sbtest4 WHERE id BETWEEN 3867441 AND 3867541
	Index Only Scan using sbtest4_pkey on sbtest4  (cost=0.43..6.47 rows=102 width=4)
	  Index Cond: ((id >= 3867441) AND (id <= 3867541))

table 5 : explain SELECT id FROM sbtest5 WHERE id BETWEEN 3867441 AND 3867541
	Index Only Scan using sbtest5_pkey on sbtest5  (cost=0.43..6.56 rows=106 width=4)
	  Index Cond: ((id >= 3867441) AND (id <= 3867541))

table 6 : explain SELECT id FROM sbtest6 WHERE id BETWEEN 3867441 AND 3867541
	Index Only Scan using sbtest6_pkey on sbtest6  (cost=0.43..6.37 rows=97 width=4)
	  Index Cond: ((id >= 3867441) AND (id <= 3867541))

table 7 : explain SELECT id FROM sbtest7 WHERE id BETWEEN 3867441 AND 3867541
	Index Only Scan using sbtest7_pkey on sbtest7  (cost=0.43..6.67 rows=112 width=4)
	  Index Cond: ((id >= 3867441) AND (id <= 3867541))

table 8 : explain SELECT id FROM sbtest8 WHERE id BETWEEN 3867441 AND 3867541
	Index Only Scan using sbtest8_pkey on sbtest8  (cost=0.43..6.83 rows=120 width=4)
	  Index Cond: ((id >= 3867441) AND (id <= 3867541))

explain: for range-covered :: explain SELECT id FROM sbtest%d WHERE id BETWEEN 3867441 AND 3867541
for range-covered
table 1 : explain SELECT id FROM sbtest1 WHERE id BETWEEN 3407760 AND 3407860
	Index Only Scan using sbtest1_pkey on sbtest1  (cost=0.43..6.43 rows=100 width=4)
	  Index Cond: ((id >= 3407760) AND (id <= 3407860))

table 2 : explain SELECT id FROM sbtest2 WHERE id BETWEEN 3407760 AND 3407860
	Index Only Scan using sbtest2_pkey on sbtest2  (cost=0.43..6.53 rows=105 width=4)
	  Index Cond: ((id >= 3407760) AND (id <= 3407860))

table 3 : explain SELECT id FROM sbtest3 WHERE id BETWEEN 3407760 AND 3407860
	Index Only Scan using sbtest3_pkey on sbtest3  (cost=0.43..10.63 rows=110 width=4)
	  Index Cond: ((id >= 3407760) AND (id <= 3407860))

table 4 : explain SELECT id FROM sbtest4 WHERE id BETWEEN 3407760 AND 3407860
	Index Only Scan using sbtest4_pkey on sbtest4  (cost=0.43..6.40 rows=98 width=4)
	  Index Cond: ((id >= 3407760) AND (id <= 3407860))

table 5 : explain SELECT id FROM sbtest5 WHERE id BETWEEN 3407760 AND 3407860
	Index Only Scan using sbtest5_pkey on sbtest5  (cost=0.43..6.27 rows=92 width=4)
	  Index Cond: ((id >= 3407760) AND (id <= 3407860))

table 6 : explain SELECT id FROM sbtest6 WHERE id BETWEEN 3407760 AND 3407860
	Index Only Scan using sbtest6_pkey on sbtest6  (cost=0.43..6.43 rows=100 width=4)
	  Index Cond: ((id >= 3407760) AND (id <= 3407860))

table 7 : explain SELECT id FROM sbtest7 WHERE id BETWEEN 3407760 AND 3407860
	Index Only Scan using sbtest7_pkey on sbtest7  (cost=0.43..6.29 rows=93 width=4)
	  Index Cond: ((id >= 3407760) AND (id <= 3407860))

table 8 : explain SELECT id FROM sbtest8 WHERE id BETWEEN 3407760 AND 3407860
	Index Only Scan using sbtest8_pkey on sbtest8  (cost=0.43..6.40 rows=98 width=4)
	  Index Cond: ((id >= 3407760) AND (id <= 3407860))

explain: for range-covered :: explain SELECT id FROM sbtest%d WHERE id BETWEEN 3407760 AND 3407860
for range-covered
table 1 : explain SELECT id FROM sbtest1 WHERE id BETWEEN 3867441 AND 3867541
	Index Only Scan using sbtest1_pkey on sbtest1  (cost=0.43..6.61 rows=109 width=4)
	  Index Cond: ((id >= 3867441) AND (id <= 3867541))

table 2 : explain SELECT id FROM sbtest2 WHERE id BETWEEN 3867441 AND 3867541
	Index Only Scan using sbtest2_pkey on sbtest2  (cost=0.43..6.63 rows=110 width=4)
	  Index Cond: ((id >= 3867441) AND (id <= 3867541))

table 3 : explain SELECT id FROM sbtest3 WHERE id BETWEEN 3867441 AND 3867541
	Index Only Scan using sbtest3_pkey on sbtest3  (cost=0.43..10.56 rows=106 width=4)
	  Index Cond: ((id >= 3867441) AND (id <= 3867541))

table 4 : explain SELECT id FROM sbtest4 WHERE id BETWEEN 3867441 AND 3867541
	Index Only Scan using sbtest4_pkey on sbtest4  (cost=0.43..6.47 rows=102 width=4)
	  Index Cond: ((id >= 3867441) AND (id <= 3867541))

table 5 : explain SELECT id FROM sbtest5 WHERE id BETWEEN 3867441 AND 3867541
	Index Only Scan using sbtest5_pkey on sbtest5  (cost=0.43..6.56 rows=106 width=4)
	  Index Cond: ((id >= 3867441) AND (id <= 3867541))

table 6 : explain SELECT id FROM sbtest6 WHERE id BETWEEN 3867441 AND 3867541
	Index Only Scan using sbtest6_pkey on sbtest6  (cost=0.43..6.37 rows=97 width=4)
	  Index Cond: ((id >= 3867441) AND (id <= 3867541))

table 7 : explain SELECT id FROM sbtest7 WHERE id BETWEEN 3867441 AND 3867541
	Index Only Scan using sbtest7_pkey on sbtest7  (cost=0.43..6.67 rows=112 width=4)
	  Index Cond: ((id >= 3867441) AND (id <= 3867541))

table 8 : explain SELECT id FROM sbtest8 WHERE id BETWEEN 3867441 AND 3867541
	Index Only Scan using sbtest8_pkey on sbtest8  (cost=0.43..6.83 rows=120 width=4)
	  Index Cond: ((id >= 3867441) AND (id <= 3867541))

for range-covered
table 1 : explain SELECT id FROM sbtest1 WHERE id BETWEEN 9819821 AND 9819921
	Index Only Scan using sbtest1_pkey on sbtest1  (cost=0.43..6.35 rows=96 width=4)
	  Index Cond: ((id >= 9819821) AND (id <= 9819921))

table 2 : explain SELECT id FROM sbtest2 WHERE id BETWEEN 9819821 AND 9819921
	Index Only Scan using sbtest2_pkey on sbtest2  (cost=0.43..6.32 rows=94 width=4)
	  Index Cond: ((id >= 9819821) AND (id <= 9819921))

table 3 : explain SELECT id FROM sbtest3 WHERE id BETWEEN 9819821 AND 9819921
	Index Only Scan using sbtest3_pkey on sbtest3  (cost=0.43..10.56 rows=106 width=4)
	  Index Cond: ((id >= 9819821) AND (id <= 9819921))

table 4 : explain SELECT id FROM sbtest4 WHERE id BETWEEN 9819821 AND 9819921
	Index Only Scan using sbtest4_pkey on sbtest4  (cost=0.43..6.50 rows=103 width=4)
	  Index Cond: ((id >= 9819821) AND (id <= 9819921))

table 5 : explain SELECT id FROM sbtest5 WHERE id BETWEEN 9819821 AND 9819921
	Index Only Scan using sbtest5_pkey on sbtest5  (cost=0.43..6.58 rows=107 width=4)
	  Index Cond: ((id >= 9819821) AND (id <= 9819921))

table 6 : explain SELECT id FROM sbtest6 WHERE id BETWEEN 9819821 AND 9819921
	Index Only Scan using sbtest6_pkey on sbtest6  (cost=0.43..6.27 rows=92 width=4)
	  Index Cond: ((id >= 9819821) AND (id <= 9819921))

table 7 : explain SELECT id FROM sbtest7 WHERE id BETWEEN 9819821 AND 9819921
	Index Only Scan using sbtest7_pkey on sbtest7  (cost=0.43..6.47 rows=102 width=4)
	  Index Cond: ((id >= 9819821) AND (id <= 9819921))

table 8 : explain SELECT id FROM sbtest8 WHERE id BETWEEN 9819821 AND 9819921
	Index Only Scan using sbtest8_pkey on sbtest8  (cost=0.43..6.40 rows=98 width=4)
	  Index Cond: ((id >= 9819821) AND (id <= 9819921))

explain: for range-covered :: explain SELECT id FROM sbtest%d WHERE id BETWEEN 3867441 AND 3867541
explain: for range-covered :: explain SELECT id FROM sbtest%d WHERE id BETWEEN 9819821 AND 9819921
for range-covered
table 1 : explain SELECT id FROM sbtest1 WHERE id BETWEEN 3407760 AND 3407860
	Index Only Scan using sbtest1_pkey on sbtest1  (cost=0.43..6.43 rows=100 width=4)
	  Index Cond: ((id >= 3407760) AND (id <= 3407860))

table 2 : explain SELECT id FROM sbtest2 WHERE id BETWEEN 3407760 AND 3407860
	Index Only Scan using sbtest2_pkey on sbtest2  (cost=0.43..6.53 rows=105 width=4)
	  Index Cond: ((id >= 3407760) AND (id <= 3407860))

table 3 : explain SELECT id FROM sbtest3 WHERE id BETWEEN 3407760 AND 3407860
	Index Only Scan using sbtest3_pkey on sbtest3  (cost=0.43..10.63 rows=110 width=4)
	  Index Cond: ((id >= 3407760) AND (id <= 3407860))

table 4 : explain SELECT id FROM sbtest4 WHERE id BETWEEN 3407760 AND 3407860
	Index Only Scan using sbtest4_pkey on sbtest4  (cost=0.43..6.40 rows=98 width=4)
	  Index Cond: ((id >= 3407760) AND (id <= 3407860))

table 5 : explain SELECT id FROM sbtest5 WHERE id BETWEEN 3407760 AND 3407860
	Index Only Scan using sbtest5_pkey on sbtest5  (cost=0.43..6.27 rows=92 width=4)
	  Index Cond: ((id >= 3407760) AND (id <= 3407860))

table 6 : explain SELECT id FROM sbtest6 WHERE id BETWEEN 3407760 AND 3407860
	Index Only Scan using sbtest6_pkey on sbtest6  (cost=0.43..6.43 rows=100 width=4)
	  Index Cond: ((id >= 3407760) AND (id <= 3407860))

table 7 : explain SELECT id FROM sbtest7 WHERE id BETWEEN 3407760 AND 3407860
	Index Only Scan using sbtest7_pkey on sbtest7  (cost=0.43..6.29 rows=93 width=4)
	  Index Cond: ((id >= 3407760) AND (id <= 3407860))

table 8 : explain SELECT id FROM sbtest8 WHERE id BETWEEN 3407760 AND 3407860
	Index Only Scan using sbtest8_pkey on sbtest8  (cost=0.43..6.40 rows=98 width=4)
	  Index Cond: ((id >= 3407760) AND (id <= 3407860))

explain: for range-covered :: explain SELECT id FROM sbtest%d WHERE id BETWEEN 3407760 AND 3407860
for range-covered
table 1 : explain SELECT id FROM sbtest1 WHERE id BETWEEN 4099407 AND 4099507
	Index Only Scan using sbtest1_pkey on sbtest1  (cost=0.43..6.56 rows=106 width=4)
	  Index Cond: ((id >= 4099407) AND (id <= 4099507))

table 2 : explain SELECT id FROM sbtest2 WHERE id BETWEEN 4099407 AND 4099507
	Index Only Scan using sbtest2_pkey on sbtest2  (cost=0.43..6.53 rows=105 width=4)
	  Index Cond: ((id >= 4099407) AND (id <= 4099507))

table 3 : explain SELECT id FROM sbtest3 WHERE id BETWEEN 4099407 AND 4099507
	Index Only Scan using sbtest3_pkey on sbtest3  (cost=0.43..10.56 rows=106 width=4)
	  Index Cond: ((id >= 4099407) AND (id <= 4099507))

table 4 : explain SELECT id FROM sbtest4 WHERE id BETWEEN 4099407 AND 4099507
	Index Only Scan using sbtest4_pkey on sbtest4  (cost=0.43..6.45 rows=101 width=4)
	  Index Cond: ((id >= 4099407) AND (id <= 4099507))

table 5 : explain SELECT id FROM sbtest5 WHERE id BETWEEN 4099407 AND 4099507
	Index Only Scan using sbtest5_pkey on sbtest5  (cost=0.43..6.43 rows=100 width=4)
	  Index Cond: ((id >= 4099407) AND (id <= 4099507))

table 6 : explain SELECT id FROM sbtest6 WHERE id BETWEEN 4099407 AND 4099507
	Index Only Scan using sbtest6_pkey on sbtest6  (cost=0.43..6.58 rows=107 width=4)
	  Index Cond: ((id >= 4099407) AND (id <= 4099507))

table 7 : explain SELECT id FROM sbtest7 WHERE id BETWEEN 4099407 AND 4099507
	Index Only Scan using sbtest7_pkey on sbtest7  (cost=0.43..6.33 rows=95 width=4)
	  Index Cond: ((id >= 4099407) AND (id <= 4099507))

table 8 : explain SELECT id FROM sbtest8 WHERE id BETWEEN 4099407 AND 4099507
	Index Only Scan using sbtest8_pkey on sbtest8  (cost=0.43..6.53 rows=105 width=4)
	  Index Cond: ((id >= 4099407) AND (id <= 4099507))

for range-covered
table 1 : explain SELECT id FROM sbtest1 WHERE id BETWEEN 3867441 AND 3867541
	Index Only Scan using sbtest1_pkey on sbtest1  (cost=0.43..6.61 rows=109 width=4)
	  Index Cond: ((id >= 3867441) AND (id <= 3867541))

table 2 : explain SELECT id FROM sbtest2 WHERE id BETWEEN 3867441 AND 3867541
	Index Only Scan using sbtest2_pkey on sbtest2  (cost=0.43..6.63 rows=110 width=4)
	  Index Cond: ((id >= 3867441) AND (id <= 3867541))

table 3 : explain SELECT id FROM sbtest3 WHERE id BETWEEN 3867441 AND 3867541
	Index Only Scan using sbtest3_pkey on sbtest3  (cost=0.43..10.56 rows=106 width=4)
	  Index Cond: ((id >= 3867441) AND (id <= 3867541))

table 4 : explain SELECT id FROM sbtest4 WHERE id BETWEEN 3867441 AND 3867541
	Index Only Scan using sbtest4_pkey on sbtest4  (cost=0.43..6.47 rows=102 width=4)
	  Index Cond: ((id >= 3867441) AND (id <= 3867541))

table 5 : explain SELECT id FROM sbtest5 WHERE id BETWEEN 3867441 AND 3867541
	Index Only Scan using sbtest5_pkey on sbtest5  (cost=0.43..6.56 rows=106 width=4)
	  Index Cond: ((id >= 3867441) AND (id <= 3867541))

table 6 : explain SELECT id FROM sbtest6 WHERE id BETWEEN 3867441 AND 3867541
	Index Only Scan using sbtest6_pkey on sbtest6  (cost=0.43..6.37 rows=97 width=4)
	  Index Cond: ((id >= 3867441) AND (id <= 3867541))

table 7 : explain SELECT id FROM sbtest7 WHERE id BETWEEN 3867441 AND 3867541
	Index Only Scan using sbtest7_pkey on sbtest7  (cost=0.43..6.67 rows=112 width=4)
	  Index Cond: ((id >= 3867441) AND (id <= 3867541))

table 8 : explain SELECT id FROM sbtest8 WHERE id BETWEEN 3867441 AND 3867541
	Index Only Scan using sbtest8_pkey on sbtest8  (cost=0.43..6.83 rows=120 width=4)
	  Index Cond: ((id >= 3867441) AND (id <= 3867541))

for range-covered
table 1 : explain SELECT id FROM sbtest1 WHERE id BETWEEN 6073953 AND 6074053
	Index Only Scan using sbtest1_pkey on sbtest1  (cost=0.43..6.29 rows=93 width=4)
	  Index Cond: ((id >= 6073953) AND (id <= 6074053))

table 2 : explain SELECT id FROM sbtest2 WHERE id BETWEEN 6073953 AND 6074053
	Index Only Scan using sbtest2_pkey on sbtest2  (cost=0.43..6.45 rows=101 width=4)
	  Index Cond: ((id >= 6073953) AND (id <= 6074053))

table 3 : explain SELECT id FROM sbtest3 WHERE id BETWEEN 6073953 AND 6074053
	Index Only Scan using sbtest3_pkey on sbtest3  (cost=0.43..10.51 rows=104 width=4)
	  Index Cond: ((id >= 6073953) AND (id <= 6074053))

table 4 : explain SELECT id FROM sbtest4 WHERE id BETWEEN 6073953 AND 6074053
	Index Only Scan using sbtest4_pkey on sbtest4  (cost=0.43..6.47 rows=102 width=4)
	  Index Cond: ((id >= 6073953) AND (id <= 6074053))

table 5 : explain SELECT id FROM sbtest5 WHERE id BETWEEN 6073953 AND 6074053
	Index Only Scan using sbtest5_pkey on sbtest5  (cost=0.43..6.29 rows=93 width=4)
	  Index Cond: ((id >= 6073953) AND (id <= 6074053))

table 6 : explain SELECT id FROM sbtest6 WHERE id BETWEEN 6073953 AND 6074053
	Index Only Scan using sbtest6_pkey on sbtest6  (cost=0.43..6.40 rows=98 width=4)
	  Index Cond: ((id >= 6073953) AND (id <= 6074053))

table 7 : explain SELECT id FROM sbtest7 WHERE id BETWEEN 6073953 AND 6074053
	Index Only Scan using sbtest7_pkey on sbtest7  (cost=0.43..6.50 rows=103 width=4)
	  Index Cond: ((id >= 6073953) AND (id <= 6074053))

table 8 : explain SELECT id FROM sbtest8 WHERE id BETWEEN 6073953 AND 6074053
	Index Only Scan using sbtest8_pkey on sbtest8  (cost=0.43..6.58 rows=107 width=4)
	  Index Cond: ((id >= 6073953) AND (id <= 6074053))

explain: for range-covered :: explain SELECT id FROM sbtest%d WHERE id BETWEEN 6073953 AND 6074053
for range-covered
table 1 : explain SELECT id FROM sbtest1 WHERE id BETWEEN 9819821 AND 9819921
	Index Only Scan using sbtest1_pkey on sbtest1  (cost=0.43..6.35 rows=96 width=4)
	  Index Cond: ((id >= 9819821) AND (id <= 9819921))

table 2 : explain SELECT id FROM sbtest2 WHERE id BETWEEN 9819821 AND 9819921
	Index Only Scan using sbtest2_pkey on sbtest2  (cost=0.43..6.32 rows=94 width=4)
	  Index Cond: ((id >= 9819821) AND (id <= 9819921))

table 3 : explain SELECT id FROM sbtest3 WHERE id BETWEEN 9819821 AND 9819921
	Index Only Scan using sbtest3_pkey on sbtest3  (cost=0.43..10.56 rows=106 width=4)
	  Index Cond: ((id >= 9819821) AND (id <= 9819921))

table 4 : explain SELECT id FROM sbtest4 WHERE id BETWEEN 9819821 AND 9819921
	Index Only Scan using sbtest4_pkey on sbtest4  (cost=0.43..6.50 rows=103 width=4)
	  Index Cond: ((id >= 9819821) AND (id <= 9819921))

table 5 : explain SELECT id FROM sbtest5 WHERE id BETWEEN 9819821 AND 9819921
	Index Only Scan using sbtest5_pkey on sbtest5  (cost=0.43..6.58 rows=107 width=4)
	  Index Cond: ((id >= 9819821) AND (id <= 9819921))

table 6 : explain SELECT id FROM sbtest6 WHERE id BETWEEN 9819821 AND 9819921
	Index Only Scan using sbtest6_pkey on sbtest6  (cost=0.43..6.27 rows=92 width=4)
	  Index Cond: ((id >= 9819821) AND (id <= 9819921))

table 7 : explain SELECT id FROM sbtest7 WHERE id BETWEEN 9819821 AND 9819921
	Index Only Scan using sbtest7_pkey on sbtest7  (cost=0.43..6.47 rows=102 width=4)
	  Index Cond: ((id >= 9819821) AND (id <= 9819921))

table 8 : explain SELECT id FROM sbtest8 WHERE id BETWEEN 9819821 AND 9819921
	Index Only Scan using sbtest8_pkey on sbtest8  (cost=0.43..6.40 rows=98 width=4)
	  Index Cond: ((id >= 9819821) AND (id <= 9819921))

for range-covered
table 1 : explain SELECT id FROM sbtest1 WHERE id BETWEEN 3407760 AND 3407860
	Index Only Scan using sbtest1_pkey on sbtest1  (cost=0.43..6.43 rows=100 width=4)
	  Index Cond: ((id >= 3407760) AND (id <= 3407860))

table 2 : explain SELECT id FROM sbtest2 WHERE id BETWEEN 3407760 AND 3407860
	Index Only Scan using sbtest2_pkey on sbtest2  (cost=0.43..6.53 rows=105 width=4)
	  Index Cond: ((id >= 3407760) AND (id <= 3407860))

table 3 : explain SELECT id FROM sbtest3 WHERE id BETWEEN 3407760 AND 3407860
	Index Only Scan using sbtest3_pkey on sbtest3  (cost=0.43..10.63 rows=110 width=4)
	  Index Cond: ((id >= 3407760) AND (id <= 3407860))

table 4 : explain SELECT id FROM sbtest4 WHERE id BETWEEN 3407760 AND 3407860
	Index Only Scan using sbtest4_pkey on sbtest4  (cost=0.43..6.40 rows=98 width=4)
	  Index Cond: ((id >= 3407760) AND (id <= 3407860))

table 5 : explain SELECT id FROM sbtest5 WHERE id BETWEEN 3407760 AND 3407860
	Index Only Scan using sbtest5_pkey on sbtest5  (cost=0.43..6.27 rows=92 width=4)
	  Index Cond: ((id >= 3407760) AND (id <= 3407860))

table 6 : explain SELECT id FROM sbtest6 WHERE id BETWEEN 3407760 AND 3407860
	Index Only Scan using sbtest6_pkey on sbtest6  (cost=0.43..6.43 rows=100 width=4)
	  Index Cond: ((id >= 3407760) AND (id <= 3407860))

table 7 : explain SELECT id FROM sbtest7 WHERE id BETWEEN 3407760 AND 3407860
	Index Only Scan using sbtest7_pkey on sbtest7  (cost=0.43..6.29 rows=93 width=4)
	  Index Cond: ((id >= 3407760) AND (id <= 3407860))

table 8 : explain SELECT id FROM sbtest8 WHERE id BETWEEN 3407760 AND 3407860
	Index Only Scan using sbtest8_pkey on sbtest8  (cost=0.43..6.40 rows=98 width=4)
	  Index Cond: ((id >= 3407760) AND (id <= 3407860))

explain: for range-covered :: explain SELECT id FROM sbtest%d WHERE id BETWEEN 9819821 AND 9819921
explain: for range-covered :: explain SELECT id FROM sbtest%d WHERE id BETWEEN 4407182 AND 4407282
for range-covered
table 1 : explain SELECT id FROM sbtest1 WHERE id BETWEEN 6073953 AND 6074053
	Index Only Scan using sbtest1_pkey on sbtest1  (cost=0.43..6.29 rows=93 width=4)
	  Index Cond: ((id >= 6073953) AND (id <= 6074053))

table 2 : explain SELECT id FROM sbtest2 WHERE id BETWEEN 6073953 AND 6074053
	Index Only Scan using sbtest2_pkey on sbtest2  (cost=0.43..6.45 rows=101 width=4)
	  Index Cond: ((id >= 6073953) AND (id <= 6074053))

table 3 : explain SELECT id FROM sbtest3 WHERE id BETWEEN 6073953 AND 6074053
	Index Only Scan using sbtest3_pkey on sbtest3  (cost=0.43..10.51 rows=104 width=4)
	  Index Cond: ((id >= 6073953) AND (id <= 6074053))

table 4 : explain SELECT id FROM sbtest4 WHERE id BETWEEN 6073953 AND 6074053
	Index Only Scan using sbtest4_pkey on sbtest4  (cost=0.43..6.47 rows=102 width=4)
	  Index Cond: ((id >= 6073953) AND (id <= 6074053))

table 5 : explain SELECT id FROM sbtest5 WHERE id BETWEEN 6073953 AND 6074053
	Index Only Scan using sbtest5_pkey on sbtest5  (cost=0.43..6.29 rows=93 width=4)
	  Index Cond: ((id >= 6073953) AND (id <= 6074053))

table 6 : explain SELECT id FROM sbtest6 WHERE id BETWEEN 6073953 AND 6074053
	Index Only Scan using sbtest6_pkey on sbtest6  (cost=0.43..6.40 rows=98 width=4)
	  Index Cond: ((id >= 6073953) AND (id <= 6074053))

table 7 : explain SELECT id FROM sbtest7 WHERE id BETWEEN 6073953 AND 6074053
	Index Only Scan using sbtest7_pkey on sbtest7  (cost=0.43..6.50 rows=103 width=4)
	  Index Cond: ((id >= 6073953) AND (id <= 6074053))

table 8 : explain SELECT id FROM sbtest8 WHERE id BETWEEN 6073953 AND 6074053
	Index Only Scan using sbtest8_pkey on sbtest8  (cost=0.43..6.58 rows=107 width=4)
	  Index Cond: ((id >= 6073953) AND (id <= 6074053))

for range-covered
table 1 : explain SELECT id FROM sbtest1 WHERE id BETWEEN 3153883 AND 3153983
	Index Only Scan using sbtest1_pkey on sbtest1  (cost=0.43..6.29 rows=93 width=4)
	  Index Cond: ((id >= 3153883) AND (id <= 3153983))

table 2 : explain SELECT id FROM sbtest2 WHERE id BETWEEN 3153883 AND 3153983
	Index Only Scan using sbtest2_pkey on sbtest2  (cost=0.43..6.45 rows=101 width=4)
	  Index Cond: ((id >= 3153883) AND (id <= 3153983))

table 3 : explain SELECT id FROM sbtest3 WHERE id BETWEEN 3153883 AND 3153983
	Index Only Scan using sbtest3_pkey on sbtest3  (cost=0.43..10.54 rows=105 width=4)
	  Index Cond: ((id >= 3153883) AND (id <= 3153983))

table 4 : explain SELECT id FROM sbtest4 WHERE id BETWEEN 3153883 AND 3153983
	Index Only Scan using sbtest4_pkey on sbtest4  (cost=0.43..6.51 rows=104 width=4)
	  Index Cond: ((id >= 3153883) AND (id <= 3153983))

table 5 : explain SELECT id FROM sbtest5 WHERE id BETWEEN 3153883 AND 3153983
	Index Only Scan using sbtest5_pkey on sbtest5  (cost=0.43..6.25 rows=91 width=4)
	  Index Cond: ((id >= 3153883) AND (id <= 3153983))

table 6 : explain SELECT id FROM sbtest6 WHERE id BETWEEN 3153883 AND 3153983
	Index Only Scan using sbtest6_pkey on sbtest6  (cost=0.43..6.45 rows=101 width=4)
	  Index Cond: ((id >= 3153883) AND (id <= 3153983))

table 7 : explain SELECT id FROM sbtest7 WHERE id BETWEEN 3153883 AND 3153983
	Index Only Scan using sbtest7_pkey on sbtest7  (cost=0.43..6.45 rows=101 width=4)
	  Index Cond: ((id >= 3153883) AND (id <= 3153983))

table 8 : explain SELECT id FROM sbtest8 WHERE id BETWEEN 3153883 AND 3153983
	Index Only Scan using sbtest8_pkey on sbtest8  (cost=0.43..6.33 rows=95 width=4)
	  Index Cond: ((id >= 3153883) AND (id <= 3153983))

explain: for range-covered :: explain SELECT id FROM sbtest%d WHERE id BETWEEN 3153883 AND 3153983
for range-covered
table 1 : explain SELECT id FROM sbtest1 WHERE id BETWEEN 7737621 AND 7737721
	Index Only Scan using sbtest1_pkey on sbtest1  (cost=0.43..6.27 rows=92 width=4)
	  Index Cond: ((id >= 7737621) AND (id <= 7737721))

table 2 : explain SELECT id FROM sbtest2 WHERE id BETWEEN 7737621 AND 7737721
	Index Only Scan using sbtest2_pkey on sbtest2  (cost=0.43..6.53 rows=105 width=4)
	  Index Cond: ((id >= 7737621) AND (id <= 7737721))

table 3 : explain SELECT id FROM sbtest3 WHERE id BETWEEN 7737621 AND 7737721
	Index Only Scan using sbtest3_pkey on sbtest3  (cost=0.43..10.58 rows=107 width=4)
	  Index Cond: ((id >= 7737621) AND (id <= 7737721))

table 4 : explain SELECT id FROM sbtest4 WHERE id BETWEEN 7737621 AND 7737721
	Index Only Scan using sbtest4_pkey on sbtest4  (cost=0.43..6.29 rows=93 width=4)
	  Index Cond: ((id >= 7737621) AND (id <= 7737721))

table 5 : explain SELECT id FROM sbtest5 WHERE id BETWEEN 7737621 AND 7737721
	Index Only Scan using sbtest5_pkey on sbtest5  (cost=0.43..6.33 rows=95 width=4)
	  Index Cond: ((id >= 7737621) AND (id <= 7737721))

table 6 : explain SELECT id FROM sbtest6 WHERE id BETWEEN 7737621 AND 7737721
	Index Only Scan using sbtest6_pkey on sbtest6  (cost=0.43..6.35 rows=96 width=4)
	  Index Cond: ((id >= 7737621) AND (id <= 7737721))

table 7 : explain SELECT id FROM sbtest7 WHERE id BETWEEN 7737621 AND 7737721
	Index Only Scan using sbtest7_pkey on sbtest7  (cost=0.43..6.43 rows=100 width=4)
	  Index Cond: ((id >= 7737621) AND (id <= 7737721))

table 8 : explain SELECT id FROM sbtest8 WHERE id BETWEEN 7737621 AND 7737721
	Index Only Scan using sbtest8_pkey on sbtest8  (cost=0.43..6.58 rows=107 width=4)
	  Index Cond: ((id >= 7737621) AND (id <= 7737721))

explain: for range-covered :: explain SELECT id FROM sbtest%d WHERE id BETWEEN 6073953 AND 6074053
for range-covered
table 1 : explain SELECT id FROM sbtest1 WHERE id BETWEEN 9819821 AND 9819921
	Index Only Scan using sbtest1_pkey on sbtest1  (cost=0.43..6.35 rows=96 width=4)
	  Index Cond: ((id >= 9819821) AND (id <= 9819921))

table 2 : explain SELECT id FROM sbtest2 WHERE id BETWEEN 9819821 AND 9819921
	Index Only Scan using sbtest2_pkey on sbtest2  (cost=0.43..6.32 rows=94 width=4)
	  Index Cond: ((id >= 9819821) AND (id <= 9819921))

table 3 : explain SELECT id FROM sbtest3 WHERE id BETWEEN 9819821 AND 9819921
	Index Only Scan using sbtest3_pkey on sbtest3  (cost=0.43..10.56 rows=106 width=4)
	  Index Cond: ((id >= 9819821) AND (id <= 9819921))

table 4 : explain SELECT id FROM sbtest4 WHERE id BETWEEN 9819821 AND 9819921
	Index Only Scan using sbtest4_pkey on sbtest4  (cost=0.43..6.50 rows=103 width=4)
	  Index Cond: ((id >= 9819821) AND (id <= 9819921))

table 5 : explain SELECT id FROM sbtest5 WHERE id BETWEEN 9819821 AND 9819921
	Index Only Scan using sbtest5_pkey on sbtest5  (cost=0.43..6.58 rows=107 width=4)
	  Index Cond: ((id >= 9819821) AND (id <= 9819921))

table 6 : explain SELECT id FROM sbtest6 WHERE id BETWEEN 9819821 AND 9819921
	Index Only Scan using sbtest6_pkey on sbtest6  (cost=0.43..6.27 rows=92 width=4)
	  Index Cond: ((id >= 9819821) AND (id <= 9819921))

table 7 : explain SELECT id FROM sbtest7 WHERE id BETWEEN 9819821 AND 9819921
	Index Only Scan using sbtest7_pkey on sbtest7  (cost=0.43..6.47 rows=102 width=4)
	  Index Cond: ((id >= 9819821) AND (id <= 9819921))

table 8 : explain SELECT id FROM sbtest8 WHERE id BETWEEN 9819821 AND 9819921
	Index Only Scan using sbtest8_pkey on sbtest8  (cost=0.43..6.40 rows=98 width=4)
	  Index Cond: ((id >= 9819821) AND (id <= 9819921))

explain: for range-covered :: explain SELECT id FROM sbtest%d WHERE id BETWEEN 9819821 AND 9819921
for range-covered
table 1 : explain SELECT id FROM sbtest1 WHERE id BETWEEN 3617733 AND 3617833
	Index Only Scan using sbtest1_pkey on sbtest1  (cost=0.43..6.47 rows=102 width=4)
	  Index Cond: ((id >= 3617733) AND (id <= 3617833))

table 2 : explain SELECT id FROM sbtest2 WHERE id BETWEEN 3617733 AND 3617833
	Index Only Scan using sbtest2_pkey on sbtest2  (cost=0.43..6.32 rows=94 width=4)
	  Index Cond: ((id >= 3617733) AND (id <= 3617833))

table 3 : explain SELECT id FROM sbtest3 WHERE id BETWEEN 3617733 AND 3617833
	Index Only Scan using sbtest3_pkey on sbtest3  (cost=0.43..10.54 rows=105 width=4)
	  Index Cond: ((id >= 3617733) AND (id <= 3617833))

table 4 : explain SELECT id FROM sbtest4 WHERE id BETWEEN 3617733 AND 3617833
	Index Only Scan using sbtest4_pkey on sbtest4  (cost=0.43..6.58 rows=107 width=4)
	  Index Cond: ((id >= 3617733) AND (id <= 3617833))

table 5 : explain SELECT id FROM sbtest5 WHERE id BETWEEN 3617733 AND 3617833
	Index Only Scan using sbtest5_pkey on sbtest5  (cost=0.43..6.47 rows=102 width=4)
	  Index Cond: ((id >= 3617733) AND (id <= 3617833))

table 6 : explain SELECT id FROM sbtest6 WHERE id BETWEEN 3617733 AND 3617833
	Index Only Scan using sbtest6_pkey on sbtest6  (cost=0.43..6.33 rows=95 width=4)
	  Index Cond: ((id >= 3617733) AND (id <= 3617833))

table 7 : explain SELECT id FROM sbtest7 WHERE id BETWEEN 3617733 AND 3617833
	Index Only Scan using sbtest7_pkey on sbtest7  (cost=0.43..6.56 rows=106 width=4)
	  Index Cond: ((id >= 3617733) AND (id <= 3617833))

table 8 : explain SELECT id FROM sbtest8 WHERE id BETWEEN 3617733 AND 3617833
	Index Only Scan using sbtest8_pkey on sbtest8  (cost=0.43..6.43 rows=100 width=4)
	  Index Cond: ((id >= 3617733) AND (id <= 3617833))

explain: for range-covered :: explain SELECT id FROM sbtest%d WHERE id BETWEEN 7737621 AND 7737721
explain: for range-covered :: explain SELECT id FROM sbtest%d WHERE id BETWEEN 3617733 AND 3617833
for range-covered
table 1 : explain SELECT id FROM sbtest1 WHERE id BETWEEN 3153883 AND 3153983
	Index Only Scan using sbtest1_pkey on sbtest1  (cost=0.43..6.29 rows=93 width=4)
	  Index Cond: ((id >= 3153883) AND (id <= 3153983))

table 2 : explain SELECT id FROM sbtest2 WHERE id BETWEEN 3153883 AND 3153983
	Index Only Scan using sbtest2_pkey on sbtest2  (cost=0.43..6.45 rows=101 width=4)
	  Index Cond: ((id >= 3153883) AND (id <= 3153983))

table 3 : explain SELECT id FROM sbtest3 WHERE id BETWEEN 3153883 AND 3153983
	Index Only Scan using sbtest3_pkey on sbtest3  (cost=0.43..10.54 rows=105 width=4)
	  Index Cond: ((id >= 3153883) AND (id <= 3153983))

table 4 : explain SELECT id FROM sbtest4 WHERE id BETWEEN 3153883 AND 3153983
	Index Only Scan using sbtest4_pkey on sbtest4  (cost=0.43..6.51 rows=104 width=4)
	  Index Cond: ((id >= 3153883) AND (id <= 3153983))

table 5 : explain SELECT id FROM sbtest5 WHERE id BETWEEN 3153883 AND 3153983
	Index Only Scan using sbtest5_pkey on sbtest5  (cost=0.43..6.25 rows=91 width=4)
	  Index Cond: ((id >= 3153883) AND (id <= 3153983))

table 6 : explain SELECT id FROM sbtest6 WHERE id BETWEEN 3153883 AND 3153983
	Index Only Scan using sbtest6_pkey on sbtest6  (cost=0.43..6.45 rows=101 width=4)
	  Index Cond: ((id >= 3153883) AND (id <= 3153983))

table 7 : explain SELECT id FROM sbtest7 WHERE id BETWEEN 3153883 AND 3153983
	Index Only Scan using sbtest7_pkey on sbtest7  (cost=0.43..6.45 rows=101 width=4)
	  Index Cond: ((id >= 3153883) AND (id <= 3153983))

table 8 : explain SELECT id FROM sbtest8 WHERE id BETWEEN 3153883 AND 3153983
	Index Only Scan using sbtest8_pkey on sbtest8  (cost=0.43..6.33 rows=95 width=4)
	  Index Cond: ((id >= 3153883) AND (id <= 3153983))

for range-covered
table 1 : explain SELECT id FROM sbtest1 WHERE id BETWEEN 6073953 AND 6074053
	Index Only Scan using sbtest1_pkey on sbtest1  (cost=0.43..6.29 rows=93 width=4)
	  Index Cond: ((id >= 6073953) AND (id <= 6074053))

table 2 : explain SELECT id FROM sbtest2 WHERE id BETWEEN 6073953 AND 6074053
	Index Only Scan using sbtest2_pkey on sbtest2  (cost=0.43..6.45 rows=101 width=4)
	  Index Cond: ((id >= 6073953) AND (id <= 6074053))

table 3 : explain SELECT id FROM sbtest3 WHERE id BETWEEN 6073953 AND 6074053
	Index Only Scan using sbtest3_pkey on sbtest3  (cost=0.43..10.51 rows=104 width=4)
	  Index Cond: ((id >= 6073953) AND (id <= 6074053))

table 4 : explain SELECT id FROM sbtest4 WHERE id BETWEEN 6073953 AND 6074053
	Index Only Scan using sbtest4_pkey on sbtest4  (cost=0.43..6.47 rows=102 width=4)
	  Index Cond: ((id >= 6073953) AND (id <= 6074053))

table 5 : explain SELECT id FROM sbtest5 WHERE id BETWEEN 6073953 AND 6074053
	Index Only Scan using sbtest5_pkey on sbtest5  (cost=0.43..6.29 rows=93 width=4)
	  Index Cond: ((id >= 6073953) AND (id <= 6074053))

table 6 : explain SELECT id FROM sbtest6 WHERE id BETWEEN 6073953 AND 6074053
	Index Only Scan using sbtest6_pkey on sbtest6  (cost=0.43..6.40 rows=98 width=4)
	  Index Cond: ((id >= 6073953) AND (id <= 6074053))

table 7 : explain SELECT id FROM sbtest7 WHERE id BETWEEN 6073953 AND 6074053
	Index Only Scan using sbtest7_pkey on sbtest7  (cost=0.43..6.50 rows=103 width=4)
	  Index Cond: ((id >= 6073953) AND (id <= 6074053))

table 8 : explain SELECT id FROM sbtest8 WHERE id BETWEEN 6073953 AND 6074053
	Index Only Scan using sbtest8_pkey on sbtest8  (cost=0.43..6.58 rows=107 width=4)
	  Index Cond: ((id >= 6073953) AND (id <= 6074053))

explain: for range-covered :: explain SELECT id FROM sbtest%d WHERE id BETWEEN 3153883 AND 3153983
explain: for range-covered :: explain SELECT id FROM sbtest%d WHERE id BETWEEN 6073953 AND 6074053
for range-covered
table 1 : explain SELECT id FROM sbtest1 WHERE id BETWEEN 3617733 AND 3617833
	Index Only Scan using sbtest1_pkey on sbtest1  (cost=0.43..6.47 rows=102 width=4)
	  Index Cond: ((id >= 3617733) AND (id <= 3617833))

table 2 : explain SELECT id FROM sbtest2 WHERE id BETWEEN 3617733 AND 3617833
	Index Only Scan using sbtest2_pkey on sbtest2  (cost=0.43..6.32 rows=94 width=4)
	  Index Cond: ((id >= 3617733) AND (id <= 3617833))

table 3 : explain SELECT id FROM sbtest3 WHERE id BETWEEN 3617733 AND 3617833
	Index Only Scan using sbtest3_pkey on sbtest3  (cost=0.43..10.54 rows=105 width=4)
	  Index Cond: ((id >= 3617733) AND (id <= 3617833))

table 4 : explain SELECT id FROM sbtest4 WHERE id BETWEEN 3617733 AND 3617833
	Index Only Scan using sbtest4_pkey on sbtest4  (cost=0.43..6.58 rows=107 width=4)
	  Index Cond: ((id >= 3617733) AND (id <= 3617833))

table 5 : explain SELECT id FROM sbtest5 WHERE id BETWEEN 3617733 AND 3617833
	Index Only Scan using sbtest5_pkey on sbtest5  (cost=0.43..6.47 rows=102 width=4)
	  Index Cond: ((id >= 3617733) AND (id <= 3617833))

table 6 : explain SELECT id FROM sbtest6 WHERE id BETWEEN 3617733 AND 3617833
	Index Only Scan using sbtest6_pkey on sbtest6  (cost=0.43..6.33 rows=95 width=4)
	  Index Cond: ((id >= 3617733) AND (id <= 3617833))

table 7 : explain SELECT id FROM sbtest7 WHERE id BETWEEN 3617733 AND 3617833
	Index Only Scan using sbtest7_pkey on sbtest7  (cost=0.43..6.56 rows=106 width=4)
	  Index Cond: ((id >= 3617733) AND (id <= 3617833))

table 8 : explain SELECT id FROM sbtest8 WHERE id BETWEEN 3617733 AND 3617833
	Index Only Scan using sbtest8_pkey on sbtest8  (cost=0.43..6.43 rows=100 width=4)
	  Index Cond: ((id >= 3617733) AND (id <= 3617833))

explain: for range-covered :: explain SELECT id FROM sbtest%d WHERE id BETWEEN 3617733 AND 3617833
for range-covered
table 1 : explain SELECT id FROM sbtest1 WHERE id BETWEEN 7737621 AND 7737721
	Index Only Scan using sbtest1_pkey on sbtest1  (cost=0.43..6.27 rows=92 width=4)
	  Index Cond: ((id >= 7737621) AND (id <= 7737721))

table 2 : explain SELECT id FROM sbtest2 WHERE id BETWEEN 7737621 AND 7737721
	Index Only Scan using sbtest2_pkey on sbtest2  (cost=0.43..6.53 rows=105 width=4)
	  Index Cond: ((id >= 7737621) AND (id <= 7737721))

table 3 : explain SELECT id FROM sbtest3 WHERE id BETWEEN 7737621 AND 7737721
	Index Only Scan using sbtest3_pkey on sbtest3  (cost=0.43..10.58 rows=107 width=4)
	  Index Cond: ((id >= 7737621) AND (id <= 7737721))

table 4 : explain SELECT id FROM sbtest4 WHERE id BETWEEN 7737621 AND 7737721
	Index Only Scan using sbtest4_pkey on sbtest4  (cost=0.43..6.29 rows=93 width=4)
	  Index Cond: ((id >= 7737621) AND (id <= 7737721))

table 5 : explain SELECT id FROM sbtest5 WHERE id BETWEEN 7737621 AND 7737721
	Index Only Scan using sbtest5_pkey on sbtest5  (cost=0.43..6.33 rows=95 width=4)
	  Index Cond: ((id >= 7737621) AND (id <= 7737721))

table 6 : explain SELECT id FROM sbtest6 WHERE id BETWEEN 7737621 AND 7737721
	Index Only Scan using sbtest6_pkey on sbtest6  (cost=0.43..6.35 rows=96 width=4)
	  Index Cond: ((id >= 7737621) AND (id <= 7737721))

table 7 : explain SELECT id FROM sbtest7 WHERE id BETWEEN 7737621 AND 7737721
	Index Only Scan using sbtest7_pkey on sbtest7  (cost=0.43..6.43 rows=100 width=4)
	  Index Cond: ((id >= 7737621) AND (id <= 7737721))

table 8 : explain SELECT id FROM sbtest8 WHERE id BETWEEN 7737621 AND 7737721
	Index Only Scan using sbtest8_pkey on sbtest8  (cost=0.43..6.58 rows=107 width=4)
	  Index Cond: ((id >= 7737621) AND (id <= 7737721))

explain: for range-covered :: explain SELECT id FROM sbtest%d WHERE id BETWEEN 7737621 AND 7737721
for range-covered
table 1 : explain SELECT id FROM sbtest1 WHERE id BETWEEN 3153883 AND 3153983
	Index Only Scan using sbtest1_pkey on sbtest1  (cost=0.43..6.29 rows=93 width=4)
	  Index Cond: ((id >= 3153883) AND (id <= 3153983))

table 2 : explain SELECT id FROM sbtest2 WHERE id BETWEEN 3153883 AND 3153983
	Index Only Scan using sbtest2_pkey on sbtest2  (cost=0.43..6.45 rows=101 width=4)
	  Index Cond: ((id >= 3153883) AND (id <= 3153983))

table 3 : explain SELECT id FROM sbtest3 WHERE id BETWEEN 3153883 AND 3153983
	Index Only Scan using sbtest3_pkey on sbtest3  (cost=0.43..10.54 rows=105 width=4)
	  Index Cond: ((id >= 3153883) AND (id <= 3153983))

table 4 : explain SELECT id FROM sbtest4 WHERE id BETWEEN 3153883 AND 3153983
	Index Only Scan using sbtest4_pkey on sbtest4  (cost=0.43..6.51 rows=104 width=4)
	  Index Cond: ((id >= 3153883) AND (id <= 3153983))

table 5 : explain SELECT id FROM sbtest5 WHERE id BETWEEN 3153883 AND 3153983
	Index Only Scan using sbtest5_pkey on sbtest5  (cost=0.43..6.25 rows=91 width=4)
	  Index Cond: ((id >= 3153883) AND (id <= 3153983))

table 6 : explain SELECT id FROM sbtest6 WHERE id BETWEEN 3153883 AND 3153983
	Index Only Scan using sbtest6_pkey on sbtest6  (cost=0.43..6.45 rows=101 width=4)
	  Index Cond: ((id >= 3153883) AND (id <= 3153983))

table 7 : explain SELECT id FROM sbtest7 WHERE id BETWEEN 3153883 AND 3153983
	Index Only Scan using sbtest7_pkey on sbtest7  (cost=0.43..6.45 rows=101 width=4)
	  Index Cond: ((id >= 3153883) AND (id <= 3153983))

table 8 : explain SELECT id FROM sbtest8 WHERE id BETWEEN 3153883 AND 3153983
	Index Only Scan using sbtest8_pkey on sbtest8  (cost=0.43..6.33 rows=95 width=4)
	  Index Cond: ((id >= 3153883) AND (id <= 3153983))

for range-covered
table 1 : explain SELECT id FROM sbtest1 WHERE id BETWEEN 6073953 AND 6074053
	Index Only Scan using sbtest1_pkey on sbtest1  (cost=0.43..6.29 rows=93 width=4)
	  Index Cond: ((id >= 6073953) AND (id <= 6074053))

table 2 : explain SELECT id FROM sbtest2 WHERE id BETWEEN 6073953 AND 6074053
	Index Only Scan using sbtest2_pkey on sbtest2  (cost=0.43..6.45 rows=101 width=4)
	  Index Cond: ((id >= 6073953) AND (id <= 6074053))

table 3 : explain SELECT id FROM sbtest3 WHERE id BETWEEN 6073953 AND 6074053
	Index Only Scan using sbtest3_pkey on sbtest3  (cost=0.43..10.51 rows=104 width=4)
	  Index Cond: ((id >= 6073953) AND (id <= 6074053))

table 4 : explain SELECT id FROM sbtest4 WHERE id BETWEEN 6073953 AND 6074053
	Index Only Scan using sbtest4_pkey on sbtest4  (cost=0.43..6.47 rows=102 width=4)
	  Index Cond: ((id >= 6073953) AND (id <= 6074053))

table 5 : explain SELECT id FROM sbtest5 WHERE id BETWEEN 6073953 AND 6074053
	Index Only Scan using sbtest5_pkey on sbtest5  (cost=0.43..6.29 rows=93 width=4)
	  Index Cond: ((id >= 6073953) AND (id <= 6074053))

table 6 : explain SELECT id FROM sbtest6 WHERE id BETWEEN 6073953 AND 6074053
	Index Only Scan using sbtest6_pkey on sbtest6  (cost=0.43..6.40 rows=98 width=4)
	  Index Cond: ((id >= 6073953) AND (id <= 6074053))

table 7 : explain SELECT id FROM sbtest7 WHERE id BETWEEN 6073953 AND 6074053
	Index Only Scan using sbtest7_pkey on sbtest7  (cost=0.43..6.50 rows=103 width=4)
	  Index Cond: ((id >= 6073953) AND (id <= 6074053))

table 8 : explain SELECT id FROM sbtest8 WHERE id BETWEEN 6073953 AND 6074053
	Index Only Scan using sbtest8_pkey on sbtest8  (cost=0.43..6.58 rows=107 width=4)
	  Index Cond: ((id >= 6073953) AND (id <= 6074053))

explain: for range-covered :: explain SELECT id FROM sbtest%d WHERE id BETWEEN 3153883 AND 3153983
explain: for range-covered :: explain SELECT id FROM sbtest%d WHERE id BETWEEN 6073953 AND 6074053
for range-covered
table 1 : explain SELECT id FROM sbtest1 WHERE id BETWEEN 3617733 AND 3617833
	Index Only Scan using sbtest1_pkey on sbtest1  (cost=0.43..6.47 rows=102 width=4)
	  Index Cond: ((id >= 3617733) AND (id <= 3617833))

table 2 : explain SELECT id FROM sbtest2 WHERE id BETWEEN 3617733 AND 3617833
	Index Only Scan using sbtest2_pkey on sbtest2  (cost=0.43..6.32 rows=94 width=4)
	  Index Cond: ((id >= 3617733) AND (id <= 3617833))

table 3 : explain SELECT id FROM sbtest3 WHERE id BETWEEN 3617733 AND 3617833
	Index Only Scan using sbtest3_pkey on sbtest3  (cost=0.43..10.54 rows=105 width=4)
	  Index Cond: ((id >= 3617733) AND (id <= 3617833))

table 4 : explain SELECT id FROM sbtest4 WHERE id BETWEEN 3617733 AND 3617833
	Index Only Scan using sbtest4_pkey on sbtest4  (cost=0.43..6.58 rows=107 width=4)
	  Index Cond: ((id >= 3617733) AND (id <= 3617833))

table 5 : explain SELECT id FROM sbtest5 WHERE id BETWEEN 3617733 AND 3617833
	Index Only Scan using sbtest5_pkey on sbtest5  (cost=0.43..6.47 rows=102 width=4)
	  Index Cond: ((id >= 3617733) AND (id <= 3617833))

table 6 : explain SELECT id FROM sbtest6 WHERE id BETWEEN 3617733 AND 3617833
	Index Only Scan using sbtest6_pkey on sbtest6  (cost=0.43..6.33 rows=95 width=4)
	  Index Cond: ((id >= 3617733) AND (id <= 3617833))

table 7 : explain SELECT id FROM sbtest7 WHERE id BETWEEN 3617733 AND 3617833
	Index Only Scan using sbtest7_pkey on sbtest7  (cost=0.43..6.56 rows=106 width=4)
	  Index Cond: ((id >= 3617733) AND (id <= 3617833))

table 8 : explain SELECT id FROM sbtest8 WHERE id BETWEEN 3617733 AND 3617833
	Index Only Scan using sbtest8_pkey on sbtest8  (cost=0.43..6.43 rows=100 width=4)
	  Index Cond: ((id >= 3617733) AND (id <= 3617833))

explain: for range-covered :: explain SELECT id FROM sbtest%d WHERE id BETWEEN 3617733 AND 3617833
for range-covered
table 1 : explain SELECT id FROM sbtest1 WHERE id BETWEEN 7737621 AND 7737721
	Index Only Scan using sbtest1_pkey on sbtest1  (cost=0.43..6.27 rows=92 width=4)
	  Index Cond: ((id >= 7737621) AND (id <= 7737721))

table 2 : explain SELECT id FROM sbtest2 WHERE id BETWEEN 7737621 AND 7737721
	Index Only Scan using sbtest2_pkey on sbtest2  (cost=0.43..6.53 rows=105 width=4)
	  Index Cond: ((id >= 7737621) AND (id <= 7737721))

table 3 : explain SELECT id FROM sbtest3 WHERE id BETWEEN 7737621 AND 7737721
	Index Only Scan using sbtest3_pkey on sbtest3  (cost=0.43..10.58 rows=107 width=4)
	  Index Cond: ((id >= 7737621) AND (id <= 7737721))

table 4 : explain SELECT id FROM sbtest4 WHERE id BETWEEN 7737621 AND 7737721
	Index Only Scan using sbtest4_pkey on sbtest4  (cost=0.43..6.29 rows=93 width=4)
	  Index Cond: ((id >= 7737621) AND (id <= 7737721))

table 5 : explain SELECT id FROM sbtest5 WHERE id BETWEEN 7737621 AND 7737721
	Index Only Scan using sbtest5_pkey on sbtest5  (cost=0.43..6.33 rows=95 width=4)
	  Index Cond: ((id >= 7737621) AND (id <= 7737721))

table 6 : explain SELECT id FROM sbtest6 WHERE id BETWEEN 7737621 AND 7737721
	Index Only Scan using sbtest6_pkey on sbtest6  (cost=0.43..6.35 rows=96 width=4)
	  Index Cond: ((id >= 7737621) AND (id <= 7737721))

table 7 : explain SELECT id FROM sbtest7 WHERE id BETWEEN 7737621 AND 7737721
	Index Only Scan using sbtest7_pkey on sbtest7  (cost=0.43..6.43 rows=100 width=4)
	  Index Cond: ((id >= 7737621) AND (id <= 7737721))

table 8 : explain SELECT id FROM sbtest8 WHERE id BETWEEN 7737621 AND 7737721
	Index Only Scan using sbtest8_pkey on sbtest8  (cost=0.43..6.58 rows=107 width=4)
	  Index Cond: ((id >= 7737621) AND (id <= 7737721))

explain: for range-covered :: explain SELECT id FROM sbtest%d WHERE id BETWEEN 7737621 AND 7737721
for range-covered
table 1 : explain SELECT id FROM sbtest1 WHERE id BETWEEN 6073953 AND 6074053
	Index Only Scan using sbtest1_pkey on sbtest1  (cost=0.43..6.29 rows=93 width=4)
	  Index Cond: ((id >= 6073953) AND (id <= 6074053))

table 2 : explain SELECT id FROM sbtest2 WHERE id BETWEEN 6073953 AND 6074053
	Index Only Scan using sbtest2_pkey on sbtest2  (cost=0.43..6.45 rows=101 width=4)
	  Index Cond: ((id >= 6073953) AND (id <= 6074053))

table 3 : explain SELECT id FROM sbtest3 WHERE id BETWEEN 6073953 AND 6074053
	Index Only Scan using sbtest3_pkey on sbtest3  (cost=0.43..10.51 rows=104 width=4)
	  Index Cond: ((id >= 6073953) AND (id <= 6074053))

table 4 : explain SELECT id FROM sbtest4 WHERE id BETWEEN 6073953 AND 6074053
	Index Only Scan using sbtest4_pkey on sbtest4  (cost=0.43..6.47 rows=102 width=4)
	  Index Cond: ((id >= 6073953) AND (id <= 6074053))

table 5 : explain SELECT id FROM sbtest5 WHERE id BETWEEN 6073953 AND 6074053
	Index Only Scan using sbtest5_pkey on sbtest5  (cost=0.43..6.29 rows=93 width=4)
	  Index Cond: ((id >= 6073953) AND (id <= 6074053))

table 6 : explain SELECT id FROM sbtest6 WHERE id BETWEEN 6073953 AND 6074053
	Index Only Scan using sbtest6_pkey on sbtest6  (cost=0.43..6.40 rows=98 width=4)
	  Index Cond: ((id >= 6073953) AND (id <= 6074053))

table 7 : explain SELECT id FROM sbtest7 WHERE id BETWEEN 6073953 AND 6074053
	Index Only Scan using sbtest7_pkey on sbtest7  (cost=0.43..6.50 rows=103 width=4)
	  Index Cond: ((id >= 6073953) AND (id <= 6074053))

table 8 : explain SELECT id FROM sbtest8 WHERE id BETWEEN 6073953 AND 6074053
	Index Only Scan using sbtest8_pkey on sbtest8  (cost=0.43..6.58 rows=107 width=4)
	  Index Cond: ((id >= 6073953) AND (id <= 6074053))

for range-covered
table 1 : explain SELECT id FROM sbtest1 WHERE id BETWEEN 3153883 AND 3153983
	Index Only Scan using sbtest1_pkey on sbtest1  (cost=0.43..6.29 rows=93 width=4)
	  Index Cond: ((id >= 3153883) AND (id <= 3153983))

table 2 : explain SELECT id FROM sbtest2 WHERE id BETWEEN 3153883 AND 3153983
	Index Only Scan using sbtest2_pkey on sbtest2  (cost=0.43..6.45 rows=101 width=4)
	  Index Cond: ((id >= 3153883) AND (id <= 3153983))

table 3 : explain SELECT id FROM sbtest3 WHERE id BETWEEN 3153883 AND 3153983
	Index Only Scan using sbtest3_pkey on sbtest3  (cost=0.43..10.54 rows=105 width=4)
	  Index Cond: ((id >= 3153883) AND (id <= 3153983))

table 4 : explain SELECT id FROM sbtest4 WHERE id BETWEEN 3153883 AND 3153983
	Index Only Scan using sbtest4_pkey on sbtest4  (cost=0.43..6.51 rows=104 width=4)
	  Index Cond: ((id >= 3153883) AND (id <= 3153983))

table 5 : explain SELECT id FROM sbtest5 WHERE id BETWEEN 3153883 AND 3153983
	Index Only Scan using sbtest5_pkey on sbtest5  (cost=0.43..6.25 rows=91 width=4)
	  Index Cond: ((id >= 3153883) AND (id <= 3153983))

table 6 : explain SELECT id FROM sbtest6 WHERE id BETWEEN 3153883 AND 3153983
	Index Only Scan using sbtest6_pkey on sbtest6  (cost=0.43..6.45 rows=101 width=4)
	  Index Cond: ((id >= 3153883) AND (id <= 3153983))

table 7 : explain SELECT id FROM sbtest7 WHERE id BETWEEN 3153883 AND 3153983
	Index Only Scan using sbtest7_pkey on sbtest7  (cost=0.43..6.45 rows=101 width=4)
	  Index Cond: ((id >= 3153883) AND (id <= 3153983))

table 8 : explain SELECT id FROM sbtest8 WHERE id BETWEEN 3153883 AND 3153983
	Index Only Scan using sbtest8_pkey on sbtest8  (cost=0.43..6.33 rows=95 width=4)
	  Index Cond: ((id >= 3153883) AND (id <= 3153983))

explain: for range-covered :: explain SELECT id FROM sbtest%d WHERE id BETWEEN 6073953 AND 6074053
explain: for range-covered :: explain SELECT id FROM sbtest%d WHERE id BETWEEN 3153883 AND 3153983
for range-covered
table 1 : explain SELECT id FROM sbtest1 WHERE id BETWEEN 3617733 AND 3617833
	Index Only Scan using sbtest1_pkey on sbtest1  (cost=0.43..6.47 rows=102 width=4)
	  Index Cond: ((id >= 3617733) AND (id <= 3617833))

table 2 : explain SELECT id FROM sbtest2 WHERE id BETWEEN 3617733 AND 3617833
	Index Only Scan using sbtest2_pkey on sbtest2  (cost=0.43..6.32 rows=94 width=4)
	  Index Cond: ((id >= 3617733) AND (id <= 3617833))

table 3 : explain SELECT id FROM sbtest3 WHERE id BETWEEN 3617733 AND 3617833
	Index Only Scan using sbtest3_pkey on sbtest3  (cost=0.43..10.54 rows=105 width=4)
	  Index Cond: ((id >= 3617733) AND (id <= 3617833))

table 4 : explain SELECT id FROM sbtest4 WHERE id BETWEEN 3617733 AND 3617833
	Index Only Scan using sbtest4_pkey on sbtest4  (cost=0.43..6.58 rows=107 width=4)
	  Index Cond: ((id >= 3617733) AND (id <= 3617833))

table 5 : explain SELECT id FROM sbtest5 WHERE id BETWEEN 3617733 AND 3617833
	Index Only Scan using sbtest5_pkey on sbtest5  (cost=0.43..6.47 rows=102 width=4)
	  Index Cond: ((id >= 3617733) AND (id <= 3617833))

table 6 : explain SELECT id FROM sbtest6 WHERE id BETWEEN 3617733 AND 3617833
	Index Only Scan using sbtest6_pkey on sbtest6  (cost=0.43..6.33 rows=95 width=4)
	  Index Cond: ((id >= 3617733) AND (id <= 3617833))

table 7 : explain SELECT id FROM sbtest7 WHERE id BETWEEN 3617733 AND 3617833
	Index Only Scan using sbtest7_pkey on sbtest7  (cost=0.43..6.56 rows=106 width=4)
	  Index Cond: ((id >= 3617733) AND (id <= 3617833))

table 8 : explain SELECT id FROM sbtest8 WHERE id BETWEEN 3617733 AND 3617833
	Index Only Scan using sbtest8_pkey on sbtest8  (cost=0.43..6.43 rows=100 width=4)
	  Index Cond: ((id >= 3617733) AND (id <= 3617833))

for range-covered
table 1 : explain SELECT id FROM sbtest1 WHERE id BETWEEN 7737621 AND 7737721
	Index Only Scan using sbtest1_pkey on sbtest1  (cost=0.43..6.27 rows=92 width=4)
	  Index Cond: ((id >= 7737621) AND (id <= 7737721))

table 2 : explain SELECT id FROM sbtest2 WHERE id BETWEEN 7737621 AND 7737721
	Index Only Scan using sbtest2_pkey on sbtest2  (cost=0.43..6.53 rows=105 width=4)
	  Index Cond: ((id >= 7737621) AND (id <= 7737721))

table 3 : explain SELECT id FROM sbtest3 WHERE id BETWEEN 7737621 AND 7737721
	Index Only Scan using sbtest3_pkey on sbtest3  (cost=0.43..10.58 rows=107 width=4)
	  Index Cond: ((id >= 7737621) AND (id <= 7737721))

table 4 : explain SELECT id FROM sbtest4 WHERE id BETWEEN 7737621 AND 7737721
	Index Only Scan using sbtest4_pkey on sbtest4  (cost=0.43..6.29 rows=93 width=4)
	  Index Cond: ((id >= 7737621) AND (id <= 7737721))

table 5 : explain SELECT id FROM sbtest5 WHERE id BETWEEN 7737621 AND 7737721
	Index Only Scan using sbtest5_pkey on sbtest5  (cost=0.43..6.33 rows=95 width=4)
	  Index Cond: ((id >= 7737621) AND (id <= 7737721))

table 6 : explain SELECT id FROM sbtest6 WHERE id BETWEEN 7737621 AND 7737721
	Index Only Scan using sbtest6_pkey on sbtest6  (cost=0.43..6.35 rows=96 width=4)
	  Index Cond: ((id >= 7737621) AND (id <= 7737721))

table 7 : explain SELECT id FROM sbtest7 WHERE id BETWEEN 7737621 AND 7737721
	Index Only Scan using sbtest7_pkey on sbtest7  (cost=0.43..6.43 rows=100 width=4)
	  Index Cond: ((id >= 7737621) AND (id <= 7737721))

table 8 : explain SELECT id FROM sbtest8 WHERE id BETWEEN 7737621 AND 7737721
	Index Only Scan using sbtest8_pkey on sbtest8  (cost=0.43..6.58 rows=107 width=4)
	  Index Cond: ((id >= 7737621) AND (id <= 7737721))

explain: for range-covered :: explain SELECT id FROM sbtest%d WHERE id BETWEEN 7737621 AND 7737721
explain: for range-covered :: explain SELECT id FROM sbtest%d WHERE id BETWEEN 1083950 AND 1084050
for range-covered
table 1 : explain SELECT id FROM sbtest1 WHERE id BETWEEN 3153883 AND 3153983
	Index Only Scan using sbtest1_pkey on sbtest1  (cost=0.43..6.29 rows=93 width=4)
	  Index Cond: ((id >= 3153883) AND (id <= 3153983))

table 2 : explain SELECT id FROM sbtest2 WHERE id BETWEEN 3153883 AND 3153983
	Index Only Scan using sbtest2_pkey on sbtest2  (cost=0.43..6.45 rows=101 width=4)
	  Index Cond: ((id >= 3153883) AND (id <= 3153983))

table 3 : explain SELECT id FROM sbtest3 WHERE id BETWEEN 3153883 AND 3153983
	Index Only Scan using sbtest3_pkey on sbtest3  (cost=0.43..10.54 rows=105 width=4)
	  Index Cond: ((id >= 3153883) AND (id <= 3153983))

table 4 : explain SELECT id FROM sbtest4 WHERE id BETWEEN 3153883 AND 3153983
	Index Only Scan using sbtest4_pkey on sbtest4  (cost=0.43..6.51 rows=104 width=4)
	  Index Cond: ((id >= 3153883) AND (id <= 3153983))

table 5 : explain SELECT id FROM sbtest5 WHERE id BETWEEN 3153883 AND 3153983
	Index Only Scan using sbtest5_pkey on sbtest5  (cost=0.43..6.25 rows=91 width=4)
	  Index Cond: ((id >= 3153883) AND (id <= 3153983))

table 6 : explain SELECT id FROM sbtest6 WHERE id BETWEEN 3153883 AND 3153983
	Index Only Scan using sbtest6_pkey on sbtest6  (cost=0.43..6.45 rows=101 width=4)
	  Index Cond: ((id >= 3153883) AND (id <= 3153983))

table 7 : explain SELECT id FROM sbtest7 WHERE id BETWEEN 3153883 AND 3153983
	Index Only Scan using sbtest7_pkey on sbtest7  (cost=0.43..6.45 rows=101 width=4)
	  Index Cond: ((id >= 3153883) AND (id <= 3153983))

table 8 : explain SELECT id FROM sbtest8 WHERE id BETWEEN 3153883 AND 3153983
	Index Only Scan using sbtest8_pkey on sbtest8  (cost=0.43..6.33 rows=95 width=4)
	  Index Cond: ((id >= 3153883) AND (id <= 3153983))

for range-covered
table 1 : explain SELECT id FROM sbtest1 WHERE id BETWEEN 6073953 AND 6074053
	Index Only Scan using sbtest1_pkey on sbtest1  (cost=0.43..6.29 rows=93 width=4)
	  Index Cond: ((id >= 6073953) AND (id <= 6074053))

table 2 : explain SELECT id FROM sbtest2 WHERE id BETWEEN 6073953 AND 6074053
	Index Only Scan using sbtest2_pkey on sbtest2  (cost=0.43..6.45 rows=101 width=4)
	  Index Cond: ((id >= 6073953) AND (id <= 6074053))

table 3 : explain SELECT id FROM sbtest3 WHERE id BETWEEN 6073953 AND 6074053
	Index Only Scan using sbtest3_pkey on sbtest3  (cost=0.43..10.51 rows=104 width=4)
	  Index Cond: ((id >= 6073953) AND (id <= 6074053))

table 4 : explain SELECT id FROM sbtest4 WHERE id BETWEEN 6073953 AND 6074053
	Index Only Scan using sbtest4_pkey on sbtest4  (cost=0.43..6.47 rows=102 width=4)
	  Index Cond: ((id >= 6073953) AND (id <= 6074053))

table 5 : explain SELECT id FROM sbtest5 WHERE id BETWEEN 6073953 AND 6074053
	Index Only Scan using sbtest5_pkey on sbtest5  (cost=0.43..6.29 rows=93 width=4)
	  Index Cond: ((id >= 6073953) AND (id <= 6074053))

table 6 : explain SELECT id FROM sbtest6 WHERE id BETWEEN 6073953 AND 6074053
	Index Only Scan using sbtest6_pkey on sbtest6  (cost=0.43..6.40 rows=98 width=4)
	  Index Cond: ((id >= 6073953) AND (id <= 6074053))

table 7 : explain SELECT id FROM sbtest7 WHERE id BETWEEN 6073953 AND 6074053
	Index Only Scan using sbtest7_pkey on sbtest7  (cost=0.43..6.50 rows=103 width=4)
	  Index Cond: ((id >= 6073953) AND (id <= 6074053))

table 8 : explain SELECT id FROM sbtest8 WHERE id BETWEEN 6073953 AND 6074053
	Index Only Scan using sbtest8_pkey on sbtest8  (cost=0.43..6.58 rows=107 width=4)
	  Index Cond: ((id >= 6073953) AND (id <= 6074053))

explain: for range-covered :: explain SELECT id FROM sbtest%d WHERE id BETWEEN 3153883 AND 3153983
explain: for range-covered :: explain SELECT id FROM sbtest%d WHERE id BETWEEN 6073953 AND 6074053
for range-covered
table 1 : explain SELECT id FROM sbtest1 WHERE id BETWEEN 7737621 AND 7737721
	Index Only Scan using sbtest1_pkey on sbtest1  (cost=0.43..6.27 rows=92 width=4)
	  Index Cond: ((id >= 7737621) AND (id <= 7737721))

table 2 : explain SELECT id FROM sbtest2 WHERE id BETWEEN 7737621 AND 7737721
	Index Only Scan using sbtest2_pkey on sbtest2  (cost=0.43..6.53 rows=105 width=4)
	  Index Cond: ((id >= 7737621) AND (id <= 7737721))

table 3 : explain SELECT id FROM sbtest3 WHERE id BETWEEN 7737621 AND 7737721
	Index Only Scan using sbtest3_pkey on sbtest3  (cost=0.43..10.58 rows=107 width=4)
	  Index Cond: ((id >= 7737621) AND (id <= 7737721))

table 4 : explain SELECT id FROM sbtest4 WHERE id BETWEEN 7737621 AND 7737721
	Index Only Scan using sbtest4_pkey on sbtest4  (cost=0.43..6.29 rows=93 width=4)
	  Index Cond: ((id >= 7737621) AND (id <= 7737721))

table 5 : explain SELECT id FROM sbtest5 WHERE id BETWEEN 7737621 AND 7737721
	Index Only Scan using sbtest5_pkey on sbtest5  (cost=0.43..6.33 rows=95 width=4)
	  Index Cond: ((id >= 7737621) AND (id <= 7737721))

table 6 : explain SELECT id FROM sbtest6 WHERE id BETWEEN 7737621 AND 7737721
	Index Only Scan using sbtest6_pkey on sbtest6  (cost=0.43..6.35 rows=96 width=4)
	  Index Cond: ((id >= 7737621) AND (id <= 7737721))

table 7 : explain SELECT id FROM sbtest7 WHERE id BETWEEN 7737621 AND 7737721
	Index Only Scan using sbtest7_pkey on sbtest7  (cost=0.43..6.43 rows=100 width=4)
	  Index Cond: ((id >= 7737621) AND (id <= 7737721))

table 8 : explain SELECT id FROM sbtest8 WHERE id BETWEEN 7737621 AND 7737721
	Index Only Scan using sbtest8_pkey on sbtest8  (cost=0.43..6.58 rows=107 width=4)
	  Index Cond: ((id >= 7737621) AND (id <= 7737721))

explain: for range-covered :: explain SELECT id FROM sbtest%d WHERE id BETWEEN 3307762 AND 3307862
explain: for range-covered :: explain SELECT id FROM sbtest%d WHERE id BETWEEN 7737621 AND 7737721
for range-covered
table 1 : explain SELECT id FROM sbtest1 WHERE id BETWEEN 6073953 AND 6074053
	Index Only Scan using sbtest1_pkey on sbtest1  (cost=0.43..6.29 rows=93 width=4)
	  Index Cond: ((id >= 6073953) AND (id <= 6074053))

table 2 : explain SELECT id FROM sbtest2 WHERE id BETWEEN 6073953 AND 6074053
	Index Only Scan using sbtest2_pkey on sbtest2  (cost=0.43..6.45 rows=101 width=4)
	  Index Cond: ((id >= 6073953) AND (id <= 6074053))

table 3 : explain SELECT id FROM sbtest3 WHERE id BETWEEN 6073953 AND 6074053
	Index Only Scan using sbtest3_pkey on sbtest3  (cost=0.43..10.51 rows=104 width=4)
	  Index Cond: ((id >= 6073953) AND (id <= 6074053))

table 4 : explain SELECT id FROM sbtest4 WHERE id BETWEEN 6073953 AND 6074053
	Index Only Scan using sbtest4_pkey on sbtest4  (cost=0.43..6.47 rows=102 width=4)
	  Index Cond: ((id >= 6073953) AND (id <= 6074053))

table 5 : explain SELECT id FROM sbtest5 WHERE id BETWEEN 6073953 AND 6074053
	Index Only Scan using sbtest5_pkey on sbtest5  (cost=0.43..6.29 rows=93 width=4)
	  Index Cond: ((id >= 6073953) AND (id <= 6074053))

table 6 : explain SELECT id FROM sbtest6 WHERE id BETWEEN 6073953 AND 6074053
	Index Only Scan using sbtest6_pkey on sbtest6  (cost=0.43..6.40 rows=98 width=4)
	  Index Cond: ((id >= 6073953) AND (id <= 6074053))

table 7 : explain SELECT id FROM sbtest7 WHERE id BETWEEN 6073953 AND 6074053
	Index Only Scan using sbtest7_pkey on sbtest7  (cost=0.43..6.50 rows=103 width=4)
	  Index Cond: ((id >= 6073953) AND (id <= 6074053))

table 8 : explain SELECT id FROM sbtest8 WHERE id BETWEEN 6073953 AND 6074053
	Index Only Scan using sbtest8_pkey on sbtest8  (cost=0.43..6.58 rows=107 width=4)
	  Index Cond: ((id >= 6073953) AND (id <= 6074053))

for range-covered
table 1 : explain SELECT id FROM sbtest1 WHERE id BETWEEN 3153883 AND 3153983
	Index Only Scan using sbtest1_pkey on sbtest1  (cost=0.43..6.29 rows=93 width=4)
	  Index Cond: ((id >= 3153883) AND (id <= 3153983))

table 2 : explain SELECT id FROM sbtest2 WHERE id BETWEEN 3153883 AND 3153983
	Index Only Scan using sbtest2_pkey on sbtest2  (cost=0.43..6.45 rows=101 width=4)
	  Index Cond: ((id >= 3153883) AND (id <= 3153983))

table 3 : explain SELECT id FROM sbtest3 WHERE id BETWEEN 3153883 AND 3153983
	Index Only Scan using sbtest3_pkey on sbtest3  (cost=0.43..10.54 rows=105 width=4)
	  Index Cond: ((id >= 3153883) AND (id <= 3153983))

table 4 : explain SELECT id FROM sbtest4 WHERE id BETWEEN 3153883 AND 3153983
	Index Only Scan using sbtest4_pkey on sbtest4  (cost=0.43..6.51 rows=104 width=4)
	  Index Cond: ((id >= 3153883) AND (id <= 3153983))

table 5 : explain SELECT id FROM sbtest5 WHERE id BETWEEN 3153883 AND 3153983
	Index Only Scan using sbtest5_pkey on sbtest5  (cost=0.43..6.25 rows=91 width=4)
	  Index Cond: ((id >= 3153883) AND (id <= 3153983))

table 6 : explain SELECT id FROM sbtest6 WHERE id BETWEEN 3153883 AND 3153983
	Index Only Scan using sbtest6_pkey on sbtest6  (cost=0.43..6.45 rows=101 width=4)
	  Index Cond: ((id >= 3153883) AND (id <= 3153983))

table 7 : explain SELECT id FROM sbtest7 WHERE id BETWEEN 3153883 AND 3153983
	Index Only Scan using sbtest7_pkey on sbtest7  (cost=0.43..6.45 rows=101 width=4)
	  Index Cond: ((id >= 3153883) AND (id <= 3153983))

table 8 : explain SELECT id FROM sbtest8 WHERE id BETWEEN 3153883 AND 3153983
	Index Only Scan using sbtest8_pkey on sbtest8  (cost=0.43..6.33 rows=95 width=4)
	  Index Cond: ((id >= 3153883) AND (id <= 3153983))

explain: for range-covered :: explain SELECT id FROM sbtest%d WHERE id BETWEEN 3725481 AND 3725581
explain: for range-covered :: explain SELECT id FROM sbtest%d WHERE id BETWEEN 6073953 AND 6074053
explain: for range-covered :: explain SELECT id FROM sbtest%d WHERE id BETWEEN 3153883 AND 3153983
explain: for range-covered :: explain SELECT id FROM sbtest%d WHERE id BETWEEN 3617733 AND 3617833
for range-covered
table 1 : explain SELECT id FROM sbtest1 WHERE id BETWEEN 6454725 AND 6454825
	Index Only Scan using sbtest1_pkey on sbtest1  (cost=0.43..6.56 rows=106 width=4)
	  Index Cond: ((id >= 6454725) AND (id <= 6454825))

table 2 : explain SELECT id FROM sbtest2 WHERE id BETWEEN 6454725 AND 6454825
	Index Only Scan using sbtest2_pkey on sbtest2  (cost=0.43..6.61 rows=109 width=4)
	  Index Cond: ((id >= 6454725) AND (id <= 6454825))

table 3 : explain SELECT id FROM sbtest3 WHERE id BETWEEN 6454725 AND 6454825
	Index Only Scan using sbtest3_pkey on sbtest3  (cost=0.43..10.42 rows=99 width=4)
	  Index Cond: ((id >= 6454725) AND (id <= 6454825))

table 4 : explain SELECT id FROM sbtest4 WHERE id BETWEEN 6454725 AND 6454825
	Index Only Scan using sbtest4_pkey on sbtest4  (cost=0.43..6.63 rows=110 width=4)
	  Index Cond: ((id >= 6454725) AND (id <= 6454825))

table 5 : explain SELECT id FROM sbtest5 WHERE id BETWEEN 6454725 AND 6454825
	Index Only Scan using sbtest5_pkey on sbtest5  (cost=0.43..6.42 rows=99 width=4)
	  Index Cond: ((id >= 6454725) AND (id <= 6454825))

table 6 : explain SELECT id FROM sbtest6 WHERE id BETWEEN 6454725 AND 6454825
	Index Only Scan using sbtest6_pkey on sbtest6  (cost=0.43..6.59 rows=108 width=4)
	  Index Cond: ((id >= 6454725) AND (id <= 6454825))

table 7 : explain SELECT id FROM sbtest7 WHERE id BETWEEN 6454725 AND 6454825
	Index Only Scan using sbtest7_pkey on sbtest7  (cost=0.43..6.53 rows=105 width=4)
	  Index Cond: ((id >= 6454725) AND (id <= 6454825))

table 8 : explain SELECT id FROM sbtest8 WHERE id BETWEEN 6454725 AND 6454825
	Index Only Scan using sbtest8_pkey on sbtest8  (cost=0.43..6.42 rows=99 width=4)
	  Index Cond: ((id >= 6454725) AND (id <= 6454825))

explain: for range-covered :: explain SELECT id FROM sbtest%d WHERE id BETWEEN 6454725 AND 6454825
for range-covered
table 1 : explain SELECT id FROM sbtest1 WHERE id BETWEEN 6276650 AND 6276750
	Index Only Scan using sbtest1_pkey on sbtest1  (cost=0.43..6.33 rows=95 width=4)
	  Index Cond: ((id >= 6276650) AND (id <= 6276750))

table 2 : explain SELECT id FROM sbtest2 WHERE id BETWEEN 6276650 AND 6276750
	Index Only Scan using sbtest2_pkey on sbtest2  (cost=0.43..6.47 rows=102 width=4)
	  Index Cond: ((id >= 6276650) AND (id <= 6276750))

table 3 : explain SELECT id FROM sbtest3 WHERE id BETWEEN 6276650 AND 6276750
	Index Only Scan using sbtest3_pkey on sbtest3  (cost=0.43..10.28 rows=92 width=4)
	  Index Cond: ((id >= 6276650) AND (id <= 6276750))

table 4 : explain SELECT id FROM sbtest4 WHERE id BETWEEN 6276650 AND 6276750
	Index Only Scan using sbtest4_pkey on sbtest4  (cost=0.43..6.35 rows=96 width=4)
	  Index Cond: ((id >= 6276650) AND (id <= 6276750))

table 5 : explain SELECT id FROM sbtest5 WHERE id BETWEEN 6276650 AND 6276750
	Index Only Scan using sbtest5_pkey on sbtest5  (cost=0.43..6.63 rows=110 width=4)
	  Index Cond: ((id >= 6276650) AND (id <= 6276750))

table 6 : explain SELECT id FROM sbtest6 WHERE id BETWEEN 6276650 AND 6276750
	Index Only Scan using sbtest6_pkey on sbtest6  (cost=0.43..6.59 rows=108 width=4)
	  Index Cond: ((id >= 6276650) AND (id <= 6276750))

table 7 : explain SELECT id FROM sbtest7 WHERE id BETWEEN 6276650 AND 6276750
	Index Only Scan using sbtest7_pkey on sbtest7  (cost=0.43..6.51 rows=104 width=4)
	  Index Cond: ((id >= 6276650) AND (id <= 6276750))

table 8 : explain SELECT id FROM sbtest8 WHERE id BETWEEN 6276650 AND 6276750
	Index Only Scan using sbtest8_pkey on sbtest8  (cost=0.43..6.33 rows=95 width=4)
	  Index Cond: ((id >= 6276650) AND (id <= 6276750))

explain: for range-covered :: explain SELECT id FROM sbtest%d WHERE id BETWEEN 6276650 AND 6276750
for range-covered
table 1 : explain SELECT id FROM sbtest1 WHERE id BETWEEN 9819821 AND 9819921
	Index Only Scan using sbtest1_pkey on sbtest1  (cost=0.43..6.35 rows=96 width=4)
	  Index Cond: ((id >= 9819821) AND (id <= 9819921))

table 2 : explain SELECT id FROM sbtest2 WHERE id BETWEEN 9819821 AND 9819921
	Index Only Scan using sbtest2_pkey on sbtest2  (cost=0.43..6.32 rows=94 width=4)
	  Index Cond: ((id >= 9819821) AND (id <= 9819921))

table 3 : explain SELECT id FROM sbtest3 WHERE id BETWEEN 9819821 AND 9819921
	Index Only Scan using sbtest3_pkey on sbtest3  (cost=0.43..10.56 rows=106 width=4)
	  Index Cond: ((id >= 9819821) AND (id <= 9819921))

table 4 : explain SELECT id FROM sbtest4 WHERE id BETWEEN 9819821 AND 9819921
	Index Only Scan using sbtest4_pkey on sbtest4  (cost=0.43..6.50 rows=103 width=4)
	  Index Cond: ((id >= 9819821) AND (id <= 9819921))

table 5 : explain SELECT id FROM sbtest5 WHERE id BETWEEN 9819821 AND 9819921
	Index Only Scan using sbtest5_pkey on sbtest5  (cost=0.43..6.58 rows=107 width=4)
	  Index Cond: ((id >= 9819821) AND (id <= 9819921))

table 6 : explain SELECT id FROM sbtest6 WHERE id BETWEEN 9819821 AND 9819921
	Index Only Scan using sbtest6_pkey on sbtest6  (cost=0.43..6.27 rows=92 width=4)
	  Index Cond: ((id >= 9819821) AND (id <= 9819921))

table 7 : explain SELECT id FROM sbtest7 WHERE id BETWEEN 9819821 AND 9819921
	Index Only Scan using sbtest7_pkey on sbtest7  (cost=0.43..6.47 rows=102 width=4)
	  Index Cond: ((id >= 9819821) AND (id <= 9819921))

table 8 : explain SELECT id FROM sbtest8 WHERE id BETWEEN 9819821 AND 9819921
	Index Only Scan using sbtest8_pkey on sbtest8  (cost=0.43..6.40 rows=98 width=4)
	  Index Cond: ((id >= 9819821) AND (id <= 9819921))

for range-covered
table 1 : explain SELECT id FROM sbtest1 WHERE id BETWEEN 3617733 AND 3617833
	Index Only Scan using sbtest1_pkey on sbtest1  (cost=0.43..6.47 rows=102 width=4)
	  Index Cond: ((id >= 3617733) AND (id <= 3617833))

table 2 : explain SELECT id FROM sbtest2 WHERE id BETWEEN 3617733 AND 3617833
	Index Only Scan using sbtest2_pkey on sbtest2  (cost=0.43..6.32 rows=94 width=4)
	  Index Cond: ((id >= 3617733) AND (id <= 3617833))

table 3 : explain SELECT id FROM sbtest3 WHERE id BETWEEN 3617733 AND 3617833
	Index Only Scan using sbtest3_pkey on sbtest3  (cost=0.43..10.54 rows=105 width=4)
	  Index Cond: ((id >= 3617733) AND (id <= 3617833))

table 4 : explain SELECT id FROM sbtest4 WHERE id BETWEEN 3617733 AND 3617833
	Index Only Scan using sbtest4_pkey on sbtest4  (cost=0.43..6.58 rows=107 width=4)
	  Index Cond: ((id >= 3617733) AND (id <= 3617833))

table 5 : explain SELECT id FROM sbtest5 WHERE id BETWEEN 3617733 AND 3617833
	Index Only Scan using sbtest5_pkey on sbtest5  (cost=0.43..6.47 rows=102 width=4)
	  Index Cond: ((id >= 3617733) AND (id <= 3617833))

table 6 : explain SELECT id FROM sbtest6 WHERE id BETWEEN 3617733 AND 3617833
	Index Only Scan using sbtest6_pkey on sbtest6  (cost=0.43..6.33 rows=95 width=4)
	  Index Cond: ((id >= 3617733) AND (id <= 3617833))

table 7 : explain SELECT id FROM sbtest7 WHERE id BETWEEN 3617733 AND 3617833
	Index Only Scan using sbtest7_pkey on sbtest7  (cost=0.43..6.56 rows=106 width=4)
	  Index Cond: ((id >= 3617733) AND (id <= 3617833))

table 8 : explain SELECT id FROM sbtest8 WHERE id BETWEEN 3617733 AND 3617833
	Index Only Scan using sbtest8_pkey on sbtest8  (cost=0.43..6.43 rows=100 width=4)
	  Index Cond: ((id >= 3617733) AND (id <= 3617833))

explain: for range-covered :: explain SELECT id FROM sbtest%d WHERE id BETWEEN 3617733 AND 3617833
for range-covered
table 1 : explain SELECT id FROM sbtest1 WHERE id BETWEEN 3153883 AND 3153983
	Index Only Scan using sbtest1_pkey on sbtest1  (cost=0.43..6.29 rows=93 width=4)
	  Index Cond: ((id >= 3153883) AND (id <= 3153983))

table 2 : explain SELECT id FROM sbtest2 WHERE id BETWEEN 3153883 AND 3153983
	Index Only Scan using sbtest2_pkey on sbtest2  (cost=0.43..6.45 rows=101 width=4)
	  Index Cond: ((id >= 3153883) AND (id <= 3153983))

table 3 : explain SELECT id FROM sbtest3 WHERE id BETWEEN 3153883 AND 3153983
	Index Only Scan using sbtest3_pkey on sbtest3  (cost=0.43..10.54 rows=105 width=4)
	  Index Cond: ((id >= 3153883) AND (id <= 3153983))

table 4 : explain SELECT id FROM sbtest4 WHERE id BETWEEN 3153883 AND 3153983
	Index Only Scan using sbtest4_pkey on sbtest4  (cost=0.43..6.51 rows=104 width=4)
	  Index Cond: ((id >= 3153883) AND (id <= 3153983))

table 5 : explain SELECT id FROM sbtest5 WHERE id BETWEEN 3153883 AND 3153983
	Index Only Scan using sbtest5_pkey on sbtest5  (cost=0.43..6.25 rows=91 width=4)
	  Index Cond: ((id >= 3153883) AND (id <= 3153983))

table 6 : explain SELECT id FROM sbtest6 WHERE id BETWEEN 3153883 AND 3153983
	Index Only Scan using sbtest6_pkey on sbtest6  (cost=0.43..6.45 rows=101 width=4)
	  Index Cond: ((id >= 3153883) AND (id <= 3153983))

table 7 : explain SELECT id FROM sbtest7 WHERE id BETWEEN 3153883 AND 3153983
	Index Only Scan using sbtest7_pkey on sbtest7  (cost=0.43..6.45 rows=101 width=4)
	  Index Cond: ((id >= 3153883) AND (id <= 3153983))

table 8 : explain SELECT id FROM sbtest8 WHERE id BETWEEN 3153883 AND 3153983
	Index Only Scan using sbtest8_pkey on sbtest8  (cost=0.43..6.33 rows=95 width=4)
	  Index Cond: ((id >= 3153883) AND (id <= 3153983))

explain: for range-covered :: explain SELECT id FROM sbtest%d WHERE id BETWEEN 3153883 AND 3153983
for range-covered
table 1 : explain SELECT id FROM sbtest1 WHERE id BETWEEN 7737621 AND 7737721
	Index Only Scan using sbtest1_pkey on sbtest1  (cost=0.43..6.27 rows=92 width=4)
	  Index Cond: ((id >= 7737621) AND (id <= 7737721))

table 2 : explain SELECT id FROM sbtest2 WHERE id BETWEEN 7737621 AND 7737721
	Index Only Scan using sbtest2_pkey on sbtest2  (cost=0.43..6.53 rows=105 width=4)
	  Index Cond: ((id >= 7737621) AND (id <= 7737721))

table 3 : explain SELECT id FROM sbtest3 WHERE id BETWEEN 7737621 AND 7737721
	Index Only Scan using sbtest3_pkey on sbtest3  (cost=0.43..10.58 rows=107 width=4)
	  Index Cond: ((id >= 7737621) AND (id <= 7737721))

table 4 : explain SELECT id FROM sbtest4 WHERE id BETWEEN 7737621 AND 7737721
	Index Only Scan using sbtest4_pkey on sbtest4  (cost=0.43..6.29 rows=93 width=4)
	  Index Cond: ((id >= 7737621) AND (id <= 7737721))

table 5 : explain SELECT id FROM sbtest5 WHERE id BETWEEN 7737621 AND 7737721
	Index Only Scan using sbtest5_pkey on sbtest5  (cost=0.43..6.33 rows=95 width=4)
	  Index Cond: ((id >= 7737621) AND (id <= 7737721))

table 6 : explain SELECT id FROM sbtest6 WHERE id BETWEEN 7737621 AND 7737721
	Index Only Scan using sbtest6_pkey on sbtest6  (cost=0.43..6.35 rows=96 width=4)
	  Index Cond: ((id >= 7737621) AND (id <= 7737721))

table 7 : explain SELECT id FROM sbtest7 WHERE id BETWEEN 7737621 AND 7737721
	Index Only Scan using sbtest7_pkey on sbtest7  (cost=0.43..6.43 rows=100 width=4)
	  Index Cond: ((id >= 7737621) AND (id <= 7737721))

table 8 : explain SELECT id FROM sbtest8 WHERE id BETWEEN 7737621 AND 7737721
	Index Only Scan using sbtest8_pkey on sbtest8  (cost=0.43..6.58 rows=107 width=4)
	  Index Cond: ((id >= 7737621) AND (id <= 7737721))

for range-covered
table 1 : explain SELECT id FROM sbtest1 WHERE id BETWEEN 6454725 AND 6454825
	Index Only Scan using sbtest1_pkey on sbtest1  (cost=0.43..6.56 rows=106 width=4)
	  Index Cond: ((id >= 6454725) AND (id <= 6454825))

table 2 : explain SELECT id FROM sbtest2 WHERE id BETWEEN 6454725 AND 6454825
	Index Only Scan using sbtest2_pkey on sbtest2  (cost=0.43..6.61 rows=109 width=4)
	  Index Cond: ((id >= 6454725) AND (id <= 6454825))

table 3 : explain SELECT id FROM sbtest3 WHERE id BETWEEN 6454725 AND 6454825
	Index Only Scan using sbtest3_pkey on sbtest3  (cost=0.43..10.42 rows=99 width=4)
	  Index Cond: ((id >= 6454725) AND (id <= 6454825))

table 4 : explain SELECT id FROM sbtest4 WHERE id BETWEEN 6454725 AND 6454825
	Index Only Scan using sbtest4_pkey on sbtest4  (cost=0.43..6.63 rows=110 width=4)
	  Index Cond: ((id >= 6454725) AND (id <= 6454825))

table 5 : explain SELECT id FROM sbtest5 WHERE id BETWEEN 6454725 AND 6454825
	Index Only Scan using sbtest5_pkey on sbtest5  (cost=0.43..6.42 rows=99 width=4)
	  Index Cond: ((id >= 6454725) AND (id <= 6454825))

table 6 : explain SELECT id FROM sbtest6 WHERE id BETWEEN 6454725 AND 6454825
	Index Only Scan using sbtest6_pkey on sbtest6  (cost=0.43..6.59 rows=108 width=4)
	  Index Cond: ((id >= 6454725) AND (id <= 6454825))

table 7 : explain SELECT id FROM sbtest7 WHERE id BETWEEN 6454725 AND 6454825
	Index Only Scan using sbtest7_pkey on sbtest7  (cost=0.43..6.53 rows=105 width=4)
	  Index Cond: ((id >= 6454725) AND (id <= 6454825))

table 8 : explain SELECT id FROM sbtest8 WHERE id BETWEEN 6454725 AND 6454825
	Index Only Scan using sbtest8_pkey on sbtest8  (cost=0.43..6.42 rows=99 width=4)
	  Index Cond: ((id >= 6454725) AND (id <= 6454825))

explain: for range-covered :: explain SELECT id FROM sbtest%d WHERE id BETWEEN 7737621 AND 7737721
explain: for range-covered :: explain SELECT id FROM sbtest%d WHERE id BETWEEN 6454725 AND 6454825
for range-covered
table 1 : explain SELECT id FROM sbtest1 WHERE id BETWEEN 6276650 AND 6276750
	Index Only Scan using sbtest1_pkey on sbtest1  (cost=0.43..6.33 rows=95 width=4)
	  Index Cond: ((id >= 6276650) AND (id <= 6276750))

table 2 : explain SELECT id FROM sbtest2 WHERE id BETWEEN 6276650 AND 6276750
	Index Only Scan using sbtest2_pkey on sbtest2  (cost=0.43..6.47 rows=102 width=4)
	  Index Cond: ((id >= 6276650) AND (id <= 6276750))

table 3 : explain SELECT id FROM sbtest3 WHERE id BETWEEN 6276650 AND 6276750
	Index Only Scan using sbtest3_pkey on sbtest3  (cost=0.43..10.28 rows=92 width=4)
	  Index Cond: ((id >= 6276650) AND (id <= 6276750))

table 4 : explain SELECT id FROM sbtest4 WHERE id BETWEEN 6276650 AND 6276750
	Index Only Scan using sbtest4_pkey on sbtest4  (cost=0.43..6.35 rows=96 width=4)
	  Index Cond: ((id >= 6276650) AND (id <= 6276750))

table 5 : explain SELECT id FROM sbtest5 WHERE id BETWEEN 6276650 AND 6276750
	Index Only Scan using sbtest5_pkey on sbtest5  (cost=0.43..6.63 rows=110 width=4)
	  Index Cond: ((id >= 6276650) AND (id <= 6276750))

table 6 : explain SELECT id FROM sbtest6 WHERE id BETWEEN 6276650 AND 6276750
	Index Only Scan using sbtest6_pkey on sbtest6  (cost=0.43..6.59 rows=108 width=4)
	  Index Cond: ((id >= 6276650) AND (id <= 6276750))

table 7 : explain SELECT id FROM sbtest7 WHERE id BETWEEN 6276650 AND 6276750
	Index Only Scan using sbtest7_pkey on sbtest7  (cost=0.43..6.51 rows=104 width=4)
	  Index Cond: ((id >= 6276650) AND (id <= 6276750))

table 8 : explain SELECT id FROM sbtest8 WHERE id BETWEEN 6276650 AND 6276750
	Index Only Scan using sbtest8_pkey on sbtest8  (cost=0.43..6.33 rows=95 width=4)
	  Index Cond: ((id >= 6276650) AND (id <= 6276750))

explain: for range-covered :: explain SELECT id FROM sbtest%d WHERE id BETWEEN 6276650 AND 6276750
for range-covered
table 1 : explain SELECT id FROM sbtest1 WHERE id BETWEEN 3617733 AND 3617833
	Index Only Scan using sbtest1_pkey on sbtest1  (cost=0.43..6.47 rows=102 width=4)
	  Index Cond: ((id >= 3617733) AND (id <= 3617833))

table 2 : explain SELECT id FROM sbtest2 WHERE id BETWEEN 3617733 AND 3617833
	Index Only Scan using sbtest2_pkey on sbtest2  (cost=0.43..6.32 rows=94 width=4)
	  Index Cond: ((id >= 3617733) AND (id <= 3617833))

table 3 : explain SELECT id FROM sbtest3 WHERE id BETWEEN 3617733 AND 3617833
	Index Only Scan using sbtest3_pkey on sbtest3  (cost=0.43..10.54 rows=105 width=4)
	  Index Cond: ((id >= 3617733) AND (id <= 3617833))

table 4 : explain SELECT id FROM sbtest4 WHERE id BETWEEN 3617733 AND 3617833
	Index Only Scan using sbtest4_pkey on sbtest4  (cost=0.43..6.58 rows=107 width=4)
	  Index Cond: ((id >= 3617733) AND (id <= 3617833))

table 5 : explain SELECT id FROM sbtest5 WHERE id BETWEEN 3617733 AND 3617833
	Index Only Scan using sbtest5_pkey on sbtest5  (cost=0.43..6.47 rows=102 width=4)
	  Index Cond: ((id >= 3617733) AND (id <= 3617833))

table 6 : explain SELECT id FROM sbtest6 WHERE id BETWEEN 3617733 AND 3617833
	Index Only Scan using sbtest6_pkey on sbtest6  (cost=0.43..6.33 rows=95 width=4)
	  Index Cond: ((id >= 3617733) AND (id <= 3617833))

table 7 : explain SELECT id FROM sbtest7 WHERE id BETWEEN 3617733 AND 3617833
	Index Only Scan using sbtest7_pkey on sbtest7  (cost=0.43..6.56 rows=106 width=4)
	  Index Cond: ((id >= 3617733) AND (id <= 3617833))

table 8 : explain SELECT id FROM sbtest8 WHERE id BETWEEN 3617733 AND 3617833
	Index Only Scan using sbtest8_pkey on sbtest8  (cost=0.43..6.43 rows=100 width=4)
	  Index Cond: ((id >= 3617733) AND (id <= 3617833))

explain: for range-covered :: explain SELECT id FROM sbtest%d WHERE id BETWEEN 3617733 AND 3617833
for range-covered
table 1 : explain SELECT id FROM sbtest1 WHERE id BETWEEN 3153883 AND 3153983
	Index Only Scan using sbtest1_pkey on sbtest1  (cost=0.43..6.29 rows=93 width=4)
	  Index Cond: ((id >= 3153883) AND (id <= 3153983))

table 2 : explain SELECT id FROM sbtest2 WHERE id BETWEEN 3153883 AND 3153983
	Index Only Scan using sbtest2_pkey on sbtest2  (cost=0.43..6.45 rows=101 width=4)
	  Index Cond: ((id >= 3153883) AND (id <= 3153983))

table 3 : explain SELECT id FROM sbtest3 WHERE id BETWEEN 3153883 AND 3153983
	Index Only Scan using sbtest3_pkey on sbtest3  (cost=0.43..10.54 rows=105 width=4)
	  Index Cond: ((id >= 3153883) AND (id <= 3153983))

table 4 : explain SELECT id FROM sbtest4 WHERE id BETWEEN 3153883 AND 3153983
	Index Only Scan using sbtest4_pkey on sbtest4  (cost=0.43..6.51 rows=104 width=4)
	  Index Cond: ((id >= 3153883) AND (id <= 3153983))

table 5 : explain SELECT id FROM sbtest5 WHERE id BETWEEN 3153883 AND 3153983
	Index Only Scan using sbtest5_pkey on sbtest5  (cost=0.43..6.25 rows=91 width=4)
	  Index Cond: ((id >= 3153883) AND (id <= 3153983))

table 6 : explain SELECT id FROM sbtest6 WHERE id BETWEEN 3153883 AND 3153983
	Index Only Scan using sbtest6_pkey on sbtest6  (cost=0.43..6.45 rows=101 width=4)
	  Index Cond: ((id >= 3153883) AND (id <= 3153983))

table 7 : explain SELECT id FROM sbtest7 WHERE id BETWEEN 3153883 AND 3153983
	Index Only Scan using sbtest7_pkey on sbtest7  (cost=0.43..6.45 rows=101 width=4)
	  Index Cond: ((id >= 3153883) AND (id <= 3153983))

table 8 : explain SELECT id FROM sbtest8 WHERE id BETWEEN 3153883 AND 3153983
	Index Only Scan using sbtest8_pkey on sbtest8  (cost=0.43..6.33 rows=95 width=4)
	  Index Cond: ((id >= 3153883) AND (id <= 3153983))
for range-covered
table 1 : explain SELECT id FROM sbtest1 WHERE id BETWEEN 6454725 AND 6454825
	Index Only Scan using sbtest1_pkey on sbtest1  (cost=0.43..6.56 rows=106 width=4)
	  Index Cond: ((id >= 6454725) AND (id <= 6454825))

table 2 : explain SELECT id FROM sbtest2 WHERE id BETWEEN 6454725 AND 6454825
	Index Only Scan using sbtest2_pkey on sbtest2  (cost=0.43..6.61 rows=109 width=4)
	  Index Cond: ((id >= 6454725) AND (id <= 6454825))

table 3 : explain SELECT id FROM sbtest3 WHERE id BETWEEN 6454725 AND 6454825
	Index Only Scan using sbtest3_pkey on sbtest3  (cost=0.43..10.42 rows=99 width=4)
	  Index Cond: ((id >= 6454725) AND (id <= 6454825))

table 4 : explain SELECT id FROM sbtest4 WHERE id BETWEEN 6454725 AND 6454825
	Index Only Scan using sbtest4_pkey on sbtest4  (cost=0.43..6.63 rows=110 width=4)
	  Index Cond: ((id >= 6454725) AND (id <= 6454825))

table 5 : explain SELECT id FROM sbtest5 WHERE id BETWEEN 6454725 AND 6454825
	Index Only Scan using sbtest5_pkey on sbtest5  (cost=0.43..6.42 rows=99 width=4)
	  Index Cond: ((id >= 6454725) AND (id <= 6454825))

table 6 : explain SELECT id FROM sbtest6 WHERE id BETWEEN 6454725 AND 6454825
	Index Only Scan using sbtest6_pkey on sbtest6  (cost=0.43..6.59 rows=108 width=4)
	  Index Cond: ((id >= 6454725) AND (id <= 6454825))

table 7 : explain SELECT id FROM sbtest7 WHERE id BETWEEN 6454725 AND 6454825
	Index Only Scan using sbtest7_pkey on sbtest7  (cost=0.43..6.53 rows=105 width=4)
	  Index Cond: ((id >= 6454725) AND (id <= 6454825))

table 8 : explain SELECT id FROM sbtest8 WHERE id BETWEEN 6454725 AND 6454825
	Index Only Scan using sbtest8_pkey on sbtest8  (cost=0.43..6.42 rows=99 width=4)
	  Index Cond: ((id >= 6454725) AND (id <= 6454825))


explain: for range-covered :: explain SELECT id FROM sbtest%d WHERE id BETWEEN 6454725 AND 6454825
for range-covered
table 1 : explain SELECT id FROM sbtest1 WHERE id BETWEEN 6276650 AND 6276750
	Index Only Scan using sbtest1_pkey on sbtest1  (cost=0.43..6.33 rows=95 width=4)
	  Index Cond: ((id >= 6276650) AND (id <= 6276750))

table 2 : explain SELECT id FROM sbtest2 WHERE id BETWEEN 6276650 AND 6276750
	Index Only Scan using sbtest2_pkey on sbtest2  (cost=0.43..6.47 rows=102 width=4)
	  Index Cond: ((id >= 6276650) AND (id <= 6276750))

table 3 : explain SELECT id FROM sbtest3 WHERE id BETWEEN 6276650 AND 6276750
	Index Only Scan using sbtest3_pkey on sbtest3  (cost=0.43..10.28 rows=92 width=4)
	  Index Cond: ((id >= 6276650) AND (id <= 6276750))

table 4 : explain SELECT id FROM sbtest4 WHERE id BETWEEN 6276650 AND 6276750
	Index Only Scan using sbtest4_pkey on sbtest4  (cost=0.43..6.35 rows=96 width=4)
	  Index Cond: ((id >= 6276650) AND (id <= 6276750))

table 5 : explain SELECT id FROM sbtest5 WHERE id BETWEEN 6276650 AND 6276750
	Index Only Scan using sbtest5_pkey on sbtest5  (cost=0.43..6.63 rows=110 width=4)
	  Index Cond: ((id >= 6276650) AND (id <= 6276750))

table 6 : explain SELECT id FROM sbtest6 WHERE id BETWEEN 6276650 AND 6276750
	Index Only Scan using sbtest6_pkey on sbtest6  (cost=0.43..6.59 rows=108 width=4)
	  Index Cond: ((id >= 6276650) AND (id <= 6276750))

table 7 : explain SELECT id FROM sbtest7 WHERE id BETWEEN 6276650 AND 6276750
	Index Only Scan using sbtest7_pkey on sbtest7  (cost=0.43..6.51 rows=104 width=4)
	  Index Cond: ((id >= 6276650) AND (id <= 6276750))

table 8 : explain SELECT id FROM sbtest8 WHERE id BETWEEN 6276650 AND 6276750
	Index Only Scan using sbtest8_pkey on sbtest8  (cost=0.43..6.33 rows=95 width=4)
	  Index Cond: ((id >= 6276650) AND (id <= 6276750))

explain: for range-covered :: explain SELECT id FROM sbtest%d WHERE id BETWEEN 6276650 AND 6276750
for range-covered
table 1 : explain SELECT id FROM sbtest1 WHERE id BETWEEN 3617733 AND 3617833
	Index Only Scan using sbtest1_pkey on sbtest1  (cost=0.43..6.47 rows=102 width=4)
	  Index Cond: ((id >= 3617733) AND (id <= 3617833))

table 2 : explain SELECT id FROM sbtest2 WHERE id BETWEEN 3617733 AND 3617833
	Index Only Scan using sbtest2_pkey on sbtest2  (cost=0.43..6.32 rows=94 width=4)
	  Index Cond: ((id >= 3617733) AND (id <= 3617833))

table 3 : explain SELECT id FROM sbtest3 WHERE id BETWEEN 3617733 AND 3617833
	Index Only Scan using sbtest3_pkey on sbtest3  (cost=0.43..10.54 rows=105 width=4)
	  Index Cond: ((id >= 3617733) AND (id <= 3617833))

table 4 : explain SELECT id FROM sbtest4 WHERE id BETWEEN 3617733 AND 3617833
	Index Only Scan using sbtest4_pkey on sbtest4  (cost=0.43..6.58 rows=107 width=4)
	  Index Cond: ((id >= 3617733) AND (id <= 3617833))

table 5 : explain SELECT id FROM sbtest5 WHERE id BETWEEN 3617733 AND 3617833
	Index Only Scan using sbtest5_pkey on sbtest5  (cost=0.43..6.47 rows=102 width=4)
	  Index Cond: ((id >= 3617733) AND (id <= 3617833))

table 6 : explain SELECT id FROM sbtest6 WHERE id BETWEEN 3617733 AND 3617833
	Index Only Scan using sbtest6_pkey on sbtest6  (cost=0.43..6.33 rows=95 width=4)
	  Index Cond: ((id >= 3617733) AND (id <= 3617833))

table 7 : explain SELECT id FROM sbtest7 WHERE id BETWEEN 3617733 AND 3617833
	Index Only Scan using sbtest7_pkey on sbtest7  (cost=0.43..6.56 rows=106 width=4)
	  Index Cond: ((id >= 3617733) AND (id <= 3617833))

table 8 : explain SELECT id FROM sbtest8 WHERE id BETWEEN 3617733 AND 3617833
	Index Only Scan using sbtest8_pkey on sbtest8  (cost=0.43..6.43 rows=100 width=4)
	  Index Cond: ((id >= 3617733) AND (id <= 3617833))

explain: for range-covered :: explain SELECT id FROM sbtest%d WHERE id BETWEEN 3617733 AND 3617833
for range-covered
table 1 : explain SELECT id FROM sbtest1 WHERE id BETWEEN 6454725 AND 6454825
	Index Only Scan using sbtest1_pkey on sbtest1  (cost=0.43..6.56 rows=106 width=4)
	  Index Cond: ((id >= 6454725) AND (id <= 6454825))

table 2 : explain SELECT id FROM sbtest2 WHERE id BETWEEN 6454725 AND 6454825
	Index Only Scan using sbtest2_pkey on sbtest2  (cost=0.43..6.61 rows=109 width=4)
	  Index Cond: ((id >= 6454725) AND (id <= 6454825))

table 3 : explain SELECT id FROM sbtest3 WHERE id BETWEEN 6454725 AND 6454825
	Index Only Scan using sbtest3_pkey on sbtest3  (cost=0.43..10.42 rows=99 width=4)
	  Index Cond: ((id >= 6454725) AND (id <= 6454825))

table 4 : explain SELECT id FROM sbtest4 WHERE id BETWEEN 6454725 AND 6454825
	Index Only Scan using sbtest4_pkey on sbtest4  (cost=0.43..6.63 rows=110 width=4)
	  Index Cond: ((id >= 6454725) AND (id <= 6454825))

table 5 : explain SELECT id FROM sbtest5 WHERE id BETWEEN 6454725 AND 6454825
	Index Only Scan using sbtest5_pkey on sbtest5  (cost=0.43..6.42 rows=99 width=4)
	  Index Cond: ((id >= 6454725) AND (id <= 6454825))

table 6 : explain SELECT id FROM sbtest6 WHERE id BETWEEN 6454725 AND 6454825
	Index Only Scan using sbtest6_pkey on sbtest6  (cost=0.43..6.59 rows=108 width=4)
	  Index Cond: ((id >= 6454725) AND (id <= 6454825))

table 7 : explain SELECT id FROM sbtest7 WHERE id BETWEEN 6454725 AND 6454825
	Index Only Scan using sbtest7_pkey on sbtest7  (cost=0.43..6.53 rows=105 width=4)
	  Index Cond: ((id >= 6454725) AND (id <= 6454825))

table 8 : explain SELECT id FROM sbtest8 WHERE id BETWEEN 6454725 AND 6454825
	Index Only Scan using sbtest8_pkey on sbtest8  (cost=0.43..6.42 rows=99 width=4)
	  Index Cond: ((id >= 6454725) AND (id <= 6454825))

explain: for range-covered :: explain SELECT id FROM sbtest%d WHERE id BETWEEN 6454725 AND 6454825
for range-covered
table 1 : explain SELECT id FROM sbtest1 WHERE id BETWEEN 1083950 AND 1084050
	Index Only Scan using sbtest1_pkey on sbtest1  (cost=0.43..6.35 rows=96 width=4)
	  Index Cond: ((id >= 1083950) AND (id <= 1084050))

table 2 : explain SELECT id FROM sbtest2 WHERE id BETWEEN 1083950 AND 1084050
	Index Only Scan using sbtest2_pkey on sbtest2  (cost=0.43..6.42 rows=99 width=4)
	  Index Cond: ((id >= 1083950) AND (id <= 1084050))

table 3 : explain SELECT id FROM sbtest3 WHERE id BETWEEN 1083950 AND 1084050
	Index Only Scan using sbtest3_pkey on sbtest3  (cost=0.43..10.42 rows=99 width=4)
	  Index Cond: ((id >= 1083950) AND (id <= 1084050))

table 4 : explain SELECT id FROM sbtest4 WHERE id BETWEEN 1083950 AND 1084050
	Index Only Scan using sbtest4_pkey on sbtest4  (cost=0.43..6.42 rows=99 width=4)
	  Index Cond: ((id >= 1083950) AND (id <= 1084050))

table 5 : explain SELECT id FROM sbtest5 WHERE id BETWEEN 1083950 AND 1084050
	Index Only Scan using sbtest5_pkey on sbtest5  (cost=0.43..6.35 rows=96 width=4)
	  Index Cond: ((id >= 1083950) AND (id <= 1084050))

table 6 : explain SELECT id FROM sbtest6 WHERE id BETWEEN 1083950 AND 1084050
	Index Only Scan using sbtest6_pkey on sbtest6  (cost=0.43..6.40 rows=98 width=4)
	  Index Cond: ((id >= 1083950) AND (id <= 1084050))

table 7 : explain SELECT id FROM sbtest7 WHERE id BETWEEN 1083950 AND 1084050
	Index Only Scan using sbtest7_pkey on sbtest7  (cost=0.43..6.24 rows=90 width=4)
	  Index Cond: ((id >= 1083950) AND (id <= 1084050))

table 8 : explain SELECT id FROM sbtest8 WHERE id BETWEEN 1083950 AND 1084050
	Index Only Scan using sbtest8_pkey on sbtest8  (cost=0.43..6.32 rows=94 width=4)
	  Index Cond: ((id >= 1083950) AND (id <= 1084050))

explain: for range-covered :: explain SELECT id FROM sbtest%d WHERE id BETWEEN 1083950 AND 1084050
for range-covered
table 1 : explain SELECT id FROM sbtest1 WHERE id BETWEEN 6276650 AND 6276750
	Index Only Scan using sbtest1_pkey on sbtest1  (cost=0.43..6.33 rows=95 width=4)
	  Index Cond: ((id >= 6276650) AND (id <= 6276750))

table 2 : explain SELECT id FROM sbtest2 WHERE id BETWEEN 6276650 AND 6276750
	Index Only Scan using sbtest2_pkey on sbtest2  (cost=0.43..6.47 rows=102 width=4)
	  Index Cond: ((id >= 6276650) AND (id <= 6276750))

table 3 : explain SELECT id FROM sbtest3 WHERE id BETWEEN 6276650 AND 6276750
	Index Only Scan using sbtest3_pkey on sbtest3  (cost=0.43..10.28 rows=92 width=4)
	  Index Cond: ((id >= 6276650) AND (id <= 6276750))

table 4 : explain SELECT id FROM sbtest4 WHERE id BETWEEN 6276650 AND 6276750
	Index Only Scan using sbtest4_pkey on sbtest4  (cost=0.43..6.35 rows=96 width=4)
	  Index Cond: ((id >= 6276650) AND (id <= 6276750))

table 5 : explain SELECT id FROM sbtest5 WHERE id BETWEEN 6276650 AND 6276750
	Index Only Scan using sbtest5_pkey on sbtest5  (cost=0.43..6.63 rows=110 width=4)
	  Index Cond: ((id >= 6276650) AND (id <= 6276750))

table 6 : explain SELECT id FROM sbtest6 WHERE id BETWEEN 6276650 AND 6276750
	Index Only Scan using sbtest6_pkey on sbtest6  (cost=0.43..6.59 rows=108 width=4)
	  Index Cond: ((id >= 6276650) AND (id <= 6276750))

table 7 : explain SELECT id FROM sbtest7 WHERE id BETWEEN 6276650 AND 6276750
	Index Only Scan using sbtest7_pkey on sbtest7  (cost=0.43..6.51 rows=104 width=4)
	  Index Cond: ((id >= 6276650) AND (id <= 6276750))

table 8 : explain SELECT id FROM sbtest8 WHERE id BETWEEN 6276650 AND 6276750
	Index Only Scan using sbtest8_pkey on sbtest8  (cost=0.43..6.33 rows=95 width=4)
	  Index Cond: ((id >= 6276650) AND (id <= 6276750))

explain: for range-covered :: explain SELECT id FROM sbtest%d WHERE id BETWEEN 6276650 AND 6276750
for range-covered
table 1 : explain SELECT id FROM sbtest1 WHERE id BETWEEN 6073953 AND 6074053
	Index Only Scan using sbtest1_pkey on sbtest1  (cost=0.43..6.29 rows=93 width=4)
	  Index Cond: ((id >= 6073953) AND (id <= 6074053))

table 2 : explain SELECT id FROM sbtest2 WHERE id BETWEEN 6073953 AND 6074053
	Index Only Scan using sbtest2_pkey on sbtest2  (cost=0.43..6.45 rows=101 width=4)
	  Index Cond: ((id >= 6073953) AND (id <= 6074053))

table 3 : explain SELECT id FROM sbtest3 WHERE id BETWEEN 6073953 AND 6074053
	Index Only Scan using sbtest3_pkey on sbtest3  (cost=0.43..10.51 rows=104 width=4)
	  Index Cond: ((id >= 6073953) AND (id <= 6074053))

table 4 : explain SELECT id FROM sbtest4 WHERE id BETWEEN 6073953 AND 6074053
	Index Only Scan using sbtest4_pkey on sbtest4  (cost=0.43..6.47 rows=102 width=4)
	  Index Cond: ((id >= 6073953) AND (id <= 6074053))

table 5 : explain SELECT id FROM sbtest5 WHERE id BETWEEN 6073953 AND 6074053
	Index Only Scan using sbtest5_pkey on sbtest5  (cost=0.43..6.29 rows=93 width=4)
	  Index Cond: ((id >= 6073953) AND (id <= 6074053))

table 6 : explain SELECT id FROM sbtest6 WHERE id BETWEEN 6073953 AND 6074053
	Index Only Scan using sbtest6_pkey on sbtest6  (cost=0.43..6.40 rows=98 width=4)
	  Index Cond: ((id >= 6073953) AND (id <= 6074053))

table 7 : explain SELECT id FROM sbtest7 WHERE id BETWEEN 6073953 AND 6074053
	Index Only Scan using sbtest7_pkey on sbtest7  (cost=0.43..6.50 rows=103 width=4)
	  Index Cond: ((id >= 6073953) AND (id <= 6074053))

table 8 : explain SELECT id FROM sbtest8 WHERE id BETWEEN 6073953 AND 6074053
	Index Only Scan using sbtest8_pkey on sbtest8  (cost=0.43..6.58 rows=107 width=4)
	  Index Cond: ((id >= 6073953) AND (id <= 6074053))

for range-covered
table 1 : explain SELECT id FROM sbtest1 WHERE id BETWEEN 7737621 AND 7737721
	Index Only Scan using sbtest1_pkey on sbtest1  (cost=0.43..6.27 rows=92 width=4)
	  Index Cond: ((id >= 7737621) AND (id <= 7737721))

table 2 : explain SELECT id FROM sbtest2 WHERE id BETWEEN 7737621 AND 7737721
	Index Only Scan using sbtest2_pkey on sbtest2  (cost=0.43..6.53 rows=105 width=4)
	  Index Cond: ((id >= 7737621) AND (id <= 7737721))

table 3 : explain SELECT id FROM sbtest3 WHERE id BETWEEN 7737621 AND 7737721
	Index Only Scan using sbtest3_pkey on sbtest3  (cost=0.43..10.58 rows=107 width=4)
	  Index Cond: ((id >= 7737621) AND (id <= 7737721))

table 4 : explain SELECT id FROM sbtest4 WHERE id BETWEEN 7737621 AND 7737721
	Index Only Scan using sbtest4_pkey on sbtest4  (cost=0.43..6.29 rows=93 width=4)
	  Index Cond: ((id >= 7737621) AND (id <= 7737721))

table 5 : explain SELECT id FROM sbtest5 WHERE id BETWEEN 7737621 AND 7737721
	Index Only Scan using sbtest5_pkey on sbtest5  (cost=0.43..6.33 rows=95 width=4)
	  Index Cond: ((id >= 7737621) AND (id <= 7737721))

table 6 : explain SELECT id FROM sbtest6 WHERE id BETWEEN 7737621 AND 7737721
	Index Only Scan using sbtest6_pkey on sbtest6  (cost=0.43..6.35 rows=96 width=4)
	  Index Cond: ((id >= 7737621) AND (id <= 7737721))

table 7 : explain SELECT id FROM sbtest7 WHERE id BETWEEN 7737621 AND 7737721
	Index Only Scan using sbtest7_pkey on sbtest7  (cost=0.43..6.43 rows=100 width=4)
	  Index Cond: ((id >= 7737621) AND (id <= 7737721))

table 8 : explain SELECT id FROM sbtest8 WHERE id BETWEEN 7737621 AND 7737721
	Index Only Scan using sbtest8_pkey on sbtest8  (cost=0.43..6.58 rows=107 width=4)
	  Index Cond: ((id >= 7737621) AND (id <= 7737721))

explain: for range-covered :: explain SELECT id FROM sbtest%d WHERE id BETWEEN 7737621 AND 7737721
for range-covered
table 1 : explain SELECT id FROM sbtest1 WHERE id BETWEEN 6454725 AND 6454825
	Index Only Scan using sbtest1_pkey on sbtest1  (cost=0.43..6.56 rows=106 width=4)
	  Index Cond: ((id >= 6454725) AND (id <= 6454825))

table 2 : explain SELECT id FROM sbtest2 WHERE id BETWEEN 6454725 AND 6454825
	Index Only Scan using sbtest2_pkey on sbtest2  (cost=0.43..6.61 rows=109 width=4)
	  Index Cond: ((id >= 6454725) AND (id <= 6454825))

table 3 : explain SELECT id FROM sbtest3 WHERE id BETWEEN 6454725 AND 6454825
	Index Only Scan using sbtest3_pkey on sbtest3  (cost=0.43..10.42 rows=99 width=4)
	  Index Cond: ((id >= 6454725) AND (id <= 6454825))

table 4 : explain SELECT id FROM sbtest4 WHERE id BETWEEN 6454725 AND 6454825
	Index Only Scan using sbtest4_pkey on sbtest4  (cost=0.43..6.63 rows=110 width=4)
	  Index Cond: ((id >= 6454725) AND (id <= 6454825))

table 5 : explain SELECT id FROM sbtest5 WHERE id BETWEEN 6454725 AND 6454825
	Index Only Scan using sbtest5_pkey on sbtest5  (cost=0.43..6.42 rows=99 width=4)
	  Index Cond: ((id >= 6454725) AND (id <= 6454825))

table 6 : explain SELECT id FROM sbtest6 WHERE id BETWEEN 6454725 AND 6454825
	Index Only Scan using sbtest6_pkey on sbtest6  (cost=0.43..6.59 rows=108 width=4)
	  Index Cond: ((id >= 6454725) AND (id <= 6454825))

table 7 : explain SELECT id FROM sbtest7 WHERE id BETWEEN 6454725 AND 6454825
	Index Only Scan using sbtest7_pkey on sbtest7  (cost=0.43..6.53 rows=105 width=4)
	  Index Cond: ((id >= 6454725) AND (id <= 6454825))

table 8 : explain SELECT id FROM sbtest8 WHERE id BETWEEN 6454725 AND 6454825
	Index Only Scan using sbtest8_pkey on sbtest8  (cost=0.43..6.42 rows=99 width=4)
	  Index Cond: ((id >= 6454725) AND (id <= 6454825))

explain: for range-covered :: explain SELECT id FROM sbtest%d WHERE id BETWEEN 6454725 AND 6454825
for range-covered
table 1 : explain SELECT id FROM sbtest1 WHERE id BETWEEN 1083950 AND 1084050
	Index Only Scan using sbtest1_pkey on sbtest1  (cost=0.43..6.35 rows=96 width=4)
	  Index Cond: ((id >= 1083950) AND (id <= 1084050))

table 2 : explain SELECT id FROM sbtest2 WHERE id BETWEEN 1083950 AND 1084050
	Index Only Scan using sbtest2_pkey on sbtest2  (cost=0.43..6.42 rows=99 width=4)
	  Index Cond: ((id >= 1083950) AND (id <= 1084050))

table 3 : explain SELECT id FROM sbtest3 WHERE id BETWEEN 1083950 AND 1084050
	Index Only Scan using sbtest3_pkey on sbtest3  (cost=0.43..10.42 rows=99 width=4)
	  Index Cond: ((id >= 1083950) AND (id <= 1084050))

table 4 : explain SELECT id FROM sbtest4 WHERE id BETWEEN 1083950 AND 1084050
	Index Only Scan using sbtest4_pkey on sbtest4  (cost=0.43..6.42 rows=99 width=4)
	  Index Cond: ((id >= 1083950) AND (id <= 1084050))

table 5 : explain SELECT id FROM sbtest5 WHERE id BETWEEN 1083950 AND 1084050
	Index Only Scan using sbtest5_pkey on sbtest5  (cost=0.43..6.35 rows=96 width=4)
	  Index Cond: ((id >= 1083950) AND (id <= 1084050))

table 6 : explain SELECT id FROM sbtest6 WHERE id BETWEEN 1083950 AND 1084050
	Index Only Scan using sbtest6_pkey on sbtest6  (cost=0.43..6.40 rows=98 width=4)
	  Index Cond: ((id >= 1083950) AND (id <= 1084050))

table 7 : explain SELECT id FROM sbtest7 WHERE id BETWEEN 1083950 AND 1084050
	Index Only Scan using sbtest7_pkey on sbtest7  (cost=0.43..6.24 rows=90 width=4)
	  Index Cond: ((id >= 1083950) AND (id <= 1084050))

table 8 : explain SELECT id FROM sbtest8 WHERE id BETWEEN 1083950 AND 1084050
	Index Only Scan using sbtest8_pkey on sbtest8  (cost=0.43..6.32 rows=94 width=4)
	  Index Cond: ((id >= 1083950) AND (id <= 1084050))

explain: for range-covered :: explain SELECT id FROM sbtest%d WHERE id BETWEEN 1083950 AND 1084050
for range-covered
table 1 : explain SELECT id FROM sbtest1 WHERE id BETWEEN 6276650 AND 6276750
	Index Only Scan using sbtest1_pkey on sbtest1  (cost=0.43..6.33 rows=95 width=4)
	  Index Cond: ((id >= 6276650) AND (id <= 6276750))

table 2 : explain SELECT id FROM sbtest2 WHERE id BETWEEN 6276650 AND 6276750
	Index Only Scan using sbtest2_pkey on sbtest2  (cost=0.43..6.47 rows=102 width=4)
	  Index Cond: ((id >= 6276650) AND (id <= 6276750))

table 3 : explain SELECT id FROM sbtest3 WHERE id BETWEEN 6276650 AND 6276750
	Index Only Scan using sbtest3_pkey on sbtest3  (cost=0.43..10.28 rows=92 width=4)
	  Index Cond: ((id >= 6276650) AND (id <= 6276750))

table 4 : explain SELECT id FROM sbtest4 WHERE id BETWEEN 6276650 AND 6276750
	Index Only Scan using sbtest4_pkey on sbtest4  (cost=0.43..6.35 rows=96 width=4)
	  Index Cond: ((id >= 6276650) AND (id <= 6276750))

table 5 : explain SELECT id FROM sbtest5 WHERE id BETWEEN 6276650 AND 6276750
	Index Only Scan using sbtest5_pkey on sbtest5  (cost=0.43..6.63 rows=110 width=4)
	  Index Cond: ((id >= 6276650) AND (id <= 6276750))

table 6 : explain SELECT id FROM sbtest6 WHERE id BETWEEN 6276650 AND 6276750
	Index Only Scan using sbtest6_pkey on sbtest6  (cost=0.43..6.59 rows=108 width=4)
	  Index Cond: ((id >= 6276650) AND (id <= 6276750))

table 7 : explain SELECT id FROM sbtest7 WHERE id BETWEEN 6276650 AND 6276750
	Index Only Scan using sbtest7_pkey on sbtest7  (cost=0.43..6.51 rows=104 width=4)
	  Index Cond: ((id >= 6276650) AND (id <= 6276750))

table 8 : explain SELECT id FROM sbtest8 WHERE id BETWEEN 6276650 AND 6276750
	Index Only Scan using sbtest8_pkey on sbtest8  (cost=0.43..6.33 rows=95 width=4)
	  Index Cond: ((id >= 6276650) AND (id <= 6276750))

for range-covered
table 1 : explain SELECT id FROM sbtest1 WHERE id BETWEEN 7737621 AND 7737721
	Index Only Scan using sbtest1_pkey on sbtest1  (cost=0.43..6.27 rows=92 width=4)
	  Index Cond: ((id >= 7737621) AND (id <= 7737721))

table 2 : explain SELECT id FROM sbtest2 WHERE id BETWEEN 7737621 AND 7737721
	Index Only Scan using sbtest2_pkey on sbtest2  (cost=0.43..6.53 rows=105 width=4)
	  Index Cond: ((id >= 7737621) AND (id <= 7737721))

table 3 : explain SELECT id FROM sbtest3 WHERE id BETWEEN 7737621 AND 7737721
	Index Only Scan using sbtest3_pkey on sbtest3  (cost=0.43..10.58 rows=107 width=4)
	  Index Cond: ((id >= 7737621) AND (id <= 7737721))

table 4 : explain SELECT id FROM sbtest4 WHERE id BETWEEN 7737621 AND 7737721
	Index Only Scan using sbtest4_pkey on sbtest4  (cost=0.43..6.29 rows=93 width=4)
	  Index Cond: ((id >= 7737621) AND (id <= 7737721))

table 5 : explain SELECT id FROM sbtest5 WHERE id BETWEEN 7737621 AND 7737721
	Index Only Scan using sbtest5_pkey on sbtest5  (cost=0.43..6.33 rows=95 width=4)
	  Index Cond: ((id >= 7737621) AND (id <= 7737721))

table 6 : explain SELECT id FROM sbtest6 WHERE id BETWEEN 7737621 AND 7737721
	Index Only Scan using sbtest6_pkey on sbtest6  (cost=0.43..6.35 rows=96 width=4)
	  Index Cond: ((id >= 7737621) AND (id <= 7737721))

table 7 : explain SELECT id FROM sbtest7 WHERE id BETWEEN 7737621 AND 7737721
	Index Only Scan using sbtest7_pkey on sbtest7  (cost=0.43..6.43 rows=100 width=4)
	  Index Cond: ((id >= 7737621) AND (id <= 7737721))

table 8 : explain SELECT id FROM sbtest8 WHERE id BETWEEN 7737621 AND 7737721
	Index Only Scan using sbtest8_pkey on sbtest8  (cost=0.43..6.58 rows=107 width=4)
	  Index Cond: ((id >= 7737621) AND (id <= 7737721))

for range-covered
table 1 : explain SELECT id FROM sbtest1 WHERE id BETWEEN 3307762 AND 3307862
	Index Only Scan using sbtest1_pkey on sbtest1  (cost=0.43..6.50 rows=103 width=4)
	  Index Cond: ((id >= 3307762) AND (id <= 3307862))

table 2 : explain SELECT id FROM sbtest2 WHERE id BETWEEN 3307762 AND 3307862
	Index Only Scan using sbtest2_pkey on sbtest2  (cost=0.43..6.58 rows=107 width=4)
	  Index Cond: ((id >= 3307762) AND (id <= 3307862))

table 3 : explain SELECT id FROM sbtest3 WHERE id BETWEEN 3307762 AND 3307862
	Index Only Scan using sbtest3_pkey on sbtest3  (cost=0.43..10.32 rows=94 width=4)
	  Index Cond: ((id >= 3307762) AND (id <= 3307862))

table 4 : explain SELECT id FROM sbtest4 WHERE id BETWEEN 3307762 AND 3307862
	Index Only Scan using sbtest4_pkey on sbtest4  (cost=0.43..6.25 rows=91 width=4)
	  Index Cond: ((id >= 3307762) AND (id <= 3307862))

table 5 : explain SELECT id FROM sbtest5 WHERE id BETWEEN 3307762 AND 3307862
	Index Only Scan using sbtest5_pkey on sbtest5  (cost=0.43..6.17 rows=87 width=4)
	  Index Cond: ((id >= 3307762) AND (id <= 3307862))

table 6 : explain SELECT id FROM sbtest6 WHERE id BETWEEN 3307762 AND 3307862
	Index Only Scan using sbtest6_pkey on sbtest6  (cost=0.43..6.19 rows=88 width=4)
	  Index Cond: ((id >= 3307762) AND (id <= 3307862))

table 7 : explain SELECT id FROM sbtest7 WHERE id BETWEEN 3307762 AND 3307862
	Index Only Scan using sbtest7_pkey on sbtest7  (cost=0.43..6.33 rows=95 width=4)
	  Index Cond: ((id >= 3307762) AND (id <= 3307862))

table 8 : explain SELECT id FROM sbtest8 WHERE id BETWEEN 3307762 AND 3307862
	Index Only Scan using sbtest8_pkey on sbtest8  (cost=0.43..6.33 rows=95 width=4)
	  Index Cond: ((id >= 3307762) AND (id <= 3307862))

explain: for range-covered :: explain SELECT id FROM sbtest%d WHERE id BETWEEN 3307762 AND 3307862
for range-covered
table 1 : explain SELECT id FROM sbtest1 WHERE id BETWEEN 6454725 AND 6454825
	Index Only Scan using sbtest1_pkey on sbtest1  (cost=0.43..6.56 rows=106 width=4)
	  Index Cond: ((id >= 6454725) AND (id <= 6454825))

table 2 : explain SELECT id FROM sbtest2 WHERE id BETWEEN 6454725 AND 6454825
	Index Only Scan using sbtest2_pkey on sbtest2  (cost=0.43..6.61 rows=109 width=4)
	  Index Cond: ((id >= 6454725) AND (id <= 6454825))

table 3 : explain SELECT id FROM sbtest3 WHERE id BETWEEN 6454725 AND 6454825
	Index Only Scan using sbtest3_pkey on sbtest3  (cost=0.43..10.42 rows=99 width=4)
	  Index Cond: ((id >= 6454725) AND (id <= 6454825))

table 4 : explain SELECT id FROM sbtest4 WHERE id BETWEEN 6454725 AND 6454825
	Index Only Scan using sbtest4_pkey on sbtest4  (cost=0.43..6.63 rows=110 width=4)
	  Index Cond: ((id >= 6454725) AND (id <= 6454825))

table 5 : explain SELECT id FROM sbtest5 WHERE id BETWEEN 6454725 AND 6454825
	Index Only Scan using sbtest5_pkey on sbtest5  (cost=0.43..6.42 rows=99 width=4)
	  Index Cond: ((id >= 6454725) AND (id <= 6454825))

table 6 : explain SELECT id FROM sbtest6 WHERE id BETWEEN 6454725 AND 6454825
	Index Only Scan using sbtest6_pkey on sbtest6  (cost=0.43..6.59 rows=108 width=4)
	  Index Cond: ((id >= 6454725) AND (id <= 6454825))

table 7 : explain SELECT id FROM sbtest7 WHERE id BETWEEN 6454725 AND 6454825
	Index Only Scan using sbtest7_pkey on sbtest7  (cost=0.43..6.53 rows=105 width=4)
	  Index Cond: ((id >= 6454725) AND (id <= 6454825))

table 8 : explain SELECT id FROM sbtest8 WHERE id BETWEEN 6454725 AND 6454825
	Index Only Scan using sbtest8_pkey on sbtest8  (cost=0.43..6.42 rows=99 width=4)
	  Index Cond: ((id >= 6454725) AND (id <= 6454825))

explain: for range-covered :: explain SELECT id FROM sbtest%d WHERE id BETWEEN 6454725 AND 6454825
for range-covered
table 1 : explain SELECT id FROM sbtest1 WHERE id BETWEEN 3617733 AND 3617833
	Index Only Scan using sbtest1_pkey on sbtest1  (cost=0.43..6.47 rows=102 width=4)
	  Index Cond: ((id >= 3617733) AND (id <= 3617833))

table 2 : explain SELECT id FROM sbtest2 WHERE id BETWEEN 3617733 AND 3617833
	Index Only Scan using sbtest2_pkey on sbtest2  (cost=0.43..6.32 rows=94 width=4)
	  Index Cond: ((id >= 3617733) AND (id <= 3617833))

table 3 : explain SELECT id FROM sbtest3 WHERE id BETWEEN 3617733 AND 3617833
	Index Only Scan using sbtest3_pkey on sbtest3  (cost=0.43..10.54 rows=105 width=4)
	  Index Cond: ((id >= 3617733) AND (id <= 3617833))

table 4 : explain SELECT id FROM sbtest4 WHERE id BETWEEN 3617733 AND 3617833
	Index Only Scan using sbtest4_pkey on sbtest4  (cost=0.43..6.58 rows=107 width=4)
	  Index Cond: ((id >= 3617733) AND (id <= 3617833))

table 5 : explain SELECT id FROM sbtest5 WHERE id BETWEEN 3617733 AND 3617833
	Index Only Scan using sbtest5_pkey on sbtest5  (cost=0.43..6.47 rows=102 width=4)
	  Index Cond: ((id >= 3617733) AND (id <= 3617833))

table 6 : explain SELECT id FROM sbtest6 WHERE id BETWEEN 3617733 AND 3617833
	Index Only Scan using sbtest6_pkey on sbtest6  (cost=0.43..6.33 rows=95 width=4)
	  Index Cond: ((id >= 3617733) AND (id <= 3617833))

table 7 : explain SELECT id FROM sbtest7 WHERE id BETWEEN 3617733 AND 3617833
	Index Only Scan using sbtest7_pkey on sbtest7  (cost=0.43..6.56 rows=106 width=4)
	  Index Cond: ((id >= 3617733) AND (id <= 3617833))

table 8 : explain SELECT id FROM sbtest8 WHERE id BETWEEN 3617733 AND 3617833
	Index Only Scan using sbtest8_pkey on sbtest8  (cost=0.43..6.43 rows=100 width=4)
	  Index Cond: ((id >= 3617733) AND (id <= 3617833))

explain: for range-covered :: explain SELECT id FROM sbtest%d WHERE id BETWEEN 6276650 AND 6276750
for range-covered
table 1 : explain SELECT id FROM sbtest1 WHERE id BETWEEN 1083950 AND 1084050
	Index Only Scan using sbtest1_pkey on sbtest1  (cost=0.43..6.35 rows=96 width=4)
	  Index Cond: ((id >= 1083950) AND (id <= 1084050))

table 2 : explain SELECT id FROM sbtest2 WHERE id BETWEEN 1083950 AND 1084050
	Index Only Scan using sbtest2_pkey on sbtest2  (cost=0.43..6.42 rows=99 width=4)
	  Index Cond: ((id >= 1083950) AND (id <= 1084050))

table 3 : explain SELECT id FROM sbtest3 WHERE id BETWEEN 1083950 AND 1084050
	Index Only Scan using sbtest3_pkey on sbtest3  (cost=0.43..10.42 rows=99 width=4)
	  Index Cond: ((id >= 1083950) AND (id <= 1084050))

table 4 : explain SELECT id FROM sbtest4 WHERE id BETWEEN 1083950 AND 1084050
	Index Only Scan using sbtest4_pkey on sbtest4  (cost=0.43..6.42 rows=99 width=4)
	  Index Cond: ((id >= 1083950) AND (id <= 1084050))

table 5 : explain SELECT id FROM sbtest5 WHERE id BETWEEN 1083950 AND 1084050
	Index Only Scan using sbtest5_pkey on sbtest5  (cost=0.43..6.35 rows=96 width=4)
	  Index Cond: ((id >= 1083950) AND (id <= 1084050))

table 6 : explain SELECT id FROM sbtest6 WHERE id BETWEEN 1083950 AND 1084050
	Index Only Scan using sbtest6_pkey on sbtest6  (cost=0.43..6.40 rows=98 width=4)
	  Index Cond: ((id >= 1083950) AND (id <= 1084050))

table 7 : explain SELECT id FROM sbtest7 WHERE id BETWEEN 1083950 AND 1084050
	Index Only Scan using sbtest7_pkey on sbtest7  (cost=0.43..6.24 rows=90 width=4)
	  Index Cond: ((id >= 1083950) AND (id <= 1084050))

table 8 : explain SELECT id FROM sbtest8 WHERE id BETWEEN 1083950 AND 1084050
	Index Only Scan using sbtest8_pkey on sbtest8  (cost=0.43..6.32 rows=94 width=4)
	  Index Cond: ((id >= 1083950) AND (id <= 1084050))

explain: for range-covered :: explain SELECT id FROM sbtest%d WHERE id BETWEEN 1083950 AND 1084050
explain: for range-covered :: explain SELECT id FROM sbtest%d WHERE id BETWEEN 6278563 AND 6278663
for range-covered
table 1 : explain SELECT id FROM sbtest1 WHERE id BETWEEN 3307762 AND 3307862
	Index Only Scan using sbtest1_pkey on sbtest1  (cost=0.43..6.50 rows=103 width=4)
	  Index Cond: ((id >= 3307762) AND (id <= 3307862))

table 2 : explain SELECT id FROM sbtest2 WHERE id BETWEEN 3307762 AND 3307862
	Index Only Scan using sbtest2_pkey on sbtest2  (cost=0.43..6.58 rows=107 width=4)
	  Index Cond: ((id >= 3307762) AND (id <= 3307862))

table 3 : explain SELECT id FROM sbtest3 WHERE id BETWEEN 3307762 AND 3307862
	Index Only Scan using sbtest3_pkey on sbtest3  (cost=0.43..10.32 rows=94 width=4)
	  Index Cond: ((id >= 3307762) AND (id <= 3307862))

table 4 : explain SELECT id FROM sbtest4 WHERE id BETWEEN 3307762 AND 3307862
	Index Only Scan using sbtest4_pkey on sbtest4  (cost=0.43..6.25 rows=91 width=4)
	  Index Cond: ((id >= 3307762) AND (id <= 3307862))

table 5 : explain SELECT id FROM sbtest5 WHERE id BETWEEN 3307762 AND 3307862
	Index Only Scan using sbtest5_pkey on sbtest5  (cost=0.43..6.17 rows=87 width=4)
	  Index Cond: ((id >= 3307762) AND (id <= 3307862))

table 6 : explain SELECT id FROM sbtest6 WHERE id BETWEEN 3307762 AND 3307862
	Index Only Scan using sbtest6_pkey on sbtest6  (cost=0.43..6.19 rows=88 width=4)
	  Index Cond: ((id >= 3307762) AND (id <= 3307862))

table 7 : explain SELECT id FROM sbtest7 WHERE id BETWEEN 3307762 AND 3307862
	Index Only Scan using sbtest7_pkey on sbtest7  (cost=0.43..6.33 rows=95 width=4)
	  Index Cond: ((id >= 3307762) AND (id <= 3307862))

table 8 : explain SELECT id FROM sbtest8 WHERE id BETWEEN 3307762 AND 3307862
	Index Only Scan using sbtest8_pkey on sbtest8  (cost=0.43..6.33 rows=95 width=4)
	  Index Cond: ((id >= 3307762) AND (id <= 3307862))

for range-covered
table 1 : explain SELECT id FROM sbtest1 WHERE id BETWEEN 6454725 AND 6454825
	Index Only Scan using sbtest1_pkey on sbtest1  (cost=0.43..6.56 rows=106 width=4)
	  Index Cond: ((id >= 6454725) AND (id <= 6454825))

table 2 : explain SELECT id FROM sbtest2 WHERE id BETWEEN 6454725 AND 6454825
	Index Only Scan using sbtest2_pkey on sbtest2  (cost=0.43..6.61 rows=109 width=4)
	  Index Cond: ((id >= 6454725) AND (id <= 6454825))

table 3 : explain SELECT id FROM sbtest3 WHERE id BETWEEN 6454725 AND 6454825
	Index Only Scan using sbtest3_pkey on sbtest3  (cost=0.43..10.42 rows=99 width=4)
	  Index Cond: ((id >= 6454725) AND (id <= 6454825))

table 4 : explain SELECT id FROM sbtest4 WHERE id BETWEEN 6454725 AND 6454825
	Index Only Scan using sbtest4_pkey on sbtest4  (cost=0.43..6.63 rows=110 width=4)
	  Index Cond: ((id >= 6454725) AND (id <= 6454825))

table 5 : explain SELECT id FROM sbtest5 WHERE id BETWEEN 6454725 AND 6454825
	Index Only Scan using sbtest5_pkey on sbtest5  (cost=0.43..6.42 rows=99 width=4)
	  Index Cond: ((id >= 6454725) AND (id <= 6454825))

table 6 : explain SELECT id FROM sbtest6 WHERE id BETWEEN 6454725 AND 6454825
	Index Only Scan using sbtest6_pkey on sbtest6  (cost=0.43..6.59 rows=108 width=4)
	  Index Cond: ((id >= 6454725) AND (id <= 6454825))

table 7 : explain SELECT id FROM sbtest7 WHERE id BETWEEN 6454725 AND 6454825
	Index Only Scan using sbtest7_pkey on sbtest7  (cost=0.43..6.53 rows=105 width=4)
	  Index Cond: ((id >= 6454725) AND (id <= 6454825))

table 8 : explain SELECT id FROM sbtest8 WHERE id BETWEEN 6454725 AND 6454825
	Index Only Scan using sbtest8_pkey on sbtest8  (cost=0.43..6.42 rows=99 width=4)
	  Index Cond: ((id >= 6454725) AND (id <= 6454825))

explain: for range-covered :: explain SELECT id FROM sbtest%d WHERE id BETWEEN 3307762 AND 3307862
explain: for range-covered :: explain SELECT id FROM sbtest%d WHERE id BETWEEN 8283652 AND 8283752
explain: for range-covered :: explain SELECT id FROM sbtest%d WHERE id BETWEEN 6454725 AND 6454825
for range-covered
table 1 : explain SELECT id FROM sbtest1 WHERE id BETWEEN 6276650 AND 6276750
	Index Only Scan using sbtest1_pkey on sbtest1  (cost=0.43..6.33 rows=95 width=4)
	  Index Cond: ((id >= 6276650) AND (id <= 6276750))

table 2 : explain SELECT id FROM sbtest2 WHERE id BETWEEN 6276650 AND 6276750
	Index Only Scan using sbtest2_pkey on sbtest2  (cost=0.43..6.47 rows=102 width=4)
	  Index Cond: ((id >= 6276650) AND (id <= 6276750))

table 3 : explain SELECT id FROM sbtest3 WHERE id BETWEEN 6276650 AND 6276750
	Index Only Scan using sbtest3_pkey on sbtest3  (cost=0.43..10.28 rows=92 width=4)
	  Index Cond: ((id >= 6276650) AND (id <= 6276750))

table 4 : explain SELECT id FROM sbtest4 WHERE id BETWEEN 6276650 AND 6276750
	Index Only Scan using sbtest4_pkey on sbtest4  (cost=0.43..6.35 rows=96 width=4)
	  Index Cond: ((id >= 6276650) AND (id <= 6276750))

table 5 : explain SELECT id FROM sbtest5 WHERE id BETWEEN 6276650 AND 6276750
	Index Only Scan using sbtest5_pkey on sbtest5  (cost=0.43..6.63 rows=110 width=4)
	  Index Cond: ((id >= 6276650) AND (id <= 6276750))

table 6 : explain SELECT id FROM sbtest6 WHERE id BETWEEN 6276650 AND 6276750
	Index Only Scan using sbtest6_pkey on sbtest6  (cost=0.43..6.59 rows=108 width=4)
	  Index Cond: ((id >= 6276650) AND (id <= 6276750))

table 7 : explain SELECT id FROM sbtest7 WHERE id BETWEEN 6276650 AND 6276750
	Index Only Scan using sbtest7_pkey on sbtest7  (cost=0.43..6.51 rows=104 width=4)
	  Index Cond: ((id >= 6276650) AND (id <= 6276750))

table 8 : explain SELECT id FROM sbtest8 WHERE id BETWEEN 6276650 AND 6276750
	Index Only Scan using sbtest8_pkey on sbtest8  (cost=0.43..6.33 rows=95 width=4)
	  Index Cond: ((id >= 6276650) AND (id <= 6276750))

for range-covered
table 1 : explain SELECT id FROM sbtest1 WHERE id BETWEEN 1083950 AND 1084050
	Index Only Scan using sbtest1_pkey on sbtest1  (cost=0.43..6.35 rows=96 width=4)
	  Index Cond: ((id >= 1083950) AND (id <= 1084050))

table 2 : explain SELECT id FROM sbtest2 WHERE id BETWEEN 1083950 AND 1084050
	Index Only Scan using sbtest2_pkey on sbtest2  (cost=0.43..6.42 rows=99 width=4)
	  Index Cond: ((id >= 1083950) AND (id <= 1084050))

table 3 : explain SELECT id FROM sbtest3 WHERE id BETWEEN 1083950 AND 1084050
	Index Only Scan using sbtest3_pkey on sbtest3  (cost=0.43..10.42 rows=99 width=4)
	  Index Cond: ((id >= 1083950) AND (id <= 1084050))

table 4 : explain SELECT id FROM sbtest4 WHERE id BETWEEN 1083950 AND 1084050
	Index Only Scan using sbtest4_pkey on sbtest4  (cost=0.43..6.42 rows=99 width=4)
	  Index Cond: ((id >= 1083950) AND (id <= 1084050))

table 5 : explain SELECT id FROM sbtest5 WHERE id BETWEEN 1083950 AND 1084050
	Index Only Scan using sbtest5_pkey on sbtest5  (cost=0.43..6.35 rows=96 width=4)
	  Index Cond: ((id >= 1083950) AND (id <= 1084050))

table 6 : explain SELECT id FROM sbtest6 WHERE id BETWEEN 1083950 AND 1084050
	Index Only Scan using sbtest6_pkey on sbtest6  (cost=0.43..6.40 rows=98 width=4)
	  Index Cond: ((id >= 1083950) AND (id <= 1084050))

table 7 : explain SELECT id FROM sbtest7 WHERE id BETWEEN 1083950 AND 1084050
	Index Only Scan using sbtest7_pkey on sbtest7  (cost=0.43..6.24 rows=90 width=4)
	  Index Cond: ((id >= 1083950) AND (id <= 1084050))

table 8 : explain SELECT id FROM sbtest8 WHERE id BETWEEN 1083950 AND 1084050
	Index Only Scan using sbtest8_pkey on sbtest8  (cost=0.43..6.32 rows=94 width=4)
	  Index Cond: ((id >= 1083950) AND (id <= 1084050))

explain: for range-covered :: explain SELECT id FROM sbtest%d WHERE id BETWEEN 6276650 AND 6276750
explain: for range-covered :: explain SELECT id FROM sbtest%d WHERE id BETWEEN 1083950 AND 1084050
for range-covered
table 1 : explain SELECT id FROM sbtest1 WHERE id BETWEEN 3307762 AND 3307862
	Index Only Scan using sbtest1_pkey on sbtest1  (cost=0.43..6.50 rows=103 width=4)
	  Index Cond: ((id >= 3307762) AND (id <= 3307862))

table 2 : explain SELECT id FROM sbtest2 WHERE id BETWEEN 3307762 AND 3307862
	Index Only Scan using sbtest2_pkey on sbtest2  (cost=0.43..6.58 rows=107 width=4)
	  Index Cond: ((id >= 3307762) AND (id <= 3307862))

table 3 : explain SELECT id FROM sbtest3 WHERE id BETWEEN 3307762 AND 3307862
	Index Only Scan using sbtest3_pkey on sbtest3  (cost=0.43..10.32 rows=94 width=4)
	  Index Cond: ((id >= 3307762) AND (id <= 3307862))

table 4 : explain SELECT id FROM sbtest4 WHERE id BETWEEN 3307762 AND 3307862
	Index Only Scan using sbtest4_pkey on sbtest4  (cost=0.43..6.25 rows=91 width=4)
	  Index Cond: ((id >= 3307762) AND (id <= 3307862))

table 5 : explain SELECT id FROM sbtest5 WHERE id BETWEEN 3307762 AND 3307862
	Index Only Scan using sbtest5_pkey on sbtest5  (cost=0.43..6.17 rows=87 width=4)
	  Index Cond: ((id >= 3307762) AND (id <= 3307862))

table 6 : explain SELECT id FROM sbtest6 WHERE id BETWEEN 3307762 AND 3307862
	Index Only Scan using sbtest6_pkey on sbtest6  (cost=0.43..6.19 rows=88 width=4)
	  Index Cond: ((id >= 3307762) AND (id <= 3307862))

table 7 : explain SELECT id FROM sbtest7 WHERE id BETWEEN 3307762 AND 3307862
	Index Only Scan using sbtest7_pkey on sbtest7  (cost=0.43..6.33 rows=95 width=4)
	  Index Cond: ((id >= 3307762) AND (id <= 3307862))

table 8 : explain SELECT id FROM sbtest8 WHERE id BETWEEN 3307762 AND 3307862
	Index Only Scan using sbtest8_pkey on sbtest8  (cost=0.43..6.33 rows=95 width=4)
	  Index Cond: ((id >= 3307762) AND (id <= 3307862))

explain: for range-covered :: explain SELECT id FROM sbtest%d WHERE id BETWEEN 3307762 AND 3307862
for range-covered
table 1 : explain SELECT id FROM sbtest1 WHERE id BETWEEN 6454725 AND 6454825
	Index Only Scan using sbtest1_pkey on sbtest1  (cost=0.43..6.56 rows=106 width=4)
	  Index Cond: ((id >= 6454725) AND (id <= 6454825))

table 2 : explain SELECT id FROM sbtest2 WHERE id BETWEEN 6454725 AND 6454825
	Index Only Scan using sbtest2_pkey on sbtest2  (cost=0.43..6.61 rows=109 width=4)
	  Index Cond: ((id >= 6454725) AND (id <= 6454825))

table 3 : explain SELECT id FROM sbtest3 WHERE id BETWEEN 6454725 AND 6454825
	Index Only Scan using sbtest3_pkey on sbtest3  (cost=0.43..10.42 rows=99 width=4)
	  Index Cond: ((id >= 6454725) AND (id <= 6454825))

table 4 : explain SELECT id FROM sbtest4 WHERE id BETWEEN 6454725 AND 6454825
	Index Only Scan using sbtest4_pkey on sbtest4  (cost=0.43..6.63 rows=110 width=4)
	  Index Cond: ((id >= 6454725) AND (id <= 6454825))

table 5 : explain SELECT id FROM sbtest5 WHERE id BETWEEN 6454725 AND 6454825
	Index Only Scan using sbtest5_pkey on sbtest5  (cost=0.43..6.42 rows=99 width=4)
	  Index Cond: ((id >= 6454725) AND (id <= 6454825))

table 6 : explain SELECT id FROM sbtest6 WHERE id BETWEEN 6454725 AND 6454825
	Index Only Scan using sbtest6_pkey on sbtest6  (cost=0.43..6.59 rows=108 width=4)
	  Index Cond: ((id >= 6454725) AND (id <= 6454825))

table 7 : explain SELECT id FROM sbtest7 WHERE id BETWEEN 6454725 AND 6454825
	Index Only Scan using sbtest7_pkey on sbtest7  (cost=0.43..6.53 rows=105 width=4)
	  Index Cond: ((id >= 6454725) AND (id <= 6454825))

table 8 : explain SELECT id FROM sbtest8 WHERE id BETWEEN 6454725 AND 6454825
	Index Only Scan using sbtest8_pkey on sbtest8  (cost=0.43..6.42 rows=99 width=4)
	  Index Cond: ((id >= 6454725) AND (id <= 6454825))

for range-covered
table 1 : explain SELECT id FROM sbtest1 WHERE id BETWEEN 3307762 AND 3307862
	Index Only Scan using sbtest1_pkey on sbtest1  (cost=0.43..6.50 rows=103 width=4)
	  Index Cond: ((id >= 3307762) AND (id <= 3307862))

table 2 : explain SELECT id FROM sbtest2 WHERE id BETWEEN 3307762 AND 3307862
	Index Only Scan using sbtest2_pkey on sbtest2  (cost=0.43..6.58 rows=107 width=4)
	  Index Cond: ((id >= 3307762) AND (id <= 3307862))

table 3 : explain SELECT id FROM sbtest3 WHERE id BETWEEN 3307762 AND 3307862
	Index Only Scan using sbtest3_pkey on sbtest3  (cost=0.43..10.32 rows=94 width=4)
	  Index Cond: ((id >= 3307762) AND (id <= 3307862))

table 4 : explain SELECT id FROM sbtest4 WHERE id BETWEEN 3307762 AND 3307862
	Index Only Scan using sbtest4_pkey on sbtest4  (cost=0.43..6.25 rows=91 width=4)
	  Index Cond: ((id >= 3307762) AND (id <= 3307862))

table 5 : explain SELECT id FROM sbtest5 WHERE id BETWEEN 3307762 AND 3307862
	Index Only Scan using sbtest5_pkey on sbtest5  (cost=0.43..6.17 rows=87 width=4)
	  Index Cond: ((id >= 3307762) AND (id <= 3307862))

table 6 : explain SELECT id FROM sbtest6 WHERE id BETWEEN 3307762 AND 3307862
	Index Only Scan using sbtest6_pkey on sbtest6  (cost=0.43..6.19 rows=88 width=4)
	  Index Cond: ((id >= 3307762) AND (id <= 3307862))

table 7 : explain SELECT id FROM sbtest7 WHERE id BETWEEN 3307762 AND 3307862
	Index Only Scan using sbtest7_pkey on sbtest7  (cost=0.43..6.33 rows=95 width=4)
	  Index Cond: ((id >= 3307762) AND (id <= 3307862))

table 8 : explain SELECT id FROM sbtest8 WHERE id BETWEEN 3307762 AND 3307862
	Index Only Scan using sbtest8_pkey on sbtest8  (cost=0.43..6.33 rows=95 width=4)
	  Index Cond: ((id >= 3307762) AND (id <= 3307862))

explain: for range-covered :: explain SELECT id FROM sbtest%d WHERE id BETWEEN 3307762 AND 3307862
for range-covered
table 1 : explain SELECT id FROM sbtest1 WHERE id BETWEEN 3307762 AND 3307862
	Index Only Scan using sbtest1_pkey on sbtest1  (cost=0.43..6.50 rows=103 width=4)
	  Index Cond: ((id >= 3307762) AND (id <= 3307862))

table 2 : explain SELECT id FROM sbtest2 WHERE id BETWEEN 3307762 AND 3307862
	Index Only Scan using sbtest2_pkey on sbtest2  (cost=0.43..6.58 rows=107 width=4)
	  Index Cond: ((id >= 3307762) AND (id <= 3307862))

table 3 : explain SELECT id FROM sbtest3 WHERE id BETWEEN 3307762 AND 3307862
	Index Only Scan using sbtest3_pkey on sbtest3  (cost=0.43..10.32 rows=94 width=4)
	  Index Cond: ((id >= 3307762) AND (id <= 3307862))

table 4 : explain SELECT id FROM sbtest4 WHERE id BETWEEN 3307762 AND 3307862
	Index Only Scan using sbtest4_pkey on sbtest4  (cost=0.43..6.25 rows=91 width=4)
	  Index Cond: ((id >= 3307762) AND (id <= 3307862))

table 5 : explain SELECT id FROM sbtest5 WHERE id BETWEEN 3307762 AND 3307862
	Index Only Scan using sbtest5_pkey on sbtest5  (cost=0.43..6.17 rows=87 width=4)
	  Index Cond: ((id >= 3307762) AND (id <= 3307862))

table 6 : explain SELECT id FROM sbtest6 WHERE id BETWEEN 3307762 AND 3307862
	Index Only Scan using sbtest6_pkey on sbtest6  (cost=0.43..6.19 rows=88 width=4)
	  Index Cond: ((id >= 3307762) AND (id <= 3307862))

table 7 : explain SELECT id FROM sbtest7 WHERE id BETWEEN 3307762 AND 3307862
	Index Only Scan using sbtest7_pkey on sbtest7  (cost=0.43..6.33 rows=95 width=4)
	  Index Cond: ((id >= 3307762) AND (id <= 3307862))

table 8 : explain SELECT id FROM sbtest8 WHERE id BETWEEN 3307762 AND 3307862
	Index Only Scan using sbtest8_pkey on sbtest8  (cost=0.43..6.33 rows=95 width=4)
	  Index Cond: ((id >= 3307762) AND (id <= 3307862))

explain: for range-covered :: explain SELECT id FROM sbtest%d WHERE id BETWEEN 3307762 AND 3307862
for range-covered
table 1 : explain SELECT id FROM sbtest1 WHERE id BETWEEN 6278563 AND 6278663
	Index Only Scan using sbtest1_pkey on sbtest1  (cost=0.43..6.33 rows=95 width=4)
	  Index Cond: ((id >= 6278563) AND (id <= 6278663))

table 2 : explain SELECT id FROM sbtest2 WHERE id BETWEEN 6278563 AND 6278663
	Index Only Scan using sbtest2_pkey on sbtest2  (cost=0.43..6.47 rows=102 width=4)
	  Index Cond: ((id >= 6278563) AND (id <= 6278663))

table 3 : explain SELECT id FROM sbtest3 WHERE id BETWEEN 6278563 AND 6278663
	Index Only Scan using sbtest3_pkey on sbtest3  (cost=0.43..10.28 rows=92 width=4)
	  Index Cond: ((id >= 6278563) AND (id <= 6278663))

table 4 : explain SELECT id FROM sbtest4 WHERE id BETWEEN 6278563 AND 6278663
	Index Only Scan using sbtest4_pkey on sbtest4  (cost=0.43..6.35 rows=96 width=4)
	  Index Cond: ((id >= 6278563) AND (id <= 6278663))

table 5 : explain SELECT id FROM sbtest5 WHERE id BETWEEN 6278563 AND 6278663
	Index Only Scan using sbtest5_pkey on sbtest5  (cost=0.43..6.63 rows=110 width=4)
	  Index Cond: ((id >= 6278563) AND (id <= 6278663))

table 6 : explain SELECT id FROM sbtest6 WHERE id BETWEEN 6278563 AND 6278663
	Index Only Scan using sbtest6_pkey on sbtest6  (cost=0.43..6.59 rows=108 width=4)
	  Index Cond: ((id >= 6278563) AND (id <= 6278663))

table 7 : explain SELECT id FROM sbtest7 WHERE id BETWEEN 6278563 AND 6278663
	Index Only Scan using sbtest7_pkey on sbtest7  (cost=0.43..6.51 rows=104 width=4)
	  Index Cond: ((id >= 6278563) AND (id <= 6278663))

table 8 : explain SELECT id FROM sbtest8 WHERE id BETWEEN 6278563 AND 6278663
	Index Only Scan using sbtest8_pkey on sbtest8  (cost=0.43..6.33 rows=95 width=4)
	  Index Cond: ((id >= 6278563) AND (id <= 6278663))

for range-covered
table 1 : explain SELECT id FROM sbtest1 WHERE id BETWEEN 8283652 AND 8283752
	Index Only Scan using sbtest1_pkey on sbtest1  (cost=0.43..6.59 rows=108 width=4)
	  Index Cond: ((id >= 8283652) AND (id <= 8283752))

table 2 : explain SELECT id FROM sbtest2 WHERE id BETWEEN 8283652 AND 8283752
	Index Only Scan using sbtest2_pkey on sbtest2  (cost=0.43..6.56 rows=106 width=4)
	  Index Cond: ((id >= 8283652) AND (id <= 8283752))

table 3 : explain SELECT id FROM sbtest3 WHERE id BETWEEN 8283652 AND 8283752
	Index Only Scan using sbtest3_pkey on sbtest3  (cost=0.43..10.70 rows=113 width=4)
	  Index Cond: ((id >= 8283652) AND (id <= 8283752))

table 4 : explain SELECT id FROM sbtest4 WHERE id BETWEEN 8283652 AND 8283752
	Index Only Scan using sbtest4_pkey on sbtest4  (cost=0.43..6.58 rows=107 width=4)
	  Index Cond: ((id >= 8283652) AND (id <= 8283752))

table 5 : explain SELECT id FROM sbtest5 WHERE id BETWEEN 8283652 AND 8283752
	Index Only Scan using sbtest5_pkey on sbtest5  (cost=0.43..6.40 rows=98 width=4)
	  Index Cond: ((id >= 8283652) AND (id <= 8283752))

table 6 : explain SELECT id FROM sbtest6 WHERE id BETWEEN 8283652 AND 8283752
	Index Only Scan using sbtest6_pkey on sbtest6  (cost=0.43..6.37 rows=97 width=4)
	  Index Cond: ((id >= 8283652) AND (id <= 8283752))

table 7 : explain SELECT id FROM sbtest7 WHERE id BETWEEN 8283652 AND 8283752
	Index Only Scan using sbtest7_pkey on sbtest7  (cost=0.43..6.53 rows=105 width=4)
	  Index Cond: ((id >= 8283652) AND (id <= 8283752))

table 8 : explain SELECT id FROM sbtest8 WHERE id BETWEEN 8283652 AND 8283752
	Index Only Scan using sbtest8_pkey on sbtest8  (cost=0.43..6.51 rows=104 width=4)
	  Index Cond: ((id >= 8283652) AND (id <= 8283752))

for range-covered
table 1 : explain SELECT id FROM sbtest1 WHERE id BETWEEN 3307762 AND 3307862
	Index Only Scan using sbtest1_pkey on sbtest1  (cost=0.43..6.50 rows=103 width=4)
	  Index Cond: ((id >= 3307762) AND (id <= 3307862))

table 2 : explain SELECT id FROM sbtest2 WHERE id BETWEEN 3307762 AND 3307862
	Index Only Scan using sbtest2_pkey on sbtest2  (cost=0.43..6.58 rows=107 width=4)
	  Index Cond: ((id >= 3307762) AND (id <= 3307862))

table 3 : explain SELECT id FROM sbtest3 WHERE id BETWEEN 3307762 AND 3307862
	Index Only Scan using sbtest3_pkey on sbtest3  (cost=0.43..10.32 rows=94 width=4)
	  Index Cond: ((id >= 3307762) AND (id <= 3307862))

table 4 : explain SELECT id FROM sbtest4 WHERE id BETWEEN 3307762 AND 3307862
	Index Only Scan using sbtest4_pkey on sbtest4  (cost=0.43..6.25 rows=91 width=4)
	  Index Cond: ((id >= 3307762) AND (id <= 3307862))

table 5 : explain SELECT id FROM sbtest5 WHERE id BETWEEN 3307762 AND 3307862
	Index Only Scan using sbtest5_pkey on sbtest5  (cost=0.43..6.17 rows=87 width=4)
	  Index Cond: ((id >= 3307762) AND (id <= 3307862))

table 6 : explain SELECT id FROM sbtest6 WHERE id BETWEEN 3307762 AND 3307862
	Index Only Scan using sbtest6_pkey on sbtest6  (cost=0.43..6.19 rows=88 width=4)
	  Index Cond: ((id >= 3307762) AND (id <= 3307862))

table 7 : explain SELECT id FROM sbtest7 WHERE id BETWEEN 3307762 AND 3307862
	Index Only Scan using sbtest7_pkey on sbtest7  (cost=0.43..6.33 rows=95 width=4)
	  Index Cond: ((id >= 3307762) AND (id <= 3307862))

table 8 : explain SELECT id FROM sbtest8 WHERE id BETWEEN 3307762 AND 3307862
	Index Only Scan using sbtest8_pkey on sbtest8  (cost=0.43..6.33 rows=95 width=4)
	  Index Cond: ((id >= 3307762) AND (id <= 3307862))

explain: for range-covered :: explain SELECT id FROM sbtest%d WHERE id BETWEEN 8283652 AND 8283752
for range-covered
table 1 : explain SELECT id FROM sbtest1 WHERE id BETWEEN 1083950 AND 1084050
	Index Only Scan using sbtest1_pkey on sbtest1  (cost=0.43..6.35 rows=96 width=4)
	  Index Cond: ((id >= 1083950) AND (id <= 1084050))

table 2 : explain SELECT id FROM sbtest2 WHERE id BETWEEN 1083950 AND 1084050
	Index Only Scan using sbtest2_pkey on sbtest2  (cost=0.43..6.42 rows=99 width=4)
	  Index Cond: ((id >= 1083950) AND (id <= 1084050))

table 3 : explain SELECT id FROM sbtest3 WHERE id BETWEEN 1083950 AND 1084050
	Index Only Scan using sbtest3_pkey on sbtest3  (cost=0.43..10.42 rows=99 width=4)
	  Index Cond: ((id >= 1083950) AND (id <= 1084050))

table 4 : explain SELECT id FROM sbtest4 WHERE id BETWEEN 1083950 AND 1084050
	Index Only Scan using sbtest4_pkey on sbtest4  (cost=0.43..6.42 rows=99 width=4)
	  Index Cond: ((id >= 1083950) AND (id <= 1084050))

table 5 : explain SELECT id FROM sbtest5 WHERE id BETWEEN 1083950 AND 1084050
	Index Only Scan using sbtest5_pkey on sbtest5  (cost=0.43..6.35 rows=96 width=4)
	  Index Cond: ((id >= 1083950) AND (id <= 1084050))

table 6 : explain SELECT id FROM sbtest6 WHERE id BETWEEN 1083950 AND 1084050
	Index Only Scan using sbtest6_pkey on sbtest6  (cost=0.43..6.40 rows=98 width=4)
	  Index Cond: ((id >= 1083950) AND (id <= 1084050))

table 7 : explain SELECT id FROM sbtest7 WHERE id BETWEEN 1083950 AND 1084050
	Index Only Scan using sbtest7_pkey on sbtest7  (cost=0.43..6.24 rows=90 width=4)
	  Index Cond: ((id >= 1083950) AND (id <= 1084050))

table 8 : explain SELECT id FROM sbtest8 WHERE id BETWEEN 1083950 AND 1084050
	Index Only Scan using sbtest8_pkey on sbtest8  (cost=0.43..6.32 rows=94 width=4)
	  Index Cond: ((id >= 1083950) AND (id <= 1084050))

explain: for range-covered :: explain SELECT id FROM sbtest%d WHERE id BETWEEN 3307762 AND 3307862
explain: for range-covered :: explain SELECT id FROM sbtest%d WHERE id BETWEEN 1083950 AND 1084050
for range-covered
table 1 : explain SELECT id FROM sbtest1 WHERE id BETWEEN 6276650 AND 6276750
	Index Only Scan using sbtest1_pkey on sbtest1  (cost=0.43..6.33 rows=95 width=4)
	  Index Cond: ((id >= 6276650) AND (id <= 6276750))

table 2 : explain SELECT id FROM sbtest2 WHERE id BETWEEN 6276650 AND 6276750
	Index Only Scan using sbtest2_pkey on sbtest2  (cost=0.43..6.47 rows=102 width=4)
	  Index Cond: ((id >= 6276650) AND (id <= 6276750))

table 3 : explain SELECT id FROM sbtest3 WHERE id BETWEEN 6276650 AND 6276750
	Index Only Scan using sbtest3_pkey on sbtest3  (cost=0.43..10.28 rows=92 width=4)
	  Index Cond: ((id >= 6276650) AND (id <= 6276750))

table 4 : explain SELECT id FROM sbtest4 WHERE id BETWEEN 6276650 AND 6276750
	Index Only Scan using sbtest4_pkey on sbtest4  (cost=0.43..6.35 rows=96 width=4)
	  Index Cond: ((id >= 6276650) AND (id <= 6276750))

table 5 : explain SELECT id FROM sbtest5 WHERE id BETWEEN 6276650 AND 6276750
	Index Only Scan using sbtest5_pkey on sbtest5  (cost=0.43..6.63 rows=110 width=4)
	  Index Cond: ((id >= 6276650) AND (id <= 6276750))

table 6 : explain SELECT id FROM sbtest6 WHERE id BETWEEN 6276650 AND 6276750
	Index Only Scan using sbtest6_pkey on sbtest6  (cost=0.43..6.59 rows=108 width=4)
	  Index Cond: ((id >= 6276650) AND (id <= 6276750))

table 7 : explain SELECT id FROM sbtest7 WHERE id BETWEEN 6276650 AND 6276750
	Index Only Scan using sbtest7_pkey on sbtest7  (cost=0.43..6.51 rows=104 width=4)
	  Index Cond: ((id >= 6276650) AND (id <= 6276750))

table 8 : explain SELECT id FROM sbtest8 WHERE id BETWEEN 6276650 AND 6276750
	Index Only Scan using sbtest8_pkey on sbtest8  (cost=0.43..6.33 rows=95 width=4)
	  Index Cond: ((id >= 6276650) AND (id <= 6276750))

explain: for range-covered :: explain SELECT id FROM sbtest%d WHERE id BETWEEN 6278563 AND 6278663
explain: for range-covered :: explain SELECT id FROM sbtest%d WHERE id BETWEEN 5518069 AND 5518169
explain: for range-covered :: explain SELECT id FROM sbtest%d WHERE id BETWEEN 6276650 AND 6276750
for range-covered
table 1 : explain SELECT id FROM sbtest1 WHERE id BETWEEN 3307762 AND 3307862
	Index Only Scan using sbtest1_pkey on sbtest1  (cost=0.43..6.50 rows=103 width=4)
	  Index Cond: ((id >= 3307762) AND (id <= 3307862))

table 2 : explain SELECT id FROM sbtest2 WHERE id BETWEEN 3307762 AND 3307862
	Index Only Scan using sbtest2_pkey on sbtest2  (cost=0.43..6.58 rows=107 width=4)
	  Index Cond: ((id >= 3307762) AND (id <= 3307862))

table 3 : explain SELECT id FROM sbtest3 WHERE id BETWEEN 3307762 AND 3307862
	Index Only Scan using sbtest3_pkey on sbtest3  (cost=0.43..10.32 rows=94 width=4)
	  Index Cond: ((id >= 3307762) AND (id <= 3307862))

table 4 : explain SELECT id FROM sbtest4 WHERE id BETWEEN 3307762 AND 3307862
	Index Only Scan using sbtest4_pkey on sbtest4  (cost=0.43..6.25 rows=91 width=4)
	  Index Cond: ((id >= 3307762) AND (id <= 3307862))

table 5 : explain SELECT id FROM sbtest5 WHERE id BETWEEN 3307762 AND 3307862
	Index Only Scan using sbtest5_pkey on sbtest5  (cost=0.43..6.17 rows=87 width=4)
	  Index Cond: ((id >= 3307762) AND (id <= 3307862))

table 6 : explain SELECT id FROM sbtest6 WHERE id BETWEEN 3307762 AND 3307862
	Index Only Scan using sbtest6_pkey on sbtest6  (cost=0.43..6.19 rows=88 width=4)
	  Index Cond: ((id >= 3307762) AND (id <= 3307862))

table 7 : explain SELECT id FROM sbtest7 WHERE id BETWEEN 3307762 AND 3307862
	Index Only Scan using sbtest7_pkey on sbtest7  (cost=0.43..6.33 rows=95 width=4)
	  Index Cond: ((id >= 3307762) AND (id <= 3307862))

table 8 : explain SELECT id FROM sbtest8 WHERE id BETWEEN 3307762 AND 3307862
	Index Only Scan using sbtest8_pkey on sbtest8  (cost=0.43..6.33 rows=95 width=4)
	  Index Cond: ((id >= 3307762) AND (id <= 3307862))

for range-covered
table 1 : explain SELECT id FROM sbtest1 WHERE id BETWEEN 8283652 AND 8283752
	Index Only Scan using sbtest1_pkey on sbtest1  (cost=0.43..6.59 rows=108 width=4)
	  Index Cond: ((id >= 8283652) AND (id <= 8283752))

table 2 : explain SELECT id FROM sbtest2 WHERE id BETWEEN 8283652 AND 8283752
	Index Only Scan using sbtest2_pkey on sbtest2  (cost=0.43..6.56 rows=106 width=4)
	  Index Cond: ((id >= 8283652) AND (id <= 8283752))

table 3 : explain SELECT id FROM sbtest3 WHERE id BETWEEN 8283652 AND 8283752
	Index Only Scan using sbtest3_pkey on sbtest3  (cost=0.43..10.70 rows=113 width=4)
	  Index Cond: ((id >= 8283652) AND (id <= 8283752))

table 4 : explain SELECT id FROM sbtest4 WHERE id BETWEEN 8283652 AND 8283752
	Index Only Scan using sbtest4_pkey on sbtest4  (cost=0.43..6.58 rows=107 width=4)
	  Index Cond: ((id >= 8283652) AND (id <= 8283752))

table 5 : explain SELECT id FROM sbtest5 WHERE id BETWEEN 8283652 AND 8283752
	Index Only Scan using sbtest5_pkey on sbtest5  (cost=0.43..6.40 rows=98 width=4)
	  Index Cond: ((id >= 8283652) AND (id <= 8283752))

table 6 : explain SELECT id FROM sbtest6 WHERE id BETWEEN 8283652 AND 8283752
	Index Only Scan using sbtest6_pkey on sbtest6  (cost=0.43..6.37 rows=97 width=4)
	  Index Cond: ((id >= 8283652) AND (id <= 8283752))

table 7 : explain SELECT id FROM sbtest7 WHERE id BETWEEN 8283652 AND 8283752
	Index Only Scan using sbtest7_pkey on sbtest7  (cost=0.43..6.53 rows=105 width=4)
	  Index Cond: ((id >= 8283652) AND (id <= 8283752))

table 8 : explain SELECT id FROM sbtest8 WHERE id BETWEEN 8283652 AND 8283752
	Index Only Scan using sbtest8_pkey on sbtest8  (cost=0.43..6.51 rows=104 width=4)
	  Index Cond: ((id >= 8283652) AND (id <= 8283752))

explain: for range-covered :: explain SELECT id FROM sbtest%d WHERE id BETWEEN 3307762 AND 3307862
explain: for range-covered :: explain SELECT id FROM sbtest%d WHERE id BETWEEN 8283652 AND 8283752
for range-covered
table 1 : explain SELECT id FROM sbtest1 WHERE id BETWEEN 1083950 AND 1084050
	Index Only Scan using sbtest1_pkey on sbtest1  (cost=0.43..6.35 rows=96 width=4)
	  Index Cond: ((id >= 1083950) AND (id <= 1084050))

table 2 : explain SELECT id FROM sbtest2 WHERE id BETWEEN 1083950 AND 1084050
	Index Only Scan using sbtest2_pkey on sbtest2  (cost=0.43..6.42 rows=99 width=4)
	  Index Cond: ((id >= 1083950) AND (id <= 1084050))

table 3 : explain SELECT id FROM sbtest3 WHERE id BETWEEN 1083950 AND 1084050
	Index Only Scan using sbtest3_pkey on sbtest3  (cost=0.43..10.42 rows=99 width=4)
	  Index Cond: ((id >= 1083950) AND (id <= 1084050))

table 4 : explain SELECT id FROM sbtest4 WHERE id BETWEEN 1083950 AND 1084050
	Index Only Scan using sbtest4_pkey on sbtest4  (cost=0.43..6.42 rows=99 width=4)
	  Index Cond: ((id >= 1083950) AND (id <= 1084050))

table 5 : explain SELECT id FROM sbtest5 WHERE id BETWEEN 1083950 AND 1084050
	Index Only Scan using sbtest5_pkey on sbtest5  (cost=0.43..6.35 rows=96 width=4)
	  Index Cond: ((id >= 1083950) AND (id <= 1084050))

table 6 : explain SELECT id FROM sbtest6 WHERE id BETWEEN 1083950 AND 1084050
	Index Only Scan using sbtest6_pkey on sbtest6  (cost=0.43..6.40 rows=98 width=4)
	  Index Cond: ((id >= 1083950) AND (id <= 1084050))

table 7 : explain SELECT id FROM sbtest7 WHERE id BETWEEN 1083950 AND 1084050
	Index Only Scan using sbtest7_pkey on sbtest7  (cost=0.43..6.24 rows=90 width=4)
	  Index Cond: ((id >= 1083950) AND (id <= 1084050))

table 8 : explain SELECT id FROM sbtest8 WHERE id BETWEEN 1083950 AND 1084050
	Index Only Scan using sbtest8_pkey on sbtest8  (cost=0.43..6.32 rows=94 width=4)
	  Index Cond: ((id >= 1083950) AND (id <= 1084050))

explain: for range-covered :: explain SELECT id FROM sbtest%d WHERE id BETWEEN 1083950 AND 1084050
explain: for range-covered :: explain SELECT id FROM sbtest%d WHERE id BETWEEN 9039748 AND 9039848
for range-covered
table 1 : explain SELECT id FROM sbtest1 WHERE id BETWEEN 6276650 AND 6276750
	Index Only Scan using sbtest1_pkey on sbtest1  (cost=0.43..6.33 rows=95 width=4)
	  Index Cond: ((id >= 6276650) AND (id <= 6276750))

table 2 : explain SELECT id FROM sbtest2 WHERE id BETWEEN 6276650 AND 6276750
	Index Only Scan using sbtest2_pkey on sbtest2  (cost=0.43..6.47 rows=102 width=4)
	  Index Cond: ((id >= 6276650) AND (id <= 6276750))

table 3 : explain SELECT id FROM sbtest3 WHERE id BETWEEN 6276650 AND 6276750
	Index Only Scan using sbtest3_pkey on sbtest3  (cost=0.43..10.28 rows=92 width=4)
	  Index Cond: ((id >= 6276650) AND (id <= 6276750))

table 4 : explain SELECT id FROM sbtest4 WHERE id BETWEEN 6276650 AND 6276750
	Index Only Scan using sbtest4_pkey on sbtest4  (cost=0.43..6.35 rows=96 width=4)
	  Index Cond: ((id >= 6276650) AND (id <= 6276750))

table 5 : explain SELECT id FROM sbtest5 WHERE id BETWEEN 6276650 AND 6276750
	Index Only Scan using sbtest5_pkey on sbtest5  (cost=0.43..6.63 rows=110 width=4)
	  Index Cond: ((id >= 6276650) AND (id <= 6276750))

table 6 : explain SELECT id FROM sbtest6 WHERE id BETWEEN 6276650 AND 6276750
	Index Only Scan using sbtest6_pkey on sbtest6  (cost=0.43..6.59 rows=108 width=4)
	  Index Cond: ((id >= 6276650) AND (id <= 6276750))

table 7 : explain SELECT id FROM sbtest7 WHERE id BETWEEN 6276650 AND 6276750
	Index Only Scan using sbtest7_pkey on sbtest7  (cost=0.43..6.51 rows=104 width=4)
	  Index Cond: ((id >= 6276650) AND (id <= 6276750))

table 8 : explain SELECT id FROM sbtest8 WHERE id BETWEEN 6276650 AND 6276750
	Index Only Scan using sbtest8_pkey on sbtest8  (cost=0.43..6.33 rows=95 width=4)
	  Index Cond: ((id >= 6276650) AND (id <= 6276750))

explain: for range-covered :: explain SELECT id FROM sbtest%d WHERE id BETWEEN 1464563 AND 1464663
for range-covered
table 1 : explain SELECT id FROM sbtest1 WHERE id BETWEEN 8283652 AND 8283752
	Index Only Scan using sbtest1_pkey on sbtest1  (cost=0.43..6.59 rows=108 width=4)
	  Index Cond: ((id >= 8283652) AND (id <= 8283752))

table 2 : explain SELECT id FROM sbtest2 WHERE id BETWEEN 8283652 AND 8283752
	Index Only Scan using sbtest2_pkey on sbtest2  (cost=0.43..6.56 rows=106 width=4)
	  Index Cond: ((id >= 8283652) AND (id <= 8283752))

table 3 : explain SELECT id FROM sbtest3 WHERE id BETWEEN 8283652 AND 8283752
	Index Only Scan using sbtest3_pkey on sbtest3  (cost=0.43..10.70 rows=113 width=4)
	  Index Cond: ((id >= 8283652) AND (id <= 8283752))

table 4 : explain SELECT id FROM sbtest4 WHERE id BETWEEN 8283652 AND 8283752
	Index Only Scan using sbtest4_pkey on sbtest4  (cost=0.43..6.58 rows=107 width=4)
	  Index Cond: ((id >= 8283652) AND (id <= 8283752))

table 5 : explain SELECT id FROM sbtest5 WHERE id BETWEEN 8283652 AND 8283752
	Index Only Scan using sbtest5_pkey on sbtest5  (cost=0.43..6.40 rows=98 width=4)
	  Index Cond: ((id >= 8283652) AND (id <= 8283752))

table 6 : explain SELECT id FROM sbtest6 WHERE id BETWEEN 8283652 AND 8283752
	Index Only Scan using sbtest6_pkey on sbtest6  (cost=0.43..6.37 rows=97 width=4)
	  Index Cond: ((id >= 8283652) AND (id <= 8283752))

table 7 : explain SELECT id FROM sbtest7 WHERE id BETWEEN 8283652 AND 8283752
	Index Only Scan using sbtest7_pkey on sbtest7  (cost=0.43..6.53 rows=105 width=4)
	  Index Cond: ((id >= 8283652) AND (id <= 8283752))

table 8 : explain SELECT id FROM sbtest8 WHERE id BETWEEN 8283652 AND 8283752
	Index Only Scan using sbtest8_pkey on sbtest8  (cost=0.43..6.51 rows=104 width=4)
	  Index Cond: ((id >= 8283652) AND (id <= 8283752))

for range-covered
table 1 : explain SELECT id FROM sbtest1 WHERE id BETWEEN 3307762 AND 3307862
	Index Only Scan using sbtest1_pkey on sbtest1  (cost=0.43..6.50 rows=103 width=4)
	  Index Cond: ((id >= 3307762) AND (id <= 3307862))

table 2 : explain SELECT id FROM sbtest2 WHERE id BETWEEN 3307762 AND 3307862
	Index Only Scan using sbtest2_pkey on sbtest2  (cost=0.43..6.58 rows=107 width=4)
	  Index Cond: ((id >= 3307762) AND (id <= 3307862))

table 3 : explain SELECT id FROM sbtest3 WHERE id BETWEEN 3307762 AND 3307862
	Index Only Scan using sbtest3_pkey on sbtest3  (cost=0.43..10.32 rows=94 width=4)
	  Index Cond: ((id >= 3307762) AND (id <= 3307862))

table 4 : explain SELECT id FROM sbtest4 WHERE id BETWEEN 3307762 AND 3307862
	Index Only Scan using sbtest4_pkey on sbtest4  (cost=0.43..6.25 rows=91 width=4)
	  Index Cond: ((id >= 3307762) AND (id <= 3307862))

table 5 : explain SELECT id FROM sbtest5 WHERE id BETWEEN 3307762 AND 3307862
	Index Only Scan using sbtest5_pkey on sbtest5  (cost=0.43..6.17 rows=87 width=4)
	  Index Cond: ((id >= 3307762) AND (id <= 3307862))

table 6 : explain SELECT id FROM sbtest6 WHERE id BETWEEN 3307762 AND 3307862
	Index Only Scan using sbtest6_pkey on sbtest6  (cost=0.43..6.19 rows=88 width=4)
	  Index Cond: ((id >= 3307762) AND (id <= 3307862))

table 7 : explain SELECT id FROM sbtest7 WHERE id BETWEEN 3307762 AND 3307862
	Index Only Scan using sbtest7_pkey on sbtest7  (cost=0.43..6.33 rows=95 width=4)
	  Index Cond: ((id >= 3307762) AND (id <= 3307862))

table 8 : explain SELECT id FROM sbtest8 WHERE id BETWEEN 3307762 AND 3307862
	Index Only Scan using sbtest8_pkey on sbtest8  (cost=0.43..6.33 rows=95 width=4)
	  Index Cond: ((id >= 3307762) AND (id <= 3307862))

for range-covered
table 1 : explain SELECT id FROM sbtest1 WHERE id BETWEEN 6278563 AND 6278663
	Index Only Scan using sbtest1_pkey on sbtest1  (cost=0.43..6.33 rows=95 width=4)
	  Index Cond: ((id >= 6278563) AND (id <= 6278663))

table 2 : explain SELECT id FROM sbtest2 WHERE id BETWEEN 6278563 AND 6278663
	Index Only Scan using sbtest2_pkey on sbtest2  (cost=0.43..6.47 rows=102 width=4)
	  Index Cond: ((id >= 6278563) AND (id <= 6278663))

table 3 : explain SELECT id FROM sbtest3 WHERE id BETWEEN 6278563 AND 6278663
	Index Only Scan using sbtest3_pkey on sbtest3  (cost=0.43..10.28 rows=92 width=4)
	  Index Cond: ((id >= 6278563) AND (id <= 6278663))

table 4 : explain SELECT id FROM sbtest4 WHERE id BETWEEN 6278563 AND 6278663
	Index Only Scan using sbtest4_pkey on sbtest4  (cost=0.43..6.35 rows=96 width=4)
	  Index Cond: ((id >= 6278563) AND (id <= 6278663))

table 5 : explain SELECT id FROM sbtest5 WHERE id BETWEEN 6278563 AND 6278663
	Index Only Scan using sbtest5_pkey on sbtest5  (cost=0.43..6.63 rows=110 width=4)
	  Index Cond: ((id >= 6278563) AND (id <= 6278663))

table 6 : explain SELECT id FROM sbtest6 WHERE id BETWEEN 6278563 AND 6278663
	Index Only Scan using sbtest6_pkey on sbtest6  (cost=0.43..6.59 rows=108 width=4)
	  Index Cond: ((id >= 6278563) AND (id <= 6278663))

table 7 : explain SELECT id FROM sbtest7 WHERE id BETWEEN 6278563 AND 6278663
	Index Only Scan using sbtest7_pkey on sbtest7  (cost=0.43..6.51 rows=104 width=4)
	  Index Cond: ((id >= 6278563) AND (id <= 6278663))

table 8 : explain SELECT id FROM sbtest8 WHERE id BETWEEN 6278563 AND 6278663
	Index Only Scan using sbtest8_pkey on sbtest8  (cost=0.43..6.33 rows=95 width=4)
	  Index Cond: ((id >= 6278563) AND (id <= 6278663))

explain: for range-covered :: explain SELECT id FROM sbtest%d WHERE id BETWEEN 8283652 AND 8283752
explain: for range-covered :: explain SELECT id FROM sbtest%d WHERE id BETWEEN 6278563 AND 6278663
for range-covered
table 1 : explain SELECT id FROM sbtest1 WHERE id BETWEEN 1083950 AND 1084050
	Index Only Scan using sbtest1_pkey on sbtest1  (cost=0.43..6.35 rows=96 width=4)
	  Index Cond: ((id >= 1083950) AND (id <= 1084050))

table 2 : explain SELECT id FROM sbtest2 WHERE id BETWEEN 1083950 AND 1084050
	Index Only Scan using sbtest2_pkey on sbtest2  (cost=0.43..6.42 rows=99 width=4)
	  Index Cond: ((id >= 1083950) AND (id <= 1084050))

table 3 : explain SELECT id FROM sbtest3 WHERE id BETWEEN 1083950 AND 1084050
	Index Only Scan using sbtest3_pkey on sbtest3  (cost=0.43..10.42 rows=99 width=4)
	  Index Cond: ((id >= 1083950) AND (id <= 1084050))

table 4 : explain SELECT id FROM sbtest4 WHERE id BETWEEN 1083950 AND 1084050
	Index Only Scan using sbtest4_pkey on sbtest4  (cost=0.43..6.42 rows=99 width=4)
	  Index Cond: ((id >= 1083950) AND (id <= 1084050))

table 5 : explain SELECT id FROM sbtest5 WHERE id BETWEEN 1083950 AND 1084050
	Index Only Scan using sbtest5_pkey on sbtest5  (cost=0.43..6.35 rows=96 width=4)
	  Index Cond: ((id >= 1083950) AND (id <= 1084050))

table 6 : explain SELECT id FROM sbtest6 WHERE id BETWEEN 1083950 AND 1084050
	Index Only Scan using sbtest6_pkey on sbtest6  (cost=0.43..6.40 rows=98 width=4)
	  Index Cond: ((id >= 1083950) AND (id <= 1084050))

table 7 : explain SELECT id FROM sbtest7 WHERE id BETWEEN 1083950 AND 1084050
	Index Only Scan using sbtest7_pkey on sbtest7  (cost=0.43..6.24 rows=90 width=4)
	  Index Cond: ((id >= 1083950) AND (id <= 1084050))

table 8 : explain SELECT id FROM sbtest8 WHERE id BETWEEN 1083950 AND 1084050
	Index Only Scan using sbtest8_pkey on sbtest8  (cost=0.43..6.32 rows=94 width=4)
	  Index Cond: ((id >= 1083950) AND (id <= 1084050))

explain: for range-covered :: explain SELECT id FROM sbtest%d WHERE id BETWEEN 1083950 AND 1084050
explain: for range-covered :: explain SELECT id FROM sbtest%d WHERE id BETWEEN 3179232 AND 3179332
for range-covered
table 1 : explain SELECT id FROM sbtest1 WHERE id BETWEEN 8283652 AND 8283752
	Index Only Scan using sbtest1_pkey on sbtest1  (cost=0.43..6.59 rows=108 width=4)
	  Index Cond: ((id >= 8283652) AND (id <= 8283752))

table 2 : explain SELECT id FROM sbtest2 WHERE id BETWEEN 8283652 AND 8283752
	Index Only Scan using sbtest2_pkey on sbtest2  (cost=0.43..6.56 rows=106 width=4)
	  Index Cond: ((id >= 8283652) AND (id <= 8283752))

table 3 : explain SELECT id FROM sbtest3 WHERE id BETWEEN 8283652 AND 8283752
	Index Only Scan using sbtest3_pkey on sbtest3  (cost=0.43..10.70 rows=113 width=4)
	  Index Cond: ((id >= 8283652) AND (id <= 8283752))

table 4 : explain SELECT id FROM sbtest4 WHERE id BETWEEN 8283652 AND 8283752
	Index Only Scan using sbtest4_pkey on sbtest4  (cost=0.43..6.58 rows=107 width=4)
	  Index Cond: ((id >= 8283652) AND (id <= 8283752))

table 5 : explain SELECT id FROM sbtest5 WHERE id BETWEEN 8283652 AND 8283752
	Index Only Scan using sbtest5_pkey on sbtest5  (cost=0.43..6.40 rows=98 width=4)
	  Index Cond: ((id >= 8283652) AND (id <= 8283752))

table 6 : explain SELECT id FROM sbtest6 WHERE id BETWEEN 8283652 AND 8283752
	Index Only Scan using sbtest6_pkey on sbtest6  (cost=0.43..6.37 rows=97 width=4)
	  Index Cond: ((id >= 8283652) AND (id <= 8283752))

table 7 : explain SELECT id FROM sbtest7 WHERE id BETWEEN 8283652 AND 8283752
	Index Only Scan using sbtest7_pkey on sbtest7  (cost=0.43..6.53 rows=105 width=4)
	  Index Cond: ((id >= 8283652) AND (id <= 8283752))

table 8 : explain SELECT id FROM sbtest8 WHERE id BETWEEN 8283652 AND 8283752
	Index Only Scan using sbtest8_pkey on sbtest8  (cost=0.43..6.51 rows=104 width=4)
	  Index Cond: ((id >= 8283652) AND (id <= 8283752))

explain: for range-covered :: explain SELECT id FROM sbtest%d WHERE id BETWEEN 8283652 AND 8283752
for range-covered
table 1 : explain SELECT id FROM sbtest1 WHERE id BETWEEN 1083950 AND 1084050
	Index Only Scan using sbtest1_pkey on sbtest1  (cost=0.43..6.35 rows=96 width=4)
	  Index Cond: ((id >= 1083950) AND (id <= 1084050))

table 2 : explain SELECT id FROM sbtest2 WHERE id BETWEEN 1083950 AND 1084050
	Index Only Scan using sbtest2_pkey on sbtest2  (cost=0.43..6.42 rows=99 width=4)
	  Index Cond: ((id >= 1083950) AND (id <= 1084050))

table 3 : explain SELECT id FROM sbtest3 WHERE id BETWEEN 1083950 AND 1084050
	Index Only Scan using sbtest3_pkey on sbtest3  (cost=0.43..10.42 rows=99 width=4)
	  Index Cond: ((id >= 1083950) AND (id <= 1084050))

table 4 : explain SELECT id FROM sbtest4 WHERE id BETWEEN 1083950 AND 1084050
	Index Only Scan using sbtest4_pkey on sbtest4  (cost=0.43..6.42 rows=99 width=4)
	  Index Cond: ((id >= 1083950) AND (id <= 1084050))

table 5 : explain SELECT id FROM sbtest5 WHERE id BETWEEN 1083950 AND 1084050
	Index Only Scan using sbtest5_pkey on sbtest5  (cost=0.43..6.35 rows=96 width=4)
	  Index Cond: ((id >= 1083950) AND (id <= 1084050))

table 6 : explain SELECT id FROM sbtest6 WHERE id BETWEEN 1083950 AND 1084050
	Index Only Scan using sbtest6_pkey on sbtest6  (cost=0.43..6.40 rows=98 width=4)
	  Index Cond: ((id >= 1083950) AND (id <= 1084050))

table 7 : explain SELECT id FROM sbtest7 WHERE id BETWEEN 1083950 AND 1084050
	Index Only Scan using sbtest7_pkey on sbtest7  (cost=0.43..6.24 rows=90 width=4)
	  Index Cond: ((id >= 1083950) AND (id <= 1084050))

table 8 : explain SELECT id FROM sbtest8 WHERE id BETWEEN 1083950 AND 1084050
	Index Only Scan using sbtest8_pkey on sbtest8  (cost=0.43..6.32 rows=94 width=4)
	  Index Cond: ((id >= 1083950) AND (id <= 1084050))

for range-covered
table 1 : explain SELECT id FROM sbtest1 WHERE id BETWEEN 5518069 AND 5518169
	Index Only Scan using sbtest1_pkey on sbtest1  (cost=0.43..6.37 rows=97 width=4)
	  Index Cond: ((id >= 5518069) AND (id <= 5518169))

table 2 : explain SELECT id FROM sbtest2 WHERE id BETWEEN 5518069 AND 5518169
	Index Only Scan using sbtest2_pkey on sbtest2  (cost=0.43..6.50 rows=103 width=4)
	  Index Cond: ((id >= 5518069) AND (id <= 5518169))

table 3 : explain SELECT id FROM sbtest3 WHERE id BETWEEN 5518069 AND 5518169
	Index Only Scan using sbtest3_pkey on sbtest3  (cost=0.43..10.38 rows=97 width=4)
	  Index Cond: ((id >= 5518069) AND (id <= 5518169))

table 4 : explain SELECT id FROM sbtest4 WHERE id BETWEEN 5518069 AND 5518169
	Index Only Scan using sbtest4_pkey on sbtest4  (cost=0.43..6.32 rows=94 width=4)
	  Index Cond: ((id >= 5518069) AND (id <= 5518169))

table 5 : explain SELECT id FROM sbtest5 WHERE id BETWEEN 5518069 AND 5518169
	Index Only Scan using sbtest5_pkey on sbtest5  (cost=0.43..6.43 rows=100 width=4)
	  Index Cond: ((id >= 5518069) AND (id <= 5518169))

table 6 : explain SELECT id FROM sbtest6 WHERE id BETWEEN 5518069 AND 5518169
	Index Only Scan using sbtest6_pkey on sbtest6  (cost=0.43..6.43 rows=100 width=4)
	  Index Cond: ((id >= 5518069) AND (id <= 5518169))

table 7 : explain SELECT id FROM sbtest7 WHERE id BETWEEN 5518069 AND 5518169
	Index Only Scan using sbtest7_pkey on sbtest7  (cost=0.43..6.35 rows=96 width=4)
	  Index Cond: ((id >= 5518069) AND (id <= 5518169))

table 8 : explain SELECT id FROM sbtest8 WHERE id BETWEEN 5518069 AND 5518169
	Index Only Scan using sbtest8_pkey on sbtest8  (cost=0.43..6.43 rows=100 width=4)
	  Index Cond: ((id >= 5518069) AND (id <= 5518169))

for range-covered
table 1 : explain SELECT id FROM sbtest1 WHERE id BETWEEN 6278563 AND 6278663
	Index Only Scan using sbtest1_pkey on sbtest1  (cost=0.43..6.33 rows=95 width=4)
	  Index Cond: ((id >= 6278563) AND (id <= 6278663))

table 2 : explain SELECT id FROM sbtest2 WHERE id BETWEEN 6278563 AND 6278663
	Index Only Scan using sbtest2_pkey on sbtest2  (cost=0.43..6.47 rows=102 width=4)
	  Index Cond: ((id >= 6278563) AND (id <= 6278663))

table 3 : explain SELECT id FROM sbtest3 WHERE id BETWEEN 6278563 AND 6278663
	Index Only Scan using sbtest3_pkey on sbtest3  (cost=0.43..10.28 rows=92 width=4)
	  Index Cond: ((id >= 6278563) AND (id <= 6278663))

table 4 : explain SELECT id FROM sbtest4 WHERE id BETWEEN 6278563 AND 6278663
	Index Only Scan using sbtest4_pkey on sbtest4  (cost=0.43..6.35 rows=96 width=4)
	  Index Cond: ((id >= 6278563) AND (id <= 6278663))

table 5 : explain SELECT id FROM sbtest5 WHERE id BETWEEN 6278563 AND 6278663
	Index Only Scan using sbtest5_pkey on sbtest5  (cost=0.43..6.63 rows=110 width=4)
	  Index Cond: ((id >= 6278563) AND (id <= 6278663))

table 6 : explain SELECT id FROM sbtest6 WHERE id BETWEEN 6278563 AND 6278663
	Index Only Scan using sbtest6_pkey on sbtest6  (cost=0.43..6.59 rows=108 width=4)
	  Index Cond: ((id >= 6278563) AND (id <= 6278663))

table 7 : explain SELECT id FROM sbtest7 WHERE id BETWEEN 6278563 AND 6278663
	Index Only Scan using sbtest7_pkey on sbtest7  (cost=0.43..6.51 rows=104 width=4)
	  Index Cond: ((id >= 6278563) AND (id <= 6278663))

table 8 : explain SELECT id FROM sbtest8 WHERE id BETWEEN 6278563 AND 6278663
	Index Only Scan using sbtest8_pkey on sbtest8  (cost=0.43..6.33 rows=95 width=4)
	  Index Cond: ((id >= 6278563) AND (id <= 6278663))

explain: for range-covered :: explain SELECT id FROM sbtest%d WHERE id BETWEEN 5518069 AND 5518169
explain: for range-covered :: explain SELECT id FROM sbtest%d WHERE id BETWEEN 6278563 AND 6278663
for range-covered
table 1 : explain SELECT id FROM sbtest1 WHERE id BETWEEN 8283652 AND 8283752
	Index Only Scan using sbtest1_pkey on sbtest1  (cost=0.43..6.59 rows=108 width=4)
	  Index Cond: ((id >= 8283652) AND (id <= 8283752))

table 2 : explain SELECT id FROM sbtest2 WHERE id BETWEEN 8283652 AND 8283752
	Index Only Scan using sbtest2_pkey on sbtest2  (cost=0.43..6.56 rows=106 width=4)
	  Index Cond: ((id >= 8283652) AND (id <= 8283752))

table 3 : explain SELECT id FROM sbtest3 WHERE id BETWEEN 8283652 AND 8283752
	Index Only Scan using sbtest3_pkey on sbtest3  (cost=0.43..10.70 rows=113 width=4)
	  Index Cond: ((id >= 8283652) AND (id <= 8283752))

table 4 : explain SELECT id FROM sbtest4 WHERE id BETWEEN 8283652 AND 8283752
	Index Only Scan using sbtest4_pkey on sbtest4  (cost=0.43..6.58 rows=107 width=4)
	  Index Cond: ((id >= 8283652) AND (id <= 8283752))

table 5 : explain SELECT id FROM sbtest5 WHERE id BETWEEN 8283652 AND 8283752
	Index Only Scan using sbtest5_pkey on sbtest5  (cost=0.43..6.40 rows=98 width=4)
	  Index Cond: ((id >= 8283652) AND (id <= 8283752))

table 6 : explain SELECT id FROM sbtest6 WHERE id BETWEEN 8283652 AND 8283752
	Index Only Scan using sbtest6_pkey on sbtest6  (cost=0.43..6.37 rows=97 width=4)
	  Index Cond: ((id >= 8283652) AND (id <= 8283752))

table 7 : explain SELECT id FROM sbtest7 WHERE id BETWEEN 8283652 AND 8283752
	Index Only Scan using sbtest7_pkey on sbtest7  (cost=0.43..6.53 rows=105 width=4)
	  Index Cond: ((id >= 8283652) AND (id <= 8283752))

table 8 : explain SELECT id FROM sbtest8 WHERE id BETWEEN 8283652 AND 8283752
	Index Only Scan using sbtest8_pkey on sbtest8  (cost=0.43..6.51 rows=104 width=4)
	  Index Cond: ((id >= 8283652) AND (id <= 8283752))

for range-covered
table 1 : explain SELECT id FROM sbtest1 WHERE id BETWEEN 9039748 AND 9039848
	Index Only Scan using sbtest1_pkey on sbtest1  (cost=0.43..6.29 rows=93 width=4)
	  Index Cond: ((id >= 9039748) AND (id <= 9039848))

table 2 : explain SELECT id FROM sbtest2 WHERE id BETWEEN 9039748 AND 9039848
	Index Only Scan using sbtest2_pkey on sbtest2  (cost=0.43..6.45 rows=101 width=4)
	  Index Cond: ((id >= 9039748) AND (id <= 9039848))

table 3 : explain SELECT id FROM sbtest3 WHERE id BETWEEN 9039748 AND 9039848
	Index Only Scan using sbtest3_pkey on sbtest3  (cost=0.43..10.29 rows=93 width=4)
	  Index Cond: ((id >= 9039748) AND (id <= 9039848))

table 4 : explain SELECT id FROM sbtest4 WHERE id BETWEEN 9039748 AND 9039848
	Index Only Scan using sbtest4_pkey on sbtest4  (cost=0.43..6.58 rows=107 width=4)
	  Index Cond: ((id >= 9039748) AND (id <= 9039848))

table 5 : explain SELECT id FROM sbtest5 WHERE id BETWEEN 9039748 AND 9039848
	Index Only Scan using sbtest5_pkey on sbtest5  (cost=0.43..6.66 rows=111 width=4)
	  Index Cond: ((id >= 9039748) AND (id <= 9039848))

table 6 : explain SELECT id FROM sbtest6 WHERE id BETWEEN 9039748 AND 9039848
	Index Only Scan using sbtest6_pkey on sbtest6  (cost=0.43..6.56 rows=106 width=4)
	  Index Cond: ((id >= 9039748) AND (id <= 9039848))

table 7 : explain SELECT id FROM sbtest7 WHERE id BETWEEN 9039748 AND 9039848
	Index Only Scan using sbtest7_pkey on sbtest7  (cost=0.43..6.63 rows=110 width=4)
	  Index Cond: ((id >= 9039748) AND (id <= 9039848))

table 8 : explain SELECT id FROM sbtest8 WHERE id BETWEEN 9039748 AND 9039848
	Index Only Scan using sbtest8_pkey on sbtest8  (cost=0.43..6.47 rows=102 width=4)
	  Index Cond: ((id >= 9039748) AND (id <= 9039848))

for range-covered
table 1 : explain SELECT id FROM sbtest1 WHERE id BETWEEN 1464563 AND 1464663
	Index Only Scan using sbtest1_pkey on sbtest1  (cost=0.43..6.29 rows=93 width=4)
	  Index Cond: ((id >= 1464563) AND (id <= 1464663))

table 2 : explain SELECT id FROM sbtest2 WHERE id BETWEEN 1464563 AND 1464663
	Index Only Scan using sbtest2_pkey on sbtest2  (cost=0.43..6.61 rows=109 width=4)
	  Index Cond: ((id >= 1464563) AND (id <= 1464663))

table 3 : explain SELECT id FROM sbtest3 WHERE id BETWEEN 1464563 AND 1464663
	Index Only Scan using sbtest3_pkey on sbtest3  (cost=0.43..10.32 rows=94 width=4)
	  Index Cond: ((id >= 1464563) AND (id <= 1464663))

table 4 : explain SELECT id FROM sbtest4 WHERE id BETWEEN 1464563 AND 1464663
	Index Only Scan using sbtest4_pkey on sbtest4  (cost=0.43..6.47 rows=102 width=4)
	  Index Cond: ((id >= 1464563) AND (id <= 1464663))

table 5 : explain SELECT id FROM sbtest5 WHERE id BETWEEN 1464563 AND 1464663
	Index Only Scan using sbtest5_pkey on sbtest5  (cost=0.43..6.40 rows=98 width=4)
	  Index Cond: ((id >= 1464563) AND (id <= 1464663))

table 6 : explain SELECT id FROM sbtest6 WHERE id BETWEEN 1464563 AND 1464663
	Index Only Scan using sbtest6_pkey on sbtest6  (cost=0.43..6.33 rows=95 width=4)
	  Index Cond: ((id >= 1464563) AND (id <= 1464663))

table 7 : explain SELECT id FROM sbtest7 WHERE id BETWEEN 1464563 AND 1464663
	Index Only Scan using sbtest7_pkey on sbtest7  (cost=0.43..6.37 rows=97 width=4)
	  Index Cond: ((id >= 1464563) AND (id <= 1464663))

table 8 : explain SELECT id FROM sbtest8 WHERE id BETWEEN 1464563 AND 1464663
	Index Only Scan using sbtest8_pkey on sbtest8  (cost=0.43..6.53 rows=105 width=4)
	  Index Cond: ((id >= 1464563) AND (id <= 1464663))

explain: for range-covered :: explain SELECT id FROM sbtest%d WHERE id BETWEEN 9039748 AND 9039848
explain: for range-covered :: explain SELECT id FROM sbtest%d WHERE id BETWEEN 1464563 AND 1464663
for range-covered
table 1 : explain SELECT id FROM sbtest1 WHERE id BETWEEN 5518069 AND 5518169
	Index Only Scan using sbtest1_pkey on sbtest1  (cost=0.43..6.37 rows=97 width=4)
	  Index Cond: ((id >= 5518069) AND (id <= 5518169))

table 2 : explain SELECT id FROM sbtest2 WHERE id BETWEEN 5518069 AND 5518169
	Index Only Scan using sbtest2_pkey on sbtest2  (cost=0.43..6.50 rows=103 width=4)
	  Index Cond: ((id >= 5518069) AND (id <= 5518169))

table 3 : explain SELECT id FROM sbtest3 WHERE id BETWEEN 5518069 AND 5518169
	Index Only Scan using sbtest3_pkey on sbtest3  (cost=0.43..10.38 rows=97 width=4)
	  Index Cond: ((id >= 5518069) AND (id <= 5518169))

table 4 : explain SELECT id FROM sbtest4 WHERE id BETWEEN 5518069 AND 5518169
	Index Only Scan using sbtest4_pkey on sbtest4  (cost=0.43..6.32 rows=94 width=4)
	  Index Cond: ((id >= 5518069) AND (id <= 5518169))

table 5 : explain SELECT id FROM sbtest5 WHERE id BETWEEN 5518069 AND 5518169
	Index Only Scan using sbtest5_pkey on sbtest5  (cost=0.43..6.43 rows=100 width=4)
	  Index Cond: ((id >= 5518069) AND (id <= 5518169))

table 6 : explain SELECT id FROM sbtest6 WHERE id BETWEEN 5518069 AND 5518169
	Index Only Scan using sbtest6_pkey on sbtest6  (cost=0.43..6.43 rows=100 width=4)
	  Index Cond: ((id >= 5518069) AND (id <= 5518169))

table 7 : explain SELECT id FROM sbtest7 WHERE id BETWEEN 5518069 AND 5518169
	Index Only Scan using sbtest7_pkey on sbtest7  (cost=0.43..6.35 rows=96 width=4)
	  Index Cond: ((id >= 5518069) AND (id <= 5518169))

table 8 : explain SELECT id FROM sbtest8 WHERE id BETWEEN 5518069 AND 5518169
	Index Only Scan using sbtest8_pkey on sbtest8  (cost=0.43..6.43 rows=100 width=4)
	  Index Cond: ((id >= 5518069) AND (id <= 5518169))

explain: for range-covered :: explain SELECT id FROM sbtest%d WHERE id BETWEEN 4657053 AND 4657153
explain: for range-covered :: explain SELECT id FROM sbtest%d WHERE id BETWEEN 5518069 AND 5518169
for range-covered
table 1 : explain SELECT id FROM sbtest1 WHERE id BETWEEN 4407182 AND 4407282
	Index Only Scan using sbtest1_pkey on sbtest1  (cost=0.43..6.27 rows=92 width=4)
	  Index Cond: ((id >= 4407182) AND (id <= 4407282))

table 2 : explain SELECT id FROM sbtest2 WHERE id BETWEEN 4407182 AND 4407282
	Index Only Scan using sbtest2_pkey on sbtest2  (cost=0.43..6.43 rows=100 width=4)
	  Index Cond: ((id >= 4407182) AND (id <= 4407282))

table 3 : explain SELECT id FROM sbtest3 WHERE id BETWEEN 4407182 AND 4407282
	Index Only Scan using sbtest3_pkey on sbtest3  (cost=0.43..10.47 rows=102 width=4)
	  Index Cond: ((id >= 4407182) AND (id <= 4407282))

table 4 : explain SELECT id FROM sbtest4 WHERE id BETWEEN 4407182 AND 4407282
	Index Only Scan using sbtest4_pkey on sbtest4  (cost=0.43..6.56 rows=106 width=4)
	  Index Cond: ((id >= 4407182) AND (id <= 4407282))

table 5 : explain SELECT id FROM sbtest5 WHERE id BETWEEN 4407182 AND 4407282
	Index Only Scan using sbtest5_pkey on sbtest5  (cost=0.43..6.56 rows=106 width=4)
	  Index Cond: ((id >= 4407182) AND (id <= 4407282))

table 6 : explain SELECT id FROM sbtest6 WHERE id BETWEEN 4407182 AND 4407282
	Index Only Scan using sbtest6_pkey on sbtest6  (cost=0.43..6.35 rows=96 width=4)
	  Index Cond: ((id >= 4407182) AND (id <= 4407282))

table 7 : explain SELECT id FROM sbtest7 WHERE id BETWEEN 4407182 AND 4407282
	Index Only Scan using sbtest7_pkey on sbtest7  (cost=0.43..6.50 rows=103 width=4)
	  Index Cond: ((id >= 4407182) AND (id <= 4407282))

table 8 : explain SELECT id FROM sbtest8 WHERE id BETWEEN 4407182 AND 4407282
	Index Only Scan using sbtest8_pkey on sbtest8  (cost=0.43..6.43 rows=100 width=4)
	  Index Cond: ((id >= 4407182) AND (id <= 4407282))

explain: for range-covered :: explain SELECT id FROM sbtest%d WHERE id BETWEEN 2762445 AND 2762545
for range-covered
table 1 : explain SELECT id FROM sbtest1 WHERE id BETWEEN 6278563 AND 6278663
	Index Only Scan using sbtest1_pkey on sbtest1  (cost=0.43..6.33 rows=95 width=4)
	  Index Cond: ((id >= 6278563) AND (id <= 6278663))

table 2 : explain SELECT id FROM sbtest2 WHERE id BETWEEN 6278563 AND 6278663
	Index Only Scan using sbtest2_pkey on sbtest2  (cost=0.43..6.47 rows=102 width=4)
	  Index Cond: ((id >= 6278563) AND (id <= 6278663))

table 3 : explain SELECT id FROM sbtest3 WHERE id BETWEEN 6278563 AND 6278663
	Index Only Scan using sbtest3_pkey on sbtest3  (cost=0.43..10.28 rows=92 width=4)
	  Index Cond: ((id >= 6278563) AND (id <= 6278663))

table 4 : explain SELECT id FROM sbtest4 WHERE id BETWEEN 6278563 AND 6278663
	Index Only Scan using sbtest4_pkey on sbtest4  (cost=0.43..6.35 rows=96 width=4)
	  Index Cond: ((id >= 6278563) AND (id <= 6278663))

table 5 : explain SELECT id FROM sbtest5 WHERE id BETWEEN 6278563 AND 6278663
	Index Only Scan using sbtest5_pkey on sbtest5  (cost=0.43..6.63 rows=110 width=4)
	  Index Cond: ((id >= 6278563) AND (id <= 6278663))

table 6 : explain SELECT id FROM sbtest6 WHERE id BETWEEN 6278563 AND 6278663
	Index Only Scan using sbtest6_pkey on sbtest6  (cost=0.43..6.59 rows=108 width=4)
	  Index Cond: ((id >= 6278563) AND (id <= 6278663))

table 7 : explain SELECT id FROM sbtest7 WHERE id BETWEEN 6278563 AND 6278663
	Index Only Scan using sbtest7_pkey on sbtest7  (cost=0.43..6.51 rows=104 width=4)
	  Index Cond: ((id >= 6278563) AND (id <= 6278663))

table 8 : explain SELECT id FROM sbtest8 WHERE id BETWEEN 6278563 AND 6278663
	Index Only Scan using sbtest8_pkey on sbtest8  (cost=0.43..6.33 rows=95 width=4)
	  Index Cond: ((id >= 6278563) AND (id <= 6278663))

explain: for range-covered :: explain SELECT id FROM sbtest%d WHERE id BETWEEN 4407182 AND 4407282
explain: for range-covered :: explain SELECT id FROM sbtest%d WHERE id BETWEEN 6278563 AND 6278663
for range-covered
table 1 : explain SELECT id FROM sbtest1 WHERE id BETWEEN 9039748 AND 9039848
	Index Only Scan using sbtest1_pkey on sbtest1  (cost=0.43..6.29 rows=93 width=4)
	  Index Cond: ((id >= 9039748) AND (id <= 9039848))

table 2 : explain SELECT id FROM sbtest2 WHERE id BETWEEN 9039748 AND 9039848
	Index Only Scan using sbtest2_pkey on sbtest2  (cost=0.43..6.45 rows=101 width=4)
	  Index Cond: ((id >= 9039748) AND (id <= 9039848))

table 3 : explain SELECT id FROM sbtest3 WHERE id BETWEEN 9039748 AND 9039848
	Index Only Scan using sbtest3_pkey on sbtest3  (cost=0.43..10.29 rows=93 width=4)
	  Index Cond: ((id >= 9039748) AND (id <= 9039848))

table 4 : explain SELECT id FROM sbtest4 WHERE id BETWEEN 9039748 AND 9039848
	Index Only Scan using sbtest4_pkey on sbtest4  (cost=0.43..6.58 rows=107 width=4)
	  Index Cond: ((id >= 9039748) AND (id <= 9039848))

table 5 : explain SELECT id FROM sbtest5 WHERE id BETWEEN 9039748 AND 9039848
	Index Only Scan using sbtest5_pkey on sbtest5  (cost=0.43..6.66 rows=111 width=4)
	  Index Cond: ((id >= 9039748) AND (id <= 9039848))

table 6 : explain SELECT id FROM sbtest6 WHERE id BETWEEN 9039748 AND 9039848
	Index Only Scan using sbtest6_pkey on sbtest6  (cost=0.43..6.56 rows=106 width=4)
	  Index Cond: ((id >= 9039748) AND (id <= 9039848))

table 7 : explain SELECT id FROM sbtest7 WHERE id BETWEEN 9039748 AND 9039848
	Index Only Scan using sbtest7_pkey on sbtest7  (cost=0.43..6.63 rows=110 width=4)
	  Index Cond: ((id >= 9039748) AND (id <= 9039848))

table 8 : explain SELECT id FROM sbtest8 WHERE id BETWEEN 9039748 AND 9039848
	Index Only Scan using sbtest8_pkey on sbtest8  (cost=0.43..6.47 rows=102 width=4)
	  Index Cond: ((id >= 9039748) AND (id <= 9039848))

for range-covered
table 1 : explain SELECT id FROM sbtest1 WHERE id BETWEEN 1464563 AND 1464663
	Index Only Scan using sbtest1_pkey on sbtest1  (cost=0.43..6.29 rows=93 width=4)
	  Index Cond: ((id >= 1464563) AND (id <= 1464663))

table 2 : explain SELECT id FROM sbtest2 WHERE id BETWEEN 1464563 AND 1464663
	Index Only Scan using sbtest2_pkey on sbtest2  (cost=0.43..6.61 rows=109 width=4)
	  Index Cond: ((id >= 1464563) AND (id <= 1464663))

table 3 : explain SELECT id FROM sbtest3 WHERE id BETWEEN 1464563 AND 1464663
	Index Only Scan using sbtest3_pkey on sbtest3  (cost=0.43..10.32 rows=94 width=4)
	  Index Cond: ((id >= 1464563) AND (id <= 1464663))

table 4 : explain SELECT id FROM sbtest4 WHERE id BETWEEN 1464563 AND 1464663
	Index Only Scan using sbtest4_pkey on sbtest4  (cost=0.43..6.47 rows=102 width=4)
	  Index Cond: ((id >= 1464563) AND (id <= 1464663))

table 5 : explain SELECT id FROM sbtest5 WHERE id BETWEEN 1464563 AND 1464663
	Index Only Scan using sbtest5_pkey on sbtest5  (cost=0.43..6.40 rows=98 width=4)
	  Index Cond: ((id >= 1464563) AND (id <= 1464663))

table 6 : explain SELECT id FROM sbtest6 WHERE id BETWEEN 1464563 AND 1464663
	Index Only Scan using sbtest6_pkey on sbtest6  (cost=0.43..6.33 rows=95 width=4)
	  Index Cond: ((id >= 1464563) AND (id <= 1464663))

table 7 : explain SELECT id FROM sbtest7 WHERE id BETWEEN 1464563 AND 1464663
	Index Only Scan using sbtest7_pkey on sbtest7  (cost=0.43..6.37 rows=97 width=4)
	  Index Cond: ((id >= 1464563) AND (id <= 1464663))

table 8 : explain SELECT id FROM sbtest8 WHERE id BETWEEN 1464563 AND 1464663
	Index Only Scan using sbtest8_pkey on sbtest8  (cost=0.43..6.53 rows=105 width=4)
	  Index Cond: ((id >= 1464563) AND (id <= 1464663))

explain: for range-covered :: explain SELECT id FROM sbtest%d WHERE id BETWEEN 9039748 AND 9039848
for range-covered
table 1 : explain SELECT id FROM sbtest1 WHERE id BETWEEN 5518069 AND 5518169
	Index Only Scan using sbtest1_pkey on sbtest1  (cost=0.43..6.37 rows=97 width=4)
	  Index Cond: ((id >= 5518069) AND (id <= 5518169))

table 2 : explain SELECT id FROM sbtest2 WHERE id BETWEEN 5518069 AND 5518169
	Index Only Scan using sbtest2_pkey on sbtest2  (cost=0.43..6.50 rows=103 width=4)
	  Index Cond: ((id >= 5518069) AND (id <= 5518169))

table 3 : explain SELECT id FROM sbtest3 WHERE id BETWEEN 5518069 AND 5518169
	Index Only Scan using sbtest3_pkey on sbtest3  (cost=0.43..10.38 rows=97 width=4)
	  Index Cond: ((id >= 5518069) AND (id <= 5518169))

table 4 : explain SELECT id FROM sbtest4 WHERE id BETWEEN 5518069 AND 5518169
	Index Only Scan using sbtest4_pkey on sbtest4  (cost=0.43..6.32 rows=94 width=4)
	  Index Cond: ((id >= 5518069) AND (id <= 5518169))

table 5 : explain SELECT id FROM sbtest5 WHERE id BETWEEN 5518069 AND 5518169
	Index Only Scan using sbtest5_pkey on sbtest5  (cost=0.43..6.43 rows=100 width=4)
	  Index Cond: ((id >= 5518069) AND (id <= 5518169))

table 6 : explain SELECT id FROM sbtest6 WHERE id BETWEEN 5518069 AND 5518169
	Index Only Scan using sbtest6_pkey on sbtest6  (cost=0.43..6.43 rows=100 width=4)
	  Index Cond: ((id >= 5518069) AND (id <= 5518169))

table 7 : explain SELECT id FROM sbtest7 WHERE id BETWEEN 5518069 AND 5518169
	Index Only Scan using sbtest7_pkey on sbtest7  (cost=0.43..6.35 rows=96 width=4)
	  Index Cond: ((id >= 5518069) AND (id <= 5518169))

table 8 : explain SELECT id FROM sbtest8 WHERE id BETWEEN 5518069 AND 5518169
	Index Only Scan using sbtest8_pkey on sbtest8  (cost=0.43..6.43 rows=100 width=4)
	  Index Cond: ((id >= 5518069) AND (id <= 5518169))

explain: for range-covered :: explain SELECT id FROM sbtest%d WHERE id BETWEEN 1464563 AND 1464663
for range-covered
table 1 : explain SELECT id FROM sbtest1 WHERE id BETWEEN 3179232 AND 3179332
	Index Only Scan using sbtest1_pkey on sbtest1  (cost=0.43..6.29 rows=93 width=4)
	  Index Cond: ((id >= 3179232) AND (id <= 3179332))

table 2 : explain SELECT id FROM sbtest2 WHERE id BETWEEN 3179232 AND 3179332
	Index Only Scan using sbtest2_pkey on sbtest2  (cost=0.43..6.45 rows=101 width=4)
	  Index Cond: ((id >= 3179232) AND (id <= 3179332))

table 3 : explain SELECT id FROM sbtest3 WHERE id BETWEEN 3179232 AND 3179332
	Index Only Scan using sbtest3_pkey on sbtest3  (cost=0.43..10.54 rows=105 width=4)
	  Index Cond: ((id >= 3179232) AND (id <= 3179332))

table 4 : explain SELECT id FROM sbtest4 WHERE id BETWEEN 3179232 AND 3179332
	Index Only Scan using sbtest4_pkey on sbtest4  (cost=0.43..6.51 rows=104 width=4)
	  Index Cond: ((id >= 3179232) AND (id <= 3179332))

table 5 : explain SELECT id FROM sbtest5 WHERE id BETWEEN 3179232 AND 3179332
	Index Only Scan using sbtest5_pkey on sbtest5  (cost=0.43..6.25 rows=91 width=4)
	  Index Cond: ((id >= 3179232) AND (id <= 3179332))

table 6 : explain SELECT id FROM sbtest6 WHERE id BETWEEN 3179232 AND 3179332
	Index Only Scan using sbtest6_pkey on sbtest6  (cost=0.43..6.45 rows=101 width=4)
	  Index Cond: ((id >= 3179232) AND (id <= 3179332))

table 7 : explain SELECT id FROM sbtest7 WHERE id BETWEEN 3179232 AND 3179332
	Index Only Scan using sbtest7_pkey on sbtest7  (cost=0.43..6.45 rows=101 width=4)
	  Index Cond: ((id >= 3179232) AND (id <= 3179332))

table 8 : explain SELECT id FROM sbtest8 WHERE id BETWEEN 3179232 AND 3179332
	Index Only Scan using sbtest8_pkey on sbtest8  (cost=0.43..6.33 rows=95 width=4)
	  Index Cond: ((id >= 3179232) AND (id <= 3179332))

explain: for range-covered :: explain SELECT id FROM sbtest%d WHERE id BETWEEN 3179232 AND 3179332
explain: for range-covered :: explain SELECT id FROM sbtest%d WHERE id BETWEEN 4040293 AND 4040393
explain: for range-covered :: explain SELECT id FROM sbtest%d WHERE id BETWEEN 5518069 AND 5518169
explain: for range-covered :: explain SELECT id FROM sbtest%d WHERE id BETWEEN 8283652 AND 8283752
for range-covered
table 1 : explain SELECT id FROM sbtest1 WHERE id BETWEEN 1464563 AND 1464663
	Index Only Scan using sbtest1_pkey on sbtest1  (cost=0.43..6.29 rows=93 width=4)
	  Index Cond: ((id >= 1464563) AND (id <= 1464663))

table 2 : explain SELECT id FROM sbtest2 WHERE id BETWEEN 1464563 AND 1464663
	Index Only Scan using sbtest2_pkey on sbtest2  (cost=0.43..6.61 rows=109 width=4)
	  Index Cond: ((id >= 1464563) AND (id <= 1464663))

table 3 : explain SELECT id FROM sbtest3 WHERE id BETWEEN 1464563 AND 1464663
	Index Only Scan using sbtest3_pkey on sbtest3  (cost=0.43..10.32 rows=94 width=4)
	  Index Cond: ((id >= 1464563) AND (id <= 1464663))

table 4 : explain SELECT id FROM sbtest4 WHERE id BETWEEN 1464563 AND 1464663
	Index Only Scan using sbtest4_pkey on sbtest4  (cost=0.43..6.47 rows=102 width=4)
	  Index Cond: ((id >= 1464563) AND (id <= 1464663))

table 5 : explain SELECT id FROM sbtest5 WHERE id BETWEEN 1464563 AND 1464663
	Index Only Scan using sbtest5_pkey on sbtest5  (cost=0.43..6.40 rows=98 width=4)
	  Index Cond: ((id >= 1464563) AND (id <= 1464663))

table 6 : explain SELECT id FROM sbtest6 WHERE id BETWEEN 1464563 AND 1464663
	Index Only Scan using sbtest6_pkey on sbtest6  (cost=0.43..6.33 rows=95 width=4)
	  Index Cond: ((id >= 1464563) AND (id <= 1464663))

table 7 : explain SELECT id FROM sbtest7 WHERE id BETWEEN 1464563 AND 1464663
	Index Only Scan using sbtest7_pkey on sbtest7  (cost=0.43..6.37 rows=97 width=4)
	  Index Cond: ((id >= 1464563) AND (id <= 1464663))

table 8 : explain SELECT id FROM sbtest8 WHERE id BETWEEN 1464563 AND 1464663
	Index Only Scan using sbtest8_pkey on sbtest8  (cost=0.43..6.53 rows=105 width=4)
	  Index Cond: ((id >= 1464563) AND (id <= 1464663))

explain: for range-covered :: explain SELECT id FROM sbtest%d WHERE id BETWEEN 1464563 AND 1464663
for range-covered
table 1 : explain SELECT id FROM sbtest1 WHERE id BETWEEN 4407182 AND 4407282
	Index Only Scan using sbtest1_pkey on sbtest1  (cost=0.43..6.27 rows=92 width=4)
	  Index Cond: ((id >= 4407182) AND (id <= 4407282))

table 2 : explain SELECT id FROM sbtest2 WHERE id BETWEEN 4407182 AND 4407282
	Index Only Scan using sbtest2_pkey on sbtest2  (cost=0.43..6.43 rows=100 width=4)
	  Index Cond: ((id >= 4407182) AND (id <= 4407282))

table 3 : explain SELECT id FROM sbtest3 WHERE id BETWEEN 4407182 AND 4407282
	Index Only Scan using sbtest3_pkey on sbtest3  (cost=0.43..10.47 rows=102 width=4)
	  Index Cond: ((id >= 4407182) AND (id <= 4407282))

table 4 : explain SELECT id FROM sbtest4 WHERE id BETWEEN 4407182 AND 4407282
	Index Only Scan using sbtest4_pkey on sbtest4  (cost=0.43..6.56 rows=106 width=4)
	  Index Cond: ((id >= 4407182) AND (id <= 4407282))

table 5 : explain SELECT id FROM sbtest5 WHERE id BETWEEN 4407182 AND 4407282
	Index Only Scan using sbtest5_pkey on sbtest5  (cost=0.43..6.56 rows=106 width=4)
	  Index Cond: ((id >= 4407182) AND (id <= 4407282))

table 6 : explain SELECT id FROM sbtest6 WHERE id BETWEEN 4407182 AND 4407282
	Index Only Scan using sbtest6_pkey on sbtest6  (cost=0.43..6.35 rows=96 width=4)
	  Index Cond: ((id >= 4407182) AND (id <= 4407282))

table 7 : explain SELECT id FROM sbtest7 WHERE id BETWEEN 4407182 AND 4407282
	Index Only Scan using sbtest7_pkey on sbtest7  (cost=0.43..6.50 rows=103 width=4)
	  Index Cond: ((id >= 4407182) AND (id <= 4407282))

table 8 : explain SELECT id FROM sbtest8 WHERE id BETWEEN 4407182 AND 4407282
	Index Only Scan using sbtest8_pkey on sbtest8  (cost=0.43..6.43 rows=100 width=4)
	  Index Cond: ((id >= 4407182) AND (id <= 4407282))

for range-covered
table 1 : explain SELECT id FROM sbtest1 WHERE id BETWEEN 6278563 AND 6278663
	Index Only Scan using sbtest1_pkey on sbtest1  (cost=0.43..6.33 rows=95 width=4)
	  Index Cond: ((id >= 6278563) AND (id <= 6278663))

table 2 : explain SELECT id FROM sbtest2 WHERE id BETWEEN 6278563 AND 6278663
	Index Only Scan using sbtest2_pkey on sbtest2  (cost=0.43..6.47 rows=102 width=4)
	  Index Cond: ((id >= 6278563) AND (id <= 6278663))

table 3 : explain SELECT id FROM sbtest3 WHERE id BETWEEN 6278563 AND 6278663
	Index Only Scan using sbtest3_pkey on sbtest3  (cost=0.43..10.28 rows=92 width=4)
	  Index Cond: ((id >= 6278563) AND (id <= 6278663))

table 4 : explain SELECT id FROM sbtest4 WHERE id BETWEEN 6278563 AND 6278663
	Index Only Scan using sbtest4_pkey on sbtest4  (cost=0.43..6.35 rows=96 width=4)
	  Index Cond: ((id >= 6278563) AND (id <= 6278663))

table 5 : explain SELECT id FROM sbtest5 WHERE id BETWEEN 6278563 AND 6278663
	Index Only Scan using sbtest5_pkey on sbtest5  (cost=0.43..6.63 rows=110 width=4)
	  Index Cond: ((id >= 6278563) AND (id <= 6278663))

table 6 : explain SELECT id FROM sbtest6 WHERE id BETWEEN 6278563 AND 6278663
	Index Only Scan using sbtest6_pkey on sbtest6  (cost=0.43..6.59 rows=108 width=4)
	  Index Cond: ((id >= 6278563) AND (id <= 6278663))

table 7 : explain SELECT id FROM sbtest7 WHERE id BETWEEN 6278563 AND 6278663
	Index Only Scan using sbtest7_pkey on sbtest7  (cost=0.43..6.51 rows=104 width=4)
	  Index Cond: ((id >= 6278563) AND (id <= 6278663))

table 8 : explain SELECT id FROM sbtest8 WHERE id BETWEEN 6278563 AND 6278663
	Index Only Scan using sbtest8_pkey on sbtest8  (cost=0.43..6.33 rows=95 width=4)
	  Index Cond: ((id >= 6278563) AND (id <= 6278663))

explain: for range-covered :: explain SELECT id FROM sbtest%d WHERE id BETWEEN 4407182 AND 4407282
explain: for range-covered :: explain SELECT id FROM sbtest%d WHERE id BETWEEN 6278563 AND 6278663
for range-covered
table 1 : explain SELECT id FROM sbtest1 WHERE id BETWEEN 9039748 AND 9039848
	Index Only Scan using sbtest1_pkey on sbtest1  (cost=0.43..6.29 rows=93 width=4)
	  Index Cond: ((id >= 9039748) AND (id <= 9039848))

table 2 : explain SELECT id FROM sbtest2 WHERE id BETWEEN 9039748 AND 9039848
	Index Only Scan using sbtest2_pkey on sbtest2  (cost=0.43..6.45 rows=101 width=4)
	  Index Cond: ((id >= 9039748) AND (id <= 9039848))

table 3 : explain SELECT id FROM sbtest3 WHERE id BETWEEN 9039748 AND 9039848
	Index Only Scan using sbtest3_pkey on sbtest3  (cost=0.43..10.29 rows=93 width=4)
	  Index Cond: ((id >= 9039748) AND (id <= 9039848))

table 4 : explain SELECT id FROM sbtest4 WHERE id BETWEEN 9039748 AND 9039848
	Index Only Scan using sbtest4_pkey on sbtest4  (cost=0.43..6.58 rows=107 width=4)
	  Index Cond: ((id >= 9039748) AND (id <= 9039848))

table 5 : explain SELECT id FROM sbtest5 WHERE id BETWEEN 9039748 AND 9039848
	Index Only Scan using sbtest5_pkey on sbtest5  (cost=0.43..6.66 rows=111 width=4)
	  Index Cond: ((id >= 9039748) AND (id <= 9039848))

table 6 : explain SELECT id FROM sbtest6 WHERE id BETWEEN 9039748 AND 9039848
	Index Only Scan using sbtest6_pkey on sbtest6  (cost=0.43..6.56 rows=106 width=4)
	  Index Cond: ((id >= 9039748) AND (id <= 9039848))

table 7 : explain SELECT id FROM sbtest7 WHERE id BETWEEN 9039748 AND 9039848
	Index Only Scan using sbtest7_pkey on sbtest7  (cost=0.43..6.63 rows=110 width=4)
	  Index Cond: ((id >= 9039748) AND (id <= 9039848))

table 8 : explain SELECT id FROM sbtest8 WHERE id BETWEEN 9039748 AND 9039848
	Index Only Scan using sbtest8_pkey on sbtest8  (cost=0.43..6.47 rows=102 width=4)
	  Index Cond: ((id >= 9039748) AND (id <= 9039848))

for range-covered
table 1 : explain SELECT id FROM sbtest1 WHERE id BETWEEN 1464563 AND 1464663
	Index Only Scan using sbtest1_pkey on sbtest1  (cost=0.43..6.29 rows=93 width=4)
	  Index Cond: ((id >= 1464563) AND (id <= 1464663))

table 2 : explain SELECT id FROM sbtest2 WHERE id BETWEEN 1464563 AND 1464663
	Index Only Scan using sbtest2_pkey on sbtest2  (cost=0.43..6.61 rows=109 width=4)
	  Index Cond: ((id >= 1464563) AND (id <= 1464663))

table 3 : explain SELECT id FROM sbtest3 WHERE id BETWEEN 1464563 AND 1464663
	Index Only Scan using sbtest3_pkey on sbtest3  (cost=0.43..10.32 rows=94 width=4)
	  Index Cond: ((id >= 1464563) AND (id <= 1464663))

table 4 : explain SELECT id FROM sbtest4 WHERE id BETWEEN 1464563 AND 1464663
	Index Only Scan using sbtest4_pkey on sbtest4  (cost=0.43..6.47 rows=102 width=4)
	  Index Cond: ((id >= 1464563) AND (id <= 1464663))

table 5 : explain SELECT id FROM sbtest5 WHERE id BETWEEN 1464563 AND 1464663
	Index Only Scan using sbtest5_pkey on sbtest5  (cost=0.43..6.40 rows=98 width=4)
	  Index Cond: ((id >= 1464563) AND (id <= 1464663))

table 6 : explain SELECT id FROM sbtest6 WHERE id BETWEEN 1464563 AND 1464663
	Index Only Scan using sbtest6_pkey on sbtest6  (cost=0.43..6.33 rows=95 width=4)
	  Index Cond: ((id >= 1464563) AND (id <= 1464663))

table 7 : explain SELECT id FROM sbtest7 WHERE id BETWEEN 1464563 AND 1464663
	Index Only Scan using sbtest7_pkey on sbtest7  (cost=0.43..6.37 rows=97 width=4)
	  Index Cond: ((id >= 1464563) AND (id <= 1464663))

table 8 : explain SELECT id FROM sbtest8 WHERE id BETWEEN 1464563 AND 1464663
	Index Only Scan using sbtest8_pkey on sbtest8  (cost=0.43..6.53 rows=105 width=4)
	  Index Cond: ((id >= 1464563) AND (id <= 1464663))

explain: for range-covered :: explain SELECT id FROM sbtest%d WHERE id BETWEEN 1464563 AND 1464663
explain: for range-covered :: explain SELECT id FROM sbtest%d WHERE id BETWEEN 8861154 AND 8861254
explain: for range-covered :: explain SELECT id FROM sbtest%d WHERE id BETWEEN 9039748 AND 9039848
for range-covered
table 1 : explain SELECT id FROM sbtest1 WHERE id BETWEEN 3179232 AND 3179332
	Index Only Scan using sbtest1_pkey on sbtest1  (cost=0.43..6.29 rows=93 width=4)
	  Index Cond: ((id >= 3179232) AND (id <= 3179332))

table 2 : explain SELECT id FROM sbtest2 WHERE id BETWEEN 3179232 AND 3179332
	Index Only Scan using sbtest2_pkey on sbtest2  (cost=0.43..6.45 rows=101 width=4)
	  Index Cond: ((id >= 3179232) AND (id <= 3179332))

table 3 : explain SELECT id FROM sbtest3 WHERE id BETWEEN 3179232 AND 3179332
	Index Only Scan using sbtest3_pkey on sbtest3  (cost=0.43..10.54 rows=105 width=4)
	  Index Cond: ((id >= 3179232) AND (id <= 3179332))

table 4 : explain SELECT id FROM sbtest4 WHERE id BETWEEN 3179232 AND 3179332
	Index Only Scan using sbtest4_pkey on sbtest4  (cost=0.43..6.51 rows=104 width=4)
	  Index Cond: ((id >= 3179232) AND (id <= 3179332))

table 5 : explain SELECT id FROM sbtest5 WHERE id BETWEEN 3179232 AND 3179332
	Index Only Scan using sbtest5_pkey on sbtest5  (cost=0.43..6.25 rows=91 width=4)
	  Index Cond: ((id >= 3179232) AND (id <= 3179332))

table 6 : explain SELECT id FROM sbtest6 WHERE id BETWEEN 3179232 AND 3179332
	Index Only Scan using sbtest6_pkey on sbtest6  (cost=0.43..6.45 rows=101 width=4)
	  Index Cond: ((id >= 3179232) AND (id <= 3179332))

table 7 : explain SELECT id FROM sbtest7 WHERE id BETWEEN 3179232 AND 3179332
	Index Only Scan using sbtest7_pkey on sbtest7  (cost=0.43..6.45 rows=101 width=4)
	  Index Cond: ((id >= 3179232) AND (id <= 3179332))

table 8 : explain SELECT id FROM sbtest8 WHERE id BETWEEN 3179232 AND 3179332
	Index Only Scan using sbtest8_pkey on sbtest8  (cost=0.43..6.33 rows=95 width=4)
	  Index Cond: ((id >= 3179232) AND (id <= 3179332))

explain: for range-covered :: explain SELECT id FROM sbtest%d WHERE id BETWEEN 3179232 AND 3179332
for range-covered
table 1 : explain SELECT id FROM sbtest1 WHERE id BETWEEN 2762445 AND 2762545
	Index Only Scan using sbtest1_pkey on sbtest1  (cost=0.43..6.29 rows=93 width=4)
	  Index Cond: ((id >= 2762445) AND (id <= 2762545))

table 2 : explain SELECT id FROM sbtest2 WHERE id BETWEEN 2762445 AND 2762545
	Index Only Scan using sbtest2_pkey on sbtest2  (cost=0.43..6.42 rows=99 width=4)
	  Index Cond: ((id >= 2762445) AND (id <= 2762545))

table 3 : explain SELECT id FROM sbtest3 WHERE id BETWEEN 2762445 AND 2762545
	Index Only Scan using sbtest3_pkey on sbtest3  (cost=0.43..10.47 rows=102 width=4)
	  Index Cond: ((id >= 2762445) AND (id <= 2762545))

table 4 : explain SELECT id FROM sbtest4 WHERE id BETWEEN 2762445 AND 2762545
	Index Only Scan using sbtest4_pkey on sbtest4  (cost=0.43..6.50 rows=103 width=4)
	  Index Cond: ((id >= 2762445) AND (id <= 2762545))

table 5 : explain SELECT id FROM sbtest5 WHERE id BETWEEN 2762445 AND 2762545
	Index Only Scan using sbtest5_pkey on sbtest5  (cost=0.43..6.43 rows=100 width=4)
	  Index Cond: ((id >= 2762445) AND (id <= 2762545))

table 6 : explain SELECT id FROM sbtest6 WHERE id BETWEEN 2762445 AND 2762545
	Index Only Scan using sbtest6_pkey on sbtest6  (cost=0.43..6.40 rows=98 width=4)
	  Index Cond: ((id >= 2762445) AND (id <= 2762545))

table 7 : explain SELECT id FROM sbtest7 WHERE id BETWEEN 2762445 AND 2762545
	Index Only Scan using sbtest7_pkey on sbtest7  (cost=0.43..6.40 rows=98 width=4)
	  Index Cond: ((id >= 2762445) AND (id <= 2762545))

table 8 : explain SELECT id FROM sbtest8 WHERE id BETWEEN 2762445 AND 2762545
	Index Only Scan using sbtest8_pkey on sbtest8  (cost=0.43..6.43 rows=100 width=4)
	  Index Cond: ((id >= 2762445) AND (id <= 2762545))

explain: for range-covered :: explain SELECT id FROM sbtest%d WHERE id BETWEEN 2762445 AND 2762545
for range-covered
table 1 : explain SELECT id FROM sbtest1 WHERE id BETWEEN 1464563 AND 1464663
	Index Only Scan using sbtest1_pkey on sbtest1  (cost=0.43..6.29 rows=93 width=4)
	  Index Cond: ((id >= 1464563) AND (id <= 1464663))

table 2 : explain SELECT id FROM sbtest2 WHERE id BETWEEN 1464563 AND 1464663
	Index Only Scan using sbtest2_pkey on sbtest2  (cost=0.43..6.61 rows=109 width=4)
	  Index Cond: ((id >= 1464563) AND (id <= 1464663))

table 3 : explain SELECT id FROM sbtest3 WHERE id BETWEEN 1464563 AND 1464663
	Index Only Scan using sbtest3_pkey on sbtest3  (cost=0.43..10.32 rows=94 width=4)
	  Index Cond: ((id >= 1464563) AND (id <= 1464663))

table 4 : explain SELECT id FROM sbtest4 WHERE id BETWEEN 1464563 AND 1464663
	Index Only Scan using sbtest4_pkey on sbtest4  (cost=0.43..6.47 rows=102 width=4)
	  Index Cond: ((id >= 1464563) AND (id <= 1464663))

table 5 : explain SELECT id FROM sbtest5 WHERE id BETWEEN 1464563 AND 1464663
	Index Only Scan using sbtest5_pkey on sbtest5  (cost=0.43..6.40 rows=98 width=4)
	  Index Cond: ((id >= 1464563) AND (id <= 1464663))

table 6 : explain SELECT id FROM sbtest6 WHERE id BETWEEN 1464563 AND 1464663
	Index Only Scan using sbtest6_pkey on sbtest6  (cost=0.43..6.33 rows=95 width=4)
	  Index Cond: ((id >= 1464563) AND (id <= 1464663))

table 7 : explain SELECT id FROM sbtest7 WHERE id BETWEEN 1464563 AND 1464663
	Index Only Scan using sbtest7_pkey on sbtest7  (cost=0.43..6.37 rows=97 width=4)
	  Index Cond: ((id >= 1464563) AND (id <= 1464663))

table 8 : explain SELECT id FROM sbtest8 WHERE id BETWEEN 1464563 AND 1464663
	Index Only Scan using sbtest8_pkey on sbtest8  (cost=0.43..6.53 rows=105 width=4)
	  Index Cond: ((id >= 1464563) AND (id <= 1464663))

for range-covered
table 1 : explain SELECT id FROM sbtest1 WHERE id BETWEEN 8283652 AND 8283752
	Index Only Scan using sbtest1_pkey on sbtest1  (cost=0.43..6.59 rows=108 width=4)
	  Index Cond: ((id >= 8283652) AND (id <= 8283752))

table 2 : explain SELECT id FROM sbtest2 WHERE id BETWEEN 8283652 AND 8283752
	Index Only Scan using sbtest2_pkey on sbtest2  (cost=0.43..6.56 rows=106 width=4)
	  Index Cond: ((id >= 8283652) AND (id <= 8283752))

table 3 : explain SELECT id FROM sbtest3 WHERE id BETWEEN 8283652 AND 8283752
	Index Only Scan using sbtest3_pkey on sbtest3  (cost=0.43..10.70 rows=113 width=4)
	  Index Cond: ((id >= 8283652) AND (id <= 8283752))

table 4 : explain SELECT id FROM sbtest4 WHERE id BETWEEN 8283652 AND 8283752
	Index Only Scan using sbtest4_pkey on sbtest4  (cost=0.43..6.58 rows=107 width=4)
	  Index Cond: ((id >= 8283652) AND (id <= 8283752))

table 5 : explain SELECT id FROM sbtest5 WHERE id BETWEEN 8283652 AND 8283752
	Index Only Scan using sbtest5_pkey on sbtest5  (cost=0.43..6.40 rows=98 width=4)
	  Index Cond: ((id >= 8283652) AND (id <= 8283752))

table 6 : explain SELECT id FROM sbtest6 WHERE id BETWEEN 8283652 AND 8283752
	Index Only Scan using sbtest6_pkey on sbtest6  (cost=0.43..6.37 rows=97 width=4)
	  Index Cond: ((id >= 8283652) AND (id <= 8283752))

table 7 : explain SELECT id FROM sbtest7 WHERE id BETWEEN 8283652 AND 8283752
	Index Only Scan using sbtest7_pkey on sbtest7  (cost=0.43..6.53 rows=105 width=4)
	  Index Cond: ((id >= 8283652) AND (id <= 8283752))

table 8 : explain SELECT id FROM sbtest8 WHERE id BETWEEN 8283652 AND 8283752
	Index Only Scan using sbtest8_pkey on sbtest8  (cost=0.43..6.51 rows=104 width=4)
	  Index Cond: ((id >= 8283652) AND (id <= 8283752))

explain: for range-covered :: explain SELECT id FROM sbtest%d WHERE id BETWEEN 1464563 AND 1464663
explain: for range-covered :: explain SELECT id FROM sbtest%d WHERE id BETWEEN 8283652 AND 8283752
for range-covered
table 1 : explain SELECT id FROM sbtest1 WHERE id BETWEEN 4407182 AND 4407282
	Index Only Scan using sbtest1_pkey on sbtest1  (cost=0.43..6.27 rows=92 width=4)
	  Index Cond: ((id >= 4407182) AND (id <= 4407282))

table 2 : explain SELECT id FROM sbtest2 WHERE id BETWEEN 4407182 AND 4407282
	Index Only Scan using sbtest2_pkey on sbtest2  (cost=0.43..6.43 rows=100 width=4)
	  Index Cond: ((id >= 4407182) AND (id <= 4407282))

table 3 : explain SELECT id FROM sbtest3 WHERE id BETWEEN 4407182 AND 4407282
	Index Only Scan using sbtest3_pkey on sbtest3  (cost=0.43..10.47 rows=102 width=4)
	  Index Cond: ((id >= 4407182) AND (id <= 4407282))

table 4 : explain SELECT id FROM sbtest4 WHERE id BETWEEN 4407182 AND 4407282
	Index Only Scan using sbtest4_pkey on sbtest4  (cost=0.43..6.56 rows=106 width=4)
	  Index Cond: ((id >= 4407182) AND (id <= 4407282))

table 5 : explain SELECT id FROM sbtest5 WHERE id BETWEEN 4407182 AND 4407282
	Index Only Scan using sbtest5_pkey on sbtest5  (cost=0.43..6.56 rows=106 width=4)
	  Index Cond: ((id >= 4407182) AND (id <= 4407282))

table 6 : explain SELECT id FROM sbtest6 WHERE id BETWEEN 4407182 AND 4407282
	Index Only Scan using sbtest6_pkey on sbtest6  (cost=0.43..6.35 rows=96 width=4)
	  Index Cond: ((id >= 4407182) AND (id <= 4407282))

table 7 : explain SELECT id FROM sbtest7 WHERE id BETWEEN 4407182 AND 4407282
	Index Only Scan using sbtest7_pkey on sbtest7  (cost=0.43..6.50 rows=103 width=4)
	  Index Cond: ((id >= 4407182) AND (id <= 4407282))

table 8 : explain SELECT id FROM sbtest8 WHERE id BETWEEN 4407182 AND 4407282
	Index Only Scan using sbtest8_pkey on sbtest8  (cost=0.43..6.43 rows=100 width=4)
	  Index Cond: ((id >= 4407182) AND (id <= 4407282))

for range-covered
table 1 : explain SELECT id FROM sbtest1 WHERE id BETWEEN 6278563 AND 6278663
	Index Only Scan using sbtest1_pkey on sbtest1  (cost=0.43..6.33 rows=95 width=4)
	  Index Cond: ((id >= 6278563) AND (id <= 6278663))

table 2 : explain SELECT id FROM sbtest2 WHERE id BETWEEN 6278563 AND 6278663
	Index Only Scan using sbtest2_pkey on sbtest2  (cost=0.43..6.47 rows=102 width=4)
	  Index Cond: ((id >= 6278563) AND (id <= 6278663))

table 3 : explain SELECT id FROM sbtest3 WHERE id BETWEEN 6278563 AND 6278663
	Index Only Scan using sbtest3_pkey on sbtest3  (cost=0.43..10.28 rows=92 width=4)
	  Index Cond: ((id >= 6278563) AND (id <= 6278663))

table 4 : explain SELECT id FROM sbtest4 WHERE id BETWEEN 6278563 AND 6278663
	Index Only Scan using sbtest4_pkey on sbtest4  (cost=0.43..6.35 rows=96 width=4)
	  Index Cond: ((id >= 6278563) AND (id <= 6278663))

table 5 : explain SELECT id FROM sbtest5 WHERE id BETWEEN 6278563 AND 6278663
	Index Only Scan using sbtest5_pkey on sbtest5  (cost=0.43..6.63 rows=110 width=4)
	  Index Cond: ((id >= 6278563) AND (id <= 6278663))

table 6 : explain SELECT id FROM sbtest6 WHERE id BETWEEN 6278563 AND 6278663
	Index Only Scan using sbtest6_pkey on sbtest6  (cost=0.43..6.59 rows=108 width=4)
	  Index Cond: ((id >= 6278563) AND (id <= 6278663))

table 7 : explain SELECT id FROM sbtest7 WHERE id BETWEEN 6278563 AND 6278663
	Index Only Scan using sbtest7_pkey on sbtest7  (cost=0.43..6.51 rows=104 width=4)
	  Index Cond: ((id >= 6278563) AND (id <= 6278663))

table 8 : explain SELECT id FROM sbtest8 WHERE id BETWEEN 6278563 AND 6278663
	Index Only Scan using sbtest8_pkey on sbtest8  (cost=0.43..6.33 rows=95 width=4)
	  Index Cond: ((id >= 6278563) AND (id <= 6278663))

explain: for range-covered :: explain SELECT id FROM sbtest%d WHERE id BETWEEN 4831769 AND 4831869
explain: for range-covered :: explain SELECT id FROM sbtest%d WHERE id BETWEEN 4407182 AND 4407282
for range-covered
table 1 : explain SELECT id FROM sbtest1 WHERE id BETWEEN 2762445 AND 2762545
	Index Only Scan using sbtest1_pkey on sbtest1  (cost=0.43..6.29 rows=93 width=4)
	  Index Cond: ((id >= 2762445) AND (id <= 2762545))

table 2 : explain SELECT id FROM sbtest2 WHERE id BETWEEN 2762445 AND 2762545
	Index Only Scan using sbtest2_pkey on sbtest2  (cost=0.43..6.42 rows=99 width=4)
	  Index Cond: ((id >= 2762445) AND (id <= 2762545))

table 3 : explain SELECT id FROM sbtest3 WHERE id BETWEEN 2762445 AND 2762545
	Index Only Scan using sbtest3_pkey on sbtest3  (cost=0.43..10.47 rows=102 width=4)
	  Index Cond: ((id >= 2762445) AND (id <= 2762545))

table 4 : explain SELECT id FROM sbtest4 WHERE id BETWEEN 2762445 AND 2762545
	Index Only Scan using sbtest4_pkey on sbtest4  (cost=0.43..6.50 rows=103 width=4)
	  Index Cond: ((id >= 2762445) AND (id <= 2762545))

table 5 : explain SELECT id FROM sbtest5 WHERE id BETWEEN 2762445 AND 2762545
	Index Only Scan using sbtest5_pkey on sbtest5  (cost=0.43..6.43 rows=100 width=4)
	  Index Cond: ((id >= 2762445) AND (id <= 2762545))

table 6 : explain SELECT id FROM sbtest6 WHERE id BETWEEN 2762445 AND 2762545
	Index Only Scan using sbtest6_pkey on sbtest6  (cost=0.43..6.40 rows=98 width=4)
	  Index Cond: ((id >= 2762445) AND (id <= 2762545))

table 7 : explain SELECT id FROM sbtest7 WHERE id BETWEEN 2762445 AND 2762545
	Index Only Scan using sbtest7_pkey on sbtest7  (cost=0.43..6.40 rows=98 width=4)
	  Index Cond: ((id >= 2762445) AND (id <= 2762545))

table 8 : explain SELECT id FROM sbtest8 WHERE id BETWEEN 2762445 AND 2762545
	Index Only Scan using sbtest8_pkey on sbtest8  (cost=0.43..6.43 rows=100 width=4)
	  Index Cond: ((id >= 2762445) AND (id <= 2762545))

explain: for range-covered :: explain SELECT id FROM sbtest%d WHERE id BETWEEN 6278563 AND 6278663
explain: for range-covered :: explain SELECT id FROM sbtest%d WHERE id BETWEEN 2762445 AND 2762545
for range-covered
table 1 : explain SELECT id FROM sbtest1 WHERE id BETWEEN 5518069 AND 5518169
	Index Only Scan using sbtest1_pkey on sbtest1  (cost=0.43..6.37 rows=97 width=4)
	  Index Cond: ((id >= 5518069) AND (id <= 5518169))

table 2 : explain SELECT id FROM sbtest2 WHERE id BETWEEN 5518069 AND 5518169
	Index Only Scan using sbtest2_pkey on sbtest2  (cost=0.43..6.50 rows=103 width=4)
	  Index Cond: ((id >= 5518069) AND (id <= 5518169))

table 3 : explain SELECT id FROM sbtest3 WHERE id BETWEEN 5518069 AND 5518169
	Index Only Scan using sbtest3_pkey on sbtest3  (cost=0.43..10.38 rows=97 width=4)
	  Index Cond: ((id >= 5518069) AND (id <= 5518169))

table 4 : explain SELECT id FROM sbtest4 WHERE id BETWEEN 5518069 AND 5518169
	Index Only Scan using sbtest4_pkey on sbtest4  (cost=0.43..6.32 rows=94 width=4)
	  Index Cond: ((id >= 5518069) AND (id <= 5518169))

table 5 : explain SELECT id FROM sbtest5 WHERE id BETWEEN 5518069 AND 5518169
	Index Only Scan using sbtest5_pkey on sbtest5  (cost=0.43..6.43 rows=100 width=4)
	  Index Cond: ((id >= 5518069) AND (id <= 5518169))

table 6 : explain SELECT id FROM sbtest6 WHERE id BETWEEN 5518069 AND 5518169
	Index Only Scan using sbtest6_pkey on sbtest6  (cost=0.43..6.43 rows=100 width=4)
	  Index Cond: ((id >= 5518069) AND (id <= 5518169))

table 7 : explain SELECT id FROM sbtest7 WHERE id BETWEEN 5518069 AND 5518169
	Index Only Scan using sbtest7_pkey on sbtest7  (cost=0.43..6.35 rows=96 width=4)
	  Index Cond: ((id >= 5518069) AND (id <= 5518169))

table 8 : explain SELECT id FROM sbtest8 WHERE id BETWEEN 5518069 AND 5518169
	Index Only Scan using sbtest8_pkey on sbtest8  (cost=0.43..6.43 rows=100 width=4)
	  Index Cond: ((id >= 5518069) AND (id <= 5518169))
for range-covered
table 1 : explain SELECT id FROM sbtest1 WHERE id BETWEEN 1464563 AND 1464663
	Index Only Scan using sbtest1_pkey on sbtest1  (cost=0.43..6.29 rows=93 width=4)
	  Index Cond: ((id >= 1464563) AND (id <= 1464663))

table 2 : explain SELECT id FROM sbtest2 WHERE id BETWEEN 1464563 AND 1464663
	Index Only Scan using sbtest2_pkey on sbtest2  (cost=0.43..6.61 rows=109 width=4)
	  Index Cond: ((id >= 1464563) AND (id <= 1464663))

table 3 : explain SELECT id FROM sbtest3 WHERE id BETWEEN 1464563 AND 1464663
	Index Only Scan using sbtest3_pkey on sbtest3  (cost=0.43..10.32 rows=94 width=4)
	  Index Cond: ((id >= 1464563) AND (id <= 1464663))

table 4 : explain SELECT id FROM sbtest4 WHERE id BETWEEN 1464563 AND 1464663
	Index Only Scan using sbtest4_pkey on sbtest4  (cost=0.43..6.47 rows=102 width=4)
	  Index Cond: ((id >= 1464563) AND (id <= 1464663))

table 5 : explain SELECT id FROM sbtest5 WHERE id BETWEEN 1464563 AND 1464663
	Index Only Scan using sbtest5_pkey on sbtest5  (cost=0.43..6.40 rows=98 width=4)
	  Index Cond: ((id >= 1464563) AND (id <= 1464663))

table 6 : explain SELECT id FROM sbtest6 WHERE id BETWEEN 1464563 AND 1464663
	Index Only Scan using sbtest6_pkey on sbtest6  (cost=0.43..6.33 rows=95 width=4)
	  Index Cond: ((id >= 1464563) AND (id <= 1464663))

table 7 : explain SELECT id FROM sbtest7 WHERE id BETWEEN 1464563 AND 1464663
	Index Only Scan using sbtest7_pkey on sbtest7  (cost=0.43..6.37 rows=97 width=4)
	  Index Cond: ((id >= 1464563) AND (id <= 1464663))

table 8 : explain SELECT id FROM sbtest8 WHERE id BETWEEN 1464563 AND 1464663
	Index Only Scan using sbtest8_pkey on sbtest8  (cost=0.43..6.53 rows=105 width=4)
	  Index Cond: ((id >= 1464563) AND (id <= 1464663))


for range-covered
table 1 : explain SELECT id FROM sbtest1 WHERE id BETWEEN 8283652 AND 8283752
	Index Only Scan using sbtest1_pkey on sbtest1  (cost=0.43..6.59 rows=108 width=4)
	  Index Cond: ((id >= 8283652) AND (id <= 8283752))

table 2 : explain SELECT id FROM sbtest2 WHERE id BETWEEN 8283652 AND 8283752
	Index Only Scan using sbtest2_pkey on sbtest2  (cost=0.43..6.56 rows=106 width=4)
	  Index Cond: ((id >= 8283652) AND (id <= 8283752))

table 3 : explain SELECT id FROM sbtest3 WHERE id BETWEEN 8283652 AND 8283752
	Index Only Scan using sbtest3_pkey on sbtest3  (cost=0.43..10.70 rows=113 width=4)
	  Index Cond: ((id >= 8283652) AND (id <= 8283752))

table 4 : explain SELECT id FROM sbtest4 WHERE id BETWEEN 8283652 AND 8283752
	Index Only Scan using sbtest4_pkey on sbtest4  (cost=0.43..6.58 rows=107 width=4)
	  Index Cond: ((id >= 8283652) AND (id <= 8283752))

table 5 : explain SELECT id FROM sbtest5 WHERE id BETWEEN 8283652 AND 8283752
	Index Only Scan using sbtest5_pkey on sbtest5  (cost=0.43..6.40 rows=98 width=4)
	  Index Cond: ((id >= 8283652) AND (id <= 8283752))

table 6 : explain SELECT id FROM sbtest6 WHERE id BETWEEN 8283652 AND 8283752
	Index Only Scan using sbtest6_pkey on sbtest6  (cost=0.43..6.37 rows=97 width=4)
	  Index Cond: ((id >= 8283652) AND (id <= 8283752))

table 7 : explain SELECT id FROM sbtest7 WHERE id BETWEEN 8283652 AND 8283752
	Index Only Scan using sbtest7_pkey on sbtest7  (cost=0.43..6.53 rows=105 width=4)
	  Index Cond: ((id >= 8283652) AND (id <= 8283752))

table 8 : explain SELECT id FROM sbtest8 WHERE id BETWEEN 8283652 AND 8283752
	Index Only Scan using sbtest8_pkey on sbtest8  (cost=0.43..6.51 rows=104 width=4)
	  Index Cond: ((id >= 8283652) AND (id <= 8283752))

explain: for range-covered :: explain SELECT id FROM sbtest%d WHERE id BETWEEN 1464563 AND 1464663
explain: for range-covered :: explain SELECT id FROM sbtest%d WHERE id BETWEEN 8283652 AND 8283752
explain: for range-covered :: explain SELECT id FROM sbtest%d WHERE id BETWEEN 5518069 AND 5518169
for range-covered
table 1 : explain SELECT id FROM sbtest1 WHERE id BETWEEN 3179232 AND 3179332
	Index Only Scan using sbtest1_pkey on sbtest1  (cost=0.43..6.29 rows=93 width=4)
	  Index Cond: ((id >= 3179232) AND (id <= 3179332))

table 2 : explain SELECT id FROM sbtest2 WHERE id BETWEEN 3179232 AND 3179332
	Index Only Scan using sbtest2_pkey on sbtest2  (cost=0.43..6.45 rows=101 width=4)
	  Index Cond: ((id >= 3179232) AND (id <= 3179332))

table 3 : explain SELECT id FROM sbtest3 WHERE id BETWEEN 3179232 AND 3179332
	Index Only Scan using sbtest3_pkey on sbtest3  (cost=0.43..10.54 rows=105 width=4)
	  Index Cond: ((id >= 3179232) AND (id <= 3179332))

table 4 : explain SELECT id FROM sbtest4 WHERE id BETWEEN 3179232 AND 3179332
	Index Only Scan using sbtest4_pkey on sbtest4  (cost=0.43..6.51 rows=104 width=4)
	  Index Cond: ((id >= 3179232) AND (id <= 3179332))

table 5 : explain SELECT id FROM sbtest5 WHERE id BETWEEN 3179232 AND 3179332
	Index Only Scan using sbtest5_pkey on sbtest5  (cost=0.43..6.25 rows=91 width=4)
	  Index Cond: ((id >= 3179232) AND (id <= 3179332))

table 6 : explain SELECT id FROM sbtest6 WHERE id BETWEEN 3179232 AND 3179332
	Index Only Scan using sbtest6_pkey on sbtest6  (cost=0.43..6.45 rows=101 width=4)
	  Index Cond: ((id >= 3179232) AND (id <= 3179332))

table 7 : explain SELECT id FROM sbtest7 WHERE id BETWEEN 3179232 AND 3179332
	Index Only Scan using sbtest7_pkey on sbtest7  (cost=0.43..6.45 rows=101 width=4)
	  Index Cond: ((id >= 3179232) AND (id <= 3179332))

table 8 : explain SELECT id FROM sbtest8 WHERE id BETWEEN 3179232 AND 3179332
	Index Only Scan using sbtest8_pkey on sbtest8  (cost=0.43..6.33 rows=95 width=4)
	  Index Cond: ((id >= 3179232) AND (id <= 3179332))

explain: for range-covered :: explain SELECT id FROM sbtest%d WHERE id BETWEEN 3179232 AND 3179332
for range-covered
table 1 : explain SELECT id FROM sbtest1 WHERE id BETWEEN 2762445 AND 2762545
	Index Only Scan using sbtest1_pkey on sbtest1  (cost=0.43..6.29 rows=93 width=4)
	  Index Cond: ((id >= 2762445) AND (id <= 2762545))

table 2 : explain SELECT id FROM sbtest2 WHERE id BETWEEN 2762445 AND 2762545
	Index Only Scan using sbtest2_pkey on sbtest2  (cost=0.43..6.42 rows=99 width=4)
	  Index Cond: ((id >= 2762445) AND (id <= 2762545))

table 3 : explain SELECT id FROM sbtest3 WHERE id BETWEEN 2762445 AND 2762545
	Index Only Scan using sbtest3_pkey on sbtest3  (cost=0.43..10.47 rows=102 width=4)
	  Index Cond: ((id >= 2762445) AND (id <= 2762545))

table 4 : explain SELECT id FROM sbtest4 WHERE id BETWEEN 2762445 AND 2762545
	Index Only Scan using sbtest4_pkey on sbtest4  (cost=0.43..6.50 rows=103 width=4)
	  Index Cond: ((id >= 2762445) AND (id <= 2762545))

table 5 : explain SELECT id FROM sbtest5 WHERE id BETWEEN 2762445 AND 2762545
	Index Only Scan using sbtest5_pkey on sbtest5  (cost=0.43..6.43 rows=100 width=4)
	  Index Cond: ((id >= 2762445) AND (id <= 2762545))

table 6 : explain SELECT id FROM sbtest6 WHERE id BETWEEN 2762445 AND 2762545
	Index Only Scan using sbtest6_pkey on sbtest6  (cost=0.43..6.40 rows=98 width=4)
	  Index Cond: ((id >= 2762445) AND (id <= 2762545))

table 7 : explain SELECT id FROM sbtest7 WHERE id BETWEEN 2762445 AND 2762545
	Index Only Scan using sbtest7_pkey on sbtest7  (cost=0.43..6.40 rows=98 width=4)
	  Index Cond: ((id >= 2762445) AND (id <= 2762545))

table 8 : explain SELECT id FROM sbtest8 WHERE id BETWEEN 2762445 AND 2762545
	Index Only Scan using sbtest8_pkey on sbtest8  (cost=0.43..6.43 rows=100 width=4)
	  Index Cond: ((id >= 2762445) AND (id <= 2762545))

explain: for range-covered :: explain SELECT id FROM sbtest%d WHERE id BETWEEN 2762445 AND 2762545
for range-covered
table 1 : explain SELECT id FROM sbtest1 WHERE id BETWEEN 9039748 AND 9039848
	Index Only Scan using sbtest1_pkey on sbtest1  (cost=0.43..6.29 rows=93 width=4)
	  Index Cond: ((id >= 9039748) AND (id <= 9039848))

table 2 : explain SELECT id FROM sbtest2 WHERE id BETWEEN 9039748 AND 9039848
	Index Only Scan using sbtest2_pkey on sbtest2  (cost=0.43..6.45 rows=101 width=4)
	  Index Cond: ((id >= 9039748) AND (id <= 9039848))

table 3 : explain SELECT id FROM sbtest3 WHERE id BETWEEN 9039748 AND 9039848
	Index Only Scan using sbtest3_pkey on sbtest3  (cost=0.43..10.29 rows=93 width=4)
	  Index Cond: ((id >= 9039748) AND (id <= 9039848))

table 4 : explain SELECT id FROM sbtest4 WHERE id BETWEEN 9039748 AND 9039848
	Index Only Scan using sbtest4_pkey on sbtest4  (cost=0.43..6.58 rows=107 width=4)
	  Index Cond: ((id >= 9039748) AND (id <= 9039848))

table 5 : explain SELECT id FROM sbtest5 WHERE id BETWEEN 9039748 AND 9039848
	Index Only Scan using sbtest5_pkey on sbtest5  (cost=0.43..6.66 rows=111 width=4)
	  Index Cond: ((id >= 9039748) AND (id <= 9039848))

table 6 : explain SELECT id FROM sbtest6 WHERE id BETWEEN 9039748 AND 9039848
	Index Only Scan using sbtest6_pkey on sbtest6  (cost=0.43..6.56 rows=106 width=4)
	  Index Cond: ((id >= 9039748) AND (id <= 9039848))

table 7 : explain SELECT id FROM sbtest7 WHERE id BETWEEN 9039748 AND 9039848
	Index Only Scan using sbtest7_pkey on sbtest7  (cost=0.43..6.63 rows=110 width=4)
	  Index Cond: ((id >= 9039748) AND (id <= 9039848))

table 8 : explain SELECT id FROM sbtest8 WHERE id BETWEEN 9039748 AND 9039848
	Index Only Scan using sbtest8_pkey on sbtest8  (cost=0.43..6.47 rows=102 width=4)
	  Index Cond: ((id >= 9039748) AND (id <= 9039848))

for range-covered
table 1 : explain SELECT id FROM sbtest1 WHERE id BETWEEN 1464563 AND 1464663
	Index Only Scan using sbtest1_pkey on sbtest1  (cost=0.43..6.29 rows=93 width=4)
	  Index Cond: ((id >= 1464563) AND (id <= 1464663))

table 2 : explain SELECT id FROM sbtest2 WHERE id BETWEEN 1464563 AND 1464663
	Index Only Scan using sbtest2_pkey on sbtest2  (cost=0.43..6.61 rows=109 width=4)
	  Index Cond: ((id >= 1464563) AND (id <= 1464663))

table 3 : explain SELECT id FROM sbtest3 WHERE id BETWEEN 1464563 AND 1464663
	Index Only Scan using sbtest3_pkey on sbtest3  (cost=0.43..10.32 rows=94 width=4)
	  Index Cond: ((id >= 1464563) AND (id <= 1464663))

table 4 : explain SELECT id FROM sbtest4 WHERE id BETWEEN 1464563 AND 1464663
	Index Only Scan using sbtest4_pkey on sbtest4  (cost=0.43..6.47 rows=102 width=4)
	  Index Cond: ((id >= 1464563) AND (id <= 1464663))

table 5 : explain SELECT id FROM sbtest5 WHERE id BETWEEN 1464563 AND 1464663
	Index Only Scan using sbtest5_pkey on sbtest5  (cost=0.43..6.40 rows=98 width=4)
	  Index Cond: ((id >= 1464563) AND (id <= 1464663))

table 6 : explain SELECT id FROM sbtest6 WHERE id BETWEEN 1464563 AND 1464663
	Index Only Scan using sbtest6_pkey on sbtest6  (cost=0.43..6.33 rows=95 width=4)
	  Index Cond: ((id >= 1464563) AND (id <= 1464663))

table 7 : explain SELECT id FROM sbtest7 WHERE id BETWEEN 1464563 AND 1464663
	Index Only Scan using sbtest7_pkey on sbtest7  (cost=0.43..6.37 rows=97 width=4)
	  Index Cond: ((id >= 1464563) AND (id <= 1464663))

table 8 : explain SELECT id FROM sbtest8 WHERE id BETWEEN 1464563 AND 1464663
	Index Only Scan using sbtest8_pkey on sbtest8  (cost=0.43..6.53 rows=105 width=4)
	  Index Cond: ((id >= 1464563) AND (id <= 1464663))

for range-covered
table 1 : explain SELECT id FROM sbtest1 WHERE id BETWEEN 4657053 AND 4657153
	Index Only Scan using sbtest1_pkey on sbtest1  (cost=0.43..6.37 rows=97 width=4)
	  Index Cond: ((id >= 4657053) AND (id <= 4657153))

table 2 : explain SELECT id FROM sbtest2 WHERE id BETWEEN 4657053 AND 4657153
	Index Only Scan using sbtest2_pkey on sbtest2  (cost=0.43..6.42 rows=99 width=4)
	  Index Cond: ((id >= 4657053) AND (id <= 4657153))

table 3 : explain SELECT id FROM sbtest3 WHERE id BETWEEN 4657053 AND 4657153
	Index Only Scan using sbtest3_pkey on sbtest3  (cost=0.43..10.33 rows=95 width=4)
	  Index Cond: ((id >= 4657053) AND (id <= 4657153))

table 4 : explain SELECT id FROM sbtest4 WHERE id BETWEEN 4657053 AND 4657153
	Index Only Scan using sbtest4_pkey on sbtest4  (cost=0.43..6.56 rows=106 width=4)
	  Index Cond: ((id >= 4657053) AND (id <= 4657153))

table 5 : explain SELECT id FROM sbtest5 WHERE id BETWEEN 4657053 AND 4657153
	Index Only Scan using sbtest5_pkey on sbtest5  (cost=0.43..6.58 rows=107 width=4)
	  Index Cond: ((id >= 4657053) AND (id <= 4657153))

table 6 : explain SELECT id FROM sbtest6 WHERE id BETWEEN 4657053 AND 4657153
	Index Only Scan using sbtest6_pkey on sbtest6  (cost=0.43..6.27 rows=92 width=4)
	  Index Cond: ((id >= 4657053) AND (id <= 4657153))

table 7 : explain SELECT id FROM sbtest7 WHERE id BETWEEN 4657053 AND 4657153
	Index Only Scan using sbtest7_pkey on sbtest7  (cost=0.43..6.45 rows=101 width=4)
	  Index Cond: ((id >= 4657053) AND (id <= 4657153))

table 8 : explain SELECT id FROM sbtest8 WHERE id BETWEEN 4657053 AND 4657153
	Index Only Scan using sbtest8_pkey on sbtest8  (cost=0.43..6.47 rows=102 width=4)
	  Index Cond: ((id >= 4657053) AND (id <= 4657153))

for range-covered
table 1 : explain SELECT id FROM sbtest1 WHERE id BETWEEN 8283652 AND 8283752
	Index Only Scan using sbtest1_pkey on sbtest1  (cost=0.43..6.59 rows=108 width=4)
	  Index Cond: ((id >= 8283652) AND (id <= 8283752))

table 2 : explain SELECT id FROM sbtest2 WHERE id BETWEEN 8283652 AND 8283752
	Index Only Scan using sbtest2_pkey on sbtest2  (cost=0.43..6.56 rows=106 width=4)
	  Index Cond: ((id >= 8283652) AND (id <= 8283752))

table 3 : explain SELECT id FROM sbtest3 WHERE id BETWEEN 8283652 AND 8283752
	Index Only Scan using sbtest3_pkey on sbtest3  (cost=0.43..10.70 rows=113 width=4)
	  Index Cond: ((id >= 8283652) AND (id <= 8283752))

table 4 : explain SELECT id FROM sbtest4 WHERE id BETWEEN 8283652 AND 8283752
	Index Only Scan using sbtest4_pkey on sbtest4  (cost=0.43..6.58 rows=107 width=4)
	  Index Cond: ((id >= 8283652) AND (id <= 8283752))

table 5 : explain SELECT id FROM sbtest5 WHERE id BETWEEN 8283652 AND 8283752
	Index Only Scan using sbtest5_pkey on sbtest5  (cost=0.43..6.40 rows=98 width=4)
	  Index Cond: ((id >= 8283652) AND (id <= 8283752))

table 6 : explain SELECT id FROM sbtest6 WHERE id BETWEEN 8283652 AND 8283752
	Index Only Scan using sbtest6_pkey on sbtest6  (cost=0.43..6.37 rows=97 width=4)
	  Index Cond: ((id >= 8283652) AND (id <= 8283752))

table 7 : explain SELECT id FROM sbtest7 WHERE id BETWEEN 8283652 AND 8283752
	Index Only Scan using sbtest7_pkey on sbtest7  (cost=0.43..6.53 rows=105 width=4)
	  Index Cond: ((id >= 8283652) AND (id <= 8283752))

table 8 : explain SELECT id FROM sbtest8 WHERE id BETWEEN 8283652 AND 8283752
	Index Only Scan using sbtest8_pkey on sbtest8  (cost=0.43..6.51 rows=104 width=4)
	  Index Cond: ((id >= 8283652) AND (id <= 8283752))

explain: for range-covered :: explain SELECT id FROM sbtest%d WHERE id BETWEEN 9039748 AND 9039848
explain: for range-covered :: explain SELECT id FROM sbtest%d WHERE id BETWEEN 4657053 AND 4657153
explain: for range-covered :: explain SELECT id FROM sbtest%d WHERE id BETWEEN 1464563 AND 1464663
for range-covered
table 1 : explain SELECT id FROM sbtest1 WHERE id BETWEEN 4407182 AND 4407282
	Index Only Scan using sbtest1_pkey on sbtest1  (cost=0.43..6.27 rows=92 width=4)
	  Index Cond: ((id >= 4407182) AND (id <= 4407282))

table 2 : explain SELECT id FROM sbtest2 WHERE id BETWEEN 4407182 AND 4407282
	Index Only Scan using sbtest2_pkey on sbtest2  (cost=0.43..6.43 rows=100 width=4)
	  Index Cond: ((id >= 4407182) AND (id <= 4407282))

table 3 : explain SELECT id FROM sbtest3 WHERE id BETWEEN 4407182 AND 4407282
	Index Only Scan using sbtest3_pkey on sbtest3  (cost=0.43..10.47 rows=102 width=4)
	  Index Cond: ((id >= 4407182) AND (id <= 4407282))

table 4 : explain SELECT id FROM sbtest4 WHERE id BETWEEN 4407182 AND 4407282
	Index Only Scan using sbtest4_pkey on sbtest4  (cost=0.43..6.56 rows=106 width=4)
	  Index Cond: ((id >= 4407182) AND (id <= 4407282))

table 5 : explain SELECT id FROM sbtest5 WHERE id BETWEEN 4407182 AND 4407282
	Index Only Scan using sbtest5_pkey on sbtest5  (cost=0.43..6.56 rows=106 width=4)
	  Index Cond: ((id >= 4407182) AND (id <= 4407282))

table 6 : explain SELECT id FROM sbtest6 WHERE id BETWEEN 4407182 AND 4407282
	Index Only Scan using sbtest6_pkey on sbtest6  (cost=0.43..6.35 rows=96 width=4)
	  Index Cond: ((id >= 4407182) AND (id <= 4407282))

table 7 : explain SELECT id FROM sbtest7 WHERE id BETWEEN 4407182 AND 4407282
	Index Only Scan using sbtest7_pkey on sbtest7  (cost=0.43..6.50 rows=103 width=4)
	  Index Cond: ((id >= 4407182) AND (id <= 4407282))

table 8 : explain SELECT id FROM sbtest8 WHERE id BETWEEN 4407182 AND 4407282
	Index Only Scan using sbtest8_pkey on sbtest8  (cost=0.43..6.43 rows=100 width=4)
	  Index Cond: ((id >= 4407182) AND (id <= 4407282))

for range-covered
table 1 : explain SELECT id FROM sbtest1 WHERE id BETWEEN 6278563 AND 6278663
	Index Only Scan using sbtest1_pkey on sbtest1  (cost=0.43..6.33 rows=95 width=4)
	  Index Cond: ((id >= 6278563) AND (id <= 6278663))

table 2 : explain SELECT id FROM sbtest2 WHERE id BETWEEN 6278563 AND 6278663
	Index Only Scan using sbtest2_pkey on sbtest2  (cost=0.43..6.47 rows=102 width=4)
	  Index Cond: ((id >= 6278563) AND (id <= 6278663))

table 3 : explain SELECT id FROM sbtest3 WHERE id BETWEEN 6278563 AND 6278663
	Index Only Scan using sbtest3_pkey on sbtest3  (cost=0.43..10.28 rows=92 width=4)
	  Index Cond: ((id >= 6278563) AND (id <= 6278663))

table 4 : explain SELECT id FROM sbtest4 WHERE id BETWEEN 6278563 AND 6278663
	Index Only Scan using sbtest4_pkey on sbtest4  (cost=0.43..6.35 rows=96 width=4)
	  Index Cond: ((id >= 6278563) AND (id <= 6278663))

table 5 : explain SELECT id FROM sbtest5 WHERE id BETWEEN 6278563 AND 6278663
	Index Only Scan using sbtest5_pkey on sbtest5  (cost=0.43..6.63 rows=110 width=4)
	  Index Cond: ((id >= 6278563) AND (id <= 6278663))

table 6 : explain SELECT id FROM sbtest6 WHERE id BETWEEN 6278563 AND 6278663
	Index Only Scan using sbtest6_pkey on sbtest6  (cost=0.43..6.59 rows=108 width=4)
	  Index Cond: ((id >= 6278563) AND (id <= 6278663))

table 7 : explain SELECT id FROM sbtest7 WHERE id BETWEEN 6278563 AND 6278663
	Index Only Scan using sbtest7_pkey on sbtest7  (cost=0.43..6.51 rows=104 width=4)
	  Index Cond: ((id >= 6278563) AND (id <= 6278663))

table 8 : explain SELECT id FROM sbtest8 WHERE id BETWEEN 6278563 AND 6278663
	Index Only Scan using sbtest8_pkey on sbtest8  (cost=0.43..6.33 rows=95 width=4)
	  Index Cond: ((id >= 6278563) AND (id <= 6278663))

explain: for range-covered :: explain SELECT id FROM sbtest%d WHERE id BETWEEN 4407182 AND 4407282
for range-covered
table 1 : explain SELECT id FROM sbtest1 WHERE id BETWEEN 2762445 AND 2762545
	Index Only Scan using sbtest1_pkey on sbtest1  (cost=0.43..6.29 rows=93 width=4)
	  Index Cond: ((id >= 2762445) AND (id <= 2762545))

table 2 : explain SELECT id FROM sbtest2 WHERE id BETWEEN 2762445 AND 2762545
	Index Only Scan using sbtest2_pkey on sbtest2  (cost=0.43..6.42 rows=99 width=4)
	  Index Cond: ((id >= 2762445) AND (id <= 2762545))

table 3 : explain SELECT id FROM sbtest3 WHERE id BETWEEN 2762445 AND 2762545
	Index Only Scan using sbtest3_pkey on sbtest3  (cost=0.43..10.47 rows=102 width=4)
	  Index Cond: ((id >= 2762445) AND (id <= 2762545))

table 4 : explain SELECT id FROM sbtest4 WHERE id BETWEEN 2762445 AND 2762545
	Index Only Scan using sbtest4_pkey on sbtest4  (cost=0.43..6.50 rows=103 width=4)
	  Index Cond: ((id >= 2762445) AND (id <= 2762545))

table 5 : explain SELECT id FROM sbtest5 WHERE id BETWEEN 2762445 AND 2762545
	Index Only Scan using sbtest5_pkey on sbtest5  (cost=0.43..6.43 rows=100 width=4)
	  Index Cond: ((id >= 2762445) AND (id <= 2762545))

table 6 : explain SELECT id FROM sbtest6 WHERE id BETWEEN 2762445 AND 2762545
	Index Only Scan using sbtest6_pkey on sbtest6  (cost=0.43..6.40 rows=98 width=4)
	  Index Cond: ((id >= 2762445) AND (id <= 2762545))

table 7 : explain SELECT id FROM sbtest7 WHERE id BETWEEN 2762445 AND 2762545
	Index Only Scan using sbtest7_pkey on sbtest7  (cost=0.43..6.40 rows=98 width=4)
	  Index Cond: ((id >= 2762445) AND (id <= 2762545))

table 8 : explain SELECT id FROM sbtest8 WHERE id BETWEEN 2762445 AND 2762545
	Index Only Scan using sbtest8_pkey on sbtest8  (cost=0.43..6.43 rows=100 width=4)
	  Index Cond: ((id >= 2762445) AND (id <= 2762545))

explain: for range-covered :: explain SELECT id FROM sbtest%d WHERE id BETWEEN 6278563 AND 6278663
explain: for range-covered :: explain SELECT id FROM sbtest%d WHERE id BETWEEN 2762445 AND 2762545
for range-covered
table 1 : explain SELECT id FROM sbtest1 WHERE id BETWEEN 3179232 AND 3179332
	Index Only Scan using sbtest1_pkey on sbtest1  (cost=0.43..6.29 rows=93 width=4)
	  Index Cond: ((id >= 3179232) AND (id <= 3179332))

table 2 : explain SELECT id FROM sbtest2 WHERE id BETWEEN 3179232 AND 3179332
	Index Only Scan using sbtest2_pkey on sbtest2  (cost=0.43..6.45 rows=101 width=4)
	  Index Cond: ((id >= 3179232) AND (id <= 3179332))

table 3 : explain SELECT id FROM sbtest3 WHERE id BETWEEN 3179232 AND 3179332
	Index Only Scan using sbtest3_pkey on sbtest3  (cost=0.43..10.54 rows=105 width=4)
	  Index Cond: ((id >= 3179232) AND (id <= 3179332))

table 4 : explain SELECT id FROM sbtest4 WHERE id BETWEEN 3179232 AND 3179332
	Index Only Scan using sbtest4_pkey on sbtest4  (cost=0.43..6.51 rows=104 width=4)
	  Index Cond: ((id >= 3179232) AND (id <= 3179332))

table 5 : explain SELECT id FROM sbtest5 WHERE id BETWEEN 3179232 AND 3179332
	Index Only Scan using sbtest5_pkey on sbtest5  (cost=0.43..6.25 rows=91 width=4)
	  Index Cond: ((id >= 3179232) AND (id <= 3179332))

table 6 : explain SELECT id FROM sbtest6 WHERE id BETWEEN 3179232 AND 3179332
	Index Only Scan using sbtest6_pkey on sbtest6  (cost=0.43..6.45 rows=101 width=4)
	  Index Cond: ((id >= 3179232) AND (id <= 3179332))

table 7 : explain SELECT id FROM sbtest7 WHERE id BETWEEN 3179232 AND 3179332
	Index Only Scan using sbtest7_pkey on sbtest7  (cost=0.43..6.45 rows=101 width=4)
	  Index Cond: ((id >= 3179232) AND (id <= 3179332))

table 8 : explain SELECT id FROM sbtest8 WHERE id BETWEEN 3179232 AND 3179332
	Index Only Scan using sbtest8_pkey on sbtest8  (cost=0.43..6.33 rows=95 width=4)
	  Index Cond: ((id >= 3179232) AND (id <= 3179332))

explain: for range-covered :: explain SELECT id FROM sbtest%d WHERE id BETWEEN 3179232 AND 3179332
explain: for range-covered :: explain SELECT id FROM sbtest%d WHERE id BETWEEN 5740000 AND 5740100
for range-covered
table 1 : explain SELECT id FROM sbtest1 WHERE id BETWEEN 4657053 AND 4657153
	Index Only Scan using sbtest1_pkey on sbtest1  (cost=0.43..6.37 rows=97 width=4)
	  Index Cond: ((id >= 4657053) AND (id <= 4657153))

table 2 : explain SELECT id FROM sbtest2 WHERE id BETWEEN 4657053 AND 4657153
	Index Only Scan using sbtest2_pkey on sbtest2  (cost=0.43..6.42 rows=99 width=4)
	  Index Cond: ((id >= 4657053) AND (id <= 4657153))

table 3 : explain SELECT id FROM sbtest3 WHERE id BETWEEN 4657053 AND 4657153
	Index Only Scan using sbtest3_pkey on sbtest3  (cost=0.43..10.33 rows=95 width=4)
	  Index Cond: ((id >= 4657053) AND (id <= 4657153))

table 4 : explain SELECT id FROM sbtest4 WHERE id BETWEEN 4657053 AND 4657153
	Index Only Scan using sbtest4_pkey on sbtest4  (cost=0.43..6.56 rows=106 width=4)
	  Index Cond: ((id >= 4657053) AND (id <= 4657153))

table 5 : explain SELECT id FROM sbtest5 WHERE id BETWEEN 4657053 AND 4657153
	Index Only Scan using sbtest5_pkey on sbtest5  (cost=0.43..6.58 rows=107 width=4)
	  Index Cond: ((id >= 4657053) AND (id <= 4657153))

table 6 : explain SELECT id FROM sbtest6 WHERE id BETWEEN 4657053 AND 4657153
	Index Only Scan using sbtest6_pkey on sbtest6  (cost=0.43..6.27 rows=92 width=4)
	  Index Cond: ((id >= 4657053) AND (id <= 4657153))

table 7 : explain SELECT id FROM sbtest7 WHERE id BETWEEN 4657053 AND 4657153
	Index Only Scan using sbtest7_pkey on sbtest7  (cost=0.43..6.45 rows=101 width=4)
	  Index Cond: ((id >= 4657053) AND (id <= 4657153))

table 8 : explain SELECT id FROM sbtest8 WHERE id BETWEEN 4657053 AND 4657153
	Index Only Scan using sbtest8_pkey on sbtest8  (cost=0.43..6.47 rows=102 width=4)
	  Index Cond: ((id >= 4657053) AND (id <= 4657153))

for range-covered
table 1 : explain SELECT id FROM sbtest1 WHERE id BETWEEN 5518069 AND 5518169
	Index Only Scan using sbtest1_pkey on sbtest1  (cost=0.43..6.37 rows=97 width=4)
	  Index Cond: ((id >= 5518069) AND (id <= 5518169))

table 2 : explain SELECT id FROM sbtest2 WHERE id BETWEEN 5518069 AND 5518169
	Index Only Scan using sbtest2_pkey on sbtest2  (cost=0.43..6.50 rows=103 width=4)
	  Index Cond: ((id >= 5518069) AND (id <= 5518169))

table 3 : explain SELECT id FROM sbtest3 WHERE id BETWEEN 5518069 AND 5518169
	Index Only Scan using sbtest3_pkey on sbtest3  (cost=0.43..10.38 rows=97 width=4)
	  Index Cond: ((id >= 5518069) AND (id <= 5518169))

table 4 : explain SELECT id FROM sbtest4 WHERE id BETWEEN 5518069 AND 5518169
	Index Only Scan using sbtest4_pkey on sbtest4  (cost=0.43..6.32 rows=94 width=4)
	  Index Cond: ((id >= 5518069) AND (id <= 5518169))

table 5 : explain SELECT id FROM sbtest5 WHERE id BETWEEN 5518069 AND 5518169
	Index Only Scan using sbtest5_pkey on sbtest5  (cost=0.43..6.43 rows=100 width=4)
	  Index Cond: ((id >= 5518069) AND (id <= 5518169))

table 6 : explain SELECT id FROM sbtest6 WHERE id BETWEEN 5518069 AND 5518169
	Index Only Scan using sbtest6_pkey on sbtest6  (cost=0.43..6.43 rows=100 width=4)
	  Index Cond: ((id >= 5518069) AND (id <= 5518169))

table 7 : explain SELECT id FROM sbtest7 WHERE id BETWEEN 5518069 AND 5518169
	Index Only Scan using sbtest7_pkey on sbtest7  (cost=0.43..6.35 rows=96 width=4)
	  Index Cond: ((id >= 5518069) AND (id <= 5518169))

table 8 : explain SELECT id FROM sbtest8 WHERE id BETWEEN 5518069 AND 5518169
	Index Only Scan using sbtest8_pkey on sbtest8  (cost=0.43..6.43 rows=100 width=4)
	  Index Cond: ((id >= 5518069) AND (id <= 5518169))

explain: for range-covered :: explain SELECT id FROM sbtest%d WHERE id BETWEEN 4657053 AND 4657153
explain: for range-covered :: explain SELECT id FROM sbtest%d WHERE id BETWEEN 5518069 AND 5518169
for range-covered
table 1 : explain SELECT id FROM sbtest1 WHERE id BETWEEN 3725481 AND 3725581
	Index Only Scan using sbtest1_pkey on sbtest1  (cost=0.43..6.59 rows=108 width=4)
	  Index Cond: ((id >= 3725481) AND (id <= 3725581))

table 2 : explain SELECT id FROM sbtest2 WHERE id BETWEEN 3725481 AND 3725581
	Index Only Scan using sbtest2_pkey on sbtest2  (cost=0.43..6.50 rows=103 width=4)
	  Index Cond: ((id >= 3725481) AND (id <= 3725581))

table 3 : explain SELECT id FROM sbtest3 WHERE id BETWEEN 3725481 AND 3725581
	Index Only Scan using sbtest3_pkey on sbtest3  (cost=0.43..10.40 rows=98 width=4)
	  Index Cond: ((id >= 3725481) AND (id <= 3725581))

table 4 : explain SELECT id FROM sbtest4 WHERE id BETWEEN 3725481 AND 3725581
	Index Only Scan using sbtest4_pkey on sbtest4  (cost=0.43..6.43 rows=100 width=4)
	  Index Cond: ((id >= 3725481) AND (id <= 3725581))

table 5 : explain SELECT id FROM sbtest5 WHERE id BETWEEN 3725481 AND 3725581
	Index Only Scan using sbtest5_pkey on sbtest5  (cost=0.43..6.74 rows=115 width=4)
	  Index Cond: ((id >= 3725481) AND (id <= 3725581))

table 6 : explain SELECT id FROM sbtest6 WHERE id BETWEEN 3725481 AND 3725581
	Index Only Scan using sbtest6_pkey on sbtest6  (cost=0.43..6.43 rows=100 width=4)
	  Index Cond: ((id >= 3725481) AND (id <= 3725581))

table 7 : explain SELECT id FROM sbtest7 WHERE id BETWEEN 3725481 AND 3725581
	Index Only Scan using sbtest7_pkey on sbtest7  (cost=0.43..6.42 rows=99 width=4)
	  Index Cond: ((id >= 3725481) AND (id <= 3725581))

table 8 : explain SELECT id FROM sbtest8 WHERE id BETWEEN 3725481 AND 3725581
	Index Only Scan using sbtest8_pkey on sbtest8  (cost=0.43..6.50 rows=103 width=4)
	  Index Cond: ((id >= 3725481) AND (id <= 3725581))

for range-covered
table 1 : explain SELECT id FROM sbtest1 WHERE id BETWEEN 2762445 AND 2762545
	Index Only Scan using sbtest1_pkey on sbtest1  (cost=0.43..6.29 rows=93 width=4)
	  Index Cond: ((id >= 2762445) AND (id <= 2762545))

table 2 : explain SELECT id FROM sbtest2 WHERE id BETWEEN 2762445 AND 2762545
	Index Only Scan using sbtest2_pkey on sbtest2  (cost=0.43..6.42 rows=99 width=4)
	  Index Cond: ((id >= 2762445) AND (id <= 2762545))

table 3 : explain SELECT id FROM sbtest3 WHERE id BETWEEN 2762445 AND 2762545
	Index Only Scan using sbtest3_pkey on sbtest3  (cost=0.43..10.47 rows=102 width=4)
	  Index Cond: ((id >= 2762445) AND (id <= 2762545))

table 4 : explain SELECT id FROM sbtest4 WHERE id BETWEEN 2762445 AND 2762545
	Index Only Scan using sbtest4_pkey on sbtest4  (cost=0.43..6.50 rows=103 width=4)
	  Index Cond: ((id >= 2762445) AND (id <= 2762545))

table 5 : explain SELECT id FROM sbtest5 WHERE id BETWEEN 2762445 AND 2762545
	Index Only Scan using sbtest5_pkey on sbtest5  (cost=0.43..6.43 rows=100 width=4)
	  Index Cond: ((id >= 2762445) AND (id <= 2762545))

table 6 : explain SELECT id FROM sbtest6 WHERE id BETWEEN 2762445 AND 2762545
	Index Only Scan using sbtest6_pkey on sbtest6  (cost=0.43..6.40 rows=98 width=4)
	  Index Cond: ((id >= 2762445) AND (id <= 2762545))

table 7 : explain SELECT id FROM sbtest7 WHERE id BETWEEN 2762445 AND 2762545
	Index Only Scan using sbtest7_pkey on sbtest7  (cost=0.43..6.40 rows=98 width=4)
	  Index Cond: ((id >= 2762445) AND (id <= 2762545))

table 8 : explain SELECT id FROM sbtest8 WHERE id BETWEEN 2762445 AND 2762545
	Index Only Scan using sbtest8_pkey on sbtest8  (cost=0.43..6.43 rows=100 width=4)
	  Index Cond: ((id >= 2762445) AND (id <= 2762545))

explain: for range-covered :: explain SELECT id FROM sbtest%d WHERE id BETWEEN 2762445 AND 2762545
for range-covered
table 1 : explain SELECT id FROM sbtest1 WHERE id BETWEEN 4831769 AND 4831869
	Index Only Scan using sbtest1_pkey on sbtest1  (cost=0.43..6.51 rows=104 width=4)
	  Index Cond: ((id >= 4831769) AND (id <= 4831869))

table 2 : explain SELECT id FROM sbtest2 WHERE id BETWEEN 4831769 AND 4831869
	Index Only Scan using sbtest2_pkey on sbtest2  (cost=0.43..6.32 rows=94 width=4)
	  Index Cond: ((id >= 4831769) AND (id <= 4831869))

table 3 : explain SELECT id FROM sbtest3 WHERE id BETWEEN 4831769 AND 4831869
	Index Only Scan using sbtest3_pkey on sbtest3  (cost=0.43..10.60 rows=108 width=4)
	  Index Cond: ((id >= 4831769) AND (id <= 4831869))

table 4 : explain SELECT id FROM sbtest4 WHERE id BETWEEN 4831769 AND 4831869
	Index Only Scan using sbtest4_pkey on sbtest4  (cost=0.43..6.37 rows=97 width=4)
	  Index Cond: ((id >= 4831769) AND (id <= 4831869))

table 5 : explain SELECT id FROM sbtest5 WHERE id BETWEEN 4831769 AND 4831869
	Index Only Scan using sbtest5_pkey on sbtest5  (cost=0.43..6.37 rows=97 width=4)
	  Index Cond: ((id >= 4831769) AND (id <= 4831869))

table 6 : explain SELECT id FROM sbtest6 WHERE id BETWEEN 4831769 AND 4831869
	Index Only Scan using sbtest6_pkey on sbtest6  (cost=0.43..6.42 rows=99 width=4)
	  Index Cond: ((id >= 4831769) AND (id <= 4831869))

table 7 : explain SELECT id FROM sbtest7 WHERE id BETWEEN 4831769 AND 4831869
	Index Only Scan using sbtest7_pkey on sbtest7  (cost=0.43..6.32 rows=94 width=4)
	  Index Cond: ((id >= 4831769) AND (id <= 4831869))

table 8 : explain SELECT id FROM sbtest8 WHERE id BETWEEN 4831769 AND 4831869
	Index Only Scan using sbtest8_pkey on sbtest8  (cost=0.43..6.50 rows=103 width=4)
	  Index Cond: ((id >= 4831769) AND (id <= 4831869))

explain: for range-covered :: explain SELECT id FROM sbtest%d WHERE id BETWEEN 3725481 AND 3725581
explain: for range-covered :: explain SELECT id FROM sbtest%d WHERE id BETWEEN 4831769 AND 4831869
for range-covered
table 1 : explain SELECT id FROM sbtest1 WHERE id BETWEEN 1464563 AND 1464663
	Index Only Scan using sbtest1_pkey on sbtest1  (cost=0.43..6.29 rows=93 width=4)
	  Index Cond: ((id >= 1464563) AND (id <= 1464663))

table 2 : explain SELECT id FROM sbtest2 WHERE id BETWEEN 1464563 AND 1464663
	Index Only Scan using sbtest2_pkey on sbtest2  (cost=0.43..6.61 rows=109 width=4)
	  Index Cond: ((id >= 1464563) AND (id <= 1464663))

table 3 : explain SELECT id FROM sbtest3 WHERE id BETWEEN 1464563 AND 1464663
	Index Only Scan using sbtest3_pkey on sbtest3  (cost=0.43..10.32 rows=94 width=4)
	  Index Cond: ((id >= 1464563) AND (id <= 1464663))

table 4 : explain SELECT id FROM sbtest4 WHERE id BETWEEN 1464563 AND 1464663
	Index Only Scan using sbtest4_pkey on sbtest4  (cost=0.43..6.47 rows=102 width=4)
	  Index Cond: ((id >= 1464563) AND (id <= 1464663))

table 5 : explain SELECT id FROM sbtest5 WHERE id BETWEEN 1464563 AND 1464663
	Index Only Scan using sbtest5_pkey on sbtest5  (cost=0.43..6.40 rows=98 width=4)
	  Index Cond: ((id >= 1464563) AND (id <= 1464663))

table 6 : explain SELECT id FROM sbtest6 WHERE id BETWEEN 1464563 AND 1464663
	Index Only Scan using sbtest6_pkey on sbtest6  (cost=0.43..6.33 rows=95 width=4)
	  Index Cond: ((id >= 1464563) AND (id <= 1464663))

table 7 : explain SELECT id FROM sbtest7 WHERE id BETWEEN 1464563 AND 1464663
	Index Only Scan using sbtest7_pkey on sbtest7  (cost=0.43..6.37 rows=97 width=4)
	  Index Cond: ((id >= 1464563) AND (id <= 1464663))

table 8 : explain SELECT id FROM sbtest8 WHERE id BETWEEN 1464563 AND 1464663
	Index Only Scan using sbtest8_pkey on sbtest8  (cost=0.43..6.53 rows=105 width=4)
	  Index Cond: ((id >= 1464563) AND (id <= 1464663))

for range-covered
table 1 : explain SELECT id FROM sbtest1 WHERE id BETWEEN 4657053 AND 4657153
	Index Only Scan using sbtest1_pkey on sbtest1  (cost=0.43..6.37 rows=97 width=4)
	  Index Cond: ((id >= 4657053) AND (id <= 4657153))

table 2 : explain SELECT id FROM sbtest2 WHERE id BETWEEN 4657053 AND 4657153
	Index Only Scan using sbtest2_pkey on sbtest2  (cost=0.43..6.42 rows=99 width=4)
	  Index Cond: ((id >= 4657053) AND (id <= 4657153))

table 3 : explain SELECT id FROM sbtest3 WHERE id BETWEEN 4657053 AND 4657153
	Index Only Scan using sbtest3_pkey on sbtest3  (cost=0.43..10.33 rows=95 width=4)
	  Index Cond: ((id >= 4657053) AND (id <= 4657153))

table 4 : explain SELECT id FROM sbtest4 WHERE id BETWEEN 4657053 AND 4657153
	Index Only Scan using sbtest4_pkey on sbtest4  (cost=0.43..6.56 rows=106 width=4)
	  Index Cond: ((id >= 4657053) AND (id <= 4657153))

table 5 : explain SELECT id FROM sbtest5 WHERE id BETWEEN 4657053 AND 4657153
	Index Only Scan using sbtest5_pkey on sbtest5  (cost=0.43..6.58 rows=107 width=4)
	  Index Cond: ((id >= 4657053) AND (id <= 4657153))

table 6 : explain SELECT id FROM sbtest6 WHERE id BETWEEN 4657053 AND 4657153
	Index Only Scan using sbtest6_pkey on sbtest6  (cost=0.43..6.27 rows=92 width=4)
	  Index Cond: ((id >= 4657053) AND (id <= 4657153))

table 7 : explain SELECT id FROM sbtest7 WHERE id BETWEEN 4657053 AND 4657153
	Index Only Scan using sbtest7_pkey on sbtest7  (cost=0.43..6.45 rows=101 width=4)
	  Index Cond: ((id >= 4657053) AND (id <= 4657153))

table 8 : explain SELECT id FROM sbtest8 WHERE id BETWEEN 4657053 AND 4657153
	Index Only Scan using sbtest8_pkey on sbtest8  (cost=0.43..6.47 rows=102 width=4)
	  Index Cond: ((id >= 4657053) AND (id <= 4657153))

explain: for range-covered :: explain SELECT id FROM sbtest%d WHERE id BETWEEN 4657053 AND 4657153
for range-covered
table 1 : explain SELECT id FROM sbtest1 WHERE id BETWEEN 4407182 AND 4407282
	Index Only Scan using sbtest1_pkey on sbtest1  (cost=0.43..6.27 rows=92 width=4)
	  Index Cond: ((id >= 4407182) AND (id <= 4407282))

table 2 : explain SELECT id FROM sbtest2 WHERE id BETWEEN 4407182 AND 4407282
	Index Only Scan using sbtest2_pkey on sbtest2  (cost=0.43..6.43 rows=100 width=4)
	  Index Cond: ((id >= 4407182) AND (id <= 4407282))

table 3 : explain SELECT id FROM sbtest3 WHERE id BETWEEN 4407182 AND 4407282
	Index Only Scan using sbtest3_pkey on sbtest3  (cost=0.43..10.47 rows=102 width=4)
	  Index Cond: ((id >= 4407182) AND (id <= 4407282))

table 4 : explain SELECT id FROM sbtest4 WHERE id BETWEEN 4407182 AND 4407282
	Index Only Scan using sbtest4_pkey on sbtest4  (cost=0.43..6.56 rows=106 width=4)
	  Index Cond: ((id >= 4407182) AND (id <= 4407282))

table 5 : explain SELECT id FROM sbtest5 WHERE id BETWEEN 4407182 AND 4407282
	Index Only Scan using sbtest5_pkey on sbtest5  (cost=0.43..6.56 rows=106 width=4)
	  Index Cond: ((id >= 4407182) AND (id <= 4407282))

table 6 : explain SELECT id FROM sbtest6 WHERE id BETWEEN 4407182 AND 4407282
	Index Only Scan using sbtest6_pkey on sbtest6  (cost=0.43..6.35 rows=96 width=4)
	  Index Cond: ((id >= 4407182) AND (id <= 4407282))

table 7 : explain SELECT id FROM sbtest7 WHERE id BETWEEN 4407182 AND 4407282
	Index Only Scan using sbtest7_pkey on sbtest7  (cost=0.43..6.50 rows=103 width=4)
	  Index Cond: ((id >= 4407182) AND (id <= 4407282))

table 8 : explain SELECT id FROM sbtest8 WHERE id BETWEEN 4407182 AND 4407282
	Index Only Scan using sbtest8_pkey on sbtest8  (cost=0.43..6.43 rows=100 width=4)
	  Index Cond: ((id >= 4407182) AND (id <= 4407282))

for range-covered
table 1 : explain SELECT id FROM sbtest1 WHERE id BETWEEN 6278563 AND 6278663
	Index Only Scan using sbtest1_pkey on sbtest1  (cost=0.43..6.33 rows=95 width=4)
	  Index Cond: ((id >= 6278563) AND (id <= 6278663))

table 2 : explain SELECT id FROM sbtest2 WHERE id BETWEEN 6278563 AND 6278663
	Index Only Scan using sbtest2_pkey on sbtest2  (cost=0.43..6.47 rows=102 width=4)
	  Index Cond: ((id >= 6278563) AND (id <= 6278663))

table 3 : explain SELECT id FROM sbtest3 WHERE id BETWEEN 6278563 AND 6278663
	Index Only Scan using sbtest3_pkey on sbtest3  (cost=0.43..10.28 rows=92 width=4)
	  Index Cond: ((id >= 6278563) AND (id <= 6278663))

table 4 : explain SELECT id FROM sbtest4 WHERE id BETWEEN 6278563 AND 6278663
	Index Only Scan using sbtest4_pkey on sbtest4  (cost=0.43..6.35 rows=96 width=4)
	  Index Cond: ((id >= 6278563) AND (id <= 6278663))

table 5 : explain SELECT id FROM sbtest5 WHERE id BETWEEN 6278563 AND 6278663
	Index Only Scan using sbtest5_pkey on sbtest5  (cost=0.43..6.63 rows=110 width=4)
	  Index Cond: ((id >= 6278563) AND (id <= 6278663))

table 6 : explain SELECT id FROM sbtest6 WHERE id BETWEEN 6278563 AND 6278663
	Index Only Scan using sbtest6_pkey on sbtest6  (cost=0.43..6.59 rows=108 width=4)
	  Index Cond: ((id >= 6278563) AND (id <= 6278663))

table 7 : explain SELECT id FROM sbtest7 WHERE id BETWEEN 6278563 AND 6278663
	Index Only Scan using sbtest7_pkey on sbtest7  (cost=0.43..6.51 rows=104 width=4)
	  Index Cond: ((id >= 6278563) AND (id <= 6278663))

table 8 : explain SELECT id FROM sbtest8 WHERE id BETWEEN 6278563 AND 6278663
	Index Only Scan using sbtest8_pkey on sbtest8  (cost=0.43..6.33 rows=95 width=4)
	  Index Cond: ((id >= 6278563) AND (id <= 6278663))

for range-covered
table 1 : explain SELECT id FROM sbtest1 WHERE id BETWEEN 9039748 AND 9039848
	Index Only Scan using sbtest1_pkey on sbtest1  (cost=0.43..6.29 rows=93 width=4)
	  Index Cond: ((id >= 9039748) AND (id <= 9039848))

table 2 : explain SELECT id FROM sbtest2 WHERE id BETWEEN 9039748 AND 9039848
	Index Only Scan using sbtest2_pkey on sbtest2  (cost=0.43..6.45 rows=101 width=4)
	  Index Cond: ((id >= 9039748) AND (id <= 9039848))

table 3 : explain SELECT id FROM sbtest3 WHERE id BETWEEN 9039748 AND 9039848
	Index Only Scan using sbtest3_pkey on sbtest3  (cost=0.43..10.29 rows=93 width=4)
	  Index Cond: ((id >= 9039748) AND (id <= 9039848))

table 4 : explain SELECT id FROM sbtest4 WHERE id BETWEEN 9039748 AND 9039848
	Index Only Scan using sbtest4_pkey on sbtest4  (cost=0.43..6.58 rows=107 width=4)
	  Index Cond: ((id >= 9039748) AND (id <= 9039848))

table 5 : explain SELECT id FROM sbtest5 WHERE id BETWEEN 9039748 AND 9039848
	Index Only Scan using sbtest5_pkey on sbtest5  (cost=0.43..6.66 rows=111 width=4)
	  Index Cond: ((id >= 9039748) AND (id <= 9039848))

table 6 : explain SELECT id FROM sbtest6 WHERE id BETWEEN 9039748 AND 9039848
	Index Only Scan using sbtest6_pkey on sbtest6  (cost=0.43..6.56 rows=106 width=4)
	  Index Cond: ((id >= 9039748) AND (id <= 9039848))

table 7 : explain SELECT id FROM sbtest7 WHERE id BETWEEN 9039748 AND 9039848
	Index Only Scan using sbtest7_pkey on sbtest7  (cost=0.43..6.63 rows=110 width=4)
	  Index Cond: ((id >= 9039748) AND (id <= 9039848))

table 8 : explain SELECT id FROM sbtest8 WHERE id BETWEEN 9039748 AND 9039848
	Index Only Scan using sbtest8_pkey on sbtest8  (cost=0.43..6.47 rows=102 width=4)
	  Index Cond: ((id >= 9039748) AND (id <= 9039848))

explain: for range-covered :: explain SELECT id FROM sbtest%d WHERE id BETWEEN 4407182 AND 4407282
for range-covered
table 1 : explain SELECT id FROM sbtest1 WHERE id BETWEEN 2762445 AND 2762545
	Index Only Scan using sbtest1_pkey on sbtest1  (cost=0.43..6.29 rows=93 width=4)
	  Index Cond: ((id >= 2762445) AND (id <= 2762545))

table 2 : explain SELECT id FROM sbtest2 WHERE id BETWEEN 2762445 AND 2762545
	Index Only Scan using sbtest2_pkey on sbtest2  (cost=0.43..6.42 rows=99 width=4)
	  Index Cond: ((id >= 2762445) AND (id <= 2762545))

table 3 : explain SELECT id FROM sbtest3 WHERE id BETWEEN 2762445 AND 2762545
	Index Only Scan using sbtest3_pkey on sbtest3  (cost=0.43..10.47 rows=102 width=4)
	  Index Cond: ((id >= 2762445) AND (id <= 2762545))

table 4 : explain SELECT id FROM sbtest4 WHERE id BETWEEN 2762445 AND 2762545
	Index Only Scan using sbtest4_pkey on sbtest4  (cost=0.43..6.50 rows=103 width=4)
	  Index Cond: ((id >= 2762445) AND (id <= 2762545))

table 5 : explain SELECT id FROM sbtest5 WHERE id BETWEEN 2762445 AND 2762545
	Index Only Scan using sbtest5_pkey on sbtest5  (cost=0.43..6.43 rows=100 width=4)
	  Index Cond: ((id >= 2762445) AND (id <= 2762545))

table 6 : explain SELECT id FROM sbtest6 WHERE id BETWEEN 2762445 AND 2762545
	Index Only Scan using sbtest6_pkey on sbtest6  (cost=0.43..6.40 rows=98 width=4)
	  Index Cond: ((id >= 2762445) AND (id <= 2762545))

table 7 : explain SELECT id FROM sbtest7 WHERE id BETWEEN 2762445 AND 2762545
	Index Only Scan using sbtest7_pkey on sbtest7  (cost=0.43..6.40 rows=98 width=4)
	  Index Cond: ((id >= 2762445) AND (id <= 2762545))

table 8 : explain SELECT id FROM sbtest8 WHERE id BETWEEN 2762445 AND 2762545
	Index Only Scan using sbtest8_pkey on sbtest8  (cost=0.43..6.43 rows=100 width=4)
	  Index Cond: ((id >= 2762445) AND (id <= 2762545))

explain: for range-covered :: explain SELECT id FROM sbtest%d WHERE id BETWEEN 9039748 AND 9039848
explain: for range-covered :: explain SELECT id FROM sbtest%d WHERE id BETWEEN 2762445 AND 2762545
for range-covered
table 1 : explain SELECT id FROM sbtest1 WHERE id BETWEEN 3179232 AND 3179332
	Index Only Scan using sbtest1_pkey on sbtest1  (cost=0.43..6.29 rows=93 width=4)
	  Index Cond: ((id >= 3179232) AND (id <= 3179332))

table 2 : explain SELECT id FROM sbtest2 WHERE id BETWEEN 3179232 AND 3179332
	Index Only Scan using sbtest2_pkey on sbtest2  (cost=0.43..6.45 rows=101 width=4)
	  Index Cond: ((id >= 3179232) AND (id <= 3179332))

table 3 : explain SELECT id FROM sbtest3 WHERE id BETWEEN 3179232 AND 3179332
	Index Only Scan using sbtest3_pkey on sbtest3  (cost=0.43..10.54 rows=105 width=4)
	  Index Cond: ((id >= 3179232) AND (id <= 3179332))

table 4 : explain SELECT id FROM sbtest4 WHERE id BETWEEN 3179232 AND 3179332
	Index Only Scan using sbtest4_pkey on sbtest4  (cost=0.43..6.51 rows=104 width=4)
	  Index Cond: ((id >= 3179232) AND (id <= 3179332))

table 5 : explain SELECT id FROM sbtest5 WHERE id BETWEEN 3179232 AND 3179332
	Index Only Scan using sbtest5_pkey on sbtest5  (cost=0.43..6.25 rows=91 width=4)
	  Index Cond: ((id >= 3179232) AND (id <= 3179332))

table 6 : explain SELECT id FROM sbtest6 WHERE id BETWEEN 3179232 AND 3179332
	Index Only Scan using sbtest6_pkey on sbtest6  (cost=0.43..6.45 rows=101 width=4)
	  Index Cond: ((id >= 3179232) AND (id <= 3179332))

table 7 : explain SELECT id FROM sbtest7 WHERE id BETWEEN 3179232 AND 3179332
	Index Only Scan using sbtest7_pkey on sbtest7  (cost=0.43..6.45 rows=101 width=4)
	  Index Cond: ((id >= 3179232) AND (id <= 3179332))

table 8 : explain SELECT id FROM sbtest8 WHERE id BETWEEN 3179232 AND 3179332
	Index Only Scan using sbtest8_pkey on sbtest8  (cost=0.43..6.33 rows=95 width=4)
	  Index Cond: ((id >= 3179232) AND (id <= 3179332))

for range-covered
table 1 : explain SELECT id FROM sbtest1 WHERE id BETWEEN 4831769 AND 4831869
	Index Only Scan using sbtest1_pkey on sbtest1  (cost=0.43..6.51 rows=104 width=4)
	  Index Cond: ((id >= 4831769) AND (id <= 4831869))

table 2 : explain SELECT id FROM sbtest2 WHERE id BETWEEN 4831769 AND 4831869
	Index Only Scan using sbtest2_pkey on sbtest2  (cost=0.43..6.32 rows=94 width=4)
	  Index Cond: ((id >= 4831769) AND (id <= 4831869))

table 3 : explain SELECT id FROM sbtest3 WHERE id BETWEEN 4831769 AND 4831869
	Index Only Scan using sbtest3_pkey on sbtest3  (cost=0.43..10.60 rows=108 width=4)
	  Index Cond: ((id >= 4831769) AND (id <= 4831869))

table 4 : explain SELECT id FROM sbtest4 WHERE id BETWEEN 4831769 AND 4831869
	Index Only Scan using sbtest4_pkey on sbtest4  (cost=0.43..6.37 rows=97 width=4)
	  Index Cond: ((id >= 4831769) AND (id <= 4831869))

table 5 : explain SELECT id FROM sbtest5 WHERE id BETWEEN 4831769 AND 4831869
	Index Only Scan using sbtest5_pkey on sbtest5  (cost=0.43..6.37 rows=97 width=4)
	  Index Cond: ((id >= 4831769) AND (id <= 4831869))

table 6 : explain SELECT id FROM sbtest6 WHERE id BETWEEN 4831769 AND 4831869
	Index Only Scan using sbtest6_pkey on sbtest6  (cost=0.43..6.42 rows=99 width=4)
	  Index Cond: ((id >= 4831769) AND (id <= 4831869))

table 7 : explain SELECT id FROM sbtest7 WHERE id BETWEEN 4831769 AND 4831869
	Index Only Scan using sbtest7_pkey on sbtest7  (cost=0.43..6.32 rows=94 width=4)
	  Index Cond: ((id >= 4831769) AND (id <= 4831869))

table 8 : explain SELECT id FROM sbtest8 WHERE id BETWEEN 4831769 AND 4831869
	Index Only Scan using sbtest8_pkey on sbtest8  (cost=0.43..6.50 rows=103 width=4)
	  Index Cond: ((id >= 4831769) AND (id <= 4831869))

explain: for range-covered :: explain SELECT id FROM sbtest%d WHERE id BETWEEN 4831769 AND 4831869
explain: for range-covered :: explain SELECT id FROM sbtest%d WHERE id BETWEEN 3179232 AND 3179332
for range-covered
table 1 : explain SELECT id FROM sbtest1 WHERE id BETWEEN 4657053 AND 4657153
	Index Only Scan using sbtest1_pkey on sbtest1  (cost=0.43..6.37 rows=97 width=4)
	  Index Cond: ((id >= 4657053) AND (id <= 4657153))

table 2 : explain SELECT id FROM sbtest2 WHERE id BETWEEN 4657053 AND 4657153
	Index Only Scan using sbtest2_pkey on sbtest2  (cost=0.43..6.42 rows=99 width=4)
	  Index Cond: ((id >= 4657053) AND (id <= 4657153))

table 3 : explain SELECT id FROM sbtest3 WHERE id BETWEEN 4657053 AND 4657153
	Index Only Scan using sbtest3_pkey on sbtest3  (cost=0.43..10.33 rows=95 width=4)
	  Index Cond: ((id >= 4657053) AND (id <= 4657153))

table 4 : explain SELECT id FROM sbtest4 WHERE id BETWEEN 4657053 AND 4657153
	Index Only Scan using sbtest4_pkey on sbtest4  (cost=0.43..6.56 rows=106 width=4)
	  Index Cond: ((id >= 4657053) AND (id <= 4657153))

table 5 : explain SELECT id FROM sbtest5 WHERE id BETWEEN 4657053 AND 4657153
	Index Only Scan using sbtest5_pkey on sbtest5  (cost=0.43..6.58 rows=107 width=4)
	  Index Cond: ((id >= 4657053) AND (id <= 4657153))

table 6 : explain SELECT id FROM sbtest6 WHERE id BETWEEN 4657053 AND 4657153
	Index Only Scan using sbtest6_pkey on sbtest6  (cost=0.43..6.27 rows=92 width=4)
	  Index Cond: ((id >= 4657053) AND (id <= 4657153))

table 7 : explain SELECT id FROM sbtest7 WHERE id BETWEEN 4657053 AND 4657153
	Index Only Scan using sbtest7_pkey on sbtest7  (cost=0.43..6.45 rows=101 width=4)
	  Index Cond: ((id >= 4657053) AND (id <= 4657153))

table 8 : explain SELECT id FROM sbtest8 WHERE id BETWEEN 4657053 AND 4657153
	Index Only Scan using sbtest8_pkey on sbtest8  (cost=0.43..6.47 rows=102 width=4)
	  Index Cond: ((id >= 4657053) AND (id <= 4657153))

explain: for range-covered :: explain SELECT id FROM sbtest%d WHERE id BETWEEN 4657053 AND 4657153
for range-covered
table 1 : explain SELECT id FROM sbtest1 WHERE id BETWEEN 8861154 AND 8861254
	Index Only Scan using sbtest1_pkey on sbtest1  (cost=0.43..6.32 rows=94 width=4)
	  Index Cond: ((id >= 8861154) AND (id <= 8861254))

table 2 : explain SELECT id FROM sbtest2 WHERE id BETWEEN 8861154 AND 8861254
	Index Only Scan using sbtest2_pkey on sbtest2  (cost=0.43..6.42 rows=99 width=4)
	  Index Cond: ((id >= 8861154) AND (id <= 8861254))

table 3 : explain SELECT id FROM sbtest3 WHERE id BETWEEN 8861154 AND 8861254
	Index Only Scan using sbtest3_pkey on sbtest3  (cost=0.43..10.74 rows=115 width=4)
	  Index Cond: ((id >= 8861154) AND (id <= 8861254))

table 4 : explain SELECT id FROM sbtest4 WHERE id BETWEEN 8861154 AND 8861254
	Index Only Scan using sbtest4_pkey on sbtest4  (cost=0.43..6.45 rows=101 width=4)
	  Index Cond: ((id >= 8861154) AND (id <= 8861254))

table 5 : explain SELECT id FROM sbtest5 WHERE id BETWEEN 8861154 AND 8861254
	Index Only Scan using sbtest5_pkey on sbtest5  (cost=0.43..6.35 rows=96 width=4)
	  Index Cond: ((id >= 8861154) AND (id <= 8861254))

table 6 : explain SELECT id FROM sbtest6 WHERE id BETWEEN 8861154 AND 8861254
	Index Only Scan using sbtest6_pkey on sbtest6  (cost=0.43..6.43 rows=100 width=4)
	  Index Cond: ((id >= 8861154) AND (id <= 8861254))

table 7 : explain SELECT id FROM sbtest7 WHERE id BETWEEN 8861154 AND 8861254
	Index Only Scan using sbtest7_pkey on sbtest7  (cost=0.43..6.40 rows=98 width=4)
	  Index Cond: ((id >= 8861154) AND (id <= 8861254))

table 8 : explain SELECT id FROM sbtest8 WHERE id BETWEEN 8861154 AND 8861254
	Index Only Scan using sbtest8_pkey on sbtest8  (cost=0.43..6.43 rows=100 width=4)
	  Index Cond: ((id >= 8861154) AND (id <= 8861254))

for range-covered
table 1 : explain SELECT id FROM sbtest1 WHERE id BETWEEN 2762445 AND 2762545
	Index Only Scan using sbtest1_pkey on sbtest1  (cost=0.43..6.29 rows=93 width=4)
	  Index Cond: ((id >= 2762445) AND (id <= 2762545))

table 2 : explain SELECT id FROM sbtest2 WHERE id BETWEEN 2762445 AND 2762545
	Index Only Scan using sbtest2_pkey on sbtest2  (cost=0.43..6.42 rows=99 width=4)
	  Index Cond: ((id >= 2762445) AND (id <= 2762545))

table 3 : explain SELECT id FROM sbtest3 WHERE id BETWEEN 2762445 AND 2762545
	Index Only Scan using sbtest3_pkey on sbtest3  (cost=0.43..10.47 rows=102 width=4)
	  Index Cond: ((id >= 2762445) AND (id <= 2762545))

table 4 : explain SELECT id FROM sbtest4 WHERE id BETWEEN 2762445 AND 2762545
	Index Only Scan using sbtest4_pkey on sbtest4  (cost=0.43..6.50 rows=103 width=4)
	  Index Cond: ((id >= 2762445) AND (id <= 2762545))

table 5 : explain SELECT id FROM sbtest5 WHERE id BETWEEN 2762445 AND 2762545
	Index Only Scan using sbtest5_pkey on sbtest5  (cost=0.43..6.43 rows=100 width=4)
	  Index Cond: ((id >= 2762445) AND (id <= 2762545))

table 6 : explain SELECT id FROM sbtest6 WHERE id BETWEEN 2762445 AND 2762545
	Index Only Scan using sbtest6_pkey on sbtest6  (cost=0.43..6.40 rows=98 width=4)
	  Index Cond: ((id >= 2762445) AND (id <= 2762545))

table 7 : explain SELECT id FROM sbtest7 WHERE id BETWEEN 2762445 AND 2762545
	Index Only Scan using sbtest7_pkey on sbtest7  (cost=0.43..6.40 rows=98 width=4)
	  Index Cond: ((id >= 2762445) AND (id <= 2762545))

table 8 : explain SELECT id FROM sbtest8 WHERE id BETWEEN 2762445 AND 2762545
	Index Only Scan using sbtest8_pkey on sbtest8  (cost=0.43..6.43 rows=100 width=4)
	  Index Cond: ((id >= 2762445) AND (id <= 2762545))

for range-covered
table 1 : explain SELECT id FROM sbtest1 WHERE id BETWEEN 3725481 AND 3725581
	Index Only Scan using sbtest1_pkey on sbtest1  (cost=0.43..6.59 rows=108 width=4)
	  Index Cond: ((id >= 3725481) AND (id <= 3725581))

table 2 : explain SELECT id FROM sbtest2 WHERE id BETWEEN 3725481 AND 3725581
	Index Only Scan using sbtest2_pkey on sbtest2  (cost=0.43..6.50 rows=103 width=4)
	  Index Cond: ((id >= 3725481) AND (id <= 3725581))

table 3 : explain SELECT id FROM sbtest3 WHERE id BETWEEN 3725481 AND 3725581
	Index Only Scan using sbtest3_pkey on sbtest3  (cost=0.43..10.40 rows=98 width=4)
	  Index Cond: ((id >= 3725481) AND (id <= 3725581))

table 4 : explain SELECT id FROM sbtest4 WHERE id BETWEEN 3725481 AND 3725581
	Index Only Scan using sbtest4_pkey on sbtest4  (cost=0.43..6.43 rows=100 width=4)
	  Index Cond: ((id >= 3725481) AND (id <= 3725581))

table 5 : explain SELECT id FROM sbtest5 WHERE id BETWEEN 3725481 AND 3725581
	Index Only Scan using sbtest5_pkey on sbtest5  (cost=0.43..6.74 rows=115 width=4)
	  Index Cond: ((id >= 3725481) AND (id <= 3725581))

table 6 : explain SELECT id FROM sbtest6 WHERE id BETWEEN 3725481 AND 3725581
	Index Only Scan using sbtest6_pkey on sbtest6  (cost=0.43..6.43 rows=100 width=4)
	  Index Cond: ((id >= 3725481) AND (id <= 3725581))

table 7 : explain SELECT id FROM sbtest7 WHERE id BETWEEN 3725481 AND 3725581
	Index Only Scan using sbtest7_pkey on sbtest7  (cost=0.43..6.42 rows=99 width=4)
	  Index Cond: ((id >= 3725481) AND (id <= 3725581))

table 8 : explain SELECT id FROM sbtest8 WHERE id BETWEEN 3725481 AND 3725581
	Index Only Scan using sbtest8_pkey on sbtest8  (cost=0.43..6.50 rows=103 width=4)
	  Index Cond: ((id >= 3725481) AND (id <= 3725581))

explain: for range-covered :: explain SELECT id FROM sbtest%d WHERE id BETWEEN 8861154 AND 8861254
explain: for range-covered :: explain SELECT id FROM sbtest%d WHERE id BETWEEN 2762445 AND 2762545
for range-covered
table 1 : explain SELECT id FROM sbtest1 WHERE id BETWEEN 4831769 AND 4831869
	Index Only Scan using sbtest1_pkey on sbtest1  (cost=0.43..6.51 rows=104 width=4)
	  Index Cond: ((id >= 4831769) AND (id <= 4831869))

table 2 : explain SELECT id FROM sbtest2 WHERE id BETWEEN 4831769 AND 4831869
	Index Only Scan using sbtest2_pkey on sbtest2  (cost=0.43..6.32 rows=94 width=4)
	  Index Cond: ((id >= 4831769) AND (id <= 4831869))

table 3 : explain SELECT id FROM sbtest3 WHERE id BETWEEN 4831769 AND 4831869
	Index Only Scan using sbtest3_pkey on sbtest3  (cost=0.43..10.60 rows=108 width=4)
	  Index Cond: ((id >= 4831769) AND (id <= 4831869))

table 4 : explain SELECT id FROM sbtest4 WHERE id BETWEEN 4831769 AND 4831869
	Index Only Scan using sbtest4_pkey on sbtest4  (cost=0.43..6.37 rows=97 width=4)
	  Index Cond: ((id >= 4831769) AND (id <= 4831869))

table 5 : explain SELECT id FROM sbtest5 WHERE id BETWEEN 4831769 AND 4831869
	Index Only Scan using sbtest5_pkey on sbtest5  (cost=0.43..6.37 rows=97 width=4)
	  Index Cond: ((id >= 4831769) AND (id <= 4831869))

table 6 : explain SELECT id FROM sbtest6 WHERE id BETWEEN 4831769 AND 4831869
	Index Only Scan using sbtest6_pkey on sbtest6  (cost=0.43..6.42 rows=99 width=4)
	  Index Cond: ((id >= 4831769) AND (id <= 4831869))

table 7 : explain SELECT id FROM sbtest7 WHERE id BETWEEN 4831769 AND 4831869
	Index Only Scan using sbtest7_pkey on sbtest7  (cost=0.43..6.32 rows=94 width=4)
	  Index Cond: ((id >= 4831769) AND (id <= 4831869))

table 8 : explain SELECT id FROM sbtest8 WHERE id BETWEEN 4831769 AND 4831869
	Index Only Scan using sbtest8_pkey on sbtest8  (cost=0.43..6.50 rows=103 width=4)
	  Index Cond: ((id >= 4831769) AND (id <= 4831869))

for range-covered
table 1 : explain SELECT id FROM sbtest1 WHERE id BETWEEN 4407182 AND 4407282
	Index Only Scan using sbtest1_pkey on sbtest1  (cost=0.43..6.27 rows=92 width=4)
	  Index Cond: ((id >= 4407182) AND (id <= 4407282))

table 2 : explain SELECT id FROM sbtest2 WHERE id BETWEEN 4407182 AND 4407282
	Index Only Scan using sbtest2_pkey on sbtest2  (cost=0.43..6.43 rows=100 width=4)
	  Index Cond: ((id >= 4407182) AND (id <= 4407282))

table 3 : explain SELECT id FROM sbtest3 WHERE id BETWEEN 4407182 AND 4407282
	Index Only Scan using sbtest3_pkey on sbtest3  (cost=0.43..10.47 rows=102 width=4)
	  Index Cond: ((id >= 4407182) AND (id <= 4407282))

table 4 : explain SELECT id FROM sbtest4 WHERE id BETWEEN 4407182 AND 4407282
	Index Only Scan using sbtest4_pkey on sbtest4  (cost=0.43..6.56 rows=106 width=4)
	  Index Cond: ((id >= 4407182) AND (id <= 4407282))

table 5 : explain SELECT id FROM sbtest5 WHERE id BETWEEN 4407182 AND 4407282
	Index Only Scan using sbtest5_pkey on sbtest5  (cost=0.43..6.56 rows=106 width=4)
	  Index Cond: ((id >= 4407182) AND (id <= 4407282))

table 6 : explain SELECT id FROM sbtest6 WHERE id BETWEEN 4407182 AND 4407282
	Index Only Scan using sbtest6_pkey on sbtest6  (cost=0.43..6.35 rows=96 width=4)
	  Index Cond: ((id >= 4407182) AND (id <= 4407282))

table 7 : explain SELECT id FROM sbtest7 WHERE id BETWEEN 4407182 AND 4407282
	Index Only Scan using sbtest7_pkey on sbtest7  (cost=0.43..6.50 rows=103 width=4)
	  Index Cond: ((id >= 4407182) AND (id <= 4407282))

table 8 : explain SELECT id FROM sbtest8 WHERE id BETWEEN 4407182 AND 4407282
	Index Only Scan using sbtest8_pkey on sbtest8  (cost=0.43..6.43 rows=100 width=4)
	  Index Cond: ((id >= 4407182) AND (id <= 4407282))

explain: for range-covered :: explain SELECT id FROM sbtest%d WHERE id BETWEEN 3725481 AND 3725581
explain: for range-covered :: explain SELECT id FROM sbtest%d WHERE id BETWEEN 4831769 AND 4831869
explain: for range-covered :: explain SELECT id FROM sbtest%d WHERE id BETWEEN 4407182 AND 4407282for range-covered
table 1 : explain SELECT id FROM sbtest1 WHERE id BETWEEN 4657053 AND 4657153
	Index Only Scan using sbtest1_pkey on sbtest1  (cost=0.43..6.37 rows=97 width=4)
	  Index Cond: ((id >= 4657053) AND (id <= 4657153))

table 2 : explain SELECT id FROM sbtest2 WHERE id BETWEEN 4657053 AND 4657153
	Index Only Scan using sbtest2_pkey on sbtest2  (cost=0.43..6.42 rows=99 width=4)
	  Index Cond: ((id >= 4657053) AND (id <= 4657153))

table 3 : explain SELECT id FROM sbtest3 WHERE id BETWEEN 4657053 AND 4657153
	Index Only Scan using sbtest3_pkey on sbtest3  (cost=0.43..10.33 rows=95 width=4)
	  Index Cond: ((id >= 4657053) AND (id <= 4657153))

table 4 : explain SELECT id FROM sbtest4 WHERE id BETWEEN 4657053 AND 4657153
	Index Only Scan using sbtest4_pkey on sbtest4  (cost=0.43..6.56 rows=106 width=4)
	  Index Cond: ((id >= 4657053) AND (id <= 4657153))

table 5 : explain SELECT id FROM sbtest5 WHERE id BETWEEN 4657053 AND 4657153
	Index Only Scan using sbtest5_pkey on sbtest5  (cost=0.43..6.58 rows=107 width=4)
	  Index Cond: ((id >= 4657053) AND (id <= 4657153))

table 6 : explain SELECT id FROM sbtest6 WHERE id BETWEEN 4657053 AND 4657153
	Index Only Scan using sbtest6_pkey on sbtest6  (cost=0.43..6.27 rows=92 width=4)
	  Index Cond: ((id >= 4657053) AND (id <= 4657153))

table 7 : explain SELECT id FROM sbtest7 WHERE id BETWEEN 4657053 AND 4657153
	Index Only Scan using sbtest7_pkey on sbtest7  (cost=0.43..6.45 rows=101 width=4)
	  Index Cond: ((id >= 4657053) AND (id <= 4657153))

table 8 : explain SELECT id FROM sbtest8 WHERE id BETWEEN 4657053 AND 4657153
	Index Only Scan using sbtest8_pkey on sbtest8  (cost=0.43..6.47 rows=102 width=4)
	  Index Cond: ((id >= 4657053) AND (id <= 4657153))


for range-covered
table 1 : explain SELECT id FROM sbtest1 WHERE id BETWEEN 5518069 AND 5518169
	Index Only Scan using sbtest1_pkey on sbtest1  (cost=0.43..6.37 rows=97 width=4)
	  Index Cond: ((id >= 5518069) AND (id <= 5518169))

table 2 : explain SELECT id FROM sbtest2 WHERE id BETWEEN 5518069 AND 5518169
	Index Only Scan using sbtest2_pkey on sbtest2  (cost=0.43..6.50 rows=103 width=4)
	  Index Cond: ((id >= 5518069) AND (id <= 5518169))

table 3 : explain SELECT id FROM sbtest3 WHERE id BETWEEN 5518069 AND 5518169
	Index Only Scan using sbtest3_pkey on sbtest3  (cost=0.43..10.38 rows=97 width=4)
	  Index Cond: ((id >= 5518069) AND (id <= 5518169))

table 4 : explain SELECT id FROM sbtest4 WHERE id BETWEEN 5518069 AND 5518169
	Index Only Scan using sbtest4_pkey on sbtest4  (cost=0.43..6.32 rows=94 width=4)
	  Index Cond: ((id >= 5518069) AND (id <= 5518169))

table 5 : explain SELECT id FROM sbtest5 WHERE id BETWEEN 5518069 AND 5518169
	Index Only Scan using sbtest5_pkey on sbtest5  (cost=0.43..6.43 rows=100 width=4)
	  Index Cond: ((id >= 5518069) AND (id <= 5518169))

table 6 : explain SELECT id FROM sbtest6 WHERE id BETWEEN 5518069 AND 5518169
	Index Only Scan using sbtest6_pkey on sbtest6  (cost=0.43..6.43 rows=100 width=4)
	  Index Cond: ((id >= 5518069) AND (id <= 5518169))

table 7 : explain SELECT id FROM sbtest7 WHERE id BETWEEN 5518069 AND 5518169
	Index Only Scan using sbtest7_pkey on sbtest7  (cost=0.43..6.35 rows=96 width=4)
	  Index Cond: ((id >= 5518069) AND (id <= 5518169))

table 8 : explain SELECT id FROM sbtest8 WHERE id BETWEEN 5518069 AND 5518169
	Index Only Scan using sbtest8_pkey on sbtest8  (cost=0.43..6.43 rows=100 width=4)
	  Index Cond: ((id >= 5518069) AND (id <= 5518169))

explain: for range-covered :: explain SELECT id FROM sbtest%d WHERE id BETWEEN 4657053 AND 4657153
explain: for range-covered :: explain SELECT id FROM sbtest%d WHERE id BETWEEN 5518069 AND 5518169
for range-covered
table 1 : explain SELECT id FROM sbtest1 WHERE id BETWEEN 8861154 AND 8861254
	Index Only Scan using sbtest1_pkey on sbtest1  (cost=0.43..6.32 rows=94 width=4)
	  Index Cond: ((id >= 8861154) AND (id <= 8861254))

table 2 : explain SELECT id FROM sbtest2 WHERE id BETWEEN 8861154 AND 8861254
	Index Only Scan using sbtest2_pkey on sbtest2  (cost=0.43..6.42 rows=99 width=4)
	  Index Cond: ((id >= 8861154) AND (id <= 8861254))

table 3 : explain SELECT id FROM sbtest3 WHERE id BETWEEN 8861154 AND 8861254
	Index Only Scan using sbtest3_pkey on sbtest3  (cost=0.43..10.74 rows=115 width=4)
	  Index Cond: ((id >= 8861154) AND (id <= 8861254))

table 4 : explain SELECT id FROM sbtest4 WHERE id BETWEEN 8861154 AND 8861254
	Index Only Scan using sbtest4_pkey on sbtest4  (cost=0.43..6.45 rows=101 width=4)
	  Index Cond: ((id >= 8861154) AND (id <= 8861254))

table 5 : explain SELECT id FROM sbtest5 WHERE id BETWEEN 8861154 AND 8861254
	Index Only Scan using sbtest5_pkey on sbtest5  (cost=0.43..6.35 rows=96 width=4)
	  Index Cond: ((id >= 8861154) AND (id <= 8861254))

table 6 : explain SELECT id FROM sbtest6 WHERE id BETWEEN 8861154 AND 8861254
	Index Only Scan using sbtest6_pkey on sbtest6  (cost=0.43..6.43 rows=100 width=4)
	  Index Cond: ((id >= 8861154) AND (id <= 8861254))

table 7 : explain SELECT id FROM sbtest7 WHERE id BETWEEN 8861154 AND 8861254
	Index Only Scan using sbtest7_pkey on sbtest7  (cost=0.43..6.40 rows=98 width=4)
	  Index Cond: ((id >= 8861154) AND (id <= 8861254))

table 8 : explain SELECT id FROM sbtest8 WHERE id BETWEEN 8861154 AND 8861254
	Index Only Scan using sbtest8_pkey on sbtest8  (cost=0.43..6.43 rows=100 width=4)
	  Index Cond: ((id >= 8861154) AND (id <= 8861254))

for range-covered
table 1 : explain SELECT id FROM sbtest1 WHERE id BETWEEN 2762445 AND 2762545
	Index Only Scan using sbtest1_pkey on sbtest1  (cost=0.43..6.29 rows=93 width=4)
	  Index Cond: ((id >= 2762445) AND (id <= 2762545))

table 2 : explain SELECT id FROM sbtest2 WHERE id BETWEEN 2762445 AND 2762545
	Index Only Scan using sbtest2_pkey on sbtest2  (cost=0.43..6.42 rows=99 width=4)
	  Index Cond: ((id >= 2762445) AND (id <= 2762545))

table 3 : explain SELECT id FROM sbtest3 WHERE id BETWEEN 2762445 AND 2762545
	Index Only Scan using sbtest3_pkey on sbtest3  (cost=0.43..10.47 rows=102 width=4)
	  Index Cond: ((id >= 2762445) AND (id <= 2762545))

table 4 : explain SELECT id FROM sbtest4 WHERE id BETWEEN 2762445 AND 2762545
	Index Only Scan using sbtest4_pkey on sbtest4  (cost=0.43..6.50 rows=103 width=4)
	  Index Cond: ((id >= 2762445) AND (id <= 2762545))

table 5 : explain SELECT id FROM sbtest5 WHERE id BETWEEN 2762445 AND 2762545
	Index Only Scan using sbtest5_pkey on sbtest5  (cost=0.43..6.43 rows=100 width=4)
	  Index Cond: ((id >= 2762445) AND (id <= 2762545))

table 6 : explain SELECT id FROM sbtest6 WHERE id BETWEEN 2762445 AND 2762545
	Index Only Scan using sbtest6_pkey on sbtest6  (cost=0.43..6.40 rows=98 width=4)
	  Index Cond: ((id >= 2762445) AND (id <= 2762545))

table 7 : explain SELECT id FROM sbtest7 WHERE id BETWEEN 2762445 AND 2762545
	Index Only Scan using sbtest7_pkey on sbtest7  (cost=0.43..6.40 rows=98 width=4)
	  Index Cond: ((id >= 2762445) AND (id <= 2762545))

table 8 : explain SELECT id FROM sbtest8 WHERE id BETWEEN 2762445 AND 2762545
	Index Only Scan using sbtest8_pkey on sbtest8  (cost=0.43..6.43 rows=100 width=4)
	  Index Cond: ((id >= 2762445) AND (id <= 2762545))

explain: for range-covered :: explain SELECT id FROM sbtest%d WHERE id BETWEEN 8861154 AND 8861254
for range-covered
table 1 : explain SELECT id FROM sbtest1 WHERE id BETWEEN 3179232 AND 3179332
	Index Only Scan using sbtest1_pkey on sbtest1  (cost=0.43..6.29 rows=93 width=4)
	  Index Cond: ((id >= 3179232) AND (id <= 3179332))

table 2 : explain SELECT id FROM sbtest2 WHERE id BETWEEN 3179232 AND 3179332
	Index Only Scan using sbtest2_pkey on sbtest2  (cost=0.43..6.45 rows=101 width=4)
	  Index Cond: ((id >= 3179232) AND (id <= 3179332))

table 3 : explain SELECT id FROM sbtest3 WHERE id BETWEEN 3179232 AND 3179332
	Index Only Scan using sbtest3_pkey on sbtest3  (cost=0.43..10.54 rows=105 width=4)
	  Index Cond: ((id >= 3179232) AND (id <= 3179332))

table 4 : explain SELECT id FROM sbtest4 WHERE id BETWEEN 3179232 AND 3179332
	Index Only Scan using sbtest4_pkey on sbtest4  (cost=0.43..6.51 rows=104 width=4)
	  Index Cond: ((id >= 3179232) AND (id <= 3179332))

table 5 : explain SELECT id FROM sbtest5 WHERE id BETWEEN 3179232 AND 3179332
	Index Only Scan using sbtest5_pkey on sbtest5  (cost=0.43..6.25 rows=91 width=4)
	  Index Cond: ((id >= 3179232) AND (id <= 3179332))

table 6 : explain SELECT id FROM sbtest6 WHERE id BETWEEN 3179232 AND 3179332
	Index Only Scan using sbtest6_pkey on sbtest6  (cost=0.43..6.45 rows=101 width=4)
	  Index Cond: ((id >= 3179232) AND (id <= 3179332))

table 7 : explain SELECT id FROM sbtest7 WHERE id BETWEEN 3179232 AND 3179332
	Index Only Scan using sbtest7_pkey on sbtest7  (cost=0.43..6.45 rows=101 width=4)
	  Index Cond: ((id >= 3179232) AND (id <= 3179332))

table 8 : explain SELECT id FROM sbtest8 WHERE id BETWEEN 3179232 AND 3179332
	Index Only Scan using sbtest8_pkey on sbtest8  (cost=0.43..6.33 rows=95 width=4)
	  Index Cond: ((id >= 3179232) AND (id <= 3179332))

explain: for range-covered :: explain SELECT id FROM sbtest%d WHERE id BETWEEN 3179232 AND 3179332
for range-covered
table 1 : explain SELECT id FROM sbtest1 WHERE id BETWEEN 4831769 AND 4831869
	Index Only Scan using sbtest1_pkey on sbtest1  (cost=0.43..6.51 rows=104 width=4)
	  Index Cond: ((id >= 4831769) AND (id <= 4831869))

table 2 : explain SELECT id FROM sbtest2 WHERE id BETWEEN 4831769 AND 4831869
	Index Only Scan using sbtest2_pkey on sbtest2  (cost=0.43..6.32 rows=94 width=4)
	  Index Cond: ((id >= 4831769) AND (id <= 4831869))

table 3 : explain SELECT id FROM sbtest3 WHERE id BETWEEN 4831769 AND 4831869
	Index Only Scan using sbtest3_pkey on sbtest3  (cost=0.43..10.60 rows=108 width=4)
	  Index Cond: ((id >= 4831769) AND (id <= 4831869))

table 4 : explain SELECT id FROM sbtest4 WHERE id BETWEEN 4831769 AND 4831869
	Index Only Scan using sbtest4_pkey on sbtest4  (cost=0.43..6.37 rows=97 width=4)
	  Index Cond: ((id >= 4831769) AND (id <= 4831869))

table 5 : explain SELECT id FROM sbtest5 WHERE id BETWEEN 4831769 AND 4831869
	Index Only Scan using sbtest5_pkey on sbtest5  (cost=0.43..6.37 rows=97 width=4)
	  Index Cond: ((id >= 4831769) AND (id <= 4831869))

table 6 : explain SELECT id FROM sbtest6 WHERE id BETWEEN 4831769 AND 4831869
	Index Only Scan using sbtest6_pkey on sbtest6  (cost=0.43..6.42 rows=99 width=4)
	  Index Cond: ((id >= 4831769) AND (id <= 4831869))

table 7 : explain SELECT id FROM sbtest7 WHERE id BETWEEN 4831769 AND 4831869
	Index Only Scan using sbtest7_pkey on sbtest7  (cost=0.43..6.32 rows=94 width=4)
	  Index Cond: ((id >= 4831769) AND (id <= 4831869))

table 8 : explain SELECT id FROM sbtest8 WHERE id BETWEEN 4831769 AND 4831869
	Index Only Scan using sbtest8_pkey on sbtest8  (cost=0.43..6.50 rows=103 width=4)
	  Index Cond: ((id >= 4831769) AND (id <= 4831869))

explain: for range-covered :: explain SELECT id FROM sbtest%d WHERE id BETWEEN 4831769 AND 4831869
for range-covered
table 1 : explain SELECT id FROM sbtest1 WHERE id BETWEEN 9039748 AND 9039848
	Index Only Scan using sbtest1_pkey on sbtest1  (cost=0.43..6.29 rows=93 width=4)
	  Index Cond: ((id >= 9039748) AND (id <= 9039848))

table 2 : explain SELECT id FROM sbtest2 WHERE id BETWEEN 9039748 AND 9039848
	Index Only Scan using sbtest2_pkey on sbtest2  (cost=0.43..6.45 rows=101 width=4)
	  Index Cond: ((id >= 9039748) AND (id <= 9039848))

table 3 : explain SELECT id FROM sbtest3 WHERE id BETWEEN 9039748 AND 9039848
	Index Only Scan using sbtest3_pkey on sbtest3  (cost=0.43..10.29 rows=93 width=4)
	  Index Cond: ((id >= 9039748) AND (id <= 9039848))

table 4 : explain SELECT id FROM sbtest4 WHERE id BETWEEN 9039748 AND 9039848
	Index Only Scan using sbtest4_pkey on sbtest4  (cost=0.43..6.58 rows=107 width=4)
	  Index Cond: ((id >= 9039748) AND (id <= 9039848))

table 5 : explain SELECT id FROM sbtest5 WHERE id BETWEEN 9039748 AND 9039848
	Index Only Scan using sbtest5_pkey on sbtest5  (cost=0.43..6.66 rows=111 width=4)
	  Index Cond: ((id >= 9039748) AND (id <= 9039848))

table 6 : explain SELECT id FROM sbtest6 WHERE id BETWEEN 9039748 AND 9039848
	Index Only Scan using sbtest6_pkey on sbtest6  (cost=0.43..6.56 rows=106 width=4)
	  Index Cond: ((id >= 9039748) AND (id <= 9039848))

table 7 : explain SELECT id FROM sbtest7 WHERE id BETWEEN 9039748 AND 9039848
	Index Only Scan using sbtest7_pkey on sbtest7  (cost=0.43..6.63 rows=110 width=4)
	  Index Cond: ((id >= 9039748) AND (id <= 9039848))

table 8 : explain SELECT id FROM sbtest8 WHERE id BETWEEN 9039748 AND 9039848
	Index Only Scan using sbtest8_pkey on sbtest8  (cost=0.43..6.47 rows=102 width=4)
	  Index Cond: ((id >= 9039748) AND (id <= 9039848))

explain: for range-covered :: explain SELECT id FROM sbtest%d WHERE id BETWEEN 9039748 AND 9039848
for range-covered
table 1 : explain SELECT id FROM sbtest1 WHERE id BETWEEN 5740000 AND 5740100
	Index Only Scan using sbtest1_pkey on sbtest1  (cost=0.43..6.37 rows=97 width=4)
	  Index Cond: ((id >= 5740000) AND (id <= 5740100))

table 2 : explain SELECT id FROM sbtest2 WHERE id BETWEEN 5740000 AND 5740100
	Index Only Scan using sbtest2_pkey on sbtest2  (cost=0.43..6.50 rows=103 width=4)
	  Index Cond: ((id >= 5740000) AND (id <= 5740100))

table 3 : explain SELECT id FROM sbtest3 WHERE id BETWEEN 5740000 AND 5740100
	Index Only Scan using sbtest3_pkey on sbtest3  (cost=0.43..10.33 rows=95 width=4)
	  Index Cond: ((id >= 5740000) AND (id <= 5740100))

table 4 : explain SELECT id FROM sbtest4 WHERE id BETWEEN 5740000 AND 5740100
	Index Only Scan using sbtest4_pkey on sbtest4  (cost=0.43..6.42 rows=99 width=4)
	  Index Cond: ((id >= 5740000) AND (id <= 5740100))

table 5 : explain SELECT id FROM sbtest5 WHERE id BETWEEN 5740000 AND 5740100
	Index Only Scan using sbtest5_pkey on sbtest5  (cost=0.43..6.25 rows=91 width=4)
	  Index Cond: ((id >= 5740000) AND (id <= 5740100))

table 6 : explain SELECT id FROM sbtest6 WHERE id BETWEEN 5740000 AND 5740100
	Index Only Scan using sbtest6_pkey on sbtest6  (cost=0.43..6.58 rows=107 width=4)
	  Index Cond: ((id >= 5740000) AND (id <= 5740100))

table 7 : explain SELECT id FROM sbtest7 WHERE id BETWEEN 5740000 AND 5740100
	Index Only Scan using sbtest7_pkey on sbtest7  (cost=0.43..6.35 rows=96 width=4)
	  Index Cond: ((id >= 5740000) AND (id <= 5740100))

table 8 : explain SELECT id FROM sbtest8 WHERE id BETWEEN 5740000 AND 5740100
	Index Only Scan using sbtest8_pkey on sbtest8  (cost=0.43..6.33 rows=95 width=4)
	  Index Cond: ((id >= 5740000) AND (id <= 5740100))

for range-covered
table 1 : explain SELECT id FROM sbtest1 WHERE id BETWEEN 8861154 AND 8861254
	Index Only Scan using sbtest1_pkey on sbtest1  (cost=0.43..6.32 rows=94 width=4)
	  Index Cond: ((id >= 8861154) AND (id <= 8861254))

table 2 : explain SELECT id FROM sbtest2 WHERE id BETWEEN 8861154 AND 8861254
	Index Only Scan using sbtest2_pkey on sbtest2  (cost=0.43..6.42 rows=99 width=4)
	  Index Cond: ((id >= 8861154) AND (id <= 8861254))

table 3 : explain SELECT id FROM sbtest3 WHERE id BETWEEN 8861154 AND 8861254
	Index Only Scan using sbtest3_pkey on sbtest3  (cost=0.43..10.74 rows=115 width=4)
	  Index Cond: ((id >= 8861154) AND (id <= 8861254))

table 4 : explain SELECT id FROM sbtest4 WHERE id BETWEEN 8861154 AND 8861254
	Index Only Scan using sbtest4_pkey on sbtest4  (cost=0.43..6.45 rows=101 width=4)
	  Index Cond: ((id >= 8861154) AND (id <= 8861254))

table 5 : explain SELECT id FROM sbtest5 WHERE id BETWEEN 8861154 AND 8861254
	Index Only Scan using sbtest5_pkey on sbtest5  (cost=0.43..6.35 rows=96 width=4)
	  Index Cond: ((id >= 8861154) AND (id <= 8861254))

table 6 : explain SELECT id FROM sbtest6 WHERE id BETWEEN 8861154 AND 8861254
	Index Only Scan using sbtest6_pkey on sbtest6  (cost=0.43..6.43 rows=100 width=4)
	  Index Cond: ((id >= 8861154) AND (id <= 8861254))

table 7 : explain SELECT id FROM sbtest7 WHERE id BETWEEN 8861154 AND 8861254
	Index Only Scan using sbtest7_pkey on sbtest7  (cost=0.43..6.40 rows=98 width=4)
	  Index Cond: ((id >= 8861154) AND (id <= 8861254))

table 8 : explain SELECT id FROM sbtest8 WHERE id BETWEEN 8861154 AND 8861254
	Index Only Scan using sbtest8_pkey on sbtest8  (cost=0.43..6.43 rows=100 width=4)
	  Index Cond: ((id >= 8861154) AND (id <= 8861254))

for range-covered
table 1 : explain SELECT id FROM sbtest1 WHERE id BETWEEN 3725481 AND 3725581
	Index Only Scan using sbtest1_pkey on sbtest1  (cost=0.43..6.59 rows=108 width=4)
	  Index Cond: ((id >= 3725481) AND (id <= 3725581))

table 2 : explain SELECT id FROM sbtest2 WHERE id BETWEEN 3725481 AND 3725581
	Index Only Scan using sbtest2_pkey on sbtest2  (cost=0.43..6.50 rows=103 width=4)
	  Index Cond: ((id >= 3725481) AND (id <= 3725581))

table 3 : explain SELECT id FROM sbtest3 WHERE id BETWEEN 3725481 AND 3725581
	Index Only Scan using sbtest3_pkey on sbtest3  (cost=0.43..10.40 rows=98 width=4)
	  Index Cond: ((id >= 3725481) AND (id <= 3725581))

table 4 : explain SELECT id FROM sbtest4 WHERE id BETWEEN 3725481 AND 3725581
	Index Only Scan using sbtest4_pkey on sbtest4  (cost=0.43..6.43 rows=100 width=4)
	  Index Cond: ((id >= 3725481) AND (id <= 3725581))

table 5 : explain SELECT id FROM sbtest5 WHERE id BETWEEN 3725481 AND 3725581
	Index Only Scan using sbtest5_pkey on sbtest5  (cost=0.43..6.74 rows=115 width=4)
	  Index Cond: ((id >= 3725481) AND (id <= 3725581))

table 6 : explain SELECT id FROM sbtest6 WHERE id BETWEEN 3725481 AND 3725581
	Index Only Scan using sbtest6_pkey on sbtest6  (cost=0.43..6.43 rows=100 width=4)
	  Index Cond: ((id >= 3725481) AND (id <= 3725581))

table 7 : explain SELECT id FROM sbtest7 WHERE id BETWEEN 3725481 AND 3725581
	Index Only Scan using sbtest7_pkey on sbtest7  (cost=0.43..6.42 rows=99 width=4)
	  Index Cond: ((id >= 3725481) AND (id <= 3725581))

table 8 : explain SELECT id FROM sbtest8 WHERE id BETWEEN 3725481 AND 3725581
	Index Only Scan using sbtest8_pkey on sbtest8  (cost=0.43..6.50 rows=103 width=4)
	  Index Cond: ((id >= 3725481) AND (id <= 3725581))

explain: for range-covered :: explain SELECT id FROM sbtest%d WHERE id BETWEEN 3725481 AND 3725581
explain: for range-covered :: explain SELECT id FROM sbtest%d WHERE id BETWEEN 8861154 AND 8861254
for range-covered
table 1 : explain SELECT id FROM sbtest1 WHERE id BETWEEN 4657053 AND 4657153
	Index Only Scan using sbtest1_pkey on sbtest1  (cost=0.43..6.37 rows=97 width=4)
	  Index Cond: ((id >= 4657053) AND (id <= 4657153))

table 2 : explain SELECT id FROM sbtest2 WHERE id BETWEEN 4657053 AND 4657153
	Index Only Scan using sbtest2_pkey on sbtest2  (cost=0.43..6.42 rows=99 width=4)
	  Index Cond: ((id >= 4657053) AND (id <= 4657153))

table 3 : explain SELECT id FROM sbtest3 WHERE id BETWEEN 4657053 AND 4657153
	Index Only Scan using sbtest3_pkey on sbtest3  (cost=0.43..10.33 rows=95 width=4)
	  Index Cond: ((id >= 4657053) AND (id <= 4657153))

table 4 : explain SELECT id FROM sbtest4 WHERE id BETWEEN 4657053 AND 4657153
	Index Only Scan using sbtest4_pkey on sbtest4  (cost=0.43..6.56 rows=106 width=4)
	  Index Cond: ((id >= 4657053) AND (id <= 4657153))

table 5 : explain SELECT id FROM sbtest5 WHERE id BETWEEN 4657053 AND 4657153
	Index Only Scan using sbtest5_pkey on sbtest5  (cost=0.43..6.58 rows=107 width=4)
	  Index Cond: ((id >= 4657053) AND (id <= 4657153))

table 6 : explain SELECT id FROM sbtest6 WHERE id BETWEEN 4657053 AND 4657153
	Index Only Scan using sbtest6_pkey on sbtest6  (cost=0.43..6.27 rows=92 width=4)
	  Index Cond: ((id >= 4657053) AND (id <= 4657153))

table 7 : explain SELECT id FROM sbtest7 WHERE id BETWEEN 4657053 AND 4657153
	Index Only Scan using sbtest7_pkey on sbtest7  (cost=0.43..6.45 rows=101 width=4)
	  Index Cond: ((id >= 4657053) AND (id <= 4657153))

table 8 : explain SELECT id FROM sbtest8 WHERE id BETWEEN 4657053 AND 4657153
	Index Only Scan using sbtest8_pkey on sbtest8  (cost=0.43..6.47 rows=102 width=4)
	  Index Cond: ((id >= 4657053) AND (id <= 4657153))

for range-covered
table 1 : explain SELECT id FROM sbtest1 WHERE id BETWEEN 4831769 AND 4831869
	Index Only Scan using sbtest1_pkey on sbtest1  (cost=0.43..6.51 rows=104 width=4)
	  Index Cond: ((id >= 4831769) AND (id <= 4831869))

table 2 : explain SELECT id FROM sbtest2 WHERE id BETWEEN 4831769 AND 4831869
	Index Only Scan using sbtest2_pkey on sbtest2  (cost=0.43..6.32 rows=94 width=4)
	  Index Cond: ((id >= 4831769) AND (id <= 4831869))

table 3 : explain SELECT id FROM sbtest3 WHERE id BETWEEN 4831769 AND 4831869
	Index Only Scan using sbtest3_pkey on sbtest3  (cost=0.43..10.60 rows=108 width=4)
	  Index Cond: ((id >= 4831769) AND (id <= 4831869))

table 4 : explain SELECT id FROM sbtest4 WHERE id BETWEEN 4831769 AND 4831869
	Index Only Scan using sbtest4_pkey on sbtest4  (cost=0.43..6.37 rows=97 width=4)
	  Index Cond: ((id >= 4831769) AND (id <= 4831869))

table 5 : explain SELECT id FROM sbtest5 WHERE id BETWEEN 4831769 AND 4831869
	Index Only Scan using sbtest5_pkey on sbtest5  (cost=0.43..6.37 rows=97 width=4)
	  Index Cond: ((id >= 4831769) AND (id <= 4831869))

table 6 : explain SELECT id FROM sbtest6 WHERE id BETWEEN 4831769 AND 4831869
	Index Only Scan using sbtest6_pkey on sbtest6  (cost=0.43..6.42 rows=99 width=4)
	  Index Cond: ((id >= 4831769) AND (id <= 4831869))

table 7 : explain SELECT id FROM sbtest7 WHERE id BETWEEN 4831769 AND 4831869
	Index Only Scan using sbtest7_pkey on sbtest7  (cost=0.43..6.32 rows=94 width=4)
	  Index Cond: ((id >= 4831769) AND (id <= 4831869))

table 8 : explain SELECT id FROM sbtest8 WHERE id BETWEEN 4831769 AND 4831869
	Index Only Scan using sbtest8_pkey on sbtest8  (cost=0.43..6.50 rows=103 width=4)
	  Index Cond: ((id >= 4831769) AND (id <= 4831869))

explain: for range-covered :: explain SELECT id FROM sbtest%d WHERE id BETWEEN 4831769 AND 4831869
for range-covered
table 1 : explain SELECT id FROM sbtest1 WHERE id BETWEEN 4407182 AND 4407282
	Index Only Scan using sbtest1_pkey on sbtest1  (cost=0.43..6.27 rows=92 width=4)
	  Index Cond: ((id >= 4407182) AND (id <= 4407282))

table 2 : explain SELECT id FROM sbtest2 WHERE id BETWEEN 4407182 AND 4407282
	Index Only Scan using sbtest2_pkey on sbtest2  (cost=0.43..6.43 rows=100 width=4)
	  Index Cond: ((id >= 4407182) AND (id <= 4407282))

table 3 : explain SELECT id FROM sbtest3 WHERE id BETWEEN 4407182 AND 4407282
	Index Only Scan using sbtest3_pkey on sbtest3  (cost=0.43..10.47 rows=102 width=4)
	  Index Cond: ((id >= 4407182) AND (id <= 4407282))

table 4 : explain SELECT id FROM sbtest4 WHERE id BETWEEN 4407182 AND 4407282
	Index Only Scan using sbtest4_pkey on sbtest4  (cost=0.43..6.56 rows=106 width=4)
	  Index Cond: ((id >= 4407182) AND (id <= 4407282))

table 5 : explain SELECT id FROM sbtest5 WHERE id BETWEEN 4407182 AND 4407282
	Index Only Scan using sbtest5_pkey on sbtest5  (cost=0.43..6.56 rows=106 width=4)
	  Index Cond: ((id >= 4407182) AND (id <= 4407282))

table 6 : explain SELECT id FROM sbtest6 WHERE id BETWEEN 4407182 AND 4407282
	Index Only Scan using sbtest6_pkey on sbtest6  (cost=0.43..6.35 rows=96 width=4)
	  Index Cond: ((id >= 4407182) AND (id <= 4407282))

table 7 : explain SELECT id FROM sbtest7 WHERE id BETWEEN 4407182 AND 4407282
	Index Only Scan using sbtest7_pkey on sbtest7  (cost=0.43..6.50 rows=103 width=4)
	  Index Cond: ((id >= 4407182) AND (id <= 4407282))

table 8 : explain SELECT id FROM sbtest8 WHERE id BETWEEN 4407182 AND 4407282
	Index Only Scan using sbtest8_pkey on sbtest8  (cost=0.43..6.43 rows=100 width=4)
	  Index Cond: ((id >= 4407182) AND (id <= 4407282))

explain: for range-covered :: explain SELECT id FROM sbtest%d WHERE id BETWEEN 4657053 AND 4657153
explain: for range-covered :: explain SELECT id FROM sbtest%d WHERE id BETWEEN 4407182 AND 4407282
for range-covered
table 1 : explain SELECT id FROM sbtest1 WHERE id BETWEEN 3179232 AND 3179332
	Index Only Scan using sbtest1_pkey on sbtest1  (cost=0.43..6.29 rows=93 width=4)
	  Index Cond: ((id >= 3179232) AND (id <= 3179332))

table 2 : explain SELECT id FROM sbtest2 WHERE id BETWEEN 3179232 AND 3179332
	Index Only Scan using sbtest2_pkey on sbtest2  (cost=0.43..6.45 rows=101 width=4)
	  Index Cond: ((id >= 3179232) AND (id <= 3179332))

table 3 : explain SELECT id FROM sbtest3 WHERE id BETWEEN 3179232 AND 3179332
	Index Only Scan using sbtest3_pkey on sbtest3  (cost=0.43..10.54 rows=105 width=4)
	  Index Cond: ((id >= 3179232) AND (id <= 3179332))

table 4 : explain SELECT id FROM sbtest4 WHERE id BETWEEN 3179232 AND 3179332
	Index Only Scan using sbtest4_pkey on sbtest4  (cost=0.43..6.51 rows=104 width=4)
	  Index Cond: ((id >= 3179232) AND (id <= 3179332))

table 5 : explain SELECT id FROM sbtest5 WHERE id BETWEEN 3179232 AND 3179332
	Index Only Scan using sbtest5_pkey on sbtest5  (cost=0.43..6.25 rows=91 width=4)
	  Index Cond: ((id >= 3179232) AND (id <= 3179332))

table 6 : explain SELECT id FROM sbtest6 WHERE id BETWEEN 3179232 AND 3179332
	Index Only Scan using sbtest6_pkey on sbtest6  (cost=0.43..6.45 rows=101 width=4)
	  Index Cond: ((id >= 3179232) AND (id <= 3179332))

table 7 : explain SELECT id FROM sbtest7 WHERE id BETWEEN 3179232 AND 3179332
	Index Only Scan using sbtest7_pkey on sbtest7  (cost=0.43..6.45 rows=101 width=4)
	  Index Cond: ((id >= 3179232) AND (id <= 3179332))

table 8 : explain SELECT id FROM sbtest8 WHERE id BETWEEN 3179232 AND 3179332
	Index Only Scan using sbtest8_pkey on sbtest8  (cost=0.43..6.33 rows=95 width=4)
	  Index Cond: ((id >= 3179232) AND (id <= 3179332))

for range-covered
table 1 : explain SELECT id FROM sbtest1 WHERE id BETWEEN 5518069 AND 5518169
	Index Only Scan using sbtest1_pkey on sbtest1  (cost=0.43..6.37 rows=97 width=4)
	  Index Cond: ((id >= 5518069) AND (id <= 5518169))

table 2 : explain SELECT id FROM sbtest2 WHERE id BETWEEN 5518069 AND 5518169
	Index Only Scan using sbtest2_pkey on sbtest2  (cost=0.43..6.50 rows=103 width=4)
	  Index Cond: ((id >= 5518069) AND (id <= 5518169))

table 3 : explain SELECT id FROM sbtest3 WHERE id BETWEEN 5518069 AND 5518169
	Index Only Scan using sbtest3_pkey on sbtest3  (cost=0.43..10.38 rows=97 width=4)
	  Index Cond: ((id >= 5518069) AND (id <= 5518169))

table 4 : explain SELECT id FROM sbtest4 WHERE id BETWEEN 5518069 AND 5518169
	Index Only Scan using sbtest4_pkey on sbtest4  (cost=0.43..6.32 rows=94 width=4)
	  Index Cond: ((id >= 5518069) AND (id <= 5518169))

table 5 : explain SELECT id FROM sbtest5 WHERE id BETWEEN 5518069 AND 5518169
	Index Only Scan using sbtest5_pkey on sbtest5  (cost=0.43..6.43 rows=100 width=4)
	  Index Cond: ((id >= 5518069) AND (id <= 5518169))

table 6 : explain SELECT id FROM sbtest6 WHERE id BETWEEN 5518069 AND 5518169
	Index Only Scan using sbtest6_pkey on sbtest6  (cost=0.43..6.43 rows=100 width=4)
	  Index Cond: ((id >= 5518069) AND (id <= 5518169))

table 7 : explain SELECT id FROM sbtest7 WHERE id BETWEEN 5518069 AND 5518169
	Index Only Scan using sbtest7_pkey on sbtest7  (cost=0.43..6.35 rows=96 width=4)
	  Index Cond: ((id >= 5518069) AND (id <= 5518169))

table 8 : explain SELECT id FROM sbtest8 WHERE id BETWEEN 5518069 AND 5518169
	Index Only Scan using sbtest8_pkey on sbtest8  (cost=0.43..6.43 rows=100 width=4)
	  Index Cond: ((id >= 5518069) AND (id <= 5518169))

for range-covered
table 1 : explain SELECT id FROM sbtest1 WHERE id BETWEEN 8861154 AND 8861254
	Index Only Scan using sbtest1_pkey on sbtest1  (cost=0.43..6.32 rows=94 width=4)
	  Index Cond: ((id >= 8861154) AND (id <= 8861254))

table 2 : explain SELECT id FROM sbtest2 WHERE id BETWEEN 8861154 AND 8861254
	Index Only Scan using sbtest2_pkey on sbtest2  (cost=0.43..6.42 rows=99 width=4)
	  Index Cond: ((id >= 8861154) AND (id <= 8861254))

table 3 : explain SELECT id FROM sbtest3 WHERE id BETWEEN 8861154 AND 8861254
	Index Only Scan using sbtest3_pkey on sbtest3  (cost=0.43..10.74 rows=115 width=4)
	  Index Cond: ((id >= 8861154) AND (id <= 8861254))

table 4 : explain SELECT id FROM sbtest4 WHERE id BETWEEN 8861154 AND 8861254
	Index Only Scan using sbtest4_pkey on sbtest4  (cost=0.43..6.45 rows=101 width=4)
	  Index Cond: ((id >= 8861154) AND (id <= 8861254))

table 5 : explain SELECT id FROM sbtest5 WHERE id BETWEEN 8861154 AND 8861254
	Index Only Scan using sbtest5_pkey on sbtest5  (cost=0.43..6.35 rows=96 width=4)
	  Index Cond: ((id >= 8861154) AND (id <= 8861254))

table 6 : explain SELECT id FROM sbtest6 WHERE id BETWEEN 8861154 AND 8861254
	Index Only Scan using sbtest6_pkey on sbtest6  (cost=0.43..6.43 rows=100 width=4)
	  Index Cond: ((id >= 8861154) AND (id <= 8861254))

table 7 : explain SELECT id FROM sbtest7 WHERE id BETWEEN 8861154 AND 8861254
	Index Only Scan using sbtest7_pkey on sbtest7  (cost=0.43..6.40 rows=98 width=4)
	  Index Cond: ((id >= 8861154) AND (id <= 8861254))

table 8 : explain SELECT id FROM sbtest8 WHERE id BETWEEN 8861154 AND 8861254
	Index Only Scan using sbtest8_pkey on sbtest8  (cost=0.43..6.43 rows=100 width=4)
	  Index Cond: ((id >= 8861154) AND (id <= 8861254))

explain: for range-covered :: explain SELECT id FROM sbtest%d WHERE id BETWEEN 3179232 AND 3179332
explain: for range-covered :: explain SELECT id FROM sbtest%d WHERE id BETWEEN 8861154 AND 8861254
explain: for range-covered :: explain SELECT id FROM sbtest%d WHERE id BETWEEN 5518069 AND 5518169
for range-covered
table 1 : explain SELECT id FROM sbtest1 WHERE id BETWEEN 4831769 AND 4831869
	Index Only Scan using sbtest1_pkey on sbtest1  (cost=0.43..6.51 rows=104 width=4)
	  Index Cond: ((id >= 4831769) AND (id <= 4831869))

table 2 : explain SELECT id FROM sbtest2 WHERE id BETWEEN 4831769 AND 4831869
	Index Only Scan using sbtest2_pkey on sbtest2  (cost=0.43..6.32 rows=94 width=4)
	  Index Cond: ((id >= 4831769) AND (id <= 4831869))

table 3 : explain SELECT id FROM sbtest3 WHERE id BETWEEN 4831769 AND 4831869
	Index Only Scan using sbtest3_pkey on sbtest3  (cost=0.43..10.60 rows=108 width=4)
	  Index Cond: ((id >= 4831769) AND (id <= 4831869))

table 4 : explain SELECT id FROM sbtest4 WHERE id BETWEEN 4831769 AND 4831869
	Index Only Scan using sbtest4_pkey on sbtest4  (cost=0.43..6.37 rows=97 width=4)
	  Index Cond: ((id >= 4831769) AND (id <= 4831869))

table 5 : explain SELECT id FROM sbtest5 WHERE id BETWEEN 4831769 AND 4831869
	Index Only Scan using sbtest5_pkey on sbtest5  (cost=0.43..6.37 rows=97 width=4)
	  Index Cond: ((id >= 4831769) AND (id <= 4831869))

table 6 : explain SELECT id FROM sbtest6 WHERE id BETWEEN 4831769 AND 4831869
	Index Only Scan using sbtest6_pkey on sbtest6  (cost=0.43..6.42 rows=99 width=4)
	  Index Cond: ((id >= 4831769) AND (id <= 4831869))

table 7 : explain SELECT id FROM sbtest7 WHERE id BETWEEN 4831769 AND 4831869
	Index Only Scan using sbtest7_pkey on sbtest7  (cost=0.43..6.32 rows=94 width=4)
	  Index Cond: ((id >= 4831769) AND (id <= 4831869))

table 8 : explain SELECT id FROM sbtest8 WHERE id BETWEEN 4831769 AND 4831869
	Index Only Scan using sbtest8_pkey on sbtest8  (cost=0.43..6.50 rows=103 width=4)
	  Index Cond: ((id >= 4831769) AND (id <= 4831869))

explain: for range-covered :: explain SELECT id FROM sbtest%d WHERE id BETWEEN 4831769 AND 4831869
for range-covered
table 1 : explain SELECT id FROM sbtest1 WHERE id BETWEEN 3725481 AND 3725581
	Index Only Scan using sbtest1_pkey on sbtest1  (cost=0.43..6.59 rows=108 width=4)
	  Index Cond: ((id >= 3725481) AND (id <= 3725581))

table 2 : explain SELECT id FROM sbtest2 WHERE id BETWEEN 3725481 AND 3725581
	Index Only Scan using sbtest2_pkey on sbtest2  (cost=0.43..6.50 rows=103 width=4)
	  Index Cond: ((id >= 3725481) AND (id <= 3725581))

table 3 : explain SELECT id FROM sbtest3 WHERE id BETWEEN 3725481 AND 3725581
	Index Only Scan using sbtest3_pkey on sbtest3  (cost=0.43..10.40 rows=98 width=4)
	  Index Cond: ((id >= 3725481) AND (id <= 3725581))

table 4 : explain SELECT id FROM sbtest4 WHERE id BETWEEN 3725481 AND 3725581
	Index Only Scan using sbtest4_pkey on sbtest4  (cost=0.43..6.43 rows=100 width=4)
	  Index Cond: ((id >= 3725481) AND (id <= 3725581))

table 5 : explain SELECT id FROM sbtest5 WHERE id BETWEEN 3725481 AND 3725581
	Index Only Scan using sbtest5_pkey on sbtest5  (cost=0.43..6.74 rows=115 width=4)
	  Index Cond: ((id >= 3725481) AND (id <= 3725581))

table 6 : explain SELECT id FROM sbtest6 WHERE id BETWEEN 3725481 AND 3725581
	Index Only Scan using sbtest6_pkey on sbtest6  (cost=0.43..6.43 rows=100 width=4)
	  Index Cond: ((id >= 3725481) AND (id <= 3725581))

table 7 : explain SELECT id FROM sbtest7 WHERE id BETWEEN 3725481 AND 3725581
	Index Only Scan using sbtest7_pkey on sbtest7  (cost=0.43..6.42 rows=99 width=4)
	  Index Cond: ((id >= 3725481) AND (id <= 3725581))

table 8 : explain SELECT id FROM sbtest8 WHERE id BETWEEN 3725481 AND 3725581
	Index Only Scan using sbtest8_pkey on sbtest8  (cost=0.43..6.50 rows=103 width=4)
	  Index Cond: ((id >= 3725481) AND (id <= 3725581))

explain: for range-covered :: explain SELECT id FROM sbtest%d WHERE id BETWEEN 2249457 AND 2249557
for range-covered
table 1 : explain SELECT id FROM sbtest1 WHERE id BETWEEN 8861154 AND 8861254
	Index Only Scan using sbtest1_pkey on sbtest1  (cost=0.43..6.32 rows=94 width=4)
	  Index Cond: ((id >= 8861154) AND (id <= 8861254))

table 2 : explain SELECT id FROM sbtest2 WHERE id BETWEEN 8861154 AND 8861254
	Index Only Scan using sbtest2_pkey on sbtest2  (cost=0.43..6.42 rows=99 width=4)
	  Index Cond: ((id >= 8861154) AND (id <= 8861254))

table 3 : explain SELECT id FROM sbtest3 WHERE id BETWEEN 8861154 AND 8861254
	Index Only Scan using sbtest3_pkey on sbtest3  (cost=0.43..10.74 rows=115 width=4)
	  Index Cond: ((id >= 8861154) AND (id <= 8861254))

table 4 : explain SELECT id FROM sbtest4 WHERE id BETWEEN 8861154 AND 8861254
	Index Only Scan using sbtest4_pkey on sbtest4  (cost=0.43..6.45 rows=101 width=4)
	  Index Cond: ((id >= 8861154) AND (id <= 8861254))

table 5 : explain SELECT id FROM sbtest5 WHERE id BETWEEN 8861154 AND 8861254
	Index Only Scan using sbtest5_pkey on sbtest5  (cost=0.43..6.35 rows=96 width=4)
	  Index Cond: ((id >= 8861154) AND (id <= 8861254))

table 6 : explain SELECT id FROM sbtest6 WHERE id BETWEEN 8861154 AND 8861254
	Index Only Scan using sbtest6_pkey on sbtest6  (cost=0.43..6.43 rows=100 width=4)
	  Index Cond: ((id >= 8861154) AND (id <= 8861254))

table 7 : explain SELECT id FROM sbtest7 WHERE id BETWEEN 8861154 AND 8861254
	Index Only Scan using sbtest7_pkey on sbtest7  (cost=0.43..6.40 rows=98 width=4)
	  Index Cond: ((id >= 8861154) AND (id <= 8861254))

table 8 : explain SELECT id FROM sbtest8 WHERE id BETWEEN 8861154 AND 8861254
	Index Only Scan using sbtest8_pkey on sbtest8  (cost=0.43..6.43 rows=100 width=4)
	  Index Cond: ((id >= 8861154) AND (id <= 8861254))

explain: for range-covered :: explain SELECT id FROM sbtest%d WHERE id BETWEEN 3725481 AND 3725581
for range-covered
table 1 : explain SELECT id FROM sbtest1 WHERE id BETWEEN 4831769 AND 4831869
	Index Only Scan using sbtest1_pkey on sbtest1  (cost=0.43..6.51 rows=104 width=4)
	  Index Cond: ((id >= 4831769) AND (id <= 4831869))

table 2 : explain SELECT id FROM sbtest2 WHERE id BETWEEN 4831769 AND 4831869
	Index Only Scan using sbtest2_pkey on sbtest2  (cost=0.43..6.32 rows=94 width=4)
	  Index Cond: ((id >= 4831769) AND (id <= 4831869))

table 3 : explain SELECT id FROM sbtest3 WHERE id BETWEEN 4831769 AND 4831869
	Index Only Scan using sbtest3_pkey on sbtest3  (cost=0.43..10.60 rows=108 width=4)
	  Index Cond: ((id >= 4831769) AND (id <= 4831869))

table 4 : explain SELECT id FROM sbtest4 WHERE id BETWEEN 4831769 AND 4831869
	Index Only Scan using sbtest4_pkey on sbtest4  (cost=0.43..6.37 rows=97 width=4)
	  Index Cond: ((id >= 4831769) AND (id <= 4831869))

table 5 : explain SELECT id FROM sbtest5 WHERE id BETWEEN 4831769 AND 4831869
	Index Only Scan using sbtest5_pkey on sbtest5  (cost=0.43..6.37 rows=97 width=4)
	  Index Cond: ((id >= 4831769) AND (id <= 4831869))

table 6 : explain SELECT id FROM sbtest6 WHERE id BETWEEN 4831769 AND 4831869
	Index Only Scan using sbtest6_pkey on sbtest6  (cost=0.43..6.42 rows=99 width=4)
	  Index Cond: ((id >= 4831769) AND (id <= 4831869))

table 7 : explain SELECT id FROM sbtest7 WHERE id BETWEEN 4831769 AND 4831869
	Index Only Scan using sbtest7_pkey on sbtest7  (cost=0.43..6.32 rows=94 width=4)
	  Index Cond: ((id >= 4831769) AND (id <= 4831869))

table 8 : explain SELECT id FROM sbtest8 WHERE id BETWEEN 4831769 AND 4831869
	Index Only Scan using sbtest8_pkey on sbtest8  (cost=0.43..6.50 rows=103 width=4)
	  Index Cond: ((id >= 4831769) AND (id <= 4831869))

explain: for range-covered :: explain SELECT id FROM sbtest%d WHERE id BETWEEN 4831769 AND 4831869
for range-covered
table 1 : explain SELECT id FROM sbtest1 WHERE id BETWEEN 4657053 AND 4657153
	Index Only Scan using sbtest1_pkey on sbtest1  (cost=0.43..6.37 rows=97 width=4)
	  Index Cond: ((id >= 4657053) AND (id <= 4657153))

table 2 : explain SELECT id FROM sbtest2 WHERE id BETWEEN 4657053 AND 4657153
	Index Only Scan using sbtest2_pkey on sbtest2  (cost=0.43..6.42 rows=99 width=4)
	  Index Cond: ((id >= 4657053) AND (id <= 4657153))

table 3 : explain SELECT id FROM sbtest3 WHERE id BETWEEN 4657053 AND 4657153
	Index Only Scan using sbtest3_pkey on sbtest3  (cost=0.43..10.33 rows=95 width=4)
	  Index Cond: ((id >= 4657053) AND (id <= 4657153))

table 4 : explain SELECT id FROM sbtest4 WHERE id BETWEEN 4657053 AND 4657153
	Index Only Scan using sbtest4_pkey on sbtest4  (cost=0.43..6.56 rows=106 width=4)
	  Index Cond: ((id >= 4657053) AND (id <= 4657153))

table 5 : explain SELECT id FROM sbtest5 WHERE id BETWEEN 4657053 AND 4657153
	Index Only Scan using sbtest5_pkey on sbtest5  (cost=0.43..6.58 rows=107 width=4)
	  Index Cond: ((id >= 4657053) AND (id <= 4657153))

table 6 : explain SELECT id FROM sbtest6 WHERE id BETWEEN 4657053 AND 4657153
	Index Only Scan using sbtest6_pkey on sbtest6  (cost=0.43..6.27 rows=92 width=4)
	  Index Cond: ((id >= 4657053) AND (id <= 4657153))

table 7 : explain SELECT id FROM sbtest7 WHERE id BETWEEN 4657053 AND 4657153
	Index Only Scan using sbtest7_pkey on sbtest7  (cost=0.43..6.45 rows=101 width=4)
	  Index Cond: ((id >= 4657053) AND (id <= 4657153))

table 8 : explain SELECT id FROM sbtest8 WHERE id BETWEEN 4657053 AND 4657153
	Index Only Scan using sbtest8_pkey on sbtest8  (cost=0.43..6.47 rows=102 width=4)
	  Index Cond: ((id >= 4657053) AND (id <= 4657153))

explain: for range-covered :: explain SELECT id FROM sbtest%d WHERE id BETWEEN 8861154 AND 8861254
for range-covered
table 1 : explain SELECT id FROM sbtest1 WHERE id BETWEEN 9039748 AND 9039848
	Index Only Scan using sbtest1_pkey on sbtest1  (cost=0.43..6.29 rows=93 width=4)
	  Index Cond: ((id >= 9039748) AND (id <= 9039848))

table 2 : explain SELECT id FROM sbtest2 WHERE id BETWEEN 9039748 AND 9039848
	Index Only Scan using sbtest2_pkey on sbtest2  (cost=0.43..6.45 rows=101 width=4)
	  Index Cond: ((id >= 9039748) AND (id <= 9039848))

table 3 : explain SELECT id FROM sbtest3 WHERE id BETWEEN 9039748 AND 9039848
	Index Only Scan using sbtest3_pkey on sbtest3  (cost=0.43..10.29 rows=93 width=4)
	  Index Cond: ((id >= 9039748) AND (id <= 9039848))

table 4 : explain SELECT id FROM sbtest4 WHERE id BETWEEN 9039748 AND 9039848
	Index Only Scan using sbtest4_pkey on sbtest4  (cost=0.43..6.58 rows=107 width=4)
	  Index Cond: ((id >= 9039748) AND (id <= 9039848))

table 5 : explain SELECT id FROM sbtest5 WHERE id BETWEEN 9039748 AND 9039848
	Index Only Scan using sbtest5_pkey on sbtest5  (cost=0.43..6.66 rows=111 width=4)
	  Index Cond: ((id >= 9039748) AND (id <= 9039848))

table 6 : explain SELECT id FROM sbtest6 WHERE id BETWEEN 9039748 AND 9039848
	Index Only Scan using sbtest6_pkey on sbtest6  (cost=0.43..6.56 rows=106 width=4)
	  Index Cond: ((id >= 9039748) AND (id <= 9039848))

table 7 : explain SELECT id FROM sbtest7 WHERE id BETWEEN 9039748 AND 9039848
	Index Only Scan using sbtest7_pkey on sbtest7  (cost=0.43..6.63 rows=110 width=4)
	  Index Cond: ((id >= 9039748) AND (id <= 9039848))

table 8 : explain SELECT id FROM sbtest8 WHERE id BETWEEN 9039748 AND 9039848
	Index Only Scan using sbtest8_pkey on sbtest8  (cost=0.43..6.47 rows=102 width=4)
	  Index Cond: ((id >= 9039748) AND (id <= 9039848))

for range-covered
table 1 : explain SELECT id FROM sbtest1 WHERE id BETWEEN 4407182 AND 4407282
	Index Only Scan using sbtest1_pkey on sbtest1  (cost=0.43..6.27 rows=92 width=4)
	  Index Cond: ((id >= 4407182) AND (id <= 4407282))

table 2 : explain SELECT id FROM sbtest2 WHERE id BETWEEN 4407182 AND 4407282
	Index Only Scan using sbtest2_pkey on sbtest2  (cost=0.43..6.43 rows=100 width=4)
	  Index Cond: ((id >= 4407182) AND (id <= 4407282))

table 3 : explain SELECT id FROM sbtest3 WHERE id BETWEEN 4407182 AND 4407282
	Index Only Scan using sbtest3_pkey on sbtest3  (cost=0.43..10.47 rows=102 width=4)
	  Index Cond: ((id >= 4407182) AND (id <= 4407282))

table 4 : explain SELECT id FROM sbtest4 WHERE id BETWEEN 4407182 AND 4407282
	Index Only Scan using sbtest4_pkey on sbtest4  (cost=0.43..6.56 rows=106 width=4)
	  Index Cond: ((id >= 4407182) AND (id <= 4407282))

table 5 : explain SELECT id FROM sbtest5 WHERE id BETWEEN 4407182 AND 4407282
	Index Only Scan using sbtest5_pkey on sbtest5  (cost=0.43..6.56 rows=106 width=4)
	  Index Cond: ((id >= 4407182) AND (id <= 4407282))

table 6 : explain SELECT id FROM sbtest6 WHERE id BETWEEN 4407182 AND 4407282
	Index Only Scan using sbtest6_pkey on sbtest6  (cost=0.43..6.35 rows=96 width=4)
	  Index Cond: ((id >= 4407182) AND (id <= 4407282))

table 7 : explain SELECT id FROM sbtest7 WHERE id BETWEEN 4407182 AND 4407282
	Index Only Scan using sbtest7_pkey on sbtest7  (cost=0.43..6.50 rows=103 width=4)
	  Index Cond: ((id >= 4407182) AND (id <= 4407282))

table 8 : explain SELECT id FROM sbtest8 WHERE id BETWEEN 4407182 AND 4407282
	Index Only Scan using sbtest8_pkey on sbtest8  (cost=0.43..6.43 rows=100 width=4)
	  Index Cond: ((id >= 4407182) AND (id <= 4407282))
explain: for range-covered :: explain SELECT id FROM sbtest%d WHERE id BETWEEN 4657053 AND 4657153

explain: for range-covered :: explain SELECT id FROM sbtest%d WHERE id BETWEEN 5740000 AND 5740100
explain: for range-covered :: explain SELECT id FROM sbtest%d WHERE id BETWEEN 9039748 AND 9039848
for range-covered
table 1 : explain SELECT id FROM sbtest1 WHERE id BETWEEN 3179232 AND 3179332
	Index Only Scan using sbtest1_pkey on sbtest1  (cost=0.43..6.29 rows=93 width=4)
	  Index Cond: ((id >= 3179232) AND (id <= 3179332))

table 2 : explain SELECT id FROM sbtest2 WHERE id BETWEEN 3179232 AND 3179332
	Index Only Scan using sbtest2_pkey on sbtest2  (cost=0.43..6.45 rows=101 width=4)
	  Index Cond: ((id >= 3179232) AND (id <= 3179332))

table 3 : explain SELECT id FROM sbtest3 WHERE id BETWEEN 3179232 AND 3179332
	Index Only Scan using sbtest3_pkey on sbtest3  (cost=0.43..10.54 rows=105 width=4)
	  Index Cond: ((id >= 3179232) AND (id <= 3179332))

table 4 : explain SELECT id FROM sbtest4 WHERE id BETWEEN 3179232 AND 3179332
	Index Only Scan using sbtest4_pkey on sbtest4  (cost=0.43..6.51 rows=104 width=4)
	  Index Cond: ((id >= 3179232) AND (id <= 3179332))

table 5 : explain SELECT id FROM sbtest5 WHERE id BETWEEN 3179232 AND 3179332
	Index Only Scan using sbtest5_pkey on sbtest5  (cost=0.43..6.25 rows=91 width=4)
	  Index Cond: ((id >= 3179232) AND (id <= 3179332))

table 6 : explain SELECT id FROM sbtest6 WHERE id BETWEEN 3179232 AND 3179332
	Index Only Scan using sbtest6_pkey on sbtest6  (cost=0.43..6.45 rows=101 width=4)
	  Index Cond: ((id >= 3179232) AND (id <= 3179332))

table 7 : explain SELECT id FROM sbtest7 WHERE id BETWEEN 3179232 AND 3179332
	Index Only Scan using sbtest7_pkey on sbtest7  (cost=0.43..6.45 rows=101 width=4)
	  Index Cond: ((id >= 3179232) AND (id <= 3179332))

table 8 : explain SELECT id FROM sbtest8 WHERE id BETWEEN 3179232 AND 3179332
	Index Only Scan using sbtest8_pkey on sbtest8  (cost=0.43..6.33 rows=95 width=4)
	  Index Cond: ((id >= 3179232) AND (id <= 3179332))

for range-covered
table 1 : explain SELECT id FROM sbtest1 WHERE id BETWEEN 4040293 AND 4040393
	Index Only Scan using sbtest1_pkey on sbtest1  (cost=0.43..6.59 rows=108 width=4)
	  Index Cond: ((id >= 4040293) AND (id <= 4040393))

table 2 : explain SELECT id FROM sbtest2 WHERE id BETWEEN 4040293 AND 4040393
	Index Only Scan using sbtest2_pkey on sbtest2  (cost=0.43..6.45 rows=101 width=4)
	  Index Cond: ((id >= 4040293) AND (id <= 4040393))

table 3 : explain SELECT id FROM sbtest3 WHERE id BETWEEN 4040293 AND 4040393
	Index Only Scan using sbtest3_pkey on sbtest3  (cost=0.43..10.56 rows=106 width=4)
	  Index Cond: ((id >= 4040293) AND (id <= 4040393))

table 4 : explain SELECT id FROM sbtest4 WHERE id BETWEEN 4040293 AND 4040393
	Index Only Scan using sbtest4_pkey on sbtest4  (cost=0.43..6.45 rows=101 width=4)
	  Index Cond: ((id >= 4040293) AND (id <= 4040393))

table 5 : explain SELECT id FROM sbtest5 WHERE id BETWEEN 4040293 AND 4040393
	Index Only Scan using sbtest5_pkey on sbtest5  (cost=0.43..6.43 rows=100 width=4)
	  Index Cond: ((id >= 4040293) AND (id <= 4040393))

table 6 : explain SELECT id FROM sbtest6 WHERE id BETWEEN 4040293 AND 4040393
	Index Only Scan using sbtest6_pkey on sbtest6  (cost=0.43..6.51 rows=104 width=4)
	  Index Cond: ((id >= 4040293) AND (id <= 4040393))

table 7 : explain SELECT id FROM sbtest7 WHERE id BETWEEN 4040293 AND 4040393
	Index Only Scan using sbtest7_pkey on sbtest7  (cost=0.43..6.33 rows=95 width=4)
	  Index Cond: ((id >= 4040293) AND (id <= 4040393))

table 8 : explain SELECT id FROM sbtest8 WHERE id BETWEEN 4040293 AND 4040393
	Index Only Scan using sbtest8_pkey on sbtest8  (cost=0.43..6.53 rows=105 width=4)
	  Index Cond: ((id >= 4040293) AND (id <= 4040393))

for range-covered
table 1 : explain SELECT id FROM sbtest1 WHERE id BETWEEN 4831769 AND 4831869
	Index Only Scan using sbtest1_pkey on sbtest1  (cost=0.43..6.51 rows=104 width=4)
	  Index Cond: ((id >= 4831769) AND (id <= 4831869))

table 2 : explain SELECT id FROM sbtest2 WHERE id BETWEEN 4831769 AND 4831869
	Index Only Scan using sbtest2_pkey on sbtest2  (cost=0.43..6.32 rows=94 width=4)
	  Index Cond: ((id >= 4831769) AND (id <= 4831869))

table 3 : explain SELECT id FROM sbtest3 WHERE id BETWEEN 4831769 AND 4831869
	Index Only Scan using sbtest3_pkey on sbtest3  (cost=0.43..10.60 rows=108 width=4)
	  Index Cond: ((id >= 4831769) AND (id <= 4831869))

table 4 : explain SELECT id FROM sbtest4 WHERE id BETWEEN 4831769 AND 4831869
	Index Only Scan using sbtest4_pkey on sbtest4  (cost=0.43..6.37 rows=97 width=4)
	  Index Cond: ((id >= 4831769) AND (id <= 4831869))

table 5 : explain SELECT id FROM sbtest5 WHERE id BETWEEN 4831769 AND 4831869
	Index Only Scan using sbtest5_pkey on sbtest5  (cost=0.43..6.37 rows=97 width=4)
	  Index Cond: ((id >= 4831769) AND (id <= 4831869))

table 6 : explain SELECT id FROM sbtest6 WHERE id BETWEEN 4831769 AND 4831869
	Index Only Scan using sbtest6_pkey on sbtest6  (cost=0.43..6.42 rows=99 width=4)
	  Index Cond: ((id >= 4831769) AND (id <= 4831869))

table 7 : explain SELECT id FROM sbtest7 WHERE id BETWEEN 4831769 AND 4831869
	Index Only Scan using sbtest7_pkey on sbtest7  (cost=0.43..6.32 rows=94 width=4)
	  Index Cond: ((id >= 4831769) AND (id <= 4831869))

table 8 : explain SELECT id FROM sbtest8 WHERE id BETWEEN 4831769 AND 4831869
	Index Only Scan using sbtest8_pkey on sbtest8  (cost=0.43..6.50 rows=103 width=4)
	  Index Cond: ((id >= 4831769) AND (id <= 4831869))

explain: for range-covered :: explain SELECT id FROM sbtest%d WHERE id BETWEEN 4399902 AND 4400002
for range-covered
table 1 : explain SELECT id FROM sbtest1 WHERE id BETWEEN 5740000 AND 5740100
	Index Only Scan using sbtest1_pkey on sbtest1  (cost=0.43..6.37 rows=97 width=4)
	  Index Cond: ((id >= 5740000) AND (id <= 5740100))

table 2 : explain SELECT id FROM sbtest2 WHERE id BETWEEN 5740000 AND 5740100
	Index Only Scan using sbtest2_pkey on sbtest2  (cost=0.43..6.50 rows=103 width=4)
	  Index Cond: ((id >= 5740000) AND (id <= 5740100))

table 3 : explain SELECT id FROM sbtest3 WHERE id BETWEEN 5740000 AND 5740100
	Index Only Scan using sbtest3_pkey on sbtest3  (cost=0.43..10.33 rows=95 width=4)
	  Index Cond: ((id >= 5740000) AND (id <= 5740100))

table 4 : explain SELECT id FROM sbtest4 WHERE id BETWEEN 5740000 AND 5740100
	Index Only Scan using sbtest4_pkey on sbtest4  (cost=0.43..6.42 rows=99 width=4)
	  Index Cond: ((id >= 5740000) AND (id <= 5740100))

table 5 : explain SELECT id FROM sbtest5 WHERE id BETWEEN 5740000 AND 5740100
	Index Only Scan using sbtest5_pkey on sbtest5  (cost=0.43..6.25 rows=91 width=4)
	  Index Cond: ((id >= 5740000) AND (id <= 5740100))

table 6 : explain SELECT id FROM sbtest6 WHERE id BETWEEN 5740000 AND 5740100
	Index Only Scan using sbtest6_pkey on sbtest6  (cost=0.43..6.58 rows=107 width=4)
	  Index Cond: ((id >= 5740000) AND (id <= 5740100))

table 7 : explain SELECT id FROM sbtest7 WHERE id BETWEEN 5740000 AND 5740100
	Index Only Scan using sbtest7_pkey on sbtest7  (cost=0.43..6.35 rows=96 width=4)
	  Index Cond: ((id >= 5740000) AND (id <= 5740100))

table 8 : explain SELECT id FROM sbtest8 WHERE id BETWEEN 5740000 AND 5740100
	Index Only Scan using sbtest8_pkey on sbtest8  (cost=0.43..6.33 rows=95 width=4)
	  Index Cond: ((id >= 5740000) AND (id <= 5740100))

explain: for range-covered :: explain SELECT id FROM sbtest%d WHERE id BETWEEN 5740000 AND 5740100
for range-covered
table 1 : explain SELECT id FROM sbtest1 WHERE id BETWEEN 4657053 AND 4657153
	Index Only Scan using sbtest1_pkey on sbtest1  (cost=0.43..6.37 rows=97 width=4)
	  Index Cond: ((id >= 4657053) AND (id <= 4657153))

table 2 : explain SELECT id FROM sbtest2 WHERE id BETWEEN 4657053 AND 4657153
	Index Only Scan using sbtest2_pkey on sbtest2  (cost=0.43..6.42 rows=99 width=4)
	  Index Cond: ((id >= 4657053) AND (id <= 4657153))

table 3 : explain SELECT id FROM sbtest3 WHERE id BETWEEN 4657053 AND 4657153
	Index Only Scan using sbtest3_pkey on sbtest3  (cost=0.43..10.33 rows=95 width=4)
	  Index Cond: ((id >= 4657053) AND (id <= 4657153))

table 4 : explain SELECT id FROM sbtest4 WHERE id BETWEEN 4657053 AND 4657153
	Index Only Scan using sbtest4_pkey on sbtest4  (cost=0.43..6.56 rows=106 width=4)
	  Index Cond: ((id >= 4657053) AND (id <= 4657153))

table 5 : explain SELECT id FROM sbtest5 WHERE id BETWEEN 4657053 AND 4657153
	Index Only Scan using sbtest5_pkey on sbtest5  (cost=0.43..6.58 rows=107 width=4)
	  Index Cond: ((id >= 4657053) AND (id <= 4657153))

table 6 : explain SELECT id FROM sbtest6 WHERE id BETWEEN 4657053 AND 4657153
	Index Only Scan using sbtest6_pkey on sbtest6  (cost=0.43..6.27 rows=92 width=4)
	  Index Cond: ((id >= 4657053) AND (id <= 4657153))

table 7 : explain SELECT id FROM sbtest7 WHERE id BETWEEN 4657053 AND 4657153
	Index Only Scan using sbtest7_pkey on sbtest7  (cost=0.43..6.45 rows=101 width=4)
	  Index Cond: ((id >= 4657053) AND (id <= 4657153))

table 8 : explain SELECT id FROM sbtest8 WHERE id BETWEEN 4657053 AND 4657153
	Index Only Scan using sbtest8_pkey on sbtest8  (cost=0.43..6.47 rows=102 width=4)
	  Index Cond: ((id >= 4657053) AND (id <= 4657153))

for range-covered
table 1 : explain SELECT id FROM sbtest1 WHERE id BETWEEN 3725481 AND 3725581
	Index Only Scan using sbtest1_pkey on sbtest1  (cost=0.43..6.59 rows=108 width=4)
	  Index Cond: ((id >= 3725481) AND (id <= 3725581))

table 2 : explain SELECT id FROM sbtest2 WHERE id BETWEEN 3725481 AND 3725581
	Index Only Scan using sbtest2_pkey on sbtest2  (cost=0.43..6.50 rows=103 width=4)
	  Index Cond: ((id >= 3725481) AND (id <= 3725581))

table 3 : explain SELECT id FROM sbtest3 WHERE id BETWEEN 3725481 AND 3725581
	Index Only Scan using sbtest3_pkey on sbtest3  (cost=0.43..10.40 rows=98 width=4)
	  Index Cond: ((id >= 3725481) AND (id <= 3725581))

table 4 : explain SELECT id FROM sbtest4 WHERE id BETWEEN 3725481 AND 3725581
	Index Only Scan using sbtest4_pkey on sbtest4  (cost=0.43..6.43 rows=100 width=4)
	  Index Cond: ((id >= 3725481) AND (id <= 3725581))

table 5 : explain SELECT id FROM sbtest5 WHERE id BETWEEN 3725481 AND 3725581
	Index Only Scan using sbtest5_pkey on sbtest5  (cost=0.43..6.74 rows=115 width=4)
	  Index Cond: ((id >= 3725481) AND (id <= 3725581))

table 6 : explain SELECT id FROM sbtest6 WHERE id BETWEEN 3725481 AND 3725581
	Index Only Scan using sbtest6_pkey on sbtest6  (cost=0.43..6.43 rows=100 width=4)
	  Index Cond: ((id >= 3725481) AND (id <= 3725581))

table 7 : explain SELECT id FROM sbtest7 WHERE id BETWEEN 3725481 AND 3725581
	Index Only Scan using sbtest7_pkey on sbtest7  (cost=0.43..6.42 rows=99 width=4)
	  Index Cond: ((id >= 3725481) AND (id <= 3725581))

table 8 : explain SELECT id FROM sbtest8 WHERE id BETWEEN 3725481 AND 3725581
	Index Only Scan using sbtest8_pkey on sbtest8  (cost=0.43..6.50 rows=103 width=4)
	  Index Cond: ((id >= 3725481) AND (id <= 3725581))

explain: for range-covered :: explain SELECT id FROM sbtest%d WHERE id BETWEEN 4040293 AND 4040393
explain: for range-covered :: explain SELECT id FROM sbtest%d WHERE id BETWEEN 3725481 AND 3725581
for range-covered
table 1 : explain SELECT id FROM sbtest1 WHERE id BETWEEN 5518069 AND 5518169
	Index Only Scan using sbtest1_pkey on sbtest1  (cost=0.43..6.37 rows=97 width=4)
	  Index Cond: ((id >= 5518069) AND (id <= 5518169))

table 2 : explain SELECT id FROM sbtest2 WHERE id BETWEEN 5518069 AND 5518169
	Index Only Scan using sbtest2_pkey on sbtest2  (cost=0.43..6.50 rows=103 width=4)
	  Index Cond: ((id >= 5518069) AND (id <= 5518169))

table 3 : explain SELECT id FROM sbtest3 WHERE id BETWEEN 5518069 AND 5518169
	Index Only Scan using sbtest3_pkey on sbtest3  (cost=0.43..10.38 rows=97 width=4)
	  Index Cond: ((id >= 5518069) AND (id <= 5518169))

table 4 : explain SELECT id FROM sbtest4 WHERE id BETWEEN 5518069 AND 5518169
	Index Only Scan using sbtest4_pkey on sbtest4  (cost=0.43..6.32 rows=94 width=4)
	  Index Cond: ((id >= 5518069) AND (id <= 5518169))

table 5 : explain SELECT id FROM sbtest5 WHERE id BETWEEN 5518069 AND 5518169
	Index Only Scan using sbtest5_pkey on sbtest5  (cost=0.43..6.43 rows=100 width=4)
	  Index Cond: ((id >= 5518069) AND (id <= 5518169))

table 6 : explain SELECT id FROM sbtest6 WHERE id BETWEEN 5518069 AND 5518169
	Index Only Scan using sbtest6_pkey on sbtest6  (cost=0.43..6.43 rows=100 width=4)
	  Index Cond: ((id >= 5518069) AND (id <= 5518169))

table 7 : explain SELECT id FROM sbtest7 WHERE id BETWEEN 5518069 AND 5518169
	Index Only Scan using sbtest7_pkey on sbtest7  (cost=0.43..6.35 rows=96 width=4)
	  Index Cond: ((id >= 5518069) AND (id <= 5518169))

table 8 : explain SELECT id FROM sbtest8 WHERE id BETWEEN 5518069 AND 5518169
	Index Only Scan using sbtest8_pkey on sbtest8  (cost=0.43..6.43 rows=100 width=4)
	  Index Cond: ((id >= 5518069) AND (id <= 5518169))

for range-covered
table 1 : explain SELECT id FROM sbtest1 WHERE id BETWEEN 5740000 AND 5740100
	Index Only Scan using sbtest1_pkey on sbtest1  (cost=0.43..6.37 rows=97 width=4)
	  Index Cond: ((id >= 5740000) AND (id <= 5740100))

table 2 : explain SELECT id FROM sbtest2 WHERE id BETWEEN 5740000 AND 5740100
	Index Only Scan using sbtest2_pkey on sbtest2  (cost=0.43..6.50 rows=103 width=4)
	  Index Cond: ((id >= 5740000) AND (id <= 5740100))

table 3 : explain SELECT id FROM sbtest3 WHERE id BETWEEN 5740000 AND 5740100
	Index Only Scan using sbtest3_pkey on sbtest3  (cost=0.43..10.33 rows=95 width=4)
	  Index Cond: ((id >= 5740000) AND (id <= 5740100))

table 4 : explain SELECT id FROM sbtest4 WHERE id BETWEEN 5740000 AND 5740100
	Index Only Scan using sbtest4_pkey on sbtest4  (cost=0.43..6.42 rows=99 width=4)
	  Index Cond: ((id >= 5740000) AND (id <= 5740100))

table 5 : explain SELECT id FROM sbtest5 WHERE id BETWEEN 5740000 AND 5740100
	Index Only Scan using sbtest5_pkey on sbtest5  (cost=0.43..6.25 rows=91 width=4)
	  Index Cond: ((id >= 5740000) AND (id <= 5740100))

table 6 : explain SELECT id FROM sbtest6 WHERE id BETWEEN 5740000 AND 5740100
	Index Only Scan using sbtest6_pkey on sbtest6  (cost=0.43..6.58 rows=107 width=4)
	  Index Cond: ((id >= 5740000) AND (id <= 5740100))

table 7 : explain SELECT id FROM sbtest7 WHERE id BETWEEN 5740000 AND 5740100
	Index Only Scan using sbtest7_pkey on sbtest7  (cost=0.43..6.35 rows=96 width=4)
	  Index Cond: ((id >= 5740000) AND (id <= 5740100))

table 8 : explain SELECT id FROM sbtest8 WHERE id BETWEEN 5740000 AND 5740100
	Index Only Scan using sbtest8_pkey on sbtest8  (cost=0.43..6.33 rows=95 width=4)
	  Index Cond: ((id >= 5740000) AND (id <= 5740100))

explain: for range-covered :: explain SELECT id FROM sbtest%d WHERE id BETWEEN 4984152 AND 4984252
explain: for range-covered :: explain SELECT id FROM sbtest%d WHERE id BETWEEN 5740000 AND 5740100
for range-covered
table 1 : explain SELECT id FROM sbtest1 WHERE id BETWEEN 3725481 AND 3725581
	Index Only Scan using sbtest1_pkey on sbtest1  (cost=0.43..6.59 rows=108 width=4)
	  Index Cond: ((id >= 3725481) AND (id <= 3725581))

table 2 : explain SELECT id FROM sbtest2 WHERE id BETWEEN 3725481 AND 3725581
	Index Only Scan using sbtest2_pkey on sbtest2  (cost=0.43..6.50 rows=103 width=4)
	  Index Cond: ((id >= 3725481) AND (id <= 3725581))

table 3 : explain SELECT id FROM sbtest3 WHERE id BETWEEN 3725481 AND 3725581
	Index Only Scan using sbtest3_pkey on sbtest3  (cost=0.43..10.40 rows=98 width=4)
	  Index Cond: ((id >= 3725481) AND (id <= 3725581))

table 4 : explain SELECT id FROM sbtest4 WHERE id BETWEEN 3725481 AND 3725581
	Index Only Scan using sbtest4_pkey on sbtest4  (cost=0.43..6.43 rows=100 width=4)
	  Index Cond: ((id >= 3725481) AND (id <= 3725581))

table 5 : explain SELECT id FROM sbtest5 WHERE id BETWEEN 3725481 AND 3725581
	Index Only Scan using sbtest5_pkey on sbtest5  (cost=0.43..6.74 rows=115 width=4)
	  Index Cond: ((id >= 3725481) AND (id <= 3725581))

table 6 : explain SELECT id FROM sbtest6 WHERE id BETWEEN 3725481 AND 3725581
	Index Only Scan using sbtest6_pkey on sbtest6  (cost=0.43..6.43 rows=100 width=4)
	  Index Cond: ((id >= 3725481) AND (id <= 3725581))

table 7 : explain SELECT id FROM sbtest7 WHERE id BETWEEN 3725481 AND 3725581
	Index Only Scan using sbtest7_pkey on sbtest7  (cost=0.43..6.42 rows=99 width=4)
	  Index Cond: ((id >= 3725481) AND (id <= 3725581))

table 8 : explain SELECT id FROM sbtest8 WHERE id BETWEEN 3725481 AND 3725581
	Index Only Scan using sbtest8_pkey on sbtest8  (cost=0.43..6.50 rows=103 width=4)
	  Index Cond: ((id >= 3725481) AND (id <= 3725581))

explain: for range-covered :: explain SELECT id FROM sbtest%d WHERE id BETWEEN 3725481 AND 3725581
for range-covered
table 1 : explain SELECT id FROM sbtest1 WHERE id BETWEEN 2249457 AND 2249557
	Index Only Scan using sbtest1_pkey on sbtest1  (cost=0.43..6.51 rows=104 width=4)
	  Index Cond: ((id >= 2249457) AND (id <= 2249557))

table 2 : explain SELECT id FROM sbtest2 WHERE id BETWEEN 2249457 AND 2249557
	Index Only Scan using sbtest2_pkey on sbtest2  (cost=0.43..6.42 rows=99 width=4)
	  Index Cond: ((id >= 2249457) AND (id <= 2249557))

table 3 : explain SELECT id FROM sbtest3 WHERE id BETWEEN 2249457 AND 2249557
	Index Only Scan using sbtest3_pkey on sbtest3  (cost=0.43..10.58 rows=107 width=4)
	  Index Cond: ((id >= 2249457) AND (id <= 2249557))

table 4 : explain SELECT id FROM sbtest4 WHERE id BETWEEN 2249457 AND 2249557
	Index Only Scan using sbtest4_pkey on sbtest4  (cost=0.43..6.45 rows=101 width=4)
	  Index Cond: ((id >= 2249457) AND (id <= 2249557))

table 5 : explain SELECT id FROM sbtest5 WHERE id BETWEEN 2249457 AND 2249557
	Index Only Scan using sbtest5_pkey on sbtest5  (cost=0.43..6.45 rows=101 width=4)
	  Index Cond: ((id >= 2249457) AND (id <= 2249557))

table 6 : explain SELECT id FROM sbtest6 WHERE id BETWEEN 2249457 AND 2249557
	Index Only Scan using sbtest6_pkey on sbtest6  (cost=0.43..6.63 rows=110 width=4)
	  Index Cond: ((id >= 2249457) AND (id <= 2249557))

table 7 : explain SELECT id FROM sbtest7 WHERE id BETWEEN 2249457 AND 2249557
	Index Only Scan using sbtest7_pkey on sbtest7  (cost=0.43..6.50 rows=103 width=4)
	  Index Cond: ((id >= 2249457) AND (id <= 2249557))

table 8 : explain SELECT id FROM sbtest8 WHERE id BETWEEN 2249457 AND 2249557
	Index Only Scan using sbtest8_pkey on sbtest8  (cost=0.43..6.40 rows=98 width=4)
	  Index Cond: ((id >= 2249457) AND (id <= 2249557))

explain: for range-covered :: explain SELECT id FROM sbtest%d WHERE id BETWEEN 2249457 AND 2249557
for range-covered
table 1 : explain SELECT id FROM sbtest1 WHERE id BETWEEN 5740000 AND 5740100
	Index Only Scan using sbtest1_pkey on sbtest1  (cost=0.43..6.37 rows=97 width=4)
	  Index Cond: ((id >= 5740000) AND (id <= 5740100))

table 2 : explain SELECT id FROM sbtest2 WHERE id BETWEEN 5740000 AND 5740100
	Index Only Scan using sbtest2_pkey on sbtest2  (cost=0.43..6.50 rows=103 width=4)
	  Index Cond: ((id >= 5740000) AND (id <= 5740100))

table 3 : explain SELECT id FROM sbtest3 WHERE id BETWEEN 5740000 AND 5740100
	Index Only Scan using sbtest3_pkey on sbtest3  (cost=0.43..10.33 rows=95 width=4)
	  Index Cond: ((id >= 5740000) AND (id <= 5740100))

table 4 : explain SELECT id FROM sbtest4 WHERE id BETWEEN 5740000 AND 5740100
	Index Only Scan using sbtest4_pkey on sbtest4  (cost=0.43..6.42 rows=99 width=4)
	  Index Cond: ((id >= 5740000) AND (id <= 5740100))

table 5 : explain SELECT id FROM sbtest5 WHERE id BETWEEN 5740000 AND 5740100
	Index Only Scan using sbtest5_pkey on sbtest5  (cost=0.43..6.25 rows=91 width=4)
	  Index Cond: ((id >= 5740000) AND (id <= 5740100))

table 6 : explain SELECT id FROM sbtest6 WHERE id BETWEEN 5740000 AND 5740100
	Index Only Scan using sbtest6_pkey on sbtest6  (cost=0.43..6.58 rows=107 width=4)
	  Index Cond: ((id >= 5740000) AND (id <= 5740100))

table 7 : explain SELECT id FROM sbtest7 WHERE id BETWEEN 5740000 AND 5740100
	Index Only Scan using sbtest7_pkey on sbtest7  (cost=0.43..6.35 rows=96 width=4)
	  Index Cond: ((id >= 5740000) AND (id <= 5740100))

table 8 : explain SELECT id FROM sbtest8 WHERE id BETWEEN 5740000 AND 5740100
	Index Only Scan using sbtest8_pkey on sbtest8  (cost=0.43..6.33 rows=95 width=4)
	  Index Cond: ((id >= 5740000) AND (id <= 5740100))

explain: for range-covered :: explain SELECT id FROM sbtest%d WHERE id BETWEEN 5740000 AND 5740100
for range-covered
table 1 : explain SELECT id FROM sbtest1 WHERE id BETWEEN 9039748 AND 9039848
	Index Only Scan using sbtest1_pkey on sbtest1  (cost=0.43..6.29 rows=93 width=4)
	  Index Cond: ((id >= 9039748) AND (id <= 9039848))

table 2 : explain SELECT id FROM sbtest2 WHERE id BETWEEN 9039748 AND 9039848
	Index Only Scan using sbtest2_pkey on sbtest2  (cost=0.43..6.45 rows=101 width=4)
	  Index Cond: ((id >= 9039748) AND (id <= 9039848))

table 3 : explain SELECT id FROM sbtest3 WHERE id BETWEEN 9039748 AND 9039848
	Index Only Scan using sbtest3_pkey on sbtest3  (cost=0.43..10.29 rows=93 width=4)
	  Index Cond: ((id >= 9039748) AND (id <= 9039848))

table 4 : explain SELECT id FROM sbtest4 WHERE id BETWEEN 9039748 AND 9039848
	Index Only Scan using sbtest4_pkey on sbtest4  (cost=0.43..6.58 rows=107 width=4)
	  Index Cond: ((id >= 9039748) AND (id <= 9039848))

table 5 : explain SELECT id FROM sbtest5 WHERE id BETWEEN 9039748 AND 9039848
	Index Only Scan using sbtest5_pkey on sbtest5  (cost=0.43..6.66 rows=111 width=4)
	  Index Cond: ((id >= 9039748) AND (id <= 9039848))

table 6 : explain SELECT id FROM sbtest6 WHERE id BETWEEN 9039748 AND 9039848
	Index Only Scan using sbtest6_pkey on sbtest6  (cost=0.43..6.56 rows=106 width=4)
	  Index Cond: ((id >= 9039748) AND (id <= 9039848))

table 7 : explain SELECT id FROM sbtest7 WHERE id BETWEEN 9039748 AND 9039848
	Index Only Scan using sbtest7_pkey on sbtest7  (cost=0.43..6.63 rows=110 width=4)
	  Index Cond: ((id >= 9039748) AND (id <= 9039848))

table 8 : explain SELECT id FROM sbtest8 WHERE id BETWEEN 9039748 AND 9039848
	Index Only Scan using sbtest8_pkey on sbtest8  (cost=0.43..6.47 rows=102 width=4)
	  Index Cond: ((id >= 9039748) AND (id <= 9039848))

for range-covered
table 1 : explain SELECT id FROM sbtest1 WHERE id BETWEEN 3725481 AND 3725581
	Index Only Scan using sbtest1_pkey on sbtest1  (cost=0.43..6.59 rows=108 width=4)
	  Index Cond: ((id >= 3725481) AND (id <= 3725581))

table 2 : explain SELECT id FROM sbtest2 WHERE id BETWEEN 3725481 AND 3725581
	Index Only Scan using sbtest2_pkey on sbtest2  (cost=0.43..6.50 rows=103 width=4)
	  Index Cond: ((id >= 3725481) AND (id <= 3725581))

table 3 : explain SELECT id FROM sbtest3 WHERE id BETWEEN 3725481 AND 3725581
	Index Only Scan using sbtest3_pkey on sbtest3  (cost=0.43..10.40 rows=98 width=4)
	  Index Cond: ((id >= 3725481) AND (id <= 3725581))

table 4 : explain SELECT id FROM sbtest4 WHERE id BETWEEN 3725481 AND 3725581
	Index Only Scan using sbtest4_pkey on sbtest4  (cost=0.43..6.43 rows=100 width=4)
	  Index Cond: ((id >= 3725481) AND (id <= 3725581))

table 5 : explain SELECT id FROM sbtest5 WHERE id BETWEEN 3725481 AND 3725581
	Index Only Scan using sbtest5_pkey on sbtest5  (cost=0.43..6.74 rows=115 width=4)
	  Index Cond: ((id >= 3725481) AND (id <= 3725581))

table 6 : explain SELECT id FROM sbtest6 WHERE id BETWEEN 3725481 AND 3725581
	Index Only Scan using sbtest6_pkey on sbtest6  (cost=0.43..6.43 rows=100 width=4)
	  Index Cond: ((id >= 3725481) AND (id <= 3725581))

table 7 : explain SELECT id FROM sbtest7 WHERE id BETWEEN 3725481 AND 3725581
	Index Only Scan using sbtest7_pkey on sbtest7  (cost=0.43..6.42 rows=99 width=4)
	  Index Cond: ((id >= 3725481) AND (id <= 3725581))

table 8 : explain SELECT id FROM sbtest8 WHERE id BETWEEN 3725481 AND 3725581
	Index Only Scan using sbtest8_pkey on sbtest8  (cost=0.43..6.50 rows=103 width=4)
	  Index Cond: ((id >= 3725481) AND (id <= 3725581))

for range-covered
table 1 : explain SELECT id FROM sbtest1 WHERE id BETWEEN 8861154 AND 8861254
	Index Only Scan using sbtest1_pkey on sbtest1  (cost=0.43..6.32 rows=94 width=4)
	  Index Cond: ((id >= 8861154) AND (id <= 8861254))

table 2 : explain SELECT id FROM sbtest2 WHERE id BETWEEN 8861154 AND 8861254
	Index Only Scan using sbtest2_pkey on sbtest2  (cost=0.43..6.42 rows=99 width=4)
	  Index Cond: ((id >= 8861154) AND (id <= 8861254))

table 3 : explain SELECT id FROM sbtest3 WHERE id BETWEEN 8861154 AND 8861254
	Index Only Scan using sbtest3_pkey on sbtest3  (cost=0.43..10.74 rows=115 width=4)
	  Index Cond: ((id >= 8861154) AND (id <= 8861254))

table 4 : explain SELECT id FROM sbtest4 WHERE id BETWEEN 8861154 AND 8861254
	Index Only Scan using sbtest4_pkey on sbtest4  (cost=0.43..6.45 rows=101 width=4)
	  Index Cond: ((id >= 8861154) AND (id <= 8861254))

table 5 : explain SELECT id FROM sbtest5 WHERE id BETWEEN 8861154 AND 8861254
	Index Only Scan using sbtest5_pkey on sbtest5  (cost=0.43..6.35 rows=96 width=4)
	  Index Cond: ((id >= 8861154) AND (id <= 8861254))

table 6 : explain SELECT id FROM sbtest6 WHERE id BETWEEN 8861154 AND 8861254
	Index Only Scan using sbtest6_pkey on sbtest6  (cost=0.43..6.43 rows=100 width=4)
	  Index Cond: ((id >= 8861154) AND (id <= 8861254))

table 7 : explain SELECT id FROM sbtest7 WHERE id BETWEEN 8861154 AND 8861254
	Index Only Scan using sbtest7_pkey on sbtest7  (cost=0.43..6.40 rows=98 width=4)
	  Index Cond: ((id >= 8861154) AND (id <= 8861254))

table 8 : explain SELECT id FROM sbtest8 WHERE id BETWEEN 8861154 AND 8861254
	Index Only Scan using sbtest8_pkey on sbtest8  (cost=0.43..6.43 rows=100 width=4)
	  Index Cond: ((id >= 8861154) AND (id <= 8861254))

explain: for range-covered :: explain SELECT id FROM sbtest%d WHERE id BETWEEN 3725481 AND 3725581
explain: for range-covered :: explain SELECT id FROM sbtest%d WHERE id BETWEEN 8861154 AND 8861254
for range-covered
table 1 : explain SELECT id FROM sbtest1 WHERE id BETWEEN 4040293 AND 4040393
	Index Only Scan using sbtest1_pkey on sbtest1  (cost=0.43..6.59 rows=108 width=4)
	  Index Cond: ((id >= 4040293) AND (id <= 4040393))

table 2 : explain SELECT id FROM sbtest2 WHERE id BETWEEN 4040293 AND 4040393
	Index Only Scan using sbtest2_pkey on sbtest2  (cost=0.43..6.45 rows=101 width=4)
	  Index Cond: ((id >= 4040293) AND (id <= 4040393))

table 3 : explain SELECT id FROM sbtest3 WHERE id BETWEEN 4040293 AND 4040393
	Index Only Scan using sbtest3_pkey on sbtest3  (cost=0.43..10.56 rows=106 width=4)
	  Index Cond: ((id >= 4040293) AND (id <= 4040393))

table 4 : explain SELECT id FROM sbtest4 WHERE id BETWEEN 4040293 AND 4040393
	Index Only Scan using sbtest4_pkey on sbtest4  (cost=0.43..6.45 rows=101 width=4)
	  Index Cond: ((id >= 4040293) AND (id <= 4040393))

table 5 : explain SELECT id FROM sbtest5 WHERE id BETWEEN 4040293 AND 4040393
	Index Only Scan using sbtest5_pkey on sbtest5  (cost=0.43..6.43 rows=100 width=4)
	  Index Cond: ((id >= 4040293) AND (id <= 4040393))

table 6 : explain SELECT id FROM sbtest6 WHERE id BETWEEN 4040293 AND 4040393
	Index Only Scan using sbtest6_pkey on sbtest6  (cost=0.43..6.51 rows=104 width=4)
	  Index Cond: ((id >= 4040293) AND (id <= 4040393))

table 7 : explain SELECT id FROM sbtest7 WHERE id BETWEEN 4040293 AND 4040393
	Index Only Scan using sbtest7_pkey on sbtest7  (cost=0.43..6.33 rows=95 width=4)
	  Index Cond: ((id >= 4040293) AND (id <= 4040393))

table 8 : explain SELECT id FROM sbtest8 WHERE id BETWEEN 4040293 AND 4040393
	Index Only Scan using sbtest8_pkey on sbtest8  (cost=0.43..6.53 rows=105 width=4)
	  Index Cond: ((id >= 4040293) AND (id <= 4040393))

for range-covered
table 1 : explain SELECT id FROM sbtest1 WHERE id BETWEEN 2249457 AND 2249557
	Index Only Scan using sbtest1_pkey on sbtest1  (cost=0.43..6.51 rows=104 width=4)
	  Index Cond: ((id >= 2249457) AND (id <= 2249557))

table 2 : explain SELECT id FROM sbtest2 WHERE id BETWEEN 2249457 AND 2249557
	Index Only Scan using sbtest2_pkey on sbtest2  (cost=0.43..6.42 rows=99 width=4)
	  Index Cond: ((id >= 2249457) AND (id <= 2249557))

table 3 : explain SELECT id FROM sbtest3 WHERE id BETWEEN 2249457 AND 2249557
	Index Only Scan using sbtest3_pkey on sbtest3  (cost=0.43..10.58 rows=107 width=4)
	  Index Cond: ((id >= 2249457) AND (id <= 2249557))

table 4 : explain SELECT id FROM sbtest4 WHERE id BETWEEN 2249457 AND 2249557
	Index Only Scan using sbtest4_pkey on sbtest4  (cost=0.43..6.45 rows=101 width=4)
	  Index Cond: ((id >= 2249457) AND (id <= 2249557))

table 5 : explain SELECT id FROM sbtest5 WHERE id BETWEEN 2249457 AND 2249557
	Index Only Scan using sbtest5_pkey on sbtest5  (cost=0.43..6.45 rows=101 width=4)
	  Index Cond: ((id >= 2249457) AND (id <= 2249557))

table 6 : explain SELECT id FROM sbtest6 WHERE id BETWEEN 2249457 AND 2249557
	Index Only Scan using sbtest6_pkey on sbtest6  (cost=0.43..6.63 rows=110 width=4)
	  Index Cond: ((id >= 2249457) AND (id <= 2249557))

table 7 : explain SELECT id FROM sbtest7 WHERE id BETWEEN 2249457 AND 2249557
	Index Only Scan using sbtest7_pkey on sbtest7  (cost=0.43..6.50 rows=103 width=4)
	  Index Cond: ((id >= 2249457) AND (id <= 2249557))

table 8 : explain SELECT id FROM sbtest8 WHERE id BETWEEN 2249457 AND 2249557
	Index Only Scan using sbtest8_pkey on sbtest8  (cost=0.43..6.40 rows=98 width=4)
	  Index Cond: ((id >= 2249457) AND (id <= 2249557))

explain: for range-covered :: explain SELECT id FROM sbtest%d WHERE id BETWEEN 4040293 AND 4040393
for range-covered
table 1 : explain SELECT id FROM sbtest1 WHERE id BETWEEN 5740000 AND 5740100
	Index Only Scan using sbtest1_pkey on sbtest1  (cost=0.43..6.37 rows=97 width=4)
	  Index Cond: ((id >= 5740000) AND (id <= 5740100))

table 2 : explain SELECT id FROM sbtest2 WHERE id BETWEEN 5740000 AND 5740100
	Index Only Scan using sbtest2_pkey on sbtest2  (cost=0.43..6.50 rows=103 width=4)
	  Index Cond: ((id >= 5740000) AND (id <= 5740100))

table 3 : explain SELECT id FROM sbtest3 WHERE id BETWEEN 5740000 AND 5740100
	Index Only Scan using sbtest3_pkey on sbtest3  (cost=0.43..10.33 rows=95 width=4)
	  Index Cond: ((id >= 5740000) AND (id <= 5740100))

table 4 : explain SELECT id FROM sbtest4 WHERE id BETWEEN 5740000 AND 5740100
	Index Only Scan using sbtest4_pkey on sbtest4  (cost=0.43..6.42 rows=99 width=4)
	  Index Cond: ((id >= 5740000) AND (id <= 5740100))

table 5 : explain SELECT id FROM sbtest5 WHERE id BETWEEN 5740000 AND 5740100
	Index Only Scan using sbtest5_pkey on sbtest5  (cost=0.43..6.25 rows=91 width=4)
	  Index Cond: ((id >= 5740000) AND (id <= 5740100))

table 6 : explain SELECT id FROM sbtest6 WHERE id BETWEEN 5740000 AND 5740100
	Index Only Scan using sbtest6_pkey on sbtest6  (cost=0.43..6.58 rows=107 width=4)
	  Index Cond: ((id >= 5740000) AND (id <= 5740100))

table 7 : explain SELECT id FROM sbtest7 WHERE id BETWEEN 5740000 AND 5740100
	Index Only Scan using sbtest7_pkey on sbtest7  (cost=0.43..6.35 rows=96 width=4)
	  Index Cond: ((id >= 5740000) AND (id <= 5740100))

table 8 : explain SELECT id FROM sbtest8 WHERE id BETWEEN 5740000 AND 5740100
	Index Only Scan using sbtest8_pkey on sbtest8  (cost=0.43..6.33 rows=95 width=4)
	  Index Cond: ((id >= 5740000) AND (id <= 5740100))

explain: for range-covered :: explain SELECT id FROM sbtest%d WHERE id BETWEEN 2249457 AND 2249557
explain: for range-covered :: explain SELECT id FROM sbtest%d WHERE id BETWEEN 5740000 AND 5740100
for range-covered
table 1 : explain SELECT id FROM sbtest1 WHERE id BETWEEN 4399902 AND 4400002
	Index Only Scan using sbtest1_pkey on sbtest1  (cost=0.43..6.27 rows=92 width=4)
	  Index Cond: ((id >= 4399902) AND (id <= 4400002))

table 2 : explain SELECT id FROM sbtest2 WHERE id BETWEEN 4399902 AND 4400002
	Index Only Scan using sbtest2_pkey on sbtest2  (cost=0.43..6.43 rows=100 width=4)
	  Index Cond: ((id >= 4399902) AND (id <= 4400002))

table 3 : explain SELECT id FROM sbtest3 WHERE id BETWEEN 4399902 AND 4400002
	Index Only Scan using sbtest3_pkey on sbtest3  (cost=0.43..10.47 rows=102 width=4)
	  Index Cond: ((id >= 4399902) AND (id <= 4400002))

table 4 : explain SELECT id FROM sbtest4 WHERE id BETWEEN 4399902 AND 4400002
	Index Only Scan using sbtest4_pkey on sbtest4  (cost=0.43..6.56 rows=106 width=4)
	  Index Cond: ((id >= 4399902) AND (id <= 4400002))

table 5 : explain SELECT id FROM sbtest5 WHERE id BETWEEN 4399902 AND 4400002
	Index Only Scan using sbtest5_pkey on sbtest5  (cost=0.43..6.56 rows=106 width=4)
	  Index Cond: ((id >= 4399902) AND (id <= 4400002))

table 6 : explain SELECT id FROM sbtest6 WHERE id BETWEEN 4399902 AND 4400002
	Index Only Scan using sbtest6_pkey on sbtest6  (cost=0.43..6.35 rows=96 width=4)
	  Index Cond: ((id >= 4399902) AND (id <= 4400002))

table 7 : explain SELECT id FROM sbtest7 WHERE id BETWEEN 4399902 AND 4400002
	Index Only Scan using sbtest7_pkey on sbtest7  (cost=0.43..6.50 rows=103 width=4)
	  Index Cond: ((id >= 4399902) AND (id <= 4400002))

table 8 : explain SELECT id FROM sbtest8 WHERE id BETWEEN 4399902 AND 4400002
	Index Only Scan using sbtest8_pkey on sbtest8  (cost=0.43..6.43 rows=100 width=4)
	  Index Cond: ((id >= 4399902) AND (id <= 4400002))

for range-covered
table 1 : explain SELECT id FROM sbtest1 WHERE id BETWEEN 8861154 AND 8861254
	Index Only Scan using sbtest1_pkey on sbtest1  (cost=0.43..6.32 rows=94 width=4)
	  Index Cond: ((id >= 8861154) AND (id <= 8861254))

table 2 : explain SELECT id FROM sbtest2 WHERE id BETWEEN 8861154 AND 8861254
	Index Only Scan using sbtest2_pkey on sbtest2  (cost=0.43..6.42 rows=99 width=4)
	  Index Cond: ((id >= 8861154) AND (id <= 8861254))

table 3 : explain SELECT id FROM sbtest3 WHERE id BETWEEN 8861154 AND 8861254
	Index Only Scan using sbtest3_pkey on sbtest3  (cost=0.43..10.74 rows=115 width=4)
	  Index Cond: ((id >= 8861154) AND (id <= 8861254))

table 4 : explain SELECT id FROM sbtest4 WHERE id BETWEEN 8861154 AND 8861254
	Index Only Scan using sbtest4_pkey on sbtest4  (cost=0.43..6.45 rows=101 width=4)
	  Index Cond: ((id >= 8861154) AND (id <= 8861254))

table 5 : explain SELECT id FROM sbtest5 WHERE id BETWEEN 8861154 AND 8861254
	Index Only Scan using sbtest5_pkey on sbtest5  (cost=0.43..6.35 rows=96 width=4)
	  Index Cond: ((id >= 8861154) AND (id <= 8861254))

table 6 : explain SELECT id FROM sbtest6 WHERE id BETWEEN 8861154 AND 8861254
	Index Only Scan using sbtest6_pkey on sbtest6  (cost=0.43..6.43 rows=100 width=4)
	  Index Cond: ((id >= 8861154) AND (id <= 8861254))

table 7 : explain SELECT id FROM sbtest7 WHERE id BETWEEN 8861154 AND 8861254
	Index Only Scan using sbtest7_pkey on sbtest7  (cost=0.43..6.40 rows=98 width=4)
	  Index Cond: ((id >= 8861154) AND (id <= 8861254))

table 8 : explain SELECT id FROM sbtest8 WHERE id BETWEEN 8861154 AND 8861254
	Index Only Scan using sbtest8_pkey on sbtest8  (cost=0.43..6.43 rows=100 width=4)
	  Index Cond: ((id >= 8861154) AND (id <= 8861254))

explain: for range-covered :: explain SELECT id FROM sbtest%d WHERE id BETWEEN 4399902 AND 4400002
explain: for range-covered :: explain SELECT id FROM sbtest%d WHERE id BETWEEN 8861154 AND 8861254
for range-covered
table 1 : explain SELECT id FROM sbtest1 WHERE id BETWEEN 3725481 AND 3725581
	Index Only Scan using sbtest1_pkey on sbtest1  (cost=0.43..6.59 rows=108 width=4)
	  Index Cond: ((id >= 3725481) AND (id <= 3725581))

table 2 : explain SELECT id FROM sbtest2 WHERE id BETWEEN 3725481 AND 3725581
	Index Only Scan using sbtest2_pkey on sbtest2  (cost=0.43..6.50 rows=103 width=4)
	  Index Cond: ((id >= 3725481) AND (id <= 3725581))

table 3 : explain SELECT id FROM sbtest3 WHERE id BETWEEN 3725481 AND 3725581
	Index Only Scan using sbtest3_pkey on sbtest3  (cost=0.43..10.40 rows=98 width=4)
	  Index Cond: ((id >= 3725481) AND (id <= 3725581))

table 4 : explain SELECT id FROM sbtest4 WHERE id BETWEEN 3725481 AND 3725581
	Index Only Scan using sbtest4_pkey on sbtest4  (cost=0.43..6.43 rows=100 width=4)
	  Index Cond: ((id >= 3725481) AND (id <= 3725581))

table 5 : explain SELECT id FROM sbtest5 WHERE id BETWEEN 3725481 AND 3725581
	Index Only Scan using sbtest5_pkey on sbtest5  (cost=0.43..6.74 rows=115 width=4)
	  Index Cond: ((id >= 3725481) AND (id <= 3725581))

table 6 : explain SELECT id FROM sbtest6 WHERE id BETWEEN 3725481 AND 3725581
	Index Only Scan using sbtest6_pkey on sbtest6  (cost=0.43..6.43 rows=100 width=4)
	  Index Cond: ((id >= 3725481) AND (id <= 3725581))

table 7 : explain SELECT id FROM sbtest7 WHERE id BETWEEN 3725481 AND 3725581
	Index Only Scan using sbtest7_pkey on sbtest7  (cost=0.43..6.42 rows=99 width=4)
	  Index Cond: ((id >= 3725481) AND (id <= 3725581))

table 8 : explain SELECT id FROM sbtest8 WHERE id BETWEEN 3725481 AND 3725581
	Index Only Scan using sbtest8_pkey on sbtest8  (cost=0.43..6.50 rows=103 width=4)
	  Index Cond: ((id >= 3725481) AND (id <= 3725581))

for range-covered
table 1 : explain SELECT id FROM sbtest1 WHERE id BETWEEN 4040293 AND 4040393
	Index Only Scan using sbtest1_pkey on sbtest1  (cost=0.43..6.59 rows=108 width=4)
	  Index Cond: ((id >= 4040293) AND (id <= 4040393))

table 2 : explain SELECT id FROM sbtest2 WHERE id BETWEEN 4040293 AND 4040393
	Index Only Scan using sbtest2_pkey on sbtest2  (cost=0.43..6.45 rows=101 width=4)
	  Index Cond: ((id >= 4040293) AND (id <= 4040393))

table 3 : explain SELECT id FROM sbtest3 WHERE id BETWEEN 4040293 AND 4040393
	Index Only Scan using sbtest3_pkey on sbtest3  (cost=0.43..10.56 rows=106 width=4)
	  Index Cond: ((id >= 4040293) AND (id <= 4040393))

table 4 : explain SELECT id FROM sbtest4 WHERE id BETWEEN 4040293 AND 4040393
	Index Only Scan using sbtest4_pkey on sbtest4  (cost=0.43..6.45 rows=101 width=4)
	  Index Cond: ((id >= 4040293) AND (id <= 4040393))

table 5 : explain SELECT id FROM sbtest5 WHERE id BETWEEN 4040293 AND 4040393
	Index Only Scan using sbtest5_pkey on sbtest5  (cost=0.43..6.43 rows=100 width=4)
	  Index Cond: ((id >= 4040293) AND (id <= 4040393))

table 6 : explain SELECT id FROM sbtest6 WHERE id BETWEEN 4040293 AND 4040393
	Index Only Scan using sbtest6_pkey on sbtest6  (cost=0.43..6.51 rows=104 width=4)
	  Index Cond: ((id >= 4040293) AND (id <= 4040393))

table 7 : explain SELECT id FROM sbtest7 WHERE id BETWEEN 4040293 AND 4040393
	Index Only Scan using sbtest7_pkey on sbtest7  (cost=0.43..6.33 rows=95 width=4)
	  Index Cond: ((id >= 4040293) AND (id <= 4040393))

table 8 : explain SELECT id FROM sbtest8 WHERE id BETWEEN 4040293 AND 4040393
	Index Only Scan using sbtest8_pkey on sbtest8  (cost=0.43..6.53 rows=105 width=4)
	  Index Cond: ((id >= 4040293) AND (id <= 4040393))

for range-covered
table 1 : explain SELECT id FROM sbtest1 WHERE id BETWEEN 2249457 AND 2249557
	Index Only Scan using sbtest1_pkey on sbtest1  (cost=0.43..6.51 rows=104 width=4)
	  Index Cond: ((id >= 2249457) AND (id <= 2249557))

table 2 : explain SELECT id FROM sbtest2 WHERE id BETWEEN 2249457 AND 2249557
	Index Only Scan using sbtest2_pkey on sbtest2  (cost=0.43..6.42 rows=99 width=4)
	  Index Cond: ((id >= 2249457) AND (id <= 2249557))

table 3 : explain SELECT id FROM sbtest3 WHERE id BETWEEN 2249457 AND 2249557
	Index Only Scan using sbtest3_pkey on sbtest3  (cost=0.43..10.58 rows=107 width=4)
	  Index Cond: ((id >= 2249457) AND (id <= 2249557))

table 4 : explain SELECT id FROM sbtest4 WHERE id BETWEEN 2249457 AND 2249557
	Index Only Scan using sbtest4_pkey on sbtest4  (cost=0.43..6.45 rows=101 width=4)
	  Index Cond: ((id >= 2249457) AND (id <= 2249557))

table 5 : explain SELECT id FROM sbtest5 WHERE id BETWEEN 2249457 AND 2249557
	Index Only Scan using sbtest5_pkey on sbtest5  (cost=0.43..6.45 rows=101 width=4)
	  Index Cond: ((id >= 2249457) AND (id <= 2249557))

table 6 : explain SELECT id FROM sbtest6 WHERE id BETWEEN 2249457 AND 2249557
	Index Only Scan using sbtest6_pkey on sbtest6  (cost=0.43..6.63 rows=110 width=4)
	  Index Cond: ((id >= 2249457) AND (id <= 2249557))

table 7 : explain SELECT id FROM sbtest7 WHERE id BETWEEN 2249457 AND 2249557
	Index Only Scan using sbtest7_pkey on sbtest7  (cost=0.43..6.50 rows=103 width=4)
	  Index Cond: ((id >= 2249457) AND (id <= 2249557))

table 8 : explain SELECT id FROM sbtest8 WHERE id BETWEEN 2249457 AND 2249557
	Index Only Scan using sbtest8_pkey on sbtest8  (cost=0.43..6.40 rows=98 width=4)
	  Index Cond: ((id >= 2249457) AND (id <= 2249557))

explain: for range-covered :: explain SELECT id FROM sbtest%d WHERE id BETWEEN 4040293 AND 4040393
for range-covered
table 1 : explain SELECT id FROM sbtest1 WHERE id BETWEEN 5740000 AND 5740100
	Index Only Scan using sbtest1_pkey on sbtest1  (cost=0.43..6.37 rows=97 width=4)
	  Index Cond: ((id >= 5740000) AND (id <= 5740100))

table 2 : explain SELECT id FROM sbtest2 WHERE id BETWEEN 5740000 AND 5740100
	Index Only Scan using sbtest2_pkey on sbtest2  (cost=0.43..6.50 rows=103 width=4)
	  Index Cond: ((id >= 5740000) AND (id <= 5740100))

table 3 : explain SELECT id FROM sbtest3 WHERE id BETWEEN 5740000 AND 5740100
	Index Only Scan using sbtest3_pkey on sbtest3  (cost=0.43..10.33 rows=95 width=4)
	  Index Cond: ((id >= 5740000) AND (id <= 5740100))

table 4 : explain SELECT id FROM sbtest4 WHERE id BETWEEN 5740000 AND 5740100
	Index Only Scan using sbtest4_pkey on sbtest4  (cost=0.43..6.42 rows=99 width=4)
	  Index Cond: ((id >= 5740000) AND (id <= 5740100))

table 5 : explain SELECT id FROM sbtest5 WHERE id BETWEEN 5740000 AND 5740100
	Index Only Scan using sbtest5_pkey on sbtest5  (cost=0.43..6.25 rows=91 width=4)
	  Index Cond: ((id >= 5740000) AND (id <= 5740100))

table 6 : explain SELECT id FROM sbtest6 WHERE id BETWEEN 5740000 AND 5740100
	Index Only Scan using sbtest6_pkey on sbtest6  (cost=0.43..6.58 rows=107 width=4)
	  Index Cond: ((id >= 5740000) AND (id <= 5740100))

table 7 : explain SELECT id FROM sbtest7 WHERE id BETWEEN 5740000 AND 5740100
	Index Only Scan using sbtest7_pkey on sbtest7  (cost=0.43..6.35 rows=96 width=4)
	  Index Cond: ((id >= 5740000) AND (id <= 5740100))

table 8 : explain SELECT id FROM sbtest8 WHERE id BETWEEN 5740000 AND 5740100
	Index Only Scan using sbtest8_pkey on sbtest8  (cost=0.43..6.33 rows=95 width=4)
	  Index Cond: ((id >= 5740000) AND (id <= 5740100))

explain: for range-covered :: explain SELECT id FROM sbtest%d WHERE id BETWEEN 2249457 AND 2249557
explain: for range-covered :: explain SELECT id FROM sbtest%d WHERE id BETWEEN 5740000 AND 5740100
explain: for range-covered :: explain SELECT id FROM sbtest%d WHERE id BETWEEN 2884286 AND 2884386
explain: for range-covered :: explain SELECT id FROM sbtest%d WHERE id BETWEEN 5930057 AND 5930157for range-covered
table 1 : explain SELECT id FROM sbtest1 WHERE id BETWEEN 4984152 AND 4984252
	Index Only Scan using sbtest1_pkey on sbtest1  (cost=0.43..6.35 rows=96 width=4)
	  Index Cond: ((id >= 4984152) AND (id <= 4984252))

table 2 : explain SELECT id FROM sbtest2 WHERE id BETWEEN 4984152 AND 4984252
	Index Only Scan using sbtest2_pkey on sbtest2  (cost=0.43..6.50 rows=103 width=4)
	  Index Cond: ((id >= 4984152) AND (id <= 4984252))

table 3 : explain SELECT id FROM sbtest3 WHERE id BETWEEN 4984152 AND 4984252
	Index Only Scan using sbtest3_pkey on sbtest3  (cost=0.43..10.65 rows=111 width=4)
	  Index Cond: ((id >= 4984152) AND (id <= 4984252))

table 4 : explain SELECT id FROM sbtest4 WHERE id BETWEEN 4984152 AND 4984252
	Index Only Scan using sbtest4_pkey on sbtest4  (cost=0.43..6.56 rows=106 width=4)
	  Index Cond: ((id >= 4984152) AND (id <= 4984252))

table 5 : explain SELECT id FROM sbtest5 WHERE id BETWEEN 4984152 AND 4984252
	Index Only Scan using sbtest5_pkey on sbtest5  (cost=0.43..6.45 rows=101 width=4)
	  Index Cond: ((id >= 4984152) AND (id <= 4984252))

table 6 : explain SELECT id FROM sbtest6 WHERE id BETWEEN 4984152 AND 4984252
	Index Only Scan using sbtest6_pkey on sbtest6  (cost=0.43..6.29 rows=93 width=4)
	  Index Cond: ((id >= 4984152) AND (id <= 4984252))

table 7 : explain SELECT id FROM sbtest7 WHERE id BETWEEN 4984152 AND 4984252
	Index Only Scan using sbtest7_pkey on sbtest7  (cost=0.43..6.53 rows=105 width=4)
	  Index Cond: ((id >= 4984152) AND (id <= 4984252))

table 8 : explain SELECT id FROM sbtest8 WHERE id BETWEEN 4984152 AND 4984252
	Index Only Scan using sbtest8_pkey on sbtest8  (cost=0.43..6.40 rows=98 width=4)
	  Index Cond: ((id >= 4984152) AND (id <= 4984252))


for range-covered
table 1 : explain SELECT id FROM sbtest1 WHERE id BETWEEN 8861154 AND 8861254
	Index Only Scan using sbtest1_pkey on sbtest1  (cost=0.43..6.32 rows=94 width=4)
	  Index Cond: ((id >= 8861154) AND (id <= 8861254))

table 2 : explain SELECT id FROM sbtest2 WHERE id BETWEEN 8861154 AND 8861254
	Index Only Scan using sbtest2_pkey on sbtest2  (cost=0.43..6.42 rows=99 width=4)
	  Index Cond: ((id >= 8861154) AND (id <= 8861254))

table 3 : explain SELECT id FROM sbtest3 WHERE id BETWEEN 8861154 AND 8861254
	Index Only Scan using sbtest3_pkey on sbtest3  (cost=0.43..10.74 rows=115 width=4)
	  Index Cond: ((id >= 8861154) AND (id <= 8861254))

table 4 : explain SELECT id FROM sbtest4 WHERE id BETWEEN 8861154 AND 8861254
	Index Only Scan using sbtest4_pkey on sbtest4  (cost=0.43..6.45 rows=101 width=4)
	  Index Cond: ((id >= 8861154) AND (id <= 8861254))

table 5 : explain SELECT id FROM sbtest5 WHERE id BETWEEN 8861154 AND 8861254
	Index Only Scan using sbtest5_pkey on sbtest5  (cost=0.43..6.35 rows=96 width=4)
	  Index Cond: ((id >= 8861154) AND (id <= 8861254))

table 6 : explain SELECT id FROM sbtest6 WHERE id BETWEEN 8861154 AND 8861254
	Index Only Scan using sbtest6_pkey on sbtest6  (cost=0.43..6.43 rows=100 width=4)
	  Index Cond: ((id >= 8861154) AND (id <= 8861254))

table 7 : explain SELECT id FROM sbtest7 WHERE id BETWEEN 8861154 AND 8861254
	Index Only Scan using sbtest7_pkey on sbtest7  (cost=0.43..6.40 rows=98 width=4)
	  Index Cond: ((id >= 8861154) AND (id <= 8861254))

table 8 : explain SELECT id FROM sbtest8 WHERE id BETWEEN 8861154 AND 8861254
	Index Only Scan using sbtest8_pkey on sbtest8  (cost=0.43..6.43 rows=100 width=4)
	  Index Cond: ((id >= 8861154) AND (id <= 8861254))

for range-covered
table 1 : explain SELECT id FROM sbtest1 WHERE id BETWEEN 4399902 AND 4400002
	Index Only Scan using sbtest1_pkey on sbtest1  (cost=0.43..6.27 rows=92 width=4)
	  Index Cond: ((id >= 4399902) AND (id <= 4400002))

table 2 : explain SELECT id FROM sbtest2 WHERE id BETWEEN 4399902 AND 4400002
	Index Only Scan using sbtest2_pkey on sbtest2  (cost=0.43..6.43 rows=100 width=4)
	  Index Cond: ((id >= 4399902) AND (id <= 4400002))

table 3 : explain SELECT id FROM sbtest3 WHERE id BETWEEN 4399902 AND 4400002
	Index Only Scan using sbtest3_pkey on sbtest3  (cost=0.43..10.47 rows=102 width=4)
	  Index Cond: ((id >= 4399902) AND (id <= 4400002))

table 4 : explain SELECT id FROM sbtest4 WHERE id BETWEEN 4399902 AND 4400002
	Index Only Scan using sbtest4_pkey on sbtest4  (cost=0.43..6.56 rows=106 width=4)
	  Index Cond: ((id >= 4399902) AND (id <= 4400002))

table 5 : explain SELECT id FROM sbtest5 WHERE id BETWEEN 4399902 AND 4400002
	Index Only Scan using sbtest5_pkey on sbtest5  (cost=0.43..6.56 rows=106 width=4)
	  Index Cond: ((id >= 4399902) AND (id <= 4400002))

table 6 : explain SELECT id FROM sbtest6 WHERE id BETWEEN 4399902 AND 4400002
	Index Only Scan using sbtest6_pkey on sbtest6  (cost=0.43..6.35 rows=96 width=4)
	  Index Cond: ((id >= 4399902) AND (id <= 4400002))

table 7 : explain SELECT id FROM sbtest7 WHERE id BETWEEN 4399902 AND 4400002
	Index Only Scan using sbtest7_pkey on sbtest7  (cost=0.43..6.50 rows=103 width=4)
	  Index Cond: ((id >= 4399902) AND (id <= 4400002))

table 8 : explain SELECT id FROM sbtest8 WHERE id BETWEEN 4399902 AND 4400002
	Index Only Scan using sbtest8_pkey on sbtest8  (cost=0.43..6.43 rows=100 width=4)
	  Index Cond: ((id >= 4399902) AND (id <= 4400002))

explain: for range-covered :: explain SELECT id FROM sbtest%d WHERE id BETWEEN 4984152 AND 4984252
explain: for range-covered :: explain SELECT id FROM sbtest%d WHERE id BETWEEN 4399902 AND 4400002
for range-covered
table 1 : explain SELECT id FROM sbtest1 WHERE id BETWEEN 2249457 AND 2249557
	Index Only Scan using sbtest1_pkey on sbtest1  (cost=0.43..6.51 rows=104 width=4)
	  Index Cond: ((id >= 2249457) AND (id <= 2249557))

table 2 : explain SELECT id FROM sbtest2 WHERE id BETWEEN 2249457 AND 2249557
	Index Only Scan using sbtest2_pkey on sbtest2  (cost=0.43..6.42 rows=99 width=4)
	  Index Cond: ((id >= 2249457) AND (id <= 2249557))

table 3 : explain SELECT id FROM sbtest3 WHERE id BETWEEN 2249457 AND 2249557
	Index Only Scan using sbtest3_pkey on sbtest3  (cost=0.43..10.58 rows=107 width=4)
	  Index Cond: ((id >= 2249457) AND (id <= 2249557))

table 4 : explain SELECT id FROM sbtest4 WHERE id BETWEEN 2249457 AND 2249557
	Index Only Scan using sbtest4_pkey on sbtest4  (cost=0.43..6.45 rows=101 width=4)
	  Index Cond: ((id >= 2249457) AND (id <= 2249557))

table 5 : explain SELECT id FROM sbtest5 WHERE id BETWEEN 2249457 AND 2249557
	Index Only Scan using sbtest5_pkey on sbtest5  (cost=0.43..6.45 rows=101 width=4)
	  Index Cond: ((id >= 2249457) AND (id <= 2249557))

table 6 : explain SELECT id FROM sbtest6 WHERE id BETWEEN 2249457 AND 2249557
	Index Only Scan using sbtest6_pkey on sbtest6  (cost=0.43..6.63 rows=110 width=4)
	  Index Cond: ((id >= 2249457) AND (id <= 2249557))

table 7 : explain SELECT id FROM sbtest7 WHERE id BETWEEN 2249457 AND 2249557
	Index Only Scan using sbtest7_pkey on sbtest7  (cost=0.43..6.50 rows=103 width=4)
	  Index Cond: ((id >= 2249457) AND (id <= 2249557))

table 8 : explain SELECT id FROM sbtest8 WHERE id BETWEEN 2249457 AND 2249557
	Index Only Scan using sbtest8_pkey on sbtest8  (cost=0.43..6.40 rows=98 width=4)
	  Index Cond: ((id >= 2249457) AND (id <= 2249557))

for range-covered
table 1 : explain SELECT id FROM sbtest1 WHERE id BETWEEN 4040293 AND 4040393
	Index Only Scan using sbtest1_pkey on sbtest1  (cost=0.43..6.59 rows=108 width=4)
	  Index Cond: ((id >= 4040293) AND (id <= 4040393))

table 2 : explain SELECT id FROM sbtest2 WHERE id BETWEEN 4040293 AND 4040393
	Index Only Scan using sbtest2_pkey on sbtest2  (cost=0.43..6.45 rows=101 width=4)
	  Index Cond: ((id >= 4040293) AND (id <= 4040393))

table 3 : explain SELECT id FROM sbtest3 WHERE id BETWEEN 4040293 AND 4040393
	Index Only Scan using sbtest3_pkey on sbtest3  (cost=0.43..10.56 rows=106 width=4)
	  Index Cond: ((id >= 4040293) AND (id <= 4040393))

table 4 : explain SELECT id FROM sbtest4 WHERE id BETWEEN 4040293 AND 4040393
	Index Only Scan using sbtest4_pkey on sbtest4  (cost=0.43..6.45 rows=101 width=4)
	  Index Cond: ((id >= 4040293) AND (id <= 4040393))

table 5 : explain SELECT id FROM sbtest5 WHERE id BETWEEN 4040293 AND 4040393
	Index Only Scan using sbtest5_pkey on sbtest5  (cost=0.43..6.43 rows=100 width=4)
	  Index Cond: ((id >= 4040293) AND (id <= 4040393))

table 6 : explain SELECT id FROM sbtest6 WHERE id BETWEEN 4040293 AND 4040393
	Index Only Scan using sbtest6_pkey on sbtest6  (cost=0.43..6.51 rows=104 width=4)
	  Index Cond: ((id >= 4040293) AND (id <= 4040393))

table 7 : explain SELECT id FROM sbtest7 WHERE id BETWEEN 4040293 AND 4040393
	Index Only Scan using sbtest7_pkey on sbtest7  (cost=0.43..6.33 rows=95 width=4)
	  Index Cond: ((id >= 4040293) AND (id <= 4040393))

table 8 : explain SELECT id FROM sbtest8 WHERE id BETWEEN 4040293 AND 4040393
	Index Only Scan using sbtest8_pkey on sbtest8  (cost=0.43..6.53 rows=105 width=4)
	  Index Cond: ((id >= 4040293) AND (id <= 4040393))

for range-covered
table 1 : explain SELECT id FROM sbtest1 WHERE id BETWEEN 5740000 AND 5740100
	Index Only Scan using sbtest1_pkey on sbtest1  (cost=0.43..6.37 rows=97 width=4)
	  Index Cond: ((id >= 5740000) AND (id <= 5740100))

table 2 : explain SELECT id FROM sbtest2 WHERE id BETWEEN 5740000 AND 5740100
	Index Only Scan using sbtest2_pkey on sbtest2  (cost=0.43..6.50 rows=103 width=4)
	  Index Cond: ((id >= 5740000) AND (id <= 5740100))

table 3 : explain SELECT id FROM sbtest3 WHERE id BETWEEN 5740000 AND 5740100
	Index Only Scan using sbtest3_pkey on sbtest3  (cost=0.43..10.33 rows=95 width=4)
	  Index Cond: ((id >= 5740000) AND (id <= 5740100))

table 4 : explain SELECT id FROM sbtest4 WHERE id BETWEEN 5740000 AND 5740100
	Index Only Scan using sbtest4_pkey on sbtest4  (cost=0.43..6.42 rows=99 width=4)
	  Index Cond: ((id >= 5740000) AND (id <= 5740100))

table 5 : explain SELECT id FROM sbtest5 WHERE id BETWEEN 5740000 AND 5740100
	Index Only Scan using sbtest5_pkey on sbtest5  (cost=0.43..6.25 rows=91 width=4)
	  Index Cond: ((id >= 5740000) AND (id <= 5740100))

table 6 : explain SELECT id FROM sbtest6 WHERE id BETWEEN 5740000 AND 5740100
	Index Only Scan using sbtest6_pkey on sbtest6  (cost=0.43..6.58 rows=107 width=4)
	  Index Cond: ((id >= 5740000) AND (id <= 5740100))

table 7 : explain SELECT id FROM sbtest7 WHERE id BETWEEN 5740000 AND 5740100
	Index Only Scan using sbtest7_pkey on sbtest7  (cost=0.43..6.35 rows=96 width=4)
	  Index Cond: ((id >= 5740000) AND (id <= 5740100))

table 8 : explain SELECT id FROM sbtest8 WHERE id BETWEEN 5740000 AND 5740100
	Index Only Scan using sbtest8_pkey on sbtest8  (cost=0.43..6.33 rows=95 width=4)
	  Index Cond: ((id >= 5740000) AND (id <= 5740100))

explain: for range-covered :: explain SELECT id FROM sbtest%d WHERE id BETWEEN 2249457 AND 2249557
explain: for range-covered :: explain SELECT id FROM sbtest%d WHERE id BETWEEN 4040293 AND 4040393
explain: for range-covered :: explain SELECT id FROM sbtest%d WHERE id BETWEEN 5740000 AND 5740100
explain: for range-covered :: explain SELECT id FROM sbtest%d WHERE id BETWEEN 4413875 AND 4413975
for range-covered
table 1 : explain SELECT id FROM sbtest1 WHERE id BETWEEN 4984152 AND 4984252
	Index Only Scan using sbtest1_pkey on sbtest1  (cost=0.43..6.35 rows=96 width=4)
	  Index Cond: ((id >= 4984152) AND (id <= 4984252))

table 2 : explain SELECT id FROM sbtest2 WHERE id BETWEEN 4984152 AND 4984252
	Index Only Scan using sbtest2_pkey on sbtest2  (cost=0.43..6.50 rows=103 width=4)
	  Index Cond: ((id >= 4984152) AND (id <= 4984252))

table 3 : explain SELECT id FROM sbtest3 WHERE id BETWEEN 4984152 AND 4984252
	Index Only Scan using sbtest3_pkey on sbtest3  (cost=0.43..10.65 rows=111 width=4)
	  Index Cond: ((id >= 4984152) AND (id <= 4984252))

table 4 : explain SELECT id FROM sbtest4 WHERE id BETWEEN 4984152 AND 4984252
	Index Only Scan using sbtest4_pkey on sbtest4  (cost=0.43..6.56 rows=106 width=4)
	  Index Cond: ((id >= 4984152) AND (id <= 4984252))

table 5 : explain SELECT id FROM sbtest5 WHERE id BETWEEN 4984152 AND 4984252
	Index Only Scan using sbtest5_pkey on sbtest5  (cost=0.43..6.45 rows=101 width=4)
	  Index Cond: ((id >= 4984152) AND (id <= 4984252))

table 6 : explain SELECT id FROM sbtest6 WHERE id BETWEEN 4984152 AND 4984252
	Index Only Scan using sbtest6_pkey on sbtest6  (cost=0.43..6.29 rows=93 width=4)
	  Index Cond: ((id >= 4984152) AND (id <= 4984252))

table 7 : explain SELECT id FROM sbtest7 WHERE id BETWEEN 4984152 AND 4984252
	Index Only Scan using sbtest7_pkey on sbtest7  (cost=0.43..6.53 rows=105 width=4)
	  Index Cond: ((id >= 4984152) AND (id <= 4984252))

table 8 : explain SELECT id FROM sbtest8 WHERE id BETWEEN 4984152 AND 4984252
	Index Only Scan using sbtest8_pkey on sbtest8  (cost=0.43..6.40 rows=98 width=4)
	  Index Cond: ((id >= 4984152) AND (id <= 4984252))

for range-covered
table 1 : explain SELECT id FROM sbtest1 WHERE id BETWEEN 4399902 AND 4400002
	Index Only Scan using sbtest1_pkey on sbtest1  (cost=0.43..6.27 rows=92 width=4)
	  Index Cond: ((id >= 4399902) AND (id <= 4400002))

table 2 : explain SELECT id FROM sbtest2 WHERE id BETWEEN 4399902 AND 4400002
	Index Only Scan using sbtest2_pkey on sbtest2  (cost=0.43..6.43 rows=100 width=4)
	  Index Cond: ((id >= 4399902) AND (id <= 4400002))

table 3 : explain SELECT id FROM sbtest3 WHERE id BETWEEN 4399902 AND 4400002
	Index Only Scan using sbtest3_pkey on sbtest3  (cost=0.43..10.47 rows=102 width=4)
	  Index Cond: ((id >= 4399902) AND (id <= 4400002))

table 4 : explain SELECT id FROM sbtest4 WHERE id BETWEEN 4399902 AND 4400002
	Index Only Scan using sbtest4_pkey on sbtest4  (cost=0.43..6.56 rows=106 width=4)
	  Index Cond: ((id >= 4399902) AND (id <= 4400002))

table 5 : explain SELECT id FROM sbtest5 WHERE id BETWEEN 4399902 AND 4400002
	Index Only Scan using sbtest5_pkey on sbtest5  (cost=0.43..6.56 rows=106 width=4)
	  Index Cond: ((id >= 4399902) AND (id <= 4400002))

table 6 : explain SELECT id FROM sbtest6 WHERE id BETWEEN 4399902 AND 4400002
	Index Only Scan using sbtest6_pkey on sbtest6  (cost=0.43..6.35 rows=96 width=4)
	  Index Cond: ((id >= 4399902) AND (id <= 4400002))

table 7 : explain SELECT id FROM sbtest7 WHERE id BETWEEN 4399902 AND 4400002
	Index Only Scan using sbtest7_pkey on sbtest7  (cost=0.43..6.50 rows=103 width=4)
	  Index Cond: ((id >= 4399902) AND (id <= 4400002))

table 8 : explain SELECT id FROM sbtest8 WHERE id BETWEEN 4399902 AND 4400002
	Index Only Scan using sbtest8_pkey on sbtest8  (cost=0.43..6.43 rows=100 width=4)
	  Index Cond: ((id >= 4399902) AND (id <= 4400002))

explain: for range-covered :: explain SELECT id FROM sbtest%d WHERE id BETWEEN 4984152 AND 4984252
explain: for range-covered :: explain SELECT id FROM sbtest%d WHERE id BETWEEN 4399902 AND 4400002
for range-covered
table 1 : explain SELECT id FROM sbtest1 WHERE id BETWEEN 2249457 AND 2249557
	Index Only Scan using sbtest1_pkey on sbtest1  (cost=0.43..6.51 rows=104 width=4)
	  Index Cond: ((id >= 2249457) AND (id <= 2249557))

table 2 : explain SELECT id FROM sbtest2 WHERE id BETWEEN 2249457 AND 2249557
	Index Only Scan using sbtest2_pkey on sbtest2  (cost=0.43..6.42 rows=99 width=4)
	  Index Cond: ((id >= 2249457) AND (id <= 2249557))

table 3 : explain SELECT id FROM sbtest3 WHERE id BETWEEN 2249457 AND 2249557
	Index Only Scan using sbtest3_pkey on sbtest3  (cost=0.43..10.58 rows=107 width=4)
	  Index Cond: ((id >= 2249457) AND (id <= 2249557))

table 4 : explain SELECT id FROM sbtest4 WHERE id BETWEEN 2249457 AND 2249557
	Index Only Scan using sbtest4_pkey on sbtest4  (cost=0.43..6.45 rows=101 width=4)
	  Index Cond: ((id >= 2249457) AND (id <= 2249557))

table 5 : explain SELECT id FROM sbtest5 WHERE id BETWEEN 2249457 AND 2249557
	Index Only Scan using sbtest5_pkey on sbtest5  (cost=0.43..6.45 rows=101 width=4)
	  Index Cond: ((id >= 2249457) AND (id <= 2249557))

table 6 : explain SELECT id FROM sbtest6 WHERE id BETWEEN 2249457 AND 2249557
	Index Only Scan using sbtest6_pkey on sbtest6  (cost=0.43..6.63 rows=110 width=4)
	  Index Cond: ((id >= 2249457) AND (id <= 2249557))

table 7 : explain SELECT id FROM sbtest7 WHERE id BETWEEN 2249457 AND 2249557
	Index Only Scan using sbtest7_pkey on sbtest7  (cost=0.43..6.50 rows=103 width=4)
	  Index Cond: ((id >= 2249457) AND (id <= 2249557))

table 8 : explain SELECT id FROM sbtest8 WHERE id BETWEEN 2249457 AND 2249557
	Index Only Scan using sbtest8_pkey on sbtest8  (cost=0.43..6.40 rows=98 width=4)
	  Index Cond: ((id >= 2249457) AND (id <= 2249557))

for range-covered
table 1 : explain SELECT id FROM sbtest1 WHERE id BETWEEN 4040293 AND 4040393
	Index Only Scan using sbtest1_pkey on sbtest1  (cost=0.43..6.59 rows=108 width=4)
	  Index Cond: ((id >= 4040293) AND (id <= 4040393))

table 2 : explain SELECT id FROM sbtest2 WHERE id BETWEEN 4040293 AND 4040393
	Index Only Scan using sbtest2_pkey on sbtest2  (cost=0.43..6.45 rows=101 width=4)
	  Index Cond: ((id >= 4040293) AND (id <= 4040393))

table 3 : explain SELECT id FROM sbtest3 WHERE id BETWEEN 4040293 AND 4040393
	Index Only Scan using sbtest3_pkey on sbtest3  (cost=0.43..10.56 rows=106 width=4)
	  Index Cond: ((id >= 4040293) AND (id <= 4040393))

table 4 : explain SELECT id FROM sbtest4 WHERE id BETWEEN 4040293 AND 4040393
	Index Only Scan using sbtest4_pkey on sbtest4  (cost=0.43..6.45 rows=101 width=4)
	  Index Cond: ((id >= 4040293) AND (id <= 4040393))

table 5 : explain SELECT id FROM sbtest5 WHERE id BETWEEN 4040293 AND 4040393
	Index Only Scan using sbtest5_pkey on sbtest5  (cost=0.43..6.43 rows=100 width=4)
	  Index Cond: ((id >= 4040293) AND (id <= 4040393))

table 6 : explain SELECT id FROM sbtest6 WHERE id BETWEEN 4040293 AND 4040393
	Index Only Scan using sbtest6_pkey on sbtest6  (cost=0.43..6.51 rows=104 width=4)
	  Index Cond: ((id >= 4040293) AND (id <= 4040393))

table 7 : explain SELECT id FROM sbtest7 WHERE id BETWEEN 4040293 AND 4040393
	Index Only Scan using sbtest7_pkey on sbtest7  (cost=0.43..6.33 rows=95 width=4)
	  Index Cond: ((id >= 4040293) AND (id <= 4040393))

table 8 : explain SELECT id FROM sbtest8 WHERE id BETWEEN 4040293 AND 4040393
	Index Only Scan using sbtest8_pkey on sbtest8  (cost=0.43..6.53 rows=105 width=4)
	  Index Cond: ((id >= 4040293) AND (id <= 4040393))

explain: for range-covered :: explain SELECT id FROM sbtest%d WHERE id BETWEEN 2249457 AND 2249557
for range-covered
table 1 : explain SELECT id FROM sbtest1 WHERE id BETWEEN 5740000 AND 5740100
	Index Only Scan using sbtest1_pkey on sbtest1  (cost=0.43..6.37 rows=97 width=4)
	  Index Cond: ((id >= 5740000) AND (id <= 5740100))

table 2 : explain SELECT id FROM sbtest2 WHERE id BETWEEN 5740000 AND 5740100
	Index Only Scan using sbtest2_pkey on sbtest2  (cost=0.43..6.50 rows=103 width=4)
	  Index Cond: ((id >= 5740000) AND (id <= 5740100))

table 3 : explain SELECT id FROM sbtest3 WHERE id BETWEEN 5740000 AND 5740100
	Index Only Scan using sbtest3_pkey on sbtest3  (cost=0.43..10.33 rows=95 width=4)
	  Index Cond: ((id >= 5740000) AND (id <= 5740100))

table 4 : explain SELECT id FROM sbtest4 WHERE id BETWEEN 5740000 AND 5740100
	Index Only Scan using sbtest4_pkey on sbtest4  (cost=0.43..6.42 rows=99 width=4)
	  Index Cond: ((id >= 5740000) AND (id <= 5740100))

table 5 : explain SELECT id FROM sbtest5 WHERE id BETWEEN 5740000 AND 5740100
	Index Only Scan using sbtest5_pkey on sbtest5  (cost=0.43..6.25 rows=91 width=4)
	  Index Cond: ((id >= 5740000) AND (id <= 5740100))

table 6 : explain SELECT id FROM sbtest6 WHERE id BETWEEN 5740000 AND 5740100
	Index Only Scan using sbtest6_pkey on sbtest6  (cost=0.43..6.58 rows=107 width=4)
	  Index Cond: ((id >= 5740000) AND (id <= 5740100))

table 7 : explain SELECT id FROM sbtest7 WHERE id BETWEEN 5740000 AND 5740100
	Index Only Scan using sbtest7_pkey on sbtest7  (cost=0.43..6.35 rows=96 width=4)
	  Index Cond: ((id >= 5740000) AND (id <= 5740100))

table 8 : explain SELECT id FROM sbtest8 WHERE id BETWEEN 5740000 AND 5740100
	Index Only Scan using sbtest8_pkey on sbtest8  (cost=0.43..6.33 rows=95 width=4)
	  Index Cond: ((id >= 5740000) AND (id <= 5740100))

explain: for range-covered :: explain SELECT id FROM sbtest%d WHERE id BETWEEN 4040293 AND 4040393
explain: for range-covered :: explain SELECT id FROM sbtest%d WHERE id BETWEEN 8614622 AND 8614722
for range-covered
table 1 : explain SELECT id FROM sbtest1 WHERE id BETWEEN 4984152 AND 4984252
	Index Only Scan using sbtest1_pkey on sbtest1  (cost=0.43..6.35 rows=96 width=4)
	  Index Cond: ((id >= 4984152) AND (id <= 4984252))

table 2 : explain SELECT id FROM sbtest2 WHERE id BETWEEN 4984152 AND 4984252
	Index Only Scan using sbtest2_pkey on sbtest2  (cost=0.43..6.50 rows=103 width=4)
	  Index Cond: ((id >= 4984152) AND (id <= 4984252))

table 3 : explain SELECT id FROM sbtest3 WHERE id BETWEEN 4984152 AND 4984252
	Index Only Scan using sbtest3_pkey on sbtest3  (cost=0.43..10.65 rows=111 width=4)
	  Index Cond: ((id >= 4984152) AND (id <= 4984252))

table 4 : explain SELECT id FROM sbtest4 WHERE id BETWEEN 4984152 AND 4984252
	Index Only Scan using sbtest4_pkey on sbtest4  (cost=0.43..6.56 rows=106 width=4)
	  Index Cond: ((id >= 4984152) AND (id <= 4984252))

table 5 : explain SELECT id FROM sbtest5 WHERE id BETWEEN 4984152 AND 4984252
	Index Only Scan using sbtest5_pkey on sbtest5  (cost=0.43..6.45 rows=101 width=4)
	  Index Cond: ((id >= 4984152) AND (id <= 4984252))

table 6 : explain SELECT id FROM sbtest6 WHERE id BETWEEN 4984152 AND 4984252
	Index Only Scan using sbtest6_pkey on sbtest6  (cost=0.43..6.29 rows=93 width=4)
	  Index Cond: ((id >= 4984152) AND (id <= 4984252))

table 7 : explain SELECT id FROM sbtest7 WHERE id BETWEEN 4984152 AND 4984252
	Index Only Scan using sbtest7_pkey on sbtest7  (cost=0.43..6.53 rows=105 width=4)
	  Index Cond: ((id >= 4984152) AND (id <= 4984252))

table 8 : explain SELECT id FROM sbtest8 WHERE id BETWEEN 4984152 AND 4984252
	Index Only Scan using sbtest8_pkey on sbtest8  (cost=0.43..6.40 rows=98 width=4)
	  Index Cond: ((id >= 4984152) AND (id <= 4984252))

for range-covered
table 1 : explain SELECT id FROM sbtest1 WHERE id BETWEEN 4399902 AND 4400002
	Index Only Scan using sbtest1_pkey on sbtest1  (cost=0.43..6.27 rows=92 width=4)
	  Index Cond: ((id >= 4399902) AND (id <= 4400002))

table 2 : explain SELECT id FROM sbtest2 WHERE id BETWEEN 4399902 AND 4400002
	Index Only Scan using sbtest2_pkey on sbtest2  (cost=0.43..6.43 rows=100 width=4)
	  Index Cond: ((id >= 4399902) AND (id <= 4400002))

table 3 : explain SELECT id FROM sbtest3 WHERE id BETWEEN 4399902 AND 4400002
	Index Only Scan using sbtest3_pkey on sbtest3  (cost=0.43..10.47 rows=102 width=4)
	  Index Cond: ((id >= 4399902) AND (id <= 4400002))

table 4 : explain SELECT id FROM sbtest4 WHERE id BETWEEN 4399902 AND 4400002
	Index Only Scan using sbtest4_pkey on sbtest4  (cost=0.43..6.56 rows=106 width=4)
	  Index Cond: ((id >= 4399902) AND (id <= 4400002))

table 5 : explain SELECT id FROM sbtest5 WHERE id BETWEEN 4399902 AND 4400002
	Index Only Scan using sbtest5_pkey on sbtest5  (cost=0.43..6.56 rows=106 width=4)
	  Index Cond: ((id >= 4399902) AND (id <= 4400002))

table 6 : explain SELECT id FROM sbtest6 WHERE id BETWEEN 4399902 AND 4400002
	Index Only Scan using sbtest6_pkey on sbtest6  (cost=0.43..6.35 rows=96 width=4)
	  Index Cond: ((id >= 4399902) AND (id <= 4400002))

table 7 : explain SELECT id FROM sbtest7 WHERE id BETWEEN 4399902 AND 4400002
	Index Only Scan using sbtest7_pkey on sbtest7  (cost=0.43..6.50 rows=103 width=4)
	  Index Cond: ((id >= 4399902) AND (id <= 4400002))

table 8 : explain SELECT id FROM sbtest8 WHERE id BETWEEN 4399902 AND 4400002
	Index Only Scan using sbtest8_pkey on sbtest8  (cost=0.43..6.43 rows=100 width=4)
	  Index Cond: ((id >= 4399902) AND (id <= 4400002))

explain: for range-covered :: explain SELECT id FROM sbtest%d WHERE id BETWEEN 4984152 AND 4984252
explain: for range-covered :: explain SELECT id FROM sbtest%d WHERE id BETWEEN 4399902 AND 4400002
for range-covered
table 1 : explain SELECT id FROM sbtest1 WHERE id BETWEEN 2249457 AND 2249557
	Index Only Scan using sbtest1_pkey on sbtest1  (cost=0.43..6.51 rows=104 width=4)
	  Index Cond: ((id >= 2249457) AND (id <= 2249557))

table 2 : explain SELECT id FROM sbtest2 WHERE id BETWEEN 2249457 AND 2249557
	Index Only Scan using sbtest2_pkey on sbtest2  (cost=0.43..6.42 rows=99 width=4)
	  Index Cond: ((id >= 2249457) AND (id <= 2249557))

table 3 : explain SELECT id FROM sbtest3 WHERE id BETWEEN 2249457 AND 2249557
	Index Only Scan using sbtest3_pkey on sbtest3  (cost=0.43..10.58 rows=107 width=4)
	  Index Cond: ((id >= 2249457) AND (id <= 2249557))

table 4 : explain SELECT id FROM sbtest4 WHERE id BETWEEN 2249457 AND 2249557
	Index Only Scan using sbtest4_pkey on sbtest4  (cost=0.43..6.45 rows=101 width=4)
	  Index Cond: ((id >= 2249457) AND (id <= 2249557))

table 5 : explain SELECT id FROM sbtest5 WHERE id BETWEEN 2249457 AND 2249557
	Index Only Scan using sbtest5_pkey on sbtest5  (cost=0.43..6.45 rows=101 width=4)
	  Index Cond: ((id >= 2249457) AND (id <= 2249557))

table 6 : explain SELECT id FROM sbtest6 WHERE id BETWEEN 2249457 AND 2249557
	Index Only Scan using sbtest6_pkey on sbtest6  (cost=0.43..6.63 rows=110 width=4)
	  Index Cond: ((id >= 2249457) AND (id <= 2249557))

table 7 : explain SELECT id FROM sbtest7 WHERE id BETWEEN 2249457 AND 2249557
	Index Only Scan using sbtest7_pkey on sbtest7  (cost=0.43..6.50 rows=103 width=4)
	  Index Cond: ((id >= 2249457) AND (id <= 2249557))

table 8 : explain SELECT id FROM sbtest8 WHERE id BETWEEN 2249457 AND 2249557
	Index Only Scan using sbtest8_pkey on sbtest8  (cost=0.43..6.40 rows=98 width=4)
	  Index Cond: ((id >= 2249457) AND (id <= 2249557))

explain: for range-covered :: explain SELECT id FROM sbtest%d WHERE id BETWEEN 2249457 AND 2249557
for range-covered
table 1 : explain SELECT id FROM sbtest1 WHERE id BETWEEN 4040293 AND 4040393
	Index Only Scan using sbtest1_pkey on sbtest1  (cost=0.43..6.59 rows=108 width=4)
	  Index Cond: ((id >= 4040293) AND (id <= 4040393))

table 2 : explain SELECT id FROM sbtest2 WHERE id BETWEEN 4040293 AND 4040393
	Index Only Scan using sbtest2_pkey on sbtest2  (cost=0.43..6.45 rows=101 width=4)
	  Index Cond: ((id >= 4040293) AND (id <= 4040393))

table 3 : explain SELECT id FROM sbtest3 WHERE id BETWEEN 4040293 AND 4040393
	Index Only Scan using sbtest3_pkey on sbtest3  (cost=0.43..10.56 rows=106 width=4)
	  Index Cond: ((id >= 4040293) AND (id <= 4040393))

table 4 : explain SELECT id FROM sbtest4 WHERE id BETWEEN 4040293 AND 4040393
	Index Only Scan using sbtest4_pkey on sbtest4  (cost=0.43..6.45 rows=101 width=4)
	  Index Cond: ((id >= 4040293) AND (id <= 4040393))

table 5 : explain SELECT id FROM sbtest5 WHERE id BETWEEN 4040293 AND 4040393
	Index Only Scan using sbtest5_pkey on sbtest5  (cost=0.43..6.43 rows=100 width=4)
	  Index Cond: ((id >= 4040293) AND (id <= 4040393))

table 6 : explain SELECT id FROM sbtest6 WHERE id BETWEEN 4040293 AND 4040393
	Index Only Scan using sbtest6_pkey on sbtest6  (cost=0.43..6.51 rows=104 width=4)
	  Index Cond: ((id >= 4040293) AND (id <= 4040393))

table 7 : explain SELECT id FROM sbtest7 WHERE id BETWEEN 4040293 AND 4040393
	Index Only Scan using sbtest7_pkey on sbtest7  (cost=0.43..6.33 rows=95 width=4)
	  Index Cond: ((id >= 4040293) AND (id <= 4040393))

table 8 : explain SELECT id FROM sbtest8 WHERE id BETWEEN 4040293 AND 4040393
	Index Only Scan using sbtest8_pkey on sbtest8  (cost=0.43..6.53 rows=105 width=4)
	  Index Cond: ((id >= 4040293) AND (id <= 4040393))

explain: for range-covered :: explain SELECT id FROM sbtest%d WHERE id BETWEEN 4040293 AND 4040393
for range-covered
table 1 : explain SELECT id FROM sbtest1 WHERE id BETWEEN 2884286 AND 2884386
	Index Only Scan using sbtest1_pkey on sbtest1  (cost=0.43..6.42 rows=99 width=4)
	  Index Cond: ((id >= 2884286) AND (id <= 2884386))

table 2 : explain SELECT id FROM sbtest2 WHERE id BETWEEN 2884286 AND 2884386
	Index Only Scan using sbtest2_pkey on sbtest2  (cost=0.43..6.33 rows=95 width=4)
	  Index Cond: ((id >= 2884286) AND (id <= 2884386))

table 3 : explain SELECT id FROM sbtest3 WHERE id BETWEEN 2884286 AND 2884386
	Index Only Scan using sbtest3_pkey on sbtest3  (cost=0.43..10.40 rows=98 width=4)
	  Index Cond: ((id >= 2884286) AND (id <= 2884386))

table 4 : explain SELECT id FROM sbtest4 WHERE id BETWEEN 2884286 AND 2884386
	Index Only Scan using sbtest4_pkey on sbtest4  (cost=0.43..6.35 rows=96 width=4)
	  Index Cond: ((id >= 2884286) AND (id <= 2884386))

table 5 : explain SELECT id FROM sbtest5 WHERE id BETWEEN 2884286 AND 2884386
	Index Only Scan using sbtest5_pkey on sbtest5  (cost=0.43..6.27 rows=92 width=4)
	  Index Cond: ((id >= 2884286) AND (id <= 2884386))

table 6 : explain SELECT id FROM sbtest6 WHERE id BETWEEN 2884286 AND 2884386
	Index Only Scan using sbtest6_pkey on sbtest6  (cost=0.43..6.33 rows=95 width=4)
	  Index Cond: ((id >= 2884286) AND (id <= 2884386))

table 7 : explain SELECT id FROM sbtest7 WHERE id BETWEEN 2884286 AND 2884386
	Index Only Scan using sbtest7_pkey on sbtest7  (cost=0.43..6.47 rows=102 width=4)
	  Index Cond: ((id >= 2884286) AND (id <= 2884386))

table 8 : explain SELECT id FROM sbtest8 WHERE id BETWEEN 2884286 AND 2884386
	Index Only Scan using sbtest8_pkey on sbtest8  (cost=0.43..6.47 rows=102 width=4)
	  Index Cond: ((id >= 2884286) AND (id <= 2884386))

for range-covered
table 1 : explain SELECT id FROM sbtest1 WHERE id BETWEEN 5930057 AND 5930157
	Index Only Scan using sbtest1_pkey on sbtest1  (cost=0.43..6.53 rows=105 width=4)
	  Index Cond: ((id >= 5930057) AND (id <= 5930157))

table 2 : explain SELECT id FROM sbtest2 WHERE id BETWEEN 5930057 AND 5930157
	Index Only Scan using sbtest2_pkey on sbtest2  (cost=0.43..6.59 rows=108 width=4)
	  Index Cond: ((id >= 5930057) AND (id <= 5930157))

table 3 : explain SELECT id FROM sbtest3 WHERE id BETWEEN 5930057 AND 5930157
	Index Only Scan using sbtest3_pkey on sbtest3  (cost=0.43..10.65 rows=111 width=4)
	  Index Cond: ((id >= 5930057) AND (id <= 5930157))

table 4 : explain SELECT id FROM sbtest4 WHERE id BETWEEN 5930057 AND 5930157
	Index Only Scan using sbtest4_pkey on sbtest4  (cost=0.43..6.53 rows=105 width=4)
	  Index Cond: ((id >= 5930057) AND (id <= 5930157))

table 5 : explain SELECT id FROM sbtest5 WHERE id BETWEEN 5930057 AND 5930157
	Index Only Scan using sbtest5_pkey on sbtest5  (cost=0.43..6.63 rows=110 width=4)
	  Index Cond: ((id >= 5930057) AND (id <= 5930157))

table 6 : explain SELECT id FROM sbtest6 WHERE id BETWEEN 5930057 AND 5930157
	Index Only Scan using sbtest6_pkey on sbtest6  (cost=0.43..6.58 rows=107 width=4)
	  Index Cond: ((id >= 5930057) AND (id <= 5930157))

table 7 : explain SELECT id FROM sbtest7 WHERE id BETWEEN 5930057 AND 5930157
	Index Only Scan using sbtest7_pkey on sbtest7  (cost=0.43..6.45 rows=101 width=4)
	  Index Cond: ((id >= 5930057) AND (id <= 5930157))

table 8 : explain SELECT id FROM sbtest8 WHERE id BETWEEN 5930057 AND 5930157
	Index Only Scan using sbtest8_pkey on sbtest8  (cost=0.43..6.47 rows=102 width=4)
	  Index Cond: ((id >= 5930057) AND (id <= 5930157))

for range-covered
table 1 : explain SELECT id FROM sbtest1 WHERE id BETWEEN 4984152 AND 4984252
	Index Only Scan using sbtest1_pkey on sbtest1  (cost=0.43..6.35 rows=96 width=4)
	  Index Cond: ((id >= 4984152) AND (id <= 4984252))

table 2 : explain SELECT id FROM sbtest2 WHERE id BETWEEN 4984152 AND 4984252
	Index Only Scan using sbtest2_pkey on sbtest2  (cost=0.43..6.50 rows=103 width=4)
	  Index Cond: ((id >= 4984152) AND (id <= 4984252))

table 3 : explain SELECT id FROM sbtest3 WHERE id BETWEEN 4984152 AND 4984252
	Index Only Scan using sbtest3_pkey on sbtest3  (cost=0.43..10.65 rows=111 width=4)
	  Index Cond: ((id >= 4984152) AND (id <= 4984252))

table 4 : explain SELECT id FROM sbtest4 WHERE id BETWEEN 4984152 AND 4984252
	Index Only Scan using sbtest4_pkey on sbtest4  (cost=0.43..6.56 rows=106 width=4)
	  Index Cond: ((id >= 4984152) AND (id <= 4984252))

table 5 : explain SELECT id FROM sbtest5 WHERE id BETWEEN 4984152 AND 4984252
	Index Only Scan using sbtest5_pkey on sbtest5  (cost=0.43..6.45 rows=101 width=4)
	  Index Cond: ((id >= 4984152) AND (id <= 4984252))

table 6 : explain SELECT id FROM sbtest6 WHERE id BETWEEN 4984152 AND 4984252
	Index Only Scan using sbtest6_pkey on sbtest6  (cost=0.43..6.29 rows=93 width=4)
	  Index Cond: ((id >= 4984152) AND (id <= 4984252))

table 7 : explain SELECT id FROM sbtest7 WHERE id BETWEEN 4984152 AND 4984252
	Index Only Scan using sbtest7_pkey on sbtest7  (cost=0.43..6.53 rows=105 width=4)
	  Index Cond: ((id >= 4984152) AND (id <= 4984252))

table 8 : explain SELECT id FROM sbtest8 WHERE id BETWEEN 4984152 AND 4984252
	Index Only Scan using sbtest8_pkey on sbtest8  (cost=0.43..6.40 rows=98 width=4)
	  Index Cond: ((id >= 4984152) AND (id <= 4984252))

for range-covered
table 1 : explain SELECT id FROM sbtest1 WHERE id BETWEEN 4399902 AND 4400002
	Index Only Scan using sbtest1_pkey on sbtest1  (cost=0.43..6.27 rows=92 width=4)
	  Index Cond: ((id >= 4399902) AND (id <= 4400002))

table 2 : explain SELECT id FROM sbtest2 WHERE id BETWEEN 4399902 AND 4400002
	Index Only Scan using sbtest2_pkey on sbtest2  (cost=0.43..6.43 rows=100 width=4)
	  Index Cond: ((id >= 4399902) AND (id <= 4400002))

table 3 : explain SELECT id FROM sbtest3 WHERE id BETWEEN 4399902 AND 4400002
	Index Only Scan using sbtest3_pkey on sbtest3  (cost=0.43..10.47 rows=102 width=4)
	  Index Cond: ((id >= 4399902) AND (id <= 4400002))

table 4 : explain SELECT id FROM sbtest4 WHERE id BETWEEN 4399902 AND 4400002
	Index Only Scan using sbtest4_pkey on sbtest4  (cost=0.43..6.56 rows=106 width=4)
	  Index Cond: ((id >= 4399902) AND (id <= 4400002))

table 5 : explain SELECT id FROM sbtest5 WHERE id BETWEEN 4399902 AND 4400002
	Index Only Scan using sbtest5_pkey on sbtest5  (cost=0.43..6.56 rows=106 width=4)
	  Index Cond: ((id >= 4399902) AND (id <= 4400002))

table 6 : explain SELECT id FROM sbtest6 WHERE id BETWEEN 4399902 AND 4400002
	Index Only Scan using sbtest6_pkey on sbtest6  (cost=0.43..6.35 rows=96 width=4)
	  Index Cond: ((id >= 4399902) AND (id <= 4400002))

table 7 : explain SELECT id FROM sbtest7 WHERE id BETWEEN 4399902 AND 4400002
	Index Only Scan using sbtest7_pkey on sbtest7  (cost=0.43..6.50 rows=103 width=4)
	  Index Cond: ((id >= 4399902) AND (id <= 4400002))

table 8 : explain SELECT id FROM sbtest8 WHERE id BETWEEN 4399902 AND 4400002
	Index Only Scan using sbtest8_pkey on sbtest8  (cost=0.43..6.43 rows=100 width=4)
	  Index Cond: ((id >= 4399902) AND (id <= 4400002))

explain: for range-covered :: explain SELECT id FROM sbtest%d WHERE id BETWEEN 2884286 AND 2884386
explain: for range-covered :: explain SELECT id FROM sbtest%d WHERE id BETWEEN 5930057 AND 5930157
explain: for range-covered :: explain SELECT id FROM sbtest%d WHERE id BETWEEN 4984152 AND 4984252
explain: for range-covered :: explain SELECT id FROM sbtest%d WHERE id BETWEEN 4399902 AND 4400002
for range-covered
table 1 : explain SELECT id FROM sbtest1 WHERE id BETWEEN 2249457 AND 2249557
	Index Only Scan using sbtest1_pkey on sbtest1  (cost=0.43..6.51 rows=104 width=4)
	  Index Cond: ((id >= 2249457) AND (id <= 2249557))

table 2 : explain SELECT id FROM sbtest2 WHERE id BETWEEN 2249457 AND 2249557
	Index Only Scan using sbtest2_pkey on sbtest2  (cost=0.43..6.42 rows=99 width=4)
	  Index Cond: ((id >= 2249457) AND (id <= 2249557))

table 3 : explain SELECT id FROM sbtest3 WHERE id BETWEEN 2249457 AND 2249557
	Index Only Scan using sbtest3_pkey on sbtest3  (cost=0.43..10.58 rows=107 width=4)
	  Index Cond: ((id >= 2249457) AND (id <= 2249557))

table 4 : explain SELECT id FROM sbtest4 WHERE id BETWEEN 2249457 AND 2249557
	Index Only Scan using sbtest4_pkey on sbtest4  (cost=0.43..6.45 rows=101 width=4)
	  Index Cond: ((id >= 2249457) AND (id <= 2249557))

table 5 : explain SELECT id FROM sbtest5 WHERE id BETWEEN 2249457 AND 2249557
	Index Only Scan using sbtest5_pkey on sbtest5  (cost=0.43..6.45 rows=101 width=4)
	  Index Cond: ((id >= 2249457) AND (id <= 2249557))

table 6 : explain SELECT id FROM sbtest6 WHERE id BETWEEN 2249457 AND 2249557
	Index Only Scan using sbtest6_pkey on sbtest6  (cost=0.43..6.63 rows=110 width=4)
	  Index Cond: ((id >= 2249457) AND (id <= 2249557))

table 7 : explain SELECT id FROM sbtest7 WHERE id BETWEEN 2249457 AND 2249557
	Index Only Scan using sbtest7_pkey on sbtest7  (cost=0.43..6.50 rows=103 width=4)
	  Index Cond: ((id >= 2249457) AND (id <= 2249557))

table 8 : explain SELECT id FROM sbtest8 WHERE id BETWEEN 2249457 AND 2249557
	Index Only Scan using sbtest8_pkey on sbtest8  (cost=0.43..6.40 rows=98 width=4)
	  Index Cond: ((id >= 2249457) AND (id <= 2249557))

explain: for range-covered :: explain SELECT id FROM sbtest%d WHERE id BETWEEN 2249457 AND 2249557
explain: for range-covered :: explain SELECT id FROM sbtest%d WHERE id BETWEEN 4855205 AND 4855305
for range-covered
table 1 : explain SELECT id FROM sbtest1 WHERE id BETWEEN 4040293 AND 4040393
	Index Only Scan using sbtest1_pkey on sbtest1  (cost=0.43..6.59 rows=108 width=4)
	  Index Cond: ((id >= 4040293) AND (id <= 4040393))

table 2 : explain SELECT id FROM sbtest2 WHERE id BETWEEN 4040293 AND 4040393
	Index Only Scan using sbtest2_pkey on sbtest2  (cost=0.43..6.45 rows=101 width=4)
	  Index Cond: ((id >= 4040293) AND (id <= 4040393))

table 3 : explain SELECT id FROM sbtest3 WHERE id BETWEEN 4040293 AND 4040393
	Index Only Scan using sbtest3_pkey on sbtest3  (cost=0.43..10.56 rows=106 width=4)
	  Index Cond: ((id >= 4040293) AND (id <= 4040393))

table 4 : explain SELECT id FROM sbtest4 WHERE id BETWEEN 4040293 AND 4040393
	Index Only Scan using sbtest4_pkey on sbtest4  (cost=0.43..6.45 rows=101 width=4)
	  Index Cond: ((id >= 4040293) AND (id <= 4040393))

table 5 : explain SELECT id FROM sbtest5 WHERE id BETWEEN 4040293 AND 4040393
	Index Only Scan using sbtest5_pkey on sbtest5  (cost=0.43..6.43 rows=100 width=4)
	  Index Cond: ((id >= 4040293) AND (id <= 4040393))

table 6 : explain SELECT id FROM sbtest6 WHERE id BETWEEN 4040293 AND 4040393
	Index Only Scan using sbtest6_pkey on sbtest6  (cost=0.43..6.51 rows=104 width=4)
	  Index Cond: ((id >= 4040293) AND (id <= 4040393))

table 7 : explain SELECT id FROM sbtest7 WHERE id BETWEEN 4040293 AND 4040393
	Index Only Scan using sbtest7_pkey on sbtest7  (cost=0.43..6.33 rows=95 width=4)
	  Index Cond: ((id >= 4040293) AND (id <= 4040393))

table 8 : explain SELECT id FROM sbtest8 WHERE id BETWEEN 4040293 AND 4040393
	Index Only Scan using sbtest8_pkey on sbtest8  (cost=0.43..6.53 rows=105 width=4)
	  Index Cond: ((id >= 4040293) AND (id <= 4040393))

explain: for range-covered :: explain SELECT id FROM sbtest%d WHERE id BETWEEN 4040293 AND 4040393
for range-covered
table 1 : explain SELECT id FROM sbtest1 WHERE id BETWEEN 4984152 AND 4984252
	Index Only Scan using sbtest1_pkey on sbtest1  (cost=0.43..6.35 rows=96 width=4)
	  Index Cond: ((id >= 4984152) AND (id <= 4984252))

table 2 : explain SELECT id FROM sbtest2 WHERE id BETWEEN 4984152 AND 4984252
	Index Only Scan using sbtest2_pkey on sbtest2  (cost=0.43..6.50 rows=103 width=4)
	  Index Cond: ((id >= 4984152) AND (id <= 4984252))

table 3 : explain SELECT id FROM sbtest3 WHERE id BETWEEN 4984152 AND 4984252
	Index Only Scan using sbtest3_pkey on sbtest3  (cost=0.43..10.65 rows=111 width=4)
	  Index Cond: ((id >= 4984152) AND (id <= 4984252))

table 4 : explain SELECT id FROM sbtest4 WHERE id BETWEEN 4984152 AND 4984252
	Index Only Scan using sbtest4_pkey on sbtest4  (cost=0.43..6.56 rows=106 width=4)
	  Index Cond: ((id >= 4984152) AND (id <= 4984252))

table 5 : explain SELECT id FROM sbtest5 WHERE id BETWEEN 4984152 AND 4984252
	Index Only Scan using sbtest5_pkey on sbtest5  (cost=0.43..6.45 rows=101 width=4)
	  Index Cond: ((id >= 4984152) AND (id <= 4984252))

table 6 : explain SELECT id FROM sbtest6 WHERE id BETWEEN 4984152 AND 4984252
	Index Only Scan using sbtest6_pkey on sbtest6  (cost=0.43..6.29 rows=93 width=4)
	  Index Cond: ((id >= 4984152) AND (id <= 4984252))

table 7 : explain SELECT id FROM sbtest7 WHERE id BETWEEN 4984152 AND 4984252
	Index Only Scan using sbtest7_pkey on sbtest7  (cost=0.43..6.53 rows=105 width=4)
	  Index Cond: ((id >= 4984152) AND (id <= 4984252))

table 8 : explain SELECT id FROM sbtest8 WHERE id BETWEEN 4984152 AND 4984252
	Index Only Scan using sbtest8_pkey on sbtest8  (cost=0.43..6.40 rows=98 width=4)
	  Index Cond: ((id >= 4984152) AND (id <= 4984252))

for range-covered
table 1 : explain SELECT id FROM sbtest1 WHERE id BETWEEN 4399902 AND 4400002
	Index Only Scan using sbtest1_pkey on sbtest1  (cost=0.43..6.27 rows=92 width=4)
	  Index Cond: ((id >= 4399902) AND (id <= 4400002))

table 2 : explain SELECT id FROM sbtest2 WHERE id BETWEEN 4399902 AND 4400002
	Index Only Scan using sbtest2_pkey on sbtest2  (cost=0.43..6.43 rows=100 width=4)
	  Index Cond: ((id >= 4399902) AND (id <= 4400002))

table 3 : explain SELECT id FROM sbtest3 WHERE id BETWEEN 4399902 AND 4400002
	Index Only Scan using sbtest3_pkey on sbtest3  (cost=0.43..10.47 rows=102 width=4)
	  Index Cond: ((id >= 4399902) AND (id <= 4400002))

table 4 : explain SELECT id FROM sbtest4 WHERE id BETWEEN 4399902 AND 4400002
	Index Only Scan using sbtest4_pkey on sbtest4  (cost=0.43..6.56 rows=106 width=4)
	  Index Cond: ((id >= 4399902) AND (id <= 4400002))

table 5 : explain SELECT id FROM sbtest5 WHERE id BETWEEN 4399902 AND 4400002
	Index Only Scan using sbtest5_pkey on sbtest5  (cost=0.43..6.56 rows=106 width=4)
	  Index Cond: ((id >= 4399902) AND (id <= 4400002))

table 6 : explain SELECT id FROM sbtest6 WHERE id BETWEEN 4399902 AND 4400002
	Index Only Scan using sbtest6_pkey on sbtest6  (cost=0.43..6.35 rows=96 width=4)
	  Index Cond: ((id >= 4399902) AND (id <= 4400002))

table 7 : explain SELECT id FROM sbtest7 WHERE id BETWEEN 4399902 AND 4400002
	Index Only Scan using sbtest7_pkey on sbtest7  (cost=0.43..6.50 rows=103 width=4)
	  Index Cond: ((id >= 4399902) AND (id <= 4400002))

table 8 : explain SELECT id FROM sbtest8 WHERE id BETWEEN 4399902 AND 4400002
	Index Only Scan using sbtest8_pkey on sbtest8  (cost=0.43..6.43 rows=100 width=4)
	  Index Cond: ((id >= 4399902) AND (id <= 4400002))
explain: for range-covered :: explain SELECT id FROM sbtest%d WHERE id BETWEEN 4984152 AND 4984252

for range-covered
table 1 : explain SELECT id FROM sbtest1 WHERE id BETWEEN 2884286 AND 2884386
	Index Only Scan using sbtest1_pkey on sbtest1  (cost=0.43..6.42 rows=99 width=4)
	  Index Cond: ((id >= 2884286) AND (id <= 2884386))

table 2 : explain SELECT id FROM sbtest2 WHERE id BETWEEN 2884286 AND 2884386
	Index Only Scan using sbtest2_pkey on sbtest2  (cost=0.43..6.33 rows=95 width=4)
	  Index Cond: ((id >= 2884286) AND (id <= 2884386))

table 3 : explain SELECT id FROM sbtest3 WHERE id BETWEEN 2884286 AND 2884386
	Index Only Scan using sbtest3_pkey on sbtest3  (cost=0.43..10.40 rows=98 width=4)
	  Index Cond: ((id >= 2884286) AND (id <= 2884386))

table 4 : explain SELECT id FROM sbtest4 WHERE id BETWEEN 2884286 AND 2884386
	Index Only Scan using sbtest4_pkey on sbtest4  (cost=0.43..6.35 rows=96 width=4)
	  Index Cond: ((id >= 2884286) AND (id <= 2884386))

table 5 : explain SELECT id FROM sbtest5 WHERE id BETWEEN 2884286 AND 2884386
	Index Only Scan using sbtest5_pkey on sbtest5  (cost=0.43..6.27 rows=92 width=4)
	  Index Cond: ((id >= 2884286) AND (id <= 2884386))

table 6 : explain SELECT id FROM sbtest6 WHERE id BETWEEN 2884286 AND 2884386
	Index Only Scan using sbtest6_pkey on sbtest6  (cost=0.43..6.33 rows=95 width=4)
	  Index Cond: ((id >= 2884286) AND (id <= 2884386))

table 7 : explain SELECT id FROM sbtest7 WHERE id BETWEEN 2884286 AND 2884386
	Index Only Scan using sbtest7_pkey on sbtest7  (cost=0.43..6.47 rows=102 width=4)
	  Index Cond: ((id >= 2884286) AND (id <= 2884386))

table 8 : explain SELECT id FROM sbtest8 WHERE id BETWEEN 2884286 AND 2884386
	Index Only Scan using sbtest8_pkey on sbtest8  (cost=0.43..6.47 rows=102 width=4)
	  Index Cond: ((id >= 2884286) AND (id <= 2884386))

for range-covered
table 1 : explain SELECT id FROM sbtest1 WHERE id BETWEEN 5930057 AND 5930157
	Index Only Scan using sbtest1_pkey on sbtest1  (cost=0.43..6.53 rows=105 width=4)
	  Index Cond: ((id >= 5930057) AND (id <= 5930157))

table 2 : explain SELECT id FROM sbtest2 WHERE id BETWEEN 5930057 AND 5930157
	Index Only Scan using sbtest2_pkey on sbtest2  (cost=0.43..6.59 rows=108 width=4)
	  Index Cond: ((id >= 5930057) AND (id <= 5930157))

table 3 : explain SELECT id FROM sbtest3 WHERE id BETWEEN 5930057 AND 5930157
	Index Only Scan using sbtest3_pkey on sbtest3  (cost=0.43..10.65 rows=111 width=4)
	  Index Cond: ((id >= 5930057) AND (id <= 5930157))

table 4 : explain SELECT id FROM sbtest4 WHERE id BETWEEN 5930057 AND 5930157
	Index Only Scan using sbtest4_pkey on sbtest4  (cost=0.43..6.53 rows=105 width=4)
	  Index Cond: ((id >= 5930057) AND (id <= 5930157))

table 5 : explain SELECT id FROM sbtest5 WHERE id BETWEEN 5930057 AND 5930157
	Index Only Scan using sbtest5_pkey on sbtest5  (cost=0.43..6.63 rows=110 width=4)
	  Index Cond: ((id >= 5930057) AND (id <= 5930157))

table 6 : explain SELECT id FROM sbtest6 WHERE id BETWEEN 5930057 AND 5930157
	Index Only Scan using sbtest6_pkey on sbtest6  (cost=0.43..6.58 rows=107 width=4)
	  Index Cond: ((id >= 5930057) AND (id <= 5930157))

table 7 : explain SELECT id FROM sbtest7 WHERE id BETWEEN 5930057 AND 5930157
	Index Only Scan using sbtest7_pkey on sbtest7  (cost=0.43..6.45 rows=101 width=4)
	  Index Cond: ((id >= 5930057) AND (id <= 5930157))

table 8 : explain SELECT id FROM sbtest8 WHERE id BETWEEN 5930057 AND 5930157
	Index Only Scan using sbtest8_pkey on sbtest8  (cost=0.43..6.47 rows=102 width=4)
	  Index Cond: ((id >= 5930057) AND (id <= 5930157))

explain: for range-covered :: explain SELECT id FROM sbtest%d WHERE id BETWEEN 4399902 AND 4400002explain: for range-covered :: explain SELECT id FROM sbtest%d WHERE id BETWEEN 2884286 AND 2884386

explain: for range-covered :: explain SELECT id FROM sbtest%d WHERE id BETWEEN 5930057 AND 5930157
for range-covered
table 1 : explain SELECT id FROM sbtest1 WHERE id BETWEEN 2249457 AND 2249557
	Index Only Scan using sbtest1_pkey on sbtest1  (cost=0.43..6.51 rows=104 width=4)
	  Index Cond: ((id >= 2249457) AND (id <= 2249557))

table 2 : explain SELECT id FROM sbtest2 WHERE id BETWEEN 2249457 AND 2249557
	Index Only Scan using sbtest2_pkey on sbtest2  (cost=0.43..6.42 rows=99 width=4)
	  Index Cond: ((id >= 2249457) AND (id <= 2249557))

table 3 : explain SELECT id FROM sbtest3 WHERE id BETWEEN 2249457 AND 2249557
	Index Only Scan using sbtest3_pkey on sbtest3  (cost=0.43..10.58 rows=107 width=4)
	  Index Cond: ((id >= 2249457) AND (id <= 2249557))

table 4 : explain SELECT id FROM sbtest4 WHERE id BETWEEN 2249457 AND 2249557
	Index Only Scan using sbtest4_pkey on sbtest4  (cost=0.43..6.45 rows=101 width=4)
	  Index Cond: ((id >= 2249457) AND (id <= 2249557))

table 5 : explain SELECT id FROM sbtest5 WHERE id BETWEEN 2249457 AND 2249557
	Index Only Scan using sbtest5_pkey on sbtest5  (cost=0.43..6.45 rows=101 width=4)
	  Index Cond: ((id >= 2249457) AND (id <= 2249557))

table 6 : explain SELECT id FROM sbtest6 WHERE id BETWEEN 2249457 AND 2249557
	Index Only Scan using sbtest6_pkey on sbtest6  (cost=0.43..6.63 rows=110 width=4)
	  Index Cond: ((id >= 2249457) AND (id <= 2249557))

table 7 : explain SELECT id FROM sbtest7 WHERE id BETWEEN 2249457 AND 2249557
	Index Only Scan using sbtest7_pkey on sbtest7  (cost=0.43..6.50 rows=103 width=4)
	  Index Cond: ((id >= 2249457) AND (id <= 2249557))

table 8 : explain SELECT id FROM sbtest8 WHERE id BETWEEN 2249457 AND 2249557
	Index Only Scan using sbtest8_pkey on sbtest8  (cost=0.43..6.40 rows=98 width=4)
	  Index Cond: ((id >= 2249457) AND (id <= 2249557))

for range-covered
table 1 : explain SELECT id FROM sbtest1 WHERE id BETWEEN 4040293 AND 4040393
	Index Only Scan using sbtest1_pkey on sbtest1  (cost=0.43..6.59 rows=108 width=4)
	  Index Cond: ((id >= 4040293) AND (id <= 4040393))

table 2 : explain SELECT id FROM sbtest2 WHERE id BETWEEN 4040293 AND 4040393
	Index Only Scan using sbtest2_pkey on sbtest2  (cost=0.43..6.45 rows=101 width=4)
	  Index Cond: ((id >= 4040293) AND (id <= 4040393))

table 3 : explain SELECT id FROM sbtest3 WHERE id BETWEEN 4040293 AND 4040393
	Index Only Scan using sbtest3_pkey on sbtest3  (cost=0.43..10.56 rows=106 width=4)
	  Index Cond: ((id >= 4040293) AND (id <= 4040393))

table 4 : explain SELECT id FROM sbtest4 WHERE id BETWEEN 4040293 AND 4040393
	Index Only Scan using sbtest4_pkey on sbtest4  (cost=0.43..6.45 rows=101 width=4)
	  Index Cond: ((id >= 4040293) AND (id <= 4040393))

table 5 : explain SELECT id FROM sbtest5 WHERE id BETWEEN 4040293 AND 4040393
	Index Only Scan using sbtest5_pkey on sbtest5  (cost=0.43..6.43 rows=100 width=4)
	  Index Cond: ((id >= 4040293) AND (id <= 4040393))

table 6 : explain SELECT id FROM sbtest6 WHERE id BETWEEN 4040293 AND 4040393
	Index Only Scan using sbtest6_pkey on sbtest6  (cost=0.43..6.51 rows=104 width=4)
	  Index Cond: ((id >= 4040293) AND (id <= 4040393))

table 7 : explain SELECT id FROM sbtest7 WHERE id BETWEEN 4040293 AND 4040393
	Index Only Scan using sbtest7_pkey on sbtest7  (cost=0.43..6.33 rows=95 width=4)
	  Index Cond: ((id >= 4040293) AND (id <= 4040393))

table 8 : explain SELECT id FROM sbtest8 WHERE id BETWEEN 4040293 AND 4040393
	Index Only Scan using sbtest8_pkey on sbtest8  (cost=0.43..6.53 rows=105 width=4)
	  Index Cond: ((id >= 4040293) AND (id <= 4040393))

for range-covered
table 1 : explain SELECT id FROM sbtest1 WHERE id BETWEEN 8614622 AND 8614722
	Index Only Scan using sbtest1_pkey on sbtest1  (cost=0.43..6.32 rows=94 width=4)
	  Index Cond: ((id >= 8614622) AND (id <= 8614722))

table 2 : explain SELECT id FROM sbtest2 WHERE id BETWEEN 8614622 AND 8614722
	Index Only Scan using sbtest2_pkey on sbtest2  (cost=0.43..6.33 rows=95 width=4)
	  Index Cond: ((id >= 8614622) AND (id <= 8614722))

table 3 : explain SELECT id FROM sbtest3 WHERE id BETWEEN 8614622 AND 8614722
	Index Only Scan using sbtest3_pkey on sbtest3  (cost=0.43..10.60 rows=108 width=4)
	  Index Cond: ((id >= 8614622) AND (id <= 8614722))

table 4 : explain SELECT id FROM sbtest4 WHERE id BETWEEN 8614622 AND 8614722
	Index Only Scan using sbtest4_pkey on sbtest4  (cost=0.43..6.53 rows=105 width=4)
	  Index Cond: ((id >= 8614622) AND (id <= 8614722))

table 5 : explain SELECT id FROM sbtest5 WHERE id BETWEEN 8614622 AND 8614722
	Index Only Scan using sbtest5_pkey on sbtest5  (cost=0.43..6.67 rows=112 width=4)
	  Index Cond: ((id >= 8614622) AND (id <= 8614722))

table 6 : explain SELECT id FROM sbtest6 WHERE id BETWEEN 8614622 AND 8614722
	Index Only Scan using sbtest6_pkey on sbtest6  (cost=0.43..6.33 rows=95 width=4)
	  Index Cond: ((id >= 8614622) AND (id <= 8614722))

table 7 : explain SELECT id FROM sbtest7 WHERE id BETWEEN 8614622 AND 8614722
	Index Only Scan using sbtest7_pkey on sbtest7  (cost=0.43..6.29 rows=93 width=4)
	  Index Cond: ((id >= 8614622) AND (id <= 8614722))

table 8 : explain SELECT id FROM sbtest8 WHERE id BETWEEN 8614622 AND 8614722
	Index Only Scan using sbtest8_pkey on sbtest8  (cost=0.43..6.42 rows=99 width=4)
	  Index Cond: ((id >= 8614622) AND (id <= 8614722))

explain: for range-covered :: explain SELECT id FROM sbtest%d WHERE id BETWEEN 8614622 AND 8614722
for range-covered
table 1 : explain SELECT id FROM sbtest1 WHERE id BETWEEN 4984152 AND 4984252
	Index Only Scan using sbtest1_pkey on sbtest1  (cost=0.43..6.35 rows=96 width=4)
	  Index Cond: ((id >= 4984152) AND (id <= 4984252))

table 2 : explain SELECT id FROM sbtest2 WHERE id BETWEEN 4984152 AND 4984252
	Index Only Scan using sbtest2_pkey on sbtest2  (cost=0.43..6.50 rows=103 width=4)
	  Index Cond: ((id >= 4984152) AND (id <= 4984252))

table 3 : explain SELECT id FROM sbtest3 WHERE id BETWEEN 4984152 AND 4984252
	Index Only Scan using sbtest3_pkey on sbtest3  (cost=0.43..10.65 rows=111 width=4)
	  Index Cond: ((id >= 4984152) AND (id <= 4984252))

table 4 : explain SELECT id FROM sbtest4 WHERE id BETWEEN 4984152 AND 4984252
	Index Only Scan using sbtest4_pkey on sbtest4  (cost=0.43..6.56 rows=106 width=4)
	  Index Cond: ((id >= 4984152) AND (id <= 4984252))

table 5 : explain SELECT id FROM sbtest5 WHERE id BETWEEN 4984152 AND 4984252
	Index Only Scan using sbtest5_pkey on sbtest5  (cost=0.43..6.45 rows=101 width=4)
	  Index Cond: ((id >= 4984152) AND (id <= 4984252))

table 6 : explain SELECT id FROM sbtest6 WHERE id BETWEEN 4984152 AND 4984252
	Index Only Scan using sbtest6_pkey on sbtest6  (cost=0.43..6.29 rows=93 width=4)
	  Index Cond: ((id >= 4984152) AND (id <= 4984252))

table 7 : explain SELECT id FROM sbtest7 WHERE id BETWEEN 4984152 AND 4984252
	Index Only Scan using sbtest7_pkey on sbtest7  (cost=0.43..6.53 rows=105 width=4)
	  Index Cond: ((id >= 4984152) AND (id <= 4984252))

table 8 : explain SELECT id FROM sbtest8 WHERE id BETWEEN 4984152 AND 4984252
	Index Only Scan using sbtest8_pkey on sbtest8  (cost=0.43..6.40 rows=98 width=4)
	  Index Cond: ((id >= 4984152) AND (id <= 4984252))

for range-covered
table 1 : explain SELECT id FROM sbtest1 WHERE id BETWEEN 2884286 AND 2884386
	Index Only Scan using sbtest1_pkey on sbtest1  (cost=0.43..6.42 rows=99 width=4)
	  Index Cond: ((id >= 2884286) AND (id <= 2884386))

table 2 : explain SELECT id FROM sbtest2 WHERE id BETWEEN 2884286 AND 2884386
	Index Only Scan using sbtest2_pkey on sbtest2  (cost=0.43..6.33 rows=95 width=4)
	  Index Cond: ((id >= 2884286) AND (id <= 2884386))

table 3 : explain SELECT id FROM sbtest3 WHERE id BETWEEN 2884286 AND 2884386
	Index Only Scan using sbtest3_pkey on sbtest3  (cost=0.43..10.40 rows=98 width=4)
	  Index Cond: ((id >= 2884286) AND (id <= 2884386))

table 4 : explain SELECT id FROM sbtest4 WHERE id BETWEEN 2884286 AND 2884386
	Index Only Scan using sbtest4_pkey on sbtest4  (cost=0.43..6.35 rows=96 width=4)
	  Index Cond: ((id >= 2884286) AND (id <= 2884386))

table 5 : explain SELECT id FROM sbtest5 WHERE id BETWEEN 2884286 AND 2884386
	Index Only Scan using sbtest5_pkey on sbtest5  (cost=0.43..6.27 rows=92 width=4)
	  Index Cond: ((id >= 2884286) AND (id <= 2884386))

table 6 : explain SELECT id FROM sbtest6 WHERE id BETWEEN 2884286 AND 2884386
	Index Only Scan using sbtest6_pkey on sbtest6  (cost=0.43..6.33 rows=95 width=4)
	  Index Cond: ((id >= 2884286) AND (id <= 2884386))

table 7 : explain SELECT id FROM sbtest7 WHERE id BETWEEN 2884286 AND 2884386
	Index Only Scan using sbtest7_pkey on sbtest7  (cost=0.43..6.47 rows=102 width=4)
	  Index Cond: ((id >= 2884286) AND (id <= 2884386))

table 8 : explain SELECT id FROM sbtest8 WHERE id BETWEEN 2884286 AND 2884386
	Index Only Scan using sbtest8_pkey on sbtest8  (cost=0.43..6.47 rows=102 width=4)
	  Index Cond: ((id >= 2884286) AND (id <= 2884386))

explain: for range-covered :: explain SELECT id FROM sbtest%d WHERE id BETWEEN 4984152 AND 4984252
for range-covered
table 1 : explain SELECT id FROM sbtest1 WHERE id BETWEEN 4399902 AND 4400002
	Index Only Scan using sbtest1_pkey on sbtest1  (cost=0.43..6.27 rows=92 width=4)
	  Index Cond: ((id >= 4399902) AND (id <= 4400002))

table 2 : explain SELECT id FROM sbtest2 WHERE id BETWEEN 4399902 AND 4400002
	Index Only Scan using sbtest2_pkey on sbtest2  (cost=0.43..6.43 rows=100 width=4)
	  Index Cond: ((id >= 4399902) AND (id <= 4400002))

table 3 : explain SELECT id FROM sbtest3 WHERE id BETWEEN 4399902 AND 4400002
	Index Only Scan using sbtest3_pkey on sbtest3  (cost=0.43..10.47 rows=102 width=4)
	  Index Cond: ((id >= 4399902) AND (id <= 4400002))

table 4 : explain SELECT id FROM sbtest4 WHERE id BETWEEN 4399902 AND 4400002
	Index Only Scan using sbtest4_pkey on sbtest4  (cost=0.43..6.56 rows=106 width=4)
	  Index Cond: ((id >= 4399902) AND (id <= 4400002))

table 5 : explain SELECT id FROM sbtest5 WHERE id BETWEEN 4399902 AND 4400002
	Index Only Scan using sbtest5_pkey on sbtest5  (cost=0.43..6.56 rows=106 width=4)
	  Index Cond: ((id >= 4399902) AND (id <= 4400002))

table 6 : explain SELECT id FROM sbtest6 WHERE id BETWEEN 4399902 AND 4400002
	Index Only Scan using sbtest6_pkey on sbtest6  (cost=0.43..6.35 rows=96 width=4)
	  Index Cond: ((id >= 4399902) AND (id <= 4400002))

table 7 : explain SELECT id FROM sbtest7 WHERE id BETWEEN 4399902 AND 4400002
	Index Only Scan using sbtest7_pkey on sbtest7  (cost=0.43..6.50 rows=103 width=4)
	  Index Cond: ((id >= 4399902) AND (id <= 4400002))

table 8 : explain SELECT id FROM sbtest8 WHERE id BETWEEN 4399902 AND 4400002
	Index Only Scan using sbtest8_pkey on sbtest8  (cost=0.43..6.43 rows=100 width=4)
	  Index Cond: ((id >= 4399902) AND (id <= 4400002))

explain: for range-covered :: explain SELECT id FROM sbtest%d WHERE id BETWEEN 2884286 AND 2884386
for range-covered
table 1 : explain SELECT id FROM sbtest1 WHERE id BETWEEN 5930057 AND 5930157
	Index Only Scan using sbtest1_pkey on sbtest1  (cost=0.43..6.53 rows=105 width=4)
	  Index Cond: ((id >= 5930057) AND (id <= 5930157))

table 2 : explain SELECT id FROM sbtest2 WHERE id BETWEEN 5930057 AND 5930157
	Index Only Scan using sbtest2_pkey on sbtest2  (cost=0.43..6.59 rows=108 width=4)
	  Index Cond: ((id >= 5930057) AND (id <= 5930157))

table 3 : explain SELECT id FROM sbtest3 WHERE id BETWEEN 5930057 AND 5930157
	Index Only Scan using sbtest3_pkey on sbtest3  (cost=0.43..10.65 rows=111 width=4)
	  Index Cond: ((id >= 5930057) AND (id <= 5930157))

table 4 : explain SELECT id FROM sbtest4 WHERE id BETWEEN 5930057 AND 5930157
	Index Only Scan using sbtest4_pkey on sbtest4  (cost=0.43..6.53 rows=105 width=4)
	  Index Cond: ((id >= 5930057) AND (id <= 5930157))

table 5 : explain SELECT id FROM sbtest5 WHERE id BETWEEN 5930057 AND 5930157
	Index Only Scan using sbtest5_pkey on sbtest5  (cost=0.43..6.63 rows=110 width=4)
	  Index Cond: ((id >= 5930057) AND (id <= 5930157))

table 6 : explain SELECT id FROM sbtest6 WHERE id BETWEEN 5930057 AND 5930157
	Index Only Scan using sbtest6_pkey on sbtest6  (cost=0.43..6.58 rows=107 width=4)
	  Index Cond: ((id >= 5930057) AND (id <= 5930157))

table 7 : explain SELECT id FROM sbtest7 WHERE id BETWEEN 5930057 AND 5930157
	Index Only Scan using sbtest7_pkey on sbtest7  (cost=0.43..6.45 rows=101 width=4)
	  Index Cond: ((id >= 5930057) AND (id <= 5930157))

table 8 : explain SELECT id FROM sbtest8 WHERE id BETWEEN 5930057 AND 5930157
	Index Only Scan using sbtest8_pkey on sbtest8  (cost=0.43..6.47 rows=102 width=4)
	  Index Cond: ((id >= 5930057) AND (id <= 5930157))

explain: for range-covered :: explain SELECT id FROM sbtest%d WHERE id BETWEEN 4399902 AND 4400002
explain: for range-covered :: explain SELECT id FROM sbtest%d WHERE id BETWEEN 5930057 AND 5930157
for range-covered
table 1 : explain SELECT id FROM sbtest1 WHERE id BETWEEN 8614622 AND 8614722
	Index Only Scan using sbtest1_pkey on sbtest1  (cost=0.43..6.32 rows=94 width=4)
	  Index Cond: ((id >= 8614622) AND (id <= 8614722))

table 2 : explain SELECT id FROM sbtest2 WHERE id BETWEEN 8614622 AND 8614722
	Index Only Scan using sbtest2_pkey on sbtest2  (cost=0.43..6.33 rows=95 width=4)
	  Index Cond: ((id >= 8614622) AND (id <= 8614722))

table 3 : explain SELECT id FROM sbtest3 WHERE id BETWEEN 8614622 AND 8614722
	Index Only Scan using sbtest3_pkey on sbtest3  (cost=0.43..10.60 rows=108 width=4)
	  Index Cond: ((id >= 8614622) AND (id <= 8614722))

table 4 : explain SELECT id FROM sbtest4 WHERE id BETWEEN 8614622 AND 8614722
	Index Only Scan using sbtest4_pkey on sbtest4  (cost=0.43..6.53 rows=105 width=4)
	  Index Cond: ((id >= 8614622) AND (id <= 8614722))

table 5 : explain SELECT id FROM sbtest5 WHERE id BETWEEN 8614622 AND 8614722
	Index Only Scan using sbtest5_pkey on sbtest5  (cost=0.43..6.67 rows=112 width=4)
	  Index Cond: ((id >= 8614622) AND (id <= 8614722))

table 6 : explain SELECT id FROM sbtest6 WHERE id BETWEEN 8614622 AND 8614722
	Index Only Scan using sbtest6_pkey on sbtest6  (cost=0.43..6.33 rows=95 width=4)
	  Index Cond: ((id >= 8614622) AND (id <= 8614722))

table 7 : explain SELECT id FROM sbtest7 WHERE id BETWEEN 8614622 AND 8614722
	Index Only Scan using sbtest7_pkey on sbtest7  (cost=0.43..6.29 rows=93 width=4)
	  Index Cond: ((id >= 8614622) AND (id <= 8614722))

table 8 : explain SELECT id FROM sbtest8 WHERE id BETWEEN 8614622 AND 8614722
	Index Only Scan using sbtest8_pkey on sbtest8  (cost=0.43..6.42 rows=99 width=4)
	  Index Cond: ((id >= 8614622) AND (id <= 8614722))

explain: for range-covered :: explain SELECT id FROM sbtest%d WHERE id BETWEEN 8614622 AND 8614722
for range-covered
table 1 : explain SELECT id FROM sbtest1 WHERE id BETWEEN 4984152 AND 4984252
	Index Only Scan using sbtest1_pkey on sbtest1  (cost=0.43..6.35 rows=96 width=4)
	  Index Cond: ((id >= 4984152) AND (id <= 4984252))

table 2 : explain SELECT id FROM sbtest2 WHERE id BETWEEN 4984152 AND 4984252
	Index Only Scan using sbtest2_pkey on sbtest2  (cost=0.43..6.50 rows=103 width=4)
	  Index Cond: ((id >= 4984152) AND (id <= 4984252))

table 3 : explain SELECT id FROM sbtest3 WHERE id BETWEEN 4984152 AND 4984252
	Index Only Scan using sbtest3_pkey on sbtest3  (cost=0.43..10.65 rows=111 width=4)
	  Index Cond: ((id >= 4984152) AND (id <= 4984252))

table 4 : explain SELECT id FROM sbtest4 WHERE id BETWEEN 4984152 AND 4984252
	Index Only Scan using sbtest4_pkey on sbtest4  (cost=0.43..6.56 rows=106 width=4)
	  Index Cond: ((id >= 4984152) AND (id <= 4984252))

table 5 : explain SELECT id FROM sbtest5 WHERE id BETWEEN 4984152 AND 4984252
	Index Only Scan using sbtest5_pkey on sbtest5  (cost=0.43..6.45 rows=101 width=4)
	  Index Cond: ((id >= 4984152) AND (id <= 4984252))

table 6 : explain SELECT id FROM sbtest6 WHERE id BETWEEN 4984152 AND 4984252
	Index Only Scan using sbtest6_pkey on sbtest6  (cost=0.43..6.29 rows=93 width=4)
	  Index Cond: ((id >= 4984152) AND (id <= 4984252))

table 7 : explain SELECT id FROM sbtest7 WHERE id BETWEEN 4984152 AND 4984252
	Index Only Scan using sbtest7_pkey on sbtest7  (cost=0.43..6.53 rows=105 width=4)
	  Index Cond: ((id >= 4984152) AND (id <= 4984252))

table 8 : explain SELECT id FROM sbtest8 WHERE id BETWEEN 4984152 AND 4984252
	Index Only Scan using sbtest8_pkey on sbtest8  (cost=0.43..6.40 rows=98 width=4)
	  Index Cond: ((id >= 4984152) AND (id <= 4984252))

explain: for range-covered :: explain SELECT id FROM sbtest%d WHERE id BETWEEN 4984152 AND 4984252
for range-covered
table 1 : explain SELECT id FROM sbtest1 WHERE id BETWEEN 2884286 AND 2884386
	Index Only Scan using sbtest1_pkey on sbtest1  (cost=0.43..6.42 rows=99 width=4)
	  Index Cond: ((id >= 2884286) AND (id <= 2884386))

table 2 : explain SELECT id FROM sbtest2 WHERE id BETWEEN 2884286 AND 2884386
	Index Only Scan using sbtest2_pkey on sbtest2  (cost=0.43..6.33 rows=95 width=4)
	  Index Cond: ((id >= 2884286) AND (id <= 2884386))

table 3 : explain SELECT id FROM sbtest3 WHERE id BETWEEN 2884286 AND 2884386
	Index Only Scan using sbtest3_pkey on sbtest3  (cost=0.43..10.40 rows=98 width=4)
	  Index Cond: ((id >= 2884286) AND (id <= 2884386))

table 4 : explain SELECT id FROM sbtest4 WHERE id BETWEEN 2884286 AND 2884386
	Index Only Scan using sbtest4_pkey on sbtest4  (cost=0.43..6.35 rows=96 width=4)
	  Index Cond: ((id >= 2884286) AND (id <= 2884386))

table 5 : explain SELECT id FROM sbtest5 WHERE id BETWEEN 2884286 AND 2884386
	Index Only Scan using sbtest5_pkey on sbtest5  (cost=0.43..6.27 rows=92 width=4)
	  Index Cond: ((id >= 2884286) AND (id <= 2884386))

table 6 : explain SELECT id FROM sbtest6 WHERE id BETWEEN 2884286 AND 2884386
	Index Only Scan using sbtest6_pkey on sbtest6  (cost=0.43..6.33 rows=95 width=4)
	  Index Cond: ((id >= 2884286) AND (id <= 2884386))

table 7 : explain SELECT id FROM sbtest7 WHERE id BETWEEN 2884286 AND 2884386
	Index Only Scan using sbtest7_pkey on sbtest7  (cost=0.43..6.47 rows=102 width=4)
	  Index Cond: ((id >= 2884286) AND (id <= 2884386))

table 8 : explain SELECT id FROM sbtest8 WHERE id BETWEEN 2884286 AND 2884386
	Index Only Scan using sbtest8_pkey on sbtest8  (cost=0.43..6.47 rows=102 width=4)
	  Index Cond: ((id >= 2884286) AND (id <= 2884386))

explain: for range-covered :: explain SELECT id FROM sbtest%d WHERE id BETWEEN 2884286 AND 2884386
for range-covered
table 1 : explain SELECT id FROM sbtest1 WHERE id BETWEEN 4399902 AND 4400002
	Index Only Scan using sbtest1_pkey on sbtest1  (cost=0.43..6.27 rows=92 width=4)
	  Index Cond: ((id >= 4399902) AND (id <= 4400002))

table 2 : explain SELECT id FROM sbtest2 WHERE id BETWEEN 4399902 AND 4400002
	Index Only Scan using sbtest2_pkey on sbtest2  (cost=0.43..6.43 rows=100 width=4)
	  Index Cond: ((id >= 4399902) AND (id <= 4400002))

table 3 : explain SELECT id FROM sbtest3 WHERE id BETWEEN 4399902 AND 4400002
	Index Only Scan using sbtest3_pkey on sbtest3  (cost=0.43..10.47 rows=102 width=4)
	  Index Cond: ((id >= 4399902) AND (id <= 4400002))

table 4 : explain SELECT id FROM sbtest4 WHERE id BETWEEN 4399902 AND 4400002
	Index Only Scan using sbtest4_pkey on sbtest4  (cost=0.43..6.56 rows=106 width=4)
	  Index Cond: ((id >= 4399902) AND (id <= 4400002))

table 5 : explain SELECT id FROM sbtest5 WHERE id BETWEEN 4399902 AND 4400002
	Index Only Scan using sbtest5_pkey on sbtest5  (cost=0.43..6.56 rows=106 width=4)
	  Index Cond: ((id >= 4399902) AND (id <= 4400002))

table 6 : explain SELECT id FROM sbtest6 WHERE id BETWEEN 4399902 AND 4400002
	Index Only Scan using sbtest6_pkey on sbtest6  (cost=0.43..6.35 rows=96 width=4)
	  Index Cond: ((id >= 4399902) AND (id <= 4400002))

table 7 : explain SELECT id FROM sbtest7 WHERE id BETWEEN 4399902 AND 4400002
	Index Only Scan using sbtest7_pkey on sbtest7  (cost=0.43..6.50 rows=103 width=4)
	  Index Cond: ((id >= 4399902) AND (id <= 4400002))

table 8 : explain SELECT id FROM sbtest8 WHERE id BETWEEN 4399902 AND 4400002
	Index Only Scan using sbtest8_pkey on sbtest8  (cost=0.43..6.43 rows=100 width=4)
	  Index Cond: ((id >= 4399902) AND (id <= 4400002))

for range-covered
table 1 : explain SELECT id FROM sbtest1 WHERE id BETWEEN 5930057 AND 5930157
	Index Only Scan using sbtest1_pkey on sbtest1  (cost=0.43..6.53 rows=105 width=4)
	  Index Cond: ((id >= 5930057) AND (id <= 5930157))

table 2 : explain SELECT id FROM sbtest2 WHERE id BETWEEN 5930057 AND 5930157
	Index Only Scan using sbtest2_pkey on sbtest2  (cost=0.43..6.59 rows=108 width=4)
	  Index Cond: ((id >= 5930057) AND (id <= 5930157))

table 3 : explain SELECT id FROM sbtest3 WHERE id BETWEEN 5930057 AND 5930157
	Index Only Scan using sbtest3_pkey on sbtest3  (cost=0.43..10.65 rows=111 width=4)
	  Index Cond: ((id >= 5930057) AND (id <= 5930157))

table 4 : explain SELECT id FROM sbtest4 WHERE id BETWEEN 5930057 AND 5930157
	Index Only Scan using sbtest4_pkey on sbtest4  (cost=0.43..6.53 rows=105 width=4)
	  Index Cond: ((id >= 5930057) AND (id <= 5930157))

table 5 : explain SELECT id FROM sbtest5 WHERE id BETWEEN 5930057 AND 5930157
	Index Only Scan using sbtest5_pkey on sbtest5  (cost=0.43..6.63 rows=110 width=4)
	  Index Cond: ((id >= 5930057) AND (id <= 5930157))

table 6 : explain SELECT id FROM sbtest6 WHERE id BETWEEN 5930057 AND 5930157
	Index Only Scan using sbtest6_pkey on sbtest6  (cost=0.43..6.58 rows=107 width=4)
	  Index Cond: ((id >= 5930057) AND (id <= 5930157))

table 7 : explain SELECT id FROM sbtest7 WHERE id BETWEEN 5930057 AND 5930157
	Index Only Scan using sbtest7_pkey on sbtest7  (cost=0.43..6.45 rows=101 width=4)
	  Index Cond: ((id >= 5930057) AND (id <= 5930157))

table 8 : explain SELECT id FROM sbtest8 WHERE id BETWEEN 5930057 AND 5930157
	Index Only Scan using sbtest8_pkey on sbtest8  (cost=0.43..6.47 rows=102 width=4)
	  Index Cond: ((id >= 5930057) AND (id <= 5930157))

explain: for range-covered :: explain SELECT id FROM sbtest%d WHERE id BETWEEN 5930057 AND 5930157
for range-covered
table 1 : explain SELECT id FROM sbtest1 WHERE id BETWEEN 4855205 AND 4855305
	Index Only Scan using sbtest1_pkey on sbtest1  (cost=0.43..6.51 rows=104 width=4)
	  Index Cond: ((id >= 4855205) AND (id <= 4855305))

table 2 : explain SELECT id FROM sbtest2 WHERE id BETWEEN 4855205 AND 4855305
	Index Only Scan using sbtest2_pkey on sbtest2  (cost=0.43..6.32 rows=94 width=4)
	  Index Cond: ((id >= 4855205) AND (id <= 4855305))

table 3 : explain SELECT id FROM sbtest3 WHERE id BETWEEN 4855205 AND 4855305
	Index Only Scan using sbtest3_pkey on sbtest3  (cost=0.43..10.60 rows=108 width=4)
	  Index Cond: ((id >= 4855205) AND (id <= 4855305))

table 4 : explain SELECT id FROM sbtest4 WHERE id BETWEEN 4855205 AND 4855305
	Index Only Scan using sbtest4_pkey on sbtest4  (cost=0.43..6.37 rows=97 width=4)
	  Index Cond: ((id >= 4855205) AND (id <= 4855305))

table 5 : explain SELECT id FROM sbtest5 WHERE id BETWEEN 4855205 AND 4855305
	Index Only Scan using sbtest5_pkey on sbtest5  (cost=0.43..6.37 rows=97 width=4)
	  Index Cond: ((id >= 4855205) AND (id <= 4855305))

table 6 : explain SELECT id FROM sbtest6 WHERE id BETWEEN 4855205 AND 4855305
	Index Only Scan using sbtest6_pkey on sbtest6  (cost=0.43..6.42 rows=99 width=4)
	  Index Cond: ((id >= 4855205) AND (id <= 4855305))

table 7 : explain SELECT id FROM sbtest7 WHERE id BETWEEN 4855205 AND 4855305
	Index Only Scan using sbtest7_pkey on sbtest7  (cost=0.43..6.32 rows=94 width=4)
	  Index Cond: ((id >= 4855205) AND (id <= 4855305))

table 8 : explain SELECT id FROM sbtest8 WHERE id BETWEEN 4855205 AND 4855305
	Index Only Scan using sbtest8_pkey on sbtest8  (cost=0.43..6.50 rows=103 width=4)
	  Index Cond: ((id >= 4855205) AND (id <= 4855305))

explain: for range-covered :: explain SELECT id FROM sbtest%d WHERE id BETWEEN 4855205 AND 4855305
for range-covered
table 1 : explain SELECT id FROM sbtest1 WHERE id BETWEEN 8614622 AND 8614722
	Index Only Scan using sbtest1_pkey on sbtest1  (cost=0.43..6.32 rows=94 width=4)
	  Index Cond: ((id >= 8614622) AND (id <= 8614722))

table 2 : explain SELECT id FROM sbtest2 WHERE id BETWEEN 8614622 AND 8614722
	Index Only Scan using sbtest2_pkey on sbtest2  (cost=0.43..6.33 rows=95 width=4)
	  Index Cond: ((id >= 8614622) AND (id <= 8614722))

table 3 : explain SELECT id FROM sbtest3 WHERE id BETWEEN 8614622 AND 8614722
	Index Only Scan using sbtest3_pkey on sbtest3  (cost=0.43..10.60 rows=108 width=4)
	  Index Cond: ((id >= 8614622) AND (id <= 8614722))

table 4 : explain SELECT id FROM sbtest4 WHERE id BETWEEN 8614622 AND 8614722
	Index Only Scan using sbtest4_pkey on sbtest4  (cost=0.43..6.53 rows=105 width=4)
	  Index Cond: ((id >= 8614622) AND (id <= 8614722))

table 5 : explain SELECT id FROM sbtest5 WHERE id BETWEEN 8614622 AND 8614722
	Index Only Scan using sbtest5_pkey on sbtest5  (cost=0.43..6.67 rows=112 width=4)
	  Index Cond: ((id >= 8614622) AND (id <= 8614722))

table 6 : explain SELECT id FROM sbtest6 WHERE id BETWEEN 8614622 AND 8614722
	Index Only Scan using sbtest6_pkey on sbtest6  (cost=0.43..6.33 rows=95 width=4)
	  Index Cond: ((id >= 8614622) AND (id <= 8614722))

table 7 : explain SELECT id FROM sbtest7 WHERE id BETWEEN 8614622 AND 8614722
	Index Only Scan using sbtest7_pkey on sbtest7  (cost=0.43..6.29 rows=93 width=4)
	  Index Cond: ((id >= 8614622) AND (id <= 8614722))

table 8 : explain SELECT id FROM sbtest8 WHERE id BETWEEN 8614622 AND 8614722
	Index Only Scan using sbtest8_pkey on sbtest8  (cost=0.43..6.42 rows=99 width=4)
	  Index Cond: ((id >= 8614622) AND (id <= 8614722))

explain: for range-covered :: explain SELECT id FROM sbtest%d WHERE id BETWEEN 8614622 AND 8614722
for range-covered
table 1 : explain SELECT id FROM sbtest1 WHERE id BETWEEN 4984152 AND 4984252
	Index Only Scan using sbtest1_pkey on sbtest1  (cost=0.43..6.35 rows=96 width=4)
	  Index Cond: ((id >= 4984152) AND (id <= 4984252))

table 2 : explain SELECT id FROM sbtest2 WHERE id BETWEEN 4984152 AND 4984252
	Index Only Scan using sbtest2_pkey on sbtest2  (cost=0.43..6.50 rows=103 width=4)
	  Index Cond: ((id >= 4984152) AND (id <= 4984252))

table 3 : explain SELECT id FROM sbtest3 WHERE id BETWEEN 4984152 AND 4984252
	Index Only Scan using sbtest3_pkey on sbtest3  (cost=0.43..10.65 rows=111 width=4)
	  Index Cond: ((id >= 4984152) AND (id <= 4984252))

table 4 : explain SELECT id FROM sbtest4 WHERE id BETWEEN 4984152 AND 4984252
	Index Only Scan using sbtest4_pkey on sbtest4  (cost=0.43..6.56 rows=106 width=4)
	  Index Cond: ((id >= 4984152) AND (id <= 4984252))

table 5 : explain SELECT id FROM sbtest5 WHERE id BETWEEN 4984152 AND 4984252
	Index Only Scan using sbtest5_pkey on sbtest5  (cost=0.43..6.45 rows=101 width=4)
	  Index Cond: ((id >= 4984152) AND (id <= 4984252))

table 6 : explain SELECT id FROM sbtest6 WHERE id BETWEEN 4984152 AND 4984252
	Index Only Scan using sbtest6_pkey on sbtest6  (cost=0.43..6.29 rows=93 width=4)
	  Index Cond: ((id >= 4984152) AND (id <= 4984252))

table 7 : explain SELECT id FROM sbtest7 WHERE id BETWEEN 4984152 AND 4984252
	Index Only Scan using sbtest7_pkey on sbtest7  (cost=0.43..6.53 rows=105 width=4)
	  Index Cond: ((id >= 4984152) AND (id <= 4984252))

table 8 : explain SELECT id FROM sbtest8 WHERE id BETWEEN 4984152 AND 4984252
	Index Only Scan using sbtest8_pkey on sbtest8  (cost=0.43..6.40 rows=98 width=4)
	  Index Cond: ((id >= 4984152) AND (id <= 4984252))

for range-covered
table 1 : explain SELECT id FROM sbtest1 WHERE id BETWEEN 2884286 AND 2884386
	Index Only Scan using sbtest1_pkey on sbtest1  (cost=0.43..6.42 rows=99 width=4)
	  Index Cond: ((id >= 2884286) AND (id <= 2884386))

table 2 : explain SELECT id FROM sbtest2 WHERE id BETWEEN 2884286 AND 2884386
	Index Only Scan using sbtest2_pkey on sbtest2  (cost=0.43..6.33 rows=95 width=4)
	  Index Cond: ((id >= 2884286) AND (id <= 2884386))

table 3 : explain SELECT id FROM sbtest3 WHERE id BETWEEN 2884286 AND 2884386
	Index Only Scan using sbtest3_pkey on sbtest3  (cost=0.43..10.40 rows=98 width=4)
	  Index Cond: ((id >= 2884286) AND (id <= 2884386))

table 4 : explain SELECT id FROM sbtest4 WHERE id BETWEEN 2884286 AND 2884386
	Index Only Scan using sbtest4_pkey on sbtest4  (cost=0.43..6.35 rows=96 width=4)
	  Index Cond: ((id >= 2884286) AND (id <= 2884386))

table 5 : explain SELECT id FROM sbtest5 WHERE id BETWEEN 2884286 AND 2884386
	Index Only Scan using sbtest5_pkey on sbtest5  (cost=0.43..6.27 rows=92 width=4)
	  Index Cond: ((id >= 2884286) AND (id <= 2884386))

table 6 : explain SELECT id FROM sbtest6 WHERE id BETWEEN 2884286 AND 2884386
	Index Only Scan using sbtest6_pkey on sbtest6  (cost=0.43..6.33 rows=95 width=4)
	  Index Cond: ((id >= 2884286) AND (id <= 2884386))

table 7 : explain SELECT id FROM sbtest7 WHERE id BETWEEN 2884286 AND 2884386
	Index Only Scan using sbtest7_pkey on sbtest7  (cost=0.43..6.47 rows=102 width=4)
	  Index Cond: ((id >= 2884286) AND (id <= 2884386))

table 8 : explain SELECT id FROM sbtest8 WHERE id BETWEEN 2884286 AND 2884386
	Index Only Scan using sbtest8_pkey on sbtest8  (cost=0.43..6.47 rows=102 width=4)
	  Index Cond: ((id >= 2884286) AND (id <= 2884386))

explain: for range-covered :: explain SELECT id FROM sbtest%d WHERE id BETWEEN 2884286 AND 2884386
for range-covered
table 1 : explain SELECT id FROM sbtest1 WHERE id BETWEEN 5930057 AND 5930157
	Index Only Scan using sbtest1_pkey on sbtest1  (cost=0.43..6.53 rows=105 width=4)
	  Index Cond: ((id >= 5930057) AND (id <= 5930157))

table 2 : explain SELECT id FROM sbtest2 WHERE id BETWEEN 5930057 AND 5930157
	Index Only Scan using sbtest2_pkey on sbtest2  (cost=0.43..6.59 rows=108 width=4)
	  Index Cond: ((id >= 5930057) AND (id <= 5930157))

table 3 : explain SELECT id FROM sbtest3 WHERE id BETWEEN 5930057 AND 5930157
	Index Only Scan using sbtest3_pkey on sbtest3  (cost=0.43..10.65 rows=111 width=4)
	  Index Cond: ((id >= 5930057) AND (id <= 5930157))

table 4 : explain SELECT id FROM sbtest4 WHERE id BETWEEN 5930057 AND 5930157
	Index Only Scan using sbtest4_pkey on sbtest4  (cost=0.43..6.53 rows=105 width=4)
	  Index Cond: ((id >= 5930057) AND (id <= 5930157))

table 5 : explain SELECT id FROM sbtest5 WHERE id BETWEEN 5930057 AND 5930157
	Index Only Scan using sbtest5_pkey on sbtest5  (cost=0.43..6.63 rows=110 width=4)
	  Index Cond: ((id >= 5930057) AND (id <= 5930157))

table 6 : explain SELECT id FROM sbtest6 WHERE id BETWEEN 5930057 AND 5930157
	Index Only Scan using sbtest6_pkey on sbtest6  (cost=0.43..6.58 rows=107 width=4)
	  Index Cond: ((id >= 5930057) AND (id <= 5930157))

table 7 : explain SELECT id FROM sbtest7 WHERE id BETWEEN 5930057 AND 5930157
	Index Only Scan using sbtest7_pkey on sbtest7  (cost=0.43..6.45 rows=101 width=4)
	  Index Cond: ((id >= 5930057) AND (id <= 5930157))

table 8 : explain SELECT id FROM sbtest8 WHERE id BETWEEN 5930057 AND 5930157
	Index Only Scan using sbtest8_pkey on sbtest8  (cost=0.43..6.47 rows=102 width=4)
	  Index Cond: ((id >= 5930057) AND (id <= 5930157))

explain: for range-covered :: explain SELECT id FROM sbtest%d WHERE id BETWEEN 5930057 AND 5930157
for range-covered
table 1 : explain SELECT id FROM sbtest1 WHERE id BETWEEN 4855205 AND 4855305
	Index Only Scan using sbtest1_pkey on sbtest1  (cost=0.43..6.51 rows=104 width=4)
	  Index Cond: ((id >= 4855205) AND (id <= 4855305))

table 2 : explain SELECT id FROM sbtest2 WHERE id BETWEEN 4855205 AND 4855305
	Index Only Scan using sbtest2_pkey on sbtest2  (cost=0.43..6.32 rows=94 width=4)
	  Index Cond: ((id >= 4855205) AND (id <= 4855305))

table 3 : explain SELECT id FROM sbtest3 WHERE id BETWEEN 4855205 AND 4855305
	Index Only Scan using sbtest3_pkey on sbtest3  (cost=0.43..10.60 rows=108 width=4)
	  Index Cond: ((id >= 4855205) AND (id <= 4855305))

table 4 : explain SELECT id FROM sbtest4 WHERE id BETWEEN 4855205 AND 4855305
	Index Only Scan using sbtest4_pkey on sbtest4  (cost=0.43..6.37 rows=97 width=4)
	  Index Cond: ((id >= 4855205) AND (id <= 4855305))

table 5 : explain SELECT id FROM sbtest5 WHERE id BETWEEN 4855205 AND 4855305
	Index Only Scan using sbtest5_pkey on sbtest5  (cost=0.43..6.37 rows=97 width=4)
	  Index Cond: ((id >= 4855205) AND (id <= 4855305))

table 6 : explain SELECT id FROM sbtest6 WHERE id BETWEEN 4855205 AND 4855305
	Index Only Scan using sbtest6_pkey on sbtest6  (cost=0.43..6.42 rows=99 width=4)
	  Index Cond: ((id >= 4855205) AND (id <= 4855305))

table 7 : explain SELECT id FROM sbtest7 WHERE id BETWEEN 4855205 AND 4855305
	Index Only Scan using sbtest7_pkey on sbtest7  (cost=0.43..6.32 rows=94 width=4)
	  Index Cond: ((id >= 4855205) AND (id <= 4855305))

table 8 : explain SELECT id FROM sbtest8 WHERE id BETWEEN 4855205 AND 4855305
	Index Only Scan using sbtest8_pkey on sbtest8  (cost=0.43..6.50 rows=103 width=4)
	  Index Cond: ((id >= 4855205) AND (id <= 4855305))

for range-covered
table 1 : explain SELECT id FROM sbtest1 WHERE id BETWEEN 8614622 AND 8614722
	Index Only Scan using sbtest1_pkey on sbtest1  (cost=0.43..6.32 rows=94 width=4)
	  Index Cond: ((id >= 8614622) AND (id <= 8614722))

table 2 : explain SELECT id FROM sbtest2 WHERE id BETWEEN 8614622 AND 8614722
	Index Only Scan using sbtest2_pkey on sbtest2  (cost=0.43..6.33 rows=95 width=4)
	  Index Cond: ((id >= 8614622) AND (id <= 8614722))

table 3 : explain SELECT id FROM sbtest3 WHERE id BETWEEN 8614622 AND 8614722
	Index Only Scan using sbtest3_pkey on sbtest3  (cost=0.43..10.60 rows=108 width=4)
	  Index Cond: ((id >= 8614622) AND (id <= 8614722))

table 4 : explain SELECT id FROM sbtest4 WHERE id BETWEEN 8614622 AND 8614722
	Index Only Scan using sbtest4_pkey on sbtest4  (cost=0.43..6.53 rows=105 width=4)
	  Index Cond: ((id >= 8614622) AND (id <= 8614722))

table 5 : explain SELECT id FROM sbtest5 WHERE id BETWEEN 8614622 AND 8614722
	Index Only Scan using sbtest5_pkey on sbtest5  (cost=0.43..6.67 rows=112 width=4)
	  Index Cond: ((id >= 8614622) AND (id <= 8614722))

table 6 : explain SELECT id FROM sbtest6 WHERE id BETWEEN 8614622 AND 8614722
	Index Only Scan using sbtest6_pkey on sbtest6  (cost=0.43..6.33 rows=95 width=4)
	  Index Cond: ((id >= 8614622) AND (id <= 8614722))

table 7 : explain SELECT id FROM sbtest7 WHERE id BETWEEN 8614622 AND 8614722
	Index Only Scan using sbtest7_pkey on sbtest7  (cost=0.43..6.29 rows=93 width=4)
	  Index Cond: ((id >= 8614622) AND (id <= 8614722))

table 8 : explain SELECT id FROM sbtest8 WHERE id BETWEEN 8614622 AND 8614722
	Index Only Scan using sbtest8_pkey on sbtest8  (cost=0.43..6.42 rows=99 width=4)
	  Index Cond: ((id >= 8614622) AND (id <= 8614722))

explain: for range-covered :: explain SELECT id FROM sbtest%d WHERE id BETWEEN 4855205 AND 4855305
explain: for range-covered :: explain SELECT id FROM sbtest%d WHERE id BETWEEN 8614622 AND 8614722
for range-covered
table 1 : explain SELECT id FROM sbtest1 WHERE id BETWEEN 2884286 AND 2884386
	Index Only Scan using sbtest1_pkey on sbtest1  (cost=0.43..6.42 rows=99 width=4)
	  Index Cond: ((id >= 2884286) AND (id <= 2884386))

table 2 : explain SELECT id FROM sbtest2 WHERE id BETWEEN 2884286 AND 2884386
	Index Only Scan using sbtest2_pkey on sbtest2  (cost=0.43..6.33 rows=95 width=4)
	  Index Cond: ((id >= 2884286) AND (id <= 2884386))

table 3 : explain SELECT id FROM sbtest3 WHERE id BETWEEN 2884286 AND 2884386
	Index Only Scan using sbtest3_pkey on sbtest3  (cost=0.43..10.40 rows=98 width=4)
	  Index Cond: ((id >= 2884286) AND (id <= 2884386))

table 4 : explain SELECT id FROM sbtest4 WHERE id BETWEEN 2884286 AND 2884386
	Index Only Scan using sbtest4_pkey on sbtest4  (cost=0.43..6.35 rows=96 width=4)
	  Index Cond: ((id >= 2884286) AND (id <= 2884386))

table 5 : explain SELECT id FROM sbtest5 WHERE id BETWEEN 2884286 AND 2884386
	Index Only Scan using sbtest5_pkey on sbtest5  (cost=0.43..6.27 rows=92 width=4)
	  Index Cond: ((id >= 2884286) AND (id <= 2884386))

table 6 : explain SELECT id FROM sbtest6 WHERE id BETWEEN 2884286 AND 2884386
	Index Only Scan using sbtest6_pkey on sbtest6  (cost=0.43..6.33 rows=95 width=4)
	  Index Cond: ((id >= 2884286) AND (id <= 2884386))

table 7 : explain SELECT id FROM sbtest7 WHERE id BETWEEN 2884286 AND 2884386
	Index Only Scan using sbtest7_pkey on sbtest7  (cost=0.43..6.47 rows=102 width=4)
	  Index Cond: ((id >= 2884286) AND (id <= 2884386))

table 8 : explain SELECT id FROM sbtest8 WHERE id BETWEEN 2884286 AND 2884386
	Index Only Scan using sbtest8_pkey on sbtest8  (cost=0.43..6.47 rows=102 width=4)
	  Index Cond: ((id >= 2884286) AND (id <= 2884386))

explain: for range-covered :: explain SELECT id FROM sbtest%d WHERE id BETWEEN 2884286 AND 2884386
for range-covered
table 1 : explain SELECT id FROM sbtest1 WHERE id BETWEEN 5930057 AND 5930157
	Index Only Scan using sbtest1_pkey on sbtest1  (cost=0.43..6.53 rows=105 width=4)
	  Index Cond: ((id >= 5930057) AND (id <= 5930157))

table 2 : explain SELECT id FROM sbtest2 WHERE id BETWEEN 5930057 AND 5930157
	Index Only Scan using sbtest2_pkey on sbtest2  (cost=0.43..6.59 rows=108 width=4)
	  Index Cond: ((id >= 5930057) AND (id <= 5930157))

table 3 : explain SELECT id FROM sbtest3 WHERE id BETWEEN 5930057 AND 5930157
	Index Only Scan using sbtest3_pkey on sbtest3  (cost=0.43..10.65 rows=111 width=4)
	  Index Cond: ((id >= 5930057) AND (id <= 5930157))

table 4 : explain SELECT id FROM sbtest4 WHERE id BETWEEN 5930057 AND 5930157
	Index Only Scan using sbtest4_pkey on sbtest4  (cost=0.43..6.53 rows=105 width=4)
	  Index Cond: ((id >= 5930057) AND (id <= 5930157))

table 5 : explain SELECT id FROM sbtest5 WHERE id BETWEEN 5930057 AND 5930157
	Index Only Scan using sbtest5_pkey on sbtest5  (cost=0.43..6.63 rows=110 width=4)
	  Index Cond: ((id >= 5930057) AND (id <= 5930157))

table 6 : explain SELECT id FROM sbtest6 WHERE id BETWEEN 5930057 AND 5930157
	Index Only Scan using sbtest6_pkey on sbtest6  (cost=0.43..6.58 rows=107 width=4)
	  Index Cond: ((id >= 5930057) AND (id <= 5930157))

table 7 : explain SELECT id FROM sbtest7 WHERE id BETWEEN 5930057 AND 5930157
	Index Only Scan using sbtest7_pkey on sbtest7  (cost=0.43..6.45 rows=101 width=4)
	  Index Cond: ((id >= 5930057) AND (id <= 5930157))

table 8 : explain SELECT id FROM sbtest8 WHERE id BETWEEN 5930057 AND 5930157
	Index Only Scan using sbtest8_pkey on sbtest8  (cost=0.43..6.47 rows=102 width=4)
	  Index Cond: ((id >= 5930057) AND (id <= 5930157))

explain: for range-covered :: explain SELECT id FROM sbtest%d WHERE id BETWEEN 5930057 AND 5930157
for range-covered
table 1 : explain SELECT id FROM sbtest1 WHERE id BETWEEN 4855205 AND 4855305
	Index Only Scan using sbtest1_pkey on sbtest1  (cost=0.43..6.51 rows=104 width=4)
	  Index Cond: ((id >= 4855205) AND (id <= 4855305))

table 2 : explain SELECT id FROM sbtest2 WHERE id BETWEEN 4855205 AND 4855305
	Index Only Scan using sbtest2_pkey on sbtest2  (cost=0.43..6.32 rows=94 width=4)
	  Index Cond: ((id >= 4855205) AND (id <= 4855305))

table 3 : explain SELECT id FROM sbtest3 WHERE id BETWEEN 4855205 AND 4855305
	Index Only Scan using sbtest3_pkey on sbtest3  (cost=0.43..10.60 rows=108 width=4)
	  Index Cond: ((id >= 4855205) AND (id <= 4855305))

table 4 : explain SELECT id FROM sbtest4 WHERE id BETWEEN 4855205 AND 4855305
	Index Only Scan using sbtest4_pkey on sbtest4  (cost=0.43..6.37 rows=97 width=4)
	  Index Cond: ((id >= 4855205) AND (id <= 4855305))

table 5 : explain SELECT id FROM sbtest5 WHERE id BETWEEN 4855205 AND 4855305
	Index Only Scan using sbtest5_pkey on sbtest5  (cost=0.43..6.37 rows=97 width=4)
	  Index Cond: ((id >= 4855205) AND (id <= 4855305))

table 6 : explain SELECT id FROM sbtest6 WHERE id BETWEEN 4855205 AND 4855305
	Index Only Scan using sbtest6_pkey on sbtest6  (cost=0.43..6.42 rows=99 width=4)
	  Index Cond: ((id >= 4855205) AND (id <= 4855305))

table 7 : explain SELECT id FROM sbtest7 WHERE id BETWEEN 4855205 AND 4855305
	Index Only Scan using sbtest7_pkey on sbtest7  (cost=0.43..6.32 rows=94 width=4)
	  Index Cond: ((id >= 4855205) AND (id <= 4855305))

table 8 : explain SELECT id FROM sbtest8 WHERE id BETWEEN 4855205 AND 4855305
	Index Only Scan using sbtest8_pkey on sbtest8  (cost=0.43..6.50 rows=103 width=4)
	  Index Cond: ((id >= 4855205) AND (id <= 4855305))

for range-covered
table 1 : explain SELECT id FROM sbtest1 WHERE id BETWEEN 8614622 AND 8614722
	Index Only Scan using sbtest1_pkey on sbtest1  (cost=0.43..6.32 rows=94 width=4)
	  Index Cond: ((id >= 8614622) AND (id <= 8614722))

table 2 : explain SELECT id FROM sbtest2 WHERE id BETWEEN 8614622 AND 8614722
	Index Only Scan using sbtest2_pkey on sbtest2  (cost=0.43..6.33 rows=95 width=4)
	  Index Cond: ((id >= 8614622) AND (id <= 8614722))

table 3 : explain SELECT id FROM sbtest3 WHERE id BETWEEN 8614622 AND 8614722
	Index Only Scan using sbtest3_pkey on sbtest3  (cost=0.43..10.60 rows=108 width=4)
	  Index Cond: ((id >= 8614622) AND (id <= 8614722))

table 4 : explain SELECT id FROM sbtest4 WHERE id BETWEEN 8614622 AND 8614722
	Index Only Scan using sbtest4_pkey on sbtest4  (cost=0.43..6.53 rows=105 width=4)
	  Index Cond: ((id >= 8614622) AND (id <= 8614722))

table 5 : explain SELECT id FROM sbtest5 WHERE id BETWEEN 8614622 AND 8614722
	Index Only Scan using sbtest5_pkey on sbtest5  (cost=0.43..6.67 rows=112 width=4)
	  Index Cond: ((id >= 8614622) AND (id <= 8614722))

table 6 : explain SELECT id FROM sbtest6 WHERE id BETWEEN 8614622 AND 8614722
	Index Only Scan using sbtest6_pkey on sbtest6  (cost=0.43..6.33 rows=95 width=4)
	  Index Cond: ((id >= 8614622) AND (id <= 8614722))

table 7 : explain SELECT id FROM sbtest7 WHERE id BETWEEN 8614622 AND 8614722
	Index Only Scan using sbtest7_pkey on sbtest7  (cost=0.43..6.29 rows=93 width=4)
	  Index Cond: ((id >= 8614622) AND (id <= 8614722))

table 8 : explain SELECT id FROM sbtest8 WHERE id BETWEEN 8614622 AND 8614722
	Index Only Scan using sbtest8_pkey on sbtest8  (cost=0.43..6.42 rows=99 width=4)
	  Index Cond: ((id >= 8614622) AND (id <= 8614722))

explain: for range-covered :: explain SELECT id FROM sbtest%d WHERE id BETWEEN 4855205 AND 4855305
explain: for range-covered :: explain SELECT id FROM sbtest%d WHERE id BETWEEN 8614622 AND 8614722
for range-covered
table 1 : explain SELECT id FROM sbtest1 WHERE id BETWEEN 2884286 AND 2884386
	Index Only Scan using sbtest1_pkey on sbtest1  (cost=0.43..6.42 rows=99 width=4)
	  Index Cond: ((id >= 2884286) AND (id <= 2884386))

table 2 : explain SELECT id FROM sbtest2 WHERE id BETWEEN 2884286 AND 2884386
	Index Only Scan using sbtest2_pkey on sbtest2  (cost=0.43..6.33 rows=95 width=4)
	  Index Cond: ((id >= 2884286) AND (id <= 2884386))

table 3 : explain SELECT id FROM sbtest3 WHERE id BETWEEN 2884286 AND 2884386
	Index Only Scan using sbtest3_pkey on sbtest3  (cost=0.43..10.40 rows=98 width=4)
	  Index Cond: ((id >= 2884286) AND (id <= 2884386))

table 4 : explain SELECT id FROM sbtest4 WHERE id BETWEEN 2884286 AND 2884386
	Index Only Scan using sbtest4_pkey on sbtest4  (cost=0.43..6.35 rows=96 width=4)
	  Index Cond: ((id >= 2884286) AND (id <= 2884386))

table 5 : explain SELECT id FROM sbtest5 WHERE id BETWEEN 2884286 AND 2884386
	Index Only Scan using sbtest5_pkey on sbtest5  (cost=0.43..6.27 rows=92 width=4)
	  Index Cond: ((id >= 2884286) AND (id <= 2884386))

table 6 : explain SELECT id FROM sbtest6 WHERE id BETWEEN 2884286 AND 2884386
	Index Only Scan using sbtest6_pkey on sbtest6  (cost=0.43..6.33 rows=95 width=4)
	  Index Cond: ((id >= 2884286) AND (id <= 2884386))

table 7 : explain SELECT id FROM sbtest7 WHERE id BETWEEN 2884286 AND 2884386
	Index Only Scan using sbtest7_pkey on sbtest7  (cost=0.43..6.47 rows=102 width=4)
	  Index Cond: ((id >= 2884286) AND (id <= 2884386))

table 8 : explain SELECT id FROM sbtest8 WHERE id BETWEEN 2884286 AND 2884386
	Index Only Scan using sbtest8_pkey on sbtest8  (cost=0.43..6.47 rows=102 width=4)
	  Index Cond: ((id >= 2884286) AND (id <= 2884386))

explain: for range-covered :: explain SELECT id FROM sbtest%d WHERE id BETWEEN 2884286 AND 2884386
for range-covered
table 1 : explain SELECT id FROM sbtest1 WHERE id BETWEEN 5930057 AND 5930157
	Index Only Scan using sbtest1_pkey on sbtest1  (cost=0.43..6.53 rows=105 width=4)
	  Index Cond: ((id >= 5930057) AND (id <= 5930157))

table 2 : explain SELECT id FROM sbtest2 WHERE id BETWEEN 5930057 AND 5930157
	Index Only Scan using sbtest2_pkey on sbtest2  (cost=0.43..6.59 rows=108 width=4)
	  Index Cond: ((id >= 5930057) AND (id <= 5930157))

table 3 : explain SELECT id FROM sbtest3 WHERE id BETWEEN 5930057 AND 5930157
	Index Only Scan using sbtest3_pkey on sbtest3  (cost=0.43..10.65 rows=111 width=4)
	  Index Cond: ((id >= 5930057) AND (id <= 5930157))

table 4 : explain SELECT id FROM sbtest4 WHERE id BETWEEN 5930057 AND 5930157
	Index Only Scan using sbtest4_pkey on sbtest4  (cost=0.43..6.53 rows=105 width=4)
	  Index Cond: ((id >= 5930057) AND (id <= 5930157))

table 5 : explain SELECT id FROM sbtest5 WHERE id BETWEEN 5930057 AND 5930157
	Index Only Scan using sbtest5_pkey on sbtest5  (cost=0.43..6.63 rows=110 width=4)
	  Index Cond: ((id >= 5930057) AND (id <= 5930157))

table 6 : explain SELECT id FROM sbtest6 WHERE id BETWEEN 5930057 AND 5930157
	Index Only Scan using sbtest6_pkey on sbtest6  (cost=0.43..6.58 rows=107 width=4)
	  Index Cond: ((id >= 5930057) AND (id <= 5930157))

table 7 : explain SELECT id FROM sbtest7 WHERE id BETWEEN 5930057 AND 5930157
	Index Only Scan using sbtest7_pkey on sbtest7  (cost=0.43..6.45 rows=101 width=4)
	  Index Cond: ((id >= 5930057) AND (id <= 5930157))

table 8 : explain SELECT id FROM sbtest8 WHERE id BETWEEN 5930057 AND 5930157
	Index Only Scan using sbtest8_pkey on sbtest8  (cost=0.43..6.47 rows=102 width=4)
	  Index Cond: ((id >= 5930057) AND (id <= 5930157))

explain: for range-covered :: explain SELECT id FROM sbtest%d WHERE id BETWEEN 5930057 AND 5930157
for range-covered
table 1 : explain SELECT id FROM sbtest1 WHERE id BETWEEN 4855205 AND 4855305
	Index Only Scan using sbtest1_pkey on sbtest1  (cost=0.43..6.51 rows=104 width=4)
	  Index Cond: ((id >= 4855205) AND (id <= 4855305))

table 2 : explain SELECT id FROM sbtest2 WHERE id BETWEEN 4855205 AND 4855305
	Index Only Scan using sbtest2_pkey on sbtest2  (cost=0.43..6.32 rows=94 width=4)
	  Index Cond: ((id >= 4855205) AND (id <= 4855305))

table 3 : explain SELECT id FROM sbtest3 WHERE id BETWEEN 4855205 AND 4855305
	Index Only Scan using sbtest3_pkey on sbtest3  (cost=0.43..10.60 rows=108 width=4)
	  Index Cond: ((id >= 4855205) AND (id <= 4855305))

table 4 : explain SELECT id FROM sbtest4 WHERE id BETWEEN 4855205 AND 4855305
	Index Only Scan using sbtest4_pkey on sbtest4  (cost=0.43..6.37 rows=97 width=4)
	  Index Cond: ((id >= 4855205) AND (id <= 4855305))

table 5 : explain SELECT id FROM sbtest5 WHERE id BETWEEN 4855205 AND 4855305
	Index Only Scan using sbtest5_pkey on sbtest5  (cost=0.43..6.37 rows=97 width=4)
	  Index Cond: ((id >= 4855205) AND (id <= 4855305))

table 6 : explain SELECT id FROM sbtest6 WHERE id BETWEEN 4855205 AND 4855305
	Index Only Scan using sbtest6_pkey on sbtest6  (cost=0.43..6.42 rows=99 width=4)
	  Index Cond: ((id >= 4855205) AND (id <= 4855305))

table 7 : explain SELECT id FROM sbtest7 WHERE id BETWEEN 4855205 AND 4855305
	Index Only Scan using sbtest7_pkey on sbtest7  (cost=0.43..6.32 rows=94 width=4)
	  Index Cond: ((id >= 4855205) AND (id <= 4855305))

table 8 : explain SELECT id FROM sbtest8 WHERE id BETWEEN 4855205 AND 4855305
	Index Only Scan using sbtest8_pkey on sbtest8  (cost=0.43..6.50 rows=103 width=4)
	  Index Cond: ((id >= 4855205) AND (id <= 4855305))

for range-covered
table 1 : explain SELECT id FROM sbtest1 WHERE id BETWEEN 8614622 AND 8614722
	Index Only Scan using sbtest1_pkey on sbtest1  (cost=0.43..6.32 rows=94 width=4)
	  Index Cond: ((id >= 8614622) AND (id <= 8614722))

table 2 : explain SELECT id FROM sbtest2 WHERE id BETWEEN 8614622 AND 8614722
	Index Only Scan using sbtest2_pkey on sbtest2  (cost=0.43..6.33 rows=95 width=4)
	  Index Cond: ((id >= 8614622) AND (id <= 8614722))

table 3 : explain SELECT id FROM sbtest3 WHERE id BETWEEN 8614622 AND 8614722
	Index Only Scan using sbtest3_pkey on sbtest3  (cost=0.43..10.60 rows=108 width=4)
	  Index Cond: ((id >= 8614622) AND (id <= 8614722))

table 4 : explain SELECT id FROM sbtest4 WHERE id BETWEEN 8614622 AND 8614722
	Index Only Scan using sbtest4_pkey on sbtest4  (cost=0.43..6.53 rows=105 width=4)
	  Index Cond: ((id >= 8614622) AND (id <= 8614722))

table 5 : explain SELECT id FROM sbtest5 WHERE id BETWEEN 8614622 AND 8614722
	Index Only Scan using sbtest5_pkey on sbtest5  (cost=0.43..6.67 rows=112 width=4)
	  Index Cond: ((id >= 8614622) AND (id <= 8614722))

table 6 : explain SELECT id FROM sbtest6 WHERE id BETWEEN 8614622 AND 8614722
	Index Only Scan using sbtest6_pkey on sbtest6  (cost=0.43..6.33 rows=95 width=4)
	  Index Cond: ((id >= 8614622) AND (id <= 8614722))

table 7 : explain SELECT id FROM sbtest7 WHERE id BETWEEN 8614622 AND 8614722
	Index Only Scan using sbtest7_pkey on sbtest7  (cost=0.43..6.29 rows=93 width=4)
	  Index Cond: ((id >= 8614622) AND (id <= 8614722))

table 8 : explain SELECT id FROM sbtest8 WHERE id BETWEEN 8614622 AND 8614722
	Index Only Scan using sbtest8_pkey on sbtest8  (cost=0.43..6.42 rows=99 width=4)
	  Index Cond: ((id >= 8614622) AND (id <= 8614722))

explain: for range-covered :: explain SELECT id FROM sbtest%d WHERE id BETWEEN 4855205 AND 4855305
explain: for range-covered :: explain SELECT id FROM sbtest%d WHERE id BETWEEN 8614622 AND 8614722
for range-covered
table 1 : explain SELECT id FROM sbtest1 WHERE id BETWEEN 2884286 AND 2884386
	Index Only Scan using sbtest1_pkey on sbtest1  (cost=0.43..6.42 rows=99 width=4)
	  Index Cond: ((id >= 2884286) AND (id <= 2884386))

table 2 : explain SELECT id FROM sbtest2 WHERE id BETWEEN 2884286 AND 2884386
	Index Only Scan using sbtest2_pkey on sbtest2  (cost=0.43..6.33 rows=95 width=4)
	  Index Cond: ((id >= 2884286) AND (id <= 2884386))

table 3 : explain SELECT id FROM sbtest3 WHERE id BETWEEN 2884286 AND 2884386
	Index Only Scan using sbtest3_pkey on sbtest3  (cost=0.43..10.40 rows=98 width=4)
	  Index Cond: ((id >= 2884286) AND (id <= 2884386))

table 4 : explain SELECT id FROM sbtest4 WHERE id BETWEEN 2884286 AND 2884386
	Index Only Scan using sbtest4_pkey on sbtest4  (cost=0.43..6.35 rows=96 width=4)
	  Index Cond: ((id >= 2884286) AND (id <= 2884386))

table 5 : explain SELECT id FROM sbtest5 WHERE id BETWEEN 2884286 AND 2884386
	Index Only Scan using sbtest5_pkey on sbtest5  (cost=0.43..6.27 rows=92 width=4)
	  Index Cond: ((id >= 2884286) AND (id <= 2884386))

table 6 : explain SELECT id FROM sbtest6 WHERE id BETWEEN 2884286 AND 2884386
	Index Only Scan using sbtest6_pkey on sbtest6  (cost=0.43..6.33 rows=95 width=4)
	  Index Cond: ((id >= 2884286) AND (id <= 2884386))

table 7 : explain SELECT id FROM sbtest7 WHERE id BETWEEN 2884286 AND 2884386
	Index Only Scan using sbtest7_pkey on sbtest7  (cost=0.43..6.47 rows=102 width=4)
	  Index Cond: ((id >= 2884286) AND (id <= 2884386))

table 8 : explain SELECT id FROM sbtest8 WHERE id BETWEEN 2884286 AND 2884386
	Index Only Scan using sbtest8_pkey on sbtest8  (cost=0.43..6.47 rows=102 width=4)
	  Index Cond: ((id >= 2884286) AND (id <= 2884386))

for range-covered
table 1 : explain SELECT id FROM sbtest1 WHERE id BETWEEN 5930057 AND 5930157
	Index Only Scan using sbtest1_pkey on sbtest1  (cost=0.43..6.53 rows=105 width=4)
	  Index Cond: ((id >= 5930057) AND (id <= 5930157))

table 2 : explain SELECT id FROM sbtest2 WHERE id BETWEEN 5930057 AND 5930157
	Index Only Scan using sbtest2_pkey on sbtest2  (cost=0.43..6.59 rows=108 width=4)
	  Index Cond: ((id >= 5930057) AND (id <= 5930157))

table 3 : explain SELECT id FROM sbtest3 WHERE id BETWEEN 5930057 AND 5930157
	Index Only Scan using sbtest3_pkey on sbtest3  (cost=0.43..10.65 rows=111 width=4)
	  Index Cond: ((id >= 5930057) AND (id <= 5930157))

table 4 : explain SELECT id FROM sbtest4 WHERE id BETWEEN 5930057 AND 5930157
	Index Only Scan using sbtest4_pkey on sbtest4  (cost=0.43..6.53 rows=105 width=4)
	  Index Cond: ((id >= 5930057) AND (id <= 5930157))

table 5 : explain SELECT id FROM sbtest5 WHERE id BETWEEN 5930057 AND 5930157
	Index Only Scan using sbtest5_pkey on sbtest5  (cost=0.43..6.63 rows=110 width=4)
	  Index Cond: ((id >= 5930057) AND (id <= 5930157))

table 6 : explain SELECT id FROM sbtest6 WHERE id BETWEEN 5930057 AND 5930157
	Index Only Scan using sbtest6_pkey on sbtest6  (cost=0.43..6.58 rows=107 width=4)
	  Index Cond: ((id >= 5930057) AND (id <= 5930157))

table 7 : explain SELECT id FROM sbtest7 WHERE id BETWEEN 5930057 AND 5930157
	Index Only Scan using sbtest7_pkey on sbtest7  (cost=0.43..6.45 rows=101 width=4)
	  Index Cond: ((id >= 5930057) AND (id <= 5930157))

table 8 : explain SELECT id FROM sbtest8 WHERE id BETWEEN 5930057 AND 5930157
	Index Only Scan using sbtest8_pkey on sbtest8  (cost=0.43..6.47 rows=102 width=4)
	  Index Cond: ((id >= 5930057) AND (id <= 5930157))

for range-covered
table 1 : explain SELECT id FROM sbtest1 WHERE id BETWEEN 4855205 AND 4855305
	Index Only Scan using sbtest1_pkey on sbtest1  (cost=0.43..6.51 rows=104 width=4)
	  Index Cond: ((id >= 4855205) AND (id <= 4855305))

table 2 : explain SELECT id FROM sbtest2 WHERE id BETWEEN 4855205 AND 4855305
	Index Only Scan using sbtest2_pkey on sbtest2  (cost=0.43..6.32 rows=94 width=4)
	  Index Cond: ((id >= 4855205) AND (id <= 4855305))

table 3 : explain SELECT id FROM sbtest3 WHERE id BETWEEN 4855205 AND 4855305
	Index Only Scan using sbtest3_pkey on sbtest3  (cost=0.43..10.60 rows=108 width=4)
	  Index Cond: ((id >= 4855205) AND (id <= 4855305))

table 4 : explain SELECT id FROM sbtest4 WHERE id BETWEEN 4855205 AND 4855305
	Index Only Scan using sbtest4_pkey on sbtest4  (cost=0.43..6.37 rows=97 width=4)
	  Index Cond: ((id >= 4855205) AND (id <= 4855305))

table 5 : explain SELECT id FROM sbtest5 WHERE id BETWEEN 4855205 AND 4855305
	Index Only Scan using sbtest5_pkey on sbtest5  (cost=0.43..6.37 rows=97 width=4)
	  Index Cond: ((id >= 4855205) AND (id <= 4855305))

table 6 : explain SELECT id FROM sbtest6 WHERE id BETWEEN 4855205 AND 4855305
	Index Only Scan using sbtest6_pkey on sbtest6  (cost=0.43..6.42 rows=99 width=4)
	  Index Cond: ((id >= 4855205) AND (id <= 4855305))

table 7 : explain SELECT id FROM sbtest7 WHERE id BETWEEN 4855205 AND 4855305
	Index Only Scan using sbtest7_pkey on sbtest7  (cost=0.43..6.32 rows=94 width=4)
	  Index Cond: ((id >= 4855205) AND (id <= 4855305))

table 8 : explain SELECT id FROM sbtest8 WHERE id BETWEEN 4855205 AND 4855305
	Index Only Scan using sbtest8_pkey on sbtest8  (cost=0.43..6.50 rows=103 width=4)
	  Index Cond: ((id >= 4855205) AND (id <= 4855305))

explain: for range-covered :: explain SELECT id FROM sbtest%d WHERE id BETWEEN 4855205 AND 4855305
for range-covered
table 1 : explain SELECT id FROM sbtest1 WHERE id BETWEEN 8614622 AND 8614722
	Index Only Scan using sbtest1_pkey on sbtest1  (cost=0.43..6.32 rows=94 width=4)
	  Index Cond: ((id >= 8614622) AND (id <= 8614722))

table 2 : explain SELECT id FROM sbtest2 WHERE id BETWEEN 8614622 AND 8614722
	Index Only Scan using sbtest2_pkey on sbtest2  (cost=0.43..6.33 rows=95 width=4)
	  Index Cond: ((id >= 8614622) AND (id <= 8614722))

table 3 : explain SELECT id FROM sbtest3 WHERE id BETWEEN 8614622 AND 8614722
	Index Only Scan using sbtest3_pkey on sbtest3  (cost=0.43..10.60 rows=108 width=4)
	  Index Cond: ((id >= 8614622) AND (id <= 8614722))

table 4 : explain SELECT id FROM sbtest4 WHERE id BETWEEN 8614622 AND 8614722
	Index Only Scan using sbtest4_pkey on sbtest4  (cost=0.43..6.53 rows=105 width=4)
	  Index Cond: ((id >= 8614622) AND (id <= 8614722))

table 5 : explain SELECT id FROM sbtest5 WHERE id BETWEEN 8614622 AND 8614722
	Index Only Scan using sbtest5_pkey on sbtest5  (cost=0.43..6.67 rows=112 width=4)
	  Index Cond: ((id >= 8614622) AND (id <= 8614722))

table 6 : explain SELECT id FROM sbtest6 WHERE id BETWEEN 8614622 AND 8614722
	Index Only Scan using sbtest6_pkey on sbtest6  (cost=0.43..6.33 rows=95 width=4)
	  Index Cond: ((id >= 8614622) AND (id <= 8614722))

table 7 : explain SELECT id FROM sbtest7 WHERE id BETWEEN 8614622 AND 8614722
	Index Only Scan using sbtest7_pkey on sbtest7  (cost=0.43..6.29 rows=93 width=4)
	  Index Cond: ((id >= 8614622) AND (id <= 8614722))

table 8 : explain SELECT id FROM sbtest8 WHERE id BETWEEN 8614622 AND 8614722
	Index Only Scan using sbtest8_pkey on sbtest8  (cost=0.43..6.42 rows=99 width=4)
	  Index Cond: ((id >= 8614622) AND (id <= 8614722))

explain: for range-covered :: explain SELECT id FROM sbtest%d WHERE id BETWEEN 8614622 AND 8614722
for range-covered
table 1 : explain SELECT id FROM sbtest1 WHERE id BETWEEN 4855205 AND 4855305
	Index Only Scan using sbtest1_pkey on sbtest1  (cost=0.43..6.51 rows=104 width=4)
	  Index Cond: ((id >= 4855205) AND (id <= 4855305))

table 2 : explain SELECT id FROM sbtest2 WHERE id BETWEEN 4855205 AND 4855305
	Index Only Scan using sbtest2_pkey on sbtest2  (cost=0.43..6.32 rows=94 width=4)
	  Index Cond: ((id >= 4855205) AND (id <= 4855305))

table 3 : explain SELECT id FROM sbtest3 WHERE id BETWEEN 4855205 AND 4855305
	Index Only Scan using sbtest3_pkey on sbtest3  (cost=0.43..10.60 rows=108 width=4)
	  Index Cond: ((id >= 4855205) AND (id <= 4855305))

table 4 : explain SELECT id FROM sbtest4 WHERE id BETWEEN 4855205 AND 4855305
	Index Only Scan using sbtest4_pkey on sbtest4  (cost=0.43..6.37 rows=97 width=4)
	  Index Cond: ((id >= 4855205) AND (id <= 4855305))

table 5 : explain SELECT id FROM sbtest5 WHERE id BETWEEN 4855205 AND 4855305
	Index Only Scan using sbtest5_pkey on sbtest5  (cost=0.43..6.37 rows=97 width=4)
	  Index Cond: ((id >= 4855205) AND (id <= 4855305))

table 6 : explain SELECT id FROM sbtest6 WHERE id BETWEEN 4855205 AND 4855305
	Index Only Scan using sbtest6_pkey on sbtest6  (cost=0.43..6.42 rows=99 width=4)
	  Index Cond: ((id >= 4855205) AND (id <= 4855305))

table 7 : explain SELECT id FROM sbtest7 WHERE id BETWEEN 4855205 AND 4855305
	Index Only Scan using sbtest7_pkey on sbtest7  (cost=0.43..6.32 rows=94 width=4)
	  Index Cond: ((id >= 4855205) AND (id <= 4855305))

table 8 : explain SELECT id FROM sbtest8 WHERE id BETWEEN 4855205 AND 4855305
	Index Only Scan using sbtest8_pkey on sbtest8  (cost=0.43..6.50 rows=103 width=4)
	  Index Cond: ((id >= 4855205) AND (id <= 4855305))

explain: for range-covered :: explain SELECT id FROM sbtest%d WHERE id BETWEEN 4855205 AND 4855305
for range-covered
table 1 : explain SELECT id FROM sbtest1 WHERE id BETWEEN 8614622 AND 8614722
	Index Only Scan using sbtest1_pkey on sbtest1  (cost=0.43..6.32 rows=94 width=4)
	  Index Cond: ((id >= 8614622) AND (id <= 8614722))

table 2 : explain SELECT id FROM sbtest2 WHERE id BETWEEN 8614622 AND 8614722
	Index Only Scan using sbtest2_pkey on sbtest2  (cost=0.43..6.33 rows=95 width=4)
	  Index Cond: ((id >= 8614622) AND (id <= 8614722))

table 3 : explain SELECT id FROM sbtest3 WHERE id BETWEEN 8614622 AND 8614722
	Index Only Scan using sbtest3_pkey on sbtest3  (cost=0.43..10.60 rows=108 width=4)
	  Index Cond: ((id >= 8614622) AND (id <= 8614722))

table 4 : explain SELECT id FROM sbtest4 WHERE id BETWEEN 8614622 AND 8614722
	Index Only Scan using sbtest4_pkey on sbtest4  (cost=0.43..6.53 rows=105 width=4)
	  Index Cond: ((id >= 8614622) AND (id <= 8614722))

table 5 : explain SELECT id FROM sbtest5 WHERE id BETWEEN 8614622 AND 8614722
	Index Only Scan using sbtest5_pkey on sbtest5  (cost=0.43..6.67 rows=112 width=4)
	  Index Cond: ((id >= 8614622) AND (id <= 8614722))

table 6 : explain SELECT id FROM sbtest6 WHERE id BETWEEN 8614622 AND 8614722
	Index Only Scan using sbtest6_pkey on sbtest6  (cost=0.43..6.33 rows=95 width=4)
	  Index Cond: ((id >= 8614622) AND (id <= 8614722))

table 7 : explain SELECT id FROM sbtest7 WHERE id BETWEEN 8614622 AND 8614722
	Index Only Scan using sbtest7_pkey on sbtest7  (cost=0.43..6.29 rows=93 width=4)
	  Index Cond: ((id >= 8614622) AND (id <= 8614722))

table 8 : explain SELECT id FROM sbtest8 WHERE id BETWEEN 8614622 AND 8614722
	Index Only Scan using sbtest8_pkey on sbtest8  (cost=0.43..6.42 rows=99 width=4)
	  Index Cond: ((id >= 8614622) AND (id <= 8614722))

for range-covered
table 1 : explain SELECT id FROM sbtest1 WHERE id BETWEEN 4855205 AND 4855305
	Index Only Scan using sbtest1_pkey on sbtest1  (cost=0.43..6.51 rows=104 width=4)
	  Index Cond: ((id >= 4855205) AND (id <= 4855305))

table 2 : explain SELECT id FROM sbtest2 WHERE id BETWEEN 4855205 AND 4855305
	Index Only Scan using sbtest2_pkey on sbtest2  (cost=0.43..6.32 rows=94 width=4)
	  Index Cond: ((id >= 4855205) AND (id <= 4855305))

table 3 : explain SELECT id FROM sbtest3 WHERE id BETWEEN 4855205 AND 4855305
	Index Only Scan using sbtest3_pkey on sbtest3  (cost=0.43..10.60 rows=108 width=4)
	  Index Cond: ((id >= 4855205) AND (id <= 4855305))

table 4 : explain SELECT id FROM sbtest4 WHERE id BETWEEN 4855205 AND 4855305
	Index Only Scan using sbtest4_pkey on sbtest4  (cost=0.43..6.37 rows=97 width=4)
	  Index Cond: ((id >= 4855205) AND (id <= 4855305))

table 5 : explain SELECT id FROM sbtest5 WHERE id BETWEEN 4855205 AND 4855305
	Index Only Scan using sbtest5_pkey on sbtest5  (cost=0.43..6.37 rows=97 width=4)
	  Index Cond: ((id >= 4855205) AND (id <= 4855305))

table 6 : explain SELECT id FROM sbtest6 WHERE id BETWEEN 4855205 AND 4855305
	Index Only Scan using sbtest6_pkey on sbtest6  (cost=0.43..6.42 rows=99 width=4)
	  Index Cond: ((id >= 4855205) AND (id <= 4855305))

table 7 : explain SELECT id FROM sbtest7 WHERE id BETWEEN 4855205 AND 4855305
	Index Only Scan using sbtest7_pkey on sbtest7  (cost=0.43..6.32 rows=94 width=4)
	  Index Cond: ((id >= 4855205) AND (id <= 4855305))

table 8 : explain SELECT id FROM sbtest8 WHERE id BETWEEN 4855205 AND 4855305
	Index Only Scan using sbtest8_pkey on sbtest8  (cost=0.43..6.50 rows=103 width=4)
	  Index Cond: ((id >= 4855205) AND (id <= 4855305))

explain: for range-covered :: explain SELECT id FROM sbtest%d WHERE id BETWEEN 4855205 AND 4855305
for range-covered
table 1 : explain SELECT id FROM sbtest1 WHERE id BETWEEN 4855205 AND 4855305
	Index Only Scan using sbtest1_pkey on sbtest1  (cost=0.43..6.51 rows=104 width=4)
	  Index Cond: ((id >= 4855205) AND (id <= 4855305))

table 2 : explain SELECT id FROM sbtest2 WHERE id BETWEEN 4855205 AND 4855305
	Index Only Scan using sbtest2_pkey on sbtest2  (cost=0.43..6.32 rows=94 width=4)
	  Index Cond: ((id >= 4855205) AND (id <= 4855305))

table 3 : explain SELECT id FROM sbtest3 WHERE id BETWEEN 4855205 AND 4855305
	Index Only Scan using sbtest3_pkey on sbtest3  (cost=0.43..10.60 rows=108 width=4)
	  Index Cond: ((id >= 4855205) AND (id <= 4855305))

table 4 : explain SELECT id FROM sbtest4 WHERE id BETWEEN 4855205 AND 4855305
	Index Only Scan using sbtest4_pkey on sbtest4  (cost=0.43..6.37 rows=97 width=4)
	  Index Cond: ((id >= 4855205) AND (id <= 4855305))

table 5 : explain SELECT id FROM sbtest5 WHERE id BETWEEN 4855205 AND 4855305
	Index Only Scan using sbtest5_pkey on sbtest5  (cost=0.43..6.37 rows=97 width=4)
	  Index Cond: ((id >= 4855205) AND (id <= 4855305))

table 6 : explain SELECT id FROM sbtest6 WHERE id BETWEEN 4855205 AND 4855305
	Index Only Scan using sbtest6_pkey on sbtest6  (cost=0.43..6.42 rows=99 width=4)
	  Index Cond: ((id >= 4855205) AND (id <= 4855305))

table 7 : explain SELECT id FROM sbtest7 WHERE id BETWEEN 4855205 AND 4855305
	Index Only Scan using sbtest7_pkey on sbtest7  (cost=0.43..6.32 rows=94 width=4)
	  Index Cond: ((id >= 4855205) AND (id <= 4855305))

table 8 : explain SELECT id FROM sbtest8 WHERE id BETWEEN 4855205 AND 4855305
	Index Only Scan using sbtest8_pkey on sbtest8  (cost=0.43..6.50 rows=103 width=4)
	  Index Cond: ((id >= 4855205) AND (id <= 4855305))

for range-covered
table 1 : explain SELECT id FROM sbtest1 WHERE id BETWEEN 4413875 AND 4413975
	Index Only Scan using sbtest1_pkey on sbtest1  (cost=0.43..6.27 rows=92 width=4)
	  Index Cond: ((id >= 4413875) AND (id <= 4413975))

table 2 : explain SELECT id FROM sbtest2 WHERE id BETWEEN 4413875 AND 4413975
	Index Only Scan using sbtest2_pkey on sbtest2  (cost=0.43..6.43 rows=100 width=4)
	  Index Cond: ((id >= 4413875) AND (id <= 4413975))

table 3 : explain SELECT id FROM sbtest3 WHERE id BETWEEN 4413875 AND 4413975
	Index Only Scan using sbtest3_pkey on sbtest3  (cost=0.43..10.47 rows=102 width=4)
	  Index Cond: ((id >= 4413875) AND (id <= 4413975))

table 4 : explain SELECT id FROM sbtest4 WHERE id BETWEEN 4413875 AND 4413975
	Index Only Scan using sbtest4_pkey on sbtest4  (cost=0.43..6.56 rows=106 width=4)
	  Index Cond: ((id >= 4413875) AND (id <= 4413975))

table 5 : explain SELECT id FROM sbtest5 WHERE id BETWEEN 4413875 AND 4413975
	Index Only Scan using sbtest5_pkey on sbtest5  (cost=0.43..6.56 rows=106 width=4)
	  Index Cond: ((id >= 4413875) AND (id <= 4413975))

table 6 : explain SELECT id FROM sbtest6 WHERE id BETWEEN 4413875 AND 4413975
	Index Only Scan using sbtest6_pkey on sbtest6  (cost=0.43..6.35 rows=96 width=4)
	  Index Cond: ((id >= 4413875) AND (id <= 4413975))

table 7 : explain SELECT id FROM sbtest7 WHERE id BETWEEN 4413875 AND 4413975
	Index Only Scan using sbtest7_pkey on sbtest7  (cost=0.43..6.51 rows=104 width=4)
	  Index Cond: ((id >= 4413875) AND (id <= 4413975))

table 8 : explain SELECT id FROM sbtest8 WHERE id BETWEEN 4413875 AND 4413975
	Index Only Scan using sbtest8_pkey on sbtest8  (cost=0.43..6.43 rows=100 width=4)
	  Index Cond: ((id >= 4413875) AND (id <= 4413975))

explain: for range-covered :: explain SELECT id FROM sbtest%d WHERE id BETWEEN 4413875 AND 4413975
for range-covered
table 1 : explain SELECT id FROM sbtest1 WHERE id BETWEEN 4413875 AND 4413975
	Index Only Scan using sbtest1_pkey on sbtest1  (cost=0.43..6.27 rows=92 width=4)
	  Index Cond: ((id >= 4413875) AND (id <= 4413975))

table 2 : explain SELECT id FROM sbtest2 WHERE id BETWEEN 4413875 AND 4413975
	Index Only Scan using sbtest2_pkey on sbtest2  (cost=0.43..6.43 rows=100 width=4)
	  Index Cond: ((id >= 4413875) AND (id <= 4413975))

table 3 : explain SELECT id FROM sbtest3 WHERE id BETWEEN 4413875 AND 4413975
	Index Only Scan using sbtest3_pkey on sbtest3  (cost=0.43..10.47 rows=102 width=4)
	  Index Cond: ((id >= 4413875) AND (id <= 4413975))

table 4 : explain SELECT id FROM sbtest4 WHERE id BETWEEN 4413875 AND 4413975
	Index Only Scan using sbtest4_pkey on sbtest4  (cost=0.43..6.56 rows=106 width=4)
	  Index Cond: ((id >= 4413875) AND (id <= 4413975))

table 5 : explain SELECT id FROM sbtest5 WHERE id BETWEEN 4413875 AND 4413975
	Index Only Scan using sbtest5_pkey on sbtest5  (cost=0.43..6.56 rows=106 width=4)
	  Index Cond: ((id >= 4413875) AND (id <= 4413975))

table 6 : explain SELECT id FROM sbtest6 WHERE id BETWEEN 4413875 AND 4413975
	Index Only Scan using sbtest6_pkey on sbtest6  (cost=0.43..6.35 rows=96 width=4)
	  Index Cond: ((id >= 4413875) AND (id <= 4413975))

table 7 : explain SELECT id FROM sbtest7 WHERE id BETWEEN 4413875 AND 4413975
	Index Only Scan using sbtest7_pkey on sbtest7  (cost=0.43..6.51 rows=104 width=4)
	  Index Cond: ((id >= 4413875) AND (id <= 4413975))

table 8 : explain SELECT id FROM sbtest8 WHERE id BETWEEN 4413875 AND 4413975
	Index Only Scan using sbtest8_pkey on sbtest8  (cost=0.43..6.43 rows=100 width=4)
	  Index Cond: ((id >= 4413875) AND (id <= 4413975))

explain: for range-covered :: explain SELECT id FROM sbtest%d WHERE id BETWEEN 4413875 AND 4413975
for range-covered
table 1 : explain SELECT id FROM sbtest1 WHERE id BETWEEN 4413875 AND 4413975
	Index Only Scan using sbtest1_pkey on sbtest1  (cost=0.43..6.27 rows=92 width=4)
	  Index Cond: ((id >= 4413875) AND (id <= 4413975))

table 2 : explain SELECT id FROM sbtest2 WHERE id BETWEEN 4413875 AND 4413975
	Index Only Scan using sbtest2_pkey on sbtest2  (cost=0.43..6.43 rows=100 width=4)
	  Index Cond: ((id >= 4413875) AND (id <= 4413975))

table 3 : explain SELECT id FROM sbtest3 WHERE id BETWEEN 4413875 AND 4413975
	Index Only Scan using sbtest3_pkey on sbtest3  (cost=0.43..10.47 rows=102 width=4)
	  Index Cond: ((id >= 4413875) AND (id <= 4413975))

table 4 : explain SELECT id FROM sbtest4 WHERE id BETWEEN 4413875 AND 4413975
	Index Only Scan using sbtest4_pkey on sbtest4  (cost=0.43..6.56 rows=106 width=4)
	  Index Cond: ((id >= 4413875) AND (id <= 4413975))

table 5 : explain SELECT id FROM sbtest5 WHERE id BETWEEN 4413875 AND 4413975
	Index Only Scan using sbtest5_pkey on sbtest5  (cost=0.43..6.56 rows=106 width=4)
	  Index Cond: ((id >= 4413875) AND (id <= 4413975))

table 6 : explain SELECT id FROM sbtest6 WHERE id BETWEEN 4413875 AND 4413975
	Index Only Scan using sbtest6_pkey on sbtest6  (cost=0.43..6.35 rows=96 width=4)
	  Index Cond: ((id >= 4413875) AND (id <= 4413975))

table 7 : explain SELECT id FROM sbtest7 WHERE id BETWEEN 4413875 AND 4413975
	Index Only Scan using sbtest7_pkey on sbtest7  (cost=0.43..6.51 rows=104 width=4)
	  Index Cond: ((id >= 4413875) AND (id <= 4413975))

table 8 : explain SELECT id FROM sbtest8 WHERE id BETWEEN 4413875 AND 4413975
	Index Only Scan using sbtest8_pkey on sbtest8  (cost=0.43..6.43 rows=100 width=4)
	  Index Cond: ((id >= 4413875) AND (id <= 4413975))

explain: for range-covered :: explain SELECT id FROM sbtest%d WHERE id BETWEEN 4413875 AND 4413975
for range-covered
table 1 : explain SELECT id FROM sbtest1 WHERE id BETWEEN 4413875 AND 4413975
	Index Only Scan using sbtest1_pkey on sbtest1  (cost=0.43..6.27 rows=92 width=4)
	  Index Cond: ((id >= 4413875) AND (id <= 4413975))

table 2 : explain SELECT id FROM sbtest2 WHERE id BETWEEN 4413875 AND 4413975
	Index Only Scan using sbtest2_pkey on sbtest2  (cost=0.43..6.43 rows=100 width=4)
	  Index Cond: ((id >= 4413875) AND (id <= 4413975))

table 3 : explain SELECT id FROM sbtest3 WHERE id BETWEEN 4413875 AND 4413975
	Index Only Scan using sbtest3_pkey on sbtest3  (cost=0.43..10.47 rows=102 width=4)
	  Index Cond: ((id >= 4413875) AND (id <= 4413975))

table 4 : explain SELECT id FROM sbtest4 WHERE id BETWEEN 4413875 AND 4413975
	Index Only Scan using sbtest4_pkey on sbtest4  (cost=0.43..6.56 rows=106 width=4)
	  Index Cond: ((id >= 4413875) AND (id <= 4413975))

table 5 : explain SELECT id FROM sbtest5 WHERE id BETWEEN 4413875 AND 4413975
	Index Only Scan using sbtest5_pkey on sbtest5  (cost=0.43..6.56 rows=106 width=4)
	  Index Cond: ((id >= 4413875) AND (id <= 4413975))

table 6 : explain SELECT id FROM sbtest6 WHERE id BETWEEN 4413875 AND 4413975
	Index Only Scan using sbtest6_pkey on sbtest6  (cost=0.43..6.35 rows=96 width=4)
	  Index Cond: ((id >= 4413875) AND (id <= 4413975))

table 7 : explain SELECT id FROM sbtest7 WHERE id BETWEEN 4413875 AND 4413975
	Index Only Scan using sbtest7_pkey on sbtest7  (cost=0.43..6.51 rows=104 width=4)
	  Index Cond: ((id >= 4413875) AND (id <= 4413975))

table 8 : explain SELECT id FROM sbtest8 WHERE id BETWEEN 4413875 AND 4413975
	Index Only Scan using sbtest8_pkey on sbtest8  (cost=0.43..6.43 rows=100 width=4)
	  Index Cond: ((id >= 4413875) AND (id <= 4413975))

explain: for range-covered :: explain SELECT id FROM sbtest%d WHERE id BETWEEN 4413875 AND 4413975
for range-covered
table 1 : explain SELECT id FROM sbtest1 WHERE id BETWEEN 4413875 AND 4413975
	Index Only Scan using sbtest1_pkey on sbtest1  (cost=0.43..6.27 rows=92 width=4)
	  Index Cond: ((id >= 4413875) AND (id <= 4413975))

table 2 : explain SELECT id FROM sbtest2 WHERE id BETWEEN 4413875 AND 4413975
	Index Only Scan using sbtest2_pkey on sbtest2  (cost=0.43..6.43 rows=100 width=4)
	  Index Cond: ((id >= 4413875) AND (id <= 4413975))

table 3 : explain SELECT id FROM sbtest3 WHERE id BETWEEN 4413875 AND 4413975
	Index Only Scan using sbtest3_pkey on sbtest3  (cost=0.43..10.47 rows=102 width=4)
	  Index Cond: ((id >= 4413875) AND (id <= 4413975))

table 4 : explain SELECT id FROM sbtest4 WHERE id BETWEEN 4413875 AND 4413975
	Index Only Scan using sbtest4_pkey on sbtest4  (cost=0.43..6.56 rows=106 width=4)
	  Index Cond: ((id >= 4413875) AND (id <= 4413975))

table 5 : explain SELECT id FROM sbtest5 WHERE id BETWEEN 4413875 AND 4413975
	Index Only Scan using sbtest5_pkey on sbtest5  (cost=0.43..6.56 rows=106 width=4)
	  Index Cond: ((id >= 4413875) AND (id <= 4413975))

table 6 : explain SELECT id FROM sbtest6 WHERE id BETWEEN 4413875 AND 4413975
	Index Only Scan using sbtest6_pkey on sbtest6  (cost=0.43..6.35 rows=96 width=4)
	  Index Cond: ((id >= 4413875) AND (id <= 4413975))

table 7 : explain SELECT id FROM sbtest7 WHERE id BETWEEN 4413875 AND 4413975
	Index Only Scan using sbtest7_pkey on sbtest7  (cost=0.43..6.51 rows=104 width=4)
	  Index Cond: ((id >= 4413875) AND (id <= 4413975))

table 8 : explain SELECT id FROM sbtest8 WHERE id BETWEEN 4413875 AND 4413975
	Index Only Scan using sbtest8_pkey on sbtest8  (cost=0.43..6.43 rows=100 width=4)
	  Index Cond: ((id >= 4413875) AND (id <= 4413975))

explain: for range-covered :: explain SELECT id FROM sbtest%d WHERE id BETWEEN 4413875 AND 4413975
for range-covered
table 1 : explain SELECT id FROM sbtest1 WHERE id BETWEEN 4413875 AND 4413975
	Index Only Scan using sbtest1_pkey on sbtest1  (cost=0.43..6.27 rows=92 width=4)
	  Index Cond: ((id >= 4413875) AND (id <= 4413975))

table 2 : explain SELECT id FROM sbtest2 WHERE id BETWEEN 4413875 AND 4413975
	Index Only Scan using sbtest2_pkey on sbtest2  (cost=0.43..6.43 rows=100 width=4)
	  Index Cond: ((id >= 4413875) AND (id <= 4413975))

table 3 : explain SELECT id FROM sbtest3 WHERE id BETWEEN 4413875 AND 4413975
	Index Only Scan using sbtest3_pkey on sbtest3  (cost=0.43..10.47 rows=102 width=4)
	  Index Cond: ((id >= 4413875) AND (id <= 4413975))

table 4 : explain SELECT id FROM sbtest4 WHERE id BETWEEN 4413875 AND 4413975
	Index Only Scan using sbtest4_pkey on sbtest4  (cost=0.43..6.56 rows=106 width=4)
	  Index Cond: ((id >= 4413875) AND (id <= 4413975))

table 5 : explain SELECT id FROM sbtest5 WHERE id BETWEEN 4413875 AND 4413975
	Index Only Scan using sbtest5_pkey on sbtest5  (cost=0.43..6.56 rows=106 width=4)
	  Index Cond: ((id >= 4413875) AND (id <= 4413975))

table 6 : explain SELECT id FROM sbtest6 WHERE id BETWEEN 4413875 AND 4413975
	Index Only Scan using sbtest6_pkey on sbtest6  (cost=0.43..6.35 rows=96 width=4)
	  Index Cond: ((id >= 4413875) AND (id <= 4413975))

table 7 : explain SELECT id FROM sbtest7 WHERE id BETWEEN 4413875 AND 4413975
	Index Only Scan using sbtest7_pkey on sbtest7  (cost=0.43..6.51 rows=104 width=4)
	  Index Cond: ((id >= 4413875) AND (id <= 4413975))

table 8 : explain SELECT id FROM sbtest8 WHERE id BETWEEN 4413875 AND 4413975
	Index Only Scan using sbtest8_pkey on sbtest8  (cost=0.43..6.43 rows=100 width=4)
	  Index Cond: ((id >= 4413875) AND (id <= 4413975))

explain: for range-covered :: explain SELECT id FROM sbtest%d WHERE id BETWEEN 4413875 AND 4413975
for range-covered
table 1 : explain SELECT id FROM sbtest1 WHERE id BETWEEN 4413875 AND 4413975
	Index Only Scan using sbtest1_pkey on sbtest1  (cost=0.43..6.27 rows=92 width=4)
	  Index Cond: ((id >= 4413875) AND (id <= 4413975))

table 2 : explain SELECT id FROM sbtest2 WHERE id BETWEEN 4413875 AND 4413975
	Index Only Scan using sbtest2_pkey on sbtest2  (cost=0.43..6.43 rows=100 width=4)
	  Index Cond: ((id >= 4413875) AND (id <= 4413975))

table 3 : explain SELECT id FROM sbtest3 WHERE id BETWEEN 4413875 AND 4413975
	Index Only Scan using sbtest3_pkey on sbtest3  (cost=0.43..10.47 rows=102 width=4)
	  Index Cond: ((id >= 4413875) AND (id <= 4413975))

table 4 : explain SELECT id FROM sbtest4 WHERE id BETWEEN 4413875 AND 4413975
	Index Only Scan using sbtest4_pkey on sbtest4  (cost=0.43..6.56 rows=106 width=4)
	  Index Cond: ((id >= 4413875) AND (id <= 4413975))

table 5 : explain SELECT id FROM sbtest5 WHERE id BETWEEN 4413875 AND 4413975
	Index Only Scan using sbtest5_pkey on sbtest5  (cost=0.43..6.56 rows=106 width=4)
	  Index Cond: ((id >= 4413875) AND (id <= 4413975))

table 6 : explain SELECT id FROM sbtest6 WHERE id BETWEEN 4413875 AND 4413975
	Index Only Scan using sbtest6_pkey on sbtest6  (cost=0.43..6.35 rows=96 width=4)
	  Index Cond: ((id >= 4413875) AND (id <= 4413975))

table 7 : explain SELECT id FROM sbtest7 WHERE id BETWEEN 4413875 AND 4413975
	Index Only Scan using sbtest7_pkey on sbtest7  (cost=0.43..6.51 rows=104 width=4)
	  Index Cond: ((id >= 4413875) AND (id <= 4413975))

table 8 : explain SELECT id FROM sbtest8 WHERE id BETWEEN 4413875 AND 4413975
	Index Only Scan using sbtest8_pkey on sbtest8  (cost=0.43..6.43 rows=100 width=4)
	  Index Cond: ((id >= 4413875) AND (id <= 4413975))

explain: for range-covered :: explain SELECT id FROM sbtest%d WHERE id BETWEEN 4413875 AND 4413975
for range-covered
table 1 : explain SELECT id FROM sbtest1 WHERE id BETWEEN 4413875 AND 4413975
	Index Only Scan using sbtest1_pkey on sbtest1  (cost=0.43..6.27 rows=92 width=4)
	  Index Cond: ((id >= 4413875) AND (id <= 4413975))

table 2 : explain SELECT id FROM sbtest2 WHERE id BETWEEN 4413875 AND 4413975
	Index Only Scan using sbtest2_pkey on sbtest2  (cost=0.43..6.43 rows=100 width=4)
	  Index Cond: ((id >= 4413875) AND (id <= 4413975))

table 3 : explain SELECT id FROM sbtest3 WHERE id BETWEEN 4413875 AND 4413975
	Index Only Scan using sbtest3_pkey on sbtest3  (cost=0.43..10.47 rows=102 width=4)
	  Index Cond: ((id >= 4413875) AND (id <= 4413975))

table 4 : explain SELECT id FROM sbtest4 WHERE id BETWEEN 4413875 AND 4413975
	Index Only Scan using sbtest4_pkey on sbtest4  (cost=0.43..6.56 rows=106 width=4)
	  Index Cond: ((id >= 4413875) AND (id <= 4413975))

table 5 : explain SELECT id FROM sbtest5 WHERE id BETWEEN 4413875 AND 4413975
	Index Only Scan using sbtest5_pkey on sbtest5  (cost=0.43..6.56 rows=106 width=4)
	  Index Cond: ((id >= 4413875) AND (id <= 4413975))

table 6 : explain SELECT id FROM sbtest6 WHERE id BETWEEN 4413875 AND 4413975
	Index Only Scan using sbtest6_pkey on sbtest6  (cost=0.43..6.35 rows=96 width=4)
	  Index Cond: ((id >= 4413875) AND (id <= 4413975))

table 7 : explain SELECT id FROM sbtest7 WHERE id BETWEEN 4413875 AND 4413975
	Index Only Scan using sbtest7_pkey on sbtest7  (cost=0.43..6.51 rows=104 width=4)
	  Index Cond: ((id >= 4413875) AND (id <= 4413975))

table 8 : explain SELECT id FROM sbtest8 WHERE id BETWEEN 4413875 AND 4413975
	Index Only Scan using sbtest8_pkey on sbtest8  (cost=0.43..6.43 rows=100 width=4)
	  Index Cond: ((id >= 4413875) AND (id <= 4413975))

Threads started!

Warming up for 5 seconds...

SQL statistics:
    queries performed:
        read:                            254060660
        write:                           0
        other:                           0
        total:                           254060660
    transactions:                        254060660 (403267.21 per sec.)
    queries:                             254060660 (403267.21 per sec.)
    ignored errors:                      0      (0.00 per sec.)
    reconnects:                          0      (0.00 per sec.)

Throughput:
    events/s (eps):                      403267.2071
    time elapsed:                        630.0059s
    total number of events:              254060660

Latency (ms):
         min:                                    0.07
         avg:                                    0.10
         max:                                   12.12
         95th percentile:                        0.11
         sum:                             25120629.62

Threads fairness:
    events (avg/stddev):           6351510.5250/33106.04
    execution time (avg/stddev):   628.0157/0.08

